PROJECT: ccpay
CSV: C:\Users\g3 15\Desktop\v9\GHAminer-main\src\project_combine\ccpay_wf6192976_fixed.csv
[FEATURES] initial=88 kept=53
Kept features:
['workflow_event_trigger', 'issuer_name', 'gh_files_added', 'gh_files_deleted', 'gh_tests_deleted', 'gh_src_churn', 'gh_is_pr', 'gh_src_files', 'gh_doc_files', 'git_commits', 'gh_team_size_last_3_month', 'gh_num_pr_comments', 'gh_test_lines_per_kloc', 'docker_compose_changed', 'hour', 'dow', 'month', 'secs_since_prev', 'duration_lag_1', 'duration_lag_3', 'duration_lag_4', 'duration_lag_5', 'duration_lag_6', 'duration_lag_7', 'window_avg_7', 'window_std_7', 'window_std_3', 'ft___gradle__', 'ft___java__', 'ft___json__', 'ft___properties__', 'ft___tf_', 'ft___tfvars_', 'ft___tfvars__', 'ft___xml__', 'ft___yml_', 'ft___yml__', 'ft____config_', 'ft____gradle_', 'ft____gradle__', 'ft____java_', 'ft____java__', 'ft____properties_', 'ft____properties__', 'ft____tf_', 'ft____tf__', 'ft____tfvars_', 'ft____tfvars__', 'ft____xml_', 'ft____yaml_', 'ft____yaml__', 'ft____yml_', 'ft___']
----------------------------------------------------------------------------------------------------

ITERATION 1 (Test Fold 7)
--------------------------------------------------------------------------------
RF | OLD(train 1-5) -> test fold 7 | RMSE=27.910258 NRMSE=1.122589 R2=-0.271983 CVRMSE=0.080867
RF | RECENT(train 2-6) -> test fold 7 | RMSE=31.082413 NRMSE=1.250177 R2=-0.577550 CVRMSE=0.090058
LGBM | OLD(train 1-5) -> test fold 7 | RMSE=30.622100 NRMSE=1.231663 R2=-0.531170 CVRMSE=0.088724
LGBM | RECENT(train 2-6) -> test fold 7 | RMSE=34.793334 NRMSE=1.399435 R2=-0.976722 CVRMSE=0.100810
XGB | OLD(train 1-5) -> test fold 7 | RMSE=31.219769 NRMSE=1.255702 R2=-0.591523 CVRMSE=0.090456
XGB | RECENT(train 2-6) -> test fold 7 | RMSE=37.372687 NRMSE=1.503180 R2=-1.280669 CVRMSE=0.108283
GBR | OLD(train 1-5) -> test fold 7 | RMSE=30.469665 NRMSE=1.225531 R2=-0.515964 CVRMSE=0.088282
GBR | RECENT(train 2-6) -> test fold 7 | RMSE=32.913708 NRMSE=1.323834 R2=-0.768916 CVRMSE=0.095364

ITERATION 2 (Test Fold 8)
--------------------------------------------------------------------------------
RF | OLD(train 1-5) -> test fold 8 | RMSE=37.376953 NRMSE=1.316769 R2=-0.750084 CVRMSE=0.110100
RF | RECENT(train 3-7) -> test fold 8 | RMSE=31.674512 NRMSE=1.115875 R2=-0.256814 CVRMSE=0.093303
LGBM | OLD(train 1-5) -> test fold 8 | RMSE=34.436398 NRMSE=1.213175 R2=-0.485548 CVRMSE=0.101438
LGBM | RECENT(train 3-7) -> test fold 8 | RMSE=31.708906 NRMSE=1.117087 R2=-0.259545 CVRMSE=0.093404
XGB | OLD(train 1-5) -> test fold 8 | RMSE=39.114308 NRMSE=1.377975 R2=-0.916560 CVRMSE=0.115218
XGB | RECENT(train 3-7) -> test fold 8 | RMSE=34.763391 NRMSE=1.224694 R2=-0.513894 CVRMSE=0.102401
GBR | OLD(train 1-5) -> test fold 8 | RMSE=34.521638 NRMSE=1.216178 R2=-0.492911 CVRMSE=0.101689
GBR | RECENT(train 3-7) -> test fold 8 | RMSE=32.600405 NRMSE=1.148494 R2=-0.331365 CVRMSE=0.096030

ITERATION 3 (Test Fold 9)
--------------------------------------------------------------------------------
RF | OLD(train 1-5) -> test fold 9 | RMSE=36.974885 NRMSE=1.476020 R2=-1.198995 CVRMSE=0.110035
RF | RECENT(train 4-8) -> test fold 9 | RMSE=25.248601 NRMSE=1.007912 R2=-0.025381 CVRMSE=0.075138
LGBM | OLD(train 1-5) -> test fold 9 | RMSE=33.937275 NRMSE=1.354760 R2=-0.852527 CVRMSE=0.100995
LGBM | RECENT(train 4-8) -> test fold 9 | RMSE=25.781801 NRMSE=1.029197 R2=-0.069146 CVRMSE=0.076725
XGB | OLD(train 1-5) -> test fold 9 | RMSE=34.862208 NRMSE=1.391683 R2=-0.954881 CVRMSE=0.103748
XGB | RECENT(train 4-8) -> test fold 9 | RMSE=26.552120 NRMSE=1.059948 R2=-0.133990 CVRMSE=0.079018
GBR | OLD(train 1-5) -> test fold 9 | RMSE=34.376395 NRMSE=1.372289 R2=-0.900777 CVRMSE=0.102302
GBR | RECENT(train 4-8) -> test fold 9 | RMSE=26.306660 NRMSE=1.050149 R2=-0.113120 CVRMSE=0.078287

ITERATION 4 (Test Fold 10)
--------------------------------------------------------------------------------
RF | OLD(train 1-5) -> test fold 10 | RMSE=36.975733 NRMSE=1.529283 R2=-1.360562 CVRMSE=0.110967
RF | RECENT(train 5-9) -> test fold 10 | RMSE=24.940018 NRMSE=1.031496 R2=-0.073928 CVRMSE=0.074847
LGBM | OLD(train 1-5) -> test fold 10 | RMSE=33.318684 NRMSE=1.378030 R2=-0.916715 CVRMSE=0.099992
LGBM | RECENT(train 5-9) -> test fold 10 | RMSE=26.143491 NRMSE=1.081271 R2=-0.180073 CVRMSE=0.078459
XGB | OLD(train 1-5) -> test fold 10 | RMSE=35.270669 NRMSE=1.458763 R2=-1.147876 CVRMSE=0.105850
XGB | RECENT(train 5-9) -> test fold 10 | RMSE=26.441764 NRMSE=1.093607 R2=-0.207154 CVRMSE=0.079354
GBR | OLD(train 1-5) -> test fold 10 | RMSE=32.417087 NRMSE=1.340741 R2=-0.814387 CVRMSE=0.097286
GBR | RECENT(train 5-9) -> test fold 10 | RMSE=25.173866 NRMSE=1.041168 R2=-0.094162 CVRMSE=0.075549

====================================================================================================
Mann–Whitney U tests (OLD vs RECENT) using the 4 runs per group
====================================================================================================
RF   | RMSE   | old=[27.910258203086606, 37.37695268031714, 36.974884869477435, 36.97573330853228] recent=[31.08241292947699, 31.674511864460545, 25.248601116365503, 24.940017523531814] | p=0.114 | d=+0.750(large)
RF   | NRMSE  | old=[1.1225886275814536, 1.316768697916492, 1.4760196854626577, 1.5292825427886165] recent=[1.2501770144341695, 1.115874964490345, 1.0079120573249973, 1.0314963356461244] | p=0.0571 | d=+0.875(large)
RF   | R2     | old=[-0.2719828457170359, -0.7500842879604768, -1.1989951783393882, -1.360562152646971] recent=[-0.5775495073019596, -0.2568141040060141, -0.025380983668408685, -0.07392847260513324] | p=0.0571 | d=-0.875(large)
RF   | CVRMSE | old=[0.08086674408942597, 0.11010012244911224, 0.11003520338110173, 0.1109672714402836] recent=[0.09005769540934982, 0.09330262059136316, 0.07513843433819609, 0.07484708068306432] | p=0.114 | d=+0.750(large)
LGBM | RMSE   | old=[30.622099931708508, 34.43639797412675, 33.93727472748107, 33.31868433370348] recent=[34.793334107806444, 31.70890631742245, 25.781800741680954, 26.143491143626918] | p=0.486 | d=+0.375(medium)
LGBM | NRMSE  | old=[1.2316625982412845, 1.2131746348921526, 1.354759744230256, 1.3780303388454926] recent=[1.3994353223412999, 1.1170866614264103, 1.0291971308559928, 1.0812709048902553] | p=0.343 | d=+0.500(large)
LGBM | R2     | old=[-0.5311702582981213, -0.48554776665921895, -0.852526992293247, -0.9167149756644051] recent=[-0.9767222047942221, -0.2595450634278016, -0.06914623635063943, -0.180073375087072] | p=0.343 | d=-0.500(large)
LGBM | CVRMSE | old=[0.08872399175384356, 0.10143822226722914, 0.1009954443406893, 0.09999216128157322] recent=[0.10080966019163234, 0.09340393525751758, 0.07672520680338218, 0.07845880577741147] | p=0.2 | d=+0.625(large)
XGB  | RMSE   | old=[31.219768907867664, 39.11430759164524, 34.86220764543306, 35.27066870607279] recent=[37.37268748159453, 34.76339076757629, 26.552120438577273, 26.441764322919393] | p=0.343 | d=+0.500(large)
XGB  | NRMSE  | old=[1.2557016591060215, 1.3779747192841207, 1.3916826230829913, 1.4587626288463984] recent=[1.5031804307834762, 1.2246944042682517, 1.059947924015519, 1.0936072110364483] | p=0.343 | d=+0.500(large)
XGB  | R2     | old=[-0.5915229805758355, -0.9165602552757415, -0.9548812759462129, -1.1478761494433303] recent=[-1.2806687103641394, -0.5138939201435941, -0.1339895044437316, -0.20715408466672192] | p=0.343 | d=-0.500(large)
XGB  | CVRMSE | old=[0.09045566846545157, 0.11521779456408701, 0.10374799332360007, 0.10585022981231726] recent=[0.10828303817604853, 0.10240143472884136, 0.07901763542934462, 0.0793539485612942] | p=0.343 | d=+0.500(large)
GBR  | RMSE   | old=[30.469664599765043, 34.52163755217107, 34.37639463962563, 32.41708683324857] recent=[32.91370829475431, 32.60040522747558, 26.306659672352602, 25.173865540374567] | p=0.343 | d=+0.500(large)
GBR  | NRMSE  | old=[1.2255314414158558, 1.2161775765485354, 1.3722892006948804, 1.3407410900681225] recent=[1.3238342101449418, 1.1484936589156092, 1.0501492478537051, 1.0411680759423698] | p=0.114 | d=+0.750(large)
GBR  | R2     | old=[-0.5159640177670384, -0.4929111490798377, -0.9007774414685015, -0.8143865460231987] recent=[-0.768915866566438, -0.3313651395653392, -0.11312011045712, -0.09416209285089683] | p=0.114 | d=-0.750(large)
GBR  | CVRMSE | old=[0.08828232801541581, 0.10168930983074613, 0.1023022408056975, 0.0972863916967473] recent=[0.09536366186005271, 0.09602999576061974, 0.07828715782464195, 0.07554887816045942] | p=0.114 | d=+0.750(large)
