=== BASELINE (project=m2os, last-7 mean, expanding folds) ===
Iter1: train folds 1..5 -> test fold 6  RMSE=975.9472  NRMSE=1.0243  CVRMSE=0.4191  R²=-0.0678
Iter2: train folds 1..6 -> test fold 7  RMSE=1171.3455  NRMSE=0.9980  CVRMSE=0.4700  R²=-0.0137
Iter3: train folds 1..7 -> test fold 8  RMSE=876.9831  NRMSE=0.9642  CVRMSE=0.3658  R²=0.0538
Iter4: train folds 1..8 -> test fold 9  RMSE=948.5572  NRMSE=0.8712  CVRMSE=0.3736  R²=0.2274
Iter5: train folds 1..9 -> test fold 10  RMSE=1778.6159  NRMSE=1.1259  CVRMSE=0.6361  R²=-0.2902
--------------------------------------------------
[FEATURES] initial=73 kept_after_screening=44
['workflow_event_trigger', 'issuer_name', 'gh_files_added', 'gh_files_deleted', 'gh_files_modified', 'gh_tests_deleted', 'gh_is_pr', 'gh_description_complexity', 'gh_src_files', 'gh_doc_files', 'git_num_committers', 'total_jobs', 'gh_team_size_last_3_month', 'gh_commits_on_files_touched', 'gh_num_pr_comments', 'gh_test_lines_per_kloc', 'workflow_size', 'hour', 'dow', 'month', 'secs_since_prev', 'duration_lag_1', 'duration_lag_2', 'duration_lag_6', 'duration_lag_7', 'window_avg_7', 'window_std_7', 'window_std_4', 'ft___json5_', 'ft___json5__', 'ft___sh_', 'ft___sh__', 'ft___yml____dup1', 'ft____cosmic_', 'ft____json__', 'ft____json5_', 'ft____json5__', 'ft____pub_', 'ft____py_', 'ft____py__', 'ft____sh_', 'ft____sh__', 'ft____yml__', 'ft___']
--------------------------------------------------------------------------------
[GA][Iter1] Gen:1 Ind:1 RMSE(val)=588.890902
[GA][Iter1] Gen:1 Ind:2 RMSE(val)=676.994626
[GA][Iter1] Gen:1 Ind:3 RMSE(val)=559.767932
[GA][Iter1] Gen:1 Ind:4 RMSE(val)=666.332696
[GA][Iter1] Gen:1 Ind:5 RMSE(val)=567.398291
[GA][Iter1] Gen:1 Ind:6 RMSE(val)=641.320783
[GA][Iter1] Gen:1 Ind:7 RMSE(val)=587.307895
[GA][Iter1] Gen:1 Ind:8 RMSE(val)=722.337758
[GA][Iter1] Gen:1 Ind:9 RMSE(val)=569.554303
[GA][Iter1] Gen:1 Ind:10 RMSE(val)=596.138679
[GA][Iter1] Gen:1 Ind:11 RMSE(val)=799.745844
[GA][Iter1] Gen:1 Ind:12 RMSE(val)=593.275174
[GA][Iter1] Gen:1 Ind:13 RMSE(val)=525.303737
[GA][Iter1] Gen:1 Ind:14 RMSE(val)=577.742475
[GA][Iter1] Gen:1 Ind:15 RMSE(val)=621.926531
[GA][Iter1] Gen:1 Ind:16 RMSE(val)=654.530304
[GA][Iter1] Gen:1 Ind:17 RMSE(val)=524.333017
[GA][Iter1] Gen:1 Ind:18 RMSE(val)=563.780614
[GA][Iter1] Gen:1 Ind:19 RMSE(val)=948.155222
[GA][Iter1] Gen:1 Ind:20 RMSE(val)=638.956559
[GA][Iter1] gen=1 best_val_rmse=524.333017
[GA][Iter1] Gen:2 Ind:1 RMSE(val)=524.333017
[GA][Iter1] Gen:2 Ind:2 RMSE(val)=525.303737
[GA][Iter1] Gen:2 Ind:3 RMSE(val)=559.767932
[GA][Iter1] Gen:2 Ind:4 RMSE(val)=563.780614
[GA][Iter1] Gen:2 Ind:5 RMSE(val)=567.398291
[GA][Iter1] Gen:2 Ind:6 RMSE(val)=569.554303
[GA][Iter1] Gen:2 Ind:7 RMSE(val)=577.742475
[GA][Iter1] Gen:2 Ind:8 RMSE(val)=587.307895
[GA][Iter1] Gen:2 Ind:9 RMSE(val)=588.890902
[GA][Iter1] Gen:2 Ind:10 RMSE(val)=593.275174
[GA][Iter1] Gen:2 Ind:11 RMSE(val)=578.895467
[GA][Iter1] Gen:2 Ind:12 RMSE(val)=716.408049
[GA][Iter1] Gen:2 Ind:13 RMSE(val)=803.256355
[GA][Iter1] Gen:2 Ind:14 RMSE(val)=870.063300
[GA][Iter1] Gen:2 Ind:15 RMSE(val)=652.930928
[GA][Iter1] Gen:2 Ind:16 RMSE(val)=584.958987
[GA][Iter1] Gen:2 Ind:17 RMSE(val)=565.920409
[GA][Iter1] Gen:2 Ind:18 RMSE(val)=677.071096
[GA][Iter1] Gen:2 Ind:19 RMSE(val)=515.327761
[GA][Iter1] Gen:2 Ind:20 RMSE(val)=549.716050
[GA][Iter1] gen=2 best_val_rmse=515.327761
[GA][Iter1] Gen:3 Ind:1 RMSE(val)=515.327761
[GA][Iter1] Gen:3 Ind:2 RMSE(val)=524.333017
[GA][Iter1] Gen:3 Ind:3 RMSE(val)=525.303737
[GA][Iter1] Gen:3 Ind:4 RMSE(val)=549.716050
[GA][Iter1] Gen:3 Ind:5 RMSE(val)=559.767932
[GA][Iter1] Gen:3 Ind:6 RMSE(val)=563.780614
[GA][Iter1] Gen:3 Ind:7 RMSE(val)=565.920409
[GA][Iter1] Gen:3 Ind:8 RMSE(val)=567.398291
[GA][Iter1] Gen:3 Ind:9 RMSE(val)=569.554303
[GA][Iter1] Gen:3 Ind:10 RMSE(val)=577.742475
[GA][Iter1] Gen:3 Ind:11 RMSE(val)=528.173929
[GA][Iter1] Gen:3 Ind:12 RMSE(val)=579.780308
[GA][Iter1] Gen:3 Ind:13 RMSE(val)=721.106857
[GA][Iter1] Gen:3 Ind:14 RMSE(val)=565.920409
[GA][Iter1] Gen:3 Ind:15 RMSE(val)=560.139355
[GA][Iter1] Gen:3 Ind:16 RMSE(val)=563.780614
[GA][Iter1] Gen:3 Ind:17 RMSE(val)=551.800903
[GA][Iter1] Gen:3 Ind:18 RMSE(val)=563.468083
[GA][Iter1] Gen:3 Ind:19 RMSE(val)=517.300614
[GA][Iter1] Gen:3 Ind:20 RMSE(val)=574.853245
[GA][Iter1] gen=3 best_val_rmse=515.327761
[GA][Iter1] Gen:4 Ind:1 RMSE(val)=515.327761
[GA][Iter1] Gen:4 Ind:2 RMSE(val)=517.300614
[GA][Iter1] Gen:4 Ind:3 RMSE(val)=524.333017
[GA][Iter1] Gen:4 Ind:4 RMSE(val)=525.303737
[GA][Iter1] Gen:4 Ind:5 RMSE(val)=528.173929
[GA][Iter1] Gen:4 Ind:6 RMSE(val)=549.716050
[GA][Iter1] Gen:4 Ind:7 RMSE(val)=551.800903
[GA][Iter1] Gen:4 Ind:8 RMSE(val)=559.767932
[GA][Iter1] Gen:4 Ind:9 RMSE(val)=560.139355
[GA][Iter1] Gen:4 Ind:10 RMSE(val)=563.468083
[GA][Iter1] Gen:4 Ind:11 RMSE(val)=560.188927
[GA][Iter1] Gen:4 Ind:12 RMSE(val)=575.867614
[GA][Iter1] Gen:4 Ind:13 RMSE(val)=586.158488
[GA][Iter1] Gen:4 Ind:14 RMSE(val)=563.518995
[GA][Iter1] Gen:4 Ind:15 RMSE(val)=578.221894
[GA][Iter1] Gen:4 Ind:16 RMSE(val)=544.655406
[GA][Iter1] Gen:4 Ind:17 RMSE(val)=572.777077
[GA][Iter1] Gen:4 Ind:18 RMSE(val)=539.993342
[GA][Iter1] Gen:4 Ind:19 RMSE(val)=563.251828
[GA][Iter1] Gen:4 Ind:20 RMSE(val)=598.157850
[GA][Iter1] gen=4 best_val_rmse=515.327761
[GA][Iter1] Gen:5 Ind:1 RMSE(val)=515.327761
[GA][Iter1] Gen:5 Ind:2 RMSE(val)=517.300614
[GA][Iter1] Gen:5 Ind:3 RMSE(val)=524.333017
[GA][Iter1] Gen:5 Ind:4 RMSE(val)=525.303737
[GA][Iter1] Gen:5 Ind:5 RMSE(val)=528.173929
[GA][Iter1] Gen:5 Ind:6 RMSE(val)=539.993342
[GA][Iter1] Gen:5 Ind:7 RMSE(val)=544.655406
[GA][Iter1] Gen:5 Ind:8 RMSE(val)=549.716050
[GA][Iter1] Gen:5 Ind:9 RMSE(val)=551.800903
[GA][Iter1] Gen:5 Ind:10 RMSE(val)=559.767932
[GA][Iter1] Gen:5 Ind:11 RMSE(val)=959.053884
[GA][Iter1] Gen:5 Ind:12 RMSE(val)=506.797234
[GA][Iter1] Gen:5 Ind:13 RMSE(val)=559.767932
[GA][Iter1] Gen:5 Ind:14 RMSE(val)=721.583218
[GA][Iter1] Gen:5 Ind:15 RMSE(val)=574.591342
[GA][Iter1] Gen:5 Ind:16 RMSE(val)=532.926630
[GA][Iter1] Gen:5 Ind:17 RMSE(val)=545.759690
[GA][Iter1] Gen:5 Ind:18 RMSE(val)=537.889128
[GA][Iter1] Gen:5 Ind:19 RMSE(val)=955.550829
[GA][Iter1] Gen:5 Ind:20 RMSE(val)=584.877327
[GA][Iter1] gen=5 best_val_rmse=506.797234
[GA][Iter1] Gen:6 Ind:1 RMSE(val)=506.797234
[GA][Iter1] Gen:6 Ind:2 RMSE(val)=515.327761
[GA][Iter1] Gen:6 Ind:3 RMSE(val)=517.300614
[GA][Iter1] Gen:6 Ind:4 RMSE(val)=524.333017
[GA][Iter1] Gen:6 Ind:5 RMSE(val)=525.303737
[GA][Iter1] Gen:6 Ind:6 RMSE(val)=528.173929
[GA][Iter1] Gen:6 Ind:7 RMSE(val)=532.926630
[GA][Iter1] Gen:6 Ind:8 RMSE(val)=537.889128
[GA][Iter1] Gen:6 Ind:9 RMSE(val)=539.993342
[GA][Iter1] Gen:6 Ind:10 RMSE(val)=544.655406
[GA][Iter1] Gen:6 Ind:11 RMSE(val)=576.333026
[GA][Iter1] Gen:6 Ind:12 RMSE(val)=546.025866
[GA][Iter1] Gen:6 Ind:13 RMSE(val)=520.134994
[GA][Iter1] Gen:6 Ind:14 RMSE(val)=741.967665
[GA][Iter1] Gen:6 Ind:15 RMSE(val)=561.360327
[GA][Iter1] Gen:6 Ind:16 RMSE(val)=517.160141
[GA][Iter1] Gen:6 Ind:17 RMSE(val)=515.327761
[GA][Iter1] Gen:6 Ind:18 RMSE(val)=528.173929
[GA][Iter1] Gen:6 Ind:19 RMSE(val)=519.229494
[GA][Iter1] Gen:6 Ind:20 RMSE(val)=542.316669
[GA][Iter1] gen=6 best_val_rmse=506.797234
[GA][Iter1] Gen:7 Ind:1 RMSE(val)=506.797234
[GA][Iter1] Gen:7 Ind:2 RMSE(val)=515.327761
[GA][Iter1] Gen:7 Ind:3 RMSE(val)=515.327761
[GA][Iter1] Gen:7 Ind:4 RMSE(val)=517.160141
[GA][Iter1] Gen:7 Ind:5 RMSE(val)=517.300614
[GA][Iter1] Gen:7 Ind:6 RMSE(val)=519.229494
[GA][Iter1] Gen:7 Ind:7 RMSE(val)=520.134994
[GA][Iter1] Gen:7 Ind:8 RMSE(val)=524.333017
[GA][Iter1] Gen:7 Ind:9 RMSE(val)=525.303737
[GA][Iter1] Gen:7 Ind:10 RMSE(val)=528.173929
[GA][Iter1] Gen:7 Ind:11 RMSE(val)=550.391033
[GA][Iter1] Gen:7 Ind:12 RMSE(val)=546.561993
[GA][Iter1] Gen:7 Ind:13 RMSE(val)=517.300576
[GA][Iter1] Gen:7 Ind:14 RMSE(val)=515.327761
[GA][Iter1] Gen:7 Ind:15 RMSE(val)=539.900977
[GA][Iter1] Gen:7 Ind:16 RMSE(val)=532.748452
[GA][Iter1] Gen:7 Ind:17 RMSE(val)=517.160141
[GA][Iter1] Gen:7 Ind:18 RMSE(val)=496.571678
[GA][Iter1] Gen:7 Ind:19 RMSE(val)=517.160141
[GA][Iter1] Gen:7 Ind:20 RMSE(val)=563.484089
[GA][Iter1] gen=7 best_val_rmse=496.571678
[GA][Iter1] Gen:8 Ind:1 RMSE(val)=496.571678
[GA][Iter1] Gen:8 Ind:2 RMSE(val)=506.797234
[GA][Iter1] Gen:8 Ind:3 RMSE(val)=515.327761
[GA][Iter1] Gen:8 Ind:4 RMSE(val)=515.327761
[GA][Iter1] Gen:8 Ind:5 RMSE(val)=515.327761
[GA][Iter1] Gen:8 Ind:6 RMSE(val)=517.160141
[GA][Iter1] Gen:8 Ind:7 RMSE(val)=517.160141
[GA][Iter1] Gen:8 Ind:8 RMSE(val)=517.160141
[GA][Iter1] Gen:8 Ind:9 RMSE(val)=517.300576
[GA][Iter1] Gen:8 Ind:10 RMSE(val)=517.300614
[GA][Iter1] Gen:8 Ind:11 RMSE(val)=517.160141
[GA][Iter1] Gen:8 Ind:12 RMSE(val)=592.021183
[GA][Iter1] Gen:8 Ind:13 RMSE(val)=559.226676
[GA][Iter1] Gen:8 Ind:14 RMSE(val)=648.308210
[GA][Iter1] Gen:8 Ind:15 RMSE(val)=559.226676
[GA][Iter1] Gen:8 Ind:16 RMSE(val)=541.580377
[GA][Iter1] Gen:8 Ind:17 RMSE(val)=515.327761
[GA][Iter1] Gen:8 Ind:18 RMSE(val)=495.275506
[GA][Iter1] Gen:8 Ind:19 RMSE(val)=517.160141
[GA][Iter1] Gen:8 Ind:20 RMSE(val)=533.672589
[GA][Iter1] gen=8 best_val_rmse=495.275506
[GA][Iter1] Gen:9 Ind:1 RMSE(val)=495.275506
[GA][Iter1] Gen:9 Ind:2 RMSE(val)=496.571678
[GA][Iter1] Gen:9 Ind:3 RMSE(val)=506.797234
[GA][Iter1] Gen:9 Ind:4 RMSE(val)=515.327761
[GA][Iter1] Gen:9 Ind:5 RMSE(val)=515.327761
[GA][Iter1] Gen:9 Ind:6 RMSE(val)=515.327761
[GA][Iter1] Gen:9 Ind:7 RMSE(val)=515.327761
[GA][Iter1] Gen:9 Ind:8 RMSE(val)=517.160141
[GA][Iter1] Gen:9 Ind:9 RMSE(val)=517.160141
[GA][Iter1] Gen:9 Ind:10 RMSE(val)=517.160141
[GA][Iter1] Gen:9 Ind:11 RMSE(val)=592.011374
[GA][Iter1] Gen:9 Ind:12 RMSE(val)=578.679682
[GA][Iter1] Gen:9 Ind:13 RMSE(val)=578.679682
[GA][Iter1] Gen:9 Ind:14 RMSE(val)=533.795932
[GA][Iter1] Gen:9 Ind:15 RMSE(val)=515.327761
[GA][Iter1] Gen:9 Ind:16 RMSE(val)=536.954209
[GA][Iter1] Gen:9 Ind:17 RMSE(val)=515.327761
[GA][Iter1] Gen:9 Ind:18 RMSE(val)=554.313514
[GA][Iter1] Gen:9 Ind:19 RMSE(val)=515.327761
[GA][Iter1] Gen:9 Ind:20 RMSE(val)=515.327761
[GA][Iter1] gen=9 best_val_rmse=495.275506
[GA][Iter1] Gen:10 Ind:1 RMSE(val)=495.275506
[GA][Iter1] Gen:10 Ind:2 RMSE(val)=496.571678
[GA][Iter1] Gen:10 Ind:3 RMSE(val)=506.797234
[GA][Iter1] Gen:10 Ind:4 RMSE(val)=515.327761
[GA][Iter1] Gen:10 Ind:5 RMSE(val)=515.327761
[GA][Iter1] Gen:10 Ind:6 RMSE(val)=515.327761
[GA][Iter1] Gen:10 Ind:7 RMSE(val)=515.327761
[GA][Iter1] Gen:10 Ind:8 RMSE(val)=515.327761
[GA][Iter1] Gen:10 Ind:9 RMSE(val)=515.327761
[GA][Iter1] Gen:10 Ind:10 RMSE(val)=515.327761
[GA][Iter1] Gen:10 Ind:11 RMSE(val)=540.137070
[GA][Iter1] Gen:10 Ind:12 RMSE(val)=515.327761
[GA][Iter1] Gen:10 Ind:13 RMSE(val)=515.327761
[GA][Iter1] Gen:10 Ind:14 RMSE(val)=506.797234
[GA][Iter1] Gen:10 Ind:15 RMSE(val)=592.021183
[GA][Iter1] Gen:10 Ind:16 RMSE(val)=592.021183
[GA][Iter1] Gen:10 Ind:17 RMSE(val)=515.327761
[GA][Iter1] Gen:10 Ind:18 RMSE(val)=515.327761
[GA][Iter1] Gen:10 Ind:19 RMSE(val)=515.327761
[GA][Iter1] Gen:10 Ind:20 RMSE(val)=523.571828
[GA][Iter1] gen=10 best_val_rmse=495.275506
[GA][Iter1] Gen:11 Ind:1 RMSE(val)=495.275506
[GA][Iter1] Gen:11 Ind:2 RMSE(val)=496.571678
[GA][Iter1] Gen:11 Ind:3 RMSE(val)=506.797234
[GA][Iter1] Gen:11 Ind:4 RMSE(val)=506.797234
[GA][Iter1] Gen:11 Ind:5 RMSE(val)=515.327761
[GA][Iter1] Gen:11 Ind:6 RMSE(val)=515.327761
[GA][Iter1] Gen:11 Ind:7 RMSE(val)=515.327761
[GA][Iter1] Gen:11 Ind:8 RMSE(val)=515.327761
[GA][Iter1] Gen:11 Ind:9 RMSE(val)=515.327761
[GA][Iter1] Gen:11 Ind:10 RMSE(val)=515.327761
[GA][Iter1] Gen:11 Ind:11 RMSE(val)=521.932402
[GA][Iter1] Gen:11 Ind:12 RMSE(val)=515.327761
[GA][Iter1] Gen:11 Ind:13 RMSE(val)=496.571678
[GA][Iter1] Gen:11 Ind:14 RMSE(val)=515.327761
[GA][Iter1] Gen:11 Ind:15 RMSE(val)=515.327761
[GA][Iter1] Gen:11 Ind:16 RMSE(val)=496.571678
[GA][Iter1] Gen:11 Ind:17 RMSE(val)=515.327761
[GA][Iter1] Gen:11 Ind:18 RMSE(val)=526.011107
[GA][Iter1] Gen:11 Ind:19 RMSE(val)=515.327761
[GA][Iter1] Gen:11 Ind:20 RMSE(val)=533.073871
[GA][Iter1] gen=11 best_val_rmse=495.275506
[GA][Iter1] Gen:12 Ind:1 RMSE(val)=495.275506
[GA][Iter1] Gen:12 Ind:2 RMSE(val)=496.571678
[GA][Iter1] Gen:12 Ind:3 RMSE(val)=496.571678
[GA][Iter1] Gen:12 Ind:4 RMSE(val)=496.571678
[GA][Iter1] Gen:12 Ind:5 RMSE(val)=506.797234
[GA][Iter1] Gen:12 Ind:6 RMSE(val)=506.797234
[GA][Iter1] Gen:12 Ind:7 RMSE(val)=515.327761
[GA][Iter1] Gen:12 Ind:8 RMSE(val)=515.327761
[GA][Iter1] Gen:12 Ind:9 RMSE(val)=515.327761
[GA][Iter1] Gen:12 Ind:10 RMSE(val)=515.327761
[GA][Iter1] Gen:12 Ind:11 RMSE(val)=592.021183
[GA][Iter1] Gen:12 Ind:12 RMSE(val)=531.540871
[GA][Iter1] Gen:12 Ind:13 RMSE(val)=484.565990
[GA][Iter1] Gen:12 Ind:14 RMSE(val)=527.653897
[GA][Iter1] Gen:12 Ind:15 RMSE(val)=496.571674
[GA][Iter1] Gen:12 Ind:16 RMSE(val)=506.797234
[GA][Iter1] Gen:12 Ind:17 RMSE(val)=506.797234
[GA][Iter1] Gen:12 Ind:18 RMSE(val)=506.797234
[GA][Iter1] Gen:12 Ind:19 RMSE(val)=715.554154
[GA][Iter1] Gen:12 Ind:20 RMSE(val)=592.021183
[GA][Iter1] gen=12 best_val_rmse=484.565990
[GA][Iter1] Gen:13 Ind:1 RMSE(val)=484.565990
[GA][Iter1] Gen:13 Ind:2 RMSE(val)=495.275506
[GA][Iter1] Gen:13 Ind:3 RMSE(val)=496.571674
[GA][Iter1] Gen:13 Ind:4 RMSE(val)=496.571678
[GA][Iter1] Gen:13 Ind:5 RMSE(val)=496.571678
[GA][Iter1] Gen:13 Ind:6 RMSE(val)=496.571678
[GA][Iter1] Gen:13 Ind:7 RMSE(val)=506.797234
[GA][Iter1] Gen:13 Ind:8 RMSE(val)=506.797234
[GA][Iter1] Gen:13 Ind:9 RMSE(val)=506.797234
[GA][Iter1] Gen:13 Ind:10 RMSE(val)=506.797234
[GA][Iter1] Gen:13 Ind:11 RMSE(val)=600.385577
[GA][Iter1] Gen:13 Ind:12 RMSE(val)=537.271089
[GA][Iter1] Gen:13 Ind:13 RMSE(val)=509.344145
[GA][Iter1] Gen:13 Ind:14 RMSE(val)=506.797234
[GA][Iter1] Gen:13 Ind:15 RMSE(val)=506.797234
[GA][Iter1] Gen:13 Ind:16 RMSE(val)=506.797234
[GA][Iter1] Gen:13 Ind:17 RMSE(val)=506.797234
[GA][Iter1] Gen:13 Ind:18 RMSE(val)=495.393379
[GA][Iter1] Gen:13 Ind:19 RMSE(val)=496.571674
[GA][Iter1] Gen:13 Ind:20 RMSE(val)=496.571674
[GA][Iter1] gen=13 best_val_rmse=484.565990
[GA][Iter1] Gen:14 Ind:1 RMSE(val)=484.565990
[GA][Iter1] Gen:14 Ind:2 RMSE(val)=495.275506
[GA][Iter1] Gen:14 Ind:3 RMSE(val)=495.393379
[GA][Iter1] Gen:14 Ind:4 RMSE(val)=496.571674
[GA][Iter1] Gen:14 Ind:5 RMSE(val)=496.571674
[GA][Iter1] Gen:14 Ind:6 RMSE(val)=496.571674
[GA][Iter1] Gen:14 Ind:7 RMSE(val)=496.571678
[GA][Iter1] Gen:14 Ind:8 RMSE(val)=496.571678
[GA][Iter1] Gen:14 Ind:9 RMSE(val)=496.571678
[GA][Iter1] Gen:14 Ind:10 RMSE(val)=506.797234
[GA][Iter1] Gen:14 Ind:11 RMSE(val)=496.571674
[GA][Iter1] Gen:14 Ind:12 RMSE(val)=496.571678
[GA][Iter1] Gen:14 Ind:13 RMSE(val)=514.951297
[GA][Iter1] Gen:14 Ind:14 RMSE(val)=496.571674
[GA][Iter1] Gen:14 Ind:15 RMSE(val)=506.797234
[GA][Iter1] Gen:14 Ind:16 RMSE(val)=484.565990
[GA][Iter1] Gen:14 Ind:17 RMSE(val)=496.571676
[GA][Iter1] Gen:14 Ind:18 RMSE(val)=506.796528
[GA][Iter1] Gen:14 Ind:19 RMSE(val)=537.055621
[GA][Iter1] Gen:14 Ind:20 RMSE(val)=495.275506
[GA][Iter1] gen=14 best_val_rmse=484.565990
[GA][Iter1] Gen:15 Ind:1 RMSE(val)=484.565990
[GA][Iter1] Gen:15 Ind:2 RMSE(val)=484.565990
[GA][Iter1] Gen:15 Ind:3 RMSE(val)=495.275506
[GA][Iter1] Gen:15 Ind:4 RMSE(val)=495.275506
[GA][Iter1] Gen:15 Ind:5 RMSE(val)=495.393379
[GA][Iter1] Gen:15 Ind:6 RMSE(val)=496.571674
[GA][Iter1] Gen:15 Ind:7 RMSE(val)=496.571674
[GA][Iter1] Gen:15 Ind:8 RMSE(val)=496.571674
[GA][Iter1] Gen:15 Ind:9 RMSE(val)=496.571674
[GA][Iter1] Gen:15 Ind:10 RMSE(val)=496.571674
[GA][Iter1] Gen:15 Ind:11 RMSE(val)=550.367303
[GA][Iter1] Gen:15 Ind:12 RMSE(val)=506.797234
[GA][Iter1] Gen:15 Ind:13 RMSE(val)=496.571677
[GA][Iter1] Gen:15 Ind:14 RMSE(val)=542.532849
[GA][Iter1] Gen:15 Ind:15 RMSE(val)=588.322560
[GA][Iter1] Gen:15 Ind:16 RMSE(val)=510.219354
[GA][Iter1] Gen:15 Ind:17 RMSE(val)=496.571674
[GA][Iter1] Gen:15 Ind:18 RMSE(val)=496.571674
[GA][Iter1] Gen:15 Ind:19 RMSE(val)=578.679682
[GA][Iter1] Gen:15 Ind:20 RMSE(val)=484.565990
[GA][Iter1] gen=15 best_val_rmse=484.565990
[GA][Iter1] Gen:15 Ind:1 RMSE(val)=484.565990
[GA][Iter1] Gen:15 Ind:2 RMSE(val)=484.565990
[GA][Iter1] Gen:15 Ind:3 RMSE(val)=484.565990
[GA][Iter1] Gen:15 Ind:4 RMSE(val)=495.275506
[GA][Iter1] Gen:15 Ind:5 RMSE(val)=495.275506
[GA][Iter1] Gen:15 Ind:6 RMSE(val)=495.393379
[GA][Iter1] Gen:15 Ind:7 RMSE(val)=496.571674
[GA][Iter1] Gen:15 Ind:8 RMSE(val)=496.571674
[GA][Iter1] Gen:15 Ind:9 RMSE(val)=496.571674
[GA][Iter1] Gen:15 Ind:10 RMSE(val)=496.571674
[GA][Iter1] Gen:15 Ind:11 RMSE(val)=484.586063
[GA][Iter1] Gen:15 Ind:12 RMSE(val)=508.913286
[GA][Iter1] Gen:15 Ind:13 RMSE(val)=619.871866
[GA][Iter1] Gen:15 Ind:14 RMSE(val)=588.322552
[GA][Iter1] Gen:15 Ind:15 RMSE(val)=550.061609
[GA][Iter1] Gen:15 Ind:16 RMSE(val)=496.571677
[GA][Iter1] Gen:15 Ind:17 RMSE(val)=496.571674
[GA][Iter1] Gen:15 Ind:18 RMSE(val)=541.911348
[GA][Iter1] Gen:15 Ind:19 RMSE(val)=495.393379
[GA][Iter1] Gen:15 Ind:20 RMSE(val)=648.308210

[GA DONE][Iter1] Best params on val fold of Iter1
Best val RMSE: 484.565990
Best params: {'n_estimators': 1173, 'learning_rate': 0.0920449290548095, 'max_depth': 3, 'min_samples_split': 14, 'min_samples_leaf': 2, 'subsample': 0.9220183203084857, 'max_features': 'sqrt'}
--------------------------------------------------------------------------------
[RETUNE GA] Iter1: train folds 1..5 -> test fold 6  RMSE=595.436357  NRMSE=0.624910  CVRMSE=0.255677  R2=0.602514
[GA][Iter2] Gen:1 Ind:1 RMSE(val)=595.704909
[GA][Iter2] Gen:1 Ind:2 RMSE(val)=692.554827
[GA][Iter2] Gen:1 Ind:3 RMSE(val)=592.072132
[GA][Iter2] Gen:1 Ind:4 RMSE(val)=611.286665
[GA][Iter2] Gen:1 Ind:5 RMSE(val)=576.066513
[GA][Iter2] Gen:1 Ind:6 RMSE(val)=684.561914
[GA][Iter2] Gen:1 Ind:7 RMSE(val)=604.259543
[GA][Iter2] Gen:1 Ind:8 RMSE(val)=676.619227
[GA][Iter2] Gen:1 Ind:9 RMSE(val)=609.128134
[GA][Iter2] Gen:1 Ind:10 RMSE(val)=620.430517
[GA][Iter2] Gen:1 Ind:11 RMSE(val)=716.566624
[GA][Iter2] Gen:1 Ind:12 RMSE(val)=625.060827
[GA][Iter2] Gen:1 Ind:13 RMSE(val)=643.340603
[GA][Iter2] Gen:1 Ind:14 RMSE(val)=606.764043
[GA][Iter2] Gen:1 Ind:15 RMSE(val)=583.518541
[GA][Iter2] Gen:1 Ind:16 RMSE(val)=657.302057
[GA][Iter2] Gen:1 Ind:17 RMSE(val)=651.055799
[GA][Iter2] Gen:1 Ind:18 RMSE(val)=592.412855
[GA][Iter2] Gen:1 Ind:19 RMSE(val)=965.501926
[GA][Iter2] Gen:1 Ind:20 RMSE(val)=633.638187
[GA][Iter2] gen=1 best_val_rmse=576.066513
[GA][Iter2] Gen:2 Ind:1 RMSE(val)=576.066513
[GA][Iter2] Gen:2 Ind:2 RMSE(val)=583.518541
[GA][Iter2] Gen:2 Ind:3 RMSE(val)=592.072132
[GA][Iter2] Gen:2 Ind:4 RMSE(val)=592.412855
[GA][Iter2] Gen:2 Ind:5 RMSE(val)=595.704909
[GA][Iter2] Gen:2 Ind:6 RMSE(val)=604.259543
[GA][Iter2] Gen:2 Ind:7 RMSE(val)=606.764043
[GA][Iter2] Gen:2 Ind:8 RMSE(val)=609.128134
[GA][Iter2] Gen:2 Ind:9 RMSE(val)=611.286665
[GA][Iter2] Gen:2 Ind:10 RMSE(val)=620.430517
[GA][Iter2] Gen:2 Ind:11 RMSE(val)=584.422827
[GA][Iter2] Gen:2 Ind:12 RMSE(val)=600.484726
[GA][Iter2] Gen:2 Ind:13 RMSE(val)=612.979596
[GA][Iter2] Gen:2 Ind:14 RMSE(val)=904.839852
[GA][Iter2] Gen:2 Ind:15 RMSE(val)=614.766898
[GA][Iter2] Gen:2 Ind:16 RMSE(val)=605.624698
[GA][Iter2] Gen:2 Ind:17 RMSE(val)=581.333520
[GA][Iter2] Gen:2 Ind:18 RMSE(val)=576.391421
[GA][Iter2] Gen:2 Ind:19 RMSE(val)=574.558676
[GA][Iter2] Gen:2 Ind:20 RMSE(val)=592.770620
[GA][Iter2] gen=2 best_val_rmse=574.558676
[GA][Iter2] Gen:3 Ind:1 RMSE(val)=574.558676
[GA][Iter2] Gen:3 Ind:2 RMSE(val)=576.066513
[GA][Iter2] Gen:3 Ind:3 RMSE(val)=576.391421
[GA][Iter2] Gen:3 Ind:4 RMSE(val)=581.333520
[GA][Iter2] Gen:3 Ind:5 RMSE(val)=583.518541
[GA][Iter2] Gen:3 Ind:6 RMSE(val)=584.422827
[GA][Iter2] Gen:3 Ind:7 RMSE(val)=592.072132
[GA][Iter2] Gen:3 Ind:8 RMSE(val)=592.412855
[GA][Iter2] Gen:3 Ind:9 RMSE(val)=592.770620
[GA][Iter2] Gen:3 Ind:10 RMSE(val)=595.704909
[GA][Iter2] Gen:3 Ind:11 RMSE(val)=610.673845
[GA][Iter2] Gen:3 Ind:12 RMSE(val)=595.850800
[GA][Iter2] Gen:3 Ind:13 RMSE(val)=611.847526
[GA][Iter2] Gen:3 Ind:14 RMSE(val)=592.072132
[GA][Iter2] Gen:3 Ind:15 RMSE(val)=574.131946
[GA][Iter2] Gen:3 Ind:16 RMSE(val)=597.630154
[GA][Iter2] Gen:3 Ind:17 RMSE(val)=584.912330
[GA][Iter2] Gen:3 Ind:18 RMSE(val)=587.467042
[GA][Iter2] Gen:3 Ind:19 RMSE(val)=576.391421
[GA][Iter2] Gen:3 Ind:20 RMSE(val)=577.380573
[GA][Iter2] gen=3 best_val_rmse=574.131946
[GA][Iter2] Gen:4 Ind:1 RMSE(val)=574.131946
[GA][Iter2] Gen:4 Ind:2 RMSE(val)=574.558676
[GA][Iter2] Gen:4 Ind:3 RMSE(val)=576.066513
[GA][Iter2] Gen:4 Ind:4 RMSE(val)=576.391421
[GA][Iter2] Gen:4 Ind:5 RMSE(val)=576.391421
[GA][Iter2] Gen:4 Ind:6 RMSE(val)=577.380573
[GA][Iter2] Gen:4 Ind:7 RMSE(val)=581.333520
[GA][Iter2] Gen:4 Ind:8 RMSE(val)=583.518541
[GA][Iter2] Gen:4 Ind:9 RMSE(val)=584.422827
[GA][Iter2] Gen:4 Ind:10 RMSE(val)=584.912330
[GA][Iter2] Gen:4 Ind:11 RMSE(val)=586.394939
[GA][Iter2] Gen:4 Ind:12 RMSE(val)=584.613741
[GA][Iter2] Gen:4 Ind:13 RMSE(val)=565.714808
[GA][Iter2] Gen:4 Ind:14 RMSE(val)=634.152232
[GA][Iter2] Gen:4 Ind:15 RMSE(val)=582.753107
[GA][Iter2] Gen:4 Ind:16 RMSE(val)=587.338480
[GA][Iter2] Gen:4 Ind:17 RMSE(val)=576.699590
[GA][Iter2] Gen:4 Ind:18 RMSE(val)=568.639333
[GA][Iter2] Gen:4 Ind:19 RMSE(val)=616.090384
[GA][Iter2] Gen:4 Ind:20 RMSE(val)=571.434314
[GA][Iter2] gen=4 best_val_rmse=565.714808
[GA][Iter2] Gen:5 Ind:1 RMSE(val)=565.714808
[GA][Iter2] Gen:5 Ind:2 RMSE(val)=568.639333
[GA][Iter2] Gen:5 Ind:3 RMSE(val)=571.434314
[GA][Iter2] Gen:5 Ind:4 RMSE(val)=574.131946
[GA][Iter2] Gen:5 Ind:5 RMSE(val)=574.558676
[GA][Iter2] Gen:5 Ind:6 RMSE(val)=576.066513
[GA][Iter2] Gen:5 Ind:7 RMSE(val)=576.391421
[GA][Iter2] Gen:5 Ind:8 RMSE(val)=576.391421
[GA][Iter2] Gen:5 Ind:9 RMSE(val)=576.699590
[GA][Iter2] Gen:5 Ind:10 RMSE(val)=577.380573
[GA][Iter2] Gen:5 Ind:11 RMSE(val)=694.567524
[GA][Iter2] Gen:5 Ind:12 RMSE(val)=573.043975
[GA][Iter2] Gen:5 Ind:13 RMSE(val)=577.380573
[GA][Iter2] Gen:5 Ind:14 RMSE(val)=627.692681
[GA][Iter2] Gen:5 Ind:15 RMSE(val)=583.818913
[GA][Iter2] Gen:5 Ind:16 RMSE(val)=565.671579
[GA][Iter2] Gen:5 Ind:17 RMSE(val)=576.391421
[GA][Iter2] Gen:5 Ind:18 RMSE(val)=590.076270
[GA][Iter2] Gen:5 Ind:19 RMSE(val)=583.001965
[GA][Iter2] Gen:5 Ind:20 RMSE(val)=608.502503
[GA][Iter2] gen=5 best_val_rmse=565.671579
[GA][Iter2] Gen:6 Ind:1 RMSE(val)=565.671579
[GA][Iter2] Gen:6 Ind:2 RMSE(val)=565.714808
[GA][Iter2] Gen:6 Ind:3 RMSE(val)=568.639333
[GA][Iter2] Gen:6 Ind:4 RMSE(val)=571.434314
[GA][Iter2] Gen:6 Ind:5 RMSE(val)=573.043975
[GA][Iter2] Gen:6 Ind:6 RMSE(val)=574.131946
[GA][Iter2] Gen:6 Ind:7 RMSE(val)=574.558676
[GA][Iter2] Gen:6 Ind:8 RMSE(val)=576.066513
[GA][Iter2] Gen:6 Ind:9 RMSE(val)=576.391421
[GA][Iter2] Gen:6 Ind:10 RMSE(val)=576.391421
[GA][Iter2] Gen:6 Ind:11 RMSE(val)=586.630204
[GA][Iter2] Gen:6 Ind:12 RMSE(val)=603.146293
[GA][Iter2] Gen:6 Ind:13 RMSE(val)=565.671579
[GA][Iter2] Gen:6 Ind:14 RMSE(val)=578.857347
[GA][Iter2] Gen:6 Ind:15 RMSE(val)=578.857347
[GA][Iter2] Gen:6 Ind:16 RMSE(val)=578.369659
[GA][Iter2] Gen:6 Ind:17 RMSE(val)=626.042842
[GA][Iter2] Gen:6 Ind:18 RMSE(val)=573.043975
[GA][Iter2] Gen:6 Ind:19 RMSE(val)=576.270801
[GA][Iter2] Gen:6 Ind:20 RMSE(val)=576.066513
[GA][Iter2] gen=6 best_val_rmse=565.671579
[GA][Iter2] Gen:7 Ind:1 RMSE(val)=565.671579
[GA][Iter2] Gen:7 Ind:2 RMSE(val)=565.671579
[GA][Iter2] Gen:7 Ind:3 RMSE(val)=565.714808
[GA][Iter2] Gen:7 Ind:4 RMSE(val)=568.639333
[GA][Iter2] Gen:7 Ind:5 RMSE(val)=571.434314
[GA][Iter2] Gen:7 Ind:6 RMSE(val)=573.043975
[GA][Iter2] Gen:7 Ind:7 RMSE(val)=573.043975
[GA][Iter2] Gen:7 Ind:8 RMSE(val)=574.131946
[GA][Iter2] Gen:7 Ind:9 RMSE(val)=574.558676
[GA][Iter2] Gen:7 Ind:10 RMSE(val)=576.066513
[GA][Iter2] Gen:7 Ind:11 RMSE(val)=575.659385
[GA][Iter2] Gen:7 Ind:12 RMSE(val)=559.361017
[GA][Iter2] Gen:7 Ind:13 RMSE(val)=583.893190
[GA][Iter2] Gen:7 Ind:14 RMSE(val)=565.671579
[GA][Iter2] Gen:7 Ind:15 RMSE(val)=573.043975
[GA][Iter2] Gen:7 Ind:16 RMSE(val)=566.130374
[GA][Iter2] Gen:7 Ind:17 RMSE(val)=615.602123
[GA][Iter2] Gen:7 Ind:18 RMSE(val)=595.085748
[GA][Iter2] Gen:7 Ind:19 RMSE(val)=615.602123
[GA][Iter2] Gen:7 Ind:20 RMSE(val)=605.931814
[GA][Iter2] gen=7 best_val_rmse=559.361017
[GA][Iter2] Gen:8 Ind:1 RMSE(val)=559.361017
[GA][Iter2] Gen:8 Ind:2 RMSE(val)=565.671579
[GA][Iter2] Gen:8 Ind:3 RMSE(val)=565.671579
[GA][Iter2] Gen:8 Ind:4 RMSE(val)=565.671579
[GA][Iter2] Gen:8 Ind:5 RMSE(val)=565.714808
[GA][Iter2] Gen:8 Ind:6 RMSE(val)=566.130374
[GA][Iter2] Gen:8 Ind:7 RMSE(val)=568.639333
[GA][Iter2] Gen:8 Ind:8 RMSE(val)=571.434314
[GA][Iter2] Gen:8 Ind:9 RMSE(val)=573.043975
[GA][Iter2] Gen:8 Ind:10 RMSE(val)=573.043975
[GA][Iter2] Gen:8 Ind:11 RMSE(val)=606.804599
[GA][Iter2] Gen:8 Ind:12 RMSE(val)=654.316761
[GA][Iter2] Gen:8 Ind:13 RMSE(val)=561.549689
[GA][Iter2] Gen:8 Ind:14 RMSE(val)=574.131946
[GA][Iter2] Gen:8 Ind:15 RMSE(val)=592.448464
[GA][Iter2] Gen:8 Ind:16 RMSE(val)=626.392359
[GA][Iter2] Gen:8 Ind:17 RMSE(val)=565.671579
[GA][Iter2] Gen:8 Ind:18 RMSE(val)=592.434590
[GA][Iter2] Gen:8 Ind:19 RMSE(val)=566.130374
[GA][Iter2] Gen:8 Ind:20 RMSE(val)=577.698537
[GA][Iter2] gen=8 best_val_rmse=559.361017
[GA][Iter2] Gen:9 Ind:1 RMSE(val)=559.361017
[GA][Iter2] Gen:9 Ind:2 RMSE(val)=561.549689
[GA][Iter2] Gen:9 Ind:3 RMSE(val)=565.671579
[GA][Iter2] Gen:9 Ind:4 RMSE(val)=565.671579
[GA][Iter2] Gen:9 Ind:5 RMSE(val)=565.671579
[GA][Iter2] Gen:9 Ind:6 RMSE(val)=565.671579
[GA][Iter2] Gen:9 Ind:7 RMSE(val)=565.714808
[GA][Iter2] Gen:9 Ind:8 RMSE(val)=566.130374
[GA][Iter2] Gen:9 Ind:9 RMSE(val)=566.130374
[GA][Iter2] Gen:9 Ind:10 RMSE(val)=568.639333
[GA][Iter2] Gen:9 Ind:11 RMSE(val)=654.899892
[GA][Iter2] Gen:9 Ind:12 RMSE(val)=596.478966
[GA][Iter2] Gen:9 Ind:13 RMSE(val)=589.136716
[GA][Iter2] Gen:9 Ind:14 RMSE(val)=577.034236
[GA][Iter2] Gen:9 Ind:15 RMSE(val)=565.671579
[GA][Iter2] Gen:9 Ind:16 RMSE(val)=639.440362
[GA][Iter2] Gen:9 Ind:17 RMSE(val)=580.462794
[GA][Iter2] Gen:9 Ind:18 RMSE(val)=569.119059
[GA][Iter2] Gen:9 Ind:19 RMSE(val)=572.015416
[GA][Iter2] Gen:9 Ind:20 RMSE(val)=565.450398
[GA][Iter2] gen=9 best_val_rmse=559.361017
[GA][Iter2] Gen:10 Ind:1 RMSE(val)=559.361017
[GA][Iter2] Gen:10 Ind:2 RMSE(val)=561.549689
[GA][Iter2] Gen:10 Ind:3 RMSE(val)=565.450398
[GA][Iter2] Gen:10 Ind:4 RMSE(val)=565.671579
[GA][Iter2] Gen:10 Ind:5 RMSE(val)=565.671579
[GA][Iter2] Gen:10 Ind:6 RMSE(val)=565.671579
[GA][Iter2] Gen:10 Ind:7 RMSE(val)=565.671579
[GA][Iter2] Gen:10 Ind:8 RMSE(val)=565.671579
[GA][Iter2] Gen:10 Ind:9 RMSE(val)=565.714808
[GA][Iter2] Gen:10 Ind:10 RMSE(val)=566.130374
[GA][Iter2] Gen:10 Ind:11 RMSE(val)=572.545022
[GA][Iter2] Gen:10 Ind:12 RMSE(val)=565.671579
[GA][Iter2] Gen:10 Ind:13 RMSE(val)=572.015416
[GA][Iter2] Gen:10 Ind:14 RMSE(val)=565.671579
[GA][Iter2] Gen:10 Ind:15 RMSE(val)=571.533633
[GA][Iter2] Gen:10 Ind:16 RMSE(val)=561.549689
[GA][Iter2] Gen:10 Ind:17 RMSE(val)=565.671579
[GA][Iter2] Gen:10 Ind:18 RMSE(val)=565.671579
[GA][Iter2] Gen:10 Ind:19 RMSE(val)=565.671579
[GA][Iter2] Gen:10 Ind:20 RMSE(val)=615.487305
[GA][Iter2] gen=10 best_val_rmse=559.361017
[GA][Iter2] Gen:11 Ind:1 RMSE(val)=559.361017
[GA][Iter2] Gen:11 Ind:2 RMSE(val)=561.549689
[GA][Iter2] Gen:11 Ind:3 RMSE(val)=561.549689
[GA][Iter2] Gen:11 Ind:4 RMSE(val)=565.450398
[GA][Iter2] Gen:11 Ind:5 RMSE(val)=565.671579
[GA][Iter2] Gen:11 Ind:6 RMSE(val)=565.671579
[GA][Iter2] Gen:11 Ind:7 RMSE(val)=565.671579
[GA][Iter2] Gen:11 Ind:8 RMSE(val)=565.671579
[GA][Iter2] Gen:11 Ind:9 RMSE(val)=565.671579
[GA][Iter2] Gen:11 Ind:10 RMSE(val)=565.671579
[GA][Iter2] Gen:11 Ind:11 RMSE(val)=585.020506
[GA][Iter2] Gen:11 Ind:12 RMSE(val)=565.671579
[GA][Iter2] Gen:11 Ind:13 RMSE(val)=583.822551
[GA][Iter2] Gen:11 Ind:14 RMSE(val)=582.321886
[GA][Iter2] Gen:11 Ind:15 RMSE(val)=565.671579
[GA][Iter2] Gen:11 Ind:16 RMSE(val)=565.671579
[GA][Iter2] Gen:11 Ind:17 RMSE(val)=565.671579
[GA][Iter2] Gen:11 Ind:18 RMSE(val)=570.525246
[GA][Iter2] Gen:11 Ind:19 RMSE(val)=582.321886
[GA][Iter2] Gen:11 Ind:20 RMSE(val)=581.455428
[GA][Iter2] gen=11 best_val_rmse=559.361017
[GA][Iter2] Gen:12 Ind:1 RMSE(val)=559.361017
[GA][Iter2] Gen:12 Ind:2 RMSE(val)=561.549689
[GA][Iter2] Gen:12 Ind:3 RMSE(val)=561.549689
[GA][Iter2] Gen:12 Ind:4 RMSE(val)=565.450398
[GA][Iter2] Gen:12 Ind:5 RMSE(val)=565.671579
[GA][Iter2] Gen:12 Ind:6 RMSE(val)=565.671579
[GA][Iter2] Gen:12 Ind:7 RMSE(val)=565.671579
[GA][Iter2] Gen:12 Ind:8 RMSE(val)=565.671579
[GA][Iter2] Gen:12 Ind:9 RMSE(val)=565.671579
[GA][Iter2] Gen:12 Ind:10 RMSE(val)=565.671579
[GA][Iter2] Gen:12 Ind:11 RMSE(val)=561.549689
[GA][Iter2] Gen:12 Ind:12 RMSE(val)=570.877132
[GA][Iter2] Gen:12 Ind:13 RMSE(val)=569.119059
[GA][Iter2] Gen:12 Ind:14 RMSE(val)=586.490925
[GA][Iter2] Gen:12 Ind:15 RMSE(val)=570.866403
[GA][Iter2] Gen:12 Ind:16 RMSE(val)=565.671579
[GA][Iter2] Gen:12 Ind:17 RMSE(val)=565.671579
[GA][Iter2] Gen:12 Ind:18 RMSE(val)=565.671579
[GA][Iter2] Gen:12 Ind:19 RMSE(val)=572.115713
[GA][Iter2] Gen:12 Ind:20 RMSE(val)=565.671579
[GA][Iter2] gen=12 best_val_rmse=559.361017
[GA][Iter2] Gen:13 Ind:1 RMSE(val)=559.361017
[GA][Iter2] Gen:13 Ind:2 RMSE(val)=561.549689
[GA][Iter2] Gen:13 Ind:3 RMSE(val)=561.549689
[GA][Iter2] Gen:13 Ind:4 RMSE(val)=561.549689
[GA][Iter2] Gen:13 Ind:5 RMSE(val)=565.450398
[GA][Iter2] Gen:13 Ind:6 RMSE(val)=565.671579
[GA][Iter2] Gen:13 Ind:7 RMSE(val)=565.671579
[GA][Iter2] Gen:13 Ind:8 RMSE(val)=565.671579
[GA][Iter2] Gen:13 Ind:9 RMSE(val)=565.671579
[GA][Iter2] Gen:13 Ind:10 RMSE(val)=565.671579
[GA][Iter2] Gen:13 Ind:11 RMSE(val)=572.162030
[GA][Iter2] Gen:13 Ind:12 RMSE(val)=561.549689
[GA][Iter2] Gen:13 Ind:13 RMSE(val)=592.595230
[GA][Iter2] Gen:13 Ind:14 RMSE(val)=565.450398
[GA][Iter2] Gen:13 Ind:15 RMSE(val)=565.671579
[GA][Iter2] Gen:13 Ind:16 RMSE(val)=586.382157
[GA][Iter2] Gen:13 Ind:17 RMSE(val)=565.671579
[GA][Iter2] Gen:13 Ind:18 RMSE(val)=572.384831
[GA][Iter2] Gen:13 Ind:19 RMSE(val)=561.549689
[GA][Iter2] Gen:13 Ind:20 RMSE(val)=561.549689
[GA][Iter2] gen=13 best_val_rmse=559.361017
[GA][Iter2] Gen:14 Ind:1 RMSE(val)=559.361017
[GA][Iter2] Gen:14 Ind:2 RMSE(val)=561.549689
[GA][Iter2] Gen:14 Ind:3 RMSE(val)=561.549689
[GA][Iter2] Gen:14 Ind:4 RMSE(val)=561.549689
[GA][Iter2] Gen:14 Ind:5 RMSE(val)=561.549689
[GA][Iter2] Gen:14 Ind:6 RMSE(val)=561.549689
[GA][Iter2] Gen:14 Ind:7 RMSE(val)=561.549689
[GA][Iter2] Gen:14 Ind:8 RMSE(val)=565.450398
[GA][Iter2] Gen:14 Ind:9 RMSE(val)=565.450398
[GA][Iter2] Gen:14 Ind:10 RMSE(val)=565.671579
[GA][Iter2] Gen:14 Ind:11 RMSE(val)=561.549689
[GA][Iter2] Gen:14 Ind:12 RMSE(val)=578.540905
[GA][Iter2] Gen:14 Ind:13 RMSE(val)=568.031865
[GA][Iter2] Gen:14 Ind:14 RMSE(val)=571.533633
[GA][Iter2] Gen:14 Ind:15 RMSE(val)=565.671579
[GA][Iter2] Gen:14 Ind:16 RMSE(val)=579.522270
[GA][Iter2] Gen:14 Ind:17 RMSE(val)=560.251058
[GA][Iter2] Gen:14 Ind:18 RMSE(val)=573.099361
[GA][Iter2] Gen:14 Ind:19 RMSE(val)=582.321886
[GA][Iter2] Gen:14 Ind:20 RMSE(val)=561.549689
[GA][Iter2] gen=14 best_val_rmse=559.361017
[GA][Iter2] Gen:15 Ind:1 RMSE(val)=559.361017
[GA][Iter2] Gen:15 Ind:2 RMSE(val)=560.251058
[GA][Iter2] Gen:15 Ind:3 RMSE(val)=561.549689
[GA][Iter2] Gen:15 Ind:4 RMSE(val)=561.549689
[GA][Iter2] Gen:15 Ind:5 RMSE(val)=561.549689
[GA][Iter2] Gen:15 Ind:6 RMSE(val)=561.549689
[GA][Iter2] Gen:15 Ind:7 RMSE(val)=561.549689
[GA][Iter2] Gen:15 Ind:8 RMSE(val)=561.549689
[GA][Iter2] Gen:15 Ind:9 RMSE(val)=561.549689
[GA][Iter2] Gen:15 Ind:10 RMSE(val)=561.549689
[GA][Iter2] Gen:15 Ind:11 RMSE(val)=583.644811
[GA][Iter2] Gen:15 Ind:12 RMSE(val)=560.251058
[GA][Iter2] Gen:15 Ind:13 RMSE(val)=561.549689
[GA][Iter2] Gen:15 Ind:14 RMSE(val)=586.871465
[GA][Iter2] Gen:15 Ind:15 RMSE(val)=581.737976
[GA][Iter2] Gen:15 Ind:16 RMSE(val)=557.872719
[GA][Iter2] Gen:15 Ind:17 RMSE(val)=561.549689
[GA][Iter2] Gen:15 Ind:18 RMSE(val)=561.549689
[GA][Iter2] Gen:15 Ind:19 RMSE(val)=561.549689
[GA][Iter2] Gen:15 Ind:20 RMSE(val)=606.014334
[GA][Iter2] gen=15 best_val_rmse=557.872719
[GA][Iter2] Gen:15 Ind:1 RMSE(val)=557.872719
[GA][Iter2] Gen:15 Ind:2 RMSE(val)=559.361017
[GA][Iter2] Gen:15 Ind:3 RMSE(val)=560.251058
[GA][Iter2] Gen:15 Ind:4 RMSE(val)=560.251058
[GA][Iter2] Gen:15 Ind:5 RMSE(val)=561.549689
[GA][Iter2] Gen:15 Ind:6 RMSE(val)=561.549689
[GA][Iter2] Gen:15 Ind:7 RMSE(val)=561.549689
[GA][Iter2] Gen:15 Ind:8 RMSE(val)=561.549689
[GA][Iter2] Gen:15 Ind:9 RMSE(val)=561.549689
[GA][Iter2] Gen:15 Ind:10 RMSE(val)=561.549689
[GA][Iter2] Gen:15 Ind:11 RMSE(val)=570.555739
[GA][Iter2] Gen:15 Ind:12 RMSE(val)=568.380088
[GA][Iter2] Gen:15 Ind:13 RMSE(val)=578.057186
[GA][Iter2] Gen:15 Ind:14 RMSE(val)=560.251058
[GA][Iter2] Gen:15 Ind:15 RMSE(val)=560.251058
[GA][Iter2] Gen:15 Ind:16 RMSE(val)=561.549689
[GA][Iter2] Gen:15 Ind:17 RMSE(val)=561.549689
[GA][Iter2] Gen:15 Ind:18 RMSE(val)=553.754815
[GA][Iter2] Gen:15 Ind:19 RMSE(val)=561.549689
[GA][Iter2] Gen:15 Ind:20 RMSE(val)=568.193826

[GA DONE][Iter2] Best params on val fold of Iter2
Best val RMSE: 553.754815
Best params: {'n_estimators': 1002, 'learning_rate': 0.011384071075681073, 'max_depth': 5, 'min_samples_split': 21, 'min_samples_leaf': 9, 'subsample': 0.7539069246698, 'max_features': 'sqrt'}
--------------------------------------------------------------------------------
[RETUNE GA] Iter2: train folds 1..6 -> test fold 7  RMSE=862.861613  NRMSE=0.735148  CVRMSE=0.346194  R2=0.449906
[GA][Iter3] Gen:1 Ind:1 RMSE(val)=887.311285
[GA][Iter3] Gen:1 Ind:2 RMSE(val)=915.544194
[GA][Iter3] Gen:1 Ind:3 RMSE(val)=905.619095
[GA][Iter3] Gen:1 Ind:4 RMSE(val)=886.680054
[GA][Iter3] Gen:1 Ind:5 RMSE(val)=970.801048
[GA][Iter3] Gen:1 Ind:6 RMSE(val)=911.658651
[GA][Iter3] Gen:1 Ind:7 RMSE(val)=991.808685
[GA][Iter3] Gen:1 Ind:8 RMSE(val)=918.432724
[GA][Iter3] Gen:1 Ind:9 RMSE(val)=875.005695
[GA][Iter3] Gen:1 Ind:10 RMSE(val)=875.854438
[GA][Iter3] Gen:1 Ind:11 RMSE(val)=1055.591218
[GA][Iter3] Gen:1 Ind:12 RMSE(val)=852.772159
[GA][Iter3] Gen:1 Ind:13 RMSE(val)=916.964161
[GA][Iter3] Gen:1 Ind:14 RMSE(val)=834.306332
[GA][Iter3] Gen:1 Ind:15 RMSE(val)=887.568558
[GA][Iter3] Gen:1 Ind:16 RMSE(val)=887.579469
[GA][Iter3] Gen:1 Ind:17 RMSE(val)=1055.922571
[GA][Iter3] Gen:1 Ind:18 RMSE(val)=907.493928
[GA][Iter3] Gen:1 Ind:19 RMSE(val)=1222.841854
[GA][Iter3] Gen:1 Ind:20 RMSE(val)=859.077659
[GA][Iter3] gen=1 best_val_rmse=834.306332
[GA][Iter3] Gen:2 Ind:1 RMSE(val)=834.306332
[GA][Iter3] Gen:2 Ind:2 RMSE(val)=852.772159
[GA][Iter3] Gen:2 Ind:3 RMSE(val)=859.077659
[GA][Iter3] Gen:2 Ind:4 RMSE(val)=875.005695
[GA][Iter3] Gen:2 Ind:5 RMSE(val)=875.854438
[GA][Iter3] Gen:2 Ind:6 RMSE(val)=886.680054
[GA][Iter3] Gen:2 Ind:7 RMSE(val)=887.311285
[GA][Iter3] Gen:2 Ind:8 RMSE(val)=887.568558
[GA][Iter3] Gen:2 Ind:9 RMSE(val)=887.579469
[GA][Iter3] Gen:2 Ind:10 RMSE(val)=905.619095
[GA][Iter3] Gen:2 Ind:11 RMSE(val)=944.800834
[GA][Iter3] Gen:2 Ind:12 RMSE(val)=880.420262
[GA][Iter3] Gen:2 Ind:13 RMSE(val)=837.882527
[GA][Iter3] Gen:2 Ind:14 RMSE(val)=926.905583
[GA][Iter3] Gen:2 Ind:15 RMSE(val)=856.904677
[GA][Iter3] Gen:2 Ind:16 RMSE(val)=851.351657
[GA][Iter3] Gen:2 Ind:17 RMSE(val)=863.574161
[GA][Iter3] Gen:2 Ind:18 RMSE(val)=839.255452
[GA][Iter3] Gen:2 Ind:19 RMSE(val)=884.244453
[GA][Iter3] Gen:2 Ind:20 RMSE(val)=874.863245
[GA][Iter3] gen=2 best_val_rmse=834.306332
[GA][Iter3] Gen:3 Ind:1 RMSE(val)=834.306332
[GA][Iter3] Gen:3 Ind:2 RMSE(val)=837.882527
[GA][Iter3] Gen:3 Ind:3 RMSE(val)=839.255452
[GA][Iter3] Gen:3 Ind:4 RMSE(val)=851.351657
[GA][Iter3] Gen:3 Ind:5 RMSE(val)=852.772159
[GA][Iter3] Gen:3 Ind:6 RMSE(val)=856.904677
[GA][Iter3] Gen:3 Ind:7 RMSE(val)=859.077659
[GA][Iter3] Gen:3 Ind:8 RMSE(val)=863.574161
[GA][Iter3] Gen:3 Ind:9 RMSE(val)=874.863245
[GA][Iter3] Gen:3 Ind:10 RMSE(val)=875.005695
[GA][Iter3] Gen:3 Ind:11 RMSE(val)=837.187397
[GA][Iter3] Gen:3 Ind:12 RMSE(val)=875.005695
[GA][Iter3] Gen:3 Ind:13 RMSE(val)=832.384474
[GA][Iter3] Gen:3 Ind:14 RMSE(val)=859.077659
[GA][Iter3] Gen:3 Ind:15 RMSE(val)=850.455933
[GA][Iter3] Gen:3 Ind:16 RMSE(val)=841.344534
[GA][Iter3] Gen:3 Ind:17 RMSE(val)=841.995241
[GA][Iter3] Gen:3 Ind:18 RMSE(val)=825.188773
[GA][Iter3] Gen:3 Ind:19 RMSE(val)=850.621837
[GA][Iter3] Gen:3 Ind:20 RMSE(val)=845.482065
[GA][Iter3] gen=3 best_val_rmse=825.188773
[GA][Iter3] Gen:4 Ind:1 RMSE(val)=825.188773
[GA][Iter3] Gen:4 Ind:2 RMSE(val)=832.384474
[GA][Iter3] Gen:4 Ind:3 RMSE(val)=834.306332
[GA][Iter3] Gen:4 Ind:4 RMSE(val)=837.187397
[GA][Iter3] Gen:4 Ind:5 RMSE(val)=837.882527
[GA][Iter3] Gen:4 Ind:6 RMSE(val)=839.255452
[GA][Iter3] Gen:4 Ind:7 RMSE(val)=841.344534
[GA][Iter3] Gen:4 Ind:8 RMSE(val)=841.995241
[GA][Iter3] Gen:4 Ind:9 RMSE(val)=845.482065
[GA][Iter3] Gen:4 Ind:10 RMSE(val)=850.455933
[GA][Iter3] Gen:4 Ind:11 RMSE(val)=870.277601
[GA][Iter3] Gen:4 Ind:12 RMSE(val)=840.990335
[GA][Iter3] Gen:4 Ind:13 RMSE(val)=839.598075
[GA][Iter3] Gen:4 Ind:14 RMSE(val)=835.383242
[GA][Iter3] Gen:4 Ind:15 RMSE(val)=837.892558
[GA][Iter3] Gen:4 Ind:16 RMSE(val)=824.660514
[GA][Iter3] Gen:4 Ind:17 RMSE(val)=878.354217
[GA][Iter3] Gen:4 Ind:18 RMSE(val)=848.181085
[GA][Iter3] Gen:4 Ind:19 RMSE(val)=843.353500
[GA][Iter3] Gen:4 Ind:20 RMSE(val)=832.384474
[GA][Iter3] gen=4 best_val_rmse=824.660514
[GA][Iter3] Gen:5 Ind:1 RMSE(val)=824.660514
[GA][Iter3] Gen:5 Ind:2 RMSE(val)=825.188773
[GA][Iter3] Gen:5 Ind:3 RMSE(val)=832.384474
[GA][Iter3] Gen:5 Ind:4 RMSE(val)=832.384474
[GA][Iter3] Gen:5 Ind:5 RMSE(val)=834.306332
[GA][Iter3] Gen:5 Ind:6 RMSE(val)=835.383242
[GA][Iter3] Gen:5 Ind:7 RMSE(val)=837.187397
[GA][Iter3] Gen:5 Ind:8 RMSE(val)=837.882527
[GA][Iter3] Gen:5 Ind:9 RMSE(val)=837.892558
[GA][Iter3] Gen:5 Ind:10 RMSE(val)=839.255452
[GA][Iter3] Gen:5 Ind:11 RMSE(val)=837.501253
[GA][Iter3] Gen:5 Ind:12 RMSE(val)=828.944975
[GA][Iter3] Gen:5 Ind:13 RMSE(val)=839.255452
[GA][Iter3] Gen:5 Ind:14 RMSE(val)=832.384474
[GA][Iter3] Gen:5 Ind:15 RMSE(val)=829.355732
[GA][Iter3] Gen:5 Ind:16 RMSE(val)=838.636142
[GA][Iter3] Gen:5 Ind:17 RMSE(val)=878.449592
[GA][Iter3] Gen:5 Ind:18 RMSE(val)=839.255452
[GA][Iter3] Gen:5 Ind:19 RMSE(val)=835.161040
[GA][Iter3] Gen:5 Ind:20 RMSE(val)=830.665720
[GA][Iter3] gen=5 best_val_rmse=824.660514
[GA][Iter3] Gen:6 Ind:1 RMSE(val)=824.660514
[GA][Iter3] Gen:6 Ind:2 RMSE(val)=825.188773
[GA][Iter3] Gen:6 Ind:3 RMSE(val)=828.944975
[GA][Iter3] Gen:6 Ind:4 RMSE(val)=829.355732
[GA][Iter3] Gen:6 Ind:5 RMSE(val)=830.665720
[GA][Iter3] Gen:6 Ind:6 RMSE(val)=832.384474
[GA][Iter3] Gen:6 Ind:7 RMSE(val)=832.384474
[GA][Iter3] Gen:6 Ind:8 RMSE(val)=832.384474
[GA][Iter3] Gen:6 Ind:9 RMSE(val)=834.306332
[GA][Iter3] Gen:6 Ind:10 RMSE(val)=835.161040
[GA][Iter3] Gen:6 Ind:11 RMSE(val)=827.510417
[GA][Iter3] Gen:6 Ind:12 RMSE(val)=832.032139
[GA][Iter3] Gen:6 Ind:13 RMSE(val)=837.384884
[GA][Iter3] Gen:6 Ind:14 RMSE(val)=826.043863
[GA][Iter3] Gen:6 Ind:15 RMSE(val)=839.064621
[GA][Iter3] Gen:6 Ind:16 RMSE(val)=837.996707
[GA][Iter3] Gen:6 Ind:17 RMSE(val)=835.161040
[GA][Iter3] Gen:6 Ind:18 RMSE(val)=836.808549
[GA][Iter3] Gen:6 Ind:19 RMSE(val)=831.954068
[GA][Iter3] Gen:6 Ind:20 RMSE(val)=824.321551
[GA][Iter3] gen=6 best_val_rmse=824.321551
[GA][Iter3] Gen:7 Ind:1 RMSE(val)=824.321551
[GA][Iter3] Gen:7 Ind:2 RMSE(val)=824.660514
[GA][Iter3] Gen:7 Ind:3 RMSE(val)=825.188773
[GA][Iter3] Gen:7 Ind:4 RMSE(val)=826.043863
[GA][Iter3] Gen:7 Ind:5 RMSE(val)=827.510417
[GA][Iter3] Gen:7 Ind:6 RMSE(val)=828.944975
[GA][Iter3] Gen:7 Ind:7 RMSE(val)=829.355732
[GA][Iter3] Gen:7 Ind:8 RMSE(val)=830.665720
[GA][Iter3] Gen:7 Ind:9 RMSE(val)=831.954068
[GA][Iter3] Gen:7 Ind:10 RMSE(val)=832.032139
[GA][Iter3] Gen:7 Ind:11 RMSE(val)=840.306576
[GA][Iter3] Gen:7 Ind:12 RMSE(val)=828.401151
[GA][Iter3] Gen:7 Ind:13 RMSE(val)=823.722581
[GA][Iter3] Gen:7 Ind:14 RMSE(val)=834.470934
[GA][Iter3] Gen:7 Ind:15 RMSE(val)=823.317949
[GA][Iter3] Gen:7 Ind:16 RMSE(val)=825.385385
[GA][Iter3] Gen:7 Ind:17 RMSE(val)=826.043863
[GA][Iter3] Gen:7 Ind:18 RMSE(val)=826.756342
[GA][Iter3] Gen:7 Ind:19 RMSE(val)=826.043863
[GA][Iter3] Gen:7 Ind:20 RMSE(val)=832.032139
[GA][Iter3] gen=7 best_val_rmse=823.317949
[GA][Iter3] Gen:8 Ind:1 RMSE(val)=823.317949
[GA][Iter3] Gen:8 Ind:2 RMSE(val)=823.722581
[GA][Iter3] Gen:8 Ind:3 RMSE(val)=824.321551
[GA][Iter3] Gen:8 Ind:4 RMSE(val)=824.660514
[GA][Iter3] Gen:8 Ind:5 RMSE(val)=825.188773
[GA][Iter3] Gen:8 Ind:6 RMSE(val)=825.385385
[GA][Iter3] Gen:8 Ind:7 RMSE(val)=826.043863
[GA][Iter3] Gen:8 Ind:8 RMSE(val)=826.043863
[GA][Iter3] Gen:8 Ind:9 RMSE(val)=826.043863
[GA][Iter3] Gen:8 Ind:10 RMSE(val)=826.756342
[GA][Iter3] Gen:8 Ind:11 RMSE(val)=833.195031
[GA][Iter3] Gen:8 Ind:12 RMSE(val)=824.887141
[GA][Iter3] Gen:8 Ind:13 RMSE(val)=823.722581
[GA][Iter3] Gen:8 Ind:14 RMSE(val)=826.043863
[GA][Iter3] Gen:8 Ind:15 RMSE(val)=826.043863
[GA][Iter3] Gen:8 Ind:16 RMSE(val)=825.188773
[GA][Iter3] Gen:8 Ind:17 RMSE(val)=823.804919
[GA][Iter3] Gen:8 Ind:18 RMSE(val)=826.043863
[GA][Iter3] Gen:8 Ind:19 RMSE(val)=825.385385
[GA][Iter3] Gen:8 Ind:20 RMSE(val)=829.971402
[GA][Iter3] gen=8 best_val_rmse=823.317949
[GA][Iter3] Gen:9 Ind:1 RMSE(val)=823.317949
[GA][Iter3] Gen:9 Ind:2 RMSE(val)=823.722581
[GA][Iter3] Gen:9 Ind:3 RMSE(val)=823.722581
[GA][Iter3] Gen:9 Ind:4 RMSE(val)=823.804919
[GA][Iter3] Gen:9 Ind:5 RMSE(val)=824.321551
[GA][Iter3] Gen:9 Ind:6 RMSE(val)=824.660514
[GA][Iter3] Gen:9 Ind:7 RMSE(val)=824.887141
[GA][Iter3] Gen:9 Ind:8 RMSE(val)=825.188773
[GA][Iter3] Gen:9 Ind:9 RMSE(val)=825.188773
[GA][Iter3] Gen:9 Ind:10 RMSE(val)=825.385385
[GA][Iter3] Gen:9 Ind:11 RMSE(val)=825.188773
[GA][Iter3] Gen:9 Ind:12 RMSE(val)=826.886101
[GA][Iter3] Gen:9 Ind:13 RMSE(val)=822.285498
[GA][Iter3] Gen:9 Ind:14 RMSE(val)=824.660514
[GA][Iter3] Gen:9 Ind:15 RMSE(val)=829.614557
[GA][Iter3] Gen:9 Ind:16 RMSE(val)=825.476100
[GA][Iter3] Gen:9 Ind:17 RMSE(val)=834.319803
[GA][Iter3] Gen:9 Ind:18 RMSE(val)=824.321551
[GA][Iter3] Gen:9 Ind:19 RMSE(val)=823.451928
[GA][Iter3] Gen:9 Ind:20 RMSE(val)=826.696054
[GA][Iter3] gen=9 best_val_rmse=822.285498
[GA][Iter3] Gen:10 Ind:1 RMSE(val)=822.285498
[GA][Iter3] Gen:10 Ind:2 RMSE(val)=823.317949
[GA][Iter3] Gen:10 Ind:3 RMSE(val)=823.451928
[GA][Iter3] Gen:10 Ind:4 RMSE(val)=823.722581
[GA][Iter3] Gen:10 Ind:5 RMSE(val)=823.722581
[GA][Iter3] Gen:10 Ind:6 RMSE(val)=823.804919
[GA][Iter3] Gen:10 Ind:7 RMSE(val)=824.321551
[GA][Iter3] Gen:10 Ind:8 RMSE(val)=824.321551
[GA][Iter3] Gen:10 Ind:9 RMSE(val)=824.660514
[GA][Iter3] Gen:10 Ind:10 RMSE(val)=824.660514
[GA][Iter3] Gen:10 Ind:11 RMSE(val)=834.748113
[GA][Iter3] Gen:10 Ind:12 RMSE(val)=830.866054
[GA][Iter3] Gen:10 Ind:13 RMSE(val)=824.660514
[GA][Iter3] Gen:10 Ind:14 RMSE(val)=824.321551
[GA][Iter3] Gen:10 Ind:15 RMSE(val)=837.916952
[GA][Iter3] Gen:10 Ind:16 RMSE(val)=824.554178
[GA][Iter3] Gen:10 Ind:17 RMSE(val)=836.808549
[GA][Iter3] Gen:10 Ind:18 RMSE(val)=824.321551
[GA][Iter3] Gen:10 Ind:19 RMSE(val)=824.321551
[GA][Iter3] Gen:10 Ind:20 RMSE(val)=825.081852
[GA][Iter3] gen=10 best_val_rmse=822.285498
[GA][Iter3] Gen:11 Ind:1 RMSE(val)=822.285498
[GA][Iter3] Gen:11 Ind:2 RMSE(val)=823.317949
[GA][Iter3] Gen:11 Ind:3 RMSE(val)=823.451928
[GA][Iter3] Gen:11 Ind:4 RMSE(val)=823.722581
[GA][Iter3] Gen:11 Ind:5 RMSE(val)=823.722581
[GA][Iter3] Gen:11 Ind:6 RMSE(val)=823.804919
[GA][Iter3] Gen:11 Ind:7 RMSE(val)=824.321551
[GA][Iter3] Gen:11 Ind:8 RMSE(val)=824.321551
[GA][Iter3] Gen:11 Ind:9 RMSE(val)=824.321551
[GA][Iter3] Gen:11 Ind:10 RMSE(val)=824.321551
[GA][Iter3] Gen:11 Ind:11 RMSE(val)=824.321551
[GA][Iter3] Gen:11 Ind:12 RMSE(val)=836.062733
[GA][Iter3] Gen:11 Ind:13 RMSE(val)=823.317949
[GA][Iter3] Gen:11 Ind:14 RMSE(val)=824.338582
[GA][Iter3] Gen:11 Ind:15 RMSE(val)=825.866330
[GA][Iter3] Gen:11 Ind:16 RMSE(val)=824.338582
[GA][Iter3] Gen:11 Ind:17 RMSE(val)=825.866330
[GA][Iter3] Gen:11 Ind:18 RMSE(val)=836.337188
[GA][Iter3] Gen:11 Ind:19 RMSE(val)=824.321551
[GA][Iter3] Gen:11 Ind:20 RMSE(val)=840.369302
[GA][Iter3] gen=11 best_val_rmse=822.285498
[GA][Iter3] Gen:12 Ind:1 RMSE(val)=822.285498
[GA][Iter3] Gen:12 Ind:2 RMSE(val)=823.317949
[GA][Iter3] Gen:12 Ind:3 RMSE(val)=823.317949
[GA][Iter3] Gen:12 Ind:4 RMSE(val)=823.451928
[GA][Iter3] Gen:12 Ind:5 RMSE(val)=823.722581
[GA][Iter3] Gen:12 Ind:6 RMSE(val)=823.722581
[GA][Iter3] Gen:12 Ind:7 RMSE(val)=823.804919
[GA][Iter3] Gen:12 Ind:8 RMSE(val)=824.321551
[GA][Iter3] Gen:12 Ind:9 RMSE(val)=824.321551
[GA][Iter3] Gen:12 Ind:10 RMSE(val)=824.321551
[GA][Iter3] Gen:12 Ind:11 RMSE(val)=826.696054
[GA][Iter3] Gen:12 Ind:12 RMSE(val)=829.623565
[GA][Iter3] Gen:12 Ind:13 RMSE(val)=833.827194
[GA][Iter3] Gen:12 Ind:14 RMSE(val)=837.384884
[GA][Iter3] Gen:12 Ind:15 RMSE(val)=826.442265
[GA][Iter3] Gen:12 Ind:16 RMSE(val)=836.033139
[GA][Iter3] Gen:12 Ind:17 RMSE(val)=823.722581
[GA][Iter3] Gen:12 Ind:18 RMSE(val)=829.059112
[GA][Iter3] Gen:12 Ind:19 RMSE(val)=861.974968
[GA][Iter3] Gen:12 Ind:20 RMSE(val)=823.804919
[GA][Iter3] gen=12 best_val_rmse=822.285498
[GA][Iter3] Gen:13 Ind:1 RMSE(val)=822.285498
[GA][Iter3] Gen:13 Ind:2 RMSE(val)=823.317949
[GA][Iter3] Gen:13 Ind:3 RMSE(val)=823.317949
[GA][Iter3] Gen:13 Ind:4 RMSE(val)=823.451928
[GA][Iter3] Gen:13 Ind:5 RMSE(val)=823.722581
[GA][Iter3] Gen:13 Ind:6 RMSE(val)=823.722581
[GA][Iter3] Gen:13 Ind:7 RMSE(val)=823.722581
[GA][Iter3] Gen:13 Ind:8 RMSE(val)=823.804919
[GA][Iter3] Gen:13 Ind:9 RMSE(val)=823.804919
[GA][Iter3] Gen:13 Ind:10 RMSE(val)=824.321551
[GA][Iter3] Gen:13 Ind:11 RMSE(val)=834.946813
[GA][Iter3] Gen:13 Ind:12 RMSE(val)=823.317949
[GA][Iter3] Gen:13 Ind:13 RMSE(val)=832.134022
[GA][Iter3] Gen:13 Ind:14 RMSE(val)=823.722581
[GA][Iter3] Gen:13 Ind:15 RMSE(val)=823.804919
[GA][Iter3] Gen:13 Ind:16 RMSE(val)=823.451928
[GA][Iter3] Gen:13 Ind:17 RMSE(val)=823.804919
[GA][Iter3] Gen:13 Ind:18 RMSE(val)=823.106409
[GA][Iter3] Gen:13 Ind:19 RMSE(val)=822.285498
[GA][Iter3] Gen:13 Ind:20 RMSE(val)=829.040287
[GA][Iter3] gen=13 best_val_rmse=822.285498
[GA][Iter3] Gen:14 Ind:1 RMSE(val)=822.285498
[GA][Iter3] Gen:14 Ind:2 RMSE(val)=822.285498
[GA][Iter3] Gen:14 Ind:3 RMSE(val)=823.106409
[GA][Iter3] Gen:14 Ind:4 RMSE(val)=823.317949
[GA][Iter3] Gen:14 Ind:5 RMSE(val)=823.317949
[GA][Iter3] Gen:14 Ind:6 RMSE(val)=823.317949
[GA][Iter3] Gen:14 Ind:7 RMSE(val)=823.451928
[GA][Iter3] Gen:14 Ind:8 RMSE(val)=823.451928
[GA][Iter3] Gen:14 Ind:9 RMSE(val)=823.722581
[GA][Iter3] Gen:14 Ind:10 RMSE(val)=823.722581
[GA][Iter3] Gen:14 Ind:11 RMSE(val)=823.317949
[GA][Iter3] Gen:14 Ind:12 RMSE(val)=823.722581
[GA][Iter3] Gen:14 Ind:13 RMSE(val)=834.364519
[GA][Iter3] Gen:14 Ind:14 RMSE(val)=828.473580
[GA][Iter3] Gen:14 Ind:15 RMSE(val)=832.743241
[GA][Iter3] Gen:14 Ind:16 RMSE(val)=833.878288
[GA][Iter3] Gen:14 Ind:17 RMSE(val)=822.999755
[GA][Iter3] Gen:14 Ind:18 RMSE(val)=829.040287
[GA][Iter3] Gen:14 Ind:19 RMSE(val)=830.227614
[GA][Iter3] Gen:14 Ind:20 RMSE(val)=828.730341
[GA][Iter3] gen=14 best_val_rmse=822.285498
[GA][Iter3] Gen:15 Ind:1 RMSE(val)=822.285498
[GA][Iter3] Gen:15 Ind:2 RMSE(val)=822.285498
[GA][Iter3] Gen:15 Ind:3 RMSE(val)=822.999755
[GA][Iter3] Gen:15 Ind:4 RMSE(val)=823.106409
[GA][Iter3] Gen:15 Ind:5 RMSE(val)=823.317949
[GA][Iter3] Gen:15 Ind:6 RMSE(val)=823.317949
[GA][Iter3] Gen:15 Ind:7 RMSE(val)=823.317949
[GA][Iter3] Gen:15 Ind:8 RMSE(val)=823.317949
[GA][Iter3] Gen:15 Ind:9 RMSE(val)=823.451928
[GA][Iter3] Gen:15 Ind:10 RMSE(val)=823.451928
[GA][Iter3] Gen:15 Ind:11 RMSE(val)=838.589005
[GA][Iter3] Gen:15 Ind:12 RMSE(val)=828.730341
[GA][Iter3] Gen:15 Ind:13 RMSE(val)=823.317949
[GA][Iter3] Gen:15 Ind:14 RMSE(val)=829.419183
[GA][Iter3] Gen:15 Ind:15 RMSE(val)=826.442265
[GA][Iter3] Gen:15 Ind:16 RMSE(val)=829.355732
[GA][Iter3] Gen:15 Ind:17 RMSE(val)=823.317949
[GA][Iter3] Gen:15 Ind:18 RMSE(val)=828.730341
[GA][Iter3] Gen:15 Ind:19 RMSE(val)=835.153338
[GA][Iter3] Gen:15 Ind:20 RMSE(val)=822.285498
[GA][Iter3] gen=15 best_val_rmse=822.285498
[GA][Iter3] Gen:15 Ind:1 RMSE(val)=822.285498
[GA][Iter3] Gen:15 Ind:2 RMSE(val)=822.285498
[GA][Iter3] Gen:15 Ind:3 RMSE(val)=822.285498
[GA][Iter3] Gen:15 Ind:4 RMSE(val)=822.999755
[GA][Iter3] Gen:15 Ind:5 RMSE(val)=823.106409
[GA][Iter3] Gen:15 Ind:6 RMSE(val)=823.317949
[GA][Iter3] Gen:15 Ind:7 RMSE(val)=823.317949
[GA][Iter3] Gen:15 Ind:8 RMSE(val)=823.317949
[GA][Iter3] Gen:15 Ind:9 RMSE(val)=823.317949
[GA][Iter3] Gen:15 Ind:10 RMSE(val)=823.317949
[GA][Iter3] Gen:15 Ind:11 RMSE(val)=829.355732
[GA][Iter3] Gen:15 Ind:12 RMSE(val)=825.038524
[GA][Iter3] Gen:15 Ind:13 RMSE(val)=833.524950
[GA][Iter3] Gen:15 Ind:14 RMSE(val)=829.355732
[GA][Iter3] Gen:15 Ind:15 RMSE(val)=827.510417
[GA][Iter3] Gen:15 Ind:16 RMSE(val)=826.138384
[GA][Iter3] Gen:15 Ind:17 RMSE(val)=823.317949
[GA][Iter3] Gen:15 Ind:18 RMSE(val)=835.191472
[GA][Iter3] Gen:15 Ind:19 RMSE(val)=828.473580
[GA][Iter3] Gen:15 Ind:20 RMSE(val)=843.682391

[GA DONE][Iter3] Best params on val fold of Iter3
Best val RMSE: 822.285498
Best params: {'n_estimators': 937, 'learning_rate': 0.007692427969616744, 'max_depth': 4, 'min_samples_split': 29, 'min_samples_leaf': 11, 'subsample': 0.6878460695881076, 'max_features': 'log2'}
--------------------------------------------------------------------------------
[RETUNE GA] Iter3: train folds 1..7 -> test fold 8  RMSE=621.074716  NRMSE=0.682810  CVRMSE=0.259073  R2=0.525446
[GA][Iter4] Gen:1 Ind:1 RMSE(val)=582.301214
[GA][Iter4] Gen:1 Ind:2 RMSE(val)=564.919221
[GA][Iter4] Gen:1 Ind:3 RMSE(val)=569.980100
[GA][Iter4] Gen:1 Ind:4 RMSE(val)=580.629338
[GA][Iter4] Gen:1 Ind:5 RMSE(val)=611.339514
[GA][Iter4] Gen:1 Ind:6 RMSE(val)=640.596340
[GA][Iter4] Gen:1 Ind:7 RMSE(val)=633.175687
[GA][Iter4] Gen:1 Ind:8 RMSE(val)=651.525602
[GA][Iter4] Gen:1 Ind:9 RMSE(val)=604.867504
[GA][Iter4] Gen:1 Ind:10 RMSE(val)=615.492227
[GA][Iter4] Gen:1 Ind:11 RMSE(val)=645.802502
[GA][Iter4] Gen:1 Ind:12 RMSE(val)=590.203627
[GA][Iter4] Gen:1 Ind:13 RMSE(val)=615.565585
[GA][Iter4] Gen:1 Ind:14 RMSE(val)=597.794544
[GA][Iter4] Gen:1 Ind:15 RMSE(val)=633.134367
[GA][Iter4] Gen:1 Ind:16 RMSE(val)=544.316046
[GA][Iter4] Gen:1 Ind:17 RMSE(val)=674.813050
[GA][Iter4] Gen:1 Ind:18 RMSE(val)=593.074066
[GA][Iter4] Gen:1 Ind:19 RMSE(val)=585.490444
[GA][Iter4] Gen:1 Ind:20 RMSE(val)=647.569944
[GA][Iter4] gen=1 best_val_rmse=544.316046
[GA][Iter4] Gen:2 Ind:1 RMSE(val)=544.316046
[GA][Iter4] Gen:2 Ind:2 RMSE(val)=564.919221
[GA][Iter4] Gen:2 Ind:3 RMSE(val)=569.980100
[GA][Iter4] Gen:2 Ind:4 RMSE(val)=580.629338
[GA][Iter4] Gen:2 Ind:5 RMSE(val)=582.301214
[GA][Iter4] Gen:2 Ind:6 RMSE(val)=585.490444
[GA][Iter4] Gen:2 Ind:7 RMSE(val)=590.203627
[GA][Iter4] Gen:2 Ind:8 RMSE(val)=593.074066
[GA][Iter4] Gen:2 Ind:9 RMSE(val)=597.794544
[GA][Iter4] Gen:2 Ind:10 RMSE(val)=604.867504
[GA][Iter4] Gen:2 Ind:11 RMSE(val)=598.048752
[GA][Iter4] Gen:2 Ind:12 RMSE(val)=595.817731
[GA][Iter4] Gen:2 Ind:13 RMSE(val)=540.949886
[GA][Iter4] Gen:2 Ind:14 RMSE(val)=590.228968
[GA][Iter4] Gen:2 Ind:15 RMSE(val)=605.577592
[GA][Iter4] Gen:2 Ind:16 RMSE(val)=544.316046
[GA][Iter4] Gen:2 Ind:17 RMSE(val)=571.508316
[GA][Iter4] Gen:2 Ind:18 RMSE(val)=564.754411
[GA][Iter4] Gen:2 Ind:19 RMSE(val)=561.334316
[GA][Iter4] Gen:2 Ind:20 RMSE(val)=582.546236
[GA][Iter4] gen=2 best_val_rmse=540.949886
[GA][Iter4] Gen:3 Ind:1 RMSE(val)=540.949886
[GA][Iter4] Gen:3 Ind:2 RMSE(val)=544.316046
[GA][Iter4] Gen:3 Ind:3 RMSE(val)=544.316046
[GA][Iter4] Gen:3 Ind:4 RMSE(val)=561.334316
[GA][Iter4] Gen:3 Ind:5 RMSE(val)=564.754411
[GA][Iter4] Gen:3 Ind:6 RMSE(val)=564.919221
[GA][Iter4] Gen:3 Ind:7 RMSE(val)=569.980100
[GA][Iter4] Gen:3 Ind:8 RMSE(val)=571.508316
[GA][Iter4] Gen:3 Ind:9 RMSE(val)=580.629338
[GA][Iter4] Gen:3 Ind:10 RMSE(val)=582.301214
[GA][Iter4] Gen:3 Ind:11 RMSE(val)=566.061711
[GA][Iter4] Gen:3 Ind:12 RMSE(val)=577.918692
[GA][Iter4] Gen:3 Ind:13 RMSE(val)=544.316046
[GA][Iter4] Gen:3 Ind:14 RMSE(val)=581.465345
[GA][Iter4] Gen:3 Ind:15 RMSE(val)=553.210777
[GA][Iter4] Gen:3 Ind:16 RMSE(val)=552.953330
[GA][Iter4] Gen:3 Ind:17 RMSE(val)=572.984808
[GA][Iter4] Gen:3 Ind:18 RMSE(val)=554.592516
[GA][Iter4] Gen:3 Ind:19 RMSE(val)=544.316046
[GA][Iter4] Gen:3 Ind:20 RMSE(val)=590.732974
[GA][Iter4] gen=3 best_val_rmse=540.949886
[GA][Iter4] Gen:4 Ind:1 RMSE(val)=540.949886
[GA][Iter4] Gen:4 Ind:2 RMSE(val)=544.316046
[GA][Iter4] Gen:4 Ind:3 RMSE(val)=544.316046
[GA][Iter4] Gen:4 Ind:4 RMSE(val)=544.316046
[GA][Iter4] Gen:4 Ind:5 RMSE(val)=544.316046
[GA][Iter4] Gen:4 Ind:6 RMSE(val)=552.953330
[GA][Iter4] Gen:4 Ind:7 RMSE(val)=553.210777
[GA][Iter4] Gen:4 Ind:8 RMSE(val)=554.592516
[GA][Iter4] Gen:4 Ind:9 RMSE(val)=561.334316
[GA][Iter4] Gen:4 Ind:10 RMSE(val)=564.754411
[GA][Iter4] Gen:4 Ind:11 RMSE(val)=561.334316
[GA][Iter4] Gen:4 Ind:12 RMSE(val)=555.909393
[GA][Iter4] Gen:4 Ind:13 RMSE(val)=559.879200
[GA][Iter4] Gen:4 Ind:14 RMSE(val)=544.316046
[GA][Iter4] Gen:4 Ind:15 RMSE(val)=549.471814
[GA][Iter4] Gen:4 Ind:16 RMSE(val)=554.630751
[GA][Iter4] Gen:4 Ind:17 RMSE(val)=553.051946
[GA][Iter4] Gen:4 Ind:18 RMSE(val)=552.739148
[GA][Iter4] Gen:4 Ind:19 RMSE(val)=560.307207
[GA][Iter4] Gen:4 Ind:20 RMSE(val)=543.244980
[GA][Iter4] gen=4 best_val_rmse=540.949886
[GA][Iter4] Gen:5 Ind:1 RMSE(val)=540.949886
[GA][Iter4] Gen:5 Ind:2 RMSE(val)=543.244980
[GA][Iter4] Gen:5 Ind:3 RMSE(val)=544.316046
[GA][Iter4] Gen:5 Ind:4 RMSE(val)=544.316046
[GA][Iter4] Gen:5 Ind:5 RMSE(val)=544.316046
[GA][Iter4] Gen:5 Ind:6 RMSE(val)=544.316046
[GA][Iter4] Gen:5 Ind:7 RMSE(val)=544.316046
[GA][Iter4] Gen:5 Ind:8 RMSE(val)=549.471814
[GA][Iter4] Gen:5 Ind:9 RMSE(val)=552.739148
[GA][Iter4] Gen:5 Ind:10 RMSE(val)=552.953330
[GA][Iter4] Gen:5 Ind:11 RMSE(val)=543.244980
[GA][Iter4] Gen:5 Ind:12 RMSE(val)=544.316046
[GA][Iter4] Gen:5 Ind:13 RMSE(val)=552.953330
[GA][Iter4] Gen:5 Ind:14 RMSE(val)=544.316046
[GA][Iter4] Gen:5 Ind:15 RMSE(val)=544.316046
[GA][Iter4] Gen:5 Ind:16 RMSE(val)=539.668227
[GA][Iter4] Gen:5 Ind:17 RMSE(val)=544.316046
[GA][Iter4] Gen:5 Ind:18 RMSE(val)=558.554952
[GA][Iter4] Gen:5 Ind:19 RMSE(val)=553.210777
[GA][Iter4] Gen:5 Ind:20 RMSE(val)=541.733779
[GA][Iter4] gen=5 best_val_rmse=539.668227
[GA][Iter4] Gen:6 Ind:1 RMSE(val)=539.668227
[GA][Iter4] Gen:6 Ind:2 RMSE(val)=540.949886
[GA][Iter4] Gen:6 Ind:3 RMSE(val)=541.733779
[GA][Iter4] Gen:6 Ind:4 RMSE(val)=543.244980
[GA][Iter4] Gen:6 Ind:5 RMSE(val)=543.244980
[GA][Iter4] Gen:6 Ind:6 RMSE(val)=544.316046
[GA][Iter4] Gen:6 Ind:7 RMSE(val)=544.316046
[GA][Iter4] Gen:6 Ind:8 RMSE(val)=544.316046
[GA][Iter4] Gen:6 Ind:9 RMSE(val)=544.316046
[GA][Iter4] Gen:6 Ind:10 RMSE(val)=544.316046
[GA][Iter4] Gen:6 Ind:11 RMSE(val)=558.678668
[GA][Iter4] Gen:6 Ind:12 RMSE(val)=548.847000
[GA][Iter4] Gen:6 Ind:13 RMSE(val)=552.739148
[GA][Iter4] Gen:6 Ind:14 RMSE(val)=540.949886
[GA][Iter4] Gen:6 Ind:15 RMSE(val)=540.949886
[GA][Iter4] Gen:6 Ind:16 RMSE(val)=544.316046
[GA][Iter4] Gen:6 Ind:17 RMSE(val)=543.244980
[GA][Iter4] Gen:6 Ind:18 RMSE(val)=544.316046
[GA][Iter4] Gen:6 Ind:19 RMSE(val)=544.316046
[GA][Iter4] Gen:6 Ind:20 RMSE(val)=553.210777
[GA][Iter4] gen=6 best_val_rmse=539.668227
[GA][Iter4] Gen:7 Ind:1 RMSE(val)=539.668227
[GA][Iter4] Gen:7 Ind:2 RMSE(val)=540.949886
[GA][Iter4] Gen:7 Ind:3 RMSE(val)=540.949886
[GA][Iter4] Gen:7 Ind:4 RMSE(val)=540.949886
[GA][Iter4] Gen:7 Ind:5 RMSE(val)=541.733779
[GA][Iter4] Gen:7 Ind:6 RMSE(val)=543.244980
[GA][Iter4] Gen:7 Ind:7 RMSE(val)=543.244980
[GA][Iter4] Gen:7 Ind:8 RMSE(val)=543.244980
[GA][Iter4] Gen:7 Ind:9 RMSE(val)=544.316046
[GA][Iter4] Gen:7 Ind:10 RMSE(val)=544.316046
[GA][Iter4] Gen:7 Ind:11 RMSE(val)=544.316046
[GA][Iter4] Gen:7 Ind:12 RMSE(val)=551.520895
[GA][Iter4] Gen:7 Ind:13 RMSE(val)=557.353100
[GA][Iter4] Gen:7 Ind:14 RMSE(val)=540.437194
[GA][Iter4] Gen:7 Ind:15 RMSE(val)=575.384734
[GA][Iter4] Gen:7 Ind:16 RMSE(val)=539.126808
[GA][Iter4] Gen:7 Ind:17 RMSE(val)=540.949886
[GA][Iter4] Gen:7 Ind:18 RMSE(val)=539.668227
[GA][Iter4] Gen:7 Ind:19 RMSE(val)=540.949886
[GA][Iter4] Gen:7 Ind:20 RMSE(val)=544.316046
[GA][Iter4] gen=7 best_val_rmse=539.126808
[GA][Iter4] Gen:8 Ind:1 RMSE(val)=539.126808
[GA][Iter4] Gen:8 Ind:2 RMSE(val)=539.668227
[GA][Iter4] Gen:8 Ind:3 RMSE(val)=539.668227
[GA][Iter4] Gen:8 Ind:4 RMSE(val)=540.437194
[GA][Iter4] Gen:8 Ind:5 RMSE(val)=540.949886
[GA][Iter4] Gen:8 Ind:6 RMSE(val)=540.949886
[GA][Iter4] Gen:8 Ind:7 RMSE(val)=540.949886
[GA][Iter4] Gen:8 Ind:8 RMSE(val)=540.949886
[GA][Iter4] Gen:8 Ind:9 RMSE(val)=540.949886
[GA][Iter4] Gen:8 Ind:10 RMSE(val)=541.733779
[GA][Iter4] Gen:8 Ind:11 RMSE(val)=540.949886
[GA][Iter4] Gen:8 Ind:12 RMSE(val)=539.126808
[GA][Iter4] Gen:8 Ind:13 RMSE(val)=539.668227
[GA][Iter4] Gen:8 Ind:14 RMSE(val)=539.126808
[GA][Iter4] Gen:8 Ind:15 RMSE(val)=540.949886
[GA][Iter4] Gen:8 Ind:16 RMSE(val)=540.949886
[GA][Iter4] Gen:8 Ind:17 RMSE(val)=540.437194
[GA][Iter4] Gen:8 Ind:18 RMSE(val)=540.949886
[GA][Iter4] Gen:8 Ind:19 RMSE(val)=540.949886
[GA][Iter4] Gen:8 Ind:20 RMSE(val)=540.689197
[GA][Iter4] gen=8 best_val_rmse=539.126808
[GA][Iter4] Gen:9 Ind:1 RMSE(val)=539.126808
[GA][Iter4] Gen:9 Ind:2 RMSE(val)=539.126808
[GA][Iter4] Gen:9 Ind:3 RMSE(val)=539.126808
[GA][Iter4] Gen:9 Ind:4 RMSE(val)=539.668227
[GA][Iter4] Gen:9 Ind:5 RMSE(val)=539.668227
[GA][Iter4] Gen:9 Ind:6 RMSE(val)=539.668227
[GA][Iter4] Gen:9 Ind:7 RMSE(val)=540.437194
[GA][Iter4] Gen:9 Ind:8 RMSE(val)=540.437194
[GA][Iter4] Gen:9 Ind:9 RMSE(val)=540.689197
[GA][Iter4] Gen:9 Ind:10 RMSE(val)=540.949886
[GA][Iter4] Gen:9 Ind:11 RMSE(val)=540.949886
[GA][Iter4] Gen:9 Ind:12 RMSE(val)=540.437194
[GA][Iter4] Gen:9 Ind:13 RMSE(val)=539.126808
[GA][Iter4] Gen:9 Ind:14 RMSE(val)=539.668227
[GA][Iter4] Gen:9 Ind:15 RMSE(val)=539.668227
[GA][Iter4] Gen:9 Ind:16 RMSE(val)=541.019424
[GA][Iter4] Gen:9 Ind:17 RMSE(val)=539.668227
[GA][Iter4] Gen:9 Ind:18 RMSE(val)=539.668227
[GA][Iter4] Gen:9 Ind:19 RMSE(val)=539.668227
[GA][Iter4] Gen:9 Ind:20 RMSE(val)=539.668227
[GA][Iter4] gen=9 best_val_rmse=539.126808
[GA][Iter4] Gen:10 Ind:1 RMSE(val)=539.126808
[GA][Iter4] Gen:10 Ind:2 RMSE(val)=539.126808
[GA][Iter4] Gen:10 Ind:3 RMSE(val)=539.126808
[GA][Iter4] Gen:10 Ind:4 RMSE(val)=539.126808
[GA][Iter4] Gen:10 Ind:5 RMSE(val)=539.668227
[GA][Iter4] Gen:10 Ind:6 RMSE(val)=539.668227
[GA][Iter4] Gen:10 Ind:7 RMSE(val)=539.668227
[GA][Iter4] Gen:10 Ind:8 RMSE(val)=539.668227
[GA][Iter4] Gen:10 Ind:9 RMSE(val)=539.668227
[GA][Iter4] Gen:10 Ind:10 RMSE(val)=539.668227
[GA][Iter4] Gen:10 Ind:11 RMSE(val)=543.086073
[GA][Iter4] Gen:10 Ind:12 RMSE(val)=539.668227
[GA][Iter4] Gen:10 Ind:13 RMSE(val)=539.668227
[GA][Iter4] Gen:10 Ind:14 RMSE(val)=540.437194
[GA][Iter4] Gen:10 Ind:15 RMSE(val)=545.310456
[GA][Iter4] Gen:10 Ind:16 RMSE(val)=545.310456
[GA][Iter4] Gen:10 Ind:17 RMSE(val)=539.668227
[GA][Iter4] Gen:10 Ind:18 RMSE(val)=539.668227
[GA][Iter4] Gen:10 Ind:19 RMSE(val)=539.668227
[GA][Iter4] Gen:10 Ind:20 RMSE(val)=546.525595
[GA][Iter4] gen=10 best_val_rmse=539.126808
[GA][Iter4] Gen:11 Ind:1 RMSE(val)=539.126808
[GA][Iter4] Gen:11 Ind:2 RMSE(val)=539.126808
[GA][Iter4] Gen:11 Ind:3 RMSE(val)=539.126808
[GA][Iter4] Gen:11 Ind:4 RMSE(val)=539.126808
[GA][Iter4] Gen:11 Ind:5 RMSE(val)=539.668227
[GA][Iter4] Gen:11 Ind:6 RMSE(val)=539.668227
[GA][Iter4] Gen:11 Ind:7 RMSE(val)=539.668227
[GA][Iter4] Gen:11 Ind:8 RMSE(val)=539.668227
[GA][Iter4] Gen:11 Ind:9 RMSE(val)=539.668227
[GA][Iter4] Gen:11 Ind:10 RMSE(val)=539.668227
[GA][Iter4] Gen:11 Ind:11 RMSE(val)=545.391920
[GA][Iter4] Gen:11 Ind:12 RMSE(val)=539.668227
[GA][Iter4] Gen:11 Ind:13 RMSE(val)=539.126808
[GA][Iter4] Gen:11 Ind:14 RMSE(val)=540.689197
[GA][Iter4] Gen:11 Ind:15 RMSE(val)=539.668227
[GA][Iter4] Gen:11 Ind:16 RMSE(val)=540.949886
[GA][Iter4] Gen:11 Ind:17 RMSE(val)=539.668227
[GA][Iter4] Gen:11 Ind:18 RMSE(val)=548.687306
[GA][Iter4] Gen:11 Ind:19 RMSE(val)=539.668227
[GA][Iter4] Gen:11 Ind:20 RMSE(val)=553.754130
[GA][Iter4] gen=11 best_val_rmse=539.126808
[GA][Iter4] Gen:12 Ind:1 RMSE(val)=539.126808
[GA][Iter4] Gen:12 Ind:2 RMSE(val)=539.126808
[GA][Iter4] Gen:12 Ind:3 RMSE(val)=539.126808
[GA][Iter4] Gen:12 Ind:4 RMSE(val)=539.126808
[GA][Iter4] Gen:12 Ind:5 RMSE(val)=539.126808
[GA][Iter4] Gen:12 Ind:6 RMSE(val)=539.668227
[GA][Iter4] Gen:12 Ind:7 RMSE(val)=539.668227
[GA][Iter4] Gen:12 Ind:8 RMSE(val)=539.668227
[GA][Iter4] Gen:12 Ind:9 RMSE(val)=539.668227
[GA][Iter4] Gen:12 Ind:10 RMSE(val)=539.668227
[GA][Iter4] Gen:12 Ind:11 RMSE(val)=545.310456
[GA][Iter4] Gen:12 Ind:12 RMSE(val)=563.179403
[GA][Iter4] Gen:12 Ind:13 RMSE(val)=554.749858
[GA][Iter4] Gen:12 Ind:14 RMSE(val)=576.756175
[GA][Iter4] Gen:12 Ind:15 RMSE(val)=539.126808
[GA][Iter4] Gen:12 Ind:16 RMSE(val)=538.731529
[GA][Iter4] Gen:12 Ind:17 RMSE(val)=540.949886
[GA][Iter4] Gen:12 Ind:18 RMSE(val)=540.437194
[GA][Iter4] Gen:12 Ind:19 RMSE(val)=545.391920
[GA][Iter4] Gen:12 Ind:20 RMSE(val)=545.391920
[GA][Iter4] gen=12 best_val_rmse=538.731529
[GA][Iter4] Gen:13 Ind:1 RMSE(val)=538.731529
[GA][Iter4] Gen:13 Ind:2 RMSE(val)=539.126808
[GA][Iter4] Gen:13 Ind:3 RMSE(val)=539.126808
[GA][Iter4] Gen:13 Ind:4 RMSE(val)=539.126808
[GA][Iter4] Gen:13 Ind:5 RMSE(val)=539.126808
[GA][Iter4] Gen:13 Ind:6 RMSE(val)=539.126808
[GA][Iter4] Gen:13 Ind:7 RMSE(val)=539.126808
[GA][Iter4] Gen:13 Ind:8 RMSE(val)=539.668227
[GA][Iter4] Gen:13 Ind:9 RMSE(val)=539.668227
[GA][Iter4] Gen:13 Ind:10 RMSE(val)=539.668227
[GA][Iter4] Gen:13 Ind:11 RMSE(val)=560.419446
[GA][Iter4] Gen:13 Ind:12 RMSE(val)=539.126808
[GA][Iter4] Gen:13 Ind:13 RMSE(val)=543.934128
[GA][Iter4] Gen:13 Ind:14 RMSE(val)=540.949886
[GA][Iter4] Gen:13 Ind:15 RMSE(val)=539.668227
[GA][Iter4] Gen:13 Ind:16 RMSE(val)=545.391920
[GA][Iter4] Gen:13 Ind:17 RMSE(val)=539.668227
[GA][Iter4] Gen:13 Ind:18 RMSE(val)=539.336575
[GA][Iter4] Gen:13 Ind:19 RMSE(val)=539.126808
[GA][Iter4] Gen:13 Ind:20 RMSE(val)=539.126808
[GA][Iter4] gen=13 best_val_rmse=538.731529
[GA][Iter4] Gen:14 Ind:1 RMSE(val)=538.731529
[GA][Iter4] Gen:14 Ind:2 RMSE(val)=539.126808
[GA][Iter4] Gen:14 Ind:3 RMSE(val)=539.126808
[GA][Iter4] Gen:14 Ind:4 RMSE(val)=539.126808
[GA][Iter4] Gen:14 Ind:5 RMSE(val)=539.126808
[GA][Iter4] Gen:14 Ind:6 RMSE(val)=539.126808
[GA][Iter4] Gen:14 Ind:7 RMSE(val)=539.126808
[GA][Iter4] Gen:14 Ind:8 RMSE(val)=539.126808
[GA][Iter4] Gen:14 Ind:9 RMSE(val)=539.126808
[GA][Iter4] Gen:14 Ind:10 RMSE(val)=539.126808
[GA][Iter4] Gen:14 Ind:11 RMSE(val)=539.126808
[GA][Iter4] Gen:14 Ind:12 RMSE(val)=539.126808
[GA][Iter4] Gen:14 Ind:13 RMSE(val)=539.126808
[GA][Iter4] Gen:14 Ind:14 RMSE(val)=539.126808
[GA][Iter4] Gen:14 Ind:15 RMSE(val)=539.126808
[GA][Iter4] Gen:14 Ind:16 RMSE(val)=547.594100
[GA][Iter4] Gen:14 Ind:17 RMSE(val)=539.331383
[GA][Iter4] Gen:14 Ind:18 RMSE(val)=539.126808
[GA][Iter4] Gen:14 Ind:19 RMSE(val)=539.126808
[GA][Iter4] Gen:14 Ind:20 RMSE(val)=539.126808
[GA][Iter4] gen=14 best_val_rmse=538.731529
[GA][Iter4] Gen:15 Ind:1 RMSE(val)=538.731529
[GA][Iter4] Gen:15 Ind:2 RMSE(val)=539.126808
[GA][Iter4] Gen:15 Ind:3 RMSE(val)=539.126808
[GA][Iter4] Gen:15 Ind:4 RMSE(val)=539.126808
[GA][Iter4] Gen:15 Ind:5 RMSE(val)=539.126808
[GA][Iter4] Gen:15 Ind:6 RMSE(val)=539.126808
[GA][Iter4] Gen:15 Ind:7 RMSE(val)=539.126808
[GA][Iter4] Gen:15 Ind:8 RMSE(val)=539.126808
[GA][Iter4] Gen:15 Ind:9 RMSE(val)=539.126808
[GA][Iter4] Gen:15 Ind:10 RMSE(val)=539.126808
[GA][Iter4] Gen:15 Ind:11 RMSE(val)=551.538920
[GA][Iter4] Gen:15 Ind:12 RMSE(val)=539.126808
[GA][Iter4] Gen:15 Ind:13 RMSE(val)=539.126808
[GA][Iter4] Gen:15 Ind:14 RMSE(val)=557.164223
[GA][Iter4] Gen:15 Ind:15 RMSE(val)=539.126808
[GA][Iter4] Gen:15 Ind:16 RMSE(val)=538.731529
[GA][Iter4] Gen:15 Ind:17 RMSE(val)=539.126808
[GA][Iter4] Gen:15 Ind:18 RMSE(val)=539.126808
[GA][Iter4] Gen:15 Ind:19 RMSE(val)=539.126808
[GA][Iter4] Gen:15 Ind:20 RMSE(val)=539.126808
[GA][Iter4] gen=15 best_val_rmse=538.731529
[GA][Iter4] Gen:15 Ind:1 RMSE(val)=538.731529
[GA][Iter4] Gen:15 Ind:2 RMSE(val)=538.731529
[GA][Iter4] Gen:15 Ind:3 RMSE(val)=539.126808
[GA][Iter4] Gen:15 Ind:4 RMSE(val)=539.126808
[GA][Iter4] Gen:15 Ind:5 RMSE(val)=539.126808
[GA][Iter4] Gen:15 Ind:6 RMSE(val)=539.126808
[GA][Iter4] Gen:15 Ind:7 RMSE(val)=539.126808
[GA][Iter4] Gen:15 Ind:8 RMSE(val)=539.126808
[GA][Iter4] Gen:15 Ind:9 RMSE(val)=539.126808
[GA][Iter4] Gen:15 Ind:10 RMSE(val)=539.126808
[GA][Iter4] Gen:15 Ind:11 RMSE(val)=539.126808
[GA][Iter4] Gen:15 Ind:12 RMSE(val)=543.659926
[GA][Iter4] Gen:15 Ind:13 RMSE(val)=543.891691
[GA][Iter4] Gen:15 Ind:14 RMSE(val)=539.126808
[GA][Iter4] Gen:15 Ind:15 RMSE(val)=591.977367
[GA][Iter4] Gen:15 Ind:16 RMSE(val)=539.126808
[GA][Iter4] Gen:15 Ind:17 RMSE(val)=539.126808
[GA][Iter4] Gen:15 Ind:18 RMSE(val)=556.516777
[GA][Iter4] Gen:15 Ind:19 RMSE(val)=539.126808
[GA][Iter4] Gen:15 Ind:20 RMSE(val)=553.126617

[GA DONE][Iter4] Best params on val fold of Iter4
Best val RMSE: 538.731529
Best params: {'n_estimators': 1087, 'learning_rate': 0.04059438202929937, 'max_depth': 5, 'min_samples_split': 15, 'min_samples_leaf': 19, 'subsample': 0.6796069170111165, 'max_features': None}
--------------------------------------------------------------------------------
[RETUNE GA] Iter4: train folds 1..8 -> test fold 9  RMSE=998.186365  NRMSE=0.916797  CVRMSE=0.393152  R2=0.144474
[GA][Iter5] Gen:1 Ind:1 RMSE(val)=992.609722
[GA][Iter5] Gen:1 Ind:2 RMSE(val)=1002.971361
[GA][Iter5] Gen:1 Ind:3 RMSE(val)=968.471448
[GA][Iter5] Gen:1 Ind:4 RMSE(val)=1003.370536
[GA][Iter5] Gen:1 Ind:5 RMSE(val)=994.285636
[GA][Iter5] Gen:1 Ind:6 RMSE(val)=956.416423
[GA][Iter5] Gen:1 Ind:7 RMSE(val)=975.696636
[GA][Iter5] Gen:1 Ind:8 RMSE(val)=973.509296
[GA][Iter5] Gen:1 Ind:9 RMSE(val)=975.537787
[GA][Iter5] Gen:1 Ind:10 RMSE(val)=993.132338
[GA][Iter5] Gen:1 Ind:11 RMSE(val)=1010.825410
[GA][Iter5] Gen:1 Ind:12 RMSE(val)=985.111427
[GA][Iter5] Gen:1 Ind:13 RMSE(val)=971.189971
[GA][Iter5] Gen:1 Ind:14 RMSE(val)=973.887492
[GA][Iter5] Gen:1 Ind:15 RMSE(val)=1008.330133
[GA][Iter5] Gen:1 Ind:16 RMSE(val)=992.785636
[GA][Iter5] Gen:1 Ind:17 RMSE(val)=989.199789
[GA][Iter5] Gen:1 Ind:18 RMSE(val)=972.499253
[GA][Iter5] Gen:1 Ind:19 RMSE(val)=1001.119542
[GA][Iter5] Gen:1 Ind:20 RMSE(val)=1038.552827
[GA][Iter5] gen=1 best_val_rmse=956.416423
[GA][Iter5] Gen:2 Ind:1 RMSE(val)=956.416423
[GA][Iter5] Gen:2 Ind:2 RMSE(val)=968.471448
[GA][Iter5] Gen:2 Ind:3 RMSE(val)=971.189971
[GA][Iter5] Gen:2 Ind:4 RMSE(val)=972.499253
[GA][Iter5] Gen:2 Ind:5 RMSE(val)=973.509296
[GA][Iter5] Gen:2 Ind:6 RMSE(val)=973.887492
[GA][Iter5] Gen:2 Ind:7 RMSE(val)=975.537787
[GA][Iter5] Gen:2 Ind:8 RMSE(val)=975.696636
[GA][Iter5] Gen:2 Ind:9 RMSE(val)=985.111427
[GA][Iter5] Gen:2 Ind:10 RMSE(val)=989.199789
[GA][Iter5] Gen:2 Ind:11 RMSE(val)=1000.451894
[GA][Iter5] Gen:2 Ind:12 RMSE(val)=974.174753
[GA][Iter5] Gen:2 Ind:13 RMSE(val)=975.334572
[GA][Iter5] Gen:2 Ind:14 RMSE(val)=974.458226
[GA][Iter5] Gen:2 Ind:15 RMSE(val)=975.065665
[GA][Iter5] Gen:2 Ind:16 RMSE(val)=941.743737
[GA][Iter5] Gen:2 Ind:17 RMSE(val)=991.285940
[GA][Iter5] Gen:2 Ind:18 RMSE(val)=982.509364
[GA][Iter5] Gen:2 Ind:19 RMSE(val)=980.750759
[GA][Iter5] Gen:2 Ind:20 RMSE(val)=960.081120
[GA][Iter5] gen=2 best_val_rmse=941.743737
[GA][Iter5] Gen:3 Ind:1 RMSE(val)=941.743737
[GA][Iter5] Gen:3 Ind:2 RMSE(val)=956.416423
[GA][Iter5] Gen:3 Ind:3 RMSE(val)=960.081120
[GA][Iter5] Gen:3 Ind:4 RMSE(val)=968.471448
[GA][Iter5] Gen:3 Ind:5 RMSE(val)=971.189971
[GA][Iter5] Gen:3 Ind:6 RMSE(val)=972.499253
[GA][Iter5] Gen:3 Ind:7 RMSE(val)=973.509296
[GA][Iter5] Gen:3 Ind:8 RMSE(val)=973.887492
[GA][Iter5] Gen:3 Ind:9 RMSE(val)=974.174753
[GA][Iter5] Gen:3 Ind:10 RMSE(val)=974.458226
[GA][Iter5] Gen:3 Ind:11 RMSE(val)=995.923413
[GA][Iter5] Gen:3 Ind:12 RMSE(val)=958.525037
[GA][Iter5] Gen:3 Ind:13 RMSE(val)=963.692339
[GA][Iter5] Gen:3 Ind:14 RMSE(val)=992.377085
[GA][Iter5] Gen:3 Ind:15 RMSE(val)=941.743737
[GA][Iter5] Gen:3 Ind:16 RMSE(val)=964.981467
[GA][Iter5] Gen:3 Ind:17 RMSE(val)=963.108826
[GA][Iter5] Gen:3 Ind:18 RMSE(val)=968.579078
[GA][Iter5] Gen:3 Ind:19 RMSE(val)=959.574314
[GA][Iter5] Gen:3 Ind:20 RMSE(val)=983.769727
[GA][Iter5] gen=3 best_val_rmse=941.743737
[GA][Iter5] Gen:4 Ind:1 RMSE(val)=941.743737
[GA][Iter5] Gen:4 Ind:2 RMSE(val)=941.743737
[GA][Iter5] Gen:4 Ind:3 RMSE(val)=956.416423
[GA][Iter5] Gen:4 Ind:4 RMSE(val)=958.525037
[GA][Iter5] Gen:4 Ind:5 RMSE(val)=959.574314
[GA][Iter5] Gen:4 Ind:6 RMSE(val)=960.081120
[GA][Iter5] Gen:4 Ind:7 RMSE(val)=963.108826
[GA][Iter5] Gen:4 Ind:8 RMSE(val)=963.692339
[GA][Iter5] Gen:4 Ind:9 RMSE(val)=964.981467
[GA][Iter5] Gen:4 Ind:10 RMSE(val)=968.471448
[GA][Iter5] Gen:4 Ind:11 RMSE(val)=960.993995
[GA][Iter5] Gen:4 Ind:12 RMSE(val)=945.861419
[GA][Iter5] Gen:4 Ind:13 RMSE(val)=952.365771
[GA][Iter5] Gen:4 Ind:14 RMSE(val)=960.578866
[GA][Iter5] Gen:4 Ind:15 RMSE(val)=940.904629
[GA][Iter5] Gen:4 Ind:16 RMSE(val)=952.166550
[GA][Iter5] Gen:4 Ind:17 RMSE(val)=958.078929
[GA][Iter5] Gen:4 Ind:18 RMSE(val)=989.408599
[GA][Iter5] Gen:4 Ind:19 RMSE(val)=974.065005
[GA][Iter5] Gen:4 Ind:20 RMSE(val)=945.535067
[GA][Iter5] gen=4 best_val_rmse=940.904629
[GA][Iter5] Gen:5 Ind:1 RMSE(val)=940.904629
[GA][Iter5] Gen:5 Ind:2 RMSE(val)=941.743737
[GA][Iter5] Gen:5 Ind:3 RMSE(val)=941.743737
[GA][Iter5] Gen:5 Ind:4 RMSE(val)=945.535067
[GA][Iter5] Gen:5 Ind:5 RMSE(val)=945.861419
[GA][Iter5] Gen:5 Ind:6 RMSE(val)=952.166550
[GA][Iter5] Gen:5 Ind:7 RMSE(val)=952.365771
[GA][Iter5] Gen:5 Ind:8 RMSE(val)=956.416423
[GA][Iter5] Gen:5 Ind:9 RMSE(val)=958.078929
[GA][Iter5] Gen:5 Ind:10 RMSE(val)=958.525037
[GA][Iter5] Gen:5 Ind:11 RMSE(val)=956.416423
[GA][Iter5] Gen:5 Ind:12 RMSE(val)=942.248317
[GA][Iter5] Gen:5 Ind:13 RMSE(val)=958.525037
[GA][Iter5] Gen:5 Ind:14 RMSE(val)=941.743737
[GA][Iter5] Gen:5 Ind:15 RMSE(val)=945.258133
[GA][Iter5] Gen:5 Ind:16 RMSE(val)=979.621422
[GA][Iter5] Gen:5 Ind:17 RMSE(val)=956.416423
[GA][Iter5] Gen:5 Ind:18 RMSE(val)=965.685820
[GA][Iter5] Gen:5 Ind:19 RMSE(val)=958.801061
[GA][Iter5] Gen:5 Ind:20 RMSE(val)=945.015268
[GA][Iter5] gen=5 best_val_rmse=940.904629
[GA][Iter5] Gen:6 Ind:1 RMSE(val)=940.904629
[GA][Iter5] Gen:6 Ind:2 RMSE(val)=941.743737
[GA][Iter5] Gen:6 Ind:3 RMSE(val)=941.743737
[GA][Iter5] Gen:6 Ind:4 RMSE(val)=941.743737
[GA][Iter5] Gen:6 Ind:5 RMSE(val)=942.248317
[GA][Iter5] Gen:6 Ind:6 RMSE(val)=945.015268
[GA][Iter5] Gen:6 Ind:7 RMSE(val)=945.258133
[GA][Iter5] Gen:6 Ind:8 RMSE(val)=945.535067
[GA][Iter5] Gen:6 Ind:9 RMSE(val)=945.861419
[GA][Iter5] Gen:6 Ind:10 RMSE(val)=952.166550
[GA][Iter5] Gen:6 Ind:11 RMSE(val)=943.566921
[GA][Iter5] Gen:6 Ind:12 RMSE(val)=957.723156
[GA][Iter5] Gen:6 Ind:13 RMSE(val)=947.518138
[GA][Iter5] Gen:6 Ind:14 RMSE(val)=941.743737
[GA][Iter5] Gen:6 Ind:15 RMSE(val)=947.466608
[GA][Iter5] Gen:6 Ind:16 RMSE(val)=942.248317
[GA][Iter5] Gen:6 Ind:17 RMSE(val)=942.248317
[GA][Iter5] Gen:6 Ind:18 RMSE(val)=945.015268
[GA][Iter5] Gen:6 Ind:19 RMSE(val)=942.301709
[GA][Iter5] Gen:6 Ind:20 RMSE(val)=942.066381
[GA][Iter5] gen=6 best_val_rmse=940.904629
[GA][Iter5] Gen:7 Ind:1 RMSE(val)=940.904629
[GA][Iter5] Gen:7 Ind:2 RMSE(val)=941.743737
[GA][Iter5] Gen:7 Ind:3 RMSE(val)=941.743737
[GA][Iter5] Gen:7 Ind:4 RMSE(val)=941.743737
[GA][Iter5] Gen:7 Ind:5 RMSE(val)=941.743737
[GA][Iter5] Gen:7 Ind:6 RMSE(val)=942.066381
[GA][Iter5] Gen:7 Ind:7 RMSE(val)=942.248317
[GA][Iter5] Gen:7 Ind:8 RMSE(val)=942.248317
[GA][Iter5] Gen:7 Ind:9 RMSE(val)=942.248317
[GA][Iter5] Gen:7 Ind:10 RMSE(val)=942.301709
[GA][Iter5] Gen:7 Ind:11 RMSE(val)=942.248317
[GA][Iter5] Gen:7 Ind:12 RMSE(val)=942.128141
[GA][Iter5] Gen:7 Ind:13 RMSE(val)=940.904629
[GA][Iter5] Gen:7 Ind:14 RMSE(val)=940.904629
[GA][Iter5] Gen:7 Ind:15 RMSE(val)=938.633899
[GA][Iter5] Gen:7 Ind:16 RMSE(val)=944.849970
[GA][Iter5] Gen:7 Ind:17 RMSE(val)=944.891389
[GA][Iter5] Gen:7 Ind:18 RMSE(val)=940.904629
[GA][Iter5] Gen:7 Ind:19 RMSE(val)=941.743737
[GA][Iter5] Gen:7 Ind:20 RMSE(val)=945.670196
[GA][Iter5] gen=7 best_val_rmse=938.633899
[GA][Iter5] Gen:8 Ind:1 RMSE(val)=938.633899
[GA][Iter5] Gen:8 Ind:2 RMSE(val)=940.904629
[GA][Iter5] Gen:8 Ind:3 RMSE(val)=940.904629
[GA][Iter5] Gen:8 Ind:4 RMSE(val)=940.904629
[GA][Iter5] Gen:8 Ind:5 RMSE(val)=940.904629
[GA][Iter5] Gen:8 Ind:6 RMSE(val)=941.743737
[GA][Iter5] Gen:8 Ind:7 RMSE(val)=941.743737
[GA][Iter5] Gen:8 Ind:8 RMSE(val)=941.743737
[GA][Iter5] Gen:8 Ind:9 RMSE(val)=941.743737
[GA][Iter5] Gen:8 Ind:10 RMSE(val)=941.743737
[GA][Iter5] Gen:8 Ind:11 RMSE(val)=941.743737
[GA][Iter5] Gen:8 Ind:12 RMSE(val)=942.248317
[GA][Iter5] Gen:8 Ind:13 RMSE(val)=940.904629
[GA][Iter5] Gen:8 Ind:14 RMSE(val)=938.633899
[GA][Iter5] Gen:8 Ind:15 RMSE(val)=941.743737
[GA][Iter5] Gen:8 Ind:16 RMSE(val)=941.743737
[GA][Iter5] Gen:8 Ind:17 RMSE(val)=940.904629
[GA][Iter5] Gen:8 Ind:18 RMSE(val)=941.743737
[GA][Iter5] Gen:8 Ind:19 RMSE(val)=941.743737
[GA][Iter5] Gen:8 Ind:20 RMSE(val)=941.743737
[GA][Iter5] gen=8 best_val_rmse=938.633899
[GA][Iter5] Gen:9 Ind:1 RMSE(val)=938.633899
[GA][Iter5] Gen:9 Ind:2 RMSE(val)=938.633899
[GA][Iter5] Gen:9 Ind:3 RMSE(val)=940.904629
[GA][Iter5] Gen:9 Ind:4 RMSE(val)=940.904629
[GA][Iter5] Gen:9 Ind:5 RMSE(val)=940.904629
[GA][Iter5] Gen:9 Ind:6 RMSE(val)=940.904629
[GA][Iter5] Gen:9 Ind:7 RMSE(val)=940.904629
[GA][Iter5] Gen:9 Ind:8 RMSE(val)=940.904629
[GA][Iter5] Gen:9 Ind:9 RMSE(val)=941.743737
[GA][Iter5] Gen:9 Ind:10 RMSE(val)=941.743737
[GA][Iter5] Gen:9 Ind:11 RMSE(val)=941.743737
[GA][Iter5] Gen:9 Ind:12 RMSE(val)=940.904629
[GA][Iter5] Gen:9 Ind:13 RMSE(val)=942.248317
[GA][Iter5] Gen:9 Ind:14 RMSE(val)=940.904629
[GA][Iter5] Gen:9 Ind:15 RMSE(val)=940.904629
[GA][Iter5] Gen:9 Ind:16 RMSE(val)=942.715651
[GA][Iter5] Gen:9 Ind:17 RMSE(val)=940.904629
[GA][Iter5] Gen:9 Ind:18 RMSE(val)=940.904629
[GA][Iter5] Gen:9 Ind:19 RMSE(val)=940.904629
[GA][Iter5] Gen:9 Ind:20 RMSE(val)=940.904629
[GA][Iter5] gen=9 best_val_rmse=938.633899
[GA][Iter5] Gen:10 Ind:1 RMSE(val)=938.633899
[GA][Iter5] Gen:10 Ind:2 RMSE(val)=938.633899
[GA][Iter5] Gen:10 Ind:3 RMSE(val)=940.904629
[GA][Iter5] Gen:10 Ind:4 RMSE(val)=940.904629
[GA][Iter5] Gen:10 Ind:5 RMSE(val)=940.904629
[GA][Iter5] Gen:10 Ind:6 RMSE(val)=940.904629
[GA][Iter5] Gen:10 Ind:7 RMSE(val)=940.904629
[GA][Iter5] Gen:10 Ind:8 RMSE(val)=940.904629
[GA][Iter5] Gen:10 Ind:9 RMSE(val)=940.904629
[GA][Iter5] Gen:10 Ind:10 RMSE(val)=940.904629
[GA][Iter5] Gen:10 Ind:11 RMSE(val)=944.849285
[GA][Iter5] Gen:10 Ind:12 RMSE(val)=940.904629
[GA][Iter5] Gen:10 Ind:13 RMSE(val)=940.904629
[GA][Iter5] Gen:10 Ind:14 RMSE(val)=940.904629
[GA][Iter5] Gen:10 Ind:15 RMSE(val)=938.633899
[GA][Iter5] Gen:10 Ind:16 RMSE(val)=938.633899
[GA][Iter5] Gen:10 Ind:17 RMSE(val)=940.904629
[GA][Iter5] Gen:10 Ind:18 RMSE(val)=940.904629
[GA][Iter5] Gen:10 Ind:19 RMSE(val)=940.904629
[GA][Iter5] Gen:10 Ind:20 RMSE(val)=946.940070
[GA][Iter5] gen=10 best_val_rmse=938.633899
[GA][Iter5] Gen:11 Ind:1 RMSE(val)=938.633899
[GA][Iter5] Gen:11 Ind:2 RMSE(val)=938.633899
[GA][Iter5] Gen:11 Ind:3 RMSE(val)=938.633899
[GA][Iter5] Gen:11 Ind:4 RMSE(val)=938.633899
[GA][Iter5] Gen:11 Ind:5 RMSE(val)=940.904629
[GA][Iter5] Gen:11 Ind:6 RMSE(val)=940.904629
[GA][Iter5] Gen:11 Ind:7 RMSE(val)=940.904629
[GA][Iter5] Gen:11 Ind:8 RMSE(val)=940.904629
[GA][Iter5] Gen:11 Ind:9 RMSE(val)=940.904629
[GA][Iter5] Gen:11 Ind:10 RMSE(val)=940.904629
[GA][Iter5] Gen:11 Ind:11 RMSE(val)=940.407841
[GA][Iter5] Gen:11 Ind:12 RMSE(val)=940.904629
[GA][Iter5] Gen:11 Ind:13 RMSE(val)=938.633899
[GA][Iter5] Gen:11 Ind:14 RMSE(val)=944.891389
[GA][Iter5] Gen:11 Ind:15 RMSE(val)=940.904629
[GA][Iter5] Gen:11 Ind:16 RMSE(val)=944.891389
[GA][Iter5] Gen:11 Ind:17 RMSE(val)=940.904629
[GA][Iter5] Gen:11 Ind:18 RMSE(val)=948.751896
[GA][Iter5] Gen:11 Ind:19 RMSE(val)=940.904629
[GA][Iter5] Gen:11 Ind:20 RMSE(val)=956.887366
[GA][Iter5] gen=11 best_val_rmse=938.633899
[GA][Iter5] Gen:12 Ind:1 RMSE(val)=938.633899
[GA][Iter5] Gen:12 Ind:2 RMSE(val)=938.633899
[GA][Iter5] Gen:12 Ind:3 RMSE(val)=938.633899
[GA][Iter5] Gen:12 Ind:4 RMSE(val)=938.633899
[GA][Iter5] Gen:12 Ind:5 RMSE(val)=938.633899
[GA][Iter5] Gen:12 Ind:6 RMSE(val)=940.407841
[GA][Iter5] Gen:12 Ind:7 RMSE(val)=940.904629
[GA][Iter5] Gen:12 Ind:8 RMSE(val)=940.904629
[GA][Iter5] Gen:12 Ind:9 RMSE(val)=940.904629
[GA][Iter5] Gen:12 Ind:10 RMSE(val)=940.904629
[GA][Iter5] Gen:12 Ind:11 RMSE(val)=942.248317
[GA][Iter5] Gen:12 Ind:12 RMSE(val)=940.083914
[GA][Iter5] Gen:12 Ind:13 RMSE(val)=938.759789
[GA][Iter5] Gen:12 Ind:14 RMSE(val)=940.904629
[GA][Iter5] Gen:12 Ind:15 RMSE(val)=938.633899
[GA][Iter5] Gen:12 Ind:16 RMSE(val)=943.478108
[GA][Iter5] Gen:12 Ind:17 RMSE(val)=941.743737
[GA][Iter5] Gen:12 Ind:18 RMSE(val)=940.407841
[GA][Iter5] Gen:12 Ind:19 RMSE(val)=954.294473
[GA][Iter5] Gen:12 Ind:20 RMSE(val)=940.407841
[GA][Iter5] gen=12 best_val_rmse=938.633899
[GA][Iter5] Gen:13 Ind:1 RMSE(val)=938.633899
[GA][Iter5] Gen:13 Ind:2 RMSE(val)=938.633899
[GA][Iter5] Gen:13 Ind:3 RMSE(val)=938.633899
[GA][Iter5] Gen:13 Ind:4 RMSE(val)=938.633899
[GA][Iter5] Gen:13 Ind:5 RMSE(val)=938.633899
[GA][Iter5] Gen:13 Ind:6 RMSE(val)=938.633899
[GA][Iter5] Gen:13 Ind:7 RMSE(val)=938.759789
[GA][Iter5] Gen:13 Ind:8 RMSE(val)=940.083914
[GA][Iter5] Gen:13 Ind:9 RMSE(val)=940.407841
[GA][Iter5] Gen:13 Ind:10 RMSE(val)=940.407841
[GA][Iter5] Gen:13 Ind:11 RMSE(val)=938.905089
[GA][Iter5] Gen:13 Ind:12 RMSE(val)=938.633899
[GA][Iter5] Gen:13 Ind:13 RMSE(val)=941.229002
[GA][Iter5] Gen:13 Ind:14 RMSE(val)=941.743737
[GA][Iter5] Gen:13 Ind:15 RMSE(val)=945.670196
[GA][Iter5] Gen:13 Ind:16 RMSE(val)=938.825810
[GA][Iter5] Gen:13 Ind:17 RMSE(val)=949.492166
[GA][Iter5] Gen:13 Ind:18 RMSE(val)=942.467425
[GA][Iter5] Gen:13 Ind:19 RMSE(val)=938.633899
[GA][Iter5] Gen:13 Ind:20 RMSE(val)=938.633899
[GA][Iter5] gen=13 best_val_rmse=938.633899
[GA][Iter5] Gen:14 Ind:1 RMSE(val)=938.633899
[GA][Iter5] Gen:14 Ind:2 RMSE(val)=938.633899
[GA][Iter5] Gen:14 Ind:3 RMSE(val)=938.633899
[GA][Iter5] Gen:14 Ind:4 RMSE(val)=938.633899
[GA][Iter5] Gen:14 Ind:5 RMSE(val)=938.633899
[GA][Iter5] Gen:14 Ind:6 RMSE(val)=938.633899
[GA][Iter5] Gen:14 Ind:7 RMSE(val)=938.633899
[GA][Iter5] Gen:14 Ind:8 RMSE(val)=938.633899
[GA][Iter5] Gen:14 Ind:9 RMSE(val)=938.633899
[GA][Iter5] Gen:14 Ind:10 RMSE(val)=938.759789
[GA][Iter5] Gen:14 Ind:11 RMSE(val)=938.633899
[GA][Iter5] Gen:14 Ind:12 RMSE(val)=938.633899
[GA][Iter5] Gen:14 Ind:13 RMSE(val)=938.633899
[GA][Iter5] Gen:14 Ind:14 RMSE(val)=938.633899
[GA][Iter5] Gen:14 Ind:15 RMSE(val)=938.633899
[GA][Iter5] Gen:14 Ind:16 RMSE(val)=938.759789
[GA][Iter5] Gen:14 Ind:17 RMSE(val)=938.555380
[GA][Iter5] Gen:14 Ind:18 RMSE(val)=938.633899
[GA][Iter5] Gen:14 Ind:19 RMSE(val)=938.633899
[GA][Iter5] Gen:14 Ind:20 RMSE(val)=938.633899
[GA][Iter5] gen=14 best_val_rmse=938.555380
[GA][Iter5] Gen:15 Ind:1 RMSE(val)=938.555380
[GA][Iter5] Gen:15 Ind:2 RMSE(val)=938.633899
[GA][Iter5] Gen:15 Ind:3 RMSE(val)=938.633899
[GA][Iter5] Gen:15 Ind:4 RMSE(val)=938.633899
[GA][Iter5] Gen:15 Ind:5 RMSE(val)=938.633899
[GA][Iter5] Gen:15 Ind:6 RMSE(val)=938.633899
[GA][Iter5] Gen:15 Ind:7 RMSE(val)=938.633899
[GA][Iter5] Gen:15 Ind:8 RMSE(val)=938.633899
[GA][Iter5] Gen:15 Ind:9 RMSE(val)=938.633899
[GA][Iter5] Gen:15 Ind:10 RMSE(val)=938.633899
[GA][Iter5] Gen:15 Ind:11 RMSE(val)=943.443154
[GA][Iter5] Gen:15 Ind:12 RMSE(val)=938.633899
[GA][Iter5] Gen:15 Ind:13 RMSE(val)=938.633899
[GA][Iter5] Gen:15 Ind:14 RMSE(val)=947.100416
[GA][Iter5] Gen:15 Ind:15 RMSE(val)=938.633899
[GA][Iter5] Gen:15 Ind:16 RMSE(val)=938.555380
[GA][Iter5] Gen:15 Ind:17 RMSE(val)=938.633899
[GA][Iter5] Gen:15 Ind:18 RMSE(val)=938.633899
[GA][Iter5] Gen:15 Ind:19 RMSE(val)=938.633899
[GA][Iter5] Gen:15 Ind:20 RMSE(val)=938.633899
[GA][Iter5] gen=15 best_val_rmse=938.555380
[GA][Iter5] Gen:15 Ind:1 RMSE(val)=938.555380
[GA][Iter5] Gen:15 Ind:2 RMSE(val)=938.555380
[GA][Iter5] Gen:15 Ind:3 RMSE(val)=938.633899
[GA][Iter5] Gen:15 Ind:4 RMSE(val)=938.633899
[GA][Iter5] Gen:15 Ind:5 RMSE(val)=938.633899
[GA][Iter5] Gen:15 Ind:6 RMSE(val)=938.633899
[GA][Iter5] Gen:15 Ind:7 RMSE(val)=938.633899
[GA][Iter5] Gen:15 Ind:8 RMSE(val)=938.633899
[GA][Iter5] Gen:15 Ind:9 RMSE(val)=938.633899
[GA][Iter5] Gen:15 Ind:10 RMSE(val)=938.633899
[GA][Iter5] Gen:15 Ind:11 RMSE(val)=938.633899
[GA][Iter5] Gen:15 Ind:12 RMSE(val)=938.726694
[GA][Iter5] Gen:15 Ind:13 RMSE(val)=952.878342
[GA][Iter5] Gen:15 Ind:14 RMSE(val)=938.633899
[GA][Iter5] Gen:15 Ind:15 RMSE(val)=938.633899
[GA][Iter5] Gen:15 Ind:16 RMSE(val)=938.633899
[GA][Iter5] Gen:15 Ind:17 RMSE(val)=938.633899
[GA][Iter5] Gen:15 Ind:18 RMSE(val)=943.457539
[GA][Iter5] Gen:15 Ind:19 RMSE(val)=938.633899
[GA][Iter5] Gen:15 Ind:20 RMSE(val)=940.844857

[GA DONE][Iter5] Best params on val fold of Iter5
Best val RMSE: 938.555380
Best params: {'n_estimators': 843, 'learning_rate': 0.008691980935053177, 'max_depth': 2, 'min_samples_split': 20, 'min_samples_leaf': 12, 'subsample': 0.7539069246698, 'max_features': 'sqrt'}
--------------------------------------------------------------------------------
[RETUNE GA] Iter5: train folds 1..9 -> test fold 10  RMSE=1147.058885  NRMSE=0.726081  CVRMSE=0.410247  R2=0.463392
