=== BASELINE (project=rustlang, last-7 mean, expanding folds) ===
Iter1: train folds 1..5 -> test fold 6  RMSE=165.1339  NRMSE=0.9747  CVRMSE=0.3044  R²=0.0480
Iter2: train folds 1..6 -> test fold 7  RMSE=100.8597  NRMSE=1.0164  CVRMSE=0.2396  R²=-0.0352
Iter3: train folds 1..7 -> test fold 8  RMSE=123.2993  NRMSE=1.0237  CVRMSE=0.2797  R²=-0.0502
Iter4: train folds 1..8 -> test fold 9  RMSE=120.3522  NRMSE=1.0423  CVRMSE=0.2567  R²=-0.0887
Iter5: train folds 1..9 -> test fold 10  RMSE=99.4205  NRMSE=1.0406  CVRMSE=0.2131  R²=-0.0852
--------------------------------------------------
[FEATURES] initial=137 kept_after_screening=73
['workflow_event_trigger', 'issuer_name', 'gh_files_added', 'gh_files_deleted', 'gh_files_modified', 'gh_lines_deleted', 'gh_test_churn', 'gh_is_pr', 'gh_description_complexity', 'gh_doc_files', 'total_jobs', 'gh_team_size_last_3_month', 'gh_num_pr_comments', 'docker_compose_changed', 'hour', 'dow', 'month', 'secs_since_prev', 'duration_lag_1', 'duration_lag_3', 'duration_lag_4', 'duration_lag_5', 'duration_lag_6', 'duration_lag_7', 'window_avg_7', 'window_std_7', 'ft___Dockerfile__', 'ft___css_', 'ft___hbs__', 'ft___j2__', 'ft___json5_', 'ft___lock_', 'ft___md_', 'ft___patch_', 'ft___rs_', 'ft___snap__', 'ft___snap___', 'ft___sql_', 'ft___toml_', 'ft___toml__', 'ft___ts_', 'ft___ts__', 'ft___txt__', 'ft___yaml_', 'ft___yaml__', 'ft___yml_', 'ft___yml__', 'ft____Dockerfile_', 'ft____Dockerfile__', 'ft____css__', 'ft____hbs_', 'ft____hbs__', 'ft____html__', 'ft____js__', 'ft____json__', 'ft____json5__', 'ft____lock__', 'ft____md__', 'ft____patch_', 'ft____pem_', 'ft____rs_', 'ft____rs__', 'ft____rs____dup1', 'ft____snap_', 'ft____snap__', 'ft____sql_', 'ft____sql__', 'ft____toml__', 'ft____ts_', 'ft____ts__', 'ft____yaml__', 'ft____yml__', 'ft___']
--------------------------------------------------------------------------------
[GA][Iter1] Gen:1 Ind:1 RMSE(val)=102.150131
[GA][Iter1] Gen:1 Ind:2 RMSE(val)=120.514781
[GA][Iter1] Gen:1 Ind:3 RMSE(val)=99.194019
[GA][Iter1] Gen:1 Ind:4 RMSE(val)=112.946492
[GA][Iter1] Gen:1 Ind:5 RMSE(val)=104.902808
[GA][Iter1] Gen:1 Ind:6 RMSE(val)=103.382353
[GA][Iter1] Gen:1 Ind:7 RMSE(val)=92.104147
[GA][Iter1] Gen:1 Ind:8 RMSE(val)=100.179597
[GA][Iter1] Gen:1 Ind:9 RMSE(val)=103.981751
[GA][Iter1] Gen:1 Ind:10 RMSE(val)=106.219361
[GA][Iter1] Gen:1 Ind:11 RMSE(val)=94.174146
[GA][Iter1] Gen:1 Ind:12 RMSE(val)=119.342658
[GA][Iter1] Gen:1 Ind:13 RMSE(val)=90.812189
[GA][Iter1] Gen:1 Ind:14 RMSE(val)=112.599909
[GA][Iter1] Gen:1 Ind:15 RMSE(val)=107.336001
[GA][Iter1] Gen:1 Ind:16 RMSE(val)=118.104503
[GA][Iter1] Gen:1 Ind:17 RMSE(val)=84.591957
[GA][Iter1] Gen:1 Ind:18 RMSE(val)=97.972954
[GA][Iter1] Gen:1 Ind:19 RMSE(val)=101.021708
[GA][Iter1] Gen:1 Ind:20 RMSE(val)=106.436132
[GA][Iter1] gen=1 best_val_rmse=84.591957
[GA][Iter1] Gen:2 Ind:1 RMSE(val)=84.591957
[GA][Iter1] Gen:2 Ind:2 RMSE(val)=90.812189
[GA][Iter1] Gen:2 Ind:3 RMSE(val)=92.104147
[GA][Iter1] Gen:2 Ind:4 RMSE(val)=94.174146
[GA][Iter1] Gen:2 Ind:5 RMSE(val)=97.972954
[GA][Iter1] Gen:2 Ind:6 RMSE(val)=99.194019
[GA][Iter1] Gen:2 Ind:7 RMSE(val)=100.179597
[GA][Iter1] Gen:2 Ind:8 RMSE(val)=101.021708
[GA][Iter1] Gen:2 Ind:9 RMSE(val)=102.150131
[GA][Iter1] Gen:2 Ind:10 RMSE(val)=103.382353
[GA][Iter1] Gen:2 Ind:11 RMSE(val)=96.493940
[GA][Iter1] Gen:2 Ind:12 RMSE(val)=92.635415
[GA][Iter1] Gen:2 Ind:13 RMSE(val)=86.150983
[GA][Iter1] Gen:2 Ind:14 RMSE(val)=88.205785
[GA][Iter1] Gen:2 Ind:15 RMSE(val)=105.712710
[GA][Iter1] Gen:2 Ind:16 RMSE(val)=84.475576
[GA][Iter1] Gen:2 Ind:17 RMSE(val)=95.982105
[GA][Iter1] Gen:2 Ind:18 RMSE(val)=88.042823
[GA][Iter1] Gen:2 Ind:19 RMSE(val)=90.784454
[GA][Iter1] Gen:2 Ind:20 RMSE(val)=94.247496
[GA][Iter1] gen=2 best_val_rmse=84.475576
[GA][Iter1] Gen:3 Ind:1 RMSE(val)=84.475576
[GA][Iter1] Gen:3 Ind:2 RMSE(val)=84.591957
[GA][Iter1] Gen:3 Ind:3 RMSE(val)=86.150983
[GA][Iter1] Gen:3 Ind:4 RMSE(val)=88.042823
[GA][Iter1] Gen:3 Ind:5 RMSE(val)=88.205785
[GA][Iter1] Gen:3 Ind:6 RMSE(val)=90.784454
[GA][Iter1] Gen:3 Ind:7 RMSE(val)=90.812189
[GA][Iter1] Gen:3 Ind:8 RMSE(val)=92.104147
[GA][Iter1] Gen:3 Ind:9 RMSE(val)=92.635415
[GA][Iter1] Gen:3 Ind:10 RMSE(val)=94.174146
[GA][Iter1] Gen:3 Ind:11 RMSE(val)=93.516478
[GA][Iter1] Gen:3 Ind:12 RMSE(val)=92.065517
[GA][Iter1] Gen:3 Ind:13 RMSE(val)=86.115028
[GA][Iter1] Gen:3 Ind:14 RMSE(val)=88.148425
[GA][Iter1] Gen:3 Ind:15 RMSE(val)=84.591957
[GA][Iter1] Gen:3 Ind:16 RMSE(val)=92.301814
[GA][Iter1] Gen:3 Ind:17 RMSE(val)=92.245742
[GA][Iter1] Gen:3 Ind:18 RMSE(val)=91.121763
[GA][Iter1] Gen:3 Ind:19 RMSE(val)=90.498441
[GA][Iter1] Gen:3 Ind:20 RMSE(val)=95.276238
[GA][Iter1] gen=3 best_val_rmse=84.475576
[GA][Iter1] Gen:4 Ind:1 RMSE(val)=84.475576
[GA][Iter1] Gen:4 Ind:2 RMSE(val)=84.591957
[GA][Iter1] Gen:4 Ind:3 RMSE(val)=84.591957
[GA][Iter1] Gen:4 Ind:4 RMSE(val)=86.115028
[GA][Iter1] Gen:4 Ind:5 RMSE(val)=86.150983
[GA][Iter1] Gen:4 Ind:6 RMSE(val)=88.042823
[GA][Iter1] Gen:4 Ind:7 RMSE(val)=88.148425
[GA][Iter1] Gen:4 Ind:8 RMSE(val)=88.205785
[GA][Iter1] Gen:4 Ind:9 RMSE(val)=90.498441
[GA][Iter1] Gen:4 Ind:10 RMSE(val)=90.784454
[GA][Iter1] Gen:4 Ind:11 RMSE(val)=92.052086
[GA][Iter1] Gen:4 Ind:12 RMSE(val)=84.930529
[GA][Iter1] Gen:4 Ind:13 RMSE(val)=87.175117
[GA][Iter1] Gen:4 Ind:14 RMSE(val)=84.591957
[GA][Iter1] Gen:4 Ind:15 RMSE(val)=84.074847
[GA][Iter1] Gen:4 Ind:16 RMSE(val)=86.314735
[GA][Iter1] Gen:4 Ind:17 RMSE(val)=91.394500
[GA][Iter1] Gen:4 Ind:18 RMSE(val)=86.333473
[GA][Iter1] Gen:4 Ind:19 RMSE(val)=95.897461
[GA][Iter1] Gen:4 Ind:20 RMSE(val)=85.629899
[GA][Iter1] gen=4 best_val_rmse=84.074847
[GA][Iter1] Gen:5 Ind:1 RMSE(val)=84.074847
[GA][Iter1] Gen:5 Ind:2 RMSE(val)=84.475576
[GA][Iter1] Gen:5 Ind:3 RMSE(val)=84.591957
[GA][Iter1] Gen:5 Ind:4 RMSE(val)=84.591957
[GA][Iter1] Gen:5 Ind:5 RMSE(val)=84.591957
[GA][Iter1] Gen:5 Ind:6 RMSE(val)=84.930529
[GA][Iter1] Gen:5 Ind:7 RMSE(val)=85.629899
[GA][Iter1] Gen:5 Ind:8 RMSE(val)=86.115028
[GA][Iter1] Gen:5 Ind:9 RMSE(val)=86.150983
[GA][Iter1] Gen:5 Ind:10 RMSE(val)=86.314735
[GA][Iter1] Gen:5 Ind:11 RMSE(val)=84.591957
[GA][Iter1] Gen:5 Ind:12 RMSE(val)=85.059533
[GA][Iter1] Gen:5 Ind:13 RMSE(val)=86.314735
[GA][Iter1] Gen:5 Ind:14 RMSE(val)=84.591957
[GA][Iter1] Gen:5 Ind:15 RMSE(val)=84.685848
[GA][Iter1] Gen:5 Ind:16 RMSE(val)=86.150983
[GA][Iter1] Gen:5 Ind:17 RMSE(val)=85.518579
[GA][Iter1] Gen:5 Ind:18 RMSE(val)=84.475576
[GA][Iter1] Gen:5 Ind:19 RMSE(val)=84.685848
[GA][Iter1] Gen:5 Ind:20 RMSE(val)=85.808546
[GA][Iter1] gen=5 best_val_rmse=84.074847
[GA][Iter1] Gen:6 Ind:1 RMSE(val)=84.074847
[GA][Iter1] Gen:6 Ind:2 RMSE(val)=84.475576
[GA][Iter1] Gen:6 Ind:3 RMSE(val)=84.475576
[GA][Iter1] Gen:6 Ind:4 RMSE(val)=84.591957
[GA][Iter1] Gen:6 Ind:5 RMSE(val)=84.591957
[GA][Iter1] Gen:6 Ind:6 RMSE(val)=84.591957
[GA][Iter1] Gen:6 Ind:7 RMSE(val)=84.591957
[GA][Iter1] Gen:6 Ind:8 RMSE(val)=84.591957
[GA][Iter1] Gen:6 Ind:9 RMSE(val)=84.685848
[GA][Iter1] Gen:6 Ind:10 RMSE(val)=84.685848
[GA][Iter1] Gen:6 Ind:11 RMSE(val)=84.323337
[GA][Iter1] Gen:6 Ind:12 RMSE(val)=87.609845
[GA][Iter1] Gen:6 Ind:13 RMSE(val)=84.551697
[GA][Iter1] Gen:6 Ind:14 RMSE(val)=84.475576
[GA][Iter1] Gen:6 Ind:15 RMSE(val)=84.475576
[GA][Iter1] Gen:6 Ind:16 RMSE(val)=84.591957
[GA][Iter1] Gen:6 Ind:17 RMSE(val)=84.685848
[GA][Iter1] Gen:6 Ind:18 RMSE(val)=84.591957
[GA][Iter1] Gen:6 Ind:19 RMSE(val)=84.551697
[GA][Iter1] Gen:6 Ind:20 RMSE(val)=84.591957
[GA][Iter1] gen=6 best_val_rmse=84.074847
[GA][Iter1] Gen:7 Ind:1 RMSE(val)=84.074847
[GA][Iter1] Gen:7 Ind:2 RMSE(val)=84.323337
[GA][Iter1] Gen:7 Ind:3 RMSE(val)=84.475576
[GA][Iter1] Gen:7 Ind:4 RMSE(val)=84.475576
[GA][Iter1] Gen:7 Ind:5 RMSE(val)=84.475576
[GA][Iter1] Gen:7 Ind:6 RMSE(val)=84.475576
[GA][Iter1] Gen:7 Ind:7 RMSE(val)=84.551697
[GA][Iter1] Gen:7 Ind:8 RMSE(val)=84.551697
[GA][Iter1] Gen:7 Ind:9 RMSE(val)=84.591957
[GA][Iter1] Gen:7 Ind:10 RMSE(val)=84.591957
[GA][Iter1] Gen:7 Ind:11 RMSE(val)=84.591957
[GA][Iter1] Gen:7 Ind:12 RMSE(val)=85.857155
[GA][Iter1] Gen:7 Ind:13 RMSE(val)=84.074847
[GA][Iter1] Gen:7 Ind:14 RMSE(val)=83.968732
[GA][Iter1] Gen:7 Ind:15 RMSE(val)=90.023006
[GA][Iter1] Gen:7 Ind:16 RMSE(val)=86.025819
[GA][Iter1] Gen:7 Ind:17 RMSE(val)=84.591957
[GA][Iter1] Gen:7 Ind:18 RMSE(val)=84.074847
[GA][Iter1] Gen:7 Ind:19 RMSE(val)=84.475576
[GA][Iter1] Gen:7 Ind:20 RMSE(val)=84.591957
[GA][Iter1] gen=7 best_val_rmse=83.968732
[GA][Iter1] Gen:8 Ind:1 RMSE(val)=83.968732
[GA][Iter1] Gen:8 Ind:2 RMSE(val)=84.074847
[GA][Iter1] Gen:8 Ind:3 RMSE(val)=84.074847
[GA][Iter1] Gen:8 Ind:4 RMSE(val)=84.074847
[GA][Iter1] Gen:8 Ind:5 RMSE(val)=84.323337
[GA][Iter1] Gen:8 Ind:6 RMSE(val)=84.475576
[GA][Iter1] Gen:8 Ind:7 RMSE(val)=84.475576
[GA][Iter1] Gen:8 Ind:8 RMSE(val)=84.475576
[GA][Iter1] Gen:8 Ind:9 RMSE(val)=84.475576
[GA][Iter1] Gen:8 Ind:10 RMSE(val)=84.475576
[GA][Iter1] Gen:8 Ind:11 RMSE(val)=84.475576
[GA][Iter1] Gen:8 Ind:12 RMSE(val)=83.968732
[GA][Iter1] Gen:8 Ind:13 RMSE(val)=84.074847
[GA][Iter1] Gen:8 Ind:14 RMSE(val)=84.591957
[GA][Iter1] Gen:8 Ind:15 RMSE(val)=84.475576
[GA][Iter1] Gen:8 Ind:16 RMSE(val)=85.194990
[GA][Iter1] Gen:8 Ind:17 RMSE(val)=84.074847
[GA][Iter1] Gen:8 Ind:18 RMSE(val)=84.475576
[GA][Iter1] Gen:8 Ind:19 RMSE(val)=84.475576
[GA][Iter1] Gen:8 Ind:20 RMSE(val)=84.475576
[GA][Iter1] gen=8 best_val_rmse=83.968732
[GA][Iter1] Gen:9 Ind:1 RMSE(val)=83.968732
[GA][Iter1] Gen:9 Ind:2 RMSE(val)=83.968732
[GA][Iter1] Gen:9 Ind:3 RMSE(val)=84.074847
[GA][Iter1] Gen:9 Ind:4 RMSE(val)=84.074847
[GA][Iter1] Gen:9 Ind:5 RMSE(val)=84.074847
[GA][Iter1] Gen:9 Ind:6 RMSE(val)=84.074847
[GA][Iter1] Gen:9 Ind:7 RMSE(val)=84.074847
[GA][Iter1] Gen:9 Ind:8 RMSE(val)=84.323337
[GA][Iter1] Gen:9 Ind:9 RMSE(val)=84.475576
[GA][Iter1] Gen:9 Ind:10 RMSE(val)=84.475576
[GA][Iter1] Gen:9 Ind:11 RMSE(val)=84.475576
[GA][Iter1] Gen:9 Ind:12 RMSE(val)=84.475576
[GA][Iter1] Gen:9 Ind:13 RMSE(val)=84.222590
[GA][Iter1] Gen:9 Ind:14 RMSE(val)=84.074847
[GA][Iter1] Gen:9 Ind:15 RMSE(val)=84.074847
[GA][Iter1] Gen:9 Ind:16 RMSE(val)=84.202870
[GA][Iter1] Gen:9 Ind:17 RMSE(val)=84.074847
[GA][Iter1] Gen:9 Ind:18 RMSE(val)=84.074847
[GA][Iter1] Gen:9 Ind:19 RMSE(val)=84.074847
[GA][Iter1] Gen:9 Ind:20 RMSE(val)=84.074847
[GA][Iter1] gen=9 best_val_rmse=83.968732
[GA][Iter1] Gen:10 Ind:1 RMSE(val)=83.968732
[GA][Iter1] Gen:10 Ind:2 RMSE(val)=83.968732
[GA][Iter1] Gen:10 Ind:3 RMSE(val)=84.074847
[GA][Iter1] Gen:10 Ind:4 RMSE(val)=84.074847
[GA][Iter1] Gen:10 Ind:5 RMSE(val)=84.074847
[GA][Iter1] Gen:10 Ind:6 RMSE(val)=84.074847
[GA][Iter1] Gen:10 Ind:7 RMSE(val)=84.074847
[GA][Iter1] Gen:10 Ind:8 RMSE(val)=84.074847
[GA][Iter1] Gen:10 Ind:9 RMSE(val)=84.074847
[GA][Iter1] Gen:10 Ind:10 RMSE(val)=84.074847
[GA][Iter1] Gen:10 Ind:11 RMSE(val)=86.307089
[GA][Iter1] Gen:10 Ind:12 RMSE(val)=84.074847
[GA][Iter1] Gen:10 Ind:13 RMSE(val)=84.074847
[GA][Iter1] Gen:10 Ind:14 RMSE(val)=84.687595
[GA][Iter1] Gen:10 Ind:15 RMSE(val)=84.074847
[GA][Iter1] Gen:10 Ind:16 RMSE(val)=84.222590
[GA][Iter1] Gen:10 Ind:17 RMSE(val)=84.074847
[GA][Iter1] Gen:10 Ind:18 RMSE(val)=84.074847
[GA][Iter1] Gen:10 Ind:19 RMSE(val)=84.074847
[GA][Iter1] Gen:10 Ind:20 RMSE(val)=85.525984
[GA][Iter1] gen=10 best_val_rmse=83.968732
[GA][Iter1] Gen:11 Ind:1 RMSE(val)=83.968732
[GA][Iter1] Gen:11 Ind:2 RMSE(val)=83.968732
[GA][Iter1] Gen:11 Ind:3 RMSE(val)=84.074847
[GA][Iter1] Gen:11 Ind:4 RMSE(val)=84.074847
[GA][Iter1] Gen:11 Ind:5 RMSE(val)=84.074847
[GA][Iter1] Gen:11 Ind:6 RMSE(val)=84.074847
[GA][Iter1] Gen:11 Ind:7 RMSE(val)=84.074847
[GA][Iter1] Gen:11 Ind:8 RMSE(val)=84.074847
[GA][Iter1] Gen:11 Ind:9 RMSE(val)=84.074847
[GA][Iter1] Gen:11 Ind:10 RMSE(val)=84.074847
[GA][Iter1] Gen:11 Ind:11 RMSE(val)=84.222590
[GA][Iter1] Gen:11 Ind:12 RMSE(val)=84.074847
[GA][Iter1] Gen:11 Ind:13 RMSE(val)=83.968732
[GA][Iter1] Gen:11 Ind:14 RMSE(val)=84.222590
[GA][Iter1] Gen:11 Ind:15 RMSE(val)=84.074847
[GA][Iter1] Gen:11 Ind:16 RMSE(val)=84.687595
[GA][Iter1] Gen:11 Ind:17 RMSE(val)=84.074847
[GA][Iter1] Gen:11 Ind:18 RMSE(val)=83.969946
[GA][Iter1] Gen:11 Ind:19 RMSE(val)=84.222590
[GA][Iter1] Gen:11 Ind:20 RMSE(val)=86.583872
[GA][Iter1] gen=11 best_val_rmse=83.968732
[GA][Iter1] Gen:12 Ind:1 RMSE(val)=83.968732
[GA][Iter1] Gen:12 Ind:2 RMSE(val)=83.968732
[GA][Iter1] Gen:12 Ind:3 RMSE(val)=83.968732
[GA][Iter1] Gen:12 Ind:4 RMSE(val)=83.969946
[GA][Iter1] Gen:12 Ind:5 RMSE(val)=84.074847
[GA][Iter1] Gen:12 Ind:6 RMSE(val)=84.074847
[GA][Iter1] Gen:12 Ind:7 RMSE(val)=84.074847
[GA][Iter1] Gen:12 Ind:8 RMSE(val)=84.074847
[GA][Iter1] Gen:12 Ind:9 RMSE(val)=84.074847
[GA][Iter1] Gen:12 Ind:10 RMSE(val)=84.074847
[GA][Iter1] Gen:12 Ind:11 RMSE(val)=84.222590
[GA][Iter1] Gen:12 Ind:12 RMSE(val)=86.080272
[GA][Iter1] Gen:12 Ind:13 RMSE(val)=85.450239
[GA][Iter1] Gen:12 Ind:14 RMSE(val)=92.282445
[GA][Iter1] Gen:12 Ind:15 RMSE(val)=83.968732
[GA][Iter1] Gen:12 Ind:16 RMSE(val)=84.074847
[GA][Iter1] Gen:12 Ind:17 RMSE(val)=84.074847
[GA][Iter1] Gen:12 Ind:18 RMSE(val)=84.687595
[GA][Iter1] Gen:12 Ind:19 RMSE(val)=84.074847
[GA][Iter1] Gen:12 Ind:20 RMSE(val)=84.074847
[GA][Iter1] gen=12 best_val_rmse=83.968732
[GA][Iter1] Gen:13 Ind:1 RMSE(val)=83.968732
[GA][Iter1] Gen:13 Ind:2 RMSE(val)=83.968732
[GA][Iter1] Gen:13 Ind:3 RMSE(val)=83.968732
[GA][Iter1] Gen:13 Ind:4 RMSE(val)=83.968732
[GA][Iter1] Gen:13 Ind:5 RMSE(val)=83.969946
[GA][Iter1] Gen:13 Ind:6 RMSE(val)=84.074847
[GA][Iter1] Gen:13 Ind:7 RMSE(val)=84.074847
[GA][Iter1] Gen:13 Ind:8 RMSE(val)=84.074847
[GA][Iter1] Gen:13 Ind:9 RMSE(val)=84.074847
[GA][Iter1] Gen:13 Ind:10 RMSE(val)=84.074847
[GA][Iter1] Gen:13 Ind:11 RMSE(val)=85.776882
[GA][Iter1] Gen:13 Ind:12 RMSE(val)=83.968732
[GA][Iter1] Gen:13 Ind:13 RMSE(val)=85.450239
[GA][Iter1] Gen:13 Ind:14 RMSE(val)=83.969946
[GA][Iter1] Gen:13 Ind:15 RMSE(val)=84.074847
[GA][Iter1] Gen:13 Ind:16 RMSE(val)=84.074847
[GA][Iter1] Gen:13 Ind:17 RMSE(val)=84.074847
[GA][Iter1] Gen:13 Ind:18 RMSE(val)=84.603677
[GA][Iter1] Gen:13 Ind:19 RMSE(val)=84.222590
[GA][Iter1] Gen:13 Ind:20 RMSE(val)=83.968732
[GA][Iter1] gen=13 best_val_rmse=83.968732
[GA][Iter1] Gen:14 Ind:1 RMSE(val)=83.968732
[GA][Iter1] Gen:14 Ind:2 RMSE(val)=83.968732
[GA][Iter1] Gen:14 Ind:3 RMSE(val)=83.968732
[GA][Iter1] Gen:14 Ind:4 RMSE(val)=83.968732
[GA][Iter1] Gen:14 Ind:5 RMSE(val)=83.968732
[GA][Iter1] Gen:14 Ind:6 RMSE(val)=83.968732
[GA][Iter1] Gen:14 Ind:7 RMSE(val)=83.969946
[GA][Iter1] Gen:14 Ind:8 RMSE(val)=83.969946
[GA][Iter1] Gen:14 Ind:9 RMSE(val)=84.074847
[GA][Iter1] Gen:14 Ind:10 RMSE(val)=84.074847
[GA][Iter1] Gen:14 Ind:11 RMSE(val)=83.968732
[GA][Iter1] Gen:14 Ind:12 RMSE(val)=84.222590
[GA][Iter1] Gen:14 Ind:13 RMSE(val)=84.549586
[GA][Iter1] Gen:14 Ind:14 RMSE(val)=84.687595
[GA][Iter1] Gen:14 Ind:15 RMSE(val)=84.074847
[GA][Iter1] Gen:14 Ind:16 RMSE(val)=86.131874
[GA][Iter1] Gen:14 Ind:17 RMSE(val)=83.957825
[GA][Iter1] Gen:14 Ind:18 RMSE(val)=83.968732
[GA][Iter1] Gen:14 Ind:19 RMSE(val)=83.968732
[GA][Iter1] Gen:14 Ind:20 RMSE(val)=83.968732
[GA][Iter1] gen=14 best_val_rmse=83.957825
[GA][Iter1] Gen:15 Ind:1 RMSE(val)=83.957825
[GA][Iter1] Gen:15 Ind:2 RMSE(val)=83.968732
[GA][Iter1] Gen:15 Ind:3 RMSE(val)=83.968732
[GA][Iter1] Gen:15 Ind:4 RMSE(val)=83.968732
[GA][Iter1] Gen:15 Ind:5 RMSE(val)=83.968732
[GA][Iter1] Gen:15 Ind:6 RMSE(val)=83.968732
[GA][Iter1] Gen:15 Ind:7 RMSE(val)=83.968732
[GA][Iter1] Gen:15 Ind:8 RMSE(val)=83.968732
[GA][Iter1] Gen:15 Ind:9 RMSE(val)=83.968732
[GA][Iter1] Gen:15 Ind:10 RMSE(val)=83.968732
[GA][Iter1] Gen:15 Ind:11 RMSE(val)=84.061461
[GA][Iter1] Gen:15 Ind:12 RMSE(val)=83.968732
[GA][Iter1] Gen:15 Ind:13 RMSE(val)=83.968732
[GA][Iter1] Gen:15 Ind:14 RMSE(val)=86.674003
[GA][Iter1] Gen:15 Ind:15 RMSE(val)=83.968732
[GA][Iter1] Gen:15 Ind:16 RMSE(val)=84.731084
[GA][Iter1] Gen:15 Ind:17 RMSE(val)=83.968732
[GA][Iter1] Gen:15 Ind:18 RMSE(val)=83.968732
[GA][Iter1] Gen:15 Ind:19 RMSE(val)=83.968732
[GA][Iter1] Gen:15 Ind:20 RMSE(val)=83.692679
[GA][Iter1] gen=15 best_val_rmse=83.692679
[GA][Iter1] Gen:15 Ind:1 RMSE(val)=83.692679
[GA][Iter1] Gen:15 Ind:2 RMSE(val)=83.957825
[GA][Iter1] Gen:15 Ind:3 RMSE(val)=83.968732
[GA][Iter1] Gen:15 Ind:4 RMSE(val)=83.968732
[GA][Iter1] Gen:15 Ind:5 RMSE(val)=83.968732
[GA][Iter1] Gen:15 Ind:6 RMSE(val)=83.968732
[GA][Iter1] Gen:15 Ind:7 RMSE(val)=83.968732
[GA][Iter1] Gen:15 Ind:8 RMSE(val)=83.968732
[GA][Iter1] Gen:15 Ind:9 RMSE(val)=83.968732
[GA][Iter1] Gen:15 Ind:10 RMSE(val)=83.968732
[GA][Iter1] Gen:15 Ind:11 RMSE(val)=83.968732
[GA][Iter1] Gen:15 Ind:12 RMSE(val)=84.305117
[GA][Iter1] Gen:15 Ind:13 RMSE(val)=85.417041
[GA][Iter1] Gen:15 Ind:14 RMSE(val)=83.968732
[GA][Iter1] Gen:15 Ind:15 RMSE(val)=89.999318
[GA][Iter1] Gen:15 Ind:16 RMSE(val)=83.692679
[GA][Iter1] Gen:15 Ind:17 RMSE(val)=83.968732
[GA][Iter1] Gen:15 Ind:18 RMSE(val)=85.961004
[GA][Iter1] Gen:15 Ind:19 RMSE(val)=83.968732
[GA][Iter1] Gen:15 Ind:20 RMSE(val)=85.913027

[GA DONE][Iter1] Best params on val fold of Iter1
Best val RMSE: 83.692679
Best params: {'n_estimators': 1032, 'learning_rate': 0.045467383035010654, 'max_depth': 2, 'min_samples_split': 26, 'min_samples_leaf': 2, 'subsample': 0.9444411638666663, 'max_features': None}
--------------------------------------------------------------------------------
[RETUNE GA] Iter1: train folds 1..5 -> test fold 6  RMSE=107.937281  NRMSE=0.637097  CVRMSE=0.198963  R2=0.593249
[GA][Iter2] Gen:1 Ind:1 RMSE(val)=104.516328
[GA][Iter2] Gen:1 Ind:2 RMSE(val)=108.187773
[GA][Iter2] Gen:1 Ind:3 RMSE(val)=99.103513
[GA][Iter2] Gen:1 Ind:4 RMSE(val)=108.463338
[GA][Iter2] Gen:1 Ind:5 RMSE(val)=112.479402
[GA][Iter2] Gen:1 Ind:6 RMSE(val)=109.799246
[GA][Iter2] Gen:1 Ind:7 RMSE(val)=100.178537
[GA][Iter2] Gen:1 Ind:8 RMSE(val)=110.503957
[GA][Iter2] Gen:1 Ind:9 RMSE(val)=100.777351
[GA][Iter2] Gen:1 Ind:10 RMSE(val)=102.586384
[GA][Iter2] Gen:1 Ind:11 RMSE(val)=108.910341
[GA][Iter2] Gen:1 Ind:12 RMSE(val)=103.593967
[GA][Iter2] Gen:1 Ind:13 RMSE(val)=108.690436
[GA][Iter2] Gen:1 Ind:14 RMSE(val)=100.268917
[GA][Iter2] Gen:1 Ind:15 RMSE(val)=107.415876
[GA][Iter2] Gen:1 Ind:16 RMSE(val)=107.179679
[GA][Iter2] Gen:1 Ind:17 RMSE(val)=105.290467
[GA][Iter2] Gen:1 Ind:18 RMSE(val)=99.345273
[GA][Iter2] Gen:1 Ind:19 RMSE(val)=109.928228
[GA][Iter2] Gen:1 Ind:20 RMSE(val)=109.592560
[GA][Iter2] gen=1 best_val_rmse=99.103513
[GA][Iter2] Gen:2 Ind:1 RMSE(val)=99.103513
[GA][Iter2] Gen:2 Ind:2 RMSE(val)=99.345273
[GA][Iter2] Gen:2 Ind:3 RMSE(val)=100.178537
[GA][Iter2] Gen:2 Ind:4 RMSE(val)=100.268917
[GA][Iter2] Gen:2 Ind:5 RMSE(val)=100.777351
[GA][Iter2] Gen:2 Ind:6 RMSE(val)=102.586384
[GA][Iter2] Gen:2 Ind:7 RMSE(val)=103.593967
[GA][Iter2] Gen:2 Ind:8 RMSE(val)=104.516328
[GA][Iter2] Gen:2 Ind:9 RMSE(val)=105.290467
[GA][Iter2] Gen:2 Ind:10 RMSE(val)=107.179679
[GA][Iter2] Gen:2 Ind:11 RMSE(val)=100.827076
[GA][Iter2] Gen:2 Ind:12 RMSE(val)=104.255963
[GA][Iter2] Gen:2 Ind:13 RMSE(val)=100.018588
[GA][Iter2] Gen:2 Ind:14 RMSE(val)=104.930023
[GA][Iter2] Gen:2 Ind:15 RMSE(val)=104.475293
[GA][Iter2] Gen:2 Ind:16 RMSE(val)=100.653662
[GA][Iter2] Gen:2 Ind:17 RMSE(val)=105.604326
[GA][Iter2] Gen:2 Ind:18 RMSE(val)=98.353694
[GA][Iter2] Gen:2 Ind:19 RMSE(val)=101.099758
[GA][Iter2] Gen:2 Ind:20 RMSE(val)=100.811546
[GA][Iter2] gen=2 best_val_rmse=98.353694
[GA][Iter2] Gen:3 Ind:1 RMSE(val)=98.353694
[GA][Iter2] Gen:3 Ind:2 RMSE(val)=99.103513
[GA][Iter2] Gen:3 Ind:3 RMSE(val)=99.345273
[GA][Iter2] Gen:3 Ind:4 RMSE(val)=100.018588
[GA][Iter2] Gen:3 Ind:5 RMSE(val)=100.178537
[GA][Iter2] Gen:3 Ind:6 RMSE(val)=100.268917
[GA][Iter2] Gen:3 Ind:7 RMSE(val)=100.653662
[GA][Iter2] Gen:3 Ind:8 RMSE(val)=100.777351
[GA][Iter2] Gen:3 Ind:9 RMSE(val)=100.811546
[GA][Iter2] Gen:3 Ind:10 RMSE(val)=100.827076
[GA][Iter2] Gen:3 Ind:11 RMSE(val)=103.738718
[GA][Iter2] Gen:3 Ind:12 RMSE(val)=100.098284
[GA][Iter2] Gen:3 Ind:13 RMSE(val)=98.979246
[GA][Iter2] Gen:3 Ind:14 RMSE(val)=95.239972
[GA][Iter2] Gen:3 Ind:15 RMSE(val)=97.558262
[GA][Iter2] Gen:3 Ind:16 RMSE(val)=102.750889
[GA][Iter2] Gen:3 Ind:17 RMSE(val)=95.324408
[GA][Iter2] Gen:3 Ind:18 RMSE(val)=96.097005
[GA][Iter2] Gen:3 Ind:19 RMSE(val)=95.873394
[GA][Iter2] Gen:3 Ind:20 RMSE(val)=101.022858
[GA][Iter2] gen=3 best_val_rmse=95.239972
[GA][Iter2] Gen:4 Ind:1 RMSE(val)=95.239972
[GA][Iter2] Gen:4 Ind:2 RMSE(val)=95.324408
[GA][Iter2] Gen:4 Ind:3 RMSE(val)=95.873394
[GA][Iter2] Gen:4 Ind:4 RMSE(val)=96.097005
[GA][Iter2] Gen:4 Ind:5 RMSE(val)=97.558262
[GA][Iter2] Gen:4 Ind:6 RMSE(val)=98.353694
[GA][Iter2] Gen:4 Ind:7 RMSE(val)=98.979246
[GA][Iter2] Gen:4 Ind:8 RMSE(val)=99.103513
[GA][Iter2] Gen:4 Ind:9 RMSE(val)=99.345273
[GA][Iter2] Gen:4 Ind:10 RMSE(val)=100.018588
[GA][Iter2] Gen:4 Ind:11 RMSE(val)=99.892402
[GA][Iter2] Gen:4 Ind:12 RMSE(val)=96.454791
[GA][Iter2] Gen:4 Ind:13 RMSE(val)=96.525865
[GA][Iter2] Gen:4 Ind:14 RMSE(val)=99.658707
[GA][Iter2] Gen:4 Ind:15 RMSE(val)=96.664923
[GA][Iter2] Gen:4 Ind:16 RMSE(val)=96.105713
[GA][Iter2] Gen:4 Ind:17 RMSE(val)=98.315257
[GA][Iter2] Gen:4 Ind:18 RMSE(val)=100.777654
[GA][Iter2] Gen:4 Ind:19 RMSE(val)=98.969579
[GA][Iter2] Gen:4 Ind:20 RMSE(val)=96.080244
[GA][Iter2] gen=4 best_val_rmse=95.239972
[GA][Iter2] Gen:5 Ind:1 RMSE(val)=95.239972
[GA][Iter2] Gen:5 Ind:2 RMSE(val)=95.324408
[GA][Iter2] Gen:5 Ind:3 RMSE(val)=95.873394
[GA][Iter2] Gen:5 Ind:4 RMSE(val)=96.080244
[GA][Iter2] Gen:5 Ind:5 RMSE(val)=96.097005
[GA][Iter2] Gen:5 Ind:6 RMSE(val)=96.105713
[GA][Iter2] Gen:5 Ind:7 RMSE(val)=96.454791
[GA][Iter2] Gen:5 Ind:8 RMSE(val)=96.525865
[GA][Iter2] Gen:5 Ind:9 RMSE(val)=96.664923
[GA][Iter2] Gen:5 Ind:10 RMSE(val)=97.558262
[GA][Iter2] Gen:5 Ind:11 RMSE(val)=103.529512
[GA][Iter2] Gen:5 Ind:12 RMSE(val)=97.652009
[GA][Iter2] Gen:5 Ind:13 RMSE(val)=97.558262
[GA][Iter2] Gen:5 Ind:14 RMSE(val)=98.776479
[GA][Iter2] Gen:5 Ind:15 RMSE(val)=96.448202
[GA][Iter2] Gen:5 Ind:16 RMSE(val)=97.065812
[GA][Iter2] Gen:5 Ind:17 RMSE(val)=96.461236
[GA][Iter2] Gen:5 Ind:18 RMSE(val)=97.718765
[GA][Iter2] Gen:5 Ind:19 RMSE(val)=95.864975
[GA][Iter2] Gen:5 Ind:20 RMSE(val)=96.246175
[GA][Iter2] gen=5 best_val_rmse=95.239972
[GA][Iter2] Gen:6 Ind:1 RMSE(val)=95.239972
[GA][Iter2] Gen:6 Ind:2 RMSE(val)=95.324408
[GA][Iter2] Gen:6 Ind:3 RMSE(val)=95.864975
[GA][Iter2] Gen:6 Ind:4 RMSE(val)=95.873394
[GA][Iter2] Gen:6 Ind:5 RMSE(val)=96.080244
[GA][Iter2] Gen:6 Ind:6 RMSE(val)=96.097005
[GA][Iter2] Gen:6 Ind:7 RMSE(val)=96.105713
[GA][Iter2] Gen:6 Ind:8 RMSE(val)=96.246175
[GA][Iter2] Gen:6 Ind:9 RMSE(val)=96.448202
[GA][Iter2] Gen:6 Ind:10 RMSE(val)=96.454791
[GA][Iter2] Gen:6 Ind:11 RMSE(val)=96.106783
[GA][Iter2] Gen:6 Ind:12 RMSE(val)=100.761987
[GA][Iter2] Gen:6 Ind:13 RMSE(val)=94.707127
[GA][Iter2] Gen:6 Ind:14 RMSE(val)=96.148459
[GA][Iter2] Gen:6 Ind:15 RMSE(val)=96.981969
[GA][Iter2] Gen:6 Ind:16 RMSE(val)=96.001126
[GA][Iter2] Gen:6 Ind:17 RMSE(val)=96.045360
[GA][Iter2] Gen:6 Ind:18 RMSE(val)=96.918072
[GA][Iter2] Gen:6 Ind:19 RMSE(val)=96.050070
[GA][Iter2] Gen:6 Ind:20 RMSE(val)=95.363790
[GA][Iter2] gen=6 best_val_rmse=94.707127
[GA][Iter2] Gen:7 Ind:1 RMSE(val)=94.707127
[GA][Iter2] Gen:7 Ind:2 RMSE(val)=95.239972
[GA][Iter2] Gen:7 Ind:3 RMSE(val)=95.324408
[GA][Iter2] Gen:7 Ind:4 RMSE(val)=95.363790
[GA][Iter2] Gen:7 Ind:5 RMSE(val)=95.864975
[GA][Iter2] Gen:7 Ind:6 RMSE(val)=95.873394
[GA][Iter2] Gen:7 Ind:7 RMSE(val)=96.001126
[GA][Iter2] Gen:7 Ind:8 RMSE(val)=96.045360
[GA][Iter2] Gen:7 Ind:9 RMSE(val)=96.050070
[GA][Iter2] Gen:7 Ind:10 RMSE(val)=96.080244
[GA][Iter2] Gen:7 Ind:11 RMSE(val)=95.774444
[GA][Iter2] Gen:7 Ind:12 RMSE(val)=95.553838
[GA][Iter2] Gen:7 Ind:13 RMSE(val)=95.454219
[GA][Iter2] Gen:7 Ind:14 RMSE(val)=94.866114
[GA][Iter2] Gen:7 Ind:15 RMSE(val)=94.965406
[GA][Iter2] Gen:7 Ind:16 RMSE(val)=94.931123
[GA][Iter2] Gen:7 Ind:17 RMSE(val)=96.247509
[GA][Iter2] Gen:7 Ind:18 RMSE(val)=94.707127
[GA][Iter2] Gen:7 Ind:19 RMSE(val)=96.246175
[GA][Iter2] Gen:7 Ind:20 RMSE(val)=96.080244
[GA][Iter2] gen=7 best_val_rmse=94.707127
[GA][Iter2] Gen:8 Ind:1 RMSE(val)=94.707127
[GA][Iter2] Gen:8 Ind:2 RMSE(val)=94.707127
[GA][Iter2] Gen:8 Ind:3 RMSE(val)=94.866114
[GA][Iter2] Gen:8 Ind:4 RMSE(val)=94.931123
[GA][Iter2] Gen:8 Ind:5 RMSE(val)=94.965406
[GA][Iter2] Gen:8 Ind:6 RMSE(val)=95.239972
[GA][Iter2] Gen:8 Ind:7 RMSE(val)=95.324408
[GA][Iter2] Gen:8 Ind:8 RMSE(val)=95.363790
[GA][Iter2] Gen:8 Ind:9 RMSE(val)=95.454219
[GA][Iter2] Gen:8 Ind:10 RMSE(val)=95.553838
[GA][Iter2] Gen:8 Ind:11 RMSE(val)=96.253708
[GA][Iter2] Gen:8 Ind:12 RMSE(val)=94.866114
[GA][Iter2] Gen:8 Ind:13 RMSE(val)=94.597312
[GA][Iter2] Gen:8 Ind:14 RMSE(val)=95.391830
[GA][Iter2] Gen:8 Ind:15 RMSE(val)=95.252428
[GA][Iter2] Gen:8 Ind:16 RMSE(val)=95.481830
[GA][Iter2] Gen:8 Ind:17 RMSE(val)=95.147698
[GA][Iter2] Gen:8 Ind:18 RMSE(val)=95.525661
[GA][Iter2] Gen:8 Ind:19 RMSE(val)=95.346653
[GA][Iter2] Gen:8 Ind:20 RMSE(val)=95.471762
[GA][Iter2] gen=8 best_val_rmse=94.597312
[GA][Iter2] Gen:9 Ind:1 RMSE(val)=94.597312
[GA][Iter2] Gen:9 Ind:2 RMSE(val)=94.707127
[GA][Iter2] Gen:9 Ind:3 RMSE(val)=94.707127
[GA][Iter2] Gen:9 Ind:4 RMSE(val)=94.866114
[GA][Iter2] Gen:9 Ind:5 RMSE(val)=94.866114
[GA][Iter2] Gen:9 Ind:6 RMSE(val)=94.931123
[GA][Iter2] Gen:9 Ind:7 RMSE(val)=94.965406
[GA][Iter2] Gen:9 Ind:8 RMSE(val)=95.147698
[GA][Iter2] Gen:9 Ind:9 RMSE(val)=95.239972
[GA][Iter2] Gen:9 Ind:10 RMSE(val)=95.252428
[GA][Iter2] Gen:9 Ind:11 RMSE(val)=94.597312
[GA][Iter2] Gen:9 Ind:12 RMSE(val)=95.382308
[GA][Iter2] Gen:9 Ind:13 RMSE(val)=94.597312
[GA][Iter2] Gen:9 Ind:14 RMSE(val)=95.010737
[GA][Iter2] Gen:9 Ind:15 RMSE(val)=94.866114
[GA][Iter2] Gen:9 Ind:16 RMSE(val)=96.515117
[GA][Iter2] Gen:9 Ind:17 RMSE(val)=95.135843
[GA][Iter2] Gen:9 Ind:18 RMSE(val)=94.866114
[GA][Iter2] Gen:9 Ind:19 RMSE(val)=94.965406
[GA][Iter2] Gen:9 Ind:20 RMSE(val)=95.135843
[GA][Iter2] gen=9 best_val_rmse=94.597312
[GA][Iter2] Gen:10 Ind:1 RMSE(val)=94.597312
[GA][Iter2] Gen:10 Ind:2 RMSE(val)=94.597312
[GA][Iter2] Gen:10 Ind:3 RMSE(val)=94.597312
[GA][Iter2] Gen:10 Ind:4 RMSE(val)=94.707127
[GA][Iter2] Gen:10 Ind:5 RMSE(val)=94.707127
[GA][Iter2] Gen:10 Ind:6 RMSE(val)=94.866114
[GA][Iter2] Gen:10 Ind:7 RMSE(val)=94.866114
[GA][Iter2] Gen:10 Ind:8 RMSE(val)=94.866114
[GA][Iter2] Gen:10 Ind:9 RMSE(val)=94.866114
[GA][Iter2] Gen:10 Ind:10 RMSE(val)=94.931123
[GA][Iter2] Gen:10 Ind:11 RMSE(val)=94.775572
[GA][Iter2] Gen:10 Ind:12 RMSE(val)=94.866114
[GA][Iter2] Gen:10 Ind:13 RMSE(val)=94.866114
[GA][Iter2] Gen:10 Ind:14 RMSE(val)=94.866114
[GA][Iter2] Gen:10 Ind:15 RMSE(val)=94.597312
[GA][Iter2] Gen:10 Ind:16 RMSE(val)=94.597312
[GA][Iter2] Gen:10 Ind:17 RMSE(val)=94.866114
[GA][Iter2] Gen:10 Ind:18 RMSE(val)=94.866114
[GA][Iter2] Gen:10 Ind:19 RMSE(val)=94.866114
[GA][Iter2] Gen:10 Ind:20 RMSE(val)=95.078660
[GA][Iter2] gen=10 best_val_rmse=94.597312
[GA][Iter2] Gen:11 Ind:1 RMSE(val)=94.597312
[GA][Iter2] Gen:11 Ind:2 RMSE(val)=94.597312
[GA][Iter2] Gen:11 Ind:3 RMSE(val)=94.597312
[GA][Iter2] Gen:11 Ind:4 RMSE(val)=94.597312
[GA][Iter2] Gen:11 Ind:5 RMSE(val)=94.597312
[GA][Iter2] Gen:11 Ind:6 RMSE(val)=94.707127
[GA][Iter2] Gen:11 Ind:7 RMSE(val)=94.707127
[GA][Iter2] Gen:11 Ind:8 RMSE(val)=94.775572
[GA][Iter2] Gen:11 Ind:9 RMSE(val)=94.866114
[GA][Iter2] Gen:11 Ind:10 RMSE(val)=94.866114
[GA][Iter2] Gen:11 Ind:11 RMSE(val)=94.597312
[GA][Iter2] Gen:11 Ind:12 RMSE(val)=94.866114
[GA][Iter2] Gen:11 Ind:13 RMSE(val)=94.597312
[GA][Iter2] Gen:11 Ind:14 RMSE(val)=94.866114
[GA][Iter2] Gen:11 Ind:15 RMSE(val)=94.597312
[GA][Iter2] Gen:11 Ind:16 RMSE(val)=94.866114
[GA][Iter2] Gen:11 Ind:17 RMSE(val)=94.775572
[GA][Iter2] Gen:11 Ind:18 RMSE(val)=95.180055
[GA][Iter2] Gen:11 Ind:19 RMSE(val)=94.775572
[GA][Iter2] Gen:11 Ind:20 RMSE(val)=96.784687
[GA][Iter2] gen=11 best_val_rmse=94.597312
[GA][Iter2] Gen:12 Ind:1 RMSE(val)=94.597312
[GA][Iter2] Gen:12 Ind:2 RMSE(val)=94.597312
[GA][Iter2] Gen:12 Ind:3 RMSE(val)=94.597312
[GA][Iter2] Gen:12 Ind:4 RMSE(val)=94.597312
[GA][Iter2] Gen:12 Ind:5 RMSE(val)=94.597312
[GA][Iter2] Gen:12 Ind:6 RMSE(val)=94.597312
[GA][Iter2] Gen:12 Ind:7 RMSE(val)=94.597312
[GA][Iter2] Gen:12 Ind:8 RMSE(val)=94.597312
[GA][Iter2] Gen:12 Ind:9 RMSE(val)=94.707127
[GA][Iter2] Gen:12 Ind:10 RMSE(val)=94.707127
[GA][Iter2] Gen:12 Ind:11 RMSE(val)=94.597312
[GA][Iter2] Gen:12 Ind:12 RMSE(val)=95.748517
[GA][Iter2] Gen:12 Ind:13 RMSE(val)=94.597312
[GA][Iter2] Gen:12 Ind:14 RMSE(val)=96.627315
[GA][Iter2] Gen:12 Ind:15 RMSE(val)=94.597312
[GA][Iter2] Gen:12 Ind:16 RMSE(val)=94.597312
[GA][Iter2] Gen:12 Ind:17 RMSE(val)=94.866114
[GA][Iter2] Gen:12 Ind:18 RMSE(val)=94.597312
[GA][Iter2] Gen:12 Ind:19 RMSE(val)=102.255092
[GA][Iter2] Gen:12 Ind:20 RMSE(val)=94.597312
[GA][Iter2] gen=12 best_val_rmse=94.597312
[GA][Iter2] Gen:13 Ind:1 RMSE(val)=94.597312
[GA][Iter2] Gen:13 Ind:2 RMSE(val)=94.597312
[GA][Iter2] Gen:13 Ind:3 RMSE(val)=94.597312
[GA][Iter2] Gen:13 Ind:4 RMSE(val)=94.597312
[GA][Iter2] Gen:13 Ind:5 RMSE(val)=94.597312
[GA][Iter2] Gen:13 Ind:6 RMSE(val)=94.597312
[GA][Iter2] Gen:13 Ind:7 RMSE(val)=94.597312
[GA][Iter2] Gen:13 Ind:8 RMSE(val)=94.597312
[GA][Iter2] Gen:13 Ind:9 RMSE(val)=94.597312
[GA][Iter2] Gen:13 Ind:10 RMSE(val)=94.597312
[GA][Iter2] Gen:13 Ind:11 RMSE(val)=96.680903
[GA][Iter2] Gen:13 Ind:12 RMSE(val)=94.597312
[GA][Iter2] Gen:13 Ind:13 RMSE(val)=94.597312
[GA][Iter2] Gen:13 Ind:14 RMSE(val)=94.597312
[GA][Iter2] Gen:13 Ind:15 RMSE(val)=94.597312
[GA][Iter2] Gen:13 Ind:16 RMSE(val)=94.597312
[GA][Iter2] Gen:13 Ind:17 RMSE(val)=94.597312
[GA][Iter2] Gen:13 Ind:18 RMSE(val)=94.290189
[GA][Iter2] Gen:13 Ind:19 RMSE(val)=94.597312
[GA][Iter2] Gen:13 Ind:20 RMSE(val)=94.597312
[GA][Iter2] gen=13 best_val_rmse=94.290189
[GA][Iter2] Gen:14 Ind:1 RMSE(val)=94.290189
[GA][Iter2] Gen:14 Ind:2 RMSE(val)=94.597312
[GA][Iter2] Gen:14 Ind:3 RMSE(val)=94.597312
[GA][Iter2] Gen:14 Ind:4 RMSE(val)=94.597312
[GA][Iter2] Gen:14 Ind:5 RMSE(val)=94.597312
[GA][Iter2] Gen:14 Ind:6 RMSE(val)=94.597312
[GA][Iter2] Gen:14 Ind:7 RMSE(val)=94.597312
[GA][Iter2] Gen:14 Ind:8 RMSE(val)=94.597312
[GA][Iter2] Gen:14 Ind:9 RMSE(val)=94.597312
[GA][Iter2] Gen:14 Ind:10 RMSE(val)=94.597312
[GA][Iter2] Gen:14 Ind:11 RMSE(val)=94.597312
[GA][Iter2] Gen:14 Ind:12 RMSE(val)=94.597312
[GA][Iter2] Gen:14 Ind:13 RMSE(val)=94.622103
[GA][Iter2] Gen:14 Ind:14 RMSE(val)=94.597312
[GA][Iter2] Gen:14 Ind:15 RMSE(val)=94.597312
[GA][Iter2] Gen:14 Ind:16 RMSE(val)=94.597312
[GA][Iter2] Gen:14 Ind:17 RMSE(val)=94.638318
[GA][Iter2] Gen:14 Ind:18 RMSE(val)=94.597312
[GA][Iter2] Gen:14 Ind:19 RMSE(val)=94.597312
[GA][Iter2] Gen:14 Ind:20 RMSE(val)=94.597312
[GA][Iter2] gen=14 best_val_rmse=94.290189
[GA][Iter2] Gen:15 Ind:1 RMSE(val)=94.290189
[GA][Iter2] Gen:15 Ind:2 RMSE(val)=94.597312
[GA][Iter2] Gen:15 Ind:3 RMSE(val)=94.597312
[GA][Iter2] Gen:15 Ind:4 RMSE(val)=94.597312
[GA][Iter2] Gen:15 Ind:5 RMSE(val)=94.597312
[GA][Iter2] Gen:15 Ind:6 RMSE(val)=94.597312
[GA][Iter2] Gen:15 Ind:7 RMSE(val)=94.597312
[GA][Iter2] Gen:15 Ind:8 RMSE(val)=94.597312
[GA][Iter2] Gen:15 Ind:9 RMSE(val)=94.597312
[GA][Iter2] Gen:15 Ind:10 RMSE(val)=94.597312
[GA][Iter2] Gen:15 Ind:11 RMSE(val)=95.059272
[GA][Iter2] Gen:15 Ind:12 RMSE(val)=94.597312
[GA][Iter2] Gen:15 Ind:13 RMSE(val)=94.597312
[GA][Iter2] Gen:15 Ind:14 RMSE(val)=97.878968
[GA][Iter2] Gen:15 Ind:15 RMSE(val)=94.597312
[GA][Iter2] Gen:15 Ind:16 RMSE(val)=94.290189
[GA][Iter2] Gen:15 Ind:17 RMSE(val)=94.597312
[GA][Iter2] Gen:15 Ind:18 RMSE(val)=94.597312
[GA][Iter2] Gen:15 Ind:19 RMSE(val)=94.597312
[GA][Iter2] Gen:15 Ind:20 RMSE(val)=94.597312
[GA][Iter2] gen=15 best_val_rmse=94.290189
[GA][Iter2] Gen:15 Ind:1 RMSE(val)=94.290189
[GA][Iter2] Gen:15 Ind:2 RMSE(val)=94.290189
[GA][Iter2] Gen:15 Ind:3 RMSE(val)=94.597312
[GA][Iter2] Gen:15 Ind:4 RMSE(val)=94.597312
[GA][Iter2] Gen:15 Ind:5 RMSE(val)=94.597312
[GA][Iter2] Gen:15 Ind:6 RMSE(val)=94.597312
[GA][Iter2] Gen:15 Ind:7 RMSE(val)=94.597312
[GA][Iter2] Gen:15 Ind:8 RMSE(val)=94.597312
[GA][Iter2] Gen:15 Ind:9 RMSE(val)=94.597312
[GA][Iter2] Gen:15 Ind:10 RMSE(val)=94.597312
[GA][Iter2] Gen:15 Ind:11 RMSE(val)=94.597312
[GA][Iter2] Gen:15 Ind:12 RMSE(val)=94.598576
[GA][Iter2] Gen:15 Ind:13 RMSE(val)=95.884260
[GA][Iter2] Gen:15 Ind:14 RMSE(val)=94.597312
[GA][Iter2] Gen:15 Ind:15 RMSE(val)=94.597312
[GA][Iter2] Gen:15 Ind:16 RMSE(val)=94.597312
[GA][Iter2] Gen:15 Ind:17 RMSE(val)=94.597312
[GA][Iter2] Gen:15 Ind:18 RMSE(val)=96.660123
[GA][Iter2] Gen:15 Ind:19 RMSE(val)=94.597312
[GA][Iter2] Gen:15 Ind:20 RMSE(val)=94.597312

[GA DONE][Iter2] Best params on val fold of Iter2
Best val RMSE: 94.290189
Best params: {'n_estimators': 945, 'learning_rate': 0.01342631902161374, 'max_depth': 2, 'min_samples_split': 30, 'min_samples_leaf': 1, 'subsample': 0.7539069246698, 'max_features': 'sqrt'}
--------------------------------------------------------------------------------
[RETUNE GA] Iter2: train folds 1..6 -> test fold 7  RMSE=108.793881  NRMSE=1.096319  CVRMSE=0.258404  R2=-0.204457
[GA][Iter3] Gen:1 Ind:1 RMSE(val)=98.690507
[GA][Iter3] Gen:1 Ind:2 RMSE(val)=105.516639
[GA][Iter3] Gen:1 Ind:3 RMSE(val)=86.437977
[GA][Iter3] Gen:1 Ind:4 RMSE(val)=103.642926
[GA][Iter3] Gen:1 Ind:5 RMSE(val)=91.707794
[GA][Iter3] Gen:1 Ind:6 RMSE(val)=124.939885
[GA][Iter3] Gen:1 Ind:7 RMSE(val)=101.807700
[GA][Iter3] Gen:1 Ind:8 RMSE(val)=97.639702
[GA][Iter3] Gen:1 Ind:9 RMSE(val)=91.548221
[GA][Iter3] Gen:1 Ind:10 RMSE(val)=89.918189
[GA][Iter3] Gen:1 Ind:11 RMSE(val)=101.017273
[GA][Iter3] Gen:1 Ind:12 RMSE(val)=92.203721
[GA][Iter3] Gen:1 Ind:13 RMSE(val)=91.026078
[GA][Iter3] Gen:1 Ind:14 RMSE(val)=91.541524
[GA][Iter3] Gen:1 Ind:15 RMSE(val)=85.085900
[GA][Iter3] Gen:1 Ind:16 RMSE(val)=102.729712
[GA][Iter3] Gen:1 Ind:17 RMSE(val)=108.131134
[GA][Iter3] Gen:1 Ind:18 RMSE(val)=90.440930
[GA][Iter3] Gen:1 Ind:19 RMSE(val)=95.520815
[GA][Iter3] Gen:1 Ind:20 RMSE(val)=88.711833
[GA][Iter3] gen=1 best_val_rmse=85.085900
[GA][Iter3] Gen:2 Ind:1 RMSE(val)=85.085900
[GA][Iter3] Gen:2 Ind:2 RMSE(val)=86.437977
[GA][Iter3] Gen:2 Ind:3 RMSE(val)=88.711833
[GA][Iter3] Gen:2 Ind:4 RMSE(val)=89.918189
[GA][Iter3] Gen:2 Ind:5 RMSE(val)=90.440930
[GA][Iter3] Gen:2 Ind:6 RMSE(val)=91.026078
[GA][Iter3] Gen:2 Ind:7 RMSE(val)=91.541524
[GA][Iter3] Gen:2 Ind:8 RMSE(val)=91.548221
[GA][Iter3] Gen:2 Ind:9 RMSE(val)=91.707794
[GA][Iter3] Gen:2 Ind:10 RMSE(val)=92.203721
[GA][Iter3] Gen:2 Ind:11 RMSE(val)=91.585798
[GA][Iter3] Gen:2 Ind:12 RMSE(val)=90.189024
[GA][Iter3] Gen:2 Ind:13 RMSE(val)=87.726337
[GA][Iter3] Gen:2 Ind:14 RMSE(val)=85.717775
[GA][Iter3] Gen:2 Ind:15 RMSE(val)=93.719142
[GA][Iter3] Gen:2 Ind:16 RMSE(val)=85.085900
[GA][Iter3] Gen:2 Ind:17 RMSE(val)=89.743689
[GA][Iter3] Gen:2 Ind:18 RMSE(val)=89.179704
[GA][Iter3] Gen:2 Ind:19 RMSE(val)=88.475628
[GA][Iter3] Gen:2 Ind:20 RMSE(val)=89.697846
[GA][Iter3] gen=2 best_val_rmse=85.085900
[GA][Iter3] Gen:3 Ind:1 RMSE(val)=85.085900
[GA][Iter3] Gen:3 Ind:2 RMSE(val)=85.085900
[GA][Iter3] Gen:3 Ind:3 RMSE(val)=85.717775
[GA][Iter3] Gen:3 Ind:4 RMSE(val)=86.437977
[GA][Iter3] Gen:3 Ind:5 RMSE(val)=87.726337
[GA][Iter3] Gen:3 Ind:6 RMSE(val)=88.475628
[GA][Iter3] Gen:3 Ind:7 RMSE(val)=88.711833
[GA][Iter3] Gen:3 Ind:8 RMSE(val)=89.179704
[GA][Iter3] Gen:3 Ind:9 RMSE(val)=89.697846
[GA][Iter3] Gen:3 Ind:10 RMSE(val)=89.743689
[GA][Iter3] Gen:3 Ind:11 RMSE(val)=91.066870
[GA][Iter3] Gen:3 Ind:12 RMSE(val)=89.390481
[GA][Iter3] Gen:3 Ind:13 RMSE(val)=81.683473
[GA][Iter3] Gen:3 Ind:14 RMSE(val)=88.027515
[GA][Iter3] Gen:3 Ind:15 RMSE(val)=85.085900
[GA][Iter3] Gen:3 Ind:16 RMSE(val)=88.150736
[GA][Iter3] Gen:3 Ind:17 RMSE(val)=87.236840
[GA][Iter3] Gen:3 Ind:18 RMSE(val)=93.575743
[GA][Iter3] Gen:3 Ind:19 RMSE(val)=86.074458
[GA][Iter3] Gen:3 Ind:20 RMSE(val)=88.250093
[GA][Iter3] gen=3 best_val_rmse=81.683473
[GA][Iter3] Gen:4 Ind:1 RMSE(val)=81.683473
[GA][Iter3] Gen:4 Ind:2 RMSE(val)=85.085900
[GA][Iter3] Gen:4 Ind:3 RMSE(val)=85.085900
[GA][Iter3] Gen:4 Ind:4 RMSE(val)=85.085900
[GA][Iter3] Gen:4 Ind:5 RMSE(val)=85.717775
[GA][Iter3] Gen:4 Ind:6 RMSE(val)=86.074458
[GA][Iter3] Gen:4 Ind:7 RMSE(val)=86.437977
[GA][Iter3] Gen:4 Ind:8 RMSE(val)=87.236840
[GA][Iter3] Gen:4 Ind:9 RMSE(val)=87.726337
[GA][Iter3] Gen:4 Ind:10 RMSE(val)=88.027515
[GA][Iter3] Gen:4 Ind:11 RMSE(val)=89.296014
[GA][Iter3] Gen:4 Ind:12 RMSE(val)=85.244959
[GA][Iter3] Gen:4 Ind:13 RMSE(val)=86.008492
[GA][Iter3] Gen:4 Ind:14 RMSE(val)=84.887396
[GA][Iter3] Gen:4 Ind:15 RMSE(val)=81.610952
[GA][Iter3] Gen:4 Ind:16 RMSE(val)=95.029304
[GA][Iter3] Gen:4 Ind:17 RMSE(val)=96.300440
[GA][Iter3] Gen:4 Ind:18 RMSE(val)=84.138598
[GA][Iter3] Gen:4 Ind:19 RMSE(val)=96.300440
[GA][Iter3] Gen:4 Ind:20 RMSE(val)=88.294569
[GA][Iter3] gen=4 best_val_rmse=81.610952
[GA][Iter3] Gen:5 Ind:1 RMSE(val)=81.610952
[GA][Iter3] Gen:5 Ind:2 RMSE(val)=81.683473
[GA][Iter3] Gen:5 Ind:3 RMSE(val)=84.138598
[GA][Iter3] Gen:5 Ind:4 RMSE(val)=84.887396
[GA][Iter3] Gen:5 Ind:5 RMSE(val)=85.085900
[GA][Iter3] Gen:5 Ind:6 RMSE(val)=85.085900
[GA][Iter3] Gen:5 Ind:7 RMSE(val)=85.085900
[GA][Iter3] Gen:5 Ind:8 RMSE(val)=85.244959
[GA][Iter3] Gen:5 Ind:9 RMSE(val)=85.717775
[GA][Iter3] Gen:5 Ind:10 RMSE(val)=86.008492
[GA][Iter3] Gen:5 Ind:11 RMSE(val)=99.651463
[GA][Iter3] Gen:5 Ind:12 RMSE(val)=86.126865
[GA][Iter3] Gen:5 Ind:13 RMSE(val)=86.008492
[GA][Iter3] Gen:5 Ind:14 RMSE(val)=85.065203
[GA][Iter3] Gen:5 Ind:15 RMSE(val)=87.484514
[GA][Iter3] Gen:5 Ind:16 RMSE(val)=85.400784
[GA][Iter3] Gen:5 Ind:17 RMSE(val)=86.023173
[GA][Iter3] Gen:5 Ind:18 RMSE(val)=87.878887
[GA][Iter3] Gen:5 Ind:19 RMSE(val)=83.943939
[GA][Iter3] Gen:5 Ind:20 RMSE(val)=86.244570
[GA][Iter3] gen=5 best_val_rmse=81.610952
[GA][Iter3] Gen:6 Ind:1 RMSE(val)=81.610952
[GA][Iter3] Gen:6 Ind:2 RMSE(val)=81.683473
[GA][Iter3] Gen:6 Ind:3 RMSE(val)=83.943939
[GA][Iter3] Gen:6 Ind:4 RMSE(val)=84.138598
[GA][Iter3] Gen:6 Ind:5 RMSE(val)=84.887396
[GA][Iter3] Gen:6 Ind:6 RMSE(val)=85.065203
[GA][Iter3] Gen:6 Ind:7 RMSE(val)=85.085900
[GA][Iter3] Gen:6 Ind:8 RMSE(val)=85.085900
[GA][Iter3] Gen:6 Ind:9 RMSE(val)=85.085900
[GA][Iter3] Gen:6 Ind:10 RMSE(val)=85.244959
[GA][Iter3] Gen:6 Ind:11 RMSE(val)=84.238463
[GA][Iter3] Gen:6 Ind:12 RMSE(val)=92.182259
[GA][Iter3] Gen:6 Ind:13 RMSE(val)=86.238020
[GA][Iter3] Gen:6 Ind:14 RMSE(val)=84.589250
[GA][Iter3] Gen:6 Ind:15 RMSE(val)=81.683473
[GA][Iter3] Gen:6 Ind:16 RMSE(val)=85.065203
[GA][Iter3] Gen:6 Ind:17 RMSE(val)=88.369461
[GA][Iter3] Gen:6 Ind:18 RMSE(val)=85.065203
[GA][Iter3] Gen:6 Ind:19 RMSE(val)=85.420446
[GA][Iter3] Gen:6 Ind:20 RMSE(val)=85.085900
[GA][Iter3] gen=6 best_val_rmse=81.610952
[GA][Iter3] Gen:7 Ind:1 RMSE(val)=81.610952
[GA][Iter3] Gen:7 Ind:2 RMSE(val)=81.683473
[GA][Iter3] Gen:7 Ind:3 RMSE(val)=81.683473
[GA][Iter3] Gen:7 Ind:4 RMSE(val)=83.943939
[GA][Iter3] Gen:7 Ind:5 RMSE(val)=84.138598
[GA][Iter3] Gen:7 Ind:6 RMSE(val)=84.238463
[GA][Iter3] Gen:7 Ind:7 RMSE(val)=84.589250
[GA][Iter3] Gen:7 Ind:8 RMSE(val)=84.887396
[GA][Iter3] Gen:7 Ind:9 RMSE(val)=85.065203
[GA][Iter3] Gen:7 Ind:10 RMSE(val)=85.065203
[GA][Iter3] Gen:7 Ind:11 RMSE(val)=81.540053
[GA][Iter3] Gen:7 Ind:12 RMSE(val)=90.792676
[GA][Iter3] Gen:7 Ind:13 RMSE(val)=87.626624
[GA][Iter3] Gen:7 Ind:14 RMSE(val)=81.610952
[GA][Iter3] Gen:7 Ind:15 RMSE(val)=89.027258
[GA][Iter3] Gen:7 Ind:16 RMSE(val)=84.734164
[GA][Iter3] Gen:7 Ind:17 RMSE(val)=83.943939
[GA][Iter3] Gen:7 Ind:18 RMSE(val)=81.610952
[GA][Iter3] Gen:7 Ind:19 RMSE(val)=83.943939
[GA][Iter3] Gen:7 Ind:20 RMSE(val)=85.065203
[GA][Iter3] gen=7 best_val_rmse=81.540053
[GA][Iter3] Gen:8 Ind:1 RMSE(val)=81.540053
[GA][Iter3] Gen:8 Ind:2 RMSE(val)=81.610952
[GA][Iter3] Gen:8 Ind:3 RMSE(val)=81.610952
[GA][Iter3] Gen:8 Ind:4 RMSE(val)=81.610952
[GA][Iter3] Gen:8 Ind:5 RMSE(val)=81.683473
[GA][Iter3] Gen:8 Ind:6 RMSE(val)=81.683473
[GA][Iter3] Gen:8 Ind:7 RMSE(val)=83.943939
[GA][Iter3] Gen:8 Ind:8 RMSE(val)=83.943939
[GA][Iter3] Gen:8 Ind:9 RMSE(val)=83.943939
[GA][Iter3] Gen:8 Ind:10 RMSE(val)=84.138598
[GA][Iter3] Gen:8 Ind:11 RMSE(val)=84.589250
[GA][Iter3] Gen:8 Ind:12 RMSE(val)=85.065203
[GA][Iter3] Gen:8 Ind:13 RMSE(val)=85.420446
[GA][Iter3] Gen:8 Ind:14 RMSE(val)=83.943939
[GA][Iter3] Gen:8 Ind:15 RMSE(val)=83.943939
[GA][Iter3] Gen:8 Ind:16 RMSE(val)=84.879126
[GA][Iter3] Gen:8 Ind:17 RMSE(val)=81.610952
[GA][Iter3] Gen:8 Ind:18 RMSE(val)=83.021781
[GA][Iter3] Gen:8 Ind:19 RMSE(val)=86.801140
[GA][Iter3] Gen:8 Ind:20 RMSE(val)=80.754517
[GA][Iter3] gen=8 best_val_rmse=80.754517
[GA][Iter3] Gen:9 Ind:1 RMSE(val)=80.754517
[GA][Iter3] Gen:9 Ind:2 RMSE(val)=81.540053
[GA][Iter3] Gen:9 Ind:3 RMSE(val)=81.610952
[GA][Iter3] Gen:9 Ind:4 RMSE(val)=81.610952
[GA][Iter3] Gen:9 Ind:5 RMSE(val)=81.610952
[GA][Iter3] Gen:9 Ind:6 RMSE(val)=81.610952
[GA][Iter3] Gen:9 Ind:7 RMSE(val)=81.683473
[GA][Iter3] Gen:9 Ind:8 RMSE(val)=81.683473
[GA][Iter3] Gen:9 Ind:9 RMSE(val)=83.021781
[GA][Iter3] Gen:9 Ind:10 RMSE(val)=83.943939
[GA][Iter3] Gen:9 Ind:11 RMSE(val)=80.754517
[GA][Iter3] Gen:9 Ind:12 RMSE(val)=81.683473
[GA][Iter3] Gen:9 Ind:13 RMSE(val)=80.754517
[GA][Iter3] Gen:9 Ind:14 RMSE(val)=81.610952
[GA][Iter3] Gen:9 Ind:15 RMSE(val)=81.610952
[GA][Iter3] Gen:9 Ind:16 RMSE(val)=82.084421
[GA][Iter3] Gen:9 Ind:17 RMSE(val)=81.683473
[GA][Iter3] Gen:9 Ind:18 RMSE(val)=81.610952
[GA][Iter3] Gen:9 Ind:19 RMSE(val)=81.683473
[GA][Iter3] Gen:9 Ind:20 RMSE(val)=81.683473
[GA][Iter3] gen=9 best_val_rmse=80.754517
[GA][Iter3] Gen:10 Ind:1 RMSE(val)=80.754517
[GA][Iter3] Gen:10 Ind:2 RMSE(val)=80.754517
[GA][Iter3] Gen:10 Ind:3 RMSE(val)=80.754517
[GA][Iter3] Gen:10 Ind:4 RMSE(val)=81.540053
[GA][Iter3] Gen:10 Ind:5 RMSE(val)=81.610952
[GA][Iter3] Gen:10 Ind:6 RMSE(val)=81.610952
[GA][Iter3] Gen:10 Ind:7 RMSE(val)=81.610952
[GA][Iter3] Gen:10 Ind:8 RMSE(val)=81.610952
[GA][Iter3] Gen:10 Ind:9 RMSE(val)=81.610952
[GA][Iter3] Gen:10 Ind:10 RMSE(val)=81.610952
[GA][Iter3] Gen:10 Ind:11 RMSE(val)=89.414920
[GA][Iter3] Gen:10 Ind:12 RMSE(val)=81.610952
[GA][Iter3] Gen:10 Ind:13 RMSE(val)=81.610952
[GA][Iter3] Gen:10 Ind:14 RMSE(val)=81.610952
[GA][Iter3] Gen:10 Ind:15 RMSE(val)=80.754517
[GA][Iter3] Gen:10 Ind:16 RMSE(val)=80.754517
[GA][Iter3] Gen:10 Ind:17 RMSE(val)=81.610952
[GA][Iter3] Gen:10 Ind:18 RMSE(val)=81.610952
[GA][Iter3] Gen:10 Ind:19 RMSE(val)=81.610952
[GA][Iter3] Gen:10 Ind:20 RMSE(val)=84.733922
[GA][Iter3] gen=10 best_val_rmse=80.754517
[GA][Iter3] Gen:11 Ind:1 RMSE(val)=80.754517
[GA][Iter3] Gen:11 Ind:2 RMSE(val)=80.754517
[GA][Iter3] Gen:11 Ind:3 RMSE(val)=80.754517
[GA][Iter3] Gen:11 Ind:4 RMSE(val)=80.754517
[GA][Iter3] Gen:11 Ind:5 RMSE(val)=80.754517
[GA][Iter3] Gen:11 Ind:6 RMSE(val)=81.540053
[GA][Iter3] Gen:11 Ind:7 RMSE(val)=81.610952
[GA][Iter3] Gen:11 Ind:8 RMSE(val)=81.610952
[GA][Iter3] Gen:11 Ind:9 RMSE(val)=81.610952
[GA][Iter3] Gen:11 Ind:10 RMSE(val)=81.610952
[GA][Iter3] Gen:11 Ind:11 RMSE(val)=81.610952
[GA][Iter3] Gen:11 Ind:12 RMSE(val)=81.246531
[GA][Iter3] Gen:11 Ind:13 RMSE(val)=80.754517
[GA][Iter3] Gen:11 Ind:14 RMSE(val)=80.754517
[GA][Iter3] Gen:11 Ind:15 RMSE(val)=81.610952
[GA][Iter3] Gen:11 Ind:16 RMSE(val)=80.754517
[GA][Iter3] Gen:11 Ind:17 RMSE(val)=81.610952
[GA][Iter3] Gen:11 Ind:18 RMSE(val)=89.654571
[GA][Iter3] Gen:11 Ind:19 RMSE(val)=81.610952
[GA][Iter3] Gen:11 Ind:20 RMSE(val)=92.536044
[GA][Iter3] gen=11 best_val_rmse=80.754517
[GA][Iter3] Gen:12 Ind:1 RMSE(val)=80.754517
[GA][Iter3] Gen:12 Ind:2 RMSE(val)=80.754517
[GA][Iter3] Gen:12 Ind:3 RMSE(val)=80.754517
[GA][Iter3] Gen:12 Ind:4 RMSE(val)=80.754517
[GA][Iter3] Gen:12 Ind:5 RMSE(val)=80.754517
[GA][Iter3] Gen:12 Ind:6 RMSE(val)=80.754517
[GA][Iter3] Gen:12 Ind:7 RMSE(val)=80.754517
[GA][Iter3] Gen:12 Ind:8 RMSE(val)=80.754517
[GA][Iter3] Gen:12 Ind:9 RMSE(val)=81.246531
[GA][Iter3] Gen:12 Ind:10 RMSE(val)=81.540053
[GA][Iter3] Gen:12 Ind:11 RMSE(val)=81.654236
[GA][Iter3] Gen:12 Ind:12 RMSE(val)=88.641483
[GA][Iter3] Gen:12 Ind:13 RMSE(val)=84.507488
[GA][Iter3] Gen:12 Ind:14 RMSE(val)=81.246531
[GA][Iter3] Gen:12 Ind:15 RMSE(val)=80.754517
[GA][Iter3] Gen:12 Ind:16 RMSE(val)=80.754517
[GA][Iter3] Gen:12 Ind:17 RMSE(val)=85.065203
[GA][Iter3] Gen:12 Ind:18 RMSE(val)=80.754517
[GA][Iter3] Gen:12 Ind:19 RMSE(val)=96.481365
[GA][Iter3] Gen:12 Ind:20 RMSE(val)=80.754517
[GA][Iter3] gen=12 best_val_rmse=80.754517
[GA][Iter3] Gen:13 Ind:1 RMSE(val)=80.754517
[GA][Iter3] Gen:13 Ind:2 RMSE(val)=80.754517
[GA][Iter3] Gen:13 Ind:3 RMSE(val)=80.754517
[GA][Iter3] Gen:13 Ind:4 RMSE(val)=80.754517
[GA][Iter3] Gen:13 Ind:5 RMSE(val)=80.754517
[GA][Iter3] Gen:13 Ind:6 RMSE(val)=80.754517
[GA][Iter3] Gen:13 Ind:7 RMSE(val)=80.754517
[GA][Iter3] Gen:13 Ind:8 RMSE(val)=80.754517
[GA][Iter3] Gen:13 Ind:9 RMSE(val)=80.754517
[GA][Iter3] Gen:13 Ind:10 RMSE(val)=80.754517
[GA][Iter3] Gen:13 Ind:11 RMSE(val)=86.550614
[GA][Iter3] Gen:13 Ind:12 RMSE(val)=80.754517
[GA][Iter3] Gen:13 Ind:13 RMSE(val)=86.865151
[GA][Iter3] Gen:13 Ind:14 RMSE(val)=80.754517
[GA][Iter3] Gen:13 Ind:15 RMSE(val)=80.754517
[GA][Iter3] Gen:13 Ind:16 RMSE(val)=80.754517
[GA][Iter3] Gen:13 Ind:17 RMSE(val)=80.754517
[GA][Iter3] Gen:13 Ind:18 RMSE(val)=81.506516
[GA][Iter3] Gen:13 Ind:19 RMSE(val)=80.754517
[GA][Iter3] Gen:13 Ind:20 RMSE(val)=80.754517
[GA][Iter3] gen=13 best_val_rmse=80.754517
[GA][Iter3] Gen:14 Ind:1 RMSE(val)=80.754517
[GA][Iter3] Gen:14 Ind:2 RMSE(val)=80.754517
[GA][Iter3] Gen:14 Ind:3 RMSE(val)=80.754517
[GA][Iter3] Gen:14 Ind:4 RMSE(val)=80.754517
[GA][Iter3] Gen:14 Ind:5 RMSE(val)=80.754517
[GA][Iter3] Gen:14 Ind:6 RMSE(val)=80.754517
[GA][Iter3] Gen:14 Ind:7 RMSE(val)=80.754517
[GA][Iter3] Gen:14 Ind:8 RMSE(val)=80.754517
[GA][Iter3] Gen:14 Ind:9 RMSE(val)=80.754517
[GA][Iter3] Gen:14 Ind:10 RMSE(val)=80.754517
[GA][Iter3] Gen:14 Ind:11 RMSE(val)=80.754517
[GA][Iter3] Gen:14 Ind:12 RMSE(val)=80.754517
[GA][Iter3] Gen:14 Ind:13 RMSE(val)=80.754517
[GA][Iter3] Gen:14 Ind:14 RMSE(val)=80.754517
[GA][Iter3] Gen:14 Ind:15 RMSE(val)=80.754517
[GA][Iter3] Gen:14 Ind:16 RMSE(val)=84.507488
[GA][Iter3] Gen:14 Ind:17 RMSE(val)=80.613636
[GA][Iter3] Gen:14 Ind:18 RMSE(val)=80.754517
[GA][Iter3] Gen:14 Ind:19 RMSE(val)=80.754517
[GA][Iter3] Gen:14 Ind:20 RMSE(val)=80.754517
[GA][Iter3] gen=14 best_val_rmse=80.613636
[GA][Iter3] Gen:15 Ind:1 RMSE(val)=80.613636
[GA][Iter3] Gen:15 Ind:2 RMSE(val)=80.754517
[GA][Iter3] Gen:15 Ind:3 RMSE(val)=80.754517
[GA][Iter3] Gen:15 Ind:4 RMSE(val)=80.754517
[GA][Iter3] Gen:15 Ind:5 RMSE(val)=80.754517
[GA][Iter3] Gen:15 Ind:6 RMSE(val)=80.754517
[GA][Iter3] Gen:15 Ind:7 RMSE(val)=80.754517
[GA][Iter3] Gen:15 Ind:8 RMSE(val)=80.754517
[GA][Iter3] Gen:15 Ind:9 RMSE(val)=80.754517
[GA][Iter3] Gen:15 Ind:10 RMSE(val)=80.754517
[GA][Iter3] Gen:15 Ind:11 RMSE(val)=83.682206
[GA][Iter3] Gen:15 Ind:12 RMSE(val)=80.754517
[GA][Iter3] Gen:15 Ind:13 RMSE(val)=80.754517
[GA][Iter3] Gen:15 Ind:14 RMSE(val)=86.400712
[GA][Iter3] Gen:15 Ind:15 RMSE(val)=80.754517
[GA][Iter3] Gen:15 Ind:16 RMSE(val)=80.613636
[GA][Iter3] Gen:15 Ind:17 RMSE(val)=80.754517
[GA][Iter3] Gen:15 Ind:18 RMSE(val)=80.754517
[GA][Iter3] Gen:15 Ind:19 RMSE(val)=80.754517
[GA][Iter3] Gen:15 Ind:20 RMSE(val)=80.754517
[GA][Iter3] gen=15 best_val_rmse=80.613636
[GA][Iter3] Gen:15 Ind:1 RMSE(val)=80.613636
[GA][Iter3] Gen:15 Ind:2 RMSE(val)=80.613636
[GA][Iter3] Gen:15 Ind:3 RMSE(val)=80.754517
[GA][Iter3] Gen:15 Ind:4 RMSE(val)=80.754517
[GA][Iter3] Gen:15 Ind:5 RMSE(val)=80.754517
[GA][Iter3] Gen:15 Ind:6 RMSE(val)=80.754517
[GA][Iter3] Gen:15 Ind:7 RMSE(val)=80.754517
[GA][Iter3] Gen:15 Ind:8 RMSE(val)=80.754517
[GA][Iter3] Gen:15 Ind:9 RMSE(val)=80.754517
[GA][Iter3] Gen:15 Ind:10 RMSE(val)=80.754517
[GA][Iter3] Gen:15 Ind:11 RMSE(val)=80.754517
[GA][Iter3] Gen:15 Ind:12 RMSE(val)=83.328171
[GA][Iter3] Gen:15 Ind:13 RMSE(val)=87.462855
[GA][Iter3] Gen:15 Ind:14 RMSE(val)=80.754517
[GA][Iter3] Gen:15 Ind:15 RMSE(val)=87.925421
[GA][Iter3] Gen:15 Ind:16 RMSE(val)=80.754517
[GA][Iter3] Gen:15 Ind:17 RMSE(val)=80.754517
[GA][Iter3] Gen:15 Ind:18 RMSE(val)=86.020774
[GA][Iter3] Gen:15 Ind:19 RMSE(val)=80.754517
[GA][Iter3] Gen:15 Ind:20 RMSE(val)=86.865151

[GA DONE][Iter3] Best params on val fold of Iter3
Best val RMSE: 80.613636
Best params: {'n_estimators': 838, 'learning_rate': 0.13397529772735178, 'max_depth': 5, 'min_samples_split': 12, 'min_samples_leaf': 9, 'subsample': 0.6745964809662413, 'max_features': 'log2'}
--------------------------------------------------------------------------------
[RETUNE GA] Iter3: train folds 1..7 -> test fold 8  RMSE=88.124100  NRMSE=0.731669  CVRMSE=0.199917  R2=0.463528
[GA][Iter4] Gen:1 Ind:1 RMSE(val)=83.929596
[GA][Iter4] Gen:1 Ind:2 RMSE(val)=87.822411
[GA][Iter4] Gen:1 Ind:3 RMSE(val)=83.829896
[GA][Iter4] Gen:1 Ind:4 RMSE(val)=87.577196
[GA][Iter4] Gen:1 Ind:5 RMSE(val)=87.633034
[GA][Iter4] Gen:1 Ind:6 RMSE(val)=85.344026
[GA][Iter4] Gen:1 Ind:7 RMSE(val)=87.754199
[GA][Iter4] Gen:1 Ind:8 RMSE(val)=90.832177
[GA][Iter4] Gen:1 Ind:9 RMSE(val)=85.400227
[GA][Iter4] Gen:1 Ind:10 RMSE(val)=84.539148
[GA][Iter4] Gen:1 Ind:11 RMSE(val)=86.213655
[GA][Iter4] Gen:1 Ind:12 RMSE(val)=86.536516
[GA][Iter4] Gen:1 Ind:13 RMSE(val)=87.336934
[GA][Iter4] Gen:1 Ind:14 RMSE(val)=84.548141
[GA][Iter4] Gen:1 Ind:15 RMSE(val)=88.077607
[GA][Iter4] Gen:1 Ind:16 RMSE(val)=87.947324
[GA][Iter4] Gen:1 Ind:17 RMSE(val)=88.360915
[GA][Iter4] Gen:1 Ind:18 RMSE(val)=83.686327
[GA][Iter4] Gen:1 Ind:19 RMSE(val)=86.374331
[GA][Iter4] Gen:1 Ind:20 RMSE(val)=89.302066
[GA][Iter4] gen=1 best_val_rmse=83.686327
[GA][Iter4] Gen:2 Ind:1 RMSE(val)=83.686327
[GA][Iter4] Gen:2 Ind:2 RMSE(val)=83.829896
[GA][Iter4] Gen:2 Ind:3 RMSE(val)=83.929596
[GA][Iter4] Gen:2 Ind:4 RMSE(val)=84.539148
[GA][Iter4] Gen:2 Ind:5 RMSE(val)=84.548141
[GA][Iter4] Gen:2 Ind:6 RMSE(val)=85.344026
[GA][Iter4] Gen:2 Ind:7 RMSE(val)=85.400227
[GA][Iter4] Gen:2 Ind:8 RMSE(val)=86.213655
[GA][Iter4] Gen:2 Ind:9 RMSE(val)=86.374331
[GA][Iter4] Gen:2 Ind:10 RMSE(val)=86.536516
[GA][Iter4] Gen:2 Ind:11 RMSE(val)=86.827938
[GA][Iter4] Gen:2 Ind:12 RMSE(val)=87.029771
[GA][Iter4] Gen:2 Ind:13 RMSE(val)=84.240671
[GA][Iter4] Gen:2 Ind:14 RMSE(val)=85.173374
[GA][Iter4] Gen:2 Ind:15 RMSE(val)=88.978585
[GA][Iter4] Gen:2 Ind:16 RMSE(val)=84.663680
[GA][Iter4] Gen:2 Ind:17 RMSE(val)=85.607842
[GA][Iter4] Gen:2 Ind:18 RMSE(val)=83.857941
[GA][Iter4] Gen:2 Ind:19 RMSE(val)=85.831008
[GA][Iter4] Gen:2 Ind:20 RMSE(val)=84.539148
[GA][Iter4] gen=2 best_val_rmse=83.686327
[GA][Iter4] Gen:3 Ind:1 RMSE(val)=83.686327
[GA][Iter4] Gen:3 Ind:2 RMSE(val)=83.829896
[GA][Iter4] Gen:3 Ind:3 RMSE(val)=83.857941
[GA][Iter4] Gen:3 Ind:4 RMSE(val)=83.929596
[GA][Iter4] Gen:3 Ind:5 RMSE(val)=84.240671
[GA][Iter4] Gen:3 Ind:6 RMSE(val)=84.539148
[GA][Iter4] Gen:3 Ind:7 RMSE(val)=84.539148
[GA][Iter4] Gen:3 Ind:8 RMSE(val)=84.548141
[GA][Iter4] Gen:3 Ind:9 RMSE(val)=84.663680
[GA][Iter4] Gen:3 Ind:10 RMSE(val)=85.173374
[GA][Iter4] Gen:3 Ind:11 RMSE(val)=84.397496
[GA][Iter4] Gen:3 Ind:12 RMSE(val)=85.203373
[GA][Iter4] Gen:3 Ind:13 RMSE(val)=84.220220
[GA][Iter4] Gen:3 Ind:14 RMSE(val)=85.229068
[GA][Iter4] Gen:3 Ind:15 RMSE(val)=83.919209
[GA][Iter4] Gen:3 Ind:16 RMSE(val)=84.585541
[GA][Iter4] Gen:3 Ind:17 RMSE(val)=84.518677
[GA][Iter4] Gen:3 Ind:18 RMSE(val)=84.674845
[GA][Iter4] Gen:3 Ind:19 RMSE(val)=84.552276
[GA][Iter4] Gen:3 Ind:20 RMSE(val)=84.837462
[GA][Iter4] gen=3 best_val_rmse=83.686327
[GA][Iter4] Gen:4 Ind:1 RMSE(val)=83.686327
[GA][Iter4] Gen:4 Ind:2 RMSE(val)=83.829896
[GA][Iter4] Gen:4 Ind:3 RMSE(val)=83.857941
[GA][Iter4] Gen:4 Ind:4 RMSE(val)=83.919209
[GA][Iter4] Gen:4 Ind:5 RMSE(val)=83.929596
[GA][Iter4] Gen:4 Ind:6 RMSE(val)=84.220220
[GA][Iter4] Gen:4 Ind:7 RMSE(val)=84.240671
[GA][Iter4] Gen:4 Ind:8 RMSE(val)=84.397496
[GA][Iter4] Gen:4 Ind:9 RMSE(val)=84.518677
[GA][Iter4] Gen:4 Ind:10 RMSE(val)=84.539148
[GA][Iter4] Gen:4 Ind:11 RMSE(val)=84.048386
[GA][Iter4] Gen:4 Ind:12 RMSE(val)=84.112740
[GA][Iter4] Gen:4 Ind:13 RMSE(val)=83.666547
[GA][Iter4] Gen:4 Ind:14 RMSE(val)=84.047830
[GA][Iter4] Gen:4 Ind:15 RMSE(val)=83.896258
[GA][Iter4] Gen:4 Ind:16 RMSE(val)=83.686472
[GA][Iter4] Gen:4 Ind:17 RMSE(val)=84.960686
[GA][Iter4] Gen:4 Ind:18 RMSE(val)=84.354025
[GA][Iter4] Gen:4 Ind:19 RMSE(val)=84.975502
[GA][Iter4] Gen:4 Ind:20 RMSE(val)=84.220220
[GA][Iter4] gen=4 best_val_rmse=83.666547
[GA][Iter4] Gen:5 Ind:1 RMSE(val)=83.666547
[GA][Iter4] Gen:5 Ind:2 RMSE(val)=83.686327
[GA][Iter4] Gen:5 Ind:3 RMSE(val)=83.686472
[GA][Iter4] Gen:5 Ind:4 RMSE(val)=83.829896
[GA][Iter4] Gen:5 Ind:5 RMSE(val)=83.857941
[GA][Iter4] Gen:5 Ind:6 RMSE(val)=83.896258
[GA][Iter4] Gen:5 Ind:7 RMSE(val)=83.919209
[GA][Iter4] Gen:5 Ind:8 RMSE(val)=83.929596
[GA][Iter4] Gen:5 Ind:9 RMSE(val)=84.047830
[GA][Iter4] Gen:5 Ind:10 RMSE(val)=84.048386
[GA][Iter4] Gen:5 Ind:11 RMSE(val)=85.231126
[GA][Iter4] Gen:5 Ind:12 RMSE(val)=83.829896
[GA][Iter4] Gen:5 Ind:13 RMSE(val)=84.048386
[GA][Iter4] Gen:5 Ind:14 RMSE(val)=84.552924
[GA][Iter4] Gen:5 Ind:15 RMSE(val)=84.066402
[GA][Iter4] Gen:5 Ind:16 RMSE(val)=83.808570
[GA][Iter4] Gen:5 Ind:17 RMSE(val)=84.231622
[GA][Iter4] Gen:5 Ind:18 RMSE(val)=84.491336
[GA][Iter4] Gen:5 Ind:19 RMSE(val)=84.381455
[GA][Iter4] Gen:5 Ind:20 RMSE(val)=84.572602
[GA][Iter4] gen=5 best_val_rmse=83.666547
[GA][Iter4] Gen:6 Ind:1 RMSE(val)=83.666547
[GA][Iter4] Gen:6 Ind:2 RMSE(val)=83.686327
[GA][Iter4] Gen:6 Ind:3 RMSE(val)=83.686472
[GA][Iter4] Gen:6 Ind:4 RMSE(val)=83.808570
[GA][Iter4] Gen:6 Ind:5 RMSE(val)=83.829896
[GA][Iter4] Gen:6 Ind:6 RMSE(val)=83.829896
[GA][Iter4] Gen:6 Ind:7 RMSE(val)=83.857941
[GA][Iter4] Gen:6 Ind:8 RMSE(val)=83.896258
[GA][Iter4] Gen:6 Ind:9 RMSE(val)=83.919209
[GA][Iter4] Gen:6 Ind:10 RMSE(val)=83.929596
[GA][Iter4] Gen:6 Ind:11 RMSE(val)=84.586315
[GA][Iter4] Gen:6 Ind:12 RMSE(val)=84.128657
[GA][Iter4] Gen:6 Ind:13 RMSE(val)=83.749661
[GA][Iter4] Gen:6 Ind:14 RMSE(val)=85.018785
[GA][Iter4] Gen:6 Ind:15 RMSE(val)=84.436885
[GA][Iter4] Gen:6 Ind:16 RMSE(val)=83.857941
[GA][Iter4] Gen:6 Ind:17 RMSE(val)=85.080648
[GA][Iter4] Gen:6 Ind:18 RMSE(val)=83.829896
[GA][Iter4] Gen:6 Ind:19 RMSE(val)=83.634686
[GA][Iter4] Gen:6 Ind:20 RMSE(val)=83.585519
[GA][Iter4] gen=6 best_val_rmse=83.585519
[GA][Iter4] Gen:7 Ind:1 RMSE(val)=83.585519
[GA][Iter4] Gen:7 Ind:2 RMSE(val)=83.634686
[GA][Iter4] Gen:7 Ind:3 RMSE(val)=83.666547
[GA][Iter4] Gen:7 Ind:4 RMSE(val)=83.686327
[GA][Iter4] Gen:7 Ind:5 RMSE(val)=83.686472
[GA][Iter4] Gen:7 Ind:6 RMSE(val)=83.749661
[GA][Iter4] Gen:7 Ind:7 RMSE(val)=83.808570
[GA][Iter4] Gen:7 Ind:8 RMSE(val)=83.829896
[GA][Iter4] Gen:7 Ind:9 RMSE(val)=83.829896
[GA][Iter4] Gen:7 Ind:10 RMSE(val)=83.829896
[GA][Iter4] Gen:7 Ind:11 RMSE(val)=83.473055
[GA][Iter4] Gen:7 Ind:12 RMSE(val)=83.518243
[GA][Iter4] Gen:7 Ind:13 RMSE(val)=83.617677
[GA][Iter4] Gen:7 Ind:14 RMSE(val)=83.617677
[GA][Iter4] Gen:7 Ind:15 RMSE(val)=84.359792
[GA][Iter4] Gen:7 Ind:16 RMSE(val)=84.113637
[GA][Iter4] Gen:7 Ind:17 RMSE(val)=83.686327
[GA][Iter4] Gen:7 Ind:18 RMSE(val)=83.617677
[GA][Iter4] Gen:7 Ind:19 RMSE(val)=85.388254
[GA][Iter4] Gen:7 Ind:20 RMSE(val)=84.236078
[GA][Iter4] gen=7 best_val_rmse=83.473055
[GA][Iter4] Gen:8 Ind:1 RMSE(val)=83.473055
[GA][Iter4] Gen:8 Ind:2 RMSE(val)=83.518243
[GA][Iter4] Gen:8 Ind:3 RMSE(val)=83.585519
[GA][Iter4] Gen:8 Ind:4 RMSE(val)=83.617677
[GA][Iter4] Gen:8 Ind:5 RMSE(val)=83.617677
[GA][Iter4] Gen:8 Ind:6 RMSE(val)=83.617677
[GA][Iter4] Gen:8 Ind:7 RMSE(val)=83.634686
[GA][Iter4] Gen:8 Ind:8 RMSE(val)=83.666547
[GA][Iter4] Gen:8 Ind:9 RMSE(val)=83.686327
[GA][Iter4] Gen:8 Ind:10 RMSE(val)=83.686327
[GA][Iter4] Gen:8 Ind:11 RMSE(val)=83.617677
[GA][Iter4] Gen:8 Ind:12 RMSE(val)=83.780599
[GA][Iter4] Gen:8 Ind:13 RMSE(val)=84.211993
[GA][Iter4] Gen:8 Ind:14 RMSE(val)=83.634686
[GA][Iter4] Gen:8 Ind:15 RMSE(val)=83.686327
[GA][Iter4] Gen:8 Ind:16 RMSE(val)=83.950561
[GA][Iter4] Gen:8 Ind:17 RMSE(val)=83.617677
[GA][Iter4] Gen:8 Ind:18 RMSE(val)=83.666547
[GA][Iter4] Gen:8 Ind:19 RMSE(val)=83.617677
[GA][Iter4] Gen:8 Ind:20 RMSE(val)=83.666547
[GA][Iter4] gen=8 best_val_rmse=83.473055
[GA][Iter4] Gen:9 Ind:1 RMSE(val)=83.473055
[GA][Iter4] Gen:9 Ind:2 RMSE(val)=83.518243
[GA][Iter4] Gen:9 Ind:3 RMSE(val)=83.585519
[GA][Iter4] Gen:9 Ind:4 RMSE(val)=83.617677
[GA][Iter4] Gen:9 Ind:5 RMSE(val)=83.617677
[GA][Iter4] Gen:9 Ind:6 RMSE(val)=83.617677
[GA][Iter4] Gen:9 Ind:7 RMSE(val)=83.617677
[GA][Iter4] Gen:9 Ind:8 RMSE(val)=83.617677
[GA][Iter4] Gen:9 Ind:9 RMSE(val)=83.617677
[GA][Iter4] Gen:9 Ind:10 RMSE(val)=83.634686
[GA][Iter4] Gen:9 Ind:11 RMSE(val)=83.686327
[GA][Iter4] Gen:9 Ind:12 RMSE(val)=83.617677
[GA][Iter4] Gen:9 Ind:13 RMSE(val)=83.780599
[GA][Iter4] Gen:9 Ind:14 RMSE(val)=83.617677
[GA][Iter4] Gen:9 Ind:15 RMSE(val)=83.617677
[GA][Iter4] Gen:9 Ind:16 RMSE(val)=84.114417
[GA][Iter4] Gen:9 Ind:17 RMSE(val)=83.617677
[GA][Iter4] Gen:9 Ind:18 RMSE(val)=83.617677
[GA][Iter4] Gen:9 Ind:19 RMSE(val)=83.617677
[GA][Iter4] Gen:9 Ind:20 RMSE(val)=83.617677
[GA][Iter4] gen=9 best_val_rmse=83.473055
[GA][Iter4] Gen:10 Ind:1 RMSE(val)=83.473055
[GA][Iter4] Gen:10 Ind:2 RMSE(val)=83.518243
[GA][Iter4] Gen:10 Ind:3 RMSE(val)=83.585519
[GA][Iter4] Gen:10 Ind:4 RMSE(val)=83.617677
[GA][Iter4] Gen:10 Ind:5 RMSE(val)=83.617677
[GA][Iter4] Gen:10 Ind:6 RMSE(val)=83.617677
[GA][Iter4] Gen:10 Ind:7 RMSE(val)=83.617677
[GA][Iter4] Gen:10 Ind:8 RMSE(val)=83.617677
[GA][Iter4] Gen:10 Ind:9 RMSE(val)=83.617677
[GA][Iter4] Gen:10 Ind:10 RMSE(val)=83.617677
[GA][Iter4] Gen:10 Ind:11 RMSE(val)=83.831970
[GA][Iter4] Gen:10 Ind:12 RMSE(val)=83.617677
[GA][Iter4] Gen:10 Ind:13 RMSE(val)=83.617677
[GA][Iter4] Gen:10 Ind:14 RMSE(val)=83.555505
[GA][Iter4] Gen:10 Ind:15 RMSE(val)=83.686327
[GA][Iter4] Gen:10 Ind:16 RMSE(val)=83.686327
[GA][Iter4] Gen:10 Ind:17 RMSE(val)=83.617677
[GA][Iter4] Gen:10 Ind:18 RMSE(val)=83.617677
[GA][Iter4] Gen:10 Ind:19 RMSE(val)=83.617677
[GA][Iter4] Gen:10 Ind:20 RMSE(val)=83.858753
[GA][Iter4] gen=10 best_val_rmse=83.473055
[GA][Iter4] Gen:11 Ind:1 RMSE(val)=83.473055
[GA][Iter4] Gen:11 Ind:2 RMSE(val)=83.518243
[GA][Iter4] Gen:11 Ind:3 RMSE(val)=83.555505
[GA][Iter4] Gen:11 Ind:4 RMSE(val)=83.585519
[GA][Iter4] Gen:11 Ind:5 RMSE(val)=83.617677
[GA][Iter4] Gen:11 Ind:6 RMSE(val)=83.617677
[GA][Iter4] Gen:11 Ind:7 RMSE(val)=83.617677
[GA][Iter4] Gen:11 Ind:8 RMSE(val)=83.617677
[GA][Iter4] Gen:11 Ind:9 RMSE(val)=83.617677
[GA][Iter4] Gen:11 Ind:10 RMSE(val)=83.617677
[GA][Iter4] Gen:11 Ind:11 RMSE(val)=83.964628
[GA][Iter4] Gen:11 Ind:12 RMSE(val)=83.617677
[GA][Iter4] Gen:11 Ind:13 RMSE(val)=84.211993
[GA][Iter4] Gen:11 Ind:14 RMSE(val)=83.686327
[GA][Iter4] Gen:11 Ind:15 RMSE(val)=83.617677
[GA][Iter4] Gen:11 Ind:16 RMSE(val)=83.518243
[GA][Iter4] Gen:11 Ind:17 RMSE(val)=83.617677
[GA][Iter4] Gen:11 Ind:18 RMSE(val)=83.781682
[GA][Iter4] Gen:11 Ind:19 RMSE(val)=83.617677
[GA][Iter4] Gen:11 Ind:20 RMSE(val)=83.585519
[GA][Iter4] gen=11 best_val_rmse=83.473055
[GA][Iter4] Gen:12 Ind:1 RMSE(val)=83.473055
[GA][Iter4] Gen:12 Ind:2 RMSE(val)=83.518243
[GA][Iter4] Gen:12 Ind:3 RMSE(val)=83.518243
[GA][Iter4] Gen:12 Ind:4 RMSE(val)=83.555505
[GA][Iter4] Gen:12 Ind:5 RMSE(val)=83.585519
[GA][Iter4] Gen:12 Ind:6 RMSE(val)=83.585519
[GA][Iter4] Gen:12 Ind:7 RMSE(val)=83.617677
[GA][Iter4] Gen:12 Ind:8 RMSE(val)=83.617677
[GA][Iter4] Gen:12 Ind:9 RMSE(val)=83.617677
[GA][Iter4] Gen:12 Ind:10 RMSE(val)=83.617677
[GA][Iter4] Gen:12 Ind:11 RMSE(val)=83.686327
[GA][Iter4] Gen:12 Ind:12 RMSE(val)=83.505120
[GA][Iter4] Gen:12 Ind:13 RMSE(val)=84.152204
[GA][Iter4] Gen:12 Ind:14 RMSE(val)=83.617677
[GA][Iter4] Gen:12 Ind:15 RMSE(val)=84.105650
[GA][Iter4] Gen:12 Ind:16 RMSE(val)=83.585519
[GA][Iter4] Gen:12 Ind:17 RMSE(val)=83.617677
[GA][Iter4] Gen:12 Ind:18 RMSE(val)=84.147003
[GA][Iter4] Gen:12 Ind:19 RMSE(val)=85.226386
[GA][Iter4] Gen:12 Ind:20 RMSE(val)=83.617677
[GA][Iter4] gen=12 best_val_rmse=83.473055
[GA][Iter4] Gen:13 Ind:1 RMSE(val)=83.473055
[GA][Iter4] Gen:13 Ind:2 RMSE(val)=83.505120
[GA][Iter4] Gen:13 Ind:3 RMSE(val)=83.518243
[GA][Iter4] Gen:13 Ind:4 RMSE(val)=83.518243
[GA][Iter4] Gen:13 Ind:5 RMSE(val)=83.555505
[GA][Iter4] Gen:13 Ind:6 RMSE(val)=83.585519
[GA][Iter4] Gen:13 Ind:7 RMSE(val)=83.585519
[GA][Iter4] Gen:13 Ind:8 RMSE(val)=83.585519
[GA][Iter4] Gen:13 Ind:9 RMSE(val)=83.617677
[GA][Iter4] Gen:13 Ind:10 RMSE(val)=83.617677
[GA][Iter4] Gen:13 Ind:11 RMSE(val)=83.628082
[GA][Iter4] Gen:13 Ind:12 RMSE(val)=83.415055
[GA][Iter4] Gen:13 Ind:13 RMSE(val)=84.330229
[GA][Iter4] Gen:13 Ind:14 RMSE(val)=84.147003
[GA][Iter4] Gen:13 Ind:15 RMSE(val)=83.585519
[GA][Iter4] Gen:13 Ind:16 RMSE(val)=83.780599
[GA][Iter4] Gen:13 Ind:17 RMSE(val)=83.585519
[GA][Iter4] Gen:13 Ind:18 RMSE(val)=83.805299
[GA][Iter4] Gen:13 Ind:19 RMSE(val)=83.666547
[GA][Iter4] Gen:13 Ind:20 RMSE(val)=83.518243
[GA][Iter4] gen=13 best_val_rmse=83.415055
[GA][Iter4] Gen:14 Ind:1 RMSE(val)=83.415055
[GA][Iter4] Gen:14 Ind:2 RMSE(val)=83.473055
[GA][Iter4] Gen:14 Ind:3 RMSE(val)=83.505120
[GA][Iter4] Gen:14 Ind:4 RMSE(val)=83.518243
[GA][Iter4] Gen:14 Ind:5 RMSE(val)=83.518243
[GA][Iter4] Gen:14 Ind:6 RMSE(val)=83.518243
[GA][Iter4] Gen:14 Ind:7 RMSE(val)=83.555505
[GA][Iter4] Gen:14 Ind:8 RMSE(val)=83.585519
[GA][Iter4] Gen:14 Ind:9 RMSE(val)=83.585519
[GA][Iter4] Gen:14 Ind:10 RMSE(val)=83.585519
[GA][Iter4] Gen:14 Ind:11 RMSE(val)=83.518243
[GA][Iter4] Gen:14 Ind:12 RMSE(val)=83.585519
[GA][Iter4] Gen:14 Ind:13 RMSE(val)=84.051566
[GA][Iter4] Gen:14 Ind:14 RMSE(val)=84.211993
[GA][Iter4] Gen:14 Ind:15 RMSE(val)=83.585519
[GA][Iter4] Gen:14 Ind:16 RMSE(val)=83.820714
[GA][Iter4] Gen:14 Ind:17 RMSE(val)=83.551501
[GA][Iter4] Gen:14 Ind:18 RMSE(val)=83.518243
[GA][Iter4] Gen:14 Ind:19 RMSE(val)=83.505120
[GA][Iter4] Gen:14 Ind:20 RMSE(val)=83.473055
[GA][Iter4] gen=14 best_val_rmse=83.415055
[GA][Iter4] Gen:15 Ind:1 RMSE(val)=83.415055
[GA][Iter4] Gen:15 Ind:2 RMSE(val)=83.473055
[GA][Iter4] Gen:15 Ind:3 RMSE(val)=83.473055
[GA][Iter4] Gen:15 Ind:4 RMSE(val)=83.505120
[GA][Iter4] Gen:15 Ind:5 RMSE(val)=83.505120
[GA][Iter4] Gen:15 Ind:6 RMSE(val)=83.518243
[GA][Iter4] Gen:15 Ind:7 RMSE(val)=83.518243
[GA][Iter4] Gen:15 Ind:8 RMSE(val)=83.518243
[GA][Iter4] Gen:15 Ind:9 RMSE(val)=83.518243
[GA][Iter4] Gen:15 Ind:10 RMSE(val)=83.518243
[GA][Iter4] Gen:15 Ind:11 RMSE(val)=84.063388
[GA][Iter4] Gen:15 Ind:12 RMSE(val)=83.473055
[GA][Iter4] Gen:15 Ind:13 RMSE(val)=83.555505
[GA][Iter4] Gen:15 Ind:14 RMSE(val)=83.581623
[GA][Iter4] Gen:15 Ind:15 RMSE(val)=83.518243
[GA][Iter4] Gen:15 Ind:16 RMSE(val)=83.415055
[GA][Iter4] Gen:15 Ind:17 RMSE(val)=83.518243
[GA][Iter4] Gen:15 Ind:18 RMSE(val)=83.952110
[GA][Iter4] Gen:15 Ind:19 RMSE(val)=83.776611
[GA][Iter4] Gen:15 Ind:20 RMSE(val)=83.714109
[GA][Iter4] gen=15 best_val_rmse=83.415055
[GA][Iter4] Gen:15 Ind:1 RMSE(val)=83.415055
[GA][Iter4] Gen:15 Ind:2 RMSE(val)=83.415055
[GA][Iter4] Gen:15 Ind:3 RMSE(val)=83.473055
[GA][Iter4] Gen:15 Ind:4 RMSE(val)=83.473055
[GA][Iter4] Gen:15 Ind:5 RMSE(val)=83.473055
[GA][Iter4] Gen:15 Ind:6 RMSE(val)=83.505120
[GA][Iter4] Gen:15 Ind:7 RMSE(val)=83.505120
[GA][Iter4] Gen:15 Ind:8 RMSE(val)=83.518243
[GA][Iter4] Gen:15 Ind:9 RMSE(val)=83.518243
[GA][Iter4] Gen:15 Ind:10 RMSE(val)=83.518243
[GA][Iter4] Gen:15 Ind:11 RMSE(val)=83.518243
[GA][Iter4] Gen:15 Ind:12 RMSE(val)=83.468433
[GA][Iter4] Gen:15 Ind:13 RMSE(val)=83.760041
[GA][Iter4] Gen:15 Ind:14 RMSE(val)=83.537907
[GA][Iter4] Gen:15 Ind:15 RMSE(val)=83.838376
[GA][Iter4] Gen:15 Ind:16 RMSE(val)=83.505120
[GA][Iter4] Gen:15 Ind:17 RMSE(val)=83.518243
[GA][Iter4] Gen:15 Ind:18 RMSE(val)=83.843565
[GA][Iter4] Gen:15 Ind:19 RMSE(val)=83.750408
[GA][Iter4] Gen:15 Ind:20 RMSE(val)=83.950150

[GA DONE][Iter4] Best params on val fold of Iter4
Best val RMSE: 83.415055
Best params: {'n_estimators': 1121, 'learning_rate': 0.008445166123739481, 'max_depth': 5, 'min_samples_split': 21, 'min_samples_leaf': 3, 'subsample': 0.7539069246698, 'max_features': 'log2'}
--------------------------------------------------------------------------------
[RETUNE GA] Iter4: train folds 1..8 -> test fold 9  RMSE=70.210311  NRMSE=0.608044  CVRMSE=0.149728  R2=0.629501
[GA][Iter5] Gen:1 Ind:1 RMSE(val)=70.310809
[GA][Iter5] Gen:1 Ind:2 RMSE(val)=78.079925
[GA][Iter5] Gen:1 Ind:3 RMSE(val)=70.409292
[GA][Iter5] Gen:1 Ind:4 RMSE(val)=77.490888
[GA][Iter5] Gen:1 Ind:5 RMSE(val)=78.183863
[GA][Iter5] Gen:1 Ind:6 RMSE(val)=68.647125
[GA][Iter5] Gen:1 Ind:7 RMSE(val)=71.856098
[GA][Iter5] Gen:1 Ind:8 RMSE(val)=77.130337
[GA][Iter5] Gen:1 Ind:9 RMSE(val)=70.351903
[GA][Iter5] Gen:1 Ind:10 RMSE(val)=71.455153
[GA][Iter5] Gen:1 Ind:11 RMSE(val)=70.933548
[GA][Iter5] Gen:1 Ind:12 RMSE(val)=71.928321
[GA][Iter5] Gen:1 Ind:13 RMSE(val)=92.189896
[GA][Iter5] Gen:1 Ind:14 RMSE(val)=71.063274
[GA][Iter5] Gen:1 Ind:15 RMSE(val)=78.785116
[GA][Iter5] Gen:1 Ind:16 RMSE(val)=77.417964
[GA][Iter5] Gen:1 Ind:17 RMSE(val)=71.326626
[GA][Iter5] Gen:1 Ind:18 RMSE(val)=70.575515
[GA][Iter5] Gen:1 Ind:19 RMSE(val)=77.031874
[GA][Iter5] Gen:1 Ind:20 RMSE(val)=78.879281
[GA][Iter5] gen=1 best_val_rmse=68.647125
[GA][Iter5] Gen:2 Ind:1 RMSE(val)=68.647125
[GA][Iter5] Gen:2 Ind:2 RMSE(val)=70.310809
[GA][Iter5] Gen:2 Ind:3 RMSE(val)=70.351903
[GA][Iter5] Gen:2 Ind:4 RMSE(val)=70.409292
[GA][Iter5] Gen:2 Ind:5 RMSE(val)=70.575515
[GA][Iter5] Gen:2 Ind:6 RMSE(val)=70.933548
[GA][Iter5] Gen:2 Ind:7 RMSE(val)=71.063274
[GA][Iter5] Gen:2 Ind:8 RMSE(val)=71.326626
[GA][Iter5] Gen:2 Ind:9 RMSE(val)=71.455153
[GA][Iter5] Gen:2 Ind:10 RMSE(val)=71.856098
[GA][Iter5] Gen:2 Ind:11 RMSE(val)=71.839677
[GA][Iter5] Gen:2 Ind:12 RMSE(val)=72.002981
[GA][Iter5] Gen:2 Ind:13 RMSE(val)=71.773952
[GA][Iter5] Gen:2 Ind:14 RMSE(val)=70.392896
[GA][Iter5] Gen:2 Ind:15 RMSE(val)=70.592026
[GA][Iter5] Gen:2 Ind:16 RMSE(val)=74.901796
[GA][Iter5] Gen:2 Ind:17 RMSE(val)=71.949827
[GA][Iter5] Gen:2 Ind:18 RMSE(val)=70.999766
[GA][Iter5] Gen:2 Ind:19 RMSE(val)=73.948137
[GA][Iter5] Gen:2 Ind:20 RMSE(val)=70.306515
[GA][Iter5] gen=2 best_val_rmse=68.647125
[GA][Iter5] Gen:3 Ind:1 RMSE(val)=68.647125
[GA][Iter5] Gen:3 Ind:2 RMSE(val)=70.306515
[GA][Iter5] Gen:3 Ind:3 RMSE(val)=70.310809
[GA][Iter5] Gen:3 Ind:4 RMSE(val)=70.351903
[GA][Iter5] Gen:3 Ind:5 RMSE(val)=70.392896
[GA][Iter5] Gen:3 Ind:6 RMSE(val)=70.409292
[GA][Iter5] Gen:3 Ind:7 RMSE(val)=70.575515
[GA][Iter5] Gen:3 Ind:8 RMSE(val)=70.592026
[GA][Iter5] Gen:3 Ind:9 RMSE(val)=70.933548
[GA][Iter5] Gen:3 Ind:10 RMSE(val)=70.999766
[GA][Iter5] Gen:3 Ind:11 RMSE(val)=71.154194
[GA][Iter5] Gen:3 Ind:12 RMSE(val)=70.850297
[GA][Iter5] Gen:3 Ind:13 RMSE(val)=70.612621
[GA][Iter5] Gen:3 Ind:14 RMSE(val)=68.711842
[GA][Iter5] Gen:3 Ind:15 RMSE(val)=68.506540
[GA][Iter5] Gen:3 Ind:16 RMSE(val)=71.554569
[GA][Iter5] Gen:3 Ind:17 RMSE(val)=74.265004
[GA][Iter5] Gen:3 Ind:18 RMSE(val)=70.346022
[GA][Iter5] Gen:3 Ind:19 RMSE(val)=70.310809
[GA][Iter5] Gen:3 Ind:20 RMSE(val)=71.172065
[GA][Iter5] gen=3 best_val_rmse=68.506540
[GA][Iter5] Gen:4 Ind:1 RMSE(val)=68.506540
[GA][Iter5] Gen:4 Ind:2 RMSE(val)=68.647125
[GA][Iter5] Gen:4 Ind:3 RMSE(val)=68.711842
[GA][Iter5] Gen:4 Ind:4 RMSE(val)=70.306515
[GA][Iter5] Gen:4 Ind:5 RMSE(val)=70.310809
[GA][Iter5] Gen:4 Ind:6 RMSE(val)=70.310809
[GA][Iter5] Gen:4 Ind:7 RMSE(val)=70.346022
[GA][Iter5] Gen:4 Ind:8 RMSE(val)=70.351903
[GA][Iter5] Gen:4 Ind:9 RMSE(val)=70.392896
[GA][Iter5] Gen:4 Ind:10 RMSE(val)=70.409292
[GA][Iter5] Gen:4 Ind:11 RMSE(val)=70.658116
[GA][Iter5] Gen:4 Ind:12 RMSE(val)=72.691344
[GA][Iter5] Gen:4 Ind:13 RMSE(val)=70.436650
[GA][Iter5] Gen:4 Ind:14 RMSE(val)=71.050148
[GA][Iter5] Gen:4 Ind:15 RMSE(val)=68.726382
[GA][Iter5] Gen:4 Ind:16 RMSE(val)=73.631701
[GA][Iter5] Gen:4 Ind:17 RMSE(val)=70.709597
[GA][Iter5] Gen:4 Ind:18 RMSE(val)=70.262873
[GA][Iter5] Gen:4 Ind:19 RMSE(val)=71.096625
[GA][Iter5] Gen:4 Ind:20 RMSE(val)=67.895657
[GA][Iter5] gen=4 best_val_rmse=67.895657
[GA][Iter5] Gen:5 Ind:1 RMSE(val)=67.895657
[GA][Iter5] Gen:5 Ind:2 RMSE(val)=68.506540
[GA][Iter5] Gen:5 Ind:3 RMSE(val)=68.647125
[GA][Iter5] Gen:5 Ind:4 RMSE(val)=68.711842
[GA][Iter5] Gen:5 Ind:5 RMSE(val)=68.726382
[GA][Iter5] Gen:5 Ind:6 RMSE(val)=70.262873
[GA][Iter5] Gen:5 Ind:7 RMSE(val)=70.306515
[GA][Iter5] Gen:5 Ind:8 RMSE(val)=70.310809
[GA][Iter5] Gen:5 Ind:9 RMSE(val)=70.310809
[GA][Iter5] Gen:5 Ind:10 RMSE(val)=70.346022
[GA][Iter5] Gen:5 Ind:11 RMSE(val)=68.425445
[GA][Iter5] Gen:5 Ind:12 RMSE(val)=73.745889
[GA][Iter5] Gen:5 Ind:13 RMSE(val)=70.346022
[GA][Iter5] Gen:5 Ind:14 RMSE(val)=70.771262
[GA][Iter5] Gen:5 Ind:15 RMSE(val)=68.826739
[GA][Iter5] Gen:5 Ind:16 RMSE(val)=70.310809
[GA][Iter5] Gen:5 Ind:17 RMSE(val)=70.712342
[GA][Iter5] Gen:5 Ind:18 RMSE(val)=70.944308
[GA][Iter5] Gen:5 Ind:19 RMSE(val)=70.788050
[GA][Iter5] Gen:5 Ind:20 RMSE(val)=68.316033
[GA][Iter5] gen=5 best_val_rmse=67.895657
[GA][Iter5] Gen:6 Ind:1 RMSE(val)=67.895657
[GA][Iter5] Gen:6 Ind:2 RMSE(val)=68.316033
[GA][Iter5] Gen:6 Ind:3 RMSE(val)=68.425445
[GA][Iter5] Gen:6 Ind:4 RMSE(val)=68.506540
[GA][Iter5] Gen:6 Ind:5 RMSE(val)=68.647125
[GA][Iter5] Gen:6 Ind:6 RMSE(val)=68.711842
[GA][Iter5] Gen:6 Ind:7 RMSE(val)=68.726382
[GA][Iter5] Gen:6 Ind:8 RMSE(val)=68.826739
[GA][Iter5] Gen:6 Ind:9 RMSE(val)=70.262873
[GA][Iter5] Gen:6 Ind:10 RMSE(val)=70.306515
[GA][Iter5] Gen:6 Ind:11 RMSE(val)=68.444510
[GA][Iter5] Gen:6 Ind:12 RMSE(val)=74.573114
[GA][Iter5] Gen:6 Ind:13 RMSE(val)=68.520598
[GA][Iter5] Gen:6 Ind:14 RMSE(val)=68.255036
[GA][Iter5] Gen:6 Ind:15 RMSE(val)=68.397512
[GA][Iter5] Gen:6 Ind:16 RMSE(val)=68.725538
[GA][Iter5] Gen:6 Ind:17 RMSE(val)=68.418504
[GA][Iter5] Gen:6 Ind:18 RMSE(val)=68.711842
[GA][Iter5] Gen:6 Ind:19 RMSE(val)=70.302461
[GA][Iter5] Gen:6 Ind:20 RMSE(val)=68.168841
[GA][Iter5] gen=6 best_val_rmse=67.895657
[GA][Iter5] Gen:7 Ind:1 RMSE(val)=67.895657
[GA][Iter5] Gen:7 Ind:2 RMSE(val)=68.168841
[GA][Iter5] Gen:7 Ind:3 RMSE(val)=68.255036
[GA][Iter5] Gen:7 Ind:4 RMSE(val)=68.316033
[GA][Iter5] Gen:7 Ind:5 RMSE(val)=68.397512
[GA][Iter5] Gen:7 Ind:6 RMSE(val)=68.418504
[GA][Iter5] Gen:7 Ind:7 RMSE(val)=68.425445
[GA][Iter5] Gen:7 Ind:8 RMSE(val)=68.444510
[GA][Iter5] Gen:7 Ind:9 RMSE(val)=68.506540
[GA][Iter5] Gen:7 Ind:10 RMSE(val)=68.520598
[GA][Iter5] Gen:7 Ind:11 RMSE(val)=68.506540
[GA][Iter5] Gen:7 Ind:12 RMSE(val)=68.145592
[GA][Iter5] Gen:7 Ind:13 RMSE(val)=67.943051
[GA][Iter5] Gen:7 Ind:14 RMSE(val)=67.895657
[GA][Iter5] Gen:7 Ind:15 RMSE(val)=73.298707
[GA][Iter5] Gen:7 Ind:16 RMSE(val)=68.439562
[GA][Iter5] Gen:7 Ind:17 RMSE(val)=68.316033
[GA][Iter5] Gen:7 Ind:18 RMSE(val)=67.895657
[GA][Iter5] Gen:7 Ind:19 RMSE(val)=68.316033
[GA][Iter5] Gen:7 Ind:20 RMSE(val)=68.354724
[GA][Iter5] gen=7 best_val_rmse=67.895657
[GA][Iter5] Gen:8 Ind:1 RMSE(val)=67.895657
[GA][Iter5] Gen:8 Ind:2 RMSE(val)=67.895657
[GA][Iter5] Gen:8 Ind:3 RMSE(val)=67.895657
[GA][Iter5] Gen:8 Ind:4 RMSE(val)=67.943051
[GA][Iter5] Gen:8 Ind:5 RMSE(val)=68.145592
[GA][Iter5] Gen:8 Ind:6 RMSE(val)=68.168841
[GA][Iter5] Gen:8 Ind:7 RMSE(val)=68.255036
[GA][Iter5] Gen:8 Ind:8 RMSE(val)=68.316033
[GA][Iter5] Gen:8 Ind:9 RMSE(val)=68.316033
[GA][Iter5] Gen:8 Ind:10 RMSE(val)=68.316033
[GA][Iter5] Gen:8 Ind:11 RMSE(val)=68.168841
[GA][Iter5] Gen:8 Ind:12 RMSE(val)=68.642603
[GA][Iter5] Gen:8 Ind:13 RMSE(val)=68.354724
[GA][Iter5] Gen:8 Ind:14 RMSE(val)=68.231226
[GA][Iter5] Gen:8 Ind:15 RMSE(val)=68.316033
[GA][Iter5] Gen:8 Ind:16 RMSE(val)=68.145592
[GA][Iter5] Gen:8 Ind:17 RMSE(val)=68.067587
[GA][Iter5] Gen:8 Ind:18 RMSE(val)=67.826366
[GA][Iter5] Gen:8 Ind:19 RMSE(val)=68.096590
[GA][Iter5] Gen:8 Ind:20 RMSE(val)=67.947357
[GA][Iter5] gen=8 best_val_rmse=67.826366
[GA][Iter5] Gen:9 Ind:1 RMSE(val)=67.826366
[GA][Iter5] Gen:9 Ind:2 RMSE(val)=67.895657
[GA][Iter5] Gen:9 Ind:3 RMSE(val)=67.895657
[GA][Iter5] Gen:9 Ind:4 RMSE(val)=67.895657
[GA][Iter5] Gen:9 Ind:5 RMSE(val)=67.943051
[GA][Iter5] Gen:9 Ind:6 RMSE(val)=67.947357
[GA][Iter5] Gen:9 Ind:7 RMSE(val)=68.067587
[GA][Iter5] Gen:9 Ind:8 RMSE(val)=68.096590
[GA][Iter5] Gen:9 Ind:9 RMSE(val)=68.145592
[GA][Iter5] Gen:9 Ind:10 RMSE(val)=68.145592
[GA][Iter5] Gen:9 Ind:11 RMSE(val)=68.829585
[GA][Iter5] Gen:9 Ind:12 RMSE(val)=68.168841
[GA][Iter5] Gen:9 Ind:13 RMSE(val)=68.476358
[GA][Iter5] Gen:9 Ind:14 RMSE(val)=68.064947
[GA][Iter5] Gen:9 Ind:15 RMSE(val)=68.067587
[GA][Iter5] Gen:9 Ind:16 RMSE(val)=68.642822
[GA][Iter5] Gen:9 Ind:17 RMSE(val)=67.895657
[GA][Iter5] Gen:9 Ind:18 RMSE(val)=68.090118
[GA][Iter5] Gen:9 Ind:19 RMSE(val)=67.895657
[GA][Iter5] Gen:9 Ind:20 RMSE(val)=67.943051
[GA][Iter5] gen=9 best_val_rmse=67.826366
[GA][Iter5] Gen:10 Ind:1 RMSE(val)=67.826366
[GA][Iter5] Gen:10 Ind:2 RMSE(val)=67.895657
[GA][Iter5] Gen:10 Ind:3 RMSE(val)=67.895657
[GA][Iter5] Gen:10 Ind:4 RMSE(val)=67.895657
[GA][Iter5] Gen:10 Ind:5 RMSE(val)=67.895657
[GA][Iter5] Gen:10 Ind:6 RMSE(val)=67.895657
[GA][Iter5] Gen:10 Ind:7 RMSE(val)=67.943051
[GA][Iter5] Gen:10 Ind:8 RMSE(val)=67.943051
[GA][Iter5] Gen:10 Ind:9 RMSE(val)=67.947357
[GA][Iter5] Gen:10 Ind:10 RMSE(val)=68.064947
[GA][Iter5] Gen:10 Ind:11 RMSE(val)=67.988285
[GA][Iter5] Gen:10 Ind:12 RMSE(val)=67.895657
[GA][Iter5] Gen:10 Ind:13 RMSE(val)=67.947357
[GA][Iter5] Gen:10 Ind:14 RMSE(val)=67.797652
[GA][Iter5] Gen:10 Ind:15 RMSE(val)=67.895657
[GA][Iter5] Gen:10 Ind:16 RMSE(val)=67.895657
[GA][Iter5] Gen:10 Ind:17 RMSE(val)=68.067587
[GA][Iter5] Gen:10 Ind:18 RMSE(val)=67.943051
[GA][Iter5] Gen:10 Ind:19 RMSE(val)=67.943051
[GA][Iter5] Gen:10 Ind:20 RMSE(val)=68.592037
[GA][Iter5] gen=10 best_val_rmse=67.797652
[GA][Iter5] Gen:11 Ind:1 RMSE(val)=67.797652
[GA][Iter5] Gen:11 Ind:2 RMSE(val)=67.826366
[GA][Iter5] Gen:11 Ind:3 RMSE(val)=67.895657
[GA][Iter5] Gen:11 Ind:4 RMSE(val)=67.895657
[GA][Iter5] Gen:11 Ind:5 RMSE(val)=67.895657
[GA][Iter5] Gen:11 Ind:6 RMSE(val)=67.895657
[GA][Iter5] Gen:11 Ind:7 RMSE(val)=67.895657
[GA][Iter5] Gen:11 Ind:8 RMSE(val)=67.895657
[GA][Iter5] Gen:11 Ind:9 RMSE(val)=67.895657
[GA][Iter5] Gen:11 Ind:10 RMSE(val)=67.895657
[GA][Iter5] Gen:11 Ind:11 RMSE(val)=67.895657
[GA][Iter5] Gen:11 Ind:12 RMSE(val)=67.895657
[GA][Iter5] Gen:11 Ind:13 RMSE(val)=67.826366
[GA][Iter5] Gen:11 Ind:14 RMSE(val)=67.947357
[GA][Iter5] Gen:11 Ind:15 RMSE(val)=67.895657
[GA][Iter5] Gen:11 Ind:16 RMSE(val)=68.196260
[GA][Iter5] Gen:11 Ind:17 RMSE(val)=67.895657
[GA][Iter5] Gen:11 Ind:18 RMSE(val)=67.952399
[GA][Iter5] Gen:11 Ind:19 RMSE(val)=67.895657
[GA][Iter5] Gen:11 Ind:20 RMSE(val)=69.027614
[GA][Iter5] gen=11 best_val_rmse=67.797652
[GA][Iter5] Gen:12 Ind:1 RMSE(val)=67.797652
[GA][Iter5] Gen:12 Ind:2 RMSE(val)=67.826366
[GA][Iter5] Gen:12 Ind:3 RMSE(val)=67.826366
[GA][Iter5] Gen:12 Ind:4 RMSE(val)=67.895657
[GA][Iter5] Gen:12 Ind:5 RMSE(val)=67.895657
[GA][Iter5] Gen:12 Ind:6 RMSE(val)=67.895657
[GA][Iter5] Gen:12 Ind:7 RMSE(val)=67.895657
[GA][Iter5] Gen:12 Ind:8 RMSE(val)=67.895657
[GA][Iter5] Gen:12 Ind:9 RMSE(val)=67.895657
[GA][Iter5] Gen:12 Ind:10 RMSE(val)=67.895657
[GA][Iter5] Gen:12 Ind:11 RMSE(val)=68.476358
[GA][Iter5] Gen:12 Ind:12 RMSE(val)=68.900744
[GA][Iter5] Gen:12 Ind:13 RMSE(val)=67.982156
[GA][Iter5] Gen:12 Ind:14 RMSE(val)=74.792661
[GA][Iter5] Gen:12 Ind:15 RMSE(val)=67.802263
[GA][Iter5] Gen:12 Ind:16 RMSE(val)=67.895657
[GA][Iter5] Gen:12 Ind:17 RMSE(val)=67.895657
[GA][Iter5] Gen:12 Ind:18 RMSE(val)=67.870243
[GA][Iter5] Gen:12 Ind:19 RMSE(val)=67.895657
[GA][Iter5] Gen:12 Ind:20 RMSE(val)=67.895657
[GA][Iter5] gen=12 best_val_rmse=67.797652
[GA][Iter5] Gen:13 Ind:1 RMSE(val)=67.797652
[GA][Iter5] Gen:13 Ind:2 RMSE(val)=67.802263
[GA][Iter5] Gen:13 Ind:3 RMSE(val)=67.826366
[GA][Iter5] Gen:13 Ind:4 RMSE(val)=67.826366
[GA][Iter5] Gen:13 Ind:5 RMSE(val)=67.870243
[GA][Iter5] Gen:13 Ind:6 RMSE(val)=67.895657
[GA][Iter5] Gen:13 Ind:7 RMSE(val)=67.895657
[GA][Iter5] Gen:13 Ind:8 RMSE(val)=67.895657
[GA][Iter5] Gen:13 Ind:9 RMSE(val)=67.895657
[GA][Iter5] Gen:13 Ind:10 RMSE(val)=67.895657
[GA][Iter5] Gen:13 Ind:11 RMSE(val)=69.680839
[GA][Iter5] Gen:13 Ind:12 RMSE(val)=67.826366
[GA][Iter5] Gen:13 Ind:13 RMSE(val)=68.000656
[GA][Iter5] Gen:13 Ind:14 RMSE(val)=67.870243
[GA][Iter5] Gen:13 Ind:15 RMSE(val)=67.895657
[GA][Iter5] Gen:13 Ind:16 RMSE(val)=67.895657
[GA][Iter5] Gen:13 Ind:17 RMSE(val)=67.895657
[GA][Iter5] Gen:13 Ind:18 RMSE(val)=67.719940
[GA][Iter5] Gen:13 Ind:19 RMSE(val)=68.476358
[GA][Iter5] Gen:13 Ind:20 RMSE(val)=67.826366
[GA][Iter5] gen=13 best_val_rmse=67.719940
[GA][Iter5] Gen:14 Ind:1 RMSE(val)=67.719940
[GA][Iter5] Gen:14 Ind:2 RMSE(val)=67.797652
[GA][Iter5] Gen:14 Ind:3 RMSE(val)=67.802263
[GA][Iter5] Gen:14 Ind:4 RMSE(val)=67.826366
[GA][Iter5] Gen:14 Ind:5 RMSE(val)=67.826366
[GA][Iter5] Gen:14 Ind:6 RMSE(val)=67.826366
[GA][Iter5] Gen:14 Ind:7 RMSE(val)=67.826366
[GA][Iter5] Gen:14 Ind:8 RMSE(val)=67.870243
[GA][Iter5] Gen:14 Ind:9 RMSE(val)=67.870243
[GA][Iter5] Gen:14 Ind:10 RMSE(val)=67.895657
[GA][Iter5] Gen:14 Ind:11 RMSE(val)=67.826366
[GA][Iter5] Gen:14 Ind:12 RMSE(val)=67.801802
[GA][Iter5] Gen:14 Ind:13 RMSE(val)=68.020056
[GA][Iter5] Gen:14 Ind:14 RMSE(val)=68.609528
[GA][Iter5] Gen:14 Ind:15 RMSE(val)=67.895657
[GA][Iter5] Gen:14 Ind:16 RMSE(val)=68.168026
[GA][Iter5] Gen:14 Ind:17 RMSE(val)=67.799470
[GA][Iter5] Gen:14 Ind:18 RMSE(val)=67.826366
[GA][Iter5] Gen:14 Ind:19 RMSE(val)=67.870243
[GA][Iter5] Gen:14 Ind:20 RMSE(val)=67.797652
[GA][Iter5] gen=14 best_val_rmse=67.719940
[GA][Iter5] Gen:15 Ind:1 RMSE(val)=67.719940
[GA][Iter5] Gen:15 Ind:2 RMSE(val)=67.797652
[GA][Iter5] Gen:15 Ind:3 RMSE(val)=67.797652
[GA][Iter5] Gen:15 Ind:4 RMSE(val)=67.799470
[GA][Iter5] Gen:15 Ind:5 RMSE(val)=67.801802
[GA][Iter5] Gen:15 Ind:6 RMSE(val)=67.802263
[GA][Iter5] Gen:15 Ind:7 RMSE(val)=67.826366
[GA][Iter5] Gen:15 Ind:8 RMSE(val)=67.826366
[GA][Iter5] Gen:15 Ind:9 RMSE(val)=67.826366
[GA][Iter5] Gen:15 Ind:10 RMSE(val)=67.826366
[GA][Iter5] Gen:15 Ind:11 RMSE(val)=67.703255
[GA][Iter5] Gen:15 Ind:12 RMSE(val)=67.797652
[GA][Iter5] Gen:15 Ind:13 RMSE(val)=67.802263
[GA][Iter5] Gen:15 Ind:14 RMSE(val)=70.498865
[GA][Iter5] Gen:15 Ind:15 RMSE(val)=67.826366
[GA][Iter5] Gen:15 Ind:16 RMSE(val)=67.682424
[GA][Iter5] Gen:15 Ind:17 RMSE(val)=67.826366
[GA][Iter5] Gen:15 Ind:18 RMSE(val)=67.769330
[GA][Iter5] Gen:15 Ind:19 RMSE(val)=67.801802
[GA][Iter5] Gen:15 Ind:20 RMSE(val)=67.802263
[GA][Iter5] gen=15 best_val_rmse=67.682424
[GA][Iter5] Gen:15 Ind:1 RMSE(val)=67.682424
[GA][Iter5] Gen:15 Ind:2 RMSE(val)=67.703255
[GA][Iter5] Gen:15 Ind:3 RMSE(val)=67.719940
[GA][Iter5] Gen:15 Ind:4 RMSE(val)=67.769330
[GA][Iter5] Gen:15 Ind:5 RMSE(val)=67.797652
[GA][Iter5] Gen:15 Ind:6 RMSE(val)=67.797652
[GA][Iter5] Gen:15 Ind:7 RMSE(val)=67.797652
[GA][Iter5] Gen:15 Ind:8 RMSE(val)=67.799470
[GA][Iter5] Gen:15 Ind:9 RMSE(val)=67.801802
[GA][Iter5] Gen:15 Ind:10 RMSE(val)=67.801802
[GA][Iter5] Gen:15 Ind:11 RMSE(val)=67.799470
[GA][Iter5] Gen:15 Ind:12 RMSE(val)=67.857383
[GA][Iter5] Gen:15 Ind:13 RMSE(val)=68.482643
[GA][Iter5] Gen:15 Ind:14 RMSE(val)=67.719940
[GA][Iter5] Gen:15 Ind:15 RMSE(val)=72.481516
[GA][Iter5] Gen:15 Ind:16 RMSE(val)=67.801802
[GA][Iter5] Gen:15 Ind:17 RMSE(val)=67.799470
[GA][Iter5] Gen:15 Ind:18 RMSE(val)=69.371092
[GA][Iter5] Gen:15 Ind:19 RMSE(val)=67.797652
[GA][Iter5] Gen:15 Ind:20 RMSE(val)=67.994425

[GA DONE][Iter5] Best params on val fold of Iter5
Best val RMSE: 67.682424
Best params: {'n_estimators': 950, 'learning_rate': 0.009268225722508726, 'max_depth': 2, 'min_samples_split': 3, 'min_samples_leaf': 3, 'subsample': 0.6558151714100575, 'max_features': None}
--------------------------------------------------------------------------------
[RETUNE GA] Iter5: train folds 1..9 -> test fold 10  RMSE=49.799250  NRMSE=0.521237  CVRMSE=0.106739  R2=0.727738
