=== BASELINE (project=radare2, last-7 mean, expanding folds) ===
Iter1: train folds 1..5 -> test fold 6  RMSE=1241.6227  NRMSE=1.0167  CVRMSE=0.6212  R˛=-0.0383
Iter2: train folds 1..6 -> test fold 7  RMSE=1249.9319  NRMSE=1.0486  CVRMSE=0.6852  R˛=-0.1044
Iter3: train folds 1..7 -> test fold 8  RMSE=1125.3908  NRMSE=1.0219  CVRMSE=0.5815  R˛=-0.0489
Iter4: train folds 1..8 -> test fold 9  RMSE=1100.5482  NRMSE=1.0520  CVRMSE=0.5530  R˛=-0.1115
Iter5: train folds 1..9 -> test fold 10  RMSE=1349.0990  NRMSE=0.9875  CVRMSE=0.5850  R˛=0.0206
--------------------------------------------------
[FEATURES] initial=146 kept_after_screening=75
['workflow_event_trigger', 'issuer_name', 'total_builds', 'gh_files_added', 'gh_files_deleted', 'gh_files_modified', 'gh_lines_added', 'gh_lines_deleted', 'gh_tests_deleted', 'gh_is_pr', 'gh_sloc', 'gh_description_complexity', 'gh_doc_files', 'gh_other_files', 'gh_commits_on_files_touched', 'gh_num_pr_comments', 'gh_test_lines_per_kloc', 'hour', 'dow', 'secs_since_prev', 'duration_lag_1', 'duration_lag_3', 'duration_lag_5', 'duration_lag_6', 'duration_lag_7', 'window_avg_7', 'window_std_7', 'window_avg_3', 'window_std_4', 'ft___1_', 'ft___acr_', 'ft___bat_', 'ft___bat__', 'ft___build_', 'ft___build__', 'ft___c_', 'ft___c_e_', 'ft___css__', 'ft___c____dup1', 'ft___h_', 'ft___h__', 'ft___md_', 'ft___mk_', 'ft___mk__', 'ft___opc_', 'ft___sh__', 'ft___spec__', 'ft___toml__', 'ft___txt_', 'ft___yml_', 'ft___yml__', 'ft____1_', 'ft____acr_', 'ft____bat_', 'ft____bat__', 'ft____build__', 'ft____c_', 'ft____c__', 'ft____c_e_', 'ft____cfg_', 'ft____cfg__', 'ft____h__', 'ft____js__', 'ft____md__', 'ft____mk_', 'ft____py__', 'ft____qjs_', 'ft____sh_', 'ft____sh__', 'ft____tips_', 'ft____txt_', 'ft____txt__', 'ft____yml_', 'ft____yml__', 'ft___']
--------------------------------------------------------------------------------
[GA][Iter1] Gen:1 Ind:1 RMSE(val)=745.073359
[GA][Iter1] Gen:1 Ind:2 RMSE(val)=782.547449
[GA][Iter1] Gen:1 Ind:3 RMSE(val)=739.993691
[GA][Iter1] Gen:1 Ind:4 RMSE(val)=798.627629
[GA][Iter1] Gen:1 Ind:5 RMSE(val)=781.712948
[GA][Iter1] Gen:1 Ind:6 RMSE(val)=728.294759
[GA][Iter1] Gen:1 Ind:7 RMSE(val)=748.925634
[GA][Iter1] Gen:1 Ind:8 RMSE(val)=780.295664
[GA][Iter1] Gen:1 Ind:9 RMSE(val)=736.236984
[GA][Iter1] Gen:1 Ind:10 RMSE(val)=741.516203
[GA][Iter1] Gen:1 Ind:11 RMSE(val)=797.854740
[GA][Iter1] Gen:1 Ind:12 RMSE(val)=740.804725
[GA][Iter1] Gen:1 Ind:13 RMSE(val)=786.354062
[GA][Iter1] Gen:1 Ind:14 RMSE(val)=726.227745
[GA][Iter1] Gen:1 Ind:15 RMSE(val)=774.800111
[GA][Iter1] Gen:1 Ind:16 RMSE(val)=773.081766
[GA][Iter1] Gen:1 Ind:17 RMSE(val)=763.941692
[GA][Iter1] Gen:1 Ind:18 RMSE(val)=734.902730
[GA][Iter1] Gen:1 Ind:19 RMSE(val)=814.363014
[GA][Iter1] Gen:1 Ind:20 RMSE(val)=817.735457
[GA][Iter1] gen=1 best_val_rmse=726.227745
[GA][Iter1] Gen:2 Ind:1 RMSE(val)=726.227745
[GA][Iter1] Gen:2 Ind:2 RMSE(val)=728.294759
[GA][Iter1] Gen:2 Ind:3 RMSE(val)=734.902730
[GA][Iter1] Gen:2 Ind:4 RMSE(val)=736.236984
[GA][Iter1] Gen:2 Ind:5 RMSE(val)=739.993691
[GA][Iter1] Gen:2 Ind:6 RMSE(val)=740.804725
[GA][Iter1] Gen:2 Ind:7 RMSE(val)=741.516203
[GA][Iter1] Gen:2 Ind:8 RMSE(val)=745.073359
[GA][Iter1] Gen:2 Ind:9 RMSE(val)=748.925634
[GA][Iter1] Gen:2 Ind:10 RMSE(val)=763.941692
[GA][Iter1] Gen:2 Ind:11 RMSE(val)=727.998559
[GA][Iter1] Gen:2 Ind:12 RMSE(val)=738.479784
[GA][Iter1] Gen:2 Ind:13 RMSE(val)=728.665701
[GA][Iter1] Gen:2 Ind:14 RMSE(val)=739.101129
[GA][Iter1] Gen:2 Ind:15 RMSE(val)=767.800753
[GA][Iter1] Gen:2 Ind:16 RMSE(val)=725.765020
[GA][Iter1] Gen:2 Ind:17 RMSE(val)=759.992673
[GA][Iter1] Gen:2 Ind:18 RMSE(val)=728.206271
[GA][Iter1] Gen:2 Ind:19 RMSE(val)=735.962704
[GA][Iter1] Gen:2 Ind:20 RMSE(val)=731.218944
[GA][Iter1] gen=2 best_val_rmse=725.765020
[GA][Iter1] Gen:3 Ind:1 RMSE(val)=725.765020
[GA][Iter1] Gen:3 Ind:2 RMSE(val)=726.227745
[GA][Iter1] Gen:3 Ind:3 RMSE(val)=727.998559
[GA][Iter1] Gen:3 Ind:4 RMSE(val)=728.206271
[GA][Iter1] Gen:3 Ind:5 RMSE(val)=728.294759
[GA][Iter1] Gen:3 Ind:6 RMSE(val)=728.665701
[GA][Iter1] Gen:3 Ind:7 RMSE(val)=731.218944
[GA][Iter1] Gen:3 Ind:8 RMSE(val)=734.902730
[GA][Iter1] Gen:3 Ind:9 RMSE(val)=735.962704
[GA][Iter1] Gen:3 Ind:10 RMSE(val)=736.236984
[GA][Iter1] Gen:3 Ind:11 RMSE(val)=732.914047
[GA][Iter1] Gen:3 Ind:12 RMSE(val)=725.590987
[GA][Iter1] Gen:3 Ind:13 RMSE(val)=723.634336
[GA][Iter1] Gen:3 Ind:14 RMSE(val)=740.026910
[GA][Iter1] Gen:3 Ind:15 RMSE(val)=726.227745
[GA][Iter1] Gen:3 Ind:16 RMSE(val)=725.079839
[GA][Iter1] Gen:3 Ind:17 RMSE(val)=735.392384
[GA][Iter1] Gen:3 Ind:18 RMSE(val)=728.616685
[GA][Iter1] Gen:3 Ind:19 RMSE(val)=732.255195
[GA][Iter1] Gen:3 Ind:20 RMSE(val)=752.945933
[GA][Iter1] gen=3 best_val_rmse=723.634336
[GA][Iter1] Gen:4 Ind:1 RMSE(val)=723.634336
[GA][Iter1] Gen:4 Ind:2 RMSE(val)=725.079839
[GA][Iter1] Gen:4 Ind:3 RMSE(val)=725.590987
[GA][Iter1] Gen:4 Ind:4 RMSE(val)=725.765020
[GA][Iter1] Gen:4 Ind:5 RMSE(val)=726.227745
[GA][Iter1] Gen:4 Ind:6 RMSE(val)=726.227745
[GA][Iter1] Gen:4 Ind:7 RMSE(val)=727.998559
[GA][Iter1] Gen:4 Ind:8 RMSE(val)=728.206271
[GA][Iter1] Gen:4 Ind:9 RMSE(val)=728.294759
[GA][Iter1] Gen:4 Ind:10 RMSE(val)=728.616685
[GA][Iter1] Gen:4 Ind:11 RMSE(val)=728.390853
[GA][Iter1] Gen:4 Ind:12 RMSE(val)=727.147891
[GA][Iter1] Gen:4 Ind:13 RMSE(val)=724.435656
[GA][Iter1] Gen:4 Ind:14 RMSE(val)=725.176913
[GA][Iter1] Gen:4 Ind:15 RMSE(val)=723.708797
[GA][Iter1] Gen:4 Ind:16 RMSE(val)=726.513251
[GA][Iter1] Gen:4 Ind:17 RMSE(val)=729.298197
[GA][Iter1] Gen:4 Ind:18 RMSE(val)=724.616909
[GA][Iter1] Gen:4 Ind:19 RMSE(val)=727.088422
[GA][Iter1] Gen:4 Ind:20 RMSE(val)=725.779140
[GA][Iter1] gen=4 best_val_rmse=723.634336
[GA][Iter1] Gen:5 Ind:1 RMSE(val)=723.634336
[GA][Iter1] Gen:5 Ind:2 RMSE(val)=723.708797
[GA][Iter1] Gen:5 Ind:3 RMSE(val)=724.435656
[GA][Iter1] Gen:5 Ind:4 RMSE(val)=724.616909
[GA][Iter1] Gen:5 Ind:5 RMSE(val)=725.079839
[GA][Iter1] Gen:5 Ind:6 RMSE(val)=725.176913
[GA][Iter1] Gen:5 Ind:7 RMSE(val)=725.590987
[GA][Iter1] Gen:5 Ind:8 RMSE(val)=725.765020
[GA][Iter1] Gen:5 Ind:9 RMSE(val)=725.779140
[GA][Iter1] Gen:5 Ind:10 RMSE(val)=726.227745
[GA][Iter1] Gen:5 Ind:11 RMSE(val)=741.168600
[GA][Iter1] Gen:5 Ind:12 RMSE(val)=721.265592
[GA][Iter1] Gen:5 Ind:13 RMSE(val)=726.227745
[GA][Iter1] Gen:5 Ind:14 RMSE(val)=719.173495
[GA][Iter1] Gen:5 Ind:15 RMSE(val)=729.661490
[GA][Iter1] Gen:5 Ind:16 RMSE(val)=726.097896
[GA][Iter1] Gen:5 Ind:17 RMSE(val)=736.360084
[GA][Iter1] Gen:5 Ind:18 RMSE(val)=731.475152
[GA][Iter1] Gen:5 Ind:19 RMSE(val)=724.939897
[GA][Iter1] Gen:5 Ind:20 RMSE(val)=726.331305
[GA][Iter1] gen=5 best_val_rmse=719.173495
[GA][Iter1] Gen:6 Ind:1 RMSE(val)=719.173495
[GA][Iter1] Gen:6 Ind:2 RMSE(val)=721.265592
[GA][Iter1] Gen:6 Ind:3 RMSE(val)=723.634336
[GA][Iter1] Gen:6 Ind:4 RMSE(val)=723.708797
[GA][Iter1] Gen:6 Ind:5 RMSE(val)=724.435656
[GA][Iter1] Gen:6 Ind:6 RMSE(val)=724.616909
[GA][Iter1] Gen:6 Ind:7 RMSE(val)=724.939897
[GA][Iter1] Gen:6 Ind:8 RMSE(val)=725.079839
[GA][Iter1] Gen:6 Ind:9 RMSE(val)=725.176913
[GA][Iter1] Gen:6 Ind:10 RMSE(val)=725.590987
[GA][Iter1] Gen:6 Ind:11 RMSE(val)=726.821309
[GA][Iter1] Gen:6 Ind:12 RMSE(val)=725.629951
[GA][Iter1] Gen:6 Ind:13 RMSE(val)=724.103460
[GA][Iter1] Gen:6 Ind:14 RMSE(val)=722.222507
[GA][Iter1] Gen:6 Ind:15 RMSE(val)=721.265592
[GA][Iter1] Gen:6 Ind:16 RMSE(val)=724.939897
[GA][Iter1] Gen:6 Ind:17 RMSE(val)=736.240901
[GA][Iter1] Gen:6 Ind:18 RMSE(val)=721.333401
[GA][Iter1] Gen:6 Ind:19 RMSE(val)=725.176913
[GA][Iter1] Gen:6 Ind:20 RMSE(val)=725.476368
[GA][Iter1] gen=6 best_val_rmse=719.173495
[GA][Iter1] Gen:7 Ind:1 RMSE(val)=719.173495
[GA][Iter1] Gen:7 Ind:2 RMSE(val)=721.265592
[GA][Iter1] Gen:7 Ind:3 RMSE(val)=721.265592
[GA][Iter1] Gen:7 Ind:4 RMSE(val)=721.333401
[GA][Iter1] Gen:7 Ind:5 RMSE(val)=722.222507
[GA][Iter1] Gen:7 Ind:6 RMSE(val)=723.634336
[GA][Iter1] Gen:7 Ind:7 RMSE(val)=723.708797
[GA][Iter1] Gen:7 Ind:8 RMSE(val)=724.103460
[GA][Iter1] Gen:7 Ind:9 RMSE(val)=724.435656
[GA][Iter1] Gen:7 Ind:10 RMSE(val)=724.616909
[GA][Iter1] Gen:7 Ind:11 RMSE(val)=724.435656
[GA][Iter1] Gen:7 Ind:12 RMSE(val)=720.370988
[GA][Iter1] Gen:7 Ind:13 RMSE(val)=723.502523
[GA][Iter1] Gen:7 Ind:14 RMSE(val)=721.554161
[GA][Iter1] Gen:7 Ind:15 RMSE(val)=723.708797
[GA][Iter1] Gen:7 Ind:16 RMSE(val)=735.802254
[GA][Iter1] Gen:7 Ind:17 RMSE(val)=724.616909
[GA][Iter1] Gen:7 Ind:18 RMSE(val)=723.634336
[GA][Iter1] Gen:7 Ind:19 RMSE(val)=721.333401
[GA][Iter1] Gen:7 Ind:20 RMSE(val)=724.616909
[GA][Iter1] gen=7 best_val_rmse=719.173495
[GA][Iter1] Gen:8 Ind:1 RMSE(val)=719.173495
[GA][Iter1] Gen:8 Ind:2 RMSE(val)=720.370988
[GA][Iter1] Gen:8 Ind:3 RMSE(val)=721.265592
[GA][Iter1] Gen:8 Ind:4 RMSE(val)=721.265592
[GA][Iter1] Gen:8 Ind:5 RMSE(val)=721.333401
[GA][Iter1] Gen:8 Ind:6 RMSE(val)=721.333401
[GA][Iter1] Gen:8 Ind:7 RMSE(val)=721.554161
[GA][Iter1] Gen:8 Ind:8 RMSE(val)=722.222507
[GA][Iter1] Gen:8 Ind:9 RMSE(val)=723.502523
[GA][Iter1] Gen:8 Ind:10 RMSE(val)=723.634336
[GA][Iter1] Gen:8 Ind:11 RMSE(val)=721.333401
[GA][Iter1] Gen:8 Ind:12 RMSE(val)=727.360821
[GA][Iter1] Gen:8 Ind:13 RMSE(val)=720.370988
[GA][Iter1] Gen:8 Ind:14 RMSE(val)=723.502523
[GA][Iter1] Gen:8 Ind:15 RMSE(val)=720.320877
[GA][Iter1] Gen:8 Ind:16 RMSE(val)=721.265592
[GA][Iter1] Gen:8 Ind:17 RMSE(val)=721.265592
[GA][Iter1] Gen:8 Ind:18 RMSE(val)=722.222507
[GA][Iter1] Gen:8 Ind:19 RMSE(val)=721.333401
[GA][Iter1] Gen:8 Ind:20 RMSE(val)=721.265592
[GA][Iter1] gen=8 best_val_rmse=719.173495
[GA][Iter1] Gen:9 Ind:1 RMSE(val)=719.173495
[GA][Iter1] Gen:9 Ind:2 RMSE(val)=720.320877
[GA][Iter1] Gen:9 Ind:3 RMSE(val)=720.370988
[GA][Iter1] Gen:9 Ind:4 RMSE(val)=720.370988
[GA][Iter1] Gen:9 Ind:5 RMSE(val)=721.265592
[GA][Iter1] Gen:9 Ind:6 RMSE(val)=721.265592
[GA][Iter1] Gen:9 Ind:7 RMSE(val)=721.265592
[GA][Iter1] Gen:9 Ind:8 RMSE(val)=721.265592
[GA][Iter1] Gen:9 Ind:9 RMSE(val)=721.265592
[GA][Iter1] Gen:9 Ind:10 RMSE(val)=721.333401
[GA][Iter1] Gen:9 Ind:11 RMSE(val)=721.333401
[GA][Iter1] Gen:9 Ind:12 RMSE(val)=720.370988
[GA][Iter1] Gen:9 Ind:13 RMSE(val)=718.115550
[GA][Iter1] Gen:9 Ind:14 RMSE(val)=721.265592
[GA][Iter1] Gen:9 Ind:15 RMSE(val)=721.265592
[GA][Iter1] Gen:9 Ind:16 RMSE(val)=734.350706
[GA][Iter1] Gen:9 Ind:17 RMSE(val)=720.370988
[GA][Iter1] Gen:9 Ind:18 RMSE(val)=721.265592
[GA][Iter1] Gen:9 Ind:19 RMSE(val)=720.370988
[GA][Iter1] Gen:9 Ind:20 RMSE(val)=721.265592
[GA][Iter1] gen=9 best_val_rmse=718.115550
[GA][Iter1] Gen:10 Ind:1 RMSE(val)=718.115550
[GA][Iter1] Gen:10 Ind:2 RMSE(val)=719.173495
[GA][Iter1] Gen:10 Ind:3 RMSE(val)=720.320877
[GA][Iter1] Gen:10 Ind:4 RMSE(val)=720.370988
[GA][Iter1] Gen:10 Ind:5 RMSE(val)=720.370988
[GA][Iter1] Gen:10 Ind:6 RMSE(val)=720.370988
[GA][Iter1] Gen:10 Ind:7 RMSE(val)=720.370988
[GA][Iter1] Gen:10 Ind:8 RMSE(val)=720.370988
[GA][Iter1] Gen:10 Ind:9 RMSE(val)=721.265592
[GA][Iter1] Gen:10 Ind:10 RMSE(val)=721.265592
[GA][Iter1] Gen:10 Ind:11 RMSE(val)=722.965590
[GA][Iter1] Gen:10 Ind:12 RMSE(val)=720.370988
[GA][Iter1] Gen:10 Ind:13 RMSE(val)=720.370988
[GA][Iter1] Gen:10 Ind:14 RMSE(val)=722.222507
[GA][Iter1] Gen:10 Ind:15 RMSE(val)=720.695369
[GA][Iter1] Gen:10 Ind:16 RMSE(val)=718.115550
[GA][Iter1] Gen:10 Ind:17 RMSE(val)=720.370988
[GA][Iter1] Gen:10 Ind:18 RMSE(val)=720.370988
[GA][Iter1] Gen:10 Ind:19 RMSE(val)=720.370988
[GA][Iter1] Gen:10 Ind:20 RMSE(val)=723.764408
[GA][Iter1] gen=10 best_val_rmse=718.115550
[GA][Iter1] Gen:11 Ind:1 RMSE(val)=718.115550
[GA][Iter1] Gen:11 Ind:2 RMSE(val)=718.115550
[GA][Iter1] Gen:11 Ind:3 RMSE(val)=719.173495
[GA][Iter1] Gen:11 Ind:4 RMSE(val)=720.320877
[GA][Iter1] Gen:11 Ind:5 RMSE(val)=720.370988
[GA][Iter1] Gen:11 Ind:6 RMSE(val)=720.370988
[GA][Iter1] Gen:11 Ind:7 RMSE(val)=720.370988
[GA][Iter1] Gen:11 Ind:8 RMSE(val)=720.370988
[GA][Iter1] Gen:11 Ind:9 RMSE(val)=720.370988
[GA][Iter1] Gen:11 Ind:10 RMSE(val)=720.370988
[GA][Iter1] Gen:11 Ind:11 RMSE(val)=719.565690
[GA][Iter1] Gen:11 Ind:12 RMSE(val)=720.370988
[GA][Iter1] Gen:11 Ind:13 RMSE(val)=718.115550
[GA][Iter1] Gen:11 Ind:14 RMSE(val)=717.000500
[GA][Iter1] Gen:11 Ind:15 RMSE(val)=720.370988
[GA][Iter1] Gen:11 Ind:16 RMSE(val)=720.909517
[GA][Iter1] Gen:11 Ind:17 RMSE(val)=720.370988
[GA][Iter1] Gen:11 Ind:18 RMSE(val)=722.330653
[GA][Iter1] Gen:11 Ind:19 RMSE(val)=720.370988
[GA][Iter1] Gen:11 Ind:20 RMSE(val)=720.538684
[GA][Iter1] gen=11 best_val_rmse=717.000500
[GA][Iter1] Gen:12 Ind:1 RMSE(val)=717.000500
[GA][Iter1] Gen:12 Ind:2 RMSE(val)=718.115550
[GA][Iter1] Gen:12 Ind:3 RMSE(val)=718.115550
[GA][Iter1] Gen:12 Ind:4 RMSE(val)=718.115550
[GA][Iter1] Gen:12 Ind:5 RMSE(val)=719.173495
[GA][Iter1] Gen:12 Ind:6 RMSE(val)=719.565690
[GA][Iter1] Gen:12 Ind:7 RMSE(val)=720.320877
[GA][Iter1] Gen:12 Ind:8 RMSE(val)=720.370988
[GA][Iter1] Gen:12 Ind:9 RMSE(val)=720.370988
[GA][Iter1] Gen:12 Ind:10 RMSE(val)=720.370988
[GA][Iter1] Gen:12 Ind:11 RMSE(val)=718.115550
[GA][Iter1] Gen:12 Ind:12 RMSE(val)=720.285363
[GA][Iter1] Gen:12 Ind:13 RMSE(val)=722.354110
[GA][Iter1] Gen:12 Ind:14 RMSE(val)=728.981482
[GA][Iter1] Gen:12 Ind:15 RMSE(val)=720.710981
[GA][Iter1] Gen:12 Ind:16 RMSE(val)=719.744606
[GA][Iter1] Gen:12 Ind:17 RMSE(val)=725.010941
[GA][Iter1] Gen:12 Ind:18 RMSE(val)=719.565690
[GA][Iter1] Gen:12 Ind:19 RMSE(val)=738.812399
[GA][Iter1] Gen:12 Ind:20 RMSE(val)=727.121877
[GA][Iter1] gen=12 best_val_rmse=717.000500
[GA][Iter1] Gen:13 Ind:1 RMSE(val)=717.000500
[GA][Iter1] Gen:13 Ind:2 RMSE(val)=718.115550
[GA][Iter1] Gen:13 Ind:3 RMSE(val)=718.115550
[GA][Iter1] Gen:13 Ind:4 RMSE(val)=718.115550
[GA][Iter1] Gen:13 Ind:5 RMSE(val)=718.115550
[GA][Iter1] Gen:13 Ind:6 RMSE(val)=719.173495
[GA][Iter1] Gen:13 Ind:7 RMSE(val)=719.565690
[GA][Iter1] Gen:13 Ind:8 RMSE(val)=719.565690
[GA][Iter1] Gen:13 Ind:9 RMSE(val)=719.744606
[GA][Iter1] Gen:13 Ind:10 RMSE(val)=720.285363
[GA][Iter1] Gen:13 Ind:11 RMSE(val)=721.007527
[GA][Iter1] Gen:13 Ind:12 RMSE(val)=718.115550
[GA][Iter1] Gen:13 Ind:13 RMSE(val)=724.066267
[GA][Iter1] Gen:13 Ind:14 RMSE(val)=718.115550
[GA][Iter1] Gen:13 Ind:15 RMSE(val)=719.744606
[GA][Iter1] Gen:13 Ind:16 RMSE(val)=717.000500
[GA][Iter1] Gen:13 Ind:17 RMSE(val)=719.565690
[GA][Iter1] Gen:13 Ind:18 RMSE(val)=719.490797
[GA][Iter1] Gen:13 Ind:19 RMSE(val)=719.173495
[GA][Iter1] Gen:13 Ind:20 RMSE(val)=718.115550
[GA][Iter1] gen=13 best_val_rmse=717.000500
[GA][Iter1] Gen:14 Ind:1 RMSE(val)=717.000500
[GA][Iter1] Gen:14 Ind:2 RMSE(val)=717.000500
[GA][Iter1] Gen:14 Ind:3 RMSE(val)=718.115550
[GA][Iter1] Gen:14 Ind:4 RMSE(val)=718.115550
[GA][Iter1] Gen:14 Ind:5 RMSE(val)=718.115550
[GA][Iter1] Gen:14 Ind:6 RMSE(val)=718.115550
[GA][Iter1] Gen:14 Ind:7 RMSE(val)=718.115550
[GA][Iter1] Gen:14 Ind:8 RMSE(val)=718.115550
[GA][Iter1] Gen:14 Ind:9 RMSE(val)=718.115550
[GA][Iter1] Gen:14 Ind:10 RMSE(val)=719.173495
[GA][Iter1] Gen:14 Ind:11 RMSE(val)=718.115550
[GA][Iter1] Gen:14 Ind:12 RMSE(val)=718.115550
[GA][Iter1] Gen:14 Ind:13 RMSE(val)=727.121877
[GA][Iter1] Gen:14 Ind:14 RMSE(val)=718.115550
[GA][Iter1] Gen:14 Ind:15 RMSE(val)=727.121877
[GA][Iter1] Gen:14 Ind:16 RMSE(val)=717.655113
[GA][Iter1] Gen:14 Ind:17 RMSE(val)=718.139069
[GA][Iter1] Gen:14 Ind:18 RMSE(val)=720.710981
[GA][Iter1] Gen:14 Ind:19 RMSE(val)=718.115550
[GA][Iter1] Gen:14 Ind:20 RMSE(val)=717.000500
[GA][Iter1] gen=14 best_val_rmse=717.000500
[GA][Iter1] Gen:15 Ind:1 RMSE(val)=717.000500
[GA][Iter1] Gen:15 Ind:2 RMSE(val)=717.000500
[GA][Iter1] Gen:15 Ind:3 RMSE(val)=717.000500
[GA][Iter1] Gen:15 Ind:4 RMSE(val)=717.655113
[GA][Iter1] Gen:15 Ind:5 RMSE(val)=718.115550
[GA][Iter1] Gen:15 Ind:6 RMSE(val)=718.115550
[GA][Iter1] Gen:15 Ind:7 RMSE(val)=718.115550
[GA][Iter1] Gen:15 Ind:8 RMSE(val)=718.115550
[GA][Iter1] Gen:15 Ind:9 RMSE(val)=718.115550
[GA][Iter1] Gen:15 Ind:10 RMSE(val)=718.115550
[GA][Iter1] Gen:15 Ind:11 RMSE(val)=720.956777
[GA][Iter1] Gen:15 Ind:12 RMSE(val)=717.000500
[GA][Iter1] Gen:15 Ind:13 RMSE(val)=718.115550
[GA][Iter1] Gen:15 Ind:14 RMSE(val)=727.936574
[GA][Iter1] Gen:15 Ind:15 RMSE(val)=720.909517
[GA][Iter1] Gen:15 Ind:16 RMSE(val)=718.115550
[GA][Iter1] Gen:15 Ind:17 RMSE(val)=718.115550
[GA][Iter1] Gen:15 Ind:18 RMSE(val)=718.115550
[GA][Iter1] Gen:15 Ind:19 RMSE(val)=720.909517
[GA][Iter1] Gen:15 Ind:20 RMSE(val)=717.000500
[GA][Iter1] gen=15 best_val_rmse=717.000500
[GA][Iter1] Gen:15 Ind:1 RMSE(val)=717.000500
[GA][Iter1] Gen:15 Ind:2 RMSE(val)=717.000500
[GA][Iter1] Gen:15 Ind:3 RMSE(val)=717.000500
[GA][Iter1] Gen:15 Ind:4 RMSE(val)=717.000500
[GA][Iter1] Gen:15 Ind:5 RMSE(val)=717.000500
[GA][Iter1] Gen:15 Ind:6 RMSE(val)=717.655113
[GA][Iter1] Gen:15 Ind:7 RMSE(val)=718.115550
[GA][Iter1] Gen:15 Ind:8 RMSE(val)=718.115550
[GA][Iter1] Gen:15 Ind:9 RMSE(val)=718.115550
[GA][Iter1] Gen:15 Ind:10 RMSE(val)=718.115550
[GA][Iter1] Gen:15 Ind:11 RMSE(val)=720.710981
[GA][Iter1] Gen:15 Ind:12 RMSE(val)=717.945075
[GA][Iter1] Gen:15 Ind:13 RMSE(val)=733.394928
[GA][Iter1] Gen:15 Ind:14 RMSE(val)=718.115550
[GA][Iter1] Gen:15 Ind:15 RMSE(val)=717.000500
[GA][Iter1] Gen:15 Ind:16 RMSE(val)=717.655113
[GA][Iter1] Gen:15 Ind:17 RMSE(val)=718.115550
[GA][Iter1] Gen:15 Ind:18 RMSE(val)=724.401986
[GA][Iter1] Gen:15 Ind:19 RMSE(val)=717.000500
[GA][Iter1] Gen:15 Ind:20 RMSE(val)=724.734324

[GA DONE][Iter1] Best params on val fold of Iter1
Best val RMSE: 717.000500
Best params: {'n_estimators': 937, 'learning_rate': 0.006232575058487849, 'max_depth': 4, 'min_samples_split': 9, 'min_samples_leaf': 8, 'subsample': 0.6850506176216562, 'max_features': 'sqrt'}
--------------------------------------------------------------------------------
[RETUNE GA] Iter1: train folds 1..5 -> test fold 6  RMSE=887.003959  NRMSE=0.726335  CVRMSE=0.443798  R2=0.470124
[GA][Iter2] Gen:1 Ind:1 RMSE(val)=882.944131
[GA][Iter2] Gen:1 Ind:2 RMSE(val)=924.242723
[GA][Iter2] Gen:1 Ind:3 RMSE(val)=916.958919
[GA][Iter2] Gen:1 Ind:4 RMSE(val)=920.166464
[GA][Iter2] Gen:1 Ind:5 RMSE(val)=955.559255
[GA][Iter2] Gen:1 Ind:6 RMSE(val)=870.929286
[GA][Iter2] Gen:1 Ind:7 RMSE(val)=888.420637
[GA][Iter2] Gen:1 Ind:8 RMSE(val)=931.963941
[GA][Iter2] Gen:1 Ind:9 RMSE(val)=889.927436
[GA][Iter2] Gen:1 Ind:10 RMSE(val)=905.080672
[GA][Iter2] Gen:1 Ind:11 RMSE(val)=895.703374
[GA][Iter2] Gen:1 Ind:12 RMSE(val)=895.158530
[GA][Iter2] Gen:1 Ind:13 RMSE(val)=964.769982
[GA][Iter2] Gen:1 Ind:14 RMSE(val)=888.448766
[GA][Iter2] Gen:1 Ind:15 RMSE(val)=982.994193
[GA][Iter2] Gen:1 Ind:16 RMSE(val)=919.500248
[GA][Iter2] Gen:1 Ind:17 RMSE(val)=907.319464
[GA][Iter2] Gen:1 Ind:18 RMSE(val)=893.822740
[GA][Iter2] Gen:1 Ind:19 RMSE(val)=897.271032
[GA][Iter2] Gen:1 Ind:20 RMSE(val)=975.644170
[GA][Iter2] gen=1 best_val_rmse=870.929286
[GA][Iter2] Gen:2 Ind:1 RMSE(val)=870.929286
[GA][Iter2] Gen:2 Ind:2 RMSE(val)=882.944131
[GA][Iter2] Gen:2 Ind:3 RMSE(val)=888.420637
[GA][Iter2] Gen:2 Ind:4 RMSE(val)=888.448766
[GA][Iter2] Gen:2 Ind:5 RMSE(val)=889.927436
[GA][Iter2] Gen:2 Ind:6 RMSE(val)=893.822740
[GA][Iter2] Gen:2 Ind:7 RMSE(val)=895.158530
[GA][Iter2] Gen:2 Ind:8 RMSE(val)=895.703374
[GA][Iter2] Gen:2 Ind:9 RMSE(val)=897.271032
[GA][Iter2] Gen:2 Ind:10 RMSE(val)=905.080672
[GA][Iter2] Gen:2 Ind:11 RMSE(val)=908.326342
[GA][Iter2] Gen:2 Ind:12 RMSE(val)=888.968475
[GA][Iter2] Gen:2 Ind:13 RMSE(val)=881.691104
[GA][Iter2] Gen:2 Ind:14 RMSE(val)=895.030657
[GA][Iter2] Gen:2 Ind:15 RMSE(val)=920.648495
[GA][Iter2] Gen:2 Ind:16 RMSE(val)=892.128317
[GA][Iter2] Gen:2 Ind:17 RMSE(val)=897.244257
[GA][Iter2] Gen:2 Ind:18 RMSE(val)=874.432813
[GA][Iter2] Gen:2 Ind:19 RMSE(val)=907.717110
[GA][Iter2] Gen:2 Ind:20 RMSE(val)=900.705624
[GA][Iter2] gen=2 best_val_rmse=870.929286
[GA][Iter2] Gen:3 Ind:1 RMSE(val)=870.929286
[GA][Iter2] Gen:3 Ind:2 RMSE(val)=874.432813
[GA][Iter2] Gen:3 Ind:3 RMSE(val)=881.691104
[GA][Iter2] Gen:3 Ind:4 RMSE(val)=882.944131
[GA][Iter2] Gen:3 Ind:5 RMSE(val)=888.420637
[GA][Iter2] Gen:3 Ind:6 RMSE(val)=888.448766
[GA][Iter2] Gen:3 Ind:7 RMSE(val)=888.968475
[GA][Iter2] Gen:3 Ind:8 RMSE(val)=889.927436
[GA][Iter2] Gen:3 Ind:9 RMSE(val)=892.128317
[GA][Iter2] Gen:3 Ind:10 RMSE(val)=893.822740
[GA][Iter2] Gen:3 Ind:11 RMSE(val)=883.714034
[GA][Iter2] Gen:3 Ind:12 RMSE(val)=899.103635
[GA][Iter2] Gen:3 Ind:13 RMSE(val)=882.050837
[GA][Iter2] Gen:3 Ind:14 RMSE(val)=886.808708
[GA][Iter2] Gen:3 Ind:15 RMSE(val)=869.989159
[GA][Iter2] Gen:3 Ind:16 RMSE(val)=890.970376
[GA][Iter2] Gen:3 Ind:17 RMSE(val)=878.291738
[GA][Iter2] Gen:3 Ind:18 RMSE(val)=869.432811
[GA][Iter2] Gen:3 Ind:19 RMSE(val)=867.335813
[GA][Iter2] Gen:3 Ind:20 RMSE(val)=899.068656
[GA][Iter2] gen=3 best_val_rmse=867.335813
[GA][Iter2] Gen:4 Ind:1 RMSE(val)=867.335813
[GA][Iter2] Gen:4 Ind:2 RMSE(val)=869.432811
[GA][Iter2] Gen:4 Ind:3 RMSE(val)=869.989159
[GA][Iter2] Gen:4 Ind:4 RMSE(val)=870.929286
[GA][Iter2] Gen:4 Ind:5 RMSE(val)=874.432813
[GA][Iter2] Gen:4 Ind:6 RMSE(val)=878.291738
[GA][Iter2] Gen:4 Ind:7 RMSE(val)=881.691104
[GA][Iter2] Gen:4 Ind:8 RMSE(val)=882.050837
[GA][Iter2] Gen:4 Ind:9 RMSE(val)=882.944131
[GA][Iter2] Gen:4 Ind:10 RMSE(val)=883.714034
[GA][Iter2] Gen:4 Ind:11 RMSE(val)=887.437633
[GA][Iter2] Gen:4 Ind:12 RMSE(val)=865.400535
[GA][Iter2] Gen:4 Ind:13 RMSE(val)=877.121483
[GA][Iter2] Gen:4 Ind:14 RMSE(val)=889.657908
[GA][Iter2] Gen:4 Ind:15 RMSE(val)=870.204544
[GA][Iter2] Gen:4 Ind:16 RMSE(val)=867.335813
[GA][Iter2] Gen:4 Ind:17 RMSE(val)=876.519409
[GA][Iter2] Gen:4 Ind:18 RMSE(val)=881.160755
[GA][Iter2] Gen:4 Ind:19 RMSE(val)=894.845782
[GA][Iter2] Gen:4 Ind:20 RMSE(val)=878.793560
[GA][Iter2] gen=4 best_val_rmse=865.400535
[GA][Iter2] Gen:5 Ind:1 RMSE(val)=865.400535
[GA][Iter2] Gen:5 Ind:2 RMSE(val)=867.335813
[GA][Iter2] Gen:5 Ind:3 RMSE(val)=867.335813
[GA][Iter2] Gen:5 Ind:4 RMSE(val)=869.432811
[GA][Iter2] Gen:5 Ind:5 RMSE(val)=869.989159
[GA][Iter2] Gen:5 Ind:6 RMSE(val)=870.204544
[GA][Iter2] Gen:5 Ind:7 RMSE(val)=870.929286
[GA][Iter2] Gen:5 Ind:8 RMSE(val)=874.432813
[GA][Iter2] Gen:5 Ind:9 RMSE(val)=876.519409
[GA][Iter2] Gen:5 Ind:10 RMSE(val)=877.121483
[GA][Iter2] Gen:5 Ind:11 RMSE(val)=868.934013
[GA][Iter2] Gen:5 Ind:12 RMSE(val)=870.521022
[GA][Iter2] Gen:5 Ind:13 RMSE(val)=877.121483
[GA][Iter2] Gen:5 Ind:14 RMSE(val)=879.707910
[GA][Iter2] Gen:5 Ind:15 RMSE(val)=870.156330
[GA][Iter2] Gen:5 Ind:16 RMSE(val)=877.990648
[GA][Iter2] Gen:5 Ind:17 RMSE(val)=876.310722
[GA][Iter2] Gen:5 Ind:18 RMSE(val)=875.272020
[GA][Iter2] Gen:5 Ind:19 RMSE(val)=866.971631
[GA][Iter2] Gen:5 Ind:20 RMSE(val)=875.657934
[GA][Iter2] gen=5 best_val_rmse=865.400535
[GA][Iter2] Gen:6 Ind:1 RMSE(val)=865.400535
[GA][Iter2] Gen:6 Ind:2 RMSE(val)=866.971631
[GA][Iter2] Gen:6 Ind:3 RMSE(val)=867.335813
[GA][Iter2] Gen:6 Ind:4 RMSE(val)=867.335813
[GA][Iter2] Gen:6 Ind:5 RMSE(val)=868.934013
[GA][Iter2] Gen:6 Ind:6 RMSE(val)=869.432811
[GA][Iter2] Gen:6 Ind:7 RMSE(val)=869.989159
[GA][Iter2] Gen:6 Ind:8 RMSE(val)=870.156330
[GA][Iter2] Gen:6 Ind:9 RMSE(val)=870.204544
[GA][Iter2] Gen:6 Ind:10 RMSE(val)=870.521022
[GA][Iter2] Gen:6 Ind:11 RMSE(val)=864.799401
[GA][Iter2] Gen:6 Ind:12 RMSE(val)=870.283703
[GA][Iter2] Gen:6 Ind:13 RMSE(val)=865.362428
[GA][Iter2] Gen:6 Ind:14 RMSE(val)=866.971631
[GA][Iter2] Gen:6 Ind:15 RMSE(val)=868.434397
[GA][Iter2] Gen:6 Ind:16 RMSE(val)=870.507718
[GA][Iter2] Gen:6 Ind:17 RMSE(val)=873.129452
[GA][Iter2] Gen:6 Ind:18 RMSE(val)=869.432811
[GA][Iter2] Gen:6 Ind:19 RMSE(val)=867.335813
[GA][Iter2] Gen:6 Ind:20 RMSE(val)=864.798667
[GA][Iter2] gen=6 best_val_rmse=864.798667
[GA][Iter2] Gen:7 Ind:1 RMSE(val)=864.798667
[GA][Iter2] Gen:7 Ind:2 RMSE(val)=864.799401
[GA][Iter2] Gen:7 Ind:3 RMSE(val)=865.362428
[GA][Iter2] Gen:7 Ind:4 RMSE(val)=865.400535
[GA][Iter2] Gen:7 Ind:5 RMSE(val)=866.971631
[GA][Iter2] Gen:7 Ind:6 RMSE(val)=866.971631
[GA][Iter2] Gen:7 Ind:7 RMSE(val)=867.335813
[GA][Iter2] Gen:7 Ind:8 RMSE(val)=867.335813
[GA][Iter2] Gen:7 Ind:9 RMSE(val)=867.335813
[GA][Iter2] Gen:7 Ind:10 RMSE(val)=868.434397
[GA][Iter2] Gen:7 Ind:11 RMSE(val)=867.335813
[GA][Iter2] Gen:7 Ind:12 RMSE(val)=865.474283
[GA][Iter2] Gen:7 Ind:13 RMSE(val)=864.851049
[GA][Iter2] Gen:7 Ind:14 RMSE(val)=864.227711
[GA][Iter2] Gen:7 Ind:15 RMSE(val)=886.404519
[GA][Iter2] Gen:7 Ind:16 RMSE(val)=867.307450
[GA][Iter2] Gen:7 Ind:17 RMSE(val)=865.400535
[GA][Iter2] Gen:7 Ind:18 RMSE(val)=864.798667
[GA][Iter2] Gen:7 Ind:19 RMSE(val)=865.400535
[GA][Iter2] Gen:7 Ind:20 RMSE(val)=868.434397
[GA][Iter2] gen=7 best_val_rmse=864.227711
[GA][Iter2] Gen:8 Ind:1 RMSE(val)=864.227711
[GA][Iter2] Gen:8 Ind:2 RMSE(val)=864.798667
[GA][Iter2] Gen:8 Ind:3 RMSE(val)=864.798667
[GA][Iter2] Gen:8 Ind:4 RMSE(val)=864.799401
[GA][Iter2] Gen:8 Ind:5 RMSE(val)=864.851049
[GA][Iter2] Gen:8 Ind:6 RMSE(val)=865.362428
[GA][Iter2] Gen:8 Ind:7 RMSE(val)=865.400535
[GA][Iter2] Gen:8 Ind:8 RMSE(val)=865.400535
[GA][Iter2] Gen:8 Ind:9 RMSE(val)=865.400535
[GA][Iter2] Gen:8 Ind:10 RMSE(val)=865.474283
[GA][Iter2] Gen:8 Ind:11 RMSE(val)=865.362428
[GA][Iter2] Gen:8 Ind:12 RMSE(val)=864.851049
[GA][Iter2] Gen:8 Ind:13 RMSE(val)=865.668471
[GA][Iter2] Gen:8 Ind:14 RMSE(val)=864.908684
[GA][Iter2] Gen:8 Ind:15 RMSE(val)=865.400535
[GA][Iter2] Gen:8 Ind:16 RMSE(val)=865.601791
[GA][Iter2] Gen:8 Ind:17 RMSE(val)=864.799401
[GA][Iter2] Gen:8 Ind:18 RMSE(val)=865.660327
[GA][Iter2] Gen:8 Ind:19 RMSE(val)=865.362428
[GA][Iter2] Gen:8 Ind:20 RMSE(val)=865.362428
[GA][Iter2] gen=8 best_val_rmse=864.227711
[GA][Iter2] Gen:9 Ind:1 RMSE(val)=864.227711
[GA][Iter2] Gen:9 Ind:2 RMSE(val)=864.798667
[GA][Iter2] Gen:9 Ind:3 RMSE(val)=864.798667
[GA][Iter2] Gen:9 Ind:4 RMSE(val)=864.799401
[GA][Iter2] Gen:9 Ind:5 RMSE(val)=864.799401
[GA][Iter2] Gen:9 Ind:6 RMSE(val)=864.851049
[GA][Iter2] Gen:9 Ind:7 RMSE(val)=864.851049
[GA][Iter2] Gen:9 Ind:8 RMSE(val)=864.908684
[GA][Iter2] Gen:9 Ind:9 RMSE(val)=865.362428
[GA][Iter2] Gen:9 Ind:10 RMSE(val)=865.362428
[GA][Iter2] Gen:9 Ind:11 RMSE(val)=865.362428
[GA][Iter2] Gen:9 Ind:12 RMSE(val)=865.239349
[GA][Iter2] Gen:9 Ind:13 RMSE(val)=864.610840
[GA][Iter2] Gen:9 Ind:14 RMSE(val)=864.851049
[GA][Iter2] Gen:9 Ind:15 RMSE(val)=864.799401
[GA][Iter2] Gen:9 Ind:16 RMSE(val)=864.947507
[GA][Iter2] Gen:9 Ind:17 RMSE(val)=864.227711
[GA][Iter2] Gen:9 Ind:18 RMSE(val)=865.257005
[GA][Iter2] Gen:9 Ind:19 RMSE(val)=864.227711
[GA][Iter2] Gen:9 Ind:20 RMSE(val)=864.227711
[GA][Iter2] gen=9 best_val_rmse=864.227711
[GA][Iter2] Gen:10 Ind:1 RMSE(val)=864.227711
[GA][Iter2] Gen:10 Ind:2 RMSE(val)=864.227711
[GA][Iter2] Gen:10 Ind:3 RMSE(val)=864.227711
[GA][Iter2] Gen:10 Ind:4 RMSE(val)=864.227711
[GA][Iter2] Gen:10 Ind:5 RMSE(val)=864.610840
[GA][Iter2] Gen:10 Ind:6 RMSE(val)=864.798667
[GA][Iter2] Gen:10 Ind:7 RMSE(val)=864.798667
[GA][Iter2] Gen:10 Ind:8 RMSE(val)=864.799401
[GA][Iter2] Gen:10 Ind:9 RMSE(val)=864.799401
[GA][Iter2] Gen:10 Ind:10 RMSE(val)=864.799401
[GA][Iter2] Gen:10 Ind:11 RMSE(val)=868.398301
[GA][Iter2] Gen:10 Ind:12 RMSE(val)=864.610840
[GA][Iter2] Gen:10 Ind:13 RMSE(val)=864.908684
[GA][Iter2] Gen:10 Ind:14 RMSE(val)=864.799401
[GA][Iter2] Gen:10 Ind:15 RMSE(val)=864.798667
[GA][Iter2] Gen:10 Ind:16 RMSE(val)=864.610840
[GA][Iter2] Gen:10 Ind:17 RMSE(val)=864.227711
[GA][Iter2] Gen:10 Ind:18 RMSE(val)=864.227711
[GA][Iter2] Gen:10 Ind:19 RMSE(val)=864.227711
[GA][Iter2] Gen:10 Ind:20 RMSE(val)=867.845896
[GA][Iter2] gen=10 best_val_rmse=864.227711
[GA][Iter2] Gen:11 Ind:1 RMSE(val)=864.227711
[GA][Iter2] Gen:11 Ind:2 RMSE(val)=864.227711
[GA][Iter2] Gen:11 Ind:3 RMSE(val)=864.227711
[GA][Iter2] Gen:11 Ind:4 RMSE(val)=864.227711
[GA][Iter2] Gen:11 Ind:5 RMSE(val)=864.227711
[GA][Iter2] Gen:11 Ind:6 RMSE(val)=864.227711
[GA][Iter2] Gen:11 Ind:7 RMSE(val)=864.227711
[GA][Iter2] Gen:11 Ind:8 RMSE(val)=864.610840
[GA][Iter2] Gen:11 Ind:9 RMSE(val)=864.610840
[GA][Iter2] Gen:11 Ind:10 RMSE(val)=864.610840
[GA][Iter2] Gen:11 Ind:11 RMSE(val)=864.610840
[GA][Iter2] Gen:11 Ind:12 RMSE(val)=864.227711
[GA][Iter2] Gen:11 Ind:13 RMSE(val)=864.227711
[GA][Iter2] Gen:11 Ind:14 RMSE(val)=864.610840
[GA][Iter2] Gen:11 Ind:15 RMSE(val)=864.227711
[GA][Iter2] Gen:11 Ind:16 RMSE(val)=864.227711
[GA][Iter2] Gen:11 Ind:17 RMSE(val)=864.227711
[GA][Iter2] Gen:11 Ind:18 RMSE(val)=866.422275
[GA][Iter2] Gen:11 Ind:19 RMSE(val)=864.610840
[GA][Iter2] Gen:11 Ind:20 RMSE(val)=873.234035
[GA][Iter2] gen=11 best_val_rmse=864.227711
[GA][Iter2] Gen:12 Ind:1 RMSE(val)=864.227711
[GA][Iter2] Gen:12 Ind:2 RMSE(val)=864.227711
[GA][Iter2] Gen:12 Ind:3 RMSE(val)=864.227711
[GA][Iter2] Gen:12 Ind:4 RMSE(val)=864.227711
[GA][Iter2] Gen:12 Ind:5 RMSE(val)=864.227711
[GA][Iter2] Gen:12 Ind:6 RMSE(val)=864.227711
[GA][Iter2] Gen:12 Ind:7 RMSE(val)=864.227711
[GA][Iter2] Gen:12 Ind:8 RMSE(val)=864.227711
[GA][Iter2] Gen:12 Ind:9 RMSE(val)=864.227711
[GA][Iter2] Gen:12 Ind:10 RMSE(val)=864.227711
[GA][Iter2] Gen:12 Ind:11 RMSE(val)=864.227711
[GA][Iter2] Gen:12 Ind:12 RMSE(val)=865.284844
[GA][Iter2] Gen:12 Ind:13 RMSE(val)=863.521723
[GA][Iter2] Gen:12 Ind:14 RMSE(val)=908.737036
[GA][Iter2] Gen:12 Ind:15 RMSE(val)=864.227711
[GA][Iter2] Gen:12 Ind:16 RMSE(val)=864.227711
[GA][Iter2] Gen:12 Ind:17 RMSE(val)=864.227711
[GA][Iter2] Gen:12 Ind:18 RMSE(val)=864.227711
[GA][Iter2] Gen:12 Ind:19 RMSE(val)=864.227711
[GA][Iter2] Gen:12 Ind:20 RMSE(val)=864.227711
[GA][Iter2] gen=12 best_val_rmse=863.521723
[GA][Iter2] Gen:13 Ind:1 RMSE(val)=863.521723
[GA][Iter2] Gen:13 Ind:2 RMSE(val)=864.227711
[GA][Iter2] Gen:13 Ind:3 RMSE(val)=864.227711
[GA][Iter2] Gen:13 Ind:4 RMSE(val)=864.227711
[GA][Iter2] Gen:13 Ind:5 RMSE(val)=864.227711
[GA][Iter2] Gen:13 Ind:6 RMSE(val)=864.227711
[GA][Iter2] Gen:13 Ind:7 RMSE(val)=864.227711
[GA][Iter2] Gen:13 Ind:8 RMSE(val)=864.227711
[GA][Iter2] Gen:13 Ind:9 RMSE(val)=864.227711
[GA][Iter2] Gen:13 Ind:10 RMSE(val)=864.227711
[GA][Iter2] Gen:13 Ind:11 RMSE(val)=864.657084
[GA][Iter2] Gen:13 Ind:12 RMSE(val)=864.227711
[GA][Iter2] Gen:13 Ind:13 RMSE(val)=864.386665
[GA][Iter2] Gen:13 Ind:14 RMSE(val)=864.227711
[GA][Iter2] Gen:13 Ind:15 RMSE(val)=864.227711
[GA][Iter2] Gen:13 Ind:16 RMSE(val)=864.227711
[GA][Iter2] Gen:13 Ind:17 RMSE(val)=864.227711
[GA][Iter2] Gen:13 Ind:18 RMSE(val)=864.693754
[GA][Iter2] Gen:13 Ind:19 RMSE(val)=864.227711
[GA][Iter2] Gen:13 Ind:20 RMSE(val)=864.227711
[GA][Iter2] gen=13 best_val_rmse=863.521723
[GA][Iter2] Gen:14 Ind:1 RMSE(val)=863.521723
[GA][Iter2] Gen:14 Ind:2 RMSE(val)=864.227711
[GA][Iter2] Gen:14 Ind:3 RMSE(val)=864.227711
[GA][Iter2] Gen:14 Ind:4 RMSE(val)=864.227711
[GA][Iter2] Gen:14 Ind:5 RMSE(val)=864.227711
[GA][Iter2] Gen:14 Ind:6 RMSE(val)=864.227711
[GA][Iter2] Gen:14 Ind:7 RMSE(val)=864.227711
[GA][Iter2] Gen:14 Ind:8 RMSE(val)=864.227711
[GA][Iter2] Gen:14 Ind:9 RMSE(val)=864.227711
[GA][Iter2] Gen:14 Ind:10 RMSE(val)=864.227711
[GA][Iter2] Gen:14 Ind:11 RMSE(val)=864.227711
[GA][Iter2] Gen:14 Ind:12 RMSE(val)=864.227711
[GA][Iter2] Gen:14 Ind:13 RMSE(val)=864.527786
[GA][Iter2] Gen:14 Ind:14 RMSE(val)=864.227711
[GA][Iter2] Gen:14 Ind:15 RMSE(val)=864.227711
[GA][Iter2] Gen:14 Ind:16 RMSE(val)=863.521723
[GA][Iter2] Gen:14 Ind:17 RMSE(val)=864.339832
[GA][Iter2] Gen:14 Ind:18 RMSE(val)=864.227711
[GA][Iter2] Gen:14 Ind:19 RMSE(val)=864.227711
[GA][Iter2] Gen:14 Ind:20 RMSE(val)=864.227711
[GA][Iter2] gen=14 best_val_rmse=863.521723
[GA][Iter2] Gen:15 Ind:1 RMSE(val)=863.521723
[GA][Iter2] Gen:15 Ind:2 RMSE(val)=863.521723
[GA][Iter2] Gen:15 Ind:3 RMSE(val)=864.227711
[GA][Iter2] Gen:15 Ind:4 RMSE(val)=864.227711
[GA][Iter2] Gen:15 Ind:5 RMSE(val)=864.227711
[GA][Iter2] Gen:15 Ind:6 RMSE(val)=864.227711
[GA][Iter2] Gen:15 Ind:7 RMSE(val)=864.227711
[GA][Iter2] Gen:15 Ind:8 RMSE(val)=864.227711
[GA][Iter2] Gen:15 Ind:9 RMSE(val)=864.227711
[GA][Iter2] Gen:15 Ind:10 RMSE(val)=864.227711
[GA][Iter2] Gen:15 Ind:11 RMSE(val)=864.610134
[GA][Iter2] Gen:15 Ind:12 RMSE(val)=864.227711
[GA][Iter2] Gen:15 Ind:13 RMSE(val)=864.227711
[GA][Iter2] Gen:15 Ind:14 RMSE(val)=865.678851
[GA][Iter2] Gen:15 Ind:15 RMSE(val)=863.521723
[GA][Iter2] Gen:15 Ind:16 RMSE(val)=863.521723
[GA][Iter2] Gen:15 Ind:17 RMSE(val)=864.227711
[GA][Iter2] Gen:15 Ind:18 RMSE(val)=864.227711
[GA][Iter2] Gen:15 Ind:19 RMSE(val)=864.227711
[GA][Iter2] Gen:15 Ind:20 RMSE(val)=863.521723
[GA][Iter2] gen=15 best_val_rmse=863.521723
[GA][Iter2] Gen:15 Ind:1 RMSE(val)=863.521723
[GA][Iter2] Gen:15 Ind:2 RMSE(val)=863.521723
[GA][Iter2] Gen:15 Ind:3 RMSE(val)=863.521723
[GA][Iter2] Gen:15 Ind:4 RMSE(val)=863.521723
[GA][Iter2] Gen:15 Ind:5 RMSE(val)=863.521723
[GA][Iter2] Gen:15 Ind:6 RMSE(val)=864.227711
[GA][Iter2] Gen:15 Ind:7 RMSE(val)=864.227711
[GA][Iter2] Gen:15 Ind:8 RMSE(val)=864.227711
[GA][Iter2] Gen:15 Ind:9 RMSE(val)=864.227711
[GA][Iter2] Gen:15 Ind:10 RMSE(val)=864.227711
[GA][Iter2] Gen:15 Ind:11 RMSE(val)=863.521723
[GA][Iter2] Gen:15 Ind:12 RMSE(val)=864.279882
[GA][Iter2] Gen:15 Ind:13 RMSE(val)=867.846146
[GA][Iter2] Gen:15 Ind:14 RMSE(val)=863.521723
[GA][Iter2] Gen:15 Ind:15 RMSE(val)=891.528687
[GA][Iter2] Gen:15 Ind:16 RMSE(val)=864.227711
[GA][Iter2] Gen:15 Ind:17 RMSE(val)=864.227711
[GA][Iter2] Gen:15 Ind:18 RMSE(val)=864.765862
[GA][Iter2] Gen:15 Ind:19 RMSE(val)=863.521723
[GA][Iter2] Gen:15 Ind:20 RMSE(val)=864.386665

[GA DONE][Iter2] Best params on val fold of Iter2
Best val RMSE: 863.521723
Best params: {'n_estimators': 852, 'learning_rate': 0.008431392274815258, 'max_depth': 2, 'min_samples_split': 14, 'min_samples_leaf': 2, 'subsample': 0.8208162525092908, 'max_features': None}
--------------------------------------------------------------------------------
[RETUNE GA] Iter2: train folds 1..6 -> test fold 7  RMSE=975.911582  NRMSE=0.818729  CVRMSE=0.534971  R2=0.326743
[GA][Iter3] Gen:1 Ind:1 RMSE(val)=948.418603
[GA][Iter3] Gen:1 Ind:2 RMSE(val)=1024.114853
[GA][Iter3] Gen:1 Ind:3 RMSE(val)=975.862108
[GA][Iter3] Gen:1 Ind:4 RMSE(val)=1008.492417
[GA][Iter3] Gen:1 Ind:5 RMSE(val)=1038.938564
[GA][Iter3] Gen:1 Ind:6 RMSE(val)=967.393958
[GA][Iter3] Gen:1 Ind:7 RMSE(val)=997.475985
[GA][Iter3] Gen:1 Ind:8 RMSE(val)=1016.812249
[GA][Iter3] Gen:1 Ind:9 RMSE(val)=973.249839
[GA][Iter3] Gen:1 Ind:10 RMSE(val)=976.917623
[GA][Iter3] Gen:1 Ind:11 RMSE(val)=1014.444081
[GA][Iter3] Gen:1 Ind:12 RMSE(val)=973.718112
[GA][Iter3] Gen:1 Ind:13 RMSE(val)=1041.023677
[GA][Iter3] Gen:1 Ind:14 RMSE(val)=964.350268
[GA][Iter3] Gen:1 Ind:15 RMSE(val)=1080.062770
[GA][Iter3] Gen:1 Ind:16 RMSE(val)=1007.226769
[GA][Iter3] Gen:1 Ind:17 RMSE(val)=1005.299386
[GA][Iter3] Gen:1 Ind:18 RMSE(val)=971.704001
[GA][Iter3] Gen:1 Ind:19 RMSE(val)=1025.731034
[GA][Iter3] Gen:1 Ind:20 RMSE(val)=1078.584480
[GA][Iter3] gen=1 best_val_rmse=948.418603
[GA][Iter3] Gen:2 Ind:1 RMSE(val)=948.418603
[GA][Iter3] Gen:2 Ind:2 RMSE(val)=964.350268
[GA][Iter3] Gen:2 Ind:3 RMSE(val)=967.393958
[GA][Iter3] Gen:2 Ind:4 RMSE(val)=971.704001
[GA][Iter3] Gen:2 Ind:5 RMSE(val)=973.249839
[GA][Iter3] Gen:2 Ind:6 RMSE(val)=973.718112
[GA][Iter3] Gen:2 Ind:7 RMSE(val)=975.862108
[GA][Iter3] Gen:2 Ind:8 RMSE(val)=976.917623
[GA][Iter3] Gen:2 Ind:9 RMSE(val)=997.475985
[GA][Iter3] Gen:2 Ind:10 RMSE(val)=1005.299386
[GA][Iter3] Gen:2 Ind:11 RMSE(val)=966.463539
[GA][Iter3] Gen:2 Ind:12 RMSE(val)=972.083185
[GA][Iter3] Gen:2 Ind:13 RMSE(val)=951.941841
[GA][Iter3] Gen:2 Ind:14 RMSE(val)=988.823860
[GA][Iter3] Gen:2 Ind:15 RMSE(val)=984.892262
[GA][Iter3] Gen:2 Ind:16 RMSE(val)=976.264487
[GA][Iter3] Gen:2 Ind:17 RMSE(val)=978.017118
[GA][Iter3] Gen:2 Ind:18 RMSE(val)=949.039126
[GA][Iter3] Gen:2 Ind:19 RMSE(val)=996.772587
[GA][Iter3] Gen:2 Ind:20 RMSE(val)=992.070092
[GA][Iter3] gen=2 best_val_rmse=948.418603
[GA][Iter3] Gen:3 Ind:1 RMSE(val)=948.418603
[GA][Iter3] Gen:3 Ind:2 RMSE(val)=949.039126
[GA][Iter3] Gen:3 Ind:3 RMSE(val)=951.941841
[GA][Iter3] Gen:3 Ind:4 RMSE(val)=964.350268
[GA][Iter3] Gen:3 Ind:5 RMSE(val)=966.463539
[GA][Iter3] Gen:3 Ind:6 RMSE(val)=967.393958
[GA][Iter3] Gen:3 Ind:7 RMSE(val)=971.704001
[GA][Iter3] Gen:3 Ind:8 RMSE(val)=972.083185
[GA][Iter3] Gen:3 Ind:9 RMSE(val)=973.249839
[GA][Iter3] Gen:3 Ind:10 RMSE(val)=973.718112
[GA][Iter3] Gen:3 Ind:11 RMSE(val)=996.100132
[GA][Iter3] Gen:3 Ind:12 RMSE(val)=977.787278
[GA][Iter3] Gen:3 Ind:13 RMSE(val)=945.848129
[GA][Iter3] Gen:3 Ind:14 RMSE(val)=966.579445
[GA][Iter3] Gen:3 Ind:15 RMSE(val)=952.636994
[GA][Iter3] Gen:3 Ind:16 RMSE(val)=964.849235
[GA][Iter3] Gen:3 Ind:17 RMSE(val)=971.389518
[GA][Iter3] Gen:3 Ind:18 RMSE(val)=968.870883
[GA][Iter3] Gen:3 Ind:19 RMSE(val)=948.091099
[GA][Iter3] Gen:3 Ind:20 RMSE(val)=980.406853
[GA][Iter3] gen=3 best_val_rmse=945.848129
[GA][Iter3] Gen:4 Ind:1 RMSE(val)=945.848129
[GA][Iter3] Gen:4 Ind:2 RMSE(val)=948.091099
[GA][Iter3] Gen:4 Ind:3 RMSE(val)=948.418603
[GA][Iter3] Gen:4 Ind:4 RMSE(val)=949.039126
[GA][Iter3] Gen:4 Ind:5 RMSE(val)=951.941841
[GA][Iter3] Gen:4 Ind:6 RMSE(val)=952.636994
[GA][Iter3] Gen:4 Ind:7 RMSE(val)=964.350268
[GA][Iter3] Gen:4 Ind:8 RMSE(val)=964.849235
[GA][Iter3] Gen:4 Ind:9 RMSE(val)=966.463539
[GA][Iter3] Gen:4 Ind:10 RMSE(val)=966.579445
[GA][Iter3] Gen:4 Ind:11 RMSE(val)=942.729025
[GA][Iter3] Gen:4 Ind:12 RMSE(val)=968.214501
[GA][Iter3] Gen:4 Ind:13 RMSE(val)=945.674375
[GA][Iter3] Gen:4 Ind:14 RMSE(val)=955.098773
[GA][Iter3] Gen:4 Ind:15 RMSE(val)=946.206171
[GA][Iter3] Gen:4 Ind:16 RMSE(val)=969.728435
[GA][Iter3] Gen:4 Ind:17 RMSE(val)=964.882271
[GA][Iter3] Gen:4 Ind:18 RMSE(val)=966.886046
[GA][Iter3] Gen:4 Ind:19 RMSE(val)=961.777941
[GA][Iter3] Gen:4 Ind:20 RMSE(val)=952.745644
[GA][Iter3] gen=4 best_val_rmse=942.729025
[GA][Iter3] Gen:5 Ind:1 RMSE(val)=942.729025
[GA][Iter3] Gen:5 Ind:2 RMSE(val)=945.674375
[GA][Iter3] Gen:5 Ind:3 RMSE(val)=945.848129
[GA][Iter3] Gen:5 Ind:4 RMSE(val)=946.206171
[GA][Iter3] Gen:5 Ind:5 RMSE(val)=948.091099
[GA][Iter3] Gen:5 Ind:6 RMSE(val)=948.418603
[GA][Iter3] Gen:5 Ind:7 RMSE(val)=949.039126
[GA][Iter3] Gen:5 Ind:8 RMSE(val)=951.941841
[GA][Iter3] Gen:5 Ind:9 RMSE(val)=952.636994
[GA][Iter3] Gen:5 Ind:10 RMSE(val)=952.745644
[GA][Iter3] Gen:5 Ind:11 RMSE(val)=957.323951
[GA][Iter3] Gen:5 Ind:12 RMSE(val)=946.776531
[GA][Iter3] Gen:5 Ind:13 RMSE(val)=952.745644
[GA][Iter3] Gen:5 Ind:14 RMSE(val)=952.076829
[GA][Iter3] Gen:5 Ind:15 RMSE(val)=948.091099
[GA][Iter3] Gen:5 Ind:16 RMSE(val)=953.492023
[GA][Iter3] Gen:5 Ind:17 RMSE(val)=946.023754
[GA][Iter3] Gen:5 Ind:18 RMSE(val)=948.091099
[GA][Iter3] Gen:5 Ind:19 RMSE(val)=946.776531
[GA][Iter3] Gen:5 Ind:20 RMSE(val)=954.049894
[GA][Iter3] gen=5 best_val_rmse=942.729025
[GA][Iter3] Gen:6 Ind:1 RMSE(val)=942.729025
[GA][Iter3] Gen:6 Ind:2 RMSE(val)=945.674375
[GA][Iter3] Gen:6 Ind:3 RMSE(val)=945.848129
[GA][Iter3] Gen:6 Ind:4 RMSE(val)=946.023754
[GA][Iter3] Gen:6 Ind:5 RMSE(val)=946.206171
[GA][Iter3] Gen:6 Ind:6 RMSE(val)=946.776531
[GA][Iter3] Gen:6 Ind:7 RMSE(val)=946.776531
[GA][Iter3] Gen:6 Ind:8 RMSE(val)=948.091099
[GA][Iter3] Gen:6 Ind:9 RMSE(val)=948.091099
[GA][Iter3] Gen:6 Ind:10 RMSE(val)=948.091099
[GA][Iter3] Gen:6 Ind:11 RMSE(val)=950.224975
[GA][Iter3] Gen:6 Ind:12 RMSE(val)=946.023754
[GA][Iter3] Gen:6 Ind:13 RMSE(val)=944.400676
[GA][Iter3] Gen:6 Ind:14 RMSE(val)=945.674375
[GA][Iter3] Gen:6 Ind:15 RMSE(val)=951.290549
[GA][Iter3] Gen:6 Ind:16 RMSE(val)=946.776531
[GA][Iter3] Gen:6 Ind:17 RMSE(val)=948.091099
[GA][Iter3] Gen:6 Ind:18 RMSE(val)=946.776531
[GA][Iter3] Gen:6 Ind:19 RMSE(val)=944.400676
[GA][Iter3] Gen:6 Ind:20 RMSE(val)=948.091099
[GA][Iter3] gen=6 best_val_rmse=942.729025
[GA][Iter3] Gen:7 Ind:1 RMSE(val)=942.729025
[GA][Iter3] Gen:7 Ind:2 RMSE(val)=944.400676
[GA][Iter3] Gen:7 Ind:3 RMSE(val)=944.400676
[GA][Iter3] Gen:7 Ind:4 RMSE(val)=945.674375
[GA][Iter3] Gen:7 Ind:5 RMSE(val)=945.674375
[GA][Iter3] Gen:7 Ind:6 RMSE(val)=945.848129
[GA][Iter3] Gen:7 Ind:7 RMSE(val)=946.023754
[GA][Iter3] Gen:7 Ind:8 RMSE(val)=946.023754
[GA][Iter3] Gen:7 Ind:9 RMSE(val)=946.206171
[GA][Iter3] Gen:7 Ind:10 RMSE(val)=946.776531
[GA][Iter3] Gen:7 Ind:11 RMSE(val)=947.218791
[GA][Iter3] Gen:7 Ind:12 RMSE(val)=944.612125
[GA][Iter3] Gen:7 Ind:13 RMSE(val)=947.431219
[GA][Iter3] Gen:7 Ind:14 RMSE(val)=942.729025
[GA][Iter3] Gen:7 Ind:15 RMSE(val)=969.728435
[GA][Iter3] Gen:7 Ind:16 RMSE(val)=949.952804
[GA][Iter3] Gen:7 Ind:17 RMSE(val)=945.674375
[GA][Iter3] Gen:7 Ind:18 RMSE(val)=947.373801
[GA][Iter3] Gen:7 Ind:19 RMSE(val)=945.674375
[GA][Iter3] Gen:7 Ind:20 RMSE(val)=946.776531
[GA][Iter3] gen=7 best_val_rmse=942.729025
[GA][Iter3] Gen:8 Ind:1 RMSE(val)=942.729025
[GA][Iter3] Gen:8 Ind:2 RMSE(val)=942.729025
[GA][Iter3] Gen:8 Ind:3 RMSE(val)=944.400676
[GA][Iter3] Gen:8 Ind:4 RMSE(val)=944.400676
[GA][Iter3] Gen:8 Ind:5 RMSE(val)=944.612125
[GA][Iter3] Gen:8 Ind:6 RMSE(val)=945.674375
[GA][Iter3] Gen:8 Ind:7 RMSE(val)=945.674375
[GA][Iter3] Gen:8 Ind:8 RMSE(val)=945.674375
[GA][Iter3] Gen:8 Ind:9 RMSE(val)=945.674375
[GA][Iter3] Gen:8 Ind:10 RMSE(val)=945.848129
[GA][Iter3] Gen:8 Ind:11 RMSE(val)=945.674375
[GA][Iter3] Gen:8 Ind:12 RMSE(val)=945.645262
[GA][Iter3] Gen:8 Ind:13 RMSE(val)=951.300715
[GA][Iter3] Gen:8 Ind:14 RMSE(val)=950.135842
[GA][Iter3] Gen:8 Ind:15 RMSE(val)=945.674375
[GA][Iter3] Gen:8 Ind:16 RMSE(val)=948.537968
[GA][Iter3] Gen:8 Ind:17 RMSE(val)=942.729025
[GA][Iter3] Gen:8 Ind:18 RMSE(val)=945.674375
[GA][Iter3] Gen:8 Ind:19 RMSE(val)=945.674375
[GA][Iter3] Gen:8 Ind:20 RMSE(val)=957.323951
[GA][Iter3] gen=8 best_val_rmse=942.729025
[GA][Iter3] Gen:9 Ind:1 RMSE(val)=942.729025
[GA][Iter3] Gen:9 Ind:2 RMSE(val)=942.729025
[GA][Iter3] Gen:9 Ind:3 RMSE(val)=942.729025
[GA][Iter3] Gen:9 Ind:4 RMSE(val)=944.400676
[GA][Iter3] Gen:9 Ind:5 RMSE(val)=944.400676
[GA][Iter3] Gen:9 Ind:6 RMSE(val)=944.612125
[GA][Iter3] Gen:9 Ind:7 RMSE(val)=945.645262
[GA][Iter3] Gen:9 Ind:8 RMSE(val)=945.674375
[GA][Iter3] Gen:9 Ind:9 RMSE(val)=945.674375
[GA][Iter3] Gen:9 Ind:10 RMSE(val)=945.674375
[GA][Iter3] Gen:9 Ind:11 RMSE(val)=944.469679
[GA][Iter3] Gen:9 Ind:12 RMSE(val)=957.323951
[GA][Iter3] Gen:9 Ind:13 RMSE(val)=942.729025
[GA][Iter3] Gen:9 Ind:14 RMSE(val)=944.612125
[GA][Iter3] Gen:9 Ind:15 RMSE(val)=944.400676
[GA][Iter3] Gen:9 Ind:16 RMSE(val)=946.707489
[GA][Iter3] Gen:9 Ind:17 RMSE(val)=944.400676
[GA][Iter3] Gen:9 Ind:18 RMSE(val)=944.400676
[GA][Iter3] Gen:9 Ind:19 RMSE(val)=942.729025
[GA][Iter3] Gen:9 Ind:20 RMSE(val)=944.400676
[GA][Iter3] gen=9 best_val_rmse=942.729025
[GA][Iter3] Gen:10 Ind:1 RMSE(val)=942.729025
[GA][Iter3] Gen:10 Ind:2 RMSE(val)=942.729025
[GA][Iter3] Gen:10 Ind:3 RMSE(val)=942.729025
[GA][Iter3] Gen:10 Ind:4 RMSE(val)=942.729025
[GA][Iter3] Gen:10 Ind:5 RMSE(val)=942.729025
[GA][Iter3] Gen:10 Ind:6 RMSE(val)=944.400676
[GA][Iter3] Gen:10 Ind:7 RMSE(val)=944.400676
[GA][Iter3] Gen:10 Ind:8 RMSE(val)=944.400676
[GA][Iter3] Gen:10 Ind:9 RMSE(val)=944.400676
[GA][Iter3] Gen:10 Ind:10 RMSE(val)=944.400676
[GA][Iter3] Gen:10 Ind:11 RMSE(val)=947.854918
[GA][Iter3] Gen:10 Ind:12 RMSE(val)=942.729025
[GA][Iter3] Gen:10 Ind:13 RMSE(val)=944.400676
[GA][Iter3] Gen:10 Ind:14 RMSE(val)=944.400676
[GA][Iter3] Gen:10 Ind:15 RMSE(val)=942.729025
[GA][Iter3] Gen:10 Ind:16 RMSE(val)=942.729025
[GA][Iter3] Gen:10 Ind:17 RMSE(val)=944.400676
[GA][Iter3] Gen:10 Ind:18 RMSE(val)=944.400676
[GA][Iter3] Gen:10 Ind:19 RMSE(val)=944.400676
[GA][Iter3] Gen:10 Ind:20 RMSE(val)=952.852562
[GA][Iter3] gen=10 best_val_rmse=942.729025
[GA][Iter3] Gen:11 Ind:1 RMSE(val)=942.729025
[GA][Iter3] Gen:11 Ind:2 RMSE(val)=942.729025
[GA][Iter3] Gen:11 Ind:3 RMSE(val)=942.729025
[GA][Iter3] Gen:11 Ind:4 RMSE(val)=942.729025
[GA][Iter3] Gen:11 Ind:5 RMSE(val)=942.729025
[GA][Iter3] Gen:11 Ind:6 RMSE(val)=942.729025
[GA][Iter3] Gen:11 Ind:7 RMSE(val)=942.729025
[GA][Iter3] Gen:11 Ind:8 RMSE(val)=942.729025
[GA][Iter3] Gen:11 Ind:9 RMSE(val)=944.400676
[GA][Iter3] Gen:11 Ind:10 RMSE(val)=944.400676
[GA][Iter3] Gen:11 Ind:11 RMSE(val)=942.729025
[GA][Iter3] Gen:11 Ind:12 RMSE(val)=942.729025
[GA][Iter3] Gen:11 Ind:13 RMSE(val)=942.729025
[GA][Iter3] Gen:11 Ind:14 RMSE(val)=944.400676
[GA][Iter3] Gen:11 Ind:15 RMSE(val)=942.729025
[GA][Iter3] Gen:11 Ind:16 RMSE(val)=944.400676
[GA][Iter3] Gen:11 Ind:17 RMSE(val)=942.729025
[GA][Iter3] Gen:11 Ind:18 RMSE(val)=944.991830
[GA][Iter3] Gen:11 Ind:19 RMSE(val)=942.729025
[GA][Iter3] Gen:11 Ind:20 RMSE(val)=947.273060
[GA][Iter3] gen=11 best_val_rmse=942.729025
[GA][Iter3] Gen:12 Ind:1 RMSE(val)=942.729025
[GA][Iter3] Gen:12 Ind:2 RMSE(val)=942.729025
[GA][Iter3] Gen:12 Ind:3 RMSE(val)=942.729025
[GA][Iter3] Gen:12 Ind:4 RMSE(val)=942.729025
[GA][Iter3] Gen:12 Ind:5 RMSE(val)=942.729025
[GA][Iter3] Gen:12 Ind:6 RMSE(val)=942.729025
[GA][Iter3] Gen:12 Ind:7 RMSE(val)=942.729025
[GA][Iter3] Gen:12 Ind:8 RMSE(val)=942.729025
[GA][Iter3] Gen:12 Ind:9 RMSE(val)=942.729025
[GA][Iter3] Gen:12 Ind:10 RMSE(val)=942.729025
[GA][Iter3] Gen:12 Ind:11 RMSE(val)=942.729025
[GA][Iter3] Gen:12 Ind:12 RMSE(val)=938.767445
[GA][Iter3] Gen:12 Ind:13 RMSE(val)=944.585968
[GA][Iter3] Gen:12 Ind:14 RMSE(val)=974.483149
[GA][Iter3] Gen:12 Ind:15 RMSE(val)=942.729025
[GA][Iter3] Gen:12 Ind:16 RMSE(val)=942.729025
[GA][Iter3] Gen:12 Ind:17 RMSE(val)=942.729025
[GA][Iter3] Gen:12 Ind:18 RMSE(val)=942.729025
[GA][Iter3] Gen:12 Ind:19 RMSE(val)=942.729025
[GA][Iter3] Gen:12 Ind:20 RMSE(val)=942.729025
[GA][Iter3] gen=12 best_val_rmse=938.767445
[GA][Iter3] Gen:13 Ind:1 RMSE(val)=938.767445
[GA][Iter3] Gen:13 Ind:2 RMSE(val)=942.729025
[GA][Iter3] Gen:13 Ind:3 RMSE(val)=942.729025
[GA][Iter3] Gen:13 Ind:4 RMSE(val)=942.729025
[GA][Iter3] Gen:13 Ind:5 RMSE(val)=942.729025
[GA][Iter3] Gen:13 Ind:6 RMSE(val)=942.729025
[GA][Iter3] Gen:13 Ind:7 RMSE(val)=942.729025
[GA][Iter3] Gen:13 Ind:8 RMSE(val)=942.729025
[GA][Iter3] Gen:13 Ind:9 RMSE(val)=942.729025
[GA][Iter3] Gen:13 Ind:10 RMSE(val)=942.729025
[GA][Iter3] Gen:13 Ind:11 RMSE(val)=937.608187
[GA][Iter3] Gen:13 Ind:12 RMSE(val)=942.729025
[GA][Iter3] Gen:13 Ind:13 RMSE(val)=945.154668
[GA][Iter3] Gen:13 Ind:14 RMSE(val)=942.729025
[GA][Iter3] Gen:13 Ind:15 RMSE(val)=942.729025
[GA][Iter3] Gen:13 Ind:16 RMSE(val)=942.729025
[GA][Iter3] Gen:13 Ind:17 RMSE(val)=942.729025
[GA][Iter3] Gen:13 Ind:18 RMSE(val)=944.430753
[GA][Iter3] Gen:13 Ind:19 RMSE(val)=942.729025
[GA][Iter3] Gen:13 Ind:20 RMSE(val)=942.729025
[GA][Iter3] gen=13 best_val_rmse=937.608187
[GA][Iter3] Gen:14 Ind:1 RMSE(val)=937.608187
[GA][Iter3] Gen:14 Ind:2 RMSE(val)=938.767445
[GA][Iter3] Gen:14 Ind:3 RMSE(val)=942.729025
[GA][Iter3] Gen:14 Ind:4 RMSE(val)=942.729025
[GA][Iter3] Gen:14 Ind:5 RMSE(val)=942.729025
[GA][Iter3] Gen:14 Ind:6 RMSE(val)=942.729025
[GA][Iter3] Gen:14 Ind:7 RMSE(val)=942.729025
[GA][Iter3] Gen:14 Ind:8 RMSE(val)=942.729025
[GA][Iter3] Gen:14 Ind:9 RMSE(val)=942.729025
[GA][Iter3] Gen:14 Ind:10 RMSE(val)=942.729025
[GA][Iter3] Gen:14 Ind:11 RMSE(val)=942.729025
[GA][Iter3] Gen:14 Ind:12 RMSE(val)=942.729025
[GA][Iter3] Gen:14 Ind:13 RMSE(val)=942.729025
[GA][Iter3] Gen:14 Ind:14 RMSE(val)=942.729025
[GA][Iter3] Gen:14 Ind:15 RMSE(val)=942.729025
[GA][Iter3] Gen:14 Ind:16 RMSE(val)=944.585968
[GA][Iter3] Gen:14 Ind:17 RMSE(val)=942.858593
[GA][Iter3] Gen:14 Ind:18 RMSE(val)=942.729025
[GA][Iter3] Gen:14 Ind:19 RMSE(val)=942.729025
[GA][Iter3] Gen:14 Ind:20 RMSE(val)=938.767445
[GA][Iter3] gen=14 best_val_rmse=937.608187
[GA][Iter3] Gen:15 Ind:1 RMSE(val)=937.608187
[GA][Iter3] Gen:15 Ind:2 RMSE(val)=938.767445
[GA][Iter3] Gen:15 Ind:3 RMSE(val)=938.767445
[GA][Iter3] Gen:15 Ind:4 RMSE(val)=942.729025
[GA][Iter3] Gen:15 Ind:5 RMSE(val)=942.729025
[GA][Iter3] Gen:15 Ind:6 RMSE(val)=942.729025
[GA][Iter3] Gen:15 Ind:7 RMSE(val)=942.729025
[GA][Iter3] Gen:15 Ind:8 RMSE(val)=942.729025
[GA][Iter3] Gen:15 Ind:9 RMSE(val)=942.729025
[GA][Iter3] Gen:15 Ind:10 RMSE(val)=942.729025
[GA][Iter3] Gen:15 Ind:11 RMSE(val)=941.997343
[GA][Iter3] Gen:15 Ind:12 RMSE(val)=938.767445
[GA][Iter3] Gen:15 Ind:13 RMSE(val)=942.729025
[GA][Iter3] Gen:15 Ind:14 RMSE(val)=941.363889
[GA][Iter3] Gen:15 Ind:15 RMSE(val)=942.729025
[GA][Iter3] Gen:15 Ind:16 RMSE(val)=942.729025
[GA][Iter3] Gen:15 Ind:17 RMSE(val)=942.729025
[GA][Iter3] Gen:15 Ind:18 RMSE(val)=938.767445
[GA][Iter3] Gen:15 Ind:19 RMSE(val)=942.729025
[GA][Iter3] Gen:15 Ind:20 RMSE(val)=937.608187
[GA][Iter3] gen=15 best_val_rmse=937.608187
[GA][Iter3] Gen:15 Ind:1 RMSE(val)=937.608187
[GA][Iter3] Gen:15 Ind:2 RMSE(val)=937.608187
[GA][Iter3] Gen:15 Ind:3 RMSE(val)=938.767445
[GA][Iter3] Gen:15 Ind:4 RMSE(val)=938.767445
[GA][Iter3] Gen:15 Ind:5 RMSE(val)=938.767445
[GA][Iter3] Gen:15 Ind:6 RMSE(val)=938.767445
[GA][Iter3] Gen:15 Ind:7 RMSE(val)=941.363889
[GA][Iter3] Gen:15 Ind:8 RMSE(val)=941.997343
[GA][Iter3] Gen:15 Ind:9 RMSE(val)=942.729025
[GA][Iter3] Gen:15 Ind:10 RMSE(val)=942.729025
[GA][Iter3] Gen:15 Ind:11 RMSE(val)=941.997343
[GA][Iter3] Gen:15 Ind:12 RMSE(val)=938.227316
[GA][Iter3] Gen:15 Ind:13 RMSE(val)=955.682639
[GA][Iter3] Gen:15 Ind:14 RMSE(val)=941.997343
[GA][Iter3] Gen:15 Ind:15 RMSE(val)=967.498805
[GA][Iter3] Gen:15 Ind:16 RMSE(val)=937.608187
[GA][Iter3] Gen:15 Ind:17 RMSE(val)=941.997343
[GA][Iter3] Gen:15 Ind:18 RMSE(val)=939.388157
[GA][Iter3] Gen:15 Ind:19 RMSE(val)=938.767445
[GA][Iter3] Gen:15 Ind:20 RMSE(val)=945.154668

[GA DONE][Iter3] Best params on val fold of Iter3
Best val RMSE: 937.608187
Best params: {'n_estimators': 852, 'learning_rate': 0.006364233620054574, 'max_depth': 4, 'min_samples_split': 6, 'min_samples_leaf': 12, 'subsample': 0.7421082800910086, 'max_features': None}
--------------------------------------------------------------------------------
[RETUNE GA] Iter3: train folds 1..7 -> test fold 8  RMSE=744.734402  NRMSE=0.676263  CVRMSE=0.384781  R2=0.540653
[GA][Iter4] Gen:1 Ind:1 RMSE(val)=753.105544
[GA][Iter4] Gen:1 Ind:2 RMSE(val)=817.440326
[GA][Iter4] Gen:1 Ind:3 RMSE(val)=783.138693
[GA][Iter4] Gen:1 Ind:4 RMSE(val)=797.744445
[GA][Iter4] Gen:1 Ind:5 RMSE(val)=830.442715
[GA][Iter4] Gen:1 Ind:6 RMSE(val)=738.053503
[GA][Iter4] Gen:1 Ind:7 RMSE(val)=773.244276
[GA][Iter4] Gen:1 Ind:8 RMSE(val)=836.579357
[GA][Iter4] Gen:1 Ind:9 RMSE(val)=766.706257
[GA][Iter4] Gen:1 Ind:10 RMSE(val)=765.529038
[GA][Iter4] Gen:1 Ind:11 RMSE(val)=814.087380
[GA][Iter4] Gen:1 Ind:12 RMSE(val)=765.984378
[GA][Iter4] Gen:1 Ind:13 RMSE(val)=860.575060
[GA][Iter4] Gen:1 Ind:14 RMSE(val)=751.828377
[GA][Iter4] Gen:1 Ind:15 RMSE(val)=835.974312
[GA][Iter4] Gen:1 Ind:16 RMSE(val)=777.487705
[GA][Iter4] Gen:1 Ind:17 RMSE(val)=772.859015
[GA][Iter4] Gen:1 Ind:18 RMSE(val)=773.019219
[GA][Iter4] Gen:1 Ind:19 RMSE(val)=805.193383
[GA][Iter4] Gen:1 Ind:20 RMSE(val)=873.031295
[GA][Iter4] gen=1 best_val_rmse=738.053503
[GA][Iter4] Gen:2 Ind:1 RMSE(val)=738.053503
[GA][Iter4] Gen:2 Ind:2 RMSE(val)=751.828377
[GA][Iter4] Gen:2 Ind:3 RMSE(val)=753.105544
[GA][Iter4] Gen:2 Ind:4 RMSE(val)=765.529038
[GA][Iter4] Gen:2 Ind:5 RMSE(val)=765.984378
[GA][Iter4] Gen:2 Ind:6 RMSE(val)=766.706257
[GA][Iter4] Gen:2 Ind:7 RMSE(val)=772.859015
[GA][Iter4] Gen:2 Ind:8 RMSE(val)=773.019219
[GA][Iter4] Gen:2 Ind:9 RMSE(val)=773.244276
[GA][Iter4] Gen:2 Ind:10 RMSE(val)=777.487705
[GA][Iter4] Gen:2 Ind:11 RMSE(val)=769.165457
[GA][Iter4] Gen:2 Ind:12 RMSE(val)=781.422308
[GA][Iter4] Gen:2 Ind:13 RMSE(val)=743.199136
[GA][Iter4] Gen:2 Ind:14 RMSE(val)=752.183505
[GA][Iter4] Gen:2 Ind:15 RMSE(val)=772.713377
[GA][Iter4] Gen:2 Ind:16 RMSE(val)=769.967012
[GA][Iter4] Gen:2 Ind:17 RMSE(val)=782.663029
[GA][Iter4] Gen:2 Ind:18 RMSE(val)=755.027275
[GA][Iter4] Gen:2 Ind:19 RMSE(val)=776.392769
[GA][Iter4] Gen:2 Ind:20 RMSE(val)=765.529038
[GA][Iter4] gen=2 best_val_rmse=738.053503
[GA][Iter4] Gen:3 Ind:1 RMSE(val)=738.053503
[GA][Iter4] Gen:3 Ind:2 RMSE(val)=743.199136
[GA][Iter4] Gen:3 Ind:3 RMSE(val)=751.828377
[GA][Iter4] Gen:3 Ind:4 RMSE(val)=752.183505
[GA][Iter4] Gen:3 Ind:5 RMSE(val)=753.105544
[GA][Iter4] Gen:3 Ind:6 RMSE(val)=755.027275
[GA][Iter4] Gen:3 Ind:7 RMSE(val)=765.529038
[GA][Iter4] Gen:3 Ind:8 RMSE(val)=765.529038
[GA][Iter4] Gen:3 Ind:9 RMSE(val)=765.984378
[GA][Iter4] Gen:3 Ind:10 RMSE(val)=766.706257
[GA][Iter4] Gen:3 Ind:11 RMSE(val)=752.308202
[GA][Iter4] Gen:3 Ind:12 RMSE(val)=766.801881
[GA][Iter4] Gen:3 Ind:13 RMSE(val)=756.293345
[GA][Iter4] Gen:3 Ind:14 RMSE(val)=768.923279
[GA][Iter4] Gen:3 Ind:15 RMSE(val)=737.222773
[GA][Iter4] Gen:3 Ind:16 RMSE(val)=759.932718
[GA][Iter4] Gen:3 Ind:17 RMSE(val)=798.094728
[GA][Iter4] Gen:3 Ind:18 RMSE(val)=758.998024
[GA][Iter4] Gen:3 Ind:19 RMSE(val)=748.830058
[GA][Iter4] Gen:3 Ind:20 RMSE(val)=756.765523
[GA][Iter4] gen=3 best_val_rmse=737.222773
[GA][Iter4] Gen:4 Ind:1 RMSE(val)=737.222773
[GA][Iter4] Gen:4 Ind:2 RMSE(val)=738.053503
[GA][Iter4] Gen:4 Ind:3 RMSE(val)=743.199136
[GA][Iter4] Gen:4 Ind:4 RMSE(val)=748.830058
[GA][Iter4] Gen:4 Ind:5 RMSE(val)=751.828377
[GA][Iter4] Gen:4 Ind:6 RMSE(val)=752.183505
[GA][Iter4] Gen:4 Ind:7 RMSE(val)=752.308202
[GA][Iter4] Gen:4 Ind:8 RMSE(val)=753.105544
[GA][Iter4] Gen:4 Ind:9 RMSE(val)=755.027275
[GA][Iter4] Gen:4 Ind:10 RMSE(val)=756.293345
[GA][Iter4] Gen:4 Ind:11 RMSE(val)=755.884432
[GA][Iter4] Gen:4 Ind:12 RMSE(val)=761.190433
[GA][Iter4] Gen:4 Ind:13 RMSE(val)=744.348551
[GA][Iter4] Gen:4 Ind:14 RMSE(val)=749.352076
[GA][Iter4] Gen:4 Ind:15 RMSE(val)=738.039422
[GA][Iter4] Gen:4 Ind:16 RMSE(val)=763.180902
[GA][Iter4] Gen:4 Ind:17 RMSE(val)=756.440594
[GA][Iter4] Gen:4 Ind:18 RMSE(val)=756.160505
[GA][Iter4] Gen:4 Ind:19 RMSE(val)=752.025670
[GA][Iter4] Gen:4 Ind:20 RMSE(val)=771.859254
[GA][Iter4] gen=4 best_val_rmse=737.222773
[GA][Iter4] Gen:5 Ind:1 RMSE(val)=737.222773
[GA][Iter4] Gen:5 Ind:2 RMSE(val)=738.039422
[GA][Iter4] Gen:5 Ind:3 RMSE(val)=738.053503
[GA][Iter4] Gen:5 Ind:4 RMSE(val)=743.199136
[GA][Iter4] Gen:5 Ind:5 RMSE(val)=744.348551
[GA][Iter4] Gen:5 Ind:6 RMSE(val)=748.830058
[GA][Iter4] Gen:5 Ind:7 RMSE(val)=749.352076
[GA][Iter4] Gen:5 Ind:8 RMSE(val)=751.828377
[GA][Iter4] Gen:5 Ind:9 RMSE(val)=752.025670
[GA][Iter4] Gen:5 Ind:10 RMSE(val)=752.183505
[GA][Iter4] Gen:5 Ind:11 RMSE(val)=736.644734
[GA][Iter4] Gen:5 Ind:12 RMSE(val)=756.521182
[GA][Iter4] Gen:5 Ind:13 RMSE(val)=752.183505
[GA][Iter4] Gen:5 Ind:14 RMSE(val)=742.238384
[GA][Iter4] Gen:5 Ind:15 RMSE(val)=748.428173
[GA][Iter4] Gen:5 Ind:16 RMSE(val)=753.155308
[GA][Iter4] Gen:5 Ind:17 RMSE(val)=752.491642
[GA][Iter4] Gen:5 Ind:18 RMSE(val)=739.334153
[GA][Iter4] Gen:5 Ind:19 RMSE(val)=743.503647
[GA][Iter4] Gen:5 Ind:20 RMSE(val)=744.921981
[GA][Iter4] gen=5 best_val_rmse=736.644734
[GA][Iter4] Gen:6 Ind:1 RMSE(val)=736.644734
[GA][Iter4] Gen:6 Ind:2 RMSE(val)=737.222773
[GA][Iter4] Gen:6 Ind:3 RMSE(val)=738.039422
[GA][Iter4] Gen:6 Ind:4 RMSE(val)=738.053503
[GA][Iter4] Gen:6 Ind:5 RMSE(val)=739.334153
[GA][Iter4] Gen:6 Ind:6 RMSE(val)=742.238384
[GA][Iter4] Gen:6 Ind:7 RMSE(val)=743.199136
[GA][Iter4] Gen:6 Ind:8 RMSE(val)=743.503647
[GA][Iter4] Gen:6 Ind:9 RMSE(val)=744.348551
[GA][Iter4] Gen:6 Ind:10 RMSE(val)=744.921981
[GA][Iter4] Gen:6 Ind:11 RMSE(val)=737.133742
[GA][Iter4] Gen:6 Ind:12 RMSE(val)=750.337199
[GA][Iter4] Gen:6 Ind:13 RMSE(val)=736.644734
[GA][Iter4] Gen:6 Ind:14 RMSE(val)=737.222773
[GA][Iter4] Gen:6 Ind:15 RMSE(val)=737.872084
[GA][Iter4] Gen:6 Ind:16 RMSE(val)=744.245018
[GA][Iter4] Gen:6 Ind:17 RMSE(val)=738.585085
[GA][Iter4] Gen:6 Ind:18 RMSE(val)=742.238384
[GA][Iter4] Gen:6 Ind:19 RMSE(val)=745.420573
[GA][Iter4] Gen:6 Ind:20 RMSE(val)=738.053503
[GA][Iter4] gen=6 best_val_rmse=736.644734
[GA][Iter4] Gen:7 Ind:1 RMSE(val)=736.644734
[GA][Iter4] Gen:7 Ind:2 RMSE(val)=736.644734
[GA][Iter4] Gen:7 Ind:3 RMSE(val)=737.133742
[GA][Iter4] Gen:7 Ind:4 RMSE(val)=737.222773
[GA][Iter4] Gen:7 Ind:5 RMSE(val)=737.222773
[GA][Iter4] Gen:7 Ind:6 RMSE(val)=737.872084
[GA][Iter4] Gen:7 Ind:7 RMSE(val)=738.039422
[GA][Iter4] Gen:7 Ind:8 RMSE(val)=738.053503
[GA][Iter4] Gen:7 Ind:9 RMSE(val)=738.053503
[GA][Iter4] Gen:7 Ind:10 RMSE(val)=738.585085
[GA][Iter4] Gen:7 Ind:11 RMSE(val)=738.513149
[GA][Iter4] Gen:7 Ind:12 RMSE(val)=737.729681
[GA][Iter4] Gen:7 Ind:13 RMSE(val)=738.039422
[GA][Iter4] Gen:7 Ind:14 RMSE(val)=736.644734
[GA][Iter4] Gen:7 Ind:15 RMSE(val)=748.018934
[GA][Iter4] Gen:7 Ind:16 RMSE(val)=738.047220
[GA][Iter4] Gen:7 Ind:17 RMSE(val)=737.562444
[GA][Iter4] Gen:7 Ind:18 RMSE(val)=736.644734
[GA][Iter4] Gen:7 Ind:19 RMSE(val)=737.222773
[GA][Iter4] Gen:7 Ind:20 RMSE(val)=738.585085
[GA][Iter4] gen=7 best_val_rmse=736.644734
[GA][Iter4] Gen:8 Ind:1 RMSE(val)=736.644734
[GA][Iter4] Gen:8 Ind:2 RMSE(val)=736.644734
[GA][Iter4] Gen:8 Ind:3 RMSE(val)=736.644734
[GA][Iter4] Gen:8 Ind:4 RMSE(val)=736.644734
[GA][Iter4] Gen:8 Ind:5 RMSE(val)=737.133742
[GA][Iter4] Gen:8 Ind:6 RMSE(val)=737.222773
[GA][Iter4] Gen:8 Ind:7 RMSE(val)=737.222773
[GA][Iter4] Gen:8 Ind:8 RMSE(val)=737.222773
[GA][Iter4] Gen:8 Ind:9 RMSE(val)=737.562444
[GA][Iter4] Gen:8 Ind:10 RMSE(val)=737.729681
[GA][Iter4] Gen:8 Ind:11 RMSE(val)=737.222773
[GA][Iter4] Gen:8 Ind:12 RMSE(val)=738.688309
[GA][Iter4] Gen:8 Ind:13 RMSE(val)=736.549106
[GA][Iter4] Gen:8 Ind:14 RMSE(val)=737.562444
[GA][Iter4] Gen:8 Ind:15 RMSE(val)=737.222773
[GA][Iter4] Gen:8 Ind:16 RMSE(val)=738.257708
[GA][Iter4] Gen:8 Ind:17 RMSE(val)=736.644734
[GA][Iter4] Gen:8 Ind:18 RMSE(val)=737.562444
[GA][Iter4] Gen:8 Ind:19 RMSE(val)=737.222773
[GA][Iter4] Gen:8 Ind:20 RMSE(val)=736.527783
[GA][Iter4] gen=8 best_val_rmse=736.527783
[GA][Iter4] Gen:9 Ind:1 RMSE(val)=736.527783
[GA][Iter4] Gen:9 Ind:2 RMSE(val)=736.549106
[GA][Iter4] Gen:9 Ind:3 RMSE(val)=736.644734
[GA][Iter4] Gen:9 Ind:4 RMSE(val)=736.644734
[GA][Iter4] Gen:9 Ind:5 RMSE(val)=736.644734
[GA][Iter4] Gen:9 Ind:6 RMSE(val)=736.644734
[GA][Iter4] Gen:9 Ind:7 RMSE(val)=736.644734
[GA][Iter4] Gen:9 Ind:8 RMSE(val)=737.133742
[GA][Iter4] Gen:9 Ind:9 RMSE(val)=737.222773
[GA][Iter4] Gen:9 Ind:10 RMSE(val)=737.222773
[GA][Iter4] Gen:9 Ind:11 RMSE(val)=736.604278
[GA][Iter4] Gen:9 Ind:12 RMSE(val)=737.243937
[GA][Iter4] Gen:9 Ind:13 RMSE(val)=736.527783
[GA][Iter4] Gen:9 Ind:14 RMSE(val)=736.549106
[GA][Iter4] Gen:9 Ind:15 RMSE(val)=736.644734
[GA][Iter4] Gen:9 Ind:16 RMSE(val)=736.708061
[GA][Iter4] Gen:9 Ind:17 RMSE(val)=736.644734
[GA][Iter4] Gen:9 Ind:18 RMSE(val)=736.549106
[GA][Iter4] Gen:9 Ind:19 RMSE(val)=736.644734
[GA][Iter4] Gen:9 Ind:20 RMSE(val)=736.644734
[GA][Iter4] gen=9 best_val_rmse=736.527783
[GA][Iter4] Gen:10 Ind:1 RMSE(val)=736.527783
[GA][Iter4] Gen:10 Ind:2 RMSE(val)=736.527783
[GA][Iter4] Gen:10 Ind:3 RMSE(val)=736.549106
[GA][Iter4] Gen:10 Ind:4 RMSE(val)=736.549106
[GA][Iter4] Gen:10 Ind:5 RMSE(val)=736.549106
[GA][Iter4] Gen:10 Ind:6 RMSE(val)=736.604278
[GA][Iter4] Gen:10 Ind:7 RMSE(val)=736.644734
[GA][Iter4] Gen:10 Ind:8 RMSE(val)=736.644734
[GA][Iter4] Gen:10 Ind:9 RMSE(val)=736.644734
[GA][Iter4] Gen:10 Ind:10 RMSE(val)=736.644734
[GA][Iter4] Gen:10 Ind:11 RMSE(val)=739.725026
[GA][Iter4] Gen:10 Ind:12 RMSE(val)=736.644734
[GA][Iter4] Gen:10 Ind:13 RMSE(val)=736.644734
[GA][Iter4] Gen:10 Ind:14 RMSE(val)=736.644734
[GA][Iter4] Gen:10 Ind:15 RMSE(val)=736.604278
[GA][Iter4] Gen:10 Ind:16 RMSE(val)=736.527783
[GA][Iter4] Gen:10 Ind:17 RMSE(val)=736.644734
[GA][Iter4] Gen:10 Ind:18 RMSE(val)=736.644734
[GA][Iter4] Gen:10 Ind:19 RMSE(val)=736.644734
[GA][Iter4] Gen:10 Ind:20 RMSE(val)=739.701382
[GA][Iter4] gen=10 best_val_rmse=736.527783
[GA][Iter4] Gen:11 Ind:1 RMSE(val)=736.527783
[GA][Iter4] Gen:11 Ind:2 RMSE(val)=736.527783
[GA][Iter4] Gen:11 Ind:3 RMSE(val)=736.527783
[GA][Iter4] Gen:11 Ind:4 RMSE(val)=736.549106
[GA][Iter4] Gen:11 Ind:5 RMSE(val)=736.549106
[GA][Iter4] Gen:11 Ind:6 RMSE(val)=736.549106
[GA][Iter4] Gen:11 Ind:7 RMSE(val)=736.604278
[GA][Iter4] Gen:11 Ind:8 RMSE(val)=736.604278
[GA][Iter4] Gen:11 Ind:9 RMSE(val)=736.644734
[GA][Iter4] Gen:11 Ind:10 RMSE(val)=736.644734
[GA][Iter4] Gen:11 Ind:11 RMSE(val)=736.549106
[GA][Iter4] Gen:11 Ind:12 RMSE(val)=736.549106
[GA][Iter4] Gen:11 Ind:13 RMSE(val)=736.527783
[GA][Iter4] Gen:11 Ind:14 RMSE(val)=736.527783
[GA][Iter4] Gen:11 Ind:15 RMSE(val)=736.644734
[GA][Iter4] Gen:11 Ind:16 RMSE(val)=736.604278
[GA][Iter4] Gen:11 Ind:17 RMSE(val)=736.527783
[GA][Iter4] Gen:11 Ind:18 RMSE(val)=738.748450
[GA][Iter4] Gen:11 Ind:19 RMSE(val)=736.527783
[GA][Iter4] Gen:11 Ind:20 RMSE(val)=741.792477
[GA][Iter4] gen=11 best_val_rmse=736.527783
[GA][Iter4] Gen:12 Ind:1 RMSE(val)=736.527783
[GA][Iter4] Gen:12 Ind:2 RMSE(val)=736.527783
[GA][Iter4] Gen:12 Ind:3 RMSE(val)=736.527783
[GA][Iter4] Gen:12 Ind:4 RMSE(val)=736.527783
[GA][Iter4] Gen:12 Ind:5 RMSE(val)=736.527783
[GA][Iter4] Gen:12 Ind:6 RMSE(val)=736.527783
[GA][Iter4] Gen:12 Ind:7 RMSE(val)=736.527783
[GA][Iter4] Gen:12 Ind:8 RMSE(val)=736.549106
[GA][Iter4] Gen:12 Ind:9 RMSE(val)=736.549106
[GA][Iter4] Gen:12 Ind:10 RMSE(val)=736.549106
[GA][Iter4] Gen:12 Ind:11 RMSE(val)=736.527783
[GA][Iter4] Gen:12 Ind:12 RMSE(val)=737.320659
[GA][Iter4] Gen:12 Ind:13 RMSE(val)=737.872084
[GA][Iter4] Gen:12 Ind:14 RMSE(val)=768.763067
[GA][Iter4] Gen:12 Ind:15 RMSE(val)=736.527783
[GA][Iter4] Gen:12 Ind:16 RMSE(val)=736.549106
[GA][Iter4] Gen:12 Ind:17 RMSE(val)=736.527783
[GA][Iter4] Gen:12 Ind:18 RMSE(val)=736.527783
[GA][Iter4] Gen:12 Ind:19 RMSE(val)=736.527783
[GA][Iter4] Gen:12 Ind:20 RMSE(val)=736.527783
[GA][Iter4] gen=12 best_val_rmse=736.527783
[GA][Iter4] Gen:13 Ind:1 RMSE(val)=736.527783
[GA][Iter4] Gen:13 Ind:2 RMSE(val)=736.527783
[GA][Iter4] Gen:13 Ind:3 RMSE(val)=736.527783
[GA][Iter4] Gen:13 Ind:4 RMSE(val)=736.527783
[GA][Iter4] Gen:13 Ind:5 RMSE(val)=736.527783
[GA][Iter4] Gen:13 Ind:6 RMSE(val)=736.527783
[GA][Iter4] Gen:13 Ind:7 RMSE(val)=736.527783
[GA][Iter4] Gen:13 Ind:8 RMSE(val)=736.527783
[GA][Iter4] Gen:13 Ind:9 RMSE(val)=736.527783
[GA][Iter4] Gen:13 Ind:10 RMSE(val)=736.527783
[GA][Iter4] Gen:13 Ind:11 RMSE(val)=735.403500
[GA][Iter4] Gen:13 Ind:12 RMSE(val)=736.527783
[GA][Iter4] Gen:13 Ind:13 RMSE(val)=737.396590
[GA][Iter4] Gen:13 Ind:14 RMSE(val)=736.527783
[GA][Iter4] Gen:13 Ind:15 RMSE(val)=736.527783
[GA][Iter4] Gen:13 Ind:16 RMSE(val)=736.527783
[GA][Iter4] Gen:13 Ind:17 RMSE(val)=736.527783
[GA][Iter4] Gen:13 Ind:18 RMSE(val)=736.661088
[GA][Iter4] Gen:13 Ind:19 RMSE(val)=736.527783
[GA][Iter4] Gen:13 Ind:20 RMSE(val)=736.527783
[GA][Iter4] gen=13 best_val_rmse=735.403500
[GA][Iter4] Gen:14 Ind:1 RMSE(val)=735.403500
[GA][Iter4] Gen:14 Ind:2 RMSE(val)=736.527783
[GA][Iter4] Gen:14 Ind:3 RMSE(val)=736.527783
[GA][Iter4] Gen:14 Ind:4 RMSE(val)=736.527783
[GA][Iter4] Gen:14 Ind:5 RMSE(val)=736.527783
[GA][Iter4] Gen:14 Ind:6 RMSE(val)=736.527783
[GA][Iter4] Gen:14 Ind:7 RMSE(val)=736.527783
[GA][Iter4] Gen:14 Ind:8 RMSE(val)=736.527783
[GA][Iter4] Gen:14 Ind:9 RMSE(val)=736.527783
[GA][Iter4] Gen:14 Ind:10 RMSE(val)=736.527783
[GA][Iter4] Gen:14 Ind:11 RMSE(val)=736.527783
[GA][Iter4] Gen:14 Ind:12 RMSE(val)=736.527783
[GA][Iter4] Gen:14 Ind:13 RMSE(val)=736.527783
[GA][Iter4] Gen:14 Ind:14 RMSE(val)=736.527783
[GA][Iter4] Gen:14 Ind:15 RMSE(val)=736.527783
[GA][Iter4] Gen:14 Ind:16 RMSE(val)=737.872084
[GA][Iter4] Gen:14 Ind:17 RMSE(val)=736.379891
[GA][Iter4] Gen:14 Ind:18 RMSE(val)=736.527783
[GA][Iter4] Gen:14 Ind:19 RMSE(val)=736.527783
[GA][Iter4] Gen:14 Ind:20 RMSE(val)=736.527783
[GA][Iter4] gen=14 best_val_rmse=735.403500
[GA][Iter4] Gen:15 Ind:1 RMSE(val)=735.403500
[GA][Iter4] Gen:15 Ind:2 RMSE(val)=736.379891
[GA][Iter4] Gen:15 Ind:3 RMSE(val)=736.527783
[GA][Iter4] Gen:15 Ind:4 RMSE(val)=736.527783
[GA][Iter4] Gen:15 Ind:5 RMSE(val)=736.527783
[GA][Iter4] Gen:15 Ind:6 RMSE(val)=736.527783
[GA][Iter4] Gen:15 Ind:7 RMSE(val)=736.527783
[GA][Iter4] Gen:15 Ind:8 RMSE(val)=736.527783
[GA][Iter4] Gen:15 Ind:9 RMSE(val)=736.527783
[GA][Iter4] Gen:15 Ind:10 RMSE(val)=736.527783
[GA][Iter4] Gen:15 Ind:11 RMSE(val)=735.864467
[GA][Iter4] Gen:15 Ind:12 RMSE(val)=736.379891
[GA][Iter4] Gen:15 Ind:13 RMSE(val)=736.527783
[GA][Iter4] Gen:15 Ind:14 RMSE(val)=736.976015
[GA][Iter4] Gen:15 Ind:15 RMSE(val)=736.527783
[GA][Iter4] Gen:15 Ind:16 RMSE(val)=736.527783
[GA][Iter4] Gen:15 Ind:17 RMSE(val)=736.527783
[GA][Iter4] Gen:15 Ind:18 RMSE(val)=736.527783
[GA][Iter4] Gen:15 Ind:19 RMSE(val)=736.527783
[GA][Iter4] Gen:15 Ind:20 RMSE(val)=735.562029
[GA][Iter4] gen=15 best_val_rmse=735.403500
[GA][Iter4] Gen:15 Ind:1 RMSE(val)=735.403500
[GA][Iter4] Gen:15 Ind:2 RMSE(val)=735.562029
[GA][Iter4] Gen:15 Ind:3 RMSE(val)=735.864467
[GA][Iter4] Gen:15 Ind:4 RMSE(val)=736.379891
[GA][Iter4] Gen:15 Ind:5 RMSE(val)=736.379891
[GA][Iter4] Gen:15 Ind:6 RMSE(val)=736.527783
[GA][Iter4] Gen:15 Ind:7 RMSE(val)=736.527783
[GA][Iter4] Gen:15 Ind:8 RMSE(val)=736.527783
[GA][Iter4] Gen:15 Ind:9 RMSE(val)=736.527783
[GA][Iter4] Gen:15 Ind:10 RMSE(val)=736.527783
[GA][Iter4] Gen:15 Ind:11 RMSE(val)=736.527783
[GA][Iter4] Gen:15 Ind:12 RMSE(val)=735.976239
[GA][Iter4] Gen:15 Ind:13 RMSE(val)=744.013161
[GA][Iter4] Gen:15 Ind:14 RMSE(val)=736.527783
[GA][Iter4] Gen:15 Ind:15 RMSE(val)=775.401015
[GA][Iter4] Gen:15 Ind:16 RMSE(val)=735.403500
[GA][Iter4] Gen:15 Ind:17 RMSE(val)=736.527783
[GA][Iter4] Gen:15 Ind:18 RMSE(val)=740.333590
[GA][Iter4] Gen:15 Ind:19 RMSE(val)=736.527783
[GA][Iter4] Gen:15 Ind:20 RMSE(val)=737.396590

[GA DONE][Iter4] Best params on val fold of Iter4
Best val RMSE: 735.403500
Best params: {'n_estimators': 942, 'learning_rate': 0.005445433001727353, 'max_depth': 2, 'min_samples_split': 13, 'min_samples_leaf': 12, 'subsample': 0.8365468881665027, 'max_features': None}
--------------------------------------------------------------------------------
[RETUNE GA] Iter4: train folds 1..8 -> test fold 9  RMSE=573.314917  NRMSE=0.548014  CVRMSE=0.288055  R2=0.698358
[GA][Iter5] Gen:1 Ind:1 RMSE(val)=586.075539
[GA][Iter5] Gen:1 Ind:2 RMSE(val)=673.705512
[GA][Iter5] Gen:1 Ind:3 RMSE(val)=599.497006
[GA][Iter5] Gen:1 Ind:4 RMSE(val)=639.731760
[GA][Iter5] Gen:1 Ind:5 RMSE(val)=652.029328
[GA][Iter5] Gen:1 Ind:6 RMSE(val)=569.674448
[GA][Iter5] Gen:1 Ind:7 RMSE(val)=590.284652
[GA][Iter5] Gen:1 Ind:8 RMSE(val)=656.536445
[GA][Iter5] Gen:1 Ind:9 RMSE(val)=581.796830
[GA][Iter5] Gen:1 Ind:10 RMSE(val)=611.173073
[GA][Iter5] Gen:1 Ind:11 RMSE(val)=629.680013
[GA][Iter5] Gen:1 Ind:12 RMSE(val)=594.004804
[GA][Iter5] Gen:1 Ind:13 RMSE(val)=647.431454
[GA][Iter5] Gen:1 Ind:14 RMSE(val)=583.428657
[GA][Iter5] Gen:1 Ind:15 RMSE(val)=689.099078
[GA][Iter5] Gen:1 Ind:16 RMSE(val)=632.475248
[GA][Iter5] Gen:1 Ind:17 RMSE(val)=581.887148
[GA][Iter5] Gen:1 Ind:18 RMSE(val)=594.096469
[GA][Iter5] Gen:1 Ind:19 RMSE(val)=622.378273
[GA][Iter5] Gen:1 Ind:20 RMSE(val)=703.637724
[GA][Iter5] gen=1 best_val_rmse=569.674448
[GA][Iter5] Gen:2 Ind:1 RMSE(val)=569.674448
[GA][Iter5] Gen:2 Ind:2 RMSE(val)=581.796830
[GA][Iter5] Gen:2 Ind:3 RMSE(val)=581.887148
[GA][Iter5] Gen:2 Ind:4 RMSE(val)=583.428657
[GA][Iter5] Gen:2 Ind:5 RMSE(val)=586.075539
[GA][Iter5] Gen:2 Ind:6 RMSE(val)=590.284652
[GA][Iter5] Gen:2 Ind:7 RMSE(val)=594.004804
[GA][Iter5] Gen:2 Ind:8 RMSE(val)=594.096469
[GA][Iter5] Gen:2 Ind:9 RMSE(val)=599.497006
[GA][Iter5] Gen:2 Ind:10 RMSE(val)=611.173073
[GA][Iter5] Gen:2 Ind:11 RMSE(val)=599.932650
[GA][Iter5] Gen:2 Ind:12 RMSE(val)=589.882019
[GA][Iter5] Gen:2 Ind:13 RMSE(val)=594.094194
[GA][Iter5] Gen:2 Ind:14 RMSE(val)=620.556882
[GA][Iter5] Gen:2 Ind:15 RMSE(val)=594.443256
[GA][Iter5] Gen:2 Ind:16 RMSE(val)=613.839234
[GA][Iter5] Gen:2 Ind:17 RMSE(val)=613.395309
[GA][Iter5] Gen:2 Ind:18 RMSE(val)=601.317257
[GA][Iter5] Gen:2 Ind:19 RMSE(val)=581.973368
[GA][Iter5] Gen:2 Ind:20 RMSE(val)=614.756821
[GA][Iter5] gen=2 best_val_rmse=569.674448
[GA][Iter5] Gen:3 Ind:1 RMSE(val)=569.674448
[GA][Iter5] Gen:3 Ind:2 RMSE(val)=581.796830
[GA][Iter5] Gen:3 Ind:3 RMSE(val)=581.887148
[GA][Iter5] Gen:3 Ind:4 RMSE(val)=581.973368
[GA][Iter5] Gen:3 Ind:5 RMSE(val)=583.428657
[GA][Iter5] Gen:3 Ind:6 RMSE(val)=586.075539
[GA][Iter5] Gen:3 Ind:7 RMSE(val)=589.882019
[GA][Iter5] Gen:3 Ind:8 RMSE(val)=590.284652
[GA][Iter5] Gen:3 Ind:9 RMSE(val)=594.004804
[GA][Iter5] Gen:3 Ind:10 RMSE(val)=594.094194
[GA][Iter5] Gen:3 Ind:11 RMSE(val)=582.132774
[GA][Iter5] Gen:3 Ind:12 RMSE(val)=580.862683
[GA][Iter5] Gen:3 Ind:13 RMSE(val)=583.971923
[GA][Iter5] Gen:3 Ind:14 RMSE(val)=583.547977
[GA][Iter5] Gen:3 Ind:15 RMSE(val)=571.077392
[GA][Iter5] Gen:3 Ind:16 RMSE(val)=596.853608
[GA][Iter5] Gen:3 Ind:17 RMSE(val)=613.814241
[GA][Iter5] Gen:3 Ind:18 RMSE(val)=586.369009
[GA][Iter5] Gen:3 Ind:19 RMSE(val)=623.942850
[GA][Iter5] Gen:3 Ind:20 RMSE(val)=578.597601
[GA][Iter5] gen=3 best_val_rmse=569.674448
[GA][Iter5] Gen:4 Ind:1 RMSE(val)=569.674448
[GA][Iter5] Gen:4 Ind:2 RMSE(val)=571.077392
[GA][Iter5] Gen:4 Ind:3 RMSE(val)=578.597601
[GA][Iter5] Gen:4 Ind:4 RMSE(val)=580.862683
[GA][Iter5] Gen:4 Ind:5 RMSE(val)=581.796830
[GA][Iter5] Gen:4 Ind:6 RMSE(val)=581.887148
[GA][Iter5] Gen:4 Ind:7 RMSE(val)=581.973368
[GA][Iter5] Gen:4 Ind:8 RMSE(val)=582.132774
[GA][Iter5] Gen:4 Ind:9 RMSE(val)=583.428657
[GA][Iter5] Gen:4 Ind:10 RMSE(val)=583.547977
[GA][Iter5] Gen:4 Ind:11 RMSE(val)=616.772370
[GA][Iter5] Gen:4 Ind:12 RMSE(val)=596.940353
[GA][Iter5] Gen:4 Ind:13 RMSE(val)=580.722684
[GA][Iter5] Gen:4 Ind:14 RMSE(val)=581.796830
[GA][Iter5] Gen:4 Ind:15 RMSE(val)=571.032505
[GA][Iter5] Gen:4 Ind:16 RMSE(val)=616.271516
[GA][Iter5] Gen:4 Ind:17 RMSE(val)=599.310535
[GA][Iter5] Gen:4 Ind:18 RMSE(val)=581.146534
[GA][Iter5] Gen:4 Ind:19 RMSE(val)=588.520964
[GA][Iter5] Gen:4 Ind:20 RMSE(val)=568.277205
[GA][Iter5] gen=4 best_val_rmse=568.277205
[GA][Iter5] Gen:5 Ind:1 RMSE(val)=568.277205
[GA][Iter5] Gen:5 Ind:2 RMSE(val)=569.674448
[GA][Iter5] Gen:5 Ind:3 RMSE(val)=571.032505
[GA][Iter5] Gen:5 Ind:4 RMSE(val)=571.077392
[GA][Iter5] Gen:5 Ind:5 RMSE(val)=578.597601
[GA][Iter5] Gen:5 Ind:6 RMSE(val)=580.722684
[GA][Iter5] Gen:5 Ind:7 RMSE(val)=580.862683
[GA][Iter5] Gen:5 Ind:8 RMSE(val)=581.146534
[GA][Iter5] Gen:5 Ind:9 RMSE(val)=581.796830
[GA][Iter5] Gen:5 Ind:10 RMSE(val)=581.796830
[GA][Iter5] Gen:5 Ind:11 RMSE(val)=569.079991
[GA][Iter5] Gen:5 Ind:12 RMSE(val)=569.612362
[GA][Iter5] Gen:5 Ind:13 RMSE(val)=581.796830
[GA][Iter5] Gen:5 Ind:14 RMSE(val)=598.255696
[GA][Iter5] Gen:5 Ind:15 RMSE(val)=570.620332
[GA][Iter5] Gen:5 Ind:16 RMSE(val)=586.899828
[GA][Iter5] Gen:5 Ind:17 RMSE(val)=580.982443
[GA][Iter5] Gen:5 Ind:18 RMSE(val)=613.238550
[GA][Iter5] Gen:5 Ind:19 RMSE(val)=599.860818
[GA][Iter5] Gen:5 Ind:20 RMSE(val)=566.754834
[GA][Iter5] gen=5 best_val_rmse=566.754834
[GA][Iter5] Gen:6 Ind:1 RMSE(val)=566.754834
[GA][Iter5] Gen:6 Ind:2 RMSE(val)=568.277205
[GA][Iter5] Gen:6 Ind:3 RMSE(val)=569.079991
[GA][Iter5] Gen:6 Ind:4 RMSE(val)=569.612362
[GA][Iter5] Gen:6 Ind:5 RMSE(val)=569.674448
[GA][Iter5] Gen:6 Ind:6 RMSE(val)=570.620332
[GA][Iter5] Gen:6 Ind:7 RMSE(val)=571.032505
[GA][Iter5] Gen:6 Ind:8 RMSE(val)=571.077392
[GA][Iter5] Gen:6 Ind:9 RMSE(val)=578.597601
[GA][Iter5] Gen:6 Ind:10 RMSE(val)=580.722684
[GA][Iter5] Gen:6 Ind:11 RMSE(val)=570.139177
[GA][Iter5] Gen:6 Ind:12 RMSE(val)=592.037650
[GA][Iter5] Gen:6 Ind:13 RMSE(val)=567.591069
[GA][Iter5] Gen:6 Ind:14 RMSE(val)=568.277205
[GA][Iter5] Gen:6 Ind:15 RMSE(val)=569.788727
[GA][Iter5] Gen:6 Ind:16 RMSE(val)=570.404866
[GA][Iter5] Gen:6 Ind:17 RMSE(val)=568.691311
[GA][Iter5] Gen:6 Ind:18 RMSE(val)=570.620332
[GA][Iter5] Gen:6 Ind:19 RMSE(val)=584.990050
[GA][Iter5] Gen:6 Ind:20 RMSE(val)=565.868644
[GA][Iter5] gen=6 best_val_rmse=565.868644
[GA][Iter5] Gen:7 Ind:1 RMSE(val)=565.868644
[GA][Iter5] Gen:7 Ind:2 RMSE(val)=566.754834
[GA][Iter5] Gen:7 Ind:3 RMSE(val)=567.591069
[GA][Iter5] Gen:7 Ind:4 RMSE(val)=568.277205
[GA][Iter5] Gen:7 Ind:5 RMSE(val)=568.277205
[GA][Iter5] Gen:7 Ind:6 RMSE(val)=568.691311
[GA][Iter5] Gen:7 Ind:7 RMSE(val)=569.079991
[GA][Iter5] Gen:7 Ind:8 RMSE(val)=569.612362
[GA][Iter5] Gen:7 Ind:9 RMSE(val)=569.674448
[GA][Iter5] Gen:7 Ind:10 RMSE(val)=569.788727
[GA][Iter5] Gen:7 Ind:11 RMSE(val)=569.591313
[GA][Iter5] Gen:7 Ind:12 RMSE(val)=568.763565
[GA][Iter5] Gen:7 Ind:13 RMSE(val)=567.907875
[GA][Iter5] Gen:7 Ind:14 RMSE(val)=566.754834
[GA][Iter5] Gen:7 Ind:15 RMSE(val)=613.636093
[GA][Iter5] Gen:7 Ind:16 RMSE(val)=566.729288
[GA][Iter5] Gen:7 Ind:17 RMSE(val)=568.277205
[GA][Iter5] Gen:7 Ind:18 RMSE(val)=565.868644
[GA][Iter5] Gen:7 Ind:19 RMSE(val)=568.277205
[GA][Iter5] Gen:7 Ind:20 RMSE(val)=569.788727
[GA][Iter5] gen=7 best_val_rmse=565.868644
[GA][Iter5] Gen:8 Ind:1 RMSE(val)=565.868644
[GA][Iter5] Gen:8 Ind:2 RMSE(val)=565.868644
[GA][Iter5] Gen:8 Ind:3 RMSE(val)=566.729288
[GA][Iter5] Gen:8 Ind:4 RMSE(val)=566.754834
[GA][Iter5] Gen:8 Ind:5 RMSE(val)=566.754834
[GA][Iter5] Gen:8 Ind:6 RMSE(val)=567.591069
[GA][Iter5] Gen:8 Ind:7 RMSE(val)=567.907875
[GA][Iter5] Gen:8 Ind:8 RMSE(val)=568.277205
[GA][Iter5] Gen:8 Ind:9 RMSE(val)=568.277205
[GA][Iter5] Gen:8 Ind:10 RMSE(val)=568.277205
[GA][Iter5] Gen:8 Ind:11 RMSE(val)=567.672804
[GA][Iter5] Gen:8 Ind:12 RMSE(val)=566.754834
[GA][Iter5] Gen:8 Ind:13 RMSE(val)=565.938340
[GA][Iter5] Gen:8 Ind:14 RMSE(val)=568.172342
[GA][Iter5] Gen:8 Ind:15 RMSE(val)=568.277205
[GA][Iter5] Gen:8 Ind:16 RMSE(val)=568.314370
[GA][Iter5] Gen:8 Ind:17 RMSE(val)=566.754834
[GA][Iter5] Gen:8 Ind:18 RMSE(val)=566.353698
[GA][Iter5] Gen:8 Ind:19 RMSE(val)=567.880637
[GA][Iter5] Gen:8 Ind:20 RMSE(val)=566.729288
[GA][Iter5] gen=8 best_val_rmse=565.868644
[GA][Iter5] Gen:9 Ind:1 RMSE(val)=565.868644
[GA][Iter5] Gen:9 Ind:2 RMSE(val)=565.868644
[GA][Iter5] Gen:9 Ind:3 RMSE(val)=565.938340
[GA][Iter5] Gen:9 Ind:4 RMSE(val)=566.353698
[GA][Iter5] Gen:9 Ind:5 RMSE(val)=566.729288
[GA][Iter5] Gen:9 Ind:6 RMSE(val)=566.729288
[GA][Iter5] Gen:9 Ind:7 RMSE(val)=566.754834
[GA][Iter5] Gen:9 Ind:8 RMSE(val)=566.754834
[GA][Iter5] Gen:9 Ind:9 RMSE(val)=566.754834
[GA][Iter5] Gen:9 Ind:10 RMSE(val)=566.754834
[GA][Iter5] Gen:9 Ind:11 RMSE(val)=566.754834
[GA][Iter5] Gen:9 Ind:12 RMSE(val)=565.704620
[GA][Iter5] Gen:9 Ind:13 RMSE(val)=565.868644
[GA][Iter5] Gen:9 Ind:14 RMSE(val)=566.937459
[GA][Iter5] Gen:9 Ind:15 RMSE(val)=566.937459
[GA][Iter5] Gen:9 Ind:16 RMSE(val)=568.238426
[GA][Iter5] Gen:9 Ind:17 RMSE(val)=566.353698
[GA][Iter5] Gen:9 Ind:18 RMSE(val)=566.937459
[GA][Iter5] Gen:9 Ind:19 RMSE(val)=566.443467
[GA][Iter5] Gen:9 Ind:20 RMSE(val)=566.729288
[GA][Iter5] gen=9 best_val_rmse=565.704620
[GA][Iter5] Gen:10 Ind:1 RMSE(val)=565.704620
[GA][Iter5] Gen:10 Ind:2 RMSE(val)=565.868644
[GA][Iter5] Gen:10 Ind:3 RMSE(val)=565.868644
[GA][Iter5] Gen:10 Ind:4 RMSE(val)=565.868644
[GA][Iter5] Gen:10 Ind:5 RMSE(val)=565.938340
[GA][Iter5] Gen:10 Ind:6 RMSE(val)=566.353698
[GA][Iter5] Gen:10 Ind:7 RMSE(val)=566.353698
[GA][Iter5] Gen:10 Ind:8 RMSE(val)=566.443467
[GA][Iter5] Gen:10 Ind:9 RMSE(val)=566.729288
[GA][Iter5] Gen:10 Ind:10 RMSE(val)=566.729288
[GA][Iter5] Gen:10 Ind:11 RMSE(val)=567.184447
[GA][Iter5] Gen:10 Ind:12 RMSE(val)=566.353698
[GA][Iter5] Gen:10 Ind:13 RMSE(val)=567.230690
[GA][Iter5] Gen:10 Ind:14 RMSE(val)=566.443467
[GA][Iter5] Gen:10 Ind:15 RMSE(val)=566.443467
[GA][Iter5] Gen:10 Ind:16 RMSE(val)=565.868644
[GA][Iter5] Gen:10 Ind:17 RMSE(val)=566.443467
[GA][Iter5] Gen:10 Ind:18 RMSE(val)=566.443467
[GA][Iter5] Gen:10 Ind:19 RMSE(val)=566.443467
[GA][Iter5] Gen:10 Ind:20 RMSE(val)=569.604738
[GA][Iter5] gen=10 best_val_rmse=565.704620
[GA][Iter5] Gen:11 Ind:1 RMSE(val)=565.704620
[GA][Iter5] Gen:11 Ind:2 RMSE(val)=565.868644
[GA][Iter5] Gen:11 Ind:3 RMSE(val)=565.868644
[GA][Iter5] Gen:11 Ind:4 RMSE(val)=565.868644
[GA][Iter5] Gen:11 Ind:5 RMSE(val)=565.868644
[GA][Iter5] Gen:11 Ind:6 RMSE(val)=565.938340
[GA][Iter5] Gen:11 Ind:7 RMSE(val)=566.353698
[GA][Iter5] Gen:11 Ind:8 RMSE(val)=566.353698
[GA][Iter5] Gen:11 Ind:9 RMSE(val)=566.353698
[GA][Iter5] Gen:11 Ind:10 RMSE(val)=566.443467
[GA][Iter5] Gen:11 Ind:11 RMSE(val)=565.704620
[GA][Iter5] Gen:11 Ind:12 RMSE(val)=566.229231
[GA][Iter5] Gen:11 Ind:13 RMSE(val)=565.704620
[GA][Iter5] Gen:11 Ind:14 RMSE(val)=565.868644
[GA][Iter5] Gen:11 Ind:15 RMSE(val)=566.443467
[GA][Iter5] Gen:11 Ind:16 RMSE(val)=566.443467
[GA][Iter5] Gen:11 Ind:17 RMSE(val)=566.229231
[GA][Iter5] Gen:11 Ind:18 RMSE(val)=564.431724
[GA][Iter5] Gen:11 Ind:19 RMSE(val)=566.229231
[GA][Iter5] Gen:11 Ind:20 RMSE(val)=584.791834
[GA][Iter5] gen=11 best_val_rmse=564.431724
[GA][Iter5] Gen:12 Ind:1 RMSE(val)=564.431724
[GA][Iter5] Gen:12 Ind:2 RMSE(val)=565.704620
[GA][Iter5] Gen:12 Ind:3 RMSE(val)=565.704620
[GA][Iter5] Gen:12 Ind:4 RMSE(val)=565.704620
[GA][Iter5] Gen:12 Ind:5 RMSE(val)=565.868644
[GA][Iter5] Gen:12 Ind:6 RMSE(val)=565.868644
[GA][Iter5] Gen:12 Ind:7 RMSE(val)=565.868644
[GA][Iter5] Gen:12 Ind:8 RMSE(val)=565.868644
[GA][Iter5] Gen:12 Ind:9 RMSE(val)=565.868644
[GA][Iter5] Gen:12 Ind:10 RMSE(val)=565.938340
[GA][Iter5] Gen:12 Ind:11 RMSE(val)=565.704620
[GA][Iter5] Gen:12 Ind:12 RMSE(val)=569.082976
[GA][Iter5] Gen:12 Ind:13 RMSE(val)=565.868644
[GA][Iter5] Gen:12 Ind:14 RMSE(val)=612.529761
[GA][Iter5] Gen:12 Ind:15 RMSE(val)=566.443467
[GA][Iter5] Gen:12 Ind:16 RMSE(val)=565.868644
[GA][Iter5] Gen:12 Ind:17 RMSE(val)=566.229231
[GA][Iter5] Gen:12 Ind:18 RMSE(val)=565.868644
[GA][Iter5] Gen:12 Ind:19 RMSE(val)=565.868644
[GA][Iter5] Gen:12 Ind:20 RMSE(val)=565.704620
[GA][Iter5] gen=12 best_val_rmse=564.431724
[GA][Iter5] Gen:13 Ind:1 RMSE(val)=564.431724
[GA][Iter5] Gen:13 Ind:2 RMSE(val)=565.704620
[GA][Iter5] Gen:13 Ind:3 RMSE(val)=565.704620
[GA][Iter5] Gen:13 Ind:4 RMSE(val)=565.704620
[GA][Iter5] Gen:13 Ind:5 RMSE(val)=565.704620
[GA][Iter5] Gen:13 Ind:6 RMSE(val)=565.704620
[GA][Iter5] Gen:13 Ind:7 RMSE(val)=565.868644
[GA][Iter5] Gen:13 Ind:8 RMSE(val)=565.868644
[GA][Iter5] Gen:13 Ind:9 RMSE(val)=565.868644
[GA][Iter5] Gen:13 Ind:10 RMSE(val)=565.868644
[GA][Iter5] Gen:13 Ind:11 RMSE(val)=570.848808
[GA][Iter5] Gen:13 Ind:12 RMSE(val)=565.704620
[GA][Iter5] Gen:13 Ind:13 RMSE(val)=565.868644
[GA][Iter5] Gen:13 Ind:14 RMSE(val)=565.704620
[GA][Iter5] Gen:13 Ind:15 RMSE(val)=565.868644
[GA][Iter5] Gen:13 Ind:16 RMSE(val)=566.229231
[GA][Iter5] Gen:13 Ind:17 RMSE(val)=565.868644
[GA][Iter5] Gen:13 Ind:18 RMSE(val)=564.561769
[GA][Iter5] Gen:13 Ind:19 RMSE(val)=565.704620
[GA][Iter5] Gen:13 Ind:20 RMSE(val)=565.704620
[GA][Iter5] gen=13 best_val_rmse=564.431724
[GA][Iter5] Gen:14 Ind:1 RMSE(val)=564.431724
[GA][Iter5] Gen:14 Ind:2 RMSE(val)=564.561769
[GA][Iter5] Gen:14 Ind:3 RMSE(val)=565.704620
[GA][Iter5] Gen:14 Ind:4 RMSE(val)=565.704620
[GA][Iter5] Gen:14 Ind:5 RMSE(val)=565.704620
[GA][Iter5] Gen:14 Ind:6 RMSE(val)=565.704620
[GA][Iter5] Gen:14 Ind:7 RMSE(val)=565.704620
[GA][Iter5] Gen:14 Ind:8 RMSE(val)=565.704620
[GA][Iter5] Gen:14 Ind:9 RMSE(val)=565.704620
[GA][Iter5] Gen:14 Ind:10 RMSE(val)=565.704620
[GA][Iter5] Gen:14 Ind:11 RMSE(val)=565.704620
[GA][Iter5] Gen:14 Ind:12 RMSE(val)=565.704620
[GA][Iter5] Gen:14 Ind:13 RMSE(val)=565.683689
[GA][Iter5] Gen:14 Ind:14 RMSE(val)=565.704620
[GA][Iter5] Gen:14 Ind:15 RMSE(val)=565.704620
[GA][Iter5] Gen:14 Ind:16 RMSE(val)=565.938340
[GA][Iter5] Gen:14 Ind:17 RMSE(val)=564.647887
[GA][Iter5] Gen:14 Ind:18 RMSE(val)=565.704620
[GA][Iter5] Gen:14 Ind:19 RMSE(val)=565.704620
[GA][Iter5] Gen:14 Ind:20 RMSE(val)=564.561769
[GA][Iter5] gen=14 best_val_rmse=564.431724
[GA][Iter5] Gen:15 Ind:1 RMSE(val)=564.431724
[GA][Iter5] Gen:15 Ind:2 RMSE(val)=564.561769
[GA][Iter5] Gen:15 Ind:3 RMSE(val)=564.561769
[GA][Iter5] Gen:15 Ind:4 RMSE(val)=564.647887
[GA][Iter5] Gen:15 Ind:5 RMSE(val)=565.683689
[GA][Iter5] Gen:15 Ind:6 RMSE(val)=565.704620
[GA][Iter5] Gen:15 Ind:7 RMSE(val)=565.704620
[GA][Iter5] Gen:15 Ind:8 RMSE(val)=565.704620
[GA][Iter5] Gen:15 Ind:9 RMSE(val)=565.704620
[GA][Iter5] Gen:15 Ind:10 RMSE(val)=565.704620
[GA][Iter5] Gen:15 Ind:11 RMSE(val)=565.761258
[GA][Iter5] Gen:15 Ind:12 RMSE(val)=564.561769
[GA][Iter5] Gen:15 Ind:13 RMSE(val)=565.704620
[GA][Iter5] Gen:15 Ind:14 RMSE(val)=570.144296
[GA][Iter5] Gen:15 Ind:15 RMSE(val)=565.938340
[GA][Iter5] Gen:15 Ind:16 RMSE(val)=566.443467
[GA][Iter5] Gen:15 Ind:17 RMSE(val)=565.704620
[GA][Iter5] Gen:15 Ind:18 RMSE(val)=565.704620
[GA][Iter5] Gen:15 Ind:19 RMSE(val)=564.561769
[GA][Iter5] Gen:15 Ind:20 RMSE(val)=564.397816
[GA][Iter5] gen=15 best_val_rmse=564.397816
[GA][Iter5] Gen:15 Ind:1 RMSE(val)=564.397816
[GA][Iter5] Gen:15 Ind:2 RMSE(val)=564.431724
[GA][Iter5] Gen:15 Ind:3 RMSE(val)=564.561769
[GA][Iter5] Gen:15 Ind:4 RMSE(val)=564.561769
[GA][Iter5] Gen:15 Ind:5 RMSE(val)=564.561769
[GA][Iter5] Gen:15 Ind:6 RMSE(val)=564.561769
[GA][Iter5] Gen:15 Ind:7 RMSE(val)=564.647887
[GA][Iter5] Gen:15 Ind:8 RMSE(val)=565.683689
[GA][Iter5] Gen:15 Ind:9 RMSE(val)=565.704620
[GA][Iter5] Gen:15 Ind:10 RMSE(val)=565.704620
[GA][Iter5] Gen:15 Ind:11 RMSE(val)=565.683689
[GA][Iter5] Gen:15 Ind:12 RMSE(val)=564.682771
[GA][Iter5] Gen:15 Ind:13 RMSE(val)=568.132273
[GA][Iter5] Gen:15 Ind:14 RMSE(val)=564.561769
[GA][Iter5] Gen:15 Ind:15 RMSE(val)=593.368053
[GA][Iter5] Gen:15 Ind:16 RMSE(val)=564.397816
[GA][Iter5] Gen:15 Ind:17 RMSE(val)=565.683689
[GA][Iter5] Gen:15 Ind:18 RMSE(val)=570.577375
[GA][Iter5] Gen:15 Ind:19 RMSE(val)=564.561769
[GA][Iter5] Gen:15 Ind:20 RMSE(val)=565.704620

[GA DONE][Iter5] Best params on val fold of Iter5
Best val RMSE: 564.397816
Best params: {'n_estimators': 1236, 'learning_rate': 0.010777779216573401, 'max_depth': 2, 'min_samples_split': 26, 'min_samples_leaf': 1, 'subsample': 0.9444411638666663, 'max_features': None}
--------------------------------------------------------------------------------
[RETUNE GA] Iter5: train folds 1..9 -> test fold 10  RMSE=1099.256269  NRMSE=0.804588  CVRMSE=0.476670  R2=0.349787
