=== BASELINE (project=bmad, last-7 mean, expanding folds) ===
Iter1: train folds 1..5 -> test fold 6  RMSE=74.6603  NRMSE=1.0596  CVRMSE=0.0747  R˛=-0.1357
Iter2: train folds 1..6 -> test fold 7  RMSE=52.7729  NRMSE=0.8501  CVRMSE=0.0510  R˛=0.2688
Iter3: train folds 1..7 -> test fold 8  RMSE=49.9589  NRMSE=1.0781  CVRMSE=0.0440  R˛=-0.1760
Iter4: train folds 1..8 -> test fold 9  RMSE=98.8492  NRMSE=1.0715  CVRMSE=0.0853  R˛=-0.1617
Iter5: train folds 1..9 -> test fold 10  RMSE=38.9277  NRMSE=1.0721  CVRMSE=0.0338  R˛=-0.1629
--------------------------------------------------
[FEATURES] initial=174 kept_after_screening=72
['branch', 'issuer_name', 'gh_files_added', 'gh_files_deleted', 'gh_tests_deleted', 'gh_src_churn', 'gh_is_pr', 'gh_description_complexity', 'gh_src_files', 'gh_doc_files', 'gh_other_files', 'gh_commits_on_files_touched', 'gh_num_pr_comments', 'gh_test_lines_per_kloc', 'hour', 'dow', 'month', 'secs_since_prev', 'duration_lag_1', 'window_avg_7', 'window_std_7', 'ft___LIST_', 'ft___TXT_', 'ft___beam__', 'ft___bmad_', 'ft___bmad__', 'ft___bmad_optics_matching_', 'ft___correct_', 'ft___cpp__', 'ft___f90_', 'ft___f90__', 'ft___grid_field__', 'ft___h_', 'ft___html_', 'ft___in_', 'ft___init_', 'ft___init__', 'ft___jpg_', 'ft___json__', 'ft___lat_', 'ft___md_', 'ft___namelist_', 'ft___namelist__', 'ft___npz_', 'ft___pdf__', 'ft___pl_', 'ft___py_', 'ft___py__', 'ft___startup_', 'ft___tex_', 'ft___tex__', 'ft___tex____dup1', 'ft___txt_', 'ft___wake__', 'ft___yml__', 'ft____bmad_', 'ft____bmad__', 'ft____bmad____dup1', 'ft____cmake__', 'ft____correct__', 'ft____cpp__', 'ft____f90_', 'ft____init_', 'ft____md__', 'ft____namelist_', 'ft____py_', 'ft____py__', 'ft____tao_', 'ft____tex__', 'ft____tex____dup1', 'ft____yml__', 'ft___']
--------------------------------------------------------------------------------
[GA][Iter1] Gen:1 Ind:1 RMSE(val)=63.743655
[GA][Iter1] Gen:1 Ind:2 RMSE(val)=65.784183
[GA][Iter1] Gen:1 Ind:3 RMSE(val)=68.455565
[GA][Iter1] Gen:1 Ind:4 RMSE(val)=63.987892
[GA][Iter1] Gen:1 Ind:5 RMSE(val)=68.638760
[GA][Iter1] Gen:1 Ind:6 RMSE(val)=63.462855
[GA][Iter1] Gen:1 Ind:7 RMSE(val)=67.738127
[GA][Iter1] Gen:1 Ind:8 RMSE(val)=65.086510
[GA][Iter1] Gen:1 Ind:9 RMSE(val)=64.790357
[GA][Iter1] Gen:1 Ind:10 RMSE(val)=65.709738
[GA][Iter1] Gen:1 Ind:11 RMSE(val)=66.292624
[GA][Iter1] Gen:1 Ind:12 RMSE(val)=66.091122
[GA][Iter1] Gen:1 Ind:13 RMSE(val)=68.661393
[GA][Iter1] Gen:1 Ind:14 RMSE(val)=64.956117
[GA][Iter1] Gen:1 Ind:15 RMSE(val)=68.942429
[GA][Iter1] Gen:1 Ind:16 RMSE(val)=64.155424
[GA][Iter1] Gen:1 Ind:17 RMSE(val)=66.194646
[GA][Iter1] Gen:1 Ind:18 RMSE(val)=67.147838
[GA][Iter1] Gen:1 Ind:19 RMSE(val)=64.054018
[GA][Iter1] Gen:1 Ind:20 RMSE(val)=65.966489
[GA][Iter1] gen=1 best_val_rmse=63.462855
[GA][Iter1] Gen:2 Ind:1 RMSE(val)=63.462855
[GA][Iter1] Gen:2 Ind:2 RMSE(val)=63.743655
[GA][Iter1] Gen:2 Ind:3 RMSE(val)=63.987892
[GA][Iter1] Gen:2 Ind:4 RMSE(val)=64.054018
[GA][Iter1] Gen:2 Ind:5 RMSE(val)=64.155424
[GA][Iter1] Gen:2 Ind:6 RMSE(val)=64.790357
[GA][Iter1] Gen:2 Ind:7 RMSE(val)=64.956117
[GA][Iter1] Gen:2 Ind:8 RMSE(val)=65.086510
[GA][Iter1] Gen:2 Ind:9 RMSE(val)=65.709738
[GA][Iter1] Gen:2 Ind:10 RMSE(val)=65.784183
[GA][Iter1] Gen:2 Ind:11 RMSE(val)=65.087581
[GA][Iter1] Gen:2 Ind:12 RMSE(val)=68.781519
[GA][Iter1] Gen:2 Ind:13 RMSE(val)=62.715231
[GA][Iter1] Gen:2 Ind:14 RMSE(val)=66.091209
[GA][Iter1] Gen:2 Ind:15 RMSE(val)=64.263170
[GA][Iter1] Gen:2 Ind:16 RMSE(val)=63.451097
[GA][Iter1] Gen:2 Ind:17 RMSE(val)=64.890446
[GA][Iter1] Gen:2 Ind:18 RMSE(val)=62.638676
[GA][Iter1] Gen:2 Ind:19 RMSE(val)=64.805747
[GA][Iter1] Gen:2 Ind:20 RMSE(val)=66.388603
[GA][Iter1] gen=2 best_val_rmse=62.638676
[GA][Iter1] Gen:3 Ind:1 RMSE(val)=62.638676
[GA][Iter1] Gen:3 Ind:2 RMSE(val)=62.715231
[GA][Iter1] Gen:3 Ind:3 RMSE(val)=63.451097
[GA][Iter1] Gen:3 Ind:4 RMSE(val)=63.462855
[GA][Iter1] Gen:3 Ind:5 RMSE(val)=63.743655
[GA][Iter1] Gen:3 Ind:6 RMSE(val)=63.987892
[GA][Iter1] Gen:3 Ind:7 RMSE(val)=64.054018
[GA][Iter1] Gen:3 Ind:8 RMSE(val)=64.155424
[GA][Iter1] Gen:3 Ind:9 RMSE(val)=64.263170
[GA][Iter1] Gen:3 Ind:10 RMSE(val)=64.790357
[GA][Iter1] Gen:3 Ind:11 RMSE(val)=63.774674
[GA][Iter1] Gen:3 Ind:12 RMSE(val)=64.896505
[GA][Iter1] Gen:3 Ind:13 RMSE(val)=63.642189
[GA][Iter1] Gen:3 Ind:14 RMSE(val)=65.948844
[GA][Iter1] Gen:3 Ind:15 RMSE(val)=63.133144
[GA][Iter1] Gen:3 Ind:16 RMSE(val)=62.489778
[GA][Iter1] Gen:3 Ind:17 RMSE(val)=65.463311
[GA][Iter1] Gen:3 Ind:18 RMSE(val)=63.840016
[GA][Iter1] Gen:3 Ind:19 RMSE(val)=63.424206
[GA][Iter1] Gen:3 Ind:20 RMSE(val)=63.866250
[GA][Iter1] gen=3 best_val_rmse=62.489778
[GA][Iter1] Gen:4 Ind:1 RMSE(val)=62.489778
[GA][Iter1] Gen:4 Ind:2 RMSE(val)=62.638676
[GA][Iter1] Gen:4 Ind:3 RMSE(val)=62.715231
[GA][Iter1] Gen:4 Ind:4 RMSE(val)=63.133144
[GA][Iter1] Gen:4 Ind:5 RMSE(val)=63.424206
[GA][Iter1] Gen:4 Ind:6 RMSE(val)=63.451097
[GA][Iter1] Gen:4 Ind:7 RMSE(val)=63.462855
[GA][Iter1] Gen:4 Ind:8 RMSE(val)=63.642189
[GA][Iter1] Gen:4 Ind:9 RMSE(val)=63.743655
[GA][Iter1] Gen:4 Ind:10 RMSE(val)=63.774674
[GA][Iter1] Gen:4 Ind:11 RMSE(val)=63.655691
[GA][Iter1] Gen:4 Ind:12 RMSE(val)=63.077978
[GA][Iter1] Gen:4 Ind:13 RMSE(val)=62.696588
[GA][Iter1] Gen:4 Ind:14 RMSE(val)=62.681684
[GA][Iter1] Gen:4 Ind:15 RMSE(val)=63.046129
[GA][Iter1] Gen:4 Ind:16 RMSE(val)=62.691455
[GA][Iter1] Gen:4 Ind:17 RMSE(val)=63.664140
[GA][Iter1] Gen:4 Ind:18 RMSE(val)=63.411373
[GA][Iter1] Gen:4 Ind:19 RMSE(val)=62.774694
[GA][Iter1] Gen:4 Ind:20 RMSE(val)=63.006295
[GA][Iter1] gen=4 best_val_rmse=62.489778
[GA][Iter1] Gen:5 Ind:1 RMSE(val)=62.489778
[GA][Iter1] Gen:5 Ind:2 RMSE(val)=62.638676
[GA][Iter1] Gen:5 Ind:3 RMSE(val)=62.681684
[GA][Iter1] Gen:5 Ind:4 RMSE(val)=62.691455
[GA][Iter1] Gen:5 Ind:5 RMSE(val)=62.696588
[GA][Iter1] Gen:5 Ind:6 RMSE(val)=62.715231
[GA][Iter1] Gen:5 Ind:7 RMSE(val)=62.774694
[GA][Iter1] Gen:5 Ind:8 RMSE(val)=63.006295
[GA][Iter1] Gen:5 Ind:9 RMSE(val)=63.046129
[GA][Iter1] Gen:5 Ind:10 RMSE(val)=63.077978
[GA][Iter1] Gen:5 Ind:11 RMSE(val)=62.890208
[GA][Iter1] Gen:5 Ind:12 RMSE(val)=62.712094
[GA][Iter1] Gen:5 Ind:13 RMSE(val)=63.077978
[GA][Iter1] Gen:5 Ind:14 RMSE(val)=62.638676
[GA][Iter1] Gen:5 Ind:15 RMSE(val)=62.886359
[GA][Iter1] Gen:5 Ind:16 RMSE(val)=63.028009
[GA][Iter1] Gen:5 Ind:17 RMSE(val)=63.222565
[GA][Iter1] Gen:5 Ind:18 RMSE(val)=62.691455
[GA][Iter1] Gen:5 Ind:19 RMSE(val)=62.681684
[GA][Iter1] Gen:5 Ind:20 RMSE(val)=63.132883
[GA][Iter1] gen=5 best_val_rmse=62.489778
[GA][Iter1] Gen:6 Ind:1 RMSE(val)=62.489778
[GA][Iter1] Gen:6 Ind:2 RMSE(val)=62.638676
[GA][Iter1] Gen:6 Ind:3 RMSE(val)=62.638676
[GA][Iter1] Gen:6 Ind:4 RMSE(val)=62.681684
[GA][Iter1] Gen:6 Ind:5 RMSE(val)=62.681684
[GA][Iter1] Gen:6 Ind:6 RMSE(val)=62.691455
[GA][Iter1] Gen:6 Ind:7 RMSE(val)=62.691455
[GA][Iter1] Gen:6 Ind:8 RMSE(val)=62.696588
[GA][Iter1] Gen:6 Ind:9 RMSE(val)=62.712094
[GA][Iter1] Gen:6 Ind:10 RMSE(val)=62.715231
[GA][Iter1] Gen:6 Ind:11 RMSE(val)=62.741408
[GA][Iter1] Gen:6 Ind:12 RMSE(val)=62.954047
[GA][Iter1] Gen:6 Ind:13 RMSE(val)=62.616284
[GA][Iter1] Gen:6 Ind:14 RMSE(val)=62.681684
[GA][Iter1] Gen:6 Ind:15 RMSE(val)=63.465756
[GA][Iter1] Gen:6 Ind:16 RMSE(val)=62.691455
[GA][Iter1] Gen:6 Ind:17 RMSE(val)=62.887503
[GA][Iter1] Gen:6 Ind:18 RMSE(val)=62.691455
[GA][Iter1] Gen:6 Ind:19 RMSE(val)=62.691455
[GA][Iter1] Gen:6 Ind:20 RMSE(val)=62.489778
[GA][Iter1] gen=6 best_val_rmse=62.489778
[GA][Iter1] Gen:7 Ind:1 RMSE(val)=62.489778
[GA][Iter1] Gen:7 Ind:2 RMSE(val)=62.489778
[GA][Iter1] Gen:7 Ind:3 RMSE(val)=62.616284
[GA][Iter1] Gen:7 Ind:4 RMSE(val)=62.638676
[GA][Iter1] Gen:7 Ind:5 RMSE(val)=62.638676
[GA][Iter1] Gen:7 Ind:6 RMSE(val)=62.681684
[GA][Iter1] Gen:7 Ind:7 RMSE(val)=62.681684
[GA][Iter1] Gen:7 Ind:8 RMSE(val)=62.681684
[GA][Iter1] Gen:7 Ind:9 RMSE(val)=62.691455
[GA][Iter1] Gen:7 Ind:10 RMSE(val)=62.691455
[GA][Iter1] Gen:7 Ind:11 RMSE(val)=62.886359
[GA][Iter1] Gen:7 Ind:12 RMSE(val)=62.549621
[GA][Iter1] Gen:7 Ind:13 RMSE(val)=62.721995
[GA][Iter1] Gen:7 Ind:14 RMSE(val)=62.489778
[GA][Iter1] Gen:7 Ind:15 RMSE(val)=65.408568
[GA][Iter1] Gen:7 Ind:16 RMSE(val)=62.896233
[GA][Iter1] Gen:7 Ind:17 RMSE(val)=62.638676
[GA][Iter1] Gen:7 Ind:18 RMSE(val)=62.669433
[GA][Iter1] Gen:7 Ind:19 RMSE(val)=62.638676
[GA][Iter1] Gen:7 Ind:20 RMSE(val)=63.520778
[GA][Iter1] gen=7 best_val_rmse=62.489778
[GA][Iter1] Gen:8 Ind:1 RMSE(val)=62.489778
[GA][Iter1] Gen:8 Ind:2 RMSE(val)=62.489778
[GA][Iter1] Gen:8 Ind:3 RMSE(val)=62.489778
[GA][Iter1] Gen:8 Ind:4 RMSE(val)=62.549621
[GA][Iter1] Gen:8 Ind:5 RMSE(val)=62.616284
[GA][Iter1] Gen:8 Ind:6 RMSE(val)=62.638676
[GA][Iter1] Gen:8 Ind:7 RMSE(val)=62.638676
[GA][Iter1] Gen:8 Ind:8 RMSE(val)=62.638676
[GA][Iter1] Gen:8 Ind:9 RMSE(val)=62.638676
[GA][Iter1] Gen:8 Ind:10 RMSE(val)=62.669433
[GA][Iter1] Gen:8 Ind:11 RMSE(val)=62.638676
[GA][Iter1] Gen:8 Ind:12 RMSE(val)=62.489778
[GA][Iter1] Gen:8 Ind:13 RMSE(val)=63.465756
[GA][Iter1] Gen:8 Ind:14 RMSE(val)=62.721995
[GA][Iter1] Gen:8 Ind:15 RMSE(val)=62.638676
[GA][Iter1] Gen:8 Ind:16 RMSE(val)=62.685778
[GA][Iter1] Gen:8 Ind:17 RMSE(val)=62.351413
[GA][Iter1] Gen:8 Ind:18 RMSE(val)=62.638676
[GA][Iter1] Gen:8 Ind:19 RMSE(val)=62.638676
[GA][Iter1] Gen:8 Ind:20 RMSE(val)=62.669433
[GA][Iter1] gen=8 best_val_rmse=62.351413
[GA][Iter1] Gen:9 Ind:1 RMSE(val)=62.351413
[GA][Iter1] Gen:9 Ind:2 RMSE(val)=62.489778
[GA][Iter1] Gen:9 Ind:3 RMSE(val)=62.489778
[GA][Iter1] Gen:9 Ind:4 RMSE(val)=62.489778
[GA][Iter1] Gen:9 Ind:5 RMSE(val)=62.489778
[GA][Iter1] Gen:9 Ind:6 RMSE(val)=62.549621
[GA][Iter1] Gen:9 Ind:7 RMSE(val)=62.616284
[GA][Iter1] Gen:9 Ind:8 RMSE(val)=62.638676
[GA][Iter1] Gen:9 Ind:9 RMSE(val)=62.638676
[GA][Iter1] Gen:9 Ind:10 RMSE(val)=62.638676
[GA][Iter1] Gen:9 Ind:11 RMSE(val)=62.588280
[GA][Iter1] Gen:9 Ind:12 RMSE(val)=63.465756
[GA][Iter1] Gen:9 Ind:13 RMSE(val)=62.489778
[GA][Iter1] Gen:9 Ind:14 RMSE(val)=62.549621
[GA][Iter1] Gen:9 Ind:15 RMSE(val)=62.489778
[GA][Iter1] Gen:9 Ind:16 RMSE(val)=62.628870
[GA][Iter1] Gen:9 Ind:17 RMSE(val)=62.489778
[GA][Iter1] Gen:9 Ind:18 RMSE(val)=62.772565
[GA][Iter1] Gen:9 Ind:19 RMSE(val)=62.616284
[GA][Iter1] Gen:9 Ind:20 RMSE(val)=62.489778
[GA][Iter1] gen=9 best_val_rmse=62.351413
[GA][Iter1] Gen:10 Ind:1 RMSE(val)=62.351413
[GA][Iter1] Gen:10 Ind:2 RMSE(val)=62.489778
[GA][Iter1] Gen:10 Ind:3 RMSE(val)=62.489778
[GA][Iter1] Gen:10 Ind:4 RMSE(val)=62.489778
[GA][Iter1] Gen:10 Ind:5 RMSE(val)=62.489778
[GA][Iter1] Gen:10 Ind:6 RMSE(val)=62.489778
[GA][Iter1] Gen:10 Ind:7 RMSE(val)=62.489778
[GA][Iter1] Gen:10 Ind:8 RMSE(val)=62.489778
[GA][Iter1] Gen:10 Ind:9 RMSE(val)=62.489778
[GA][Iter1] Gen:10 Ind:10 RMSE(val)=62.549621
[GA][Iter1] Gen:10 Ind:11 RMSE(val)=62.415958
[GA][Iter1] Gen:10 Ind:12 RMSE(val)=62.489778
[GA][Iter1] Gen:10 Ind:13 RMSE(val)=62.489778
[GA][Iter1] Gen:10 Ind:14 RMSE(val)=62.489778
[GA][Iter1] Gen:10 Ind:15 RMSE(val)=62.489778
[GA][Iter1] Gen:10 Ind:16 RMSE(val)=62.489778
[GA][Iter1] Gen:10 Ind:17 RMSE(val)=62.489778
[GA][Iter1] Gen:10 Ind:18 RMSE(val)=62.489778
[GA][Iter1] Gen:10 Ind:19 RMSE(val)=62.489778
[GA][Iter1] Gen:10 Ind:20 RMSE(val)=62.670774
[GA][Iter1] gen=10 best_val_rmse=62.351413
[GA][Iter1] Gen:11 Ind:1 RMSE(val)=62.351413
[GA][Iter1] Gen:11 Ind:2 RMSE(val)=62.415958
[GA][Iter1] Gen:11 Ind:3 RMSE(val)=62.489778
[GA][Iter1] Gen:11 Ind:4 RMSE(val)=62.489778
[GA][Iter1] Gen:11 Ind:5 RMSE(val)=62.489778
[GA][Iter1] Gen:11 Ind:6 RMSE(val)=62.489778
[GA][Iter1] Gen:11 Ind:7 RMSE(val)=62.489778
[GA][Iter1] Gen:11 Ind:8 RMSE(val)=62.489778
[GA][Iter1] Gen:11 Ind:9 RMSE(val)=62.489778
[GA][Iter1] Gen:11 Ind:10 RMSE(val)=62.489778
[GA][Iter1] Gen:11 Ind:11 RMSE(val)=62.489778
[GA][Iter1] Gen:11 Ind:12 RMSE(val)=62.489778
[GA][Iter1] Gen:11 Ind:13 RMSE(val)=62.415958
[GA][Iter1] Gen:11 Ind:14 RMSE(val)=62.489778
[GA][Iter1] Gen:11 Ind:15 RMSE(val)=62.489778
[GA][Iter1] Gen:11 Ind:16 RMSE(val)=62.489778
[GA][Iter1] Gen:11 Ind:17 RMSE(val)=62.489778
[GA][Iter1] Gen:11 Ind:18 RMSE(val)=62.599364
[GA][Iter1] Gen:11 Ind:19 RMSE(val)=62.489778
[GA][Iter1] Gen:11 Ind:20 RMSE(val)=62.507051
[GA][Iter1] gen=11 best_val_rmse=62.351413
[GA][Iter1] Gen:12 Ind:1 RMSE(val)=62.351413
[GA][Iter1] Gen:12 Ind:2 RMSE(val)=62.415958
[GA][Iter1] Gen:12 Ind:3 RMSE(val)=62.415958
[GA][Iter1] Gen:12 Ind:4 RMSE(val)=62.489778
[GA][Iter1] Gen:12 Ind:5 RMSE(val)=62.489778
[GA][Iter1] Gen:12 Ind:6 RMSE(val)=62.489778
[GA][Iter1] Gen:12 Ind:7 RMSE(val)=62.489778
[GA][Iter1] Gen:12 Ind:8 RMSE(val)=62.489778
[GA][Iter1] Gen:12 Ind:9 RMSE(val)=62.489778
[GA][Iter1] Gen:12 Ind:10 RMSE(val)=62.489778
[GA][Iter1] Gen:12 Ind:11 RMSE(val)=62.415958
[GA][Iter1] Gen:12 Ind:12 RMSE(val)=62.252242
[GA][Iter1] Gen:12 Ind:13 RMSE(val)=62.568606
[GA][Iter1] Gen:12 Ind:14 RMSE(val)=64.748349
[GA][Iter1] Gen:12 Ind:15 RMSE(val)=62.415958
[GA][Iter1] Gen:12 Ind:16 RMSE(val)=62.489778
[GA][Iter1] Gen:12 Ind:17 RMSE(val)=62.489778
[GA][Iter1] Gen:12 Ind:18 RMSE(val)=62.489778
[GA][Iter1] Gen:12 Ind:19 RMSE(val)=62.489778
[GA][Iter1] Gen:12 Ind:20 RMSE(val)=62.489778
[GA][Iter1] gen=12 best_val_rmse=62.252242
[GA][Iter1] Gen:13 Ind:1 RMSE(val)=62.252242
[GA][Iter1] Gen:13 Ind:2 RMSE(val)=62.351413
[GA][Iter1] Gen:13 Ind:3 RMSE(val)=62.415958
[GA][Iter1] Gen:13 Ind:4 RMSE(val)=62.415958
[GA][Iter1] Gen:13 Ind:5 RMSE(val)=62.415958
[GA][Iter1] Gen:13 Ind:6 RMSE(val)=62.415958
[GA][Iter1] Gen:13 Ind:7 RMSE(val)=62.489778
[GA][Iter1] Gen:13 Ind:8 RMSE(val)=62.489778
[GA][Iter1] Gen:13 Ind:9 RMSE(val)=62.489778
[GA][Iter1] Gen:13 Ind:10 RMSE(val)=62.489778
[GA][Iter1] Gen:13 Ind:11 RMSE(val)=62.314281
[GA][Iter1] Gen:13 Ind:12 RMSE(val)=62.392688
[GA][Iter1] Gen:13 Ind:13 RMSE(val)=62.865224
[GA][Iter1] Gen:13 Ind:14 RMSE(val)=62.489778
[GA][Iter1] Gen:13 Ind:15 RMSE(val)=62.489778
[GA][Iter1] Gen:13 Ind:16 RMSE(val)=62.489778
[GA][Iter1] Gen:13 Ind:17 RMSE(val)=62.489778
[GA][Iter1] Gen:13 Ind:18 RMSE(val)=62.363227
[GA][Iter1] Gen:13 Ind:19 RMSE(val)=62.415958
[GA][Iter1] Gen:13 Ind:20 RMSE(val)=62.415958
[GA][Iter1] gen=13 best_val_rmse=62.252242
[GA][Iter1] Gen:14 Ind:1 RMSE(val)=62.252242
[GA][Iter1] Gen:14 Ind:2 RMSE(val)=62.314281
[GA][Iter1] Gen:14 Ind:3 RMSE(val)=62.351413
[GA][Iter1] Gen:14 Ind:4 RMSE(val)=62.363227
[GA][Iter1] Gen:14 Ind:5 RMSE(val)=62.392688
[GA][Iter1] Gen:14 Ind:6 RMSE(val)=62.415958
[GA][Iter1] Gen:14 Ind:7 RMSE(val)=62.415958
[GA][Iter1] Gen:14 Ind:8 RMSE(val)=62.415958
[GA][Iter1] Gen:14 Ind:9 RMSE(val)=62.415958
[GA][Iter1] Gen:14 Ind:10 RMSE(val)=62.415958
[GA][Iter1] Gen:14 Ind:11 RMSE(val)=62.415958
[GA][Iter1] Gen:14 Ind:12 RMSE(val)=62.415958
[GA][Iter1] Gen:14 Ind:13 RMSE(val)=62.489778
[GA][Iter1] Gen:14 Ind:14 RMSE(val)=62.392688
[GA][Iter1] Gen:14 Ind:15 RMSE(val)=62.415958
[GA][Iter1] Gen:14 Ind:16 RMSE(val)=62.568606
[GA][Iter1] Gen:14 Ind:17 RMSE(val)=62.404099
[GA][Iter1] Gen:14 Ind:18 RMSE(val)=62.363227
[GA][Iter1] Gen:14 Ind:19 RMSE(val)=62.392688
[GA][Iter1] Gen:14 Ind:20 RMSE(val)=62.314281
[GA][Iter1] gen=14 best_val_rmse=62.252242
[GA][Iter1] Gen:15 Ind:1 RMSE(val)=62.252242
[GA][Iter1] Gen:15 Ind:2 RMSE(val)=62.314281
[GA][Iter1] Gen:15 Ind:3 RMSE(val)=62.314281
[GA][Iter1] Gen:15 Ind:4 RMSE(val)=62.351413
[GA][Iter1] Gen:15 Ind:5 RMSE(val)=62.363227
[GA][Iter1] Gen:15 Ind:6 RMSE(val)=62.363227
[GA][Iter1] Gen:15 Ind:7 RMSE(val)=62.392688
[GA][Iter1] Gen:15 Ind:8 RMSE(val)=62.392688
[GA][Iter1] Gen:15 Ind:9 RMSE(val)=62.392688
[GA][Iter1] Gen:15 Ind:10 RMSE(val)=62.404099
[GA][Iter1] Gen:15 Ind:11 RMSE(val)=62.563182
[GA][Iter1] Gen:15 Ind:12 RMSE(val)=62.314281
[GA][Iter1] Gen:15 Ind:13 RMSE(val)=62.363227
[GA][Iter1] Gen:15 Ind:14 RMSE(val)=61.804294
[GA][Iter1] Gen:15 Ind:15 RMSE(val)=62.351413
[GA][Iter1] Gen:15 Ind:16 RMSE(val)=62.351413
[GA][Iter1] Gen:15 Ind:17 RMSE(val)=62.392688
[GA][Iter1] Gen:15 Ind:18 RMSE(val)=62.099017
[GA][Iter1] Gen:15 Ind:19 RMSE(val)=62.351413
[GA][Iter1] Gen:15 Ind:20 RMSE(val)=62.252242
[GA][Iter1] gen=15 best_val_rmse=61.804294
[GA][Iter1] Gen:15 Ind:1 RMSE(val)=61.804294
[GA][Iter1] Gen:15 Ind:2 RMSE(val)=62.099017
[GA][Iter1] Gen:15 Ind:3 RMSE(val)=62.252242
[GA][Iter1] Gen:15 Ind:4 RMSE(val)=62.252242
[GA][Iter1] Gen:15 Ind:5 RMSE(val)=62.314281
[GA][Iter1] Gen:15 Ind:6 RMSE(val)=62.314281
[GA][Iter1] Gen:15 Ind:7 RMSE(val)=62.314281
[GA][Iter1] Gen:15 Ind:8 RMSE(val)=62.351413
[GA][Iter1] Gen:15 Ind:9 RMSE(val)=62.351413
[GA][Iter1] Gen:15 Ind:10 RMSE(val)=62.351413
[GA][Iter1] Gen:15 Ind:11 RMSE(val)=62.351413
[GA][Iter1] Gen:15 Ind:12 RMSE(val)=62.272193
[GA][Iter1] Gen:15 Ind:13 RMSE(val)=62.633064
[GA][Iter1] Gen:15 Ind:14 RMSE(val)=62.351413
[GA][Iter1] Gen:15 Ind:15 RMSE(val)=64.622030
[GA][Iter1] Gen:15 Ind:16 RMSE(val)=61.804294
[GA][Iter1] Gen:15 Ind:17 RMSE(val)=62.351413
[GA][Iter1] Gen:15 Ind:18 RMSE(val)=62.002068
[GA][Iter1] Gen:15 Ind:19 RMSE(val)=62.314281
[GA][Iter1] Gen:15 Ind:20 RMSE(val)=62.439637

[GA DONE][Iter1] Best params on val fold of Iter1
Best val RMSE: 61.804294
Best params: {'n_estimators': 852, 'learning_rate': 0.0036092631279637795, 'max_depth': 5, 'min_samples_split': 13, 'min_samples_leaf': 15, 'subsample': 0.8357062735503635, 'max_features': None}
--------------------------------------------------------------------------------
[RETUNE GA] Iter1: train folds 1..5 -> test fold 6  RMSE=72.802341  NRMSE=1.033187  CVRMSE=0.072874  R2=-0.079889
[GA][Iter2] Gen:1 Ind:1 RMSE(val)=74.118597
[GA][Iter2] Gen:1 Ind:2 RMSE(val)=77.372666
[GA][Iter2] Gen:1 Ind:3 RMSE(val)=73.972409
[GA][Iter2] Gen:1 Ind:4 RMSE(val)=78.068945
[GA][Iter2] Gen:1 Ind:5 RMSE(val)=78.027263
[GA][Iter2] Gen:1 Ind:6 RMSE(val)=72.307986
[GA][Iter2] Gen:1 Ind:7 RMSE(val)=71.951279
[GA][Iter2] Gen:1 Ind:8 RMSE(val)=77.244495
[GA][Iter2] Gen:1 Ind:9 RMSE(val)=72.767298
[GA][Iter2] Gen:1 Ind:10 RMSE(val)=72.860562
[GA][Iter2] Gen:1 Ind:11 RMSE(val)=76.562651
[GA][Iter2] Gen:1 Ind:12 RMSE(val)=71.576997
[GA][Iter2] Gen:1 Ind:13 RMSE(val)=76.584787
[GA][Iter2] Gen:1 Ind:14 RMSE(val)=71.634481
[GA][Iter2] Gen:1 Ind:15 RMSE(val)=77.062977
[GA][Iter2] Gen:1 Ind:16 RMSE(val)=76.625227
[GA][Iter2] Gen:1 Ind:17 RMSE(val)=76.331717
[GA][Iter2] Gen:1 Ind:18 RMSE(val)=72.672543
[GA][Iter2] Gen:1 Ind:19 RMSE(val)=81.541233
[GA][Iter2] Gen:1 Ind:20 RMSE(val)=77.242688
[GA][Iter2] gen=1 best_val_rmse=71.576997
[GA][Iter2] Gen:2 Ind:1 RMSE(val)=71.576997
[GA][Iter2] Gen:2 Ind:2 RMSE(val)=71.634481
[GA][Iter2] Gen:2 Ind:3 RMSE(val)=71.951279
[GA][Iter2] Gen:2 Ind:4 RMSE(val)=72.307986
[GA][Iter2] Gen:2 Ind:5 RMSE(val)=72.672543
[GA][Iter2] Gen:2 Ind:6 RMSE(val)=72.767298
[GA][Iter2] Gen:2 Ind:7 RMSE(val)=72.860562
[GA][Iter2] Gen:2 Ind:8 RMSE(val)=73.972409
[GA][Iter2] Gen:2 Ind:9 RMSE(val)=74.118597
[GA][Iter2] Gen:2 Ind:10 RMSE(val)=76.331717
[GA][Iter2] Gen:2 Ind:11 RMSE(val)=74.568745
[GA][Iter2] Gen:2 Ind:12 RMSE(val)=73.106410
[GA][Iter2] Gen:2 Ind:13 RMSE(val)=71.290666
[GA][Iter2] Gen:2 Ind:14 RMSE(val)=78.420086
[GA][Iter2] Gen:2 Ind:15 RMSE(val)=72.246368
[GA][Iter2] Gen:2 Ind:16 RMSE(val)=75.078052
[GA][Iter2] Gen:2 Ind:17 RMSE(val)=75.774293
[GA][Iter2] Gen:2 Ind:18 RMSE(val)=71.267264
[GA][Iter2] Gen:2 Ind:19 RMSE(val)=75.119379
[GA][Iter2] Gen:2 Ind:20 RMSE(val)=72.307986
[GA][Iter2] gen=2 best_val_rmse=71.267264
[GA][Iter2] Gen:3 Ind:1 RMSE(val)=71.267264
[GA][Iter2] Gen:3 Ind:2 RMSE(val)=71.290666
[GA][Iter2] Gen:3 Ind:3 RMSE(val)=71.576997
[GA][Iter2] Gen:3 Ind:4 RMSE(val)=71.634481
[GA][Iter2] Gen:3 Ind:5 RMSE(val)=71.951279
[GA][Iter2] Gen:3 Ind:6 RMSE(val)=72.246368
[GA][Iter2] Gen:3 Ind:7 RMSE(val)=72.307986
[GA][Iter2] Gen:3 Ind:8 RMSE(val)=72.307986
[GA][Iter2] Gen:3 Ind:9 RMSE(val)=72.672543
[GA][Iter2] Gen:3 Ind:10 RMSE(val)=72.767298
[GA][Iter2] Gen:3 Ind:11 RMSE(val)=75.439542
[GA][Iter2] Gen:3 Ind:12 RMSE(val)=73.772334
[GA][Iter2] Gen:3 Ind:13 RMSE(val)=71.523522
[GA][Iter2] Gen:3 Ind:14 RMSE(val)=72.024084
[GA][Iter2] Gen:3 Ind:15 RMSE(val)=71.236200
[GA][Iter2] Gen:3 Ind:16 RMSE(val)=71.868029
[GA][Iter2] Gen:3 Ind:17 RMSE(val)=71.770529
[GA][Iter2] Gen:3 Ind:18 RMSE(val)=71.297482
[GA][Iter2] Gen:3 Ind:19 RMSE(val)=71.919673
[GA][Iter2] Gen:3 Ind:20 RMSE(val)=73.205115
[GA][Iter2] gen=3 best_val_rmse=71.236200
[GA][Iter2] Gen:4 Ind:1 RMSE(val)=71.236200
[GA][Iter2] Gen:4 Ind:2 RMSE(val)=71.267264
[GA][Iter2] Gen:4 Ind:3 RMSE(val)=71.290666
[GA][Iter2] Gen:4 Ind:4 RMSE(val)=71.297482
[GA][Iter2] Gen:4 Ind:5 RMSE(val)=71.523522
[GA][Iter2] Gen:4 Ind:6 RMSE(val)=71.576997
[GA][Iter2] Gen:4 Ind:7 RMSE(val)=71.634481
[GA][Iter2] Gen:4 Ind:8 RMSE(val)=71.770529
[GA][Iter2] Gen:4 Ind:9 RMSE(val)=71.868029
[GA][Iter2] Gen:4 Ind:10 RMSE(val)=71.919673
[GA][Iter2] Gen:4 Ind:11 RMSE(val)=72.106763
[GA][Iter2] Gen:4 Ind:12 RMSE(val)=70.970760
[GA][Iter2] Gen:4 Ind:13 RMSE(val)=74.248191
[GA][Iter2] Gen:4 Ind:14 RMSE(val)=71.938310
[GA][Iter2] Gen:4 Ind:15 RMSE(val)=71.387855
[GA][Iter2] Gen:4 Ind:16 RMSE(val)=71.236200
[GA][Iter2] Gen:4 Ind:17 RMSE(val)=71.919673
[GA][Iter2] Gen:4 Ind:18 RMSE(val)=72.090280
[GA][Iter2] Gen:4 Ind:19 RMSE(val)=71.480874
[GA][Iter2] Gen:4 Ind:20 RMSE(val)=70.986321
[GA][Iter2] gen=4 best_val_rmse=70.970760
[GA][Iter2] Gen:5 Ind:1 RMSE(val)=70.970760
[GA][Iter2] Gen:5 Ind:2 RMSE(val)=70.986321
[GA][Iter2] Gen:5 Ind:3 RMSE(val)=71.236200
[GA][Iter2] Gen:5 Ind:4 RMSE(val)=71.236200
[GA][Iter2] Gen:5 Ind:5 RMSE(val)=71.267264
[GA][Iter2] Gen:5 Ind:6 RMSE(val)=71.290666
[GA][Iter2] Gen:5 Ind:7 RMSE(val)=71.297482
[GA][Iter2] Gen:5 Ind:8 RMSE(val)=71.387855
[GA][Iter2] Gen:5 Ind:9 RMSE(val)=71.480874
[GA][Iter2] Gen:5 Ind:10 RMSE(val)=71.523522
[GA][Iter2] Gen:5 Ind:11 RMSE(val)=73.656076
[GA][Iter2] Gen:5 Ind:12 RMSE(val)=72.323641
[GA][Iter2] Gen:5 Ind:13 RMSE(val)=71.523522
[GA][Iter2] Gen:5 Ind:14 RMSE(val)=71.236200
[GA][Iter2] Gen:5 Ind:15 RMSE(val)=71.267264
[GA][Iter2] Gen:5 Ind:16 RMSE(val)=71.373703
[GA][Iter2] Gen:5 Ind:17 RMSE(val)=71.602858
[GA][Iter2] Gen:5 Ind:18 RMSE(val)=71.839090
[GA][Iter2] Gen:5 Ind:19 RMSE(val)=70.824255
[GA][Iter2] Gen:5 Ind:20 RMSE(val)=71.089710
[GA][Iter2] gen=5 best_val_rmse=70.824255
[GA][Iter2] Gen:6 Ind:1 RMSE(val)=70.824255
[GA][Iter2] Gen:6 Ind:2 RMSE(val)=70.970760
[GA][Iter2] Gen:6 Ind:3 RMSE(val)=70.986321
[GA][Iter2] Gen:6 Ind:4 RMSE(val)=71.089710
[GA][Iter2] Gen:6 Ind:5 RMSE(val)=71.236200
[GA][Iter2] Gen:6 Ind:6 RMSE(val)=71.236200
[GA][Iter2] Gen:6 Ind:7 RMSE(val)=71.236200
[GA][Iter2] Gen:6 Ind:8 RMSE(val)=71.267264
[GA][Iter2] Gen:6 Ind:9 RMSE(val)=71.267264
[GA][Iter2] Gen:6 Ind:10 RMSE(val)=71.290666
[GA][Iter2] Gen:6 Ind:11 RMSE(val)=71.026344
[GA][Iter2] Gen:6 Ind:12 RMSE(val)=71.169226
[GA][Iter2] Gen:6 Ind:13 RMSE(val)=70.824255
[GA][Iter2] Gen:6 Ind:14 RMSE(val)=70.970760
[GA][Iter2] Gen:6 Ind:15 RMSE(val)=70.970760
[GA][Iter2] Gen:6 Ind:16 RMSE(val)=71.267264
[GA][Iter2] Gen:6 Ind:17 RMSE(val)=71.845146
[GA][Iter2] Gen:6 Ind:18 RMSE(val)=71.236200
[GA][Iter2] Gen:6 Ind:19 RMSE(val)=71.071416
[GA][Iter2] Gen:6 Ind:20 RMSE(val)=70.823349
[GA][Iter2] gen=6 best_val_rmse=70.823349
[GA][Iter2] Gen:7 Ind:1 RMSE(val)=70.823349
[GA][Iter2] Gen:7 Ind:2 RMSE(val)=70.824255
[GA][Iter2] Gen:7 Ind:3 RMSE(val)=70.824255
[GA][Iter2] Gen:7 Ind:4 RMSE(val)=70.970760
[GA][Iter2] Gen:7 Ind:5 RMSE(val)=70.970760
[GA][Iter2] Gen:7 Ind:6 RMSE(val)=70.970760
[GA][Iter2] Gen:7 Ind:7 RMSE(val)=70.986321
[GA][Iter2] Gen:7 Ind:8 RMSE(val)=71.026344
[GA][Iter2] Gen:7 Ind:9 RMSE(val)=71.071416
[GA][Iter2] Gen:7 Ind:10 RMSE(val)=71.089710
[GA][Iter2] Gen:7 Ind:11 RMSE(val)=71.236200
[GA][Iter2] Gen:7 Ind:12 RMSE(val)=71.251936
[GA][Iter2] Gen:7 Ind:13 RMSE(val)=71.267264
[GA][Iter2] Gen:7 Ind:14 RMSE(val)=70.823349
[GA][Iter2] Gen:7 Ind:15 RMSE(val)=70.957537
[GA][Iter2] Gen:7 Ind:16 RMSE(val)=70.970760
[GA][Iter2] Gen:7 Ind:17 RMSE(val)=70.970760
[GA][Iter2] Gen:7 Ind:18 RMSE(val)=71.080575
[GA][Iter2] Gen:7 Ind:19 RMSE(val)=70.970760
[GA][Iter2] Gen:7 Ind:20 RMSE(val)=71.332813
[GA][Iter2] gen=7 best_val_rmse=70.823349
[GA][Iter2] Gen:8 Ind:1 RMSE(val)=70.823349
[GA][Iter2] Gen:8 Ind:2 RMSE(val)=70.823349
[GA][Iter2] Gen:8 Ind:3 RMSE(val)=70.824255
[GA][Iter2] Gen:8 Ind:4 RMSE(val)=70.824255
[GA][Iter2] Gen:8 Ind:5 RMSE(val)=70.957537
[GA][Iter2] Gen:8 Ind:6 RMSE(val)=70.970760
[GA][Iter2] Gen:8 Ind:7 RMSE(val)=70.970760
[GA][Iter2] Gen:8 Ind:8 RMSE(val)=70.970760
[GA][Iter2] Gen:8 Ind:9 RMSE(val)=70.970760
[GA][Iter2] Gen:8 Ind:10 RMSE(val)=70.970760
[GA][Iter2] Gen:8 Ind:11 RMSE(val)=70.970760
[GA][Iter2] Gen:8 Ind:12 RMSE(val)=70.961515
[GA][Iter2] Gen:8 Ind:13 RMSE(val)=71.017498
[GA][Iter2] Gen:8 Ind:14 RMSE(val)=71.342134
[GA][Iter2] Gen:8 Ind:15 RMSE(val)=70.970760
[GA][Iter2] Gen:8 Ind:16 RMSE(val)=70.995129
[GA][Iter2] Gen:8 Ind:17 RMSE(val)=70.824255
[GA][Iter2] Gen:8 Ind:18 RMSE(val)=71.040940
[GA][Iter2] Gen:8 Ind:19 RMSE(val)=70.970760
[GA][Iter2] Gen:8 Ind:20 RMSE(val)=71.152492
[GA][Iter2] gen=8 best_val_rmse=70.823349
[GA][Iter2] Gen:9 Ind:1 RMSE(val)=70.823349
[GA][Iter2] Gen:9 Ind:2 RMSE(val)=70.823349
[GA][Iter2] Gen:9 Ind:3 RMSE(val)=70.824255
[GA][Iter2] Gen:9 Ind:4 RMSE(val)=70.824255
[GA][Iter2] Gen:9 Ind:5 RMSE(val)=70.824255
[GA][Iter2] Gen:9 Ind:6 RMSE(val)=70.957537
[GA][Iter2] Gen:9 Ind:7 RMSE(val)=70.961515
[GA][Iter2] Gen:9 Ind:8 RMSE(val)=70.970760
[GA][Iter2] Gen:9 Ind:9 RMSE(val)=70.970760
[GA][Iter2] Gen:9 Ind:10 RMSE(val)=70.970760
[GA][Iter2] Gen:9 Ind:11 RMSE(val)=71.090553
[GA][Iter2] Gen:9 Ind:12 RMSE(val)=71.040940
[GA][Iter2] Gen:9 Ind:13 RMSE(val)=70.823349
[GA][Iter2] Gen:9 Ind:14 RMSE(val)=71.068874
[GA][Iter2] Gen:9 Ind:15 RMSE(val)=70.824255
[GA][Iter2] Gen:9 Ind:16 RMSE(val)=70.955200
[GA][Iter2] Gen:9 Ind:17 RMSE(val)=70.992762
[GA][Iter2] Gen:9 Ind:18 RMSE(val)=70.846958
[GA][Iter2] Gen:9 Ind:19 RMSE(val)=70.823349
[GA][Iter2] Gen:9 Ind:20 RMSE(val)=70.823349
[GA][Iter2] gen=9 best_val_rmse=70.823349
[GA][Iter2] Gen:10 Ind:1 RMSE(val)=70.823349
[GA][Iter2] Gen:10 Ind:2 RMSE(val)=70.823349
[GA][Iter2] Gen:10 Ind:3 RMSE(val)=70.823349
[GA][Iter2] Gen:10 Ind:4 RMSE(val)=70.823349
[GA][Iter2] Gen:10 Ind:5 RMSE(val)=70.823349
[GA][Iter2] Gen:10 Ind:6 RMSE(val)=70.824255
[GA][Iter2] Gen:10 Ind:7 RMSE(val)=70.824255
[GA][Iter2] Gen:10 Ind:8 RMSE(val)=70.824255
[GA][Iter2] Gen:10 Ind:9 RMSE(val)=70.824255
[GA][Iter2] Gen:10 Ind:10 RMSE(val)=70.846958
[GA][Iter2] Gen:10 Ind:11 RMSE(val)=70.816700
[GA][Iter2] Gen:10 Ind:12 RMSE(val)=70.823349
[GA][Iter2] Gen:10 Ind:13 RMSE(val)=70.824255
[GA][Iter2] Gen:10 Ind:14 RMSE(val)=70.824255
[GA][Iter2] Gen:10 Ind:15 RMSE(val)=70.823349
[GA][Iter2] Gen:10 Ind:16 RMSE(val)=70.823349
[GA][Iter2] Gen:10 Ind:17 RMSE(val)=70.823349
[GA][Iter2] Gen:10 Ind:18 RMSE(val)=70.824255
[GA][Iter2] Gen:10 Ind:19 RMSE(val)=70.824255
[GA][Iter2] Gen:10 Ind:20 RMSE(val)=70.844712
[GA][Iter2] gen=10 best_val_rmse=70.816700
[GA][Iter2] Gen:11 Ind:1 RMSE(val)=70.816700
[GA][Iter2] Gen:11 Ind:2 RMSE(val)=70.823349
[GA][Iter2] Gen:11 Ind:3 RMSE(val)=70.823349
[GA][Iter2] Gen:11 Ind:4 RMSE(val)=70.823349
[GA][Iter2] Gen:11 Ind:5 RMSE(val)=70.823349
[GA][Iter2] Gen:11 Ind:6 RMSE(val)=70.823349
[GA][Iter2] Gen:11 Ind:7 RMSE(val)=70.823349
[GA][Iter2] Gen:11 Ind:8 RMSE(val)=70.823349
[GA][Iter2] Gen:11 Ind:9 RMSE(val)=70.823349
[GA][Iter2] Gen:11 Ind:10 RMSE(val)=70.823349
[GA][Iter2] Gen:11 Ind:11 RMSE(val)=70.816700
[GA][Iter2] Gen:11 Ind:12 RMSE(val)=70.823349
[GA][Iter2] Gen:11 Ind:13 RMSE(val)=70.823349
[GA][Iter2] Gen:11 Ind:14 RMSE(val)=70.823349
[GA][Iter2] Gen:11 Ind:15 RMSE(val)=70.823349
[GA][Iter2] Gen:11 Ind:16 RMSE(val)=70.823349
[GA][Iter2] Gen:11 Ind:17 RMSE(val)=70.823349
[GA][Iter2] Gen:11 Ind:18 RMSE(val)=70.813119
[GA][Iter2] Gen:11 Ind:19 RMSE(val)=70.823349
[GA][Iter2] Gen:11 Ind:20 RMSE(val)=70.802605
[GA][Iter2] gen=11 best_val_rmse=70.802605
[GA][Iter2] Gen:12 Ind:1 RMSE(val)=70.802605
[GA][Iter2] Gen:12 Ind:2 RMSE(val)=70.813119
[GA][Iter2] Gen:12 Ind:3 RMSE(val)=70.816700
[GA][Iter2] Gen:12 Ind:4 RMSE(val)=70.816700
[GA][Iter2] Gen:12 Ind:5 RMSE(val)=70.823349
[GA][Iter2] Gen:12 Ind:6 RMSE(val)=70.823349
[GA][Iter2] Gen:12 Ind:7 RMSE(val)=70.823349
[GA][Iter2] Gen:12 Ind:8 RMSE(val)=70.823349
[GA][Iter2] Gen:12 Ind:9 RMSE(val)=70.823349
[GA][Iter2] Gen:12 Ind:10 RMSE(val)=70.823349
[GA][Iter2] Gen:12 Ind:11 RMSE(val)=70.823349
[GA][Iter2] Gen:12 Ind:12 RMSE(val)=70.578657
[GA][Iter2] Gen:12 Ind:13 RMSE(val)=70.906196
[GA][Iter2] Gen:12 Ind:14 RMSE(val)=70.185810
[GA][Iter2] Gen:12 Ind:15 RMSE(val)=70.963171
[GA][Iter2] Gen:12 Ind:16 RMSE(val)=70.823349
[GA][Iter2] Gen:12 Ind:17 RMSE(val)=70.823349
[GA][Iter2] Gen:12 Ind:18 RMSE(val)=70.813119
[GA][Iter2] Gen:12 Ind:19 RMSE(val)=72.709419
[GA][Iter2] Gen:12 Ind:20 RMSE(val)=70.816700
[GA][Iter2] gen=12 best_val_rmse=70.185810
[GA][Iter2] Gen:13 Ind:1 RMSE(val)=70.185810
[GA][Iter2] Gen:13 Ind:2 RMSE(val)=70.578657
[GA][Iter2] Gen:13 Ind:3 RMSE(val)=70.802605
[GA][Iter2] Gen:13 Ind:4 RMSE(val)=70.813119
[GA][Iter2] Gen:13 Ind:5 RMSE(val)=70.813119
[GA][Iter2] Gen:13 Ind:6 RMSE(val)=70.816700
[GA][Iter2] Gen:13 Ind:7 RMSE(val)=70.816700
[GA][Iter2] Gen:13 Ind:8 RMSE(val)=70.816700
[GA][Iter2] Gen:13 Ind:9 RMSE(val)=70.823349
[GA][Iter2] Gen:13 Ind:10 RMSE(val)=70.823349
[GA][Iter2] Gen:13 Ind:11 RMSE(val)=70.509918
[GA][Iter2] Gen:13 Ind:12 RMSE(val)=70.786506
[GA][Iter2] Gen:13 Ind:13 RMSE(val)=70.861767
[GA][Iter2] Gen:13 Ind:14 RMSE(val)=70.878291
[GA][Iter2] Gen:13 Ind:15 RMSE(val)=70.816700
[GA][Iter2] Gen:13 Ind:16 RMSE(val)=70.185810
[GA][Iter2] Gen:13 Ind:17 RMSE(val)=70.816700
[GA][Iter2] Gen:13 Ind:18 RMSE(val)=70.647667
[GA][Iter2] Gen:13 Ind:19 RMSE(val)=70.823349
[GA][Iter2] Gen:13 Ind:20 RMSE(val)=70.802605
[GA][Iter2] gen=13 best_val_rmse=70.185810
[GA][Iter2] Gen:14 Ind:1 RMSE(val)=70.185810
[GA][Iter2] Gen:14 Ind:2 RMSE(val)=70.185810
[GA][Iter2] Gen:14 Ind:3 RMSE(val)=70.509918
[GA][Iter2] Gen:14 Ind:4 RMSE(val)=70.578657
[GA][Iter2] Gen:14 Ind:5 RMSE(val)=70.647667
[GA][Iter2] Gen:14 Ind:6 RMSE(val)=70.786506
[GA][Iter2] Gen:14 Ind:7 RMSE(val)=70.802605
[GA][Iter2] Gen:14 Ind:8 RMSE(val)=70.802605
[GA][Iter2] Gen:14 Ind:9 RMSE(val)=70.813119
[GA][Iter2] Gen:14 Ind:10 RMSE(val)=70.813119
[GA][Iter2] Gen:14 Ind:11 RMSE(val)=70.578657
[GA][Iter2] Gen:14 Ind:12 RMSE(val)=70.095772
[GA][Iter2] Gen:14 Ind:13 RMSE(val)=70.813119
[GA][Iter2] Gen:14 Ind:14 RMSE(val)=70.844741
[GA][Iter2] Gen:14 Ind:15 RMSE(val)=70.813119
[GA][Iter2] Gen:14 Ind:16 RMSE(val)=70.906196
[GA][Iter2] Gen:14 Ind:17 RMSE(val)=70.080038
[GA][Iter2] Gen:14 Ind:18 RMSE(val)=69.977537
[GA][Iter2] Gen:14 Ind:19 RMSE(val)=70.509918
[GA][Iter2] Gen:14 Ind:20 RMSE(val)=70.823349
[GA][Iter2] gen=14 best_val_rmse=69.977537
[GA][Iter2] Gen:15 Ind:1 RMSE(val)=69.977537
[GA][Iter2] Gen:15 Ind:2 RMSE(val)=70.080038
[GA][Iter2] Gen:15 Ind:3 RMSE(val)=70.095772
[GA][Iter2] Gen:15 Ind:4 RMSE(val)=70.185810
[GA][Iter2] Gen:15 Ind:5 RMSE(val)=70.185810
[GA][Iter2] Gen:15 Ind:6 RMSE(val)=70.509918
[GA][Iter2] Gen:15 Ind:7 RMSE(val)=70.509918
[GA][Iter2] Gen:15 Ind:8 RMSE(val)=70.578657
[GA][Iter2] Gen:15 Ind:9 RMSE(val)=70.578657
[GA][Iter2] Gen:15 Ind:10 RMSE(val)=70.647667
[GA][Iter2] Gen:15 Ind:11 RMSE(val)=70.322518
[GA][Iter2] Gen:15 Ind:12 RMSE(val)=70.805939
[GA][Iter2] Gen:15 Ind:13 RMSE(val)=69.895234
[GA][Iter2] Gen:15 Ind:14 RMSE(val)=69.987881
[GA][Iter2] Gen:15 Ind:15 RMSE(val)=69.977537
[GA][Iter2] Gen:15 Ind:16 RMSE(val)=70.185810
[GA][Iter2] Gen:15 Ind:17 RMSE(val)=70.509918
[GA][Iter2] Gen:15 Ind:18 RMSE(val)=70.823349
[GA][Iter2] Gen:15 Ind:19 RMSE(val)=70.509918
[GA][Iter2] Gen:15 Ind:20 RMSE(val)=69.891698
[GA][Iter2] gen=15 best_val_rmse=69.891698
[GA][Iter2] Gen:15 Ind:1 RMSE(val)=69.891698
[GA][Iter2] Gen:15 Ind:2 RMSE(val)=69.895234
[GA][Iter2] Gen:15 Ind:3 RMSE(val)=69.977537
[GA][Iter2] Gen:15 Ind:4 RMSE(val)=69.977537
[GA][Iter2] Gen:15 Ind:5 RMSE(val)=69.987881
[GA][Iter2] Gen:15 Ind:6 RMSE(val)=70.080038
[GA][Iter2] Gen:15 Ind:7 RMSE(val)=70.095772
[GA][Iter2] Gen:15 Ind:8 RMSE(val)=70.185810
[GA][Iter2] Gen:15 Ind:9 RMSE(val)=70.185810
[GA][Iter2] Gen:15 Ind:10 RMSE(val)=70.185810
[GA][Iter2] Gen:15 Ind:11 RMSE(val)=70.062532
[GA][Iter2] Gen:15 Ind:12 RMSE(val)=70.064163
[GA][Iter2] Gen:15 Ind:13 RMSE(val)=70.140079
[GA][Iter2] Gen:15 Ind:14 RMSE(val)=70.185810
[GA][Iter2] Gen:15 Ind:15 RMSE(val)=70.578657
[GA][Iter2] Gen:15 Ind:16 RMSE(val)=69.891698
[GA][Iter2] Gen:15 Ind:17 RMSE(val)=70.185810
[GA][Iter2] Gen:15 Ind:18 RMSE(val)=69.763154
[GA][Iter2] Gen:15 Ind:19 RMSE(val)=70.173429
[GA][Iter2] Gen:15 Ind:20 RMSE(val)=70.202595

[GA DONE][Iter2] Best params on val fold of Iter2
Best val RMSE: 69.763154
Best params: {'n_estimators': 883, 'learning_rate': 0.004139058665275943, 'max_depth': 2, 'min_samples_split': 21, 'min_samples_leaf': 20, 'subsample': 0.6850506176216562, 'max_features': 'log2'}
--------------------------------------------------------------------------------
[RETUNE GA] Iter2: train folds 1..6 -> test fold 7  RMSE=54.687677  NRMSE=0.880981  CVRMSE=0.052834  R2=0.214742
[GA][Iter3] Gen:1 Ind:1 RMSE(val)=56.733253
[GA][Iter3] Gen:1 Ind:2 RMSE(val)=64.714245
[GA][Iter3] Gen:1 Ind:3 RMSE(val)=57.758267
[GA][Iter3] Gen:1 Ind:4 RMSE(val)=63.508159
[GA][Iter3] Gen:1 Ind:5 RMSE(val)=63.314329
[GA][Iter3] Gen:1 Ind:6 RMSE(val)=52.756189
[GA][Iter3] Gen:1 Ind:7 RMSE(val)=57.022571
[GA][Iter3] Gen:1 Ind:8 RMSE(val)=64.342760
[GA][Iter3] Gen:1 Ind:9 RMSE(val)=55.471326
[GA][Iter3] Gen:1 Ind:10 RMSE(val)=56.266952
[GA][Iter3] Gen:1 Ind:11 RMSE(val)=59.775312
[GA][Iter3] Gen:1 Ind:12 RMSE(val)=56.158686
[GA][Iter3] Gen:1 Ind:13 RMSE(val)=60.496187
[GA][Iter3] Gen:1 Ind:14 RMSE(val)=53.341555
[GA][Iter3] Gen:1 Ind:15 RMSE(val)=64.627424
[GA][Iter3] Gen:1 Ind:16 RMSE(val)=63.673935
[GA][Iter3] Gen:1 Ind:17 RMSE(val)=58.082482
[GA][Iter3] Gen:1 Ind:18 RMSE(val)=55.706431
[GA][Iter3] Gen:1 Ind:19 RMSE(val)=61.173084
[GA][Iter3] Gen:1 Ind:20 RMSE(val)=62.161440
[GA][Iter3] gen=1 best_val_rmse=52.756189
[GA][Iter3] Gen:2 Ind:1 RMSE(val)=52.756189
[GA][Iter3] Gen:2 Ind:2 RMSE(val)=53.341555
[GA][Iter3] Gen:2 Ind:3 RMSE(val)=55.471326
[GA][Iter3] Gen:2 Ind:4 RMSE(val)=55.706431
[GA][Iter3] Gen:2 Ind:5 RMSE(val)=56.158686
[GA][Iter3] Gen:2 Ind:6 RMSE(val)=56.266952
[GA][Iter3] Gen:2 Ind:7 RMSE(val)=56.733253
[GA][Iter3] Gen:2 Ind:8 RMSE(val)=57.022571
[GA][Iter3] Gen:2 Ind:9 RMSE(val)=57.758267
[GA][Iter3] Gen:2 Ind:10 RMSE(val)=58.082482
[GA][Iter3] Gen:2 Ind:11 RMSE(val)=57.898234
[GA][Iter3] Gen:2 Ind:12 RMSE(val)=56.279825
[GA][Iter3] Gen:2 Ind:13 RMSE(val)=57.011791
[GA][Iter3] Gen:2 Ind:14 RMSE(val)=55.711452
[GA][Iter3] Gen:2 Ind:15 RMSE(val)=56.877453
[GA][Iter3] Gen:2 Ind:16 RMSE(val)=52.543603
[GA][Iter3] Gen:2 Ind:17 RMSE(val)=56.892410
[GA][Iter3] Gen:2 Ind:18 RMSE(val)=56.762410
[GA][Iter3] Gen:2 Ind:19 RMSE(val)=59.337840
[GA][Iter3] Gen:2 Ind:20 RMSE(val)=55.334585
[GA][Iter3] gen=2 best_val_rmse=52.543603
[GA][Iter3] Gen:3 Ind:1 RMSE(val)=52.543603
[GA][Iter3] Gen:3 Ind:2 RMSE(val)=52.756189
[GA][Iter3] Gen:3 Ind:3 RMSE(val)=53.341555
[GA][Iter3] Gen:3 Ind:4 RMSE(val)=55.334585
[GA][Iter3] Gen:3 Ind:5 RMSE(val)=55.471326
[GA][Iter3] Gen:3 Ind:6 RMSE(val)=55.706431
[GA][Iter3] Gen:3 Ind:7 RMSE(val)=55.711452
[GA][Iter3] Gen:3 Ind:8 RMSE(val)=56.158686
[GA][Iter3] Gen:3 Ind:9 RMSE(val)=56.266952
[GA][Iter3] Gen:3 Ind:10 RMSE(val)=56.279825
[GA][Iter3] Gen:3 Ind:11 RMSE(val)=54.147772
[GA][Iter3] Gen:3 Ind:12 RMSE(val)=53.359368
[GA][Iter3] Gen:3 Ind:13 RMSE(val)=57.080721
[GA][Iter3] Gen:3 Ind:14 RMSE(val)=54.092304
[GA][Iter3] Gen:3 Ind:15 RMSE(val)=52.543603
[GA][Iter3] Gen:3 Ind:16 RMSE(val)=55.884146
[GA][Iter3] Gen:3 Ind:17 RMSE(val)=57.281716
[GA][Iter3] Gen:3 Ind:18 RMSE(val)=53.795091
[GA][Iter3] Gen:3 Ind:19 RMSE(val)=53.669663
[GA][Iter3] Gen:3 Ind:20 RMSE(val)=54.305687
[GA][Iter3] gen=3 best_val_rmse=52.543603
[GA][Iter3] Gen:4 Ind:1 RMSE(val)=52.543603
[GA][Iter3] Gen:4 Ind:2 RMSE(val)=52.543603
[GA][Iter3] Gen:4 Ind:3 RMSE(val)=52.756189
[GA][Iter3] Gen:4 Ind:4 RMSE(val)=53.341555
[GA][Iter3] Gen:4 Ind:5 RMSE(val)=53.359368
[GA][Iter3] Gen:4 Ind:6 RMSE(val)=53.669663
[GA][Iter3] Gen:4 Ind:7 RMSE(val)=53.795091
[GA][Iter3] Gen:4 Ind:8 RMSE(val)=54.092304
[GA][Iter3] Gen:4 Ind:9 RMSE(val)=54.147772
[GA][Iter3] Gen:4 Ind:10 RMSE(val)=54.305687
[GA][Iter3] Gen:4 Ind:11 RMSE(val)=53.608998
[GA][Iter3] Gen:4 Ind:12 RMSE(val)=51.823547
[GA][Iter3] Gen:4 Ind:13 RMSE(val)=53.524656
[GA][Iter3] Gen:4 Ind:14 RMSE(val)=53.891028
[GA][Iter3] Gen:4 Ind:15 RMSE(val)=52.085899
[GA][Iter3] Gen:4 Ind:16 RMSE(val)=52.534577
[GA][Iter3] Gen:4 Ind:17 RMSE(val)=53.182578
[GA][Iter3] Gen:4 Ind:18 RMSE(val)=52.871246
[GA][Iter3] Gen:4 Ind:19 RMSE(val)=54.008561
[GA][Iter3] Gen:4 Ind:20 RMSE(val)=52.465712
[GA][Iter3] gen=4 best_val_rmse=51.823547
[GA][Iter3] Gen:5 Ind:1 RMSE(val)=51.823547
[GA][Iter3] Gen:5 Ind:2 RMSE(val)=52.085899
[GA][Iter3] Gen:5 Ind:3 RMSE(val)=52.465712
[GA][Iter3] Gen:5 Ind:4 RMSE(val)=52.534577
[GA][Iter3] Gen:5 Ind:5 RMSE(val)=52.543603
[GA][Iter3] Gen:5 Ind:6 RMSE(val)=52.543603
[GA][Iter3] Gen:5 Ind:7 RMSE(val)=52.756189
[GA][Iter3] Gen:5 Ind:8 RMSE(val)=52.871246
[GA][Iter3] Gen:5 Ind:9 RMSE(val)=53.182578
[GA][Iter3] Gen:5 Ind:10 RMSE(val)=53.341555
[GA][Iter3] Gen:5 Ind:11 RMSE(val)=52.670452
[GA][Iter3] Gen:5 Ind:12 RMSE(val)=52.936526
[GA][Iter3] Gen:5 Ind:13 RMSE(val)=53.341555
[GA][Iter3] Gen:5 Ind:14 RMSE(val)=53.099542
[GA][Iter3] Gen:5 Ind:15 RMSE(val)=52.534577
[GA][Iter3] Gen:5 Ind:16 RMSE(val)=53.381194
[GA][Iter3] Gen:5 Ind:17 RMSE(val)=53.669274
[GA][Iter3] Gen:5 Ind:18 RMSE(val)=53.523544
[GA][Iter3] Gen:5 Ind:19 RMSE(val)=53.381399
[GA][Iter3] Gen:5 Ind:20 RMSE(val)=54.418796
[GA][Iter3] gen=5 best_val_rmse=51.823547
[GA][Iter3] Gen:6 Ind:1 RMSE(val)=51.823547
[GA][Iter3] Gen:6 Ind:2 RMSE(val)=52.085899
[GA][Iter3] Gen:6 Ind:3 RMSE(val)=52.465712
[GA][Iter3] Gen:6 Ind:4 RMSE(val)=52.534577
[GA][Iter3] Gen:6 Ind:5 RMSE(val)=52.534577
[GA][Iter3] Gen:6 Ind:6 RMSE(val)=52.543603
[GA][Iter3] Gen:6 Ind:7 RMSE(val)=52.543603
[GA][Iter3] Gen:6 Ind:8 RMSE(val)=52.670452
[GA][Iter3] Gen:6 Ind:9 RMSE(val)=52.756189
[GA][Iter3] Gen:6 Ind:10 RMSE(val)=52.871246
[GA][Iter3] Gen:6 Ind:11 RMSE(val)=52.554149
[GA][Iter3] Gen:6 Ind:12 RMSE(val)=53.361570
[GA][Iter3] Gen:6 Ind:13 RMSE(val)=51.937619
[GA][Iter3] Gen:6 Ind:14 RMSE(val)=52.085899
[GA][Iter3] Gen:6 Ind:15 RMSE(val)=52.085899
[GA][Iter3] Gen:6 Ind:16 RMSE(val)=52.185382
[GA][Iter3] Gen:6 Ind:17 RMSE(val)=53.138652
[GA][Iter3] Gen:6 Ind:18 RMSE(val)=52.543603
[GA][Iter3] Gen:6 Ind:19 RMSE(val)=53.057144
[GA][Iter3] Gen:6 Ind:20 RMSE(val)=52.411224
[GA][Iter3] gen=6 best_val_rmse=51.823547
[GA][Iter3] Gen:7 Ind:1 RMSE(val)=51.823547
[GA][Iter3] Gen:7 Ind:2 RMSE(val)=51.937619
[GA][Iter3] Gen:7 Ind:3 RMSE(val)=52.085899
[GA][Iter3] Gen:7 Ind:4 RMSE(val)=52.085899
[GA][Iter3] Gen:7 Ind:5 RMSE(val)=52.085899
[GA][Iter3] Gen:7 Ind:6 RMSE(val)=52.185382
[GA][Iter3] Gen:7 Ind:7 RMSE(val)=52.411224
[GA][Iter3] Gen:7 Ind:8 RMSE(val)=52.465712
[GA][Iter3] Gen:7 Ind:9 RMSE(val)=52.534577
[GA][Iter3] Gen:7 Ind:10 RMSE(val)=52.534577
[GA][Iter3] Gen:7 Ind:11 RMSE(val)=52.252038
[GA][Iter3] Gen:7 Ind:12 RMSE(val)=52.376383
[GA][Iter3] Gen:7 Ind:13 RMSE(val)=51.823547
[GA][Iter3] Gen:7 Ind:14 RMSE(val)=51.825974
[GA][Iter3] Gen:7 Ind:15 RMSE(val)=52.901772
[GA][Iter3] Gen:7 Ind:16 RMSE(val)=52.107363
[GA][Iter3] Gen:7 Ind:17 RMSE(val)=52.085899
[GA][Iter3] Gen:7 Ind:18 RMSE(val)=51.823547
[GA][Iter3] Gen:7 Ind:19 RMSE(val)=52.085899
[GA][Iter3] Gen:7 Ind:20 RMSE(val)=52.543603
[GA][Iter3] gen=7 best_val_rmse=51.823547
[GA][Iter3] Gen:8 Ind:1 RMSE(val)=51.823547
[GA][Iter3] Gen:8 Ind:2 RMSE(val)=51.823547
[GA][Iter3] Gen:8 Ind:3 RMSE(val)=51.823547
[GA][Iter3] Gen:8 Ind:4 RMSE(val)=51.825974
[GA][Iter3] Gen:8 Ind:5 RMSE(val)=51.937619
[GA][Iter3] Gen:8 Ind:6 RMSE(val)=52.085899
[GA][Iter3] Gen:8 Ind:7 RMSE(val)=52.085899
[GA][Iter3] Gen:8 Ind:8 RMSE(val)=52.085899
[GA][Iter3] Gen:8 Ind:9 RMSE(val)=52.085899
[GA][Iter3] Gen:8 Ind:10 RMSE(val)=52.085899
[GA][Iter3] Gen:8 Ind:11 RMSE(val)=52.085899
[GA][Iter3] Gen:8 Ind:12 RMSE(val)=51.825974
[GA][Iter3] Gen:8 Ind:13 RMSE(val)=51.810299
[GA][Iter3] Gen:8 Ind:14 RMSE(val)=51.992894
[GA][Iter3] Gen:8 Ind:15 RMSE(val)=52.085899
[GA][Iter3] Gen:8 Ind:16 RMSE(val)=52.085899
[GA][Iter3] Gen:8 Ind:17 RMSE(val)=51.825974
[GA][Iter3] Gen:8 Ind:18 RMSE(val)=52.048829
[GA][Iter3] Gen:8 Ind:19 RMSE(val)=52.085899
[GA][Iter3] Gen:8 Ind:20 RMSE(val)=51.992894
[GA][Iter3] gen=8 best_val_rmse=51.810299
[GA][Iter3] Gen:9 Ind:1 RMSE(val)=51.810299
[GA][Iter3] Gen:9 Ind:2 RMSE(val)=51.823547
[GA][Iter3] Gen:9 Ind:3 RMSE(val)=51.823547
[GA][Iter3] Gen:9 Ind:4 RMSE(val)=51.823547
[GA][Iter3] Gen:9 Ind:5 RMSE(val)=51.825974
[GA][Iter3] Gen:9 Ind:6 RMSE(val)=51.825974
[GA][Iter3] Gen:9 Ind:7 RMSE(val)=51.825974
[GA][Iter3] Gen:9 Ind:8 RMSE(val)=51.937619
[GA][Iter3] Gen:9 Ind:9 RMSE(val)=51.992894
[GA][Iter3] Gen:9 Ind:10 RMSE(val)=51.992894
[GA][Iter3] Gen:9 Ind:11 RMSE(val)=52.042312
[GA][Iter3] Gen:9 Ind:12 RMSE(val)=51.898263
[GA][Iter3] Gen:9 Ind:13 RMSE(val)=51.810299
[GA][Iter3] Gen:9 Ind:14 RMSE(val)=51.823547
[GA][Iter3] Gen:9 Ind:15 RMSE(val)=51.823547
[GA][Iter3] Gen:9 Ind:16 RMSE(val)=51.773250
[GA][Iter3] Gen:9 Ind:17 RMSE(val)=51.823547
[GA][Iter3] Gen:9 Ind:18 RMSE(val)=51.823547
[GA][Iter3] Gen:9 Ind:19 RMSE(val)=51.823547
[GA][Iter3] Gen:9 Ind:20 RMSE(val)=51.825974
[GA][Iter3] gen=9 best_val_rmse=51.773250
[GA][Iter3] Gen:10 Ind:1 RMSE(val)=51.773250
[GA][Iter3] Gen:10 Ind:2 RMSE(val)=51.810299
[GA][Iter3] Gen:10 Ind:3 RMSE(val)=51.810299
[GA][Iter3] Gen:10 Ind:4 RMSE(val)=51.823547
[GA][Iter3] Gen:10 Ind:5 RMSE(val)=51.823547
[GA][Iter3] Gen:10 Ind:6 RMSE(val)=51.823547
[GA][Iter3] Gen:10 Ind:7 RMSE(val)=51.823547
[GA][Iter3] Gen:10 Ind:8 RMSE(val)=51.823547
[GA][Iter3] Gen:10 Ind:9 RMSE(val)=51.823547
[GA][Iter3] Gen:10 Ind:10 RMSE(val)=51.823547
[GA][Iter3] Gen:10 Ind:11 RMSE(val)=51.893003
[GA][Iter3] Gen:10 Ind:12 RMSE(val)=51.823547
[GA][Iter3] Gen:10 Ind:13 RMSE(val)=51.823547
[GA][Iter3] Gen:10 Ind:14 RMSE(val)=51.823547
[GA][Iter3] Gen:10 Ind:15 RMSE(val)=51.810299
[GA][Iter3] Gen:10 Ind:16 RMSE(val)=51.810299
[GA][Iter3] Gen:10 Ind:17 RMSE(val)=51.823547
[GA][Iter3] Gen:10 Ind:18 RMSE(val)=51.823547
[GA][Iter3] Gen:10 Ind:19 RMSE(val)=51.823547
[GA][Iter3] Gen:10 Ind:20 RMSE(val)=51.762539
[GA][Iter3] gen=10 best_val_rmse=51.762539
[GA][Iter3] Gen:11 Ind:1 RMSE(val)=51.762539
[GA][Iter3] Gen:11 Ind:2 RMSE(val)=51.773250
[GA][Iter3] Gen:11 Ind:3 RMSE(val)=51.810299
[GA][Iter3] Gen:11 Ind:4 RMSE(val)=51.810299
[GA][Iter3] Gen:11 Ind:5 RMSE(val)=51.810299
[GA][Iter3] Gen:11 Ind:6 RMSE(val)=51.810299
[GA][Iter3] Gen:11 Ind:7 RMSE(val)=51.823547
[GA][Iter3] Gen:11 Ind:8 RMSE(val)=51.823547
[GA][Iter3] Gen:11 Ind:9 RMSE(val)=51.823547
[GA][Iter3] Gen:11 Ind:10 RMSE(val)=51.823547
[GA][Iter3] Gen:11 Ind:11 RMSE(val)=51.823547
[GA][Iter3] Gen:11 Ind:12 RMSE(val)=51.810299
[GA][Iter3] Gen:11 Ind:13 RMSE(val)=51.773250
[GA][Iter3] Gen:11 Ind:14 RMSE(val)=51.773250
[GA][Iter3] Gen:11 Ind:15 RMSE(val)=51.810299
[GA][Iter3] Gen:11 Ind:16 RMSE(val)=51.773250
[GA][Iter3] Gen:11 Ind:17 RMSE(val)=51.823547
[GA][Iter3] Gen:11 Ind:18 RMSE(val)=51.787106
[GA][Iter3] Gen:11 Ind:19 RMSE(val)=51.823547
[GA][Iter3] Gen:11 Ind:20 RMSE(val)=52.031446
[GA][Iter3] gen=11 best_val_rmse=51.762539
[GA][Iter3] Gen:12 Ind:1 RMSE(val)=51.762539
[GA][Iter3] Gen:12 Ind:2 RMSE(val)=51.773250
[GA][Iter3] Gen:12 Ind:3 RMSE(val)=51.773250
[GA][Iter3] Gen:12 Ind:4 RMSE(val)=51.773250
[GA][Iter3] Gen:12 Ind:5 RMSE(val)=51.773250
[GA][Iter3] Gen:12 Ind:6 RMSE(val)=51.787106
[GA][Iter3] Gen:12 Ind:7 RMSE(val)=51.810299
[GA][Iter3] Gen:12 Ind:8 RMSE(val)=51.810299
[GA][Iter3] Gen:12 Ind:9 RMSE(val)=51.810299
[GA][Iter3] Gen:12 Ind:10 RMSE(val)=51.810299
[GA][Iter3] Gen:12 Ind:11 RMSE(val)=51.773250
[GA][Iter3] Gen:12 Ind:12 RMSE(val)=52.232755
[GA][Iter3] Gen:12 Ind:13 RMSE(val)=51.671130
[GA][Iter3] Gen:12 Ind:14 RMSE(val)=51.810299
[GA][Iter3] Gen:12 Ind:15 RMSE(val)=51.823547
[GA][Iter3] Gen:12 Ind:16 RMSE(val)=51.823547
[GA][Iter3] Gen:12 Ind:17 RMSE(val)=51.671574
[GA][Iter3] Gen:12 Ind:18 RMSE(val)=51.823547
[GA][Iter3] Gen:12 Ind:19 RMSE(val)=52.791597
[GA][Iter3] Gen:12 Ind:20 RMSE(val)=51.823547
[GA][Iter3] gen=12 best_val_rmse=51.671130
[GA][Iter3] Gen:13 Ind:1 RMSE(val)=51.671130
[GA][Iter3] Gen:13 Ind:2 RMSE(val)=51.671574
[GA][Iter3] Gen:13 Ind:3 RMSE(val)=51.762539
[GA][Iter3] Gen:13 Ind:4 RMSE(val)=51.773250
[GA][Iter3] Gen:13 Ind:5 RMSE(val)=51.773250
[GA][Iter3] Gen:13 Ind:6 RMSE(val)=51.773250
[GA][Iter3] Gen:13 Ind:7 RMSE(val)=51.773250
[GA][Iter3] Gen:13 Ind:8 RMSE(val)=51.773250
[GA][Iter3] Gen:13 Ind:9 RMSE(val)=51.787106
[GA][Iter3] Gen:13 Ind:10 RMSE(val)=51.810299
[GA][Iter3] Gen:13 Ind:11 RMSE(val)=52.078052
[GA][Iter3] Gen:13 Ind:12 RMSE(val)=51.823547
[GA][Iter3] Gen:13 Ind:13 RMSE(val)=52.029614
[GA][Iter3] Gen:13 Ind:14 RMSE(val)=51.773250
[GA][Iter3] Gen:13 Ind:15 RMSE(val)=51.787106
[GA][Iter3] Gen:13 Ind:16 RMSE(val)=51.773250
[GA][Iter3] Gen:13 Ind:17 RMSE(val)=51.823547
[GA][Iter3] Gen:13 Ind:18 RMSE(val)=51.632266
[GA][Iter3] Gen:13 Ind:19 RMSE(val)=51.823547
[GA][Iter3] Gen:13 Ind:20 RMSE(val)=51.762539
[GA][Iter3] gen=13 best_val_rmse=51.632266
[GA][Iter3] Gen:14 Ind:1 RMSE(val)=51.632266
[GA][Iter3] Gen:14 Ind:2 RMSE(val)=51.671130
[GA][Iter3] Gen:14 Ind:3 RMSE(val)=51.671574
[GA][Iter3] Gen:14 Ind:4 RMSE(val)=51.762539
[GA][Iter3] Gen:14 Ind:5 RMSE(val)=51.762539
[GA][Iter3] Gen:14 Ind:6 RMSE(val)=51.773250
[GA][Iter3] Gen:14 Ind:7 RMSE(val)=51.773250
[GA][Iter3] Gen:14 Ind:8 RMSE(val)=51.773250
[GA][Iter3] Gen:14 Ind:9 RMSE(val)=51.773250
[GA][Iter3] Gen:14 Ind:10 RMSE(val)=51.773250
[GA][Iter3] Gen:14 Ind:11 RMSE(val)=51.773250
[GA][Iter3] Gen:14 Ind:12 RMSE(val)=51.671130
[GA][Iter3] Gen:14 Ind:13 RMSE(val)=51.671574
[GA][Iter3] Gen:14 Ind:14 RMSE(val)=51.762539
[GA][Iter3] Gen:14 Ind:15 RMSE(val)=51.773250
[GA][Iter3] Gen:14 Ind:16 RMSE(val)=51.649826
[GA][Iter3] Gen:14 Ind:17 RMSE(val)=51.767745
[GA][Iter3] Gen:14 Ind:18 RMSE(val)=51.762539
[GA][Iter3] Gen:14 Ind:19 RMSE(val)=51.773250
[GA][Iter3] Gen:14 Ind:20 RMSE(val)=51.773250
[GA][Iter3] gen=14 best_val_rmse=51.632266
[GA][Iter3] Gen:15 Ind:1 RMSE(val)=51.632266
[GA][Iter3] Gen:15 Ind:2 RMSE(val)=51.649826
[GA][Iter3] Gen:15 Ind:3 RMSE(val)=51.671130
[GA][Iter3] Gen:15 Ind:4 RMSE(val)=51.671130
[GA][Iter3] Gen:15 Ind:5 RMSE(val)=51.671574
[GA][Iter3] Gen:15 Ind:6 RMSE(val)=51.671574
[GA][Iter3] Gen:15 Ind:7 RMSE(val)=51.762539
[GA][Iter3] Gen:15 Ind:8 RMSE(val)=51.762539
[GA][Iter3] Gen:15 Ind:9 RMSE(val)=51.762539
[GA][Iter3] Gen:15 Ind:10 RMSE(val)=51.762539
[GA][Iter3] Gen:15 Ind:11 RMSE(val)=51.761372
[GA][Iter3] Gen:15 Ind:12 RMSE(val)=51.671574
[GA][Iter3] Gen:15 Ind:13 RMSE(val)=51.671574
[GA][Iter3] Gen:15 Ind:14 RMSE(val)=52.482714
[GA][Iter3] Gen:15 Ind:15 RMSE(val)=51.764626
[GA][Iter3] Gen:15 Ind:16 RMSE(val)=51.632266
[GA][Iter3] Gen:15 Ind:17 RMSE(val)=51.762539
[GA][Iter3] Gen:15 Ind:18 RMSE(val)=51.823547
[GA][Iter3] Gen:15 Ind:19 RMSE(val)=51.720250
[GA][Iter3] Gen:15 Ind:20 RMSE(val)=51.671574
[GA][Iter3] gen=15 best_val_rmse=51.632266
[GA][Iter3] Gen:15 Ind:1 RMSE(val)=51.632266
[GA][Iter3] Gen:15 Ind:2 RMSE(val)=51.632266
[GA][Iter3] Gen:15 Ind:3 RMSE(val)=51.649826
[GA][Iter3] Gen:15 Ind:4 RMSE(val)=51.671130
[GA][Iter3] Gen:15 Ind:5 RMSE(val)=51.671130
[GA][Iter3] Gen:15 Ind:6 RMSE(val)=51.671574
[GA][Iter3] Gen:15 Ind:7 RMSE(val)=51.671574
[GA][Iter3] Gen:15 Ind:8 RMSE(val)=51.671574
[GA][Iter3] Gen:15 Ind:9 RMSE(val)=51.671574
[GA][Iter3] Gen:15 Ind:10 RMSE(val)=51.671574
[GA][Iter3] Gen:15 Ind:11 RMSE(val)=51.671574
[GA][Iter3] Gen:15 Ind:12 RMSE(val)=51.650463
[GA][Iter3] Gen:15 Ind:13 RMSE(val)=51.722416
[GA][Iter3] Gen:15 Ind:14 RMSE(val)=51.649826
[GA][Iter3] Gen:15 Ind:15 RMSE(val)=51.941476
[GA][Iter3] Gen:15 Ind:16 RMSE(val)=51.671574
[GA][Iter3] Gen:15 Ind:17 RMSE(val)=51.671574
[GA][Iter3] Gen:15 Ind:18 RMSE(val)=52.127796
[GA][Iter3] Gen:15 Ind:19 RMSE(val)=51.649826
[GA][Iter3] Gen:15 Ind:20 RMSE(val)=52.016727

[GA DONE][Iter3] Best params on val fold of Iter3
Best val RMSE: 51.632266
Best params: {'n_estimators': 1348, 'learning_rate': 0.008691980935053177, 'max_depth': 2, 'min_samples_split': 21, 'min_samples_leaf': 12, 'subsample': 0.8414904125467564, 'max_features': 'log2'}
--------------------------------------------------------------------------------
[RETUNE GA] Iter3: train folds 1..7 -> test fold 8  RMSE=63.019125  NRMSE=1.359948  CVRMSE=0.055450  R2=-0.871218
[GA][Iter4] Gen:1 Ind:1 RMSE(val)=59.262942
[GA][Iter4] Gen:1 Ind:2 RMSE(val)=63.314252
[GA][Iter4] Gen:1 Ind:3 RMSE(val)=59.365595
[GA][Iter4] Gen:1 Ind:4 RMSE(val)=65.129580
[GA][Iter4] Gen:1 Ind:5 RMSE(val)=67.337623
[GA][Iter4] Gen:1 Ind:6 RMSE(val)=56.933385
[GA][Iter4] Gen:1 Ind:7 RMSE(val)=59.952130
[GA][Iter4] Gen:1 Ind:8 RMSE(val)=55.478378
[GA][Iter4] Gen:1 Ind:9 RMSE(val)=61.243868
[GA][Iter4] Gen:1 Ind:10 RMSE(val)=64.709025
[GA][Iter4] Gen:1 Ind:11 RMSE(val)=60.400606
[GA][Iter4] Gen:1 Ind:12 RMSE(val)=63.395189
[GA][Iter4] Gen:1 Ind:13 RMSE(val)=58.802786
[GA][Iter4] Gen:1 Ind:14 RMSE(val)=61.667432
[GA][Iter4] Gen:1 Ind:15 RMSE(val)=68.821873
[GA][Iter4] Gen:1 Ind:16 RMSE(val)=62.962411
[GA][Iter4] Gen:1 Ind:17 RMSE(val)=57.824485
[GA][Iter4] Gen:1 Ind:18 RMSE(val)=59.897521
[GA][Iter4] Gen:1 Ind:19 RMSE(val)=63.122011
[GA][Iter4] Gen:1 Ind:20 RMSE(val)=57.828325
[GA][Iter4] gen=1 best_val_rmse=55.478378
[GA][Iter4] Gen:2 Ind:1 RMSE(val)=55.478378
[GA][Iter4] Gen:2 Ind:2 RMSE(val)=56.933385
[GA][Iter4] Gen:2 Ind:3 RMSE(val)=57.824485
[GA][Iter4] Gen:2 Ind:4 RMSE(val)=57.828325
[GA][Iter4] Gen:2 Ind:5 RMSE(val)=58.802786
[GA][Iter4] Gen:2 Ind:6 RMSE(val)=59.262942
[GA][Iter4] Gen:2 Ind:7 RMSE(val)=59.365595
[GA][Iter4] Gen:2 Ind:8 RMSE(val)=59.897521
[GA][Iter4] Gen:2 Ind:9 RMSE(val)=59.952130
[GA][Iter4] Gen:2 Ind:10 RMSE(val)=60.400606
[GA][Iter4] Gen:2 Ind:11 RMSE(val)=56.746494
[GA][Iter4] Gen:2 Ind:12 RMSE(val)=61.761714
[GA][Iter4] Gen:2 Ind:13 RMSE(val)=56.864839
[GA][Iter4] Gen:2 Ind:14 RMSE(val)=60.245808
[GA][Iter4] Gen:2 Ind:15 RMSE(val)=58.990854
[GA][Iter4] Gen:2 Ind:16 RMSE(val)=60.820132
[GA][Iter4] Gen:2 Ind:17 RMSE(val)=59.357748
[GA][Iter4] Gen:2 Ind:18 RMSE(val)=56.217812
[GA][Iter4] Gen:2 Ind:19 RMSE(val)=55.520299
[GA][Iter4] Gen:2 Ind:20 RMSE(val)=62.155341
[GA][Iter4] gen=2 best_val_rmse=55.478378
[GA][Iter4] Gen:3 Ind:1 RMSE(val)=55.478378
[GA][Iter4] Gen:3 Ind:2 RMSE(val)=55.520299
[GA][Iter4] Gen:3 Ind:3 RMSE(val)=56.217812
[GA][Iter4] Gen:3 Ind:4 RMSE(val)=56.746494
[GA][Iter4] Gen:3 Ind:5 RMSE(val)=56.864839
[GA][Iter4] Gen:3 Ind:6 RMSE(val)=56.933385
[GA][Iter4] Gen:3 Ind:7 RMSE(val)=57.824485
[GA][Iter4] Gen:3 Ind:8 RMSE(val)=57.828325
[GA][Iter4] Gen:3 Ind:9 RMSE(val)=58.802786
[GA][Iter4] Gen:3 Ind:10 RMSE(val)=58.990854
[GA][Iter4] Gen:3 Ind:11 RMSE(val)=60.954553
[GA][Iter4] Gen:3 Ind:12 RMSE(val)=60.905731
[GA][Iter4] Gen:3 Ind:13 RMSE(val)=55.428676
[GA][Iter4] Gen:3 Ind:14 RMSE(val)=59.022728
[GA][Iter4] Gen:3 Ind:15 RMSE(val)=59.246770
[GA][Iter4] Gen:3 Ind:16 RMSE(val)=57.015703
[GA][Iter4] Gen:3 Ind:17 RMSE(val)=59.229842
[GA][Iter4] Gen:3 Ind:18 RMSE(val)=59.618868
[GA][Iter4] Gen:3 Ind:19 RMSE(val)=58.481914
[GA][Iter4] Gen:3 Ind:20 RMSE(val)=61.450995
[GA][Iter4] gen=3 best_val_rmse=55.428676
[GA][Iter4] Gen:4 Ind:1 RMSE(val)=55.428676
[GA][Iter4] Gen:4 Ind:2 RMSE(val)=55.478378
[GA][Iter4] Gen:4 Ind:3 RMSE(val)=55.520299
[GA][Iter4] Gen:4 Ind:4 RMSE(val)=56.217812
[GA][Iter4] Gen:4 Ind:5 RMSE(val)=56.746494
[GA][Iter4] Gen:4 Ind:6 RMSE(val)=56.864839
[GA][Iter4] Gen:4 Ind:7 RMSE(val)=56.933385
[GA][Iter4] Gen:4 Ind:8 RMSE(val)=57.015703
[GA][Iter4] Gen:4 Ind:9 RMSE(val)=57.824485
[GA][Iter4] Gen:4 Ind:10 RMSE(val)=57.828325
[GA][Iter4] Gen:4 Ind:11 RMSE(val)=63.925816
[GA][Iter4] Gen:4 Ind:12 RMSE(val)=55.293631
[GA][Iter4] Gen:4 Ind:13 RMSE(val)=60.168996
[GA][Iter4] Gen:4 Ind:14 RMSE(val)=59.586003
[GA][Iter4] Gen:4 Ind:15 RMSE(val)=59.382391
[GA][Iter4] Gen:4 Ind:16 RMSE(val)=55.428676
[GA][Iter4] Gen:4 Ind:17 RMSE(val)=65.507366
[GA][Iter4] Gen:4 Ind:18 RMSE(val)=56.705043
[GA][Iter4] Gen:4 Ind:19 RMSE(val)=61.211678
[GA][Iter4] Gen:4 Ind:20 RMSE(val)=56.866176
[GA][Iter4] gen=4 best_val_rmse=55.293631
[GA][Iter4] Gen:5 Ind:1 RMSE(val)=55.293631
[GA][Iter4] Gen:5 Ind:2 RMSE(val)=55.428676
[GA][Iter4] Gen:5 Ind:3 RMSE(val)=55.428676
[GA][Iter4] Gen:5 Ind:4 RMSE(val)=55.478378
[GA][Iter4] Gen:5 Ind:5 RMSE(val)=55.520299
[GA][Iter4] Gen:5 Ind:6 RMSE(val)=56.217812
[GA][Iter4] Gen:5 Ind:7 RMSE(val)=56.705043
[GA][Iter4] Gen:5 Ind:8 RMSE(val)=56.746494
[GA][Iter4] Gen:5 Ind:9 RMSE(val)=56.864839
[GA][Iter4] Gen:5 Ind:10 RMSE(val)=56.866176
[GA][Iter4] Gen:5 Ind:11 RMSE(val)=55.520299
[GA][Iter4] Gen:5 Ind:12 RMSE(val)=60.504078
[GA][Iter4] Gen:5 Ind:13 RMSE(val)=56.866176
[GA][Iter4] Gen:5 Ind:14 RMSE(val)=57.664068
[GA][Iter4] Gen:5 Ind:15 RMSE(val)=57.344532
[GA][Iter4] Gen:5 Ind:16 RMSE(val)=58.594248
[GA][Iter4] Gen:5 Ind:17 RMSE(val)=57.208930
[GA][Iter4] Gen:5 Ind:18 RMSE(val)=55.478378
[GA][Iter4] Gen:5 Ind:19 RMSE(val)=59.058576
[GA][Iter4] Gen:5 Ind:20 RMSE(val)=59.467293
[GA][Iter4] gen=5 best_val_rmse=55.293631
[GA][Iter4] Gen:6 Ind:1 RMSE(val)=55.293631
[GA][Iter4] Gen:6 Ind:2 RMSE(val)=55.428676
[GA][Iter4] Gen:6 Ind:3 RMSE(val)=55.428676
[GA][Iter4] Gen:6 Ind:4 RMSE(val)=55.478378
[GA][Iter4] Gen:6 Ind:5 RMSE(val)=55.478378
[GA][Iter4] Gen:6 Ind:6 RMSE(val)=55.520299
[GA][Iter4] Gen:6 Ind:7 RMSE(val)=55.520299
[GA][Iter4] Gen:6 Ind:8 RMSE(val)=56.217812
[GA][Iter4] Gen:6 Ind:9 RMSE(val)=56.705043
[GA][Iter4] Gen:6 Ind:10 RMSE(val)=56.746494
[GA][Iter4] Gen:6 Ind:11 RMSE(val)=62.408368
[GA][Iter4] Gen:6 Ind:12 RMSE(val)=55.007207
[GA][Iter4] Gen:6 Ind:13 RMSE(val)=55.252995
[GA][Iter4] Gen:6 Ind:14 RMSE(val)=62.545474
[GA][Iter4] Gen:6 Ind:15 RMSE(val)=55.428676
[GA][Iter4] Gen:6 Ind:16 RMSE(val)=55.520299
[GA][Iter4] Gen:6 Ind:17 RMSE(val)=56.688916
[GA][Iter4] Gen:6 Ind:18 RMSE(val)=55.520299
[GA][Iter4] Gen:6 Ind:19 RMSE(val)=54.980629
[GA][Iter4] Gen:6 Ind:20 RMSE(val)=55.329430
[GA][Iter4] gen=6 best_val_rmse=54.980629
[GA][Iter4] Gen:7 Ind:1 RMSE(val)=54.980629
[GA][Iter4] Gen:7 Ind:2 RMSE(val)=55.007207
[GA][Iter4] Gen:7 Ind:3 RMSE(val)=55.252995
[GA][Iter4] Gen:7 Ind:4 RMSE(val)=55.293631
[GA][Iter4] Gen:7 Ind:5 RMSE(val)=55.329430
[GA][Iter4] Gen:7 Ind:6 RMSE(val)=55.428676
[GA][Iter4] Gen:7 Ind:7 RMSE(val)=55.428676
[GA][Iter4] Gen:7 Ind:8 RMSE(val)=55.428676
[GA][Iter4] Gen:7 Ind:9 RMSE(val)=55.478378
[GA][Iter4] Gen:7 Ind:10 RMSE(val)=55.478378
[GA][Iter4] Gen:7 Ind:11 RMSE(val)=60.335563
[GA][Iter4] Gen:7 Ind:12 RMSE(val)=55.079559
[GA][Iter4] Gen:7 Ind:13 RMSE(val)=55.144495
[GA][Iter4] Gen:7 Ind:14 RMSE(val)=55.685337
[GA][Iter4] Gen:7 Ind:15 RMSE(val)=60.155006
[GA][Iter4] Gen:7 Ind:16 RMSE(val)=61.216303
[GA][Iter4] Gen:7 Ind:17 RMSE(val)=55.749804
[GA][Iter4] Gen:7 Ind:18 RMSE(val)=54.980629
[GA][Iter4] Gen:7 Ind:19 RMSE(val)=55.293631
[GA][Iter4] Gen:7 Ind:20 RMSE(val)=58.400153
[GA][Iter4] gen=7 best_val_rmse=54.980629
[GA][Iter4] Gen:8 Ind:1 RMSE(val)=54.980629
[GA][Iter4] Gen:8 Ind:2 RMSE(val)=54.980629
[GA][Iter4] Gen:8 Ind:3 RMSE(val)=55.007207
[GA][Iter4] Gen:8 Ind:4 RMSE(val)=55.079559
[GA][Iter4] Gen:8 Ind:5 RMSE(val)=55.144495
[GA][Iter4] Gen:8 Ind:6 RMSE(val)=55.252995
[GA][Iter4] Gen:8 Ind:7 RMSE(val)=55.293631
[GA][Iter4] Gen:8 Ind:8 RMSE(val)=55.293631
[GA][Iter4] Gen:8 Ind:9 RMSE(val)=55.329430
[GA][Iter4] Gen:8 Ind:10 RMSE(val)=55.428676
[GA][Iter4] Gen:8 Ind:11 RMSE(val)=55.252995
[GA][Iter4] Gen:8 Ind:12 RMSE(val)=55.144495
[GA][Iter4] Gen:8 Ind:13 RMSE(val)=55.068896
[GA][Iter4] Gen:8 Ind:14 RMSE(val)=55.329430
[GA][Iter4] Gen:8 Ind:15 RMSE(val)=55.294926
[GA][Iter4] Gen:8 Ind:16 RMSE(val)=55.282813
[GA][Iter4] Gen:8 Ind:17 RMSE(val)=55.276454
[GA][Iter4] Gen:8 Ind:18 RMSE(val)=55.293631
[GA][Iter4] Gen:8 Ind:19 RMSE(val)=55.429845
[GA][Iter4] Gen:8 Ind:20 RMSE(val)=56.631795
[GA][Iter4] gen=8 best_val_rmse=54.980629
[GA][Iter4] Gen:9 Ind:1 RMSE(val)=54.980629
[GA][Iter4] Gen:9 Ind:2 RMSE(val)=54.980629
[GA][Iter4] Gen:9 Ind:3 RMSE(val)=55.007207
[GA][Iter4] Gen:9 Ind:4 RMSE(val)=55.068896
[GA][Iter4] Gen:9 Ind:5 RMSE(val)=55.079559
[GA][Iter4] Gen:9 Ind:6 RMSE(val)=55.144495
[GA][Iter4] Gen:9 Ind:7 RMSE(val)=55.144495
[GA][Iter4] Gen:9 Ind:8 RMSE(val)=55.252995
[GA][Iter4] Gen:9 Ind:9 RMSE(val)=55.252995
[GA][Iter4] Gen:9 Ind:10 RMSE(val)=55.276454
[GA][Iter4] Gen:9 Ind:11 RMSE(val)=55.144495
[GA][Iter4] Gen:9 Ind:12 RMSE(val)=56.462723
[GA][Iter4] Gen:9 Ind:13 RMSE(val)=56.330351
[GA][Iter4] Gen:9 Ind:14 RMSE(val)=55.171913
[GA][Iter4] Gen:9 Ind:15 RMSE(val)=55.079559
[GA][Iter4] Gen:9 Ind:16 RMSE(val)=55.043618
[GA][Iter4] Gen:9 Ind:17 RMSE(val)=55.068896
[GA][Iter4] Gen:9 Ind:18 RMSE(val)=55.077321
[GA][Iter4] Gen:9 Ind:19 RMSE(val)=54.992555
[GA][Iter4] Gen:9 Ind:20 RMSE(val)=55.079559
[GA][Iter4] gen=9 best_val_rmse=54.980629
[GA][Iter4] Gen:10 Ind:1 RMSE(val)=54.980629
[GA][Iter4] Gen:10 Ind:2 RMSE(val)=54.980629
[GA][Iter4] Gen:10 Ind:3 RMSE(val)=54.992555
[GA][Iter4] Gen:10 Ind:4 RMSE(val)=55.007207
[GA][Iter4] Gen:10 Ind:5 RMSE(val)=55.043618
[GA][Iter4] Gen:10 Ind:6 RMSE(val)=55.068896
[GA][Iter4] Gen:10 Ind:7 RMSE(val)=55.068896
[GA][Iter4] Gen:10 Ind:8 RMSE(val)=55.077321
[GA][Iter4] Gen:10 Ind:9 RMSE(val)=55.079559
[GA][Iter4] Gen:10 Ind:10 RMSE(val)=55.079559
[GA][Iter4] Gen:10 Ind:11 RMSE(val)=55.088074
[GA][Iter4] Gen:10 Ind:12 RMSE(val)=55.185470
[GA][Iter4] Gen:10 Ind:13 RMSE(val)=54.779177
[GA][Iter4] Gen:10 Ind:14 RMSE(val)=54.884824
[GA][Iter4] Gen:10 Ind:15 RMSE(val)=54.992555
[GA][Iter4] Gen:10 Ind:16 RMSE(val)=54.980629
[GA][Iter4] Gen:10 Ind:17 RMSE(val)=55.203691
[GA][Iter4] Gen:10 Ind:18 RMSE(val)=55.077321
[GA][Iter4] Gen:10 Ind:19 RMSE(val)=55.077321
[GA][Iter4] Gen:10 Ind:20 RMSE(val)=55.410883
[GA][Iter4] gen=10 best_val_rmse=54.779177
[GA][Iter4] Gen:11 Ind:1 RMSE(val)=54.779177
[GA][Iter4] Gen:11 Ind:2 RMSE(val)=54.884824
[GA][Iter4] Gen:11 Ind:3 RMSE(val)=54.980629
[GA][Iter4] Gen:11 Ind:4 RMSE(val)=54.980629
[GA][Iter4] Gen:11 Ind:5 RMSE(val)=54.980629
[GA][Iter4] Gen:11 Ind:6 RMSE(val)=54.992555
[GA][Iter4] Gen:11 Ind:7 RMSE(val)=54.992555
[GA][Iter4] Gen:11 Ind:8 RMSE(val)=55.007207
[GA][Iter4] Gen:11 Ind:9 RMSE(val)=55.043618
[GA][Iter4] Gen:11 Ind:10 RMSE(val)=55.068896
[GA][Iter4] Gen:11 Ind:11 RMSE(val)=54.779177
[GA][Iter4] Gen:11 Ind:12 RMSE(val)=54.980629
[GA][Iter4] Gen:11 Ind:13 RMSE(val)=54.779177
[GA][Iter4] Gen:11 Ind:14 RMSE(val)=55.040524
[GA][Iter4] Gen:11 Ind:15 RMSE(val)=55.043618
[GA][Iter4] Gen:11 Ind:16 RMSE(val)=55.068896
[GA][Iter4] Gen:11 Ind:17 RMSE(val)=55.759096
[GA][Iter4] Gen:11 Ind:18 RMSE(val)=55.154374
[GA][Iter4] Gen:11 Ind:19 RMSE(val)=55.007207
[GA][Iter4] Gen:11 Ind:20 RMSE(val)=55.984372
[GA][Iter4] gen=11 best_val_rmse=54.779177
[GA][Iter4] Gen:12 Ind:1 RMSE(val)=54.779177
[GA][Iter4] Gen:12 Ind:2 RMSE(val)=54.779177
[GA][Iter4] Gen:12 Ind:3 RMSE(val)=54.779177
[GA][Iter4] Gen:12 Ind:4 RMSE(val)=54.884824
[GA][Iter4] Gen:12 Ind:5 RMSE(val)=54.980629
[GA][Iter4] Gen:12 Ind:6 RMSE(val)=54.980629
[GA][Iter4] Gen:12 Ind:7 RMSE(val)=54.980629
[GA][Iter4] Gen:12 Ind:8 RMSE(val)=54.980629
[GA][Iter4] Gen:12 Ind:9 RMSE(val)=54.992555
[GA][Iter4] Gen:12 Ind:10 RMSE(val)=54.992555
[GA][Iter4] Gen:12 Ind:11 RMSE(val)=54.779177
[GA][Iter4] Gen:12 Ind:12 RMSE(val)=55.561817
[GA][Iter4] Gen:12 Ind:13 RMSE(val)=55.188421
[GA][Iter4] Gen:12 Ind:14 RMSE(val)=67.176947
[GA][Iter4] Gen:12 Ind:15 RMSE(val)=54.779177
[GA][Iter4] Gen:12 Ind:16 RMSE(val)=54.980629
[GA][Iter4] Gen:12 Ind:17 RMSE(val)=54.980629
[GA][Iter4] Gen:12 Ind:18 RMSE(val)=54.980629
[GA][Iter4] Gen:12 Ind:19 RMSE(val)=54.980629
[GA][Iter4] Gen:12 Ind:20 RMSE(val)=54.884824
[GA][Iter4] gen=12 best_val_rmse=54.779177
[GA][Iter4] Gen:13 Ind:1 RMSE(val)=54.779177
[GA][Iter4] Gen:13 Ind:2 RMSE(val)=54.779177
[GA][Iter4] Gen:13 Ind:3 RMSE(val)=54.779177
[GA][Iter4] Gen:13 Ind:4 RMSE(val)=54.779177
[GA][Iter4] Gen:13 Ind:5 RMSE(val)=54.779177
[GA][Iter4] Gen:13 Ind:6 RMSE(val)=54.884824
[GA][Iter4] Gen:13 Ind:7 RMSE(val)=54.884824
[GA][Iter4] Gen:13 Ind:8 RMSE(val)=54.980629
[GA][Iter4] Gen:13 Ind:9 RMSE(val)=54.980629
[GA][Iter4] Gen:13 Ind:10 RMSE(val)=54.980629
[GA][Iter4] Gen:13 Ind:11 RMSE(val)=55.520045
[GA][Iter4] Gen:13 Ind:12 RMSE(val)=54.779177
[GA][Iter4] Gen:13 Ind:13 RMSE(val)=54.860544
[GA][Iter4] Gen:13 Ind:14 RMSE(val)=54.992555
[GA][Iter4] Gen:13 Ind:15 RMSE(val)=54.980629
[GA][Iter4] Gen:13 Ind:16 RMSE(val)=54.710092
[GA][Iter4] Gen:13 Ind:17 RMSE(val)=54.980629
[GA][Iter4] Gen:13 Ind:18 RMSE(val)=54.815475
[GA][Iter4] Gen:13 Ind:19 RMSE(val)=54.779177
[GA][Iter4] Gen:13 Ind:20 RMSE(val)=54.779177
[GA][Iter4] gen=13 best_val_rmse=54.710092
[GA][Iter4] Gen:14 Ind:1 RMSE(val)=54.710092
[GA][Iter4] Gen:14 Ind:2 RMSE(val)=54.779177
[GA][Iter4] Gen:14 Ind:3 RMSE(val)=54.779177
[GA][Iter4] Gen:14 Ind:4 RMSE(val)=54.779177
[GA][Iter4] Gen:14 Ind:5 RMSE(val)=54.779177
[GA][Iter4] Gen:14 Ind:6 RMSE(val)=54.779177
[GA][Iter4] Gen:14 Ind:7 RMSE(val)=54.779177
[GA][Iter4] Gen:14 Ind:8 RMSE(val)=54.779177
[GA][Iter4] Gen:14 Ind:9 RMSE(val)=54.779177
[GA][Iter4] Gen:14 Ind:10 RMSE(val)=54.815475
[GA][Iter4] Gen:14 Ind:11 RMSE(val)=54.779177
[GA][Iter4] Gen:14 Ind:12 RMSE(val)=54.779177
[GA][Iter4] Gen:14 Ind:13 RMSE(val)=54.814421
[GA][Iter4] Gen:14 Ind:14 RMSE(val)=54.779177
[GA][Iter4] Gen:14 Ind:15 RMSE(val)=54.791740
[GA][Iter4] Gen:14 Ind:16 RMSE(val)=54.822362
[GA][Iter4] Gen:14 Ind:17 RMSE(val)=54.787926
[GA][Iter4] Gen:14 Ind:18 RMSE(val)=54.779177
[GA][Iter4] Gen:14 Ind:19 RMSE(val)=54.779177
[GA][Iter4] Gen:14 Ind:20 RMSE(val)=54.779177
[GA][Iter4] gen=14 best_val_rmse=54.710092
[GA][Iter4] Gen:15 Ind:1 RMSE(val)=54.710092
[GA][Iter4] Gen:15 Ind:2 RMSE(val)=54.779177
[GA][Iter4] Gen:15 Ind:3 RMSE(val)=54.779177
[GA][Iter4] Gen:15 Ind:4 RMSE(val)=54.779177
[GA][Iter4] Gen:15 Ind:5 RMSE(val)=54.779177
[GA][Iter4] Gen:15 Ind:6 RMSE(val)=54.779177
[GA][Iter4] Gen:15 Ind:7 RMSE(val)=54.779177
[GA][Iter4] Gen:15 Ind:8 RMSE(val)=54.779177
[GA][Iter4] Gen:15 Ind:9 RMSE(val)=54.779177
[GA][Iter4] Gen:15 Ind:10 RMSE(val)=54.779177
[GA][Iter4] Gen:15 Ind:11 RMSE(val)=54.716269
[GA][Iter4] Gen:15 Ind:12 RMSE(val)=54.779177
[GA][Iter4] Gen:15 Ind:13 RMSE(val)=54.779177
[GA][Iter4] Gen:15 Ind:14 RMSE(val)=55.625342
[GA][Iter4] Gen:15 Ind:15 RMSE(val)=54.779177
[GA][Iter4] Gen:15 Ind:16 RMSE(val)=54.710092
[GA][Iter4] Gen:15 Ind:17 RMSE(val)=54.779177
[GA][Iter4] Gen:15 Ind:18 RMSE(val)=54.779177
[GA][Iter4] Gen:15 Ind:19 RMSE(val)=54.779177
[GA][Iter4] Gen:15 Ind:20 RMSE(val)=54.779177
[GA][Iter4] gen=15 best_val_rmse=54.710092
[GA][Iter4] Gen:15 Ind:1 RMSE(val)=54.710092
[GA][Iter4] Gen:15 Ind:2 RMSE(val)=54.710092
[GA][Iter4] Gen:15 Ind:3 RMSE(val)=54.716269
[GA][Iter4] Gen:15 Ind:4 RMSE(val)=54.779177
[GA][Iter4] Gen:15 Ind:5 RMSE(val)=54.779177
[GA][Iter4] Gen:15 Ind:6 RMSE(val)=54.779177
[GA][Iter4] Gen:15 Ind:7 RMSE(val)=54.779177
[GA][Iter4] Gen:15 Ind:8 RMSE(val)=54.779177
[GA][Iter4] Gen:15 Ind:9 RMSE(val)=54.779177
[GA][Iter4] Gen:15 Ind:10 RMSE(val)=54.779177
[GA][Iter4] Gen:15 Ind:11 RMSE(val)=54.779177
[GA][Iter4] Gen:15 Ind:12 RMSE(val)=54.755969
[GA][Iter4] Gen:15 Ind:13 RMSE(val)=55.496134
[GA][Iter4] Gen:15 Ind:14 RMSE(val)=54.779177
[GA][Iter4] Gen:15 Ind:15 RMSE(val)=62.621112
[GA][Iter4] Gen:15 Ind:16 RMSE(val)=54.779177
[GA][Iter4] Gen:15 Ind:17 RMSE(val)=54.779177
[GA][Iter4] Gen:15 Ind:18 RMSE(val)=55.090858
[GA][Iter4] Gen:15 Ind:19 RMSE(val)=54.779177
[GA][Iter4] Gen:15 Ind:20 RMSE(val)=54.590110

[GA DONE][Iter4] Best params on val fold of Iter4
Best val RMSE: 54.590110
Best params: {'n_estimators': 852, 'learning_rate': 0.00801794070264752, 'max_depth': 2, 'min_samples_split': 13, 'min_samples_leaf': 1, 'subsample': 0.7539069246698, 'max_features': None}
--------------------------------------------------------------------------------
[RETUNE GA] Iter4: train folds 1..8 -> test fold 9  RMSE=101.533377  NRMSE=1.100633  CVRMSE=0.087610  R2=-0.225644
[GA][Iter5] Gen:1 Ind:1 RMSE(val)=99.432505
[GA][Iter5] Gen:1 Ind:2 RMSE(val)=101.060493
[GA][Iter5] Gen:1 Ind:3 RMSE(val)=101.259830
[GA][Iter5] Gen:1 Ind:4 RMSE(val)=105.557522
[GA][Iter5] Gen:1 Ind:5 RMSE(val)=108.380972
[GA][Iter5] Gen:1 Ind:6 RMSE(val)=99.814122
[GA][Iter5] Gen:1 Ind:7 RMSE(val)=101.669966
[GA][Iter5] Gen:1 Ind:8 RMSE(val)=102.247335
[GA][Iter5] Gen:1 Ind:9 RMSE(val)=101.459695
[GA][Iter5] Gen:1 Ind:10 RMSE(val)=100.885611
[GA][Iter5] Gen:1 Ind:11 RMSE(val)=103.780792
[GA][Iter5] Gen:1 Ind:12 RMSE(val)=99.810204
[GA][Iter5] Gen:1 Ind:13 RMSE(val)=105.267201
[GA][Iter5] Gen:1 Ind:14 RMSE(val)=99.604175
[GA][Iter5] Gen:1 Ind:15 RMSE(val)=110.334872
[GA][Iter5] Gen:1 Ind:16 RMSE(val)=101.009444
[GA][Iter5] Gen:1 Ind:17 RMSE(val)=101.971312
[GA][Iter5] Gen:1 Ind:18 RMSE(val)=101.556037
[GA][Iter5] Gen:1 Ind:19 RMSE(val)=106.939107
[GA][Iter5] Gen:1 Ind:20 RMSE(val)=109.568798
[GA][Iter5] gen=1 best_val_rmse=99.432505
[GA][Iter5] Gen:2 Ind:1 RMSE(val)=99.432505
[GA][Iter5] Gen:2 Ind:2 RMSE(val)=99.604175
[GA][Iter5] Gen:2 Ind:3 RMSE(val)=99.810204
[GA][Iter5] Gen:2 Ind:4 RMSE(val)=99.814122
[GA][Iter5] Gen:2 Ind:5 RMSE(val)=100.885611
[GA][Iter5] Gen:2 Ind:6 RMSE(val)=101.009444
[GA][Iter5] Gen:2 Ind:7 RMSE(val)=101.060493
[GA][Iter5] Gen:2 Ind:8 RMSE(val)=101.259830
[GA][Iter5] Gen:2 Ind:9 RMSE(val)=101.459695
[GA][Iter5] Gen:2 Ind:10 RMSE(val)=101.556037
[GA][Iter5] Gen:2 Ind:11 RMSE(val)=101.434847
[GA][Iter5] Gen:2 Ind:12 RMSE(val)=100.349434
[GA][Iter5] Gen:2 Ind:13 RMSE(val)=99.525570
[GA][Iter5] Gen:2 Ind:14 RMSE(val)=99.477848
[GA][Iter5] Gen:2 Ind:15 RMSE(val)=102.445959
[GA][Iter5] Gen:2 Ind:16 RMSE(val)=99.432505
[GA][Iter5] Gen:2 Ind:17 RMSE(val)=100.856886
[GA][Iter5] Gen:2 Ind:18 RMSE(val)=99.943931
[GA][Iter5] Gen:2 Ind:19 RMSE(val)=101.550117
[GA][Iter5] Gen:2 Ind:20 RMSE(val)=100.162789
[GA][Iter5] gen=2 best_val_rmse=99.432505
[GA][Iter5] Gen:3 Ind:1 RMSE(val)=99.432505
[GA][Iter5] Gen:3 Ind:2 RMSE(val)=99.432505
[GA][Iter5] Gen:3 Ind:3 RMSE(val)=99.477848
[GA][Iter5] Gen:3 Ind:4 RMSE(val)=99.525570
[GA][Iter5] Gen:3 Ind:5 RMSE(val)=99.604175
[GA][Iter5] Gen:3 Ind:6 RMSE(val)=99.810204
[GA][Iter5] Gen:3 Ind:7 RMSE(val)=99.814122
[GA][Iter5] Gen:3 Ind:8 RMSE(val)=99.943931
[GA][Iter5] Gen:3 Ind:9 RMSE(val)=100.162789
[GA][Iter5] Gen:3 Ind:10 RMSE(val)=100.349434
[GA][Iter5] Gen:3 Ind:11 RMSE(val)=99.325307
[GA][Iter5] Gen:3 Ind:12 RMSE(val)=100.058195
[GA][Iter5] Gen:3 Ind:13 RMSE(val)=99.959966
[GA][Iter5] Gen:3 Ind:14 RMSE(val)=100.162789
[GA][Iter5] Gen:3 Ind:15 RMSE(val)=99.432505
[GA][Iter5] Gen:3 Ind:16 RMSE(val)=98.789822
[GA][Iter5] Gen:3 Ind:17 RMSE(val)=99.678585
[GA][Iter5] Gen:3 Ind:18 RMSE(val)=99.502552
[GA][Iter5] Gen:3 Ind:19 RMSE(val)=101.798563
[GA][Iter5] Gen:3 Ind:20 RMSE(val)=101.403501
[GA][Iter5] gen=3 best_val_rmse=98.789822
[GA][Iter5] Gen:4 Ind:1 RMSE(val)=98.789822
[GA][Iter5] Gen:4 Ind:2 RMSE(val)=99.325307
[GA][Iter5] Gen:4 Ind:3 RMSE(val)=99.432505
[GA][Iter5] Gen:4 Ind:4 RMSE(val)=99.432505
[GA][Iter5] Gen:4 Ind:5 RMSE(val)=99.432505
[GA][Iter5] Gen:4 Ind:6 RMSE(val)=99.477848
[GA][Iter5] Gen:4 Ind:7 RMSE(val)=99.502552
[GA][Iter5] Gen:4 Ind:8 RMSE(val)=99.525570
[GA][Iter5] Gen:4 Ind:9 RMSE(val)=99.604175
[GA][Iter5] Gen:4 Ind:10 RMSE(val)=99.678585
[GA][Iter5] Gen:4 Ind:11 RMSE(val)=103.075284
[GA][Iter5] Gen:4 Ind:12 RMSE(val)=97.670981
[GA][Iter5] Gen:4 Ind:13 RMSE(val)=100.900864
[GA][Iter5] Gen:4 Ind:14 RMSE(val)=99.688221
[GA][Iter5] Gen:4 Ind:15 RMSE(val)=100.395071
[GA][Iter5] Gen:4 Ind:16 RMSE(val)=97.957566
[GA][Iter5] Gen:4 Ind:17 RMSE(val)=102.668092
[GA][Iter5] Gen:4 Ind:18 RMSE(val)=99.981170
[GA][Iter5] Gen:4 Ind:19 RMSE(val)=97.856169
[GA][Iter5] Gen:4 Ind:20 RMSE(val)=98.216173
[GA][Iter5] gen=4 best_val_rmse=97.670981
[GA][Iter5] Gen:5 Ind:1 RMSE(val)=97.670981
[GA][Iter5] Gen:5 Ind:2 RMSE(val)=97.856169
[GA][Iter5] Gen:5 Ind:3 RMSE(val)=97.957566
[GA][Iter5] Gen:5 Ind:4 RMSE(val)=98.216173
[GA][Iter5] Gen:5 Ind:5 RMSE(val)=98.789822
[GA][Iter5] Gen:5 Ind:6 RMSE(val)=99.325307
[GA][Iter5] Gen:5 Ind:7 RMSE(val)=99.432505
[GA][Iter5] Gen:5 Ind:8 RMSE(val)=99.432505
[GA][Iter5] Gen:5 Ind:9 RMSE(val)=99.432505
[GA][Iter5] Gen:5 Ind:10 RMSE(val)=99.477848
[GA][Iter5] Gen:5 Ind:11 RMSE(val)=98.679657
[GA][Iter5] Gen:5 Ind:12 RMSE(val)=99.809516
[GA][Iter5] Gen:5 Ind:13 RMSE(val)=99.477848
[GA][Iter5] Gen:5 Ind:14 RMSE(val)=99.725368
[GA][Iter5] Gen:5 Ind:15 RMSE(val)=98.489808
[GA][Iter5] Gen:5 Ind:16 RMSE(val)=99.432505
[GA][Iter5] Gen:5 Ind:17 RMSE(val)=99.432505
[GA][Iter5] Gen:5 Ind:18 RMSE(val)=99.477848
[GA][Iter5] Gen:5 Ind:19 RMSE(val)=99.725368
[GA][Iter5] Gen:5 Ind:20 RMSE(val)=100.679210
[GA][Iter5] gen=5 best_val_rmse=97.670981
[GA][Iter5] Gen:6 Ind:1 RMSE(val)=97.670981
[GA][Iter5] Gen:6 Ind:2 RMSE(val)=97.856169
[GA][Iter5] Gen:6 Ind:3 RMSE(val)=97.957566
[GA][Iter5] Gen:6 Ind:4 RMSE(val)=98.216173
[GA][Iter5] Gen:6 Ind:5 RMSE(val)=98.489808
[GA][Iter5] Gen:6 Ind:6 RMSE(val)=98.679657
[GA][Iter5] Gen:6 Ind:7 RMSE(val)=98.789822
[GA][Iter5] Gen:6 Ind:8 RMSE(val)=99.325307
[GA][Iter5] Gen:6 Ind:9 RMSE(val)=99.432505
[GA][Iter5] Gen:6 Ind:10 RMSE(val)=99.432505
[GA][Iter5] Gen:6 Ind:11 RMSE(val)=99.300362
[GA][Iter5] Gen:6 Ind:12 RMSE(val)=98.198786
[GA][Iter5] Gen:6 Ind:13 RMSE(val)=97.904432
[GA][Iter5] Gen:6 Ind:14 RMSE(val)=98.648433
[GA][Iter5] Gen:6 Ind:15 RMSE(val)=98.679657
[GA][Iter5] Gen:6 Ind:16 RMSE(val)=97.867771
[GA][Iter5] Gen:6 Ind:17 RMSE(val)=100.705540
[GA][Iter5] Gen:6 Ind:18 RMSE(val)=98.679657
[GA][Iter5] Gen:6 Ind:19 RMSE(val)=97.904432
[GA][Iter5] Gen:6 Ind:20 RMSE(val)=98.301360
[GA][Iter5] gen=6 best_val_rmse=97.670981
[GA][Iter5] Gen:7 Ind:1 RMSE(val)=97.670981
[GA][Iter5] Gen:7 Ind:2 RMSE(val)=97.856169
[GA][Iter5] Gen:7 Ind:3 RMSE(val)=97.867771
[GA][Iter5] Gen:7 Ind:4 RMSE(val)=97.904432
[GA][Iter5] Gen:7 Ind:5 RMSE(val)=97.904432
[GA][Iter5] Gen:7 Ind:6 RMSE(val)=97.957566
[GA][Iter5] Gen:7 Ind:7 RMSE(val)=98.198786
[GA][Iter5] Gen:7 Ind:8 RMSE(val)=98.216173
[GA][Iter5] Gen:7 Ind:9 RMSE(val)=98.301360
[GA][Iter5] Gen:7 Ind:10 RMSE(val)=98.489808
[GA][Iter5] Gen:7 Ind:11 RMSE(val)=98.301360
[GA][Iter5] Gen:7 Ind:12 RMSE(val)=98.045728
[GA][Iter5] Gen:7 Ind:13 RMSE(val)=97.670981
[GA][Iter5] Gen:7 Ind:14 RMSE(val)=97.885766
[GA][Iter5] Gen:7 Ind:15 RMSE(val)=98.578639
[GA][Iter5] Gen:7 Ind:16 RMSE(val)=97.797719
[GA][Iter5] Gen:7 Ind:17 RMSE(val)=98.019454
[GA][Iter5] Gen:7 Ind:18 RMSE(val)=97.670981
[GA][Iter5] Gen:7 Ind:19 RMSE(val)=98.019454
[GA][Iter5] Gen:7 Ind:20 RMSE(val)=98.098458
[GA][Iter5] gen=7 best_val_rmse=97.670981
[GA][Iter5] Gen:8 Ind:1 RMSE(val)=97.670981
[GA][Iter5] Gen:8 Ind:2 RMSE(val)=97.670981
[GA][Iter5] Gen:8 Ind:3 RMSE(val)=97.670981
[GA][Iter5] Gen:8 Ind:4 RMSE(val)=97.797719
[GA][Iter5] Gen:8 Ind:5 RMSE(val)=97.856169
[GA][Iter5] Gen:8 Ind:6 RMSE(val)=97.867771
[GA][Iter5] Gen:8 Ind:7 RMSE(val)=97.885766
[GA][Iter5] Gen:8 Ind:8 RMSE(val)=97.904432
[GA][Iter5] Gen:8 Ind:9 RMSE(val)=97.904432
[GA][Iter5] Gen:8 Ind:10 RMSE(val)=97.957566
[GA][Iter5] Gen:8 Ind:11 RMSE(val)=98.420181
[GA][Iter5] Gen:8 Ind:12 RMSE(val)=97.566603
[GA][Iter5] Gen:8 Ind:13 RMSE(val)=97.904432
[GA][Iter5] Gen:8 Ind:14 RMSE(val)=97.670981
[GA][Iter5] Gen:8 Ind:15 RMSE(val)=97.904432
[GA][Iter5] Gen:8 Ind:16 RMSE(val)=98.490064
[GA][Iter5] Gen:8 Ind:17 RMSE(val)=97.670981
[GA][Iter5] Gen:8 Ind:18 RMSE(val)=97.904432
[GA][Iter5] Gen:8 Ind:19 RMSE(val)=97.748651
[GA][Iter5] Gen:8 Ind:20 RMSE(val)=97.670981
[GA][Iter5] gen=8 best_val_rmse=97.566603
[GA][Iter5] Gen:9 Ind:1 RMSE(val)=97.566603
[GA][Iter5] Gen:9 Ind:2 RMSE(val)=97.670981
[GA][Iter5] Gen:9 Ind:3 RMSE(val)=97.670981
[GA][Iter5] Gen:9 Ind:4 RMSE(val)=97.670981
[GA][Iter5] Gen:9 Ind:5 RMSE(val)=97.670981
[GA][Iter5] Gen:9 Ind:6 RMSE(val)=97.670981
[GA][Iter5] Gen:9 Ind:7 RMSE(val)=97.670981
[GA][Iter5] Gen:9 Ind:8 RMSE(val)=97.748651
[GA][Iter5] Gen:9 Ind:9 RMSE(val)=97.797719
[GA][Iter5] Gen:9 Ind:10 RMSE(val)=97.856169
[GA][Iter5] Gen:9 Ind:11 RMSE(val)=98.282660
[GA][Iter5] Gen:9 Ind:12 RMSE(val)=97.867771
[GA][Iter5] Gen:9 Ind:13 RMSE(val)=97.670981
[GA][Iter5] Gen:9 Ind:14 RMSE(val)=97.670981
[GA][Iter5] Gen:9 Ind:15 RMSE(val)=97.670981
[GA][Iter5] Gen:9 Ind:16 RMSE(val)=98.212560
[GA][Iter5] Gen:9 Ind:17 RMSE(val)=97.670981
[GA][Iter5] Gen:9 Ind:18 RMSE(val)=97.670981
[GA][Iter5] Gen:9 Ind:19 RMSE(val)=97.670981
[GA][Iter5] Gen:9 Ind:20 RMSE(val)=97.670981
[GA][Iter5] gen=9 best_val_rmse=97.566603
[GA][Iter5] Gen:10 Ind:1 RMSE(val)=97.566603
[GA][Iter5] Gen:10 Ind:2 RMSE(val)=97.670981
[GA][Iter5] Gen:10 Ind:3 RMSE(val)=97.670981
[GA][Iter5] Gen:10 Ind:4 RMSE(val)=97.670981
[GA][Iter5] Gen:10 Ind:5 RMSE(val)=97.670981
[GA][Iter5] Gen:10 Ind:6 RMSE(val)=97.670981
[GA][Iter5] Gen:10 Ind:7 RMSE(val)=97.670981
[GA][Iter5] Gen:10 Ind:8 RMSE(val)=97.670981
[GA][Iter5] Gen:10 Ind:9 RMSE(val)=97.670981
[GA][Iter5] Gen:10 Ind:10 RMSE(val)=97.670981
[GA][Iter5] Gen:10 Ind:11 RMSE(val)=97.613070
[GA][Iter5] Gen:10 Ind:12 RMSE(val)=97.670981
[GA][Iter5] Gen:10 Ind:13 RMSE(val)=97.670981
[GA][Iter5] Gen:10 Ind:14 RMSE(val)=97.670981
[GA][Iter5] Gen:10 Ind:15 RMSE(val)=97.670981
[GA][Iter5] Gen:10 Ind:16 RMSE(val)=97.670981
[GA][Iter5] Gen:10 Ind:17 RMSE(val)=97.670981
[GA][Iter5] Gen:10 Ind:18 RMSE(val)=97.670981
[GA][Iter5] Gen:10 Ind:19 RMSE(val)=97.670981
[GA][Iter5] Gen:10 Ind:20 RMSE(val)=97.843917
[GA][Iter5] gen=10 best_val_rmse=97.566603
[GA][Iter5] Gen:11 Ind:1 RMSE(val)=97.566603
[GA][Iter5] Gen:11 Ind:2 RMSE(val)=97.613070
[GA][Iter5] Gen:11 Ind:3 RMSE(val)=97.670981
[GA][Iter5] Gen:11 Ind:4 RMSE(val)=97.670981
[GA][Iter5] Gen:11 Ind:5 RMSE(val)=97.670981
[GA][Iter5] Gen:11 Ind:6 RMSE(val)=97.670981
[GA][Iter5] Gen:11 Ind:7 RMSE(val)=97.670981
[GA][Iter5] Gen:11 Ind:8 RMSE(val)=97.670981
[GA][Iter5] Gen:11 Ind:9 RMSE(val)=97.670981
[GA][Iter5] Gen:11 Ind:10 RMSE(val)=97.670981
[GA][Iter5] Gen:11 Ind:11 RMSE(val)=97.670981
[GA][Iter5] Gen:11 Ind:12 RMSE(val)=97.670981
[GA][Iter5] Gen:11 Ind:13 RMSE(val)=97.613070
[GA][Iter5] Gen:11 Ind:14 RMSE(val)=97.670981
[GA][Iter5] Gen:11 Ind:15 RMSE(val)=97.670981
[GA][Iter5] Gen:11 Ind:16 RMSE(val)=97.670981
[GA][Iter5] Gen:11 Ind:17 RMSE(val)=97.670981
[GA][Iter5] Gen:11 Ind:18 RMSE(val)=98.019553
[GA][Iter5] Gen:11 Ind:19 RMSE(val)=97.670981
[GA][Iter5] Gen:11 Ind:20 RMSE(val)=97.677570
[GA][Iter5] gen=11 best_val_rmse=97.566603
[GA][Iter5] Gen:12 Ind:1 RMSE(val)=97.566603
[GA][Iter5] Gen:12 Ind:2 RMSE(val)=97.613070
[GA][Iter5] Gen:12 Ind:3 RMSE(val)=97.613070
[GA][Iter5] Gen:12 Ind:4 RMSE(val)=97.670981
[GA][Iter5] Gen:12 Ind:5 RMSE(val)=97.670981
[GA][Iter5] Gen:12 Ind:6 RMSE(val)=97.670981
[GA][Iter5] Gen:12 Ind:7 RMSE(val)=97.670981
[GA][Iter5] Gen:12 Ind:8 RMSE(val)=97.670981
[GA][Iter5] Gen:12 Ind:9 RMSE(val)=97.670981
[GA][Iter5] Gen:12 Ind:10 RMSE(val)=97.670981
[GA][Iter5] Gen:12 Ind:11 RMSE(val)=97.613070
[GA][Iter5] Gen:12 Ind:12 RMSE(val)=97.604015
[GA][Iter5] Gen:12 Ind:13 RMSE(val)=97.607093
[GA][Iter5] Gen:12 Ind:14 RMSE(val)=99.328993
[GA][Iter5] Gen:12 Ind:15 RMSE(val)=97.722990
[GA][Iter5] Gen:12 Ind:16 RMSE(val)=97.670981
[GA][Iter5] Gen:12 Ind:17 RMSE(val)=97.670981
[GA][Iter5] Gen:12 Ind:18 RMSE(val)=97.670981
[GA][Iter5] Gen:12 Ind:19 RMSE(val)=97.670981
[GA][Iter5] Gen:12 Ind:20 RMSE(val)=97.670981
[GA][Iter5] gen=12 best_val_rmse=97.566603
[GA][Iter5] Gen:13 Ind:1 RMSE(val)=97.566603
[GA][Iter5] Gen:13 Ind:2 RMSE(val)=97.604015
[GA][Iter5] Gen:13 Ind:3 RMSE(val)=97.607093
[GA][Iter5] Gen:13 Ind:4 RMSE(val)=97.613070
[GA][Iter5] Gen:13 Ind:5 RMSE(val)=97.613070
[GA][Iter5] Gen:13 Ind:6 RMSE(val)=97.613070
[GA][Iter5] Gen:13 Ind:7 RMSE(val)=97.670981
[GA][Iter5] Gen:13 Ind:8 RMSE(val)=97.670981
[GA][Iter5] Gen:13 Ind:9 RMSE(val)=97.670981
[GA][Iter5] Gen:13 Ind:10 RMSE(val)=97.670981
[GA][Iter5] Gen:13 Ind:11 RMSE(val)=97.948261
[GA][Iter5] Gen:13 Ind:12 RMSE(val)=97.604015
[GA][Iter5] Gen:13 Ind:13 RMSE(val)=97.703670
[GA][Iter5] Gen:13 Ind:14 RMSE(val)=97.670981
[GA][Iter5] Gen:13 Ind:15 RMSE(val)=97.670981
[GA][Iter5] Gen:13 Ind:16 RMSE(val)=97.670981
[GA][Iter5] Gen:13 Ind:17 RMSE(val)=97.670981
[GA][Iter5] Gen:13 Ind:18 RMSE(val)=97.688323
[GA][Iter5] Gen:13 Ind:19 RMSE(val)=97.670981
[GA][Iter5] Gen:13 Ind:20 RMSE(val)=97.607093
[GA][Iter5] gen=13 best_val_rmse=97.566603
[GA][Iter5] Gen:14 Ind:1 RMSE(val)=97.566603
[GA][Iter5] Gen:14 Ind:2 RMSE(val)=97.604015
[GA][Iter5] Gen:14 Ind:3 RMSE(val)=97.604015
[GA][Iter5] Gen:14 Ind:4 RMSE(val)=97.607093
[GA][Iter5] Gen:14 Ind:5 RMSE(val)=97.607093
[GA][Iter5] Gen:14 Ind:6 RMSE(val)=97.613070
[GA][Iter5] Gen:14 Ind:7 RMSE(val)=97.613070
[GA][Iter5] Gen:14 Ind:8 RMSE(val)=97.613070
[GA][Iter5] Gen:14 Ind:9 RMSE(val)=97.670981
[GA][Iter5] Gen:14 Ind:10 RMSE(val)=97.670981
[GA][Iter5] Gen:14 Ind:11 RMSE(val)=97.613070
[GA][Iter5] Gen:14 Ind:12 RMSE(val)=97.670981
[GA][Iter5] Gen:14 Ind:13 RMSE(val)=97.670981
[GA][Iter5] Gen:14 Ind:14 RMSE(val)=97.670981
[GA][Iter5] Gen:14 Ind:15 RMSE(val)=97.613070
[GA][Iter5] Gen:14 Ind:16 RMSE(val)=97.607093
[GA][Iter5] Gen:14 Ind:17 RMSE(val)=97.658265
[GA][Iter5] Gen:14 Ind:18 RMSE(val)=97.607093
[GA][Iter5] Gen:14 Ind:19 RMSE(val)=97.668383
[GA][Iter5] Gen:14 Ind:20 RMSE(val)=97.786420
[GA][Iter5] gen=14 best_val_rmse=97.566603
[GA][Iter5] Gen:15 Ind:1 RMSE(val)=97.566603
[GA][Iter5] Gen:15 Ind:2 RMSE(val)=97.604015
[GA][Iter5] Gen:15 Ind:3 RMSE(val)=97.604015
[GA][Iter5] Gen:15 Ind:4 RMSE(val)=97.607093
[GA][Iter5] Gen:15 Ind:5 RMSE(val)=97.607093
[GA][Iter5] Gen:15 Ind:6 RMSE(val)=97.607093
[GA][Iter5] Gen:15 Ind:7 RMSE(val)=97.607093
[GA][Iter5] Gen:15 Ind:8 RMSE(val)=97.613070
[GA][Iter5] Gen:15 Ind:9 RMSE(val)=97.613070
[GA][Iter5] Gen:15 Ind:10 RMSE(val)=97.613070
[GA][Iter5] Gen:15 Ind:11 RMSE(val)=97.415351
[GA][Iter5] Gen:15 Ind:12 RMSE(val)=97.786420
[GA][Iter5] Gen:15 Ind:13 RMSE(val)=97.607093
[GA][Iter5] Gen:15 Ind:14 RMSE(val)=98.101608
[GA][Iter5] Gen:15 Ind:15 RMSE(val)=97.848209
[GA][Iter5] Gen:15 Ind:16 RMSE(val)=97.848209
[GA][Iter5] Gen:15 Ind:17 RMSE(val)=98.189165
[GA][Iter5] Gen:15 Ind:18 RMSE(val)=97.786420
[GA][Iter5] Gen:15 Ind:19 RMSE(val)=97.607093
[GA][Iter5] Gen:15 Ind:20 RMSE(val)=97.566603
[GA][Iter5] gen=15 best_val_rmse=97.415351
[GA][Iter5] Gen:15 Ind:1 RMSE(val)=97.415351
[GA][Iter5] Gen:15 Ind:2 RMSE(val)=97.566603
[GA][Iter5] Gen:15 Ind:3 RMSE(val)=97.566603
[GA][Iter5] Gen:15 Ind:4 RMSE(val)=97.604015
[GA][Iter5] Gen:15 Ind:5 RMSE(val)=97.604015
[GA][Iter5] Gen:15 Ind:6 RMSE(val)=97.607093
[GA][Iter5] Gen:15 Ind:7 RMSE(val)=97.607093
[GA][Iter5] Gen:15 Ind:8 RMSE(val)=97.607093
[GA][Iter5] Gen:15 Ind:9 RMSE(val)=97.607093
[GA][Iter5] Gen:15 Ind:10 RMSE(val)=97.607093
[GA][Iter5] Gen:15 Ind:11 RMSE(val)=97.670981
[GA][Iter5] Gen:15 Ind:12 RMSE(val)=97.754468
[GA][Iter5] Gen:15 Ind:13 RMSE(val)=98.835916
[GA][Iter5] Gen:15 Ind:14 RMSE(val)=97.848209
[GA][Iter5] Gen:15 Ind:15 RMSE(val)=98.104479
[GA][Iter5] Gen:15 Ind:16 RMSE(val)=97.348217
[GA][Iter5] Gen:15 Ind:17 RMSE(val)=97.607093
[GA][Iter5] Gen:15 Ind:18 RMSE(val)=97.594278
[GA][Iter5] Gen:15 Ind:19 RMSE(val)=97.670981
[GA][Iter5] Gen:15 Ind:20 RMSE(val)=98.220005

[GA DONE][Iter5] Best params on val fold of Iter5
Best val RMSE: 97.348217
Best params: {'n_estimators': 937, 'learning_rate': 0.011166700255141233, 'max_depth': 4, 'min_samples_split': 8, 'min_samples_leaf': 17, 'subsample': 0.5558561076442559, 'max_features': None}
--------------------------------------------------------------------------------
[RETUNE GA] Iter5: train folds 1..9 -> test fold 10  RMSE=39.350603  NRMSE=1.083752  CVRMSE=0.034198  R2=-0.188336
