=== BASELINE (project=orange, last-7 mean, expanding folds) ===
Iter1: train folds 1..5 -> test fold 6  RMSE=133.9628  NRMSE=1.0457  CVRMSE=0.1625  R˛=-0.0987
Iter2: train folds 1..6 -> test fold 7  RMSE=155.1727  NRMSE=1.0782  CVRMSE=0.1767  R˛=-0.1682
Iter3: train folds 1..7 -> test fold 8  RMSE=207.6010  NRMSE=1.0608  CVRMSE=0.2265  R˛=-0.1307
Iter4: train folds 1..8 -> test fold 9  RMSE=189.1541  NRMSE=1.0683  CVRMSE=0.2003  R˛=-0.1467
Iter5: train folds 1..9 -> test fold 10  RMSE=151.6303  NRMSE=1.0553  CVRMSE=0.1522  R˛=-0.1190
--------------------------------------------------
[FEATURES] initial=121 kept_after_screening=63
['branch', 'workflow_event_trigger', 'issuer_name', 'gh_files_added', 'gh_files_deleted', 'gh_lines_added', 'gh_test_churn', 'gh_doc_files', 'gh_other_files', 'gh_num_pr_comments', 'gh_test_lines_per_kloc', 'workflow_size', 'hour', 'dow', 'month', 'secs_since_prev', 'duration_lag_1', 'window_avg_7', 'window_std_7', 'ft___css_', 'ft___html_', 'ft___js_', 'ft___kt_', 'ft___kt__', 'ft___kts_', 'ft___kts__', 'ft___kt____dup1', 'ft___md___', 'ft___mustache_', 'ft___png__', 'ft___png____dup1', 'ft___png___', 'ft___properties_', 'ft___properties__', 'ft___toml_', 'ft___toml__', 'ft___txt_', 'ft___txt__', 'ft___webp_', 'ft___xml_', 'ft___xml__', 'ft___yml__', 'ft___yml____dup1', 'ft____json_', 'ft____json__', 'ft____kt_', 'ft____kt__', 'ft____kts_', 'ft____kts__', 'ft____kt____dup1', 'ft____md_', 'ft____md__', 'ft____png__', 'ft____properties__', 'ft____toml_', 'ft____toml__', 'ft____ttf_', 'ft____txt_', 'ft____txt__', 'ft____xml_', 'ft____xml__', 'ft____yml__', 'ft___']
--------------------------------------------------------------------------------
[GA][Iter1] Gen:1 Ind:1 RMSE(val)=6173.719855
[GA][Iter1] Gen:1 Ind:2 RMSE(val)=6177.265304
[GA][Iter1] Gen:1 Ind:3 RMSE(val)=6177.674013
[GA][Iter1] Gen:1 Ind:4 RMSE(val)=6175.616848
[GA][Iter1] Gen:1 Ind:5 RMSE(val)=6181.194840
[GA][Iter1] Gen:1 Ind:6 RMSE(val)=6176.386942
[GA][Iter1] Gen:1 Ind:7 RMSE(val)=6174.436744
[GA][Iter1] Gen:1 Ind:8 RMSE(val)=6172.925527
[GA][Iter1] Gen:1 Ind:9 RMSE(val)=6178.011331
[GA][Iter1] Gen:1 Ind:10 RMSE(val)=6176.902192
[GA][Iter1] Gen:1 Ind:11 RMSE(val)=6170.755105
[GA][Iter1] Gen:1 Ind:12 RMSE(val)=6179.084873
[GA][Iter1] Gen:1 Ind:13 RMSE(val)=6166.656248
[GA][Iter1] Gen:1 Ind:14 RMSE(val)=6179.343215
[GA][Iter1] Gen:1 Ind:15 RMSE(val)=6173.895243
[GA][Iter1] Gen:1 Ind:16 RMSE(val)=6177.621550
[GA][Iter1] Gen:1 Ind:17 RMSE(val)=6168.132793
[GA][Iter1] Gen:1 Ind:18 RMSE(val)=6176.501235
[GA][Iter1] Gen:1 Ind:19 RMSE(val)=6167.376590
[GA][Iter1] Gen:1 Ind:20 RMSE(val)=6176.970132
[GA][Iter1] gen=1 best_val_rmse=6166.656248
[GA][Iter1] Gen:2 Ind:1 RMSE(val)=6166.656248
[GA][Iter1] Gen:2 Ind:2 RMSE(val)=6167.376590
[GA][Iter1] Gen:2 Ind:3 RMSE(val)=6168.132793
[GA][Iter1] Gen:2 Ind:4 RMSE(val)=6170.755105
[GA][Iter1] Gen:2 Ind:5 RMSE(val)=6172.925527
[GA][Iter1] Gen:2 Ind:6 RMSE(val)=6173.719855
[GA][Iter1] Gen:2 Ind:7 RMSE(val)=6173.895243
[GA][Iter1] Gen:2 Ind:8 RMSE(val)=6174.436744
[GA][Iter1] Gen:2 Ind:9 RMSE(val)=6175.616848
[GA][Iter1] Gen:2 Ind:10 RMSE(val)=6176.386942
[GA][Iter1] Gen:2 Ind:11 RMSE(val)=6170.327885
[GA][Iter1] Gen:2 Ind:12 RMSE(val)=6170.924745
[GA][Iter1] Gen:2 Ind:13 RMSE(val)=6172.426440
[GA][Iter1] Gen:2 Ind:14 RMSE(val)=6171.070221
[GA][Iter1] Gen:2 Ind:15 RMSE(val)=6177.175485
[GA][Iter1] Gen:2 Ind:16 RMSE(val)=6167.662346
[GA][Iter1] Gen:2 Ind:17 RMSE(val)=6175.861976
[GA][Iter1] Gen:2 Ind:18 RMSE(val)=6178.346163
[GA][Iter1] Gen:2 Ind:19 RMSE(val)=6168.680650
[GA][Iter1] Gen:2 Ind:20 RMSE(val)=6169.777982
[GA][Iter1] gen=2 best_val_rmse=6166.656248
[GA][Iter1] Gen:3 Ind:1 RMSE(val)=6166.656248
[GA][Iter1] Gen:3 Ind:2 RMSE(val)=6167.376590
[GA][Iter1] Gen:3 Ind:3 RMSE(val)=6167.662346
[GA][Iter1] Gen:3 Ind:4 RMSE(val)=6168.132793
[GA][Iter1] Gen:3 Ind:5 RMSE(val)=6168.680650
[GA][Iter1] Gen:3 Ind:6 RMSE(val)=6169.777982
[GA][Iter1] Gen:3 Ind:7 RMSE(val)=6170.327885
[GA][Iter1] Gen:3 Ind:8 RMSE(val)=6170.755105
[GA][Iter1] Gen:3 Ind:9 RMSE(val)=6170.924745
[GA][Iter1] Gen:3 Ind:10 RMSE(val)=6171.070221
[GA][Iter1] Gen:3 Ind:11 RMSE(val)=6170.465292
[GA][Iter1] Gen:3 Ind:12 RMSE(val)=6170.810016
[GA][Iter1] Gen:3 Ind:13 RMSE(val)=6164.185314
[GA][Iter1] Gen:3 Ind:14 RMSE(val)=6170.467752
[GA][Iter1] Gen:3 Ind:15 RMSE(val)=6171.164438
[GA][Iter1] Gen:3 Ind:16 RMSE(val)=6171.951346
[GA][Iter1] Gen:3 Ind:17 RMSE(val)=6170.831609
[GA][Iter1] Gen:3 Ind:18 RMSE(val)=6169.988810
[GA][Iter1] Gen:3 Ind:19 RMSE(val)=6172.890939
[GA][Iter1] Gen:3 Ind:20 RMSE(val)=6169.948508
[GA][Iter1] gen=3 best_val_rmse=6164.185314
[GA][Iter1] Gen:4 Ind:1 RMSE(val)=6164.185314
[GA][Iter1] Gen:4 Ind:2 RMSE(val)=6166.656248
[GA][Iter1] Gen:4 Ind:3 RMSE(val)=6167.376590
[GA][Iter1] Gen:4 Ind:4 RMSE(val)=6167.662346
[GA][Iter1] Gen:4 Ind:5 RMSE(val)=6168.132793
[GA][Iter1] Gen:4 Ind:6 RMSE(val)=6168.680650
[GA][Iter1] Gen:4 Ind:7 RMSE(val)=6169.777982
[GA][Iter1] Gen:4 Ind:8 RMSE(val)=6169.948508
[GA][Iter1] Gen:4 Ind:9 RMSE(val)=6169.988810
[GA][Iter1] Gen:4 Ind:10 RMSE(val)=6170.327885
[GA][Iter1] Gen:4 Ind:11 RMSE(val)=6168.680650
[GA][Iter1] Gen:4 Ind:12 RMSE(val)=6166.474434
[GA][Iter1] Gen:4 Ind:13 RMSE(val)=6172.899257
[GA][Iter1] Gen:4 Ind:14 RMSE(val)=6165.514051
[GA][Iter1] Gen:4 Ind:15 RMSE(val)=6173.710734
[GA][Iter1] Gen:4 Ind:16 RMSE(val)=6165.105540
[GA][Iter1] Gen:4 Ind:17 RMSE(val)=6169.474266
[GA][Iter1] Gen:4 Ind:18 RMSE(val)=6169.253295
[GA][Iter1] Gen:4 Ind:19 RMSE(val)=6172.121945
[GA][Iter1] Gen:4 Ind:20 RMSE(val)=6169.075142
[GA][Iter1] gen=4 best_val_rmse=6164.185314
[GA][Iter1] Gen:5 Ind:1 RMSE(val)=6164.185314
[GA][Iter1] Gen:5 Ind:2 RMSE(val)=6165.105540
[GA][Iter1] Gen:5 Ind:3 RMSE(val)=6165.514051
[GA][Iter1] Gen:5 Ind:4 RMSE(val)=6166.474434
[GA][Iter1] Gen:5 Ind:5 RMSE(val)=6166.656248
[GA][Iter1] Gen:5 Ind:6 RMSE(val)=6167.376590
[GA][Iter1] Gen:5 Ind:7 RMSE(val)=6167.662346
[GA][Iter1] Gen:5 Ind:8 RMSE(val)=6168.132793
[GA][Iter1] Gen:5 Ind:9 RMSE(val)=6168.680650
[GA][Iter1] Gen:5 Ind:10 RMSE(val)=6168.680650
[GA][Iter1] Gen:5 Ind:11 RMSE(val)=6163.882708
[GA][Iter1] Gen:5 Ind:12 RMSE(val)=6166.531855
[GA][Iter1] Gen:5 Ind:13 RMSE(val)=6168.680650
[GA][Iter1] Gen:5 Ind:14 RMSE(val)=6165.514051
[GA][Iter1] Gen:5 Ind:15 RMSE(val)=6167.666716
[GA][Iter1] Gen:5 Ind:16 RMSE(val)=6169.323741
[GA][Iter1] Gen:5 Ind:17 RMSE(val)=6163.962425
[GA][Iter1] Gen:5 Ind:18 RMSE(val)=6168.536288
[GA][Iter1] Gen:5 Ind:19 RMSE(val)=6170.214212
[GA][Iter1] Gen:5 Ind:20 RMSE(val)=6166.375652
[GA][Iter1] gen=5 best_val_rmse=6163.882708
[GA][Iter1] Gen:6 Ind:1 RMSE(val)=6163.882708
[GA][Iter1] Gen:6 Ind:2 RMSE(val)=6163.962425
[GA][Iter1] Gen:6 Ind:3 RMSE(val)=6164.185314
[GA][Iter1] Gen:6 Ind:4 RMSE(val)=6165.105540
[GA][Iter1] Gen:6 Ind:5 RMSE(val)=6165.514051
[GA][Iter1] Gen:6 Ind:6 RMSE(val)=6165.514051
[GA][Iter1] Gen:6 Ind:7 RMSE(val)=6166.375652
[GA][Iter1] Gen:6 Ind:8 RMSE(val)=6166.474434
[GA][Iter1] Gen:6 Ind:9 RMSE(val)=6166.531855
[GA][Iter1] Gen:6 Ind:10 RMSE(val)=6166.656248
[GA][Iter1] Gen:6 Ind:11 RMSE(val)=6164.781407
[GA][Iter1] Gen:6 Ind:12 RMSE(val)=6170.971860
[GA][Iter1] Gen:6 Ind:13 RMSE(val)=6164.903339
[GA][Iter1] Gen:6 Ind:14 RMSE(val)=6165.035377
[GA][Iter1] Gen:6 Ind:15 RMSE(val)=6165.514051
[GA][Iter1] Gen:6 Ind:16 RMSE(val)=6166.145050
[GA][Iter1] Gen:6 Ind:17 RMSE(val)=6162.567716
[GA][Iter1] Gen:6 Ind:18 RMSE(val)=6165.514051
[GA][Iter1] Gen:6 Ind:19 RMSE(val)=6166.072848
[GA][Iter1] Gen:6 Ind:20 RMSE(val)=6166.474434
[GA][Iter1] gen=6 best_val_rmse=6162.567716
[GA][Iter1] Gen:7 Ind:1 RMSE(val)=6162.567716
[GA][Iter1] Gen:7 Ind:2 RMSE(val)=6163.882708
[GA][Iter1] Gen:7 Ind:3 RMSE(val)=6163.962425
[GA][Iter1] Gen:7 Ind:4 RMSE(val)=6164.185314
[GA][Iter1] Gen:7 Ind:5 RMSE(val)=6164.781407
[GA][Iter1] Gen:7 Ind:6 RMSE(val)=6164.903339
[GA][Iter1] Gen:7 Ind:7 RMSE(val)=6165.035377
[GA][Iter1] Gen:7 Ind:8 RMSE(val)=6165.105540
[GA][Iter1] Gen:7 Ind:9 RMSE(val)=6165.514051
[GA][Iter1] Gen:7 Ind:10 RMSE(val)=6165.514051
[GA][Iter1] Gen:7 Ind:11 RMSE(val)=6166.073376
[GA][Iter1] Gen:7 Ind:12 RMSE(val)=6163.701822
[GA][Iter1] Gen:7 Ind:13 RMSE(val)=6164.561898
[GA][Iter1] Gen:7 Ind:14 RMSE(val)=6165.387157
[GA][Iter1] Gen:7 Ind:15 RMSE(val)=6173.587597
[GA][Iter1] Gen:7 Ind:16 RMSE(val)=6165.548343
[GA][Iter1] Gen:7 Ind:17 RMSE(val)=6164.022653
[GA][Iter1] Gen:7 Ind:18 RMSE(val)=6167.277908
[GA][Iter1] Gen:7 Ind:19 RMSE(val)=6164.185314
[GA][Iter1] Gen:7 Ind:20 RMSE(val)=6165.514051
[GA][Iter1] gen=7 best_val_rmse=6162.567716
[GA][Iter1] Gen:8 Ind:1 RMSE(val)=6162.567716
[GA][Iter1] Gen:8 Ind:2 RMSE(val)=6163.701822
[GA][Iter1] Gen:8 Ind:3 RMSE(val)=6163.882708
[GA][Iter1] Gen:8 Ind:4 RMSE(val)=6163.962425
[GA][Iter1] Gen:8 Ind:5 RMSE(val)=6164.022653
[GA][Iter1] Gen:8 Ind:6 RMSE(val)=6164.185314
[GA][Iter1] Gen:8 Ind:7 RMSE(val)=6164.185314
[GA][Iter1] Gen:8 Ind:8 RMSE(val)=6164.561898
[GA][Iter1] Gen:8 Ind:9 RMSE(val)=6164.781407
[GA][Iter1] Gen:8 Ind:10 RMSE(val)=6164.903339
[GA][Iter1] Gen:8 Ind:11 RMSE(val)=6164.185314
[GA][Iter1] Gen:8 Ind:12 RMSE(val)=6165.997892
[GA][Iter1] Gen:8 Ind:13 RMSE(val)=6163.701822
[GA][Iter1] Gen:8 Ind:14 RMSE(val)=6164.873004
[GA][Iter1] Gen:8 Ind:15 RMSE(val)=6164.781407
[GA][Iter1] Gen:8 Ind:16 RMSE(val)=6164.738893
[GA][Iter1] Gen:8 Ind:17 RMSE(val)=6166.072461
[GA][Iter1] Gen:8 Ind:18 RMSE(val)=6165.080246
[GA][Iter1] Gen:8 Ind:19 RMSE(val)=6164.185314
[GA][Iter1] Gen:8 Ind:20 RMSE(val)=6164.559004
[GA][Iter1] gen=8 best_val_rmse=6162.567716
[GA][Iter1] Gen:9 Ind:1 RMSE(val)=6162.567716
[GA][Iter1] Gen:9 Ind:2 RMSE(val)=6163.701822
[GA][Iter1] Gen:9 Ind:3 RMSE(val)=6163.701822
[GA][Iter1] Gen:9 Ind:4 RMSE(val)=6163.882708
[GA][Iter1] Gen:9 Ind:5 RMSE(val)=6163.962425
[GA][Iter1] Gen:9 Ind:6 RMSE(val)=6164.022653
[GA][Iter1] Gen:9 Ind:7 RMSE(val)=6164.185314
[GA][Iter1] Gen:9 Ind:8 RMSE(val)=6164.185314
[GA][Iter1] Gen:9 Ind:9 RMSE(val)=6164.185314
[GA][Iter1] Gen:9 Ind:10 RMSE(val)=6164.185314
[GA][Iter1] Gen:9 Ind:11 RMSE(val)=6164.185314
[GA][Iter1] Gen:9 Ind:12 RMSE(val)=6163.460575
[GA][Iter1] Gen:9 Ind:13 RMSE(val)=6165.703767
[GA][Iter1] Gen:9 Ind:14 RMSE(val)=6164.185314
[GA][Iter1] Gen:9 Ind:15 RMSE(val)=6165.623741
[GA][Iter1] Gen:9 Ind:16 RMSE(val)=6163.728958
[GA][Iter1] Gen:9 Ind:17 RMSE(val)=6163.882708
[GA][Iter1] Gen:9 Ind:18 RMSE(val)=6163.617415
[GA][Iter1] Gen:9 Ind:19 RMSE(val)=6165.567098
[GA][Iter1] Gen:9 Ind:20 RMSE(val)=6164.381715
[GA][Iter1] gen=9 best_val_rmse=6162.567716
[GA][Iter1] Gen:10 Ind:1 RMSE(val)=6162.567716
[GA][Iter1] Gen:10 Ind:2 RMSE(val)=6163.460575
[GA][Iter1] Gen:10 Ind:3 RMSE(val)=6163.617415
[GA][Iter1] Gen:10 Ind:4 RMSE(val)=6163.701822
[GA][Iter1] Gen:10 Ind:5 RMSE(val)=6163.701822
[GA][Iter1] Gen:10 Ind:6 RMSE(val)=6163.728958
[GA][Iter1] Gen:10 Ind:7 RMSE(val)=6163.882708
[GA][Iter1] Gen:10 Ind:8 RMSE(val)=6163.882708
[GA][Iter1] Gen:10 Ind:9 RMSE(val)=6163.962425
[GA][Iter1] Gen:10 Ind:10 RMSE(val)=6164.022653
[GA][Iter1] Gen:10 Ind:11 RMSE(val)=6162.915252
[GA][Iter1] Gen:10 Ind:12 RMSE(val)=6165.732959
[GA][Iter1] Gen:10 Ind:13 RMSE(val)=6163.962425
[GA][Iter1] Gen:10 Ind:14 RMSE(val)=6165.891744
[GA][Iter1] Gen:10 Ind:15 RMSE(val)=6163.726742
[GA][Iter1] Gen:10 Ind:16 RMSE(val)=6164.325790
[GA][Iter1] Gen:10 Ind:17 RMSE(val)=6163.808502
[GA][Iter1] Gen:10 Ind:18 RMSE(val)=6163.882708
[GA][Iter1] Gen:10 Ind:19 RMSE(val)=6163.882708
[GA][Iter1] Gen:10 Ind:20 RMSE(val)=6163.962316
[GA][Iter1] gen=10 best_val_rmse=6162.567716
[GA][Iter1] Gen:11 Ind:1 RMSE(val)=6162.567716
[GA][Iter1] Gen:11 Ind:2 RMSE(val)=6162.915252
[GA][Iter1] Gen:11 Ind:3 RMSE(val)=6163.460575
[GA][Iter1] Gen:11 Ind:4 RMSE(val)=6163.617415
[GA][Iter1] Gen:11 Ind:5 RMSE(val)=6163.701822
[GA][Iter1] Gen:11 Ind:6 RMSE(val)=6163.701822
[GA][Iter1] Gen:11 Ind:7 RMSE(val)=6163.726742
[GA][Iter1] Gen:11 Ind:8 RMSE(val)=6163.728958
[GA][Iter1] Gen:11 Ind:9 RMSE(val)=6163.808502
[GA][Iter1] Gen:11 Ind:10 RMSE(val)=6163.882708
[GA][Iter1] Gen:11 Ind:11 RMSE(val)=6166.773036
[GA][Iter1] Gen:11 Ind:12 RMSE(val)=6163.701822
[GA][Iter1] Gen:11 Ind:13 RMSE(val)=6163.125180
[GA][Iter1] Gen:11 Ind:14 RMSE(val)=6164.619395
[GA][Iter1] Gen:11 Ind:15 RMSE(val)=6165.732959
[GA][Iter1] Gen:11 Ind:16 RMSE(val)=6165.823393
[GA][Iter1] Gen:11 Ind:17 RMSE(val)=6167.362350
[GA][Iter1] Gen:11 Ind:18 RMSE(val)=6163.367317
[GA][Iter1] Gen:11 Ind:19 RMSE(val)=6163.728958
[GA][Iter1] Gen:11 Ind:20 RMSE(val)=6166.716224
[GA][Iter1] gen=11 best_val_rmse=6162.567716
[GA][Iter1] Gen:12 Ind:1 RMSE(val)=6162.567716
[GA][Iter1] Gen:12 Ind:2 RMSE(val)=6162.915252
[GA][Iter1] Gen:12 Ind:3 RMSE(val)=6163.125180
[GA][Iter1] Gen:12 Ind:4 RMSE(val)=6163.367317
[GA][Iter1] Gen:12 Ind:5 RMSE(val)=6163.460575
[GA][Iter1] Gen:12 Ind:6 RMSE(val)=6163.617415
[GA][Iter1] Gen:12 Ind:7 RMSE(val)=6163.701822
[GA][Iter1] Gen:12 Ind:8 RMSE(val)=6163.701822
[GA][Iter1] Gen:12 Ind:9 RMSE(val)=6163.701822
[GA][Iter1] Gen:12 Ind:10 RMSE(val)=6163.726742
[GA][Iter1] Gen:12 Ind:11 RMSE(val)=6162.915252
[GA][Iter1] Gen:12 Ind:12 RMSE(val)=6163.015880
[GA][Iter1] Gen:12 Ind:13 RMSE(val)=6163.460575
[GA][Iter1] Gen:12 Ind:14 RMSE(val)=6177.433756
[GA][Iter1] Gen:12 Ind:15 RMSE(val)=6163.109076
[GA][Iter1] Gen:12 Ind:16 RMSE(val)=6163.701822
[GA][Iter1] Gen:12 Ind:17 RMSE(val)=6163.460575
[GA][Iter1] Gen:12 Ind:18 RMSE(val)=6166.759520
[GA][Iter1] Gen:12 Ind:19 RMSE(val)=6163.701822
[GA][Iter1] Gen:12 Ind:20 RMSE(val)=6165.703767
[GA][Iter1] gen=12 best_val_rmse=6162.567716
[GA][Iter1] Gen:13 Ind:1 RMSE(val)=6162.567716
[GA][Iter1] Gen:13 Ind:2 RMSE(val)=6162.915252
[GA][Iter1] Gen:13 Ind:3 RMSE(val)=6162.915252
[GA][Iter1] Gen:13 Ind:4 RMSE(val)=6163.015880
[GA][Iter1] Gen:13 Ind:5 RMSE(val)=6163.109076
[GA][Iter1] Gen:13 Ind:6 RMSE(val)=6163.125180
[GA][Iter1] Gen:13 Ind:7 RMSE(val)=6163.367317
[GA][Iter1] Gen:13 Ind:8 RMSE(val)=6163.460575
[GA][Iter1] Gen:13 Ind:9 RMSE(val)=6163.460575
[GA][Iter1] Gen:13 Ind:10 RMSE(val)=6163.460575
[GA][Iter1] Gen:13 Ind:11 RMSE(val)=6164.616836
[GA][Iter1] Gen:13 Ind:12 RMSE(val)=6162.915252
[GA][Iter1] Gen:13 Ind:13 RMSE(val)=6163.701822
[GA][Iter1] Gen:13 Ind:14 RMSE(val)=6164.989967
[GA][Iter1] Gen:13 Ind:15 RMSE(val)=6163.460575
[GA][Iter1] Gen:13 Ind:16 RMSE(val)=6166.759520
[GA][Iter1] Gen:13 Ind:17 RMSE(val)=6163.460575
[GA][Iter1] Gen:13 Ind:18 RMSE(val)=6162.762829
[GA][Iter1] Gen:13 Ind:19 RMSE(val)=6163.125180
[GA][Iter1] Gen:13 Ind:20 RMSE(val)=6162.915252
[GA][Iter1] gen=13 best_val_rmse=6162.567716
[GA][Iter1] Gen:14 Ind:1 RMSE(val)=6162.567716
[GA][Iter1] Gen:14 Ind:2 RMSE(val)=6162.762829
[GA][Iter1] Gen:14 Ind:3 RMSE(val)=6162.915252
[GA][Iter1] Gen:14 Ind:4 RMSE(val)=6162.915252
[GA][Iter1] Gen:14 Ind:5 RMSE(val)=6162.915252
[GA][Iter1] Gen:14 Ind:6 RMSE(val)=6162.915252
[GA][Iter1] Gen:14 Ind:7 RMSE(val)=6163.015880
[GA][Iter1] Gen:14 Ind:8 RMSE(val)=6163.109076
[GA][Iter1] Gen:14 Ind:9 RMSE(val)=6163.125180
[GA][Iter1] Gen:14 Ind:10 RMSE(val)=6163.125180
[GA][Iter1] Gen:14 Ind:11 RMSE(val)=6162.915252
[GA][Iter1] Gen:14 Ind:12 RMSE(val)=6163.125180
[GA][Iter1] Gen:14 Ind:13 RMSE(val)=6164.048291
[GA][Iter1] Gen:14 Ind:14 RMSE(val)=6163.109076
[GA][Iter1] Gen:14 Ind:15 RMSE(val)=6163.109076
[GA][Iter1] Gen:14 Ind:16 RMSE(val)=6165.703767
[GA][Iter1] Gen:14 Ind:17 RMSE(val)=6162.761751
[GA][Iter1] Gen:14 Ind:18 RMSE(val)=6163.125180
[GA][Iter1] Gen:14 Ind:19 RMSE(val)=6166.022918
[GA][Iter1] Gen:14 Ind:20 RMSE(val)=6162.762829
[GA][Iter1] gen=14 best_val_rmse=6162.567716
[GA][Iter1] Gen:15 Ind:1 RMSE(val)=6162.567716
[GA][Iter1] Gen:15 Ind:2 RMSE(val)=6162.761751
[GA][Iter1] Gen:15 Ind:3 RMSE(val)=6162.762829
[GA][Iter1] Gen:15 Ind:4 RMSE(val)=6162.762829
[GA][Iter1] Gen:15 Ind:5 RMSE(val)=6162.915252
[GA][Iter1] Gen:15 Ind:6 RMSE(val)=6162.915252
[GA][Iter1] Gen:15 Ind:7 RMSE(val)=6162.915252
[GA][Iter1] Gen:15 Ind:8 RMSE(val)=6162.915252
[GA][Iter1] Gen:15 Ind:9 RMSE(val)=6162.915252
[GA][Iter1] Gen:15 Ind:10 RMSE(val)=6163.015880
[GA][Iter1] Gen:15 Ind:11 RMSE(val)=6166.330784
[GA][Iter1] Gen:15 Ind:12 RMSE(val)=6162.761751
[GA][Iter1] Gen:15 Ind:13 RMSE(val)=6162.915252
[GA][Iter1] Gen:15 Ind:14 RMSE(val)=6163.321228
[GA][Iter1] Gen:15 Ind:15 RMSE(val)=6165.780791
[GA][Iter1] Gen:15 Ind:16 RMSE(val)=6166.022918
[GA][Iter1] Gen:15 Ind:17 RMSE(val)=6162.915252
[GA][Iter1] Gen:15 Ind:18 RMSE(val)=6163.153062
[GA][Iter1] Gen:15 Ind:19 RMSE(val)=6162.788080
[GA][Iter1] Gen:15 Ind:20 RMSE(val)=6167.799670
[GA][Iter1] gen=15 best_val_rmse=6162.567716
[GA][Iter1] Gen:15 Ind:1 RMSE(val)=6162.567716
[GA][Iter1] Gen:15 Ind:2 RMSE(val)=6162.761751
[GA][Iter1] Gen:15 Ind:3 RMSE(val)=6162.761751
[GA][Iter1] Gen:15 Ind:4 RMSE(val)=6162.762829
[GA][Iter1] Gen:15 Ind:5 RMSE(val)=6162.762829
[GA][Iter1] Gen:15 Ind:6 RMSE(val)=6162.788080
[GA][Iter1] Gen:15 Ind:7 RMSE(val)=6162.915252
[GA][Iter1] Gen:15 Ind:8 RMSE(val)=6162.915252
[GA][Iter1] Gen:15 Ind:9 RMSE(val)=6162.915252
[GA][Iter1] Gen:15 Ind:10 RMSE(val)=6162.915252
[GA][Iter1] Gen:15 Ind:11 RMSE(val)=6163.109076
[GA][Iter1] Gen:15 Ind:12 RMSE(val)=6160.492439
[GA][Iter1] Gen:15 Ind:13 RMSE(val)=6164.482110
[GA][Iter1] Gen:15 Ind:14 RMSE(val)=6163.587749
[GA][Iter1] Gen:15 Ind:15 RMSE(val)=6167.402125
[GA][Iter1] Gen:15 Ind:16 RMSE(val)=6163.990043
[GA][Iter1] Gen:15 Ind:17 RMSE(val)=6162.915252
[GA][Iter1] Gen:15 Ind:18 RMSE(val)=6164.604855
[GA][Iter1] Gen:15 Ind:19 RMSE(val)=6162.762829
[GA][Iter1] Gen:15 Ind:20 RMSE(val)=6162.915252

[GA DONE][Iter1] Best params on val fold of Iter1
Best val RMSE: 6160.492439
Best params: {'n_estimators': 1291, 'learning_rate': 0.07833617861303789, 'max_depth': 3, 'min_samples_split': 28, 'min_samples_leaf': 1, 'subsample': 0.9512864420865903, 'max_features': None}
--------------------------------------------------------------------------------
[RETUNE GA] Iter1: train folds 1..5 -> test fold 6  RMSE=154.745626  NRMSE=1.207920  CVRMSE=0.187689  R2=-0.466052
[GA][Iter2] Gen:1 Ind:1 RMSE(val)=136.945051
[GA][Iter2] Gen:1 Ind:2 RMSE(val)=150.440781
[GA][Iter2] Gen:1 Ind:3 RMSE(val)=139.014659
[GA][Iter2] Gen:1 Ind:4 RMSE(val)=148.929631
[GA][Iter2] Gen:1 Ind:5 RMSE(val)=155.355595
[GA][Iter2] Gen:1 Ind:6 RMSE(val)=133.915009
[GA][Iter2] Gen:1 Ind:7 RMSE(val)=136.681529
[GA][Iter2] Gen:1 Ind:8 RMSE(val)=152.849915
[GA][Iter2] Gen:1 Ind:9 RMSE(val)=136.667560
[GA][Iter2] Gen:1 Ind:10 RMSE(val)=136.622036
[GA][Iter2] Gen:1 Ind:11 RMSE(val)=148.079401
[GA][Iter2] Gen:1 Ind:12 RMSE(val)=139.323823
[GA][Iter2] Gen:1 Ind:13 RMSE(val)=148.650038
[GA][Iter2] Gen:1 Ind:14 RMSE(val)=134.503545
[GA][Iter2] Gen:1 Ind:15 RMSE(val)=156.451089
[GA][Iter2] Gen:1 Ind:16 RMSE(val)=147.228012
[GA][Iter2] Gen:1 Ind:17 RMSE(val)=140.267560
[GA][Iter2] Gen:1 Ind:18 RMSE(val)=138.199015
[GA][Iter2] Gen:1 Ind:19 RMSE(val)=153.310848
[GA][Iter2] Gen:1 Ind:20 RMSE(val)=152.220615
[GA][Iter2] gen=1 best_val_rmse=133.915009
[GA][Iter2] Gen:2 Ind:1 RMSE(val)=133.915009
[GA][Iter2] Gen:2 Ind:2 RMSE(val)=134.503545
[GA][Iter2] Gen:2 Ind:3 RMSE(val)=136.622036
[GA][Iter2] Gen:2 Ind:4 RMSE(val)=136.667560
[GA][Iter2] Gen:2 Ind:5 RMSE(val)=136.681529
[GA][Iter2] Gen:2 Ind:6 RMSE(val)=136.945051
[GA][Iter2] Gen:2 Ind:7 RMSE(val)=138.199015
[GA][Iter2] Gen:2 Ind:8 RMSE(val)=139.014659
[GA][Iter2] Gen:2 Ind:9 RMSE(val)=139.323823
[GA][Iter2] Gen:2 Ind:10 RMSE(val)=140.267560
[GA][Iter2] Gen:2 Ind:11 RMSE(val)=139.667793
[GA][Iter2] Gen:2 Ind:12 RMSE(val)=135.414162
[GA][Iter2] Gen:2 Ind:13 RMSE(val)=137.646620
[GA][Iter2] Gen:2 Ind:14 RMSE(val)=137.553127
[GA][Iter2] Gen:2 Ind:15 RMSE(val)=136.210243
[GA][Iter2] Gen:2 Ind:16 RMSE(val)=137.734798
[GA][Iter2] Gen:2 Ind:17 RMSE(val)=138.858993
[GA][Iter2] Gen:2 Ind:18 RMSE(val)=135.729969
[GA][Iter2] Gen:2 Ind:19 RMSE(val)=138.048078
[GA][Iter2] Gen:2 Ind:20 RMSE(val)=136.667560
[GA][Iter2] gen=2 best_val_rmse=133.915009
[GA][Iter2] Gen:3 Ind:1 RMSE(val)=133.915009
[GA][Iter2] Gen:3 Ind:2 RMSE(val)=134.503545
[GA][Iter2] Gen:3 Ind:3 RMSE(val)=135.414162
[GA][Iter2] Gen:3 Ind:4 RMSE(val)=135.729969
[GA][Iter2] Gen:3 Ind:5 RMSE(val)=136.210243
[GA][Iter2] Gen:3 Ind:6 RMSE(val)=136.622036
[GA][Iter2] Gen:3 Ind:7 RMSE(val)=136.667560
[GA][Iter2] Gen:3 Ind:8 RMSE(val)=136.667560
[GA][Iter2] Gen:3 Ind:9 RMSE(val)=136.681529
[GA][Iter2] Gen:3 Ind:10 RMSE(val)=136.945051
[GA][Iter2] Gen:3 Ind:11 RMSE(val)=137.606619
[GA][Iter2] Gen:3 Ind:12 RMSE(val)=137.579416
[GA][Iter2] Gen:3 Ind:13 RMSE(val)=134.719581
[GA][Iter2] Gen:3 Ind:14 RMSE(val)=135.844523
[GA][Iter2] Gen:3 Ind:15 RMSE(val)=134.104103
[GA][Iter2] Gen:3 Ind:16 RMSE(val)=134.768465
[GA][Iter2] Gen:3 Ind:17 RMSE(val)=141.214678
[GA][Iter2] Gen:3 Ind:18 RMSE(val)=134.358728
[GA][Iter2] Gen:3 Ind:19 RMSE(val)=136.413414
[GA][Iter2] Gen:3 Ind:20 RMSE(val)=142.071052
[GA][Iter2] gen=3 best_val_rmse=133.915009
[GA][Iter2] Gen:4 Ind:1 RMSE(val)=133.915009
[GA][Iter2] Gen:4 Ind:2 RMSE(val)=134.104103
[GA][Iter2] Gen:4 Ind:3 RMSE(val)=134.358728
[GA][Iter2] Gen:4 Ind:4 RMSE(val)=134.503545
[GA][Iter2] Gen:4 Ind:5 RMSE(val)=134.719581
[GA][Iter2] Gen:4 Ind:6 RMSE(val)=134.768465
[GA][Iter2] Gen:4 Ind:7 RMSE(val)=135.414162
[GA][Iter2] Gen:4 Ind:8 RMSE(val)=135.729969
[GA][Iter2] Gen:4 Ind:9 RMSE(val)=135.844523
[GA][Iter2] Gen:4 Ind:10 RMSE(val)=136.210243
[GA][Iter2] Gen:4 Ind:11 RMSE(val)=140.059431
[GA][Iter2] Gen:4 Ind:12 RMSE(val)=136.169735
[GA][Iter2] Gen:4 Ind:13 RMSE(val)=135.327100
[GA][Iter2] Gen:4 Ind:14 RMSE(val)=134.322865
[GA][Iter2] Gen:4 Ind:15 RMSE(val)=133.719289
[GA][Iter2] Gen:4 Ind:16 RMSE(val)=136.739771
[GA][Iter2] Gen:4 Ind:17 RMSE(val)=135.276627
[GA][Iter2] Gen:4 Ind:18 RMSE(val)=133.992036
[GA][Iter2] Gen:4 Ind:19 RMSE(val)=136.021984
[GA][Iter2] Gen:4 Ind:20 RMSE(val)=138.827657
[GA][Iter2] gen=4 best_val_rmse=133.719289
[GA][Iter2] Gen:5 Ind:1 RMSE(val)=133.719289
[GA][Iter2] Gen:5 Ind:2 RMSE(val)=133.915009
[GA][Iter2] Gen:5 Ind:3 RMSE(val)=133.992036
[GA][Iter2] Gen:5 Ind:4 RMSE(val)=134.104103
[GA][Iter2] Gen:5 Ind:5 RMSE(val)=134.322865
[GA][Iter2] Gen:5 Ind:6 RMSE(val)=134.358728
[GA][Iter2] Gen:5 Ind:7 RMSE(val)=134.503545
[GA][Iter2] Gen:5 Ind:8 RMSE(val)=134.719581
[GA][Iter2] Gen:5 Ind:9 RMSE(val)=134.768465
[GA][Iter2] Gen:5 Ind:10 RMSE(val)=135.276627
[GA][Iter2] Gen:5 Ind:11 RMSE(val)=134.058054
[GA][Iter2] Gen:5 Ind:12 RMSE(val)=136.057600
[GA][Iter2] Gen:5 Ind:13 RMSE(val)=135.276627
[GA][Iter2] Gen:5 Ind:14 RMSE(val)=133.834277
[GA][Iter2] Gen:5 Ind:15 RMSE(val)=134.099315
[GA][Iter2] Gen:5 Ind:16 RMSE(val)=134.877760
[GA][Iter2] Gen:5 Ind:17 RMSE(val)=134.322865
[GA][Iter2] Gen:5 Ind:18 RMSE(val)=136.160098
[GA][Iter2] Gen:5 Ind:19 RMSE(val)=134.927126
[GA][Iter2] Gen:5 Ind:20 RMSE(val)=134.874597
[GA][Iter2] gen=5 best_val_rmse=133.719289
[GA][Iter2] Gen:6 Ind:1 RMSE(val)=133.719289
[GA][Iter2] Gen:6 Ind:2 RMSE(val)=133.834277
[GA][Iter2] Gen:6 Ind:3 RMSE(val)=133.915009
[GA][Iter2] Gen:6 Ind:4 RMSE(val)=133.992036
[GA][Iter2] Gen:6 Ind:5 RMSE(val)=134.058054
[GA][Iter2] Gen:6 Ind:6 RMSE(val)=134.099315
[GA][Iter2] Gen:6 Ind:7 RMSE(val)=134.104103
[GA][Iter2] Gen:6 Ind:8 RMSE(val)=134.322865
[GA][Iter2] Gen:6 Ind:9 RMSE(val)=134.322865
[GA][Iter2] Gen:6 Ind:10 RMSE(val)=134.358728
[GA][Iter2] Gen:6 Ind:11 RMSE(val)=136.582451
[GA][Iter2] Gen:6 Ind:12 RMSE(val)=134.825915
[GA][Iter2] Gen:6 Ind:13 RMSE(val)=134.347119
[GA][Iter2] Gen:6 Ind:14 RMSE(val)=133.957015
[GA][Iter2] Gen:6 Ind:15 RMSE(val)=133.834277
[GA][Iter2] Gen:6 Ind:16 RMSE(val)=134.333733
[GA][Iter2] Gen:6 Ind:17 RMSE(val)=135.349581
[GA][Iter2] Gen:6 Ind:18 RMSE(val)=134.099315
[GA][Iter2] Gen:6 Ind:19 RMSE(val)=134.577641
[GA][Iter2] Gen:6 Ind:20 RMSE(val)=134.099315
[GA][Iter2] gen=6 best_val_rmse=133.719289
[GA][Iter2] Gen:7 Ind:1 RMSE(val)=133.719289
[GA][Iter2] Gen:7 Ind:2 RMSE(val)=133.834277
[GA][Iter2] Gen:7 Ind:3 RMSE(val)=133.834277
[GA][Iter2] Gen:7 Ind:4 RMSE(val)=133.915009
[GA][Iter2] Gen:7 Ind:5 RMSE(val)=133.957015
[GA][Iter2] Gen:7 Ind:6 RMSE(val)=133.992036
[GA][Iter2] Gen:7 Ind:7 RMSE(val)=134.058054
[GA][Iter2] Gen:7 Ind:8 RMSE(val)=134.099315
[GA][Iter2] Gen:7 Ind:9 RMSE(val)=134.099315
[GA][Iter2] Gen:7 Ind:10 RMSE(val)=134.099315
[GA][Iter2] Gen:7 Ind:11 RMSE(val)=136.742465
[GA][Iter2] Gen:7 Ind:12 RMSE(val)=138.845474
[GA][Iter2] Gen:7 Ind:13 RMSE(val)=140.794427
[GA][Iter2] Gen:7 Ind:14 RMSE(val)=134.974917
[GA][Iter2] Gen:7 Ind:15 RMSE(val)=138.871949
[GA][Iter2] Gen:7 Ind:16 RMSE(val)=134.197401
[GA][Iter2] Gen:7 Ind:17 RMSE(val)=133.915009
[GA][Iter2] Gen:7 Ind:18 RMSE(val)=133.719289
[GA][Iter2] Gen:7 Ind:19 RMSE(val)=133.915009
[GA][Iter2] Gen:7 Ind:20 RMSE(val)=134.099315
[GA][Iter2] gen=7 best_val_rmse=133.719289
[GA][Iter2] Gen:8 Ind:1 RMSE(val)=133.719289
[GA][Iter2] Gen:8 Ind:2 RMSE(val)=133.719289
[GA][Iter2] Gen:8 Ind:3 RMSE(val)=133.834277
[GA][Iter2] Gen:8 Ind:4 RMSE(val)=133.834277
[GA][Iter2] Gen:8 Ind:5 RMSE(val)=133.915009
[GA][Iter2] Gen:8 Ind:6 RMSE(val)=133.915009
[GA][Iter2] Gen:8 Ind:7 RMSE(val)=133.915009
[GA][Iter2] Gen:8 Ind:8 RMSE(val)=133.957015
[GA][Iter2] Gen:8 Ind:9 RMSE(val)=133.992036
[GA][Iter2] Gen:8 Ind:10 RMSE(val)=134.058054
[GA][Iter2] Gen:8 Ind:11 RMSE(val)=133.915009
[GA][Iter2] Gen:8 Ind:12 RMSE(val)=133.387951
[GA][Iter2] Gen:8 Ind:13 RMSE(val)=136.574649
[GA][Iter2] Gen:8 Ind:14 RMSE(val)=138.114889
[GA][Iter2] Gen:8 Ind:15 RMSE(val)=133.957015
[GA][Iter2] Gen:8 Ind:16 RMSE(val)=134.053403
[GA][Iter2] Gen:8 Ind:17 RMSE(val)=138.253236
[GA][Iter2] Gen:8 Ind:18 RMSE(val)=133.957015
[GA][Iter2] Gen:8 Ind:19 RMSE(val)=133.915009
[GA][Iter2] Gen:8 Ind:20 RMSE(val)=133.834277
[GA][Iter2] gen=8 best_val_rmse=133.387951
[GA][Iter2] Gen:9 Ind:1 RMSE(val)=133.387951
[GA][Iter2] Gen:9 Ind:2 RMSE(val)=133.719289
[GA][Iter2] Gen:9 Ind:3 RMSE(val)=133.719289
[GA][Iter2] Gen:9 Ind:4 RMSE(val)=133.834277
[GA][Iter2] Gen:9 Ind:5 RMSE(val)=133.834277
[GA][Iter2] Gen:9 Ind:6 RMSE(val)=133.834277
[GA][Iter2] Gen:9 Ind:7 RMSE(val)=133.915009
[GA][Iter2] Gen:9 Ind:8 RMSE(val)=133.915009
[GA][Iter2] Gen:9 Ind:9 RMSE(val)=133.915009
[GA][Iter2] Gen:9 Ind:10 RMSE(val)=133.915009
[GA][Iter2] Gen:9 Ind:11 RMSE(val)=133.915009
[GA][Iter2] Gen:9 Ind:12 RMSE(val)=134.299352
[GA][Iter2] Gen:9 Ind:13 RMSE(val)=133.719289
[GA][Iter2] Gen:9 Ind:14 RMSE(val)=137.172085
[GA][Iter2] Gen:9 Ind:15 RMSE(val)=133.834277
[GA][Iter2] Gen:9 Ind:16 RMSE(val)=135.263958
[GA][Iter2] Gen:9 Ind:17 RMSE(val)=137.874819
[GA][Iter2] Gen:9 Ind:18 RMSE(val)=134.025565
[GA][Iter2] Gen:9 Ind:19 RMSE(val)=135.057855
[GA][Iter2] Gen:9 Ind:20 RMSE(val)=133.907127
[GA][Iter2] gen=9 best_val_rmse=133.387951
[GA][Iter2] Gen:10 Ind:1 RMSE(val)=133.387951
[GA][Iter2] Gen:10 Ind:2 RMSE(val)=133.719289
[GA][Iter2] Gen:10 Ind:3 RMSE(val)=133.719289
[GA][Iter2] Gen:10 Ind:4 RMSE(val)=133.719289
[GA][Iter2] Gen:10 Ind:5 RMSE(val)=133.834277
[GA][Iter2] Gen:10 Ind:6 RMSE(val)=133.834277
[GA][Iter2] Gen:10 Ind:7 RMSE(val)=133.834277
[GA][Iter2] Gen:10 Ind:8 RMSE(val)=133.834277
[GA][Iter2] Gen:10 Ind:9 RMSE(val)=133.907127
[GA][Iter2] Gen:10 Ind:10 RMSE(val)=133.915009
[GA][Iter2] Gen:10 Ind:11 RMSE(val)=133.483219
[GA][Iter2] Gen:10 Ind:12 RMSE(val)=133.834277
[GA][Iter2] Gen:10 Ind:13 RMSE(val)=133.907127
[GA][Iter2] Gen:10 Ind:14 RMSE(val)=133.962546
[GA][Iter2] Gen:10 Ind:15 RMSE(val)=133.787589
[GA][Iter2] Gen:10 Ind:16 RMSE(val)=133.803540
[GA][Iter2] Gen:10 Ind:17 RMSE(val)=133.834277
[GA][Iter2] Gen:10 Ind:18 RMSE(val)=133.834277
[GA][Iter2] Gen:10 Ind:19 RMSE(val)=133.834277
[GA][Iter2] Gen:10 Ind:20 RMSE(val)=133.472868
[GA][Iter2] gen=10 best_val_rmse=133.387951
[GA][Iter2] Gen:11 Ind:1 RMSE(val)=133.387951
[GA][Iter2] Gen:11 Ind:2 RMSE(val)=133.472868
[GA][Iter2] Gen:11 Ind:3 RMSE(val)=133.483219
[GA][Iter2] Gen:11 Ind:4 RMSE(val)=133.719289
[GA][Iter2] Gen:11 Ind:5 RMSE(val)=133.719289
[GA][Iter2] Gen:11 Ind:6 RMSE(val)=133.719289
[GA][Iter2] Gen:11 Ind:7 RMSE(val)=133.787589
[GA][Iter2] Gen:11 Ind:8 RMSE(val)=133.803540
[GA][Iter2] Gen:11 Ind:9 RMSE(val)=133.834277
[GA][Iter2] Gen:11 Ind:10 RMSE(val)=133.834277
[GA][Iter2] Gen:11 Ind:11 RMSE(val)=134.391265
[GA][Iter2] Gen:11 Ind:12 RMSE(val)=133.719289
[GA][Iter2] Gen:11 Ind:13 RMSE(val)=136.413670
[GA][Iter2] Gen:11 Ind:14 RMSE(val)=133.907127
[GA][Iter2] Gen:11 Ind:15 RMSE(val)=134.915194
[GA][Iter2] Gen:11 Ind:16 RMSE(val)=133.472868
[GA][Iter2] Gen:11 Ind:17 RMSE(val)=133.719289
[GA][Iter2] Gen:11 Ind:18 RMSE(val)=133.765497
[GA][Iter2] Gen:11 Ind:19 RMSE(val)=133.787589
[GA][Iter2] Gen:11 Ind:20 RMSE(val)=134.945180
[GA][Iter2] gen=11 best_val_rmse=133.387951
[GA][Iter2] Gen:12 Ind:1 RMSE(val)=133.387951
[GA][Iter2] Gen:12 Ind:2 RMSE(val)=133.472868
[GA][Iter2] Gen:12 Ind:3 RMSE(val)=133.472868
[GA][Iter2] Gen:12 Ind:4 RMSE(val)=133.483219
[GA][Iter2] Gen:12 Ind:5 RMSE(val)=133.719289
[GA][Iter2] Gen:12 Ind:6 RMSE(val)=133.719289
[GA][Iter2] Gen:12 Ind:7 RMSE(val)=133.719289
[GA][Iter2] Gen:12 Ind:8 RMSE(val)=133.719289
[GA][Iter2] Gen:12 Ind:9 RMSE(val)=133.719289
[GA][Iter2] Gen:12 Ind:10 RMSE(val)=133.765497
[GA][Iter2] Gen:12 Ind:11 RMSE(val)=135.682781
[GA][Iter2] Gen:12 Ind:12 RMSE(val)=133.886285
[GA][Iter2] Gen:12 Ind:13 RMSE(val)=134.230968
[GA][Iter2] Gen:12 Ind:14 RMSE(val)=138.178819
[GA][Iter2] Gen:12 Ind:15 RMSE(val)=133.554017
[GA][Iter2] Gen:12 Ind:16 RMSE(val)=133.719289
[GA][Iter2] Gen:12 Ind:17 RMSE(val)=133.719289
[GA][Iter2] Gen:12 Ind:18 RMSE(val)=133.703490
[GA][Iter2] Gen:12 Ind:19 RMSE(val)=133.719289
[GA][Iter2] Gen:12 Ind:20 RMSE(val)=133.483219
[GA][Iter2] gen=12 best_val_rmse=133.387951
[GA][Iter2] Gen:13 Ind:1 RMSE(val)=133.387951
[GA][Iter2] Gen:13 Ind:2 RMSE(val)=133.472868
[GA][Iter2] Gen:13 Ind:3 RMSE(val)=133.472868
[GA][Iter2] Gen:13 Ind:4 RMSE(val)=133.483219
[GA][Iter2] Gen:13 Ind:5 RMSE(val)=133.483219
[GA][Iter2] Gen:13 Ind:6 RMSE(val)=133.554017
[GA][Iter2] Gen:13 Ind:7 RMSE(val)=133.703490
[GA][Iter2] Gen:13 Ind:8 RMSE(val)=133.719289
[GA][Iter2] Gen:13 Ind:9 RMSE(val)=133.719289
[GA][Iter2] Gen:13 Ind:10 RMSE(val)=133.719289
[GA][Iter2] Gen:13 Ind:11 RMSE(val)=134.864452
[GA][Iter2] Gen:13 Ind:12 RMSE(val)=133.472868
[GA][Iter2] Gen:13 Ind:13 RMSE(val)=133.878141
[GA][Iter2] Gen:13 Ind:14 RMSE(val)=133.939716
[GA][Iter2] Gen:13 Ind:15 RMSE(val)=133.719289
[GA][Iter2] Gen:13 Ind:16 RMSE(val)=133.719289
[GA][Iter2] Gen:13 Ind:17 RMSE(val)=133.719289
[GA][Iter2] Gen:13 Ind:18 RMSE(val)=134.596573
[GA][Iter2] Gen:13 Ind:19 RMSE(val)=134.195021
[GA][Iter2] Gen:13 Ind:20 RMSE(val)=135.816281
[GA][Iter2] gen=13 best_val_rmse=133.387951
[GA][Iter2] Gen:14 Ind:1 RMSE(val)=133.387951
[GA][Iter2] Gen:14 Ind:2 RMSE(val)=133.472868
[GA][Iter2] Gen:14 Ind:3 RMSE(val)=133.472868
[GA][Iter2] Gen:14 Ind:4 RMSE(val)=133.472868
[GA][Iter2] Gen:14 Ind:5 RMSE(val)=133.483219
[GA][Iter2] Gen:14 Ind:6 RMSE(val)=133.483219
[GA][Iter2] Gen:14 Ind:7 RMSE(val)=133.554017
[GA][Iter2] Gen:14 Ind:8 RMSE(val)=133.703490
[GA][Iter2] Gen:14 Ind:9 RMSE(val)=133.719289
[GA][Iter2] Gen:14 Ind:10 RMSE(val)=133.719289
[GA][Iter2] Gen:14 Ind:11 RMSE(val)=133.483219
[GA][Iter2] Gen:14 Ind:12 RMSE(val)=135.785115
[GA][Iter2] Gen:14 Ind:13 RMSE(val)=134.024892
[GA][Iter2] Gen:14 Ind:14 RMSE(val)=133.457053
[GA][Iter2] Gen:14 Ind:15 RMSE(val)=133.719289
[GA][Iter2] Gen:14 Ind:16 RMSE(val)=134.093815
[GA][Iter2] Gen:14 Ind:17 RMSE(val)=136.438083
[GA][Iter2] Gen:14 Ind:18 RMSE(val)=134.088395
[GA][Iter2] Gen:14 Ind:19 RMSE(val)=138.783568
[GA][Iter2] Gen:14 Ind:20 RMSE(val)=135.816281
[GA][Iter2] gen=14 best_val_rmse=133.387951
[GA][Iter2] Gen:15 Ind:1 RMSE(val)=133.387951
[GA][Iter2] Gen:15 Ind:2 RMSE(val)=133.457053
[GA][Iter2] Gen:15 Ind:3 RMSE(val)=133.472868
[GA][Iter2] Gen:15 Ind:4 RMSE(val)=133.472868
[GA][Iter2] Gen:15 Ind:5 RMSE(val)=133.472868
[GA][Iter2] Gen:15 Ind:6 RMSE(val)=133.483219
[GA][Iter2] Gen:15 Ind:7 RMSE(val)=133.483219
[GA][Iter2] Gen:15 Ind:8 RMSE(val)=133.483219
[GA][Iter2] Gen:15 Ind:9 RMSE(val)=133.554017
[GA][Iter2] Gen:15 Ind:10 RMSE(val)=133.703490
[GA][Iter2] Gen:15 Ind:11 RMSE(val)=133.668212
[GA][Iter2] Gen:15 Ind:12 RMSE(val)=133.457053
[GA][Iter2] Gen:15 Ind:13 RMSE(val)=136.829825
[GA][Iter2] Gen:15 Ind:14 RMSE(val)=143.183968
[GA][Iter2] Gen:15 Ind:15 RMSE(val)=133.442726
[GA][Iter2] Gen:15 Ind:16 RMSE(val)=134.995972
[GA][Iter2] Gen:15 Ind:17 RMSE(val)=133.483219
[GA][Iter2] Gen:15 Ind:18 RMSE(val)=133.483219
[GA][Iter2] Gen:15 Ind:19 RMSE(val)=134.333733
[GA][Iter2] Gen:15 Ind:20 RMSE(val)=133.387951
[GA][Iter2] gen=15 best_val_rmse=133.387951
[GA][Iter2] Gen:15 Ind:1 RMSE(val)=133.387951
[GA][Iter2] Gen:15 Ind:2 RMSE(val)=133.387951
[GA][Iter2] Gen:15 Ind:3 RMSE(val)=133.442726
[GA][Iter2] Gen:15 Ind:4 RMSE(val)=133.457053
[GA][Iter2] Gen:15 Ind:5 RMSE(val)=133.457053
[GA][Iter2] Gen:15 Ind:6 RMSE(val)=133.472868
[GA][Iter2] Gen:15 Ind:7 RMSE(val)=133.472868
[GA][Iter2] Gen:15 Ind:8 RMSE(val)=133.472868
[GA][Iter2] Gen:15 Ind:9 RMSE(val)=133.483219
[GA][Iter2] Gen:15 Ind:10 RMSE(val)=133.483219
[GA][Iter2] Gen:15 Ind:11 RMSE(val)=136.514194
[GA][Iter2] Gen:15 Ind:12 RMSE(val)=135.387910
[GA][Iter2] Gen:15 Ind:13 RMSE(val)=134.918298
[GA][Iter2] Gen:15 Ind:14 RMSE(val)=134.965741
[GA][Iter2] Gen:15 Ind:15 RMSE(val)=134.671265
[GA][Iter2] Gen:15 Ind:16 RMSE(val)=139.153183
[GA][Iter2] Gen:15 Ind:17 RMSE(val)=136.660147
[GA][Iter2] Gen:15 Ind:18 RMSE(val)=134.521010
[GA][Iter2] Gen:15 Ind:19 RMSE(val)=133.947115
[GA][Iter2] Gen:15 Ind:20 RMSE(val)=134.214811

[GA DONE][Iter2] Best params on val fold of Iter2
Best val RMSE: 133.387951
Best params: {'n_estimators': 1099, 'learning_rate': 0.008691980935053177, 'max_depth': 2, 'min_samples_split': 3, 'min_samples_leaf': 12, 'subsample': 0.8414904125467564, 'max_features': None}
--------------------------------------------------------------------------------
[RETUNE GA] Iter2: train folds 1..6 -> test fold 7  RMSE=157.980722  NRMSE=1.097757  CVRMSE=0.179926  R2=-0.210836
[GA][Iter3] Gen:1 Ind:1 RMSE(val)=160.321018
[GA][Iter3] Gen:1 Ind:2 RMSE(val)=168.037190
[GA][Iter3] Gen:1 Ind:3 RMSE(val)=147.084282
[GA][Iter3] Gen:1 Ind:4 RMSE(val)=175.559973
[GA][Iter3] Gen:1 Ind:5 RMSE(val)=170.303178
[GA][Iter3] Gen:1 Ind:6 RMSE(val)=155.666158
[GA][Iter3] Gen:1 Ind:7 RMSE(val)=163.958003
[GA][Iter3] Gen:1 Ind:8 RMSE(val)=174.562154
[GA][Iter3] Gen:1 Ind:9 RMSE(val)=159.818973
[GA][Iter3] Gen:1 Ind:10 RMSE(val)=161.972939
[GA][Iter3] Gen:1 Ind:11 RMSE(val)=164.247312
[GA][Iter3] Gen:1 Ind:12 RMSE(val)=160.128487
[GA][Iter3] Gen:1 Ind:13 RMSE(val)=158.317646
[GA][Iter3] Gen:1 Ind:14 RMSE(val)=157.092516
[GA][Iter3] Gen:1 Ind:15 RMSE(val)=175.588818
[GA][Iter3] Gen:1 Ind:16 RMSE(val)=169.716403
[GA][Iter3] Gen:1 Ind:17 RMSE(val)=155.707035
[GA][Iter3] Gen:1 Ind:18 RMSE(val)=157.228016
[GA][Iter3] Gen:1 Ind:19 RMSE(val)=157.800590
[GA][Iter3] Gen:1 Ind:20 RMSE(val)=174.165145
[GA][Iter3] gen=1 best_val_rmse=147.084282
[GA][Iter3] Gen:2 Ind:1 RMSE(val)=147.084282
[GA][Iter3] Gen:2 Ind:2 RMSE(val)=155.666158
[GA][Iter3] Gen:2 Ind:3 RMSE(val)=155.707035
[GA][Iter3] Gen:2 Ind:4 RMSE(val)=157.092516
[GA][Iter3] Gen:2 Ind:5 RMSE(val)=157.228016
[GA][Iter3] Gen:2 Ind:6 RMSE(val)=157.800590
[GA][Iter3] Gen:2 Ind:7 RMSE(val)=158.317646
[GA][Iter3] Gen:2 Ind:8 RMSE(val)=159.818973
[GA][Iter3] Gen:2 Ind:9 RMSE(val)=160.128487
[GA][Iter3] Gen:2 Ind:10 RMSE(val)=160.321018
[GA][Iter3] Gen:2 Ind:11 RMSE(val)=157.905849
[GA][Iter3] Gen:2 Ind:12 RMSE(val)=155.115760
[GA][Iter3] Gen:2 Ind:13 RMSE(val)=147.553913
[GA][Iter3] Gen:2 Ind:14 RMSE(val)=150.702478
[GA][Iter3] Gen:2 Ind:15 RMSE(val)=157.011225
[GA][Iter3] Gen:2 Ind:16 RMSE(val)=148.192263
[GA][Iter3] Gen:2 Ind:17 RMSE(val)=160.321018
[GA][Iter3] Gen:2 Ind:18 RMSE(val)=160.950810
[GA][Iter3] Gen:2 Ind:19 RMSE(val)=159.667852
[GA][Iter3] Gen:2 Ind:20 RMSE(val)=156.501681
[GA][Iter3] gen=2 best_val_rmse=147.084282
[GA][Iter3] Gen:3 Ind:1 RMSE(val)=147.084282
[GA][Iter3] Gen:3 Ind:2 RMSE(val)=147.553913
[GA][Iter3] Gen:3 Ind:3 RMSE(val)=148.192263
[GA][Iter3] Gen:3 Ind:4 RMSE(val)=150.702478
[GA][Iter3] Gen:3 Ind:5 RMSE(val)=155.115760
[GA][Iter3] Gen:3 Ind:6 RMSE(val)=155.666158
[GA][Iter3] Gen:3 Ind:7 RMSE(val)=155.707035
[GA][Iter3] Gen:3 Ind:8 RMSE(val)=156.501681
[GA][Iter3] Gen:3 Ind:9 RMSE(val)=157.011225
[GA][Iter3] Gen:3 Ind:10 RMSE(val)=157.092516
[GA][Iter3] Gen:3 Ind:11 RMSE(val)=155.913315
[GA][Iter3] Gen:3 Ind:12 RMSE(val)=154.280062
[GA][Iter3] Gen:3 Ind:13 RMSE(val)=147.609251
[GA][Iter3] Gen:3 Ind:14 RMSE(val)=151.715966
[GA][Iter3] Gen:3 Ind:15 RMSE(val)=147.553913
[GA][Iter3] Gen:3 Ind:16 RMSE(val)=166.415196
[GA][Iter3] Gen:3 Ind:17 RMSE(val)=157.858069
[GA][Iter3] Gen:3 Ind:18 RMSE(val)=163.211516
[GA][Iter3] Gen:3 Ind:19 RMSE(val)=159.992684
[GA][Iter3] Gen:3 Ind:20 RMSE(val)=156.410907
[GA][Iter3] gen=3 best_val_rmse=147.084282
[GA][Iter3] Gen:4 Ind:1 RMSE(val)=147.084282
[GA][Iter3] Gen:4 Ind:2 RMSE(val)=147.553913
[GA][Iter3] Gen:4 Ind:3 RMSE(val)=147.553913
[GA][Iter3] Gen:4 Ind:4 RMSE(val)=147.609251
[GA][Iter3] Gen:4 Ind:5 RMSE(val)=148.192263
[GA][Iter3] Gen:4 Ind:6 RMSE(val)=150.702478
[GA][Iter3] Gen:4 Ind:7 RMSE(val)=151.715966
[GA][Iter3] Gen:4 Ind:8 RMSE(val)=154.280062
[GA][Iter3] Gen:4 Ind:9 RMSE(val)=155.115760
[GA][Iter3] Gen:4 Ind:10 RMSE(val)=155.666158
[GA][Iter3] Gen:4 Ind:11 RMSE(val)=162.312822
[GA][Iter3] Gen:4 Ind:12 RMSE(val)=147.427459
[GA][Iter3] Gen:4 Ind:13 RMSE(val)=155.852691
[GA][Iter3] Gen:4 Ind:14 RMSE(val)=147.493766
[GA][Iter3] Gen:4 Ind:15 RMSE(val)=148.672180
[GA][Iter3] Gen:4 Ind:16 RMSE(val)=146.829362
[GA][Iter3] Gen:4 Ind:17 RMSE(val)=168.596432
[GA][Iter3] Gen:4 Ind:18 RMSE(val)=156.744823
[GA][Iter3] Gen:4 Ind:19 RMSE(val)=152.901534
[GA][Iter3] Gen:4 Ind:20 RMSE(val)=152.781131
[GA][Iter3] gen=4 best_val_rmse=146.829362
[GA][Iter3] Gen:5 Ind:1 RMSE(val)=146.829362
[GA][Iter3] Gen:5 Ind:2 RMSE(val)=147.084282
[GA][Iter3] Gen:5 Ind:3 RMSE(val)=147.427459
[GA][Iter3] Gen:5 Ind:4 RMSE(val)=147.493766
[GA][Iter3] Gen:5 Ind:5 RMSE(val)=147.553913
[GA][Iter3] Gen:5 Ind:6 RMSE(val)=147.553913
[GA][Iter3] Gen:5 Ind:7 RMSE(val)=147.609251
[GA][Iter3] Gen:5 Ind:8 RMSE(val)=148.192263
[GA][Iter3] Gen:5 Ind:9 RMSE(val)=148.672180
[GA][Iter3] Gen:5 Ind:10 RMSE(val)=150.702478
[GA][Iter3] Gen:5 Ind:11 RMSE(val)=151.241777
[GA][Iter3] Gen:5 Ind:12 RMSE(val)=148.027090
[GA][Iter3] Gen:5 Ind:13 RMSE(val)=150.702478
[GA][Iter3] Gen:5 Ind:14 RMSE(val)=147.427459
[GA][Iter3] Gen:5 Ind:15 RMSE(val)=148.504426
[GA][Iter3] Gen:5 Ind:16 RMSE(val)=148.698438
[GA][Iter3] Gen:5 Ind:17 RMSE(val)=148.466649
[GA][Iter3] Gen:5 Ind:18 RMSE(val)=152.640340
[GA][Iter3] Gen:5 Ind:19 RMSE(val)=148.549686
[GA][Iter3] Gen:5 Ind:20 RMSE(val)=147.493766
[GA][Iter3] gen=5 best_val_rmse=146.829362
[GA][Iter3] Gen:6 Ind:1 RMSE(val)=146.829362
[GA][Iter3] Gen:6 Ind:2 RMSE(val)=147.084282
[GA][Iter3] Gen:6 Ind:3 RMSE(val)=147.427459
[GA][Iter3] Gen:6 Ind:4 RMSE(val)=147.427459
[GA][Iter3] Gen:6 Ind:5 RMSE(val)=147.493766
[GA][Iter3] Gen:6 Ind:6 RMSE(val)=147.493766
[GA][Iter3] Gen:6 Ind:7 RMSE(val)=147.553913
[GA][Iter3] Gen:6 Ind:8 RMSE(val)=147.553913
[GA][Iter3] Gen:6 Ind:9 RMSE(val)=147.609251
[GA][Iter3] Gen:6 Ind:10 RMSE(val)=148.027090
[GA][Iter3] Gen:6 Ind:11 RMSE(val)=147.495896
[GA][Iter3] Gen:6 Ind:12 RMSE(val)=148.040306
[GA][Iter3] Gen:6 Ind:13 RMSE(val)=147.254726
[GA][Iter3] Gen:6 Ind:14 RMSE(val)=149.577524
[GA][Iter3] Gen:6 Ind:15 RMSE(val)=147.084282
[GA][Iter3] Gen:6 Ind:16 RMSE(val)=148.408063
[GA][Iter3] Gen:6 Ind:17 RMSE(val)=147.493766
[GA][Iter3] Gen:6 Ind:18 RMSE(val)=147.493766
[GA][Iter3] Gen:6 Ind:19 RMSE(val)=147.392566
[GA][Iter3] Gen:6 Ind:20 RMSE(val)=148.706885
[GA][Iter3] gen=6 best_val_rmse=146.829362
[GA][Iter3] Gen:7 Ind:1 RMSE(val)=146.829362
[GA][Iter3] Gen:7 Ind:2 RMSE(val)=147.084282
[GA][Iter3] Gen:7 Ind:3 RMSE(val)=147.084282
[GA][Iter3] Gen:7 Ind:4 RMSE(val)=147.254726
[GA][Iter3] Gen:7 Ind:5 RMSE(val)=147.392566
[GA][Iter3] Gen:7 Ind:6 RMSE(val)=147.427459
[GA][Iter3] Gen:7 Ind:7 RMSE(val)=147.427459
[GA][Iter3] Gen:7 Ind:8 RMSE(val)=147.493766
[GA][Iter3] Gen:7 Ind:9 RMSE(val)=147.493766
[GA][Iter3] Gen:7 Ind:10 RMSE(val)=147.493766
[GA][Iter3] Gen:7 Ind:11 RMSE(val)=147.493766
[GA][Iter3] Gen:7 Ind:12 RMSE(val)=148.112520
[GA][Iter3] Gen:7 Ind:13 RMSE(val)=147.280096
[GA][Iter3] Gen:7 Ind:14 RMSE(val)=146.689737
[GA][Iter3] Gen:7 Ind:15 RMSE(val)=147.427459
[GA][Iter3] Gen:7 Ind:16 RMSE(val)=147.534626
[GA][Iter3] Gen:7 Ind:17 RMSE(val)=147.254726
[GA][Iter3] Gen:7 Ind:18 RMSE(val)=146.829362
[GA][Iter3] Gen:7 Ind:19 RMSE(val)=147.254726
[GA][Iter3] Gen:7 Ind:20 RMSE(val)=148.466649
[GA][Iter3] gen=7 best_val_rmse=146.689737
[GA][Iter3] Gen:8 Ind:1 RMSE(val)=146.689737
[GA][Iter3] Gen:8 Ind:2 RMSE(val)=146.829362
[GA][Iter3] Gen:8 Ind:3 RMSE(val)=146.829362
[GA][Iter3] Gen:8 Ind:4 RMSE(val)=147.084282
[GA][Iter3] Gen:8 Ind:5 RMSE(val)=147.084282
[GA][Iter3] Gen:8 Ind:6 RMSE(val)=147.254726
[GA][Iter3] Gen:8 Ind:7 RMSE(val)=147.254726
[GA][Iter3] Gen:8 Ind:8 RMSE(val)=147.254726
[GA][Iter3] Gen:8 Ind:9 RMSE(val)=147.280096
[GA][Iter3] Gen:8 Ind:10 RMSE(val)=147.392566
[GA][Iter3] Gen:8 Ind:11 RMSE(val)=147.254726
[GA][Iter3] Gen:8 Ind:12 RMSE(val)=146.689737
[GA][Iter3] Gen:8 Ind:13 RMSE(val)=147.254726
[GA][Iter3] Gen:8 Ind:14 RMSE(val)=146.689737
[GA][Iter3] Gen:8 Ind:15 RMSE(val)=147.254726
[GA][Iter3] Gen:8 Ind:16 RMSE(val)=148.121586
[GA][Iter3] Gen:8 Ind:17 RMSE(val)=146.689737
[GA][Iter3] Gen:8 Ind:18 RMSE(val)=148.359027
[GA][Iter3] Gen:8 Ind:19 RMSE(val)=147.254726
[GA][Iter3] Gen:8 Ind:20 RMSE(val)=147.280096
[GA][Iter3] gen=8 best_val_rmse=146.689737
[GA][Iter3] Gen:9 Ind:1 RMSE(val)=146.689737
[GA][Iter3] Gen:9 Ind:2 RMSE(val)=146.689737
[GA][Iter3] Gen:9 Ind:3 RMSE(val)=146.689737
[GA][Iter3] Gen:9 Ind:4 RMSE(val)=146.689737
[GA][Iter3] Gen:9 Ind:5 RMSE(val)=146.829362
[GA][Iter3] Gen:9 Ind:6 RMSE(val)=146.829362
[GA][Iter3] Gen:9 Ind:7 RMSE(val)=147.084282
[GA][Iter3] Gen:9 Ind:8 RMSE(val)=147.084282
[GA][Iter3] Gen:9 Ind:9 RMSE(val)=147.254726
[GA][Iter3] Gen:9 Ind:10 RMSE(val)=147.254726
[GA][Iter3] Gen:9 Ind:11 RMSE(val)=149.577524
[GA][Iter3] Gen:9 Ind:12 RMSE(val)=147.084282
[GA][Iter3] Gen:9 Ind:13 RMSE(val)=146.689737
[GA][Iter3] Gen:9 Ind:14 RMSE(val)=147.280096
[GA][Iter3] Gen:9 Ind:15 RMSE(val)=146.689737
[GA][Iter3] Gen:9 Ind:16 RMSE(val)=147.255835
[GA][Iter3] Gen:9 Ind:17 RMSE(val)=146.689737
[GA][Iter3] Gen:9 Ind:18 RMSE(val)=147.280096
[GA][Iter3] Gen:9 Ind:19 RMSE(val)=147.084282
[GA][Iter3] Gen:9 Ind:20 RMSE(val)=146.829362
[GA][Iter3] gen=9 best_val_rmse=146.689737
[GA][Iter3] Gen:10 Ind:1 RMSE(val)=146.689737
[GA][Iter3] Gen:10 Ind:2 RMSE(val)=146.689737
[GA][Iter3] Gen:10 Ind:3 RMSE(val)=146.689737
[GA][Iter3] Gen:10 Ind:4 RMSE(val)=146.689737
[GA][Iter3] Gen:10 Ind:5 RMSE(val)=146.689737
[GA][Iter3] Gen:10 Ind:6 RMSE(val)=146.689737
[GA][Iter3] Gen:10 Ind:7 RMSE(val)=146.689737
[GA][Iter3] Gen:10 Ind:8 RMSE(val)=146.829362
[GA][Iter3] Gen:10 Ind:9 RMSE(val)=146.829362
[GA][Iter3] Gen:10 Ind:10 RMSE(val)=146.829362
[GA][Iter3] Gen:10 Ind:11 RMSE(val)=146.586874
[GA][Iter3] Gen:10 Ind:12 RMSE(val)=146.689737
[GA][Iter3] Gen:10 Ind:13 RMSE(val)=146.689737
[GA][Iter3] Gen:10 Ind:14 RMSE(val)=146.829362
[GA][Iter3] Gen:10 Ind:15 RMSE(val)=146.689737
[GA][Iter3] Gen:10 Ind:16 RMSE(val)=146.689737
[GA][Iter3] Gen:10 Ind:17 RMSE(val)=146.829362
[GA][Iter3] Gen:10 Ind:18 RMSE(val)=146.829362
[GA][Iter3] Gen:10 Ind:19 RMSE(val)=146.829362
[GA][Iter3] Gen:10 Ind:20 RMSE(val)=148.315756
[GA][Iter3] gen=10 best_val_rmse=146.586874
[GA][Iter3] Gen:11 Ind:1 RMSE(val)=146.586874
[GA][Iter3] Gen:11 Ind:2 RMSE(val)=146.689737
[GA][Iter3] Gen:11 Ind:3 RMSE(val)=146.689737
[GA][Iter3] Gen:11 Ind:4 RMSE(val)=146.689737
[GA][Iter3] Gen:11 Ind:5 RMSE(val)=146.689737
[GA][Iter3] Gen:11 Ind:6 RMSE(val)=146.689737
[GA][Iter3] Gen:11 Ind:7 RMSE(val)=146.689737
[GA][Iter3] Gen:11 Ind:8 RMSE(val)=146.689737
[GA][Iter3] Gen:11 Ind:9 RMSE(val)=146.689737
[GA][Iter3] Gen:11 Ind:10 RMSE(val)=146.689737
[GA][Iter3] Gen:11 Ind:11 RMSE(val)=146.586874
[GA][Iter3] Gen:11 Ind:12 RMSE(val)=146.689737
[GA][Iter3] Gen:11 Ind:13 RMSE(val)=146.689737
[GA][Iter3] Gen:11 Ind:14 RMSE(val)=146.689737
[GA][Iter3] Gen:11 Ind:15 RMSE(val)=146.689737
[GA][Iter3] Gen:11 Ind:16 RMSE(val)=146.689737
[GA][Iter3] Gen:11 Ind:17 RMSE(val)=146.689737
[GA][Iter3] Gen:11 Ind:18 RMSE(val)=147.476879
[GA][Iter3] Gen:11 Ind:19 RMSE(val)=146.689737
[GA][Iter3] Gen:11 Ind:20 RMSE(val)=148.255125
[GA][Iter3] gen=11 best_val_rmse=146.586874
[GA][Iter3] Gen:12 Ind:1 RMSE(val)=146.586874
[GA][Iter3] Gen:12 Ind:2 RMSE(val)=146.586874
[GA][Iter3] Gen:12 Ind:3 RMSE(val)=146.689737
[GA][Iter3] Gen:12 Ind:4 RMSE(val)=146.689737
[GA][Iter3] Gen:12 Ind:5 RMSE(val)=146.689737
[GA][Iter3] Gen:12 Ind:6 RMSE(val)=146.689737
[GA][Iter3] Gen:12 Ind:7 RMSE(val)=146.689737
[GA][Iter3] Gen:12 Ind:8 RMSE(val)=146.689737
[GA][Iter3] Gen:12 Ind:9 RMSE(val)=146.689737
[GA][Iter3] Gen:12 Ind:10 RMSE(val)=146.689737
[GA][Iter3] Gen:12 Ind:11 RMSE(val)=146.586874
[GA][Iter3] Gen:12 Ind:12 RMSE(val)=146.437900
[GA][Iter3] Gen:12 Ind:13 RMSE(val)=146.689737
[GA][Iter3] Gen:12 Ind:14 RMSE(val)=146.689737
[GA][Iter3] Gen:12 Ind:15 RMSE(val)=146.586874
[GA][Iter3] Gen:12 Ind:16 RMSE(val)=146.689737
[GA][Iter3] Gen:12 Ind:17 RMSE(val)=146.689737
[GA][Iter3] Gen:12 Ind:18 RMSE(val)=146.689737
[GA][Iter3] Gen:12 Ind:19 RMSE(val)=151.520554
[GA][Iter3] Gen:12 Ind:20 RMSE(val)=146.689737
[GA][Iter3] gen=12 best_val_rmse=146.437900
[GA][Iter3] Gen:13 Ind:1 RMSE(val)=146.437900
[GA][Iter3] Gen:13 Ind:2 RMSE(val)=146.586874
[GA][Iter3] Gen:13 Ind:3 RMSE(val)=146.586874
[GA][Iter3] Gen:13 Ind:4 RMSE(val)=146.586874
[GA][Iter3] Gen:13 Ind:5 RMSE(val)=146.586874
[GA][Iter3] Gen:13 Ind:6 RMSE(val)=146.689737
[GA][Iter3] Gen:13 Ind:7 RMSE(val)=146.689737
[GA][Iter3] Gen:13 Ind:8 RMSE(val)=146.689737
[GA][Iter3] Gen:13 Ind:9 RMSE(val)=146.689737
[GA][Iter3] Gen:13 Ind:10 RMSE(val)=146.689737
[GA][Iter3] Gen:13 Ind:11 RMSE(val)=148.716397
[GA][Iter3] Gen:13 Ind:12 RMSE(val)=146.586874
[GA][Iter3] Gen:13 Ind:13 RMSE(val)=146.689737
[GA][Iter3] Gen:13 Ind:14 RMSE(val)=146.689737
[GA][Iter3] Gen:13 Ind:15 RMSE(val)=146.689737
[GA][Iter3] Gen:13 Ind:16 RMSE(val)=146.689737
[GA][Iter3] Gen:13 Ind:17 RMSE(val)=146.689737
[GA][Iter3] Gen:13 Ind:18 RMSE(val)=146.847060
[GA][Iter3] Gen:13 Ind:19 RMSE(val)=146.586874
[GA][Iter3] Gen:13 Ind:20 RMSE(val)=146.586874
[GA][Iter3] gen=13 best_val_rmse=146.437900
[GA][Iter3] Gen:14 Ind:1 RMSE(val)=146.437900
[GA][Iter3] Gen:14 Ind:2 RMSE(val)=146.586874
[GA][Iter3] Gen:14 Ind:3 RMSE(val)=146.586874
[GA][Iter3] Gen:14 Ind:4 RMSE(val)=146.586874
[GA][Iter3] Gen:14 Ind:5 RMSE(val)=146.586874
[GA][Iter3] Gen:14 Ind:6 RMSE(val)=146.586874
[GA][Iter3] Gen:14 Ind:7 RMSE(val)=146.586874
[GA][Iter3] Gen:14 Ind:8 RMSE(val)=146.586874
[GA][Iter3] Gen:14 Ind:9 RMSE(val)=146.689737
[GA][Iter3] Gen:14 Ind:10 RMSE(val)=146.689737
[GA][Iter3] Gen:14 Ind:11 RMSE(val)=146.586874
[GA][Iter3] Gen:14 Ind:12 RMSE(val)=146.689737
[GA][Iter3] Gen:14 Ind:13 RMSE(val)=146.781216
[GA][Iter3] Gen:14 Ind:14 RMSE(val)=146.586874
[GA][Iter3] Gen:14 Ind:15 RMSE(val)=146.586874
[GA][Iter3] Gen:14 Ind:16 RMSE(val)=146.689737
[GA][Iter3] Gen:14 Ind:17 RMSE(val)=146.569810
[GA][Iter3] Gen:14 Ind:18 RMSE(val)=146.586874
[GA][Iter3] Gen:14 Ind:19 RMSE(val)=146.586874
[GA][Iter3] Gen:14 Ind:20 RMSE(val)=146.586874
[GA][Iter3] gen=14 best_val_rmse=146.437900
[GA][Iter3] Gen:15 Ind:1 RMSE(val)=146.437900
[GA][Iter3] Gen:15 Ind:2 RMSE(val)=146.569810
[GA][Iter3] Gen:15 Ind:3 RMSE(val)=146.586874
[GA][Iter3] Gen:15 Ind:4 RMSE(val)=146.586874
[GA][Iter3] Gen:15 Ind:5 RMSE(val)=146.586874
[GA][Iter3] Gen:15 Ind:6 RMSE(val)=146.586874
[GA][Iter3] Gen:15 Ind:7 RMSE(val)=146.586874
[GA][Iter3] Gen:15 Ind:8 RMSE(val)=146.586874
[GA][Iter3] Gen:15 Ind:9 RMSE(val)=146.586874
[GA][Iter3] Gen:15 Ind:10 RMSE(val)=146.586874
[GA][Iter3] Gen:15 Ind:11 RMSE(val)=148.318030
[GA][Iter3] Gen:15 Ind:12 RMSE(val)=146.569810
[GA][Iter3] Gen:15 Ind:13 RMSE(val)=146.586874
[GA][Iter3] Gen:15 Ind:14 RMSE(val)=149.934517
[GA][Iter3] Gen:15 Ind:15 RMSE(val)=146.689737
[GA][Iter3] Gen:15 Ind:16 RMSE(val)=146.586874
[GA][Iter3] Gen:15 Ind:17 RMSE(val)=146.586874
[GA][Iter3] Gen:15 Ind:18 RMSE(val)=146.586874
[GA][Iter3] Gen:15 Ind:19 RMSE(val)=146.586874
[GA][Iter3] Gen:15 Ind:20 RMSE(val)=146.506961
[GA][Iter3] gen=15 best_val_rmse=146.437900
[GA][Iter3] Gen:15 Ind:1 RMSE(val)=146.437900
[GA][Iter3] Gen:15 Ind:2 RMSE(val)=146.506961
[GA][Iter3] Gen:15 Ind:3 RMSE(val)=146.569810
[GA][Iter3] Gen:15 Ind:4 RMSE(val)=146.569810
[GA][Iter3] Gen:15 Ind:5 RMSE(val)=146.586874
[GA][Iter3] Gen:15 Ind:6 RMSE(val)=146.586874
[GA][Iter3] Gen:15 Ind:7 RMSE(val)=146.586874
[GA][Iter3] Gen:15 Ind:8 RMSE(val)=146.586874
[GA][Iter3] Gen:15 Ind:9 RMSE(val)=146.586874
[GA][Iter3] Gen:15 Ind:10 RMSE(val)=146.586874
[GA][Iter3] Gen:15 Ind:11 RMSE(val)=146.586874
[GA][Iter3] Gen:15 Ind:12 RMSE(val)=146.303100
[GA][Iter3] Gen:15 Ind:13 RMSE(val)=148.695474
[GA][Iter3] Gen:15 Ind:14 RMSE(val)=146.569810
[GA][Iter3] Gen:15 Ind:15 RMSE(val)=147.248671
[GA][Iter3] Gen:15 Ind:16 RMSE(val)=146.437900
[GA][Iter3] Gen:15 Ind:17 RMSE(val)=146.586874
[GA][Iter3] Gen:15 Ind:18 RMSE(val)=148.998783
[GA][Iter3] Gen:15 Ind:19 RMSE(val)=146.586874
[GA][Iter3] Gen:15 Ind:20 RMSE(val)=146.586874

[GA DONE][Iter3] Best params on val fold of Iter3
Best val RMSE: 146.303100
Best params: {'n_estimators': 847, 'learning_rate': 0.013411549051588537, 'max_depth': 6, 'min_samples_split': 21, 'min_samples_leaf': 1, 'subsample': 0.9737092856447709, 'max_features': 'log2'}
--------------------------------------------------------------------------------
[RETUNE GA] Iter3: train folds 1..7 -> test fold 8  RMSE=218.627414  NRMSE=1.117163  CVRMSE=0.238563  R2=-0.254024
[GA][Iter4] Gen:1 Ind:1 RMSE(val)=226.930973
[GA][Iter4] Gen:1 Ind:2 RMSE(val)=234.279090
[GA][Iter4] Gen:1 Ind:3 RMSE(val)=218.372718
[GA][Iter4] Gen:1 Ind:4 RMSE(val)=227.921072
[GA][Iter4] Gen:1 Ind:5 RMSE(val)=236.844155
[GA][Iter4] Gen:1 Ind:6 RMSE(val)=216.601059
[GA][Iter4] Gen:1 Ind:7 RMSE(val)=217.474267
[GA][Iter4] Gen:1 Ind:8 RMSE(val)=237.278074
[GA][Iter4] Gen:1 Ind:9 RMSE(val)=217.375745
[GA][Iter4] Gen:1 Ind:10 RMSE(val)=220.827600
[GA][Iter4] Gen:1 Ind:11 RMSE(val)=229.673250
[GA][Iter4] Gen:1 Ind:12 RMSE(val)=223.341947
[GA][Iter4] Gen:1 Ind:13 RMSE(val)=226.226693
[GA][Iter4] Gen:1 Ind:14 RMSE(val)=220.398057
[GA][Iter4] Gen:1 Ind:15 RMSE(val)=218.359698
[GA][Iter4] Gen:1 Ind:16 RMSE(val)=226.000218
[GA][Iter4] Gen:1 Ind:17 RMSE(val)=217.282410
[GA][Iter4] Gen:1 Ind:18 RMSE(val)=219.741724
[GA][Iter4] Gen:1 Ind:19 RMSE(val)=239.147934
[GA][Iter4] Gen:1 Ind:20 RMSE(val)=236.421088
[GA][Iter4] gen=1 best_val_rmse=216.601059
[GA][Iter4] Gen:2 Ind:1 RMSE(val)=216.601059
[GA][Iter4] Gen:2 Ind:2 RMSE(val)=217.282410
[GA][Iter4] Gen:2 Ind:3 RMSE(val)=217.375745
[GA][Iter4] Gen:2 Ind:4 RMSE(val)=217.474267
[GA][Iter4] Gen:2 Ind:5 RMSE(val)=218.359698
[GA][Iter4] Gen:2 Ind:6 RMSE(val)=218.372718
[GA][Iter4] Gen:2 Ind:7 RMSE(val)=219.741724
[GA][Iter4] Gen:2 Ind:8 RMSE(val)=220.398057
[GA][Iter4] Gen:2 Ind:9 RMSE(val)=220.827600
[GA][Iter4] Gen:2 Ind:10 RMSE(val)=223.341947
[GA][Iter4] Gen:2 Ind:11 RMSE(val)=220.852430
[GA][Iter4] Gen:2 Ind:12 RMSE(val)=220.019412
[GA][Iter4] Gen:2 Ind:13 RMSE(val)=216.867599
[GA][Iter4] Gen:2 Ind:14 RMSE(val)=220.390192
[GA][Iter4] Gen:2 Ind:15 RMSE(val)=219.717674
[GA][Iter4] Gen:2 Ind:16 RMSE(val)=227.187327
[GA][Iter4] Gen:2 Ind:17 RMSE(val)=222.073451
[GA][Iter4] Gen:2 Ind:18 RMSE(val)=220.946759
[GA][Iter4] Gen:2 Ind:19 RMSE(val)=215.359612
[GA][Iter4] Gen:2 Ind:20 RMSE(val)=227.972288
[GA][Iter4] gen=2 best_val_rmse=215.359612
[GA][Iter4] Gen:3 Ind:1 RMSE(val)=215.359612
[GA][Iter4] Gen:3 Ind:2 RMSE(val)=216.601059
[GA][Iter4] Gen:3 Ind:3 RMSE(val)=216.867599
[GA][Iter4] Gen:3 Ind:4 RMSE(val)=217.282410
[GA][Iter4] Gen:3 Ind:5 RMSE(val)=217.375745
[GA][Iter4] Gen:3 Ind:6 RMSE(val)=217.474267
[GA][Iter4] Gen:3 Ind:7 RMSE(val)=218.359698
[GA][Iter4] Gen:3 Ind:8 RMSE(val)=218.372718
[GA][Iter4] Gen:3 Ind:9 RMSE(val)=219.717674
[GA][Iter4] Gen:3 Ind:10 RMSE(val)=219.741724
[GA][Iter4] Gen:3 Ind:11 RMSE(val)=220.903758
[GA][Iter4] Gen:3 Ind:12 RMSE(val)=221.914707
[GA][Iter4] Gen:3 Ind:13 RMSE(val)=216.103349
[GA][Iter4] Gen:3 Ind:14 RMSE(val)=229.098608
[GA][Iter4] Gen:3 Ind:15 RMSE(val)=216.507330
[GA][Iter4] Gen:3 Ind:16 RMSE(val)=217.858520
[GA][Iter4] Gen:3 Ind:17 RMSE(val)=218.959407
[GA][Iter4] Gen:3 Ind:18 RMSE(val)=230.363133
[GA][Iter4] Gen:3 Ind:19 RMSE(val)=223.424830
[GA][Iter4] Gen:3 Ind:20 RMSE(val)=219.367152
[GA][Iter4] gen=3 best_val_rmse=215.359612
[GA][Iter4] Gen:4 Ind:1 RMSE(val)=215.359612
[GA][Iter4] Gen:4 Ind:2 RMSE(val)=216.103349
[GA][Iter4] Gen:4 Ind:3 RMSE(val)=216.507330
[GA][Iter4] Gen:4 Ind:4 RMSE(val)=216.601059
[GA][Iter4] Gen:4 Ind:5 RMSE(val)=216.867599
[GA][Iter4] Gen:4 Ind:6 RMSE(val)=217.282410
[GA][Iter4] Gen:4 Ind:7 RMSE(val)=217.375745
[GA][Iter4] Gen:4 Ind:8 RMSE(val)=217.474267
[GA][Iter4] Gen:4 Ind:9 RMSE(val)=217.858520
[GA][Iter4] Gen:4 Ind:10 RMSE(val)=218.359698
[GA][Iter4] Gen:4 Ind:11 RMSE(val)=217.858520
[GA][Iter4] Gen:4 Ind:12 RMSE(val)=221.523416
[GA][Iter4] Gen:4 Ind:13 RMSE(val)=220.765194
[GA][Iter4] Gen:4 Ind:14 RMSE(val)=216.103349
[GA][Iter4] Gen:4 Ind:15 RMSE(val)=215.915412
[GA][Iter4] Gen:4 Ind:16 RMSE(val)=223.236666
[GA][Iter4] Gen:4 Ind:17 RMSE(val)=220.232769
[GA][Iter4] Gen:4 Ind:18 RMSE(val)=221.163814
[GA][Iter4] Gen:4 Ind:19 RMSE(val)=216.485832
[GA][Iter4] Gen:4 Ind:20 RMSE(val)=214.578311
[GA][Iter4] gen=4 best_val_rmse=214.578311
[GA][Iter4] Gen:5 Ind:1 RMSE(val)=214.578311
[GA][Iter4] Gen:5 Ind:2 RMSE(val)=215.359612
[GA][Iter4] Gen:5 Ind:3 RMSE(val)=215.915412
[GA][Iter4] Gen:5 Ind:4 RMSE(val)=216.103349
[GA][Iter4] Gen:5 Ind:5 RMSE(val)=216.103349
[GA][Iter4] Gen:5 Ind:6 RMSE(val)=216.485832
[GA][Iter4] Gen:5 Ind:7 RMSE(val)=216.507330
[GA][Iter4] Gen:5 Ind:8 RMSE(val)=216.601059
[GA][Iter4] Gen:5 Ind:9 RMSE(val)=216.867599
[GA][Iter4] Gen:5 Ind:10 RMSE(val)=217.282410
[GA][Iter4] Gen:5 Ind:11 RMSE(val)=215.487163
[GA][Iter4] Gen:5 Ind:12 RMSE(val)=216.103349
[GA][Iter4] Gen:5 Ind:13 RMSE(val)=217.282410
[GA][Iter4] Gen:5 Ind:14 RMSE(val)=216.177659
[GA][Iter4] Gen:5 Ind:15 RMSE(val)=216.103349
[GA][Iter4] Gen:5 Ind:16 RMSE(val)=217.452966
[GA][Iter4] Gen:5 Ind:17 RMSE(val)=216.507330
[GA][Iter4] Gen:5 Ind:18 RMSE(val)=222.986531
[GA][Iter4] Gen:5 Ind:19 RMSE(val)=215.918765
[GA][Iter4] Gen:5 Ind:20 RMSE(val)=216.084759
[GA][Iter4] gen=5 best_val_rmse=214.578311
[GA][Iter4] Gen:6 Ind:1 RMSE(val)=214.578311
[GA][Iter4] Gen:6 Ind:2 RMSE(val)=215.359612
[GA][Iter4] Gen:6 Ind:3 RMSE(val)=215.487163
[GA][Iter4] Gen:6 Ind:4 RMSE(val)=215.915412
[GA][Iter4] Gen:6 Ind:5 RMSE(val)=215.918765
[GA][Iter4] Gen:6 Ind:6 RMSE(val)=216.084759
[GA][Iter4] Gen:6 Ind:7 RMSE(val)=216.103349
[GA][Iter4] Gen:6 Ind:8 RMSE(val)=216.103349
[GA][Iter4] Gen:6 Ind:9 RMSE(val)=216.103349
[GA][Iter4] Gen:6 Ind:10 RMSE(val)=216.103349
[GA][Iter4] Gen:6 Ind:11 RMSE(val)=216.579126
[GA][Iter4] Gen:6 Ind:12 RMSE(val)=217.306952
[GA][Iter4] Gen:6 Ind:13 RMSE(val)=215.664423
[GA][Iter4] Gen:6 Ind:14 RMSE(val)=215.359612
[GA][Iter4] Gen:6 Ind:15 RMSE(val)=215.675618
[GA][Iter4] Gen:6 Ind:16 RMSE(val)=216.390962
[GA][Iter4] Gen:6 Ind:17 RMSE(val)=215.711945
[GA][Iter4] Gen:6 Ind:18 RMSE(val)=216.084759
[GA][Iter4] Gen:6 Ind:19 RMSE(val)=215.664423
[GA][Iter4] Gen:6 Ind:20 RMSE(val)=215.608967
[GA][Iter4] gen=6 best_val_rmse=214.578311
[GA][Iter4] Gen:7 Ind:1 RMSE(val)=214.578311
[GA][Iter4] Gen:7 Ind:2 RMSE(val)=215.359612
[GA][Iter4] Gen:7 Ind:3 RMSE(val)=215.359612
[GA][Iter4] Gen:7 Ind:4 RMSE(val)=215.487163
[GA][Iter4] Gen:7 Ind:5 RMSE(val)=215.608967
[GA][Iter4] Gen:7 Ind:6 RMSE(val)=215.664423
[GA][Iter4] Gen:7 Ind:7 RMSE(val)=215.664423
[GA][Iter4] Gen:7 Ind:8 RMSE(val)=215.675618
[GA][Iter4] Gen:7 Ind:9 RMSE(val)=215.711945
[GA][Iter4] Gen:7 Ind:10 RMSE(val)=215.915412
[GA][Iter4] Gen:7 Ind:11 RMSE(val)=214.943496
[GA][Iter4] Gen:7 Ind:12 RMSE(val)=214.905115
[GA][Iter4] Gen:7 Ind:13 RMSE(val)=214.947587
[GA][Iter4] Gen:7 Ind:14 RMSE(val)=215.145452
[GA][Iter4] Gen:7 Ind:15 RMSE(val)=223.884555
[GA][Iter4] Gen:7 Ind:16 RMSE(val)=216.431728
[GA][Iter4] Gen:7 Ind:17 RMSE(val)=215.452112
[GA][Iter4] Gen:7 Ind:18 RMSE(val)=214.578311
[GA][Iter4] Gen:7 Ind:19 RMSE(val)=215.487163
[GA][Iter4] Gen:7 Ind:20 RMSE(val)=216.411077
[GA][Iter4] gen=7 best_val_rmse=214.578311
[GA][Iter4] Gen:8 Ind:1 RMSE(val)=214.578311
[GA][Iter4] Gen:8 Ind:2 RMSE(val)=214.578311
[GA][Iter4] Gen:8 Ind:3 RMSE(val)=214.905115
[GA][Iter4] Gen:8 Ind:4 RMSE(val)=214.943496
[GA][Iter4] Gen:8 Ind:5 RMSE(val)=214.947587
[GA][Iter4] Gen:8 Ind:6 RMSE(val)=215.145452
[GA][Iter4] Gen:8 Ind:7 RMSE(val)=215.359612
[GA][Iter4] Gen:8 Ind:8 RMSE(val)=215.359612
[GA][Iter4] Gen:8 Ind:9 RMSE(val)=215.452112
[GA][Iter4] Gen:8 Ind:10 RMSE(val)=215.487163
[GA][Iter4] Gen:8 Ind:11 RMSE(val)=215.145452
[GA][Iter4] Gen:8 Ind:12 RMSE(val)=214.947587
[GA][Iter4] Gen:8 Ind:13 RMSE(val)=214.697578
[GA][Iter4] Gen:8 Ind:14 RMSE(val)=215.385089
[GA][Iter4] Gen:8 Ind:15 RMSE(val)=215.452112
[GA][Iter4] Gen:8 Ind:16 RMSE(val)=215.346337
[GA][Iter4] Gen:8 Ind:17 RMSE(val)=214.943496
[GA][Iter4] Gen:8 Ind:18 RMSE(val)=214.744820
[GA][Iter4] Gen:8 Ind:19 RMSE(val)=215.145452
[GA][Iter4] Gen:8 Ind:20 RMSE(val)=214.882471
[GA][Iter4] gen=8 best_val_rmse=214.578311
[GA][Iter4] Gen:9 Ind:1 RMSE(val)=214.578311
[GA][Iter4] Gen:9 Ind:2 RMSE(val)=214.578311
[GA][Iter4] Gen:9 Ind:3 RMSE(val)=214.697578
[GA][Iter4] Gen:9 Ind:4 RMSE(val)=214.744820
[GA][Iter4] Gen:9 Ind:5 RMSE(val)=214.882471
[GA][Iter4] Gen:9 Ind:6 RMSE(val)=214.905115
[GA][Iter4] Gen:9 Ind:7 RMSE(val)=214.943496
[GA][Iter4] Gen:9 Ind:8 RMSE(val)=214.943496
[GA][Iter4] Gen:9 Ind:9 RMSE(val)=214.947587
[GA][Iter4] Gen:9 Ind:10 RMSE(val)=214.947587
[GA][Iter4] Gen:9 Ind:11 RMSE(val)=214.943496
[GA][Iter4] Gen:9 Ind:12 RMSE(val)=214.697578
[GA][Iter4] Gen:9 Ind:13 RMSE(val)=214.578311
[GA][Iter4] Gen:9 Ind:14 RMSE(val)=214.958468
[GA][Iter4] Gen:9 Ind:15 RMSE(val)=214.737410
[GA][Iter4] Gen:9 Ind:16 RMSE(val)=215.810472
[GA][Iter4] Gen:9 Ind:17 RMSE(val)=214.709515
[GA][Iter4] Gen:9 Ind:18 RMSE(val)=214.958468
[GA][Iter4] Gen:9 Ind:19 RMSE(val)=214.709515
[GA][Iter4] Gen:9 Ind:20 RMSE(val)=214.838241
[GA][Iter4] gen=9 best_val_rmse=214.578311
[GA][Iter4] Gen:10 Ind:1 RMSE(val)=214.578311
[GA][Iter4] Gen:10 Ind:2 RMSE(val)=214.578311
[GA][Iter4] Gen:10 Ind:3 RMSE(val)=214.578311
[GA][Iter4] Gen:10 Ind:4 RMSE(val)=214.697578
[GA][Iter4] Gen:10 Ind:5 RMSE(val)=214.697578
[GA][Iter4] Gen:10 Ind:6 RMSE(val)=214.709515
[GA][Iter4] Gen:10 Ind:7 RMSE(val)=214.709515
[GA][Iter4] Gen:10 Ind:8 RMSE(val)=214.737410
[GA][Iter4] Gen:10 Ind:9 RMSE(val)=214.744820
[GA][Iter4] Gen:10 Ind:10 RMSE(val)=214.838241
[GA][Iter4] Gen:10 Ind:11 RMSE(val)=214.218438
[GA][Iter4] Gen:10 Ind:12 RMSE(val)=214.943496
[GA][Iter4] Gen:10 Ind:13 RMSE(val)=214.744820
[GA][Iter4] Gen:10 Ind:14 RMSE(val)=214.702070
[GA][Iter4] Gen:10 Ind:15 RMSE(val)=214.709515
[GA][Iter4] Gen:10 Ind:16 RMSE(val)=214.432920
[GA][Iter4] Gen:10 Ind:17 RMSE(val)=214.749686
[GA][Iter4] Gen:10 Ind:18 RMSE(val)=214.749686
[GA][Iter4] Gen:10 Ind:19 RMSE(val)=214.749686
[GA][Iter4] Gen:10 Ind:20 RMSE(val)=214.843366
[GA][Iter4] gen=10 best_val_rmse=214.218438
[GA][Iter4] Gen:11 Ind:1 RMSE(val)=214.218438
[GA][Iter4] Gen:11 Ind:2 RMSE(val)=214.432920
[GA][Iter4] Gen:11 Ind:3 RMSE(val)=214.578311
[GA][Iter4] Gen:11 Ind:4 RMSE(val)=214.578311
[GA][Iter4] Gen:11 Ind:5 RMSE(val)=214.578311
[GA][Iter4] Gen:11 Ind:6 RMSE(val)=214.697578
[GA][Iter4] Gen:11 Ind:7 RMSE(val)=214.697578
[GA][Iter4] Gen:11 Ind:8 RMSE(val)=214.702070
[GA][Iter4] Gen:11 Ind:9 RMSE(val)=214.709515
[GA][Iter4] Gen:11 Ind:10 RMSE(val)=214.709515
[GA][Iter4] Gen:11 Ind:11 RMSE(val)=214.137539
[GA][Iter4] Gen:11 Ind:12 RMSE(val)=214.578311
[GA][Iter4] Gen:11 Ind:13 RMSE(val)=214.709515
[GA][Iter4] Gen:11 Ind:14 RMSE(val)=214.432920
[GA][Iter4] Gen:11 Ind:15 RMSE(val)=214.943496
[GA][Iter4] Gen:11 Ind:16 RMSE(val)=214.709515
[GA][Iter4] Gen:11 Ind:17 RMSE(val)=214.362063
[GA][Iter4] Gen:11 Ind:18 RMSE(val)=214.134390
[GA][Iter4] Gen:11 Ind:19 RMSE(val)=214.362063
[GA][Iter4] Gen:11 Ind:20 RMSE(val)=218.039126
[GA][Iter4] gen=11 best_val_rmse=214.134390
[GA][Iter4] Gen:12 Ind:1 RMSE(val)=214.134390
[GA][Iter4] Gen:12 Ind:2 RMSE(val)=214.137539
[GA][Iter4] Gen:12 Ind:3 RMSE(val)=214.218438
[GA][Iter4] Gen:12 Ind:4 RMSE(val)=214.362063
[GA][Iter4] Gen:12 Ind:5 RMSE(val)=214.362063
[GA][Iter4] Gen:12 Ind:6 RMSE(val)=214.432920
[GA][Iter4] Gen:12 Ind:7 RMSE(val)=214.432920
[GA][Iter4] Gen:12 Ind:8 RMSE(val)=214.578311
[GA][Iter4] Gen:12 Ind:9 RMSE(val)=214.578311
[GA][Iter4] Gen:12 Ind:10 RMSE(val)=214.578311
[GA][Iter4] Gen:12 Ind:11 RMSE(val)=214.218438
[GA][Iter4] Gen:12 Ind:12 RMSE(val)=214.829369
[GA][Iter4] Gen:12 Ind:13 RMSE(val)=216.324848
[GA][Iter4] Gen:12 Ind:14 RMSE(val)=226.221089
[GA][Iter4] Gen:12 Ind:15 RMSE(val)=213.923170
[GA][Iter4] Gen:12 Ind:16 RMSE(val)=214.578311
[GA][Iter4] Gen:12 Ind:17 RMSE(val)=214.362063
[GA][Iter4] Gen:12 Ind:18 RMSE(val)=214.432920
[GA][Iter4] Gen:12 Ind:19 RMSE(val)=214.432920
[GA][Iter4] Gen:12 Ind:20 RMSE(val)=214.432920
[GA][Iter4] gen=12 best_val_rmse=213.923170
[GA][Iter4] Gen:13 Ind:1 RMSE(val)=213.923170
[GA][Iter4] Gen:13 Ind:2 RMSE(val)=214.134390
[GA][Iter4] Gen:13 Ind:3 RMSE(val)=214.137539
[GA][Iter4] Gen:13 Ind:4 RMSE(val)=214.218438
[GA][Iter4] Gen:13 Ind:5 RMSE(val)=214.218438
[GA][Iter4] Gen:13 Ind:6 RMSE(val)=214.362063
[GA][Iter4] Gen:13 Ind:7 RMSE(val)=214.362063
[GA][Iter4] Gen:13 Ind:8 RMSE(val)=214.362063
[GA][Iter4] Gen:13 Ind:9 RMSE(val)=214.432920
[GA][Iter4] Gen:13 Ind:10 RMSE(val)=214.432920
[GA][Iter4] Gen:13 Ind:11 RMSE(val)=215.070951
[GA][Iter4] Gen:13 Ind:12 RMSE(val)=212.721770
[GA][Iter4] Gen:13 Ind:13 RMSE(val)=216.324848
[GA][Iter4] Gen:13 Ind:14 RMSE(val)=214.943496
[GA][Iter4] Gen:13 Ind:15 RMSE(val)=214.432920
[GA][Iter4] Gen:13 Ind:16 RMSE(val)=213.728135
[GA][Iter4] Gen:13 Ind:17 RMSE(val)=214.578311
[GA][Iter4] Gen:13 Ind:18 RMSE(val)=214.254224
[GA][Iter4] Gen:13 Ind:19 RMSE(val)=214.218438
[GA][Iter4] Gen:13 Ind:20 RMSE(val)=214.137539
[GA][Iter4] gen=13 best_val_rmse=212.721770
[GA][Iter4] Gen:14 Ind:1 RMSE(val)=212.721770
[GA][Iter4] Gen:14 Ind:2 RMSE(val)=213.728135
[GA][Iter4] Gen:14 Ind:3 RMSE(val)=213.923170
[GA][Iter4] Gen:14 Ind:4 RMSE(val)=214.134390
[GA][Iter4] Gen:14 Ind:5 RMSE(val)=214.137539
[GA][Iter4] Gen:14 Ind:6 RMSE(val)=214.137539
[GA][Iter4] Gen:14 Ind:7 RMSE(val)=214.218438
[GA][Iter4] Gen:14 Ind:8 RMSE(val)=214.218438
[GA][Iter4] Gen:14 Ind:9 RMSE(val)=214.218438
[GA][Iter4] Gen:14 Ind:10 RMSE(val)=214.254224
[GA][Iter4] Gen:14 Ind:11 RMSE(val)=214.137539
[GA][Iter4] Gen:14 Ind:12 RMSE(val)=213.828522
[GA][Iter4] Gen:14 Ind:13 RMSE(val)=212.486431
[GA][Iter4] Gen:14 Ind:14 RMSE(val)=214.137539
[GA][Iter4] Gen:14 Ind:15 RMSE(val)=212.697060
[GA][Iter4] Gen:14 Ind:16 RMSE(val)=215.168822
[GA][Iter4] Gen:14 Ind:17 RMSE(val)=213.973262
[GA][Iter4] Gen:14 Ind:18 RMSE(val)=214.134390
[GA][Iter4] Gen:14 Ind:19 RMSE(val)=213.923170
[GA][Iter4] Gen:14 Ind:20 RMSE(val)=213.910478
[GA][Iter4] gen=14 best_val_rmse=212.486431
[GA][Iter4] Gen:15 Ind:1 RMSE(val)=212.486431
[GA][Iter4] Gen:15 Ind:2 RMSE(val)=212.697060
[GA][Iter4] Gen:15 Ind:3 RMSE(val)=212.721770
[GA][Iter4] Gen:15 Ind:4 RMSE(val)=213.728135
[GA][Iter4] Gen:15 Ind:5 RMSE(val)=213.828522
[GA][Iter4] Gen:15 Ind:6 RMSE(val)=213.910478
[GA][Iter4] Gen:15 Ind:7 RMSE(val)=213.923170
[GA][Iter4] Gen:15 Ind:8 RMSE(val)=213.923170
[GA][Iter4] Gen:15 Ind:9 RMSE(val)=213.973262
[GA][Iter4] Gen:15 Ind:10 RMSE(val)=214.134390
[GA][Iter4] Gen:15 Ind:11 RMSE(val)=214.007021
[GA][Iter4] Gen:15 Ind:12 RMSE(val)=212.697060
[GA][Iter4] Gen:15 Ind:13 RMSE(val)=214.218438
[GA][Iter4] Gen:15 Ind:14 RMSE(val)=214.772305
[GA][Iter4] Gen:15 Ind:15 RMSE(val)=213.923170
[GA][Iter4] Gen:15 Ind:16 RMSE(val)=213.612094
[GA][Iter4] Gen:15 Ind:17 RMSE(val)=213.923170
[GA][Iter4] Gen:15 Ind:18 RMSE(val)=212.559542
[GA][Iter4] Gen:15 Ind:19 RMSE(val)=214.027911
[GA][Iter4] Gen:15 Ind:20 RMSE(val)=212.697060
[GA][Iter4] gen=15 best_val_rmse=212.486431
[GA][Iter4] Gen:15 Ind:1 RMSE(val)=212.486431
[GA][Iter4] Gen:15 Ind:2 RMSE(val)=212.559542
[GA][Iter4] Gen:15 Ind:3 RMSE(val)=212.697060
[GA][Iter4] Gen:15 Ind:4 RMSE(val)=212.697060
[GA][Iter4] Gen:15 Ind:5 RMSE(val)=212.697060
[GA][Iter4] Gen:15 Ind:6 RMSE(val)=212.721770
[GA][Iter4] Gen:15 Ind:7 RMSE(val)=213.612094
[GA][Iter4] Gen:15 Ind:8 RMSE(val)=213.728135
[GA][Iter4] Gen:15 Ind:9 RMSE(val)=213.828522
[GA][Iter4] Gen:15 Ind:10 RMSE(val)=213.910478
[GA][Iter4] Gen:15 Ind:11 RMSE(val)=213.728135
[GA][Iter4] Gen:15 Ind:12 RMSE(val)=212.775966
[GA][Iter4] Gen:15 Ind:13 RMSE(val)=213.387937
[GA][Iter4] Gen:15 Ind:14 RMSE(val)=213.622101
[GA][Iter4] Gen:15 Ind:15 RMSE(val)=219.853641
[GA][Iter4] Gen:15 Ind:16 RMSE(val)=212.721770
[GA][Iter4] Gen:15 Ind:17 RMSE(val)=213.728135
[GA][Iter4] Gen:15 Ind:18 RMSE(val)=214.355267
[GA][Iter4] Gen:15 Ind:19 RMSE(val)=213.012466
[GA][Iter4] Gen:15 Ind:20 RMSE(val)=214.649936

[GA DONE][Iter4] Best params on val fold of Iter4
Best val RMSE: 212.486431
Best params: {'n_estimators': 1035, 'learning_rate': 0.010777779216573401, 'max_depth': 2, 'min_samples_split': 31, 'min_samples_leaf': 2, 'subsample': 0.9737092856447709, 'max_features': None}
--------------------------------------------------------------------------------
[RETUNE GA] Iter4: train folds 1..8 -> test fold 9  RMSE=224.972380  NRMSE=1.270594  CVRMSE=0.238197  R2=-0.622134
[GA][Iter5] Gen:1 Ind:1 RMSE(val)=229.267050
[GA][Iter5] Gen:1 Ind:2 RMSE(val)=228.387233
[GA][Iter5] Gen:1 Ind:3 RMSE(val)=210.914158
[GA][Iter5] Gen:1 Ind:4 RMSE(val)=254.964925
[GA][Iter5] Gen:1 Ind:5 RMSE(val)=237.821051
[GA][Iter5] Gen:1 Ind:6 RMSE(val)=225.080841
[GA][Iter5] Gen:1 Ind:7 RMSE(val)=222.607347
[GA][Iter5] Gen:1 Ind:8 RMSE(val)=272.491963
[GA][Iter5] Gen:1 Ind:9 RMSE(val)=217.588846
[GA][Iter5] Gen:1 Ind:10 RMSE(val)=218.144574
[GA][Iter5] Gen:1 Ind:11 RMSE(val)=258.962939
[GA][Iter5] Gen:1 Ind:12 RMSE(val)=205.545549
[GA][Iter5] Gen:1 Ind:13 RMSE(val)=244.902889
[GA][Iter5] Gen:1 Ind:14 RMSE(val)=209.397464
[GA][Iter5] Gen:1 Ind:15 RMSE(val)=219.302375
[GA][Iter5] Gen:1 Ind:16 RMSE(val)=228.670914
[GA][Iter5] Gen:1 Ind:17 RMSE(val)=230.430604
[GA][Iter5] Gen:1 Ind:18 RMSE(val)=214.862613
[GA][Iter5] Gen:1 Ind:19 RMSE(val)=309.306168
[GA][Iter5] Gen:1 Ind:20 RMSE(val)=228.163734
[GA][Iter5] gen=1 best_val_rmse=205.545549
[GA][Iter5] Gen:2 Ind:1 RMSE(val)=205.545549
[GA][Iter5] Gen:2 Ind:2 RMSE(val)=209.397464
[GA][Iter5] Gen:2 Ind:3 RMSE(val)=210.914158
[GA][Iter5] Gen:2 Ind:4 RMSE(val)=214.862613
[GA][Iter5] Gen:2 Ind:5 RMSE(val)=217.588846
[GA][Iter5] Gen:2 Ind:6 RMSE(val)=218.144574
[GA][Iter5] Gen:2 Ind:7 RMSE(val)=219.302375
[GA][Iter5] Gen:2 Ind:8 RMSE(val)=222.607347
[GA][Iter5] Gen:2 Ind:9 RMSE(val)=225.080841
[GA][Iter5] Gen:2 Ind:10 RMSE(val)=228.163734
[GA][Iter5] Gen:2 Ind:11 RMSE(val)=219.863584
[GA][Iter5] Gen:2 Ind:12 RMSE(val)=277.134532
[GA][Iter5] Gen:2 Ind:13 RMSE(val)=206.756516
[GA][Iter5] Gen:2 Ind:14 RMSE(val)=238.173230
[GA][Iter5] Gen:2 Ind:15 RMSE(val)=223.550354
[GA][Iter5] Gen:2 Ind:16 RMSE(val)=207.800529
[GA][Iter5] Gen:2 Ind:17 RMSE(val)=242.980650
[GA][Iter5] Gen:2 Ind:18 RMSE(val)=199.809715
[GA][Iter5] Gen:2 Ind:19 RMSE(val)=221.282524
[GA][Iter5] Gen:2 Ind:20 RMSE(val)=210.261853
[GA][Iter5] gen=2 best_val_rmse=199.809715
[GA][Iter5] Gen:3 Ind:1 RMSE(val)=199.809715
[GA][Iter5] Gen:3 Ind:2 RMSE(val)=205.545549
[GA][Iter5] Gen:3 Ind:3 RMSE(val)=206.756516
[GA][Iter5] Gen:3 Ind:4 RMSE(val)=207.800529
[GA][Iter5] Gen:3 Ind:5 RMSE(val)=209.397464
[GA][Iter5] Gen:3 Ind:6 RMSE(val)=210.261853
[GA][Iter5] Gen:3 Ind:7 RMSE(val)=210.914158
[GA][Iter5] Gen:3 Ind:8 RMSE(val)=214.862613
[GA][Iter5] Gen:3 Ind:9 RMSE(val)=217.588846
[GA][Iter5] Gen:3 Ind:10 RMSE(val)=218.144574
[GA][Iter5] Gen:3 Ind:11 RMSE(val)=212.238741
[GA][Iter5] Gen:3 Ind:12 RMSE(val)=222.345190
[GA][Iter5] Gen:3 Ind:13 RMSE(val)=205.466697
[GA][Iter5] Gen:3 Ind:14 RMSE(val)=214.503757
[GA][Iter5] Gen:3 Ind:15 RMSE(val)=202.545704
[GA][Iter5] Gen:3 Ind:16 RMSE(val)=222.198308
[GA][Iter5] Gen:3 Ind:17 RMSE(val)=209.078547
[GA][Iter5] Gen:3 Ind:18 RMSE(val)=227.237069
[GA][Iter5] Gen:3 Ind:19 RMSE(val)=223.930775
[GA][Iter5] Gen:3 Ind:20 RMSE(val)=209.786554
[GA][Iter5] gen=3 best_val_rmse=199.809715
[GA][Iter5] Gen:4 Ind:1 RMSE(val)=199.809715
[GA][Iter5] Gen:4 Ind:2 RMSE(val)=202.545704
[GA][Iter5] Gen:4 Ind:3 RMSE(val)=205.466697
[GA][Iter5] Gen:4 Ind:4 RMSE(val)=205.545549
[GA][Iter5] Gen:4 Ind:5 RMSE(val)=206.756516
[GA][Iter5] Gen:4 Ind:6 RMSE(val)=207.800529
[GA][Iter5] Gen:4 Ind:7 RMSE(val)=209.078547
[GA][Iter5] Gen:4 Ind:8 RMSE(val)=209.397464
[GA][Iter5] Gen:4 Ind:9 RMSE(val)=209.786554
[GA][Iter5] Gen:4 Ind:10 RMSE(val)=210.261853
[GA][Iter5] Gen:4 Ind:11 RMSE(val)=218.698768
[GA][Iter5] Gen:4 Ind:12 RMSE(val)=204.683321
[GA][Iter5] Gen:4 Ind:13 RMSE(val)=206.572306
[GA][Iter5] Gen:4 Ind:14 RMSE(val)=204.067263
[GA][Iter5] Gen:4 Ind:15 RMSE(val)=199.812826
[GA][Iter5] Gen:4 Ind:16 RMSE(val)=199.809715
[GA][Iter5] Gen:4 Ind:17 RMSE(val)=221.019364
[GA][Iter5] Gen:4 Ind:18 RMSE(val)=220.404815
[GA][Iter5] Gen:4 Ind:19 RMSE(val)=204.279387
[GA][Iter5] Gen:4 Ind:20 RMSE(val)=204.275527
[GA][Iter5] gen=4 best_val_rmse=199.809715
[GA][Iter5] Gen:5 Ind:1 RMSE(val)=199.809715
[GA][Iter5] Gen:5 Ind:2 RMSE(val)=199.809715
[GA][Iter5] Gen:5 Ind:3 RMSE(val)=199.812826
[GA][Iter5] Gen:5 Ind:4 RMSE(val)=202.545704
[GA][Iter5] Gen:5 Ind:5 RMSE(val)=204.067263
[GA][Iter5] Gen:5 Ind:6 RMSE(val)=204.275527
[GA][Iter5] Gen:5 Ind:7 RMSE(val)=204.279387
[GA][Iter5] Gen:5 Ind:8 RMSE(val)=204.683321
[GA][Iter5] Gen:5 Ind:9 RMSE(val)=205.466697
[GA][Iter5] Gen:5 Ind:10 RMSE(val)=205.545549
[GA][Iter5] Gen:5 Ind:11 RMSE(val)=220.381576
[GA][Iter5] Gen:5 Ind:12 RMSE(val)=203.393717
[GA][Iter5] Gen:5 Ind:13 RMSE(val)=205.545549
[GA][Iter5] Gen:5 Ind:14 RMSE(val)=199.812826
[GA][Iter5] Gen:5 Ind:15 RMSE(val)=205.780556
[GA][Iter5] Gen:5 Ind:16 RMSE(val)=205.969914
[GA][Iter5] Gen:5 Ind:17 RMSE(val)=205.617738
[GA][Iter5] Gen:5 Ind:18 RMSE(val)=205.545549
[GA][Iter5] Gen:5 Ind:19 RMSE(val)=203.513339
[GA][Iter5] Gen:5 Ind:20 RMSE(val)=202.042046
[GA][Iter5] gen=5 best_val_rmse=199.809715
[GA][Iter5] Gen:6 Ind:1 RMSE(val)=199.809715
[GA][Iter5] Gen:6 Ind:2 RMSE(val)=199.809715
[GA][Iter5] Gen:6 Ind:3 RMSE(val)=199.812826
[GA][Iter5] Gen:6 Ind:4 RMSE(val)=199.812826
[GA][Iter5] Gen:6 Ind:5 RMSE(val)=202.042046
[GA][Iter5] Gen:6 Ind:6 RMSE(val)=202.545704
[GA][Iter5] Gen:6 Ind:7 RMSE(val)=203.393717
[GA][Iter5] Gen:6 Ind:8 RMSE(val)=203.513339
[GA][Iter5] Gen:6 Ind:9 RMSE(val)=204.067263
[GA][Iter5] Gen:6 Ind:10 RMSE(val)=204.275527
[GA][Iter5] Gen:6 Ind:11 RMSE(val)=202.154168
[GA][Iter5] Gen:6 Ind:12 RMSE(val)=203.968571
[GA][Iter5] Gen:6 Ind:13 RMSE(val)=202.545704
[GA][Iter5] Gen:6 Ind:14 RMSE(val)=199.809715
[GA][Iter5] Gen:6 Ind:15 RMSE(val)=199.809715
[GA][Iter5] Gen:6 Ind:16 RMSE(val)=202.544596
[GA][Iter5] Gen:6 Ind:17 RMSE(val)=202.545704
[GA][Iter5] Gen:6 Ind:18 RMSE(val)=202.545704
[GA][Iter5] Gen:6 Ind:19 RMSE(val)=204.067263
[GA][Iter5] Gen:6 Ind:20 RMSE(val)=199.812826
[GA][Iter5] gen=6 best_val_rmse=199.809715
[GA][Iter5] Gen:7 Ind:1 RMSE(val)=199.809715
[GA][Iter5] Gen:7 Ind:2 RMSE(val)=199.809715
[GA][Iter5] Gen:7 Ind:3 RMSE(val)=199.809715
[GA][Iter5] Gen:7 Ind:4 RMSE(val)=199.809715
[GA][Iter5] Gen:7 Ind:5 RMSE(val)=199.812826
[GA][Iter5] Gen:7 Ind:6 RMSE(val)=199.812826
[GA][Iter5] Gen:7 Ind:7 RMSE(val)=199.812826
[GA][Iter5] Gen:7 Ind:8 RMSE(val)=202.042046
[GA][Iter5] Gen:7 Ind:9 RMSE(val)=202.154168
[GA][Iter5] Gen:7 Ind:10 RMSE(val)=202.544596
[GA][Iter5] Gen:7 Ind:11 RMSE(val)=202.154168
[GA][Iter5] Gen:7 Ind:12 RMSE(val)=201.538491
[GA][Iter5] Gen:7 Ind:13 RMSE(val)=199.809715
[GA][Iter5] Gen:7 Ind:14 RMSE(val)=199.809715
[GA][Iter5] Gen:7 Ind:15 RMSE(val)=202.092322
[GA][Iter5] Gen:7 Ind:16 RMSE(val)=204.254841
[GA][Iter5] Gen:7 Ind:17 RMSE(val)=199.809715
[GA][Iter5] Gen:7 Ind:18 RMSE(val)=199.809715
[GA][Iter5] Gen:7 Ind:19 RMSE(val)=199.809715
[GA][Iter5] Gen:7 Ind:20 RMSE(val)=202.266880
[GA][Iter5] gen=7 best_val_rmse=199.809715
[GA][Iter5] Gen:8 Ind:1 RMSE(val)=199.809715
[GA][Iter5] Gen:8 Ind:2 RMSE(val)=199.809715
[GA][Iter5] Gen:8 Ind:3 RMSE(val)=199.809715
[GA][Iter5] Gen:8 Ind:4 RMSE(val)=199.809715
[GA][Iter5] Gen:8 Ind:5 RMSE(val)=199.809715
[GA][Iter5] Gen:8 Ind:6 RMSE(val)=199.809715
[GA][Iter5] Gen:8 Ind:7 RMSE(val)=199.809715
[GA][Iter5] Gen:8 Ind:8 RMSE(val)=199.809715
[GA][Iter5] Gen:8 Ind:9 RMSE(val)=199.809715
[GA][Iter5] Gen:8 Ind:10 RMSE(val)=199.812826
[GA][Iter5] Gen:8 Ind:11 RMSE(val)=199.809715
[GA][Iter5] Gen:8 Ind:12 RMSE(val)=199.809715
[GA][Iter5] Gen:8 Ind:13 RMSE(val)=199.809715
[GA][Iter5] Gen:8 Ind:14 RMSE(val)=199.809715
[GA][Iter5] Gen:8 Ind:15 RMSE(val)=199.809715
[GA][Iter5] Gen:8 Ind:16 RMSE(val)=199.809715
[GA][Iter5] Gen:8 Ind:17 RMSE(val)=199.809715
[GA][Iter5] Gen:8 Ind:18 RMSE(val)=199.809715
[GA][Iter5] Gen:8 Ind:19 RMSE(val)=199.809715
[GA][Iter5] Gen:8 Ind:20 RMSE(val)=199.809715
[GA][Iter5] gen=8 best_val_rmse=199.809715
[GA][Iter5] Gen:9 Ind:1 RMSE(val)=199.809715
[GA][Iter5] Gen:9 Ind:2 RMSE(val)=199.809715
[GA][Iter5] Gen:9 Ind:3 RMSE(val)=199.809715
[GA][Iter5] Gen:9 Ind:4 RMSE(val)=199.809715
[GA][Iter5] Gen:9 Ind:5 RMSE(val)=199.809715
[GA][Iter5] Gen:9 Ind:6 RMSE(val)=199.809715
[GA][Iter5] Gen:9 Ind:7 RMSE(val)=199.809715
[GA][Iter5] Gen:9 Ind:8 RMSE(val)=199.809715
[GA][Iter5] Gen:9 Ind:9 RMSE(val)=199.809715
[GA][Iter5] Gen:9 Ind:10 RMSE(val)=199.809715
[GA][Iter5] Gen:9 Ind:11 RMSE(val)=199.809715
[GA][Iter5] Gen:9 Ind:12 RMSE(val)=199.809715
[GA][Iter5] Gen:9 Ind:13 RMSE(val)=199.809715
[GA][Iter5] Gen:9 Ind:14 RMSE(val)=199.809715
[GA][Iter5] Gen:9 Ind:15 RMSE(val)=199.809715
[GA][Iter5] Gen:9 Ind:16 RMSE(val)=199.780142
[GA][Iter5] Gen:9 Ind:17 RMSE(val)=199.809715
[GA][Iter5] Gen:9 Ind:18 RMSE(val)=199.809715
[GA][Iter5] Gen:9 Ind:19 RMSE(val)=199.809715
[GA][Iter5] Gen:9 Ind:20 RMSE(val)=199.809715
[GA][Iter5] gen=9 best_val_rmse=199.780142
[GA][Iter5] Gen:10 Ind:1 RMSE(val)=199.780142
[GA][Iter5] Gen:10 Ind:2 RMSE(val)=199.809715
[GA][Iter5] Gen:10 Ind:3 RMSE(val)=199.809715
[GA][Iter5] Gen:10 Ind:4 RMSE(val)=199.809715
[GA][Iter5] Gen:10 Ind:5 RMSE(val)=199.809715
[GA][Iter5] Gen:10 Ind:6 RMSE(val)=199.809715
[GA][Iter5] Gen:10 Ind:7 RMSE(val)=199.809715
[GA][Iter5] Gen:10 Ind:8 RMSE(val)=199.809715
[GA][Iter5] Gen:10 Ind:9 RMSE(val)=199.809715
[GA][Iter5] Gen:10 Ind:10 RMSE(val)=199.809715
[GA][Iter5] Gen:10 Ind:11 RMSE(val)=201.007990
[GA][Iter5] Gen:10 Ind:12 RMSE(val)=199.809715
[GA][Iter5] Gen:10 Ind:13 RMSE(val)=199.809715
[GA][Iter5] Gen:10 Ind:14 RMSE(val)=199.809715
[GA][Iter5] Gen:10 Ind:15 RMSE(val)=199.809715
[GA][Iter5] Gen:10 Ind:16 RMSE(val)=199.809715
[GA][Iter5] Gen:10 Ind:17 RMSE(val)=199.809715
[GA][Iter5] Gen:10 Ind:18 RMSE(val)=199.809715
[GA][Iter5] Gen:10 Ind:19 RMSE(val)=199.809715
[GA][Iter5] Gen:10 Ind:20 RMSE(val)=201.664872
[GA][Iter5] gen=10 best_val_rmse=199.780142
[GA][Iter5] Gen:11 Ind:1 RMSE(val)=199.780142
[GA][Iter5] Gen:11 Ind:2 RMSE(val)=199.809715
[GA][Iter5] Gen:11 Ind:3 RMSE(val)=199.809715
[GA][Iter5] Gen:11 Ind:4 RMSE(val)=199.809715
[GA][Iter5] Gen:11 Ind:5 RMSE(val)=199.809715
[GA][Iter5] Gen:11 Ind:6 RMSE(val)=199.809715
[GA][Iter5] Gen:11 Ind:7 RMSE(val)=199.809715
[GA][Iter5] Gen:11 Ind:8 RMSE(val)=199.809715
[GA][Iter5] Gen:11 Ind:9 RMSE(val)=199.809715
[GA][Iter5] Gen:11 Ind:10 RMSE(val)=199.809715
[GA][Iter5] Gen:11 Ind:11 RMSE(val)=199.809715
[GA][Iter5] Gen:11 Ind:12 RMSE(val)=199.809715
[GA][Iter5] Gen:11 Ind:13 RMSE(val)=199.809715
[GA][Iter5] Gen:11 Ind:14 RMSE(val)=199.809715
[GA][Iter5] Gen:11 Ind:15 RMSE(val)=199.809715
[GA][Iter5] Gen:11 Ind:16 RMSE(val)=199.809715
[GA][Iter5] Gen:11 Ind:17 RMSE(val)=199.809715
[GA][Iter5] Gen:11 Ind:18 RMSE(val)=202.425249
[GA][Iter5] Gen:11 Ind:19 RMSE(val)=199.809715
[GA][Iter5] Gen:11 Ind:20 RMSE(val)=201.095768
[GA][Iter5] gen=11 best_val_rmse=199.780142
[GA][Iter5] Gen:12 Ind:1 RMSE(val)=199.780142
[GA][Iter5] Gen:12 Ind:2 RMSE(val)=199.809715
[GA][Iter5] Gen:12 Ind:3 RMSE(val)=199.809715
[GA][Iter5] Gen:12 Ind:4 RMSE(val)=199.809715
[GA][Iter5] Gen:12 Ind:5 RMSE(val)=199.809715
[GA][Iter5] Gen:12 Ind:6 RMSE(val)=199.809715
[GA][Iter5] Gen:12 Ind:7 RMSE(val)=199.809715
[GA][Iter5] Gen:12 Ind:8 RMSE(val)=199.809715
[GA][Iter5] Gen:12 Ind:9 RMSE(val)=199.809715
[GA][Iter5] Gen:12 Ind:10 RMSE(val)=199.809715
[GA][Iter5] Gen:12 Ind:11 RMSE(val)=199.809715
[GA][Iter5] Gen:12 Ind:12 RMSE(val)=202.620232
[GA][Iter5] Gen:12 Ind:13 RMSE(val)=200.504723
[GA][Iter5] Gen:12 Ind:14 RMSE(val)=205.524432
[GA][Iter5] Gen:12 Ind:15 RMSE(val)=199.780142
[GA][Iter5] Gen:12 Ind:16 RMSE(val)=199.809715
[GA][Iter5] Gen:12 Ind:17 RMSE(val)=199.809715
[GA][Iter5] Gen:12 Ind:18 RMSE(val)=199.809715
[GA][Iter5] Gen:12 Ind:19 RMSE(val)=220.381576
[GA][Iter5] Gen:12 Ind:20 RMSE(val)=199.809715
[GA][Iter5] gen=12 best_val_rmse=199.780142
[GA][Iter5] Gen:13 Ind:1 RMSE(val)=199.780142
[GA][Iter5] Gen:13 Ind:2 RMSE(val)=199.780142
[GA][Iter5] Gen:13 Ind:3 RMSE(val)=199.809715
[GA][Iter5] Gen:13 Ind:4 RMSE(val)=199.809715
[GA][Iter5] Gen:13 Ind:5 RMSE(val)=199.809715
[GA][Iter5] Gen:13 Ind:6 RMSE(val)=199.809715
[GA][Iter5] Gen:13 Ind:7 RMSE(val)=199.809715
[GA][Iter5] Gen:13 Ind:8 RMSE(val)=199.809715
[GA][Iter5] Gen:13 Ind:9 RMSE(val)=199.809715
[GA][Iter5] Gen:13 Ind:10 RMSE(val)=199.809715
[GA][Iter5] Gen:13 Ind:11 RMSE(val)=202.462294
[GA][Iter5] Gen:13 Ind:12 RMSE(val)=199.809715
[GA][Iter5] Gen:13 Ind:13 RMSE(val)=202.032129
[GA][Iter5] Gen:13 Ind:14 RMSE(val)=199.809715
[GA][Iter5] Gen:13 Ind:15 RMSE(val)=199.809715
[GA][Iter5] Gen:13 Ind:16 RMSE(val)=199.780142
[GA][Iter5] Gen:13 Ind:17 RMSE(val)=199.809715
[GA][Iter5] Gen:13 Ind:18 RMSE(val)=199.633479
[GA][Iter5] Gen:13 Ind:19 RMSE(val)=199.809715
[GA][Iter5] Gen:13 Ind:20 RMSE(val)=199.809715
[GA][Iter5] gen=13 best_val_rmse=199.633479
[GA][Iter5] Gen:14 Ind:1 RMSE(val)=199.633479
[GA][Iter5] Gen:14 Ind:2 RMSE(val)=199.780142
[GA][Iter5] Gen:14 Ind:3 RMSE(val)=199.780142
[GA][Iter5] Gen:14 Ind:4 RMSE(val)=199.780142
[GA][Iter5] Gen:14 Ind:5 RMSE(val)=199.809715
[GA][Iter5] Gen:14 Ind:6 RMSE(val)=199.809715
[GA][Iter5] Gen:14 Ind:7 RMSE(val)=199.809715
[GA][Iter5] Gen:14 Ind:8 RMSE(val)=199.809715
[GA][Iter5] Gen:14 Ind:9 RMSE(val)=199.809715
[GA][Iter5] Gen:14 Ind:10 RMSE(val)=199.809715
[GA][Iter5] Gen:14 Ind:11 RMSE(val)=199.809715
[GA][Iter5] Gen:14 Ind:12 RMSE(val)=199.809715
[GA][Iter5] Gen:14 Ind:13 RMSE(val)=199.809715
[GA][Iter5] Gen:14 Ind:14 RMSE(val)=199.809715
[GA][Iter5] Gen:14 Ind:15 RMSE(val)=199.809715
[GA][Iter5] Gen:14 Ind:16 RMSE(val)=200.504723
[GA][Iter5] Gen:14 Ind:17 RMSE(val)=199.778591
[GA][Iter5] Gen:14 Ind:18 RMSE(val)=199.780142
[GA][Iter5] Gen:14 Ind:19 RMSE(val)=199.780142
[GA][Iter5] Gen:14 Ind:20 RMSE(val)=199.780142
[GA][Iter5] gen=14 best_val_rmse=199.633479
[GA][Iter5] Gen:15 Ind:1 RMSE(val)=199.633479
[GA][Iter5] Gen:15 Ind:2 RMSE(val)=199.778591
[GA][Iter5] Gen:15 Ind:3 RMSE(val)=199.780142
[GA][Iter5] Gen:15 Ind:4 RMSE(val)=199.780142
[GA][Iter5] Gen:15 Ind:5 RMSE(val)=199.780142
[GA][Iter5] Gen:15 Ind:6 RMSE(val)=199.780142
[GA][Iter5] Gen:15 Ind:7 RMSE(val)=199.780142
[GA][Iter5] Gen:15 Ind:8 RMSE(val)=199.780142
[GA][Iter5] Gen:15 Ind:9 RMSE(val)=199.809715
[GA][Iter5] Gen:15 Ind:10 RMSE(val)=199.809715
[GA][Iter5] Gen:15 Ind:11 RMSE(val)=202.693462
[GA][Iter5] Gen:15 Ind:12 RMSE(val)=199.778591
[GA][Iter5] Gen:15 Ind:13 RMSE(val)=199.780142
[GA][Iter5] Gen:15 Ind:14 RMSE(val)=202.684419
[GA][Iter5] Gen:15 Ind:15 RMSE(val)=199.780142
[GA][Iter5] Gen:15 Ind:16 RMSE(val)=199.633479
[GA][Iter5] Gen:15 Ind:17 RMSE(val)=199.780142
[GA][Iter5] Gen:15 Ind:18 RMSE(val)=199.780142
[GA][Iter5] Gen:15 Ind:19 RMSE(val)=199.780142
[GA][Iter5] Gen:15 Ind:20 RMSE(val)=199.778591
[GA][Iter5] gen=15 best_val_rmse=199.633479
[GA][Iter5] Gen:15 Ind:1 RMSE(val)=199.633479
[GA][Iter5] Gen:15 Ind:2 RMSE(val)=199.633479
[GA][Iter5] Gen:15 Ind:3 RMSE(val)=199.778591
[GA][Iter5] Gen:15 Ind:4 RMSE(val)=199.778591
[GA][Iter5] Gen:15 Ind:5 RMSE(val)=199.778591
[GA][Iter5] Gen:15 Ind:6 RMSE(val)=199.780142
[GA][Iter5] Gen:15 Ind:7 RMSE(val)=199.780142
[GA][Iter5] Gen:15 Ind:8 RMSE(val)=199.780142
[GA][Iter5] Gen:15 Ind:9 RMSE(val)=199.780142
[GA][Iter5] Gen:15 Ind:10 RMSE(val)=199.780142
[GA][Iter5] Gen:15 Ind:11 RMSE(val)=199.780142
[GA][Iter5] Gen:15 Ind:12 RMSE(val)=199.938697
[GA][Iter5] Gen:15 Ind:13 RMSE(val)=203.985499
[GA][Iter5] Gen:15 Ind:14 RMSE(val)=199.778591
[GA][Iter5] Gen:15 Ind:15 RMSE(val)=199.778591
[GA][Iter5] Gen:15 Ind:16 RMSE(val)=199.780142
[GA][Iter5] Gen:15 Ind:17 RMSE(val)=199.780142
[GA][Iter5] Gen:15 Ind:18 RMSE(val)=201.979400
[GA][Iter5] Gen:15 Ind:19 RMSE(val)=199.780142
[GA][Iter5] Gen:15 Ind:20 RMSE(val)=202.025364

[GA DONE][Iter5] Best params on val fold of Iter5
Best val RMSE: 199.633479
Best params: {'n_estimators': 981, 'learning_rate': 0.007930177493448862, 'max_depth': 6, 'min_samples_split': 20, 'min_samples_leaf': 18, 'subsample': 0.6850506176216562, 'max_features': 'sqrt'}
--------------------------------------------------------------------------------
[RETUNE GA] Iter5: train folds 1..9 -> test fold 10  RMSE=173.962490  NRMSE=1.210731  CVRMSE=0.174614  R2=-0.472882
