=== BASELINE (project=daos, last-7 mean, expanding folds) ===
Iter1: train folds 1..5 -> test fold 6  RMSE=1124.3506  NRMSE=0.9023  CVRMSE=0.3906  R˛=0.1843
Iter2: train folds 1..6 -> test fold 7  RMSE=1073.7679  NRMSE=0.9093  CVRMSE=0.4079  R˛=0.1717
Iter3: train folds 1..7 -> test fold 8  RMSE=1103.3863  NRMSE=0.9525  CVRMSE=0.3848  R˛=0.0911
Iter4: train folds 1..8 -> test fold 9  RMSE=1098.0451  NRMSE=0.9484  CVRMSE=0.4267  R˛=0.0988
Iter5: train folds 1..9 -> test fold 10  RMSE=1315.4961  NRMSE=0.9493  CVRMSE=0.4352  R˛=0.0972
--------------------------------------------------
[FEATURES] initial=197 kept_after_screening=127
['issuer_name', 'branch', 'run_attempt', 'total_builds', 'workflow_size', 'gh_sloc', 'total_jobs', 'gh_files_added', 'gh_files_deleted', 'gh_tests_deleted', 'gh_src_files', 'docker_compose_changed', 'git_commits', 'gh_num_pr_comments', 'hour', 'dow', 'month', 'secs_since_prev', 'duration_lag_1', 'duration_lag_4', 'duration_lag_5', 'duration_lag_6', 'duration_lag_7', 'window_avg_7', 'window_std_3', 'ft___04_', 'ft___15_', 'ft___binpb_', 'ft___c_', 'ft___c__', 'ft___conf_', 'ft___conf__', 'ft___config_', 'ft___config__', 'ft___c____dup1', 'ft___default_', 'ft___default__', 'ft___dict_', 'ft___dict__', 'ft___diff_', 'ft___dirs__', 'ft___env_', 'ft___env__', 'ft___example_', 'ft___go___', 'ft___h_', 'ft___h__', 'ft___install_', 'ft___install__', 'ft___j2_', 'ft___md_', 'ft___md__', 'ft___mk_', 'ft___mk__', 'ft___mod__', 'ft___patch_', 'ft___patch__', 'ft___postinst__', 'ft___preinst_', 'ft___proto_', 'ft___proto__', 'ft___py__', 'ft___rpmlintrc__', 'ft___s_', 'ft___sh__', 'ft___sh____dup1', 'ft___spec_', 'ft___sum_', 'ft___sum__', 'ft___supp_', 'ft___supp__', 'ft___toml_', 'ft___txt_', 'ft___xml_', 'ft___yaml_', 'ft___yaml__', 'ft___yaml____dup1', 'ft___yml_', 'ft___yml__', 'ft___yml____dup1', 'ft____04_', 'ft____8_', 'ft____c_', 'ft____c__', 'ft____config_', 'ft____config__', 'ft____dict_', 'ft____dict__', 'ft____dirs__', 'ft____go_', 'ft____go__', 'ft____google_', 'ft____google__', 'ft____h__', 'ft____j2__', 'ft____md_', 'ft____md__', 'ft____mk_', 'ft____mockbuild__', 'ft____mod__', 'ft____patch_', 'ft____patch__', 'ft____proto__', 'ft____py_', 'ft____py__', 'ft____py____dup1', 'ft____rolling_', 'ft____rpmlintrc__', 'ft____sh_', 'ft____sh__', 'ft____spec_', 'ft____spec__', 'ft____supp_', 'ft____supp__', 'ft____test_summary__', 'ft____toml_', 'ft____txt_', 'ft____txt__', 'ft____ubuntu_', 'ft____ubuntu__', 'ft____xml__', 'ft____yaml_', 'ft____yaml__', 'ft____yaml____dup1', 'ft____yml_', 'ft____yml__', 'ft___']
--------------------------------------------------------------------------------
[GA][Iter1] Gen:1 Ind:1 RMSE(val)=61705.632145
[GA][Iter1] Gen:1 Ind:2 RMSE(val)=61691.912279
[GA][Iter1] Gen:1 Ind:3 RMSE(val)=61708.152244
[GA][Iter1] Gen:1 Ind:4 RMSE(val)=61696.151654
[GA][Iter1] Gen:1 Ind:5 RMSE(val)=61695.766813
[GA][Iter1] Gen:1 Ind:6 RMSE(val)=61706.725450
[GA][Iter1] Gen:1 Ind:7 RMSE(val)=61708.851319
[GA][Iter1] Gen:1 Ind:8 RMSE(val)=61700.314283
[GA][Iter1] Gen:1 Ind:9 RMSE(val)=61708.542672
[GA][Iter1] Gen:1 Ind:10 RMSE(val)=61706.276128
[GA][Iter1] Gen:1 Ind:11 RMSE(val)=61711.171678
[GA][Iter1] Gen:1 Ind:12 RMSE(val)=61703.306888
[GA][Iter1] Gen:1 Ind:13 RMSE(val)=61708.746151
[GA][Iter1] Gen:1 Ind:14 RMSE(val)=61707.415850
[GA][Iter1] Gen:1 Ind:15 RMSE(val)=61693.069206
[GA][Iter1] Gen:1 Ind:16 RMSE(val)=61697.364507
[GA][Iter1] Gen:1 Ind:17 RMSE(val)=61709.168270
[GA][Iter1] Gen:1 Ind:18 RMSE(val)=61708.909693
[GA][Iter1] Gen:1 Ind:19 RMSE(val)=61702.900470
[GA][Iter1] Gen:1 Ind:20 RMSE(val)=61696.927273
[GA][Iter1] gen=1 best_val_rmse=61691.912279
[GA][Iter1] Gen:2 Ind:1 RMSE(val)=61691.912279
[GA][Iter1] Gen:2 Ind:2 RMSE(val)=61693.069206
[GA][Iter1] Gen:2 Ind:3 RMSE(val)=61695.766813
[GA][Iter1] Gen:2 Ind:4 RMSE(val)=61696.151654
[GA][Iter1] Gen:2 Ind:5 RMSE(val)=61696.927273
[GA][Iter1] Gen:2 Ind:6 RMSE(val)=61697.364507
[GA][Iter1] Gen:2 Ind:7 RMSE(val)=61700.314283
[GA][Iter1] Gen:2 Ind:8 RMSE(val)=61702.900470
[GA][Iter1] Gen:2 Ind:9 RMSE(val)=61703.306888
[GA][Iter1] Gen:2 Ind:10 RMSE(val)=61705.632145
[GA][Iter1] Gen:2 Ind:11 RMSE(val)=61704.141505
[GA][Iter1] Gen:2 Ind:12 RMSE(val)=61696.289645
[GA][Iter1] Gen:2 Ind:13 RMSE(val)=61692.414765
[GA][Iter1] Gen:2 Ind:14 RMSE(val)=61703.541669
[GA][Iter1] Gen:2 Ind:15 RMSE(val)=61698.075795
[GA][Iter1] Gen:2 Ind:16 RMSE(val)=61691.912279
[GA][Iter1] Gen:2 Ind:17 RMSE(val)=61706.935570
[GA][Iter1] Gen:2 Ind:18 RMSE(val)=61697.700678
[GA][Iter1] Gen:2 Ind:19 RMSE(val)=61710.907109
[GA][Iter1] Gen:2 Ind:20 RMSE(val)=61696.151654
[GA][Iter1] gen=2 best_val_rmse=61691.912279
[GA][Iter1] Gen:3 Ind:1 RMSE(val)=61691.912279
[GA][Iter1] Gen:3 Ind:2 RMSE(val)=61691.912279
[GA][Iter1] Gen:3 Ind:3 RMSE(val)=61692.414765
[GA][Iter1] Gen:3 Ind:4 RMSE(val)=61693.069206
[GA][Iter1] Gen:3 Ind:5 RMSE(val)=61695.766813
[GA][Iter1] Gen:3 Ind:6 RMSE(val)=61696.151654
[GA][Iter1] Gen:3 Ind:7 RMSE(val)=61696.151654
[GA][Iter1] Gen:3 Ind:8 RMSE(val)=61696.289645
[GA][Iter1] Gen:3 Ind:9 RMSE(val)=61696.927273
[GA][Iter1] Gen:3 Ind:10 RMSE(val)=61697.364507
[GA][Iter1] Gen:3 Ind:11 RMSE(val)=61707.886329
[GA][Iter1] Gen:3 Ind:12 RMSE(val)=61696.299486
[GA][Iter1] Gen:3 Ind:13 RMSE(val)=61692.267964
[GA][Iter1] Gen:3 Ind:14 RMSE(val)=61701.307798
[GA][Iter1] Gen:3 Ind:15 RMSE(val)=61691.912279
[GA][Iter1] Gen:3 Ind:16 RMSE(val)=61697.769381
[GA][Iter1] Gen:3 Ind:17 RMSE(val)=61691.610114
[GA][Iter1] Gen:3 Ind:18 RMSE(val)=61696.244483
[GA][Iter1] Gen:3 Ind:19 RMSE(val)=61692.592065
[GA][Iter1] Gen:3 Ind:20 RMSE(val)=61701.967625
[GA][Iter1] gen=3 best_val_rmse=61691.610114
[GA][Iter1] Gen:4 Ind:1 RMSE(val)=61691.610114
[GA][Iter1] Gen:4 Ind:2 RMSE(val)=61691.912279
[GA][Iter1] Gen:4 Ind:3 RMSE(val)=61691.912279
[GA][Iter1] Gen:4 Ind:4 RMSE(val)=61691.912279
[GA][Iter1] Gen:4 Ind:5 RMSE(val)=61692.267964
[GA][Iter1] Gen:4 Ind:6 RMSE(val)=61692.414765
[GA][Iter1] Gen:4 Ind:7 RMSE(val)=61692.592065
[GA][Iter1] Gen:4 Ind:8 RMSE(val)=61693.069206
[GA][Iter1] Gen:4 Ind:9 RMSE(val)=61695.766813
[GA][Iter1] Gen:4 Ind:10 RMSE(val)=61696.151654
[GA][Iter1] Gen:4 Ind:11 RMSE(val)=61700.602190
[GA][Iter1] Gen:4 Ind:12 RMSE(val)=61687.234535
[GA][Iter1] Gen:4 Ind:13 RMSE(val)=61690.100105
[GA][Iter1] Gen:4 Ind:14 RMSE(val)=61695.367914
[GA][Iter1] Gen:4 Ind:15 RMSE(val)=61694.965770
[GA][Iter1] Gen:4 Ind:16 RMSE(val)=61693.044824
[GA][Iter1] Gen:4 Ind:17 RMSE(val)=61694.753653
[GA][Iter1] Gen:4 Ind:18 RMSE(val)=61697.384552
[GA][Iter1] Gen:4 Ind:19 RMSE(val)=61697.533651
[GA][Iter1] Gen:4 Ind:20 RMSE(val)=61696.787759
[GA][Iter1] gen=4 best_val_rmse=61687.234535
[GA][Iter1] Gen:5 Ind:1 RMSE(val)=61687.234535
[GA][Iter1] Gen:5 Ind:2 RMSE(val)=61690.100105
[GA][Iter1] Gen:5 Ind:3 RMSE(val)=61691.610114
[GA][Iter1] Gen:5 Ind:4 RMSE(val)=61691.912279
[GA][Iter1] Gen:5 Ind:5 RMSE(val)=61691.912279
[GA][Iter1] Gen:5 Ind:6 RMSE(val)=61691.912279
[GA][Iter1] Gen:5 Ind:7 RMSE(val)=61692.267964
[GA][Iter1] Gen:5 Ind:8 RMSE(val)=61692.414765
[GA][Iter1] Gen:5 Ind:9 RMSE(val)=61692.592065
[GA][Iter1] Gen:5 Ind:10 RMSE(val)=61693.044824
[GA][Iter1] Gen:5 Ind:11 RMSE(val)=61694.453602
[GA][Iter1] Gen:5 Ind:12 RMSE(val)=61691.912279
[GA][Iter1] Gen:5 Ind:13 RMSE(val)=61693.044824
[GA][Iter1] Gen:5 Ind:14 RMSE(val)=61700.921474
[GA][Iter1] Gen:5 Ind:15 RMSE(val)=61691.912279
[GA][Iter1] Gen:5 Ind:16 RMSE(val)=61692.414765
[GA][Iter1] Gen:5 Ind:17 RMSE(val)=61692.267964
[GA][Iter1] Gen:5 Ind:18 RMSE(val)=61691.036655
[GA][Iter1] Gen:5 Ind:19 RMSE(val)=61693.229296
[GA][Iter1] Gen:5 Ind:20 RMSE(val)=61692.083133
[GA][Iter1] gen=5 best_val_rmse=61687.234535
[GA][Iter1] Gen:6 Ind:1 RMSE(val)=61687.234535
[GA][Iter1] Gen:6 Ind:2 RMSE(val)=61690.100105
[GA][Iter1] Gen:6 Ind:3 RMSE(val)=61691.036655
[GA][Iter1] Gen:6 Ind:4 RMSE(val)=61691.610114
[GA][Iter1] Gen:6 Ind:5 RMSE(val)=61691.912279
[GA][Iter1] Gen:6 Ind:6 RMSE(val)=61691.912279
[GA][Iter1] Gen:6 Ind:7 RMSE(val)=61691.912279
[GA][Iter1] Gen:6 Ind:8 RMSE(val)=61691.912279
[GA][Iter1] Gen:6 Ind:9 RMSE(val)=61691.912279
[GA][Iter1] Gen:6 Ind:10 RMSE(val)=61692.083133
[GA][Iter1] Gen:6 Ind:11 RMSE(val)=61702.730972
[GA][Iter1] Gen:6 Ind:12 RMSE(val)=61695.306730
[GA][Iter1] Gen:6 Ind:13 RMSE(val)=61694.159209
[GA][Iter1] Gen:6 Ind:14 RMSE(val)=61688.364324
[GA][Iter1] Gen:6 Ind:15 RMSE(val)=61694.116563
[GA][Iter1] Gen:6 Ind:16 RMSE(val)=61691.791526
[GA][Iter1] Gen:6 Ind:17 RMSE(val)=61692.083133
[GA][Iter1] Gen:6 Ind:18 RMSE(val)=61691.912279
[GA][Iter1] Gen:6 Ind:19 RMSE(val)=61693.850479
[GA][Iter1] Gen:6 Ind:20 RMSE(val)=61699.011217
[GA][Iter1] gen=6 best_val_rmse=61687.234535
[GA][Iter1] Gen:7 Ind:1 RMSE(val)=61687.234535
[GA][Iter1] Gen:7 Ind:2 RMSE(val)=61688.364324
[GA][Iter1] Gen:7 Ind:3 RMSE(val)=61690.100105
[GA][Iter1] Gen:7 Ind:4 RMSE(val)=61691.036655
[GA][Iter1] Gen:7 Ind:5 RMSE(val)=61691.610114
[GA][Iter1] Gen:7 Ind:6 RMSE(val)=61691.791526
[GA][Iter1] Gen:7 Ind:7 RMSE(val)=61691.912279
[GA][Iter1] Gen:7 Ind:8 RMSE(val)=61691.912279
[GA][Iter1] Gen:7 Ind:9 RMSE(val)=61691.912279
[GA][Iter1] Gen:7 Ind:10 RMSE(val)=61691.912279
[GA][Iter1] Gen:7 Ind:11 RMSE(val)=61691.912279
[GA][Iter1] Gen:7 Ind:12 RMSE(val)=61692.349292
[GA][Iter1] Gen:7 Ind:13 RMSE(val)=61694.070680
[GA][Iter1] Gen:7 Ind:14 RMSE(val)=61706.362956
[GA][Iter1] Gen:7 Ind:15 RMSE(val)=61692.610328
[GA][Iter1] Gen:7 Ind:16 RMSE(val)=61694.587853
[GA][Iter1] Gen:7 Ind:17 RMSE(val)=61691.036655
[GA][Iter1] Gen:7 Ind:18 RMSE(val)=61687.234535
[GA][Iter1] Gen:7 Ind:19 RMSE(val)=61691.036655
[GA][Iter1] Gen:7 Ind:20 RMSE(val)=61694.350488
[GA][Iter1] gen=7 best_val_rmse=61687.234535
[GA][Iter1] Gen:8 Ind:1 RMSE(val)=61687.234535
[GA][Iter1] Gen:8 Ind:2 RMSE(val)=61687.234535
[GA][Iter1] Gen:8 Ind:3 RMSE(val)=61688.364324
[GA][Iter1] Gen:8 Ind:4 RMSE(val)=61690.100105
[GA][Iter1] Gen:8 Ind:5 RMSE(val)=61691.036655
[GA][Iter1] Gen:8 Ind:6 RMSE(val)=61691.036655
[GA][Iter1] Gen:8 Ind:7 RMSE(val)=61691.036655
[GA][Iter1] Gen:8 Ind:8 RMSE(val)=61691.610114
[GA][Iter1] Gen:8 Ind:9 RMSE(val)=61691.791526
[GA][Iter1] Gen:8 Ind:10 RMSE(val)=61691.912279
[GA][Iter1] Gen:8 Ind:11 RMSE(val)=61691.036655
[GA][Iter1] Gen:8 Ind:12 RMSE(val)=61681.362891
[GA][Iter1] Gen:8 Ind:13 RMSE(val)=61692.845724
[GA][Iter1] Gen:8 Ind:14 RMSE(val)=61694.058360
[GA][Iter1] Gen:8 Ind:15 RMSE(val)=61697.501225
[GA][Iter1] Gen:8 Ind:16 RMSE(val)=61688.262565
[GA][Iter1] Gen:8 Ind:17 RMSE(val)=61693.369395
[GA][Iter1] Gen:8 Ind:18 RMSE(val)=61691.610114
[GA][Iter1] Gen:8 Ind:19 RMSE(val)=61691.036655
[GA][Iter1] Gen:8 Ind:20 RMSE(val)=61691.610114
[GA][Iter1] gen=8 best_val_rmse=61681.362891
[GA][Iter1] Gen:9 Ind:1 RMSE(val)=61681.362891
[GA][Iter1] Gen:9 Ind:2 RMSE(val)=61687.234535
[GA][Iter1] Gen:9 Ind:3 RMSE(val)=61687.234535
[GA][Iter1] Gen:9 Ind:4 RMSE(val)=61688.262565
[GA][Iter1] Gen:9 Ind:5 RMSE(val)=61688.364324
[GA][Iter1] Gen:9 Ind:6 RMSE(val)=61690.100105
[GA][Iter1] Gen:9 Ind:7 RMSE(val)=61691.036655
[GA][Iter1] Gen:9 Ind:8 RMSE(val)=61691.036655
[GA][Iter1] Gen:9 Ind:9 RMSE(val)=61691.036655
[GA][Iter1] Gen:9 Ind:10 RMSE(val)=61691.036655
[GA][Iter1] Gen:9 Ind:11 RMSE(val)=61691.036655
[GA][Iter1] Gen:9 Ind:12 RMSE(val)=61694.168495
[GA][Iter1] Gen:9 Ind:13 RMSE(val)=61687.234535
[GA][Iter1] Gen:9 Ind:14 RMSE(val)=61692.065900
[GA][Iter1] Gen:9 Ind:15 RMSE(val)=61687.862548
[GA][Iter1] Gen:9 Ind:16 RMSE(val)=61692.149993
[GA][Iter1] Gen:9 Ind:17 RMSE(val)=61688.082857
[GA][Iter1] Gen:9 Ind:18 RMSE(val)=61690.127718
[GA][Iter1] Gen:9 Ind:19 RMSE(val)=61697.875595
[GA][Iter1] Gen:9 Ind:20 RMSE(val)=61688.364324
[GA][Iter1] gen=9 best_val_rmse=61681.362891
[GA][Iter1] Gen:10 Ind:1 RMSE(val)=61681.362891
[GA][Iter1] Gen:10 Ind:2 RMSE(val)=61687.234535
[GA][Iter1] Gen:10 Ind:3 RMSE(val)=61687.234535
[GA][Iter1] Gen:10 Ind:4 RMSE(val)=61687.234535
[GA][Iter1] Gen:10 Ind:5 RMSE(val)=61687.862548
[GA][Iter1] Gen:10 Ind:6 RMSE(val)=61688.082857
[GA][Iter1] Gen:10 Ind:7 RMSE(val)=61688.262565
[GA][Iter1] Gen:10 Ind:8 RMSE(val)=61688.364324
[GA][Iter1] Gen:10 Ind:9 RMSE(val)=61688.364324
[GA][Iter1] Gen:10 Ind:10 RMSE(val)=61690.100105
[GA][Iter1] Gen:10 Ind:11 RMSE(val)=61694.149568
[GA][Iter1] Gen:10 Ind:12 RMSE(val)=61685.317739
[GA][Iter1] Gen:10 Ind:13 RMSE(val)=61692.790229
[GA][Iter1] Gen:10 Ind:14 RMSE(val)=61688.364324
[GA][Iter1] Gen:10 Ind:15 RMSE(val)=61691.607549
[GA][Iter1] Gen:10 Ind:16 RMSE(val)=61681.362891
[GA][Iter1] Gen:10 Ind:17 RMSE(val)=61688.364324
[GA][Iter1] Gen:10 Ind:18 RMSE(val)=61688.364324
[GA][Iter1] Gen:10 Ind:19 RMSE(val)=61691.610114
[GA][Iter1] Gen:10 Ind:20 RMSE(val)=61694.583447
[GA][Iter1] gen=10 best_val_rmse=61681.362891
[GA][Iter1] Gen:11 Ind:1 RMSE(val)=61681.362891
[GA][Iter1] Gen:11 Ind:2 RMSE(val)=61681.362891
[GA][Iter1] Gen:11 Ind:3 RMSE(val)=61685.317739
[GA][Iter1] Gen:11 Ind:4 RMSE(val)=61687.234535
[GA][Iter1] Gen:11 Ind:5 RMSE(val)=61687.234535
[GA][Iter1] Gen:11 Ind:6 RMSE(val)=61687.234535
[GA][Iter1] Gen:11 Ind:7 RMSE(val)=61687.862548
[GA][Iter1] Gen:11 Ind:8 RMSE(val)=61688.082857
[GA][Iter1] Gen:11 Ind:9 RMSE(val)=61688.262565
[GA][Iter1] Gen:11 Ind:10 RMSE(val)=61688.364324
[GA][Iter1] Gen:11 Ind:11 RMSE(val)=61687.199432
[GA][Iter1] Gen:11 Ind:12 RMSE(val)=61687.234535
[GA][Iter1] Gen:11 Ind:13 RMSE(val)=61681.362891
[GA][Iter1] Gen:11 Ind:14 RMSE(val)=61700.904760
[GA][Iter1] Gen:11 Ind:15 RMSE(val)=61691.565922
[GA][Iter1] Gen:11 Ind:16 RMSE(val)=61692.845724
[GA][Iter1] Gen:11 Ind:17 RMSE(val)=61688.082857
[GA][Iter1] Gen:11 Ind:18 RMSE(val)=61701.805264
[GA][Iter1] Gen:11 Ind:19 RMSE(val)=61688.082857
[GA][Iter1] Gen:11 Ind:20 RMSE(val)=61688.589969
[GA][Iter1] gen=11 best_val_rmse=61681.362891
[GA][Iter1] Gen:12 Ind:1 RMSE(val)=61681.362891
[GA][Iter1] Gen:12 Ind:2 RMSE(val)=61681.362891
[GA][Iter1] Gen:12 Ind:3 RMSE(val)=61681.362891
[GA][Iter1] Gen:12 Ind:4 RMSE(val)=61685.317739
[GA][Iter1] Gen:12 Ind:5 RMSE(val)=61687.199432
[GA][Iter1] Gen:12 Ind:6 RMSE(val)=61687.234535
[GA][Iter1] Gen:12 Ind:7 RMSE(val)=61687.234535
[GA][Iter1] Gen:12 Ind:8 RMSE(val)=61687.234535
[GA][Iter1] Gen:12 Ind:9 RMSE(val)=61687.234535
[GA][Iter1] Gen:12 Ind:10 RMSE(val)=61687.862548
[GA][Iter1] Gen:12 Ind:11 RMSE(val)=61687.234535
[GA][Iter1] Gen:12 Ind:12 RMSE(val)=61686.933021
[GA][Iter1] Gen:12 Ind:13 RMSE(val)=61689.831566
[GA][Iter1] Gen:12 Ind:14 RMSE(val)=61698.534395
[GA][Iter1] Gen:12 Ind:15 RMSE(val)=61681.362891
[GA][Iter1] Gen:12 Ind:16 RMSE(val)=61687.234535
[GA][Iter1] Gen:12 Ind:17 RMSE(val)=61700.902930
[GA][Iter1] Gen:12 Ind:18 RMSE(val)=61687.234535
[GA][Iter1] Gen:12 Ind:19 RMSE(val)=61687.234535
[GA][Iter1] Gen:12 Ind:20 RMSE(val)=61685.316266
[GA][Iter1] gen=12 best_val_rmse=61681.362891
[GA][Iter1] Gen:13 Ind:1 RMSE(val)=61681.362891
[GA][Iter1] Gen:13 Ind:2 RMSE(val)=61681.362891
[GA][Iter1] Gen:13 Ind:3 RMSE(val)=61681.362891
[GA][Iter1] Gen:13 Ind:4 RMSE(val)=61681.362891
[GA][Iter1] Gen:13 Ind:5 RMSE(val)=61685.316266
[GA][Iter1] Gen:13 Ind:6 RMSE(val)=61685.317739
[GA][Iter1] Gen:13 Ind:7 RMSE(val)=61686.933021
[GA][Iter1] Gen:13 Ind:8 RMSE(val)=61687.199432
[GA][Iter1] Gen:13 Ind:9 RMSE(val)=61687.234535
[GA][Iter1] Gen:13 Ind:10 RMSE(val)=61687.234535
[GA][Iter1] Gen:13 Ind:11 RMSE(val)=61693.812367
[GA][Iter1] Gen:13 Ind:12 RMSE(val)=61681.362891
[GA][Iter1] Gen:13 Ind:13 RMSE(val)=61683.158057
[GA][Iter1] Gen:13 Ind:14 RMSE(val)=61694.070680
[GA][Iter1] Gen:13 Ind:15 RMSE(val)=61687.234535
[GA][Iter1] Gen:13 Ind:16 RMSE(val)=61687.234535
[GA][Iter1] Gen:13 Ind:17 RMSE(val)=61687.234535
[GA][Iter1] Gen:13 Ind:18 RMSE(val)=61693.986342
[GA][Iter1] Gen:13 Ind:19 RMSE(val)=61688.589969
[GA][Iter1] Gen:13 Ind:20 RMSE(val)=61681.362891
[GA][Iter1] gen=13 best_val_rmse=61681.362891
[GA][Iter1] Gen:14 Ind:1 RMSE(val)=61681.362891
[GA][Iter1] Gen:14 Ind:2 RMSE(val)=61681.362891
[GA][Iter1] Gen:14 Ind:3 RMSE(val)=61681.362891
[GA][Iter1] Gen:14 Ind:4 RMSE(val)=61681.362891
[GA][Iter1] Gen:14 Ind:5 RMSE(val)=61681.362891
[GA][Iter1] Gen:14 Ind:6 RMSE(val)=61681.362891
[GA][Iter1] Gen:14 Ind:7 RMSE(val)=61683.158057
[GA][Iter1] Gen:14 Ind:8 RMSE(val)=61685.316266
[GA][Iter1] Gen:14 Ind:9 RMSE(val)=61685.317739
[GA][Iter1] Gen:14 Ind:10 RMSE(val)=61686.933021
[GA][Iter1] Gen:14 Ind:11 RMSE(val)=61681.362891
[GA][Iter1] Gen:14 Ind:12 RMSE(val)=61694.882047
[GA][Iter1] Gen:14 Ind:13 RMSE(val)=61692.241455
[GA][Iter1] Gen:14 Ind:14 RMSE(val)=61699.505071
[GA][Iter1] Gen:14 Ind:15 RMSE(val)=61694.992091
[GA][Iter1] Gen:14 Ind:16 RMSE(val)=61684.447000
[GA][Iter1] Gen:14 Ind:17 RMSE(val)=61683.137603
[GA][Iter1] Gen:14 Ind:18 RMSE(val)=61681.362891
[GA][Iter1] Gen:14 Ind:19 RMSE(val)=61701.079843
[GA][Iter1] Gen:14 Ind:20 RMSE(val)=61681.362891
[GA][Iter1] gen=14 best_val_rmse=61681.362891
[GA][Iter1] Gen:15 Ind:1 RMSE(val)=61681.362891
[GA][Iter1] Gen:15 Ind:2 RMSE(val)=61681.362891
[GA][Iter1] Gen:15 Ind:3 RMSE(val)=61681.362891
[GA][Iter1] Gen:15 Ind:4 RMSE(val)=61681.362891
[GA][Iter1] Gen:15 Ind:5 RMSE(val)=61681.362891
[GA][Iter1] Gen:15 Ind:6 RMSE(val)=61681.362891
[GA][Iter1] Gen:15 Ind:7 RMSE(val)=61681.362891
[GA][Iter1] Gen:15 Ind:8 RMSE(val)=61681.362891
[GA][Iter1] Gen:15 Ind:9 RMSE(val)=61681.362891
[GA][Iter1] Gen:15 Ind:10 RMSE(val)=61683.137603
[GA][Iter1] Gen:15 Ind:11 RMSE(val)=61694.148318
[GA][Iter1] Gen:15 Ind:12 RMSE(val)=61681.362891
[GA][Iter1] Gen:15 Ind:13 RMSE(val)=61681.362891
[GA][Iter1] Gen:15 Ind:14 RMSE(val)=61694.552233
[GA][Iter1] Gen:15 Ind:15 RMSE(val)=61681.362891
[GA][Iter1] Gen:15 Ind:16 RMSE(val)=61681.362891
[GA][Iter1] Gen:15 Ind:17 RMSE(val)=61681.362891
[GA][Iter1] Gen:15 Ind:18 RMSE(val)=61681.362891
[GA][Iter1] Gen:15 Ind:19 RMSE(val)=61681.362891
[GA][Iter1] Gen:15 Ind:20 RMSE(val)=61681.362891
[GA][Iter1] gen=15 best_val_rmse=61681.362891
[GA][Iter1] Gen:15 Ind:1 RMSE(val)=61681.362891
[GA][Iter1] Gen:15 Ind:2 RMSE(val)=61681.362891
[GA][Iter1] Gen:15 Ind:3 RMSE(val)=61681.362891
[GA][Iter1] Gen:15 Ind:4 RMSE(val)=61681.362891
[GA][Iter1] Gen:15 Ind:5 RMSE(val)=61681.362891
[GA][Iter1] Gen:15 Ind:6 RMSE(val)=61681.362891
[GA][Iter1] Gen:15 Ind:7 RMSE(val)=61681.362891
[GA][Iter1] Gen:15 Ind:8 RMSE(val)=61681.362891
[GA][Iter1] Gen:15 Ind:9 RMSE(val)=61681.362891
[GA][Iter1] Gen:15 Ind:10 RMSE(val)=61681.362891
[GA][Iter1] Gen:15 Ind:11 RMSE(val)=61681.362891
[GA][Iter1] Gen:15 Ind:12 RMSE(val)=61697.369234
[GA][Iter1] Gen:15 Ind:13 RMSE(val)=61698.653114
[GA][Iter1] Gen:15 Ind:14 RMSE(val)=61681.362891
[GA][Iter1] Gen:15 Ind:15 RMSE(val)=61702.192403
[GA][Iter1] Gen:15 Ind:16 RMSE(val)=61681.362891
[GA][Iter1] Gen:15 Ind:17 RMSE(val)=61681.362891
[GA][Iter1] Gen:15 Ind:18 RMSE(val)=61693.954455
[GA][Iter1] Gen:15 Ind:19 RMSE(val)=61681.362891
[GA][Iter1] Gen:15 Ind:20 RMSE(val)=61693.941763

[GA DONE][Iter1] Best params on val fold of Iter1
Best val RMSE: 61681.362891
Best params: {'n_estimators': 1132, 'learning_rate': 0.1721824046527344, 'max_depth': 5, 'min_samples_split': 8, 'min_samples_leaf': 19, 'subsample': 0.583810925205304, 'max_features': None}
--------------------------------------------------------------------------------
[RETUNE GA] Iter1: train folds 1..5 -> test fold 6  RMSE=765.062052  NRMSE=0.613974  CVRMSE=0.265779  R2=0.622341
[GA][Iter2] Gen:1 Ind:1 RMSE(val)=683.828802
[GA][Iter2] Gen:1 Ind:2 RMSE(val)=714.836738
[GA][Iter2] Gen:1 Ind:3 RMSE(val)=795.930645
[GA][Iter2] Gen:1 Ind:4 RMSE(val)=719.000916
[GA][Iter2] Gen:1 Ind:5 RMSE(val)=790.307170
[GA][Iter2] Gen:1 Ind:6 RMSE(val)=698.864168
[GA][Iter2] Gen:1 Ind:7 RMSE(val)=827.711556
[GA][Iter2] Gen:1 Ind:8 RMSE(val)=741.873157
[GA][Iter2] Gen:1 Ind:9 RMSE(val)=778.457359
[GA][Iter2] Gen:1 Ind:10 RMSE(val)=795.594616
[GA][Iter2] Gen:1 Ind:11 RMSE(val)=704.742203
[GA][Iter2] Gen:1 Ind:12 RMSE(val)=767.671946
[GA][Iter2] Gen:1 Ind:13 RMSE(val)=807.015882
[GA][Iter2] Gen:1 Ind:14 RMSE(val)=768.556047
[GA][Iter2] Gen:1 Ind:15 RMSE(val)=822.633642
[GA][Iter2] Gen:1 Ind:16 RMSE(val)=711.613084
[GA][Iter2] Gen:1 Ind:17 RMSE(val)=711.253063
[GA][Iter2] Gen:1 Ind:18 RMSE(val)=792.173210
[GA][Iter2] Gen:1 Ind:19 RMSE(val)=730.925563
[GA][Iter2] Gen:1 Ind:20 RMSE(val)=856.780419
[GA][Iter2] gen=1 best_val_rmse=683.828802
[GA][Iter2] Gen:2 Ind:1 RMSE(val)=683.828802
[GA][Iter2] Gen:2 Ind:2 RMSE(val)=698.864168
[GA][Iter2] Gen:2 Ind:3 RMSE(val)=704.742203
[GA][Iter2] Gen:2 Ind:4 RMSE(val)=711.253063
[GA][Iter2] Gen:2 Ind:5 RMSE(val)=711.613084
[GA][Iter2] Gen:2 Ind:6 RMSE(val)=714.836738
[GA][Iter2] Gen:2 Ind:7 RMSE(val)=719.000916
[GA][Iter2] Gen:2 Ind:8 RMSE(val)=730.925563
[GA][Iter2] Gen:2 Ind:9 RMSE(val)=741.873157
[GA][Iter2] Gen:2 Ind:10 RMSE(val)=767.671946
[GA][Iter2] Gen:2 Ind:11 RMSE(val)=730.517362
[GA][Iter2] Gen:2 Ind:12 RMSE(val)=708.893305
[GA][Iter2] Gen:2 Ind:13 RMSE(val)=693.990336
[GA][Iter2] Gen:2 Ind:14 RMSE(val)=714.736207
[GA][Iter2] Gen:2 Ind:15 RMSE(val)=700.737698
[GA][Iter2] Gen:2 Ind:16 RMSE(val)=681.259179
[GA][Iter2] Gen:2 Ind:17 RMSE(val)=781.329490
[GA][Iter2] Gen:2 Ind:18 RMSE(val)=695.134173
[GA][Iter2] Gen:2 Ind:19 RMSE(val)=706.942737
[GA][Iter2] Gen:2 Ind:20 RMSE(val)=710.866647
[GA][Iter2] gen=2 best_val_rmse=681.259179
[GA][Iter2] Gen:3 Ind:1 RMSE(val)=681.259179
[GA][Iter2] Gen:3 Ind:2 RMSE(val)=683.828802
[GA][Iter2] Gen:3 Ind:3 RMSE(val)=693.990336
[GA][Iter2] Gen:3 Ind:4 RMSE(val)=695.134173
[GA][Iter2] Gen:3 Ind:5 RMSE(val)=698.864168
[GA][Iter2] Gen:3 Ind:6 RMSE(val)=700.737698
[GA][Iter2] Gen:3 Ind:7 RMSE(val)=704.742203
[GA][Iter2] Gen:3 Ind:8 RMSE(val)=706.942737
[GA][Iter2] Gen:3 Ind:9 RMSE(val)=708.893305
[GA][Iter2] Gen:3 Ind:10 RMSE(val)=710.866647
[GA][Iter2] Gen:3 Ind:11 RMSE(val)=695.705804
[GA][Iter2] Gen:3 Ind:12 RMSE(val)=703.797180
[GA][Iter2] Gen:3 Ind:13 RMSE(val)=691.520902
[GA][Iter2] Gen:3 Ind:14 RMSE(val)=716.192492
[GA][Iter2] Gen:3 Ind:15 RMSE(val)=683.828802
[GA][Iter2] Gen:3 Ind:16 RMSE(val)=688.681850
[GA][Iter2] Gen:3 Ind:17 RMSE(val)=700.398172
[GA][Iter2] Gen:3 Ind:18 RMSE(val)=697.223345
[GA][Iter2] Gen:3 Ind:19 RMSE(val)=695.377911
[GA][Iter2] Gen:3 Ind:20 RMSE(val)=723.769471
[GA][Iter2] gen=3 best_val_rmse=681.259179
[GA][Iter2] Gen:4 Ind:1 RMSE(val)=681.259179
[GA][Iter2] Gen:4 Ind:2 RMSE(val)=683.828802
[GA][Iter2] Gen:4 Ind:3 RMSE(val)=683.828802
[GA][Iter2] Gen:4 Ind:4 RMSE(val)=688.681850
[GA][Iter2] Gen:4 Ind:5 RMSE(val)=691.520902
[GA][Iter2] Gen:4 Ind:6 RMSE(val)=693.990336
[GA][Iter2] Gen:4 Ind:7 RMSE(val)=695.134173
[GA][Iter2] Gen:4 Ind:8 RMSE(val)=695.377911
[GA][Iter2] Gen:4 Ind:9 RMSE(val)=695.705804
[GA][Iter2] Gen:4 Ind:10 RMSE(val)=697.223345
[GA][Iter2] Gen:4 Ind:11 RMSE(val)=696.000696
[GA][Iter2] Gen:4 Ind:12 RMSE(val)=682.555381
[GA][Iter2] Gen:4 Ind:13 RMSE(val)=684.426679
[GA][Iter2] Gen:4 Ind:14 RMSE(val)=691.206636
[GA][Iter2] Gen:4 Ind:15 RMSE(val)=682.491716
[GA][Iter2] Gen:4 Ind:16 RMSE(val)=681.341997
[GA][Iter2] Gen:4 Ind:17 RMSE(val)=695.433427
[GA][Iter2] Gen:4 Ind:18 RMSE(val)=697.884474
[GA][Iter2] Gen:4 Ind:19 RMSE(val)=694.671357
[GA][Iter2] Gen:4 Ind:20 RMSE(val)=682.422263
[GA][Iter2] gen=4 best_val_rmse=681.259179
[GA][Iter2] Gen:5 Ind:1 RMSE(val)=681.259179
[GA][Iter2] Gen:5 Ind:2 RMSE(val)=681.341997
[GA][Iter2] Gen:5 Ind:3 RMSE(val)=682.422263
[GA][Iter2] Gen:5 Ind:4 RMSE(val)=682.491716
[GA][Iter2] Gen:5 Ind:5 RMSE(val)=682.555381
[GA][Iter2] Gen:5 Ind:6 RMSE(val)=683.828802
[GA][Iter2] Gen:5 Ind:7 RMSE(val)=683.828802
[GA][Iter2] Gen:5 Ind:8 RMSE(val)=684.426679
[GA][Iter2] Gen:5 Ind:9 RMSE(val)=688.681850
[GA][Iter2] Gen:5 Ind:10 RMSE(val)=691.206636
[GA][Iter2] Gen:5 Ind:11 RMSE(val)=681.341997
[GA][Iter2] Gen:5 Ind:12 RMSE(val)=683.828802
[GA][Iter2] Gen:5 Ind:13 RMSE(val)=691.206636
[GA][Iter2] Gen:5 Ind:14 RMSE(val)=684.842943
[GA][Iter2] Gen:5 Ind:15 RMSE(val)=683.828802
[GA][Iter2] Gen:5 Ind:16 RMSE(val)=678.740441
[GA][Iter2] Gen:5 Ind:17 RMSE(val)=684.426679
[GA][Iter2] Gen:5 Ind:18 RMSE(val)=691.206636
[GA][Iter2] Gen:5 Ind:19 RMSE(val)=691.962375
[GA][Iter2] Gen:5 Ind:20 RMSE(val)=684.850684
[GA][Iter2] gen=5 best_val_rmse=678.740441
[GA][Iter2] Gen:6 Ind:1 RMSE(val)=678.740441
[GA][Iter2] Gen:6 Ind:2 RMSE(val)=681.259179
[GA][Iter2] Gen:6 Ind:3 RMSE(val)=681.341997
[GA][Iter2] Gen:6 Ind:4 RMSE(val)=681.341997
[GA][Iter2] Gen:6 Ind:5 RMSE(val)=682.422263
[GA][Iter2] Gen:6 Ind:6 RMSE(val)=682.491716
[GA][Iter2] Gen:6 Ind:7 RMSE(val)=682.555381
[GA][Iter2] Gen:6 Ind:8 RMSE(val)=683.828802
[GA][Iter2] Gen:6 Ind:9 RMSE(val)=683.828802
[GA][Iter2] Gen:6 Ind:10 RMSE(val)=683.828802
[GA][Iter2] Gen:6 Ind:11 RMSE(val)=683.892965
[GA][Iter2] Gen:6 Ind:12 RMSE(val)=686.011314
[GA][Iter2] Gen:6 Ind:13 RMSE(val)=682.303214
[GA][Iter2] Gen:6 Ind:14 RMSE(val)=681.259179
[GA][Iter2] Gen:6 Ind:15 RMSE(val)=681.259179
[GA][Iter2] Gen:6 Ind:16 RMSE(val)=682.555381
[GA][Iter2] Gen:6 Ind:17 RMSE(val)=682.422263
[GA][Iter2] Gen:6 Ind:18 RMSE(val)=682.491716
[GA][Iter2] Gen:6 Ind:19 RMSE(val)=684.503514
[GA][Iter2] Gen:6 Ind:20 RMSE(val)=679.049782
[GA][Iter2] gen=6 best_val_rmse=678.740441
[GA][Iter2] Gen:7 Ind:1 RMSE(val)=678.740441
[GA][Iter2] Gen:7 Ind:2 RMSE(val)=679.049782
[GA][Iter2] Gen:7 Ind:3 RMSE(val)=681.259179
[GA][Iter2] Gen:7 Ind:4 RMSE(val)=681.259179
[GA][Iter2] Gen:7 Ind:5 RMSE(val)=681.259179
[GA][Iter2] Gen:7 Ind:6 RMSE(val)=681.341997
[GA][Iter2] Gen:7 Ind:7 RMSE(val)=681.341997
[GA][Iter2] Gen:7 Ind:8 RMSE(val)=682.303214
[GA][Iter2] Gen:7 Ind:9 RMSE(val)=682.422263
[GA][Iter2] Gen:7 Ind:10 RMSE(val)=682.422263
[GA][Iter2] Gen:7 Ind:11 RMSE(val)=682.422263
[GA][Iter2] Gen:7 Ind:12 RMSE(val)=681.505645
[GA][Iter2] Gen:7 Ind:13 RMSE(val)=681.259179
[GA][Iter2] Gen:7 Ind:14 RMSE(val)=679.049782
[GA][Iter2] Gen:7 Ind:15 RMSE(val)=764.605077
[GA][Iter2] Gen:7 Ind:16 RMSE(val)=683.812273
[GA][Iter2] Gen:7 Ind:17 RMSE(val)=683.828802
[GA][Iter2] Gen:7 Ind:18 RMSE(val)=680.908174
[GA][Iter2] Gen:7 Ind:19 RMSE(val)=681.259179
[GA][Iter2] Gen:7 Ind:20 RMSE(val)=683.828802
[GA][Iter2] gen=7 best_val_rmse=678.740441
[GA][Iter2] Gen:8 Ind:1 RMSE(val)=678.740441
[GA][Iter2] Gen:8 Ind:2 RMSE(val)=679.049782
[GA][Iter2] Gen:8 Ind:3 RMSE(val)=679.049782
[GA][Iter2] Gen:8 Ind:4 RMSE(val)=680.908174
[GA][Iter2] Gen:8 Ind:5 RMSE(val)=681.259179
[GA][Iter2] Gen:8 Ind:6 RMSE(val)=681.259179
[GA][Iter2] Gen:8 Ind:7 RMSE(val)=681.259179
[GA][Iter2] Gen:8 Ind:8 RMSE(val)=681.259179
[GA][Iter2] Gen:8 Ind:9 RMSE(val)=681.259179
[GA][Iter2] Gen:8 Ind:10 RMSE(val)=681.341997
[GA][Iter2] Gen:8 Ind:11 RMSE(val)=681.259179
[GA][Iter2] Gen:8 Ind:12 RMSE(val)=684.406811
[GA][Iter2] Gen:8 Ind:13 RMSE(val)=683.179476
[GA][Iter2] Gen:8 Ind:14 RMSE(val)=681.259179
[GA][Iter2] Gen:8 Ind:15 RMSE(val)=681.259179
[GA][Iter2] Gen:8 Ind:16 RMSE(val)=682.488185
[GA][Iter2] Gen:8 Ind:17 RMSE(val)=678.740441
[GA][Iter2] Gen:8 Ind:18 RMSE(val)=683.179476
[GA][Iter2] Gen:8 Ind:19 RMSE(val)=681.259179
[GA][Iter2] Gen:8 Ind:20 RMSE(val)=683.179476
[GA][Iter2] gen=8 best_val_rmse=678.740441
[GA][Iter2] Gen:9 Ind:1 RMSE(val)=678.740441
[GA][Iter2] Gen:9 Ind:2 RMSE(val)=678.740441
[GA][Iter2] Gen:9 Ind:3 RMSE(val)=679.049782
[GA][Iter2] Gen:9 Ind:4 RMSE(val)=679.049782
[GA][Iter2] Gen:9 Ind:5 RMSE(val)=680.908174
[GA][Iter2] Gen:9 Ind:6 RMSE(val)=681.259179
[GA][Iter2] Gen:9 Ind:7 RMSE(val)=681.259179
[GA][Iter2] Gen:9 Ind:8 RMSE(val)=681.259179
[GA][Iter2] Gen:9 Ind:9 RMSE(val)=681.259179
[GA][Iter2] Gen:9 Ind:10 RMSE(val)=681.259179
[GA][Iter2] Gen:9 Ind:11 RMSE(val)=681.259179
[GA][Iter2] Gen:9 Ind:12 RMSE(val)=684.503514
[GA][Iter2] Gen:9 Ind:13 RMSE(val)=681.217714
[GA][Iter2] Gen:9 Ind:14 RMSE(val)=681.259179
[GA][Iter2] Gen:9 Ind:15 RMSE(val)=682.695523
[GA][Iter2] Gen:9 Ind:16 RMSE(val)=682.472108
[GA][Iter2] Gen:9 Ind:17 RMSE(val)=683.828802
[GA][Iter2] Gen:9 Ind:18 RMSE(val)=681.783975
[GA][Iter2] Gen:9 Ind:19 RMSE(val)=679.049782
[GA][Iter2] Gen:9 Ind:20 RMSE(val)=680.908174
[GA][Iter2] gen=9 best_val_rmse=678.740441
[GA][Iter2] Gen:10 Ind:1 RMSE(val)=678.740441
[GA][Iter2] Gen:10 Ind:2 RMSE(val)=678.740441
[GA][Iter2] Gen:10 Ind:3 RMSE(val)=679.049782
[GA][Iter2] Gen:10 Ind:4 RMSE(val)=679.049782
[GA][Iter2] Gen:10 Ind:5 RMSE(val)=679.049782
[GA][Iter2] Gen:10 Ind:6 RMSE(val)=680.908174
[GA][Iter2] Gen:10 Ind:7 RMSE(val)=680.908174
[GA][Iter2] Gen:10 Ind:8 RMSE(val)=681.217714
[GA][Iter2] Gen:10 Ind:9 RMSE(val)=681.259179
[GA][Iter2] Gen:10 Ind:10 RMSE(val)=681.259179
[GA][Iter2] Gen:10 Ind:11 RMSE(val)=685.077366
[GA][Iter2] Gen:10 Ind:12 RMSE(val)=681.217714
[GA][Iter2] Gen:10 Ind:13 RMSE(val)=681.783975
[GA][Iter2] Gen:10 Ind:14 RMSE(val)=678.740441
[GA][Iter2] Gen:10 Ind:15 RMSE(val)=678.740441
[GA][Iter2] Gen:10 Ind:16 RMSE(val)=678.740441
[GA][Iter2] Gen:10 Ind:17 RMSE(val)=681.217714
[GA][Iter2] Gen:10 Ind:18 RMSE(val)=681.217714
[GA][Iter2] Gen:10 Ind:19 RMSE(val)=683.179476
[GA][Iter2] Gen:10 Ind:20 RMSE(val)=684.605936
[GA][Iter2] gen=10 best_val_rmse=678.740441
[GA][Iter2] Gen:11 Ind:1 RMSE(val)=678.740441
[GA][Iter2] Gen:11 Ind:2 RMSE(val)=678.740441
[GA][Iter2] Gen:11 Ind:3 RMSE(val)=678.740441
[GA][Iter2] Gen:11 Ind:4 RMSE(val)=678.740441
[GA][Iter2] Gen:11 Ind:5 RMSE(val)=678.740441
[GA][Iter2] Gen:11 Ind:6 RMSE(val)=679.049782
[GA][Iter2] Gen:11 Ind:7 RMSE(val)=679.049782
[GA][Iter2] Gen:11 Ind:8 RMSE(val)=679.049782
[GA][Iter2] Gen:11 Ind:9 RMSE(val)=680.908174
[GA][Iter2] Gen:11 Ind:10 RMSE(val)=680.908174
[GA][Iter2] Gen:11 Ind:11 RMSE(val)=678.740441
[GA][Iter2] Gen:11 Ind:12 RMSE(val)=681.217714
[GA][Iter2] Gen:11 Ind:13 RMSE(val)=678.740441
[GA][Iter2] Gen:11 Ind:14 RMSE(val)=680.908174
[GA][Iter2] Gen:11 Ind:15 RMSE(val)=680.908174
[GA][Iter2] Gen:11 Ind:16 RMSE(val)=678.740441
[GA][Iter2] Gen:11 Ind:17 RMSE(val)=678.740441
[GA][Iter2] Gen:11 Ind:18 RMSE(val)=681.900576
[GA][Iter2] Gen:11 Ind:19 RMSE(val)=681.217714
[GA][Iter2] Gen:11 Ind:20 RMSE(val)=685.384292
[GA][Iter2] gen=11 best_val_rmse=678.740441
[GA][Iter2] Gen:12 Ind:1 RMSE(val)=678.740441
[GA][Iter2] Gen:12 Ind:2 RMSE(val)=678.740441
[GA][Iter2] Gen:12 Ind:3 RMSE(val)=678.740441
[GA][Iter2] Gen:12 Ind:4 RMSE(val)=678.740441
[GA][Iter2] Gen:12 Ind:5 RMSE(val)=678.740441
[GA][Iter2] Gen:12 Ind:6 RMSE(val)=678.740441
[GA][Iter2] Gen:12 Ind:7 RMSE(val)=678.740441
[GA][Iter2] Gen:12 Ind:8 RMSE(val)=678.740441
[GA][Iter2] Gen:12 Ind:9 RMSE(val)=678.740441
[GA][Iter2] Gen:12 Ind:10 RMSE(val)=679.049782
[GA][Iter2] Gen:12 Ind:11 RMSE(val)=678.740441
[GA][Iter2] Gen:12 Ind:12 RMSE(val)=681.326909
[GA][Iter2] Gen:12 Ind:13 RMSE(val)=680.773993
[GA][Iter2] Gen:12 Ind:14 RMSE(val)=821.483843
[GA][Iter2] Gen:12 Ind:15 RMSE(val)=678.740441
[GA][Iter2] Gen:12 Ind:16 RMSE(val)=678.740441
[GA][Iter2] Gen:12 Ind:17 RMSE(val)=678.740441
[GA][Iter2] Gen:12 Ind:18 RMSE(val)=678.740441
[GA][Iter2] Gen:12 Ind:19 RMSE(val)=678.740441
[GA][Iter2] Gen:12 Ind:20 RMSE(val)=678.740441
[GA][Iter2] gen=12 best_val_rmse=678.740441
[GA][Iter2] Gen:13 Ind:1 RMSE(val)=678.740441
[GA][Iter2] Gen:13 Ind:2 RMSE(val)=678.740441
[GA][Iter2] Gen:13 Ind:3 RMSE(val)=678.740441
[GA][Iter2] Gen:13 Ind:4 RMSE(val)=678.740441
[GA][Iter2] Gen:13 Ind:5 RMSE(val)=678.740441
[GA][Iter2] Gen:13 Ind:6 RMSE(val)=678.740441
[GA][Iter2] Gen:13 Ind:7 RMSE(val)=678.740441
[GA][Iter2] Gen:13 Ind:8 RMSE(val)=678.740441
[GA][Iter2] Gen:13 Ind:9 RMSE(val)=678.740441
[GA][Iter2] Gen:13 Ind:10 RMSE(val)=678.740441
[GA][Iter2] Gen:13 Ind:11 RMSE(val)=681.956066
[GA][Iter2] Gen:13 Ind:12 RMSE(val)=678.740441
[GA][Iter2] Gen:13 Ind:13 RMSE(val)=681.839268
[GA][Iter2] Gen:13 Ind:14 RMSE(val)=678.740441
[GA][Iter2] Gen:13 Ind:15 RMSE(val)=678.740441
[GA][Iter2] Gen:13 Ind:16 RMSE(val)=678.740441
[GA][Iter2] Gen:13 Ind:17 RMSE(val)=678.740441
[GA][Iter2] Gen:13 Ind:18 RMSE(val)=679.331621
[GA][Iter2] Gen:13 Ind:19 RMSE(val)=678.740441
[GA][Iter2] Gen:13 Ind:20 RMSE(val)=678.740441
[GA][Iter2] gen=13 best_val_rmse=678.740441
[GA][Iter2] Gen:14 Ind:1 RMSE(val)=678.740441
[GA][Iter2] Gen:14 Ind:2 RMSE(val)=678.740441
[GA][Iter2] Gen:14 Ind:3 RMSE(val)=678.740441
[GA][Iter2] Gen:14 Ind:4 RMSE(val)=678.740441
[GA][Iter2] Gen:14 Ind:5 RMSE(val)=678.740441
[GA][Iter2] Gen:14 Ind:6 RMSE(val)=678.740441
[GA][Iter2] Gen:14 Ind:7 RMSE(val)=678.740441
[GA][Iter2] Gen:14 Ind:8 RMSE(val)=678.740441
[GA][Iter2] Gen:14 Ind:9 RMSE(val)=678.740441
[GA][Iter2] Gen:14 Ind:10 RMSE(val)=678.740441
[GA][Iter2] Gen:14 Ind:11 RMSE(val)=678.740441
[GA][Iter2] Gen:14 Ind:12 RMSE(val)=678.740441
[GA][Iter2] Gen:14 Ind:13 RMSE(val)=678.929286
[GA][Iter2] Gen:14 Ind:14 RMSE(val)=678.740441
[GA][Iter2] Gen:14 Ind:15 RMSE(val)=678.740441
[GA][Iter2] Gen:14 Ind:16 RMSE(val)=680.773993
[GA][Iter2] Gen:14 Ind:17 RMSE(val)=678.498218
[GA][Iter2] Gen:14 Ind:18 RMSE(val)=678.740441
[GA][Iter2] Gen:14 Ind:19 RMSE(val)=678.740441
[GA][Iter2] Gen:14 Ind:20 RMSE(val)=678.740441
[GA][Iter2] gen=14 best_val_rmse=678.498218
[GA][Iter2] Gen:15 Ind:1 RMSE(val)=678.498218
[GA][Iter2] Gen:15 Ind:2 RMSE(val)=678.740441
[GA][Iter2] Gen:15 Ind:3 RMSE(val)=678.740441
[GA][Iter2] Gen:15 Ind:4 RMSE(val)=678.740441
[GA][Iter2] Gen:15 Ind:5 RMSE(val)=678.740441
[GA][Iter2] Gen:15 Ind:6 RMSE(val)=678.740441
[GA][Iter2] Gen:15 Ind:7 RMSE(val)=678.740441
[GA][Iter2] Gen:15 Ind:8 RMSE(val)=678.740441
[GA][Iter2] Gen:15 Ind:9 RMSE(val)=678.740441
[GA][Iter2] Gen:15 Ind:10 RMSE(val)=678.740441
[GA][Iter2] Gen:15 Ind:11 RMSE(val)=695.686817
[GA][Iter2] Gen:15 Ind:12 RMSE(val)=678.740441
[GA][Iter2] Gen:15 Ind:13 RMSE(val)=678.740441
[GA][Iter2] Gen:15 Ind:14 RMSE(val)=680.624582
[GA][Iter2] Gen:15 Ind:15 RMSE(val)=678.740441
[GA][Iter2] Gen:15 Ind:16 RMSE(val)=678.498218
[GA][Iter2] Gen:15 Ind:17 RMSE(val)=678.740441
[GA][Iter2] Gen:15 Ind:18 RMSE(val)=678.740441
[GA][Iter2] Gen:15 Ind:19 RMSE(val)=678.740441
[GA][Iter2] Gen:15 Ind:20 RMSE(val)=678.740441
[GA][Iter2] gen=15 best_val_rmse=678.498218
[GA][Iter2] Gen:15 Ind:1 RMSE(val)=678.498218
[GA][Iter2] Gen:15 Ind:2 RMSE(val)=678.498218
[GA][Iter2] Gen:15 Ind:3 RMSE(val)=678.740441
[GA][Iter2] Gen:15 Ind:4 RMSE(val)=678.740441
[GA][Iter2] Gen:15 Ind:5 RMSE(val)=678.740441
[GA][Iter2] Gen:15 Ind:6 RMSE(val)=678.740441
[GA][Iter2] Gen:15 Ind:7 RMSE(val)=678.740441
[GA][Iter2] Gen:15 Ind:8 RMSE(val)=678.740441
[GA][Iter2] Gen:15 Ind:9 RMSE(val)=678.740441
[GA][Iter2] Gen:15 Ind:10 RMSE(val)=678.740441
[GA][Iter2] Gen:15 Ind:11 RMSE(val)=678.740441
[GA][Iter2] Gen:15 Ind:12 RMSE(val)=680.088214
[GA][Iter2] Gen:15 Ind:13 RMSE(val)=684.373983
[GA][Iter2] Gen:15 Ind:14 RMSE(val)=678.740441
[GA][Iter2] Gen:15 Ind:15 RMSE(val)=777.435388
[GA][Iter2] Gen:15 Ind:16 RMSE(val)=678.740441
[GA][Iter2] Gen:15 Ind:17 RMSE(val)=678.740441
[GA][Iter2] Gen:15 Ind:18 RMSE(val)=680.266073
[GA][Iter2] Gen:15 Ind:19 RMSE(val)=678.740441
[GA][Iter2] Gen:15 Ind:20 RMSE(val)=681.839268

[GA DONE][Iter2] Best params on val fold of Iter2
Best val RMSE: 678.498218
Best params: {'n_estimators': 1118, 'learning_rate': 0.008691980935053177, 'max_depth': 6, 'min_samples_split': 26, 'min_samples_leaf': 12, 'subsample': 0.6558151714100575, 'max_features': None}
--------------------------------------------------------------------------------
[RETUNE GA] Iter2: train folds 1..6 -> test fold 7  RMSE=628.364070  NRMSE=0.532098  CVRMSE=0.238686  R2=0.716351
[GA][Iter3] Gen:1 Ind:1 RMSE(val)=640.313970
[GA][Iter3] Gen:1 Ind:2 RMSE(val)=673.372543
[GA][Iter3] Gen:1 Ind:3 RMSE(val)=702.643873
[GA][Iter3] Gen:1 Ind:4 RMSE(val)=674.830454
[GA][Iter3] Gen:1 Ind:5 RMSE(val)=729.120325
[GA][Iter3] Gen:1 Ind:6 RMSE(val)=632.477287
[GA][Iter3] Gen:1 Ind:7 RMSE(val)=719.359991
[GA][Iter3] Gen:1 Ind:8 RMSE(val)=724.532585
[GA][Iter3] Gen:1 Ind:9 RMSE(val)=690.804043
[GA][Iter3] Gen:1 Ind:10 RMSE(val)=698.771823
[GA][Iter3] Gen:1 Ind:11 RMSE(val)=664.443823
[GA][Iter3] Gen:1 Ind:12 RMSE(val)=657.688204
[GA][Iter3] Gen:1 Ind:13 RMSE(val)=718.750006
[GA][Iter3] Gen:1 Ind:14 RMSE(val)=678.366595
[GA][Iter3] Gen:1 Ind:15 RMSE(val)=716.043336
[GA][Iter3] Gen:1 Ind:16 RMSE(val)=658.490462
[GA][Iter3] Gen:1 Ind:17 RMSE(val)=654.422126
[GA][Iter3] Gen:1 Ind:18 RMSE(val)=703.106358
[GA][Iter3] Gen:1 Ind:19 RMSE(val)=710.173943
[GA][Iter3] Gen:1 Ind:20 RMSE(val)=732.141507
[GA][Iter3] gen=1 best_val_rmse=632.477287
[GA][Iter3] Gen:2 Ind:1 RMSE(val)=632.477287
[GA][Iter3] Gen:2 Ind:2 RMSE(val)=640.313970
[GA][Iter3] Gen:2 Ind:3 RMSE(val)=654.422126
[GA][Iter3] Gen:2 Ind:4 RMSE(val)=657.688204
[GA][Iter3] Gen:2 Ind:5 RMSE(val)=658.490462
[GA][Iter3] Gen:2 Ind:6 RMSE(val)=664.443823
[GA][Iter3] Gen:2 Ind:7 RMSE(val)=673.372543
[GA][Iter3] Gen:2 Ind:8 RMSE(val)=674.830454
[GA][Iter3] Gen:2 Ind:9 RMSE(val)=678.366595
[GA][Iter3] Gen:2 Ind:10 RMSE(val)=690.804043
[GA][Iter3] Gen:2 Ind:11 RMSE(val)=670.253750
[GA][Iter3] Gen:2 Ind:12 RMSE(val)=661.534157
[GA][Iter3] Gen:2 Ind:13 RMSE(val)=635.750467
[GA][Iter3] Gen:2 Ind:14 RMSE(val)=717.598038
[GA][Iter3] Gen:2 Ind:15 RMSE(val)=687.482895
[GA][Iter3] Gen:2 Ind:16 RMSE(val)=758.191373
[GA][Iter3] Gen:2 Ind:17 RMSE(val)=687.325699
[GA][Iter3] Gen:2 Ind:18 RMSE(val)=627.818495
[GA][Iter3] Gen:2 Ind:19 RMSE(val)=682.706990
[GA][Iter3] Gen:2 Ind:20 RMSE(val)=685.557010
[GA][Iter3] gen=2 best_val_rmse=627.818495
[GA][Iter3] Gen:3 Ind:1 RMSE(val)=627.818495
[GA][Iter3] Gen:3 Ind:2 RMSE(val)=632.477287
[GA][Iter3] Gen:3 Ind:3 RMSE(val)=635.750467
[GA][Iter3] Gen:3 Ind:4 RMSE(val)=640.313970
[GA][Iter3] Gen:3 Ind:5 RMSE(val)=654.422126
[GA][Iter3] Gen:3 Ind:6 RMSE(val)=657.688204
[GA][Iter3] Gen:3 Ind:7 RMSE(val)=658.490462
[GA][Iter3] Gen:3 Ind:8 RMSE(val)=661.534157
[GA][Iter3] Gen:3 Ind:9 RMSE(val)=664.443823
[GA][Iter3] Gen:3 Ind:10 RMSE(val)=670.253750
[GA][Iter3] Gen:3 Ind:11 RMSE(val)=720.766324
[GA][Iter3] Gen:3 Ind:12 RMSE(val)=699.647008
[GA][Iter3] Gen:3 Ind:13 RMSE(val)=634.194001
[GA][Iter3] Gen:3 Ind:14 RMSE(val)=649.601616
[GA][Iter3] Gen:3 Ind:15 RMSE(val)=638.232030
[GA][Iter3] Gen:3 Ind:16 RMSE(val)=671.692513
[GA][Iter3] Gen:3 Ind:17 RMSE(val)=669.699513
[GA][Iter3] Gen:3 Ind:18 RMSE(val)=631.204313
[GA][Iter3] Gen:3 Ind:19 RMSE(val)=631.234943
[GA][Iter3] Gen:3 Ind:20 RMSE(val)=678.127536
[GA][Iter3] gen=3 best_val_rmse=627.818495
[GA][Iter3] Gen:4 Ind:1 RMSE(val)=627.818495
[GA][Iter3] Gen:4 Ind:2 RMSE(val)=631.204313
[GA][Iter3] Gen:4 Ind:3 RMSE(val)=631.234943
[GA][Iter3] Gen:4 Ind:4 RMSE(val)=632.477287
[GA][Iter3] Gen:4 Ind:5 RMSE(val)=634.194001
[GA][Iter3] Gen:4 Ind:6 RMSE(val)=635.750467
[GA][Iter3] Gen:4 Ind:7 RMSE(val)=638.232030
[GA][Iter3] Gen:4 Ind:8 RMSE(val)=640.313970
[GA][Iter3] Gen:4 Ind:9 RMSE(val)=649.601616
[GA][Iter3] Gen:4 Ind:10 RMSE(val)=654.422126
[GA][Iter3] Gen:4 Ind:11 RMSE(val)=626.477468
[GA][Iter3] Gen:4 Ind:12 RMSE(val)=626.330796
[GA][Iter3] Gen:4 Ind:13 RMSE(val)=640.190966
[GA][Iter3] Gen:4 Ind:14 RMSE(val)=655.838659
[GA][Iter3] Gen:4 Ind:15 RMSE(val)=629.330122
[GA][Iter3] Gen:4 Ind:16 RMSE(val)=638.232030
[GA][Iter3] Gen:4 Ind:17 RMSE(val)=631.784461
[GA][Iter3] Gen:4 Ind:18 RMSE(val)=633.150274
[GA][Iter3] Gen:4 Ind:19 RMSE(val)=664.283933
[GA][Iter3] Gen:4 Ind:20 RMSE(val)=633.470822
[GA][Iter3] gen=4 best_val_rmse=626.330796
[GA][Iter3] Gen:5 Ind:1 RMSE(val)=626.330796
[GA][Iter3] Gen:5 Ind:2 RMSE(val)=626.477468
[GA][Iter3] Gen:5 Ind:3 RMSE(val)=627.818495
[GA][Iter3] Gen:5 Ind:4 RMSE(val)=629.330122
[GA][Iter3] Gen:5 Ind:5 RMSE(val)=631.204313
[GA][Iter3] Gen:5 Ind:6 RMSE(val)=631.234943
[GA][Iter3] Gen:5 Ind:7 RMSE(val)=631.784461
[GA][Iter3] Gen:5 Ind:8 RMSE(val)=632.477287
[GA][Iter3] Gen:5 Ind:9 RMSE(val)=633.150274
[GA][Iter3] Gen:5 Ind:10 RMSE(val)=633.470822
[GA][Iter3] Gen:5 Ind:11 RMSE(val)=626.477468
[GA][Iter3] Gen:5 Ind:12 RMSE(val)=630.917387
[GA][Iter3] Gen:5 Ind:13 RMSE(val)=633.470822
[GA][Iter3] Gen:5 Ind:14 RMSE(val)=628.554551
[GA][Iter3] Gen:5 Ind:15 RMSE(val)=630.625913
[GA][Iter3] Gen:5 Ind:16 RMSE(val)=633.150274
[GA][Iter3] Gen:5 Ind:17 RMSE(val)=632.557625
[GA][Iter3] Gen:5 Ind:18 RMSE(val)=630.674083
[GA][Iter3] Gen:5 Ind:19 RMSE(val)=627.818495
[GA][Iter3] Gen:5 Ind:20 RMSE(val)=628.799448
[GA][Iter3] gen=5 best_val_rmse=626.330796
[GA][Iter3] Gen:6 Ind:1 RMSE(val)=626.330796
[GA][Iter3] Gen:6 Ind:2 RMSE(val)=626.477468
[GA][Iter3] Gen:6 Ind:3 RMSE(val)=626.477468
[GA][Iter3] Gen:6 Ind:4 RMSE(val)=627.818495
[GA][Iter3] Gen:6 Ind:5 RMSE(val)=627.818495
[GA][Iter3] Gen:6 Ind:6 RMSE(val)=628.554551
[GA][Iter3] Gen:6 Ind:7 RMSE(val)=628.799448
[GA][Iter3] Gen:6 Ind:8 RMSE(val)=629.330122
[GA][Iter3] Gen:6 Ind:9 RMSE(val)=630.625913
[GA][Iter3] Gen:6 Ind:10 RMSE(val)=630.674083
[GA][Iter3] Gen:6 Ind:11 RMSE(val)=627.995904
[GA][Iter3] Gen:6 Ind:12 RMSE(val)=733.792238
[GA][Iter3] Gen:6 Ind:13 RMSE(val)=627.818495
[GA][Iter3] Gen:6 Ind:14 RMSE(val)=626.698725
[GA][Iter3] Gen:6 Ind:15 RMSE(val)=625.495295
[GA][Iter3] Gen:6 Ind:16 RMSE(val)=628.839975
[GA][Iter3] Gen:6 Ind:17 RMSE(val)=660.499891
[GA][Iter3] Gen:6 Ind:18 RMSE(val)=628.554551
[GA][Iter3] Gen:6 Ind:19 RMSE(val)=629.474017
[GA][Iter3] Gen:6 Ind:20 RMSE(val)=629.842820
[GA][Iter3] gen=6 best_val_rmse=625.495295
[GA][Iter3] Gen:7 Ind:1 RMSE(val)=625.495295
[GA][Iter3] Gen:7 Ind:2 RMSE(val)=626.330796
[GA][Iter3] Gen:7 Ind:3 RMSE(val)=626.477468
[GA][Iter3] Gen:7 Ind:4 RMSE(val)=626.477468
[GA][Iter3] Gen:7 Ind:5 RMSE(val)=626.698725
[GA][Iter3] Gen:7 Ind:6 RMSE(val)=627.818495
[GA][Iter3] Gen:7 Ind:7 RMSE(val)=627.818495
[GA][Iter3] Gen:7 Ind:8 RMSE(val)=627.818495
[GA][Iter3] Gen:7 Ind:9 RMSE(val)=627.995904
[GA][Iter3] Gen:7 Ind:10 RMSE(val)=628.554551
[GA][Iter3] Gen:7 Ind:11 RMSE(val)=627.995904
[GA][Iter3] Gen:7 Ind:12 RMSE(val)=627.450808
[GA][Iter3] Gen:7 Ind:13 RMSE(val)=626.698725
[GA][Iter3] Gen:7 Ind:14 RMSE(val)=636.258973
[GA][Iter3] Gen:7 Ind:15 RMSE(val)=685.053245
[GA][Iter3] Gen:7 Ind:16 RMSE(val)=630.764306
[GA][Iter3] Gen:7 Ind:17 RMSE(val)=626.477468
[GA][Iter3] Gen:7 Ind:18 RMSE(val)=625.495295
[GA][Iter3] Gen:7 Ind:19 RMSE(val)=626.477468
[GA][Iter3] Gen:7 Ind:20 RMSE(val)=628.076168
[GA][Iter3] gen=7 best_val_rmse=625.495295
[GA][Iter3] Gen:8 Ind:1 RMSE(val)=625.495295
[GA][Iter3] Gen:8 Ind:2 RMSE(val)=625.495295
[GA][Iter3] Gen:8 Ind:3 RMSE(val)=626.330796
[GA][Iter3] Gen:8 Ind:4 RMSE(val)=626.477468
[GA][Iter3] Gen:8 Ind:5 RMSE(val)=626.477468
[GA][Iter3] Gen:8 Ind:6 RMSE(val)=626.477468
[GA][Iter3] Gen:8 Ind:7 RMSE(val)=626.477468
[GA][Iter3] Gen:8 Ind:8 RMSE(val)=626.698725
[GA][Iter3] Gen:8 Ind:9 RMSE(val)=626.698725
[GA][Iter3] Gen:8 Ind:10 RMSE(val)=627.450808
[GA][Iter3] Gen:8 Ind:11 RMSE(val)=626.477468
[GA][Iter3] Gen:8 Ind:12 RMSE(val)=626.477468
[GA][Iter3] Gen:8 Ind:13 RMSE(val)=625.495295
[GA][Iter3] Gen:8 Ind:14 RMSE(val)=626.698725
[GA][Iter3] Gen:8 Ind:15 RMSE(val)=626.698725
[GA][Iter3] Gen:8 Ind:16 RMSE(val)=626.477468
[GA][Iter3] Gen:8 Ind:17 RMSE(val)=625.495295
[GA][Iter3] Gen:8 Ind:18 RMSE(val)=626.698725
[GA][Iter3] Gen:8 Ind:19 RMSE(val)=626.477468
[GA][Iter3] Gen:8 Ind:20 RMSE(val)=629.057211
[GA][Iter3] gen=8 best_val_rmse=625.495295
[GA][Iter3] Gen:9 Ind:1 RMSE(val)=625.495295
[GA][Iter3] Gen:9 Ind:2 RMSE(val)=625.495295
[GA][Iter3] Gen:9 Ind:3 RMSE(val)=625.495295
[GA][Iter3] Gen:9 Ind:4 RMSE(val)=625.495295
[GA][Iter3] Gen:9 Ind:5 RMSE(val)=626.330796
[GA][Iter3] Gen:9 Ind:6 RMSE(val)=626.477468
[GA][Iter3] Gen:9 Ind:7 RMSE(val)=626.477468
[GA][Iter3] Gen:9 Ind:8 RMSE(val)=626.477468
[GA][Iter3] Gen:9 Ind:9 RMSE(val)=626.477468
[GA][Iter3] Gen:9 Ind:10 RMSE(val)=626.477468
[GA][Iter3] Gen:9 Ind:11 RMSE(val)=626.477468
[GA][Iter3] Gen:9 Ind:12 RMSE(val)=625.495295
[GA][Iter3] Gen:9 Ind:13 RMSE(val)=625.495295
[GA][Iter3] Gen:9 Ind:14 RMSE(val)=626.477468
[GA][Iter3] Gen:9 Ind:15 RMSE(val)=627.922675
[GA][Iter3] Gen:9 Ind:16 RMSE(val)=627.157400
[GA][Iter3] Gen:9 Ind:17 RMSE(val)=626.477468
[GA][Iter3] Gen:9 Ind:18 RMSE(val)=622.997413
[GA][Iter3] Gen:9 Ind:19 RMSE(val)=625.495295
[GA][Iter3] Gen:9 Ind:20 RMSE(val)=627.922675
[GA][Iter3] gen=9 best_val_rmse=622.997413
[GA][Iter3] Gen:10 Ind:1 RMSE(val)=622.997413
[GA][Iter3] Gen:10 Ind:2 RMSE(val)=625.495295
[GA][Iter3] Gen:10 Ind:3 RMSE(val)=625.495295
[GA][Iter3] Gen:10 Ind:4 RMSE(val)=625.495295
[GA][Iter3] Gen:10 Ind:5 RMSE(val)=625.495295
[GA][Iter3] Gen:10 Ind:6 RMSE(val)=625.495295
[GA][Iter3] Gen:10 Ind:7 RMSE(val)=625.495295
[GA][Iter3] Gen:10 Ind:8 RMSE(val)=625.495295
[GA][Iter3] Gen:10 Ind:9 RMSE(val)=626.330796
[GA][Iter3] Gen:10 Ind:10 RMSE(val)=626.477468
[GA][Iter3] Gen:10 Ind:11 RMSE(val)=628.128581
[GA][Iter3] Gen:10 Ind:12 RMSE(val)=625.495295
[GA][Iter3] Gen:10 Ind:13 RMSE(val)=629.311657
[GA][Iter3] Gen:10 Ind:14 RMSE(val)=625.495295
[GA][Iter3] Gen:10 Ind:15 RMSE(val)=625.495295
[GA][Iter3] Gen:10 Ind:16 RMSE(val)=625.495295
[GA][Iter3] Gen:10 Ind:17 RMSE(val)=625.495295
[GA][Iter3] Gen:10 Ind:18 RMSE(val)=625.495295
[GA][Iter3] Gen:10 Ind:19 RMSE(val)=625.495295
[GA][Iter3] Gen:10 Ind:20 RMSE(val)=624.970011
[GA][Iter3] gen=10 best_val_rmse=622.997413
[GA][Iter3] Gen:11 Ind:1 RMSE(val)=622.997413
[GA][Iter3] Gen:11 Ind:2 RMSE(val)=624.970011
[GA][Iter3] Gen:11 Ind:3 RMSE(val)=625.495295
[GA][Iter3] Gen:11 Ind:4 RMSE(val)=625.495295
[GA][Iter3] Gen:11 Ind:5 RMSE(val)=625.495295
[GA][Iter3] Gen:11 Ind:6 RMSE(val)=625.495295
[GA][Iter3] Gen:11 Ind:7 RMSE(val)=625.495295
[GA][Iter3] Gen:11 Ind:8 RMSE(val)=625.495295
[GA][Iter3] Gen:11 Ind:9 RMSE(val)=625.495295
[GA][Iter3] Gen:11 Ind:10 RMSE(val)=625.495295
[GA][Iter3] Gen:11 Ind:11 RMSE(val)=626.677151
[GA][Iter3] Gen:11 Ind:12 RMSE(val)=625.495295
[GA][Iter3] Gen:11 Ind:13 RMSE(val)=632.982702
[GA][Iter3] Gen:11 Ind:14 RMSE(val)=628.076168
[GA][Iter3] Gen:11 Ind:15 RMSE(val)=625.495295
[GA][Iter3] Gen:11 Ind:16 RMSE(val)=627.643632
[GA][Iter3] Gen:11 Ind:17 RMSE(val)=625.495295
[GA][Iter3] Gen:11 Ind:18 RMSE(val)=629.686421
[GA][Iter3] Gen:11 Ind:19 RMSE(val)=625.495295
[GA][Iter3] Gen:11 Ind:20 RMSE(val)=633.518989
[GA][Iter3] gen=11 best_val_rmse=622.997413
[GA][Iter3] Gen:12 Ind:1 RMSE(val)=622.997413
[GA][Iter3] Gen:12 Ind:2 RMSE(val)=624.970011
[GA][Iter3] Gen:12 Ind:3 RMSE(val)=625.495295
[GA][Iter3] Gen:12 Ind:4 RMSE(val)=625.495295
[GA][Iter3] Gen:12 Ind:5 RMSE(val)=625.495295
[GA][Iter3] Gen:12 Ind:6 RMSE(val)=625.495295
[GA][Iter3] Gen:12 Ind:7 RMSE(val)=625.495295
[GA][Iter3] Gen:12 Ind:8 RMSE(val)=625.495295
[GA][Iter3] Gen:12 Ind:9 RMSE(val)=625.495295
[GA][Iter3] Gen:12 Ind:10 RMSE(val)=625.495295
[GA][Iter3] Gen:12 Ind:11 RMSE(val)=629.311657
[GA][Iter3] Gen:12 Ind:12 RMSE(val)=627.879115
[GA][Iter3] Gen:12 Ind:13 RMSE(val)=627.668161
[GA][Iter3] Gen:12 Ind:14 RMSE(val)=805.251414
[GA][Iter3] Gen:12 Ind:15 RMSE(val)=621.800121
[GA][Iter3] Gen:12 Ind:16 RMSE(val)=625.495295
[GA][Iter3] Gen:12 Ind:17 RMSE(val)=625.495295
[GA][Iter3] Gen:12 Ind:18 RMSE(val)=628.956460
[GA][Iter3] Gen:12 Ind:19 RMSE(val)=625.495295
[GA][Iter3] Gen:12 Ind:20 RMSE(val)=625.495295
[GA][Iter3] gen=12 best_val_rmse=621.800121
[GA][Iter3] Gen:13 Ind:1 RMSE(val)=621.800121
[GA][Iter3] Gen:13 Ind:2 RMSE(val)=622.997413
[GA][Iter3] Gen:13 Ind:3 RMSE(val)=624.970011
[GA][Iter3] Gen:13 Ind:4 RMSE(val)=625.495295
[GA][Iter3] Gen:13 Ind:5 RMSE(val)=625.495295
[GA][Iter3] Gen:13 Ind:6 RMSE(val)=625.495295
[GA][Iter3] Gen:13 Ind:7 RMSE(val)=625.495295
[GA][Iter3] Gen:13 Ind:8 RMSE(val)=625.495295
[GA][Iter3] Gen:13 Ind:9 RMSE(val)=625.495295
[GA][Iter3] Gen:13 Ind:10 RMSE(val)=625.495295
[GA][Iter3] Gen:13 Ind:11 RMSE(val)=628.582923
[GA][Iter3] Gen:13 Ind:12 RMSE(val)=630.810070
[GA][Iter3] Gen:13 Ind:13 RMSE(val)=628.667070
[GA][Iter3] Gen:13 Ind:14 RMSE(val)=625.495295
[GA][Iter3] Gen:13 Ind:15 RMSE(val)=625.495295
[GA][Iter3] Gen:13 Ind:16 RMSE(val)=623.469599
[GA][Iter3] Gen:13 Ind:17 RMSE(val)=625.495295
[GA][Iter3] Gen:13 Ind:18 RMSE(val)=632.716264
[GA][Iter3] Gen:13 Ind:19 RMSE(val)=629.311657
[GA][Iter3] Gen:13 Ind:20 RMSE(val)=624.970011
[GA][Iter3] gen=13 best_val_rmse=621.800121
[GA][Iter3] Gen:14 Ind:1 RMSE(val)=621.800121
[GA][Iter3] Gen:14 Ind:2 RMSE(val)=622.997413
[GA][Iter3] Gen:14 Ind:3 RMSE(val)=623.469599
[GA][Iter3] Gen:14 Ind:4 RMSE(val)=624.970011
[GA][Iter3] Gen:14 Ind:5 RMSE(val)=624.970011
[GA][Iter3] Gen:14 Ind:6 RMSE(val)=625.495295
[GA][Iter3] Gen:14 Ind:7 RMSE(val)=625.495295
[GA][Iter3] Gen:14 Ind:8 RMSE(val)=625.495295
[GA][Iter3] Gen:14 Ind:9 RMSE(val)=625.495295
[GA][Iter3] Gen:14 Ind:10 RMSE(val)=625.495295
[GA][Iter3] Gen:14 Ind:11 RMSE(val)=625.495295
[GA][Iter3] Gen:14 Ind:12 RMSE(val)=626.477468
[GA][Iter3] Gen:14 Ind:13 RMSE(val)=628.566399
[GA][Iter3] Gen:14 Ind:14 RMSE(val)=624.970011
[GA][Iter3] Gen:14 Ind:15 RMSE(val)=625.495295
[GA][Iter3] Gen:14 Ind:16 RMSE(val)=628.164565
[GA][Iter3] Gen:14 Ind:17 RMSE(val)=628.194682
[GA][Iter3] Gen:14 Ind:18 RMSE(val)=632.982702
[GA][Iter3] Gen:14 Ind:19 RMSE(val)=630.243325
[GA][Iter3] Gen:14 Ind:20 RMSE(val)=626.330796
[GA][Iter3] gen=14 best_val_rmse=621.800121
[GA][Iter3] Gen:15 Ind:1 RMSE(val)=621.800121
[GA][Iter3] Gen:15 Ind:2 RMSE(val)=622.997413
[GA][Iter3] Gen:15 Ind:3 RMSE(val)=623.469599
[GA][Iter3] Gen:15 Ind:4 RMSE(val)=624.970011
[GA][Iter3] Gen:15 Ind:5 RMSE(val)=624.970011
[GA][Iter3] Gen:15 Ind:6 RMSE(val)=624.970011
[GA][Iter3] Gen:15 Ind:7 RMSE(val)=625.495295
[GA][Iter3] Gen:15 Ind:8 RMSE(val)=625.495295
[GA][Iter3] Gen:15 Ind:9 RMSE(val)=625.495295
[GA][Iter3] Gen:15 Ind:10 RMSE(val)=625.495295
[GA][Iter3] Gen:15 Ind:11 RMSE(val)=632.795212
[GA][Iter3] Gen:15 Ind:12 RMSE(val)=626.330796
[GA][Iter3] Gen:15 Ind:13 RMSE(val)=624.970011
[GA][Iter3] Gen:15 Ind:14 RMSE(val)=623.934808
[GA][Iter3] Gen:15 Ind:15 RMSE(val)=630.629386
[GA][Iter3] Gen:15 Ind:16 RMSE(val)=629.676968
[GA][Iter3] Gen:15 Ind:17 RMSE(val)=625.495295
[GA][Iter3] Gen:15 Ind:18 RMSE(val)=625.026904
[GA][Iter3] Gen:15 Ind:19 RMSE(val)=629.311657
[GA][Iter3] Gen:15 Ind:20 RMSE(val)=621.800121
[GA][Iter3] gen=15 best_val_rmse=621.800121
[GA][Iter3] Gen:15 Ind:1 RMSE(val)=621.800121
[GA][Iter3] Gen:15 Ind:2 RMSE(val)=621.800121
[GA][Iter3] Gen:15 Ind:3 RMSE(val)=622.997413
[GA][Iter3] Gen:15 Ind:4 RMSE(val)=623.469599
[GA][Iter3] Gen:15 Ind:5 RMSE(val)=623.934808
[GA][Iter3] Gen:15 Ind:6 RMSE(val)=624.970011
[GA][Iter3] Gen:15 Ind:7 RMSE(val)=624.970011
[GA][Iter3] Gen:15 Ind:8 RMSE(val)=624.970011
[GA][Iter3] Gen:15 Ind:9 RMSE(val)=624.970011
[GA][Iter3] Gen:15 Ind:10 RMSE(val)=625.026904
[GA][Iter3] Gen:15 Ind:11 RMSE(val)=621.800121
[GA][Iter3] Gen:15 Ind:12 RMSE(val)=624.816809
[GA][Iter3] Gen:15 Ind:13 RMSE(val)=635.495663
[GA][Iter3] Gen:15 Ind:14 RMSE(val)=629.676968
[GA][Iter3] Gen:15 Ind:15 RMSE(val)=685.167438
[GA][Iter3] Gen:15 Ind:16 RMSE(val)=624.970011
[GA][Iter3] Gen:15 Ind:17 RMSE(val)=624.970011
[GA][Iter3] Gen:15 Ind:18 RMSE(val)=634.242080
[GA][Iter3] Gen:15 Ind:19 RMSE(val)=632.982702
[GA][Iter3] Gen:15 Ind:20 RMSE(val)=628.064530

[GA DONE][Iter3] Best params on val fold of Iter3
Best val RMSE: 621.800121
Best params: {'n_estimators': 852, 'learning_rate': 0.01091060506791416, 'max_depth': 4, 'min_samples_split': 10, 'min_samples_leaf': 19, 'subsample': 0.5774342966906489, 'max_features': None}
--------------------------------------------------------------------------------
[RETUNE GA] Iter3: train folds 1..7 -> test fold 8  RMSE=729.667222  NRMSE=0.629872  CVRMSE=0.254471  R2=0.602531
[GA][Iter4] Gen:1 Ind:1 RMSE(val)=725.601702
[GA][Iter4] Gen:1 Ind:2 RMSE(val)=773.618207
[GA][Iter4] Gen:1 Ind:3 RMSE(val)=757.400733
[GA][Iter4] Gen:1 Ind:4 RMSE(val)=763.536465
[GA][Iter4] Gen:1 Ind:5 RMSE(val)=775.323204
[GA][Iter4] Gen:1 Ind:6 RMSE(val)=734.656849
[GA][Iter4] Gen:1 Ind:7 RMSE(val)=780.607637
[GA][Iter4] Gen:1 Ind:8 RMSE(val)=780.821875
[GA][Iter4] Gen:1 Ind:9 RMSE(val)=745.881478
[GA][Iter4] Gen:1 Ind:10 RMSE(val)=772.630828
[GA][Iter4] Gen:1 Ind:11 RMSE(val)=756.615388
[GA][Iter4] Gen:1 Ind:12 RMSE(val)=746.897654
[GA][Iter4] Gen:1 Ind:13 RMSE(val)=811.516554
[GA][Iter4] Gen:1 Ind:14 RMSE(val)=751.979326
[GA][Iter4] Gen:1 Ind:15 RMSE(val)=793.461545
[GA][Iter4] Gen:1 Ind:16 RMSE(val)=752.415232
[GA][Iter4] Gen:1 Ind:17 RMSE(val)=762.674897
[GA][Iter4] Gen:1 Ind:18 RMSE(val)=755.290374
[GA][Iter4] Gen:1 Ind:19 RMSE(val)=819.856572
[GA][Iter4] Gen:1 Ind:20 RMSE(val)=778.077542
[GA][Iter4] gen=1 best_val_rmse=725.601702
[GA][Iter4] Gen:2 Ind:1 RMSE(val)=725.601702
[GA][Iter4] Gen:2 Ind:2 RMSE(val)=734.656849
[GA][Iter4] Gen:2 Ind:3 RMSE(val)=745.881478
[GA][Iter4] Gen:2 Ind:4 RMSE(val)=746.897654
[GA][Iter4] Gen:2 Ind:5 RMSE(val)=751.979326
[GA][Iter4] Gen:2 Ind:6 RMSE(val)=752.415232
[GA][Iter4] Gen:2 Ind:7 RMSE(val)=755.290374
[GA][Iter4] Gen:2 Ind:8 RMSE(val)=756.615388
[GA][Iter4] Gen:2 Ind:9 RMSE(val)=757.400733
[GA][Iter4] Gen:2 Ind:10 RMSE(val)=762.674897
[GA][Iter4] Gen:2 Ind:11 RMSE(val)=778.701623
[GA][Iter4] Gen:2 Ind:12 RMSE(val)=757.923305
[GA][Iter4] Gen:2 Ind:13 RMSE(val)=723.940189
[GA][Iter4] Gen:2 Ind:14 RMSE(val)=765.989325
[GA][Iter4] Gen:2 Ind:15 RMSE(val)=860.202130
[GA][Iter4] Gen:2 Ind:16 RMSE(val)=753.888346
[GA][Iter4] Gen:2 Ind:17 RMSE(val)=739.869233
[GA][Iter4] Gen:2 Ind:18 RMSE(val)=729.754184
[GA][Iter4] Gen:2 Ind:19 RMSE(val)=747.657770
[GA][Iter4] Gen:2 Ind:20 RMSE(val)=746.897654
[GA][Iter4] gen=2 best_val_rmse=723.940189
[GA][Iter4] Gen:3 Ind:1 RMSE(val)=723.940189
[GA][Iter4] Gen:3 Ind:2 RMSE(val)=725.601702
[GA][Iter4] Gen:3 Ind:3 RMSE(val)=729.754184
[GA][Iter4] Gen:3 Ind:4 RMSE(val)=734.656849
[GA][Iter4] Gen:3 Ind:5 RMSE(val)=739.869233
[GA][Iter4] Gen:3 Ind:6 RMSE(val)=745.881478
[GA][Iter4] Gen:3 Ind:7 RMSE(val)=746.897654
[GA][Iter4] Gen:3 Ind:8 RMSE(val)=746.897654
[GA][Iter4] Gen:3 Ind:9 RMSE(val)=747.657770
[GA][Iter4] Gen:3 Ind:10 RMSE(val)=751.979326
[GA][Iter4] Gen:3 Ind:11 RMSE(val)=772.009950
[GA][Iter4] Gen:3 Ind:12 RMSE(val)=754.481445
[GA][Iter4] Gen:3 Ind:13 RMSE(val)=729.147167
[GA][Iter4] Gen:3 Ind:14 RMSE(val)=724.278210
[GA][Iter4] Gen:3 Ind:15 RMSE(val)=725.601702
[GA][Iter4] Gen:3 Ind:16 RMSE(val)=768.389387
[GA][Iter4] Gen:3 Ind:17 RMSE(val)=762.209583
[GA][Iter4] Gen:3 Ind:18 RMSE(val)=731.988909
[GA][Iter4] Gen:3 Ind:19 RMSE(val)=729.884956
[GA][Iter4] Gen:3 Ind:20 RMSE(val)=738.334649
[GA][Iter4] gen=3 best_val_rmse=723.940189
[GA][Iter4] Gen:4 Ind:1 RMSE(val)=723.940189
[GA][Iter4] Gen:4 Ind:2 RMSE(val)=724.278210
[GA][Iter4] Gen:4 Ind:3 RMSE(val)=725.601702
[GA][Iter4] Gen:4 Ind:4 RMSE(val)=725.601702
[GA][Iter4] Gen:4 Ind:5 RMSE(val)=729.147167
[GA][Iter4] Gen:4 Ind:6 RMSE(val)=729.754184
[GA][Iter4] Gen:4 Ind:7 RMSE(val)=729.884956
[GA][Iter4] Gen:4 Ind:8 RMSE(val)=731.988909
[GA][Iter4] Gen:4 Ind:9 RMSE(val)=734.656849
[GA][Iter4] Gen:4 Ind:10 RMSE(val)=738.334649
[GA][Iter4] Gen:4 Ind:11 RMSE(val)=734.656849
[GA][Iter4] Gen:4 Ind:12 RMSE(val)=723.611762
[GA][Iter4] Gen:4 Ind:13 RMSE(val)=730.988278
[GA][Iter4] Gen:4 Ind:14 RMSE(val)=731.581822
[GA][Iter4] Gen:4 Ind:15 RMSE(val)=727.456496
[GA][Iter4] Gen:4 Ind:16 RMSE(val)=724.965760
[GA][Iter4] Gen:4 Ind:17 RMSE(val)=726.384135
[GA][Iter4] Gen:4 Ind:18 RMSE(val)=727.511397
[GA][Iter4] Gen:4 Ind:19 RMSE(val)=734.583381
[GA][Iter4] Gen:4 Ind:20 RMSE(val)=728.258744
[GA][Iter4] gen=4 best_val_rmse=723.611762
[GA][Iter4] Gen:5 Ind:1 RMSE(val)=723.611762
[GA][Iter4] Gen:5 Ind:2 RMSE(val)=723.940189
[GA][Iter4] Gen:5 Ind:3 RMSE(val)=724.278210
[GA][Iter4] Gen:5 Ind:4 RMSE(val)=724.965760
[GA][Iter4] Gen:5 Ind:5 RMSE(val)=725.601702
[GA][Iter4] Gen:5 Ind:6 RMSE(val)=725.601702
[GA][Iter4] Gen:5 Ind:7 RMSE(val)=726.384135
[GA][Iter4] Gen:5 Ind:8 RMSE(val)=727.456496
[GA][Iter4] Gen:5 Ind:9 RMSE(val)=727.511397
[GA][Iter4] Gen:5 Ind:10 RMSE(val)=728.258744
[GA][Iter4] Gen:5 Ind:11 RMSE(val)=723.940189
[GA][Iter4] Gen:5 Ind:12 RMSE(val)=727.723726
[GA][Iter4] Gen:5 Ind:13 RMSE(val)=728.258744
[GA][Iter4] Gen:5 Ind:14 RMSE(val)=731.581822
[GA][Iter4] Gen:5 Ind:15 RMSE(val)=727.724047
[GA][Iter4] Gen:5 Ind:16 RMSE(val)=728.574811
[GA][Iter4] Gen:5 Ind:17 RMSE(val)=727.473319
[GA][Iter4] Gen:5 Ind:18 RMSE(val)=728.258744
[GA][Iter4] Gen:5 Ind:19 RMSE(val)=727.894823
[GA][Iter4] Gen:5 Ind:20 RMSE(val)=723.788893
[GA][Iter4] gen=5 best_val_rmse=723.611762
[GA][Iter4] Gen:6 Ind:1 RMSE(val)=723.611762
[GA][Iter4] Gen:6 Ind:2 RMSE(val)=723.788893
[GA][Iter4] Gen:6 Ind:3 RMSE(val)=723.940189
[GA][Iter4] Gen:6 Ind:4 RMSE(val)=723.940189
[GA][Iter4] Gen:6 Ind:5 RMSE(val)=724.278210
[GA][Iter4] Gen:6 Ind:6 RMSE(val)=724.965760
[GA][Iter4] Gen:6 Ind:7 RMSE(val)=725.601702
[GA][Iter4] Gen:6 Ind:8 RMSE(val)=725.601702
[GA][Iter4] Gen:6 Ind:9 RMSE(val)=726.384135
[GA][Iter4] Gen:6 Ind:10 RMSE(val)=727.456496
[GA][Iter4] Gen:6 Ind:11 RMSE(val)=722.390185
[GA][Iter4] Gen:6 Ind:12 RMSE(val)=720.318357
[GA][Iter4] Gen:6 Ind:13 RMSE(val)=725.396689
[GA][Iter4] Gen:6 Ind:14 RMSE(val)=723.788893
[GA][Iter4] Gen:6 Ind:15 RMSE(val)=724.965760
[GA][Iter4] Gen:6 Ind:16 RMSE(val)=722.460420
[GA][Iter4] Gen:6 Ind:17 RMSE(val)=728.663424
[GA][Iter4] Gen:6 Ind:18 RMSE(val)=724.965760
[GA][Iter4] Gen:6 Ind:19 RMSE(val)=725.446215
[GA][Iter4] Gen:6 Ind:20 RMSE(val)=725.601702
[GA][Iter4] gen=6 best_val_rmse=720.318357
[GA][Iter4] Gen:7 Ind:1 RMSE(val)=720.318357
[GA][Iter4] Gen:7 Ind:2 RMSE(val)=722.390185
[GA][Iter4] Gen:7 Ind:3 RMSE(val)=722.460420
[GA][Iter4] Gen:7 Ind:4 RMSE(val)=723.611762
[GA][Iter4] Gen:7 Ind:5 RMSE(val)=723.788893
[GA][Iter4] Gen:7 Ind:6 RMSE(val)=723.788893
[GA][Iter4] Gen:7 Ind:7 RMSE(val)=723.940189
[GA][Iter4] Gen:7 Ind:8 RMSE(val)=723.940189
[GA][Iter4] Gen:7 Ind:9 RMSE(val)=724.278210
[GA][Iter4] Gen:7 Ind:10 RMSE(val)=724.965760
[GA][Iter4] Gen:7 Ind:11 RMSE(val)=723.303826
[GA][Iter4] Gen:7 Ind:12 RMSE(val)=722.353859
[GA][Iter4] Gen:7 Ind:13 RMSE(val)=725.581303
[GA][Iter4] Gen:7 Ind:14 RMSE(val)=723.853760
[GA][Iter4] Gen:7 Ind:15 RMSE(val)=754.771011
[GA][Iter4] Gen:7 Ind:16 RMSE(val)=724.759395
[GA][Iter4] Gen:7 Ind:17 RMSE(val)=725.691275
[GA][Iter4] Gen:7 Ind:18 RMSE(val)=723.940189
[GA][Iter4] Gen:7 Ind:19 RMSE(val)=723.611762
[GA][Iter4] Gen:7 Ind:20 RMSE(val)=724.965760
[GA][Iter4] gen=7 best_val_rmse=720.318357
[GA][Iter4] Gen:8 Ind:1 RMSE(val)=720.318357
[GA][Iter4] Gen:8 Ind:2 RMSE(val)=722.353859
[GA][Iter4] Gen:8 Ind:3 RMSE(val)=722.390185
[GA][Iter4] Gen:8 Ind:4 RMSE(val)=722.460420
[GA][Iter4] Gen:8 Ind:5 RMSE(val)=723.303826
[GA][Iter4] Gen:8 Ind:6 RMSE(val)=723.611762
[GA][Iter4] Gen:8 Ind:7 RMSE(val)=723.611762
[GA][Iter4] Gen:8 Ind:8 RMSE(val)=723.788893
[GA][Iter4] Gen:8 Ind:9 RMSE(val)=723.788893
[GA][Iter4] Gen:8 Ind:10 RMSE(val)=723.853760
[GA][Iter4] Gen:8 Ind:11 RMSE(val)=723.611762
[GA][Iter4] Gen:8 Ind:12 RMSE(val)=722.816305
[GA][Iter4] Gen:8 Ind:13 RMSE(val)=726.181822
[GA][Iter4] Gen:8 Ind:14 RMSE(val)=725.581303
[GA][Iter4] Gen:8 Ind:15 RMSE(val)=723.788893
[GA][Iter4] Gen:8 Ind:16 RMSE(val)=722.551458
[GA][Iter4] Gen:8 Ind:17 RMSE(val)=722.460420
[GA][Iter4] Gen:8 Ind:18 RMSE(val)=724.965760
[GA][Iter4] Gen:8 Ind:19 RMSE(val)=723.611762
[GA][Iter4] Gen:8 Ind:20 RMSE(val)=722.390185
[GA][Iter4] gen=8 best_val_rmse=720.318357
[GA][Iter4] Gen:9 Ind:1 RMSE(val)=720.318357
[GA][Iter4] Gen:9 Ind:2 RMSE(val)=722.353859
[GA][Iter4] Gen:9 Ind:3 RMSE(val)=722.390185
[GA][Iter4] Gen:9 Ind:4 RMSE(val)=722.390185
[GA][Iter4] Gen:9 Ind:5 RMSE(val)=722.460420
[GA][Iter4] Gen:9 Ind:6 RMSE(val)=722.460420
[GA][Iter4] Gen:9 Ind:7 RMSE(val)=722.551458
[GA][Iter4] Gen:9 Ind:8 RMSE(val)=722.816305
[GA][Iter4] Gen:9 Ind:9 RMSE(val)=723.303826
[GA][Iter4] Gen:9 Ind:10 RMSE(val)=723.611762
[GA][Iter4] Gen:9 Ind:11 RMSE(val)=744.008758
[GA][Iter4] Gen:9 Ind:12 RMSE(val)=720.450781
[GA][Iter4] Gen:9 Ind:13 RMSE(val)=720.450781
[GA][Iter4] Gen:9 Ind:14 RMSE(val)=730.207579
[GA][Iter4] Gen:9 Ind:15 RMSE(val)=722.460420
[GA][Iter4] Gen:9 Ind:16 RMSE(val)=720.739017
[GA][Iter4] Gen:9 Ind:17 RMSE(val)=731.896799
[GA][Iter4] Gen:9 Ind:18 RMSE(val)=725.404569
[GA][Iter4] Gen:9 Ind:19 RMSE(val)=722.390185
[GA][Iter4] Gen:9 Ind:20 RMSE(val)=722.460420
[GA][Iter4] gen=9 best_val_rmse=720.318357
[GA][Iter4] Gen:10 Ind:1 RMSE(val)=720.318357
[GA][Iter4] Gen:10 Ind:2 RMSE(val)=720.450781
[GA][Iter4] Gen:10 Ind:3 RMSE(val)=720.450781
[GA][Iter4] Gen:10 Ind:4 RMSE(val)=720.739017
[GA][Iter4] Gen:10 Ind:5 RMSE(val)=722.353859
[GA][Iter4] Gen:10 Ind:6 RMSE(val)=722.390185
[GA][Iter4] Gen:10 Ind:7 RMSE(val)=722.390185
[GA][Iter4] Gen:10 Ind:8 RMSE(val)=722.390185
[GA][Iter4] Gen:10 Ind:9 RMSE(val)=722.460420
[GA][Iter4] Gen:10 Ind:10 RMSE(val)=722.460420
[GA][Iter4] Gen:10 Ind:11 RMSE(val)=726.457144
[GA][Iter4] Gen:10 Ind:12 RMSE(val)=722.991961
[GA][Iter4] Gen:10 Ind:13 RMSE(val)=721.473432
[GA][Iter4] Gen:10 Ind:14 RMSE(val)=722.390185
[GA][Iter4] Gen:10 Ind:15 RMSE(val)=720.450781
[GA][Iter4] Gen:10 Ind:16 RMSE(val)=720.450781
[GA][Iter4] Gen:10 Ind:17 RMSE(val)=722.390185
[GA][Iter4] Gen:10 Ind:18 RMSE(val)=722.390185
[GA][Iter4] Gen:10 Ind:19 RMSE(val)=722.390185
[GA][Iter4] Gen:10 Ind:20 RMSE(val)=724.775688
[GA][Iter4] gen=10 best_val_rmse=720.318357
[GA][Iter4] Gen:11 Ind:1 RMSE(val)=720.318357
[GA][Iter4] Gen:11 Ind:2 RMSE(val)=720.450781
[GA][Iter4] Gen:11 Ind:3 RMSE(val)=720.450781
[GA][Iter4] Gen:11 Ind:4 RMSE(val)=720.450781
[GA][Iter4] Gen:11 Ind:5 RMSE(val)=720.450781
[GA][Iter4] Gen:11 Ind:6 RMSE(val)=720.739017
[GA][Iter4] Gen:11 Ind:7 RMSE(val)=721.473432
[GA][Iter4] Gen:11 Ind:8 RMSE(val)=722.353859
[GA][Iter4] Gen:11 Ind:9 RMSE(val)=722.390185
[GA][Iter4] Gen:11 Ind:10 RMSE(val)=722.390185
[GA][Iter4] Gen:11 Ind:11 RMSE(val)=720.450781
[GA][Iter4] Gen:11 Ind:12 RMSE(val)=720.739017
[GA][Iter4] Gen:11 Ind:13 RMSE(val)=720.450781
[GA][Iter4] Gen:11 Ind:14 RMSE(val)=722.390185
[GA][Iter4] Gen:11 Ind:15 RMSE(val)=723.853760
[GA][Iter4] Gen:11 Ind:16 RMSE(val)=726.165187
[GA][Iter4] Gen:11 Ind:17 RMSE(val)=721.473432
[GA][Iter4] Gen:11 Ind:18 RMSE(val)=724.661158
[GA][Iter4] Gen:11 Ind:19 RMSE(val)=722.991961
[GA][Iter4] Gen:11 Ind:20 RMSE(val)=722.132455
[GA][Iter4] gen=11 best_val_rmse=720.318357
[GA][Iter4] Gen:12 Ind:1 RMSE(val)=720.318357
[GA][Iter4] Gen:12 Ind:2 RMSE(val)=720.450781
[GA][Iter4] Gen:12 Ind:3 RMSE(val)=720.450781
[GA][Iter4] Gen:12 Ind:4 RMSE(val)=720.450781
[GA][Iter4] Gen:12 Ind:5 RMSE(val)=720.450781
[GA][Iter4] Gen:12 Ind:6 RMSE(val)=720.450781
[GA][Iter4] Gen:12 Ind:7 RMSE(val)=720.450781
[GA][Iter4] Gen:12 Ind:8 RMSE(val)=720.739017
[GA][Iter4] Gen:12 Ind:9 RMSE(val)=720.739017
[GA][Iter4] Gen:12 Ind:10 RMSE(val)=721.473432
[GA][Iter4] Gen:12 Ind:11 RMSE(val)=720.318357
[GA][Iter4] Gen:12 Ind:12 RMSE(val)=723.648062
[GA][Iter4] Gen:12 Ind:13 RMSE(val)=720.376866
[GA][Iter4] Gen:12 Ind:14 RMSE(val)=824.645504
[GA][Iter4] Gen:12 Ind:15 RMSE(val)=720.450781
[GA][Iter4] Gen:12 Ind:16 RMSE(val)=719.541317
[GA][Iter4] Gen:12 Ind:17 RMSE(val)=721.473432
[GA][Iter4] Gen:12 Ind:18 RMSE(val)=720.450781
[GA][Iter4] Gen:12 Ind:19 RMSE(val)=720.450781
[GA][Iter4] Gen:12 Ind:20 RMSE(val)=720.450781
[GA][Iter4] gen=12 best_val_rmse=719.541317
[GA][Iter4] Gen:13 Ind:1 RMSE(val)=719.541317
[GA][Iter4] Gen:13 Ind:2 RMSE(val)=720.318357
[GA][Iter4] Gen:13 Ind:3 RMSE(val)=720.318357
[GA][Iter4] Gen:13 Ind:4 RMSE(val)=720.376866
[GA][Iter4] Gen:13 Ind:5 RMSE(val)=720.450781
[GA][Iter4] Gen:13 Ind:6 RMSE(val)=720.450781
[GA][Iter4] Gen:13 Ind:7 RMSE(val)=720.450781
[GA][Iter4] Gen:13 Ind:8 RMSE(val)=720.450781
[GA][Iter4] Gen:13 Ind:9 RMSE(val)=720.450781
[GA][Iter4] Gen:13 Ind:10 RMSE(val)=720.450781
[GA][Iter4] Gen:13 Ind:11 RMSE(val)=726.807463
[GA][Iter4] Gen:13 Ind:12 RMSE(val)=720.318357
[GA][Iter4] Gen:13 Ind:13 RMSE(val)=720.762362
[GA][Iter4] Gen:13 Ind:14 RMSE(val)=720.450781
[GA][Iter4] Gen:13 Ind:15 RMSE(val)=720.450781
[GA][Iter4] Gen:13 Ind:16 RMSE(val)=719.541317
[GA][Iter4] Gen:13 Ind:17 RMSE(val)=720.450781
[GA][Iter4] Gen:13 Ind:18 RMSE(val)=719.838097
[GA][Iter4] Gen:13 Ind:19 RMSE(val)=720.450781
[GA][Iter4] Gen:13 Ind:20 RMSE(val)=720.318357
[GA][Iter4] gen=13 best_val_rmse=719.541317
[GA][Iter4] Gen:14 Ind:1 RMSE(val)=719.541317
[GA][Iter4] Gen:14 Ind:2 RMSE(val)=719.541317
[GA][Iter4] Gen:14 Ind:3 RMSE(val)=719.838097
[GA][Iter4] Gen:14 Ind:4 RMSE(val)=720.318357
[GA][Iter4] Gen:14 Ind:5 RMSE(val)=720.318357
[GA][Iter4] Gen:14 Ind:6 RMSE(val)=720.318357
[GA][Iter4] Gen:14 Ind:7 RMSE(val)=720.318357
[GA][Iter4] Gen:14 Ind:8 RMSE(val)=720.376866
[GA][Iter4] Gen:14 Ind:9 RMSE(val)=720.450781
[GA][Iter4] Gen:14 Ind:10 RMSE(val)=720.450781
[GA][Iter4] Gen:14 Ind:11 RMSE(val)=720.318357
[GA][Iter4] Gen:14 Ind:12 RMSE(val)=720.450781
[GA][Iter4] Gen:14 Ind:13 RMSE(val)=720.450781
[GA][Iter4] Gen:14 Ind:14 RMSE(val)=721.010743
[GA][Iter4] Gen:14 Ind:15 RMSE(val)=720.376866
[GA][Iter4] Gen:14 Ind:16 RMSE(val)=720.762362
[GA][Iter4] Gen:14 Ind:17 RMSE(val)=719.789783
[GA][Iter4] Gen:14 Ind:18 RMSE(val)=720.318357
[GA][Iter4] Gen:14 Ind:19 RMSE(val)=720.423488
[GA][Iter4] Gen:14 Ind:20 RMSE(val)=719.541317
[GA][Iter4] gen=14 best_val_rmse=719.541317
[GA][Iter4] Gen:15 Ind:1 RMSE(val)=719.541317
[GA][Iter4] Gen:15 Ind:2 RMSE(val)=719.541317
[GA][Iter4] Gen:15 Ind:3 RMSE(val)=719.541317
[GA][Iter4] Gen:15 Ind:4 RMSE(val)=719.789783
[GA][Iter4] Gen:15 Ind:5 RMSE(val)=719.838097
[GA][Iter4] Gen:15 Ind:6 RMSE(val)=720.318357
[GA][Iter4] Gen:15 Ind:7 RMSE(val)=720.318357
[GA][Iter4] Gen:15 Ind:8 RMSE(val)=720.318357
[GA][Iter4] Gen:15 Ind:9 RMSE(val)=720.318357
[GA][Iter4] Gen:15 Ind:10 RMSE(val)=720.318357
[GA][Iter4] Gen:15 Ind:11 RMSE(val)=723.892350
[GA][Iter4] Gen:15 Ind:12 RMSE(val)=719.541317
[GA][Iter4] Gen:15 Ind:13 RMSE(val)=719.838097
[GA][Iter4] Gen:15 Ind:14 RMSE(val)=726.148896
[GA][Iter4] Gen:15 Ind:15 RMSE(val)=720.318357
[GA][Iter4] Gen:15 Ind:16 RMSE(val)=719.569454
[GA][Iter4] Gen:15 Ind:17 RMSE(val)=720.318357
[GA][Iter4] Gen:15 Ind:18 RMSE(val)=720.450781
[GA][Iter4] Gen:15 Ind:19 RMSE(val)=719.569454
[GA][Iter4] Gen:15 Ind:20 RMSE(val)=719.541317
[GA][Iter4] gen=15 best_val_rmse=719.541317
[GA][Iter4] Gen:15 Ind:1 RMSE(val)=719.541317
[GA][Iter4] Gen:15 Ind:2 RMSE(val)=719.541317
[GA][Iter4] Gen:15 Ind:3 RMSE(val)=719.541317
[GA][Iter4] Gen:15 Ind:4 RMSE(val)=719.541317
[GA][Iter4] Gen:15 Ind:5 RMSE(val)=719.541317
[GA][Iter4] Gen:15 Ind:6 RMSE(val)=719.569454
[GA][Iter4] Gen:15 Ind:7 RMSE(val)=719.569454
[GA][Iter4] Gen:15 Ind:8 RMSE(val)=719.789783
[GA][Iter4] Gen:15 Ind:9 RMSE(val)=719.838097
[GA][Iter4] Gen:15 Ind:10 RMSE(val)=719.838097
[GA][Iter4] Gen:15 Ind:11 RMSE(val)=719.789783
[GA][Iter4] Gen:15 Ind:12 RMSE(val)=719.608305
[GA][Iter4] Gen:15 Ind:13 RMSE(val)=724.973997
[GA][Iter4] Gen:15 Ind:14 RMSE(val)=719.569454
[GA][Iter4] Gen:15 Ind:15 RMSE(val)=772.726890
[GA][Iter4] Gen:15 Ind:16 RMSE(val)=719.541317
[GA][Iter4] Gen:15 Ind:17 RMSE(val)=719.789783
[GA][Iter4] Gen:15 Ind:18 RMSE(val)=725.505382
[GA][Iter4] Gen:15 Ind:19 RMSE(val)=719.569454
[GA][Iter4] Gen:15 Ind:20 RMSE(val)=720.396193

[GA DONE][Iter4] Best params on val fold of Iter4
Best val RMSE: 719.541317
Best params: {'n_estimators': 995, 'learning_rate': 0.008990361039894073, 'max_depth': 3, 'min_samples_split': 9, 'min_samples_leaf': 8, 'subsample': 0.6508716470298038, 'max_features': None}
--------------------------------------------------------------------------------
[RETUNE GA] Iter4: train folds 1..8 -> test fold 9  RMSE=800.409385  NRMSE=0.691355  CVRMSE=0.311047  R2=0.521149
[GA][Iter5] Gen:1 Ind:1 RMSE(val)=815.336666
[GA][Iter5] Gen:1 Ind:2 RMSE(val)=883.772748
[GA][Iter5] Gen:1 Ind:3 RMSE(val)=840.771097
[GA][Iter5] Gen:1 Ind:4 RMSE(val)=888.843890
[GA][Iter5] Gen:1 Ind:5 RMSE(val)=859.591297
[GA][Iter5] Gen:1 Ind:6 RMSE(val)=798.335145
[GA][Iter5] Gen:1 Ind:7 RMSE(val)=844.266758
[GA][Iter5] Gen:1 Ind:8 RMSE(val)=940.894887
[GA][Iter5] Gen:1 Ind:9 RMSE(val)=809.814687
[GA][Iter5] Gen:1 Ind:10 RMSE(val)=822.908190
[GA][Iter5] Gen:1 Ind:11 RMSE(val)=862.226917
[GA][Iter5] Gen:1 Ind:12 RMSE(val)=808.983143
[GA][Iter5] Gen:1 Ind:13 RMSE(val)=976.218247
[GA][Iter5] Gen:1 Ind:14 RMSE(val)=808.805266
[GA][Iter5] Gen:1 Ind:15 RMSE(val)=875.764819
[GA][Iter5] Gen:1 Ind:16 RMSE(val)=860.763642
[GA][Iter5] Gen:1 Ind:17 RMSE(val)=814.505872
[GA][Iter5] Gen:1 Ind:18 RMSE(val)=824.970492
[GA][Iter5] Gen:1 Ind:19 RMSE(val)=1018.017602
[GA][Iter5] Gen:1 Ind:20 RMSE(val)=858.202583
[GA][Iter5] gen=1 best_val_rmse=798.335145
[GA][Iter5] Gen:2 Ind:1 RMSE(val)=798.335145
[GA][Iter5] Gen:2 Ind:2 RMSE(val)=808.805266
[GA][Iter5] Gen:2 Ind:3 RMSE(val)=808.983143
[GA][Iter5] Gen:2 Ind:4 RMSE(val)=809.814687
[GA][Iter5] Gen:2 Ind:5 RMSE(val)=814.505872
[GA][Iter5] Gen:2 Ind:6 RMSE(val)=815.336666
[GA][Iter5] Gen:2 Ind:7 RMSE(val)=822.908190
[GA][Iter5] Gen:2 Ind:8 RMSE(val)=824.970492
[GA][Iter5] Gen:2 Ind:9 RMSE(val)=840.771097
[GA][Iter5] Gen:2 Ind:10 RMSE(val)=844.266758
[GA][Iter5] Gen:2 Ind:11 RMSE(val)=812.126231
[GA][Iter5] Gen:2 Ind:12 RMSE(val)=826.304403
[GA][Iter5] Gen:2 Ind:13 RMSE(val)=816.728240
[GA][Iter5] Gen:2 Ind:14 RMSE(val)=805.784458
[GA][Iter5] Gen:2 Ind:15 RMSE(val)=834.305106
[GA][Iter5] Gen:2 Ind:16 RMSE(val)=874.479297
[GA][Iter5] Gen:2 Ind:17 RMSE(val)=844.266758
[GA][Iter5] Gen:2 Ind:18 RMSE(val)=826.558109
[GA][Iter5] Gen:2 Ind:19 RMSE(val)=816.047440
[GA][Iter5] Gen:2 Ind:20 RMSE(val)=807.453025
[GA][Iter5] gen=2 best_val_rmse=798.335145
[GA][Iter5] Gen:3 Ind:1 RMSE(val)=798.335145
[GA][Iter5] Gen:3 Ind:2 RMSE(val)=805.784458
[GA][Iter5] Gen:3 Ind:3 RMSE(val)=807.453025
[GA][Iter5] Gen:3 Ind:4 RMSE(val)=808.805266
[GA][Iter5] Gen:3 Ind:5 RMSE(val)=808.983143
[GA][Iter5] Gen:3 Ind:6 RMSE(val)=809.814687
[GA][Iter5] Gen:3 Ind:7 RMSE(val)=812.126231
[GA][Iter5] Gen:3 Ind:8 RMSE(val)=814.505872
[GA][Iter5] Gen:3 Ind:9 RMSE(val)=815.336666
[GA][Iter5] Gen:3 Ind:10 RMSE(val)=816.047440
[GA][Iter5] Gen:3 Ind:11 RMSE(val)=838.812323
[GA][Iter5] Gen:3 Ind:12 RMSE(val)=806.997766
[GA][Iter5] Gen:3 Ind:13 RMSE(val)=809.743600
[GA][Iter5] Gen:3 Ind:14 RMSE(val)=839.945614
[GA][Iter5] Gen:3 Ind:15 RMSE(val)=798.222300
[GA][Iter5] Gen:3 Ind:16 RMSE(val)=830.655957
[GA][Iter5] Gen:3 Ind:17 RMSE(val)=813.669161
[GA][Iter5] Gen:3 Ind:18 RMSE(val)=819.690999
[GA][Iter5] Gen:3 Ind:19 RMSE(val)=801.210943
[GA][Iter5] Gen:3 Ind:20 RMSE(val)=847.571186
[GA][Iter5] gen=3 best_val_rmse=798.222300
[GA][Iter5] Gen:4 Ind:1 RMSE(val)=798.222300
[GA][Iter5] Gen:4 Ind:2 RMSE(val)=798.335145
[GA][Iter5] Gen:4 Ind:3 RMSE(val)=801.210943
[GA][Iter5] Gen:4 Ind:4 RMSE(val)=805.784458
[GA][Iter5] Gen:4 Ind:5 RMSE(val)=806.997766
[GA][Iter5] Gen:4 Ind:6 RMSE(val)=807.453025
[GA][Iter5] Gen:4 Ind:7 RMSE(val)=808.805266
[GA][Iter5] Gen:4 Ind:8 RMSE(val)=808.983143
[GA][Iter5] Gen:4 Ind:9 RMSE(val)=809.743600
[GA][Iter5] Gen:4 Ind:10 RMSE(val)=809.814687
[GA][Iter5] Gen:4 Ind:11 RMSE(val)=845.177628
[GA][Iter5] Gen:4 Ind:12 RMSE(val)=872.697911
[GA][Iter5] Gen:4 Ind:13 RMSE(val)=828.783519
[GA][Iter5] Gen:4 Ind:14 RMSE(val)=809.685190
[GA][Iter5] Gen:4 Ind:15 RMSE(val)=799.087402
[GA][Iter5] Gen:4 Ind:16 RMSE(val)=876.811368
[GA][Iter5] Gen:4 Ind:17 RMSE(val)=809.814687
[GA][Iter5] Gen:4 Ind:18 RMSE(val)=810.044144
[GA][Iter5] Gen:4 Ind:19 RMSE(val)=805.256064
[GA][Iter5] Gen:4 Ind:20 RMSE(val)=876.911767
[GA][Iter5] gen=4 best_val_rmse=798.222300
[GA][Iter5] Gen:5 Ind:1 RMSE(val)=798.222300
[GA][Iter5] Gen:5 Ind:2 RMSE(val)=798.335145
[GA][Iter5] Gen:5 Ind:3 RMSE(val)=799.087402
[GA][Iter5] Gen:5 Ind:4 RMSE(val)=801.210943
[GA][Iter5] Gen:5 Ind:5 RMSE(val)=805.256064
[GA][Iter5] Gen:5 Ind:6 RMSE(val)=805.784458
[GA][Iter5] Gen:5 Ind:7 RMSE(val)=806.997766
[GA][Iter5] Gen:5 Ind:8 RMSE(val)=807.453025
[GA][Iter5] Gen:5 Ind:9 RMSE(val)=808.805266
[GA][Iter5] Gen:5 Ind:10 RMSE(val)=808.983143
[GA][Iter5] Gen:5 Ind:11 RMSE(val)=800.885001
[GA][Iter5] Gen:5 Ind:12 RMSE(val)=807.553595
[GA][Iter5] Gen:5 Ind:13 RMSE(val)=808.983143
[GA][Iter5] Gen:5 Ind:14 RMSE(val)=828.565337
[GA][Iter5] Gen:5 Ind:15 RMSE(val)=805.256064
[GA][Iter5] Gen:5 Ind:16 RMSE(val)=811.688618
[GA][Iter5] Gen:5 Ind:17 RMSE(val)=803.189610
[GA][Iter5] Gen:5 Ind:18 RMSE(val)=801.970608
[GA][Iter5] Gen:5 Ind:19 RMSE(val)=832.572203
[GA][Iter5] Gen:5 Ind:20 RMSE(val)=808.578737
[GA][Iter5] gen=5 best_val_rmse=798.222300
[GA][Iter5] Gen:6 Ind:1 RMSE(val)=798.222300
[GA][Iter5] Gen:6 Ind:2 RMSE(val)=798.335145
[GA][Iter5] Gen:6 Ind:3 RMSE(val)=799.087402
[GA][Iter5] Gen:6 Ind:4 RMSE(val)=800.885001
[GA][Iter5] Gen:6 Ind:5 RMSE(val)=801.210943
[GA][Iter5] Gen:6 Ind:6 RMSE(val)=801.970608
[GA][Iter5] Gen:6 Ind:7 RMSE(val)=803.189610
[GA][Iter5] Gen:6 Ind:8 RMSE(val)=805.256064
[GA][Iter5] Gen:6 Ind:9 RMSE(val)=805.256064
[GA][Iter5] Gen:6 Ind:10 RMSE(val)=805.784458
[GA][Iter5] Gen:6 Ind:11 RMSE(val)=852.218153
[GA][Iter5] Gen:6 Ind:12 RMSE(val)=847.204180
[GA][Iter5] Gen:6 Ind:13 RMSE(val)=798.222300
[GA][Iter5] Gen:6 Ind:14 RMSE(val)=800.885001
[GA][Iter5] Gen:6 Ind:15 RMSE(val)=812.233440
[GA][Iter5] Gen:6 Ind:16 RMSE(val)=819.821179
[GA][Iter5] Gen:6 Ind:17 RMSE(val)=802.754805
[GA][Iter5] Gen:6 Ind:18 RMSE(val)=842.555540
[GA][Iter5] Gen:6 Ind:19 RMSE(val)=807.949503
[GA][Iter5] Gen:6 Ind:20 RMSE(val)=803.361212
[GA][Iter5] gen=6 best_val_rmse=798.222300
[GA][Iter5] Gen:7 Ind:1 RMSE(val)=798.222300
[GA][Iter5] Gen:7 Ind:2 RMSE(val)=798.222300
[GA][Iter5] Gen:7 Ind:3 RMSE(val)=798.335145
[GA][Iter5] Gen:7 Ind:4 RMSE(val)=799.087402
[GA][Iter5] Gen:7 Ind:5 RMSE(val)=800.885001
[GA][Iter5] Gen:7 Ind:6 RMSE(val)=800.885001
[GA][Iter5] Gen:7 Ind:7 RMSE(val)=801.210943
[GA][Iter5] Gen:7 Ind:8 RMSE(val)=801.970608
[GA][Iter5] Gen:7 Ind:9 RMSE(val)=802.754805
[GA][Iter5] Gen:7 Ind:10 RMSE(val)=803.189610
[GA][Iter5] Gen:7 Ind:11 RMSE(val)=834.242134
[GA][Iter5] Gen:7 Ind:12 RMSE(val)=800.594074
[GA][Iter5] Gen:7 Ind:13 RMSE(val)=798.851424
[GA][Iter5] Gen:7 Ind:14 RMSE(val)=798.222300
[GA][Iter5] Gen:7 Ind:15 RMSE(val)=801.650247
[GA][Iter5] Gen:7 Ind:16 RMSE(val)=794.634282
[GA][Iter5] Gen:7 Ind:17 RMSE(val)=865.734644
[GA][Iter5] Gen:7 Ind:18 RMSE(val)=798.222300
[GA][Iter5] Gen:7 Ind:19 RMSE(val)=865.734644
[GA][Iter5] Gen:7 Ind:20 RMSE(val)=808.874553
[GA][Iter5] gen=7 best_val_rmse=794.634282
[GA][Iter5] Gen:8 Ind:1 RMSE(val)=794.634282
[GA][Iter5] Gen:8 Ind:2 RMSE(val)=798.222300
[GA][Iter5] Gen:8 Ind:3 RMSE(val)=798.222300
[GA][Iter5] Gen:8 Ind:4 RMSE(val)=798.222300
[GA][Iter5] Gen:8 Ind:5 RMSE(val)=798.222300
[GA][Iter5] Gen:8 Ind:6 RMSE(val)=798.335145
[GA][Iter5] Gen:8 Ind:7 RMSE(val)=798.851424
[GA][Iter5] Gen:8 Ind:8 RMSE(val)=799.087402
[GA][Iter5] Gen:8 Ind:9 RMSE(val)=800.594074
[GA][Iter5] Gen:8 Ind:10 RMSE(val)=800.885001
[GA][Iter5] Gen:8 Ind:11 RMSE(val)=800.885001
[GA][Iter5] Gen:8 Ind:12 RMSE(val)=793.931761
[GA][Iter5] Gen:8 Ind:13 RMSE(val)=798.222300
[GA][Iter5] Gen:8 Ind:14 RMSE(val)=796.772026
[GA][Iter5] Gen:8 Ind:15 RMSE(val)=800.911864
[GA][Iter5] Gen:8 Ind:16 RMSE(val)=799.087402
[GA][Iter5] Gen:8 Ind:17 RMSE(val)=798.222300
[GA][Iter5] Gen:8 Ind:18 RMSE(val)=797.209825
[GA][Iter5] Gen:8 Ind:19 RMSE(val)=798.335145
[GA][Iter5] Gen:8 Ind:20 RMSE(val)=797.209825
[GA][Iter5] gen=8 best_val_rmse=793.931761
[GA][Iter5] Gen:9 Ind:1 RMSE(val)=793.931761
[GA][Iter5] Gen:9 Ind:2 RMSE(val)=794.634282
[GA][Iter5] Gen:9 Ind:3 RMSE(val)=796.772026
[GA][Iter5] Gen:9 Ind:4 RMSE(val)=797.209825
[GA][Iter5] Gen:9 Ind:5 RMSE(val)=797.209825
[GA][Iter5] Gen:9 Ind:6 RMSE(val)=798.222300
[GA][Iter5] Gen:9 Ind:7 RMSE(val)=798.222300
[GA][Iter5] Gen:9 Ind:8 RMSE(val)=798.222300
[GA][Iter5] Gen:9 Ind:9 RMSE(val)=798.222300
[GA][Iter5] Gen:9 Ind:10 RMSE(val)=798.222300
[GA][Iter5] Gen:9 Ind:11 RMSE(val)=798.222300
[GA][Iter5] Gen:9 Ind:12 RMSE(val)=801.076999
[GA][Iter5] Gen:9 Ind:13 RMSE(val)=794.717424
[GA][Iter5] Gen:9 Ind:14 RMSE(val)=798.222300
[GA][Iter5] Gen:9 Ind:15 RMSE(val)=797.209825
[GA][Iter5] Gen:9 Ind:16 RMSE(val)=797.168579
[GA][Iter5] Gen:9 Ind:17 RMSE(val)=798.222300
[GA][Iter5] Gen:9 Ind:18 RMSE(val)=797.209825
[GA][Iter5] Gen:9 Ind:19 RMSE(val)=798.222300
[GA][Iter5] Gen:9 Ind:20 RMSE(val)=798.222300
[GA][Iter5] gen=9 best_val_rmse=793.931761
[GA][Iter5] Gen:10 Ind:1 RMSE(val)=793.931761
[GA][Iter5] Gen:10 Ind:2 RMSE(val)=794.634282
[GA][Iter5] Gen:10 Ind:3 RMSE(val)=794.717424
[GA][Iter5] Gen:10 Ind:4 RMSE(val)=796.772026
[GA][Iter5] Gen:10 Ind:5 RMSE(val)=797.168579
[GA][Iter5] Gen:10 Ind:6 RMSE(val)=797.209825
[GA][Iter5] Gen:10 Ind:7 RMSE(val)=797.209825
[GA][Iter5] Gen:10 Ind:8 RMSE(val)=797.209825
[GA][Iter5] Gen:10 Ind:9 RMSE(val)=797.209825
[GA][Iter5] Gen:10 Ind:10 RMSE(val)=798.222300
[GA][Iter5] Gen:10 Ind:11 RMSE(val)=799.723873
[GA][Iter5] Gen:10 Ind:12 RMSE(val)=797.168579
[GA][Iter5] Gen:10 Ind:13 RMSE(val)=797.209825
[GA][Iter5] Gen:10 Ind:14 RMSE(val)=798.324558
[GA][Iter5] Gen:10 Ind:15 RMSE(val)=793.471688
[GA][Iter5] Gen:10 Ind:16 RMSE(val)=793.931761
[GA][Iter5] Gen:10 Ind:17 RMSE(val)=797.168579
[GA][Iter5] Gen:10 Ind:18 RMSE(val)=797.209825
[GA][Iter5] Gen:10 Ind:19 RMSE(val)=797.209825
[GA][Iter5] Gen:10 Ind:20 RMSE(val)=797.368597
[GA][Iter5] gen=10 best_val_rmse=793.471688
[GA][Iter5] Gen:11 Ind:1 RMSE(val)=793.471688
[GA][Iter5] Gen:11 Ind:2 RMSE(val)=793.931761
[GA][Iter5] Gen:11 Ind:3 RMSE(val)=793.931761
[GA][Iter5] Gen:11 Ind:4 RMSE(val)=794.634282
[GA][Iter5] Gen:11 Ind:5 RMSE(val)=794.717424
[GA][Iter5] Gen:11 Ind:6 RMSE(val)=796.772026
[GA][Iter5] Gen:11 Ind:7 RMSE(val)=797.168579
[GA][Iter5] Gen:11 Ind:8 RMSE(val)=797.168579
[GA][Iter5] Gen:11 Ind:9 RMSE(val)=797.168579
[GA][Iter5] Gen:11 Ind:10 RMSE(val)=797.209825
[GA][Iter5] Gen:11 Ind:11 RMSE(val)=793.931761
[GA][Iter5] Gen:11 Ind:12 RMSE(val)=796.772026
[GA][Iter5] Gen:11 Ind:13 RMSE(val)=793.931761
[GA][Iter5] Gen:11 Ind:14 RMSE(val)=797.209825
[GA][Iter5] Gen:11 Ind:15 RMSE(val)=795.608978
[GA][Iter5] Gen:11 Ind:16 RMSE(val)=797.209825
[GA][Iter5] Gen:11 Ind:17 RMSE(val)=798.628188
[GA][Iter5] Gen:11 Ind:18 RMSE(val)=797.079850
[GA][Iter5] Gen:11 Ind:19 RMSE(val)=797.168579
[GA][Iter5] Gen:11 Ind:20 RMSE(val)=798.873295
[GA][Iter5] gen=11 best_val_rmse=793.471688
[GA][Iter5] Gen:12 Ind:1 RMSE(val)=793.471688
[GA][Iter5] Gen:12 Ind:2 RMSE(val)=793.931761
[GA][Iter5] Gen:12 Ind:3 RMSE(val)=793.931761
[GA][Iter5] Gen:12 Ind:4 RMSE(val)=793.931761
[GA][Iter5] Gen:12 Ind:5 RMSE(val)=793.931761
[GA][Iter5] Gen:12 Ind:6 RMSE(val)=794.634282
[GA][Iter5] Gen:12 Ind:7 RMSE(val)=794.717424
[GA][Iter5] Gen:12 Ind:8 RMSE(val)=795.608978
[GA][Iter5] Gen:12 Ind:9 RMSE(val)=796.772026
[GA][Iter5] Gen:12 Ind:10 RMSE(val)=796.772026
[GA][Iter5] Gen:12 Ind:11 RMSE(val)=794.717424
[GA][Iter5] Gen:12 Ind:12 RMSE(val)=806.515521
[GA][Iter5] Gen:12 Ind:13 RMSE(val)=793.258461
[GA][Iter5] Gen:12 Ind:14 RMSE(val)=921.297469
[GA][Iter5] Gen:12 Ind:15 RMSE(val)=793.471688
[GA][Iter5] Gen:12 Ind:16 RMSE(val)=794.100055
[GA][Iter5] Gen:12 Ind:17 RMSE(val)=793.931761
[GA][Iter5] Gen:12 Ind:18 RMSE(val)=793.471688
[GA][Iter5] Gen:12 Ind:19 RMSE(val)=795.010581
[GA][Iter5] Gen:12 Ind:20 RMSE(val)=795.010581
[GA][Iter5] gen=12 best_val_rmse=793.258461
[GA][Iter5] Gen:13 Ind:1 RMSE(val)=793.258461
[GA][Iter5] Gen:13 Ind:2 RMSE(val)=793.471688
[GA][Iter5] Gen:13 Ind:3 RMSE(val)=793.471688
[GA][Iter5] Gen:13 Ind:4 RMSE(val)=793.471688
[GA][Iter5] Gen:13 Ind:5 RMSE(val)=793.931761
[GA][Iter5] Gen:13 Ind:6 RMSE(val)=793.931761
[GA][Iter5] Gen:13 Ind:7 RMSE(val)=793.931761
[GA][Iter5] Gen:13 Ind:8 RMSE(val)=793.931761
[GA][Iter5] Gen:13 Ind:9 RMSE(val)=793.931761
[GA][Iter5] Gen:13 Ind:10 RMSE(val)=794.100055
[GA][Iter5] Gen:13 Ind:11 RMSE(val)=799.048633
[GA][Iter5] Gen:13 Ind:12 RMSE(val)=793.471688
[GA][Iter5] Gen:13 Ind:13 RMSE(val)=795.012620
[GA][Iter5] Gen:13 Ind:14 RMSE(val)=793.931761
[GA][Iter5] Gen:13 Ind:15 RMSE(val)=793.931761
[GA][Iter5] Gen:13 Ind:16 RMSE(val)=793.931761
[GA][Iter5] Gen:13 Ind:17 RMSE(val)=793.931761
[GA][Iter5] Gen:13 Ind:18 RMSE(val)=794.455796
[GA][Iter5] Gen:13 Ind:19 RMSE(val)=793.931761
[GA][Iter5] Gen:13 Ind:20 RMSE(val)=793.471688
[GA][Iter5] gen=13 best_val_rmse=793.258461
[GA][Iter5] Gen:14 Ind:1 RMSE(val)=793.258461
[GA][Iter5] Gen:14 Ind:2 RMSE(val)=793.471688
[GA][Iter5] Gen:14 Ind:3 RMSE(val)=793.471688
[GA][Iter5] Gen:14 Ind:4 RMSE(val)=793.471688
[GA][Iter5] Gen:14 Ind:5 RMSE(val)=793.471688
[GA][Iter5] Gen:14 Ind:6 RMSE(val)=793.471688
[GA][Iter5] Gen:14 Ind:7 RMSE(val)=793.931761
[GA][Iter5] Gen:14 Ind:8 RMSE(val)=793.931761
[GA][Iter5] Gen:14 Ind:9 RMSE(val)=793.931761
[GA][Iter5] Gen:14 Ind:10 RMSE(val)=793.931761
[GA][Iter5] Gen:14 Ind:11 RMSE(val)=793.471688
[GA][Iter5] Gen:14 Ind:12 RMSE(val)=793.471688
[GA][Iter5] Gen:14 Ind:13 RMSE(val)=793.471688
[GA][Iter5] Gen:14 Ind:14 RMSE(val)=793.931761
[GA][Iter5] Gen:14 Ind:15 RMSE(val)=793.931761
[GA][Iter5] Gen:14 Ind:16 RMSE(val)=793.258461
[GA][Iter5] Gen:14 Ind:17 RMSE(val)=794.021865
[GA][Iter5] Gen:14 Ind:18 RMSE(val)=793.471688
[GA][Iter5] Gen:14 Ind:19 RMSE(val)=793.931761
[GA][Iter5] Gen:14 Ind:20 RMSE(val)=793.471688
[GA][Iter5] gen=14 best_val_rmse=793.258461
[GA][Iter5] Gen:15 Ind:1 RMSE(val)=793.258461
[GA][Iter5] Gen:15 Ind:2 RMSE(val)=793.258461
[GA][Iter5] Gen:15 Ind:3 RMSE(val)=793.471688
[GA][Iter5] Gen:15 Ind:4 RMSE(val)=793.471688
[GA][Iter5] Gen:15 Ind:5 RMSE(val)=793.471688
[GA][Iter5] Gen:15 Ind:6 RMSE(val)=793.471688
[GA][Iter5] Gen:15 Ind:7 RMSE(val)=793.471688
[GA][Iter5] Gen:15 Ind:8 RMSE(val)=793.471688
[GA][Iter5] Gen:15 Ind:9 RMSE(val)=793.471688
[GA][Iter5] Gen:15 Ind:10 RMSE(val)=793.471688
[GA][Iter5] Gen:15 Ind:11 RMSE(val)=797.073106
[GA][Iter5] Gen:15 Ind:12 RMSE(val)=793.471688
[GA][Iter5] Gen:15 Ind:13 RMSE(val)=793.471688
[GA][Iter5] Gen:15 Ind:14 RMSE(val)=802.939412
[GA][Iter5] Gen:15 Ind:15 RMSE(val)=793.258461
[GA][Iter5] Gen:15 Ind:16 RMSE(val)=793.258461
[GA][Iter5] Gen:15 Ind:17 RMSE(val)=793.471688
[GA][Iter5] Gen:15 Ind:18 RMSE(val)=793.471688
[GA][Iter5] Gen:15 Ind:19 RMSE(val)=793.471688
[GA][Iter5] Gen:15 Ind:20 RMSE(val)=793.258461
[GA][Iter5] gen=15 best_val_rmse=793.258461
[GA][Iter5] Gen:15 Ind:1 RMSE(val)=793.258461
[GA][Iter5] Gen:15 Ind:2 RMSE(val)=793.258461
[GA][Iter5] Gen:15 Ind:3 RMSE(val)=793.258461
[GA][Iter5] Gen:15 Ind:4 RMSE(val)=793.258461
[GA][Iter5] Gen:15 Ind:5 RMSE(val)=793.258461
[GA][Iter5] Gen:15 Ind:6 RMSE(val)=793.471688
[GA][Iter5] Gen:15 Ind:7 RMSE(val)=793.471688
[GA][Iter5] Gen:15 Ind:8 RMSE(val)=793.471688
[GA][Iter5] Gen:15 Ind:9 RMSE(val)=793.471688
[GA][Iter5] Gen:15 Ind:10 RMSE(val)=793.471688
[GA][Iter5] Gen:15 Ind:11 RMSE(val)=793.258461
[GA][Iter5] Gen:15 Ind:12 RMSE(val)=793.902801
[GA][Iter5] Gen:15 Ind:13 RMSE(val)=796.928146
[GA][Iter5] Gen:15 Ind:14 RMSE(val)=793.258461
[GA][Iter5] Gen:15 Ind:15 RMSE(val)=867.959643
[GA][Iter5] Gen:15 Ind:16 RMSE(val)=793.471688
[GA][Iter5] Gen:15 Ind:17 RMSE(val)=793.471688
[GA][Iter5] Gen:15 Ind:18 RMSE(val)=798.937191
[GA][Iter5] Gen:15 Ind:19 RMSE(val)=793.258461
[GA][Iter5] Gen:15 Ind:20 RMSE(val)=793.411700

[GA DONE][Iter5] Best params on val fold of Iter5
Best val RMSE: 793.258461
Best params: {'n_estimators': 1014, 'learning_rate': 0.008691980935053177, 'max_depth': 2, 'min_samples_split': 22, 'min_samples_leaf': 17, 'subsample': 0.5756618863650151, 'max_features': None}
--------------------------------------------------------------------------------
[RETUNE GA] Iter5: train folds 1..9 -> test fold 10  RMSE=848.364313  NRMSE=0.612192  CVRMSE=0.280636  R2=0.624530
