=== BASELINE (project=filterlists, last-7 mean, expanding folds) ===
Iter1: train folds 1..5 -> test fold 6  RMSE=40.2658  NRMSE=1.0256  CVRMSE=0.5243  R˛=-0.0632
Iter2: train folds 1..6 -> test fold 7  RMSE=48.4089  NRMSE=1.0567  CVRMSE=0.4445  R˛=-0.1289
Iter3: train folds 1..7 -> test fold 8  RMSE=42.6465  NRMSE=1.0572  CVRMSE=0.4042  R˛=-0.1299
Iter4: train folds 1..8 -> test fold 9  RMSE=54.0967  NRMSE=1.0492  CVRMSE=0.4844  R˛=-0.1128
Iter5: train folds 1..9 -> test fold 10  RMSE=41.0037  NRMSE=1.0631  CVRMSE=0.4044  R˛=-0.1424
--------------------------------------------------
[FEATURES] initial=91 kept_after_screening=29
['workflow_event_trigger', 'issuer_name', 'gh_files_added', 'gh_is_pr', 'gh_sloc', 'gh_description_complexity', 'gh_src_files', 'gh_other_files', 'git_num_committers', 'total_jobs', 'gh_team_size_last_3_month', 'gh_num_pr_comments', 'gh_test_lines_per_kloc', 'hour', 'dow', 'month', 'secs_since_prev', 'duration_lag_1', 'duration_lag_3', 'duration_lag_4', 'duration_lag_5', 'duration_lag_6', 'window_avg_7', 'window_std_7', 'window_avg_3', 'window_std_3', 'ft___yml_', 'ft____json_', 'ft____sh_']
--------------------------------------------------------------------------------
[GA][Iter1] Gen:1 Ind:1 RMSE(val)=9.435347
[GA][Iter1] Gen:1 Ind:2 RMSE(val)=12.288157
[GA][Iter1] Gen:1 Ind:3 RMSE(val)=14.943399
[GA][Iter1] Gen:1 Ind:4 RMSE(val)=11.312572
[GA][Iter1] Gen:1 Ind:5 RMSE(val)=12.601531
[GA][Iter1] Gen:1 Ind:6 RMSE(val)=9.435484
[GA][Iter1] Gen:1 Ind:7 RMSE(val)=13.260581
[GA][Iter1] Gen:1 Ind:8 RMSE(val)=10.922417
[GA][Iter1] Gen:1 Ind:9 RMSE(val)=13.125254
[GA][Iter1] Gen:1 Ind:10 RMSE(val)=18.242350
[GA][Iter1] Gen:1 Ind:11 RMSE(val)=11.060424
[GA][Iter1] Gen:1 Ind:12 RMSE(val)=18.216546
[GA][Iter1] Gen:1 Ind:13 RMSE(val)=14.809628
[GA][Iter1] Gen:1 Ind:14 RMSE(val)=18.931150
[GA][Iter1] Gen:1 Ind:15 RMSE(val)=20.746985
[GA][Iter1] Gen:1 Ind:16 RMSE(val)=12.403180
[GA][Iter1] Gen:1 Ind:17 RMSE(val)=10.861193
[GA][Iter1] Gen:1 Ind:18 RMSE(val)=14.542401
[GA][Iter1] Gen:1 Ind:19 RMSE(val)=9.804818
[GA][Iter1] Gen:1 Ind:20 RMSE(val)=14.468424
[GA][Iter1] gen=1 best_val_rmse=9.435347
[GA][Iter1] Gen:2 Ind:1 RMSE(val)=9.435347
[GA][Iter1] Gen:2 Ind:2 RMSE(val)=9.435484
[GA][Iter1] Gen:2 Ind:3 RMSE(val)=9.804818
[GA][Iter1] Gen:2 Ind:4 RMSE(val)=10.861193
[GA][Iter1] Gen:2 Ind:5 RMSE(val)=10.922417
[GA][Iter1] Gen:2 Ind:6 RMSE(val)=11.060424
[GA][Iter1] Gen:2 Ind:7 RMSE(val)=11.312572
[GA][Iter1] Gen:2 Ind:8 RMSE(val)=12.288157
[GA][Iter1] Gen:2 Ind:9 RMSE(val)=12.403180
[GA][Iter1] Gen:2 Ind:10 RMSE(val)=12.601531
[GA][Iter1] Gen:2 Ind:11 RMSE(val)=12.289305
[GA][Iter1] Gen:2 Ind:12 RMSE(val)=10.990028
[GA][Iter1] Gen:2 Ind:13 RMSE(val)=9.746356
[GA][Iter1] Gen:2 Ind:14 RMSE(val)=9.607254
[GA][Iter1] Gen:2 Ind:15 RMSE(val)=11.705429
[GA][Iter1] Gen:2 Ind:16 RMSE(val)=10.051073
[GA][Iter1] Gen:2 Ind:17 RMSE(val)=20.890059
[GA][Iter1] Gen:2 Ind:18 RMSE(val)=9.253597
[GA][Iter1] Gen:2 Ind:19 RMSE(val)=11.721899
[GA][Iter1] Gen:2 Ind:20 RMSE(val)=10.251022
[GA][Iter1] gen=2 best_val_rmse=9.253597
[GA][Iter1] Gen:3 Ind:1 RMSE(val)=9.253597
[GA][Iter1] Gen:3 Ind:2 RMSE(val)=9.435347
[GA][Iter1] Gen:3 Ind:3 RMSE(val)=9.435484
[GA][Iter1] Gen:3 Ind:4 RMSE(val)=9.607254
[GA][Iter1] Gen:3 Ind:5 RMSE(val)=9.746356
[GA][Iter1] Gen:3 Ind:6 RMSE(val)=9.804818
[GA][Iter1] Gen:3 Ind:7 RMSE(val)=10.051073
[GA][Iter1] Gen:3 Ind:8 RMSE(val)=10.251022
[GA][Iter1] Gen:3 Ind:9 RMSE(val)=10.861193
[GA][Iter1] Gen:3 Ind:10 RMSE(val)=10.922417
[GA][Iter1] Gen:3 Ind:11 RMSE(val)=9.157274
[GA][Iter1] Gen:3 Ind:12 RMSE(val)=9.778094
[GA][Iter1] Gen:3 Ind:13 RMSE(val)=9.284042
[GA][Iter1] Gen:3 Ind:14 RMSE(val)=9.880465
[GA][Iter1] Gen:3 Ind:15 RMSE(val)=9.737581
[GA][Iter1] Gen:3 Ind:16 RMSE(val)=9.861733
[GA][Iter1] Gen:3 Ind:17 RMSE(val)=10.824785
[GA][Iter1] Gen:3 Ind:18 RMSE(val)=10.298662
[GA][Iter1] Gen:3 Ind:19 RMSE(val)=9.146088
[GA][Iter1] Gen:3 Ind:20 RMSE(val)=10.138634
[GA][Iter1] gen=3 best_val_rmse=9.146088
[GA][Iter1] Gen:4 Ind:1 RMSE(val)=9.146088
[GA][Iter1] Gen:4 Ind:2 RMSE(val)=9.157274
[GA][Iter1] Gen:4 Ind:3 RMSE(val)=9.253597
[GA][Iter1] Gen:4 Ind:4 RMSE(val)=9.284042
[GA][Iter1] Gen:4 Ind:5 RMSE(val)=9.435347
[GA][Iter1] Gen:4 Ind:6 RMSE(val)=9.435484
[GA][Iter1] Gen:4 Ind:7 RMSE(val)=9.607254
[GA][Iter1] Gen:4 Ind:8 RMSE(val)=9.737581
[GA][Iter1] Gen:4 Ind:9 RMSE(val)=9.746356
[GA][Iter1] Gen:4 Ind:10 RMSE(val)=9.778094
[GA][Iter1] Gen:4 Ind:11 RMSE(val)=9.961625
[GA][Iter1] Gen:4 Ind:12 RMSE(val)=9.370305
[GA][Iter1] Gen:4 Ind:13 RMSE(val)=9.323309
[GA][Iter1] Gen:4 Ind:14 RMSE(val)=9.708973
[GA][Iter1] Gen:4 Ind:15 RMSE(val)=9.150435
[GA][Iter1] Gen:4 Ind:16 RMSE(val)=9.084940
[GA][Iter1] Gen:4 Ind:17 RMSE(val)=9.240214
[GA][Iter1] Gen:4 Ind:18 RMSE(val)=9.516156
[GA][Iter1] Gen:4 Ind:19 RMSE(val)=10.938477
[GA][Iter1] Gen:4 Ind:20 RMSE(val)=9.470799
[GA][Iter1] gen=4 best_val_rmse=9.084940
[GA][Iter1] Gen:5 Ind:1 RMSE(val)=9.084940
[GA][Iter1] Gen:5 Ind:2 RMSE(val)=9.146088
[GA][Iter1] Gen:5 Ind:3 RMSE(val)=9.150435
[GA][Iter1] Gen:5 Ind:4 RMSE(val)=9.157274
[GA][Iter1] Gen:5 Ind:5 RMSE(val)=9.240214
[GA][Iter1] Gen:5 Ind:6 RMSE(val)=9.253597
[GA][Iter1] Gen:5 Ind:7 RMSE(val)=9.284042
[GA][Iter1] Gen:5 Ind:8 RMSE(val)=9.323309
[GA][Iter1] Gen:5 Ind:9 RMSE(val)=9.370305
[GA][Iter1] Gen:5 Ind:10 RMSE(val)=9.435347
[GA][Iter1] Gen:5 Ind:11 RMSE(val)=9.146088
[GA][Iter1] Gen:5 Ind:12 RMSE(val)=9.167856
[GA][Iter1] Gen:5 Ind:13 RMSE(val)=9.435347
[GA][Iter1] Gen:5 Ind:14 RMSE(val)=9.443874
[GA][Iter1] Gen:5 Ind:15 RMSE(val)=9.218506
[GA][Iter1] Gen:5 Ind:16 RMSE(val)=9.220026
[GA][Iter1] Gen:5 Ind:17 RMSE(val)=9.541805
[GA][Iter1] Gen:5 Ind:18 RMSE(val)=9.745655
[GA][Iter1] Gen:5 Ind:19 RMSE(val)=9.150435
[GA][Iter1] Gen:5 Ind:20 RMSE(val)=9.043285
[GA][Iter1] gen=5 best_val_rmse=9.043285
[GA][Iter1] Gen:6 Ind:1 RMSE(val)=9.043285
[GA][Iter1] Gen:6 Ind:2 RMSE(val)=9.084940
[GA][Iter1] Gen:6 Ind:3 RMSE(val)=9.146088
[GA][Iter1] Gen:6 Ind:4 RMSE(val)=9.146088
[GA][Iter1] Gen:6 Ind:5 RMSE(val)=9.150435
[GA][Iter1] Gen:6 Ind:6 RMSE(val)=9.150435
[GA][Iter1] Gen:6 Ind:7 RMSE(val)=9.157274
[GA][Iter1] Gen:6 Ind:8 RMSE(val)=9.167856
[GA][Iter1] Gen:6 Ind:9 RMSE(val)=9.218506
[GA][Iter1] Gen:6 Ind:10 RMSE(val)=9.220026
[GA][Iter1] Gen:6 Ind:11 RMSE(val)=9.139189
[GA][Iter1] Gen:6 Ind:12 RMSE(val)=11.176355
[GA][Iter1] Gen:6 Ind:13 RMSE(val)=9.176880
[GA][Iter1] Gen:6 Ind:14 RMSE(val)=9.084940
[GA][Iter1] Gen:6 Ind:15 RMSE(val)=9.084940
[GA][Iter1] Gen:6 Ind:16 RMSE(val)=9.148091
[GA][Iter1] Gen:6 Ind:17 RMSE(val)=9.220026
[GA][Iter1] Gen:6 Ind:18 RMSE(val)=9.150435
[GA][Iter1] Gen:6 Ind:19 RMSE(val)=9.071142
[GA][Iter1] Gen:6 Ind:20 RMSE(val)=9.223950
[GA][Iter1] gen=6 best_val_rmse=9.043285
[GA][Iter1] Gen:7 Ind:1 RMSE(val)=9.043285
[GA][Iter1] Gen:7 Ind:2 RMSE(val)=9.071142
[GA][Iter1] Gen:7 Ind:3 RMSE(val)=9.084940
[GA][Iter1] Gen:7 Ind:4 RMSE(val)=9.084940
[GA][Iter1] Gen:7 Ind:5 RMSE(val)=9.084940
[GA][Iter1] Gen:7 Ind:6 RMSE(val)=9.139189
[GA][Iter1] Gen:7 Ind:7 RMSE(val)=9.146088
[GA][Iter1] Gen:7 Ind:8 RMSE(val)=9.146088
[GA][Iter1] Gen:7 Ind:9 RMSE(val)=9.148091
[GA][Iter1] Gen:7 Ind:10 RMSE(val)=9.150435
[GA][Iter1] Gen:7 Ind:11 RMSE(val)=9.148091
[GA][Iter1] Gen:7 Ind:12 RMSE(val)=9.073496
[GA][Iter1] Gen:7 Ind:13 RMSE(val)=9.103661
[GA][Iter1] Gen:7 Ind:14 RMSE(val)=9.071142
[GA][Iter1] Gen:7 Ind:15 RMSE(val)=19.237858
[GA][Iter1] Gen:7 Ind:16 RMSE(val)=9.462153
[GA][Iter1] Gen:7 Ind:17 RMSE(val)=9.084940
[GA][Iter1] Gen:7 Ind:18 RMSE(val)=9.043285
[GA][Iter1] Gen:7 Ind:19 RMSE(val)=9.084940
[GA][Iter1] Gen:7 Ind:20 RMSE(val)=9.157171
[GA][Iter1] gen=7 best_val_rmse=9.043285
[GA][Iter1] Gen:8 Ind:1 RMSE(val)=9.043285
[GA][Iter1] Gen:8 Ind:2 RMSE(val)=9.043285
[GA][Iter1] Gen:8 Ind:3 RMSE(val)=9.071142
[GA][Iter1] Gen:8 Ind:4 RMSE(val)=9.071142
[GA][Iter1] Gen:8 Ind:5 RMSE(val)=9.073496
[GA][Iter1] Gen:8 Ind:6 RMSE(val)=9.084940
[GA][Iter1] Gen:8 Ind:7 RMSE(val)=9.084940
[GA][Iter1] Gen:8 Ind:8 RMSE(val)=9.084940
[GA][Iter1] Gen:8 Ind:9 RMSE(val)=9.084940
[GA][Iter1] Gen:8 Ind:10 RMSE(val)=9.084940
[GA][Iter1] Gen:8 Ind:11 RMSE(val)=9.084940
[GA][Iter1] Gen:8 Ind:12 RMSE(val)=9.067897
[GA][Iter1] Gen:8 Ind:13 RMSE(val)=9.140991
[GA][Iter1] Gen:8 Ind:14 RMSE(val)=9.087134
[GA][Iter1] Gen:8 Ind:15 RMSE(val)=9.084940
[GA][Iter1] Gen:8 Ind:16 RMSE(val)=9.073496
[GA][Iter1] Gen:8 Ind:17 RMSE(val)=9.071142
[GA][Iter1] Gen:8 Ind:18 RMSE(val)=9.145439
[GA][Iter1] Gen:8 Ind:19 RMSE(val)=9.084940
[GA][Iter1] Gen:8 Ind:20 RMSE(val)=9.022820
[GA][Iter1] gen=8 best_val_rmse=9.022820
[GA][Iter1] Gen:9 Ind:1 RMSE(val)=9.022820
[GA][Iter1] Gen:9 Ind:2 RMSE(val)=9.043285
[GA][Iter1] Gen:9 Ind:3 RMSE(val)=9.043285
[GA][Iter1] Gen:9 Ind:4 RMSE(val)=9.067897
[GA][Iter1] Gen:9 Ind:5 RMSE(val)=9.071142
[GA][Iter1] Gen:9 Ind:6 RMSE(val)=9.071142
[GA][Iter1] Gen:9 Ind:7 RMSE(val)=9.071142
[GA][Iter1] Gen:9 Ind:8 RMSE(val)=9.073496
[GA][Iter1] Gen:9 Ind:9 RMSE(val)=9.073496
[GA][Iter1] Gen:9 Ind:10 RMSE(val)=9.084940
[GA][Iter1] Gen:9 Ind:11 RMSE(val)=9.042598
[GA][Iter1] Gen:9 Ind:12 RMSE(val)=9.118107
[GA][Iter1] Gen:9 Ind:13 RMSE(val)=9.022820
[GA][Iter1] Gen:9 Ind:14 RMSE(val)=9.103661
[GA][Iter1] Gen:9 Ind:15 RMSE(val)=9.103661
[GA][Iter1] Gen:9 Ind:16 RMSE(val)=9.004452
[GA][Iter1] Gen:9 Ind:17 RMSE(val)=9.038814
[GA][Iter1] Gen:9 Ind:18 RMSE(val)=9.103661
[GA][Iter1] Gen:9 Ind:19 RMSE(val)=9.067897
[GA][Iter1] Gen:9 Ind:20 RMSE(val)=9.071142
[GA][Iter1] gen=9 best_val_rmse=9.004452
[GA][Iter1] Gen:10 Ind:1 RMSE(val)=9.004452
[GA][Iter1] Gen:10 Ind:2 RMSE(val)=9.022820
[GA][Iter1] Gen:10 Ind:3 RMSE(val)=9.022820
[GA][Iter1] Gen:10 Ind:4 RMSE(val)=9.038814
[GA][Iter1] Gen:10 Ind:5 RMSE(val)=9.042598
[GA][Iter1] Gen:10 Ind:6 RMSE(val)=9.043285
[GA][Iter1] Gen:10 Ind:7 RMSE(val)=9.043285
[GA][Iter1] Gen:10 Ind:8 RMSE(val)=9.067897
[GA][Iter1] Gen:10 Ind:9 RMSE(val)=9.067897
[GA][Iter1] Gen:10 Ind:10 RMSE(val)=9.071142
[GA][Iter1] Gen:10 Ind:11 RMSE(val)=9.037600
[GA][Iter1] Gen:10 Ind:12 RMSE(val)=9.022820
[GA][Iter1] Gen:10 Ind:13 RMSE(val)=9.103661
[GA][Iter1] Gen:10 Ind:14 RMSE(val)=9.103661
[GA][Iter1] Gen:10 Ind:15 RMSE(val)=9.022820
[GA][Iter1] Gen:10 Ind:16 RMSE(val)=9.022820
[GA][Iter1] Gen:10 Ind:17 RMSE(val)=9.016911
[GA][Iter1] Gen:10 Ind:18 RMSE(val)=9.067897
[GA][Iter1] Gen:10 Ind:19 RMSE(val)=9.067897
[GA][Iter1] Gen:10 Ind:20 RMSE(val)=9.108308
[GA][Iter1] gen=10 best_val_rmse=9.004452
[GA][Iter1] Gen:11 Ind:1 RMSE(val)=9.004452
[GA][Iter1] Gen:11 Ind:2 RMSE(val)=9.016911
[GA][Iter1] Gen:11 Ind:3 RMSE(val)=9.022820
[GA][Iter1] Gen:11 Ind:4 RMSE(val)=9.022820
[GA][Iter1] Gen:11 Ind:5 RMSE(val)=9.022820
[GA][Iter1] Gen:11 Ind:6 RMSE(val)=9.022820
[GA][Iter1] Gen:11 Ind:7 RMSE(val)=9.022820
[GA][Iter1] Gen:11 Ind:8 RMSE(val)=9.037600
[GA][Iter1] Gen:11 Ind:9 RMSE(val)=9.038814
[GA][Iter1] Gen:11 Ind:10 RMSE(val)=9.042598
[GA][Iter1] Gen:11 Ind:11 RMSE(val)=9.022820
[GA][Iter1] Gen:11 Ind:12 RMSE(val)=9.022820
[GA][Iter1] Gen:11 Ind:13 RMSE(val)=9.016911
[GA][Iter1] Gen:11 Ind:14 RMSE(val)=9.022820
[GA][Iter1] Gen:11 Ind:15 RMSE(val)=9.043285
[GA][Iter1] Gen:11 Ind:16 RMSE(val)=9.029958
[GA][Iter1] Gen:11 Ind:17 RMSE(val)=9.136091
[GA][Iter1] Gen:11 Ind:18 RMSE(val)=9.088409
[GA][Iter1] Gen:11 Ind:19 RMSE(val)=9.037600
[GA][Iter1] Gen:11 Ind:20 RMSE(val)=9.450067
[GA][Iter1] gen=11 best_val_rmse=9.004452
[GA][Iter1] Gen:12 Ind:1 RMSE(val)=9.004452
[GA][Iter1] Gen:12 Ind:2 RMSE(val)=9.016911
[GA][Iter1] Gen:12 Ind:3 RMSE(val)=9.016911
[GA][Iter1] Gen:12 Ind:4 RMSE(val)=9.022820
[GA][Iter1] Gen:12 Ind:5 RMSE(val)=9.022820
[GA][Iter1] Gen:12 Ind:6 RMSE(val)=9.022820
[GA][Iter1] Gen:12 Ind:7 RMSE(val)=9.022820
[GA][Iter1] Gen:12 Ind:8 RMSE(val)=9.022820
[GA][Iter1] Gen:12 Ind:9 RMSE(val)=9.022820
[GA][Iter1] Gen:12 Ind:10 RMSE(val)=9.022820
[GA][Iter1] Gen:12 Ind:11 RMSE(val)=9.022820
[GA][Iter1] Gen:12 Ind:12 RMSE(val)=9.029056
[GA][Iter1] Gen:12 Ind:13 RMSE(val)=9.055874
[GA][Iter1] Gen:12 Ind:14 RMSE(val)=20.893387
[GA][Iter1] Gen:12 Ind:15 RMSE(val)=8.985682
[GA][Iter1] Gen:12 Ind:16 RMSE(val)=9.022820
[GA][Iter1] Gen:12 Ind:17 RMSE(val)=9.022820
[GA][Iter1] Gen:12 Ind:18 RMSE(val)=9.016911
[GA][Iter1] Gen:12 Ind:19 RMSE(val)=9.022820
[GA][Iter1] Gen:12 Ind:20 RMSE(val)=9.022820
[GA][Iter1] gen=12 best_val_rmse=8.985682
[GA][Iter1] Gen:13 Ind:1 RMSE(val)=8.985682
[GA][Iter1] Gen:13 Ind:2 RMSE(val)=9.004452
[GA][Iter1] Gen:13 Ind:3 RMSE(val)=9.016911
[GA][Iter1] Gen:13 Ind:4 RMSE(val)=9.016911
[GA][Iter1] Gen:13 Ind:5 RMSE(val)=9.016911
[GA][Iter1] Gen:13 Ind:6 RMSE(val)=9.022820
[GA][Iter1] Gen:13 Ind:7 RMSE(val)=9.022820
[GA][Iter1] Gen:13 Ind:8 RMSE(val)=9.022820
[GA][Iter1] Gen:13 Ind:9 RMSE(val)=9.022820
[GA][Iter1] Gen:13 Ind:10 RMSE(val)=9.022820
[GA][Iter1] Gen:13 Ind:11 RMSE(val)=9.102725
[GA][Iter1] Gen:13 Ind:12 RMSE(val)=9.022820
[GA][Iter1] Gen:13 Ind:13 RMSE(val)=9.115698
[GA][Iter1] Gen:13 Ind:14 RMSE(val)=9.016911
[GA][Iter1] Gen:13 Ind:15 RMSE(val)=9.022820
[GA][Iter1] Gen:13 Ind:16 RMSE(val)=9.004452
[GA][Iter1] Gen:13 Ind:17 RMSE(val)=9.022820
[GA][Iter1] Gen:13 Ind:18 RMSE(val)=9.022414
[GA][Iter1] Gen:13 Ind:19 RMSE(val)=9.022820
[GA][Iter1] Gen:13 Ind:20 RMSE(val)=9.016911
[GA][Iter1] gen=13 best_val_rmse=8.985682
[GA][Iter1] Gen:14 Ind:1 RMSE(val)=8.985682
[GA][Iter1] Gen:14 Ind:2 RMSE(val)=9.004452
[GA][Iter1] Gen:14 Ind:3 RMSE(val)=9.004452
[GA][Iter1] Gen:14 Ind:4 RMSE(val)=9.016911
[GA][Iter1] Gen:14 Ind:5 RMSE(val)=9.016911
[GA][Iter1] Gen:14 Ind:6 RMSE(val)=9.016911
[GA][Iter1] Gen:14 Ind:7 RMSE(val)=9.016911
[GA][Iter1] Gen:14 Ind:8 RMSE(val)=9.016911
[GA][Iter1] Gen:14 Ind:9 RMSE(val)=9.022414
[GA][Iter1] Gen:14 Ind:10 RMSE(val)=9.022820
[GA][Iter1] Gen:14 Ind:11 RMSE(val)=9.016911
[GA][Iter1] Gen:14 Ind:12 RMSE(val)=9.022414
[GA][Iter1] Gen:14 Ind:13 RMSE(val)=9.022820
[GA][Iter1] Gen:14 Ind:14 RMSE(val)=9.016911
[GA][Iter1] Gen:14 Ind:15 RMSE(val)=9.022820
[GA][Iter1] Gen:14 Ind:16 RMSE(val)=9.005750
[GA][Iter1] Gen:14 Ind:17 RMSE(val)=8.982227
[GA][Iter1] Gen:14 Ind:18 RMSE(val)=9.016911
[GA][Iter1] Gen:14 Ind:19 RMSE(val)=9.004452
[GA][Iter1] Gen:14 Ind:20 RMSE(val)=9.004452
[GA][Iter1] gen=14 best_val_rmse=8.982227
[GA][Iter1] Gen:15 Ind:1 RMSE(val)=8.982227
[GA][Iter1] Gen:15 Ind:2 RMSE(val)=8.985682
[GA][Iter1] Gen:15 Ind:3 RMSE(val)=9.004452
[GA][Iter1] Gen:15 Ind:4 RMSE(val)=9.004452
[GA][Iter1] Gen:15 Ind:5 RMSE(val)=9.004452
[GA][Iter1] Gen:15 Ind:6 RMSE(val)=9.004452
[GA][Iter1] Gen:15 Ind:7 RMSE(val)=9.005750
[GA][Iter1] Gen:15 Ind:8 RMSE(val)=9.016911
[GA][Iter1] Gen:15 Ind:9 RMSE(val)=9.016911
[GA][Iter1] Gen:15 Ind:10 RMSE(val)=9.016911
[GA][Iter1] Gen:15 Ind:11 RMSE(val)=9.018762
[GA][Iter1] Gen:15 Ind:12 RMSE(val)=8.985682
[GA][Iter1] Gen:15 Ind:13 RMSE(val)=9.004452
[GA][Iter1] Gen:15 Ind:14 RMSE(val)=9.042424
[GA][Iter1] Gen:15 Ind:15 RMSE(val)=9.016911
[GA][Iter1] Gen:15 Ind:16 RMSE(val)=9.012730
[GA][Iter1] Gen:15 Ind:17 RMSE(val)=9.005750
[GA][Iter1] Gen:15 Ind:18 RMSE(val)=9.005750
[GA][Iter1] Gen:15 Ind:19 RMSE(val)=8.971117
[GA][Iter1] Gen:15 Ind:20 RMSE(val)=8.985682
[GA][Iter1] gen=15 best_val_rmse=8.971117
[GA][Iter1] Gen:15 Ind:1 RMSE(val)=8.971117
[GA][Iter1] Gen:15 Ind:2 RMSE(val)=8.982227
[GA][Iter1] Gen:15 Ind:3 RMSE(val)=8.985682
[GA][Iter1] Gen:15 Ind:4 RMSE(val)=8.985682
[GA][Iter1] Gen:15 Ind:5 RMSE(val)=8.985682
[GA][Iter1] Gen:15 Ind:6 RMSE(val)=9.004452
[GA][Iter1] Gen:15 Ind:7 RMSE(val)=9.004452
[GA][Iter1] Gen:15 Ind:8 RMSE(val)=9.004452
[GA][Iter1] Gen:15 Ind:9 RMSE(val)=9.004452
[GA][Iter1] Gen:15 Ind:10 RMSE(val)=9.004452
[GA][Iter1] Gen:15 Ind:11 RMSE(val)=9.011053
[GA][Iter1] Gen:15 Ind:12 RMSE(val)=9.017501
[GA][Iter1] Gen:15 Ind:13 RMSE(val)=9.271655
[GA][Iter1] Gen:15 Ind:14 RMSE(val)=9.004452
[GA][Iter1] Gen:15 Ind:15 RMSE(val)=19.219622
[GA][Iter1] Gen:15 Ind:16 RMSE(val)=8.985682
[GA][Iter1] Gen:15 Ind:17 RMSE(val)=9.004452
[GA][Iter1] Gen:15 Ind:18 RMSE(val)=9.082866
[GA][Iter1] Gen:15 Ind:19 RMSE(val)=9.004452
[GA][Iter1] Gen:15 Ind:20 RMSE(val)=9.128827

[GA DONE][Iter1] Best params on val fold of Iter1
Best val RMSE: 8.971117
Best params: {'n_estimators': 982, 'learning_rate': 0.007405583782241481, 'max_depth': 2, 'min_samples_split': 9, 'min_samples_leaf': 5, 'subsample': 0.9444411638666663, 'max_features': None}
--------------------------------------------------------------------------------
[RETUNE GA] Iter1: train folds 1..5 -> test fold 6  RMSE=47.012977  NRMSE=1.197425  CVRMSE=0.612097  R2=-0.449411
[GA][Iter2] Gen:1 Ind:1 RMSE(val)=53.577824
[GA][Iter2] Gen:1 Ind:2 RMSE(val)=50.520575
[GA][Iter2] Gen:1 Ind:3 RMSE(val)=43.298223
[GA][Iter2] Gen:1 Ind:4 RMSE(val)=57.077682
[GA][Iter2] Gen:1 Ind:5 RMSE(val)=43.479958
[GA][Iter2] Gen:1 Ind:6 RMSE(val)=47.845552
[GA][Iter2] Gen:1 Ind:7 RMSE(val)=46.057189
[GA][Iter2] Gen:1 Ind:8 RMSE(val)=58.881759
[GA][Iter2] Gen:1 Ind:9 RMSE(val)=42.686524
[GA][Iter2] Gen:1 Ind:10 RMSE(val)=42.623421
[GA][Iter2] Gen:1 Ind:11 RMSE(val)=44.872929
[GA][Iter2] Gen:1 Ind:12 RMSE(val)=39.120385
[GA][Iter2] Gen:1 Ind:13 RMSE(val)=46.708333
[GA][Iter2] Gen:1 Ind:14 RMSE(val)=42.100810
[GA][Iter2] Gen:1 Ind:15 RMSE(val)=53.095173
[GA][Iter2] Gen:1 Ind:16 RMSE(val)=50.393846
[GA][Iter2] Gen:1 Ind:17 RMSE(val)=44.280002
[GA][Iter2] Gen:1 Ind:18 RMSE(val)=41.155662
[GA][Iter2] Gen:1 Ind:19 RMSE(val)=54.032390
[GA][Iter2] Gen:1 Ind:20 RMSE(val)=42.896975
[GA][Iter2] gen=1 best_val_rmse=39.120385
[GA][Iter2] Gen:2 Ind:1 RMSE(val)=39.120385
[GA][Iter2] Gen:2 Ind:2 RMSE(val)=41.155662
[GA][Iter2] Gen:2 Ind:3 RMSE(val)=42.100810
[GA][Iter2] Gen:2 Ind:4 RMSE(val)=42.623421
[GA][Iter2] Gen:2 Ind:5 RMSE(val)=42.686524
[GA][Iter2] Gen:2 Ind:6 RMSE(val)=42.896975
[GA][Iter2] Gen:2 Ind:7 RMSE(val)=43.298223
[GA][Iter2] Gen:2 Ind:8 RMSE(val)=43.479958
[GA][Iter2] Gen:2 Ind:9 RMSE(val)=44.280002
[GA][Iter2] Gen:2 Ind:10 RMSE(val)=44.872929
[GA][Iter2] Gen:2 Ind:11 RMSE(val)=43.486641
[GA][Iter2] Gen:2 Ind:12 RMSE(val)=58.187433
[GA][Iter2] Gen:2 Ind:13 RMSE(val)=39.231938
[GA][Iter2] Gen:2 Ind:14 RMSE(val)=47.449649
[GA][Iter2] Gen:2 Ind:15 RMSE(val)=49.494989
[GA][Iter2] Gen:2 Ind:16 RMSE(val)=43.660414
[GA][Iter2] Gen:2 Ind:17 RMSE(val)=47.361771
[GA][Iter2] Gen:2 Ind:18 RMSE(val)=40.673473
[GA][Iter2] Gen:2 Ind:19 RMSE(val)=53.999210
[GA][Iter2] Gen:2 Ind:20 RMSE(val)=43.207309
[GA][Iter2] gen=2 best_val_rmse=39.120385
[GA][Iter2] Gen:3 Ind:1 RMSE(val)=39.120385
[GA][Iter2] Gen:3 Ind:2 RMSE(val)=39.231938
[GA][Iter2] Gen:3 Ind:3 RMSE(val)=40.673473
[GA][Iter2] Gen:3 Ind:4 RMSE(val)=41.155662
[GA][Iter2] Gen:3 Ind:5 RMSE(val)=42.100810
[GA][Iter2] Gen:3 Ind:6 RMSE(val)=42.623421
[GA][Iter2] Gen:3 Ind:7 RMSE(val)=42.686524
[GA][Iter2] Gen:3 Ind:8 RMSE(val)=42.896975
[GA][Iter2] Gen:3 Ind:9 RMSE(val)=43.207309
[GA][Iter2] Gen:3 Ind:10 RMSE(val)=43.298223
[GA][Iter2] Gen:3 Ind:11 RMSE(val)=41.881997
[GA][Iter2] Gen:3 Ind:12 RMSE(val)=39.477858
[GA][Iter2] Gen:3 Ind:13 RMSE(val)=42.799539
[GA][Iter2] Gen:3 Ind:14 RMSE(val)=39.414879
[GA][Iter2] Gen:3 Ind:15 RMSE(val)=39.231938
[GA][Iter2] Gen:3 Ind:16 RMSE(val)=40.322422
[GA][Iter2] Gen:3 Ind:17 RMSE(val)=46.004218
[GA][Iter2] Gen:3 Ind:18 RMSE(val)=40.750477
[GA][Iter2] Gen:3 Ind:19 RMSE(val)=42.300116
[GA][Iter2] Gen:3 Ind:20 RMSE(val)=45.150308
[GA][Iter2] gen=3 best_val_rmse=39.120385
[GA][Iter2] Gen:4 Ind:1 RMSE(val)=39.120385
[GA][Iter2] Gen:4 Ind:2 RMSE(val)=39.231938
[GA][Iter2] Gen:4 Ind:3 RMSE(val)=39.231938
[GA][Iter2] Gen:4 Ind:4 RMSE(val)=39.414879
[GA][Iter2] Gen:4 Ind:5 RMSE(val)=39.477858
[GA][Iter2] Gen:4 Ind:6 RMSE(val)=40.322422
[GA][Iter2] Gen:4 Ind:7 RMSE(val)=40.673473
[GA][Iter2] Gen:4 Ind:8 RMSE(val)=40.750477
[GA][Iter2] Gen:4 Ind:9 RMSE(val)=41.155662
[GA][Iter2] Gen:4 Ind:10 RMSE(val)=41.881997
[GA][Iter2] Gen:4 Ind:11 RMSE(val)=41.155662
[GA][Iter2] Gen:4 Ind:12 RMSE(val)=35.603388
[GA][Iter2] Gen:4 Ind:13 RMSE(val)=42.525690
[GA][Iter2] Gen:4 Ind:14 RMSE(val)=38.941534
[GA][Iter2] Gen:4 Ind:15 RMSE(val)=39.182248
[GA][Iter2] Gen:4 Ind:16 RMSE(val)=43.856278
[GA][Iter2] Gen:4 Ind:17 RMSE(val)=42.818168
[GA][Iter2] Gen:4 Ind:18 RMSE(val)=41.745915
[GA][Iter2] Gen:4 Ind:19 RMSE(val)=42.113454
[GA][Iter2] Gen:4 Ind:20 RMSE(val)=43.665536
[GA][Iter2] gen=4 best_val_rmse=35.603388
[GA][Iter2] Gen:5 Ind:1 RMSE(val)=35.603388
[GA][Iter2] Gen:5 Ind:2 RMSE(val)=38.941534
[GA][Iter2] Gen:5 Ind:3 RMSE(val)=39.120385
[GA][Iter2] Gen:5 Ind:4 RMSE(val)=39.182248
[GA][Iter2] Gen:5 Ind:5 RMSE(val)=39.231938
[GA][Iter2] Gen:5 Ind:6 RMSE(val)=39.231938
[GA][Iter2] Gen:5 Ind:7 RMSE(val)=39.414879
[GA][Iter2] Gen:5 Ind:8 RMSE(val)=39.477858
[GA][Iter2] Gen:5 Ind:9 RMSE(val)=40.322422
[GA][Iter2] Gen:5 Ind:10 RMSE(val)=40.673473
[GA][Iter2] Gen:5 Ind:11 RMSE(val)=48.296448
[GA][Iter2] Gen:5 Ind:12 RMSE(val)=43.981728
[GA][Iter2] Gen:5 Ind:13 RMSE(val)=40.673473
[GA][Iter2] Gen:5 Ind:14 RMSE(val)=41.810525
[GA][Iter2] Gen:5 Ind:15 RMSE(val)=39.216079
[GA][Iter2] Gen:5 Ind:16 RMSE(val)=40.322422
[GA][Iter2] Gen:5 Ind:17 RMSE(val)=40.030529
[GA][Iter2] Gen:5 Ind:18 RMSE(val)=37.123301
[GA][Iter2] Gen:5 Ind:19 RMSE(val)=43.048873
[GA][Iter2] Gen:5 Ind:20 RMSE(val)=41.990451
[GA][Iter2] gen=5 best_val_rmse=35.603388
[GA][Iter2] Gen:6 Ind:1 RMSE(val)=35.603388
[GA][Iter2] Gen:6 Ind:2 RMSE(val)=37.123301
[GA][Iter2] Gen:6 Ind:3 RMSE(val)=38.941534
[GA][Iter2] Gen:6 Ind:4 RMSE(val)=39.120385
[GA][Iter2] Gen:6 Ind:5 RMSE(val)=39.182248
[GA][Iter2] Gen:6 Ind:6 RMSE(val)=39.216079
[GA][Iter2] Gen:6 Ind:7 RMSE(val)=39.231938
[GA][Iter2] Gen:6 Ind:8 RMSE(val)=39.231938
[GA][Iter2] Gen:6 Ind:9 RMSE(val)=39.414879
[GA][Iter2] Gen:6 Ind:10 RMSE(val)=39.477858
[GA][Iter2] Gen:6 Ind:11 RMSE(val)=39.052021
[GA][Iter2] Gen:6 Ind:12 RMSE(val)=38.560050
[GA][Iter2] Gen:6 Ind:13 RMSE(val)=43.070933
[GA][Iter2] Gen:6 Ind:14 RMSE(val)=38.527014
[GA][Iter2] Gen:6 Ind:15 RMSE(val)=38.527014
[GA][Iter2] Gen:6 Ind:16 RMSE(val)=43.047752
[GA][Iter2] Gen:6 Ind:17 RMSE(val)=41.386228
[GA][Iter2] Gen:6 Ind:18 RMSE(val)=39.216079
[GA][Iter2] Gen:6 Ind:19 RMSE(val)=39.337472
[GA][Iter2] Gen:6 Ind:20 RMSE(val)=39.231938
[GA][Iter2] gen=6 best_val_rmse=35.603388
[GA][Iter2] Gen:7 Ind:1 RMSE(val)=35.603388
[GA][Iter2] Gen:7 Ind:2 RMSE(val)=37.123301
[GA][Iter2] Gen:7 Ind:3 RMSE(val)=38.527014
[GA][Iter2] Gen:7 Ind:4 RMSE(val)=38.527014
[GA][Iter2] Gen:7 Ind:5 RMSE(val)=38.560050
[GA][Iter2] Gen:7 Ind:6 RMSE(val)=38.941534
[GA][Iter2] Gen:7 Ind:7 RMSE(val)=39.052021
[GA][Iter2] Gen:7 Ind:8 RMSE(val)=39.120385
[GA][Iter2] Gen:7 Ind:9 RMSE(val)=39.182248
[GA][Iter2] Gen:7 Ind:10 RMSE(val)=39.216079
[GA][Iter2] Gen:7 Ind:11 RMSE(val)=43.502383
[GA][Iter2] Gen:7 Ind:12 RMSE(val)=38.017311
[GA][Iter2] Gen:7 Ind:13 RMSE(val)=33.552021
[GA][Iter2] Gen:7 Ind:14 RMSE(val)=33.687358
[GA][Iter2] Gen:7 Ind:15 RMSE(val)=39.120385
[GA][Iter2] Gen:7 Ind:16 RMSE(val)=35.771254
[GA][Iter2] Gen:7 Ind:17 RMSE(val)=38.527014
[GA][Iter2] Gen:7 Ind:18 RMSE(val)=36.124774
[GA][Iter2] Gen:7 Ind:19 RMSE(val)=38.527014
[GA][Iter2] Gen:7 Ind:20 RMSE(val)=39.216079
[GA][Iter2] gen=7 best_val_rmse=33.552021
[GA][Iter2] Gen:8 Ind:1 RMSE(val)=33.552021
[GA][Iter2] Gen:8 Ind:2 RMSE(val)=33.687358
[GA][Iter2] Gen:8 Ind:3 RMSE(val)=35.603388
[GA][Iter2] Gen:8 Ind:4 RMSE(val)=35.771254
[GA][Iter2] Gen:8 Ind:5 RMSE(val)=36.124774
[GA][Iter2] Gen:8 Ind:6 RMSE(val)=37.123301
[GA][Iter2] Gen:8 Ind:7 RMSE(val)=38.017311
[GA][Iter2] Gen:8 Ind:8 RMSE(val)=38.527014
[GA][Iter2] Gen:8 Ind:9 RMSE(val)=38.527014
[GA][Iter2] Gen:8 Ind:10 RMSE(val)=38.527014
[GA][Iter2] Gen:8 Ind:11 RMSE(val)=38.017311
[GA][Iter2] Gen:8 Ind:12 RMSE(val)=35.603388
[GA][Iter2] Gen:8 Ind:13 RMSE(val)=37.123301
[GA][Iter2] Gen:8 Ind:14 RMSE(val)=36.124774
[GA][Iter2] Gen:8 Ind:15 RMSE(val)=38.527014
[GA][Iter2] Gen:8 Ind:16 RMSE(val)=38.527014
[GA][Iter2] Gen:8 Ind:17 RMSE(val)=36.124774
[GA][Iter2] Gen:8 Ind:18 RMSE(val)=38.527014
[GA][Iter2] Gen:8 Ind:19 RMSE(val)=37.123301
[GA][Iter2] Gen:8 Ind:20 RMSE(val)=36.124774
[GA][Iter2] gen=8 best_val_rmse=33.552021
[GA][Iter2] Gen:9 Ind:1 RMSE(val)=33.552021
[GA][Iter2] Gen:9 Ind:2 RMSE(val)=33.687358
[GA][Iter2] Gen:9 Ind:3 RMSE(val)=35.603388
[GA][Iter2] Gen:9 Ind:4 RMSE(val)=35.603388
[GA][Iter2] Gen:9 Ind:5 RMSE(val)=35.771254
[GA][Iter2] Gen:9 Ind:6 RMSE(val)=36.124774
[GA][Iter2] Gen:9 Ind:7 RMSE(val)=36.124774
[GA][Iter2] Gen:9 Ind:8 RMSE(val)=36.124774
[GA][Iter2] Gen:9 Ind:9 RMSE(val)=36.124774
[GA][Iter2] Gen:9 Ind:10 RMSE(val)=37.123301
[GA][Iter2] Gen:9 Ind:11 RMSE(val)=36.124774
[GA][Iter2] Gen:9 Ind:12 RMSE(val)=36.124774
[GA][Iter2] Gen:9 Ind:13 RMSE(val)=35.603388
[GA][Iter2] Gen:9 Ind:14 RMSE(val)=36.124774
[GA][Iter2] Gen:9 Ind:15 RMSE(val)=35.771254
[GA][Iter2] Gen:9 Ind:16 RMSE(val)=33.623286
[GA][Iter2] Gen:9 Ind:17 RMSE(val)=36.124774
[GA][Iter2] Gen:9 Ind:18 RMSE(val)=35.771254
[GA][Iter2] Gen:9 Ind:19 RMSE(val)=35.603388
[GA][Iter2] Gen:9 Ind:20 RMSE(val)=35.771254
[GA][Iter2] gen=9 best_val_rmse=33.552021
[GA][Iter2] Gen:10 Ind:1 RMSE(val)=33.552021
[GA][Iter2] Gen:10 Ind:2 RMSE(val)=33.623286
[GA][Iter2] Gen:10 Ind:3 RMSE(val)=33.687358
[GA][Iter2] Gen:10 Ind:4 RMSE(val)=35.603388
[GA][Iter2] Gen:10 Ind:5 RMSE(val)=35.603388
[GA][Iter2] Gen:10 Ind:6 RMSE(val)=35.603388
[GA][Iter2] Gen:10 Ind:7 RMSE(val)=35.603388
[GA][Iter2] Gen:10 Ind:8 RMSE(val)=35.771254
[GA][Iter2] Gen:10 Ind:9 RMSE(val)=35.771254
[GA][Iter2] Gen:10 Ind:10 RMSE(val)=35.771254
[GA][Iter2] Gen:10 Ind:11 RMSE(val)=37.618916
[GA][Iter2] Gen:10 Ind:12 RMSE(val)=35.603388
[GA][Iter2] Gen:10 Ind:13 RMSE(val)=35.621416
[GA][Iter2] Gen:10 Ind:14 RMSE(val)=33.859572
[GA][Iter2] Gen:10 Ind:15 RMSE(val)=35.528511
[GA][Iter2] Gen:10 Ind:16 RMSE(val)=35.528511
[GA][Iter2] Gen:10 Ind:17 RMSE(val)=35.771254
[GA][Iter2] Gen:10 Ind:18 RMSE(val)=35.771254
[GA][Iter2] Gen:10 Ind:19 RMSE(val)=35.621416
[GA][Iter2] Gen:10 Ind:20 RMSE(val)=34.928261
[GA][Iter2] gen=10 best_val_rmse=33.552021
[GA][Iter2] Gen:11 Ind:1 RMSE(val)=33.552021
[GA][Iter2] Gen:11 Ind:2 RMSE(val)=33.623286
[GA][Iter2] Gen:11 Ind:3 RMSE(val)=33.687358
[GA][Iter2] Gen:11 Ind:4 RMSE(val)=33.859572
[GA][Iter2] Gen:11 Ind:5 RMSE(val)=34.928261
[GA][Iter2] Gen:11 Ind:6 RMSE(val)=35.528511
[GA][Iter2] Gen:11 Ind:7 RMSE(val)=35.528511
[GA][Iter2] Gen:11 Ind:8 RMSE(val)=35.603388
[GA][Iter2] Gen:11 Ind:9 RMSE(val)=35.603388
[GA][Iter2] Gen:11 Ind:10 RMSE(val)=35.603388
[GA][Iter2] Gen:11 Ind:11 RMSE(val)=35.603388
[GA][Iter2] Gen:11 Ind:12 RMSE(val)=35.528511
[GA][Iter2] Gen:11 Ind:13 RMSE(val)=33.623286
[GA][Iter2] Gen:11 Ind:14 RMSE(val)=35.528511
[GA][Iter2] Gen:11 Ind:15 RMSE(val)=34.928261
[GA][Iter2] Gen:11 Ind:16 RMSE(val)=33.623286
[GA][Iter2] Gen:11 Ind:17 RMSE(val)=36.082419
[GA][Iter2] Gen:11 Ind:18 RMSE(val)=36.441000
[GA][Iter2] Gen:11 Ind:19 RMSE(val)=35.603388
[GA][Iter2] Gen:11 Ind:20 RMSE(val)=36.099005
[GA][Iter2] gen=11 best_val_rmse=33.552021
[GA][Iter2] Gen:12 Ind:1 RMSE(val)=33.552021
[GA][Iter2] Gen:12 Ind:2 RMSE(val)=33.623286
[GA][Iter2] Gen:12 Ind:3 RMSE(val)=33.623286
[GA][Iter2] Gen:12 Ind:4 RMSE(val)=33.623286
[GA][Iter2] Gen:12 Ind:5 RMSE(val)=33.687358
[GA][Iter2] Gen:12 Ind:6 RMSE(val)=33.859572
[GA][Iter2] Gen:12 Ind:7 RMSE(val)=34.928261
[GA][Iter2] Gen:12 Ind:8 RMSE(val)=34.928261
[GA][Iter2] Gen:12 Ind:9 RMSE(val)=35.528511
[GA][Iter2] Gen:12 Ind:10 RMSE(val)=35.528511
[GA][Iter2] Gen:12 Ind:11 RMSE(val)=35.528511
[GA][Iter2] Gen:12 Ind:12 RMSE(val)=34.974651
[GA][Iter2] Gen:12 Ind:13 RMSE(val)=35.284415
[GA][Iter2] Gen:12 Ind:14 RMSE(val)=37.516899
[GA][Iter2] Gen:12 Ind:15 RMSE(val)=33.552021
[GA][Iter2] Gen:12 Ind:16 RMSE(val)=33.687358
[GA][Iter2] Gen:12 Ind:17 RMSE(val)=33.552021
[GA][Iter2] Gen:12 Ind:18 RMSE(val)=33.859572
[GA][Iter2] Gen:12 Ind:19 RMSE(val)=44.459559
[GA][Iter2] Gen:12 Ind:20 RMSE(val)=36.082419
[GA][Iter2] gen=12 best_val_rmse=33.552021
[GA][Iter2] Gen:13 Ind:1 RMSE(val)=33.552021
[GA][Iter2] Gen:13 Ind:2 RMSE(val)=33.552021
[GA][Iter2] Gen:13 Ind:3 RMSE(val)=33.552021
[GA][Iter2] Gen:13 Ind:4 RMSE(val)=33.623286
[GA][Iter2] Gen:13 Ind:5 RMSE(val)=33.623286
[GA][Iter2] Gen:13 Ind:6 RMSE(val)=33.623286
[GA][Iter2] Gen:13 Ind:7 RMSE(val)=33.687358
[GA][Iter2] Gen:13 Ind:8 RMSE(val)=33.687358
[GA][Iter2] Gen:13 Ind:9 RMSE(val)=33.859572
[GA][Iter2] Gen:13 Ind:10 RMSE(val)=33.859572
[GA][Iter2] Gen:13 Ind:11 RMSE(val)=33.232057
[GA][Iter2] Gen:13 Ind:12 RMSE(val)=33.552021
[GA][Iter2] Gen:13 Ind:13 RMSE(val)=37.754299
[GA][Iter2] Gen:13 Ind:14 RMSE(val)=33.805272
[GA][Iter2] Gen:13 Ind:15 RMSE(val)=33.687358
[GA][Iter2] Gen:13 Ind:16 RMSE(val)=33.552021
[GA][Iter2] Gen:13 Ind:17 RMSE(val)=33.687358
[GA][Iter2] Gen:13 Ind:18 RMSE(val)=33.671877
[GA][Iter2] Gen:13 Ind:19 RMSE(val)=33.552021
[GA][Iter2] Gen:13 Ind:20 RMSE(val)=33.552021
[GA][Iter2] gen=13 best_val_rmse=33.232057
[GA][Iter2] Gen:14 Ind:1 RMSE(val)=33.232057
[GA][Iter2] Gen:14 Ind:2 RMSE(val)=33.552021
[GA][Iter2] Gen:14 Ind:3 RMSE(val)=33.552021
[GA][Iter2] Gen:14 Ind:4 RMSE(val)=33.552021
[GA][Iter2] Gen:14 Ind:5 RMSE(val)=33.552021
[GA][Iter2] Gen:14 Ind:6 RMSE(val)=33.552021
[GA][Iter2] Gen:14 Ind:7 RMSE(val)=33.552021
[GA][Iter2] Gen:14 Ind:8 RMSE(val)=33.552021
[GA][Iter2] Gen:14 Ind:9 RMSE(val)=33.623286
[GA][Iter2] Gen:14 Ind:10 RMSE(val)=33.623286
[GA][Iter2] Gen:14 Ind:11 RMSE(val)=33.552021
[GA][Iter2] Gen:14 Ind:12 RMSE(val)=33.623286
[GA][Iter2] Gen:14 Ind:13 RMSE(val)=33.623286
[GA][Iter2] Gen:14 Ind:14 RMSE(val)=33.552021
[GA][Iter2] Gen:14 Ind:15 RMSE(val)=33.623286
[GA][Iter2] Gen:14 Ind:16 RMSE(val)=35.219332
[GA][Iter2] Gen:14 Ind:17 RMSE(val)=33.547659
[GA][Iter2] Gen:14 Ind:18 RMSE(val)=33.552021
[GA][Iter2] Gen:14 Ind:19 RMSE(val)=33.552021
[GA][Iter2] Gen:14 Ind:20 RMSE(val)=33.552021
[GA][Iter2] gen=14 best_val_rmse=33.232057
[GA][Iter2] Gen:15 Ind:1 RMSE(val)=33.232057
[GA][Iter2] Gen:15 Ind:2 RMSE(val)=33.547659
[GA][Iter2] Gen:15 Ind:3 RMSE(val)=33.552021
[GA][Iter2] Gen:15 Ind:4 RMSE(val)=33.552021
[GA][Iter2] Gen:15 Ind:5 RMSE(val)=33.552021
[GA][Iter2] Gen:15 Ind:6 RMSE(val)=33.552021
[GA][Iter2] Gen:15 Ind:7 RMSE(val)=33.552021
[GA][Iter2] Gen:15 Ind:8 RMSE(val)=33.552021
[GA][Iter2] Gen:15 Ind:9 RMSE(val)=33.552021
[GA][Iter2] Gen:15 Ind:10 RMSE(val)=33.552021
[GA][Iter2] Gen:15 Ind:11 RMSE(val)=31.115971
[GA][Iter2] Gen:15 Ind:12 RMSE(val)=33.547659
[GA][Iter2] Gen:15 Ind:13 RMSE(val)=33.552021
[GA][Iter2] Gen:15 Ind:14 RMSE(val)=32.865970
[GA][Iter2] Gen:15 Ind:15 RMSE(val)=33.861900
[GA][Iter2] Gen:15 Ind:16 RMSE(val)=33.552021
[GA][Iter2] Gen:15 Ind:17 RMSE(val)=33.552021
[GA][Iter2] Gen:15 Ind:18 RMSE(val)=33.552021
[GA][Iter2] Gen:15 Ind:19 RMSE(val)=33.552021
[GA][Iter2] Gen:15 Ind:20 RMSE(val)=33.209980
[GA][Iter2] gen=15 best_val_rmse=31.115971
[GA][Iter2] Gen:15 Ind:1 RMSE(val)=31.115971
[GA][Iter2] Gen:15 Ind:2 RMSE(val)=32.865970
[GA][Iter2] Gen:15 Ind:3 RMSE(val)=33.209980
[GA][Iter2] Gen:15 Ind:4 RMSE(val)=33.232057
[GA][Iter2] Gen:15 Ind:5 RMSE(val)=33.547659
[GA][Iter2] Gen:15 Ind:6 RMSE(val)=33.547659
[GA][Iter2] Gen:15 Ind:7 RMSE(val)=33.552021
[GA][Iter2] Gen:15 Ind:8 RMSE(val)=33.552021
[GA][Iter2] Gen:15 Ind:9 RMSE(val)=33.552021
[GA][Iter2] Gen:15 Ind:10 RMSE(val)=33.552021
[GA][Iter2] Gen:15 Ind:11 RMSE(val)=33.552021
[GA][Iter2] Gen:15 Ind:12 RMSE(val)=33.804892
[GA][Iter2] Gen:15 Ind:13 RMSE(val)=33.884382
[GA][Iter2] Gen:15 Ind:14 RMSE(val)=33.547659
[GA][Iter2] Gen:15 Ind:15 RMSE(val)=33.290671
[GA][Iter2] Gen:15 Ind:16 RMSE(val)=31.095197
[GA][Iter2] Gen:15 Ind:17 RMSE(val)=33.552021
[GA][Iter2] Gen:15 Ind:18 RMSE(val)=32.718398
[GA][Iter2] Gen:15 Ind:19 RMSE(val)=33.547659
[GA][Iter2] Gen:15 Ind:20 RMSE(val)=37.507644

[GA DONE][Iter2] Best params on val fold of Iter2
Best val RMSE: 31.095197
Best params: {'n_estimators': 874, 'learning_rate': 0.007528743718037917, 'max_depth': 4, 'min_samples_split': 20, 'min_samples_leaf': 18, 'subsample': 0.5265879858661513, 'max_features': 'sqrt'}
--------------------------------------------------------------------------------
[RETUNE GA] Iter2: train folds 1..6 -> test fold 7  RMSE=43.795849  NRMSE=0.956047  CVRMSE=0.402114  R2=0.076039
[GA][Iter3] Gen:1 Ind:1 RMSE(val)=51.022724
[GA][Iter3] Gen:1 Ind:2 RMSE(val)=49.073571
[GA][Iter3] Gen:1 Ind:3 RMSE(val)=43.587599
[GA][Iter3] Gen:1 Ind:4 RMSE(val)=51.627012
[GA][Iter3] Gen:1 Ind:5 RMSE(val)=42.589837
[GA][Iter3] Gen:1 Ind:6 RMSE(val)=45.348352
[GA][Iter3] Gen:1 Ind:7 RMSE(val)=44.601008
[GA][Iter3] Gen:1 Ind:8 RMSE(val)=51.209970
[GA][Iter3] Gen:1 Ind:9 RMSE(val)=42.115555
[GA][Iter3] Gen:1 Ind:10 RMSE(val)=41.740199
[GA][Iter3] Gen:1 Ind:11 RMSE(val)=55.354462
[GA][Iter3] Gen:1 Ind:12 RMSE(val)=41.190905
[GA][Iter3] Gen:1 Ind:13 RMSE(val)=43.879801
[GA][Iter3] Gen:1 Ind:14 RMSE(val)=42.495435
[GA][Iter3] Gen:1 Ind:15 RMSE(val)=42.297970
[GA][Iter3] Gen:1 Ind:16 RMSE(val)=47.546359
[GA][Iter3] Gen:1 Ind:17 RMSE(val)=52.639469
[GA][Iter3] Gen:1 Ind:18 RMSE(val)=42.384070
[GA][Iter3] Gen:1 Ind:19 RMSE(val)=55.400108
[GA][Iter3] Gen:1 Ind:20 RMSE(val)=48.943181
[GA][Iter3] gen=1 best_val_rmse=41.190905
[GA][Iter3] Gen:2 Ind:1 RMSE(val)=41.190905
[GA][Iter3] Gen:2 Ind:2 RMSE(val)=41.740199
[GA][Iter3] Gen:2 Ind:3 RMSE(val)=42.115555
[GA][Iter3] Gen:2 Ind:4 RMSE(val)=42.297970
[GA][Iter3] Gen:2 Ind:5 RMSE(val)=42.384070
[GA][Iter3] Gen:2 Ind:6 RMSE(val)=42.495435
[GA][Iter3] Gen:2 Ind:7 RMSE(val)=42.589837
[GA][Iter3] Gen:2 Ind:8 RMSE(val)=43.587599
[GA][Iter3] Gen:2 Ind:9 RMSE(val)=43.879801
[GA][Iter3] Gen:2 Ind:10 RMSE(val)=44.601008
[GA][Iter3] Gen:2 Ind:11 RMSE(val)=42.754099
[GA][Iter3] Gen:2 Ind:12 RMSE(val)=47.984705
[GA][Iter3] Gen:2 Ind:13 RMSE(val)=40.924603
[GA][Iter3] Gen:2 Ind:14 RMSE(val)=43.504284
[GA][Iter3] Gen:2 Ind:15 RMSE(val)=43.070809
[GA][Iter3] Gen:2 Ind:16 RMSE(val)=39.814087
[GA][Iter3] Gen:2 Ind:17 RMSE(val)=46.578173
[GA][Iter3] Gen:2 Ind:18 RMSE(val)=43.060673
[GA][Iter3] Gen:2 Ind:19 RMSE(val)=45.333756
[GA][Iter3] Gen:2 Ind:20 RMSE(val)=41.383157
[GA][Iter3] gen=2 best_val_rmse=39.814087
[GA][Iter3] Gen:3 Ind:1 RMSE(val)=39.814087
[GA][Iter3] Gen:3 Ind:2 RMSE(val)=40.924603
[GA][Iter3] Gen:3 Ind:3 RMSE(val)=41.190905
[GA][Iter3] Gen:3 Ind:4 RMSE(val)=41.383157
[GA][Iter3] Gen:3 Ind:5 RMSE(val)=41.740199
[GA][Iter3] Gen:3 Ind:6 RMSE(val)=42.115555
[GA][Iter3] Gen:3 Ind:7 RMSE(val)=42.297970
[GA][Iter3] Gen:3 Ind:8 RMSE(val)=42.384070
[GA][Iter3] Gen:3 Ind:9 RMSE(val)=42.495435
[GA][Iter3] Gen:3 Ind:10 RMSE(val)=42.589837
[GA][Iter3] Gen:3 Ind:11 RMSE(val)=41.498666
[GA][Iter3] Gen:3 Ind:12 RMSE(val)=43.878691
[GA][Iter3] Gen:3 Ind:13 RMSE(val)=41.350382
[GA][Iter3] Gen:3 Ind:14 RMSE(val)=45.642331
[GA][Iter3] Gen:3 Ind:15 RMSE(val)=39.312862
[GA][Iter3] Gen:3 Ind:16 RMSE(val)=50.138017
[GA][Iter3] Gen:3 Ind:17 RMSE(val)=41.356539
[GA][Iter3] Gen:3 Ind:18 RMSE(val)=40.850201
[GA][Iter3] Gen:3 Ind:19 RMSE(val)=42.621259
[GA][Iter3] Gen:3 Ind:20 RMSE(val)=44.123359
[GA][Iter3] gen=3 best_val_rmse=39.312862
[GA][Iter3] Gen:4 Ind:1 RMSE(val)=39.312862
[GA][Iter3] Gen:4 Ind:2 RMSE(val)=39.814087
[GA][Iter3] Gen:4 Ind:3 RMSE(val)=40.850201
[GA][Iter3] Gen:4 Ind:4 RMSE(val)=40.924603
[GA][Iter3] Gen:4 Ind:5 RMSE(val)=41.190905
[GA][Iter3] Gen:4 Ind:6 RMSE(val)=41.350382
[GA][Iter3] Gen:4 Ind:7 RMSE(val)=41.356539
[GA][Iter3] Gen:4 Ind:8 RMSE(val)=41.383157
[GA][Iter3] Gen:4 Ind:9 RMSE(val)=41.498666
[GA][Iter3] Gen:4 Ind:10 RMSE(val)=41.740199
[GA][Iter3] Gen:4 Ind:11 RMSE(val)=41.763800
[GA][Iter3] Gen:4 Ind:12 RMSE(val)=39.817362
[GA][Iter3] Gen:4 Ind:13 RMSE(val)=41.896489
[GA][Iter3] Gen:4 Ind:14 RMSE(val)=41.190905
[GA][Iter3] Gen:4 Ind:15 RMSE(val)=39.318515
[GA][Iter3] Gen:4 Ind:16 RMSE(val)=43.117472
[GA][Iter3] Gen:4 Ind:17 RMSE(val)=41.694663
[GA][Iter3] Gen:4 Ind:18 RMSE(val)=43.011041
[GA][Iter3] Gen:4 Ind:19 RMSE(val)=39.473385
[GA][Iter3] Gen:4 Ind:20 RMSE(val)=41.190905
[GA][Iter3] gen=4 best_val_rmse=39.312862
[GA][Iter3] Gen:5 Ind:1 RMSE(val)=39.312862
[GA][Iter3] Gen:5 Ind:2 RMSE(val)=39.318515
[GA][Iter3] Gen:5 Ind:3 RMSE(val)=39.473385
[GA][Iter3] Gen:5 Ind:4 RMSE(val)=39.814087
[GA][Iter3] Gen:5 Ind:5 RMSE(val)=39.817362
[GA][Iter3] Gen:5 Ind:6 RMSE(val)=40.850201
[GA][Iter3] Gen:5 Ind:7 RMSE(val)=40.924603
[GA][Iter3] Gen:5 Ind:8 RMSE(val)=41.190905
[GA][Iter3] Gen:5 Ind:9 RMSE(val)=41.190905
[GA][Iter3] Gen:5 Ind:10 RMSE(val)=41.190905
[GA][Iter3] Gen:5 Ind:11 RMSE(val)=45.074986
[GA][Iter3] Gen:5 Ind:12 RMSE(val)=41.350382
[GA][Iter3] Gen:5 Ind:13 RMSE(val)=41.190905
[GA][Iter3] Gen:5 Ind:14 RMSE(val)=39.845331
[GA][Iter3] Gen:5 Ind:15 RMSE(val)=39.845331
[GA][Iter3] Gen:5 Ind:16 RMSE(val)=41.190905
[GA][Iter3] Gen:5 Ind:17 RMSE(val)=41.143387
[GA][Iter3] Gen:5 Ind:18 RMSE(val)=39.814087
[GA][Iter3] Gen:5 Ind:19 RMSE(val)=39.550862
[GA][Iter3] Gen:5 Ind:20 RMSE(val)=40.459483
[GA][Iter3] gen=5 best_val_rmse=39.312862
[GA][Iter3] Gen:6 Ind:1 RMSE(val)=39.312862
[GA][Iter3] Gen:6 Ind:2 RMSE(val)=39.318515
[GA][Iter3] Gen:6 Ind:3 RMSE(val)=39.473385
[GA][Iter3] Gen:6 Ind:4 RMSE(val)=39.550862
[GA][Iter3] Gen:6 Ind:5 RMSE(val)=39.814087
[GA][Iter3] Gen:6 Ind:6 RMSE(val)=39.814087
[GA][Iter3] Gen:6 Ind:7 RMSE(val)=39.817362
[GA][Iter3] Gen:6 Ind:8 RMSE(val)=39.845331
[GA][Iter3] Gen:6 Ind:9 RMSE(val)=39.845331
[GA][Iter3] Gen:6 Ind:10 RMSE(val)=40.459483
[GA][Iter3] Gen:6 Ind:11 RMSE(val)=39.626854
[GA][Iter3] Gen:6 Ind:12 RMSE(val)=40.034023
[GA][Iter3] Gen:6 Ind:13 RMSE(val)=39.819904
[GA][Iter3] Gen:6 Ind:14 RMSE(val)=39.561032
[GA][Iter3] Gen:6 Ind:15 RMSE(val)=39.318515
[GA][Iter3] Gen:6 Ind:16 RMSE(val)=41.022666
[GA][Iter3] Gen:6 Ind:17 RMSE(val)=40.459483
[GA][Iter3] Gen:6 Ind:18 RMSE(val)=39.814087
[GA][Iter3] Gen:6 Ind:19 RMSE(val)=39.819904
[GA][Iter3] Gen:6 Ind:20 RMSE(val)=39.845331
[GA][Iter3] gen=6 best_val_rmse=39.312862
[GA][Iter3] Gen:7 Ind:1 RMSE(val)=39.312862
[GA][Iter3] Gen:7 Ind:2 RMSE(val)=39.318515
[GA][Iter3] Gen:7 Ind:3 RMSE(val)=39.318515
[GA][Iter3] Gen:7 Ind:4 RMSE(val)=39.473385
[GA][Iter3] Gen:7 Ind:5 RMSE(val)=39.550862
[GA][Iter3] Gen:7 Ind:6 RMSE(val)=39.561032
[GA][Iter3] Gen:7 Ind:7 RMSE(val)=39.626854
[GA][Iter3] Gen:7 Ind:8 RMSE(val)=39.814087
[GA][Iter3] Gen:7 Ind:9 RMSE(val)=39.814087
[GA][Iter3] Gen:7 Ind:10 RMSE(val)=39.814087
[GA][Iter3] Gen:7 Ind:11 RMSE(val)=39.814087
[GA][Iter3] Gen:7 Ind:12 RMSE(val)=40.239980
[GA][Iter3] Gen:7 Ind:13 RMSE(val)=39.602662
[GA][Iter3] Gen:7 Ind:14 RMSE(val)=39.312862
[GA][Iter3] Gen:7 Ind:15 RMSE(val)=41.315034
[GA][Iter3] Gen:7 Ind:16 RMSE(val)=41.650157
[GA][Iter3] Gen:7 Ind:17 RMSE(val)=39.473385
[GA][Iter3] Gen:7 Ind:18 RMSE(val)=39.312862
[GA][Iter3] Gen:7 Ind:19 RMSE(val)=39.473385
[GA][Iter3] Gen:7 Ind:20 RMSE(val)=39.814087
[GA][Iter3] gen=7 best_val_rmse=39.312862
[GA][Iter3] Gen:8 Ind:1 RMSE(val)=39.312862
[GA][Iter3] Gen:8 Ind:2 RMSE(val)=39.312862
[GA][Iter3] Gen:8 Ind:3 RMSE(val)=39.312862
[GA][Iter3] Gen:8 Ind:4 RMSE(val)=39.318515
[GA][Iter3] Gen:8 Ind:5 RMSE(val)=39.318515
[GA][Iter3] Gen:8 Ind:6 RMSE(val)=39.473385
[GA][Iter3] Gen:8 Ind:7 RMSE(val)=39.473385
[GA][Iter3] Gen:8 Ind:8 RMSE(val)=39.473385
[GA][Iter3] Gen:8 Ind:9 RMSE(val)=39.550862
[GA][Iter3] Gen:8 Ind:10 RMSE(val)=39.561032
[GA][Iter3] Gen:8 Ind:11 RMSE(val)=39.473385
[GA][Iter3] Gen:8 Ind:12 RMSE(val)=39.312862
[GA][Iter3] Gen:8 Ind:13 RMSE(val)=39.819904
[GA][Iter3] Gen:8 Ind:14 RMSE(val)=39.610477
[GA][Iter3] Gen:8 Ind:15 RMSE(val)=39.473385
[GA][Iter3] Gen:8 Ind:16 RMSE(val)=39.552695
[GA][Iter3] Gen:8 Ind:17 RMSE(val)=39.318515
[GA][Iter3] Gen:8 Ind:18 RMSE(val)=39.550862
[GA][Iter3] Gen:8 Ind:19 RMSE(val)=39.473385
[GA][Iter3] Gen:8 Ind:20 RMSE(val)=39.303220
[GA][Iter3] gen=8 best_val_rmse=39.303220
[GA][Iter3] Gen:9 Ind:1 RMSE(val)=39.303220
[GA][Iter3] Gen:9 Ind:2 RMSE(val)=39.312862
[GA][Iter3] Gen:9 Ind:3 RMSE(val)=39.312862
[GA][Iter3] Gen:9 Ind:4 RMSE(val)=39.312862
[GA][Iter3] Gen:9 Ind:5 RMSE(val)=39.312862
[GA][Iter3] Gen:9 Ind:6 RMSE(val)=39.318515
[GA][Iter3] Gen:9 Ind:7 RMSE(val)=39.318515
[GA][Iter3] Gen:9 Ind:8 RMSE(val)=39.318515
[GA][Iter3] Gen:9 Ind:9 RMSE(val)=39.473385
[GA][Iter3] Gen:9 Ind:10 RMSE(val)=39.473385
[GA][Iter3] Gen:9 Ind:11 RMSE(val)=39.303220
[GA][Iter3] Gen:9 Ind:12 RMSE(val)=39.318515
[GA][Iter3] Gen:9 Ind:13 RMSE(val)=39.303220
[GA][Iter3] Gen:9 Ind:14 RMSE(val)=39.659210
[GA][Iter3] Gen:9 Ind:15 RMSE(val)=39.312862
[GA][Iter3] Gen:9 Ind:16 RMSE(val)=39.322764
[GA][Iter3] Gen:9 Ind:17 RMSE(val)=39.318515
[GA][Iter3] Gen:9 Ind:18 RMSE(val)=39.719727
[GA][Iter3] Gen:9 Ind:19 RMSE(val)=39.318515
[GA][Iter3] Gen:9 Ind:20 RMSE(val)=39.318515
[GA][Iter3] gen=9 best_val_rmse=39.303220
[GA][Iter3] Gen:10 Ind:1 RMSE(val)=39.303220
[GA][Iter3] Gen:10 Ind:2 RMSE(val)=39.303220
[GA][Iter3] Gen:10 Ind:3 RMSE(val)=39.303220
[GA][Iter3] Gen:10 Ind:4 RMSE(val)=39.312862
[GA][Iter3] Gen:10 Ind:5 RMSE(val)=39.312862
[GA][Iter3] Gen:10 Ind:6 RMSE(val)=39.312862
[GA][Iter3] Gen:10 Ind:7 RMSE(val)=39.312862
[GA][Iter3] Gen:10 Ind:8 RMSE(val)=39.312862
[GA][Iter3] Gen:10 Ind:9 RMSE(val)=39.318515
[GA][Iter3] Gen:10 Ind:10 RMSE(val)=39.318515
[GA][Iter3] Gen:10 Ind:11 RMSE(val)=39.646974
[GA][Iter3] Gen:10 Ind:12 RMSE(val)=39.312862
[GA][Iter3] Gen:10 Ind:13 RMSE(val)=39.318515
[GA][Iter3] Gen:10 Ind:14 RMSE(val)=39.312862
[GA][Iter3] Gen:10 Ind:15 RMSE(val)=39.303220
[GA][Iter3] Gen:10 Ind:16 RMSE(val)=39.303220
[GA][Iter3] Gen:10 Ind:17 RMSE(val)=39.312862
[GA][Iter3] Gen:10 Ind:18 RMSE(val)=39.312862
[GA][Iter3] Gen:10 Ind:19 RMSE(val)=39.312862
[GA][Iter3] Gen:10 Ind:20 RMSE(val)=39.314759
[GA][Iter3] gen=10 best_val_rmse=39.303220
[GA][Iter3] Gen:11 Ind:1 RMSE(val)=39.303220
[GA][Iter3] Gen:11 Ind:2 RMSE(val)=39.303220
[GA][Iter3] Gen:11 Ind:3 RMSE(val)=39.303220
[GA][Iter3] Gen:11 Ind:4 RMSE(val)=39.303220
[GA][Iter3] Gen:11 Ind:5 RMSE(val)=39.303220
[GA][Iter3] Gen:11 Ind:6 RMSE(val)=39.312862
[GA][Iter3] Gen:11 Ind:7 RMSE(val)=39.312862
[GA][Iter3] Gen:11 Ind:8 RMSE(val)=39.312862
[GA][Iter3] Gen:11 Ind:9 RMSE(val)=39.312862
[GA][Iter3] Gen:11 Ind:10 RMSE(val)=39.312862
[GA][Iter3] Gen:11 Ind:11 RMSE(val)=39.312862
[GA][Iter3] Gen:11 Ind:12 RMSE(val)=39.312862
[GA][Iter3] Gen:11 Ind:13 RMSE(val)=39.303220
[GA][Iter3] Gen:11 Ind:14 RMSE(val)=39.303220
[GA][Iter3] Gen:11 Ind:15 RMSE(val)=39.312862
[GA][Iter3] Gen:11 Ind:16 RMSE(val)=39.303220
[GA][Iter3] Gen:11 Ind:17 RMSE(val)=39.312862
[GA][Iter3] Gen:11 Ind:18 RMSE(val)=39.330451
[GA][Iter3] Gen:11 Ind:19 RMSE(val)=39.312862
[GA][Iter3] Gen:11 Ind:20 RMSE(val)=40.399801
[GA][Iter3] gen=11 best_val_rmse=39.303220
[GA][Iter3] Gen:12 Ind:1 RMSE(val)=39.303220
[GA][Iter3] Gen:12 Ind:2 RMSE(val)=39.303220
[GA][Iter3] Gen:12 Ind:3 RMSE(val)=39.303220
[GA][Iter3] Gen:12 Ind:4 RMSE(val)=39.303220
[GA][Iter3] Gen:12 Ind:5 RMSE(val)=39.303220
[GA][Iter3] Gen:12 Ind:6 RMSE(val)=39.303220
[GA][Iter3] Gen:12 Ind:7 RMSE(val)=39.303220
[GA][Iter3] Gen:12 Ind:8 RMSE(val)=39.303220
[GA][Iter3] Gen:12 Ind:9 RMSE(val)=39.312862
[GA][Iter3] Gen:12 Ind:10 RMSE(val)=39.312862
[GA][Iter3] Gen:12 Ind:11 RMSE(val)=39.303220
[GA][Iter3] Gen:12 Ind:12 RMSE(val)=40.056761
[GA][Iter3] Gen:12 Ind:13 RMSE(val)=39.554698
[GA][Iter3] Gen:12 Ind:14 RMSE(val)=39.303220
[GA][Iter3] Gen:12 Ind:15 RMSE(val)=39.303220
[GA][Iter3] Gen:12 Ind:16 RMSE(val)=39.303220
[GA][Iter3] Gen:12 Ind:17 RMSE(val)=39.303220
[GA][Iter3] Gen:12 Ind:18 RMSE(val)=39.303220
[GA][Iter3] Gen:12 Ind:19 RMSE(val)=44.760260
[GA][Iter3] Gen:12 Ind:20 RMSE(val)=39.303220
[GA][Iter3] gen=12 best_val_rmse=39.303220
[GA][Iter3] Gen:13 Ind:1 RMSE(val)=39.303220
[GA][Iter3] Gen:13 Ind:2 RMSE(val)=39.303220
[GA][Iter3] Gen:13 Ind:3 RMSE(val)=39.303220
[GA][Iter3] Gen:13 Ind:4 RMSE(val)=39.303220
[GA][Iter3] Gen:13 Ind:5 RMSE(val)=39.303220
[GA][Iter3] Gen:13 Ind:6 RMSE(val)=39.303220
[GA][Iter3] Gen:13 Ind:7 RMSE(val)=39.303220
[GA][Iter3] Gen:13 Ind:8 RMSE(val)=39.303220
[GA][Iter3] Gen:13 Ind:9 RMSE(val)=39.303220
[GA][Iter3] Gen:13 Ind:10 RMSE(val)=39.303220
[GA][Iter3] Gen:13 Ind:11 RMSE(val)=40.249686
[GA][Iter3] Gen:13 Ind:12 RMSE(val)=39.303220
[GA][Iter3] Gen:13 Ind:13 RMSE(val)=40.123619
[GA][Iter3] Gen:13 Ind:14 RMSE(val)=39.303220
[GA][Iter3] Gen:13 Ind:15 RMSE(val)=39.303220
[GA][Iter3] Gen:13 Ind:16 RMSE(val)=39.303220
[GA][Iter3] Gen:13 Ind:17 RMSE(val)=39.303220
[GA][Iter3] Gen:13 Ind:18 RMSE(val)=39.330898
[GA][Iter3] Gen:13 Ind:19 RMSE(val)=39.303220
[GA][Iter3] Gen:13 Ind:20 RMSE(val)=39.303220
[GA][Iter3] gen=13 best_val_rmse=39.303220
[GA][Iter3] Gen:14 Ind:1 RMSE(val)=39.303220
[GA][Iter3] Gen:14 Ind:2 RMSE(val)=39.303220
[GA][Iter3] Gen:14 Ind:3 RMSE(val)=39.303220
[GA][Iter3] Gen:14 Ind:4 RMSE(val)=39.303220
[GA][Iter3] Gen:14 Ind:5 RMSE(val)=39.303220
[GA][Iter3] Gen:14 Ind:6 RMSE(val)=39.303220
[GA][Iter3] Gen:14 Ind:7 RMSE(val)=39.303220
[GA][Iter3] Gen:14 Ind:8 RMSE(val)=39.303220
[GA][Iter3] Gen:14 Ind:9 RMSE(val)=39.303220
[GA][Iter3] Gen:14 Ind:10 RMSE(val)=39.303220
[GA][Iter3] Gen:14 Ind:11 RMSE(val)=39.303220
[GA][Iter3] Gen:14 Ind:12 RMSE(val)=39.303220
[GA][Iter3] Gen:14 Ind:13 RMSE(val)=39.303220
[GA][Iter3] Gen:14 Ind:14 RMSE(val)=39.303220
[GA][Iter3] Gen:14 Ind:15 RMSE(val)=39.303220
[GA][Iter3] Gen:14 Ind:16 RMSE(val)=39.554698
[GA][Iter3] Gen:14 Ind:17 RMSE(val)=39.315683
[GA][Iter3] Gen:14 Ind:18 RMSE(val)=39.303220
[GA][Iter3] Gen:14 Ind:19 RMSE(val)=39.303220
[GA][Iter3] Gen:14 Ind:20 RMSE(val)=39.303220
[GA][Iter3] gen=14 best_val_rmse=39.303220
[GA][Iter3] Gen:15 Ind:1 RMSE(val)=39.303220
[GA][Iter3] Gen:15 Ind:2 RMSE(val)=39.303220
[GA][Iter3] Gen:15 Ind:3 RMSE(val)=39.303220
[GA][Iter3] Gen:15 Ind:4 RMSE(val)=39.303220
[GA][Iter3] Gen:15 Ind:5 RMSE(val)=39.303220
[GA][Iter3] Gen:15 Ind:6 RMSE(val)=39.303220
[GA][Iter3] Gen:15 Ind:7 RMSE(val)=39.303220
[GA][Iter3] Gen:15 Ind:8 RMSE(val)=39.303220
[GA][Iter3] Gen:15 Ind:9 RMSE(val)=39.303220
[GA][Iter3] Gen:15 Ind:10 RMSE(val)=39.303220
[GA][Iter3] Gen:15 Ind:11 RMSE(val)=40.959417
[GA][Iter3] Gen:15 Ind:12 RMSE(val)=39.303220
[GA][Iter3] Gen:15 Ind:13 RMSE(val)=39.303220
[GA][Iter3] Gen:15 Ind:14 RMSE(val)=40.565695
[GA][Iter3] Gen:15 Ind:15 RMSE(val)=39.303220
[GA][Iter3] Gen:15 Ind:16 RMSE(val)=39.303220
[GA][Iter3] Gen:15 Ind:17 RMSE(val)=39.303220
[GA][Iter3] Gen:15 Ind:18 RMSE(val)=39.303220
[GA][Iter3] Gen:15 Ind:19 RMSE(val)=39.303220
[GA][Iter3] Gen:15 Ind:20 RMSE(val)=39.303220
[GA][Iter3] gen=15 best_val_rmse=39.303220
[GA][Iter3] Gen:15 Ind:1 RMSE(val)=39.303220
[GA][Iter3] Gen:15 Ind:2 RMSE(val)=39.303220
[GA][Iter3] Gen:15 Ind:3 RMSE(val)=39.303220
[GA][Iter3] Gen:15 Ind:4 RMSE(val)=39.303220
[GA][Iter3] Gen:15 Ind:5 RMSE(val)=39.303220
[GA][Iter3] Gen:15 Ind:6 RMSE(val)=39.303220
[GA][Iter3] Gen:15 Ind:7 RMSE(val)=39.303220
[GA][Iter3] Gen:15 Ind:8 RMSE(val)=39.303220
[GA][Iter3] Gen:15 Ind:9 RMSE(val)=39.303220
[GA][Iter3] Gen:15 Ind:10 RMSE(val)=39.303220
[GA][Iter3] Gen:15 Ind:11 RMSE(val)=39.303220
[GA][Iter3] Gen:15 Ind:12 RMSE(val)=39.354541
[GA][Iter3] Gen:15 Ind:13 RMSE(val)=39.209518
[GA][Iter3] Gen:15 Ind:14 RMSE(val)=39.303220
[GA][Iter3] Gen:15 Ind:15 RMSE(val)=41.091379
[GA][Iter3] Gen:15 Ind:16 RMSE(val)=39.303220
[GA][Iter3] Gen:15 Ind:17 RMSE(val)=39.303220
[GA][Iter3] Gen:15 Ind:18 RMSE(val)=40.156587
[GA][Iter3] Gen:15 Ind:19 RMSE(val)=39.303220
[GA][Iter3] Gen:15 Ind:20 RMSE(val)=40.123619

[GA DONE][Iter3] Best params on val fold of Iter3
Best val RMSE: 39.209518
Best params: {'n_estimators': 942, 'learning_rate': 0.04675235187995231, 'max_depth': 4, 'min_samples_split': 22, 'min_samples_leaf': 18, 'subsample': 0.6829025452078539, 'max_features': 'log2'}
--------------------------------------------------------------------------------
[RETUNE GA] Iter3: train folds 1..7 -> test fold 8  RMSE=31.650965  NRMSE=0.784652  CVRMSE=0.299963  R2=0.377630
[GA][Iter4] Gen:1 Ind:1 RMSE(val)=28.856958
[GA][Iter4] Gen:1 Ind:2 RMSE(val)=30.459264
[GA][Iter4] Gen:1 Ind:3 RMSE(val)=30.328601
[GA][Iter4] Gen:1 Ind:4 RMSE(val)=30.668878
[GA][Iter4] Gen:1 Ind:5 RMSE(val)=31.795242
[GA][Iter4] Gen:1 Ind:6 RMSE(val)=29.028567
[GA][Iter4] Gen:1 Ind:7 RMSE(val)=29.785976
[GA][Iter4] Gen:1 Ind:8 RMSE(val)=31.359873
[GA][Iter4] Gen:1 Ind:9 RMSE(val)=29.781450
[GA][Iter4] Gen:1 Ind:10 RMSE(val)=31.056169
[GA][Iter4] Gen:1 Ind:11 RMSE(val)=30.831627
[GA][Iter4] Gen:1 Ind:12 RMSE(val)=30.963697
[GA][Iter4] Gen:1 Ind:13 RMSE(val)=30.657664
[GA][Iter4] Gen:1 Ind:14 RMSE(val)=28.946321
[GA][Iter4] Gen:1 Ind:15 RMSE(val)=31.579199
[GA][Iter4] Gen:1 Ind:16 RMSE(val)=29.533199
[GA][Iter4] Gen:1 Ind:17 RMSE(val)=29.435789
[GA][Iter4] Gen:1 Ind:18 RMSE(val)=30.173005
[GA][Iter4] Gen:1 Ind:19 RMSE(val)=28.034193
[GA][Iter4] Gen:1 Ind:20 RMSE(val)=31.068085
[GA][Iter4] gen=1 best_val_rmse=28.034193
[GA][Iter4] Gen:2 Ind:1 RMSE(val)=28.034193
[GA][Iter4] Gen:2 Ind:2 RMSE(val)=28.856958
[GA][Iter4] Gen:2 Ind:3 RMSE(val)=28.946321
[GA][Iter4] Gen:2 Ind:4 RMSE(val)=29.028567
[GA][Iter4] Gen:2 Ind:5 RMSE(val)=29.435789
[GA][Iter4] Gen:2 Ind:6 RMSE(val)=29.533199
[GA][Iter4] Gen:2 Ind:7 RMSE(val)=29.781450
[GA][Iter4] Gen:2 Ind:8 RMSE(val)=29.785976
[GA][Iter4] Gen:2 Ind:9 RMSE(val)=30.173005
[GA][Iter4] Gen:2 Ind:10 RMSE(val)=30.328601
[GA][Iter4] Gen:2 Ind:11 RMSE(val)=30.061145
[GA][Iter4] Gen:2 Ind:12 RMSE(val)=29.550833
[GA][Iter4] Gen:2 Ind:13 RMSE(val)=29.951760
[GA][Iter4] Gen:2 Ind:14 RMSE(val)=29.627555
[GA][Iter4] Gen:2 Ind:15 RMSE(val)=30.645190
[GA][Iter4] Gen:2 Ind:16 RMSE(val)=28.236204
[GA][Iter4] Gen:2 Ind:17 RMSE(val)=30.549262
[GA][Iter4] Gen:2 Ind:18 RMSE(val)=28.471274
[GA][Iter4] Gen:2 Ind:19 RMSE(val)=28.689507
[GA][Iter4] Gen:2 Ind:20 RMSE(val)=28.988036
[GA][Iter4] gen=2 best_val_rmse=28.034193
[GA][Iter4] Gen:3 Ind:1 RMSE(val)=28.034193
[GA][Iter4] Gen:3 Ind:2 RMSE(val)=28.236204
[GA][Iter4] Gen:3 Ind:3 RMSE(val)=28.471274
[GA][Iter4] Gen:3 Ind:4 RMSE(val)=28.689507
[GA][Iter4] Gen:3 Ind:5 RMSE(val)=28.856958
[GA][Iter4] Gen:3 Ind:6 RMSE(val)=28.946321
[GA][Iter4] Gen:3 Ind:7 RMSE(val)=28.988036
[GA][Iter4] Gen:3 Ind:8 RMSE(val)=29.028567
[GA][Iter4] Gen:3 Ind:9 RMSE(val)=29.435789
[GA][Iter4] Gen:3 Ind:10 RMSE(val)=29.533199
[GA][Iter4] Gen:3 Ind:11 RMSE(val)=28.989078
[GA][Iter4] Gen:3 Ind:12 RMSE(val)=28.563071
[GA][Iter4] Gen:3 Ind:13 RMSE(val)=31.074077
[GA][Iter4] Gen:3 Ind:14 RMSE(val)=29.040752
[GA][Iter4] Gen:3 Ind:15 RMSE(val)=28.236204
[GA][Iter4] Gen:3 Ind:16 RMSE(val)=30.154112
[GA][Iter4] Gen:3 Ind:17 RMSE(val)=31.387458
[GA][Iter4] Gen:3 Ind:18 RMSE(val)=29.713125
[GA][Iter4] Gen:3 Ind:19 RMSE(val)=28.766310
[GA][Iter4] Gen:3 Ind:20 RMSE(val)=29.125713
[GA][Iter4] gen=3 best_val_rmse=28.034193
[GA][Iter4] Gen:4 Ind:1 RMSE(val)=28.034193
[GA][Iter4] Gen:4 Ind:2 RMSE(val)=28.236204
[GA][Iter4] Gen:4 Ind:3 RMSE(val)=28.236204
[GA][Iter4] Gen:4 Ind:4 RMSE(val)=28.471274
[GA][Iter4] Gen:4 Ind:5 RMSE(val)=28.563071
[GA][Iter4] Gen:4 Ind:6 RMSE(val)=28.689507
[GA][Iter4] Gen:4 Ind:7 RMSE(val)=28.766310
[GA][Iter4] Gen:4 Ind:8 RMSE(val)=28.856958
[GA][Iter4] Gen:4 Ind:9 RMSE(val)=28.946321
[GA][Iter4] Gen:4 Ind:10 RMSE(val)=28.988036
[GA][Iter4] Gen:4 Ind:11 RMSE(val)=30.032496
[GA][Iter4] Gen:4 Ind:12 RMSE(val)=27.953721
[GA][Iter4] Gen:4 Ind:13 RMSE(val)=29.148801
[GA][Iter4] Gen:4 Ind:14 RMSE(val)=28.459889
[GA][Iter4] Gen:4 Ind:15 RMSE(val)=28.029666
[GA][Iter4] Gen:4 Ind:16 RMSE(val)=30.133251
[GA][Iter4] Gen:4 Ind:17 RMSE(val)=29.362264
[GA][Iter4] Gen:4 Ind:18 RMSE(val)=28.654648
[GA][Iter4] Gen:4 Ind:19 RMSE(val)=29.400075
[GA][Iter4] Gen:4 Ind:20 RMSE(val)=29.165893
[GA][Iter4] gen=4 best_val_rmse=27.953721
[GA][Iter4] Gen:5 Ind:1 RMSE(val)=27.953721
[GA][Iter4] Gen:5 Ind:2 RMSE(val)=28.029666
[GA][Iter4] Gen:5 Ind:3 RMSE(val)=28.034193
[GA][Iter4] Gen:5 Ind:4 RMSE(val)=28.236204
[GA][Iter4] Gen:5 Ind:5 RMSE(val)=28.236204
[GA][Iter4] Gen:5 Ind:6 RMSE(val)=28.459889
[GA][Iter4] Gen:5 Ind:7 RMSE(val)=28.471274
[GA][Iter4] Gen:5 Ind:8 RMSE(val)=28.563071
[GA][Iter4] Gen:5 Ind:9 RMSE(val)=28.654648
[GA][Iter4] Gen:5 Ind:10 RMSE(val)=28.689507
[GA][Iter4] Gen:5 Ind:11 RMSE(val)=28.458391
[GA][Iter4] Gen:5 Ind:12 RMSE(val)=28.877242
[GA][Iter4] Gen:5 Ind:13 RMSE(val)=28.689507
[GA][Iter4] Gen:5 Ind:14 RMSE(val)=28.476821
[GA][Iter4] Gen:5 Ind:15 RMSE(val)=28.647061
[GA][Iter4] Gen:5 Ind:16 RMSE(val)=28.892403
[GA][Iter4] Gen:5 Ind:17 RMSE(val)=27.961973
[GA][Iter4] Gen:5 Ind:18 RMSE(val)=28.876106
[GA][Iter4] Gen:5 Ind:19 RMSE(val)=30.476091
[GA][Iter4] Gen:5 Ind:20 RMSE(val)=28.459889
[GA][Iter4] gen=5 best_val_rmse=27.953721
[GA][Iter4] Gen:6 Ind:1 RMSE(val)=27.953721
[GA][Iter4] Gen:6 Ind:2 RMSE(val)=27.961973
[GA][Iter4] Gen:6 Ind:3 RMSE(val)=28.029666
[GA][Iter4] Gen:6 Ind:4 RMSE(val)=28.034193
[GA][Iter4] Gen:6 Ind:5 RMSE(val)=28.236204
[GA][Iter4] Gen:6 Ind:6 RMSE(val)=28.236204
[GA][Iter4] Gen:6 Ind:7 RMSE(val)=28.458391
[GA][Iter4] Gen:6 Ind:8 RMSE(val)=28.459889
[GA][Iter4] Gen:6 Ind:9 RMSE(val)=28.459889
[GA][Iter4] Gen:6 Ind:10 RMSE(val)=28.471274
[GA][Iter4] Gen:6 Ind:11 RMSE(val)=28.277476
[GA][Iter4] Gen:6 Ind:12 RMSE(val)=28.673144
[GA][Iter4] Gen:6 Ind:13 RMSE(val)=30.775455
[GA][Iter4] Gen:6 Ind:14 RMSE(val)=28.861907
[GA][Iter4] Gen:6 Ind:15 RMSE(val)=29.417242
[GA][Iter4] Gen:6 Ind:16 RMSE(val)=28.458391
[GA][Iter4] Gen:6 Ind:17 RMSE(val)=28.439132
[GA][Iter4] Gen:6 Ind:18 RMSE(val)=28.236204
[GA][Iter4] Gen:6 Ind:19 RMSE(val)=28.459889
[GA][Iter4] Gen:6 Ind:20 RMSE(val)=28.459889
[GA][Iter4] gen=6 best_val_rmse=27.953721
[GA][Iter4] Gen:7 Ind:1 RMSE(val)=27.953721
[GA][Iter4] Gen:7 Ind:2 RMSE(val)=27.961973
[GA][Iter4] Gen:7 Ind:3 RMSE(val)=28.029666
[GA][Iter4] Gen:7 Ind:4 RMSE(val)=28.034193
[GA][Iter4] Gen:7 Ind:5 RMSE(val)=28.236204
[GA][Iter4] Gen:7 Ind:6 RMSE(val)=28.236204
[GA][Iter4] Gen:7 Ind:7 RMSE(val)=28.236204
[GA][Iter4] Gen:7 Ind:8 RMSE(val)=28.277476
[GA][Iter4] Gen:7 Ind:9 RMSE(val)=28.439132
[GA][Iter4] Gen:7 Ind:10 RMSE(val)=28.458391
[GA][Iter4] Gen:7 Ind:11 RMSE(val)=28.439132
[GA][Iter4] Gen:7 Ind:12 RMSE(val)=29.203659
[GA][Iter4] Gen:7 Ind:13 RMSE(val)=28.100183
[GA][Iter4] Gen:7 Ind:14 RMSE(val)=28.595556
[GA][Iter4] Gen:7 Ind:15 RMSE(val)=28.825763
[GA][Iter4] Gen:7 Ind:16 RMSE(val)=27.642601
[GA][Iter4] Gen:7 Ind:17 RMSE(val)=28.318958
[GA][Iter4] Gen:7 Ind:18 RMSE(val)=27.953721
[GA][Iter4] Gen:7 Ind:19 RMSE(val)=28.034193
[GA][Iter4] Gen:7 Ind:20 RMSE(val)=28.458391
[GA][Iter4] gen=7 best_val_rmse=27.642601
[GA][Iter4] Gen:8 Ind:1 RMSE(val)=27.642601
[GA][Iter4] Gen:8 Ind:2 RMSE(val)=27.953721
[GA][Iter4] Gen:8 Ind:3 RMSE(val)=27.953721
[GA][Iter4] Gen:8 Ind:4 RMSE(val)=27.961973
[GA][Iter4] Gen:8 Ind:5 RMSE(val)=28.029666
[GA][Iter4] Gen:8 Ind:6 RMSE(val)=28.034193
[GA][Iter4] Gen:8 Ind:7 RMSE(val)=28.034193
[GA][Iter4] Gen:8 Ind:8 RMSE(val)=28.100183
[GA][Iter4] Gen:8 Ind:9 RMSE(val)=28.236204
[GA][Iter4] Gen:8 Ind:10 RMSE(val)=28.236204
[GA][Iter4] Gen:8 Ind:11 RMSE(val)=28.034193
[GA][Iter4] Gen:8 Ind:12 RMSE(val)=29.045148
[GA][Iter4] Gen:8 Ind:13 RMSE(val)=28.100183
[GA][Iter4] Gen:8 Ind:14 RMSE(val)=28.172525
[GA][Iter4] Gen:8 Ind:15 RMSE(val)=28.100183
[GA][Iter4] Gen:8 Ind:16 RMSE(val)=27.512796
[GA][Iter4] Gen:8 Ind:17 RMSE(val)=28.209972
[GA][Iter4] Gen:8 Ind:18 RMSE(val)=28.356552
[GA][Iter4] Gen:8 Ind:19 RMSE(val)=28.034193
[GA][Iter4] Gen:8 Ind:20 RMSE(val)=28.100183
[GA][Iter4] gen=8 best_val_rmse=27.512796
[GA][Iter4] Gen:9 Ind:1 RMSE(val)=27.512796
[GA][Iter4] Gen:9 Ind:2 RMSE(val)=27.642601
[GA][Iter4] Gen:9 Ind:3 RMSE(val)=27.953721
[GA][Iter4] Gen:9 Ind:4 RMSE(val)=27.953721
[GA][Iter4] Gen:9 Ind:5 RMSE(val)=27.961973
[GA][Iter4] Gen:9 Ind:6 RMSE(val)=28.029666
[GA][Iter4] Gen:9 Ind:7 RMSE(val)=28.034193
[GA][Iter4] Gen:9 Ind:8 RMSE(val)=28.034193
[GA][Iter4] Gen:9 Ind:9 RMSE(val)=28.034193
[GA][Iter4] Gen:9 Ind:10 RMSE(val)=28.034193
[GA][Iter4] Gen:9 Ind:11 RMSE(val)=28.034193
[GA][Iter4] Gen:9 Ind:12 RMSE(val)=28.294690
[GA][Iter4] Gen:9 Ind:13 RMSE(val)=27.512796
[GA][Iter4] Gen:9 Ind:14 RMSE(val)=28.029666
[GA][Iter4] Gen:9 Ind:15 RMSE(val)=27.742042
[GA][Iter4] Gen:9 Ind:16 RMSE(val)=28.767516
[GA][Iter4] Gen:9 Ind:17 RMSE(val)=27.953721
[GA][Iter4] Gen:9 Ind:18 RMSE(val)=28.508762
[GA][Iter4] Gen:9 Ind:19 RMSE(val)=28.294690
[GA][Iter4] Gen:9 Ind:20 RMSE(val)=27.961973
[GA][Iter4] gen=9 best_val_rmse=27.512796
[GA][Iter4] Gen:10 Ind:1 RMSE(val)=27.512796
[GA][Iter4] Gen:10 Ind:2 RMSE(val)=27.512796
[GA][Iter4] Gen:10 Ind:3 RMSE(val)=27.642601
[GA][Iter4] Gen:10 Ind:4 RMSE(val)=27.742042
[GA][Iter4] Gen:10 Ind:5 RMSE(val)=27.953721
[GA][Iter4] Gen:10 Ind:6 RMSE(val)=27.953721
[GA][Iter4] Gen:10 Ind:7 RMSE(val)=27.953721
[GA][Iter4] Gen:10 Ind:8 RMSE(val)=27.961973
[GA][Iter4] Gen:10 Ind:9 RMSE(val)=27.961973
[GA][Iter4] Gen:10 Ind:10 RMSE(val)=28.029666
[GA][Iter4] Gen:10 Ind:11 RMSE(val)=28.214037
[GA][Iter4] Gen:10 Ind:12 RMSE(val)=28.335318
[GA][Iter4] Gen:10 Ind:13 RMSE(val)=28.861907
[GA][Iter4] Gen:10 Ind:14 RMSE(val)=28.861907
[GA][Iter4] Gen:10 Ind:15 RMSE(val)=27.953721
[GA][Iter4] Gen:10 Ind:16 RMSE(val)=27.512796
[GA][Iter4] Gen:10 Ind:17 RMSE(val)=27.705718
[GA][Iter4] Gen:10 Ind:18 RMSE(val)=27.961973
[GA][Iter4] Gen:10 Ind:19 RMSE(val)=27.961973
[GA][Iter4] Gen:10 Ind:20 RMSE(val)=28.567882
[GA][Iter4] gen=10 best_val_rmse=27.512796
[GA][Iter4] Gen:11 Ind:1 RMSE(val)=27.512796
[GA][Iter4] Gen:11 Ind:2 RMSE(val)=27.512796
[GA][Iter4] Gen:11 Ind:3 RMSE(val)=27.512796
[GA][Iter4] Gen:11 Ind:4 RMSE(val)=27.642601
[GA][Iter4] Gen:11 Ind:5 RMSE(val)=27.705718
[GA][Iter4] Gen:11 Ind:6 RMSE(val)=27.742042
[GA][Iter4] Gen:11 Ind:7 RMSE(val)=27.953721
[GA][Iter4] Gen:11 Ind:8 RMSE(val)=27.953721
[GA][Iter4] Gen:11 Ind:9 RMSE(val)=27.953721
[GA][Iter4] Gen:11 Ind:10 RMSE(val)=27.953721
[GA][Iter4] Gen:11 Ind:11 RMSE(val)=27.512796
[GA][Iter4] Gen:11 Ind:12 RMSE(val)=27.705718
[GA][Iter4] Gen:11 Ind:13 RMSE(val)=27.512796
[GA][Iter4] Gen:11 Ind:14 RMSE(val)=27.512796
[GA][Iter4] Gen:11 Ind:15 RMSE(val)=27.742042
[GA][Iter4] Gen:11 Ind:16 RMSE(val)=27.953721
[GA][Iter4] Gen:11 Ind:17 RMSE(val)=28.209972
[GA][Iter4] Gen:11 Ind:18 RMSE(val)=28.777732
[GA][Iter4] Gen:11 Ind:19 RMSE(val)=27.512796
[GA][Iter4] Gen:11 Ind:20 RMSE(val)=28.335735
[GA][Iter4] gen=11 best_val_rmse=27.512796
[GA][Iter4] Gen:12 Ind:1 RMSE(val)=27.512796
[GA][Iter4] Gen:12 Ind:2 RMSE(val)=27.512796
[GA][Iter4] Gen:12 Ind:3 RMSE(val)=27.512796
[GA][Iter4] Gen:12 Ind:4 RMSE(val)=27.512796
[GA][Iter4] Gen:12 Ind:5 RMSE(val)=27.512796
[GA][Iter4] Gen:12 Ind:6 RMSE(val)=27.512796
[GA][Iter4] Gen:12 Ind:7 RMSE(val)=27.512796
[GA][Iter4] Gen:12 Ind:8 RMSE(val)=27.642601
[GA][Iter4] Gen:12 Ind:9 RMSE(val)=27.705718
[GA][Iter4] Gen:12 Ind:10 RMSE(val)=27.705718
[GA][Iter4] Gen:12 Ind:11 RMSE(val)=27.947600
[GA][Iter4] Gen:12 Ind:12 RMSE(val)=27.953709
[GA][Iter4] Gen:12 Ind:13 RMSE(val)=27.512796
[GA][Iter4] Gen:12 Ind:14 RMSE(val)=29.507324
[GA][Iter4] Gen:12 Ind:15 RMSE(val)=27.512796
[GA][Iter4] Gen:12 Ind:16 RMSE(val)=28.335318
[GA][Iter4] Gen:12 Ind:17 RMSE(val)=29.092295
[GA][Iter4] Gen:12 Ind:18 RMSE(val)=27.512796
[GA][Iter4] Gen:12 Ind:19 RMSE(val)=27.512796
[GA][Iter4] Gen:12 Ind:20 RMSE(val)=27.512796
[GA][Iter4] gen=12 best_val_rmse=27.512796
[GA][Iter4] Gen:13 Ind:1 RMSE(val)=27.512796
[GA][Iter4] Gen:13 Ind:2 RMSE(val)=27.512796
[GA][Iter4] Gen:13 Ind:3 RMSE(val)=27.512796
[GA][Iter4] Gen:13 Ind:4 RMSE(val)=27.512796
[GA][Iter4] Gen:13 Ind:5 RMSE(val)=27.512796
[GA][Iter4] Gen:13 Ind:6 RMSE(val)=27.512796
[GA][Iter4] Gen:13 Ind:7 RMSE(val)=27.512796
[GA][Iter4] Gen:13 Ind:8 RMSE(val)=27.512796
[GA][Iter4] Gen:13 Ind:9 RMSE(val)=27.512796
[GA][Iter4] Gen:13 Ind:10 RMSE(val)=27.512796
[GA][Iter4] Gen:13 Ind:11 RMSE(val)=28.070095
[GA][Iter4] Gen:13 Ind:12 RMSE(val)=27.512796
[GA][Iter4] Gen:13 Ind:13 RMSE(val)=27.512796
[GA][Iter4] Gen:13 Ind:14 RMSE(val)=27.512796
[GA][Iter4] Gen:13 Ind:15 RMSE(val)=27.512796
[GA][Iter4] Gen:13 Ind:16 RMSE(val)=27.512796
[GA][Iter4] Gen:13 Ind:17 RMSE(val)=27.512796
[GA][Iter4] Gen:13 Ind:18 RMSE(val)=27.512416
[GA][Iter4] Gen:13 Ind:19 RMSE(val)=27.512796
[GA][Iter4] Gen:13 Ind:20 RMSE(val)=27.512796
[GA][Iter4] gen=13 best_val_rmse=27.512416
[GA][Iter4] Gen:14 Ind:1 RMSE(val)=27.512416
[GA][Iter4] Gen:14 Ind:2 RMSE(val)=27.512796
[GA][Iter4] Gen:14 Ind:3 RMSE(val)=27.512796
[GA][Iter4] Gen:14 Ind:4 RMSE(val)=27.512796
[GA][Iter4] Gen:14 Ind:5 RMSE(val)=27.512796
[GA][Iter4] Gen:14 Ind:6 RMSE(val)=27.512796
[GA][Iter4] Gen:14 Ind:7 RMSE(val)=27.512796
[GA][Iter4] Gen:14 Ind:8 RMSE(val)=27.512796
[GA][Iter4] Gen:14 Ind:9 RMSE(val)=27.512796
[GA][Iter4] Gen:14 Ind:10 RMSE(val)=27.512796
[GA][Iter4] Gen:14 Ind:11 RMSE(val)=27.512796
[GA][Iter4] Gen:14 Ind:12 RMSE(val)=27.512796
[GA][Iter4] Gen:14 Ind:13 RMSE(val)=28.060001
[GA][Iter4] Gen:14 Ind:14 RMSE(val)=27.512796
[GA][Iter4] Gen:14 Ind:15 RMSE(val)=27.512796
[GA][Iter4] Gen:14 Ind:16 RMSE(val)=27.512796
[GA][Iter4] Gen:14 Ind:17 RMSE(val)=27.512947
[GA][Iter4] Gen:14 Ind:18 RMSE(val)=27.512796
[GA][Iter4] Gen:14 Ind:19 RMSE(val)=27.512796
[GA][Iter4] Gen:14 Ind:20 RMSE(val)=27.512796
[GA][Iter4] gen=14 best_val_rmse=27.512416
[GA][Iter4] Gen:15 Ind:1 RMSE(val)=27.512416
[GA][Iter4] Gen:15 Ind:2 RMSE(val)=27.512796
[GA][Iter4] Gen:15 Ind:3 RMSE(val)=27.512796
[GA][Iter4] Gen:15 Ind:4 RMSE(val)=27.512796
[GA][Iter4] Gen:15 Ind:5 RMSE(val)=27.512796
[GA][Iter4] Gen:15 Ind:6 RMSE(val)=27.512796
[GA][Iter4] Gen:15 Ind:7 RMSE(val)=27.512796
[GA][Iter4] Gen:15 Ind:8 RMSE(val)=27.512796
[GA][Iter4] Gen:15 Ind:9 RMSE(val)=27.512796
[GA][Iter4] Gen:15 Ind:10 RMSE(val)=27.512796
[GA][Iter4] Gen:15 Ind:11 RMSE(val)=28.511819
[GA][Iter4] Gen:15 Ind:12 RMSE(val)=27.512796
[GA][Iter4] Gen:15 Ind:13 RMSE(val)=27.512796
[GA][Iter4] Gen:15 Ind:14 RMSE(val)=27.979317
[GA][Iter4] Gen:15 Ind:15 RMSE(val)=27.512796
[GA][Iter4] Gen:15 Ind:16 RMSE(val)=27.512416
[GA][Iter4] Gen:15 Ind:17 RMSE(val)=27.512796
[GA][Iter4] Gen:15 Ind:18 RMSE(val)=27.512796
[GA][Iter4] Gen:15 Ind:19 RMSE(val)=27.512796
[GA][Iter4] Gen:15 Ind:20 RMSE(val)=27.512796
[GA][Iter4] gen=15 best_val_rmse=27.512416
[GA][Iter4] Gen:15 Ind:1 RMSE(val)=27.512416
[GA][Iter4] Gen:15 Ind:2 RMSE(val)=27.512416
[GA][Iter4] Gen:15 Ind:3 RMSE(val)=27.512796
[GA][Iter4] Gen:15 Ind:4 RMSE(val)=27.512796
[GA][Iter4] Gen:15 Ind:5 RMSE(val)=27.512796
[GA][Iter4] Gen:15 Ind:6 RMSE(val)=27.512796
[GA][Iter4] Gen:15 Ind:7 RMSE(val)=27.512796
[GA][Iter4] Gen:15 Ind:8 RMSE(val)=27.512796
[GA][Iter4] Gen:15 Ind:9 RMSE(val)=27.512796
[GA][Iter4] Gen:15 Ind:10 RMSE(val)=27.512796
[GA][Iter4] Gen:15 Ind:11 RMSE(val)=27.512796
[GA][Iter4] Gen:15 Ind:12 RMSE(val)=27.809731
[GA][Iter4] Gen:15 Ind:13 RMSE(val)=28.056205
[GA][Iter4] Gen:15 Ind:14 RMSE(val)=27.512796
[GA][Iter4] Gen:15 Ind:15 RMSE(val)=29.830222
[GA][Iter4] Gen:15 Ind:16 RMSE(val)=27.512796
[GA][Iter4] Gen:15 Ind:17 RMSE(val)=27.512796
[GA][Iter4] Gen:15 Ind:18 RMSE(val)=27.870096
[GA][Iter4] Gen:15 Ind:19 RMSE(val)=27.512796
[GA][Iter4] Gen:15 Ind:20 RMSE(val)=27.512796

[GA DONE][Iter4] Best params on val fold of Iter4
Best val RMSE: 27.512416
Best params: {'n_estimators': 1137, 'learning_rate': 0.03923480673230574, 'max_depth': 6, 'min_samples_split': 10, 'min_samples_leaf': 1, 'subsample': 0.7937324893831987, 'max_features': None}
--------------------------------------------------------------------------------
[RETUNE GA] Iter4: train folds 1..8 -> test fold 9  RMSE=35.776372  NRMSE=0.693897  CVRMSE=0.320385  R2=0.513273
[GA][Iter5] Gen:1 Ind:1 RMSE(val)=31.284967
[GA][Iter5] Gen:1 Ind:2 RMSE(val)=30.909852
[GA][Iter5] Gen:1 Ind:3 RMSE(val)=30.955719
[GA][Iter5] Gen:1 Ind:4 RMSE(val)=31.827646
[GA][Iter5] Gen:1 Ind:5 RMSE(val)=31.846149
[GA][Iter5] Gen:1 Ind:6 RMSE(val)=34.229649
[GA][Iter5] Gen:1 Ind:7 RMSE(val)=31.601896
[GA][Iter5] Gen:1 Ind:8 RMSE(val)=32.577574
[GA][Iter5] Gen:1 Ind:9 RMSE(val)=29.874413
[GA][Iter5] Gen:1 Ind:10 RMSE(val)=30.245432
[GA][Iter5] Gen:1 Ind:11 RMSE(val)=32.985558
[GA][Iter5] Gen:1 Ind:12 RMSE(val)=29.325621
[GA][Iter5] Gen:1 Ind:13 RMSE(val)=31.016765
[GA][Iter5] Gen:1 Ind:14 RMSE(val)=30.397102
[GA][Iter5] Gen:1 Ind:15 RMSE(val)=32.812844
[GA][Iter5] Gen:1 Ind:16 RMSE(val)=30.690652
[GA][Iter5] Gen:1 Ind:17 RMSE(val)=33.416705
[GA][Iter5] Gen:1 Ind:18 RMSE(val)=30.421122
[GA][Iter5] Gen:1 Ind:19 RMSE(val)=36.340971
[GA][Iter5] Gen:1 Ind:20 RMSE(val)=32.038540
[GA][Iter5] gen=1 best_val_rmse=29.325621
[GA][Iter5] Gen:2 Ind:1 RMSE(val)=29.325621
[GA][Iter5] Gen:2 Ind:2 RMSE(val)=29.874413
[GA][Iter5] Gen:2 Ind:3 RMSE(val)=30.245432
[GA][Iter5] Gen:2 Ind:4 RMSE(val)=30.397102
[GA][Iter5] Gen:2 Ind:5 RMSE(val)=30.421122
[GA][Iter5] Gen:2 Ind:6 RMSE(val)=30.690652
[GA][Iter5] Gen:2 Ind:7 RMSE(val)=30.909852
[GA][Iter5] Gen:2 Ind:8 RMSE(val)=30.955719
[GA][Iter5] Gen:2 Ind:9 RMSE(val)=31.016765
[GA][Iter5] Gen:2 Ind:10 RMSE(val)=31.284967
[GA][Iter5] Gen:2 Ind:11 RMSE(val)=30.920188
[GA][Iter5] Gen:2 Ind:12 RMSE(val)=29.707299
[GA][Iter5] Gen:2 Ind:13 RMSE(val)=29.368978
[GA][Iter5] Gen:2 Ind:14 RMSE(val)=29.947092
[GA][Iter5] Gen:2 Ind:15 RMSE(val)=30.534109
[GA][Iter5] Gen:2 Ind:16 RMSE(val)=29.325621
[GA][Iter5] Gen:2 Ind:17 RMSE(val)=33.658327
[GA][Iter5] Gen:2 Ind:18 RMSE(val)=29.675178
[GA][Iter5] Gen:2 Ind:19 RMSE(val)=30.688871
[GA][Iter5] Gen:2 Ind:20 RMSE(val)=30.667460
[GA][Iter5] gen=2 best_val_rmse=29.325621
[GA][Iter5] Gen:3 Ind:1 RMSE(val)=29.325621
[GA][Iter5] Gen:3 Ind:2 RMSE(val)=29.325621
[GA][Iter5] Gen:3 Ind:3 RMSE(val)=29.368978
[GA][Iter5] Gen:3 Ind:4 RMSE(val)=29.675178
[GA][Iter5] Gen:3 Ind:5 RMSE(val)=29.707299
[GA][Iter5] Gen:3 Ind:6 RMSE(val)=29.874413
[GA][Iter5] Gen:3 Ind:7 RMSE(val)=29.947092
[GA][Iter5] Gen:3 Ind:8 RMSE(val)=30.245432
[GA][Iter5] Gen:3 Ind:9 RMSE(val)=30.397102
[GA][Iter5] Gen:3 Ind:10 RMSE(val)=30.421122
[GA][Iter5] Gen:3 Ind:11 RMSE(val)=30.404345
[GA][Iter5] Gen:3 Ind:12 RMSE(val)=29.602918
[GA][Iter5] Gen:3 Ind:13 RMSE(val)=29.356546
[GA][Iter5] Gen:3 Ind:14 RMSE(val)=29.560755
[GA][Iter5] Gen:3 Ind:15 RMSE(val)=29.325621
[GA][Iter5] Gen:3 Ind:16 RMSE(val)=29.976564
[GA][Iter5] Gen:3 Ind:17 RMSE(val)=29.874447
[GA][Iter5] Gen:3 Ind:18 RMSE(val)=29.192645
[GA][Iter5] Gen:3 Ind:19 RMSE(val)=30.269903
[GA][Iter5] Gen:3 Ind:20 RMSE(val)=30.241334
[GA][Iter5] gen=3 best_val_rmse=29.192645
[GA][Iter5] Gen:4 Ind:1 RMSE(val)=29.192645
[GA][Iter5] Gen:4 Ind:2 RMSE(val)=29.325621
[GA][Iter5] Gen:4 Ind:3 RMSE(val)=29.325621
[GA][Iter5] Gen:4 Ind:4 RMSE(val)=29.325621
[GA][Iter5] Gen:4 Ind:5 RMSE(val)=29.356546
[GA][Iter5] Gen:4 Ind:6 RMSE(val)=29.368978
[GA][Iter5] Gen:4 Ind:7 RMSE(val)=29.560755
[GA][Iter5] Gen:4 Ind:8 RMSE(val)=29.602918
[GA][Iter5] Gen:4 Ind:9 RMSE(val)=29.675178
[GA][Iter5] Gen:4 Ind:10 RMSE(val)=29.707299
[GA][Iter5] Gen:4 Ind:11 RMSE(val)=29.659985
[GA][Iter5] Gen:4 Ind:12 RMSE(val)=29.800416
[GA][Iter5] Gen:4 Ind:13 RMSE(val)=29.601589
[GA][Iter5] Gen:4 Ind:14 RMSE(val)=29.432141
[GA][Iter5] Gen:4 Ind:15 RMSE(val)=29.956508
[GA][Iter5] Gen:4 Ind:16 RMSE(val)=29.761731
[GA][Iter5] Gen:4 Ind:17 RMSE(val)=30.231957
[GA][Iter5] Gen:4 Ind:18 RMSE(val)=30.091033
[GA][Iter5] Gen:4 Ind:19 RMSE(val)=29.298560
[GA][Iter5] Gen:4 Ind:20 RMSE(val)=29.714693
[GA][Iter5] gen=4 best_val_rmse=29.192645
[GA][Iter5] Gen:5 Ind:1 RMSE(val)=29.192645
[GA][Iter5] Gen:5 Ind:2 RMSE(val)=29.298560
[GA][Iter5] Gen:5 Ind:3 RMSE(val)=29.325621
[GA][Iter5] Gen:5 Ind:4 RMSE(val)=29.325621
[GA][Iter5] Gen:5 Ind:5 RMSE(val)=29.325621
[GA][Iter5] Gen:5 Ind:6 RMSE(val)=29.356546
[GA][Iter5] Gen:5 Ind:7 RMSE(val)=29.368978
[GA][Iter5] Gen:5 Ind:8 RMSE(val)=29.432141
[GA][Iter5] Gen:5 Ind:9 RMSE(val)=29.560755
[GA][Iter5] Gen:5 Ind:10 RMSE(val)=29.601589
[GA][Iter5] Gen:5 Ind:11 RMSE(val)=29.775340
[GA][Iter5] Gen:5 Ind:12 RMSE(val)=29.286205
[GA][Iter5] Gen:5 Ind:13 RMSE(val)=29.601589
[GA][Iter5] Gen:5 Ind:14 RMSE(val)=29.432141
[GA][Iter5] Gen:5 Ind:15 RMSE(val)=29.325621
[GA][Iter5] Gen:5 Ind:16 RMSE(val)=29.751566
[GA][Iter5] Gen:5 Ind:17 RMSE(val)=29.368978
[GA][Iter5] Gen:5 Ind:18 RMSE(val)=29.016332
[GA][Iter5] Gen:5 Ind:19 RMSE(val)=29.825655
[GA][Iter5] Gen:5 Ind:20 RMSE(val)=29.748621
[GA][Iter5] gen=5 best_val_rmse=29.016332
[GA][Iter5] Gen:6 Ind:1 RMSE(val)=29.016332
[GA][Iter5] Gen:6 Ind:2 RMSE(val)=29.192645
[GA][Iter5] Gen:6 Ind:3 RMSE(val)=29.286205
[GA][Iter5] Gen:6 Ind:4 RMSE(val)=29.298560
[GA][Iter5] Gen:6 Ind:5 RMSE(val)=29.325621
[GA][Iter5] Gen:6 Ind:6 RMSE(val)=29.325621
[GA][Iter5] Gen:6 Ind:7 RMSE(val)=29.325621
[GA][Iter5] Gen:6 Ind:8 RMSE(val)=29.325621
[GA][Iter5] Gen:6 Ind:9 RMSE(val)=29.356546
[GA][Iter5] Gen:6 Ind:10 RMSE(val)=29.368978
[GA][Iter5] Gen:6 Ind:11 RMSE(val)=29.161960
[GA][Iter5] Gen:6 Ind:12 RMSE(val)=29.536166
[GA][Iter5] Gen:6 Ind:13 RMSE(val)=29.224364
[GA][Iter5] Gen:6 Ind:14 RMSE(val)=29.571078
[GA][Iter5] Gen:6 Ind:15 RMSE(val)=30.518499
[GA][Iter5] Gen:6 Ind:16 RMSE(val)=29.286205
[GA][Iter5] Gen:6 Ind:17 RMSE(val)=29.286205
[GA][Iter5] Gen:6 Ind:18 RMSE(val)=29.325621
[GA][Iter5] Gen:6 Ind:19 RMSE(val)=29.306521
[GA][Iter5] Gen:6 Ind:20 RMSE(val)=29.156938
[GA][Iter5] gen=6 best_val_rmse=29.016332
[GA][Iter5] Gen:7 Ind:1 RMSE(val)=29.016332
[GA][Iter5] Gen:7 Ind:2 RMSE(val)=29.156938
[GA][Iter5] Gen:7 Ind:3 RMSE(val)=29.161960
[GA][Iter5] Gen:7 Ind:4 RMSE(val)=29.192645
[GA][Iter5] Gen:7 Ind:5 RMSE(val)=29.224364
[GA][Iter5] Gen:7 Ind:6 RMSE(val)=29.286205
[GA][Iter5] Gen:7 Ind:7 RMSE(val)=29.286205
[GA][Iter5] Gen:7 Ind:8 RMSE(val)=29.286205
[GA][Iter5] Gen:7 Ind:9 RMSE(val)=29.298560
[GA][Iter5] Gen:7 Ind:10 RMSE(val)=29.306521
[GA][Iter5] Gen:7 Ind:11 RMSE(val)=28.984418
[GA][Iter5] Gen:7 Ind:12 RMSE(val)=30.425390
[GA][Iter5] Gen:7 Ind:13 RMSE(val)=29.016332
[GA][Iter5] Gen:7 Ind:14 RMSE(val)=29.145680
[GA][Iter5] Gen:7 Ind:15 RMSE(val)=29.286205
[GA][Iter5] Gen:7 Ind:16 RMSE(val)=29.267853
[GA][Iter5] Gen:7 Ind:17 RMSE(val)=29.192645
[GA][Iter5] Gen:7 Ind:18 RMSE(val)=28.946231
[GA][Iter5] Gen:7 Ind:19 RMSE(val)=29.192645
[GA][Iter5] Gen:7 Ind:20 RMSE(val)=29.306521
[GA][Iter5] gen=7 best_val_rmse=28.946231
[GA][Iter5] Gen:8 Ind:1 RMSE(val)=28.946231
[GA][Iter5] Gen:8 Ind:2 RMSE(val)=28.984418
[GA][Iter5] Gen:8 Ind:3 RMSE(val)=29.016332
[GA][Iter5] Gen:8 Ind:4 RMSE(val)=29.016332
[GA][Iter5] Gen:8 Ind:5 RMSE(val)=29.145680
[GA][Iter5] Gen:8 Ind:6 RMSE(val)=29.156938
[GA][Iter5] Gen:8 Ind:7 RMSE(val)=29.161960
[GA][Iter5] Gen:8 Ind:8 RMSE(val)=29.192645
[GA][Iter5] Gen:8 Ind:9 RMSE(val)=29.192645
[GA][Iter5] Gen:8 Ind:10 RMSE(val)=29.192645
[GA][Iter5] Gen:8 Ind:11 RMSE(val)=28.813609
[GA][Iter5] Gen:8 Ind:12 RMSE(val)=29.153339
[GA][Iter5] Gen:8 Ind:13 RMSE(val)=29.589581
[GA][Iter5] Gen:8 Ind:14 RMSE(val)=30.293717
[GA][Iter5] Gen:8 Ind:15 RMSE(val)=29.192645
[GA][Iter5] Gen:8 Ind:16 RMSE(val)=29.920561
[GA][Iter5] Gen:8 Ind:17 RMSE(val)=29.103626
[GA][Iter5] Gen:8 Ind:18 RMSE(val)=30.329609
[GA][Iter5] Gen:8 Ind:19 RMSE(val)=30.042655
[GA][Iter5] Gen:8 Ind:20 RMSE(val)=28.946231
[GA][Iter5] gen=8 best_val_rmse=28.813609
[GA][Iter5] Gen:9 Ind:1 RMSE(val)=28.813609
[GA][Iter5] Gen:9 Ind:2 RMSE(val)=28.946231
[GA][Iter5] Gen:9 Ind:3 RMSE(val)=28.946231
[GA][Iter5] Gen:9 Ind:4 RMSE(val)=28.984418
[GA][Iter5] Gen:9 Ind:5 RMSE(val)=29.016332
[GA][Iter5] Gen:9 Ind:6 RMSE(val)=29.016332
[GA][Iter5] Gen:9 Ind:7 RMSE(val)=29.103626
[GA][Iter5] Gen:9 Ind:8 RMSE(val)=29.145680
[GA][Iter5] Gen:9 Ind:9 RMSE(val)=29.153339
[GA][Iter5] Gen:9 Ind:10 RMSE(val)=29.156938
[GA][Iter5] Gen:9 Ind:11 RMSE(val)=29.145626
[GA][Iter5] Gen:9 Ind:12 RMSE(val)=29.016332
[GA][Iter5] Gen:9 Ind:13 RMSE(val)=28.892007
[GA][Iter5] Gen:9 Ind:14 RMSE(val)=28.946231
[GA][Iter5] Gen:9 Ind:15 RMSE(val)=29.016332
[GA][Iter5] Gen:9 Ind:16 RMSE(val)=28.822432
[GA][Iter5] Gen:9 Ind:17 RMSE(val)=28.984418
[GA][Iter5] Gen:9 Ind:18 RMSE(val)=29.016332
[GA][Iter5] Gen:9 Ind:19 RMSE(val)=28.984418
[GA][Iter5] Gen:9 Ind:20 RMSE(val)=29.016332
[GA][Iter5] gen=9 best_val_rmse=28.813609
[GA][Iter5] Gen:10 Ind:1 RMSE(val)=28.813609
[GA][Iter5] Gen:10 Ind:2 RMSE(val)=28.822432
[GA][Iter5] Gen:10 Ind:3 RMSE(val)=28.892007
[GA][Iter5] Gen:10 Ind:4 RMSE(val)=28.946231
[GA][Iter5] Gen:10 Ind:5 RMSE(val)=28.946231
[GA][Iter5] Gen:10 Ind:6 RMSE(val)=28.946231
[GA][Iter5] Gen:10 Ind:7 RMSE(val)=28.984418
[GA][Iter5] Gen:10 Ind:8 RMSE(val)=28.984418
[GA][Iter5] Gen:10 Ind:9 RMSE(val)=28.984418
[GA][Iter5] Gen:10 Ind:10 RMSE(val)=29.016332
[GA][Iter5] Gen:10 Ind:11 RMSE(val)=29.635201
[GA][Iter5] Gen:10 Ind:12 RMSE(val)=28.946231
[GA][Iter5] Gen:10 Ind:13 RMSE(val)=29.103626
[GA][Iter5] Gen:10 Ind:14 RMSE(val)=28.918608
[GA][Iter5] Gen:10 Ind:15 RMSE(val)=28.968597
[GA][Iter5] Gen:10 Ind:16 RMSE(val)=28.968597
[GA][Iter5] Gen:10 Ind:17 RMSE(val)=28.984418
[GA][Iter5] Gen:10 Ind:18 RMSE(val)=28.984418
[GA][Iter5] Gen:10 Ind:19 RMSE(val)=28.984418
[GA][Iter5] Gen:10 Ind:20 RMSE(val)=29.331950
[GA][Iter5] gen=10 best_val_rmse=28.813609
[GA][Iter5] Gen:11 Ind:1 RMSE(val)=28.813609
[GA][Iter5] Gen:11 Ind:2 RMSE(val)=28.822432
[GA][Iter5] Gen:11 Ind:3 RMSE(val)=28.892007
[GA][Iter5] Gen:11 Ind:4 RMSE(val)=28.918608
[GA][Iter5] Gen:11 Ind:5 RMSE(val)=28.946231
[GA][Iter5] Gen:11 Ind:6 RMSE(val)=28.946231
[GA][Iter5] Gen:11 Ind:7 RMSE(val)=28.946231
[GA][Iter5] Gen:11 Ind:8 RMSE(val)=28.946231
[GA][Iter5] Gen:11 Ind:9 RMSE(val)=28.968597
[GA][Iter5] Gen:11 Ind:10 RMSE(val)=28.968597
[GA][Iter5] Gen:11 Ind:11 RMSE(val)=28.968597
[GA][Iter5] Gen:11 Ind:12 RMSE(val)=28.946231
[GA][Iter5] Gen:11 Ind:13 RMSE(val)=28.822432
[GA][Iter5] Gen:11 Ind:14 RMSE(val)=28.968597
[GA][Iter5] Gen:11 Ind:15 RMSE(val)=28.968597
[GA][Iter5] Gen:11 Ind:16 RMSE(val)=28.822432
[GA][Iter5] Gen:11 Ind:17 RMSE(val)=28.946231
[GA][Iter5] Gen:11 Ind:18 RMSE(val)=29.273166
[GA][Iter5] Gen:11 Ind:19 RMSE(val)=28.946231
[GA][Iter5] Gen:11 Ind:20 RMSE(val)=29.016332
[GA][Iter5] gen=11 best_val_rmse=28.813609
[GA][Iter5] Gen:12 Ind:1 RMSE(val)=28.813609
[GA][Iter5] Gen:12 Ind:2 RMSE(val)=28.822432
[GA][Iter5] Gen:12 Ind:3 RMSE(val)=28.822432
[GA][Iter5] Gen:12 Ind:4 RMSE(val)=28.822432
[GA][Iter5] Gen:12 Ind:5 RMSE(val)=28.892007
[GA][Iter5] Gen:12 Ind:6 RMSE(val)=28.918608
[GA][Iter5] Gen:12 Ind:7 RMSE(val)=28.946231
[GA][Iter5] Gen:12 Ind:8 RMSE(val)=28.946231
[GA][Iter5] Gen:12 Ind:9 RMSE(val)=28.946231
[GA][Iter5] Gen:12 Ind:10 RMSE(val)=28.946231
[GA][Iter5] Gen:12 Ind:11 RMSE(val)=28.968597
[GA][Iter5] Gen:12 Ind:12 RMSE(val)=28.882761
[GA][Iter5] Gen:12 Ind:13 RMSE(val)=29.237234
[GA][Iter5] Gen:12 Ind:14 RMSE(val)=29.785174
[GA][Iter5] Gen:12 Ind:15 RMSE(val)=28.813609
[GA][Iter5] Gen:12 Ind:16 RMSE(val)=28.946231
[GA][Iter5] Gen:12 Ind:17 RMSE(val)=28.892007
[GA][Iter5] Gen:12 Ind:18 RMSE(val)=28.918608
[GA][Iter5] Gen:12 Ind:19 RMSE(val)=29.081304
[GA][Iter5] Gen:12 Ind:20 RMSE(val)=28.946231
[GA][Iter5] gen=12 best_val_rmse=28.813609
[GA][Iter5] Gen:13 Ind:1 RMSE(val)=28.813609
[GA][Iter5] Gen:13 Ind:2 RMSE(val)=28.813609
[GA][Iter5] Gen:13 Ind:3 RMSE(val)=28.822432
[GA][Iter5] Gen:13 Ind:4 RMSE(val)=28.822432
[GA][Iter5] Gen:13 Ind:5 RMSE(val)=28.822432
[GA][Iter5] Gen:13 Ind:6 RMSE(val)=28.882761
[GA][Iter5] Gen:13 Ind:7 RMSE(val)=28.892007
[GA][Iter5] Gen:13 Ind:8 RMSE(val)=28.892007
[GA][Iter5] Gen:13 Ind:9 RMSE(val)=28.918608
[GA][Iter5] Gen:13 Ind:10 RMSE(val)=28.918608
[GA][Iter5] Gen:13 Ind:11 RMSE(val)=29.123168
[GA][Iter5] Gen:13 Ind:12 RMSE(val)=28.822432
[GA][Iter5] Gen:13 Ind:13 RMSE(val)=29.761059
[GA][Iter5] Gen:13 Ind:14 RMSE(val)=28.822432
[GA][Iter5] Gen:13 Ind:15 RMSE(val)=28.869603
[GA][Iter5] Gen:13 Ind:16 RMSE(val)=28.892007
[GA][Iter5] Gen:13 Ind:17 RMSE(val)=28.946231
[GA][Iter5] Gen:13 Ind:18 RMSE(val)=28.828895
[GA][Iter5] Gen:13 Ind:19 RMSE(val)=28.886898
[GA][Iter5] Gen:13 Ind:20 RMSE(val)=28.822432
[GA][Iter5] gen=13 best_val_rmse=28.813609
[GA][Iter5] Gen:14 Ind:1 RMSE(val)=28.813609
[GA][Iter5] Gen:14 Ind:2 RMSE(val)=28.813609
[GA][Iter5] Gen:14 Ind:3 RMSE(val)=28.822432
[GA][Iter5] Gen:14 Ind:4 RMSE(val)=28.822432
[GA][Iter5] Gen:14 Ind:5 RMSE(val)=28.822432
[GA][Iter5] Gen:14 Ind:6 RMSE(val)=28.822432
[GA][Iter5] Gen:14 Ind:7 RMSE(val)=28.822432
[GA][Iter5] Gen:14 Ind:8 RMSE(val)=28.822432
[GA][Iter5] Gen:14 Ind:9 RMSE(val)=28.828895
[GA][Iter5] Gen:14 Ind:10 RMSE(val)=28.869603
[GA][Iter5] Gen:14 Ind:11 RMSE(val)=28.822432
[GA][Iter5] Gen:14 Ind:12 RMSE(val)=28.828895
[GA][Iter5] Gen:14 Ind:13 RMSE(val)=28.869603
[GA][Iter5] Gen:14 Ind:14 RMSE(val)=28.822432
[GA][Iter5] Gen:14 Ind:15 RMSE(val)=28.869603
[GA][Iter5] Gen:14 Ind:16 RMSE(val)=29.154952
[GA][Iter5] Gen:14 Ind:17 RMSE(val)=28.801464
[GA][Iter5] Gen:14 Ind:18 RMSE(val)=28.822432
[GA][Iter5] Gen:14 Ind:19 RMSE(val)=28.822432
[GA][Iter5] Gen:14 Ind:20 RMSE(val)=28.813609
[GA][Iter5] gen=14 best_val_rmse=28.801464
[GA][Iter5] Gen:15 Ind:1 RMSE(val)=28.801464
[GA][Iter5] Gen:15 Ind:2 RMSE(val)=28.813609
[GA][Iter5] Gen:15 Ind:3 RMSE(val)=28.813609
[GA][Iter5] Gen:15 Ind:4 RMSE(val)=28.813609
[GA][Iter5] Gen:15 Ind:5 RMSE(val)=28.822432
[GA][Iter5] Gen:15 Ind:6 RMSE(val)=28.822432
[GA][Iter5] Gen:15 Ind:7 RMSE(val)=28.822432
[GA][Iter5] Gen:15 Ind:8 RMSE(val)=28.822432
[GA][Iter5] Gen:15 Ind:9 RMSE(val)=28.822432
[GA][Iter5] Gen:15 Ind:10 RMSE(val)=28.822432
[GA][Iter5] Gen:15 Ind:11 RMSE(val)=29.578282
[GA][Iter5] Gen:15 Ind:12 RMSE(val)=28.813609
[GA][Iter5] Gen:15 Ind:13 RMSE(val)=28.822432
[GA][Iter5] Gen:15 Ind:14 RMSE(val)=29.124645
[GA][Iter5] Gen:15 Ind:15 RMSE(val)=28.822432
[GA][Iter5] Gen:15 Ind:16 RMSE(val)=28.801464
[GA][Iter5] Gen:15 Ind:17 RMSE(val)=28.822432
[GA][Iter5] Gen:15 Ind:18 RMSE(val)=28.822432
[GA][Iter5] Gen:15 Ind:19 RMSE(val)=28.813609
[GA][Iter5] Gen:15 Ind:20 RMSE(val)=28.813609
[GA][Iter5] gen=15 best_val_rmse=28.801464
[GA][Iter5] Gen:15 Ind:1 RMSE(val)=28.801464
[GA][Iter5] Gen:15 Ind:2 RMSE(val)=28.801464
[GA][Iter5] Gen:15 Ind:3 RMSE(val)=28.813609
[GA][Iter5] Gen:15 Ind:4 RMSE(val)=28.813609
[GA][Iter5] Gen:15 Ind:5 RMSE(val)=28.813609
[GA][Iter5] Gen:15 Ind:6 RMSE(val)=28.813609
[GA][Iter5] Gen:15 Ind:7 RMSE(val)=28.813609
[GA][Iter5] Gen:15 Ind:8 RMSE(val)=28.813609
[GA][Iter5] Gen:15 Ind:9 RMSE(val)=28.822432
[GA][Iter5] Gen:15 Ind:10 RMSE(val)=28.822432
[GA][Iter5] Gen:15 Ind:11 RMSE(val)=28.813609
[GA][Iter5] Gen:15 Ind:12 RMSE(val)=28.798033
[GA][Iter5] Gen:15 Ind:13 RMSE(val)=28.900007
[GA][Iter5] Gen:15 Ind:14 RMSE(val)=28.813609
[GA][Iter5] Gen:15 Ind:15 RMSE(val)=28.813609
[GA][Iter5] Gen:15 Ind:16 RMSE(val)=28.813609
[GA][Iter5] Gen:15 Ind:17 RMSE(val)=28.813609
[GA][Iter5] Gen:15 Ind:18 RMSE(val)=28.955749
[GA][Iter5] Gen:15 Ind:19 RMSE(val)=28.813609
[GA][Iter5] Gen:15 Ind:20 RMSE(val)=29.703445

[GA DONE][Iter5] Best params on val fold of Iter5
Best val RMSE: 28.798033
Best params: {'n_estimators': 883, 'learning_rate': 0.0076839657149697805, 'max_depth': 7, 'min_samples_split': 30, 'min_samples_leaf': 18, 'subsample': 0.6878460695881076, 'max_features': 'sqrt'}
--------------------------------------------------------------------------------
[RETUNE GA] Iter5: train folds 1..9 -> test fold 10  RMSE=19.207614  NRMSE=0.497985  CVRMSE=0.189428  R2=0.749316
