=== BASELINE (project=ccpay, last-7 mean, expanding folds) ===
Iter1: train folds 1..5 -> test fold 6  RMSE=34.7713  NRMSE=0.9926  CVRMSE=0.0974  R˛=0.0055
Iter2: train folds 1..6 -> test fold 7  RMSE=26.8059  NRMSE=1.0782  CVRMSE=0.0777  R˛=-0.1733
Iter3: train folds 1..7 -> test fold 8  RMSE=28.8793  NRMSE=1.0174  CVRMSE=0.0851  R˛=-0.0448
Iter4: train folds 1..8 -> test fold 9  RMSE=26.3649  NRMSE=1.0525  CVRMSE=0.0785  R˛=-0.1181
Iter5: train folds 1..9 -> test fold 10  RMSE=26.2376  NRMSE=1.0852  CVRMSE=0.0787  R˛=-0.1886
--------------------------------------------------
[FEATURES] initial=88 kept_after_screening=53
['workflow_event_trigger', 'issuer_name', 'gh_files_added', 'gh_files_deleted', 'gh_tests_deleted', 'gh_src_churn', 'gh_is_pr', 'gh_src_files', 'gh_doc_files', 'git_commits', 'gh_team_size_last_3_month', 'gh_num_pr_comments', 'gh_test_lines_per_kloc', 'docker_compose_changed', 'hour', 'dow', 'month', 'secs_since_prev', 'duration_lag_1', 'duration_lag_3', 'duration_lag_4', 'duration_lag_5', 'duration_lag_6', 'duration_lag_7', 'window_avg_7', 'window_std_7', 'window_std_3', 'ft___gradle__', 'ft___java__', 'ft___json__', 'ft___properties__', 'ft___tf_', 'ft___tfvars_', 'ft___tfvars__', 'ft___xml__', 'ft___yml_', 'ft___yml__', 'ft____config_', 'ft____gradle_', 'ft____gradle__', 'ft____java_', 'ft____java__', 'ft____properties_', 'ft____properties__', 'ft____tf_', 'ft____tf__', 'ft____tfvars_', 'ft____tfvars__', 'ft____xml_', 'ft____yaml_', 'ft____yaml__', 'ft____yml_', 'ft___']
--------------------------------------------------------------------------------
[GA][Iter1] Gen:1 Ind:1 RMSE(val)=32.532023
[GA][Iter1] Gen:1 Ind:2 RMSE(val)=34.412796
[GA][Iter1] Gen:1 Ind:3 RMSE(val)=32.662477
[GA][Iter1] Gen:1 Ind:4 RMSE(val)=35.513330
[GA][Iter1] Gen:1 Ind:5 RMSE(val)=35.219640
[GA][Iter1] Gen:1 Ind:6 RMSE(val)=30.641476
[GA][Iter1] Gen:1 Ind:7 RMSE(val)=32.140383
[GA][Iter1] Gen:1 Ind:8 RMSE(val)=37.691392
[GA][Iter1] Gen:1 Ind:9 RMSE(val)=32.755676
[GA][Iter1] Gen:1 Ind:10 RMSE(val)=32.217549
[GA][Iter1] Gen:1 Ind:11 RMSE(val)=37.196459
[GA][Iter1] Gen:1 Ind:12 RMSE(val)=31.877149
[GA][Iter1] Gen:1 Ind:13 RMSE(val)=35.642356
[GA][Iter1] Gen:1 Ind:14 RMSE(val)=31.013354
[GA][Iter1] Gen:1 Ind:15 RMSE(val)=36.332967
[GA][Iter1] Gen:1 Ind:16 RMSE(val)=34.589448
[GA][Iter1] Gen:1 Ind:17 RMSE(val)=34.244756
[GA][Iter1] Gen:1 Ind:18 RMSE(val)=31.881173
[GA][Iter1] Gen:1 Ind:19 RMSE(val)=37.223004
[GA][Iter1] Gen:1 Ind:20 RMSE(val)=36.059453
[GA][Iter1] gen=1 best_val_rmse=30.641476
[GA][Iter1] Gen:2 Ind:1 RMSE(val)=30.641476
[GA][Iter1] Gen:2 Ind:2 RMSE(val)=31.013354
[GA][Iter1] Gen:2 Ind:3 RMSE(val)=31.877149
[GA][Iter1] Gen:2 Ind:4 RMSE(val)=31.881173
[GA][Iter1] Gen:2 Ind:5 RMSE(val)=32.140383
[GA][Iter1] Gen:2 Ind:6 RMSE(val)=32.217549
[GA][Iter1] Gen:2 Ind:7 RMSE(val)=32.532023
[GA][Iter1] Gen:2 Ind:8 RMSE(val)=32.662477
[GA][Iter1] Gen:2 Ind:9 RMSE(val)=32.755676
[GA][Iter1] Gen:2 Ind:10 RMSE(val)=34.244756
[GA][Iter1] Gen:2 Ind:11 RMSE(val)=32.842030
[GA][Iter1] Gen:2 Ind:12 RMSE(val)=33.231632
[GA][Iter1] Gen:2 Ind:13 RMSE(val)=32.923114
[GA][Iter1] Gen:2 Ind:14 RMSE(val)=32.294006
[GA][Iter1] Gen:2 Ind:15 RMSE(val)=32.278350
[GA][Iter1] Gen:2 Ind:16 RMSE(val)=30.548929
[GA][Iter1] Gen:2 Ind:17 RMSE(val)=34.212360
[GA][Iter1] Gen:2 Ind:18 RMSE(val)=31.764361
[GA][Iter1] Gen:2 Ind:19 RMSE(val)=33.388641
[GA][Iter1] Gen:2 Ind:20 RMSE(val)=31.724523
[GA][Iter1] gen=2 best_val_rmse=30.548929
[GA][Iter1] Gen:3 Ind:1 RMSE(val)=30.548929
[GA][Iter1] Gen:3 Ind:2 RMSE(val)=30.641476
[GA][Iter1] Gen:3 Ind:3 RMSE(val)=31.013354
[GA][Iter1] Gen:3 Ind:4 RMSE(val)=31.724523
[GA][Iter1] Gen:3 Ind:5 RMSE(val)=31.764361
[GA][Iter1] Gen:3 Ind:6 RMSE(val)=31.877149
[GA][Iter1] Gen:3 Ind:7 RMSE(val)=31.881173
[GA][Iter1] Gen:3 Ind:8 RMSE(val)=32.140383
[GA][Iter1] Gen:3 Ind:9 RMSE(val)=32.217549
[GA][Iter1] Gen:3 Ind:10 RMSE(val)=32.278350
[GA][Iter1] Gen:3 Ind:11 RMSE(val)=31.217284
[GA][Iter1] Gen:3 Ind:12 RMSE(val)=31.451572
[GA][Iter1] Gen:3 Ind:13 RMSE(val)=31.987332
[GA][Iter1] Gen:3 Ind:14 RMSE(val)=31.859972
[GA][Iter1] Gen:3 Ind:15 RMSE(val)=30.548929
[GA][Iter1] Gen:3 Ind:16 RMSE(val)=30.742045
[GA][Iter1] Gen:3 Ind:17 RMSE(val)=33.080121
[GA][Iter1] Gen:3 Ind:18 RMSE(val)=31.169626
[GA][Iter1] Gen:3 Ind:19 RMSE(val)=30.979469
[GA][Iter1] Gen:3 Ind:20 RMSE(val)=32.721056
[GA][Iter1] gen=3 best_val_rmse=30.548929
[GA][Iter1] Gen:4 Ind:1 RMSE(val)=30.548929
[GA][Iter1] Gen:4 Ind:2 RMSE(val)=30.548929
[GA][Iter1] Gen:4 Ind:3 RMSE(val)=30.641476
[GA][Iter1] Gen:4 Ind:4 RMSE(val)=30.742045
[GA][Iter1] Gen:4 Ind:5 RMSE(val)=30.979469
[GA][Iter1] Gen:4 Ind:6 RMSE(val)=31.013354
[GA][Iter1] Gen:4 Ind:7 RMSE(val)=31.169626
[GA][Iter1] Gen:4 Ind:8 RMSE(val)=31.217284
[GA][Iter1] Gen:4 Ind:9 RMSE(val)=31.451572
[GA][Iter1] Gen:4 Ind:10 RMSE(val)=31.724523
[GA][Iter1] Gen:4 Ind:11 RMSE(val)=30.889980
[GA][Iter1] Gen:4 Ind:12 RMSE(val)=30.266819
[GA][Iter1] Gen:4 Ind:13 RMSE(val)=30.556581
[GA][Iter1] Gen:4 Ind:14 RMSE(val)=31.091111
[GA][Iter1] Gen:4 Ind:15 RMSE(val)=30.565908
[GA][Iter1] Gen:4 Ind:16 RMSE(val)=30.450719
[GA][Iter1] Gen:4 Ind:17 RMSE(val)=31.324662
[GA][Iter1] Gen:4 Ind:18 RMSE(val)=31.227437
[GA][Iter1] Gen:4 Ind:19 RMSE(val)=30.894110
[GA][Iter1] Gen:4 Ind:20 RMSE(val)=30.319419
[GA][Iter1] gen=4 best_val_rmse=30.266819
[GA][Iter1] Gen:5 Ind:1 RMSE(val)=30.266819
[GA][Iter1] Gen:5 Ind:2 RMSE(val)=30.319419
[GA][Iter1] Gen:5 Ind:3 RMSE(val)=30.450719
[GA][Iter1] Gen:5 Ind:4 RMSE(val)=30.548929
[GA][Iter1] Gen:5 Ind:5 RMSE(val)=30.548929
[GA][Iter1] Gen:5 Ind:6 RMSE(val)=30.556581
[GA][Iter1] Gen:5 Ind:7 RMSE(val)=30.565908
[GA][Iter1] Gen:5 Ind:8 RMSE(val)=30.641476
[GA][Iter1] Gen:5 Ind:9 RMSE(val)=30.742045
[GA][Iter1] Gen:5 Ind:10 RMSE(val)=30.889980
[GA][Iter1] Gen:5 Ind:11 RMSE(val)=30.486983
[GA][Iter1] Gen:5 Ind:12 RMSE(val)=30.565908
[GA][Iter1] Gen:5 Ind:13 RMSE(val)=30.889980
[GA][Iter1] Gen:5 Ind:14 RMSE(val)=30.450719
[GA][Iter1] Gen:5 Ind:15 RMSE(val)=30.548929
[GA][Iter1] Gen:5 Ind:16 RMSE(val)=32.904000
[GA][Iter1] Gen:5 Ind:17 RMSE(val)=30.758658
[GA][Iter1] Gen:5 Ind:18 RMSE(val)=31.211645
[GA][Iter1] Gen:5 Ind:19 RMSE(val)=30.809257
[GA][Iter1] Gen:5 Ind:20 RMSE(val)=30.669736
[GA][Iter1] gen=5 best_val_rmse=30.266819
[GA][Iter1] Gen:6 Ind:1 RMSE(val)=30.266819
[GA][Iter1] Gen:6 Ind:2 RMSE(val)=30.319419
[GA][Iter1] Gen:6 Ind:3 RMSE(val)=30.450719
[GA][Iter1] Gen:6 Ind:4 RMSE(val)=30.450719
[GA][Iter1] Gen:6 Ind:5 RMSE(val)=30.486983
[GA][Iter1] Gen:6 Ind:6 RMSE(val)=30.548929
[GA][Iter1] Gen:6 Ind:7 RMSE(val)=30.548929
[GA][Iter1] Gen:6 Ind:8 RMSE(val)=30.548929
[GA][Iter1] Gen:6 Ind:9 RMSE(val)=30.556581
[GA][Iter1] Gen:6 Ind:10 RMSE(val)=30.565908
[GA][Iter1] Gen:6 Ind:11 RMSE(val)=30.528174
[GA][Iter1] Gen:6 Ind:12 RMSE(val)=30.836383
[GA][Iter1] Gen:6 Ind:13 RMSE(val)=30.548929
[GA][Iter1] Gen:6 Ind:14 RMSE(val)=30.524146
[GA][Iter1] Gen:6 Ind:15 RMSE(val)=30.346768
[GA][Iter1] Gen:6 Ind:16 RMSE(val)=30.548929
[GA][Iter1] Gen:6 Ind:17 RMSE(val)=30.675723
[GA][Iter1] Gen:6 Ind:18 RMSE(val)=30.548929
[GA][Iter1] Gen:6 Ind:19 RMSE(val)=30.556581
[GA][Iter1] Gen:6 Ind:20 RMSE(val)=30.548929
[GA][Iter1] gen=6 best_val_rmse=30.266819
[GA][Iter1] Gen:7 Ind:1 RMSE(val)=30.266819
[GA][Iter1] Gen:7 Ind:2 RMSE(val)=30.319419
[GA][Iter1] Gen:7 Ind:3 RMSE(val)=30.346768
[GA][Iter1] Gen:7 Ind:4 RMSE(val)=30.450719
[GA][Iter1] Gen:7 Ind:5 RMSE(val)=30.450719
[GA][Iter1] Gen:7 Ind:6 RMSE(val)=30.486983
[GA][Iter1] Gen:7 Ind:7 RMSE(val)=30.524146
[GA][Iter1] Gen:7 Ind:8 RMSE(val)=30.528174
[GA][Iter1] Gen:7 Ind:9 RMSE(val)=30.548929
[GA][Iter1] Gen:7 Ind:10 RMSE(val)=30.548929
[GA][Iter1] Gen:7 Ind:11 RMSE(val)=30.741476
[GA][Iter1] Gen:7 Ind:12 RMSE(val)=30.404199
[GA][Iter1] Gen:7 Ind:13 RMSE(val)=30.266819
[GA][Iter1] Gen:7 Ind:14 RMSE(val)=30.328207
[GA][Iter1] Gen:7 Ind:15 RMSE(val)=30.334935
[GA][Iter1] Gen:7 Ind:16 RMSE(val)=30.358627
[GA][Iter1] Gen:7 Ind:17 RMSE(val)=30.450719
[GA][Iter1] Gen:7 Ind:18 RMSE(val)=30.266819
[GA][Iter1] Gen:7 Ind:19 RMSE(val)=30.450719
[GA][Iter1] Gen:7 Ind:20 RMSE(val)=30.450719
[GA][Iter1] gen=7 best_val_rmse=30.266819
[GA][Iter1] Gen:8 Ind:1 RMSE(val)=30.266819
[GA][Iter1] Gen:8 Ind:2 RMSE(val)=30.266819
[GA][Iter1] Gen:8 Ind:3 RMSE(val)=30.266819
[GA][Iter1] Gen:8 Ind:4 RMSE(val)=30.319419
[GA][Iter1] Gen:8 Ind:5 RMSE(val)=30.328207
[GA][Iter1] Gen:8 Ind:6 RMSE(val)=30.334935
[GA][Iter1] Gen:8 Ind:7 RMSE(val)=30.346768
[GA][Iter1] Gen:8 Ind:8 RMSE(val)=30.358627
[GA][Iter1] Gen:8 Ind:9 RMSE(val)=30.404199
[GA][Iter1] Gen:8 Ind:10 RMSE(val)=30.450719
[GA][Iter1] Gen:8 Ind:11 RMSE(val)=30.346768
[GA][Iter1] Gen:8 Ind:12 RMSE(val)=30.328207
[GA][Iter1] Gen:8 Ind:13 RMSE(val)=30.358627
[GA][Iter1] Gen:8 Ind:14 RMSE(val)=30.386385
[GA][Iter1] Gen:8 Ind:15 RMSE(val)=30.428434
[GA][Iter1] Gen:8 Ind:16 RMSE(val)=30.340818
[GA][Iter1] Gen:8 Ind:17 RMSE(val)=30.343743
[GA][Iter1] Gen:8 Ind:18 RMSE(val)=30.385455
[GA][Iter1] Gen:8 Ind:19 RMSE(val)=30.334935
[GA][Iter1] Gen:8 Ind:20 RMSE(val)=30.266819
[GA][Iter1] gen=8 best_val_rmse=30.266819
[GA][Iter1] Gen:9 Ind:1 RMSE(val)=30.266819
[GA][Iter1] Gen:9 Ind:2 RMSE(val)=30.266819
[GA][Iter1] Gen:9 Ind:3 RMSE(val)=30.266819
[GA][Iter1] Gen:9 Ind:4 RMSE(val)=30.266819
[GA][Iter1] Gen:9 Ind:5 RMSE(val)=30.319419
[GA][Iter1] Gen:9 Ind:6 RMSE(val)=30.328207
[GA][Iter1] Gen:9 Ind:7 RMSE(val)=30.328207
[GA][Iter1] Gen:9 Ind:8 RMSE(val)=30.334935
[GA][Iter1] Gen:9 Ind:9 RMSE(val)=30.334935
[GA][Iter1] Gen:9 Ind:10 RMSE(val)=30.340818
[GA][Iter1] Gen:9 Ind:11 RMSE(val)=30.328207
[GA][Iter1] Gen:9 Ind:12 RMSE(val)=30.450719
[GA][Iter1] Gen:9 Ind:13 RMSE(val)=30.266819
[GA][Iter1] Gen:9 Ind:14 RMSE(val)=30.343743
[GA][Iter1] Gen:9 Ind:15 RMSE(val)=30.450719
[GA][Iter1] Gen:9 Ind:16 RMSE(val)=30.383551
[GA][Iter1] Gen:9 Ind:17 RMSE(val)=30.366701
[GA][Iter1] Gen:9 Ind:18 RMSE(val)=30.346768
[GA][Iter1] Gen:9 Ind:19 RMSE(val)=30.266819
[GA][Iter1] Gen:9 Ind:20 RMSE(val)=30.319419
[GA][Iter1] gen=9 best_val_rmse=30.266819
[GA][Iter1] Gen:10 Ind:1 RMSE(val)=30.266819
[GA][Iter1] Gen:10 Ind:2 RMSE(val)=30.266819
[GA][Iter1] Gen:10 Ind:3 RMSE(val)=30.266819
[GA][Iter1] Gen:10 Ind:4 RMSE(val)=30.266819
[GA][Iter1] Gen:10 Ind:5 RMSE(val)=30.266819
[GA][Iter1] Gen:10 Ind:6 RMSE(val)=30.266819
[GA][Iter1] Gen:10 Ind:7 RMSE(val)=30.319419
[GA][Iter1] Gen:10 Ind:8 RMSE(val)=30.319419
[GA][Iter1] Gen:10 Ind:9 RMSE(val)=30.328207
[GA][Iter1] Gen:10 Ind:10 RMSE(val)=30.328207
[GA][Iter1] Gen:10 Ind:11 RMSE(val)=30.396766
[GA][Iter1] Gen:10 Ind:12 RMSE(val)=30.278101
[GA][Iter1] Gen:10 Ind:13 RMSE(val)=30.331279
[GA][Iter1] Gen:10 Ind:14 RMSE(val)=30.319419
[GA][Iter1] Gen:10 Ind:15 RMSE(val)=30.266819
[GA][Iter1] Gen:10 Ind:16 RMSE(val)=30.266819
[GA][Iter1] Gen:10 Ind:17 RMSE(val)=30.346768
[GA][Iter1] Gen:10 Ind:18 RMSE(val)=30.319419
[GA][Iter1] Gen:10 Ind:19 RMSE(val)=30.319419
[GA][Iter1] Gen:10 Ind:20 RMSE(val)=30.336960
[GA][Iter1] gen=10 best_val_rmse=30.266819
[GA][Iter1] Gen:11 Ind:1 RMSE(val)=30.266819
[GA][Iter1] Gen:11 Ind:2 RMSE(val)=30.266819
[GA][Iter1] Gen:11 Ind:3 RMSE(val)=30.266819
[GA][Iter1] Gen:11 Ind:4 RMSE(val)=30.266819
[GA][Iter1] Gen:11 Ind:5 RMSE(val)=30.266819
[GA][Iter1] Gen:11 Ind:6 RMSE(val)=30.266819
[GA][Iter1] Gen:11 Ind:7 RMSE(val)=30.266819
[GA][Iter1] Gen:11 Ind:8 RMSE(val)=30.266819
[GA][Iter1] Gen:11 Ind:9 RMSE(val)=30.278101
[GA][Iter1] Gen:11 Ind:10 RMSE(val)=30.319419
[GA][Iter1] Gen:11 Ind:11 RMSE(val)=30.366701
[GA][Iter1] Gen:11 Ind:12 RMSE(val)=30.266819
[GA][Iter1] Gen:11 Ind:13 RMSE(val)=30.266819
[GA][Iter1] Gen:11 Ind:14 RMSE(val)=30.501036
[GA][Iter1] Gen:11 Ind:15 RMSE(val)=30.278101
[GA][Iter1] Gen:11 Ind:16 RMSE(val)=30.524146
[GA][Iter1] Gen:11 Ind:17 RMSE(val)=30.266819
[GA][Iter1] Gen:11 Ind:18 RMSE(val)=30.148457
[GA][Iter1] Gen:11 Ind:19 RMSE(val)=30.266819
[GA][Iter1] Gen:11 Ind:20 RMSE(val)=30.501868
[GA][Iter1] gen=11 best_val_rmse=30.148457
[GA][Iter1] Gen:12 Ind:1 RMSE(val)=30.148457
[GA][Iter1] Gen:12 Ind:2 RMSE(val)=30.266819
[GA][Iter1] Gen:12 Ind:3 RMSE(val)=30.266819
[GA][Iter1] Gen:12 Ind:4 RMSE(val)=30.266819
[GA][Iter1] Gen:12 Ind:5 RMSE(val)=30.266819
[GA][Iter1] Gen:12 Ind:6 RMSE(val)=30.266819
[GA][Iter1] Gen:12 Ind:7 RMSE(val)=30.266819
[GA][Iter1] Gen:12 Ind:8 RMSE(val)=30.266819
[GA][Iter1] Gen:12 Ind:9 RMSE(val)=30.266819
[GA][Iter1] Gen:12 Ind:10 RMSE(val)=30.266819
[GA][Iter1] Gen:12 Ind:11 RMSE(val)=30.266819
[GA][Iter1] Gen:12 Ind:12 RMSE(val)=30.518388
[GA][Iter1] Gen:12 Ind:13 RMSE(val)=30.366701
[GA][Iter1] Gen:12 Ind:14 RMSE(val)=30.266819
[GA][Iter1] Gen:12 Ind:15 RMSE(val)=30.266819
[GA][Iter1] Gen:12 Ind:16 RMSE(val)=30.266819
[GA][Iter1] Gen:12 Ind:17 RMSE(val)=30.266819
[GA][Iter1] Gen:12 Ind:18 RMSE(val)=30.266819
[GA][Iter1] Gen:12 Ind:19 RMSE(val)=30.584260
[GA][Iter1] Gen:12 Ind:20 RMSE(val)=30.266819
[GA][Iter1] gen=12 best_val_rmse=30.148457
[GA][Iter1] Gen:13 Ind:1 RMSE(val)=30.148457
[GA][Iter1] Gen:13 Ind:2 RMSE(val)=30.266819
[GA][Iter1] Gen:13 Ind:3 RMSE(val)=30.266819
[GA][Iter1] Gen:13 Ind:4 RMSE(val)=30.266819
[GA][Iter1] Gen:13 Ind:5 RMSE(val)=30.266819
[GA][Iter1] Gen:13 Ind:6 RMSE(val)=30.266819
[GA][Iter1] Gen:13 Ind:7 RMSE(val)=30.266819
[GA][Iter1] Gen:13 Ind:8 RMSE(val)=30.266819
[GA][Iter1] Gen:13 Ind:9 RMSE(val)=30.266819
[GA][Iter1] Gen:13 Ind:10 RMSE(val)=30.266819
[GA][Iter1] Gen:13 Ind:11 RMSE(val)=30.626027
[GA][Iter1] Gen:13 Ind:12 RMSE(val)=30.266819
[GA][Iter1] Gen:13 Ind:13 RMSE(val)=30.495323
[GA][Iter1] Gen:13 Ind:14 RMSE(val)=30.266819
[GA][Iter1] Gen:13 Ind:15 RMSE(val)=30.266819
[GA][Iter1] Gen:13 Ind:16 RMSE(val)=30.266819
[GA][Iter1] Gen:13 Ind:17 RMSE(val)=30.266819
[GA][Iter1] Gen:13 Ind:18 RMSE(val)=30.335515
[GA][Iter1] Gen:13 Ind:19 RMSE(val)=30.266819
[GA][Iter1] Gen:13 Ind:20 RMSE(val)=30.266819
[GA][Iter1] gen=13 best_val_rmse=30.148457
[GA][Iter1] Gen:14 Ind:1 RMSE(val)=30.148457
[GA][Iter1] Gen:14 Ind:2 RMSE(val)=30.266819
[GA][Iter1] Gen:14 Ind:3 RMSE(val)=30.266819
[GA][Iter1] Gen:14 Ind:4 RMSE(val)=30.266819
[GA][Iter1] Gen:14 Ind:5 RMSE(val)=30.266819
[GA][Iter1] Gen:14 Ind:6 RMSE(val)=30.266819
[GA][Iter1] Gen:14 Ind:7 RMSE(val)=30.266819
[GA][Iter1] Gen:14 Ind:8 RMSE(val)=30.266819
[GA][Iter1] Gen:14 Ind:9 RMSE(val)=30.266819
[GA][Iter1] Gen:14 Ind:10 RMSE(val)=30.266819
[GA][Iter1] Gen:14 Ind:11 RMSE(val)=30.266819
[GA][Iter1] Gen:14 Ind:12 RMSE(val)=30.266819
[GA][Iter1] Gen:14 Ind:13 RMSE(val)=30.266819
[GA][Iter1] Gen:14 Ind:14 RMSE(val)=30.266819
[GA][Iter1] Gen:14 Ind:15 RMSE(val)=30.266819
[GA][Iter1] Gen:14 Ind:16 RMSE(val)=30.366701
[GA][Iter1] Gen:14 Ind:17 RMSE(val)=30.276080
[GA][Iter1] Gen:14 Ind:18 RMSE(val)=30.266819
[GA][Iter1] Gen:14 Ind:19 RMSE(val)=30.266819
[GA][Iter1] Gen:14 Ind:20 RMSE(val)=30.266819
[GA][Iter1] gen=14 best_val_rmse=30.148457
[GA][Iter1] Gen:15 Ind:1 RMSE(val)=30.148457
[GA][Iter1] Gen:15 Ind:2 RMSE(val)=30.266819
[GA][Iter1] Gen:15 Ind:3 RMSE(val)=30.266819
[GA][Iter1] Gen:15 Ind:4 RMSE(val)=30.266819
[GA][Iter1] Gen:15 Ind:5 RMSE(val)=30.266819
[GA][Iter1] Gen:15 Ind:6 RMSE(val)=30.266819
[GA][Iter1] Gen:15 Ind:7 RMSE(val)=30.266819
[GA][Iter1] Gen:15 Ind:8 RMSE(val)=30.266819
[GA][Iter1] Gen:15 Ind:9 RMSE(val)=30.266819
[GA][Iter1] Gen:15 Ind:10 RMSE(val)=30.266819
[GA][Iter1] Gen:15 Ind:11 RMSE(val)=30.303173
[GA][Iter1] Gen:15 Ind:12 RMSE(val)=30.266819
[GA][Iter1] Gen:15 Ind:13 RMSE(val)=30.266819
[GA][Iter1] Gen:15 Ind:14 RMSE(val)=30.809994
[GA][Iter1] Gen:15 Ind:15 RMSE(val)=30.266819
[GA][Iter1] Gen:15 Ind:16 RMSE(val)=30.266819
[GA][Iter1] Gen:15 Ind:17 RMSE(val)=30.266819
[GA][Iter1] Gen:15 Ind:18 RMSE(val)=30.266819
[GA][Iter1] Gen:15 Ind:19 RMSE(val)=30.266819
[GA][Iter1] Gen:15 Ind:20 RMSE(val)=30.148457
[GA][Iter1] gen=15 best_val_rmse=30.148457
[GA][Iter1] Gen:15 Ind:1 RMSE(val)=30.148457
[GA][Iter1] Gen:15 Ind:2 RMSE(val)=30.148457
[GA][Iter1] Gen:15 Ind:3 RMSE(val)=30.266819
[GA][Iter1] Gen:15 Ind:4 RMSE(val)=30.266819
[GA][Iter1] Gen:15 Ind:5 RMSE(val)=30.266819
[GA][Iter1] Gen:15 Ind:6 RMSE(val)=30.266819
[GA][Iter1] Gen:15 Ind:7 RMSE(val)=30.266819
[GA][Iter1] Gen:15 Ind:8 RMSE(val)=30.266819
[GA][Iter1] Gen:15 Ind:9 RMSE(val)=30.266819
[GA][Iter1] Gen:15 Ind:10 RMSE(val)=30.266819
[GA][Iter1] Gen:15 Ind:11 RMSE(val)=30.266819
[GA][Iter1] Gen:15 Ind:12 RMSE(val)=30.269611
[GA][Iter1] Gen:15 Ind:13 RMSE(val)=30.265888
[GA][Iter1] Gen:15 Ind:14 RMSE(val)=30.266819
[GA][Iter1] Gen:15 Ind:15 RMSE(val)=30.300382
[GA][Iter1] Gen:15 Ind:16 RMSE(val)=30.148457
[GA][Iter1] Gen:15 Ind:17 RMSE(val)=30.266819
[GA][Iter1] Gen:15 Ind:18 RMSE(val)=30.634661
[GA][Iter1] Gen:15 Ind:19 RMSE(val)=30.266819
[GA][Iter1] Gen:15 Ind:20 RMSE(val)=30.507245

[GA DONE][Iter1] Best params on val fold of Iter1
Best val RMSE: 30.148457
Best params: {'n_estimators': 852, 'learning_rate': 0.010777779216573401, 'max_depth': 2, 'min_samples_split': 21, 'min_samples_leaf': 12, 'subsample': 0.7631095378273478, 'max_features': 'log2'}
--------------------------------------------------------------------------------
[RETUNE GA] Iter1: train folds 1..5 -> test fold 6  RMSE=33.602630  NRMSE=0.959275  CVRMSE=0.094079  R2=0.071191
[GA][Iter2] Gen:1 Ind:1 RMSE(val)=34.253879
[GA][Iter2] Gen:1 Ind:2 RMSE(val)=35.711892
[GA][Iter2] Gen:1 Ind:3 RMSE(val)=35.624373
[GA][Iter2] Gen:1 Ind:4 RMSE(val)=36.855386
[GA][Iter2] Gen:1 Ind:5 RMSE(val)=36.922767
[GA][Iter2] Gen:1 Ind:6 RMSE(val)=33.916521
[GA][Iter2] Gen:1 Ind:7 RMSE(val)=35.798331
[GA][Iter2] Gen:1 Ind:8 RMSE(val)=36.475005
[GA][Iter2] Gen:1 Ind:9 RMSE(val)=34.244651
[GA][Iter2] Gen:1 Ind:10 RMSE(val)=35.011200
[GA][Iter2] Gen:1 Ind:11 RMSE(val)=37.366930
[GA][Iter2] Gen:1 Ind:12 RMSE(val)=34.186874
[GA][Iter2] Gen:1 Ind:13 RMSE(val)=40.096488
[GA][Iter2] Gen:1 Ind:14 RMSE(val)=33.295021
[GA][Iter2] Gen:1 Ind:15 RMSE(val)=37.941357
[GA][Iter2] Gen:1 Ind:16 RMSE(val)=35.934733
[GA][Iter2] Gen:1 Ind:17 RMSE(val)=37.025860
[GA][Iter2] Gen:1 Ind:18 RMSE(val)=34.848154
[GA][Iter2] Gen:1 Ind:19 RMSE(val)=41.161634
[GA][Iter2] Gen:1 Ind:20 RMSE(val)=39.959930
[GA][Iter2] gen=1 best_val_rmse=33.295021
[GA][Iter2] Gen:2 Ind:1 RMSE(val)=33.295021
[GA][Iter2] Gen:2 Ind:2 RMSE(val)=33.916521
[GA][Iter2] Gen:2 Ind:3 RMSE(val)=34.186874
[GA][Iter2] Gen:2 Ind:4 RMSE(val)=34.244651
[GA][Iter2] Gen:2 Ind:5 RMSE(val)=34.253879
[GA][Iter2] Gen:2 Ind:6 RMSE(val)=34.848154
[GA][Iter2] Gen:2 Ind:7 RMSE(val)=35.011200
[GA][Iter2] Gen:2 Ind:8 RMSE(val)=35.624373
[GA][Iter2] Gen:2 Ind:9 RMSE(val)=35.711892
[GA][Iter2] Gen:2 Ind:10 RMSE(val)=35.798331
[GA][Iter2] Gen:2 Ind:11 RMSE(val)=36.319619
[GA][Iter2] Gen:2 Ind:12 RMSE(val)=34.546760
[GA][Iter2] Gen:2 Ind:13 RMSE(val)=33.495273
[GA][Iter2] Gen:2 Ind:14 RMSE(val)=36.197459
[GA][Iter2] Gen:2 Ind:15 RMSE(val)=33.738314
[GA][Iter2] Gen:2 Ind:16 RMSE(val)=33.715509
[GA][Iter2] Gen:2 Ind:17 RMSE(val)=35.960514
[GA][Iter2] Gen:2 Ind:18 RMSE(val)=33.388661
[GA][Iter2] Gen:2 Ind:19 RMSE(val)=33.949091
[GA][Iter2] Gen:2 Ind:20 RMSE(val)=33.800337
[GA][Iter2] gen=2 best_val_rmse=33.295021
[GA][Iter2] Gen:3 Ind:1 RMSE(val)=33.295021
[GA][Iter2] Gen:3 Ind:2 RMSE(val)=33.388661
[GA][Iter2] Gen:3 Ind:3 RMSE(val)=33.495273
[GA][Iter2] Gen:3 Ind:4 RMSE(val)=33.715509
[GA][Iter2] Gen:3 Ind:5 RMSE(val)=33.738314
[GA][Iter2] Gen:3 Ind:6 RMSE(val)=33.800337
[GA][Iter2] Gen:3 Ind:7 RMSE(val)=33.916521
[GA][Iter2] Gen:3 Ind:8 RMSE(val)=33.949091
[GA][Iter2] Gen:3 Ind:9 RMSE(val)=34.186874
[GA][Iter2] Gen:3 Ind:10 RMSE(val)=34.244651
[GA][Iter2] Gen:3 Ind:11 RMSE(val)=34.607100
[GA][Iter2] Gen:3 Ind:12 RMSE(val)=33.796351
[GA][Iter2] Gen:3 Ind:13 RMSE(val)=33.205618
[GA][Iter2] Gen:3 Ind:14 RMSE(val)=33.450310
[GA][Iter2] Gen:3 Ind:15 RMSE(val)=33.346944
[GA][Iter2] Gen:3 Ind:16 RMSE(val)=33.265293
[GA][Iter2] Gen:3 Ind:17 RMSE(val)=35.343909
[GA][Iter2] Gen:3 Ind:18 RMSE(val)=33.639261
[GA][Iter2] Gen:3 Ind:19 RMSE(val)=33.631578
[GA][Iter2] Gen:3 Ind:20 RMSE(val)=34.260403
[GA][Iter2] gen=3 best_val_rmse=33.205618
[GA][Iter2] Gen:4 Ind:1 RMSE(val)=33.205618
[GA][Iter2] Gen:4 Ind:2 RMSE(val)=33.265293
[GA][Iter2] Gen:4 Ind:3 RMSE(val)=33.295021
[GA][Iter2] Gen:4 Ind:4 RMSE(val)=33.346944
[GA][Iter2] Gen:4 Ind:5 RMSE(val)=33.388661
[GA][Iter2] Gen:4 Ind:6 RMSE(val)=33.450310
[GA][Iter2] Gen:4 Ind:7 RMSE(val)=33.495273
[GA][Iter2] Gen:4 Ind:8 RMSE(val)=33.631578
[GA][Iter2] Gen:4 Ind:9 RMSE(val)=33.639261
[GA][Iter2] Gen:4 Ind:10 RMSE(val)=33.715509
[GA][Iter2] Gen:4 Ind:11 RMSE(val)=33.437723
[GA][Iter2] Gen:4 Ind:12 RMSE(val)=34.095731
[GA][Iter2] Gen:4 Ind:13 RMSE(val)=33.639045
[GA][Iter2] Gen:4 Ind:14 RMSE(val)=33.455949
[GA][Iter2] Gen:4 Ind:15 RMSE(val)=33.247194
[GA][Iter2] Gen:4 Ind:16 RMSE(val)=33.205618
[GA][Iter2] Gen:4 Ind:17 RMSE(val)=33.466171
[GA][Iter2] Gen:4 Ind:18 RMSE(val)=33.431893
[GA][Iter2] Gen:4 Ind:19 RMSE(val)=33.465102
[GA][Iter2] Gen:4 Ind:20 RMSE(val)=33.532451
[GA][Iter2] gen=4 best_val_rmse=33.205618
[GA][Iter2] Gen:5 Ind:1 RMSE(val)=33.205618
[GA][Iter2] Gen:5 Ind:2 RMSE(val)=33.205618
[GA][Iter2] Gen:5 Ind:3 RMSE(val)=33.247194
[GA][Iter2] Gen:5 Ind:4 RMSE(val)=33.265293
[GA][Iter2] Gen:5 Ind:5 RMSE(val)=33.295021
[GA][Iter2] Gen:5 Ind:6 RMSE(val)=33.346944
[GA][Iter2] Gen:5 Ind:7 RMSE(val)=33.388661
[GA][Iter2] Gen:5 Ind:8 RMSE(val)=33.431893
[GA][Iter2] Gen:5 Ind:9 RMSE(val)=33.437723
[GA][Iter2] Gen:5 Ind:10 RMSE(val)=33.450310
[GA][Iter2] Gen:5 Ind:11 RMSE(val)=33.811967
[GA][Iter2] Gen:5 Ind:12 RMSE(val)=33.351515
[GA][Iter2] Gen:5 Ind:13 RMSE(val)=33.450310
[GA][Iter2] Gen:5 Ind:14 RMSE(val)=33.483428
[GA][Iter2] Gen:5 Ind:15 RMSE(val)=33.327978
[GA][Iter2] Gen:5 Ind:16 RMSE(val)=33.410220
[GA][Iter2] Gen:5 Ind:17 RMSE(val)=33.610805
[GA][Iter2] Gen:5 Ind:18 RMSE(val)=33.358946
[GA][Iter2] Gen:5 Ind:19 RMSE(val)=33.762531
[GA][Iter2] Gen:5 Ind:20 RMSE(val)=33.228331
[GA][Iter2] gen=5 best_val_rmse=33.205618
[GA][Iter2] Gen:6 Ind:1 RMSE(val)=33.205618
[GA][Iter2] Gen:6 Ind:2 RMSE(val)=33.205618
[GA][Iter2] Gen:6 Ind:3 RMSE(val)=33.228331
[GA][Iter2] Gen:6 Ind:4 RMSE(val)=33.247194
[GA][Iter2] Gen:6 Ind:5 RMSE(val)=33.265293
[GA][Iter2] Gen:6 Ind:6 RMSE(val)=33.295021
[GA][Iter2] Gen:6 Ind:7 RMSE(val)=33.327978
[GA][Iter2] Gen:6 Ind:8 RMSE(val)=33.346944
[GA][Iter2] Gen:6 Ind:9 RMSE(val)=33.351515
[GA][Iter2] Gen:6 Ind:10 RMSE(val)=33.358946
[GA][Iter2] Gen:6 Ind:11 RMSE(val)=33.326203
[GA][Iter2] Gen:6 Ind:12 RMSE(val)=33.268571
[GA][Iter2] Gen:6 Ind:13 RMSE(val)=33.490357
[GA][Iter2] Gen:6 Ind:14 RMSE(val)=33.205618
[GA][Iter2] Gen:6 Ind:15 RMSE(val)=33.278597
[GA][Iter2] Gen:6 Ind:16 RMSE(val)=33.327978
[GA][Iter2] Gen:6 Ind:17 RMSE(val)=33.358946
[GA][Iter2] Gen:6 Ind:18 RMSE(val)=33.295021
[GA][Iter2] Gen:6 Ind:19 RMSE(val)=33.351515
[GA][Iter2] Gen:6 Ind:20 RMSE(val)=33.537718
[GA][Iter2] gen=6 best_val_rmse=33.205618
[GA][Iter2] Gen:7 Ind:1 RMSE(val)=33.205618
[GA][Iter2] Gen:7 Ind:2 RMSE(val)=33.205618
[GA][Iter2] Gen:7 Ind:3 RMSE(val)=33.205618
[GA][Iter2] Gen:7 Ind:4 RMSE(val)=33.228331
[GA][Iter2] Gen:7 Ind:5 RMSE(val)=33.247194
[GA][Iter2] Gen:7 Ind:6 RMSE(val)=33.265293
[GA][Iter2] Gen:7 Ind:7 RMSE(val)=33.268571
[GA][Iter2] Gen:7 Ind:8 RMSE(val)=33.278597
[GA][Iter2] Gen:7 Ind:9 RMSE(val)=33.295021
[GA][Iter2] Gen:7 Ind:10 RMSE(val)=33.295021
[GA][Iter2] Gen:7 Ind:11 RMSE(val)=33.166516
[GA][Iter2] Gen:7 Ind:12 RMSE(val)=33.179908
[GA][Iter2] Gen:7 Ind:13 RMSE(val)=33.160421
[GA][Iter2] Gen:7 Ind:14 RMSE(val)=33.205618
[GA][Iter2] Gen:7 Ind:15 RMSE(val)=33.341418
[GA][Iter2] Gen:7 Ind:16 RMSE(val)=33.727164
[GA][Iter2] Gen:7 Ind:17 RMSE(val)=33.141795
[GA][Iter2] Gen:7 Ind:18 RMSE(val)=33.205618
[GA][Iter2] Gen:7 Ind:19 RMSE(val)=33.228331
[GA][Iter2] Gen:7 Ind:20 RMSE(val)=33.361946
[GA][Iter2] gen=7 best_val_rmse=33.141795
[GA][Iter2] Gen:8 Ind:1 RMSE(val)=33.141795
[GA][Iter2] Gen:8 Ind:2 RMSE(val)=33.160421
[GA][Iter2] Gen:8 Ind:3 RMSE(val)=33.166516
[GA][Iter2] Gen:8 Ind:4 RMSE(val)=33.179908
[GA][Iter2] Gen:8 Ind:5 RMSE(val)=33.205618
[GA][Iter2] Gen:8 Ind:6 RMSE(val)=33.205618
[GA][Iter2] Gen:8 Ind:7 RMSE(val)=33.205618
[GA][Iter2] Gen:8 Ind:8 RMSE(val)=33.205618
[GA][Iter2] Gen:8 Ind:9 RMSE(val)=33.205618
[GA][Iter2] Gen:8 Ind:10 RMSE(val)=33.228331
[GA][Iter2] Gen:8 Ind:11 RMSE(val)=33.205618
[GA][Iter2] Gen:8 Ind:12 RMSE(val)=33.488916
[GA][Iter2] Gen:8 Ind:13 RMSE(val)=33.160421
[GA][Iter2] Gen:8 Ind:14 RMSE(val)=33.488916
[GA][Iter2] Gen:8 Ind:15 RMSE(val)=33.205618
[GA][Iter2] Gen:8 Ind:16 RMSE(val)=33.410318
[GA][Iter2] Gen:8 Ind:17 RMSE(val)=33.160770
[GA][Iter2] Gen:8 Ind:18 RMSE(val)=33.236002
[GA][Iter2] Gen:8 Ind:19 RMSE(val)=33.205618
[GA][Iter2] Gen:8 Ind:20 RMSE(val)=33.199917
[GA][Iter2] gen=8 best_val_rmse=33.141795
[GA][Iter2] Gen:9 Ind:1 RMSE(val)=33.141795
[GA][Iter2] Gen:9 Ind:2 RMSE(val)=33.160421
[GA][Iter2] Gen:9 Ind:3 RMSE(val)=33.160421
[GA][Iter2] Gen:9 Ind:4 RMSE(val)=33.160770
[GA][Iter2] Gen:9 Ind:5 RMSE(val)=33.166516
[GA][Iter2] Gen:9 Ind:6 RMSE(val)=33.179908
[GA][Iter2] Gen:9 Ind:7 RMSE(val)=33.199917
[GA][Iter2] Gen:9 Ind:8 RMSE(val)=33.205618
[GA][Iter2] Gen:9 Ind:9 RMSE(val)=33.205618
[GA][Iter2] Gen:9 Ind:10 RMSE(val)=33.205618
[GA][Iter2] Gen:9 Ind:11 RMSE(val)=33.199917
[GA][Iter2] Gen:9 Ind:12 RMSE(val)=33.160421
[GA][Iter2] Gen:9 Ind:13 RMSE(val)=33.174170
[GA][Iter2] Gen:9 Ind:14 RMSE(val)=33.326702
[GA][Iter2] Gen:9 Ind:15 RMSE(val)=33.478123
[GA][Iter2] Gen:9 Ind:16 RMSE(val)=33.294506
[GA][Iter2] Gen:9 Ind:17 RMSE(val)=33.160770
[GA][Iter2] Gen:9 Ind:18 RMSE(val)=33.295021
[GA][Iter2] Gen:9 Ind:19 RMSE(val)=33.269942
[GA][Iter2] Gen:9 Ind:20 RMSE(val)=33.166516
[GA][Iter2] gen=9 best_val_rmse=33.141795
[GA][Iter2] Gen:10 Ind:1 RMSE(val)=33.141795
[GA][Iter2] Gen:10 Ind:2 RMSE(val)=33.160421
[GA][Iter2] Gen:10 Ind:3 RMSE(val)=33.160421
[GA][Iter2] Gen:10 Ind:4 RMSE(val)=33.160421
[GA][Iter2] Gen:10 Ind:5 RMSE(val)=33.160770
[GA][Iter2] Gen:10 Ind:6 RMSE(val)=33.160770
[GA][Iter2] Gen:10 Ind:7 RMSE(val)=33.166516
[GA][Iter2] Gen:10 Ind:8 RMSE(val)=33.166516
[GA][Iter2] Gen:10 Ind:9 RMSE(val)=33.174170
[GA][Iter2] Gen:10 Ind:10 RMSE(val)=33.179908
[GA][Iter2] Gen:10 Ind:11 RMSE(val)=33.194298
[GA][Iter2] Gen:10 Ind:12 RMSE(val)=33.151267
[GA][Iter2] Gen:10 Ind:13 RMSE(val)=33.178507
[GA][Iter2] Gen:10 Ind:14 RMSE(val)=33.152229
[GA][Iter2] Gen:10 Ind:15 RMSE(val)=33.160770
[GA][Iter2] Gen:10 Ind:16 RMSE(val)=33.151267
[GA][Iter2] Gen:10 Ind:17 RMSE(val)=33.166516
[GA][Iter2] Gen:10 Ind:18 RMSE(val)=33.166516
[GA][Iter2] Gen:10 Ind:19 RMSE(val)=33.166516
[GA][Iter2] Gen:10 Ind:20 RMSE(val)=33.145121
[GA][Iter2] gen=10 best_val_rmse=33.141795
[GA][Iter2] Gen:11 Ind:1 RMSE(val)=33.141795
[GA][Iter2] Gen:11 Ind:2 RMSE(val)=33.145121
[GA][Iter2] Gen:11 Ind:3 RMSE(val)=33.151267
[GA][Iter2] Gen:11 Ind:4 RMSE(val)=33.151267
[GA][Iter2] Gen:11 Ind:5 RMSE(val)=33.152229
[GA][Iter2] Gen:11 Ind:6 RMSE(val)=33.160421
[GA][Iter2] Gen:11 Ind:7 RMSE(val)=33.160421
[GA][Iter2] Gen:11 Ind:8 RMSE(val)=33.160421
[GA][Iter2] Gen:11 Ind:9 RMSE(val)=33.160770
[GA][Iter2] Gen:11 Ind:10 RMSE(val)=33.160770
[GA][Iter2] Gen:11 Ind:11 RMSE(val)=33.178507
[GA][Iter2] Gen:11 Ind:12 RMSE(val)=33.160421
[GA][Iter2] Gen:11 Ind:13 RMSE(val)=33.239574
[GA][Iter2] Gen:11 Ind:14 RMSE(val)=33.160770
[GA][Iter2] Gen:11 Ind:15 RMSE(val)=33.278708
[GA][Iter2] Gen:11 Ind:16 RMSE(val)=33.390469
[GA][Iter2] Gen:11 Ind:17 RMSE(val)=33.160421
[GA][Iter2] Gen:11 Ind:18 RMSE(val)=33.378124
[GA][Iter2] Gen:11 Ind:19 RMSE(val)=33.279009
[GA][Iter2] Gen:11 Ind:20 RMSE(val)=33.442314
[GA][Iter2] gen=11 best_val_rmse=33.141795
[GA][Iter2] Gen:12 Ind:1 RMSE(val)=33.141795
[GA][Iter2] Gen:12 Ind:2 RMSE(val)=33.145121
[GA][Iter2] Gen:12 Ind:3 RMSE(val)=33.151267
[GA][Iter2] Gen:12 Ind:4 RMSE(val)=33.151267
[GA][Iter2] Gen:12 Ind:5 RMSE(val)=33.152229
[GA][Iter2] Gen:12 Ind:6 RMSE(val)=33.160421
[GA][Iter2] Gen:12 Ind:7 RMSE(val)=33.160421
[GA][Iter2] Gen:12 Ind:8 RMSE(val)=33.160421
[GA][Iter2] Gen:12 Ind:9 RMSE(val)=33.160421
[GA][Iter2] Gen:12 Ind:10 RMSE(val)=33.160421
[GA][Iter2] Gen:12 Ind:11 RMSE(val)=33.193936
[GA][Iter2] Gen:12 Ind:12 RMSE(val)=33.161112
[GA][Iter2] Gen:12 Ind:13 RMSE(val)=33.289618
[GA][Iter2] Gen:12 Ind:14 RMSE(val)=33.701705
[GA][Iter2] Gen:12 Ind:15 RMSE(val)=33.284919
[GA][Iter2] Gen:12 Ind:16 RMSE(val)=33.152229
[GA][Iter2] Gen:12 Ind:17 RMSE(val)=33.160421
[GA][Iter2] Gen:12 Ind:18 RMSE(val)=33.464911
[GA][Iter2] Gen:12 Ind:19 RMSE(val)=33.860949
[GA][Iter2] Gen:12 Ind:20 RMSE(val)=33.160421
[GA][Iter2] gen=12 best_val_rmse=33.141795
[GA][Iter2] Gen:13 Ind:1 RMSE(val)=33.141795
[GA][Iter2] Gen:13 Ind:2 RMSE(val)=33.145121
[GA][Iter2] Gen:13 Ind:3 RMSE(val)=33.151267
[GA][Iter2] Gen:13 Ind:4 RMSE(val)=33.151267
[GA][Iter2] Gen:13 Ind:5 RMSE(val)=33.152229
[GA][Iter2] Gen:13 Ind:6 RMSE(val)=33.152229
[GA][Iter2] Gen:13 Ind:7 RMSE(val)=33.160421
[GA][Iter2] Gen:13 Ind:8 RMSE(val)=33.160421
[GA][Iter2] Gen:13 Ind:9 RMSE(val)=33.160421
[GA][Iter2] Gen:13 Ind:10 RMSE(val)=33.160421
[GA][Iter2] Gen:13 Ind:11 RMSE(val)=33.277238
[GA][Iter2] Gen:13 Ind:12 RMSE(val)=33.390469
[GA][Iter2] Gen:13 Ind:13 RMSE(val)=33.287629
[GA][Iter2] Gen:13 Ind:14 RMSE(val)=33.160421
[GA][Iter2] Gen:13 Ind:15 RMSE(val)=33.160421
[GA][Iter2] Gen:13 Ind:16 RMSE(val)=33.174170
[GA][Iter2] Gen:13 Ind:17 RMSE(val)=33.160421
[GA][Iter2] Gen:13 Ind:18 RMSE(val)=33.731902
[GA][Iter2] Gen:13 Ind:19 RMSE(val)=33.341982
[GA][Iter2] Gen:13 Ind:20 RMSE(val)=33.151267
[GA][Iter2] gen=13 best_val_rmse=33.141795
[GA][Iter2] Gen:14 Ind:1 RMSE(val)=33.141795
[GA][Iter2] Gen:14 Ind:2 RMSE(val)=33.145121
[GA][Iter2] Gen:14 Ind:3 RMSE(val)=33.151267
[GA][Iter2] Gen:14 Ind:4 RMSE(val)=33.151267
[GA][Iter2] Gen:14 Ind:5 RMSE(val)=33.151267
[GA][Iter2] Gen:14 Ind:6 RMSE(val)=33.152229
[GA][Iter2] Gen:14 Ind:7 RMSE(val)=33.152229
[GA][Iter2] Gen:14 Ind:8 RMSE(val)=33.160421
[GA][Iter2] Gen:14 Ind:9 RMSE(val)=33.160421
[GA][Iter2] Gen:14 Ind:10 RMSE(val)=33.160421
[GA][Iter2] Gen:14 Ind:11 RMSE(val)=33.135482
[GA][Iter2] Gen:14 Ind:12 RMSE(val)=33.279009
[GA][Iter2] Gen:14 Ind:13 RMSE(val)=33.138122
[GA][Iter2] Gen:14 Ind:14 RMSE(val)=33.151267
[GA][Iter2] Gen:14 Ind:15 RMSE(val)=33.160421
[GA][Iter2] Gen:14 Ind:16 RMSE(val)=33.397513
[GA][Iter2] Gen:14 Ind:17 RMSE(val)=33.162436
[GA][Iter2] Gen:14 Ind:18 RMSE(val)=33.151267
[GA][Iter2] Gen:14 Ind:19 RMSE(val)=33.151267
[GA][Iter2] Gen:14 Ind:20 RMSE(val)=33.239574
[GA][Iter2] gen=14 best_val_rmse=33.135482
[GA][Iter2] Gen:15 Ind:1 RMSE(val)=33.135482
[GA][Iter2] Gen:15 Ind:2 RMSE(val)=33.138122
[GA][Iter2] Gen:15 Ind:3 RMSE(val)=33.141795
[GA][Iter2] Gen:15 Ind:4 RMSE(val)=33.145121
[GA][Iter2] Gen:15 Ind:5 RMSE(val)=33.151267
[GA][Iter2] Gen:15 Ind:6 RMSE(val)=33.151267
[GA][Iter2] Gen:15 Ind:7 RMSE(val)=33.151267
[GA][Iter2] Gen:15 Ind:8 RMSE(val)=33.151267
[GA][Iter2] Gen:15 Ind:9 RMSE(val)=33.151267
[GA][Iter2] Gen:15 Ind:10 RMSE(val)=33.151267
[GA][Iter2] Gen:15 Ind:11 RMSE(val)=33.365017
[GA][Iter2] Gen:15 Ind:12 RMSE(val)=33.138122
[GA][Iter2] Gen:15 Ind:13 RMSE(val)=33.151267
[GA][Iter2] Gen:15 Ind:14 RMSE(val)=33.046409
[GA][Iter2] Gen:15 Ind:15 RMSE(val)=33.264800
[GA][Iter2] Gen:15 Ind:16 RMSE(val)=33.151267
[GA][Iter2] Gen:15 Ind:17 RMSE(val)=33.151267
[GA][Iter2] Gen:15 Ind:18 RMSE(val)=33.160421
[GA][Iter2] Gen:15 Ind:19 RMSE(val)=33.178507
[GA][Iter2] Gen:15 Ind:20 RMSE(val)=33.269556
[GA][Iter2] gen=15 best_val_rmse=33.046409
[GA][Iter2] Gen:15 Ind:1 RMSE(val)=33.046409
[GA][Iter2] Gen:15 Ind:2 RMSE(val)=33.135482
[GA][Iter2] Gen:15 Ind:3 RMSE(val)=33.138122
[GA][Iter2] Gen:15 Ind:4 RMSE(val)=33.138122
[GA][Iter2] Gen:15 Ind:5 RMSE(val)=33.141795
[GA][Iter2] Gen:15 Ind:6 RMSE(val)=33.145121
[GA][Iter2] Gen:15 Ind:7 RMSE(val)=33.151267
[GA][Iter2] Gen:15 Ind:8 RMSE(val)=33.151267
[GA][Iter2] Gen:15 Ind:9 RMSE(val)=33.151267
[GA][Iter2] Gen:15 Ind:10 RMSE(val)=33.151267
[GA][Iter2] Gen:15 Ind:11 RMSE(val)=33.151267
[GA][Iter2] Gen:15 Ind:12 RMSE(val)=33.219982
[GA][Iter2] Gen:15 Ind:13 RMSE(val)=33.310941
[GA][Iter2] Gen:15 Ind:14 RMSE(val)=33.109865
[GA][Iter2] Gen:15 Ind:15 RMSE(val)=33.241746
[GA][Iter2] Gen:15 Ind:16 RMSE(val)=33.053253
[GA][Iter2] Gen:15 Ind:17 RMSE(val)=33.151267
[GA][Iter2] Gen:15 Ind:18 RMSE(val)=33.273225
[GA][Iter2] Gen:15 Ind:19 RMSE(val)=33.390364
[GA][Iter2] Gen:15 Ind:20 RMSE(val)=33.158863

[GA DONE][Iter2] Best params on val fold of Iter2
Best val RMSE: 33.046409
Best params: {'n_estimators': 937, 'learning_rate': 0.004423614279776585, 'max_depth': 4, 'min_samples_split': 30, 'min_samples_leaf': 8, 'subsample': 0.6850506176216562, 'max_features': 'sqrt'}
--------------------------------------------------------------------------------
[RETUNE GA] Iter2: train folds 1..6 -> test fold 7  RMSE=32.931901  NRMSE=1.324566  CVRMSE=0.095416  R2=-0.770872
[GA][Iter3] Gen:1 Ind:1 RMSE(val)=35.353019
[GA][Iter3] Gen:1 Ind:2 RMSE(val)=37.245128
[GA][Iter3] Gen:1 Ind:3 RMSE(val)=39.223949
[GA][Iter3] Gen:1 Ind:4 RMSE(val)=36.072870
[GA][Iter3] Gen:1 Ind:5 RMSE(val)=42.726423
[GA][Iter3] Gen:1 Ind:6 RMSE(val)=31.524571
[GA][Iter3] Gen:1 Ind:7 RMSE(val)=40.179377
[GA][Iter3] Gen:1 Ind:8 RMSE(val)=43.520959
[GA][Iter3] Gen:1 Ind:9 RMSE(val)=37.135296
[GA][Iter3] Gen:1 Ind:10 RMSE(val)=39.788068
[GA][Iter3] Gen:1 Ind:11 RMSE(val)=43.068093
[GA][Iter3] Gen:1 Ind:12 RMSE(val)=40.008597
[GA][Iter3] Gen:1 Ind:13 RMSE(val)=50.386394
[GA][Iter3] Gen:1 Ind:14 RMSE(val)=34.899650
[GA][Iter3] Gen:1 Ind:15 RMSE(val)=44.522585
[GA][Iter3] Gen:1 Ind:16 RMSE(val)=36.713998
[GA][Iter3] Gen:1 Ind:17 RMSE(val)=40.665301
[GA][Iter3] Gen:1 Ind:18 RMSE(val)=39.452294
[GA][Iter3] Gen:1 Ind:19 RMSE(val)=37.879673
[GA][Iter3] Gen:1 Ind:20 RMSE(val)=46.164958
[GA][Iter3] gen=1 best_val_rmse=31.524571
[GA][Iter3] Gen:2 Ind:1 RMSE(val)=31.524571
[GA][Iter3] Gen:2 Ind:2 RMSE(val)=34.899650
[GA][Iter3] Gen:2 Ind:3 RMSE(val)=35.353019
[GA][Iter3] Gen:2 Ind:4 RMSE(val)=36.072870
[GA][Iter3] Gen:2 Ind:5 RMSE(val)=36.713998
[GA][Iter3] Gen:2 Ind:6 RMSE(val)=37.135296
[GA][Iter3] Gen:2 Ind:7 RMSE(val)=37.245128
[GA][Iter3] Gen:2 Ind:8 RMSE(val)=37.879673
[GA][Iter3] Gen:2 Ind:9 RMSE(val)=39.223949
[GA][Iter3] Gen:2 Ind:10 RMSE(val)=39.452294
[GA][Iter3] Gen:2 Ind:11 RMSE(val)=37.928593
[GA][Iter3] Gen:2 Ind:12 RMSE(val)=43.023384
[GA][Iter3] Gen:2 Ind:13 RMSE(val)=34.197855
[GA][Iter3] Gen:2 Ind:14 RMSE(val)=36.716645
[GA][Iter3] Gen:2 Ind:15 RMSE(val)=37.796362
[GA][Iter3] Gen:2 Ind:16 RMSE(val)=31.524571
[GA][Iter3] Gen:2 Ind:17 RMSE(val)=39.602898
[GA][Iter3] Gen:2 Ind:18 RMSE(val)=32.995247
[GA][Iter3] Gen:2 Ind:19 RMSE(val)=42.707504
[GA][Iter3] Gen:2 Ind:20 RMSE(val)=37.743580
[GA][Iter3] gen=2 best_val_rmse=31.524571
[GA][Iter3] Gen:3 Ind:1 RMSE(val)=31.524571
[GA][Iter3] Gen:3 Ind:2 RMSE(val)=31.524571
[GA][Iter3] Gen:3 Ind:3 RMSE(val)=32.995247
[GA][Iter3] Gen:3 Ind:4 RMSE(val)=34.197855
[GA][Iter3] Gen:3 Ind:5 RMSE(val)=34.899650
[GA][Iter3] Gen:3 Ind:6 RMSE(val)=35.353019
[GA][Iter3] Gen:3 Ind:7 RMSE(val)=36.072870
[GA][Iter3] Gen:3 Ind:8 RMSE(val)=36.713998
[GA][Iter3] Gen:3 Ind:9 RMSE(val)=36.716645
[GA][Iter3] Gen:3 Ind:10 RMSE(val)=37.135296
[GA][Iter3] Gen:3 Ind:11 RMSE(val)=34.425812
[GA][Iter3] Gen:3 Ind:12 RMSE(val)=38.524141
[GA][Iter3] Gen:3 Ind:13 RMSE(val)=33.421644
[GA][Iter3] Gen:3 Ind:14 RMSE(val)=43.335421
[GA][Iter3] Gen:3 Ind:15 RMSE(val)=31.524571
[GA][Iter3] Gen:3 Ind:16 RMSE(val)=35.281919
[GA][Iter3] Gen:3 Ind:17 RMSE(val)=36.668143
[GA][Iter3] Gen:3 Ind:18 RMSE(val)=34.091354
[GA][Iter3] Gen:3 Ind:19 RMSE(val)=33.679662
[GA][Iter3] Gen:3 Ind:20 RMSE(val)=37.814019
[GA][Iter3] gen=3 best_val_rmse=31.524571
[GA][Iter3] Gen:4 Ind:1 RMSE(val)=31.524571
[GA][Iter3] Gen:4 Ind:2 RMSE(val)=31.524571
[GA][Iter3] Gen:4 Ind:3 RMSE(val)=31.524571
[GA][Iter3] Gen:4 Ind:4 RMSE(val)=32.995247
[GA][Iter3] Gen:4 Ind:5 RMSE(val)=33.421644
[GA][Iter3] Gen:4 Ind:6 RMSE(val)=33.679662
[GA][Iter3] Gen:4 Ind:7 RMSE(val)=34.091354
[GA][Iter3] Gen:4 Ind:8 RMSE(val)=34.197855
[GA][Iter3] Gen:4 Ind:9 RMSE(val)=34.425812
[GA][Iter3] Gen:4 Ind:10 RMSE(val)=34.899650
[GA][Iter3] Gen:4 Ind:11 RMSE(val)=34.425812
[GA][Iter3] Gen:4 Ind:12 RMSE(val)=31.810860
[GA][Iter3] Gen:4 Ind:13 RMSE(val)=32.356471
[GA][Iter3] Gen:4 Ind:14 RMSE(val)=33.857201
[GA][Iter3] Gen:4 Ind:15 RMSE(val)=32.201910
[GA][Iter3] Gen:4 Ind:16 RMSE(val)=31.348432
[GA][Iter3] Gen:4 Ind:17 RMSE(val)=34.899650
[GA][Iter3] Gen:4 Ind:18 RMSE(val)=33.573035
[GA][Iter3] Gen:4 Ind:19 RMSE(val)=34.071608
[GA][Iter3] Gen:4 Ind:20 RMSE(val)=31.459182
[GA][Iter3] gen=4 best_val_rmse=31.348432
[GA][Iter3] Gen:5 Ind:1 RMSE(val)=31.348432
[GA][Iter3] Gen:5 Ind:2 RMSE(val)=31.459182
[GA][Iter3] Gen:5 Ind:3 RMSE(val)=31.524571
[GA][Iter3] Gen:5 Ind:4 RMSE(val)=31.524571
[GA][Iter3] Gen:5 Ind:5 RMSE(val)=31.524571
[GA][Iter3] Gen:5 Ind:6 RMSE(val)=31.810860
[GA][Iter3] Gen:5 Ind:7 RMSE(val)=32.201910
[GA][Iter3] Gen:5 Ind:8 RMSE(val)=32.356471
[GA][Iter3] Gen:5 Ind:9 RMSE(val)=32.995247
[GA][Iter3] Gen:5 Ind:10 RMSE(val)=33.421644
[GA][Iter3] Gen:5 Ind:11 RMSE(val)=31.396471
[GA][Iter3] Gen:5 Ind:12 RMSE(val)=32.201910
[GA][Iter3] Gen:5 Ind:13 RMSE(val)=33.421644
[GA][Iter3] Gen:5 Ind:14 RMSE(val)=32.356471
[GA][Iter3] Gen:5 Ind:15 RMSE(val)=31.524571
[GA][Iter3] Gen:5 Ind:16 RMSE(val)=33.481991
[GA][Iter3] Gen:5 Ind:17 RMSE(val)=32.969139
[GA][Iter3] Gen:5 Ind:18 RMSE(val)=33.857201
[GA][Iter3] Gen:5 Ind:19 RMSE(val)=33.857201
[GA][Iter3] Gen:5 Ind:20 RMSE(val)=31.518253
[GA][Iter3] gen=5 best_val_rmse=31.348432
[GA][Iter3] Gen:6 Ind:1 RMSE(val)=31.348432
[GA][Iter3] Gen:6 Ind:2 RMSE(val)=31.396471
[GA][Iter3] Gen:6 Ind:3 RMSE(val)=31.459182
[GA][Iter3] Gen:6 Ind:4 RMSE(val)=31.518253
[GA][Iter3] Gen:6 Ind:5 RMSE(val)=31.524571
[GA][Iter3] Gen:6 Ind:6 RMSE(val)=31.524571
[GA][Iter3] Gen:6 Ind:7 RMSE(val)=31.524571
[GA][Iter3] Gen:6 Ind:8 RMSE(val)=31.524571
[GA][Iter3] Gen:6 Ind:9 RMSE(val)=31.810860
[GA][Iter3] Gen:6 Ind:10 RMSE(val)=32.201910
[GA][Iter3] Gen:6 Ind:11 RMSE(val)=31.568715
[GA][Iter3] Gen:6 Ind:12 RMSE(val)=29.421774
[GA][Iter3] Gen:6 Ind:13 RMSE(val)=31.524571
[GA][Iter3] Gen:6 Ind:14 RMSE(val)=31.396471
[GA][Iter3] Gen:6 Ind:15 RMSE(val)=31.348432
[GA][Iter3] Gen:6 Ind:16 RMSE(val)=31.524571
[GA][Iter3] Gen:6 Ind:17 RMSE(val)=32.201910
[GA][Iter3] Gen:6 Ind:18 RMSE(val)=31.524571
[GA][Iter3] Gen:6 Ind:19 RMSE(val)=31.594233
[GA][Iter3] Gen:6 Ind:20 RMSE(val)=31.524571
[GA][Iter3] gen=6 best_val_rmse=29.421774
[GA][Iter3] Gen:7 Ind:1 RMSE(val)=29.421774
[GA][Iter3] Gen:7 Ind:2 RMSE(val)=31.348432
[GA][Iter3] Gen:7 Ind:3 RMSE(val)=31.348432
[GA][Iter3] Gen:7 Ind:4 RMSE(val)=31.396471
[GA][Iter3] Gen:7 Ind:5 RMSE(val)=31.396471
[GA][Iter3] Gen:7 Ind:6 RMSE(val)=31.459182
[GA][Iter3] Gen:7 Ind:7 RMSE(val)=31.518253
[GA][Iter3] Gen:7 Ind:8 RMSE(val)=31.524571
[GA][Iter3] Gen:7 Ind:9 RMSE(val)=31.524571
[GA][Iter3] Gen:7 Ind:10 RMSE(val)=31.524571
[GA][Iter3] Gen:7 Ind:11 RMSE(val)=31.481678
[GA][Iter3] Gen:7 Ind:12 RMSE(val)=30.734277
[GA][Iter3] Gen:7 Ind:13 RMSE(val)=31.481678
[GA][Iter3] Gen:7 Ind:14 RMSE(val)=31.524571
[GA][Iter3] Gen:7 Ind:15 RMSE(val)=31.765997
[GA][Iter3] Gen:7 Ind:16 RMSE(val)=31.466954
[GA][Iter3] Gen:7 Ind:17 RMSE(val)=31.396471
[GA][Iter3] Gen:7 Ind:18 RMSE(val)=31.518253
[GA][Iter3] Gen:7 Ind:19 RMSE(val)=31.396471
[GA][Iter3] Gen:7 Ind:20 RMSE(val)=31.348432
[GA][Iter3] gen=7 best_val_rmse=29.421774
[GA][Iter3] Gen:8 Ind:1 RMSE(val)=29.421774
[GA][Iter3] Gen:8 Ind:2 RMSE(val)=30.734277
[GA][Iter3] Gen:8 Ind:3 RMSE(val)=31.348432
[GA][Iter3] Gen:8 Ind:4 RMSE(val)=31.348432
[GA][Iter3] Gen:8 Ind:5 RMSE(val)=31.348432
[GA][Iter3] Gen:8 Ind:6 RMSE(val)=31.396471
[GA][Iter3] Gen:8 Ind:7 RMSE(val)=31.396471
[GA][Iter3] Gen:8 Ind:8 RMSE(val)=31.396471
[GA][Iter3] Gen:8 Ind:9 RMSE(val)=31.396471
[GA][Iter3] Gen:8 Ind:10 RMSE(val)=31.459182
[GA][Iter3] Gen:8 Ind:11 RMSE(val)=31.396471
[GA][Iter3] Gen:8 Ind:12 RMSE(val)=29.275028
[GA][Iter3] Gen:8 Ind:13 RMSE(val)=30.734277
[GA][Iter3] Gen:8 Ind:14 RMSE(val)=31.481678
[GA][Iter3] Gen:8 Ind:15 RMSE(val)=31.396471
[GA][Iter3] Gen:8 Ind:16 RMSE(val)=31.396471
[GA][Iter3] Gen:8 Ind:17 RMSE(val)=31.396471
[GA][Iter3] Gen:8 Ind:18 RMSE(val)=31.348432
[GA][Iter3] Gen:8 Ind:19 RMSE(val)=31.396471
[GA][Iter3] Gen:8 Ind:20 RMSE(val)=31.348432
[GA][Iter3] gen=8 best_val_rmse=29.275028
[GA][Iter3] Gen:9 Ind:1 RMSE(val)=29.275028
[GA][Iter3] Gen:9 Ind:2 RMSE(val)=29.421774
[GA][Iter3] Gen:9 Ind:3 RMSE(val)=30.734277
[GA][Iter3] Gen:9 Ind:4 RMSE(val)=30.734277
[GA][Iter3] Gen:9 Ind:5 RMSE(val)=31.348432
[GA][Iter3] Gen:9 Ind:6 RMSE(val)=31.348432
[GA][Iter3] Gen:9 Ind:7 RMSE(val)=31.348432
[GA][Iter3] Gen:9 Ind:8 RMSE(val)=31.348432
[GA][Iter3] Gen:9 Ind:9 RMSE(val)=31.348432
[GA][Iter3] Gen:9 Ind:10 RMSE(val)=31.396471
[GA][Iter3] Gen:9 Ind:11 RMSE(val)=31.348432
[GA][Iter3] Gen:9 Ind:12 RMSE(val)=30.734277
[GA][Iter3] Gen:9 Ind:13 RMSE(val)=29.133544
[GA][Iter3] Gen:9 Ind:14 RMSE(val)=31.348432
[GA][Iter3] Gen:9 Ind:15 RMSE(val)=31.396471
[GA][Iter3] Gen:9 Ind:16 RMSE(val)=29.502864
[GA][Iter3] Gen:9 Ind:17 RMSE(val)=30.586824
[GA][Iter3] Gen:9 Ind:18 RMSE(val)=31.348432
[GA][Iter3] Gen:9 Ind:19 RMSE(val)=30.734277
[GA][Iter3] Gen:9 Ind:20 RMSE(val)=31.348432
[GA][Iter3] gen=9 best_val_rmse=29.133544
[GA][Iter3] Gen:10 Ind:1 RMSE(val)=29.133544
[GA][Iter3] Gen:10 Ind:2 RMSE(val)=29.275028
[GA][Iter3] Gen:10 Ind:3 RMSE(val)=29.421774
[GA][Iter3] Gen:10 Ind:4 RMSE(val)=29.502864
[GA][Iter3] Gen:10 Ind:5 RMSE(val)=30.586824
[GA][Iter3] Gen:10 Ind:6 RMSE(val)=30.734277
[GA][Iter3] Gen:10 Ind:7 RMSE(val)=30.734277
[GA][Iter3] Gen:10 Ind:8 RMSE(val)=30.734277
[GA][Iter3] Gen:10 Ind:9 RMSE(val)=30.734277
[GA][Iter3] Gen:10 Ind:10 RMSE(val)=31.348432
[GA][Iter3] Gen:10 Ind:11 RMSE(val)=29.565883
[GA][Iter3] Gen:10 Ind:12 RMSE(val)=30.586824
[GA][Iter3] Gen:10 Ind:13 RMSE(val)=30.734277
[GA][Iter3] Gen:10 Ind:14 RMSE(val)=31.396471
[GA][Iter3] Gen:10 Ind:15 RMSE(val)=29.141552
[GA][Iter3] Gen:10 Ind:16 RMSE(val)=29.133544
[GA][Iter3] Gen:10 Ind:17 RMSE(val)=30.586824
[GA][Iter3] Gen:10 Ind:18 RMSE(val)=30.734277
[GA][Iter3] Gen:10 Ind:19 RMSE(val)=30.734277
[GA][Iter3] Gen:10 Ind:20 RMSE(val)=31.338991
[GA][Iter3] gen=10 best_val_rmse=29.133544
[GA][Iter3] Gen:11 Ind:1 RMSE(val)=29.133544
[GA][Iter3] Gen:11 Ind:2 RMSE(val)=29.133544
[GA][Iter3] Gen:11 Ind:3 RMSE(val)=29.141552
[GA][Iter3] Gen:11 Ind:4 RMSE(val)=29.275028
[GA][Iter3] Gen:11 Ind:5 RMSE(val)=29.421774
[GA][Iter3] Gen:11 Ind:6 RMSE(val)=29.502864
[GA][Iter3] Gen:11 Ind:7 RMSE(val)=29.565883
[GA][Iter3] Gen:11 Ind:8 RMSE(val)=30.586824
[GA][Iter3] Gen:11 Ind:9 RMSE(val)=30.586824
[GA][Iter3] Gen:11 Ind:10 RMSE(val)=30.586824
[GA][Iter3] Gen:11 Ind:11 RMSE(val)=29.141552
[GA][Iter3] Gen:11 Ind:12 RMSE(val)=29.502864
[GA][Iter3] Gen:11 Ind:13 RMSE(val)=29.133544
[GA][Iter3] Gen:11 Ind:14 RMSE(val)=30.586824
[GA][Iter3] Gen:11 Ind:15 RMSE(val)=31.524571
[GA][Iter3] Gen:11 Ind:16 RMSE(val)=28.976707
[GA][Iter3] Gen:11 Ind:17 RMSE(val)=31.348432
[GA][Iter3] Gen:11 Ind:18 RMSE(val)=31.684594
[GA][Iter3] Gen:11 Ind:19 RMSE(val)=30.586824
[GA][Iter3] Gen:11 Ind:20 RMSE(val)=30.988079
[GA][Iter3] gen=11 best_val_rmse=28.976707
[GA][Iter3] Gen:12 Ind:1 RMSE(val)=28.976707
[GA][Iter3] Gen:12 Ind:2 RMSE(val)=29.133544
[GA][Iter3] Gen:12 Ind:3 RMSE(val)=29.133544
[GA][Iter3] Gen:12 Ind:4 RMSE(val)=29.133544
[GA][Iter3] Gen:12 Ind:5 RMSE(val)=29.141552
[GA][Iter3] Gen:12 Ind:6 RMSE(val)=29.141552
[GA][Iter3] Gen:12 Ind:7 RMSE(val)=29.275028
[GA][Iter3] Gen:12 Ind:8 RMSE(val)=29.421774
[GA][Iter3] Gen:12 Ind:9 RMSE(val)=29.502864
[GA][Iter3] Gen:12 Ind:10 RMSE(val)=29.502864
[GA][Iter3] Gen:12 Ind:11 RMSE(val)=29.275028
[GA][Iter3] Gen:12 Ind:12 RMSE(val)=28.984712
[GA][Iter3] Gen:12 Ind:13 RMSE(val)=29.133544
[GA][Iter3] Gen:12 Ind:14 RMSE(val)=30.694838
[GA][Iter3] Gen:12 Ind:15 RMSE(val)=29.141552
[GA][Iter3] Gen:12 Ind:16 RMSE(val)=29.141552
[GA][Iter3] Gen:12 Ind:17 RMSE(val)=28.976707
[GA][Iter3] Gen:12 Ind:18 RMSE(val)=29.141552
[GA][Iter3] Gen:12 Ind:19 RMSE(val)=29.275028
[GA][Iter3] Gen:12 Ind:20 RMSE(val)=29.375103
[GA][Iter3] gen=12 best_val_rmse=28.976707
[GA][Iter3] Gen:13 Ind:1 RMSE(val)=28.976707
[GA][Iter3] Gen:13 Ind:2 RMSE(val)=28.976707
[GA][Iter3] Gen:13 Ind:3 RMSE(val)=28.984712
[GA][Iter3] Gen:13 Ind:4 RMSE(val)=29.133544
[GA][Iter3] Gen:13 Ind:5 RMSE(val)=29.133544
[GA][Iter3] Gen:13 Ind:6 RMSE(val)=29.133544
[GA][Iter3] Gen:13 Ind:7 RMSE(val)=29.133544
[GA][Iter3] Gen:13 Ind:8 RMSE(val)=29.141552
[GA][Iter3] Gen:13 Ind:9 RMSE(val)=29.141552
[GA][Iter3] Gen:13 Ind:10 RMSE(val)=29.141552
[GA][Iter3] Gen:13 Ind:11 RMSE(val)=29.198975
[GA][Iter3] Gen:13 Ind:12 RMSE(val)=29.153526
[GA][Iter3] Gen:13 Ind:13 RMSE(val)=29.183162
[GA][Iter3] Gen:13 Ind:14 RMSE(val)=29.141552
[GA][Iter3] Gen:13 Ind:15 RMSE(val)=29.141552
[GA][Iter3] Gen:13 Ind:16 RMSE(val)=28.976707
[GA][Iter3] Gen:13 Ind:17 RMSE(val)=29.141552
[GA][Iter3] Gen:13 Ind:18 RMSE(val)=29.127064
[GA][Iter3] Gen:13 Ind:19 RMSE(val)=29.184813
[GA][Iter3] Gen:13 Ind:20 RMSE(val)=28.984712
[GA][Iter3] gen=13 best_val_rmse=28.976707
[GA][Iter3] Gen:14 Ind:1 RMSE(val)=28.976707
[GA][Iter3] Gen:14 Ind:2 RMSE(val)=28.976707
[GA][Iter3] Gen:14 Ind:3 RMSE(val)=28.976707
[GA][Iter3] Gen:14 Ind:4 RMSE(val)=28.984712
[GA][Iter3] Gen:14 Ind:5 RMSE(val)=28.984712
[GA][Iter3] Gen:14 Ind:6 RMSE(val)=29.127064
[GA][Iter3] Gen:14 Ind:7 RMSE(val)=29.133544
[GA][Iter3] Gen:14 Ind:8 RMSE(val)=29.133544
[GA][Iter3] Gen:14 Ind:9 RMSE(val)=29.133544
[GA][Iter3] Gen:14 Ind:10 RMSE(val)=29.133544
[GA][Iter3] Gen:14 Ind:11 RMSE(val)=29.127064
[GA][Iter3] Gen:14 Ind:12 RMSE(val)=29.141552
[GA][Iter3] Gen:14 Ind:13 RMSE(val)=28.976707
[GA][Iter3] Gen:14 Ind:14 RMSE(val)=28.995669
[GA][Iter3] Gen:14 Ind:15 RMSE(val)=29.133544
[GA][Iter3] Gen:14 Ind:16 RMSE(val)=29.063809
[GA][Iter3] Gen:14 Ind:17 RMSE(val)=29.124051
[GA][Iter3] Gen:14 Ind:18 RMSE(val)=28.984712
[GA][Iter3] Gen:14 Ind:19 RMSE(val)=29.133544
[GA][Iter3] Gen:14 Ind:20 RMSE(val)=28.976707
[GA][Iter3] gen=14 best_val_rmse=28.976707
[GA][Iter3] Gen:15 Ind:1 RMSE(val)=28.976707
[GA][Iter3] Gen:15 Ind:2 RMSE(val)=28.976707
[GA][Iter3] Gen:15 Ind:3 RMSE(val)=28.976707
[GA][Iter3] Gen:15 Ind:4 RMSE(val)=28.976707
[GA][Iter3] Gen:15 Ind:5 RMSE(val)=28.976707
[GA][Iter3] Gen:15 Ind:6 RMSE(val)=28.984712
[GA][Iter3] Gen:15 Ind:7 RMSE(val)=28.984712
[GA][Iter3] Gen:15 Ind:8 RMSE(val)=28.984712
[GA][Iter3] Gen:15 Ind:9 RMSE(val)=28.995669
[GA][Iter3] Gen:15 Ind:10 RMSE(val)=29.063809
[GA][Iter3] Gen:15 Ind:11 RMSE(val)=28.863865
[GA][Iter3] Gen:15 Ind:12 RMSE(val)=28.976707
[GA][Iter3] Gen:15 Ind:13 RMSE(val)=28.841693
[GA][Iter3] Gen:15 Ind:14 RMSE(val)=28.574135
[GA][Iter3] Gen:15 Ind:15 RMSE(val)=28.984712
[GA][Iter3] Gen:15 Ind:16 RMSE(val)=28.976707
[GA][Iter3] Gen:15 Ind:17 RMSE(val)=28.984712
[GA][Iter3] Gen:15 Ind:18 RMSE(val)=29.153526
[GA][Iter3] Gen:15 Ind:19 RMSE(val)=28.841693
[GA][Iter3] Gen:15 Ind:20 RMSE(val)=28.976707
[GA][Iter3] gen=15 best_val_rmse=28.574135
[GA][Iter3] Gen:15 Ind:1 RMSE(val)=28.574135
[GA][Iter3] Gen:15 Ind:2 RMSE(val)=28.841693
[GA][Iter3] Gen:15 Ind:3 RMSE(val)=28.841693
[GA][Iter3] Gen:15 Ind:4 RMSE(val)=28.863865
[GA][Iter3] Gen:15 Ind:5 RMSE(val)=28.976707
[GA][Iter3] Gen:15 Ind:6 RMSE(val)=28.976707
[GA][Iter3] Gen:15 Ind:7 RMSE(val)=28.976707
[GA][Iter3] Gen:15 Ind:8 RMSE(val)=28.976707
[GA][Iter3] Gen:15 Ind:9 RMSE(val)=28.976707
[GA][Iter3] Gen:15 Ind:10 RMSE(val)=28.976707
[GA][Iter3] Gen:15 Ind:11 RMSE(val)=28.976707
[GA][Iter3] Gen:15 Ind:12 RMSE(val)=28.969240
[GA][Iter3] Gen:15 Ind:13 RMSE(val)=29.664966
[GA][Iter3] Gen:15 Ind:14 RMSE(val)=28.976707
[GA][Iter3] Gen:15 Ind:15 RMSE(val)=30.535013
[GA][Iter3] Gen:15 Ind:16 RMSE(val)=28.574135
[GA][Iter3] Gen:15 Ind:17 RMSE(val)=28.976707
[GA][Iter3] Gen:15 Ind:18 RMSE(val)=28.574177
[GA][Iter3] Gen:15 Ind:19 RMSE(val)=29.023094
[GA][Iter3] Gen:15 Ind:20 RMSE(val)=29.063809

[GA DONE][Iter3] Best params on val fold of Iter3
Best val RMSE: 28.574135
Best params: {'n_estimators': 852, 'learning_rate': 0.004478262720219825, 'max_depth': 1, 'min_samples_split': 13, 'min_samples_leaf': 12, 'subsample': 0.6850506176216562, 'max_features': None}
--------------------------------------------------------------------------------
[RETUNE GA] Iter3: train folds 1..7 -> test fold 8  RMSE=29.324570  NRMSE=1.033088  CVRMSE=0.086380  R2=-0.077245
[GA][Iter4] Gen:1 Ind:1 RMSE(val)=31.513992
[GA][Iter4] Gen:1 Ind:2 RMSE(val)=34.875296
[GA][Iter4] Gen:1 Ind:3 RMSE(val)=35.000369
[GA][Iter4] Gen:1 Ind:4 RMSE(val)=33.783124
[GA][Iter4] Gen:1 Ind:5 RMSE(val)=36.748727
[GA][Iter4] Gen:1 Ind:6 RMSE(val)=29.162345
[GA][Iter4] Gen:1 Ind:7 RMSE(val)=32.448332
[GA][Iter4] Gen:1 Ind:8 RMSE(val)=36.021113
[GA][Iter4] Gen:1 Ind:9 RMSE(val)=32.912368
[GA][Iter4] Gen:1 Ind:10 RMSE(val)=32.186271
[GA][Iter4] Gen:1 Ind:11 RMSE(val)=34.481661
[GA][Iter4] Gen:1 Ind:12 RMSE(val)=31.479867
[GA][Iter4] Gen:1 Ind:13 RMSE(val)=37.332055
[GA][Iter4] Gen:1 Ind:14 RMSE(val)=30.856853
[GA][Iter4] Gen:1 Ind:15 RMSE(val)=35.625746
[GA][Iter4] Gen:1 Ind:16 RMSE(val)=32.195632
[GA][Iter4] Gen:1 Ind:17 RMSE(val)=34.517973
[GA][Iter4] Gen:1 Ind:18 RMSE(val)=33.046066
[GA][Iter4] Gen:1 Ind:19 RMSE(val)=35.423807
[GA][Iter4] Gen:1 Ind:20 RMSE(val)=34.622928
[GA][Iter4] gen=1 best_val_rmse=29.162345
[GA][Iter4] Gen:2 Ind:1 RMSE(val)=29.162345
[GA][Iter4] Gen:2 Ind:2 RMSE(val)=30.856853
[GA][Iter4] Gen:2 Ind:3 RMSE(val)=31.479867
[GA][Iter4] Gen:2 Ind:4 RMSE(val)=31.513992
[GA][Iter4] Gen:2 Ind:5 RMSE(val)=32.186271
[GA][Iter4] Gen:2 Ind:6 RMSE(val)=32.195632
[GA][Iter4] Gen:2 Ind:7 RMSE(val)=32.448332
[GA][Iter4] Gen:2 Ind:8 RMSE(val)=32.912368
[GA][Iter4] Gen:2 Ind:9 RMSE(val)=33.046066
[GA][Iter4] Gen:2 Ind:10 RMSE(val)=33.783124
[GA][Iter4] Gen:2 Ind:11 RMSE(val)=32.267728
[GA][Iter4] Gen:2 Ind:12 RMSE(val)=31.229234
[GA][Iter4] Gen:2 Ind:13 RMSE(val)=31.109192
[GA][Iter4] Gen:2 Ind:14 RMSE(val)=31.618053
[GA][Iter4] Gen:2 Ind:15 RMSE(val)=33.724504
[GA][Iter4] Gen:2 Ind:16 RMSE(val)=29.162345
[GA][Iter4] Gen:2 Ind:17 RMSE(val)=34.581719
[GA][Iter4] Gen:2 Ind:18 RMSE(val)=30.863678
[GA][Iter4] Gen:2 Ind:19 RMSE(val)=32.686146
[GA][Iter4] Gen:2 Ind:20 RMSE(val)=31.572927
[GA][Iter4] gen=2 best_val_rmse=29.162345
[GA][Iter4] Gen:3 Ind:1 RMSE(val)=29.162345
[GA][Iter4] Gen:3 Ind:2 RMSE(val)=29.162345
[GA][Iter4] Gen:3 Ind:3 RMSE(val)=30.856853
[GA][Iter4] Gen:3 Ind:4 RMSE(val)=30.863678
[GA][Iter4] Gen:3 Ind:5 RMSE(val)=31.109192
[GA][Iter4] Gen:3 Ind:6 RMSE(val)=31.229234
[GA][Iter4] Gen:3 Ind:7 RMSE(val)=31.479867
[GA][Iter4] Gen:3 Ind:8 RMSE(val)=31.513992
[GA][Iter4] Gen:3 Ind:9 RMSE(val)=31.572927
[GA][Iter4] Gen:3 Ind:10 RMSE(val)=31.618053
[GA][Iter4] Gen:3 Ind:11 RMSE(val)=30.653134
[GA][Iter4] Gen:3 Ind:12 RMSE(val)=33.438937
[GA][Iter4] Gen:3 Ind:13 RMSE(val)=30.946107
[GA][Iter4] Gen:3 Ind:14 RMSE(val)=31.461690
[GA][Iter4] Gen:3 Ind:15 RMSE(val)=29.162345
[GA][Iter4] Gen:3 Ind:16 RMSE(val)=30.601437
[GA][Iter4] Gen:3 Ind:17 RMSE(val)=31.908910
[GA][Iter4] Gen:3 Ind:18 RMSE(val)=31.249126
[GA][Iter4] Gen:3 Ind:19 RMSE(val)=30.485225
[GA][Iter4] Gen:3 Ind:20 RMSE(val)=32.463954
[GA][Iter4] gen=3 best_val_rmse=29.162345
[GA][Iter4] Gen:4 Ind:1 RMSE(val)=29.162345
[GA][Iter4] Gen:4 Ind:2 RMSE(val)=29.162345
[GA][Iter4] Gen:4 Ind:3 RMSE(val)=29.162345
[GA][Iter4] Gen:4 Ind:4 RMSE(val)=30.485225
[GA][Iter4] Gen:4 Ind:5 RMSE(val)=30.601437
[GA][Iter4] Gen:4 Ind:6 RMSE(val)=30.653134
[GA][Iter4] Gen:4 Ind:7 RMSE(val)=30.856853
[GA][Iter4] Gen:4 Ind:8 RMSE(val)=30.863678
[GA][Iter4] Gen:4 Ind:9 RMSE(val)=30.946107
[GA][Iter4] Gen:4 Ind:10 RMSE(val)=31.109192
[GA][Iter4] Gen:4 Ind:11 RMSE(val)=30.912489
[GA][Iter4] Gen:4 Ind:12 RMSE(val)=29.809275
[GA][Iter4] Gen:4 Ind:13 RMSE(val)=29.919878
[GA][Iter4] Gen:4 Ind:14 RMSE(val)=30.399781
[GA][Iter4] Gen:4 Ind:15 RMSE(val)=29.344077
[GA][Iter4] Gen:4 Ind:16 RMSE(val)=29.851698
[GA][Iter4] Gen:4 Ind:17 RMSE(val)=30.653134
[GA][Iter4] Gen:4 Ind:18 RMSE(val)=30.879504
[GA][Iter4] Gen:4 Ind:19 RMSE(val)=30.533986
[GA][Iter4] Gen:4 Ind:20 RMSE(val)=28.979824
[GA][Iter4] gen=4 best_val_rmse=28.979824
[GA][Iter4] Gen:5 Ind:1 RMSE(val)=28.979824
[GA][Iter4] Gen:5 Ind:2 RMSE(val)=29.162345
[GA][Iter4] Gen:5 Ind:3 RMSE(val)=29.162345
[GA][Iter4] Gen:5 Ind:4 RMSE(val)=29.162345
[GA][Iter4] Gen:5 Ind:5 RMSE(val)=29.344077
[GA][Iter4] Gen:5 Ind:6 RMSE(val)=29.809275
[GA][Iter4] Gen:5 Ind:7 RMSE(val)=29.851698
[GA][Iter4] Gen:5 Ind:8 RMSE(val)=29.919878
[GA][Iter4] Gen:5 Ind:9 RMSE(val)=30.399781
[GA][Iter4] Gen:5 Ind:10 RMSE(val)=30.485225
[GA][Iter4] Gen:5 Ind:11 RMSE(val)=29.034961
[GA][Iter4] Gen:5 Ind:12 RMSE(val)=29.638561
[GA][Iter4] Gen:5 Ind:13 RMSE(val)=30.485225
[GA][Iter4] Gen:5 Ind:14 RMSE(val)=29.919878
[GA][Iter4] Gen:5 Ind:15 RMSE(val)=29.344077
[GA][Iter4] Gen:5 Ind:16 RMSE(val)=30.849216
[GA][Iter4] Gen:5 Ind:17 RMSE(val)=29.617066
[GA][Iter4] Gen:5 Ind:18 RMSE(val)=30.652542
[GA][Iter4] Gen:5 Ind:19 RMSE(val)=31.079601
[GA][Iter4] Gen:5 Ind:20 RMSE(val)=29.090166
[GA][Iter4] gen=5 best_val_rmse=28.979824
[GA][Iter4] Gen:6 Ind:1 RMSE(val)=28.979824
[GA][Iter4] Gen:6 Ind:2 RMSE(val)=29.034961
[GA][Iter4] Gen:6 Ind:3 RMSE(val)=29.090166
[GA][Iter4] Gen:6 Ind:4 RMSE(val)=29.162345
[GA][Iter4] Gen:6 Ind:5 RMSE(val)=29.162345
[GA][Iter4] Gen:6 Ind:6 RMSE(val)=29.162345
[GA][Iter4] Gen:6 Ind:7 RMSE(val)=29.344077
[GA][Iter4] Gen:6 Ind:8 RMSE(val)=29.344077
[GA][Iter4] Gen:6 Ind:9 RMSE(val)=29.617066
[GA][Iter4] Gen:6 Ind:10 RMSE(val)=29.638561
[GA][Iter4] Gen:6 Ind:11 RMSE(val)=29.111771
[GA][Iter4] Gen:6 Ind:12 RMSE(val)=28.517089
[GA][Iter4] Gen:6 Ind:13 RMSE(val)=29.162345
[GA][Iter4] Gen:6 Ind:14 RMSE(val)=29.162345
[GA][Iter4] Gen:6 Ind:15 RMSE(val)=29.162345
[GA][Iter4] Gen:6 Ind:16 RMSE(val)=29.162345
[GA][Iter4] Gen:6 Ind:17 RMSE(val)=29.162345
[GA][Iter4] Gen:6 Ind:18 RMSE(val)=29.162345
[GA][Iter4] Gen:6 Ind:19 RMSE(val)=29.617066
[GA][Iter4] Gen:6 Ind:20 RMSE(val)=29.344077
[GA][Iter4] gen=6 best_val_rmse=28.517089
[GA][Iter4] Gen:7 Ind:1 RMSE(val)=28.517089
[GA][Iter4] Gen:7 Ind:2 RMSE(val)=28.979824
[GA][Iter4] Gen:7 Ind:3 RMSE(val)=29.034961
[GA][Iter4] Gen:7 Ind:4 RMSE(val)=29.090166
[GA][Iter4] Gen:7 Ind:5 RMSE(val)=29.111771
[GA][Iter4] Gen:7 Ind:6 RMSE(val)=29.162345
[GA][Iter4] Gen:7 Ind:7 RMSE(val)=29.162345
[GA][Iter4] Gen:7 Ind:8 RMSE(val)=29.162345
[GA][Iter4] Gen:7 Ind:9 RMSE(val)=29.162345
[GA][Iter4] Gen:7 Ind:10 RMSE(val)=29.162345
[GA][Iter4] Gen:7 Ind:11 RMSE(val)=29.162345
[GA][Iter4] Gen:7 Ind:12 RMSE(val)=28.980418
[GA][Iter4] Gen:7 Ind:13 RMSE(val)=29.111771
[GA][Iter4] Gen:7 Ind:14 RMSE(val)=29.162345
[GA][Iter4] Gen:7 Ind:15 RMSE(val)=29.638561
[GA][Iter4] Gen:7 Ind:16 RMSE(val)=29.191109
[GA][Iter4] Gen:7 Ind:17 RMSE(val)=29.090166
[GA][Iter4] Gen:7 Ind:18 RMSE(val)=29.034961
[GA][Iter4] Gen:7 Ind:19 RMSE(val)=29.090166
[GA][Iter4] Gen:7 Ind:20 RMSE(val)=29.162345
[GA][Iter4] gen=7 best_val_rmse=28.517089
[GA][Iter4] Gen:8 Ind:1 RMSE(val)=28.517089
[GA][Iter4] Gen:8 Ind:2 RMSE(val)=28.979824
[GA][Iter4] Gen:8 Ind:3 RMSE(val)=28.980418
[GA][Iter4] Gen:8 Ind:4 RMSE(val)=29.034961
[GA][Iter4] Gen:8 Ind:5 RMSE(val)=29.034961
[GA][Iter4] Gen:8 Ind:6 RMSE(val)=29.090166
[GA][Iter4] Gen:8 Ind:7 RMSE(val)=29.090166
[GA][Iter4] Gen:8 Ind:8 RMSE(val)=29.090166
[GA][Iter4] Gen:8 Ind:9 RMSE(val)=29.111771
[GA][Iter4] Gen:8 Ind:10 RMSE(val)=29.111771
[GA][Iter4] Gen:8 Ind:11 RMSE(val)=29.090166
[GA][Iter4] Gen:8 Ind:12 RMSE(val)=28.517089
[GA][Iter4] Gen:8 Ind:13 RMSE(val)=29.162345
[GA][Iter4] Gen:8 Ind:14 RMSE(val)=29.111771
[GA][Iter4] Gen:8 Ind:15 RMSE(val)=29.157632
[GA][Iter4] Gen:8 Ind:16 RMSE(val)=29.090166
[GA][Iter4] Gen:8 Ind:17 RMSE(val)=28.952291
[GA][Iter4] Gen:8 Ind:18 RMSE(val)=29.034961
[GA][Iter4] Gen:8 Ind:19 RMSE(val)=29.090166
[GA][Iter4] Gen:8 Ind:20 RMSE(val)=28.980418
[GA][Iter4] gen=8 best_val_rmse=28.517089
[GA][Iter4] Gen:9 Ind:1 RMSE(val)=28.517089
[GA][Iter4] Gen:9 Ind:2 RMSE(val)=28.517089
[GA][Iter4] Gen:9 Ind:3 RMSE(val)=28.952291
[GA][Iter4] Gen:9 Ind:4 RMSE(val)=28.979824
[GA][Iter4] Gen:9 Ind:5 RMSE(val)=28.980418
[GA][Iter4] Gen:9 Ind:6 RMSE(val)=28.980418
[GA][Iter4] Gen:9 Ind:7 RMSE(val)=29.034961
[GA][Iter4] Gen:9 Ind:8 RMSE(val)=29.034961
[GA][Iter4] Gen:9 Ind:9 RMSE(val)=29.034961
[GA][Iter4] Gen:9 Ind:10 RMSE(val)=29.090166
[GA][Iter4] Gen:9 Ind:11 RMSE(val)=29.034961
[GA][Iter4] Gen:9 Ind:12 RMSE(val)=29.034961
[GA][Iter4] Gen:9 Ind:13 RMSE(val)=28.517089
[GA][Iter4] Gen:9 Ind:14 RMSE(val)=28.996622
[GA][Iter4] Gen:9 Ind:15 RMSE(val)=28.996622
[GA][Iter4] Gen:9 Ind:16 RMSE(val)=28.417820
[GA][Iter4] Gen:9 Ind:17 RMSE(val)=28.979824
[GA][Iter4] Gen:9 Ind:18 RMSE(val)=28.996622
[GA][Iter4] Gen:9 Ind:19 RMSE(val)=29.162345
[GA][Iter4] Gen:9 Ind:20 RMSE(val)=28.980418
[GA][Iter4] gen=9 best_val_rmse=28.417820
[GA][Iter4] Gen:10 Ind:1 RMSE(val)=28.417820
[GA][Iter4] Gen:10 Ind:2 RMSE(val)=28.517089
[GA][Iter4] Gen:10 Ind:3 RMSE(val)=28.517089
[GA][Iter4] Gen:10 Ind:4 RMSE(val)=28.517089
[GA][Iter4] Gen:10 Ind:5 RMSE(val)=28.952291
[GA][Iter4] Gen:10 Ind:6 RMSE(val)=28.979824
[GA][Iter4] Gen:10 Ind:7 RMSE(val)=28.979824
[GA][Iter4] Gen:10 Ind:8 RMSE(val)=28.980418
[GA][Iter4] Gen:10 Ind:9 RMSE(val)=28.980418
[GA][Iter4] Gen:10 Ind:10 RMSE(val)=28.980418
[GA][Iter4] Gen:10 Ind:11 RMSE(val)=28.486375
[GA][Iter4] Gen:10 Ind:12 RMSE(val)=28.952291
[GA][Iter4] Gen:10 Ind:13 RMSE(val)=29.215518
[GA][Iter4] Gen:10 Ind:14 RMSE(val)=29.090166
[GA][Iter4] Gen:10 Ind:15 RMSE(val)=28.497242
[GA][Iter4] Gen:10 Ind:16 RMSE(val)=28.497242
[GA][Iter4] Gen:10 Ind:17 RMSE(val)=28.996622
[GA][Iter4] Gen:10 Ind:18 RMSE(val)=28.980418
[GA][Iter4] Gen:10 Ind:19 RMSE(val)=28.980418
[GA][Iter4] Gen:10 Ind:20 RMSE(val)=29.087243
[GA][Iter4] gen=10 best_val_rmse=28.417820
[GA][Iter4] Gen:11 Ind:1 RMSE(val)=28.417820
[GA][Iter4] Gen:11 Ind:2 RMSE(val)=28.486375
[GA][Iter4] Gen:11 Ind:3 RMSE(val)=28.497242
[GA][Iter4] Gen:11 Ind:4 RMSE(val)=28.497242
[GA][Iter4] Gen:11 Ind:5 RMSE(val)=28.517089
[GA][Iter4] Gen:11 Ind:6 RMSE(val)=28.517089
[GA][Iter4] Gen:11 Ind:7 RMSE(val)=28.517089
[GA][Iter4] Gen:11 Ind:8 RMSE(val)=28.952291
[GA][Iter4] Gen:11 Ind:9 RMSE(val)=28.952291
[GA][Iter4] Gen:11 Ind:10 RMSE(val)=28.979824
[GA][Iter4] Gen:11 Ind:11 RMSE(val)=28.497242
[GA][Iter4] Gen:11 Ind:12 RMSE(val)=28.517089
[GA][Iter4] Gen:11 Ind:13 RMSE(val)=28.486375
[GA][Iter4] Gen:11 Ind:14 RMSE(val)=28.979824
[GA][Iter4] Gen:11 Ind:15 RMSE(val)=29.034961
[GA][Iter4] Gen:11 Ind:16 RMSE(val)=28.592865
[GA][Iter4] Gen:11 Ind:17 RMSE(val)=28.952291
[GA][Iter4] Gen:11 Ind:18 RMSE(val)=29.269813
[GA][Iter4] Gen:11 Ind:19 RMSE(val)=28.952291
[GA][Iter4] Gen:11 Ind:20 RMSE(val)=29.034961
[GA][Iter4] gen=11 best_val_rmse=28.417820
[GA][Iter4] Gen:12 Ind:1 RMSE(val)=28.417820
[GA][Iter4] Gen:12 Ind:2 RMSE(val)=28.486375
[GA][Iter4] Gen:12 Ind:3 RMSE(val)=28.486375
[GA][Iter4] Gen:12 Ind:4 RMSE(val)=28.497242
[GA][Iter4] Gen:12 Ind:5 RMSE(val)=28.497242
[GA][Iter4] Gen:12 Ind:6 RMSE(val)=28.497242
[GA][Iter4] Gen:12 Ind:7 RMSE(val)=28.517089
[GA][Iter4] Gen:12 Ind:8 RMSE(val)=28.517089
[GA][Iter4] Gen:12 Ind:9 RMSE(val)=28.517089
[GA][Iter4] Gen:12 Ind:10 RMSE(val)=28.517089
[GA][Iter4] Gen:12 Ind:11 RMSE(val)=28.486375
[GA][Iter4] Gen:12 Ind:12 RMSE(val)=28.766820
[GA][Iter4] Gen:12 Ind:13 RMSE(val)=28.474251
[GA][Iter4] Gen:12 Ind:14 RMSE(val)=30.835309
[GA][Iter4] Gen:12 Ind:15 RMSE(val)=28.371638
[GA][Iter4] Gen:12 Ind:16 RMSE(val)=28.497242
[GA][Iter4] Gen:12 Ind:17 RMSE(val)=28.497242
[GA][Iter4] Gen:12 Ind:18 RMSE(val)=28.517089
[GA][Iter4] Gen:12 Ind:19 RMSE(val)=28.517089
[GA][Iter4] Gen:12 Ind:20 RMSE(val)=28.517089
[GA][Iter4] gen=12 best_val_rmse=28.371638
[GA][Iter4] Gen:13 Ind:1 RMSE(val)=28.371638
[GA][Iter4] Gen:13 Ind:2 RMSE(val)=28.417820
[GA][Iter4] Gen:13 Ind:3 RMSE(val)=28.474251
[GA][Iter4] Gen:13 Ind:4 RMSE(val)=28.486375
[GA][Iter4] Gen:13 Ind:5 RMSE(val)=28.486375
[GA][Iter4] Gen:13 Ind:6 RMSE(val)=28.486375
[GA][Iter4] Gen:13 Ind:7 RMSE(val)=28.497242
[GA][Iter4] Gen:13 Ind:8 RMSE(val)=28.497242
[GA][Iter4] Gen:13 Ind:9 RMSE(val)=28.497242
[GA][Iter4] Gen:13 Ind:10 RMSE(val)=28.497242
[GA][Iter4] Gen:13 Ind:11 RMSE(val)=28.782931
[GA][Iter4] Gen:13 Ind:12 RMSE(val)=28.525603
[GA][Iter4] Gen:13 Ind:13 RMSE(val)=28.525603
[GA][Iter4] Gen:13 Ind:14 RMSE(val)=28.517089
[GA][Iter4] Gen:13 Ind:15 RMSE(val)=28.497242
[GA][Iter4] Gen:13 Ind:16 RMSE(val)=28.373373
[GA][Iter4] Gen:13 Ind:17 RMSE(val)=28.497242
[GA][Iter4] Gen:13 Ind:18 RMSE(val)=28.439499
[GA][Iter4] Gen:13 Ind:19 RMSE(val)=28.517089
[GA][Iter4] Gen:13 Ind:20 RMSE(val)=28.474251
[GA][Iter4] gen=13 best_val_rmse=28.371638
[GA][Iter4] Gen:14 Ind:1 RMSE(val)=28.371638
[GA][Iter4] Gen:14 Ind:2 RMSE(val)=28.373373
[GA][Iter4] Gen:14 Ind:3 RMSE(val)=28.417820
[GA][Iter4] Gen:14 Ind:4 RMSE(val)=28.439499
[GA][Iter4] Gen:14 Ind:5 RMSE(val)=28.474251
[GA][Iter4] Gen:14 Ind:6 RMSE(val)=28.474251
[GA][Iter4] Gen:14 Ind:7 RMSE(val)=28.486375
[GA][Iter4] Gen:14 Ind:8 RMSE(val)=28.486375
[GA][Iter4] Gen:14 Ind:9 RMSE(val)=28.486375
[GA][Iter4] Gen:14 Ind:10 RMSE(val)=28.497242
[GA][Iter4] Gen:14 Ind:11 RMSE(val)=28.474251
[GA][Iter4] Gen:14 Ind:12 RMSE(val)=28.486375
[GA][Iter4] Gen:14 Ind:13 RMSE(val)=28.476471
[GA][Iter4] Gen:14 Ind:14 RMSE(val)=28.497242
[GA][Iter4] Gen:14 Ind:15 RMSE(val)=28.452966
[GA][Iter4] Gen:14 Ind:16 RMSE(val)=28.510503
[GA][Iter4] Gen:14 Ind:17 RMSE(val)=28.366153
[GA][Iter4] Gen:14 Ind:18 RMSE(val)=28.439499
[GA][Iter4] Gen:14 Ind:19 RMSE(val)=28.379617
[GA][Iter4] Gen:14 Ind:20 RMSE(val)=28.355639
[GA][Iter4] gen=14 best_val_rmse=28.355639
[GA][Iter4] Gen:15 Ind:1 RMSE(val)=28.355639
[GA][Iter4] Gen:15 Ind:2 RMSE(val)=28.366153
[GA][Iter4] Gen:15 Ind:3 RMSE(val)=28.371638
[GA][Iter4] Gen:15 Ind:4 RMSE(val)=28.373373
[GA][Iter4] Gen:15 Ind:5 RMSE(val)=28.379617
[GA][Iter4] Gen:15 Ind:6 RMSE(val)=28.417820
[GA][Iter4] Gen:15 Ind:7 RMSE(val)=28.439499
[GA][Iter4] Gen:15 Ind:8 RMSE(val)=28.439499
[GA][Iter4] Gen:15 Ind:9 RMSE(val)=28.452966
[GA][Iter4] Gen:15 Ind:10 RMSE(val)=28.474251
[GA][Iter4] Gen:15 Ind:11 RMSE(val)=28.577582
[GA][Iter4] Gen:15 Ind:12 RMSE(val)=28.358151
[GA][Iter4] Gen:15 Ind:13 RMSE(val)=28.411442
[GA][Iter4] Gen:15 Ind:14 RMSE(val)=28.822433
[GA][Iter4] Gen:15 Ind:15 RMSE(val)=28.412986
[GA][Iter4] Gen:15 Ind:16 RMSE(val)=28.390712
[GA][Iter4] Gen:15 Ind:17 RMSE(val)=28.439499
[GA][Iter4] Gen:15 Ind:18 RMSE(val)=28.439499
[GA][Iter4] Gen:15 Ind:19 RMSE(val)=28.371638
[GA][Iter4] Gen:15 Ind:20 RMSE(val)=28.340897
[GA][Iter4] gen=15 best_val_rmse=28.340897
[GA][Iter4] Gen:15 Ind:1 RMSE(val)=28.340897
[GA][Iter4] Gen:15 Ind:2 RMSE(val)=28.355639
[GA][Iter4] Gen:15 Ind:3 RMSE(val)=28.358151
[GA][Iter4] Gen:15 Ind:4 RMSE(val)=28.366153
[GA][Iter4] Gen:15 Ind:5 RMSE(val)=28.371638
[GA][Iter4] Gen:15 Ind:6 RMSE(val)=28.371638
[GA][Iter4] Gen:15 Ind:7 RMSE(val)=28.373373
[GA][Iter4] Gen:15 Ind:8 RMSE(val)=28.379617
[GA][Iter4] Gen:15 Ind:9 RMSE(val)=28.390712
[GA][Iter4] Gen:15 Ind:10 RMSE(val)=28.411442
[GA][Iter4] Gen:15 Ind:11 RMSE(val)=28.390712
[GA][Iter4] Gen:15 Ind:12 RMSE(val)=28.368324
[GA][Iter4] Gen:15 Ind:13 RMSE(val)=28.385326
[GA][Iter4] Gen:15 Ind:14 RMSE(val)=28.358151
[GA][Iter4] Gen:15 Ind:15 RMSE(val)=30.280575
[GA][Iter4] Gen:15 Ind:16 RMSE(val)=28.352679
[GA][Iter4] Gen:15 Ind:17 RMSE(val)=28.379617
[GA][Iter4] Gen:15 Ind:18 RMSE(val)=28.670684
[GA][Iter4] Gen:15 Ind:19 RMSE(val)=28.379617
[GA][Iter4] Gen:15 Ind:20 RMSE(val)=28.371638

[GA DONE][Iter4] Best params on val fold of Iter4
Best val RMSE: 28.340897
Best params: {'n_estimators': 955, 'learning_rate': 0.008691980935053177, 'max_depth': 1, 'min_samples_split': 9, 'min_samples_leaf': 11, 'subsample': 0.6850832931881621, 'max_features': None}
--------------------------------------------------------------------------------
[RETUNE GA] Iter4: train folds 1..8 -> test fold 9  RMSE=24.485563  NRMSE=0.977452  CVRMSE=0.072868  R2=0.035659
[GA][Iter5] Gen:1 Ind:1 RMSE(val)=25.591046
[GA][Iter5] Gen:1 Ind:2 RMSE(val)=27.827971
[GA][Iter5] Gen:1 Ind:3 RMSE(val)=25.626438
[GA][Iter5] Gen:1 Ind:4 RMSE(val)=27.347932
[GA][Iter5] Gen:1 Ind:5 RMSE(val)=27.483562
[GA][Iter5] Gen:1 Ind:6 RMSE(val)=24.225762
[GA][Iter5] Gen:1 Ind:7 RMSE(val)=25.759438
[GA][Iter5] Gen:1 Ind:8 RMSE(val)=29.394324
[GA][Iter5] Gen:1 Ind:9 RMSE(val)=25.394179
[GA][Iter5] Gen:1 Ind:10 RMSE(val)=25.703114
[GA][Iter5] Gen:1 Ind:11 RMSE(val)=29.538395
[GA][Iter5] Gen:1 Ind:12 RMSE(val)=25.659566
[GA][Iter5] Gen:1 Ind:13 RMSE(val)=29.579972
[GA][Iter5] Gen:1 Ind:14 RMSE(val)=24.888306
[GA][Iter5] Gen:1 Ind:15 RMSE(val)=26.823711
[GA][Iter5] Gen:1 Ind:16 RMSE(val)=28.328033
[GA][Iter5] Gen:1 Ind:17 RMSE(val)=27.403348
[GA][Iter5] Gen:1 Ind:18 RMSE(val)=25.570171
[GA][Iter5] Gen:1 Ind:19 RMSE(val)=27.576566
[GA][Iter5] Gen:1 Ind:20 RMSE(val)=30.169938
[GA][Iter5] gen=1 best_val_rmse=24.225762
[GA][Iter5] Gen:2 Ind:1 RMSE(val)=24.225762
[GA][Iter5] Gen:2 Ind:2 RMSE(val)=24.888306
[GA][Iter5] Gen:2 Ind:3 RMSE(val)=25.394179
[GA][Iter5] Gen:2 Ind:4 RMSE(val)=25.570171
[GA][Iter5] Gen:2 Ind:5 RMSE(val)=25.591046
[GA][Iter5] Gen:2 Ind:6 RMSE(val)=25.626438
[GA][Iter5] Gen:2 Ind:7 RMSE(val)=25.659566
[GA][Iter5] Gen:2 Ind:8 RMSE(val)=25.703114
[GA][Iter5] Gen:2 Ind:9 RMSE(val)=25.759438
[GA][Iter5] Gen:2 Ind:10 RMSE(val)=26.823711
[GA][Iter5] Gen:2 Ind:11 RMSE(val)=25.988969
[GA][Iter5] Gen:2 Ind:12 RMSE(val)=25.552543
[GA][Iter5] Gen:2 Ind:13 RMSE(val)=25.446173
[GA][Iter5] Gen:2 Ind:14 RMSE(val)=24.594172
[GA][Iter5] Gen:2 Ind:15 RMSE(val)=26.485818
[GA][Iter5] Gen:2 Ind:16 RMSE(val)=24.813691
[GA][Iter5] Gen:2 Ind:17 RMSE(val)=29.029892
[GA][Iter5] Gen:2 Ind:18 RMSE(val)=25.432351
[GA][Iter5] Gen:2 Ind:19 RMSE(val)=26.189926
[GA][Iter5] Gen:2 Ind:20 RMSE(val)=25.279915
[GA][Iter5] gen=2 best_val_rmse=24.225762
[GA][Iter5] Gen:3 Ind:1 RMSE(val)=24.225762
[GA][Iter5] Gen:3 Ind:2 RMSE(val)=24.594172
[GA][Iter5] Gen:3 Ind:3 RMSE(val)=24.813691
[GA][Iter5] Gen:3 Ind:4 RMSE(val)=24.888306
[GA][Iter5] Gen:3 Ind:5 RMSE(val)=25.279915
[GA][Iter5] Gen:3 Ind:6 RMSE(val)=25.394179
[GA][Iter5] Gen:3 Ind:7 RMSE(val)=25.432351
[GA][Iter5] Gen:3 Ind:8 RMSE(val)=25.446173
[GA][Iter5] Gen:3 Ind:9 RMSE(val)=25.552543
[GA][Iter5] Gen:3 Ind:10 RMSE(val)=25.570171
[GA][Iter5] Gen:3 Ind:11 RMSE(val)=26.667693
[GA][Iter5] Gen:3 Ind:12 RMSE(val)=25.490872
[GA][Iter5] Gen:3 Ind:13 RMSE(val)=24.636305
[GA][Iter5] Gen:3 Ind:14 RMSE(val)=24.401742
[GA][Iter5] Gen:3 Ind:15 RMSE(val)=24.574359
[GA][Iter5] Gen:3 Ind:16 RMSE(val)=24.661727
[GA][Iter5] Gen:3 Ind:17 RMSE(val)=25.425057
[GA][Iter5] Gen:3 Ind:18 RMSE(val)=25.123899
[GA][Iter5] Gen:3 Ind:19 RMSE(val)=24.984426
[GA][Iter5] Gen:3 Ind:20 RMSE(val)=25.959064
[GA][Iter5] gen=3 best_val_rmse=24.225762
[GA][Iter5] Gen:4 Ind:1 RMSE(val)=24.225762
[GA][Iter5] Gen:4 Ind:2 RMSE(val)=24.401742
[GA][Iter5] Gen:4 Ind:3 RMSE(val)=24.574359
[GA][Iter5] Gen:4 Ind:4 RMSE(val)=24.594172
[GA][Iter5] Gen:4 Ind:5 RMSE(val)=24.636305
[GA][Iter5] Gen:4 Ind:6 RMSE(val)=24.661727
[GA][Iter5] Gen:4 Ind:7 RMSE(val)=24.813691
[GA][Iter5] Gen:4 Ind:8 RMSE(val)=24.888306
[GA][Iter5] Gen:4 Ind:9 RMSE(val)=24.984426
[GA][Iter5] Gen:4 Ind:10 RMSE(val)=25.123899
[GA][Iter5] Gen:4 Ind:11 RMSE(val)=24.910946
[GA][Iter5] Gen:4 Ind:12 RMSE(val)=24.793322
[GA][Iter5] Gen:4 Ind:13 RMSE(val)=24.739638
[GA][Iter5] Gen:4 Ind:14 RMSE(val)=24.552035
[GA][Iter5] Gen:4 Ind:15 RMSE(val)=24.655228
[GA][Iter5] Gen:4 Ind:16 RMSE(val)=24.813691
[GA][Iter5] Gen:4 Ind:17 RMSE(val)=25.024589
[GA][Iter5] Gen:4 Ind:18 RMSE(val)=24.458105
[GA][Iter5] Gen:4 Ind:19 RMSE(val)=24.804887
[GA][Iter5] Gen:4 Ind:20 RMSE(val)=24.929286
[GA][Iter5] gen=4 best_val_rmse=24.225762
[GA][Iter5] Gen:5 Ind:1 RMSE(val)=24.225762
[GA][Iter5] Gen:5 Ind:2 RMSE(val)=24.401742
[GA][Iter5] Gen:5 Ind:3 RMSE(val)=24.458105
[GA][Iter5] Gen:5 Ind:4 RMSE(val)=24.552035
[GA][Iter5] Gen:5 Ind:5 RMSE(val)=24.574359
[GA][Iter5] Gen:5 Ind:6 RMSE(val)=24.594172
[GA][Iter5] Gen:5 Ind:7 RMSE(val)=24.636305
[GA][Iter5] Gen:5 Ind:8 RMSE(val)=24.655228
[GA][Iter5] Gen:5 Ind:9 RMSE(val)=24.661727
[GA][Iter5] Gen:5 Ind:10 RMSE(val)=24.739638
[GA][Iter5] Gen:5 Ind:11 RMSE(val)=25.589629
[GA][Iter5] Gen:5 Ind:12 RMSE(val)=24.678026
[GA][Iter5] Gen:5 Ind:13 RMSE(val)=24.739638
[GA][Iter5] Gen:5 Ind:14 RMSE(val)=24.668718
[GA][Iter5] Gen:5 Ind:15 RMSE(val)=24.733601
[GA][Iter5] Gen:5 Ind:16 RMSE(val)=24.365612
[GA][Iter5] Gen:5 Ind:17 RMSE(val)=24.877874
[GA][Iter5] Gen:5 Ind:18 RMSE(val)=24.669535
[GA][Iter5] Gen:5 Ind:19 RMSE(val)=24.641055
[GA][Iter5] Gen:5 Ind:20 RMSE(val)=24.864698
[GA][Iter5] gen=5 best_val_rmse=24.225762
[GA][Iter5] Gen:6 Ind:1 RMSE(val)=24.225762
[GA][Iter5] Gen:6 Ind:2 RMSE(val)=24.365612
[GA][Iter5] Gen:6 Ind:3 RMSE(val)=24.401742
[GA][Iter5] Gen:6 Ind:4 RMSE(val)=24.458105
[GA][Iter5] Gen:6 Ind:5 RMSE(val)=24.552035
[GA][Iter5] Gen:6 Ind:6 RMSE(val)=24.574359
[GA][Iter5] Gen:6 Ind:7 RMSE(val)=24.594172
[GA][Iter5] Gen:6 Ind:8 RMSE(val)=24.636305
[GA][Iter5] Gen:6 Ind:9 RMSE(val)=24.641055
[GA][Iter5] Gen:6 Ind:10 RMSE(val)=24.655228
[GA][Iter5] Gen:6 Ind:11 RMSE(val)=24.411679
[GA][Iter5] Gen:6 Ind:12 RMSE(val)=24.490038
[GA][Iter5] Gen:6 Ind:13 RMSE(val)=24.225762
[GA][Iter5] Gen:6 Ind:14 RMSE(val)=24.357187
[GA][Iter5] Gen:6 Ind:15 RMSE(val)=24.594135
[GA][Iter5] Gen:6 Ind:16 RMSE(val)=24.499611
[GA][Iter5] Gen:6 Ind:17 RMSE(val)=24.637684
[GA][Iter5] Gen:6 Ind:18 RMSE(val)=24.574359
[GA][Iter5] Gen:6 Ind:19 RMSE(val)=24.778123
[GA][Iter5] Gen:6 Ind:20 RMSE(val)=24.676609
[GA][Iter5] gen=6 best_val_rmse=24.225762
[GA][Iter5] Gen:7 Ind:1 RMSE(val)=24.225762
[GA][Iter5] Gen:7 Ind:2 RMSE(val)=24.225762
[GA][Iter5] Gen:7 Ind:3 RMSE(val)=24.357187
[GA][Iter5] Gen:7 Ind:4 RMSE(val)=24.365612
[GA][Iter5] Gen:7 Ind:5 RMSE(val)=24.401742
[GA][Iter5] Gen:7 Ind:6 RMSE(val)=24.411679
[GA][Iter5] Gen:7 Ind:7 RMSE(val)=24.458105
[GA][Iter5] Gen:7 Ind:8 RMSE(val)=24.490038
[GA][Iter5] Gen:7 Ind:9 RMSE(val)=24.499611
[GA][Iter5] Gen:7 Ind:10 RMSE(val)=24.552035
[GA][Iter5] Gen:7 Ind:11 RMSE(val)=24.433731
[GA][Iter5] Gen:7 Ind:12 RMSE(val)=24.282339
[GA][Iter5] Gen:7 Ind:13 RMSE(val)=25.303649
[GA][Iter5] Gen:7 Ind:14 RMSE(val)=24.225762
[GA][Iter5] Gen:7 Ind:15 RMSE(val)=24.515553
[GA][Iter5] Gen:7 Ind:16 RMSE(val)=24.499752
[GA][Iter5] Gen:7 Ind:17 RMSE(val)=24.365612
[GA][Iter5] Gen:7 Ind:18 RMSE(val)=24.331776
[GA][Iter5] Gen:7 Ind:19 RMSE(val)=24.365612
[GA][Iter5] Gen:7 Ind:20 RMSE(val)=24.552035
[GA][Iter5] gen=7 best_val_rmse=24.225762
[GA][Iter5] Gen:8 Ind:1 RMSE(val)=24.225762
[GA][Iter5] Gen:8 Ind:2 RMSE(val)=24.225762
[GA][Iter5] Gen:8 Ind:3 RMSE(val)=24.225762
[GA][Iter5] Gen:8 Ind:4 RMSE(val)=24.282339
[GA][Iter5] Gen:8 Ind:5 RMSE(val)=24.331776
[GA][Iter5] Gen:8 Ind:6 RMSE(val)=24.357187
[GA][Iter5] Gen:8 Ind:7 RMSE(val)=24.365612
[GA][Iter5] Gen:8 Ind:8 RMSE(val)=24.365612
[GA][Iter5] Gen:8 Ind:9 RMSE(val)=24.365612
[GA][Iter5] Gen:8 Ind:10 RMSE(val)=24.401742
[GA][Iter5] Gen:8 Ind:11 RMSE(val)=24.365612
[GA][Iter5] Gen:8 Ind:12 RMSE(val)=24.813691
[GA][Iter5] Gen:8 Ind:13 RMSE(val)=25.233238
[GA][Iter5] Gen:8 Ind:14 RMSE(val)=25.153336
[GA][Iter5] Gen:8 Ind:15 RMSE(val)=24.365612
[GA][Iter5] Gen:8 Ind:16 RMSE(val)=24.326615
[GA][Iter5] Gen:8 Ind:17 RMSE(val)=24.513869
[GA][Iter5] Gen:8 Ind:18 RMSE(val)=24.365612
[GA][Iter5] Gen:8 Ind:19 RMSE(val)=24.357187
[GA][Iter5] Gen:8 Ind:20 RMSE(val)=25.280294
[GA][Iter5] gen=8 best_val_rmse=24.225762
[GA][Iter5] Gen:9 Ind:1 RMSE(val)=24.225762
[GA][Iter5] Gen:9 Ind:2 RMSE(val)=24.225762
[GA][Iter5] Gen:9 Ind:3 RMSE(val)=24.225762
[GA][Iter5] Gen:9 Ind:4 RMSE(val)=24.282339
[GA][Iter5] Gen:9 Ind:5 RMSE(val)=24.326615
[GA][Iter5] Gen:9 Ind:6 RMSE(val)=24.331776
[GA][Iter5] Gen:9 Ind:7 RMSE(val)=24.357187
[GA][Iter5] Gen:9 Ind:8 RMSE(val)=24.357187
[GA][Iter5] Gen:9 Ind:9 RMSE(val)=24.365612
[GA][Iter5] Gen:9 Ind:10 RMSE(val)=24.365612
[GA][Iter5] Gen:9 Ind:11 RMSE(val)=24.357187
[GA][Iter5] Gen:9 Ind:12 RMSE(val)=25.280294
[GA][Iter5] Gen:9 Ind:13 RMSE(val)=24.225762
[GA][Iter5] Gen:9 Ind:14 RMSE(val)=24.331776
[GA][Iter5] Gen:9 Ind:15 RMSE(val)=24.326615
[GA][Iter5] Gen:9 Ind:16 RMSE(val)=24.735624
[GA][Iter5] Gen:9 Ind:17 RMSE(val)=24.282339
[GA][Iter5] Gen:9 Ind:18 RMSE(val)=24.326615
[GA][Iter5] Gen:9 Ind:19 RMSE(val)=24.282339
[GA][Iter5] Gen:9 Ind:20 RMSE(val)=24.326615
[GA][Iter5] gen=9 best_val_rmse=24.225762
[GA][Iter5] Gen:10 Ind:1 RMSE(val)=24.225762
[GA][Iter5] Gen:10 Ind:2 RMSE(val)=24.225762
[GA][Iter5] Gen:10 Ind:3 RMSE(val)=24.225762
[GA][Iter5] Gen:10 Ind:4 RMSE(val)=24.225762
[GA][Iter5] Gen:10 Ind:5 RMSE(val)=24.282339
[GA][Iter5] Gen:10 Ind:6 RMSE(val)=24.282339
[GA][Iter5] Gen:10 Ind:7 RMSE(val)=24.282339
[GA][Iter5] Gen:10 Ind:8 RMSE(val)=24.326615
[GA][Iter5] Gen:10 Ind:9 RMSE(val)=24.326615
[GA][Iter5] Gen:10 Ind:10 RMSE(val)=24.326615
[GA][Iter5] Gen:10 Ind:11 RMSE(val)=24.378887
[GA][Iter5] Gen:10 Ind:12 RMSE(val)=24.282339
[GA][Iter5] Gen:10 Ind:13 RMSE(val)=24.282339
[GA][Iter5] Gen:10 Ind:14 RMSE(val)=24.326615
[GA][Iter5] Gen:10 Ind:15 RMSE(val)=24.418045
[GA][Iter5] Gen:10 Ind:16 RMSE(val)=24.418045
[GA][Iter5] Gen:10 Ind:17 RMSE(val)=24.326615
[GA][Iter5] Gen:10 Ind:18 RMSE(val)=24.326615
[GA][Iter5] Gen:10 Ind:19 RMSE(val)=24.326615
[GA][Iter5] Gen:10 Ind:20 RMSE(val)=24.281171
[GA][Iter5] gen=10 best_val_rmse=24.225762
[GA][Iter5] Gen:11 Ind:1 RMSE(val)=24.225762
[GA][Iter5] Gen:11 Ind:2 RMSE(val)=24.225762
[GA][Iter5] Gen:11 Ind:3 RMSE(val)=24.225762
[GA][Iter5] Gen:11 Ind:4 RMSE(val)=24.225762
[GA][Iter5] Gen:11 Ind:5 RMSE(val)=24.281171
[GA][Iter5] Gen:11 Ind:6 RMSE(val)=24.282339
[GA][Iter5] Gen:11 Ind:7 RMSE(val)=24.282339
[GA][Iter5] Gen:11 Ind:8 RMSE(val)=24.282339
[GA][Iter5] Gen:11 Ind:9 RMSE(val)=24.282339
[GA][Iter5] Gen:11 Ind:10 RMSE(val)=24.282339
[GA][Iter5] Gen:11 Ind:11 RMSE(val)=24.477677
[GA][Iter5] Gen:11 Ind:12 RMSE(val)=24.282339
[GA][Iter5] Gen:11 Ind:13 RMSE(val)=24.225762
[GA][Iter5] Gen:11 Ind:14 RMSE(val)=25.274503
[GA][Iter5] Gen:11 Ind:15 RMSE(val)=24.281171
[GA][Iter5] Gen:11 Ind:16 RMSE(val)=24.225762
[GA][Iter5] Gen:11 Ind:17 RMSE(val)=24.281171
[GA][Iter5] Gen:11 Ind:18 RMSE(val)=24.448677
[GA][Iter5] Gen:11 Ind:19 RMSE(val)=24.282339
[GA][Iter5] Gen:11 Ind:20 RMSE(val)=24.345798
[GA][Iter5] gen=11 best_val_rmse=24.225762
[GA][Iter5] Gen:12 Ind:1 RMSE(val)=24.225762
[GA][Iter5] Gen:12 Ind:2 RMSE(val)=24.225762
[GA][Iter5] Gen:12 Ind:3 RMSE(val)=24.225762
[GA][Iter5] Gen:12 Ind:4 RMSE(val)=24.225762
[GA][Iter5] Gen:12 Ind:5 RMSE(val)=24.225762
[GA][Iter5] Gen:12 Ind:6 RMSE(val)=24.225762
[GA][Iter5] Gen:12 Ind:7 RMSE(val)=24.281171
[GA][Iter5] Gen:12 Ind:8 RMSE(val)=24.281171
[GA][Iter5] Gen:12 Ind:9 RMSE(val)=24.281171
[GA][Iter5] Gen:12 Ind:10 RMSE(val)=24.282339
[GA][Iter5] Gen:12 Ind:11 RMSE(val)=24.661445
[GA][Iter5] Gen:12 Ind:12 RMSE(val)=24.338675
[GA][Iter5] Gen:12 Ind:13 RMSE(val)=24.282489
[GA][Iter5] Gen:12 Ind:14 RMSE(val)=24.281171
[GA][Iter5] Gen:12 Ind:15 RMSE(val)=24.225762
[GA][Iter5] Gen:12 Ind:16 RMSE(val)=24.736988
[GA][Iter5] Gen:12 Ind:17 RMSE(val)=24.331776
[GA][Iter5] Gen:12 Ind:18 RMSE(val)=24.225762
[GA][Iter5] Gen:12 Ind:19 RMSE(val)=25.315455
[GA][Iter5] Gen:12 Ind:20 RMSE(val)=24.416500
[GA][Iter5] gen=12 best_val_rmse=24.225762
[GA][Iter5] Gen:13 Ind:1 RMSE(val)=24.225762
[GA][Iter5] Gen:13 Ind:2 RMSE(val)=24.225762
[GA][Iter5] Gen:13 Ind:3 RMSE(val)=24.225762
[GA][Iter5] Gen:13 Ind:4 RMSE(val)=24.225762
[GA][Iter5] Gen:13 Ind:5 RMSE(val)=24.225762
[GA][Iter5] Gen:13 Ind:6 RMSE(val)=24.225762
[GA][Iter5] Gen:13 Ind:7 RMSE(val)=24.225762
[GA][Iter5] Gen:13 Ind:8 RMSE(val)=24.225762
[GA][Iter5] Gen:13 Ind:9 RMSE(val)=24.281171
[GA][Iter5] Gen:13 Ind:10 RMSE(val)=24.281171
[GA][Iter5] Gen:13 Ind:11 RMSE(val)=24.283858
[GA][Iter5] Gen:13 Ind:12 RMSE(val)=24.225762
[GA][Iter5] Gen:13 Ind:13 RMSE(val)=24.526852
[GA][Iter5] Gen:13 Ind:14 RMSE(val)=24.225762
[GA][Iter5] Gen:13 Ind:15 RMSE(val)=24.600017
[GA][Iter5] Gen:13 Ind:16 RMSE(val)=24.225762
[GA][Iter5] Gen:13 Ind:17 RMSE(val)=24.736988
[GA][Iter5] Gen:13 Ind:18 RMSE(val)=24.248266
[GA][Iter5] Gen:13 Ind:19 RMSE(val)=24.225762
[GA][Iter5] Gen:13 Ind:20 RMSE(val)=24.225762
[GA][Iter5] gen=13 best_val_rmse=24.225762
[GA][Iter5] Gen:14 Ind:1 RMSE(val)=24.225762
[GA][Iter5] Gen:14 Ind:2 RMSE(val)=24.225762
[GA][Iter5] Gen:14 Ind:3 RMSE(val)=24.225762
[GA][Iter5] Gen:14 Ind:4 RMSE(val)=24.225762
[GA][Iter5] Gen:14 Ind:5 RMSE(val)=24.225762
[GA][Iter5] Gen:14 Ind:6 RMSE(val)=24.225762
[GA][Iter5] Gen:14 Ind:7 RMSE(val)=24.225762
[GA][Iter5] Gen:14 Ind:8 RMSE(val)=24.225762
[GA][Iter5] Gen:14 Ind:9 RMSE(val)=24.225762
[GA][Iter5] Gen:14 Ind:10 RMSE(val)=24.225762
[GA][Iter5] Gen:14 Ind:11 RMSE(val)=24.225762
[GA][Iter5] Gen:14 Ind:12 RMSE(val)=24.225762
[GA][Iter5] Gen:14 Ind:13 RMSE(val)=24.225762
[GA][Iter5] Gen:14 Ind:14 RMSE(val)=24.225762
[GA][Iter5] Gen:14 Ind:15 RMSE(val)=24.225762
[GA][Iter5] Gen:14 Ind:16 RMSE(val)=24.282489
[GA][Iter5] Gen:14 Ind:17 RMSE(val)=24.216684
[GA][Iter5] Gen:14 Ind:18 RMSE(val)=24.225762
[GA][Iter5] Gen:14 Ind:19 RMSE(val)=24.225762
[GA][Iter5] Gen:14 Ind:20 RMSE(val)=24.225762
[GA][Iter5] gen=14 best_val_rmse=24.216684
[GA][Iter5] Gen:15 Ind:1 RMSE(val)=24.216684
[GA][Iter5] Gen:15 Ind:2 RMSE(val)=24.225762
[GA][Iter5] Gen:15 Ind:3 RMSE(val)=24.225762
[GA][Iter5] Gen:15 Ind:4 RMSE(val)=24.225762
[GA][Iter5] Gen:15 Ind:5 RMSE(val)=24.225762
[GA][Iter5] Gen:15 Ind:6 RMSE(val)=24.225762
[GA][Iter5] Gen:15 Ind:7 RMSE(val)=24.225762
[GA][Iter5] Gen:15 Ind:8 RMSE(val)=24.225762
[GA][Iter5] Gen:15 Ind:9 RMSE(val)=24.225762
[GA][Iter5] Gen:15 Ind:10 RMSE(val)=24.225762
[GA][Iter5] Gen:15 Ind:11 RMSE(val)=24.352133
[GA][Iter5] Gen:15 Ind:12 RMSE(val)=24.225762
[GA][Iter5] Gen:15 Ind:13 RMSE(val)=24.225762
[GA][Iter5] Gen:15 Ind:14 RMSE(val)=24.554851
[GA][Iter5] Gen:15 Ind:15 RMSE(val)=24.225762
[GA][Iter5] Gen:15 Ind:16 RMSE(val)=24.216684
[GA][Iter5] Gen:15 Ind:17 RMSE(val)=24.225762
[GA][Iter5] Gen:15 Ind:18 RMSE(val)=24.225762
[GA][Iter5] Gen:15 Ind:19 RMSE(val)=24.225762
[GA][Iter5] Gen:15 Ind:20 RMSE(val)=24.225762
[GA][Iter5] gen=15 best_val_rmse=24.216684
[GA][Iter5] Gen:15 Ind:1 RMSE(val)=24.216684
[GA][Iter5] Gen:15 Ind:2 RMSE(val)=24.216684
[GA][Iter5] Gen:15 Ind:3 RMSE(val)=24.225762
[GA][Iter5] Gen:15 Ind:4 RMSE(val)=24.225762
[GA][Iter5] Gen:15 Ind:5 RMSE(val)=24.225762
[GA][Iter5] Gen:15 Ind:6 RMSE(val)=24.225762
[GA][Iter5] Gen:15 Ind:7 RMSE(val)=24.225762
[GA][Iter5] Gen:15 Ind:8 RMSE(val)=24.225762
[GA][Iter5] Gen:15 Ind:9 RMSE(val)=24.225762
[GA][Iter5] Gen:15 Ind:10 RMSE(val)=24.225762
[GA][Iter5] Gen:15 Ind:11 RMSE(val)=24.225762
[GA][Iter5] Gen:15 Ind:12 RMSE(val)=24.255638
[GA][Iter5] Gen:15 Ind:13 RMSE(val)=24.421686
[GA][Iter5] Gen:15 Ind:14 RMSE(val)=24.225762
[GA][Iter5] Gen:15 Ind:15 RMSE(val)=24.528054
[GA][Iter5] Gen:15 Ind:16 RMSE(val)=24.225762
[GA][Iter5] Gen:15 Ind:17 RMSE(val)=24.225762
[GA][Iter5] Gen:15 Ind:18 RMSE(val)=24.424229
[GA][Iter5] Gen:15 Ind:19 RMSE(val)=24.225762
[GA][Iter5] Gen:15 Ind:20 RMSE(val)=24.312523

[GA DONE][Iter5] Best params on val fold of Iter5
Best val RMSE: 24.216684
Best params: {'n_estimators': 843, 'learning_rate': 0.008691980935053177, 'max_depth': 2, 'min_samples_split': 13, 'min_samples_leaf': 12, 'subsample': 0.8414904125467564, 'max_features': None}
--------------------------------------------------------------------------------
[RETUNE GA] Iter5: train folds 1..9 -> test fold 10  RMSE=25.045253  NRMSE=1.035849  CVRMSE=0.075163  R2=-0.083011
