=== BASELINE (project=jod, last-7 mean, expanding folds) ===
Iter1: train folds 1..5 -> test fold 6  RMSE=26895.9493  NRMSE=1.0713  CVRMSE=8.5829  R˛=-0.1580
Iter2: train folds 1..6 -> test fold 7  RMSE=19079.4261  NRMSE=1.0730  CVRMSE=7.4300  R˛=-0.1617
Iter3: train folds 1..7 -> test fold 8  RMSE=7213.0056  NRMSE=1.0702  CVRMSE=8.0620  R˛=-0.1556
Iter4: train folds 1..8 -> test fold 9  RMSE=117507.9024  NRMSE=1.0630  CVRMSE=5.1924  R˛=-0.1401
Iter5: train folds 1..9 -> test fold 10  RMSE=123582.4144  NRMSE=1.0751  CVRMSE=9.8764  R˛=-0.1663
--------------------------------------------------
[FEATURES] initial=87 kept_after_screening=48
['workflow_event_trigger', 'issuer_name', 'total_builds', 'gh_files_added', 'gh_files_deleted', 'gh_lines_deleted', 'gh_tests_deleted', 'gh_description_complexity', 'gh_src_files', 'git_num_committers', 'gh_team_size_last_3_month', 'gh_commits_on_files_touched', 'gh_test_lines_per_kloc', 'hour', 'dow', 'secs_since_prev', 'duration_lag_1', 'duration_lag_3', 'duration_lag_5', 'duration_lag_6', 'duration_lag_7', 'window_avg_7', 'window_std_3', 'ft___cjs__', 'ft___css_', 'ft___html_', 'ft___ts_', 'ft___ts__', 'ft___tsx_', 'ft___tsx__', 'ft___tsx____dup1', 'ft___webmanifest_', 'ft___yml_', 'ft____css_', 'ft____css__', 'ft____html_', 'ft____json_', 'ft____json__', 'ft____md_', 'ft____snap_', 'ft____svg_', 'ft____ts_', 'ft____ts__', 'ft____tsx_', 'ft____tsx__', 'ft____tsx____dup1', 'ft____yaml__', 'ft____yml__']
--------------------------------------------------------------------------------
[GA][Iter1] Gen:1 Ind:1 RMSE(val)=80021.474873
[GA][Iter1] Gen:1 Ind:2 RMSE(val)=101756.543233
[GA][Iter1] Gen:1 Ind:3 RMSE(val)=149951.256745
[GA][Iter1] Gen:1 Ind:4 RMSE(val)=83628.703503
[GA][Iter1] Gen:1 Ind:5 RMSE(val)=86269.954825
[GA][Iter1] Gen:1 Ind:6 RMSE(val)=85152.690135
[GA][Iter1] Gen:1 Ind:7 RMSE(val)=185826.016687
[GA][Iter1] Gen:1 Ind:8 RMSE(val)=80585.247225
[GA][Iter1] Gen:1 Ind:9 RMSE(val)=97139.640770
[GA][Iter1] Gen:1 Ind:10 RMSE(val)=90946.474216
[GA][Iter1] Gen:1 Ind:11 RMSE(val)=93959.049933
[GA][Iter1] Gen:1 Ind:12 RMSE(val)=96260.735245
[GA][Iter1] Gen:1 Ind:13 RMSE(val)=176469.376752
[GA][Iter1] Gen:1 Ind:14 RMSE(val)=93144.266448
[GA][Iter1] Gen:1 Ind:15 RMSE(val)=84985.771905
[GA][Iter1] Gen:1 Ind:16 RMSE(val)=99473.798738
[GA][Iter1] Gen:1 Ind:17 RMSE(val)=208968.305090
[GA][Iter1] Gen:1 Ind:18 RMSE(val)=125557.800408
[GA][Iter1] Gen:1 Ind:19 RMSE(val)=113536.072394
[GA][Iter1] Gen:1 Ind:20 RMSE(val)=87640.322329
[GA][Iter1] gen=1 best_val_rmse=80021.474873
[GA][Iter1] Gen:2 Ind:1 RMSE(val)=80021.474873
[GA][Iter1] Gen:2 Ind:2 RMSE(val)=80585.247225
[GA][Iter1] Gen:2 Ind:3 RMSE(val)=83628.703503
[GA][Iter1] Gen:2 Ind:4 RMSE(val)=84985.771905
[GA][Iter1] Gen:2 Ind:5 RMSE(val)=85152.690135
[GA][Iter1] Gen:2 Ind:6 RMSE(val)=86269.954825
[GA][Iter1] Gen:2 Ind:7 RMSE(val)=87640.322329
[GA][Iter1] Gen:2 Ind:8 RMSE(val)=90946.474216
[GA][Iter1] Gen:2 Ind:9 RMSE(val)=93144.266448
[GA][Iter1] Gen:2 Ind:10 RMSE(val)=93959.049933
[GA][Iter1] Gen:2 Ind:11 RMSE(val)=72845.852431
[GA][Iter1] Gen:2 Ind:12 RMSE(val)=86130.335492
[GA][Iter1] Gen:2 Ind:13 RMSE(val)=80746.241183
[GA][Iter1] Gen:2 Ind:14 RMSE(val)=88561.062157
[GA][Iter1] Gen:2 Ind:15 RMSE(val)=90631.178764
[GA][Iter1] Gen:2 Ind:16 RMSE(val)=92830.574892
[GA][Iter1] Gen:2 Ind:17 RMSE(val)=74720.542334
[GA][Iter1] Gen:2 Ind:18 RMSE(val)=73827.631137
[GA][Iter1] Gen:2 Ind:19 RMSE(val)=71566.260175
[GA][Iter1] Gen:2 Ind:20 RMSE(val)=84985.771905
[GA][Iter1] gen=2 best_val_rmse=71566.260175
[GA][Iter1] Gen:3 Ind:1 RMSE(val)=71566.260175
[GA][Iter1] Gen:3 Ind:2 RMSE(val)=72845.852431
[GA][Iter1] Gen:3 Ind:3 RMSE(val)=73827.631137
[GA][Iter1] Gen:3 Ind:4 RMSE(val)=74720.542334
[GA][Iter1] Gen:3 Ind:5 RMSE(val)=80021.474873
[GA][Iter1] Gen:3 Ind:6 RMSE(val)=80585.247225
[GA][Iter1] Gen:3 Ind:7 RMSE(val)=80746.241183
[GA][Iter1] Gen:3 Ind:8 RMSE(val)=83628.703503
[GA][Iter1] Gen:3 Ind:9 RMSE(val)=84985.771905
[GA][Iter1] Gen:3 Ind:10 RMSE(val)=84985.771905
[GA][Iter1] Gen:3 Ind:11 RMSE(val)=82840.883357
[GA][Iter1] Gen:3 Ind:12 RMSE(val)=84985.771905
[GA][Iter1] Gen:3 Ind:13 RMSE(val)=71853.647532
[GA][Iter1] Gen:3 Ind:14 RMSE(val)=93096.464945
[GA][Iter1] Gen:3 Ind:15 RMSE(val)=72845.852431
[GA][Iter1] Gen:3 Ind:16 RMSE(val)=78000.142478
[GA][Iter1] Gen:3 Ind:17 RMSE(val)=85424.365760
[GA][Iter1] Gen:3 Ind:18 RMSE(val)=72220.168645
[GA][Iter1] Gen:3 Ind:19 RMSE(val)=73827.631137
[GA][Iter1] Gen:3 Ind:20 RMSE(val)=86817.025999
[GA][Iter1] gen=3 best_val_rmse=71566.260175
[GA][Iter1] Gen:4 Ind:1 RMSE(val)=71566.260175
[GA][Iter1] Gen:4 Ind:2 RMSE(val)=71853.647532
[GA][Iter1] Gen:4 Ind:3 RMSE(val)=72220.168645
[GA][Iter1] Gen:4 Ind:4 RMSE(val)=72845.852431
[GA][Iter1] Gen:4 Ind:5 RMSE(val)=72845.852431
[GA][Iter1] Gen:4 Ind:6 RMSE(val)=73827.631137
[GA][Iter1] Gen:4 Ind:7 RMSE(val)=73827.631137
[GA][Iter1] Gen:4 Ind:8 RMSE(val)=74720.542334
[GA][Iter1] Gen:4 Ind:9 RMSE(val)=78000.142478
[GA][Iter1] Gen:4 Ind:10 RMSE(val)=80021.474873
[GA][Iter1] Gen:4 Ind:11 RMSE(val)=80021.904405
[GA][Iter1] Gen:4 Ind:12 RMSE(val)=71322.183600
[GA][Iter1] Gen:4 Ind:13 RMSE(val)=73526.997424
[GA][Iter1] Gen:4 Ind:14 RMSE(val)=71853.647532
[GA][Iter1] Gen:4 Ind:15 RMSE(val)=72220.211863
[GA][Iter1] Gen:4 Ind:16 RMSE(val)=71566.260175
[GA][Iter1] Gen:4 Ind:17 RMSE(val)=73827.631137
[GA][Iter1] Gen:4 Ind:18 RMSE(val)=73406.646624
[GA][Iter1] Gen:4 Ind:19 RMSE(val)=84510.637694
[GA][Iter1] Gen:4 Ind:20 RMSE(val)=73872.757672
[GA][Iter1] gen=4 best_val_rmse=71322.183600
[GA][Iter1] Gen:5 Ind:1 RMSE(val)=71322.183600
[GA][Iter1] Gen:5 Ind:2 RMSE(val)=71566.260175
[GA][Iter1] Gen:5 Ind:3 RMSE(val)=71566.260175
[GA][Iter1] Gen:5 Ind:4 RMSE(val)=71853.647532
[GA][Iter1] Gen:5 Ind:5 RMSE(val)=71853.647532
[GA][Iter1] Gen:5 Ind:6 RMSE(val)=72220.168645
[GA][Iter1] Gen:5 Ind:7 RMSE(val)=72220.211863
[GA][Iter1] Gen:5 Ind:8 RMSE(val)=72845.852431
[GA][Iter1] Gen:5 Ind:9 RMSE(val)=72845.852431
[GA][Iter1] Gen:5 Ind:10 RMSE(val)=73406.646624
[GA][Iter1] Gen:5 Ind:11 RMSE(val)=71566.260175
[GA][Iter1] Gen:5 Ind:12 RMSE(val)=72220.211863
[GA][Iter1] Gen:5 Ind:13 RMSE(val)=73406.646624
[GA][Iter1] Gen:5 Ind:14 RMSE(val)=71566.260175
[GA][Iter1] Gen:5 Ind:15 RMSE(val)=71853.647532
[GA][Iter1] Gen:5 Ind:16 RMSE(val)=72845.852431
[GA][Iter1] Gen:5 Ind:17 RMSE(val)=72220.211863
[GA][Iter1] Gen:5 Ind:18 RMSE(val)=71734.612643
[GA][Iter1] Gen:5 Ind:19 RMSE(val)=71566.260175
[GA][Iter1] Gen:5 Ind:20 RMSE(val)=79180.289003
[GA][Iter1] gen=5 best_val_rmse=71322.183600
[GA][Iter1] Gen:6 Ind:1 RMSE(val)=71322.183600
[GA][Iter1] Gen:6 Ind:2 RMSE(val)=71566.260175
[GA][Iter1] Gen:6 Ind:3 RMSE(val)=71566.260175
[GA][Iter1] Gen:6 Ind:4 RMSE(val)=71566.260175
[GA][Iter1] Gen:6 Ind:5 RMSE(val)=71566.260175
[GA][Iter1] Gen:6 Ind:6 RMSE(val)=71566.260175
[GA][Iter1] Gen:6 Ind:7 RMSE(val)=71734.612643
[GA][Iter1] Gen:6 Ind:8 RMSE(val)=71853.647532
[GA][Iter1] Gen:6 Ind:9 RMSE(val)=71853.647532
[GA][Iter1] Gen:6 Ind:10 RMSE(val)=71853.647532
[GA][Iter1] Gen:6 Ind:11 RMSE(val)=71609.632922
[GA][Iter1] Gen:6 Ind:12 RMSE(val)=73471.298256
[GA][Iter1] Gen:6 Ind:13 RMSE(val)=71940.299818
[GA][Iter1] Gen:6 Ind:14 RMSE(val)=71566.260175
[GA][Iter1] Gen:6 Ind:15 RMSE(val)=71566.260175
[GA][Iter1] Gen:6 Ind:16 RMSE(val)=71754.260871
[GA][Iter1] Gen:6 Ind:17 RMSE(val)=71853.647532
[GA][Iter1] Gen:6 Ind:18 RMSE(val)=71566.260175
[GA][Iter1] Gen:6 Ind:19 RMSE(val)=71940.299818
[GA][Iter1] Gen:6 Ind:20 RMSE(val)=71853.647532
[GA][Iter1] gen=6 best_val_rmse=71322.183600
[GA][Iter1] Gen:7 Ind:1 RMSE(val)=71322.183600
[GA][Iter1] Gen:7 Ind:2 RMSE(val)=71566.260175
[GA][Iter1] Gen:7 Ind:3 RMSE(val)=71566.260175
[GA][Iter1] Gen:7 Ind:4 RMSE(val)=71566.260175
[GA][Iter1] Gen:7 Ind:5 RMSE(val)=71566.260175
[GA][Iter1] Gen:7 Ind:6 RMSE(val)=71566.260175
[GA][Iter1] Gen:7 Ind:7 RMSE(val)=71566.260175
[GA][Iter1] Gen:7 Ind:8 RMSE(val)=71566.260175
[GA][Iter1] Gen:7 Ind:9 RMSE(val)=71566.260175
[GA][Iter1] Gen:7 Ind:10 RMSE(val)=71609.632922
[GA][Iter1] Gen:7 Ind:11 RMSE(val)=71566.260175
[GA][Iter1] Gen:7 Ind:12 RMSE(val)=71869.383185
[GA][Iter1] Gen:7 Ind:13 RMSE(val)=71322.183600
[GA][Iter1] Gen:7 Ind:14 RMSE(val)=71322.183600
[GA][Iter1] Gen:7 Ind:15 RMSE(val)=88553.354042
[GA][Iter1] Gen:7 Ind:16 RMSE(val)=71741.996007
[GA][Iter1] Gen:7 Ind:17 RMSE(val)=71566.260175
[GA][Iter1] Gen:7 Ind:18 RMSE(val)=71322.183600
[GA][Iter1] Gen:7 Ind:19 RMSE(val)=71566.260175
[GA][Iter1] Gen:7 Ind:20 RMSE(val)=71609.632922
[GA][Iter1] gen=7 best_val_rmse=71322.183600
[GA][Iter1] Gen:8 Ind:1 RMSE(val)=71322.183600
[GA][Iter1] Gen:8 Ind:2 RMSE(val)=71322.183600
[GA][Iter1] Gen:8 Ind:3 RMSE(val)=71322.183600
[GA][Iter1] Gen:8 Ind:4 RMSE(val)=71322.183600
[GA][Iter1] Gen:8 Ind:5 RMSE(val)=71566.260175
[GA][Iter1] Gen:8 Ind:6 RMSE(val)=71566.260175
[GA][Iter1] Gen:8 Ind:7 RMSE(val)=71566.260175
[GA][Iter1] Gen:8 Ind:8 RMSE(val)=71566.260175
[GA][Iter1] Gen:8 Ind:9 RMSE(val)=71566.260175
[GA][Iter1] Gen:8 Ind:10 RMSE(val)=71566.260175
[GA][Iter1] Gen:8 Ind:11 RMSE(val)=71566.260175
[GA][Iter1] Gen:8 Ind:12 RMSE(val)=71322.183600
[GA][Iter1] Gen:8 Ind:13 RMSE(val)=71940.299818
[GA][Iter1] Gen:8 Ind:14 RMSE(val)=71519.618972
[GA][Iter1] Gen:8 Ind:15 RMSE(val)=71566.260175
[GA][Iter1] Gen:8 Ind:16 RMSE(val)=71566.260175
[GA][Iter1] Gen:8 Ind:17 RMSE(val)=71322.183600
[GA][Iter1] Gen:8 Ind:18 RMSE(val)=71566.260175
[GA][Iter1] Gen:8 Ind:19 RMSE(val)=71566.260175
[GA][Iter1] Gen:8 Ind:20 RMSE(val)=71519.618972
[GA][Iter1] gen=8 best_val_rmse=71322.183600
[GA][Iter1] Gen:9 Ind:1 RMSE(val)=71322.183600
[GA][Iter1] Gen:9 Ind:2 RMSE(val)=71322.183600
[GA][Iter1] Gen:9 Ind:3 RMSE(val)=71322.183600
[GA][Iter1] Gen:9 Ind:4 RMSE(val)=71322.183600
[GA][Iter1] Gen:9 Ind:5 RMSE(val)=71322.183600
[GA][Iter1] Gen:9 Ind:6 RMSE(val)=71322.183600
[GA][Iter1] Gen:9 Ind:7 RMSE(val)=71519.618972
[GA][Iter1] Gen:9 Ind:8 RMSE(val)=71519.618972
[GA][Iter1] Gen:9 Ind:9 RMSE(val)=71566.260175
[GA][Iter1] Gen:9 Ind:10 RMSE(val)=71566.260175
[GA][Iter1] Gen:9 Ind:11 RMSE(val)=71519.618972
[GA][Iter1] Gen:9 Ind:12 RMSE(val)=71519.618972
[GA][Iter1] Gen:9 Ind:13 RMSE(val)=71322.183600
[GA][Iter1] Gen:9 Ind:14 RMSE(val)=71322.183600
[GA][Iter1] Gen:9 Ind:15 RMSE(val)=71322.183600
[GA][Iter1] Gen:9 Ind:16 RMSE(val)=71572.571764
[GA][Iter1] Gen:9 Ind:17 RMSE(val)=71519.618972
[GA][Iter1] Gen:9 Ind:18 RMSE(val)=71322.183600
[GA][Iter1] Gen:9 Ind:19 RMSE(val)=71519.618972
[GA][Iter1] Gen:9 Ind:20 RMSE(val)=71519.618972
[GA][Iter1] gen=9 best_val_rmse=71322.183600
[GA][Iter1] Gen:10 Ind:1 RMSE(val)=71322.183600
[GA][Iter1] Gen:10 Ind:2 RMSE(val)=71322.183600
[GA][Iter1] Gen:10 Ind:3 RMSE(val)=71322.183600
[GA][Iter1] Gen:10 Ind:4 RMSE(val)=71322.183600
[GA][Iter1] Gen:10 Ind:5 RMSE(val)=71322.183600
[GA][Iter1] Gen:10 Ind:6 RMSE(val)=71322.183600
[GA][Iter1] Gen:10 Ind:7 RMSE(val)=71322.183600
[GA][Iter1] Gen:10 Ind:8 RMSE(val)=71322.183600
[GA][Iter1] Gen:10 Ind:9 RMSE(val)=71322.183600
[GA][Iter1] Gen:10 Ind:10 RMSE(val)=71322.183600
[GA][Iter1] Gen:10 Ind:11 RMSE(val)=71458.915399
[GA][Iter1] Gen:10 Ind:12 RMSE(val)=71322.183600
[GA][Iter1] Gen:10 Ind:13 RMSE(val)=71322.183600
[GA][Iter1] Gen:10 Ind:14 RMSE(val)=71322.183600
[GA][Iter1] Gen:10 Ind:15 RMSE(val)=71322.183600
[GA][Iter1] Gen:10 Ind:16 RMSE(val)=71322.183600
[GA][Iter1] Gen:10 Ind:17 RMSE(val)=71322.183600
[GA][Iter1] Gen:10 Ind:18 RMSE(val)=71322.183600
[GA][Iter1] Gen:10 Ind:19 RMSE(val)=71322.183600
[GA][Iter1] Gen:10 Ind:20 RMSE(val)=71572.002147
[GA][Iter1] gen=10 best_val_rmse=71322.183600
[GA][Iter1] Gen:11 Ind:1 RMSE(val)=71322.183600
[GA][Iter1] Gen:11 Ind:2 RMSE(val)=71322.183600
[GA][Iter1] Gen:11 Ind:3 RMSE(val)=71322.183600
[GA][Iter1] Gen:11 Ind:4 RMSE(val)=71322.183600
[GA][Iter1] Gen:11 Ind:5 RMSE(val)=71322.183600
[GA][Iter1] Gen:11 Ind:6 RMSE(val)=71322.183600
[GA][Iter1] Gen:11 Ind:7 RMSE(val)=71322.183600
[GA][Iter1] Gen:11 Ind:8 RMSE(val)=71322.183600
[GA][Iter1] Gen:11 Ind:9 RMSE(val)=71322.183600
[GA][Iter1] Gen:11 Ind:10 RMSE(val)=71322.183600
[GA][Iter1] Gen:11 Ind:11 RMSE(val)=71322.183600
[GA][Iter1] Gen:11 Ind:12 RMSE(val)=71322.183600
[GA][Iter1] Gen:11 Ind:13 RMSE(val)=71322.183600
[GA][Iter1] Gen:11 Ind:14 RMSE(val)=71322.183600
[GA][Iter1] Gen:11 Ind:15 RMSE(val)=71322.183600
[GA][Iter1] Gen:11 Ind:16 RMSE(val)=71322.183600
[GA][Iter1] Gen:11 Ind:17 RMSE(val)=71322.183600
[GA][Iter1] Gen:11 Ind:18 RMSE(val)=71647.337251
[GA][Iter1] Gen:11 Ind:19 RMSE(val)=71322.183600
[GA][Iter1] Gen:11 Ind:20 RMSE(val)=71087.664264
[GA][Iter1] gen=11 best_val_rmse=71087.664264
[GA][Iter1] Gen:12 Ind:1 RMSE(val)=71087.664264
[GA][Iter1] Gen:12 Ind:2 RMSE(val)=71322.183600
[GA][Iter1] Gen:12 Ind:3 RMSE(val)=71322.183600
[GA][Iter1] Gen:12 Ind:4 RMSE(val)=71322.183600
[GA][Iter1] Gen:12 Ind:5 RMSE(val)=71322.183600
[GA][Iter1] Gen:12 Ind:6 RMSE(val)=71322.183600
[GA][Iter1] Gen:12 Ind:7 RMSE(val)=71322.183600
[GA][Iter1] Gen:12 Ind:8 RMSE(val)=71322.183600
[GA][Iter1] Gen:12 Ind:9 RMSE(val)=71322.183600
[GA][Iter1] Gen:12 Ind:10 RMSE(val)=71322.183600
[GA][Iter1] Gen:12 Ind:11 RMSE(val)=71322.183600
[GA][Iter1] Gen:12 Ind:12 RMSE(val)=71475.972778
[GA][Iter1] Gen:12 Ind:13 RMSE(val)=72586.941528
[GA][Iter1] Gen:12 Ind:14 RMSE(val)=89402.974425
[GA][Iter1] Gen:12 Ind:15 RMSE(val)=71087.664264
[GA][Iter1] Gen:12 Ind:16 RMSE(val)=71322.183600
[GA][Iter1] Gen:12 Ind:17 RMSE(val)=71322.183600
[GA][Iter1] Gen:12 Ind:18 RMSE(val)=71322.183600
[GA][Iter1] Gen:12 Ind:19 RMSE(val)=71322.183600
[GA][Iter1] Gen:12 Ind:20 RMSE(val)=71322.183600
[GA][Iter1] gen=12 best_val_rmse=71087.664264
[GA][Iter1] Gen:13 Ind:1 RMSE(val)=71087.664264
[GA][Iter1] Gen:13 Ind:2 RMSE(val)=71087.664264
[GA][Iter1] Gen:13 Ind:3 RMSE(val)=71322.183600
[GA][Iter1] Gen:13 Ind:4 RMSE(val)=71322.183600
[GA][Iter1] Gen:13 Ind:5 RMSE(val)=71322.183600
[GA][Iter1] Gen:13 Ind:6 RMSE(val)=71322.183600
[GA][Iter1] Gen:13 Ind:7 RMSE(val)=71322.183600
[GA][Iter1] Gen:13 Ind:8 RMSE(val)=71322.183600
[GA][Iter1] Gen:13 Ind:9 RMSE(val)=71322.183600
[GA][Iter1] Gen:13 Ind:10 RMSE(val)=71322.183600
[GA][Iter1] Gen:13 Ind:11 RMSE(val)=72032.468500
[GA][Iter1] Gen:13 Ind:12 RMSE(val)=71322.183600
[GA][Iter1] Gen:13 Ind:13 RMSE(val)=75129.738242
[GA][Iter1] Gen:13 Ind:14 RMSE(val)=71322.183600
[GA][Iter1] Gen:13 Ind:15 RMSE(val)=71322.183600
[GA][Iter1] Gen:13 Ind:16 RMSE(val)=71087.664264
[GA][Iter1] Gen:13 Ind:17 RMSE(val)=71322.183600
[GA][Iter1] Gen:13 Ind:18 RMSE(val)=71555.334524
[GA][Iter1] Gen:13 Ind:19 RMSE(val)=71322.183600
[GA][Iter1] Gen:13 Ind:20 RMSE(val)=71322.183600
[GA][Iter1] gen=13 best_val_rmse=71087.664264
[GA][Iter1] Gen:14 Ind:1 RMSE(val)=71087.664264
[GA][Iter1] Gen:14 Ind:2 RMSE(val)=71087.664264
[GA][Iter1] Gen:14 Ind:3 RMSE(val)=71087.664264
[GA][Iter1] Gen:14 Ind:4 RMSE(val)=71322.183600
[GA][Iter1] Gen:14 Ind:5 RMSE(val)=71322.183600
[GA][Iter1] Gen:14 Ind:6 RMSE(val)=71322.183600
[GA][Iter1] Gen:14 Ind:7 RMSE(val)=71322.183600
[GA][Iter1] Gen:14 Ind:8 RMSE(val)=71322.183600
[GA][Iter1] Gen:14 Ind:9 RMSE(val)=71322.183600
[GA][Iter1] Gen:14 Ind:10 RMSE(val)=71322.183600
[GA][Iter1] Gen:14 Ind:11 RMSE(val)=71322.183600
[GA][Iter1] Gen:14 Ind:12 RMSE(val)=71322.183600
[GA][Iter1] Gen:14 Ind:13 RMSE(val)=71322.183600
[GA][Iter1] Gen:14 Ind:14 RMSE(val)=71322.183600
[GA][Iter1] Gen:14 Ind:15 RMSE(val)=71322.183600
[GA][Iter1] Gen:14 Ind:16 RMSE(val)=72311.785196
[GA][Iter1] Gen:14 Ind:17 RMSE(val)=71404.225207
[GA][Iter1] Gen:14 Ind:18 RMSE(val)=71087.664264
[GA][Iter1] Gen:14 Ind:19 RMSE(val)=71087.664264
[GA][Iter1] Gen:14 Ind:20 RMSE(val)=71087.664264
[GA][Iter1] gen=14 best_val_rmse=71087.664264
[GA][Iter1] Gen:15 Ind:1 RMSE(val)=71087.664264
[GA][Iter1] Gen:15 Ind:2 RMSE(val)=71087.664264
[GA][Iter1] Gen:15 Ind:3 RMSE(val)=71087.664264
[GA][Iter1] Gen:15 Ind:4 RMSE(val)=71087.664264
[GA][Iter1] Gen:15 Ind:5 RMSE(val)=71087.664264
[GA][Iter1] Gen:15 Ind:6 RMSE(val)=71087.664264
[GA][Iter1] Gen:15 Ind:7 RMSE(val)=71322.183600
[GA][Iter1] Gen:15 Ind:8 RMSE(val)=71322.183600
[GA][Iter1] Gen:15 Ind:9 RMSE(val)=71322.183600
[GA][Iter1] Gen:15 Ind:10 RMSE(val)=71322.183600
[GA][Iter1] Gen:15 Ind:11 RMSE(val)=73697.525081
[GA][Iter1] Gen:15 Ind:12 RMSE(val)=71087.664264
[GA][Iter1] Gen:15 Ind:13 RMSE(val)=71087.664264
[GA][Iter1] Gen:15 Ind:14 RMSE(val)=72538.762587
[GA][Iter1] Gen:15 Ind:15 RMSE(val)=71322.183600
[GA][Iter1] Gen:15 Ind:16 RMSE(val)=71087.664264
[GA][Iter1] Gen:15 Ind:17 RMSE(val)=71322.183600
[GA][Iter1] Gen:15 Ind:18 RMSE(val)=71322.183600
[GA][Iter1] Gen:15 Ind:19 RMSE(val)=71322.183600
[GA][Iter1] Gen:15 Ind:20 RMSE(val)=71087.664264
[GA][Iter1] gen=15 best_val_rmse=71087.664264
[GA][Iter1] Gen:15 Ind:1 RMSE(val)=71087.664264
[GA][Iter1] Gen:15 Ind:2 RMSE(val)=71087.664264
[GA][Iter1] Gen:15 Ind:3 RMSE(val)=71087.664264
[GA][Iter1] Gen:15 Ind:4 RMSE(val)=71087.664264
[GA][Iter1] Gen:15 Ind:5 RMSE(val)=71087.664264
[GA][Iter1] Gen:15 Ind:6 RMSE(val)=71087.664264
[GA][Iter1] Gen:15 Ind:7 RMSE(val)=71087.664264
[GA][Iter1] Gen:15 Ind:8 RMSE(val)=71087.664264
[GA][Iter1] Gen:15 Ind:9 RMSE(val)=71087.664264
[GA][Iter1] Gen:15 Ind:10 RMSE(val)=71087.664264
[GA][Iter1] Gen:15 Ind:11 RMSE(val)=71087.664264
[GA][Iter1] Gen:15 Ind:12 RMSE(val)=71121.475486
[GA][Iter1] Gen:15 Ind:13 RMSE(val)=72135.495117
[GA][Iter1] Gen:15 Ind:14 RMSE(val)=71087.664264
[GA][Iter1] Gen:15 Ind:15 RMSE(val)=88398.678854
[GA][Iter1] Gen:15 Ind:16 RMSE(val)=71087.664264
[GA][Iter1] Gen:15 Ind:17 RMSE(val)=71087.664264
[GA][Iter1] Gen:15 Ind:18 RMSE(val)=71990.701593
[GA][Iter1] Gen:15 Ind:19 RMSE(val)=71087.664264
[GA][Iter1] Gen:15 Ind:20 RMSE(val)=74806.044620

[GA DONE][Iter1] Best params on val fold of Iter1
Best val RMSE: 71087.664264
Best params: {'n_estimators': 1127, 'learning_rate': 0.03020754656009819, 'max_depth': 5, 'min_samples_split': 9, 'min_samples_leaf': 12, 'subsample': 0.8034478597665609, 'max_features': None}
--------------------------------------------------------------------------------
[RETUNE GA] Iter1: train folds 1..5 -> test fold 6  RMSE=60752.530459  NRMSE=2.419871  CVRMSE=19.387135  R2=-4.908530
[GA][Iter2] Gen:1 Ind:1 RMSE(val)=47227.011807
[GA][Iter2] Gen:1 Ind:2 RMSE(val)=32411.763755
[GA][Iter2] Gen:1 Ind:3 RMSE(val)=28039.406836
[GA][Iter2] Gen:1 Ind:4 RMSE(val)=56214.785200
[GA][Iter2] Gen:1 Ind:5 RMSE(val)=33992.157114
[GA][Iter2] Gen:1 Ind:6 RMSE(val)=35425.308198
[GA][Iter2] Gen:1 Ind:7 RMSE(val)=34841.294527
[GA][Iter2] Gen:1 Ind:8 RMSE(val)=61680.794025
[GA][Iter2] Gen:1 Ind:9 RMSE(val)=32948.742820
[GA][Iter2] Gen:1 Ind:10 RMSE(val)=29626.345264
[GA][Iter2] Gen:1 Ind:11 RMSE(val)=64885.499666
[GA][Iter2] Gen:1 Ind:12 RMSE(val)=29814.324655
[GA][Iter2] Gen:1 Ind:13 RMSE(val)=39721.032664
[GA][Iter2] Gen:1 Ind:14 RMSE(val)=24991.904584
[GA][Iter2] Gen:1 Ind:15 RMSE(val)=29034.747887
[GA][Iter2] Gen:1 Ind:16 RMSE(val)=31422.136254
[GA][Iter2] Gen:1 Ind:17 RMSE(val)=59550.068951
[GA][Iter2] Gen:1 Ind:18 RMSE(val)=29287.732296
[GA][Iter2] Gen:1 Ind:19 RMSE(val)=74549.105879
[GA][Iter2] Gen:1 Ind:20 RMSE(val)=33424.601494
[GA][Iter2] gen=1 best_val_rmse=24991.904584
[GA][Iter2] Gen:2 Ind:1 RMSE(val)=24991.904584
[GA][Iter2] Gen:2 Ind:2 RMSE(val)=28039.406836
[GA][Iter2] Gen:2 Ind:3 RMSE(val)=29034.747887
[GA][Iter2] Gen:2 Ind:4 RMSE(val)=29287.732296
[GA][Iter2] Gen:2 Ind:5 RMSE(val)=29626.345264
[GA][Iter2] Gen:2 Ind:6 RMSE(val)=29814.324655
[GA][Iter2] Gen:2 Ind:7 RMSE(val)=31422.136254
[GA][Iter2] Gen:2 Ind:8 RMSE(val)=32411.763755
[GA][Iter2] Gen:2 Ind:9 RMSE(val)=32948.742820
[GA][Iter2] Gen:2 Ind:10 RMSE(val)=33424.601494
[GA][Iter2] Gen:2 Ind:11 RMSE(val)=33163.977923
[GA][Iter2] Gen:2 Ind:12 RMSE(val)=29193.238600
[GA][Iter2] Gen:2 Ind:13 RMSE(val)=25824.980267
[GA][Iter2] Gen:2 Ind:14 RMSE(val)=33053.724975
[GA][Iter2] Gen:2 Ind:15 RMSE(val)=45964.071427
[GA][Iter2] Gen:2 Ind:16 RMSE(val)=25019.600036
[GA][Iter2] Gen:2 Ind:17 RMSE(val)=38900.180483
[GA][Iter2] Gen:2 Ind:18 RMSE(val)=27371.733077
[GA][Iter2] Gen:2 Ind:19 RMSE(val)=35343.807419
[GA][Iter2] Gen:2 Ind:20 RMSE(val)=29118.397153
[GA][Iter2] gen=2 best_val_rmse=24991.904584
[GA][Iter2] Gen:3 Ind:1 RMSE(val)=24991.904584
[GA][Iter2] Gen:3 Ind:2 RMSE(val)=25019.600036
[GA][Iter2] Gen:3 Ind:3 RMSE(val)=25824.980267
[GA][Iter2] Gen:3 Ind:4 RMSE(val)=27371.733077
[GA][Iter2] Gen:3 Ind:5 RMSE(val)=28039.406836
[GA][Iter2] Gen:3 Ind:6 RMSE(val)=29034.747887
[GA][Iter2] Gen:3 Ind:7 RMSE(val)=29118.397153
[GA][Iter2] Gen:3 Ind:8 RMSE(val)=29193.238600
[GA][Iter2] Gen:3 Ind:9 RMSE(val)=29287.732296
[GA][Iter2] Gen:3 Ind:10 RMSE(val)=29626.345264
[GA][Iter2] Gen:3 Ind:11 RMSE(val)=30300.750005
[GA][Iter2] Gen:3 Ind:12 RMSE(val)=34791.903664
[GA][Iter2] Gen:3 Ind:13 RMSE(val)=25494.787251
[GA][Iter2] Gen:3 Ind:14 RMSE(val)=29118.397153
[GA][Iter2] Gen:3 Ind:15 RMSE(val)=24590.048598
[GA][Iter2] Gen:3 Ind:16 RMSE(val)=29776.741187
[GA][Iter2] Gen:3 Ind:17 RMSE(val)=28265.203193
[GA][Iter2] Gen:3 Ind:18 RMSE(val)=25598.520057
[GA][Iter2] Gen:3 Ind:19 RMSE(val)=28821.618902
[GA][Iter2] Gen:3 Ind:20 RMSE(val)=31749.999220
[GA][Iter2] gen=3 best_val_rmse=24590.048598
[GA][Iter2] Gen:4 Ind:1 RMSE(val)=24590.048598
[GA][Iter2] Gen:4 Ind:2 RMSE(val)=24991.904584
[GA][Iter2] Gen:4 Ind:3 RMSE(val)=25019.600036
[GA][Iter2] Gen:4 Ind:4 RMSE(val)=25494.787251
[GA][Iter2] Gen:4 Ind:5 RMSE(val)=25598.520057
[GA][Iter2] Gen:4 Ind:6 RMSE(val)=25824.980267
[GA][Iter2] Gen:4 Ind:7 RMSE(val)=27371.733077
[GA][Iter2] Gen:4 Ind:8 RMSE(val)=28039.406836
[GA][Iter2] Gen:4 Ind:9 RMSE(val)=28265.203193
[GA][Iter2] Gen:4 Ind:10 RMSE(val)=28821.618902
[GA][Iter2] Gen:4 Ind:11 RMSE(val)=26307.224057
[GA][Iter2] Gen:4 Ind:12 RMSE(val)=24035.889908
[GA][Iter2] Gen:4 Ind:13 RMSE(val)=29284.777793
[GA][Iter2] Gen:4 Ind:14 RMSE(val)=28527.765845
[GA][Iter2] Gen:4 Ind:15 RMSE(val)=24887.426171
[GA][Iter2] Gen:4 Ind:16 RMSE(val)=26143.666860
[GA][Iter2] Gen:4 Ind:17 RMSE(val)=28821.618902
[GA][Iter2] Gen:4 Ind:18 RMSE(val)=24509.754781
[GA][Iter2] Gen:4 Ind:19 RMSE(val)=23809.724112
[GA][Iter2] Gen:4 Ind:20 RMSE(val)=24807.719093
[GA][Iter2] gen=4 best_val_rmse=23809.724112
[GA][Iter2] Gen:5 Ind:1 RMSE(val)=23809.724112
[GA][Iter2] Gen:5 Ind:2 RMSE(val)=24035.889908
[GA][Iter2] Gen:5 Ind:3 RMSE(val)=24509.754781
[GA][Iter2] Gen:5 Ind:4 RMSE(val)=24590.048598
[GA][Iter2] Gen:5 Ind:5 RMSE(val)=24807.719093
[GA][Iter2] Gen:5 Ind:6 RMSE(val)=24887.426171
[GA][Iter2] Gen:5 Ind:7 RMSE(val)=24991.904584
[GA][Iter2] Gen:5 Ind:8 RMSE(val)=25019.600036
[GA][Iter2] Gen:5 Ind:9 RMSE(val)=25494.787251
[GA][Iter2] Gen:5 Ind:10 RMSE(val)=25598.520057
[GA][Iter2] Gen:5 Ind:11 RMSE(val)=31232.473168
[GA][Iter2] Gen:5 Ind:12 RMSE(val)=24991.904584
[GA][Iter2] Gen:5 Ind:13 RMSE(val)=25598.520057
[GA][Iter2] Gen:5 Ind:14 RMSE(val)=24807.719093
[GA][Iter2] Gen:5 Ind:15 RMSE(val)=25070.228403
[GA][Iter2] Gen:5 Ind:16 RMSE(val)=25186.262452
[GA][Iter2] Gen:5 Ind:17 RMSE(val)=25019.600036
[GA][Iter2] Gen:5 Ind:18 RMSE(val)=28070.310482
[GA][Iter2] Gen:5 Ind:19 RMSE(val)=25090.778871
[GA][Iter2] Gen:5 Ind:20 RMSE(val)=25960.008678
[GA][Iter2] gen=5 best_val_rmse=23809.724112
[GA][Iter2] Gen:6 Ind:1 RMSE(val)=23809.724112
[GA][Iter2] Gen:6 Ind:2 RMSE(val)=24035.889908
[GA][Iter2] Gen:6 Ind:3 RMSE(val)=24509.754781
[GA][Iter2] Gen:6 Ind:4 RMSE(val)=24590.048598
[GA][Iter2] Gen:6 Ind:5 RMSE(val)=24807.719093
[GA][Iter2] Gen:6 Ind:6 RMSE(val)=24807.719093
[GA][Iter2] Gen:6 Ind:7 RMSE(val)=24887.426171
[GA][Iter2] Gen:6 Ind:8 RMSE(val)=24991.904584
[GA][Iter2] Gen:6 Ind:9 RMSE(val)=24991.904584
[GA][Iter2] Gen:6 Ind:10 RMSE(val)=25019.600036
[GA][Iter2] Gen:6 Ind:11 RMSE(val)=24819.990457
[GA][Iter2] Gen:6 Ind:12 RMSE(val)=25033.602323
[GA][Iter2] Gen:6 Ind:13 RMSE(val)=24271.611041
[GA][Iter2] Gen:6 Ind:14 RMSE(val)=24035.889908
[GA][Iter2] Gen:6 Ind:15 RMSE(val)=24035.889908
[GA][Iter2] Gen:6 Ind:16 RMSE(val)=24590.048598
[GA][Iter2] Gen:6 Ind:17 RMSE(val)=24686.094367
[GA][Iter2] Gen:6 Ind:18 RMSE(val)=24807.719093
[GA][Iter2] Gen:6 Ind:19 RMSE(val)=24169.737825
[GA][Iter2] Gen:6 Ind:20 RMSE(val)=23783.501782
[GA][Iter2] gen=6 best_val_rmse=23783.501782
[GA][Iter2] Gen:7 Ind:1 RMSE(val)=23783.501782
[GA][Iter2] Gen:7 Ind:2 RMSE(val)=23809.724112
[GA][Iter2] Gen:7 Ind:3 RMSE(val)=24035.889908
[GA][Iter2] Gen:7 Ind:4 RMSE(val)=24035.889908
[GA][Iter2] Gen:7 Ind:5 RMSE(val)=24035.889908
[GA][Iter2] Gen:7 Ind:6 RMSE(val)=24169.737825
[GA][Iter2] Gen:7 Ind:7 RMSE(val)=24271.611041
[GA][Iter2] Gen:7 Ind:8 RMSE(val)=24509.754781
[GA][Iter2] Gen:7 Ind:9 RMSE(val)=24590.048598
[GA][Iter2] Gen:7 Ind:10 RMSE(val)=24590.048598
[GA][Iter2] Gen:7 Ind:11 RMSE(val)=23916.059942
[GA][Iter2] Gen:7 Ind:12 RMSE(val)=24002.340087
[GA][Iter2] Gen:7 Ind:13 RMSE(val)=25056.515465
[GA][Iter2] Gen:7 Ind:14 RMSE(val)=23916.059942
[GA][Iter2] Gen:7 Ind:15 RMSE(val)=24930.417683
[GA][Iter2] Gen:7 Ind:16 RMSE(val)=24431.345373
[GA][Iter2] Gen:7 Ind:17 RMSE(val)=24036.535925
[GA][Iter2] Gen:7 Ind:18 RMSE(val)=23783.501782
[GA][Iter2] Gen:7 Ind:19 RMSE(val)=24035.889908
[GA][Iter2] Gen:7 Ind:20 RMSE(val)=24036.535925
[GA][Iter2] gen=7 best_val_rmse=23783.501782
[GA][Iter2] Gen:8 Ind:1 RMSE(val)=23783.501782
[GA][Iter2] Gen:8 Ind:2 RMSE(val)=23783.501782
[GA][Iter2] Gen:8 Ind:3 RMSE(val)=23809.724112
[GA][Iter2] Gen:8 Ind:4 RMSE(val)=23916.059942
[GA][Iter2] Gen:8 Ind:5 RMSE(val)=23916.059942
[GA][Iter2] Gen:8 Ind:6 RMSE(val)=24002.340087
[GA][Iter2] Gen:8 Ind:7 RMSE(val)=24035.889908
[GA][Iter2] Gen:8 Ind:8 RMSE(val)=24035.889908
[GA][Iter2] Gen:8 Ind:9 RMSE(val)=24035.889908
[GA][Iter2] Gen:8 Ind:10 RMSE(val)=24035.889908
[GA][Iter2] Gen:8 Ind:11 RMSE(val)=24035.889908
[GA][Iter2] Gen:8 Ind:12 RMSE(val)=23916.059942
[GA][Iter2] Gen:8 Ind:13 RMSE(val)=23858.166809
[GA][Iter2] Gen:8 Ind:14 RMSE(val)=24991.904584
[GA][Iter2] Gen:8 Ind:15 RMSE(val)=24035.889908
[GA][Iter2] Gen:8 Ind:16 RMSE(val)=23643.373862
[GA][Iter2] Gen:8 Ind:17 RMSE(val)=23916.059942
[GA][Iter2] Gen:8 Ind:18 RMSE(val)=24040.635028
[GA][Iter2] Gen:8 Ind:19 RMSE(val)=24002.340087
[GA][Iter2] Gen:8 Ind:20 RMSE(val)=23548.540971
[GA][Iter2] gen=8 best_val_rmse=23548.540971
[GA][Iter2] Gen:9 Ind:1 RMSE(val)=23548.540971
[GA][Iter2] Gen:9 Ind:2 RMSE(val)=23643.373862
[GA][Iter2] Gen:9 Ind:3 RMSE(val)=23783.501782
[GA][Iter2] Gen:9 Ind:4 RMSE(val)=23783.501782
[GA][Iter2] Gen:9 Ind:5 RMSE(val)=23809.724112
[GA][Iter2] Gen:9 Ind:6 RMSE(val)=23858.166809
[GA][Iter2] Gen:9 Ind:7 RMSE(val)=23916.059942
[GA][Iter2] Gen:9 Ind:8 RMSE(val)=23916.059942
[GA][Iter2] Gen:9 Ind:9 RMSE(val)=23916.059942
[GA][Iter2] Gen:9 Ind:10 RMSE(val)=23916.059942
[GA][Iter2] Gen:9 Ind:11 RMSE(val)=23916.059942
[GA][Iter2] Gen:9 Ind:12 RMSE(val)=23783.501782
[GA][Iter2] Gen:9 Ind:13 RMSE(val)=23548.540971
[GA][Iter2] Gen:9 Ind:14 RMSE(val)=24040.635028
[GA][Iter2] Gen:9 Ind:15 RMSE(val)=23800.369637
[GA][Iter2] Gen:9 Ind:16 RMSE(val)=23995.032439
[GA][Iter2] Gen:9 Ind:17 RMSE(val)=23783.501782
[GA][Iter2] Gen:9 Ind:18 RMSE(val)=23809.724112
[GA][Iter2] Gen:9 Ind:19 RMSE(val)=23783.501782
[GA][Iter2] Gen:9 Ind:20 RMSE(val)=23580.150455
[GA][Iter2] gen=9 best_val_rmse=23548.540971
[GA][Iter2] Gen:10 Ind:1 RMSE(val)=23548.540971
[GA][Iter2] Gen:10 Ind:2 RMSE(val)=23548.540971
[GA][Iter2] Gen:10 Ind:3 RMSE(val)=23580.150455
[GA][Iter2] Gen:10 Ind:4 RMSE(val)=23643.373862
[GA][Iter2] Gen:10 Ind:5 RMSE(val)=23783.501782
[GA][Iter2] Gen:10 Ind:6 RMSE(val)=23783.501782
[GA][Iter2] Gen:10 Ind:7 RMSE(val)=23783.501782
[GA][Iter2] Gen:10 Ind:8 RMSE(val)=23783.501782
[GA][Iter2] Gen:10 Ind:9 RMSE(val)=23783.501782
[GA][Iter2] Gen:10 Ind:10 RMSE(val)=23800.369637
[GA][Iter2] Gen:10 Ind:11 RMSE(val)=24091.781281
[GA][Iter2] Gen:10 Ind:12 RMSE(val)=23783.501782
[GA][Iter2] Gen:10 Ind:13 RMSE(val)=23783.501782
[GA][Iter2] Gen:10 Ind:14 RMSE(val)=23783.501782
[GA][Iter2] Gen:10 Ind:15 RMSE(val)=23800.369637
[GA][Iter2] Gen:10 Ind:16 RMSE(val)=23548.540971
[GA][Iter2] Gen:10 Ind:17 RMSE(val)=23783.501782
[GA][Iter2] Gen:10 Ind:18 RMSE(val)=23783.501782
[GA][Iter2] Gen:10 Ind:19 RMSE(val)=23783.501782
[GA][Iter2] Gen:10 Ind:20 RMSE(val)=24694.855598
[GA][Iter2] gen=10 best_val_rmse=23548.540971
[GA][Iter2] Gen:11 Ind:1 RMSE(val)=23548.540971
[GA][Iter2] Gen:11 Ind:2 RMSE(val)=23548.540971
[GA][Iter2] Gen:11 Ind:3 RMSE(val)=23548.540971
[GA][Iter2] Gen:11 Ind:4 RMSE(val)=23580.150455
[GA][Iter2] Gen:11 Ind:5 RMSE(val)=23643.373862
[GA][Iter2] Gen:11 Ind:6 RMSE(val)=23783.501782
[GA][Iter2] Gen:11 Ind:7 RMSE(val)=23783.501782
[GA][Iter2] Gen:11 Ind:8 RMSE(val)=23783.501782
[GA][Iter2] Gen:11 Ind:9 RMSE(val)=23783.501782
[GA][Iter2] Gen:11 Ind:10 RMSE(val)=23783.501782
[GA][Iter2] Gen:11 Ind:11 RMSE(val)=23548.540971
[GA][Iter2] Gen:11 Ind:12 RMSE(val)=23916.059942
[GA][Iter2] Gen:11 Ind:13 RMSE(val)=23548.540971
[GA][Iter2] Gen:11 Ind:14 RMSE(val)=23254.692918
[GA][Iter2] Gen:11 Ind:15 RMSE(val)=24123.768785
[GA][Iter2] Gen:11 Ind:16 RMSE(val)=23783.501782
[GA][Iter2] Gen:11 Ind:17 RMSE(val)=23916.059942
[GA][Iter2] Gen:11 Ind:18 RMSE(val)=24786.595000
[GA][Iter2] Gen:11 Ind:19 RMSE(val)=23254.692918
[GA][Iter2] Gen:11 Ind:20 RMSE(val)=24287.044134
[GA][Iter2] gen=11 best_val_rmse=23254.692918
[GA][Iter2] Gen:12 Ind:1 RMSE(val)=23254.692918
[GA][Iter2] Gen:12 Ind:2 RMSE(val)=23254.692918
[GA][Iter2] Gen:12 Ind:3 RMSE(val)=23548.540971
[GA][Iter2] Gen:12 Ind:4 RMSE(val)=23548.540971
[GA][Iter2] Gen:12 Ind:5 RMSE(val)=23548.540971
[GA][Iter2] Gen:12 Ind:6 RMSE(val)=23548.540971
[GA][Iter2] Gen:12 Ind:7 RMSE(val)=23548.540971
[GA][Iter2] Gen:12 Ind:8 RMSE(val)=23580.150455
[GA][Iter2] Gen:12 Ind:9 RMSE(val)=23643.373862
[GA][Iter2] Gen:12 Ind:10 RMSE(val)=23783.501782
[GA][Iter2] Gen:12 Ind:11 RMSE(val)=25056.515465
[GA][Iter2] Gen:12 Ind:12 RMSE(val)=23856.924224
[GA][Iter2] Gen:12 Ind:13 RMSE(val)=23971.002830
[GA][Iter2] Gen:12 Ind:14 RMSE(val)=24065.414001
[GA][Iter2] Gen:12 Ind:15 RMSE(val)=23254.692918
[GA][Iter2] Gen:12 Ind:16 RMSE(val)=23580.150455
[GA][Iter2] Gen:12 Ind:17 RMSE(val)=23254.692918
[GA][Iter2] Gen:12 Ind:18 RMSE(val)=23548.540971
[GA][Iter2] Gen:12 Ind:19 RMSE(val)=29413.587124
[GA][Iter2] Gen:12 Ind:20 RMSE(val)=23548.540971
[GA][Iter2] gen=12 best_val_rmse=23254.692918
[GA][Iter2] Gen:13 Ind:1 RMSE(val)=23254.692918
[GA][Iter2] Gen:13 Ind:2 RMSE(val)=23254.692918
[GA][Iter2] Gen:13 Ind:3 RMSE(val)=23254.692918
[GA][Iter2] Gen:13 Ind:4 RMSE(val)=23254.692918
[GA][Iter2] Gen:13 Ind:5 RMSE(val)=23548.540971
[GA][Iter2] Gen:13 Ind:6 RMSE(val)=23548.540971
[GA][Iter2] Gen:13 Ind:7 RMSE(val)=23548.540971
[GA][Iter2] Gen:13 Ind:8 RMSE(val)=23548.540971
[GA][Iter2] Gen:13 Ind:9 RMSE(val)=23548.540971
[GA][Iter2] Gen:13 Ind:10 RMSE(val)=23548.540971
[GA][Iter2] Gen:13 Ind:11 RMSE(val)=23374.847428
[GA][Iter2] Gen:13 Ind:12 RMSE(val)=23254.692918
[GA][Iter2] Gen:13 Ind:13 RMSE(val)=24891.492293
[GA][Iter2] Gen:13 Ind:14 RMSE(val)=23548.540971
[GA][Iter2] Gen:13 Ind:15 RMSE(val)=23548.540971
[GA][Iter2] Gen:13 Ind:16 RMSE(val)=23254.692918
[GA][Iter2] Gen:13 Ind:17 RMSE(val)=23548.540971
[GA][Iter2] Gen:13 Ind:18 RMSE(val)=23517.473262
[GA][Iter2] Gen:13 Ind:19 RMSE(val)=23254.692918
[GA][Iter2] Gen:13 Ind:20 RMSE(val)=23254.692918
[GA][Iter2] gen=13 best_val_rmse=23254.692918
[GA][Iter2] Gen:14 Ind:1 RMSE(val)=23254.692918
[GA][Iter2] Gen:14 Ind:2 RMSE(val)=23254.692918
[GA][Iter2] Gen:14 Ind:3 RMSE(val)=23254.692918
[GA][Iter2] Gen:14 Ind:4 RMSE(val)=23254.692918
[GA][Iter2] Gen:14 Ind:5 RMSE(val)=23254.692918
[GA][Iter2] Gen:14 Ind:6 RMSE(val)=23254.692918
[GA][Iter2] Gen:14 Ind:7 RMSE(val)=23254.692918
[GA][Iter2] Gen:14 Ind:8 RMSE(val)=23254.692918
[GA][Iter2] Gen:14 Ind:9 RMSE(val)=23374.847428
[GA][Iter2] Gen:14 Ind:10 RMSE(val)=23517.473262
[GA][Iter2] Gen:14 Ind:11 RMSE(val)=23254.692918
[GA][Iter2] Gen:14 Ind:12 RMSE(val)=23374.847428
[GA][Iter2] Gen:14 Ind:13 RMSE(val)=24308.332053
[GA][Iter2] Gen:14 Ind:14 RMSE(val)=23254.692918
[GA][Iter2] Gen:14 Ind:15 RMSE(val)=23517.473262
[GA][Iter2] Gen:14 Ind:16 RMSE(val)=24281.765006
[GA][Iter2] Gen:14 Ind:17 RMSE(val)=23245.799568
[GA][Iter2] Gen:14 Ind:18 RMSE(val)=23254.692918
[GA][Iter2] Gen:14 Ind:19 RMSE(val)=23254.692918
[GA][Iter2] Gen:14 Ind:20 RMSE(val)=23254.692918
[GA][Iter2] gen=14 best_val_rmse=23245.799568
[GA][Iter2] Gen:15 Ind:1 RMSE(val)=23245.799568
[GA][Iter2] Gen:15 Ind:2 RMSE(val)=23254.692918
[GA][Iter2] Gen:15 Ind:3 RMSE(val)=23254.692918
[GA][Iter2] Gen:15 Ind:4 RMSE(val)=23254.692918
[GA][Iter2] Gen:15 Ind:5 RMSE(val)=23254.692918
[GA][Iter2] Gen:15 Ind:6 RMSE(val)=23254.692918
[GA][Iter2] Gen:15 Ind:7 RMSE(val)=23254.692918
[GA][Iter2] Gen:15 Ind:8 RMSE(val)=23254.692918
[GA][Iter2] Gen:15 Ind:9 RMSE(val)=23254.692918
[GA][Iter2] Gen:15 Ind:10 RMSE(val)=23254.692918
[GA][Iter2] Gen:15 Ind:11 RMSE(val)=23841.291231
[GA][Iter2] Gen:15 Ind:12 RMSE(val)=23254.692918
[GA][Iter2] Gen:15 Ind:13 RMSE(val)=23254.692918
[GA][Iter2] Gen:15 Ind:14 RMSE(val)=23232.381444
[GA][Iter2] Gen:15 Ind:15 RMSE(val)=23254.692918
[GA][Iter2] Gen:15 Ind:16 RMSE(val)=23245.799568
[GA][Iter2] Gen:15 Ind:17 RMSE(val)=23254.692918
[GA][Iter2] Gen:15 Ind:18 RMSE(val)=23254.692918
[GA][Iter2] Gen:15 Ind:19 RMSE(val)=23254.692918
[GA][Iter2] Gen:15 Ind:20 RMSE(val)=23254.692918
[GA][Iter2] gen=15 best_val_rmse=23232.381444
[GA][Iter2] Gen:15 Ind:1 RMSE(val)=23232.381444
[GA][Iter2] Gen:15 Ind:2 RMSE(val)=23245.799568
[GA][Iter2] Gen:15 Ind:3 RMSE(val)=23245.799568
[GA][Iter2] Gen:15 Ind:4 RMSE(val)=23254.692918
[GA][Iter2] Gen:15 Ind:5 RMSE(val)=23254.692918
[GA][Iter2] Gen:15 Ind:6 RMSE(val)=23254.692918
[GA][Iter2] Gen:15 Ind:7 RMSE(val)=23254.692918
[GA][Iter2] Gen:15 Ind:8 RMSE(val)=23254.692918
[GA][Iter2] Gen:15 Ind:9 RMSE(val)=23254.692918
[GA][Iter2] Gen:15 Ind:10 RMSE(val)=23254.692918
[GA][Iter2] Gen:15 Ind:11 RMSE(val)=23254.692918
[GA][Iter2] Gen:15 Ind:12 RMSE(val)=23235.667865
[GA][Iter2] Gen:15 Ind:13 RMSE(val)=25118.567442
[GA][Iter2] Gen:15 Ind:14 RMSE(val)=23245.799568
[GA][Iter2] Gen:15 Ind:15 RMSE(val)=23245.799568
[GA][Iter2] Gen:15 Ind:16 RMSE(val)=23232.381444
[GA][Iter2] Gen:15 Ind:17 RMSE(val)=23254.692918
[GA][Iter2] Gen:15 Ind:18 RMSE(val)=23293.709079
[GA][Iter2] Gen:15 Ind:19 RMSE(val)=23254.692918
[GA][Iter2] Gen:15 Ind:20 RMSE(val)=25056.515465

[GA DONE][Iter2] Best params on val fold of Iter2
Best val RMSE: 23232.381444
Best params: {'n_estimators': 937, 'learning_rate': 0.00479549206084187, 'max_depth': 6, 'min_samples_split': 28, 'min_samples_leaf': 13, 'subsample': 0.6850506176216562, 'max_features': 'sqrt'}
--------------------------------------------------------------------------------
[RETUNE GA] Iter2: train folds 1..6 -> test fold 7  RMSE=15168.858872  NRMSE=0.853090  CVRMSE=5.907144  R2=0.265680
[GA][Iter3] Gen:1 Ind:1 RMSE(val)=13004.365872
[GA][Iter3] Gen:1 Ind:2 RMSE(val)=17105.068021
[GA][Iter3] Gen:1 Ind:3 RMSE(val)=17588.873652
[GA][Iter3] Gen:1 Ind:4 RMSE(val)=16320.892232
[GA][Iter3] Gen:1 Ind:5 RMSE(val)=17901.441101
[GA][Iter3] Gen:1 Ind:6 RMSE(val)=12956.053346
[GA][Iter3] Gen:1 Ind:7 RMSE(val)=16145.510727
[GA][Iter3] Gen:1 Ind:8 RMSE(val)=9321.373496
[GA][Iter3] Gen:1 Ind:9 RMSE(val)=13770.694353
[GA][Iter3] Gen:1 Ind:10 RMSE(val)=17324.395197
[GA][Iter3] Gen:1 Ind:11 RMSE(val)=12755.604191
[GA][Iter3] Gen:1 Ind:12 RMSE(val)=19960.885979
[GA][Iter3] Gen:1 Ind:13 RMSE(val)=13304.318790
[GA][Iter3] Gen:1 Ind:14 RMSE(val)=14979.443582
[GA][Iter3] Gen:1 Ind:15 RMSE(val)=20317.907978
[GA][Iter3] Gen:1 Ind:16 RMSE(val)=13064.986238
[GA][Iter3] Gen:1 Ind:17 RMSE(val)=46856.773541
[GA][Iter3] Gen:1 Ind:18 RMSE(val)=17068.726256
[GA][Iter3] Gen:1 Ind:19 RMSE(val)=67918.467679
[GA][Iter3] Gen:1 Ind:20 RMSE(val)=22845.537702
[GA][Iter3] gen=1 best_val_rmse=9321.373496
[GA][Iter3] Gen:2 Ind:1 RMSE(val)=9321.373496
[GA][Iter3] Gen:2 Ind:2 RMSE(val)=12755.604191
[GA][Iter3] Gen:2 Ind:3 RMSE(val)=12956.053346
[GA][Iter3] Gen:2 Ind:4 RMSE(val)=13004.365872
[GA][Iter3] Gen:2 Ind:5 RMSE(val)=13064.986238
[GA][Iter3] Gen:2 Ind:6 RMSE(val)=13304.318790
[GA][Iter3] Gen:2 Ind:7 RMSE(val)=13770.694353
[GA][Iter3] Gen:2 Ind:8 RMSE(val)=14979.443582
[GA][Iter3] Gen:2 Ind:9 RMSE(val)=16145.510727
[GA][Iter3] Gen:2 Ind:10 RMSE(val)=16320.892232
[GA][Iter3] Gen:2 Ind:11 RMSE(val)=13872.772072
[GA][Iter3] Gen:2 Ind:12 RMSE(val)=15770.078577
[GA][Iter3] Gen:2 Ind:13 RMSE(val)=9566.521994
[GA][Iter3] Gen:2 Ind:14 RMSE(val)=16236.927510
[GA][Iter3] Gen:2 Ind:15 RMSE(val)=16432.344586
[GA][Iter3] Gen:2 Ind:16 RMSE(val)=10590.117868
[GA][Iter3] Gen:2 Ind:17 RMSE(val)=12276.841002
[GA][Iter3] Gen:2 Ind:18 RMSE(val)=12785.182368
[GA][Iter3] Gen:2 Ind:19 RMSE(val)=14216.469217
[GA][Iter3] Gen:2 Ind:20 RMSE(val)=13928.784634
[GA][Iter3] gen=2 best_val_rmse=9321.373496
[GA][Iter3] Gen:3 Ind:1 RMSE(val)=9321.373496
[GA][Iter3] Gen:3 Ind:2 RMSE(val)=9566.521994
[GA][Iter3] Gen:3 Ind:3 RMSE(val)=10590.117868
[GA][Iter3] Gen:3 Ind:4 RMSE(val)=12276.841002
[GA][Iter3] Gen:3 Ind:5 RMSE(val)=12755.604191
[GA][Iter3] Gen:3 Ind:6 RMSE(val)=12785.182368
[GA][Iter3] Gen:3 Ind:7 RMSE(val)=12956.053346
[GA][Iter3] Gen:3 Ind:8 RMSE(val)=13004.365872
[GA][Iter3] Gen:3 Ind:9 RMSE(val)=13064.986238
[GA][Iter3] Gen:3 Ind:10 RMSE(val)=13304.318790
[GA][Iter3] Gen:3 Ind:11 RMSE(val)=17873.140096
[GA][Iter3] Gen:3 Ind:12 RMSE(val)=19508.426582
[GA][Iter3] Gen:3 Ind:13 RMSE(val)=10590.301840
[GA][Iter3] Gen:3 Ind:14 RMSE(val)=13823.298290
[GA][Iter3] Gen:3 Ind:15 RMSE(val)=9566.521994
[GA][Iter3] Gen:3 Ind:16 RMSE(val)=11454.073998
[GA][Iter3] Gen:3 Ind:17 RMSE(val)=14243.067421
[GA][Iter3] Gen:3 Ind:18 RMSE(val)=13914.477240
[GA][Iter3] Gen:3 Ind:19 RMSE(val)=12383.939969
[GA][Iter3] Gen:3 Ind:20 RMSE(val)=18763.810135
[GA][Iter3] gen=3 best_val_rmse=9321.373496
[GA][Iter3] Gen:4 Ind:1 RMSE(val)=9321.373496
[GA][Iter3] Gen:4 Ind:2 RMSE(val)=9566.521994
[GA][Iter3] Gen:4 Ind:3 RMSE(val)=9566.521994
[GA][Iter3] Gen:4 Ind:4 RMSE(val)=10590.117868
[GA][Iter3] Gen:4 Ind:5 RMSE(val)=10590.301840
[GA][Iter3] Gen:4 Ind:6 RMSE(val)=11454.073998
[GA][Iter3] Gen:4 Ind:7 RMSE(val)=12276.841002
[GA][Iter3] Gen:4 Ind:8 RMSE(val)=12383.939969
[GA][Iter3] Gen:4 Ind:9 RMSE(val)=12755.604191
[GA][Iter3] Gen:4 Ind:10 RMSE(val)=12785.182368
[GA][Iter3] Gen:4 Ind:11 RMSE(val)=13772.588660
[GA][Iter3] Gen:4 Ind:12 RMSE(val)=10693.561188
[GA][Iter3] Gen:4 Ind:13 RMSE(val)=10242.613880
[GA][Iter3] Gen:4 Ind:14 RMSE(val)=9230.520824
[GA][Iter3] Gen:4 Ind:15 RMSE(val)=9321.529900
[GA][Iter3] Gen:4 Ind:16 RMSE(val)=13054.137700
[GA][Iter3] Gen:4 Ind:17 RMSE(val)=12637.436795
[GA][Iter3] Gen:4 Ind:18 RMSE(val)=9951.695478
[GA][Iter3] Gen:4 Ind:19 RMSE(val)=9981.294721
[GA][Iter3] Gen:4 Ind:20 RMSE(val)=10547.478887
[GA][Iter3] gen=4 best_val_rmse=9230.520824
[GA][Iter3] Gen:5 Ind:1 RMSE(val)=9230.520824
[GA][Iter3] Gen:5 Ind:2 RMSE(val)=9321.373496
[GA][Iter3] Gen:5 Ind:3 RMSE(val)=9321.529900
[GA][Iter3] Gen:5 Ind:4 RMSE(val)=9566.521994
[GA][Iter3] Gen:5 Ind:5 RMSE(val)=9566.521994
[GA][Iter3] Gen:5 Ind:6 RMSE(val)=9951.695478
[GA][Iter3] Gen:5 Ind:7 RMSE(val)=9981.294721
[GA][Iter3] Gen:5 Ind:8 RMSE(val)=10242.613880
[GA][Iter3] Gen:5 Ind:9 RMSE(val)=10547.478887
[GA][Iter3] Gen:5 Ind:10 RMSE(val)=10590.117868
[GA][Iter3] Gen:5 Ind:11 RMSE(val)=9321.373496
[GA][Iter3] Gen:5 Ind:12 RMSE(val)=8728.283246
[GA][Iter3] Gen:5 Ind:13 RMSE(val)=10590.117868
[GA][Iter3] Gen:5 Ind:14 RMSE(val)=10242.729498
[GA][Iter3] Gen:5 Ind:15 RMSE(val)=9008.311432
[GA][Iter3] Gen:5 Ind:16 RMSE(val)=10404.240297
[GA][Iter3] Gen:5 Ind:17 RMSE(val)=10015.436559
[GA][Iter3] Gen:5 Ind:18 RMSE(val)=9230.529517
[GA][Iter3] Gen:5 Ind:19 RMSE(val)=10127.197366
[GA][Iter3] Gen:5 Ind:20 RMSE(val)=22735.579898
[GA][Iter3] gen=5 best_val_rmse=8728.283246
[GA][Iter3] Gen:6 Ind:1 RMSE(val)=8728.283246
[GA][Iter3] Gen:6 Ind:2 RMSE(val)=9008.311432
[GA][Iter3] Gen:6 Ind:3 RMSE(val)=9230.520824
[GA][Iter3] Gen:6 Ind:4 RMSE(val)=9230.529517
[GA][Iter3] Gen:6 Ind:5 RMSE(val)=9321.373496
[GA][Iter3] Gen:6 Ind:6 RMSE(val)=9321.373496
[GA][Iter3] Gen:6 Ind:7 RMSE(val)=9321.529900
[GA][Iter3] Gen:6 Ind:8 RMSE(val)=9566.521994
[GA][Iter3] Gen:6 Ind:9 RMSE(val)=9566.521994
[GA][Iter3] Gen:6 Ind:10 RMSE(val)=9951.695478
[GA][Iter3] Gen:6 Ind:11 RMSE(val)=8558.408745
[GA][Iter3] Gen:6 Ind:12 RMSE(val)=8763.488105
[GA][Iter3] Gen:6 Ind:13 RMSE(val)=9203.152758
[GA][Iter3] Gen:6 Ind:14 RMSE(val)=9008.311432
[GA][Iter3] Gen:6 Ind:15 RMSE(val)=9008.311432
[GA][Iter3] Gen:6 Ind:16 RMSE(val)=9321.450496
[GA][Iter3] Gen:6 Ind:17 RMSE(val)=9962.329530
[GA][Iter3] Gen:6 Ind:18 RMSE(val)=9321.373496
[GA][Iter3] Gen:6 Ind:19 RMSE(val)=8633.959930
[GA][Iter3] Gen:6 Ind:20 RMSE(val)=8634.419785
[GA][Iter3] gen=6 best_val_rmse=8558.408745
[GA][Iter3] Gen:7 Ind:1 RMSE(val)=8558.408745
[GA][Iter3] Gen:7 Ind:2 RMSE(val)=8633.959930
[GA][Iter3] Gen:7 Ind:3 RMSE(val)=8634.419785
[GA][Iter3] Gen:7 Ind:4 RMSE(val)=8728.283246
[GA][Iter3] Gen:7 Ind:5 RMSE(val)=8763.488105
[GA][Iter3] Gen:7 Ind:6 RMSE(val)=9008.311432
[GA][Iter3] Gen:7 Ind:7 RMSE(val)=9008.311432
[GA][Iter3] Gen:7 Ind:8 RMSE(val)=9008.311432
[GA][Iter3] Gen:7 Ind:9 RMSE(val)=9203.152758
[GA][Iter3] Gen:7 Ind:10 RMSE(val)=9230.520824
[GA][Iter3] Gen:7 Ind:11 RMSE(val)=10590.117868
[GA][Iter3] Gen:7 Ind:12 RMSE(val)=9279.280255
[GA][Iter3] Gen:7 Ind:13 RMSE(val)=9174.624328
[GA][Iter3] Gen:7 Ind:14 RMSE(val)=8682.217391
[GA][Iter3] Gen:7 Ind:15 RMSE(val)=13141.412607
[GA][Iter3] Gen:7 Ind:16 RMSE(val)=12220.713714
[GA][Iter3] Gen:7 Ind:17 RMSE(val)=8728.283246
[GA][Iter3] Gen:7 Ind:18 RMSE(val)=8558.408745
[GA][Iter3] Gen:7 Ind:19 RMSE(val)=8728.283246
[GA][Iter3] Gen:7 Ind:20 RMSE(val)=9230.520824
[GA][Iter3] gen=7 best_val_rmse=8558.408745
[GA][Iter3] Gen:8 Ind:1 RMSE(val)=8558.408745
[GA][Iter3] Gen:8 Ind:2 RMSE(val)=8558.408745
[GA][Iter3] Gen:8 Ind:3 RMSE(val)=8633.959930
[GA][Iter3] Gen:8 Ind:4 RMSE(val)=8634.419785
[GA][Iter3] Gen:8 Ind:5 RMSE(val)=8682.217391
[GA][Iter3] Gen:8 Ind:6 RMSE(val)=8728.283246
[GA][Iter3] Gen:8 Ind:7 RMSE(val)=8728.283246
[GA][Iter3] Gen:8 Ind:8 RMSE(val)=8728.283246
[GA][Iter3] Gen:8 Ind:9 RMSE(val)=8763.488105
[GA][Iter3] Gen:8 Ind:10 RMSE(val)=9008.311432
[GA][Iter3] Gen:8 Ind:11 RMSE(val)=8728.283246
[GA][Iter3] Gen:8 Ind:12 RMSE(val)=8682.217391
[GA][Iter3] Gen:8 Ind:13 RMSE(val)=8661.662810
[GA][Iter3] Gen:8 Ind:14 RMSE(val)=9174.504555
[GA][Iter3] Gen:8 Ind:15 RMSE(val)=8734.989300
[GA][Iter3] Gen:8 Ind:16 RMSE(val)=8728.283246
[GA][Iter3] Gen:8 Ind:17 RMSE(val)=9321.450496
[GA][Iter3] Gen:8 Ind:18 RMSE(val)=8633.959930
[GA][Iter3] Gen:8 Ind:19 RMSE(val)=8728.283246
[GA][Iter3] Gen:8 Ind:20 RMSE(val)=8728.283246
[GA][Iter3] gen=8 best_val_rmse=8558.408745
[GA][Iter3] Gen:9 Ind:1 RMSE(val)=8558.408745
[GA][Iter3] Gen:9 Ind:2 RMSE(val)=8558.408745
[GA][Iter3] Gen:9 Ind:3 RMSE(val)=8633.959930
[GA][Iter3] Gen:9 Ind:4 RMSE(val)=8633.959930
[GA][Iter3] Gen:9 Ind:5 RMSE(val)=8634.419785
[GA][Iter3] Gen:9 Ind:6 RMSE(val)=8661.662810
[GA][Iter3] Gen:9 Ind:7 RMSE(val)=8682.217391
[GA][Iter3] Gen:9 Ind:8 RMSE(val)=8682.217391
[GA][Iter3] Gen:9 Ind:9 RMSE(val)=8728.283246
[GA][Iter3] Gen:9 Ind:10 RMSE(val)=8728.283246
[GA][Iter3] Gen:9 Ind:11 RMSE(val)=8682.217391
[GA][Iter3] Gen:9 Ind:12 RMSE(val)=8682.217391
[GA][Iter3] Gen:9 Ind:13 RMSE(val)=9203.152758
[GA][Iter3] Gen:9 Ind:14 RMSE(val)=9026.651308
[GA][Iter3] Gen:9 Ind:15 RMSE(val)=8633.959930
[GA][Iter3] Gen:9 Ind:16 RMSE(val)=8662.667738
[GA][Iter3] Gen:9 Ind:17 RMSE(val)=8633.959930
[GA][Iter3] Gen:9 Ind:18 RMSE(val)=8728.244651
[GA][Iter3] Gen:9 Ind:19 RMSE(val)=8682.217391
[GA][Iter3] Gen:9 Ind:20 RMSE(val)=8633.959930
[GA][Iter3] gen=9 best_val_rmse=8558.408745
[GA][Iter3] Gen:10 Ind:1 RMSE(val)=8558.408745
[GA][Iter3] Gen:10 Ind:2 RMSE(val)=8558.408745
[GA][Iter3] Gen:10 Ind:3 RMSE(val)=8633.959930
[GA][Iter3] Gen:10 Ind:4 RMSE(val)=8633.959930
[GA][Iter3] Gen:10 Ind:5 RMSE(val)=8633.959930
[GA][Iter3] Gen:10 Ind:6 RMSE(val)=8633.959930
[GA][Iter3] Gen:10 Ind:7 RMSE(val)=8633.959930
[GA][Iter3] Gen:10 Ind:8 RMSE(val)=8634.419785
[GA][Iter3] Gen:10 Ind:9 RMSE(val)=8661.662810
[GA][Iter3] Gen:10 Ind:10 RMSE(val)=8662.667738
[GA][Iter3] Gen:10 Ind:11 RMSE(val)=10253.766386
[GA][Iter3] Gen:10 Ind:12 RMSE(val)=8633.959930
[GA][Iter3] Gen:10 Ind:13 RMSE(val)=9388.691402
[GA][Iter3] Gen:10 Ind:14 RMSE(val)=9011.853876
[GA][Iter3] Gen:10 Ind:15 RMSE(val)=9321.373496
[GA][Iter3] Gen:10 Ind:16 RMSE(val)=9203.152758
[GA][Iter3] Gen:10 Ind:17 RMSE(val)=8633.959930
[GA][Iter3] Gen:10 Ind:18 RMSE(val)=8633.959930
[GA][Iter3] Gen:10 Ind:19 RMSE(val)=8633.959930
[GA][Iter3] Gen:10 Ind:20 RMSE(val)=9865.179218
[GA][Iter3] gen=10 best_val_rmse=8558.408745
[GA][Iter3] Gen:11 Ind:1 RMSE(val)=8558.408745
[GA][Iter3] Gen:11 Ind:2 RMSE(val)=8558.408745
[GA][Iter3] Gen:11 Ind:3 RMSE(val)=8633.959930
[GA][Iter3] Gen:11 Ind:4 RMSE(val)=8633.959930
[GA][Iter3] Gen:11 Ind:5 RMSE(val)=8633.959930
[GA][Iter3] Gen:11 Ind:6 RMSE(val)=8633.959930
[GA][Iter3] Gen:11 Ind:7 RMSE(val)=8633.959930
[GA][Iter3] Gen:11 Ind:8 RMSE(val)=8633.959930
[GA][Iter3] Gen:11 Ind:9 RMSE(val)=8633.959930
[GA][Iter3] Gen:11 Ind:10 RMSE(val)=8633.959930
[GA][Iter3] Gen:11 Ind:11 RMSE(val)=9203.152758
[GA][Iter3] Gen:11 Ind:12 RMSE(val)=8633.959930
[GA][Iter3] Gen:11 Ind:13 RMSE(val)=8558.408745
[GA][Iter3] Gen:11 Ind:14 RMSE(val)=8728.283246
[GA][Iter3] Gen:11 Ind:15 RMSE(val)=8633.959930
[GA][Iter3] Gen:11 Ind:16 RMSE(val)=9012.517360
[GA][Iter3] Gen:11 Ind:17 RMSE(val)=8633.959930
[GA][Iter3] Gen:11 Ind:18 RMSE(val)=8837.962139
[GA][Iter3] Gen:11 Ind:19 RMSE(val)=8728.283246
[GA][Iter3] Gen:11 Ind:20 RMSE(val)=8937.531763
[GA][Iter3] gen=11 best_val_rmse=8558.408745
[GA][Iter3] Gen:12 Ind:1 RMSE(val)=8558.408745
[GA][Iter3] Gen:12 Ind:2 RMSE(val)=8558.408745
[GA][Iter3] Gen:12 Ind:3 RMSE(val)=8558.408745
[GA][Iter3] Gen:12 Ind:4 RMSE(val)=8633.959930
[GA][Iter3] Gen:12 Ind:5 RMSE(val)=8633.959930
[GA][Iter3] Gen:12 Ind:6 RMSE(val)=8633.959930
[GA][Iter3] Gen:12 Ind:7 RMSE(val)=8633.959930
[GA][Iter3] Gen:12 Ind:8 RMSE(val)=8633.959930
[GA][Iter3] Gen:12 Ind:9 RMSE(val)=8633.959930
[GA][Iter3] Gen:12 Ind:10 RMSE(val)=8633.959930
[GA][Iter3] Gen:12 Ind:11 RMSE(val)=9203.152758
[GA][Iter3] Gen:12 Ind:12 RMSE(val)=9359.899125
[GA][Iter3] Gen:12 Ind:13 RMSE(val)=11556.669478
[GA][Iter3] Gen:12 Ind:14 RMSE(val)=16865.174424
[GA][Iter3] Gen:12 Ind:15 RMSE(val)=8558.408745
[GA][Iter3] Gen:12 Ind:16 RMSE(val)=8633.959930
[GA][Iter3] Gen:12 Ind:17 RMSE(val)=8633.959930
[GA][Iter3] Gen:12 Ind:18 RMSE(val)=9012.517360
[GA][Iter3] Gen:12 Ind:19 RMSE(val)=8633.959930
[GA][Iter3] Gen:12 Ind:20 RMSE(val)=8633.959930
[GA][Iter3] gen=12 best_val_rmse=8558.408745
[GA][Iter3] Gen:13 Ind:1 RMSE(val)=8558.408745
[GA][Iter3] Gen:13 Ind:2 RMSE(val)=8558.408745
[GA][Iter3] Gen:13 Ind:3 RMSE(val)=8558.408745
[GA][Iter3] Gen:13 Ind:4 RMSE(val)=8558.408745
[GA][Iter3] Gen:13 Ind:5 RMSE(val)=8633.959930
[GA][Iter3] Gen:13 Ind:6 RMSE(val)=8633.959930
[GA][Iter3] Gen:13 Ind:7 RMSE(val)=8633.959930
[GA][Iter3] Gen:13 Ind:8 RMSE(val)=8633.959930
[GA][Iter3] Gen:13 Ind:9 RMSE(val)=8633.959930
[GA][Iter3] Gen:13 Ind:10 RMSE(val)=8633.959930
[GA][Iter3] Gen:13 Ind:11 RMSE(val)=9194.855453
[GA][Iter3] Gen:13 Ind:12 RMSE(val)=8558.408745
[GA][Iter3] Gen:13 Ind:13 RMSE(val)=9566.792629
[GA][Iter3] Gen:13 Ind:14 RMSE(val)=8633.959930
[GA][Iter3] Gen:13 Ind:15 RMSE(val)=8633.959930
[GA][Iter3] Gen:13 Ind:16 RMSE(val)=8682.217391
[GA][Iter3] Gen:13 Ind:17 RMSE(val)=8633.959930
[GA][Iter3] Gen:13 Ind:18 RMSE(val)=10292.075951
[GA][Iter3] Gen:13 Ind:19 RMSE(val)=9203.152758
[GA][Iter3] Gen:13 Ind:20 RMSE(val)=8558.408745
[GA][Iter3] gen=13 best_val_rmse=8558.408745
[GA][Iter3] Gen:14 Ind:1 RMSE(val)=8558.408745
[GA][Iter3] Gen:14 Ind:2 RMSE(val)=8558.408745
[GA][Iter3] Gen:14 Ind:3 RMSE(val)=8558.408745
[GA][Iter3] Gen:14 Ind:4 RMSE(val)=8558.408745
[GA][Iter3] Gen:14 Ind:5 RMSE(val)=8558.408745
[GA][Iter3] Gen:14 Ind:6 RMSE(val)=8558.408745
[GA][Iter3] Gen:14 Ind:7 RMSE(val)=8633.959930
[GA][Iter3] Gen:14 Ind:8 RMSE(val)=8633.959930
[GA][Iter3] Gen:14 Ind:9 RMSE(val)=8633.959930
[GA][Iter3] Gen:14 Ind:10 RMSE(val)=8633.959930
[GA][Iter3] Gen:14 Ind:11 RMSE(val)=8558.408745
[GA][Iter3] Gen:14 Ind:12 RMSE(val)=9230.529517
[GA][Iter3] Gen:14 Ind:13 RMSE(val)=10590.117868
[GA][Iter3] Gen:14 Ind:14 RMSE(val)=9378.704481
[GA][Iter3] Gen:14 Ind:15 RMSE(val)=8633.959930
[GA][Iter3] Gen:14 Ind:16 RMSE(val)=13451.180857
[GA][Iter3] Gen:14 Ind:17 RMSE(val)=8634.109156
[GA][Iter3] Gen:14 Ind:18 RMSE(val)=8558.408745
[GA][Iter3] Gen:14 Ind:19 RMSE(val)=9026.651308
[GA][Iter3] Gen:14 Ind:20 RMSE(val)=8558.408745
[GA][Iter3] gen=14 best_val_rmse=8558.408745
[GA][Iter3] Gen:15 Ind:1 RMSE(val)=8558.408745
[GA][Iter3] Gen:15 Ind:2 RMSE(val)=8558.408745
[GA][Iter3] Gen:15 Ind:3 RMSE(val)=8558.408745
[GA][Iter3] Gen:15 Ind:4 RMSE(val)=8558.408745
[GA][Iter3] Gen:15 Ind:5 RMSE(val)=8558.408745
[GA][Iter3] Gen:15 Ind:6 RMSE(val)=8558.408745
[GA][Iter3] Gen:15 Ind:7 RMSE(val)=8558.408745
[GA][Iter3] Gen:15 Ind:8 RMSE(val)=8558.408745
[GA][Iter3] Gen:15 Ind:9 RMSE(val)=8558.408745
[GA][Iter3] Gen:15 Ind:10 RMSE(val)=8633.959930
[GA][Iter3] Gen:15 Ind:11 RMSE(val)=10867.816756
[GA][Iter3] Gen:15 Ind:12 RMSE(val)=8558.408745
[GA][Iter3] Gen:15 Ind:13 RMSE(val)=8558.408745
[GA][Iter3] Gen:15 Ind:14 RMSE(val)=8980.663550
[GA][Iter3] Gen:15 Ind:15 RMSE(val)=8558.408745
[GA][Iter3] Gen:15 Ind:16 RMSE(val)=8558.408745
[GA][Iter3] Gen:15 Ind:17 RMSE(val)=8558.408745
[GA][Iter3] Gen:15 Ind:18 RMSE(val)=8558.408745
[GA][Iter3] Gen:15 Ind:19 RMSE(val)=8558.408745
[GA][Iter3] Gen:15 Ind:20 RMSE(val)=8558.408745
[GA][Iter3] gen=15 best_val_rmse=8558.408745
[GA][Iter3] Gen:15 Ind:1 RMSE(val)=8558.408745
[GA][Iter3] Gen:15 Ind:2 RMSE(val)=8558.408745
[GA][Iter3] Gen:15 Ind:3 RMSE(val)=8558.408745
[GA][Iter3] Gen:15 Ind:4 RMSE(val)=8558.408745
[GA][Iter3] Gen:15 Ind:5 RMSE(val)=8558.408745
[GA][Iter3] Gen:15 Ind:6 RMSE(val)=8558.408745
[GA][Iter3] Gen:15 Ind:7 RMSE(val)=8558.408745
[GA][Iter3] Gen:15 Ind:8 RMSE(val)=8558.408745
[GA][Iter3] Gen:15 Ind:9 RMSE(val)=8558.408745
[GA][Iter3] Gen:15 Ind:10 RMSE(val)=8558.408745
[GA][Iter3] Gen:15 Ind:11 RMSE(val)=8558.408745
[GA][Iter3] Gen:15 Ind:12 RMSE(val)=8477.389166
[GA][Iter3] Gen:15 Ind:13 RMSE(val)=10231.936348
[GA][Iter3] Gen:15 Ind:14 RMSE(val)=8558.408745
[GA][Iter3] Gen:15 Ind:15 RMSE(val)=12107.840803
[GA][Iter3] Gen:15 Ind:16 RMSE(val)=8558.408745
[GA][Iter3] Gen:15 Ind:17 RMSE(val)=8558.408745
[GA][Iter3] Gen:15 Ind:18 RMSE(val)=10187.657181
[GA][Iter3] Gen:15 Ind:19 RMSE(val)=8558.408745
[GA][Iter3] Gen:15 Ind:20 RMSE(val)=11034.835901

[GA DONE][Iter3] Best params on val fold of Iter3
Best val RMSE: 8477.389166
Best params: {'n_estimators': 1116, 'learning_rate': 0.1301607770094611, 'max_depth': 4, 'min_samples_split': 9, 'min_samples_leaf': 7, 'subsample': 0.8818287344859694, 'max_features': None}
--------------------------------------------------------------------------------
[RETUNE GA] Iter3: train folds 1..7 -> test fold 8  RMSE=33497.829100  NRMSE=4.970068  CVRMSE=37.440815  R2=-23.924113
[GA][Iter4] Gen:1 Ind:1 RMSE(val)=34906.987946
[GA][Iter4] Gen:1 Ind:2 RMSE(val)=54116.088603
[GA][Iter4] Gen:1 Ind:3 RMSE(val)=124410.950286
[GA][Iter4] Gen:1 Ind:4 RMSE(val)=39393.062675
[GA][Iter4] Gen:1 Ind:5 RMSE(val)=66054.072868
[GA][Iter4] Gen:1 Ind:6 RMSE(val)=30217.458489
[GA][Iter4] Gen:1 Ind:7 RMSE(val)=88516.286074
[GA][Iter4] Gen:1 Ind:8 RMSE(val)=40507.290339
[GA][Iter4] Gen:1 Ind:9 RMSE(val)=43436.769173
[GA][Iter4] Gen:1 Ind:10 RMSE(val)=40905.145940
[GA][Iter4] Gen:1 Ind:11 RMSE(val)=37416.347220
[GA][Iter4] Gen:1 Ind:12 RMSE(val)=43354.769855
[GA][Iter4] Gen:1 Ind:13 RMSE(val)=96951.687151
[GA][Iter4] Gen:1 Ind:14 RMSE(val)=39274.120664
[GA][Iter4] Gen:1 Ind:15 RMSE(val)=64270.196456
[GA][Iter4] Gen:1 Ind:16 RMSE(val)=46455.960366
[GA][Iter4] Gen:1 Ind:17 RMSE(val)=136558.954678
[GA][Iter4] Gen:1 Ind:18 RMSE(val)=77845.372172
[GA][Iter4] Gen:1 Ind:19 RMSE(val)=270328.859277
[GA][Iter4] Gen:1 Ind:20 RMSE(val)=53871.875575
[GA][Iter4] gen=1 best_val_rmse=30217.458489
[GA][Iter4] Gen:2 Ind:1 RMSE(val)=30217.458489
[GA][Iter4] Gen:2 Ind:2 RMSE(val)=34906.987946
[GA][Iter4] Gen:2 Ind:3 RMSE(val)=37416.347220
[GA][Iter4] Gen:2 Ind:4 RMSE(val)=39274.120664
[GA][Iter4] Gen:2 Ind:5 RMSE(val)=39393.062675
[GA][Iter4] Gen:2 Ind:6 RMSE(val)=40507.290339
[GA][Iter4] Gen:2 Ind:7 RMSE(val)=40905.145940
[GA][Iter4] Gen:2 Ind:8 RMSE(val)=43354.769855
[GA][Iter4] Gen:2 Ind:9 RMSE(val)=43436.769173
[GA][Iter4] Gen:2 Ind:10 RMSE(val)=46455.960366
[GA][Iter4] Gen:2 Ind:11 RMSE(val)=41148.367528
[GA][Iter4] Gen:2 Ind:12 RMSE(val)=40578.124155
[GA][Iter4] Gen:2 Ind:13 RMSE(val)=37340.890261
[GA][Iter4] Gen:2 Ind:14 RMSE(val)=49430.050289
[GA][Iter4] Gen:2 Ind:15 RMSE(val)=43705.539740
[GA][Iter4] Gen:2 Ind:16 RMSE(val)=35598.956022
[GA][Iter4] Gen:2 Ind:17 RMSE(val)=42613.862003
[GA][Iter4] Gen:2 Ind:18 RMSE(val)=32485.431779
[GA][Iter4] Gen:2 Ind:19 RMSE(val)=41449.944025
[GA][Iter4] Gen:2 Ind:20 RMSE(val)=38011.416568
[GA][Iter4] gen=2 best_val_rmse=30217.458489
[GA][Iter4] Gen:3 Ind:1 RMSE(val)=30217.458489
[GA][Iter4] Gen:3 Ind:2 RMSE(val)=32485.431779
[GA][Iter4] Gen:3 Ind:3 RMSE(val)=34906.987946
[GA][Iter4] Gen:3 Ind:4 RMSE(val)=35598.956022
[GA][Iter4] Gen:3 Ind:5 RMSE(val)=37340.890261
[GA][Iter4] Gen:3 Ind:6 RMSE(val)=37416.347220
[GA][Iter4] Gen:3 Ind:7 RMSE(val)=38011.416568
[GA][Iter4] Gen:3 Ind:8 RMSE(val)=39274.120664
[GA][Iter4] Gen:3 Ind:9 RMSE(val)=39393.062675
[GA][Iter4] Gen:3 Ind:10 RMSE(val)=40507.290339
[GA][Iter4] Gen:3 Ind:11 RMSE(val)=39049.246137
[GA][Iter4] Gen:3 Ind:12 RMSE(val)=33443.416358
[GA][Iter4] Gen:3 Ind:13 RMSE(val)=32485.431779
[GA][Iter4] Gen:3 Ind:14 RMSE(val)=36187.472590
[GA][Iter4] Gen:3 Ind:15 RMSE(val)=27167.828416
[GA][Iter4] Gen:3 Ind:16 RMSE(val)=57726.697255
[GA][Iter4] Gen:3 Ind:17 RMSE(val)=54032.499256
[GA][Iter4] Gen:3 Ind:18 RMSE(val)=41928.145758
[GA][Iter4] Gen:3 Ind:19 RMSE(val)=37923.821455
[GA][Iter4] Gen:3 Ind:20 RMSE(val)=34631.078889
[GA][Iter4] gen=3 best_val_rmse=27167.828416
[GA][Iter4] Gen:4 Ind:1 RMSE(val)=27167.828416
[GA][Iter4] Gen:4 Ind:2 RMSE(val)=30217.458489
[GA][Iter4] Gen:4 Ind:3 RMSE(val)=32485.431779
[GA][Iter4] Gen:4 Ind:4 RMSE(val)=32485.431779
[GA][Iter4] Gen:4 Ind:5 RMSE(val)=33443.416358
[GA][Iter4] Gen:4 Ind:6 RMSE(val)=34631.078889
[GA][Iter4] Gen:4 Ind:7 RMSE(val)=34906.987946
[GA][Iter4] Gen:4 Ind:8 RMSE(val)=35598.956022
[GA][Iter4] Gen:4 Ind:9 RMSE(val)=36187.472590
[GA][Iter4] Gen:4 Ind:10 RMSE(val)=37340.890261
[GA][Iter4] Gen:4 Ind:11 RMSE(val)=43452.085527
[GA][Iter4] Gen:4 Ind:12 RMSE(val)=27171.196537
[GA][Iter4] Gen:4 Ind:13 RMSE(val)=32176.467775
[GA][Iter4] Gen:4 Ind:14 RMSE(val)=40075.806229
[GA][Iter4] Gen:4 Ind:15 RMSE(val)=27316.886612
[GA][Iter4] Gen:4 Ind:16 RMSE(val)=27167.828416
[GA][Iter4] Gen:4 Ind:17 RMSE(val)=51637.713788
[GA][Iter4] Gen:4 Ind:18 RMSE(val)=33473.454329
[GA][Iter4] Gen:4 Ind:19 RMSE(val)=24828.252748
[GA][Iter4] Gen:4 Ind:20 RMSE(val)=22997.266740
[GA][Iter4] gen=4 best_val_rmse=22997.266740
[GA][Iter4] Gen:5 Ind:1 RMSE(val)=22997.266740
[GA][Iter4] Gen:5 Ind:2 RMSE(val)=24828.252748
[GA][Iter4] Gen:5 Ind:3 RMSE(val)=27167.828416
[GA][Iter4] Gen:5 Ind:4 RMSE(val)=27167.828416
[GA][Iter4] Gen:5 Ind:5 RMSE(val)=27171.196537
[GA][Iter4] Gen:5 Ind:6 RMSE(val)=27316.886612
[GA][Iter4] Gen:5 Ind:7 RMSE(val)=30217.458489
[GA][Iter4] Gen:5 Ind:8 RMSE(val)=32176.467775
[GA][Iter4] Gen:5 Ind:9 RMSE(val)=32485.431779
[GA][Iter4] Gen:5 Ind:10 RMSE(val)=32485.431779
[GA][Iter4] Gen:5 Ind:11 RMSE(val)=24828.252748
[GA][Iter4] Gen:5 Ind:12 RMSE(val)=27167.828416
[GA][Iter4] Gen:5 Ind:13 RMSE(val)=32485.431779
[GA][Iter4] Gen:5 Ind:14 RMSE(val)=32176.467775
[GA][Iter4] Gen:5 Ind:15 RMSE(val)=28204.555605
[GA][Iter4] Gen:5 Ind:16 RMSE(val)=32485.431779
[GA][Iter4] Gen:5 Ind:17 RMSE(val)=29081.497474
[GA][Iter4] Gen:5 Ind:18 RMSE(val)=32485.431779
[GA][Iter4] Gen:5 Ind:19 RMSE(val)=33422.168728
[GA][Iter4] Gen:5 Ind:20 RMSE(val)=32842.067543
[GA][Iter4] gen=5 best_val_rmse=22997.266740
[GA][Iter4] Gen:6 Ind:1 RMSE(val)=22997.266740
[GA][Iter4] Gen:6 Ind:2 RMSE(val)=24828.252748
[GA][Iter4] Gen:6 Ind:3 RMSE(val)=24828.252748
[GA][Iter4] Gen:6 Ind:4 RMSE(val)=27167.828416
[GA][Iter4] Gen:6 Ind:5 RMSE(val)=27167.828416
[GA][Iter4] Gen:6 Ind:6 RMSE(val)=27167.828416
[GA][Iter4] Gen:6 Ind:7 RMSE(val)=27171.196537
[GA][Iter4] Gen:6 Ind:8 RMSE(val)=27316.886612
[GA][Iter4] Gen:6 Ind:9 RMSE(val)=28204.555605
[GA][Iter4] Gen:6 Ind:10 RMSE(val)=29081.497474
[GA][Iter4] Gen:6 Ind:11 RMSE(val)=26205.966250
[GA][Iter4] Gen:6 Ind:12 RMSE(val)=34629.972686
[GA][Iter4] Gen:6 Ind:13 RMSE(val)=22824.617486
[GA][Iter4] Gen:6 Ind:14 RMSE(val)=24828.252748
[GA][Iter4] Gen:6 Ind:15 RMSE(val)=37340.890261
[GA][Iter4] Gen:6 Ind:16 RMSE(val)=26992.615706
[GA][Iter4] Gen:6 Ind:17 RMSE(val)=27167.828416
[GA][Iter4] Gen:6 Ind:18 RMSE(val)=27167.828416
[GA][Iter4] Gen:6 Ind:19 RMSE(val)=23290.233570
[GA][Iter4] Gen:6 Ind:20 RMSE(val)=22991.311421
[GA][Iter4] gen=6 best_val_rmse=22824.617486
[GA][Iter4] Gen:7 Ind:1 RMSE(val)=22824.617486
[GA][Iter4] Gen:7 Ind:2 RMSE(val)=22991.311421
[GA][Iter4] Gen:7 Ind:3 RMSE(val)=22997.266740
[GA][Iter4] Gen:7 Ind:4 RMSE(val)=23290.233570
[GA][Iter4] Gen:7 Ind:5 RMSE(val)=24828.252748
[GA][Iter4] Gen:7 Ind:6 RMSE(val)=24828.252748
[GA][Iter4] Gen:7 Ind:7 RMSE(val)=24828.252748
[GA][Iter4] Gen:7 Ind:8 RMSE(val)=26205.966250
[GA][Iter4] Gen:7 Ind:9 RMSE(val)=26992.615706
[GA][Iter4] Gen:7 Ind:10 RMSE(val)=27167.828416
[GA][Iter4] Gen:7 Ind:11 RMSE(val)=24033.814545
[GA][Iter4] Gen:7 Ind:12 RMSE(val)=22476.937363
[GA][Iter4] Gen:7 Ind:13 RMSE(val)=23871.179189
[GA][Iter4] Gen:7 Ind:14 RMSE(val)=22824.617486
[GA][Iter4] Gen:7 Ind:15 RMSE(val)=39313.034133
[GA][Iter4] Gen:7 Ind:16 RMSE(val)=24074.978643
[GA][Iter4] Gen:7 Ind:17 RMSE(val)=23290.233570
[GA][Iter4] Gen:7 Ind:18 RMSE(val)=22824.617486
[GA][Iter4] Gen:7 Ind:19 RMSE(val)=23290.233570
[GA][Iter4] Gen:7 Ind:20 RMSE(val)=28975.956615
[GA][Iter4] gen=7 best_val_rmse=22476.937363
[GA][Iter4] Gen:8 Ind:1 RMSE(val)=22476.937363
[GA][Iter4] Gen:8 Ind:2 RMSE(val)=22824.617486
[GA][Iter4] Gen:8 Ind:3 RMSE(val)=22824.617486
[GA][Iter4] Gen:8 Ind:4 RMSE(val)=22824.617486
[GA][Iter4] Gen:8 Ind:5 RMSE(val)=22991.311421
[GA][Iter4] Gen:8 Ind:6 RMSE(val)=22997.266740
[GA][Iter4] Gen:8 Ind:7 RMSE(val)=23290.233570
[GA][Iter4] Gen:8 Ind:8 RMSE(val)=23290.233570
[GA][Iter4] Gen:8 Ind:9 RMSE(val)=23290.233570
[GA][Iter4] Gen:8 Ind:10 RMSE(val)=23871.179189
[GA][Iter4] Gen:8 Ind:11 RMSE(val)=22997.266740
[GA][Iter4] Gen:8 Ind:12 RMSE(val)=22997.266740
[GA][Iter4] Gen:8 Ind:13 RMSE(val)=23290.233570
[GA][Iter4] Gen:8 Ind:14 RMSE(val)=22997.266740
[GA][Iter4] Gen:8 Ind:15 RMSE(val)=23290.233570
[GA][Iter4] Gen:8 Ind:16 RMSE(val)=23290.233570
[GA][Iter4] Gen:8 Ind:17 RMSE(val)=22824.617486
[GA][Iter4] Gen:8 Ind:18 RMSE(val)=23290.233570
[GA][Iter4] Gen:8 Ind:19 RMSE(val)=22997.266740
[GA][Iter4] Gen:8 Ind:20 RMSE(val)=22824.617486
[GA][Iter4] gen=8 best_val_rmse=22476.937363
[GA][Iter4] Gen:9 Ind:1 RMSE(val)=22476.937363
[GA][Iter4] Gen:9 Ind:2 RMSE(val)=22824.617486
[GA][Iter4] Gen:9 Ind:3 RMSE(val)=22824.617486
[GA][Iter4] Gen:9 Ind:4 RMSE(val)=22824.617486
[GA][Iter4] Gen:9 Ind:5 RMSE(val)=22824.617486
[GA][Iter4] Gen:9 Ind:6 RMSE(val)=22824.617486
[GA][Iter4] Gen:9 Ind:7 RMSE(val)=22991.311421
[GA][Iter4] Gen:9 Ind:8 RMSE(val)=22997.266740
[GA][Iter4] Gen:9 Ind:9 RMSE(val)=22997.266740
[GA][Iter4] Gen:9 Ind:10 RMSE(val)=22997.266740
[GA][Iter4] Gen:9 Ind:11 RMSE(val)=23290.233570
[GA][Iter4] Gen:9 Ind:12 RMSE(val)=22997.266740
[GA][Iter4] Gen:9 Ind:13 RMSE(val)=22997.266740
[GA][Iter4] Gen:9 Ind:14 RMSE(val)=22824.617486
[GA][Iter4] Gen:9 Ind:15 RMSE(val)=22824.617486
[GA][Iter4] Gen:9 Ind:16 RMSE(val)=22458.769545
[GA][Iter4] Gen:9 Ind:17 RMSE(val)=22995.827281
[GA][Iter4] Gen:9 Ind:18 RMSE(val)=22824.617486
[GA][Iter4] Gen:9 Ind:19 RMSE(val)=22991.311421
[GA][Iter4] Gen:9 Ind:20 RMSE(val)=22995.827281
[GA][Iter4] gen=9 best_val_rmse=22458.769545
[GA][Iter4] Gen:10 Ind:1 RMSE(val)=22458.769545
[GA][Iter4] Gen:10 Ind:2 RMSE(val)=22476.937363
[GA][Iter4] Gen:10 Ind:3 RMSE(val)=22824.617486
[GA][Iter4] Gen:10 Ind:4 RMSE(val)=22824.617486
[GA][Iter4] Gen:10 Ind:5 RMSE(val)=22824.617486
[GA][Iter4] Gen:10 Ind:6 RMSE(val)=22824.617486
[GA][Iter4] Gen:10 Ind:7 RMSE(val)=22824.617486
[GA][Iter4] Gen:10 Ind:8 RMSE(val)=22824.617486
[GA][Iter4] Gen:10 Ind:9 RMSE(val)=22824.617486
[GA][Iter4] Gen:10 Ind:10 RMSE(val)=22824.617486
[GA][Iter4] Gen:10 Ind:11 RMSE(val)=23197.305516
[GA][Iter4] Gen:10 Ind:12 RMSE(val)=22824.617486
[GA][Iter4] Gen:10 Ind:13 RMSE(val)=22824.617486
[GA][Iter4] Gen:10 Ind:14 RMSE(val)=22267.615358
[GA][Iter4] Gen:10 Ind:15 RMSE(val)=22997.266740
[GA][Iter4] Gen:10 Ind:16 RMSE(val)=22997.266740
[GA][Iter4] Gen:10 Ind:17 RMSE(val)=22824.617486
[GA][Iter4] Gen:10 Ind:18 RMSE(val)=22824.617486
[GA][Iter4] Gen:10 Ind:19 RMSE(val)=22824.617486
[GA][Iter4] Gen:10 Ind:20 RMSE(val)=23109.769886
[GA][Iter4] gen=10 best_val_rmse=22267.615358
[GA][Iter4] Gen:11 Ind:1 RMSE(val)=22267.615358
[GA][Iter4] Gen:11 Ind:2 RMSE(val)=22458.769545
[GA][Iter4] Gen:11 Ind:3 RMSE(val)=22476.937363
[GA][Iter4] Gen:11 Ind:4 RMSE(val)=22824.617486
[GA][Iter4] Gen:11 Ind:5 RMSE(val)=22824.617486
[GA][Iter4] Gen:11 Ind:6 RMSE(val)=22824.617486
[GA][Iter4] Gen:11 Ind:7 RMSE(val)=22824.617486
[GA][Iter4] Gen:11 Ind:8 RMSE(val)=22824.617486
[GA][Iter4] Gen:11 Ind:9 RMSE(val)=22824.617486
[GA][Iter4] Gen:11 Ind:10 RMSE(val)=22824.617486
[GA][Iter4] Gen:11 Ind:11 RMSE(val)=22824.617486
[GA][Iter4] Gen:11 Ind:12 RMSE(val)=22824.617486
[GA][Iter4] Gen:11 Ind:13 RMSE(val)=22458.769545
[GA][Iter4] Gen:11 Ind:14 RMSE(val)=23025.101598
[GA][Iter4] Gen:11 Ind:15 RMSE(val)=22824.617486
[GA][Iter4] Gen:11 Ind:16 RMSE(val)=22458.769545
[GA][Iter4] Gen:11 Ind:17 RMSE(val)=22824.617486
[GA][Iter4] Gen:11 Ind:18 RMSE(val)=23872.133435
[GA][Iter4] Gen:11 Ind:19 RMSE(val)=22824.617486
[GA][Iter4] Gen:11 Ind:20 RMSE(val)=25344.772318
[GA][Iter4] gen=11 best_val_rmse=22267.615358
[GA][Iter4] Gen:12 Ind:1 RMSE(val)=22267.615358
[GA][Iter4] Gen:12 Ind:2 RMSE(val)=22458.769545
[GA][Iter4] Gen:12 Ind:3 RMSE(val)=22458.769545
[GA][Iter4] Gen:12 Ind:4 RMSE(val)=22458.769545
[GA][Iter4] Gen:12 Ind:5 RMSE(val)=22476.937363
[GA][Iter4] Gen:12 Ind:6 RMSE(val)=22824.617486
[GA][Iter4] Gen:12 Ind:7 RMSE(val)=22824.617486
[GA][Iter4] Gen:12 Ind:8 RMSE(val)=22824.617486
[GA][Iter4] Gen:12 Ind:9 RMSE(val)=22824.617486
[GA][Iter4] Gen:12 Ind:10 RMSE(val)=22824.617486
[GA][Iter4] Gen:12 Ind:11 RMSE(val)=23025.101598
[GA][Iter4] Gen:12 Ind:12 RMSE(val)=21720.987392
[GA][Iter4] Gen:12 Ind:13 RMSE(val)=25221.928288
[GA][Iter4] Gen:12 Ind:14 RMSE(val)=30010.067674
[GA][Iter4] Gen:12 Ind:15 RMSE(val)=22267.615358
[GA][Iter4] Gen:12 Ind:16 RMSE(val)=22476.937363
[GA][Iter4] Gen:12 Ind:17 RMSE(val)=22267.615358
[GA][Iter4] Gen:12 Ind:18 RMSE(val)=22267.615358
[GA][Iter4] Gen:12 Ind:19 RMSE(val)=22997.266740
[GA][Iter4] Gen:12 Ind:20 RMSE(val)=22824.617486
[GA][Iter4] gen=12 best_val_rmse=21720.987392
[GA][Iter4] Gen:13 Ind:1 RMSE(val)=21720.987392
[GA][Iter4] Gen:13 Ind:2 RMSE(val)=22267.615358
[GA][Iter4] Gen:13 Ind:3 RMSE(val)=22267.615358
[GA][Iter4] Gen:13 Ind:4 RMSE(val)=22267.615358
[GA][Iter4] Gen:13 Ind:5 RMSE(val)=22267.615358
[GA][Iter4] Gen:13 Ind:6 RMSE(val)=22458.769545
[GA][Iter4] Gen:13 Ind:7 RMSE(val)=22458.769545
[GA][Iter4] Gen:13 Ind:8 RMSE(val)=22458.769545
[GA][Iter4] Gen:13 Ind:9 RMSE(val)=22476.937363
[GA][Iter4] Gen:13 Ind:10 RMSE(val)=22476.937363
[GA][Iter4] Gen:13 Ind:11 RMSE(val)=21220.324125
[GA][Iter4] Gen:13 Ind:12 RMSE(val)=22267.615358
[GA][Iter4] Gen:13 Ind:13 RMSE(val)=27618.918144
[GA][Iter4] Gen:13 Ind:14 RMSE(val)=22267.615358
[GA][Iter4] Gen:13 Ind:15 RMSE(val)=22267.615358
[GA][Iter4] Gen:13 Ind:16 RMSE(val)=22267.615358
[GA][Iter4] Gen:13 Ind:17 RMSE(val)=22267.615358
[GA][Iter4] Gen:13 Ind:18 RMSE(val)=22947.691001
[GA][Iter4] Gen:13 Ind:19 RMSE(val)=22267.615358
[GA][Iter4] Gen:13 Ind:20 RMSE(val)=22267.615358
[GA][Iter4] gen=13 best_val_rmse=21220.324125
[GA][Iter4] Gen:14 Ind:1 RMSE(val)=21220.324125
[GA][Iter4] Gen:14 Ind:2 RMSE(val)=21720.987392
[GA][Iter4] Gen:14 Ind:3 RMSE(val)=22267.615358
[GA][Iter4] Gen:14 Ind:4 RMSE(val)=22267.615358
[GA][Iter4] Gen:14 Ind:5 RMSE(val)=22267.615358
[GA][Iter4] Gen:14 Ind:6 RMSE(val)=22267.615358
[GA][Iter4] Gen:14 Ind:7 RMSE(val)=22267.615358
[GA][Iter4] Gen:14 Ind:8 RMSE(val)=22267.615358
[GA][Iter4] Gen:14 Ind:9 RMSE(val)=22267.615358
[GA][Iter4] Gen:14 Ind:10 RMSE(val)=22267.615358
[GA][Iter4] Gen:14 Ind:11 RMSE(val)=22267.615358
[GA][Iter4] Gen:14 Ind:12 RMSE(val)=22267.615358
[GA][Iter4] Gen:14 Ind:13 RMSE(val)=22267.615358
[GA][Iter4] Gen:14 Ind:14 RMSE(val)=22267.615358
[GA][Iter4] Gen:14 Ind:15 RMSE(val)=22267.615358
[GA][Iter4] Gen:14 Ind:16 RMSE(val)=25304.501512
[GA][Iter4] Gen:14 Ind:17 RMSE(val)=22254.731737
[GA][Iter4] Gen:14 Ind:18 RMSE(val)=22267.615358
[GA][Iter4] Gen:14 Ind:19 RMSE(val)=22267.615358
[GA][Iter4] Gen:14 Ind:20 RMSE(val)=21720.987392
[GA][Iter4] gen=14 best_val_rmse=21220.324125
[GA][Iter4] Gen:15 Ind:1 RMSE(val)=21220.324125
[GA][Iter4] Gen:15 Ind:2 RMSE(val)=21720.987392
[GA][Iter4] Gen:15 Ind:3 RMSE(val)=21720.987392
[GA][Iter4] Gen:15 Ind:4 RMSE(val)=22254.731737
[GA][Iter4] Gen:15 Ind:5 RMSE(val)=22267.615358
[GA][Iter4] Gen:15 Ind:6 RMSE(val)=22267.615358
[GA][Iter4] Gen:15 Ind:7 RMSE(val)=22267.615358
[GA][Iter4] Gen:15 Ind:8 RMSE(val)=22267.615358
[GA][Iter4] Gen:15 Ind:9 RMSE(val)=22267.615358
[GA][Iter4] Gen:15 Ind:10 RMSE(val)=22267.615358
[GA][Iter4] Gen:15 Ind:11 RMSE(val)=20418.870210
[GA][Iter4] Gen:15 Ind:12 RMSE(val)=21720.987392
[GA][Iter4] Gen:15 Ind:13 RMSE(val)=22267.615358
[GA][Iter4] Gen:15 Ind:14 RMSE(val)=20382.152549
[GA][Iter4] Gen:15 Ind:15 RMSE(val)=22476.937363
[GA][Iter4] Gen:15 Ind:16 RMSE(val)=22267.615358
[GA][Iter4] Gen:15 Ind:17 RMSE(val)=22267.615358
[GA][Iter4] Gen:15 Ind:18 RMSE(val)=21720.987392
[GA][Iter4] Gen:15 Ind:19 RMSE(val)=22267.615358
[GA][Iter4] Gen:15 Ind:20 RMSE(val)=21220.324125
[GA][Iter4] gen=15 best_val_rmse=20382.152549
[GA][Iter4] Gen:15 Ind:1 RMSE(val)=20382.152549
[GA][Iter4] Gen:15 Ind:2 RMSE(val)=20418.870210
[GA][Iter4] Gen:15 Ind:3 RMSE(val)=21220.324125
[GA][Iter4] Gen:15 Ind:4 RMSE(val)=21220.324125
[GA][Iter4] Gen:15 Ind:5 RMSE(val)=21720.987392
[GA][Iter4] Gen:15 Ind:6 RMSE(val)=21720.987392
[GA][Iter4] Gen:15 Ind:7 RMSE(val)=21720.987392
[GA][Iter4] Gen:15 Ind:8 RMSE(val)=21720.987392
[GA][Iter4] Gen:15 Ind:9 RMSE(val)=22254.731737
[GA][Iter4] Gen:15 Ind:10 RMSE(val)=22267.615358
[GA][Iter4] Gen:15 Ind:11 RMSE(val)=21720.987392
[GA][Iter4] Gen:15 Ind:12 RMSE(val)=21708.752520
[GA][Iter4] Gen:15 Ind:13 RMSE(val)=24372.241814
[GA][Iter4] Gen:15 Ind:14 RMSE(val)=21720.987392
[GA][Iter4] Gen:15 Ind:15 RMSE(val)=25148.194295
[GA][Iter4] Gen:15 Ind:16 RMSE(val)=20382.152549
[GA][Iter4] Gen:15 Ind:17 RMSE(val)=21720.987392
[GA][Iter4] Gen:15 Ind:18 RMSE(val)=20007.483328
[GA][Iter4] Gen:15 Ind:19 RMSE(val)=21720.987392
[GA][Iter4] Gen:15 Ind:20 RMSE(val)=26385.336067

[GA DONE][Iter4] Best params on val fold of Iter4
Best val RMSE: 20007.483328
Best params: {'n_estimators': 843, 'learning_rate': 0.0034458176456462837, 'max_depth': 2, 'min_samples_split': 8, 'min_samples_leaf': 15, 'subsample': 0.8357062735503635, 'max_features': None}
--------------------------------------------------------------------------------
[RETUNE GA] Iter4: train folds 1..8 -> test fold 9  RMSE=94351.226663  NRMSE=0.853489  CVRMSE=4.169183  R2=0.264994
[GA][Iter5] Gen:1 Ind:1 RMSE(val)=92442.955582
[GA][Iter5] Gen:1 Ind:2 RMSE(val)=99741.281255
[GA][Iter5] Gen:1 Ind:3 RMSE(val)=103204.984733
[GA][Iter5] Gen:1 Ind:4 RMSE(val)=88570.507684
[GA][Iter5] Gen:1 Ind:5 RMSE(val)=97810.913332
[GA][Iter5] Gen:1 Ind:6 RMSE(val)=94382.672353
[GA][Iter5] Gen:1 Ind:7 RMSE(val)=100676.551569
[GA][Iter5] Gen:1 Ind:8 RMSE(val)=92857.192897
[GA][Iter5] Gen:1 Ind:9 RMSE(val)=99086.791625
[GA][Iter5] Gen:1 Ind:10 RMSE(val)=101134.361755
[GA][Iter5] Gen:1 Ind:11 RMSE(val)=92856.310732
[GA][Iter5] Gen:1 Ind:12 RMSE(val)=99933.847388
[GA][Iter5] Gen:1 Ind:13 RMSE(val)=100106.695440
[GA][Iter5] Gen:1 Ind:14 RMSE(val)=99762.353836
[GA][Iter5] Gen:1 Ind:15 RMSE(val)=99556.686660
[GA][Iter5] Gen:1 Ind:16 RMSE(val)=94605.853663
[GA][Iter5] Gen:1 Ind:17 RMSE(val)=94458.454111
[GA][Iter5] Gen:1 Ind:18 RMSE(val)=102923.440925
[GA][Iter5] Gen:1 Ind:19 RMSE(val)=106089.448175
[GA][Iter5] Gen:1 Ind:20 RMSE(val)=101009.422375
[GA][Iter5] gen=1 best_val_rmse=88570.507684
[GA][Iter5] Gen:2 Ind:1 RMSE(val)=88570.507684
[GA][Iter5] Gen:2 Ind:2 RMSE(val)=92442.955582
[GA][Iter5] Gen:2 Ind:3 RMSE(val)=92856.310732
[GA][Iter5] Gen:2 Ind:4 RMSE(val)=92857.192897
[GA][Iter5] Gen:2 Ind:5 RMSE(val)=94382.672353
[GA][Iter5] Gen:2 Ind:6 RMSE(val)=94458.454111
[GA][Iter5] Gen:2 Ind:7 RMSE(val)=94605.853663
[GA][Iter5] Gen:2 Ind:8 RMSE(val)=97810.913332
[GA][Iter5] Gen:2 Ind:9 RMSE(val)=99086.791625
[GA][Iter5] Gen:2 Ind:10 RMSE(val)=99556.686660
[GA][Iter5] Gen:2 Ind:11 RMSE(val)=91201.975085
[GA][Iter5] Gen:2 Ind:12 RMSE(val)=96356.014214
[GA][Iter5] Gen:2 Ind:13 RMSE(val)=90338.577970
[GA][Iter5] Gen:2 Ind:14 RMSE(val)=105371.800686
[GA][Iter5] Gen:2 Ind:15 RMSE(val)=102068.519331
[GA][Iter5] Gen:2 Ind:16 RMSE(val)=88570.507684
[GA][Iter5] Gen:2 Ind:17 RMSE(val)=99556.686660
[GA][Iter5] Gen:2 Ind:18 RMSE(val)=90467.125504
[GA][Iter5] Gen:2 Ind:19 RMSE(val)=91532.822666
[GA][Iter5] Gen:2 Ind:20 RMSE(val)=88097.750360
[GA][Iter5] gen=2 best_val_rmse=88097.750360
[GA][Iter5] Gen:3 Ind:1 RMSE(val)=88097.750360
[GA][Iter5] Gen:3 Ind:2 RMSE(val)=88570.507684
[GA][Iter5] Gen:3 Ind:3 RMSE(val)=88570.507684
[GA][Iter5] Gen:3 Ind:4 RMSE(val)=90338.577970
[GA][Iter5] Gen:3 Ind:5 RMSE(val)=90467.125504
[GA][Iter5] Gen:3 Ind:6 RMSE(val)=91201.975085
[GA][Iter5] Gen:3 Ind:7 RMSE(val)=91532.822666
[GA][Iter5] Gen:3 Ind:8 RMSE(val)=92442.955582
[GA][Iter5] Gen:3 Ind:9 RMSE(val)=92856.310732
[GA][Iter5] Gen:3 Ind:10 RMSE(val)=92857.192897
[GA][Iter5] Gen:3 Ind:11 RMSE(val)=90706.096690
[GA][Iter5] Gen:3 Ind:12 RMSE(val)=91374.427560
[GA][Iter5] Gen:3 Ind:13 RMSE(val)=88570.507684
[GA][Iter5] Gen:3 Ind:14 RMSE(val)=86407.593789
[GA][Iter5] Gen:3 Ind:15 RMSE(val)=91019.724285
[GA][Iter5] Gen:3 Ind:16 RMSE(val)=89001.128339
[GA][Iter5] Gen:3 Ind:17 RMSE(val)=97969.699951
[GA][Iter5] Gen:3 Ind:18 RMSE(val)=98205.716101
[GA][Iter5] Gen:3 Ind:19 RMSE(val)=88753.293278
[GA][Iter5] Gen:3 Ind:20 RMSE(val)=92204.171368
[GA][Iter5] gen=3 best_val_rmse=86407.593789
[GA][Iter5] Gen:4 Ind:1 RMSE(val)=86407.593789
[GA][Iter5] Gen:4 Ind:2 RMSE(val)=88097.750360
[GA][Iter5] Gen:4 Ind:3 RMSE(val)=88570.507684
[GA][Iter5] Gen:4 Ind:4 RMSE(val)=88570.507684
[GA][Iter5] Gen:4 Ind:5 RMSE(val)=88570.507684
[GA][Iter5] Gen:4 Ind:6 RMSE(val)=88753.293278
[GA][Iter5] Gen:4 Ind:7 RMSE(val)=89001.128339
[GA][Iter5] Gen:4 Ind:8 RMSE(val)=90338.577970
[GA][Iter5] Gen:4 Ind:9 RMSE(val)=90467.125504
[GA][Iter5] Gen:4 Ind:10 RMSE(val)=90706.096690
[GA][Iter5] Gen:4 Ind:11 RMSE(val)=98388.132795
[GA][Iter5] Gen:4 Ind:12 RMSE(val)=85904.586568
[GA][Iter5] Gen:4 Ind:13 RMSE(val)=97400.461070
[GA][Iter5] Gen:4 Ind:14 RMSE(val)=90712.456269
[GA][Iter5] Gen:4 Ind:15 RMSE(val)=88743.644538
[GA][Iter5] Gen:4 Ind:16 RMSE(val)=86799.121142
[GA][Iter5] Gen:4 Ind:17 RMSE(val)=88826.823780
[GA][Iter5] Gen:4 Ind:18 RMSE(val)=91602.532272
[GA][Iter5] Gen:4 Ind:19 RMSE(val)=89270.186667
[GA][Iter5] Gen:4 Ind:20 RMSE(val)=91189.109843
[GA][Iter5] gen=4 best_val_rmse=85904.586568
[GA][Iter5] Gen:5 Ind:1 RMSE(val)=85904.586568
[GA][Iter5] Gen:5 Ind:2 RMSE(val)=86407.593789
[GA][Iter5] Gen:5 Ind:3 RMSE(val)=86799.121142
[GA][Iter5] Gen:5 Ind:4 RMSE(val)=88097.750360
[GA][Iter5] Gen:5 Ind:5 RMSE(val)=88570.507684
[GA][Iter5] Gen:5 Ind:6 RMSE(val)=88570.507684
[GA][Iter5] Gen:5 Ind:7 RMSE(val)=88570.507684
[GA][Iter5] Gen:5 Ind:8 RMSE(val)=88743.644538
[GA][Iter5] Gen:5 Ind:9 RMSE(val)=88753.293278
[GA][Iter5] Gen:5 Ind:10 RMSE(val)=88826.823780
[GA][Iter5] Gen:5 Ind:11 RMSE(val)=86407.593789
[GA][Iter5] Gen:5 Ind:12 RMSE(val)=90335.437200
[GA][Iter5] Gen:5 Ind:13 RMSE(val)=88826.823780
[GA][Iter5] Gen:5 Ind:14 RMSE(val)=89100.992739
[GA][Iter5] Gen:5 Ind:15 RMSE(val)=88769.910676
[GA][Iter5] Gen:5 Ind:16 RMSE(val)=90377.846441
[GA][Iter5] Gen:5 Ind:17 RMSE(val)=90306.219815
[GA][Iter5] Gen:5 Ind:18 RMSE(val)=90970.015191
[GA][Iter5] Gen:5 Ind:19 RMSE(val)=97513.555373
[GA][Iter5] Gen:5 Ind:20 RMSE(val)=95759.355352
[GA][Iter5] gen=5 best_val_rmse=85904.586568
[GA][Iter5] Gen:6 Ind:1 RMSE(val)=85904.586568
[GA][Iter5] Gen:6 Ind:2 RMSE(val)=86407.593789
[GA][Iter5] Gen:6 Ind:3 RMSE(val)=86407.593789
[GA][Iter5] Gen:6 Ind:4 RMSE(val)=86799.121142
[GA][Iter5] Gen:6 Ind:5 RMSE(val)=88097.750360
[GA][Iter5] Gen:6 Ind:6 RMSE(val)=88570.507684
[GA][Iter5] Gen:6 Ind:7 RMSE(val)=88570.507684
[GA][Iter5] Gen:6 Ind:8 RMSE(val)=88570.507684
[GA][Iter5] Gen:6 Ind:9 RMSE(val)=88743.644538
[GA][Iter5] Gen:6 Ind:10 RMSE(val)=88753.293278
[GA][Iter5] Gen:6 Ind:11 RMSE(val)=88922.472602
[GA][Iter5] Gen:6 Ind:12 RMSE(val)=97503.802501
[GA][Iter5] Gen:6 Ind:13 RMSE(val)=87453.564976
[GA][Iter5] Gen:6 Ind:14 RMSE(val)=86407.593789
[GA][Iter5] Gen:6 Ind:15 RMSE(val)=93507.388617
[GA][Iter5] Gen:6 Ind:16 RMSE(val)=88761.668483
[GA][Iter5] Gen:6 Ind:17 RMSE(val)=88769.910676
[GA][Iter5] Gen:6 Ind:18 RMSE(val)=88570.507684
[GA][Iter5] Gen:6 Ind:19 RMSE(val)=86404.576367
[GA][Iter5] Gen:6 Ind:20 RMSE(val)=87464.623494
[GA][Iter5] gen=6 best_val_rmse=85904.586568
[GA][Iter5] Gen:7 Ind:1 RMSE(val)=85904.586568
[GA][Iter5] Gen:7 Ind:2 RMSE(val)=86404.576367
[GA][Iter5] Gen:7 Ind:3 RMSE(val)=86407.593789
[GA][Iter5] Gen:7 Ind:4 RMSE(val)=86407.593789
[GA][Iter5] Gen:7 Ind:5 RMSE(val)=86407.593789
[GA][Iter5] Gen:7 Ind:6 RMSE(val)=86799.121142
[GA][Iter5] Gen:7 Ind:7 RMSE(val)=87453.564976
[GA][Iter5] Gen:7 Ind:8 RMSE(val)=87464.623494
[GA][Iter5] Gen:7 Ind:9 RMSE(val)=88097.750360
[GA][Iter5] Gen:7 Ind:10 RMSE(val)=88570.507684
[GA][Iter5] Gen:7 Ind:11 RMSE(val)=88150.047989
[GA][Iter5] Gen:7 Ind:12 RMSE(val)=85854.899748
[GA][Iter5] Gen:7 Ind:13 RMSE(val)=85904.586568
[GA][Iter5] Gen:7 Ind:14 RMSE(val)=85904.586568
[GA][Iter5] Gen:7 Ind:15 RMSE(val)=99837.090816
[GA][Iter5] Gen:7 Ind:16 RMSE(val)=86195.579390
[GA][Iter5] Gen:7 Ind:17 RMSE(val)=84633.167426
[GA][Iter5] Gen:7 Ind:18 RMSE(val)=85904.586568
[GA][Iter5] Gen:7 Ind:19 RMSE(val)=86407.593789
[GA][Iter5] Gen:7 Ind:20 RMSE(val)=98327.897242
[GA][Iter5] gen=7 best_val_rmse=84633.167426
[GA][Iter5] Gen:8 Ind:1 RMSE(val)=84633.167426
[GA][Iter5] Gen:8 Ind:2 RMSE(val)=85854.899748
[GA][Iter5] Gen:8 Ind:3 RMSE(val)=85904.586568
[GA][Iter5] Gen:8 Ind:4 RMSE(val)=85904.586568
[GA][Iter5] Gen:8 Ind:5 RMSE(val)=85904.586568
[GA][Iter5] Gen:8 Ind:6 RMSE(val)=85904.586568
[GA][Iter5] Gen:8 Ind:7 RMSE(val)=86195.579390
[GA][Iter5] Gen:8 Ind:8 RMSE(val)=86404.576367
[GA][Iter5] Gen:8 Ind:9 RMSE(val)=86407.593789
[GA][Iter5] Gen:8 Ind:10 RMSE(val)=86407.593789
[GA][Iter5] Gen:8 Ind:11 RMSE(val)=86282.708993
[GA][Iter5] Gen:8 Ind:12 RMSE(val)=86407.593789
[GA][Iter5] Gen:8 Ind:13 RMSE(val)=85854.899748
[GA][Iter5] Gen:8 Ind:14 RMSE(val)=84633.167426
[GA][Iter5] Gen:8 Ind:15 RMSE(val)=86407.593789
[GA][Iter5] Gen:8 Ind:16 RMSE(val)=86404.576367
[GA][Iter5] Gen:8 Ind:17 RMSE(val)=86404.576367
[GA][Iter5] Gen:8 Ind:18 RMSE(val)=86404.576367
[GA][Iter5] Gen:8 Ind:19 RMSE(val)=87727.868212
[GA][Iter5] Gen:8 Ind:20 RMSE(val)=85904.586568
[GA][Iter5] gen=8 best_val_rmse=84633.167426
[GA][Iter5] Gen:9 Ind:1 RMSE(val)=84633.167426
[GA][Iter5] Gen:9 Ind:2 RMSE(val)=84633.167426
[GA][Iter5] Gen:9 Ind:3 RMSE(val)=85854.899748
[GA][Iter5] Gen:9 Ind:4 RMSE(val)=85854.899748
[GA][Iter5] Gen:9 Ind:5 RMSE(val)=85904.586568
[GA][Iter5] Gen:9 Ind:6 RMSE(val)=85904.586568
[GA][Iter5] Gen:9 Ind:7 RMSE(val)=85904.586568
[GA][Iter5] Gen:9 Ind:8 RMSE(val)=85904.586568
[GA][Iter5] Gen:9 Ind:9 RMSE(val)=85904.586568
[GA][Iter5] Gen:9 Ind:10 RMSE(val)=86195.579390
[GA][Iter5] Gen:9 Ind:11 RMSE(val)=85625.154360
[GA][Iter5] Gen:9 Ind:12 RMSE(val)=86048.528692
[GA][Iter5] Gen:9 Ind:13 RMSE(val)=84444.981197
[GA][Iter5] Gen:9 Ind:14 RMSE(val)=85904.586568
[GA][Iter5] Gen:9 Ind:15 RMSE(val)=85625.154360
[GA][Iter5] Gen:9 Ind:16 RMSE(val)=87530.038975
[GA][Iter5] Gen:9 Ind:17 RMSE(val)=85979.875945
[GA][Iter5] Gen:9 Ind:18 RMSE(val)=85904.586568
[GA][Iter5] Gen:9 Ind:19 RMSE(val)=86048.528692
[GA][Iter5] Gen:9 Ind:20 RMSE(val)=85904.586568
[GA][Iter5] gen=9 best_val_rmse=84444.981197
[GA][Iter5] Gen:10 Ind:1 RMSE(val)=84444.981197
[GA][Iter5] Gen:10 Ind:2 RMSE(val)=84633.167426
[GA][Iter5] Gen:10 Ind:3 RMSE(val)=84633.167426
[GA][Iter5] Gen:10 Ind:4 RMSE(val)=85625.154360
[GA][Iter5] Gen:10 Ind:5 RMSE(val)=85625.154360
[GA][Iter5] Gen:10 Ind:6 RMSE(val)=85854.899748
[GA][Iter5] Gen:10 Ind:7 RMSE(val)=85854.899748
[GA][Iter5] Gen:10 Ind:8 RMSE(val)=85904.586568
[GA][Iter5] Gen:10 Ind:9 RMSE(val)=85904.586568
[GA][Iter5] Gen:10 Ind:10 RMSE(val)=85904.586568
[GA][Iter5] Gen:10 Ind:11 RMSE(val)=86920.017519
[GA][Iter5] Gen:10 Ind:12 RMSE(val)=85625.154360
[GA][Iter5] Gen:10 Ind:13 RMSE(val)=86048.528692
[GA][Iter5] Gen:10 Ind:14 RMSE(val)=85904.586568
[GA][Iter5] Gen:10 Ind:15 RMSE(val)=85854.899748
[GA][Iter5] Gen:10 Ind:16 RMSE(val)=84444.981197
[GA][Iter5] Gen:10 Ind:17 RMSE(val)=85625.154360
[GA][Iter5] Gen:10 Ind:18 RMSE(val)=85625.154360
[GA][Iter5] Gen:10 Ind:19 RMSE(val)=85625.154360
[GA][Iter5] Gen:10 Ind:20 RMSE(val)=83818.152512
[GA][Iter5] gen=10 best_val_rmse=83818.152512
[GA][Iter5] Gen:11 Ind:1 RMSE(val)=83818.152512
[GA][Iter5] Gen:11 Ind:2 RMSE(val)=84444.981197
[GA][Iter5] Gen:11 Ind:3 RMSE(val)=84444.981197
[GA][Iter5] Gen:11 Ind:4 RMSE(val)=84633.167426
[GA][Iter5] Gen:11 Ind:5 RMSE(val)=84633.167426
[GA][Iter5] Gen:11 Ind:6 RMSE(val)=85625.154360
[GA][Iter5] Gen:11 Ind:7 RMSE(val)=85625.154360
[GA][Iter5] Gen:11 Ind:8 RMSE(val)=85625.154360
[GA][Iter5] Gen:11 Ind:9 RMSE(val)=85625.154360
[GA][Iter5] Gen:11 Ind:10 RMSE(val)=85625.154360
[GA][Iter5] Gen:11 Ind:11 RMSE(val)=85625.154360
[GA][Iter5] Gen:11 Ind:12 RMSE(val)=87449.229216
[GA][Iter5] Gen:11 Ind:13 RMSE(val)=85854.899748
[GA][Iter5] Gen:11 Ind:14 RMSE(val)=87449.229216
[GA][Iter5] Gen:11 Ind:15 RMSE(val)=86407.593789
[GA][Iter5] Gen:11 Ind:16 RMSE(val)=85987.845642
[GA][Iter5] Gen:11 Ind:17 RMSE(val)=87449.229216
[GA][Iter5] Gen:11 Ind:18 RMSE(val)=81771.247711
[GA][Iter5] Gen:11 Ind:19 RMSE(val)=87449.229216
[GA][Iter5] Gen:11 Ind:20 RMSE(val)=84256.303994
[GA][Iter5] gen=11 best_val_rmse=81771.247711
[GA][Iter5] Gen:12 Ind:1 RMSE(val)=81771.247711
[GA][Iter5] Gen:12 Ind:2 RMSE(val)=83818.152512
[GA][Iter5] Gen:12 Ind:3 RMSE(val)=84256.303994
[GA][Iter5] Gen:12 Ind:4 RMSE(val)=84444.981197
[GA][Iter5] Gen:12 Ind:5 RMSE(val)=84444.981197
[GA][Iter5] Gen:12 Ind:6 RMSE(val)=84633.167426
[GA][Iter5] Gen:12 Ind:7 RMSE(val)=84633.167426
[GA][Iter5] Gen:12 Ind:8 RMSE(val)=85625.154360
[GA][Iter5] Gen:12 Ind:9 RMSE(val)=85625.154360
[GA][Iter5] Gen:12 Ind:10 RMSE(val)=85625.154360
[GA][Iter5] Gen:12 Ind:11 RMSE(val)=85904.586568
[GA][Iter5] Gen:12 Ind:12 RMSE(val)=86607.725771
[GA][Iter5] Gen:12 Ind:13 RMSE(val)=88305.831665
[GA][Iter5] Gen:12 Ind:14 RMSE(val)=94760.767849
[GA][Iter5] Gen:12 Ind:15 RMSE(val)=83855.980445
[GA][Iter5] Gen:12 Ind:16 RMSE(val)=85854.899748
[GA][Iter5] Gen:12 Ind:17 RMSE(val)=86560.037201
[GA][Iter5] Gen:12 Ind:18 RMSE(val)=85711.158777
[GA][Iter5] Gen:12 Ind:19 RMSE(val)=84633.167426
[GA][Iter5] Gen:12 Ind:20 RMSE(val)=84633.167426
[GA][Iter5] gen=12 best_val_rmse=81771.247711
[GA][Iter5] Gen:13 Ind:1 RMSE(val)=81771.247711
[GA][Iter5] Gen:13 Ind:2 RMSE(val)=83818.152512
[GA][Iter5] Gen:13 Ind:3 RMSE(val)=83855.980445
[GA][Iter5] Gen:13 Ind:4 RMSE(val)=84256.303994
[GA][Iter5] Gen:13 Ind:5 RMSE(val)=84444.981197
[GA][Iter5] Gen:13 Ind:6 RMSE(val)=84444.981197
[GA][Iter5] Gen:13 Ind:7 RMSE(val)=84633.167426
[GA][Iter5] Gen:13 Ind:8 RMSE(val)=84633.167426
[GA][Iter5] Gen:13 Ind:9 RMSE(val)=84633.167426
[GA][Iter5] Gen:13 Ind:10 RMSE(val)=84633.167426
[GA][Iter5] Gen:13 Ind:11 RMSE(val)=84783.224793
[GA][Iter5] Gen:13 Ind:12 RMSE(val)=83855.980445
[GA][Iter5] Gen:13 Ind:13 RMSE(val)=91648.414870
[GA][Iter5] Gen:13 Ind:14 RMSE(val)=84444.981197
[GA][Iter5] Gen:13 Ind:15 RMSE(val)=84633.167426
[GA][Iter5] Gen:13 Ind:16 RMSE(val)=87449.229216
[GA][Iter5] Gen:13 Ind:17 RMSE(val)=84633.167426
[GA][Iter5] Gen:13 Ind:18 RMSE(val)=84656.815221
[GA][Iter5] Gen:13 Ind:19 RMSE(val)=85987.845642
[GA][Iter5] Gen:13 Ind:20 RMSE(val)=83855.980445
[GA][Iter5] gen=13 best_val_rmse=81771.247711
[GA][Iter5] Gen:14 Ind:1 RMSE(val)=81771.247711
[GA][Iter5] Gen:14 Ind:2 RMSE(val)=83818.152512
[GA][Iter5] Gen:14 Ind:3 RMSE(val)=83855.980445
[GA][Iter5] Gen:14 Ind:4 RMSE(val)=83855.980445
[GA][Iter5] Gen:14 Ind:5 RMSE(val)=83855.980445
[GA][Iter5] Gen:14 Ind:6 RMSE(val)=84256.303994
[GA][Iter5] Gen:14 Ind:7 RMSE(val)=84444.981197
[GA][Iter5] Gen:14 Ind:8 RMSE(val)=84444.981197
[GA][Iter5] Gen:14 Ind:9 RMSE(val)=84444.981197
[GA][Iter5] Gen:14 Ind:10 RMSE(val)=84633.167426
[GA][Iter5] Gen:14 Ind:11 RMSE(val)=85625.154360
[GA][Iter5] Gen:14 Ind:12 RMSE(val)=85854.899748
[GA][Iter5] Gen:14 Ind:13 RMSE(val)=85625.154360
[GA][Iter5] Gen:14 Ind:14 RMSE(val)=84774.666641
[GA][Iter5] Gen:14 Ind:15 RMSE(val)=84633.167426
[GA][Iter5] Gen:14 Ind:16 RMSE(val)=87352.340927
[GA][Iter5] Gen:14 Ind:17 RMSE(val)=84569.825410
[GA][Iter5] Gen:14 Ind:18 RMSE(val)=83855.980445
[GA][Iter5] Gen:14 Ind:19 RMSE(val)=85583.943446
[GA][Iter5] Gen:14 Ind:20 RMSE(val)=83818.152512
[GA][Iter5] gen=14 best_val_rmse=81771.247711
[GA][Iter5] Gen:15 Ind:1 RMSE(val)=81771.247711
[GA][Iter5] Gen:15 Ind:2 RMSE(val)=83818.152512
[GA][Iter5] Gen:15 Ind:3 RMSE(val)=83818.152512
[GA][Iter5] Gen:15 Ind:4 RMSE(val)=83855.980445
[GA][Iter5] Gen:15 Ind:5 RMSE(val)=83855.980445
[GA][Iter5] Gen:15 Ind:6 RMSE(val)=83855.980445
[GA][Iter5] Gen:15 Ind:7 RMSE(val)=83855.980445
[GA][Iter5] Gen:15 Ind:8 RMSE(val)=84256.303994
[GA][Iter5] Gen:15 Ind:9 RMSE(val)=84444.981197
[GA][Iter5] Gen:15 Ind:10 RMSE(val)=84444.981197
[GA][Iter5] Gen:15 Ind:11 RMSE(val)=85623.299931
[GA][Iter5] Gen:15 Ind:12 RMSE(val)=83818.152512
[GA][Iter5] Gen:15 Ind:13 RMSE(val)=83855.980445
[GA][Iter5] Gen:15 Ind:14 RMSE(val)=86593.661002
[GA][Iter5] Gen:15 Ind:15 RMSE(val)=84256.303994
[GA][Iter5] Gen:15 Ind:16 RMSE(val)=83855.980445
[GA][Iter5] Gen:15 Ind:17 RMSE(val)=82364.592757
[GA][Iter5] Gen:15 Ind:18 RMSE(val)=83855.980445
[GA][Iter5] Gen:15 Ind:19 RMSE(val)=83818.152512
[GA][Iter5] Gen:15 Ind:20 RMSE(val)=81859.070395
[GA][Iter5] gen=15 best_val_rmse=81771.247711
[GA][Iter5] Gen:15 Ind:1 RMSE(val)=81771.247711
[GA][Iter5] Gen:15 Ind:2 RMSE(val)=81859.070395
[GA][Iter5] Gen:15 Ind:3 RMSE(val)=82364.592757
[GA][Iter5] Gen:15 Ind:4 RMSE(val)=83818.152512
[GA][Iter5] Gen:15 Ind:5 RMSE(val)=83818.152512
[GA][Iter5] Gen:15 Ind:6 RMSE(val)=83818.152512
[GA][Iter5] Gen:15 Ind:7 RMSE(val)=83818.152512
[GA][Iter5] Gen:15 Ind:8 RMSE(val)=83855.980445
[GA][Iter5] Gen:15 Ind:9 RMSE(val)=83855.980445
[GA][Iter5] Gen:15 Ind:10 RMSE(val)=83855.980445
[GA][Iter5] Gen:15 Ind:11 RMSE(val)=83855.980445
[GA][Iter5] Gen:15 Ind:12 RMSE(val)=84474.260568
[GA][Iter5] Gen:15 Ind:13 RMSE(val)=85165.131393
[GA][Iter5] Gen:15 Ind:14 RMSE(val)=83855.980445
[GA][Iter5] Gen:15 Ind:15 RMSE(val)=97261.898342
[GA][Iter5] Gen:15 Ind:16 RMSE(val)=81859.070395
[GA][Iter5] Gen:15 Ind:17 RMSE(val)=83855.980445
[GA][Iter5] Gen:15 Ind:18 RMSE(val)=84879.044734
[GA][Iter5] Gen:15 Ind:19 RMSE(val)=83818.152512
[GA][Iter5] Gen:15 Ind:20 RMSE(val)=89374.478248

[GA DONE][Iter5] Best params on val fold of Iter5
Best val RMSE: 81771.247711
Best params: {'n_estimators': 1188, 'learning_rate': 0.12651423550012622, 'max_depth': 2, 'min_samples_split': 9, 'min_samples_leaf': 9, 'subsample': 0.5774342966906489, 'max_features': None}
--------------------------------------------------------------------------------
[RETUNE GA] Iter5: train folds 1..9 -> test fold 10  RMSE=83754.444561  NRMSE=0.728620  CVRMSE=6.693447  R2=0.464330
