PROJECT: bmad
CSV: C:\Users\g3 15\Desktop\v9\GHAminer-main\src\project_combine\bmad simbmad ecosystem_wf69576399_fixed.csv
[FEATURES] initial=174 kept=72
Kept features:
['branch', 'issuer_name', 'gh_files_added', 'gh_files_deleted', 'gh_tests_deleted', 'gh_src_churn', 'gh_is_pr', 'gh_description_complexity', 'gh_src_files', 'gh_doc_files', 'gh_other_files', 'gh_commits_on_files_touched', 'gh_num_pr_comments', 'gh_test_lines_per_kloc', 'hour', 'dow', 'month', 'secs_since_prev', 'duration_lag_1', 'window_avg_7', 'window_std_7', 'ft___LIST_', 'ft___TXT_', 'ft___beam__', 'ft___bmad_', 'ft___bmad__', 'ft___bmad_optics_matching_', 'ft___correct_', 'ft___cpp__', 'ft___f90_', 'ft___f90__', 'ft___grid_field__', 'ft___h_', 'ft___html_', 'ft___in_', 'ft___init_', 'ft___init__', 'ft___jpg_', 'ft___json__', 'ft___lat_', 'ft___md_', 'ft___namelist_', 'ft___namelist__', 'ft___npz_', 'ft___pdf__', 'ft___pl_', 'ft___py_', 'ft___py__', 'ft___startup_', 'ft___tex_', 'ft___tex__', 'ft___tex____dup1', 'ft___txt_', 'ft___wake__', 'ft___yml__', 'ft____bmad_', 'ft____bmad__', 'ft____bmad____dup1', 'ft____cmake__', 'ft____correct__', 'ft____cpp__', 'ft____f90_', 'ft____init_', 'ft____md__', 'ft____namelist_', 'ft____py_', 'ft____py__', 'ft____tao_', 'ft____tex__', 'ft____tex____dup1', 'ft____yml__', 'ft___']
----------------------------------------------------------------------------------------------------

ITERATION 1 (Test Fold 7)
--------------------------------------------------------------------------------
RF | OLD(train 1-5) -> test fold 7 | RMSE=63.832903 NRMSE=1.028304 R2=-0.069850 CVRMSE=0.061669
RF | RECENT(train 2-6) -> test fold 7 | RMSE=58.075363 NRMSE=0.935554 R2=0.114441 CVRMSE=0.056107
LGBM | OLD(train 1-5) -> test fold 7 | RMSE=61.574330 NRMSE=0.991920 R2=0.004519 CVRMSE=0.059487
LGBM | RECENT(train 2-6) -> test fold 7 | RMSE=60.270220 NRMSE=0.970912 R2=0.046240 CVRMSE=0.058228
XGB | OLD(train 1-5) -> test fold 7 | RMSE=68.418432 NRMSE=1.102174 R2=-0.229079 CVRMSE=0.066100
XGB | RECENT(train 2-6) -> test fold 7 | RMSE=64.253336 NRMSE=1.035077 R2=-0.083989 CVRMSE=0.062076
GBR | OLD(train 1-5) -> test fold 7 | RMSE=61.593354 NRMSE=0.992227 R2=0.003904 CVRMSE=0.059506
GBR | RECENT(train 2-6) -> test fold 7 | RMSE=61.982500 NRMSE=0.998495 R2=-0.008723 CVRMSE=0.059882

ITERATION 2 (Test Fold 8)
--------------------------------------------------------------------------------
RF | OLD(train 1-5) -> test fold 8 | RMSE=49.403402 NRMSE=1.066122 R2=-0.149988 CVRMSE=0.043470
RF | RECENT(train 3-7) -> test fold 8 | RMSE=61.528287 NRMSE=1.327776 R2=-0.783731 CVRMSE=0.054138
LGBM | OLD(train 1-5) -> test fold 8 | RMSE=58.498938 NRMSE=1.262403 R2=-0.612411 CVRMSE=0.051473
LGBM | RECENT(train 3-7) -> test fold 8 | RMSE=62.703573 NRMSE=1.353139 R2=-0.852526 CVRMSE=0.055173
XGB | OLD(train 1-5) -> test fold 8 | RMSE=55.845511 NRMSE=1.205142 R2=-0.469455 CVRMSE=0.049138
XGB | RECENT(train 3-7) -> test fold 8 | RMSE=65.807199 NRMSE=1.420115 R2=-1.040452 CVRMSE=0.057903
GBR | OLD(train 1-5) -> test fold 8 | RMSE=53.268696 NRMSE=1.149535 R2=-0.336977 CVRMSE=0.046871
GBR | RECENT(train 3-7) -> test fold 8 | RMSE=68.055653 NRMSE=1.468636 R2=-1.182268 CVRMSE=0.059882

ITERATION 3 (Test Fold 9)
--------------------------------------------------------------------------------
RF | OLD(train 1-5) -> test fold 9 | RMSE=95.675850 NRMSE=1.037136 R2=-0.088307 CVRMSE=0.082555
RF | RECENT(train 4-8) -> test fold 9 | RMSE=101.923107 NRMSE=1.104857 R2=-0.235071 CVRMSE=0.087946
LGBM | OLD(train 1-5) -> test fold 9 | RMSE=103.209854 NRMSE=1.118806 R2=-0.266453 CVRMSE=0.089056
LGBM | RECENT(train 4-8) -> test fold 9 | RMSE=100.911796 NRMSE=1.093895 R2=-0.210683 CVRMSE=0.087073
XGB | OLD(train 1-5) -> test fold 9 | RMSE=101.833302 NRMSE=1.103884 R2=-0.232896 CVRMSE=0.087868
XGB | RECENT(train 4-8) -> test fold 9 | RMSE=113.763533 NRMSE=1.233209 R2=-0.538696 CVRMSE=0.098163
GBR | OLD(train 1-5) -> test fold 9 | RMSE=103.753012 NRMSE=1.124694 R2=-0.279817 CVRMSE=0.089525
GBR | RECENT(train 4-8) -> test fold 9 | RMSE=101.952723 NRMSE=1.105178 R2=-0.235789 CVRMSE=0.087971

ITERATION 4 (Test Fold 10)
--------------------------------------------------------------------------------
RF | OLD(train 1-5) -> test fold 10 | RMSE=45.535789 NRMSE=1.254098 R2=-0.591265 CVRMSE=0.039573
RF | RECENT(train 5-9) -> test fold 10 | RMSE=37.937613 NRMSE=1.044837 R2=-0.104528 CVRMSE=0.032970
LGBM | OLD(train 1-5) -> test fold 10 | RMSE=53.741590 NRMSE=1.480093 R2=-1.216449 CVRMSE=0.046704
LGBM | RECENT(train 5-9) -> test fold 10 | RMSE=39.212987 NRMSE=1.079962 R2=-0.180039 CVRMSE=0.034078
XGB | OLD(train 1-5) -> test fold 10 | RMSE=56.190947 NRMSE=1.547551 R2=-1.423089 CVRMSE=0.048833
XGB | RECENT(train 5-9) -> test fold 10 | RMSE=39.701555 NRMSE=1.093418 R2=-0.209628 CVRMSE=0.034503
GBR | OLD(train 1-5) -> test fold 10 | RMSE=55.658905 NRMSE=1.532898 R2=-1.377420 CVRMSE=0.048371
GBR | RECENT(train 5-9) -> test fold 10 | RMSE=34.704500 NRMSE=0.955794 R2=0.075710 CVRMSE=0.030160

====================================================================================================
Mann–Whitney U tests (OLD vs RECENT) using the 4 runs per group
====================================================================================================
RF   | RMSE   | old=[63.832902839238955, 49.40340178711922, 95.67585020070585, 45.535788838190555] recent=[58.075362956749046, 61.52828715125622, 101.9231067669312, 37.937613399700254] | p=1 | d=+0.000(negligible)
RF   | NRMSE  | old=[1.0283041770909094, 1.06612204372407, 1.037136394772412, 1.254097870275204] recent=[0.9355541681207319, 1.3277762435711766, 1.104857320572614, 1.0448370695180582] | p=0.886 | d=-0.125(negligible)
RF   | R2     | old=[-0.06984959215934872, -0.14998816755102773, -0.08830662961282809, -0.5912645443256115] recent=[0.11444120320030104, -0.7837308089095376, -0.23507098939728222, -0.10452784891954359] | p=0.886 | d=+0.125(negligible)
RF   | CVRMSE | old=[0.061669452398694063, 0.04346977719940099, 0.08255531481780214, 0.03957313041981838] recent=[0.05610704937574191, 0.054138396085575205, 0.08794585204836139, 0.03296989381731868] | p=1 | d=+0.000(negligible)
LGBM | RMSE   | old=[61.57432997685971, 58.49893758613423, 103.20985358014036, 53.74159039127019] recent=[60.270220278813554, 62.7035734281207, 100.91179608002791, 39.21298661958015] | p=1 | d=+0.000(negligible)
LGBM | NRMSE  | old=[0.9919201211362884, 1.2624030864060252, 1.1188057929199942, 1.4800932579511772] recent=[0.9709118105278403, 1.3531388413301493, 1.0938946051370113, 1.0799620312166676] | p=0.486 | d=+0.375(medium)
LGBM | R2     | old=[0.0045191141471471186, -0.6124105120094279, -0.2664525952392345, -1.21644871167056] recent=[0.04624002389728721, -0.8525257206682553, -0.21068311782018534, -0.18003937697397943] | p=0.486 | d=-0.375(medium)
LGBM | CVRMSE | old=[0.05948742799701107, 0.05147288832919862, 0.08905614046526539, 0.046704427874949335] recent=[0.05822751770985278, 0.05517252391387655, 0.0870732277449372, 0.03407826400375809] | p=0.886 | d=+0.125(negligible)
XGB  | RMSE   | old=[68.41843212679733, 55.84551077650756, 101.83330227592958, 56.19094730120885] recent=[64.25333630461974, 65.80719856748378, 113.76353287134208, 39.701554944701655] | p=1 | d=+0.000(negligible)
XGB  | NRMSE  | old=[1.102173901180449, 1.2051423166853257, 1.1038838303361915, 1.5475508196333345] recent=[1.0350770711535322, 1.4201148603255431, 1.2332087992031875, 1.0934176561580966] | p=0.686 | d=+0.250(small)
XGB  | R2     | old=[-0.2290789238367812, -0.4694546858593873, -0.2328955051233217, -1.423088992751897] recent=[-0.08398906726574773, -1.0404524072999948, -0.5386957535196046, -0.20962760810177494] | p=0.686 | d=-0.250(small)
XGB  | CVRMSE | old=[0.06609956708162003, 0.049138152904978055, 0.08786836292220115, 0.04883305511332041] recent=[0.06207563636381025, 0.05790338633302576, 0.09816253789516614, 0.03450285702261911] | p=1 | d=+0.000(negligible)
GBR  | RMSE   | old=[61.59335376178055, 53.268695955480666, 103.7530118393788, 55.65890468530624] recent=[61.98249982248372, 68.05565331931052, 101.95272318572559, 34.70449952959707] | p=0.886 | d=-0.125(negligible)
GBR  | NRMSE  | old=[0.9922265812317574, 1.1495348284575022, 1.1246936862347197, 1.53289787239067] recent=[0.9984954567163541, 1.4686363606377668, 1.1051783657031253, 0.9557941140251467] | p=0.486 | d=+0.375(medium)
GBR  | R2     | old=[0.0039038986912226514, -0.33697656091725214, -0.2798174865369034, -1.377420309381959] recent=[-0.008722508578296928, -1.182267968726019, -0.23578885790079807, 0.07571005408423648] | p=0.486 | d=-0.375(medium)
GBR  | CVRMSE | old=[0.05950580702015488, 0.04687082794147001, 0.08952481255956352, 0.04837068052038578] recent=[0.059881763985908304, 0.0598817891063005, 0.08797140701100052, 0.03016013823587126] | p=0.886 | d=-0.125(negligible)
