PROJECT: orange
CSV: C:\Users\g3 15\Desktop\v9\GHAminer-main\src\project_combine\Orange_OpenSourceouds_android_wf108176393_fixed.csv
[FEATURES] initial=121 kept=63
Kept features:
['branch', 'workflow_event_trigger', 'issuer_name', 'gh_files_added', 'gh_files_deleted', 'gh_lines_added', 'gh_test_churn', 'gh_doc_files', 'gh_other_files', 'gh_num_pr_comments', 'gh_test_lines_per_kloc', 'workflow_size', 'hour', 'dow', 'month', 'secs_since_prev', 'duration_lag_1', 'window_avg_7', 'window_std_7', 'ft___css_', 'ft___html_', 'ft___js_', 'ft___kt_', 'ft___kt__', 'ft___kts_', 'ft___kts__', 'ft___kt____dup1', 'ft___md___', 'ft___mustache_', 'ft___png__', 'ft___png____dup1', 'ft___png___', 'ft___properties_', 'ft___properties__', 'ft___toml_', 'ft___toml__', 'ft___txt_', 'ft___txt__', 'ft___webp_', 'ft___xml_', 'ft___xml__', 'ft___yml__', 'ft___yml____dup1', 'ft____json_', 'ft____json__', 'ft____kt_', 'ft____kt__', 'ft____kts_', 'ft____kts__', 'ft____kt____dup1', 'ft____md_', 'ft____md__', 'ft____png__', 'ft____properties__', 'ft____toml_', 'ft____toml__', 'ft____ttf_', 'ft____txt_', 'ft____txt__', 'ft____xml_', 'ft____xml__', 'ft____yml__', 'ft___']
----------------------------------------------------------------------------------------------------

ITERATION 1 (Test Fold 7)
--------------------------------------------------------------------------------
RF | OLD(train 1-5) -> test fold 7 | RMSE=571.106764 NRMSE=3.968435 R2=-14.823829 CVRMSE=0.650439
RF | RECENT(train 2-6) -> test fold 7 | RMSE=303.160736 NRMSE=2.106565 R2=-3.458850 CVRMSE=0.345272
LGBM | OLD(train 1-5) -> test fold 7 | RMSE=572.971701 NRMSE=3.981394 R2=-14.927343 CVRMSE=0.652563
LGBM | RECENT(train 2-6) -> test fold 7 | RMSE=375.476715 NRMSE=2.609066 R2=-5.839794 CVRMSE=0.427634
XGB | OLD(train 1-5) -> test fold 7 | RMSE=172.198551 NRMSE=1.196552 R2=-0.438586 CVRMSE=0.196118
XGB | RECENT(train 2-6) -> test fold 7 | RMSE=169.323717 NRMSE=1.176575 R2=-0.390953 CVRMSE=0.192844
GBR | OLD(train 1-5) -> test fold 7 | RMSE=167.152373 NRMSE=1.161487 R2=-0.355508 CVRMSE=0.190371
GBR | RECENT(train 2-6) -> test fold 7 | RMSE=154.878835 NRMSE=1.076203 R2=-0.163754 CVRMSE=0.176393

ITERATION 2 (Test Fold 8)
--------------------------------------------------------------------------------
RF | OLD(train 1-5) -> test fold 8 | RMSE=760.579906 NRMSE=3.886482 R2=-14.177013 CVRMSE=0.829935
RF | RECENT(train 3-7) -> test fold 8 | RMSE=637.665337 NRMSE=3.258402 R2=-9.667981 CVRMSE=0.695812
LGBM | OLD(train 1-5) -> test fold 8 | RMSE=2039.356338 NRMSE=10.420893 R2=-108.114595 CVRMSE=2.225319
LGBM | RECENT(train 3-7) -> test fold 8 | RMSE=1587.004443 NRMSE=8.109423 R2=-65.077393 CVRMSE=1.731718
XGB | OLD(train 1-5) -> test fold 8 | RMSE=240.899590 NRMSE=1.230971 R2=-0.522540 CVRMSE=0.262866
XGB | RECENT(train 3-7) -> test fold 8 | RMSE=220.316862 NRMSE=1.125796 R2=-0.273480 CVRMSE=0.240407
GBR | OLD(train 1-5) -> test fold 8 | RMSE=229.140750 NRMSE=1.170885 R2=-0.377531 CVRMSE=0.250035
GBR | RECENT(train 3-7) -> test fold 8 | RMSE=209.303024 NRMSE=1.069516 R2=-0.149338 CVRMSE=0.228389

ITERATION 3 (Test Fold 9)
--------------------------------------------------------------------------------
RF | OLD(train 1-5) -> test fold 9 | RMSE=575.231326 NRMSE=3.248779 R2=-9.605065 CVRMSE=0.609045
RF | RECENT(train 4-8) -> test fold 9 | RMSE=186.223284 NRMSE=1.051748 R2=-0.111466 CVRMSE=0.197170
LGBM | OLD(train 1-5) -> test fold 9 | RMSE=836.715335 NRMSE=4.725583 R2=-21.437979 CVRMSE=0.885900
LGBM | RECENT(train 4-8) -> test fold 9 | RMSE=458.706755 NRMSE=2.590674 R2=-5.743705 CVRMSE=0.485671
XGB | OLD(train 1-5) -> test fold 9 | RMSE=426.415349 NRMSE=2.408299 R2=-4.827656 CVRMSE=0.451481
XGB | RECENT(train 4-8) -> test fold 9 | RMSE=203.198880 NRMSE=1.147622 R2=-0.323338 CVRMSE=0.215143
GBR | OLD(train 1-5) -> test fold 9 | RMSE=447.826381 NRMSE=2.529224 R2=-5.427582 CVRMSE=0.474151
GBR | RECENT(train 4-8) -> test fold 9 | RMSE=193.129589 NRMSE=1.090753 R2=-0.195435 CVRMSE=0.204482

ITERATION 4 (Test Fold 10)
--------------------------------------------------------------------------------
RF | OLD(train 1-5) -> test fold 10 | RMSE=666.689969 NRMSE=4.639977 R2=-20.632400 CVRMSE=0.669185
RF | RECENT(train 5-9) -> test fold 10 | RMSE=154.121870 NRMSE=1.072645 R2=-0.156073 CVRMSE=0.154699
LGBM | OLD(train 1-5) -> test fold 10 | RMSE=678.901409 NRMSE=4.724965 R2=-21.432118 CVRMSE=0.681442
LGBM | RECENT(train 5-9) -> test fold 10 | RMSE=233.549830 NRMSE=1.625442 R2=-1.654703 CVRMSE=0.234424
XGB | OLD(train 1-5) -> test fold 10 | RMSE=788.960809 NRMSE=5.490948 R2=-29.294774 CVRMSE=0.791914
XGB | RECENT(train 5-9) -> test fold 10 | RMSE=169.110935 NRMSE=1.176965 R2=-0.391875 CVRMSE=0.169744
GBR | OLD(train 1-5) -> test fold 10 | RMSE=500.574659 NRMSE=3.483861 R2=-11.195359 CVRMSE=0.502448
GBR | RECENT(train 5-9) -> test fold 10 | RMSE=157.680038 NRMSE=1.097409 R2=-0.210069 CVRMSE=0.158270

====================================================================================================
Mann–Whitney U tests (OLD vs RECENT) using the 4 runs per group
====================================================================================================
RF   | RMSE   | old=[571.1067639329796, 760.579905978076, 575.2313263437092, 666.6899687807348] recent=[303.1607359856044, 637.6653371229263, 186.22328418556347, 154.12187031542217] | p=0.114 | d=+0.750(large)
RF   | NRMSE  | old=[3.9684351660879478, 3.8864818960988887, 3.2487789553670194, 4.639977200144967] recent=[2.1065653598239633, 3.2584016077983065, 1.0517478081503078, 1.0726454541007981] | p=0.0571 | d=+0.875(large)
RF   | R2     | old=[-14.823829235230287, -14.17701301927238, -9.605065010408998, -20.632399845701798] recent=[-3.4588502353787343, -9.667980946973893, -0.11146614789131637, -0.15607338154379247] | p=0.0571 | d=-0.875(large)
RF   | CVRMSE | old=[0.650438590713693, 0.8299347899226087, 0.6090449202745721, 0.6691850731248145] recent=[0.3452724679992457, 0.6958120290142141, 0.19716997332356057, 0.15469867537646873] | p=0.2 | d=+0.625(large)
LGBM | RMSE   | old=[572.9717006987762, 2039.3563380777111, 836.715334793641, 678.9014088258735] recent=[375.47671492278675, 1587.0044427622324, 458.70675489904994, 233.54983034952727] | p=0.2 | d=+0.625(large)
LGBM | NRMSE  | old=[3.981394005155009, 10.420892565444683, 4.725582642705771, 4.724965434622237] recent=[2.609065578711351, 8.109422806657362, 2.590674018873396, 1.625442017526342] | p=0.2 | d=+0.625(large)
LGBM | R2     | old=[-14.927342713395657, -108.11459517087779, -21.437978831286276, -21.43211796774512] recent=[-5.839793639920782, -65.07739250716868, -5.743704751836281, -1.654703196131206] | p=0.2 | d=-0.625(large)
LGBM | CVRMSE | old=[0.652562583841285, 2.2253188136009654, 0.8858996390391527, 0.6814422147981924] recent=[0.4276337818489656, 1.7317183749633351, 0.48567073136063893, 0.23442389659253657] | p=0.2 | d=+0.625(large)
XGB  | RMSE   | old=[172.19855119601314, 240.89959014916428, 426.4153493417506, 788.960808645205] recent=[169.32371742689247, 220.31686197678485, 203.19887997739255, 169.1109349030785] | p=0.114 | d=+0.750(large)
XGB  | NRMSE  | old=[1.1965517295043766, 1.2309711162936732, 2.4082993219308793, 5.490948319826395] recent=[1.1765754446019367, 1.1257955788050675, 1.147622208304861, 1.1769651847027436] | p=0.0286 | d=+1.000(large)
XGB  | R2     | old=[-0.43858645306115807, -0.5225400800064655, -4.8276563686252345, -29.29477428091342] recent=[-0.39095336428924177, -0.2734798751386496, -0.3233383441571793, -0.3918750222990255] | p=0.0286 | d=-1.000(large)
XGB  | CVRMSE | old=[0.19611846687219142, 0.2628664643536511, 0.45148115297274705, 0.7919135147502022] recent=[0.1928442930339309, 0.24040686208502332, 0.21514343880111744, 0.16974383692360792] | p=0.114 | d=+0.750(large)
GBR  | RMSE   | old=[167.15237313249705, 229.14075046486192, 447.82638063902033, 500.5746588969103] recent=[154.878834657727, 209.30302403097028, 193.12958881479105, 157.68003786484027] | p=0.114 | d=+0.750(large)
GBR  | NRMSE  | old=[1.1614874792691108, 1.17088470434278, 2.5292240781214206, 3.483860734397666] recent=[1.076202652032628, 1.0695160459821098, 1.090753085003714, 1.0974093129807951] | p=0.0286 | d=+1.000(large)
GBR  | R2     | old=[-0.35550796432905174, -0.3775306606766249, -5.427581970542207, -11.195358753599747] recent=[-0.1637538331618804, -0.14933760884580538, -0.19543483929892358, -0.21006943562471725] | p=0.0286 | d=-1.000(large)
GBR  | CVRMSE | old=[0.19037132963725414, 0.2500353731475597, 0.4741507803943424, 0.5024480724240915] recent=[0.17639288712394405, 0.22838870697738, 0.20448224850689528, 0.15827015945939601] | p=0.114 | d=+0.750(large)
