PROJECT: jod
CSV: C:\Users\g3 15\Desktop\v9\GHAminer-main\src\project_combine\jod-yksilo-ui_wf83806327_fixed.csv
[FEATURES] initial=87 kept=48
Kept features:
['workflow_event_trigger', 'issuer_name', 'total_builds', 'gh_files_added', 'gh_files_deleted', 'gh_lines_deleted', 'gh_tests_deleted', 'gh_description_complexity', 'gh_src_files', 'git_num_committers', 'gh_team_size_last_3_month', 'gh_commits_on_files_touched', 'gh_test_lines_per_kloc', 'hour', 'dow', 'secs_since_prev', 'duration_lag_1', 'duration_lag_3', 'duration_lag_5', 'duration_lag_6', 'duration_lag_7', 'window_avg_7', 'window_std_3', 'ft___cjs__', 'ft___css_', 'ft___html_', 'ft___ts_', 'ft___ts__', 'ft___tsx_', 'ft___tsx__', 'ft___tsx____dup1', 'ft___webmanifest_', 'ft___yml_', 'ft____css_', 'ft____css__', 'ft____html_', 'ft____json_', 'ft____json__', 'ft____md_', 'ft____snap_', 'ft____svg_', 'ft____ts_', 'ft____ts__', 'ft____tsx_', 'ft____tsx__', 'ft____tsx____dup1', 'ft____yaml__', 'ft____yml__']
----------------------------------------------------------------------------------------------------

ITERATION 1 (Test Fold 7)
--------------------------------------------------------------------------------
RF | OLD(train 1-5) -> test fold 7 | RMSE=33000.298221 NRMSE=1.855923 R2=-2.475483 CVRMSE=12.851164
RF | RECENT(train 2-6) -> test fold 7 | RMSE=21717.739977 NRMSE=1.221397 R2=-0.505250 CVRMSE=8.457446
LGBM | OLD(train 1-5) -> test fold 7 | RMSE=14040.912273 NRMSE=0.789655 R2=0.370827 CVRMSE=5.467892
LGBM | RECENT(train 2-6) -> test fold 7 | RMSE=19539.171661 NRMSE=1.098875 R2=-0.218405 CVRMSE=7.609056
XGB | OLD(train 1-5) -> test fold 7 | RMSE=14939.726424 NRMSE=0.840204 R2=0.287697 CVRMSE=5.817913
XGB | RECENT(train 2-6) -> test fold 7 | RMSE=10326.896490 NRMSE=0.580780 R2=0.659655 CVRMSE=4.021559
GBR | OLD(train 1-5) -> test fold 7 | RMSE=15749.106722 NRMSE=0.885723 R2=0.208427 CVRMSE=6.133107
GBR | RECENT(train 2-6) -> test fold 7 | RMSE=46573.111994 NRMSE=2.619253 R2=-5.922292 CVRMSE=18.136767

ITERATION 2 (Test Fold 8)
--------------------------------------------------------------------------------
RF | OLD(train 1-5) -> test fold 8 | RMSE=172730.684603 NRMSE=25.628027 R2=-661.712827 CVRMSE=193.062588
RF | RECENT(train 3-7) -> test fold 8 | RMSE=44527.808828 NRMSE=6.606585 R2=-43.040175 CVRMSE=49.769119
LGBM | OLD(train 1-5) -> test fold 8 | RMSE=49547.756589 NRMSE=7.351393 R2=-53.529860 CVRMSE=55.379958
LGBM | RECENT(train 3-7) -> test fold 8 | RMSE=30187.760349 NRMSE=4.478954 R2=-19.241756 CVRMSE=33.741122
XGB | OLD(train 1-5) -> test fold 8 | RMSE=307652.925544 NRMSE=45.646420 R2=-2101.366786 CVRMSE=343.866351
XGB | RECENT(train 3-7) -> test fold 8 | RMSE=6731.243072 NRMSE=0.998714 R2=-0.006415 CVRMSE=7.523569
GBR | OLD(train 1-5) -> test fold 8 | RMSE=317452.467153 NRMSE=47.100377 R2=-2237.431463 CVRMSE=354.819383
GBR | RECENT(train 3-7) -> test fold 8 | RMSE=45040.603264 NRMSE=6.682668 R2=-44.060373 CVRMSE=50.342274

ITERATION 3 (Test Fold 9)
--------------------------------------------------------------------------------
RF | OLD(train 1-5) -> test fold 9 | RMSE=205251.607645 NRMSE=1.856680 R2=-2.478315 CVRMSE=9.069639
RF | RECENT(train 4-8) -> test fold 9 | RMSE=88003.867866 NRMSE=0.796072 R2=0.360561 CVRMSE=3.888707
LGBM | OLD(train 1-5) -> test fold 9 | RMSE=95590.157270 NRMSE=0.864696 R2=0.245564 CVRMSE=4.223929
LGBM | RECENT(train 4-8) -> test fold 9 | RMSE=112129.320732 NRMSE=1.014307 R2=-0.038088 CVRMSE=4.954760
XGB | OLD(train 1-5) -> test fold 9 | RMSE=349031.079458 NRMSE=3.157290 R2=-9.058287 CVRMSE=15.422954
XGB | RECENT(train 4-8) -> test fold 9 | RMSE=111658.803907 NRMSE=1.010051 R2=-0.029394 CVRMSE=4.933969
GBR | OLD(train 1-5) -> test fold 9 | RMSE=361140.310723 NRMSE=3.266829 R2=-9.768315 CVRMSE=15.958035
GBR | RECENT(train 4-8) -> test fold 9 | RMSE=101819.862467 NRMSE=0.921049 R2=0.144026 CVRMSE=4.499207

ITERATION 4 (Test Fold 10)
--------------------------------------------------------------------------------
RF | OLD(train 1-5) -> test fold 10 | RMSE=217432.631050 NRMSE=1.891551 R2=-2.610201 CVRMSE=17.376675
RF | RECENT(train 5-9) -> test fold 10 | RMSE=81733.814999 NRMSE=0.711042 R2=0.489865 CVRMSE=6.531963
LGBM | OLD(train 1-5) -> test fold 10 | RMSE=114205.970959 NRMSE=0.993533 R2=0.004000 CVRMSE=9.127057
LGBM | RECENT(train 5-9) -> test fold 10 | RMSE=93007.043097 NRMSE=0.809113 R2=0.339438 CVRMSE=7.432892
XGB | OLD(train 1-5) -> test fold 10 | RMSE=361609.086143 NRMSE=3.145812 R2=-8.985288 CVRMSE=28.898899
XGB | RECENT(train 5-9) -> test fold 10 | RMSE=69661.795773 NRMSE=0.606022 R2=0.629429 CVRMSE=5.567198
GBR | OLD(train 1-5) -> test fold 10 | RMSE=371801.306940 NRMSE=3.234479 R2=-9.556106 CVRMSE=29.713436
GBR | RECENT(train 5-9) -> test fold 10 | RMSE=75102.372916 NRMSE=0.653352 R2=0.569286 CVRMSE=6.001995

====================================================================================================
Mann–Whitney U tests (OLD vs RECENT) using the 4 runs per group
====================================================================================================
RF   | RMSE   | old=[33000.29822095027, 172730.68460282392, 205251.6076452142, 217432.6310504762] recent=[21717.73997742808, 44527.808827971276, 88003.86786641498, 81733.81499921551] | p=0.2 | d=+0.625(large)
RF   | NRMSE  | old=[1.8559233540204993, 25.62802662457865, 1.856679542055672, 1.891551482828069] recent=[1.2213968658945271, 6.606584538244454, 0.7960716262538521, 0.7110419361253577] | p=0.2 | d=+0.625(large)
RF   | R2     | old=[-2.4754825905572466, -661.71282748696, -2.478315308571736, -2.6102009492358147] recent=[-0.5052500364855947, -43.04017511016862, 0.36056068628682236, 0.4898645845762478] | p=0.2 | d=-0.625(large)
RF   | CVRMSE | old=[12.851164281132084, 193.06258844884266, 9.069639377843705, 17.37667527277441] recent=[8.457446123552065, 49.76911919298222, 3.888706912266673, 6.531963280693953] | p=0.2 | d=+0.625(large)
LGBM | RMSE   | old=[14040.912273176096, 49547.75658932178, 95590.15726954577, 114205.97095942008] recent=[19539.17166138535, 30187.76034904815, 112129.32073155523, 93007.04309659115] | p=0.886 | d=+0.125(negligible)
LGBM | NRMSE  | old=[0.7896551972065841, 7.351393459587556, 0.8646962207040632, 0.9935329056748647] recent=[1.0988750696064575, 4.478953625065163, 1.014307357956189, 0.8091131925914568] | p=0.686 | d=-0.250(small)
LGBM | R2     | old=[0.37082705393476256, -53.52985954359162, 0.245564413881192, 0.003999503767758261] recent=[-0.2184050349864044, -19.241755535623863, -0.03808805979509211, 0.33943796627332934] | p=0.686 | d=+0.250(small)
LGBM | CVRMSE | old=[5.4678921102899585, 55.37995846518677, 4.223929178692403, 9.127057249806484] recent=[7.609055629027372, 33.741122290238934, 4.954760230066789, 7.432891641711382] | p=1 | d=+0.000(negligible)
XGB  | RMSE   | old=[14939.72642425131, 307652.9255435969, 349031.07945769787, 361609.0861431894] recent=[10326.896489777542, 6731.243071804055, 111658.80390709247, 69661.7957734192] | p=0.114 | d=+0.750(large)
XGB  | NRMSE  | old=[0.8402041396050981, 45.646419946117156, 3.1572900802359465, 3.1458121064609856] recent=[0.580780459667572, 0.9987135583777139, 1.0100511235120573, 0.606021609797324] | p=0.114 | d=+0.750(large)
XGB  | R2     | old=[0.2876971569777582, -2101.3667859143748, -9.058286782745105, -8.985288167797552] recent=[0.6596552653950655, -0.006414616477452784, -0.029394292577409997, 0.6294291400663958] | p=0.114 | d=-0.750(large)
XGB  | CVRMSE | old=[5.817913441501468, 343.86635059011877, 15.422953606349708, 28.89889909917065] recent=[4.021558908826003, 7.523568924126083, 4.93396907540523, 5.567197518720286] | p=0.0571 | d=+0.875(large)
GBR  | RMSE   | old=[15749.106722159499, 317452.46715296456, 361140.3107234329, 371801.30693979] recent=[46573.11199447133, 45040.60326403342, 101819.86246691861, 75102.3729161198] | p=0.343 | d=+0.500(large)
GBR  | NRMSE  | old=[0.8857233584653154, 47.10037651353896, 3.266828622803535, 3.2344791582644725] recent=[2.6192528819353975, 6.682667774355948, 0.9210493295819889, 0.6533518182945333] | p=0.486 | d=+0.375(medium)
GBR  | R2     | old=[0.2084265118389126, -2237.4314629217915, -9.768314919694282, -9.556106375024251] recent=[-5.92229183663974, -44.06037334441922, 0.14402550303942085, 0.5692857384819591] | p=0.486 | d=-0.375(medium)
GBR  | CVRMSE | old=[6.133106931714425, 354.81938347519616, 15.958035216589597, 29.713436044408795] recent=[18.136766804869175, 50.342273994029675, 4.499206825570156, 6.001994917107283] | p=0.486 | d=+0.375(medium)
