PROJECT: radare2
CSV: C:\Users\g3 15\Desktop\v9\GHAminer-main\src\project_combine\radareorg_radare2_wf1989843_fixed.csv
[FEATURES] initial=146 kept=75
Kept features:
['workflow_event_trigger', 'issuer_name', 'total_builds', 'gh_files_added', 'gh_files_deleted', 'gh_files_modified', 'gh_lines_added', 'gh_lines_deleted', 'gh_tests_deleted', 'gh_is_pr', 'gh_sloc', 'gh_description_complexity', 'gh_doc_files', 'gh_other_files', 'gh_commits_on_files_touched', 'gh_num_pr_comments', 'gh_test_lines_per_kloc', 'hour', 'dow', 'secs_since_prev', 'duration_lag_1', 'duration_lag_3', 'duration_lag_5', 'duration_lag_6', 'duration_lag_7', 'window_avg_7', 'window_std_7', 'window_avg_3', 'window_std_4', 'ft___1_', 'ft___acr_', 'ft___bat_', 'ft___bat__', 'ft___build_', 'ft___build__', 'ft___c_', 'ft___c_e_', 'ft___css__', 'ft___c____dup1', 'ft___h_', 'ft___h__', 'ft___md_', 'ft___mk_', 'ft___mk__', 'ft___opc_', 'ft___sh__', 'ft___spec__', 'ft___toml__', 'ft___txt_', 'ft___yml_', 'ft___yml__', 'ft____1_', 'ft____acr_', 'ft____bat_', 'ft____bat__', 'ft____build__', 'ft____c_', 'ft____c__', 'ft____c_e_', 'ft____cfg_', 'ft____cfg__', 'ft____h__', 'ft____js__', 'ft____md__', 'ft____mk_', 'ft____py__', 'ft____qjs_', 'ft____sh_', 'ft____sh__', 'ft____tips_', 'ft____txt_', 'ft____txt__', 'ft____yml_', 'ft____yml__', 'ft___']
----------------------------------------------------------------------------------------------------

ITERATION 1 (Test Fold 7)
--------------------------------------------------------------------------------
RF | OLD(train 1-5) -> test fold 7 | RMSE=1284.097511 NRMSE=1.077278 R2=-0.165617 CVRMSE=0.703912
RF | RECENT(train 2-6) -> test fold 7 | RMSE=1668.900302 NRMSE=1.400103 R2=-0.968887 CVRMSE=0.914851
LGBM | OLD(train 1-5) -> test fold 7 | RMSE=1150.295869 NRMSE=0.965027 R2=0.064639 CVRMSE=0.630565
LGBM | RECENT(train 2-6) -> test fold 7 | RMSE=1055.437530 NRMSE=0.885446 R2=0.212546 CVRMSE=0.578566
XGB | OLD(train 1-5) -> test fold 7 | RMSE=1120.487740 NRMSE=0.940019 R2=0.112488 CVRMSE=0.614225
XGB | RECENT(train 2-6) -> test fold 7 | RMSE=1493.282036 NRMSE=1.252771 R2=-0.576317 CVRMSE=0.818581
GBR | OLD(train 1-5) -> test fold 7 | RMSE=1723.180738 NRMSE=1.445641 R2=-1.099045 CVRMSE=0.944606
GBR | RECENT(train 2-6) -> test fold 7 | RMSE=1939.771002 NRMSE=1.627347 R2=-1.659873 CVRMSE=1.063336

ITERATION 2 (Test Fold 8)
--------------------------------------------------------------------------------
RF | OLD(train 1-5) -> test fold 8 | RMSE=1065.754892 NRMSE=0.967769 R2=0.059297 CVRMSE=0.550643
RF | RECENT(train 3-7) -> test fold 8 | RMSE=796.197071 NRMSE=0.722995 R2=0.474976 CVRMSE=0.411371
LGBM | OLD(train 1-5) -> test fold 8 | RMSE=1119.108644 NRMSE=1.016218 R2=-0.037248 CVRMSE=0.578209
LGBM | RECENT(train 3-7) -> test fold 8 | RMSE=793.322015 NRMSE=0.720384 R2=0.478761 CVRMSE=0.409885
XGB | OLD(train 1-5) -> test fold 8 | RMSE=2121.862457 NRMSE=1.926778 R2=-2.728828 CVRMSE=1.096301
XGB | RECENT(train 3-7) -> test fold 8 | RMSE=808.236876 NRMSE=0.733927 R2=0.458978 CVRMSE=0.417591
GBR | OLD(train 1-5) -> test fold 8 | RMSE=1144.994417 NRMSE=1.039723 R2=-0.085787 CVRMSE=0.591584
GBR | RECENT(train 3-7) -> test fold 8 | RMSE=759.679120 NRMSE=0.689834 R2=0.522033 CVRMSE=0.392503

ITERATION 3 (Test Fold 9)
--------------------------------------------------------------------------------
RF | OLD(train 1-5) -> test fold 9 | RMSE=887.157157 NRMSE=0.848006 R2=0.277718 CVRMSE=0.445742
RF | RECENT(train 4-8) -> test fold 9 | RMSE=599.881304 NRMSE=0.573408 R2=0.669755 CVRMSE=0.301403
LGBM | OLD(train 1-5) -> test fold 9 | RMSE=881.963584 NRMSE=0.843041 R2=0.286150 CVRMSE=0.443132
LGBM | RECENT(train 4-8) -> test fold 9 | RMSE=606.282720 NRMSE=0.579527 R2=0.662669 CVRMSE=0.304620
XGB | OLD(train 1-5) -> test fold 9 | RMSE=1358.497828 NRMSE=1.298546 R2=-0.693649 CVRMSE=0.682561
XGB | RECENT(train 4-8) -> test fold 9 | RMSE=641.492855 NRMSE=0.613183 R2=0.622350 CVRMSE=0.322311
GBR | OLD(train 1-5) -> test fold 9 | RMSE=1039.093180 NRMSE=0.993237 R2=0.009135 CVRMSE=0.522080
GBR | RECENT(train 4-8) -> test fold 9 | RMSE=587.462733 NRMSE=0.561537 R2=0.683287 CVRMSE=0.295164

ITERATION 4 (Test Fold 10)
--------------------------------------------------------------------------------
RF | OLD(train 1-5) -> test fold 10 | RMSE=1293.495248 NRMSE=0.946759 R2=0.099699 CVRMSE=0.560898
RF | RECENT(train 5-9) -> test fold 10 | RMSE=1081.548725 NRMSE=0.791627 R2=0.370566 CVRMSE=0.468992
LGBM | OLD(train 1-5) -> test fold 10 | RMSE=1385.242466 NRMSE=1.013912 R2=-0.032546 CVRMSE=0.600683
LGBM | RECENT(train 5-9) -> test fold 10 | RMSE=1107.775361 NRMSE=0.810823 R2=0.339669 CVRMSE=0.480365
XGB | OLD(train 1-5) -> test fold 10 | RMSE=1709.178401 NRMSE=1.251013 R2=-0.571928 CVRMSE=0.741151
XGB | RECENT(train 5-9) -> test fold 10 | RMSE=1142.436884 NRMSE=0.836193 R2=0.297700 CVRMSE=0.495395
GBR | OLD(train 1-5) -> test fold 10 | RMSE=1396.895486 NRMSE=1.022441 R2=-0.049992 CVRMSE=0.605736
GBR | RECENT(train 5-9) -> test fold 10 | RMSE=1031.791262 NRMSE=0.755208 R2=0.427149 CVRMSE=0.447416

====================================================================================================
Mann–Whitney U tests (OLD vs RECENT) using the 4 runs per group
====================================================================================================
RF   | RMSE   | old=[1284.0975107041156, 1065.7548917888812, 887.1571574839488, 1293.4952481168523] recent=[1668.9003021057185, 796.1970711996133, 599.881303549133, 1081.5487249442388] | p=0.686 | d=+0.250(small)
RF   | NRMSE  | old=[1.0772777559195785, 0.9677692006563839, 0.8480057659727743, 0.9467587671782424] recent=[1.4001033078244352, 0.7229945732329245, 0.5734077666144882, 0.7916269804331775] | p=0.343 | d=+0.500(large)
RF   | R2     | old=[-0.16561739569473355, 0.05929688339861661, 0.27771831876625386, 0.09969914882739483] recent=[-0.9688870325483852, 0.4749761107192467, 0.6697550906011018, 0.37056604862492004] | p=0.343 | d=-0.500(large)
RF   | CVRMSE | old=[0.7039115113411223, 0.5506429255449161, 0.4457417949530073, 0.5608982159755386] recent=[0.9148511885898221, 0.4113706518951611, 0.30140338354603, 0.468991866181977] | p=0.486 | d=+0.375(medium)
LGBM | RMSE   | old=[1150.295869438072, 1119.1086444635202, 881.9635843985146, 1385.2424663173147] recent=[1055.437529896776, 793.3220150871057, 606.2827201874737, 1107.7753612531951] | p=0.114 | d=+0.750(large)
LGBM | NRMSE  | old=[0.9650265206045892, 1.0162175999795018, 0.843041391977371, 1.013912073942966] recent=[0.8854462875619511, 0.7203838502821966, 0.5795266804663501, 0.810823261127095] | p=0.0571 | d=+0.875(large)
LGBM | R2     | old=[0.06463926985668578, -0.03724754183192269, 0.2861502916393448, -0.032546405994318794] recent=[0.2125462089999639, 0.47876097216560465, 0.6626693060401095, 0.33966945260383574] | p=0.0571 | d=-0.875(large)
LGBM | CVRMSE | old=[0.6305646550950894, 0.5782091761790092, 0.4431323445644351, 0.6006825530917959] recent=[0.5785655844690513, 0.40988519841885596, 0.30461970087892337, 0.48036451987989304] | p=0.2 | d=+0.625(large)
XGB  | RMSE   | old=[1120.4877401627573, 2121.8624565042815, 1358.497828175278, 1709.178400712075] recent=[1493.2820363242863, 808.2368764793218, 641.4928553672322, 1142.4368841240587] | p=0.2 | d=+0.625(large)
XGB  | NRMSE  | old=[0.9400193584956432, 1.9267780511775674, 1.2985455639239096, 1.2510132046497169] recent=[1.2527705315497033, 0.7339274367096705, 0.6131829468913396, 0.8361933587053544] | p=0.114 | d=+0.750(large)
XGB  | R2     | old=[0.11248800743262144, -2.728828168008433, -0.6936488660868458, -0.5719284612837607] recent=[-0.5763174871961652, 0.4589776124361592, 0.6223503153757568, 0.29770040547757426] | p=0.114 | d=-0.750(large)
XGB  | CVRMSE | old=[0.6142245522964063, 1.096301372534436, 0.6825614326191879, 0.7411508601512248] recent=[0.8185814599634268, 0.4175912506963375, 0.32231062375900793, 0.49539479259992575] | p=0.2 | d=+0.625(large)
GBR  | RMSE   | old=[1723.180738203776, 1144.9944172390735, 1039.093179553985, 1396.8954862358423] recent=[1939.7710020303318, 759.6791200655917, 587.4627330522029, 1031.7912618701025] | p=0.343 | d=+0.500(large)
GBR  | NRMSE  | old=[1.4456412096602447, 1.039723430279113, 0.9932366550970483, 1.0224413660204053] recent=[1.6273469379434182, 0.6898340889125, 0.5615372436776019, 0.7552075854129258] | p=0.343 | d=+0.500(large)
GBR  | R2     | old=[-1.0990446408708645, -0.0857870353104464, 0.009135048059607964, -0.04999157314768876] recent=[-1.659873223348003, 0.5220325814472753, 0.6832868311169834, 0.4271489985424204] | p=0.343 | d=-0.500(large)
GBR  | CVRMSE | old=[0.944606424069632, 0.591583562504552, 0.5220802820228622, 0.6057356509617303] recent=[1.0633360210675453, 0.3925029445055268, 0.295163817244439, 0.4474155424108745] | p=0.343 | d=+0.500(large)
