PROJECT: bruce
CSV: C:\Users\g3 15\Desktop\v9\GHAminer-main\src\project_combine\pr3y_Bruce_wf121541665_fixed.csv
[FEATURES] initial=128 kept=65
Kept features:
['branch', 'issuer_name', 'gh_files_added', 'gh_files_deleted', 'gh_lines_deleted', 'gh_tests_deleted', 'gh_description_complexity', 'gh_doc_files', 'gh_other_files', 'gh_team_size_last_3_month', 'gh_commits_on_files_touched', 'gh_num_pr_comments', 'gh_test_lines_per_kloc', 'workflow_size', 'hour', 'dow', 'month', 'secs_since_prev', 'duration_lag_1', 'duration_lag_2', 'duration_lag_3', 'window_avg_7', 'window_std_7', 'window_std_3', 'ft___bin__', 'ft___c_', 'ft___cpp_', 'ft___cpp__', 'ft___cpp___', 'ft___h_', 'ft___hpp_', 'ft___hpp__', 'ft___html__', 'ft___h__', 'ft___ini_', 'ft___ini__', 'ft___inl__', 'ft___jpg_', 'ft___jpg__', 'ft___js_', 'ft___json_', 'ft___json__', 'ft___pdf_', 'ft___properties_', 'ft___py_', 'ft___tpp__', 'ft___yml_', 'ft___yml__', 'ft____cpp__', 'ft____csv_', 'ft____csv__', 'ft____h__', 'ft____ini_', 'ft____ini__', 'ft____jpg_', 'ft____json_', 'ft____json__', 'ft____md_', 'ft____md__', 'ft____md___', 'ft____py__', 'ft____tpp_', 'ft____yml_', 'ft____yml__', 'ft____zip__']
----------------------------------------------------------------------------------------------------

ITERATION 1 (Test Fold 7)
--------------------------------------------------------------------------------
RF | OLD(train 1-5) -> test fold 7 | RMSE=41.366474 NRMSE=1.508720 R2=-1.319183 CVRMSE=0.130129
RF | RECENT(train 2-6) -> test fold 7 | RMSE=27.207851 NRMSE=0.992326 R2=-0.003290 CVRMSE=0.085589
LGBM | OLD(train 1-5) -> test fold 7 | RMSE=35.616204 NRMSE=1.298996 R2=-0.719228 CVRMSE=0.112040
LGBM | RECENT(train 2-6) -> test fold 7 | RMSE=28.714289 NRMSE=1.047269 R2=-0.117466 CVRMSE=0.090328
XGB | OLD(train 1-5) -> test fold 7 | RMSE=63.019815 NRMSE=2.298461 R2=-4.382603 CVRMSE=0.198245
XGB | RECENT(train 2-6) -> test fold 7 | RMSE=42.012453 NRMSE=1.532280 R2=-1.392182 CVRMSE=0.132161
GBR | OLD(train 1-5) -> test fold 7 | RMSE=84.686495 NRMSE=3.088690 R2=-8.720003 CVRMSE=0.266403
GBR | RECENT(train 2-6) -> test fold 7 | RMSE=30.730871 NRMSE=1.120818 R2=-0.279935 CVRMSE=0.096672

ITERATION 2 (Test Fold 8)
--------------------------------------------------------------------------------
RF | OLD(train 1-5) -> test fold 8 | RMSE=49.390857 NRMSE=1.099110 R2=-0.230837 CVRMSE=0.148189
RF | RECENT(train 3-7) -> test fold 8 | RMSE=41.954147 NRMSE=0.933619 R2=0.111909 CVRMSE=0.125876
LGBM | OLD(train 1-5) -> test fold 8 | RMSE=45.735048 NRMSE=1.017757 R2=-0.055372 CVRMSE=0.137220
LGBM | RECENT(train 3-7) -> test fold 8 | RMSE=47.347256 NRMSE=1.053634 R2=-0.131090 CVRMSE=0.142058
XGB | OLD(train 1-5) -> test fold 8 | RMSE=41.257709 NRMSE=0.918121 R2=0.141149 CVRMSE=0.123787
XGB | RECENT(train 3-7) -> test fold 8 | RMSE=44.474229 NRMSE=0.989699 R2=0.002014 CVRMSE=0.133438
GBR | OLD(train 1-5) -> test fold 8 | RMSE=74.223520 NRMSE=1.651720 R2=-1.779653 CVRMSE=0.222695
GBR | RECENT(train 3-7) -> test fold 8 | RMSE=43.545587 NRMSE=0.969034 R2=0.043256 CVRMSE=0.130651

ITERATION 3 (Test Fold 9)
--------------------------------------------------------------------------------
RF | OLD(train 1-5) -> test fold 9 | RMSE=52.903399 NRMSE=1.028975 R2=-0.078766 CVRMSE=0.157964
RF | RECENT(train 4-8) -> test fold 9 | RMSE=49.943146 NRMSE=0.971398 R2=0.038583 CVRMSE=0.149125
LGBM | OLD(train 1-5) -> test fold 9 | RMSE=51.414731 NRMSE=1.000020 R2=-0.018909 CVRMSE=0.153519
LGBM | RECENT(train 4-8) -> test fold 9 | RMSE=53.073554 NRMSE=1.032284 R2=-0.085717 CVRMSE=0.158472
XGB | OLD(train 1-5) -> test fold 9 | RMSE=59.532324 NRMSE=1.157908 R2=-0.366048 CVRMSE=0.177758
XGB | RECENT(train 4-8) -> test fold 9 | RMSE=54.733990 NRMSE=1.064580 R2=-0.154714 CVRMSE=0.163430
GBR | OLD(train 1-5) -> test fold 9 | RMSE=81.574838 NRMSE=1.586636 R2=-1.564913 CVRMSE=0.243574
GBR | RECENT(train 4-8) -> test fold 9 | RMSE=52.111091 NRMSE=1.013564 R2=-0.046696 CVRMSE=0.155599

ITERATION 4 (Test Fold 10)
--------------------------------------------------------------------------------
RF | OLD(train 1-5) -> test fold 10 | RMSE=55.432776 NRMSE=1.054132 R2=-0.132160 CVRMSE=0.157165
RF | RECENT(train 5-9) -> test fold 10 | RMSE=51.682614 NRMSE=0.982817 R2=0.015845 CVRMSE=0.146533
LGBM | OLD(train 1-5) -> test fold 10 | RMSE=66.788408 NRMSE=1.270075 R2=-0.643527 CVRMSE=0.189361
LGBM | RECENT(train 5-9) -> test fold 10 | RMSE=57.071741 NRMSE=1.085299 R2=-0.200098 CVRMSE=0.161812
XGB | OLD(train 1-5) -> test fold 10 | RMSE=60.852107 NRMSE=1.157188 R2=-0.364350 CVRMSE=0.172530
XGB | RECENT(train 5-9) -> test fold 10 | RMSE=55.722926 NRMSE=1.059650 R2=-0.144043 CVRMSE=0.157988
GBR | OLD(train 1-5) -> test fold 10 | RMSE=71.822876 NRMSE=1.365813 R2=-0.900641 CVRMSE=0.203635
GBR | RECENT(train 5-9) -> test fold 10 | RMSE=57.555325 NRMSE=1.094495 R2=-0.220522 CVRMSE=0.163183

====================================================================================================
Mann–Whitney U tests (OLD vs RECENT) using the 4 runs per group
====================================================================================================
RF   | RMSE   | old=[41.366474146745134, 49.390857041149424, 52.903399316672065, 55.43277598771059] recent=[27.207850820972535, 41.95414747960851, 49.94314575001666, 51.68261443836975] | p=0.486 | d=+0.375(medium)
RF   | NRMSE  | old=[1.5087198627018545, 1.0991104897451858, 1.028974739410961, 1.054131930909041] recent=[0.992325930641592, 0.9336190207174655, 0.971397604828237, 0.9828173527593931] | p=0.0286 | d=+1.000(large)
RF   | R2     | old=[-1.3191834660754624, -0.23083714920880571, -0.07876616555992766, -0.13216005470092895] recent=[-0.0032902007864130667, 0.11190940196879795, 0.03858266867988813, 0.0158449577398303] | p=0.0286 | d=-1.000(large)
RF   | CVRMSE | old=[0.13012871979052995, 0.14818903657195626, 0.15796425563175515, 0.1571652789738723] recent=[0.08558918468673639, 0.12587642870868204, 0.14912523475260714, 0.14653266720949104] | p=0.2 | d=+0.625(large)
LGBM | RMSE   | old=[35.61620419853485, 45.73504786334467, 51.414731351218144, 66.78840832764999] recent=[28.714288767616654, 47.34725572559747, 53.073553517720256, 57.071741471375276] | p=1 | d=+0.000(negligible)
LGBM | NRMSE  | old=[1.2989957644868018, 1.0177566024764497, 1.0000200455423638, 1.2700751960965408] recent=[1.047268801623711, 1.0536335780789463, 1.032284250273112, 1.0852991567822634] | p=1 | d=+0.000(negligible)
LGBM | R2     | old=[-0.7192275432519082, -0.05537243588222496, -0.018908772457995493, -0.6435266830555091] recent=[-0.11746575309689877, -0.13108982472064, -0.08571663701025889, -0.2000983023483731] | p=1 | d=+0.000(negligible)
LGBM | CVRMSE | old=[0.11203978950954689, 0.13722039030006733, 0.15351924207717887, 0.1893612333137194] recent=[0.09032806672790977, 0.14205755134916453, 0.15847231904655207, 0.1618121411033427] | p=1 | d=+0.000(negligible)
XGB  | RMSE   | old=[63.019814925748605, 41.257709406493625, 59.53232377680953, 60.85210678213787] recent=[42.01245300577724, 44.474228982254616, 54.73399042912877, 55.72292632284983] | p=0.343 | d=+0.500(large)
XGB  | NRMSE  | old=[2.2984614590304138, 0.918120962220915, 1.1579077740939574, 1.1571881017894412] recent=[1.5322800320324548, 0.98969919791025, 1.0645798619028637, 1.0596495462112592] | p=0.686 | d=+0.250(small)
XGB  | R2     | old=[-4.382602910320825, 0.1411492553103626, -0.36604759091679306, -0.3643500444876355] recent=[-1.3921817587647274, 0.0020142806304457306, -0.1547138726024997, -0.14404314495149606] | p=0.686 | d=-0.250(small)
XGB  | CVRMSE | old=[0.19824478655425984, 0.12378688231751615, 0.17775756062746556, 0.17253038781032473] recent=[0.13216080987486722, 0.13343751333713463, 0.16343021748260733, 0.15798792509891268] | p=0.343 | d=+0.500(large)
GBR  | RMSE   | old=[84.68649521350873, 74.22352016594306, 81.5748378735075, 71.82287641559161] recent=[30.73087140699848, 43.54558687812683, 52.111090881355615, 57.55532543965866] | p=0.0286 | d=+1.000(large)
GBR  | NRMSE  | old=[3.0886895745084773, 1.651719660021976, 1.5866361826948097, 1.3658126631831324] recent=[1.1208176922548572, 0.9690338290745659, 1.0135642860886178, 1.094495183738522] | p=0.0286 | d=+1.000(large)
GBR  | R2     | old=[-8.720003349709005, -1.7796528887993976, -1.5649127606936464, -0.9006412918719935] recent=[-0.27993479548417355, 0.04325595580925634, -0.0466958179217698, -0.22052196585374184] | p=0.0286 | d=-1.000(large)
GBR  | CVRMSE | old=[0.2664028161207894, 0.22269530442054256, 0.24357430164055324, 0.2036351636271105] recent=[0.09667173808562961, 0.13065127744298524, 0.15559850194045913, 0.16318321819497889] | p=0.0286 | d=+1.000(large)
