PROJECT: filterlists
CSV: C:\Users\g3 15\Desktop\v9\GHAminer-main\src\project_combine\collinbarrettFilterLists_wf75763098_fixed.csv
[FEATURES] initial=91 kept=29
Kept features:
['workflow_event_trigger', 'issuer_name', 'gh_files_added', 'gh_is_pr', 'gh_sloc', 'gh_description_complexity', 'gh_src_files', 'gh_other_files', 'git_num_committers', 'total_jobs', 'gh_team_size_last_3_month', 'gh_num_pr_comments', 'gh_test_lines_per_kloc', 'hour', 'dow', 'month', 'secs_since_prev', 'duration_lag_1', 'duration_lag_3', 'duration_lag_4', 'duration_lag_5', 'duration_lag_6', 'window_avg_7', 'window_std_7', 'window_avg_3', 'window_std_3', 'ft___yml_', 'ft____json_', 'ft____sh_']
----------------------------------------------------------------------------------------------------

ITERATION 1 (Test Fold 7)
--------------------------------------------------------------------------------
RF | OLD(train 1-5) -> test fold 7 | RMSE=134.242207 NRMSE=2.930457 R2=-7.680922 CVRMSE=1.232553
RF | RECENT(train 2-6) -> test fold 7 | RMSE=52.489833 NRMSE=1.145833 R2=-0.327205 CVRMSE=0.481938
LGBM | OLD(train 1-5) -> test fold 7 | RMSE=138.573721 NRMSE=3.025012 R2=-8.250164 CVRMSE=1.272323
LGBM | RECENT(train 2-6) -> test fold 7 | RMSE=40.647912 NRMSE=0.887329 R2=0.204090 CVRMSE=0.373211
XGB | OLD(train 1-5) -> test fold 7 | RMSE=157.527180 NRMSE=3.438759 R2=-10.953599 CVRMSE=1.446345
XGB | RECENT(train 2-6) -> test fold 7 | RMSE=62.088178 NRMSE=1.355362 R2=-0.856973 CVRMSE=0.570066
GBR | OLD(train 1-5) -> test fold 7 | RMSE=148.724494 NRMSE=3.246600 R2=-9.654981 CVRMSE=1.365523
GBR | RECENT(train 2-6) -> test fold 7 | RMSE=59.393865 NRMSE=1.296546 R2=-0.699303 CVRMSE=0.545328

ITERATION 2 (Test Fold 8)
--------------------------------------------------------------------------------
RF | OLD(train 1-5) -> test fold 8 | RMSE=121.200468 NRMSE=3.004652 R2=-8.126066 CVRMSE=1.148644
RF | RECENT(train 3-7) -> test fold 8 | RMSE=28.921093 NRMSE=0.716976 R2=0.480358 CVRMSE=0.274092
LGBM | OLD(train 1-5) -> test fold 8 | RMSE=120.336846 NRMSE=2.983243 R2=-7.996472 CVRMSE=1.140459
LGBM | RECENT(train 3-7) -> test fold 8 | RMSE=29.264688 NRMSE=0.725494 R2=0.467937 CVRMSE=0.277348
XGB | OLD(train 1-5) -> test fold 8 | RMSE=146.811130 NRMSE=3.639560 R2=-12.390382 CVRMSE=1.391362
XGB | RECENT(train 3-7) -> test fold 8 | RMSE=33.722907 NRMSE=0.836017 R2=0.293479 CVRMSE=0.319600
GBR | OLD(train 1-5) -> test fold 8 | RMSE=141.539412 NRMSE=3.508870 R2=-11.445999 CVRMSE=1.341401
GBR | RECENT(train 3-7) -> test fold 8 | RMSE=30.436743 NRMSE=0.754550 R2=0.424466 CVRMSE=0.288456

ITERATION 3 (Test Fold 9)
--------------------------------------------------------------------------------
RF | OLD(train 1-5) -> test fold 9 | RMSE=85.871051 NRMSE=1.665504 R2=-1.804054 CVRMSE=0.768994
RF | RECENT(train 4-8) -> test fold 9 | RMSE=37.688113 NRMSE=0.730976 R2=0.459866 CVRMSE=0.337505
LGBM | OLD(train 1-5) -> test fold 9 | RMSE=103.247613 NRMSE=2.002529 R2=-3.053711 CVRMSE=0.924605
LGBM | RECENT(train 4-8) -> test fold 9 | RMSE=32.558738 NRMSE=0.631490 R2=0.596886 CVRMSE=0.291571
XGB | OLD(train 1-5) -> test fold 9 | RMSE=90.633434 NRMSE=1.757872 R2=-2.123702 CVRMSE=0.811643
XGB | RECENT(train 4-8) -> test fold 9 | RMSE=40.943759 NRMSE=0.794121 R2=0.362518 CVRMSE=0.366661
GBR | OLD(train 1-5) -> test fold 9 | RMSE=83.986412 NRMSE=1.628950 R2=-1.682322 CVRMSE=0.752117
GBR | RECENT(train 4-8) -> test fold 9 | RMSE=41.157901 NRMSE=0.798274 R2=0.355832 CVRMSE=0.368578

ITERATION 4 (Test Fold 10)
--------------------------------------------------------------------------------
RF | OLD(train 1-5) -> test fold 10 | RMSE=108.146654 NRMSE=2.803855 R2=-6.947057 CVRMSE=1.066558
RF | RECENT(train 5-9) -> test fold 10 | RMSE=24.010180 NRMSE=0.622498 R2=0.608284 CVRMSE=0.236792
LGBM | OLD(train 1-5) -> test fold 10 | RMSE=114.492874 NRMSE=2.968390 R2=-7.907115 CVRMSE=1.129145
LGBM | RECENT(train 5-9) -> test fold 10 | RMSE=22.045114 NRMSE=0.571551 R2=0.669779 CVRMSE=0.217412
XGB | OLD(train 1-5) -> test fold 10 | RMSE=158.591065 NRMSE=4.111698 R2=-16.089823 CVRMSE=1.564048
XGB | RECENT(train 5-9) -> test fold 10 | RMSE=32.007042 NRMSE=0.829828 R2=0.303901 CVRMSE=0.315658
GBR | OLD(train 1-5) -> test fold 10 | RMSE=126.192441 NRMSE=3.271718 R2=-9.820487 CVRMSE=1.244528
GBR | RECENT(train 5-9) -> test fold 10 | RMSE=24.046485 NRMSE=0.623439 R2=0.607099 CVRMSE=0.237150

====================================================================================================
Mann–Whitney U tests (OLD vs RECENT) using the 4 runs per group
====================================================================================================
RF   | RMSE   | old=[134.24220732674576, 121.20046848626585, 85.87105071916207, 108.146654266474] recent=[52.489833178404886, 28.921092834688807, 37.688112754696974, 24.010180143798056] | p=0.0286 | d=+1.000(large)
RF   | NRMSE  | old=[2.930457126100984, 3.004652403159656, 1.6655037314284502, 2.8038553049059884] recent=[1.1458334062632942, 0.7169760329564921, 0.7309761776262621, 0.6224979535849263] | p=0.0286 | d=+1.000(large)
RF   | R2     | old=[-7.680922217567298, -8.126065803637152, -1.8040537954825484, -6.9470567944456425] recent=[-0.32720521876664943, 0.480357817819949, 0.45986593456619174, 0.608284301019346] | p=0.0286 | d=-1.000(large)
RF   | CVRMSE | old=[1.232552599603846, 1.14864399971698, 0.7689944840521976, 1.066557671981133] recent=[0.48193844264899344, 0.27409167773627424, 0.3375054873554953, 0.23679180841709643] | p=0.0286 | d=+1.000(large)
LGBM | RMSE   | old=[138.5737206196773, 120.33684592414508, 103.24761320153374, 114.49287397773506] recent=[40.64791156703628, 29.264687562813602, 32.558738466021346, 22.045113672412537] | p=0.0286 | d=+1.000(large)
LGBM | NRMSE  | old=[3.025012439581317, 2.9832425386673163, 2.0025291830959646, 2.96839004640316] recent=[0.8873286910637069, 0.7254940093180287, 0.6314898903835225, 0.5715508199203833] | p=0.0286 | d=+1.000(large)
LGBM | R2     | old=[-8.250164392878467, -7.996472305867629, -3.0537114240330663, -7.907114896580847] recent=[0.2040896178631596, 0.46793733855717023, 0.5968859587601828, 0.6697788956858195] | p=0.0286 | d=-1.000(large)
LGBM | CVRMSE | old=[1.2723226397107303, 1.1404592551661563, 0.9246054913570185, 1.1291449925693915] recent=[0.3732111536908258, 0.27734800197102466, 0.29157079223302695, 0.21741204364097202] | p=0.0286 | d=+1.000(large)
XGB  | RMSE   | old=[157.52717961318845, 146.8111295271995, 90.63343383166267, 158.59106503595575] recent=[62.08817761891351, 33.72290730469179, 40.94375933920071, 32.007042114718374] | p=0.0286 | d=+1.000(large)
XGB  | NRMSE  | old=[3.4387593532968186, 3.639560297528634, 1.757872076498573, 4.111698156801916] recent=[1.3553616718109383, 0.836016689869928, 0.7941207588243734, 0.829827935375374] | p=0.0286 | d=+1.000(large)
XGB  | R2     | old=[-10.953599214776427, -12.390381758904834, -2.1237024355652903, -16.08982327322053] recent=[-0.8569727099077735, 0.29347909528348226, 0.3625175706259862, 0.3039006585148901] | p=0.0286 | d=-1.000(large)
XGB  | CVRMSE | old=[1.4463449209227492, 1.3913619735075466, 0.8116426910298149, 1.564047619124484] recent=[0.5700661979029477, 0.3195995495094605, 0.3666605313958272, 0.3156579975258546] | p=0.0286 | d=+1.000(large)
GBR  | RMSE   | old=[148.72449434800896, 141.53941167323327, 83.9864116559474, 126.1924412174951] recent=[59.39386481510284, 30.436743189657463, 41.157900501541704, 24.046484767639758] | p=0.0286 | d=+1.000(large)
GBR  | NRMSE  | old=[3.2466000296544255, 3.508870375975284, 1.6289503951656228, 3.271717910707464] recent=[1.296545832045623, 0.7545501656168986, 0.7982741132080035, 0.6234392024182037] | p=0.0286 | d=+1.000(large)
GBR  | R2     | old=[-9.654981445514641, -11.445999264477331, -1.6823215571918717, -9.820487414279276] recent=[-0.6993031717100384, 0.4244655046062884, 0.35583190148830146, 0.6070988169847643] | p=0.0286 | d=-1.000(large)
GBR  | CVRMSE | old=[1.365522556458173, 1.34140072206366, 0.7521171193069917, 1.2445277871926876] recent=[0.5453282088858292, 0.28845583579314626, 0.3685782134466421, 0.2371498497762988] | p=0.0286 | d=+1.000(large)
