=== BASELINE (project=ccpay, last-7 mean, expanding folds) ===
Iter1: train folds 1..5 -> test fold 6  RMSE=34.7713  NRMSE=0.9926  CVRMSE=0.0974  R˛=0.0055
Iter2: train folds 1..6 -> test fold 7  RMSE=26.8059  NRMSE=1.0782  CVRMSE=0.0777  R˛=-0.1733
Iter3: train folds 1..7 -> test fold 8  RMSE=28.8793  NRMSE=1.0174  CVRMSE=0.0851  R˛=-0.0448
Iter4: train folds 1..8 -> test fold 9  RMSE=26.3649  NRMSE=1.0525  CVRMSE=0.0785  R˛=-0.1181
Iter5: train folds 1..9 -> test fold 10  RMSE=26.2376  NRMSE=1.0852  CVRMSE=0.0787  R˛=-0.1886
--------------------------------------------------
[FEATURES] initial=88 kept_after_screening=53
['workflow_event_trigger', 'issuer_name', 'gh_files_added', 'gh_files_deleted', 'gh_tests_deleted', 'gh_src_churn', 'gh_is_pr', 'gh_src_files', 'gh_doc_files', 'git_commits', 'gh_team_size_last_3_month', 'gh_num_pr_comments', 'gh_test_lines_per_kloc', 'docker_compose_changed', 'hour', 'dow', 'month', 'secs_since_prev', 'duration_lag_1', 'duration_lag_3', 'duration_lag_4', 'duration_lag_5', 'duration_lag_6', 'duration_lag_7', 'window_avg_7', 'window_std_7', 'window_std_3', 'ft___gradle__', 'ft___java__', 'ft___json__', 'ft___properties__', 'ft___tf_', 'ft___tfvars_', 'ft___tfvars__', 'ft___xml__', 'ft___yml_', 'ft___yml__', 'ft____config_', 'ft____gradle_', 'ft____gradle__', 'ft____java_', 'ft____java__', 'ft____properties_', 'ft____properties__', 'ft____tf_', 'ft____tf__', 'ft____tfvars_', 'ft____tfvars__', 'ft____xml_', 'ft____yaml_', 'ft____yaml__', 'ft____yml_', 'ft___']
--------------------------------------------------------------------------------
[GA][Iter1] Gen:1 Ind:1 RMSE(val)=31.154485
[GA][Iter1] Gen:1 Ind:2 RMSE(val)=30.698716
[GA][Iter1] Gen:1 Ind:3 RMSE(val)=31.849496
[GA][Iter1] Gen:1 Ind:4 RMSE(val)=30.971774
[GA][Iter1] Gen:1 Ind:5 RMSE(val)=33.300147
[GA][Iter1] Gen:1 Ind:6 RMSE(val)=30.722387
[GA][Iter1] Gen:1 Ind:7 RMSE(val)=35.912714
[GA][Iter1] Gen:1 Ind:8 RMSE(val)=32.381439
[GA][Iter1] Gen:1 Ind:9 RMSE(val)=32.985682
[GA][Iter1] Gen:1 Ind:10 RMSE(val)=31.767434
[GA][Iter1] Gen:1 Ind:11 RMSE(val)=32.039637
[GA][Iter1] Gen:1 Ind:12 RMSE(val)=32.280322
[GA][Iter1] Gen:1 Ind:13 RMSE(val)=31.074642
[GA][Iter1] Gen:1 Ind:14 RMSE(val)=31.540035
[GA][Iter1] Gen:1 Ind:15 RMSE(val)=31.773342
[GA][Iter1] Gen:1 Ind:16 RMSE(val)=34.305874
[GA][Iter1] Gen:1 Ind:17 RMSE(val)=35.169835
[GA][Iter1] Gen:1 Ind:18 RMSE(val)=30.429363
[GA][Iter1] Gen:1 Ind:19 RMSE(val)=31.345701
[GA][Iter1] Gen:1 Ind:20 RMSE(val)=31.246991
[GA][Iter1] gen=1 best_val_rmse=30.429363
[GA][Iter1] Gen:2 Ind:1 RMSE(val)=30.429363
[GA][Iter1] Gen:2 Ind:2 RMSE(val)=30.698716
[GA][Iter1] Gen:2 Ind:3 RMSE(val)=30.722387
[GA][Iter1] Gen:2 Ind:4 RMSE(val)=30.971774
[GA][Iter1] Gen:2 Ind:5 RMSE(val)=31.074642
[GA][Iter1] Gen:2 Ind:6 RMSE(val)=31.154485
[GA][Iter1] Gen:2 Ind:7 RMSE(val)=31.246991
[GA][Iter1] Gen:2 Ind:8 RMSE(val)=31.345701
[GA][Iter1] Gen:2 Ind:9 RMSE(val)=31.540035
[GA][Iter1] Gen:2 Ind:10 RMSE(val)=31.767434
[GA][Iter1] Gen:2 Ind:11 RMSE(val)=31.558050
[GA][Iter1] Gen:2 Ind:12 RMSE(val)=31.345532
[GA][Iter1] Gen:2 Ind:13 RMSE(val)=31.365596
[GA][Iter1] Gen:2 Ind:14 RMSE(val)=30.729377
[GA][Iter1] Gen:2 Ind:15 RMSE(val)=31.629090
[GA][Iter1] Gen:2 Ind:16 RMSE(val)=31.287905
[GA][Iter1] Gen:2 Ind:17 RMSE(val)=30.803876
[GA][Iter1] Gen:2 Ind:18 RMSE(val)=30.933647
[GA][Iter1] Gen:2 Ind:19 RMSE(val)=31.176813
[GA][Iter1] Gen:2 Ind:20 RMSE(val)=30.929407
[GA][Iter1] gen=2 best_val_rmse=30.429363
[GA][Iter1] Gen:3 Ind:1 RMSE(val)=30.429363
[GA][Iter1] Gen:3 Ind:2 RMSE(val)=30.698716
[GA][Iter1] Gen:3 Ind:3 RMSE(val)=30.722387
[GA][Iter1] Gen:3 Ind:4 RMSE(val)=30.729377
[GA][Iter1] Gen:3 Ind:5 RMSE(val)=30.803876
[GA][Iter1] Gen:3 Ind:6 RMSE(val)=30.929407
[GA][Iter1] Gen:3 Ind:7 RMSE(val)=30.933647
[GA][Iter1] Gen:3 Ind:8 RMSE(val)=30.971774
[GA][Iter1] Gen:3 Ind:9 RMSE(val)=31.074642
[GA][Iter1] Gen:3 Ind:10 RMSE(val)=31.154485
[GA][Iter1] Gen:3 Ind:11 RMSE(val)=30.874369
[GA][Iter1] Gen:3 Ind:12 RMSE(val)=31.765797
[GA][Iter1] Gen:3 Ind:13 RMSE(val)=30.630794
[GA][Iter1] Gen:3 Ind:14 RMSE(val)=30.453551
[GA][Iter1] Gen:3 Ind:15 RMSE(val)=30.713600
[GA][Iter1] Gen:3 Ind:16 RMSE(val)=30.978293
[GA][Iter1] Gen:3 Ind:17 RMSE(val)=31.775883
[GA][Iter1] Gen:3 Ind:18 RMSE(val)=30.463930
[GA][Iter1] Gen:3 Ind:19 RMSE(val)=30.824846
[GA][Iter1] Gen:3 Ind:20 RMSE(val)=30.645740
[GA][Iter1] gen=3 best_val_rmse=30.429363
[GA][Iter1] Gen:4 Ind:1 RMSE(val)=30.429363
[GA][Iter1] Gen:4 Ind:2 RMSE(val)=30.453551
[GA][Iter1] Gen:4 Ind:3 RMSE(val)=30.463930
[GA][Iter1] Gen:4 Ind:4 RMSE(val)=30.630794
[GA][Iter1] Gen:4 Ind:5 RMSE(val)=30.645740
[GA][Iter1] Gen:4 Ind:6 RMSE(val)=30.698716
[GA][Iter1] Gen:4 Ind:7 RMSE(val)=30.713600
[GA][Iter1] Gen:4 Ind:8 RMSE(val)=30.722387
[GA][Iter1] Gen:4 Ind:9 RMSE(val)=30.729377
[GA][Iter1] Gen:4 Ind:10 RMSE(val)=30.803876
[GA][Iter1] Gen:4 Ind:11 RMSE(val)=30.722387
[GA][Iter1] Gen:4 Ind:12 RMSE(val)=30.446631
[GA][Iter1] Gen:4 Ind:13 RMSE(val)=30.772123
[GA][Iter1] Gen:4 Ind:14 RMSE(val)=30.630794
[GA][Iter1] Gen:4 Ind:15 RMSE(val)=30.590611
[GA][Iter1] Gen:4 Ind:16 RMSE(val)=30.803218
[GA][Iter1] Gen:4 Ind:17 RMSE(val)=30.802709
[GA][Iter1] Gen:4 Ind:18 RMSE(val)=31.052217
[GA][Iter1] Gen:4 Ind:19 RMSE(val)=30.429363
[GA][Iter1] Gen:4 Ind:20 RMSE(val)=31.347242
[GA][Iter1] gen=4 best_val_rmse=30.429363
[GA][Iter1] Gen:5 Ind:1 RMSE(val)=30.429363
[GA][Iter1] Gen:5 Ind:2 RMSE(val)=30.429363
[GA][Iter1] Gen:5 Ind:3 RMSE(val)=30.446631
[GA][Iter1] Gen:5 Ind:4 RMSE(val)=30.453551
[GA][Iter1] Gen:5 Ind:5 RMSE(val)=30.463930
[GA][Iter1] Gen:5 Ind:6 RMSE(val)=30.590611
[GA][Iter1] Gen:5 Ind:7 RMSE(val)=30.630794
[GA][Iter1] Gen:5 Ind:8 RMSE(val)=30.630794
[GA][Iter1] Gen:5 Ind:9 RMSE(val)=30.645740
[GA][Iter1] Gen:5 Ind:10 RMSE(val)=30.698716
[GA][Iter1] Gen:5 Ind:11 RMSE(val)=32.356796
[GA][Iter1] Gen:5 Ind:12 RMSE(val)=30.778889
[GA][Iter1] Gen:5 Ind:13 RMSE(val)=30.557741
[GA][Iter1] Gen:5 Ind:14 RMSE(val)=30.479840
[GA][Iter1] Gen:5 Ind:15 RMSE(val)=30.463930
[GA][Iter1] Gen:5 Ind:16 RMSE(val)=30.521722
[GA][Iter1] Gen:5 Ind:17 RMSE(val)=30.818138
[GA][Iter1] Gen:5 Ind:18 RMSE(val)=32.618988
[GA][Iter1] Gen:5 Ind:19 RMSE(val)=30.855044
[GA][Iter1] Gen:5 Ind:20 RMSE(val)=30.429363
[GA][Iter1] gen=5 best_val_rmse=30.429363
[GA][Iter1] Gen:6 Ind:1 RMSE(val)=30.429363
[GA][Iter1] Gen:6 Ind:2 RMSE(val)=30.429363
[GA][Iter1] Gen:6 Ind:3 RMSE(val)=30.429363
[GA][Iter1] Gen:6 Ind:4 RMSE(val)=30.446631
[GA][Iter1] Gen:6 Ind:5 RMSE(val)=30.453551
[GA][Iter1] Gen:6 Ind:6 RMSE(val)=30.463930
[GA][Iter1] Gen:6 Ind:7 RMSE(val)=30.463930
[GA][Iter1] Gen:6 Ind:8 RMSE(val)=30.479840
[GA][Iter1] Gen:6 Ind:9 RMSE(val)=30.521722
[GA][Iter1] Gen:6 Ind:10 RMSE(val)=30.557741
[GA][Iter1] Gen:6 Ind:11 RMSE(val)=30.451174
[GA][Iter1] Gen:6 Ind:12 RMSE(val)=30.453551
[GA][Iter1] Gen:6 Ind:13 RMSE(val)=30.429363
[GA][Iter1] Gen:6 Ind:14 RMSE(val)=30.451953
[GA][Iter1] Gen:6 Ind:15 RMSE(val)=30.429363
[GA][Iter1] Gen:6 Ind:16 RMSE(val)=30.453551
[GA][Iter1] Gen:6 Ind:17 RMSE(val)=30.463930
[GA][Iter1] Gen:6 Ind:18 RMSE(val)=30.451174
[GA][Iter1] Gen:6 Ind:19 RMSE(val)=30.372835
[GA][Iter1] Gen:6 Ind:20 RMSE(val)=30.423441
[GA][Iter1] gen=6 best_val_rmse=30.372835
[GA][Iter1] Gen:7 Ind:1 RMSE(val)=30.372835
[GA][Iter1] Gen:7 Ind:2 RMSE(val)=30.423441
[GA][Iter1] Gen:7 Ind:3 RMSE(val)=30.429363
[GA][Iter1] Gen:7 Ind:4 RMSE(val)=30.429363
[GA][Iter1] Gen:7 Ind:5 RMSE(val)=30.429363
[GA][Iter1] Gen:7 Ind:6 RMSE(val)=30.429363
[GA][Iter1] Gen:7 Ind:7 RMSE(val)=30.429363
[GA][Iter1] Gen:7 Ind:8 RMSE(val)=30.446631
[GA][Iter1] Gen:7 Ind:9 RMSE(val)=30.451174
[GA][Iter1] Gen:7 Ind:10 RMSE(val)=30.451174
[GA][Iter1] Gen:7 Ind:11 RMSE(val)=30.451173
[GA][Iter1] Gen:7 Ind:12 RMSE(val)=30.522585
[GA][Iter1] Gen:7 Ind:13 RMSE(val)=30.451174
[GA][Iter1] Gen:7 Ind:14 RMSE(val)=30.522611
[GA][Iter1] Gen:7 Ind:15 RMSE(val)=30.423441
[GA][Iter1] Gen:7 Ind:16 RMSE(val)=30.372831
[GA][Iter1] Gen:7 Ind:17 RMSE(val)=30.429363
[GA][Iter1] Gen:7 Ind:18 RMSE(val)=30.429363
[GA][Iter1] Gen:7 Ind:19 RMSE(val)=30.499190
[GA][Iter1] Gen:7 Ind:20 RMSE(val)=30.372831
[GA][Iter1] gen=7 best_val_rmse=30.372831
[GA][Iter1] Gen:8 Ind:1 RMSE(val)=30.372831
[GA][Iter1] Gen:8 Ind:2 RMSE(val)=30.372831
[GA][Iter1] Gen:8 Ind:3 RMSE(val)=30.372835
[GA][Iter1] Gen:8 Ind:4 RMSE(val)=30.423441
[GA][Iter1] Gen:8 Ind:5 RMSE(val)=30.423441
[GA][Iter1] Gen:8 Ind:6 RMSE(val)=30.429363
[GA][Iter1] Gen:8 Ind:7 RMSE(val)=30.429363
[GA][Iter1] Gen:8 Ind:8 RMSE(val)=30.429363
[GA][Iter1] Gen:8 Ind:9 RMSE(val)=30.429363
[GA][Iter1] Gen:8 Ind:10 RMSE(val)=30.429363
[GA][Iter1] Gen:8 Ind:11 RMSE(val)=30.372831
[GA][Iter1] Gen:8 Ind:12 RMSE(val)=30.443076
[GA][Iter1] Gen:8 Ind:13 RMSE(val)=30.372831
[GA][Iter1] Gen:8 Ind:14 RMSE(val)=30.372831
[GA][Iter1] Gen:8 Ind:15 RMSE(val)=30.429363
[GA][Iter1] Gen:8 Ind:16 RMSE(val)=30.372831
[GA][Iter1] Gen:8 Ind:17 RMSE(val)=30.372831
[GA][Iter1] Gen:8 Ind:18 RMSE(val)=30.479385
[GA][Iter1] Gen:8 Ind:19 RMSE(val)=30.372831
[GA][Iter1] Gen:8 Ind:20 RMSE(val)=30.372831
[GA][Iter1] gen=8 best_val_rmse=30.372831
[GA][Iter1] Gen:9 Ind:1 RMSE(val)=30.372831
[GA][Iter1] Gen:9 Ind:2 RMSE(val)=30.372831
[GA][Iter1] Gen:9 Ind:3 RMSE(val)=30.372831
[GA][Iter1] Gen:9 Ind:4 RMSE(val)=30.372831
[GA][Iter1] Gen:9 Ind:5 RMSE(val)=30.372831
[GA][Iter1] Gen:9 Ind:6 RMSE(val)=30.372831
[GA][Iter1] Gen:9 Ind:7 RMSE(val)=30.372831
[GA][Iter1] Gen:9 Ind:8 RMSE(val)=30.372831
[GA][Iter1] Gen:9 Ind:9 RMSE(val)=30.372831
[GA][Iter1] Gen:9 Ind:10 RMSE(val)=30.372835
[GA][Iter1] Gen:9 Ind:11 RMSE(val)=30.768386
[GA][Iter1] Gen:9 Ind:12 RMSE(val)=30.372831
[GA][Iter1] Gen:9 Ind:13 RMSE(val)=30.372831
[GA][Iter1] Gen:9 Ind:14 RMSE(val)=30.614613
[GA][Iter1] Gen:9 Ind:15 RMSE(val)=30.400725
[GA][Iter1] Gen:9 Ind:16 RMSE(val)=30.372831
[GA][Iter1] Gen:9 Ind:17 RMSE(val)=30.372831
[GA][Iter1] Gen:9 Ind:18 RMSE(val)=30.372831
[GA][Iter1] Gen:9 Ind:19 RMSE(val)=30.372831
[GA][Iter1] Gen:9 Ind:20 RMSE(val)=30.430761
[GA][Iter1] gen=9 best_val_rmse=30.372831
[GA][Iter1] Gen:10 Ind:1 RMSE(val)=30.372831
[GA][Iter1] Gen:10 Ind:2 RMSE(val)=30.372831
[GA][Iter1] Gen:10 Ind:3 RMSE(val)=30.372831
[GA][Iter1] Gen:10 Ind:4 RMSE(val)=30.372831
[GA][Iter1] Gen:10 Ind:5 RMSE(val)=30.372831
[GA][Iter1] Gen:10 Ind:6 RMSE(val)=30.372831
[GA][Iter1] Gen:10 Ind:7 RMSE(val)=30.372831
[GA][Iter1] Gen:10 Ind:8 RMSE(val)=30.372831
[GA][Iter1] Gen:10 Ind:9 RMSE(val)=30.372831
[GA][Iter1] Gen:10 Ind:10 RMSE(val)=30.372831
[GA][Iter1] Gen:10 Ind:11 RMSE(val)=30.356804
[GA][Iter1] Gen:10 Ind:12 RMSE(val)=30.774665
[GA][Iter1] Gen:10 Ind:13 RMSE(val)=30.384699
[GA][Iter1] Gen:10 Ind:14 RMSE(val)=30.372831
[GA][Iter1] Gen:10 Ind:15 RMSE(val)=30.372831
[GA][Iter1] Gen:10 Ind:16 RMSE(val)=30.372831
[GA][Iter1] Gen:10 Ind:17 RMSE(val)=30.372831
[GA][Iter1] Gen:10 Ind:18 RMSE(val)=30.372831
[GA][Iter1] Gen:10 Ind:19 RMSE(val)=30.372831
[GA][Iter1] Gen:10 Ind:20 RMSE(val)=30.372831
[GA][Iter1] gen=10 best_val_rmse=30.356804
[GA][Iter1] Gen:11 Ind:1 RMSE(val)=30.356804
[GA][Iter1] Gen:11 Ind:2 RMSE(val)=30.372831
[GA][Iter1] Gen:11 Ind:3 RMSE(val)=30.372831
[GA][Iter1] Gen:11 Ind:4 RMSE(val)=30.372831
[GA][Iter1] Gen:11 Ind:5 RMSE(val)=30.372831
[GA][Iter1] Gen:11 Ind:6 RMSE(val)=30.372831
[GA][Iter1] Gen:11 Ind:7 RMSE(val)=30.372831
[GA][Iter1] Gen:11 Ind:8 RMSE(val)=30.372831
[GA][Iter1] Gen:11 Ind:9 RMSE(val)=30.372831
[GA][Iter1] Gen:11 Ind:10 RMSE(val)=30.372831
[GA][Iter1] Gen:11 Ind:11 RMSE(val)=30.372831
[GA][Iter1] Gen:11 Ind:12 RMSE(val)=30.466242
[GA][Iter1] Gen:11 Ind:13 RMSE(val)=30.372831
[GA][Iter1] Gen:11 Ind:14 RMSE(val)=30.372831
[GA][Iter1] Gen:11 Ind:15 RMSE(val)=30.372831
[GA][Iter1] Gen:11 Ind:16 RMSE(val)=30.372831
[GA][Iter1] Gen:11 Ind:17 RMSE(val)=30.372831
[GA][Iter1] Gen:11 Ind:18 RMSE(val)=30.372831
[GA][Iter1] Gen:11 Ind:19 RMSE(val)=30.430592
[GA][Iter1] Gen:11 Ind:20 RMSE(val)=30.849375
[GA][Iter1] gen=11 best_val_rmse=30.356804
[GA][Iter1] Gen:12 Ind:1 RMSE(val)=30.356804
[GA][Iter1] Gen:12 Ind:2 RMSE(val)=30.372831
[GA][Iter1] Gen:12 Ind:3 RMSE(val)=30.372831
[GA][Iter1] Gen:12 Ind:4 RMSE(val)=30.372831
[GA][Iter1] Gen:12 Ind:5 RMSE(val)=30.372831
[GA][Iter1] Gen:12 Ind:6 RMSE(val)=30.372831
[GA][Iter1] Gen:12 Ind:7 RMSE(val)=30.372831
[GA][Iter1] Gen:12 Ind:8 RMSE(val)=30.372831
[GA][Iter1] Gen:12 Ind:9 RMSE(val)=30.372831
[GA][Iter1] Gen:12 Ind:10 RMSE(val)=30.372831
[GA][Iter1] Gen:12 Ind:11 RMSE(val)=30.383429
[GA][Iter1] Gen:12 Ind:12 RMSE(val)=30.389987
[GA][Iter1] Gen:12 Ind:13 RMSE(val)=30.581800
[GA][Iter1] Gen:12 Ind:14 RMSE(val)=30.372831
[GA][Iter1] Gen:12 Ind:15 RMSE(val)=30.446388
[GA][Iter1] Gen:12 Ind:16 RMSE(val)=30.372831
[GA][Iter1] Gen:12 Ind:17 RMSE(val)=30.372831
[GA][Iter1] Gen:12 Ind:18 RMSE(val)=30.372831
[GA][Iter1] Gen:12 Ind:19 RMSE(val)=30.372831
[GA][Iter1] Gen:12 Ind:20 RMSE(val)=30.372831
[GA][Iter1] gen=12 best_val_rmse=30.356804
[GA][Iter1] Gen:13 Ind:1 RMSE(val)=30.356804
[GA][Iter1] Gen:13 Ind:2 RMSE(val)=30.372831
[GA][Iter1] Gen:13 Ind:3 RMSE(val)=30.372831
[GA][Iter1] Gen:13 Ind:4 RMSE(val)=30.372831
[GA][Iter1] Gen:13 Ind:5 RMSE(val)=30.372831
[GA][Iter1] Gen:13 Ind:6 RMSE(val)=30.372831
[GA][Iter1] Gen:13 Ind:7 RMSE(val)=30.372831
[GA][Iter1] Gen:13 Ind:8 RMSE(val)=30.372831
[GA][Iter1] Gen:13 Ind:9 RMSE(val)=30.372831
[GA][Iter1] Gen:13 Ind:10 RMSE(val)=30.372831
[GA][Iter1] Gen:13 Ind:11 RMSE(val)=30.372831
[GA][Iter1] Gen:13 Ind:12 RMSE(val)=30.372831
[GA][Iter1] Gen:13 Ind:13 RMSE(val)=30.372831
[GA][Iter1] Gen:13 Ind:14 RMSE(val)=30.372831
[GA][Iter1] Gen:13 Ind:15 RMSE(val)=30.372831
[GA][Iter1] Gen:13 Ind:16 RMSE(val)=30.490822
[GA][Iter1] Gen:13 Ind:17 RMSE(val)=30.372831
[GA][Iter1] Gen:13 Ind:18 RMSE(val)=30.303106
[GA][Iter1] Gen:13 Ind:19 RMSE(val)=30.372831
[GA][Iter1] Gen:13 Ind:20 RMSE(val)=30.372831
[GA][Iter1] gen=13 best_val_rmse=30.303106
[GA][Iter1] Gen:14 Ind:1 RMSE(val)=30.303106
[GA][Iter1] Gen:14 Ind:2 RMSE(val)=30.356804
[GA][Iter1] Gen:14 Ind:3 RMSE(val)=30.372831
[GA][Iter1] Gen:14 Ind:4 RMSE(val)=30.372831
[GA][Iter1] Gen:14 Ind:5 RMSE(val)=30.372831
[GA][Iter1] Gen:14 Ind:6 RMSE(val)=30.372831
[GA][Iter1] Gen:14 Ind:7 RMSE(val)=30.372831
[GA][Iter1] Gen:14 Ind:8 RMSE(val)=30.372831
[GA][Iter1] Gen:14 Ind:9 RMSE(val)=30.372831
[GA][Iter1] Gen:14 Ind:10 RMSE(val)=30.372831
[GA][Iter1] Gen:14 Ind:11 RMSE(val)=30.372831
[GA][Iter1] Gen:14 Ind:12 RMSE(val)=30.372831
[GA][Iter1] Gen:14 Ind:13 RMSE(val)=30.764718
[GA][Iter1] Gen:14 Ind:14 RMSE(val)=30.372831
[GA][Iter1] Gen:14 Ind:15 RMSE(val)=30.372831
[GA][Iter1] Gen:14 Ind:16 RMSE(val)=30.372831
[GA][Iter1] Gen:14 Ind:17 RMSE(val)=30.372831
[GA][Iter1] Gen:14 Ind:18 RMSE(val)=30.372831
[GA][Iter1] Gen:14 Ind:19 RMSE(val)=30.356804
[GA][Iter1] Gen:14 Ind:20 RMSE(val)=30.372831
[GA][Iter1] gen=14 best_val_rmse=30.303106
[GA][Iter1] Gen:15 Ind:1 RMSE(val)=30.303106
[GA][Iter1] Gen:15 Ind:2 RMSE(val)=30.356804
[GA][Iter1] Gen:15 Ind:3 RMSE(val)=30.356804
[GA][Iter1] Gen:15 Ind:4 RMSE(val)=30.372831
[GA][Iter1] Gen:15 Ind:5 RMSE(val)=30.372831
[GA][Iter1] Gen:15 Ind:6 RMSE(val)=30.372831
[GA][Iter1] Gen:15 Ind:7 RMSE(val)=30.372831
[GA][Iter1] Gen:15 Ind:8 RMSE(val)=30.372831
[GA][Iter1] Gen:15 Ind:9 RMSE(val)=30.372831
[GA][Iter1] Gen:15 Ind:10 RMSE(val)=30.372831
[GA][Iter1] Gen:15 Ind:11 RMSE(val)=30.372831
[GA][Iter1] Gen:15 Ind:12 RMSE(val)=30.372831
[GA][Iter1] Gen:15 Ind:13 RMSE(val)=30.372836
[GA][Iter1] Gen:15 Ind:14 RMSE(val)=30.372831
[GA][Iter1] Gen:15 Ind:15 RMSE(val)=30.372831
[GA][Iter1] Gen:15 Ind:16 RMSE(val)=30.444785
[GA][Iter1] Gen:15 Ind:17 RMSE(val)=30.356804
[GA][Iter1] Gen:15 Ind:18 RMSE(val)=30.356804
[GA][Iter1] Gen:15 Ind:19 RMSE(val)=30.372831
[GA][Iter1] Gen:15 Ind:20 RMSE(val)=30.372831
[GA][Iter1] gen=15 best_val_rmse=30.303106
[GA][Iter1] Gen:15 Ind:1 RMSE(val)=30.303106
[GA][Iter1] Gen:15 Ind:2 RMSE(val)=30.356804
[GA][Iter1] Gen:15 Ind:3 RMSE(val)=30.356804
[GA][Iter1] Gen:15 Ind:4 RMSE(val)=30.356804
[GA][Iter1] Gen:15 Ind:5 RMSE(val)=30.356804
[GA][Iter1] Gen:15 Ind:6 RMSE(val)=30.372831
[GA][Iter1] Gen:15 Ind:7 RMSE(val)=30.372831
[GA][Iter1] Gen:15 Ind:8 RMSE(val)=30.372831
[GA][Iter1] Gen:15 Ind:9 RMSE(val)=30.372831
[GA][Iter1] Gen:15 Ind:10 RMSE(val)=30.372831
[GA][Iter1] Gen:15 Ind:11 RMSE(val)=30.356804
[GA][Iter1] Gen:15 Ind:12 RMSE(val)=30.372831
[GA][Iter1] Gen:15 Ind:13 RMSE(val)=30.356804
[GA][Iter1] Gen:15 Ind:14 RMSE(val)=30.372831
[GA][Iter1] Gen:15 Ind:15 RMSE(val)=30.356804
[GA][Iter1] Gen:15 Ind:16 RMSE(val)=30.372831
[GA][Iter1] Gen:15 Ind:17 RMSE(val)=30.356804
[GA][Iter1] Gen:15 Ind:18 RMSE(val)=30.356804
[GA][Iter1] Gen:15 Ind:19 RMSE(val)=30.356804
[GA][Iter1] Gen:15 Ind:20 RMSE(val)=30.372831

[GA DONE][Iter1] Best params on val fold of Iter1
Best val RMSE: 30.303106
Best params: {'n_estimators': 627, 'learning_rate': 0.012516610460068746, 'num_leaves': 173, 'max_depth': 7, 'min_child_samples': 55, 'subsample': 0.8933667011307768, 'colsample_bytree': 0.6880869537806238, 'reg_lambda': 0.910397152349666, 'reg_alpha': 0.7821838988418476}
--------------------------------------------------------------------------------
[RETUNE GA] Iter1: train folds 1..5 -> test fold 6  RMSE=33.250568  NRMSE=0.949225  CVRMSE=0.093093  R2=0.090551
[GA][Iter2] Gen:1 Ind:1 RMSE(val)=33.927498
[GA][Iter2] Gen:1 Ind:2 RMSE(val)=33.523698
[GA][Iter2] Gen:1 Ind:3 RMSE(val)=33.424503
[GA][Iter2] Gen:1 Ind:4 RMSE(val)=32.936634
[GA][Iter2] Gen:1 Ind:5 RMSE(val)=34.690558
[GA][Iter2] Gen:1 Ind:6 RMSE(val)=33.464181
[GA][Iter2] Gen:1 Ind:7 RMSE(val)=35.536360
[GA][Iter2] Gen:1 Ind:8 RMSE(val)=34.347010
[GA][Iter2] Gen:1 Ind:9 RMSE(val)=35.411149
[GA][Iter2] Gen:1 Ind:10 RMSE(val)=33.633717
[GA][Iter2] Gen:1 Ind:11 RMSE(val)=33.721416
[GA][Iter2] Gen:1 Ind:12 RMSE(val)=34.106285
[GA][Iter2] Gen:1 Ind:13 RMSE(val)=33.173526
[GA][Iter2] Gen:1 Ind:14 RMSE(val)=33.960207
[GA][Iter2] Gen:1 Ind:15 RMSE(val)=34.075930
[GA][Iter2] Gen:1 Ind:16 RMSE(val)=34.058623
[GA][Iter2] Gen:1 Ind:17 RMSE(val)=35.063842
[GA][Iter2] Gen:1 Ind:18 RMSE(val)=33.121546
[GA][Iter2] Gen:1 Ind:19 RMSE(val)=33.518414
[GA][Iter2] Gen:1 Ind:20 RMSE(val)=32.829430
[GA][Iter2] gen=1 best_val_rmse=32.829430
[GA][Iter2] Gen:2 Ind:1 RMSE(val)=32.829430
[GA][Iter2] Gen:2 Ind:2 RMSE(val)=32.936634
[GA][Iter2] Gen:2 Ind:3 RMSE(val)=33.121546
[GA][Iter2] Gen:2 Ind:4 RMSE(val)=33.173526
[GA][Iter2] Gen:2 Ind:5 RMSE(val)=33.424503
[GA][Iter2] Gen:2 Ind:6 RMSE(val)=33.464181
[GA][Iter2] Gen:2 Ind:7 RMSE(val)=33.518414
[GA][Iter2] Gen:2 Ind:8 RMSE(val)=33.523698
[GA][Iter2] Gen:2 Ind:9 RMSE(val)=33.633717
[GA][Iter2] Gen:2 Ind:10 RMSE(val)=33.721416
[GA][Iter2] Gen:2 Ind:11 RMSE(val)=34.469737
[GA][Iter2] Gen:2 Ind:12 RMSE(val)=33.672887
[GA][Iter2] Gen:2 Ind:13 RMSE(val)=33.226113
[GA][Iter2] Gen:2 Ind:14 RMSE(val)=33.527633
[GA][Iter2] Gen:2 Ind:15 RMSE(val)=33.054130
[GA][Iter2] Gen:2 Ind:16 RMSE(val)=33.530332
[GA][Iter2] Gen:2 Ind:17 RMSE(val)=33.159612
[GA][Iter2] Gen:2 Ind:18 RMSE(val)=33.625816
[GA][Iter2] Gen:2 Ind:19 RMSE(val)=33.184854
[GA][Iter2] Gen:2 Ind:20 RMSE(val)=33.506731
[GA][Iter2] gen=2 best_val_rmse=32.829430
[GA][Iter2] Gen:3 Ind:1 RMSE(val)=32.829430
[GA][Iter2] Gen:3 Ind:2 RMSE(val)=32.936634
[GA][Iter2] Gen:3 Ind:3 RMSE(val)=33.054130
[GA][Iter2] Gen:3 Ind:4 RMSE(val)=33.121546
[GA][Iter2] Gen:3 Ind:5 RMSE(val)=33.159612
[GA][Iter2] Gen:3 Ind:6 RMSE(val)=33.173526
[GA][Iter2] Gen:3 Ind:7 RMSE(val)=33.184854
[GA][Iter2] Gen:3 Ind:8 RMSE(val)=33.226113
[GA][Iter2] Gen:3 Ind:9 RMSE(val)=33.424503
[GA][Iter2] Gen:3 Ind:10 RMSE(val)=33.464181
[GA][Iter2] Gen:3 Ind:11 RMSE(val)=33.100520
[GA][Iter2] Gen:3 Ind:12 RMSE(val)=33.497964
[GA][Iter2] Gen:3 Ind:13 RMSE(val)=33.482146
[GA][Iter2] Gen:3 Ind:14 RMSE(val)=32.502389
[GA][Iter2] Gen:3 Ind:15 RMSE(val)=33.952866
[GA][Iter2] Gen:3 Ind:16 RMSE(val)=32.979377
[GA][Iter2] Gen:3 Ind:17 RMSE(val)=33.275794
[GA][Iter2] Gen:3 Ind:18 RMSE(val)=33.116629
[GA][Iter2] Gen:3 Ind:19 RMSE(val)=34.956073
[GA][Iter2] Gen:3 Ind:20 RMSE(val)=33.105818
[GA][Iter2] gen=3 best_val_rmse=32.502389
[GA][Iter2] Gen:4 Ind:1 RMSE(val)=32.502389
[GA][Iter2] Gen:4 Ind:2 RMSE(val)=32.829430
[GA][Iter2] Gen:4 Ind:3 RMSE(val)=32.936634
[GA][Iter2] Gen:4 Ind:4 RMSE(val)=32.979377
[GA][Iter2] Gen:4 Ind:5 RMSE(val)=33.054130
[GA][Iter2] Gen:4 Ind:6 RMSE(val)=33.100520
[GA][Iter2] Gen:4 Ind:7 RMSE(val)=33.105818
[GA][Iter2] Gen:4 Ind:8 RMSE(val)=33.116629
[GA][Iter2] Gen:4 Ind:9 RMSE(val)=33.121546
[GA][Iter2] Gen:4 Ind:10 RMSE(val)=33.159612
[GA][Iter2] Gen:4 Ind:11 RMSE(val)=33.068591
[GA][Iter2] Gen:4 Ind:12 RMSE(val)=33.076447
[GA][Iter2] Gen:4 Ind:13 RMSE(val)=33.065946
[GA][Iter2] Gen:4 Ind:14 RMSE(val)=32.634152
[GA][Iter2] Gen:4 Ind:15 RMSE(val)=33.108856
[GA][Iter2] Gen:4 Ind:16 RMSE(val)=33.386687
[GA][Iter2] Gen:4 Ind:17 RMSE(val)=33.222968
[GA][Iter2] Gen:4 Ind:18 RMSE(val)=33.227849
[GA][Iter2] Gen:4 Ind:19 RMSE(val)=32.502389
[GA][Iter2] Gen:4 Ind:20 RMSE(val)=33.225409
[GA][Iter2] gen=4 best_val_rmse=32.502389
[GA][Iter2] Gen:5 Ind:1 RMSE(val)=32.502389
[GA][Iter2] Gen:5 Ind:2 RMSE(val)=32.502389
[GA][Iter2] Gen:5 Ind:3 RMSE(val)=32.634152
[GA][Iter2] Gen:5 Ind:4 RMSE(val)=32.829430
[GA][Iter2] Gen:5 Ind:5 RMSE(val)=32.936634
[GA][Iter2] Gen:5 Ind:6 RMSE(val)=32.979377
[GA][Iter2] Gen:5 Ind:7 RMSE(val)=33.054130
[GA][Iter2] Gen:5 Ind:8 RMSE(val)=33.065946
[GA][Iter2] Gen:5 Ind:9 RMSE(val)=33.068591
[GA][Iter2] Gen:5 Ind:10 RMSE(val)=33.076447
[GA][Iter2] Gen:5 Ind:11 RMSE(val)=32.837765
[GA][Iter2] Gen:5 Ind:12 RMSE(val)=33.076447
[GA][Iter2] Gen:5 Ind:13 RMSE(val)=32.680455
[GA][Iter2] Gen:5 Ind:14 RMSE(val)=33.092387
[GA][Iter2] Gen:5 Ind:15 RMSE(val)=33.045599
[GA][Iter2] Gen:5 Ind:16 RMSE(val)=32.691197
[GA][Iter2] Gen:5 Ind:17 RMSE(val)=32.634152
[GA][Iter2] Gen:5 Ind:18 RMSE(val)=33.128920
[GA][Iter2] Gen:5 Ind:19 RMSE(val)=33.130112
[GA][Iter2] Gen:5 Ind:20 RMSE(val)=32.837765
[GA][Iter2] gen=5 best_val_rmse=32.502389
[GA][Iter2] Gen:6 Ind:1 RMSE(val)=32.502389
[GA][Iter2] Gen:6 Ind:2 RMSE(val)=32.502389
[GA][Iter2] Gen:6 Ind:3 RMSE(val)=32.634152
[GA][Iter2] Gen:6 Ind:4 RMSE(val)=32.634152
[GA][Iter2] Gen:6 Ind:5 RMSE(val)=32.680455
[GA][Iter2] Gen:6 Ind:6 RMSE(val)=32.691197
[GA][Iter2] Gen:6 Ind:7 RMSE(val)=32.829430
[GA][Iter2] Gen:6 Ind:8 RMSE(val)=32.837765
[GA][Iter2] Gen:6 Ind:9 RMSE(val)=32.837765
[GA][Iter2] Gen:6 Ind:10 RMSE(val)=32.936634
[GA][Iter2] Gen:6 Ind:11 RMSE(val)=32.676942
[GA][Iter2] Gen:6 Ind:12 RMSE(val)=32.614959
[GA][Iter2] Gen:6 Ind:13 RMSE(val)=32.760199
[GA][Iter2] Gen:6 Ind:14 RMSE(val)=32.837765
[GA][Iter2] Gen:6 Ind:15 RMSE(val)=32.460521
[GA][Iter2] Gen:6 Ind:16 RMSE(val)=32.649542
[GA][Iter2] Gen:6 Ind:17 RMSE(val)=32.695137
[GA][Iter2] Gen:6 Ind:18 RMSE(val)=32.567298
[GA][Iter2] Gen:6 Ind:19 RMSE(val)=32.774477
[GA][Iter2] Gen:6 Ind:20 RMSE(val)=33.025054
[GA][Iter2] gen=6 best_val_rmse=32.460521
[GA][Iter2] Gen:7 Ind:1 RMSE(val)=32.460521
[GA][Iter2] Gen:7 Ind:2 RMSE(val)=32.502389
[GA][Iter2] Gen:7 Ind:3 RMSE(val)=32.502389
[GA][Iter2] Gen:7 Ind:4 RMSE(val)=32.567298
[GA][Iter2] Gen:7 Ind:5 RMSE(val)=32.614959
[GA][Iter2] Gen:7 Ind:6 RMSE(val)=32.634152
[GA][Iter2] Gen:7 Ind:7 RMSE(val)=32.634152
[GA][Iter2] Gen:7 Ind:8 RMSE(val)=32.649542
[GA][Iter2] Gen:7 Ind:9 RMSE(val)=32.676942
[GA][Iter2] Gen:7 Ind:10 RMSE(val)=32.680455
[GA][Iter2] Gen:7 Ind:11 RMSE(val)=32.879945
[GA][Iter2] Gen:7 Ind:12 RMSE(val)=32.524768
[GA][Iter2] Gen:7 Ind:13 RMSE(val)=32.649542
[GA][Iter2] Gen:7 Ind:14 RMSE(val)=32.585555
[GA][Iter2] Gen:7 Ind:15 RMSE(val)=32.882031
[GA][Iter2] Gen:7 Ind:16 RMSE(val)=32.636894
[GA][Iter2] Gen:7 Ind:17 RMSE(val)=32.695137
[GA][Iter2] Gen:7 Ind:18 RMSE(val)=32.574311
[GA][Iter2] Gen:7 Ind:19 RMSE(val)=32.695137
[GA][Iter2] Gen:7 Ind:20 RMSE(val)=32.570300
[GA][Iter2] gen=7 best_val_rmse=32.460521
[GA][Iter2] Gen:8 Ind:1 RMSE(val)=32.460521
[GA][Iter2] Gen:8 Ind:2 RMSE(val)=32.502389
[GA][Iter2] Gen:8 Ind:3 RMSE(val)=32.502389
[GA][Iter2] Gen:8 Ind:4 RMSE(val)=32.524768
[GA][Iter2] Gen:8 Ind:5 RMSE(val)=32.567298
[GA][Iter2] Gen:8 Ind:6 RMSE(val)=32.570300
[GA][Iter2] Gen:8 Ind:7 RMSE(val)=32.574311
[GA][Iter2] Gen:8 Ind:8 RMSE(val)=32.585555
[GA][Iter2] Gen:8 Ind:9 RMSE(val)=32.614959
[GA][Iter2] Gen:8 Ind:10 RMSE(val)=32.634152
[GA][Iter2] Gen:8 Ind:11 RMSE(val)=32.495552
[GA][Iter2] Gen:8 Ind:12 RMSE(val)=32.557336
[GA][Iter2] Gen:8 Ind:13 RMSE(val)=32.703883
[GA][Iter2] Gen:8 Ind:14 RMSE(val)=32.614959
[GA][Iter2] Gen:8 Ind:15 RMSE(val)=32.641834
[GA][Iter2] Gen:8 Ind:16 RMSE(val)=32.502389
[GA][Iter2] Gen:8 Ind:17 RMSE(val)=32.684615
[GA][Iter2] Gen:8 Ind:18 RMSE(val)=32.502389
[GA][Iter2] Gen:8 Ind:19 RMSE(val)=32.723258
[GA][Iter2] Gen:8 Ind:20 RMSE(val)=32.517605
[GA][Iter2] gen=8 best_val_rmse=32.460521
[GA][Iter2] Gen:9 Ind:1 RMSE(val)=32.460521
[GA][Iter2] Gen:9 Ind:2 RMSE(val)=32.495552
[GA][Iter2] Gen:9 Ind:3 RMSE(val)=32.502389
[GA][Iter2] Gen:9 Ind:4 RMSE(val)=32.502389
[GA][Iter2] Gen:9 Ind:5 RMSE(val)=32.502389
[GA][Iter2] Gen:9 Ind:6 RMSE(val)=32.502389
[GA][Iter2] Gen:9 Ind:7 RMSE(val)=32.517605
[GA][Iter2] Gen:9 Ind:8 RMSE(val)=32.524768
[GA][Iter2] Gen:9 Ind:9 RMSE(val)=32.557336
[GA][Iter2] Gen:9 Ind:10 RMSE(val)=32.567298
[GA][Iter2] Gen:9 Ind:11 RMSE(val)=32.517605
[GA][Iter2] Gen:9 Ind:12 RMSE(val)=32.557336
[GA][Iter2] Gen:9 Ind:13 RMSE(val)=32.534548
[GA][Iter2] Gen:9 Ind:14 RMSE(val)=32.616346
[GA][Iter2] Gen:9 Ind:15 RMSE(val)=32.636961
[GA][Iter2] Gen:9 Ind:16 RMSE(val)=32.502209
[GA][Iter2] Gen:9 Ind:17 RMSE(val)=32.502389
[GA][Iter2] Gen:9 Ind:18 RMSE(val)=32.502389
[GA][Iter2] Gen:9 Ind:19 RMSE(val)=32.688622
[GA][Iter2] Gen:9 Ind:20 RMSE(val)=32.636961
[GA][Iter2] gen=9 best_val_rmse=32.460521
[GA][Iter2] Gen:10 Ind:1 RMSE(val)=32.460521
[GA][Iter2] Gen:10 Ind:2 RMSE(val)=32.495552
[GA][Iter2] Gen:10 Ind:3 RMSE(val)=32.502209
[GA][Iter2] Gen:10 Ind:4 RMSE(val)=32.502389
[GA][Iter2] Gen:10 Ind:5 RMSE(val)=32.502389
[GA][Iter2] Gen:10 Ind:6 RMSE(val)=32.502389
[GA][Iter2] Gen:10 Ind:7 RMSE(val)=32.502389
[GA][Iter2] Gen:10 Ind:8 RMSE(val)=32.502389
[GA][Iter2] Gen:10 Ind:9 RMSE(val)=32.502389
[GA][Iter2] Gen:10 Ind:10 RMSE(val)=32.517605
[GA][Iter2] Gen:10 Ind:11 RMSE(val)=32.429973
[GA][Iter2] Gen:10 Ind:12 RMSE(val)=32.555303
[GA][Iter2] Gen:10 Ind:13 RMSE(val)=32.460521
[GA][Iter2] Gen:10 Ind:14 RMSE(val)=32.502389
[GA][Iter2] Gen:10 Ind:15 RMSE(val)=32.460521
[GA][Iter2] Gen:10 Ind:16 RMSE(val)=32.517605
[GA][Iter2] Gen:10 Ind:17 RMSE(val)=32.502389
[GA][Iter2] Gen:10 Ind:18 RMSE(val)=32.502389
[GA][Iter2] Gen:10 Ind:19 RMSE(val)=32.495552
[GA][Iter2] Gen:10 Ind:20 RMSE(val)=32.502389
[GA][Iter2] gen=10 best_val_rmse=32.429973
[GA][Iter2] Gen:11 Ind:1 RMSE(val)=32.429973
[GA][Iter2] Gen:11 Ind:2 RMSE(val)=32.460521
[GA][Iter2] Gen:11 Ind:3 RMSE(val)=32.460521
[GA][Iter2] Gen:11 Ind:4 RMSE(val)=32.460521
[GA][Iter2] Gen:11 Ind:5 RMSE(val)=32.495552
[GA][Iter2] Gen:11 Ind:6 RMSE(val)=32.495552
[GA][Iter2] Gen:11 Ind:7 RMSE(val)=32.502209
[GA][Iter2] Gen:11 Ind:8 RMSE(val)=32.502389
[GA][Iter2] Gen:11 Ind:9 RMSE(val)=32.502389
[GA][Iter2] Gen:11 Ind:10 RMSE(val)=32.502389
[GA][Iter2] Gen:11 Ind:11 RMSE(val)=32.460521
[GA][Iter2] Gen:11 Ind:12 RMSE(val)=32.495552
[GA][Iter2] Gen:11 Ind:13 RMSE(val)=32.502389
[GA][Iter2] Gen:11 Ind:14 RMSE(val)=32.502389
[GA][Iter2] Gen:11 Ind:15 RMSE(val)=32.502389
[GA][Iter2] Gen:11 Ind:16 RMSE(val)=32.460521
[GA][Iter2] Gen:11 Ind:17 RMSE(val)=32.495552
[GA][Iter2] Gen:11 Ind:18 RMSE(val)=32.528189
[GA][Iter2] Gen:11 Ind:19 RMSE(val)=32.498508
[GA][Iter2] Gen:11 Ind:20 RMSE(val)=32.571239
[GA][Iter2] gen=11 best_val_rmse=32.429973
[GA][Iter2] Gen:12 Ind:1 RMSE(val)=32.429973
[GA][Iter2] Gen:12 Ind:2 RMSE(val)=32.460521
[GA][Iter2] Gen:12 Ind:3 RMSE(val)=32.460521
[GA][Iter2] Gen:12 Ind:4 RMSE(val)=32.460521
[GA][Iter2] Gen:12 Ind:5 RMSE(val)=32.460521
[GA][Iter2] Gen:12 Ind:6 RMSE(val)=32.460521
[GA][Iter2] Gen:12 Ind:7 RMSE(val)=32.495552
[GA][Iter2] Gen:12 Ind:8 RMSE(val)=32.495552
[GA][Iter2] Gen:12 Ind:9 RMSE(val)=32.495552
[GA][Iter2] Gen:12 Ind:10 RMSE(val)=32.495552
[GA][Iter2] Gen:12 Ind:11 RMSE(val)=32.538419
[GA][Iter2] Gen:12 Ind:12 RMSE(val)=32.366326
[GA][Iter2] Gen:12 Ind:13 RMSE(val)=32.631732
[GA][Iter2] Gen:12 Ind:14 RMSE(val)=32.681519
[GA][Iter2] Gen:12 Ind:15 RMSE(val)=32.495552
[GA][Iter2] Gen:12 Ind:16 RMSE(val)=32.480075
[GA][Iter2] Gen:12 Ind:17 RMSE(val)=32.641834
[GA][Iter2] Gen:12 Ind:18 RMSE(val)=32.429973
[GA][Iter2] Gen:12 Ind:19 RMSE(val)=32.451138
[GA][Iter2] Gen:12 Ind:20 RMSE(val)=32.495552
[GA][Iter2] gen=12 best_val_rmse=32.366326
[GA][Iter2] Gen:13 Ind:1 RMSE(val)=32.366326
[GA][Iter2] Gen:13 Ind:2 RMSE(val)=32.429973
[GA][Iter2] Gen:13 Ind:3 RMSE(val)=32.429973
[GA][Iter2] Gen:13 Ind:4 RMSE(val)=32.451138
[GA][Iter2] Gen:13 Ind:5 RMSE(val)=32.460521
[GA][Iter2] Gen:13 Ind:6 RMSE(val)=32.460521
[GA][Iter2] Gen:13 Ind:7 RMSE(val)=32.460521
[GA][Iter2] Gen:13 Ind:8 RMSE(val)=32.460521
[GA][Iter2] Gen:13 Ind:9 RMSE(val)=32.460521
[GA][Iter2] Gen:13 Ind:10 RMSE(val)=32.480075
[GA][Iter2] Gen:13 Ind:11 RMSE(val)=32.429973
[GA][Iter2] Gen:13 Ind:12 RMSE(val)=32.540185
[GA][Iter2] Gen:13 Ind:13 RMSE(val)=32.429973
[GA][Iter2] Gen:13 Ind:14 RMSE(val)=32.460521
[GA][Iter2] Gen:13 Ind:15 RMSE(val)=32.464537
[GA][Iter2] Gen:13 Ind:16 RMSE(val)=32.429973
[GA][Iter2] Gen:13 Ind:17 RMSE(val)=32.423449
[GA][Iter2] Gen:13 Ind:18 RMSE(val)=32.480075
[GA][Iter2] Gen:13 Ind:19 RMSE(val)=32.460521
[GA][Iter2] Gen:13 Ind:20 RMSE(val)=32.480075
[GA][Iter2] gen=13 best_val_rmse=32.366326
[GA][Iter2] Gen:14 Ind:1 RMSE(val)=32.366326
[GA][Iter2] Gen:14 Ind:2 RMSE(val)=32.423449
[GA][Iter2] Gen:14 Ind:3 RMSE(val)=32.429973
[GA][Iter2] Gen:14 Ind:4 RMSE(val)=32.429973
[GA][Iter2] Gen:14 Ind:5 RMSE(val)=32.429973
[GA][Iter2] Gen:14 Ind:6 RMSE(val)=32.429973
[GA][Iter2] Gen:14 Ind:7 RMSE(val)=32.429973
[GA][Iter2] Gen:14 Ind:8 RMSE(val)=32.451138
[GA][Iter2] Gen:14 Ind:9 RMSE(val)=32.460521
[GA][Iter2] Gen:14 Ind:10 RMSE(val)=32.460521
[GA][Iter2] Gen:14 Ind:11 RMSE(val)=32.460521
[GA][Iter2] Gen:14 Ind:12 RMSE(val)=32.576024
[GA][Iter2] Gen:14 Ind:13 RMSE(val)=32.460521
[GA][Iter2] Gen:14 Ind:14 RMSE(val)=32.429973
[GA][Iter2] Gen:14 Ind:15 RMSE(val)=32.429973
[GA][Iter2] Gen:14 Ind:16 RMSE(val)=32.460521
[GA][Iter2] Gen:14 Ind:17 RMSE(val)=32.460521
[GA][Iter2] Gen:14 Ind:18 RMSE(val)=32.423449
[GA][Iter2] Gen:14 Ind:19 RMSE(val)=32.429973
[GA][Iter2] Gen:14 Ind:20 RMSE(val)=32.460521
[GA][Iter2] gen=14 best_val_rmse=32.366326
[GA][Iter2] Gen:15 Ind:1 RMSE(val)=32.366326
[GA][Iter2] Gen:15 Ind:2 RMSE(val)=32.423449
[GA][Iter2] Gen:15 Ind:3 RMSE(val)=32.423449
[GA][Iter2] Gen:15 Ind:4 RMSE(val)=32.429973
[GA][Iter2] Gen:15 Ind:5 RMSE(val)=32.429973
[GA][Iter2] Gen:15 Ind:6 RMSE(val)=32.429973
[GA][Iter2] Gen:15 Ind:7 RMSE(val)=32.429973
[GA][Iter2] Gen:15 Ind:8 RMSE(val)=32.429973
[GA][Iter2] Gen:15 Ind:9 RMSE(val)=32.429973
[GA][Iter2] Gen:15 Ind:10 RMSE(val)=32.429973
[GA][Iter2] Gen:15 Ind:11 RMSE(val)=32.429973
[GA][Iter2] Gen:15 Ind:12 RMSE(val)=32.463519
[GA][Iter2] Gen:15 Ind:13 RMSE(val)=32.429973
[GA][Iter2] Gen:15 Ind:14 RMSE(val)=32.429973
[GA][Iter2] Gen:15 Ind:15 RMSE(val)=32.363620
[GA][Iter2] Gen:15 Ind:16 RMSE(val)=32.423449
[GA][Iter2] Gen:15 Ind:17 RMSE(val)=32.429973
[GA][Iter2] Gen:15 Ind:18 RMSE(val)=32.429973
[GA][Iter2] Gen:15 Ind:19 RMSE(val)=32.429973
[GA][Iter2] Gen:15 Ind:20 RMSE(val)=32.423449
[GA][Iter2] gen=15 best_val_rmse=32.363620
[GA][Iter2] Gen:15 Ind:1 RMSE(val)=32.363620
[GA][Iter2] Gen:15 Ind:2 RMSE(val)=32.366326
[GA][Iter2] Gen:15 Ind:3 RMSE(val)=32.423449
[GA][Iter2] Gen:15 Ind:4 RMSE(val)=32.423449
[GA][Iter2] Gen:15 Ind:5 RMSE(val)=32.423449
[GA][Iter2] Gen:15 Ind:6 RMSE(val)=32.423449
[GA][Iter2] Gen:15 Ind:7 RMSE(val)=32.429973
[GA][Iter2] Gen:15 Ind:8 RMSE(val)=32.429973
[GA][Iter2] Gen:15 Ind:9 RMSE(val)=32.429973
[GA][Iter2] Gen:15 Ind:10 RMSE(val)=32.429973
[GA][Iter2] Gen:15 Ind:11 RMSE(val)=32.429973
[GA][Iter2] Gen:15 Ind:12 RMSE(val)=32.427687
[GA][Iter2] Gen:15 Ind:13 RMSE(val)=32.429973
[GA][Iter2] Gen:15 Ind:14 RMSE(val)=32.429973
[GA][Iter2] Gen:15 Ind:15 RMSE(val)=32.429973
[GA][Iter2] Gen:15 Ind:16 RMSE(val)=32.429973
[GA][Iter2] Gen:15 Ind:17 RMSE(val)=32.429973
[GA][Iter2] Gen:15 Ind:18 RMSE(val)=32.423449
[GA][Iter2] Gen:15 Ind:19 RMSE(val)=32.545413
[GA][Iter2] Gen:15 Ind:20 RMSE(val)=32.423449

[GA DONE][Iter2] Best params on val fold of Iter2
Best val RMSE: 32.363620
Best params: {'n_estimators': 1313, 'learning_rate': 0.012516610460068746, 'num_leaves': 28, 'max_depth': 14, 'min_child_samples': 98, 'subsample': 0.6761639657447511, 'colsample_bytree': 0.6489908522971105, 'reg_lambda': 1.458270842997249, 'reg_alpha': 0.295629923168386}
--------------------------------------------------------------------------------
[RETUNE GA] Iter2: train folds 1..6 -> test fold 7  RMSE=30.317078  NRMSE=1.219394  CVRMSE=0.087840  R2=-0.500819
[GA][Iter3] Gen:1 Ind:1 RMSE(val)=30.472383
[GA][Iter3] Gen:1 Ind:2 RMSE(val)=30.647635
[GA][Iter3] Gen:1 Ind:3 RMSE(val)=35.239720
[GA][Iter3] Gen:1 Ind:4 RMSE(val)=28.839869
[GA][Iter3] Gen:1 Ind:5 RMSE(val)=38.311027
[GA][Iter3] Gen:1 Ind:6 RMSE(val)=30.024993
[GA][Iter3] Gen:1 Ind:7 RMSE(val)=29.885799
[GA][Iter3] Gen:1 Ind:8 RMSE(val)=34.021570
[GA][Iter3] Gen:1 Ind:9 RMSE(val)=34.797941
[GA][Iter3] Gen:1 Ind:10 RMSE(val)=29.188410
[GA][Iter3] Gen:1 Ind:11 RMSE(val)=34.723843
[GA][Iter3] Gen:1 Ind:12 RMSE(val)=38.781668
[GA][Iter3] Gen:1 Ind:13 RMSE(val)=28.328098
[GA][Iter3] Gen:1 Ind:14 RMSE(val)=35.710671
[GA][Iter3] Gen:1 Ind:15 RMSE(val)=29.071198
[GA][Iter3] Gen:1 Ind:16 RMSE(val)=29.080153
[GA][Iter3] Gen:1 Ind:17 RMSE(val)=29.801905
[GA][Iter3] Gen:1 Ind:18 RMSE(val)=31.231050
[GA][Iter3] Gen:1 Ind:19 RMSE(val)=27.627324
[GA][Iter3] Gen:1 Ind:20 RMSE(val)=33.510591
[GA][Iter3] gen=1 best_val_rmse=27.627324
[GA][Iter3] Gen:2 Ind:1 RMSE(val)=27.627324
[GA][Iter3] Gen:2 Ind:2 RMSE(val)=28.328098
[GA][Iter3] Gen:2 Ind:3 RMSE(val)=28.839869
[GA][Iter3] Gen:2 Ind:4 RMSE(val)=29.071198
[GA][Iter3] Gen:2 Ind:5 RMSE(val)=29.080153
[GA][Iter3] Gen:2 Ind:6 RMSE(val)=29.188410
[GA][Iter3] Gen:2 Ind:7 RMSE(val)=29.801905
[GA][Iter3] Gen:2 Ind:8 RMSE(val)=29.885799
[GA][Iter3] Gen:2 Ind:9 RMSE(val)=30.024993
[GA][Iter3] Gen:2 Ind:10 RMSE(val)=30.472383
[GA][Iter3] Gen:2 Ind:11 RMSE(val)=29.963738
[GA][Iter3] Gen:2 Ind:12 RMSE(val)=29.885799
[GA][Iter3] Gen:2 Ind:13 RMSE(val)=29.601498
[GA][Iter3] Gen:2 Ind:14 RMSE(val)=37.696281
[GA][Iter3] Gen:2 Ind:15 RMSE(val)=30.201506
[GA][Iter3] Gen:2 Ind:16 RMSE(val)=29.564228
[GA][Iter3] Gen:2 Ind:17 RMSE(val)=28.733251
[GA][Iter3] Gen:2 Ind:18 RMSE(val)=30.437297
[GA][Iter3] Gen:2 Ind:19 RMSE(val)=29.138926
[GA][Iter3] Gen:2 Ind:20 RMSE(val)=29.946512
[GA][Iter3] gen=2 best_val_rmse=27.627324
[GA][Iter3] Gen:3 Ind:1 RMSE(val)=27.627324
[GA][Iter3] Gen:3 Ind:2 RMSE(val)=28.328098
[GA][Iter3] Gen:3 Ind:3 RMSE(val)=28.733251
[GA][Iter3] Gen:3 Ind:4 RMSE(val)=28.839869
[GA][Iter3] Gen:3 Ind:5 RMSE(val)=29.071198
[GA][Iter3] Gen:3 Ind:6 RMSE(val)=29.080153
[GA][Iter3] Gen:3 Ind:7 RMSE(val)=29.138926
[GA][Iter3] Gen:3 Ind:8 RMSE(val)=29.188410
[GA][Iter3] Gen:3 Ind:9 RMSE(val)=29.564228
[GA][Iter3] Gen:3 Ind:10 RMSE(val)=29.601498
[GA][Iter3] Gen:3 Ind:11 RMSE(val)=29.136598
[GA][Iter3] Gen:3 Ind:12 RMSE(val)=29.181400
[GA][Iter3] Gen:3 Ind:13 RMSE(val)=29.652390
[GA][Iter3] Gen:3 Ind:14 RMSE(val)=29.059877
[GA][Iter3] Gen:3 Ind:15 RMSE(val)=28.999232
[GA][Iter3] Gen:3 Ind:16 RMSE(val)=29.138474
[GA][Iter3] Gen:3 Ind:17 RMSE(val)=29.430142
[GA][Iter3] Gen:3 Ind:18 RMSE(val)=28.919513
[GA][Iter3] Gen:3 Ind:19 RMSE(val)=29.000961
[GA][Iter3] Gen:3 Ind:20 RMSE(val)=29.072193
[GA][Iter3] gen=3 best_val_rmse=27.627324
[GA][Iter3] Gen:4 Ind:1 RMSE(val)=27.627324
[GA][Iter3] Gen:4 Ind:2 RMSE(val)=28.328098
[GA][Iter3] Gen:4 Ind:3 RMSE(val)=28.733251
[GA][Iter3] Gen:4 Ind:4 RMSE(val)=28.839869
[GA][Iter3] Gen:4 Ind:5 RMSE(val)=28.919513
[GA][Iter3] Gen:4 Ind:6 RMSE(val)=28.999232
[GA][Iter3] Gen:4 Ind:7 RMSE(val)=29.000961
[GA][Iter3] Gen:4 Ind:8 RMSE(val)=29.059877
[GA][Iter3] Gen:4 Ind:9 RMSE(val)=29.071198
[GA][Iter3] Gen:4 Ind:10 RMSE(val)=29.072193
[GA][Iter3] Gen:4 Ind:11 RMSE(val)=29.025688
[GA][Iter3] Gen:4 Ind:12 RMSE(val)=28.891998
[GA][Iter3] Gen:4 Ind:13 RMSE(val)=29.889863
[GA][Iter3] Gen:4 Ind:14 RMSE(val)=29.232408
[GA][Iter3] Gen:4 Ind:15 RMSE(val)=28.868835
[GA][Iter3] Gen:4 Ind:16 RMSE(val)=28.733386
[GA][Iter3] Gen:4 Ind:17 RMSE(val)=28.913010
[GA][Iter3] Gen:4 Ind:18 RMSE(val)=33.906033
[GA][Iter3] Gen:4 Ind:19 RMSE(val)=29.253714
[GA][Iter3] Gen:4 Ind:20 RMSE(val)=29.021234
[GA][Iter3] gen=4 best_val_rmse=27.627324
[GA][Iter3] Gen:5 Ind:1 RMSE(val)=27.627324
[GA][Iter3] Gen:5 Ind:2 RMSE(val)=28.328098
[GA][Iter3] Gen:5 Ind:3 RMSE(val)=28.733251
[GA][Iter3] Gen:5 Ind:4 RMSE(val)=28.733386
[GA][Iter3] Gen:5 Ind:5 RMSE(val)=28.839869
[GA][Iter3] Gen:5 Ind:6 RMSE(val)=28.868835
[GA][Iter3] Gen:5 Ind:7 RMSE(val)=28.891998
[GA][Iter3] Gen:5 Ind:8 RMSE(val)=28.913010
[GA][Iter3] Gen:5 Ind:9 RMSE(val)=28.919513
[GA][Iter3] Gen:5 Ind:10 RMSE(val)=28.999232
[GA][Iter3] Gen:5 Ind:11 RMSE(val)=28.471311
[GA][Iter3] Gen:5 Ind:12 RMSE(val)=27.736226
[GA][Iter3] Gen:5 Ind:13 RMSE(val)=28.964852
[GA][Iter3] Gen:5 Ind:14 RMSE(val)=27.911249
[GA][Iter3] Gen:5 Ind:15 RMSE(val)=28.267599
[GA][Iter3] Gen:5 Ind:16 RMSE(val)=28.896104
[GA][Iter3] Gen:5 Ind:17 RMSE(val)=29.077999
[GA][Iter3] Gen:5 Ind:18 RMSE(val)=29.459733
[GA][Iter3] Gen:5 Ind:19 RMSE(val)=30.189103
[GA][Iter3] Gen:5 Ind:20 RMSE(val)=27.596785
[GA][Iter3] gen=5 best_val_rmse=27.596785
[GA][Iter3] Gen:6 Ind:1 RMSE(val)=27.596785
[GA][Iter3] Gen:6 Ind:2 RMSE(val)=27.627324
[GA][Iter3] Gen:6 Ind:3 RMSE(val)=27.736226
[GA][Iter3] Gen:6 Ind:4 RMSE(val)=27.911249
[GA][Iter3] Gen:6 Ind:5 RMSE(val)=28.267599
[GA][Iter3] Gen:6 Ind:6 RMSE(val)=28.328098
[GA][Iter3] Gen:6 Ind:7 RMSE(val)=28.471311
[GA][Iter3] Gen:6 Ind:8 RMSE(val)=28.733251
[GA][Iter3] Gen:6 Ind:9 RMSE(val)=28.733386
[GA][Iter3] Gen:6 Ind:10 RMSE(val)=28.839869
[GA][Iter3] Gen:6 Ind:11 RMSE(val)=28.253721
[GA][Iter3] Gen:6 Ind:12 RMSE(val)=29.540146
[GA][Iter3] Gen:6 Ind:13 RMSE(val)=27.627324
[GA][Iter3] Gen:6 Ind:14 RMSE(val)=27.621046
[GA][Iter3] Gen:6 Ind:15 RMSE(val)=27.623971
[GA][Iter3] Gen:6 Ind:16 RMSE(val)=29.730813
[GA][Iter3] Gen:6 Ind:17 RMSE(val)=28.255933
[GA][Iter3] Gen:6 Ind:18 RMSE(val)=28.595036
[GA][Iter3] Gen:6 Ind:19 RMSE(val)=29.063214
[GA][Iter3] Gen:6 Ind:20 RMSE(val)=27.688923
[GA][Iter3] gen=6 best_val_rmse=27.596785
[GA][Iter3] Gen:7 Ind:1 RMSE(val)=27.596785
[GA][Iter3] Gen:7 Ind:2 RMSE(val)=27.621046
[GA][Iter3] Gen:7 Ind:3 RMSE(val)=27.623971
[GA][Iter3] Gen:7 Ind:4 RMSE(val)=27.627324
[GA][Iter3] Gen:7 Ind:5 RMSE(val)=27.627324
[GA][Iter3] Gen:7 Ind:6 RMSE(val)=27.688923
[GA][Iter3] Gen:7 Ind:7 RMSE(val)=27.736226
[GA][Iter3] Gen:7 Ind:8 RMSE(val)=27.911249
[GA][Iter3] Gen:7 Ind:9 RMSE(val)=28.253721
[GA][Iter3] Gen:7 Ind:10 RMSE(val)=28.255933
[GA][Iter3] Gen:7 Ind:11 RMSE(val)=28.255933
[GA][Iter3] Gen:7 Ind:12 RMSE(val)=27.627324
[GA][Iter3] Gen:7 Ind:13 RMSE(val)=27.735187
[GA][Iter3] Gen:7 Ind:14 RMSE(val)=27.688923
[GA][Iter3] Gen:7 Ind:15 RMSE(val)=28.253721
[GA][Iter3] Gen:7 Ind:16 RMSE(val)=27.621046
[GA][Iter3] Gen:7 Ind:17 RMSE(val)=27.627324
[GA][Iter3] Gen:7 Ind:18 RMSE(val)=27.693473
[GA][Iter3] Gen:7 Ind:19 RMSE(val)=28.247706
[GA][Iter3] Gen:7 Ind:20 RMSE(val)=29.196606
[GA][Iter3] gen=7 best_val_rmse=27.596785
[GA][Iter3] Gen:8 Ind:1 RMSE(val)=27.596785
[GA][Iter3] Gen:8 Ind:2 RMSE(val)=27.621046
[GA][Iter3] Gen:8 Ind:3 RMSE(val)=27.621046
[GA][Iter3] Gen:8 Ind:4 RMSE(val)=27.623971
[GA][Iter3] Gen:8 Ind:5 RMSE(val)=27.627324
[GA][Iter3] Gen:8 Ind:6 RMSE(val)=27.627324
[GA][Iter3] Gen:8 Ind:7 RMSE(val)=27.627324
[GA][Iter3] Gen:8 Ind:8 RMSE(val)=27.627324
[GA][Iter3] Gen:8 Ind:9 RMSE(val)=27.688923
[GA][Iter3] Gen:8 Ind:10 RMSE(val)=27.688923
[GA][Iter3] Gen:8 Ind:11 RMSE(val)=27.464389
[GA][Iter3] Gen:8 Ind:12 RMSE(val)=27.715241
[GA][Iter3] Gen:8 Ind:13 RMSE(val)=27.627016
[GA][Iter3] Gen:8 Ind:14 RMSE(val)=27.627324
[GA][Iter3] Gen:8 Ind:15 RMSE(val)=27.693473
[GA][Iter3] Gen:8 Ind:16 RMSE(val)=27.688923
[GA][Iter3] Gen:8 Ind:17 RMSE(val)=27.621046
[GA][Iter3] Gen:8 Ind:18 RMSE(val)=27.871726
[GA][Iter3] Gen:8 Ind:19 RMSE(val)=28.904785
[GA][Iter3] Gen:8 Ind:20 RMSE(val)=28.891998
[GA][Iter3] gen=8 best_val_rmse=27.464389
[GA][Iter3] Gen:9 Ind:1 RMSE(val)=27.464389
[GA][Iter3] Gen:9 Ind:2 RMSE(val)=27.596785
[GA][Iter3] Gen:9 Ind:3 RMSE(val)=27.621046
[GA][Iter3] Gen:9 Ind:4 RMSE(val)=27.621046
[GA][Iter3] Gen:9 Ind:5 RMSE(val)=27.621046
[GA][Iter3] Gen:9 Ind:6 RMSE(val)=27.623971
[GA][Iter3] Gen:9 Ind:7 RMSE(val)=27.627016
[GA][Iter3] Gen:9 Ind:8 RMSE(val)=27.627324
[GA][Iter3] Gen:9 Ind:9 RMSE(val)=27.627324
[GA][Iter3] Gen:9 Ind:10 RMSE(val)=27.627324
[GA][Iter3] Gen:9 Ind:11 RMSE(val)=27.770185
[GA][Iter3] Gen:9 Ind:12 RMSE(val)=27.627016
[GA][Iter3] Gen:9 Ind:13 RMSE(val)=27.693473
[GA][Iter3] Gen:9 Ind:14 RMSE(val)=28.062497
[GA][Iter3] Gen:9 Ind:15 RMSE(val)=27.621145
[GA][Iter3] Gen:9 Ind:16 RMSE(val)=27.596785
[GA][Iter3] Gen:9 Ind:17 RMSE(val)=27.689817
[GA][Iter3] Gen:9 Ind:18 RMSE(val)=27.621046
[GA][Iter3] Gen:9 Ind:19 RMSE(val)=27.688923
[GA][Iter3] Gen:9 Ind:20 RMSE(val)=27.627779
[GA][Iter3] gen=9 best_val_rmse=27.464389
[GA][Iter3] Gen:10 Ind:1 RMSE(val)=27.464389
[GA][Iter3] Gen:10 Ind:2 RMSE(val)=27.596785
[GA][Iter3] Gen:10 Ind:3 RMSE(val)=27.596785
[GA][Iter3] Gen:10 Ind:4 RMSE(val)=27.621046
[GA][Iter3] Gen:10 Ind:5 RMSE(val)=27.621046
[GA][Iter3] Gen:10 Ind:6 RMSE(val)=27.621046
[GA][Iter3] Gen:10 Ind:7 RMSE(val)=27.621046
[GA][Iter3] Gen:10 Ind:8 RMSE(val)=27.621145
[GA][Iter3] Gen:10 Ind:9 RMSE(val)=27.623971
[GA][Iter3] Gen:10 Ind:10 RMSE(val)=27.627016
[GA][Iter3] Gen:10 Ind:11 RMSE(val)=27.621214
[GA][Iter3] Gen:10 Ind:12 RMSE(val)=28.349775
[GA][Iter3] Gen:10 Ind:13 RMSE(val)=27.675377
[GA][Iter3] Gen:10 Ind:14 RMSE(val)=28.891998
[GA][Iter3] Gen:10 Ind:15 RMSE(val)=27.621046
[GA][Iter3] Gen:10 Ind:16 RMSE(val)=28.754781
[GA][Iter3] Gen:10 Ind:17 RMSE(val)=27.621046
[GA][Iter3] Gen:10 Ind:18 RMSE(val)=27.619836
[GA][Iter3] Gen:10 Ind:19 RMSE(val)=27.621145
[GA][Iter3] Gen:10 Ind:20 RMSE(val)=27.464389
[GA][Iter3] gen=10 best_val_rmse=27.464389
[GA][Iter3] Gen:11 Ind:1 RMSE(val)=27.464389
[GA][Iter3] Gen:11 Ind:2 RMSE(val)=27.464389
[GA][Iter3] Gen:11 Ind:3 RMSE(val)=27.596785
[GA][Iter3] Gen:11 Ind:4 RMSE(val)=27.596785
[GA][Iter3] Gen:11 Ind:5 RMSE(val)=27.619836
[GA][Iter3] Gen:11 Ind:6 RMSE(val)=27.621046
[GA][Iter3] Gen:11 Ind:7 RMSE(val)=27.621046
[GA][Iter3] Gen:11 Ind:8 RMSE(val)=27.621046
[GA][Iter3] Gen:11 Ind:9 RMSE(val)=27.621046
[GA][Iter3] Gen:11 Ind:10 RMSE(val)=27.621046
[GA][Iter3] Gen:11 Ind:11 RMSE(val)=27.621046
[GA][Iter3] Gen:11 Ind:12 RMSE(val)=27.488638
[GA][Iter3] Gen:11 Ind:13 RMSE(val)=27.608391
[GA][Iter3] Gen:11 Ind:14 RMSE(val)=28.996596
[GA][Iter3] Gen:11 Ind:15 RMSE(val)=27.622030
[GA][Iter3] Gen:11 Ind:16 RMSE(val)=27.449958
[GA][Iter3] Gen:11 Ind:17 RMSE(val)=27.469714
[GA][Iter3] Gen:11 Ind:18 RMSE(val)=27.620801
[GA][Iter3] Gen:11 Ind:19 RMSE(val)=27.717266
[GA][Iter3] Gen:11 Ind:20 RMSE(val)=29.839276
[GA][Iter3] gen=11 best_val_rmse=27.449958
[GA][Iter3] Gen:12 Ind:1 RMSE(val)=27.449958
[GA][Iter3] Gen:12 Ind:2 RMSE(val)=27.464389
[GA][Iter3] Gen:12 Ind:3 RMSE(val)=27.464389
[GA][Iter3] Gen:12 Ind:4 RMSE(val)=27.469714
[GA][Iter3] Gen:12 Ind:5 RMSE(val)=27.488638
[GA][Iter3] Gen:12 Ind:6 RMSE(val)=27.596785
[GA][Iter3] Gen:12 Ind:7 RMSE(val)=27.596785
[GA][Iter3] Gen:12 Ind:8 RMSE(val)=27.608391
[GA][Iter3] Gen:12 Ind:9 RMSE(val)=27.619836
[GA][Iter3] Gen:12 Ind:10 RMSE(val)=27.620801
[GA][Iter3] Gen:12 Ind:11 RMSE(val)=27.410284
[GA][Iter3] Gen:12 Ind:12 RMSE(val)=27.455296
[GA][Iter3] Gen:12 Ind:13 RMSE(val)=27.623507
[GA][Iter3] Gen:12 Ind:14 RMSE(val)=27.449958
[GA][Iter3] Gen:12 Ind:15 RMSE(val)=28.180788
[GA][Iter3] Gen:12 Ind:16 RMSE(val)=27.449742
[GA][Iter3] Gen:12 Ind:17 RMSE(val)=27.464389
[GA][Iter3] Gen:12 Ind:18 RMSE(val)=27.565668
[GA][Iter3] Gen:12 Ind:19 RMSE(val)=27.449958
[GA][Iter3] Gen:12 Ind:20 RMSE(val)=27.996129
[GA][Iter3] gen=12 best_val_rmse=27.410284
[GA][Iter3] Gen:13 Ind:1 RMSE(val)=27.410284
[GA][Iter3] Gen:13 Ind:2 RMSE(val)=27.449742
[GA][Iter3] Gen:13 Ind:3 RMSE(val)=27.449958
[GA][Iter3] Gen:13 Ind:4 RMSE(val)=27.449958
[GA][Iter3] Gen:13 Ind:5 RMSE(val)=27.449958
[GA][Iter3] Gen:13 Ind:6 RMSE(val)=27.455296
[GA][Iter3] Gen:13 Ind:7 RMSE(val)=27.464389
[GA][Iter3] Gen:13 Ind:8 RMSE(val)=27.464389
[GA][Iter3] Gen:13 Ind:9 RMSE(val)=27.464389
[GA][Iter3] Gen:13 Ind:10 RMSE(val)=27.469714
[GA][Iter3] Gen:13 Ind:11 RMSE(val)=27.464389
[GA][Iter3] Gen:13 Ind:12 RMSE(val)=27.477530
[GA][Iter3] Gen:13 Ind:13 RMSE(val)=27.449742
[GA][Iter3] Gen:13 Ind:14 RMSE(val)=27.449742
[GA][Iter3] Gen:13 Ind:15 RMSE(val)=27.455296
[GA][Iter3] Gen:13 Ind:16 RMSE(val)=27.617066
[GA][Iter3] Gen:13 Ind:17 RMSE(val)=27.449742
[GA][Iter3] Gen:13 Ind:18 RMSE(val)=27.455746
[GA][Iter3] Gen:13 Ind:19 RMSE(val)=27.464389
[GA][Iter3] Gen:13 Ind:20 RMSE(val)=27.455296
[GA][Iter3] gen=13 best_val_rmse=27.410284
[GA][Iter3] Gen:14 Ind:1 RMSE(val)=27.410284
[GA][Iter3] Gen:14 Ind:2 RMSE(val)=27.449742
[GA][Iter3] Gen:14 Ind:3 RMSE(val)=27.449742
[GA][Iter3] Gen:14 Ind:4 RMSE(val)=27.449742
[GA][Iter3] Gen:14 Ind:5 RMSE(val)=27.449742
[GA][Iter3] Gen:14 Ind:6 RMSE(val)=27.449958
[GA][Iter3] Gen:14 Ind:7 RMSE(val)=27.449958
[GA][Iter3] Gen:14 Ind:8 RMSE(val)=27.449958
[GA][Iter3] Gen:14 Ind:9 RMSE(val)=27.455296
[GA][Iter3] Gen:14 Ind:10 RMSE(val)=27.455296
[GA][Iter3] Gen:14 Ind:11 RMSE(val)=27.477530
[GA][Iter3] Gen:14 Ind:12 RMSE(val)=27.449742
[GA][Iter3] Gen:14 Ind:13 RMSE(val)=27.152036
[GA][Iter3] Gen:14 Ind:14 RMSE(val)=27.464389
[GA][Iter3] Gen:14 Ind:15 RMSE(val)=27.449958
[GA][Iter3] Gen:14 Ind:16 RMSE(val)=27.477530
[GA][Iter3] Gen:14 Ind:17 RMSE(val)=27.464389
[GA][Iter3] Gen:14 Ind:18 RMSE(val)=27.464216
[GA][Iter3] Gen:14 Ind:19 RMSE(val)=27.449742
[GA][Iter3] Gen:14 Ind:20 RMSE(val)=27.449958
[GA][Iter3] gen=14 best_val_rmse=27.152036
[GA][Iter3] Gen:15 Ind:1 RMSE(val)=27.152036
[GA][Iter3] Gen:15 Ind:2 RMSE(val)=27.410284
[GA][Iter3] Gen:15 Ind:3 RMSE(val)=27.449742
[GA][Iter3] Gen:15 Ind:4 RMSE(val)=27.449742
[GA][Iter3] Gen:15 Ind:5 RMSE(val)=27.449742
[GA][Iter3] Gen:15 Ind:6 RMSE(val)=27.449742
[GA][Iter3] Gen:15 Ind:7 RMSE(val)=27.449742
[GA][Iter3] Gen:15 Ind:8 RMSE(val)=27.449742
[GA][Iter3] Gen:15 Ind:9 RMSE(val)=27.449958
[GA][Iter3] Gen:15 Ind:10 RMSE(val)=27.449958
[GA][Iter3] Gen:15 Ind:11 RMSE(val)=27.449742
[GA][Iter3] Gen:15 Ind:12 RMSE(val)=27.449742
[GA][Iter3] Gen:15 Ind:13 RMSE(val)=27.448251
[GA][Iter3] Gen:15 Ind:14 RMSE(val)=27.449742
[GA][Iter3] Gen:15 Ind:15 RMSE(val)=27.449958
[GA][Iter3] Gen:15 Ind:16 RMSE(val)=27.456177
[GA][Iter3] Gen:15 Ind:17 RMSE(val)=27.455746
[GA][Iter3] Gen:15 Ind:18 RMSE(val)=27.449742
[GA][Iter3] Gen:15 Ind:19 RMSE(val)=27.449958
[GA][Iter3] Gen:15 Ind:20 RMSE(val)=27.449742
[GA][Iter3] gen=15 best_val_rmse=27.152036
[GA][Iter3] Gen:15 Ind:1 RMSE(val)=27.152036
[GA][Iter3] Gen:15 Ind:2 RMSE(val)=27.410284
[GA][Iter3] Gen:15 Ind:3 RMSE(val)=27.448251
[GA][Iter3] Gen:15 Ind:4 RMSE(val)=27.449742
[GA][Iter3] Gen:15 Ind:5 RMSE(val)=27.449742
[GA][Iter3] Gen:15 Ind:6 RMSE(val)=27.449742
[GA][Iter3] Gen:15 Ind:7 RMSE(val)=27.449742
[GA][Iter3] Gen:15 Ind:8 RMSE(val)=27.449742
[GA][Iter3] Gen:15 Ind:9 RMSE(val)=27.449742
[GA][Iter3] Gen:15 Ind:10 RMSE(val)=27.449742
[GA][Iter3] Gen:15 Ind:11 RMSE(val)=27.455746
[GA][Iter3] Gen:15 Ind:12 RMSE(val)=27.449742
[GA][Iter3] Gen:15 Ind:13 RMSE(val)=27.145743
[GA][Iter3] Gen:15 Ind:14 RMSE(val)=27.449742
[GA][Iter3] Gen:15 Ind:15 RMSE(val)=27.387460
[GA][Iter3] Gen:15 Ind:16 RMSE(val)=27.449742
[GA][Iter3] Gen:15 Ind:17 RMSE(val)=27.448251
[GA][Iter3] Gen:15 Ind:18 RMSE(val)=27.455746
[GA][Iter3] Gen:15 Ind:19 RMSE(val)=27.449742
[GA][Iter3] Gen:15 Ind:20 RMSE(val)=27.449742

[GA DONE][Iter3] Best params on val fold of Iter3
Best val RMSE: 27.145743
Best params: {'n_estimators': 804, 'learning_rate': 0.07700235641756134, 'num_leaves': 173, 'max_depth': 1, 'min_child_samples': 146, 'subsample': 0.7113909055858187, 'colsample_bytree': 0.7039668753259257, 'reg_lambda': 2.857140614531863, 'reg_alpha': 1.0952060834535449}
--------------------------------------------------------------------------------
[RETUNE GA] Iter3: train folds 1..7 -> test fold 8  RMSE=29.757133  NRMSE=1.048327  CVRMSE=0.087655  R2=-0.109260
[GA][Iter4] Gen:1 Ind:1 RMSE(val)=31.311358
[GA][Iter4] Gen:1 Ind:2 RMSE(val)=28.792339
[GA][Iter4] Gen:1 Ind:3 RMSE(val)=30.902948
[GA][Iter4] Gen:1 Ind:4 RMSE(val)=29.707173
[GA][Iter4] Gen:1 Ind:5 RMSE(val)=31.198307
[GA][Iter4] Gen:1 Ind:6 RMSE(val)=29.428185
[GA][Iter4] Gen:1 Ind:7 RMSE(val)=31.792375
[GA][Iter4] Gen:1 Ind:8 RMSE(val)=32.065645
[GA][Iter4] Gen:1 Ind:9 RMSE(val)=31.961900
[GA][Iter4] Gen:1 Ind:10 RMSE(val)=29.973844
[GA][Iter4] Gen:1 Ind:11 RMSE(val)=30.125050
[GA][Iter4] Gen:1 Ind:12 RMSE(val)=31.240078
[GA][Iter4] Gen:1 Ind:13 RMSE(val)=29.687366
[GA][Iter4] Gen:1 Ind:14 RMSE(val)=31.439988
[GA][Iter4] Gen:1 Ind:15 RMSE(val)=30.326917
[GA][Iter4] Gen:1 Ind:16 RMSE(val)=30.298938
[GA][Iter4] Gen:1 Ind:17 RMSE(val)=30.795851
[GA][Iter4] Gen:1 Ind:18 RMSE(val)=29.396568
[GA][Iter4] Gen:1 Ind:19 RMSE(val)=28.700113
[GA][Iter4] Gen:1 Ind:20 RMSE(val)=31.549409
[GA][Iter4] gen=1 best_val_rmse=28.700113
[GA][Iter4] Gen:2 Ind:1 RMSE(val)=28.700113
[GA][Iter4] Gen:2 Ind:2 RMSE(val)=28.792339
[GA][Iter4] Gen:2 Ind:3 RMSE(val)=29.396568
[GA][Iter4] Gen:2 Ind:4 RMSE(val)=29.428185
[GA][Iter4] Gen:2 Ind:5 RMSE(val)=29.687366
[GA][Iter4] Gen:2 Ind:6 RMSE(val)=29.707173
[GA][Iter4] Gen:2 Ind:7 RMSE(val)=29.973844
[GA][Iter4] Gen:2 Ind:8 RMSE(val)=30.125050
[GA][Iter4] Gen:2 Ind:9 RMSE(val)=30.298938
[GA][Iter4] Gen:2 Ind:10 RMSE(val)=30.326917
[GA][Iter4] Gen:2 Ind:11 RMSE(val)=30.958619
[GA][Iter4] Gen:2 Ind:12 RMSE(val)=29.221605
[GA][Iter4] Gen:2 Ind:13 RMSE(val)=29.375314
[GA][Iter4] Gen:2 Ind:14 RMSE(val)=29.340213
[GA][Iter4] Gen:2 Ind:15 RMSE(val)=30.466281
[GA][Iter4] Gen:2 Ind:16 RMSE(val)=30.667126
[GA][Iter4] Gen:2 Ind:17 RMSE(val)=29.277220
[GA][Iter4] Gen:2 Ind:18 RMSE(val)=31.136037
[GA][Iter4] Gen:2 Ind:19 RMSE(val)=29.536648
[GA][Iter4] Gen:2 Ind:20 RMSE(val)=30.177138
[GA][Iter4] gen=2 best_val_rmse=28.700113
[GA][Iter4] Gen:3 Ind:1 RMSE(val)=28.700113
[GA][Iter4] Gen:3 Ind:2 RMSE(val)=28.792339
[GA][Iter4] Gen:3 Ind:3 RMSE(val)=29.221605
[GA][Iter4] Gen:3 Ind:4 RMSE(val)=29.277220
[GA][Iter4] Gen:3 Ind:5 RMSE(val)=29.340213
[GA][Iter4] Gen:3 Ind:6 RMSE(val)=29.375314
[GA][Iter4] Gen:3 Ind:7 RMSE(val)=29.396568
[GA][Iter4] Gen:3 Ind:8 RMSE(val)=29.428185
[GA][Iter4] Gen:3 Ind:9 RMSE(val)=29.536648
[GA][Iter4] Gen:3 Ind:10 RMSE(val)=29.687366
[GA][Iter4] Gen:3 Ind:11 RMSE(val)=28.899660
[GA][Iter4] Gen:3 Ind:12 RMSE(val)=29.945265
[GA][Iter4] Gen:3 Ind:13 RMSE(val)=29.246625
[GA][Iter4] Gen:3 Ind:14 RMSE(val)=29.692956
[GA][Iter4] Gen:3 Ind:15 RMSE(val)=29.195268
[GA][Iter4] Gen:3 Ind:16 RMSE(val)=29.323145
[GA][Iter4] Gen:3 Ind:17 RMSE(val)=29.472516
[GA][Iter4] Gen:3 Ind:18 RMSE(val)=29.189624
[GA][Iter4] Gen:3 Ind:19 RMSE(val)=30.274023
[GA][Iter4] Gen:3 Ind:20 RMSE(val)=29.323145
[GA][Iter4] gen=3 best_val_rmse=28.700113
[GA][Iter4] Gen:4 Ind:1 RMSE(val)=28.700113
[GA][Iter4] Gen:4 Ind:2 RMSE(val)=28.792339
[GA][Iter4] Gen:4 Ind:3 RMSE(val)=28.899660
[GA][Iter4] Gen:4 Ind:4 RMSE(val)=29.189624
[GA][Iter4] Gen:4 Ind:5 RMSE(val)=29.195268
[GA][Iter4] Gen:4 Ind:6 RMSE(val)=29.221605
[GA][Iter4] Gen:4 Ind:7 RMSE(val)=29.246625
[GA][Iter4] Gen:4 Ind:8 RMSE(val)=29.277220
[GA][Iter4] Gen:4 Ind:9 RMSE(val)=29.323145
[GA][Iter4] Gen:4 Ind:10 RMSE(val)=29.323145
[GA][Iter4] Gen:4 Ind:11 RMSE(val)=29.277220
[GA][Iter4] Gen:4 Ind:12 RMSE(val)=29.039895
[GA][Iter4] Gen:4 Ind:13 RMSE(val)=29.246625
[GA][Iter4] Gen:4 Ind:14 RMSE(val)=29.205560
[GA][Iter4] Gen:4 Ind:15 RMSE(val)=29.277220
[GA][Iter4] Gen:4 Ind:16 RMSE(val)=29.323145
[GA][Iter4] Gen:4 Ind:17 RMSE(val)=29.333715
[GA][Iter4] Gen:4 Ind:18 RMSE(val)=29.238427
[GA][Iter4] Gen:4 Ind:19 RMSE(val)=30.463629
[GA][Iter4] Gen:4 Ind:20 RMSE(val)=28.899660
[GA][Iter4] gen=4 best_val_rmse=28.700113
[GA][Iter4] Gen:5 Ind:1 RMSE(val)=28.700113
[GA][Iter4] Gen:5 Ind:2 RMSE(val)=28.792339
[GA][Iter4] Gen:5 Ind:3 RMSE(val)=28.899660
[GA][Iter4] Gen:5 Ind:4 RMSE(val)=28.899660
[GA][Iter4] Gen:5 Ind:5 RMSE(val)=29.039895
[GA][Iter4] Gen:5 Ind:6 RMSE(val)=29.189624
[GA][Iter4] Gen:5 Ind:7 RMSE(val)=29.195268
[GA][Iter4] Gen:5 Ind:8 RMSE(val)=29.205560
[GA][Iter4] Gen:5 Ind:9 RMSE(val)=29.221605
[GA][Iter4] Gen:5 Ind:10 RMSE(val)=29.238427
[GA][Iter4] Gen:5 Ind:11 RMSE(val)=29.195268
[GA][Iter4] Gen:5 Ind:12 RMSE(val)=29.329321
[GA][Iter4] Gen:5 Ind:13 RMSE(val)=28.926948
[GA][Iter4] Gen:5 Ind:14 RMSE(val)=29.398873
[GA][Iter4] Gen:5 Ind:15 RMSE(val)=31.382807
[GA][Iter4] Gen:5 Ind:16 RMSE(val)=28.954731
[GA][Iter4] Gen:5 Ind:17 RMSE(val)=29.808717
[GA][Iter4] Gen:5 Ind:18 RMSE(val)=29.103713
[GA][Iter4] Gen:5 Ind:19 RMSE(val)=29.161227
[GA][Iter4] Gen:5 Ind:20 RMSE(val)=28.930122
[GA][Iter4] gen=5 best_val_rmse=28.700113
[GA][Iter4] Gen:6 Ind:1 RMSE(val)=28.700113
[GA][Iter4] Gen:6 Ind:2 RMSE(val)=28.792339
[GA][Iter4] Gen:6 Ind:3 RMSE(val)=28.899660
[GA][Iter4] Gen:6 Ind:4 RMSE(val)=28.899660
[GA][Iter4] Gen:6 Ind:5 RMSE(val)=28.926948
[GA][Iter4] Gen:6 Ind:6 RMSE(val)=28.930122
[GA][Iter4] Gen:6 Ind:7 RMSE(val)=28.954731
[GA][Iter4] Gen:6 Ind:8 RMSE(val)=29.039895
[GA][Iter4] Gen:6 Ind:9 RMSE(val)=29.103713
[GA][Iter4] Gen:6 Ind:10 RMSE(val)=29.161227
[GA][Iter4] Gen:6 Ind:11 RMSE(val)=29.302126
[GA][Iter4] Gen:6 Ind:12 RMSE(val)=28.833620
[GA][Iter4] Gen:6 Ind:13 RMSE(val)=28.899660
[GA][Iter4] Gen:6 Ind:14 RMSE(val)=31.063213
[GA][Iter4] Gen:6 Ind:15 RMSE(val)=29.237871
[GA][Iter4] Gen:6 Ind:16 RMSE(val)=28.943070
[GA][Iter4] Gen:6 Ind:17 RMSE(val)=28.998694
[GA][Iter4] Gen:6 Ind:18 RMSE(val)=29.238581
[GA][Iter4] Gen:6 Ind:19 RMSE(val)=29.090243
[GA][Iter4] Gen:6 Ind:20 RMSE(val)=29.025819
[GA][Iter4] gen=6 best_val_rmse=28.700113
[GA][Iter4] Gen:7 Ind:1 RMSE(val)=28.700113
[GA][Iter4] Gen:7 Ind:2 RMSE(val)=28.792339
[GA][Iter4] Gen:7 Ind:3 RMSE(val)=28.833620
[GA][Iter4] Gen:7 Ind:4 RMSE(val)=28.899660
[GA][Iter4] Gen:7 Ind:5 RMSE(val)=28.899660
[GA][Iter4] Gen:7 Ind:6 RMSE(val)=28.899660
[GA][Iter4] Gen:7 Ind:7 RMSE(val)=28.926948
[GA][Iter4] Gen:7 Ind:8 RMSE(val)=28.930122
[GA][Iter4] Gen:7 Ind:9 RMSE(val)=28.943070
[GA][Iter4] Gen:7 Ind:10 RMSE(val)=28.954731
[GA][Iter4] Gen:7 Ind:11 RMSE(val)=28.956524
[GA][Iter4] Gen:7 Ind:12 RMSE(val)=28.908176
[GA][Iter4] Gen:7 Ind:13 RMSE(val)=28.873942
[GA][Iter4] Gen:7 Ind:14 RMSE(val)=29.133759
[GA][Iter4] Gen:7 Ind:15 RMSE(val)=28.879786
[GA][Iter4] Gen:7 Ind:16 RMSE(val)=28.899660
[GA][Iter4] Gen:7 Ind:17 RMSE(val)=28.899660
[GA][Iter4] Gen:7 Ind:18 RMSE(val)=28.891331
[GA][Iter4] Gen:7 Ind:19 RMSE(val)=28.917109
[GA][Iter4] Gen:7 Ind:20 RMSE(val)=29.178554
[GA][Iter4] gen=7 best_val_rmse=28.700113
[GA][Iter4] Gen:8 Ind:1 RMSE(val)=28.700113
[GA][Iter4] Gen:8 Ind:2 RMSE(val)=28.792339
[GA][Iter4] Gen:8 Ind:3 RMSE(val)=28.833620
[GA][Iter4] Gen:8 Ind:4 RMSE(val)=28.873942
[GA][Iter4] Gen:8 Ind:5 RMSE(val)=28.879786
[GA][Iter4] Gen:8 Ind:6 RMSE(val)=28.891331
[GA][Iter4] Gen:8 Ind:7 RMSE(val)=28.899660
[GA][Iter4] Gen:8 Ind:8 RMSE(val)=28.899660
[GA][Iter4] Gen:8 Ind:9 RMSE(val)=28.899660
[GA][Iter4] Gen:8 Ind:10 RMSE(val)=28.899660
[GA][Iter4] Gen:8 Ind:11 RMSE(val)=28.858722
[GA][Iter4] Gen:8 Ind:12 RMSE(val)=29.148229
[GA][Iter4] Gen:8 Ind:13 RMSE(val)=28.976028
[GA][Iter4] Gen:8 Ind:14 RMSE(val)=28.899660
[GA][Iter4] Gen:8 Ind:15 RMSE(val)=28.987339
[GA][Iter4] Gen:8 Ind:16 RMSE(val)=29.214629
[GA][Iter4] Gen:8 Ind:17 RMSE(val)=28.886715
[GA][Iter4] Gen:8 Ind:18 RMSE(val)=28.866204
[GA][Iter4] Gen:8 Ind:19 RMSE(val)=29.247923
[GA][Iter4] Gen:8 Ind:20 RMSE(val)=29.226301
[GA][Iter4] gen=8 best_val_rmse=28.700113
[GA][Iter4] Gen:9 Ind:1 RMSE(val)=28.700113
[GA][Iter4] Gen:9 Ind:2 RMSE(val)=28.792339
[GA][Iter4] Gen:9 Ind:3 RMSE(val)=28.833620
[GA][Iter4] Gen:9 Ind:4 RMSE(val)=28.858722
[GA][Iter4] Gen:9 Ind:5 RMSE(val)=28.866204
[GA][Iter4] Gen:9 Ind:6 RMSE(val)=28.873942
[GA][Iter4] Gen:9 Ind:7 RMSE(val)=28.879786
[GA][Iter4] Gen:9 Ind:8 RMSE(val)=28.886715
[GA][Iter4] Gen:9 Ind:9 RMSE(val)=28.891331
[GA][Iter4] Gen:9 Ind:10 RMSE(val)=28.899660
[GA][Iter4] Gen:9 Ind:11 RMSE(val)=28.976028
[GA][Iter4] Gen:9 Ind:12 RMSE(val)=28.837579
[GA][Iter4] Gen:9 Ind:13 RMSE(val)=28.652748
[GA][Iter4] Gen:9 Ind:14 RMSE(val)=28.866044
[GA][Iter4] Gen:9 Ind:15 RMSE(val)=28.987920
[GA][Iter4] Gen:9 Ind:16 RMSE(val)=28.671281
[GA][Iter4] Gen:9 Ind:17 RMSE(val)=28.826965
[GA][Iter4] Gen:9 Ind:18 RMSE(val)=28.858175
[GA][Iter4] Gen:9 Ind:19 RMSE(val)=28.887174
[GA][Iter4] Gen:9 Ind:20 RMSE(val)=29.211134
[GA][Iter4] gen=9 best_val_rmse=28.652748
[GA][Iter4] Gen:10 Ind:1 RMSE(val)=28.652748
[GA][Iter4] Gen:10 Ind:2 RMSE(val)=28.671281
[GA][Iter4] Gen:10 Ind:3 RMSE(val)=28.700113
[GA][Iter4] Gen:10 Ind:4 RMSE(val)=28.792339
[GA][Iter4] Gen:10 Ind:5 RMSE(val)=28.826965
[GA][Iter4] Gen:10 Ind:6 RMSE(val)=28.833620
[GA][Iter4] Gen:10 Ind:7 RMSE(val)=28.837579
[GA][Iter4] Gen:10 Ind:8 RMSE(val)=28.858175
[GA][Iter4] Gen:10 Ind:9 RMSE(val)=28.858722
[GA][Iter4] Gen:10 Ind:10 RMSE(val)=28.866044
[GA][Iter4] Gen:10 Ind:11 RMSE(val)=29.336902
[GA][Iter4] Gen:10 Ind:12 RMSE(val)=28.926904
[GA][Iter4] Gen:10 Ind:13 RMSE(val)=28.671616
[GA][Iter4] Gen:10 Ind:14 RMSE(val)=28.893521
[GA][Iter4] Gen:10 Ind:15 RMSE(val)=28.670165
[GA][Iter4] Gen:10 Ind:16 RMSE(val)=28.831541
[GA][Iter4] Gen:10 Ind:17 RMSE(val)=28.697225
[GA][Iter4] Gen:10 Ind:18 RMSE(val)=28.939238
[GA][Iter4] Gen:10 Ind:19 RMSE(val)=28.908747
[GA][Iter4] Gen:10 Ind:20 RMSE(val)=28.833620
[GA][Iter4] gen=10 best_val_rmse=28.652748
[GA][Iter4] Gen:11 Ind:1 RMSE(val)=28.652748
[GA][Iter4] Gen:11 Ind:2 RMSE(val)=28.670165
[GA][Iter4] Gen:11 Ind:3 RMSE(val)=28.671281
[GA][Iter4] Gen:11 Ind:4 RMSE(val)=28.671616
[GA][Iter4] Gen:11 Ind:5 RMSE(val)=28.697225
[GA][Iter4] Gen:11 Ind:6 RMSE(val)=28.700113
[GA][Iter4] Gen:11 Ind:7 RMSE(val)=28.792339
[GA][Iter4] Gen:11 Ind:8 RMSE(val)=28.826965
[GA][Iter4] Gen:11 Ind:9 RMSE(val)=28.831541
[GA][Iter4] Gen:11 Ind:10 RMSE(val)=28.833620
[GA][Iter4] Gen:11 Ind:11 RMSE(val)=28.942217
[GA][Iter4] Gen:11 Ind:12 RMSE(val)=29.146845
[GA][Iter4] Gen:11 Ind:13 RMSE(val)=28.957405
[GA][Iter4] Gen:11 Ind:14 RMSE(val)=28.900799
[GA][Iter4] Gen:11 Ind:15 RMSE(val)=28.923980
[GA][Iter4] Gen:11 Ind:16 RMSE(val)=29.072466
[GA][Iter4] Gen:11 Ind:17 RMSE(val)=28.696989
[GA][Iter4] Gen:11 Ind:18 RMSE(val)=29.307519
[GA][Iter4] Gen:11 Ind:19 RMSE(val)=28.693534
[GA][Iter4] Gen:11 Ind:20 RMSE(val)=30.243783
[GA][Iter4] gen=11 best_val_rmse=28.652748
[GA][Iter4] Gen:12 Ind:1 RMSE(val)=28.652748
[GA][Iter4] Gen:12 Ind:2 RMSE(val)=28.670165
[GA][Iter4] Gen:12 Ind:3 RMSE(val)=28.671281
[GA][Iter4] Gen:12 Ind:4 RMSE(val)=28.671616
[GA][Iter4] Gen:12 Ind:5 RMSE(val)=28.693534
[GA][Iter4] Gen:12 Ind:6 RMSE(val)=28.696989
[GA][Iter4] Gen:12 Ind:7 RMSE(val)=28.697225
[GA][Iter4] Gen:12 Ind:8 RMSE(val)=28.700113
[GA][Iter4] Gen:12 Ind:9 RMSE(val)=28.792339
[GA][Iter4] Gen:12 Ind:10 RMSE(val)=28.826965
[GA][Iter4] Gen:12 Ind:11 RMSE(val)=29.455921
[GA][Iter4] Gen:12 Ind:12 RMSE(val)=28.940665
[GA][Iter4] Gen:12 Ind:13 RMSE(val)=28.694306
[GA][Iter4] Gen:12 Ind:14 RMSE(val)=28.938585
[GA][Iter4] Gen:12 Ind:15 RMSE(val)=28.826965
[GA][Iter4] Gen:12 Ind:16 RMSE(val)=29.331830
[GA][Iter4] Gen:12 Ind:17 RMSE(val)=28.671809
[GA][Iter4] Gen:12 Ind:18 RMSE(val)=28.446964
[GA][Iter4] Gen:12 Ind:19 RMSE(val)=28.962745
[GA][Iter4] Gen:12 Ind:20 RMSE(val)=28.842309
[GA][Iter4] gen=12 best_val_rmse=28.446964
[GA][Iter4] Gen:13 Ind:1 RMSE(val)=28.446964
[GA][Iter4] Gen:13 Ind:2 RMSE(val)=28.652748
[GA][Iter4] Gen:13 Ind:3 RMSE(val)=28.670165
[GA][Iter4] Gen:13 Ind:4 RMSE(val)=28.671281
[GA][Iter4] Gen:13 Ind:5 RMSE(val)=28.671616
[GA][Iter4] Gen:13 Ind:6 RMSE(val)=28.671809
[GA][Iter4] Gen:13 Ind:7 RMSE(val)=28.693534
[GA][Iter4] Gen:13 Ind:8 RMSE(val)=28.694306
[GA][Iter4] Gen:13 Ind:9 RMSE(val)=28.696989
[GA][Iter4] Gen:13 Ind:10 RMSE(val)=28.697225
[GA][Iter4] Gen:13 Ind:11 RMSE(val)=30.838363
[GA][Iter4] Gen:13 Ind:12 RMSE(val)=30.082701
[GA][Iter4] Gen:13 Ind:13 RMSE(val)=30.452632
[GA][Iter4] Gen:13 Ind:14 RMSE(val)=28.671809
[GA][Iter4] Gen:13 Ind:15 RMSE(val)=28.671071
[GA][Iter4] Gen:13 Ind:16 RMSE(val)=28.652748
[GA][Iter4] Gen:13 Ind:17 RMSE(val)=28.797941
[GA][Iter4] Gen:13 Ind:18 RMSE(val)=28.670165
[GA][Iter4] Gen:13 Ind:19 RMSE(val)=28.671809
[GA][Iter4] Gen:13 Ind:20 RMSE(val)=28.942238
[GA][Iter4] gen=13 best_val_rmse=28.446964
[GA][Iter4] Gen:14 Ind:1 RMSE(val)=28.446964
[GA][Iter4] Gen:14 Ind:2 RMSE(val)=28.652748
[GA][Iter4] Gen:14 Ind:3 RMSE(val)=28.652748
[GA][Iter4] Gen:14 Ind:4 RMSE(val)=28.670165
[GA][Iter4] Gen:14 Ind:5 RMSE(val)=28.670165
[GA][Iter4] Gen:14 Ind:6 RMSE(val)=28.671071
[GA][Iter4] Gen:14 Ind:7 RMSE(val)=28.671281
[GA][Iter4] Gen:14 Ind:8 RMSE(val)=28.671616
[GA][Iter4] Gen:14 Ind:9 RMSE(val)=28.671809
[GA][Iter4] Gen:14 Ind:10 RMSE(val)=28.671809
[GA][Iter4] Gen:14 Ind:11 RMSE(val)=28.670165
[GA][Iter4] Gen:14 Ind:12 RMSE(val)=28.522545
[GA][Iter4] Gen:14 Ind:13 RMSE(val)=28.671281
[GA][Iter4] Gen:14 Ind:14 RMSE(val)=28.412722
[GA][Iter4] Gen:14 Ind:15 RMSE(val)=28.671170
[GA][Iter4] Gen:14 Ind:16 RMSE(val)=28.671081
[GA][Iter4] Gen:14 Ind:17 RMSE(val)=28.667292
[GA][Iter4] Gen:14 Ind:18 RMSE(val)=29.974326
[GA][Iter4] Gen:14 Ind:19 RMSE(val)=28.671616
[GA][Iter4] Gen:14 Ind:20 RMSE(val)=28.670165
[GA][Iter4] gen=14 best_val_rmse=28.412722
[GA][Iter4] Gen:15 Ind:1 RMSE(val)=28.412722
[GA][Iter4] Gen:15 Ind:2 RMSE(val)=28.446964
[GA][Iter4] Gen:15 Ind:3 RMSE(val)=28.522545
[GA][Iter4] Gen:15 Ind:4 RMSE(val)=28.652748
[GA][Iter4] Gen:15 Ind:5 RMSE(val)=28.652748
[GA][Iter4] Gen:15 Ind:6 RMSE(val)=28.667292
[GA][Iter4] Gen:15 Ind:7 RMSE(val)=28.670165
[GA][Iter4] Gen:15 Ind:8 RMSE(val)=28.670165
[GA][Iter4] Gen:15 Ind:9 RMSE(val)=28.670165
[GA][Iter4] Gen:15 Ind:10 RMSE(val)=28.670165
[GA][Iter4] Gen:15 Ind:11 RMSE(val)=28.682472
[GA][Iter4] Gen:15 Ind:12 RMSE(val)=28.663170
[GA][Iter4] Gen:15 Ind:13 RMSE(val)=30.371147
[GA][Iter4] Gen:15 Ind:14 RMSE(val)=28.670165
[GA][Iter4] Gen:15 Ind:15 RMSE(val)=28.517054
[GA][Iter4] Gen:15 Ind:16 RMSE(val)=28.397168
[GA][Iter4] Gen:15 Ind:17 RMSE(val)=28.517067
[GA][Iter4] Gen:15 Ind:18 RMSE(val)=28.670165
[GA][Iter4] Gen:15 Ind:19 RMSE(val)=28.637184
[GA][Iter4] Gen:15 Ind:20 RMSE(val)=28.809381
[GA][Iter4] gen=15 best_val_rmse=28.397168
[GA][Iter4] Gen:15 Ind:1 RMSE(val)=28.397168
[GA][Iter4] Gen:15 Ind:2 RMSE(val)=28.412722
[GA][Iter4] Gen:15 Ind:3 RMSE(val)=28.446964
[GA][Iter4] Gen:15 Ind:4 RMSE(val)=28.517054
[GA][Iter4] Gen:15 Ind:5 RMSE(val)=28.517067
[GA][Iter4] Gen:15 Ind:6 RMSE(val)=28.522545
[GA][Iter4] Gen:15 Ind:7 RMSE(val)=28.637184
[GA][Iter4] Gen:15 Ind:8 RMSE(val)=28.652748
[GA][Iter4] Gen:15 Ind:9 RMSE(val)=28.652748
[GA][Iter4] Gen:15 Ind:10 RMSE(val)=28.663170
[GA][Iter4] Gen:15 Ind:11 RMSE(val)=28.652748
[GA][Iter4] Gen:15 Ind:12 RMSE(val)=28.406329
[GA][Iter4] Gen:15 Ind:13 RMSE(val)=28.652748
[GA][Iter4] Gen:15 Ind:14 RMSE(val)=28.508076
[GA][Iter4] Gen:15 Ind:15 RMSE(val)=29.077499
[GA][Iter4] Gen:15 Ind:16 RMSE(val)=28.870540
[GA][Iter4] Gen:15 Ind:17 RMSE(val)=29.806280
[GA][Iter4] Gen:15 Ind:18 RMSE(val)=29.756002
[GA][Iter4] Gen:15 Ind:19 RMSE(val)=28.667292
[GA][Iter4] Gen:15 Ind:20 RMSE(val)=28.832976

[GA DONE][Iter4] Best params on val fold of Iter4
Best val RMSE: 28.397168
Best params: {'n_estimators': 575, 'learning_rate': 0.01200463786726299, 'num_leaves': 30, 'max_depth': 1, 'min_child_samples': 51, 'subsample': 0.7113909055858187, 'colsample_bytree': 0.8805299894360943, 'reg_lambda': 1.3573864719684612, 'reg_alpha': 0.30208634099491427}
--------------------------------------------------------------------------------
[RETUNE GA] Iter4: train folds 1..8 -> test fold 9  RMSE=24.561994  NRMSE=0.980503  CVRMSE=0.073095  R2=0.029629
[GA][Iter5] Gen:1 Ind:1 RMSE(val)=24.952818
[GA][Iter5] Gen:1 Ind:2 RMSE(val)=24.567150
[GA][Iter5] Gen:1 Ind:3 RMSE(val)=26.238614
[GA][Iter5] Gen:1 Ind:4 RMSE(val)=24.295945
[GA][Iter5] Gen:1 Ind:5 RMSE(val)=27.495820
[GA][Iter5] Gen:1 Ind:6 RMSE(val)=24.760421
[GA][Iter5] Gen:1 Ind:7 RMSE(val)=27.516373
[GA][Iter5] Gen:1 Ind:8 RMSE(val)=25.837769
[GA][Iter5] Gen:1 Ind:9 RMSE(val)=26.936771
[GA][Iter5] Gen:1 Ind:10 RMSE(val)=24.711156
[GA][Iter5] Gen:1 Ind:11 RMSE(val)=26.099303
[GA][Iter5] Gen:1 Ind:12 RMSE(val)=27.118628
[GA][Iter5] Gen:1 Ind:13 RMSE(val)=24.415631
[GA][Iter5] Gen:1 Ind:14 RMSE(val)=26.605660
[GA][Iter5] Gen:1 Ind:15 RMSE(val)=24.818300
[GA][Iter5] Gen:1 Ind:16 RMSE(val)=26.369043
[GA][Iter5] Gen:1 Ind:17 RMSE(val)=27.083536
[GA][Iter5] Gen:1 Ind:18 RMSE(val)=24.661248
[GA][Iter5] Gen:1 Ind:19 RMSE(val)=24.473777
[GA][Iter5] Gen:1 Ind:20 RMSE(val)=26.689596
[GA][Iter5] gen=1 best_val_rmse=24.295945
[GA][Iter5] Gen:2 Ind:1 RMSE(val)=24.295945
[GA][Iter5] Gen:2 Ind:2 RMSE(val)=24.415631
[GA][Iter5] Gen:2 Ind:3 RMSE(val)=24.473777
[GA][Iter5] Gen:2 Ind:4 RMSE(val)=24.567150
[GA][Iter5] Gen:2 Ind:5 RMSE(val)=24.661248
[GA][Iter5] Gen:2 Ind:6 RMSE(val)=24.711156
[GA][Iter5] Gen:2 Ind:7 RMSE(val)=24.760421
[GA][Iter5] Gen:2 Ind:8 RMSE(val)=24.818300
[GA][Iter5] Gen:2 Ind:9 RMSE(val)=24.952818
[GA][Iter5] Gen:2 Ind:10 RMSE(val)=25.837769
[GA][Iter5] Gen:2 Ind:11 RMSE(val)=24.903722
[GA][Iter5] Gen:2 Ind:12 RMSE(val)=24.731504
[GA][Iter5] Gen:2 Ind:13 RMSE(val)=26.404776
[GA][Iter5] Gen:2 Ind:14 RMSE(val)=25.680185
[GA][Iter5] Gen:2 Ind:15 RMSE(val)=24.465328
[GA][Iter5] Gen:2 Ind:16 RMSE(val)=24.579933
[GA][Iter5] Gen:2 Ind:17 RMSE(val)=24.768246
[GA][Iter5] Gen:2 Ind:18 RMSE(val)=24.556998
[GA][Iter5] Gen:2 Ind:19 RMSE(val)=24.973166
[GA][Iter5] Gen:2 Ind:20 RMSE(val)=24.584455
[GA][Iter5] gen=2 best_val_rmse=24.295945
[GA][Iter5] Gen:3 Ind:1 RMSE(val)=24.295945
[GA][Iter5] Gen:3 Ind:2 RMSE(val)=24.415631
[GA][Iter5] Gen:3 Ind:3 RMSE(val)=24.465328
[GA][Iter5] Gen:3 Ind:4 RMSE(val)=24.473777
[GA][Iter5] Gen:3 Ind:5 RMSE(val)=24.556998
[GA][Iter5] Gen:3 Ind:6 RMSE(val)=24.567150
[GA][Iter5] Gen:3 Ind:7 RMSE(val)=24.579933
[GA][Iter5] Gen:3 Ind:8 RMSE(val)=24.584455
[GA][Iter5] Gen:3 Ind:9 RMSE(val)=24.661248
[GA][Iter5] Gen:3 Ind:10 RMSE(val)=24.711156
[GA][Iter5] Gen:3 Ind:11 RMSE(val)=25.087765
[GA][Iter5] Gen:3 Ind:12 RMSE(val)=24.409023
[GA][Iter5] Gen:3 Ind:13 RMSE(val)=25.555574
[GA][Iter5] Gen:3 Ind:14 RMSE(val)=24.266741
[GA][Iter5] Gen:3 Ind:15 RMSE(val)=24.649488
[GA][Iter5] Gen:3 Ind:16 RMSE(val)=24.849439
[GA][Iter5] Gen:3 Ind:17 RMSE(val)=24.908373
[GA][Iter5] Gen:3 Ind:18 RMSE(val)=24.658575
[GA][Iter5] Gen:3 Ind:19 RMSE(val)=24.783841
[GA][Iter5] Gen:3 Ind:20 RMSE(val)=25.954608
[GA][Iter5] gen=3 best_val_rmse=24.266741
[GA][Iter5] Gen:4 Ind:1 RMSE(val)=24.266741
[GA][Iter5] Gen:4 Ind:2 RMSE(val)=24.295945
[GA][Iter5] Gen:4 Ind:3 RMSE(val)=24.409023
[GA][Iter5] Gen:4 Ind:4 RMSE(val)=24.415631
[GA][Iter5] Gen:4 Ind:5 RMSE(val)=24.465328
[GA][Iter5] Gen:4 Ind:6 RMSE(val)=24.473777
[GA][Iter5] Gen:4 Ind:7 RMSE(val)=24.556998
[GA][Iter5] Gen:4 Ind:8 RMSE(val)=24.567150
[GA][Iter5] Gen:4 Ind:9 RMSE(val)=24.579933
[GA][Iter5] Gen:4 Ind:10 RMSE(val)=24.584455
[GA][Iter5] Gen:4 Ind:11 RMSE(val)=24.713608
[GA][Iter5] Gen:4 Ind:12 RMSE(val)=26.958342
[GA][Iter5] Gen:4 Ind:13 RMSE(val)=24.324500
[GA][Iter5] Gen:4 Ind:14 RMSE(val)=24.233606
[GA][Iter5] Gen:4 Ind:15 RMSE(val)=24.337972
[GA][Iter5] Gen:4 Ind:16 RMSE(val)=24.563102
[GA][Iter5] Gen:4 Ind:17 RMSE(val)=24.481688
[GA][Iter5] Gen:4 Ind:18 RMSE(val)=24.450614
[GA][Iter5] Gen:4 Ind:19 RMSE(val)=25.388027
[GA][Iter5] Gen:4 Ind:20 RMSE(val)=24.614530
[GA][Iter5] gen=4 best_val_rmse=24.233606
[GA][Iter5] Gen:5 Ind:1 RMSE(val)=24.233606
[GA][Iter5] Gen:5 Ind:2 RMSE(val)=24.266741
[GA][Iter5] Gen:5 Ind:3 RMSE(val)=24.295945
[GA][Iter5] Gen:5 Ind:4 RMSE(val)=24.324500
[GA][Iter5] Gen:5 Ind:5 RMSE(val)=24.337972
[GA][Iter5] Gen:5 Ind:6 RMSE(val)=24.409023
[GA][Iter5] Gen:5 Ind:7 RMSE(val)=24.415631
[GA][Iter5] Gen:5 Ind:8 RMSE(val)=24.450614
[GA][Iter5] Gen:5 Ind:9 RMSE(val)=24.465328
[GA][Iter5] Gen:5 Ind:10 RMSE(val)=24.473777
[GA][Iter5] Gen:5 Ind:11 RMSE(val)=24.731378
[GA][Iter5] Gen:5 Ind:12 RMSE(val)=25.022978
[GA][Iter5] Gen:5 Ind:13 RMSE(val)=24.321777
[GA][Iter5] Gen:5 Ind:14 RMSE(val)=25.849365
[GA][Iter5] Gen:5 Ind:15 RMSE(val)=24.465010
[GA][Iter5] Gen:5 Ind:16 RMSE(val)=24.450614
[GA][Iter5] Gen:5 Ind:17 RMSE(val)=24.655603
[GA][Iter5] Gen:5 Ind:18 RMSE(val)=25.995194
[GA][Iter5] Gen:5 Ind:19 RMSE(val)=24.394643
[GA][Iter5] Gen:5 Ind:20 RMSE(val)=26.374814
[GA][Iter5] gen=5 best_val_rmse=24.233606
[GA][Iter5] Gen:6 Ind:1 RMSE(val)=24.233606
[GA][Iter5] Gen:6 Ind:2 RMSE(val)=24.266741
[GA][Iter5] Gen:6 Ind:3 RMSE(val)=24.295945
[GA][Iter5] Gen:6 Ind:4 RMSE(val)=24.321777
[GA][Iter5] Gen:6 Ind:5 RMSE(val)=24.324500
[GA][Iter5] Gen:6 Ind:6 RMSE(val)=24.337972
[GA][Iter5] Gen:6 Ind:7 RMSE(val)=24.394643
[GA][Iter5] Gen:6 Ind:8 RMSE(val)=24.409023
[GA][Iter5] Gen:6 Ind:9 RMSE(val)=24.415631
[GA][Iter5] Gen:6 Ind:10 RMSE(val)=24.450614
[GA][Iter5] Gen:6 Ind:11 RMSE(val)=24.185547
[GA][Iter5] Gen:6 Ind:12 RMSE(val)=24.592927
[GA][Iter5] Gen:6 Ind:13 RMSE(val)=24.292102
[GA][Iter5] Gen:6 Ind:14 RMSE(val)=24.407062
[GA][Iter5] Gen:6 Ind:15 RMSE(val)=24.490034
[GA][Iter5] Gen:6 Ind:16 RMSE(val)=24.598861
[GA][Iter5] Gen:6 Ind:17 RMSE(val)=24.384625
[GA][Iter5] Gen:6 Ind:18 RMSE(val)=24.342101
[GA][Iter5] Gen:6 Ind:19 RMSE(val)=24.617196
[GA][Iter5] Gen:6 Ind:20 RMSE(val)=24.342101
[GA][Iter5] gen=6 best_val_rmse=24.185547
[GA][Iter5] Gen:7 Ind:1 RMSE(val)=24.185547
[GA][Iter5] Gen:7 Ind:2 RMSE(val)=24.233606
[GA][Iter5] Gen:7 Ind:3 RMSE(val)=24.266741
[GA][Iter5] Gen:7 Ind:4 RMSE(val)=24.292102
[GA][Iter5] Gen:7 Ind:5 RMSE(val)=24.295945
[GA][Iter5] Gen:7 Ind:6 RMSE(val)=24.321777
[GA][Iter5] Gen:7 Ind:7 RMSE(val)=24.324500
[GA][Iter5] Gen:7 Ind:8 RMSE(val)=24.337972
[GA][Iter5] Gen:7 Ind:9 RMSE(val)=24.342101
[GA][Iter5] Gen:7 Ind:10 RMSE(val)=24.342101
[GA][Iter5] Gen:7 Ind:11 RMSE(val)=24.499104
[GA][Iter5] Gen:7 Ind:12 RMSE(val)=25.804751
[GA][Iter5] Gen:7 Ind:13 RMSE(val)=25.261389
[GA][Iter5] Gen:7 Ind:14 RMSE(val)=25.459924
[GA][Iter5] Gen:7 Ind:15 RMSE(val)=26.068571
[GA][Iter5] Gen:7 Ind:16 RMSE(val)=24.315791
[GA][Iter5] Gen:7 Ind:17 RMSE(val)=26.474357
[GA][Iter5] Gen:7 Ind:18 RMSE(val)=24.281304
[GA][Iter5] Gen:7 Ind:19 RMSE(val)=24.561651
[GA][Iter5] Gen:7 Ind:20 RMSE(val)=24.404170
[GA][Iter5] gen=7 best_val_rmse=24.185547
[GA][Iter5] Gen:8 Ind:1 RMSE(val)=24.185547
[GA][Iter5] Gen:8 Ind:2 RMSE(val)=24.233606
[GA][Iter5] Gen:8 Ind:3 RMSE(val)=24.266741
[GA][Iter5] Gen:8 Ind:4 RMSE(val)=24.281304
[GA][Iter5] Gen:8 Ind:5 RMSE(val)=24.292102
[GA][Iter5] Gen:8 Ind:6 RMSE(val)=24.295945
[GA][Iter5] Gen:8 Ind:7 RMSE(val)=24.315791
[GA][Iter5] Gen:8 Ind:8 RMSE(val)=24.321777
[GA][Iter5] Gen:8 Ind:9 RMSE(val)=24.324500
[GA][Iter5] Gen:8 Ind:10 RMSE(val)=24.337972
[GA][Iter5] Gen:8 Ind:11 RMSE(val)=24.186368
[GA][Iter5] Gen:8 Ind:12 RMSE(val)=24.314632
[GA][Iter5] Gen:8 Ind:13 RMSE(val)=24.295945
[GA][Iter5] Gen:8 Ind:14 RMSE(val)=26.156001
[GA][Iter5] Gen:8 Ind:15 RMSE(val)=24.237524
[GA][Iter5] Gen:8 Ind:16 RMSE(val)=24.514866
[GA][Iter5] Gen:8 Ind:17 RMSE(val)=24.514866
[GA][Iter5] Gen:8 Ind:18 RMSE(val)=24.261029
[GA][Iter5] Gen:8 Ind:19 RMSE(val)=24.233606
[GA][Iter5] Gen:8 Ind:20 RMSE(val)=24.995787
[GA][Iter5] gen=8 best_val_rmse=24.185547
[GA][Iter5] Gen:9 Ind:1 RMSE(val)=24.185547
[GA][Iter5] Gen:9 Ind:2 RMSE(val)=24.186368
[GA][Iter5] Gen:9 Ind:3 RMSE(val)=24.233606
[GA][Iter5] Gen:9 Ind:4 RMSE(val)=24.233606
[GA][Iter5] Gen:9 Ind:5 RMSE(val)=24.237524
[GA][Iter5] Gen:9 Ind:6 RMSE(val)=24.261029
[GA][Iter5] Gen:9 Ind:7 RMSE(val)=24.266741
[GA][Iter5] Gen:9 Ind:8 RMSE(val)=24.281304
[GA][Iter5] Gen:9 Ind:9 RMSE(val)=24.292102
[GA][Iter5] Gen:9 Ind:10 RMSE(val)=24.295945
[GA][Iter5] Gen:9 Ind:11 RMSE(val)=24.062553
[GA][Iter5] Gen:9 Ind:12 RMSE(val)=24.274675
[GA][Iter5] Gen:9 Ind:13 RMSE(val)=26.626668
[GA][Iter5] Gen:9 Ind:14 RMSE(val)=24.338904
[GA][Iter5] Gen:9 Ind:15 RMSE(val)=24.240368
[GA][Iter5] Gen:9 Ind:16 RMSE(val)=25.844020
[GA][Iter5] Gen:9 Ind:17 RMSE(val)=24.264439
[GA][Iter5] Gen:9 Ind:18 RMSE(val)=24.196999
[GA][Iter5] Gen:9 Ind:19 RMSE(val)=24.301040
[GA][Iter5] Gen:9 Ind:20 RMSE(val)=24.270149
[GA][Iter5] gen=9 best_val_rmse=24.062553
[GA][Iter5] Gen:10 Ind:1 RMSE(val)=24.062553
[GA][Iter5] Gen:10 Ind:2 RMSE(val)=24.185547
[GA][Iter5] Gen:10 Ind:3 RMSE(val)=24.186368
[GA][Iter5] Gen:10 Ind:4 RMSE(val)=24.196999
[GA][Iter5] Gen:10 Ind:5 RMSE(val)=24.233606
[GA][Iter5] Gen:10 Ind:6 RMSE(val)=24.233606
[GA][Iter5] Gen:10 Ind:7 RMSE(val)=24.237524
[GA][Iter5] Gen:10 Ind:8 RMSE(val)=24.240368
[GA][Iter5] Gen:10 Ind:9 RMSE(val)=24.261029
[GA][Iter5] Gen:10 Ind:10 RMSE(val)=24.264439
[GA][Iter5] Gen:10 Ind:11 RMSE(val)=24.311968
[GA][Iter5] Gen:10 Ind:12 RMSE(val)=24.276008
[GA][Iter5] Gen:10 Ind:13 RMSE(val)=25.610625
[GA][Iter5] Gen:10 Ind:14 RMSE(val)=24.264439
[GA][Iter5] Gen:10 Ind:15 RMSE(val)=24.233606
[GA][Iter5] Gen:10 Ind:16 RMSE(val)=24.299171
[GA][Iter5] Gen:10 Ind:17 RMSE(val)=24.194685
[GA][Iter5] Gen:10 Ind:18 RMSE(val)=24.196999
[GA][Iter5] Gen:10 Ind:19 RMSE(val)=24.237322
[GA][Iter5] Gen:10 Ind:20 RMSE(val)=24.961674
[GA][Iter5] gen=10 best_val_rmse=24.062553
[GA][Iter5] Gen:11 Ind:1 RMSE(val)=24.062553
[GA][Iter5] Gen:11 Ind:2 RMSE(val)=24.185547
[GA][Iter5] Gen:11 Ind:3 RMSE(val)=24.186368
[GA][Iter5] Gen:11 Ind:4 RMSE(val)=24.194685
[GA][Iter5] Gen:11 Ind:5 RMSE(val)=24.196999
[GA][Iter5] Gen:11 Ind:6 RMSE(val)=24.196999
[GA][Iter5] Gen:11 Ind:7 RMSE(val)=24.233606
[GA][Iter5] Gen:11 Ind:8 RMSE(val)=24.233606
[GA][Iter5] Gen:11 Ind:9 RMSE(val)=24.233606
[GA][Iter5] Gen:11 Ind:10 RMSE(val)=24.237322
[GA][Iter5] Gen:11 Ind:11 RMSE(val)=24.196999
[GA][Iter5] Gen:11 Ind:12 RMSE(val)=25.481956
[GA][Iter5] Gen:11 Ind:13 RMSE(val)=24.859378
[GA][Iter5] Gen:11 Ind:14 RMSE(val)=24.211945
[GA][Iter5] Gen:11 Ind:15 RMSE(val)=24.533718
[GA][Iter5] Gen:11 Ind:16 RMSE(val)=24.211945
[GA][Iter5] Gen:11 Ind:17 RMSE(val)=24.861390
[GA][Iter5] Gen:11 Ind:18 RMSE(val)=24.324911
[GA][Iter5] Gen:11 Ind:19 RMSE(val)=24.242627
[GA][Iter5] Gen:11 Ind:20 RMSE(val)=24.273671
[GA][Iter5] gen=11 best_val_rmse=24.062553
[GA][Iter5] Gen:12 Ind:1 RMSE(val)=24.062553
[GA][Iter5] Gen:12 Ind:2 RMSE(val)=24.185547
[GA][Iter5] Gen:12 Ind:3 RMSE(val)=24.186368
[GA][Iter5] Gen:12 Ind:4 RMSE(val)=24.194685
[GA][Iter5] Gen:12 Ind:5 RMSE(val)=24.196999
[GA][Iter5] Gen:12 Ind:6 RMSE(val)=24.196999
[GA][Iter5] Gen:12 Ind:7 RMSE(val)=24.196999
[GA][Iter5] Gen:12 Ind:8 RMSE(val)=24.211945
[GA][Iter5] Gen:12 Ind:9 RMSE(val)=24.211945
[GA][Iter5] Gen:12 Ind:10 RMSE(val)=24.233606
[GA][Iter5] Gen:12 Ind:11 RMSE(val)=24.211945
[GA][Iter5] Gen:12 Ind:12 RMSE(val)=24.203046
[GA][Iter5] Gen:12 Ind:13 RMSE(val)=24.253458
[GA][Iter5] Gen:12 Ind:14 RMSE(val)=24.352078
[GA][Iter5] Gen:12 Ind:15 RMSE(val)=24.281152
[GA][Iter5] Gen:12 Ind:16 RMSE(val)=24.233606
[GA][Iter5] Gen:12 Ind:17 RMSE(val)=24.773726
[GA][Iter5] Gen:12 Ind:18 RMSE(val)=24.233606
[GA][Iter5] Gen:12 Ind:19 RMSE(val)=25.921896
[GA][Iter5] Gen:12 Ind:20 RMSE(val)=24.211945
[GA][Iter5] gen=12 best_val_rmse=24.062553
[GA][Iter5] Gen:13 Ind:1 RMSE(val)=24.062553
[GA][Iter5] Gen:13 Ind:2 RMSE(val)=24.185547
[GA][Iter5] Gen:13 Ind:3 RMSE(val)=24.186368
[GA][Iter5] Gen:13 Ind:4 RMSE(val)=24.194685
[GA][Iter5] Gen:13 Ind:5 RMSE(val)=24.196999
[GA][Iter5] Gen:13 Ind:6 RMSE(val)=24.196999
[GA][Iter5] Gen:13 Ind:7 RMSE(val)=24.196999
[GA][Iter5] Gen:13 Ind:8 RMSE(val)=24.203046
[GA][Iter5] Gen:13 Ind:9 RMSE(val)=24.211945
[GA][Iter5] Gen:13 Ind:10 RMSE(val)=24.211945
[GA][Iter5] Gen:13 Ind:11 RMSE(val)=24.233606
[GA][Iter5] Gen:13 Ind:12 RMSE(val)=24.771744
[GA][Iter5] Gen:13 Ind:13 RMSE(val)=25.512798
[GA][Iter5] Gen:13 Ind:14 RMSE(val)=25.614679
[GA][Iter5] Gen:13 Ind:15 RMSE(val)=24.196999
[GA][Iter5] Gen:13 Ind:16 RMSE(val)=24.328065
[GA][Iter5] Gen:13 Ind:17 RMSE(val)=24.551794
[GA][Iter5] Gen:13 Ind:18 RMSE(val)=24.333708
[GA][Iter5] Gen:13 Ind:19 RMSE(val)=24.199535
[GA][Iter5] Gen:13 Ind:20 RMSE(val)=24.196999
[GA][Iter5] gen=13 best_val_rmse=24.062553
[GA][Iter5] Gen:14 Ind:1 RMSE(val)=24.062553
[GA][Iter5] Gen:14 Ind:2 RMSE(val)=24.185547
[GA][Iter5] Gen:14 Ind:3 RMSE(val)=24.186368
[GA][Iter5] Gen:14 Ind:4 RMSE(val)=24.194685
[GA][Iter5] Gen:14 Ind:5 RMSE(val)=24.196999
[GA][Iter5] Gen:14 Ind:6 RMSE(val)=24.196999
[GA][Iter5] Gen:14 Ind:7 RMSE(val)=24.196999
[GA][Iter5] Gen:14 Ind:8 RMSE(val)=24.196999
[GA][Iter5] Gen:14 Ind:9 RMSE(val)=24.196999
[GA][Iter5] Gen:14 Ind:10 RMSE(val)=24.199535
[GA][Iter5] Gen:14 Ind:11 RMSE(val)=24.199535
[GA][Iter5] Gen:14 Ind:12 RMSE(val)=24.196999
[GA][Iter5] Gen:14 Ind:13 RMSE(val)=24.187125
[GA][Iter5] Gen:14 Ind:14 RMSE(val)=24.196999
[GA][Iter5] Gen:14 Ind:15 RMSE(val)=25.699907
[GA][Iter5] Gen:14 Ind:16 RMSE(val)=24.199535
[GA][Iter5] Gen:14 Ind:17 RMSE(val)=24.196999
[GA][Iter5] Gen:14 Ind:18 RMSE(val)=24.199535
[GA][Iter5] Gen:14 Ind:19 RMSE(val)=25.345471
[GA][Iter5] Gen:14 Ind:20 RMSE(val)=24.196999
[GA][Iter5] gen=14 best_val_rmse=24.062553
[GA][Iter5] Gen:15 Ind:1 RMSE(val)=24.062553
[GA][Iter5] Gen:15 Ind:2 RMSE(val)=24.185547
[GA][Iter5] Gen:15 Ind:3 RMSE(val)=24.186368
[GA][Iter5] Gen:15 Ind:4 RMSE(val)=24.187125
[GA][Iter5] Gen:15 Ind:5 RMSE(val)=24.194685
[GA][Iter5] Gen:15 Ind:6 RMSE(val)=24.196999
[GA][Iter5] Gen:15 Ind:7 RMSE(val)=24.196999
[GA][Iter5] Gen:15 Ind:8 RMSE(val)=24.196999
[GA][Iter5] Gen:15 Ind:9 RMSE(val)=24.196999
[GA][Iter5] Gen:15 Ind:10 RMSE(val)=24.196999
[GA][Iter5] Gen:15 Ind:11 RMSE(val)=24.211945
[GA][Iter5] Gen:15 Ind:12 RMSE(val)=24.236745
[GA][Iter5] Gen:15 Ind:13 RMSE(val)=24.162071
[GA][Iter5] Gen:15 Ind:14 RMSE(val)=24.187125
[GA][Iter5] Gen:15 Ind:15 RMSE(val)=24.196999
[GA][Iter5] Gen:15 Ind:16 RMSE(val)=25.247749
[GA][Iter5] Gen:15 Ind:17 RMSE(val)=25.604833
[GA][Iter5] Gen:15 Ind:18 RMSE(val)=25.552409
[GA][Iter5] Gen:15 Ind:19 RMSE(val)=24.196999
[GA][Iter5] Gen:15 Ind:20 RMSE(val)=24.231944
[GA][Iter5] gen=15 best_val_rmse=24.062553
[GA][Iter5] Gen:15 Ind:1 RMSE(val)=24.062553
[GA][Iter5] Gen:15 Ind:2 RMSE(val)=24.162071
[GA][Iter5] Gen:15 Ind:3 RMSE(val)=24.185547
[GA][Iter5] Gen:15 Ind:4 RMSE(val)=24.186368
[GA][Iter5] Gen:15 Ind:5 RMSE(val)=24.187125
[GA][Iter5] Gen:15 Ind:6 RMSE(val)=24.187125
[GA][Iter5] Gen:15 Ind:7 RMSE(val)=24.194685
[GA][Iter5] Gen:15 Ind:8 RMSE(val)=24.196999
[GA][Iter5] Gen:15 Ind:9 RMSE(val)=24.196999
[GA][Iter5] Gen:15 Ind:10 RMSE(val)=24.196999
[GA][Iter5] Gen:15 Ind:11 RMSE(val)=24.268070
[GA][Iter5] Gen:15 Ind:12 RMSE(val)=24.196999
[GA][Iter5] Gen:15 Ind:13 RMSE(val)=24.196999
[GA][Iter5] Gen:15 Ind:14 RMSE(val)=24.196999
[GA][Iter5] Gen:15 Ind:15 RMSE(val)=25.449689
[GA][Iter5] Gen:15 Ind:16 RMSE(val)=24.187125
[GA][Iter5] Gen:15 Ind:17 RMSE(val)=24.333655
[GA][Iter5] Gen:15 Ind:18 RMSE(val)=24.333815
[GA][Iter5] Gen:15 Ind:19 RMSE(val)=24.547722
[GA][Iter5] Gen:15 Ind:20 RMSE(val)=24.240122

[GA DONE][Iter5] Best params on val fold of Iter5
Best val RMSE: 24.062553
Best params: {'n_estimators': 802, 'learning_rate': 0.008242513216741, 'num_leaves': 225, 'max_depth': 13, 'min_child_samples': 84, 'subsample': 0.9336441706563001, 'colsample_bytree': 0.8962670978670704, 'reg_lambda': 0.19378012046545656, 'reg_alpha': 0.7514508511460413}
--------------------------------------------------------------------------------
[RETUNE GA] Iter5: train folds 1..9 -> test fold 10  RMSE=24.743191  NRMSE=1.023356  CVRMSE=0.074256  R2=-0.057044
