=== BASELINE (project=bruce, last-7 mean, expanding folds) ===
Iter1: train folds 1..5 -> test fold 6  RMSE=38.3067  NRMSE=1.1092  CVRMSE=0.1267  R²=-0.2535
Iter2: train folds 1..6 -> test fold 7  RMSE=21.2604  NRMSE=0.7754  CVRMSE=0.0669  R²=0.3874
Iter3: train folds 1..7 -> test fold 8  RMSE=43.1970  NRMSE=0.9613  CVRMSE=0.1296  R²=0.0585
Iter4: train folds 1..8 -> test fold 9  RMSE=52.6846  NRMSE=1.0247  CVRMSE=0.1573  R²=-0.0699
Iter5: train folds 1..9 -> test fold 10  RMSE=56.4597  NRMSE=1.0737  CVRMSE=0.1601  R²=-0.1745
--------------------------------------------------
[FEATURES] initial=128 kept_after_screening=65
['branch', 'issuer_name', 'gh_files_added', 'gh_files_deleted', 'gh_lines_deleted', 'gh_tests_deleted', 'gh_description_complexity', 'gh_doc_files', 'gh_other_files', 'gh_team_size_last_3_month', 'gh_commits_on_files_touched', 'gh_num_pr_comments', 'gh_test_lines_per_kloc', 'workflow_size', 'hour', 'dow', 'month', 'secs_since_prev', 'duration_lag_1', 'duration_lag_2', 'duration_lag_3', 'window_avg_7', 'window_std_7', 'window_std_3', 'ft___bin__', 'ft___c_', 'ft___cpp_', 'ft___cpp__', 'ft___cpp___', 'ft___h_', 'ft___hpp_', 'ft___hpp__', 'ft___html__', 'ft___h__', 'ft___ini_', 'ft___ini__', 'ft___inl__', 'ft___jpg_', 'ft___jpg__', 'ft___js_', 'ft___json_', 'ft___json__', 'ft___pdf_', 'ft___properties_', 'ft___py_', 'ft___tpp__', 'ft___yml_', 'ft___yml__', 'ft____cpp__', 'ft____csv_', 'ft____csv__', 'ft____h__', 'ft____ini_', 'ft____ini__', 'ft____jpg_', 'ft____json_', 'ft____json__', 'ft____md_', 'ft____md__', 'ft____md___', 'ft____py__', 'ft____tpp_', 'ft____yml_', 'ft____yml__', 'ft____zip__']
--------------------------------------------------------------------------------
[GA][Iter1] Gen:1 Ind:1 RMSE(val)=58.295737
[GA][Iter1] Gen:1 Ind:2 RMSE(val)=57.270668
[GA][Iter1] Gen:1 Ind:3 RMSE(val)=57.681526
[GA][Iter1] Gen:1 Ind:4 RMSE(val)=60.509402
[GA][Iter1] Gen:1 Ind:5 RMSE(val)=56.051650
[GA][Iter1] Gen:1 Ind:6 RMSE(val)=58.782983
[GA][Iter1] Gen:1 Ind:7 RMSE(val)=63.956140
[GA][Iter1] Gen:1 Ind:8 RMSE(val)=56.611364
[GA][Iter1] Gen:1 Ind:9 RMSE(val)=55.536430
[GA][Iter1] Gen:1 Ind:10 RMSE(val)=60.945349
[GA][Iter1] Gen:1 Ind:11 RMSE(val)=57.346598
[GA][Iter1] Gen:1 Ind:12 RMSE(val)=57.385887
[GA][Iter1] Gen:1 Ind:13 RMSE(val)=63.956140
[GA][Iter1] Gen:1 Ind:14 RMSE(val)=57.179907
[GA][Iter1] Gen:1 Ind:15 RMSE(val)=60.125013
[GA][Iter1] Gen:1 Ind:16 RMSE(val)=63.956140
[GA][Iter1] Gen:1 Ind:17 RMSE(val)=63.956140
[GA][Iter1] Gen:1 Ind:18 RMSE(val)=58.134702
[GA][Iter1] Gen:1 Ind:19 RMSE(val)=60.359106
[GA][Iter1] Gen:1 Ind:20 RMSE(val)=57.188370
[GA][Iter1] gen=1 best_val_rmse=55.536430
[GA][Iter1] Gen:2 Ind:1 RMSE(val)=55.536430
[GA][Iter1] Gen:2 Ind:2 RMSE(val)=56.051650
[GA][Iter1] Gen:2 Ind:3 RMSE(val)=56.611364
[GA][Iter1] Gen:2 Ind:4 RMSE(val)=57.179907
[GA][Iter1] Gen:2 Ind:5 RMSE(val)=57.188370
[GA][Iter1] Gen:2 Ind:6 RMSE(val)=57.270668
[GA][Iter1] Gen:2 Ind:7 RMSE(val)=57.346598
[GA][Iter1] Gen:2 Ind:8 RMSE(val)=57.385887
[GA][Iter1] Gen:2 Ind:9 RMSE(val)=57.681526
[GA][Iter1] Gen:2 Ind:10 RMSE(val)=58.134702
[GA][Iter1] Gen:2 Ind:11 RMSE(val)=57.719767
[GA][Iter1] Gen:2 Ind:12 RMSE(val)=57.542395
[GA][Iter1] Gen:2 Ind:13 RMSE(val)=57.236418
[GA][Iter1] Gen:2 Ind:14 RMSE(val)=57.675198
[GA][Iter1] Gen:2 Ind:15 RMSE(val)=56.216460
[GA][Iter1] Gen:2 Ind:16 RMSE(val)=57.410269
[GA][Iter1] Gen:2 Ind:17 RMSE(val)=57.642081
[GA][Iter1] Gen:2 Ind:18 RMSE(val)=57.338221
[GA][Iter1] Gen:2 Ind:19 RMSE(val)=57.407535
[GA][Iter1] Gen:2 Ind:20 RMSE(val)=58.243151
[GA][Iter1] gen=2 best_val_rmse=55.536430
[GA][Iter1] Gen:3 Ind:1 RMSE(val)=55.536430
[GA][Iter1] Gen:3 Ind:2 RMSE(val)=56.051650
[GA][Iter1] Gen:3 Ind:3 RMSE(val)=56.216460
[GA][Iter1] Gen:3 Ind:4 RMSE(val)=56.611364
[GA][Iter1] Gen:3 Ind:5 RMSE(val)=57.179907
[GA][Iter1] Gen:3 Ind:6 RMSE(val)=57.188370
[GA][Iter1] Gen:3 Ind:7 RMSE(val)=57.236418
[GA][Iter1] Gen:3 Ind:8 RMSE(val)=57.270668
[GA][Iter1] Gen:3 Ind:9 RMSE(val)=57.338221
[GA][Iter1] Gen:3 Ind:10 RMSE(val)=57.346598
[GA][Iter1] Gen:3 Ind:11 RMSE(val)=57.328911
[GA][Iter1] Gen:3 Ind:12 RMSE(val)=57.297772
[GA][Iter1] Gen:3 Ind:13 RMSE(val)=56.511920
[GA][Iter1] Gen:3 Ind:14 RMSE(val)=56.275731
[GA][Iter1] Gen:3 Ind:15 RMSE(val)=57.021742
[GA][Iter1] Gen:3 Ind:16 RMSE(val)=57.623972
[GA][Iter1] Gen:3 Ind:17 RMSE(val)=57.101774
[GA][Iter1] Gen:3 Ind:18 RMSE(val)=57.171916
[GA][Iter1] Gen:3 Ind:19 RMSE(val)=57.257237
[GA][Iter1] Gen:3 Ind:20 RMSE(val)=55.741390
[GA][Iter1] gen=3 best_val_rmse=55.536430
[GA][Iter1] Gen:4 Ind:1 RMSE(val)=55.536430
[GA][Iter1] Gen:4 Ind:2 RMSE(val)=55.741390
[GA][Iter1] Gen:4 Ind:3 RMSE(val)=56.051650
[GA][Iter1] Gen:4 Ind:4 RMSE(val)=56.216460
[GA][Iter1] Gen:4 Ind:5 RMSE(val)=56.275731
[GA][Iter1] Gen:4 Ind:6 RMSE(val)=56.511920
[GA][Iter1] Gen:4 Ind:7 RMSE(val)=56.611364
[GA][Iter1] Gen:4 Ind:8 RMSE(val)=57.021742
[GA][Iter1] Gen:4 Ind:9 RMSE(val)=57.101774
[GA][Iter1] Gen:4 Ind:10 RMSE(val)=57.171916
[GA][Iter1] Gen:4 Ind:11 RMSE(val)=57.567770
[GA][Iter1] Gen:4 Ind:12 RMSE(val)=56.950392
[GA][Iter1] Gen:4 Ind:13 RMSE(val)=57.353689
[GA][Iter1] Gen:4 Ind:14 RMSE(val)=56.294531
[GA][Iter1] Gen:4 Ind:15 RMSE(val)=57.334601
[GA][Iter1] Gen:4 Ind:16 RMSE(val)=56.432380
[GA][Iter1] Gen:4 Ind:17 RMSE(val)=57.148972
[GA][Iter1] Gen:4 Ind:18 RMSE(val)=56.195669
[GA][Iter1] Gen:4 Ind:19 RMSE(val)=56.635868
[GA][Iter1] Gen:4 Ind:20 RMSE(val)=57.597778
[GA][Iter1] gen=4 best_val_rmse=55.536430
[GA][Iter1] Gen:5 Ind:1 RMSE(val)=55.536430
[GA][Iter1] Gen:5 Ind:2 RMSE(val)=55.741390
[GA][Iter1] Gen:5 Ind:3 RMSE(val)=56.051650
[GA][Iter1] Gen:5 Ind:4 RMSE(val)=56.195669
[GA][Iter1] Gen:5 Ind:5 RMSE(val)=56.216460
[GA][Iter1] Gen:5 Ind:6 RMSE(val)=56.275731
[GA][Iter1] Gen:5 Ind:7 RMSE(val)=56.294531
[GA][Iter1] Gen:5 Ind:8 RMSE(val)=56.432380
[GA][Iter1] Gen:5 Ind:9 RMSE(val)=56.511920
[GA][Iter1] Gen:5 Ind:10 RMSE(val)=56.611364
[GA][Iter1] Gen:5 Ind:11 RMSE(val)=56.461151
[GA][Iter1] Gen:5 Ind:12 RMSE(val)=56.235461
[GA][Iter1] Gen:5 Ind:13 RMSE(val)=55.832704
[GA][Iter1] Gen:5 Ind:14 RMSE(val)=56.608332
[GA][Iter1] Gen:5 Ind:15 RMSE(val)=56.002537
[GA][Iter1] Gen:5 Ind:16 RMSE(val)=56.432380
[GA][Iter1] Gen:5 Ind:17 RMSE(val)=56.220592
[GA][Iter1] Gen:5 Ind:18 RMSE(val)=57.021983
[GA][Iter1] Gen:5 Ind:19 RMSE(val)=55.741390
[GA][Iter1] Gen:5 Ind:20 RMSE(val)=56.195300
[GA][Iter1] gen=5 best_val_rmse=55.536430
[GA][Iter1] Gen:6 Ind:1 RMSE(val)=55.536430
[GA][Iter1] Gen:6 Ind:2 RMSE(val)=55.741390
[GA][Iter1] Gen:6 Ind:3 RMSE(val)=55.741390
[GA][Iter1] Gen:6 Ind:4 RMSE(val)=55.832704
[GA][Iter1] Gen:6 Ind:5 RMSE(val)=56.002537
[GA][Iter1] Gen:6 Ind:6 RMSE(val)=56.051650
[GA][Iter1] Gen:6 Ind:7 RMSE(val)=56.195300
[GA][Iter1] Gen:6 Ind:8 RMSE(val)=56.195669
[GA][Iter1] Gen:6 Ind:9 RMSE(val)=56.216460
[GA][Iter1] Gen:6 Ind:10 RMSE(val)=56.220592
[GA][Iter1] Gen:6 Ind:11 RMSE(val)=56.002537
[GA][Iter1] Gen:6 Ind:12 RMSE(val)=55.983503
[GA][Iter1] Gen:6 Ind:13 RMSE(val)=56.478892
[GA][Iter1] Gen:6 Ind:14 RMSE(val)=56.178667
[GA][Iter1] Gen:6 Ind:15 RMSE(val)=56.635868
[GA][Iter1] Gen:6 Ind:16 RMSE(val)=56.416350
[GA][Iter1] Gen:6 Ind:17 RMSE(val)=56.225960
[GA][Iter1] Gen:6 Ind:18 RMSE(val)=56.608825
[GA][Iter1] Gen:6 Ind:19 RMSE(val)=55.558447
[GA][Iter1] Gen:6 Ind:20 RMSE(val)=56.026948
[GA][Iter1] gen=6 best_val_rmse=55.536430
[GA][Iter1] Gen:7 Ind:1 RMSE(val)=55.536430
[GA][Iter1] Gen:7 Ind:2 RMSE(val)=55.558447
[GA][Iter1] Gen:7 Ind:3 RMSE(val)=55.741390
[GA][Iter1] Gen:7 Ind:4 RMSE(val)=55.741390
[GA][Iter1] Gen:7 Ind:5 RMSE(val)=55.832704
[GA][Iter1] Gen:7 Ind:6 RMSE(val)=55.983503
[GA][Iter1] Gen:7 Ind:7 RMSE(val)=56.002537
[GA][Iter1] Gen:7 Ind:8 RMSE(val)=56.002537
[GA][Iter1] Gen:7 Ind:9 RMSE(val)=56.026948
[GA][Iter1] Gen:7 Ind:10 RMSE(val)=56.051650
[GA][Iter1] Gen:7 Ind:11 RMSE(val)=56.084405
[GA][Iter1] Gen:7 Ind:12 RMSE(val)=55.604016
[GA][Iter1] Gen:7 Ind:13 RMSE(val)=56.124861
[GA][Iter1] Gen:7 Ind:14 RMSE(val)=56.215597
[GA][Iter1] Gen:7 Ind:15 RMSE(val)=56.350420
[GA][Iter1] Gen:7 Ind:16 RMSE(val)=56.596536
[GA][Iter1] Gen:7 Ind:17 RMSE(val)=56.380004
[GA][Iter1] Gen:7 Ind:18 RMSE(val)=56.088897
[GA][Iter1] Gen:7 Ind:19 RMSE(val)=55.618077
[GA][Iter1] Gen:7 Ind:20 RMSE(val)=55.940714
[GA][Iter1] gen=7 best_val_rmse=55.536430
[GA][Iter1] Gen:8 Ind:1 RMSE(val)=55.536430
[GA][Iter1] Gen:8 Ind:2 RMSE(val)=55.558447
[GA][Iter1] Gen:8 Ind:3 RMSE(val)=55.604016
[GA][Iter1] Gen:8 Ind:4 RMSE(val)=55.618077
[GA][Iter1] Gen:8 Ind:5 RMSE(val)=55.741390
[GA][Iter1] Gen:8 Ind:6 RMSE(val)=55.741390
[GA][Iter1] Gen:8 Ind:7 RMSE(val)=55.832704
[GA][Iter1] Gen:8 Ind:8 RMSE(val)=55.940714
[GA][Iter1] Gen:8 Ind:9 RMSE(val)=55.983503
[GA][Iter1] Gen:8 Ind:10 RMSE(val)=56.002537
[GA][Iter1] Gen:8 Ind:11 RMSE(val)=55.939011
[GA][Iter1] Gen:8 Ind:12 RMSE(val)=56.565742
[GA][Iter1] Gen:8 Ind:13 RMSE(val)=55.741390
[GA][Iter1] Gen:8 Ind:14 RMSE(val)=56.289373
[GA][Iter1] Gen:8 Ind:15 RMSE(val)=55.824916
[GA][Iter1] Gen:8 Ind:16 RMSE(val)=55.618077
[GA][Iter1] Gen:8 Ind:17 RMSE(val)=56.352689
[GA][Iter1] Gen:8 Ind:18 RMSE(val)=55.656535
[GA][Iter1] Gen:8 Ind:19 RMSE(val)=56.289373
[GA][Iter1] Gen:8 Ind:20 RMSE(val)=55.536430
[GA][Iter1] gen=8 best_val_rmse=55.536430
[GA][Iter1] Gen:9 Ind:1 RMSE(val)=55.536430
[GA][Iter1] Gen:9 Ind:2 RMSE(val)=55.536430
[GA][Iter1] Gen:9 Ind:3 RMSE(val)=55.558447
[GA][Iter1] Gen:9 Ind:4 RMSE(val)=55.604016
[GA][Iter1] Gen:9 Ind:5 RMSE(val)=55.618077
[GA][Iter1] Gen:9 Ind:6 RMSE(val)=55.618077
[GA][Iter1] Gen:9 Ind:7 RMSE(val)=55.656535
[GA][Iter1] Gen:9 Ind:8 RMSE(val)=55.741390
[GA][Iter1] Gen:9 Ind:9 RMSE(val)=55.741390
[GA][Iter1] Gen:9 Ind:10 RMSE(val)=55.741390
[GA][Iter1] Gen:9 Ind:11 RMSE(val)=56.362198
[GA][Iter1] Gen:9 Ind:12 RMSE(val)=55.656535
[GA][Iter1] Gen:9 Ind:13 RMSE(val)=56.527305
[GA][Iter1] Gen:9 Ind:14 RMSE(val)=55.964628
[GA][Iter1] Gen:9 Ind:15 RMSE(val)=55.595497
[GA][Iter1] Gen:9 Ind:16 RMSE(val)=56.218318
[GA][Iter1] Gen:9 Ind:17 RMSE(val)=55.866706
[GA][Iter1] Gen:9 Ind:18 RMSE(val)=55.647941
[GA][Iter1] Gen:9 Ind:19 RMSE(val)=55.618077
[GA][Iter1] Gen:9 Ind:20 RMSE(val)=56.146225
[GA][Iter1] gen=9 best_val_rmse=55.536430
[GA][Iter1] Gen:10 Ind:1 RMSE(val)=55.536430
[GA][Iter1] Gen:10 Ind:2 RMSE(val)=55.536430
[GA][Iter1] Gen:10 Ind:3 RMSE(val)=55.558447
[GA][Iter1] Gen:10 Ind:4 RMSE(val)=55.595497
[GA][Iter1] Gen:10 Ind:5 RMSE(val)=55.604016
[GA][Iter1] Gen:10 Ind:6 RMSE(val)=55.618077
[GA][Iter1] Gen:10 Ind:7 RMSE(val)=55.618077
[GA][Iter1] Gen:10 Ind:8 RMSE(val)=55.618077
[GA][Iter1] Gen:10 Ind:9 RMSE(val)=55.647941
[GA][Iter1] Gen:10 Ind:10 RMSE(val)=55.656535
[GA][Iter1] Gen:10 Ind:11 RMSE(val)=56.046574
[GA][Iter1] Gen:10 Ind:12 RMSE(val)=55.705536
[GA][Iter1] Gen:10 Ind:13 RMSE(val)=56.595904
[GA][Iter1] Gen:10 Ind:14 RMSE(val)=55.558447
[GA][Iter1] Gen:10 Ind:15 RMSE(val)=55.618077
[GA][Iter1] Gen:10 Ind:16 RMSE(val)=55.687946
[GA][Iter1] Gen:10 Ind:17 RMSE(val)=55.694552
[GA][Iter1] Gen:10 Ind:18 RMSE(val)=55.604197
[GA][Iter1] Gen:10 Ind:19 RMSE(val)=55.618077
[GA][Iter1] Gen:10 Ind:20 RMSE(val)=55.536430
[GA][Iter1] gen=10 best_val_rmse=55.536430
[GA][Iter1] Gen:11 Ind:1 RMSE(val)=55.536430
[GA][Iter1] Gen:11 Ind:2 RMSE(val)=55.536430
[GA][Iter1] Gen:11 Ind:3 RMSE(val)=55.536430
[GA][Iter1] Gen:11 Ind:4 RMSE(val)=55.558447
[GA][Iter1] Gen:11 Ind:5 RMSE(val)=55.558447
[GA][Iter1] Gen:11 Ind:6 RMSE(val)=55.595497
[GA][Iter1] Gen:11 Ind:7 RMSE(val)=55.604016
[GA][Iter1] Gen:11 Ind:8 RMSE(val)=55.604197
[GA][Iter1] Gen:11 Ind:9 RMSE(val)=55.618077
[GA][Iter1] Gen:11 Ind:10 RMSE(val)=55.618077
[GA][Iter1] Gen:11 Ind:11 RMSE(val)=55.726219
[GA][Iter1] Gen:11 Ind:12 RMSE(val)=55.908791
[GA][Iter1] Gen:11 Ind:13 RMSE(val)=55.963389
[GA][Iter1] Gen:11 Ind:14 RMSE(val)=55.647941
[GA][Iter1] Gen:11 Ind:15 RMSE(val)=56.257071
[GA][Iter1] Gen:11 Ind:16 RMSE(val)=56.197941
[GA][Iter1] Gen:11 Ind:17 RMSE(val)=55.939011
[GA][Iter1] Gen:11 Ind:18 RMSE(val)=55.558447
[GA][Iter1] Gen:11 Ind:19 RMSE(val)=55.715048
[GA][Iter1] Gen:11 Ind:20 RMSE(val)=55.522444
[GA][Iter1] gen=11 best_val_rmse=55.522444
[GA][Iter1] Gen:12 Ind:1 RMSE(val)=55.522444
[GA][Iter1] Gen:12 Ind:2 RMSE(val)=55.536430
[GA][Iter1] Gen:12 Ind:3 RMSE(val)=55.536430
[GA][Iter1] Gen:12 Ind:4 RMSE(val)=55.536430
[GA][Iter1] Gen:12 Ind:5 RMSE(val)=55.558447
[GA][Iter1] Gen:12 Ind:6 RMSE(val)=55.558447
[GA][Iter1] Gen:12 Ind:7 RMSE(val)=55.558447
[GA][Iter1] Gen:12 Ind:8 RMSE(val)=55.595497
[GA][Iter1] Gen:12 Ind:9 RMSE(val)=55.604016
[GA][Iter1] Gen:12 Ind:10 RMSE(val)=55.604197
[GA][Iter1] Gen:12 Ind:11 RMSE(val)=56.416350
[GA][Iter1] Gen:12 Ind:12 RMSE(val)=56.060123
[GA][Iter1] Gen:12 Ind:13 RMSE(val)=56.136845
[GA][Iter1] Gen:12 Ind:14 RMSE(val)=55.973195
[GA][Iter1] Gen:12 Ind:15 RMSE(val)=56.392271
[GA][Iter1] Gen:12 Ind:16 RMSE(val)=56.410311
[GA][Iter1] Gen:12 Ind:17 RMSE(val)=55.939011
[GA][Iter1] Gen:12 Ind:18 RMSE(val)=56.376629
[GA][Iter1] Gen:12 Ind:19 RMSE(val)=55.536430
[GA][Iter1] Gen:12 Ind:20 RMSE(val)=55.689316
[GA][Iter1] gen=12 best_val_rmse=55.522444
[GA][Iter1] Gen:13 Ind:1 RMSE(val)=55.522444
[GA][Iter1] Gen:13 Ind:2 RMSE(val)=55.536430
[GA][Iter1] Gen:13 Ind:3 RMSE(val)=55.536430
[GA][Iter1] Gen:13 Ind:4 RMSE(val)=55.536430
[GA][Iter1] Gen:13 Ind:5 RMSE(val)=55.536430
[GA][Iter1] Gen:13 Ind:6 RMSE(val)=55.558447
[GA][Iter1] Gen:13 Ind:7 RMSE(val)=55.558447
[GA][Iter1] Gen:13 Ind:8 RMSE(val)=55.558447
[GA][Iter1] Gen:13 Ind:9 RMSE(val)=55.595497
[GA][Iter1] Gen:13 Ind:10 RMSE(val)=55.604016
[GA][Iter1] Gen:13 Ind:11 RMSE(val)=56.025040
[GA][Iter1] Gen:13 Ind:12 RMSE(val)=55.870543
[GA][Iter1] Gen:13 Ind:13 RMSE(val)=55.536430
[GA][Iter1] Gen:13 Ind:14 RMSE(val)=55.536430
[GA][Iter1] Gen:13 Ind:15 RMSE(val)=55.558447
[GA][Iter1] Gen:13 Ind:16 RMSE(val)=55.891062
[GA][Iter1] Gen:13 Ind:17 RMSE(val)=56.158983
[GA][Iter1] Gen:13 Ind:18 RMSE(val)=55.645434
[GA][Iter1] Gen:13 Ind:19 RMSE(val)=55.634866
[GA][Iter1] Gen:13 Ind:20 RMSE(val)=55.558447
[GA][Iter1] gen=13 best_val_rmse=55.522444
[GA][Iter1] Gen:14 Ind:1 RMSE(val)=55.522444
[GA][Iter1] Gen:14 Ind:2 RMSE(val)=55.536430
[GA][Iter1] Gen:14 Ind:3 RMSE(val)=55.536430
[GA][Iter1] Gen:14 Ind:4 RMSE(val)=55.536430
[GA][Iter1] Gen:14 Ind:5 RMSE(val)=55.536430
[GA][Iter1] Gen:14 Ind:6 RMSE(val)=55.536430
[GA][Iter1] Gen:14 Ind:7 RMSE(val)=55.536430
[GA][Iter1] Gen:14 Ind:8 RMSE(val)=55.558447
[GA][Iter1] Gen:14 Ind:9 RMSE(val)=55.558447
[GA][Iter1] Gen:14 Ind:10 RMSE(val)=55.558447
[GA][Iter1] Gen:14 Ind:11 RMSE(val)=55.939011
[GA][Iter1] Gen:14 Ind:12 RMSE(val)=56.379524
[GA][Iter1] Gen:14 Ind:13 RMSE(val)=56.124002
[GA][Iter1] Gen:14 Ind:14 RMSE(val)=56.379524
[GA][Iter1] Gen:14 Ind:15 RMSE(val)=55.536430
[GA][Iter1] Gen:14 Ind:16 RMSE(val)=55.870543
[GA][Iter1] Gen:14 Ind:17 RMSE(val)=56.379524
[GA][Iter1] Gen:14 Ind:18 RMSE(val)=55.634866
[GA][Iter1] Gen:14 Ind:19 RMSE(val)=55.536430
[GA][Iter1] Gen:14 Ind:20 RMSE(val)=55.536430
[GA][Iter1] gen=14 best_val_rmse=55.522444
[GA][Iter1] Gen:15 Ind:1 RMSE(val)=55.522444
[GA][Iter1] Gen:15 Ind:2 RMSE(val)=55.536430
[GA][Iter1] Gen:15 Ind:3 RMSE(val)=55.536430
[GA][Iter1] Gen:15 Ind:4 RMSE(val)=55.536430
[GA][Iter1] Gen:15 Ind:5 RMSE(val)=55.536430
[GA][Iter1] Gen:15 Ind:6 RMSE(val)=55.536430
[GA][Iter1] Gen:15 Ind:7 RMSE(val)=55.536430
[GA][Iter1] Gen:15 Ind:8 RMSE(val)=55.536430
[GA][Iter1] Gen:15 Ind:9 RMSE(val)=55.536430
[GA][Iter1] Gen:15 Ind:10 RMSE(val)=55.536430
[GA][Iter1] Gen:15 Ind:11 RMSE(val)=55.536430
[GA][Iter1] Gen:15 Ind:12 RMSE(val)=55.536430
[GA][Iter1] Gen:15 Ind:13 RMSE(val)=55.536430
[GA][Iter1] Gen:15 Ind:14 RMSE(val)=55.536430
[GA][Iter1] Gen:15 Ind:15 RMSE(val)=55.536430
[GA][Iter1] Gen:15 Ind:16 RMSE(val)=55.536430
[GA][Iter1] Gen:15 Ind:17 RMSE(val)=55.536430
[GA][Iter1] Gen:15 Ind:18 RMSE(val)=55.536430
[GA][Iter1] Gen:15 Ind:19 RMSE(val)=55.536430
[GA][Iter1] Gen:15 Ind:20 RMSE(val)=55.536430
[GA][Iter1] gen=15 best_val_rmse=55.522444
[GA][Iter1] Gen:15 Ind:1 RMSE(val)=55.522444
[GA][Iter1] Gen:15 Ind:2 RMSE(val)=55.536430
[GA][Iter1] Gen:15 Ind:3 RMSE(val)=55.536430
[GA][Iter1] Gen:15 Ind:4 RMSE(val)=55.536430
[GA][Iter1] Gen:15 Ind:5 RMSE(val)=55.536430
[GA][Iter1] Gen:15 Ind:6 RMSE(val)=55.536430
[GA][Iter1] Gen:15 Ind:7 RMSE(val)=55.536430
[GA][Iter1] Gen:15 Ind:8 RMSE(val)=55.536430
[GA][Iter1] Gen:15 Ind:9 RMSE(val)=55.536430
[GA][Iter1] Gen:15 Ind:10 RMSE(val)=55.536430
[GA][Iter1] Gen:15 Ind:11 RMSE(val)=55.536430
[GA][Iter1] Gen:15 Ind:12 RMSE(val)=55.536430
[GA][Iter1] Gen:15 Ind:13 RMSE(val)=55.536430
[GA][Iter1] Gen:15 Ind:14 RMSE(val)=55.536430
[GA][Iter1] Gen:15 Ind:15 RMSE(val)=55.536430
[GA][Iter1] Gen:15 Ind:16 RMSE(val)=55.536430
[GA][Iter1] Gen:15 Ind:17 RMSE(val)=55.536430
[GA][Iter1] Gen:15 Ind:18 RMSE(val)=55.536430
[GA][Iter1] Gen:15 Ind:19 RMSE(val)=55.536430
[GA][Iter1] Gen:15 Ind:20 RMSE(val)=55.536430

[GA DONE][Iter1] Best params on val fold of Iter1
Best val RMSE: 55.522444
Best params: {'n_estimators': 1207, 'learning_rate': 0.0710626095871811, 'num_leaves': 22, 'max_depth': 0, 'min_child_samples': 42, 'subsample': 0.9658190358962174, 'colsample_bytree': 0.7835407410349595, 'reg_lambda': 0.5190108650695754, 'reg_alpha': 0.05493922428246702}
--------------------------------------------------------------------------------
[RETUNE GA] Iter1: train folds 1..5 -> test fold 6  RMSE=39.076275  NRMSE=1.131450  CVRMSE=0.129233  R2=-0.304335
[GA][Iter2] Gen:1 Ind:1 RMSE(val)=36.917610
[GA][Iter2] Gen:1 Ind:2 RMSE(val)=36.229921
[GA][Iter2] Gen:1 Ind:3 RMSE(val)=36.374989
[GA][Iter2] Gen:1 Ind:4 RMSE(val)=33.987086
[GA][Iter2] Gen:1 Ind:5 RMSE(val)=37.714635
[GA][Iter2] Gen:1 Ind:6 RMSE(val)=35.465895
[GA][Iter2] Gen:1 Ind:7 RMSE(val)=34.595115
[GA][Iter2] Gen:1 Ind:8 RMSE(val)=36.916723
[GA][Iter2] Gen:1 Ind:9 RMSE(val)=39.450108
[GA][Iter2] Gen:1 Ind:10 RMSE(val)=34.420692
[GA][Iter2] Gen:1 Ind:11 RMSE(val)=36.086763
[GA][Iter2] Gen:1 Ind:12 RMSE(val)=39.034950
[GA][Iter2] Gen:1 Ind:13 RMSE(val)=34.595115
[GA][Iter2] Gen:1 Ind:14 RMSE(val)=36.183781
[GA][Iter2] Gen:1 Ind:15 RMSE(val)=34.844041
[GA][Iter2] Gen:1 Ind:16 RMSE(val)=34.265315
[GA][Iter2] Gen:1 Ind:17 RMSE(val)=34.544577
[GA][Iter2] Gen:1 Ind:18 RMSE(val)=35.420476
[GA][Iter2] Gen:1 Ind:19 RMSE(val)=34.066988
[GA][Iter2] Gen:1 Ind:20 RMSE(val)=35.792343
[GA][Iter2] gen=1 best_val_rmse=33.987086
[GA][Iter2] Gen:2 Ind:1 RMSE(val)=33.987086
[GA][Iter2] Gen:2 Ind:2 RMSE(val)=34.066988
[GA][Iter2] Gen:2 Ind:3 RMSE(val)=34.265315
[GA][Iter2] Gen:2 Ind:4 RMSE(val)=34.420692
[GA][Iter2] Gen:2 Ind:5 RMSE(val)=34.544577
[GA][Iter2] Gen:2 Ind:6 RMSE(val)=34.595115
[GA][Iter2] Gen:2 Ind:7 RMSE(val)=34.595115
[GA][Iter2] Gen:2 Ind:8 RMSE(val)=34.844041
[GA][Iter2] Gen:2 Ind:9 RMSE(val)=35.420476
[GA][Iter2] Gen:2 Ind:10 RMSE(val)=35.465895
[GA][Iter2] Gen:2 Ind:11 RMSE(val)=34.789701
[GA][Iter2] Gen:2 Ind:12 RMSE(val)=34.872432
[GA][Iter2] Gen:2 Ind:13 RMSE(val)=34.595115
[GA][Iter2] Gen:2 Ind:14 RMSE(val)=34.177254
[GA][Iter2] Gen:2 Ind:15 RMSE(val)=33.836380
[GA][Iter2] Gen:2 Ind:16 RMSE(val)=34.595115
[GA][Iter2] Gen:2 Ind:17 RMSE(val)=36.077736
[GA][Iter2] Gen:2 Ind:18 RMSE(val)=35.392114
[GA][Iter2] Gen:2 Ind:19 RMSE(val)=35.006881
[GA][Iter2] Gen:2 Ind:20 RMSE(val)=35.486878
[GA][Iter2] gen=2 best_val_rmse=33.836380
[GA][Iter2] Gen:3 Ind:1 RMSE(val)=33.836380
[GA][Iter2] Gen:3 Ind:2 RMSE(val)=33.987086
[GA][Iter2] Gen:3 Ind:3 RMSE(val)=34.066988
[GA][Iter2] Gen:3 Ind:4 RMSE(val)=34.177254
[GA][Iter2] Gen:3 Ind:5 RMSE(val)=34.265315
[GA][Iter2] Gen:3 Ind:6 RMSE(val)=34.420692
[GA][Iter2] Gen:3 Ind:7 RMSE(val)=34.544577
[GA][Iter2] Gen:3 Ind:8 RMSE(val)=34.595115
[GA][Iter2] Gen:3 Ind:9 RMSE(val)=34.595115
[GA][Iter2] Gen:3 Ind:10 RMSE(val)=34.595115
[GA][Iter2] Gen:3 Ind:11 RMSE(val)=34.595115
[GA][Iter2] Gen:3 Ind:12 RMSE(val)=34.544693
[GA][Iter2] Gen:3 Ind:13 RMSE(val)=36.770994
[GA][Iter2] Gen:3 Ind:14 RMSE(val)=34.591110
[GA][Iter2] Gen:3 Ind:15 RMSE(val)=36.115403
[GA][Iter2] Gen:3 Ind:16 RMSE(val)=34.262200
[GA][Iter2] Gen:3 Ind:17 RMSE(val)=35.050595
[GA][Iter2] Gen:3 Ind:18 RMSE(val)=34.418815
[GA][Iter2] Gen:3 Ind:19 RMSE(val)=36.234623
[GA][Iter2] Gen:3 Ind:20 RMSE(val)=34.099200
[GA][Iter2] gen=3 best_val_rmse=33.836380
[GA][Iter2] Gen:4 Ind:1 RMSE(val)=33.836380
[GA][Iter2] Gen:4 Ind:2 RMSE(val)=33.987086
[GA][Iter2] Gen:4 Ind:3 RMSE(val)=34.066988
[GA][Iter2] Gen:4 Ind:4 RMSE(val)=34.099200
[GA][Iter2] Gen:4 Ind:5 RMSE(val)=34.177254
[GA][Iter2] Gen:4 Ind:6 RMSE(val)=34.262200
[GA][Iter2] Gen:4 Ind:7 RMSE(val)=34.265315
[GA][Iter2] Gen:4 Ind:8 RMSE(val)=34.418815
[GA][Iter2] Gen:4 Ind:9 RMSE(val)=34.420692
[GA][Iter2] Gen:4 Ind:10 RMSE(val)=34.544577
[GA][Iter2] Gen:4 Ind:11 RMSE(val)=34.532689
[GA][Iter2] Gen:4 Ind:12 RMSE(val)=34.082870
[GA][Iter2] Gen:4 Ind:13 RMSE(val)=34.092982
[GA][Iter2] Gen:4 Ind:14 RMSE(val)=34.461476
[GA][Iter2] Gen:4 Ind:15 RMSE(val)=34.544583
[GA][Iter2] Gen:4 Ind:16 RMSE(val)=34.461440
[GA][Iter2] Gen:4 Ind:17 RMSE(val)=34.101487
[GA][Iter2] Gen:4 Ind:18 RMSE(val)=33.990784
[GA][Iter2] Gen:4 Ind:19 RMSE(val)=34.066988
[GA][Iter2] Gen:4 Ind:20 RMSE(val)=34.544552
[GA][Iter2] gen=4 best_val_rmse=33.836380
[GA][Iter2] Gen:5 Ind:1 RMSE(val)=33.836380
[GA][Iter2] Gen:5 Ind:2 RMSE(val)=33.987086
[GA][Iter2] Gen:5 Ind:3 RMSE(val)=33.990784
[GA][Iter2] Gen:5 Ind:4 RMSE(val)=34.066988
[GA][Iter2] Gen:5 Ind:5 RMSE(val)=34.066988
[GA][Iter2] Gen:5 Ind:6 RMSE(val)=34.082870
[GA][Iter2] Gen:5 Ind:7 RMSE(val)=34.092982
[GA][Iter2] Gen:5 Ind:8 RMSE(val)=34.099200
[GA][Iter2] Gen:5 Ind:9 RMSE(val)=34.101487
[GA][Iter2] Gen:5 Ind:10 RMSE(val)=34.177254
[GA][Iter2] Gen:5 Ind:11 RMSE(val)=36.467538
[GA][Iter2] Gen:5 Ind:12 RMSE(val)=34.658779
[GA][Iter2] Gen:5 Ind:13 RMSE(val)=34.175815
[GA][Iter2] Gen:5 Ind:14 RMSE(val)=34.272429
[GA][Iter2] Gen:5 Ind:15 RMSE(val)=34.100649
[GA][Iter2] Gen:5 Ind:16 RMSE(val)=34.166169
[GA][Iter2] Gen:5 Ind:17 RMSE(val)=34.218128
[GA][Iter2] Gen:5 Ind:18 RMSE(val)=36.763093
[GA][Iter2] Gen:5 Ind:19 RMSE(val)=33.830375
[GA][Iter2] Gen:5 Ind:20 RMSE(val)=34.092982
[GA][Iter2] gen=5 best_val_rmse=33.830375
[GA][Iter2] Gen:6 Ind:1 RMSE(val)=33.830375
[GA][Iter2] Gen:6 Ind:2 RMSE(val)=33.836380
[GA][Iter2] Gen:6 Ind:3 RMSE(val)=33.987086
[GA][Iter2] Gen:6 Ind:4 RMSE(val)=33.990784
[GA][Iter2] Gen:6 Ind:5 RMSE(val)=34.066988
[GA][Iter2] Gen:6 Ind:6 RMSE(val)=34.066988
[GA][Iter2] Gen:6 Ind:7 RMSE(val)=34.082870
[GA][Iter2] Gen:6 Ind:8 RMSE(val)=34.092982
[GA][Iter2] Gen:6 Ind:9 RMSE(val)=34.092982
[GA][Iter2] Gen:6 Ind:10 RMSE(val)=34.099200
[GA][Iter2] Gen:6 Ind:11 RMSE(val)=34.717665
[GA][Iter2] Gen:6 Ind:12 RMSE(val)=33.830375
[GA][Iter2] Gen:6 Ind:13 RMSE(val)=33.987314
[GA][Iter2] Gen:6 Ind:14 RMSE(val)=33.830375
[GA][Iter2] Gen:6 Ind:15 RMSE(val)=34.654578
[GA][Iter2] Gen:6 Ind:16 RMSE(val)=34.077136
[GA][Iter2] Gen:6 Ind:17 RMSE(val)=34.900105
[GA][Iter2] Gen:6 Ind:18 RMSE(val)=34.108360
[GA][Iter2] Gen:6 Ind:19 RMSE(val)=34.681584
[GA][Iter2] Gen:6 Ind:20 RMSE(val)=34.099200
[GA][Iter2] gen=6 best_val_rmse=33.830375
[GA][Iter2] Gen:7 Ind:1 RMSE(val)=33.830375
[GA][Iter2] Gen:7 Ind:2 RMSE(val)=33.830375
[GA][Iter2] Gen:7 Ind:3 RMSE(val)=33.830375
[GA][Iter2] Gen:7 Ind:4 RMSE(val)=33.836380
[GA][Iter2] Gen:7 Ind:5 RMSE(val)=33.987086
[GA][Iter2] Gen:7 Ind:6 RMSE(val)=33.987314
[GA][Iter2] Gen:7 Ind:7 RMSE(val)=33.990784
[GA][Iter2] Gen:7 Ind:8 RMSE(val)=34.066988
[GA][Iter2] Gen:7 Ind:9 RMSE(val)=34.066988
[GA][Iter2] Gen:7 Ind:10 RMSE(val)=34.077136
[GA][Iter2] Gen:7 Ind:11 RMSE(val)=33.989609
[GA][Iter2] Gen:7 Ind:12 RMSE(val)=35.816760
[GA][Iter2] Gen:7 Ind:13 RMSE(val)=37.226243
[GA][Iter2] Gen:7 Ind:14 RMSE(val)=33.751674
[GA][Iter2] Gen:7 Ind:15 RMSE(val)=33.830375
[GA][Iter2] Gen:7 Ind:16 RMSE(val)=33.990784
[GA][Iter2] Gen:7 Ind:17 RMSE(val)=33.987314
[GA][Iter2] Gen:7 Ind:18 RMSE(val)=34.185444
[GA][Iter2] Gen:7 Ind:19 RMSE(val)=35.841935
[GA][Iter2] Gen:7 Ind:20 RMSE(val)=33.830375
[GA][Iter2] gen=7 best_val_rmse=33.751674
[GA][Iter2] Gen:8 Ind:1 RMSE(val)=33.751674
[GA][Iter2] Gen:8 Ind:2 RMSE(val)=33.830375
[GA][Iter2] Gen:8 Ind:3 RMSE(val)=33.830375
[GA][Iter2] Gen:8 Ind:4 RMSE(val)=33.830375
[GA][Iter2] Gen:8 Ind:5 RMSE(val)=33.830375
[GA][Iter2] Gen:8 Ind:6 RMSE(val)=33.830375
[GA][Iter2] Gen:8 Ind:7 RMSE(val)=33.836380
[GA][Iter2] Gen:8 Ind:8 RMSE(val)=33.987086
[GA][Iter2] Gen:8 Ind:9 RMSE(val)=33.987314
[GA][Iter2] Gen:8 Ind:10 RMSE(val)=33.987314
[GA][Iter2] Gen:8 Ind:11 RMSE(val)=33.893009
[GA][Iter2] Gen:8 Ind:12 RMSE(val)=33.830375
[GA][Iter2] Gen:8 Ind:13 RMSE(val)=33.987086
[GA][Iter2] Gen:8 Ind:14 RMSE(val)=33.987314
[GA][Iter2] Gen:8 Ind:15 RMSE(val)=33.830375
[GA][Iter2] Gen:8 Ind:16 RMSE(val)=33.830375
[GA][Iter2] Gen:8 Ind:17 RMSE(val)=33.748325
[GA][Iter2] Gen:8 Ind:18 RMSE(val)=33.830375
[GA][Iter2] Gen:8 Ind:19 RMSE(val)=33.713501
[GA][Iter2] Gen:8 Ind:20 RMSE(val)=34.544634
[GA][Iter2] gen=8 best_val_rmse=33.713501
[GA][Iter2] Gen:9 Ind:1 RMSE(val)=33.713501
[GA][Iter2] Gen:9 Ind:2 RMSE(val)=33.748325
[GA][Iter2] Gen:9 Ind:3 RMSE(val)=33.751674
[GA][Iter2] Gen:9 Ind:4 RMSE(val)=33.830375
[GA][Iter2] Gen:9 Ind:5 RMSE(val)=33.830375
[GA][Iter2] Gen:9 Ind:6 RMSE(val)=33.830375
[GA][Iter2] Gen:9 Ind:7 RMSE(val)=33.830375
[GA][Iter2] Gen:9 Ind:8 RMSE(val)=33.830375
[GA][Iter2] Gen:9 Ind:9 RMSE(val)=33.830375
[GA][Iter2] Gen:9 Ind:10 RMSE(val)=33.830375
[GA][Iter2] Gen:9 Ind:11 RMSE(val)=33.713501
[GA][Iter2] Gen:9 Ind:12 RMSE(val)=33.830375
[GA][Iter2] Gen:9 Ind:13 RMSE(val)=33.776299
[GA][Iter2] Gen:9 Ind:14 RMSE(val)=33.897224
[GA][Iter2] Gen:9 Ind:15 RMSE(val)=33.830375
[GA][Iter2] Gen:9 Ind:16 RMSE(val)=33.713501
[GA][Iter2] Gen:9 Ind:17 RMSE(val)=33.830375
[GA][Iter2] Gen:9 Ind:18 RMSE(val)=33.830375
[GA][Iter2] Gen:9 Ind:19 RMSE(val)=33.802302
[GA][Iter2] Gen:9 Ind:20 RMSE(val)=33.702337
[GA][Iter2] gen=9 best_val_rmse=33.702337
[GA][Iter2] Gen:10 Ind:1 RMSE(val)=33.702337
[GA][Iter2] Gen:10 Ind:2 RMSE(val)=33.713501
[GA][Iter2] Gen:10 Ind:3 RMSE(val)=33.713501
[GA][Iter2] Gen:10 Ind:4 RMSE(val)=33.713501
[GA][Iter2] Gen:10 Ind:5 RMSE(val)=33.748325
[GA][Iter2] Gen:10 Ind:6 RMSE(val)=33.751674
[GA][Iter2] Gen:10 Ind:7 RMSE(val)=33.776299
[GA][Iter2] Gen:10 Ind:8 RMSE(val)=33.802302
[GA][Iter2] Gen:10 Ind:9 RMSE(val)=33.830375
[GA][Iter2] Gen:10 Ind:10 RMSE(val)=33.830375
[GA][Iter2] Gen:10 Ind:11 RMSE(val)=33.749039
[GA][Iter2] Gen:10 Ind:12 RMSE(val)=33.750906
[GA][Iter2] Gen:10 Ind:13 RMSE(val)=33.705662
[GA][Iter2] Gen:10 Ind:14 RMSE(val)=33.672648
[GA][Iter2] Gen:10 Ind:15 RMSE(val)=33.713501
[GA][Iter2] Gen:10 Ind:16 RMSE(val)=33.830375
[GA][Iter2] Gen:10 Ind:17 RMSE(val)=33.830375
[GA][Iter2] Gen:10 Ind:18 RMSE(val)=33.802302
[GA][Iter2] Gen:10 Ind:19 RMSE(val)=33.713501
[GA][Iter2] Gen:10 Ind:20 RMSE(val)=34.784773
[GA][Iter2] gen=10 best_val_rmse=33.672648
[GA][Iter2] Gen:11 Ind:1 RMSE(val)=33.672648
[GA][Iter2] Gen:11 Ind:2 RMSE(val)=33.702337
[GA][Iter2] Gen:11 Ind:3 RMSE(val)=33.705662
[GA][Iter2] Gen:11 Ind:4 RMSE(val)=33.713501
[GA][Iter2] Gen:11 Ind:5 RMSE(val)=33.713501
[GA][Iter2] Gen:11 Ind:6 RMSE(val)=33.713501
[GA][Iter2] Gen:11 Ind:7 RMSE(val)=33.713501
[GA][Iter2] Gen:11 Ind:8 RMSE(val)=33.713501
[GA][Iter2] Gen:11 Ind:9 RMSE(val)=33.748325
[GA][Iter2] Gen:11 Ind:10 RMSE(val)=33.749039
[GA][Iter2] Gen:11 Ind:11 RMSE(val)=33.711334
[GA][Iter2] Gen:11 Ind:12 RMSE(val)=34.097143
[GA][Iter2] Gen:11 Ind:13 RMSE(val)=33.713501
[GA][Iter2] Gen:11 Ind:14 RMSE(val)=33.749039
[GA][Iter2] Gen:11 Ind:15 RMSE(val)=33.713501
[GA][Iter2] Gen:11 Ind:16 RMSE(val)=34.129811
[GA][Iter2] Gen:11 Ind:17 RMSE(val)=33.669072
[GA][Iter2] Gen:11 Ind:18 RMSE(val)=33.793001
[GA][Iter2] Gen:11 Ind:19 RMSE(val)=33.694987
[GA][Iter2] Gen:11 Ind:20 RMSE(val)=33.714023
[GA][Iter2] gen=11 best_val_rmse=33.669072
[GA][Iter2] Gen:12 Ind:1 RMSE(val)=33.669072
[GA][Iter2] Gen:12 Ind:2 RMSE(val)=33.672648
[GA][Iter2] Gen:12 Ind:3 RMSE(val)=33.694987
[GA][Iter2] Gen:12 Ind:4 RMSE(val)=33.702337
[GA][Iter2] Gen:12 Ind:5 RMSE(val)=33.705662
[GA][Iter2] Gen:12 Ind:6 RMSE(val)=33.711334
[GA][Iter2] Gen:12 Ind:7 RMSE(val)=33.713501
[GA][Iter2] Gen:12 Ind:8 RMSE(val)=33.713501
[GA][Iter2] Gen:12 Ind:9 RMSE(val)=33.713501
[GA][Iter2] Gen:12 Ind:10 RMSE(val)=33.713501
[GA][Iter2] Gen:12 Ind:11 RMSE(val)=34.748016
[GA][Iter2] Gen:12 Ind:12 RMSE(val)=33.757293
[GA][Iter2] Gen:12 Ind:13 RMSE(val)=33.713501
[GA][Iter2] Gen:12 Ind:14 RMSE(val)=33.779283
[GA][Iter2] Gen:12 Ind:15 RMSE(val)=33.713501
[GA][Iter2] Gen:12 Ind:16 RMSE(val)=33.705662
[GA][Iter2] Gen:12 Ind:17 RMSE(val)=33.711334
[GA][Iter2] Gen:12 Ind:18 RMSE(val)=33.694987
[GA][Iter2] Gen:12 Ind:19 RMSE(val)=33.713501
[GA][Iter2] Gen:12 Ind:20 RMSE(val)=33.713501
[GA][Iter2] gen=12 best_val_rmse=33.669072
[GA][Iter2] Gen:13 Ind:1 RMSE(val)=33.669072
[GA][Iter2] Gen:13 Ind:2 RMSE(val)=33.672648
[GA][Iter2] Gen:13 Ind:3 RMSE(val)=33.694987
[GA][Iter2] Gen:13 Ind:4 RMSE(val)=33.694987
[GA][Iter2] Gen:13 Ind:5 RMSE(val)=33.702337
[GA][Iter2] Gen:13 Ind:6 RMSE(val)=33.705662
[GA][Iter2] Gen:13 Ind:7 RMSE(val)=33.705662
[GA][Iter2] Gen:13 Ind:8 RMSE(val)=33.711334
[GA][Iter2] Gen:13 Ind:9 RMSE(val)=33.711334
[GA][Iter2] Gen:13 Ind:10 RMSE(val)=33.713501
[GA][Iter2] Gen:13 Ind:11 RMSE(val)=33.705662
[GA][Iter2] Gen:13 Ind:12 RMSE(val)=33.661089
[GA][Iter2] Gen:13 Ind:13 RMSE(val)=33.672648
[GA][Iter2] Gen:13 Ind:14 RMSE(val)=33.705662
[GA][Iter2] Gen:13 Ind:15 RMSE(val)=33.666068
[GA][Iter2] Gen:13 Ind:16 RMSE(val)=33.672648
[GA][Iter2] Gen:13 Ind:17 RMSE(val)=33.671222
[GA][Iter2] Gen:13 Ind:18 RMSE(val)=33.694987
[GA][Iter2] Gen:13 Ind:19 RMSE(val)=33.705662
[GA][Iter2] Gen:13 Ind:20 RMSE(val)=34.129811
[GA][Iter2] gen=13 best_val_rmse=33.661089
[GA][Iter2] Gen:14 Ind:1 RMSE(val)=33.661089
[GA][Iter2] Gen:14 Ind:2 RMSE(val)=33.666068
[GA][Iter2] Gen:14 Ind:3 RMSE(val)=33.669072
[GA][Iter2] Gen:14 Ind:4 RMSE(val)=33.671222
[GA][Iter2] Gen:14 Ind:5 RMSE(val)=33.672648
[GA][Iter2] Gen:14 Ind:6 RMSE(val)=33.672648
[GA][Iter2] Gen:14 Ind:7 RMSE(val)=33.672648
[GA][Iter2] Gen:14 Ind:8 RMSE(val)=33.694987
[GA][Iter2] Gen:14 Ind:9 RMSE(val)=33.694987
[GA][Iter2] Gen:14 Ind:10 RMSE(val)=33.694987
[GA][Iter2] Gen:14 Ind:11 RMSE(val)=33.672648
[GA][Iter2] Gen:14 Ind:12 RMSE(val)=33.768293
[GA][Iter2] Gen:14 Ind:13 RMSE(val)=33.661089
[GA][Iter2] Gen:14 Ind:14 RMSE(val)=33.672648
[GA][Iter2] Gen:14 Ind:15 RMSE(val)=33.705662
[GA][Iter2] Gen:14 Ind:16 RMSE(val)=33.661089
[GA][Iter2] Gen:14 Ind:17 RMSE(val)=33.671222
[GA][Iter2] Gen:14 Ind:18 RMSE(val)=33.666068
[GA][Iter2] Gen:14 Ind:19 RMSE(val)=33.661089
[GA][Iter2] Gen:14 Ind:20 RMSE(val)=33.661089
[GA][Iter2] gen=14 best_val_rmse=33.661089
[GA][Iter2] Gen:15 Ind:1 RMSE(val)=33.661089
[GA][Iter2] Gen:15 Ind:2 RMSE(val)=33.661089
[GA][Iter2] Gen:15 Ind:3 RMSE(val)=33.661089
[GA][Iter2] Gen:15 Ind:4 RMSE(val)=33.661089
[GA][Iter2] Gen:15 Ind:5 RMSE(val)=33.661089
[GA][Iter2] Gen:15 Ind:6 RMSE(val)=33.666068
[GA][Iter2] Gen:15 Ind:7 RMSE(val)=33.666068
[GA][Iter2] Gen:15 Ind:8 RMSE(val)=33.669072
[GA][Iter2] Gen:15 Ind:9 RMSE(val)=33.671222
[GA][Iter2] Gen:15 Ind:10 RMSE(val)=33.671222
[GA][Iter2] Gen:15 Ind:11 RMSE(val)=33.672648
[GA][Iter2] Gen:15 Ind:12 RMSE(val)=33.694743
[GA][Iter2] Gen:15 Ind:13 RMSE(val)=33.672648
[GA][Iter2] Gen:15 Ind:14 RMSE(val)=33.669072
[GA][Iter2] Gen:15 Ind:15 RMSE(val)=33.676347
[GA][Iter2] Gen:15 Ind:16 RMSE(val)=33.661089
[GA][Iter2] Gen:15 Ind:17 RMSE(val)=33.713501
[GA][Iter2] Gen:15 Ind:18 RMSE(val)=33.669072
[GA][Iter2] Gen:15 Ind:19 RMSE(val)=33.713501
[GA][Iter2] Gen:15 Ind:20 RMSE(val)=33.661089
[GA][Iter2] gen=15 best_val_rmse=33.661089
[GA][Iter2] Gen:15 Ind:1 RMSE(val)=33.661089
[GA][Iter2] Gen:15 Ind:2 RMSE(val)=33.661089
[GA][Iter2] Gen:15 Ind:3 RMSE(val)=33.661089
[GA][Iter2] Gen:15 Ind:4 RMSE(val)=33.661089
[GA][Iter2] Gen:15 Ind:5 RMSE(val)=33.661089
[GA][Iter2] Gen:15 Ind:6 RMSE(val)=33.661089
[GA][Iter2] Gen:15 Ind:7 RMSE(val)=33.661089
[GA][Iter2] Gen:15 Ind:8 RMSE(val)=33.666068
[GA][Iter2] Gen:15 Ind:9 RMSE(val)=33.666068
[GA][Iter2] Gen:15 Ind:10 RMSE(val)=33.669072
[GA][Iter2] Gen:15 Ind:11 RMSE(val)=33.666068
[GA][Iter2] Gen:15 Ind:12 RMSE(val)=33.661089
[GA][Iter2] Gen:15 Ind:13 RMSE(val)=33.666068
[GA][Iter2] Gen:15 Ind:14 RMSE(val)=33.661089
[GA][Iter2] Gen:15 Ind:15 RMSE(val)=33.661089
[GA][Iter2] Gen:15 Ind:16 RMSE(val)=33.666902
[GA][Iter2] Gen:15 Ind:17 RMSE(val)=33.661089
[GA][Iter2] Gen:15 Ind:18 RMSE(val)=33.661089
[GA][Iter2] Gen:15 Ind:19 RMSE(val)=33.688340
[GA][Iter2] Gen:15 Ind:20 RMSE(val)=33.661089

[GA DONE][Iter2] Best params on val fold of Iter2
Best val RMSE: 33.661089
Best params: {'n_estimators': 462, 'learning_rate': 0.008242513216741, 'num_leaves': 19, 'max_depth': 1, 'min_child_samples': 86, 'subsample': 0.8918927146775271, 'colsample_bytree': 0.7941657996601963, 'reg_lambda': 79.02157194040797, 'reg_alpha': 1.4793049062920998}
--------------------------------------------------------------------------------
[RETUNE GA] Iter2: train folds 1..6 -> test fold 7  RMSE=24.609647  NRMSE=0.897564  CVRMSE=0.077416  R2=0.179178
[GA][Iter3] Gen:1 Ind:1 RMSE(val)=24.867022
[GA][Iter3] Gen:1 Ind:2 RMSE(val)=22.955411
[GA][Iter3] Gen:1 Ind:3 RMSE(val)=25.555904
[GA][Iter3] Gen:1 Ind:4 RMSE(val)=23.225650
[GA][Iter3] Gen:1 Ind:5 RMSE(val)=28.456905
[GA][Iter3] Gen:1 Ind:6 RMSE(val)=22.643289
[GA][Iter3] Gen:1 Ind:7 RMSE(val)=29.606933
[GA][Iter3] Gen:1 Ind:8 RMSE(val)=27.728830
[GA][Iter3] Gen:1 Ind:9 RMSE(val)=29.525682
[GA][Iter3] Gen:1 Ind:10 RMSE(val)=23.539040
[GA][Iter3] Gen:1 Ind:11 RMSE(val)=26.888789
[GA][Iter3] Gen:1 Ind:12 RMSE(val)=28.164426
[GA][Iter3] Gen:1 Ind:13 RMSE(val)=22.513410
[GA][Iter3] Gen:1 Ind:14 RMSE(val)=24.113370
[GA][Iter3] Gen:1 Ind:15 RMSE(val)=23.562828
[GA][Iter3] Gen:1 Ind:16 RMSE(val)=26.082309
[GA][Iter3] Gen:1 Ind:17 RMSE(val)=28.065162
[GA][Iter3] Gen:1 Ind:18 RMSE(val)=22.234532
[GA][Iter3] Gen:1 Ind:19 RMSE(val)=23.246399
[GA][Iter3] Gen:1 Ind:20 RMSE(val)=26.095015
[GA][Iter3] gen=1 best_val_rmse=22.234532
[GA][Iter3] Gen:2 Ind:1 RMSE(val)=22.234532
[GA][Iter3] Gen:2 Ind:2 RMSE(val)=22.513410
[GA][Iter3] Gen:2 Ind:3 RMSE(val)=22.643289
[GA][Iter3] Gen:2 Ind:4 RMSE(val)=22.955411
[GA][Iter3] Gen:2 Ind:5 RMSE(val)=23.225650
[GA][Iter3] Gen:2 Ind:6 RMSE(val)=23.246399
[GA][Iter3] Gen:2 Ind:7 RMSE(val)=23.539040
[GA][Iter3] Gen:2 Ind:8 RMSE(val)=23.562828
[GA][Iter3] Gen:2 Ind:9 RMSE(val)=24.113370
[GA][Iter3] Gen:2 Ind:10 RMSE(val)=24.867022
[GA][Iter3] Gen:2 Ind:11 RMSE(val)=23.432894
[GA][Iter3] Gen:2 Ind:12 RMSE(val)=23.714690
[GA][Iter3] Gen:2 Ind:13 RMSE(val)=23.162319
[GA][Iter3] Gen:2 Ind:14 RMSE(val)=23.507649
[GA][Iter3] Gen:2 Ind:15 RMSE(val)=25.002595
[GA][Iter3] Gen:2 Ind:16 RMSE(val)=27.242149
[GA][Iter3] Gen:2 Ind:17 RMSE(val)=23.383306
[GA][Iter3] Gen:2 Ind:18 RMSE(val)=22.816471
[GA][Iter3] Gen:2 Ind:19 RMSE(val)=24.270616
[GA][Iter3] Gen:2 Ind:20 RMSE(val)=23.483292
[GA][Iter3] gen=2 best_val_rmse=22.234532
[GA][Iter3] Gen:3 Ind:1 RMSE(val)=22.234532
[GA][Iter3] Gen:3 Ind:2 RMSE(val)=22.513410
[GA][Iter3] Gen:3 Ind:3 RMSE(val)=22.643289
[GA][Iter3] Gen:3 Ind:4 RMSE(val)=22.816471
[GA][Iter3] Gen:3 Ind:5 RMSE(val)=22.955411
[GA][Iter3] Gen:3 Ind:6 RMSE(val)=23.162319
[GA][Iter3] Gen:3 Ind:7 RMSE(val)=23.225650
[GA][Iter3] Gen:3 Ind:8 RMSE(val)=23.246399
[GA][Iter3] Gen:3 Ind:9 RMSE(val)=23.383306
[GA][Iter3] Gen:3 Ind:10 RMSE(val)=23.432894
[GA][Iter3] Gen:3 Ind:11 RMSE(val)=23.162319
[GA][Iter3] Gen:3 Ind:12 RMSE(val)=23.336847
[GA][Iter3] Gen:3 Ind:13 RMSE(val)=22.858388
[GA][Iter3] Gen:3 Ind:14 RMSE(val)=22.171653
[GA][Iter3] Gen:3 Ind:15 RMSE(val)=23.218634
[GA][Iter3] Gen:3 Ind:16 RMSE(val)=24.476675
[GA][Iter3] Gen:3 Ind:17 RMSE(val)=23.319815
[GA][Iter3] Gen:3 Ind:18 RMSE(val)=22.672469
[GA][Iter3] Gen:3 Ind:19 RMSE(val)=23.524425
[GA][Iter3] Gen:3 Ind:20 RMSE(val)=22.744161
[GA][Iter3] gen=3 best_val_rmse=22.171653
[GA][Iter3] Gen:4 Ind:1 RMSE(val)=22.171653
[GA][Iter3] Gen:4 Ind:2 RMSE(val)=22.234532
[GA][Iter3] Gen:4 Ind:3 RMSE(val)=22.513410
[GA][Iter3] Gen:4 Ind:4 RMSE(val)=22.643289
[GA][Iter3] Gen:4 Ind:5 RMSE(val)=22.672469
[GA][Iter3] Gen:4 Ind:6 RMSE(val)=22.744161
[GA][Iter3] Gen:4 Ind:7 RMSE(val)=22.816471
[GA][Iter3] Gen:4 Ind:8 RMSE(val)=22.858388
[GA][Iter3] Gen:4 Ind:9 RMSE(val)=22.955411
[GA][Iter3] Gen:4 Ind:10 RMSE(val)=23.162319
[GA][Iter3] Gen:4 Ind:11 RMSE(val)=22.607563
[GA][Iter3] Gen:4 Ind:12 RMSE(val)=22.229664
[GA][Iter3] Gen:4 Ind:13 RMSE(val)=24.476675
[GA][Iter3] Gen:4 Ind:14 RMSE(val)=23.329343
[GA][Iter3] Gen:4 Ind:15 RMSE(val)=22.996313
[GA][Iter3] Gen:4 Ind:16 RMSE(val)=23.797474
[GA][Iter3] Gen:4 Ind:17 RMSE(val)=22.539376
[GA][Iter3] Gen:4 Ind:18 RMSE(val)=23.657250
[GA][Iter3] Gen:4 Ind:19 RMSE(val)=22.171653
[GA][Iter3] Gen:4 Ind:20 RMSE(val)=22.318311
[GA][Iter3] gen=4 best_val_rmse=22.171653
[GA][Iter3] Gen:5 Ind:1 RMSE(val)=22.171653
[GA][Iter3] Gen:5 Ind:2 RMSE(val)=22.171653
[GA][Iter3] Gen:5 Ind:3 RMSE(val)=22.229664
[GA][Iter3] Gen:5 Ind:4 RMSE(val)=22.234532
[GA][Iter3] Gen:5 Ind:5 RMSE(val)=22.318311
[GA][Iter3] Gen:5 Ind:6 RMSE(val)=22.513410
[GA][Iter3] Gen:5 Ind:7 RMSE(val)=22.539376
[GA][Iter3] Gen:5 Ind:8 RMSE(val)=22.607563
[GA][Iter3] Gen:5 Ind:9 RMSE(val)=22.643289
[GA][Iter3] Gen:5 Ind:10 RMSE(val)=22.672469
[GA][Iter3] Gen:5 Ind:11 RMSE(val)=22.520612
[GA][Iter3] Gen:5 Ind:12 RMSE(val)=23.235926
[GA][Iter3] Gen:5 Ind:13 RMSE(val)=22.254536
[GA][Iter3] Gen:5 Ind:14 RMSE(val)=22.270140
[GA][Iter3] Gen:5 Ind:15 RMSE(val)=22.318311
[GA][Iter3] Gen:5 Ind:16 RMSE(val)=22.826282
[GA][Iter3] Gen:5 Ind:17 RMSE(val)=22.615313
[GA][Iter3] Gen:5 Ind:18 RMSE(val)=22.236775
[GA][Iter3] Gen:5 Ind:19 RMSE(val)=22.229664
[GA][Iter3] Gen:5 Ind:20 RMSE(val)=22.171653
[GA][Iter3] gen=5 best_val_rmse=22.171653
[GA][Iter3] Gen:6 Ind:1 RMSE(val)=22.171653
[GA][Iter3] Gen:6 Ind:2 RMSE(val)=22.171653
[GA][Iter3] Gen:6 Ind:3 RMSE(val)=22.171653
[GA][Iter3] Gen:6 Ind:4 RMSE(val)=22.229664
[GA][Iter3] Gen:6 Ind:5 RMSE(val)=22.229664
[GA][Iter3] Gen:6 Ind:6 RMSE(val)=22.234532
[GA][Iter3] Gen:6 Ind:7 RMSE(val)=22.236775
[GA][Iter3] Gen:6 Ind:8 RMSE(val)=22.254536
[GA][Iter3] Gen:6 Ind:9 RMSE(val)=22.270140
[GA][Iter3] Gen:6 Ind:10 RMSE(val)=22.318311
[GA][Iter3] Gen:6 Ind:11 RMSE(val)=22.489717
[GA][Iter3] Gen:6 Ind:12 RMSE(val)=22.229664
[GA][Iter3] Gen:6 Ind:13 RMSE(val)=22.333688
[GA][Iter3] Gen:6 Ind:14 RMSE(val)=22.126490
[GA][Iter3] Gen:6 Ind:15 RMSE(val)=22.171653
[GA][Iter3] Gen:6 Ind:16 RMSE(val)=22.130958
[GA][Iter3] Gen:6 Ind:17 RMSE(val)=22.334805
[GA][Iter3] Gen:6 Ind:18 RMSE(val)=22.429829
[GA][Iter3] Gen:6 Ind:19 RMSE(val)=22.444309
[GA][Iter3] Gen:6 Ind:20 RMSE(val)=22.183310
[GA][Iter3] gen=6 best_val_rmse=22.126490
[GA][Iter3] Gen:7 Ind:1 RMSE(val)=22.126490
[GA][Iter3] Gen:7 Ind:2 RMSE(val)=22.130958
[GA][Iter3] Gen:7 Ind:3 RMSE(val)=22.171653
[GA][Iter3] Gen:7 Ind:4 RMSE(val)=22.171653
[GA][Iter3] Gen:7 Ind:5 RMSE(val)=22.171653
[GA][Iter3] Gen:7 Ind:6 RMSE(val)=22.171653
[GA][Iter3] Gen:7 Ind:7 RMSE(val)=22.183310
[GA][Iter3] Gen:7 Ind:8 RMSE(val)=22.229664
[GA][Iter3] Gen:7 Ind:9 RMSE(val)=22.229664
[GA][Iter3] Gen:7 Ind:10 RMSE(val)=22.229664
[GA][Iter3] Gen:7 Ind:11 RMSE(val)=22.229664
[GA][Iter3] Gen:7 Ind:12 RMSE(val)=22.171653
[GA][Iter3] Gen:7 Ind:13 RMSE(val)=22.444309
[GA][Iter3] Gen:7 Ind:14 RMSE(val)=22.163192
[GA][Iter3] Gen:7 Ind:15 RMSE(val)=22.130958
[GA][Iter3] Gen:7 Ind:16 RMSE(val)=22.171653
[GA][Iter3] Gen:7 Ind:17 RMSE(val)=22.171653
[GA][Iter3] Gen:7 Ind:18 RMSE(val)=22.171653
[GA][Iter3] Gen:7 Ind:19 RMSE(val)=22.267275
[GA][Iter3] Gen:7 Ind:20 RMSE(val)=22.444309
[GA][Iter3] gen=7 best_val_rmse=22.126490
[GA][Iter3] Gen:8 Ind:1 RMSE(val)=22.126490
[GA][Iter3] Gen:8 Ind:2 RMSE(val)=22.130958
[GA][Iter3] Gen:8 Ind:3 RMSE(val)=22.130958
[GA][Iter3] Gen:8 Ind:4 RMSE(val)=22.163192
[GA][Iter3] Gen:8 Ind:5 RMSE(val)=22.171653
[GA][Iter3] Gen:8 Ind:6 RMSE(val)=22.171653
[GA][Iter3] Gen:8 Ind:7 RMSE(val)=22.171653
[GA][Iter3] Gen:8 Ind:8 RMSE(val)=22.171653
[GA][Iter3] Gen:8 Ind:9 RMSE(val)=22.171653
[GA][Iter3] Gen:8 Ind:10 RMSE(val)=22.171653
[GA][Iter3] Gen:8 Ind:11 RMSE(val)=22.126490
[GA][Iter3] Gen:8 Ind:12 RMSE(val)=22.231471
[GA][Iter3] Gen:8 Ind:13 RMSE(val)=22.171653
[GA][Iter3] Gen:8 Ind:14 RMSE(val)=22.171653
[GA][Iter3] Gen:8 Ind:15 RMSE(val)=22.171653
[GA][Iter3] Gen:8 Ind:16 RMSE(val)=22.130958
[GA][Iter3] Gen:8 Ind:17 RMSE(val)=22.130958
[GA][Iter3] Gen:8 Ind:18 RMSE(val)=22.166609
[GA][Iter3] Gen:8 Ind:19 RMSE(val)=22.171653
[GA][Iter3] Gen:8 Ind:20 RMSE(val)=22.126490
[GA][Iter3] gen=8 best_val_rmse=22.126490
[GA][Iter3] Gen:9 Ind:1 RMSE(val)=22.126490
[GA][Iter3] Gen:9 Ind:2 RMSE(val)=22.126490
[GA][Iter3] Gen:9 Ind:3 RMSE(val)=22.126490
[GA][Iter3] Gen:9 Ind:4 RMSE(val)=22.130958
[GA][Iter3] Gen:9 Ind:5 RMSE(val)=22.130958
[GA][Iter3] Gen:9 Ind:6 RMSE(val)=22.130958
[GA][Iter3] Gen:9 Ind:7 RMSE(val)=22.130958
[GA][Iter3] Gen:9 Ind:8 RMSE(val)=22.163192
[GA][Iter3] Gen:9 Ind:9 RMSE(val)=22.166609
[GA][Iter3] Gen:9 Ind:10 RMSE(val)=22.171653
[GA][Iter3] Gen:9 Ind:11 RMSE(val)=22.666733
[GA][Iter3] Gen:9 Ind:12 RMSE(val)=22.186008
[GA][Iter3] Gen:9 Ind:13 RMSE(val)=22.171653
[GA][Iter3] Gen:9 Ind:14 RMSE(val)=22.220406
[GA][Iter3] Gen:9 Ind:15 RMSE(val)=22.131026
[GA][Iter3] Gen:9 Ind:16 RMSE(val)=22.126490
[GA][Iter3] Gen:9 Ind:17 RMSE(val)=22.186008
[GA][Iter3] Gen:9 Ind:18 RMSE(val)=22.130958
[GA][Iter3] Gen:9 Ind:19 RMSE(val)=22.130958
[GA][Iter3] Gen:9 Ind:20 RMSE(val)=22.196828
[GA][Iter3] gen=9 best_val_rmse=22.126490
[GA][Iter3] Gen:10 Ind:1 RMSE(val)=22.126490
[GA][Iter3] Gen:10 Ind:2 RMSE(val)=22.126490
[GA][Iter3] Gen:10 Ind:3 RMSE(val)=22.126490
[GA][Iter3] Gen:10 Ind:4 RMSE(val)=22.126490
[GA][Iter3] Gen:10 Ind:5 RMSE(val)=22.130958
[GA][Iter3] Gen:10 Ind:6 RMSE(val)=22.130958
[GA][Iter3] Gen:10 Ind:7 RMSE(val)=22.130958
[GA][Iter3] Gen:10 Ind:8 RMSE(val)=22.130958
[GA][Iter3] Gen:10 Ind:9 RMSE(val)=22.130958
[GA][Iter3] Gen:10 Ind:10 RMSE(val)=22.130958
[GA][Iter3] Gen:10 Ind:11 RMSE(val)=22.130957
[GA][Iter3] Gen:10 Ind:12 RMSE(val)=22.690305
[GA][Iter3] Gen:10 Ind:13 RMSE(val)=22.198679
[GA][Iter3] Gen:10 Ind:14 RMSE(val)=22.186008
[GA][Iter3] Gen:10 Ind:15 RMSE(val)=22.130958
[GA][Iter3] Gen:10 Ind:16 RMSE(val)=22.126490
[GA][Iter3] Gen:10 Ind:17 RMSE(val)=22.130958
[GA][Iter3] Gen:10 Ind:18 RMSE(val)=22.130958
[GA][Iter3] Gen:10 Ind:19 RMSE(val)=22.130958
[GA][Iter3] Gen:10 Ind:20 RMSE(val)=22.126490
[GA][Iter3] gen=10 best_val_rmse=22.126490
[GA][Iter3] Gen:11 Ind:1 RMSE(val)=22.126490
[GA][Iter3] Gen:11 Ind:2 RMSE(val)=22.126490
[GA][Iter3] Gen:11 Ind:3 RMSE(val)=22.126490
[GA][Iter3] Gen:11 Ind:4 RMSE(val)=22.126490
[GA][Iter3] Gen:11 Ind:5 RMSE(val)=22.126490
[GA][Iter3] Gen:11 Ind:6 RMSE(val)=22.126490
[GA][Iter3] Gen:11 Ind:7 RMSE(val)=22.130957
[GA][Iter3] Gen:11 Ind:8 RMSE(val)=22.130958
[GA][Iter3] Gen:11 Ind:9 RMSE(val)=22.130958
[GA][Iter3] Gen:11 Ind:10 RMSE(val)=22.130958
[GA][Iter3] Gen:11 Ind:11 RMSE(val)=22.171653
[GA][Iter3] Gen:11 Ind:12 RMSE(val)=22.126490
[GA][Iter3] Gen:11 Ind:13 RMSE(val)=22.126490
[GA][Iter3] Gen:11 Ind:14 RMSE(val)=22.130958
[GA][Iter3] Gen:11 Ind:15 RMSE(val)=22.130958
[GA][Iter3] Gen:11 Ind:16 RMSE(val)=22.171653
[GA][Iter3] Gen:11 Ind:17 RMSE(val)=22.126490
[GA][Iter3] Gen:11 Ind:18 RMSE(val)=22.126490
[GA][Iter3] Gen:11 Ind:19 RMSE(val)=22.082958
[GA][Iter3] Gen:11 Ind:20 RMSE(val)=22.290709
[GA][Iter3] gen=11 best_val_rmse=22.082958
[GA][Iter3] Gen:12 Ind:1 RMSE(val)=22.082958
[GA][Iter3] Gen:12 Ind:2 RMSE(val)=22.126490
[GA][Iter3] Gen:12 Ind:3 RMSE(val)=22.126490
[GA][Iter3] Gen:12 Ind:4 RMSE(val)=22.126490
[GA][Iter3] Gen:12 Ind:5 RMSE(val)=22.126490
[GA][Iter3] Gen:12 Ind:6 RMSE(val)=22.126490
[GA][Iter3] Gen:12 Ind:7 RMSE(val)=22.126490
[GA][Iter3] Gen:12 Ind:8 RMSE(val)=22.126490
[GA][Iter3] Gen:12 Ind:9 RMSE(val)=22.126490
[GA][Iter3] Gen:12 Ind:10 RMSE(val)=22.126490
[GA][Iter3] Gen:12 Ind:11 RMSE(val)=22.209901
[GA][Iter3] Gen:12 Ind:12 RMSE(val)=22.143025
[GA][Iter3] Gen:12 Ind:13 RMSE(val)=22.557449
[GA][Iter3] Gen:12 Ind:14 RMSE(val)=22.126490
[GA][Iter3] Gen:12 Ind:15 RMSE(val)=22.156150
[GA][Iter3] Gen:12 Ind:16 RMSE(val)=22.126490
[GA][Iter3] Gen:12 Ind:17 RMSE(val)=22.126490
[GA][Iter3] Gen:12 Ind:18 RMSE(val)=22.126490
[GA][Iter3] Gen:12 Ind:19 RMSE(val)=22.171653
[GA][Iter3] Gen:12 Ind:20 RMSE(val)=22.126490
[GA][Iter3] gen=12 best_val_rmse=22.082958
[GA][Iter3] Gen:13 Ind:1 RMSE(val)=22.082958
[GA][Iter3] Gen:13 Ind:2 RMSE(val)=22.126490
[GA][Iter3] Gen:13 Ind:3 RMSE(val)=22.126490
[GA][Iter3] Gen:13 Ind:4 RMSE(val)=22.126490
[GA][Iter3] Gen:13 Ind:5 RMSE(val)=22.126490
[GA][Iter3] Gen:13 Ind:6 RMSE(val)=22.126490
[GA][Iter3] Gen:13 Ind:7 RMSE(val)=22.126490
[GA][Iter3] Gen:13 Ind:8 RMSE(val)=22.126490
[GA][Iter3] Gen:13 Ind:9 RMSE(val)=22.126490
[GA][Iter3] Gen:13 Ind:10 RMSE(val)=22.126490
[GA][Iter3] Gen:13 Ind:11 RMSE(val)=22.126490
[GA][Iter3] Gen:13 Ind:12 RMSE(val)=22.126490
[GA][Iter3] Gen:13 Ind:13 RMSE(val)=22.126490
[GA][Iter3] Gen:13 Ind:14 RMSE(val)=22.126490
[GA][Iter3] Gen:13 Ind:15 RMSE(val)=22.126490
[GA][Iter3] Gen:13 Ind:16 RMSE(val)=22.573336
[GA][Iter3] Gen:13 Ind:17 RMSE(val)=22.126490
[GA][Iter3] Gen:13 Ind:18 RMSE(val)=22.161121
[GA][Iter3] Gen:13 Ind:19 RMSE(val)=22.126490
[GA][Iter3] Gen:13 Ind:20 RMSE(val)=22.126490
[GA][Iter3] gen=13 best_val_rmse=22.082958
[GA][Iter3] Gen:14 Ind:1 RMSE(val)=22.082958
[GA][Iter3] Gen:14 Ind:2 RMSE(val)=22.126490
[GA][Iter3] Gen:14 Ind:3 RMSE(val)=22.126490
[GA][Iter3] Gen:14 Ind:4 RMSE(val)=22.126490
[GA][Iter3] Gen:14 Ind:5 RMSE(val)=22.126490
[GA][Iter3] Gen:14 Ind:6 RMSE(val)=22.126490
[GA][Iter3] Gen:14 Ind:7 RMSE(val)=22.126490
[GA][Iter3] Gen:14 Ind:8 RMSE(val)=22.126490
[GA][Iter3] Gen:14 Ind:9 RMSE(val)=22.126490
[GA][Iter3] Gen:14 Ind:10 RMSE(val)=22.126490
[GA][Iter3] Gen:14 Ind:11 RMSE(val)=22.126490
[GA][Iter3] Gen:14 Ind:12 RMSE(val)=22.126490
[GA][Iter3] Gen:14 Ind:13 RMSE(val)=22.838485
[GA][Iter3] Gen:14 Ind:14 RMSE(val)=22.126490
[GA][Iter3] Gen:14 Ind:15 RMSE(val)=22.126490
[GA][Iter3] Gen:14 Ind:16 RMSE(val)=22.126490
[GA][Iter3] Gen:14 Ind:17 RMSE(val)=22.126490
[GA][Iter3] Gen:14 Ind:18 RMSE(val)=22.126490
[GA][Iter3] Gen:14 Ind:19 RMSE(val)=22.126490
[GA][Iter3] Gen:14 Ind:20 RMSE(val)=22.126490
[GA][Iter3] gen=14 best_val_rmse=22.082958
[GA][Iter3] Gen:15 Ind:1 RMSE(val)=22.082958
[GA][Iter3] Gen:15 Ind:2 RMSE(val)=22.126490
[GA][Iter3] Gen:15 Ind:3 RMSE(val)=22.126490
[GA][Iter3] Gen:15 Ind:4 RMSE(val)=22.126490
[GA][Iter3] Gen:15 Ind:5 RMSE(val)=22.126490
[GA][Iter3] Gen:15 Ind:6 RMSE(val)=22.126490
[GA][Iter3] Gen:15 Ind:7 RMSE(val)=22.126490
[GA][Iter3] Gen:15 Ind:8 RMSE(val)=22.126490
[GA][Iter3] Gen:15 Ind:9 RMSE(val)=22.126490
[GA][Iter3] Gen:15 Ind:10 RMSE(val)=22.126490
[GA][Iter3] Gen:15 Ind:11 RMSE(val)=22.126490
[GA][Iter3] Gen:15 Ind:12 RMSE(val)=22.126490
[GA][Iter3] Gen:15 Ind:13 RMSE(val)=22.126490
[GA][Iter3] Gen:15 Ind:14 RMSE(val)=22.126490
[GA][Iter3] Gen:15 Ind:15 RMSE(val)=22.126490
[GA][Iter3] Gen:15 Ind:16 RMSE(val)=22.126481
[GA][Iter3] Gen:15 Ind:17 RMSE(val)=22.126490
[GA][Iter3] Gen:15 Ind:18 RMSE(val)=22.126490
[GA][Iter3] Gen:15 Ind:19 RMSE(val)=22.126490
[GA][Iter3] Gen:15 Ind:20 RMSE(val)=22.126490
[GA][Iter3] gen=15 best_val_rmse=22.082958
[GA][Iter3] Gen:15 Ind:1 RMSE(val)=22.082958
[GA][Iter3] Gen:15 Ind:2 RMSE(val)=22.126481
[GA][Iter3] Gen:15 Ind:3 RMSE(val)=22.126490
[GA][Iter3] Gen:15 Ind:4 RMSE(val)=22.126490
[GA][Iter3] Gen:15 Ind:5 RMSE(val)=22.126490
[GA][Iter3] Gen:15 Ind:6 RMSE(val)=22.126490
[GA][Iter3] Gen:15 Ind:7 RMSE(val)=22.126490
[GA][Iter3] Gen:15 Ind:8 RMSE(val)=22.126490
[GA][Iter3] Gen:15 Ind:9 RMSE(val)=22.126490
[GA][Iter3] Gen:15 Ind:10 RMSE(val)=22.126490
[GA][Iter3] Gen:15 Ind:11 RMSE(val)=22.126481
[GA][Iter3] Gen:15 Ind:12 RMSE(val)=22.126490
[GA][Iter3] Gen:15 Ind:13 RMSE(val)=22.082958
[GA][Iter3] Gen:15 Ind:14 RMSE(val)=22.126490
[GA][Iter3] Gen:15 Ind:15 RMSE(val)=22.126490
[GA][Iter3] Gen:15 Ind:16 RMSE(val)=22.126490
[GA][Iter3] Gen:15 Ind:17 RMSE(val)=22.126490
[GA][Iter3] Gen:15 Ind:18 RMSE(val)=22.126490
[GA][Iter3] Gen:15 Ind:19 RMSE(val)=22.112590
[GA][Iter3] Gen:15 Ind:20 RMSE(val)=22.126490

[GA DONE][Iter3] Best params on val fold of Iter3
Best val RMSE: 22.082958
Best params: {'n_estimators': 683, 'learning_rate': 0.025656384667758343, 'num_leaves': 167, 'max_depth': 13, 'min_child_samples': 50, 'subsample': 0.8918927146775271, 'colsample_bytree': 0.6880869537806238, 'reg_lambda': 0.20385648207178508, 'reg_alpha': 0.7821838988418476}
--------------------------------------------------------------------------------
[RETUNE GA] Iter3: train folds 1..7 -> test fold 8  RMSE=43.102146  NRMSE=0.959166  CVRMSE=0.129321  R2=0.062643
[GA][Iter4] Gen:1 Ind:1 RMSE(val)=43.969375
[GA][Iter4] Gen:1 Ind:2 RMSE(val)=43.860046
[GA][Iter4] Gen:1 Ind:3 RMSE(val)=44.033231
[GA][Iter4] Gen:1 Ind:4 RMSE(val)=43.953753
[GA][Iter4] Gen:1 Ind:5 RMSE(val)=46.444426
[GA][Iter4] Gen:1 Ind:6 RMSE(val)=42.993522
[GA][Iter4] Gen:1 Ind:7 RMSE(val)=49.598143
[GA][Iter4] Gen:1 Ind:8 RMSE(val)=44.632087
[GA][Iter4] Gen:1 Ind:9 RMSE(val)=45.988380
[GA][Iter4] Gen:1 Ind:10 RMSE(val)=44.516114
[GA][Iter4] Gen:1 Ind:11 RMSE(val)=44.410772
[GA][Iter4] Gen:1 Ind:12 RMSE(val)=44.165488
[GA][Iter4] Gen:1 Ind:13 RMSE(val)=43.900276
[GA][Iter4] Gen:1 Ind:14 RMSE(val)=44.360505
[GA][Iter4] Gen:1 Ind:15 RMSE(val)=44.069014
[GA][Iter4] Gen:1 Ind:16 RMSE(val)=47.113780
[GA][Iter4] Gen:1 Ind:17 RMSE(val)=48.439377
[GA][Iter4] Gen:1 Ind:18 RMSE(val)=43.237235
[GA][Iter4] Gen:1 Ind:19 RMSE(val)=44.125792
[GA][Iter4] Gen:1 Ind:20 RMSE(val)=45.229743
[GA][Iter4] gen=1 best_val_rmse=42.993522
[GA][Iter4] Gen:2 Ind:1 RMSE(val)=42.993522
[GA][Iter4] Gen:2 Ind:2 RMSE(val)=43.237235
[GA][Iter4] Gen:2 Ind:3 RMSE(val)=43.860046
[GA][Iter4] Gen:2 Ind:4 RMSE(val)=43.900276
[GA][Iter4] Gen:2 Ind:5 RMSE(val)=43.953753
[GA][Iter4] Gen:2 Ind:6 RMSE(val)=43.969375
[GA][Iter4] Gen:2 Ind:7 RMSE(val)=44.033231
[GA][Iter4] Gen:2 Ind:8 RMSE(val)=44.069014
[GA][Iter4] Gen:2 Ind:9 RMSE(val)=44.125792
[GA][Iter4] Gen:2 Ind:10 RMSE(val)=44.165488
[GA][Iter4] Gen:2 Ind:11 RMSE(val)=44.255765
[GA][Iter4] Gen:2 Ind:12 RMSE(val)=44.361237
[GA][Iter4] Gen:2 Ind:13 RMSE(val)=43.537468
[GA][Iter4] Gen:2 Ind:14 RMSE(val)=43.095003
[GA][Iter4] Gen:2 Ind:15 RMSE(val)=45.071579
[GA][Iter4] Gen:2 Ind:16 RMSE(val)=43.499767
[GA][Iter4] Gen:2 Ind:17 RMSE(val)=43.534512
[GA][Iter4] Gen:2 Ind:18 RMSE(val)=43.803896
[GA][Iter4] Gen:2 Ind:19 RMSE(val)=43.753451
[GA][Iter4] Gen:2 Ind:20 RMSE(val)=43.999101
[GA][Iter4] gen=2 best_val_rmse=42.993522
[GA][Iter4] Gen:3 Ind:1 RMSE(val)=42.993522
[GA][Iter4] Gen:3 Ind:2 RMSE(val)=43.095003
[GA][Iter4] Gen:3 Ind:3 RMSE(val)=43.237235
[GA][Iter4] Gen:3 Ind:4 RMSE(val)=43.499767
[GA][Iter4] Gen:3 Ind:5 RMSE(val)=43.534512
[GA][Iter4] Gen:3 Ind:6 RMSE(val)=43.537468
[GA][Iter4] Gen:3 Ind:7 RMSE(val)=43.753451
[GA][Iter4] Gen:3 Ind:8 RMSE(val)=43.803896
[GA][Iter4] Gen:3 Ind:9 RMSE(val)=43.860046
[GA][Iter4] Gen:3 Ind:10 RMSE(val)=43.900276
[GA][Iter4] Gen:3 Ind:11 RMSE(val)=44.066948
[GA][Iter4] Gen:3 Ind:12 RMSE(val)=43.925817
[GA][Iter4] Gen:3 Ind:13 RMSE(val)=44.139422
[GA][Iter4] Gen:3 Ind:14 RMSE(val)=42.766943
[GA][Iter4] Gen:3 Ind:15 RMSE(val)=43.322438
[GA][Iter4] Gen:3 Ind:16 RMSE(val)=43.791142
[GA][Iter4] Gen:3 Ind:17 RMSE(val)=43.530698
[GA][Iter4] Gen:3 Ind:18 RMSE(val)=43.746548
[GA][Iter4] Gen:3 Ind:19 RMSE(val)=43.268635
[GA][Iter4] Gen:3 Ind:20 RMSE(val)=44.519242
[GA][Iter4] gen=3 best_val_rmse=42.766943
[GA][Iter4] Gen:4 Ind:1 RMSE(val)=42.766943
[GA][Iter4] Gen:4 Ind:2 RMSE(val)=42.993522
[GA][Iter4] Gen:4 Ind:3 RMSE(val)=43.095003
[GA][Iter4] Gen:4 Ind:4 RMSE(val)=43.237235
[GA][Iter4] Gen:4 Ind:5 RMSE(val)=43.268635
[GA][Iter4] Gen:4 Ind:6 RMSE(val)=43.322438
[GA][Iter4] Gen:4 Ind:7 RMSE(val)=43.499767
[GA][Iter4] Gen:4 Ind:8 RMSE(val)=43.530698
[GA][Iter4] Gen:4 Ind:9 RMSE(val)=43.534512
[GA][Iter4] Gen:4 Ind:10 RMSE(val)=43.537468
[GA][Iter4] Gen:4 Ind:11 RMSE(val)=43.432508
[GA][Iter4] Gen:4 Ind:12 RMSE(val)=44.206841
[GA][Iter4] Gen:4 Ind:13 RMSE(val)=43.853922
[GA][Iter4] Gen:4 Ind:14 RMSE(val)=43.322779
[GA][Iter4] Gen:4 Ind:15 RMSE(val)=45.319468
[GA][Iter4] Gen:4 Ind:16 RMSE(val)=43.182870
[GA][Iter4] Gen:4 Ind:17 RMSE(val)=43.540263
[GA][Iter4] Gen:4 Ind:18 RMSE(val)=43.237235
[GA][Iter4] Gen:4 Ind:19 RMSE(val)=42.757144
[GA][Iter4] Gen:4 Ind:20 RMSE(val)=43.095003
[GA][Iter4] gen=4 best_val_rmse=42.757144
[GA][Iter4] Gen:5 Ind:1 RMSE(val)=42.757144
[GA][Iter4] Gen:5 Ind:2 RMSE(val)=42.766943
[GA][Iter4] Gen:5 Ind:3 RMSE(val)=42.993522
[GA][Iter4] Gen:5 Ind:4 RMSE(val)=43.095003
[GA][Iter4] Gen:5 Ind:5 RMSE(val)=43.095003
[GA][Iter4] Gen:5 Ind:6 RMSE(val)=43.182870
[GA][Iter4] Gen:5 Ind:7 RMSE(val)=43.237235
[GA][Iter4] Gen:5 Ind:8 RMSE(val)=43.237235
[GA][Iter4] Gen:5 Ind:9 RMSE(val)=43.268635
[GA][Iter4] Gen:5 Ind:10 RMSE(val)=43.322438
[GA][Iter4] Gen:5 Ind:11 RMSE(val)=42.959239
[GA][Iter4] Gen:5 Ind:12 RMSE(val)=43.322438
[GA][Iter4] Gen:5 Ind:13 RMSE(val)=43.063775
[GA][Iter4] Gen:5 Ind:14 RMSE(val)=43.229646
[GA][Iter4] Gen:5 Ind:15 RMSE(val)=44.520053
[GA][Iter4] Gen:5 Ind:16 RMSE(val)=43.095003
[GA][Iter4] Gen:5 Ind:17 RMSE(val)=43.236600
[GA][Iter4] Gen:5 Ind:18 RMSE(val)=43.575335
[GA][Iter4] Gen:5 Ind:19 RMSE(val)=43.100818
[GA][Iter4] Gen:5 Ind:20 RMSE(val)=44.271612
[GA][Iter4] gen=5 best_val_rmse=42.757144
[GA][Iter4] Gen:6 Ind:1 RMSE(val)=42.757144
[GA][Iter4] Gen:6 Ind:2 RMSE(val)=42.766943
[GA][Iter4] Gen:6 Ind:3 RMSE(val)=42.959239
[GA][Iter4] Gen:6 Ind:4 RMSE(val)=42.993522
[GA][Iter4] Gen:6 Ind:5 RMSE(val)=43.063775
[GA][Iter4] Gen:6 Ind:6 RMSE(val)=43.095003
[GA][Iter4] Gen:6 Ind:7 RMSE(val)=43.095003
[GA][Iter4] Gen:6 Ind:8 RMSE(val)=43.095003
[GA][Iter4] Gen:6 Ind:9 RMSE(val)=43.100818
[GA][Iter4] Gen:6 Ind:10 RMSE(val)=43.182870
[GA][Iter4] Gen:6 Ind:11 RMSE(val)=43.264623
[GA][Iter4] Gen:6 Ind:12 RMSE(val)=43.464131
[GA][Iter4] Gen:6 Ind:13 RMSE(val)=43.476525
[GA][Iter4] Gen:6 Ind:14 RMSE(val)=43.063183
[GA][Iter4] Gen:6 Ind:15 RMSE(val)=42.897118
[GA][Iter4] Gen:6 Ind:16 RMSE(val)=43.086159
[GA][Iter4] Gen:6 Ind:17 RMSE(val)=43.456435
[GA][Iter4] Gen:6 Ind:18 RMSE(val)=42.737095
[GA][Iter4] Gen:6 Ind:19 RMSE(val)=42.690521
[GA][Iter4] Gen:6 Ind:20 RMSE(val)=43.410931
[GA][Iter4] gen=6 best_val_rmse=42.690521
[GA][Iter4] Gen:7 Ind:1 RMSE(val)=42.690521
[GA][Iter4] Gen:7 Ind:2 RMSE(val)=42.737095
[GA][Iter4] Gen:7 Ind:3 RMSE(val)=42.757144
[GA][Iter4] Gen:7 Ind:4 RMSE(val)=42.766943
[GA][Iter4] Gen:7 Ind:5 RMSE(val)=42.897118
[GA][Iter4] Gen:7 Ind:6 RMSE(val)=42.959239
[GA][Iter4] Gen:7 Ind:7 RMSE(val)=42.993522
[GA][Iter4] Gen:7 Ind:8 RMSE(val)=43.063183
[GA][Iter4] Gen:7 Ind:9 RMSE(val)=43.063775
[GA][Iter4] Gen:7 Ind:10 RMSE(val)=43.086159
[GA][Iter4] Gen:7 Ind:11 RMSE(val)=43.165218
[GA][Iter4] Gen:7 Ind:12 RMSE(val)=42.926940
[GA][Iter4] Gen:7 Ind:13 RMSE(val)=43.005410
[GA][Iter4] Gen:7 Ind:14 RMSE(val)=43.310897
[GA][Iter4] Gen:7 Ind:15 RMSE(val)=43.033527
[GA][Iter4] Gen:7 Ind:16 RMSE(val)=42.897118
[GA][Iter4] Gen:7 Ind:17 RMSE(val)=43.035760
[GA][Iter4] Gen:7 Ind:18 RMSE(val)=43.140305
[GA][Iter4] Gen:7 Ind:19 RMSE(val)=43.322216
[GA][Iter4] Gen:7 Ind:20 RMSE(val)=42.690521
[GA][Iter4] gen=7 best_val_rmse=42.690521
[GA][Iter4] Gen:8 Ind:1 RMSE(val)=42.690521
[GA][Iter4] Gen:8 Ind:2 RMSE(val)=42.690521
[GA][Iter4] Gen:8 Ind:3 RMSE(val)=42.737095
[GA][Iter4] Gen:8 Ind:4 RMSE(val)=42.757144
[GA][Iter4] Gen:8 Ind:5 RMSE(val)=42.766943
[GA][Iter4] Gen:8 Ind:6 RMSE(val)=42.897118
[GA][Iter4] Gen:8 Ind:7 RMSE(val)=42.897118
[GA][Iter4] Gen:8 Ind:8 RMSE(val)=42.926940
[GA][Iter4] Gen:8 Ind:9 RMSE(val)=42.959239
[GA][Iter4] Gen:8 Ind:10 RMSE(val)=42.993522
[GA][Iter4] Gen:8 Ind:11 RMSE(val)=42.718742
[GA][Iter4] Gen:8 Ind:12 RMSE(val)=42.752265
[GA][Iter4] Gen:8 Ind:13 RMSE(val)=42.757144
[GA][Iter4] Gen:8 Ind:14 RMSE(val)=43.163382
[GA][Iter4] Gen:8 Ind:15 RMSE(val)=42.766943
[GA][Iter4] Gen:8 Ind:16 RMSE(val)=42.690521
[GA][Iter4] Gen:8 Ind:17 RMSE(val)=42.871858
[GA][Iter4] Gen:8 Ind:18 RMSE(val)=42.521930
[GA][Iter4] Gen:8 Ind:19 RMSE(val)=43.050273
[GA][Iter4] Gen:8 Ind:20 RMSE(val)=43.555901
[GA][Iter4] gen=8 best_val_rmse=42.521930
[GA][Iter4] Gen:9 Ind:1 RMSE(val)=42.521930
[GA][Iter4] Gen:9 Ind:2 RMSE(val)=42.690521
[GA][Iter4] Gen:9 Ind:3 RMSE(val)=42.690521
[GA][Iter4] Gen:9 Ind:4 RMSE(val)=42.690521
[GA][Iter4] Gen:9 Ind:5 RMSE(val)=42.718742
[GA][Iter4] Gen:9 Ind:6 RMSE(val)=42.737095
[GA][Iter4] Gen:9 Ind:7 RMSE(val)=42.752265
[GA][Iter4] Gen:9 Ind:8 RMSE(val)=42.757144
[GA][Iter4] Gen:9 Ind:9 RMSE(val)=42.757144
[GA][Iter4] Gen:9 Ind:10 RMSE(val)=42.766943
[GA][Iter4] Gen:9 Ind:11 RMSE(val)=42.752265
[GA][Iter4] Gen:9 Ind:12 RMSE(val)=42.718742
[GA][Iter4] Gen:9 Ind:13 RMSE(val)=43.315944
[GA][Iter4] Gen:9 Ind:14 RMSE(val)=42.708706
[GA][Iter4] Gen:9 Ind:15 RMSE(val)=42.692219
[GA][Iter4] Gen:9 Ind:16 RMSE(val)=42.737095
[GA][Iter4] Gen:9 Ind:17 RMSE(val)=42.777388
[GA][Iter4] Gen:9 Ind:18 RMSE(val)=42.718742
[GA][Iter4] Gen:9 Ind:19 RMSE(val)=42.754015
[GA][Iter4] Gen:9 Ind:20 RMSE(val)=42.757144
[GA][Iter4] gen=9 best_val_rmse=42.521930
[GA][Iter4] Gen:10 Ind:1 RMSE(val)=42.521930
[GA][Iter4] Gen:10 Ind:2 RMSE(val)=42.690521
[GA][Iter4] Gen:10 Ind:3 RMSE(val)=42.690521
[GA][Iter4] Gen:10 Ind:4 RMSE(val)=42.690521
[GA][Iter4] Gen:10 Ind:5 RMSE(val)=42.692219
[GA][Iter4] Gen:10 Ind:6 RMSE(val)=42.708706
[GA][Iter4] Gen:10 Ind:7 RMSE(val)=42.718742
[GA][Iter4] Gen:10 Ind:8 RMSE(val)=42.718742
[GA][Iter4] Gen:10 Ind:9 RMSE(val)=42.718742
[GA][Iter4] Gen:10 Ind:10 RMSE(val)=42.737095
[GA][Iter4] Gen:10 Ind:11 RMSE(val)=43.795492
[GA][Iter4] Gen:10 Ind:12 RMSE(val)=42.636763
[GA][Iter4] Gen:10 Ind:13 RMSE(val)=42.690521
[GA][Iter4] Gen:10 Ind:14 RMSE(val)=42.690521
[GA][Iter4] Gen:10 Ind:15 RMSE(val)=42.690521
[GA][Iter4] Gen:10 Ind:16 RMSE(val)=42.737095
[GA][Iter4] Gen:10 Ind:17 RMSE(val)=42.579382
[GA][Iter4] Gen:10 Ind:18 RMSE(val)=42.718742
[GA][Iter4] Gen:10 Ind:19 RMSE(val)=42.690521
[GA][Iter4] Gen:10 Ind:20 RMSE(val)=42.851314
[GA][Iter4] gen=10 best_val_rmse=42.521930
[GA][Iter4] Gen:11 Ind:1 RMSE(val)=42.521930
[GA][Iter4] Gen:11 Ind:2 RMSE(val)=42.579382
[GA][Iter4] Gen:11 Ind:3 RMSE(val)=42.636763
[GA][Iter4] Gen:11 Ind:4 RMSE(val)=42.690521
[GA][Iter4] Gen:11 Ind:5 RMSE(val)=42.690521
[GA][Iter4] Gen:11 Ind:6 RMSE(val)=42.690521
[GA][Iter4] Gen:11 Ind:7 RMSE(val)=42.690521
[GA][Iter4] Gen:11 Ind:8 RMSE(val)=42.690521
[GA][Iter4] Gen:11 Ind:9 RMSE(val)=42.690521
[GA][Iter4] Gen:11 Ind:10 RMSE(val)=42.690521
[GA][Iter4] Gen:11 Ind:11 RMSE(val)=42.744770
[GA][Iter4] Gen:11 Ind:12 RMSE(val)=42.690521
[GA][Iter4] Gen:11 Ind:13 RMSE(val)=42.690521
[GA][Iter4] Gen:11 Ind:14 RMSE(val)=42.824679
[GA][Iter4] Gen:11 Ind:15 RMSE(val)=42.690521
[GA][Iter4] Gen:11 Ind:16 RMSE(val)=42.824679
[GA][Iter4] Gen:11 Ind:17 RMSE(val)=42.690527
[GA][Iter4] Gen:11 Ind:18 RMSE(val)=42.561736
[GA][Iter4] Gen:11 Ind:19 RMSE(val)=43.423804
[GA][Iter4] Gen:11 Ind:20 RMSE(val)=42.824679
[GA][Iter4] gen=11 best_val_rmse=42.521930
[GA][Iter4] Gen:12 Ind:1 RMSE(val)=42.521930
[GA][Iter4] Gen:12 Ind:2 RMSE(val)=42.561736
[GA][Iter4] Gen:12 Ind:3 RMSE(val)=42.579382
[GA][Iter4] Gen:12 Ind:4 RMSE(val)=42.636763
[GA][Iter4] Gen:12 Ind:5 RMSE(val)=42.690521
[GA][Iter4] Gen:12 Ind:6 RMSE(val)=42.690521
[GA][Iter4] Gen:12 Ind:7 RMSE(val)=42.690521
[GA][Iter4] Gen:12 Ind:8 RMSE(val)=42.690521
[GA][Iter4] Gen:12 Ind:9 RMSE(val)=42.690521
[GA][Iter4] Gen:12 Ind:10 RMSE(val)=42.690521
[GA][Iter4] Gen:12 Ind:11 RMSE(val)=42.751890
[GA][Iter4] Gen:12 Ind:12 RMSE(val)=42.347492
[GA][Iter4] Gen:12 Ind:13 RMSE(val)=42.579382
[GA][Iter4] Gen:12 Ind:14 RMSE(val)=42.803091
[GA][Iter4] Gen:12 Ind:15 RMSE(val)=42.690521
[GA][Iter4] Gen:12 Ind:16 RMSE(val)=42.690521
[GA][Iter4] Gen:12 Ind:17 RMSE(val)=42.690521
[GA][Iter4] Gen:12 Ind:18 RMSE(val)=42.579382
[GA][Iter4] Gen:12 Ind:19 RMSE(val)=42.690521
[GA][Iter4] Gen:12 Ind:20 RMSE(val)=42.690521
[GA][Iter4] gen=12 best_val_rmse=42.347492
[GA][Iter4] Gen:13 Ind:1 RMSE(val)=42.347492
[GA][Iter4] Gen:13 Ind:2 RMSE(val)=42.521930
[GA][Iter4] Gen:13 Ind:3 RMSE(val)=42.561736
[GA][Iter4] Gen:13 Ind:4 RMSE(val)=42.579382
[GA][Iter4] Gen:13 Ind:5 RMSE(val)=42.579382
[GA][Iter4] Gen:13 Ind:6 RMSE(val)=42.579382
[GA][Iter4] Gen:13 Ind:7 RMSE(val)=42.636763
[GA][Iter4] Gen:13 Ind:8 RMSE(val)=42.690521
[GA][Iter4] Gen:13 Ind:9 RMSE(val)=42.690521
[GA][Iter4] Gen:13 Ind:10 RMSE(val)=42.690521
[GA][Iter4] Gen:13 Ind:11 RMSE(val)=42.521930
[GA][Iter4] Gen:13 Ind:12 RMSE(val)=42.579382
[GA][Iter4] Gen:13 Ind:13 RMSE(val)=42.521930
[GA][Iter4] Gen:13 Ind:14 RMSE(val)=42.579382
[GA][Iter4] Gen:13 Ind:15 RMSE(val)=42.385041
[GA][Iter4] Gen:13 Ind:16 RMSE(val)=42.999316
[GA][Iter4] Gen:13 Ind:17 RMSE(val)=43.393641
[GA][Iter4] Gen:13 Ind:18 RMSE(val)=42.173593
[GA][Iter4] Gen:13 Ind:19 RMSE(val)=42.579382
[GA][Iter4] Gen:13 Ind:20 RMSE(val)=42.824679
[GA][Iter4] gen=13 best_val_rmse=42.173593
[GA][Iter4] Gen:14 Ind:1 RMSE(val)=42.173593
[GA][Iter4] Gen:14 Ind:2 RMSE(val)=42.347492
[GA][Iter4] Gen:14 Ind:3 RMSE(val)=42.385041
[GA][Iter4] Gen:14 Ind:4 RMSE(val)=42.521930
[GA][Iter4] Gen:14 Ind:5 RMSE(val)=42.521930
[GA][Iter4] Gen:14 Ind:6 RMSE(val)=42.521930
[GA][Iter4] Gen:14 Ind:7 RMSE(val)=42.561736
[GA][Iter4] Gen:14 Ind:8 RMSE(val)=42.579382
[GA][Iter4] Gen:14 Ind:9 RMSE(val)=42.579382
[GA][Iter4] Gen:14 Ind:10 RMSE(val)=42.579382
[GA][Iter4] Gen:14 Ind:11 RMSE(val)=42.521930
[GA][Iter4] Gen:14 Ind:12 RMSE(val)=42.895968
[GA][Iter4] Gen:14 Ind:13 RMSE(val)=42.583874
[GA][Iter4] Gen:14 Ind:14 RMSE(val)=42.916573
[GA][Iter4] Gen:14 Ind:15 RMSE(val)=42.521930
[GA][Iter4] Gen:14 Ind:16 RMSE(val)=42.579382
[GA][Iter4] Gen:14 Ind:17 RMSE(val)=42.521930
[GA][Iter4] Gen:14 Ind:18 RMSE(val)=42.690521
[GA][Iter4] Gen:14 Ind:19 RMSE(val)=42.579382
[GA][Iter4] Gen:14 Ind:20 RMSE(val)=42.579382
[GA][Iter4] gen=14 best_val_rmse=42.173593
[GA][Iter4] Gen:15 Ind:1 RMSE(val)=42.173593
[GA][Iter4] Gen:15 Ind:2 RMSE(val)=42.347492
[GA][Iter4] Gen:15 Ind:3 RMSE(val)=42.385041
[GA][Iter4] Gen:15 Ind:4 RMSE(val)=42.521930
[GA][Iter4] Gen:15 Ind:5 RMSE(val)=42.521930
[GA][Iter4] Gen:15 Ind:6 RMSE(val)=42.521930
[GA][Iter4] Gen:15 Ind:7 RMSE(val)=42.521930
[GA][Iter4] Gen:15 Ind:8 RMSE(val)=42.521930
[GA][Iter4] Gen:15 Ind:9 RMSE(val)=42.521930
[GA][Iter4] Gen:15 Ind:10 RMSE(val)=42.561736
[GA][Iter4] Gen:15 Ind:11 RMSE(val)=42.690521
[GA][Iter4] Gen:15 Ind:12 RMSE(val)=42.521930
[GA][Iter4] Gen:15 Ind:13 RMSE(val)=42.521930
[GA][Iter4] Gen:15 Ind:14 RMSE(val)=42.916573
[GA][Iter4] Gen:15 Ind:15 RMSE(val)=42.939824
[GA][Iter4] Gen:15 Ind:16 RMSE(val)=42.579382
[GA][Iter4] Gen:15 Ind:17 RMSE(val)=42.916573
[GA][Iter4] Gen:15 Ind:18 RMSE(val)=42.521930
[GA][Iter4] Gen:15 Ind:19 RMSE(val)=42.521930
[GA][Iter4] Gen:15 Ind:20 RMSE(val)=42.690521
[GA][Iter4] gen=15 best_val_rmse=42.173593
[GA][Iter4] Gen:15 Ind:1 RMSE(val)=42.173593
[GA][Iter4] Gen:15 Ind:2 RMSE(val)=42.347492
[GA][Iter4] Gen:15 Ind:3 RMSE(val)=42.385041
[GA][Iter4] Gen:15 Ind:4 RMSE(val)=42.521930
[GA][Iter4] Gen:15 Ind:5 RMSE(val)=42.521930
[GA][Iter4] Gen:15 Ind:6 RMSE(val)=42.521930
[GA][Iter4] Gen:15 Ind:7 RMSE(val)=42.521930
[GA][Iter4] Gen:15 Ind:8 RMSE(val)=42.521930
[GA][Iter4] Gen:15 Ind:9 RMSE(val)=42.521930
[GA][Iter4] Gen:15 Ind:10 RMSE(val)=42.521930
[GA][Iter4] Gen:15 Ind:11 RMSE(val)=42.521930
[GA][Iter4] Gen:15 Ind:12 RMSE(val)=42.579382
[GA][Iter4] Gen:15 Ind:13 RMSE(val)=42.521930
[GA][Iter4] Gen:15 Ind:14 RMSE(val)=42.579382
[GA][Iter4] Gen:15 Ind:15 RMSE(val)=42.521930
[GA][Iter4] Gen:15 Ind:16 RMSE(val)=42.521930
[GA][Iter4] Gen:15 Ind:17 RMSE(val)=42.690521
[GA][Iter4] Gen:15 Ind:18 RMSE(val)=42.521930
[GA][Iter4] Gen:15 Ind:19 RMSE(val)=42.521930
[GA][Iter4] Gen:15 Ind:20 RMSE(val)=42.173593

[GA DONE][Iter4] Best params on val fold of Iter4
Best val RMSE: 42.173593
Best params: {'n_estimators': 452, 'learning_rate': 0.06968838257910706, 'num_leaves': 30, 'max_depth': -1, 'min_child_samples': 74, 'subsample': 0.9336441706563001, 'colsample_bytree': 0.698337111465146, 'reg_lambda': 0.910397152349666, 'reg_alpha': 1.0245319894519451}
--------------------------------------------------------------------------------
[RETUNE GA] Iter4: train folds 1..8 -> test fold 9  RMSE=51.109388  NRMSE=0.994081  CVRMSE=0.152608  R2=-0.006842
[GA][Iter5] Gen:1 Ind:1 RMSE(val)=52.748979
[GA][Iter5] Gen:1 Ind:2 RMSE(val)=52.392965
[GA][Iter5] Gen:1 Ind:3 RMSE(val)=51.111419
[GA][Iter5] Gen:1 Ind:4 RMSE(val)=51.071791
[GA][Iter5] Gen:1 Ind:5 RMSE(val)=53.504337
[GA][Iter5] Gen:1 Ind:6 RMSE(val)=52.504270
[GA][Iter5] Gen:1 Ind:7 RMSE(val)=52.991095
[GA][Iter5] Gen:1 Ind:8 RMSE(val)=53.686372
[GA][Iter5] Gen:1 Ind:9 RMSE(val)=53.770419
[GA][Iter5] Gen:1 Ind:10 RMSE(val)=52.519398
[GA][Iter5] Gen:1 Ind:11 RMSE(val)=51.746573
[GA][Iter5] Gen:1 Ind:12 RMSE(val)=51.166965
[GA][Iter5] Gen:1 Ind:13 RMSE(val)=50.142612
[GA][Iter5] Gen:1 Ind:14 RMSE(val)=50.424691
[GA][Iter5] Gen:1 Ind:15 RMSE(val)=52.966883
[GA][Iter5] Gen:1 Ind:16 RMSE(val)=52.345313
[GA][Iter5] Gen:1 Ind:17 RMSE(val)=52.643413
[GA][Iter5] Gen:1 Ind:18 RMSE(val)=51.679648
[GA][Iter5] Gen:1 Ind:19 RMSE(val)=52.037241
[GA][Iter5] Gen:1 Ind:20 RMSE(val)=50.381387
[GA][Iter5] gen=1 best_val_rmse=50.142612
[GA][Iter5] Gen:2 Ind:1 RMSE(val)=50.142612
[GA][Iter5] Gen:2 Ind:2 RMSE(val)=50.381387
[GA][Iter5] Gen:2 Ind:3 RMSE(val)=50.424691
[GA][Iter5] Gen:2 Ind:4 RMSE(val)=51.071791
[GA][Iter5] Gen:2 Ind:5 RMSE(val)=51.111419
[GA][Iter5] Gen:2 Ind:6 RMSE(val)=51.166965
[GA][Iter5] Gen:2 Ind:7 RMSE(val)=51.679648
[GA][Iter5] Gen:2 Ind:8 RMSE(val)=51.746573
[GA][Iter5] Gen:2 Ind:9 RMSE(val)=52.037241
[GA][Iter5] Gen:2 Ind:10 RMSE(val)=52.345313
[GA][Iter5] Gen:2 Ind:11 RMSE(val)=51.881466
[GA][Iter5] Gen:2 Ind:12 RMSE(val)=51.554921
[GA][Iter5] Gen:2 Ind:13 RMSE(val)=50.942450
[GA][Iter5] Gen:2 Ind:14 RMSE(val)=51.517812
[GA][Iter5] Gen:2 Ind:15 RMSE(val)=50.703724
[GA][Iter5] Gen:2 Ind:16 RMSE(val)=52.266146
[GA][Iter5] Gen:2 Ind:17 RMSE(val)=51.486660
[GA][Iter5] Gen:2 Ind:18 RMSE(val)=51.787513
[GA][Iter5] Gen:2 Ind:19 RMSE(val)=51.430362
[GA][Iter5] Gen:2 Ind:20 RMSE(val)=52.857283
[GA][Iter5] gen=2 best_val_rmse=50.142612
[GA][Iter5] Gen:3 Ind:1 RMSE(val)=50.142612
[GA][Iter5] Gen:3 Ind:2 RMSE(val)=50.381387
[GA][Iter5] Gen:3 Ind:3 RMSE(val)=50.424691
[GA][Iter5] Gen:3 Ind:4 RMSE(val)=50.703724
[GA][Iter5] Gen:3 Ind:5 RMSE(val)=50.942450
[GA][Iter5] Gen:3 Ind:6 RMSE(val)=51.071791
[GA][Iter5] Gen:3 Ind:7 RMSE(val)=51.111419
[GA][Iter5] Gen:3 Ind:8 RMSE(val)=51.166965
[GA][Iter5] Gen:3 Ind:9 RMSE(val)=51.430362
[GA][Iter5] Gen:3 Ind:10 RMSE(val)=51.486660
[GA][Iter5] Gen:3 Ind:11 RMSE(val)=51.071791
[GA][Iter5] Gen:3 Ind:12 RMSE(val)=51.711763
[GA][Iter5] Gen:3 Ind:13 RMSE(val)=50.466407
[GA][Iter5] Gen:3 Ind:14 RMSE(val)=50.256903
[GA][Iter5] Gen:3 Ind:15 RMSE(val)=50.804980
[GA][Iter5] Gen:3 Ind:16 RMSE(val)=51.192209
[GA][Iter5] Gen:3 Ind:17 RMSE(val)=51.698089
[GA][Iter5] Gen:3 Ind:18 RMSE(val)=50.943929
[GA][Iter5] Gen:3 Ind:19 RMSE(val)=50.465951
[GA][Iter5] Gen:3 Ind:20 RMSE(val)=50.918648
[GA][Iter5] gen=3 best_val_rmse=50.142612
[GA][Iter5] Gen:4 Ind:1 RMSE(val)=50.142612
[GA][Iter5] Gen:4 Ind:2 RMSE(val)=50.256903
[GA][Iter5] Gen:4 Ind:3 RMSE(val)=50.381387
[GA][Iter5] Gen:4 Ind:4 RMSE(val)=50.424691
[GA][Iter5] Gen:4 Ind:5 RMSE(val)=50.465951
[GA][Iter5] Gen:4 Ind:6 RMSE(val)=50.466407
[GA][Iter5] Gen:4 Ind:7 RMSE(val)=50.703724
[GA][Iter5] Gen:4 Ind:8 RMSE(val)=50.804980
[GA][Iter5] Gen:4 Ind:9 RMSE(val)=50.918648
[GA][Iter5] Gen:4 Ind:10 RMSE(val)=50.942450
[GA][Iter5] Gen:4 Ind:11 RMSE(val)=50.412867
[GA][Iter5] Gen:4 Ind:12 RMSE(val)=50.670033
[GA][Iter5] Gen:4 Ind:13 RMSE(val)=50.703724
[GA][Iter5] Gen:4 Ind:14 RMSE(val)=49.746780
[GA][Iter5] Gen:4 Ind:15 RMSE(val)=51.271783
[GA][Iter5] Gen:4 Ind:16 RMSE(val)=50.915444
[GA][Iter5] Gen:4 Ind:17 RMSE(val)=50.520842
[GA][Iter5] Gen:4 Ind:18 RMSE(val)=52.032669
[GA][Iter5] Gen:4 Ind:19 RMSE(val)=50.142612
[GA][Iter5] Gen:4 Ind:20 RMSE(val)=48.259164
[GA][Iter5] gen=4 best_val_rmse=48.259164
[GA][Iter5] Gen:5 Ind:1 RMSE(val)=48.259164
[GA][Iter5] Gen:5 Ind:2 RMSE(val)=49.746780
[GA][Iter5] Gen:5 Ind:3 RMSE(val)=50.142612
[GA][Iter5] Gen:5 Ind:4 RMSE(val)=50.142612
[GA][Iter5] Gen:5 Ind:5 RMSE(val)=50.256903
[GA][Iter5] Gen:5 Ind:6 RMSE(val)=50.381387
[GA][Iter5] Gen:5 Ind:7 RMSE(val)=50.412867
[GA][Iter5] Gen:5 Ind:8 RMSE(val)=50.424691
[GA][Iter5] Gen:5 Ind:9 RMSE(val)=50.465951
[GA][Iter5] Gen:5 Ind:10 RMSE(val)=50.466407
[GA][Iter5] Gen:5 Ind:11 RMSE(val)=50.896106
[GA][Iter5] Gen:5 Ind:12 RMSE(val)=50.530478
[GA][Iter5] Gen:5 Ind:13 RMSE(val)=49.808828
[GA][Iter5] Gen:5 Ind:14 RMSE(val)=50.641935
[GA][Iter5] Gen:5 Ind:15 RMSE(val)=50.250416
[GA][Iter5] Gen:5 Ind:16 RMSE(val)=50.904758
[GA][Iter5] Gen:5 Ind:17 RMSE(val)=50.427227
[GA][Iter5] Gen:5 Ind:18 RMSE(val)=50.500272
[GA][Iter5] Gen:5 Ind:19 RMSE(val)=50.271096
[GA][Iter5] Gen:5 Ind:20 RMSE(val)=48.288068
[GA][Iter5] gen=5 best_val_rmse=48.259164
[GA][Iter5] Gen:6 Ind:1 RMSE(val)=48.259164
[GA][Iter5] Gen:6 Ind:2 RMSE(val)=48.288068
[GA][Iter5] Gen:6 Ind:3 RMSE(val)=49.746780
[GA][Iter5] Gen:6 Ind:4 RMSE(val)=49.808828
[GA][Iter5] Gen:6 Ind:5 RMSE(val)=50.142612
[GA][Iter5] Gen:6 Ind:6 RMSE(val)=50.142612
[GA][Iter5] Gen:6 Ind:7 RMSE(val)=50.250416
[GA][Iter5] Gen:6 Ind:8 RMSE(val)=50.256903
[GA][Iter5] Gen:6 Ind:9 RMSE(val)=50.271096
[GA][Iter5] Gen:6 Ind:10 RMSE(val)=50.381387
[GA][Iter5] Gen:6 Ind:11 RMSE(val)=50.250416
[GA][Iter5] Gen:6 Ind:12 RMSE(val)=49.513703
[GA][Iter5] Gen:6 Ind:13 RMSE(val)=48.284787
[GA][Iter5] Gen:6 Ind:14 RMSE(val)=48.172346
[GA][Iter5] Gen:6 Ind:15 RMSE(val)=48.259164
[GA][Iter5] Gen:6 Ind:16 RMSE(val)=48.459667
[GA][Iter5] Gen:6 Ind:17 RMSE(val)=50.256903
[GA][Iter5] Gen:6 Ind:18 RMSE(val)=49.750263
[GA][Iter5] Gen:6 Ind:19 RMSE(val)=49.685111
[GA][Iter5] Gen:6 Ind:20 RMSE(val)=49.337102
[GA][Iter5] gen=6 best_val_rmse=48.172346
[GA][Iter5] Gen:7 Ind:1 RMSE(val)=48.172346
[GA][Iter5] Gen:7 Ind:2 RMSE(val)=48.259164
[GA][Iter5] Gen:7 Ind:3 RMSE(val)=48.259164
[GA][Iter5] Gen:7 Ind:4 RMSE(val)=48.284787
[GA][Iter5] Gen:7 Ind:5 RMSE(val)=48.288068
[GA][Iter5] Gen:7 Ind:6 RMSE(val)=48.459667
[GA][Iter5] Gen:7 Ind:7 RMSE(val)=49.337102
[GA][Iter5] Gen:7 Ind:8 RMSE(val)=49.513703
[GA][Iter5] Gen:7 Ind:9 RMSE(val)=49.685111
[GA][Iter5] Gen:7 Ind:10 RMSE(val)=49.746780
[GA][Iter5] Gen:7 Ind:11 RMSE(val)=50.454998
[GA][Iter5] Gen:7 Ind:12 RMSE(val)=49.707542
[GA][Iter5] Gen:7 Ind:13 RMSE(val)=48.242440
[GA][Iter5] Gen:7 Ind:14 RMSE(val)=49.879780
[GA][Iter5] Gen:7 Ind:15 RMSE(val)=49.680776
[GA][Iter5] Gen:7 Ind:16 RMSE(val)=48.459667
[GA][Iter5] Gen:7 Ind:17 RMSE(val)=48.284787
[GA][Iter5] Gen:7 Ind:18 RMSE(val)=48.288068
[GA][Iter5] Gen:7 Ind:19 RMSE(val)=49.021997
[GA][Iter5] Gen:7 Ind:20 RMSE(val)=49.528625
[GA][Iter5] gen=7 best_val_rmse=48.172346
[GA][Iter5] Gen:8 Ind:1 RMSE(val)=48.172346
[GA][Iter5] Gen:8 Ind:2 RMSE(val)=48.242440
[GA][Iter5] Gen:8 Ind:3 RMSE(val)=48.259164
[GA][Iter5] Gen:8 Ind:4 RMSE(val)=48.259164
[GA][Iter5] Gen:8 Ind:5 RMSE(val)=48.284787
[GA][Iter5] Gen:8 Ind:6 RMSE(val)=48.284787
[GA][Iter5] Gen:8 Ind:7 RMSE(val)=48.288068
[GA][Iter5] Gen:8 Ind:8 RMSE(val)=48.288068
[GA][Iter5] Gen:8 Ind:9 RMSE(val)=48.459667
[GA][Iter5] Gen:8 Ind:10 RMSE(val)=48.459667
[GA][Iter5] Gen:8 Ind:11 RMSE(val)=48.183779
[GA][Iter5] Gen:8 Ind:12 RMSE(val)=48.263083
[GA][Iter5] Gen:8 Ind:13 RMSE(val)=48.279966
[GA][Iter5] Gen:8 Ind:14 RMSE(val)=48.288068
[GA][Iter5] Gen:8 Ind:15 RMSE(val)=48.529673
[GA][Iter5] Gen:8 Ind:16 RMSE(val)=48.238785
[GA][Iter5] Gen:8 Ind:17 RMSE(val)=48.242440
[GA][Iter5] Gen:8 Ind:18 RMSE(val)=48.287533
[GA][Iter5] Gen:8 Ind:19 RMSE(val)=48.242440
[GA][Iter5] Gen:8 Ind:20 RMSE(val)=48.271494
[GA][Iter5] gen=8 best_val_rmse=48.172346
[GA][Iter5] Gen:9 Ind:1 RMSE(val)=48.172346
[GA][Iter5] Gen:9 Ind:2 RMSE(val)=48.183779
[GA][Iter5] Gen:9 Ind:3 RMSE(val)=48.238785
[GA][Iter5] Gen:9 Ind:4 RMSE(val)=48.242440
[GA][Iter5] Gen:9 Ind:5 RMSE(val)=48.242440
[GA][Iter5] Gen:9 Ind:6 RMSE(val)=48.242440
[GA][Iter5] Gen:9 Ind:7 RMSE(val)=48.259164
[GA][Iter5] Gen:9 Ind:8 RMSE(val)=48.259164
[GA][Iter5] Gen:9 Ind:9 RMSE(val)=48.263083
[GA][Iter5] Gen:9 Ind:10 RMSE(val)=48.271494
[GA][Iter5] Gen:9 Ind:11 RMSE(val)=47.297331
[GA][Iter5] Gen:9 Ind:12 RMSE(val)=48.259164
[GA][Iter5] Gen:9 Ind:13 RMSE(val)=48.255120
[GA][Iter5] Gen:9 Ind:14 RMSE(val)=48.309265
[GA][Iter5] Gen:9 Ind:15 RMSE(val)=48.240208
[GA][Iter5] Gen:9 Ind:16 RMSE(val)=48.326865
[GA][Iter5] Gen:9 Ind:17 RMSE(val)=48.171236
[GA][Iter5] Gen:9 Ind:18 RMSE(val)=48.242440
[GA][Iter5] Gen:9 Ind:19 RMSE(val)=48.242440
[GA][Iter5] Gen:9 Ind:20 RMSE(val)=48.258927
[GA][Iter5] gen=9 best_val_rmse=47.297331
[GA][Iter5] Gen:10 Ind:1 RMSE(val)=47.297331
[GA][Iter5] Gen:10 Ind:2 RMSE(val)=48.171236
[GA][Iter5] Gen:10 Ind:3 RMSE(val)=48.172346
[GA][Iter5] Gen:10 Ind:4 RMSE(val)=48.183779
[GA][Iter5] Gen:10 Ind:5 RMSE(val)=48.238785
[GA][Iter5] Gen:10 Ind:6 RMSE(val)=48.240208
[GA][Iter5] Gen:10 Ind:7 RMSE(val)=48.242440
[GA][Iter5] Gen:10 Ind:8 RMSE(val)=48.242440
[GA][Iter5] Gen:10 Ind:9 RMSE(val)=48.242440
[GA][Iter5] Gen:10 Ind:10 RMSE(val)=48.242440
[GA][Iter5] Gen:10 Ind:11 RMSE(val)=48.291981
[GA][Iter5] Gen:10 Ind:12 RMSE(val)=48.368711
[GA][Iter5] Gen:10 Ind:13 RMSE(val)=48.148746
[GA][Iter5] Gen:10 Ind:14 RMSE(val)=48.172346
[GA][Iter5] Gen:10 Ind:15 RMSE(val)=48.242440
[GA][Iter5] Gen:10 Ind:16 RMSE(val)=48.183779
[GA][Iter5] Gen:10 Ind:17 RMSE(val)=48.242440
[GA][Iter5] Gen:10 Ind:18 RMSE(val)=48.242440
[GA][Iter5] Gen:10 Ind:19 RMSE(val)=48.242440
[GA][Iter5] Gen:10 Ind:20 RMSE(val)=48.171236
[GA][Iter5] gen=10 best_val_rmse=47.297331
[GA][Iter5] Gen:11 Ind:1 RMSE(val)=47.297331
[GA][Iter5] Gen:11 Ind:2 RMSE(val)=48.148746
[GA][Iter5] Gen:11 Ind:3 RMSE(val)=48.171236
[GA][Iter5] Gen:11 Ind:4 RMSE(val)=48.171236
[GA][Iter5] Gen:11 Ind:5 RMSE(val)=48.172346
[GA][Iter5] Gen:11 Ind:6 RMSE(val)=48.172346
[GA][Iter5] Gen:11 Ind:7 RMSE(val)=48.183779
[GA][Iter5] Gen:11 Ind:8 RMSE(val)=48.183779
[GA][Iter5] Gen:11 Ind:9 RMSE(val)=48.238785
[GA][Iter5] Gen:11 Ind:10 RMSE(val)=48.240208
[GA][Iter5] Gen:11 Ind:11 RMSE(val)=48.242440
[GA][Iter5] Gen:11 Ind:12 RMSE(val)=48.182471
[GA][Iter5] Gen:11 Ind:13 RMSE(val)=48.172346
[GA][Iter5] Gen:11 Ind:14 RMSE(val)=48.171236
[GA][Iter5] Gen:11 Ind:15 RMSE(val)=48.287898
[GA][Iter5] Gen:11 Ind:16 RMSE(val)=48.171236
[GA][Iter5] Gen:11 Ind:17 RMSE(val)=48.171236
[GA][Iter5] Gen:11 Ind:18 RMSE(val)=48.153338
[GA][Iter5] Gen:11 Ind:19 RMSE(val)=48.247441
[GA][Iter5] Gen:11 Ind:20 RMSE(val)=47.334278
[GA][Iter5] gen=11 best_val_rmse=47.297331
[GA][Iter5] Gen:12 Ind:1 RMSE(val)=47.297331
[GA][Iter5] Gen:12 Ind:2 RMSE(val)=47.334278
[GA][Iter5] Gen:12 Ind:3 RMSE(val)=48.148746
[GA][Iter5] Gen:12 Ind:4 RMSE(val)=48.153338
[GA][Iter5] Gen:12 Ind:5 RMSE(val)=48.171236
[GA][Iter5] Gen:12 Ind:6 RMSE(val)=48.171236
[GA][Iter5] Gen:12 Ind:7 RMSE(val)=48.171236
[GA][Iter5] Gen:12 Ind:8 RMSE(val)=48.171236
[GA][Iter5] Gen:12 Ind:9 RMSE(val)=48.171236
[GA][Iter5] Gen:12 Ind:10 RMSE(val)=48.172346
[GA][Iter5] Gen:12 Ind:11 RMSE(val)=48.244423
[GA][Iter5] Gen:12 Ind:12 RMSE(val)=48.153245
[GA][Iter5] Gen:12 Ind:13 RMSE(val)=48.178084
[GA][Iter5] Gen:12 Ind:14 RMSE(val)=48.190746
[GA][Iter5] Gen:12 Ind:15 RMSE(val)=48.135766
[GA][Iter5] Gen:12 Ind:16 RMSE(val)=48.172346
[GA][Iter5] Gen:12 Ind:17 RMSE(val)=47.334278
[GA][Iter5] Gen:12 Ind:18 RMSE(val)=48.171236
[GA][Iter5] Gen:12 Ind:19 RMSE(val)=48.245605
[GA][Iter5] Gen:12 Ind:20 RMSE(val)=48.171236
[GA][Iter5] gen=12 best_val_rmse=47.297331
[GA][Iter5] Gen:13 Ind:1 RMSE(val)=47.297331
[GA][Iter5] Gen:13 Ind:2 RMSE(val)=47.334278
[GA][Iter5] Gen:13 Ind:3 RMSE(val)=47.334278
[GA][Iter5] Gen:13 Ind:4 RMSE(val)=48.135766
[GA][Iter5] Gen:13 Ind:5 RMSE(val)=48.148746
[GA][Iter5] Gen:13 Ind:6 RMSE(val)=48.153245
[GA][Iter5] Gen:13 Ind:7 RMSE(val)=48.153338
[GA][Iter5] Gen:13 Ind:8 RMSE(val)=48.171236
[GA][Iter5] Gen:13 Ind:9 RMSE(val)=48.171236
[GA][Iter5] Gen:13 Ind:10 RMSE(val)=48.171236
[GA][Iter5] Gen:13 Ind:11 RMSE(val)=48.149316
[GA][Iter5] Gen:13 Ind:12 RMSE(val)=47.254471
[GA][Iter5] Gen:13 Ind:13 RMSE(val)=48.171236
[GA][Iter5] Gen:13 Ind:14 RMSE(val)=47.334278
[GA][Iter5] Gen:13 Ind:15 RMSE(val)=48.180938
[GA][Iter5] Gen:13 Ind:16 RMSE(val)=48.297144
[GA][Iter5] Gen:13 Ind:17 RMSE(val)=47.334278
[GA][Iter5] Gen:13 Ind:18 RMSE(val)=47.648250
[GA][Iter5] Gen:13 Ind:19 RMSE(val)=48.126637
[GA][Iter5] Gen:13 Ind:20 RMSE(val)=48.153245
[GA][Iter5] gen=13 best_val_rmse=47.254471
[GA][Iter5] Gen:14 Ind:1 RMSE(val)=47.254471
[GA][Iter5] Gen:14 Ind:2 RMSE(val)=47.297331
[GA][Iter5] Gen:14 Ind:3 RMSE(val)=47.334278
[GA][Iter5] Gen:14 Ind:4 RMSE(val)=47.334278
[GA][Iter5] Gen:14 Ind:5 RMSE(val)=47.334278
[GA][Iter5] Gen:14 Ind:6 RMSE(val)=47.334278
[GA][Iter5] Gen:14 Ind:7 RMSE(val)=47.648250
[GA][Iter5] Gen:14 Ind:8 RMSE(val)=48.126637
[GA][Iter5] Gen:14 Ind:9 RMSE(val)=48.135766
[GA][Iter5] Gen:14 Ind:10 RMSE(val)=48.148746
[GA][Iter5] Gen:14 Ind:11 RMSE(val)=47.663561
[GA][Iter5] Gen:14 Ind:12 RMSE(val)=47.188791
[GA][Iter5] Gen:14 Ind:13 RMSE(val)=47.358634
[GA][Iter5] Gen:14 Ind:14 RMSE(val)=48.149724
[GA][Iter5] Gen:14 Ind:15 RMSE(val)=47.334278
[GA][Iter5] Gen:14 Ind:16 RMSE(val)=47.360726
[GA][Iter5] Gen:14 Ind:17 RMSE(val)=48.154821
[GA][Iter5] Gen:14 Ind:18 RMSE(val)=47.320979
[GA][Iter5] Gen:14 Ind:19 RMSE(val)=47.056109
[GA][Iter5] Gen:14 Ind:20 RMSE(val)=48.126637
[GA][Iter5] gen=14 best_val_rmse=47.056109
[GA][Iter5] Gen:15 Ind:1 RMSE(val)=47.056109
[GA][Iter5] Gen:15 Ind:2 RMSE(val)=47.188791
[GA][Iter5] Gen:15 Ind:3 RMSE(val)=47.254471
[GA][Iter5] Gen:15 Ind:4 RMSE(val)=47.297331
[GA][Iter5] Gen:15 Ind:5 RMSE(val)=47.320979
[GA][Iter5] Gen:15 Ind:6 RMSE(val)=47.334278
[GA][Iter5] Gen:15 Ind:7 RMSE(val)=47.334278
[GA][Iter5] Gen:15 Ind:8 RMSE(val)=47.334278
[GA][Iter5] Gen:15 Ind:9 RMSE(val)=47.334278
[GA][Iter5] Gen:15 Ind:10 RMSE(val)=47.334278
[GA][Iter5] Gen:15 Ind:11 RMSE(val)=47.320979
[GA][Iter5] Gen:15 Ind:12 RMSE(val)=47.334278
[GA][Iter5] Gen:15 Ind:13 RMSE(val)=47.265493
[GA][Iter5] Gen:15 Ind:14 RMSE(val)=47.563361
[GA][Iter5] Gen:15 Ind:15 RMSE(val)=47.334278
[GA][Iter5] Gen:15 Ind:16 RMSE(val)=47.355359
[GA][Iter5] Gen:15 Ind:17 RMSE(val)=47.320979
[GA][Iter5] Gen:15 Ind:18 RMSE(val)=47.249608
[GA][Iter5] Gen:15 Ind:19 RMSE(val)=47.334278
[GA][Iter5] Gen:15 Ind:20 RMSE(val)=47.334278
[GA][Iter5] gen=15 best_val_rmse=47.056109
[GA][Iter5] Gen:15 Ind:1 RMSE(val)=47.056109
[GA][Iter5] Gen:15 Ind:2 RMSE(val)=47.188791
[GA][Iter5] Gen:15 Ind:3 RMSE(val)=47.249608
[GA][Iter5] Gen:15 Ind:4 RMSE(val)=47.254471
[GA][Iter5] Gen:15 Ind:5 RMSE(val)=47.265493
[GA][Iter5] Gen:15 Ind:6 RMSE(val)=47.297331
[GA][Iter5] Gen:15 Ind:7 RMSE(val)=47.320979
[GA][Iter5] Gen:15 Ind:8 RMSE(val)=47.320979
[GA][Iter5] Gen:15 Ind:9 RMSE(val)=47.320979
[GA][Iter5] Gen:15 Ind:10 RMSE(val)=47.334278
[GA][Iter5] Gen:15 Ind:11 RMSE(val)=47.188791
[GA][Iter5] Gen:15 Ind:12 RMSE(val)=47.320979
[GA][Iter5] Gen:15 Ind:13 RMSE(val)=47.250515
[GA][Iter5] Gen:15 Ind:14 RMSE(val)=47.320979
[GA][Iter5] Gen:15 Ind:15 RMSE(val)=47.254471
[GA][Iter5] Gen:15 Ind:16 RMSE(val)=47.563361
[GA][Iter5] Gen:15 Ind:17 RMSE(val)=47.249608
[GA][Iter5] Gen:15 Ind:18 RMSE(val)=47.158205
[GA][Iter5] Gen:15 Ind:19 RMSE(val)=47.249608
[GA][Iter5] Gen:15 Ind:20 RMSE(val)=47.056109

[GA DONE][Iter5] Best params on val fold of Iter5
Best val RMSE: 47.056109
Best params: {'n_estimators': 1732, 'learning_rate': 0.031006588075272592, 'num_leaves': 28, 'max_depth': 10, 'min_child_samples': 137, 'subsample': 0.8157516120478503, 'colsample_bytree': 0.8929704653855406, 'reg_lambda': 1.458270842997249, 'reg_alpha': 0.009953889608659108}
--------------------------------------------------------------------------------
[RETUNE GA] Iter5: train folds 1..9 -> test fold 10  RMSE=60.702910  NRMSE=1.154351  CVRMSE=0.172107  R2=-0.357668
