=== BASELINE (project=bmad, last-7 mean, expanding folds) ===
Iter1: train folds 1..5 -> test fold 6  RMSE=74.6603  NRMSE=1.0596  CVRMSE=0.0747  R˛=-0.1357
Iter2: train folds 1..6 -> test fold 7  RMSE=52.7729  NRMSE=0.8501  CVRMSE=0.0510  R˛=0.2688
Iter3: train folds 1..7 -> test fold 8  RMSE=49.9589  NRMSE=1.0781  CVRMSE=0.0440  R˛=-0.1760
Iter4: train folds 1..8 -> test fold 9  RMSE=98.8492  NRMSE=1.0715  CVRMSE=0.0853  R˛=-0.1617
Iter5: train folds 1..9 -> test fold 10  RMSE=38.9277  NRMSE=1.0721  CVRMSE=0.0338  R˛=-0.1629
--------------------------------------------------
[FEATURES] initial=174 kept_after_screening=72
['branch', 'issuer_name', 'gh_files_added', 'gh_files_deleted', 'gh_tests_deleted', 'gh_src_churn', 'gh_is_pr', 'gh_description_complexity', 'gh_src_files', 'gh_doc_files', 'gh_other_files', 'gh_commits_on_files_touched', 'gh_num_pr_comments', 'gh_test_lines_per_kloc', 'hour', 'dow', 'month', 'secs_since_prev', 'duration_lag_1', 'window_avg_7', 'window_std_7', 'ft___LIST_', 'ft___TXT_', 'ft___beam__', 'ft___bmad_', 'ft___bmad__', 'ft___bmad_optics_matching_', 'ft___correct_', 'ft___cpp__', 'ft___f90_', 'ft___f90__', 'ft___grid_field__', 'ft___h_', 'ft___html_', 'ft___in_', 'ft___init_', 'ft___init__', 'ft___jpg_', 'ft___json__', 'ft___lat_', 'ft___md_', 'ft___namelist_', 'ft___namelist__', 'ft___npz_', 'ft___pdf__', 'ft___pl_', 'ft___py_', 'ft___py__', 'ft___startup_', 'ft___tex_', 'ft___tex__', 'ft___tex____dup1', 'ft___txt_', 'ft___wake__', 'ft___yml__', 'ft____bmad_', 'ft____bmad__', 'ft____bmad____dup1', 'ft____cmake__', 'ft____correct__', 'ft____cpp__', 'ft____f90_', 'ft____init_', 'ft____md__', 'ft____namelist_', 'ft____py_', 'ft____py__', 'ft____tao_', 'ft____tex__', 'ft____tex____dup1', 'ft____yml__', 'ft___']
--------------------------------------------------------------------------------
[GA][Iter1] Gen:1 Ind:1 RMSE(val)=62.802468
[GA][Iter1] Gen:1 Ind:2 RMSE(val)=62.730146
[GA][Iter1] Gen:1 Ind:3 RMSE(val)=65.856440
[GA][Iter1] Gen:1 Ind:4 RMSE(val)=63.481949
[GA][Iter1] Gen:1 Ind:5 RMSE(val)=65.665622
[GA][Iter1] Gen:1 Ind:6 RMSE(val)=63.295178
[GA][Iter1] Gen:1 Ind:7 RMSE(val)=62.606378
[GA][Iter1] Gen:1 Ind:8 RMSE(val)=63.349341
[GA][Iter1] Gen:1 Ind:9 RMSE(val)=65.212979
[GA][Iter1] Gen:1 Ind:10 RMSE(val)=63.273435
[GA][Iter1] Gen:1 Ind:11 RMSE(val)=65.362221
[GA][Iter1] Gen:1 Ind:12 RMSE(val)=67.665729
[GA][Iter1] Gen:1 Ind:13 RMSE(val)=64.131448
[GA][Iter1] Gen:1 Ind:14 RMSE(val)=65.130120
[GA][Iter1] Gen:1 Ind:15 RMSE(val)=63.237897
[GA][Iter1] Gen:1 Ind:16 RMSE(val)=64.749833
[GA][Iter1] Gen:1 Ind:17 RMSE(val)=62.949701
[GA][Iter1] Gen:1 Ind:18 RMSE(val)=63.227769
[GA][Iter1] Gen:1 Ind:19 RMSE(val)=64.615275
[GA][Iter1] Gen:1 Ind:20 RMSE(val)=64.143631
[GA][Iter1] gen=1 best_val_rmse=62.606378
[GA][Iter1] Gen:2 Ind:1 RMSE(val)=62.606378
[GA][Iter1] Gen:2 Ind:2 RMSE(val)=62.730146
[GA][Iter1] Gen:2 Ind:3 RMSE(val)=62.802468
[GA][Iter1] Gen:2 Ind:4 RMSE(val)=62.949701
[GA][Iter1] Gen:2 Ind:5 RMSE(val)=63.227769
[GA][Iter1] Gen:2 Ind:6 RMSE(val)=63.237897
[GA][Iter1] Gen:2 Ind:7 RMSE(val)=63.273435
[GA][Iter1] Gen:2 Ind:8 RMSE(val)=63.295178
[GA][Iter1] Gen:2 Ind:9 RMSE(val)=63.349341
[GA][Iter1] Gen:2 Ind:10 RMSE(val)=63.481949
[GA][Iter1] Gen:2 Ind:11 RMSE(val)=63.595519
[GA][Iter1] Gen:2 Ind:12 RMSE(val)=63.381189
[GA][Iter1] Gen:2 Ind:13 RMSE(val)=63.603872
[GA][Iter1] Gen:2 Ind:14 RMSE(val)=63.308369
[GA][Iter1] Gen:2 Ind:15 RMSE(val)=65.410192
[GA][Iter1] Gen:2 Ind:16 RMSE(val)=64.779520
[GA][Iter1] Gen:2 Ind:17 RMSE(val)=62.279974
[GA][Iter1] Gen:2 Ind:18 RMSE(val)=62.950132
[GA][Iter1] Gen:2 Ind:19 RMSE(val)=63.558790
[GA][Iter1] Gen:2 Ind:20 RMSE(val)=62.955071
[GA][Iter1] gen=2 best_val_rmse=62.279974
[GA][Iter1] Gen:3 Ind:1 RMSE(val)=62.279974
[GA][Iter1] Gen:3 Ind:2 RMSE(val)=62.606378
[GA][Iter1] Gen:3 Ind:3 RMSE(val)=62.730146
[GA][Iter1] Gen:3 Ind:4 RMSE(val)=62.802468
[GA][Iter1] Gen:3 Ind:5 RMSE(val)=62.949701
[GA][Iter1] Gen:3 Ind:6 RMSE(val)=62.950132
[GA][Iter1] Gen:3 Ind:7 RMSE(val)=62.955071
[GA][Iter1] Gen:3 Ind:8 RMSE(val)=63.227769
[GA][Iter1] Gen:3 Ind:9 RMSE(val)=63.237897
[GA][Iter1] Gen:3 Ind:10 RMSE(val)=63.273435
[GA][Iter1] Gen:3 Ind:11 RMSE(val)=64.843837
[GA][Iter1] Gen:3 Ind:12 RMSE(val)=63.211278
[GA][Iter1] Gen:3 Ind:13 RMSE(val)=64.231381
[GA][Iter1] Gen:3 Ind:14 RMSE(val)=61.557647
[GA][Iter1] Gen:3 Ind:15 RMSE(val)=62.827368
[GA][Iter1] Gen:3 Ind:16 RMSE(val)=63.589778
[GA][Iter1] Gen:3 Ind:17 RMSE(val)=64.363633
[GA][Iter1] Gen:3 Ind:18 RMSE(val)=63.023386
[GA][Iter1] Gen:3 Ind:19 RMSE(val)=63.797434
[GA][Iter1] Gen:3 Ind:20 RMSE(val)=62.791036
[GA][Iter1] gen=3 best_val_rmse=61.557647
[GA][Iter1] Gen:4 Ind:1 RMSE(val)=61.557647
[GA][Iter1] Gen:4 Ind:2 RMSE(val)=62.279974
[GA][Iter1] Gen:4 Ind:3 RMSE(val)=62.606378
[GA][Iter1] Gen:4 Ind:4 RMSE(val)=62.730146
[GA][Iter1] Gen:4 Ind:5 RMSE(val)=62.791036
[GA][Iter1] Gen:4 Ind:6 RMSE(val)=62.802468
[GA][Iter1] Gen:4 Ind:7 RMSE(val)=62.827368
[GA][Iter1] Gen:4 Ind:8 RMSE(val)=62.949701
[GA][Iter1] Gen:4 Ind:9 RMSE(val)=62.950132
[GA][Iter1] Gen:4 Ind:10 RMSE(val)=62.955071
[GA][Iter1] Gen:4 Ind:11 RMSE(val)=62.827368
[GA][Iter1] Gen:4 Ind:12 RMSE(val)=62.049098
[GA][Iter1] Gen:4 Ind:13 RMSE(val)=63.221880
[GA][Iter1] Gen:4 Ind:14 RMSE(val)=62.149775
[GA][Iter1] Gen:4 Ind:15 RMSE(val)=64.922564
[GA][Iter1] Gen:4 Ind:16 RMSE(val)=63.469909
[GA][Iter1] Gen:4 Ind:17 RMSE(val)=62.954273
[GA][Iter1] Gen:4 Ind:18 RMSE(val)=63.140900
[GA][Iter1] Gen:4 Ind:19 RMSE(val)=61.557647
[GA][Iter1] Gen:4 Ind:20 RMSE(val)=63.544334
[GA][Iter1] gen=4 best_val_rmse=61.557647
[GA][Iter1] Gen:5 Ind:1 RMSE(val)=61.557647
[GA][Iter1] Gen:5 Ind:2 RMSE(val)=61.557647
[GA][Iter1] Gen:5 Ind:3 RMSE(val)=62.049098
[GA][Iter1] Gen:5 Ind:4 RMSE(val)=62.149775
[GA][Iter1] Gen:5 Ind:5 RMSE(val)=62.279974
[GA][Iter1] Gen:5 Ind:6 RMSE(val)=62.606378
[GA][Iter1] Gen:5 Ind:7 RMSE(val)=62.730146
[GA][Iter1] Gen:5 Ind:8 RMSE(val)=62.791036
[GA][Iter1] Gen:5 Ind:9 RMSE(val)=62.802468
[GA][Iter1] Gen:5 Ind:10 RMSE(val)=62.827368
[GA][Iter1] Gen:5 Ind:11 RMSE(val)=62.504698
[GA][Iter1] Gen:5 Ind:12 RMSE(val)=62.367574
[GA][Iter1] Gen:5 Ind:13 RMSE(val)=62.539197
[GA][Iter1] Gen:5 Ind:14 RMSE(val)=61.944713
[GA][Iter1] Gen:5 Ind:15 RMSE(val)=62.278793
[GA][Iter1] Gen:5 Ind:16 RMSE(val)=62.646492
[GA][Iter1] Gen:5 Ind:17 RMSE(val)=62.437767
[GA][Iter1] Gen:5 Ind:18 RMSE(val)=62.942136
[GA][Iter1] Gen:5 Ind:19 RMSE(val)=62.652665
[GA][Iter1] Gen:5 Ind:20 RMSE(val)=61.557647
[GA][Iter1] gen=5 best_val_rmse=61.557647
[GA][Iter1] Gen:6 Ind:1 RMSE(val)=61.557647
[GA][Iter1] Gen:6 Ind:2 RMSE(val)=61.557647
[GA][Iter1] Gen:6 Ind:3 RMSE(val)=61.557647
[GA][Iter1] Gen:6 Ind:4 RMSE(val)=61.944713
[GA][Iter1] Gen:6 Ind:5 RMSE(val)=62.049098
[GA][Iter1] Gen:6 Ind:6 RMSE(val)=62.149775
[GA][Iter1] Gen:6 Ind:7 RMSE(val)=62.278793
[GA][Iter1] Gen:6 Ind:8 RMSE(val)=62.279974
[GA][Iter1] Gen:6 Ind:9 RMSE(val)=62.367574
[GA][Iter1] Gen:6 Ind:10 RMSE(val)=62.437767
[GA][Iter1] Gen:6 Ind:11 RMSE(val)=62.278793
[GA][Iter1] Gen:6 Ind:12 RMSE(val)=62.049098
[GA][Iter1] Gen:6 Ind:13 RMSE(val)=61.557647
[GA][Iter1] Gen:6 Ind:14 RMSE(val)=61.573042
[GA][Iter1] Gen:6 Ind:15 RMSE(val)=61.557647
[GA][Iter1] Gen:6 Ind:16 RMSE(val)=62.049327
[GA][Iter1] Gen:6 Ind:17 RMSE(val)=62.278439
[GA][Iter1] Gen:6 Ind:18 RMSE(val)=62.278793
[GA][Iter1] Gen:6 Ind:19 RMSE(val)=61.801764
[GA][Iter1] Gen:6 Ind:20 RMSE(val)=61.943217
[GA][Iter1] gen=6 best_val_rmse=61.557647
[GA][Iter1] Gen:7 Ind:1 RMSE(val)=61.557647
[GA][Iter1] Gen:7 Ind:2 RMSE(val)=61.557647
[GA][Iter1] Gen:7 Ind:3 RMSE(val)=61.557647
[GA][Iter1] Gen:7 Ind:4 RMSE(val)=61.557647
[GA][Iter1] Gen:7 Ind:5 RMSE(val)=61.557647
[GA][Iter1] Gen:7 Ind:6 RMSE(val)=61.573042
[GA][Iter1] Gen:7 Ind:7 RMSE(val)=61.801764
[GA][Iter1] Gen:7 Ind:8 RMSE(val)=61.943217
[GA][Iter1] Gen:7 Ind:9 RMSE(val)=61.944713
[GA][Iter1] Gen:7 Ind:10 RMSE(val)=62.049098
[GA][Iter1] Gen:7 Ind:11 RMSE(val)=62.309517
[GA][Iter1] Gen:7 Ind:12 RMSE(val)=61.557647
[GA][Iter1] Gen:7 Ind:13 RMSE(val)=61.944713
[GA][Iter1] Gen:7 Ind:14 RMSE(val)=62.049327
[GA][Iter1] Gen:7 Ind:15 RMSE(val)=61.944713
[GA][Iter1] Gen:7 Ind:16 RMSE(val)=61.557647
[GA][Iter1] Gen:7 Ind:17 RMSE(val)=61.557647
[GA][Iter1] Gen:7 Ind:18 RMSE(val)=61.573042
[GA][Iter1] Gen:7 Ind:19 RMSE(val)=61.943328
[GA][Iter1] Gen:7 Ind:20 RMSE(val)=61.943217
[GA][Iter1] gen=7 best_val_rmse=61.557647
[GA][Iter1] Gen:8 Ind:1 RMSE(val)=61.557647
[GA][Iter1] Gen:8 Ind:2 RMSE(val)=61.557647
[GA][Iter1] Gen:8 Ind:3 RMSE(val)=61.557647
[GA][Iter1] Gen:8 Ind:4 RMSE(val)=61.557647
[GA][Iter1] Gen:8 Ind:5 RMSE(val)=61.557647
[GA][Iter1] Gen:8 Ind:6 RMSE(val)=61.557647
[GA][Iter1] Gen:8 Ind:7 RMSE(val)=61.557647
[GA][Iter1] Gen:8 Ind:8 RMSE(val)=61.557647
[GA][Iter1] Gen:8 Ind:9 RMSE(val)=61.573042
[GA][Iter1] Gen:8 Ind:10 RMSE(val)=61.573042
[GA][Iter1] Gen:8 Ind:11 RMSE(val)=61.557647
[GA][Iter1] Gen:8 Ind:12 RMSE(val)=61.557498
[GA][Iter1] Gen:8 Ind:13 RMSE(val)=61.557647
[GA][Iter1] Gen:8 Ind:14 RMSE(val)=61.557647
[GA][Iter1] Gen:8 Ind:15 RMSE(val)=61.573042
[GA][Iter1] Gen:8 Ind:16 RMSE(val)=61.557647
[GA][Iter1] Gen:8 Ind:17 RMSE(val)=61.557647
[GA][Iter1] Gen:8 Ind:18 RMSE(val)=61.555888
[GA][Iter1] Gen:8 Ind:19 RMSE(val)=61.557647
[GA][Iter1] Gen:8 Ind:20 RMSE(val)=61.557647
[GA][Iter1] gen=8 best_val_rmse=61.555888
[GA][Iter1] Gen:9 Ind:1 RMSE(val)=61.555888
[GA][Iter1] Gen:9 Ind:2 RMSE(val)=61.557498
[GA][Iter1] Gen:9 Ind:3 RMSE(val)=61.557647
[GA][Iter1] Gen:9 Ind:4 RMSE(val)=61.557647
[GA][Iter1] Gen:9 Ind:5 RMSE(val)=61.557647
[GA][Iter1] Gen:9 Ind:6 RMSE(val)=61.557647
[GA][Iter1] Gen:9 Ind:7 RMSE(val)=61.557647
[GA][Iter1] Gen:9 Ind:8 RMSE(val)=61.557647
[GA][Iter1] Gen:9 Ind:9 RMSE(val)=61.557647
[GA][Iter1] Gen:9 Ind:10 RMSE(val)=61.557647
[GA][Iter1] Gen:9 Ind:11 RMSE(val)=62.041355
[GA][Iter1] Gen:9 Ind:12 RMSE(val)=61.557647
[GA][Iter1] Gen:9 Ind:13 RMSE(val)=61.557647
[GA][Iter1] Gen:9 Ind:14 RMSE(val)=61.037525
[GA][Iter1] Gen:9 Ind:15 RMSE(val)=61.557447
[GA][Iter1] Gen:9 Ind:16 RMSE(val)=61.557647
[GA][Iter1] Gen:9 Ind:17 RMSE(val)=61.557647
[GA][Iter1] Gen:9 Ind:18 RMSE(val)=61.557647
[GA][Iter1] Gen:9 Ind:19 RMSE(val)=61.557647
[GA][Iter1] Gen:9 Ind:20 RMSE(val)=61.556368
[GA][Iter1] gen=9 best_val_rmse=61.037525
[GA][Iter1] Gen:10 Ind:1 RMSE(val)=61.037525
[GA][Iter1] Gen:10 Ind:2 RMSE(val)=61.555888
[GA][Iter1] Gen:10 Ind:3 RMSE(val)=61.556368
[GA][Iter1] Gen:10 Ind:4 RMSE(val)=61.557447
[GA][Iter1] Gen:10 Ind:5 RMSE(val)=61.557498
[GA][Iter1] Gen:10 Ind:6 RMSE(val)=61.557647
[GA][Iter1] Gen:10 Ind:7 RMSE(val)=61.557647
[GA][Iter1] Gen:10 Ind:8 RMSE(val)=61.557647
[GA][Iter1] Gen:10 Ind:9 RMSE(val)=61.557647
[GA][Iter1] Gen:10 Ind:10 RMSE(val)=61.557647
[GA][Iter1] Gen:10 Ind:11 RMSE(val)=61.237254
[GA][Iter1] Gen:10 Ind:12 RMSE(val)=60.827727
[GA][Iter1] Gen:10 Ind:13 RMSE(val)=61.504409
[GA][Iter1] Gen:10 Ind:14 RMSE(val)=61.556368
[GA][Iter1] Gen:10 Ind:15 RMSE(val)=61.557498
[GA][Iter1] Gen:10 Ind:16 RMSE(val)=61.557447
[GA][Iter1] Gen:10 Ind:17 RMSE(val)=61.557647
[GA][Iter1] Gen:10 Ind:18 RMSE(val)=61.557647
[GA][Iter1] Gen:10 Ind:19 RMSE(val)=61.557647
[GA][Iter1] Gen:10 Ind:20 RMSE(val)=61.555888
[GA][Iter1] gen=10 best_val_rmse=60.827727
[GA][Iter1] Gen:11 Ind:1 RMSE(val)=60.827727
[GA][Iter1] Gen:11 Ind:2 RMSE(val)=61.037525
[GA][Iter1] Gen:11 Ind:3 RMSE(val)=61.237254
[GA][Iter1] Gen:11 Ind:4 RMSE(val)=61.504409
[GA][Iter1] Gen:11 Ind:5 RMSE(val)=61.555888
[GA][Iter1] Gen:11 Ind:6 RMSE(val)=61.555888
[GA][Iter1] Gen:11 Ind:7 RMSE(val)=61.556368
[GA][Iter1] Gen:11 Ind:8 RMSE(val)=61.556368
[GA][Iter1] Gen:11 Ind:9 RMSE(val)=61.557447
[GA][Iter1] Gen:11 Ind:10 RMSE(val)=61.557447
[GA][Iter1] Gen:11 Ind:11 RMSE(val)=61.555888
[GA][Iter1] Gen:11 Ind:12 RMSE(val)=61.557647
[GA][Iter1] Gen:11 Ind:13 RMSE(val)=61.236198
[GA][Iter1] Gen:11 Ind:14 RMSE(val)=61.504409
[GA][Iter1] Gen:11 Ind:15 RMSE(val)=61.243976
[GA][Iter1] Gen:11 Ind:16 RMSE(val)=61.504409
[GA][Iter1] Gen:11 Ind:17 RMSE(val)=61.236464
[GA][Iter1] Gen:11 Ind:18 RMSE(val)=61.566318
[GA][Iter1] Gen:11 Ind:19 RMSE(val)=61.551877
[GA][Iter1] Gen:11 Ind:20 RMSE(val)=61.421769
[GA][Iter1] gen=11 best_val_rmse=60.827727
[GA][Iter1] Gen:12 Ind:1 RMSE(val)=60.827727
[GA][Iter1] Gen:12 Ind:2 RMSE(val)=61.037525
[GA][Iter1] Gen:12 Ind:3 RMSE(val)=61.236198
[GA][Iter1] Gen:12 Ind:4 RMSE(val)=61.236464
[GA][Iter1] Gen:12 Ind:5 RMSE(val)=61.237254
[GA][Iter1] Gen:12 Ind:6 RMSE(val)=61.243976
[GA][Iter1] Gen:12 Ind:7 RMSE(val)=61.421769
[GA][Iter1] Gen:12 Ind:8 RMSE(val)=61.504409
[GA][Iter1] Gen:12 Ind:9 RMSE(val)=61.504409
[GA][Iter1] Gen:12 Ind:10 RMSE(val)=61.504409
[GA][Iter1] Gen:12 Ind:11 RMSE(val)=60.897394
[GA][Iter1] Gen:12 Ind:12 RMSE(val)=61.237787
[GA][Iter1] Gen:12 Ind:13 RMSE(val)=61.532677
[GA][Iter1] Gen:12 Ind:14 RMSE(val)=61.555888
[GA][Iter1] Gen:12 Ind:15 RMSE(val)=61.466250
[GA][Iter1] Gen:12 Ind:16 RMSE(val)=61.952199
[GA][Iter1] Gen:12 Ind:17 RMSE(val)=60.925234
[GA][Iter1] Gen:12 Ind:18 RMSE(val)=61.206870
[GA][Iter1] Gen:12 Ind:19 RMSE(val)=60.791734
[GA][Iter1] Gen:12 Ind:20 RMSE(val)=61.504409
[GA][Iter1] gen=12 best_val_rmse=60.791734
[GA][Iter1] Gen:13 Ind:1 RMSE(val)=60.791734
[GA][Iter1] Gen:13 Ind:2 RMSE(val)=60.827727
[GA][Iter1] Gen:13 Ind:3 RMSE(val)=60.897394
[GA][Iter1] Gen:13 Ind:4 RMSE(val)=60.925234
[GA][Iter1] Gen:13 Ind:5 RMSE(val)=61.037525
[GA][Iter1] Gen:13 Ind:6 RMSE(val)=61.206870
[GA][Iter1] Gen:13 Ind:7 RMSE(val)=61.236198
[GA][Iter1] Gen:13 Ind:8 RMSE(val)=61.236464
[GA][Iter1] Gen:13 Ind:9 RMSE(val)=61.237254
[GA][Iter1] Gen:13 Ind:10 RMSE(val)=61.237787
[GA][Iter1] Gen:13 Ind:11 RMSE(val)=61.236198
[GA][Iter1] Gen:13 Ind:12 RMSE(val)=60.899150
[GA][Iter1] Gen:13 Ind:13 RMSE(val)=61.038709
[GA][Iter1] Gen:13 Ind:14 RMSE(val)=60.827727
[GA][Iter1] Gen:13 Ind:15 RMSE(val)=61.206870
[GA][Iter1] Gen:13 Ind:16 RMSE(val)=60.877072
[GA][Iter1] Gen:13 Ind:17 RMSE(val)=60.827727
[GA][Iter1] Gen:13 Ind:18 RMSE(val)=60.906353
[GA][Iter1] Gen:13 Ind:19 RMSE(val)=61.236464
[GA][Iter1] Gen:13 Ind:20 RMSE(val)=61.206870
[GA][Iter1] gen=13 best_val_rmse=60.791734
[GA][Iter1] Gen:14 Ind:1 RMSE(val)=60.791734
[GA][Iter1] Gen:14 Ind:2 RMSE(val)=60.827727
[GA][Iter1] Gen:14 Ind:3 RMSE(val)=60.827727
[GA][Iter1] Gen:14 Ind:4 RMSE(val)=60.827727
[GA][Iter1] Gen:14 Ind:5 RMSE(val)=60.877072
[GA][Iter1] Gen:14 Ind:6 RMSE(val)=60.897394
[GA][Iter1] Gen:14 Ind:7 RMSE(val)=60.899150
[GA][Iter1] Gen:14 Ind:8 RMSE(val)=60.906353
[GA][Iter1] Gen:14 Ind:9 RMSE(val)=60.925234
[GA][Iter1] Gen:14 Ind:10 RMSE(val)=61.037525
[GA][Iter1] Gen:14 Ind:11 RMSE(val)=60.897129
[GA][Iter1] Gen:14 Ind:12 RMSE(val)=60.877072
[GA][Iter1] Gen:14 Ind:13 RMSE(val)=61.395659
[GA][Iter1] Gen:14 Ind:14 RMSE(val)=60.906819
[GA][Iter1] Gen:14 Ind:15 RMSE(val)=60.897394
[GA][Iter1] Gen:14 Ind:16 RMSE(val)=60.827765
[GA][Iter1] Gen:14 Ind:17 RMSE(val)=61.011889
[GA][Iter1] Gen:14 Ind:18 RMSE(val)=61.038709
[GA][Iter1] Gen:14 Ind:19 RMSE(val)=60.827727
[GA][Iter1] Gen:14 Ind:20 RMSE(val)=60.897394
[GA][Iter1] gen=14 best_val_rmse=60.791734
[GA][Iter1] Gen:15 Ind:1 RMSE(val)=60.791734
[GA][Iter1] Gen:15 Ind:2 RMSE(val)=60.827727
[GA][Iter1] Gen:15 Ind:3 RMSE(val)=60.827727
[GA][Iter1] Gen:15 Ind:4 RMSE(val)=60.827727
[GA][Iter1] Gen:15 Ind:5 RMSE(val)=60.827727
[GA][Iter1] Gen:15 Ind:6 RMSE(val)=60.827765
[GA][Iter1] Gen:15 Ind:7 RMSE(val)=60.877072
[GA][Iter1] Gen:15 Ind:8 RMSE(val)=60.877072
[GA][Iter1] Gen:15 Ind:9 RMSE(val)=60.897129
[GA][Iter1] Gen:15 Ind:10 RMSE(val)=60.897394
[GA][Iter1] Gen:15 Ind:11 RMSE(val)=60.877399
[GA][Iter1] Gen:15 Ind:12 RMSE(val)=60.897363
[GA][Iter1] Gen:15 Ind:13 RMSE(val)=60.911356
[GA][Iter1] Gen:15 Ind:14 RMSE(val)=60.897363
[GA][Iter1] Gen:15 Ind:15 RMSE(val)=61.058070
[GA][Iter1] Gen:15 Ind:16 RMSE(val)=60.790527
[GA][Iter1] Gen:15 Ind:17 RMSE(val)=60.827727
[GA][Iter1] Gen:15 Ind:18 RMSE(val)=60.827765
[GA][Iter1] Gen:15 Ind:19 RMSE(val)=60.877072
[GA][Iter1] Gen:15 Ind:20 RMSE(val)=60.827765
[GA][Iter1] gen=15 best_val_rmse=60.790527
[GA][Iter1] Gen:15 Ind:1 RMSE(val)=60.790527
[GA][Iter1] Gen:15 Ind:2 RMSE(val)=60.791734
[GA][Iter1] Gen:15 Ind:3 RMSE(val)=60.827727
[GA][Iter1] Gen:15 Ind:4 RMSE(val)=60.827727
[GA][Iter1] Gen:15 Ind:5 RMSE(val)=60.827727
[GA][Iter1] Gen:15 Ind:6 RMSE(val)=60.827727
[GA][Iter1] Gen:15 Ind:7 RMSE(val)=60.827727
[GA][Iter1] Gen:15 Ind:8 RMSE(val)=60.827765
[GA][Iter1] Gen:15 Ind:9 RMSE(val)=60.827765
[GA][Iter1] Gen:15 Ind:10 RMSE(val)=60.827765
[GA][Iter1] Gen:15 Ind:11 RMSE(val)=60.791734
[GA][Iter1] Gen:15 Ind:12 RMSE(val)=60.827765
[GA][Iter1] Gen:15 Ind:13 RMSE(val)=60.790527
[GA][Iter1] Gen:15 Ind:14 RMSE(val)=60.827765
[GA][Iter1] Gen:15 Ind:15 RMSE(val)=60.827727
[GA][Iter1] Gen:15 Ind:16 RMSE(val)=60.827727
[GA][Iter1] Gen:15 Ind:17 RMSE(val)=60.827727
[GA][Iter1] Gen:15 Ind:18 RMSE(val)=60.824847
[GA][Iter1] Gen:15 Ind:19 RMSE(val)=60.827727
[GA][Iter1] Gen:15 Ind:20 RMSE(val)=60.827765

[GA DONE][Iter1] Best params on val fold of Iter1
Best val RMSE: 60.790527
Best params: {'n_estimators': 200, 'learning_rate': 0.006761030673746093, 'num_leaves': 34, 'max_depth': 7, 'min_child_samples': 35, 'subsample': 0.640998070468603, 'colsample_bytree': 0.7849040847404463, 'reg_lambda': 0.4670744273176347, 'reg_alpha': 9.466426348653776}
--------------------------------------------------------------------------------
[RETUNE GA] Iter1: train folds 1..5 -> test fold 6  RMSE=69.691598  NRMSE=0.989041  CVRMSE=0.069761  R2=0.010424
[GA][Iter2] Gen:1 Ind:1 RMSE(val)=71.139594
[GA][Iter2] Gen:1 Ind:2 RMSE(val)=70.691550
[GA][Iter2] Gen:1 Ind:3 RMSE(val)=72.489229
[GA][Iter2] Gen:1 Ind:4 RMSE(val)=70.586917
[GA][Iter2] Gen:1 Ind:5 RMSE(val)=74.646884
[GA][Iter2] Gen:1 Ind:6 RMSE(val)=70.223799
[GA][Iter2] Gen:1 Ind:7 RMSE(val)=69.699468
[GA][Iter2] Gen:1 Ind:8 RMSE(val)=73.540965
[GA][Iter2] Gen:1 Ind:9 RMSE(val)=75.370744
[GA][Iter2] Gen:1 Ind:10 RMSE(val)=70.572523
[GA][Iter2] Gen:1 Ind:11 RMSE(val)=73.752673
[GA][Iter2] Gen:1 Ind:12 RMSE(val)=73.519345
[GA][Iter2] Gen:1 Ind:13 RMSE(val)=71.778480
[GA][Iter2] Gen:1 Ind:14 RMSE(val)=74.451807
[GA][Iter2] Gen:1 Ind:15 RMSE(val)=70.769925
[GA][Iter2] Gen:1 Ind:16 RMSE(val)=70.552402
[GA][Iter2] Gen:1 Ind:17 RMSE(val)=69.924287
[GA][Iter2] Gen:1 Ind:18 RMSE(val)=70.206979
[GA][Iter2] Gen:1 Ind:19 RMSE(val)=70.810094
[GA][Iter2] Gen:1 Ind:20 RMSE(val)=70.291927
[GA][Iter2] gen=1 best_val_rmse=69.699468
[GA][Iter2] Gen:2 Ind:1 RMSE(val)=69.699468
[GA][Iter2] Gen:2 Ind:2 RMSE(val)=69.924287
[GA][Iter2] Gen:2 Ind:3 RMSE(val)=70.206979
[GA][Iter2] Gen:2 Ind:4 RMSE(val)=70.223799
[GA][Iter2] Gen:2 Ind:5 RMSE(val)=70.291927
[GA][Iter2] Gen:2 Ind:6 RMSE(val)=70.552402
[GA][Iter2] Gen:2 Ind:7 RMSE(val)=70.572523
[GA][Iter2] Gen:2 Ind:8 RMSE(val)=70.586917
[GA][Iter2] Gen:2 Ind:9 RMSE(val)=70.691550
[GA][Iter2] Gen:2 Ind:10 RMSE(val)=70.769925
[GA][Iter2] Gen:2 Ind:11 RMSE(val)=72.280873
[GA][Iter2] Gen:2 Ind:12 RMSE(val)=71.109195
[GA][Iter2] Gen:2 Ind:13 RMSE(val)=70.229068
[GA][Iter2] Gen:2 Ind:14 RMSE(val)=70.384258
[GA][Iter2] Gen:2 Ind:15 RMSE(val)=72.976700
[GA][Iter2] Gen:2 Ind:16 RMSE(val)=72.695566
[GA][Iter2] Gen:2 Ind:17 RMSE(val)=69.502701
[GA][Iter2] Gen:2 Ind:18 RMSE(val)=71.645499
[GA][Iter2] Gen:2 Ind:19 RMSE(val)=70.013603
[GA][Iter2] Gen:2 Ind:20 RMSE(val)=71.020690
[GA][Iter2] gen=2 best_val_rmse=69.502701
[GA][Iter2] Gen:3 Ind:1 RMSE(val)=69.502701
[GA][Iter2] Gen:3 Ind:2 RMSE(val)=69.699468
[GA][Iter2] Gen:3 Ind:3 RMSE(val)=69.924287
[GA][Iter2] Gen:3 Ind:4 RMSE(val)=70.013603
[GA][Iter2] Gen:3 Ind:5 RMSE(val)=70.206979
[GA][Iter2] Gen:3 Ind:6 RMSE(val)=70.223799
[GA][Iter2] Gen:3 Ind:7 RMSE(val)=70.229068
[GA][Iter2] Gen:3 Ind:8 RMSE(val)=70.291927
[GA][Iter2] Gen:3 Ind:9 RMSE(val)=70.384258
[GA][Iter2] Gen:3 Ind:10 RMSE(val)=70.552402
[GA][Iter2] Gen:3 Ind:11 RMSE(val)=71.910428
[GA][Iter2] Gen:3 Ind:12 RMSE(val)=70.283482
[GA][Iter2] Gen:3 Ind:13 RMSE(val)=69.355288
[GA][Iter2] Gen:3 Ind:14 RMSE(val)=70.178695
[GA][Iter2] Gen:3 Ind:15 RMSE(val)=69.829507
[GA][Iter2] Gen:3 Ind:16 RMSE(val)=70.782552
[GA][Iter2] Gen:3 Ind:17 RMSE(val)=69.340870
[GA][Iter2] Gen:3 Ind:18 RMSE(val)=70.989557
[GA][Iter2] Gen:3 Ind:19 RMSE(val)=69.821630
[GA][Iter2] Gen:3 Ind:20 RMSE(val)=70.432539
[GA][Iter2] gen=3 best_val_rmse=69.340870
[GA][Iter2] Gen:4 Ind:1 RMSE(val)=69.340870
[GA][Iter2] Gen:4 Ind:2 RMSE(val)=69.355288
[GA][Iter2] Gen:4 Ind:3 RMSE(val)=69.502701
[GA][Iter2] Gen:4 Ind:4 RMSE(val)=69.699468
[GA][Iter2] Gen:4 Ind:5 RMSE(val)=69.821630
[GA][Iter2] Gen:4 Ind:6 RMSE(val)=69.829507
[GA][Iter2] Gen:4 Ind:7 RMSE(val)=69.924287
[GA][Iter2] Gen:4 Ind:8 RMSE(val)=70.013603
[GA][Iter2] Gen:4 Ind:9 RMSE(val)=70.178695
[GA][Iter2] Gen:4 Ind:10 RMSE(val)=70.206979
[GA][Iter2] Gen:4 Ind:11 RMSE(val)=70.125701
[GA][Iter2] Gen:4 Ind:12 RMSE(val)=69.677935
[GA][Iter2] Gen:4 Ind:13 RMSE(val)=69.831332
[GA][Iter2] Gen:4 Ind:14 RMSE(val)=69.592926
[GA][Iter2] Gen:4 Ind:15 RMSE(val)=71.146110
[GA][Iter2] Gen:4 Ind:16 RMSE(val)=70.851515
[GA][Iter2] Gen:4 Ind:17 RMSE(val)=69.589654
[GA][Iter2] Gen:4 Ind:18 RMSE(val)=69.323111
[GA][Iter2] Gen:4 Ind:19 RMSE(val)=69.904793
[GA][Iter2] Gen:4 Ind:20 RMSE(val)=71.108018
[GA][Iter2] gen=4 best_val_rmse=69.323111
[GA][Iter2] Gen:5 Ind:1 RMSE(val)=69.323111
[GA][Iter2] Gen:5 Ind:2 RMSE(val)=69.340870
[GA][Iter2] Gen:5 Ind:3 RMSE(val)=69.355288
[GA][Iter2] Gen:5 Ind:4 RMSE(val)=69.502701
[GA][Iter2] Gen:5 Ind:5 RMSE(val)=69.589654
[GA][Iter2] Gen:5 Ind:6 RMSE(val)=69.592926
[GA][Iter2] Gen:5 Ind:7 RMSE(val)=69.677935
[GA][Iter2] Gen:5 Ind:8 RMSE(val)=69.699468
[GA][Iter2] Gen:5 Ind:9 RMSE(val)=69.821630
[GA][Iter2] Gen:5 Ind:10 RMSE(val)=69.829507
[GA][Iter2] Gen:5 Ind:11 RMSE(val)=69.829507
[GA][Iter2] Gen:5 Ind:12 RMSE(val)=69.820830
[GA][Iter2] Gen:5 Ind:13 RMSE(val)=69.552550
[GA][Iter2] Gen:5 Ind:14 RMSE(val)=69.600764
[GA][Iter2] Gen:5 Ind:15 RMSE(val)=69.699490
[GA][Iter2] Gen:5 Ind:16 RMSE(val)=69.812339
[GA][Iter2] Gen:5 Ind:17 RMSE(val)=70.194497
[GA][Iter2] Gen:5 Ind:18 RMSE(val)=69.549596
[GA][Iter2] Gen:5 Ind:19 RMSE(val)=69.323111
[GA][Iter2] Gen:5 Ind:20 RMSE(val)=69.839206
[GA][Iter2] gen=5 best_val_rmse=69.323111
[GA][Iter2] Gen:6 Ind:1 RMSE(val)=69.323111
[GA][Iter2] Gen:6 Ind:2 RMSE(val)=69.323111
[GA][Iter2] Gen:6 Ind:3 RMSE(val)=69.340870
[GA][Iter2] Gen:6 Ind:4 RMSE(val)=69.355288
[GA][Iter2] Gen:6 Ind:5 RMSE(val)=69.502701
[GA][Iter2] Gen:6 Ind:6 RMSE(val)=69.549596
[GA][Iter2] Gen:6 Ind:7 RMSE(val)=69.552550
[GA][Iter2] Gen:6 Ind:8 RMSE(val)=69.589654
[GA][Iter2] Gen:6 Ind:9 RMSE(val)=69.592926
[GA][Iter2] Gen:6 Ind:10 RMSE(val)=69.600764
[GA][Iter2] Gen:6 Ind:11 RMSE(val)=69.634964
[GA][Iter2] Gen:6 Ind:12 RMSE(val)=69.802338
[GA][Iter2] Gen:6 Ind:13 RMSE(val)=69.338487
[GA][Iter2] Gen:6 Ind:14 RMSE(val)=69.323111
[GA][Iter2] Gen:6 Ind:15 RMSE(val)=69.806822
[GA][Iter2] Gen:6 Ind:16 RMSE(val)=69.552930
[GA][Iter2] Gen:6 Ind:17 RMSE(val)=69.619508
[GA][Iter2] Gen:6 Ind:18 RMSE(val)=69.336130
[GA][Iter2] Gen:6 Ind:19 RMSE(val)=69.123065
[GA][Iter2] Gen:6 Ind:20 RMSE(val)=69.589654
[GA][Iter2] gen=6 best_val_rmse=69.123065
[GA][Iter2] Gen:7 Ind:1 RMSE(val)=69.123065
[GA][Iter2] Gen:7 Ind:2 RMSE(val)=69.323111
[GA][Iter2] Gen:7 Ind:3 RMSE(val)=69.323111
[GA][Iter2] Gen:7 Ind:4 RMSE(val)=69.323111
[GA][Iter2] Gen:7 Ind:5 RMSE(val)=69.336130
[GA][Iter2] Gen:7 Ind:6 RMSE(val)=69.338487
[GA][Iter2] Gen:7 Ind:7 RMSE(val)=69.340870
[GA][Iter2] Gen:7 Ind:8 RMSE(val)=69.355288
[GA][Iter2] Gen:7 Ind:9 RMSE(val)=69.502701
[GA][Iter2] Gen:7 Ind:10 RMSE(val)=69.549596
[GA][Iter2] Gen:7 Ind:11 RMSE(val)=69.630536
[GA][Iter2] Gen:7 Ind:12 RMSE(val)=69.185310
[GA][Iter2] Gen:7 Ind:13 RMSE(val)=69.549383
[GA][Iter2] Gen:7 Ind:14 RMSE(val)=69.486836
[GA][Iter2] Gen:7 Ind:15 RMSE(val)=69.323111
[GA][Iter2] Gen:7 Ind:16 RMSE(val)=69.323111
[GA][Iter2] Gen:7 Ind:17 RMSE(val)=69.348316
[GA][Iter2] Gen:7 Ind:18 RMSE(val)=69.472650
[GA][Iter2] Gen:7 Ind:19 RMSE(val)=69.355288
[GA][Iter2] Gen:7 Ind:20 RMSE(val)=69.124313
[GA][Iter2] gen=7 best_val_rmse=69.123065
[GA][Iter2] Gen:8 Ind:1 RMSE(val)=69.123065
[GA][Iter2] Gen:8 Ind:2 RMSE(val)=69.124313
[GA][Iter2] Gen:8 Ind:3 RMSE(val)=69.185310
[GA][Iter2] Gen:8 Ind:4 RMSE(val)=69.323111
[GA][Iter2] Gen:8 Ind:5 RMSE(val)=69.323111
[GA][Iter2] Gen:8 Ind:6 RMSE(val)=69.323111
[GA][Iter2] Gen:8 Ind:7 RMSE(val)=69.323111
[GA][Iter2] Gen:8 Ind:8 RMSE(val)=69.323111
[GA][Iter2] Gen:8 Ind:9 RMSE(val)=69.336130
[GA][Iter2] Gen:8 Ind:10 RMSE(val)=69.338487
[GA][Iter2] Gen:8 Ind:11 RMSE(val)=69.323114
[GA][Iter2] Gen:8 Ind:12 RMSE(val)=69.340580
[GA][Iter2] Gen:8 Ind:13 RMSE(val)=69.323111
[GA][Iter2] Gen:8 Ind:14 RMSE(val)=69.324754
[GA][Iter2] Gen:8 Ind:15 RMSE(val)=69.124313
[GA][Iter2] Gen:8 Ind:16 RMSE(val)=69.166033
[GA][Iter2] Gen:8 Ind:17 RMSE(val)=69.331552
[GA][Iter2] Gen:8 Ind:18 RMSE(val)=69.124313
[GA][Iter2] Gen:8 Ind:19 RMSE(val)=69.323111
[GA][Iter2] Gen:8 Ind:20 RMSE(val)=69.395338
[GA][Iter2] gen=8 best_val_rmse=69.123065
[GA][Iter2] Gen:9 Ind:1 RMSE(val)=69.123065
[GA][Iter2] Gen:9 Ind:2 RMSE(val)=69.124313
[GA][Iter2] Gen:9 Ind:3 RMSE(val)=69.124313
[GA][Iter2] Gen:9 Ind:4 RMSE(val)=69.124313
[GA][Iter2] Gen:9 Ind:5 RMSE(val)=69.166033
[GA][Iter2] Gen:9 Ind:6 RMSE(val)=69.185310
[GA][Iter2] Gen:9 Ind:7 RMSE(val)=69.323111
[GA][Iter2] Gen:9 Ind:8 RMSE(val)=69.323111
[GA][Iter2] Gen:9 Ind:9 RMSE(val)=69.323111
[GA][Iter2] Gen:9 Ind:10 RMSE(val)=69.323111
[GA][Iter2] Gen:9 Ind:11 RMSE(val)=69.323111
[GA][Iter2] Gen:9 Ind:12 RMSE(val)=69.324754
[GA][Iter2] Gen:9 Ind:13 RMSE(val)=69.183445
[GA][Iter2] Gen:9 Ind:14 RMSE(val)=69.126223
[GA][Iter2] Gen:9 Ind:15 RMSE(val)=69.123065
[GA][Iter2] Gen:9 Ind:16 RMSE(val)=69.123065
[GA][Iter2] Gen:9 Ind:17 RMSE(val)=69.124313
[GA][Iter2] Gen:9 Ind:18 RMSE(val)=69.166033
[GA][Iter2] Gen:9 Ind:19 RMSE(val)=69.323137
[GA][Iter2] Gen:9 Ind:20 RMSE(val)=69.251121
[GA][Iter2] gen=9 best_val_rmse=69.123065
[GA][Iter2] Gen:10 Ind:1 RMSE(val)=69.123065
[GA][Iter2] Gen:10 Ind:2 RMSE(val)=69.123065
[GA][Iter2] Gen:10 Ind:3 RMSE(val)=69.123065
[GA][Iter2] Gen:10 Ind:4 RMSE(val)=69.124313
[GA][Iter2] Gen:10 Ind:5 RMSE(val)=69.124313
[GA][Iter2] Gen:10 Ind:6 RMSE(val)=69.124313
[GA][Iter2] Gen:10 Ind:7 RMSE(val)=69.124313
[GA][Iter2] Gen:10 Ind:8 RMSE(val)=69.126223
[GA][Iter2] Gen:10 Ind:9 RMSE(val)=69.166033
[GA][Iter2] Gen:10 Ind:10 RMSE(val)=69.166033
[GA][Iter2] Gen:10 Ind:11 RMSE(val)=69.176421
[GA][Iter2] Gen:10 Ind:12 RMSE(val)=68.949033
[GA][Iter2] Gen:10 Ind:13 RMSE(val)=69.123065
[GA][Iter2] Gen:10 Ind:14 RMSE(val)=69.124313
[GA][Iter2] Gen:10 Ind:15 RMSE(val)=69.124313
[GA][Iter2] Gen:10 Ind:16 RMSE(val)=69.166033
[GA][Iter2] Gen:10 Ind:17 RMSE(val)=69.123065
[GA][Iter2] Gen:10 Ind:18 RMSE(val)=69.126223
[GA][Iter2] Gen:10 Ind:19 RMSE(val)=69.123065
[GA][Iter2] Gen:10 Ind:20 RMSE(val)=69.166033
[GA][Iter2] gen=10 best_val_rmse=68.949033
[GA][Iter2] Gen:11 Ind:1 RMSE(val)=68.949033
[GA][Iter2] Gen:11 Ind:2 RMSE(val)=69.123065
[GA][Iter2] Gen:11 Ind:3 RMSE(val)=69.123065
[GA][Iter2] Gen:11 Ind:4 RMSE(val)=69.123065
[GA][Iter2] Gen:11 Ind:5 RMSE(val)=69.123065
[GA][Iter2] Gen:11 Ind:6 RMSE(val)=69.123065
[GA][Iter2] Gen:11 Ind:7 RMSE(val)=69.123065
[GA][Iter2] Gen:11 Ind:8 RMSE(val)=69.124313
[GA][Iter2] Gen:11 Ind:9 RMSE(val)=69.124313
[GA][Iter2] Gen:11 Ind:10 RMSE(val)=69.124313
[GA][Iter2] Gen:11 Ind:11 RMSE(val)=69.263703
[GA][Iter2] Gen:11 Ind:12 RMSE(val)=69.123065
[GA][Iter2] Gen:11 Ind:13 RMSE(val)=69.123065
[GA][Iter2] Gen:11 Ind:14 RMSE(val)=69.124313
[GA][Iter2] Gen:11 Ind:15 RMSE(val)=69.123065
[GA][Iter2] Gen:11 Ind:16 RMSE(val)=69.123065
[GA][Iter2] Gen:11 Ind:17 RMSE(val)=69.127013
[GA][Iter2] Gen:11 Ind:18 RMSE(val)=69.124208
[GA][Iter2] Gen:11 Ind:19 RMSE(val)=69.236647
[GA][Iter2] Gen:11 Ind:20 RMSE(val)=68.808683
[GA][Iter2] gen=11 best_val_rmse=68.808683
[GA][Iter2] Gen:12 Ind:1 RMSE(val)=68.808683
[GA][Iter2] Gen:12 Ind:2 RMSE(val)=68.949033
[GA][Iter2] Gen:12 Ind:3 RMSE(val)=69.123065
[GA][Iter2] Gen:12 Ind:4 RMSE(val)=69.123065
[GA][Iter2] Gen:12 Ind:5 RMSE(val)=69.123065
[GA][Iter2] Gen:12 Ind:6 RMSE(val)=69.123065
[GA][Iter2] Gen:12 Ind:7 RMSE(val)=69.123065
[GA][Iter2] Gen:12 Ind:8 RMSE(val)=69.123065
[GA][Iter2] Gen:12 Ind:9 RMSE(val)=69.123065
[GA][Iter2] Gen:12 Ind:10 RMSE(val)=69.123065
[GA][Iter2] Gen:12 Ind:11 RMSE(val)=69.126146
[GA][Iter2] Gen:12 Ind:12 RMSE(val)=69.116456
[GA][Iter2] Gen:12 Ind:13 RMSE(val)=69.123065
[GA][Iter2] Gen:12 Ind:14 RMSE(val)=69.269073
[GA][Iter2] Gen:12 Ind:15 RMSE(val)=69.123065
[GA][Iter2] Gen:12 Ind:16 RMSE(val)=68.956745
[GA][Iter2] Gen:12 Ind:17 RMSE(val)=69.123065
[GA][Iter2] Gen:12 Ind:18 RMSE(val)=69.123065
[GA][Iter2] Gen:12 Ind:19 RMSE(val)=69.123065
[GA][Iter2] Gen:12 Ind:20 RMSE(val)=69.123065
[GA][Iter2] gen=12 best_val_rmse=68.808683
[GA][Iter2] Gen:13 Ind:1 RMSE(val)=68.808683
[GA][Iter2] Gen:13 Ind:2 RMSE(val)=68.949033
[GA][Iter2] Gen:13 Ind:3 RMSE(val)=68.956745
[GA][Iter2] Gen:13 Ind:4 RMSE(val)=69.116456
[GA][Iter2] Gen:13 Ind:5 RMSE(val)=69.123065
[GA][Iter2] Gen:13 Ind:6 RMSE(val)=69.123065
[GA][Iter2] Gen:13 Ind:7 RMSE(val)=69.123065
[GA][Iter2] Gen:13 Ind:8 RMSE(val)=69.123065
[GA][Iter2] Gen:13 Ind:9 RMSE(val)=69.123065
[GA][Iter2] Gen:13 Ind:10 RMSE(val)=69.123065
[GA][Iter2] Gen:13 Ind:11 RMSE(val)=69.123065
[GA][Iter2] Gen:13 Ind:12 RMSE(val)=69.117690
[GA][Iter2] Gen:13 Ind:13 RMSE(val)=68.949033
[GA][Iter2] Gen:13 Ind:14 RMSE(val)=69.123065
[GA][Iter2] Gen:13 Ind:15 RMSE(val)=69.480195
[GA][Iter2] Gen:13 Ind:16 RMSE(val)=68.949033
[GA][Iter2] Gen:13 Ind:17 RMSE(val)=69.300297
[GA][Iter2] Gen:13 Ind:18 RMSE(val)=69.123065
[GA][Iter2] Gen:13 Ind:19 RMSE(val)=69.123065
[GA][Iter2] Gen:13 Ind:20 RMSE(val)=69.123065
[GA][Iter2] gen=13 best_val_rmse=68.808683
[GA][Iter2] Gen:14 Ind:1 RMSE(val)=68.808683
[GA][Iter2] Gen:14 Ind:2 RMSE(val)=68.949033
[GA][Iter2] Gen:14 Ind:3 RMSE(val)=68.949033
[GA][Iter2] Gen:14 Ind:4 RMSE(val)=68.949033
[GA][Iter2] Gen:14 Ind:5 RMSE(val)=68.956745
[GA][Iter2] Gen:14 Ind:6 RMSE(val)=69.116456
[GA][Iter2] Gen:14 Ind:7 RMSE(val)=69.117690
[GA][Iter2] Gen:14 Ind:8 RMSE(val)=69.123065
[GA][Iter2] Gen:14 Ind:9 RMSE(val)=69.123065
[GA][Iter2] Gen:14 Ind:10 RMSE(val)=69.123065
[GA][Iter2] Gen:14 Ind:11 RMSE(val)=68.956745
[GA][Iter2] Gen:14 Ind:12 RMSE(val)=69.135039
[GA][Iter2] Gen:14 Ind:13 RMSE(val)=69.124313
[GA][Iter2] Gen:14 Ind:14 RMSE(val)=69.123065
[GA][Iter2] Gen:14 Ind:15 RMSE(val)=69.116456
[GA][Iter2] Gen:14 Ind:16 RMSE(val)=69.123065
[GA][Iter2] Gen:14 Ind:17 RMSE(val)=69.124313
[GA][Iter2] Gen:14 Ind:18 RMSE(val)=68.949033
[GA][Iter2] Gen:14 Ind:19 RMSE(val)=69.116456
[GA][Iter2] Gen:14 Ind:20 RMSE(val)=68.956745
[GA][Iter2] gen=14 best_val_rmse=68.808683
[GA][Iter2] Gen:15 Ind:1 RMSE(val)=68.808683
[GA][Iter2] Gen:15 Ind:2 RMSE(val)=68.949033
[GA][Iter2] Gen:15 Ind:3 RMSE(val)=68.949033
[GA][Iter2] Gen:15 Ind:4 RMSE(val)=68.949033
[GA][Iter2] Gen:15 Ind:5 RMSE(val)=68.949033
[GA][Iter2] Gen:15 Ind:6 RMSE(val)=68.956745
[GA][Iter2] Gen:15 Ind:7 RMSE(val)=68.956745
[GA][Iter2] Gen:15 Ind:8 RMSE(val)=68.956745
[GA][Iter2] Gen:15 Ind:9 RMSE(val)=69.116456
[GA][Iter2] Gen:15 Ind:10 RMSE(val)=69.116456
[GA][Iter2] Gen:15 Ind:11 RMSE(val)=69.124313
[GA][Iter2] Gen:15 Ind:12 RMSE(val)=69.104279
[GA][Iter2] Gen:15 Ind:13 RMSE(val)=69.124313
[GA][Iter2] Gen:15 Ind:14 RMSE(val)=69.116456
[GA][Iter2] Gen:15 Ind:15 RMSE(val)=68.427712
[GA][Iter2] Gen:15 Ind:16 RMSE(val)=68.949033
[GA][Iter2] Gen:15 Ind:17 RMSE(val)=68.956745
[GA][Iter2] Gen:15 Ind:18 RMSE(val)=68.956745
[GA][Iter2] Gen:15 Ind:19 RMSE(val)=68.956745
[GA][Iter2] Gen:15 Ind:20 RMSE(val)=68.949033
[GA][Iter2] gen=15 best_val_rmse=68.427712
[GA][Iter2] Gen:15 Ind:1 RMSE(val)=68.427712
[GA][Iter2] Gen:15 Ind:2 RMSE(val)=68.808683
[GA][Iter2] Gen:15 Ind:3 RMSE(val)=68.949033
[GA][Iter2] Gen:15 Ind:4 RMSE(val)=68.949033
[GA][Iter2] Gen:15 Ind:5 RMSE(val)=68.949033
[GA][Iter2] Gen:15 Ind:6 RMSE(val)=68.949033
[GA][Iter2] Gen:15 Ind:7 RMSE(val)=68.949033
[GA][Iter2] Gen:15 Ind:8 RMSE(val)=68.949033
[GA][Iter2] Gen:15 Ind:9 RMSE(val)=68.956745
[GA][Iter2] Gen:15 Ind:10 RMSE(val)=68.956745
[GA][Iter2] Gen:15 Ind:11 RMSE(val)=68.956745
[GA][Iter2] Gen:15 Ind:12 RMSE(val)=68.427712
[GA][Iter2] Gen:15 Ind:13 RMSE(val)=68.949033
[GA][Iter2] Gen:15 Ind:14 RMSE(val)=68.806029
[GA][Iter2] Gen:15 Ind:15 RMSE(val)=68.949033
[GA][Iter2] Gen:15 Ind:16 RMSE(val)=68.949033
[GA][Iter2] Gen:15 Ind:17 RMSE(val)=68.956745
[GA][Iter2] Gen:15 Ind:18 RMSE(val)=68.949033
[GA][Iter2] Gen:15 Ind:19 RMSE(val)=68.956745
[GA][Iter2] Gen:15 Ind:20 RMSE(val)=68.806029

[GA DONE][Iter2] Best params on val fold of Iter2
Best val RMSE: 68.427712
Best params: {'n_estimators': 256, 'learning_rate': 0.008173993496448711, 'num_leaves': 30, 'max_depth': 12, 'min_child_samples': 93, 'subsample': 0.7595969199989716, 'colsample_bytree': 0.4432565046831589, 'reg_lambda': 1.4578464017954271, 'reg_alpha': 4.142849181104845}
--------------------------------------------------------------------------------
[RETUNE GA] Iter2: train folds 1..6 -> test fold 7  RMSE=54.905381  NRMSE=0.884488  CVRMSE=0.053045  R2=0.208477
[GA][Iter3] Gen:1 Ind:1 RMSE(val)=54.780374
[GA][Iter3] Gen:1 Ind:2 RMSE(val)=52.711267
[GA][Iter3] Gen:1 Ind:3 RMSE(val)=58.208617
[GA][Iter3] Gen:1 Ind:4 RMSE(val)=52.853769
[GA][Iter3] Gen:1 Ind:5 RMSE(val)=62.995400
[GA][Iter3] Gen:1 Ind:6 RMSE(val)=53.172320
[GA][Iter3] Gen:1 Ind:7 RMSE(val)=54.628751
[GA][Iter3] Gen:1 Ind:8 RMSE(val)=60.297849
[GA][Iter3] Gen:1 Ind:9 RMSE(val)=62.590152
[GA][Iter3] Gen:1 Ind:10 RMSE(val)=53.556824
[GA][Iter3] Gen:1 Ind:11 RMSE(val)=59.158667
[GA][Iter3] Gen:1 Ind:12 RMSE(val)=61.669077
[GA][Iter3] Gen:1 Ind:13 RMSE(val)=52.490120
[GA][Iter3] Gen:1 Ind:14 RMSE(val)=58.165873
[GA][Iter3] Gen:1 Ind:15 RMSE(val)=55.580281
[GA][Iter3] Gen:1 Ind:16 RMSE(val)=54.550909
[GA][Iter3] Gen:1 Ind:17 RMSE(val)=53.617702
[GA][Iter3] Gen:1 Ind:18 RMSE(val)=53.034735
[GA][Iter3] Gen:1 Ind:19 RMSE(val)=51.482575
[GA][Iter3] Gen:1 Ind:20 RMSE(val)=54.936231
[GA][Iter3] gen=1 best_val_rmse=51.482575
[GA][Iter3] Gen:2 Ind:1 RMSE(val)=51.482575
[GA][Iter3] Gen:2 Ind:2 RMSE(val)=52.490120
[GA][Iter3] Gen:2 Ind:3 RMSE(val)=52.711267
[GA][Iter3] Gen:2 Ind:4 RMSE(val)=52.853769
[GA][Iter3] Gen:2 Ind:5 RMSE(val)=53.034735
[GA][Iter3] Gen:2 Ind:6 RMSE(val)=53.172320
[GA][Iter3] Gen:2 Ind:7 RMSE(val)=53.556824
[GA][Iter3] Gen:2 Ind:8 RMSE(val)=53.617702
[GA][Iter3] Gen:2 Ind:9 RMSE(val)=54.550909
[GA][Iter3] Gen:2 Ind:10 RMSE(val)=54.628751
[GA][Iter3] Gen:2 Ind:11 RMSE(val)=53.491974
[GA][Iter3] Gen:2 Ind:12 RMSE(val)=53.617483
[GA][Iter3] Gen:2 Ind:13 RMSE(val)=52.904130
[GA][Iter3] Gen:2 Ind:14 RMSE(val)=54.171720
[GA][Iter3] Gen:2 Ind:15 RMSE(val)=52.710223
[GA][Iter3] Gen:2 Ind:16 RMSE(val)=52.823107
[GA][Iter3] Gen:2 Ind:17 RMSE(val)=52.923499
[GA][Iter3] Gen:2 Ind:18 RMSE(val)=54.364378
[GA][Iter3] Gen:2 Ind:19 RMSE(val)=51.977827
[GA][Iter3] Gen:2 Ind:20 RMSE(val)=53.606485
[GA][Iter3] gen=2 best_val_rmse=51.482575
[GA][Iter3] Gen:3 Ind:1 RMSE(val)=51.482575
[GA][Iter3] Gen:3 Ind:2 RMSE(val)=51.977827
[GA][Iter3] Gen:3 Ind:3 RMSE(val)=52.490120
[GA][Iter3] Gen:3 Ind:4 RMSE(val)=52.710223
[GA][Iter3] Gen:3 Ind:5 RMSE(val)=52.711267
[GA][Iter3] Gen:3 Ind:6 RMSE(val)=52.823107
[GA][Iter3] Gen:3 Ind:7 RMSE(val)=52.853769
[GA][Iter3] Gen:3 Ind:8 RMSE(val)=52.904130
[GA][Iter3] Gen:3 Ind:9 RMSE(val)=52.923499
[GA][Iter3] Gen:3 Ind:10 RMSE(val)=53.034735
[GA][Iter3] Gen:3 Ind:11 RMSE(val)=52.815237
[GA][Iter3] Gen:3 Ind:12 RMSE(val)=52.752969
[GA][Iter3] Gen:3 Ind:13 RMSE(val)=52.884886
[GA][Iter3] Gen:3 Ind:14 RMSE(val)=53.756333
[GA][Iter3] Gen:3 Ind:15 RMSE(val)=56.678503
[GA][Iter3] Gen:3 Ind:16 RMSE(val)=52.778821
[GA][Iter3] Gen:3 Ind:17 RMSE(val)=53.046614
[GA][Iter3] Gen:3 Ind:18 RMSE(val)=54.168811
[GA][Iter3] Gen:3 Ind:19 RMSE(val)=53.400287
[GA][Iter3] Gen:3 Ind:20 RMSE(val)=52.683001
[GA][Iter3] gen=3 best_val_rmse=51.482575
[GA][Iter3] Gen:4 Ind:1 RMSE(val)=51.482575
[GA][Iter3] Gen:4 Ind:2 RMSE(val)=51.977827
[GA][Iter3] Gen:4 Ind:3 RMSE(val)=52.490120
[GA][Iter3] Gen:4 Ind:4 RMSE(val)=52.683001
[GA][Iter3] Gen:4 Ind:5 RMSE(val)=52.710223
[GA][Iter3] Gen:4 Ind:6 RMSE(val)=52.711267
[GA][Iter3] Gen:4 Ind:7 RMSE(val)=52.752969
[GA][Iter3] Gen:4 Ind:8 RMSE(val)=52.778821
[GA][Iter3] Gen:4 Ind:9 RMSE(val)=52.815237
[GA][Iter3] Gen:4 Ind:10 RMSE(val)=52.823107
[GA][Iter3] Gen:4 Ind:11 RMSE(val)=52.809822
[GA][Iter3] Gen:4 Ind:12 RMSE(val)=53.588442
[GA][Iter3] Gen:4 Ind:13 RMSE(val)=52.873175
[GA][Iter3] Gen:4 Ind:14 RMSE(val)=52.710223
[GA][Iter3] Gen:4 Ind:15 RMSE(val)=52.818919
[GA][Iter3] Gen:4 Ind:16 RMSE(val)=53.046739
[GA][Iter3] Gen:4 Ind:17 RMSE(val)=53.395409
[GA][Iter3] Gen:4 Ind:18 RMSE(val)=52.829363
[GA][Iter3] Gen:4 Ind:19 RMSE(val)=52.863526
[GA][Iter3] Gen:4 Ind:20 RMSE(val)=52.838635
[GA][Iter3] gen=4 best_val_rmse=51.482575
[GA][Iter3] Gen:5 Ind:1 RMSE(val)=51.482575
[GA][Iter3] Gen:5 Ind:2 RMSE(val)=51.977827
[GA][Iter3] Gen:5 Ind:3 RMSE(val)=52.490120
[GA][Iter3] Gen:5 Ind:4 RMSE(val)=52.683001
[GA][Iter3] Gen:5 Ind:5 RMSE(val)=52.710223
[GA][Iter3] Gen:5 Ind:6 RMSE(val)=52.710223
[GA][Iter3] Gen:5 Ind:7 RMSE(val)=52.711267
[GA][Iter3] Gen:5 Ind:8 RMSE(val)=52.752969
[GA][Iter3] Gen:5 Ind:9 RMSE(val)=52.778821
[GA][Iter3] Gen:5 Ind:10 RMSE(val)=52.809822
[GA][Iter3] Gen:5 Ind:11 RMSE(val)=52.835250
[GA][Iter3] Gen:5 Ind:12 RMSE(val)=51.494460
[GA][Iter3] Gen:5 Ind:13 RMSE(val)=51.421263
[GA][Iter3] Gen:5 Ind:14 RMSE(val)=52.289687
[GA][Iter3] Gen:5 Ind:15 RMSE(val)=52.710223
[GA][Iter3] Gen:5 Ind:16 RMSE(val)=52.752969
[GA][Iter3] Gen:5 Ind:17 RMSE(val)=52.541498
[GA][Iter3] Gen:5 Ind:18 RMSE(val)=52.545769
[GA][Iter3] Gen:5 Ind:19 RMSE(val)=52.707485
[GA][Iter3] Gen:5 Ind:20 RMSE(val)=52.672859
[GA][Iter3] gen=5 best_val_rmse=51.421263
[GA][Iter3] Gen:6 Ind:1 RMSE(val)=51.421263
[GA][Iter3] Gen:6 Ind:2 RMSE(val)=51.482575
[GA][Iter3] Gen:6 Ind:3 RMSE(val)=51.494460
[GA][Iter3] Gen:6 Ind:4 RMSE(val)=51.977827
[GA][Iter3] Gen:6 Ind:5 RMSE(val)=52.289687
[GA][Iter3] Gen:6 Ind:6 RMSE(val)=52.490120
[GA][Iter3] Gen:6 Ind:7 RMSE(val)=52.541498
[GA][Iter3] Gen:6 Ind:8 RMSE(val)=52.545769
[GA][Iter3] Gen:6 Ind:9 RMSE(val)=52.672859
[GA][Iter3] Gen:6 Ind:10 RMSE(val)=52.683001
[GA][Iter3] Gen:6 Ind:11 RMSE(val)=52.541498
[GA][Iter3] Gen:6 Ind:12 RMSE(val)=52.876343
[GA][Iter3] Gen:6 Ind:13 RMSE(val)=51.461301
[GA][Iter3] Gen:6 Ind:14 RMSE(val)=51.520940
[GA][Iter3] Gen:6 Ind:15 RMSE(val)=51.529737
[GA][Iter3] Gen:6 Ind:16 RMSE(val)=52.882442
[GA][Iter3] Gen:6 Ind:17 RMSE(val)=52.545769
[GA][Iter3] Gen:6 Ind:18 RMSE(val)=52.928134
[GA][Iter3] Gen:6 Ind:19 RMSE(val)=52.535352
[GA][Iter3] Gen:6 Ind:20 RMSE(val)=51.522267
[GA][Iter3] gen=6 best_val_rmse=51.421263
[GA][Iter3] Gen:7 Ind:1 RMSE(val)=51.421263
[GA][Iter3] Gen:7 Ind:2 RMSE(val)=51.461301
[GA][Iter3] Gen:7 Ind:3 RMSE(val)=51.482575
[GA][Iter3] Gen:7 Ind:4 RMSE(val)=51.494460
[GA][Iter3] Gen:7 Ind:5 RMSE(val)=51.520940
[GA][Iter3] Gen:7 Ind:6 RMSE(val)=51.522267
[GA][Iter3] Gen:7 Ind:7 RMSE(val)=51.529737
[GA][Iter3] Gen:7 Ind:8 RMSE(val)=51.977827
[GA][Iter3] Gen:7 Ind:9 RMSE(val)=52.289687
[GA][Iter3] Gen:7 Ind:10 RMSE(val)=52.490120
[GA][Iter3] Gen:7 Ind:11 RMSE(val)=52.493893
[GA][Iter3] Gen:7 Ind:12 RMSE(val)=51.477710
[GA][Iter3] Gen:7 Ind:13 RMSE(val)=51.833746
[GA][Iter3] Gen:7 Ind:14 RMSE(val)=51.244803
[GA][Iter3] Gen:7 Ind:15 RMSE(val)=52.863526
[GA][Iter3] Gen:7 Ind:16 RMSE(val)=51.482575
[GA][Iter3] Gen:7 Ind:17 RMSE(val)=51.520940
[GA][Iter3] Gen:7 Ind:18 RMSE(val)=51.522267
[GA][Iter3] Gen:7 Ind:19 RMSE(val)=52.866342
[GA][Iter3] Gen:7 Ind:20 RMSE(val)=52.943348
[GA][Iter3] gen=7 best_val_rmse=51.244803
[GA][Iter3] Gen:8 Ind:1 RMSE(val)=51.244803
[GA][Iter3] Gen:8 Ind:2 RMSE(val)=51.421263
[GA][Iter3] Gen:8 Ind:3 RMSE(val)=51.461301
[GA][Iter3] Gen:8 Ind:4 RMSE(val)=51.477710
[GA][Iter3] Gen:8 Ind:5 RMSE(val)=51.482575
[GA][Iter3] Gen:8 Ind:6 RMSE(val)=51.482575
[GA][Iter3] Gen:8 Ind:7 RMSE(val)=51.494460
[GA][Iter3] Gen:8 Ind:8 RMSE(val)=51.520940
[GA][Iter3] Gen:8 Ind:9 RMSE(val)=51.520940
[GA][Iter3] Gen:8 Ind:10 RMSE(val)=51.522267
[GA][Iter3] Gen:8 Ind:11 RMSE(val)=51.244582
[GA][Iter3] Gen:8 Ind:12 RMSE(val)=51.477900
[GA][Iter3] Gen:8 Ind:13 RMSE(val)=51.461301
[GA][Iter3] Gen:8 Ind:14 RMSE(val)=51.475744
[GA][Iter3] Gen:8 Ind:15 RMSE(val)=51.520940
[GA][Iter3] Gen:8 Ind:16 RMSE(val)=53.243710
[GA][Iter3] Gen:8 Ind:17 RMSE(val)=51.266346
[GA][Iter3] Gen:8 Ind:18 RMSE(val)=51.496644
[GA][Iter3] Gen:8 Ind:19 RMSE(val)=53.000056
[GA][Iter3] Gen:8 Ind:20 RMSE(val)=51.520897
[GA][Iter3] gen=8 best_val_rmse=51.244582
[GA][Iter3] Gen:9 Ind:1 RMSE(val)=51.244582
[GA][Iter3] Gen:9 Ind:2 RMSE(val)=51.244803
[GA][Iter3] Gen:9 Ind:3 RMSE(val)=51.266346
[GA][Iter3] Gen:9 Ind:4 RMSE(val)=51.421263
[GA][Iter3] Gen:9 Ind:5 RMSE(val)=51.461301
[GA][Iter3] Gen:9 Ind:6 RMSE(val)=51.461301
[GA][Iter3] Gen:9 Ind:7 RMSE(val)=51.475744
[GA][Iter3] Gen:9 Ind:8 RMSE(val)=51.477710
[GA][Iter3] Gen:9 Ind:9 RMSE(val)=51.477900
[GA][Iter3] Gen:9 Ind:10 RMSE(val)=51.482575
[GA][Iter3] Gen:9 Ind:11 RMSE(val)=51.290796
[GA][Iter3] Gen:9 Ind:12 RMSE(val)=51.482575
[GA][Iter3] Gen:9 Ind:13 RMSE(val)=51.388152
[GA][Iter3] Gen:9 Ind:14 RMSE(val)=53.157606
[GA][Iter3] Gen:9 Ind:15 RMSE(val)=51.460335
[GA][Iter3] Gen:9 Ind:16 RMSE(val)=51.247180
[GA][Iter3] Gen:9 Ind:17 RMSE(val)=51.490329
[GA][Iter3] Gen:9 Ind:18 RMSE(val)=52.626759
[GA][Iter3] Gen:9 Ind:19 RMSE(val)=51.461301
[GA][Iter3] Gen:9 Ind:20 RMSE(val)=51.481271
[GA][Iter3] gen=9 best_val_rmse=51.244582
[GA][Iter3] Gen:10 Ind:1 RMSE(val)=51.244582
[GA][Iter3] Gen:10 Ind:2 RMSE(val)=51.244803
[GA][Iter3] Gen:10 Ind:3 RMSE(val)=51.247180
[GA][Iter3] Gen:10 Ind:4 RMSE(val)=51.266346
[GA][Iter3] Gen:10 Ind:5 RMSE(val)=51.290796
[GA][Iter3] Gen:10 Ind:6 RMSE(val)=51.388152
[GA][Iter3] Gen:10 Ind:7 RMSE(val)=51.421263
[GA][Iter3] Gen:10 Ind:8 RMSE(val)=51.460335
[GA][Iter3] Gen:10 Ind:9 RMSE(val)=51.461301
[GA][Iter3] Gen:10 Ind:10 RMSE(val)=51.461301
[GA][Iter3] Gen:10 Ind:11 RMSE(val)=52.535446
[GA][Iter3] Gen:10 Ind:12 RMSE(val)=51.104847
[GA][Iter3] Gen:10 Ind:13 RMSE(val)=51.498318
[GA][Iter3] Gen:10 Ind:14 RMSE(val)=51.471011
[GA][Iter3] Gen:10 Ind:15 RMSE(val)=51.387649
[GA][Iter3] Gen:10 Ind:16 RMSE(val)=51.200078
[GA][Iter3] Gen:10 Ind:17 RMSE(val)=53.108380
[GA][Iter3] Gen:10 Ind:18 RMSE(val)=51.281776
[GA][Iter3] Gen:10 Ind:19 RMSE(val)=51.460335
[GA][Iter3] Gen:10 Ind:20 RMSE(val)=52.079083
[GA][Iter3] gen=10 best_val_rmse=51.104847
[GA][Iter3] Gen:11 Ind:1 RMSE(val)=51.104847
[GA][Iter3] Gen:11 Ind:2 RMSE(val)=51.200078
[GA][Iter3] Gen:11 Ind:3 RMSE(val)=51.244582
[GA][Iter3] Gen:11 Ind:4 RMSE(val)=51.244803
[GA][Iter3] Gen:11 Ind:5 RMSE(val)=51.247180
[GA][Iter3] Gen:11 Ind:6 RMSE(val)=51.266346
[GA][Iter3] Gen:11 Ind:7 RMSE(val)=51.281776
[GA][Iter3] Gen:11 Ind:8 RMSE(val)=51.290796
[GA][Iter3] Gen:11 Ind:9 RMSE(val)=51.387649
[GA][Iter3] Gen:11 Ind:10 RMSE(val)=51.388152
[GA][Iter3] Gen:11 Ind:11 RMSE(val)=51.075631
[GA][Iter3] Gen:11 Ind:12 RMSE(val)=51.250283
[GA][Iter3] Gen:11 Ind:13 RMSE(val)=51.266346
[GA][Iter3] Gen:11 Ind:14 RMSE(val)=51.282469
[GA][Iter3] Gen:11 Ind:15 RMSE(val)=51.443726
[GA][Iter3] Gen:11 Ind:16 RMSE(val)=51.244803
[GA][Iter3] Gen:11 Ind:17 RMSE(val)=51.244582
[GA][Iter3] Gen:11 Ind:18 RMSE(val)=51.247180
[GA][Iter3] Gen:11 Ind:19 RMSE(val)=51.075529
[GA][Iter3] Gen:11 Ind:20 RMSE(val)=51.308328
[GA][Iter3] gen=11 best_val_rmse=51.075529
[GA][Iter3] Gen:12 Ind:1 RMSE(val)=51.075529
[GA][Iter3] Gen:12 Ind:2 RMSE(val)=51.075631
[GA][Iter3] Gen:12 Ind:3 RMSE(val)=51.104847
[GA][Iter3] Gen:12 Ind:4 RMSE(val)=51.200078
[GA][Iter3] Gen:12 Ind:5 RMSE(val)=51.244582
[GA][Iter3] Gen:12 Ind:6 RMSE(val)=51.244582
[GA][Iter3] Gen:12 Ind:7 RMSE(val)=51.244803
[GA][Iter3] Gen:12 Ind:8 RMSE(val)=51.244803
[GA][Iter3] Gen:12 Ind:9 RMSE(val)=51.247180
[GA][Iter3] Gen:12 Ind:10 RMSE(val)=51.247180
[GA][Iter3] Gen:12 Ind:11 RMSE(val)=51.120704
[GA][Iter3] Gen:12 Ind:12 RMSE(val)=51.183729
[GA][Iter3] Gen:12 Ind:13 RMSE(val)=51.119248
[GA][Iter3] Gen:12 Ind:14 RMSE(val)=51.266346
[GA][Iter3] Gen:12 Ind:15 RMSE(val)=51.224468
[GA][Iter3] Gen:12 Ind:16 RMSE(val)=51.247180
[GA][Iter3] Gen:12 Ind:17 RMSE(val)=51.075631
[GA][Iter3] Gen:12 Ind:18 RMSE(val)=51.244582
[GA][Iter3] Gen:12 Ind:19 RMSE(val)=51.368867
[GA][Iter3] Gen:12 Ind:20 RMSE(val)=51.244803
[GA][Iter3] gen=12 best_val_rmse=51.075529
[GA][Iter3] Gen:13 Ind:1 RMSE(val)=51.075529
[GA][Iter3] Gen:13 Ind:2 RMSE(val)=51.075631
[GA][Iter3] Gen:13 Ind:3 RMSE(val)=51.075631
[GA][Iter3] Gen:13 Ind:4 RMSE(val)=51.104847
[GA][Iter3] Gen:13 Ind:5 RMSE(val)=51.119248
[GA][Iter3] Gen:13 Ind:6 RMSE(val)=51.120704
[GA][Iter3] Gen:13 Ind:7 RMSE(val)=51.183729
[GA][Iter3] Gen:13 Ind:8 RMSE(val)=51.200078
[GA][Iter3] Gen:13 Ind:9 RMSE(val)=51.224468
[GA][Iter3] Gen:13 Ind:10 RMSE(val)=51.244582
[GA][Iter3] Gen:13 Ind:11 RMSE(val)=51.223791
[GA][Iter3] Gen:13 Ind:12 RMSE(val)=51.120704
[GA][Iter3] Gen:13 Ind:13 RMSE(val)=51.104847
[GA][Iter3] Gen:13 Ind:14 RMSE(val)=51.075631
[GA][Iter3] Gen:13 Ind:15 RMSE(val)=51.120704
[GA][Iter3] Gen:13 Ind:16 RMSE(val)=50.899833
[GA][Iter3] Gen:13 Ind:17 RMSE(val)=51.074962
[GA][Iter3] Gen:13 Ind:18 RMSE(val)=50.909119
[GA][Iter3] Gen:13 Ind:19 RMSE(val)=51.266346
[GA][Iter3] Gen:13 Ind:20 RMSE(val)=51.120704
[GA][Iter3] gen=13 best_val_rmse=50.899833
[GA][Iter3] Gen:14 Ind:1 RMSE(val)=50.899833
[GA][Iter3] Gen:14 Ind:2 RMSE(val)=50.909119
[GA][Iter3] Gen:14 Ind:3 RMSE(val)=51.074962
[GA][Iter3] Gen:14 Ind:4 RMSE(val)=51.075529
[GA][Iter3] Gen:14 Ind:5 RMSE(val)=51.075631
[GA][Iter3] Gen:14 Ind:6 RMSE(val)=51.075631
[GA][Iter3] Gen:14 Ind:7 RMSE(val)=51.075631
[GA][Iter3] Gen:14 Ind:8 RMSE(val)=51.104847
[GA][Iter3] Gen:14 Ind:9 RMSE(val)=51.104847
[GA][Iter3] Gen:14 Ind:10 RMSE(val)=51.119248
[GA][Iter3] Gen:14 Ind:11 RMSE(val)=51.095033
[GA][Iter3] Gen:14 Ind:12 RMSE(val)=51.104847
[GA][Iter3] Gen:14 Ind:13 RMSE(val)=51.018305
[GA][Iter3] Gen:14 Ind:14 RMSE(val)=51.104847
[GA][Iter3] Gen:14 Ind:15 RMSE(val)=51.074962
[GA][Iter3] Gen:14 Ind:16 RMSE(val)=51.046486
[GA][Iter3] Gen:14 Ind:17 RMSE(val)=51.130175
[GA][Iter3] Gen:14 Ind:18 RMSE(val)=51.109970
[GA][Iter3] Gen:14 Ind:19 RMSE(val)=50.909119
[GA][Iter3] Gen:14 Ind:20 RMSE(val)=51.075631
[GA][Iter3] gen=14 best_val_rmse=50.899833
[GA][Iter3] Gen:15 Ind:1 RMSE(val)=50.899833
[GA][Iter3] Gen:15 Ind:2 RMSE(val)=50.909119
[GA][Iter3] Gen:15 Ind:3 RMSE(val)=50.909119
[GA][Iter3] Gen:15 Ind:4 RMSE(val)=51.018305
[GA][Iter3] Gen:15 Ind:5 RMSE(val)=51.046486
[GA][Iter3] Gen:15 Ind:6 RMSE(val)=51.074962
[GA][Iter3] Gen:15 Ind:7 RMSE(val)=51.074962
[GA][Iter3] Gen:15 Ind:8 RMSE(val)=51.075529
[GA][Iter3] Gen:15 Ind:9 RMSE(val)=51.075631
[GA][Iter3] Gen:15 Ind:10 RMSE(val)=51.075631
[GA][Iter3] Gen:15 Ind:11 RMSE(val)=51.046486
[GA][Iter3] Gen:15 Ind:12 RMSE(val)=51.095033
[GA][Iter3] Gen:15 Ind:13 RMSE(val)=51.075472
[GA][Iter3] Gen:15 Ind:14 RMSE(val)=51.018305
[GA][Iter3] Gen:15 Ind:15 RMSE(val)=51.075529
[GA][Iter3] Gen:15 Ind:16 RMSE(val)=50.903568
[GA][Iter3] Gen:15 Ind:17 RMSE(val)=50.901426
[GA][Iter3] Gen:15 Ind:18 RMSE(val)=51.075631
[GA][Iter3] Gen:15 Ind:19 RMSE(val)=51.074962
[GA][Iter3] Gen:15 Ind:20 RMSE(val)=51.075631
[GA][Iter3] gen=15 best_val_rmse=50.899833
[GA][Iter3] Gen:15 Ind:1 RMSE(val)=50.899833
[GA][Iter3] Gen:15 Ind:2 RMSE(val)=50.901426
[GA][Iter3] Gen:15 Ind:3 RMSE(val)=50.903568
[GA][Iter3] Gen:15 Ind:4 RMSE(val)=50.909119
[GA][Iter3] Gen:15 Ind:5 RMSE(val)=50.909119
[GA][Iter3] Gen:15 Ind:6 RMSE(val)=51.018305
[GA][Iter3] Gen:15 Ind:7 RMSE(val)=51.018305
[GA][Iter3] Gen:15 Ind:8 RMSE(val)=51.046486
[GA][Iter3] Gen:15 Ind:9 RMSE(val)=51.046486
[GA][Iter3] Gen:15 Ind:10 RMSE(val)=51.074962
[GA][Iter3] Gen:15 Ind:11 RMSE(val)=50.909119
[GA][Iter3] Gen:15 Ind:12 RMSE(val)=51.046486
[GA][Iter3] Gen:15 Ind:13 RMSE(val)=50.890203
[GA][Iter3] Gen:15 Ind:14 RMSE(val)=51.046486
[GA][Iter3] Gen:15 Ind:15 RMSE(val)=50.901426
[GA][Iter3] Gen:15 Ind:16 RMSE(val)=51.018305
[GA][Iter3] Gen:15 Ind:17 RMSE(val)=51.051141
[GA][Iter3] Gen:15 Ind:18 RMSE(val)=50.909119
[GA][Iter3] Gen:15 Ind:19 RMSE(val)=50.907321
[GA][Iter3] Gen:15 Ind:20 RMSE(val)=51.074962

[GA DONE][Iter3] Best params on val fold of Iter3
Best val RMSE: 50.890203
Best params: {'n_estimators': 802, 'learning_rate': 0.022103876611662774, 'num_leaves': 225, 'max_depth': 1, 'min_child_samples': 151, 'subsample': 0.7113909055858187, 'colsample_bytree': 0.8030726698417301, 'reg_lambda': 2.857140614531863, 'reg_alpha': 1.0245319894519451}
--------------------------------------------------------------------------------
[RETUNE GA] Iter3: train folds 1..7 -> test fold 8  RMSE=56.381185  NRMSE=1.216702  CVRMSE=0.049609  R2=-0.497780
[GA][Iter4] Gen:1 Ind:1 RMSE(val)=59.703415
[GA][Iter4] Gen:1 Ind:2 RMSE(val)=63.004140
[GA][Iter4] Gen:1 Ind:3 RMSE(val)=61.867969
[GA][Iter4] Gen:1 Ind:4 RMSE(val)=58.879729
[GA][Iter4] Gen:1 Ind:5 RMSE(val)=63.786126
[GA][Iter4] Gen:1 Ind:6 RMSE(val)=64.133728
[GA][Iter4] Gen:1 Ind:7 RMSE(val)=79.629383
[GA][Iter4] Gen:1 Ind:8 RMSE(val)=65.957502
[GA][Iter4] Gen:1 Ind:9 RMSE(val)=69.177533
[GA][Iter4] Gen:1 Ind:10 RMSE(val)=59.494650
[GA][Iter4] Gen:1 Ind:11 RMSE(val)=64.477719
[GA][Iter4] Gen:1 Ind:12 RMSE(val)=62.443290
[GA][Iter4] Gen:1 Ind:13 RMSE(val)=56.671408
[GA][Iter4] Gen:1 Ind:14 RMSE(val)=62.110843
[GA][Iter4] Gen:1 Ind:15 RMSE(val)=65.433797
[GA][Iter4] Gen:1 Ind:16 RMSE(val)=70.530827
[GA][Iter4] Gen:1 Ind:17 RMSE(val)=75.106870
[GA][Iter4] Gen:1 Ind:18 RMSE(val)=58.300340
[GA][Iter4] Gen:1 Ind:19 RMSE(val)=59.163526
[GA][Iter4] Gen:1 Ind:20 RMSE(val)=61.919237
[GA][Iter4] gen=1 best_val_rmse=56.671408
[GA][Iter4] Gen:2 Ind:1 RMSE(val)=56.671408
[GA][Iter4] Gen:2 Ind:2 RMSE(val)=58.300340
[GA][Iter4] Gen:2 Ind:3 RMSE(val)=58.879729
[GA][Iter4] Gen:2 Ind:4 RMSE(val)=59.163526
[GA][Iter4] Gen:2 Ind:5 RMSE(val)=59.494650
[GA][Iter4] Gen:2 Ind:6 RMSE(val)=59.703415
[GA][Iter4] Gen:2 Ind:7 RMSE(val)=61.867969
[GA][Iter4] Gen:2 Ind:8 RMSE(val)=61.919237
[GA][Iter4] Gen:2 Ind:9 RMSE(val)=62.110843
[GA][Iter4] Gen:2 Ind:10 RMSE(val)=62.443290
[GA][Iter4] Gen:2 Ind:11 RMSE(val)=59.592032
[GA][Iter4] Gen:2 Ind:12 RMSE(val)=60.905060
[GA][Iter4] Gen:2 Ind:13 RMSE(val)=62.412709
[GA][Iter4] Gen:2 Ind:14 RMSE(val)=62.905862
[GA][Iter4] Gen:2 Ind:15 RMSE(val)=58.518081
[GA][Iter4] Gen:2 Ind:16 RMSE(val)=61.149898
[GA][Iter4] Gen:2 Ind:17 RMSE(val)=57.443003
[GA][Iter4] Gen:2 Ind:18 RMSE(val)=61.615442
[GA][Iter4] Gen:2 Ind:19 RMSE(val)=64.456316
[GA][Iter4] Gen:2 Ind:20 RMSE(val)=58.443554
[GA][Iter4] gen=2 best_val_rmse=56.671408
[GA][Iter4] Gen:3 Ind:1 RMSE(val)=56.671408
[GA][Iter4] Gen:3 Ind:2 RMSE(val)=57.443003
[GA][Iter4] Gen:3 Ind:3 RMSE(val)=58.300340
[GA][Iter4] Gen:3 Ind:4 RMSE(val)=58.443554
[GA][Iter4] Gen:3 Ind:5 RMSE(val)=58.518081
[GA][Iter4] Gen:3 Ind:6 RMSE(val)=58.879729
[GA][Iter4] Gen:3 Ind:7 RMSE(val)=59.163526
[GA][Iter4] Gen:3 Ind:8 RMSE(val)=59.494650
[GA][Iter4] Gen:3 Ind:9 RMSE(val)=59.592032
[GA][Iter4] Gen:3 Ind:10 RMSE(val)=59.703415
[GA][Iter4] Gen:3 Ind:11 RMSE(val)=61.432641
[GA][Iter4] Gen:3 Ind:12 RMSE(val)=61.237957
[GA][Iter4] Gen:3 Ind:13 RMSE(val)=63.782252
[GA][Iter4] Gen:3 Ind:14 RMSE(val)=56.051384
[GA][Iter4] Gen:3 Ind:15 RMSE(val)=57.729642
[GA][Iter4] Gen:3 Ind:16 RMSE(val)=58.561045
[GA][Iter4] Gen:3 Ind:17 RMSE(val)=62.050123
[GA][Iter4] Gen:3 Ind:18 RMSE(val)=59.264892
[GA][Iter4] Gen:3 Ind:19 RMSE(val)=61.369057
[GA][Iter4] Gen:3 Ind:20 RMSE(val)=62.126883
[GA][Iter4] gen=3 best_val_rmse=56.051384
[GA][Iter4] Gen:4 Ind:1 RMSE(val)=56.051384
[GA][Iter4] Gen:4 Ind:2 RMSE(val)=56.671408
[GA][Iter4] Gen:4 Ind:3 RMSE(val)=57.443003
[GA][Iter4] Gen:4 Ind:4 RMSE(val)=57.729642
[GA][Iter4] Gen:4 Ind:5 RMSE(val)=58.300340
[GA][Iter4] Gen:4 Ind:6 RMSE(val)=58.443554
[GA][Iter4] Gen:4 Ind:7 RMSE(val)=58.518081
[GA][Iter4] Gen:4 Ind:8 RMSE(val)=58.561045
[GA][Iter4] Gen:4 Ind:9 RMSE(val)=58.879729
[GA][Iter4] Gen:4 Ind:10 RMSE(val)=59.163526
[GA][Iter4] Gen:4 Ind:11 RMSE(val)=58.139637
[GA][Iter4] Gen:4 Ind:12 RMSE(val)=56.045853
[GA][Iter4] Gen:4 Ind:13 RMSE(val)=60.646352
[GA][Iter4] Gen:4 Ind:14 RMSE(val)=64.642614
[GA][Iter4] Gen:4 Ind:15 RMSE(val)=59.545046
[GA][Iter4] Gen:4 Ind:16 RMSE(val)=58.670134
[GA][Iter4] Gen:4 Ind:17 RMSE(val)=57.170272
[GA][Iter4] Gen:4 Ind:18 RMSE(val)=57.544576
[GA][Iter4] Gen:4 Ind:19 RMSE(val)=56.051384
[GA][Iter4] Gen:4 Ind:20 RMSE(val)=57.443003
[GA][Iter4] gen=4 best_val_rmse=56.045853
[GA][Iter4] Gen:5 Ind:1 RMSE(val)=56.045853
[GA][Iter4] Gen:5 Ind:2 RMSE(val)=56.051384
[GA][Iter4] Gen:5 Ind:3 RMSE(val)=56.051384
[GA][Iter4] Gen:5 Ind:4 RMSE(val)=56.671408
[GA][Iter4] Gen:5 Ind:5 RMSE(val)=57.170272
[GA][Iter4] Gen:5 Ind:6 RMSE(val)=57.443003
[GA][Iter4] Gen:5 Ind:7 RMSE(val)=57.443003
[GA][Iter4] Gen:5 Ind:8 RMSE(val)=57.544576
[GA][Iter4] Gen:5 Ind:9 RMSE(val)=57.729642
[GA][Iter4] Gen:5 Ind:10 RMSE(val)=58.139637
[GA][Iter4] Gen:5 Ind:11 RMSE(val)=59.675423
[GA][Iter4] Gen:5 Ind:12 RMSE(val)=56.671408
[GA][Iter4] Gen:5 Ind:13 RMSE(val)=56.871017
[GA][Iter4] Gen:5 Ind:14 RMSE(val)=56.579099
[GA][Iter4] Gen:5 Ind:15 RMSE(val)=57.170272
[GA][Iter4] Gen:5 Ind:16 RMSE(val)=58.012208
[GA][Iter4] Gen:5 Ind:17 RMSE(val)=57.678190
[GA][Iter4] Gen:5 Ind:18 RMSE(val)=55.663086
[GA][Iter4] Gen:5 Ind:19 RMSE(val)=56.045853
[GA][Iter4] Gen:5 Ind:20 RMSE(val)=56.045853
[GA][Iter4] gen=5 best_val_rmse=55.663086
[GA][Iter4] Gen:6 Ind:1 RMSE(val)=55.663086
[GA][Iter4] Gen:6 Ind:2 RMSE(val)=56.045853
[GA][Iter4] Gen:6 Ind:3 RMSE(val)=56.045853
[GA][Iter4] Gen:6 Ind:4 RMSE(val)=56.045853
[GA][Iter4] Gen:6 Ind:5 RMSE(val)=56.051384
[GA][Iter4] Gen:6 Ind:6 RMSE(val)=56.051384
[GA][Iter4] Gen:6 Ind:7 RMSE(val)=56.579099
[GA][Iter4] Gen:6 Ind:8 RMSE(val)=56.671408
[GA][Iter4] Gen:6 Ind:9 RMSE(val)=56.671408
[GA][Iter4] Gen:6 Ind:10 RMSE(val)=56.871017
[GA][Iter4] Gen:6 Ind:11 RMSE(val)=56.065403
[GA][Iter4] Gen:6 Ind:12 RMSE(val)=56.051384
[GA][Iter4] Gen:6 Ind:13 RMSE(val)=56.045853
[GA][Iter4] Gen:6 Ind:14 RMSE(val)=55.973768
[GA][Iter4] Gen:6 Ind:15 RMSE(val)=56.603882
[GA][Iter4] Gen:6 Ind:16 RMSE(val)=57.349718
[GA][Iter4] Gen:6 Ind:17 RMSE(val)=56.579099
[GA][Iter4] Gen:6 Ind:18 RMSE(val)=56.579099
[GA][Iter4] Gen:6 Ind:19 RMSE(val)=56.124571
[GA][Iter4] Gen:6 Ind:20 RMSE(val)=56.579099
[GA][Iter4] gen=6 best_val_rmse=55.663086
[GA][Iter4] Gen:7 Ind:1 RMSE(val)=55.663086
[GA][Iter4] Gen:7 Ind:2 RMSE(val)=55.973768
[GA][Iter4] Gen:7 Ind:3 RMSE(val)=56.045853
[GA][Iter4] Gen:7 Ind:4 RMSE(val)=56.045853
[GA][Iter4] Gen:7 Ind:5 RMSE(val)=56.045853
[GA][Iter4] Gen:7 Ind:6 RMSE(val)=56.045853
[GA][Iter4] Gen:7 Ind:7 RMSE(val)=56.051384
[GA][Iter4] Gen:7 Ind:8 RMSE(val)=56.051384
[GA][Iter4] Gen:7 Ind:9 RMSE(val)=56.051384
[GA][Iter4] Gen:7 Ind:10 RMSE(val)=56.065403
[GA][Iter4] Gen:7 Ind:11 RMSE(val)=56.051384
[GA][Iter4] Gen:7 Ind:12 RMSE(val)=56.045853
[GA][Iter4] Gen:7 Ind:13 RMSE(val)=56.051384
[GA][Iter4] Gen:7 Ind:14 RMSE(val)=56.065403
[GA][Iter4] Gen:7 Ind:15 RMSE(val)=56.045853
[GA][Iter4] Gen:7 Ind:16 RMSE(val)=55.973768
[GA][Iter4] Gen:7 Ind:17 RMSE(val)=56.045853
[GA][Iter4] Gen:7 Ind:18 RMSE(val)=56.045853
[GA][Iter4] Gen:7 Ind:19 RMSE(val)=56.078707
[GA][Iter4] Gen:7 Ind:20 RMSE(val)=56.051384
[GA][Iter4] gen=7 best_val_rmse=55.663086
[GA][Iter4] Gen:8 Ind:1 RMSE(val)=55.663086
[GA][Iter4] Gen:8 Ind:2 RMSE(val)=55.973768
[GA][Iter4] Gen:8 Ind:3 RMSE(val)=55.973768
[GA][Iter4] Gen:8 Ind:4 RMSE(val)=56.045853
[GA][Iter4] Gen:8 Ind:5 RMSE(val)=56.045853
[GA][Iter4] Gen:8 Ind:6 RMSE(val)=56.045853
[GA][Iter4] Gen:8 Ind:7 RMSE(val)=56.045853
[GA][Iter4] Gen:8 Ind:8 RMSE(val)=56.045853
[GA][Iter4] Gen:8 Ind:9 RMSE(val)=56.045853
[GA][Iter4] Gen:8 Ind:10 RMSE(val)=56.045853
[GA][Iter4] Gen:8 Ind:11 RMSE(val)=55.724833
[GA][Iter4] Gen:8 Ind:12 RMSE(val)=56.012431
[GA][Iter4] Gen:8 Ind:13 RMSE(val)=55.973768
[GA][Iter4] Gen:8 Ind:14 RMSE(val)=56.045853
[GA][Iter4] Gen:8 Ind:15 RMSE(val)=56.045853
[GA][Iter4] Gen:8 Ind:16 RMSE(val)=56.045853
[GA][Iter4] Gen:8 Ind:17 RMSE(val)=55.973768
[GA][Iter4] Gen:8 Ind:18 RMSE(val)=56.064004
[GA][Iter4] Gen:8 Ind:19 RMSE(val)=55.973768
[GA][Iter4] Gen:8 Ind:20 RMSE(val)=58.588235
[GA][Iter4] gen=8 best_val_rmse=55.663086
[GA][Iter4] Gen:9 Ind:1 RMSE(val)=55.663086
[GA][Iter4] Gen:9 Ind:2 RMSE(val)=55.724833
[GA][Iter4] Gen:9 Ind:3 RMSE(val)=55.973768
[GA][Iter4] Gen:9 Ind:4 RMSE(val)=55.973768
[GA][Iter4] Gen:9 Ind:5 RMSE(val)=55.973768
[GA][Iter4] Gen:9 Ind:6 RMSE(val)=55.973768
[GA][Iter4] Gen:9 Ind:7 RMSE(val)=55.973768
[GA][Iter4] Gen:9 Ind:8 RMSE(val)=56.012431
[GA][Iter4] Gen:9 Ind:9 RMSE(val)=56.045853
[GA][Iter4] Gen:9 Ind:10 RMSE(val)=56.045853
[GA][Iter4] Gen:9 Ind:11 RMSE(val)=56.244429
[GA][Iter4] Gen:9 Ind:12 RMSE(val)=55.973768
[GA][Iter4] Gen:9 Ind:13 RMSE(val)=56.045853
[GA][Iter4] Gen:9 Ind:14 RMSE(val)=56.867385
[GA][Iter4] Gen:9 Ind:15 RMSE(val)=55.981333
[GA][Iter4] Gen:9 Ind:16 RMSE(val)=55.987711
[GA][Iter4] Gen:9 Ind:17 RMSE(val)=57.611549
[GA][Iter4] Gen:9 Ind:18 RMSE(val)=55.973768
[GA][Iter4] Gen:9 Ind:19 RMSE(val)=55.973768
[GA][Iter4] Gen:9 Ind:20 RMSE(val)=56.009353
[GA][Iter4] gen=9 best_val_rmse=55.663086
[GA][Iter4] Gen:10 Ind:1 RMSE(val)=55.663086
[GA][Iter4] Gen:10 Ind:2 RMSE(val)=55.724833
[GA][Iter4] Gen:10 Ind:3 RMSE(val)=55.973768
[GA][Iter4] Gen:10 Ind:4 RMSE(val)=55.973768
[GA][Iter4] Gen:10 Ind:5 RMSE(val)=55.973768
[GA][Iter4] Gen:10 Ind:6 RMSE(val)=55.973768
[GA][Iter4] Gen:10 Ind:7 RMSE(val)=55.973768
[GA][Iter4] Gen:10 Ind:8 RMSE(val)=55.973768
[GA][Iter4] Gen:10 Ind:9 RMSE(val)=55.973768
[GA][Iter4] Gen:10 Ind:10 RMSE(val)=55.973768
[GA][Iter4] Gen:10 Ind:11 RMSE(val)=57.747493
[GA][Iter4] Gen:10 Ind:12 RMSE(val)=57.648074
[GA][Iter4] Gen:10 Ind:13 RMSE(val)=56.601860
[GA][Iter4] Gen:10 Ind:14 RMSE(val)=55.973768
[GA][Iter4] Gen:10 Ind:15 RMSE(val)=55.973768
[GA][Iter4] Gen:10 Ind:16 RMSE(val)=55.973768
[GA][Iter4] Gen:10 Ind:17 RMSE(val)=55.973768
[GA][Iter4] Gen:10 Ind:18 RMSE(val)=56.123251
[GA][Iter4] Gen:10 Ind:19 RMSE(val)=55.973768
[GA][Iter4] Gen:10 Ind:20 RMSE(val)=55.724833
[GA][Iter4] gen=10 best_val_rmse=55.663086
[GA][Iter4] Gen:11 Ind:1 RMSE(val)=55.663086
[GA][Iter4] Gen:11 Ind:2 RMSE(val)=55.724833
[GA][Iter4] Gen:11 Ind:3 RMSE(val)=55.724833
[GA][Iter4] Gen:11 Ind:4 RMSE(val)=55.973768
[GA][Iter4] Gen:11 Ind:5 RMSE(val)=55.973768
[GA][Iter4] Gen:11 Ind:6 RMSE(val)=55.973768
[GA][Iter4] Gen:11 Ind:7 RMSE(val)=55.973768
[GA][Iter4] Gen:11 Ind:8 RMSE(val)=55.973768
[GA][Iter4] Gen:11 Ind:9 RMSE(val)=55.973768
[GA][Iter4] Gen:11 Ind:10 RMSE(val)=55.973768
[GA][Iter4] Gen:11 Ind:11 RMSE(val)=55.973768
[GA][Iter4] Gen:11 Ind:12 RMSE(val)=56.171963
[GA][Iter4] Gen:11 Ind:13 RMSE(val)=56.068664
[GA][Iter4] Gen:11 Ind:14 RMSE(val)=55.973768
[GA][Iter4] Gen:11 Ind:15 RMSE(val)=56.209292
[GA][Iter4] Gen:11 Ind:16 RMSE(val)=55.973768
[GA][Iter4] Gen:11 Ind:17 RMSE(val)=55.724833
[GA][Iter4] Gen:11 Ind:18 RMSE(val)=55.946944
[GA][Iter4] Gen:11 Ind:19 RMSE(val)=55.987075
[GA][Iter4] Gen:11 Ind:20 RMSE(val)=55.815665
[GA][Iter4] gen=11 best_val_rmse=55.663086
[GA][Iter4] Gen:12 Ind:1 RMSE(val)=55.663086
[GA][Iter4] Gen:12 Ind:2 RMSE(val)=55.724833
[GA][Iter4] Gen:12 Ind:3 RMSE(val)=55.724833
[GA][Iter4] Gen:12 Ind:4 RMSE(val)=55.724833
[GA][Iter4] Gen:12 Ind:5 RMSE(val)=55.815665
[GA][Iter4] Gen:12 Ind:6 RMSE(val)=55.946944
[GA][Iter4] Gen:12 Ind:7 RMSE(val)=55.973768
[GA][Iter4] Gen:12 Ind:8 RMSE(val)=55.973768
[GA][Iter4] Gen:12 Ind:9 RMSE(val)=55.973768
[GA][Iter4] Gen:12 Ind:10 RMSE(val)=55.973768
[GA][Iter4] Gen:12 Ind:11 RMSE(val)=56.046064
[GA][Iter4] Gen:12 Ind:12 RMSE(val)=58.648467
[GA][Iter4] Gen:12 Ind:13 RMSE(val)=56.199003
[GA][Iter4] Gen:12 Ind:14 RMSE(val)=56.366163
[GA][Iter4] Gen:12 Ind:15 RMSE(val)=56.372786
[GA][Iter4] Gen:12 Ind:16 RMSE(val)=55.973768
[GA][Iter4] Gen:12 Ind:17 RMSE(val)=56.457481
[GA][Iter4] Gen:12 Ind:18 RMSE(val)=55.946944
[GA][Iter4] Gen:12 Ind:19 RMSE(val)=55.724833
[GA][Iter4] Gen:12 Ind:20 RMSE(val)=55.973768
[GA][Iter4] gen=12 best_val_rmse=55.663086
[GA][Iter4] Gen:13 Ind:1 RMSE(val)=55.663086
[GA][Iter4] Gen:13 Ind:2 RMSE(val)=55.724833
[GA][Iter4] Gen:13 Ind:3 RMSE(val)=55.724833
[GA][Iter4] Gen:13 Ind:4 RMSE(val)=55.724833
[GA][Iter4] Gen:13 Ind:5 RMSE(val)=55.724833
[GA][Iter4] Gen:13 Ind:6 RMSE(val)=55.815665
[GA][Iter4] Gen:13 Ind:7 RMSE(val)=55.946944
[GA][Iter4] Gen:13 Ind:8 RMSE(val)=55.946944
[GA][Iter4] Gen:13 Ind:9 RMSE(val)=55.973768
[GA][Iter4] Gen:13 Ind:10 RMSE(val)=55.973768
[GA][Iter4] Gen:13 Ind:11 RMSE(val)=55.946944
[GA][Iter4] Gen:13 Ind:12 RMSE(val)=55.844071
[GA][Iter4] Gen:13 Ind:13 RMSE(val)=55.724833
[GA][Iter4] Gen:13 Ind:14 RMSE(val)=55.724833
[GA][Iter4] Gen:13 Ind:15 RMSE(val)=55.740636
[GA][Iter4] Gen:13 Ind:16 RMSE(val)=57.846889
[GA][Iter4] Gen:13 Ind:17 RMSE(val)=56.160956
[GA][Iter4] Gen:13 Ind:18 RMSE(val)=58.351473
[GA][Iter4] Gen:13 Ind:19 RMSE(val)=56.068664
[GA][Iter4] Gen:13 Ind:20 RMSE(val)=55.815665
[GA][Iter4] gen=13 best_val_rmse=55.663086
[GA][Iter4] Gen:14 Ind:1 RMSE(val)=55.663086
[GA][Iter4] Gen:14 Ind:2 RMSE(val)=55.724833
[GA][Iter4] Gen:14 Ind:3 RMSE(val)=55.724833
[GA][Iter4] Gen:14 Ind:4 RMSE(val)=55.724833
[GA][Iter4] Gen:14 Ind:5 RMSE(val)=55.724833
[GA][Iter4] Gen:14 Ind:6 RMSE(val)=55.724833
[GA][Iter4] Gen:14 Ind:7 RMSE(val)=55.724833
[GA][Iter4] Gen:14 Ind:8 RMSE(val)=55.740636
[GA][Iter4] Gen:14 Ind:9 RMSE(val)=55.815665
[GA][Iter4] Gen:14 Ind:10 RMSE(val)=55.815665
[GA][Iter4] Gen:14 Ind:11 RMSE(val)=55.724833
[GA][Iter4] Gen:14 Ind:12 RMSE(val)=55.724833
[GA][Iter4] Gen:14 Ind:13 RMSE(val)=56.009964
[GA][Iter4] Gen:14 Ind:14 RMSE(val)=55.794200
[GA][Iter4] Gen:14 Ind:15 RMSE(val)=55.724833
[GA][Iter4] Gen:14 Ind:16 RMSE(val)=55.844071
[GA][Iter4] Gen:14 Ind:17 RMSE(val)=55.794200
[GA][Iter4] Gen:14 Ind:18 RMSE(val)=55.844071
[GA][Iter4] Gen:14 Ind:19 RMSE(val)=55.724833
[GA][Iter4] Gen:14 Ind:20 RMSE(val)=55.794200
[GA][Iter4] gen=14 best_val_rmse=55.663086
[GA][Iter4] Gen:15 Ind:1 RMSE(val)=55.663086
[GA][Iter4] Gen:15 Ind:2 RMSE(val)=55.724833
[GA][Iter4] Gen:15 Ind:3 RMSE(val)=55.724833
[GA][Iter4] Gen:15 Ind:4 RMSE(val)=55.724833
[GA][Iter4] Gen:15 Ind:5 RMSE(val)=55.724833
[GA][Iter4] Gen:15 Ind:6 RMSE(val)=55.724833
[GA][Iter4] Gen:15 Ind:7 RMSE(val)=55.724833
[GA][Iter4] Gen:15 Ind:8 RMSE(val)=55.724833
[GA][Iter4] Gen:15 Ind:9 RMSE(val)=55.724833
[GA][Iter4] Gen:15 Ind:10 RMSE(val)=55.724833
[GA][Iter4] Gen:15 Ind:11 RMSE(val)=55.724833
[GA][Iter4] Gen:15 Ind:12 RMSE(val)=55.724833
[GA][Iter4] Gen:15 Ind:13 RMSE(val)=55.793417
[GA][Iter4] Gen:15 Ind:14 RMSE(val)=55.724833
[GA][Iter4] Gen:15 Ind:15 RMSE(val)=55.724833
[GA][Iter4] Gen:15 Ind:16 RMSE(val)=55.778837
[GA][Iter4] Gen:15 Ind:17 RMSE(val)=55.724833
[GA][Iter4] Gen:15 Ind:18 RMSE(val)=55.724833
[GA][Iter4] Gen:15 Ind:19 RMSE(val)=55.724833
[GA][Iter4] Gen:15 Ind:20 RMSE(val)=55.724833
[GA][Iter4] gen=15 best_val_rmse=55.663086
[GA][Iter4] Gen:15 Ind:1 RMSE(val)=55.663086
[GA][Iter4] Gen:15 Ind:2 RMSE(val)=55.724833
[GA][Iter4] Gen:15 Ind:3 RMSE(val)=55.724833
[GA][Iter4] Gen:15 Ind:4 RMSE(val)=55.724833
[GA][Iter4] Gen:15 Ind:5 RMSE(val)=55.724833
[GA][Iter4] Gen:15 Ind:6 RMSE(val)=55.724833
[GA][Iter4] Gen:15 Ind:7 RMSE(val)=55.724833
[GA][Iter4] Gen:15 Ind:8 RMSE(val)=55.724833
[GA][Iter4] Gen:15 Ind:9 RMSE(val)=55.724833
[GA][Iter4] Gen:15 Ind:10 RMSE(val)=55.724833
[GA][Iter4] Gen:15 Ind:11 RMSE(val)=55.724833
[GA][Iter4] Gen:15 Ind:12 RMSE(val)=55.724833
[GA][Iter4] Gen:15 Ind:13 RMSE(val)=55.663086
[GA][Iter4] Gen:15 Ind:14 RMSE(val)=55.724833
[GA][Iter4] Gen:15 Ind:15 RMSE(val)=55.724833
[GA][Iter4] Gen:15 Ind:16 RMSE(val)=55.724833
[GA][Iter4] Gen:15 Ind:17 RMSE(val)=55.724833
[GA][Iter4] Gen:15 Ind:18 RMSE(val)=55.724833
[GA][Iter4] Gen:15 Ind:19 RMSE(val)=55.663086
[GA][Iter4] Gen:15 Ind:20 RMSE(val)=55.724833

[GA DONE][Iter4] Best params on val fold of Iter4
Best val RMSE: 55.663086
Best params: {'n_estimators': 824, 'learning_rate': 0.012516610460068746, 'num_leaves': 27, 'max_depth': 10, 'min_child_samples': 140, 'subsample': 0.9047848796208259, 'colsample_bytree': 0.9114505914522233, 'reg_lambda': 0.19378012046545656, 'reg_alpha': 0.1865244933738515}
--------------------------------------------------------------------------------
[RETUNE GA] Iter4: train folds 1..8 -> test fold 9  RMSE=101.277768  NRMSE=1.097862  CVRMSE=0.087389  R2=-0.219480
[GA][Iter5] Gen:1 Ind:1 RMSE(val)=101.699344
[GA][Iter5] Gen:1 Ind:2 RMSE(val)=101.053276
[GA][Iter5] Gen:1 Ind:3 RMSE(val)=98.263098
[GA][Iter5] Gen:1 Ind:4 RMSE(val)=102.535831
[GA][Iter5] Gen:1 Ind:5 RMSE(val)=97.599112
[GA][Iter5] Gen:1 Ind:6 RMSE(val)=102.481959
[GA][Iter5] Gen:1 Ind:7 RMSE(val)=113.702656
[GA][Iter5] Gen:1 Ind:8 RMSE(val)=98.633027
[GA][Iter5] Gen:1 Ind:9 RMSE(val)=98.296383
[GA][Iter5] Gen:1 Ind:10 RMSE(val)=102.875319
[GA][Iter5] Gen:1 Ind:11 RMSE(val)=98.076158
[GA][Iter5] Gen:1 Ind:12 RMSE(val)=98.582841
[GA][Iter5] Gen:1 Ind:13 RMSE(val)=101.164359
[GA][Iter5] Gen:1 Ind:14 RMSE(val)=101.936513
[GA][Iter5] Gen:1 Ind:15 RMSE(val)=103.610320
[GA][Iter5] Gen:1 Ind:16 RMSE(val)=108.283062
[GA][Iter5] Gen:1 Ind:17 RMSE(val)=111.179334
[GA][Iter5] Gen:1 Ind:18 RMSE(val)=101.204789
[GA][Iter5] Gen:1 Ind:19 RMSE(val)=102.178899
[GA][Iter5] Gen:1 Ind:20 RMSE(val)=101.335825
[GA][Iter5] gen=1 best_val_rmse=97.599112
[GA][Iter5] Gen:2 Ind:1 RMSE(val)=97.599112
[GA][Iter5] Gen:2 Ind:2 RMSE(val)=98.076158
[GA][Iter5] Gen:2 Ind:3 RMSE(val)=98.263098
[GA][Iter5] Gen:2 Ind:4 RMSE(val)=98.296383
[GA][Iter5] Gen:2 Ind:5 RMSE(val)=98.582841
[GA][Iter5] Gen:2 Ind:6 RMSE(val)=98.633027
[GA][Iter5] Gen:2 Ind:7 RMSE(val)=101.053276
[GA][Iter5] Gen:2 Ind:8 RMSE(val)=101.164359
[GA][Iter5] Gen:2 Ind:9 RMSE(val)=101.204789
[GA][Iter5] Gen:2 Ind:10 RMSE(val)=101.335825
[GA][Iter5] Gen:2 Ind:11 RMSE(val)=101.243560
[GA][Iter5] Gen:2 Ind:12 RMSE(val)=101.164360
[GA][Iter5] Gen:2 Ind:13 RMSE(val)=98.463200
[GA][Iter5] Gen:2 Ind:14 RMSE(val)=100.323818
[GA][Iter5] Gen:2 Ind:15 RMSE(val)=100.608917
[GA][Iter5] Gen:2 Ind:16 RMSE(val)=104.286838
[GA][Iter5] Gen:2 Ind:17 RMSE(val)=99.592243
[GA][Iter5] Gen:2 Ind:18 RMSE(val)=101.284395
[GA][Iter5] Gen:2 Ind:19 RMSE(val)=100.897627
[GA][Iter5] Gen:2 Ind:20 RMSE(val)=101.556745
[GA][Iter5] gen=2 best_val_rmse=97.599112
[GA][Iter5] Gen:3 Ind:1 RMSE(val)=97.599112
[GA][Iter5] Gen:3 Ind:2 RMSE(val)=98.076158
[GA][Iter5] Gen:3 Ind:3 RMSE(val)=98.263098
[GA][Iter5] Gen:3 Ind:4 RMSE(val)=98.296383
[GA][Iter5] Gen:3 Ind:5 RMSE(val)=98.463200
[GA][Iter5] Gen:3 Ind:6 RMSE(val)=98.582841
[GA][Iter5] Gen:3 Ind:7 RMSE(val)=98.633027
[GA][Iter5] Gen:3 Ind:8 RMSE(val)=99.592243
[GA][Iter5] Gen:3 Ind:9 RMSE(val)=100.323818
[GA][Iter5] Gen:3 Ind:10 RMSE(val)=100.608917
[GA][Iter5] Gen:3 Ind:11 RMSE(val)=98.781970
[GA][Iter5] Gen:3 Ind:12 RMSE(val)=100.297216
[GA][Iter5] Gen:3 Ind:13 RMSE(val)=101.419358
[GA][Iter5] Gen:3 Ind:14 RMSE(val)=97.895329
[GA][Iter5] Gen:3 Ind:15 RMSE(val)=101.916688
[GA][Iter5] Gen:3 Ind:16 RMSE(val)=99.677665
[GA][Iter5] Gen:3 Ind:17 RMSE(val)=96.881808
[GA][Iter5] Gen:3 Ind:18 RMSE(val)=100.871315
[GA][Iter5] Gen:3 Ind:19 RMSE(val)=97.225319
[GA][Iter5] Gen:3 Ind:20 RMSE(val)=98.812042
[GA][Iter5] gen=3 best_val_rmse=96.881808
[GA][Iter5] Gen:4 Ind:1 RMSE(val)=96.881808
[GA][Iter5] Gen:4 Ind:2 RMSE(val)=97.225319
[GA][Iter5] Gen:4 Ind:3 RMSE(val)=97.599112
[GA][Iter5] Gen:4 Ind:4 RMSE(val)=97.895329
[GA][Iter5] Gen:4 Ind:5 RMSE(val)=98.076158
[GA][Iter5] Gen:4 Ind:6 RMSE(val)=98.263098
[GA][Iter5] Gen:4 Ind:7 RMSE(val)=98.296383
[GA][Iter5] Gen:4 Ind:8 RMSE(val)=98.463200
[GA][Iter5] Gen:4 Ind:9 RMSE(val)=98.582841
[GA][Iter5] Gen:4 Ind:10 RMSE(val)=98.633027
[GA][Iter5] Gen:4 Ind:11 RMSE(val)=97.873425
[GA][Iter5] Gen:4 Ind:12 RMSE(val)=100.810955
[GA][Iter5] Gen:4 Ind:13 RMSE(val)=98.171715
[GA][Iter5] Gen:4 Ind:14 RMSE(val)=98.482995
[GA][Iter5] Gen:4 Ind:15 RMSE(val)=98.134486
[GA][Iter5] Gen:4 Ind:16 RMSE(val)=96.731994
[GA][Iter5] Gen:4 Ind:17 RMSE(val)=98.669300
[GA][Iter5] Gen:4 Ind:18 RMSE(val)=97.162066
[GA][Iter5] Gen:4 Ind:19 RMSE(val)=99.879928
[GA][Iter5] Gen:4 Ind:20 RMSE(val)=98.744900
[GA][Iter5] gen=4 best_val_rmse=96.731994
[GA][Iter5] Gen:5 Ind:1 RMSE(val)=96.731994
[GA][Iter5] Gen:5 Ind:2 RMSE(val)=96.881808
[GA][Iter5] Gen:5 Ind:3 RMSE(val)=97.162066
[GA][Iter5] Gen:5 Ind:4 RMSE(val)=97.225319
[GA][Iter5] Gen:5 Ind:5 RMSE(val)=97.599112
[GA][Iter5] Gen:5 Ind:6 RMSE(val)=97.873425
[GA][Iter5] Gen:5 Ind:7 RMSE(val)=97.895329
[GA][Iter5] Gen:5 Ind:8 RMSE(val)=98.076158
[GA][Iter5] Gen:5 Ind:9 RMSE(val)=98.134486
[GA][Iter5] Gen:5 Ind:10 RMSE(val)=98.171715
[GA][Iter5] Gen:5 Ind:11 RMSE(val)=98.339859
[GA][Iter5] Gen:5 Ind:12 RMSE(val)=102.935677
[GA][Iter5] Gen:5 Ind:13 RMSE(val)=97.178249
[GA][Iter5] Gen:5 Ind:14 RMSE(val)=96.852878
[GA][Iter5] Gen:5 Ind:15 RMSE(val)=98.166225
[GA][Iter5] Gen:5 Ind:16 RMSE(val)=97.670416
[GA][Iter5] Gen:5 Ind:17 RMSE(val)=98.264259
[GA][Iter5] Gen:5 Ind:18 RMSE(val)=98.296326
[GA][Iter5] Gen:5 Ind:19 RMSE(val)=96.150547
[GA][Iter5] Gen:5 Ind:20 RMSE(val)=98.338433
[GA][Iter5] gen=5 best_val_rmse=96.150547
[GA][Iter5] Gen:6 Ind:1 RMSE(val)=96.150547
[GA][Iter5] Gen:6 Ind:2 RMSE(val)=96.731994
[GA][Iter5] Gen:6 Ind:3 RMSE(val)=96.852878
[GA][Iter5] Gen:6 Ind:4 RMSE(val)=96.881808
[GA][Iter5] Gen:6 Ind:5 RMSE(val)=97.162066
[GA][Iter5] Gen:6 Ind:6 RMSE(val)=97.178249
[GA][Iter5] Gen:6 Ind:7 RMSE(val)=97.225319
[GA][Iter5] Gen:6 Ind:8 RMSE(val)=97.599112
[GA][Iter5] Gen:6 Ind:9 RMSE(val)=97.670416
[GA][Iter5] Gen:6 Ind:10 RMSE(val)=97.873425
[GA][Iter5] Gen:6 Ind:11 RMSE(val)=97.437929
[GA][Iter5] Gen:6 Ind:12 RMSE(val)=96.731994
[GA][Iter5] Gen:6 Ind:13 RMSE(val)=98.458502
[GA][Iter5] Gen:6 Ind:14 RMSE(val)=96.976214
[GA][Iter5] Gen:6 Ind:15 RMSE(val)=96.887881
[GA][Iter5] Gen:6 Ind:16 RMSE(val)=97.696609
[GA][Iter5] Gen:6 Ind:17 RMSE(val)=98.058520
[GA][Iter5] Gen:6 Ind:18 RMSE(val)=96.864092
[GA][Iter5] Gen:6 Ind:19 RMSE(val)=96.956882
[GA][Iter5] Gen:6 Ind:20 RMSE(val)=98.053792
[GA][Iter5] gen=6 best_val_rmse=96.150547
[GA][Iter5] Gen:7 Ind:1 RMSE(val)=96.150547
[GA][Iter5] Gen:7 Ind:2 RMSE(val)=96.731994
[GA][Iter5] Gen:7 Ind:3 RMSE(val)=96.731994
[GA][Iter5] Gen:7 Ind:4 RMSE(val)=96.852878
[GA][Iter5] Gen:7 Ind:5 RMSE(val)=96.864092
[GA][Iter5] Gen:7 Ind:6 RMSE(val)=96.881808
[GA][Iter5] Gen:7 Ind:7 RMSE(val)=96.887881
[GA][Iter5] Gen:7 Ind:8 RMSE(val)=96.956882
[GA][Iter5] Gen:7 Ind:9 RMSE(val)=96.976214
[GA][Iter5] Gen:7 Ind:10 RMSE(val)=97.162066
[GA][Iter5] Gen:7 Ind:11 RMSE(val)=98.131350
[GA][Iter5] Gen:7 Ind:12 RMSE(val)=96.887881
[GA][Iter5] Gen:7 Ind:13 RMSE(val)=96.887881
[GA][Iter5] Gen:7 Ind:14 RMSE(val)=96.976214
[GA][Iter5] Gen:7 Ind:15 RMSE(val)=97.021620
[GA][Iter5] Gen:7 Ind:16 RMSE(val)=97.330111
[GA][Iter5] Gen:7 Ind:17 RMSE(val)=96.864092
[GA][Iter5] Gen:7 Ind:18 RMSE(val)=98.578346
[GA][Iter5] Gen:7 Ind:19 RMSE(val)=97.257581
[GA][Iter5] Gen:7 Ind:20 RMSE(val)=98.147889
[GA][Iter5] gen=7 best_val_rmse=96.150547
[GA][Iter5] Gen:8 Ind:1 RMSE(val)=96.150547
[GA][Iter5] Gen:8 Ind:2 RMSE(val)=96.731994
[GA][Iter5] Gen:8 Ind:3 RMSE(val)=96.731994
[GA][Iter5] Gen:8 Ind:4 RMSE(val)=96.852878
[GA][Iter5] Gen:8 Ind:5 RMSE(val)=96.864092
[GA][Iter5] Gen:8 Ind:6 RMSE(val)=96.864092
[GA][Iter5] Gen:8 Ind:7 RMSE(val)=96.881808
[GA][Iter5] Gen:8 Ind:8 RMSE(val)=96.887881
[GA][Iter5] Gen:8 Ind:9 RMSE(val)=96.887881
[GA][Iter5] Gen:8 Ind:10 RMSE(val)=96.887881
[GA][Iter5] Gen:8 Ind:11 RMSE(val)=97.004259
[GA][Iter5] Gen:8 Ind:12 RMSE(val)=96.758816
[GA][Iter5] Gen:8 Ind:13 RMSE(val)=97.663024
[GA][Iter5] Gen:8 Ind:14 RMSE(val)=97.408445
[GA][Iter5] Gen:8 Ind:15 RMSE(val)=97.572626
[GA][Iter5] Gen:8 Ind:16 RMSE(val)=96.731994
[GA][Iter5] Gen:8 Ind:17 RMSE(val)=97.293731
[GA][Iter5] Gen:8 Ind:18 RMSE(val)=96.758816
[GA][Iter5] Gen:8 Ind:19 RMSE(val)=100.236829
[GA][Iter5] Gen:8 Ind:20 RMSE(val)=99.073344
[GA][Iter5] gen=8 best_val_rmse=96.150547
[GA][Iter5] Gen:9 Ind:1 RMSE(val)=96.150547
[GA][Iter5] Gen:9 Ind:2 RMSE(val)=96.731994
[GA][Iter5] Gen:9 Ind:3 RMSE(val)=96.731994
[GA][Iter5] Gen:9 Ind:4 RMSE(val)=96.731994
[GA][Iter5] Gen:9 Ind:5 RMSE(val)=96.758816
[GA][Iter5] Gen:9 Ind:6 RMSE(val)=96.758816
[GA][Iter5] Gen:9 Ind:7 RMSE(val)=96.852878
[GA][Iter5] Gen:9 Ind:8 RMSE(val)=96.864092
[GA][Iter5] Gen:9 Ind:9 RMSE(val)=96.864092
[GA][Iter5] Gen:9 Ind:10 RMSE(val)=96.881808
[GA][Iter5] Gen:9 Ind:11 RMSE(val)=97.488507
[GA][Iter5] Gen:9 Ind:12 RMSE(val)=97.852118
[GA][Iter5] Gen:9 Ind:13 RMSE(val)=97.157759
[GA][Iter5] Gen:9 Ind:14 RMSE(val)=97.065057
[GA][Iter5] Gen:9 Ind:15 RMSE(val)=99.193201
[GA][Iter5] Gen:9 Ind:16 RMSE(val)=97.149237
[GA][Iter5] Gen:9 Ind:17 RMSE(val)=96.731994
[GA][Iter5] Gen:9 Ind:18 RMSE(val)=96.758816
[GA][Iter5] Gen:9 Ind:19 RMSE(val)=96.767247
[GA][Iter5] Gen:9 Ind:20 RMSE(val)=97.175409
[GA][Iter5] gen=9 best_val_rmse=96.150547
[GA][Iter5] Gen:10 Ind:1 RMSE(val)=96.150547
[GA][Iter5] Gen:10 Ind:2 RMSE(val)=96.731994
[GA][Iter5] Gen:10 Ind:3 RMSE(val)=96.731994
[GA][Iter5] Gen:10 Ind:4 RMSE(val)=96.731994
[GA][Iter5] Gen:10 Ind:5 RMSE(val)=96.731994
[GA][Iter5] Gen:10 Ind:6 RMSE(val)=96.758816
[GA][Iter5] Gen:10 Ind:7 RMSE(val)=96.758816
[GA][Iter5] Gen:10 Ind:8 RMSE(val)=96.758816
[GA][Iter5] Gen:10 Ind:9 RMSE(val)=96.767247
[GA][Iter5] Gen:10 Ind:10 RMSE(val)=96.852878
[GA][Iter5] Gen:10 Ind:11 RMSE(val)=97.495223
[GA][Iter5] Gen:10 Ind:12 RMSE(val)=96.861232
[GA][Iter5] Gen:10 Ind:13 RMSE(val)=96.255544
[GA][Iter5] Gen:10 Ind:14 RMSE(val)=96.758816
[GA][Iter5] Gen:10 Ind:15 RMSE(val)=96.731994
[GA][Iter5] Gen:10 Ind:16 RMSE(val)=98.239004
[GA][Iter5] Gen:10 Ind:17 RMSE(val)=96.976214
[GA][Iter5] Gen:10 Ind:18 RMSE(val)=96.758816
[GA][Iter5] Gen:10 Ind:19 RMSE(val)=96.614501
[GA][Iter5] Gen:10 Ind:20 RMSE(val)=97.499941
[GA][Iter5] gen=10 best_val_rmse=96.150547
[GA][Iter5] Gen:11 Ind:1 RMSE(val)=96.150547
[GA][Iter5] Gen:11 Ind:2 RMSE(val)=96.255544
[GA][Iter5] Gen:11 Ind:3 RMSE(val)=96.614501
[GA][Iter5] Gen:11 Ind:4 RMSE(val)=96.731994
[GA][Iter5] Gen:11 Ind:5 RMSE(val)=96.731994
[GA][Iter5] Gen:11 Ind:6 RMSE(val)=96.731994
[GA][Iter5] Gen:11 Ind:7 RMSE(val)=96.731994
[GA][Iter5] Gen:11 Ind:8 RMSE(val)=96.731994
[GA][Iter5] Gen:11 Ind:9 RMSE(val)=96.758816
[GA][Iter5] Gen:11 Ind:10 RMSE(val)=96.758816
[GA][Iter5] Gen:11 Ind:11 RMSE(val)=96.455872
[GA][Iter5] Gen:11 Ind:12 RMSE(val)=96.717129
[GA][Iter5] Gen:11 Ind:13 RMSE(val)=96.731994
[GA][Iter5] Gen:11 Ind:14 RMSE(val)=96.758816
[GA][Iter5] Gen:11 Ind:15 RMSE(val)=96.731994
[GA][Iter5] Gen:11 Ind:16 RMSE(val)=96.731994
[GA][Iter5] Gen:11 Ind:17 RMSE(val)=96.731994
[GA][Iter5] Gen:11 Ind:18 RMSE(val)=96.602574
[GA][Iter5] Gen:11 Ind:19 RMSE(val)=96.839916
[GA][Iter5] Gen:11 Ind:20 RMSE(val)=95.504863
[GA][Iter5] gen=11 best_val_rmse=95.504863
[GA][Iter5] Gen:12 Ind:1 RMSE(val)=95.504863
[GA][Iter5] Gen:12 Ind:2 RMSE(val)=96.150547
[GA][Iter5] Gen:12 Ind:3 RMSE(val)=96.255544
[GA][Iter5] Gen:12 Ind:4 RMSE(val)=96.455872
[GA][Iter5] Gen:12 Ind:5 RMSE(val)=96.602574
[GA][Iter5] Gen:12 Ind:6 RMSE(val)=96.614501
[GA][Iter5] Gen:12 Ind:7 RMSE(val)=96.717129
[GA][Iter5] Gen:12 Ind:8 RMSE(val)=96.731994
[GA][Iter5] Gen:12 Ind:9 RMSE(val)=96.731994
[GA][Iter5] Gen:12 Ind:10 RMSE(val)=96.731994
[GA][Iter5] Gen:12 Ind:11 RMSE(val)=97.466346
[GA][Iter5] Gen:12 Ind:12 RMSE(val)=97.471086
[GA][Iter5] Gen:12 Ind:13 RMSE(val)=96.731994
[GA][Iter5] Gen:12 Ind:14 RMSE(val)=96.851532
[GA][Iter5] Gen:12 Ind:15 RMSE(val)=96.731994
[GA][Iter5] Gen:12 Ind:16 RMSE(val)=96.150547
[GA][Iter5] Gen:12 Ind:17 RMSE(val)=96.731994
[GA][Iter5] Gen:12 Ind:18 RMSE(val)=96.255544
[GA][Iter5] Gen:12 Ind:19 RMSE(val)=96.614501
[GA][Iter5] Gen:12 Ind:20 RMSE(val)=96.717129
[GA][Iter5] gen=12 best_val_rmse=95.504863
[GA][Iter5] Gen:13 Ind:1 RMSE(val)=95.504863
[GA][Iter5] Gen:13 Ind:2 RMSE(val)=96.150547
[GA][Iter5] Gen:13 Ind:3 RMSE(val)=96.150547
[GA][Iter5] Gen:13 Ind:4 RMSE(val)=96.255544
[GA][Iter5] Gen:13 Ind:5 RMSE(val)=96.255544
[GA][Iter5] Gen:13 Ind:6 RMSE(val)=96.455872
[GA][Iter5] Gen:13 Ind:7 RMSE(val)=96.602574
[GA][Iter5] Gen:13 Ind:8 RMSE(val)=96.614501
[GA][Iter5] Gen:13 Ind:9 RMSE(val)=96.614501
[GA][Iter5] Gen:13 Ind:10 RMSE(val)=96.717129
[GA][Iter5] Gen:13 Ind:11 RMSE(val)=96.551791
[GA][Iter5] Gen:13 Ind:12 RMSE(val)=96.255544
[GA][Iter5] Gen:13 Ind:13 RMSE(val)=96.150547
[GA][Iter5] Gen:13 Ind:14 RMSE(val)=96.455872
[GA][Iter5] Gen:13 Ind:15 RMSE(val)=97.951627
[GA][Iter5] Gen:13 Ind:16 RMSE(val)=95.875471
[GA][Iter5] Gen:13 Ind:17 RMSE(val)=97.888173
[GA][Iter5] Gen:13 Ind:18 RMSE(val)=96.255544
[GA][Iter5] Gen:13 Ind:19 RMSE(val)=96.455872
[GA][Iter5] Gen:13 Ind:20 RMSE(val)=96.717129
[GA][Iter5] gen=13 best_val_rmse=95.504863
[GA][Iter5] Gen:14 Ind:1 RMSE(val)=95.504863
[GA][Iter5] Gen:14 Ind:2 RMSE(val)=95.875471
[GA][Iter5] Gen:14 Ind:3 RMSE(val)=96.150547
[GA][Iter5] Gen:14 Ind:4 RMSE(val)=96.150547
[GA][Iter5] Gen:14 Ind:5 RMSE(val)=96.150547
[GA][Iter5] Gen:14 Ind:6 RMSE(val)=96.255544
[GA][Iter5] Gen:14 Ind:7 RMSE(val)=96.255544
[GA][Iter5] Gen:14 Ind:8 RMSE(val)=96.255544
[GA][Iter5] Gen:14 Ind:9 RMSE(val)=96.255544
[GA][Iter5] Gen:14 Ind:10 RMSE(val)=96.455872
[GA][Iter5] Gen:14 Ind:11 RMSE(val)=97.021620
[GA][Iter5] Gen:14 Ind:12 RMSE(val)=97.439639
[GA][Iter5] Gen:14 Ind:13 RMSE(val)=96.255544
[GA][Iter5] Gen:14 Ind:14 RMSE(val)=96.255544
[GA][Iter5] Gen:14 Ind:15 RMSE(val)=97.966124
[GA][Iter5] Gen:14 Ind:16 RMSE(val)=96.731994
[GA][Iter5] Gen:14 Ind:17 RMSE(val)=96.551791
[GA][Iter5] Gen:14 Ind:18 RMSE(val)=96.150547
[GA][Iter5] Gen:14 Ind:19 RMSE(val)=96.255544
[GA][Iter5] Gen:14 Ind:20 RMSE(val)=96.150547
[GA][Iter5] gen=14 best_val_rmse=95.504863
[GA][Iter5] Gen:15 Ind:1 RMSE(val)=95.504863
[GA][Iter5] Gen:15 Ind:2 RMSE(val)=95.875471
[GA][Iter5] Gen:15 Ind:3 RMSE(val)=96.150547
[GA][Iter5] Gen:15 Ind:4 RMSE(val)=96.150547
[GA][Iter5] Gen:15 Ind:5 RMSE(val)=96.150547
[GA][Iter5] Gen:15 Ind:6 RMSE(val)=96.150547
[GA][Iter5] Gen:15 Ind:7 RMSE(val)=96.150547
[GA][Iter5] Gen:15 Ind:8 RMSE(val)=96.255544
[GA][Iter5] Gen:15 Ind:9 RMSE(val)=96.255544
[GA][Iter5] Gen:15 Ind:10 RMSE(val)=96.255544
[GA][Iter5] Gen:15 Ind:11 RMSE(val)=96.255544
[GA][Iter5] Gen:15 Ind:12 RMSE(val)=97.021620
[GA][Iter5] Gen:15 Ind:13 RMSE(val)=96.758816
[GA][Iter5] Gen:15 Ind:14 RMSE(val)=96.255544
[GA][Iter5] Gen:15 Ind:15 RMSE(val)=96.669391
[GA][Iter5] Gen:15 Ind:16 RMSE(val)=95.875471
[GA][Iter5] Gen:15 Ind:17 RMSE(val)=96.150547
[GA][Iter5] Gen:15 Ind:18 RMSE(val)=96.150547
[GA][Iter5] Gen:15 Ind:19 RMSE(val)=96.150547
[GA][Iter5] Gen:15 Ind:20 RMSE(val)=96.150547
[GA][Iter5] gen=15 best_val_rmse=95.504863
[GA][Iter5] Gen:15 Ind:1 RMSE(val)=95.504863
[GA][Iter5] Gen:15 Ind:2 RMSE(val)=95.875471
[GA][Iter5] Gen:15 Ind:3 RMSE(val)=95.875471
[GA][Iter5] Gen:15 Ind:4 RMSE(val)=96.150547
[GA][Iter5] Gen:15 Ind:5 RMSE(val)=96.150547
[GA][Iter5] Gen:15 Ind:6 RMSE(val)=96.150547
[GA][Iter5] Gen:15 Ind:7 RMSE(val)=96.150547
[GA][Iter5] Gen:15 Ind:8 RMSE(val)=96.150547
[GA][Iter5] Gen:15 Ind:9 RMSE(val)=96.150547
[GA][Iter5] Gen:15 Ind:10 RMSE(val)=96.150547
[GA][Iter5] Gen:15 Ind:11 RMSE(val)=96.150547
[GA][Iter5] Gen:15 Ind:12 RMSE(val)=96.150547
[GA][Iter5] Gen:15 Ind:13 RMSE(val)=96.150547
[GA][Iter5] Gen:15 Ind:14 RMSE(val)=95.875471
[GA][Iter5] Gen:15 Ind:15 RMSE(val)=96.150547
[GA][Iter5] Gen:15 Ind:16 RMSE(val)=96.150547
[GA][Iter5] Gen:15 Ind:17 RMSE(val)=95.875471
[GA][Iter5] Gen:15 Ind:18 RMSE(val)=96.150547
[GA][Iter5] Gen:15 Ind:19 RMSE(val)=96.150547
[GA][Iter5] Gen:15 Ind:20 RMSE(val)=95.504863

[GA DONE][Iter5] Best params on val fold of Iter5
Best val RMSE: 95.504863
Best params: {'n_estimators': 623, 'learning_rate': 0.0710626095871811, 'num_leaves': 131, 'max_depth': 14, 'min_child_samples': 31, 'subsample': 0.9658190358962174, 'colsample_bytree': 0.6838536082216393, 'reg_lambda': 0.41240635054613967, 'reg_alpha': 0.12791056653892033}
--------------------------------------------------------------------------------
[RETUNE GA] Iter5: train folds 1..9 -> test fold 10  RMSE=43.084790  NRMSE=1.186595  CVRMSE=0.037443  R2=-0.424573
