=== BASELINE (project=radare2, last-7 mean, expanding folds) ===
Iter1: train folds 1..5 -> test fold 6  RMSE=1241.6227  NRMSE=1.0167  CVRMSE=0.6212  R˛=-0.0383
Iter2: train folds 1..6 -> test fold 7  RMSE=1249.9319  NRMSE=1.0486  CVRMSE=0.6852  R˛=-0.1044
Iter3: train folds 1..7 -> test fold 8  RMSE=1125.3908  NRMSE=1.0219  CVRMSE=0.5815  R˛=-0.0489
Iter4: train folds 1..8 -> test fold 9  RMSE=1100.5482  NRMSE=1.0520  CVRMSE=0.5530  R˛=-0.1115
Iter5: train folds 1..9 -> test fold 10  RMSE=1349.0990  NRMSE=0.9875  CVRMSE=0.5850  R˛=0.0206
--------------------------------------------------
[FEATURES] initial=146 kept_after_screening=75
['workflow_event_trigger', 'issuer_name', 'total_builds', 'gh_files_added', 'gh_files_deleted', 'gh_files_modified', 'gh_lines_added', 'gh_lines_deleted', 'gh_tests_deleted', 'gh_is_pr', 'gh_sloc', 'gh_description_complexity', 'gh_doc_files', 'gh_other_files', 'gh_commits_on_files_touched', 'gh_num_pr_comments', 'gh_test_lines_per_kloc', 'hour', 'dow', 'secs_since_prev', 'duration_lag_1', 'duration_lag_3', 'duration_lag_5', 'duration_lag_6', 'duration_lag_7', 'window_avg_7', 'window_std_7', 'window_avg_3', 'window_std_4', 'ft___1_', 'ft___acr_', 'ft___bat_', 'ft___bat__', 'ft___build_', 'ft___build__', 'ft___c_', 'ft___c_e_', 'ft___css__', 'ft___c____dup1', 'ft___h_', 'ft___h__', 'ft___md_', 'ft___mk_', 'ft___mk__', 'ft___opc_', 'ft___sh__', 'ft___spec__', 'ft___toml__', 'ft___txt_', 'ft___yml_', 'ft___yml__', 'ft____1_', 'ft____acr_', 'ft____bat_', 'ft____bat__', 'ft____build__', 'ft____c_', 'ft____c__', 'ft____c_e_', 'ft____cfg_', 'ft____cfg__', 'ft____h__', 'ft____js__', 'ft____md__', 'ft____mk_', 'ft____py__', 'ft____qjs_', 'ft____sh_', 'ft____sh__', 'ft____tips_', 'ft____txt_', 'ft____txt__', 'ft____yml_', 'ft____yml__', 'ft___']
--------------------------------------------------------------------------------
[GA][Iter1] Gen:1 Ind:1 RMSE(val)=715.000982
[GA][Iter1] Gen:1 Ind:2 RMSE(val)=701.472207
[GA][Iter1] Gen:1 Ind:3 RMSE(val)=706.026468
[GA][Iter1] Gen:1 Ind:4 RMSE(val)=709.222565
[GA][Iter1] Gen:1 Ind:5 RMSE(val)=708.580221
[GA][Iter1] Gen:1 Ind:6 RMSE(val)=704.371361
[GA][Iter1] Gen:1 Ind:7 RMSE(val)=699.105725
[GA][Iter1] Gen:1 Ind:8 RMSE(val)=711.354496
[GA][Iter1] Gen:1 Ind:9 RMSE(val)=726.346330
[GA][Iter1] Gen:1 Ind:10 RMSE(val)=706.575233
[GA][Iter1] Gen:1 Ind:11 RMSE(val)=703.200346
[GA][Iter1] Gen:1 Ind:12 RMSE(val)=715.736709
[GA][Iter1] Gen:1 Ind:13 RMSE(val)=697.799557
[GA][Iter1] Gen:1 Ind:14 RMSE(val)=708.601031
[GA][Iter1] Gen:1 Ind:15 RMSE(val)=710.186787
[GA][Iter1] Gen:1 Ind:16 RMSE(val)=706.180482
[GA][Iter1] Gen:1 Ind:17 RMSE(val)=703.121793
[GA][Iter1] Gen:1 Ind:18 RMSE(val)=698.239895
[GA][Iter1] Gen:1 Ind:19 RMSE(val)=705.607404
[GA][Iter1] Gen:1 Ind:20 RMSE(val)=701.236239
[GA][Iter1] gen=1 best_val_rmse=697.799557
[GA][Iter1] Gen:2 Ind:1 RMSE(val)=697.799557
[GA][Iter1] Gen:2 Ind:2 RMSE(val)=698.239895
[GA][Iter1] Gen:2 Ind:3 RMSE(val)=699.105725
[GA][Iter1] Gen:2 Ind:4 RMSE(val)=701.236239
[GA][Iter1] Gen:2 Ind:5 RMSE(val)=701.472207
[GA][Iter1] Gen:2 Ind:6 RMSE(val)=703.121793
[GA][Iter1] Gen:2 Ind:7 RMSE(val)=703.200346
[GA][Iter1] Gen:2 Ind:8 RMSE(val)=704.371361
[GA][Iter1] Gen:2 Ind:9 RMSE(val)=705.607404
[GA][Iter1] Gen:2 Ind:10 RMSE(val)=706.026468
[GA][Iter1] Gen:2 Ind:11 RMSE(val)=707.370053
[GA][Iter1] Gen:2 Ind:12 RMSE(val)=703.901071
[GA][Iter1] Gen:2 Ind:13 RMSE(val)=698.708414
[GA][Iter1] Gen:2 Ind:14 RMSE(val)=712.406327
[GA][Iter1] Gen:2 Ind:15 RMSE(val)=698.122601
[GA][Iter1] Gen:2 Ind:16 RMSE(val)=703.663462
[GA][Iter1] Gen:2 Ind:17 RMSE(val)=702.789808
[GA][Iter1] Gen:2 Ind:18 RMSE(val)=711.459863
[GA][Iter1] Gen:2 Ind:19 RMSE(val)=695.599019
[GA][Iter1] Gen:2 Ind:20 RMSE(val)=710.606961
[GA][Iter1] gen=2 best_val_rmse=695.599019
[GA][Iter1] Gen:3 Ind:1 RMSE(val)=695.599019
[GA][Iter1] Gen:3 Ind:2 RMSE(val)=697.799557
[GA][Iter1] Gen:3 Ind:3 RMSE(val)=698.122601
[GA][Iter1] Gen:3 Ind:4 RMSE(val)=698.239895
[GA][Iter1] Gen:3 Ind:5 RMSE(val)=698.708414
[GA][Iter1] Gen:3 Ind:6 RMSE(val)=699.105725
[GA][Iter1] Gen:3 Ind:7 RMSE(val)=701.236239
[GA][Iter1] Gen:3 Ind:8 RMSE(val)=701.472207
[GA][Iter1] Gen:3 Ind:9 RMSE(val)=702.789808
[GA][Iter1] Gen:3 Ind:10 RMSE(val)=703.121793
[GA][Iter1] Gen:3 Ind:11 RMSE(val)=695.596869
[GA][Iter1] Gen:3 Ind:12 RMSE(val)=712.567259
[GA][Iter1] Gen:3 Ind:13 RMSE(val)=699.854194
[GA][Iter1] Gen:3 Ind:14 RMSE(val)=696.578275
[GA][Iter1] Gen:3 Ind:15 RMSE(val)=709.696672
[GA][Iter1] Gen:3 Ind:16 RMSE(val)=691.361120
[GA][Iter1] Gen:3 Ind:17 RMSE(val)=699.561912
[GA][Iter1] Gen:3 Ind:18 RMSE(val)=704.410576
[GA][Iter1] Gen:3 Ind:19 RMSE(val)=694.444603
[GA][Iter1] Gen:3 Ind:20 RMSE(val)=706.095997
[GA][Iter1] gen=3 best_val_rmse=691.361120
[GA][Iter1] Gen:4 Ind:1 RMSE(val)=691.361120
[GA][Iter1] Gen:4 Ind:2 RMSE(val)=694.444603
[GA][Iter1] Gen:4 Ind:3 RMSE(val)=695.596869
[GA][Iter1] Gen:4 Ind:4 RMSE(val)=695.599019
[GA][Iter1] Gen:4 Ind:5 RMSE(val)=696.578275
[GA][Iter1] Gen:4 Ind:6 RMSE(val)=697.799557
[GA][Iter1] Gen:4 Ind:7 RMSE(val)=698.122601
[GA][Iter1] Gen:4 Ind:8 RMSE(val)=698.239895
[GA][Iter1] Gen:4 Ind:9 RMSE(val)=698.708414
[GA][Iter1] Gen:4 Ind:10 RMSE(val)=699.105725
[GA][Iter1] Gen:4 Ind:11 RMSE(val)=696.644817
[GA][Iter1] Gen:4 Ind:12 RMSE(val)=692.858835
[GA][Iter1] Gen:4 Ind:13 RMSE(val)=708.275896
[GA][Iter1] Gen:4 Ind:14 RMSE(val)=696.681042
[GA][Iter1] Gen:4 Ind:15 RMSE(val)=705.422683
[GA][Iter1] Gen:4 Ind:16 RMSE(val)=693.837443
[GA][Iter1] Gen:4 Ind:17 RMSE(val)=694.158260
[GA][Iter1] Gen:4 Ind:18 RMSE(val)=696.847528
[GA][Iter1] Gen:4 Ind:19 RMSE(val)=693.261436
[GA][Iter1] Gen:4 Ind:20 RMSE(val)=692.699291
[GA][Iter1] gen=4 best_val_rmse=691.361120
[GA][Iter1] Gen:5 Ind:1 RMSE(val)=691.361120
[GA][Iter1] Gen:5 Ind:2 RMSE(val)=692.699291
[GA][Iter1] Gen:5 Ind:3 RMSE(val)=692.858835
[GA][Iter1] Gen:5 Ind:4 RMSE(val)=693.261436
[GA][Iter1] Gen:5 Ind:5 RMSE(val)=693.837443
[GA][Iter1] Gen:5 Ind:6 RMSE(val)=694.158260
[GA][Iter1] Gen:5 Ind:7 RMSE(val)=694.444603
[GA][Iter1] Gen:5 Ind:8 RMSE(val)=695.596869
[GA][Iter1] Gen:5 Ind:9 RMSE(val)=695.599019
[GA][Iter1] Gen:5 Ind:10 RMSE(val)=696.578275
[GA][Iter1] Gen:5 Ind:11 RMSE(val)=702.314319
[GA][Iter1] Gen:5 Ind:12 RMSE(val)=692.100787
[GA][Iter1] Gen:5 Ind:13 RMSE(val)=695.866993
[GA][Iter1] Gen:5 Ind:14 RMSE(val)=692.816668
[GA][Iter1] Gen:5 Ind:15 RMSE(val)=692.816668
[GA][Iter1] Gen:5 Ind:16 RMSE(val)=697.587862
[GA][Iter1] Gen:5 Ind:17 RMSE(val)=698.841538
[GA][Iter1] Gen:5 Ind:18 RMSE(val)=694.188779
[GA][Iter1] Gen:5 Ind:19 RMSE(val)=695.596869
[GA][Iter1] Gen:5 Ind:20 RMSE(val)=695.201950
[GA][Iter1] gen=5 best_val_rmse=691.361120
[GA][Iter1] Gen:6 Ind:1 RMSE(val)=691.361120
[GA][Iter1] Gen:6 Ind:2 RMSE(val)=692.100787
[GA][Iter1] Gen:6 Ind:3 RMSE(val)=692.699291
[GA][Iter1] Gen:6 Ind:4 RMSE(val)=692.816668
[GA][Iter1] Gen:6 Ind:5 RMSE(val)=692.816668
[GA][Iter1] Gen:6 Ind:6 RMSE(val)=692.858835
[GA][Iter1] Gen:6 Ind:7 RMSE(val)=693.261436
[GA][Iter1] Gen:6 Ind:8 RMSE(val)=693.837443
[GA][Iter1] Gen:6 Ind:9 RMSE(val)=694.158260
[GA][Iter1] Gen:6 Ind:10 RMSE(val)=694.188779
[GA][Iter1] Gen:6 Ind:11 RMSE(val)=694.445693
[GA][Iter1] Gen:6 Ind:12 RMSE(val)=702.832575
[GA][Iter1] Gen:6 Ind:13 RMSE(val)=694.813208
[GA][Iter1] Gen:6 Ind:14 RMSE(val)=698.164078
[GA][Iter1] Gen:6 Ind:15 RMSE(val)=691.361120
[GA][Iter1] Gen:6 Ind:16 RMSE(val)=700.151249
[GA][Iter1] Gen:6 Ind:17 RMSE(val)=693.261436
[GA][Iter1] Gen:6 Ind:18 RMSE(val)=690.654269
[GA][Iter1] Gen:6 Ind:19 RMSE(val)=696.638569
[GA][Iter1] Gen:6 Ind:20 RMSE(val)=691.361120
[GA][Iter1] gen=6 best_val_rmse=690.654269
[GA][Iter1] Gen:7 Ind:1 RMSE(val)=690.654269
[GA][Iter1] Gen:7 Ind:2 RMSE(val)=691.361120
[GA][Iter1] Gen:7 Ind:3 RMSE(val)=691.361120
[GA][Iter1] Gen:7 Ind:4 RMSE(val)=691.361120
[GA][Iter1] Gen:7 Ind:5 RMSE(val)=692.100787
[GA][Iter1] Gen:7 Ind:6 RMSE(val)=692.699291
[GA][Iter1] Gen:7 Ind:7 RMSE(val)=692.816668
[GA][Iter1] Gen:7 Ind:8 RMSE(val)=692.816668
[GA][Iter1] Gen:7 Ind:9 RMSE(val)=692.858835
[GA][Iter1] Gen:7 Ind:10 RMSE(val)=693.261436
[GA][Iter1] Gen:7 Ind:11 RMSE(val)=697.591900
[GA][Iter1] Gen:7 Ind:12 RMSE(val)=692.100787
[GA][Iter1] Gen:7 Ind:13 RMSE(val)=700.241911
[GA][Iter1] Gen:7 Ind:14 RMSE(val)=702.125028
[GA][Iter1] Gen:7 Ind:15 RMSE(val)=692.858835
[GA][Iter1] Gen:7 Ind:16 RMSE(val)=701.553545
[GA][Iter1] Gen:7 Ind:17 RMSE(val)=691.361120
[GA][Iter1] Gen:7 Ind:18 RMSE(val)=694.129325
[GA][Iter1] Gen:7 Ind:19 RMSE(val)=698.525003
[GA][Iter1] Gen:7 Ind:20 RMSE(val)=700.462426
[GA][Iter1] gen=7 best_val_rmse=690.654269
[GA][Iter1] Gen:8 Ind:1 RMSE(val)=690.654269
[GA][Iter1] Gen:8 Ind:2 RMSE(val)=691.361120
[GA][Iter1] Gen:8 Ind:3 RMSE(val)=691.361120
[GA][Iter1] Gen:8 Ind:4 RMSE(val)=691.361120
[GA][Iter1] Gen:8 Ind:5 RMSE(val)=691.361120
[GA][Iter1] Gen:8 Ind:6 RMSE(val)=692.100787
[GA][Iter1] Gen:8 Ind:7 RMSE(val)=692.100787
[GA][Iter1] Gen:8 Ind:8 RMSE(val)=692.699291
[GA][Iter1] Gen:8 Ind:9 RMSE(val)=692.816668
[GA][Iter1] Gen:8 Ind:10 RMSE(val)=692.816668
[GA][Iter1] Gen:8 Ind:11 RMSE(val)=691.361120
[GA][Iter1] Gen:8 Ind:12 RMSE(val)=691.961399
[GA][Iter1] Gen:8 Ind:13 RMSE(val)=691.352102
[GA][Iter1] Gen:8 Ind:14 RMSE(val)=698.157647
[GA][Iter1] Gen:8 Ind:15 RMSE(val)=696.826047
[GA][Iter1] Gen:8 Ind:16 RMSE(val)=691.361120
[GA][Iter1] Gen:8 Ind:17 RMSE(val)=691.361120
[GA][Iter1] Gen:8 Ind:18 RMSE(val)=690.227882
[GA][Iter1] Gen:8 Ind:19 RMSE(val)=690.654269
[GA][Iter1] Gen:8 Ind:20 RMSE(val)=698.882933
[GA][Iter1] gen=8 best_val_rmse=690.227882
[GA][Iter1] Gen:9 Ind:1 RMSE(val)=690.227882
[GA][Iter1] Gen:9 Ind:2 RMSE(val)=690.654269
[GA][Iter1] Gen:9 Ind:3 RMSE(val)=690.654269
[GA][Iter1] Gen:9 Ind:4 RMSE(val)=691.352102
[GA][Iter1] Gen:9 Ind:5 RMSE(val)=691.361120
[GA][Iter1] Gen:9 Ind:6 RMSE(val)=691.361120
[GA][Iter1] Gen:9 Ind:7 RMSE(val)=691.361120
[GA][Iter1] Gen:9 Ind:8 RMSE(val)=691.361120
[GA][Iter1] Gen:9 Ind:9 RMSE(val)=691.361120
[GA][Iter1] Gen:9 Ind:10 RMSE(val)=691.361120
[GA][Iter1] Gen:9 Ind:11 RMSE(val)=692.546645
[GA][Iter1] Gen:9 Ind:12 RMSE(val)=691.361120
[GA][Iter1] Gen:9 Ind:13 RMSE(val)=691.361120
[GA][Iter1] Gen:9 Ind:14 RMSE(val)=691.638205
[GA][Iter1] Gen:9 Ind:15 RMSE(val)=693.787023
[GA][Iter1] Gen:9 Ind:16 RMSE(val)=690.654269
[GA][Iter1] Gen:9 Ind:17 RMSE(val)=691.352102
[GA][Iter1] Gen:9 Ind:18 RMSE(val)=691.352102
[GA][Iter1] Gen:9 Ind:19 RMSE(val)=691.361120
[GA][Iter1] Gen:9 Ind:20 RMSE(val)=691.333286
[GA][Iter1] gen=9 best_val_rmse=690.227882
[GA][Iter1] Gen:10 Ind:1 RMSE(val)=690.227882
[GA][Iter1] Gen:10 Ind:2 RMSE(val)=690.654269
[GA][Iter1] Gen:10 Ind:3 RMSE(val)=690.654269
[GA][Iter1] Gen:10 Ind:4 RMSE(val)=690.654269
[GA][Iter1] Gen:10 Ind:5 RMSE(val)=691.333286
[GA][Iter1] Gen:10 Ind:6 RMSE(val)=691.352102
[GA][Iter1] Gen:10 Ind:7 RMSE(val)=691.352102
[GA][Iter1] Gen:10 Ind:8 RMSE(val)=691.352102
[GA][Iter1] Gen:10 Ind:9 RMSE(val)=691.361120
[GA][Iter1] Gen:10 Ind:10 RMSE(val)=691.361120
[GA][Iter1] Gen:10 Ind:11 RMSE(val)=690.457035
[GA][Iter1] Gen:10 Ind:12 RMSE(val)=692.785935
[GA][Iter1] Gen:10 Ind:13 RMSE(val)=693.282326
[GA][Iter1] Gen:10 Ind:14 RMSE(val)=690.654269
[GA][Iter1] Gen:10 Ind:15 RMSE(val)=691.333286
[GA][Iter1] Gen:10 Ind:16 RMSE(val)=690.654269
[GA][Iter1] Gen:10 Ind:17 RMSE(val)=691.352102
[GA][Iter1] Gen:10 Ind:18 RMSE(val)=690.873471
[GA][Iter1] Gen:10 Ind:19 RMSE(val)=691.352102
[GA][Iter1] Gen:10 Ind:20 RMSE(val)=691.361120
[GA][Iter1] gen=10 best_val_rmse=690.227882
[GA][Iter1] Gen:11 Ind:1 RMSE(val)=690.227882
[GA][Iter1] Gen:11 Ind:2 RMSE(val)=690.457035
[GA][Iter1] Gen:11 Ind:3 RMSE(val)=690.654269
[GA][Iter1] Gen:11 Ind:4 RMSE(val)=690.654269
[GA][Iter1] Gen:11 Ind:5 RMSE(val)=690.654269
[GA][Iter1] Gen:11 Ind:6 RMSE(val)=690.654269
[GA][Iter1] Gen:11 Ind:7 RMSE(val)=690.654269
[GA][Iter1] Gen:11 Ind:8 RMSE(val)=690.873471
[GA][Iter1] Gen:11 Ind:9 RMSE(val)=691.333286
[GA][Iter1] Gen:11 Ind:10 RMSE(val)=691.333286
[GA][Iter1] Gen:11 Ind:11 RMSE(val)=691.361120
[GA][Iter1] Gen:11 Ind:12 RMSE(val)=688.955686
[GA][Iter1] Gen:11 Ind:13 RMSE(val)=690.654269
[GA][Iter1] Gen:11 Ind:14 RMSE(val)=690.654269
[GA][Iter1] Gen:11 Ind:15 RMSE(val)=691.333286
[GA][Iter1] Gen:11 Ind:16 RMSE(val)=691.361120
[GA][Iter1] Gen:11 Ind:17 RMSE(val)=690.654269
[GA][Iter1] Gen:11 Ind:18 RMSE(val)=691.302351
[GA][Iter1] Gen:11 Ind:19 RMSE(val)=691.285645
[GA][Iter1] Gen:11 Ind:20 RMSE(val)=692.050964
[GA][Iter1] gen=11 best_val_rmse=688.955686
[GA][Iter1] Gen:12 Ind:1 RMSE(val)=688.955686
[GA][Iter1] Gen:12 Ind:2 RMSE(val)=690.227882
[GA][Iter1] Gen:12 Ind:3 RMSE(val)=690.457035
[GA][Iter1] Gen:12 Ind:4 RMSE(val)=690.654269
[GA][Iter1] Gen:12 Ind:5 RMSE(val)=690.654269
[GA][Iter1] Gen:12 Ind:6 RMSE(val)=690.654269
[GA][Iter1] Gen:12 Ind:7 RMSE(val)=690.654269
[GA][Iter1] Gen:12 Ind:8 RMSE(val)=690.654269
[GA][Iter1] Gen:12 Ind:9 RMSE(val)=690.654269
[GA][Iter1] Gen:12 Ind:10 RMSE(val)=690.654269
[GA][Iter1] Gen:12 Ind:11 RMSE(val)=691.598543
[GA][Iter1] Gen:12 Ind:12 RMSE(val)=691.030463
[GA][Iter1] Gen:12 Ind:13 RMSE(val)=688.909188
[GA][Iter1] Gen:12 Ind:14 RMSE(val)=691.361120
[GA][Iter1] Gen:12 Ind:15 RMSE(val)=687.636388
[GA][Iter1] Gen:12 Ind:16 RMSE(val)=690.654269
[GA][Iter1] Gen:12 Ind:17 RMSE(val)=691.361120
[GA][Iter1] Gen:12 Ind:18 RMSE(val)=690.654269
[GA][Iter1] Gen:12 Ind:19 RMSE(val)=690.457035
[GA][Iter1] Gen:12 Ind:20 RMSE(val)=690.654269
[GA][Iter1] gen=12 best_val_rmse=687.636388
[GA][Iter1] Gen:13 Ind:1 RMSE(val)=687.636388
[GA][Iter1] Gen:13 Ind:2 RMSE(val)=688.909188
[GA][Iter1] Gen:13 Ind:3 RMSE(val)=688.955686
[GA][Iter1] Gen:13 Ind:4 RMSE(val)=690.227882
[GA][Iter1] Gen:13 Ind:5 RMSE(val)=690.457035
[GA][Iter1] Gen:13 Ind:6 RMSE(val)=690.457035
[GA][Iter1] Gen:13 Ind:7 RMSE(val)=690.654269
[GA][Iter1] Gen:13 Ind:8 RMSE(val)=690.654269
[GA][Iter1] Gen:13 Ind:9 RMSE(val)=690.654269
[GA][Iter1] Gen:13 Ind:10 RMSE(val)=690.654269
[GA][Iter1] Gen:13 Ind:11 RMSE(val)=690.654269
[GA][Iter1] Gen:13 Ind:12 RMSE(val)=690.185284
[GA][Iter1] Gen:13 Ind:13 RMSE(val)=691.361120
[GA][Iter1] Gen:13 Ind:14 RMSE(val)=688.909188
[GA][Iter1] Gen:13 Ind:15 RMSE(val)=691.361120
[GA][Iter1] Gen:13 Ind:16 RMSE(val)=692.176140
[GA][Iter1] Gen:13 Ind:17 RMSE(val)=688.909188
[GA][Iter1] Gen:13 Ind:18 RMSE(val)=685.999403
[GA][Iter1] Gen:13 Ind:19 RMSE(val)=690.227882
[GA][Iter1] Gen:13 Ind:20 RMSE(val)=690.457035
[GA][Iter1] gen=13 best_val_rmse=685.999403
[GA][Iter1] Gen:14 Ind:1 RMSE(val)=685.999403
[GA][Iter1] Gen:14 Ind:2 RMSE(val)=687.636388
[GA][Iter1] Gen:14 Ind:3 RMSE(val)=688.909188
[GA][Iter1] Gen:14 Ind:4 RMSE(val)=688.909188
[GA][Iter1] Gen:14 Ind:5 RMSE(val)=688.909188
[GA][Iter1] Gen:14 Ind:6 RMSE(val)=688.955686
[GA][Iter1] Gen:14 Ind:7 RMSE(val)=690.185284
[GA][Iter1] Gen:14 Ind:8 RMSE(val)=690.227882
[GA][Iter1] Gen:14 Ind:9 RMSE(val)=690.227882
[GA][Iter1] Gen:14 Ind:10 RMSE(val)=690.457035
[GA][Iter1] Gen:14 Ind:11 RMSE(val)=690.193126
[GA][Iter1] Gen:14 Ind:12 RMSE(val)=691.361120
[GA][Iter1] Gen:14 Ind:13 RMSE(val)=689.714607
[GA][Iter1] Gen:14 Ind:14 RMSE(val)=690.457035
[GA][Iter1] Gen:14 Ind:15 RMSE(val)=688.633476
[GA][Iter1] Gen:14 Ind:16 RMSE(val)=690.654269
[GA][Iter1] Gen:14 Ind:17 RMSE(val)=692.421417
[GA][Iter1] Gen:14 Ind:18 RMSE(val)=690.654269
[GA][Iter1] Gen:14 Ind:19 RMSE(val)=686.810791
[GA][Iter1] Gen:14 Ind:20 RMSE(val)=688.955686
[GA][Iter1] gen=14 best_val_rmse=685.999403
[GA][Iter1] Gen:15 Ind:1 RMSE(val)=685.999403
[GA][Iter1] Gen:15 Ind:2 RMSE(val)=686.810791
[GA][Iter1] Gen:15 Ind:3 RMSE(val)=687.636388
[GA][Iter1] Gen:15 Ind:4 RMSE(val)=688.633476
[GA][Iter1] Gen:15 Ind:5 RMSE(val)=688.909188
[GA][Iter1] Gen:15 Ind:6 RMSE(val)=688.909188
[GA][Iter1] Gen:15 Ind:7 RMSE(val)=688.909188
[GA][Iter1] Gen:15 Ind:8 RMSE(val)=688.955686
[GA][Iter1] Gen:15 Ind:9 RMSE(val)=688.955686
[GA][Iter1] Gen:15 Ind:10 RMSE(val)=689.714607
[GA][Iter1] Gen:15 Ind:11 RMSE(val)=690.654269
[GA][Iter1] Gen:15 Ind:12 RMSE(val)=688.909188
[GA][Iter1] Gen:15 Ind:13 RMSE(val)=690.653943
[GA][Iter1] Gen:15 Ind:14 RMSE(val)=688.633476
[GA][Iter1] Gen:15 Ind:15 RMSE(val)=689.815778
[GA][Iter1] Gen:15 Ind:16 RMSE(val)=687.591603
[GA][Iter1] Gen:15 Ind:17 RMSE(val)=688.909188
[GA][Iter1] Gen:15 Ind:18 RMSE(val)=687.636388
[GA][Iter1] Gen:15 Ind:19 RMSE(val)=688.909188
[GA][Iter1] Gen:15 Ind:20 RMSE(val)=688.909188
[GA][Iter1] gen=15 best_val_rmse=685.999403
[GA][Iter1] Gen:15 Ind:1 RMSE(val)=685.999403
[GA][Iter1] Gen:15 Ind:2 RMSE(val)=686.810791
[GA][Iter1] Gen:15 Ind:3 RMSE(val)=687.591603
[GA][Iter1] Gen:15 Ind:4 RMSE(val)=687.636388
[GA][Iter1] Gen:15 Ind:5 RMSE(val)=687.636388
[GA][Iter1] Gen:15 Ind:6 RMSE(val)=688.633476
[GA][Iter1] Gen:15 Ind:7 RMSE(val)=688.633476
[GA][Iter1] Gen:15 Ind:8 RMSE(val)=688.909188
[GA][Iter1] Gen:15 Ind:9 RMSE(val)=688.909188
[GA][Iter1] Gen:15 Ind:10 RMSE(val)=688.909188
[GA][Iter1] Gen:15 Ind:11 RMSE(val)=687.636388
[GA][Iter1] Gen:15 Ind:12 RMSE(val)=688.909188
[GA][Iter1] Gen:15 Ind:13 RMSE(val)=688.909188
[GA][Iter1] Gen:15 Ind:14 RMSE(val)=688.909188
[GA][Iter1] Gen:15 Ind:15 RMSE(val)=687.636388
[GA][Iter1] Gen:15 Ind:16 RMSE(val)=688.633476
[GA][Iter1] Gen:15 Ind:17 RMSE(val)=692.341615
[GA][Iter1] Gen:15 Ind:18 RMSE(val)=687.636388
[GA][Iter1] Gen:15 Ind:19 RMSE(val)=690.654269
[GA][Iter1] Gen:15 Ind:20 RMSE(val)=688.633476

[GA DONE][Iter1] Best params on val fold of Iter1
Best val RMSE: 685.999403
Best params: {'n_estimators': 824, 'learning_rate': 0.012516610460068746, 'num_leaves': 19, 'max_depth': -1, 'min_child_samples': 98, 'subsample': 0.6761639657447511, 'colsample_bytree': 0.6387723256915293, 'reg_lambda': 0.1554824345543146, 'reg_alpha': 0.6258024033894932}
--------------------------------------------------------------------------------
[RETUNE GA] Iter1: train folds 1..5 -> test fold 6  RMSE=869.614043  NRMSE=0.712095  CVRMSE=0.435097  R2=0.490697
[GA][Iter2] Gen:1 Ind:1 RMSE(val)=875.509422
[GA][Iter2] Gen:1 Ind:2 RMSE(val)=858.314276
[GA][Iter2] Gen:1 Ind:3 RMSE(val)=892.513399
[GA][Iter2] Gen:1 Ind:4 RMSE(val)=878.721410
[GA][Iter2] Gen:1 Ind:5 RMSE(val)=926.868414
[GA][Iter2] Gen:1 Ind:6 RMSE(val)=879.905217
[GA][Iter2] Gen:1 Ind:7 RMSE(val)=854.466561
[GA][Iter2] Gen:1 Ind:8 RMSE(val)=896.560506
[GA][Iter2] Gen:1 Ind:9 RMSE(val)=942.033842
[GA][Iter2] Gen:1 Ind:10 RMSE(val)=877.381023
[GA][Iter2] Gen:1 Ind:11 RMSE(val)=895.610375
[GA][Iter2] Gen:1 Ind:12 RMSE(val)=906.496871
[GA][Iter2] Gen:1 Ind:13 RMSE(val)=878.663770
[GA][Iter2] Gen:1 Ind:14 RMSE(val)=903.299966
[GA][Iter2] Gen:1 Ind:15 RMSE(val)=869.885901
[GA][Iter2] Gen:1 Ind:16 RMSE(val)=870.607962
[GA][Iter2] Gen:1 Ind:17 RMSE(val)=860.946905
[GA][Iter2] Gen:1 Ind:18 RMSE(val)=871.109072
[GA][Iter2] Gen:1 Ind:19 RMSE(val)=883.472022
[GA][Iter2] Gen:1 Ind:20 RMSE(val)=890.653920
[GA][Iter2] gen=1 best_val_rmse=854.466561
[GA][Iter2] Gen:2 Ind:1 RMSE(val)=854.466561
[GA][Iter2] Gen:2 Ind:2 RMSE(val)=858.314276
[GA][Iter2] Gen:2 Ind:3 RMSE(val)=860.946905
[GA][Iter2] Gen:2 Ind:4 RMSE(val)=869.885901
[GA][Iter2] Gen:2 Ind:5 RMSE(val)=870.607962
[GA][Iter2] Gen:2 Ind:6 RMSE(val)=871.109072
[GA][Iter2] Gen:2 Ind:7 RMSE(val)=875.509422
[GA][Iter2] Gen:2 Ind:8 RMSE(val)=877.381023
[GA][Iter2] Gen:2 Ind:9 RMSE(val)=878.663770
[GA][Iter2] Gen:2 Ind:10 RMSE(val)=878.721410
[GA][Iter2] Gen:2 Ind:11 RMSE(val)=870.857448
[GA][Iter2] Gen:2 Ind:12 RMSE(val)=876.059515
[GA][Iter2] Gen:2 Ind:13 RMSE(val)=890.382138
[GA][Iter2] Gen:2 Ind:14 RMSE(val)=863.767201
[GA][Iter2] Gen:2 Ind:15 RMSE(val)=905.193026
[GA][Iter2] Gen:2 Ind:16 RMSE(val)=877.976686
[GA][Iter2] Gen:2 Ind:17 RMSE(val)=855.312191
[GA][Iter2] Gen:2 Ind:18 RMSE(val)=888.934306
[GA][Iter2] Gen:2 Ind:19 RMSE(val)=871.886697
[GA][Iter2] Gen:2 Ind:20 RMSE(val)=870.136827
[GA][Iter2] gen=2 best_val_rmse=854.466561
[GA][Iter2] Gen:3 Ind:1 RMSE(val)=854.466561
[GA][Iter2] Gen:3 Ind:2 RMSE(val)=855.312191
[GA][Iter2] Gen:3 Ind:3 RMSE(val)=858.314276
[GA][Iter2] Gen:3 Ind:4 RMSE(val)=860.946905
[GA][Iter2] Gen:3 Ind:5 RMSE(val)=863.767201
[GA][Iter2] Gen:3 Ind:6 RMSE(val)=869.885901
[GA][Iter2] Gen:3 Ind:7 RMSE(val)=870.136827
[GA][Iter2] Gen:3 Ind:8 RMSE(val)=870.607962
[GA][Iter2] Gen:3 Ind:9 RMSE(val)=870.857448
[GA][Iter2] Gen:3 Ind:10 RMSE(val)=871.109072
[GA][Iter2] Gen:3 Ind:11 RMSE(val)=877.056466
[GA][Iter2] Gen:3 Ind:12 RMSE(val)=871.408062
[GA][Iter2] Gen:3 Ind:13 RMSE(val)=859.168596
[GA][Iter2] Gen:3 Ind:14 RMSE(val)=858.770508
[GA][Iter2] Gen:3 Ind:15 RMSE(val)=894.103194
[GA][Iter2] Gen:3 Ind:16 RMSE(val)=867.700753
[GA][Iter2] Gen:3 Ind:17 RMSE(val)=864.698277
[GA][Iter2] Gen:3 Ind:18 RMSE(val)=865.112838
[GA][Iter2] Gen:3 Ind:19 RMSE(val)=886.183755
[GA][Iter2] Gen:3 Ind:20 RMSE(val)=859.168596
[GA][Iter2] gen=3 best_val_rmse=854.466561
[GA][Iter2] Gen:4 Ind:1 RMSE(val)=854.466561
[GA][Iter2] Gen:4 Ind:2 RMSE(val)=855.312191
[GA][Iter2] Gen:4 Ind:3 RMSE(val)=858.314276
[GA][Iter2] Gen:4 Ind:4 RMSE(val)=858.770508
[GA][Iter2] Gen:4 Ind:5 RMSE(val)=859.168596
[GA][Iter2] Gen:4 Ind:6 RMSE(val)=859.168596
[GA][Iter2] Gen:4 Ind:7 RMSE(val)=860.946905
[GA][Iter2] Gen:4 Ind:8 RMSE(val)=863.767201
[GA][Iter2] Gen:4 Ind:9 RMSE(val)=864.698277
[GA][Iter2] Gen:4 Ind:10 RMSE(val)=865.112838
[GA][Iter2] Gen:4 Ind:11 RMSE(val)=867.700753
[GA][Iter2] Gen:4 Ind:12 RMSE(val)=861.680425
[GA][Iter2] Gen:4 Ind:13 RMSE(val)=862.377017
[GA][Iter2] Gen:4 Ind:14 RMSE(val)=859.770186
[GA][Iter2] Gen:4 Ind:15 RMSE(val)=876.614572
[GA][Iter2] Gen:4 Ind:16 RMSE(val)=863.506502
[GA][Iter2] Gen:4 Ind:17 RMSE(val)=861.145611
[GA][Iter2] Gen:4 Ind:18 RMSE(val)=858.438250
[GA][Iter2] Gen:4 Ind:19 RMSE(val)=864.698807
[GA][Iter2] Gen:4 Ind:20 RMSE(val)=866.810860
[GA][Iter2] gen=4 best_val_rmse=854.466561
[GA][Iter2] Gen:5 Ind:1 RMSE(val)=854.466561
[GA][Iter2] Gen:5 Ind:2 RMSE(val)=855.312191
[GA][Iter2] Gen:5 Ind:3 RMSE(val)=858.314276
[GA][Iter2] Gen:5 Ind:4 RMSE(val)=858.438250
[GA][Iter2] Gen:5 Ind:5 RMSE(val)=858.770508
[GA][Iter2] Gen:5 Ind:6 RMSE(val)=859.168596
[GA][Iter2] Gen:5 Ind:7 RMSE(val)=859.168596
[GA][Iter2] Gen:5 Ind:8 RMSE(val)=859.770186
[GA][Iter2] Gen:5 Ind:9 RMSE(val)=860.946905
[GA][Iter2] Gen:5 Ind:10 RMSE(val)=861.145611
[GA][Iter2] Gen:5 Ind:11 RMSE(val)=859.605106
[GA][Iter2] Gen:5 Ind:12 RMSE(val)=857.579738
[GA][Iter2] Gen:5 Ind:13 RMSE(val)=888.246595
[GA][Iter2] Gen:5 Ind:14 RMSE(val)=852.357382
[GA][Iter2] Gen:5 Ind:15 RMSE(val)=859.384186
[GA][Iter2] Gen:5 Ind:16 RMSE(val)=858.115378
[GA][Iter2] Gen:5 Ind:17 RMSE(val)=861.394051
[GA][Iter2] Gen:5 Ind:18 RMSE(val)=858.906879
[GA][Iter2] Gen:5 Ind:19 RMSE(val)=859.807131
[GA][Iter2] Gen:5 Ind:20 RMSE(val)=864.698807
[GA][Iter2] gen=5 best_val_rmse=852.357382
[GA][Iter2] Gen:6 Ind:1 RMSE(val)=852.357382
[GA][Iter2] Gen:6 Ind:2 RMSE(val)=854.466561
[GA][Iter2] Gen:6 Ind:3 RMSE(val)=855.312191
[GA][Iter2] Gen:6 Ind:4 RMSE(val)=857.579738
[GA][Iter2] Gen:6 Ind:5 RMSE(val)=858.115378
[GA][Iter2] Gen:6 Ind:6 RMSE(val)=858.314276
[GA][Iter2] Gen:6 Ind:7 RMSE(val)=858.438250
[GA][Iter2] Gen:6 Ind:8 RMSE(val)=858.770508
[GA][Iter2] Gen:6 Ind:9 RMSE(val)=858.906879
[GA][Iter2] Gen:6 Ind:10 RMSE(val)=859.168596
[GA][Iter2] Gen:6 Ind:11 RMSE(val)=857.258051
[GA][Iter2] Gen:6 Ind:12 RMSE(val)=858.115378
[GA][Iter2] Gen:6 Ind:13 RMSE(val)=854.466561
[GA][Iter2] Gen:6 Ind:14 RMSE(val)=859.298544
[GA][Iter2] Gen:6 Ind:15 RMSE(val)=861.513639
[GA][Iter2] Gen:6 Ind:16 RMSE(val)=858.903965
[GA][Iter2] Gen:6 Ind:17 RMSE(val)=858.415860
[GA][Iter2] Gen:6 Ind:18 RMSE(val)=858.438250
[GA][Iter2] Gen:6 Ind:19 RMSE(val)=855.761810
[GA][Iter2] Gen:6 Ind:20 RMSE(val)=857.256609
[GA][Iter2] gen=6 best_val_rmse=852.357382
[GA][Iter2] Gen:7 Ind:1 RMSE(val)=852.357382
[GA][Iter2] Gen:7 Ind:2 RMSE(val)=854.466561
[GA][Iter2] Gen:7 Ind:3 RMSE(val)=854.466561
[GA][Iter2] Gen:7 Ind:4 RMSE(val)=855.312191
[GA][Iter2] Gen:7 Ind:5 RMSE(val)=855.761810
[GA][Iter2] Gen:7 Ind:6 RMSE(val)=857.256609
[GA][Iter2] Gen:7 Ind:7 RMSE(val)=857.258051
[GA][Iter2] Gen:7 Ind:8 RMSE(val)=857.579738
[GA][Iter2] Gen:7 Ind:9 RMSE(val)=858.115378
[GA][Iter2] Gen:7 Ind:10 RMSE(val)=858.115378
[GA][Iter2] Gen:7 Ind:11 RMSE(val)=858.115378
[GA][Iter2] Gen:7 Ind:12 RMSE(val)=855.761810
[GA][Iter2] Gen:7 Ind:13 RMSE(val)=857.904701
[GA][Iter2] Gen:7 Ind:14 RMSE(val)=857.714534
[GA][Iter2] Gen:7 Ind:15 RMSE(val)=858.189953
[GA][Iter2] Gen:7 Ind:16 RMSE(val)=854.466561
[GA][Iter2] Gen:7 Ind:17 RMSE(val)=855.312191
[GA][Iter2] Gen:7 Ind:18 RMSE(val)=860.310273
[GA][Iter2] Gen:7 Ind:19 RMSE(val)=856.612643
[GA][Iter2] Gen:7 Ind:20 RMSE(val)=855.761810
[GA][Iter2] gen=7 best_val_rmse=852.357382
[GA][Iter2] Gen:8 Ind:1 RMSE(val)=852.357382
[GA][Iter2] Gen:8 Ind:2 RMSE(val)=854.466561
[GA][Iter2] Gen:8 Ind:3 RMSE(val)=854.466561
[GA][Iter2] Gen:8 Ind:4 RMSE(val)=854.466561
[GA][Iter2] Gen:8 Ind:5 RMSE(val)=855.312191
[GA][Iter2] Gen:8 Ind:6 RMSE(val)=855.312191
[GA][Iter2] Gen:8 Ind:7 RMSE(val)=855.761810
[GA][Iter2] Gen:8 Ind:8 RMSE(val)=855.761810
[GA][Iter2] Gen:8 Ind:9 RMSE(val)=855.761810
[GA][Iter2] Gen:8 Ind:10 RMSE(val)=856.612643
[GA][Iter2] Gen:8 Ind:11 RMSE(val)=855.312191
[GA][Iter2] Gen:8 Ind:12 RMSE(val)=858.906415
[GA][Iter2] Gen:8 Ind:13 RMSE(val)=855.547851
[GA][Iter2] Gen:8 Ind:14 RMSE(val)=856.415813
[GA][Iter2] Gen:8 Ind:15 RMSE(val)=855.761810
[GA][Iter2] Gen:8 Ind:16 RMSE(val)=854.466561
[GA][Iter2] Gen:8 Ind:17 RMSE(val)=854.466561
[GA][Iter2] Gen:8 Ind:18 RMSE(val)=856.324799
[GA][Iter2] Gen:8 Ind:19 RMSE(val)=855.547851
[GA][Iter2] Gen:8 Ind:20 RMSE(val)=853.841093
[GA][Iter2] gen=8 best_val_rmse=852.357382
[GA][Iter2] Gen:9 Ind:1 RMSE(val)=852.357382
[GA][Iter2] Gen:9 Ind:2 RMSE(val)=853.841093
[GA][Iter2] Gen:9 Ind:3 RMSE(val)=854.466561
[GA][Iter2] Gen:9 Ind:4 RMSE(val)=854.466561
[GA][Iter2] Gen:9 Ind:5 RMSE(val)=854.466561
[GA][Iter2] Gen:9 Ind:6 RMSE(val)=854.466561
[GA][Iter2] Gen:9 Ind:7 RMSE(val)=854.466561
[GA][Iter2] Gen:9 Ind:8 RMSE(val)=855.312191
[GA][Iter2] Gen:9 Ind:9 RMSE(val)=855.312191
[GA][Iter2] Gen:9 Ind:10 RMSE(val)=855.312191
[GA][Iter2] Gen:9 Ind:11 RMSE(val)=864.092022
[GA][Iter2] Gen:9 Ind:12 RMSE(val)=854.466561
[GA][Iter2] Gen:9 Ind:13 RMSE(val)=854.698100
[GA][Iter2] Gen:9 Ind:14 RMSE(val)=859.211190
[GA][Iter2] Gen:9 Ind:15 RMSE(val)=858.295909
[GA][Iter2] Gen:9 Ind:16 RMSE(val)=853.841093
[GA][Iter2] Gen:9 Ind:17 RMSE(val)=859.250081
[GA][Iter2] Gen:9 Ind:18 RMSE(val)=854.466561
[GA][Iter2] Gen:9 Ind:19 RMSE(val)=854.466561
[GA][Iter2] Gen:9 Ind:20 RMSE(val)=861.020716
[GA][Iter2] gen=9 best_val_rmse=852.357382
[GA][Iter2] Gen:10 Ind:1 RMSE(val)=852.357382
[GA][Iter2] Gen:10 Ind:2 RMSE(val)=853.841093
[GA][Iter2] Gen:10 Ind:3 RMSE(val)=853.841093
[GA][Iter2] Gen:10 Ind:4 RMSE(val)=854.466561
[GA][Iter2] Gen:10 Ind:5 RMSE(val)=854.466561
[GA][Iter2] Gen:10 Ind:6 RMSE(val)=854.466561
[GA][Iter2] Gen:10 Ind:7 RMSE(val)=854.466561
[GA][Iter2] Gen:10 Ind:8 RMSE(val)=854.466561
[GA][Iter2] Gen:10 Ind:9 RMSE(val)=854.466561
[GA][Iter2] Gen:10 Ind:10 RMSE(val)=854.466561
[GA][Iter2] Gen:10 Ind:11 RMSE(val)=854.466561
[GA][Iter2] Gen:10 Ind:12 RMSE(val)=861.892109
[GA][Iter2] Gen:10 Ind:13 RMSE(val)=865.657254
[GA][Iter2] Gen:10 Ind:14 RMSE(val)=857.622078
[GA][Iter2] Gen:10 Ind:15 RMSE(val)=854.466561
[GA][Iter2] Gen:10 Ind:16 RMSE(val)=858.441854
[GA][Iter2] Gen:10 Ind:17 RMSE(val)=854.466561
[GA][Iter2] Gen:10 Ind:18 RMSE(val)=858.274674
[GA][Iter2] Gen:10 Ind:19 RMSE(val)=854.466561
[GA][Iter2] Gen:10 Ind:20 RMSE(val)=857.185432
[GA][Iter2] gen=10 best_val_rmse=852.357382
[GA][Iter2] Gen:11 Ind:1 RMSE(val)=852.357382
[GA][Iter2] Gen:11 Ind:2 RMSE(val)=853.841093
[GA][Iter2] Gen:11 Ind:3 RMSE(val)=853.841093
[GA][Iter2] Gen:11 Ind:4 RMSE(val)=854.466561
[GA][Iter2] Gen:11 Ind:5 RMSE(val)=854.466561
[GA][Iter2] Gen:11 Ind:6 RMSE(val)=854.466561
[GA][Iter2] Gen:11 Ind:7 RMSE(val)=854.466561
[GA][Iter2] Gen:11 Ind:8 RMSE(val)=854.466561
[GA][Iter2] Gen:11 Ind:9 RMSE(val)=854.466561
[GA][Iter2] Gen:11 Ind:10 RMSE(val)=854.466561
[GA][Iter2] Gen:11 Ind:11 RMSE(val)=854.466561
[GA][Iter2] Gen:11 Ind:12 RMSE(val)=854.574035
[GA][Iter2] Gen:11 Ind:13 RMSE(val)=856.724157
[GA][Iter2] Gen:11 Ind:14 RMSE(val)=854.466561
[GA][Iter2] Gen:11 Ind:15 RMSE(val)=854.466561
[GA][Iter2] Gen:11 Ind:16 RMSE(val)=854.466561
[GA][Iter2] Gen:11 Ind:17 RMSE(val)=856.947084
[GA][Iter2] Gen:11 Ind:18 RMSE(val)=853.275298
[GA][Iter2] Gen:11 Ind:19 RMSE(val)=855.377520
[GA][Iter2] Gen:11 Ind:20 RMSE(val)=861.297935
[GA][Iter2] gen=11 best_val_rmse=852.357382
[GA][Iter2] Gen:12 Ind:1 RMSE(val)=852.357382
[GA][Iter2] Gen:12 Ind:2 RMSE(val)=853.275298
[GA][Iter2] Gen:12 Ind:3 RMSE(val)=853.841093
[GA][Iter2] Gen:12 Ind:4 RMSE(val)=853.841093
[GA][Iter2] Gen:12 Ind:5 RMSE(val)=854.466561
[GA][Iter2] Gen:12 Ind:6 RMSE(val)=854.466561
[GA][Iter2] Gen:12 Ind:7 RMSE(val)=854.466561
[GA][Iter2] Gen:12 Ind:8 RMSE(val)=854.466561
[GA][Iter2] Gen:12 Ind:9 RMSE(val)=854.466561
[GA][Iter2] Gen:12 Ind:10 RMSE(val)=854.466561
[GA][Iter2] Gen:12 Ind:11 RMSE(val)=862.155690
[GA][Iter2] Gen:12 Ind:12 RMSE(val)=854.811338
[GA][Iter2] Gen:12 Ind:13 RMSE(val)=855.835681
[GA][Iter2] Gen:12 Ind:14 RMSE(val)=857.622078
[GA][Iter2] Gen:12 Ind:15 RMSE(val)=857.511526
[GA][Iter2] Gen:12 Ind:16 RMSE(val)=854.466561
[GA][Iter2] Gen:12 Ind:17 RMSE(val)=854.466561
[GA][Iter2] Gen:12 Ind:18 RMSE(val)=854.466561
[GA][Iter2] Gen:12 Ind:19 RMSE(val)=856.090488
[GA][Iter2] Gen:12 Ind:20 RMSE(val)=854.466561
[GA][Iter2] gen=12 best_val_rmse=852.357382
[GA][Iter2] Gen:13 Ind:1 RMSE(val)=852.357382
[GA][Iter2] Gen:13 Ind:2 RMSE(val)=853.275298
[GA][Iter2] Gen:13 Ind:3 RMSE(val)=853.841093
[GA][Iter2] Gen:13 Ind:4 RMSE(val)=853.841093
[GA][Iter2] Gen:13 Ind:5 RMSE(val)=854.466561
[GA][Iter2] Gen:13 Ind:6 RMSE(val)=854.466561
[GA][Iter2] Gen:13 Ind:7 RMSE(val)=854.466561
[GA][Iter2] Gen:13 Ind:8 RMSE(val)=854.466561
[GA][Iter2] Gen:13 Ind:9 RMSE(val)=854.466561
[GA][Iter2] Gen:13 Ind:10 RMSE(val)=854.466561
[GA][Iter2] Gen:13 Ind:11 RMSE(val)=854.466561
[GA][Iter2] Gen:13 Ind:12 RMSE(val)=854.466561
[GA][Iter2] Gen:13 Ind:13 RMSE(val)=858.261189
[GA][Iter2] Gen:13 Ind:14 RMSE(val)=853.275298
[GA][Iter2] Gen:13 Ind:15 RMSE(val)=854.466561
[GA][Iter2] Gen:13 Ind:16 RMSE(val)=865.116897
[GA][Iter2] Gen:13 Ind:17 RMSE(val)=853.275298
[GA][Iter2] Gen:13 Ind:18 RMSE(val)=855.328241
[GA][Iter2] Gen:13 Ind:19 RMSE(val)=853.841093
[GA][Iter2] Gen:13 Ind:20 RMSE(val)=854.466561
[GA][Iter2] gen=13 best_val_rmse=852.357382
[GA][Iter2] Gen:14 Ind:1 RMSE(val)=852.357382
[GA][Iter2] Gen:14 Ind:2 RMSE(val)=853.275298
[GA][Iter2] Gen:14 Ind:3 RMSE(val)=853.275298
[GA][Iter2] Gen:14 Ind:4 RMSE(val)=853.275298
[GA][Iter2] Gen:14 Ind:5 RMSE(val)=853.841093
[GA][Iter2] Gen:14 Ind:6 RMSE(val)=853.841093
[GA][Iter2] Gen:14 Ind:7 RMSE(val)=853.841093
[GA][Iter2] Gen:14 Ind:8 RMSE(val)=854.466561
[GA][Iter2] Gen:14 Ind:9 RMSE(val)=854.466561
[GA][Iter2] Gen:14 Ind:10 RMSE(val)=854.466561
[GA][Iter2] Gen:14 Ind:11 RMSE(val)=856.947084
[GA][Iter2] Gen:14 Ind:12 RMSE(val)=861.832910
[GA][Iter2] Gen:14 Ind:13 RMSE(val)=864.397841
[GA][Iter2] Gen:14 Ind:14 RMSE(val)=858.274674
[GA][Iter2] Gen:14 Ind:15 RMSE(val)=858.010722
[GA][Iter2] Gen:14 Ind:16 RMSE(val)=861.357559
[GA][Iter2] Gen:14 Ind:17 RMSE(val)=858.274674
[GA][Iter2] Gen:14 Ind:18 RMSE(val)=854.466561
[GA][Iter2] Gen:14 Ind:19 RMSE(val)=853.275298
[GA][Iter2] Gen:14 Ind:20 RMSE(val)=855.708601
[GA][Iter2] gen=14 best_val_rmse=852.357382
[GA][Iter2] Gen:15 Ind:1 RMSE(val)=852.357382
[GA][Iter2] Gen:15 Ind:2 RMSE(val)=853.275298
[GA][Iter2] Gen:15 Ind:3 RMSE(val)=853.275298
[GA][Iter2] Gen:15 Ind:4 RMSE(val)=853.275298
[GA][Iter2] Gen:15 Ind:5 RMSE(val)=853.275298
[GA][Iter2] Gen:15 Ind:6 RMSE(val)=853.841093
[GA][Iter2] Gen:15 Ind:7 RMSE(val)=853.841093
[GA][Iter2] Gen:15 Ind:8 RMSE(val)=853.841093
[GA][Iter2] Gen:15 Ind:9 RMSE(val)=854.466561
[GA][Iter2] Gen:15 Ind:10 RMSE(val)=854.466561
[GA][Iter2] Gen:15 Ind:11 RMSE(val)=859.088393
[GA][Iter2] Gen:15 Ind:12 RMSE(val)=853.275298
[GA][Iter2] Gen:15 Ind:13 RMSE(val)=853.840963
[GA][Iter2] Gen:15 Ind:14 RMSE(val)=854.466561
[GA][Iter2] Gen:15 Ind:15 RMSE(val)=858.010722
[GA][Iter2] Gen:15 Ind:16 RMSE(val)=855.689547
[GA][Iter2] Gen:15 Ind:17 RMSE(val)=853.275298
[GA][Iter2] Gen:15 Ind:18 RMSE(val)=858.010722
[GA][Iter2] Gen:15 Ind:19 RMSE(val)=856.090488
[GA][Iter2] Gen:15 Ind:20 RMSE(val)=858.010722
[GA][Iter2] gen=15 best_val_rmse=852.357382
[GA][Iter2] Gen:15 Ind:1 RMSE(val)=852.357382
[GA][Iter2] Gen:15 Ind:2 RMSE(val)=853.275298
[GA][Iter2] Gen:15 Ind:3 RMSE(val)=853.275298
[GA][Iter2] Gen:15 Ind:4 RMSE(val)=853.275298
[GA][Iter2] Gen:15 Ind:5 RMSE(val)=853.275298
[GA][Iter2] Gen:15 Ind:6 RMSE(val)=853.275298
[GA][Iter2] Gen:15 Ind:7 RMSE(val)=853.275298
[GA][Iter2] Gen:15 Ind:8 RMSE(val)=853.840963
[GA][Iter2] Gen:15 Ind:9 RMSE(val)=853.841093
[GA][Iter2] Gen:15 Ind:10 RMSE(val)=853.841093
[GA][Iter2] Gen:15 Ind:11 RMSE(val)=853.275298
[GA][Iter2] Gen:15 Ind:12 RMSE(val)=853.841093
[GA][Iter2] Gen:15 Ind:13 RMSE(val)=857.622078
[GA][Iter2] Gen:15 Ind:14 RMSE(val)=853.840963
[GA][Iter2] Gen:15 Ind:15 RMSE(val)=853.275298
[GA][Iter2] Gen:15 Ind:16 RMSE(val)=854.466561
[GA][Iter2] Gen:15 Ind:17 RMSE(val)=855.728115
[GA][Iter2] Gen:15 Ind:18 RMSE(val)=853.275298
[GA][Iter2] Gen:15 Ind:19 RMSE(val)=857.635353
[GA][Iter2] Gen:15 Ind:20 RMSE(val)=857.622078

[GA DONE][Iter2] Best params on val fold of Iter2
Best val RMSE: 852.357382
Best params: {'n_estimators': 1092, 'learning_rate': 0.013040370487438183, 'num_leaves': 19, 'max_depth': 5, 'min_child_samples': 27, 'subsample': 0.6979243700605705, 'colsample_bytree': 0.7849040847404463, 'reg_lambda': 0.84938796878035, 'reg_alpha': 5.972739023910644}
--------------------------------------------------------------------------------
[RETUNE GA] Iter2: train folds 1..6 -> test fold 7  RMSE=960.081511  NRMSE=0.805449  CVRMSE=0.526294  R2=0.348407
[GA][Iter3] Gen:1 Ind:1 RMSE(val)=936.995974
[GA][Iter3] Gen:1 Ind:2 RMSE(val)=932.264376
[GA][Iter3] Gen:1 Ind:3 RMSE(val)=975.777852
[GA][Iter3] Gen:1 Ind:4 RMSE(val)=954.604772
[GA][Iter3] Gen:1 Ind:5 RMSE(val)=1004.187399
[GA][Iter3] Gen:1 Ind:6 RMSE(val)=928.671249
[GA][Iter3] Gen:1 Ind:7 RMSE(val)=943.225026
[GA][Iter3] Gen:1 Ind:8 RMSE(val)=975.150291
[GA][Iter3] Gen:1 Ind:9 RMSE(val)=997.553575
[GA][Iter3] Gen:1 Ind:10 RMSE(val)=966.739277
[GA][Iter3] Gen:1 Ind:11 RMSE(val)=975.070921
[GA][Iter3] Gen:1 Ind:12 RMSE(val)=990.696815
[GA][Iter3] Gen:1 Ind:13 RMSE(val)=960.449783
[GA][Iter3] Gen:1 Ind:14 RMSE(val)=979.738957
[GA][Iter3] Gen:1 Ind:15 RMSE(val)=956.429006
[GA][Iter3] Gen:1 Ind:16 RMSE(val)=991.496053
[GA][Iter3] Gen:1 Ind:17 RMSE(val)=942.522461
[GA][Iter3] Gen:1 Ind:18 RMSE(val)=949.268705
[GA][Iter3] Gen:1 Ind:19 RMSE(val)=936.596332
[GA][Iter3] Gen:1 Ind:20 RMSE(val)=1009.533484
[GA][Iter3] gen=1 best_val_rmse=928.671249
[GA][Iter3] Gen:2 Ind:1 RMSE(val)=928.671249
[GA][Iter3] Gen:2 Ind:2 RMSE(val)=932.264376
[GA][Iter3] Gen:2 Ind:3 RMSE(val)=936.596332
[GA][Iter3] Gen:2 Ind:4 RMSE(val)=936.995974
[GA][Iter3] Gen:2 Ind:5 RMSE(val)=942.522461
[GA][Iter3] Gen:2 Ind:6 RMSE(val)=943.225026
[GA][Iter3] Gen:2 Ind:7 RMSE(val)=949.268705
[GA][Iter3] Gen:2 Ind:8 RMSE(val)=954.604772
[GA][Iter3] Gen:2 Ind:9 RMSE(val)=956.429006
[GA][Iter3] Gen:2 Ind:10 RMSE(val)=960.449783
[GA][Iter3] Gen:2 Ind:11 RMSE(val)=946.040598
[GA][Iter3] Gen:2 Ind:12 RMSE(val)=943.260574
[GA][Iter3] Gen:2 Ind:13 RMSE(val)=935.903503
[GA][Iter3] Gen:2 Ind:14 RMSE(val)=951.701450
[GA][Iter3] Gen:2 Ind:15 RMSE(val)=934.243953
[GA][Iter3] Gen:2 Ind:16 RMSE(val)=954.132520
[GA][Iter3] Gen:2 Ind:17 RMSE(val)=941.728249
[GA][Iter3] Gen:2 Ind:18 RMSE(val)=960.965569
[GA][Iter3] Gen:2 Ind:19 RMSE(val)=976.302543
[GA][Iter3] Gen:2 Ind:20 RMSE(val)=933.495604
[GA][Iter3] gen=2 best_val_rmse=928.671249
[GA][Iter3] Gen:3 Ind:1 RMSE(val)=928.671249
[GA][Iter3] Gen:3 Ind:2 RMSE(val)=932.264376
[GA][Iter3] Gen:3 Ind:3 RMSE(val)=933.495604
[GA][Iter3] Gen:3 Ind:4 RMSE(val)=934.243953
[GA][Iter3] Gen:3 Ind:5 RMSE(val)=935.903503
[GA][Iter3] Gen:3 Ind:6 RMSE(val)=936.596332
[GA][Iter3] Gen:3 Ind:7 RMSE(val)=936.995974
[GA][Iter3] Gen:3 Ind:8 RMSE(val)=941.728249
[GA][Iter3] Gen:3 Ind:9 RMSE(val)=942.522461
[GA][Iter3] Gen:3 Ind:10 RMSE(val)=943.225026
[GA][Iter3] Gen:3 Ind:11 RMSE(val)=935.532779
[GA][Iter3] Gen:3 Ind:12 RMSE(val)=939.477498
[GA][Iter3] Gen:3 Ind:13 RMSE(val)=942.825827
[GA][Iter3] Gen:3 Ind:14 RMSE(val)=928.006435
[GA][Iter3] Gen:3 Ind:15 RMSE(val)=938.999725
[GA][Iter3] Gen:3 Ind:16 RMSE(val)=940.882654
[GA][Iter3] Gen:3 Ind:17 RMSE(val)=1003.639482
[GA][Iter3] Gen:3 Ind:18 RMSE(val)=966.398562
[GA][Iter3] Gen:3 Ind:19 RMSE(val)=954.893206
[GA][Iter3] Gen:3 Ind:20 RMSE(val)=941.660767
[GA][Iter3] gen=3 best_val_rmse=928.006435
[GA][Iter3] Gen:4 Ind:1 RMSE(val)=928.006435
[GA][Iter3] Gen:4 Ind:2 RMSE(val)=928.671249
[GA][Iter3] Gen:4 Ind:3 RMSE(val)=932.264376
[GA][Iter3] Gen:4 Ind:4 RMSE(val)=933.495604
[GA][Iter3] Gen:4 Ind:5 RMSE(val)=934.243953
[GA][Iter3] Gen:4 Ind:6 RMSE(val)=935.532779
[GA][Iter3] Gen:4 Ind:7 RMSE(val)=935.903503
[GA][Iter3] Gen:4 Ind:8 RMSE(val)=936.596332
[GA][Iter3] Gen:4 Ind:9 RMSE(val)=936.995974
[GA][Iter3] Gen:4 Ind:10 RMSE(val)=938.999725
[GA][Iter3] Gen:4 Ind:11 RMSE(val)=935.587033
[GA][Iter3] Gen:4 Ind:12 RMSE(val)=951.234550
[GA][Iter3] Gen:4 Ind:13 RMSE(val)=935.903503
[GA][Iter3] Gen:4 Ind:14 RMSE(val)=942.061268
[GA][Iter3] Gen:4 Ind:15 RMSE(val)=935.205147
[GA][Iter3] Gen:4 Ind:16 RMSE(val)=937.167825
[GA][Iter3] Gen:4 Ind:17 RMSE(val)=937.508502
[GA][Iter3] Gen:4 Ind:18 RMSE(val)=934.309111
[GA][Iter3] Gen:4 Ind:19 RMSE(val)=926.758942
[GA][Iter3] Gen:4 Ind:20 RMSE(val)=931.161620
[GA][Iter3] gen=4 best_val_rmse=926.758942
[GA][Iter3] Gen:5 Ind:1 RMSE(val)=926.758942
[GA][Iter3] Gen:5 Ind:2 RMSE(val)=928.006435
[GA][Iter3] Gen:5 Ind:3 RMSE(val)=928.671249
[GA][Iter3] Gen:5 Ind:4 RMSE(val)=931.161620
[GA][Iter3] Gen:5 Ind:5 RMSE(val)=932.264376
[GA][Iter3] Gen:5 Ind:6 RMSE(val)=933.495604
[GA][Iter3] Gen:5 Ind:7 RMSE(val)=934.243953
[GA][Iter3] Gen:5 Ind:8 RMSE(val)=934.309111
[GA][Iter3] Gen:5 Ind:9 RMSE(val)=935.205147
[GA][Iter3] Gen:5 Ind:10 RMSE(val)=935.532779
[GA][Iter3] Gen:5 Ind:11 RMSE(val)=936.540115
[GA][Iter3] Gen:5 Ind:12 RMSE(val)=966.931137
[GA][Iter3] Gen:5 Ind:13 RMSE(val)=951.268118
[GA][Iter3] Gen:5 Ind:14 RMSE(val)=934.798691
[GA][Iter3] Gen:5 Ind:15 RMSE(val)=953.489051
[GA][Iter3] Gen:5 Ind:16 RMSE(val)=934.309111
[GA][Iter3] Gen:5 Ind:17 RMSE(val)=934.378050
[GA][Iter3] Gen:5 Ind:18 RMSE(val)=935.563274
[GA][Iter3] Gen:5 Ind:19 RMSE(val)=950.043381
[GA][Iter3] Gen:5 Ind:20 RMSE(val)=930.247380
[GA][Iter3] gen=5 best_val_rmse=926.758942
[GA][Iter3] Gen:6 Ind:1 RMSE(val)=926.758942
[GA][Iter3] Gen:6 Ind:2 RMSE(val)=928.006435
[GA][Iter3] Gen:6 Ind:3 RMSE(val)=928.671249
[GA][Iter3] Gen:6 Ind:4 RMSE(val)=930.247380
[GA][Iter3] Gen:6 Ind:5 RMSE(val)=931.161620
[GA][Iter3] Gen:6 Ind:6 RMSE(val)=932.264376
[GA][Iter3] Gen:6 Ind:7 RMSE(val)=933.495604
[GA][Iter3] Gen:6 Ind:8 RMSE(val)=934.243953
[GA][Iter3] Gen:6 Ind:9 RMSE(val)=934.309111
[GA][Iter3] Gen:6 Ind:10 RMSE(val)=934.309111
[GA][Iter3] Gen:6 Ind:11 RMSE(val)=937.762883
[GA][Iter3] Gen:6 Ind:12 RMSE(val)=946.619569
[GA][Iter3] Gen:6 Ind:13 RMSE(val)=930.819087
[GA][Iter3] Gen:6 Ind:14 RMSE(val)=929.946539
[GA][Iter3] Gen:6 Ind:15 RMSE(val)=930.247380
[GA][Iter3] Gen:6 Ind:16 RMSE(val)=949.699186
[GA][Iter3] Gen:6 Ind:17 RMSE(val)=932.314432
[GA][Iter3] Gen:6 Ind:18 RMSE(val)=937.161311
[GA][Iter3] Gen:6 Ind:19 RMSE(val)=929.483315
[GA][Iter3] Gen:6 Ind:20 RMSE(val)=934.590288
[GA][Iter3] gen=6 best_val_rmse=926.758942
[GA][Iter3] Gen:7 Ind:1 RMSE(val)=926.758942
[GA][Iter3] Gen:7 Ind:2 RMSE(val)=928.006435
[GA][Iter3] Gen:7 Ind:3 RMSE(val)=928.671249
[GA][Iter3] Gen:7 Ind:4 RMSE(val)=929.483315
[GA][Iter3] Gen:7 Ind:5 RMSE(val)=929.946539
[GA][Iter3] Gen:7 Ind:6 RMSE(val)=930.247380
[GA][Iter3] Gen:7 Ind:7 RMSE(val)=930.247380
[GA][Iter3] Gen:7 Ind:8 RMSE(val)=930.819087
[GA][Iter3] Gen:7 Ind:9 RMSE(val)=931.161620
[GA][Iter3] Gen:7 Ind:10 RMSE(val)=932.264376
[GA][Iter3] Gen:7 Ind:11 RMSE(val)=931.125767
[GA][Iter3] Gen:7 Ind:12 RMSE(val)=951.468670
[GA][Iter3] Gen:7 Ind:13 RMSE(val)=928.005148
[GA][Iter3] Gen:7 Ind:14 RMSE(val)=930.424378
[GA][Iter3] Gen:7 Ind:15 RMSE(val)=941.861402
[GA][Iter3] Gen:7 Ind:16 RMSE(val)=928.006435
[GA][Iter3] Gen:7 Ind:17 RMSE(val)=928.428646
[GA][Iter3] Gen:7 Ind:18 RMSE(val)=928.140725
[GA][Iter3] Gen:7 Ind:19 RMSE(val)=935.540739
[GA][Iter3] Gen:7 Ind:20 RMSE(val)=929.478606
[GA][Iter3] gen=7 best_val_rmse=926.758942
[GA][Iter3] Gen:8 Ind:1 RMSE(val)=926.758942
[GA][Iter3] Gen:8 Ind:2 RMSE(val)=928.005148
[GA][Iter3] Gen:8 Ind:3 RMSE(val)=928.006435
[GA][Iter3] Gen:8 Ind:4 RMSE(val)=928.006435
[GA][Iter3] Gen:8 Ind:5 RMSE(val)=928.140725
[GA][Iter3] Gen:8 Ind:6 RMSE(val)=928.428646
[GA][Iter3] Gen:8 Ind:7 RMSE(val)=928.671249
[GA][Iter3] Gen:8 Ind:8 RMSE(val)=929.478606
[GA][Iter3] Gen:8 Ind:9 RMSE(val)=929.483315
[GA][Iter3] Gen:8 Ind:10 RMSE(val)=929.946539
[GA][Iter3] Gen:8 Ind:11 RMSE(val)=930.247380
[GA][Iter3] Gen:8 Ind:12 RMSE(val)=929.319793
[GA][Iter3] Gen:8 Ind:13 RMSE(val)=927.359779
[GA][Iter3] Gen:8 Ind:14 RMSE(val)=929.478606
[GA][Iter3] Gen:8 Ind:15 RMSE(val)=931.965551
[GA][Iter3] Gen:8 Ind:16 RMSE(val)=927.373793
[GA][Iter3] Gen:8 Ind:17 RMSE(val)=928.005148
[GA][Iter3] Gen:8 Ind:18 RMSE(val)=928.875626
[GA][Iter3] Gen:8 Ind:19 RMSE(val)=929.102212
[GA][Iter3] Gen:8 Ind:20 RMSE(val)=933.078404
[GA][Iter3] gen=8 best_val_rmse=926.758942
[GA][Iter3] Gen:9 Ind:1 RMSE(val)=926.758942
[GA][Iter3] Gen:9 Ind:2 RMSE(val)=927.359779
[GA][Iter3] Gen:9 Ind:3 RMSE(val)=927.373793
[GA][Iter3] Gen:9 Ind:4 RMSE(val)=928.005148
[GA][Iter3] Gen:9 Ind:5 RMSE(val)=928.005148
[GA][Iter3] Gen:9 Ind:6 RMSE(val)=928.006435
[GA][Iter3] Gen:9 Ind:7 RMSE(val)=928.006435
[GA][Iter3] Gen:9 Ind:8 RMSE(val)=928.140725
[GA][Iter3] Gen:9 Ind:9 RMSE(val)=928.428646
[GA][Iter3] Gen:9 Ind:10 RMSE(val)=928.671249
[GA][Iter3] Gen:9 Ind:11 RMSE(val)=946.383359
[GA][Iter3] Gen:9 Ind:12 RMSE(val)=928.006435
[GA][Iter3] Gen:9 Ind:13 RMSE(val)=927.690855
[GA][Iter3] Gen:9 Ind:14 RMSE(val)=931.497899
[GA][Iter3] Gen:9 Ind:15 RMSE(val)=926.778349
[GA][Iter3] Gen:9 Ind:16 RMSE(val)=927.359779
[GA][Iter3] Gen:9 Ind:17 RMSE(val)=926.304787
[GA][Iter3] Gen:9 Ind:18 RMSE(val)=928.005148
[GA][Iter3] Gen:9 Ind:19 RMSE(val)=928.005148
[GA][Iter3] Gen:9 Ind:20 RMSE(val)=927.653082
[GA][Iter3] gen=9 best_val_rmse=926.304787
[GA][Iter3] Gen:10 Ind:1 RMSE(val)=926.304787
[GA][Iter3] Gen:10 Ind:2 RMSE(val)=926.758942
[GA][Iter3] Gen:10 Ind:3 RMSE(val)=926.778349
[GA][Iter3] Gen:10 Ind:4 RMSE(val)=927.359779
[GA][Iter3] Gen:10 Ind:5 RMSE(val)=927.359779
[GA][Iter3] Gen:10 Ind:6 RMSE(val)=927.373793
[GA][Iter3] Gen:10 Ind:7 RMSE(val)=927.653082
[GA][Iter3] Gen:10 Ind:8 RMSE(val)=927.690855
[GA][Iter3] Gen:10 Ind:9 RMSE(val)=928.005148
[GA][Iter3] Gen:10 Ind:10 RMSE(val)=928.005148
[GA][Iter3] Gen:10 Ind:11 RMSE(val)=960.263017
[GA][Iter3] Gen:10 Ind:12 RMSE(val)=931.214113
[GA][Iter3] Gen:10 Ind:13 RMSE(val)=933.066049
[GA][Iter3] Gen:10 Ind:14 RMSE(val)=926.778349
[GA][Iter3] Gen:10 Ind:15 RMSE(val)=927.359779
[GA][Iter3] Gen:10 Ind:16 RMSE(val)=927.167349
[GA][Iter3] Gen:10 Ind:17 RMSE(val)=928.894701
[GA][Iter3] Gen:10 Ind:18 RMSE(val)=927.359779
[GA][Iter3] Gen:10 Ind:19 RMSE(val)=927.690855
[GA][Iter3] Gen:10 Ind:20 RMSE(val)=930.247380
[GA][Iter3] gen=10 best_val_rmse=926.304787
[GA][Iter3] Gen:11 Ind:1 RMSE(val)=926.304787
[GA][Iter3] Gen:11 Ind:2 RMSE(val)=926.758942
[GA][Iter3] Gen:11 Ind:3 RMSE(val)=926.778349
[GA][Iter3] Gen:11 Ind:4 RMSE(val)=926.778349
[GA][Iter3] Gen:11 Ind:5 RMSE(val)=927.167349
[GA][Iter3] Gen:11 Ind:6 RMSE(val)=927.359779
[GA][Iter3] Gen:11 Ind:7 RMSE(val)=927.359779
[GA][Iter3] Gen:11 Ind:8 RMSE(val)=927.359779
[GA][Iter3] Gen:11 Ind:9 RMSE(val)=927.359779
[GA][Iter3] Gen:11 Ind:10 RMSE(val)=927.373793
[GA][Iter3] Gen:11 Ind:11 RMSE(val)=927.575439
[GA][Iter3] Gen:11 Ind:12 RMSE(val)=926.266307
[GA][Iter3] Gen:11 Ind:13 RMSE(val)=925.336935
[GA][Iter3] Gen:11 Ind:14 RMSE(val)=930.646596
[GA][Iter3] Gen:11 Ind:15 RMSE(val)=927.373793
[GA][Iter3] Gen:11 Ind:16 RMSE(val)=931.242022
[GA][Iter3] Gen:11 Ind:17 RMSE(val)=927.167349
[GA][Iter3] Gen:11 Ind:18 RMSE(val)=934.052119
[GA][Iter3] Gen:11 Ind:19 RMSE(val)=928.963330
[GA][Iter3] Gen:11 Ind:20 RMSE(val)=934.861344
[GA][Iter3] gen=11 best_val_rmse=925.336935
[GA][Iter3] Gen:12 Ind:1 RMSE(val)=925.336935
[GA][Iter3] Gen:12 Ind:2 RMSE(val)=926.266307
[GA][Iter3] Gen:12 Ind:3 RMSE(val)=926.304787
[GA][Iter3] Gen:12 Ind:4 RMSE(val)=926.758942
[GA][Iter3] Gen:12 Ind:5 RMSE(val)=926.778349
[GA][Iter3] Gen:12 Ind:6 RMSE(val)=926.778349
[GA][Iter3] Gen:12 Ind:7 RMSE(val)=927.167349
[GA][Iter3] Gen:12 Ind:8 RMSE(val)=927.167349
[GA][Iter3] Gen:12 Ind:9 RMSE(val)=927.359779
[GA][Iter3] Gen:12 Ind:10 RMSE(val)=927.359779
[GA][Iter3] Gen:12 Ind:11 RMSE(val)=931.330074
[GA][Iter3] Gen:12 Ind:12 RMSE(val)=933.284071
[GA][Iter3] Gen:12 Ind:13 RMSE(val)=927.779479
[GA][Iter3] Gen:12 Ind:14 RMSE(val)=925.633089
[GA][Iter3] Gen:12 Ind:15 RMSE(val)=927.783438
[GA][Iter3] Gen:12 Ind:16 RMSE(val)=927.359779
[GA][Iter3] Gen:12 Ind:17 RMSE(val)=926.619192
[GA][Iter3] Gen:12 Ind:18 RMSE(val)=926.778349
[GA][Iter3] Gen:12 Ind:19 RMSE(val)=932.271161
[GA][Iter3] Gen:12 Ind:20 RMSE(val)=927.167349
[GA][Iter3] gen=12 best_val_rmse=925.336935
[GA][Iter3] Gen:13 Ind:1 RMSE(val)=925.336935
[GA][Iter3] Gen:13 Ind:2 RMSE(val)=925.633089
[GA][Iter3] Gen:13 Ind:3 RMSE(val)=926.266307
[GA][Iter3] Gen:13 Ind:4 RMSE(val)=926.304787
[GA][Iter3] Gen:13 Ind:5 RMSE(val)=926.619192
[GA][Iter3] Gen:13 Ind:6 RMSE(val)=926.758942
[GA][Iter3] Gen:13 Ind:7 RMSE(val)=926.778349
[GA][Iter3] Gen:13 Ind:8 RMSE(val)=926.778349
[GA][Iter3] Gen:13 Ind:9 RMSE(val)=926.778349
[GA][Iter3] Gen:13 Ind:10 RMSE(val)=927.167349
[GA][Iter3] Gen:13 Ind:11 RMSE(val)=926.778349
[GA][Iter3] Gen:13 Ind:12 RMSE(val)=926.758942
[GA][Iter3] Gen:13 Ind:13 RMSE(val)=925.633089
[GA][Iter3] Gen:13 Ind:14 RMSE(val)=925.144536
[GA][Iter3] Gen:13 Ind:15 RMSE(val)=927.679299
[GA][Iter3] Gen:13 Ind:16 RMSE(val)=930.191688
[GA][Iter3] Gen:13 Ind:17 RMSE(val)=927.167349
[GA][Iter3] Gen:13 Ind:18 RMSE(val)=939.616674
[GA][Iter3] Gen:13 Ind:19 RMSE(val)=926.304787
[GA][Iter3] Gen:13 Ind:20 RMSE(val)=926.304787
[GA][Iter3] gen=13 best_val_rmse=925.144536
[GA][Iter3] Gen:14 Ind:1 RMSE(val)=925.144536
[GA][Iter3] Gen:14 Ind:2 RMSE(val)=925.336935
[GA][Iter3] Gen:14 Ind:3 RMSE(val)=925.633089
[GA][Iter3] Gen:14 Ind:4 RMSE(val)=925.633089
[GA][Iter3] Gen:14 Ind:5 RMSE(val)=926.266307
[GA][Iter3] Gen:14 Ind:6 RMSE(val)=926.304787
[GA][Iter3] Gen:14 Ind:7 RMSE(val)=926.304787
[GA][Iter3] Gen:14 Ind:8 RMSE(val)=926.304787
[GA][Iter3] Gen:14 Ind:9 RMSE(val)=926.619192
[GA][Iter3] Gen:14 Ind:10 RMSE(val)=926.758942
[GA][Iter3] Gen:14 Ind:11 RMSE(val)=926.758942
[GA][Iter3] Gen:14 Ind:12 RMSE(val)=927.524932
[GA][Iter3] Gen:14 Ind:13 RMSE(val)=928.494704
[GA][Iter3] Gen:14 Ind:14 RMSE(val)=933.195135
[GA][Iter3] Gen:14 Ind:15 RMSE(val)=926.304787
[GA][Iter3] Gen:14 Ind:16 RMSE(val)=926.758942
[GA][Iter3] Gen:14 Ind:17 RMSE(val)=926.758942
[GA][Iter3] Gen:14 Ind:18 RMSE(val)=927.679299
[GA][Iter3] Gen:14 Ind:19 RMSE(val)=925.841878
[GA][Iter3] Gen:14 Ind:20 RMSE(val)=932.271161
[GA][Iter3] gen=14 best_val_rmse=925.144536
[GA][Iter3] Gen:15 Ind:1 RMSE(val)=925.144536
[GA][Iter3] Gen:15 Ind:2 RMSE(val)=925.336935
[GA][Iter3] Gen:15 Ind:3 RMSE(val)=925.633089
[GA][Iter3] Gen:15 Ind:4 RMSE(val)=925.633089
[GA][Iter3] Gen:15 Ind:5 RMSE(val)=925.841878
[GA][Iter3] Gen:15 Ind:6 RMSE(val)=926.266307
[GA][Iter3] Gen:15 Ind:7 RMSE(val)=926.304787
[GA][Iter3] Gen:15 Ind:8 RMSE(val)=926.304787
[GA][Iter3] Gen:15 Ind:9 RMSE(val)=926.304787
[GA][Iter3] Gen:15 Ind:10 RMSE(val)=926.304787
[GA][Iter3] Gen:15 Ind:11 RMSE(val)=925.144536
[GA][Iter3] Gen:15 Ind:12 RMSE(val)=924.906678
[GA][Iter3] Gen:15 Ind:13 RMSE(val)=928.745221
[GA][Iter3] Gen:15 Ind:14 RMSE(val)=925.633089
[GA][Iter3] Gen:15 Ind:15 RMSE(val)=926.304787
[GA][Iter3] Gen:15 Ind:16 RMSE(val)=930.667016
[GA][Iter3] Gen:15 Ind:17 RMSE(val)=925.841878
[GA][Iter3] Gen:15 Ind:18 RMSE(val)=931.242022
[GA][Iter3] Gen:15 Ind:19 RMSE(val)=926.304787
[GA][Iter3] Gen:15 Ind:20 RMSE(val)=926.266307
[GA][Iter3] gen=15 best_val_rmse=924.906678
[GA][Iter3] Gen:15 Ind:1 RMSE(val)=924.906678
[GA][Iter3] Gen:15 Ind:2 RMSE(val)=925.144536
[GA][Iter3] Gen:15 Ind:3 RMSE(val)=925.144536
[GA][Iter3] Gen:15 Ind:4 RMSE(val)=925.336935
[GA][Iter3] Gen:15 Ind:5 RMSE(val)=925.633089
[GA][Iter3] Gen:15 Ind:6 RMSE(val)=925.633089
[GA][Iter3] Gen:15 Ind:7 RMSE(val)=925.633089
[GA][Iter3] Gen:15 Ind:8 RMSE(val)=925.841878
[GA][Iter3] Gen:15 Ind:9 RMSE(val)=925.841878
[GA][Iter3] Gen:15 Ind:10 RMSE(val)=926.266307
[GA][Iter3] Gen:15 Ind:11 RMSE(val)=925.144536
[GA][Iter3] Gen:15 Ind:12 RMSE(val)=925.841878
[GA][Iter3] Gen:15 Ind:13 RMSE(val)=925.633089
[GA][Iter3] Gen:15 Ind:14 RMSE(val)=925.841878
[GA][Iter3] Gen:15 Ind:15 RMSE(val)=925.336935
[GA][Iter3] Gen:15 Ind:16 RMSE(val)=925.633089
[GA][Iter3] Gen:15 Ind:17 RMSE(val)=925.841878
[GA][Iter3] Gen:15 Ind:18 RMSE(val)=925.144536
[GA][Iter3] Gen:15 Ind:19 RMSE(val)=924.906678
[GA][Iter3] Gen:15 Ind:20 RMSE(val)=925.218948

[GA DONE][Iter3] Best params on val fold of Iter3
Best val RMSE: 924.906678
Best params: {'n_estimators': 419, 'learning_rate': 0.01200463786726299, 'num_leaves': 27, 'max_depth': 7, 'min_child_samples': 35, 'subsample': 0.9336441706563001, 'colsample_bytree': 0.6650616388624339, 'reg_lambda': 0.910397152349666, 'reg_alpha': 1.0245319894519451}
--------------------------------------------------------------------------------
[RETUNE GA] Iter3: train folds 1..7 -> test fold 8  RMSE=750.836007  NRMSE=0.681804  CVRMSE=0.387934  R2=0.533095
[GA][Iter4] Gen:1 Ind:1 RMSE(val)=747.542319
[GA][Iter4] Gen:1 Ind:2 RMSE(val)=747.365097
[GA][Iter4] Gen:1 Ind:3 RMSE(val)=793.840800
[GA][Iter4] Gen:1 Ind:4 RMSE(val)=758.356948
[GA][Iter4] Gen:1 Ind:5 RMSE(val)=770.320804
[GA][Iter4] Gen:1 Ind:6 RMSE(val)=751.379718
[GA][Iter4] Gen:1 Ind:7 RMSE(val)=764.430160
[GA][Iter4] Gen:1 Ind:8 RMSE(val)=749.899055
[GA][Iter4] Gen:1 Ind:9 RMSE(val)=750.954494
[GA][Iter4] Gen:1 Ind:10 RMSE(val)=746.626162
[GA][Iter4] Gen:1 Ind:11 RMSE(val)=758.976676
[GA][Iter4] Gen:1 Ind:12 RMSE(val)=794.677434
[GA][Iter4] Gen:1 Ind:13 RMSE(val)=782.299136
[GA][Iter4] Gen:1 Ind:14 RMSE(val)=820.910702
[GA][Iter4] Gen:1 Ind:15 RMSE(val)=749.789629
[GA][Iter4] Gen:1 Ind:16 RMSE(val)=764.414096
[GA][Iter4] Gen:1 Ind:17 RMSE(val)=762.930968
[GA][Iter4] Gen:1 Ind:18 RMSE(val)=755.923020
[GA][Iter4] Gen:1 Ind:19 RMSE(val)=741.851028
[GA][Iter4] Gen:1 Ind:20 RMSE(val)=811.237199
[GA][Iter4] gen=1 best_val_rmse=741.851028
[GA][Iter4] Gen:2 Ind:1 RMSE(val)=741.851028
[GA][Iter4] Gen:2 Ind:2 RMSE(val)=746.626162
[GA][Iter4] Gen:2 Ind:3 RMSE(val)=747.365097
[GA][Iter4] Gen:2 Ind:4 RMSE(val)=747.542319
[GA][Iter4] Gen:2 Ind:5 RMSE(val)=749.789629
[GA][Iter4] Gen:2 Ind:6 RMSE(val)=749.899055
[GA][Iter4] Gen:2 Ind:7 RMSE(val)=750.954494
[GA][Iter4] Gen:2 Ind:8 RMSE(val)=751.379718
[GA][Iter4] Gen:2 Ind:9 RMSE(val)=755.923020
[GA][Iter4] Gen:2 Ind:10 RMSE(val)=758.356948
[GA][Iter4] Gen:2 Ind:11 RMSE(val)=770.088818
[GA][Iter4] Gen:2 Ind:12 RMSE(val)=742.441386
[GA][Iter4] Gen:2 Ind:13 RMSE(val)=748.090318
[GA][Iter4] Gen:2 Ind:14 RMSE(val)=750.130184
[GA][Iter4] Gen:2 Ind:15 RMSE(val)=754.477011
[GA][Iter4] Gen:2 Ind:16 RMSE(val)=774.661518
[GA][Iter4] Gen:2 Ind:17 RMSE(val)=748.835792
[GA][Iter4] Gen:2 Ind:18 RMSE(val)=742.125312
[GA][Iter4] Gen:2 Ind:19 RMSE(val)=760.288104
[GA][Iter4] Gen:2 Ind:20 RMSE(val)=801.424691
[GA][Iter4] gen=2 best_val_rmse=741.851028
[GA][Iter4] Gen:3 Ind:1 RMSE(val)=741.851028
[GA][Iter4] Gen:3 Ind:2 RMSE(val)=742.125312
[GA][Iter4] Gen:3 Ind:3 RMSE(val)=742.441386
[GA][Iter4] Gen:3 Ind:4 RMSE(val)=746.626162
[GA][Iter4] Gen:3 Ind:5 RMSE(val)=747.365097
[GA][Iter4] Gen:3 Ind:6 RMSE(val)=747.542319
[GA][Iter4] Gen:3 Ind:7 RMSE(val)=748.090318
[GA][Iter4] Gen:3 Ind:8 RMSE(val)=748.835792
[GA][Iter4] Gen:3 Ind:9 RMSE(val)=749.789629
[GA][Iter4] Gen:3 Ind:10 RMSE(val)=749.899055
[GA][Iter4] Gen:3 Ind:11 RMSE(val)=751.484421
[GA][Iter4] Gen:3 Ind:12 RMSE(val)=738.810686
[GA][Iter4] Gen:3 Ind:13 RMSE(val)=756.139876
[GA][Iter4] Gen:3 Ind:14 RMSE(val)=746.851919
[GA][Iter4] Gen:3 Ind:15 RMSE(val)=749.156851
[GA][Iter4] Gen:3 Ind:16 RMSE(val)=746.684555
[GA][Iter4] Gen:3 Ind:17 RMSE(val)=739.134890
[GA][Iter4] Gen:3 Ind:18 RMSE(val)=751.689124
[GA][Iter4] Gen:3 Ind:19 RMSE(val)=746.294907
[GA][Iter4] Gen:3 Ind:20 RMSE(val)=750.809143
[GA][Iter4] gen=3 best_val_rmse=738.810686
[GA][Iter4] Gen:4 Ind:1 RMSE(val)=738.810686
[GA][Iter4] Gen:4 Ind:2 RMSE(val)=739.134890
[GA][Iter4] Gen:4 Ind:3 RMSE(val)=741.851028
[GA][Iter4] Gen:4 Ind:4 RMSE(val)=742.125312
[GA][Iter4] Gen:4 Ind:5 RMSE(val)=742.441386
[GA][Iter4] Gen:4 Ind:6 RMSE(val)=746.294907
[GA][Iter4] Gen:4 Ind:7 RMSE(val)=746.626162
[GA][Iter4] Gen:4 Ind:8 RMSE(val)=746.684555
[GA][Iter4] Gen:4 Ind:9 RMSE(val)=746.851919
[GA][Iter4] Gen:4 Ind:10 RMSE(val)=747.365097
[GA][Iter4] Gen:4 Ind:11 RMSE(val)=740.103565
[GA][Iter4] Gen:4 Ind:12 RMSE(val)=754.108631
[GA][Iter4] Gen:4 Ind:13 RMSE(val)=750.325227
[GA][Iter4] Gen:4 Ind:14 RMSE(val)=751.878559
[GA][Iter4] Gen:4 Ind:15 RMSE(val)=743.681486
[GA][Iter4] Gen:4 Ind:16 RMSE(val)=749.362131
[GA][Iter4] Gen:4 Ind:17 RMSE(val)=744.180051
[GA][Iter4] Gen:4 Ind:18 RMSE(val)=747.976014
[GA][Iter4] Gen:4 Ind:19 RMSE(val)=741.156826
[GA][Iter4] Gen:4 Ind:20 RMSE(val)=742.913112
[GA][Iter4] gen=4 best_val_rmse=738.810686
[GA][Iter4] Gen:5 Ind:1 RMSE(val)=738.810686
[GA][Iter4] Gen:5 Ind:2 RMSE(val)=739.134890
[GA][Iter4] Gen:5 Ind:3 RMSE(val)=740.103565
[GA][Iter4] Gen:5 Ind:4 RMSE(val)=741.156826
[GA][Iter4] Gen:5 Ind:5 RMSE(val)=741.851028
[GA][Iter4] Gen:5 Ind:6 RMSE(val)=742.125312
[GA][Iter4] Gen:5 Ind:7 RMSE(val)=742.441386
[GA][Iter4] Gen:5 Ind:8 RMSE(val)=742.913112
[GA][Iter4] Gen:5 Ind:9 RMSE(val)=743.681486
[GA][Iter4] Gen:5 Ind:10 RMSE(val)=744.180051
[GA][Iter4] Gen:5 Ind:11 RMSE(val)=757.069416
[GA][Iter4] Gen:5 Ind:12 RMSE(val)=740.353039
[GA][Iter4] Gen:5 Ind:13 RMSE(val)=741.441343
[GA][Iter4] Gen:5 Ind:14 RMSE(val)=746.658511
[GA][Iter4] Gen:5 Ind:15 RMSE(val)=746.388327
[GA][Iter4] Gen:5 Ind:16 RMSE(val)=744.887104
[GA][Iter4] Gen:5 Ind:17 RMSE(val)=744.495639
[GA][Iter4] Gen:5 Ind:18 RMSE(val)=752.392943
[GA][Iter4] Gen:5 Ind:19 RMSE(val)=768.586195
[GA][Iter4] Gen:5 Ind:20 RMSE(val)=744.748706
[GA][Iter4] gen=5 best_val_rmse=738.810686
[GA][Iter4] Gen:6 Ind:1 RMSE(val)=738.810686
[GA][Iter4] Gen:6 Ind:2 RMSE(val)=739.134890
[GA][Iter4] Gen:6 Ind:3 RMSE(val)=740.103565
[GA][Iter4] Gen:6 Ind:4 RMSE(val)=740.353039
[GA][Iter4] Gen:6 Ind:5 RMSE(val)=741.156826
[GA][Iter4] Gen:6 Ind:6 RMSE(val)=741.441343
[GA][Iter4] Gen:6 Ind:7 RMSE(val)=741.851028
[GA][Iter4] Gen:6 Ind:8 RMSE(val)=742.125312
[GA][Iter4] Gen:6 Ind:9 RMSE(val)=742.441386
[GA][Iter4] Gen:6 Ind:10 RMSE(val)=742.913112
[GA][Iter4] Gen:6 Ind:11 RMSE(val)=743.918949
[GA][Iter4] Gen:6 Ind:12 RMSE(val)=749.016988
[GA][Iter4] Gen:6 Ind:13 RMSE(val)=749.963065
[GA][Iter4] Gen:6 Ind:14 RMSE(val)=750.956288
[GA][Iter4] Gen:6 Ind:15 RMSE(val)=768.683260
[GA][Iter4] Gen:6 Ind:16 RMSE(val)=745.286044
[GA][Iter4] Gen:6 Ind:17 RMSE(val)=740.936588
[GA][Iter4] Gen:6 Ind:18 RMSE(val)=753.056632
[GA][Iter4] Gen:6 Ind:19 RMSE(val)=740.865369
[GA][Iter4] Gen:6 Ind:20 RMSE(val)=748.651757
[GA][Iter4] gen=6 best_val_rmse=738.810686
[GA][Iter4] Gen:7 Ind:1 RMSE(val)=738.810686
[GA][Iter4] Gen:7 Ind:2 RMSE(val)=739.134890
[GA][Iter4] Gen:7 Ind:3 RMSE(val)=740.103565
[GA][Iter4] Gen:7 Ind:4 RMSE(val)=740.353039
[GA][Iter4] Gen:7 Ind:5 RMSE(val)=740.865369
[GA][Iter4] Gen:7 Ind:6 RMSE(val)=740.936588
[GA][Iter4] Gen:7 Ind:7 RMSE(val)=741.156826
[GA][Iter4] Gen:7 Ind:8 RMSE(val)=741.441343
[GA][Iter4] Gen:7 Ind:9 RMSE(val)=741.851028
[GA][Iter4] Gen:7 Ind:10 RMSE(val)=742.125312
[GA][Iter4] Gen:7 Ind:11 RMSE(val)=741.156826
[GA][Iter4] Gen:7 Ind:12 RMSE(val)=743.918949
[GA][Iter4] Gen:7 Ind:13 RMSE(val)=746.575291
[GA][Iter4] Gen:7 Ind:14 RMSE(val)=731.093564
[GA][Iter4] Gen:7 Ind:15 RMSE(val)=774.255805
[GA][Iter4] Gen:7 Ind:16 RMSE(val)=769.074789
[GA][Iter4] Gen:7 Ind:17 RMSE(val)=741.298577
[GA][Iter4] Gen:7 Ind:18 RMSE(val)=740.865369
[GA][Iter4] Gen:7 Ind:19 RMSE(val)=761.216317
[GA][Iter4] Gen:7 Ind:20 RMSE(val)=740.539576
[GA][Iter4] gen=7 best_val_rmse=731.093564
[GA][Iter4] Gen:8 Ind:1 RMSE(val)=731.093564
[GA][Iter4] Gen:8 Ind:2 RMSE(val)=738.810686
[GA][Iter4] Gen:8 Ind:3 RMSE(val)=739.134890
[GA][Iter4] Gen:8 Ind:4 RMSE(val)=740.103565
[GA][Iter4] Gen:8 Ind:5 RMSE(val)=740.353039
[GA][Iter4] Gen:8 Ind:6 RMSE(val)=740.539576
[GA][Iter4] Gen:8 Ind:7 RMSE(val)=740.865369
[GA][Iter4] Gen:8 Ind:8 RMSE(val)=740.865369
[GA][Iter4] Gen:8 Ind:9 RMSE(val)=740.936588
[GA][Iter4] Gen:8 Ind:10 RMSE(val)=741.156826
[GA][Iter4] Gen:8 Ind:11 RMSE(val)=740.024070
[GA][Iter4] Gen:8 Ind:12 RMSE(val)=758.334176
[GA][Iter4] Gen:8 Ind:13 RMSE(val)=743.360146
[GA][Iter4] Gen:8 Ind:14 RMSE(val)=751.695467
[GA][Iter4] Gen:8 Ind:15 RMSE(val)=732.410382
[GA][Iter4] Gen:8 Ind:16 RMSE(val)=740.518480
[GA][Iter4] Gen:8 Ind:17 RMSE(val)=746.388878
[GA][Iter4] Gen:8 Ind:18 RMSE(val)=774.302397
[GA][Iter4] Gen:8 Ind:19 RMSE(val)=738.986218
[GA][Iter4] Gen:8 Ind:20 RMSE(val)=740.548214
[GA][Iter4] gen=8 best_val_rmse=731.093564
[GA][Iter4] Gen:9 Ind:1 RMSE(val)=731.093564
[GA][Iter4] Gen:9 Ind:2 RMSE(val)=732.410382
[GA][Iter4] Gen:9 Ind:3 RMSE(val)=738.810686
[GA][Iter4] Gen:9 Ind:4 RMSE(val)=738.986218
[GA][Iter4] Gen:9 Ind:5 RMSE(val)=739.134890
[GA][Iter4] Gen:9 Ind:6 RMSE(val)=740.024070
[GA][Iter4] Gen:9 Ind:7 RMSE(val)=740.103565
[GA][Iter4] Gen:9 Ind:8 RMSE(val)=740.353039
[GA][Iter4] Gen:9 Ind:9 RMSE(val)=740.518480
[GA][Iter4] Gen:9 Ind:10 RMSE(val)=740.539576
[GA][Iter4] Gen:9 Ind:11 RMSE(val)=746.450852
[GA][Iter4] Gen:9 Ind:12 RMSE(val)=743.226578
[GA][Iter4] Gen:9 Ind:13 RMSE(val)=736.163240
[GA][Iter4] Gen:9 Ind:14 RMSE(val)=746.072095
[GA][Iter4] Gen:9 Ind:15 RMSE(val)=751.296314
[GA][Iter4] Gen:9 Ind:16 RMSE(val)=738.986218
[GA][Iter4] Gen:9 Ind:17 RMSE(val)=733.999461
[GA][Iter4] Gen:9 Ind:18 RMSE(val)=740.877360
[GA][Iter4] Gen:9 Ind:19 RMSE(val)=765.893335
[GA][Iter4] Gen:9 Ind:20 RMSE(val)=740.339871
[GA][Iter4] gen=9 best_val_rmse=731.093564
[GA][Iter4] Gen:10 Ind:1 RMSE(val)=731.093564
[GA][Iter4] Gen:10 Ind:2 RMSE(val)=732.410382
[GA][Iter4] Gen:10 Ind:3 RMSE(val)=733.999461
[GA][Iter4] Gen:10 Ind:4 RMSE(val)=736.163240
[GA][Iter4] Gen:10 Ind:5 RMSE(val)=738.810686
[GA][Iter4] Gen:10 Ind:6 RMSE(val)=738.986218
[GA][Iter4] Gen:10 Ind:7 RMSE(val)=738.986218
[GA][Iter4] Gen:10 Ind:8 RMSE(val)=739.134890
[GA][Iter4] Gen:10 Ind:9 RMSE(val)=740.024070
[GA][Iter4] Gen:10 Ind:10 RMSE(val)=740.103565
[GA][Iter4] Gen:10 Ind:11 RMSE(val)=737.640610
[GA][Iter4] Gen:10 Ind:12 RMSE(val)=738.986218
[GA][Iter4] Gen:10 Ind:13 RMSE(val)=739.032010
[GA][Iter4] Gen:10 Ind:14 RMSE(val)=736.163240
[GA][Iter4] Gen:10 Ind:15 RMSE(val)=748.472935
[GA][Iter4] Gen:10 Ind:16 RMSE(val)=738.810686
[GA][Iter4] Gen:10 Ind:17 RMSE(val)=733.999461
[GA][Iter4] Gen:10 Ind:18 RMSE(val)=731.093564
[GA][Iter4] Gen:10 Ind:19 RMSE(val)=750.283703
[GA][Iter4] Gen:10 Ind:20 RMSE(val)=760.681623
[GA][Iter4] gen=10 best_val_rmse=731.093564
[GA][Iter4] Gen:11 Ind:1 RMSE(val)=731.093564
[GA][Iter4] Gen:11 Ind:2 RMSE(val)=731.093564
[GA][Iter4] Gen:11 Ind:3 RMSE(val)=732.410382
[GA][Iter4] Gen:11 Ind:4 RMSE(val)=733.999461
[GA][Iter4] Gen:11 Ind:5 RMSE(val)=733.999461
[GA][Iter4] Gen:11 Ind:6 RMSE(val)=736.163240
[GA][Iter4] Gen:11 Ind:7 RMSE(val)=736.163240
[GA][Iter4] Gen:11 Ind:8 RMSE(val)=737.640610
[GA][Iter4] Gen:11 Ind:9 RMSE(val)=738.810686
[GA][Iter4] Gen:11 Ind:10 RMSE(val)=738.810686
[GA][Iter4] Gen:11 Ind:11 RMSE(val)=747.786103
[GA][Iter4] Gen:11 Ind:12 RMSE(val)=737.051901
[GA][Iter4] Gen:11 Ind:13 RMSE(val)=738.810686
[GA][Iter4] Gen:11 Ind:14 RMSE(val)=734.587304
[GA][Iter4] Gen:11 Ind:15 RMSE(val)=728.336526
[GA][Iter4] Gen:11 Ind:16 RMSE(val)=735.263664
[GA][Iter4] Gen:11 Ind:17 RMSE(val)=750.116908
[GA][Iter4] Gen:11 Ind:18 RMSE(val)=747.335221
[GA][Iter4] Gen:11 Ind:19 RMSE(val)=753.766444
[GA][Iter4] Gen:11 Ind:20 RMSE(val)=738.438314
[GA][Iter4] gen=11 best_val_rmse=728.336526
[GA][Iter4] Gen:12 Ind:1 RMSE(val)=728.336526
[GA][Iter4] Gen:12 Ind:2 RMSE(val)=731.093564
[GA][Iter4] Gen:12 Ind:3 RMSE(val)=731.093564
[GA][Iter4] Gen:12 Ind:4 RMSE(val)=732.410382
[GA][Iter4] Gen:12 Ind:5 RMSE(val)=733.999461
[GA][Iter4] Gen:12 Ind:6 RMSE(val)=733.999461
[GA][Iter4] Gen:12 Ind:7 RMSE(val)=734.587304
[GA][Iter4] Gen:12 Ind:8 RMSE(val)=735.263664
[GA][Iter4] Gen:12 Ind:9 RMSE(val)=736.163240
[GA][Iter4] Gen:12 Ind:10 RMSE(val)=736.163240
[GA][Iter4] Gen:12 Ind:11 RMSE(val)=733.452961
[GA][Iter4] Gen:12 Ind:12 RMSE(val)=747.743954
[GA][Iter4] Gen:12 Ind:13 RMSE(val)=739.700035
[GA][Iter4] Gen:12 Ind:14 RMSE(val)=732.406652
[GA][Iter4] Gen:12 Ind:15 RMSE(val)=730.591239
[GA][Iter4] Gen:12 Ind:16 RMSE(val)=733.999461
[GA][Iter4] Gen:12 Ind:17 RMSE(val)=731.093564
[GA][Iter4] Gen:12 Ind:18 RMSE(val)=735.263664
[GA][Iter4] Gen:12 Ind:19 RMSE(val)=738.986218
[GA][Iter4] Gen:12 Ind:20 RMSE(val)=750.208990
[GA][Iter4] gen=12 best_val_rmse=728.336526
[GA][Iter4] Gen:13 Ind:1 RMSE(val)=728.336526
[GA][Iter4] Gen:13 Ind:2 RMSE(val)=730.591239
[GA][Iter4] Gen:13 Ind:3 RMSE(val)=731.093564
[GA][Iter4] Gen:13 Ind:4 RMSE(val)=731.093564
[GA][Iter4] Gen:13 Ind:5 RMSE(val)=731.093564
[GA][Iter4] Gen:13 Ind:6 RMSE(val)=732.406652
[GA][Iter4] Gen:13 Ind:7 RMSE(val)=732.410382
[GA][Iter4] Gen:13 Ind:8 RMSE(val)=733.452961
[GA][Iter4] Gen:13 Ind:9 RMSE(val)=733.999461
[GA][Iter4] Gen:13 Ind:10 RMSE(val)=733.999461
[GA][Iter4] Gen:13 Ind:11 RMSE(val)=730.591239
[GA][Iter4] Gen:13 Ind:12 RMSE(val)=730.591239
[GA][Iter4] Gen:13 Ind:13 RMSE(val)=732.406652
[GA][Iter4] Gen:13 Ind:14 RMSE(val)=750.559410
[GA][Iter4] Gen:13 Ind:15 RMSE(val)=736.757615
[GA][Iter4] Gen:13 Ind:16 RMSE(val)=753.330714
[GA][Iter4] Gen:13 Ind:17 RMSE(val)=731.093564
[GA][Iter4] Gen:13 Ind:18 RMSE(val)=732.406652
[GA][Iter4] Gen:13 Ind:19 RMSE(val)=729.396235
[GA][Iter4] Gen:13 Ind:20 RMSE(val)=728.987663
[GA][Iter4] gen=13 best_val_rmse=728.336526
[GA][Iter4] Gen:14 Ind:1 RMSE(val)=728.336526
[GA][Iter4] Gen:14 Ind:2 RMSE(val)=728.987663
[GA][Iter4] Gen:14 Ind:3 RMSE(val)=729.396235
[GA][Iter4] Gen:14 Ind:4 RMSE(val)=730.591239
[GA][Iter4] Gen:14 Ind:5 RMSE(val)=730.591239
[GA][Iter4] Gen:14 Ind:6 RMSE(val)=730.591239
[GA][Iter4] Gen:14 Ind:7 RMSE(val)=731.093564
[GA][Iter4] Gen:14 Ind:8 RMSE(val)=731.093564
[GA][Iter4] Gen:14 Ind:9 RMSE(val)=731.093564
[GA][Iter4] Gen:14 Ind:10 RMSE(val)=731.093564
[GA][Iter4] Gen:14 Ind:11 RMSE(val)=730.036055
[GA][Iter4] Gen:14 Ind:12 RMSE(val)=731.093564
[GA][Iter4] Gen:14 Ind:13 RMSE(val)=730.591239
[GA][Iter4] Gen:14 Ind:14 RMSE(val)=730.591239
[GA][Iter4] Gen:14 Ind:15 RMSE(val)=731.093564
[GA][Iter4] Gen:14 Ind:16 RMSE(val)=730.591239
[GA][Iter4] Gen:14 Ind:17 RMSE(val)=731.093564
[GA][Iter4] Gen:14 Ind:18 RMSE(val)=730.591239
[GA][Iter4] Gen:14 Ind:19 RMSE(val)=730.591239
[GA][Iter4] Gen:14 Ind:20 RMSE(val)=730.591239
[GA][Iter4] gen=14 best_val_rmse=728.336526
[GA][Iter4] Gen:15 Ind:1 RMSE(val)=728.336526
[GA][Iter4] Gen:15 Ind:2 RMSE(val)=728.987663
[GA][Iter4] Gen:15 Ind:3 RMSE(val)=729.396235
[GA][Iter4] Gen:15 Ind:4 RMSE(val)=730.036055
[GA][Iter4] Gen:15 Ind:5 RMSE(val)=730.591239
[GA][Iter4] Gen:15 Ind:6 RMSE(val)=730.591239
[GA][Iter4] Gen:15 Ind:7 RMSE(val)=730.591239
[GA][Iter4] Gen:15 Ind:8 RMSE(val)=730.591239
[GA][Iter4] Gen:15 Ind:9 RMSE(val)=730.591239
[GA][Iter4] Gen:15 Ind:10 RMSE(val)=730.591239
[GA][Iter4] Gen:15 Ind:11 RMSE(val)=731.801796
[GA][Iter4] Gen:15 Ind:12 RMSE(val)=730.036055
[GA][Iter4] Gen:15 Ind:13 RMSE(val)=730.591239
[GA][Iter4] Gen:15 Ind:14 RMSE(val)=732.395859
[GA][Iter4] Gen:15 Ind:15 RMSE(val)=729.699273
[GA][Iter4] Gen:15 Ind:16 RMSE(val)=730.591239
[GA][Iter4] Gen:15 Ind:17 RMSE(val)=730.591239
[GA][Iter4] Gen:15 Ind:18 RMSE(val)=730.591239
[GA][Iter4] Gen:15 Ind:19 RMSE(val)=731.093564
[GA][Iter4] Gen:15 Ind:20 RMSE(val)=730.591239
[GA][Iter4] gen=15 best_val_rmse=728.336526
[GA][Iter4] Gen:15 Ind:1 RMSE(val)=728.336526
[GA][Iter4] Gen:15 Ind:2 RMSE(val)=728.987663
[GA][Iter4] Gen:15 Ind:3 RMSE(val)=729.396235
[GA][Iter4] Gen:15 Ind:4 RMSE(val)=729.699273
[GA][Iter4] Gen:15 Ind:5 RMSE(val)=730.036055
[GA][Iter4] Gen:15 Ind:6 RMSE(val)=730.036055
[GA][Iter4] Gen:15 Ind:7 RMSE(val)=730.591239
[GA][Iter4] Gen:15 Ind:8 RMSE(val)=730.591239
[GA][Iter4] Gen:15 Ind:9 RMSE(val)=730.591239
[GA][Iter4] Gen:15 Ind:10 RMSE(val)=730.591239
[GA][Iter4] Gen:15 Ind:11 RMSE(val)=728.336526
[GA][Iter4] Gen:15 Ind:12 RMSE(val)=730.591239
[GA][Iter4] Gen:15 Ind:13 RMSE(val)=729.699273
[GA][Iter4] Gen:15 Ind:14 RMSE(val)=730.036055
[GA][Iter4] Gen:15 Ind:15 RMSE(val)=730.591239
[GA][Iter4] Gen:15 Ind:16 RMSE(val)=729.699273
[GA][Iter4] Gen:15 Ind:17 RMSE(val)=728.336526
[GA][Iter4] Gen:15 Ind:18 RMSE(val)=737.110133
[GA][Iter4] Gen:15 Ind:19 RMSE(val)=729.396235
[GA][Iter4] Gen:15 Ind:20 RMSE(val)=729.396235

[GA DONE][Iter4] Best params on val fold of Iter4
Best val RMSE: 728.336526
Best params: {'n_estimators': 711, 'learning_rate': 0.006761030673746093, 'num_leaves': 80, 'max_depth': 3, 'min_child_samples': 14, 'subsample': 0.6963486369788933, 'colsample_bytree': 0.8962670978670704, 'reg_lambda': 0.08972717929185563, 'reg_alpha': 1.0245319894519451}
--------------------------------------------------------------------------------
[RETUNE GA] Iter4: train folds 1..8 -> test fold 9  RMSE=566.915025  NRMSE=0.541896  CVRMSE=0.284840  R2=0.705055
[GA][Iter5] Gen:1 Ind:1 RMSE(val)=582.950054
[GA][Iter5] Gen:1 Ind:2 RMSE(val)=580.978583
[GA][Iter5] Gen:1 Ind:3 RMSE(val)=608.630778
[GA][Iter5] Gen:1 Ind:4 RMSE(val)=577.124451
[GA][Iter5] Gen:1 Ind:5 RMSE(val)=631.667254
[GA][Iter5] Gen:1 Ind:6 RMSE(val)=579.612279
[GA][Iter5] Gen:1 Ind:7 RMSE(val)=569.797528
[GA][Iter5] Gen:1 Ind:8 RMSE(val)=607.669677
[GA][Iter5] Gen:1 Ind:9 RMSE(val)=602.629808
[GA][Iter5] Gen:1 Ind:10 RMSE(val)=592.003000
[GA][Iter5] Gen:1 Ind:11 RMSE(val)=596.631151
[GA][Iter5] Gen:1 Ind:12 RMSE(val)=631.624166
[GA][Iter5] Gen:1 Ind:13 RMSE(val)=595.032368
[GA][Iter5] Gen:1 Ind:14 RMSE(val)=617.289767
[GA][Iter5] Gen:1 Ind:15 RMSE(val)=577.535141
[GA][Iter5] Gen:1 Ind:16 RMSE(val)=581.343487
[GA][Iter5] Gen:1 Ind:17 RMSE(val)=573.702771
[GA][Iter5] Gen:1 Ind:18 RMSE(val)=584.005314
[GA][Iter5] Gen:1 Ind:19 RMSE(val)=615.421785
[GA][Iter5] Gen:1 Ind:20 RMSE(val)=627.846805
[GA][Iter5] gen=1 best_val_rmse=569.797528
[GA][Iter5] Gen:2 Ind:1 RMSE(val)=569.797528
[GA][Iter5] Gen:2 Ind:2 RMSE(val)=573.702771
[GA][Iter5] Gen:2 Ind:3 RMSE(val)=577.124451
[GA][Iter5] Gen:2 Ind:4 RMSE(val)=577.535141
[GA][Iter5] Gen:2 Ind:5 RMSE(val)=579.612279
[GA][Iter5] Gen:2 Ind:6 RMSE(val)=580.978583
[GA][Iter5] Gen:2 Ind:7 RMSE(val)=581.343487
[GA][Iter5] Gen:2 Ind:8 RMSE(val)=582.950054
[GA][Iter5] Gen:2 Ind:9 RMSE(val)=584.005314
[GA][Iter5] Gen:2 Ind:10 RMSE(val)=592.003000
[GA][Iter5] Gen:2 Ind:11 RMSE(val)=613.147600
[GA][Iter5] Gen:2 Ind:12 RMSE(val)=582.257711
[GA][Iter5] Gen:2 Ind:13 RMSE(val)=591.223325
[GA][Iter5] Gen:2 Ind:14 RMSE(val)=578.516263
[GA][Iter5] Gen:2 Ind:15 RMSE(val)=621.662950
[GA][Iter5] Gen:2 Ind:16 RMSE(val)=649.524152
[GA][Iter5] Gen:2 Ind:17 RMSE(val)=575.090289
[GA][Iter5] Gen:2 Ind:18 RMSE(val)=587.409816
[GA][Iter5] Gen:2 Ind:19 RMSE(val)=577.095993
[GA][Iter5] Gen:2 Ind:20 RMSE(val)=583.923408
[GA][Iter5] gen=2 best_val_rmse=569.797528
[GA][Iter5] Gen:3 Ind:1 RMSE(val)=569.797528
[GA][Iter5] Gen:3 Ind:2 RMSE(val)=573.702771
[GA][Iter5] Gen:3 Ind:3 RMSE(val)=575.090289
[GA][Iter5] Gen:3 Ind:4 RMSE(val)=577.095993
[GA][Iter5] Gen:3 Ind:5 RMSE(val)=577.124451
[GA][Iter5] Gen:3 Ind:6 RMSE(val)=577.535141
[GA][Iter5] Gen:3 Ind:7 RMSE(val)=578.516263
[GA][Iter5] Gen:3 Ind:8 RMSE(val)=579.612279
[GA][Iter5] Gen:3 Ind:9 RMSE(val)=580.978583
[GA][Iter5] Gen:3 Ind:10 RMSE(val)=581.343487
[GA][Iter5] Gen:3 Ind:11 RMSE(val)=581.649137
[GA][Iter5] Gen:3 Ind:12 RMSE(val)=580.687280
[GA][Iter5] Gen:3 Ind:13 RMSE(val)=581.807322
[GA][Iter5] Gen:3 Ind:14 RMSE(val)=581.860772
[GA][Iter5] Gen:3 Ind:15 RMSE(val)=585.028225
[GA][Iter5] Gen:3 Ind:16 RMSE(val)=582.527677
[GA][Iter5] Gen:3 Ind:17 RMSE(val)=576.513370
[GA][Iter5] Gen:3 Ind:18 RMSE(val)=631.351199
[GA][Iter5] Gen:3 Ind:19 RMSE(val)=573.167344
[GA][Iter5] Gen:3 Ind:20 RMSE(val)=611.131221
[GA][Iter5] gen=3 best_val_rmse=569.797528
[GA][Iter5] Gen:4 Ind:1 RMSE(val)=569.797528
[GA][Iter5] Gen:4 Ind:2 RMSE(val)=573.167344
[GA][Iter5] Gen:4 Ind:3 RMSE(val)=573.702771
[GA][Iter5] Gen:4 Ind:4 RMSE(val)=575.090289
[GA][Iter5] Gen:4 Ind:5 RMSE(val)=576.513370
[GA][Iter5] Gen:4 Ind:6 RMSE(val)=577.095993
[GA][Iter5] Gen:4 Ind:7 RMSE(val)=577.124451
[GA][Iter5] Gen:4 Ind:8 RMSE(val)=577.535141
[GA][Iter5] Gen:4 Ind:9 RMSE(val)=578.516263
[GA][Iter5] Gen:4 Ind:10 RMSE(val)=579.612279
[GA][Iter5] Gen:4 Ind:11 RMSE(val)=583.362615
[GA][Iter5] Gen:4 Ind:12 RMSE(val)=591.271979
[GA][Iter5] Gen:4 Ind:13 RMSE(val)=573.612847
[GA][Iter5] Gen:4 Ind:14 RMSE(val)=582.787174
[GA][Iter5] Gen:4 Ind:15 RMSE(val)=573.403668
[GA][Iter5] Gen:4 Ind:16 RMSE(val)=580.325994
[GA][Iter5] Gen:4 Ind:17 RMSE(val)=576.632763
[GA][Iter5] Gen:4 Ind:18 RMSE(val)=574.618919
[GA][Iter5] Gen:4 Ind:19 RMSE(val)=574.251347
[GA][Iter5] Gen:4 Ind:20 RMSE(val)=572.644696
[GA][Iter5] gen=4 best_val_rmse=569.797528
[GA][Iter5] Gen:5 Ind:1 RMSE(val)=569.797528
[GA][Iter5] Gen:5 Ind:2 RMSE(val)=572.644696
[GA][Iter5] Gen:5 Ind:3 RMSE(val)=573.167344
[GA][Iter5] Gen:5 Ind:4 RMSE(val)=573.403668
[GA][Iter5] Gen:5 Ind:5 RMSE(val)=573.612847
[GA][Iter5] Gen:5 Ind:6 RMSE(val)=573.702771
[GA][Iter5] Gen:5 Ind:7 RMSE(val)=574.251347
[GA][Iter5] Gen:5 Ind:8 RMSE(val)=574.618919
[GA][Iter5] Gen:5 Ind:9 RMSE(val)=575.090289
[GA][Iter5] Gen:5 Ind:10 RMSE(val)=576.513370
[GA][Iter5] Gen:5 Ind:11 RMSE(val)=575.887887
[GA][Iter5] Gen:5 Ind:12 RMSE(val)=580.275026
[GA][Iter5] Gen:5 Ind:13 RMSE(val)=572.998279
[GA][Iter5] Gen:5 Ind:14 RMSE(val)=576.840199
[GA][Iter5] Gen:5 Ind:15 RMSE(val)=577.191395
[GA][Iter5] Gen:5 Ind:16 RMSE(val)=576.940834
[GA][Iter5] Gen:5 Ind:17 RMSE(val)=573.530633
[GA][Iter5] Gen:5 Ind:18 RMSE(val)=578.210679
[GA][Iter5] Gen:5 Ind:19 RMSE(val)=576.793170
[GA][Iter5] Gen:5 Ind:20 RMSE(val)=577.246475
[GA][Iter5] gen=5 best_val_rmse=569.797528
[GA][Iter5] Gen:6 Ind:1 RMSE(val)=569.797528
[GA][Iter5] Gen:6 Ind:2 RMSE(val)=572.644696
[GA][Iter5] Gen:6 Ind:3 RMSE(val)=572.998279
[GA][Iter5] Gen:6 Ind:4 RMSE(val)=573.167344
[GA][Iter5] Gen:6 Ind:5 RMSE(val)=573.403668
[GA][Iter5] Gen:6 Ind:6 RMSE(val)=573.530633
[GA][Iter5] Gen:6 Ind:7 RMSE(val)=573.612847
[GA][Iter5] Gen:6 Ind:8 RMSE(val)=573.702771
[GA][Iter5] Gen:6 Ind:9 RMSE(val)=574.251347
[GA][Iter5] Gen:6 Ind:10 RMSE(val)=574.618919
[GA][Iter5] Gen:6 Ind:11 RMSE(val)=573.403668
[GA][Iter5] Gen:6 Ind:12 RMSE(val)=571.733315
[GA][Iter5] Gen:6 Ind:13 RMSE(val)=574.439846
[GA][Iter5] Gen:6 Ind:14 RMSE(val)=612.762929
[GA][Iter5] Gen:6 Ind:15 RMSE(val)=574.043010
[GA][Iter5] Gen:6 Ind:16 RMSE(val)=573.612847
[GA][Iter5] Gen:6 Ind:17 RMSE(val)=583.558062
[GA][Iter5] Gen:6 Ind:18 RMSE(val)=576.527655
[GA][Iter5] Gen:6 Ind:19 RMSE(val)=573.251211
[GA][Iter5] Gen:6 Ind:20 RMSE(val)=573.067026
[GA][Iter5] gen=6 best_val_rmse=569.797528
[GA][Iter5] Gen:7 Ind:1 RMSE(val)=569.797528
[GA][Iter5] Gen:7 Ind:2 RMSE(val)=571.733315
[GA][Iter5] Gen:7 Ind:3 RMSE(val)=572.644696
[GA][Iter5] Gen:7 Ind:4 RMSE(val)=572.998279
[GA][Iter5] Gen:7 Ind:5 RMSE(val)=573.067026
[GA][Iter5] Gen:7 Ind:6 RMSE(val)=573.167344
[GA][Iter5] Gen:7 Ind:7 RMSE(val)=573.251211
[GA][Iter5] Gen:7 Ind:8 RMSE(val)=573.403668
[GA][Iter5] Gen:7 Ind:9 RMSE(val)=573.403668
[GA][Iter5] Gen:7 Ind:10 RMSE(val)=573.530633
[GA][Iter5] Gen:7 Ind:11 RMSE(val)=590.164133
[GA][Iter5] Gen:7 Ind:12 RMSE(val)=573.403668
[GA][Iter5] Gen:7 Ind:13 RMSE(val)=583.228515
[GA][Iter5] Gen:7 Ind:14 RMSE(val)=572.644696
[GA][Iter5] Gen:7 Ind:15 RMSE(val)=583.039655
[GA][Iter5] Gen:7 Ind:16 RMSE(val)=575.997454
[GA][Iter5] Gen:7 Ind:17 RMSE(val)=575.716848
[GA][Iter5] Gen:7 Ind:18 RMSE(val)=576.215198
[GA][Iter5] Gen:7 Ind:19 RMSE(val)=580.753596
[GA][Iter5] Gen:7 Ind:20 RMSE(val)=568.115294
[GA][Iter5] gen=7 best_val_rmse=568.115294
[GA][Iter5] Gen:8 Ind:1 RMSE(val)=568.115294
[GA][Iter5] Gen:8 Ind:2 RMSE(val)=569.797528
[GA][Iter5] Gen:8 Ind:3 RMSE(val)=571.733315
[GA][Iter5] Gen:8 Ind:4 RMSE(val)=572.644696
[GA][Iter5] Gen:8 Ind:5 RMSE(val)=572.644696
[GA][Iter5] Gen:8 Ind:6 RMSE(val)=572.998279
[GA][Iter5] Gen:8 Ind:7 RMSE(val)=573.067026
[GA][Iter5] Gen:8 Ind:8 RMSE(val)=573.167344
[GA][Iter5] Gen:8 Ind:9 RMSE(val)=573.251211
[GA][Iter5] Gen:8 Ind:10 RMSE(val)=573.403668
[GA][Iter5] Gen:8 Ind:11 RMSE(val)=570.848375
[GA][Iter5] Gen:8 Ind:12 RMSE(val)=576.511078
[GA][Iter5] Gen:8 Ind:13 RMSE(val)=567.756965
[GA][Iter5] Gen:8 Ind:14 RMSE(val)=586.056803
[GA][Iter5] Gen:8 Ind:15 RMSE(val)=577.924833
[GA][Iter5] Gen:8 Ind:16 RMSE(val)=616.660119
[GA][Iter5] Gen:8 Ind:17 RMSE(val)=570.994690
[GA][Iter5] Gen:8 Ind:18 RMSE(val)=573.148207
[GA][Iter5] Gen:8 Ind:19 RMSE(val)=576.016653
[GA][Iter5] Gen:8 Ind:20 RMSE(val)=571.066471
[GA][Iter5] gen=8 best_val_rmse=567.756965
[GA][Iter5] Gen:9 Ind:1 RMSE(val)=567.756965
[GA][Iter5] Gen:9 Ind:2 RMSE(val)=568.115294
[GA][Iter5] Gen:9 Ind:3 RMSE(val)=569.797528
[GA][Iter5] Gen:9 Ind:4 RMSE(val)=570.848375
[GA][Iter5] Gen:9 Ind:5 RMSE(val)=570.994690
[GA][Iter5] Gen:9 Ind:6 RMSE(val)=571.066471
[GA][Iter5] Gen:9 Ind:7 RMSE(val)=571.733315
[GA][Iter5] Gen:9 Ind:8 RMSE(val)=572.644696
[GA][Iter5] Gen:9 Ind:9 RMSE(val)=572.644696
[GA][Iter5] Gen:9 Ind:10 RMSE(val)=572.998279
[GA][Iter5] Gen:9 Ind:11 RMSE(val)=586.154440
[GA][Iter5] Gen:9 Ind:12 RMSE(val)=584.905480
[GA][Iter5] Gen:9 Ind:13 RMSE(val)=579.640420
[GA][Iter5] Gen:9 Ind:14 RMSE(val)=572.547354
[GA][Iter5] Gen:9 Ind:15 RMSE(val)=568.907209
[GA][Iter5] Gen:9 Ind:16 RMSE(val)=569.198604
[GA][Iter5] Gen:9 Ind:17 RMSE(val)=571.438033
[GA][Iter5] Gen:9 Ind:18 RMSE(val)=604.138948
[GA][Iter5] Gen:9 Ind:19 RMSE(val)=573.705267
[GA][Iter5] Gen:9 Ind:20 RMSE(val)=612.756831
[GA][Iter5] gen=9 best_val_rmse=567.756965
[GA][Iter5] Gen:10 Ind:1 RMSE(val)=567.756965
[GA][Iter5] Gen:10 Ind:2 RMSE(val)=568.115294
[GA][Iter5] Gen:10 Ind:3 RMSE(val)=568.907209
[GA][Iter5] Gen:10 Ind:4 RMSE(val)=569.198604
[GA][Iter5] Gen:10 Ind:5 RMSE(val)=569.797528
[GA][Iter5] Gen:10 Ind:6 RMSE(val)=570.848375
[GA][Iter5] Gen:10 Ind:7 RMSE(val)=570.994690
[GA][Iter5] Gen:10 Ind:8 RMSE(val)=571.066471
[GA][Iter5] Gen:10 Ind:9 RMSE(val)=571.438033
[GA][Iter5] Gen:10 Ind:10 RMSE(val)=571.733315
[GA][Iter5] Gen:10 Ind:11 RMSE(val)=571.513247
[GA][Iter5] Gen:10 Ind:12 RMSE(val)=579.833978
[GA][Iter5] Gen:10 Ind:13 RMSE(val)=570.399637
[GA][Iter5] Gen:10 Ind:14 RMSE(val)=573.366386
[GA][Iter5] Gen:10 Ind:15 RMSE(val)=569.390566
[GA][Iter5] Gen:10 Ind:16 RMSE(val)=571.733315
[GA][Iter5] Gen:10 Ind:17 RMSE(val)=569.655722
[GA][Iter5] Gen:10 Ind:18 RMSE(val)=578.602734
[GA][Iter5] Gen:10 Ind:19 RMSE(val)=571.286718
[GA][Iter5] Gen:10 Ind:20 RMSE(val)=570.848375
[GA][Iter5] gen=10 best_val_rmse=567.756965
[GA][Iter5] Gen:11 Ind:1 RMSE(val)=567.756965
[GA][Iter5] Gen:11 Ind:2 RMSE(val)=568.115294
[GA][Iter5] Gen:11 Ind:3 RMSE(val)=568.907209
[GA][Iter5] Gen:11 Ind:4 RMSE(val)=569.198604
[GA][Iter5] Gen:11 Ind:5 RMSE(val)=569.390566
[GA][Iter5] Gen:11 Ind:6 RMSE(val)=569.655722
[GA][Iter5] Gen:11 Ind:7 RMSE(val)=569.797528
[GA][Iter5] Gen:11 Ind:8 RMSE(val)=570.399637
[GA][Iter5] Gen:11 Ind:9 RMSE(val)=570.848375
[GA][Iter5] Gen:11 Ind:10 RMSE(val)=570.848375
[GA][Iter5] Gen:11 Ind:11 RMSE(val)=574.527691
[GA][Iter5] Gen:11 Ind:12 RMSE(val)=575.084703
[GA][Iter5] Gen:11 Ind:13 RMSE(val)=569.390566
[GA][Iter5] Gen:11 Ind:14 RMSE(val)=575.858469
[GA][Iter5] Gen:11 Ind:15 RMSE(val)=571.596088
[GA][Iter5] Gen:11 Ind:16 RMSE(val)=570.970196
[GA][Iter5] Gen:11 Ind:17 RMSE(val)=569.328669
[GA][Iter5] Gen:11 Ind:18 RMSE(val)=583.632246
[GA][Iter5] Gen:11 Ind:19 RMSE(val)=571.524526
[GA][Iter5] Gen:11 Ind:20 RMSE(val)=572.107727
[GA][Iter5] gen=11 best_val_rmse=567.756965
[GA][Iter5] Gen:12 Ind:1 RMSE(val)=567.756965
[GA][Iter5] Gen:12 Ind:2 RMSE(val)=568.115294
[GA][Iter5] Gen:12 Ind:3 RMSE(val)=568.907209
[GA][Iter5] Gen:12 Ind:4 RMSE(val)=569.198604
[GA][Iter5] Gen:12 Ind:5 RMSE(val)=569.328669
[GA][Iter5] Gen:12 Ind:6 RMSE(val)=569.390566
[GA][Iter5] Gen:12 Ind:7 RMSE(val)=569.390566
[GA][Iter5] Gen:12 Ind:8 RMSE(val)=569.655722
[GA][Iter5] Gen:12 Ind:9 RMSE(val)=569.797528
[GA][Iter5] Gen:12 Ind:10 RMSE(val)=570.399637
[GA][Iter5] Gen:12 Ind:11 RMSE(val)=567.863674
[GA][Iter5] Gen:12 Ind:12 RMSE(val)=566.904693
[GA][Iter5] Gen:12 Ind:13 RMSE(val)=568.907209
[GA][Iter5] Gen:12 Ind:14 RMSE(val)=570.854202
[GA][Iter5] Gen:12 Ind:15 RMSE(val)=570.399637
[GA][Iter5] Gen:12 Ind:16 RMSE(val)=570.600345
[GA][Iter5] Gen:12 Ind:17 RMSE(val)=569.758380
[GA][Iter5] Gen:12 Ind:18 RMSE(val)=570.543696
[GA][Iter5] Gen:12 Ind:19 RMSE(val)=574.527691
[GA][Iter5] Gen:12 Ind:20 RMSE(val)=567.988079
[GA][Iter5] gen=12 best_val_rmse=566.904693
[GA][Iter5] Gen:13 Ind:1 RMSE(val)=566.904693
[GA][Iter5] Gen:13 Ind:2 RMSE(val)=567.756965
[GA][Iter5] Gen:13 Ind:3 RMSE(val)=567.863674
[GA][Iter5] Gen:13 Ind:4 RMSE(val)=567.988079
[GA][Iter5] Gen:13 Ind:5 RMSE(val)=568.115294
[GA][Iter5] Gen:13 Ind:6 RMSE(val)=568.907209
[GA][Iter5] Gen:13 Ind:7 RMSE(val)=568.907209
[GA][Iter5] Gen:13 Ind:8 RMSE(val)=569.198604
[GA][Iter5] Gen:13 Ind:9 RMSE(val)=569.328669
[GA][Iter5] Gen:13 Ind:10 RMSE(val)=569.390566
[GA][Iter5] Gen:13 Ind:11 RMSE(val)=573.185585
[GA][Iter5] Gen:13 Ind:12 RMSE(val)=570.182326
[GA][Iter5] Gen:13 Ind:13 RMSE(val)=572.573099
[GA][Iter5] Gen:13 Ind:14 RMSE(val)=568.928628
[GA][Iter5] Gen:13 Ind:15 RMSE(val)=571.075016
[GA][Iter5] Gen:13 Ind:16 RMSE(val)=567.756965
[GA][Iter5] Gen:13 Ind:17 RMSE(val)=569.463988
[GA][Iter5] Gen:13 Ind:18 RMSE(val)=567.988079
[GA][Iter5] Gen:13 Ind:19 RMSE(val)=568.907209
[GA][Iter5] Gen:13 Ind:20 RMSE(val)=568.907209
[GA][Iter5] gen=13 best_val_rmse=566.904693
[GA][Iter5] Gen:14 Ind:1 RMSE(val)=566.904693
[GA][Iter5] Gen:14 Ind:2 RMSE(val)=567.756965
[GA][Iter5] Gen:14 Ind:3 RMSE(val)=567.756965
[GA][Iter5] Gen:14 Ind:4 RMSE(val)=567.863674
[GA][Iter5] Gen:14 Ind:5 RMSE(val)=567.988079
[GA][Iter5] Gen:14 Ind:6 RMSE(val)=567.988079
[GA][Iter5] Gen:14 Ind:7 RMSE(val)=568.115294
[GA][Iter5] Gen:14 Ind:8 RMSE(val)=568.907209
[GA][Iter5] Gen:14 Ind:9 RMSE(val)=568.907209
[GA][Iter5] Gen:14 Ind:10 RMSE(val)=568.907209
[GA][Iter5] Gen:14 Ind:11 RMSE(val)=568.907209
[GA][Iter5] Gen:14 Ind:12 RMSE(val)=566.313610
[GA][Iter5] Gen:14 Ind:13 RMSE(val)=570.125924
[GA][Iter5] Gen:14 Ind:14 RMSE(val)=570.543696
[GA][Iter5] Gen:14 Ind:15 RMSE(val)=568.907209
[GA][Iter5] Gen:14 Ind:16 RMSE(val)=568.907209
[GA][Iter5] Gen:14 Ind:17 RMSE(val)=574.148298
[GA][Iter5] Gen:14 Ind:18 RMSE(val)=567.863674
[GA][Iter5] Gen:14 Ind:19 RMSE(val)=568.907209
[GA][Iter5] Gen:14 Ind:20 RMSE(val)=570.100511
[GA][Iter5] gen=14 best_val_rmse=566.313610
[GA][Iter5] Gen:15 Ind:1 RMSE(val)=566.313610
[GA][Iter5] Gen:15 Ind:2 RMSE(val)=566.904693
[GA][Iter5] Gen:15 Ind:3 RMSE(val)=567.756965
[GA][Iter5] Gen:15 Ind:4 RMSE(val)=567.756965
[GA][Iter5] Gen:15 Ind:5 RMSE(val)=567.863674
[GA][Iter5] Gen:15 Ind:6 RMSE(val)=567.863674
[GA][Iter5] Gen:15 Ind:7 RMSE(val)=567.988079
[GA][Iter5] Gen:15 Ind:8 RMSE(val)=567.988079
[GA][Iter5] Gen:15 Ind:9 RMSE(val)=568.115294
[GA][Iter5] Gen:15 Ind:10 RMSE(val)=568.907209
[GA][Iter5] Gen:15 Ind:11 RMSE(val)=572.073033
[GA][Iter5] Gen:15 Ind:12 RMSE(val)=575.785712
[GA][Iter5] Gen:15 Ind:13 RMSE(val)=566.438383
[GA][Iter5] Gen:15 Ind:14 RMSE(val)=570.600345
[GA][Iter5] Gen:15 Ind:15 RMSE(val)=574.015296
[GA][Iter5] Gen:15 Ind:16 RMSE(val)=568.869278
[GA][Iter5] Gen:15 Ind:17 RMSE(val)=567.849374
[GA][Iter5] Gen:15 Ind:18 RMSE(val)=570.100511
[GA][Iter5] Gen:15 Ind:19 RMSE(val)=567.863674
[GA][Iter5] Gen:15 Ind:20 RMSE(val)=568.869278
[GA][Iter5] gen=15 best_val_rmse=566.313610
[GA][Iter5] Gen:15 Ind:1 RMSE(val)=566.313610
[GA][Iter5] Gen:15 Ind:2 RMSE(val)=566.438383
[GA][Iter5] Gen:15 Ind:3 RMSE(val)=566.904693
[GA][Iter5] Gen:15 Ind:4 RMSE(val)=567.756965
[GA][Iter5] Gen:15 Ind:5 RMSE(val)=567.756965
[GA][Iter5] Gen:15 Ind:6 RMSE(val)=567.849374
[GA][Iter5] Gen:15 Ind:7 RMSE(val)=567.863674
[GA][Iter5] Gen:15 Ind:8 RMSE(val)=567.863674
[GA][Iter5] Gen:15 Ind:9 RMSE(val)=567.863674
[GA][Iter5] Gen:15 Ind:10 RMSE(val)=567.988079
[GA][Iter5] Gen:15 Ind:11 RMSE(val)=567.863674
[GA][Iter5] Gen:15 Ind:12 RMSE(val)=566.313610
[GA][Iter5] Gen:15 Ind:13 RMSE(val)=567.863674
[GA][Iter5] Gen:15 Ind:14 RMSE(val)=572.162966
[GA][Iter5] Gen:15 Ind:15 RMSE(val)=567.849374
[GA][Iter5] Gen:15 Ind:16 RMSE(val)=566.904693
[GA][Iter5] Gen:15 Ind:17 RMSE(val)=570.178898
[GA][Iter5] Gen:15 Ind:18 RMSE(val)=572.573099
[GA][Iter5] Gen:15 Ind:19 RMSE(val)=573.031474
[GA][Iter5] Gen:15 Ind:20 RMSE(val)=575.197525

[GA DONE][Iter5] Best params on val fold of Iter5
Best val RMSE: 566.313610
Best params: {'n_estimators': 1233, 'learning_rate': 0.04171163357098386, 'num_leaves': 19, 'max_depth': 8, 'min_child_samples': 43, 'subsample': 0.6979243700605705, 'colsample_bytree': 0.7664239586737636, 'reg_lambda': 0.910397152349666, 'reg_alpha': 4.4599969024539154}
--------------------------------------------------------------------------------
[RETUNE GA] Iter5: train folds 1..9 -> test fold 10  RMSE=1137.328337  NRMSE=0.832454  CVRMSE=0.493180  R2=0.303967
