=== BASELINE (project=orange, last-7 mean, expanding folds) ===
Iter1: train folds 1..5 -> test fold 6  RMSE=133.9628  NRMSE=1.0457  CVRMSE=0.1625  R˛=-0.0987
Iter2: train folds 1..6 -> test fold 7  RMSE=155.1727  NRMSE=1.0782  CVRMSE=0.1767  R˛=-0.1682
Iter3: train folds 1..7 -> test fold 8  RMSE=207.6010  NRMSE=1.0608  CVRMSE=0.2265  R˛=-0.1307
Iter4: train folds 1..8 -> test fold 9  RMSE=189.1541  NRMSE=1.0683  CVRMSE=0.2003  R˛=-0.1467
Iter5: train folds 1..9 -> test fold 10  RMSE=151.6303  NRMSE=1.0553  CVRMSE=0.1522  R˛=-0.1190
--------------------------------------------------
[FEATURES] initial=121 kept_after_screening=63
['branch', 'workflow_event_trigger', 'issuer_name', 'gh_files_added', 'gh_files_deleted', 'gh_lines_added', 'gh_test_churn', 'gh_doc_files', 'gh_other_files', 'gh_num_pr_comments', 'gh_test_lines_per_kloc', 'workflow_size', 'hour', 'dow', 'month', 'secs_since_prev', 'duration_lag_1', 'window_avg_7', 'window_std_7', 'ft___css_', 'ft___html_', 'ft___js_', 'ft___kt_', 'ft___kt__', 'ft___kts_', 'ft___kts__', 'ft___kt____dup1', 'ft___md___', 'ft___mustache_', 'ft___png__', 'ft___png____dup1', 'ft___png___', 'ft___properties_', 'ft___properties__', 'ft___toml_', 'ft___toml__', 'ft___txt_', 'ft___txt__', 'ft___webp_', 'ft___xml_', 'ft___xml__', 'ft___yml__', 'ft___yml____dup1', 'ft____json_', 'ft____json__', 'ft____kt_', 'ft____kt__', 'ft____kts_', 'ft____kts__', 'ft____kt____dup1', 'ft____md_', 'ft____md__', 'ft____png__', 'ft____properties__', 'ft____toml_', 'ft____toml__', 'ft____ttf_', 'ft____txt_', 'ft____txt__', 'ft____xml_', 'ft____xml__', 'ft____yml__', 'ft___']
--------------------------------------------------------------------------------
[GA][Iter1] Gen:1 Ind:1 RMSE(val)=6177.843777
[GA][Iter1] Gen:1 Ind:2 RMSE(val)=6192.545313
[GA][Iter1] Gen:1 Ind:3 RMSE(val)=6193.654612
[GA][Iter1] Gen:1 Ind:4 RMSE(val)=6190.612966
[GA][Iter1] Gen:1 Ind:5 RMSE(val)=6187.204753
[GA][Iter1] Gen:1 Ind:6 RMSE(val)=6188.918693
[GA][Iter1] Gen:1 Ind:7 RMSE(val)=6188.677879
[GA][Iter1] Gen:1 Ind:8 RMSE(val)=6182.788734
[GA][Iter1] Gen:1 Ind:9 RMSE(val)=6193.202030
[GA][Iter1] Gen:1 Ind:10 RMSE(val)=6191.063590
[GA][Iter1] Gen:1 Ind:11 RMSE(val)=6186.875623
[GA][Iter1] Gen:1 Ind:12 RMSE(val)=6190.429870
[GA][Iter1] Gen:1 Ind:13 RMSE(val)=6180.929804
[GA][Iter1] Gen:1 Ind:14 RMSE(val)=6191.540228
[GA][Iter1] Gen:1 Ind:15 RMSE(val)=6186.916278
[GA][Iter1] Gen:1 Ind:16 RMSE(val)=6178.930419
[GA][Iter1] Gen:1 Ind:17 RMSE(val)=6198.519878
[GA][Iter1] Gen:1 Ind:18 RMSE(val)=6189.377262
[GA][Iter1] Gen:1 Ind:19 RMSE(val)=6176.110561
[GA][Iter1] Gen:1 Ind:20 RMSE(val)=6188.661410
[GA][Iter1] gen=1 best_val_rmse=6176.110561
[GA][Iter1] Gen:2 Ind:1 RMSE(val)=6176.110561
[GA][Iter1] Gen:2 Ind:2 RMSE(val)=6177.843777
[GA][Iter1] Gen:2 Ind:3 RMSE(val)=6178.930419
[GA][Iter1] Gen:2 Ind:4 RMSE(val)=6180.929804
[GA][Iter1] Gen:2 Ind:5 RMSE(val)=6182.788734
[GA][Iter1] Gen:2 Ind:6 RMSE(val)=6186.875623
[GA][Iter1] Gen:2 Ind:7 RMSE(val)=6186.916278
[GA][Iter1] Gen:2 Ind:8 RMSE(val)=6187.204753
[GA][Iter1] Gen:2 Ind:9 RMSE(val)=6188.661410
[GA][Iter1] Gen:2 Ind:10 RMSE(val)=6188.677879
[GA][Iter1] Gen:2 Ind:11 RMSE(val)=6186.712815
[GA][Iter1] Gen:2 Ind:12 RMSE(val)=6187.766492
[GA][Iter1] Gen:2 Ind:13 RMSE(val)=6180.689596
[GA][Iter1] Gen:2 Ind:14 RMSE(val)=6187.933305
[GA][Iter1] Gen:2 Ind:15 RMSE(val)=6179.598393
[GA][Iter1] Gen:2 Ind:16 RMSE(val)=6185.544940
[GA][Iter1] Gen:2 Ind:17 RMSE(val)=6183.919219
[GA][Iter1] Gen:2 Ind:18 RMSE(val)=6188.990408
[GA][Iter1] Gen:2 Ind:19 RMSE(val)=6180.568182
[GA][Iter1] Gen:2 Ind:20 RMSE(val)=6186.330672
[GA][Iter1] gen=2 best_val_rmse=6176.110561
[GA][Iter1] Gen:3 Ind:1 RMSE(val)=6176.110561
[GA][Iter1] Gen:3 Ind:2 RMSE(val)=6177.843777
[GA][Iter1] Gen:3 Ind:3 RMSE(val)=6178.930419
[GA][Iter1] Gen:3 Ind:4 RMSE(val)=6179.598393
[GA][Iter1] Gen:3 Ind:5 RMSE(val)=6180.568182
[GA][Iter1] Gen:3 Ind:6 RMSE(val)=6180.689596
[GA][Iter1] Gen:3 Ind:7 RMSE(val)=6180.929804
[GA][Iter1] Gen:3 Ind:8 RMSE(val)=6182.788734
[GA][Iter1] Gen:3 Ind:9 RMSE(val)=6183.919219
[GA][Iter1] Gen:3 Ind:10 RMSE(val)=6185.544940
[GA][Iter1] Gen:3 Ind:11 RMSE(val)=6180.689596
[GA][Iter1] Gen:3 Ind:12 RMSE(val)=6188.140290
[GA][Iter1] Gen:3 Ind:13 RMSE(val)=6180.225692
[GA][Iter1] Gen:3 Ind:14 RMSE(val)=6177.657089
[GA][Iter1] Gen:3 Ind:15 RMSE(val)=6177.405030
[GA][Iter1] Gen:3 Ind:16 RMSE(val)=6180.027127
[GA][Iter1] Gen:3 Ind:17 RMSE(val)=6189.036892
[GA][Iter1] Gen:3 Ind:18 RMSE(val)=6180.225901
[GA][Iter1] Gen:3 Ind:19 RMSE(val)=6177.163231
[GA][Iter1] Gen:3 Ind:20 RMSE(val)=6180.572671
[GA][Iter1] gen=3 best_val_rmse=6176.110561
[GA][Iter1] Gen:4 Ind:1 RMSE(val)=6176.110561
[GA][Iter1] Gen:4 Ind:2 RMSE(val)=6177.163231
[GA][Iter1] Gen:4 Ind:3 RMSE(val)=6177.405030
[GA][Iter1] Gen:4 Ind:4 RMSE(val)=6177.657089
[GA][Iter1] Gen:4 Ind:5 RMSE(val)=6177.843777
[GA][Iter1] Gen:4 Ind:6 RMSE(val)=6178.930419
[GA][Iter1] Gen:4 Ind:7 RMSE(val)=6179.598393
[GA][Iter1] Gen:4 Ind:8 RMSE(val)=6180.027127
[GA][Iter1] Gen:4 Ind:9 RMSE(val)=6180.225692
[GA][Iter1] Gen:4 Ind:10 RMSE(val)=6180.225901
[GA][Iter1] Gen:4 Ind:11 RMSE(val)=6180.027127
[GA][Iter1] Gen:4 Ind:12 RMSE(val)=6179.854788
[GA][Iter1] Gen:4 Ind:13 RMSE(val)=6177.120639
[GA][Iter1] Gen:4 Ind:14 RMSE(val)=6179.402681
[GA][Iter1] Gen:4 Ind:15 RMSE(val)=6179.578241
[GA][Iter1] Gen:4 Ind:16 RMSE(val)=6180.389467
[GA][Iter1] Gen:4 Ind:17 RMSE(val)=6180.197453
[GA][Iter1] Gen:4 Ind:18 RMSE(val)=6178.507954
[GA][Iter1] Gen:4 Ind:19 RMSE(val)=6177.655146
[GA][Iter1] Gen:4 Ind:20 RMSE(val)=6166.949190
[GA][Iter1] gen=4 best_val_rmse=6166.949190
[GA][Iter1] Gen:5 Ind:1 RMSE(val)=6166.949190
[GA][Iter1] Gen:5 Ind:2 RMSE(val)=6176.110561
[GA][Iter1] Gen:5 Ind:3 RMSE(val)=6177.120639
[GA][Iter1] Gen:5 Ind:4 RMSE(val)=6177.163231
[GA][Iter1] Gen:5 Ind:5 RMSE(val)=6177.405030
[GA][Iter1] Gen:5 Ind:6 RMSE(val)=6177.655146
[GA][Iter1] Gen:5 Ind:7 RMSE(val)=6177.657089
[GA][Iter1] Gen:5 Ind:8 RMSE(val)=6177.843777
[GA][Iter1] Gen:5 Ind:9 RMSE(val)=6178.507954
[GA][Iter1] Gen:5 Ind:10 RMSE(val)=6178.930419
[GA][Iter1] Gen:5 Ind:11 RMSE(val)=6182.808526
[GA][Iter1] Gen:5 Ind:12 RMSE(val)=6166.949190
[GA][Iter1] Gen:5 Ind:13 RMSE(val)=6179.103766
[GA][Iter1] Gen:5 Ind:14 RMSE(val)=6177.338973
[GA][Iter1] Gen:5 Ind:15 RMSE(val)=6176.906311
[GA][Iter1] Gen:5 Ind:16 RMSE(val)=6176.623665
[GA][Iter1] Gen:5 Ind:17 RMSE(val)=6176.957198
[GA][Iter1] Gen:5 Ind:18 RMSE(val)=6182.879776
[GA][Iter1] Gen:5 Ind:19 RMSE(val)=6179.369612
[GA][Iter1] Gen:5 Ind:20 RMSE(val)=6172.669234
[GA][Iter1] gen=5 best_val_rmse=6166.949190
[GA][Iter1] Gen:6 Ind:1 RMSE(val)=6166.949190
[GA][Iter1] Gen:6 Ind:2 RMSE(val)=6166.949190
[GA][Iter1] Gen:6 Ind:3 RMSE(val)=6172.669234
[GA][Iter1] Gen:6 Ind:4 RMSE(val)=6176.110561
[GA][Iter1] Gen:6 Ind:5 RMSE(val)=6176.623665
[GA][Iter1] Gen:6 Ind:6 RMSE(val)=6176.906311
[GA][Iter1] Gen:6 Ind:7 RMSE(val)=6176.957198
[GA][Iter1] Gen:6 Ind:8 RMSE(val)=6177.120639
[GA][Iter1] Gen:6 Ind:9 RMSE(val)=6177.163231
[GA][Iter1] Gen:6 Ind:10 RMSE(val)=6177.338973
[GA][Iter1] Gen:6 Ind:11 RMSE(val)=6176.708200
[GA][Iter1] Gen:6 Ind:12 RMSE(val)=6173.835593
[GA][Iter1] Gen:6 Ind:13 RMSE(val)=6166.949190
[GA][Iter1] Gen:6 Ind:14 RMSE(val)=6170.657194
[GA][Iter1] Gen:6 Ind:15 RMSE(val)=6166.949190
[GA][Iter1] Gen:6 Ind:16 RMSE(val)=6173.835593
[GA][Iter1] Gen:6 Ind:17 RMSE(val)=6177.655146
[GA][Iter1] Gen:6 Ind:18 RMSE(val)=6175.446247
[GA][Iter1] Gen:6 Ind:19 RMSE(val)=6176.743167
[GA][Iter1] Gen:6 Ind:20 RMSE(val)=6170.447082
[GA][Iter1] gen=6 best_val_rmse=6166.949190
[GA][Iter1] Gen:7 Ind:1 RMSE(val)=6166.949190
[GA][Iter1] Gen:7 Ind:2 RMSE(val)=6166.949190
[GA][Iter1] Gen:7 Ind:3 RMSE(val)=6166.949190
[GA][Iter1] Gen:7 Ind:4 RMSE(val)=6166.949190
[GA][Iter1] Gen:7 Ind:5 RMSE(val)=6170.447082
[GA][Iter1] Gen:7 Ind:6 RMSE(val)=6170.657194
[GA][Iter1] Gen:7 Ind:7 RMSE(val)=6172.669234
[GA][Iter1] Gen:7 Ind:8 RMSE(val)=6173.835593
[GA][Iter1] Gen:7 Ind:9 RMSE(val)=6173.835593
[GA][Iter1] Gen:7 Ind:10 RMSE(val)=6175.446247
[GA][Iter1] Gen:7 Ind:11 RMSE(val)=6175.405991
[GA][Iter1] Gen:7 Ind:12 RMSE(val)=6174.035913
[GA][Iter1] Gen:7 Ind:13 RMSE(val)=6182.126947
[GA][Iter1] Gen:7 Ind:14 RMSE(val)=6175.084373
[GA][Iter1] Gen:7 Ind:15 RMSE(val)=6168.816766
[GA][Iter1] Gen:7 Ind:16 RMSE(val)=6168.688292
[GA][Iter1] Gen:7 Ind:17 RMSE(val)=6166.949190
[GA][Iter1] Gen:7 Ind:18 RMSE(val)=6169.644419
[GA][Iter1] Gen:7 Ind:19 RMSE(val)=6168.586871
[GA][Iter1] Gen:7 Ind:20 RMSE(val)=6174.359430
[GA][Iter1] gen=7 best_val_rmse=6166.949190
[GA][Iter1] Gen:8 Ind:1 RMSE(val)=6166.949190
[GA][Iter1] Gen:8 Ind:2 RMSE(val)=6166.949190
[GA][Iter1] Gen:8 Ind:3 RMSE(val)=6166.949190
[GA][Iter1] Gen:8 Ind:4 RMSE(val)=6166.949190
[GA][Iter1] Gen:8 Ind:5 RMSE(val)=6166.949190
[GA][Iter1] Gen:8 Ind:6 RMSE(val)=6168.586871
[GA][Iter1] Gen:8 Ind:7 RMSE(val)=6168.688292
[GA][Iter1] Gen:8 Ind:8 RMSE(val)=6168.816766
[GA][Iter1] Gen:8 Ind:9 RMSE(val)=6169.644419
[GA][Iter1] Gen:8 Ind:10 RMSE(val)=6170.447082
[GA][Iter1] Gen:8 Ind:11 RMSE(val)=6166.949190
[GA][Iter1] Gen:8 Ind:12 RMSE(val)=6169.748231
[GA][Iter1] Gen:8 Ind:13 RMSE(val)=6166.949190
[GA][Iter1] Gen:8 Ind:14 RMSE(val)=6168.816766
[GA][Iter1] Gen:8 Ind:15 RMSE(val)=6170.657194
[GA][Iter1] Gen:8 Ind:16 RMSE(val)=6166.949190
[GA][Iter1] Gen:8 Ind:17 RMSE(val)=6166.949190
[GA][Iter1] Gen:8 Ind:18 RMSE(val)=6169.311997
[GA][Iter1] Gen:8 Ind:19 RMSE(val)=6176.443735
[GA][Iter1] Gen:8 Ind:20 RMSE(val)=6166.949190
[GA][Iter1] gen=8 best_val_rmse=6166.949190
[GA][Iter1] Gen:9 Ind:1 RMSE(val)=6166.949190
[GA][Iter1] Gen:9 Ind:2 RMSE(val)=6166.949190
[GA][Iter1] Gen:9 Ind:3 RMSE(val)=6166.949190
[GA][Iter1] Gen:9 Ind:4 RMSE(val)=6166.949190
[GA][Iter1] Gen:9 Ind:5 RMSE(val)=6166.949190
[GA][Iter1] Gen:9 Ind:6 RMSE(val)=6166.949190
[GA][Iter1] Gen:9 Ind:7 RMSE(val)=6166.949190
[GA][Iter1] Gen:9 Ind:8 RMSE(val)=6166.949190
[GA][Iter1] Gen:9 Ind:9 RMSE(val)=6166.949190
[GA][Iter1] Gen:9 Ind:10 RMSE(val)=6166.949190
[GA][Iter1] Gen:9 Ind:11 RMSE(val)=6167.097555
[GA][Iter1] Gen:9 Ind:12 RMSE(val)=6166.949190
[GA][Iter1] Gen:9 Ind:13 RMSE(val)=6166.949190
[GA][Iter1] Gen:9 Ind:14 RMSE(val)=6170.655846
[GA][Iter1] Gen:9 Ind:15 RMSE(val)=6169.175234
[GA][Iter1] Gen:9 Ind:16 RMSE(val)=6166.949190
[GA][Iter1] Gen:9 Ind:17 RMSE(val)=6166.949190
[GA][Iter1] Gen:9 Ind:18 RMSE(val)=6166.949190
[GA][Iter1] Gen:9 Ind:19 RMSE(val)=6166.949190
[GA][Iter1] Gen:9 Ind:20 RMSE(val)=6169.811475
[GA][Iter1] gen=9 best_val_rmse=6166.949190
[GA][Iter1] Gen:10 Ind:1 RMSE(val)=6166.949190
[GA][Iter1] Gen:10 Ind:2 RMSE(val)=6166.949190
[GA][Iter1] Gen:10 Ind:3 RMSE(val)=6166.949190
[GA][Iter1] Gen:10 Ind:4 RMSE(val)=6166.949190
[GA][Iter1] Gen:10 Ind:5 RMSE(val)=6166.949190
[GA][Iter1] Gen:10 Ind:6 RMSE(val)=6166.949190
[GA][Iter1] Gen:10 Ind:7 RMSE(val)=6166.949190
[GA][Iter1] Gen:10 Ind:8 RMSE(val)=6166.949190
[GA][Iter1] Gen:10 Ind:9 RMSE(val)=6166.949190
[GA][Iter1] Gen:10 Ind:10 RMSE(val)=6166.949190
[GA][Iter1] Gen:10 Ind:11 RMSE(val)=6166.911180
[GA][Iter1] Gen:10 Ind:12 RMSE(val)=6171.109174
[GA][Iter1] Gen:10 Ind:13 RMSE(val)=6170.436436
[GA][Iter1] Gen:10 Ind:14 RMSE(val)=6166.949190
[GA][Iter1] Gen:10 Ind:15 RMSE(val)=6166.949190
[GA][Iter1] Gen:10 Ind:16 RMSE(val)=6166.949190
[GA][Iter1] Gen:10 Ind:17 RMSE(val)=6166.949190
[GA][Iter1] Gen:10 Ind:18 RMSE(val)=6166.949190
[GA][Iter1] Gen:10 Ind:19 RMSE(val)=6166.949190
[GA][Iter1] Gen:10 Ind:20 RMSE(val)=6166.949190
[GA][Iter1] gen=10 best_val_rmse=6166.911180
[GA][Iter1] Gen:11 Ind:1 RMSE(val)=6166.911180
[GA][Iter1] Gen:11 Ind:2 RMSE(val)=6166.949190
[GA][Iter1] Gen:11 Ind:3 RMSE(val)=6166.949190
[GA][Iter1] Gen:11 Ind:4 RMSE(val)=6166.949190
[GA][Iter1] Gen:11 Ind:5 RMSE(val)=6166.949190
[GA][Iter1] Gen:11 Ind:6 RMSE(val)=6166.949190
[GA][Iter1] Gen:11 Ind:7 RMSE(val)=6166.949190
[GA][Iter1] Gen:11 Ind:8 RMSE(val)=6166.949190
[GA][Iter1] Gen:11 Ind:9 RMSE(val)=6166.949190
[GA][Iter1] Gen:11 Ind:10 RMSE(val)=6166.949190
[GA][Iter1] Gen:11 Ind:11 RMSE(val)=6166.949190
[GA][Iter1] Gen:11 Ind:12 RMSE(val)=6168.023926
[GA][Iter1] Gen:11 Ind:13 RMSE(val)=6175.725317
[GA][Iter1] Gen:11 Ind:14 RMSE(val)=6166.949190
[GA][Iter1] Gen:11 Ind:15 RMSE(val)=6166.949190
[GA][Iter1] Gen:11 Ind:16 RMSE(val)=6166.949190
[GA][Iter1] Gen:11 Ind:17 RMSE(val)=6166.949190
[GA][Iter1] Gen:11 Ind:18 RMSE(val)=6166.940264
[GA][Iter1] Gen:11 Ind:19 RMSE(val)=6168.428961
[GA][Iter1] Gen:11 Ind:20 RMSE(val)=6166.634998
[GA][Iter1] gen=11 best_val_rmse=6166.634998
[GA][Iter1] Gen:12 Ind:1 RMSE(val)=6166.634998
[GA][Iter1] Gen:12 Ind:2 RMSE(val)=6166.911180
[GA][Iter1] Gen:12 Ind:3 RMSE(val)=6166.940264
[GA][Iter1] Gen:12 Ind:4 RMSE(val)=6166.949190
[GA][Iter1] Gen:12 Ind:5 RMSE(val)=6166.949190
[GA][Iter1] Gen:12 Ind:6 RMSE(val)=6166.949190
[GA][Iter1] Gen:12 Ind:7 RMSE(val)=6166.949190
[GA][Iter1] Gen:12 Ind:8 RMSE(val)=6166.949190
[GA][Iter1] Gen:12 Ind:9 RMSE(val)=6166.949190
[GA][Iter1] Gen:12 Ind:10 RMSE(val)=6166.949190
[GA][Iter1] Gen:12 Ind:11 RMSE(val)=6171.093272
[GA][Iter1] Gen:12 Ind:12 RMSE(val)=6169.835063
[GA][Iter1] Gen:12 Ind:13 RMSE(val)=6166.664385
[GA][Iter1] Gen:12 Ind:14 RMSE(val)=6166.949190
[GA][Iter1] Gen:12 Ind:15 RMSE(val)=6171.309428
[GA][Iter1] Gen:12 Ind:16 RMSE(val)=6166.949190
[GA][Iter1] Gen:12 Ind:17 RMSE(val)=6166.949190
[GA][Iter1] Gen:12 Ind:18 RMSE(val)=6166.949190
[GA][Iter1] Gen:12 Ind:19 RMSE(val)=6166.940264
[GA][Iter1] Gen:12 Ind:20 RMSE(val)=6166.949190
[GA][Iter1] gen=12 best_val_rmse=6166.634998
[GA][Iter1] Gen:13 Ind:1 RMSE(val)=6166.634998
[GA][Iter1] Gen:13 Ind:2 RMSE(val)=6166.664385
[GA][Iter1] Gen:13 Ind:3 RMSE(val)=6166.911180
[GA][Iter1] Gen:13 Ind:4 RMSE(val)=6166.940264
[GA][Iter1] Gen:13 Ind:5 RMSE(val)=6166.940264
[GA][Iter1] Gen:13 Ind:6 RMSE(val)=6166.949190
[GA][Iter1] Gen:13 Ind:7 RMSE(val)=6166.949190
[GA][Iter1] Gen:13 Ind:8 RMSE(val)=6166.949190
[GA][Iter1] Gen:13 Ind:9 RMSE(val)=6166.949190
[GA][Iter1] Gen:13 Ind:10 RMSE(val)=6166.949190
[GA][Iter1] Gen:13 Ind:11 RMSE(val)=6166.949190
[GA][Iter1] Gen:13 Ind:12 RMSE(val)=6166.664385
[GA][Iter1] Gen:13 Ind:13 RMSE(val)=6166.949190
[GA][Iter1] Gen:13 Ind:14 RMSE(val)=6166.664385
[GA][Iter1] Gen:13 Ind:15 RMSE(val)=6166.949190
[GA][Iter1] Gen:13 Ind:16 RMSE(val)=6190.031242
[GA][Iter1] Gen:13 Ind:17 RMSE(val)=6166.664385
[GA][Iter1] Gen:13 Ind:18 RMSE(val)=6174.193183
[GA][Iter1] Gen:13 Ind:19 RMSE(val)=6166.940264
[GA][Iter1] Gen:13 Ind:20 RMSE(val)=6166.949190
[GA][Iter1] gen=13 best_val_rmse=6166.634998
[GA][Iter1] Gen:14 Ind:1 RMSE(val)=6166.634998
[GA][Iter1] Gen:14 Ind:2 RMSE(val)=6166.664385
[GA][Iter1] Gen:14 Ind:3 RMSE(val)=6166.664385
[GA][Iter1] Gen:14 Ind:4 RMSE(val)=6166.664385
[GA][Iter1] Gen:14 Ind:5 RMSE(val)=6166.664385
[GA][Iter1] Gen:14 Ind:6 RMSE(val)=6166.911180
[GA][Iter1] Gen:14 Ind:7 RMSE(val)=6166.940264
[GA][Iter1] Gen:14 Ind:8 RMSE(val)=6166.940264
[GA][Iter1] Gen:14 Ind:9 RMSE(val)=6166.940264
[GA][Iter1] Gen:14 Ind:10 RMSE(val)=6166.949190
[GA][Iter1] Gen:14 Ind:11 RMSE(val)=6166.949190
[GA][Iter1] Gen:14 Ind:12 RMSE(val)=6166.949190
[GA][Iter1] Gen:14 Ind:13 RMSE(val)=6168.476864
[GA][Iter1] Gen:14 Ind:14 RMSE(val)=6166.940264
[GA][Iter1] Gen:14 Ind:15 RMSE(val)=6166.685072
[GA][Iter1] Gen:14 Ind:16 RMSE(val)=6166.911180
[GA][Iter1] Gen:14 Ind:17 RMSE(val)=6166.949190
[GA][Iter1] Gen:14 Ind:18 RMSE(val)=6166.949190
[GA][Iter1] Gen:14 Ind:19 RMSE(val)=6166.664385
[GA][Iter1] Gen:14 Ind:20 RMSE(val)=6166.911180
[GA][Iter1] gen=14 best_val_rmse=6166.634998
[GA][Iter1] Gen:15 Ind:1 RMSE(val)=6166.634998
[GA][Iter1] Gen:15 Ind:2 RMSE(val)=6166.664385
[GA][Iter1] Gen:15 Ind:3 RMSE(val)=6166.664385
[GA][Iter1] Gen:15 Ind:4 RMSE(val)=6166.664385
[GA][Iter1] Gen:15 Ind:5 RMSE(val)=6166.664385
[GA][Iter1] Gen:15 Ind:6 RMSE(val)=6166.664385
[GA][Iter1] Gen:15 Ind:7 RMSE(val)=6166.685072
[GA][Iter1] Gen:15 Ind:8 RMSE(val)=6166.911180
[GA][Iter1] Gen:15 Ind:9 RMSE(val)=6166.911180
[GA][Iter1] Gen:15 Ind:10 RMSE(val)=6166.911180
[GA][Iter1] Gen:15 Ind:11 RMSE(val)=6166.949190
[GA][Iter1] Gen:15 Ind:12 RMSE(val)=6166.664385
[GA][Iter1] Gen:15 Ind:13 RMSE(val)=6166.959683
[GA][Iter1] Gen:15 Ind:14 RMSE(val)=6166.664385
[GA][Iter1] Gen:15 Ind:15 RMSE(val)=6166.911180
[GA][Iter1] Gen:15 Ind:16 RMSE(val)=6166.678790
[GA][Iter1] Gen:15 Ind:17 RMSE(val)=6166.664385
[GA][Iter1] Gen:15 Ind:18 RMSE(val)=6166.664385
[GA][Iter1] Gen:15 Ind:19 RMSE(val)=6166.685072
[GA][Iter1] Gen:15 Ind:20 RMSE(val)=6166.664385
[GA][Iter1] gen=15 best_val_rmse=6166.634998
[GA][Iter1] Gen:15 Ind:1 RMSE(val)=6166.634998
[GA][Iter1] Gen:15 Ind:2 RMSE(val)=6166.664385
[GA][Iter1] Gen:15 Ind:3 RMSE(val)=6166.664385
[GA][Iter1] Gen:15 Ind:4 RMSE(val)=6166.664385
[GA][Iter1] Gen:15 Ind:5 RMSE(val)=6166.664385
[GA][Iter1] Gen:15 Ind:6 RMSE(val)=6166.664385
[GA][Iter1] Gen:15 Ind:7 RMSE(val)=6166.664385
[GA][Iter1] Gen:15 Ind:8 RMSE(val)=6166.664385
[GA][Iter1] Gen:15 Ind:9 RMSE(val)=6166.664385
[GA][Iter1] Gen:15 Ind:10 RMSE(val)=6166.664385
[GA][Iter1] Gen:15 Ind:11 RMSE(val)=6166.664385
[GA][Iter1] Gen:15 Ind:12 RMSE(val)=6166.664385
[GA][Iter1] Gen:15 Ind:13 RMSE(val)=6166.949190
[GA][Iter1] Gen:15 Ind:14 RMSE(val)=6166.664385
[GA][Iter1] Gen:15 Ind:15 RMSE(val)=6166.664385
[GA][Iter1] Gen:15 Ind:16 RMSE(val)=6166.664385
[GA][Iter1] Gen:15 Ind:17 RMSE(val)=6166.664385
[GA][Iter1] Gen:15 Ind:18 RMSE(val)=6166.664385
[GA][Iter1] Gen:15 Ind:19 RMSE(val)=6166.664385
[GA][Iter1] Gen:15 Ind:20 RMSE(val)=6167.517190

[GA DONE][Iter1] Best params on val fold of Iter1
Best val RMSE: 6166.634998
Best params: {'n_estimators': 1483, 'learning_rate': 0.09409821657618767, 'num_leaves': 70, 'max_depth': 3, 'min_child_samples': 7, 'subsample': 0.7901129512394925, 'colsample_bytree': 0.8030726698417301, 'reg_lambda': 0.5195805653503169, 'reg_alpha': 0.05678614145615259}
--------------------------------------------------------------------------------
[RETUNE GA] Iter1: train folds 1..5 -> test fold 6  RMSE=150.004813  NRMSE=1.170914  CVRMSE=0.181938  R2=-0.377600
[GA][Iter2] Gen:1 Ind:1 RMSE(val)=139.870438
[GA][Iter2] Gen:1 Ind:2 RMSE(val)=147.960717
[GA][Iter2] Gen:1 Ind:3 RMSE(val)=153.930295
[GA][Iter2] Gen:1 Ind:4 RMSE(val)=158.725912
[GA][Iter2] Gen:1 Ind:5 RMSE(val)=152.440020
[GA][Iter2] Gen:1 Ind:6 RMSE(val)=138.017432
[GA][Iter2] Gen:1 Ind:7 RMSE(val)=148.308599
[GA][Iter2] Gen:1 Ind:8 RMSE(val)=146.028379
[GA][Iter2] Gen:1 Ind:9 RMSE(val)=157.136202
[GA][Iter2] Gen:1 Ind:10 RMSE(val)=138.569568
[GA][Iter2] Gen:1 Ind:11 RMSE(val)=149.685240
[GA][Iter2] Gen:1 Ind:12 RMSE(val)=152.422985
[GA][Iter2] Gen:1 Ind:13 RMSE(val)=144.764344
[GA][Iter2] Gen:1 Ind:14 RMSE(val)=150.197691
[GA][Iter2] Gen:1 Ind:15 RMSE(val)=140.430676
[GA][Iter2] Gen:1 Ind:16 RMSE(val)=138.203210
[GA][Iter2] Gen:1 Ind:17 RMSE(val)=157.439193
[GA][Iter2] Gen:1 Ind:18 RMSE(val)=143.992597
[GA][Iter2] Gen:1 Ind:19 RMSE(val)=153.052877
[GA][Iter2] Gen:1 Ind:20 RMSE(val)=147.501288
[GA][Iter2] gen=1 best_val_rmse=138.017432
[GA][Iter2] Gen:2 Ind:1 RMSE(val)=138.017432
[GA][Iter2] Gen:2 Ind:2 RMSE(val)=138.203210
[GA][Iter2] Gen:2 Ind:3 RMSE(val)=138.569568
[GA][Iter2] Gen:2 Ind:4 RMSE(val)=139.870438
[GA][Iter2] Gen:2 Ind:5 RMSE(val)=140.430676
[GA][Iter2] Gen:2 Ind:6 RMSE(val)=143.992597
[GA][Iter2] Gen:2 Ind:7 RMSE(val)=144.764344
[GA][Iter2] Gen:2 Ind:8 RMSE(val)=146.028379
[GA][Iter2] Gen:2 Ind:9 RMSE(val)=147.501288
[GA][Iter2] Gen:2 Ind:10 RMSE(val)=147.960717
[GA][Iter2] Gen:2 Ind:11 RMSE(val)=143.341773
[GA][Iter2] Gen:2 Ind:12 RMSE(val)=143.568726
[GA][Iter2] Gen:2 Ind:13 RMSE(val)=135.966624
[GA][Iter2] Gen:2 Ind:14 RMSE(val)=135.560903
[GA][Iter2] Gen:2 Ind:15 RMSE(val)=135.990012
[GA][Iter2] Gen:2 Ind:16 RMSE(val)=143.082829
[GA][Iter2] Gen:2 Ind:17 RMSE(val)=135.651149
[GA][Iter2] Gen:2 Ind:18 RMSE(val)=148.416292
[GA][Iter2] Gen:2 Ind:19 RMSE(val)=141.418641
[GA][Iter2] Gen:2 Ind:20 RMSE(val)=144.158396
[GA][Iter2] gen=2 best_val_rmse=135.560903
[GA][Iter2] Gen:3 Ind:1 RMSE(val)=135.560903
[GA][Iter2] Gen:3 Ind:2 RMSE(val)=135.651149
[GA][Iter2] Gen:3 Ind:3 RMSE(val)=135.966624
[GA][Iter2] Gen:3 Ind:4 RMSE(val)=135.990012
[GA][Iter2] Gen:3 Ind:5 RMSE(val)=138.017432
[GA][Iter2] Gen:3 Ind:6 RMSE(val)=138.203210
[GA][Iter2] Gen:3 Ind:7 RMSE(val)=138.569568
[GA][Iter2] Gen:3 Ind:8 RMSE(val)=139.870438
[GA][Iter2] Gen:3 Ind:9 RMSE(val)=140.430676
[GA][Iter2] Gen:3 Ind:10 RMSE(val)=141.418641
[GA][Iter2] Gen:3 Ind:11 RMSE(val)=142.749265
[GA][Iter2] Gen:3 Ind:12 RMSE(val)=135.966624
[GA][Iter2] Gen:3 Ind:13 RMSE(val)=137.694221
[GA][Iter2] Gen:3 Ind:14 RMSE(val)=135.379860
[GA][Iter2] Gen:3 Ind:15 RMSE(val)=136.954701
[GA][Iter2] Gen:3 Ind:16 RMSE(val)=136.067953
[GA][Iter2] Gen:3 Ind:17 RMSE(val)=136.057238
[GA][Iter2] Gen:3 Ind:18 RMSE(val)=138.559356
[GA][Iter2] Gen:3 Ind:19 RMSE(val)=144.310438
[GA][Iter2] Gen:3 Ind:20 RMSE(val)=135.483404
[GA][Iter2] gen=3 best_val_rmse=135.379860
[GA][Iter2] Gen:4 Ind:1 RMSE(val)=135.379860
[GA][Iter2] Gen:4 Ind:2 RMSE(val)=135.483404
[GA][Iter2] Gen:4 Ind:3 RMSE(val)=135.560903
[GA][Iter2] Gen:4 Ind:4 RMSE(val)=135.651149
[GA][Iter2] Gen:4 Ind:5 RMSE(val)=135.966624
[GA][Iter2] Gen:4 Ind:6 RMSE(val)=135.966624
[GA][Iter2] Gen:4 Ind:7 RMSE(val)=135.990012
[GA][Iter2] Gen:4 Ind:8 RMSE(val)=136.057238
[GA][Iter2] Gen:4 Ind:9 RMSE(val)=136.067953
[GA][Iter2] Gen:4 Ind:10 RMSE(val)=136.954701
[GA][Iter2] Gen:4 Ind:11 RMSE(val)=137.606185
[GA][Iter2] Gen:4 Ind:12 RMSE(val)=137.096972
[GA][Iter2] Gen:4 Ind:13 RMSE(val)=135.434020
[GA][Iter2] Gen:4 Ind:14 RMSE(val)=139.995742
[GA][Iter2] Gen:4 Ind:15 RMSE(val)=138.198774
[GA][Iter2] Gen:4 Ind:16 RMSE(val)=137.362115
[GA][Iter2] Gen:4 Ind:17 RMSE(val)=142.382638
[GA][Iter2] Gen:4 Ind:18 RMSE(val)=136.146549
[GA][Iter2] Gen:4 Ind:19 RMSE(val)=142.578072
[GA][Iter2] Gen:4 Ind:20 RMSE(val)=137.303098
[GA][Iter2] gen=4 best_val_rmse=135.379860
[GA][Iter2] Gen:5 Ind:1 RMSE(val)=135.379860
[GA][Iter2] Gen:5 Ind:2 RMSE(val)=135.434020
[GA][Iter2] Gen:5 Ind:3 RMSE(val)=135.483404
[GA][Iter2] Gen:5 Ind:4 RMSE(val)=135.560903
[GA][Iter2] Gen:5 Ind:5 RMSE(val)=135.651149
[GA][Iter2] Gen:5 Ind:6 RMSE(val)=135.966624
[GA][Iter2] Gen:5 Ind:7 RMSE(val)=135.966624
[GA][Iter2] Gen:5 Ind:8 RMSE(val)=135.990012
[GA][Iter2] Gen:5 Ind:9 RMSE(val)=136.057238
[GA][Iter2] Gen:5 Ind:10 RMSE(val)=136.067953
[GA][Iter2] Gen:5 Ind:11 RMSE(val)=139.622786
[GA][Iter2] Gen:5 Ind:12 RMSE(val)=139.859080
[GA][Iter2] Gen:5 Ind:13 RMSE(val)=136.253944
[GA][Iter2] Gen:5 Ind:14 RMSE(val)=141.990596
[GA][Iter2] Gen:5 Ind:15 RMSE(val)=135.840178
[GA][Iter2] Gen:5 Ind:16 RMSE(val)=136.382413
[GA][Iter2] Gen:5 Ind:17 RMSE(val)=143.714068
[GA][Iter2] Gen:5 Ind:18 RMSE(val)=151.166912
[GA][Iter2] Gen:5 Ind:19 RMSE(val)=135.434020
[GA][Iter2] Gen:5 Ind:20 RMSE(val)=139.326553
[GA][Iter2] gen=5 best_val_rmse=135.379860
[GA][Iter2] Gen:6 Ind:1 RMSE(val)=135.379860
[GA][Iter2] Gen:6 Ind:2 RMSE(val)=135.434020
[GA][Iter2] Gen:6 Ind:3 RMSE(val)=135.434020
[GA][Iter2] Gen:6 Ind:4 RMSE(val)=135.483404
[GA][Iter2] Gen:6 Ind:5 RMSE(val)=135.560903
[GA][Iter2] Gen:6 Ind:6 RMSE(val)=135.651149
[GA][Iter2] Gen:6 Ind:7 RMSE(val)=135.840178
[GA][Iter2] Gen:6 Ind:8 RMSE(val)=135.966624
[GA][Iter2] Gen:6 Ind:9 RMSE(val)=135.966624
[GA][Iter2] Gen:6 Ind:10 RMSE(val)=135.990012
[GA][Iter2] Gen:6 Ind:11 RMSE(val)=136.667816
[GA][Iter2] Gen:6 Ind:12 RMSE(val)=143.154610
[GA][Iter2] Gen:6 Ind:13 RMSE(val)=137.534375
[GA][Iter2] Gen:6 Ind:14 RMSE(val)=135.454319
[GA][Iter2] Gen:6 Ind:15 RMSE(val)=141.066616
[GA][Iter2] Gen:6 Ind:16 RMSE(val)=135.338467
[GA][Iter2] Gen:6 Ind:17 RMSE(val)=135.563535
[GA][Iter2] Gen:6 Ind:18 RMSE(val)=141.995922
[GA][Iter2] Gen:6 Ind:19 RMSE(val)=143.990391
[GA][Iter2] Gen:6 Ind:20 RMSE(val)=140.603798
[GA][Iter2] gen=6 best_val_rmse=135.338467
[GA][Iter2] Gen:7 Ind:1 RMSE(val)=135.338467
[GA][Iter2] Gen:7 Ind:2 RMSE(val)=135.379860
[GA][Iter2] Gen:7 Ind:3 RMSE(val)=135.434020
[GA][Iter2] Gen:7 Ind:4 RMSE(val)=135.434020
[GA][Iter2] Gen:7 Ind:5 RMSE(val)=135.454319
[GA][Iter2] Gen:7 Ind:6 RMSE(val)=135.483404
[GA][Iter2] Gen:7 Ind:7 RMSE(val)=135.560903
[GA][Iter2] Gen:7 Ind:8 RMSE(val)=135.563535
[GA][Iter2] Gen:7 Ind:9 RMSE(val)=135.651149
[GA][Iter2] Gen:7 Ind:10 RMSE(val)=135.840178
[GA][Iter2] Gen:7 Ind:11 RMSE(val)=135.563535
[GA][Iter2] Gen:7 Ind:12 RMSE(val)=137.815542
[GA][Iter2] Gen:7 Ind:13 RMSE(val)=135.367197
[GA][Iter2] Gen:7 Ind:14 RMSE(val)=136.468791
[GA][Iter2] Gen:7 Ind:15 RMSE(val)=135.428010
[GA][Iter2] Gen:7 Ind:16 RMSE(val)=139.326553
[GA][Iter2] Gen:7 Ind:17 RMSE(val)=135.454319
[GA][Iter2] Gen:7 Ind:18 RMSE(val)=136.167303
[GA][Iter2] Gen:7 Ind:19 RMSE(val)=145.241153
[GA][Iter2] Gen:7 Ind:20 RMSE(val)=141.411218
[GA][Iter2] gen=7 best_val_rmse=135.338467
[GA][Iter2] Gen:8 Ind:1 RMSE(val)=135.338467
[GA][Iter2] Gen:8 Ind:2 RMSE(val)=135.367197
[GA][Iter2] Gen:8 Ind:3 RMSE(val)=135.379860
[GA][Iter2] Gen:8 Ind:4 RMSE(val)=135.428010
[GA][Iter2] Gen:8 Ind:5 RMSE(val)=135.434020
[GA][Iter2] Gen:8 Ind:6 RMSE(val)=135.434020
[GA][Iter2] Gen:8 Ind:7 RMSE(val)=135.454319
[GA][Iter2] Gen:8 Ind:8 RMSE(val)=135.454319
[GA][Iter2] Gen:8 Ind:9 RMSE(val)=135.483404
[GA][Iter2] Gen:8 Ind:10 RMSE(val)=135.560903
[GA][Iter2] Gen:8 Ind:11 RMSE(val)=135.373722
[GA][Iter2] Gen:8 Ind:12 RMSE(val)=135.101896
[GA][Iter2] Gen:8 Ind:13 RMSE(val)=140.179220
[GA][Iter2] Gen:8 Ind:14 RMSE(val)=135.454319
[GA][Iter2] Gen:8 Ind:15 RMSE(val)=135.434020
[GA][Iter2] Gen:8 Ind:16 RMSE(val)=135.305357
[GA][Iter2] Gen:8 Ind:17 RMSE(val)=135.367197
[GA][Iter2] Gen:8 Ind:18 RMSE(val)=136.157461
[GA][Iter2] Gen:8 Ind:19 RMSE(val)=139.810894
[GA][Iter2] Gen:8 Ind:20 RMSE(val)=135.365545
[GA][Iter2] gen=8 best_val_rmse=135.101896
[GA][Iter2] Gen:9 Ind:1 RMSE(val)=135.101896
[GA][Iter2] Gen:9 Ind:2 RMSE(val)=135.305357
[GA][Iter2] Gen:9 Ind:3 RMSE(val)=135.338467
[GA][Iter2] Gen:9 Ind:4 RMSE(val)=135.365545
[GA][Iter2] Gen:9 Ind:5 RMSE(val)=135.367197
[GA][Iter2] Gen:9 Ind:6 RMSE(val)=135.367197
[GA][Iter2] Gen:9 Ind:7 RMSE(val)=135.373722
[GA][Iter2] Gen:9 Ind:8 RMSE(val)=135.379860
[GA][Iter2] Gen:9 Ind:9 RMSE(val)=135.428010
[GA][Iter2] Gen:9 Ind:10 RMSE(val)=135.434020
[GA][Iter2] Gen:9 Ind:11 RMSE(val)=140.736303
[GA][Iter2] Gen:9 Ind:12 RMSE(val)=135.373722
[GA][Iter2] Gen:9 Ind:13 RMSE(val)=135.484063
[GA][Iter2] Gen:9 Ind:14 RMSE(val)=137.234630
[GA][Iter2] Gen:9 Ind:15 RMSE(val)=135.847642
[GA][Iter2] Gen:9 Ind:16 RMSE(val)=135.531365
[GA][Iter2] Gen:9 Ind:17 RMSE(val)=136.082126
[GA][Iter2] Gen:9 Ind:18 RMSE(val)=135.526110
[GA][Iter2] Gen:9 Ind:19 RMSE(val)=135.367197
[GA][Iter2] Gen:9 Ind:20 RMSE(val)=135.412150
[GA][Iter2] gen=9 best_val_rmse=135.101896
[GA][Iter2] Gen:10 Ind:1 RMSE(val)=135.101896
[GA][Iter2] Gen:10 Ind:2 RMSE(val)=135.305357
[GA][Iter2] Gen:10 Ind:3 RMSE(val)=135.338467
[GA][Iter2] Gen:10 Ind:4 RMSE(val)=135.365545
[GA][Iter2] Gen:10 Ind:5 RMSE(val)=135.367197
[GA][Iter2] Gen:10 Ind:6 RMSE(val)=135.367197
[GA][Iter2] Gen:10 Ind:7 RMSE(val)=135.367197
[GA][Iter2] Gen:10 Ind:8 RMSE(val)=135.373722
[GA][Iter2] Gen:10 Ind:9 RMSE(val)=135.373722
[GA][Iter2] Gen:10 Ind:10 RMSE(val)=135.379860
[GA][Iter2] Gen:10 Ind:11 RMSE(val)=135.003453
[GA][Iter2] Gen:10 Ind:12 RMSE(val)=138.391475
[GA][Iter2] Gen:10 Ind:13 RMSE(val)=135.911853
[GA][Iter2] Gen:10 Ind:14 RMSE(val)=135.338467
[GA][Iter2] Gen:10 Ind:15 RMSE(val)=135.367197
[GA][Iter2] Gen:10 Ind:16 RMSE(val)=135.338467
[GA][Iter2] Gen:10 Ind:17 RMSE(val)=135.216345
[GA][Iter2] Gen:10 Ind:18 RMSE(val)=136.026358
[GA][Iter2] Gen:10 Ind:19 RMSE(val)=135.240427
[GA][Iter2] Gen:10 Ind:20 RMSE(val)=135.212181
[GA][Iter2] gen=10 best_val_rmse=135.003453
[GA][Iter2] Gen:11 Ind:1 RMSE(val)=135.003453
[GA][Iter2] Gen:11 Ind:2 RMSE(val)=135.101896
[GA][Iter2] Gen:11 Ind:3 RMSE(val)=135.212181
[GA][Iter2] Gen:11 Ind:4 RMSE(val)=135.216345
[GA][Iter2] Gen:11 Ind:5 RMSE(val)=135.240427
[GA][Iter2] Gen:11 Ind:6 RMSE(val)=135.305357
[GA][Iter2] Gen:11 Ind:7 RMSE(val)=135.338467
[GA][Iter2] Gen:11 Ind:8 RMSE(val)=135.338467
[GA][Iter2] Gen:11 Ind:9 RMSE(val)=135.338467
[GA][Iter2] Gen:11 Ind:10 RMSE(val)=135.365545
[GA][Iter2] Gen:11 Ind:11 RMSE(val)=136.527259
[GA][Iter2] Gen:11 Ind:12 RMSE(val)=135.939957
[GA][Iter2] Gen:11 Ind:13 RMSE(val)=134.429019
[GA][Iter2] Gen:11 Ind:14 RMSE(val)=135.216345
[GA][Iter2] Gen:11 Ind:15 RMSE(val)=136.241257
[GA][Iter2] Gen:11 Ind:16 RMSE(val)=135.338467
[GA][Iter2] Gen:11 Ind:17 RMSE(val)=135.310277
[GA][Iter2] Gen:11 Ind:18 RMSE(val)=135.590635
[GA][Iter2] Gen:11 Ind:19 RMSE(val)=136.408328
[GA][Iter2] Gen:11 Ind:20 RMSE(val)=145.357142
[GA][Iter2] gen=11 best_val_rmse=134.429019
[GA][Iter2] Gen:12 Ind:1 RMSE(val)=134.429019
[GA][Iter2] Gen:12 Ind:2 RMSE(val)=135.003453
[GA][Iter2] Gen:12 Ind:3 RMSE(val)=135.101896
[GA][Iter2] Gen:12 Ind:4 RMSE(val)=135.212181
[GA][Iter2] Gen:12 Ind:5 RMSE(val)=135.216345
[GA][Iter2] Gen:12 Ind:6 RMSE(val)=135.216345
[GA][Iter2] Gen:12 Ind:7 RMSE(val)=135.240427
[GA][Iter2] Gen:12 Ind:8 RMSE(val)=135.305357
[GA][Iter2] Gen:12 Ind:9 RMSE(val)=135.310277
[GA][Iter2] Gen:12 Ind:10 RMSE(val)=135.338467
[GA][Iter2] Gen:12 Ind:11 RMSE(val)=136.691893
[GA][Iter2] Gen:12 Ind:12 RMSE(val)=136.013410
[GA][Iter2] Gen:12 Ind:13 RMSE(val)=135.019416
[GA][Iter2] Gen:12 Ind:14 RMSE(val)=135.101896
[GA][Iter2] Gen:12 Ind:15 RMSE(val)=136.646599
[GA][Iter2] Gen:12 Ind:16 RMSE(val)=135.338467
[GA][Iter2] Gen:12 Ind:17 RMSE(val)=135.373722
[GA][Iter2] Gen:12 Ind:18 RMSE(val)=135.428275
[GA][Iter2] Gen:12 Ind:19 RMSE(val)=135.101896
[GA][Iter2] Gen:12 Ind:20 RMSE(val)=136.318764
[GA][Iter2] gen=12 best_val_rmse=134.429019
[GA][Iter2] Gen:13 Ind:1 RMSE(val)=134.429019
[GA][Iter2] Gen:13 Ind:2 RMSE(val)=135.003453
[GA][Iter2] Gen:13 Ind:3 RMSE(val)=135.019416
[GA][Iter2] Gen:13 Ind:4 RMSE(val)=135.101896
[GA][Iter2] Gen:13 Ind:5 RMSE(val)=135.101896
[GA][Iter2] Gen:13 Ind:6 RMSE(val)=135.101896
[GA][Iter2] Gen:13 Ind:7 RMSE(val)=135.212181
[GA][Iter2] Gen:13 Ind:8 RMSE(val)=135.216345
[GA][Iter2] Gen:13 Ind:9 RMSE(val)=135.216345
[GA][Iter2] Gen:13 Ind:10 RMSE(val)=135.240427
[GA][Iter2] Gen:13 Ind:11 RMSE(val)=135.464463
[GA][Iter2] Gen:13 Ind:12 RMSE(val)=136.251943
[GA][Iter2] Gen:13 Ind:13 RMSE(val)=135.017331
[GA][Iter2] Gen:13 Ind:14 RMSE(val)=135.282926
[GA][Iter2] Gen:13 Ind:15 RMSE(val)=135.378164
[GA][Iter2] Gen:13 Ind:16 RMSE(val)=138.332731
[GA][Iter2] Gen:13 Ind:17 RMSE(val)=135.003453
[GA][Iter2] Gen:13 Ind:18 RMSE(val)=141.739858
[GA][Iter2] Gen:13 Ind:19 RMSE(val)=135.101896
[GA][Iter2] Gen:13 Ind:20 RMSE(val)=135.101896
[GA][Iter2] gen=13 best_val_rmse=134.429019
[GA][Iter2] Gen:14 Ind:1 RMSE(val)=134.429019
[GA][Iter2] Gen:14 Ind:2 RMSE(val)=135.003453
[GA][Iter2] Gen:14 Ind:3 RMSE(val)=135.003453
[GA][Iter2] Gen:14 Ind:4 RMSE(val)=135.017331
[GA][Iter2] Gen:14 Ind:5 RMSE(val)=135.019416
[GA][Iter2] Gen:14 Ind:6 RMSE(val)=135.101896
[GA][Iter2] Gen:14 Ind:7 RMSE(val)=135.101896
[GA][Iter2] Gen:14 Ind:8 RMSE(val)=135.101896
[GA][Iter2] Gen:14 Ind:9 RMSE(val)=135.101896
[GA][Iter2] Gen:14 Ind:10 RMSE(val)=135.101896
[GA][Iter2] Gen:14 Ind:11 RMSE(val)=135.101896
[GA][Iter2] Gen:14 Ind:12 RMSE(val)=136.145003
[GA][Iter2] Gen:14 Ind:13 RMSE(val)=134.512543
[GA][Iter2] Gen:14 Ind:14 RMSE(val)=135.101896
[GA][Iter2] Gen:14 Ind:15 RMSE(val)=136.002020
[GA][Iter2] Gen:14 Ind:16 RMSE(val)=135.101896
[GA][Iter2] Gen:14 Ind:17 RMSE(val)=135.101896
[GA][Iter2] Gen:14 Ind:18 RMSE(val)=135.017331
[GA][Iter2] Gen:14 Ind:19 RMSE(val)=135.017326
[GA][Iter2] Gen:14 Ind:20 RMSE(val)=135.101896
[GA][Iter2] gen=14 best_val_rmse=134.429019
[GA][Iter2] Gen:15 Ind:1 RMSE(val)=134.429019
[GA][Iter2] Gen:15 Ind:2 RMSE(val)=134.512543
[GA][Iter2] Gen:15 Ind:3 RMSE(val)=135.003453
[GA][Iter2] Gen:15 Ind:4 RMSE(val)=135.003453
[GA][Iter2] Gen:15 Ind:5 RMSE(val)=135.017326
[GA][Iter2] Gen:15 Ind:6 RMSE(val)=135.017331
[GA][Iter2] Gen:15 Ind:7 RMSE(val)=135.017331
[GA][Iter2] Gen:15 Ind:8 RMSE(val)=135.019416
[GA][Iter2] Gen:15 Ind:9 RMSE(val)=135.101896
[GA][Iter2] Gen:15 Ind:10 RMSE(val)=135.101896
[GA][Iter2] Gen:15 Ind:11 RMSE(val)=135.167944
[GA][Iter2] Gen:15 Ind:12 RMSE(val)=135.142292
[GA][Iter2] Gen:15 Ind:13 RMSE(val)=135.336013
[GA][Iter2] Gen:15 Ind:14 RMSE(val)=135.885917
[GA][Iter2] Gen:15 Ind:15 RMSE(val)=135.310277
[GA][Iter2] Gen:15 Ind:16 RMSE(val)=135.582041
[GA][Iter2] Gen:15 Ind:17 RMSE(val)=135.348798
[GA][Iter2] Gen:15 Ind:18 RMSE(val)=135.003453
[GA][Iter2] Gen:15 Ind:19 RMSE(val)=134.735662
[GA][Iter2] Gen:15 Ind:20 RMSE(val)=135.017331
[GA][Iter2] gen=15 best_val_rmse=134.429019
[GA][Iter2] Gen:15 Ind:1 RMSE(val)=134.429019
[GA][Iter2] Gen:15 Ind:2 RMSE(val)=134.512543
[GA][Iter2] Gen:15 Ind:3 RMSE(val)=134.735662
[GA][Iter2] Gen:15 Ind:4 RMSE(val)=135.003453
[GA][Iter2] Gen:15 Ind:5 RMSE(val)=135.003453
[GA][Iter2] Gen:15 Ind:6 RMSE(val)=135.003453
[GA][Iter2] Gen:15 Ind:7 RMSE(val)=135.017326
[GA][Iter2] Gen:15 Ind:8 RMSE(val)=135.017331
[GA][Iter2] Gen:15 Ind:9 RMSE(val)=135.017331
[GA][Iter2] Gen:15 Ind:10 RMSE(val)=135.017331
[GA][Iter2] Gen:15 Ind:11 RMSE(val)=134.898232
[GA][Iter2] Gen:15 Ind:12 RMSE(val)=135.017331
[GA][Iter2] Gen:15 Ind:13 RMSE(val)=134.429019
[GA][Iter2] Gen:15 Ind:14 RMSE(val)=135.017331
[GA][Iter2] Gen:15 Ind:15 RMSE(val)=136.034681
[GA][Iter2] Gen:15 Ind:16 RMSE(val)=135.003453
[GA][Iter2] Gen:15 Ind:17 RMSE(val)=134.735662
[GA][Iter2] Gen:15 Ind:18 RMSE(val)=134.676322
[GA][Iter2] Gen:15 Ind:19 RMSE(val)=135.279161
[GA][Iter2] Gen:15 Ind:20 RMSE(val)=135.017331

[GA DONE][Iter2] Best params on val fold of Iter2
Best val RMSE: 134.429019
Best params: {'n_estimators': 1207, 'learning_rate': 0.01200463786726299, 'num_leaves': 31, 'max_depth': 7, 'min_child_samples': 18, 'subsample': 0.9336441706563001, 'colsample_bytree': 0.6650616388624339, 'reg_lambda': 1.44370301483795, 'reg_alpha': 1.0245319894519451}
--------------------------------------------------------------------------------
[RETUNE GA] Iter2: train folds 1..6 -> test fold 7  RMSE=158.761922  NRMSE=1.103185  CVRMSE=0.180815  R2=-0.222840
[GA][Iter3] Gen:1 Ind:1 RMSE(val)=157.948090
[GA][Iter3] Gen:1 Ind:2 RMSE(val)=170.946558
[GA][Iter3] Gen:1 Ind:3 RMSE(val)=157.434811
[GA][Iter3] Gen:1 Ind:4 RMSE(val)=166.371383
[GA][Iter3] Gen:1 Ind:5 RMSE(val)=170.305166
[GA][Iter3] Gen:1 Ind:6 RMSE(val)=161.812229
[GA][Iter3] Gen:1 Ind:7 RMSE(val)=175.530193
[GA][Iter3] Gen:1 Ind:8 RMSE(val)=168.681186
[GA][Iter3] Gen:1 Ind:9 RMSE(val)=168.575476
[GA][Iter3] Gen:1 Ind:10 RMSE(val)=164.801793
[GA][Iter3] Gen:1 Ind:11 RMSE(val)=166.545363
[GA][Iter3] Gen:1 Ind:12 RMSE(val)=155.692153
[GA][Iter3] Gen:1 Ind:13 RMSE(val)=158.435827
[GA][Iter3] Gen:1 Ind:14 RMSE(val)=158.046116
[GA][Iter3] Gen:1 Ind:15 RMSE(val)=163.787981
[GA][Iter3] Gen:1 Ind:16 RMSE(val)=156.421711
[GA][Iter3] Gen:1 Ind:17 RMSE(val)=170.451714
[GA][Iter3] Gen:1 Ind:18 RMSE(val)=166.545279
[GA][Iter3] Gen:1 Ind:19 RMSE(val)=171.164244
[GA][Iter3] Gen:1 Ind:20 RMSE(val)=159.584959
[GA][Iter3] gen=1 best_val_rmse=155.692153
[GA][Iter3] Gen:2 Ind:1 RMSE(val)=155.692153
[GA][Iter3] Gen:2 Ind:2 RMSE(val)=156.421711
[GA][Iter3] Gen:2 Ind:3 RMSE(val)=157.434811
[GA][Iter3] Gen:2 Ind:4 RMSE(val)=157.948090
[GA][Iter3] Gen:2 Ind:5 RMSE(val)=158.046116
[GA][Iter3] Gen:2 Ind:6 RMSE(val)=158.435827
[GA][Iter3] Gen:2 Ind:7 RMSE(val)=159.584959
[GA][Iter3] Gen:2 Ind:8 RMSE(val)=161.812229
[GA][Iter3] Gen:2 Ind:9 RMSE(val)=163.787981
[GA][Iter3] Gen:2 Ind:10 RMSE(val)=164.801793
[GA][Iter3] Gen:2 Ind:11 RMSE(val)=159.561709
[GA][Iter3] Gen:2 Ind:12 RMSE(val)=159.562107
[GA][Iter3] Gen:2 Ind:13 RMSE(val)=151.885288
[GA][Iter3] Gen:2 Ind:14 RMSE(val)=161.203589
[GA][Iter3] Gen:2 Ind:15 RMSE(val)=161.428826
[GA][Iter3] Gen:2 Ind:16 RMSE(val)=156.116881
[GA][Iter3] Gen:2 Ind:17 RMSE(val)=159.558813
[GA][Iter3] Gen:2 Ind:18 RMSE(val)=163.572670
[GA][Iter3] Gen:2 Ind:19 RMSE(val)=156.217407
[GA][Iter3] Gen:2 Ind:20 RMSE(val)=158.013560
[GA][Iter3] gen=2 best_val_rmse=151.885288
[GA][Iter3] Gen:3 Ind:1 RMSE(val)=151.885288
[GA][Iter3] Gen:3 Ind:2 RMSE(val)=155.692153
[GA][Iter3] Gen:3 Ind:3 RMSE(val)=156.116881
[GA][Iter3] Gen:3 Ind:4 RMSE(val)=156.217407
[GA][Iter3] Gen:3 Ind:5 RMSE(val)=156.421711
[GA][Iter3] Gen:3 Ind:6 RMSE(val)=157.434811
[GA][Iter3] Gen:3 Ind:7 RMSE(val)=157.948090
[GA][Iter3] Gen:3 Ind:8 RMSE(val)=158.013560
[GA][Iter3] Gen:3 Ind:9 RMSE(val)=158.046116
[GA][Iter3] Gen:3 Ind:10 RMSE(val)=158.435827
[GA][Iter3] Gen:3 Ind:11 RMSE(val)=157.919523
[GA][Iter3] Gen:3 Ind:12 RMSE(val)=158.583561
[GA][Iter3] Gen:3 Ind:13 RMSE(val)=168.383457
[GA][Iter3] Gen:3 Ind:14 RMSE(val)=158.820814
[GA][Iter3] Gen:3 Ind:15 RMSE(val)=168.536465
[GA][Iter3] Gen:3 Ind:16 RMSE(val)=149.258944
[GA][Iter3] Gen:3 Ind:17 RMSE(val)=159.779224
[GA][Iter3] Gen:3 Ind:18 RMSE(val)=158.730653
[GA][Iter3] Gen:3 Ind:19 RMSE(val)=169.150540
[GA][Iter3] Gen:3 Ind:20 RMSE(val)=160.015919
[GA][Iter3] gen=3 best_val_rmse=149.258944
[GA][Iter3] Gen:4 Ind:1 RMSE(val)=149.258944
[GA][Iter3] Gen:4 Ind:2 RMSE(val)=151.885288
[GA][Iter3] Gen:4 Ind:3 RMSE(val)=155.692153
[GA][Iter3] Gen:4 Ind:4 RMSE(val)=156.116881
[GA][Iter3] Gen:4 Ind:5 RMSE(val)=156.217407
[GA][Iter3] Gen:4 Ind:6 RMSE(val)=156.421711
[GA][Iter3] Gen:4 Ind:7 RMSE(val)=157.434811
[GA][Iter3] Gen:4 Ind:8 RMSE(val)=157.919523
[GA][Iter3] Gen:4 Ind:9 RMSE(val)=157.948090
[GA][Iter3] Gen:4 Ind:10 RMSE(val)=158.013560
[GA][Iter3] Gen:4 Ind:11 RMSE(val)=157.919523
[GA][Iter3] Gen:4 Ind:12 RMSE(val)=152.522929
[GA][Iter3] Gen:4 Ind:13 RMSE(val)=160.920967
[GA][Iter3] Gen:4 Ind:14 RMSE(val)=152.622485
[GA][Iter3] Gen:4 Ind:15 RMSE(val)=152.097574
[GA][Iter3] Gen:4 Ind:16 RMSE(val)=156.596372
[GA][Iter3] Gen:4 Ind:17 RMSE(val)=170.150647
[GA][Iter3] Gen:4 Ind:18 RMSE(val)=156.054956
[GA][Iter3] Gen:4 Ind:19 RMSE(val)=155.248608
[GA][Iter3] Gen:4 Ind:20 RMSE(val)=168.276178
[GA][Iter3] gen=4 best_val_rmse=149.258944
[GA][Iter3] Gen:5 Ind:1 RMSE(val)=149.258944
[GA][Iter3] Gen:5 Ind:2 RMSE(val)=151.885288
[GA][Iter3] Gen:5 Ind:3 RMSE(val)=152.097574
[GA][Iter3] Gen:5 Ind:4 RMSE(val)=152.522929
[GA][Iter3] Gen:5 Ind:5 RMSE(val)=152.622485
[GA][Iter3] Gen:5 Ind:6 RMSE(val)=155.248608
[GA][Iter3] Gen:5 Ind:7 RMSE(val)=155.692153
[GA][Iter3] Gen:5 Ind:8 RMSE(val)=156.054956
[GA][Iter3] Gen:5 Ind:9 RMSE(val)=156.116881
[GA][Iter3] Gen:5 Ind:10 RMSE(val)=156.217407
[GA][Iter3] Gen:5 Ind:11 RMSE(val)=164.066493
[GA][Iter3] Gen:5 Ind:12 RMSE(val)=149.258944
[GA][Iter3] Gen:5 Ind:13 RMSE(val)=160.073073
[GA][Iter3] Gen:5 Ind:14 RMSE(val)=157.828260
[GA][Iter3] Gen:5 Ind:15 RMSE(val)=147.257813
[GA][Iter3] Gen:5 Ind:16 RMSE(val)=156.079225
[GA][Iter3] Gen:5 Ind:17 RMSE(val)=156.395539
[GA][Iter3] Gen:5 Ind:18 RMSE(val)=158.741586
[GA][Iter3] Gen:5 Ind:19 RMSE(val)=161.335211
[GA][Iter3] Gen:5 Ind:20 RMSE(val)=148.502239
[GA][Iter3] gen=5 best_val_rmse=147.257813
[GA][Iter3] Gen:6 Ind:1 RMSE(val)=147.257813
[GA][Iter3] Gen:6 Ind:2 RMSE(val)=148.502239
[GA][Iter3] Gen:6 Ind:3 RMSE(val)=149.258944
[GA][Iter3] Gen:6 Ind:4 RMSE(val)=149.258944
[GA][Iter3] Gen:6 Ind:5 RMSE(val)=151.885288
[GA][Iter3] Gen:6 Ind:6 RMSE(val)=152.097574
[GA][Iter3] Gen:6 Ind:7 RMSE(val)=152.522929
[GA][Iter3] Gen:6 Ind:8 RMSE(val)=152.622485
[GA][Iter3] Gen:6 Ind:9 RMSE(val)=155.248608
[GA][Iter3] Gen:6 Ind:10 RMSE(val)=155.692153
[GA][Iter3] Gen:6 Ind:11 RMSE(val)=150.752782
[GA][Iter3] Gen:6 Ind:12 RMSE(val)=152.437447
[GA][Iter3] Gen:6 Ind:13 RMSE(val)=148.729021
[GA][Iter3] Gen:6 Ind:14 RMSE(val)=149.098190
[GA][Iter3] Gen:6 Ind:15 RMSE(val)=150.085187
[GA][Iter3] Gen:6 Ind:16 RMSE(val)=147.292311
[GA][Iter3] Gen:6 Ind:17 RMSE(val)=152.522929
[GA][Iter3] Gen:6 Ind:18 RMSE(val)=152.522929
[GA][Iter3] Gen:6 Ind:19 RMSE(val)=150.882174
[GA][Iter3] Gen:6 Ind:20 RMSE(val)=152.437447
[GA][Iter3] gen=6 best_val_rmse=147.257813
[GA][Iter3] Gen:7 Ind:1 RMSE(val)=147.257813
[GA][Iter3] Gen:7 Ind:2 RMSE(val)=147.292311
[GA][Iter3] Gen:7 Ind:3 RMSE(val)=148.502239
[GA][Iter3] Gen:7 Ind:4 RMSE(val)=148.729021
[GA][Iter3] Gen:7 Ind:5 RMSE(val)=149.098190
[GA][Iter3] Gen:7 Ind:6 RMSE(val)=149.258944
[GA][Iter3] Gen:7 Ind:7 RMSE(val)=149.258944
[GA][Iter3] Gen:7 Ind:8 RMSE(val)=150.085187
[GA][Iter3] Gen:7 Ind:9 RMSE(val)=150.752782
[GA][Iter3] Gen:7 Ind:10 RMSE(val)=150.882174
[GA][Iter3] Gen:7 Ind:11 RMSE(val)=150.476346
[GA][Iter3] Gen:7 Ind:12 RMSE(val)=148.563684
[GA][Iter3] Gen:7 Ind:13 RMSE(val)=149.120226
[GA][Iter3] Gen:7 Ind:14 RMSE(val)=150.882174
[GA][Iter3] Gen:7 Ind:15 RMSE(val)=147.257813
[GA][Iter3] Gen:7 Ind:16 RMSE(val)=148.563684
[GA][Iter3] Gen:7 Ind:17 RMSE(val)=149.098190
[GA][Iter3] Gen:7 Ind:18 RMSE(val)=149.258944
[GA][Iter3] Gen:7 Ind:19 RMSE(val)=149.821469
[GA][Iter3] Gen:7 Ind:20 RMSE(val)=150.111184
[GA][Iter3] gen=7 best_val_rmse=147.257813
[GA][Iter3] Gen:8 Ind:1 RMSE(val)=147.257813
[GA][Iter3] Gen:8 Ind:2 RMSE(val)=147.257813
[GA][Iter3] Gen:8 Ind:3 RMSE(val)=147.292311
[GA][Iter3] Gen:8 Ind:4 RMSE(val)=148.502239
[GA][Iter3] Gen:8 Ind:5 RMSE(val)=148.563684
[GA][Iter3] Gen:8 Ind:6 RMSE(val)=148.563684
[GA][Iter3] Gen:8 Ind:7 RMSE(val)=148.729021
[GA][Iter3] Gen:8 Ind:8 RMSE(val)=149.098190
[GA][Iter3] Gen:8 Ind:9 RMSE(val)=149.098190
[GA][Iter3] Gen:8 Ind:10 RMSE(val)=149.120226
[GA][Iter3] Gen:8 Ind:11 RMSE(val)=147.257813
[GA][Iter3] Gen:8 Ind:12 RMSE(val)=149.195475
[GA][Iter3] Gen:8 Ind:13 RMSE(val)=148.424828
[GA][Iter3] Gen:8 Ind:14 RMSE(val)=149.098190
[GA][Iter3] Gen:8 Ind:15 RMSE(val)=149.098190
[GA][Iter3] Gen:8 Ind:16 RMSE(val)=149.576926
[GA][Iter3] Gen:8 Ind:17 RMSE(val)=147.257813
[GA][Iter3] Gen:8 Ind:18 RMSE(val)=148.189052
[GA][Iter3] Gen:8 Ind:19 RMSE(val)=151.890782
[GA][Iter3] Gen:8 Ind:20 RMSE(val)=147.257813
[GA][Iter3] gen=8 best_val_rmse=147.257813
[GA][Iter3] Gen:9 Ind:1 RMSE(val)=147.257813
[GA][Iter3] Gen:9 Ind:2 RMSE(val)=147.257813
[GA][Iter3] Gen:9 Ind:3 RMSE(val)=147.257813
[GA][Iter3] Gen:9 Ind:4 RMSE(val)=147.257813
[GA][Iter3] Gen:9 Ind:5 RMSE(val)=147.257813
[GA][Iter3] Gen:9 Ind:6 RMSE(val)=147.292311
[GA][Iter3] Gen:9 Ind:7 RMSE(val)=148.189052
[GA][Iter3] Gen:9 Ind:8 RMSE(val)=148.424828
[GA][Iter3] Gen:9 Ind:9 RMSE(val)=148.502239
[GA][Iter3] Gen:9 Ind:10 RMSE(val)=148.563684
[GA][Iter3] Gen:9 Ind:11 RMSE(val)=148.531217
[GA][Iter3] Gen:9 Ind:12 RMSE(val)=149.522545
[GA][Iter3] Gen:9 Ind:13 RMSE(val)=148.502239
[GA][Iter3] Gen:9 Ind:14 RMSE(val)=149.585734
[GA][Iter3] Gen:9 Ind:15 RMSE(val)=147.218203
[GA][Iter3] Gen:9 Ind:16 RMSE(val)=147.257813
[GA][Iter3] Gen:9 Ind:17 RMSE(val)=147.202826
[GA][Iter3] Gen:9 Ind:18 RMSE(val)=147.257813
[GA][Iter3] Gen:9 Ind:19 RMSE(val)=147.292311
[GA][Iter3] Gen:9 Ind:20 RMSE(val)=148.684343
[GA][Iter3] gen=9 best_val_rmse=147.202826
[GA][Iter3] Gen:10 Ind:1 RMSE(val)=147.202826
[GA][Iter3] Gen:10 Ind:2 RMSE(val)=147.218203
[GA][Iter3] Gen:10 Ind:3 RMSE(val)=147.257813
[GA][Iter3] Gen:10 Ind:4 RMSE(val)=147.257813
[GA][Iter3] Gen:10 Ind:5 RMSE(val)=147.257813
[GA][Iter3] Gen:10 Ind:6 RMSE(val)=147.257813
[GA][Iter3] Gen:10 Ind:7 RMSE(val)=147.257813
[GA][Iter3] Gen:10 Ind:8 RMSE(val)=147.257813
[GA][Iter3] Gen:10 Ind:9 RMSE(val)=147.257813
[GA][Iter3] Gen:10 Ind:10 RMSE(val)=147.292311
[GA][Iter3] Gen:10 Ind:11 RMSE(val)=147.616986
[GA][Iter3] Gen:10 Ind:12 RMSE(val)=151.237084
[GA][Iter3] Gen:10 Ind:13 RMSE(val)=148.133775
[GA][Iter3] Gen:10 Ind:14 RMSE(val)=147.257813
[GA][Iter3] Gen:10 Ind:15 RMSE(val)=147.257813
[GA][Iter3] Gen:10 Ind:16 RMSE(val)=147.257813
[GA][Iter3] Gen:10 Ind:17 RMSE(val)=147.292311
[GA][Iter3] Gen:10 Ind:18 RMSE(val)=147.202826
[GA][Iter3] Gen:10 Ind:19 RMSE(val)=147.257813
[GA][Iter3] Gen:10 Ind:20 RMSE(val)=147.218203
[GA][Iter3] gen=10 best_val_rmse=147.202826
[GA][Iter3] Gen:11 Ind:1 RMSE(val)=147.202826
[GA][Iter3] Gen:11 Ind:2 RMSE(val)=147.202826
[GA][Iter3] Gen:11 Ind:3 RMSE(val)=147.218203
[GA][Iter3] Gen:11 Ind:4 RMSE(val)=147.218203
[GA][Iter3] Gen:11 Ind:5 RMSE(val)=147.257813
[GA][Iter3] Gen:11 Ind:6 RMSE(val)=147.257813
[GA][Iter3] Gen:11 Ind:7 RMSE(val)=147.257813
[GA][Iter3] Gen:11 Ind:8 RMSE(val)=147.257813
[GA][Iter3] Gen:11 Ind:9 RMSE(val)=147.257813
[GA][Iter3] Gen:11 Ind:10 RMSE(val)=147.257813
[GA][Iter3] Gen:11 Ind:11 RMSE(val)=147.257813
[GA][Iter3] Gen:11 Ind:12 RMSE(val)=146.965454
[GA][Iter3] Gen:11 Ind:13 RMSE(val)=152.701554
[GA][Iter3] Gen:11 Ind:14 RMSE(val)=147.218203
[GA][Iter3] Gen:11 Ind:15 RMSE(val)=147.257813
[GA][Iter3] Gen:11 Ind:16 RMSE(val)=147.218203
[GA][Iter3] Gen:11 Ind:17 RMSE(val)=147.257813
[GA][Iter3] Gen:11 Ind:18 RMSE(val)=147.257539
[GA][Iter3] Gen:11 Ind:19 RMSE(val)=146.905027
[GA][Iter3] Gen:11 Ind:20 RMSE(val)=147.765320
[GA][Iter3] gen=11 best_val_rmse=146.905027
[GA][Iter3] Gen:12 Ind:1 RMSE(val)=146.905027
[GA][Iter3] Gen:12 Ind:2 RMSE(val)=146.965454
[GA][Iter3] Gen:12 Ind:3 RMSE(val)=147.202826
[GA][Iter3] Gen:12 Ind:4 RMSE(val)=147.202826
[GA][Iter3] Gen:12 Ind:5 RMSE(val)=147.218203
[GA][Iter3] Gen:12 Ind:6 RMSE(val)=147.218203
[GA][Iter3] Gen:12 Ind:7 RMSE(val)=147.218203
[GA][Iter3] Gen:12 Ind:8 RMSE(val)=147.218203
[GA][Iter3] Gen:12 Ind:9 RMSE(val)=147.257539
[GA][Iter3] Gen:12 Ind:10 RMSE(val)=147.257813
[GA][Iter3] Gen:12 Ind:11 RMSE(val)=148.522851
[GA][Iter3] Gen:12 Ind:12 RMSE(val)=147.142050
[GA][Iter3] Gen:12 Ind:13 RMSE(val)=147.371956
[GA][Iter3] Gen:12 Ind:14 RMSE(val)=147.202826
[GA][Iter3] Gen:12 Ind:15 RMSE(val)=147.509298
[GA][Iter3] Gen:12 Ind:16 RMSE(val)=147.257813
[GA][Iter3] Gen:12 Ind:17 RMSE(val)=146.965454
[GA][Iter3] Gen:12 Ind:18 RMSE(val)=147.218203
[GA][Iter3] Gen:12 Ind:19 RMSE(val)=147.202826
[GA][Iter3] Gen:12 Ind:20 RMSE(val)=147.218203
[GA][Iter3] gen=12 best_val_rmse=146.905027
[GA][Iter3] Gen:13 Ind:1 RMSE(val)=146.905027
[GA][Iter3] Gen:13 Ind:2 RMSE(val)=146.965454
[GA][Iter3] Gen:13 Ind:3 RMSE(val)=146.965454
[GA][Iter3] Gen:13 Ind:4 RMSE(val)=147.142050
[GA][Iter3] Gen:13 Ind:5 RMSE(val)=147.202826
[GA][Iter3] Gen:13 Ind:6 RMSE(val)=147.202826
[GA][Iter3] Gen:13 Ind:7 RMSE(val)=147.202826
[GA][Iter3] Gen:13 Ind:8 RMSE(val)=147.202826
[GA][Iter3] Gen:13 Ind:9 RMSE(val)=147.218203
[GA][Iter3] Gen:13 Ind:10 RMSE(val)=147.218203
[GA][Iter3] Gen:13 Ind:11 RMSE(val)=147.202826
[GA][Iter3] Gen:13 Ind:12 RMSE(val)=147.202826
[GA][Iter3] Gen:13 Ind:13 RMSE(val)=147.218203
[GA][Iter3] Gen:13 Ind:14 RMSE(val)=146.965454
[GA][Iter3] Gen:13 Ind:15 RMSE(val)=147.202826
[GA][Iter3] Gen:13 Ind:16 RMSE(val)=165.600498
[GA][Iter3] Gen:13 Ind:17 RMSE(val)=146.965454
[GA][Iter3] Gen:13 Ind:18 RMSE(val)=159.183679
[GA][Iter3] Gen:13 Ind:19 RMSE(val)=147.142050
[GA][Iter3] Gen:13 Ind:20 RMSE(val)=147.202826
[GA][Iter3] gen=13 best_val_rmse=146.905027
[GA][Iter3] Gen:14 Ind:1 RMSE(val)=146.905027
[GA][Iter3] Gen:14 Ind:2 RMSE(val)=146.965454
[GA][Iter3] Gen:14 Ind:3 RMSE(val)=146.965454
[GA][Iter3] Gen:14 Ind:4 RMSE(val)=146.965454
[GA][Iter3] Gen:14 Ind:5 RMSE(val)=146.965454
[GA][Iter3] Gen:14 Ind:6 RMSE(val)=147.142050
[GA][Iter3] Gen:14 Ind:7 RMSE(val)=147.142050
[GA][Iter3] Gen:14 Ind:8 RMSE(val)=147.202826
[GA][Iter3] Gen:14 Ind:9 RMSE(val)=147.202826
[GA][Iter3] Gen:14 Ind:10 RMSE(val)=147.202826
[GA][Iter3] Gen:14 Ind:11 RMSE(val)=147.202826
[GA][Iter3] Gen:14 Ind:12 RMSE(val)=146.965454
[GA][Iter3] Gen:14 Ind:13 RMSE(val)=148.119392
[GA][Iter3] Gen:14 Ind:14 RMSE(val)=147.142050
[GA][Iter3] Gen:14 Ind:15 RMSE(val)=147.142050
[GA][Iter3] Gen:14 Ind:16 RMSE(val)=147.202826
[GA][Iter3] Gen:14 Ind:17 RMSE(val)=147.142050
[GA][Iter3] Gen:14 Ind:18 RMSE(val)=147.218203
[GA][Iter3] Gen:14 Ind:19 RMSE(val)=146.965454
[GA][Iter3] Gen:14 Ind:20 RMSE(val)=147.142050
[GA][Iter3] gen=14 best_val_rmse=146.905027
[GA][Iter3] Gen:15 Ind:1 RMSE(val)=146.905027
[GA][Iter3] Gen:15 Ind:2 RMSE(val)=146.965454
[GA][Iter3] Gen:15 Ind:3 RMSE(val)=146.965454
[GA][Iter3] Gen:15 Ind:4 RMSE(val)=146.965454
[GA][Iter3] Gen:15 Ind:5 RMSE(val)=146.965454
[GA][Iter3] Gen:15 Ind:6 RMSE(val)=146.965454
[GA][Iter3] Gen:15 Ind:7 RMSE(val)=146.965454
[GA][Iter3] Gen:15 Ind:8 RMSE(val)=147.142050
[GA][Iter3] Gen:15 Ind:9 RMSE(val)=147.142050
[GA][Iter3] Gen:15 Ind:10 RMSE(val)=147.142050
[GA][Iter3] Gen:15 Ind:11 RMSE(val)=146.965454
[GA][Iter3] Gen:15 Ind:12 RMSE(val)=147.218203
[GA][Iter3] Gen:15 Ind:13 RMSE(val)=146.965454
[GA][Iter3] Gen:15 Ind:14 RMSE(val)=147.218203
[GA][Iter3] Gen:15 Ind:15 RMSE(val)=147.142050
[GA][Iter3] Gen:15 Ind:16 RMSE(val)=147.422265
[GA][Iter3] Gen:15 Ind:17 RMSE(val)=146.965454
[GA][Iter3] Gen:15 Ind:18 RMSE(val)=146.965454
[GA][Iter3] Gen:15 Ind:19 RMSE(val)=146.965454
[GA][Iter3] Gen:15 Ind:20 RMSE(val)=146.965454
[GA][Iter3] gen=15 best_val_rmse=146.905027
[GA][Iter3] Gen:15 Ind:1 RMSE(val)=146.905027
[GA][Iter3] Gen:15 Ind:2 RMSE(val)=146.965454
[GA][Iter3] Gen:15 Ind:3 RMSE(val)=146.965454
[GA][Iter3] Gen:15 Ind:4 RMSE(val)=146.965454
[GA][Iter3] Gen:15 Ind:5 RMSE(val)=146.965454
[GA][Iter3] Gen:15 Ind:6 RMSE(val)=146.965454
[GA][Iter3] Gen:15 Ind:7 RMSE(val)=146.965454
[GA][Iter3] Gen:15 Ind:8 RMSE(val)=146.965454
[GA][Iter3] Gen:15 Ind:9 RMSE(val)=146.965454
[GA][Iter3] Gen:15 Ind:10 RMSE(val)=146.965454
[GA][Iter3] Gen:15 Ind:11 RMSE(val)=146.965454
[GA][Iter3] Gen:15 Ind:12 RMSE(val)=146.965454
[GA][Iter3] Gen:15 Ind:13 RMSE(val)=146.984879
[GA][Iter3] Gen:15 Ind:14 RMSE(val)=146.965454
[GA][Iter3] Gen:15 Ind:15 RMSE(val)=146.965454
[GA][Iter3] Gen:15 Ind:16 RMSE(val)=146.965454
[GA][Iter3] Gen:15 Ind:17 RMSE(val)=146.965454
[GA][Iter3] Gen:15 Ind:18 RMSE(val)=146.965454
[GA][Iter3] Gen:15 Ind:19 RMSE(val)=146.984879
[GA][Iter3] Gen:15 Ind:20 RMSE(val)=146.965454

[GA DONE][Iter3] Best params on val fold of Iter3
Best val RMSE: 146.905027
Best params: {'n_estimators': 1650, 'learning_rate': 0.006761030673746093, 'num_leaves': 132, 'max_depth': 4, 'min_child_samples': 14, 'subsample': 0.640998070468603, 'colsample_bytree': 0.8084626514088813, 'reg_lambda': 3.891641573984027, 'reg_alpha': 1.5693607424455778}
--------------------------------------------------------------------------------
[RETUNE GA] Iter3: train folds 1..7 -> test fold 8  RMSE=218.386489  NRMSE=1.115932  CVRMSE=0.238300  R2=-0.251262
[GA][Iter4] Gen:1 Ind:1 RMSE(val)=222.367538
[GA][Iter4] Gen:1 Ind:2 RMSE(val)=227.773568
[GA][Iter4] Gen:1 Ind:3 RMSE(val)=223.256132
[GA][Iter4] Gen:1 Ind:4 RMSE(val)=228.060635
[GA][Iter4] Gen:1 Ind:5 RMSE(val)=228.889293
[GA][Iter4] Gen:1 Ind:6 RMSE(val)=221.766835
[GA][Iter4] Gen:1 Ind:7 RMSE(val)=219.697545
[GA][Iter4] Gen:1 Ind:8 RMSE(val)=218.420594
[GA][Iter4] Gen:1 Ind:9 RMSE(val)=216.558777
[GA][Iter4] Gen:1 Ind:10 RMSE(val)=218.822737
[GA][Iter4] Gen:1 Ind:11 RMSE(val)=226.130535
[GA][Iter4] Gen:1 Ind:12 RMSE(val)=219.027188
[GA][Iter4] Gen:1 Ind:13 RMSE(val)=225.192214
[GA][Iter4] Gen:1 Ind:14 RMSE(val)=220.592689
[GA][Iter4] Gen:1 Ind:15 RMSE(val)=218.194435
[GA][Iter4] Gen:1 Ind:16 RMSE(val)=220.252228
[GA][Iter4] Gen:1 Ind:17 RMSE(val)=222.747440
[GA][Iter4] Gen:1 Ind:18 RMSE(val)=228.728832
[GA][Iter4] Gen:1 Ind:19 RMSE(val)=229.902445
[GA][Iter4] Gen:1 Ind:20 RMSE(val)=226.971785
[GA][Iter4] gen=1 best_val_rmse=216.558777
[GA][Iter4] Gen:2 Ind:1 RMSE(val)=216.558777
[GA][Iter4] Gen:2 Ind:2 RMSE(val)=218.194435
[GA][Iter4] Gen:2 Ind:3 RMSE(val)=218.420594
[GA][Iter4] Gen:2 Ind:4 RMSE(val)=218.822737
[GA][Iter4] Gen:2 Ind:5 RMSE(val)=219.027188
[GA][Iter4] Gen:2 Ind:6 RMSE(val)=219.697545
[GA][Iter4] Gen:2 Ind:7 RMSE(val)=220.252228
[GA][Iter4] Gen:2 Ind:8 RMSE(val)=220.592689
[GA][Iter4] Gen:2 Ind:9 RMSE(val)=221.766835
[GA][Iter4] Gen:2 Ind:10 RMSE(val)=222.367538
[GA][Iter4] Gen:2 Ind:11 RMSE(val)=222.122930
[GA][Iter4] Gen:2 Ind:12 RMSE(val)=221.758941
[GA][Iter4] Gen:2 Ind:13 RMSE(val)=216.774653
[GA][Iter4] Gen:2 Ind:14 RMSE(val)=221.728783
[GA][Iter4] Gen:2 Ind:15 RMSE(val)=218.090204
[GA][Iter4] Gen:2 Ind:16 RMSE(val)=220.918909
[GA][Iter4] Gen:2 Ind:17 RMSE(val)=222.208293
[GA][Iter4] Gen:2 Ind:18 RMSE(val)=218.619748
[GA][Iter4] Gen:2 Ind:19 RMSE(val)=220.598578
[GA][Iter4] Gen:2 Ind:20 RMSE(val)=223.463401
[GA][Iter4] gen=2 best_val_rmse=216.558777
[GA][Iter4] Gen:3 Ind:1 RMSE(val)=216.558777
[GA][Iter4] Gen:3 Ind:2 RMSE(val)=216.774653
[GA][Iter4] Gen:3 Ind:3 RMSE(val)=218.090204
[GA][Iter4] Gen:3 Ind:4 RMSE(val)=218.194435
[GA][Iter4] Gen:3 Ind:5 RMSE(val)=218.420594
[GA][Iter4] Gen:3 Ind:6 RMSE(val)=218.619748
[GA][Iter4] Gen:3 Ind:7 RMSE(val)=218.822737
[GA][Iter4] Gen:3 Ind:8 RMSE(val)=219.027188
[GA][Iter4] Gen:3 Ind:9 RMSE(val)=219.697545
[GA][Iter4] Gen:3 Ind:10 RMSE(val)=220.252228
[GA][Iter4] Gen:3 Ind:11 RMSE(val)=213.608900
[GA][Iter4] Gen:3 Ind:12 RMSE(val)=219.331823
[GA][Iter4] Gen:3 Ind:13 RMSE(val)=215.522206
[GA][Iter4] Gen:3 Ind:14 RMSE(val)=214.116849
[GA][Iter4] Gen:3 Ind:15 RMSE(val)=222.108314
[GA][Iter4] Gen:3 Ind:16 RMSE(val)=216.954984
[GA][Iter4] Gen:3 Ind:17 RMSE(val)=221.667358
[GA][Iter4] Gen:3 Ind:18 RMSE(val)=218.731973
[GA][Iter4] Gen:3 Ind:19 RMSE(val)=218.675712
[GA][Iter4] Gen:3 Ind:20 RMSE(val)=218.424389
[GA][Iter4] gen=3 best_val_rmse=213.608900
[GA][Iter4] Gen:4 Ind:1 RMSE(val)=213.608900
[GA][Iter4] Gen:4 Ind:2 RMSE(val)=214.116849
[GA][Iter4] Gen:4 Ind:3 RMSE(val)=215.522206
[GA][Iter4] Gen:4 Ind:4 RMSE(val)=216.558777
[GA][Iter4] Gen:4 Ind:5 RMSE(val)=216.774653
[GA][Iter4] Gen:4 Ind:6 RMSE(val)=216.954984
[GA][Iter4] Gen:4 Ind:7 RMSE(val)=218.090204
[GA][Iter4] Gen:4 Ind:8 RMSE(val)=218.194435
[GA][Iter4] Gen:4 Ind:9 RMSE(val)=218.420594
[GA][Iter4] Gen:4 Ind:10 RMSE(val)=218.424389
[GA][Iter4] Gen:4 Ind:11 RMSE(val)=216.912090
[GA][Iter4] Gen:4 Ind:12 RMSE(val)=217.274842
[GA][Iter4] Gen:4 Ind:13 RMSE(val)=218.793816
[GA][Iter4] Gen:4 Ind:14 RMSE(val)=214.152113
[GA][Iter4] Gen:4 Ind:15 RMSE(val)=211.126345
[GA][Iter4] Gen:4 Ind:16 RMSE(val)=217.240606
[GA][Iter4] Gen:4 Ind:17 RMSE(val)=218.407122
[GA][Iter4] Gen:4 Ind:18 RMSE(val)=218.559117
[GA][Iter4] Gen:4 Ind:19 RMSE(val)=216.768000
[GA][Iter4] Gen:4 Ind:20 RMSE(val)=218.092928
[GA][Iter4] gen=4 best_val_rmse=211.126345
[GA][Iter4] Gen:5 Ind:1 RMSE(val)=211.126345
[GA][Iter4] Gen:5 Ind:2 RMSE(val)=213.608900
[GA][Iter4] Gen:5 Ind:3 RMSE(val)=214.116849
[GA][Iter4] Gen:5 Ind:4 RMSE(val)=214.152113
[GA][Iter4] Gen:5 Ind:5 RMSE(val)=215.522206
[GA][Iter4] Gen:5 Ind:6 RMSE(val)=216.558777
[GA][Iter4] Gen:5 Ind:7 RMSE(val)=216.768000
[GA][Iter4] Gen:5 Ind:8 RMSE(val)=216.774653
[GA][Iter4] Gen:5 Ind:9 RMSE(val)=216.912090
[GA][Iter4] Gen:5 Ind:10 RMSE(val)=216.954984
[GA][Iter4] Gen:5 Ind:11 RMSE(val)=216.981346
[GA][Iter4] Gen:5 Ind:12 RMSE(val)=217.048204
[GA][Iter4] Gen:5 Ind:13 RMSE(val)=217.017241
[GA][Iter4] Gen:5 Ind:14 RMSE(val)=214.101313
[GA][Iter4] Gen:5 Ind:15 RMSE(val)=216.226457
[GA][Iter4] Gen:5 Ind:16 RMSE(val)=217.378767
[GA][Iter4] Gen:5 Ind:17 RMSE(val)=213.050431
[GA][Iter4] Gen:5 Ind:18 RMSE(val)=216.183145
[GA][Iter4] Gen:5 Ind:19 RMSE(val)=217.845023
[GA][Iter4] Gen:5 Ind:20 RMSE(val)=217.565201
[GA][Iter4] gen=5 best_val_rmse=211.126345
[GA][Iter4] Gen:6 Ind:1 RMSE(val)=211.126345
[GA][Iter4] Gen:6 Ind:2 RMSE(val)=213.050431
[GA][Iter4] Gen:6 Ind:3 RMSE(val)=213.608900
[GA][Iter4] Gen:6 Ind:4 RMSE(val)=214.101313
[GA][Iter4] Gen:6 Ind:5 RMSE(val)=214.116849
[GA][Iter4] Gen:6 Ind:6 RMSE(val)=214.152113
[GA][Iter4] Gen:6 Ind:7 RMSE(val)=215.522206
[GA][Iter4] Gen:6 Ind:8 RMSE(val)=216.183145
[GA][Iter4] Gen:6 Ind:9 RMSE(val)=216.226457
[GA][Iter4] Gen:6 Ind:10 RMSE(val)=216.558777
[GA][Iter4] Gen:6 Ind:11 RMSE(val)=219.061265
[GA][Iter4] Gen:6 Ind:12 RMSE(val)=214.116849
[GA][Iter4] Gen:6 Ind:13 RMSE(val)=211.879790
[GA][Iter4] Gen:6 Ind:14 RMSE(val)=217.635479
[GA][Iter4] Gen:6 Ind:15 RMSE(val)=212.405674
[GA][Iter4] Gen:6 Ind:16 RMSE(val)=217.102327
[GA][Iter4] Gen:6 Ind:17 RMSE(val)=216.573814
[GA][Iter4] Gen:6 Ind:18 RMSE(val)=216.303171
[GA][Iter4] Gen:6 Ind:19 RMSE(val)=216.342573
[GA][Iter4] Gen:6 Ind:20 RMSE(val)=215.065635
[GA][Iter4] gen=6 best_val_rmse=211.126345
[GA][Iter4] Gen:7 Ind:1 RMSE(val)=211.126345
[GA][Iter4] Gen:7 Ind:2 RMSE(val)=211.879790
[GA][Iter4] Gen:7 Ind:3 RMSE(val)=212.405674
[GA][Iter4] Gen:7 Ind:4 RMSE(val)=213.050431
[GA][Iter4] Gen:7 Ind:5 RMSE(val)=213.608900
[GA][Iter4] Gen:7 Ind:6 RMSE(val)=214.101313
[GA][Iter4] Gen:7 Ind:7 RMSE(val)=214.116849
[GA][Iter4] Gen:7 Ind:8 RMSE(val)=214.116849
[GA][Iter4] Gen:7 Ind:9 RMSE(val)=214.152113
[GA][Iter4] Gen:7 Ind:10 RMSE(val)=215.065635
[GA][Iter4] Gen:7 Ind:11 RMSE(val)=212.102253
[GA][Iter4] Gen:7 Ind:12 RMSE(val)=217.944700
[GA][Iter4] Gen:7 Ind:13 RMSE(val)=215.987024
[GA][Iter4] Gen:7 Ind:14 RMSE(val)=212.195534
[GA][Iter4] Gen:7 Ind:15 RMSE(val)=217.025540
[GA][Iter4] Gen:7 Ind:16 RMSE(val)=220.141526
[GA][Iter4] Gen:7 Ind:17 RMSE(val)=219.281190
[GA][Iter4] Gen:7 Ind:18 RMSE(val)=213.546894
[GA][Iter4] Gen:7 Ind:19 RMSE(val)=217.820683
[GA][Iter4] Gen:7 Ind:20 RMSE(val)=215.869826
[GA][Iter4] gen=7 best_val_rmse=211.126345
[GA][Iter4] Gen:8 Ind:1 RMSE(val)=211.126345
[GA][Iter4] Gen:8 Ind:2 RMSE(val)=211.879790
[GA][Iter4] Gen:8 Ind:3 RMSE(val)=212.102253
[GA][Iter4] Gen:8 Ind:4 RMSE(val)=212.195534
[GA][Iter4] Gen:8 Ind:5 RMSE(val)=212.405674
[GA][Iter4] Gen:8 Ind:6 RMSE(val)=213.050431
[GA][Iter4] Gen:8 Ind:7 RMSE(val)=213.546894
[GA][Iter4] Gen:8 Ind:8 RMSE(val)=213.608900
[GA][Iter4] Gen:8 Ind:9 RMSE(val)=214.101313
[GA][Iter4] Gen:8 Ind:10 RMSE(val)=214.116849
[GA][Iter4] Gen:8 Ind:11 RMSE(val)=215.638630
[GA][Iter4] Gen:8 Ind:12 RMSE(val)=217.262027
[GA][Iter4] Gen:8 Ind:13 RMSE(val)=211.680211
[GA][Iter4] Gen:8 Ind:14 RMSE(val)=218.280291
[GA][Iter4] Gen:8 Ind:15 RMSE(val)=213.546894
[GA][Iter4] Gen:8 Ind:16 RMSE(val)=213.075811
[GA][Iter4] Gen:8 Ind:17 RMSE(val)=212.070500
[GA][Iter4] Gen:8 Ind:18 RMSE(val)=214.639666
[GA][Iter4] Gen:8 Ind:19 RMSE(val)=213.161696
[GA][Iter4] Gen:8 Ind:20 RMSE(val)=215.081281
[GA][Iter4] gen=8 best_val_rmse=211.126345
[GA][Iter4] Gen:9 Ind:1 RMSE(val)=211.126345
[GA][Iter4] Gen:9 Ind:2 RMSE(val)=211.680211
[GA][Iter4] Gen:9 Ind:3 RMSE(val)=211.879790
[GA][Iter4] Gen:9 Ind:4 RMSE(val)=212.070500
[GA][Iter4] Gen:9 Ind:5 RMSE(val)=212.102253
[GA][Iter4] Gen:9 Ind:6 RMSE(val)=212.195534
[GA][Iter4] Gen:9 Ind:7 RMSE(val)=212.405674
[GA][Iter4] Gen:9 Ind:8 RMSE(val)=213.050431
[GA][Iter4] Gen:9 Ind:9 RMSE(val)=213.075811
[GA][Iter4] Gen:9 Ind:10 RMSE(val)=213.161696
[GA][Iter4] Gen:9 Ind:11 RMSE(val)=216.347301
[GA][Iter4] Gen:9 Ind:12 RMSE(val)=211.903317
[GA][Iter4] Gen:9 Ind:13 RMSE(val)=211.680211
[GA][Iter4] Gen:9 Ind:14 RMSE(val)=215.839733
[GA][Iter4] Gen:9 Ind:15 RMSE(val)=212.925560
[GA][Iter4] Gen:9 Ind:16 RMSE(val)=212.070500
[GA][Iter4] Gen:9 Ind:17 RMSE(val)=212.905594
[GA][Iter4] Gen:9 Ind:18 RMSE(val)=213.075811
[GA][Iter4] Gen:9 Ind:19 RMSE(val)=214.385216
[GA][Iter4] Gen:9 Ind:20 RMSE(val)=214.172238
[GA][Iter4] gen=9 best_val_rmse=211.126345
[GA][Iter4] Gen:10 Ind:1 RMSE(val)=211.126345
[GA][Iter4] Gen:10 Ind:2 RMSE(val)=211.680211
[GA][Iter4] Gen:10 Ind:3 RMSE(val)=211.680211
[GA][Iter4] Gen:10 Ind:4 RMSE(val)=211.879790
[GA][Iter4] Gen:10 Ind:5 RMSE(val)=211.903317
[GA][Iter4] Gen:10 Ind:6 RMSE(val)=212.070500
[GA][Iter4] Gen:10 Ind:7 RMSE(val)=212.070500
[GA][Iter4] Gen:10 Ind:8 RMSE(val)=212.102253
[GA][Iter4] Gen:10 Ind:9 RMSE(val)=212.195534
[GA][Iter4] Gen:10 Ind:10 RMSE(val)=212.405674
[GA][Iter4] Gen:10 Ind:11 RMSE(val)=210.971149
[GA][Iter4] Gen:10 Ind:12 RMSE(val)=213.228999
[GA][Iter4] Gen:10 Ind:13 RMSE(val)=213.987125
[GA][Iter4] Gen:10 Ind:14 RMSE(val)=213.106818
[GA][Iter4] Gen:10 Ind:15 RMSE(val)=211.488253
[GA][Iter4] Gen:10 Ind:16 RMSE(val)=212.070500
[GA][Iter4] Gen:10 Ind:17 RMSE(val)=214.171725
[GA][Iter4] Gen:10 Ind:18 RMSE(val)=211.903317
[GA][Iter4] Gen:10 Ind:19 RMSE(val)=213.882426
[GA][Iter4] Gen:10 Ind:20 RMSE(val)=211.680211
[GA][Iter4] gen=10 best_val_rmse=210.971149
[GA][Iter4] Gen:11 Ind:1 RMSE(val)=210.971149
[GA][Iter4] Gen:11 Ind:2 RMSE(val)=211.126345
[GA][Iter4] Gen:11 Ind:3 RMSE(val)=211.488253
[GA][Iter4] Gen:11 Ind:4 RMSE(val)=211.680211
[GA][Iter4] Gen:11 Ind:5 RMSE(val)=211.680211
[GA][Iter4] Gen:11 Ind:6 RMSE(val)=211.680211
[GA][Iter4] Gen:11 Ind:7 RMSE(val)=211.879790
[GA][Iter4] Gen:11 Ind:8 RMSE(val)=211.903317
[GA][Iter4] Gen:11 Ind:9 RMSE(val)=211.903317
[GA][Iter4] Gen:11 Ind:10 RMSE(val)=212.070500
[GA][Iter4] Gen:11 Ind:11 RMSE(val)=211.680211
[GA][Iter4] Gen:11 Ind:12 RMSE(val)=216.490507
[GA][Iter4] Gen:11 Ind:13 RMSE(val)=213.519871
[GA][Iter4] Gen:11 Ind:14 RMSE(val)=215.233181
[GA][Iter4] Gen:11 Ind:15 RMSE(val)=212.563340
[GA][Iter4] Gen:11 Ind:16 RMSE(val)=215.987273
[GA][Iter4] Gen:11 Ind:17 RMSE(val)=212.628227
[GA][Iter4] Gen:11 Ind:18 RMSE(val)=212.747926
[GA][Iter4] Gen:11 Ind:19 RMSE(val)=213.464369
[GA][Iter4] Gen:11 Ind:20 RMSE(val)=214.882870
[GA][Iter4] gen=11 best_val_rmse=210.971149
[GA][Iter4] Gen:12 Ind:1 RMSE(val)=210.971149
[GA][Iter4] Gen:12 Ind:2 RMSE(val)=211.126345
[GA][Iter4] Gen:12 Ind:3 RMSE(val)=211.488253
[GA][Iter4] Gen:12 Ind:4 RMSE(val)=211.680211
[GA][Iter4] Gen:12 Ind:5 RMSE(val)=211.680211
[GA][Iter4] Gen:12 Ind:6 RMSE(val)=211.680211
[GA][Iter4] Gen:12 Ind:7 RMSE(val)=211.680211
[GA][Iter4] Gen:12 Ind:8 RMSE(val)=211.879790
[GA][Iter4] Gen:12 Ind:9 RMSE(val)=211.903317
[GA][Iter4] Gen:12 Ind:10 RMSE(val)=211.903317
[GA][Iter4] Gen:12 Ind:11 RMSE(val)=212.747926
[GA][Iter4] Gen:12 Ind:12 RMSE(val)=215.811675
[GA][Iter4] Gen:12 Ind:13 RMSE(val)=213.303353
[GA][Iter4] Gen:12 Ind:14 RMSE(val)=210.604772
[GA][Iter4] Gen:12 Ind:15 RMSE(val)=212.586597
[GA][Iter4] Gen:12 Ind:16 RMSE(val)=212.753928
[GA][Iter4] Gen:12 Ind:17 RMSE(val)=216.405901
[GA][Iter4] Gen:12 Ind:18 RMSE(val)=213.106818
[GA][Iter4] Gen:12 Ind:19 RMSE(val)=210.971149
[GA][Iter4] Gen:12 Ind:20 RMSE(val)=212.070500
[GA][Iter4] gen=12 best_val_rmse=210.604772
[GA][Iter4] Gen:13 Ind:1 RMSE(val)=210.604772
[GA][Iter4] Gen:13 Ind:2 RMSE(val)=210.971149
[GA][Iter4] Gen:13 Ind:3 RMSE(val)=210.971149
[GA][Iter4] Gen:13 Ind:4 RMSE(val)=211.126345
[GA][Iter4] Gen:13 Ind:5 RMSE(val)=211.488253
[GA][Iter4] Gen:13 Ind:6 RMSE(val)=211.680211
[GA][Iter4] Gen:13 Ind:7 RMSE(val)=211.680211
[GA][Iter4] Gen:13 Ind:8 RMSE(val)=211.680211
[GA][Iter4] Gen:13 Ind:9 RMSE(val)=211.680211
[GA][Iter4] Gen:13 Ind:10 RMSE(val)=211.879790
[GA][Iter4] Gen:13 Ind:11 RMSE(val)=211.680211
[GA][Iter4] Gen:13 Ind:12 RMSE(val)=211.680211
[GA][Iter4] Gen:13 Ind:13 RMSE(val)=220.011878
[GA][Iter4] Gen:13 Ind:14 RMSE(val)=210.971149
[GA][Iter4] Gen:13 Ind:15 RMSE(val)=211.680211
[GA][Iter4] Gen:13 Ind:16 RMSE(val)=224.502507
[GA][Iter4] Gen:13 Ind:17 RMSE(val)=210.971149
[GA][Iter4] Gen:13 Ind:18 RMSE(val)=220.967413
[GA][Iter4] Gen:13 Ind:19 RMSE(val)=216.976607
[GA][Iter4] Gen:13 Ind:20 RMSE(val)=211.680211
[GA][Iter4] gen=13 best_val_rmse=210.604772
[GA][Iter4] Gen:14 Ind:1 RMSE(val)=210.604772
[GA][Iter4] Gen:14 Ind:2 RMSE(val)=210.971149
[GA][Iter4] Gen:14 Ind:3 RMSE(val)=210.971149
[GA][Iter4] Gen:14 Ind:4 RMSE(val)=210.971149
[GA][Iter4] Gen:14 Ind:5 RMSE(val)=210.971149
[GA][Iter4] Gen:14 Ind:6 RMSE(val)=211.126345
[GA][Iter4] Gen:14 Ind:7 RMSE(val)=211.488253
[GA][Iter4] Gen:14 Ind:8 RMSE(val)=211.680211
[GA][Iter4] Gen:14 Ind:9 RMSE(val)=211.680211
[GA][Iter4] Gen:14 Ind:10 RMSE(val)=211.680211
[GA][Iter4] Gen:14 Ind:11 RMSE(val)=213.106818
[GA][Iter4] Gen:14 Ind:12 RMSE(val)=214.171725
[GA][Iter4] Gen:14 Ind:13 RMSE(val)=216.973758
[GA][Iter4] Gen:14 Ind:14 RMSE(val)=214.171725
[GA][Iter4] Gen:14 Ind:15 RMSE(val)=218.588421
[GA][Iter4] Gen:14 Ind:16 RMSE(val)=215.053039
[GA][Iter4] Gen:14 Ind:17 RMSE(val)=213.468118
[GA][Iter4] Gen:14 Ind:18 RMSE(val)=215.586940
[GA][Iter4] Gen:14 Ind:19 RMSE(val)=214.308570
[GA][Iter4] Gen:14 Ind:20 RMSE(val)=218.192347
[GA][Iter4] gen=14 best_val_rmse=210.604772
[GA][Iter4] Gen:15 Ind:1 RMSE(val)=210.604772
[GA][Iter4] Gen:15 Ind:2 RMSE(val)=210.971149
[GA][Iter4] Gen:15 Ind:3 RMSE(val)=210.971149
[GA][Iter4] Gen:15 Ind:4 RMSE(val)=210.971149
[GA][Iter4] Gen:15 Ind:5 RMSE(val)=210.971149
[GA][Iter4] Gen:15 Ind:6 RMSE(val)=211.126345
[GA][Iter4] Gen:15 Ind:7 RMSE(val)=211.488253
[GA][Iter4] Gen:15 Ind:8 RMSE(val)=211.680211
[GA][Iter4] Gen:15 Ind:9 RMSE(val)=211.680211
[GA][Iter4] Gen:15 Ind:10 RMSE(val)=211.680211
[GA][Iter4] Gen:15 Ind:11 RMSE(val)=214.171725
[GA][Iter4] Gen:15 Ind:12 RMSE(val)=215.617465
[GA][Iter4] Gen:15 Ind:13 RMSE(val)=214.113113
[GA][Iter4] Gen:15 Ind:14 RMSE(val)=215.586940
[GA][Iter4] Gen:15 Ind:15 RMSE(val)=211.680211
[GA][Iter4] Gen:15 Ind:16 RMSE(val)=209.986931
[GA][Iter4] Gen:15 Ind:17 RMSE(val)=210.971149
[GA][Iter4] Gen:15 Ind:18 RMSE(val)=218.588421
[GA][Iter4] Gen:15 Ind:19 RMSE(val)=213.468118
[GA][Iter4] Gen:15 Ind:20 RMSE(val)=218.588421
[GA][Iter4] gen=15 best_val_rmse=209.986931
[GA][Iter4] Gen:15 Ind:1 RMSE(val)=209.986931
[GA][Iter4] Gen:15 Ind:2 RMSE(val)=210.604772
[GA][Iter4] Gen:15 Ind:3 RMSE(val)=210.971149
[GA][Iter4] Gen:15 Ind:4 RMSE(val)=210.971149
[GA][Iter4] Gen:15 Ind:5 RMSE(val)=210.971149
[GA][Iter4] Gen:15 Ind:6 RMSE(val)=210.971149
[GA][Iter4] Gen:15 Ind:7 RMSE(val)=210.971149
[GA][Iter4] Gen:15 Ind:8 RMSE(val)=211.126345
[GA][Iter4] Gen:15 Ind:9 RMSE(val)=211.488253
[GA][Iter4] Gen:15 Ind:10 RMSE(val)=211.680211
[GA][Iter4] Gen:15 Ind:11 RMSE(val)=209.950021
[GA][Iter4] Gen:15 Ind:12 RMSE(val)=214.765207
[GA][Iter4] Gen:15 Ind:13 RMSE(val)=209.562359
[GA][Iter4] Gen:15 Ind:14 RMSE(val)=210.971149
[GA][Iter4] Gen:15 Ind:15 RMSE(val)=210.971149
[GA][Iter4] Gen:15 Ind:16 RMSE(val)=214.171725
[GA][Iter4] Gen:15 Ind:17 RMSE(val)=211.488253
[GA][Iter4] Gen:15 Ind:18 RMSE(val)=211.488253
[GA][Iter4] Gen:15 Ind:19 RMSE(val)=210.971149
[GA][Iter4] Gen:15 Ind:20 RMSE(val)=214.981778

[GA DONE][Iter4] Best params on val fold of Iter4
Best val RMSE: 209.562359
Best params: {'n_estimators': 475, 'learning_rate': 0.0710626095871811, 'num_leaves': 38, 'max_depth': 14, 'min_child_samples': 29, 'subsample': 0.6560711674533699, 'colsample_bytree': 0.826942777475564, 'reg_lambda': 0.16317139647482912, 'reg_alpha': 0.05493922428246702}
--------------------------------------------------------------------------------
[RETUNE GA] Iter4: train folds 1..8 -> test fold 9  RMSE=192.252165  NRMSE=1.085798  CVRMSE=0.203553  R2=-0.184597
[GA][Iter5] Gen:1 Ind:1 RMSE(val)=187.436798
[GA][Iter5] Gen:1 Ind:2 RMSE(val)=184.029660
[GA][Iter5] Gen:1 Ind:3 RMSE(val)=188.998135
[GA][Iter5] Gen:1 Ind:4 RMSE(val)=198.840072
[GA][Iter5] Gen:1 Ind:5 RMSE(val)=195.324860
[GA][Iter5] Gen:1 Ind:6 RMSE(val)=186.294310
[GA][Iter5] Gen:1 Ind:7 RMSE(val)=208.916089
[GA][Iter5] Gen:1 Ind:8 RMSE(val)=250.254279
[GA][Iter5] Gen:1 Ind:9 RMSE(val)=192.965478
[GA][Iter5] Gen:1 Ind:10 RMSE(val)=189.041982
[GA][Iter5] Gen:1 Ind:11 RMSE(val)=187.163643
[GA][Iter5] Gen:1 Ind:12 RMSE(val)=188.627968
[GA][Iter5] Gen:1 Ind:13 RMSE(val)=189.947389
[GA][Iter5] Gen:1 Ind:14 RMSE(val)=192.177449
[GA][Iter5] Gen:1 Ind:15 RMSE(val)=194.876415
[GA][Iter5] Gen:1 Ind:16 RMSE(val)=200.882973
[GA][Iter5] Gen:1 Ind:17 RMSE(val)=198.315077
[GA][Iter5] Gen:1 Ind:18 RMSE(val)=185.176987
[GA][Iter5] Gen:1 Ind:19 RMSE(val)=211.419623
[GA][Iter5] Gen:1 Ind:20 RMSE(val)=191.281824
[GA][Iter5] gen=1 best_val_rmse=184.029660
[GA][Iter5] Gen:2 Ind:1 RMSE(val)=184.029660
[GA][Iter5] Gen:2 Ind:2 RMSE(val)=185.176987
[GA][Iter5] Gen:2 Ind:3 RMSE(val)=186.294310
[GA][Iter5] Gen:2 Ind:4 RMSE(val)=187.163643
[GA][Iter5] Gen:2 Ind:5 RMSE(val)=187.436798
[GA][Iter5] Gen:2 Ind:6 RMSE(val)=188.627968
[GA][Iter5] Gen:2 Ind:7 RMSE(val)=188.998135
[GA][Iter5] Gen:2 Ind:8 RMSE(val)=189.041982
[GA][Iter5] Gen:2 Ind:9 RMSE(val)=189.947389
[GA][Iter5] Gen:2 Ind:10 RMSE(val)=191.281824
[GA][Iter5] Gen:2 Ind:11 RMSE(val)=195.060020
[GA][Iter5] Gen:2 Ind:12 RMSE(val)=189.041846
[GA][Iter5] Gen:2 Ind:13 RMSE(val)=185.659884
[GA][Iter5] Gen:2 Ind:14 RMSE(val)=189.034021
[GA][Iter5] Gen:2 Ind:15 RMSE(val)=185.854097
[GA][Iter5] Gen:2 Ind:16 RMSE(val)=194.895739
[GA][Iter5] Gen:2 Ind:17 RMSE(val)=185.566084
[GA][Iter5] Gen:2 Ind:18 RMSE(val)=190.668946
[GA][Iter5] Gen:2 Ind:19 RMSE(val)=200.013827
[GA][Iter5] Gen:2 Ind:20 RMSE(val)=191.892183
[GA][Iter5] gen=2 best_val_rmse=184.029660
[GA][Iter5] Gen:3 Ind:1 RMSE(val)=184.029660
[GA][Iter5] Gen:3 Ind:2 RMSE(val)=185.176987
[GA][Iter5] Gen:3 Ind:3 RMSE(val)=185.566084
[GA][Iter5] Gen:3 Ind:4 RMSE(val)=185.659884
[GA][Iter5] Gen:3 Ind:5 RMSE(val)=185.854097
[GA][Iter5] Gen:3 Ind:6 RMSE(val)=186.294310
[GA][Iter5] Gen:3 Ind:7 RMSE(val)=187.163643
[GA][Iter5] Gen:3 Ind:8 RMSE(val)=187.436798
[GA][Iter5] Gen:3 Ind:9 RMSE(val)=188.627968
[GA][Iter5] Gen:3 Ind:10 RMSE(val)=188.998135
[GA][Iter5] Gen:3 Ind:11 RMSE(val)=184.660936
[GA][Iter5] Gen:3 Ind:12 RMSE(val)=189.692399
[GA][Iter5] Gen:3 Ind:13 RMSE(val)=184.462547
[GA][Iter5] Gen:3 Ind:14 RMSE(val)=186.545062
[GA][Iter5] Gen:3 Ind:15 RMSE(val)=184.456644
[GA][Iter5] Gen:3 Ind:16 RMSE(val)=186.031455
[GA][Iter5] Gen:3 Ind:17 RMSE(val)=202.378739
[GA][Iter5] Gen:3 Ind:18 RMSE(val)=185.338626
[GA][Iter5] Gen:3 Ind:19 RMSE(val)=193.166729
[GA][Iter5] Gen:3 Ind:20 RMSE(val)=185.469753
[GA][Iter5] gen=3 best_val_rmse=184.029660
[GA][Iter5] Gen:4 Ind:1 RMSE(val)=184.029660
[GA][Iter5] Gen:4 Ind:2 RMSE(val)=184.456644
[GA][Iter5] Gen:4 Ind:3 RMSE(val)=184.462547
[GA][Iter5] Gen:4 Ind:4 RMSE(val)=184.660936
[GA][Iter5] Gen:4 Ind:5 RMSE(val)=185.176987
[GA][Iter5] Gen:4 Ind:6 RMSE(val)=185.338626
[GA][Iter5] Gen:4 Ind:7 RMSE(val)=185.469753
[GA][Iter5] Gen:4 Ind:8 RMSE(val)=185.566084
[GA][Iter5] Gen:4 Ind:9 RMSE(val)=185.659884
[GA][Iter5] Gen:4 Ind:10 RMSE(val)=185.854097
[GA][Iter5] Gen:4 Ind:11 RMSE(val)=186.406401
[GA][Iter5] Gen:4 Ind:12 RMSE(val)=185.249291
[GA][Iter5] Gen:4 Ind:13 RMSE(val)=185.372567
[GA][Iter5] Gen:4 Ind:14 RMSE(val)=184.741546
[GA][Iter5] Gen:4 Ind:15 RMSE(val)=185.511479
[GA][Iter5] Gen:4 Ind:16 RMSE(val)=186.340752
[GA][Iter5] Gen:4 Ind:17 RMSE(val)=187.907338
[GA][Iter5] Gen:4 Ind:18 RMSE(val)=185.747388
[GA][Iter5] Gen:4 Ind:19 RMSE(val)=185.906121
[GA][Iter5] Gen:4 Ind:20 RMSE(val)=184.462547
[GA][Iter5] gen=4 best_val_rmse=184.029660
[GA][Iter5] Gen:5 Ind:1 RMSE(val)=184.029660
[GA][Iter5] Gen:5 Ind:2 RMSE(val)=184.456644
[GA][Iter5] Gen:5 Ind:3 RMSE(val)=184.462547
[GA][Iter5] Gen:5 Ind:4 RMSE(val)=184.462547
[GA][Iter5] Gen:5 Ind:5 RMSE(val)=184.660936
[GA][Iter5] Gen:5 Ind:6 RMSE(val)=184.741546
[GA][Iter5] Gen:5 Ind:7 RMSE(val)=185.176987
[GA][Iter5] Gen:5 Ind:8 RMSE(val)=185.249291
[GA][Iter5] Gen:5 Ind:9 RMSE(val)=185.338626
[GA][Iter5] Gen:5 Ind:10 RMSE(val)=185.372567
[GA][Iter5] Gen:5 Ind:11 RMSE(val)=186.426178
[GA][Iter5] Gen:5 Ind:12 RMSE(val)=185.224033
[GA][Iter5] Gen:5 Ind:13 RMSE(val)=186.244564
[GA][Iter5] Gen:5 Ind:14 RMSE(val)=184.232681
[GA][Iter5] Gen:5 Ind:15 RMSE(val)=184.660936
[GA][Iter5] Gen:5 Ind:16 RMSE(val)=185.156698
[GA][Iter5] Gen:5 Ind:17 RMSE(val)=184.292922
[GA][Iter5] Gen:5 Ind:18 RMSE(val)=186.666852
[GA][Iter5] Gen:5 Ind:19 RMSE(val)=185.460541
[GA][Iter5] Gen:5 Ind:20 RMSE(val)=184.514956
[GA][Iter5] gen=5 best_val_rmse=184.029660
[GA][Iter5] Gen:6 Ind:1 RMSE(val)=184.029660
[GA][Iter5] Gen:6 Ind:2 RMSE(val)=184.232681
[GA][Iter5] Gen:6 Ind:3 RMSE(val)=184.292922
[GA][Iter5] Gen:6 Ind:4 RMSE(val)=184.456644
[GA][Iter5] Gen:6 Ind:5 RMSE(val)=184.462547
[GA][Iter5] Gen:6 Ind:6 RMSE(val)=184.462547
[GA][Iter5] Gen:6 Ind:7 RMSE(val)=184.514956
[GA][Iter5] Gen:6 Ind:8 RMSE(val)=184.660936
[GA][Iter5] Gen:6 Ind:9 RMSE(val)=184.660936
[GA][Iter5] Gen:6 Ind:10 RMSE(val)=184.741546
[GA][Iter5] Gen:6 Ind:11 RMSE(val)=186.493975
[GA][Iter5] Gen:6 Ind:12 RMSE(val)=184.462547
[GA][Iter5] Gen:6 Ind:13 RMSE(val)=184.232681
[GA][Iter5] Gen:6 Ind:14 RMSE(val)=185.298662
[GA][Iter5] Gen:6 Ind:15 RMSE(val)=186.054297
[GA][Iter5] Gen:6 Ind:16 RMSE(val)=184.272253
[GA][Iter5] Gen:6 Ind:17 RMSE(val)=184.744096
[GA][Iter5] Gen:6 Ind:18 RMSE(val)=183.540404
[GA][Iter5] Gen:6 Ind:19 RMSE(val)=185.466269
[GA][Iter5] Gen:6 Ind:20 RMSE(val)=184.037008
[GA][Iter5] gen=6 best_val_rmse=183.540404
[GA][Iter5] Gen:7 Ind:1 RMSE(val)=183.540404
[GA][Iter5] Gen:7 Ind:2 RMSE(val)=184.029660
[GA][Iter5] Gen:7 Ind:3 RMSE(val)=184.037008
[GA][Iter5] Gen:7 Ind:4 RMSE(val)=184.232681
[GA][Iter5] Gen:7 Ind:5 RMSE(val)=184.232681
[GA][Iter5] Gen:7 Ind:6 RMSE(val)=184.272253
[GA][Iter5] Gen:7 Ind:7 RMSE(val)=184.292922
[GA][Iter5] Gen:7 Ind:8 RMSE(val)=184.456644
[GA][Iter5] Gen:7 Ind:9 RMSE(val)=184.462547
[GA][Iter5] Gen:7 Ind:10 RMSE(val)=184.462547
[GA][Iter5] Gen:7 Ind:11 RMSE(val)=184.707024
[GA][Iter5] Gen:7 Ind:12 RMSE(val)=185.944274
[GA][Iter5] Gen:7 Ind:13 RMSE(val)=184.051645
[GA][Iter5] Gen:7 Ind:14 RMSE(val)=184.651383
[GA][Iter5] Gen:7 Ind:15 RMSE(val)=185.108040
[GA][Iter5] Gen:7 Ind:16 RMSE(val)=184.335921
[GA][Iter5] Gen:7 Ind:17 RMSE(val)=184.232681
[GA][Iter5] Gen:7 Ind:18 RMSE(val)=183.566399
[GA][Iter5] Gen:7 Ind:19 RMSE(val)=184.727167
[GA][Iter5] Gen:7 Ind:20 RMSE(val)=184.456644
[GA][Iter5] gen=7 best_val_rmse=183.540404
[GA][Iter5] Gen:8 Ind:1 RMSE(val)=183.540404
[GA][Iter5] Gen:8 Ind:2 RMSE(val)=183.566399
[GA][Iter5] Gen:8 Ind:3 RMSE(val)=184.029660
[GA][Iter5] Gen:8 Ind:4 RMSE(val)=184.037008
[GA][Iter5] Gen:8 Ind:5 RMSE(val)=184.051645
[GA][Iter5] Gen:8 Ind:6 RMSE(val)=184.232681
[GA][Iter5] Gen:8 Ind:7 RMSE(val)=184.232681
[GA][Iter5] Gen:8 Ind:8 RMSE(val)=184.232681
[GA][Iter5] Gen:8 Ind:9 RMSE(val)=184.272253
[GA][Iter5] Gen:8 Ind:10 RMSE(val)=184.292922
[GA][Iter5] Gen:8 Ind:11 RMSE(val)=184.608690
[GA][Iter5] Gen:8 Ind:12 RMSE(val)=184.684190
[GA][Iter5] Gen:8 Ind:13 RMSE(val)=183.424898
[GA][Iter5] Gen:8 Ind:14 RMSE(val)=185.571132
[GA][Iter5] Gen:8 Ind:15 RMSE(val)=184.137177
[GA][Iter5] Gen:8 Ind:16 RMSE(val)=183.982776
[GA][Iter5] Gen:8 Ind:17 RMSE(val)=183.566399
[GA][Iter5] Gen:8 Ind:18 RMSE(val)=183.707352
[GA][Iter5] Gen:8 Ind:19 RMSE(val)=182.737689
[GA][Iter5] Gen:8 Ind:20 RMSE(val)=184.933041
[GA][Iter5] gen=8 best_val_rmse=182.737689
[GA][Iter5] Gen:9 Ind:1 RMSE(val)=182.737689
[GA][Iter5] Gen:9 Ind:2 RMSE(val)=183.424898
[GA][Iter5] Gen:9 Ind:3 RMSE(val)=183.540404
[GA][Iter5] Gen:9 Ind:4 RMSE(val)=183.566399
[GA][Iter5] Gen:9 Ind:5 RMSE(val)=183.566399
[GA][Iter5] Gen:9 Ind:6 RMSE(val)=183.707352
[GA][Iter5] Gen:9 Ind:7 RMSE(val)=183.982776
[GA][Iter5] Gen:9 Ind:8 RMSE(val)=184.029660
[GA][Iter5] Gen:9 Ind:9 RMSE(val)=184.037008
[GA][Iter5] Gen:9 Ind:10 RMSE(val)=184.051645
[GA][Iter5] Gen:9 Ind:11 RMSE(val)=185.933454
[GA][Iter5] Gen:9 Ind:12 RMSE(val)=183.982776
[GA][Iter5] Gen:9 Ind:13 RMSE(val)=184.238958
[GA][Iter5] Gen:9 Ind:14 RMSE(val)=181.961067
[GA][Iter5] Gen:9 Ind:15 RMSE(val)=182.863005
[GA][Iter5] Gen:9 Ind:16 RMSE(val)=184.102283
[GA][Iter5] Gen:9 Ind:17 RMSE(val)=182.712406
[GA][Iter5] Gen:9 Ind:18 RMSE(val)=183.566399
[GA][Iter5] Gen:9 Ind:19 RMSE(val)=184.398257
[GA][Iter5] Gen:9 Ind:20 RMSE(val)=185.285624
[GA][Iter5] gen=9 best_val_rmse=181.961067
[GA][Iter5] Gen:10 Ind:1 RMSE(val)=181.961067
[GA][Iter5] Gen:10 Ind:2 RMSE(val)=182.712406
[GA][Iter5] Gen:10 Ind:3 RMSE(val)=182.737689
[GA][Iter5] Gen:10 Ind:4 RMSE(val)=182.863005
[GA][Iter5] Gen:10 Ind:5 RMSE(val)=183.424898
[GA][Iter5] Gen:10 Ind:6 RMSE(val)=183.540404
[GA][Iter5] Gen:10 Ind:7 RMSE(val)=183.566399
[GA][Iter5] Gen:10 Ind:8 RMSE(val)=183.566399
[GA][Iter5] Gen:10 Ind:9 RMSE(val)=183.566399
[GA][Iter5] Gen:10 Ind:10 RMSE(val)=183.707352
[GA][Iter5] Gen:10 Ind:11 RMSE(val)=183.595153
[GA][Iter5] Gen:10 Ind:12 RMSE(val)=182.473347
[GA][Iter5] Gen:10 Ind:13 RMSE(val)=185.315786
[GA][Iter5] Gen:10 Ind:14 RMSE(val)=182.737689
[GA][Iter5] Gen:10 Ind:15 RMSE(val)=185.097056
[GA][Iter5] Gen:10 Ind:16 RMSE(val)=182.683567
[GA][Iter5] Gen:10 Ind:17 RMSE(val)=183.707352
[GA][Iter5] Gen:10 Ind:18 RMSE(val)=182.601709
[GA][Iter5] Gen:10 Ind:19 RMSE(val)=183.566399
[GA][Iter5] Gen:10 Ind:20 RMSE(val)=182.601709
[GA][Iter5] gen=10 best_val_rmse=181.961067
[GA][Iter5] Gen:11 Ind:1 RMSE(val)=181.961067
[GA][Iter5] Gen:11 Ind:2 RMSE(val)=182.473347
[GA][Iter5] Gen:11 Ind:3 RMSE(val)=182.601709
[GA][Iter5] Gen:11 Ind:4 RMSE(val)=182.601709
[GA][Iter5] Gen:11 Ind:5 RMSE(val)=182.683567
[GA][Iter5] Gen:11 Ind:6 RMSE(val)=182.712406
[GA][Iter5] Gen:11 Ind:7 RMSE(val)=182.737689
[GA][Iter5] Gen:11 Ind:8 RMSE(val)=182.737689
[GA][Iter5] Gen:11 Ind:9 RMSE(val)=182.863005
[GA][Iter5] Gen:11 Ind:10 RMSE(val)=183.424898
[GA][Iter5] Gen:11 Ind:11 RMSE(val)=182.601709
[GA][Iter5] Gen:11 Ind:12 RMSE(val)=182.950825
[GA][Iter5] Gen:11 Ind:13 RMSE(val)=182.601709
[GA][Iter5] Gen:11 Ind:14 RMSE(val)=182.601709
[GA][Iter5] Gen:11 Ind:15 RMSE(val)=182.601709
[GA][Iter5] Gen:11 Ind:16 RMSE(val)=182.712406
[GA][Iter5] Gen:11 Ind:17 RMSE(val)=182.737689
[GA][Iter5] Gen:11 Ind:18 RMSE(val)=182.727365
[GA][Iter5] Gen:11 Ind:19 RMSE(val)=182.195438
[GA][Iter5] Gen:11 Ind:20 RMSE(val)=184.562479
[GA][Iter5] gen=11 best_val_rmse=181.961067
[GA][Iter5] Gen:12 Ind:1 RMSE(val)=181.961067
[GA][Iter5] Gen:12 Ind:2 RMSE(val)=182.195438
[GA][Iter5] Gen:12 Ind:3 RMSE(val)=182.473347
[GA][Iter5] Gen:12 Ind:4 RMSE(val)=182.601709
[GA][Iter5] Gen:12 Ind:5 RMSE(val)=182.601709
[GA][Iter5] Gen:12 Ind:6 RMSE(val)=182.601709
[GA][Iter5] Gen:12 Ind:7 RMSE(val)=182.601709
[GA][Iter5] Gen:12 Ind:8 RMSE(val)=182.601709
[GA][Iter5] Gen:12 Ind:9 RMSE(val)=182.601709
[GA][Iter5] Gen:12 Ind:10 RMSE(val)=182.683567
[GA][Iter5] Gen:12 Ind:11 RMSE(val)=182.476902
[GA][Iter5] Gen:12 Ind:12 RMSE(val)=183.047434
[GA][Iter5] Gen:12 Ind:13 RMSE(val)=183.123417
[GA][Iter5] Gen:12 Ind:14 RMSE(val)=183.158263
[GA][Iter5] Gen:12 Ind:15 RMSE(val)=184.480441
[GA][Iter5] Gen:12 Ind:16 RMSE(val)=182.709249
[GA][Iter5] Gen:12 Ind:17 RMSE(val)=182.601709
[GA][Iter5] Gen:12 Ind:18 RMSE(val)=182.601709
[GA][Iter5] Gen:12 Ind:19 RMSE(val)=182.142183
[GA][Iter5] Gen:12 Ind:20 RMSE(val)=182.601709
[GA][Iter5] gen=12 best_val_rmse=181.961067
[GA][Iter5] Gen:13 Ind:1 RMSE(val)=181.961067
[GA][Iter5] Gen:13 Ind:2 RMSE(val)=182.142183
[GA][Iter5] Gen:13 Ind:3 RMSE(val)=182.195438
[GA][Iter5] Gen:13 Ind:4 RMSE(val)=182.473347
[GA][Iter5] Gen:13 Ind:5 RMSE(val)=182.476902
[GA][Iter5] Gen:13 Ind:6 RMSE(val)=182.601709
[GA][Iter5] Gen:13 Ind:7 RMSE(val)=182.601709
[GA][Iter5] Gen:13 Ind:8 RMSE(val)=182.601709
[GA][Iter5] Gen:13 Ind:9 RMSE(val)=182.601709
[GA][Iter5] Gen:13 Ind:10 RMSE(val)=182.601709
[GA][Iter5] Gen:13 Ind:11 RMSE(val)=182.601709
[GA][Iter5] Gen:13 Ind:12 RMSE(val)=182.199321
[GA][Iter5] Gen:13 Ind:13 RMSE(val)=182.473347
[GA][Iter5] Gen:13 Ind:14 RMSE(val)=182.142183
[GA][Iter5] Gen:13 Ind:15 RMSE(val)=182.601709
[GA][Iter5] Gen:13 Ind:16 RMSE(val)=187.507353
[GA][Iter5] Gen:13 Ind:17 RMSE(val)=182.142183
[GA][Iter5] Gen:13 Ind:18 RMSE(val)=185.994524
[GA][Iter5] Gen:13 Ind:19 RMSE(val)=182.863005
[GA][Iter5] Gen:13 Ind:20 RMSE(val)=182.601709
[GA][Iter5] gen=13 best_val_rmse=181.961067
[GA][Iter5] Gen:14 Ind:1 RMSE(val)=181.961067
[GA][Iter5] Gen:14 Ind:2 RMSE(val)=182.142183
[GA][Iter5] Gen:14 Ind:3 RMSE(val)=182.142183
[GA][Iter5] Gen:14 Ind:4 RMSE(val)=182.142183
[GA][Iter5] Gen:14 Ind:5 RMSE(val)=182.195438
[GA][Iter5] Gen:14 Ind:6 RMSE(val)=182.199321
[GA][Iter5] Gen:14 Ind:7 RMSE(val)=182.473347
[GA][Iter5] Gen:14 Ind:8 RMSE(val)=182.473347
[GA][Iter5] Gen:14 Ind:9 RMSE(val)=182.476902
[GA][Iter5] Gen:14 Ind:10 RMSE(val)=182.601709
[GA][Iter5] Gen:14 Ind:11 RMSE(val)=182.068862
[GA][Iter5] Gen:14 Ind:12 RMSE(val)=183.497503
[GA][Iter5] Gen:14 Ind:13 RMSE(val)=182.394445
[GA][Iter5] Gen:14 Ind:14 RMSE(val)=182.669428
[GA][Iter5] Gen:14 Ind:15 RMSE(val)=182.199321
[GA][Iter5] Gen:14 Ind:16 RMSE(val)=182.199321
[GA][Iter5] Gen:14 Ind:17 RMSE(val)=182.601709
[GA][Iter5] Gen:14 Ind:18 RMSE(val)=182.863005
[GA][Iter5] Gen:14 Ind:19 RMSE(val)=182.142183
[GA][Iter5] Gen:14 Ind:20 RMSE(val)=183.506147
[GA][Iter5] gen=14 best_val_rmse=181.961067
[GA][Iter5] Gen:15 Ind:1 RMSE(val)=181.961067
[GA][Iter5] Gen:15 Ind:2 RMSE(val)=182.068862
[GA][Iter5] Gen:15 Ind:3 RMSE(val)=182.142183
[GA][Iter5] Gen:15 Ind:4 RMSE(val)=182.142183
[GA][Iter5] Gen:15 Ind:5 RMSE(val)=182.142183
[GA][Iter5] Gen:15 Ind:6 RMSE(val)=182.142183
[GA][Iter5] Gen:15 Ind:7 RMSE(val)=182.195438
[GA][Iter5] Gen:15 Ind:8 RMSE(val)=182.199321
[GA][Iter5] Gen:15 Ind:9 RMSE(val)=182.199321
[GA][Iter5] Gen:15 Ind:10 RMSE(val)=182.199321
[GA][Iter5] Gen:15 Ind:11 RMSE(val)=182.142183
[GA][Iter5] Gen:15 Ind:12 RMSE(val)=182.142183
[GA][Iter5] Gen:15 Ind:13 RMSE(val)=183.028954
[GA][Iter5] Gen:15 Ind:14 RMSE(val)=182.142183
[GA][Iter5] Gen:15 Ind:15 RMSE(val)=182.199321
[GA][Iter5] Gen:15 Ind:16 RMSE(val)=183.627165
[GA][Iter5] Gen:15 Ind:17 RMSE(val)=182.199321
[GA][Iter5] Gen:15 Ind:18 RMSE(val)=182.142183
[GA][Iter5] Gen:15 Ind:19 RMSE(val)=182.195438
[GA][Iter5] Gen:15 Ind:20 RMSE(val)=182.142183
[GA][Iter5] gen=15 best_val_rmse=181.961067
[GA][Iter5] Gen:15 Ind:1 RMSE(val)=181.961067
[GA][Iter5] Gen:15 Ind:2 RMSE(val)=182.068862
[GA][Iter5] Gen:15 Ind:3 RMSE(val)=182.142183
[GA][Iter5] Gen:15 Ind:4 RMSE(val)=182.142183
[GA][Iter5] Gen:15 Ind:5 RMSE(val)=182.142183
[GA][Iter5] Gen:15 Ind:6 RMSE(val)=182.142183
[GA][Iter5] Gen:15 Ind:7 RMSE(val)=182.142183
[GA][Iter5] Gen:15 Ind:8 RMSE(val)=182.142183
[GA][Iter5] Gen:15 Ind:9 RMSE(val)=182.142183
[GA][Iter5] Gen:15 Ind:10 RMSE(val)=182.142183
[GA][Iter5] Gen:15 Ind:11 RMSE(val)=182.199321
[GA][Iter5] Gen:15 Ind:12 RMSE(val)=182.142183
[GA][Iter5] Gen:15 Ind:13 RMSE(val)=181.961067
[GA][Iter5] Gen:15 Ind:14 RMSE(val)=182.142183
[GA][Iter5] Gen:15 Ind:15 RMSE(val)=182.142183
[GA][Iter5] Gen:15 Ind:16 RMSE(val)=182.142183
[GA][Iter5] Gen:15 Ind:17 RMSE(val)=182.142183
[GA][Iter5] Gen:15 Ind:18 RMSE(val)=182.199321
[GA][Iter5] Gen:15 Ind:19 RMSE(val)=181.961067
[GA][Iter5] Gen:15 Ind:20 RMSE(val)=182.142183

[GA DONE][Iter5] Best params on val fold of Iter5
Best val RMSE: 181.961067
Best params: {'n_estimators': 452, 'learning_rate': 0.013040370487438183, 'num_leaves': 30, 'max_depth': 11, 'min_child_samples': 51, 'subsample': 0.8864078451689614, 'colsample_bytree': 0.8030726698417301, 'reg_lambda': 1.3573864719684612, 'reg_alpha': 0.30208634099491427}
--------------------------------------------------------------------------------
[RETUNE GA] Iter5: train folds 1..9 -> test fold 10  RMSE=191.092204  NRMSE=1.329949  CVRMSE=0.191807  R2=-0.777227
