=== BASELINE (project=jod, last-7 mean, expanding folds) ===
Iter1: train folds 1..5 -> test fold 6  RMSE=26895.9493  NRMSE=1.0713  CVRMSE=8.5829  R˛=-0.1580
Iter2: train folds 1..6 -> test fold 7  RMSE=19079.4261  NRMSE=1.0730  CVRMSE=7.4300  R˛=-0.1617
Iter3: train folds 1..7 -> test fold 8  RMSE=7213.0056  NRMSE=1.0702  CVRMSE=8.0620  R˛=-0.1556
Iter4: train folds 1..8 -> test fold 9  RMSE=117507.9024  NRMSE=1.0630  CVRMSE=5.1924  R˛=-0.1401
Iter5: train folds 1..9 -> test fold 10  RMSE=123582.4144  NRMSE=1.0751  CVRMSE=9.8764  R˛=-0.1663
--------------------------------------------------
[FEATURES] initial=87 kept_after_screening=48
['workflow_event_trigger', 'issuer_name', 'total_builds', 'gh_files_added', 'gh_files_deleted', 'gh_lines_deleted', 'gh_tests_deleted', 'gh_description_complexity', 'gh_src_files', 'git_num_committers', 'gh_team_size_last_3_month', 'gh_commits_on_files_touched', 'gh_test_lines_per_kloc', 'hour', 'dow', 'secs_since_prev', 'duration_lag_1', 'duration_lag_3', 'duration_lag_5', 'duration_lag_6', 'duration_lag_7', 'window_avg_7', 'window_std_3', 'ft___cjs__', 'ft___css_', 'ft___html_', 'ft___ts_', 'ft___ts__', 'ft___tsx_', 'ft___tsx__', 'ft___tsx____dup1', 'ft___webmanifest_', 'ft___yml_', 'ft____css_', 'ft____css__', 'ft____html_', 'ft____json_', 'ft____json__', 'ft____md_', 'ft____snap_', 'ft____svg_', 'ft____ts_', 'ft____ts__', 'ft____tsx_', 'ft____tsx__', 'ft____tsx____dup1', 'ft____yaml__', 'ft____yml__']
--------------------------------------------------------------------------------
[GA][Iter1] Gen:1 Ind:1 RMSE(val)=98745.227696
[GA][Iter1] Gen:1 Ind:2 RMSE(val)=99523.392368
[GA][Iter1] Gen:1 Ind:3 RMSE(val)=99526.256646
[GA][Iter1] Gen:1 Ind:4 RMSE(val)=99535.363031
[GA][Iter1] Gen:1 Ind:5 RMSE(val)=99519.057089
[GA][Iter1] Gen:1 Ind:6 RMSE(val)=99504.586897
[GA][Iter1] Gen:1 Ind:7 RMSE(val)=99503.528757
[GA][Iter1] Gen:1 Ind:8 RMSE(val)=98585.306290
[GA][Iter1] Gen:1 Ind:9 RMSE(val)=99430.531033
[GA][Iter1] Gen:1 Ind:10 RMSE(val)=99491.823940
[GA][Iter1] Gen:1 Ind:11 RMSE(val)=99512.826102
[GA][Iter1] Gen:1 Ind:12 RMSE(val)=99533.839005
[GA][Iter1] Gen:1 Ind:13 RMSE(val)=99528.267794
[GA][Iter1] Gen:1 Ind:14 RMSE(val)=99517.032169
[GA][Iter1] Gen:1 Ind:15 RMSE(val)=99516.487904
[GA][Iter1] Gen:1 Ind:16 RMSE(val)=98967.823668
[GA][Iter1] Gen:1 Ind:17 RMSE(val)=99527.987500
[GA][Iter1] Gen:1 Ind:18 RMSE(val)=99513.776748
[GA][Iter1] Gen:1 Ind:19 RMSE(val)=99498.271099
[GA][Iter1] Gen:1 Ind:20 RMSE(val)=99525.955814
[GA][Iter1] gen=1 best_val_rmse=98585.306290
[GA][Iter1] Gen:2 Ind:1 RMSE(val)=98585.306290
[GA][Iter1] Gen:2 Ind:2 RMSE(val)=98745.227696
[GA][Iter1] Gen:2 Ind:3 RMSE(val)=98967.823668
[GA][Iter1] Gen:2 Ind:4 RMSE(val)=99430.531033
[GA][Iter1] Gen:2 Ind:5 RMSE(val)=99491.823940
[GA][Iter1] Gen:2 Ind:6 RMSE(val)=99498.271099
[GA][Iter1] Gen:2 Ind:7 RMSE(val)=99503.528757
[GA][Iter1] Gen:2 Ind:8 RMSE(val)=99504.586897
[GA][Iter1] Gen:2 Ind:9 RMSE(val)=99512.826102
[GA][Iter1] Gen:2 Ind:10 RMSE(val)=99513.776748
[GA][Iter1] Gen:2 Ind:11 RMSE(val)=99482.980717
[GA][Iter1] Gen:2 Ind:12 RMSE(val)=99487.169867
[GA][Iter1] Gen:2 Ind:13 RMSE(val)=99476.688681
[GA][Iter1] Gen:2 Ind:14 RMSE(val)=99513.562013
[GA][Iter1] Gen:2 Ind:15 RMSE(val)=98563.487286
[GA][Iter1] Gen:2 Ind:16 RMSE(val)=99498.423673
[GA][Iter1] Gen:2 Ind:17 RMSE(val)=99503.888135
[GA][Iter1] Gen:2 Ind:18 RMSE(val)=99512.719079
[GA][Iter1] Gen:2 Ind:19 RMSE(val)=99462.316910
[GA][Iter1] Gen:2 Ind:20 RMSE(val)=99454.913338
[GA][Iter1] gen=2 best_val_rmse=98563.487286
[GA][Iter1] Gen:3 Ind:1 RMSE(val)=98563.487286
[GA][Iter1] Gen:3 Ind:2 RMSE(val)=98585.306290
[GA][Iter1] Gen:3 Ind:3 RMSE(val)=98745.227696
[GA][Iter1] Gen:3 Ind:4 RMSE(val)=98967.823668
[GA][Iter1] Gen:3 Ind:5 RMSE(val)=99430.531033
[GA][Iter1] Gen:3 Ind:6 RMSE(val)=99454.913338
[GA][Iter1] Gen:3 Ind:7 RMSE(val)=99462.316910
[GA][Iter1] Gen:3 Ind:8 RMSE(val)=99476.688681
[GA][Iter1] Gen:3 Ind:9 RMSE(val)=99482.980717
[GA][Iter1] Gen:3 Ind:10 RMSE(val)=99487.169867
[GA][Iter1] Gen:3 Ind:11 RMSE(val)=99437.544997
[GA][Iter1] Gen:3 Ind:12 RMSE(val)=99481.933116
[GA][Iter1] Gen:3 Ind:13 RMSE(val)=97846.465732
[GA][Iter1] Gen:3 Ind:14 RMSE(val)=98435.015996
[GA][Iter1] Gen:3 Ind:15 RMSE(val)=99495.989874
[GA][Iter1] Gen:3 Ind:16 RMSE(val)=99476.663998
[GA][Iter1] Gen:3 Ind:17 RMSE(val)=99459.558958
[GA][Iter1] Gen:3 Ind:18 RMSE(val)=99473.435508
[GA][Iter1] Gen:3 Ind:19 RMSE(val)=98638.440696
[GA][Iter1] Gen:3 Ind:20 RMSE(val)=98974.224878
[GA][Iter1] gen=3 best_val_rmse=97846.465732
[GA][Iter1] Gen:4 Ind:1 RMSE(val)=97846.465732
[GA][Iter1] Gen:4 Ind:2 RMSE(val)=98435.015996
[GA][Iter1] Gen:4 Ind:3 RMSE(val)=98563.487286
[GA][Iter1] Gen:4 Ind:4 RMSE(val)=98585.306290
[GA][Iter1] Gen:4 Ind:5 RMSE(val)=98638.440696
[GA][Iter1] Gen:4 Ind:6 RMSE(val)=98745.227696
[GA][Iter1] Gen:4 Ind:7 RMSE(val)=98967.823668
[GA][Iter1] Gen:4 Ind:8 RMSE(val)=98974.224878
[GA][Iter1] Gen:4 Ind:9 RMSE(val)=99430.531033
[GA][Iter1] Gen:4 Ind:10 RMSE(val)=99437.544997
[GA][Iter1] Gen:4 Ind:11 RMSE(val)=98981.947943
[GA][Iter1] Gen:4 Ind:12 RMSE(val)=97846.465732
[GA][Iter1] Gen:4 Ind:13 RMSE(val)=99468.939332
[GA][Iter1] Gen:4 Ind:14 RMSE(val)=98484.515526
[GA][Iter1] Gen:4 Ind:15 RMSE(val)=97838.403598
[GA][Iter1] Gen:4 Ind:16 RMSE(val)=98637.142241
[GA][Iter1] Gen:4 Ind:17 RMSE(val)=99000.986170
[GA][Iter1] Gen:4 Ind:18 RMSE(val)=98771.142755
[GA][Iter1] Gen:4 Ind:19 RMSE(val)=98300.266361
[GA][Iter1] Gen:4 Ind:20 RMSE(val)=98449.078919
[GA][Iter1] gen=4 best_val_rmse=97838.403598
[GA][Iter1] Gen:5 Ind:1 RMSE(val)=97838.403598
[GA][Iter1] Gen:5 Ind:2 RMSE(val)=97846.465732
[GA][Iter1] Gen:5 Ind:3 RMSE(val)=97846.465732
[GA][Iter1] Gen:5 Ind:4 RMSE(val)=98300.266361
[GA][Iter1] Gen:5 Ind:5 RMSE(val)=98435.015996
[GA][Iter1] Gen:5 Ind:6 RMSE(val)=98449.078919
[GA][Iter1] Gen:5 Ind:7 RMSE(val)=98484.515526
[GA][Iter1] Gen:5 Ind:8 RMSE(val)=98563.487286
[GA][Iter1] Gen:5 Ind:9 RMSE(val)=98585.306290
[GA][Iter1] Gen:5 Ind:10 RMSE(val)=98637.142241
[GA][Iter1] Gen:5 Ind:11 RMSE(val)=98934.810598
[GA][Iter1] Gen:5 Ind:12 RMSE(val)=98357.850525
[GA][Iter1] Gen:5 Ind:13 RMSE(val)=97802.981478
[GA][Iter1] Gen:5 Ind:14 RMSE(val)=98159.974507
[GA][Iter1] Gen:5 Ind:15 RMSE(val)=98309.044889
[GA][Iter1] Gen:5 Ind:16 RMSE(val)=98920.955741
[GA][Iter1] Gen:5 Ind:17 RMSE(val)=98953.311677
[GA][Iter1] Gen:5 Ind:18 RMSE(val)=96830.167966
[GA][Iter1] Gen:5 Ind:19 RMSE(val)=98367.592772
[GA][Iter1] Gen:5 Ind:20 RMSE(val)=97846.465732
[GA][Iter1] gen=5 best_val_rmse=96830.167966
[GA][Iter1] Gen:6 Ind:1 RMSE(val)=96830.167966
[GA][Iter1] Gen:6 Ind:2 RMSE(val)=97802.981478
[GA][Iter1] Gen:6 Ind:3 RMSE(val)=97838.403598
[GA][Iter1] Gen:6 Ind:4 RMSE(val)=97846.465732
[GA][Iter1] Gen:6 Ind:5 RMSE(val)=97846.465732
[GA][Iter1] Gen:6 Ind:6 RMSE(val)=97846.465732
[GA][Iter1] Gen:6 Ind:7 RMSE(val)=98159.974507
[GA][Iter1] Gen:6 Ind:8 RMSE(val)=98300.266361
[GA][Iter1] Gen:6 Ind:9 RMSE(val)=98309.044889
[GA][Iter1] Gen:6 Ind:10 RMSE(val)=98357.850525
[GA][Iter1] Gen:6 Ind:11 RMSE(val)=98300.266361
[GA][Iter1] Gen:6 Ind:12 RMSE(val)=97846.465732
[GA][Iter1] Gen:6 Ind:13 RMSE(val)=98136.146880
[GA][Iter1] Gen:6 Ind:14 RMSE(val)=98029.025427
[GA][Iter1] Gen:6 Ind:15 RMSE(val)=98522.745411
[GA][Iter1] Gen:6 Ind:16 RMSE(val)=98644.196419
[GA][Iter1] Gen:6 Ind:17 RMSE(val)=98159.974507
[GA][Iter1] Gen:6 Ind:18 RMSE(val)=98159.974507
[GA][Iter1] Gen:6 Ind:19 RMSE(val)=95727.013995
[GA][Iter1] Gen:6 Ind:20 RMSE(val)=97836.262630
[GA][Iter1] gen=6 best_val_rmse=95727.013995
[GA][Iter1] Gen:7 Ind:1 RMSE(val)=95727.013995
[GA][Iter1] Gen:7 Ind:2 RMSE(val)=96830.167966
[GA][Iter1] Gen:7 Ind:3 RMSE(val)=97802.981478
[GA][Iter1] Gen:7 Ind:4 RMSE(val)=97836.262630
[GA][Iter1] Gen:7 Ind:5 RMSE(val)=97838.403598
[GA][Iter1] Gen:7 Ind:6 RMSE(val)=97846.465732
[GA][Iter1] Gen:7 Ind:7 RMSE(val)=97846.465732
[GA][Iter1] Gen:7 Ind:8 RMSE(val)=97846.465732
[GA][Iter1] Gen:7 Ind:9 RMSE(val)=97846.465732
[GA][Iter1] Gen:7 Ind:10 RMSE(val)=98029.025427
[GA][Iter1] Gen:7 Ind:11 RMSE(val)=98029.025427
[GA][Iter1] Gen:7 Ind:12 RMSE(val)=97838.403598
[GA][Iter1] Gen:7 Ind:13 RMSE(val)=97846.465732
[GA][Iter1] Gen:7 Ind:14 RMSE(val)=97838.403598
[GA][Iter1] Gen:7 Ind:15 RMSE(val)=98335.705951
[GA][Iter1] Gen:7 Ind:16 RMSE(val)=98644.196419
[GA][Iter1] Gen:7 Ind:17 RMSE(val)=97836.262630
[GA][Iter1] Gen:7 Ind:18 RMSE(val)=97838.403598
[GA][Iter1] Gen:7 Ind:19 RMSE(val)=97785.305717
[GA][Iter1] Gen:7 Ind:20 RMSE(val)=97846.465732
[GA][Iter1] gen=7 best_val_rmse=95727.013995
[GA][Iter1] Gen:8 Ind:1 RMSE(val)=95727.013995
[GA][Iter1] Gen:8 Ind:2 RMSE(val)=96830.167966
[GA][Iter1] Gen:8 Ind:3 RMSE(val)=97785.305717
[GA][Iter1] Gen:8 Ind:4 RMSE(val)=97802.981478
[GA][Iter1] Gen:8 Ind:5 RMSE(val)=97836.262630
[GA][Iter1] Gen:8 Ind:6 RMSE(val)=97836.262630
[GA][Iter1] Gen:8 Ind:7 RMSE(val)=97838.403598
[GA][Iter1] Gen:8 Ind:8 RMSE(val)=97838.403598
[GA][Iter1] Gen:8 Ind:9 RMSE(val)=97838.403598
[GA][Iter1] Gen:8 Ind:10 RMSE(val)=97838.403598
[GA][Iter1] Gen:8 Ind:11 RMSE(val)=94255.755102
[GA][Iter1] Gen:8 Ind:12 RMSE(val)=97815.483674
[GA][Iter1] Gen:8 Ind:13 RMSE(val)=98177.740625
[GA][Iter1] Gen:8 Ind:14 RMSE(val)=97838.403598
[GA][Iter1] Gen:8 Ind:15 RMSE(val)=97838.403598
[GA][Iter1] Gen:8 Ind:16 RMSE(val)=98159.683907
[GA][Iter1] Gen:8 Ind:17 RMSE(val)=95694.305882
[GA][Iter1] Gen:8 Ind:18 RMSE(val)=97906.411873
[GA][Iter1] Gen:8 Ind:19 RMSE(val)=98500.750631
[GA][Iter1] Gen:8 Ind:20 RMSE(val)=97838.403598
[GA][Iter1] gen=8 best_val_rmse=94255.755102
[GA][Iter1] Gen:9 Ind:1 RMSE(val)=94255.755102
[GA][Iter1] Gen:9 Ind:2 RMSE(val)=95694.305882
[GA][Iter1] Gen:9 Ind:3 RMSE(val)=95727.013995
[GA][Iter1] Gen:9 Ind:4 RMSE(val)=96830.167966
[GA][Iter1] Gen:9 Ind:5 RMSE(val)=97785.305717
[GA][Iter1] Gen:9 Ind:6 RMSE(val)=97802.981478
[GA][Iter1] Gen:9 Ind:7 RMSE(val)=97815.483674
[GA][Iter1] Gen:9 Ind:8 RMSE(val)=97836.262630
[GA][Iter1] Gen:9 Ind:9 RMSE(val)=97836.262630
[GA][Iter1] Gen:9 Ind:10 RMSE(val)=97838.403598
[GA][Iter1] Gen:9 Ind:11 RMSE(val)=93339.748891
[GA][Iter1] Gen:9 Ind:12 RMSE(val)=97815.483674
[GA][Iter1] Gen:9 Ind:13 RMSE(val)=97836.262630
[GA][Iter1] Gen:9 Ind:14 RMSE(val)=97713.912054
[GA][Iter1] Gen:9 Ind:15 RMSE(val)=96806.375095
[GA][Iter1] Gen:9 Ind:16 RMSE(val)=95137.649097
[GA][Iter1] Gen:9 Ind:17 RMSE(val)=98372.901464
[GA][Iter1] Gen:9 Ind:18 RMSE(val)=96952.734829
[GA][Iter1] Gen:9 Ind:19 RMSE(val)=97820.998453
[GA][Iter1] Gen:9 Ind:20 RMSE(val)=98027.903679
[GA][Iter1] gen=9 best_val_rmse=93339.748891
[GA][Iter1] Gen:10 Ind:1 RMSE(val)=93339.748891
[GA][Iter1] Gen:10 Ind:2 RMSE(val)=94255.755102
[GA][Iter1] Gen:10 Ind:3 RMSE(val)=95137.649097
[GA][Iter1] Gen:10 Ind:4 RMSE(val)=95694.305882
[GA][Iter1] Gen:10 Ind:5 RMSE(val)=95727.013995
[GA][Iter1] Gen:10 Ind:6 RMSE(val)=96806.375095
[GA][Iter1] Gen:10 Ind:7 RMSE(val)=96830.167966
[GA][Iter1] Gen:10 Ind:8 RMSE(val)=96952.734829
[GA][Iter1] Gen:10 Ind:9 RMSE(val)=97713.912054
[GA][Iter1] Gen:10 Ind:10 RMSE(val)=97785.305717
[GA][Iter1] Gen:10 Ind:11 RMSE(val)=97035.878312
[GA][Iter1] Gen:10 Ind:12 RMSE(val)=95856.543888
[GA][Iter1] Gen:10 Ind:13 RMSE(val)=95518.839315
[GA][Iter1] Gen:10 Ind:14 RMSE(val)=94808.378449
[GA][Iter1] Gen:10 Ind:15 RMSE(val)=96774.702460
[GA][Iter1] Gen:10 Ind:16 RMSE(val)=94808.378449
[GA][Iter1] Gen:10 Ind:17 RMSE(val)=98443.292265
[GA][Iter1] Gen:10 Ind:18 RMSE(val)=95646.334060
[GA][Iter1] Gen:10 Ind:19 RMSE(val)=96830.167966
[GA][Iter1] Gen:10 Ind:20 RMSE(val)=95727.013995
[GA][Iter1] gen=10 best_val_rmse=93339.748891
[GA][Iter1] Gen:11 Ind:1 RMSE(val)=93339.748891
[GA][Iter1] Gen:11 Ind:2 RMSE(val)=94255.755102
[GA][Iter1] Gen:11 Ind:3 RMSE(val)=94808.378449
[GA][Iter1] Gen:11 Ind:4 RMSE(val)=94808.378449
[GA][Iter1] Gen:11 Ind:5 RMSE(val)=95137.649097
[GA][Iter1] Gen:11 Ind:6 RMSE(val)=95518.839315
[GA][Iter1] Gen:11 Ind:7 RMSE(val)=95646.334060
[GA][Iter1] Gen:11 Ind:8 RMSE(val)=95694.305882
[GA][Iter1] Gen:11 Ind:9 RMSE(val)=95727.013995
[GA][Iter1] Gen:11 Ind:10 RMSE(val)=95727.013995
[GA][Iter1] Gen:11 Ind:11 RMSE(val)=95432.132618
[GA][Iter1] Gen:11 Ind:12 RMSE(val)=95075.416096
[GA][Iter1] Gen:11 Ind:13 RMSE(val)=94338.249733
[GA][Iter1] Gen:11 Ind:14 RMSE(val)=95694.305882
[GA][Iter1] Gen:11 Ind:15 RMSE(val)=95694.305882
[GA][Iter1] Gen:11 Ind:16 RMSE(val)=95694.305882
[GA][Iter1] Gen:11 Ind:17 RMSE(val)=94808.378449
[GA][Iter1] Gen:11 Ind:18 RMSE(val)=95152.768186
[GA][Iter1] Gen:11 Ind:19 RMSE(val)=95511.629330
[GA][Iter1] Gen:11 Ind:20 RMSE(val)=93201.644308
[GA][Iter1] gen=11 best_val_rmse=93201.644308
[GA][Iter1] Gen:12 Ind:1 RMSE(val)=93201.644308
[GA][Iter1] Gen:12 Ind:2 RMSE(val)=93339.748891
[GA][Iter1] Gen:12 Ind:3 RMSE(val)=94255.755102
[GA][Iter1] Gen:12 Ind:4 RMSE(val)=94338.249733
[GA][Iter1] Gen:12 Ind:5 RMSE(val)=94808.378449
[GA][Iter1] Gen:12 Ind:6 RMSE(val)=94808.378449
[GA][Iter1] Gen:12 Ind:7 RMSE(val)=94808.378449
[GA][Iter1] Gen:12 Ind:8 RMSE(val)=95075.416096
[GA][Iter1] Gen:12 Ind:9 RMSE(val)=95137.649097
[GA][Iter1] Gen:12 Ind:10 RMSE(val)=95152.768186
[GA][Iter1] Gen:12 Ind:11 RMSE(val)=95274.098924
[GA][Iter1] Gen:12 Ind:12 RMSE(val)=93840.601655
[GA][Iter1] Gen:12 Ind:13 RMSE(val)=96117.920399
[GA][Iter1] Gen:12 Ind:14 RMSE(val)=94373.838422
[GA][Iter1] Gen:12 Ind:15 RMSE(val)=95541.327000
[GA][Iter1] Gen:12 Ind:16 RMSE(val)=95152.768186
[GA][Iter1] Gen:12 Ind:17 RMSE(val)=93586.585222
[GA][Iter1] Gen:12 Ind:18 RMSE(val)=95075.416096
[GA][Iter1] Gen:12 Ind:19 RMSE(val)=93913.017339
[GA][Iter1] Gen:12 Ind:20 RMSE(val)=95075.416096
[GA][Iter1] gen=12 best_val_rmse=93201.644308
[GA][Iter1] Gen:13 Ind:1 RMSE(val)=93201.644308
[GA][Iter1] Gen:13 Ind:2 RMSE(val)=93339.748891
[GA][Iter1] Gen:13 Ind:3 RMSE(val)=93586.585222
[GA][Iter1] Gen:13 Ind:4 RMSE(val)=93840.601655
[GA][Iter1] Gen:13 Ind:5 RMSE(val)=93913.017339
[GA][Iter1] Gen:13 Ind:6 RMSE(val)=94255.755102
[GA][Iter1] Gen:13 Ind:7 RMSE(val)=94338.249733
[GA][Iter1] Gen:13 Ind:8 RMSE(val)=94373.838422
[GA][Iter1] Gen:13 Ind:9 RMSE(val)=94808.378449
[GA][Iter1] Gen:13 Ind:10 RMSE(val)=94808.378449
[GA][Iter1] Gen:13 Ind:11 RMSE(val)=94289.012418
[GA][Iter1] Gen:13 Ind:12 RMSE(val)=93898.855692
[GA][Iter1] Gen:13 Ind:13 RMSE(val)=94804.679278
[GA][Iter1] Gen:13 Ind:14 RMSE(val)=93582.311900
[GA][Iter1] Gen:13 Ind:15 RMSE(val)=94373.838422
[GA][Iter1] Gen:13 Ind:16 RMSE(val)=97854.744180
[GA][Iter1] Gen:13 Ind:17 RMSE(val)=93582.311900
[GA][Iter1] Gen:13 Ind:18 RMSE(val)=97868.768212
[GA][Iter1] Gen:13 Ind:19 RMSE(val)=93840.601655
[GA][Iter1] Gen:13 Ind:20 RMSE(val)=93711.701166
[GA][Iter1] gen=13 best_val_rmse=93201.644308
[GA][Iter1] Gen:14 Ind:1 RMSE(val)=93201.644308
[GA][Iter1] Gen:14 Ind:2 RMSE(val)=93339.748891
[GA][Iter1] Gen:14 Ind:3 RMSE(val)=93582.311900
[GA][Iter1] Gen:14 Ind:4 RMSE(val)=93582.311900
[GA][Iter1] Gen:14 Ind:5 RMSE(val)=93586.585222
[GA][Iter1] Gen:14 Ind:6 RMSE(val)=93711.701166
[GA][Iter1] Gen:14 Ind:7 RMSE(val)=93840.601655
[GA][Iter1] Gen:14 Ind:8 RMSE(val)=93840.601655
[GA][Iter1] Gen:14 Ind:9 RMSE(val)=93898.855692
[GA][Iter1] Gen:14 Ind:10 RMSE(val)=93913.017339
[GA][Iter1] Gen:14 Ind:11 RMSE(val)=94217.128598
[GA][Iter1] Gen:14 Ind:12 RMSE(val)=93979.265194
[GA][Iter1] Gen:14 Ind:13 RMSE(val)=93535.750451
[GA][Iter1] Gen:14 Ind:14 RMSE(val)=94677.790843
[GA][Iter1] Gen:14 Ind:15 RMSE(val)=92966.871762
[GA][Iter1] Gen:14 Ind:16 RMSE(val)=93913.017339
[GA][Iter1] Gen:14 Ind:17 RMSE(val)=93913.017339
[GA][Iter1] Gen:14 Ind:18 RMSE(val)=93382.256354
[GA][Iter1] Gen:14 Ind:19 RMSE(val)=93339.748891
[GA][Iter1] Gen:14 Ind:20 RMSE(val)=93730.895560
[GA][Iter1] gen=14 best_val_rmse=92966.871762
[GA][Iter1] Gen:15 Ind:1 RMSE(val)=92966.871762
[GA][Iter1] Gen:15 Ind:2 RMSE(val)=93201.644308
[GA][Iter1] Gen:15 Ind:3 RMSE(val)=93339.748891
[GA][Iter1] Gen:15 Ind:4 RMSE(val)=93339.748891
[GA][Iter1] Gen:15 Ind:5 RMSE(val)=93382.256354
[GA][Iter1] Gen:15 Ind:6 RMSE(val)=93535.750451
[GA][Iter1] Gen:15 Ind:7 RMSE(val)=93582.311900
[GA][Iter1] Gen:15 Ind:8 RMSE(val)=93582.311900
[GA][Iter1] Gen:15 Ind:9 RMSE(val)=93586.585222
[GA][Iter1] Gen:15 Ind:10 RMSE(val)=93711.701166
[GA][Iter1] Gen:15 Ind:11 RMSE(val)=93382.256354
[GA][Iter1] Gen:15 Ind:12 RMSE(val)=93711.701166
[GA][Iter1] Gen:15 Ind:13 RMSE(val)=93941.182600
[GA][Iter1] Gen:15 Ind:14 RMSE(val)=93582.311900
[GA][Iter1] Gen:15 Ind:15 RMSE(val)=93898.855692
[GA][Iter1] Gen:15 Ind:16 RMSE(val)=94059.299170
[GA][Iter1] Gen:15 Ind:17 RMSE(val)=93390.089863
[GA][Iter1] Gen:15 Ind:18 RMSE(val)=92353.203800
[GA][Iter1] Gen:15 Ind:19 RMSE(val)=93582.311900
[GA][Iter1] Gen:15 Ind:20 RMSE(val)=93934.325937
[GA][Iter1] gen=15 best_val_rmse=92353.203800
[GA][Iter1] Gen:15 Ind:1 RMSE(val)=92353.203800
[GA][Iter1] Gen:15 Ind:2 RMSE(val)=92966.871762
[GA][Iter1] Gen:15 Ind:3 RMSE(val)=93201.644308
[GA][Iter1] Gen:15 Ind:4 RMSE(val)=93339.748891
[GA][Iter1] Gen:15 Ind:5 RMSE(val)=93339.748891
[GA][Iter1] Gen:15 Ind:6 RMSE(val)=93382.256354
[GA][Iter1] Gen:15 Ind:7 RMSE(val)=93382.256354
[GA][Iter1] Gen:15 Ind:8 RMSE(val)=93390.089863
[GA][Iter1] Gen:15 Ind:9 RMSE(val)=93535.750451
[GA][Iter1] Gen:15 Ind:10 RMSE(val)=93582.311900
[GA][Iter1] Gen:15 Ind:11 RMSE(val)=94974.164213
[GA][Iter1] Gen:15 Ind:12 RMSE(val)=93930.626459
[GA][Iter1] Gen:15 Ind:13 RMSE(val)=95416.951015
[GA][Iter1] Gen:15 Ind:14 RMSE(val)=94352.645329
[GA][Iter1] Gen:15 Ind:15 RMSE(val)=94255.755102
[GA][Iter1] Gen:15 Ind:16 RMSE(val)=93382.256354
[GA][Iter1] Gen:15 Ind:17 RMSE(val)=93201.644308
[GA][Iter1] Gen:15 Ind:18 RMSE(val)=92943.116931
[GA][Iter1] Gen:15 Ind:19 RMSE(val)=92353.203800
[GA][Iter1] Gen:15 Ind:20 RMSE(val)=92871.733613

[GA DONE][Iter1] Best params on val fold of Iter1
Best val RMSE: 92353.203800
Best params: {'n_estimators': 1289, 'learning_rate': 0.011575458672606563, 'num_leaves': 39, 'max_depth': 3, 'min_child_samples': 5, 'subsample': 0.7901129512394925, 'colsample_bytree': 0.8216034435269853, 'reg_lambda': 0.08115583002279603, 'reg_alpha': 0.05493922428246702}
--------------------------------------------------------------------------------
[RETUNE GA] Iter1: train folds 1..5 -> test fold 6  RMSE=23815.649638  NRMSE=0.948616  CVRMSE=7.599967  R2=0.092022
[GA][Iter2] Gen:1 Ind:1 RMSE(val)=24615.061946
[GA][Iter2] Gen:1 Ind:2 RMSE(val)=25148.253851
[GA][Iter2] Gen:1 Ind:3 RMSE(val)=25155.097626
[GA][Iter2] Gen:1 Ind:4 RMSE(val)=25150.584624
[GA][Iter2] Gen:1 Ind:5 RMSE(val)=25152.966719
[GA][Iter2] Gen:1 Ind:6 RMSE(val)=25146.590151
[GA][Iter2] Gen:1 Ind:7 RMSE(val)=25146.287774
[GA][Iter2] Gen:1 Ind:8 RMSE(val)=24600.507313
[GA][Iter2] Gen:1 Ind:9 RMSE(val)=25157.322260
[GA][Iter2] Gen:1 Ind:10 RMSE(val)=25147.127665
[GA][Iter2] Gen:1 Ind:11 RMSE(val)=25150.879396
[GA][Iter2] Gen:1 Ind:12 RMSE(val)=25158.462743
[GA][Iter2] Gen:1 Ind:13 RMSE(val)=25139.993768
[GA][Iter2] Gen:1 Ind:14 RMSE(val)=25150.851859
[GA][Iter2] Gen:1 Ind:15 RMSE(val)=24639.454698
[GA][Iter2] Gen:1 Ind:16 RMSE(val)=24653.797251
[GA][Iter2] Gen:1 Ind:17 RMSE(val)=25147.933593
[GA][Iter2] Gen:1 Ind:18 RMSE(val)=25150.440872
[GA][Iter2] Gen:1 Ind:19 RMSE(val)=25145.680477
[GA][Iter2] Gen:1 Ind:20 RMSE(val)=25152.795540
[GA][Iter2] gen=1 best_val_rmse=24600.507313
[GA][Iter2] Gen:2 Ind:1 RMSE(val)=24600.507313
[GA][Iter2] Gen:2 Ind:2 RMSE(val)=24615.061946
[GA][Iter2] Gen:2 Ind:3 RMSE(val)=24639.454698
[GA][Iter2] Gen:2 Ind:4 RMSE(val)=24653.797251
[GA][Iter2] Gen:2 Ind:5 RMSE(val)=25139.993768
[GA][Iter2] Gen:2 Ind:6 RMSE(val)=25145.680477
[GA][Iter2] Gen:2 Ind:7 RMSE(val)=25146.287774
[GA][Iter2] Gen:2 Ind:8 RMSE(val)=25146.590151
[GA][Iter2] Gen:2 Ind:9 RMSE(val)=25147.127665
[GA][Iter2] Gen:2 Ind:10 RMSE(val)=25147.933593
[GA][Iter2] Gen:2 Ind:11 RMSE(val)=25147.758987
[GA][Iter2] Gen:2 Ind:12 RMSE(val)=25147.055463
[GA][Iter2] Gen:2 Ind:13 RMSE(val)=24539.526372
[GA][Iter2] Gen:2 Ind:14 RMSE(val)=25148.026591
[GA][Iter2] Gen:2 Ind:15 RMSE(val)=24599.380505
[GA][Iter2] Gen:2 Ind:16 RMSE(val)=25153.970130
[GA][Iter2] Gen:2 Ind:17 RMSE(val)=25146.325184
[GA][Iter2] Gen:2 Ind:18 RMSE(val)=25146.168219
[GA][Iter2] Gen:2 Ind:19 RMSE(val)=24579.226493
[GA][Iter2] Gen:2 Ind:20 RMSE(val)=25148.475533
[GA][Iter2] gen=2 best_val_rmse=24539.526372
[GA][Iter2] Gen:3 Ind:1 RMSE(val)=24539.526372
[GA][Iter2] Gen:3 Ind:2 RMSE(val)=24579.226493
[GA][Iter2] Gen:3 Ind:3 RMSE(val)=24599.380505
[GA][Iter2] Gen:3 Ind:4 RMSE(val)=24600.507313
[GA][Iter2] Gen:3 Ind:5 RMSE(val)=24615.061946
[GA][Iter2] Gen:3 Ind:6 RMSE(val)=24639.454698
[GA][Iter2] Gen:3 Ind:7 RMSE(val)=24653.797251
[GA][Iter2] Gen:3 Ind:8 RMSE(val)=25139.993768
[GA][Iter2] Gen:3 Ind:9 RMSE(val)=25145.680477
[GA][Iter2] Gen:3 Ind:10 RMSE(val)=25146.168219
[GA][Iter2] Gen:3 Ind:11 RMSE(val)=24634.490428
[GA][Iter2] Gen:3 Ind:12 RMSE(val)=25147.063135
[GA][Iter2] Gen:3 Ind:13 RMSE(val)=24542.424345
[GA][Iter2] Gen:3 Ind:14 RMSE(val)=24516.695226
[GA][Iter2] Gen:3 Ind:15 RMSE(val)=24637.155445
[GA][Iter2] Gen:3 Ind:16 RMSE(val)=24716.042255
[GA][Iter2] Gen:3 Ind:17 RMSE(val)=25145.351714
[GA][Iter2] Gen:3 Ind:18 RMSE(val)=24651.517037
[GA][Iter2] Gen:3 Ind:19 RMSE(val)=24544.355658
[GA][Iter2] Gen:3 Ind:20 RMSE(val)=24545.476731
[GA][Iter2] gen=3 best_val_rmse=24516.695226
[GA][Iter2] Gen:4 Ind:1 RMSE(val)=24516.695226
[GA][Iter2] Gen:4 Ind:2 RMSE(val)=24539.526372
[GA][Iter2] Gen:4 Ind:3 RMSE(val)=24542.424345
[GA][Iter2] Gen:4 Ind:4 RMSE(val)=24544.355658
[GA][Iter2] Gen:4 Ind:5 RMSE(val)=24545.476731
[GA][Iter2] Gen:4 Ind:6 RMSE(val)=24579.226493
[GA][Iter2] Gen:4 Ind:7 RMSE(val)=24599.380505
[GA][Iter2] Gen:4 Ind:8 RMSE(val)=24600.507313
[GA][Iter2] Gen:4 Ind:9 RMSE(val)=24615.061946
[GA][Iter2] Gen:4 Ind:10 RMSE(val)=24634.490428
[GA][Iter2] Gen:4 Ind:11 RMSE(val)=24600.507313
[GA][Iter2] Gen:4 Ind:12 RMSE(val)=24575.068185
[GA][Iter2] Gen:4 Ind:13 RMSE(val)=24558.863758
[GA][Iter2] Gen:4 Ind:14 RMSE(val)=24572.277510
[GA][Iter2] Gen:4 Ind:15 RMSE(val)=24605.475954
[GA][Iter2] Gen:4 Ind:16 RMSE(val)=24693.262021
[GA][Iter2] Gen:4 Ind:17 RMSE(val)=24478.855670
[GA][Iter2] Gen:4 Ind:18 RMSE(val)=24568.919948
[GA][Iter2] Gen:4 Ind:19 RMSE(val)=24516.153208
[GA][Iter2] Gen:4 Ind:20 RMSE(val)=24628.415122
[GA][Iter2] gen=4 best_val_rmse=24478.855670
[GA][Iter2] Gen:5 Ind:1 RMSE(val)=24478.855670
[GA][Iter2] Gen:5 Ind:2 RMSE(val)=24516.153208
[GA][Iter2] Gen:5 Ind:3 RMSE(val)=24516.695226
[GA][Iter2] Gen:5 Ind:4 RMSE(val)=24539.526372
[GA][Iter2] Gen:5 Ind:5 RMSE(val)=24542.424345
[GA][Iter2] Gen:5 Ind:6 RMSE(val)=24544.355658
[GA][Iter2] Gen:5 Ind:7 RMSE(val)=24545.476731
[GA][Iter2] Gen:5 Ind:8 RMSE(val)=24558.863758
[GA][Iter2] Gen:5 Ind:9 RMSE(val)=24568.919948
[GA][Iter2] Gen:5 Ind:10 RMSE(val)=24572.277510
[GA][Iter2] Gen:5 Ind:11 RMSE(val)=24549.066578
[GA][Iter2] Gen:5 Ind:12 RMSE(val)=24545.476731
[GA][Iter2] Gen:5 Ind:13 RMSE(val)=24576.604733
[GA][Iter2] Gen:5 Ind:14 RMSE(val)=24539.479584
[GA][Iter2] Gen:5 Ind:15 RMSE(val)=24542.424345
[GA][Iter2] Gen:5 Ind:16 RMSE(val)=24557.127177
[GA][Iter2] Gen:5 Ind:17 RMSE(val)=24546.015313
[GA][Iter2] Gen:5 Ind:18 RMSE(val)=24556.803639
[GA][Iter2] Gen:5 Ind:19 RMSE(val)=24493.668964
[GA][Iter2] Gen:5 Ind:20 RMSE(val)=24755.828940
[GA][Iter2] gen=5 best_val_rmse=24478.855670
[GA][Iter2] Gen:6 Ind:1 RMSE(val)=24478.855670
[GA][Iter2] Gen:6 Ind:2 RMSE(val)=24493.668964
[GA][Iter2] Gen:6 Ind:3 RMSE(val)=24516.153208
[GA][Iter2] Gen:6 Ind:4 RMSE(val)=24516.695226
[GA][Iter2] Gen:6 Ind:5 RMSE(val)=24539.479584
[GA][Iter2] Gen:6 Ind:6 RMSE(val)=24539.526372
[GA][Iter2] Gen:6 Ind:7 RMSE(val)=24542.424345
[GA][Iter2] Gen:6 Ind:8 RMSE(val)=24542.424345
[GA][Iter2] Gen:6 Ind:9 RMSE(val)=24544.355658
[GA][Iter2] Gen:6 Ind:10 RMSE(val)=24545.476731
[GA][Iter2] Gen:6 Ind:11 RMSE(val)=24542.424345
[GA][Iter2] Gen:6 Ind:12 RMSE(val)=24539.479584
[GA][Iter2] Gen:6 Ind:13 RMSE(val)=24581.345054
[GA][Iter2] Gen:6 Ind:14 RMSE(val)=24507.971680
[GA][Iter2] Gen:6 Ind:15 RMSE(val)=24579.438797
[GA][Iter2] Gen:6 Ind:16 RMSE(val)=24824.013279
[GA][Iter2] Gen:6 Ind:17 RMSE(val)=24534.565073
[GA][Iter2] Gen:6 Ind:18 RMSE(val)=24577.573518
[GA][Iter2] Gen:6 Ind:19 RMSE(val)=24591.400694
[GA][Iter2] Gen:6 Ind:20 RMSE(val)=24493.662141
[GA][Iter2] gen=6 best_val_rmse=24478.855670
[GA][Iter2] Gen:7 Ind:1 RMSE(val)=24478.855670
[GA][Iter2] Gen:7 Ind:2 RMSE(val)=24493.662141
[GA][Iter2] Gen:7 Ind:3 RMSE(val)=24493.668964
[GA][Iter2] Gen:7 Ind:4 RMSE(val)=24507.971680
[GA][Iter2] Gen:7 Ind:5 RMSE(val)=24516.153208
[GA][Iter2] Gen:7 Ind:6 RMSE(val)=24516.695226
[GA][Iter2] Gen:7 Ind:7 RMSE(val)=24534.565073
[GA][Iter2] Gen:7 Ind:8 RMSE(val)=24539.479584
[GA][Iter2] Gen:7 Ind:9 RMSE(val)=24539.479584
[GA][Iter2] Gen:7 Ind:10 RMSE(val)=24539.526372
[GA][Iter2] Gen:7 Ind:11 RMSE(val)=24539.526372
[GA][Iter2] Gen:7 Ind:12 RMSE(val)=24546.045813
[GA][Iter2] Gen:7 Ind:13 RMSE(val)=24499.711413
[GA][Iter2] Gen:7 Ind:14 RMSE(val)=24594.765586
[GA][Iter2] Gen:7 Ind:15 RMSE(val)=24576.604733
[GA][Iter2] Gen:7 Ind:16 RMSE(val)=24493.668964
[GA][Iter2] Gen:7 Ind:17 RMSE(val)=24516.695226
[GA][Iter2] Gen:7 Ind:18 RMSE(val)=24516.695226
[GA][Iter2] Gen:7 Ind:19 RMSE(val)=24589.130489
[GA][Iter2] Gen:7 Ind:20 RMSE(val)=24509.674026
[GA][Iter2] gen=7 best_val_rmse=24478.855670
[GA][Iter2] Gen:8 Ind:1 RMSE(val)=24478.855670
[GA][Iter2] Gen:8 Ind:2 RMSE(val)=24493.662141
[GA][Iter2] Gen:8 Ind:3 RMSE(val)=24493.668964
[GA][Iter2] Gen:8 Ind:4 RMSE(val)=24493.668964
[GA][Iter2] Gen:8 Ind:5 RMSE(val)=24499.711413
[GA][Iter2] Gen:8 Ind:6 RMSE(val)=24507.971680
[GA][Iter2] Gen:8 Ind:7 RMSE(val)=24509.674026
[GA][Iter2] Gen:8 Ind:8 RMSE(val)=24516.153208
[GA][Iter2] Gen:8 Ind:9 RMSE(val)=24516.695226
[GA][Iter2] Gen:8 Ind:10 RMSE(val)=24516.695226
[GA][Iter2] Gen:8 Ind:11 RMSE(val)=24507.742982
[GA][Iter2] Gen:8 Ind:12 RMSE(val)=24537.692913
[GA][Iter2] Gen:8 Ind:13 RMSE(val)=24493.668964
[GA][Iter2] Gen:8 Ind:14 RMSE(val)=24559.471884
[GA][Iter2] Gen:8 Ind:15 RMSE(val)=24509.674026
[GA][Iter2] Gen:8 Ind:16 RMSE(val)=24493.662141
[GA][Iter2] Gen:8 Ind:17 RMSE(val)=24493.662141
[GA][Iter2] Gen:8 Ind:18 RMSE(val)=24496.217288
[GA][Iter2] Gen:8 Ind:19 RMSE(val)=24512.849044
[GA][Iter2] Gen:8 Ind:20 RMSE(val)=24811.444167
[GA][Iter2] gen=8 best_val_rmse=24478.855670
[GA][Iter2] Gen:9 Ind:1 RMSE(val)=24478.855670
[GA][Iter2] Gen:9 Ind:2 RMSE(val)=24493.662141
[GA][Iter2] Gen:9 Ind:3 RMSE(val)=24493.662141
[GA][Iter2] Gen:9 Ind:4 RMSE(val)=24493.662141
[GA][Iter2] Gen:9 Ind:5 RMSE(val)=24493.668964
[GA][Iter2] Gen:9 Ind:6 RMSE(val)=24493.668964
[GA][Iter2] Gen:9 Ind:7 RMSE(val)=24493.668964
[GA][Iter2] Gen:9 Ind:8 RMSE(val)=24496.217288
[GA][Iter2] Gen:9 Ind:9 RMSE(val)=24499.711413
[GA][Iter2] Gen:9 Ind:10 RMSE(val)=24507.742982
[GA][Iter2] Gen:9 Ind:11 RMSE(val)=24230.141258
[GA][Iter2] Gen:9 Ind:12 RMSE(val)=24493.668964
[GA][Iter2] Gen:9 Ind:13 RMSE(val)=24515.878553
[GA][Iter2] Gen:9 Ind:14 RMSE(val)=24546.241759
[GA][Iter2] Gen:9 Ind:15 RMSE(val)=24502.918819
[GA][Iter2] Gen:9 Ind:16 RMSE(val)=24539.479584
[GA][Iter2] Gen:9 Ind:17 RMSE(val)=24806.741116
[GA][Iter2] Gen:9 Ind:18 RMSE(val)=24493.662141
[GA][Iter2] Gen:9 Ind:19 RMSE(val)=24493.668964
[GA][Iter2] Gen:9 Ind:20 RMSE(val)=24499.060854
[GA][Iter2] gen=9 best_val_rmse=24230.141258
[GA][Iter2] Gen:10 Ind:1 RMSE(val)=24230.141258
[GA][Iter2] Gen:10 Ind:2 RMSE(val)=24478.855670
[GA][Iter2] Gen:10 Ind:3 RMSE(val)=24493.662141
[GA][Iter2] Gen:10 Ind:4 RMSE(val)=24493.662141
[GA][Iter2] Gen:10 Ind:5 RMSE(val)=24493.662141
[GA][Iter2] Gen:10 Ind:6 RMSE(val)=24493.662141
[GA][Iter2] Gen:10 Ind:7 RMSE(val)=24493.668964
[GA][Iter2] Gen:10 Ind:8 RMSE(val)=24493.668964
[GA][Iter2] Gen:10 Ind:9 RMSE(val)=24493.668964
[GA][Iter2] Gen:10 Ind:10 RMSE(val)=24493.668964
[GA][Iter2] Gen:10 Ind:11 RMSE(val)=24495.144077
[GA][Iter2] Gen:10 Ind:12 RMSE(val)=24598.863917
[GA][Iter2] Gen:10 Ind:13 RMSE(val)=24784.167368
[GA][Iter2] Gen:10 Ind:14 RMSE(val)=24493.662141
[GA][Iter2] Gen:10 Ind:15 RMSE(val)=24493.662141
[GA][Iter2] Gen:10 Ind:16 RMSE(val)=24493.662141
[GA][Iter2] Gen:10 Ind:17 RMSE(val)=24493.668964
[GA][Iter2] Gen:10 Ind:18 RMSE(val)=24493.662141
[GA][Iter2] Gen:10 Ind:19 RMSE(val)=24493.668964
[GA][Iter2] Gen:10 Ind:20 RMSE(val)=24472.293756
[GA][Iter2] gen=10 best_val_rmse=24230.141258
[GA][Iter2] Gen:11 Ind:1 RMSE(val)=24230.141258
[GA][Iter2] Gen:11 Ind:2 RMSE(val)=24472.293756
[GA][Iter2] Gen:11 Ind:3 RMSE(val)=24478.855670
[GA][Iter2] Gen:11 Ind:4 RMSE(val)=24493.662141
[GA][Iter2] Gen:11 Ind:5 RMSE(val)=24493.662141
[GA][Iter2] Gen:11 Ind:6 RMSE(val)=24493.662141
[GA][Iter2] Gen:11 Ind:7 RMSE(val)=24493.662141
[GA][Iter2] Gen:11 Ind:8 RMSE(val)=24493.662141
[GA][Iter2] Gen:11 Ind:9 RMSE(val)=24493.662141
[GA][Iter2] Gen:11 Ind:10 RMSE(val)=24493.662141
[GA][Iter2] Gen:11 Ind:11 RMSE(val)=24493.662141
[GA][Iter2] Gen:11 Ind:12 RMSE(val)=24485.795619
[GA][Iter2] Gen:11 Ind:13 RMSE(val)=24578.922138
[GA][Iter2] Gen:11 Ind:14 RMSE(val)=24493.662141
[GA][Iter2] Gen:11 Ind:15 RMSE(val)=24579.438797
[GA][Iter2] Gen:11 Ind:16 RMSE(val)=24493.662141
[GA][Iter2] Gen:11 Ind:17 RMSE(val)=24472.293756
[GA][Iter2] Gen:11 Ind:18 RMSE(val)=24494.372836
[GA][Iter2] Gen:11 Ind:19 RMSE(val)=24503.055302
[GA][Iter2] Gen:11 Ind:20 RMSE(val)=23669.082602
[GA][Iter2] gen=11 best_val_rmse=23669.082602
[GA][Iter2] Gen:12 Ind:1 RMSE(val)=23669.082602
[GA][Iter2] Gen:12 Ind:2 RMSE(val)=24230.141258
[GA][Iter2] Gen:12 Ind:3 RMSE(val)=24472.293756
[GA][Iter2] Gen:12 Ind:4 RMSE(val)=24472.293756
[GA][Iter2] Gen:12 Ind:5 RMSE(val)=24478.855670
[GA][Iter2] Gen:12 Ind:6 RMSE(val)=24485.795619
[GA][Iter2] Gen:12 Ind:7 RMSE(val)=24493.662141
[GA][Iter2] Gen:12 Ind:8 RMSE(val)=24493.662141
[GA][Iter2] Gen:12 Ind:9 RMSE(val)=24493.662141
[GA][Iter2] Gen:12 Ind:10 RMSE(val)=24493.662141
[GA][Iter2] Gen:12 Ind:11 RMSE(val)=24569.248312
[GA][Iter2] Gen:12 Ind:12 RMSE(val)=24484.084671
[GA][Iter2] Gen:12 Ind:13 RMSE(val)=24568.316946
[GA][Iter2] Gen:12 Ind:14 RMSE(val)=24579.438797
[GA][Iter2] Gen:12 Ind:15 RMSE(val)=24478.532780
[GA][Iter2] Gen:12 Ind:16 RMSE(val)=24493.662141
[GA][Iter2] Gen:12 Ind:17 RMSE(val)=24230.141258
[GA][Iter2] Gen:12 Ind:18 RMSE(val)=24590.201387
[GA][Iter2] Gen:12 Ind:19 RMSE(val)=24472.293756
[GA][Iter2] Gen:12 Ind:20 RMSE(val)=24793.525332
[GA][Iter2] gen=12 best_val_rmse=23669.082602
[GA][Iter2] Gen:13 Ind:1 RMSE(val)=23669.082602
[GA][Iter2] Gen:13 Ind:2 RMSE(val)=24230.141258
[GA][Iter2] Gen:13 Ind:3 RMSE(val)=24230.141258
[GA][Iter2] Gen:13 Ind:4 RMSE(val)=24472.293756
[GA][Iter2] Gen:13 Ind:5 RMSE(val)=24472.293756
[GA][Iter2] Gen:13 Ind:6 RMSE(val)=24472.293756
[GA][Iter2] Gen:13 Ind:7 RMSE(val)=24478.532780
[GA][Iter2] Gen:13 Ind:8 RMSE(val)=24478.855670
[GA][Iter2] Gen:13 Ind:9 RMSE(val)=24484.084671
[GA][Iter2] Gen:13 Ind:10 RMSE(val)=24485.795619
[GA][Iter2] Gen:13 Ind:11 RMSE(val)=24472.293756
[GA][Iter2] Gen:13 Ind:12 RMSE(val)=23935.072686
[GA][Iter2] Gen:13 Ind:13 RMSE(val)=24472.293756
[GA][Iter2] Gen:13 Ind:14 RMSE(val)=24230.141258
[GA][Iter2] Gen:13 Ind:15 RMSE(val)=24472.293756
[GA][Iter2] Gen:13 Ind:16 RMSE(val)=24579.438797
[GA][Iter2] Gen:13 Ind:17 RMSE(val)=24230.141258
[GA][Iter2] Gen:13 Ind:18 RMSE(val)=23709.273161
[GA][Iter2] Gen:13 Ind:19 RMSE(val)=24485.795619
[GA][Iter2] Gen:13 Ind:20 RMSE(val)=24472.293756
[GA][Iter2] gen=13 best_val_rmse=23669.082602
[GA][Iter2] Gen:14 Ind:1 RMSE(val)=23669.082602
[GA][Iter2] Gen:14 Ind:2 RMSE(val)=23709.273161
[GA][Iter2] Gen:14 Ind:3 RMSE(val)=23935.072686
[GA][Iter2] Gen:14 Ind:4 RMSE(val)=24230.141258
[GA][Iter2] Gen:14 Ind:5 RMSE(val)=24230.141258
[GA][Iter2] Gen:14 Ind:6 RMSE(val)=24230.141258
[GA][Iter2] Gen:14 Ind:7 RMSE(val)=24230.141258
[GA][Iter2] Gen:14 Ind:8 RMSE(val)=24472.293756
[GA][Iter2] Gen:14 Ind:9 RMSE(val)=24472.293756
[GA][Iter2] Gen:14 Ind:10 RMSE(val)=24472.293756
[GA][Iter2] Gen:14 Ind:11 RMSE(val)=24230.141258
[GA][Iter2] Gen:14 Ind:12 RMSE(val)=24280.701101
[GA][Iter2] Gen:14 Ind:13 RMSE(val)=23971.293374
[GA][Iter2] Gen:14 Ind:14 RMSE(val)=24504.666690
[GA][Iter2] Gen:14 Ind:15 RMSE(val)=24230.141258
[GA][Iter2] Gen:14 Ind:16 RMSE(val)=23935.072686
[GA][Iter2] Gen:14 Ind:17 RMSE(val)=24504.666690
[GA][Iter2] Gen:14 Ind:18 RMSE(val)=24031.757044
[GA][Iter2] Gen:14 Ind:19 RMSE(val)=23709.273161
[GA][Iter2] Gen:14 Ind:20 RMSE(val)=24590.201387
[GA][Iter2] gen=14 best_val_rmse=23669.082602
[GA][Iter2] Gen:15 Ind:1 RMSE(val)=23669.082602
[GA][Iter2] Gen:15 Ind:2 RMSE(val)=23709.273161
[GA][Iter2] Gen:15 Ind:3 RMSE(val)=23709.273161
[GA][Iter2] Gen:15 Ind:4 RMSE(val)=23935.072686
[GA][Iter2] Gen:15 Ind:5 RMSE(val)=23935.072686
[GA][Iter2] Gen:15 Ind:6 RMSE(val)=23971.293374
[GA][Iter2] Gen:15 Ind:7 RMSE(val)=24031.757044
[GA][Iter2] Gen:15 Ind:8 RMSE(val)=24230.141258
[GA][Iter2] Gen:15 Ind:9 RMSE(val)=24230.141258
[GA][Iter2] Gen:15 Ind:10 RMSE(val)=24230.141258
[GA][Iter2] Gen:15 Ind:11 RMSE(val)=23935.072686
[GA][Iter2] Gen:15 Ind:12 RMSE(val)=24230.141258
[GA][Iter2] Gen:15 Ind:13 RMSE(val)=23935.072686
[GA][Iter2] Gen:15 Ind:14 RMSE(val)=24230.141258
[GA][Iter2] Gen:15 Ind:15 RMSE(val)=24230.141258
[GA][Iter2] Gen:15 Ind:16 RMSE(val)=23694.610633
[GA][Iter2] Gen:15 Ind:17 RMSE(val)=23502.655166
[GA][Iter2] Gen:15 Ind:18 RMSE(val)=24230.141258
[GA][Iter2] Gen:15 Ind:19 RMSE(val)=23979.201485
[GA][Iter2] Gen:15 Ind:20 RMSE(val)=23935.072686
[GA][Iter2] gen=15 best_val_rmse=23502.655166
[GA][Iter2] Gen:15 Ind:1 RMSE(val)=23502.655166
[GA][Iter2] Gen:15 Ind:2 RMSE(val)=23669.082602
[GA][Iter2] Gen:15 Ind:3 RMSE(val)=23694.610633
[GA][Iter2] Gen:15 Ind:4 RMSE(val)=23709.273161
[GA][Iter2] Gen:15 Ind:5 RMSE(val)=23709.273161
[GA][Iter2] Gen:15 Ind:6 RMSE(val)=23935.072686
[GA][Iter2] Gen:15 Ind:7 RMSE(val)=23935.072686
[GA][Iter2] Gen:15 Ind:8 RMSE(val)=23935.072686
[GA][Iter2] Gen:15 Ind:9 RMSE(val)=23935.072686
[GA][Iter2] Gen:15 Ind:10 RMSE(val)=23935.072686
[GA][Iter2] Gen:15 Ind:11 RMSE(val)=23768.897062
[GA][Iter2] Gen:15 Ind:12 RMSE(val)=23935.072686
[GA][Iter2] Gen:15 Ind:13 RMSE(val)=23768.897062
[GA][Iter2] Gen:15 Ind:14 RMSE(val)=23935.072686
[GA][Iter2] Gen:15 Ind:15 RMSE(val)=23701.714547
[GA][Iter2] Gen:15 Ind:16 RMSE(val)=23935.072686
[GA][Iter2] Gen:15 Ind:17 RMSE(val)=24230.141258
[GA][Iter2] Gen:15 Ind:18 RMSE(val)=23701.714547
[GA][Iter2] Gen:15 Ind:19 RMSE(val)=23709.273161
[GA][Iter2] Gen:15 Ind:20 RMSE(val)=23935.072686

[GA DONE][Iter2] Best params on val fold of Iter2
Best val RMSE: 23502.655166
Best params: {'n_estimators': 1207, 'learning_rate': 0.011575458672606563, 'num_leaves': 51, 'max_depth': 11, 'min_child_samples': 10, 'subsample': 0.7113909055858187, 'colsample_bytree': 0.8962670978670704, 'reg_lambda': 0.5283240309568376, 'reg_alpha': 1.96266226087207}
--------------------------------------------------------------------------------
[RETUNE GA] Iter2: train folds 1..6 -> test fold 7  RMSE=16115.495457  NRMSE=0.906329  CVRMSE=6.275788  R2=0.171168
[GA][Iter3] Gen:1 Ind:1 RMSE(val)=16969.916431
[GA][Iter3] Gen:1 Ind:2 RMSE(val)=17828.691789
[GA][Iter3] Gen:1 Ind:3 RMSE(val)=17834.323536
[GA][Iter3] Gen:1 Ind:4 RMSE(val)=17833.086528
[GA][Iter3] Gen:1 Ind:5 RMSE(val)=17842.062234
[GA][Iter3] Gen:1 Ind:6 RMSE(val)=17825.462973
[GA][Iter3] Gen:1 Ind:7 RMSE(val)=17827.246295
[GA][Iter3] Gen:1 Ind:8 RMSE(val)=17080.224458
[GA][Iter3] Gen:1 Ind:9 RMSE(val)=17848.347460
[GA][Iter3] Gen:1 Ind:10 RMSE(val)=17828.934745
[GA][Iter3] Gen:1 Ind:11 RMSE(val)=17831.916025
[GA][Iter3] Gen:1 Ind:12 RMSE(val)=17833.956587
[GA][Iter3] Gen:1 Ind:13 RMSE(val)=17833.376862
[GA][Iter3] Gen:1 Ind:14 RMSE(val)=17839.183219
[GA][Iter3] Gen:1 Ind:15 RMSE(val)=17120.895074
[GA][Iter3] Gen:1 Ind:16 RMSE(val)=16896.561600
[GA][Iter3] Gen:1 Ind:17 RMSE(val)=17826.630684
[GA][Iter3] Gen:1 Ind:18 RMSE(val)=17828.036367
[GA][Iter3] Gen:1 Ind:19 RMSE(val)=17834.854800
[GA][Iter3] Gen:1 Ind:20 RMSE(val)=17840.969074
[GA][Iter3] gen=1 best_val_rmse=16896.561600
[GA][Iter3] Gen:2 Ind:1 RMSE(val)=16896.561600
[GA][Iter3] Gen:2 Ind:2 RMSE(val)=16969.916431
[GA][Iter3] Gen:2 Ind:3 RMSE(val)=17080.224458
[GA][Iter3] Gen:2 Ind:4 RMSE(val)=17120.895074
[GA][Iter3] Gen:2 Ind:5 RMSE(val)=17825.462973
[GA][Iter3] Gen:2 Ind:6 RMSE(val)=17826.630684
[GA][Iter3] Gen:2 Ind:7 RMSE(val)=17827.246295
[GA][Iter3] Gen:2 Ind:8 RMSE(val)=17828.036367
[GA][Iter3] Gen:2 Ind:9 RMSE(val)=17828.691789
[GA][Iter3] Gen:2 Ind:10 RMSE(val)=17828.934745
[GA][Iter3] Gen:2 Ind:11 RMSE(val)=17840.051449
[GA][Iter3] Gen:2 Ind:12 RMSE(val)=17826.566274
[GA][Iter3] Gen:2 Ind:13 RMSE(val)=17156.857324
[GA][Iter3] Gen:2 Ind:14 RMSE(val)=17829.821115
[GA][Iter3] Gen:2 Ind:15 RMSE(val)=16808.820341
[GA][Iter3] Gen:2 Ind:16 RMSE(val)=17835.686042
[GA][Iter3] Gen:2 Ind:17 RMSE(val)=17828.866295
[GA][Iter3] Gen:2 Ind:18 RMSE(val)=17829.371544
[GA][Iter3] Gen:2 Ind:19 RMSE(val)=17828.450565
[GA][Iter3] Gen:2 Ind:20 RMSE(val)=17831.711793
[GA][Iter3] gen=2 best_val_rmse=16808.820341
[GA][Iter3] Gen:3 Ind:1 RMSE(val)=16808.820341
[GA][Iter3] Gen:3 Ind:2 RMSE(val)=16896.561600
[GA][Iter3] Gen:3 Ind:3 RMSE(val)=16969.916431
[GA][Iter3] Gen:3 Ind:4 RMSE(val)=17080.224458
[GA][Iter3] Gen:3 Ind:5 RMSE(val)=17120.895074
[GA][Iter3] Gen:3 Ind:6 RMSE(val)=17156.857324
[GA][Iter3] Gen:3 Ind:7 RMSE(val)=17825.462973
[GA][Iter3] Gen:3 Ind:8 RMSE(val)=17826.566274
[GA][Iter3] Gen:3 Ind:9 RMSE(val)=17826.630684
[GA][Iter3] Gen:3 Ind:10 RMSE(val)=17827.246295
[GA][Iter3] Gen:3 Ind:11 RMSE(val)=17823.716233
[GA][Iter3] Gen:3 Ind:12 RMSE(val)=17833.635355
[GA][Iter3] Gen:3 Ind:13 RMSE(val)=17090.861803
[GA][Iter3] Gen:3 Ind:14 RMSE(val)=17113.503294
[GA][Iter3] Gen:3 Ind:15 RMSE(val)=17100.873049
[GA][Iter3] Gen:3 Ind:16 RMSE(val)=17834.659461
[GA][Iter3] Gen:3 Ind:17 RMSE(val)=17073.028255
[GA][Iter3] Gen:3 Ind:18 RMSE(val)=16935.976682
[GA][Iter3] Gen:3 Ind:19 RMSE(val)=17023.381312
[GA][Iter3] Gen:3 Ind:20 RMSE(val)=16901.406349
[GA][Iter3] gen=3 best_val_rmse=16808.820341
[GA][Iter3] Gen:4 Ind:1 RMSE(val)=16808.820341
[GA][Iter3] Gen:4 Ind:2 RMSE(val)=16896.561600
[GA][Iter3] Gen:4 Ind:3 RMSE(val)=16901.406349
[GA][Iter3] Gen:4 Ind:4 RMSE(val)=16935.976682
[GA][Iter3] Gen:4 Ind:5 RMSE(val)=16969.916431
[GA][Iter3] Gen:4 Ind:6 RMSE(val)=17023.381312
[GA][Iter3] Gen:4 Ind:7 RMSE(val)=17073.028255
[GA][Iter3] Gen:4 Ind:8 RMSE(val)=17080.224458
[GA][Iter3] Gen:4 Ind:9 RMSE(val)=17090.861803
[GA][Iter3] Gen:4 Ind:10 RMSE(val)=17100.873049
[GA][Iter3] Gen:4 Ind:11 RMSE(val)=17095.658672
[GA][Iter3] Gen:4 Ind:12 RMSE(val)=17073.028255
[GA][Iter3] Gen:4 Ind:13 RMSE(val)=16860.302610
[GA][Iter3] Gen:4 Ind:14 RMSE(val)=17095.950997
[GA][Iter3] Gen:4 Ind:15 RMSE(val)=17109.701559
[GA][Iter3] Gen:4 Ind:16 RMSE(val)=17020.459120
[GA][Iter3] Gen:4 Ind:17 RMSE(val)=16875.466955
[GA][Iter3] Gen:4 Ind:18 RMSE(val)=16833.427832
[GA][Iter3] Gen:4 Ind:19 RMSE(val)=16905.423958
[GA][Iter3] Gen:4 Ind:20 RMSE(val)=17121.096518
[GA][Iter3] gen=4 best_val_rmse=16808.820341
[GA][Iter3] Gen:5 Ind:1 RMSE(val)=16808.820341
[GA][Iter3] Gen:5 Ind:2 RMSE(val)=16833.427832
[GA][Iter3] Gen:5 Ind:3 RMSE(val)=16860.302610
[GA][Iter3] Gen:5 Ind:4 RMSE(val)=16875.466955
[GA][Iter3] Gen:5 Ind:5 RMSE(val)=16896.561600
[GA][Iter3] Gen:5 Ind:6 RMSE(val)=16901.406349
[GA][Iter3] Gen:5 Ind:7 RMSE(val)=16905.423958
[GA][Iter3] Gen:5 Ind:8 RMSE(val)=16935.976682
[GA][Iter3] Gen:5 Ind:9 RMSE(val)=16969.916431
[GA][Iter3] Gen:5 Ind:10 RMSE(val)=17020.459120
[GA][Iter3] Gen:5 Ind:11 RMSE(val)=16895.625437
[GA][Iter3] Gen:5 Ind:12 RMSE(val)=16983.251759
[GA][Iter3] Gen:5 Ind:13 RMSE(val)=16896.561600
[GA][Iter3] Gen:5 Ind:14 RMSE(val)=16871.170619
[GA][Iter3] Gen:5 Ind:15 RMSE(val)=16974.954555
[GA][Iter3] Gen:5 Ind:16 RMSE(val)=16963.673929
[GA][Iter3] Gen:5 Ind:17 RMSE(val)=16896.120762
[GA][Iter3] Gen:5 Ind:18 RMSE(val)=17045.678620
[GA][Iter3] Gen:5 Ind:19 RMSE(val)=16802.825350
[GA][Iter3] Gen:5 Ind:20 RMSE(val)=16799.145190
[GA][Iter3] gen=5 best_val_rmse=16799.145190
[GA][Iter3] Gen:6 Ind:1 RMSE(val)=16799.145190
[GA][Iter3] Gen:6 Ind:2 RMSE(val)=16802.825350
[GA][Iter3] Gen:6 Ind:3 RMSE(val)=16808.820341
[GA][Iter3] Gen:6 Ind:4 RMSE(val)=16833.427832
[GA][Iter3] Gen:6 Ind:5 RMSE(val)=16860.302610
[GA][Iter3] Gen:6 Ind:6 RMSE(val)=16871.170619
[GA][Iter3] Gen:6 Ind:7 RMSE(val)=16875.466955
[GA][Iter3] Gen:6 Ind:8 RMSE(val)=16895.625437
[GA][Iter3] Gen:6 Ind:9 RMSE(val)=16896.120762
[GA][Iter3] Gen:6 Ind:10 RMSE(val)=16896.561600
[GA][Iter3] Gen:6 Ind:11 RMSE(val)=16879.738876
[GA][Iter3] Gen:6 Ind:12 RMSE(val)=16802.825350
[GA][Iter3] Gen:6 Ind:13 RMSE(val)=16925.538585
[GA][Iter3] Gen:6 Ind:14 RMSE(val)=16771.834815
[GA][Iter3] Gen:6 Ind:15 RMSE(val)=16860.145249
[GA][Iter3] Gen:6 Ind:16 RMSE(val)=16875.466955
[GA][Iter3] Gen:6 Ind:17 RMSE(val)=16760.925644
[GA][Iter3] Gen:6 Ind:18 RMSE(val)=17001.489028
[GA][Iter3] Gen:6 Ind:19 RMSE(val)=16884.154422
[GA][Iter3] Gen:6 Ind:20 RMSE(val)=16916.526995
[GA][Iter3] gen=6 best_val_rmse=16760.925644
[GA][Iter3] Gen:7 Ind:1 RMSE(val)=16760.925644
[GA][Iter3] Gen:7 Ind:2 RMSE(val)=16771.834815
[GA][Iter3] Gen:7 Ind:3 RMSE(val)=16799.145190
[GA][Iter3] Gen:7 Ind:4 RMSE(val)=16802.825350
[GA][Iter3] Gen:7 Ind:5 RMSE(val)=16802.825350
[GA][Iter3] Gen:7 Ind:6 RMSE(val)=16808.820341
[GA][Iter3] Gen:7 Ind:7 RMSE(val)=16833.427832
[GA][Iter3] Gen:7 Ind:8 RMSE(val)=16860.145249
[GA][Iter3] Gen:7 Ind:9 RMSE(val)=16860.302610
[GA][Iter3] Gen:7 Ind:10 RMSE(val)=16871.170619
[GA][Iter3] Gen:7 Ind:11 RMSE(val)=16821.176264
[GA][Iter3] Gen:7 Ind:12 RMSE(val)=16899.822401
[GA][Iter3] Gen:7 Ind:13 RMSE(val)=16896.561600
[GA][Iter3] Gen:7 Ind:14 RMSE(val)=16520.053439
[GA][Iter3] Gen:7 Ind:15 RMSE(val)=16884.154422
[GA][Iter3] Gen:7 Ind:16 RMSE(val)=16802.825350
[GA][Iter3] Gen:7 Ind:17 RMSE(val)=16892.615778
[GA][Iter3] Gen:7 Ind:18 RMSE(val)=16880.107549
[GA][Iter3] Gen:7 Ind:19 RMSE(val)=16807.140580
[GA][Iter3] Gen:7 Ind:20 RMSE(val)=16841.778915
[GA][Iter3] gen=7 best_val_rmse=16520.053439
[GA][Iter3] Gen:8 Ind:1 RMSE(val)=16520.053439
[GA][Iter3] Gen:8 Ind:2 RMSE(val)=16760.925644
[GA][Iter3] Gen:8 Ind:3 RMSE(val)=16771.834815
[GA][Iter3] Gen:8 Ind:4 RMSE(val)=16799.145190
[GA][Iter3] Gen:8 Ind:5 RMSE(val)=16802.825350
[GA][Iter3] Gen:8 Ind:6 RMSE(val)=16802.825350
[GA][Iter3] Gen:8 Ind:7 RMSE(val)=16802.825350
[GA][Iter3] Gen:8 Ind:8 RMSE(val)=16807.140580
[GA][Iter3] Gen:8 Ind:9 RMSE(val)=16808.820341
[GA][Iter3] Gen:8 Ind:10 RMSE(val)=16821.176264
[GA][Iter3] Gen:8 Ind:11 RMSE(val)=16837.557162
[GA][Iter3] Gen:8 Ind:12 RMSE(val)=16861.184523
[GA][Iter3] Gen:8 Ind:13 RMSE(val)=16803.295027
[GA][Iter3] Gen:8 Ind:14 RMSE(val)=16808.820341
[GA][Iter3] Gen:8 Ind:15 RMSE(val)=16979.941054
[GA][Iter3] Gen:8 Ind:16 RMSE(val)=16774.847510
[GA][Iter3] Gen:8 Ind:17 RMSE(val)=16665.708663
[GA][Iter3] Gen:8 Ind:18 RMSE(val)=16902.377322
[GA][Iter3] Gen:8 Ind:19 RMSE(val)=16804.331915
[GA][Iter3] Gen:8 Ind:20 RMSE(val)=15121.520045
[GA][Iter3] gen=8 best_val_rmse=15121.520045
[GA][Iter3] Gen:9 Ind:1 RMSE(val)=15121.520045
[GA][Iter3] Gen:9 Ind:2 RMSE(val)=16520.053439
[GA][Iter3] Gen:9 Ind:3 RMSE(val)=16665.708663
[GA][Iter3] Gen:9 Ind:4 RMSE(val)=16760.925644
[GA][Iter3] Gen:9 Ind:5 RMSE(val)=16771.834815
[GA][Iter3] Gen:9 Ind:6 RMSE(val)=16774.847510
[GA][Iter3] Gen:9 Ind:7 RMSE(val)=16799.145190
[GA][Iter3] Gen:9 Ind:8 RMSE(val)=16802.825350
[GA][Iter3] Gen:9 Ind:9 RMSE(val)=16802.825350
[GA][Iter3] Gen:9 Ind:10 RMSE(val)=16802.825350
[GA][Iter3] Gen:9 Ind:11 RMSE(val)=16905.977950
[GA][Iter3] Gen:9 Ind:12 RMSE(val)=16965.683763
[GA][Iter3] Gen:9 Ind:13 RMSE(val)=16670.493816
[GA][Iter3] Gen:9 Ind:14 RMSE(val)=16810.497980
[GA][Iter3] Gen:9 Ind:15 RMSE(val)=16601.692558
[GA][Iter3] Gen:9 Ind:16 RMSE(val)=17033.049477
[GA][Iter3] Gen:9 Ind:17 RMSE(val)=16731.266615
[GA][Iter3] Gen:9 Ind:18 RMSE(val)=16883.064111
[GA][Iter3] Gen:9 Ind:19 RMSE(val)=16981.513459
[GA][Iter3] Gen:9 Ind:20 RMSE(val)=16801.064910
[GA][Iter3] gen=9 best_val_rmse=15121.520045
[GA][Iter3] Gen:10 Ind:1 RMSE(val)=15121.520045
[GA][Iter3] Gen:10 Ind:2 RMSE(val)=16520.053439
[GA][Iter3] Gen:10 Ind:3 RMSE(val)=16601.692558
[GA][Iter3] Gen:10 Ind:4 RMSE(val)=16665.708663
[GA][Iter3] Gen:10 Ind:5 RMSE(val)=16670.493816
[GA][Iter3] Gen:10 Ind:6 RMSE(val)=16731.266615
[GA][Iter3] Gen:10 Ind:7 RMSE(val)=16760.925644
[GA][Iter3] Gen:10 Ind:8 RMSE(val)=16771.834815
[GA][Iter3] Gen:10 Ind:9 RMSE(val)=16774.847510
[GA][Iter3] Gen:10 Ind:10 RMSE(val)=16799.145190
[GA][Iter3] Gen:10 Ind:11 RMSE(val)=16963.573579
[GA][Iter3] Gen:10 Ind:12 RMSE(val)=17080.556236
[GA][Iter3] Gen:10 Ind:13 RMSE(val)=16549.132676
[GA][Iter3] Gen:10 Ind:14 RMSE(val)=16843.821566
[GA][Iter3] Gen:10 Ind:15 RMSE(val)=16589.639869
[GA][Iter3] Gen:10 Ind:16 RMSE(val)=16956.915695
[GA][Iter3] Gen:10 Ind:17 RMSE(val)=16969.866669
[GA][Iter3] Gen:10 Ind:18 RMSE(val)=16883.064111
[GA][Iter3] Gen:10 Ind:19 RMSE(val)=16661.056594
[GA][Iter3] Gen:10 Ind:20 RMSE(val)=16437.172265
[GA][Iter3] gen=10 best_val_rmse=15121.520045
[GA][Iter3] Gen:11 Ind:1 RMSE(val)=15121.520045
[GA][Iter3] Gen:11 Ind:2 RMSE(val)=16437.172265
[GA][Iter3] Gen:11 Ind:3 RMSE(val)=16520.053439
[GA][Iter3] Gen:11 Ind:4 RMSE(val)=16549.132676
[GA][Iter3] Gen:11 Ind:5 RMSE(val)=16589.639869
[GA][Iter3] Gen:11 Ind:6 RMSE(val)=16601.692558
[GA][Iter3] Gen:11 Ind:7 RMSE(val)=16661.056594
[GA][Iter3] Gen:11 Ind:8 RMSE(val)=16665.708663
[GA][Iter3] Gen:11 Ind:9 RMSE(val)=16670.493816
[GA][Iter3] Gen:11 Ind:10 RMSE(val)=16731.266615
[GA][Iter3] Gen:11 Ind:11 RMSE(val)=16541.821132
[GA][Iter3] Gen:11 Ind:12 RMSE(val)=16614.714524
[GA][Iter3] Gen:11 Ind:13 RMSE(val)=16995.075072
[GA][Iter3] Gen:11 Ind:14 RMSE(val)=17037.493092
[GA][Iter3] Gen:11 Ind:15 RMSE(val)=16836.593647
[GA][Iter3] Gen:11 Ind:16 RMSE(val)=16661.056594
[GA][Iter3] Gen:11 Ind:17 RMSE(val)=16589.695440
[GA][Iter3] Gen:11 Ind:18 RMSE(val)=16922.566822
[GA][Iter3] Gen:11 Ind:19 RMSE(val)=15211.247338
[GA][Iter3] Gen:11 Ind:20 RMSE(val)=16836.593647
[GA][Iter3] gen=11 best_val_rmse=15121.520045
[GA][Iter3] Gen:12 Ind:1 RMSE(val)=15121.520045
[GA][Iter3] Gen:12 Ind:2 RMSE(val)=15211.247338
[GA][Iter3] Gen:12 Ind:3 RMSE(val)=16437.172265
[GA][Iter3] Gen:12 Ind:4 RMSE(val)=16520.053439
[GA][Iter3] Gen:12 Ind:5 RMSE(val)=16541.821132
[GA][Iter3] Gen:12 Ind:6 RMSE(val)=16549.132676
[GA][Iter3] Gen:12 Ind:7 RMSE(val)=16589.639869
[GA][Iter3] Gen:12 Ind:8 RMSE(val)=16589.695440
[GA][Iter3] Gen:12 Ind:9 RMSE(val)=16601.692558
[GA][Iter3] Gen:12 Ind:10 RMSE(val)=16614.714524
[GA][Iter3] Gen:12 Ind:11 RMSE(val)=16537.833322
[GA][Iter3] Gen:12 Ind:12 RMSE(val)=16557.246869
[GA][Iter3] Gen:12 Ind:13 RMSE(val)=16437.281495
[GA][Iter3] Gen:12 Ind:14 RMSE(val)=16577.373608
[GA][Iter3] Gen:12 Ind:15 RMSE(val)=16614.714524
[GA][Iter3] Gen:12 Ind:16 RMSE(val)=15777.651927
[GA][Iter3] Gen:12 Ind:17 RMSE(val)=16601.692558
[GA][Iter3] Gen:12 Ind:18 RMSE(val)=16905.915201
[GA][Iter3] Gen:12 Ind:19 RMSE(val)=16589.695440
[GA][Iter3] Gen:12 Ind:20 RMSE(val)=16589.639869
[GA][Iter3] gen=12 best_val_rmse=15121.520045
[GA][Iter3] Gen:13 Ind:1 RMSE(val)=15121.520045
[GA][Iter3] Gen:13 Ind:2 RMSE(val)=15211.247338
[GA][Iter3] Gen:13 Ind:3 RMSE(val)=15777.651927
[GA][Iter3] Gen:13 Ind:4 RMSE(val)=16437.172265
[GA][Iter3] Gen:13 Ind:5 RMSE(val)=16437.281495
[GA][Iter3] Gen:13 Ind:6 RMSE(val)=16520.053439
[GA][Iter3] Gen:13 Ind:7 RMSE(val)=16537.833322
[GA][Iter3] Gen:13 Ind:8 RMSE(val)=16541.821132
[GA][Iter3] Gen:13 Ind:9 RMSE(val)=16549.132676
[GA][Iter3] Gen:13 Ind:10 RMSE(val)=16557.246869
[GA][Iter3] Gen:13 Ind:11 RMSE(val)=14334.931132
[GA][Iter3] Gen:13 Ind:12 RMSE(val)=16596.886359
[GA][Iter3] Gen:13 Ind:13 RMSE(val)=15777.651927
[GA][Iter3] Gen:13 Ind:14 RMSE(val)=16520.053439
[GA][Iter3] Gen:13 Ind:15 RMSE(val)=16717.089541
[GA][Iter3] Gen:13 Ind:16 RMSE(val)=15777.651927
[GA][Iter3] Gen:13 Ind:17 RMSE(val)=15954.580941
[GA][Iter3] Gen:13 Ind:18 RMSE(val)=16624.521402
[GA][Iter3] Gen:13 Ind:19 RMSE(val)=16520.053439
[GA][Iter3] Gen:13 Ind:20 RMSE(val)=16623.312084
[GA][Iter3] gen=13 best_val_rmse=14334.931132
[GA][Iter3] Gen:14 Ind:1 RMSE(val)=14334.931132
[GA][Iter3] Gen:14 Ind:2 RMSE(val)=15121.520045
[GA][Iter3] Gen:14 Ind:3 RMSE(val)=15211.247338
[GA][Iter3] Gen:14 Ind:4 RMSE(val)=15777.651927
[GA][Iter3] Gen:14 Ind:5 RMSE(val)=15777.651927
[GA][Iter3] Gen:14 Ind:6 RMSE(val)=15777.651927
[GA][Iter3] Gen:14 Ind:7 RMSE(val)=15954.580941
[GA][Iter3] Gen:14 Ind:8 RMSE(val)=16437.172265
[GA][Iter3] Gen:14 Ind:9 RMSE(val)=16437.281495
[GA][Iter3] Gen:14 Ind:10 RMSE(val)=16520.053439
[GA][Iter3] Gen:14 Ind:11 RMSE(val)=15777.651927
[GA][Iter3] Gen:14 Ind:12 RMSE(val)=13973.624939
[GA][Iter3] Gen:14 Ind:13 RMSE(val)=16535.803272
[GA][Iter3] Gen:14 Ind:14 RMSE(val)=15211.247338
[GA][Iter3] Gen:14 Ind:15 RMSE(val)=14334.931132
[GA][Iter3] Gen:14 Ind:16 RMSE(val)=16334.841495
[GA][Iter3] Gen:14 Ind:17 RMSE(val)=14325.106263
[GA][Iter3] Gen:14 Ind:18 RMSE(val)=15839.877292
[GA][Iter3] Gen:14 Ind:19 RMSE(val)=16589.639869
[GA][Iter3] Gen:14 Ind:20 RMSE(val)=16589.639869
[GA][Iter3] gen=14 best_val_rmse=13973.624939
[GA][Iter3] Gen:15 Ind:1 RMSE(val)=13973.624939
[GA][Iter3] Gen:15 Ind:2 RMSE(val)=14325.106263
[GA][Iter3] Gen:15 Ind:3 RMSE(val)=14334.931132
[GA][Iter3] Gen:15 Ind:4 RMSE(val)=14334.931132
[GA][Iter3] Gen:15 Ind:5 RMSE(val)=15121.520045
[GA][Iter3] Gen:15 Ind:6 RMSE(val)=15211.247338
[GA][Iter3] Gen:15 Ind:7 RMSE(val)=15211.247338
[GA][Iter3] Gen:15 Ind:8 RMSE(val)=15777.651927
[GA][Iter3] Gen:15 Ind:9 RMSE(val)=15777.651927
[GA][Iter3] Gen:15 Ind:10 RMSE(val)=15777.651927
[GA][Iter3] Gen:15 Ind:11 RMSE(val)=15517.309751
[GA][Iter3] Gen:15 Ind:12 RMSE(val)=15777.651927
[GA][Iter3] Gen:15 Ind:13 RMSE(val)=15263.055746
[GA][Iter3] Gen:15 Ind:14 RMSE(val)=15777.651927
[GA][Iter3] Gen:15 Ind:15 RMSE(val)=14350.926299
[GA][Iter3] Gen:15 Ind:16 RMSE(val)=15254.325065
[GA][Iter3] Gen:15 Ind:17 RMSE(val)=14696.678250
[GA][Iter3] Gen:15 Ind:18 RMSE(val)=15211.247338
[GA][Iter3] Gen:15 Ind:19 RMSE(val)=15254.325065
[GA][Iter3] Gen:15 Ind:20 RMSE(val)=15510.705733
[GA][Iter3] gen=15 best_val_rmse=13973.624939
[GA][Iter3] Gen:15 Ind:1 RMSE(val)=13973.624939
[GA][Iter3] Gen:15 Ind:2 RMSE(val)=14325.106263
[GA][Iter3] Gen:15 Ind:3 RMSE(val)=14334.931132
[GA][Iter3] Gen:15 Ind:4 RMSE(val)=14334.931132
[GA][Iter3] Gen:15 Ind:5 RMSE(val)=14350.926299
[GA][Iter3] Gen:15 Ind:6 RMSE(val)=14696.678250
[GA][Iter3] Gen:15 Ind:7 RMSE(val)=15121.520045
[GA][Iter3] Gen:15 Ind:8 RMSE(val)=15211.247338
[GA][Iter3] Gen:15 Ind:9 RMSE(val)=15211.247338
[GA][Iter3] Gen:15 Ind:10 RMSE(val)=15211.247338
[GA][Iter3] Gen:15 Ind:11 RMSE(val)=15211.247338
[GA][Iter3] Gen:15 Ind:12 RMSE(val)=13973.624939
[GA][Iter3] Gen:15 Ind:13 RMSE(val)=15211.247338
[GA][Iter3] Gen:15 Ind:14 RMSE(val)=14334.931132
[GA][Iter3] Gen:15 Ind:15 RMSE(val)=15569.982760
[GA][Iter3] Gen:15 Ind:16 RMSE(val)=14334.931132
[GA][Iter3] Gen:15 Ind:17 RMSE(val)=14325.106263
[GA][Iter3] Gen:15 Ind:18 RMSE(val)=13336.950496
[GA][Iter3] Gen:15 Ind:19 RMSE(val)=15032.546232
[GA][Iter3] Gen:15 Ind:20 RMSE(val)=14584.904527

[GA DONE][Iter3] Best params on val fold of Iter3
Best val RMSE: 13336.950496
Best params: {'n_estimators': 1233, 'learning_rate': 0.09409821657618767, 'num_leaves': 19, 'max_depth': 4, 'min_child_samples': 7, 'subsample': 0.6963486369788933, 'colsample_bytree': 0.7664239586737636, 'reg_lambda': 0.5283240309568376, 'reg_alpha': 0.05371199926109371}
--------------------------------------------------------------------------------
[RETUNE GA] Iter3: train folds 1..7 -> test fold 8  RMSE=4565.689216  NRMSE=0.677411  CVRMSE=5.103111  R2=0.536981
[GA][Iter4] Gen:1 Ind:1 RMSE(val)=5820.355726
[GA][Iter4] Gen:1 Ind:2 RMSE(val)=6730.223443
[GA][Iter4] Gen:1 Ind:3 RMSE(val)=6729.167752
[GA][Iter4] Gen:1 Ind:4 RMSE(val)=6732.778293
[GA][Iter4] Gen:1 Ind:5 RMSE(val)=6731.042006
[GA][Iter4] Gen:1 Ind:6 RMSE(val)=6716.050316
[GA][Iter4] Gen:1 Ind:7 RMSE(val)=6725.660751
[GA][Iter4] Gen:1 Ind:8 RMSE(val)=5775.014915
[GA][Iter4] Gen:1 Ind:9 RMSE(val)=6835.909012
[GA][Iter4] Gen:1 Ind:10 RMSE(val)=6710.504064
[GA][Iter4] Gen:1 Ind:11 RMSE(val)=6722.577136
[GA][Iter4] Gen:1 Ind:12 RMSE(val)=6723.170054
[GA][Iter4] Gen:1 Ind:13 RMSE(val)=6726.254493
[GA][Iter4] Gen:1 Ind:14 RMSE(val)=6725.015065
[GA][Iter4] Gen:1 Ind:15 RMSE(val)=6183.789227
[GA][Iter4] Gen:1 Ind:16 RMSE(val)=5869.183648
[GA][Iter4] Gen:1 Ind:17 RMSE(val)=6728.840121
[GA][Iter4] Gen:1 Ind:18 RMSE(val)=6725.853109
[GA][Iter4] Gen:1 Ind:19 RMSE(val)=6721.354905
[GA][Iter4] Gen:1 Ind:20 RMSE(val)=6717.972684
[GA][Iter4] gen=1 best_val_rmse=5775.014915
[GA][Iter4] Gen:2 Ind:1 RMSE(val)=5775.014915
[GA][Iter4] Gen:2 Ind:2 RMSE(val)=5820.355726
[GA][Iter4] Gen:2 Ind:3 RMSE(val)=5869.183648
[GA][Iter4] Gen:2 Ind:4 RMSE(val)=6183.789227
[GA][Iter4] Gen:2 Ind:5 RMSE(val)=6710.504064
[GA][Iter4] Gen:2 Ind:6 RMSE(val)=6716.050316
[GA][Iter4] Gen:2 Ind:7 RMSE(val)=6717.972684
[GA][Iter4] Gen:2 Ind:8 RMSE(val)=6721.354905
[GA][Iter4] Gen:2 Ind:9 RMSE(val)=6722.577136
[GA][Iter4] Gen:2 Ind:10 RMSE(val)=6723.170054
[GA][Iter4] Gen:2 Ind:11 RMSE(val)=6724.885099
[GA][Iter4] Gen:2 Ind:12 RMSE(val)=6718.136973
[GA][Iter4] Gen:2 Ind:13 RMSE(val)=6211.921158
[GA][Iter4] Gen:2 Ind:14 RMSE(val)=6723.340220
[GA][Iter4] Gen:2 Ind:15 RMSE(val)=5783.197450
[GA][Iter4] Gen:2 Ind:16 RMSE(val)=6728.926146
[GA][Iter4] Gen:2 Ind:17 RMSE(val)=6719.929100
[GA][Iter4] Gen:2 Ind:18 RMSE(val)=6726.011907
[GA][Iter4] Gen:2 Ind:19 RMSE(val)=6154.660443
[GA][Iter4] Gen:2 Ind:20 RMSE(val)=6721.678885
[GA][Iter4] gen=2 best_val_rmse=5775.014915
[GA][Iter4] Gen:3 Ind:1 RMSE(val)=5775.014915
[GA][Iter4] Gen:3 Ind:2 RMSE(val)=5783.197450
[GA][Iter4] Gen:3 Ind:3 RMSE(val)=5820.355726
[GA][Iter4] Gen:3 Ind:4 RMSE(val)=5869.183648
[GA][Iter4] Gen:3 Ind:5 RMSE(val)=6154.660443
[GA][Iter4] Gen:3 Ind:6 RMSE(val)=6183.789227
[GA][Iter4] Gen:3 Ind:7 RMSE(val)=6211.921158
[GA][Iter4] Gen:3 Ind:8 RMSE(val)=6710.504064
[GA][Iter4] Gen:3 Ind:9 RMSE(val)=6716.050316
[GA][Iter4] Gen:3 Ind:10 RMSE(val)=6717.972684
[GA][Iter4] Gen:3 Ind:11 RMSE(val)=6183.789227
[GA][Iter4] Gen:3 Ind:12 RMSE(val)=6721.816093
[GA][Iter4] Gen:3 Ind:13 RMSE(val)=5599.513802
[GA][Iter4] Gen:3 Ind:14 RMSE(val)=5367.567717
[GA][Iter4] Gen:3 Ind:15 RMSE(val)=5991.844000
[GA][Iter4] Gen:3 Ind:16 RMSE(val)=6087.155660
[GA][Iter4] Gen:3 Ind:17 RMSE(val)=6725.678274
[GA][Iter4] Gen:3 Ind:18 RMSE(val)=6139.592508
[GA][Iter4] Gen:3 Ind:19 RMSE(val)=5351.817564
[GA][Iter4] Gen:3 Ind:20 RMSE(val)=5997.419029
[GA][Iter4] gen=3 best_val_rmse=5351.817564
[GA][Iter4] Gen:4 Ind:1 RMSE(val)=5351.817564
[GA][Iter4] Gen:4 Ind:2 RMSE(val)=5367.567717
[GA][Iter4] Gen:4 Ind:3 RMSE(val)=5599.513802
[GA][Iter4] Gen:4 Ind:4 RMSE(val)=5775.014915
[GA][Iter4] Gen:4 Ind:5 RMSE(val)=5783.197450
[GA][Iter4] Gen:4 Ind:6 RMSE(val)=5820.355726
[GA][Iter4] Gen:4 Ind:7 RMSE(val)=5869.183648
[GA][Iter4] Gen:4 Ind:8 RMSE(val)=5991.844000
[GA][Iter4] Gen:4 Ind:9 RMSE(val)=5997.419029
[GA][Iter4] Gen:4 Ind:10 RMSE(val)=6087.155660
[GA][Iter4] Gen:4 Ind:11 RMSE(val)=5968.473818
[GA][Iter4] Gen:4 Ind:12 RMSE(val)=5970.314657
[GA][Iter4] Gen:4 Ind:13 RMSE(val)=5869.183648
[GA][Iter4] Gen:4 Ind:14 RMSE(val)=5775.014915
[GA][Iter4] Gen:4 Ind:15 RMSE(val)=6098.855154
[GA][Iter4] Gen:4 Ind:16 RMSE(val)=5970.654164
[GA][Iter4] Gen:4 Ind:17 RMSE(val)=6006.022415
[GA][Iter4] Gen:4 Ind:18 RMSE(val)=5937.563630
[GA][Iter4] Gen:4 Ind:19 RMSE(val)=5597.195146
[GA][Iter4] Gen:4 Ind:20 RMSE(val)=5599.513802
[GA][Iter4] gen=4 best_val_rmse=5351.817564
[GA][Iter4] Gen:5 Ind:1 RMSE(val)=5351.817564
[GA][Iter4] Gen:5 Ind:2 RMSE(val)=5367.567717
[GA][Iter4] Gen:5 Ind:3 RMSE(val)=5597.195146
[GA][Iter4] Gen:5 Ind:4 RMSE(val)=5599.513802
[GA][Iter4] Gen:5 Ind:5 RMSE(val)=5599.513802
[GA][Iter4] Gen:5 Ind:6 RMSE(val)=5775.014915
[GA][Iter4] Gen:5 Ind:7 RMSE(val)=5775.014915
[GA][Iter4] Gen:5 Ind:8 RMSE(val)=5783.197450
[GA][Iter4] Gen:5 Ind:9 RMSE(val)=5820.355726
[GA][Iter4] Gen:5 Ind:10 RMSE(val)=5869.183648
[GA][Iter4] Gen:5 Ind:11 RMSE(val)=6041.000432
[GA][Iter4] Gen:5 Ind:12 RMSE(val)=5463.013373
[GA][Iter4] Gen:5 Ind:13 RMSE(val)=5748.127540
[GA][Iter4] Gen:5 Ind:14 RMSE(val)=5608.706100
[GA][Iter4] Gen:5 Ind:15 RMSE(val)=5650.391247
[GA][Iter4] Gen:5 Ind:16 RMSE(val)=5578.619488
[GA][Iter4] Gen:5 Ind:17 RMSE(val)=5844.695883
[GA][Iter4] Gen:5 Ind:18 RMSE(val)=3726.852582
[GA][Iter4] Gen:5 Ind:19 RMSE(val)=5647.072657
[GA][Iter4] Gen:5 Ind:20 RMSE(val)=5758.952329
[GA][Iter4] gen=5 best_val_rmse=3726.852582
[GA][Iter4] Gen:6 Ind:1 RMSE(val)=3726.852582
[GA][Iter4] Gen:6 Ind:2 RMSE(val)=5351.817564
[GA][Iter4] Gen:6 Ind:3 RMSE(val)=5367.567717
[GA][Iter4] Gen:6 Ind:4 RMSE(val)=5463.013373
[GA][Iter4] Gen:6 Ind:5 RMSE(val)=5578.619488
[GA][Iter4] Gen:6 Ind:6 RMSE(val)=5597.195146
[GA][Iter4] Gen:6 Ind:7 RMSE(val)=5599.513802
[GA][Iter4] Gen:6 Ind:8 RMSE(val)=5599.513802
[GA][Iter4] Gen:6 Ind:9 RMSE(val)=5608.706100
[GA][Iter4] Gen:6 Ind:10 RMSE(val)=5647.072657
[GA][Iter4] Gen:6 Ind:11 RMSE(val)=5599.513802
[GA][Iter4] Gen:6 Ind:12 RMSE(val)=5696.015692
[GA][Iter4] Gen:6 Ind:13 RMSE(val)=5219.614277
[GA][Iter4] Gen:6 Ind:14 RMSE(val)=5483.704251
[GA][Iter4] Gen:6 Ind:15 RMSE(val)=5709.565368
[GA][Iter4] Gen:6 Ind:16 RMSE(val)=5992.760803
[GA][Iter4] Gen:6 Ind:17 RMSE(val)=5599.513802
[GA][Iter4] Gen:6 Ind:18 RMSE(val)=5599.513802
[GA][Iter4] Gen:6 Ind:19 RMSE(val)=4553.594452
[GA][Iter4] Gen:6 Ind:20 RMSE(val)=5351.817564
[GA][Iter4] gen=6 best_val_rmse=3726.852582
[GA][Iter4] Gen:7 Ind:1 RMSE(val)=3726.852582
[GA][Iter4] Gen:7 Ind:2 RMSE(val)=4553.594452
[GA][Iter4] Gen:7 Ind:3 RMSE(val)=5219.614277
[GA][Iter4] Gen:7 Ind:4 RMSE(val)=5351.817564
[GA][Iter4] Gen:7 Ind:5 RMSE(val)=5351.817564
[GA][Iter4] Gen:7 Ind:6 RMSE(val)=5367.567717
[GA][Iter4] Gen:7 Ind:7 RMSE(val)=5463.013373
[GA][Iter4] Gen:7 Ind:8 RMSE(val)=5483.704251
[GA][Iter4] Gen:7 Ind:9 RMSE(val)=5578.619488
[GA][Iter4] Gen:7 Ind:10 RMSE(val)=5597.195146
[GA][Iter4] Gen:7 Ind:11 RMSE(val)=5694.025474
[GA][Iter4] Gen:7 Ind:12 RMSE(val)=5240.980467
[GA][Iter4] Gen:7 Ind:13 RMSE(val)=5245.433568
[GA][Iter4] Gen:7 Ind:14 RMSE(val)=5758.630231
[GA][Iter4] Gen:7 Ind:15 RMSE(val)=5694.214394
[GA][Iter4] Gen:7 Ind:16 RMSE(val)=5883.331618
[GA][Iter4] Gen:7 Ind:17 RMSE(val)=5351.817564
[GA][Iter4] Gen:7 Ind:18 RMSE(val)=5582.405268
[GA][Iter4] Gen:7 Ind:19 RMSE(val)=5404.277093
[GA][Iter4] Gen:7 Ind:20 RMSE(val)=5418.447160
[GA][Iter4] gen=7 best_val_rmse=3726.852582
[GA][Iter4] Gen:8 Ind:1 RMSE(val)=3726.852582
[GA][Iter4] Gen:8 Ind:2 RMSE(val)=4553.594452
[GA][Iter4] Gen:8 Ind:3 RMSE(val)=5219.614277
[GA][Iter4] Gen:8 Ind:4 RMSE(val)=5240.980467
[GA][Iter4] Gen:8 Ind:5 RMSE(val)=5245.433568
[GA][Iter4] Gen:8 Ind:6 RMSE(val)=5351.817564
[GA][Iter4] Gen:8 Ind:7 RMSE(val)=5351.817564
[GA][Iter4] Gen:8 Ind:8 RMSE(val)=5351.817564
[GA][Iter4] Gen:8 Ind:9 RMSE(val)=5367.567717
[GA][Iter4] Gen:8 Ind:10 RMSE(val)=5404.277093
[GA][Iter4] Gen:8 Ind:11 RMSE(val)=3726.852582
[GA][Iter4] Gen:8 Ind:12 RMSE(val)=5142.783688
[GA][Iter4] Gen:8 Ind:13 RMSE(val)=5219.614277
[GA][Iter4] Gen:8 Ind:14 RMSE(val)=5245.433568
[GA][Iter4] Gen:8 Ind:15 RMSE(val)=5825.950245
[GA][Iter4] Gen:8 Ind:16 RMSE(val)=5352.161561
[GA][Iter4] Gen:8 Ind:17 RMSE(val)=4553.594452
[GA][Iter4] Gen:8 Ind:18 RMSE(val)=5393.595226
[GA][Iter4] Gen:8 Ind:19 RMSE(val)=5504.517650
[GA][Iter4] Gen:8 Ind:20 RMSE(val)=5943.050114
[GA][Iter4] gen=8 best_val_rmse=3726.852582
[GA][Iter4] Gen:9 Ind:1 RMSE(val)=3726.852582
[GA][Iter4] Gen:9 Ind:2 RMSE(val)=3726.852582
[GA][Iter4] Gen:9 Ind:3 RMSE(val)=4553.594452
[GA][Iter4] Gen:9 Ind:4 RMSE(val)=4553.594452
[GA][Iter4] Gen:9 Ind:5 RMSE(val)=5142.783688
[GA][Iter4] Gen:9 Ind:6 RMSE(val)=5219.614277
[GA][Iter4] Gen:9 Ind:7 RMSE(val)=5219.614277
[GA][Iter4] Gen:9 Ind:8 RMSE(val)=5240.980467
[GA][Iter4] Gen:9 Ind:9 RMSE(val)=5245.433568
[GA][Iter4] Gen:9 Ind:10 RMSE(val)=5245.433568
[GA][Iter4] Gen:9 Ind:11 RMSE(val)=3820.610185
[GA][Iter4] Gen:9 Ind:12 RMSE(val)=5219.614277
[GA][Iter4] Gen:9 Ind:13 RMSE(val)=5057.503607
[GA][Iter4] Gen:9 Ind:14 RMSE(val)=5521.288216
[GA][Iter4] Gen:9 Ind:15 RMSE(val)=4542.616035
[GA][Iter4] Gen:9 Ind:16 RMSE(val)=3796.597628
[GA][Iter4] Gen:9 Ind:17 RMSE(val)=6032.782856
[GA][Iter4] Gen:9 Ind:18 RMSE(val)=4677.164930
[GA][Iter4] Gen:9 Ind:19 RMSE(val)=5447.326483
[GA][Iter4] Gen:9 Ind:20 RMSE(val)=5442.536556
[GA][Iter4] gen=9 best_val_rmse=3726.852582
[GA][Iter4] Gen:10 Ind:1 RMSE(val)=3726.852582
[GA][Iter4] Gen:10 Ind:2 RMSE(val)=3726.852582
[GA][Iter4] Gen:10 Ind:3 RMSE(val)=3796.597628
[GA][Iter4] Gen:10 Ind:4 RMSE(val)=3820.610185
[GA][Iter4] Gen:10 Ind:5 RMSE(val)=4542.616035
[GA][Iter4] Gen:10 Ind:6 RMSE(val)=4553.594452
[GA][Iter4] Gen:10 Ind:7 RMSE(val)=4553.594452
[GA][Iter4] Gen:10 Ind:8 RMSE(val)=4677.164930
[GA][Iter4] Gen:10 Ind:9 RMSE(val)=5057.503607
[GA][Iter4] Gen:10 Ind:10 RMSE(val)=5142.783688
[GA][Iter4] Gen:10 Ind:11 RMSE(val)=4628.556401
[GA][Iter4] Gen:10 Ind:12 RMSE(val)=3975.471877
[GA][Iter4] Gen:10 Ind:13 RMSE(val)=3995.043876
[GA][Iter4] Gen:10 Ind:14 RMSE(val)=3796.597628
[GA][Iter4] Gen:10 Ind:15 RMSE(val)=4542.616035
[GA][Iter4] Gen:10 Ind:16 RMSE(val)=3643.669766
[GA][Iter4] Gen:10 Ind:17 RMSE(val)=5671.506100
[GA][Iter4] Gen:10 Ind:18 RMSE(val)=4867.477926
[GA][Iter4] Gen:10 Ind:19 RMSE(val)=4553.594452
[GA][Iter4] Gen:10 Ind:20 RMSE(val)=3726.852582
[GA][Iter4] gen=10 best_val_rmse=3643.669766
[GA][Iter4] Gen:11 Ind:1 RMSE(val)=3643.669766
[GA][Iter4] Gen:11 Ind:2 RMSE(val)=3726.852582
[GA][Iter4] Gen:11 Ind:3 RMSE(val)=3726.852582
[GA][Iter4] Gen:11 Ind:4 RMSE(val)=3726.852582
[GA][Iter4] Gen:11 Ind:5 RMSE(val)=3796.597628
[GA][Iter4] Gen:11 Ind:6 RMSE(val)=3796.597628
[GA][Iter4] Gen:11 Ind:7 RMSE(val)=3820.610185
[GA][Iter4] Gen:11 Ind:8 RMSE(val)=3975.471877
[GA][Iter4] Gen:11 Ind:9 RMSE(val)=3995.043876
[GA][Iter4] Gen:11 Ind:10 RMSE(val)=4542.616035
[GA][Iter4] Gen:11 Ind:11 RMSE(val)=4727.430627
[GA][Iter4] Gen:11 Ind:12 RMSE(val)=3919.204136
[GA][Iter4] Gen:11 Ind:13 RMSE(val)=4277.801450
[GA][Iter4] Gen:11 Ind:14 RMSE(val)=4205.601113
[GA][Iter4] Gen:11 Ind:15 RMSE(val)=4849.615337
[GA][Iter4] Gen:11 Ind:16 RMSE(val)=3455.515058
[GA][Iter4] Gen:11 Ind:17 RMSE(val)=3726.852582
[GA][Iter4] Gen:11 Ind:18 RMSE(val)=3796.597628
[GA][Iter4] Gen:11 Ind:19 RMSE(val)=3766.228556
[GA][Iter4] Gen:11 Ind:20 RMSE(val)=3675.175092
[GA][Iter4] gen=11 best_val_rmse=3455.515058
[GA][Iter4] Gen:12 Ind:1 RMSE(val)=3455.515058
[GA][Iter4] Gen:12 Ind:2 RMSE(val)=3643.669766
[GA][Iter4] Gen:12 Ind:3 RMSE(val)=3675.175092
[GA][Iter4] Gen:12 Ind:4 RMSE(val)=3726.852582
[GA][Iter4] Gen:12 Ind:5 RMSE(val)=3726.852582
[GA][Iter4] Gen:12 Ind:6 RMSE(val)=3726.852582
[GA][Iter4] Gen:12 Ind:7 RMSE(val)=3726.852582
[GA][Iter4] Gen:12 Ind:8 RMSE(val)=3766.228556
[GA][Iter4] Gen:12 Ind:9 RMSE(val)=3796.597628
[GA][Iter4] Gen:12 Ind:10 RMSE(val)=3796.597628
[GA][Iter4] Gen:12 Ind:11 RMSE(val)=3512.841600
[GA][Iter4] Gen:12 Ind:12 RMSE(val)=3586.413977
[GA][Iter4] Gen:12 Ind:13 RMSE(val)=3415.604453
[GA][Iter4] Gen:12 Ind:14 RMSE(val)=3702.521102
[GA][Iter4] Gen:12 Ind:15 RMSE(val)=3775.643551
[GA][Iter4] Gen:12 Ind:16 RMSE(val)=3796.597628
[GA][Iter4] Gen:12 Ind:17 RMSE(val)=3675.175092
[GA][Iter4] Gen:12 Ind:18 RMSE(val)=3796.597628
[GA][Iter4] Gen:12 Ind:19 RMSE(val)=3977.293906
[GA][Iter4] Gen:12 Ind:20 RMSE(val)=3926.709577
[GA][Iter4] gen=12 best_val_rmse=3415.604453
[GA][Iter4] Gen:13 Ind:1 RMSE(val)=3415.604453
[GA][Iter4] Gen:13 Ind:2 RMSE(val)=3455.515058
[GA][Iter4] Gen:13 Ind:3 RMSE(val)=3512.841600
[GA][Iter4] Gen:13 Ind:4 RMSE(val)=3586.413977
[GA][Iter4] Gen:13 Ind:5 RMSE(val)=3643.669766
[GA][Iter4] Gen:13 Ind:6 RMSE(val)=3675.175092
[GA][Iter4] Gen:13 Ind:7 RMSE(val)=3675.175092
[GA][Iter4] Gen:13 Ind:8 RMSE(val)=3702.521102
[GA][Iter4] Gen:13 Ind:9 RMSE(val)=3726.852582
[GA][Iter4] Gen:13 Ind:10 RMSE(val)=3726.852582
[GA][Iter4] Gen:13 Ind:11 RMSE(val)=3726.852582
[GA][Iter4] Gen:13 Ind:12 RMSE(val)=3549.424143
[GA][Iter4] Gen:13 Ind:13 RMSE(val)=3726.852582
[GA][Iter4] Gen:13 Ind:14 RMSE(val)=3557.878997
[GA][Iter4] Gen:13 Ind:15 RMSE(val)=3675.175092
[GA][Iter4] Gen:13 Ind:16 RMSE(val)=5820.304417
[GA][Iter4] Gen:13 Ind:17 RMSE(val)=3455.515058
[GA][Iter4] Gen:13 Ind:18 RMSE(val)=5598.864973
[GA][Iter4] Gen:13 Ind:19 RMSE(val)=3714.195417
[GA][Iter4] Gen:13 Ind:20 RMSE(val)=3675.175092
[GA][Iter4] gen=13 best_val_rmse=3415.604453
[GA][Iter4] Gen:14 Ind:1 RMSE(val)=3415.604453
[GA][Iter4] Gen:14 Ind:2 RMSE(val)=3455.515058
[GA][Iter4] Gen:14 Ind:3 RMSE(val)=3455.515058
[GA][Iter4] Gen:14 Ind:4 RMSE(val)=3512.841600
[GA][Iter4] Gen:14 Ind:5 RMSE(val)=3549.424143
[GA][Iter4] Gen:14 Ind:6 RMSE(val)=3557.878997
[GA][Iter4] Gen:14 Ind:7 RMSE(val)=3586.413977
[GA][Iter4] Gen:14 Ind:8 RMSE(val)=3643.669766
[GA][Iter4] Gen:14 Ind:9 RMSE(val)=3675.175092
[GA][Iter4] Gen:14 Ind:10 RMSE(val)=3675.175092
[GA][Iter4] Gen:14 Ind:11 RMSE(val)=3726.852582
[GA][Iter4] Gen:14 Ind:12 RMSE(val)=3745.880059
[GA][Iter4] Gen:14 Ind:13 RMSE(val)=4675.119411
[GA][Iter4] Gen:14 Ind:14 RMSE(val)=3595.107487
[GA][Iter4] Gen:14 Ind:15 RMSE(val)=3455.515058
[GA][Iter4] Gen:14 Ind:16 RMSE(val)=3549.424143
[GA][Iter4] Gen:14 Ind:17 RMSE(val)=3759.331320
[GA][Iter4] Gen:14 Ind:18 RMSE(val)=3697.619181
[GA][Iter4] Gen:14 Ind:19 RMSE(val)=3512.841600
[GA][Iter4] Gen:14 Ind:20 RMSE(val)=4206.742960
[GA][Iter4] gen=14 best_val_rmse=3415.604453
[GA][Iter4] Gen:15 Ind:1 RMSE(val)=3415.604453
[GA][Iter4] Gen:15 Ind:2 RMSE(val)=3455.515058
[GA][Iter4] Gen:15 Ind:3 RMSE(val)=3455.515058
[GA][Iter4] Gen:15 Ind:4 RMSE(val)=3455.515058
[GA][Iter4] Gen:15 Ind:5 RMSE(val)=3512.841600
[GA][Iter4] Gen:15 Ind:6 RMSE(val)=3512.841600
[GA][Iter4] Gen:15 Ind:7 RMSE(val)=3549.424143
[GA][Iter4] Gen:15 Ind:8 RMSE(val)=3549.424143
[GA][Iter4] Gen:15 Ind:9 RMSE(val)=3557.878997
[GA][Iter4] Gen:15 Ind:10 RMSE(val)=3586.413977
[GA][Iter4] Gen:15 Ind:11 RMSE(val)=3512.841600
[GA][Iter4] Gen:15 Ind:12 RMSE(val)=3455.515058
[GA][Iter4] Gen:15 Ind:13 RMSE(val)=3525.465239
[GA][Iter4] Gen:15 Ind:14 RMSE(val)=3557.878997
[GA][Iter4] Gen:15 Ind:15 RMSE(val)=3726.852582
[GA][Iter4] Gen:15 Ind:16 RMSE(val)=3432.523388
[GA][Iter4] Gen:15 Ind:17 RMSE(val)=3512.841600
[GA][Iter4] Gen:15 Ind:18 RMSE(val)=3455.515058
[GA][Iter4] Gen:15 Ind:19 RMSE(val)=3549.424143
[GA][Iter4] Gen:15 Ind:20 RMSE(val)=3512.841600
[GA][Iter4] gen=15 best_val_rmse=3415.604453
[GA][Iter4] Gen:15 Ind:1 RMSE(val)=3415.604453
[GA][Iter4] Gen:15 Ind:2 RMSE(val)=3432.523388
[GA][Iter4] Gen:15 Ind:3 RMSE(val)=3455.515058
[GA][Iter4] Gen:15 Ind:4 RMSE(val)=3455.515058
[GA][Iter4] Gen:15 Ind:5 RMSE(val)=3455.515058
[GA][Iter4] Gen:15 Ind:6 RMSE(val)=3455.515058
[GA][Iter4] Gen:15 Ind:7 RMSE(val)=3455.515058
[GA][Iter4] Gen:15 Ind:8 RMSE(val)=3512.841600
[GA][Iter4] Gen:15 Ind:9 RMSE(val)=3512.841600
[GA][Iter4] Gen:15 Ind:10 RMSE(val)=3512.841600
[GA][Iter4] Gen:15 Ind:11 RMSE(val)=3432.523388
[GA][Iter4] Gen:15 Ind:12 RMSE(val)=3512.841600
[GA][Iter4] Gen:15 Ind:13 RMSE(val)=3415.604453
[GA][Iter4] Gen:15 Ind:14 RMSE(val)=3512.841600
[GA][Iter4] Gen:15 Ind:15 RMSE(val)=3455.515058
[GA][Iter4] Gen:15 Ind:16 RMSE(val)=3455.515058
[GA][Iter4] Gen:15 Ind:17 RMSE(val)=3455.515058
[GA][Iter4] Gen:15 Ind:18 RMSE(val)=3455.515058
[GA][Iter4] Gen:15 Ind:19 RMSE(val)=3455.515058
[GA][Iter4] Gen:15 Ind:20 RMSE(val)=3512.841600

[GA DONE][Iter4] Best params on val fold of Iter4
Best val RMSE: 3415.604453
Best params: {'n_estimators': 1115, 'learning_rate': 0.006761030673746093, 'num_leaves': 34, 'max_depth': 3, 'min_child_samples': 8, 'subsample': 0.7901129512394925, 'colsample_bytree': 0.8962670978670704, 'reg_lambda': 0.5195805653503169, 'reg_alpha': 3.314572159123175}
--------------------------------------------------------------------------------
[RETUNE GA] Iter4: train folds 1..8 -> test fold 9  RMSE=109601.122114  NRMSE=0.991438  CVRMSE=4.843044  R2=0.008196
[GA][Iter5] Gen:1 Ind:1 RMSE(val)=110302.043961
[GA][Iter5] Gen:1 Ind:2 RMSE(val)=112299.668433
[GA][Iter5] Gen:1 Ind:3 RMSE(val)=112301.695124
[GA][Iter5] Gen:1 Ind:4 RMSE(val)=112301.462771
[GA][Iter5] Gen:1 Ind:5 RMSE(val)=112290.997915
[GA][Iter5] Gen:1 Ind:6 RMSE(val)=112298.510164
[GA][Iter5] Gen:1 Ind:7 RMSE(val)=112298.317776
[GA][Iter5] Gen:1 Ind:8 RMSE(val)=110443.374210
[GA][Iter5] Gen:1 Ind:9 RMSE(val)=111190.579072
[GA][Iter5] Gen:1 Ind:10 RMSE(val)=111384.158658
[GA][Iter5] Gen:1 Ind:11 RMSE(val)=112298.541544
[GA][Iter5] Gen:1 Ind:12 RMSE(val)=112307.313606
[GA][Iter5] Gen:1 Ind:13 RMSE(val)=112302.045223
[GA][Iter5] Gen:1 Ind:14 RMSE(val)=112294.610891
[GA][Iter5] Gen:1 Ind:15 RMSE(val)=111112.504558
[GA][Iter5] Gen:1 Ind:16 RMSE(val)=110787.207555
[GA][Iter5] Gen:1 Ind:17 RMSE(val)=112300.156707
[GA][Iter5] Gen:1 Ind:18 RMSE(val)=112296.558125
[GA][Iter5] Gen:1 Ind:19 RMSE(val)=112305.938896
[GA][Iter5] Gen:1 Ind:20 RMSE(val)=112296.599876
[GA][Iter5] gen=1 best_val_rmse=110302.043961
[GA][Iter5] Gen:2 Ind:1 RMSE(val)=110302.043961
[GA][Iter5] Gen:2 Ind:2 RMSE(val)=110443.374210
[GA][Iter5] Gen:2 Ind:3 RMSE(val)=110787.207555
[GA][Iter5] Gen:2 Ind:4 RMSE(val)=111112.504558
[GA][Iter5] Gen:2 Ind:5 RMSE(val)=111190.579072
[GA][Iter5] Gen:2 Ind:6 RMSE(val)=111384.158658
[GA][Iter5] Gen:2 Ind:7 RMSE(val)=112290.997915
[GA][Iter5] Gen:2 Ind:8 RMSE(val)=112294.610891
[GA][Iter5] Gen:2 Ind:9 RMSE(val)=112296.558125
[GA][Iter5] Gen:2 Ind:10 RMSE(val)=112296.599876
[GA][Iter5] Gen:2 Ind:11 RMSE(val)=112297.423424
[GA][Iter5] Gen:2 Ind:12 RMSE(val)=112297.612212
[GA][Iter5] Gen:2 Ind:13 RMSE(val)=111302.474689
[GA][Iter5] Gen:2 Ind:14 RMSE(val)=112297.344397
[GA][Iter5] Gen:2 Ind:15 RMSE(val)=110653.001573
[GA][Iter5] Gen:2 Ind:16 RMSE(val)=112294.216797
[GA][Iter5] Gen:2 Ind:17 RMSE(val)=112293.575327
[GA][Iter5] Gen:2 Ind:18 RMSE(val)=112301.449037
[GA][Iter5] Gen:2 Ind:19 RMSE(val)=111246.323730
[GA][Iter5] Gen:2 Ind:20 RMSE(val)=112294.750842
[GA][Iter5] gen=2 best_val_rmse=110302.043961
[GA][Iter5] Gen:3 Ind:1 RMSE(val)=110302.043961
[GA][Iter5] Gen:3 Ind:2 RMSE(val)=110443.374210
[GA][Iter5] Gen:3 Ind:3 RMSE(val)=110653.001573
[GA][Iter5] Gen:3 Ind:4 RMSE(val)=110787.207555
[GA][Iter5] Gen:3 Ind:5 RMSE(val)=111112.504558
[GA][Iter5] Gen:3 Ind:6 RMSE(val)=111190.579072
[GA][Iter5] Gen:3 Ind:7 RMSE(val)=111246.323730
[GA][Iter5] Gen:3 Ind:8 RMSE(val)=111302.474689
[GA][Iter5] Gen:3 Ind:9 RMSE(val)=111384.158658
[GA][Iter5] Gen:3 Ind:10 RMSE(val)=112290.997915
[GA][Iter5] Gen:3 Ind:11 RMSE(val)=112290.793022
[GA][Iter5] Gen:3 Ind:12 RMSE(val)=111225.482977
[GA][Iter5] Gen:3 Ind:13 RMSE(val)=108589.138668
[GA][Iter5] Gen:3 Ind:14 RMSE(val)=111199.992393
[GA][Iter5] Gen:3 Ind:15 RMSE(val)=111161.760219
[GA][Iter5] Gen:3 Ind:16 RMSE(val)=112276.305366
[GA][Iter5] Gen:3 Ind:17 RMSE(val)=110367.361815
[GA][Iter5] Gen:3 Ind:18 RMSE(val)=111288.906764
[GA][Iter5] Gen:3 Ind:19 RMSE(val)=111115.759274
[GA][Iter5] Gen:3 Ind:20 RMSE(val)=110785.416217
[GA][Iter5] gen=3 best_val_rmse=108589.138668
[GA][Iter5] Gen:4 Ind:1 RMSE(val)=108589.138668
[GA][Iter5] Gen:4 Ind:2 RMSE(val)=110302.043961
[GA][Iter5] Gen:4 Ind:3 RMSE(val)=110367.361815
[GA][Iter5] Gen:4 Ind:4 RMSE(val)=110443.374210
[GA][Iter5] Gen:4 Ind:5 RMSE(val)=110653.001573
[GA][Iter5] Gen:4 Ind:6 RMSE(val)=110785.416217
[GA][Iter5] Gen:4 Ind:7 RMSE(val)=110787.207555
[GA][Iter5] Gen:4 Ind:8 RMSE(val)=111112.504558
[GA][Iter5] Gen:4 Ind:9 RMSE(val)=111115.759274
[GA][Iter5] Gen:4 Ind:10 RMSE(val)=111161.760219
[GA][Iter5] Gen:4 Ind:11 RMSE(val)=109909.297346
[GA][Iter5] Gen:4 Ind:12 RMSE(val)=111087.211784
[GA][Iter5] Gen:4 Ind:13 RMSE(val)=110170.083879
[GA][Iter5] Gen:4 Ind:14 RMSE(val)=110542.583046
[GA][Iter5] Gen:4 Ind:15 RMSE(val)=109095.429625
[GA][Iter5] Gen:4 Ind:16 RMSE(val)=111166.054252
[GA][Iter5] Gen:4 Ind:17 RMSE(val)=110795.390910
[GA][Iter5] Gen:4 Ind:18 RMSE(val)=110501.656582
[GA][Iter5] Gen:4 Ind:19 RMSE(val)=110367.361815
[GA][Iter5] Gen:4 Ind:20 RMSE(val)=109128.156063
[GA][Iter5] gen=4 best_val_rmse=108589.138668
[GA][Iter5] Gen:5 Ind:1 RMSE(val)=108589.138668
[GA][Iter5] Gen:5 Ind:2 RMSE(val)=109095.429625
[GA][Iter5] Gen:5 Ind:3 RMSE(val)=109128.156063
[GA][Iter5] Gen:5 Ind:4 RMSE(val)=109909.297346
[GA][Iter5] Gen:5 Ind:5 RMSE(val)=110170.083879
[GA][Iter5] Gen:5 Ind:6 RMSE(val)=110302.043961
[GA][Iter5] Gen:5 Ind:7 RMSE(val)=110367.361815
[GA][Iter5] Gen:5 Ind:8 RMSE(val)=110367.361815
[GA][Iter5] Gen:5 Ind:9 RMSE(val)=110443.374210
[GA][Iter5] Gen:5 Ind:10 RMSE(val)=110501.656582
[GA][Iter5] Gen:5 Ind:11 RMSE(val)=108454.236752
[GA][Iter5] Gen:5 Ind:12 RMSE(val)=108729.447900
[GA][Iter5] Gen:5 Ind:13 RMSE(val)=109261.826599
[GA][Iter5] Gen:5 Ind:14 RMSE(val)=110417.693561
[GA][Iter5] Gen:5 Ind:15 RMSE(val)=110410.766708
[GA][Iter5] Gen:5 Ind:16 RMSE(val)=110336.289431
[GA][Iter5] Gen:5 Ind:17 RMSE(val)=109721.366763
[GA][Iter5] Gen:5 Ind:18 RMSE(val)=109379.284020
[GA][Iter5] Gen:5 Ind:19 RMSE(val)=108589.138668
[GA][Iter5] Gen:5 Ind:20 RMSE(val)=110367.361815
[GA][Iter5] gen=5 best_val_rmse=108454.236752
[GA][Iter5] Gen:6 Ind:1 RMSE(val)=108454.236752
[GA][Iter5] Gen:6 Ind:2 RMSE(val)=108589.138668
[GA][Iter5] Gen:6 Ind:3 RMSE(val)=108589.138668
[GA][Iter5] Gen:6 Ind:4 RMSE(val)=108729.447900
[GA][Iter5] Gen:6 Ind:5 RMSE(val)=109095.429625
[GA][Iter5] Gen:6 Ind:6 RMSE(val)=109128.156063
[GA][Iter5] Gen:6 Ind:7 RMSE(val)=109261.826599
[GA][Iter5] Gen:6 Ind:8 RMSE(val)=109379.284020
[GA][Iter5] Gen:6 Ind:9 RMSE(val)=109721.366763
[GA][Iter5] Gen:6 Ind:10 RMSE(val)=109909.297346
[GA][Iter5] Gen:6 Ind:11 RMSE(val)=109095.429625
[GA][Iter5] Gen:6 Ind:12 RMSE(val)=108589.138668
[GA][Iter5] Gen:6 Ind:13 RMSE(val)=108726.802756
[GA][Iter5] Gen:6 Ind:14 RMSE(val)=108454.236752
[GA][Iter5] Gen:6 Ind:15 RMSE(val)=108757.979934
[GA][Iter5] Gen:6 Ind:16 RMSE(val)=109398.598739
[GA][Iter5] Gen:6 Ind:17 RMSE(val)=109447.128363
[GA][Iter5] Gen:6 Ind:18 RMSE(val)=108254.419091
[GA][Iter5] Gen:6 Ind:19 RMSE(val)=108725.630570
[GA][Iter5] Gen:6 Ind:20 RMSE(val)=110029.928018
[GA][Iter5] gen=6 best_val_rmse=108254.419091
[GA][Iter5] Gen:7 Ind:1 RMSE(val)=108254.419091
[GA][Iter5] Gen:7 Ind:2 RMSE(val)=108454.236752
[GA][Iter5] Gen:7 Ind:3 RMSE(val)=108454.236752
[GA][Iter5] Gen:7 Ind:4 RMSE(val)=108589.138668
[GA][Iter5] Gen:7 Ind:5 RMSE(val)=108589.138668
[GA][Iter5] Gen:7 Ind:6 RMSE(val)=108589.138668
[GA][Iter5] Gen:7 Ind:7 RMSE(val)=108725.630570
[GA][Iter5] Gen:7 Ind:8 RMSE(val)=108726.802756
[GA][Iter5] Gen:7 Ind:9 RMSE(val)=108729.447900
[GA][Iter5] Gen:7 Ind:10 RMSE(val)=108757.979934
[GA][Iter5] Gen:7 Ind:11 RMSE(val)=108725.630570
[GA][Iter5] Gen:7 Ind:12 RMSE(val)=108436.642674
[GA][Iter5] Gen:7 Ind:13 RMSE(val)=108757.979934
[GA][Iter5] Gen:7 Ind:14 RMSE(val)=109022.554359
[GA][Iter5] Gen:7 Ind:15 RMSE(val)=108454.236752
[GA][Iter5] Gen:7 Ind:16 RMSE(val)=108589.138668
[GA][Iter5] Gen:7 Ind:17 RMSE(val)=108589.138668
[GA][Iter5] Gen:7 Ind:18 RMSE(val)=107785.856167
[GA][Iter5] Gen:7 Ind:19 RMSE(val)=108589.138668
[GA][Iter5] Gen:7 Ind:20 RMSE(val)=108454.236752
[GA][Iter5] gen=7 best_val_rmse=107785.856167
[GA][Iter5] Gen:8 Ind:1 RMSE(val)=107785.856167
[GA][Iter5] Gen:8 Ind:2 RMSE(val)=108254.419091
[GA][Iter5] Gen:8 Ind:3 RMSE(val)=108436.642674
[GA][Iter5] Gen:8 Ind:4 RMSE(val)=108454.236752
[GA][Iter5] Gen:8 Ind:5 RMSE(val)=108454.236752
[GA][Iter5] Gen:8 Ind:6 RMSE(val)=108454.236752
[GA][Iter5] Gen:8 Ind:7 RMSE(val)=108454.236752
[GA][Iter5] Gen:8 Ind:8 RMSE(val)=108589.138668
[GA][Iter5] Gen:8 Ind:9 RMSE(val)=108589.138668
[GA][Iter5] Gen:8 Ind:10 RMSE(val)=108589.138668
[GA][Iter5] Gen:8 Ind:11 RMSE(val)=108826.018801
[GA][Iter5] Gen:8 Ind:12 RMSE(val)=108436.642674
[GA][Iter5] Gen:8 Ind:13 RMSE(val)=108589.138668
[GA][Iter5] Gen:8 Ind:14 RMSE(val)=108454.236752
[GA][Iter5] Gen:8 Ind:15 RMSE(val)=108254.419091
[GA][Iter5] Gen:8 Ind:16 RMSE(val)=108729.447900
[GA][Iter5] Gen:8 Ind:17 RMSE(val)=108993.412105
[GA][Iter5] Gen:8 Ind:18 RMSE(val)=108581.772242
[GA][Iter5] Gen:8 Ind:19 RMSE(val)=107785.856167
[GA][Iter5] Gen:8 Ind:20 RMSE(val)=109141.885571
[GA][Iter5] gen=8 best_val_rmse=107785.856167
[GA][Iter5] Gen:9 Ind:1 RMSE(val)=107785.856167
[GA][Iter5] Gen:9 Ind:2 RMSE(val)=107785.856167
[GA][Iter5] Gen:9 Ind:3 RMSE(val)=108254.419091
[GA][Iter5] Gen:9 Ind:4 RMSE(val)=108254.419091
[GA][Iter5] Gen:9 Ind:5 RMSE(val)=108436.642674
[GA][Iter5] Gen:9 Ind:6 RMSE(val)=108436.642674
[GA][Iter5] Gen:9 Ind:7 RMSE(val)=108454.236752
[GA][Iter5] Gen:9 Ind:8 RMSE(val)=108454.236752
[GA][Iter5] Gen:9 Ind:9 RMSE(val)=108454.236752
[GA][Iter5] Gen:9 Ind:10 RMSE(val)=108454.236752
[GA][Iter5] Gen:9 Ind:11 RMSE(val)=108454.236752
[GA][Iter5] Gen:9 Ind:12 RMSE(val)=108390.231823
[GA][Iter5] Gen:9 Ind:13 RMSE(val)=108824.196795
[GA][Iter5] Gen:9 Ind:14 RMSE(val)=108726.509524
[GA][Iter5] Gen:9 Ind:15 RMSE(val)=108589.138668
[GA][Iter5] Gen:9 Ind:16 RMSE(val)=108454.236752
[GA][Iter5] Gen:9 Ind:17 RMSE(val)=108909.100906
[GA][Iter5] Gen:9 Ind:18 RMSE(val)=108436.642674
[GA][Iter5] Gen:9 Ind:19 RMSE(val)=108608.274771
[GA][Iter5] Gen:9 Ind:20 RMSE(val)=108460.536922
[GA][Iter5] gen=9 best_val_rmse=107785.856167
[GA][Iter5] Gen:10 Ind:1 RMSE(val)=107785.856167
[GA][Iter5] Gen:10 Ind:2 RMSE(val)=107785.856167
[GA][Iter5] Gen:10 Ind:3 RMSE(val)=108254.419091
[GA][Iter5] Gen:10 Ind:4 RMSE(val)=108254.419091
[GA][Iter5] Gen:10 Ind:5 RMSE(val)=108390.231823
[GA][Iter5] Gen:10 Ind:6 RMSE(val)=108436.642674
[GA][Iter5] Gen:10 Ind:7 RMSE(val)=108436.642674
[GA][Iter5] Gen:10 Ind:8 RMSE(val)=108436.642674
[GA][Iter5] Gen:10 Ind:9 RMSE(val)=108454.236752
[GA][Iter5] Gen:10 Ind:10 RMSE(val)=108454.236752
[GA][Iter5] Gen:10 Ind:11 RMSE(val)=109288.339295
[GA][Iter5] Gen:10 Ind:12 RMSE(val)=109387.943964
[GA][Iter5] Gen:10 Ind:13 RMSE(val)=108254.419091
[GA][Iter5] Gen:10 Ind:14 RMSE(val)=108390.231823
[GA][Iter5] Gen:10 Ind:15 RMSE(val)=108254.419091
[GA][Iter5] Gen:10 Ind:16 RMSE(val)=108725.630570
[GA][Iter5] Gen:10 Ind:17 RMSE(val)=108406.818986
[GA][Iter5] Gen:10 Ind:18 RMSE(val)=108436.642674
[GA][Iter5] Gen:10 Ind:19 RMSE(val)=107785.856167
[GA][Iter5] Gen:10 Ind:20 RMSE(val)=108447.488880
[GA][Iter5] gen=10 best_val_rmse=107785.856167
[GA][Iter5] Gen:11 Ind:1 RMSE(val)=107785.856167
[GA][Iter5] Gen:11 Ind:2 RMSE(val)=107785.856167
[GA][Iter5] Gen:11 Ind:3 RMSE(val)=107785.856167
[GA][Iter5] Gen:11 Ind:4 RMSE(val)=108254.419091
[GA][Iter5] Gen:11 Ind:5 RMSE(val)=108254.419091
[GA][Iter5] Gen:11 Ind:6 RMSE(val)=108254.419091
[GA][Iter5] Gen:11 Ind:7 RMSE(val)=108254.419091
[GA][Iter5] Gen:11 Ind:8 RMSE(val)=108390.231823
[GA][Iter5] Gen:11 Ind:9 RMSE(val)=108390.231823
[GA][Iter5] Gen:11 Ind:10 RMSE(val)=108406.818986
[GA][Iter5] Gen:11 Ind:11 RMSE(val)=108403.686394
[GA][Iter5] Gen:11 Ind:12 RMSE(val)=108291.816677
[GA][Iter5] Gen:11 Ind:13 RMSE(val)=108663.684564
[GA][Iter5] Gen:11 Ind:14 RMSE(val)=108406.818986
[GA][Iter5] Gen:11 Ind:15 RMSE(val)=108447.488880
[GA][Iter5] Gen:11 Ind:16 RMSE(val)=108418.723249
[GA][Iter5] Gen:11 Ind:17 RMSE(val)=108460.803059
[GA][Iter5] Gen:11 Ind:18 RMSE(val)=108492.042008
[GA][Iter5] Gen:11 Ind:19 RMSE(val)=108779.279739
[GA][Iter5] Gen:11 Ind:20 RMSE(val)=108677.689693
[GA][Iter5] gen=11 best_val_rmse=107785.856167
[GA][Iter5] Gen:12 Ind:1 RMSE(val)=107785.856167
[GA][Iter5] Gen:12 Ind:2 RMSE(val)=107785.856167
[GA][Iter5] Gen:12 Ind:3 RMSE(val)=107785.856167
[GA][Iter5] Gen:12 Ind:4 RMSE(val)=108254.419091
[GA][Iter5] Gen:12 Ind:5 RMSE(val)=108254.419091
[GA][Iter5] Gen:12 Ind:6 RMSE(val)=108254.419091
[GA][Iter5] Gen:12 Ind:7 RMSE(val)=108254.419091
[GA][Iter5] Gen:12 Ind:8 RMSE(val)=108291.816677
[GA][Iter5] Gen:12 Ind:9 RMSE(val)=108390.231823
[GA][Iter5] Gen:12 Ind:10 RMSE(val)=108390.231823
[GA][Iter5] Gen:12 Ind:11 RMSE(val)=109416.025565
[GA][Iter5] Gen:12 Ind:12 RMSE(val)=108352.090040
[GA][Iter5] Gen:12 Ind:13 RMSE(val)=107785.856167
[GA][Iter5] Gen:12 Ind:14 RMSE(val)=108249.718776
[GA][Iter5] Gen:12 Ind:15 RMSE(val)=108447.488880
[GA][Iter5] Gen:12 Ind:16 RMSE(val)=108645.149345
[GA][Iter5] Gen:12 Ind:17 RMSE(val)=108480.436065
[GA][Iter5] Gen:12 Ind:18 RMSE(val)=107785.856167
[GA][Iter5] Gen:12 Ind:19 RMSE(val)=108254.419091
[GA][Iter5] Gen:12 Ind:20 RMSE(val)=108254.419091
[GA][Iter5] gen=12 best_val_rmse=107785.856167
[GA][Iter5] Gen:13 Ind:1 RMSE(val)=107785.856167
[GA][Iter5] Gen:13 Ind:2 RMSE(val)=107785.856167
[GA][Iter5] Gen:13 Ind:3 RMSE(val)=107785.856167
[GA][Iter5] Gen:13 Ind:4 RMSE(val)=107785.856167
[GA][Iter5] Gen:13 Ind:5 RMSE(val)=107785.856167
[GA][Iter5] Gen:13 Ind:6 RMSE(val)=108249.718776
[GA][Iter5] Gen:13 Ind:7 RMSE(val)=108254.419091
[GA][Iter5] Gen:13 Ind:8 RMSE(val)=108254.419091
[GA][Iter5] Gen:13 Ind:9 RMSE(val)=108254.419091
[GA][Iter5] Gen:13 Ind:10 RMSE(val)=108254.419091
[GA][Iter5] Gen:13 Ind:11 RMSE(val)=108428.083472
[GA][Iter5] Gen:13 Ind:12 RMSE(val)=107785.856167
[GA][Iter5] Gen:13 Ind:13 RMSE(val)=107785.856167
[GA][Iter5] Gen:13 Ind:14 RMSE(val)=108249.718776
[GA][Iter5] Gen:13 Ind:15 RMSE(val)=110564.603011
[GA][Iter5] Gen:13 Ind:16 RMSE(val)=108020.632383
[GA][Iter5] Gen:13 Ind:17 RMSE(val)=110440.850218
[GA][Iter5] Gen:13 Ind:18 RMSE(val)=108589.138668
[GA][Iter5] Gen:13 Ind:19 RMSE(val)=108249.718776
[GA][Iter5] Gen:13 Ind:20 RMSE(val)=108254.419091
[GA][Iter5] gen=13 best_val_rmse=107785.856167
[GA][Iter5] Gen:14 Ind:1 RMSE(val)=107785.856167
[GA][Iter5] Gen:14 Ind:2 RMSE(val)=107785.856167
[GA][Iter5] Gen:14 Ind:3 RMSE(val)=107785.856167
[GA][Iter5] Gen:14 Ind:4 RMSE(val)=107785.856167
[GA][Iter5] Gen:14 Ind:5 RMSE(val)=107785.856167
[GA][Iter5] Gen:14 Ind:6 RMSE(val)=107785.856167
[GA][Iter5] Gen:14 Ind:7 RMSE(val)=107785.856167
[GA][Iter5] Gen:14 Ind:8 RMSE(val)=108020.632383
[GA][Iter5] Gen:14 Ind:9 RMSE(val)=108249.718776
[GA][Iter5] Gen:14 Ind:10 RMSE(val)=108249.718776
[GA][Iter5] Gen:14 Ind:11 RMSE(val)=108020.632383
[GA][Iter5] Gen:14 Ind:12 RMSE(val)=108625.400948
[GA][Iter5] Gen:14 Ind:13 RMSE(val)=107381.239738
[GA][Iter5] Gen:14 Ind:14 RMSE(val)=107785.856167
[GA][Iter5] Gen:14 Ind:15 RMSE(val)=108428.083472
[GA][Iter5] Gen:14 Ind:16 RMSE(val)=107381.239738
[GA][Iter5] Gen:14 Ind:17 RMSE(val)=108454.236752
[GA][Iter5] Gen:14 Ind:18 RMSE(val)=107632.748185
[GA][Iter5] Gen:14 Ind:19 RMSE(val)=107868.165674
[GA][Iter5] Gen:14 Ind:20 RMSE(val)=107785.856167
[GA][Iter5] gen=14 best_val_rmse=107381.239738
[GA][Iter5] Gen:15 Ind:1 RMSE(val)=107381.239738
[GA][Iter5] Gen:15 Ind:2 RMSE(val)=107381.239738
[GA][Iter5] Gen:15 Ind:3 RMSE(val)=107632.748185
[GA][Iter5] Gen:15 Ind:4 RMSE(val)=107785.856167
[GA][Iter5] Gen:15 Ind:5 RMSE(val)=107785.856167
[GA][Iter5] Gen:15 Ind:6 RMSE(val)=107785.856167
[GA][Iter5] Gen:15 Ind:7 RMSE(val)=107785.856167
[GA][Iter5] Gen:15 Ind:8 RMSE(val)=107785.856167
[GA][Iter5] Gen:15 Ind:9 RMSE(val)=107785.856167
[GA][Iter5] Gen:15 Ind:10 RMSE(val)=107785.856167
[GA][Iter5] Gen:15 Ind:11 RMSE(val)=107785.856167
[GA][Iter5] Gen:15 Ind:12 RMSE(val)=107785.856167
[GA][Iter5] Gen:15 Ind:13 RMSE(val)=107785.856167
[GA][Iter5] Gen:15 Ind:14 RMSE(val)=107785.856167
[GA][Iter5] Gen:15 Ind:15 RMSE(val)=108340.440184
[GA][Iter5] Gen:15 Ind:16 RMSE(val)=108020.665166
[GA][Iter5] Gen:15 Ind:17 RMSE(val)=107632.748185
[GA][Iter5] Gen:15 Ind:18 RMSE(val)=107785.856167
[GA][Iter5] Gen:15 Ind:19 RMSE(val)=107785.856167
[GA][Iter5] Gen:15 Ind:20 RMSE(val)=107296.574234
[GA][Iter5] gen=15 best_val_rmse=107296.574234
[GA][Iter5] Gen:15 Ind:1 RMSE(val)=107296.574234
[GA][Iter5] Gen:15 Ind:2 RMSE(val)=107381.239738
[GA][Iter5] Gen:15 Ind:3 RMSE(val)=107381.239738
[GA][Iter5] Gen:15 Ind:4 RMSE(val)=107632.748185
[GA][Iter5] Gen:15 Ind:5 RMSE(val)=107632.748185
[GA][Iter5] Gen:15 Ind:6 RMSE(val)=107785.856167
[GA][Iter5] Gen:15 Ind:7 RMSE(val)=107785.856167
[GA][Iter5] Gen:15 Ind:8 RMSE(val)=107785.856167
[GA][Iter5] Gen:15 Ind:9 RMSE(val)=107785.856167
[GA][Iter5] Gen:15 Ind:10 RMSE(val)=107785.856167
[GA][Iter5] Gen:15 Ind:11 RMSE(val)=107785.856167
[GA][Iter5] Gen:15 Ind:12 RMSE(val)=107868.165674
[GA][Iter5] Gen:15 Ind:13 RMSE(val)=107785.856167
[GA][Iter5] Gen:15 Ind:14 RMSE(val)=108339.928896
[GA][Iter5] Gen:15 Ind:15 RMSE(val)=107785.856167
[GA][Iter5] Gen:15 Ind:16 RMSE(val)=107785.856167
[GA][Iter5] Gen:15 Ind:17 RMSE(val)=107381.239738
[GA][Iter5] Gen:15 Ind:18 RMSE(val)=107296.574234
[GA][Iter5] Gen:15 Ind:19 RMSE(val)=107578.276918
[GA][Iter5] Gen:15 Ind:20 RMSE(val)=107785.856167

[GA DONE][Iter5] Best params on val fold of Iter5
Best val RMSE: 107296.574234
Best params: {'n_estimators': 1051, 'learning_rate': 0.13281667331226746, 'num_leaves': 70, 'max_depth': 10, 'min_child_samples': 14, 'subsample': 0.7901129512394925, 'colsample_bytree': 0.8579841398900033, 'reg_lambda': 0.5195805653503169, 'reg_alpha': 0.07381827474625785}
--------------------------------------------------------------------------------
[RETUNE GA] Iter5: train folds 1..9 -> test fold 10  RMSE=111184.924800  NRMSE=0.967251  CVRMSE=8.885623  R2=0.055996
