=== BASELINE (project=rustlang, last-7 mean, expanding folds) ===
Iter1: train folds 1..5 -> test fold 6  RMSE=165.1339  NRMSE=0.9747  CVRMSE=0.3044  R˛=0.0480
Iter2: train folds 1..6 -> test fold 7  RMSE=100.8597  NRMSE=1.0164  CVRMSE=0.2396  R˛=-0.0352
Iter3: train folds 1..7 -> test fold 8  RMSE=123.2993  NRMSE=1.0237  CVRMSE=0.2797  R˛=-0.0502
Iter4: train folds 1..8 -> test fold 9  RMSE=120.3522  NRMSE=1.0423  CVRMSE=0.2567  R˛=-0.0887
Iter5: train folds 1..9 -> test fold 10  RMSE=99.4205  NRMSE=1.0406  CVRMSE=0.2131  R˛=-0.0852
--------------------------------------------------
[FEATURES] initial=137 kept_after_screening=73
['workflow_event_trigger', 'issuer_name', 'gh_files_added', 'gh_files_deleted', 'gh_files_modified', 'gh_lines_deleted', 'gh_test_churn', 'gh_is_pr', 'gh_description_complexity', 'gh_doc_files', 'total_jobs', 'gh_team_size_last_3_month', 'gh_num_pr_comments', 'docker_compose_changed', 'hour', 'dow', 'month', 'secs_since_prev', 'duration_lag_1', 'duration_lag_3', 'duration_lag_4', 'duration_lag_5', 'duration_lag_6', 'duration_lag_7', 'window_avg_7', 'window_std_7', 'ft___Dockerfile__', 'ft___css_', 'ft___hbs__', 'ft___j2__', 'ft___json5_', 'ft___lock_', 'ft___md_', 'ft___patch_', 'ft___rs_', 'ft___snap__', 'ft___snap___', 'ft___sql_', 'ft___toml_', 'ft___toml__', 'ft___ts_', 'ft___ts__', 'ft___txt__', 'ft___yaml_', 'ft___yaml__', 'ft___yml_', 'ft___yml__', 'ft____Dockerfile_', 'ft____Dockerfile__', 'ft____css__', 'ft____hbs_', 'ft____hbs__', 'ft____html__', 'ft____js__', 'ft____json__', 'ft____json5__', 'ft____lock__', 'ft____md__', 'ft____patch_', 'ft____pem_', 'ft____rs_', 'ft____rs__', 'ft____rs____dup1', 'ft____snap_', 'ft____snap__', 'ft____sql_', 'ft____sql__', 'ft____toml__', 'ft____ts_', 'ft____ts__', 'ft____yaml__', 'ft____yml__', 'ft___']
--------------------------------------------------------------------------------
[GA][Iter1] Gen:1 Ind:1 RMSE(val)=105.865802
[GA][Iter1] Gen:1 Ind:2 RMSE(val)=135.174476
[GA][Iter1] Gen:1 Ind:3 RMSE(val)=138.939952
[GA][Iter1] Gen:1 Ind:4 RMSE(val)=136.755590
[GA][Iter1] Gen:1 Ind:5 RMSE(val)=134.083752
[GA][Iter1] Gen:1 Ind:6 RMSE(val)=126.391145
[GA][Iter1] Gen:1 Ind:7 RMSE(val)=133.963462
[GA][Iter1] Gen:1 Ind:8 RMSE(val)=112.783648
[GA][Iter1] Gen:1 Ind:9 RMSE(val)=126.314658
[GA][Iter1] Gen:1 Ind:10 RMSE(val)=126.960341
[GA][Iter1] Gen:1 Ind:11 RMSE(val)=133.012321
[GA][Iter1] Gen:1 Ind:12 RMSE(val)=135.177085
[GA][Iter1] Gen:1 Ind:13 RMSE(val)=135.198387
[GA][Iter1] Gen:1 Ind:14 RMSE(val)=140.930711
[GA][Iter1] Gen:1 Ind:15 RMSE(val)=113.567814
[GA][Iter1] Gen:1 Ind:16 RMSE(val)=117.660353
[GA][Iter1] Gen:1 Ind:17 RMSE(val)=137.935911
[GA][Iter1] Gen:1 Ind:18 RMSE(val)=131.718409
[GA][Iter1] Gen:1 Ind:19 RMSE(val)=133.352946
[GA][Iter1] Gen:1 Ind:20 RMSE(val)=137.779267
[GA][Iter1] gen=1 best_val_rmse=105.865802
[GA][Iter1] Gen:2 Ind:1 RMSE(val)=105.865802
[GA][Iter1] Gen:2 Ind:2 RMSE(val)=112.783648
[GA][Iter1] Gen:2 Ind:3 RMSE(val)=113.567814
[GA][Iter1] Gen:2 Ind:4 RMSE(val)=117.660353
[GA][Iter1] Gen:2 Ind:5 RMSE(val)=126.314658
[GA][Iter1] Gen:2 Ind:6 RMSE(val)=126.391145
[GA][Iter1] Gen:2 Ind:7 RMSE(val)=126.960341
[GA][Iter1] Gen:2 Ind:8 RMSE(val)=131.718409
[GA][Iter1] Gen:2 Ind:9 RMSE(val)=133.012321
[GA][Iter1] Gen:2 Ind:10 RMSE(val)=133.352946
[GA][Iter1] Gen:2 Ind:11 RMSE(val)=131.807745
[GA][Iter1] Gen:2 Ind:12 RMSE(val)=131.950177
[GA][Iter1] Gen:2 Ind:13 RMSE(val)=112.846137
[GA][Iter1] Gen:2 Ind:14 RMSE(val)=132.713843
[GA][Iter1] Gen:2 Ind:15 RMSE(val)=107.940791
[GA][Iter1] Gen:2 Ind:16 RMSE(val)=122.775831
[GA][Iter1] Gen:2 Ind:17 RMSE(val)=134.503592
[GA][Iter1] Gen:2 Ind:18 RMSE(val)=132.815363
[GA][Iter1] Gen:2 Ind:19 RMSE(val)=112.777665
[GA][Iter1] Gen:2 Ind:20 RMSE(val)=131.929830
[GA][Iter1] gen=2 best_val_rmse=105.865802
[GA][Iter1] Gen:3 Ind:1 RMSE(val)=105.865802
[GA][Iter1] Gen:3 Ind:2 RMSE(val)=107.940791
[GA][Iter1] Gen:3 Ind:3 RMSE(val)=112.777665
[GA][Iter1] Gen:3 Ind:4 RMSE(val)=112.783648
[GA][Iter1] Gen:3 Ind:5 RMSE(val)=112.846137
[GA][Iter1] Gen:3 Ind:6 RMSE(val)=113.567814
[GA][Iter1] Gen:3 Ind:7 RMSE(val)=117.660353
[GA][Iter1] Gen:3 Ind:8 RMSE(val)=122.775831
[GA][Iter1] Gen:3 Ind:9 RMSE(val)=126.314658
[GA][Iter1] Gen:3 Ind:10 RMSE(val)=126.391145
[GA][Iter1] Gen:3 Ind:11 RMSE(val)=111.947235
[GA][Iter1] Gen:3 Ind:12 RMSE(val)=125.052258
[GA][Iter1] Gen:3 Ind:13 RMSE(val)=113.828870
[GA][Iter1] Gen:3 Ind:14 RMSE(val)=107.747433
[GA][Iter1] Gen:3 Ind:15 RMSE(val)=113.288017
[GA][Iter1] Gen:3 Ind:16 RMSE(val)=104.920175
[GA][Iter1] Gen:3 Ind:17 RMSE(val)=129.260932
[GA][Iter1] Gen:3 Ind:18 RMSE(val)=117.660353
[GA][Iter1] Gen:3 Ind:19 RMSE(val)=111.894133
[GA][Iter1] Gen:3 Ind:20 RMSE(val)=112.466172
[GA][Iter1] gen=3 best_val_rmse=104.920175
[GA][Iter1] Gen:4 Ind:1 RMSE(val)=104.920175
[GA][Iter1] Gen:4 Ind:2 RMSE(val)=105.865802
[GA][Iter1] Gen:4 Ind:3 RMSE(val)=107.747433
[GA][Iter1] Gen:4 Ind:4 RMSE(val)=107.940791
[GA][Iter1] Gen:4 Ind:5 RMSE(val)=111.894133
[GA][Iter1] Gen:4 Ind:6 RMSE(val)=111.947235
[GA][Iter1] Gen:4 Ind:7 RMSE(val)=112.466172
[GA][Iter1] Gen:4 Ind:8 RMSE(val)=112.777665
[GA][Iter1] Gen:4 Ind:9 RMSE(val)=112.783648
[GA][Iter1] Gen:4 Ind:10 RMSE(val)=112.846137
[GA][Iter1] Gen:4 Ind:11 RMSE(val)=112.777596
[GA][Iter1] Gen:4 Ind:12 RMSE(val)=102.752228
[GA][Iter1] Gen:4 Ind:13 RMSE(val)=115.279859
[GA][Iter1] Gen:4 Ind:14 RMSE(val)=111.983088
[GA][Iter1] Gen:4 Ind:15 RMSE(val)=102.882322
[GA][Iter1] Gen:4 Ind:16 RMSE(val)=114.111570
[GA][Iter1] Gen:4 Ind:17 RMSE(val)=110.148281
[GA][Iter1] Gen:4 Ind:18 RMSE(val)=105.019541
[GA][Iter1] Gen:4 Ind:19 RMSE(val)=106.293688
[GA][Iter1] Gen:4 Ind:20 RMSE(val)=107.747433
[GA][Iter1] gen=4 best_val_rmse=102.752228
[GA][Iter1] Gen:5 Ind:1 RMSE(val)=102.752228
[GA][Iter1] Gen:5 Ind:2 RMSE(val)=102.882322
[GA][Iter1] Gen:5 Ind:3 RMSE(val)=104.920175
[GA][Iter1] Gen:5 Ind:4 RMSE(val)=105.019541
[GA][Iter1] Gen:5 Ind:5 RMSE(val)=105.865802
[GA][Iter1] Gen:5 Ind:6 RMSE(val)=106.293688
[GA][Iter1] Gen:5 Ind:7 RMSE(val)=107.747433
[GA][Iter1] Gen:5 Ind:8 RMSE(val)=107.747433
[GA][Iter1] Gen:5 Ind:9 RMSE(val)=107.940791
[GA][Iter1] Gen:5 Ind:10 RMSE(val)=110.148281
[GA][Iter1] Gen:5 Ind:11 RMSE(val)=109.493133
[GA][Iter1] Gen:5 Ind:12 RMSE(val)=105.204560
[GA][Iter1] Gen:5 Ind:13 RMSE(val)=106.653860
[GA][Iter1] Gen:5 Ind:14 RMSE(val)=101.359451
[GA][Iter1] Gen:5 Ind:15 RMSE(val)=105.137970
[GA][Iter1] Gen:5 Ind:16 RMSE(val)=106.881334
[GA][Iter1] Gen:5 Ind:17 RMSE(val)=105.982781
[GA][Iter1] Gen:5 Ind:18 RMSE(val)=104.434343
[GA][Iter1] Gen:5 Ind:19 RMSE(val)=107.789285
[GA][Iter1] Gen:5 Ind:20 RMSE(val)=102.752228
[GA][Iter1] gen=5 best_val_rmse=101.359451
[GA][Iter1] Gen:6 Ind:1 RMSE(val)=101.359451
[GA][Iter1] Gen:6 Ind:2 RMSE(val)=102.752228
[GA][Iter1] Gen:6 Ind:3 RMSE(val)=102.752228
[GA][Iter1] Gen:6 Ind:4 RMSE(val)=102.882322
[GA][Iter1] Gen:6 Ind:5 RMSE(val)=104.434343
[GA][Iter1] Gen:6 Ind:6 RMSE(val)=104.920175
[GA][Iter1] Gen:6 Ind:7 RMSE(val)=105.019541
[GA][Iter1] Gen:6 Ind:8 RMSE(val)=105.137970
[GA][Iter1] Gen:6 Ind:9 RMSE(val)=105.204560
[GA][Iter1] Gen:6 Ind:10 RMSE(val)=105.865802
[GA][Iter1] Gen:6 Ind:11 RMSE(val)=106.888775
[GA][Iter1] Gen:6 Ind:12 RMSE(val)=100.727650
[GA][Iter1] Gen:6 Ind:13 RMSE(val)=102.850278
[GA][Iter1] Gen:6 Ind:14 RMSE(val)=102.523843
[GA][Iter1] Gen:6 Ind:15 RMSE(val)=103.666282
[GA][Iter1] Gen:6 Ind:16 RMSE(val)=98.598693
[GA][Iter1] Gen:6 Ind:17 RMSE(val)=105.462643
[GA][Iter1] Gen:6 Ind:18 RMSE(val)=104.305403
[GA][Iter1] Gen:6 Ind:19 RMSE(val)=102.868047
[GA][Iter1] Gen:6 Ind:20 RMSE(val)=102.999018
[GA][Iter1] gen=6 best_val_rmse=98.598693
[GA][Iter1] Gen:7 Ind:1 RMSE(val)=98.598693
[GA][Iter1] Gen:7 Ind:2 RMSE(val)=100.727650
[GA][Iter1] Gen:7 Ind:3 RMSE(val)=101.359451
[GA][Iter1] Gen:7 Ind:4 RMSE(val)=102.523843
[GA][Iter1] Gen:7 Ind:5 RMSE(val)=102.752228
[GA][Iter1] Gen:7 Ind:6 RMSE(val)=102.752228
[GA][Iter1] Gen:7 Ind:7 RMSE(val)=102.850278
[GA][Iter1] Gen:7 Ind:8 RMSE(val)=102.868047
[GA][Iter1] Gen:7 Ind:9 RMSE(val)=102.882322
[GA][Iter1] Gen:7 Ind:10 RMSE(val)=102.999018
[GA][Iter1] Gen:7 Ind:11 RMSE(val)=102.868047
[GA][Iter1] Gen:7 Ind:12 RMSE(val)=102.882322
[GA][Iter1] Gen:7 Ind:13 RMSE(val)=103.622200
[GA][Iter1] Gen:7 Ind:14 RMSE(val)=103.083647
[GA][Iter1] Gen:7 Ind:15 RMSE(val)=102.470717
[GA][Iter1] Gen:7 Ind:16 RMSE(val)=103.509223
[GA][Iter1] Gen:7 Ind:17 RMSE(val)=102.752228
[GA][Iter1] Gen:7 Ind:18 RMSE(val)=102.752228
[GA][Iter1] Gen:7 Ind:19 RMSE(val)=101.976863
[GA][Iter1] Gen:7 Ind:20 RMSE(val)=102.868047
[GA][Iter1] gen=7 best_val_rmse=98.598693
[GA][Iter1] Gen:8 Ind:1 RMSE(val)=98.598693
[GA][Iter1] Gen:8 Ind:2 RMSE(val)=100.727650
[GA][Iter1] Gen:8 Ind:3 RMSE(val)=101.359451
[GA][Iter1] Gen:8 Ind:4 RMSE(val)=101.976863
[GA][Iter1] Gen:8 Ind:5 RMSE(val)=102.470717
[GA][Iter1] Gen:8 Ind:6 RMSE(val)=102.523843
[GA][Iter1] Gen:8 Ind:7 RMSE(val)=102.752228
[GA][Iter1] Gen:8 Ind:8 RMSE(val)=102.752228
[GA][Iter1] Gen:8 Ind:9 RMSE(val)=102.752228
[GA][Iter1] Gen:8 Ind:10 RMSE(val)=102.752228
[GA][Iter1] Gen:8 Ind:11 RMSE(val)=99.022769
[GA][Iter1] Gen:8 Ind:12 RMSE(val)=101.541101
[GA][Iter1] Gen:8 Ind:13 RMSE(val)=103.622200
[GA][Iter1] Gen:8 Ind:14 RMSE(val)=102.416135
[GA][Iter1] Gen:8 Ind:15 RMSE(val)=102.752228
[GA][Iter1] Gen:8 Ind:16 RMSE(val)=102.391517
[GA][Iter1] Gen:8 Ind:17 RMSE(val)=99.022769
[GA][Iter1] Gen:8 Ind:18 RMSE(val)=103.283103
[GA][Iter1] Gen:8 Ind:19 RMSE(val)=108.442925
[GA][Iter1] Gen:8 Ind:20 RMSE(val)=102.760226
[GA][Iter1] gen=8 best_val_rmse=98.598693
[GA][Iter1] Gen:9 Ind:1 RMSE(val)=98.598693
[GA][Iter1] Gen:9 Ind:2 RMSE(val)=99.022769
[GA][Iter1] Gen:9 Ind:3 RMSE(val)=99.022769
[GA][Iter1] Gen:9 Ind:4 RMSE(val)=100.727650
[GA][Iter1] Gen:9 Ind:5 RMSE(val)=101.359451
[GA][Iter1] Gen:9 Ind:6 RMSE(val)=101.541101
[GA][Iter1] Gen:9 Ind:7 RMSE(val)=101.976863
[GA][Iter1] Gen:9 Ind:8 RMSE(val)=102.391517
[GA][Iter1] Gen:9 Ind:9 RMSE(val)=102.416135
[GA][Iter1] Gen:9 Ind:10 RMSE(val)=102.470717
[GA][Iter1] Gen:9 Ind:11 RMSE(val)=96.319503
[GA][Iter1] Gen:9 Ind:12 RMSE(val)=101.998023
[GA][Iter1] Gen:9 Ind:13 RMSE(val)=102.752228
[GA][Iter1] Gen:9 Ind:14 RMSE(val)=101.666161
[GA][Iter1] Gen:9 Ind:15 RMSE(val)=99.689756
[GA][Iter1] Gen:9 Ind:16 RMSE(val)=100.504623
[GA][Iter1] Gen:9 Ind:17 RMSE(val)=102.691330
[GA][Iter1] Gen:9 Ind:18 RMSE(val)=96.423572
[GA][Iter1] Gen:9 Ind:19 RMSE(val)=101.984713
[GA][Iter1] Gen:9 Ind:20 RMSE(val)=101.989526
[GA][Iter1] gen=9 best_val_rmse=96.319503
[GA][Iter1] Gen:10 Ind:1 RMSE(val)=96.319503
[GA][Iter1] Gen:10 Ind:2 RMSE(val)=96.423572
[GA][Iter1] Gen:10 Ind:3 RMSE(val)=98.598693
[GA][Iter1] Gen:10 Ind:4 RMSE(val)=99.022769
[GA][Iter1] Gen:10 Ind:5 RMSE(val)=99.022769
[GA][Iter1] Gen:10 Ind:6 RMSE(val)=99.689756
[GA][Iter1] Gen:10 Ind:7 RMSE(val)=100.504623
[GA][Iter1] Gen:10 Ind:8 RMSE(val)=100.727650
[GA][Iter1] Gen:10 Ind:9 RMSE(val)=101.359451
[GA][Iter1] Gen:10 Ind:10 RMSE(val)=101.541101
[GA][Iter1] Gen:10 Ind:11 RMSE(val)=96.418174
[GA][Iter1] Gen:10 Ind:12 RMSE(val)=99.635496
[GA][Iter1] Gen:10 Ind:13 RMSE(val)=103.111874
[GA][Iter1] Gen:10 Ind:14 RMSE(val)=98.598693
[GA][Iter1] Gen:10 Ind:15 RMSE(val)=99.022769
[GA][Iter1] Gen:10 Ind:16 RMSE(val)=99.022769
[GA][Iter1] Gen:10 Ind:17 RMSE(val)=102.185323
[GA][Iter1] Gen:10 Ind:18 RMSE(val)=96.347255
[GA][Iter1] Gen:10 Ind:19 RMSE(val)=101.515586
[GA][Iter1] Gen:10 Ind:20 RMSE(val)=96.423572
[GA][Iter1] gen=10 best_val_rmse=96.319503
[GA][Iter1] Gen:11 Ind:1 RMSE(val)=96.319503
[GA][Iter1] Gen:11 Ind:2 RMSE(val)=96.347255
[GA][Iter1] Gen:11 Ind:3 RMSE(val)=96.418174
[GA][Iter1] Gen:11 Ind:4 RMSE(val)=96.423572
[GA][Iter1] Gen:11 Ind:5 RMSE(val)=96.423572
[GA][Iter1] Gen:11 Ind:6 RMSE(val)=98.598693
[GA][Iter1] Gen:11 Ind:7 RMSE(val)=98.598693
[GA][Iter1] Gen:11 Ind:8 RMSE(val)=99.022769
[GA][Iter1] Gen:11 Ind:9 RMSE(val)=99.022769
[GA][Iter1] Gen:11 Ind:10 RMSE(val)=99.022769
[GA][Iter1] Gen:11 Ind:11 RMSE(val)=98.598693
[GA][Iter1] Gen:11 Ind:12 RMSE(val)=94.656640
[GA][Iter1] Gen:11 Ind:13 RMSE(val)=98.763446
[GA][Iter1] Gen:11 Ind:14 RMSE(val)=96.229498
[GA][Iter1] Gen:11 Ind:15 RMSE(val)=97.013190
[GA][Iter1] Gen:11 Ind:16 RMSE(val)=96.423572
[GA][Iter1] Gen:11 Ind:17 RMSE(val)=96.532594
[GA][Iter1] Gen:11 Ind:18 RMSE(val)=96.345847
[GA][Iter1] Gen:11 Ind:19 RMSE(val)=98.314207
[GA][Iter1] Gen:11 Ind:20 RMSE(val)=98.126848
[GA][Iter1] gen=11 best_val_rmse=94.656640
[GA][Iter1] Gen:12 Ind:1 RMSE(val)=94.656640
[GA][Iter1] Gen:12 Ind:2 RMSE(val)=96.229498
[GA][Iter1] Gen:12 Ind:3 RMSE(val)=96.319503
[GA][Iter1] Gen:12 Ind:4 RMSE(val)=96.345847
[GA][Iter1] Gen:12 Ind:5 RMSE(val)=96.347255
[GA][Iter1] Gen:12 Ind:6 RMSE(val)=96.418174
[GA][Iter1] Gen:12 Ind:7 RMSE(val)=96.423572
[GA][Iter1] Gen:12 Ind:8 RMSE(val)=96.423572
[GA][Iter1] Gen:12 Ind:9 RMSE(val)=96.423572
[GA][Iter1] Gen:12 Ind:10 RMSE(val)=96.532594
[GA][Iter1] Gen:12 Ind:11 RMSE(val)=101.418243
[GA][Iter1] Gen:12 Ind:12 RMSE(val)=95.834839
[GA][Iter1] Gen:12 Ind:13 RMSE(val)=96.253986
[GA][Iter1] Gen:12 Ind:14 RMSE(val)=95.855400
[GA][Iter1] Gen:12 Ind:15 RMSE(val)=96.341361
[GA][Iter1] Gen:12 Ind:16 RMSE(val)=97.281148
[GA][Iter1] Gen:12 Ind:17 RMSE(val)=96.423572
[GA][Iter1] Gen:12 Ind:18 RMSE(val)=95.633319
[GA][Iter1] Gen:12 Ind:19 RMSE(val)=96.694768
[GA][Iter1] Gen:12 Ind:20 RMSE(val)=96.215699
[GA][Iter1] gen=12 best_val_rmse=94.656640
[GA][Iter1] Gen:13 Ind:1 RMSE(val)=94.656640
[GA][Iter1] Gen:13 Ind:2 RMSE(val)=95.633319
[GA][Iter1] Gen:13 Ind:3 RMSE(val)=95.834839
[GA][Iter1] Gen:13 Ind:4 RMSE(val)=95.855400
[GA][Iter1] Gen:13 Ind:5 RMSE(val)=96.215699
[GA][Iter1] Gen:13 Ind:6 RMSE(val)=96.229498
[GA][Iter1] Gen:13 Ind:7 RMSE(val)=96.253986
[GA][Iter1] Gen:13 Ind:8 RMSE(val)=96.319503
[GA][Iter1] Gen:13 Ind:9 RMSE(val)=96.341361
[GA][Iter1] Gen:13 Ind:10 RMSE(val)=96.345847
[GA][Iter1] Gen:13 Ind:11 RMSE(val)=95.861199
[GA][Iter1] Gen:13 Ind:12 RMSE(val)=96.229498
[GA][Iter1] Gen:13 Ind:13 RMSE(val)=96.858225
[GA][Iter1] Gen:13 Ind:14 RMSE(val)=95.633319
[GA][Iter1] Gen:13 Ind:15 RMSE(val)=96.229498
[GA][Iter1] Gen:13 Ind:16 RMSE(val)=108.928658
[GA][Iter1] Gen:13 Ind:17 RMSE(val)=95.478120
[GA][Iter1] Gen:13 Ind:18 RMSE(val)=102.203586
[GA][Iter1] Gen:13 Ind:19 RMSE(val)=97.094967
[GA][Iter1] Gen:13 Ind:20 RMSE(val)=96.215699
[GA][Iter1] gen=13 best_val_rmse=94.656640
[GA][Iter1] Gen:14 Ind:1 RMSE(val)=94.656640
[GA][Iter1] Gen:14 Ind:2 RMSE(val)=95.478120
[GA][Iter1] Gen:14 Ind:3 RMSE(val)=95.633319
[GA][Iter1] Gen:14 Ind:4 RMSE(val)=95.633319
[GA][Iter1] Gen:14 Ind:5 RMSE(val)=95.834839
[GA][Iter1] Gen:14 Ind:6 RMSE(val)=95.855400
[GA][Iter1] Gen:14 Ind:7 RMSE(val)=95.861199
[GA][Iter1] Gen:14 Ind:8 RMSE(val)=96.215699
[GA][Iter1] Gen:14 Ind:9 RMSE(val)=96.215699
[GA][Iter1] Gen:14 Ind:10 RMSE(val)=96.229498
[GA][Iter1] Gen:14 Ind:11 RMSE(val)=96.486218
[GA][Iter1] Gen:14 Ind:12 RMSE(val)=96.107013
[GA][Iter1] Gen:14 Ind:13 RMSE(val)=96.260028
[GA][Iter1] Gen:14 Ind:14 RMSE(val)=96.236621
[GA][Iter1] Gen:14 Ind:15 RMSE(val)=96.180250
[GA][Iter1] Gen:14 Ind:16 RMSE(val)=96.180250
[GA][Iter1] Gen:14 Ind:17 RMSE(val)=96.229498
[GA][Iter1] Gen:14 Ind:18 RMSE(val)=95.957512
[GA][Iter1] Gen:14 Ind:19 RMSE(val)=95.478120
[GA][Iter1] Gen:14 Ind:20 RMSE(val)=96.180250
[GA][Iter1] gen=14 best_val_rmse=94.656640
[GA][Iter1] Gen:15 Ind:1 RMSE(val)=94.656640
[GA][Iter1] Gen:15 Ind:2 RMSE(val)=95.478120
[GA][Iter1] Gen:15 Ind:3 RMSE(val)=95.478120
[GA][Iter1] Gen:15 Ind:4 RMSE(val)=95.633319
[GA][Iter1] Gen:15 Ind:5 RMSE(val)=95.633319
[GA][Iter1] Gen:15 Ind:6 RMSE(val)=95.834839
[GA][Iter1] Gen:15 Ind:7 RMSE(val)=95.855400
[GA][Iter1] Gen:15 Ind:8 RMSE(val)=95.861199
[GA][Iter1] Gen:15 Ind:9 RMSE(val)=95.957512
[GA][Iter1] Gen:15 Ind:10 RMSE(val)=96.107013
[GA][Iter1] Gen:15 Ind:11 RMSE(val)=95.525201
[GA][Iter1] Gen:15 Ind:12 RMSE(val)=95.633319
[GA][Iter1] Gen:15 Ind:13 RMSE(val)=96.025151
[GA][Iter1] Gen:15 Ind:14 RMSE(val)=95.957512
[GA][Iter1] Gen:15 Ind:15 RMSE(val)=95.546508
[GA][Iter1] Gen:15 Ind:16 RMSE(val)=95.557438
[GA][Iter1] Gen:15 Ind:17 RMSE(val)=95.633319
[GA][Iter1] Gen:15 Ind:18 RMSE(val)=96.245983
[GA][Iter1] Gen:15 Ind:19 RMSE(val)=96.184488
[GA][Iter1] Gen:15 Ind:20 RMSE(val)=95.903258
[GA][Iter1] gen=15 best_val_rmse=94.656640
[GA][Iter1] Gen:15 Ind:1 RMSE(val)=94.656640
[GA][Iter1] Gen:15 Ind:2 RMSE(val)=95.478120
[GA][Iter1] Gen:15 Ind:3 RMSE(val)=95.478120
[GA][Iter1] Gen:15 Ind:4 RMSE(val)=95.525201
[GA][Iter1] Gen:15 Ind:5 RMSE(val)=95.546508
[GA][Iter1] Gen:15 Ind:6 RMSE(val)=95.557438
[GA][Iter1] Gen:15 Ind:7 RMSE(val)=95.633319
[GA][Iter1] Gen:15 Ind:8 RMSE(val)=95.633319
[GA][Iter1] Gen:15 Ind:9 RMSE(val)=95.633319
[GA][Iter1] Gen:15 Ind:10 RMSE(val)=95.633319
[GA][Iter1] Gen:15 Ind:11 RMSE(val)=95.949632
[GA][Iter1] Gen:15 Ind:12 RMSE(val)=95.633319
[GA][Iter1] Gen:15 Ind:13 RMSE(val)=95.346044
[GA][Iter1] Gen:15 Ind:14 RMSE(val)=95.633319
[GA][Iter1] Gen:15 Ind:15 RMSE(val)=95.525201
[GA][Iter1] Gen:15 Ind:16 RMSE(val)=94.942586
[GA][Iter1] Gen:15 Ind:17 RMSE(val)=95.633319
[GA][Iter1] Gen:15 Ind:18 RMSE(val)=95.132578
[GA][Iter1] Gen:15 Ind:19 RMSE(val)=95.456640
[GA][Iter1] Gen:15 Ind:20 RMSE(val)=95.615377

[GA DONE][Iter1] Best params on val fold of Iter1
Best val RMSE: 94.656640
Best params: {'n_estimators': 1115, 'learning_rate': 0.006761030673746093, 'num_leaves': 25, 'max_depth': 7, 'min_child_samples': 10, 'subsample': 0.7901129512394925, 'colsample_bytree': 0.9249657505393343, 'reg_lambda': 0.2726915100588361, 'reg_alpha': 0.04294855244282947}
--------------------------------------------------------------------------------
[RETUNE GA] Iter1: train folds 1..5 -> test fold 6  RMSE=107.537210  NRMSE=0.634736  CVRMSE=0.198225  R2=0.596259
[GA][Iter2] Gen:1 Ind:1 RMSE(val)=105.356642
[GA][Iter2] Gen:1 Ind:2 RMSE(val)=106.790411
[GA][Iter2] Gen:1 Ind:3 RMSE(val)=105.698258
[GA][Iter2] Gen:1 Ind:4 RMSE(val)=102.739546
[GA][Iter2] Gen:1 Ind:5 RMSE(val)=111.413187
[GA][Iter2] Gen:1 Ind:6 RMSE(val)=105.147947
[GA][Iter2] Gen:1 Ind:7 RMSE(val)=107.433076
[GA][Iter2] Gen:1 Ind:8 RMSE(val)=107.825568
[GA][Iter2] Gen:1 Ind:9 RMSE(val)=108.555742
[GA][Iter2] Gen:1 Ind:10 RMSE(val)=105.373594
[GA][Iter2] Gen:1 Ind:11 RMSE(val)=102.806192
[GA][Iter2] Gen:1 Ind:12 RMSE(val)=110.613867
[GA][Iter2] Gen:1 Ind:13 RMSE(val)=103.668558
[GA][Iter2] Gen:1 Ind:14 RMSE(val)=110.521604
[GA][Iter2] Gen:1 Ind:15 RMSE(val)=105.428057
[GA][Iter2] Gen:1 Ind:16 RMSE(val)=106.595009
[GA][Iter2] Gen:1 Ind:17 RMSE(val)=101.496960
[GA][Iter2] Gen:1 Ind:18 RMSE(val)=107.782829
[GA][Iter2] Gen:1 Ind:19 RMSE(val)=105.610587
[GA][Iter2] Gen:1 Ind:20 RMSE(val)=112.454334
[GA][Iter2] gen=1 best_val_rmse=101.496960
[GA][Iter2] Gen:2 Ind:1 RMSE(val)=101.496960
[GA][Iter2] Gen:2 Ind:2 RMSE(val)=102.739546
[GA][Iter2] Gen:2 Ind:3 RMSE(val)=102.806192
[GA][Iter2] Gen:2 Ind:4 RMSE(val)=103.668558
[GA][Iter2] Gen:2 Ind:5 RMSE(val)=105.147947
[GA][Iter2] Gen:2 Ind:6 RMSE(val)=105.356642
[GA][Iter2] Gen:2 Ind:7 RMSE(val)=105.373594
[GA][Iter2] Gen:2 Ind:8 RMSE(val)=105.428057
[GA][Iter2] Gen:2 Ind:9 RMSE(val)=105.610587
[GA][Iter2] Gen:2 Ind:10 RMSE(val)=105.698258
[GA][Iter2] Gen:2 Ind:11 RMSE(val)=105.880228
[GA][Iter2] Gen:2 Ind:12 RMSE(val)=105.389029
[GA][Iter2] Gen:2 Ind:13 RMSE(val)=104.804830
[GA][Iter2] Gen:2 Ind:14 RMSE(val)=106.022106
[GA][Iter2] Gen:2 Ind:15 RMSE(val)=103.548095
[GA][Iter2] Gen:2 Ind:16 RMSE(val)=106.206484
[GA][Iter2] Gen:2 Ind:17 RMSE(val)=103.625422
[GA][Iter2] Gen:2 Ind:18 RMSE(val)=113.230887
[GA][Iter2] Gen:2 Ind:19 RMSE(val)=105.273820
[GA][Iter2] Gen:2 Ind:20 RMSE(val)=106.077907
[GA][Iter2] gen=2 best_val_rmse=101.496960
[GA][Iter2] Gen:3 Ind:1 RMSE(val)=101.496960
[GA][Iter2] Gen:3 Ind:2 RMSE(val)=102.739546
[GA][Iter2] Gen:3 Ind:3 RMSE(val)=102.806192
[GA][Iter2] Gen:3 Ind:4 RMSE(val)=103.548095
[GA][Iter2] Gen:3 Ind:5 RMSE(val)=103.625422
[GA][Iter2] Gen:3 Ind:6 RMSE(val)=103.668558
[GA][Iter2] Gen:3 Ind:7 RMSE(val)=104.804830
[GA][Iter2] Gen:3 Ind:8 RMSE(val)=105.147947
[GA][Iter2] Gen:3 Ind:9 RMSE(val)=105.273820
[GA][Iter2] Gen:3 Ind:10 RMSE(val)=105.356642
[GA][Iter2] Gen:3 Ind:11 RMSE(val)=108.767100
[GA][Iter2] Gen:3 Ind:12 RMSE(val)=109.627502
[GA][Iter2] Gen:3 Ind:13 RMSE(val)=108.215749
[GA][Iter2] Gen:3 Ind:14 RMSE(val)=105.758766
[GA][Iter2] Gen:3 Ind:15 RMSE(val)=104.645072
[GA][Iter2] Gen:3 Ind:16 RMSE(val)=106.135810
[GA][Iter2] Gen:3 Ind:17 RMSE(val)=108.528863
[GA][Iter2] Gen:3 Ind:18 RMSE(val)=107.373215
[GA][Iter2] Gen:3 Ind:19 RMSE(val)=102.636901
[GA][Iter2] Gen:3 Ind:20 RMSE(val)=107.394261
[GA][Iter2] gen=3 best_val_rmse=101.496960
[GA][Iter2] Gen:4 Ind:1 RMSE(val)=101.496960
[GA][Iter2] Gen:4 Ind:2 RMSE(val)=102.636901
[GA][Iter2] Gen:4 Ind:3 RMSE(val)=102.739546
[GA][Iter2] Gen:4 Ind:4 RMSE(val)=102.806192
[GA][Iter2] Gen:4 Ind:5 RMSE(val)=103.548095
[GA][Iter2] Gen:4 Ind:6 RMSE(val)=103.625422
[GA][Iter2] Gen:4 Ind:7 RMSE(val)=103.668558
[GA][Iter2] Gen:4 Ind:8 RMSE(val)=104.645072
[GA][Iter2] Gen:4 Ind:9 RMSE(val)=104.804830
[GA][Iter2] Gen:4 Ind:10 RMSE(val)=105.147947
[GA][Iter2] Gen:4 Ind:11 RMSE(val)=104.869048
[GA][Iter2] Gen:4 Ind:12 RMSE(val)=104.679642
[GA][Iter2] Gen:4 Ind:13 RMSE(val)=103.668558
[GA][Iter2] Gen:4 Ind:14 RMSE(val)=107.246141
[GA][Iter2] Gen:4 Ind:15 RMSE(val)=110.598420
[GA][Iter2] Gen:4 Ind:16 RMSE(val)=100.707003
[GA][Iter2] Gen:4 Ind:17 RMSE(val)=103.118333
[GA][Iter2] Gen:4 Ind:18 RMSE(val)=101.208484
[GA][Iter2] Gen:4 Ind:19 RMSE(val)=103.590170
[GA][Iter2] Gen:4 Ind:20 RMSE(val)=104.351793
[GA][Iter2] gen=4 best_val_rmse=100.707003
[GA][Iter2] Gen:5 Ind:1 RMSE(val)=100.707003
[GA][Iter2] Gen:5 Ind:2 RMSE(val)=101.208484
[GA][Iter2] Gen:5 Ind:3 RMSE(val)=101.496960
[GA][Iter2] Gen:5 Ind:4 RMSE(val)=102.636901
[GA][Iter2] Gen:5 Ind:5 RMSE(val)=102.739546
[GA][Iter2] Gen:5 Ind:6 RMSE(val)=102.806192
[GA][Iter2] Gen:5 Ind:7 RMSE(val)=103.118333
[GA][Iter2] Gen:5 Ind:8 RMSE(val)=103.548095
[GA][Iter2] Gen:5 Ind:9 RMSE(val)=103.590170
[GA][Iter2] Gen:5 Ind:10 RMSE(val)=103.625422
[GA][Iter2] Gen:5 Ind:11 RMSE(val)=104.388917
[GA][Iter2] Gen:5 Ind:12 RMSE(val)=105.960547
[GA][Iter2] Gen:5 Ind:13 RMSE(val)=102.187549
[GA][Iter2] Gen:5 Ind:14 RMSE(val)=100.953359
[GA][Iter2] Gen:5 Ind:15 RMSE(val)=102.780233
[GA][Iter2] Gen:5 Ind:16 RMSE(val)=104.242145
[GA][Iter2] Gen:5 Ind:17 RMSE(val)=102.869256
[GA][Iter2] Gen:5 Ind:18 RMSE(val)=104.420854
[GA][Iter2] Gen:5 Ind:19 RMSE(val)=108.369193
[GA][Iter2] Gen:5 Ind:20 RMSE(val)=98.735605
[GA][Iter2] gen=5 best_val_rmse=98.735605
[GA][Iter2] Gen:6 Ind:1 RMSE(val)=98.735605
[GA][Iter2] Gen:6 Ind:2 RMSE(val)=100.707003
[GA][Iter2] Gen:6 Ind:3 RMSE(val)=100.953359
[GA][Iter2] Gen:6 Ind:4 RMSE(val)=101.208484
[GA][Iter2] Gen:6 Ind:5 RMSE(val)=101.496960
[GA][Iter2] Gen:6 Ind:6 RMSE(val)=102.187549
[GA][Iter2] Gen:6 Ind:7 RMSE(val)=102.636901
[GA][Iter2] Gen:6 Ind:8 RMSE(val)=102.739546
[GA][Iter2] Gen:6 Ind:9 RMSE(val)=102.780233
[GA][Iter2] Gen:6 Ind:10 RMSE(val)=102.806192
[GA][Iter2] Gen:6 Ind:11 RMSE(val)=103.298278
[GA][Iter2] Gen:6 Ind:12 RMSE(val)=102.297400
[GA][Iter2] Gen:6 Ind:13 RMSE(val)=100.946131
[GA][Iter2] Gen:6 Ind:14 RMSE(val)=101.266757
[GA][Iter2] Gen:6 Ind:15 RMSE(val)=101.789042
[GA][Iter2] Gen:6 Ind:16 RMSE(val)=102.130055
[GA][Iter2] Gen:6 Ind:17 RMSE(val)=102.636901
[GA][Iter2] Gen:6 Ind:18 RMSE(val)=100.870775
[GA][Iter2] Gen:6 Ind:19 RMSE(val)=100.564602
[GA][Iter2] Gen:6 Ind:20 RMSE(val)=101.958221
[GA][Iter2] gen=6 best_val_rmse=98.735605
[GA][Iter2] Gen:7 Ind:1 RMSE(val)=98.735605
[GA][Iter2] Gen:7 Ind:2 RMSE(val)=100.564602
[GA][Iter2] Gen:7 Ind:3 RMSE(val)=100.707003
[GA][Iter2] Gen:7 Ind:4 RMSE(val)=100.870775
[GA][Iter2] Gen:7 Ind:5 RMSE(val)=100.946131
[GA][Iter2] Gen:7 Ind:6 RMSE(val)=100.953359
[GA][Iter2] Gen:7 Ind:7 RMSE(val)=101.208484
[GA][Iter2] Gen:7 Ind:8 RMSE(val)=101.266757
[GA][Iter2] Gen:7 Ind:9 RMSE(val)=101.496960
[GA][Iter2] Gen:7 Ind:10 RMSE(val)=101.789042
[GA][Iter2] Gen:7 Ind:11 RMSE(val)=101.392693
[GA][Iter2] Gen:7 Ind:12 RMSE(val)=100.445629
[GA][Iter2] Gen:7 Ind:13 RMSE(val)=101.594903
[GA][Iter2] Gen:7 Ind:14 RMSE(val)=101.741117
[GA][Iter2] Gen:7 Ind:15 RMSE(val)=101.294894
[GA][Iter2] Gen:7 Ind:16 RMSE(val)=101.171502
[GA][Iter2] Gen:7 Ind:17 RMSE(val)=103.139158
[GA][Iter2] Gen:7 Ind:18 RMSE(val)=100.474833
[GA][Iter2] Gen:7 Ind:19 RMSE(val)=101.410066
[GA][Iter2] Gen:7 Ind:20 RMSE(val)=101.392693
[GA][Iter2] gen=7 best_val_rmse=98.735605
[GA][Iter2] Gen:8 Ind:1 RMSE(val)=98.735605
[GA][Iter2] Gen:8 Ind:2 RMSE(val)=100.445629
[GA][Iter2] Gen:8 Ind:3 RMSE(val)=100.474833
[GA][Iter2] Gen:8 Ind:4 RMSE(val)=100.564602
[GA][Iter2] Gen:8 Ind:5 RMSE(val)=100.707003
[GA][Iter2] Gen:8 Ind:6 RMSE(val)=100.870775
[GA][Iter2] Gen:8 Ind:7 RMSE(val)=100.946131
[GA][Iter2] Gen:8 Ind:8 RMSE(val)=100.953359
[GA][Iter2] Gen:8 Ind:9 RMSE(val)=101.171502
[GA][Iter2] Gen:8 Ind:10 RMSE(val)=101.208484
[GA][Iter2] Gen:8 Ind:11 RMSE(val)=98.792463
[GA][Iter2] Gen:8 Ind:12 RMSE(val)=101.391521
[GA][Iter2] Gen:8 Ind:13 RMSE(val)=100.779774
[GA][Iter2] Gen:8 Ind:14 RMSE(val)=100.908183
[GA][Iter2] Gen:8 Ind:15 RMSE(val)=101.400390
[GA][Iter2] Gen:8 Ind:16 RMSE(val)=100.797074
[GA][Iter2] Gen:8 Ind:17 RMSE(val)=101.459743
[GA][Iter2] Gen:8 Ind:18 RMSE(val)=101.060260
[GA][Iter2] Gen:8 Ind:19 RMSE(val)=100.096694
[GA][Iter2] Gen:8 Ind:20 RMSE(val)=100.971436
[GA][Iter2] gen=8 best_val_rmse=98.735605
[GA][Iter2] Gen:9 Ind:1 RMSE(val)=98.735605
[GA][Iter2] Gen:9 Ind:2 RMSE(val)=98.792463
[GA][Iter2] Gen:9 Ind:3 RMSE(val)=100.096694
[GA][Iter2] Gen:9 Ind:4 RMSE(val)=100.445629
[GA][Iter2] Gen:9 Ind:5 RMSE(val)=100.474833
[GA][Iter2] Gen:9 Ind:6 RMSE(val)=100.564602
[GA][Iter2] Gen:9 Ind:7 RMSE(val)=100.707003
[GA][Iter2] Gen:9 Ind:8 RMSE(val)=100.779774
[GA][Iter2] Gen:9 Ind:9 RMSE(val)=100.797074
[GA][Iter2] Gen:9 Ind:10 RMSE(val)=100.870775
[GA][Iter2] Gen:9 Ind:11 RMSE(val)=100.205964
[GA][Iter2] Gen:9 Ind:12 RMSE(val)=99.586498
[GA][Iter2] Gen:9 Ind:13 RMSE(val)=102.285705
[GA][Iter2] Gen:9 Ind:14 RMSE(val)=100.622649
[GA][Iter2] Gen:9 Ind:15 RMSE(val)=100.475250
[GA][Iter2] Gen:9 Ind:16 RMSE(val)=102.172566
[GA][Iter2] Gen:9 Ind:17 RMSE(val)=101.764289
[GA][Iter2] Gen:9 Ind:18 RMSE(val)=99.782861
[GA][Iter2] Gen:9 Ind:19 RMSE(val)=100.347964
[GA][Iter2] Gen:9 Ind:20 RMSE(val)=103.211890
[GA][Iter2] gen=9 best_val_rmse=98.735605
[GA][Iter2] Gen:10 Ind:1 RMSE(val)=98.735605
[GA][Iter2] Gen:10 Ind:2 RMSE(val)=98.792463
[GA][Iter2] Gen:10 Ind:3 RMSE(val)=99.586498
[GA][Iter2] Gen:10 Ind:4 RMSE(val)=99.782861
[GA][Iter2] Gen:10 Ind:5 RMSE(val)=100.096694
[GA][Iter2] Gen:10 Ind:6 RMSE(val)=100.205964
[GA][Iter2] Gen:10 Ind:7 RMSE(val)=100.347964
[GA][Iter2] Gen:10 Ind:8 RMSE(val)=100.445629
[GA][Iter2] Gen:10 Ind:9 RMSE(val)=100.474833
[GA][Iter2] Gen:10 Ind:10 RMSE(val)=100.475250
[GA][Iter2] Gen:10 Ind:11 RMSE(val)=102.407319
[GA][Iter2] Gen:10 Ind:12 RMSE(val)=98.950471
[GA][Iter2] Gen:10 Ind:13 RMSE(val)=100.698761
[GA][Iter2] Gen:10 Ind:14 RMSE(val)=99.941714
[GA][Iter2] Gen:10 Ind:15 RMSE(val)=100.205964
[GA][Iter2] Gen:10 Ind:16 RMSE(val)=99.747100
[GA][Iter2] Gen:10 Ind:17 RMSE(val)=100.475250
[GA][Iter2] Gen:10 Ind:18 RMSE(val)=100.466593
[GA][Iter2] Gen:10 Ind:19 RMSE(val)=99.775043
[GA][Iter2] Gen:10 Ind:20 RMSE(val)=98.792463
[GA][Iter2] gen=10 best_val_rmse=98.735605
[GA][Iter2] Gen:11 Ind:1 RMSE(val)=98.735605
[GA][Iter2] Gen:11 Ind:2 RMSE(val)=98.792463
[GA][Iter2] Gen:11 Ind:3 RMSE(val)=98.792463
[GA][Iter2] Gen:11 Ind:4 RMSE(val)=98.950471
[GA][Iter2] Gen:11 Ind:5 RMSE(val)=99.586498
[GA][Iter2] Gen:11 Ind:6 RMSE(val)=99.747100
[GA][Iter2] Gen:11 Ind:7 RMSE(val)=99.775043
[GA][Iter2] Gen:11 Ind:8 RMSE(val)=99.782861
[GA][Iter2] Gen:11 Ind:9 RMSE(val)=99.941714
[GA][Iter2] Gen:11 Ind:10 RMSE(val)=100.096694
[GA][Iter2] Gen:11 Ind:11 RMSE(val)=99.746595
[GA][Iter2] Gen:11 Ind:12 RMSE(val)=99.644797
[GA][Iter2] Gen:11 Ind:13 RMSE(val)=102.246925
[GA][Iter2] Gen:11 Ind:14 RMSE(val)=99.782861
[GA][Iter2] Gen:11 Ind:15 RMSE(val)=100.541837
[GA][Iter2] Gen:11 Ind:16 RMSE(val)=99.782861
[GA][Iter2] Gen:11 Ind:17 RMSE(val)=99.228461
[GA][Iter2] Gen:11 Ind:18 RMSE(val)=99.972393
[GA][Iter2] Gen:11 Ind:19 RMSE(val)=99.857582
[GA][Iter2] Gen:11 Ind:20 RMSE(val)=102.963371
[GA][Iter2] gen=11 best_val_rmse=98.735605
[GA][Iter2] Gen:12 Ind:1 RMSE(val)=98.735605
[GA][Iter2] Gen:12 Ind:2 RMSE(val)=98.792463
[GA][Iter2] Gen:12 Ind:3 RMSE(val)=98.792463
[GA][Iter2] Gen:12 Ind:4 RMSE(val)=98.950471
[GA][Iter2] Gen:12 Ind:5 RMSE(val)=99.228461
[GA][Iter2] Gen:12 Ind:6 RMSE(val)=99.586498
[GA][Iter2] Gen:12 Ind:7 RMSE(val)=99.644797
[GA][Iter2] Gen:12 Ind:8 RMSE(val)=99.746595
[GA][Iter2] Gen:12 Ind:9 RMSE(val)=99.747100
[GA][Iter2] Gen:12 Ind:10 RMSE(val)=99.775043
[GA][Iter2] Gen:12 Ind:11 RMSE(val)=102.823912
[GA][Iter2] Gen:12 Ind:12 RMSE(val)=99.874567
[GA][Iter2] Gen:12 Ind:13 RMSE(val)=101.019565
[GA][Iter2] Gen:12 Ind:14 RMSE(val)=99.747100
[GA][Iter2] Gen:12 Ind:15 RMSE(val)=101.588400
[GA][Iter2] Gen:12 Ind:16 RMSE(val)=101.498213
[GA][Iter2] Gen:12 Ind:17 RMSE(val)=99.644797
[GA][Iter2] Gen:12 Ind:18 RMSE(val)=99.746595
[GA][Iter2] Gen:12 Ind:19 RMSE(val)=98.792463
[GA][Iter2] Gen:12 Ind:20 RMSE(val)=99.747100
[GA][Iter2] gen=12 best_val_rmse=98.735605
[GA][Iter2] Gen:13 Ind:1 RMSE(val)=98.735605
[GA][Iter2] Gen:13 Ind:2 RMSE(val)=98.792463
[GA][Iter2] Gen:13 Ind:3 RMSE(val)=98.792463
[GA][Iter2] Gen:13 Ind:4 RMSE(val)=98.792463
[GA][Iter2] Gen:13 Ind:5 RMSE(val)=98.950471
[GA][Iter2] Gen:13 Ind:6 RMSE(val)=99.228461
[GA][Iter2] Gen:13 Ind:7 RMSE(val)=99.586498
[GA][Iter2] Gen:13 Ind:8 RMSE(val)=99.644797
[GA][Iter2] Gen:13 Ind:9 RMSE(val)=99.644797
[GA][Iter2] Gen:13 Ind:10 RMSE(val)=99.746595
[GA][Iter2] Gen:13 Ind:11 RMSE(val)=101.696783
[GA][Iter2] Gen:13 Ind:12 RMSE(val)=99.669464
[GA][Iter2] Gen:13 Ind:13 RMSE(val)=98.792463
[GA][Iter2] Gen:13 Ind:14 RMSE(val)=103.096311
[GA][Iter2] Gen:13 Ind:15 RMSE(val)=99.605823
[GA][Iter2] Gen:13 Ind:16 RMSE(val)=102.341523
[GA][Iter2] Gen:13 Ind:17 RMSE(val)=98.792463
[GA][Iter2] Gen:13 Ind:18 RMSE(val)=103.546857
[GA][Iter2] Gen:13 Ind:19 RMSE(val)=101.560872
[GA][Iter2] Gen:13 Ind:20 RMSE(val)=99.228461
[GA][Iter2] gen=13 best_val_rmse=98.735605
[GA][Iter2] Gen:14 Ind:1 RMSE(val)=98.735605
[GA][Iter2] Gen:14 Ind:2 RMSE(val)=98.792463
[GA][Iter2] Gen:14 Ind:3 RMSE(val)=98.792463
[GA][Iter2] Gen:14 Ind:4 RMSE(val)=98.792463
[GA][Iter2] Gen:14 Ind:5 RMSE(val)=98.792463
[GA][Iter2] Gen:14 Ind:6 RMSE(val)=98.792463
[GA][Iter2] Gen:14 Ind:7 RMSE(val)=98.950471
[GA][Iter2] Gen:14 Ind:8 RMSE(val)=99.228461
[GA][Iter2] Gen:14 Ind:9 RMSE(val)=99.228461
[GA][Iter2] Gen:14 Ind:10 RMSE(val)=99.586498
[GA][Iter2] Gen:14 Ind:11 RMSE(val)=98.950471
[GA][Iter2] Gen:14 Ind:12 RMSE(val)=99.228461
[GA][Iter2] Gen:14 Ind:13 RMSE(val)=99.698753
[GA][Iter2] Gen:14 Ind:14 RMSE(val)=99.605823
[GA][Iter2] Gen:14 Ind:15 RMSE(val)=98.792463
[GA][Iter2] Gen:14 Ind:16 RMSE(val)=100.402161
[GA][Iter2] Gen:14 Ind:17 RMSE(val)=99.747100
[GA][Iter2] Gen:14 Ind:18 RMSE(val)=101.560872
[GA][Iter2] Gen:14 Ind:19 RMSE(val)=99.157616
[GA][Iter2] Gen:14 Ind:20 RMSE(val)=99.669464
[GA][Iter2] gen=14 best_val_rmse=98.735605
[GA][Iter2] Gen:15 Ind:1 RMSE(val)=98.735605
[GA][Iter2] Gen:15 Ind:2 RMSE(val)=98.792463
[GA][Iter2] Gen:15 Ind:3 RMSE(val)=98.792463
[GA][Iter2] Gen:15 Ind:4 RMSE(val)=98.792463
[GA][Iter2] Gen:15 Ind:5 RMSE(val)=98.792463
[GA][Iter2] Gen:15 Ind:6 RMSE(val)=98.792463
[GA][Iter2] Gen:15 Ind:7 RMSE(val)=98.792463
[GA][Iter2] Gen:15 Ind:8 RMSE(val)=98.950471
[GA][Iter2] Gen:15 Ind:9 RMSE(val)=98.950471
[GA][Iter2] Gen:15 Ind:10 RMSE(val)=99.157616
[GA][Iter2] Gen:15 Ind:11 RMSE(val)=99.361556
[GA][Iter2] Gen:15 Ind:12 RMSE(val)=98.792463
[GA][Iter2] Gen:15 Ind:13 RMSE(val)=100.627022
[GA][Iter2] Gen:15 Ind:14 RMSE(val)=103.976645
[GA][Iter2] Gen:15 Ind:15 RMSE(val)=101.789042
[GA][Iter2] Gen:15 Ind:16 RMSE(val)=99.013060
[GA][Iter2] Gen:15 Ind:17 RMSE(val)=98.792463
[GA][Iter2] Gen:15 Ind:18 RMSE(val)=98.792463
[GA][Iter2] Gen:15 Ind:19 RMSE(val)=99.157616
[GA][Iter2] Gen:15 Ind:20 RMSE(val)=98.792463
[GA][Iter2] gen=15 best_val_rmse=98.735605
[GA][Iter2] Gen:15 Ind:1 RMSE(val)=98.735605
[GA][Iter2] Gen:15 Ind:2 RMSE(val)=98.792463
[GA][Iter2] Gen:15 Ind:3 RMSE(val)=98.792463
[GA][Iter2] Gen:15 Ind:4 RMSE(val)=98.792463
[GA][Iter2] Gen:15 Ind:5 RMSE(val)=98.792463
[GA][Iter2] Gen:15 Ind:6 RMSE(val)=98.792463
[GA][Iter2] Gen:15 Ind:7 RMSE(val)=98.792463
[GA][Iter2] Gen:15 Ind:8 RMSE(val)=98.792463
[GA][Iter2] Gen:15 Ind:9 RMSE(val)=98.792463
[GA][Iter2] Gen:15 Ind:10 RMSE(val)=98.792463
[GA][Iter2] Gen:15 Ind:11 RMSE(val)=98.792463
[GA][Iter2] Gen:15 Ind:12 RMSE(val)=98.792463
[GA][Iter2] Gen:15 Ind:13 RMSE(val)=98.735605
[GA][Iter2] Gen:15 Ind:14 RMSE(val)=98.792463
[GA][Iter2] Gen:15 Ind:15 RMSE(val)=98.792463
[GA][Iter2] Gen:15 Ind:16 RMSE(val)=99.669464
[GA][Iter2] Gen:15 Ind:17 RMSE(val)=98.792463
[GA][Iter2] Gen:15 Ind:18 RMSE(val)=98.792463
[GA][Iter2] Gen:15 Ind:19 RMSE(val)=98.735605
[GA][Iter2] Gen:15 Ind:20 RMSE(val)=99.710070

[GA DONE][Iter2] Best params on val fold of Iter2
Best val RMSE: 98.735605
Best params: {'n_estimators': 671, 'learning_rate': 0.01200463786726299, 'num_leaves': 21, 'max_depth': 8, 'min_child_samples': 51, 'subsample': 0.9047848796208259, 'colsample_bytree': 0.8383553713444513, 'reg_lambda': 0.19378012046545656, 'reg_alpha': 1.0245319894519451}
--------------------------------------------------------------------------------
[RETUNE GA] Iter2: train folds 1..6 -> test fold 7  RMSE=86.221791  NRMSE=0.868860  CVRMSE=0.204791  R2=0.243487
[GA][Iter3] Gen:1 Ind:1 RMSE(val)=91.852739
[GA][Iter3] Gen:1 Ind:2 RMSE(val)=90.132210
[GA][Iter3] Gen:1 Ind:3 RMSE(val)=87.647826
[GA][Iter3] Gen:1 Ind:4 RMSE(val)=89.935310
[GA][Iter3] Gen:1 Ind:5 RMSE(val)=84.736353
[GA][Iter3] Gen:1 Ind:6 RMSE(val)=86.500492
[GA][Iter3] Gen:1 Ind:7 RMSE(val)=94.423177
[GA][Iter3] Gen:1 Ind:8 RMSE(val)=91.231316
[GA][Iter3] Gen:1 Ind:9 RMSE(val)=93.723877
[GA][Iter3] Gen:1 Ind:10 RMSE(val)=84.981068
[GA][Iter3] Gen:1 Ind:11 RMSE(val)=85.640982
[GA][Iter3] Gen:1 Ind:12 RMSE(val)=89.541701
[GA][Iter3] Gen:1 Ind:13 RMSE(val)=85.013525
[GA][Iter3] Gen:1 Ind:14 RMSE(val)=83.056728
[GA][Iter3] Gen:1 Ind:15 RMSE(val)=91.704807
[GA][Iter3] Gen:1 Ind:16 RMSE(val)=101.301224
[GA][Iter3] Gen:1 Ind:17 RMSE(val)=89.022529
[GA][Iter3] Gen:1 Ind:18 RMSE(val)=84.889241
[GA][Iter3] Gen:1 Ind:19 RMSE(val)=119.378558
[GA][Iter3] Gen:1 Ind:20 RMSE(val)=82.886225
[GA][Iter3] gen=1 best_val_rmse=82.886225
[GA][Iter3] Gen:2 Ind:1 RMSE(val)=82.886225
[GA][Iter3] Gen:2 Ind:2 RMSE(val)=83.056728
[GA][Iter3] Gen:2 Ind:3 RMSE(val)=84.736353
[GA][Iter3] Gen:2 Ind:4 RMSE(val)=84.889241
[GA][Iter3] Gen:2 Ind:5 RMSE(val)=84.981068
[GA][Iter3] Gen:2 Ind:6 RMSE(val)=85.013525
[GA][Iter3] Gen:2 Ind:7 RMSE(val)=85.640982
[GA][Iter3] Gen:2 Ind:8 RMSE(val)=86.500492
[GA][Iter3] Gen:2 Ind:9 RMSE(val)=87.647826
[GA][Iter3] Gen:2 Ind:10 RMSE(val)=89.022529
[GA][Iter3] Gen:2 Ind:11 RMSE(val)=84.433364
[GA][Iter3] Gen:2 Ind:12 RMSE(val)=84.733843
[GA][Iter3] Gen:2 Ind:13 RMSE(val)=84.981877
[GA][Iter3] Gen:2 Ind:14 RMSE(val)=84.357393
[GA][Iter3] Gen:2 Ind:15 RMSE(val)=83.940545
[GA][Iter3] Gen:2 Ind:16 RMSE(val)=83.855626
[GA][Iter3] Gen:2 Ind:17 RMSE(val)=87.670704
[GA][Iter3] Gen:2 Ind:18 RMSE(val)=83.568868
[GA][Iter3] Gen:2 Ind:19 RMSE(val)=85.340203
[GA][Iter3] Gen:2 Ind:20 RMSE(val)=84.256618
[GA][Iter3] gen=2 best_val_rmse=82.886225
[GA][Iter3] Gen:3 Ind:1 RMSE(val)=82.886225
[GA][Iter3] Gen:3 Ind:2 RMSE(val)=83.056728
[GA][Iter3] Gen:3 Ind:3 RMSE(val)=83.568868
[GA][Iter3] Gen:3 Ind:4 RMSE(val)=83.855626
[GA][Iter3] Gen:3 Ind:5 RMSE(val)=83.940545
[GA][Iter3] Gen:3 Ind:6 RMSE(val)=84.256618
[GA][Iter3] Gen:3 Ind:7 RMSE(val)=84.357393
[GA][Iter3] Gen:3 Ind:8 RMSE(val)=84.433364
[GA][Iter3] Gen:3 Ind:9 RMSE(val)=84.733843
[GA][Iter3] Gen:3 Ind:10 RMSE(val)=84.736353
[GA][Iter3] Gen:3 Ind:11 RMSE(val)=83.185909
[GA][Iter3] Gen:3 Ind:12 RMSE(val)=86.473259
[GA][Iter3] Gen:3 Ind:13 RMSE(val)=85.270856
[GA][Iter3] Gen:3 Ind:14 RMSE(val)=82.373228
[GA][Iter3] Gen:3 Ind:15 RMSE(val)=82.278667
[GA][Iter3] Gen:3 Ind:16 RMSE(val)=89.914129
[GA][Iter3] Gen:3 Ind:17 RMSE(val)=84.889612
[GA][Iter3] Gen:3 Ind:18 RMSE(val)=83.924491
[GA][Iter3] Gen:3 Ind:19 RMSE(val)=83.087977
[GA][Iter3] Gen:3 Ind:20 RMSE(val)=85.270856
[GA][Iter3] gen=3 best_val_rmse=82.278667
[GA][Iter3] Gen:4 Ind:1 RMSE(val)=82.278667
[GA][Iter3] Gen:4 Ind:2 RMSE(val)=82.373228
[GA][Iter3] Gen:4 Ind:3 RMSE(val)=82.886225
[GA][Iter3] Gen:4 Ind:4 RMSE(val)=83.056728
[GA][Iter3] Gen:4 Ind:5 RMSE(val)=83.087977
[GA][Iter3] Gen:4 Ind:6 RMSE(val)=83.185909
[GA][Iter3] Gen:4 Ind:7 RMSE(val)=83.568868
[GA][Iter3] Gen:4 Ind:8 RMSE(val)=83.855626
[GA][Iter3] Gen:4 Ind:9 RMSE(val)=83.924491
[GA][Iter3] Gen:4 Ind:10 RMSE(val)=83.940545
[GA][Iter3] Gen:4 Ind:11 RMSE(val)=85.906320
[GA][Iter3] Gen:4 Ind:12 RMSE(val)=85.434567
[GA][Iter3] Gen:4 Ind:13 RMSE(val)=86.979034
[GA][Iter3] Gen:4 Ind:14 RMSE(val)=82.817611
[GA][Iter3] Gen:4 Ind:15 RMSE(val)=84.597010
[GA][Iter3] Gen:4 Ind:16 RMSE(val)=87.396184
[GA][Iter3] Gen:4 Ind:17 RMSE(val)=82.383057
[GA][Iter3] Gen:4 Ind:18 RMSE(val)=83.415042
[GA][Iter3] Gen:4 Ind:19 RMSE(val)=81.846919
[GA][Iter3] Gen:4 Ind:20 RMSE(val)=82.886225
[GA][Iter3] gen=4 best_val_rmse=81.846919
[GA][Iter3] Gen:5 Ind:1 RMSE(val)=81.846919
[GA][Iter3] Gen:5 Ind:2 RMSE(val)=82.278667
[GA][Iter3] Gen:5 Ind:3 RMSE(val)=82.373228
[GA][Iter3] Gen:5 Ind:4 RMSE(val)=82.383057
[GA][Iter3] Gen:5 Ind:5 RMSE(val)=82.817611
[GA][Iter3] Gen:5 Ind:6 RMSE(val)=82.886225
[GA][Iter3] Gen:5 Ind:7 RMSE(val)=82.886225
[GA][Iter3] Gen:5 Ind:8 RMSE(val)=83.056728
[GA][Iter3] Gen:5 Ind:9 RMSE(val)=83.087977
[GA][Iter3] Gen:5 Ind:10 RMSE(val)=83.185909
[GA][Iter3] Gen:5 Ind:11 RMSE(val)=83.661289
[GA][Iter3] Gen:5 Ind:12 RMSE(val)=80.148892
[GA][Iter3] Gen:5 Ind:13 RMSE(val)=82.653905
[GA][Iter3] Gen:5 Ind:14 RMSE(val)=82.903164
[GA][Iter3] Gen:5 Ind:15 RMSE(val)=85.591622
[GA][Iter3] Gen:5 Ind:16 RMSE(val)=84.095431
[GA][Iter3] Gen:5 Ind:17 RMSE(val)=83.180034
[GA][Iter3] Gen:5 Ind:18 RMSE(val)=82.524052
[GA][Iter3] Gen:5 Ind:19 RMSE(val)=81.318299
[GA][Iter3] Gen:5 Ind:20 RMSE(val)=82.191426
[GA][Iter3] gen=5 best_val_rmse=80.148892
[GA][Iter3] Gen:6 Ind:1 RMSE(val)=80.148892
[GA][Iter3] Gen:6 Ind:2 RMSE(val)=81.318299
[GA][Iter3] Gen:6 Ind:3 RMSE(val)=81.846919
[GA][Iter3] Gen:6 Ind:4 RMSE(val)=82.191426
[GA][Iter3] Gen:6 Ind:5 RMSE(val)=82.278667
[GA][Iter3] Gen:6 Ind:6 RMSE(val)=82.373228
[GA][Iter3] Gen:6 Ind:7 RMSE(val)=82.383057
[GA][Iter3] Gen:6 Ind:8 RMSE(val)=82.524052
[GA][Iter3] Gen:6 Ind:9 RMSE(val)=82.653905
[GA][Iter3] Gen:6 Ind:10 RMSE(val)=82.817611
[GA][Iter3] Gen:6 Ind:11 RMSE(val)=83.057123
[GA][Iter3] Gen:6 Ind:12 RMSE(val)=82.278667
[GA][Iter3] Gen:6 Ind:13 RMSE(val)=81.318299
[GA][Iter3] Gen:6 Ind:14 RMSE(val)=80.885777
[GA][Iter3] Gen:6 Ind:15 RMSE(val)=80.379975
[GA][Iter3] Gen:6 Ind:16 RMSE(val)=79.644652
[GA][Iter3] Gen:6 Ind:17 RMSE(val)=82.383057
[GA][Iter3] Gen:6 Ind:18 RMSE(val)=81.342164
[GA][Iter3] Gen:6 Ind:19 RMSE(val)=81.248377
[GA][Iter3] Gen:6 Ind:20 RMSE(val)=81.372322
[GA][Iter3] gen=6 best_val_rmse=79.644652
[GA][Iter3] Gen:7 Ind:1 RMSE(val)=79.644652
[GA][Iter3] Gen:7 Ind:2 RMSE(val)=80.148892
[GA][Iter3] Gen:7 Ind:3 RMSE(val)=80.379975
[GA][Iter3] Gen:7 Ind:4 RMSE(val)=80.885777
[GA][Iter3] Gen:7 Ind:5 RMSE(val)=81.248377
[GA][Iter3] Gen:7 Ind:6 RMSE(val)=81.318299
[GA][Iter3] Gen:7 Ind:7 RMSE(val)=81.318299
[GA][Iter3] Gen:7 Ind:8 RMSE(val)=81.342164
[GA][Iter3] Gen:7 Ind:9 RMSE(val)=81.372322
[GA][Iter3] Gen:7 Ind:10 RMSE(val)=81.846919
[GA][Iter3] Gen:7 Ind:11 RMSE(val)=82.670497
[GA][Iter3] Gen:7 Ind:12 RMSE(val)=82.040128
[GA][Iter3] Gen:7 Ind:13 RMSE(val)=81.372322
[GA][Iter3] Gen:7 Ind:14 RMSE(val)=82.696091
[GA][Iter3] Gen:7 Ind:15 RMSE(val)=81.507867
[GA][Iter3] Gen:7 Ind:16 RMSE(val)=80.677196
[GA][Iter3] Gen:7 Ind:17 RMSE(val)=80.503126
[GA][Iter3] Gen:7 Ind:18 RMSE(val)=80.733720
[GA][Iter3] Gen:7 Ind:19 RMSE(val)=82.235920
[GA][Iter3] Gen:7 Ind:20 RMSE(val)=82.909862
[GA][Iter3] gen=7 best_val_rmse=79.644652
[GA][Iter3] Gen:8 Ind:1 RMSE(val)=79.644652
[GA][Iter3] Gen:8 Ind:2 RMSE(val)=80.148892
[GA][Iter3] Gen:8 Ind:3 RMSE(val)=80.379975
[GA][Iter3] Gen:8 Ind:4 RMSE(val)=80.503126
[GA][Iter3] Gen:8 Ind:5 RMSE(val)=80.677196
[GA][Iter3] Gen:8 Ind:6 RMSE(val)=80.733720
[GA][Iter3] Gen:8 Ind:7 RMSE(val)=80.885777
[GA][Iter3] Gen:8 Ind:8 RMSE(val)=81.248377
[GA][Iter3] Gen:8 Ind:9 RMSE(val)=81.318299
[GA][Iter3] Gen:8 Ind:10 RMSE(val)=81.318299
[GA][Iter3] Gen:8 Ind:11 RMSE(val)=81.608875
[GA][Iter3] Gen:8 Ind:12 RMSE(val)=80.902473
[GA][Iter3] Gen:8 Ind:13 RMSE(val)=80.386604
[GA][Iter3] Gen:8 Ind:14 RMSE(val)=80.258328
[GA][Iter3] Gen:8 Ind:15 RMSE(val)=81.318299
[GA][Iter3] Gen:8 Ind:16 RMSE(val)=80.792398
[GA][Iter3] Gen:8 Ind:17 RMSE(val)=80.733197
[GA][Iter3] Gen:8 Ind:18 RMSE(val)=80.561550
[GA][Iter3] Gen:8 Ind:19 RMSE(val)=80.792398
[GA][Iter3] Gen:8 Ind:20 RMSE(val)=80.460948
[GA][Iter3] gen=8 best_val_rmse=79.644652
[GA][Iter3] Gen:9 Ind:1 RMSE(val)=79.644652
[GA][Iter3] Gen:9 Ind:2 RMSE(val)=80.148892
[GA][Iter3] Gen:9 Ind:3 RMSE(val)=80.258328
[GA][Iter3] Gen:9 Ind:4 RMSE(val)=80.379975
[GA][Iter3] Gen:9 Ind:5 RMSE(val)=80.386604
[GA][Iter3] Gen:9 Ind:6 RMSE(val)=80.460948
[GA][Iter3] Gen:9 Ind:7 RMSE(val)=80.503126
[GA][Iter3] Gen:9 Ind:8 RMSE(val)=80.561550
[GA][Iter3] Gen:9 Ind:9 RMSE(val)=80.677196
[GA][Iter3] Gen:9 Ind:10 RMSE(val)=80.733197
[GA][Iter3] Gen:9 Ind:11 RMSE(val)=81.794855
[GA][Iter3] Gen:9 Ind:12 RMSE(val)=80.503126
[GA][Iter3] Gen:9 Ind:13 RMSE(val)=81.150865
[GA][Iter3] Gen:9 Ind:14 RMSE(val)=80.916010
[GA][Iter3] Gen:9 Ind:15 RMSE(val)=80.392513
[GA][Iter3] Gen:9 Ind:16 RMSE(val)=80.148892
[GA][Iter3] Gen:9 Ind:17 RMSE(val)=80.897406
[GA][Iter3] Gen:9 Ind:18 RMSE(val)=80.379975
[GA][Iter3] Gen:9 Ind:19 RMSE(val)=80.775681
[GA][Iter3] Gen:9 Ind:20 RMSE(val)=82.039981
[GA][Iter3] gen=9 best_val_rmse=79.644652
[GA][Iter3] Gen:10 Ind:1 RMSE(val)=79.644652
[GA][Iter3] Gen:10 Ind:2 RMSE(val)=80.148892
[GA][Iter3] Gen:10 Ind:3 RMSE(val)=80.148892
[GA][Iter3] Gen:10 Ind:4 RMSE(val)=80.258328
[GA][Iter3] Gen:10 Ind:5 RMSE(val)=80.379975
[GA][Iter3] Gen:10 Ind:6 RMSE(val)=80.379975
[GA][Iter3] Gen:10 Ind:7 RMSE(val)=80.386604
[GA][Iter3] Gen:10 Ind:8 RMSE(val)=80.392513
[GA][Iter3] Gen:10 Ind:9 RMSE(val)=80.460948
[GA][Iter3] Gen:10 Ind:10 RMSE(val)=80.503126
[GA][Iter3] Gen:10 Ind:11 RMSE(val)=80.055329
[GA][Iter3] Gen:10 Ind:12 RMSE(val)=80.650400
[GA][Iter3] Gen:10 Ind:13 RMSE(val)=82.564880
[GA][Iter3] Gen:10 Ind:14 RMSE(val)=80.792398
[GA][Iter3] Gen:10 Ind:15 RMSE(val)=80.379975
[GA][Iter3] Gen:10 Ind:16 RMSE(val)=80.792398
[GA][Iter3] Gen:10 Ind:17 RMSE(val)=80.118533
[GA][Iter3] Gen:10 Ind:18 RMSE(val)=80.379975
[GA][Iter3] Gen:10 Ind:19 RMSE(val)=80.392513
[GA][Iter3] Gen:10 Ind:20 RMSE(val)=81.027896
[GA][Iter3] gen=10 best_val_rmse=79.644652
[GA][Iter3] Gen:11 Ind:1 RMSE(val)=79.644652
[GA][Iter3] Gen:11 Ind:2 RMSE(val)=80.055329
[GA][Iter3] Gen:11 Ind:3 RMSE(val)=80.118533
[GA][Iter3] Gen:11 Ind:4 RMSE(val)=80.148892
[GA][Iter3] Gen:11 Ind:5 RMSE(val)=80.148892
[GA][Iter3] Gen:11 Ind:6 RMSE(val)=80.258328
[GA][Iter3] Gen:11 Ind:7 RMSE(val)=80.379975
[GA][Iter3] Gen:11 Ind:8 RMSE(val)=80.379975
[GA][Iter3] Gen:11 Ind:9 RMSE(val)=80.379975
[GA][Iter3] Gen:11 Ind:10 RMSE(val)=80.379975
[GA][Iter3] Gen:11 Ind:11 RMSE(val)=80.269785
[GA][Iter3] Gen:11 Ind:12 RMSE(val)=81.176184
[GA][Iter3] Gen:11 Ind:13 RMSE(val)=80.658282
[GA][Iter3] Gen:11 Ind:14 RMSE(val)=81.122947
[GA][Iter3] Gen:11 Ind:15 RMSE(val)=80.379975
[GA][Iter3] Gen:11 Ind:16 RMSE(val)=81.002703
[GA][Iter3] Gen:11 Ind:17 RMSE(val)=81.155496
[GA][Iter3] Gen:11 Ind:18 RMSE(val)=80.423845
[GA][Iter3] Gen:11 Ind:19 RMSE(val)=81.114408
[GA][Iter3] Gen:11 Ind:20 RMSE(val)=81.671264
[GA][Iter3] gen=11 best_val_rmse=79.644652
[GA][Iter3] Gen:12 Ind:1 RMSE(val)=79.644652
[GA][Iter3] Gen:12 Ind:2 RMSE(val)=80.055329
[GA][Iter3] Gen:12 Ind:3 RMSE(val)=80.118533
[GA][Iter3] Gen:12 Ind:4 RMSE(val)=80.148892
[GA][Iter3] Gen:12 Ind:5 RMSE(val)=80.148892
[GA][Iter3] Gen:12 Ind:6 RMSE(val)=80.258328
[GA][Iter3] Gen:12 Ind:7 RMSE(val)=80.269785
[GA][Iter3] Gen:12 Ind:8 RMSE(val)=80.379975
[GA][Iter3] Gen:12 Ind:9 RMSE(val)=80.379975
[GA][Iter3] Gen:12 Ind:10 RMSE(val)=80.379975
[GA][Iter3] Gen:12 Ind:11 RMSE(val)=84.013187
[GA][Iter3] Gen:12 Ind:12 RMSE(val)=80.785985
[GA][Iter3] Gen:12 Ind:13 RMSE(val)=80.026927
[GA][Iter3] Gen:12 Ind:14 RMSE(val)=80.172237
[GA][Iter3] Gen:12 Ind:15 RMSE(val)=81.060596
[GA][Iter3] Gen:12 Ind:16 RMSE(val)=80.379975
[GA][Iter3] Gen:12 Ind:17 RMSE(val)=80.269785
[GA][Iter3] Gen:12 Ind:18 RMSE(val)=80.386604
[GA][Iter3] Gen:12 Ind:19 RMSE(val)=82.033894
[GA][Iter3] Gen:12 Ind:20 RMSE(val)=79.957016
[GA][Iter3] gen=12 best_val_rmse=79.644652
[GA][Iter3] Gen:13 Ind:1 RMSE(val)=79.644652
[GA][Iter3] Gen:13 Ind:2 RMSE(val)=79.957016
[GA][Iter3] Gen:13 Ind:3 RMSE(val)=80.026927
[GA][Iter3] Gen:13 Ind:4 RMSE(val)=80.055329
[GA][Iter3] Gen:13 Ind:5 RMSE(val)=80.118533
[GA][Iter3] Gen:13 Ind:6 RMSE(val)=80.148892
[GA][Iter3] Gen:13 Ind:7 RMSE(val)=80.148892
[GA][Iter3] Gen:13 Ind:8 RMSE(val)=80.172237
[GA][Iter3] Gen:13 Ind:9 RMSE(val)=80.258328
[GA][Iter3] Gen:13 Ind:10 RMSE(val)=80.269785
[GA][Iter3] Gen:13 Ind:11 RMSE(val)=80.007450
[GA][Iter3] Gen:13 Ind:12 RMSE(val)=80.724591
[GA][Iter3] Gen:13 Ind:13 RMSE(val)=80.269785
[GA][Iter3] Gen:13 Ind:14 RMSE(val)=80.724591
[GA][Iter3] Gen:13 Ind:15 RMSE(val)=80.403504
[GA][Iter3] Gen:13 Ind:16 RMSE(val)=79.700588
[GA][Iter3] Gen:13 Ind:17 RMSE(val)=79.957016
[GA][Iter3] Gen:13 Ind:18 RMSE(val)=79.149698
[GA][Iter3] Gen:13 Ind:19 RMSE(val)=81.262282
[GA][Iter3] Gen:13 Ind:20 RMSE(val)=80.148892
[GA][Iter3] gen=13 best_val_rmse=79.149698
[GA][Iter3] Gen:14 Ind:1 RMSE(val)=79.149698
[GA][Iter3] Gen:14 Ind:2 RMSE(val)=79.644652
[GA][Iter3] Gen:14 Ind:3 RMSE(val)=79.700588
[GA][Iter3] Gen:14 Ind:4 RMSE(val)=79.957016
[GA][Iter3] Gen:14 Ind:5 RMSE(val)=79.957016
[GA][Iter3] Gen:14 Ind:6 RMSE(val)=80.007450
[GA][Iter3] Gen:14 Ind:7 RMSE(val)=80.026927
[GA][Iter3] Gen:14 Ind:8 RMSE(val)=80.055329
[GA][Iter3] Gen:14 Ind:9 RMSE(val)=80.118533
[GA][Iter3] Gen:14 Ind:10 RMSE(val)=80.148892
[GA][Iter3] Gen:14 Ind:11 RMSE(val)=80.414140
[GA][Iter3] Gen:14 Ind:12 RMSE(val)=80.379975
[GA][Iter3] Gen:14 Ind:13 RMSE(val)=81.201393
[GA][Iter3] Gen:14 Ind:14 RMSE(val)=81.155496
[GA][Iter3] Gen:14 Ind:15 RMSE(val)=80.414140
[GA][Iter3] Gen:14 Ind:16 RMSE(val)=80.792398
[GA][Iter3] Gen:14 Ind:17 RMSE(val)=80.148892
[GA][Iter3] Gen:14 Ind:18 RMSE(val)=79.957016
[GA][Iter3] Gen:14 Ind:19 RMSE(val)=79.644652
[GA][Iter3] Gen:14 Ind:20 RMSE(val)=80.792398
[GA][Iter3] gen=14 best_val_rmse=79.149698
[GA][Iter3] Gen:15 Ind:1 RMSE(val)=79.149698
[GA][Iter3] Gen:15 Ind:2 RMSE(val)=79.644652
[GA][Iter3] Gen:15 Ind:3 RMSE(val)=79.644652
[GA][Iter3] Gen:15 Ind:4 RMSE(val)=79.700588
[GA][Iter3] Gen:15 Ind:5 RMSE(val)=79.957016
[GA][Iter3] Gen:15 Ind:6 RMSE(val)=79.957016
[GA][Iter3] Gen:15 Ind:7 RMSE(val)=79.957016
[GA][Iter3] Gen:15 Ind:8 RMSE(val)=80.007450
[GA][Iter3] Gen:15 Ind:9 RMSE(val)=80.026927
[GA][Iter3] Gen:15 Ind:10 RMSE(val)=80.055329
[GA][Iter3] Gen:15 Ind:11 RMSE(val)=79.957016
[GA][Iter3] Gen:15 Ind:12 RMSE(val)=81.155496
[GA][Iter3] Gen:15 Ind:13 RMSE(val)=80.294676
[GA][Iter3] Gen:15 Ind:14 RMSE(val)=81.330315
[GA][Iter3] Gen:15 Ind:15 RMSE(val)=81.544267
[GA][Iter3] Gen:15 Ind:16 RMSE(val)=79.875948
[GA][Iter3] Gen:15 Ind:17 RMSE(val)=79.644652
[GA][Iter3] Gen:15 Ind:18 RMSE(val)=79.957016
[GA][Iter3] Gen:15 Ind:19 RMSE(val)=79.850036
[GA][Iter3] Gen:15 Ind:20 RMSE(val)=79.957016
[GA][Iter3] gen=15 best_val_rmse=79.149698
[GA][Iter3] Gen:15 Ind:1 RMSE(val)=79.149698
[GA][Iter3] Gen:15 Ind:2 RMSE(val)=79.644652
[GA][Iter3] Gen:15 Ind:3 RMSE(val)=79.644652
[GA][Iter3] Gen:15 Ind:4 RMSE(val)=79.644652
[GA][Iter3] Gen:15 Ind:5 RMSE(val)=79.700588
[GA][Iter3] Gen:15 Ind:6 RMSE(val)=79.850036
[GA][Iter3] Gen:15 Ind:7 RMSE(val)=79.875948
[GA][Iter3] Gen:15 Ind:8 RMSE(val)=79.957016
[GA][Iter3] Gen:15 Ind:9 RMSE(val)=79.957016
[GA][Iter3] Gen:15 Ind:10 RMSE(val)=79.957016
[GA][Iter3] Gen:15 Ind:11 RMSE(val)=81.416047
[GA][Iter3] Gen:15 Ind:12 RMSE(val)=79.957016
[GA][Iter3] Gen:15 Ind:13 RMSE(val)=79.644652
[GA][Iter3] Gen:15 Ind:14 RMSE(val)=79.957016
[GA][Iter3] Gen:15 Ind:15 RMSE(val)=79.644652
[GA][Iter3] Gen:15 Ind:16 RMSE(val)=79.876036
[GA][Iter3] Gen:15 Ind:17 RMSE(val)=79.957016
[GA][Iter3] Gen:15 Ind:18 RMSE(val)=79.644652
[GA][Iter3] Gen:15 Ind:19 RMSE(val)=79.644652
[GA][Iter3] Gen:15 Ind:20 RMSE(val)=79.850036

[GA DONE][Iter3] Best params on val fold of Iter3
Best val RMSE: 79.149698
Best params: {'n_estimators': 452, 'learning_rate': 0.06968838257910706, 'num_leaves': 74, 'max_depth': 13, 'min_child_samples': 87, 'subsample': 0.7539069246698, 'colsample_bytree': 0.6621917999247126, 'reg_lambda': 0.910397152349666, 'reg_alpha': 0.1865244933738515}
--------------------------------------------------------------------------------
[RETUNE GA] Iter3: train folds 1..7 -> test fold 8  RMSE=87.922990  NRMSE=0.730000  CVRMSE=0.199461  R2=0.465974
[GA][Iter4] Gen:1 Ind:1 RMSE(val)=85.361629
[GA][Iter4] Gen:1 Ind:2 RMSE(val)=86.007331
[GA][Iter4] Gen:1 Ind:3 RMSE(val)=87.304478
[GA][Iter4] Gen:1 Ind:4 RMSE(val)=88.772271
[GA][Iter4] Gen:1 Ind:5 RMSE(val)=85.371122
[GA][Iter4] Gen:1 Ind:6 RMSE(val)=86.180704
[GA][Iter4] Gen:1 Ind:7 RMSE(val)=85.885034
[GA][Iter4] Gen:1 Ind:8 RMSE(val)=85.545824
[GA][Iter4] Gen:1 Ind:9 RMSE(val)=87.357758
[GA][Iter4] Gen:1 Ind:10 RMSE(val)=85.117681
[GA][Iter4] Gen:1 Ind:11 RMSE(val)=85.033172
[GA][Iter4] Gen:1 Ind:12 RMSE(val)=86.299647
[GA][Iter4] Gen:1 Ind:13 RMSE(val)=87.903715
[GA][Iter4] Gen:1 Ind:14 RMSE(val)=88.146787
[GA][Iter4] Gen:1 Ind:15 RMSE(val)=85.189550
[GA][Iter4] Gen:1 Ind:16 RMSE(val)=86.241988
[GA][Iter4] Gen:1 Ind:17 RMSE(val)=86.411448
[GA][Iter4] Gen:1 Ind:18 RMSE(val)=85.653861
[GA][Iter4] Gen:1 Ind:19 RMSE(val)=89.370453
[GA][Iter4] Gen:1 Ind:20 RMSE(val)=87.449615
[GA][Iter4] gen=1 best_val_rmse=85.033172
[GA][Iter4] Gen:2 Ind:1 RMSE(val)=85.033172
[GA][Iter4] Gen:2 Ind:2 RMSE(val)=85.117681
[GA][Iter4] Gen:2 Ind:3 RMSE(val)=85.189550
[GA][Iter4] Gen:2 Ind:4 RMSE(val)=85.361629
[GA][Iter4] Gen:2 Ind:5 RMSE(val)=85.371122
[GA][Iter4] Gen:2 Ind:6 RMSE(val)=85.545824
[GA][Iter4] Gen:2 Ind:7 RMSE(val)=85.653861
[GA][Iter4] Gen:2 Ind:8 RMSE(val)=85.885034
[GA][Iter4] Gen:2 Ind:9 RMSE(val)=86.007331
[GA][Iter4] Gen:2 Ind:10 RMSE(val)=86.180704
[GA][Iter4] Gen:2 Ind:11 RMSE(val)=86.084977
[GA][Iter4] Gen:2 Ind:12 RMSE(val)=85.885034
[GA][Iter4] Gen:2 Ind:13 RMSE(val)=85.490705
[GA][Iter4] Gen:2 Ind:14 RMSE(val)=85.790919
[GA][Iter4] Gen:2 Ind:15 RMSE(val)=84.889705
[GA][Iter4] Gen:2 Ind:16 RMSE(val)=84.294178
[GA][Iter4] Gen:2 Ind:17 RMSE(val)=85.528079
[GA][Iter4] Gen:2 Ind:18 RMSE(val)=84.698396
[GA][Iter4] Gen:2 Ind:19 RMSE(val)=85.527525
[GA][Iter4] Gen:2 Ind:20 RMSE(val)=84.650981
[GA][Iter4] gen=2 best_val_rmse=84.294178
[GA][Iter4] Gen:3 Ind:1 RMSE(val)=84.294178
[GA][Iter4] Gen:3 Ind:2 RMSE(val)=84.650981
[GA][Iter4] Gen:3 Ind:3 RMSE(val)=84.698396
[GA][Iter4] Gen:3 Ind:4 RMSE(val)=84.889705
[GA][Iter4] Gen:3 Ind:5 RMSE(val)=85.033172
[GA][Iter4] Gen:3 Ind:6 RMSE(val)=85.117681
[GA][Iter4] Gen:3 Ind:7 RMSE(val)=85.189550
[GA][Iter4] Gen:3 Ind:8 RMSE(val)=85.361629
[GA][Iter4] Gen:3 Ind:9 RMSE(val)=85.371122
[GA][Iter4] Gen:3 Ind:10 RMSE(val)=85.490705
[GA][Iter4] Gen:3 Ind:11 RMSE(val)=85.445976
[GA][Iter4] Gen:3 Ind:12 RMSE(val)=85.075635
[GA][Iter4] Gen:3 Ind:13 RMSE(val)=85.731293
[GA][Iter4] Gen:3 Ind:14 RMSE(val)=85.299527
[GA][Iter4] Gen:3 Ind:15 RMSE(val)=85.553844
[GA][Iter4] Gen:3 Ind:16 RMSE(val)=85.248478
[GA][Iter4] Gen:3 Ind:17 RMSE(val)=85.017871
[GA][Iter4] Gen:3 Ind:18 RMSE(val)=85.208314
[GA][Iter4] Gen:3 Ind:19 RMSE(val)=85.403290
[GA][Iter4] Gen:3 Ind:20 RMSE(val)=85.492115
[GA][Iter4] gen=3 best_val_rmse=84.294178
[GA][Iter4] Gen:4 Ind:1 RMSE(val)=84.294178
[GA][Iter4] Gen:4 Ind:2 RMSE(val)=84.650981
[GA][Iter4] Gen:4 Ind:3 RMSE(val)=84.698396
[GA][Iter4] Gen:4 Ind:4 RMSE(val)=84.889705
[GA][Iter4] Gen:4 Ind:5 RMSE(val)=85.017871
[GA][Iter4] Gen:4 Ind:6 RMSE(val)=85.033172
[GA][Iter4] Gen:4 Ind:7 RMSE(val)=85.075635
[GA][Iter4] Gen:4 Ind:8 RMSE(val)=85.117681
[GA][Iter4] Gen:4 Ind:9 RMSE(val)=85.189550
[GA][Iter4] Gen:4 Ind:10 RMSE(val)=85.208314
[GA][Iter4] Gen:4 Ind:11 RMSE(val)=85.470438
[GA][Iter4] Gen:4 Ind:12 RMSE(val)=85.075635
[GA][Iter4] Gen:4 Ind:13 RMSE(val)=84.437869
[GA][Iter4] Gen:4 Ind:14 RMSE(val)=85.700744
[GA][Iter4] Gen:4 Ind:15 RMSE(val)=85.213849
[GA][Iter4] Gen:4 Ind:16 RMSE(val)=85.142614
[GA][Iter4] Gen:4 Ind:17 RMSE(val)=84.746350
[GA][Iter4] Gen:4 Ind:18 RMSE(val)=84.595505
[GA][Iter4] Gen:4 Ind:19 RMSE(val)=84.735506
[GA][Iter4] Gen:4 Ind:20 RMSE(val)=85.097375
[GA][Iter4] gen=4 best_val_rmse=84.294178
[GA][Iter4] Gen:5 Ind:1 RMSE(val)=84.294178
[GA][Iter4] Gen:5 Ind:2 RMSE(val)=84.437869
[GA][Iter4] Gen:5 Ind:3 RMSE(val)=84.595505
[GA][Iter4] Gen:5 Ind:4 RMSE(val)=84.650981
[GA][Iter4] Gen:5 Ind:5 RMSE(val)=84.698396
[GA][Iter4] Gen:5 Ind:6 RMSE(val)=84.735506
[GA][Iter4] Gen:5 Ind:7 RMSE(val)=84.746350
[GA][Iter4] Gen:5 Ind:8 RMSE(val)=84.889705
[GA][Iter4] Gen:5 Ind:9 RMSE(val)=85.017871
[GA][Iter4] Gen:5 Ind:10 RMSE(val)=85.033172
[GA][Iter4] Gen:5 Ind:11 RMSE(val)=85.090501
[GA][Iter4] Gen:5 Ind:12 RMSE(val)=86.093498
[GA][Iter4] Gen:5 Ind:13 RMSE(val)=85.757029
[GA][Iter4] Gen:5 Ind:14 RMSE(val)=86.166428
[GA][Iter4] Gen:5 Ind:15 RMSE(val)=84.949075
[GA][Iter4] Gen:5 Ind:16 RMSE(val)=84.583737
[GA][Iter4] Gen:5 Ind:17 RMSE(val)=84.778173
[GA][Iter4] Gen:5 Ind:18 RMSE(val)=86.202739
[GA][Iter4] Gen:5 Ind:19 RMSE(val)=85.191121
[GA][Iter4] Gen:5 Ind:20 RMSE(val)=84.781170
[GA][Iter4] gen=5 best_val_rmse=84.294178
[GA][Iter4] Gen:6 Ind:1 RMSE(val)=84.294178
[GA][Iter4] Gen:6 Ind:2 RMSE(val)=84.437869
[GA][Iter4] Gen:6 Ind:3 RMSE(val)=84.583737
[GA][Iter4] Gen:6 Ind:4 RMSE(val)=84.595505
[GA][Iter4] Gen:6 Ind:5 RMSE(val)=84.650981
[GA][Iter4] Gen:6 Ind:6 RMSE(val)=84.698396
[GA][Iter4] Gen:6 Ind:7 RMSE(val)=84.735506
[GA][Iter4] Gen:6 Ind:8 RMSE(val)=84.746350
[GA][Iter4] Gen:6 Ind:9 RMSE(val)=84.778173
[GA][Iter4] Gen:6 Ind:10 RMSE(val)=84.781170
[GA][Iter4] Gen:6 Ind:11 RMSE(val)=84.952012
[GA][Iter4] Gen:6 Ind:12 RMSE(val)=85.440715
[GA][Iter4] Gen:6 Ind:13 RMSE(val)=84.864126
[GA][Iter4] Gen:6 Ind:14 RMSE(val)=85.020794
[GA][Iter4] Gen:6 Ind:15 RMSE(val)=84.583737
[GA][Iter4] Gen:6 Ind:16 RMSE(val)=85.107757
[GA][Iter4] Gen:6 Ind:17 RMSE(val)=84.477239
[GA][Iter4] Gen:6 Ind:18 RMSE(val)=85.766403
[GA][Iter4] Gen:6 Ind:19 RMSE(val)=84.851696
[GA][Iter4] Gen:6 Ind:20 RMSE(val)=84.650981
[GA][Iter4] gen=6 best_val_rmse=84.294178
[GA][Iter4] Gen:7 Ind:1 RMSE(val)=84.294178
[GA][Iter4] Gen:7 Ind:2 RMSE(val)=84.437869
[GA][Iter4] Gen:7 Ind:3 RMSE(val)=84.477239
[GA][Iter4] Gen:7 Ind:4 RMSE(val)=84.583737
[GA][Iter4] Gen:7 Ind:5 RMSE(val)=84.583737
[GA][Iter4] Gen:7 Ind:6 RMSE(val)=84.595505
[GA][Iter4] Gen:7 Ind:7 RMSE(val)=84.650981
[GA][Iter4] Gen:7 Ind:8 RMSE(val)=84.650981
[GA][Iter4] Gen:7 Ind:9 RMSE(val)=84.698396
[GA][Iter4] Gen:7 Ind:10 RMSE(val)=84.735506
[GA][Iter4] Gen:7 Ind:11 RMSE(val)=84.695195
[GA][Iter4] Gen:7 Ind:12 RMSE(val)=85.330824
[GA][Iter4] Gen:7 Ind:13 RMSE(val)=85.106568
[GA][Iter4] Gen:7 Ind:14 RMSE(val)=84.404931
[GA][Iter4] Gen:7 Ind:15 RMSE(val)=84.583737
[GA][Iter4] Gen:7 Ind:16 RMSE(val)=84.666713
[GA][Iter4] Gen:7 Ind:17 RMSE(val)=84.417811
[GA][Iter4] Gen:7 Ind:18 RMSE(val)=84.650981
[GA][Iter4] Gen:7 Ind:19 RMSE(val)=84.294178
[GA][Iter4] Gen:7 Ind:20 RMSE(val)=84.902692
[GA][Iter4] gen=7 best_val_rmse=84.294178
[GA][Iter4] Gen:8 Ind:1 RMSE(val)=84.294178
[GA][Iter4] Gen:8 Ind:2 RMSE(val)=84.294178
[GA][Iter4] Gen:8 Ind:3 RMSE(val)=84.404931
[GA][Iter4] Gen:8 Ind:4 RMSE(val)=84.417811
[GA][Iter4] Gen:8 Ind:5 RMSE(val)=84.437869
[GA][Iter4] Gen:8 Ind:6 RMSE(val)=84.477239
[GA][Iter4] Gen:8 Ind:7 RMSE(val)=84.583737
[GA][Iter4] Gen:8 Ind:8 RMSE(val)=84.583737
[GA][Iter4] Gen:8 Ind:9 RMSE(val)=84.583737
[GA][Iter4] Gen:8 Ind:10 RMSE(val)=84.595505
[GA][Iter4] Gen:8 Ind:11 RMSE(val)=84.744107
[GA][Iter4] Gen:8 Ind:12 RMSE(val)=85.297181
[GA][Iter4] Gen:8 Ind:13 RMSE(val)=84.583737
[GA][Iter4] Gen:8 Ind:14 RMSE(val)=84.372726
[GA][Iter4] Gen:8 Ind:15 RMSE(val)=84.294178
[GA][Iter4] Gen:8 Ind:16 RMSE(val)=84.385448
[GA][Iter4] Gen:8 Ind:17 RMSE(val)=84.768720
[GA][Iter4] Gen:8 Ind:18 RMSE(val)=85.155323
[GA][Iter4] Gen:8 Ind:19 RMSE(val)=85.925574
[GA][Iter4] Gen:8 Ind:20 RMSE(val)=84.690541
[GA][Iter4] gen=8 best_val_rmse=84.294178
[GA][Iter4] Gen:9 Ind:1 RMSE(val)=84.294178
[GA][Iter4] Gen:9 Ind:2 RMSE(val)=84.294178
[GA][Iter4] Gen:9 Ind:3 RMSE(val)=84.294178
[GA][Iter4] Gen:9 Ind:4 RMSE(val)=84.372726
[GA][Iter4] Gen:9 Ind:5 RMSE(val)=84.385448
[GA][Iter4] Gen:9 Ind:6 RMSE(val)=84.404931
[GA][Iter4] Gen:9 Ind:7 RMSE(val)=84.417811
[GA][Iter4] Gen:9 Ind:8 RMSE(val)=84.437869
[GA][Iter4] Gen:9 Ind:9 RMSE(val)=84.477239
[GA][Iter4] Gen:9 Ind:10 RMSE(val)=84.583737
[GA][Iter4] Gen:9 Ind:11 RMSE(val)=85.731092
[GA][Iter4] Gen:9 Ind:12 RMSE(val)=84.627902
[GA][Iter4] Gen:9 Ind:13 RMSE(val)=84.420803
[GA][Iter4] Gen:9 Ind:14 RMSE(val)=84.294178
[GA][Iter4] Gen:9 Ind:15 RMSE(val)=84.116576
[GA][Iter4] Gen:9 Ind:16 RMSE(val)=84.621692
[GA][Iter4] Gen:9 Ind:17 RMSE(val)=84.565456
[GA][Iter4] Gen:9 Ind:18 RMSE(val)=85.184526
[GA][Iter4] Gen:9 Ind:19 RMSE(val)=84.855813
[GA][Iter4] Gen:9 Ind:20 RMSE(val)=84.437948
[GA][Iter4] gen=9 best_val_rmse=84.116576
[GA][Iter4] Gen:10 Ind:1 RMSE(val)=84.116576
[GA][Iter4] Gen:10 Ind:2 RMSE(val)=84.294178
[GA][Iter4] Gen:10 Ind:3 RMSE(val)=84.294178
[GA][Iter4] Gen:10 Ind:4 RMSE(val)=84.294178
[GA][Iter4] Gen:10 Ind:5 RMSE(val)=84.294178
[GA][Iter4] Gen:10 Ind:6 RMSE(val)=84.372726
[GA][Iter4] Gen:10 Ind:7 RMSE(val)=84.385448
[GA][Iter4] Gen:10 Ind:8 RMSE(val)=84.404931
[GA][Iter4] Gen:10 Ind:9 RMSE(val)=84.417811
[GA][Iter4] Gen:10 Ind:10 RMSE(val)=84.420803
[GA][Iter4] Gen:10 Ind:11 RMSE(val)=84.611252
[GA][Iter4] Gen:10 Ind:12 RMSE(val)=84.116576
[GA][Iter4] Gen:10 Ind:13 RMSE(val)=84.372726
[GA][Iter4] Gen:10 Ind:14 RMSE(val)=84.294178
[GA][Iter4] Gen:10 Ind:15 RMSE(val)=84.420803
[GA][Iter4] Gen:10 Ind:16 RMSE(val)=84.537242
[GA][Iter4] Gen:10 Ind:17 RMSE(val)=84.404931
[GA][Iter4] Gen:10 Ind:18 RMSE(val)=84.294178
[GA][Iter4] Gen:10 Ind:19 RMSE(val)=84.372726
[GA][Iter4] Gen:10 Ind:20 RMSE(val)=84.537242
[GA][Iter4] gen=10 best_val_rmse=84.116576
[GA][Iter4] Gen:11 Ind:1 RMSE(val)=84.116576
[GA][Iter4] Gen:11 Ind:2 RMSE(val)=84.116576
[GA][Iter4] Gen:11 Ind:3 RMSE(val)=84.294178
[GA][Iter4] Gen:11 Ind:4 RMSE(val)=84.294178
[GA][Iter4] Gen:11 Ind:5 RMSE(val)=84.294178
[GA][Iter4] Gen:11 Ind:6 RMSE(val)=84.294178
[GA][Iter4] Gen:11 Ind:7 RMSE(val)=84.294178
[GA][Iter4] Gen:11 Ind:8 RMSE(val)=84.294178
[GA][Iter4] Gen:11 Ind:9 RMSE(val)=84.372726
[GA][Iter4] Gen:11 Ind:10 RMSE(val)=84.372726
[GA][Iter4] Gen:11 Ind:11 RMSE(val)=84.700969
[GA][Iter4] Gen:11 Ind:12 RMSE(val)=84.800085
[GA][Iter4] Gen:11 Ind:13 RMSE(val)=84.595505
[GA][Iter4] Gen:11 Ind:14 RMSE(val)=84.294178
[GA][Iter4] Gen:11 Ind:15 RMSE(val)=84.294178
[GA][Iter4] Gen:11 Ind:16 RMSE(val)=84.287078
[GA][Iter4] Gen:11 Ind:17 RMSE(val)=84.599881
[GA][Iter4] Gen:11 Ind:18 RMSE(val)=84.956673
[GA][Iter4] Gen:11 Ind:19 RMSE(val)=84.863334
[GA][Iter4] Gen:11 Ind:20 RMSE(val)=84.222530
[GA][Iter4] gen=11 best_val_rmse=84.116576
[GA][Iter4] Gen:12 Ind:1 RMSE(val)=84.116576
[GA][Iter4] Gen:12 Ind:2 RMSE(val)=84.116576
[GA][Iter4] Gen:12 Ind:3 RMSE(val)=84.222530
[GA][Iter4] Gen:12 Ind:4 RMSE(val)=84.287078
[GA][Iter4] Gen:12 Ind:5 RMSE(val)=84.294178
[GA][Iter4] Gen:12 Ind:6 RMSE(val)=84.294178
[GA][Iter4] Gen:12 Ind:7 RMSE(val)=84.294178
[GA][Iter4] Gen:12 Ind:8 RMSE(val)=84.294178
[GA][Iter4] Gen:12 Ind:9 RMSE(val)=84.294178
[GA][Iter4] Gen:12 Ind:10 RMSE(val)=84.294178
[GA][Iter4] Gen:12 Ind:11 RMSE(val)=84.403299
[GA][Iter4] Gen:12 Ind:12 RMSE(val)=84.222530
[GA][Iter4] Gen:12 Ind:13 RMSE(val)=84.978478
[GA][Iter4] Gen:12 Ind:14 RMSE(val)=84.294178
[GA][Iter4] Gen:12 Ind:15 RMSE(val)=84.116576
[GA][Iter4] Gen:12 Ind:16 RMSE(val)=84.294178
[GA][Iter4] Gen:12 Ind:17 RMSE(val)=84.222530
[GA][Iter4] Gen:12 Ind:18 RMSE(val)=84.294178
[GA][Iter4] Gen:12 Ind:19 RMSE(val)=84.691641
[GA][Iter4] Gen:12 Ind:20 RMSE(val)=84.660127
[GA][Iter4] gen=12 best_val_rmse=84.116576
[GA][Iter4] Gen:13 Ind:1 RMSE(val)=84.116576
[GA][Iter4] Gen:13 Ind:2 RMSE(val)=84.116576
[GA][Iter4] Gen:13 Ind:3 RMSE(val)=84.116576
[GA][Iter4] Gen:13 Ind:4 RMSE(val)=84.222530
[GA][Iter4] Gen:13 Ind:5 RMSE(val)=84.222530
[GA][Iter4] Gen:13 Ind:6 RMSE(val)=84.222530
[GA][Iter4] Gen:13 Ind:7 RMSE(val)=84.287078
[GA][Iter4] Gen:13 Ind:8 RMSE(val)=84.294178
[GA][Iter4] Gen:13 Ind:9 RMSE(val)=84.294178
[GA][Iter4] Gen:13 Ind:10 RMSE(val)=84.294178
[GA][Iter4] Gen:13 Ind:11 RMSE(val)=84.294178
[GA][Iter4] Gen:13 Ind:12 RMSE(val)=84.116576
[GA][Iter4] Gen:13 Ind:13 RMSE(val)=84.222530
[GA][Iter4] Gen:13 Ind:14 RMSE(val)=85.619196
[GA][Iter4] Gen:13 Ind:15 RMSE(val)=84.116576
[GA][Iter4] Gen:13 Ind:16 RMSE(val)=84.513269
[GA][Iter4] Gen:13 Ind:17 RMSE(val)=84.222530
[GA][Iter4] Gen:13 Ind:18 RMSE(val)=84.222530
[GA][Iter4] Gen:13 Ind:19 RMSE(val)=84.294178
[GA][Iter4] Gen:13 Ind:20 RMSE(val)=84.222530
[GA][Iter4] gen=13 best_val_rmse=84.116576
[GA][Iter4] Gen:14 Ind:1 RMSE(val)=84.116576
[GA][Iter4] Gen:14 Ind:2 RMSE(val)=84.116576
[GA][Iter4] Gen:14 Ind:3 RMSE(val)=84.116576
[GA][Iter4] Gen:14 Ind:4 RMSE(val)=84.116576
[GA][Iter4] Gen:14 Ind:5 RMSE(val)=84.116576
[GA][Iter4] Gen:14 Ind:6 RMSE(val)=84.222530
[GA][Iter4] Gen:14 Ind:7 RMSE(val)=84.222530
[GA][Iter4] Gen:14 Ind:8 RMSE(val)=84.222530
[GA][Iter4] Gen:14 Ind:9 RMSE(val)=84.222530
[GA][Iter4] Gen:14 Ind:10 RMSE(val)=84.222530
[GA][Iter4] Gen:14 Ind:11 RMSE(val)=84.930751
[GA][Iter4] Gen:14 Ind:12 RMSE(val)=84.222530
[GA][Iter4] Gen:14 Ind:13 RMSE(val)=84.222530
[GA][Iter4] Gen:14 Ind:14 RMSE(val)=84.222530
[GA][Iter4] Gen:14 Ind:15 RMSE(val)=84.222530
[GA][Iter4] Gen:14 Ind:16 RMSE(val)=84.660127
[GA][Iter4] Gen:14 Ind:17 RMSE(val)=83.867098
[GA][Iter4] Gen:14 Ind:18 RMSE(val)=84.222530
[GA][Iter4] Gen:14 Ind:19 RMSE(val)=84.537242
[GA][Iter4] Gen:14 Ind:20 RMSE(val)=84.294178
[GA][Iter4] gen=14 best_val_rmse=83.867098
[GA][Iter4] Gen:15 Ind:1 RMSE(val)=83.867098
[GA][Iter4] Gen:15 Ind:2 RMSE(val)=84.116576
[GA][Iter4] Gen:15 Ind:3 RMSE(val)=84.116576
[GA][Iter4] Gen:15 Ind:4 RMSE(val)=84.116576
[GA][Iter4] Gen:15 Ind:5 RMSE(val)=84.116576
[GA][Iter4] Gen:15 Ind:6 RMSE(val)=84.116576
[GA][Iter4] Gen:15 Ind:7 RMSE(val)=84.222530
[GA][Iter4] Gen:15 Ind:8 RMSE(val)=84.222530
[GA][Iter4] Gen:15 Ind:9 RMSE(val)=84.222530
[GA][Iter4] Gen:15 Ind:10 RMSE(val)=84.222530
[GA][Iter4] Gen:15 Ind:11 RMSE(val)=84.208429
[GA][Iter4] Gen:15 Ind:12 RMSE(val)=84.294178
[GA][Iter4] Gen:15 Ind:13 RMSE(val)=84.222530
[GA][Iter4] Gen:15 Ind:14 RMSE(val)=84.032127
[GA][Iter4] Gen:15 Ind:15 RMSE(val)=84.116576
[GA][Iter4] Gen:15 Ind:16 RMSE(val)=84.116576
[GA][Iter4] Gen:15 Ind:17 RMSE(val)=84.222530
[GA][Iter4] Gen:15 Ind:18 RMSE(val)=84.116576
[GA][Iter4] Gen:15 Ind:19 RMSE(val)=84.116576
[GA][Iter4] Gen:15 Ind:20 RMSE(val)=84.222530
[GA][Iter4] gen=15 best_val_rmse=83.867098
[GA][Iter4] Gen:15 Ind:1 RMSE(val)=83.867098
[GA][Iter4] Gen:15 Ind:2 RMSE(val)=84.032127
[GA][Iter4] Gen:15 Ind:3 RMSE(val)=84.116576
[GA][Iter4] Gen:15 Ind:4 RMSE(val)=84.116576
[GA][Iter4] Gen:15 Ind:5 RMSE(val)=84.116576
[GA][Iter4] Gen:15 Ind:6 RMSE(val)=84.116576
[GA][Iter4] Gen:15 Ind:7 RMSE(val)=84.116576
[GA][Iter4] Gen:15 Ind:8 RMSE(val)=84.116576
[GA][Iter4] Gen:15 Ind:9 RMSE(val)=84.116576
[GA][Iter4] Gen:15 Ind:10 RMSE(val)=84.116576
[GA][Iter4] Gen:15 Ind:11 RMSE(val)=84.116576
[GA][Iter4] Gen:15 Ind:12 RMSE(val)=84.116576
[GA][Iter4] Gen:15 Ind:13 RMSE(val)=84.116576
[GA][Iter4] Gen:15 Ind:14 RMSE(val)=84.684700
[GA][Iter4] Gen:15 Ind:15 RMSE(val)=84.116576
[GA][Iter4] Gen:15 Ind:16 RMSE(val)=84.116576
[GA][Iter4] Gen:15 Ind:17 RMSE(val)=83.867098
[GA][Iter4] Gen:15 Ind:18 RMSE(val)=84.624019
[GA][Iter4] Gen:15 Ind:19 RMSE(val)=84.116576
[GA][Iter4] Gen:15 Ind:20 RMSE(val)=84.116576

[GA DONE][Iter4] Best params on val fold of Iter4
Best val RMSE: 83.867098
Best params: {'n_estimators': 824, 'learning_rate': 0.012516610460068746, 'num_leaves': 27, 'max_depth': -1, 'min_child_samples': 47, 'subsample': 0.8864078451689614, 'colsample_bytree': 0.9185926919281201, 'reg_lambda': 0.1554824345543146, 'reg_alpha': 0.222652275953326}
--------------------------------------------------------------------------------
[RETUNE GA] Iter4: train folds 1..8 -> test fold 9  RMSE=73.287405  NRMSE=0.634693  CVRMSE=0.156290  R2=0.596314
[GA][Iter5] Gen:1 Ind:1 RMSE(val)=71.433686
[GA][Iter5] Gen:1 Ind:2 RMSE(val)=71.416990
[GA][Iter5] Gen:1 Ind:3 RMSE(val)=73.616550
[GA][Iter5] Gen:1 Ind:4 RMSE(val)=72.991637
[GA][Iter5] Gen:1 Ind:5 RMSE(val)=77.002168
[GA][Iter5] Gen:1 Ind:6 RMSE(val)=72.389915
[GA][Iter5] Gen:1 Ind:7 RMSE(val)=71.537659
[GA][Iter5] Gen:1 Ind:8 RMSE(val)=73.166804
[GA][Iter5] Gen:1 Ind:9 RMSE(val)=75.831522
[GA][Iter5] Gen:1 Ind:10 RMSE(val)=71.157908
[GA][Iter5] Gen:1 Ind:11 RMSE(val)=74.083561
[GA][Iter5] Gen:1 Ind:12 RMSE(val)=76.341515
[GA][Iter5] Gen:1 Ind:13 RMSE(val)=73.409214
[GA][Iter5] Gen:1 Ind:14 RMSE(val)=74.206374
[GA][Iter5] Gen:1 Ind:15 RMSE(val)=71.200431
[GA][Iter5] Gen:1 Ind:16 RMSE(val)=69.162448
[GA][Iter5] Gen:1 Ind:17 RMSE(val)=71.591672
[GA][Iter5] Gen:1 Ind:18 RMSE(val)=72.896493
[GA][Iter5] Gen:1 Ind:19 RMSE(val)=74.504100
[GA][Iter5] Gen:1 Ind:20 RMSE(val)=76.554556
[GA][Iter5] gen=1 best_val_rmse=69.162448
[GA][Iter5] Gen:2 Ind:1 RMSE(val)=69.162448
[GA][Iter5] Gen:2 Ind:2 RMSE(val)=71.157908
[GA][Iter5] Gen:2 Ind:3 RMSE(val)=71.200431
[GA][Iter5] Gen:2 Ind:4 RMSE(val)=71.416990
[GA][Iter5] Gen:2 Ind:5 RMSE(val)=71.433686
[GA][Iter5] Gen:2 Ind:6 RMSE(val)=71.537659
[GA][Iter5] Gen:2 Ind:7 RMSE(val)=71.591672
[GA][Iter5] Gen:2 Ind:8 RMSE(val)=72.389915
[GA][Iter5] Gen:2 Ind:9 RMSE(val)=72.896493
[GA][Iter5] Gen:2 Ind:10 RMSE(val)=72.991637
[GA][Iter5] Gen:2 Ind:11 RMSE(val)=74.204442
[GA][Iter5] Gen:2 Ind:12 RMSE(val)=72.981464
[GA][Iter5] Gen:2 Ind:13 RMSE(val)=71.312194
[GA][Iter5] Gen:2 Ind:14 RMSE(val)=72.020634
[GA][Iter5] Gen:2 Ind:15 RMSE(val)=72.799730
[GA][Iter5] Gen:2 Ind:16 RMSE(val)=72.485459
[GA][Iter5] Gen:2 Ind:17 RMSE(val)=71.513308
[GA][Iter5] Gen:2 Ind:18 RMSE(val)=72.518714
[GA][Iter5] Gen:2 Ind:19 RMSE(val)=71.248591
[GA][Iter5] Gen:2 Ind:20 RMSE(val)=71.628281
[GA][Iter5] gen=2 best_val_rmse=69.162448
[GA][Iter5] Gen:3 Ind:1 RMSE(val)=69.162448
[GA][Iter5] Gen:3 Ind:2 RMSE(val)=71.157908
[GA][Iter5] Gen:3 Ind:3 RMSE(val)=71.200431
[GA][Iter5] Gen:3 Ind:4 RMSE(val)=71.248591
[GA][Iter5] Gen:3 Ind:5 RMSE(val)=71.312194
[GA][Iter5] Gen:3 Ind:6 RMSE(val)=71.416990
[GA][Iter5] Gen:3 Ind:7 RMSE(val)=71.433686
[GA][Iter5] Gen:3 Ind:8 RMSE(val)=71.513308
[GA][Iter5] Gen:3 Ind:9 RMSE(val)=71.537659
[GA][Iter5] Gen:3 Ind:10 RMSE(val)=71.591672
[GA][Iter5] Gen:3 Ind:11 RMSE(val)=71.787052
[GA][Iter5] Gen:3 Ind:12 RMSE(val)=71.264808
[GA][Iter5] Gen:3 Ind:13 RMSE(val)=70.770509
[GA][Iter5] Gen:3 Ind:14 RMSE(val)=72.109578
[GA][Iter5] Gen:3 Ind:15 RMSE(val)=70.976293
[GA][Iter5] Gen:3 Ind:16 RMSE(val)=73.113792
[GA][Iter5] Gen:3 Ind:17 RMSE(val)=70.340315
[GA][Iter5] Gen:3 Ind:18 RMSE(val)=72.664778
[GA][Iter5] Gen:3 Ind:19 RMSE(val)=72.743704
[GA][Iter5] Gen:3 Ind:20 RMSE(val)=71.566982
[GA][Iter5] gen=3 best_val_rmse=69.162448
[GA][Iter5] Gen:4 Ind:1 RMSE(val)=69.162448
[GA][Iter5] Gen:4 Ind:2 RMSE(val)=70.340315
[GA][Iter5] Gen:4 Ind:3 RMSE(val)=70.770509
[GA][Iter5] Gen:4 Ind:4 RMSE(val)=70.976293
[GA][Iter5] Gen:4 Ind:5 RMSE(val)=71.157908
[GA][Iter5] Gen:4 Ind:6 RMSE(val)=71.200431
[GA][Iter5] Gen:4 Ind:7 RMSE(val)=71.248591
[GA][Iter5] Gen:4 Ind:8 RMSE(val)=71.264808
[GA][Iter5] Gen:4 Ind:9 RMSE(val)=71.312194
[GA][Iter5] Gen:4 Ind:10 RMSE(val)=71.416990
[GA][Iter5] Gen:4 Ind:11 RMSE(val)=71.463865
[GA][Iter5] Gen:4 Ind:12 RMSE(val)=72.345374
[GA][Iter5] Gen:4 Ind:13 RMSE(val)=71.325946
[GA][Iter5] Gen:4 Ind:14 RMSE(val)=69.782313
[GA][Iter5] Gen:4 Ind:15 RMSE(val)=71.896898
[GA][Iter5] Gen:4 Ind:16 RMSE(val)=70.590131
[GA][Iter5] Gen:4 Ind:17 RMSE(val)=71.230607
[GA][Iter5] Gen:4 Ind:18 RMSE(val)=70.903778
[GA][Iter5] Gen:4 Ind:19 RMSE(val)=71.158244
[GA][Iter5] Gen:4 Ind:20 RMSE(val)=72.077950
[GA][Iter5] gen=4 best_val_rmse=69.162448
[GA][Iter5] Gen:5 Ind:1 RMSE(val)=69.162448
[GA][Iter5] Gen:5 Ind:2 RMSE(val)=69.782313
[GA][Iter5] Gen:5 Ind:3 RMSE(val)=70.340315
[GA][Iter5] Gen:5 Ind:4 RMSE(val)=70.590131
[GA][Iter5] Gen:5 Ind:5 RMSE(val)=70.770509
[GA][Iter5] Gen:5 Ind:6 RMSE(val)=70.903778
[GA][Iter5] Gen:5 Ind:7 RMSE(val)=70.976293
[GA][Iter5] Gen:5 Ind:8 RMSE(val)=71.157908
[GA][Iter5] Gen:5 Ind:9 RMSE(val)=71.158244
[GA][Iter5] Gen:5 Ind:10 RMSE(val)=71.200431
[GA][Iter5] Gen:5 Ind:11 RMSE(val)=71.375251
[GA][Iter5] Gen:5 Ind:12 RMSE(val)=70.306969
[GA][Iter5] Gen:5 Ind:13 RMSE(val)=69.922403
[GA][Iter5] Gen:5 Ind:14 RMSE(val)=71.073553
[GA][Iter5] Gen:5 Ind:15 RMSE(val)=70.905580
[GA][Iter5] Gen:5 Ind:16 RMSE(val)=71.303520
[GA][Iter5] Gen:5 Ind:17 RMSE(val)=71.239711
[GA][Iter5] Gen:5 Ind:18 RMSE(val)=71.434752
[GA][Iter5] Gen:5 Ind:19 RMSE(val)=71.146389
[GA][Iter5] Gen:5 Ind:20 RMSE(val)=70.885351
[GA][Iter5] gen=5 best_val_rmse=69.162448
[GA][Iter5] Gen:6 Ind:1 RMSE(val)=69.162448
[GA][Iter5] Gen:6 Ind:2 RMSE(val)=69.782313
[GA][Iter5] Gen:6 Ind:3 RMSE(val)=69.922403
[GA][Iter5] Gen:6 Ind:4 RMSE(val)=70.306969
[GA][Iter5] Gen:6 Ind:5 RMSE(val)=70.340315
[GA][Iter5] Gen:6 Ind:6 RMSE(val)=70.590131
[GA][Iter5] Gen:6 Ind:7 RMSE(val)=70.770509
[GA][Iter5] Gen:6 Ind:8 RMSE(val)=70.885351
[GA][Iter5] Gen:6 Ind:9 RMSE(val)=70.903778
[GA][Iter5] Gen:6 Ind:10 RMSE(val)=70.905580
[GA][Iter5] Gen:6 Ind:11 RMSE(val)=70.133283
[GA][Iter5] Gen:6 Ind:12 RMSE(val)=70.686558
[GA][Iter5] Gen:6 Ind:13 RMSE(val)=69.813494
[GA][Iter5] Gen:6 Ind:14 RMSE(val)=70.138213
[GA][Iter5] Gen:6 Ind:15 RMSE(val)=70.819003
[GA][Iter5] Gen:6 Ind:16 RMSE(val)=70.770509
[GA][Iter5] Gen:6 Ind:17 RMSE(val)=70.577057
[GA][Iter5] Gen:6 Ind:18 RMSE(val)=70.511242
[GA][Iter5] Gen:6 Ind:19 RMSE(val)=70.075293
[GA][Iter5] Gen:6 Ind:20 RMSE(val)=71.450029
[GA][Iter5] gen=6 best_val_rmse=69.162448
[GA][Iter5] Gen:7 Ind:1 RMSE(val)=69.162448
[GA][Iter5] Gen:7 Ind:2 RMSE(val)=69.782313
[GA][Iter5] Gen:7 Ind:3 RMSE(val)=69.813494
[GA][Iter5] Gen:7 Ind:4 RMSE(val)=69.922403
[GA][Iter5] Gen:7 Ind:5 RMSE(val)=70.075293
[GA][Iter5] Gen:7 Ind:6 RMSE(val)=70.133283
[GA][Iter5] Gen:7 Ind:7 RMSE(val)=70.138213
[GA][Iter5] Gen:7 Ind:8 RMSE(val)=70.306969
[GA][Iter5] Gen:7 Ind:9 RMSE(val)=70.340315
[GA][Iter5] Gen:7 Ind:10 RMSE(val)=70.511242
[GA][Iter5] Gen:7 Ind:11 RMSE(val)=70.169371
[GA][Iter5] Gen:7 Ind:12 RMSE(val)=70.190550
[GA][Iter5] Gen:7 Ind:13 RMSE(val)=69.577703
[GA][Iter5] Gen:7 Ind:14 RMSE(val)=69.714224
[GA][Iter5] Gen:7 Ind:15 RMSE(val)=69.753688
[GA][Iter5] Gen:7 Ind:16 RMSE(val)=69.942190
[GA][Iter5] Gen:7 Ind:17 RMSE(val)=70.456549
[GA][Iter5] Gen:7 Ind:18 RMSE(val)=70.284988
[GA][Iter5] Gen:7 Ind:19 RMSE(val)=71.497658
[GA][Iter5] Gen:7 Ind:20 RMSE(val)=70.518216
[GA][Iter5] gen=7 best_val_rmse=69.162448
[GA][Iter5] Gen:8 Ind:1 RMSE(val)=69.162448
[GA][Iter5] Gen:8 Ind:2 RMSE(val)=69.577703
[GA][Iter5] Gen:8 Ind:3 RMSE(val)=69.714224
[GA][Iter5] Gen:8 Ind:4 RMSE(val)=69.753688
[GA][Iter5] Gen:8 Ind:5 RMSE(val)=69.782313
[GA][Iter5] Gen:8 Ind:6 RMSE(val)=69.813494
[GA][Iter5] Gen:8 Ind:7 RMSE(val)=69.922403
[GA][Iter5] Gen:8 Ind:8 RMSE(val)=69.942190
[GA][Iter5] Gen:8 Ind:9 RMSE(val)=70.075293
[GA][Iter5] Gen:8 Ind:10 RMSE(val)=70.133283
[GA][Iter5] Gen:8 Ind:11 RMSE(val)=69.977965
[GA][Iter5] Gen:8 Ind:12 RMSE(val)=69.915401
[GA][Iter5] Gen:8 Ind:13 RMSE(val)=69.942190
[GA][Iter5] Gen:8 Ind:14 RMSE(val)=69.793496
[GA][Iter5] Gen:8 Ind:15 RMSE(val)=70.259461
[GA][Iter5] Gen:8 Ind:16 RMSE(val)=69.504454
[GA][Iter5] Gen:8 Ind:17 RMSE(val)=69.902180
[GA][Iter5] Gen:8 Ind:18 RMSE(val)=69.146083
[GA][Iter5] Gen:8 Ind:19 RMSE(val)=69.617741
[GA][Iter5] Gen:8 Ind:20 RMSE(val)=69.861488
[GA][Iter5] gen=8 best_val_rmse=69.146083
[GA][Iter5] Gen:9 Ind:1 RMSE(val)=69.146083
[GA][Iter5] Gen:9 Ind:2 RMSE(val)=69.162448
[GA][Iter5] Gen:9 Ind:3 RMSE(val)=69.504454
[GA][Iter5] Gen:9 Ind:4 RMSE(val)=69.577703
[GA][Iter5] Gen:9 Ind:5 RMSE(val)=69.617741
[GA][Iter5] Gen:9 Ind:6 RMSE(val)=69.714224
[GA][Iter5] Gen:9 Ind:7 RMSE(val)=69.753688
[GA][Iter5] Gen:9 Ind:8 RMSE(val)=69.782313
[GA][Iter5] Gen:9 Ind:9 RMSE(val)=69.793496
[GA][Iter5] Gen:9 Ind:10 RMSE(val)=69.813494
[GA][Iter5] Gen:9 Ind:11 RMSE(val)=70.254466
[GA][Iter5] Gen:9 Ind:12 RMSE(val)=70.280197
[GA][Iter5] Gen:9 Ind:13 RMSE(val)=70.484541
[GA][Iter5] Gen:9 Ind:14 RMSE(val)=69.689105
[GA][Iter5] Gen:9 Ind:15 RMSE(val)=69.218942
[GA][Iter5] Gen:9 Ind:16 RMSE(val)=70.186521
[GA][Iter5] Gen:9 Ind:17 RMSE(val)=70.138213
[GA][Iter5] Gen:9 Ind:18 RMSE(val)=70.263663
[GA][Iter5] Gen:9 Ind:19 RMSE(val)=69.885919
[GA][Iter5] Gen:9 Ind:20 RMSE(val)=72.837041
[GA][Iter5] gen=9 best_val_rmse=69.146083
[GA][Iter5] Gen:10 Ind:1 RMSE(val)=69.146083
[GA][Iter5] Gen:10 Ind:2 RMSE(val)=69.162448
[GA][Iter5] Gen:10 Ind:3 RMSE(val)=69.218942
[GA][Iter5] Gen:10 Ind:4 RMSE(val)=69.504454
[GA][Iter5] Gen:10 Ind:5 RMSE(val)=69.577703
[GA][Iter5] Gen:10 Ind:6 RMSE(val)=69.617741
[GA][Iter5] Gen:10 Ind:7 RMSE(val)=69.689105
[GA][Iter5] Gen:10 Ind:8 RMSE(val)=69.714224
[GA][Iter5] Gen:10 Ind:9 RMSE(val)=69.753688
[GA][Iter5] Gen:10 Ind:10 RMSE(val)=69.782313
[GA][Iter5] Gen:10 Ind:11 RMSE(val)=69.807294
[GA][Iter5] Gen:10 Ind:12 RMSE(val)=69.398158
[GA][Iter5] Gen:10 Ind:13 RMSE(val)=69.288738
[GA][Iter5] Gen:10 Ind:14 RMSE(val)=69.278967
[GA][Iter5] Gen:10 Ind:15 RMSE(val)=69.977384
[GA][Iter5] Gen:10 Ind:16 RMSE(val)=69.562640
[GA][Iter5] Gen:10 Ind:17 RMSE(val)=69.577703
[GA][Iter5] Gen:10 Ind:18 RMSE(val)=70.095907
[GA][Iter5] Gen:10 Ind:19 RMSE(val)=70.829820
[GA][Iter5] Gen:10 Ind:20 RMSE(val)=69.448860
[GA][Iter5] gen=10 best_val_rmse=69.146083
[GA][Iter5] Gen:11 Ind:1 RMSE(val)=69.146083
[GA][Iter5] Gen:11 Ind:2 RMSE(val)=69.162448
[GA][Iter5] Gen:11 Ind:3 RMSE(val)=69.218942
[GA][Iter5] Gen:11 Ind:4 RMSE(val)=69.278967
[GA][Iter5] Gen:11 Ind:5 RMSE(val)=69.288738
[GA][Iter5] Gen:11 Ind:6 RMSE(val)=69.398158
[GA][Iter5] Gen:11 Ind:7 RMSE(val)=69.448860
[GA][Iter5] Gen:11 Ind:8 RMSE(val)=69.504454
[GA][Iter5] Gen:11 Ind:9 RMSE(val)=69.562640
[GA][Iter5] Gen:11 Ind:10 RMSE(val)=69.577703
[GA][Iter5] Gen:11 Ind:11 RMSE(val)=69.181965
[GA][Iter5] Gen:11 Ind:12 RMSE(val)=70.146233
[GA][Iter5] Gen:11 Ind:13 RMSE(val)=68.386045
[GA][Iter5] Gen:11 Ind:14 RMSE(val)=69.849063
[GA][Iter5] Gen:11 Ind:15 RMSE(val)=70.148532
[GA][Iter5] Gen:11 Ind:16 RMSE(val)=70.618449
[GA][Iter5] Gen:11 Ind:17 RMSE(val)=69.287980
[GA][Iter5] Gen:11 Ind:18 RMSE(val)=69.920224
[GA][Iter5] Gen:11 Ind:19 RMSE(val)=69.549501
[GA][Iter5] Gen:11 Ind:20 RMSE(val)=69.196951
[GA][Iter5] gen=11 best_val_rmse=68.386045
[GA][Iter5] Gen:12 Ind:1 RMSE(val)=68.386045
[GA][Iter5] Gen:12 Ind:2 RMSE(val)=69.146083
[GA][Iter5] Gen:12 Ind:3 RMSE(val)=69.162448
[GA][Iter5] Gen:12 Ind:4 RMSE(val)=69.181965
[GA][Iter5] Gen:12 Ind:5 RMSE(val)=69.196951
[GA][Iter5] Gen:12 Ind:6 RMSE(val)=69.218942
[GA][Iter5] Gen:12 Ind:7 RMSE(val)=69.278967
[GA][Iter5] Gen:12 Ind:8 RMSE(val)=69.287980
[GA][Iter5] Gen:12 Ind:9 RMSE(val)=69.288738
[GA][Iter5] Gen:12 Ind:10 RMSE(val)=69.398158
[GA][Iter5] Gen:12 Ind:11 RMSE(val)=69.247747
[GA][Iter5] Gen:12 Ind:12 RMSE(val)=68.733561
[GA][Iter5] Gen:12 Ind:13 RMSE(val)=69.162448
[GA][Iter5] Gen:12 Ind:14 RMSE(val)=68.559713
[GA][Iter5] Gen:12 Ind:15 RMSE(val)=69.398158
[GA][Iter5] Gen:12 Ind:16 RMSE(val)=69.175854
[GA][Iter5] Gen:12 Ind:17 RMSE(val)=69.288738
[GA][Iter5] Gen:12 Ind:18 RMSE(val)=68.386045
[GA][Iter5] Gen:12 Ind:19 RMSE(val)=69.287980
[GA][Iter5] Gen:12 Ind:20 RMSE(val)=69.144927
[GA][Iter5] gen=12 best_val_rmse=68.386045
[GA][Iter5] Gen:13 Ind:1 RMSE(val)=68.386045
[GA][Iter5] Gen:13 Ind:2 RMSE(val)=68.386045
[GA][Iter5] Gen:13 Ind:3 RMSE(val)=68.559713
[GA][Iter5] Gen:13 Ind:4 RMSE(val)=68.733561
[GA][Iter5] Gen:13 Ind:5 RMSE(val)=69.144927
[GA][Iter5] Gen:13 Ind:6 RMSE(val)=69.146083
[GA][Iter5] Gen:13 Ind:7 RMSE(val)=69.162448
[GA][Iter5] Gen:13 Ind:8 RMSE(val)=69.162448
[GA][Iter5] Gen:13 Ind:9 RMSE(val)=69.175854
[GA][Iter5] Gen:13 Ind:10 RMSE(val)=69.181965
[GA][Iter5] Gen:13 Ind:11 RMSE(val)=69.636593
[GA][Iter5] Gen:13 Ind:12 RMSE(val)=68.928885
[GA][Iter5] Gen:13 Ind:13 RMSE(val)=69.276195
[GA][Iter5] Gen:13 Ind:14 RMSE(val)=69.146083
[GA][Iter5] Gen:13 Ind:15 RMSE(val)=69.593509
[GA][Iter5] Gen:13 Ind:16 RMSE(val)=70.285185
[GA][Iter5] Gen:13 Ind:17 RMSE(val)=69.568385
[GA][Iter5] Gen:13 Ind:18 RMSE(val)=69.175571
[GA][Iter5] Gen:13 Ind:19 RMSE(val)=69.146083
[GA][Iter5] Gen:13 Ind:20 RMSE(val)=69.489044
[GA][Iter5] gen=13 best_val_rmse=68.386045
[GA][Iter5] Gen:14 Ind:1 RMSE(val)=68.386045
[GA][Iter5] Gen:14 Ind:2 RMSE(val)=68.386045
[GA][Iter5] Gen:14 Ind:3 RMSE(val)=68.559713
[GA][Iter5] Gen:14 Ind:4 RMSE(val)=68.733561
[GA][Iter5] Gen:14 Ind:5 RMSE(val)=68.928885
[GA][Iter5] Gen:14 Ind:6 RMSE(val)=69.144927
[GA][Iter5] Gen:14 Ind:7 RMSE(val)=69.146083
[GA][Iter5] Gen:14 Ind:8 RMSE(val)=69.146083
[GA][Iter5] Gen:14 Ind:9 RMSE(val)=69.146083
[GA][Iter5] Gen:14 Ind:10 RMSE(val)=69.162448
[GA][Iter5] Gen:14 Ind:11 RMSE(val)=70.194280
[GA][Iter5] Gen:14 Ind:12 RMSE(val)=68.548250
[GA][Iter5] Gen:14 Ind:13 RMSE(val)=69.146083
[GA][Iter5] Gen:14 Ind:14 RMSE(val)=68.232867
[GA][Iter5] Gen:14 Ind:15 RMSE(val)=69.162448
[GA][Iter5] Gen:14 Ind:16 RMSE(val)=69.162448
[GA][Iter5] Gen:14 Ind:17 RMSE(val)=69.175571
[GA][Iter5] Gen:14 Ind:18 RMSE(val)=68.759055
[GA][Iter5] Gen:14 Ind:19 RMSE(val)=69.144927
[GA][Iter5] Gen:14 Ind:20 RMSE(val)=68.644862
[GA][Iter5] gen=14 best_val_rmse=68.232867
[GA][Iter5] Gen:15 Ind:1 RMSE(val)=68.232867
[GA][Iter5] Gen:15 Ind:2 RMSE(val)=68.386045
[GA][Iter5] Gen:15 Ind:3 RMSE(val)=68.386045
[GA][Iter5] Gen:15 Ind:4 RMSE(val)=68.548250
[GA][Iter5] Gen:15 Ind:5 RMSE(val)=68.559713
[GA][Iter5] Gen:15 Ind:6 RMSE(val)=68.644862
[GA][Iter5] Gen:15 Ind:7 RMSE(val)=68.733561
[GA][Iter5] Gen:15 Ind:8 RMSE(val)=68.759055
[GA][Iter5] Gen:15 Ind:9 RMSE(val)=68.928885
[GA][Iter5] Gen:15 Ind:10 RMSE(val)=69.144927
[GA][Iter5] Gen:15 Ind:11 RMSE(val)=69.164985
[GA][Iter5] Gen:15 Ind:12 RMSE(val)=68.928885
[GA][Iter5] Gen:15 Ind:13 RMSE(val)=68.432071
[GA][Iter5] Gen:15 Ind:14 RMSE(val)=69.279177
[GA][Iter5] Gen:15 Ind:15 RMSE(val)=68.386045
[GA][Iter5] Gen:15 Ind:16 RMSE(val)=68.559713
[GA][Iter5] Gen:15 Ind:17 RMSE(val)=68.386045
[GA][Iter5] Gen:15 Ind:18 RMSE(val)=68.733561
[GA][Iter5] Gen:15 Ind:19 RMSE(val)=68.559713
[GA][Iter5] Gen:15 Ind:20 RMSE(val)=68.644862
[GA][Iter5] gen=15 best_val_rmse=68.232867
[GA][Iter5] Gen:15 Ind:1 RMSE(val)=68.232867
[GA][Iter5] Gen:15 Ind:2 RMSE(val)=68.386045
[GA][Iter5] Gen:15 Ind:3 RMSE(val)=68.386045
[GA][Iter5] Gen:15 Ind:4 RMSE(val)=68.386045
[GA][Iter5] Gen:15 Ind:5 RMSE(val)=68.386045
[GA][Iter5] Gen:15 Ind:6 RMSE(val)=68.432071
[GA][Iter5] Gen:15 Ind:7 RMSE(val)=68.548250
[GA][Iter5] Gen:15 Ind:8 RMSE(val)=68.559713
[GA][Iter5] Gen:15 Ind:9 RMSE(val)=68.559713
[GA][Iter5] Gen:15 Ind:10 RMSE(val)=68.559713
[GA][Iter5] Gen:15 Ind:11 RMSE(val)=68.559713
[GA][Iter5] Gen:15 Ind:12 RMSE(val)=68.232867
[GA][Iter5] Gen:15 Ind:13 RMSE(val)=68.559713
[GA][Iter5] Gen:15 Ind:14 RMSE(val)=68.386045
[GA][Iter5] Gen:15 Ind:15 RMSE(val)=68.432071
[GA][Iter5] Gen:15 Ind:16 RMSE(val)=68.587144
[GA][Iter5] Gen:15 Ind:17 RMSE(val)=68.386045
[GA][Iter5] Gen:15 Ind:18 RMSE(val)=68.624438
[GA][Iter5] Gen:15 Ind:19 RMSE(val)=68.617906
[GA][Iter5] Gen:15 Ind:20 RMSE(val)=68.419337

[GA DONE][Iter5] Best params on val fold of Iter5
Best val RMSE: 68.232867
Best params: {'n_estimators': 1565, 'learning_rate': 0.017666802017505485, 'num_leaves': 70, 'max_depth': 3, 'min_child_samples': 14, 'subsample': 0.6007206009430797, 'colsample_bytree': 0.8199214373979775, 'reg_lambda': 0.5195805653503169, 'reg_alpha': 1.96266226087207}
--------------------------------------------------------------------------------
[RETUNE GA] Iter5: train folds 1..9 -> test fold 10  RMSE=51.832440  NRMSE=0.542518  CVRMSE=0.111097  R2=0.705052
