=== BASELINE (project=daos, last-7 mean, expanding folds) ===
Iter1: train folds 1..5 -> test fold 6  RMSE=1124.3506  NRMSE=0.9023  CVRMSE=0.3906  R˛=0.1843
Iter2: train folds 1..6 -> test fold 7  RMSE=1073.7679  NRMSE=0.9093  CVRMSE=0.4079  R˛=0.1717
Iter3: train folds 1..7 -> test fold 8  RMSE=1103.3863  NRMSE=0.9525  CVRMSE=0.3848  R˛=0.0911
Iter4: train folds 1..8 -> test fold 9  RMSE=1098.0451  NRMSE=0.9484  CVRMSE=0.4267  R˛=0.0988
Iter5: train folds 1..9 -> test fold 10  RMSE=1315.4961  NRMSE=0.9493  CVRMSE=0.4352  R˛=0.0972
--------------------------------------------------
[FEATURES] initial=197 kept_after_screening=127
['issuer_name', 'branch', 'run_attempt', 'total_builds', 'workflow_size', 'gh_sloc', 'total_jobs', 'gh_files_added', 'gh_files_deleted', 'gh_tests_deleted', 'gh_src_files', 'docker_compose_changed', 'git_commits', 'gh_num_pr_comments', 'hour', 'dow', 'month', 'secs_since_prev', 'duration_lag_1', 'duration_lag_4', 'duration_lag_5', 'duration_lag_6', 'duration_lag_7', 'window_avg_7', 'window_std_3', 'ft___04_', 'ft___15_', 'ft___binpb_', 'ft___c_', 'ft___c__', 'ft___conf_', 'ft___conf__', 'ft___config_', 'ft___config__', 'ft___c____dup1', 'ft___default_', 'ft___default__', 'ft___dict_', 'ft___dict__', 'ft___diff_', 'ft___dirs__', 'ft___env_', 'ft___env__', 'ft___example_', 'ft___go___', 'ft___h_', 'ft___h__', 'ft___install_', 'ft___install__', 'ft___j2_', 'ft___md_', 'ft___md__', 'ft___mk_', 'ft___mk__', 'ft___mod__', 'ft___patch_', 'ft___patch__', 'ft___postinst__', 'ft___preinst_', 'ft___proto_', 'ft___proto__', 'ft___py__', 'ft___rpmlintrc__', 'ft___s_', 'ft___sh__', 'ft___sh____dup1', 'ft___spec_', 'ft___sum_', 'ft___sum__', 'ft___supp_', 'ft___supp__', 'ft___toml_', 'ft___txt_', 'ft___xml_', 'ft___yaml_', 'ft___yaml__', 'ft___yaml____dup1', 'ft___yml_', 'ft___yml__', 'ft___yml____dup1', 'ft____04_', 'ft____8_', 'ft____c_', 'ft____c__', 'ft____config_', 'ft____config__', 'ft____dict_', 'ft____dict__', 'ft____dirs__', 'ft____go_', 'ft____go__', 'ft____google_', 'ft____google__', 'ft____h__', 'ft____j2__', 'ft____md_', 'ft____md__', 'ft____mk_', 'ft____mockbuild__', 'ft____mod__', 'ft____patch_', 'ft____patch__', 'ft____proto__', 'ft____py_', 'ft____py__', 'ft____py____dup1', 'ft____rolling_', 'ft____rpmlintrc__', 'ft____sh_', 'ft____sh__', 'ft____spec_', 'ft____spec__', 'ft____supp_', 'ft____supp__', 'ft____test_summary__', 'ft____toml_', 'ft____txt_', 'ft____txt__', 'ft____ubuntu_', 'ft____ubuntu__', 'ft____xml__', 'ft____yaml_', 'ft____yaml__', 'ft____yaml____dup1', 'ft____yml_', 'ft____yml__', 'ft___']
--------------------------------------------------------------------------------
[GA][Iter1] Gen:1 Ind:1 RMSE(val)=61704.059534
[GA][Iter1] Gen:1 Ind:2 RMSE(val)=61704.204191
[GA][Iter1] Gen:1 Ind:3 RMSE(val)=61703.031422
[GA][Iter1] Gen:1 Ind:4 RMSE(val)=61706.098378
[GA][Iter1] Gen:1 Ind:5 RMSE(val)=61696.807683
[GA][Iter1] Gen:1 Ind:6 RMSE(val)=61704.152136
[GA][Iter1] Gen:1 Ind:7 RMSE(val)=61705.539669
[GA][Iter1] Gen:1 Ind:8 RMSE(val)=61701.690658
[GA][Iter1] Gen:1 Ind:9 RMSE(val)=61698.093994
[GA][Iter1] Gen:1 Ind:10 RMSE(val)=61705.125086
[GA][Iter1] Gen:1 Ind:11 RMSE(val)=61703.085143
[GA][Iter1] Gen:1 Ind:12 RMSE(val)=61704.005002
[GA][Iter1] Gen:1 Ind:13 RMSE(val)=61708.627296
[GA][Iter1] Gen:1 Ind:14 RMSE(val)=61698.897690
[GA][Iter1] Gen:1 Ind:15 RMSE(val)=61705.216649
[GA][Iter1] Gen:1 Ind:16 RMSE(val)=61707.317675
[GA][Iter1] Gen:1 Ind:17 RMSE(val)=61706.147616
[GA][Iter1] Gen:1 Ind:18 RMSE(val)=61705.536840
[GA][Iter1] Gen:1 Ind:19 RMSE(val)=61709.613023
[GA][Iter1] Gen:1 Ind:20 RMSE(val)=61700.193845
[GA][Iter1] gen=1 best_val_rmse=61696.807683
[GA][Iter1] Gen:2 Ind:1 RMSE(val)=61696.807683
[GA][Iter1] Gen:2 Ind:2 RMSE(val)=61698.093994
[GA][Iter1] Gen:2 Ind:3 RMSE(val)=61698.897690
[GA][Iter1] Gen:2 Ind:4 RMSE(val)=61700.193845
[GA][Iter1] Gen:2 Ind:5 RMSE(val)=61701.690658
[GA][Iter1] Gen:2 Ind:6 RMSE(val)=61703.031422
[GA][Iter1] Gen:2 Ind:7 RMSE(val)=61703.085143
[GA][Iter1] Gen:2 Ind:8 RMSE(val)=61704.005002
[GA][Iter1] Gen:2 Ind:9 RMSE(val)=61704.059534
[GA][Iter1] Gen:2 Ind:10 RMSE(val)=61704.152136
[GA][Iter1] Gen:2 Ind:11 RMSE(val)=61706.166314
[GA][Iter1] Gen:2 Ind:12 RMSE(val)=61703.843375
[GA][Iter1] Gen:2 Ind:13 RMSE(val)=61699.946958
[GA][Iter1] Gen:2 Ind:14 RMSE(val)=61692.934192
[GA][Iter1] Gen:2 Ind:15 RMSE(val)=61699.389731
[GA][Iter1] Gen:2 Ind:16 RMSE(val)=61701.640229
[GA][Iter1] Gen:2 Ind:17 RMSE(val)=61705.393127
[GA][Iter1] Gen:2 Ind:18 RMSE(val)=61703.728504
[GA][Iter1] Gen:2 Ind:19 RMSE(val)=61702.678853
[GA][Iter1] Gen:2 Ind:20 RMSE(val)=61703.865270
[GA][Iter1] gen=2 best_val_rmse=61692.934192
[GA][Iter1] Gen:3 Ind:1 RMSE(val)=61692.934192
[GA][Iter1] Gen:3 Ind:2 RMSE(val)=61696.807683
[GA][Iter1] Gen:3 Ind:3 RMSE(val)=61698.093994
[GA][Iter1] Gen:3 Ind:4 RMSE(val)=61698.897690
[GA][Iter1] Gen:3 Ind:5 RMSE(val)=61699.389731
[GA][Iter1] Gen:3 Ind:6 RMSE(val)=61699.946958
[GA][Iter1] Gen:3 Ind:7 RMSE(val)=61700.193845
[GA][Iter1] Gen:3 Ind:8 RMSE(val)=61701.640229
[GA][Iter1] Gen:3 Ind:9 RMSE(val)=61701.690658
[GA][Iter1] Gen:3 Ind:10 RMSE(val)=61702.678853
[GA][Iter1] Gen:3 Ind:11 RMSE(val)=61697.735434
[GA][Iter1] Gen:3 Ind:12 RMSE(val)=61697.112824
[GA][Iter1] Gen:3 Ind:13 RMSE(val)=61698.011461
[GA][Iter1] Gen:3 Ind:14 RMSE(val)=61703.116650
[GA][Iter1] Gen:3 Ind:15 RMSE(val)=61698.403452
[GA][Iter1] Gen:3 Ind:16 RMSE(val)=61698.101720
[GA][Iter1] Gen:3 Ind:17 RMSE(val)=61703.343640
[GA][Iter1] Gen:3 Ind:18 RMSE(val)=61700.493191
[GA][Iter1] Gen:3 Ind:19 RMSE(val)=61703.657203
[GA][Iter1] Gen:3 Ind:20 RMSE(val)=61696.004452
[GA][Iter1] gen=3 best_val_rmse=61692.934192
[GA][Iter1] Gen:4 Ind:1 RMSE(val)=61692.934192
[GA][Iter1] Gen:4 Ind:2 RMSE(val)=61696.004452
[GA][Iter1] Gen:4 Ind:3 RMSE(val)=61696.807683
[GA][Iter1] Gen:4 Ind:4 RMSE(val)=61697.112824
[GA][Iter1] Gen:4 Ind:5 RMSE(val)=61697.735434
[GA][Iter1] Gen:4 Ind:6 RMSE(val)=61698.011461
[GA][Iter1] Gen:4 Ind:7 RMSE(val)=61698.093994
[GA][Iter1] Gen:4 Ind:8 RMSE(val)=61698.101720
[GA][Iter1] Gen:4 Ind:9 RMSE(val)=61698.403452
[GA][Iter1] Gen:4 Ind:10 RMSE(val)=61698.897690
[GA][Iter1] Gen:4 Ind:11 RMSE(val)=61695.816942
[GA][Iter1] Gen:4 Ind:12 RMSE(val)=61694.161431
[GA][Iter1] Gen:4 Ind:13 RMSE(val)=61693.283132
[GA][Iter1] Gen:4 Ind:14 RMSE(val)=61695.759026
[GA][Iter1] Gen:4 Ind:15 RMSE(val)=61696.800707
[GA][Iter1] Gen:4 Ind:16 RMSE(val)=61698.507040
[GA][Iter1] Gen:4 Ind:17 RMSE(val)=61700.349470
[GA][Iter1] Gen:4 Ind:18 RMSE(val)=61698.015029
[GA][Iter1] Gen:4 Ind:19 RMSE(val)=61697.205080
[GA][Iter1] Gen:4 Ind:20 RMSE(val)=61697.900108
[GA][Iter1] gen=4 best_val_rmse=61692.934192
[GA][Iter1] Gen:5 Ind:1 RMSE(val)=61692.934192
[GA][Iter1] Gen:5 Ind:2 RMSE(val)=61693.283132
[GA][Iter1] Gen:5 Ind:3 RMSE(val)=61694.161431
[GA][Iter1] Gen:5 Ind:4 RMSE(val)=61695.759026
[GA][Iter1] Gen:5 Ind:5 RMSE(val)=61695.816942
[GA][Iter1] Gen:5 Ind:6 RMSE(val)=61696.004452
[GA][Iter1] Gen:5 Ind:7 RMSE(val)=61696.800707
[GA][Iter1] Gen:5 Ind:8 RMSE(val)=61696.807683
[GA][Iter1] Gen:5 Ind:9 RMSE(val)=61697.112824
[GA][Iter1] Gen:5 Ind:10 RMSE(val)=61697.205080
[GA][Iter1] Gen:5 Ind:11 RMSE(val)=61695.880728
[GA][Iter1] Gen:5 Ind:12 RMSE(val)=61697.205080
[GA][Iter1] Gen:5 Ind:13 RMSE(val)=61697.584600
[GA][Iter1] Gen:5 Ind:14 RMSE(val)=61693.265502
[GA][Iter1] Gen:5 Ind:15 RMSE(val)=61694.209945
[GA][Iter1] Gen:5 Ind:16 RMSE(val)=61698.741574
[GA][Iter1] Gen:5 Ind:17 RMSE(val)=61697.634053
[GA][Iter1] Gen:5 Ind:18 RMSE(val)=61697.103921
[GA][Iter1] Gen:5 Ind:19 RMSE(val)=61694.219544
[GA][Iter1] Gen:5 Ind:20 RMSE(val)=61693.167552
[GA][Iter1] gen=5 best_val_rmse=61692.934192
[GA][Iter1] Gen:6 Ind:1 RMSE(val)=61692.934192
[GA][Iter1] Gen:6 Ind:2 RMSE(val)=61693.167552
[GA][Iter1] Gen:6 Ind:3 RMSE(val)=61693.265502
[GA][Iter1] Gen:6 Ind:4 RMSE(val)=61693.283132
[GA][Iter1] Gen:6 Ind:5 RMSE(val)=61694.161431
[GA][Iter1] Gen:6 Ind:6 RMSE(val)=61694.209945
[GA][Iter1] Gen:6 Ind:7 RMSE(val)=61694.219544
[GA][Iter1] Gen:6 Ind:8 RMSE(val)=61695.759026
[GA][Iter1] Gen:6 Ind:9 RMSE(val)=61695.816942
[GA][Iter1] Gen:6 Ind:10 RMSE(val)=61695.880728
[GA][Iter1] Gen:6 Ind:11 RMSE(val)=61693.724689
[GA][Iter1] Gen:6 Ind:12 RMSE(val)=61694.161431
[GA][Iter1] Gen:6 Ind:13 RMSE(val)=61692.685661
[GA][Iter1] Gen:6 Ind:14 RMSE(val)=61696.331664
[GA][Iter1] Gen:6 Ind:15 RMSE(val)=61695.005677
[GA][Iter1] Gen:6 Ind:16 RMSE(val)=61701.332024
[GA][Iter1] Gen:6 Ind:17 RMSE(val)=61696.921246
[GA][Iter1] Gen:6 Ind:18 RMSE(val)=61696.275249
[GA][Iter1] Gen:6 Ind:19 RMSE(val)=61695.969103
[GA][Iter1] Gen:6 Ind:20 RMSE(val)=61695.514625
[GA][Iter1] gen=6 best_val_rmse=61692.685661
[GA][Iter1] Gen:7 Ind:1 RMSE(val)=61692.685661
[GA][Iter1] Gen:7 Ind:2 RMSE(val)=61692.934192
[GA][Iter1] Gen:7 Ind:3 RMSE(val)=61693.167552
[GA][Iter1] Gen:7 Ind:4 RMSE(val)=61693.265502
[GA][Iter1] Gen:7 Ind:5 RMSE(val)=61693.283132
[GA][Iter1] Gen:7 Ind:6 RMSE(val)=61693.724689
[GA][Iter1] Gen:7 Ind:7 RMSE(val)=61694.161431
[GA][Iter1] Gen:7 Ind:8 RMSE(val)=61694.161431
[GA][Iter1] Gen:7 Ind:9 RMSE(val)=61694.209945
[GA][Iter1] Gen:7 Ind:10 RMSE(val)=61694.219544
[GA][Iter1] Gen:7 Ind:11 RMSE(val)=61695.764614
[GA][Iter1] Gen:7 Ind:12 RMSE(val)=61696.189013
[GA][Iter1] Gen:7 Ind:13 RMSE(val)=61695.924328
[GA][Iter1] Gen:7 Ind:14 RMSE(val)=61698.050092
[GA][Iter1] Gen:7 Ind:15 RMSE(val)=61692.717117
[GA][Iter1] Gen:7 Ind:16 RMSE(val)=61695.618644
[GA][Iter1] Gen:7 Ind:17 RMSE(val)=61693.265502
[GA][Iter1] Gen:7 Ind:18 RMSE(val)=61695.648203
[GA][Iter1] Gen:7 Ind:19 RMSE(val)=61695.640288
[GA][Iter1] Gen:7 Ind:20 RMSE(val)=61693.472992
[GA][Iter1] gen=7 best_val_rmse=61692.685661
[GA][Iter1] Gen:8 Ind:1 RMSE(val)=61692.685661
[GA][Iter1] Gen:8 Ind:2 RMSE(val)=61692.717117
[GA][Iter1] Gen:8 Ind:3 RMSE(val)=61692.934192
[GA][Iter1] Gen:8 Ind:4 RMSE(val)=61693.167552
[GA][Iter1] Gen:8 Ind:5 RMSE(val)=61693.265502
[GA][Iter1] Gen:8 Ind:6 RMSE(val)=61693.265502
[GA][Iter1] Gen:8 Ind:7 RMSE(val)=61693.283132
[GA][Iter1] Gen:8 Ind:8 RMSE(val)=61693.472992
[GA][Iter1] Gen:8 Ind:9 RMSE(val)=61693.724689
[GA][Iter1] Gen:8 Ind:10 RMSE(val)=61694.161431
[GA][Iter1] Gen:8 Ind:11 RMSE(val)=61698.601141
[GA][Iter1] Gen:8 Ind:12 RMSE(val)=61694.414969
[GA][Iter1] Gen:8 Ind:13 RMSE(val)=61697.608542
[GA][Iter1] Gen:8 Ind:14 RMSE(val)=61695.362125
[GA][Iter1] Gen:8 Ind:15 RMSE(val)=61695.878889
[GA][Iter1] Gen:8 Ind:16 RMSE(val)=61692.717117
[GA][Iter1] Gen:8 Ind:17 RMSE(val)=61692.717117
[GA][Iter1] Gen:8 Ind:18 RMSE(val)=61694.311209
[GA][Iter1] Gen:8 Ind:19 RMSE(val)=61693.607508
[GA][Iter1] Gen:8 Ind:20 RMSE(val)=61693.112869
[GA][Iter1] gen=8 best_val_rmse=61692.685661
[GA][Iter1] Gen:9 Ind:1 RMSE(val)=61692.685661
[GA][Iter1] Gen:9 Ind:2 RMSE(val)=61692.717117
[GA][Iter1] Gen:9 Ind:3 RMSE(val)=61692.717117
[GA][Iter1] Gen:9 Ind:4 RMSE(val)=61692.717117
[GA][Iter1] Gen:9 Ind:5 RMSE(val)=61692.934192
[GA][Iter1] Gen:9 Ind:6 RMSE(val)=61693.112869
[GA][Iter1] Gen:9 Ind:7 RMSE(val)=61693.167552
[GA][Iter1] Gen:9 Ind:8 RMSE(val)=61693.265502
[GA][Iter1] Gen:9 Ind:9 RMSE(val)=61693.265502
[GA][Iter1] Gen:9 Ind:10 RMSE(val)=61693.283132
[GA][Iter1] Gen:9 Ind:11 RMSE(val)=61694.811106
[GA][Iter1] Gen:9 Ind:12 RMSE(val)=61693.167552
[GA][Iter1] Gen:9 Ind:13 RMSE(val)=61692.273524
[GA][Iter1] Gen:9 Ind:14 RMSE(val)=61692.897518
[GA][Iter1] Gen:9 Ind:15 RMSE(val)=61695.450094
[GA][Iter1] Gen:9 Ind:16 RMSE(val)=61693.208851
[GA][Iter1] Gen:9 Ind:17 RMSE(val)=61693.167552
[GA][Iter1] Gen:9 Ind:18 RMSE(val)=61695.353879
[GA][Iter1] Gen:9 Ind:19 RMSE(val)=61693.786746
[GA][Iter1] Gen:9 Ind:20 RMSE(val)=61696.214512
[GA][Iter1] gen=9 best_val_rmse=61692.273524
[GA][Iter1] Gen:10 Ind:1 RMSE(val)=61692.273524
[GA][Iter1] Gen:10 Ind:2 RMSE(val)=61692.685661
[GA][Iter1] Gen:10 Ind:3 RMSE(val)=61692.717117
[GA][Iter1] Gen:10 Ind:4 RMSE(val)=61692.717117
[GA][Iter1] Gen:10 Ind:5 RMSE(val)=61692.717117
[GA][Iter1] Gen:10 Ind:6 RMSE(val)=61692.897518
[GA][Iter1] Gen:10 Ind:7 RMSE(val)=61692.934192
[GA][Iter1] Gen:10 Ind:8 RMSE(val)=61693.112869
[GA][Iter1] Gen:10 Ind:9 RMSE(val)=61693.167552
[GA][Iter1] Gen:10 Ind:10 RMSE(val)=61693.167552
[GA][Iter1] Gen:10 Ind:11 RMSE(val)=61694.559040
[GA][Iter1] Gen:10 Ind:12 RMSE(val)=61693.895844
[GA][Iter1] Gen:10 Ind:13 RMSE(val)=61695.510875
[GA][Iter1] Gen:10 Ind:14 RMSE(val)=61691.871558
[GA][Iter1] Gen:10 Ind:15 RMSE(val)=61692.500842
[GA][Iter1] Gen:10 Ind:16 RMSE(val)=61692.717117
[GA][Iter1] Gen:10 Ind:17 RMSE(val)=61693.743279
[GA][Iter1] Gen:10 Ind:18 RMSE(val)=61692.717117
[GA][Iter1] Gen:10 Ind:19 RMSE(val)=61696.364498
[GA][Iter1] Gen:10 Ind:20 RMSE(val)=61692.685661
[GA][Iter1] gen=10 best_val_rmse=61691.871558
[GA][Iter1] Gen:11 Ind:1 RMSE(val)=61691.871558
[GA][Iter1] Gen:11 Ind:2 RMSE(val)=61692.273524
[GA][Iter1] Gen:11 Ind:3 RMSE(val)=61692.500842
[GA][Iter1] Gen:11 Ind:4 RMSE(val)=61692.685661
[GA][Iter1] Gen:11 Ind:5 RMSE(val)=61692.685661
[GA][Iter1] Gen:11 Ind:6 RMSE(val)=61692.717117
[GA][Iter1] Gen:11 Ind:7 RMSE(val)=61692.717117
[GA][Iter1] Gen:11 Ind:8 RMSE(val)=61692.717117
[GA][Iter1] Gen:11 Ind:9 RMSE(val)=61692.717117
[GA][Iter1] Gen:11 Ind:10 RMSE(val)=61692.717117
[GA][Iter1] Gen:11 Ind:11 RMSE(val)=61692.717117
[GA][Iter1] Gen:11 Ind:12 RMSE(val)=61695.646174
[GA][Iter1] Gen:11 Ind:13 RMSE(val)=61694.500500
[GA][Iter1] Gen:11 Ind:14 RMSE(val)=61692.685661
[GA][Iter1] Gen:11 Ind:15 RMSE(val)=61695.353879
[GA][Iter1] Gen:11 Ind:16 RMSE(val)=61690.892363
[GA][Iter1] Gen:11 Ind:17 RMSE(val)=61692.500842
[GA][Iter1] Gen:11 Ind:18 RMSE(val)=61691.422139
[GA][Iter1] Gen:11 Ind:19 RMSE(val)=61696.055614
[GA][Iter1] Gen:11 Ind:20 RMSE(val)=61696.020889
[GA][Iter1] gen=11 best_val_rmse=61690.892363
[GA][Iter1] Gen:12 Ind:1 RMSE(val)=61690.892363
[GA][Iter1] Gen:12 Ind:2 RMSE(val)=61691.422139
[GA][Iter1] Gen:12 Ind:3 RMSE(val)=61691.871558
[GA][Iter1] Gen:12 Ind:4 RMSE(val)=61692.273524
[GA][Iter1] Gen:12 Ind:5 RMSE(val)=61692.500842
[GA][Iter1] Gen:12 Ind:6 RMSE(val)=61692.500842
[GA][Iter1] Gen:12 Ind:7 RMSE(val)=61692.685661
[GA][Iter1] Gen:12 Ind:8 RMSE(val)=61692.685661
[GA][Iter1] Gen:12 Ind:9 RMSE(val)=61692.685661
[GA][Iter1] Gen:12 Ind:10 RMSE(val)=61692.717117
[GA][Iter1] Gen:12 Ind:11 RMSE(val)=61692.146057
[GA][Iter1] Gen:12 Ind:12 RMSE(val)=61693.598340
[GA][Iter1] Gen:12 Ind:13 RMSE(val)=61698.195730
[GA][Iter1] Gen:12 Ind:14 RMSE(val)=61695.353879
[GA][Iter1] Gen:12 Ind:15 RMSE(val)=61691.495614
[GA][Iter1] Gen:12 Ind:16 RMSE(val)=61692.717117
[GA][Iter1] Gen:12 Ind:17 RMSE(val)=61692.685661
[GA][Iter1] Gen:12 Ind:18 RMSE(val)=61693.177491
[GA][Iter1] Gen:12 Ind:19 RMSE(val)=61691.871558
[GA][Iter1] Gen:12 Ind:20 RMSE(val)=61694.144484
[GA][Iter1] gen=12 best_val_rmse=61690.892363
[GA][Iter1] Gen:13 Ind:1 RMSE(val)=61690.892363
[GA][Iter1] Gen:13 Ind:2 RMSE(val)=61691.422139
[GA][Iter1] Gen:13 Ind:3 RMSE(val)=61691.495614
[GA][Iter1] Gen:13 Ind:4 RMSE(val)=61691.871558
[GA][Iter1] Gen:13 Ind:5 RMSE(val)=61691.871558
[GA][Iter1] Gen:13 Ind:6 RMSE(val)=61692.146057
[GA][Iter1] Gen:13 Ind:7 RMSE(val)=61692.273524
[GA][Iter1] Gen:13 Ind:8 RMSE(val)=61692.500842
[GA][Iter1] Gen:13 Ind:9 RMSE(val)=61692.500842
[GA][Iter1] Gen:13 Ind:10 RMSE(val)=61692.685661
[GA][Iter1] Gen:13 Ind:11 RMSE(val)=61692.675048
[GA][Iter1] Gen:13 Ind:12 RMSE(val)=61696.077125
[GA][Iter1] Gen:13 Ind:13 RMSE(val)=61691.880905
[GA][Iter1] Gen:13 Ind:14 RMSE(val)=61691.422139
[GA][Iter1] Gen:13 Ind:15 RMSE(val)=61692.146057
[GA][Iter1] Gen:13 Ind:16 RMSE(val)=61692.571510
[GA][Iter1] Gen:13 Ind:17 RMSE(val)=61693.896292
[GA][Iter1] Gen:13 Ind:18 RMSE(val)=61700.968862
[GA][Iter1] Gen:13 Ind:19 RMSE(val)=61693.128948
[GA][Iter1] Gen:13 Ind:20 RMSE(val)=61694.592974
[GA][Iter1] gen=13 best_val_rmse=61690.892363
[GA][Iter1] Gen:14 Ind:1 RMSE(val)=61690.892363
[GA][Iter1] Gen:14 Ind:2 RMSE(val)=61691.422139
[GA][Iter1] Gen:14 Ind:3 RMSE(val)=61691.422139
[GA][Iter1] Gen:14 Ind:4 RMSE(val)=61691.495614
[GA][Iter1] Gen:14 Ind:5 RMSE(val)=61691.871558
[GA][Iter1] Gen:14 Ind:6 RMSE(val)=61691.871558
[GA][Iter1] Gen:14 Ind:7 RMSE(val)=61691.880905
[GA][Iter1] Gen:14 Ind:8 RMSE(val)=61692.146057
[GA][Iter1] Gen:14 Ind:9 RMSE(val)=61692.146057
[GA][Iter1] Gen:14 Ind:10 RMSE(val)=61692.273524
[GA][Iter1] Gen:14 Ind:11 RMSE(val)=61696.412425
[GA][Iter1] Gen:14 Ind:12 RMSE(val)=61691.871558
[GA][Iter1] Gen:14 Ind:13 RMSE(val)=61696.654183
[GA][Iter1] Gen:14 Ind:14 RMSE(val)=61695.352174
[GA][Iter1] Gen:14 Ind:15 RMSE(val)=61694.022606
[GA][Iter1] Gen:14 Ind:16 RMSE(val)=61696.505213
[GA][Iter1] Gen:14 Ind:17 RMSE(val)=61694.130356
[GA][Iter1] Gen:14 Ind:18 RMSE(val)=61696.073424
[GA][Iter1] Gen:14 Ind:19 RMSE(val)=61694.534643
[GA][Iter1] Gen:14 Ind:20 RMSE(val)=61695.353879
[GA][Iter1] gen=14 best_val_rmse=61690.892363
[GA][Iter1] Gen:15 Ind:1 RMSE(val)=61690.892363
[GA][Iter1] Gen:15 Ind:2 RMSE(val)=61691.422139
[GA][Iter1] Gen:15 Ind:3 RMSE(val)=61691.422139
[GA][Iter1] Gen:15 Ind:4 RMSE(val)=61691.495614
[GA][Iter1] Gen:15 Ind:5 RMSE(val)=61691.871558
[GA][Iter1] Gen:15 Ind:6 RMSE(val)=61691.871558
[GA][Iter1] Gen:15 Ind:7 RMSE(val)=61691.871558
[GA][Iter1] Gen:15 Ind:8 RMSE(val)=61691.880905
[GA][Iter1] Gen:15 Ind:9 RMSE(val)=61692.146057
[GA][Iter1] Gen:15 Ind:10 RMSE(val)=61692.146057
[GA][Iter1] Gen:15 Ind:11 RMSE(val)=61691.871558
[GA][Iter1] Gen:15 Ind:12 RMSE(val)=61692.146057
[GA][Iter1] Gen:15 Ind:13 RMSE(val)=61691.782307
[GA][Iter1] Gen:15 Ind:14 RMSE(val)=61695.741505
[GA][Iter1] Gen:15 Ind:15 RMSE(val)=61696.815414
[GA][Iter1] Gen:15 Ind:16 RMSE(val)=61694.202786
[GA][Iter1] Gen:15 Ind:17 RMSE(val)=61694.459775
[GA][Iter1] Gen:15 Ind:18 RMSE(val)=61695.557674
[GA][Iter1] Gen:15 Ind:19 RMSE(val)=61691.871558
[GA][Iter1] Gen:15 Ind:20 RMSE(val)=61691.871558
[GA][Iter1] gen=15 best_val_rmse=61690.892363
[GA][Iter1] Gen:15 Ind:1 RMSE(val)=61690.892363
[GA][Iter1] Gen:15 Ind:2 RMSE(val)=61691.422139
[GA][Iter1] Gen:15 Ind:3 RMSE(val)=61691.422139
[GA][Iter1] Gen:15 Ind:4 RMSE(val)=61691.495614
[GA][Iter1] Gen:15 Ind:5 RMSE(val)=61691.782307
[GA][Iter1] Gen:15 Ind:6 RMSE(val)=61691.871558
[GA][Iter1] Gen:15 Ind:7 RMSE(val)=61691.871558
[GA][Iter1] Gen:15 Ind:8 RMSE(val)=61691.871558
[GA][Iter1] Gen:15 Ind:9 RMSE(val)=61691.871558
[GA][Iter1] Gen:15 Ind:10 RMSE(val)=61691.871558
[GA][Iter1] Gen:15 Ind:11 RMSE(val)=61695.352174
[GA][Iter1] Gen:15 Ind:12 RMSE(val)=61691.871558
[GA][Iter1] Gen:15 Ind:13 RMSE(val)=61693.902349
[GA][Iter1] Gen:15 Ind:14 RMSE(val)=61691.871558
[GA][Iter1] Gen:15 Ind:15 RMSE(val)=61694.913771
[GA][Iter1] Gen:15 Ind:16 RMSE(val)=61691.871558
[GA][Iter1] Gen:15 Ind:17 RMSE(val)=61695.164449
[GA][Iter1] Gen:15 Ind:18 RMSE(val)=61690.861540
[GA][Iter1] Gen:15 Ind:19 RMSE(val)=61692.500842
[GA][Iter1] Gen:15 Ind:20 RMSE(val)=61691.871558

[GA DONE][Iter1] Best params on val fold of Iter1
Best val RMSE: 61690.861540
Best params: {'n_estimators': 1819, 'learning_rate': 0.08529371558395964, 'num_leaves': 26, 'max_depth': 14, 'min_child_samples': 49, 'subsample': 0.8147881321635181, 'colsample_bytree': 0.7067300759810171, 'reg_lambda': 5.377703530585389, 'reg_alpha': 0.013621333882670261}
--------------------------------------------------------------------------------
[RETUNE GA] Iter1: train folds 1..5 -> test fold 6  RMSE=750.528458  NRMSE=0.602311  CVRMSE=0.260730  R2=0.636553
[GA][Iter2] Gen:1 Ind:1 RMSE(val)=722.415197
[GA][Iter2] Gen:1 Ind:2 RMSE(val)=732.697158
[GA][Iter2] Gen:1 Ind:3 RMSE(val)=761.765612
[GA][Iter2] Gen:1 Ind:4 RMSE(val)=769.963845
[GA][Iter2] Gen:1 Ind:5 RMSE(val)=748.655739
[GA][Iter2] Gen:1 Ind:6 RMSE(val)=742.641657
[GA][Iter2] Gen:1 Ind:7 RMSE(val)=758.677817
[GA][Iter2] Gen:1 Ind:8 RMSE(val)=731.339585
[GA][Iter2] Gen:1 Ind:9 RMSE(val)=746.027387
[GA][Iter2] Gen:1 Ind:10 RMSE(val)=746.577355
[GA][Iter2] Gen:1 Ind:11 RMSE(val)=719.177210
[GA][Iter2] Gen:1 Ind:12 RMSE(val)=746.689657
[GA][Iter2] Gen:1 Ind:13 RMSE(val)=736.783066
[GA][Iter2] Gen:1 Ind:14 RMSE(val)=730.173779
[GA][Iter2] Gen:1 Ind:15 RMSE(val)=748.693773
[GA][Iter2] Gen:1 Ind:16 RMSE(val)=723.897352
[GA][Iter2] Gen:1 Ind:17 RMSE(val)=735.887528
[GA][Iter2] Gen:1 Ind:18 RMSE(val)=723.072555
[GA][Iter2] Gen:1 Ind:19 RMSE(val)=750.282279
[GA][Iter2] Gen:1 Ind:20 RMSE(val)=742.642867
[GA][Iter2] gen=1 best_val_rmse=719.177210
[GA][Iter2] Gen:2 Ind:1 RMSE(val)=719.177210
[GA][Iter2] Gen:2 Ind:2 RMSE(val)=722.415197
[GA][Iter2] Gen:2 Ind:3 RMSE(val)=723.072555
[GA][Iter2] Gen:2 Ind:4 RMSE(val)=723.897352
[GA][Iter2] Gen:2 Ind:5 RMSE(val)=730.173779
[GA][Iter2] Gen:2 Ind:6 RMSE(val)=731.339585
[GA][Iter2] Gen:2 Ind:7 RMSE(val)=732.697158
[GA][Iter2] Gen:2 Ind:8 RMSE(val)=735.887528
[GA][Iter2] Gen:2 Ind:9 RMSE(val)=736.783066
[GA][Iter2] Gen:2 Ind:10 RMSE(val)=742.641657
[GA][Iter2] Gen:2 Ind:11 RMSE(val)=730.646175
[GA][Iter2] Gen:2 Ind:12 RMSE(val)=733.507872
[GA][Iter2] Gen:2 Ind:13 RMSE(val)=717.350843
[GA][Iter2] Gen:2 Ind:14 RMSE(val)=708.416231
[GA][Iter2] Gen:2 Ind:15 RMSE(val)=713.114074
[GA][Iter2] Gen:2 Ind:16 RMSE(val)=743.053675
[GA][Iter2] Gen:2 Ind:17 RMSE(val)=711.492528
[GA][Iter2] Gen:2 Ind:18 RMSE(val)=734.150491
[GA][Iter2] Gen:2 Ind:19 RMSE(val)=727.108850
[GA][Iter2] Gen:2 Ind:20 RMSE(val)=736.768046
[GA][Iter2] gen=2 best_val_rmse=708.416231
[GA][Iter2] Gen:3 Ind:1 RMSE(val)=708.416231
[GA][Iter2] Gen:3 Ind:2 RMSE(val)=711.492528
[GA][Iter2] Gen:3 Ind:3 RMSE(val)=713.114074
[GA][Iter2] Gen:3 Ind:4 RMSE(val)=717.350843
[GA][Iter2] Gen:3 Ind:5 RMSE(val)=719.177210
[GA][Iter2] Gen:3 Ind:6 RMSE(val)=722.415197
[GA][Iter2] Gen:3 Ind:7 RMSE(val)=723.072555
[GA][Iter2] Gen:3 Ind:8 RMSE(val)=723.897352
[GA][Iter2] Gen:3 Ind:9 RMSE(val)=727.108850
[GA][Iter2] Gen:3 Ind:10 RMSE(val)=730.173779
[GA][Iter2] Gen:3 Ind:11 RMSE(val)=711.399960
[GA][Iter2] Gen:3 Ind:12 RMSE(val)=720.187440
[GA][Iter2] Gen:3 Ind:13 RMSE(val)=722.534844
[GA][Iter2] Gen:3 Ind:14 RMSE(val)=728.096344
[GA][Iter2] Gen:3 Ind:15 RMSE(val)=720.719113
[GA][Iter2] Gen:3 Ind:16 RMSE(val)=710.997984
[GA][Iter2] Gen:3 Ind:17 RMSE(val)=715.207841
[GA][Iter2] Gen:3 Ind:18 RMSE(val)=715.471672
[GA][Iter2] Gen:3 Ind:19 RMSE(val)=723.697622
[GA][Iter2] Gen:3 Ind:20 RMSE(val)=721.551763
[GA][Iter2] gen=3 best_val_rmse=708.416231
[GA][Iter2] Gen:4 Ind:1 RMSE(val)=708.416231
[GA][Iter2] Gen:4 Ind:2 RMSE(val)=710.997984
[GA][Iter2] Gen:4 Ind:3 RMSE(val)=711.399960
[GA][Iter2] Gen:4 Ind:4 RMSE(val)=711.492528
[GA][Iter2] Gen:4 Ind:5 RMSE(val)=713.114074
[GA][Iter2] Gen:4 Ind:6 RMSE(val)=715.207841
[GA][Iter2] Gen:4 Ind:7 RMSE(val)=715.471672
[GA][Iter2] Gen:4 Ind:8 RMSE(val)=717.350843
[GA][Iter2] Gen:4 Ind:9 RMSE(val)=719.177210
[GA][Iter2] Gen:4 Ind:10 RMSE(val)=720.187440
[GA][Iter2] Gen:4 Ind:11 RMSE(val)=719.272700
[GA][Iter2] Gen:4 Ind:12 RMSE(val)=721.800082
[GA][Iter2] Gen:4 Ind:13 RMSE(val)=704.864595
[GA][Iter2] Gen:4 Ind:14 RMSE(val)=706.614284
[GA][Iter2] Gen:4 Ind:15 RMSE(val)=729.305266
[GA][Iter2] Gen:4 Ind:16 RMSE(val)=725.500179
[GA][Iter2] Gen:4 Ind:17 RMSE(val)=718.665831
[GA][Iter2] Gen:4 Ind:18 RMSE(val)=721.534658
[GA][Iter2] Gen:4 Ind:19 RMSE(val)=705.998345
[GA][Iter2] Gen:4 Ind:20 RMSE(val)=709.774260
[GA][Iter2] gen=4 best_val_rmse=704.864595
[GA][Iter2] Gen:5 Ind:1 RMSE(val)=704.864595
[GA][Iter2] Gen:5 Ind:2 RMSE(val)=705.998345
[GA][Iter2] Gen:5 Ind:3 RMSE(val)=706.614284
[GA][Iter2] Gen:5 Ind:4 RMSE(val)=708.416231
[GA][Iter2] Gen:5 Ind:5 RMSE(val)=709.774260
[GA][Iter2] Gen:5 Ind:6 RMSE(val)=710.997984
[GA][Iter2] Gen:5 Ind:7 RMSE(val)=711.399960
[GA][Iter2] Gen:5 Ind:8 RMSE(val)=711.492528
[GA][Iter2] Gen:5 Ind:9 RMSE(val)=713.114074
[GA][Iter2] Gen:5 Ind:10 RMSE(val)=715.207841
[GA][Iter2] Gen:5 Ind:11 RMSE(val)=709.784649
[GA][Iter2] Gen:5 Ind:12 RMSE(val)=712.302937
[GA][Iter2] Gen:5 Ind:13 RMSE(val)=707.381986
[GA][Iter2] Gen:5 Ind:14 RMSE(val)=708.496013
[GA][Iter2] Gen:5 Ind:15 RMSE(val)=712.834867
[GA][Iter2] Gen:5 Ind:16 RMSE(val)=738.907298
[GA][Iter2] Gen:5 Ind:17 RMSE(val)=715.343675
[GA][Iter2] Gen:5 Ind:18 RMSE(val)=723.345223
[GA][Iter2] Gen:5 Ind:19 RMSE(val)=706.293226
[GA][Iter2] Gen:5 Ind:20 RMSE(val)=706.220710
[GA][Iter2] gen=5 best_val_rmse=704.864595
[GA][Iter2] Gen:6 Ind:1 RMSE(val)=704.864595
[GA][Iter2] Gen:6 Ind:2 RMSE(val)=705.998345
[GA][Iter2] Gen:6 Ind:3 RMSE(val)=706.220710
[GA][Iter2] Gen:6 Ind:4 RMSE(val)=706.293226
[GA][Iter2] Gen:6 Ind:5 RMSE(val)=706.614284
[GA][Iter2] Gen:6 Ind:6 RMSE(val)=707.381986
[GA][Iter2] Gen:6 Ind:7 RMSE(val)=708.416231
[GA][Iter2] Gen:6 Ind:8 RMSE(val)=708.496013
[GA][Iter2] Gen:6 Ind:9 RMSE(val)=709.774260
[GA][Iter2] Gen:6 Ind:10 RMSE(val)=709.784649
[GA][Iter2] Gen:6 Ind:11 RMSE(val)=701.018552
[GA][Iter2] Gen:6 Ind:12 RMSE(val)=715.103410
[GA][Iter2] Gen:6 Ind:13 RMSE(val)=705.126713
[GA][Iter2] Gen:6 Ind:14 RMSE(val)=709.137183
[GA][Iter2] Gen:6 Ind:15 RMSE(val)=703.396894
[GA][Iter2] Gen:6 Ind:16 RMSE(val)=720.567471
[GA][Iter2] Gen:6 Ind:17 RMSE(val)=708.046971
[GA][Iter2] Gen:6 Ind:18 RMSE(val)=708.274115
[GA][Iter2] Gen:6 Ind:19 RMSE(val)=710.143989
[GA][Iter2] Gen:6 Ind:20 RMSE(val)=708.195129
[GA][Iter2] gen=6 best_val_rmse=701.018552
[GA][Iter2] Gen:7 Ind:1 RMSE(val)=701.018552
[GA][Iter2] Gen:7 Ind:2 RMSE(val)=703.396894
[GA][Iter2] Gen:7 Ind:3 RMSE(val)=704.864595
[GA][Iter2] Gen:7 Ind:4 RMSE(val)=705.126713
[GA][Iter2] Gen:7 Ind:5 RMSE(val)=705.998345
[GA][Iter2] Gen:7 Ind:6 RMSE(val)=706.220710
[GA][Iter2] Gen:7 Ind:7 RMSE(val)=706.293226
[GA][Iter2] Gen:7 Ind:8 RMSE(val)=706.614284
[GA][Iter2] Gen:7 Ind:9 RMSE(val)=707.381986
[GA][Iter2] Gen:7 Ind:10 RMSE(val)=708.046971
[GA][Iter2] Gen:7 Ind:11 RMSE(val)=704.624278
[GA][Iter2] Gen:7 Ind:12 RMSE(val)=703.177580
[GA][Iter2] Gen:7 Ind:13 RMSE(val)=706.211905
[GA][Iter2] Gen:7 Ind:14 RMSE(val)=706.293226
[GA][Iter2] Gen:7 Ind:15 RMSE(val)=720.734834
[GA][Iter2] Gen:7 Ind:16 RMSE(val)=704.176229
[GA][Iter2] Gen:7 Ind:17 RMSE(val)=705.126713
[GA][Iter2] Gen:7 Ind:18 RMSE(val)=706.984636
[GA][Iter2] Gen:7 Ind:19 RMSE(val)=706.688762
[GA][Iter2] Gen:7 Ind:20 RMSE(val)=710.495057
[GA][Iter2] gen=7 best_val_rmse=701.018552
[GA][Iter2] Gen:8 Ind:1 RMSE(val)=701.018552
[GA][Iter2] Gen:8 Ind:2 RMSE(val)=703.177580
[GA][Iter2] Gen:8 Ind:3 RMSE(val)=703.396894
[GA][Iter2] Gen:8 Ind:4 RMSE(val)=704.176229
[GA][Iter2] Gen:8 Ind:5 RMSE(val)=704.624278
[GA][Iter2] Gen:8 Ind:6 RMSE(val)=704.864595
[GA][Iter2] Gen:8 Ind:7 RMSE(val)=705.126713
[GA][Iter2] Gen:8 Ind:8 RMSE(val)=705.126713
[GA][Iter2] Gen:8 Ind:9 RMSE(val)=705.998345
[GA][Iter2] Gen:8 Ind:10 RMSE(val)=706.211905
[GA][Iter2] Gen:8 Ind:11 RMSE(val)=703.541285
[GA][Iter2] Gen:8 Ind:12 RMSE(val)=703.160559
[GA][Iter2] Gen:8 Ind:13 RMSE(val)=704.425610
[GA][Iter2] Gen:8 Ind:14 RMSE(val)=705.848170
[GA][Iter2] Gen:8 Ind:15 RMSE(val)=705.998345
[GA][Iter2] Gen:8 Ind:16 RMSE(val)=701.105141
[GA][Iter2] Gen:8 Ind:17 RMSE(val)=711.441507
[GA][Iter2] Gen:8 Ind:18 RMSE(val)=706.351766
[GA][Iter2] Gen:8 Ind:19 RMSE(val)=715.359650
[GA][Iter2] Gen:8 Ind:20 RMSE(val)=708.947244
[GA][Iter2] gen=8 best_val_rmse=701.018552
[GA][Iter2] Gen:9 Ind:1 RMSE(val)=701.018552
[GA][Iter2] Gen:9 Ind:2 RMSE(val)=701.105141
[GA][Iter2] Gen:9 Ind:3 RMSE(val)=703.160559
[GA][Iter2] Gen:9 Ind:4 RMSE(val)=703.177580
[GA][Iter2] Gen:9 Ind:5 RMSE(val)=703.396894
[GA][Iter2] Gen:9 Ind:6 RMSE(val)=703.541285
[GA][Iter2] Gen:9 Ind:7 RMSE(val)=704.176229
[GA][Iter2] Gen:9 Ind:8 RMSE(val)=704.425610
[GA][Iter2] Gen:9 Ind:9 RMSE(val)=704.624278
[GA][Iter2] Gen:9 Ind:10 RMSE(val)=704.864595
[GA][Iter2] Gen:9 Ind:11 RMSE(val)=713.597197
[GA][Iter2] Gen:9 Ind:12 RMSE(val)=704.176229
[GA][Iter2] Gen:9 Ind:13 RMSE(val)=714.105683
[GA][Iter2] Gen:9 Ind:14 RMSE(val)=698.415881
[GA][Iter2] Gen:9 Ind:15 RMSE(val)=701.294177
[GA][Iter2] Gen:9 Ind:16 RMSE(val)=703.120075
[GA][Iter2] Gen:9 Ind:17 RMSE(val)=702.139044
[GA][Iter2] Gen:9 Ind:18 RMSE(val)=706.660034
[GA][Iter2] Gen:9 Ind:19 RMSE(val)=704.425610
[GA][Iter2] Gen:9 Ind:20 RMSE(val)=706.042468
[GA][Iter2] gen=9 best_val_rmse=698.415881
[GA][Iter2] Gen:10 Ind:1 RMSE(val)=698.415881
[GA][Iter2] Gen:10 Ind:2 RMSE(val)=701.018552
[GA][Iter2] Gen:10 Ind:3 RMSE(val)=701.105141
[GA][Iter2] Gen:10 Ind:4 RMSE(val)=701.294177
[GA][Iter2] Gen:10 Ind:5 RMSE(val)=702.139044
[GA][Iter2] Gen:10 Ind:6 RMSE(val)=703.120075
[GA][Iter2] Gen:10 Ind:7 RMSE(val)=703.160559
[GA][Iter2] Gen:10 Ind:8 RMSE(val)=703.177580
[GA][Iter2] Gen:10 Ind:9 RMSE(val)=703.396894
[GA][Iter2] Gen:10 Ind:10 RMSE(val)=703.541285
[GA][Iter2] Gen:10 Ind:11 RMSE(val)=702.049640
[GA][Iter2] Gen:10 Ind:12 RMSE(val)=706.939117
[GA][Iter2] Gen:10 Ind:13 RMSE(val)=713.624026
[GA][Iter2] Gen:10 Ind:14 RMSE(val)=703.693622
[GA][Iter2] Gen:10 Ind:15 RMSE(val)=701.819235
[GA][Iter2] Gen:10 Ind:16 RMSE(val)=703.993533
[GA][Iter2] Gen:10 Ind:17 RMSE(val)=708.874916
[GA][Iter2] Gen:10 Ind:18 RMSE(val)=703.744649
[GA][Iter2] Gen:10 Ind:19 RMSE(val)=708.052552
[GA][Iter2] Gen:10 Ind:20 RMSE(val)=700.122972
[GA][Iter2] gen=10 best_val_rmse=698.415881
[GA][Iter2] Gen:11 Ind:1 RMSE(val)=698.415881
[GA][Iter2] Gen:11 Ind:2 RMSE(val)=700.122972
[GA][Iter2] Gen:11 Ind:3 RMSE(val)=701.018552
[GA][Iter2] Gen:11 Ind:4 RMSE(val)=701.105141
[GA][Iter2] Gen:11 Ind:5 RMSE(val)=701.294177
[GA][Iter2] Gen:11 Ind:6 RMSE(val)=701.819235
[GA][Iter2] Gen:11 Ind:7 RMSE(val)=702.049640
[GA][Iter2] Gen:11 Ind:8 RMSE(val)=702.139044
[GA][Iter2] Gen:11 Ind:9 RMSE(val)=703.120075
[GA][Iter2] Gen:11 Ind:10 RMSE(val)=703.160559
[GA][Iter2] Gen:11 Ind:11 RMSE(val)=703.120075
[GA][Iter2] Gen:11 Ind:12 RMSE(val)=705.998345
[GA][Iter2] Gen:11 Ind:13 RMSE(val)=700.711836
[GA][Iter2] Gen:11 Ind:14 RMSE(val)=707.866607
[GA][Iter2] Gen:11 Ind:15 RMSE(val)=704.226375
[GA][Iter2] Gen:11 Ind:16 RMSE(val)=703.089477
[GA][Iter2] Gen:11 Ind:17 RMSE(val)=703.940544
[GA][Iter2] Gen:11 Ind:18 RMSE(val)=709.652918
[GA][Iter2] Gen:11 Ind:19 RMSE(val)=705.748057
[GA][Iter2] Gen:11 Ind:20 RMSE(val)=709.556878
[GA][Iter2] gen=11 best_val_rmse=698.415881
[GA][Iter2] Gen:12 Ind:1 RMSE(val)=698.415881
[GA][Iter2] Gen:12 Ind:2 RMSE(val)=700.122972
[GA][Iter2] Gen:12 Ind:3 RMSE(val)=700.711836
[GA][Iter2] Gen:12 Ind:4 RMSE(val)=701.018552
[GA][Iter2] Gen:12 Ind:5 RMSE(val)=701.105141
[GA][Iter2] Gen:12 Ind:6 RMSE(val)=701.294177
[GA][Iter2] Gen:12 Ind:7 RMSE(val)=701.819235
[GA][Iter2] Gen:12 Ind:8 RMSE(val)=702.049640
[GA][Iter2] Gen:12 Ind:9 RMSE(val)=702.139044
[GA][Iter2] Gen:12 Ind:10 RMSE(val)=703.089477
[GA][Iter2] Gen:12 Ind:11 RMSE(val)=708.199895
[GA][Iter2] Gen:12 Ind:12 RMSE(val)=707.988391
[GA][Iter2] Gen:12 Ind:13 RMSE(val)=701.343140
[GA][Iter2] Gen:12 Ind:14 RMSE(val)=704.205273
[GA][Iter2] Gen:12 Ind:15 RMSE(val)=704.084974
[GA][Iter2] Gen:12 Ind:16 RMSE(val)=703.089477
[GA][Iter2] Gen:12 Ind:17 RMSE(val)=701.819235
[GA][Iter2] Gen:12 Ind:18 RMSE(val)=701.294177
[GA][Iter2] Gen:12 Ind:19 RMSE(val)=701.384007
[GA][Iter2] Gen:12 Ind:20 RMSE(val)=702.049640
[GA][Iter2] gen=12 best_val_rmse=698.415881
[GA][Iter2] Gen:13 Ind:1 RMSE(val)=698.415881
[GA][Iter2] Gen:13 Ind:2 RMSE(val)=700.122972
[GA][Iter2] Gen:13 Ind:3 RMSE(val)=700.711836
[GA][Iter2] Gen:13 Ind:4 RMSE(val)=701.018552
[GA][Iter2] Gen:13 Ind:5 RMSE(val)=701.105141
[GA][Iter2] Gen:13 Ind:6 RMSE(val)=701.294177
[GA][Iter2] Gen:13 Ind:7 RMSE(val)=701.294177
[GA][Iter2] Gen:13 Ind:8 RMSE(val)=701.343140
[GA][Iter2] Gen:13 Ind:9 RMSE(val)=701.384007
[GA][Iter2] Gen:13 Ind:10 RMSE(val)=701.819235
[GA][Iter2] Gen:13 Ind:11 RMSE(val)=715.995439
[GA][Iter2] Gen:13 Ind:12 RMSE(val)=707.700860
[GA][Iter2] Gen:13 Ind:13 RMSE(val)=701.018552
[GA][Iter2] Gen:13 Ind:14 RMSE(val)=703.550959
[GA][Iter2] Gen:13 Ind:15 RMSE(val)=709.644439
[GA][Iter2] Gen:13 Ind:16 RMSE(val)=722.836972
[GA][Iter2] Gen:13 Ind:17 RMSE(val)=702.308777
[GA][Iter2] Gen:13 Ind:18 RMSE(val)=711.220154
[GA][Iter2] Gen:13 Ind:19 RMSE(val)=718.103585
[GA][Iter2] Gen:13 Ind:20 RMSE(val)=701.294177
[GA][Iter2] gen=13 best_val_rmse=698.415881
[GA][Iter2] Gen:14 Ind:1 RMSE(val)=698.415881
[GA][Iter2] Gen:14 Ind:2 RMSE(val)=700.122972
[GA][Iter2] Gen:14 Ind:3 RMSE(val)=700.711836
[GA][Iter2] Gen:14 Ind:4 RMSE(val)=701.018552
[GA][Iter2] Gen:14 Ind:5 RMSE(val)=701.018552
[GA][Iter2] Gen:14 Ind:6 RMSE(val)=701.105141
[GA][Iter2] Gen:14 Ind:7 RMSE(val)=701.294177
[GA][Iter2] Gen:14 Ind:8 RMSE(val)=701.294177
[GA][Iter2] Gen:14 Ind:9 RMSE(val)=701.294177
[GA][Iter2] Gen:14 Ind:10 RMSE(val)=701.343140
[GA][Iter2] Gen:14 Ind:11 RMSE(val)=709.644439
[GA][Iter2] Gen:14 Ind:12 RMSE(val)=712.744828
[GA][Iter2] Gen:14 Ind:13 RMSE(val)=707.200426
[GA][Iter2] Gen:14 Ind:14 RMSE(val)=701.294177
[GA][Iter2] Gen:14 Ind:15 RMSE(val)=705.998345
[GA][Iter2] Gen:14 Ind:16 RMSE(val)=701.795840
[GA][Iter2] Gen:14 Ind:17 RMSE(val)=707.918957
[GA][Iter2] Gen:14 Ind:18 RMSE(val)=706.214460
[GA][Iter2] Gen:14 Ind:19 RMSE(val)=701.990344
[GA][Iter2] Gen:14 Ind:20 RMSE(val)=705.643825
[GA][Iter2] gen=14 best_val_rmse=698.415881
[GA][Iter2] Gen:15 Ind:1 RMSE(val)=698.415881
[GA][Iter2] Gen:15 Ind:2 RMSE(val)=700.122972
[GA][Iter2] Gen:15 Ind:3 RMSE(val)=700.711836
[GA][Iter2] Gen:15 Ind:4 RMSE(val)=701.018552
[GA][Iter2] Gen:15 Ind:5 RMSE(val)=701.018552
[GA][Iter2] Gen:15 Ind:6 RMSE(val)=701.105141
[GA][Iter2] Gen:15 Ind:7 RMSE(val)=701.294177
[GA][Iter2] Gen:15 Ind:8 RMSE(val)=701.294177
[GA][Iter2] Gen:15 Ind:9 RMSE(val)=701.294177
[GA][Iter2] Gen:15 Ind:10 RMSE(val)=701.294177
[GA][Iter2] Gen:15 Ind:11 RMSE(val)=718.103585
[GA][Iter2] Gen:15 Ind:12 RMSE(val)=706.094000
[GA][Iter2] Gen:15 Ind:13 RMSE(val)=714.824949
[GA][Iter2] Gen:15 Ind:14 RMSE(val)=707.325075
[GA][Iter2] Gen:15 Ind:15 RMSE(val)=701.294177
[GA][Iter2] Gen:15 Ind:16 RMSE(val)=699.839366
[GA][Iter2] Gen:15 Ind:17 RMSE(val)=700.122972
[GA][Iter2] Gen:15 Ind:18 RMSE(val)=700.122972
[GA][Iter2] Gen:15 Ind:19 RMSE(val)=701.294177
[GA][Iter2] Gen:15 Ind:20 RMSE(val)=707.866607
[GA][Iter2] gen=15 best_val_rmse=698.415881
[GA][Iter2] Gen:15 Ind:1 RMSE(val)=698.415881
[GA][Iter2] Gen:15 Ind:2 RMSE(val)=699.839366
[GA][Iter2] Gen:15 Ind:3 RMSE(val)=700.122972
[GA][Iter2] Gen:15 Ind:4 RMSE(val)=700.122972
[GA][Iter2] Gen:15 Ind:5 RMSE(val)=700.122972
[GA][Iter2] Gen:15 Ind:6 RMSE(val)=700.711836
[GA][Iter2] Gen:15 Ind:7 RMSE(val)=701.018552
[GA][Iter2] Gen:15 Ind:8 RMSE(val)=701.018552
[GA][Iter2] Gen:15 Ind:9 RMSE(val)=701.105141
[GA][Iter2] Gen:15 Ind:10 RMSE(val)=701.294177
[GA][Iter2] Gen:15 Ind:11 RMSE(val)=699.839366
[GA][Iter2] Gen:15 Ind:12 RMSE(val)=701.105141
[GA][Iter2] Gen:15 Ind:13 RMSE(val)=698.228106
[GA][Iter2] Gen:15 Ind:14 RMSE(val)=703.550959
[GA][Iter2] Gen:15 Ind:15 RMSE(val)=700.122972
[GA][Iter2] Gen:15 Ind:16 RMSE(val)=703.734116
[GA][Iter2] Gen:15 Ind:17 RMSE(val)=702.536793
[GA][Iter2] Gen:15 Ind:18 RMSE(val)=700.350922
[GA][Iter2] Gen:15 Ind:19 RMSE(val)=704.226375
[GA][Iter2] Gen:15 Ind:20 RMSE(val)=709.644439

[GA DONE][Iter2] Best params on val fold of Iter2
Best val RMSE: 698.228106
Best params: {'n_estimators': 1595, 'learning_rate': 0.012516610460068746, 'num_leaves': 24, 'max_depth': 12, 'min_child_samples': 51, 'subsample': 0.7539069246698, 'colsample_bytree': 0.8383553713444513, 'reg_lambda': 0.9632819349703298, 'reg_alpha': 1.3271976650996804}
--------------------------------------------------------------------------------
[RETUNE GA] Iter2: train folds 1..6 -> test fold 7  RMSE=627.274122  NRMSE=0.531175  CVRMSE=0.238272  R2=0.717334
[GA][Iter3] Gen:1 Ind:1 RMSE(val)=637.608314
[GA][Iter3] Gen:1 Ind:2 RMSE(val)=636.345937
[GA][Iter3] Gen:1 Ind:3 RMSE(val)=632.459475
[GA][Iter3] Gen:1 Ind:4 RMSE(val)=693.205606
[GA][Iter3] Gen:1 Ind:5 RMSE(val)=660.405378
[GA][Iter3] Gen:1 Ind:6 RMSE(val)=641.575928
[GA][Iter3] Gen:1 Ind:7 RMSE(val)=646.776209
[GA][Iter3] Gen:1 Ind:8 RMSE(val)=656.167233
[GA][Iter3] Gen:1 Ind:9 RMSE(val)=675.274903
[GA][Iter3] Gen:1 Ind:10 RMSE(val)=637.038037
[GA][Iter3] Gen:1 Ind:11 RMSE(val)=638.591325
[GA][Iter3] Gen:1 Ind:12 RMSE(val)=650.566941
[GA][Iter3] Gen:1 Ind:13 RMSE(val)=635.061428
[GA][Iter3] Gen:1 Ind:14 RMSE(val)=653.362399
[GA][Iter3] Gen:1 Ind:15 RMSE(val)=646.421914
[GA][Iter3] Gen:1 Ind:16 RMSE(val)=625.091308
[GA][Iter3] Gen:1 Ind:17 RMSE(val)=640.815840
[GA][Iter3] Gen:1 Ind:18 RMSE(val)=620.949413
[GA][Iter3] Gen:1 Ind:19 RMSE(val)=704.406959
[GA][Iter3] Gen:1 Ind:20 RMSE(val)=657.702881
[GA][Iter3] gen=1 best_val_rmse=620.949413
[GA][Iter3] Gen:2 Ind:1 RMSE(val)=620.949413
[GA][Iter3] Gen:2 Ind:2 RMSE(val)=625.091308
[GA][Iter3] Gen:2 Ind:3 RMSE(val)=632.459475
[GA][Iter3] Gen:2 Ind:4 RMSE(val)=635.061428
[GA][Iter3] Gen:2 Ind:5 RMSE(val)=636.345937
[GA][Iter3] Gen:2 Ind:6 RMSE(val)=637.038037
[GA][Iter3] Gen:2 Ind:7 RMSE(val)=637.608314
[GA][Iter3] Gen:2 Ind:8 RMSE(val)=638.591325
[GA][Iter3] Gen:2 Ind:9 RMSE(val)=640.815840
[GA][Iter3] Gen:2 Ind:10 RMSE(val)=641.575928
[GA][Iter3] Gen:2 Ind:11 RMSE(val)=632.413463
[GA][Iter3] Gen:2 Ind:12 RMSE(val)=623.935281
[GA][Iter3] Gen:2 Ind:13 RMSE(val)=644.212384
[GA][Iter3] Gen:2 Ind:14 RMSE(val)=634.196181
[GA][Iter3] Gen:2 Ind:15 RMSE(val)=640.425655
[GA][Iter3] Gen:2 Ind:16 RMSE(val)=659.908318
[GA][Iter3] Gen:2 Ind:17 RMSE(val)=628.909755
[GA][Iter3] Gen:2 Ind:18 RMSE(val)=666.256167
[GA][Iter3] Gen:2 Ind:19 RMSE(val)=635.718240
[GA][Iter3] Gen:2 Ind:20 RMSE(val)=679.275698
[GA][Iter3] gen=2 best_val_rmse=620.949413
[GA][Iter3] Gen:3 Ind:1 RMSE(val)=620.949413
[GA][Iter3] Gen:3 Ind:2 RMSE(val)=623.935281
[GA][Iter3] Gen:3 Ind:3 RMSE(val)=625.091308
[GA][Iter3] Gen:3 Ind:4 RMSE(val)=628.909755
[GA][Iter3] Gen:3 Ind:5 RMSE(val)=632.413463
[GA][Iter3] Gen:3 Ind:6 RMSE(val)=632.459475
[GA][Iter3] Gen:3 Ind:7 RMSE(val)=634.196181
[GA][Iter3] Gen:3 Ind:8 RMSE(val)=635.061428
[GA][Iter3] Gen:3 Ind:9 RMSE(val)=635.718240
[GA][Iter3] Gen:3 Ind:10 RMSE(val)=636.345937
[GA][Iter3] Gen:3 Ind:11 RMSE(val)=642.923355
[GA][Iter3] Gen:3 Ind:12 RMSE(val)=633.541852
[GA][Iter3] Gen:3 Ind:13 RMSE(val)=642.499967
[GA][Iter3] Gen:3 Ind:14 RMSE(val)=624.234790
[GA][Iter3] Gen:3 Ind:15 RMSE(val)=687.277620
[GA][Iter3] Gen:3 Ind:16 RMSE(val)=621.981001
[GA][Iter3] Gen:3 Ind:17 RMSE(val)=646.260500
[GA][Iter3] Gen:3 Ind:18 RMSE(val)=628.709510
[GA][Iter3] Gen:3 Ind:19 RMSE(val)=630.815341
[GA][Iter3] Gen:3 Ind:20 RMSE(val)=631.439073
[GA][Iter3] gen=3 best_val_rmse=620.949413
[GA][Iter3] Gen:4 Ind:1 RMSE(val)=620.949413
[GA][Iter3] Gen:4 Ind:2 RMSE(val)=621.981001
[GA][Iter3] Gen:4 Ind:3 RMSE(val)=623.935281
[GA][Iter3] Gen:4 Ind:4 RMSE(val)=624.234790
[GA][Iter3] Gen:4 Ind:5 RMSE(val)=625.091308
[GA][Iter3] Gen:4 Ind:6 RMSE(val)=628.709510
[GA][Iter3] Gen:4 Ind:7 RMSE(val)=628.909755
[GA][Iter3] Gen:4 Ind:8 RMSE(val)=630.815341
[GA][Iter3] Gen:4 Ind:9 RMSE(val)=631.439073
[GA][Iter3] Gen:4 Ind:10 RMSE(val)=632.413463
[GA][Iter3] Gen:4 Ind:11 RMSE(val)=622.578955
[GA][Iter3] Gen:4 Ind:12 RMSE(val)=625.261954
[GA][Iter3] Gen:4 Ind:13 RMSE(val)=625.135152
[GA][Iter3] Gen:4 Ind:14 RMSE(val)=656.682052
[GA][Iter3] Gen:4 Ind:15 RMSE(val)=628.813773
[GA][Iter3] Gen:4 Ind:16 RMSE(val)=630.584030
[GA][Iter3] Gen:4 Ind:17 RMSE(val)=621.676507
[GA][Iter3] Gen:4 Ind:18 RMSE(val)=627.440732
[GA][Iter3] Gen:4 Ind:19 RMSE(val)=626.936836
[GA][Iter3] Gen:4 Ind:20 RMSE(val)=623.935281
[GA][Iter3] gen=4 best_val_rmse=620.949413
[GA][Iter3] Gen:5 Ind:1 RMSE(val)=620.949413
[GA][Iter3] Gen:5 Ind:2 RMSE(val)=621.676507
[GA][Iter3] Gen:5 Ind:3 RMSE(val)=621.981001
[GA][Iter3] Gen:5 Ind:4 RMSE(val)=622.578955
[GA][Iter3] Gen:5 Ind:5 RMSE(val)=623.935281
[GA][Iter3] Gen:5 Ind:6 RMSE(val)=623.935281
[GA][Iter3] Gen:5 Ind:7 RMSE(val)=624.234790
[GA][Iter3] Gen:5 Ind:8 RMSE(val)=625.091308
[GA][Iter3] Gen:5 Ind:9 RMSE(val)=625.135152
[GA][Iter3] Gen:5 Ind:10 RMSE(val)=625.261954
[GA][Iter3] Gen:5 Ind:11 RMSE(val)=618.453042
[GA][Iter3] Gen:5 Ind:12 RMSE(val)=623.542162
[GA][Iter3] Gen:5 Ind:13 RMSE(val)=627.379571
[GA][Iter3] Gen:5 Ind:14 RMSE(val)=616.938156
[GA][Iter3] Gen:5 Ind:15 RMSE(val)=623.935281
[GA][Iter3] Gen:5 Ind:16 RMSE(val)=657.553609
[GA][Iter3] Gen:5 Ind:17 RMSE(val)=630.558681
[GA][Iter3] Gen:5 Ind:18 RMSE(val)=628.681519
[GA][Iter3] Gen:5 Ind:19 RMSE(val)=618.958453
[GA][Iter3] Gen:5 Ind:20 RMSE(val)=625.217036
[GA][Iter3] gen=5 best_val_rmse=616.938156
[GA][Iter3] Gen:6 Ind:1 RMSE(val)=616.938156
[GA][Iter3] Gen:6 Ind:2 RMSE(val)=618.453042
[GA][Iter3] Gen:6 Ind:3 RMSE(val)=618.958453
[GA][Iter3] Gen:6 Ind:4 RMSE(val)=620.949413
[GA][Iter3] Gen:6 Ind:5 RMSE(val)=621.676507
[GA][Iter3] Gen:6 Ind:6 RMSE(val)=621.981001
[GA][Iter3] Gen:6 Ind:7 RMSE(val)=622.578955
[GA][Iter3] Gen:6 Ind:8 RMSE(val)=623.542162
[GA][Iter3] Gen:6 Ind:9 RMSE(val)=623.935281
[GA][Iter3] Gen:6 Ind:10 RMSE(val)=623.935281
[GA][Iter3] Gen:6 Ind:11 RMSE(val)=622.458967
[GA][Iter3] Gen:6 Ind:12 RMSE(val)=637.157401
[GA][Iter3] Gen:6 Ind:13 RMSE(val)=618.453042
[GA][Iter3] Gen:6 Ind:14 RMSE(val)=621.107080
[GA][Iter3] Gen:6 Ind:15 RMSE(val)=610.919860
[GA][Iter3] Gen:6 Ind:16 RMSE(val)=616.938156
[GA][Iter3] Gen:6 Ind:17 RMSE(val)=622.578955
[GA][Iter3] Gen:6 Ind:18 RMSE(val)=625.709286
[GA][Iter3] Gen:6 Ind:19 RMSE(val)=628.124300
[GA][Iter3] Gen:6 Ind:20 RMSE(val)=623.447340
[GA][Iter3] gen=6 best_val_rmse=610.919860
[GA][Iter3] Gen:7 Ind:1 RMSE(val)=610.919860
[GA][Iter3] Gen:7 Ind:2 RMSE(val)=616.938156
[GA][Iter3] Gen:7 Ind:3 RMSE(val)=616.938156
[GA][Iter3] Gen:7 Ind:4 RMSE(val)=618.453042
[GA][Iter3] Gen:7 Ind:5 RMSE(val)=618.453042
[GA][Iter3] Gen:7 Ind:6 RMSE(val)=618.958453
[GA][Iter3] Gen:7 Ind:7 RMSE(val)=620.949413
[GA][Iter3] Gen:7 Ind:8 RMSE(val)=621.107080
[GA][Iter3] Gen:7 Ind:9 RMSE(val)=621.676507
[GA][Iter3] Gen:7 Ind:10 RMSE(val)=621.981001
[GA][Iter3] Gen:7 Ind:11 RMSE(val)=624.088746
[GA][Iter3] Gen:7 Ind:12 RMSE(val)=621.765448
[GA][Iter3] Gen:7 Ind:13 RMSE(val)=632.470490
[GA][Iter3] Gen:7 Ind:14 RMSE(val)=624.412577
[GA][Iter3] Gen:7 Ind:15 RMSE(val)=621.676507
[GA][Iter3] Gen:7 Ind:16 RMSE(val)=637.879523
[GA][Iter3] Gen:7 Ind:17 RMSE(val)=618.453042
[GA][Iter3] Gen:7 Ind:18 RMSE(val)=634.522770
[GA][Iter3] Gen:7 Ind:19 RMSE(val)=622.683672
[GA][Iter3] Gen:7 Ind:20 RMSE(val)=625.749129
[GA][Iter3] gen=7 best_val_rmse=610.919860
[GA][Iter3] Gen:8 Ind:1 RMSE(val)=610.919860
[GA][Iter3] Gen:8 Ind:2 RMSE(val)=616.938156
[GA][Iter3] Gen:8 Ind:3 RMSE(val)=616.938156
[GA][Iter3] Gen:8 Ind:4 RMSE(val)=618.453042
[GA][Iter3] Gen:8 Ind:5 RMSE(val)=618.453042
[GA][Iter3] Gen:8 Ind:6 RMSE(val)=618.453042
[GA][Iter3] Gen:8 Ind:7 RMSE(val)=618.958453
[GA][Iter3] Gen:8 Ind:8 RMSE(val)=620.949413
[GA][Iter3] Gen:8 Ind:9 RMSE(val)=621.107080
[GA][Iter3] Gen:8 Ind:10 RMSE(val)=621.676507
[GA][Iter3] Gen:8 Ind:11 RMSE(val)=615.704646
[GA][Iter3] Gen:8 Ind:12 RMSE(val)=616.599612
[GA][Iter3] Gen:8 Ind:13 RMSE(val)=621.664221
[GA][Iter3] Gen:8 Ind:14 RMSE(val)=627.210935
[GA][Iter3] Gen:8 Ind:15 RMSE(val)=637.283832
[GA][Iter3] Gen:8 Ind:16 RMSE(val)=644.017281
[GA][Iter3] Gen:8 Ind:17 RMSE(val)=616.938156
[GA][Iter3] Gen:8 Ind:18 RMSE(val)=619.013081
[GA][Iter3] Gen:8 Ind:19 RMSE(val)=647.196072
[GA][Iter3] Gen:8 Ind:20 RMSE(val)=637.157401
[GA][Iter3] gen=8 best_val_rmse=610.919860
[GA][Iter3] Gen:9 Ind:1 RMSE(val)=610.919860
[GA][Iter3] Gen:9 Ind:2 RMSE(val)=615.704646
[GA][Iter3] Gen:9 Ind:3 RMSE(val)=616.599612
[GA][Iter3] Gen:9 Ind:4 RMSE(val)=616.938156
[GA][Iter3] Gen:9 Ind:5 RMSE(val)=616.938156
[GA][Iter3] Gen:9 Ind:6 RMSE(val)=616.938156
[GA][Iter3] Gen:9 Ind:7 RMSE(val)=618.453042
[GA][Iter3] Gen:9 Ind:8 RMSE(val)=618.453042
[GA][Iter3] Gen:9 Ind:9 RMSE(val)=618.453042
[GA][Iter3] Gen:9 Ind:10 RMSE(val)=618.958453
[GA][Iter3] Gen:9 Ind:11 RMSE(val)=619.653745
[GA][Iter3] Gen:9 Ind:12 RMSE(val)=618.453042
[GA][Iter3] Gen:9 Ind:13 RMSE(val)=622.510378
[GA][Iter3] Gen:9 Ind:14 RMSE(val)=626.822901
[GA][Iter3] Gen:9 Ind:15 RMSE(val)=621.429701
[GA][Iter3] Gen:9 Ind:16 RMSE(val)=612.449778
[GA][Iter3] Gen:9 Ind:17 RMSE(val)=619.158089
[GA][Iter3] Gen:9 Ind:18 RMSE(val)=616.938156
[GA][Iter3] Gen:9 Ind:19 RMSE(val)=616.938156
[GA][Iter3] Gen:9 Ind:20 RMSE(val)=626.915475
[GA][Iter3] gen=9 best_val_rmse=610.919860
[GA][Iter3] Gen:10 Ind:1 RMSE(val)=610.919860
[GA][Iter3] Gen:10 Ind:2 RMSE(val)=612.449778
[GA][Iter3] Gen:10 Ind:3 RMSE(val)=615.704646
[GA][Iter3] Gen:10 Ind:4 RMSE(val)=616.599612
[GA][Iter3] Gen:10 Ind:5 RMSE(val)=616.938156
[GA][Iter3] Gen:10 Ind:6 RMSE(val)=616.938156
[GA][Iter3] Gen:10 Ind:7 RMSE(val)=616.938156
[GA][Iter3] Gen:10 Ind:8 RMSE(val)=616.938156
[GA][Iter3] Gen:10 Ind:9 RMSE(val)=616.938156
[GA][Iter3] Gen:10 Ind:10 RMSE(val)=618.453042
[GA][Iter3] Gen:10 Ind:11 RMSE(val)=649.163271
[GA][Iter3] Gen:10 Ind:12 RMSE(val)=628.686236
[GA][Iter3] Gen:10 Ind:13 RMSE(val)=625.806287
[GA][Iter3] Gen:10 Ind:14 RMSE(val)=616.438417
[GA][Iter3] Gen:10 Ind:15 RMSE(val)=616.938156
[GA][Iter3] Gen:10 Ind:16 RMSE(val)=618.645494
[GA][Iter3] Gen:10 Ind:17 RMSE(val)=619.158089
[GA][Iter3] Gen:10 Ind:18 RMSE(val)=616.938156
[GA][Iter3] Gen:10 Ind:19 RMSE(val)=616.938156
[GA][Iter3] Gen:10 Ind:20 RMSE(val)=612.449778
[GA][Iter3] gen=10 best_val_rmse=610.919860
[GA][Iter3] Gen:11 Ind:1 RMSE(val)=610.919860
[GA][Iter3] Gen:11 Ind:2 RMSE(val)=612.449778
[GA][Iter3] Gen:11 Ind:3 RMSE(val)=612.449778
[GA][Iter3] Gen:11 Ind:4 RMSE(val)=615.704646
[GA][Iter3] Gen:11 Ind:5 RMSE(val)=616.438417
[GA][Iter3] Gen:11 Ind:6 RMSE(val)=616.599612
[GA][Iter3] Gen:11 Ind:7 RMSE(val)=616.938156
[GA][Iter3] Gen:11 Ind:8 RMSE(val)=616.938156
[GA][Iter3] Gen:11 Ind:9 RMSE(val)=616.938156
[GA][Iter3] Gen:11 Ind:10 RMSE(val)=616.938156
[GA][Iter3] Gen:11 Ind:11 RMSE(val)=656.224124
[GA][Iter3] Gen:11 Ind:12 RMSE(val)=613.469782
[GA][Iter3] Gen:11 Ind:13 RMSE(val)=621.418606
[GA][Iter3] Gen:11 Ind:14 RMSE(val)=619.087519
[GA][Iter3] Gen:11 Ind:15 RMSE(val)=616.938156
[GA][Iter3] Gen:11 Ind:16 RMSE(val)=618.818226
[GA][Iter3] Gen:11 Ind:17 RMSE(val)=610.919860
[GA][Iter3] Gen:11 Ind:18 RMSE(val)=616.610324
[GA][Iter3] Gen:11 Ind:19 RMSE(val)=658.642764
[GA][Iter3] Gen:11 Ind:20 RMSE(val)=618.605303
[GA][Iter3] gen=11 best_val_rmse=610.919860
[GA][Iter3] Gen:12 Ind:1 RMSE(val)=610.919860
[GA][Iter3] Gen:12 Ind:2 RMSE(val)=610.919860
[GA][Iter3] Gen:12 Ind:3 RMSE(val)=612.449778
[GA][Iter3] Gen:12 Ind:4 RMSE(val)=612.449778
[GA][Iter3] Gen:12 Ind:5 RMSE(val)=613.469782
[GA][Iter3] Gen:12 Ind:6 RMSE(val)=615.704646
[GA][Iter3] Gen:12 Ind:7 RMSE(val)=616.438417
[GA][Iter3] Gen:12 Ind:8 RMSE(val)=616.599612
[GA][Iter3] Gen:12 Ind:9 RMSE(val)=616.610324
[GA][Iter3] Gen:12 Ind:10 RMSE(val)=616.938156
[GA][Iter3] Gen:12 Ind:11 RMSE(val)=617.572095
[GA][Iter3] Gen:12 Ind:12 RMSE(val)=613.391643
[GA][Iter3] Gen:12 Ind:13 RMSE(val)=612.056721
[GA][Iter3] Gen:12 Ind:14 RMSE(val)=622.517493
[GA][Iter3] Gen:12 Ind:15 RMSE(val)=620.504045
[GA][Iter3] Gen:12 Ind:16 RMSE(val)=616.938156
[GA][Iter3] Gen:12 Ind:17 RMSE(val)=615.704646
[GA][Iter3] Gen:12 Ind:18 RMSE(val)=641.297852
[GA][Iter3] Gen:12 Ind:19 RMSE(val)=612.449778
[GA][Iter3] Gen:12 Ind:20 RMSE(val)=625.603742
[GA][Iter3] gen=12 best_val_rmse=610.919860
[GA][Iter3] Gen:13 Ind:1 RMSE(val)=610.919860
[GA][Iter3] Gen:13 Ind:2 RMSE(val)=610.919860
[GA][Iter3] Gen:13 Ind:3 RMSE(val)=612.056721
[GA][Iter3] Gen:13 Ind:4 RMSE(val)=612.449778
[GA][Iter3] Gen:13 Ind:5 RMSE(val)=612.449778
[GA][Iter3] Gen:13 Ind:6 RMSE(val)=612.449778
[GA][Iter3] Gen:13 Ind:7 RMSE(val)=613.391643
[GA][Iter3] Gen:13 Ind:8 RMSE(val)=613.469782
[GA][Iter3] Gen:13 Ind:9 RMSE(val)=615.704646
[GA][Iter3] Gen:13 Ind:10 RMSE(val)=615.704646
[GA][Iter3] Gen:13 Ind:11 RMSE(val)=613.391643
[GA][Iter3] Gen:13 Ind:12 RMSE(val)=612.449778
[GA][Iter3] Gen:13 Ind:13 RMSE(val)=610.919860
[GA][Iter3] Gen:13 Ind:14 RMSE(val)=610.919860
[GA][Iter3] Gen:13 Ind:15 RMSE(val)=612.449778
[GA][Iter3] Gen:13 Ind:16 RMSE(val)=618.787232
[GA][Iter3] Gen:13 Ind:17 RMSE(val)=610.919860
[GA][Iter3] Gen:13 Ind:18 RMSE(val)=614.601969
[GA][Iter3] Gen:13 Ind:19 RMSE(val)=612.449778
[GA][Iter3] Gen:13 Ind:20 RMSE(val)=612.449778
[GA][Iter3] gen=13 best_val_rmse=610.919860
[GA][Iter3] Gen:14 Ind:1 RMSE(val)=610.919860
[GA][Iter3] Gen:14 Ind:2 RMSE(val)=610.919860
[GA][Iter3] Gen:14 Ind:3 RMSE(val)=610.919860
[GA][Iter3] Gen:14 Ind:4 RMSE(val)=610.919860
[GA][Iter3] Gen:14 Ind:5 RMSE(val)=610.919860
[GA][Iter3] Gen:14 Ind:6 RMSE(val)=612.056721
[GA][Iter3] Gen:14 Ind:7 RMSE(val)=612.449778
[GA][Iter3] Gen:14 Ind:8 RMSE(val)=612.449778
[GA][Iter3] Gen:14 Ind:9 RMSE(val)=612.449778
[GA][Iter3] Gen:14 Ind:10 RMSE(val)=612.449778
[GA][Iter3] Gen:14 Ind:11 RMSE(val)=612.449778
[GA][Iter3] Gen:14 Ind:12 RMSE(val)=610.919860
[GA][Iter3] Gen:14 Ind:13 RMSE(val)=613.109390
[GA][Iter3] Gen:14 Ind:14 RMSE(val)=612.449778
[GA][Iter3] Gen:14 Ind:15 RMSE(val)=615.704646
[GA][Iter3] Gen:14 Ind:16 RMSE(val)=609.857057
[GA][Iter3] Gen:14 Ind:17 RMSE(val)=615.704646
[GA][Iter3] Gen:14 Ind:18 RMSE(val)=610.919860
[GA][Iter3] Gen:14 Ind:19 RMSE(val)=610.919860
[GA][Iter3] Gen:14 Ind:20 RMSE(val)=612.056721
[GA][Iter3] gen=14 best_val_rmse=609.857057
[GA][Iter3] Gen:15 Ind:1 RMSE(val)=609.857057
[GA][Iter3] Gen:15 Ind:2 RMSE(val)=610.919860
[GA][Iter3] Gen:15 Ind:3 RMSE(val)=610.919860
[GA][Iter3] Gen:15 Ind:4 RMSE(val)=610.919860
[GA][Iter3] Gen:15 Ind:5 RMSE(val)=610.919860
[GA][Iter3] Gen:15 Ind:6 RMSE(val)=610.919860
[GA][Iter3] Gen:15 Ind:7 RMSE(val)=610.919860
[GA][Iter3] Gen:15 Ind:8 RMSE(val)=610.919860
[GA][Iter3] Gen:15 Ind:9 RMSE(val)=610.919860
[GA][Iter3] Gen:15 Ind:10 RMSE(val)=612.056721
[GA][Iter3] Gen:15 Ind:11 RMSE(val)=610.919860
[GA][Iter3] Gen:15 Ind:12 RMSE(val)=610.919860
[GA][Iter3] Gen:15 Ind:13 RMSE(val)=616.087614
[GA][Iter3] Gen:15 Ind:14 RMSE(val)=610.919860
[GA][Iter3] Gen:15 Ind:15 RMSE(val)=618.463563
[GA][Iter3] Gen:15 Ind:16 RMSE(val)=618.656996
[GA][Iter3] Gen:15 Ind:17 RMSE(val)=610.919860
[GA][Iter3] Gen:15 Ind:18 RMSE(val)=610.919860
[GA][Iter3] Gen:15 Ind:19 RMSE(val)=610.919860
[GA][Iter3] Gen:15 Ind:20 RMSE(val)=610.919860
[GA][Iter3] gen=15 best_val_rmse=609.857057
[GA][Iter3] Gen:15 Ind:1 RMSE(val)=609.857057
[GA][Iter3] Gen:15 Ind:2 RMSE(val)=610.919860
[GA][Iter3] Gen:15 Ind:3 RMSE(val)=610.919860
[GA][Iter3] Gen:15 Ind:4 RMSE(val)=610.919860
[GA][Iter3] Gen:15 Ind:5 RMSE(val)=610.919860
[GA][Iter3] Gen:15 Ind:6 RMSE(val)=610.919860
[GA][Iter3] Gen:15 Ind:7 RMSE(val)=610.919860
[GA][Iter3] Gen:15 Ind:8 RMSE(val)=610.919860
[GA][Iter3] Gen:15 Ind:9 RMSE(val)=610.919860
[GA][Iter3] Gen:15 Ind:10 RMSE(val)=610.919860
[GA][Iter3] Gen:15 Ind:11 RMSE(val)=610.919860
[GA][Iter3] Gen:15 Ind:12 RMSE(val)=610.919860
[GA][Iter3] Gen:15 Ind:13 RMSE(val)=609.857057
[GA][Iter3] Gen:15 Ind:14 RMSE(val)=610.919860
[GA][Iter3] Gen:15 Ind:15 RMSE(val)=610.919860
[GA][Iter3] Gen:15 Ind:16 RMSE(val)=610.919860
[GA][Iter3] Gen:15 Ind:17 RMSE(val)=610.919860
[GA][Iter3] Gen:15 Ind:18 RMSE(val)=610.919860
[GA][Iter3] Gen:15 Ind:19 RMSE(val)=612.449778
[GA][Iter3] Gen:15 Ind:20 RMSE(val)=614.850693

[GA DONE][Iter3] Best params on val fold of Iter3
Best val RMSE: 609.857057
Best params: {'n_estimators': 419, 'learning_rate': 0.022103876611662774, 'num_leaves': 225, 'max_depth': 12, 'min_child_samples': 50, 'subsample': 0.6920458930386308, 'colsample_bytree': 0.8383553713444513, 'reg_lambda': 0.5195805653503169, 'reg_alpha': 0.6258024033894932}
--------------------------------------------------------------------------------
[RETUNE GA] Iter3: train folds 1..7 -> test fold 8  RMSE=730.594436  NRMSE=0.630672  CVRMSE=0.254795  R2=0.601520
[GA][Iter4] Gen:1 Ind:1 RMSE(val)=738.263564
[GA][Iter4] Gen:1 Ind:2 RMSE(val)=738.503813
[GA][Iter4] Gen:1 Ind:3 RMSE(val)=734.771505
[GA][Iter4] Gen:1 Ind:4 RMSE(val)=759.560044
[GA][Iter4] Gen:1 Ind:5 RMSE(val)=767.044229
[GA][Iter4] Gen:1 Ind:6 RMSE(val)=733.063432
[GA][Iter4] Gen:1 Ind:7 RMSE(val)=731.699580
[GA][Iter4] Gen:1 Ind:8 RMSE(val)=750.589431
[GA][Iter4] Gen:1 Ind:9 RMSE(val)=765.973401
[GA][Iter4] Gen:1 Ind:10 RMSE(val)=736.653418
[GA][Iter4] Gen:1 Ind:11 RMSE(val)=730.446463
[GA][Iter4] Gen:1 Ind:12 RMSE(val)=746.311987
[GA][Iter4] Gen:1 Ind:13 RMSE(val)=730.189433
[GA][Iter4] Gen:1 Ind:14 RMSE(val)=755.308053
[GA][Iter4] Gen:1 Ind:15 RMSE(val)=752.005873
[GA][Iter4] Gen:1 Ind:16 RMSE(val)=730.288146
[GA][Iter4] Gen:1 Ind:17 RMSE(val)=740.158100
[GA][Iter4] Gen:1 Ind:18 RMSE(val)=728.718445
[GA][Iter4] Gen:1 Ind:19 RMSE(val)=760.282133
[GA][Iter4] Gen:1 Ind:20 RMSE(val)=751.458766
[GA][Iter4] gen=1 best_val_rmse=728.718445
[GA][Iter4] Gen:2 Ind:1 RMSE(val)=728.718445
[GA][Iter4] Gen:2 Ind:2 RMSE(val)=730.189433
[GA][Iter4] Gen:2 Ind:3 RMSE(val)=730.288146
[GA][Iter4] Gen:2 Ind:4 RMSE(val)=730.446463
[GA][Iter4] Gen:2 Ind:5 RMSE(val)=731.699580
[GA][Iter4] Gen:2 Ind:6 RMSE(val)=733.063432
[GA][Iter4] Gen:2 Ind:7 RMSE(val)=734.771505
[GA][Iter4] Gen:2 Ind:8 RMSE(val)=736.653418
[GA][Iter4] Gen:2 Ind:9 RMSE(val)=738.263564
[GA][Iter4] Gen:2 Ind:10 RMSE(val)=738.503813
[GA][Iter4] Gen:2 Ind:11 RMSE(val)=739.107324
[GA][Iter4] Gen:2 Ind:12 RMSE(val)=730.762597
[GA][Iter4] Gen:2 Ind:13 RMSE(val)=724.176491
[GA][Iter4] Gen:2 Ind:14 RMSE(val)=730.027958
[GA][Iter4] Gen:2 Ind:15 RMSE(val)=735.685687
[GA][Iter4] Gen:2 Ind:16 RMSE(val)=738.425861
[GA][Iter4] Gen:2 Ind:17 RMSE(val)=728.749107
[GA][Iter4] Gen:2 Ind:18 RMSE(val)=733.260861
[GA][Iter4] Gen:2 Ind:19 RMSE(val)=733.446058
[GA][Iter4] Gen:2 Ind:20 RMSE(val)=737.258372
[GA][Iter4] gen=2 best_val_rmse=724.176491
[GA][Iter4] Gen:3 Ind:1 RMSE(val)=724.176491
[GA][Iter4] Gen:3 Ind:2 RMSE(val)=728.718445
[GA][Iter4] Gen:3 Ind:3 RMSE(val)=728.749107
[GA][Iter4] Gen:3 Ind:4 RMSE(val)=730.027958
[GA][Iter4] Gen:3 Ind:5 RMSE(val)=730.189433
[GA][Iter4] Gen:3 Ind:6 RMSE(val)=730.288146
[GA][Iter4] Gen:3 Ind:7 RMSE(val)=730.446463
[GA][Iter4] Gen:3 Ind:8 RMSE(val)=730.762597
[GA][Iter4] Gen:3 Ind:9 RMSE(val)=731.699580
[GA][Iter4] Gen:3 Ind:10 RMSE(val)=733.063432
[GA][Iter4] Gen:3 Ind:11 RMSE(val)=728.282797
[GA][Iter4] Gen:3 Ind:12 RMSE(val)=728.394745
[GA][Iter4] Gen:3 Ind:13 RMSE(val)=739.428463
[GA][Iter4] Gen:3 Ind:14 RMSE(val)=723.186217
[GA][Iter4] Gen:3 Ind:15 RMSE(val)=736.325615
[GA][Iter4] Gen:3 Ind:16 RMSE(val)=728.655397
[GA][Iter4] Gen:3 Ind:17 RMSE(val)=743.270816
[GA][Iter4] Gen:3 Ind:18 RMSE(val)=727.333184
[GA][Iter4] Gen:3 Ind:19 RMSE(val)=731.819370
[GA][Iter4] Gen:3 Ind:20 RMSE(val)=723.339694
[GA][Iter4] gen=3 best_val_rmse=723.186217
[GA][Iter4] Gen:4 Ind:1 RMSE(val)=723.186217
[GA][Iter4] Gen:4 Ind:2 RMSE(val)=723.339694
[GA][Iter4] Gen:4 Ind:3 RMSE(val)=724.176491
[GA][Iter4] Gen:4 Ind:4 RMSE(val)=727.333184
[GA][Iter4] Gen:4 Ind:5 RMSE(val)=728.282797
[GA][Iter4] Gen:4 Ind:6 RMSE(val)=728.394745
[GA][Iter4] Gen:4 Ind:7 RMSE(val)=728.655397
[GA][Iter4] Gen:4 Ind:8 RMSE(val)=728.718445
[GA][Iter4] Gen:4 Ind:9 RMSE(val)=728.749107
[GA][Iter4] Gen:4 Ind:10 RMSE(val)=730.027958
[GA][Iter4] Gen:4 Ind:11 RMSE(val)=728.929026
[GA][Iter4] Gen:4 Ind:12 RMSE(val)=745.374645
[GA][Iter4] Gen:4 Ind:13 RMSE(val)=750.295540
[GA][Iter4] Gen:4 Ind:14 RMSE(val)=748.881618
[GA][Iter4] Gen:4 Ind:15 RMSE(val)=732.723693
[GA][Iter4] Gen:4 Ind:16 RMSE(val)=727.334989
[GA][Iter4] Gen:4 Ind:17 RMSE(val)=728.665385
[GA][Iter4] Gen:4 Ind:18 RMSE(val)=730.710025
[GA][Iter4] Gen:4 Ind:19 RMSE(val)=722.701735
[GA][Iter4] Gen:4 Ind:20 RMSE(val)=723.284680
[GA][Iter4] gen=4 best_val_rmse=722.701735
[GA][Iter4] Gen:5 Ind:1 RMSE(val)=722.701735
[GA][Iter4] Gen:5 Ind:2 RMSE(val)=723.186217
[GA][Iter4] Gen:5 Ind:3 RMSE(val)=723.284680
[GA][Iter4] Gen:5 Ind:4 RMSE(val)=723.339694
[GA][Iter4] Gen:5 Ind:5 RMSE(val)=724.176491
[GA][Iter4] Gen:5 Ind:6 RMSE(val)=727.333184
[GA][Iter4] Gen:5 Ind:7 RMSE(val)=727.334989
[GA][Iter4] Gen:5 Ind:8 RMSE(val)=728.282797
[GA][Iter4] Gen:5 Ind:9 RMSE(val)=728.394745
[GA][Iter4] Gen:5 Ind:10 RMSE(val)=728.655397
[GA][Iter4] Gen:5 Ind:11 RMSE(val)=728.655397
[GA][Iter4] Gen:5 Ind:12 RMSE(val)=729.650457
[GA][Iter4] Gen:5 Ind:13 RMSE(val)=749.757126
[GA][Iter4] Gen:5 Ind:14 RMSE(val)=723.186197
[GA][Iter4] Gen:5 Ind:15 RMSE(val)=748.868232
[GA][Iter4] Gen:5 Ind:16 RMSE(val)=725.350499
[GA][Iter4] Gen:5 Ind:17 RMSE(val)=731.376316
[GA][Iter4] Gen:5 Ind:18 RMSE(val)=724.586787
[GA][Iter4] Gen:5 Ind:19 RMSE(val)=728.417165
[GA][Iter4] Gen:5 Ind:20 RMSE(val)=722.969058
[GA][Iter4] gen=5 best_val_rmse=722.701735
[GA][Iter4] Gen:6 Ind:1 RMSE(val)=722.701735
[GA][Iter4] Gen:6 Ind:2 RMSE(val)=722.969058
[GA][Iter4] Gen:6 Ind:3 RMSE(val)=723.186197
[GA][Iter4] Gen:6 Ind:4 RMSE(val)=723.186217
[GA][Iter4] Gen:6 Ind:5 RMSE(val)=723.284680
[GA][Iter4] Gen:6 Ind:6 RMSE(val)=723.339694
[GA][Iter4] Gen:6 Ind:7 RMSE(val)=724.176491
[GA][Iter4] Gen:6 Ind:8 RMSE(val)=724.586787
[GA][Iter4] Gen:6 Ind:9 RMSE(val)=725.350499
[GA][Iter4] Gen:6 Ind:10 RMSE(val)=727.333184
[GA][Iter4] Gen:6 Ind:11 RMSE(val)=729.988938
[GA][Iter4] Gen:6 Ind:12 RMSE(val)=723.839239
[GA][Iter4] Gen:6 Ind:13 RMSE(val)=726.133928
[GA][Iter4] Gen:6 Ind:14 RMSE(val)=721.892044
[GA][Iter4] Gen:6 Ind:15 RMSE(val)=722.969058
[GA][Iter4] Gen:6 Ind:16 RMSE(val)=724.686970
[GA][Iter4] Gen:6 Ind:17 RMSE(val)=724.495729
[GA][Iter4] Gen:6 Ind:18 RMSE(val)=724.351972
[GA][Iter4] Gen:6 Ind:19 RMSE(val)=724.277971
[GA][Iter4] Gen:6 Ind:20 RMSE(val)=723.037714
[GA][Iter4] gen=6 best_val_rmse=721.892044
[GA][Iter4] Gen:7 Ind:1 RMSE(val)=721.892044
[GA][Iter4] Gen:7 Ind:2 RMSE(val)=722.701735
[GA][Iter4] Gen:7 Ind:3 RMSE(val)=722.969058
[GA][Iter4] Gen:7 Ind:4 RMSE(val)=722.969058
[GA][Iter4] Gen:7 Ind:5 RMSE(val)=723.037714
[GA][Iter4] Gen:7 Ind:6 RMSE(val)=723.186197
[GA][Iter4] Gen:7 Ind:7 RMSE(val)=723.186217
[GA][Iter4] Gen:7 Ind:8 RMSE(val)=723.284680
[GA][Iter4] Gen:7 Ind:9 RMSE(val)=723.339694
[GA][Iter4] Gen:7 Ind:10 RMSE(val)=723.839239
[GA][Iter4] Gen:7 Ind:11 RMSE(val)=723.839239
[GA][Iter4] Gen:7 Ind:12 RMSE(val)=724.543498
[GA][Iter4] Gen:7 Ind:13 RMSE(val)=725.236744
[GA][Iter4] Gen:7 Ind:14 RMSE(val)=723.284680
[GA][Iter4] Gen:7 Ind:15 RMSE(val)=725.073205
[GA][Iter4] Gen:7 Ind:16 RMSE(val)=723.037714
[GA][Iter4] Gen:7 Ind:17 RMSE(val)=722.969058
[GA][Iter4] Gen:7 Ind:18 RMSE(val)=723.186197
[GA][Iter4] Gen:7 Ind:19 RMSE(val)=720.044725
[GA][Iter4] Gen:7 Ind:20 RMSE(val)=724.351972
[GA][Iter4] gen=7 best_val_rmse=720.044725
[GA][Iter4] Gen:8 Ind:1 RMSE(val)=720.044725
[GA][Iter4] Gen:8 Ind:2 RMSE(val)=721.892044
[GA][Iter4] Gen:8 Ind:3 RMSE(val)=722.701735
[GA][Iter4] Gen:8 Ind:4 RMSE(val)=722.969058
[GA][Iter4] Gen:8 Ind:5 RMSE(val)=722.969058
[GA][Iter4] Gen:8 Ind:6 RMSE(val)=722.969058
[GA][Iter4] Gen:8 Ind:7 RMSE(val)=723.037714
[GA][Iter4] Gen:8 Ind:8 RMSE(val)=723.037714
[GA][Iter4] Gen:8 Ind:9 RMSE(val)=723.186197
[GA][Iter4] Gen:8 Ind:10 RMSE(val)=723.186197
[GA][Iter4] Gen:8 Ind:11 RMSE(val)=720.044725
[GA][Iter4] Gen:8 Ind:12 RMSE(val)=722.900075
[GA][Iter4] Gen:8 Ind:13 RMSE(val)=722.969058
[GA][Iter4] Gen:8 Ind:14 RMSE(val)=723.037714
[GA][Iter4] Gen:8 Ind:15 RMSE(val)=723.186197
[GA][Iter4] Gen:8 Ind:16 RMSE(val)=723.037714
[GA][Iter4] Gen:8 Ind:17 RMSE(val)=723.037714
[GA][Iter4] Gen:8 Ind:18 RMSE(val)=723.102733
[GA][Iter4] Gen:8 Ind:19 RMSE(val)=746.523777
[GA][Iter4] Gen:8 Ind:20 RMSE(val)=722.503430
[GA][Iter4] gen=8 best_val_rmse=720.044725
[GA][Iter4] Gen:9 Ind:1 RMSE(val)=720.044725
[GA][Iter4] Gen:9 Ind:2 RMSE(val)=720.044725
[GA][Iter4] Gen:9 Ind:3 RMSE(val)=721.892044
[GA][Iter4] Gen:9 Ind:4 RMSE(val)=722.503430
[GA][Iter4] Gen:9 Ind:5 RMSE(val)=722.701735
[GA][Iter4] Gen:9 Ind:6 RMSE(val)=722.900075
[GA][Iter4] Gen:9 Ind:7 RMSE(val)=722.969058
[GA][Iter4] Gen:9 Ind:8 RMSE(val)=722.969058
[GA][Iter4] Gen:9 Ind:9 RMSE(val)=722.969058
[GA][Iter4] Gen:9 Ind:10 RMSE(val)=722.969058
[GA][Iter4] Gen:9 Ind:11 RMSE(val)=725.387744
[GA][Iter4] Gen:9 Ind:12 RMSE(val)=721.892044
[GA][Iter4] Gen:9 Ind:13 RMSE(val)=722.969058
[GA][Iter4] Gen:9 Ind:14 RMSE(val)=725.927633
[GA][Iter4] Gen:9 Ind:15 RMSE(val)=722.320270
[GA][Iter4] Gen:9 Ind:16 RMSE(val)=721.390034
[GA][Iter4] Gen:9 Ind:17 RMSE(val)=723.037714
[GA][Iter4] Gen:9 Ind:18 RMSE(val)=723.037714
[GA][Iter4] Gen:9 Ind:19 RMSE(val)=722.701735
[GA][Iter4] Gen:9 Ind:20 RMSE(val)=722.780934
[GA][Iter4] gen=9 best_val_rmse=720.044725
[GA][Iter4] Gen:10 Ind:1 RMSE(val)=720.044725
[GA][Iter4] Gen:10 Ind:2 RMSE(val)=720.044725
[GA][Iter4] Gen:10 Ind:3 RMSE(val)=721.390034
[GA][Iter4] Gen:10 Ind:4 RMSE(val)=721.892044
[GA][Iter4] Gen:10 Ind:5 RMSE(val)=721.892044
[GA][Iter4] Gen:10 Ind:6 RMSE(val)=722.320270
[GA][Iter4] Gen:10 Ind:7 RMSE(val)=722.503430
[GA][Iter4] Gen:10 Ind:8 RMSE(val)=722.701735
[GA][Iter4] Gen:10 Ind:9 RMSE(val)=722.701735
[GA][Iter4] Gen:10 Ind:10 RMSE(val)=722.780934
[GA][Iter4] Gen:10 Ind:11 RMSE(val)=723.534186
[GA][Iter4] Gen:10 Ind:12 RMSE(val)=734.139584
[GA][Iter4] Gen:10 Ind:13 RMSE(val)=725.997937
[GA][Iter4] Gen:10 Ind:14 RMSE(val)=722.503430
[GA][Iter4] Gen:10 Ind:15 RMSE(val)=722.374390
[GA][Iter4] Gen:10 Ind:16 RMSE(val)=723.037714
[GA][Iter4] Gen:10 Ind:17 RMSE(val)=722.780934
[GA][Iter4] Gen:10 Ind:18 RMSE(val)=724.452058
[GA][Iter4] Gen:10 Ind:19 RMSE(val)=723.729561
[GA][Iter4] Gen:10 Ind:20 RMSE(val)=720.044725
[GA][Iter4] gen=10 best_val_rmse=720.044725
[GA][Iter4] Gen:11 Ind:1 RMSE(val)=720.044725
[GA][Iter4] Gen:11 Ind:2 RMSE(val)=720.044725
[GA][Iter4] Gen:11 Ind:3 RMSE(val)=720.044725
[GA][Iter4] Gen:11 Ind:4 RMSE(val)=721.390034
[GA][Iter4] Gen:11 Ind:5 RMSE(val)=721.892044
[GA][Iter4] Gen:11 Ind:6 RMSE(val)=721.892044
[GA][Iter4] Gen:11 Ind:7 RMSE(val)=722.320270
[GA][Iter4] Gen:11 Ind:8 RMSE(val)=722.374390
[GA][Iter4] Gen:11 Ind:9 RMSE(val)=722.503430
[GA][Iter4] Gen:11 Ind:10 RMSE(val)=722.503430
[GA][Iter4] Gen:11 Ind:11 RMSE(val)=723.037714
[GA][Iter4] Gen:11 Ind:12 RMSE(val)=720.140245
[GA][Iter4] Gen:11 Ind:13 RMSE(val)=749.230783
[GA][Iter4] Gen:11 Ind:14 RMSE(val)=722.969058
[GA][Iter4] Gen:11 Ind:15 RMSE(val)=722.503430
[GA][Iter4] Gen:11 Ind:16 RMSE(val)=721.390034
[GA][Iter4] Gen:11 Ind:17 RMSE(val)=722.819144
[GA][Iter4] Gen:11 Ind:18 RMSE(val)=721.892044
[GA][Iter4] Gen:11 Ind:19 RMSE(val)=722.063681
[GA][Iter4] Gen:11 Ind:20 RMSE(val)=722.919231
[GA][Iter4] gen=11 best_val_rmse=720.044725
[GA][Iter4] Gen:12 Ind:1 RMSE(val)=720.044725
[GA][Iter4] Gen:12 Ind:2 RMSE(val)=720.044725
[GA][Iter4] Gen:12 Ind:3 RMSE(val)=720.044725
[GA][Iter4] Gen:12 Ind:4 RMSE(val)=720.140245
[GA][Iter4] Gen:12 Ind:5 RMSE(val)=721.390034
[GA][Iter4] Gen:12 Ind:6 RMSE(val)=721.390034
[GA][Iter4] Gen:12 Ind:7 RMSE(val)=721.892044
[GA][Iter4] Gen:12 Ind:8 RMSE(val)=721.892044
[GA][Iter4] Gen:12 Ind:9 RMSE(val)=721.892044
[GA][Iter4] Gen:12 Ind:10 RMSE(val)=722.063681
[GA][Iter4] Gen:12 Ind:11 RMSE(val)=726.417851
[GA][Iter4] Gen:12 Ind:12 RMSE(val)=720.978966
[GA][Iter4] Gen:12 Ind:13 RMSE(val)=721.989264
[GA][Iter4] Gen:12 Ind:14 RMSE(val)=724.452057
[GA][Iter4] Gen:12 Ind:15 RMSE(val)=725.119506
[GA][Iter4] Gen:12 Ind:16 RMSE(val)=722.063681
[GA][Iter4] Gen:12 Ind:17 RMSE(val)=720.140245
[GA][Iter4] Gen:12 Ind:18 RMSE(val)=721.182891
[GA][Iter4] Gen:12 Ind:19 RMSE(val)=720.044725
[GA][Iter4] Gen:12 Ind:20 RMSE(val)=723.037714
[GA][Iter4] gen=12 best_val_rmse=720.044725
[GA][Iter4] Gen:13 Ind:1 RMSE(val)=720.044725
[GA][Iter4] Gen:13 Ind:2 RMSE(val)=720.044725
[GA][Iter4] Gen:13 Ind:3 RMSE(val)=720.044725
[GA][Iter4] Gen:13 Ind:4 RMSE(val)=720.044725
[GA][Iter4] Gen:13 Ind:5 RMSE(val)=720.140245
[GA][Iter4] Gen:13 Ind:6 RMSE(val)=720.140245
[GA][Iter4] Gen:13 Ind:7 RMSE(val)=720.978966
[GA][Iter4] Gen:13 Ind:8 RMSE(val)=721.182891
[GA][Iter4] Gen:13 Ind:9 RMSE(val)=721.390034
[GA][Iter4] Gen:13 Ind:10 RMSE(val)=721.390034
[GA][Iter4] Gen:13 Ind:11 RMSE(val)=722.962310
[GA][Iter4] Gen:13 Ind:12 RMSE(val)=720.140245
[GA][Iter4] Gen:13 Ind:13 RMSE(val)=720.044725
[GA][Iter4] Gen:13 Ind:14 RMSE(val)=720.044725
[GA][Iter4] Gen:13 Ind:15 RMSE(val)=720.044725
[GA][Iter4] Gen:13 Ind:16 RMSE(val)=722.890374
[GA][Iter4] Gen:13 Ind:17 RMSE(val)=720.044725
[GA][Iter4] Gen:13 Ind:18 RMSE(val)=721.488428
[GA][Iter4] Gen:13 Ind:19 RMSE(val)=720.044725
[GA][Iter4] Gen:13 Ind:20 RMSE(val)=720.140245
[GA][Iter4] gen=13 best_val_rmse=720.044725
[GA][Iter4] Gen:14 Ind:1 RMSE(val)=720.044725
[GA][Iter4] Gen:14 Ind:2 RMSE(val)=720.044725
[GA][Iter4] Gen:14 Ind:3 RMSE(val)=720.044725
[GA][Iter4] Gen:14 Ind:4 RMSE(val)=720.044725
[GA][Iter4] Gen:14 Ind:5 RMSE(val)=720.044725
[GA][Iter4] Gen:14 Ind:6 RMSE(val)=720.044725
[GA][Iter4] Gen:14 Ind:7 RMSE(val)=720.044725
[GA][Iter4] Gen:14 Ind:8 RMSE(val)=720.044725
[GA][Iter4] Gen:14 Ind:9 RMSE(val)=720.044725
[GA][Iter4] Gen:14 Ind:10 RMSE(val)=720.140245
[GA][Iter4] Gen:14 Ind:11 RMSE(val)=720.140245
[GA][Iter4] Gen:14 Ind:12 RMSE(val)=720.044725
[GA][Iter4] Gen:14 Ind:13 RMSE(val)=725.110105
[GA][Iter4] Gen:14 Ind:14 RMSE(val)=720.044725
[GA][Iter4] Gen:14 Ind:15 RMSE(val)=720.044725
[GA][Iter4] Gen:14 Ind:16 RMSE(val)=720.044725
[GA][Iter4] Gen:14 Ind:17 RMSE(val)=720.140245
[GA][Iter4] Gen:14 Ind:18 RMSE(val)=720.044725
[GA][Iter4] Gen:14 Ind:19 RMSE(val)=720.044725
[GA][Iter4] Gen:14 Ind:20 RMSE(val)=720.044725
[GA][Iter4] gen=14 best_val_rmse=720.044725
[GA][Iter4] Gen:15 Ind:1 RMSE(val)=720.044725
[GA][Iter4] Gen:15 Ind:2 RMSE(val)=720.044725
[GA][Iter4] Gen:15 Ind:3 RMSE(val)=720.044725
[GA][Iter4] Gen:15 Ind:4 RMSE(val)=720.044725
[GA][Iter4] Gen:15 Ind:5 RMSE(val)=720.044725
[GA][Iter4] Gen:15 Ind:6 RMSE(val)=720.044725
[GA][Iter4] Gen:15 Ind:7 RMSE(val)=720.044725
[GA][Iter4] Gen:15 Ind:8 RMSE(val)=720.044725
[GA][Iter4] Gen:15 Ind:9 RMSE(val)=720.044725
[GA][Iter4] Gen:15 Ind:10 RMSE(val)=720.044725
[GA][Iter4] Gen:15 Ind:11 RMSE(val)=720.044725
[GA][Iter4] Gen:15 Ind:12 RMSE(val)=720.044725
[GA][Iter4] Gen:15 Ind:13 RMSE(val)=720.044675
[GA][Iter4] Gen:15 Ind:14 RMSE(val)=720.044725
[GA][Iter4] Gen:15 Ind:15 RMSE(val)=720.044725
[GA][Iter4] Gen:15 Ind:16 RMSE(val)=720.030496
[GA][Iter4] Gen:15 Ind:17 RMSE(val)=720.044725
[GA][Iter4] Gen:15 Ind:18 RMSE(val)=720.044725
[GA][Iter4] Gen:15 Ind:19 RMSE(val)=720.044725
[GA][Iter4] Gen:15 Ind:20 RMSE(val)=720.044725
[GA][Iter4] gen=15 best_val_rmse=720.030496
[GA][Iter4] Gen:15 Ind:1 RMSE(val)=720.030496
[GA][Iter4] Gen:15 Ind:2 RMSE(val)=720.044675
[GA][Iter4] Gen:15 Ind:3 RMSE(val)=720.044725
[GA][Iter4] Gen:15 Ind:4 RMSE(val)=720.044725
[GA][Iter4] Gen:15 Ind:5 RMSE(val)=720.044725
[GA][Iter4] Gen:15 Ind:6 RMSE(val)=720.044725
[GA][Iter4] Gen:15 Ind:7 RMSE(val)=720.044725
[GA][Iter4] Gen:15 Ind:8 RMSE(val)=720.044725
[GA][Iter4] Gen:15 Ind:9 RMSE(val)=720.044725
[GA][Iter4] Gen:15 Ind:10 RMSE(val)=720.044725
[GA][Iter4] Gen:15 Ind:11 RMSE(val)=720.044675
[GA][Iter4] Gen:15 Ind:12 RMSE(val)=720.044725
[GA][Iter4] Gen:15 Ind:13 RMSE(val)=720.030496
[GA][Iter4] Gen:15 Ind:14 RMSE(val)=720.044725
[GA][Iter4] Gen:15 Ind:15 RMSE(val)=720.044725
[GA][Iter4] Gen:15 Ind:16 RMSE(val)=720.044725
[GA][Iter4] Gen:15 Ind:17 RMSE(val)=720.044725
[GA][Iter4] Gen:15 Ind:18 RMSE(val)=720.044725
[GA][Iter4] Gen:15 Ind:19 RMSE(val)=720.044725
[GA][Iter4] Gen:15 Ind:20 RMSE(val)=722.811712

[GA DONE][Iter4] Best params on val fold of Iter4
Best val RMSE: 720.030496
Best params: {'n_estimators': 1399, 'learning_rate': 0.013040370487438183, 'num_leaves': 70, 'max_depth': 3, 'min_child_samples': 35, 'subsample': 0.9989303111956644, 'colsample_bytree': 0.8764180738364771, 'reg_lambda': 0.5195805653503169, 'reg_alpha': 4.142849181104845}
--------------------------------------------------------------------------------
[RETUNE GA] Iter4: train folds 1..8 -> test fold 9  RMSE=803.280907  NRMSE=0.693835  CVRMSE=0.312163  R2=0.517707
[GA][Iter5] Gen:1 Ind:1 RMSE(val)=812.697787
[GA][Iter5] Gen:1 Ind:2 RMSE(val)=816.708110
[GA][Iter5] Gen:1 Ind:3 RMSE(val)=802.430518
[GA][Iter5] Gen:1 Ind:4 RMSE(val)=821.812285
[GA][Iter5] Gen:1 Ind:5 RMSE(val)=809.474512
[GA][Iter5] Gen:1 Ind:6 RMSE(val)=804.845303
[GA][Iter5] Gen:1 Ind:7 RMSE(val)=816.391718
[GA][Iter5] Gen:1 Ind:8 RMSE(val)=813.346850
[GA][Iter5] Gen:1 Ind:9 RMSE(val)=812.325984
[GA][Iter5] Gen:1 Ind:10 RMSE(val)=794.628004
[GA][Iter5] Gen:1 Ind:11 RMSE(val)=798.686832
[GA][Iter5] Gen:1 Ind:12 RMSE(val)=790.459085
[GA][Iter5] Gen:1 Ind:13 RMSE(val)=805.225883
[GA][Iter5] Gen:1 Ind:14 RMSE(val)=829.138671
[GA][Iter5] Gen:1 Ind:15 RMSE(val)=817.162182
[GA][Iter5] Gen:1 Ind:16 RMSE(val)=820.267984
[GA][Iter5] Gen:1 Ind:17 RMSE(val)=810.509933
[GA][Iter5] Gen:1 Ind:18 RMSE(val)=792.063490
[GA][Iter5] Gen:1 Ind:19 RMSE(val)=823.427542
[GA][Iter5] Gen:1 Ind:20 RMSE(val)=819.228088
[GA][Iter5] gen=1 best_val_rmse=790.459085
[GA][Iter5] Gen:2 Ind:1 RMSE(val)=790.459085
[GA][Iter5] Gen:2 Ind:2 RMSE(val)=792.063490
[GA][Iter5] Gen:2 Ind:3 RMSE(val)=794.628004
[GA][Iter5] Gen:2 Ind:4 RMSE(val)=798.686832
[GA][Iter5] Gen:2 Ind:5 RMSE(val)=802.430518
[GA][Iter5] Gen:2 Ind:6 RMSE(val)=804.845303
[GA][Iter5] Gen:2 Ind:7 RMSE(val)=805.225883
[GA][Iter5] Gen:2 Ind:8 RMSE(val)=809.474512
[GA][Iter5] Gen:2 Ind:9 RMSE(val)=810.509933
[GA][Iter5] Gen:2 Ind:10 RMSE(val)=812.325984
[GA][Iter5] Gen:2 Ind:11 RMSE(val)=812.973932
[GA][Iter5] Gen:2 Ind:12 RMSE(val)=801.472136
[GA][Iter5] Gen:2 Ind:13 RMSE(val)=796.724843
[GA][Iter5] Gen:2 Ind:14 RMSE(val)=796.500823
[GA][Iter5] Gen:2 Ind:15 RMSE(val)=806.319062
[GA][Iter5] Gen:2 Ind:16 RMSE(val)=812.140059
[GA][Iter5] Gen:2 Ind:17 RMSE(val)=813.215051
[GA][Iter5] Gen:2 Ind:18 RMSE(val)=816.609557
[GA][Iter5] Gen:2 Ind:19 RMSE(val)=791.093271
[GA][Iter5] Gen:2 Ind:20 RMSE(val)=791.344362
[GA][Iter5] gen=2 best_val_rmse=790.459085
[GA][Iter5] Gen:3 Ind:1 RMSE(val)=790.459085
[GA][Iter5] Gen:3 Ind:2 RMSE(val)=791.093271
[GA][Iter5] Gen:3 Ind:3 RMSE(val)=791.344362
[GA][Iter5] Gen:3 Ind:4 RMSE(val)=792.063490
[GA][Iter5] Gen:3 Ind:5 RMSE(val)=794.628004
[GA][Iter5] Gen:3 Ind:6 RMSE(val)=796.500823
[GA][Iter5] Gen:3 Ind:7 RMSE(val)=796.724843
[GA][Iter5] Gen:3 Ind:8 RMSE(val)=798.686832
[GA][Iter5] Gen:3 Ind:9 RMSE(val)=801.472136
[GA][Iter5] Gen:3 Ind:10 RMSE(val)=802.430518
[GA][Iter5] Gen:3 Ind:11 RMSE(val)=803.803735
[GA][Iter5] Gen:3 Ind:12 RMSE(val)=823.559282
[GA][Iter5] Gen:3 Ind:13 RMSE(val)=794.407292
[GA][Iter5] Gen:3 Ind:14 RMSE(val)=792.014479
[GA][Iter5] Gen:3 Ind:15 RMSE(val)=798.340672
[GA][Iter5] Gen:3 Ind:16 RMSE(val)=800.261683
[GA][Iter5] Gen:3 Ind:17 RMSE(val)=784.283774
[GA][Iter5] Gen:3 Ind:18 RMSE(val)=800.867527
[GA][Iter5] Gen:3 Ind:19 RMSE(val)=806.430376
[GA][Iter5] Gen:3 Ind:20 RMSE(val)=796.079439
[GA][Iter5] gen=3 best_val_rmse=784.283774
[GA][Iter5] Gen:4 Ind:1 RMSE(val)=784.283774
[GA][Iter5] Gen:4 Ind:2 RMSE(val)=790.459085
[GA][Iter5] Gen:4 Ind:3 RMSE(val)=791.093271
[GA][Iter5] Gen:4 Ind:4 RMSE(val)=791.344362
[GA][Iter5] Gen:4 Ind:5 RMSE(val)=792.014479
[GA][Iter5] Gen:4 Ind:6 RMSE(val)=792.063490
[GA][Iter5] Gen:4 Ind:7 RMSE(val)=794.407292
[GA][Iter5] Gen:4 Ind:8 RMSE(val)=794.628004
[GA][Iter5] Gen:4 Ind:9 RMSE(val)=796.079439
[GA][Iter5] Gen:4 Ind:10 RMSE(val)=796.500823
[GA][Iter5] Gen:4 Ind:11 RMSE(val)=797.055764
[GA][Iter5] Gen:4 Ind:12 RMSE(val)=800.956608
[GA][Iter5] Gen:4 Ind:13 RMSE(val)=794.407292
[GA][Iter5] Gen:4 Ind:14 RMSE(val)=790.016952
[GA][Iter5] Gen:4 Ind:15 RMSE(val)=798.827153
[GA][Iter5] Gen:4 Ind:16 RMSE(val)=799.542728
[GA][Iter5] Gen:4 Ind:17 RMSE(val)=798.815630
[GA][Iter5] Gen:4 Ind:18 RMSE(val)=789.442076
[GA][Iter5] Gen:4 Ind:19 RMSE(val)=786.349440
[GA][Iter5] Gen:4 Ind:20 RMSE(val)=792.870052
[GA][Iter5] gen=4 best_val_rmse=784.283774
[GA][Iter5] Gen:5 Ind:1 RMSE(val)=784.283774
[GA][Iter5] Gen:5 Ind:2 RMSE(val)=786.349440
[GA][Iter5] Gen:5 Ind:3 RMSE(val)=789.442076
[GA][Iter5] Gen:5 Ind:4 RMSE(val)=790.016952
[GA][Iter5] Gen:5 Ind:5 RMSE(val)=790.459085
[GA][Iter5] Gen:5 Ind:6 RMSE(val)=791.093271
[GA][Iter5] Gen:5 Ind:7 RMSE(val)=791.344362
[GA][Iter5] Gen:5 Ind:8 RMSE(val)=792.014479
[GA][Iter5] Gen:5 Ind:9 RMSE(val)=792.063490
[GA][Iter5] Gen:5 Ind:10 RMSE(val)=792.870052
[GA][Iter5] Gen:5 Ind:11 RMSE(val)=792.815090
[GA][Iter5] Gen:5 Ind:12 RMSE(val)=796.043258
[GA][Iter5] Gen:5 Ind:13 RMSE(val)=790.224554
[GA][Iter5] Gen:5 Ind:14 RMSE(val)=800.617503
[GA][Iter5] Gen:5 Ind:15 RMSE(val)=802.880244
[GA][Iter5] Gen:5 Ind:16 RMSE(val)=789.368977
[GA][Iter5] Gen:5 Ind:17 RMSE(val)=792.165812
[GA][Iter5] Gen:5 Ind:18 RMSE(val)=787.388099
[GA][Iter5] Gen:5 Ind:19 RMSE(val)=788.437943
[GA][Iter5] Gen:5 Ind:20 RMSE(val)=790.149375
[GA][Iter5] gen=5 best_val_rmse=784.283774
[GA][Iter5] Gen:6 Ind:1 RMSE(val)=784.283774
[GA][Iter5] Gen:6 Ind:2 RMSE(val)=786.349440
[GA][Iter5] Gen:6 Ind:3 RMSE(val)=787.388099
[GA][Iter5] Gen:6 Ind:4 RMSE(val)=788.437943
[GA][Iter5] Gen:6 Ind:5 RMSE(val)=789.368977
[GA][Iter5] Gen:6 Ind:6 RMSE(val)=789.442076
[GA][Iter5] Gen:6 Ind:7 RMSE(val)=790.016952
[GA][Iter5] Gen:6 Ind:8 RMSE(val)=790.149375
[GA][Iter5] Gen:6 Ind:9 RMSE(val)=790.224554
[GA][Iter5] Gen:6 Ind:10 RMSE(val)=790.459085
[GA][Iter5] Gen:6 Ind:11 RMSE(val)=782.944217
[GA][Iter5] Gen:6 Ind:12 RMSE(val)=787.330178
[GA][Iter5] Gen:6 Ind:13 RMSE(val)=780.137894
[GA][Iter5] Gen:6 Ind:14 RMSE(val)=791.526203
[GA][Iter5] Gen:6 Ind:15 RMSE(val)=789.053330
[GA][Iter5] Gen:6 Ind:16 RMSE(val)=792.883291
[GA][Iter5] Gen:6 Ind:17 RMSE(val)=793.530937
[GA][Iter5] Gen:6 Ind:18 RMSE(val)=790.424539
[GA][Iter5] Gen:6 Ind:19 RMSE(val)=792.893078
[GA][Iter5] Gen:6 Ind:20 RMSE(val)=790.246038
[GA][Iter5] gen=6 best_val_rmse=780.137894
[GA][Iter5] Gen:7 Ind:1 RMSE(val)=780.137894
[GA][Iter5] Gen:7 Ind:2 RMSE(val)=782.944217
[GA][Iter5] Gen:7 Ind:3 RMSE(val)=784.283774
[GA][Iter5] Gen:7 Ind:4 RMSE(val)=786.349440
[GA][Iter5] Gen:7 Ind:5 RMSE(val)=787.330178
[GA][Iter5] Gen:7 Ind:6 RMSE(val)=787.388099
[GA][Iter5] Gen:7 Ind:7 RMSE(val)=788.437943
[GA][Iter5] Gen:7 Ind:8 RMSE(val)=789.053330
[GA][Iter5] Gen:7 Ind:9 RMSE(val)=789.368977
[GA][Iter5] Gen:7 Ind:10 RMSE(val)=789.442076
[GA][Iter5] Gen:7 Ind:11 RMSE(val)=789.368837
[GA][Iter5] Gen:7 Ind:12 RMSE(val)=790.578743
[GA][Iter5] Gen:7 Ind:13 RMSE(val)=805.039962
[GA][Iter5] Gen:7 Ind:14 RMSE(val)=809.110795
[GA][Iter5] Gen:7 Ind:15 RMSE(val)=791.620029
[GA][Iter5] Gen:7 Ind:16 RMSE(val)=812.536928
[GA][Iter5] Gen:7 Ind:17 RMSE(val)=794.107663
[GA][Iter5] Gen:7 Ind:18 RMSE(val)=803.291122
[GA][Iter5] Gen:7 Ind:19 RMSE(val)=788.217093
[GA][Iter5] Gen:7 Ind:20 RMSE(val)=804.883274
[GA][Iter5] gen=7 best_val_rmse=780.137894
[GA][Iter5] Gen:8 Ind:1 RMSE(val)=780.137894
[GA][Iter5] Gen:8 Ind:2 RMSE(val)=782.944217
[GA][Iter5] Gen:8 Ind:3 RMSE(val)=784.283774
[GA][Iter5] Gen:8 Ind:4 RMSE(val)=786.349440
[GA][Iter5] Gen:8 Ind:5 RMSE(val)=787.330178
[GA][Iter5] Gen:8 Ind:6 RMSE(val)=787.388099
[GA][Iter5] Gen:8 Ind:7 RMSE(val)=788.217093
[GA][Iter5] Gen:8 Ind:8 RMSE(val)=788.437943
[GA][Iter5] Gen:8 Ind:9 RMSE(val)=789.053330
[GA][Iter5] Gen:8 Ind:10 RMSE(val)=789.368837
[GA][Iter5] Gen:8 Ind:11 RMSE(val)=786.127229
[GA][Iter5] Gen:8 Ind:12 RMSE(val)=790.285007
[GA][Iter5] Gen:8 Ind:13 RMSE(val)=813.022311
[GA][Iter5] Gen:8 Ind:14 RMSE(val)=788.772386
[GA][Iter5] Gen:8 Ind:15 RMSE(val)=785.784826
[GA][Iter5] Gen:8 Ind:16 RMSE(val)=788.238782
[GA][Iter5] Gen:8 Ind:17 RMSE(val)=789.126689
[GA][Iter5] Gen:8 Ind:18 RMSE(val)=811.943252
[GA][Iter5] Gen:8 Ind:19 RMSE(val)=797.253688
[GA][Iter5] Gen:8 Ind:20 RMSE(val)=794.992023
[GA][Iter5] gen=8 best_val_rmse=780.137894
[GA][Iter5] Gen:9 Ind:1 RMSE(val)=780.137894
[GA][Iter5] Gen:9 Ind:2 RMSE(val)=782.944217
[GA][Iter5] Gen:9 Ind:3 RMSE(val)=784.283774
[GA][Iter5] Gen:9 Ind:4 RMSE(val)=785.784826
[GA][Iter5] Gen:9 Ind:5 RMSE(val)=786.127229
[GA][Iter5] Gen:9 Ind:6 RMSE(val)=786.349440
[GA][Iter5] Gen:9 Ind:7 RMSE(val)=787.330178
[GA][Iter5] Gen:9 Ind:8 RMSE(val)=787.388099
[GA][Iter5] Gen:9 Ind:9 RMSE(val)=788.217093
[GA][Iter5] Gen:9 Ind:10 RMSE(val)=788.238782
[GA][Iter5] Gen:9 Ind:11 RMSE(val)=798.755503
[GA][Iter5] Gen:9 Ind:12 RMSE(val)=785.303339
[GA][Iter5] Gen:9 Ind:13 RMSE(val)=795.218525
[GA][Iter5] Gen:9 Ind:14 RMSE(val)=783.972632
[GA][Iter5] Gen:9 Ind:15 RMSE(val)=782.944217
[GA][Iter5] Gen:9 Ind:16 RMSE(val)=783.328104
[GA][Iter5] Gen:9 Ind:17 RMSE(val)=785.784826
[GA][Iter5] Gen:9 Ind:18 RMSE(val)=786.127229
[GA][Iter5] Gen:9 Ind:19 RMSE(val)=793.926896
[GA][Iter5] Gen:9 Ind:20 RMSE(val)=786.855071
[GA][Iter5] gen=9 best_val_rmse=780.137894
[GA][Iter5] Gen:10 Ind:1 RMSE(val)=780.137894
[GA][Iter5] Gen:10 Ind:2 RMSE(val)=782.944217
[GA][Iter5] Gen:10 Ind:3 RMSE(val)=782.944217
[GA][Iter5] Gen:10 Ind:4 RMSE(val)=783.328104
[GA][Iter5] Gen:10 Ind:5 RMSE(val)=783.972632
[GA][Iter5] Gen:10 Ind:6 RMSE(val)=784.283774
[GA][Iter5] Gen:10 Ind:7 RMSE(val)=785.303339
[GA][Iter5] Gen:10 Ind:8 RMSE(val)=785.784826
[GA][Iter5] Gen:10 Ind:9 RMSE(val)=785.784826
[GA][Iter5] Gen:10 Ind:10 RMSE(val)=786.127229
[GA][Iter5] Gen:10 Ind:11 RMSE(val)=782.950333
[GA][Iter5] Gen:10 Ind:12 RMSE(val)=798.086666
[GA][Iter5] Gen:10 Ind:13 RMSE(val)=786.506237
[GA][Iter5] Gen:10 Ind:14 RMSE(val)=792.453774
[GA][Iter5] Gen:10 Ind:15 RMSE(val)=783.245125
[GA][Iter5] Gen:10 Ind:16 RMSE(val)=786.127229
[GA][Iter5] Gen:10 Ind:17 RMSE(val)=782.760271
[GA][Iter5] Gen:10 Ind:18 RMSE(val)=785.784826
[GA][Iter5] Gen:10 Ind:19 RMSE(val)=782.944217
[GA][Iter5] Gen:10 Ind:20 RMSE(val)=790.545740
[GA][Iter5] gen=10 best_val_rmse=780.137894
[GA][Iter5] Gen:11 Ind:1 RMSE(val)=780.137894
[GA][Iter5] Gen:11 Ind:2 RMSE(val)=782.760271
[GA][Iter5] Gen:11 Ind:3 RMSE(val)=782.944217
[GA][Iter5] Gen:11 Ind:4 RMSE(val)=782.944217
[GA][Iter5] Gen:11 Ind:5 RMSE(val)=782.944217
[GA][Iter5] Gen:11 Ind:6 RMSE(val)=782.950333
[GA][Iter5] Gen:11 Ind:7 RMSE(val)=783.245125
[GA][Iter5] Gen:11 Ind:8 RMSE(val)=783.328104
[GA][Iter5] Gen:11 Ind:9 RMSE(val)=783.972632
[GA][Iter5] Gen:11 Ind:10 RMSE(val)=784.283774
[GA][Iter5] Gen:11 Ind:11 RMSE(val)=785.316222
[GA][Iter5] Gen:11 Ind:12 RMSE(val)=802.622972
[GA][Iter5] Gen:11 Ind:13 RMSE(val)=784.167984
[GA][Iter5] Gen:11 Ind:14 RMSE(val)=786.687442
[GA][Iter5] Gen:11 Ind:15 RMSE(val)=784.040929
[GA][Iter5] Gen:11 Ind:16 RMSE(val)=786.386316
[GA][Iter5] Gen:11 Ind:17 RMSE(val)=782.971970
[GA][Iter5] Gen:11 Ind:18 RMSE(val)=783.318967
[GA][Iter5] Gen:11 Ind:19 RMSE(val)=784.804825
[GA][Iter5] Gen:11 Ind:20 RMSE(val)=788.407798
[GA][Iter5] gen=11 best_val_rmse=780.137894
[GA][Iter5] Gen:12 Ind:1 RMSE(val)=780.137894
[GA][Iter5] Gen:12 Ind:2 RMSE(val)=782.760271
[GA][Iter5] Gen:12 Ind:3 RMSE(val)=782.944217
[GA][Iter5] Gen:12 Ind:4 RMSE(val)=782.944217
[GA][Iter5] Gen:12 Ind:5 RMSE(val)=782.944217
[GA][Iter5] Gen:12 Ind:6 RMSE(val)=782.950333
[GA][Iter5] Gen:12 Ind:7 RMSE(val)=782.971970
[GA][Iter5] Gen:12 Ind:8 RMSE(val)=783.245125
[GA][Iter5] Gen:12 Ind:9 RMSE(val)=783.318967
[GA][Iter5] Gen:12 Ind:10 RMSE(val)=783.328104
[GA][Iter5] Gen:12 Ind:11 RMSE(val)=785.786200
[GA][Iter5] Gen:12 Ind:12 RMSE(val)=784.082150
[GA][Iter5] Gen:12 Ind:13 RMSE(val)=782.944217
[GA][Iter5] Gen:12 Ind:14 RMSE(val)=787.608886
[GA][Iter5] Gen:12 Ind:15 RMSE(val)=783.328104
[GA][Iter5] Gen:12 Ind:16 RMSE(val)=783.991144
[GA][Iter5] Gen:12 Ind:17 RMSE(val)=783.245125
[GA][Iter5] Gen:12 Ind:18 RMSE(val)=784.040929
[GA][Iter5] Gen:12 Ind:19 RMSE(val)=782.950333
[GA][Iter5] Gen:12 Ind:20 RMSE(val)=785.833762
[GA][Iter5] gen=12 best_val_rmse=780.137894
[GA][Iter5] Gen:13 Ind:1 RMSE(val)=780.137894
[GA][Iter5] Gen:13 Ind:2 RMSE(val)=782.760271
[GA][Iter5] Gen:13 Ind:3 RMSE(val)=782.944217
[GA][Iter5] Gen:13 Ind:4 RMSE(val)=782.944217
[GA][Iter5] Gen:13 Ind:5 RMSE(val)=782.944217
[GA][Iter5] Gen:13 Ind:6 RMSE(val)=782.944217
[GA][Iter5] Gen:13 Ind:7 RMSE(val)=782.950333
[GA][Iter5] Gen:13 Ind:8 RMSE(val)=782.950333
[GA][Iter5] Gen:13 Ind:9 RMSE(val)=782.971970
[GA][Iter5] Gen:13 Ind:10 RMSE(val)=783.245125
[GA][Iter5] Gen:13 Ind:11 RMSE(val)=782.944217
[GA][Iter5] Gen:13 Ind:12 RMSE(val)=786.386316
[GA][Iter5] Gen:13 Ind:13 RMSE(val)=782.760271
[GA][Iter5] Gen:13 Ind:14 RMSE(val)=782.971970
[GA][Iter5] Gen:13 Ind:15 RMSE(val)=793.906341
[GA][Iter5] Gen:13 Ind:16 RMSE(val)=782.760271
[GA][Iter5] Gen:13 Ind:17 RMSE(val)=790.854469
[GA][Iter5] Gen:13 Ind:18 RMSE(val)=784.059280
[GA][Iter5] Gen:13 Ind:19 RMSE(val)=782.944217
[GA][Iter5] Gen:13 Ind:20 RMSE(val)=782.950333
[GA][Iter5] gen=13 best_val_rmse=780.137894
[GA][Iter5] Gen:14 Ind:1 RMSE(val)=780.137894
[GA][Iter5] Gen:14 Ind:2 RMSE(val)=782.760271
[GA][Iter5] Gen:14 Ind:3 RMSE(val)=782.760271
[GA][Iter5] Gen:14 Ind:4 RMSE(val)=782.760271
[GA][Iter5] Gen:14 Ind:5 RMSE(val)=782.944217
[GA][Iter5] Gen:14 Ind:6 RMSE(val)=782.944217
[GA][Iter5] Gen:14 Ind:7 RMSE(val)=782.944217
[GA][Iter5] Gen:14 Ind:8 RMSE(val)=782.944217
[GA][Iter5] Gen:14 Ind:9 RMSE(val)=782.944217
[GA][Iter5] Gen:14 Ind:10 RMSE(val)=782.944217
[GA][Iter5] Gen:14 Ind:11 RMSE(val)=782.944217
[GA][Iter5] Gen:14 Ind:12 RMSE(val)=782.665556
[GA][Iter5] Gen:14 Ind:13 RMSE(val)=782.944217
[GA][Iter5] Gen:14 Ind:14 RMSE(val)=782.944217
[GA][Iter5] Gen:14 Ind:15 RMSE(val)=782.944217
[GA][Iter5] Gen:14 Ind:16 RMSE(val)=782.944217
[GA][Iter5] Gen:14 Ind:17 RMSE(val)=786.386316
[GA][Iter5] Gen:14 Ind:18 RMSE(val)=782.760271
[GA][Iter5] Gen:14 Ind:19 RMSE(val)=782.944217
[GA][Iter5] Gen:14 Ind:20 RMSE(val)=782.944217
[GA][Iter5] gen=14 best_val_rmse=780.137894
[GA][Iter5] Gen:15 Ind:1 RMSE(val)=780.137894
[GA][Iter5] Gen:15 Ind:2 RMSE(val)=782.665556
[GA][Iter5] Gen:15 Ind:3 RMSE(val)=782.760271
[GA][Iter5] Gen:15 Ind:4 RMSE(val)=782.760271
[GA][Iter5] Gen:15 Ind:5 RMSE(val)=782.760271
[GA][Iter5] Gen:15 Ind:6 RMSE(val)=782.760271
[GA][Iter5] Gen:15 Ind:7 RMSE(val)=782.944217
[GA][Iter5] Gen:15 Ind:8 RMSE(val)=782.944217
[GA][Iter5] Gen:15 Ind:9 RMSE(val)=782.944217
[GA][Iter5] Gen:15 Ind:10 RMSE(val)=782.944217
[GA][Iter5] Gen:15 Ind:11 RMSE(val)=786.386316
[GA][Iter5] Gen:15 Ind:12 RMSE(val)=781.765667
[GA][Iter5] Gen:15 Ind:13 RMSE(val)=786.386316
[GA][Iter5] Gen:15 Ind:14 RMSE(val)=782.944217
[GA][Iter5] Gen:15 Ind:15 RMSE(val)=786.223577
[GA][Iter5] Gen:15 Ind:16 RMSE(val)=783.996833
[GA][Iter5] Gen:15 Ind:17 RMSE(val)=782.760271
[GA][Iter5] Gen:15 Ind:18 RMSE(val)=782.944217
[GA][Iter5] Gen:15 Ind:19 RMSE(val)=782.760271
[GA][Iter5] Gen:15 Ind:20 RMSE(val)=783.996833
[GA][Iter5] gen=15 best_val_rmse=780.137894
[GA][Iter5] Gen:15 Ind:1 RMSE(val)=780.137894
[GA][Iter5] Gen:15 Ind:2 RMSE(val)=781.765667
[GA][Iter5] Gen:15 Ind:3 RMSE(val)=782.665556
[GA][Iter5] Gen:15 Ind:4 RMSE(val)=782.760271
[GA][Iter5] Gen:15 Ind:5 RMSE(val)=782.760271
[GA][Iter5] Gen:15 Ind:6 RMSE(val)=782.760271
[GA][Iter5] Gen:15 Ind:7 RMSE(val)=782.760271
[GA][Iter5] Gen:15 Ind:8 RMSE(val)=782.760271
[GA][Iter5] Gen:15 Ind:9 RMSE(val)=782.760271
[GA][Iter5] Gen:15 Ind:10 RMSE(val)=782.944217
[GA][Iter5] Gen:15 Ind:11 RMSE(val)=782.760271
[GA][Iter5] Gen:15 Ind:12 RMSE(val)=780.137894
[GA][Iter5] Gen:15 Ind:13 RMSE(val)=782.760271
[GA][Iter5] Gen:15 Ind:14 RMSE(val)=782.760271
[GA][Iter5] Gen:15 Ind:15 RMSE(val)=782.760271
[GA][Iter5] Gen:15 Ind:16 RMSE(val)=782.665556
[GA][Iter5] Gen:15 Ind:17 RMSE(val)=782.760271
[GA][Iter5] Gen:15 Ind:18 RMSE(val)=782.760271
[GA][Iter5] Gen:15 Ind:19 RMSE(val)=787.444083
[GA][Iter5] Gen:15 Ind:20 RMSE(val)=779.511066

[GA DONE][Iter5] Best params on val fold of Iter5
Best val RMSE: 779.511066
Best params: {'n_estimators': 623, 'learning_rate': 0.06241451456639381, 'num_leaves': 102, 'max_depth': 2, 'min_child_samples': 65, 'subsample': 0.8818287344859694, 'colsample_bytree': 0.5998496273955821, 'reg_lambda': 0.41240635054613967, 'reg_alpha': 0.07381827474625785}
--------------------------------------------------------------------------------
[RETUNE GA] Iter5: train folds 1..9 -> test fold 10  RMSE=866.663370  NRMSE=0.625397  CVRMSE=0.286689  R2=0.608158
