=== BASELINE (project=filterlists, last-7 mean, expanding folds) ===
Iter1: train folds 1..5 -> test fold 6  RMSE=40.2658  NRMSE=1.0256  CVRMSE=0.5243  R˛=-0.0632
Iter2: train folds 1..6 -> test fold 7  RMSE=48.4089  NRMSE=1.0567  CVRMSE=0.4445  R˛=-0.1289
Iter3: train folds 1..7 -> test fold 8  RMSE=42.6465  NRMSE=1.0572  CVRMSE=0.4042  R˛=-0.1299
Iter4: train folds 1..8 -> test fold 9  RMSE=54.0967  NRMSE=1.0492  CVRMSE=0.4844  R˛=-0.1128
Iter5: train folds 1..9 -> test fold 10  RMSE=41.0037  NRMSE=1.0631  CVRMSE=0.4044  R˛=-0.1424
--------------------------------------------------
[FEATURES] initial=91 kept_after_screening=29
['workflow_event_trigger', 'issuer_name', 'gh_files_added', 'gh_is_pr', 'gh_sloc', 'gh_description_complexity', 'gh_src_files', 'gh_other_files', 'git_num_committers', 'total_jobs', 'gh_team_size_last_3_month', 'gh_num_pr_comments', 'gh_test_lines_per_kloc', 'hour', 'dow', 'month', 'secs_since_prev', 'duration_lag_1', 'duration_lag_3', 'duration_lag_4', 'duration_lag_5', 'duration_lag_6', 'window_avg_7', 'window_std_7', 'window_avg_3', 'window_std_3', 'ft___yml_', 'ft____json_', 'ft____sh_']
--------------------------------------------------------------------------------
[GA][Iter1] Gen:1 Ind:1 RMSE(val)=9.218049
[GA][Iter1] Gen:1 Ind:2 RMSE(val)=10.761279
[GA][Iter1] Gen:1 Ind:3 RMSE(val)=10.218199
[GA][Iter1] Gen:1 Ind:4 RMSE(val)=11.638400
[GA][Iter1] Gen:1 Ind:5 RMSE(val)=12.809981
[GA][Iter1] Gen:1 Ind:6 RMSE(val)=19.059810
[GA][Iter1] Gen:1 Ind:7 RMSE(val)=12.096235
[GA][Iter1] Gen:1 Ind:8 RMSE(val)=10.159690
[GA][Iter1] Gen:1 Ind:9 RMSE(val)=13.542937
[GA][Iter1] Gen:1 Ind:10 RMSE(val)=22.946876
[GA][Iter1] Gen:1 Ind:11 RMSE(val)=11.570802
[GA][Iter1] Gen:1 Ind:12 RMSE(val)=9.966994
[GA][Iter1] Gen:1 Ind:13 RMSE(val)=35.292663
[GA][Iter1] Gen:1 Ind:14 RMSE(val)=9.575624
[GA][Iter1] Gen:1 Ind:15 RMSE(val)=9.231152
[GA][Iter1] Gen:1 Ind:16 RMSE(val)=9.514513
[GA][Iter1] Gen:1 Ind:17 RMSE(val)=11.927575
[GA][Iter1] Gen:1 Ind:18 RMSE(val)=12.377590
[GA][Iter1] Gen:1 Ind:19 RMSE(val)=10.343300
[GA][Iter1] Gen:1 Ind:20 RMSE(val)=10.713897
[GA][Iter1] gen=1 best_val_rmse=9.218049
[GA][Iter1] Gen:2 Ind:1 RMSE(val)=9.218049
[GA][Iter1] Gen:2 Ind:2 RMSE(val)=9.231152
[GA][Iter1] Gen:2 Ind:3 RMSE(val)=9.514513
[GA][Iter1] Gen:2 Ind:4 RMSE(val)=9.575624
[GA][Iter1] Gen:2 Ind:5 RMSE(val)=9.966994
[GA][Iter1] Gen:2 Ind:6 RMSE(val)=10.159690
[GA][Iter1] Gen:2 Ind:7 RMSE(val)=10.218199
[GA][Iter1] Gen:2 Ind:8 RMSE(val)=10.343300
[GA][Iter1] Gen:2 Ind:9 RMSE(val)=10.713897
[GA][Iter1] Gen:2 Ind:10 RMSE(val)=10.761279
[GA][Iter1] Gen:2 Ind:11 RMSE(val)=12.303414
[GA][Iter1] Gen:2 Ind:12 RMSE(val)=9.464755
[GA][Iter1] Gen:2 Ind:13 RMSE(val)=11.653610
[GA][Iter1] Gen:2 Ind:14 RMSE(val)=11.665791
[GA][Iter1] Gen:2 Ind:15 RMSE(val)=10.072734
[GA][Iter1] Gen:2 Ind:16 RMSE(val)=10.278038
[GA][Iter1] Gen:2 Ind:17 RMSE(val)=9.061937
[GA][Iter1] Gen:2 Ind:18 RMSE(val)=11.773682
[GA][Iter1] Gen:2 Ind:19 RMSE(val)=9.543665
[GA][Iter1] Gen:2 Ind:20 RMSE(val)=10.872372
[GA][Iter1] gen=2 best_val_rmse=9.061937
[GA][Iter1] Gen:3 Ind:1 RMSE(val)=9.061937
[GA][Iter1] Gen:3 Ind:2 RMSE(val)=9.218049
[GA][Iter1] Gen:3 Ind:3 RMSE(val)=9.231152
[GA][Iter1] Gen:3 Ind:4 RMSE(val)=9.464755
[GA][Iter1] Gen:3 Ind:5 RMSE(val)=9.514513
[GA][Iter1] Gen:3 Ind:6 RMSE(val)=9.543665
[GA][Iter1] Gen:3 Ind:7 RMSE(val)=9.575624
[GA][Iter1] Gen:3 Ind:8 RMSE(val)=9.966994
[GA][Iter1] Gen:3 Ind:9 RMSE(val)=10.072734
[GA][Iter1] Gen:3 Ind:10 RMSE(val)=10.159690
[GA][Iter1] Gen:3 Ind:11 RMSE(val)=11.028416
[GA][Iter1] Gen:3 Ind:12 RMSE(val)=9.403953
[GA][Iter1] Gen:3 Ind:13 RMSE(val)=13.903354
[GA][Iter1] Gen:3 Ind:14 RMSE(val)=9.815259
[GA][Iter1] Gen:3 Ind:15 RMSE(val)=9.560739
[GA][Iter1] Gen:3 Ind:16 RMSE(val)=9.304640
[GA][Iter1] Gen:3 Ind:17 RMSE(val)=10.513876
[GA][Iter1] Gen:3 Ind:18 RMSE(val)=9.897981
[GA][Iter1] Gen:3 Ind:19 RMSE(val)=11.901487
[GA][Iter1] Gen:3 Ind:20 RMSE(val)=9.327767
[GA][Iter1] gen=3 best_val_rmse=9.061937
[GA][Iter1] Gen:4 Ind:1 RMSE(val)=9.061937
[GA][Iter1] Gen:4 Ind:2 RMSE(val)=9.218049
[GA][Iter1] Gen:4 Ind:3 RMSE(val)=9.231152
[GA][Iter1] Gen:4 Ind:4 RMSE(val)=9.304640
[GA][Iter1] Gen:4 Ind:5 RMSE(val)=9.327767
[GA][Iter1] Gen:4 Ind:6 RMSE(val)=9.403953
[GA][Iter1] Gen:4 Ind:7 RMSE(val)=9.464755
[GA][Iter1] Gen:4 Ind:8 RMSE(val)=9.514513
[GA][Iter1] Gen:4 Ind:9 RMSE(val)=9.543665
[GA][Iter1] Gen:4 Ind:10 RMSE(val)=9.560739
[GA][Iter1] Gen:4 Ind:11 RMSE(val)=10.194377
[GA][Iter1] Gen:4 Ind:12 RMSE(val)=9.192609
[GA][Iter1] Gen:4 Ind:13 RMSE(val)=9.496835
[GA][Iter1] Gen:4 Ind:14 RMSE(val)=10.872372
[GA][Iter1] Gen:4 Ind:15 RMSE(val)=11.063411
[GA][Iter1] Gen:4 Ind:16 RMSE(val)=11.129235
[GA][Iter1] Gen:4 Ind:17 RMSE(val)=9.173347
[GA][Iter1] Gen:4 Ind:18 RMSE(val)=9.571001
[GA][Iter1] Gen:4 Ind:19 RMSE(val)=9.455900
[GA][Iter1] Gen:4 Ind:20 RMSE(val)=9.218816
[GA][Iter1] gen=4 best_val_rmse=9.061937
[GA][Iter1] Gen:5 Ind:1 RMSE(val)=9.061937
[GA][Iter1] Gen:5 Ind:2 RMSE(val)=9.173347
[GA][Iter1] Gen:5 Ind:3 RMSE(val)=9.192609
[GA][Iter1] Gen:5 Ind:4 RMSE(val)=9.218049
[GA][Iter1] Gen:5 Ind:5 RMSE(val)=9.218816
[GA][Iter1] Gen:5 Ind:6 RMSE(val)=9.231152
[GA][Iter1] Gen:5 Ind:7 RMSE(val)=9.304640
[GA][Iter1] Gen:5 Ind:8 RMSE(val)=9.327767
[GA][Iter1] Gen:5 Ind:9 RMSE(val)=9.403953
[GA][Iter1] Gen:5 Ind:10 RMSE(val)=9.455900
[GA][Iter1] Gen:5 Ind:11 RMSE(val)=9.463440
[GA][Iter1] Gen:5 Ind:12 RMSE(val)=8.358522
[GA][Iter1] Gen:5 Ind:13 RMSE(val)=9.756623
[GA][Iter1] Gen:5 Ind:14 RMSE(val)=8.991005
[GA][Iter1] Gen:5 Ind:15 RMSE(val)=9.218816
[GA][Iter1] Gen:5 Ind:16 RMSE(val)=10.388739
[GA][Iter1] Gen:5 Ind:17 RMSE(val)=9.078132
[GA][Iter1] Gen:5 Ind:18 RMSE(val)=9.209648
[GA][Iter1] Gen:5 Ind:19 RMSE(val)=13.902744
[GA][Iter1] Gen:5 Ind:20 RMSE(val)=8.814753
[GA][Iter1] gen=5 best_val_rmse=8.358522
[GA][Iter1] Gen:6 Ind:1 RMSE(val)=8.358522
[GA][Iter1] Gen:6 Ind:2 RMSE(val)=8.814753
[GA][Iter1] Gen:6 Ind:3 RMSE(val)=8.991005
[GA][Iter1] Gen:6 Ind:4 RMSE(val)=9.061937
[GA][Iter1] Gen:6 Ind:5 RMSE(val)=9.078132
[GA][Iter1] Gen:6 Ind:6 RMSE(val)=9.173347
[GA][Iter1] Gen:6 Ind:7 RMSE(val)=9.192609
[GA][Iter1] Gen:6 Ind:8 RMSE(val)=9.209648
[GA][Iter1] Gen:6 Ind:9 RMSE(val)=9.218049
[GA][Iter1] Gen:6 Ind:10 RMSE(val)=9.218816
[GA][Iter1] Gen:6 Ind:11 RMSE(val)=9.243373
[GA][Iter1] Gen:6 Ind:12 RMSE(val)=9.242486
[GA][Iter1] Gen:6 Ind:13 RMSE(val)=9.346900
[GA][Iter1] Gen:6 Ind:14 RMSE(val)=9.529908
[GA][Iter1] Gen:6 Ind:15 RMSE(val)=9.427936
[GA][Iter1] Gen:6 Ind:16 RMSE(val)=9.219564
[GA][Iter1] Gen:6 Ind:17 RMSE(val)=9.060402
[GA][Iter1] Gen:6 Ind:18 RMSE(val)=9.176551
[GA][Iter1] Gen:6 Ind:19 RMSE(val)=8.348303
[GA][Iter1] Gen:6 Ind:20 RMSE(val)=8.788279
[GA][Iter1] gen=6 best_val_rmse=8.348303
[GA][Iter1] Gen:7 Ind:1 RMSE(val)=8.348303
[GA][Iter1] Gen:7 Ind:2 RMSE(val)=8.358522
[GA][Iter1] Gen:7 Ind:3 RMSE(val)=8.788279
[GA][Iter1] Gen:7 Ind:4 RMSE(val)=8.814753
[GA][Iter1] Gen:7 Ind:5 RMSE(val)=8.991005
[GA][Iter1] Gen:7 Ind:6 RMSE(val)=9.060402
[GA][Iter1] Gen:7 Ind:7 RMSE(val)=9.061937
[GA][Iter1] Gen:7 Ind:8 RMSE(val)=9.078132
[GA][Iter1] Gen:7 Ind:9 RMSE(val)=9.173347
[GA][Iter1] Gen:7 Ind:10 RMSE(val)=9.176551
[GA][Iter1] Gen:7 Ind:11 RMSE(val)=9.184744
[GA][Iter1] Gen:7 Ind:12 RMSE(val)=8.991005
[GA][Iter1] Gen:7 Ind:13 RMSE(val)=8.158813
[GA][Iter1] Gen:7 Ind:14 RMSE(val)=8.358522
[GA][Iter1] Gen:7 Ind:15 RMSE(val)=9.573801
[GA][Iter1] Gen:7 Ind:16 RMSE(val)=8.358522
[GA][Iter1] Gen:7 Ind:17 RMSE(val)=9.464445
[GA][Iter1] Gen:7 Ind:18 RMSE(val)=8.778860
[GA][Iter1] Gen:7 Ind:19 RMSE(val)=9.439498
[GA][Iter1] Gen:7 Ind:20 RMSE(val)=9.443054
[GA][Iter1] gen=7 best_val_rmse=8.158813
[GA][Iter1] Gen:8 Ind:1 RMSE(val)=8.158813
[GA][Iter1] Gen:8 Ind:2 RMSE(val)=8.348303
[GA][Iter1] Gen:8 Ind:3 RMSE(val)=8.358522
[GA][Iter1] Gen:8 Ind:4 RMSE(val)=8.358522
[GA][Iter1] Gen:8 Ind:5 RMSE(val)=8.358522
[GA][Iter1] Gen:8 Ind:6 RMSE(val)=8.778860
[GA][Iter1] Gen:8 Ind:7 RMSE(val)=8.788279
[GA][Iter1] Gen:8 Ind:8 RMSE(val)=8.814753
[GA][Iter1] Gen:8 Ind:9 RMSE(val)=8.991005
[GA][Iter1] Gen:8 Ind:10 RMSE(val)=8.991005
[GA][Iter1] Gen:8 Ind:11 RMSE(val)=8.162984
[GA][Iter1] Gen:8 Ind:12 RMSE(val)=8.354043
[GA][Iter1] Gen:8 Ind:13 RMSE(val)=9.357204
[GA][Iter1] Gen:8 Ind:14 RMSE(val)=8.930630
[GA][Iter1] Gen:8 Ind:15 RMSE(val)=8.991005
[GA][Iter1] Gen:8 Ind:16 RMSE(val)=8.348303
[GA][Iter1] Gen:8 Ind:17 RMSE(val)=8.348303
[GA][Iter1] Gen:8 Ind:18 RMSE(val)=8.833877
[GA][Iter1] Gen:8 Ind:19 RMSE(val)=9.675808
[GA][Iter1] Gen:8 Ind:20 RMSE(val)=8.356321
[GA][Iter1] gen=8 best_val_rmse=8.158813
[GA][Iter1] Gen:9 Ind:1 RMSE(val)=8.158813
[GA][Iter1] Gen:9 Ind:2 RMSE(val)=8.162984
[GA][Iter1] Gen:9 Ind:3 RMSE(val)=8.348303
[GA][Iter1] Gen:9 Ind:4 RMSE(val)=8.348303
[GA][Iter1] Gen:9 Ind:5 RMSE(val)=8.348303
[GA][Iter1] Gen:9 Ind:6 RMSE(val)=8.354043
[GA][Iter1] Gen:9 Ind:7 RMSE(val)=8.356321
[GA][Iter1] Gen:9 Ind:8 RMSE(val)=8.358522
[GA][Iter1] Gen:9 Ind:9 RMSE(val)=8.358522
[GA][Iter1] Gen:9 Ind:10 RMSE(val)=8.358522
[GA][Iter1] Gen:9 Ind:11 RMSE(val)=8.348133
[GA][Iter1] Gen:9 Ind:12 RMSE(val)=8.356321
[GA][Iter1] Gen:9 Ind:13 RMSE(val)=8.358522
[GA][Iter1] Gen:9 Ind:14 RMSE(val)=8.453999
[GA][Iter1] Gen:9 Ind:15 RMSE(val)=8.357618
[GA][Iter1] Gen:9 Ind:16 RMSE(val)=8.204315
[GA][Iter1] Gen:9 Ind:17 RMSE(val)=8.536183
[GA][Iter1] Gen:9 Ind:18 RMSE(val)=8.348303
[GA][Iter1] Gen:9 Ind:19 RMSE(val)=8.348303
[GA][Iter1] Gen:9 Ind:20 RMSE(val)=8.348979
[GA][Iter1] gen=9 best_val_rmse=8.158813
[GA][Iter1] Gen:10 Ind:1 RMSE(val)=8.158813
[GA][Iter1] Gen:10 Ind:2 RMSE(val)=8.162984
[GA][Iter1] Gen:10 Ind:3 RMSE(val)=8.204315
[GA][Iter1] Gen:10 Ind:4 RMSE(val)=8.348133
[GA][Iter1] Gen:10 Ind:5 RMSE(val)=8.348303
[GA][Iter1] Gen:10 Ind:6 RMSE(val)=8.348303
[GA][Iter1] Gen:10 Ind:7 RMSE(val)=8.348303
[GA][Iter1] Gen:10 Ind:8 RMSE(val)=8.348303
[GA][Iter1] Gen:10 Ind:9 RMSE(val)=8.348303
[GA][Iter1] Gen:10 Ind:10 RMSE(val)=8.348979
[GA][Iter1] Gen:10 Ind:11 RMSE(val)=8.370095
[GA][Iter1] Gen:10 Ind:12 RMSE(val)=8.544897
[GA][Iter1] Gen:10 Ind:13 RMSE(val)=8.461512
[GA][Iter1] Gen:10 Ind:14 RMSE(val)=8.447894
[GA][Iter1] Gen:10 Ind:15 RMSE(val)=8.348303
[GA][Iter1] Gen:10 Ind:16 RMSE(val)=8.449952
[GA][Iter1] Gen:10 Ind:17 RMSE(val)=8.348704
[GA][Iter1] Gen:10 Ind:18 RMSE(val)=8.356514
[GA][Iter1] Gen:10 Ind:19 RMSE(val)=8.348303
[GA][Iter1] Gen:10 Ind:20 RMSE(val)=8.162984
[GA][Iter1] gen=10 best_val_rmse=8.158813
[GA][Iter1] Gen:11 Ind:1 RMSE(val)=8.158813
[GA][Iter1] Gen:11 Ind:2 RMSE(val)=8.162984
[GA][Iter1] Gen:11 Ind:3 RMSE(val)=8.162984
[GA][Iter1] Gen:11 Ind:4 RMSE(val)=8.204315
[GA][Iter1] Gen:11 Ind:5 RMSE(val)=8.348133
[GA][Iter1] Gen:11 Ind:6 RMSE(val)=8.348303
[GA][Iter1] Gen:11 Ind:7 RMSE(val)=8.348303
[GA][Iter1] Gen:11 Ind:8 RMSE(val)=8.348303
[GA][Iter1] Gen:11 Ind:9 RMSE(val)=8.348303
[GA][Iter1] Gen:11 Ind:10 RMSE(val)=8.348303
[GA][Iter1] Gen:11 Ind:11 RMSE(val)=8.348303
[GA][Iter1] Gen:11 Ind:12 RMSE(val)=8.483155
[GA][Iter1] Gen:11 Ind:13 RMSE(val)=8.532576
[GA][Iter1] Gen:11 Ind:14 RMSE(val)=8.348303
[GA][Iter1] Gen:11 Ind:15 RMSE(val)=8.447894
[GA][Iter1] Gen:11 Ind:16 RMSE(val)=8.204315
[GA][Iter1] Gen:11 Ind:17 RMSE(val)=8.162984
[GA][Iter1] Gen:11 Ind:18 RMSE(val)=8.449919
[GA][Iter1] Gen:11 Ind:19 RMSE(val)=8.344102
[GA][Iter1] Gen:11 Ind:20 RMSE(val)=8.506452
[GA][Iter1] gen=11 best_val_rmse=8.158813
[GA][Iter1] Gen:12 Ind:1 RMSE(val)=8.158813
[GA][Iter1] Gen:12 Ind:2 RMSE(val)=8.162984
[GA][Iter1] Gen:12 Ind:3 RMSE(val)=8.162984
[GA][Iter1] Gen:12 Ind:4 RMSE(val)=8.162984
[GA][Iter1] Gen:12 Ind:5 RMSE(val)=8.204315
[GA][Iter1] Gen:12 Ind:6 RMSE(val)=8.204315
[GA][Iter1] Gen:12 Ind:7 RMSE(val)=8.344102
[GA][Iter1] Gen:12 Ind:8 RMSE(val)=8.348133
[GA][Iter1] Gen:12 Ind:9 RMSE(val)=8.348303
[GA][Iter1] Gen:12 Ind:10 RMSE(val)=8.348303
[GA][Iter1] Gen:12 Ind:11 RMSE(val)=8.190088
[GA][Iter1] Gen:12 Ind:12 RMSE(val)=8.177338
[GA][Iter1] Gen:12 Ind:13 RMSE(val)=8.663778
[GA][Iter1] Gen:12 Ind:14 RMSE(val)=8.352882
[GA][Iter1] Gen:12 Ind:15 RMSE(val)=8.128367
[GA][Iter1] Gen:12 Ind:16 RMSE(val)=8.348303
[GA][Iter1] Gen:12 Ind:17 RMSE(val)=8.817166
[GA][Iter1] Gen:12 Ind:18 RMSE(val)=8.204315
[GA][Iter1] Gen:12 Ind:19 RMSE(val)=8.162984
[GA][Iter1] Gen:12 Ind:20 RMSE(val)=8.348133
[GA][Iter1] gen=12 best_val_rmse=8.128367
[GA][Iter1] Gen:13 Ind:1 RMSE(val)=8.128367
[GA][Iter1] Gen:13 Ind:2 RMSE(val)=8.158813
[GA][Iter1] Gen:13 Ind:3 RMSE(val)=8.162984
[GA][Iter1] Gen:13 Ind:4 RMSE(val)=8.162984
[GA][Iter1] Gen:13 Ind:5 RMSE(val)=8.162984
[GA][Iter1] Gen:13 Ind:6 RMSE(val)=8.162984
[GA][Iter1] Gen:13 Ind:7 RMSE(val)=8.177338
[GA][Iter1] Gen:13 Ind:8 RMSE(val)=8.190088
[GA][Iter1] Gen:13 Ind:9 RMSE(val)=8.204315
[GA][Iter1] Gen:13 Ind:10 RMSE(val)=8.204315
[GA][Iter1] Gen:13 Ind:11 RMSE(val)=8.177338
[GA][Iter1] Gen:13 Ind:12 RMSE(val)=8.162984
[GA][Iter1] Gen:13 Ind:13 RMSE(val)=8.158813
[GA][Iter1] Gen:13 Ind:14 RMSE(val)=8.158813
[GA][Iter1] Gen:13 Ind:15 RMSE(val)=8.162984
[GA][Iter1] Gen:13 Ind:16 RMSE(val)=12.117335
[GA][Iter1] Gen:13 Ind:17 RMSE(val)=8.187606
[GA][Iter1] Gen:13 Ind:18 RMSE(val)=8.181415
[GA][Iter1] Gen:13 Ind:19 RMSE(val)=8.162984
[GA][Iter1] Gen:13 Ind:20 RMSE(val)=8.162984
[GA][Iter1] gen=13 best_val_rmse=8.128367
[GA][Iter1] Gen:14 Ind:1 RMSE(val)=8.128367
[GA][Iter1] Gen:14 Ind:2 RMSE(val)=8.158813
[GA][Iter1] Gen:14 Ind:3 RMSE(val)=8.158813
[GA][Iter1] Gen:14 Ind:4 RMSE(val)=8.158813
[GA][Iter1] Gen:14 Ind:5 RMSE(val)=8.162984
[GA][Iter1] Gen:14 Ind:6 RMSE(val)=8.162984
[GA][Iter1] Gen:14 Ind:7 RMSE(val)=8.162984
[GA][Iter1] Gen:14 Ind:8 RMSE(val)=8.162984
[GA][Iter1] Gen:14 Ind:9 RMSE(val)=8.162984
[GA][Iter1] Gen:14 Ind:10 RMSE(val)=8.162984
[GA][Iter1] Gen:14 Ind:11 RMSE(val)=8.162984
[GA][Iter1] Gen:14 Ind:12 RMSE(val)=8.162984
[GA][Iter1] Gen:14 Ind:13 RMSE(val)=8.145836
[GA][Iter1] Gen:14 Ind:14 RMSE(val)=8.162984
[GA][Iter1] Gen:14 Ind:15 RMSE(val)=8.162984
[GA][Iter1] Gen:14 Ind:16 RMSE(val)=8.162984
[GA][Iter1] Gen:14 Ind:17 RMSE(val)=8.162984
[GA][Iter1] Gen:14 Ind:18 RMSE(val)=8.158813
[GA][Iter1] Gen:14 Ind:19 RMSE(val)=8.158813
[GA][Iter1] Gen:14 Ind:20 RMSE(val)=8.162984
[GA][Iter1] gen=14 best_val_rmse=8.128367
[GA][Iter1] Gen:15 Ind:1 RMSE(val)=8.128367
[GA][Iter1] Gen:15 Ind:2 RMSE(val)=8.145836
[GA][Iter1] Gen:15 Ind:3 RMSE(val)=8.158813
[GA][Iter1] Gen:15 Ind:4 RMSE(val)=8.158813
[GA][Iter1] Gen:15 Ind:5 RMSE(val)=8.158813
[GA][Iter1] Gen:15 Ind:6 RMSE(val)=8.158813
[GA][Iter1] Gen:15 Ind:7 RMSE(val)=8.158813
[GA][Iter1] Gen:15 Ind:8 RMSE(val)=8.162984
[GA][Iter1] Gen:15 Ind:9 RMSE(val)=8.162984
[GA][Iter1] Gen:15 Ind:10 RMSE(val)=8.162984
[GA][Iter1] Gen:15 Ind:11 RMSE(val)=8.158813
[GA][Iter1] Gen:15 Ind:12 RMSE(val)=8.158813
[GA][Iter1] Gen:15 Ind:13 RMSE(val)=8.149138
[GA][Iter1] Gen:15 Ind:14 RMSE(val)=8.158813
[GA][Iter1] Gen:15 Ind:15 RMSE(val)=8.162984
[GA][Iter1] Gen:15 Ind:16 RMSE(val)=8.164736
[GA][Iter1] Gen:15 Ind:17 RMSE(val)=8.162984
[GA][Iter1] Gen:15 Ind:18 RMSE(val)=8.158813
[GA][Iter1] Gen:15 Ind:19 RMSE(val)=8.158813
[GA][Iter1] Gen:15 Ind:20 RMSE(val)=8.158813
[GA][Iter1] gen=15 best_val_rmse=8.128367
[GA][Iter1] Gen:15 Ind:1 RMSE(val)=8.128367
[GA][Iter1] Gen:15 Ind:2 RMSE(val)=8.145836
[GA][Iter1] Gen:15 Ind:3 RMSE(val)=8.149138
[GA][Iter1] Gen:15 Ind:4 RMSE(val)=8.158813
[GA][Iter1] Gen:15 Ind:5 RMSE(val)=8.158813
[GA][Iter1] Gen:15 Ind:6 RMSE(val)=8.158813
[GA][Iter1] Gen:15 Ind:7 RMSE(val)=8.158813
[GA][Iter1] Gen:15 Ind:8 RMSE(val)=8.158813
[GA][Iter1] Gen:15 Ind:9 RMSE(val)=8.158813
[GA][Iter1] Gen:15 Ind:10 RMSE(val)=8.158813
[GA][Iter1] Gen:15 Ind:11 RMSE(val)=8.162984
[GA][Iter1] Gen:15 Ind:12 RMSE(val)=8.158813
[GA][Iter1] Gen:15 Ind:13 RMSE(val)=8.128367
[GA][Iter1] Gen:15 Ind:14 RMSE(val)=8.158813
[GA][Iter1] Gen:15 Ind:15 RMSE(val)=8.158813
[GA][Iter1] Gen:15 Ind:16 RMSE(val)=8.158813
[GA][Iter1] Gen:15 Ind:17 RMSE(val)=8.149138
[GA][Iter1] Gen:15 Ind:18 RMSE(val)=8.162984
[GA][Iter1] Gen:15 Ind:19 RMSE(val)=8.128367
[GA][Iter1] Gen:15 Ind:20 RMSE(val)=8.158813

[GA DONE][Iter1] Best params on val fold of Iter1
Best val RMSE: 8.128367
Best params: {'n_estimators': 1483, 'learning_rate': 0.10868640436246167, 'num_leaves': 70, 'max_depth': 1, 'min_child_samples': 41, 'subsample': 0.640998070468603, 'colsample_bytree': 0.8962670978670704, 'reg_lambda': 4.706917798934178, 'reg_alpha': 0.5908504047195673}
--------------------------------------------------------------------------------
[RETUNE GA] Iter1: train folds 1..5 -> test fold 6  RMSE=31.512864  NRMSE=0.802636  CVRMSE=0.410289  R2=0.348774
[GA][Iter2] Gen:1 Ind:1 RMSE(val)=36.288844
[GA][Iter2] Gen:1 Ind:2 RMSE(val)=28.605828
[GA][Iter2] Gen:1 Ind:3 RMSE(val)=30.160247
[GA][Iter2] Gen:1 Ind:4 RMSE(val)=28.914945
[GA][Iter2] Gen:1 Ind:5 RMSE(val)=29.044268
[GA][Iter2] Gen:1 Ind:6 RMSE(val)=28.472711
[GA][Iter2] Gen:1 Ind:7 RMSE(val)=28.076500
[GA][Iter2] Gen:1 Ind:8 RMSE(val)=36.150867
[GA][Iter2] Gen:1 Ind:9 RMSE(val)=28.143711
[GA][Iter2] Gen:1 Ind:10 RMSE(val)=27.259117
[GA][Iter2] Gen:1 Ind:11 RMSE(val)=31.133384
[GA][Iter2] Gen:1 Ind:12 RMSE(val)=35.539851
[GA][Iter2] Gen:1 Ind:13 RMSE(val)=40.392303
[GA][Iter2] Gen:1 Ind:14 RMSE(val)=33.821697
[GA][Iter2] Gen:1 Ind:15 RMSE(val)=34.666614
[GA][Iter2] Gen:1 Ind:16 RMSE(val)=34.292935
[GA][Iter2] Gen:1 Ind:17 RMSE(val)=28.818646
[GA][Iter2] Gen:1 Ind:18 RMSE(val)=29.565732
[GA][Iter2] Gen:1 Ind:19 RMSE(val)=30.407654
[GA][Iter2] Gen:1 Ind:20 RMSE(val)=31.284668
[GA][Iter2] gen=1 best_val_rmse=27.259117
[GA][Iter2] Gen:2 Ind:1 RMSE(val)=27.259117
[GA][Iter2] Gen:2 Ind:2 RMSE(val)=28.076500
[GA][Iter2] Gen:2 Ind:3 RMSE(val)=28.143711
[GA][Iter2] Gen:2 Ind:4 RMSE(val)=28.472711
[GA][Iter2] Gen:2 Ind:5 RMSE(val)=28.605828
[GA][Iter2] Gen:2 Ind:6 RMSE(val)=28.818646
[GA][Iter2] Gen:2 Ind:7 RMSE(val)=28.914945
[GA][Iter2] Gen:2 Ind:8 RMSE(val)=29.044268
[GA][Iter2] Gen:2 Ind:9 RMSE(val)=29.565732
[GA][Iter2] Gen:2 Ind:10 RMSE(val)=30.160247
[GA][Iter2] Gen:2 Ind:11 RMSE(val)=30.007898
[GA][Iter2] Gen:2 Ind:12 RMSE(val)=28.756467
[GA][Iter2] Gen:2 Ind:13 RMSE(val)=28.644457
[GA][Iter2] Gen:2 Ind:14 RMSE(val)=28.762497
[GA][Iter2] Gen:2 Ind:15 RMSE(val)=27.213354
[GA][Iter2] Gen:2 Ind:16 RMSE(val)=28.282297
[GA][Iter2] Gen:2 Ind:17 RMSE(val)=28.225422
[GA][Iter2] Gen:2 Ind:18 RMSE(val)=29.619637
[GA][Iter2] Gen:2 Ind:19 RMSE(val)=28.718662
[GA][Iter2] Gen:2 Ind:20 RMSE(val)=26.778169
[GA][Iter2] gen=2 best_val_rmse=26.778169
[GA][Iter2] Gen:3 Ind:1 RMSE(val)=26.778169
[GA][Iter2] Gen:3 Ind:2 RMSE(val)=27.213354
[GA][Iter2] Gen:3 Ind:3 RMSE(val)=27.259117
[GA][Iter2] Gen:3 Ind:4 RMSE(val)=28.076500
[GA][Iter2] Gen:3 Ind:5 RMSE(val)=28.143711
[GA][Iter2] Gen:3 Ind:6 RMSE(val)=28.225422
[GA][Iter2] Gen:3 Ind:7 RMSE(val)=28.282297
[GA][Iter2] Gen:3 Ind:8 RMSE(val)=28.472711
[GA][Iter2] Gen:3 Ind:9 RMSE(val)=28.605828
[GA][Iter2] Gen:3 Ind:10 RMSE(val)=28.644457
[GA][Iter2] Gen:3 Ind:11 RMSE(val)=28.624142
[GA][Iter2] Gen:3 Ind:12 RMSE(val)=29.019112
[GA][Iter2] Gen:3 Ind:13 RMSE(val)=29.074885
[GA][Iter2] Gen:3 Ind:14 RMSE(val)=28.776719
[GA][Iter2] Gen:3 Ind:15 RMSE(val)=30.008154
[GA][Iter2] Gen:3 Ind:16 RMSE(val)=29.191856
[GA][Iter2] Gen:3 Ind:17 RMSE(val)=28.935813
[GA][Iter2] Gen:3 Ind:18 RMSE(val)=28.887667
[GA][Iter2] Gen:3 Ind:19 RMSE(val)=29.906385
[GA][Iter2] Gen:3 Ind:20 RMSE(val)=28.211649
[GA][Iter2] gen=3 best_val_rmse=26.778169
[GA][Iter2] Gen:4 Ind:1 RMSE(val)=26.778169
[GA][Iter2] Gen:4 Ind:2 RMSE(val)=27.213354
[GA][Iter2] Gen:4 Ind:3 RMSE(val)=27.259117
[GA][Iter2] Gen:4 Ind:4 RMSE(val)=28.076500
[GA][Iter2] Gen:4 Ind:5 RMSE(val)=28.143711
[GA][Iter2] Gen:4 Ind:6 RMSE(val)=28.211649
[GA][Iter2] Gen:4 Ind:7 RMSE(val)=28.225422
[GA][Iter2] Gen:4 Ind:8 RMSE(val)=28.282297
[GA][Iter2] Gen:4 Ind:9 RMSE(val)=28.472711
[GA][Iter2] Gen:4 Ind:10 RMSE(val)=28.605828
[GA][Iter2] Gen:4 Ind:11 RMSE(val)=28.970245
[GA][Iter2] Gen:4 Ind:12 RMSE(val)=28.479748
[GA][Iter2] Gen:4 Ind:13 RMSE(val)=26.042036
[GA][Iter2] Gen:4 Ind:14 RMSE(val)=29.142796
[GA][Iter2] Gen:4 Ind:15 RMSE(val)=27.750982
[GA][Iter2] Gen:4 Ind:16 RMSE(val)=28.436997
[GA][Iter2] Gen:4 Ind:17 RMSE(val)=28.140484
[GA][Iter2] Gen:4 Ind:18 RMSE(val)=26.101116
[GA][Iter2] Gen:4 Ind:19 RMSE(val)=28.744095
[GA][Iter2] Gen:4 Ind:20 RMSE(val)=28.648794
[GA][Iter2] gen=4 best_val_rmse=26.042036
[GA][Iter2] Gen:5 Ind:1 RMSE(val)=26.042036
[GA][Iter2] Gen:5 Ind:2 RMSE(val)=26.101116
[GA][Iter2] Gen:5 Ind:3 RMSE(val)=26.778169
[GA][Iter2] Gen:5 Ind:4 RMSE(val)=27.213354
[GA][Iter2] Gen:5 Ind:5 RMSE(val)=27.259117
[GA][Iter2] Gen:5 Ind:6 RMSE(val)=27.750982
[GA][Iter2] Gen:5 Ind:7 RMSE(val)=28.076500
[GA][Iter2] Gen:5 Ind:8 RMSE(val)=28.140484
[GA][Iter2] Gen:5 Ind:9 RMSE(val)=28.143711
[GA][Iter2] Gen:5 Ind:10 RMSE(val)=28.211649
[GA][Iter2] Gen:5 Ind:11 RMSE(val)=28.145940
[GA][Iter2] Gen:5 Ind:12 RMSE(val)=30.623954
[GA][Iter2] Gen:5 Ind:13 RMSE(val)=26.815095
[GA][Iter2] Gen:5 Ind:14 RMSE(val)=27.263152
[GA][Iter2] Gen:5 Ind:15 RMSE(val)=28.140484
[GA][Iter2] Gen:5 Ind:16 RMSE(val)=30.791403
[GA][Iter2] Gen:5 Ind:17 RMSE(val)=27.779770
[GA][Iter2] Gen:5 Ind:18 RMSE(val)=28.213352
[GA][Iter2] Gen:5 Ind:19 RMSE(val)=26.010300
[GA][Iter2] Gen:5 Ind:20 RMSE(val)=28.076500
[GA][Iter2] gen=5 best_val_rmse=26.010300
[GA][Iter2] Gen:6 Ind:1 RMSE(val)=26.010300
[GA][Iter2] Gen:6 Ind:2 RMSE(val)=26.042036
[GA][Iter2] Gen:6 Ind:3 RMSE(val)=26.101116
[GA][Iter2] Gen:6 Ind:4 RMSE(val)=26.778169
[GA][Iter2] Gen:6 Ind:5 RMSE(val)=26.815095
[GA][Iter2] Gen:6 Ind:6 RMSE(val)=27.213354
[GA][Iter2] Gen:6 Ind:7 RMSE(val)=27.259117
[GA][Iter2] Gen:6 Ind:8 RMSE(val)=27.263152
[GA][Iter2] Gen:6 Ind:9 RMSE(val)=27.750982
[GA][Iter2] Gen:6 Ind:10 RMSE(val)=27.779770
[GA][Iter2] Gen:6 Ind:11 RMSE(val)=27.257395
[GA][Iter2] Gen:6 Ind:12 RMSE(val)=26.798856
[GA][Iter2] Gen:6 Ind:13 RMSE(val)=26.358421
[GA][Iter2] Gen:6 Ind:14 RMSE(val)=26.026463
[GA][Iter2] Gen:6 Ind:15 RMSE(val)=26.496197
[GA][Iter2] Gen:6 Ind:16 RMSE(val)=27.259117
[GA][Iter2] Gen:6 Ind:17 RMSE(val)=27.089915
[GA][Iter2] Gen:6 Ind:18 RMSE(val)=26.111009
[GA][Iter2] Gen:6 Ind:19 RMSE(val)=26.063825
[GA][Iter2] Gen:6 Ind:20 RMSE(val)=27.892651
[GA][Iter2] gen=6 best_val_rmse=26.010300
[GA][Iter2] Gen:7 Ind:1 RMSE(val)=26.010300
[GA][Iter2] Gen:7 Ind:2 RMSE(val)=26.026463
[GA][Iter2] Gen:7 Ind:3 RMSE(val)=26.042036
[GA][Iter2] Gen:7 Ind:4 RMSE(val)=26.063825
[GA][Iter2] Gen:7 Ind:5 RMSE(val)=26.101116
[GA][Iter2] Gen:7 Ind:6 RMSE(val)=26.111009
[GA][Iter2] Gen:7 Ind:7 RMSE(val)=26.358421
[GA][Iter2] Gen:7 Ind:8 RMSE(val)=26.496197
[GA][Iter2] Gen:7 Ind:9 RMSE(val)=26.778169
[GA][Iter2] Gen:7 Ind:10 RMSE(val)=26.798856
[GA][Iter2] Gen:7 Ind:11 RMSE(val)=26.049693
[GA][Iter2] Gen:7 Ind:12 RMSE(val)=26.135117
[GA][Iter2] Gen:7 Ind:13 RMSE(val)=27.062856
[GA][Iter2] Gen:7 Ind:14 RMSE(val)=28.773489
[GA][Iter2] Gen:7 Ind:15 RMSE(val)=25.787656
[GA][Iter2] Gen:7 Ind:16 RMSE(val)=27.521038
[GA][Iter2] Gen:7 Ind:17 RMSE(val)=26.049693
[GA][Iter2] Gen:7 Ind:18 RMSE(val)=26.101116
[GA][Iter2] Gen:7 Ind:19 RMSE(val)=26.531190
[GA][Iter2] Gen:7 Ind:20 RMSE(val)=26.187374
[GA][Iter2] gen=7 best_val_rmse=25.787656
[GA][Iter2] Gen:8 Ind:1 RMSE(val)=25.787656
[GA][Iter2] Gen:8 Ind:2 RMSE(val)=26.010300
[GA][Iter2] Gen:8 Ind:3 RMSE(val)=26.026463
[GA][Iter2] Gen:8 Ind:4 RMSE(val)=26.042036
[GA][Iter2] Gen:8 Ind:5 RMSE(val)=26.049693
[GA][Iter2] Gen:8 Ind:6 RMSE(val)=26.049693
[GA][Iter2] Gen:8 Ind:7 RMSE(val)=26.063825
[GA][Iter2] Gen:8 Ind:8 RMSE(val)=26.101116
[GA][Iter2] Gen:8 Ind:9 RMSE(val)=26.101116
[GA][Iter2] Gen:8 Ind:10 RMSE(val)=26.111009
[GA][Iter2] Gen:8 Ind:11 RMSE(val)=26.046459
[GA][Iter2] Gen:8 Ind:12 RMSE(val)=26.328602
[GA][Iter2] Gen:8 Ind:13 RMSE(val)=26.101116
[GA][Iter2] Gen:8 Ind:14 RMSE(val)=26.980380
[GA][Iter2] Gen:8 Ind:15 RMSE(val)=26.107927
[GA][Iter2] Gen:8 Ind:16 RMSE(val)=26.010300
[GA][Iter2] Gen:8 Ind:17 RMSE(val)=27.138946
[GA][Iter2] Gen:8 Ind:18 RMSE(val)=26.328602
[GA][Iter2] Gen:8 Ind:19 RMSE(val)=27.180211
[GA][Iter2] Gen:8 Ind:20 RMSE(val)=33.317265
[GA][Iter2] gen=8 best_val_rmse=25.787656
[GA][Iter2] Gen:9 Ind:1 RMSE(val)=25.787656
[GA][Iter2] Gen:9 Ind:2 RMSE(val)=26.010300
[GA][Iter2] Gen:9 Ind:3 RMSE(val)=26.010300
[GA][Iter2] Gen:9 Ind:4 RMSE(val)=26.026463
[GA][Iter2] Gen:9 Ind:5 RMSE(val)=26.042036
[GA][Iter2] Gen:9 Ind:6 RMSE(val)=26.046459
[GA][Iter2] Gen:9 Ind:7 RMSE(val)=26.049693
[GA][Iter2] Gen:9 Ind:8 RMSE(val)=26.049693
[GA][Iter2] Gen:9 Ind:9 RMSE(val)=26.063825
[GA][Iter2] Gen:9 Ind:10 RMSE(val)=26.101116
[GA][Iter2] Gen:9 Ind:11 RMSE(val)=26.076967
[GA][Iter2] Gen:9 Ind:12 RMSE(val)=26.042036
[GA][Iter2] Gen:9 Ind:13 RMSE(val)=26.968505
[GA][Iter2] Gen:9 Ind:14 RMSE(val)=26.479874
[GA][Iter2] Gen:9 Ind:15 RMSE(val)=26.076967
[GA][Iter2] Gen:9 Ind:16 RMSE(val)=26.051444
[GA][Iter2] Gen:9 Ind:17 RMSE(val)=26.042036
[GA][Iter2] Gen:9 Ind:18 RMSE(val)=26.042036
[GA][Iter2] Gen:9 Ind:19 RMSE(val)=27.285825
[GA][Iter2] Gen:9 Ind:20 RMSE(val)=25.260979
[GA][Iter2] gen=9 best_val_rmse=25.260979
[GA][Iter2] Gen:10 Ind:1 RMSE(val)=25.260979
[GA][Iter2] Gen:10 Ind:2 RMSE(val)=25.787656
[GA][Iter2] Gen:10 Ind:3 RMSE(val)=26.010300
[GA][Iter2] Gen:10 Ind:4 RMSE(val)=26.010300
[GA][Iter2] Gen:10 Ind:5 RMSE(val)=26.026463
[GA][Iter2] Gen:10 Ind:6 RMSE(val)=26.042036
[GA][Iter2] Gen:10 Ind:7 RMSE(val)=26.042036
[GA][Iter2] Gen:10 Ind:8 RMSE(val)=26.042036
[GA][Iter2] Gen:10 Ind:9 RMSE(val)=26.042036
[GA][Iter2] Gen:10 Ind:10 RMSE(val)=26.046459
[GA][Iter2] Gen:10 Ind:11 RMSE(val)=27.052878
[GA][Iter2] Gen:10 Ind:12 RMSE(val)=26.798856
[GA][Iter2] Gen:10 Ind:13 RMSE(val)=26.107927
[GA][Iter2] Gen:10 Ind:14 RMSE(val)=26.042036
[GA][Iter2] Gen:10 Ind:15 RMSE(val)=26.010300
[GA][Iter2] Gen:10 Ind:16 RMSE(val)=26.046459
[GA][Iter2] Gen:10 Ind:17 RMSE(val)=26.201079
[GA][Iter2] Gen:10 Ind:18 RMSE(val)=26.042036
[GA][Iter2] Gen:10 Ind:19 RMSE(val)=25.787656
[GA][Iter2] Gen:10 Ind:20 RMSE(val)=26.042036
[GA][Iter2] gen=10 best_val_rmse=25.260979
[GA][Iter2] Gen:11 Ind:1 RMSE(val)=25.260979
[GA][Iter2] Gen:11 Ind:2 RMSE(val)=25.787656
[GA][Iter2] Gen:11 Ind:3 RMSE(val)=25.787656
[GA][Iter2] Gen:11 Ind:4 RMSE(val)=26.010300
[GA][Iter2] Gen:11 Ind:5 RMSE(val)=26.010300
[GA][Iter2] Gen:11 Ind:6 RMSE(val)=26.010300
[GA][Iter2] Gen:11 Ind:7 RMSE(val)=26.026463
[GA][Iter2] Gen:11 Ind:8 RMSE(val)=26.042036
[GA][Iter2] Gen:11 Ind:9 RMSE(val)=26.042036
[GA][Iter2] Gen:11 Ind:10 RMSE(val)=26.042036
[GA][Iter2] Gen:11 Ind:11 RMSE(val)=26.010300
[GA][Iter2] Gen:11 Ind:12 RMSE(val)=26.010300
[GA][Iter2] Gen:11 Ind:13 RMSE(val)=26.098807
[GA][Iter2] Gen:11 Ind:14 RMSE(val)=26.026463
[GA][Iter2] Gen:11 Ind:15 RMSE(val)=25.787656
[GA][Iter2] Gen:11 Ind:16 RMSE(val)=25.787656
[GA][Iter2] Gen:11 Ind:17 RMSE(val)=26.010300
[GA][Iter2] Gen:11 Ind:18 RMSE(val)=25.798812
[GA][Iter2] Gen:11 Ind:19 RMSE(val)=34.435637
[GA][Iter2] Gen:11 Ind:20 RMSE(val)=28.048744
[GA][Iter2] gen=11 best_val_rmse=25.260979
[GA][Iter2] Gen:12 Ind:1 RMSE(val)=25.260979
[GA][Iter2] Gen:12 Ind:2 RMSE(val)=25.787656
[GA][Iter2] Gen:12 Ind:3 RMSE(val)=25.787656
[GA][Iter2] Gen:12 Ind:4 RMSE(val)=25.787656
[GA][Iter2] Gen:12 Ind:5 RMSE(val)=25.787656
[GA][Iter2] Gen:12 Ind:6 RMSE(val)=25.798812
[GA][Iter2] Gen:12 Ind:7 RMSE(val)=26.010300
[GA][Iter2] Gen:12 Ind:8 RMSE(val)=26.010300
[GA][Iter2] Gen:12 Ind:9 RMSE(val)=26.010300
[GA][Iter2] Gen:12 Ind:10 RMSE(val)=26.010300
[GA][Iter2] Gen:12 Ind:11 RMSE(val)=25.786113
[GA][Iter2] Gen:12 Ind:12 RMSE(val)=25.891779
[GA][Iter2] Gen:12 Ind:13 RMSE(val)=25.787656
[GA][Iter2] Gen:12 Ind:14 RMSE(val)=25.844234
[GA][Iter2] Gen:12 Ind:15 RMSE(val)=26.010300
[GA][Iter2] Gen:12 Ind:16 RMSE(val)=25.787656
[GA][Iter2] Gen:12 Ind:17 RMSE(val)=26.052134
[GA][Iter2] Gen:12 Ind:18 RMSE(val)=27.040085
[GA][Iter2] Gen:12 Ind:19 RMSE(val)=25.787656
[GA][Iter2] Gen:12 Ind:20 RMSE(val)=26.010300
[GA][Iter2] gen=12 best_val_rmse=25.260979
[GA][Iter2] Gen:13 Ind:1 RMSE(val)=25.260979
[GA][Iter2] Gen:13 Ind:2 RMSE(val)=25.786113
[GA][Iter2] Gen:13 Ind:3 RMSE(val)=25.787656
[GA][Iter2] Gen:13 Ind:4 RMSE(val)=25.787656
[GA][Iter2] Gen:13 Ind:5 RMSE(val)=25.787656
[GA][Iter2] Gen:13 Ind:6 RMSE(val)=25.787656
[GA][Iter2] Gen:13 Ind:7 RMSE(val)=25.787656
[GA][Iter2] Gen:13 Ind:8 RMSE(val)=25.787656
[GA][Iter2] Gen:13 Ind:9 RMSE(val)=25.787656
[GA][Iter2] Gen:13 Ind:10 RMSE(val)=25.798812
[GA][Iter2] Gen:13 Ind:11 RMSE(val)=25.787656
[GA][Iter2] Gen:13 Ind:12 RMSE(val)=25.786113
[GA][Iter2] Gen:13 Ind:13 RMSE(val)=25.786113
[GA][Iter2] Gen:13 Ind:14 RMSE(val)=25.787656
[GA][Iter2] Gen:13 Ind:15 RMSE(val)=27.683758
[GA][Iter2] Gen:13 Ind:16 RMSE(val)=25.786113
[GA][Iter2] Gen:13 Ind:17 RMSE(val)=28.263752
[GA][Iter2] Gen:13 Ind:18 RMSE(val)=25.787656
[GA][Iter2] Gen:13 Ind:19 RMSE(val)=25.787656
[GA][Iter2] Gen:13 Ind:20 RMSE(val)=25.798812
[GA][Iter2] gen=13 best_val_rmse=25.260979
[GA][Iter2] Gen:14 Ind:1 RMSE(val)=25.260979
[GA][Iter2] Gen:14 Ind:2 RMSE(val)=25.786113
[GA][Iter2] Gen:14 Ind:3 RMSE(val)=25.786113
[GA][Iter2] Gen:14 Ind:4 RMSE(val)=25.786113
[GA][Iter2] Gen:14 Ind:5 RMSE(val)=25.786113
[GA][Iter2] Gen:14 Ind:6 RMSE(val)=25.787656
[GA][Iter2] Gen:14 Ind:7 RMSE(val)=25.787656
[GA][Iter2] Gen:14 Ind:8 RMSE(val)=25.787656
[GA][Iter2] Gen:14 Ind:9 RMSE(val)=25.787656
[GA][Iter2] Gen:14 Ind:10 RMSE(val)=25.787656
[GA][Iter2] Gen:14 Ind:11 RMSE(val)=25.786113
[GA][Iter2] Gen:14 Ind:12 RMSE(val)=26.214715
[GA][Iter2] Gen:14 Ind:13 RMSE(val)=25.787656
[GA][Iter2] Gen:14 Ind:14 RMSE(val)=25.787656
[GA][Iter2] Gen:14 Ind:15 RMSE(val)=25.787656
[GA][Iter2] Gen:14 Ind:16 RMSE(val)=25.787656
[GA][Iter2] Gen:14 Ind:17 RMSE(val)=25.786113
[GA][Iter2] Gen:14 Ind:18 RMSE(val)=25.786113
[GA][Iter2] Gen:14 Ind:19 RMSE(val)=25.787656
[GA][Iter2] Gen:14 Ind:20 RMSE(val)=25.786113
[GA][Iter2] gen=14 best_val_rmse=25.260979
[GA][Iter2] Gen:15 Ind:1 RMSE(val)=25.260979
[GA][Iter2] Gen:15 Ind:2 RMSE(val)=25.786113
[GA][Iter2] Gen:15 Ind:3 RMSE(val)=25.786113
[GA][Iter2] Gen:15 Ind:4 RMSE(val)=25.786113
[GA][Iter2] Gen:15 Ind:5 RMSE(val)=25.786113
[GA][Iter2] Gen:15 Ind:6 RMSE(val)=25.786113
[GA][Iter2] Gen:15 Ind:7 RMSE(val)=25.786113
[GA][Iter2] Gen:15 Ind:8 RMSE(val)=25.786113
[GA][Iter2] Gen:15 Ind:9 RMSE(val)=25.786113
[GA][Iter2] Gen:15 Ind:10 RMSE(val)=25.787656
[GA][Iter2] Gen:15 Ind:11 RMSE(val)=25.786113
[GA][Iter2] Gen:15 Ind:12 RMSE(val)=25.786113
[GA][Iter2] Gen:15 Ind:13 RMSE(val)=25.786113
[GA][Iter2] Gen:15 Ind:14 RMSE(val)=25.786113
[GA][Iter2] Gen:15 Ind:15 RMSE(val)=26.003884
[GA][Iter2] Gen:15 Ind:16 RMSE(val)=25.786113
[GA][Iter2] Gen:15 Ind:17 RMSE(val)=25.786113
[GA][Iter2] Gen:15 Ind:18 RMSE(val)=25.786113
[GA][Iter2] Gen:15 Ind:19 RMSE(val)=25.786113
[GA][Iter2] Gen:15 Ind:20 RMSE(val)=25.786113
[GA][Iter2] gen=15 best_val_rmse=25.260979
[GA][Iter2] Gen:15 Ind:1 RMSE(val)=25.260979
[GA][Iter2] Gen:15 Ind:2 RMSE(val)=25.786113
[GA][Iter2] Gen:15 Ind:3 RMSE(val)=25.786113
[GA][Iter2] Gen:15 Ind:4 RMSE(val)=25.786113
[GA][Iter2] Gen:15 Ind:5 RMSE(val)=25.786113
[GA][Iter2] Gen:15 Ind:6 RMSE(val)=25.786113
[GA][Iter2] Gen:15 Ind:7 RMSE(val)=25.786113
[GA][Iter2] Gen:15 Ind:8 RMSE(val)=25.786113
[GA][Iter2] Gen:15 Ind:9 RMSE(val)=25.786113
[GA][Iter2] Gen:15 Ind:10 RMSE(val)=25.786113
[GA][Iter2] Gen:15 Ind:11 RMSE(val)=25.786113
[GA][Iter2] Gen:15 Ind:12 RMSE(val)=25.260979
[GA][Iter2] Gen:15 Ind:13 RMSE(val)=25.786113
[GA][Iter2] Gen:15 Ind:14 RMSE(val)=25.786113
[GA][Iter2] Gen:15 Ind:15 RMSE(val)=25.786113
[GA][Iter2] Gen:15 Ind:16 RMSE(val)=25.786113
[GA][Iter2] Gen:15 Ind:17 RMSE(val)=25.786113
[GA][Iter2] Gen:15 Ind:18 RMSE(val)=26.076967
[GA][Iter2] Gen:15 Ind:19 RMSE(val)=25.786113
[GA][Iter2] Gen:15 Ind:20 RMSE(val)=27.224967

[GA DONE][Iter2] Best params on val fold of Iter2
Best val RMSE: 25.260979
Best params: {'n_estimators': 248, 'learning_rate': 0.008242513216741, 'num_leaves': 19, 'max_depth': -1, 'min_child_samples': 27, 'subsample': 0.9989303111956644, 'colsample_bytree': 0.6880869537806238, 'reg_lambda': 42.40456014847208, 'reg_alpha': 0.1366479534160905}
--------------------------------------------------------------------------------
[RETUNE GA] Iter2: train folds 1..6 -> test fold 7  RMSE=43.077875  NRMSE=0.940374  CVRMSE=0.395522  R2=0.106085
[GA][Iter3] Gen:1 Ind:1 RMSE(val)=46.341453
[GA][Iter3] Gen:1 Ind:2 RMSE(val)=42.435317
[GA][Iter3] Gen:1 Ind:3 RMSE(val)=42.816247
[GA][Iter3] Gen:1 Ind:4 RMSE(val)=42.946454
[GA][Iter3] Gen:1 Ind:5 RMSE(val)=43.352174
[GA][Iter3] Gen:1 Ind:6 RMSE(val)=42.134541
[GA][Iter3] Gen:1 Ind:7 RMSE(val)=42.539634
[GA][Iter3] Gen:1 Ind:8 RMSE(val)=48.547986
[GA][Iter3] Gen:1 Ind:9 RMSE(val)=51.738691
[GA][Iter3] Gen:1 Ind:10 RMSE(val)=40.327914
[GA][Iter3] Gen:1 Ind:11 RMSE(val)=45.843045
[GA][Iter3] Gen:1 Ind:12 RMSE(val)=43.192610
[GA][Iter3] Gen:1 Ind:13 RMSE(val)=42.507312
[GA][Iter3] Gen:1 Ind:14 RMSE(val)=46.118633
[GA][Iter3] Gen:1 Ind:15 RMSE(val)=45.070332
[GA][Iter3] Gen:1 Ind:16 RMSE(val)=42.780025
[GA][Iter3] Gen:1 Ind:17 RMSE(val)=42.366850
[GA][Iter3] Gen:1 Ind:18 RMSE(val)=43.608294
[GA][Iter3] Gen:1 Ind:19 RMSE(val)=41.415546
[GA][Iter3] Gen:1 Ind:20 RMSE(val)=43.514154
[GA][Iter3] gen=1 best_val_rmse=40.327914
[GA][Iter3] Gen:2 Ind:1 RMSE(val)=40.327914
[GA][Iter3] Gen:2 Ind:2 RMSE(val)=41.415546
[GA][Iter3] Gen:2 Ind:3 RMSE(val)=42.134541
[GA][Iter3] Gen:2 Ind:4 RMSE(val)=42.366850
[GA][Iter3] Gen:2 Ind:5 RMSE(val)=42.435317
[GA][Iter3] Gen:2 Ind:6 RMSE(val)=42.507312
[GA][Iter3] Gen:2 Ind:7 RMSE(val)=42.539634
[GA][Iter3] Gen:2 Ind:8 RMSE(val)=42.780025
[GA][Iter3] Gen:2 Ind:9 RMSE(val)=42.816247
[GA][Iter3] Gen:2 Ind:10 RMSE(val)=42.946454
[GA][Iter3] Gen:2 Ind:11 RMSE(val)=44.497716
[GA][Iter3] Gen:2 Ind:12 RMSE(val)=42.780025
[GA][Iter3] Gen:2 Ind:13 RMSE(val)=41.667832
[GA][Iter3] Gen:2 Ind:14 RMSE(val)=45.223217
[GA][Iter3] Gen:2 Ind:15 RMSE(val)=39.273022
[GA][Iter3] Gen:2 Ind:16 RMSE(val)=42.185886
[GA][Iter3] Gen:2 Ind:17 RMSE(val)=43.138221
[GA][Iter3] Gen:2 Ind:18 RMSE(val)=42.977944
[GA][Iter3] Gen:2 Ind:19 RMSE(val)=41.889722
[GA][Iter3] Gen:2 Ind:20 RMSE(val)=44.322892
[GA][Iter3] gen=2 best_val_rmse=39.273022
[GA][Iter3] Gen:3 Ind:1 RMSE(val)=39.273022
[GA][Iter3] Gen:3 Ind:2 RMSE(val)=40.327914
[GA][Iter3] Gen:3 Ind:3 RMSE(val)=41.415546
[GA][Iter3] Gen:3 Ind:4 RMSE(val)=41.667832
[GA][Iter3] Gen:3 Ind:5 RMSE(val)=41.889722
[GA][Iter3] Gen:3 Ind:6 RMSE(val)=42.134541
[GA][Iter3] Gen:3 Ind:7 RMSE(val)=42.185886
[GA][Iter3] Gen:3 Ind:8 RMSE(val)=42.366850
[GA][Iter3] Gen:3 Ind:9 RMSE(val)=42.435317
[GA][Iter3] Gen:3 Ind:10 RMSE(val)=42.507312
[GA][Iter3] Gen:3 Ind:11 RMSE(val)=41.717810
[GA][Iter3] Gen:3 Ind:12 RMSE(val)=42.860808
[GA][Iter3] Gen:3 Ind:13 RMSE(val)=41.878598
[GA][Iter3] Gen:3 Ind:14 RMSE(val)=39.717784
[GA][Iter3] Gen:3 Ind:15 RMSE(val)=42.123557
[GA][Iter3] Gen:3 Ind:16 RMSE(val)=41.667832
[GA][Iter3] Gen:3 Ind:17 RMSE(val)=42.540356
[GA][Iter3] Gen:3 Ind:18 RMSE(val)=42.522648
[GA][Iter3] Gen:3 Ind:19 RMSE(val)=41.751451
[GA][Iter3] Gen:3 Ind:20 RMSE(val)=41.667832
[GA][Iter3] gen=3 best_val_rmse=39.273022
[GA][Iter3] Gen:4 Ind:1 RMSE(val)=39.273022
[GA][Iter3] Gen:4 Ind:2 RMSE(val)=39.717784
[GA][Iter3] Gen:4 Ind:3 RMSE(val)=40.327914
[GA][Iter3] Gen:4 Ind:4 RMSE(val)=41.415546
[GA][Iter3] Gen:4 Ind:5 RMSE(val)=41.667832
[GA][Iter3] Gen:4 Ind:6 RMSE(val)=41.667832
[GA][Iter3] Gen:4 Ind:7 RMSE(val)=41.667832
[GA][Iter3] Gen:4 Ind:8 RMSE(val)=41.717810
[GA][Iter3] Gen:4 Ind:9 RMSE(val)=41.751451
[GA][Iter3] Gen:4 Ind:10 RMSE(val)=41.878598
[GA][Iter3] Gen:4 Ind:11 RMSE(val)=41.954925
[GA][Iter3] Gen:4 Ind:12 RMSE(val)=42.328693
[GA][Iter3] Gen:4 Ind:13 RMSE(val)=41.667832
[GA][Iter3] Gen:4 Ind:14 RMSE(val)=42.914883
[GA][Iter3] Gen:4 Ind:15 RMSE(val)=41.751451
[GA][Iter3] Gen:4 Ind:16 RMSE(val)=41.878598
[GA][Iter3] Gen:4 Ind:17 RMSE(val)=42.064407
[GA][Iter3] Gen:4 Ind:18 RMSE(val)=43.182329
[GA][Iter3] Gen:4 Ind:19 RMSE(val)=39.125251
[GA][Iter3] Gen:4 Ind:20 RMSE(val)=42.079072
[GA][Iter3] gen=4 best_val_rmse=39.125251
[GA][Iter3] Gen:5 Ind:1 RMSE(val)=39.125251
[GA][Iter3] Gen:5 Ind:2 RMSE(val)=39.273022
[GA][Iter3] Gen:5 Ind:3 RMSE(val)=39.717784
[GA][Iter3] Gen:5 Ind:4 RMSE(val)=40.327914
[GA][Iter3] Gen:5 Ind:5 RMSE(val)=41.415546
[GA][Iter3] Gen:5 Ind:6 RMSE(val)=41.667832
[GA][Iter3] Gen:5 Ind:7 RMSE(val)=41.667832
[GA][Iter3] Gen:5 Ind:8 RMSE(val)=41.667832
[GA][Iter3] Gen:5 Ind:9 RMSE(val)=41.667832
[GA][Iter3] Gen:5 Ind:10 RMSE(val)=41.717810
[GA][Iter3] Gen:5 Ind:11 RMSE(val)=41.764045
[GA][Iter3] Gen:5 Ind:12 RMSE(val)=42.200294
[GA][Iter3] Gen:5 Ind:13 RMSE(val)=40.333307
[GA][Iter3] Gen:5 Ind:14 RMSE(val)=48.453728
[GA][Iter3] Gen:5 Ind:15 RMSE(val)=43.230131
[GA][Iter3] Gen:5 Ind:16 RMSE(val)=41.707059
[GA][Iter3] Gen:5 Ind:17 RMSE(val)=41.869542
[GA][Iter3] Gen:5 Ind:18 RMSE(val)=40.638769
[GA][Iter3] Gen:5 Ind:19 RMSE(val)=42.328693
[GA][Iter3] Gen:5 Ind:20 RMSE(val)=39.273022
[GA][Iter3] gen=5 best_val_rmse=39.125251
[GA][Iter3] Gen:6 Ind:1 RMSE(val)=39.125251
[GA][Iter3] Gen:6 Ind:2 RMSE(val)=39.273022
[GA][Iter3] Gen:6 Ind:3 RMSE(val)=39.273022
[GA][Iter3] Gen:6 Ind:4 RMSE(val)=39.717784
[GA][Iter3] Gen:6 Ind:5 RMSE(val)=40.327914
[GA][Iter3] Gen:6 Ind:6 RMSE(val)=40.333307
[GA][Iter3] Gen:6 Ind:7 RMSE(val)=40.638769
[GA][Iter3] Gen:6 Ind:8 RMSE(val)=41.415546
[GA][Iter3] Gen:6 Ind:9 RMSE(val)=41.667832
[GA][Iter3] Gen:6 Ind:10 RMSE(val)=41.667832
[GA][Iter3] Gen:6 Ind:11 RMSE(val)=42.896087
[GA][Iter3] Gen:6 Ind:12 RMSE(val)=39.196169
[GA][Iter3] Gen:6 Ind:13 RMSE(val)=39.154623
[GA][Iter3] Gen:6 Ind:14 RMSE(val)=39.198704
[GA][Iter3] Gen:6 Ind:15 RMSE(val)=39.273022
[GA][Iter3] Gen:6 Ind:16 RMSE(val)=39.196169
[GA][Iter3] Gen:6 Ind:17 RMSE(val)=40.638769
[GA][Iter3] Gen:6 Ind:18 RMSE(val)=40.280646
[GA][Iter3] Gen:6 Ind:19 RMSE(val)=39.133097
[GA][Iter3] Gen:6 Ind:20 RMSE(val)=39.640452
[GA][Iter3] gen=6 best_val_rmse=39.125251
[GA][Iter3] Gen:7 Ind:1 RMSE(val)=39.125251
[GA][Iter3] Gen:7 Ind:2 RMSE(val)=39.133097
[GA][Iter3] Gen:7 Ind:3 RMSE(val)=39.154623
[GA][Iter3] Gen:7 Ind:4 RMSE(val)=39.196169
[GA][Iter3] Gen:7 Ind:5 RMSE(val)=39.196169
[GA][Iter3] Gen:7 Ind:6 RMSE(val)=39.198704
[GA][Iter3] Gen:7 Ind:7 RMSE(val)=39.273022
[GA][Iter3] Gen:7 Ind:8 RMSE(val)=39.273022
[GA][Iter3] Gen:7 Ind:9 RMSE(val)=39.273022
[GA][Iter3] Gen:7 Ind:10 RMSE(val)=39.640452
[GA][Iter3] Gen:7 Ind:11 RMSE(val)=39.273022
[GA][Iter3] Gen:7 Ind:12 RMSE(val)=39.196169
[GA][Iter3] Gen:7 Ind:13 RMSE(val)=39.273022
[GA][Iter3] Gen:7 Ind:14 RMSE(val)=39.542231
[GA][Iter3] Gen:7 Ind:15 RMSE(val)=39.273022
[GA][Iter3] Gen:7 Ind:16 RMSE(val)=39.125251
[GA][Iter3] Gen:7 Ind:17 RMSE(val)=39.196169
[GA][Iter3] Gen:7 Ind:18 RMSE(val)=39.198704
[GA][Iter3] Gen:7 Ind:19 RMSE(val)=39.273858
[GA][Iter3] Gen:7 Ind:20 RMSE(val)=39.273022
[GA][Iter3] gen=7 best_val_rmse=39.125251
[GA][Iter3] Gen:8 Ind:1 RMSE(val)=39.125251
[GA][Iter3] Gen:8 Ind:2 RMSE(val)=39.125251
[GA][Iter3] Gen:8 Ind:3 RMSE(val)=39.133097
[GA][Iter3] Gen:8 Ind:4 RMSE(val)=39.154623
[GA][Iter3] Gen:8 Ind:5 RMSE(val)=39.196169
[GA][Iter3] Gen:8 Ind:6 RMSE(val)=39.196169
[GA][Iter3] Gen:8 Ind:7 RMSE(val)=39.196169
[GA][Iter3] Gen:8 Ind:8 RMSE(val)=39.196169
[GA][Iter3] Gen:8 Ind:9 RMSE(val)=39.198704
[GA][Iter3] Gen:8 Ind:10 RMSE(val)=39.198704
[GA][Iter3] Gen:8 Ind:11 RMSE(val)=39.196169
[GA][Iter3] Gen:8 Ind:12 RMSE(val)=39.318023
[GA][Iter3] Gen:8 Ind:13 RMSE(val)=39.196169
[GA][Iter3] Gen:8 Ind:14 RMSE(val)=39.196169
[GA][Iter3] Gen:8 Ind:15 RMSE(val)=39.198704
[GA][Iter3] Gen:8 Ind:16 RMSE(val)=39.483778
[GA][Iter3] Gen:8 Ind:17 RMSE(val)=39.125251
[GA][Iter3] Gen:8 Ind:18 RMSE(val)=39.211018
[GA][Iter3] Gen:8 Ind:19 RMSE(val)=39.196169
[GA][Iter3] Gen:8 Ind:20 RMSE(val)=39.531921
[GA][Iter3] gen=8 best_val_rmse=39.125251
[GA][Iter3] Gen:9 Ind:1 RMSE(val)=39.125251
[GA][Iter3] Gen:9 Ind:2 RMSE(val)=39.125251
[GA][Iter3] Gen:9 Ind:3 RMSE(val)=39.125251
[GA][Iter3] Gen:9 Ind:4 RMSE(val)=39.133097
[GA][Iter3] Gen:9 Ind:5 RMSE(val)=39.154623
[GA][Iter3] Gen:9 Ind:6 RMSE(val)=39.196169
[GA][Iter3] Gen:9 Ind:7 RMSE(val)=39.196169
[GA][Iter3] Gen:9 Ind:8 RMSE(val)=39.196169
[GA][Iter3] Gen:9 Ind:9 RMSE(val)=39.196169
[GA][Iter3] Gen:9 Ind:10 RMSE(val)=39.196169
[GA][Iter3] Gen:9 Ind:11 RMSE(val)=45.756342
[GA][Iter3] Gen:9 Ind:12 RMSE(val)=39.196169
[GA][Iter3] Gen:9 Ind:13 RMSE(val)=39.562937
[GA][Iter3] Gen:9 Ind:14 RMSE(val)=39.469712
[GA][Iter3] Gen:9 Ind:15 RMSE(val)=39.226880
[GA][Iter3] Gen:9 Ind:16 RMSE(val)=39.125251
[GA][Iter3] Gen:9 Ind:17 RMSE(val)=39.125251
[GA][Iter3] Gen:9 Ind:18 RMSE(val)=39.583951
[GA][Iter3] Gen:9 Ind:19 RMSE(val)=39.196169
[GA][Iter3] Gen:9 Ind:20 RMSE(val)=39.071520
[GA][Iter3] gen=9 best_val_rmse=39.071520
[GA][Iter3] Gen:10 Ind:1 RMSE(val)=39.071520
[GA][Iter3] Gen:10 Ind:2 RMSE(val)=39.125251
[GA][Iter3] Gen:10 Ind:3 RMSE(val)=39.125251
[GA][Iter3] Gen:10 Ind:4 RMSE(val)=39.125251
[GA][Iter3] Gen:10 Ind:5 RMSE(val)=39.125251
[GA][Iter3] Gen:10 Ind:6 RMSE(val)=39.125251
[GA][Iter3] Gen:10 Ind:7 RMSE(val)=39.133097
[GA][Iter3] Gen:10 Ind:8 RMSE(val)=39.154623
[GA][Iter3] Gen:10 Ind:9 RMSE(val)=39.196169
[GA][Iter3] Gen:10 Ind:10 RMSE(val)=39.196169
[GA][Iter3] Gen:10 Ind:11 RMSE(val)=39.546018
[GA][Iter3] Gen:10 Ind:12 RMSE(val)=39.205225
[GA][Iter3] Gen:10 Ind:13 RMSE(val)=39.685449
[GA][Iter3] Gen:10 Ind:14 RMSE(val)=39.125251
[GA][Iter3] Gen:10 Ind:15 RMSE(val)=39.125251
[GA][Iter3] Gen:10 Ind:16 RMSE(val)=39.125251
[GA][Iter3] Gen:10 Ind:17 RMSE(val)=39.273022
[GA][Iter3] Gen:10 Ind:18 RMSE(val)=39.099268
[GA][Iter3] Gen:10 Ind:19 RMSE(val)=39.125251
[GA][Iter3] Gen:10 Ind:20 RMSE(val)=39.273022
[GA][Iter3] gen=10 best_val_rmse=39.071520
[GA][Iter3] Gen:11 Ind:1 RMSE(val)=39.071520
[GA][Iter3] Gen:11 Ind:2 RMSE(val)=39.099268
[GA][Iter3] Gen:11 Ind:3 RMSE(val)=39.125251
[GA][Iter3] Gen:11 Ind:4 RMSE(val)=39.125251
[GA][Iter3] Gen:11 Ind:5 RMSE(val)=39.125251
[GA][Iter3] Gen:11 Ind:6 RMSE(val)=39.125251
[GA][Iter3] Gen:11 Ind:7 RMSE(val)=39.125251
[GA][Iter3] Gen:11 Ind:8 RMSE(val)=39.125251
[GA][Iter3] Gen:11 Ind:9 RMSE(val)=39.125251
[GA][Iter3] Gen:11 Ind:10 RMSE(val)=39.125251
[GA][Iter3] Gen:11 Ind:11 RMSE(val)=39.125251
[GA][Iter3] Gen:11 Ind:12 RMSE(val)=39.382664
[GA][Iter3] Gen:11 Ind:13 RMSE(val)=39.125251
[GA][Iter3] Gen:11 Ind:14 RMSE(val)=39.125251
[GA][Iter3] Gen:11 Ind:15 RMSE(val)=39.125251
[GA][Iter3] Gen:11 Ind:16 RMSE(val)=39.125251
[GA][Iter3] Gen:11 Ind:17 RMSE(val)=39.125251
[GA][Iter3] Gen:11 Ind:18 RMSE(val)=39.126082
[GA][Iter3] Gen:11 Ind:19 RMSE(val)=39.294749
[GA][Iter3] Gen:11 Ind:20 RMSE(val)=49.846688
[GA][Iter3] gen=11 best_val_rmse=39.071520
[GA][Iter3] Gen:12 Ind:1 RMSE(val)=39.071520
[GA][Iter3] Gen:12 Ind:2 RMSE(val)=39.099268
[GA][Iter3] Gen:12 Ind:3 RMSE(val)=39.125251
[GA][Iter3] Gen:12 Ind:4 RMSE(val)=39.125251
[GA][Iter3] Gen:12 Ind:5 RMSE(val)=39.125251
[GA][Iter3] Gen:12 Ind:6 RMSE(val)=39.125251
[GA][Iter3] Gen:12 Ind:7 RMSE(val)=39.125251
[GA][Iter3] Gen:12 Ind:8 RMSE(val)=39.125251
[GA][Iter3] Gen:12 Ind:9 RMSE(val)=39.125251
[GA][Iter3] Gen:12 Ind:10 RMSE(val)=39.125251
[GA][Iter3] Gen:12 Ind:11 RMSE(val)=40.791314
[GA][Iter3] Gen:12 Ind:12 RMSE(val)=39.331166
[GA][Iter3] Gen:12 Ind:13 RMSE(val)=39.295440
[GA][Iter3] Gen:12 Ind:14 RMSE(val)=39.125251
[GA][Iter3] Gen:12 Ind:15 RMSE(val)=39.385571
[GA][Iter3] Gen:12 Ind:16 RMSE(val)=39.125251
[GA][Iter3] Gen:12 Ind:17 RMSE(val)=39.125251
[GA][Iter3] Gen:12 Ind:18 RMSE(val)=39.125251
[GA][Iter3] Gen:12 Ind:19 RMSE(val)=39.125251
[GA][Iter3] Gen:12 Ind:20 RMSE(val)=39.125251
[GA][Iter3] gen=12 best_val_rmse=39.071520
[GA][Iter3] Gen:13 Ind:1 RMSE(val)=39.071520
[GA][Iter3] Gen:13 Ind:2 RMSE(val)=39.099268
[GA][Iter3] Gen:13 Ind:3 RMSE(val)=39.125251
[GA][Iter3] Gen:13 Ind:4 RMSE(val)=39.125251
[GA][Iter3] Gen:13 Ind:5 RMSE(val)=39.125251
[GA][Iter3] Gen:13 Ind:6 RMSE(val)=39.125251
[GA][Iter3] Gen:13 Ind:7 RMSE(val)=39.125251
[GA][Iter3] Gen:13 Ind:8 RMSE(val)=39.125251
[GA][Iter3] Gen:13 Ind:9 RMSE(val)=39.125251
[GA][Iter3] Gen:13 Ind:10 RMSE(val)=39.125251
[GA][Iter3] Gen:13 Ind:11 RMSE(val)=39.125251
[GA][Iter3] Gen:13 Ind:12 RMSE(val)=39.125251
[GA][Iter3] Gen:13 Ind:13 RMSE(val)=39.099268
[GA][Iter3] Gen:13 Ind:14 RMSE(val)=39.099268
[GA][Iter3] Gen:13 Ind:15 RMSE(val)=39.125251
[GA][Iter3] Gen:13 Ind:16 RMSE(val)=43.879102
[GA][Iter3] Gen:13 Ind:17 RMSE(val)=39.099268
[GA][Iter3] Gen:13 Ind:18 RMSE(val)=43.049189
[GA][Iter3] Gen:13 Ind:19 RMSE(val)=39.125251
[GA][Iter3] Gen:13 Ind:20 RMSE(val)=39.125251
[GA][Iter3] gen=13 best_val_rmse=39.071520
[GA][Iter3] Gen:14 Ind:1 RMSE(val)=39.071520
[GA][Iter3] Gen:14 Ind:2 RMSE(val)=39.099268
[GA][Iter3] Gen:14 Ind:3 RMSE(val)=39.099268
[GA][Iter3] Gen:14 Ind:4 RMSE(val)=39.099268
[GA][Iter3] Gen:14 Ind:5 RMSE(val)=39.099268
[GA][Iter3] Gen:14 Ind:6 RMSE(val)=39.125251
[GA][Iter3] Gen:14 Ind:7 RMSE(val)=39.125251
[GA][Iter3] Gen:14 Ind:8 RMSE(val)=39.125251
[GA][Iter3] Gen:14 Ind:9 RMSE(val)=39.125251
[GA][Iter3] Gen:14 Ind:10 RMSE(val)=39.125251
[GA][Iter3] Gen:14 Ind:11 RMSE(val)=39.125251
[GA][Iter3] Gen:14 Ind:12 RMSE(val)=39.099268
[GA][Iter3] Gen:14 Ind:13 RMSE(val)=39.222148
[GA][Iter3] Gen:14 Ind:14 RMSE(val)=39.125251
[GA][Iter3] Gen:14 Ind:15 RMSE(val)=39.125251
[GA][Iter3] Gen:14 Ind:16 RMSE(val)=39.125251
[GA][Iter3] Gen:14 Ind:17 RMSE(val)=39.125251
[GA][Iter3] Gen:14 Ind:18 RMSE(val)=39.099268
[GA][Iter3] Gen:14 Ind:19 RMSE(val)=39.099268
[GA][Iter3] Gen:14 Ind:20 RMSE(val)=39.125251
[GA][Iter3] gen=14 best_val_rmse=39.071520
[GA][Iter3] Gen:15 Ind:1 RMSE(val)=39.071520
[GA][Iter3] Gen:15 Ind:2 RMSE(val)=39.099268
[GA][Iter3] Gen:15 Ind:3 RMSE(val)=39.099268
[GA][Iter3] Gen:15 Ind:4 RMSE(val)=39.099268
[GA][Iter3] Gen:15 Ind:5 RMSE(val)=39.099268
[GA][Iter3] Gen:15 Ind:6 RMSE(val)=39.099268
[GA][Iter3] Gen:15 Ind:7 RMSE(val)=39.099268
[GA][Iter3] Gen:15 Ind:8 RMSE(val)=39.099268
[GA][Iter3] Gen:15 Ind:9 RMSE(val)=39.125251
[GA][Iter3] Gen:15 Ind:10 RMSE(val)=39.125251
[GA][Iter3] Gen:15 Ind:11 RMSE(val)=39.099268
[GA][Iter3] Gen:15 Ind:12 RMSE(val)=39.099268
[GA][Iter3] Gen:15 Ind:13 RMSE(val)=39.109686
[GA][Iter3] Gen:15 Ind:14 RMSE(val)=39.099268
[GA][Iter3] Gen:15 Ind:15 RMSE(val)=39.099268
[GA][Iter3] Gen:15 Ind:16 RMSE(val)=39.372308
[GA][Iter3] Gen:15 Ind:17 RMSE(val)=39.099268
[GA][Iter3] Gen:15 Ind:18 RMSE(val)=39.099268
[GA][Iter3] Gen:15 Ind:19 RMSE(val)=39.099268
[GA][Iter3] Gen:15 Ind:20 RMSE(val)=39.099268
[GA][Iter3] gen=15 best_val_rmse=39.071520
[GA][Iter3] Gen:15 Ind:1 RMSE(val)=39.071520
[GA][Iter3] Gen:15 Ind:2 RMSE(val)=39.099268
[GA][Iter3] Gen:15 Ind:3 RMSE(val)=39.099268
[GA][Iter3] Gen:15 Ind:4 RMSE(val)=39.099268
[GA][Iter3] Gen:15 Ind:5 RMSE(val)=39.099268
[GA][Iter3] Gen:15 Ind:6 RMSE(val)=39.099268
[GA][Iter3] Gen:15 Ind:7 RMSE(val)=39.099268
[GA][Iter3] Gen:15 Ind:8 RMSE(val)=39.099268
[GA][Iter3] Gen:15 Ind:9 RMSE(val)=39.099268
[GA][Iter3] Gen:15 Ind:10 RMSE(val)=39.099268
[GA][Iter3] Gen:15 Ind:11 RMSE(val)=39.099268
[GA][Iter3] Gen:15 Ind:12 RMSE(val)=39.099268
[GA][Iter3] Gen:15 Ind:13 RMSE(val)=39.071520
[GA][Iter3] Gen:15 Ind:14 RMSE(val)=39.099268
[GA][Iter3] Gen:15 Ind:15 RMSE(val)=39.099268
[GA][Iter3] Gen:15 Ind:16 RMSE(val)=39.099268
[GA][Iter3] Gen:15 Ind:17 RMSE(val)=39.099268
[GA][Iter3] Gen:15 Ind:18 RMSE(val)=39.099268
[GA][Iter3] Gen:15 Ind:19 RMSE(val)=39.071520
[GA][Iter3] Gen:15 Ind:20 RMSE(val)=39.099268

[GA DONE][Iter3] Best params on val fold of Iter3
Best val RMSE: 39.071520
Best params: {'n_estimators': 983, 'learning_rate': 0.013040370487438183, 'num_leaves': 80, 'max_depth': 11, 'min_child_samples': 27, 'subsample': 0.7595969199989716, 'colsample_bytree': 0.6553326979563423, 'reg_lambda': 2.6894035257249786, 'reg_alpha': 0.10227833166821101}
--------------------------------------------------------------------------------
[RETUNE GA] Iter3: train folds 1..7 -> test fold 8  RMSE=30.262495  NRMSE=0.750230  CVRMSE=0.286804  R2=0.431036
[GA][Iter4] Gen:1 Ind:1 RMSE(val)=30.343935
[GA][Iter4] Gen:1 Ind:2 RMSE(val)=29.186455
[GA][Iter4] Gen:1 Ind:3 RMSE(val)=31.426539
[GA][Iter4] Gen:1 Ind:4 RMSE(val)=30.590958
[GA][Iter4] Gen:1 Ind:5 RMSE(val)=31.115506
[GA][Iter4] Gen:1 Ind:6 RMSE(val)=28.659335
[GA][Iter4] Gen:1 Ind:7 RMSE(val)=28.845457
[GA][Iter4] Gen:1 Ind:8 RMSE(val)=31.000269
[GA][Iter4] Gen:1 Ind:9 RMSE(val)=31.589407
[GA][Iter4] Gen:1 Ind:10 RMSE(val)=29.787027
[GA][Iter4] Gen:1 Ind:11 RMSE(val)=30.830974
[GA][Iter4] Gen:1 Ind:12 RMSE(val)=30.709019
[GA][Iter4] Gen:1 Ind:13 RMSE(val)=31.900293
[GA][Iter4] Gen:1 Ind:14 RMSE(val)=30.227927
[GA][Iter4] Gen:1 Ind:15 RMSE(val)=30.641190
[GA][Iter4] Gen:1 Ind:16 RMSE(val)=29.027905
[GA][Iter4] Gen:1 Ind:17 RMSE(val)=30.537489
[GA][Iter4] Gen:1 Ind:18 RMSE(val)=30.742016
[GA][Iter4] Gen:1 Ind:19 RMSE(val)=29.336907
[GA][Iter4] Gen:1 Ind:20 RMSE(val)=32.044240
[GA][Iter4] gen=1 best_val_rmse=28.659335
[GA][Iter4] Gen:2 Ind:1 RMSE(val)=28.659335
[GA][Iter4] Gen:2 Ind:2 RMSE(val)=28.845457
[GA][Iter4] Gen:2 Ind:3 RMSE(val)=29.027905
[GA][Iter4] Gen:2 Ind:4 RMSE(val)=29.186455
[GA][Iter4] Gen:2 Ind:5 RMSE(val)=29.336907
[GA][Iter4] Gen:2 Ind:6 RMSE(val)=29.787027
[GA][Iter4] Gen:2 Ind:7 RMSE(val)=30.227927
[GA][Iter4] Gen:2 Ind:8 RMSE(val)=30.343935
[GA][Iter4] Gen:2 Ind:9 RMSE(val)=30.537489
[GA][Iter4] Gen:2 Ind:10 RMSE(val)=30.590958
[GA][Iter4] Gen:2 Ind:11 RMSE(val)=30.328067
[GA][Iter4] Gen:2 Ind:12 RMSE(val)=30.616097
[GA][Iter4] Gen:2 Ind:13 RMSE(val)=28.960856
[GA][Iter4] Gen:2 Ind:14 RMSE(val)=30.132148
[GA][Iter4] Gen:2 Ind:15 RMSE(val)=28.899734
[GA][Iter4] Gen:2 Ind:16 RMSE(val)=30.585902
[GA][Iter4] Gen:2 Ind:17 RMSE(val)=30.321231
[GA][Iter4] Gen:2 Ind:18 RMSE(val)=30.964455
[GA][Iter4] Gen:2 Ind:19 RMSE(val)=28.863391
[GA][Iter4] Gen:2 Ind:20 RMSE(val)=29.883850
[GA][Iter4] gen=2 best_val_rmse=28.659335
[GA][Iter4] Gen:3 Ind:1 RMSE(val)=28.659335
[GA][Iter4] Gen:3 Ind:2 RMSE(val)=28.845457
[GA][Iter4] Gen:3 Ind:3 RMSE(val)=28.863391
[GA][Iter4] Gen:3 Ind:4 RMSE(val)=28.899734
[GA][Iter4] Gen:3 Ind:5 RMSE(val)=28.960856
[GA][Iter4] Gen:3 Ind:6 RMSE(val)=29.027905
[GA][Iter4] Gen:3 Ind:7 RMSE(val)=29.186455
[GA][Iter4] Gen:3 Ind:8 RMSE(val)=29.336907
[GA][Iter4] Gen:3 Ind:9 RMSE(val)=29.787027
[GA][Iter4] Gen:3 Ind:10 RMSE(val)=29.883850
[GA][Iter4] Gen:3 Ind:11 RMSE(val)=28.689431
[GA][Iter4] Gen:3 Ind:12 RMSE(val)=30.265339
[GA][Iter4] Gen:3 Ind:13 RMSE(val)=29.136121
[GA][Iter4] Gen:3 Ind:14 RMSE(val)=28.811752
[GA][Iter4] Gen:3 Ind:15 RMSE(val)=28.972783
[GA][Iter4] Gen:3 Ind:16 RMSE(val)=28.545364
[GA][Iter4] Gen:3 Ind:17 RMSE(val)=29.892552
[GA][Iter4] Gen:3 Ind:18 RMSE(val)=29.186455
[GA][Iter4] Gen:3 Ind:19 RMSE(val)=29.233072
[GA][Iter4] Gen:3 Ind:20 RMSE(val)=29.154538
[GA][Iter4] gen=3 best_val_rmse=28.545364
[GA][Iter4] Gen:4 Ind:1 RMSE(val)=28.545364
[GA][Iter4] Gen:4 Ind:2 RMSE(val)=28.659335
[GA][Iter4] Gen:4 Ind:3 RMSE(val)=28.689431
[GA][Iter4] Gen:4 Ind:4 RMSE(val)=28.811752
[GA][Iter4] Gen:4 Ind:5 RMSE(val)=28.845457
[GA][Iter4] Gen:4 Ind:6 RMSE(val)=28.863391
[GA][Iter4] Gen:4 Ind:7 RMSE(val)=28.899734
[GA][Iter4] Gen:4 Ind:8 RMSE(val)=28.960856
[GA][Iter4] Gen:4 Ind:9 RMSE(val)=28.972783
[GA][Iter4] Gen:4 Ind:10 RMSE(val)=29.027905
[GA][Iter4] Gen:4 Ind:11 RMSE(val)=28.563641
[GA][Iter4] Gen:4 Ind:12 RMSE(val)=28.540419
[GA][Iter4] Gen:4 Ind:13 RMSE(val)=28.539596
[GA][Iter4] Gen:4 Ind:14 RMSE(val)=30.199245
[GA][Iter4] Gen:4 Ind:15 RMSE(val)=28.960856
[GA][Iter4] Gen:4 Ind:16 RMSE(val)=28.646066
[GA][Iter4] Gen:4 Ind:17 RMSE(val)=29.172931
[GA][Iter4] Gen:4 Ind:18 RMSE(val)=28.952574
[GA][Iter4] Gen:4 Ind:19 RMSE(val)=27.834151
[GA][Iter4] Gen:4 Ind:20 RMSE(val)=28.689431
[GA][Iter4] gen=4 best_val_rmse=27.834151
[GA][Iter4] Gen:5 Ind:1 RMSE(val)=27.834151
[GA][Iter4] Gen:5 Ind:2 RMSE(val)=28.539596
[GA][Iter4] Gen:5 Ind:3 RMSE(val)=28.540419
[GA][Iter4] Gen:5 Ind:4 RMSE(val)=28.545364
[GA][Iter4] Gen:5 Ind:5 RMSE(val)=28.563641
[GA][Iter4] Gen:5 Ind:6 RMSE(val)=28.646066
[GA][Iter4] Gen:5 Ind:7 RMSE(val)=28.659335
[GA][Iter4] Gen:5 Ind:8 RMSE(val)=28.689431
[GA][Iter4] Gen:5 Ind:9 RMSE(val)=28.689431
[GA][Iter4] Gen:5 Ind:10 RMSE(val)=28.811752
[GA][Iter4] Gen:5 Ind:11 RMSE(val)=28.811752
[GA][Iter4] Gen:5 Ind:12 RMSE(val)=27.841627
[GA][Iter4] Gen:5 Ind:13 RMSE(val)=28.496828
[GA][Iter4] Gen:5 Ind:14 RMSE(val)=28.545364
[GA][Iter4] Gen:5 Ind:15 RMSE(val)=28.563641
[GA][Iter4] Gen:5 Ind:16 RMSE(val)=30.133742
[GA][Iter4] Gen:5 Ind:17 RMSE(val)=28.838784
[GA][Iter4] Gen:5 Ind:18 RMSE(val)=29.253274
[GA][Iter4] Gen:5 Ind:19 RMSE(val)=28.540419
[GA][Iter4] Gen:5 Ind:20 RMSE(val)=29.110984
[GA][Iter4] gen=5 best_val_rmse=27.834151
[GA][Iter4] Gen:6 Ind:1 RMSE(val)=27.834151
[GA][Iter4] Gen:6 Ind:2 RMSE(val)=27.841627
[GA][Iter4] Gen:6 Ind:3 RMSE(val)=28.496828
[GA][Iter4] Gen:6 Ind:4 RMSE(val)=28.539596
[GA][Iter4] Gen:6 Ind:5 RMSE(val)=28.540419
[GA][Iter4] Gen:6 Ind:6 RMSE(val)=28.540419
[GA][Iter4] Gen:6 Ind:7 RMSE(val)=28.545364
[GA][Iter4] Gen:6 Ind:8 RMSE(val)=28.545364
[GA][Iter4] Gen:6 Ind:9 RMSE(val)=28.563641
[GA][Iter4] Gen:6 Ind:10 RMSE(val)=28.563641
[GA][Iter4] Gen:6 Ind:11 RMSE(val)=28.545364
[GA][Iter4] Gen:6 Ind:12 RMSE(val)=28.337032
[GA][Iter4] Gen:6 Ind:13 RMSE(val)=27.841627
[GA][Iter4] Gen:6 Ind:14 RMSE(val)=28.846214
[GA][Iter4] Gen:6 Ind:15 RMSE(val)=27.834151
[GA][Iter4] Gen:6 Ind:16 RMSE(val)=28.335653
[GA][Iter4] Gen:6 Ind:17 RMSE(val)=28.540419
[GA][Iter4] Gen:6 Ind:18 RMSE(val)=27.212484
[GA][Iter4] Gen:6 Ind:19 RMSE(val)=28.866487
[GA][Iter4] Gen:6 Ind:20 RMSE(val)=27.834151
[GA][Iter4] gen=6 best_val_rmse=27.212484
[GA][Iter4] Gen:7 Ind:1 RMSE(val)=27.212484
[GA][Iter4] Gen:7 Ind:2 RMSE(val)=27.834151
[GA][Iter4] Gen:7 Ind:3 RMSE(val)=27.834151
[GA][Iter4] Gen:7 Ind:4 RMSE(val)=27.834151
[GA][Iter4] Gen:7 Ind:5 RMSE(val)=27.841627
[GA][Iter4] Gen:7 Ind:6 RMSE(val)=27.841627
[GA][Iter4] Gen:7 Ind:7 RMSE(val)=28.335653
[GA][Iter4] Gen:7 Ind:8 RMSE(val)=28.337032
[GA][Iter4] Gen:7 Ind:9 RMSE(val)=28.496828
[GA][Iter4] Gen:7 Ind:10 RMSE(val)=28.539596
[GA][Iter4] Gen:7 Ind:11 RMSE(val)=28.425028
[GA][Iter4] Gen:7 Ind:12 RMSE(val)=29.196288
[GA][Iter4] Gen:7 Ind:13 RMSE(val)=29.517966
[GA][Iter4] Gen:7 Ind:14 RMSE(val)=28.335653
[GA][Iter4] Gen:7 Ind:15 RMSE(val)=28.504392
[GA][Iter4] Gen:7 Ind:16 RMSE(val)=27.841627
[GA][Iter4] Gen:7 Ind:17 RMSE(val)=27.834151
[GA][Iter4] Gen:7 Ind:18 RMSE(val)=27.841627
[GA][Iter4] Gen:7 Ind:19 RMSE(val)=28.224389
[GA][Iter4] Gen:7 Ind:20 RMSE(val)=27.166367
[GA][Iter4] gen=7 best_val_rmse=27.166367
[GA][Iter4] Gen:8 Ind:1 RMSE(val)=27.166367
[GA][Iter4] Gen:8 Ind:2 RMSE(val)=27.212484
[GA][Iter4] Gen:8 Ind:3 RMSE(val)=27.834151
[GA][Iter4] Gen:8 Ind:4 RMSE(val)=27.834151
[GA][Iter4] Gen:8 Ind:5 RMSE(val)=27.834151
[GA][Iter4] Gen:8 Ind:6 RMSE(val)=27.834151
[GA][Iter4] Gen:8 Ind:7 RMSE(val)=27.841627
[GA][Iter4] Gen:8 Ind:8 RMSE(val)=27.841627
[GA][Iter4] Gen:8 Ind:9 RMSE(val)=27.841627
[GA][Iter4] Gen:8 Ind:10 RMSE(val)=27.841627
[GA][Iter4] Gen:8 Ind:11 RMSE(val)=27.834151
[GA][Iter4] Gen:8 Ind:12 RMSE(val)=27.946942
[GA][Iter4] Gen:8 Ind:13 RMSE(val)=27.834151
[GA][Iter4] Gen:8 Ind:14 RMSE(val)=27.841627
[GA][Iter4] Gen:8 Ind:15 RMSE(val)=27.841627
[GA][Iter4] Gen:8 Ind:16 RMSE(val)=27.212484
[GA][Iter4] Gen:8 Ind:17 RMSE(val)=27.212484
[GA][Iter4] Gen:8 Ind:18 RMSE(val)=27.823155
[GA][Iter4] Gen:8 Ind:19 RMSE(val)=27.703781
[GA][Iter4] Gen:8 Ind:20 RMSE(val)=27.483775
[GA][Iter4] gen=8 best_val_rmse=27.166367
[GA][Iter4] Gen:9 Ind:1 RMSE(val)=27.166367
[GA][Iter4] Gen:9 Ind:2 RMSE(val)=27.212484
[GA][Iter4] Gen:9 Ind:3 RMSE(val)=27.212484
[GA][Iter4] Gen:9 Ind:4 RMSE(val)=27.212484
[GA][Iter4] Gen:9 Ind:5 RMSE(val)=27.483775
[GA][Iter4] Gen:9 Ind:6 RMSE(val)=27.703781
[GA][Iter4] Gen:9 Ind:7 RMSE(val)=27.823155
[GA][Iter4] Gen:9 Ind:8 RMSE(val)=27.834151
[GA][Iter4] Gen:9 Ind:9 RMSE(val)=27.834151
[GA][Iter4] Gen:9 Ind:10 RMSE(val)=27.834151
[GA][Iter4] Gen:9 Ind:11 RMSE(val)=28.746148
[GA][Iter4] Gen:9 Ind:12 RMSE(val)=27.823155
[GA][Iter4] Gen:9 Ind:13 RMSE(val)=27.885660
[GA][Iter4] Gen:9 Ind:14 RMSE(val)=28.355825
[GA][Iter4] Gen:9 Ind:15 RMSE(val)=27.228748
[GA][Iter4] Gen:9 Ind:16 RMSE(val)=27.212484
[GA][Iter4] Gen:9 Ind:17 RMSE(val)=27.256779
[GA][Iter4] Gen:9 Ind:18 RMSE(val)=27.212484
[GA][Iter4] Gen:9 Ind:19 RMSE(val)=27.807360
[GA][Iter4] Gen:9 Ind:20 RMSE(val)=27.793326
[GA][Iter4] gen=9 best_val_rmse=27.166367
[GA][Iter4] Gen:10 Ind:1 RMSE(val)=27.166367
[GA][Iter4] Gen:10 Ind:2 RMSE(val)=27.212484
[GA][Iter4] Gen:10 Ind:3 RMSE(val)=27.212484
[GA][Iter4] Gen:10 Ind:4 RMSE(val)=27.212484
[GA][Iter4] Gen:10 Ind:5 RMSE(val)=27.212484
[GA][Iter4] Gen:10 Ind:6 RMSE(val)=27.212484
[GA][Iter4] Gen:10 Ind:7 RMSE(val)=27.228748
[GA][Iter4] Gen:10 Ind:8 RMSE(val)=27.256779
[GA][Iter4] Gen:10 Ind:9 RMSE(val)=27.483775
[GA][Iter4] Gen:10 Ind:10 RMSE(val)=27.703781
[GA][Iter4] Gen:10 Ind:11 RMSE(val)=28.026026
[GA][Iter4] Gen:10 Ind:12 RMSE(val)=28.067280
[GA][Iter4] Gen:10 Ind:13 RMSE(val)=28.557645
[GA][Iter4] Gen:10 Ind:14 RMSE(val)=27.212484
[GA][Iter4] Gen:10 Ind:15 RMSE(val)=27.212484
[GA][Iter4] Gen:10 Ind:16 RMSE(val)=27.212484
[GA][Iter4] Gen:10 Ind:17 RMSE(val)=27.212484
[GA][Iter4] Gen:10 Ind:18 RMSE(val)=27.166367
[GA][Iter4] Gen:10 Ind:19 RMSE(val)=27.256779
[GA][Iter4] Gen:10 Ind:20 RMSE(val)=27.212484
[GA][Iter4] gen=10 best_val_rmse=27.166367
[GA][Iter4] Gen:11 Ind:1 RMSE(val)=27.166367
[GA][Iter4] Gen:11 Ind:2 RMSE(val)=27.166367
[GA][Iter4] Gen:11 Ind:3 RMSE(val)=27.212484
[GA][Iter4] Gen:11 Ind:4 RMSE(val)=27.212484
[GA][Iter4] Gen:11 Ind:5 RMSE(val)=27.212484
[GA][Iter4] Gen:11 Ind:6 RMSE(val)=27.212484
[GA][Iter4] Gen:11 Ind:7 RMSE(val)=27.212484
[GA][Iter4] Gen:11 Ind:8 RMSE(val)=27.212484
[GA][Iter4] Gen:11 Ind:9 RMSE(val)=27.212484
[GA][Iter4] Gen:11 Ind:10 RMSE(val)=27.212484
[GA][Iter4] Gen:11 Ind:11 RMSE(val)=27.212484
[GA][Iter4] Gen:11 Ind:12 RMSE(val)=27.130007
[GA][Iter4] Gen:11 Ind:13 RMSE(val)=27.834151
[GA][Iter4] Gen:11 Ind:14 RMSE(val)=27.212484
[GA][Iter4] Gen:11 Ind:15 RMSE(val)=27.212484
[GA][Iter4] Gen:11 Ind:16 RMSE(val)=27.212484
[GA][Iter4] Gen:11 Ind:17 RMSE(val)=27.212484
[GA][Iter4] Gen:11 Ind:18 RMSE(val)=27.217465
[GA][Iter4] Gen:11 Ind:19 RMSE(val)=27.212918
[GA][Iter4] Gen:11 Ind:20 RMSE(val)=28.232839
[GA][Iter4] gen=11 best_val_rmse=27.130007
[GA][Iter4] Gen:12 Ind:1 RMSE(val)=27.130007
[GA][Iter4] Gen:12 Ind:2 RMSE(val)=27.166367
[GA][Iter4] Gen:12 Ind:3 RMSE(val)=27.166367
[GA][Iter4] Gen:12 Ind:4 RMSE(val)=27.212484
[GA][Iter4] Gen:12 Ind:5 RMSE(val)=27.212484
[GA][Iter4] Gen:12 Ind:6 RMSE(val)=27.212484
[GA][Iter4] Gen:12 Ind:7 RMSE(val)=27.212484
[GA][Iter4] Gen:12 Ind:8 RMSE(val)=27.212484
[GA][Iter4] Gen:12 Ind:9 RMSE(val)=27.212484
[GA][Iter4] Gen:12 Ind:10 RMSE(val)=27.212484
[GA][Iter4] Gen:12 Ind:11 RMSE(val)=28.557645
[GA][Iter4] Gen:12 Ind:12 RMSE(val)=27.162852
[GA][Iter4] Gen:12 Ind:13 RMSE(val)=26.974112
[GA][Iter4] Gen:12 Ind:14 RMSE(val)=27.166367
[GA][Iter4] Gen:12 Ind:15 RMSE(val)=27.318679
[GA][Iter4] Gen:12 Ind:16 RMSE(val)=27.212484
[GA][Iter4] Gen:12 Ind:17 RMSE(val)=27.212484
[GA][Iter4] Gen:12 Ind:18 RMSE(val)=27.212484
[GA][Iter4] Gen:12 Ind:19 RMSE(val)=27.166367
[GA][Iter4] Gen:12 Ind:20 RMSE(val)=27.212484
[GA][Iter4] gen=12 best_val_rmse=26.974112
[GA][Iter4] Gen:13 Ind:1 RMSE(val)=26.974112
[GA][Iter4] Gen:13 Ind:2 RMSE(val)=27.130007
[GA][Iter4] Gen:13 Ind:3 RMSE(val)=27.162852
[GA][Iter4] Gen:13 Ind:4 RMSE(val)=27.166367
[GA][Iter4] Gen:13 Ind:5 RMSE(val)=27.166367
[GA][Iter4] Gen:13 Ind:6 RMSE(val)=27.166367
[GA][Iter4] Gen:13 Ind:7 RMSE(val)=27.166367
[GA][Iter4] Gen:13 Ind:8 RMSE(val)=27.212484
[GA][Iter4] Gen:13 Ind:9 RMSE(val)=27.212484
[GA][Iter4] Gen:13 Ind:10 RMSE(val)=27.212484
[GA][Iter4] Gen:13 Ind:11 RMSE(val)=27.166367
[GA][Iter4] Gen:13 Ind:12 RMSE(val)=27.166367
[GA][Iter4] Gen:13 Ind:13 RMSE(val)=27.212484
[GA][Iter4] Gen:13 Ind:14 RMSE(val)=27.130007
[GA][Iter4] Gen:13 Ind:15 RMSE(val)=27.166367
[GA][Iter4] Gen:13 Ind:16 RMSE(val)=27.623416
[GA][Iter4] Gen:13 Ind:17 RMSE(val)=27.130007
[GA][Iter4] Gen:13 Ind:18 RMSE(val)=28.186663
[GA][Iter4] Gen:13 Ind:19 RMSE(val)=27.166367
[GA][Iter4] Gen:13 Ind:20 RMSE(val)=27.166367
[GA][Iter4] gen=13 best_val_rmse=26.974112
[GA][Iter4] Gen:14 Ind:1 RMSE(val)=26.974112
[GA][Iter4] Gen:14 Ind:2 RMSE(val)=27.130007
[GA][Iter4] Gen:14 Ind:3 RMSE(val)=27.130007
[GA][Iter4] Gen:14 Ind:4 RMSE(val)=27.130007
[GA][Iter4] Gen:14 Ind:5 RMSE(val)=27.162852
[GA][Iter4] Gen:14 Ind:6 RMSE(val)=27.166367
[GA][Iter4] Gen:14 Ind:7 RMSE(val)=27.166367
[GA][Iter4] Gen:14 Ind:8 RMSE(val)=27.166367
[GA][Iter4] Gen:14 Ind:9 RMSE(val)=27.166367
[GA][Iter4] Gen:14 Ind:10 RMSE(val)=27.166367
[GA][Iter4] Gen:14 Ind:11 RMSE(val)=27.166367
[GA][Iter4] Gen:14 Ind:12 RMSE(val)=27.162852
[GA][Iter4] Gen:14 Ind:13 RMSE(val)=27.095711
[GA][Iter4] Gen:14 Ind:14 RMSE(val)=27.166367
[GA][Iter4] Gen:14 Ind:15 RMSE(val)=27.166367
[GA][Iter4] Gen:14 Ind:16 RMSE(val)=27.166367
[GA][Iter4] Gen:14 Ind:17 RMSE(val)=27.166367
[GA][Iter4] Gen:14 Ind:18 RMSE(val)=27.212484
[GA][Iter4] Gen:14 Ind:19 RMSE(val)=27.130007
[GA][Iter4] Gen:14 Ind:20 RMSE(val)=27.166367
[GA][Iter4] gen=14 best_val_rmse=26.974112
[GA][Iter4] Gen:15 Ind:1 RMSE(val)=26.974112
[GA][Iter4] Gen:15 Ind:2 RMSE(val)=27.095711
[GA][Iter4] Gen:15 Ind:3 RMSE(val)=27.130007
[GA][Iter4] Gen:15 Ind:4 RMSE(val)=27.130007
[GA][Iter4] Gen:15 Ind:5 RMSE(val)=27.130007
[GA][Iter4] Gen:15 Ind:6 RMSE(val)=27.130007
[GA][Iter4] Gen:15 Ind:7 RMSE(val)=27.162852
[GA][Iter4] Gen:15 Ind:8 RMSE(val)=27.162852
[GA][Iter4] Gen:15 Ind:9 RMSE(val)=27.166367
[GA][Iter4] Gen:15 Ind:10 RMSE(val)=27.166367
[GA][Iter4] Gen:15 Ind:11 RMSE(val)=27.130007
[GA][Iter4] Gen:15 Ind:12 RMSE(val)=27.212484
[GA][Iter4] Gen:15 Ind:13 RMSE(val)=27.092641
[GA][Iter4] Gen:15 Ind:14 RMSE(val)=27.212484
[GA][Iter4] Gen:15 Ind:15 RMSE(val)=27.162852
[GA][Iter4] Gen:15 Ind:16 RMSE(val)=28.020496
[GA][Iter4] Gen:15 Ind:17 RMSE(val)=27.123277
[GA][Iter4] Gen:15 Ind:18 RMSE(val)=27.130007
[GA][Iter4] Gen:15 Ind:19 RMSE(val)=27.162852
[GA][Iter4] Gen:15 Ind:20 RMSE(val)=27.130007
[GA][Iter4] gen=15 best_val_rmse=26.974112
[GA][Iter4] Gen:15 Ind:1 RMSE(val)=26.974112
[GA][Iter4] Gen:15 Ind:2 RMSE(val)=27.092641
[GA][Iter4] Gen:15 Ind:3 RMSE(val)=27.095711
[GA][Iter4] Gen:15 Ind:4 RMSE(val)=27.123277
[GA][Iter4] Gen:15 Ind:5 RMSE(val)=27.130007
[GA][Iter4] Gen:15 Ind:6 RMSE(val)=27.130007
[GA][Iter4] Gen:15 Ind:7 RMSE(val)=27.130007
[GA][Iter4] Gen:15 Ind:8 RMSE(val)=27.130007
[GA][Iter4] Gen:15 Ind:9 RMSE(val)=27.130007
[GA][Iter4] Gen:15 Ind:10 RMSE(val)=27.130007
[GA][Iter4] Gen:15 Ind:11 RMSE(val)=27.092641
[GA][Iter4] Gen:15 Ind:12 RMSE(val)=27.130007
[GA][Iter4] Gen:15 Ind:13 RMSE(val)=26.998464
[GA][Iter4] Gen:15 Ind:14 RMSE(val)=27.130007
[GA][Iter4] Gen:15 Ind:15 RMSE(val)=27.123277
[GA][Iter4] Gen:15 Ind:16 RMSE(val)=27.130007
[GA][Iter4] Gen:15 Ind:17 RMSE(val)=27.095711
[GA][Iter4] Gen:15 Ind:18 RMSE(val)=27.130007
[GA][Iter4] Gen:15 Ind:19 RMSE(val)=27.130007
[GA][Iter4] Gen:15 Ind:20 RMSE(val)=27.130007

[GA DONE][Iter4] Best params on val fold of Iter4
Best val RMSE: 26.974112
Best params: {'n_estimators': 452, 'learning_rate': 0.01200463786726299, 'num_leaves': 71, 'max_depth': 3, 'min_child_samples': 35, 'subsample': 0.8864078451689614, 'colsample_bytree': 0.8805299894360943, 'reg_lambda': 0.910397152349666, 'reg_alpha': 0.8196980049036825}
--------------------------------------------------------------------------------
[RETUNE GA] Iter4: train folds 1..8 -> test fold 9  RMSE=29.562433  NRMSE=0.573375  CVRMSE=0.264738  R2=0.667667
[GA][Iter5] Gen:1 Ind:1 RMSE(val)=32.069960
[GA][Iter5] Gen:1 Ind:2 RMSE(val)=30.361348
[GA][Iter5] Gen:1 Ind:3 RMSE(val)=31.773337
[GA][Iter5] Gen:1 Ind:4 RMSE(val)=32.492811
[GA][Iter5] Gen:1 Ind:5 RMSE(val)=30.790635
[GA][Iter5] Gen:1 Ind:6 RMSE(val)=28.752194
[GA][Iter5] Gen:1 Ind:7 RMSE(val)=30.701964
[GA][Iter5] Gen:1 Ind:8 RMSE(val)=31.056250
[GA][Iter5] Gen:1 Ind:9 RMSE(val)=29.779636
[GA][Iter5] Gen:1 Ind:10 RMSE(val)=28.533488
[GA][Iter5] Gen:1 Ind:11 RMSE(val)=30.607718
[GA][Iter5] Gen:1 Ind:12 RMSE(val)=32.114932
[GA][Iter5] Gen:1 Ind:13 RMSE(val)=32.682960
[GA][Iter5] Gen:1 Ind:14 RMSE(val)=30.584719
[GA][Iter5] Gen:1 Ind:15 RMSE(val)=31.831733
[GA][Iter5] Gen:1 Ind:16 RMSE(val)=30.924639
[GA][Iter5] Gen:1 Ind:17 RMSE(val)=31.611698
[GA][Iter5] Gen:1 Ind:18 RMSE(val)=30.904340
[GA][Iter5] Gen:1 Ind:19 RMSE(val)=31.196019
[GA][Iter5] Gen:1 Ind:20 RMSE(val)=32.003697
[GA][Iter5] gen=1 best_val_rmse=28.533488
[GA][Iter5] Gen:2 Ind:1 RMSE(val)=28.533488
[GA][Iter5] Gen:2 Ind:2 RMSE(val)=28.752194
[GA][Iter5] Gen:2 Ind:3 RMSE(val)=29.779636
[GA][Iter5] Gen:2 Ind:4 RMSE(val)=30.361348
[GA][Iter5] Gen:2 Ind:5 RMSE(val)=30.584719
[GA][Iter5] Gen:2 Ind:6 RMSE(val)=30.607718
[GA][Iter5] Gen:2 Ind:7 RMSE(val)=30.701964
[GA][Iter5] Gen:2 Ind:8 RMSE(val)=30.790635
[GA][Iter5] Gen:2 Ind:9 RMSE(val)=30.904340
[GA][Iter5] Gen:2 Ind:10 RMSE(val)=30.924639
[GA][Iter5] Gen:2 Ind:11 RMSE(val)=29.752250
[GA][Iter5] Gen:2 Ind:12 RMSE(val)=31.035105
[GA][Iter5] Gen:2 Ind:13 RMSE(val)=30.121261
[GA][Iter5] Gen:2 Ind:14 RMSE(val)=30.657310
[GA][Iter5] Gen:2 Ind:15 RMSE(val)=28.846628
[GA][Iter5] Gen:2 Ind:16 RMSE(val)=30.506044
[GA][Iter5] Gen:2 Ind:17 RMSE(val)=30.340087
[GA][Iter5] Gen:2 Ind:18 RMSE(val)=30.829350
[GA][Iter5] Gen:2 Ind:19 RMSE(val)=31.360810
[GA][Iter5] Gen:2 Ind:20 RMSE(val)=30.945710
[GA][Iter5] gen=2 best_val_rmse=28.533488
[GA][Iter5] Gen:3 Ind:1 RMSE(val)=28.533488
[GA][Iter5] Gen:3 Ind:2 RMSE(val)=28.752194
[GA][Iter5] Gen:3 Ind:3 RMSE(val)=28.846628
[GA][Iter5] Gen:3 Ind:4 RMSE(val)=29.752250
[GA][Iter5] Gen:3 Ind:5 RMSE(val)=29.779636
[GA][Iter5] Gen:3 Ind:6 RMSE(val)=30.121261
[GA][Iter5] Gen:3 Ind:7 RMSE(val)=30.340087
[GA][Iter5] Gen:3 Ind:8 RMSE(val)=30.361348
[GA][Iter5] Gen:3 Ind:9 RMSE(val)=30.506044
[GA][Iter5] Gen:3 Ind:10 RMSE(val)=30.584719
[GA][Iter5] Gen:3 Ind:11 RMSE(val)=30.352113
[GA][Iter5] Gen:3 Ind:12 RMSE(val)=30.535072
[GA][Iter5] Gen:3 Ind:13 RMSE(val)=29.543400
[GA][Iter5] Gen:3 Ind:14 RMSE(val)=29.955573
[GA][Iter5] Gen:3 Ind:15 RMSE(val)=30.112202
[GA][Iter5] Gen:3 Ind:16 RMSE(val)=30.407724
[GA][Iter5] Gen:3 Ind:17 RMSE(val)=30.373681
[GA][Iter5] Gen:3 Ind:18 RMSE(val)=30.723046
[GA][Iter5] Gen:3 Ind:19 RMSE(val)=30.340070
[GA][Iter5] Gen:3 Ind:20 RMSE(val)=30.193733
[GA][Iter5] gen=3 best_val_rmse=28.533488
[GA][Iter5] Gen:4 Ind:1 RMSE(val)=28.533488
[GA][Iter5] Gen:4 Ind:2 RMSE(val)=28.752194
[GA][Iter5] Gen:4 Ind:3 RMSE(val)=28.846628
[GA][Iter5] Gen:4 Ind:4 RMSE(val)=29.543400
[GA][Iter5] Gen:4 Ind:5 RMSE(val)=29.752250
[GA][Iter5] Gen:4 Ind:6 RMSE(val)=29.779636
[GA][Iter5] Gen:4 Ind:7 RMSE(val)=29.955573
[GA][Iter5] Gen:4 Ind:8 RMSE(val)=30.112202
[GA][Iter5] Gen:4 Ind:9 RMSE(val)=30.121261
[GA][Iter5] Gen:4 Ind:10 RMSE(val)=30.193733
[GA][Iter5] Gen:4 Ind:11 RMSE(val)=30.955784
[GA][Iter5] Gen:4 Ind:12 RMSE(val)=29.955573
[GA][Iter5] Gen:4 Ind:13 RMSE(val)=29.543400
[GA][Iter5] Gen:4 Ind:14 RMSE(val)=30.341563
[GA][Iter5] Gen:4 Ind:15 RMSE(val)=30.176519
[GA][Iter5] Gen:4 Ind:16 RMSE(val)=29.732825
[GA][Iter5] Gen:4 Ind:17 RMSE(val)=31.768110
[GA][Iter5] Gen:4 Ind:18 RMSE(val)=28.116316
[GA][Iter5] Gen:4 Ind:19 RMSE(val)=28.860633
[GA][Iter5] Gen:4 Ind:20 RMSE(val)=29.616692
[GA][Iter5] gen=4 best_val_rmse=28.116316
[GA][Iter5] Gen:5 Ind:1 RMSE(val)=28.116316
[GA][Iter5] Gen:5 Ind:2 RMSE(val)=28.533488
[GA][Iter5] Gen:5 Ind:3 RMSE(val)=28.752194
[GA][Iter5] Gen:5 Ind:4 RMSE(val)=28.846628
[GA][Iter5] Gen:5 Ind:5 RMSE(val)=28.860633
[GA][Iter5] Gen:5 Ind:6 RMSE(val)=29.543400
[GA][Iter5] Gen:5 Ind:7 RMSE(val)=29.543400
[GA][Iter5] Gen:5 Ind:8 RMSE(val)=29.616692
[GA][Iter5] Gen:5 Ind:9 RMSE(val)=29.732825
[GA][Iter5] Gen:5 Ind:10 RMSE(val)=29.752250
[GA][Iter5] Gen:5 Ind:11 RMSE(val)=30.680007
[GA][Iter5] Gen:5 Ind:12 RMSE(val)=29.457948
[GA][Iter5] Gen:5 Ind:13 RMSE(val)=28.919606
[GA][Iter5] Gen:5 Ind:14 RMSE(val)=29.029283
[GA][Iter5] Gen:5 Ind:15 RMSE(val)=29.616692
[GA][Iter5] Gen:5 Ind:16 RMSE(val)=29.491905
[GA][Iter5] Gen:5 Ind:17 RMSE(val)=29.434888
[GA][Iter5] Gen:5 Ind:18 RMSE(val)=29.588787
[GA][Iter5] Gen:5 Ind:19 RMSE(val)=29.091606
[GA][Iter5] Gen:5 Ind:20 RMSE(val)=29.848841
[GA][Iter5] gen=5 best_val_rmse=28.116316
[GA][Iter5] Gen:6 Ind:1 RMSE(val)=28.116316
[GA][Iter5] Gen:6 Ind:2 RMSE(val)=28.533488
[GA][Iter5] Gen:6 Ind:3 RMSE(val)=28.752194
[GA][Iter5] Gen:6 Ind:4 RMSE(val)=28.846628
[GA][Iter5] Gen:6 Ind:5 RMSE(val)=28.860633
[GA][Iter5] Gen:6 Ind:6 RMSE(val)=28.919606
[GA][Iter5] Gen:6 Ind:7 RMSE(val)=29.029283
[GA][Iter5] Gen:6 Ind:8 RMSE(val)=29.091606
[GA][Iter5] Gen:6 Ind:9 RMSE(val)=29.434888
[GA][Iter5] Gen:6 Ind:10 RMSE(val)=29.457948
[GA][Iter5] Gen:6 Ind:11 RMSE(val)=29.061759
[GA][Iter5] Gen:6 Ind:12 RMSE(val)=28.533488
[GA][Iter5] Gen:6 Ind:13 RMSE(val)=28.626154
[GA][Iter5] Gen:6 Ind:14 RMSE(val)=28.533488
[GA][Iter5] Gen:6 Ind:15 RMSE(val)=29.150954
[GA][Iter5] Gen:6 Ind:16 RMSE(val)=28.964860
[GA][Iter5] Gen:6 Ind:17 RMSE(val)=28.915432
[GA][Iter5] Gen:6 Ind:18 RMSE(val)=28.026140
[GA][Iter5] Gen:6 Ind:19 RMSE(val)=28.511135
[GA][Iter5] Gen:6 Ind:20 RMSE(val)=29.511511
[GA][Iter5] gen=6 best_val_rmse=28.026140
[GA][Iter5] Gen:7 Ind:1 RMSE(val)=28.026140
[GA][Iter5] Gen:7 Ind:2 RMSE(val)=28.116316
[GA][Iter5] Gen:7 Ind:3 RMSE(val)=28.511135
[GA][Iter5] Gen:7 Ind:4 RMSE(val)=28.533488
[GA][Iter5] Gen:7 Ind:5 RMSE(val)=28.533488
[GA][Iter5] Gen:7 Ind:6 RMSE(val)=28.533488
[GA][Iter5] Gen:7 Ind:7 RMSE(val)=28.626154
[GA][Iter5] Gen:7 Ind:8 RMSE(val)=28.752194
[GA][Iter5] Gen:7 Ind:9 RMSE(val)=28.846628
[GA][Iter5] Gen:7 Ind:10 RMSE(val)=28.860633
[GA][Iter5] Gen:7 Ind:11 RMSE(val)=28.963128
[GA][Iter5] Gen:7 Ind:12 RMSE(val)=29.308911
[GA][Iter5] Gen:7 Ind:13 RMSE(val)=28.874710
[GA][Iter5] Gen:7 Ind:14 RMSE(val)=28.807933
[GA][Iter5] Gen:7 Ind:15 RMSE(val)=29.102323
[GA][Iter5] Gen:7 Ind:16 RMSE(val)=28.533488
[GA][Iter5] Gen:7 Ind:17 RMSE(val)=28.533488
[GA][Iter5] Gen:7 Ind:18 RMSE(val)=29.458025
[GA][Iter5] Gen:7 Ind:19 RMSE(val)=28.733663
[GA][Iter5] Gen:7 Ind:20 RMSE(val)=28.026140
[GA][Iter5] gen=7 best_val_rmse=28.026140
[GA][Iter5] Gen:8 Ind:1 RMSE(val)=28.026140
[GA][Iter5] Gen:8 Ind:2 RMSE(val)=28.026140
[GA][Iter5] Gen:8 Ind:3 RMSE(val)=28.116316
[GA][Iter5] Gen:8 Ind:4 RMSE(val)=28.511135
[GA][Iter5] Gen:8 Ind:5 RMSE(val)=28.533488
[GA][Iter5] Gen:8 Ind:6 RMSE(val)=28.533488
[GA][Iter5] Gen:8 Ind:7 RMSE(val)=28.533488
[GA][Iter5] Gen:8 Ind:8 RMSE(val)=28.533488
[GA][Iter5] Gen:8 Ind:9 RMSE(val)=28.533488
[GA][Iter5] Gen:8 Ind:10 RMSE(val)=28.626154
[GA][Iter5] Gen:8 Ind:11 RMSE(val)=28.624760
[GA][Iter5] Gen:8 Ind:12 RMSE(val)=29.091606
[GA][Iter5] Gen:8 Ind:13 RMSE(val)=28.533488
[GA][Iter5] Gen:8 Ind:14 RMSE(val)=28.533488
[GA][Iter5] Gen:8 Ind:15 RMSE(val)=28.483976
[GA][Iter5] Gen:8 Ind:16 RMSE(val)=28.296270
[GA][Iter5] Gen:8 Ind:17 RMSE(val)=28.534762
[GA][Iter5] Gen:8 Ind:18 RMSE(val)=28.892299
[GA][Iter5] Gen:8 Ind:19 RMSE(val)=28.329541
[GA][Iter5] Gen:8 Ind:20 RMSE(val)=29.167560
[GA][Iter5] gen=8 best_val_rmse=28.026140
[GA][Iter5] Gen:9 Ind:1 RMSE(val)=28.026140
[GA][Iter5] Gen:9 Ind:2 RMSE(val)=28.026140
[GA][Iter5] Gen:9 Ind:3 RMSE(val)=28.116316
[GA][Iter5] Gen:9 Ind:4 RMSE(val)=28.296270
[GA][Iter5] Gen:9 Ind:5 RMSE(val)=28.329541
[GA][Iter5] Gen:9 Ind:6 RMSE(val)=28.483976
[GA][Iter5] Gen:9 Ind:7 RMSE(val)=28.511135
[GA][Iter5] Gen:9 Ind:8 RMSE(val)=28.533488
[GA][Iter5] Gen:9 Ind:9 RMSE(val)=28.533488
[GA][Iter5] Gen:9 Ind:10 RMSE(val)=28.533488
[GA][Iter5] Gen:9 Ind:11 RMSE(val)=28.809915
[GA][Iter5] Gen:9 Ind:12 RMSE(val)=28.533488
[GA][Iter5] Gen:9 Ind:13 RMSE(val)=28.495352
[GA][Iter5] Gen:9 Ind:14 RMSE(val)=28.224316
[GA][Iter5] Gen:9 Ind:15 RMSE(val)=28.494893
[GA][Iter5] Gen:9 Ind:16 RMSE(val)=29.046932
[GA][Iter5] Gen:9 Ind:17 RMSE(val)=28.296270
[GA][Iter5] Gen:9 Ind:18 RMSE(val)=28.166606
[GA][Iter5] Gen:9 Ind:19 RMSE(val)=28.447117
[GA][Iter5] Gen:9 Ind:20 RMSE(val)=28.528964
[GA][Iter5] gen=9 best_val_rmse=28.026140
[GA][Iter5] Gen:10 Ind:1 RMSE(val)=28.026140
[GA][Iter5] Gen:10 Ind:2 RMSE(val)=28.026140
[GA][Iter5] Gen:10 Ind:3 RMSE(val)=28.116316
[GA][Iter5] Gen:10 Ind:4 RMSE(val)=28.166606
[GA][Iter5] Gen:10 Ind:5 RMSE(val)=28.224316
[GA][Iter5] Gen:10 Ind:6 RMSE(val)=28.296270
[GA][Iter5] Gen:10 Ind:7 RMSE(val)=28.296270
[GA][Iter5] Gen:10 Ind:8 RMSE(val)=28.329541
[GA][Iter5] Gen:10 Ind:9 RMSE(val)=28.447117
[GA][Iter5] Gen:10 Ind:10 RMSE(val)=28.483976
[GA][Iter5] Gen:10 Ind:11 RMSE(val)=28.705121
[GA][Iter5] Gen:10 Ind:12 RMSE(val)=28.623580
[GA][Iter5] Gen:10 Ind:13 RMSE(val)=28.453172
[GA][Iter5] Gen:10 Ind:14 RMSE(val)=28.224316
[GA][Iter5] Gen:10 Ind:15 RMSE(val)=29.102323
[GA][Iter5] Gen:10 Ind:16 RMSE(val)=28.166606
[GA][Iter5] Gen:10 Ind:17 RMSE(val)=28.296270
[GA][Iter5] Gen:10 Ind:18 RMSE(val)=28.329541
[GA][Iter5] Gen:10 Ind:19 RMSE(val)=28.026140
[GA][Iter5] Gen:10 Ind:20 RMSE(val)=28.700692
[GA][Iter5] gen=10 best_val_rmse=28.026140
[GA][Iter5] Gen:11 Ind:1 RMSE(val)=28.026140
[GA][Iter5] Gen:11 Ind:2 RMSE(val)=28.026140
[GA][Iter5] Gen:11 Ind:3 RMSE(val)=28.026140
[GA][Iter5] Gen:11 Ind:4 RMSE(val)=28.116316
[GA][Iter5] Gen:11 Ind:5 RMSE(val)=28.166606
[GA][Iter5] Gen:11 Ind:6 RMSE(val)=28.166606
[GA][Iter5] Gen:11 Ind:7 RMSE(val)=28.224316
[GA][Iter5] Gen:11 Ind:8 RMSE(val)=28.224316
[GA][Iter5] Gen:11 Ind:9 RMSE(val)=28.296270
[GA][Iter5] Gen:11 Ind:10 RMSE(val)=28.296270
[GA][Iter5] Gen:11 Ind:11 RMSE(val)=28.030374
[GA][Iter5] Gen:11 Ind:12 RMSE(val)=28.571049
[GA][Iter5] Gen:11 Ind:13 RMSE(val)=28.142440
[GA][Iter5] Gen:11 Ind:14 RMSE(val)=28.296270
[GA][Iter5] Gen:11 Ind:15 RMSE(val)=28.298873
[GA][Iter5] Gen:11 Ind:16 RMSE(val)=28.159383
[GA][Iter5] Gen:11 Ind:17 RMSE(val)=28.484053
[GA][Iter5] Gen:11 Ind:18 RMSE(val)=29.018528
[GA][Iter5] Gen:11 Ind:19 RMSE(val)=29.474501
[GA][Iter5] Gen:11 Ind:20 RMSE(val)=28.494388
[GA][Iter5] gen=11 best_val_rmse=28.026140
[GA][Iter5] Gen:12 Ind:1 RMSE(val)=28.026140
[GA][Iter5] Gen:12 Ind:2 RMSE(val)=28.026140
[GA][Iter5] Gen:12 Ind:3 RMSE(val)=28.026140
[GA][Iter5] Gen:12 Ind:4 RMSE(val)=28.030374
[GA][Iter5] Gen:12 Ind:5 RMSE(val)=28.116316
[GA][Iter5] Gen:12 Ind:6 RMSE(val)=28.142440
[GA][Iter5] Gen:12 Ind:7 RMSE(val)=28.159383
[GA][Iter5] Gen:12 Ind:8 RMSE(val)=28.166606
[GA][Iter5] Gen:12 Ind:9 RMSE(val)=28.166606
[GA][Iter5] Gen:12 Ind:10 RMSE(val)=28.224316
[GA][Iter5] Gen:12 Ind:11 RMSE(val)=27.958995
[GA][Iter5] Gen:12 Ind:12 RMSE(val)=28.511671
[GA][Iter5] Gen:12 Ind:13 RMSE(val)=29.126456
[GA][Iter5] Gen:12 Ind:14 RMSE(val)=28.613053
[GA][Iter5] Gen:12 Ind:15 RMSE(val)=28.224316
[GA][Iter5] Gen:12 Ind:16 RMSE(val)=28.159383
[GA][Iter5] Gen:12 Ind:17 RMSE(val)=28.571049
[GA][Iter5] Gen:12 Ind:18 RMSE(val)=28.026140
[GA][Iter5] Gen:12 Ind:19 RMSE(val)=28.492538
[GA][Iter5] Gen:12 Ind:20 RMSE(val)=28.823895
[GA][Iter5] gen=12 best_val_rmse=27.958995
[GA][Iter5] Gen:13 Ind:1 RMSE(val)=27.958995
[GA][Iter5] Gen:13 Ind:2 RMSE(val)=28.026140
[GA][Iter5] Gen:13 Ind:3 RMSE(val)=28.026140
[GA][Iter5] Gen:13 Ind:4 RMSE(val)=28.026140
[GA][Iter5] Gen:13 Ind:5 RMSE(val)=28.026140
[GA][Iter5] Gen:13 Ind:6 RMSE(val)=28.030374
[GA][Iter5] Gen:13 Ind:7 RMSE(val)=28.116316
[GA][Iter5] Gen:13 Ind:8 RMSE(val)=28.142440
[GA][Iter5] Gen:13 Ind:9 RMSE(val)=28.159383
[GA][Iter5] Gen:13 Ind:10 RMSE(val)=28.159383
[GA][Iter5] Gen:13 Ind:11 RMSE(val)=28.030374
[GA][Iter5] Gen:13 Ind:12 RMSE(val)=28.026140
[GA][Iter5] Gen:13 Ind:13 RMSE(val)=28.026140
[GA][Iter5] Gen:13 Ind:14 RMSE(val)=28.281853
[GA][Iter5] Gen:13 Ind:15 RMSE(val)=29.581496
[GA][Iter5] Gen:13 Ind:16 RMSE(val)=28.026140
[GA][Iter5] Gen:13 Ind:17 RMSE(val)=29.626141
[GA][Iter5] Gen:13 Ind:18 RMSE(val)=28.281189
[GA][Iter5] Gen:13 Ind:19 RMSE(val)=28.175177
[GA][Iter5] Gen:13 Ind:20 RMSE(val)=27.910160
[GA][Iter5] gen=13 best_val_rmse=27.910160
[GA][Iter5] Gen:14 Ind:1 RMSE(val)=27.910160
[GA][Iter5] Gen:14 Ind:2 RMSE(val)=27.958995
[GA][Iter5] Gen:14 Ind:3 RMSE(val)=28.026140
[GA][Iter5] Gen:14 Ind:4 RMSE(val)=28.026140
[GA][Iter5] Gen:14 Ind:5 RMSE(val)=28.026140
[GA][Iter5] Gen:14 Ind:6 RMSE(val)=28.026140
[GA][Iter5] Gen:14 Ind:7 RMSE(val)=28.026140
[GA][Iter5] Gen:14 Ind:8 RMSE(val)=28.026140
[GA][Iter5] Gen:14 Ind:9 RMSE(val)=28.026140
[GA][Iter5] Gen:14 Ind:10 RMSE(val)=28.030374
[GA][Iter5] Gen:14 Ind:11 RMSE(val)=28.026140
[GA][Iter5] Gen:14 Ind:12 RMSE(val)=28.690859
[GA][Iter5] Gen:14 Ind:13 RMSE(val)=28.026140
[GA][Iter5] Gen:14 Ind:14 RMSE(val)=28.026140
[GA][Iter5] Gen:14 Ind:15 RMSE(val)=28.281853
[GA][Iter5] Gen:14 Ind:16 RMSE(val)=28.030374
[GA][Iter5] Gen:14 Ind:17 RMSE(val)=28.281853
[GA][Iter5] Gen:14 Ind:18 RMSE(val)=28.030374
[GA][Iter5] Gen:14 Ind:19 RMSE(val)=28.026140
[GA][Iter5] Gen:14 Ind:20 RMSE(val)=28.026140
[GA][Iter5] gen=14 best_val_rmse=27.910160
[GA][Iter5] Gen:15 Ind:1 RMSE(val)=27.910160
[GA][Iter5] Gen:15 Ind:2 RMSE(val)=27.958995
[GA][Iter5] Gen:15 Ind:3 RMSE(val)=28.026140
[GA][Iter5] Gen:15 Ind:4 RMSE(val)=28.026140
[GA][Iter5] Gen:15 Ind:5 RMSE(val)=28.026140
[GA][Iter5] Gen:15 Ind:6 RMSE(val)=28.026140
[GA][Iter5] Gen:15 Ind:7 RMSE(val)=28.026140
[GA][Iter5] Gen:15 Ind:8 RMSE(val)=28.026140
[GA][Iter5] Gen:15 Ind:9 RMSE(val)=28.026140
[GA][Iter5] Gen:15 Ind:10 RMSE(val)=28.026140
[GA][Iter5] Gen:15 Ind:11 RMSE(val)=28.026140
[GA][Iter5] Gen:15 Ind:12 RMSE(val)=28.104625
[GA][Iter5] Gen:15 Ind:13 RMSE(val)=28.026140
[GA][Iter5] Gen:15 Ind:14 RMSE(val)=28.026140
[GA][Iter5] Gen:15 Ind:15 RMSE(val)=28.360010
[GA][Iter5] Gen:15 Ind:16 RMSE(val)=28.240499
[GA][Iter5] Gen:15 Ind:17 RMSE(val)=28.026140
[GA][Iter5] Gen:15 Ind:18 RMSE(val)=28.026140
[GA][Iter5] Gen:15 Ind:19 RMSE(val)=28.026140
[GA][Iter5] Gen:15 Ind:20 RMSE(val)=28.240499
[GA][Iter5] gen=15 best_val_rmse=27.910160
[GA][Iter5] Gen:15 Ind:1 RMSE(val)=27.910160
[GA][Iter5] Gen:15 Ind:2 RMSE(val)=27.958995
[GA][Iter5] Gen:15 Ind:3 RMSE(val)=28.026140
[GA][Iter5] Gen:15 Ind:4 RMSE(val)=28.026140
[GA][Iter5] Gen:15 Ind:5 RMSE(val)=28.026140
[GA][Iter5] Gen:15 Ind:6 RMSE(val)=28.026140
[GA][Iter5] Gen:15 Ind:7 RMSE(val)=28.026140
[GA][Iter5] Gen:15 Ind:8 RMSE(val)=28.026140
[GA][Iter5] Gen:15 Ind:9 RMSE(val)=28.026140
[GA][Iter5] Gen:15 Ind:10 RMSE(val)=28.026140
[GA][Iter5] Gen:15 Ind:11 RMSE(val)=28.026140
[GA][Iter5] Gen:15 Ind:12 RMSE(val)=28.263209
[GA][Iter5] Gen:15 Ind:13 RMSE(val)=28.026140
[GA][Iter5] Gen:15 Ind:14 RMSE(val)=28.026140
[GA][Iter5] Gen:15 Ind:15 RMSE(val)=28.026140
[GA][Iter5] Gen:15 Ind:16 RMSE(val)=28.026140
[GA][Iter5] Gen:15 Ind:17 RMSE(val)=28.191535
[GA][Iter5] Gen:15 Ind:18 RMSE(val)=28.159383
[GA][Iter5] Gen:15 Ind:19 RMSE(val)=28.026140
[GA][Iter5] Gen:15 Ind:20 RMSE(val)=28.281189

[GA DONE][Iter5] Best params on val fold of Iter5
Best val RMSE: 27.910160
Best params: {'n_estimators': 1065, 'learning_rate': 0.013040370487438183, 'num_leaves': 21, 'max_depth': 11, 'min_child_samples': 35, 'subsample': 0.9336441706563001, 'colsample_bytree': 0.6553326979563423, 'reg_lambda': 0.2267803019156093, 'reg_alpha': 1.0245319894519451}
--------------------------------------------------------------------------------
[RETUNE GA] Iter5: train folds 1..9 -> test fold 10  RMSE=21.145613  NRMSE=0.548230  CVRMSE=0.208541  R2=0.696177
