PROJECT: m2os
CSV: C:\Users\g3 15\Desktop\v9\GHAminer-main\src\project_combine\m2Gilesm2os_wf105026558_fixed.csv
[FEATURES] initial=73 kept=44
Kept features:
['workflow_event_trigger', 'issuer_name', 'gh_files_added', 'gh_files_deleted', 'gh_files_modified', 'gh_tests_deleted', 'gh_is_pr', 'gh_description_complexity', 'gh_src_files', 'gh_doc_files', 'git_num_committers', 'total_jobs', 'gh_team_size_last_3_month', 'gh_commits_on_files_touched', 'gh_num_pr_comments', 'gh_test_lines_per_kloc', 'workflow_size', 'hour', 'dow', 'month', 'secs_since_prev', 'duration_lag_1', 'duration_lag_2', 'duration_lag_6', 'duration_lag_7', 'window_avg_7', 'window_std_7', 'window_std_4', 'ft___json5_', 'ft___json5__', 'ft___sh_', 'ft___sh__', 'ft___yml____dup1', 'ft____cosmic_', 'ft____json__', 'ft____json5_', 'ft____json5__', 'ft____pub_', 'ft____py_', 'ft____py__', 'ft____sh_', 'ft____sh__', 'ft____yml__', 'ft___']
----------------------------------------------------------------------------------------------------

ITERATION 1 (Test Fold 7)
--------------------------------------------------------------------------------
RF | OLD(train 1-5) -> test fold 7 | RMSE=1432.470977 NRMSE=1.220449 R2=-0.516094 CVRMSE=0.574731
RF | RECENT(train 2-6) -> test fold 7 | RMSE=1046.119141 NRMSE=0.891282 R2=0.191432 CVRMSE=0.419720
LGBM | OLD(train 1-5) -> test fold 7 | RMSE=908.235544 NRMSE=0.773806 R2=0.390531 CVRMSE=0.364399
LGBM | RECENT(train 2-6) -> test fold 7 | RMSE=907.196231 NRMSE=0.772921 R2=0.391925 CVRMSE=0.363982
XGB | OLD(train 1-5) -> test fold 7 | RMSE=1655.228932 NRMSE=1.410236 R2=-1.024280 CVRMSE=0.664105
XGB | RECENT(train 2-6) -> test fold 7 | RMSE=857.680347 NRMSE=0.730734 R2=0.456493 CVRMSE=0.344115
GBR | OLD(train 1-5) -> test fold 7 | RMSE=1735.581768 NRMSE=1.478696 R2=-1.225587 CVRMSE=0.696344
GBR | RECENT(train 2-6) -> test fold 7 | RMSE=1140.548682 NRMSE=0.971735 R2=0.038870 CVRMSE=0.457607

ITERATION 2 (Test Fold 8)
--------------------------------------------------------------------------------
RF | OLD(train 1-5) -> test fold 8 | RMSE=683.640528 NRMSE=0.751594 R2=0.425018 CVRMSE=0.285171
RF | RECENT(train 3-7) -> test fold 8 | RMSE=509.520920 NRMSE=0.560167 R2=0.680609 CVRMSE=0.212540
LGBM | OLD(train 1-5) -> test fold 8 | RMSE=699.560166 NRMSE=0.769096 R2=0.397928 CVRMSE=0.291812
LGBM | RECENT(train 3-7) -> test fold 8 | RMSE=581.944470 NRMSE=0.639790 R2=0.583360 CVRMSE=0.242750
XGB | OLD(train 1-5) -> test fold 8 | RMSE=932.476796 NRMSE=1.025165 R2=-0.069730 CVRMSE=0.388970
XGB | RECENT(train 3-7) -> test fold 8 | RMSE=563.702704 NRMSE=0.619735 R2=0.609070 CVRMSE=0.235141
GBR | OLD(train 1-5) -> test fold 8 | RMSE=710.582341 NRMSE=0.781214 R2=0.378806 CVRMSE=0.296410
GBR | RECENT(train 3-7) -> test fold 8 | RMSE=493.047525 NRMSE=0.542056 R2=0.700928 CVRMSE=0.205668

ITERATION 3 (Test Fold 9)
--------------------------------------------------------------------------------
RF | OLD(train 1-5) -> test fold 9 | RMSE=969.434618 NRMSE=0.890389 R2=0.193050 CVRMSE=0.381828
RF | RECENT(train 4-8) -> test fold 9 | RMSE=972.268813 NRMSE=0.892992 R2=0.188325 CVRMSE=0.382944
LGBM | OLD(train 1-5) -> test fold 9 | RMSE=888.009325 NRMSE=0.815603 R2=0.322913 CVRMSE=0.349757
LGBM | RECENT(train 4-8) -> test fold 9 | RMSE=980.628874 NRMSE=0.900671 R2=0.174306 CVRMSE=0.386237
XGB | OLD(train 1-5) -> test fold 9 | RMSE=949.344787 NRMSE=0.871938 R2=0.226148 CVRMSE=0.373915
XGB | RECENT(train 4-8) -> test fold 9 | RMSE=938.103291 NRMSE=0.861613 R2=0.244367 CVRMSE=0.369488
GBR | OLD(train 1-5) -> test fold 9 | RMSE=968.794933 NRMSE=0.889802 R2=0.194114 CVRMSE=0.381576
GBR | RECENT(train 4-8) -> test fold 9 | RMSE=961.390752 NRMSE=0.883001 R2=0.206386 CVRMSE=0.378660

ITERATION 4 (Test Fold 10)
--------------------------------------------------------------------------------
RF | OLD(train 1-5) -> test fold 10 | RMSE=1400.018050 NRMSE=0.886203 R2=0.200620 CVRMSE=0.500719
RF | RECENT(train 5-9) -> test fold 10 | RMSE=965.848933 NRMSE=0.611376 R2=0.619544 CVRMSE=0.345437
LGBM | OLD(train 1-5) -> test fold 10 | RMSE=1107.886630 NRMSE=0.701285 R2=0.499417 CVRMSE=0.396237
LGBM | RECENT(train 5-9) -> test fold 10 | RMSE=1186.652711 NRMSE=0.751144 R2=0.425708 CVRMSE=0.424408
XGB | OLD(train 1-5) -> test fold 10 | RMSE=1819.511723 NRMSE=1.151740 R2=-0.350192 CVRMSE=0.650751
XGB | RECENT(train 5-9) -> test fold 10 | RMSE=1070.912059 NRMSE=0.677881 R2=0.532272 CVRMSE=0.383013
GBR | OLD(train 1-5) -> test fold 10 | RMSE=1369.998090 NRMSE=0.867200 R2=0.234534 CVRMSE=0.489982
GBR | RECENT(train 5-9) -> test fold 10 | RMSE=920.048532 NRMSE=0.582385 R2=0.654771 CVRMSE=0.329057

====================================================================================================
Mann–Whitney U tests (OLD vs RECENT) using the 4 runs per group
====================================================================================================
RF   | RMSE   | old=[1432.4709771273835, 683.6405281876592, 969.4346176970749, 1400.0180500308848] recent=[1046.1191407090757, 509.5209204630107, 972.2688125367279, 965.8489333868736] | p=0.486 | d=+0.375(medium)
RF   | NRMSE  | old=[1.220449051798251, 0.7515944088483806, 0.8903893691400646, 0.8862028010542302] recent=[0.8912816620597109, 0.560167309019103, 0.8929924708956976, 0.6113764248566693] | p=0.686 | d=+0.250(small)
RF   | R2     | old=[-0.5160940288930222, 0.42501844895549334, 0.1930497493816853, 0.20062039175013013] recent=[0.19143158814172356, 0.6806092392260521, 0.1883245263329465, 0.6195442040425037] | p=0.686 | d=-0.250(small)
RF   | CVRMSE | old=[0.5747307324398236, 0.28517124618866685, 0.38182804751783295, 0.5007186214211969] recent=[0.41972007081409834, 0.21253964599323513, 0.38294434258524096, 0.34543736519392737] | p=0.486 | d=+0.375(medium)
LGBM | RMSE   | old=[908.2355442927453, 699.5601655068367, 888.0093254018024, 1107.8866301394169] recent=[907.1962313960478, 581.9444704281, 980.6288736486115, 1186.652710982301] | p=0.886 | d=-0.125(negligible)
LGBM | NRMSE  | old=[0.7738063992503348, 0.7690964584002226, 0.8156032893825047, 0.701285411897671] recent=[0.7729209164311018, 0.639789761138809, 0.9006708737539174, 0.7511438558437958] | p=0.886 | d=+0.125(negligible)
LGBM | R2     | old=[0.3905312217735034, 0.3979279704918819, 0.32291254710466044, 0.49941660625700524] recent=[0.3919252793887219, 0.5833595804980519, 0.1743061196208434, 0.4257076026107599] | p=0.886 | d=-0.125(negligible)
LGBM | CVRMSE | old=[0.3643989218169221, 0.29181190399930984, 0.3497573335077131, 0.39623736716976377] recent=[0.3639819325222762, 0.24275013402808496, 0.38623709255848127, 0.424408177834333] | p=0.886 | d=-0.125(negligible)
XGB  | RMSE   | old=[1655.228931637035, 932.4767960541972, 949.3447869203457, 1819.5117231199138] recent=[857.680346782378, 563.702704168964, 938.103290662887, 1070.9120585922692] | p=0.2 | d=+0.625(large)
XGB  | NRMSE  | old=[1.4102363066206893, 1.0251650061665223, 0.8719376123893973, 1.1517397118875041] recent=[0.7307339434378396, 0.6197347629890766, 0.8616127193247712, 0.6778807358850014] | p=0.0286 | d=+1.000(large)
XGB  | R2     | old=[-1.0242801269488622, -0.06973049147319887, 0.22614845724533184, -0.3501919418661881] recent=[0.4564926879061375, 0.6090704096775672, 0.24436679907451897, 0.5322719527002233] | p=0.0286 | d=-1.000(large)
XGB  | CVRMSE | old=[0.6641048589640947, 0.388969873798642, 0.3739153314662187, 0.6507511825581188] recent=[0.34411535156823175, 0.23514083205970865, 0.3694876800405238, 0.3830133544562714] | p=0.0571 | d=+0.875(large)
GBR  | RMSE   | old=[1735.5817681289388, 710.5823412275823, 968.7949325888816, 1369.9980900079038] recent=[1140.5486821727184, 493.04752540112065, 961.3907516747612, 920.0485318622058] | p=0.343 | d=+0.500(large)
GBR  | NRMSE  | old=[1.4786960134292018, 0.7812142385836449, 0.8898018423388394, 0.8672003512934469] recent=[0.9717345621053067, 0.542056458195074, 0.8830013796229695, 0.5823850528385203] | p=0.486 | d=+0.375(medium)
GBR  | R2     | old=[-1.2255872912051893, 0.378806176174072, 0.19411433639487852, 0.2345343284078888] recent=[0.03887001118161515, 0.7009279174884586, 0.2063855022193598, 0.6547710011272432] | p=0.486 | d=-0.375(medium)
GBR  | CVRMSE | old=[0.6963437282382346, 0.2964096530448911, 0.38157609683294, 0.4899819362781055] recent=[0.4576067438398862, 0.20566799575445951, 0.3786598362720955, 0.3290567807354177] | p=0.343 | d=+0.500(large)
