=== BASELINE (project=m2os, last-7 mean, expanding folds) ===
Iter1: train folds 1..5 -> test fold 6  RMSE=975.9472  NRMSE=1.0243  CVRMSE=0.4191  R˛=-0.0678
Iter2: train folds 1..6 -> test fold 7  RMSE=1171.3455  NRMSE=0.9980  CVRMSE=0.4700  R˛=-0.0137
Iter3: train folds 1..7 -> test fold 8  RMSE=876.9831  NRMSE=0.9642  CVRMSE=0.3658  R˛=0.0538
Iter4: train folds 1..8 -> test fold 9  RMSE=948.5572  NRMSE=0.8712  CVRMSE=0.3736  R˛=0.2274
Iter5: train folds 1..9 -> test fold 10  RMSE=1778.6159  NRMSE=1.1259  CVRMSE=0.6361  R˛=-0.2902
--------------------------------------------------
[FEATURES] initial=73 kept_after_screening=44
['workflow_event_trigger', 'issuer_name', 'gh_files_added', 'gh_files_deleted', 'gh_files_modified', 'gh_tests_deleted', 'gh_is_pr', 'gh_description_complexity', 'gh_src_files', 'gh_doc_files', 'git_num_committers', 'total_jobs', 'gh_team_size_last_3_month', 'gh_commits_on_files_touched', 'gh_num_pr_comments', 'gh_test_lines_per_kloc', 'workflow_size', 'hour', 'dow', 'month', 'secs_since_prev', 'duration_lag_1', 'duration_lag_2', 'duration_lag_6', 'duration_lag_7', 'window_avg_7', 'window_std_7', 'window_std_4', 'ft___json5_', 'ft___json5__', 'ft___sh_', 'ft___sh__', 'ft___yml____dup1', 'ft____cosmic_', 'ft____json__', 'ft____json5_', 'ft____json5__', 'ft____pub_', 'ft____py_', 'ft____py__', 'ft____sh_', 'ft____sh__', 'ft____yml__', 'ft___']
--------------------------------------------------------------------------------
[GA][Iter1] Gen:1 Ind:1 RMSE(val)=661.816655
[GA][Iter1] Gen:1 Ind:2 RMSE(val)=569.332977
[GA][Iter1] Gen:1 Ind:3 RMSE(val)=706.143021
[GA][Iter1] Gen:1 Ind:4 RMSE(val)=778.600354
[GA][Iter1] Gen:1 Ind:5 RMSE(val)=723.569971
[GA][Iter1] Gen:1 Ind:6 RMSE(val)=675.898890
[GA][Iter1] Gen:1 Ind:7 RMSE(val)=787.450988
[GA][Iter1] Gen:1 Ind:8 RMSE(val)=532.369049
[GA][Iter1] Gen:1 Ind:9 RMSE(val)=543.910135
[GA][Iter1] Gen:1 Ind:10 RMSE(val)=603.030865
[GA][Iter1] Gen:1 Ind:11 RMSE(val)=770.595308
[GA][Iter1] Gen:1 Ind:12 RMSE(val)=526.627708
[GA][Iter1] Gen:1 Ind:13 RMSE(val)=747.015096
[GA][Iter1] Gen:1 Ind:14 RMSE(val)=625.039255
[GA][Iter1] Gen:1 Ind:15 RMSE(val)=544.837790
[GA][Iter1] Gen:1 Ind:16 RMSE(val)=766.892415
[GA][Iter1] Gen:1 Ind:17 RMSE(val)=542.432003
[GA][Iter1] Gen:1 Ind:18 RMSE(val)=629.919468
[GA][Iter1] Gen:1 Ind:19 RMSE(val)=755.300188
[GA][Iter1] Gen:1 Ind:20 RMSE(val)=668.801447
[GA][Iter1] gen=1 best_val_rmse=526.627708
[GA][Iter1] Gen:2 Ind:1 RMSE(val)=526.627708
[GA][Iter1] Gen:2 Ind:2 RMSE(val)=532.369049
[GA][Iter1] Gen:2 Ind:3 RMSE(val)=542.432003
[GA][Iter1] Gen:2 Ind:4 RMSE(val)=543.910135
[GA][Iter1] Gen:2 Ind:5 RMSE(val)=544.837790
[GA][Iter1] Gen:2 Ind:6 RMSE(val)=569.332977
[GA][Iter1] Gen:2 Ind:7 RMSE(val)=603.030865
[GA][Iter1] Gen:2 Ind:8 RMSE(val)=625.039255
[GA][Iter1] Gen:2 Ind:9 RMSE(val)=629.919468
[GA][Iter1] Gen:2 Ind:10 RMSE(val)=661.816655
[GA][Iter1] Gen:2 Ind:11 RMSE(val)=560.192143
[GA][Iter1] Gen:2 Ind:12 RMSE(val)=549.986811
[GA][Iter1] Gen:2 Ind:13 RMSE(val)=561.440997
[GA][Iter1] Gen:2 Ind:14 RMSE(val)=561.280554
[GA][Iter1] Gen:2 Ind:15 RMSE(val)=612.945730
[GA][Iter1] Gen:2 Ind:16 RMSE(val)=650.111328
[GA][Iter1] Gen:2 Ind:17 RMSE(val)=587.750259
[GA][Iter1] Gen:2 Ind:18 RMSE(val)=641.761288
[GA][Iter1] Gen:2 Ind:19 RMSE(val)=574.064305
[GA][Iter1] Gen:2 Ind:20 RMSE(val)=621.578003
[GA][Iter1] gen=2 best_val_rmse=526.627708
[GA][Iter1] Gen:3 Ind:1 RMSE(val)=526.627708
[GA][Iter1] Gen:3 Ind:2 RMSE(val)=532.369049
[GA][Iter1] Gen:3 Ind:3 RMSE(val)=542.432003
[GA][Iter1] Gen:3 Ind:4 RMSE(val)=543.910135
[GA][Iter1] Gen:3 Ind:5 RMSE(val)=544.837790
[GA][Iter1] Gen:3 Ind:6 RMSE(val)=549.986811
[GA][Iter1] Gen:3 Ind:7 RMSE(val)=560.192143
[GA][Iter1] Gen:3 Ind:8 RMSE(val)=561.280554
[GA][Iter1] Gen:3 Ind:9 RMSE(val)=561.440997
[GA][Iter1] Gen:3 Ind:10 RMSE(val)=569.332977
[GA][Iter1] Gen:3 Ind:11 RMSE(val)=542.104599
[GA][Iter1] Gen:3 Ind:12 RMSE(val)=553.610997
[GA][Iter1] Gen:3 Ind:13 RMSE(val)=548.627546
[GA][Iter1] Gen:3 Ind:14 RMSE(val)=559.344496
[GA][Iter1] Gen:3 Ind:15 RMSE(val)=534.713890
[GA][Iter1] Gen:3 Ind:16 RMSE(val)=521.965541
[GA][Iter1] Gen:3 Ind:17 RMSE(val)=525.012830
[GA][Iter1] Gen:3 Ind:18 RMSE(val)=557.879910
[GA][Iter1] Gen:3 Ind:19 RMSE(val)=543.041746
[GA][Iter1] Gen:3 Ind:20 RMSE(val)=528.689383
[GA][Iter1] gen=3 best_val_rmse=521.965541
[GA][Iter1] Gen:4 Ind:1 RMSE(val)=521.965541
[GA][Iter1] Gen:4 Ind:2 RMSE(val)=525.012830
[GA][Iter1] Gen:4 Ind:3 RMSE(val)=526.627708
[GA][Iter1] Gen:4 Ind:4 RMSE(val)=528.689383
[GA][Iter1] Gen:4 Ind:5 RMSE(val)=532.369049
[GA][Iter1] Gen:4 Ind:6 RMSE(val)=534.713890
[GA][Iter1] Gen:4 Ind:7 RMSE(val)=542.104599
[GA][Iter1] Gen:4 Ind:8 RMSE(val)=542.432003
[GA][Iter1] Gen:4 Ind:9 RMSE(val)=543.041746
[GA][Iter1] Gen:4 Ind:10 RMSE(val)=543.910135
[GA][Iter1] Gen:4 Ind:11 RMSE(val)=543.590230
[GA][Iter1] Gen:4 Ind:12 RMSE(val)=538.261711
[GA][Iter1] Gen:4 Ind:13 RMSE(val)=561.336120
[GA][Iter1] Gen:4 Ind:14 RMSE(val)=543.263495
[GA][Iter1] Gen:4 Ind:15 RMSE(val)=559.925501
[GA][Iter1] Gen:4 Ind:16 RMSE(val)=561.403864
[GA][Iter1] Gen:4 Ind:17 RMSE(val)=585.423766
[GA][Iter1] Gen:4 Ind:18 RMSE(val)=519.169426
[GA][Iter1] Gen:4 Ind:19 RMSE(val)=536.008260
[GA][Iter1] Gen:4 Ind:20 RMSE(val)=551.068148
[GA][Iter1] gen=4 best_val_rmse=519.169426
[GA][Iter1] Gen:5 Ind:1 RMSE(val)=519.169426
[GA][Iter1] Gen:5 Ind:2 RMSE(val)=521.965541
[GA][Iter1] Gen:5 Ind:3 RMSE(val)=525.012830
[GA][Iter1] Gen:5 Ind:4 RMSE(val)=526.627708
[GA][Iter1] Gen:5 Ind:5 RMSE(val)=528.689383
[GA][Iter1] Gen:5 Ind:6 RMSE(val)=532.369049
[GA][Iter1] Gen:5 Ind:7 RMSE(val)=534.713890
[GA][Iter1] Gen:5 Ind:8 RMSE(val)=536.008260
[GA][Iter1] Gen:5 Ind:9 RMSE(val)=538.261711
[GA][Iter1] Gen:5 Ind:10 RMSE(val)=542.104599
[GA][Iter1] Gen:5 Ind:11 RMSE(val)=537.370995
[GA][Iter1] Gen:5 Ind:12 RMSE(val)=522.089780
[GA][Iter1] Gen:5 Ind:13 RMSE(val)=541.544193
[GA][Iter1] Gen:5 Ind:14 RMSE(val)=540.985354
[GA][Iter1] Gen:5 Ind:15 RMSE(val)=537.454506
[GA][Iter1] Gen:5 Ind:16 RMSE(val)=535.767399
[GA][Iter1] Gen:5 Ind:17 RMSE(val)=545.589309
[GA][Iter1] Gen:5 Ind:18 RMSE(val)=542.313721
[GA][Iter1] Gen:5 Ind:19 RMSE(val)=507.807669
[GA][Iter1] Gen:5 Ind:20 RMSE(val)=542.534327
[GA][Iter1] gen=5 best_val_rmse=507.807669
[GA][Iter1] Gen:6 Ind:1 RMSE(val)=507.807669
[GA][Iter1] Gen:6 Ind:2 RMSE(val)=519.169426
[GA][Iter1] Gen:6 Ind:3 RMSE(val)=521.965541
[GA][Iter1] Gen:6 Ind:4 RMSE(val)=522.089780
[GA][Iter1] Gen:6 Ind:5 RMSE(val)=525.012830
[GA][Iter1] Gen:6 Ind:6 RMSE(val)=526.627708
[GA][Iter1] Gen:6 Ind:7 RMSE(val)=528.689383
[GA][Iter1] Gen:6 Ind:8 RMSE(val)=532.369049
[GA][Iter1] Gen:6 Ind:9 RMSE(val)=534.713890
[GA][Iter1] Gen:6 Ind:10 RMSE(val)=535.767399
[GA][Iter1] Gen:6 Ind:11 RMSE(val)=582.008361
[GA][Iter1] Gen:6 Ind:12 RMSE(val)=523.071469
[GA][Iter1] Gen:6 Ind:13 RMSE(val)=538.945647
[GA][Iter1] Gen:6 Ind:14 RMSE(val)=547.614878
[GA][Iter1] Gen:6 Ind:15 RMSE(val)=528.318566
[GA][Iter1] Gen:6 Ind:16 RMSE(val)=538.109393
[GA][Iter1] Gen:6 Ind:17 RMSE(val)=533.990221
[GA][Iter1] Gen:6 Ind:18 RMSE(val)=621.474029
[GA][Iter1] Gen:6 Ind:19 RMSE(val)=548.888906
[GA][Iter1] Gen:6 Ind:20 RMSE(val)=530.401125
[GA][Iter1] gen=6 best_val_rmse=507.807669
[GA][Iter1] Gen:7 Ind:1 RMSE(val)=507.807669
[GA][Iter1] Gen:7 Ind:2 RMSE(val)=519.169426
[GA][Iter1] Gen:7 Ind:3 RMSE(val)=521.965541
[GA][Iter1] Gen:7 Ind:4 RMSE(val)=522.089780
[GA][Iter1] Gen:7 Ind:5 RMSE(val)=523.071469
[GA][Iter1] Gen:7 Ind:6 RMSE(val)=525.012830
[GA][Iter1] Gen:7 Ind:7 RMSE(val)=526.627708
[GA][Iter1] Gen:7 Ind:8 RMSE(val)=528.318566
[GA][Iter1] Gen:7 Ind:9 RMSE(val)=528.689383
[GA][Iter1] Gen:7 Ind:10 RMSE(val)=530.401125
[GA][Iter1] Gen:7 Ind:11 RMSE(val)=526.786384
[GA][Iter1] Gen:7 Ind:12 RMSE(val)=538.020683
[GA][Iter1] Gen:7 Ind:13 RMSE(val)=578.739482
[GA][Iter1] Gen:7 Ind:14 RMSE(val)=549.473170
[GA][Iter1] Gen:7 Ind:15 RMSE(val)=527.773552
[GA][Iter1] Gen:7 Ind:16 RMSE(val)=517.682117
[GA][Iter1] Gen:7 Ind:17 RMSE(val)=548.905995
[GA][Iter1] Gen:7 Ind:18 RMSE(val)=528.622294
[GA][Iter1] Gen:7 Ind:19 RMSE(val)=525.984477
[GA][Iter1] Gen:7 Ind:20 RMSE(val)=523.235285
[GA][Iter1] gen=7 best_val_rmse=507.807669
[GA][Iter1] Gen:8 Ind:1 RMSE(val)=507.807669
[GA][Iter1] Gen:8 Ind:2 RMSE(val)=517.682117
[GA][Iter1] Gen:8 Ind:3 RMSE(val)=519.169426
[GA][Iter1] Gen:8 Ind:4 RMSE(val)=521.965541
[GA][Iter1] Gen:8 Ind:5 RMSE(val)=522.089780
[GA][Iter1] Gen:8 Ind:6 RMSE(val)=523.071469
[GA][Iter1] Gen:8 Ind:7 RMSE(val)=523.235285
[GA][Iter1] Gen:8 Ind:8 RMSE(val)=525.012830
[GA][Iter1] Gen:8 Ind:9 RMSE(val)=525.984477
[GA][Iter1] Gen:8 Ind:10 RMSE(val)=526.627708
[GA][Iter1] Gen:8 Ind:11 RMSE(val)=530.203974
[GA][Iter1] Gen:8 Ind:12 RMSE(val)=527.084025
[GA][Iter1] Gen:8 Ind:13 RMSE(val)=544.675538
[GA][Iter1] Gen:8 Ind:14 RMSE(val)=527.011761
[GA][Iter1] Gen:8 Ind:15 RMSE(val)=523.068696
[GA][Iter1] Gen:8 Ind:16 RMSE(val)=522.681974
[GA][Iter1] Gen:8 Ind:17 RMSE(val)=525.479333
[GA][Iter1] Gen:8 Ind:18 RMSE(val)=523.068696
[GA][Iter1] Gen:8 Ind:19 RMSE(val)=555.430062
[GA][Iter1] Gen:8 Ind:20 RMSE(val)=534.518020
[GA][Iter1] gen=8 best_val_rmse=507.807669
[GA][Iter1] Gen:9 Ind:1 RMSE(val)=507.807669
[GA][Iter1] Gen:9 Ind:2 RMSE(val)=517.682117
[GA][Iter1] Gen:9 Ind:3 RMSE(val)=519.169426
[GA][Iter1] Gen:9 Ind:4 RMSE(val)=521.965541
[GA][Iter1] Gen:9 Ind:5 RMSE(val)=522.089780
[GA][Iter1] Gen:9 Ind:6 RMSE(val)=522.681974
[GA][Iter1] Gen:9 Ind:7 RMSE(val)=523.068696
[GA][Iter1] Gen:9 Ind:8 RMSE(val)=523.068696
[GA][Iter1] Gen:9 Ind:9 RMSE(val)=523.071469
[GA][Iter1] Gen:9 Ind:10 RMSE(val)=523.235285
[GA][Iter1] Gen:9 Ind:11 RMSE(val)=523.068696
[GA][Iter1] Gen:9 Ind:12 RMSE(val)=523.071469
[GA][Iter1] Gen:9 Ind:13 RMSE(val)=519.930074
[GA][Iter1] Gen:9 Ind:14 RMSE(val)=522.972753
[GA][Iter1] Gen:9 Ind:15 RMSE(val)=527.375731
[GA][Iter1] Gen:9 Ind:16 RMSE(val)=539.293291
[GA][Iter1] Gen:9 Ind:17 RMSE(val)=512.982595
[GA][Iter1] Gen:9 Ind:18 RMSE(val)=522.681974
[GA][Iter1] Gen:9 Ind:19 RMSE(val)=521.272891
[GA][Iter1] Gen:9 Ind:20 RMSE(val)=568.162392
[GA][Iter1] gen=9 best_val_rmse=507.807669
[GA][Iter1] Gen:10 Ind:1 RMSE(val)=507.807669
[GA][Iter1] Gen:10 Ind:2 RMSE(val)=512.982595
[GA][Iter1] Gen:10 Ind:3 RMSE(val)=517.682117
[GA][Iter1] Gen:10 Ind:4 RMSE(val)=519.169426
[GA][Iter1] Gen:10 Ind:5 RMSE(val)=519.930074
[GA][Iter1] Gen:10 Ind:6 RMSE(val)=521.272891
[GA][Iter1] Gen:10 Ind:7 RMSE(val)=521.965541
[GA][Iter1] Gen:10 Ind:8 RMSE(val)=522.089780
[GA][Iter1] Gen:10 Ind:9 RMSE(val)=522.681974
[GA][Iter1] Gen:10 Ind:10 RMSE(val)=522.681974
[GA][Iter1] Gen:10 Ind:11 RMSE(val)=530.124500
[GA][Iter1] Gen:10 Ind:12 RMSE(val)=550.299623
[GA][Iter1] Gen:10 Ind:13 RMSE(val)=517.682117
[GA][Iter1] Gen:10 Ind:14 RMSE(val)=525.133077
[GA][Iter1] Gen:10 Ind:15 RMSE(val)=511.342800
[GA][Iter1] Gen:10 Ind:16 RMSE(val)=537.329811
[GA][Iter1] Gen:10 Ind:17 RMSE(val)=536.082603
[GA][Iter1] Gen:10 Ind:18 RMSE(val)=529.118971
[GA][Iter1] Gen:10 Ind:19 RMSE(val)=538.033031
[GA][Iter1] Gen:10 Ind:20 RMSE(val)=513.046655
[GA][Iter1] gen=10 best_val_rmse=507.807669
[GA][Iter1] Gen:11 Ind:1 RMSE(val)=507.807669
[GA][Iter1] Gen:11 Ind:2 RMSE(val)=511.342800
[GA][Iter1] Gen:11 Ind:3 RMSE(val)=512.982595
[GA][Iter1] Gen:11 Ind:4 RMSE(val)=513.046655
[GA][Iter1] Gen:11 Ind:5 RMSE(val)=517.682117
[GA][Iter1] Gen:11 Ind:6 RMSE(val)=517.682117
[GA][Iter1] Gen:11 Ind:7 RMSE(val)=519.169426
[GA][Iter1] Gen:11 Ind:8 RMSE(val)=519.930074
[GA][Iter1] Gen:11 Ind:9 RMSE(val)=521.272891
[GA][Iter1] Gen:11 Ind:10 RMSE(val)=521.965541
[GA][Iter1] Gen:11 Ind:11 RMSE(val)=519.961011
[GA][Iter1] Gen:11 Ind:12 RMSE(val)=504.400916
[GA][Iter1] Gen:11 Ind:13 RMSE(val)=542.071056
[GA][Iter1] Gen:11 Ind:14 RMSE(val)=521.965541
[GA][Iter1] Gen:11 Ind:15 RMSE(val)=520.165158
[GA][Iter1] Gen:11 Ind:16 RMSE(val)=517.738743
[GA][Iter1] Gen:11 Ind:17 RMSE(val)=517.477262
[GA][Iter1] Gen:11 Ind:18 RMSE(val)=524.318991
[GA][Iter1] Gen:11 Ind:19 RMSE(val)=530.207409
[GA][Iter1] Gen:11 Ind:20 RMSE(val)=517.942911
[GA][Iter1] gen=11 best_val_rmse=504.400916
[GA][Iter1] Gen:12 Ind:1 RMSE(val)=504.400916
[GA][Iter1] Gen:12 Ind:2 RMSE(val)=507.807669
[GA][Iter1] Gen:12 Ind:3 RMSE(val)=511.342800
[GA][Iter1] Gen:12 Ind:4 RMSE(val)=512.982595
[GA][Iter1] Gen:12 Ind:5 RMSE(val)=513.046655
[GA][Iter1] Gen:12 Ind:6 RMSE(val)=517.477262
[GA][Iter1] Gen:12 Ind:7 RMSE(val)=517.682117
[GA][Iter1] Gen:12 Ind:8 RMSE(val)=517.682117
[GA][Iter1] Gen:12 Ind:9 RMSE(val)=517.738743
[GA][Iter1] Gen:12 Ind:10 RMSE(val)=517.942911
[GA][Iter1] Gen:12 Ind:11 RMSE(val)=528.171791
[GA][Iter1] Gen:12 Ind:12 RMSE(val)=519.302563
[GA][Iter1] Gen:12 Ind:13 RMSE(val)=511.342800
[GA][Iter1] Gen:12 Ind:14 RMSE(val)=524.464204
[GA][Iter1] Gen:12 Ind:15 RMSE(val)=521.054887
[GA][Iter1] Gen:12 Ind:16 RMSE(val)=561.549447
[GA][Iter1] Gen:12 Ind:17 RMSE(val)=517.477262
[GA][Iter1] Gen:12 Ind:18 RMSE(val)=537.633559
[GA][Iter1] Gen:12 Ind:19 RMSE(val)=517.682117
[GA][Iter1] Gen:12 Ind:20 RMSE(val)=533.620183
[GA][Iter1] gen=12 best_val_rmse=504.400916
[GA][Iter1] Gen:13 Ind:1 RMSE(val)=504.400916
[GA][Iter1] Gen:13 Ind:2 RMSE(val)=507.807669
[GA][Iter1] Gen:13 Ind:3 RMSE(val)=511.342800
[GA][Iter1] Gen:13 Ind:4 RMSE(val)=511.342800
[GA][Iter1] Gen:13 Ind:5 RMSE(val)=512.982595
[GA][Iter1] Gen:13 Ind:6 RMSE(val)=513.046655
[GA][Iter1] Gen:13 Ind:7 RMSE(val)=517.477262
[GA][Iter1] Gen:13 Ind:8 RMSE(val)=517.477262
[GA][Iter1] Gen:13 Ind:9 RMSE(val)=517.682117
[GA][Iter1] Gen:13 Ind:10 RMSE(val)=517.682117
[GA][Iter1] Gen:13 Ind:11 RMSE(val)=532.924535
[GA][Iter1] Gen:13 Ind:12 RMSE(val)=529.005070
[GA][Iter1] Gen:13 Ind:13 RMSE(val)=549.755825
[GA][Iter1] Gen:13 Ind:14 RMSE(val)=536.277888
[GA][Iter1] Gen:13 Ind:15 RMSE(val)=514.452846
[GA][Iter1] Gen:13 Ind:16 RMSE(val)=545.902433
[GA][Iter1] Gen:13 Ind:17 RMSE(val)=572.854972
[GA][Iter1] Gen:13 Ind:18 RMSE(val)=514.419567
[GA][Iter1] Gen:13 Ind:19 RMSE(val)=513.046655
[GA][Iter1] Gen:13 Ind:20 RMSE(val)=517.682117
[GA][Iter1] gen=13 best_val_rmse=504.400916
[GA][Iter1] Gen:14 Ind:1 RMSE(val)=504.400916
[GA][Iter1] Gen:14 Ind:2 RMSE(val)=507.807669
[GA][Iter1] Gen:14 Ind:3 RMSE(val)=511.342800
[GA][Iter1] Gen:14 Ind:4 RMSE(val)=511.342800
[GA][Iter1] Gen:14 Ind:5 RMSE(val)=512.982595
[GA][Iter1] Gen:14 Ind:6 RMSE(val)=513.046655
[GA][Iter1] Gen:14 Ind:7 RMSE(val)=513.046655
[GA][Iter1] Gen:14 Ind:8 RMSE(val)=514.419567
[GA][Iter1] Gen:14 Ind:9 RMSE(val)=514.452846
[GA][Iter1] Gen:14 Ind:10 RMSE(val)=517.477262
[GA][Iter1] Gen:14 Ind:11 RMSE(val)=512.982595
[GA][Iter1] Gen:14 Ind:12 RMSE(val)=510.533475
[GA][Iter1] Gen:14 Ind:13 RMSE(val)=526.981332
[GA][Iter1] Gen:14 Ind:14 RMSE(val)=521.272891
[GA][Iter1] Gen:14 Ind:15 RMSE(val)=537.329811
[GA][Iter1] Gen:14 Ind:16 RMSE(val)=510.347339
[GA][Iter1] Gen:14 Ind:17 RMSE(val)=511.342800
[GA][Iter1] Gen:14 Ind:18 RMSE(val)=528.071829
[GA][Iter1] Gen:14 Ind:19 RMSE(val)=539.356513
[GA][Iter1] Gen:14 Ind:20 RMSE(val)=514.419567
[GA][Iter1] gen=14 best_val_rmse=504.400916
[GA][Iter1] Gen:15 Ind:1 RMSE(val)=504.400916
[GA][Iter1] Gen:15 Ind:2 RMSE(val)=507.807669
[GA][Iter1] Gen:15 Ind:3 RMSE(val)=510.347339
[GA][Iter1] Gen:15 Ind:4 RMSE(val)=510.533475
[GA][Iter1] Gen:15 Ind:5 RMSE(val)=511.342800
[GA][Iter1] Gen:15 Ind:6 RMSE(val)=511.342800
[GA][Iter1] Gen:15 Ind:7 RMSE(val)=511.342800
[GA][Iter1] Gen:15 Ind:8 RMSE(val)=512.982595
[GA][Iter1] Gen:15 Ind:9 RMSE(val)=512.982595
[GA][Iter1] Gen:15 Ind:10 RMSE(val)=513.046655
[GA][Iter1] Gen:15 Ind:11 RMSE(val)=525.133077
[GA][Iter1] Gen:15 Ind:12 RMSE(val)=521.421456
[GA][Iter1] Gen:15 Ind:13 RMSE(val)=510.533475
[GA][Iter1] Gen:15 Ind:14 RMSE(val)=537.914510
[GA][Iter1] Gen:15 Ind:15 RMSE(val)=510.360744
[GA][Iter1] Gen:15 Ind:16 RMSE(val)=534.742086
[GA][Iter1] Gen:15 Ind:17 RMSE(val)=511.153274
[GA][Iter1] Gen:15 Ind:18 RMSE(val)=511.342800
[GA][Iter1] Gen:15 Ind:19 RMSE(val)=511.342800
[GA][Iter1] Gen:15 Ind:20 RMSE(val)=517.131761
[GA][Iter1] gen=15 best_val_rmse=504.400916
[GA][Iter1] Gen:15 Ind:1 RMSE(val)=504.400916
[GA][Iter1] Gen:15 Ind:2 RMSE(val)=507.807669
[GA][Iter1] Gen:15 Ind:3 RMSE(val)=510.347339
[GA][Iter1] Gen:15 Ind:4 RMSE(val)=510.360744
[GA][Iter1] Gen:15 Ind:5 RMSE(val)=510.533475
[GA][Iter1] Gen:15 Ind:6 RMSE(val)=510.533475
[GA][Iter1] Gen:15 Ind:7 RMSE(val)=511.153274
[GA][Iter1] Gen:15 Ind:8 RMSE(val)=511.342800
[GA][Iter1] Gen:15 Ind:9 RMSE(val)=511.342800
[GA][Iter1] Gen:15 Ind:10 RMSE(val)=511.342800
[GA][Iter1] Gen:15 Ind:11 RMSE(val)=511.342800
[GA][Iter1] Gen:15 Ind:12 RMSE(val)=512.444286
[GA][Iter1] Gen:15 Ind:13 RMSE(val)=511.342800
[GA][Iter1] Gen:15 Ind:14 RMSE(val)=537.058413
[GA][Iter1] Gen:15 Ind:15 RMSE(val)=522.479417
[GA][Iter1] Gen:15 Ind:16 RMSE(val)=534.483285
[GA][Iter1] Gen:15 Ind:17 RMSE(val)=528.865923
[GA][Iter1] Gen:15 Ind:18 RMSE(val)=523.715366
[GA][Iter1] Gen:15 Ind:19 RMSE(val)=526.979158
[GA][Iter1] Gen:15 Ind:20 RMSE(val)=512.982595

[GA DONE][Iter1] Best params on val fold of Iter1
Best val RMSE: 504.400916
Best params: {'n_estimators': 559, 'learning_rate': 0.07056977664783903, 'max_depth': 4, 'min_child_weight': 0.5927082810694833, 'subsample': 0.7270432685133267, 'colsample_bytree': 0.9941285515775249, 'reg_lambda': 14.196936787893716, 'reg_alpha': 0.03492270465962297, 'gamma': 0.023823296873124615}
--------------------------------------------------------------------------------
[RETUNE GA] Iter1: train folds 1..5 -> test fold 6  RMSE=584.977806  NRMSE=0.613934  CVRMSE=0.251186  R2=0.616355
[GA][Iter2] Gen:1 Ind:1 RMSE(val)=780.170221
[GA][Iter2] Gen:1 Ind:2 RMSE(val)=649.444811
[GA][Iter2] Gen:1 Ind:3 RMSE(val)=819.946668
[GA][Iter2] Gen:1 Ind:4 RMSE(val)=958.117543
[GA][Iter2] Gen:1 Ind:5 RMSE(val)=858.463374
[GA][Iter2] Gen:1 Ind:6 RMSE(val)=784.776960
[GA][Iter2] Gen:1 Ind:7 RMSE(val)=955.956348
[GA][Iter2] Gen:1 Ind:8 RMSE(val)=606.679221
[GA][Iter2] Gen:1 Ind:9 RMSE(val)=606.775335
[GA][Iter2] Gen:1 Ind:10 RMSE(val)=700.961755
[GA][Iter2] Gen:1 Ind:11 RMSE(val)=960.869294
[GA][Iter2] Gen:1 Ind:12 RMSE(val)=647.801896
[GA][Iter2] Gen:1 Ind:13 RMSE(val)=928.492965
[GA][Iter2] Gen:1 Ind:14 RMSE(val)=750.675698
[GA][Iter2] Gen:1 Ind:15 RMSE(val)=634.975730
[GA][Iter2] Gen:1 Ind:16 RMSE(val)=946.571938
[GA][Iter2] Gen:1 Ind:17 RMSE(val)=611.441599
[GA][Iter2] Gen:1 Ind:18 RMSE(val)=672.950395
[GA][Iter2] Gen:1 Ind:19 RMSE(val)=801.227082
[GA][Iter2] Gen:1 Ind:20 RMSE(val)=768.101555
[GA][Iter2] gen=1 best_val_rmse=606.679221
[GA][Iter2] Gen:2 Ind:1 RMSE(val)=606.679221
[GA][Iter2] Gen:2 Ind:2 RMSE(val)=606.775335
[GA][Iter2] Gen:2 Ind:3 RMSE(val)=611.441599
[GA][Iter2] Gen:2 Ind:4 RMSE(val)=634.975730
[GA][Iter2] Gen:2 Ind:5 RMSE(val)=647.801896
[GA][Iter2] Gen:2 Ind:6 RMSE(val)=649.444811
[GA][Iter2] Gen:2 Ind:7 RMSE(val)=672.950395
[GA][Iter2] Gen:2 Ind:8 RMSE(val)=700.961755
[GA][Iter2] Gen:2 Ind:9 RMSE(val)=750.675698
[GA][Iter2] Gen:2 Ind:10 RMSE(val)=768.101555
[GA][Iter2] Gen:2 Ind:11 RMSE(val)=617.132936
[GA][Iter2] Gen:2 Ind:12 RMSE(val)=636.937345
[GA][Iter2] Gen:2 Ind:13 RMSE(val)=627.233995
[GA][Iter2] Gen:2 Ind:14 RMSE(val)=603.634291
[GA][Iter2] Gen:2 Ind:15 RMSE(val)=678.047070
[GA][Iter2] Gen:2 Ind:16 RMSE(val)=672.695873
[GA][Iter2] Gen:2 Ind:17 RMSE(val)=617.827221
[GA][Iter2] Gen:2 Ind:18 RMSE(val)=781.022533
[GA][Iter2] Gen:2 Ind:19 RMSE(val)=603.582128
[GA][Iter2] Gen:2 Ind:20 RMSE(val)=704.424956
[GA][Iter2] gen=2 best_val_rmse=603.582128
[GA][Iter2] Gen:3 Ind:1 RMSE(val)=603.582128
[GA][Iter2] Gen:3 Ind:2 RMSE(val)=603.634291
[GA][Iter2] Gen:3 Ind:3 RMSE(val)=606.679221
[GA][Iter2] Gen:3 Ind:4 RMSE(val)=606.775335
[GA][Iter2] Gen:3 Ind:5 RMSE(val)=611.441599
[GA][Iter2] Gen:3 Ind:6 RMSE(val)=617.132936
[GA][Iter2] Gen:3 Ind:7 RMSE(val)=617.827221
[GA][Iter2] Gen:3 Ind:8 RMSE(val)=627.233995
[GA][Iter2] Gen:3 Ind:9 RMSE(val)=634.975730
[GA][Iter2] Gen:3 Ind:10 RMSE(val)=636.937345
[GA][Iter2] Gen:3 Ind:11 RMSE(val)=593.350018
[GA][Iter2] Gen:3 Ind:12 RMSE(val)=621.875868
[GA][Iter2] Gen:3 Ind:13 RMSE(val)=600.420393
[GA][Iter2] Gen:3 Ind:14 RMSE(val)=601.012565
[GA][Iter2] Gen:3 Ind:15 RMSE(val)=611.466277
[GA][Iter2] Gen:3 Ind:16 RMSE(val)=574.105026
[GA][Iter2] Gen:3 Ind:17 RMSE(val)=613.048530
[GA][Iter2] Gen:3 Ind:18 RMSE(val)=625.507895
[GA][Iter2] Gen:3 Ind:19 RMSE(val)=615.273553
[GA][Iter2] Gen:3 Ind:20 RMSE(val)=579.295162
[GA][Iter2] gen=3 best_val_rmse=574.105026
[GA][Iter2] Gen:4 Ind:1 RMSE(val)=574.105026
[GA][Iter2] Gen:4 Ind:2 RMSE(val)=579.295162
[GA][Iter2] Gen:4 Ind:3 RMSE(val)=593.350018
[GA][Iter2] Gen:4 Ind:4 RMSE(val)=600.420393
[GA][Iter2] Gen:4 Ind:5 RMSE(val)=601.012565
[GA][Iter2] Gen:4 Ind:6 RMSE(val)=603.582128
[GA][Iter2] Gen:4 Ind:7 RMSE(val)=603.634291
[GA][Iter2] Gen:4 Ind:8 RMSE(val)=606.679221
[GA][Iter2] Gen:4 Ind:9 RMSE(val)=606.775335
[GA][Iter2] Gen:4 Ind:10 RMSE(val)=611.441599
[GA][Iter2] Gen:4 Ind:11 RMSE(val)=605.072584
[GA][Iter2] Gen:4 Ind:12 RMSE(val)=581.040663
[GA][Iter2] Gen:4 Ind:13 RMSE(val)=586.985096
[GA][Iter2] Gen:4 Ind:14 RMSE(val)=628.547971
[GA][Iter2] Gen:4 Ind:15 RMSE(val)=596.973652
[GA][Iter2] Gen:4 Ind:16 RMSE(val)=618.456973
[GA][Iter2] Gen:4 Ind:17 RMSE(val)=590.075037
[GA][Iter2] Gen:4 Ind:18 RMSE(val)=575.659559
[GA][Iter2] Gen:4 Ind:19 RMSE(val)=579.003561
[GA][Iter2] Gen:4 Ind:20 RMSE(val)=599.128687
[GA][Iter2] gen=4 best_val_rmse=574.105026
[GA][Iter2] Gen:5 Ind:1 RMSE(val)=574.105026
[GA][Iter2] Gen:5 Ind:2 RMSE(val)=575.659559
[GA][Iter2] Gen:5 Ind:3 RMSE(val)=579.003561
[GA][Iter2] Gen:5 Ind:4 RMSE(val)=579.295162
[GA][Iter2] Gen:5 Ind:5 RMSE(val)=581.040663
[GA][Iter2] Gen:5 Ind:6 RMSE(val)=586.985096
[GA][Iter2] Gen:5 Ind:7 RMSE(val)=590.075037
[GA][Iter2] Gen:5 Ind:8 RMSE(val)=593.350018
[GA][Iter2] Gen:5 Ind:9 RMSE(val)=596.973652
[GA][Iter2] Gen:5 Ind:10 RMSE(val)=599.128687
[GA][Iter2] Gen:5 Ind:11 RMSE(val)=589.718352
[GA][Iter2] Gen:5 Ind:12 RMSE(val)=606.994663
[GA][Iter2] Gen:5 Ind:13 RMSE(val)=613.913698
[GA][Iter2] Gen:5 Ind:14 RMSE(val)=575.659559
[GA][Iter2] Gen:5 Ind:15 RMSE(val)=552.536815
[GA][Iter2] Gen:5 Ind:16 RMSE(val)=585.953583
[GA][Iter2] Gen:5 Ind:17 RMSE(val)=597.119610
[GA][Iter2] Gen:5 Ind:18 RMSE(val)=662.267821
[GA][Iter2] Gen:5 Ind:19 RMSE(val)=580.839807
[GA][Iter2] Gen:5 Ind:20 RMSE(val)=579.857198
[GA][Iter2] gen=5 best_val_rmse=552.536815
[GA][Iter2] Gen:6 Ind:1 RMSE(val)=552.536815
[GA][Iter2] Gen:6 Ind:2 RMSE(val)=574.105026
[GA][Iter2] Gen:6 Ind:3 RMSE(val)=575.659559
[GA][Iter2] Gen:6 Ind:4 RMSE(val)=575.659559
[GA][Iter2] Gen:6 Ind:5 RMSE(val)=579.003561
[GA][Iter2] Gen:6 Ind:6 RMSE(val)=579.295162
[GA][Iter2] Gen:6 Ind:7 RMSE(val)=579.857198
[GA][Iter2] Gen:6 Ind:8 RMSE(val)=580.839807
[GA][Iter2] Gen:6 Ind:9 RMSE(val)=581.040663
[GA][Iter2] Gen:6 Ind:10 RMSE(val)=585.953583
[GA][Iter2] Gen:6 Ind:11 RMSE(val)=572.221926
[GA][Iter2] Gen:6 Ind:12 RMSE(val)=577.550132
[GA][Iter2] Gen:6 Ind:13 RMSE(val)=582.932337
[GA][Iter2] Gen:6 Ind:14 RMSE(val)=597.106806
[GA][Iter2] Gen:6 Ind:15 RMSE(val)=583.612591
[GA][Iter2] Gen:6 Ind:16 RMSE(val)=578.237560
[GA][Iter2] Gen:6 Ind:17 RMSE(val)=583.266217
[GA][Iter2] Gen:6 Ind:18 RMSE(val)=560.559393
[GA][Iter2] Gen:6 Ind:19 RMSE(val)=569.899283
[GA][Iter2] Gen:6 Ind:20 RMSE(val)=569.515154
[GA][Iter2] gen=6 best_val_rmse=552.536815
[GA][Iter2] Gen:7 Ind:1 RMSE(val)=552.536815
[GA][Iter2] Gen:7 Ind:2 RMSE(val)=560.559393
[GA][Iter2] Gen:7 Ind:3 RMSE(val)=569.515154
[GA][Iter2] Gen:7 Ind:4 RMSE(val)=569.899283
[GA][Iter2] Gen:7 Ind:5 RMSE(val)=572.221926
[GA][Iter2] Gen:7 Ind:6 RMSE(val)=574.105026
[GA][Iter2] Gen:7 Ind:7 RMSE(val)=575.659559
[GA][Iter2] Gen:7 Ind:8 RMSE(val)=575.659559
[GA][Iter2] Gen:7 Ind:9 RMSE(val)=577.550132
[GA][Iter2] Gen:7 Ind:10 RMSE(val)=578.237560
[GA][Iter2] Gen:7 Ind:11 RMSE(val)=589.153824
[GA][Iter2] Gen:7 Ind:12 RMSE(val)=577.550132
[GA][Iter2] Gen:7 Ind:13 RMSE(val)=591.450695
[GA][Iter2] Gen:7 Ind:14 RMSE(val)=580.927122
[GA][Iter2] Gen:7 Ind:15 RMSE(val)=580.931893
[GA][Iter2] Gen:7 Ind:16 RMSE(val)=572.555667
[GA][Iter2] Gen:7 Ind:17 RMSE(val)=567.413445
[GA][Iter2] Gen:7 Ind:18 RMSE(val)=581.447831
[GA][Iter2] Gen:7 Ind:19 RMSE(val)=575.768472
[GA][Iter2] Gen:7 Ind:20 RMSE(val)=557.462088
[GA][Iter2] gen=7 best_val_rmse=552.536815
[GA][Iter2] Gen:8 Ind:1 RMSE(val)=552.536815
[GA][Iter2] Gen:8 Ind:2 RMSE(val)=557.462088
[GA][Iter2] Gen:8 Ind:3 RMSE(val)=560.559393
[GA][Iter2] Gen:8 Ind:4 RMSE(val)=567.413445
[GA][Iter2] Gen:8 Ind:5 RMSE(val)=569.515154
[GA][Iter2] Gen:8 Ind:6 RMSE(val)=569.899283
[GA][Iter2] Gen:8 Ind:7 RMSE(val)=572.221926
[GA][Iter2] Gen:8 Ind:8 RMSE(val)=572.555667
[GA][Iter2] Gen:8 Ind:9 RMSE(val)=574.105026
[GA][Iter2] Gen:8 Ind:10 RMSE(val)=575.659559
[GA][Iter2] Gen:8 Ind:11 RMSE(val)=569.321967
[GA][Iter2] Gen:8 Ind:12 RMSE(val)=559.415424
[GA][Iter2] Gen:8 Ind:13 RMSE(val)=576.886943
[GA][Iter2] Gen:8 Ind:14 RMSE(val)=567.477215
[GA][Iter2] Gen:8 Ind:15 RMSE(val)=575.562618
[GA][Iter2] Gen:8 Ind:16 RMSE(val)=568.426596
[GA][Iter2] Gen:8 Ind:17 RMSE(val)=568.035855
[GA][Iter2] Gen:8 Ind:18 RMSE(val)=569.586553
[GA][Iter2] Gen:8 Ind:19 RMSE(val)=576.735975
[GA][Iter2] Gen:8 Ind:20 RMSE(val)=585.049335
[GA][Iter2] gen=8 best_val_rmse=552.536815
[GA][Iter2] Gen:9 Ind:1 RMSE(val)=552.536815
[GA][Iter2] Gen:9 Ind:2 RMSE(val)=557.462088
[GA][Iter2] Gen:9 Ind:3 RMSE(val)=559.415424
[GA][Iter2] Gen:9 Ind:4 RMSE(val)=560.559393
[GA][Iter2] Gen:9 Ind:5 RMSE(val)=567.413445
[GA][Iter2] Gen:9 Ind:6 RMSE(val)=567.477215
[GA][Iter2] Gen:9 Ind:7 RMSE(val)=568.035855
[GA][Iter2] Gen:9 Ind:8 RMSE(val)=568.426596
[GA][Iter2] Gen:9 Ind:9 RMSE(val)=569.321967
[GA][Iter2] Gen:9 Ind:10 RMSE(val)=569.515154
[GA][Iter2] Gen:9 Ind:11 RMSE(val)=572.837196
[GA][Iter2] Gen:9 Ind:12 RMSE(val)=567.413445
[GA][Iter2] Gen:9 Ind:13 RMSE(val)=582.998865
[GA][Iter2] Gen:9 Ind:14 RMSE(val)=566.562366
[GA][Iter2] Gen:9 Ind:15 RMSE(val)=581.794348
[GA][Iter2] Gen:9 Ind:16 RMSE(val)=574.925321
[GA][Iter2] Gen:9 Ind:17 RMSE(val)=566.257878
[GA][Iter2] Gen:9 Ind:18 RMSE(val)=570.970034
[GA][Iter2] Gen:9 Ind:19 RMSE(val)=582.795115
[GA][Iter2] Gen:9 Ind:20 RMSE(val)=568.147205
[GA][Iter2] gen=9 best_val_rmse=552.536815
[GA][Iter2] Gen:10 Ind:1 RMSE(val)=552.536815
[GA][Iter2] Gen:10 Ind:2 RMSE(val)=557.462088
[GA][Iter2] Gen:10 Ind:3 RMSE(val)=559.415424
[GA][Iter2] Gen:10 Ind:4 RMSE(val)=560.559393
[GA][Iter2] Gen:10 Ind:5 RMSE(val)=566.257878
[GA][Iter2] Gen:10 Ind:6 RMSE(val)=566.562366
[GA][Iter2] Gen:10 Ind:7 RMSE(val)=567.413445
[GA][Iter2] Gen:10 Ind:8 RMSE(val)=567.413445
[GA][Iter2] Gen:10 Ind:9 RMSE(val)=567.477215
[GA][Iter2] Gen:10 Ind:10 RMSE(val)=568.035855
[GA][Iter2] Gen:10 Ind:11 RMSE(val)=572.567459
[GA][Iter2] Gen:10 Ind:12 RMSE(val)=592.503962
[GA][Iter2] Gen:10 Ind:13 RMSE(val)=568.314506
[GA][Iter2] Gen:10 Ind:14 RMSE(val)=566.257878
[GA][Iter2] Gen:10 Ind:15 RMSE(val)=568.314506
[GA][Iter2] Gen:10 Ind:16 RMSE(val)=566.339496
[GA][Iter2] Gen:10 Ind:17 RMSE(val)=580.432632
[GA][Iter2] Gen:10 Ind:18 RMSE(val)=567.413445
[GA][Iter2] Gen:10 Ind:19 RMSE(val)=557.447815
[GA][Iter2] Gen:10 Ind:20 RMSE(val)=569.830148
[GA][Iter2] gen=10 best_val_rmse=552.536815
[GA][Iter2] Gen:11 Ind:1 RMSE(val)=552.536815
[GA][Iter2] Gen:11 Ind:2 RMSE(val)=557.447815
[GA][Iter2] Gen:11 Ind:3 RMSE(val)=557.462088
[GA][Iter2] Gen:11 Ind:4 RMSE(val)=559.415424
[GA][Iter2] Gen:11 Ind:5 RMSE(val)=560.559393
[GA][Iter2] Gen:11 Ind:6 RMSE(val)=566.257878
[GA][Iter2] Gen:11 Ind:7 RMSE(val)=566.257878
[GA][Iter2] Gen:11 Ind:8 RMSE(val)=566.339496
[GA][Iter2] Gen:11 Ind:9 RMSE(val)=566.562366
[GA][Iter2] Gen:11 Ind:10 RMSE(val)=567.413445
[GA][Iter2] Gen:11 Ind:11 RMSE(val)=568.806017
[GA][Iter2] Gen:11 Ind:12 RMSE(val)=572.659854
[GA][Iter2] Gen:11 Ind:13 RMSE(val)=569.526067
[GA][Iter2] Gen:11 Ind:14 RMSE(val)=567.957063
[GA][Iter2] Gen:11 Ind:15 RMSE(val)=566.530316
[GA][Iter2] Gen:11 Ind:16 RMSE(val)=563.332557
[GA][Iter2] Gen:11 Ind:17 RMSE(val)=565.224255
[GA][Iter2] Gen:11 Ind:18 RMSE(val)=567.699203
[GA][Iter2] Gen:11 Ind:19 RMSE(val)=584.683723
[GA][Iter2] Gen:11 Ind:20 RMSE(val)=573.974137
[GA][Iter2] gen=11 best_val_rmse=552.536815
[GA][Iter2] Gen:12 Ind:1 RMSE(val)=552.536815
[GA][Iter2] Gen:12 Ind:2 RMSE(val)=557.447815
[GA][Iter2] Gen:12 Ind:3 RMSE(val)=557.462088
[GA][Iter2] Gen:12 Ind:4 RMSE(val)=559.415424
[GA][Iter2] Gen:12 Ind:5 RMSE(val)=560.559393
[GA][Iter2] Gen:12 Ind:6 RMSE(val)=563.332557
[GA][Iter2] Gen:12 Ind:7 RMSE(val)=565.224255
[GA][Iter2] Gen:12 Ind:8 RMSE(val)=566.257878
[GA][Iter2] Gen:12 Ind:9 RMSE(val)=566.257878
[GA][Iter2] Gen:12 Ind:10 RMSE(val)=566.339496
[GA][Iter2] Gen:12 Ind:11 RMSE(val)=576.033628
[GA][Iter2] Gen:12 Ind:12 RMSE(val)=586.257861
[GA][Iter2] Gen:12 Ind:13 RMSE(val)=576.474908
[GA][Iter2] Gen:12 Ind:14 RMSE(val)=578.273306
[GA][Iter2] Gen:12 Ind:15 RMSE(val)=566.339496
[GA][Iter2] Gen:12 Ind:16 RMSE(val)=576.479363
[GA][Iter2] Gen:12 Ind:17 RMSE(val)=576.726545
[GA][Iter2] Gen:12 Ind:18 RMSE(val)=557.462088
[GA][Iter2] Gen:12 Ind:19 RMSE(val)=565.505855
[GA][Iter2] Gen:12 Ind:20 RMSE(val)=565.224255
[GA][Iter2] gen=12 best_val_rmse=552.536815
[GA][Iter2] Gen:13 Ind:1 RMSE(val)=552.536815
[GA][Iter2] Gen:13 Ind:2 RMSE(val)=557.447815
[GA][Iter2] Gen:13 Ind:3 RMSE(val)=557.462088
[GA][Iter2] Gen:13 Ind:4 RMSE(val)=557.462088
[GA][Iter2] Gen:13 Ind:5 RMSE(val)=559.415424
[GA][Iter2] Gen:13 Ind:6 RMSE(val)=560.559393
[GA][Iter2] Gen:13 Ind:7 RMSE(val)=563.332557
[GA][Iter2] Gen:13 Ind:8 RMSE(val)=565.224255
[GA][Iter2] Gen:13 Ind:9 RMSE(val)=565.224255
[GA][Iter2] Gen:13 Ind:10 RMSE(val)=565.505855
[GA][Iter2] Gen:13 Ind:11 RMSE(val)=563.599770
[GA][Iter2] Gen:13 Ind:12 RMSE(val)=557.462088
[GA][Iter2] Gen:13 Ind:13 RMSE(val)=557.447815
[GA][Iter2] Gen:13 Ind:14 RMSE(val)=561.161440
[GA][Iter2] Gen:13 Ind:15 RMSE(val)=558.622506
[GA][Iter2] Gen:13 Ind:16 RMSE(val)=573.920587
[GA][Iter2] Gen:13 Ind:17 RMSE(val)=552.536815
[GA][Iter2] Gen:13 Ind:18 RMSE(val)=571.260088
[GA][Iter2] Gen:13 Ind:19 RMSE(val)=566.257878
[GA][Iter2] Gen:13 Ind:20 RMSE(val)=563.170371
[GA][Iter2] gen=13 best_val_rmse=552.536815
[GA][Iter2] Gen:14 Ind:1 RMSE(val)=552.536815
[GA][Iter2] Gen:14 Ind:2 RMSE(val)=552.536815
[GA][Iter2] Gen:14 Ind:3 RMSE(val)=557.447815
[GA][Iter2] Gen:14 Ind:4 RMSE(val)=557.447815
[GA][Iter2] Gen:14 Ind:5 RMSE(val)=557.462088
[GA][Iter2] Gen:14 Ind:6 RMSE(val)=557.462088
[GA][Iter2] Gen:14 Ind:7 RMSE(val)=557.462088
[GA][Iter2] Gen:14 Ind:8 RMSE(val)=558.622506
[GA][Iter2] Gen:14 Ind:9 RMSE(val)=559.415424
[GA][Iter2] Gen:14 Ind:10 RMSE(val)=560.559393
[GA][Iter2] Gen:14 Ind:11 RMSE(val)=558.015296
[GA][Iter2] Gen:14 Ind:12 RMSE(val)=570.073579
[GA][Iter2] Gen:14 Ind:13 RMSE(val)=551.744041
[GA][Iter2] Gen:14 Ind:14 RMSE(val)=557.462088
[GA][Iter2] Gen:14 Ind:15 RMSE(val)=571.488505
[GA][Iter2] Gen:14 Ind:16 RMSE(val)=586.071834
[GA][Iter2] Gen:14 Ind:17 RMSE(val)=559.415424
[GA][Iter2] Gen:14 Ind:18 RMSE(val)=557.447815
[GA][Iter2] Gen:14 Ind:19 RMSE(val)=558.015296
[GA][Iter2] Gen:14 Ind:20 RMSE(val)=556.766176
[GA][Iter2] gen=14 best_val_rmse=551.744041
[GA][Iter2] Gen:15 Ind:1 RMSE(val)=551.744041
[GA][Iter2] Gen:15 Ind:2 RMSE(val)=552.536815
[GA][Iter2] Gen:15 Ind:3 RMSE(val)=552.536815
[GA][Iter2] Gen:15 Ind:4 RMSE(val)=556.766176
[GA][Iter2] Gen:15 Ind:5 RMSE(val)=557.447815
[GA][Iter2] Gen:15 Ind:6 RMSE(val)=557.447815
[GA][Iter2] Gen:15 Ind:7 RMSE(val)=557.447815
[GA][Iter2] Gen:15 Ind:8 RMSE(val)=557.462088
[GA][Iter2] Gen:15 Ind:9 RMSE(val)=557.462088
[GA][Iter2] Gen:15 Ind:10 RMSE(val)=557.462088
[GA][Iter2] Gen:15 Ind:11 RMSE(val)=557.462088
[GA][Iter2] Gen:15 Ind:12 RMSE(val)=556.769495
[GA][Iter2] Gen:15 Ind:13 RMSE(val)=577.267230
[GA][Iter2] Gen:15 Ind:14 RMSE(val)=557.462088
[GA][Iter2] Gen:15 Ind:15 RMSE(val)=551.796088
[GA][Iter2] Gen:15 Ind:16 RMSE(val)=552.536815
[GA][Iter2] Gen:15 Ind:17 RMSE(val)=557.447815
[GA][Iter2] Gen:15 Ind:18 RMSE(val)=557.447815
[GA][Iter2] Gen:15 Ind:19 RMSE(val)=557.447815
[GA][Iter2] Gen:15 Ind:20 RMSE(val)=552.536815
[GA][Iter2] gen=15 best_val_rmse=551.744041
[GA][Iter2] Gen:15 Ind:1 RMSE(val)=551.744041
[GA][Iter2] Gen:15 Ind:2 RMSE(val)=551.796088
[GA][Iter2] Gen:15 Ind:3 RMSE(val)=552.536815
[GA][Iter2] Gen:15 Ind:4 RMSE(val)=552.536815
[GA][Iter2] Gen:15 Ind:5 RMSE(val)=552.536815
[GA][Iter2] Gen:15 Ind:6 RMSE(val)=552.536815
[GA][Iter2] Gen:15 Ind:7 RMSE(val)=556.766176
[GA][Iter2] Gen:15 Ind:8 RMSE(val)=556.769495
[GA][Iter2] Gen:15 Ind:9 RMSE(val)=557.447815
[GA][Iter2] Gen:15 Ind:10 RMSE(val)=557.447815
[GA][Iter2] Gen:15 Ind:11 RMSE(val)=557.447815
[GA][Iter2] Gen:15 Ind:12 RMSE(val)=556.770830
[GA][Iter2] Gen:15 Ind:13 RMSE(val)=556.759277
[GA][Iter2] Gen:15 Ind:14 RMSE(val)=552.536815
[GA][Iter2] Gen:15 Ind:15 RMSE(val)=569.194623
[GA][Iter2] Gen:15 Ind:16 RMSE(val)=559.522445
[GA][Iter2] Gen:15 Ind:17 RMSE(val)=552.536815
[GA][Iter2] Gen:15 Ind:18 RMSE(val)=557.987481
[GA][Iter2] Gen:15 Ind:19 RMSE(val)=566.623431
[GA][Iter2] Gen:15 Ind:20 RMSE(val)=553.505988

[GA DONE][Iter2] Best params on val fold of Iter2
Best val RMSE: 551.744041
Best params: {'n_estimators': 559, 'learning_rate': 0.07056977664783903, 'max_depth': 7, 'min_child_weight': 2.161259475300781, 'subsample': 0.8715999690411856, 'colsample_bytree': 0.953873261554681, 'reg_lambda': 10.32466393430107, 'reg_alpha': 0.03492270465962297, 'gamma': 0.0366739601047851}
--------------------------------------------------------------------------------
[RETUNE GA] Iter2: train folds 1..6 -> test fold 7  RMSE=849.062307  NRMSE=0.723391  CVRMSE=0.340658  R2=0.467360
[GA][Iter3] Gen:1 Ind:1 RMSE(val)=938.929908
[GA][Iter3] Gen:1 Ind:2 RMSE(val)=875.046405
[GA][Iter3] Gen:1 Ind:3 RMSE(val)=977.192940
[GA][Iter3] Gen:1 Ind:4 RMSE(val)=1192.592519
[GA][Iter3] Gen:1 Ind:5 RMSE(val)=1042.754147
[GA][Iter3] Gen:1 Ind:6 RMSE(val)=924.890593
[GA][Iter3] Gen:1 Ind:7 RMSE(val)=1191.271029
[GA][Iter3] Gen:1 Ind:8 RMSE(val)=832.099742
[GA][Iter3] Gen:1 Ind:9 RMSE(val)=860.085783
[GA][Iter3] Gen:1 Ind:10 RMSE(val)=877.614609
[GA][Iter3] Gen:1 Ind:11 RMSE(val)=1198.405542
[GA][Iter3] Gen:1 Ind:12 RMSE(val)=852.333918
[GA][Iter3] Gen:1 Ind:13 RMSE(val)=1145.425970
[GA][Iter3] Gen:1 Ind:14 RMSE(val)=909.611548
[GA][Iter3] Gen:1 Ind:15 RMSE(val)=860.999681
[GA][Iter3] Gen:1 Ind:16 RMSE(val)=1174.316446
[GA][Iter3] Gen:1 Ind:17 RMSE(val)=859.481337
[GA][Iter3] Gen:1 Ind:18 RMSE(val)=842.274501
[GA][Iter3] Gen:1 Ind:19 RMSE(val)=962.256769
[GA][Iter3] Gen:1 Ind:20 RMSE(val)=964.676592
[GA][Iter3] gen=1 best_val_rmse=832.099742
[GA][Iter3] Gen:2 Ind:1 RMSE(val)=832.099742
[GA][Iter3] Gen:2 Ind:2 RMSE(val)=842.274501
[GA][Iter3] Gen:2 Ind:3 RMSE(val)=852.333918
[GA][Iter3] Gen:2 Ind:4 RMSE(val)=859.481337
[GA][Iter3] Gen:2 Ind:5 RMSE(val)=860.085783
[GA][Iter3] Gen:2 Ind:6 RMSE(val)=860.999681
[GA][Iter3] Gen:2 Ind:7 RMSE(val)=875.046405
[GA][Iter3] Gen:2 Ind:8 RMSE(val)=877.614609
[GA][Iter3] Gen:2 Ind:9 RMSE(val)=909.611548
[GA][Iter3] Gen:2 Ind:10 RMSE(val)=924.890593
[GA][Iter3] Gen:2 Ind:11 RMSE(val)=879.475366
[GA][Iter3] Gen:2 Ind:12 RMSE(val)=881.207829
[GA][Iter3] Gen:2 Ind:13 RMSE(val)=879.613632
[GA][Iter3] Gen:2 Ind:14 RMSE(val)=827.847629
[GA][Iter3] Gen:2 Ind:15 RMSE(val)=879.565349
[GA][Iter3] Gen:2 Ind:16 RMSE(val)=920.593724
[GA][Iter3] Gen:2 Ind:17 RMSE(val)=835.628758
[GA][Iter3] Gen:2 Ind:18 RMSE(val)=892.464682
[GA][Iter3] Gen:2 Ind:19 RMSE(val)=820.613129
[GA][Iter3] Gen:2 Ind:20 RMSE(val)=885.241973
[GA][Iter3] gen=2 best_val_rmse=820.613129
[GA][Iter3] Gen:3 Ind:1 RMSE(val)=820.613129
[GA][Iter3] Gen:3 Ind:2 RMSE(val)=827.847629
[GA][Iter3] Gen:3 Ind:3 RMSE(val)=832.099742
[GA][Iter3] Gen:3 Ind:4 RMSE(val)=835.628758
[GA][Iter3] Gen:3 Ind:5 RMSE(val)=842.274501
[GA][Iter3] Gen:3 Ind:6 RMSE(val)=852.333918
[GA][Iter3] Gen:3 Ind:7 RMSE(val)=859.481337
[GA][Iter3] Gen:3 Ind:8 RMSE(val)=860.085783
[GA][Iter3] Gen:3 Ind:9 RMSE(val)=860.999681
[GA][Iter3] Gen:3 Ind:10 RMSE(val)=875.046405
[GA][Iter3] Gen:3 Ind:11 RMSE(val)=832.140715
[GA][Iter3] Gen:3 Ind:12 RMSE(val)=845.942827
[GA][Iter3] Gen:3 Ind:13 RMSE(val)=886.898778
[GA][Iter3] Gen:3 Ind:14 RMSE(val)=813.086150
[GA][Iter3] Gen:3 Ind:15 RMSE(val)=868.735239
[GA][Iter3] Gen:3 Ind:16 RMSE(val)=829.774121
[GA][Iter3] Gen:3 Ind:17 RMSE(val)=820.593703
[GA][Iter3] Gen:3 Ind:18 RMSE(val)=857.270864
[GA][Iter3] Gen:3 Ind:19 RMSE(val)=853.922122
[GA][Iter3] Gen:3 Ind:20 RMSE(val)=830.150679
[GA][Iter3] gen=3 best_val_rmse=813.086150
[GA][Iter3] Gen:4 Ind:1 RMSE(val)=813.086150
[GA][Iter3] Gen:4 Ind:2 RMSE(val)=820.593703
[GA][Iter3] Gen:4 Ind:3 RMSE(val)=820.613129
[GA][Iter3] Gen:4 Ind:4 RMSE(val)=827.847629
[GA][Iter3] Gen:4 Ind:5 RMSE(val)=829.774121
[GA][Iter3] Gen:4 Ind:6 RMSE(val)=830.150679
[GA][Iter3] Gen:4 Ind:7 RMSE(val)=832.099742
[GA][Iter3] Gen:4 Ind:8 RMSE(val)=832.140715
[GA][Iter3] Gen:4 Ind:9 RMSE(val)=835.628758
[GA][Iter3] Gen:4 Ind:10 RMSE(val)=842.274501
[GA][Iter3] Gen:4 Ind:11 RMSE(val)=845.938889
[GA][Iter3] Gen:4 Ind:12 RMSE(val)=855.910278
[GA][Iter3] Gen:4 Ind:13 RMSE(val)=846.264127
[GA][Iter3] Gen:4 Ind:14 RMSE(val)=833.261578
[GA][Iter3] Gen:4 Ind:15 RMSE(val)=839.042553
[GA][Iter3] Gen:4 Ind:16 RMSE(val)=887.571990
[GA][Iter3] Gen:4 Ind:17 RMSE(val)=826.071270
[GA][Iter3] Gen:4 Ind:18 RMSE(val)=808.957835
[GA][Iter3] Gen:4 Ind:19 RMSE(val)=828.213228
[GA][Iter3] Gen:4 Ind:20 RMSE(val)=914.456872
[GA][Iter3] gen=4 best_val_rmse=808.957835
[GA][Iter3] Gen:5 Ind:1 RMSE(val)=808.957835
[GA][Iter3] Gen:5 Ind:2 RMSE(val)=813.086150
[GA][Iter3] Gen:5 Ind:3 RMSE(val)=820.593703
[GA][Iter3] Gen:5 Ind:4 RMSE(val)=820.613129
[GA][Iter3] Gen:5 Ind:5 RMSE(val)=826.071270
[GA][Iter3] Gen:5 Ind:6 RMSE(val)=827.847629
[GA][Iter3] Gen:5 Ind:7 RMSE(val)=828.213228
[GA][Iter3] Gen:5 Ind:8 RMSE(val)=829.774121
[GA][Iter3] Gen:5 Ind:9 RMSE(val)=830.150679
[GA][Iter3] Gen:5 Ind:10 RMSE(val)=832.099742
[GA][Iter3] Gen:5 Ind:11 RMSE(val)=853.738753
[GA][Iter3] Gen:5 Ind:12 RMSE(val)=830.150679
[GA][Iter3] Gen:5 Ind:13 RMSE(val)=843.896062
[GA][Iter3] Gen:5 Ind:14 RMSE(val)=819.311066
[GA][Iter3] Gen:5 Ind:15 RMSE(val)=818.718765
[GA][Iter3] Gen:5 Ind:16 RMSE(val)=836.544212
[GA][Iter3] Gen:5 Ind:17 RMSE(val)=848.387669
[GA][Iter3] Gen:5 Ind:18 RMSE(val)=839.233249
[GA][Iter3] Gen:5 Ind:19 RMSE(val)=864.705745
[GA][Iter3] Gen:5 Ind:20 RMSE(val)=842.020487
[GA][Iter3] gen=5 best_val_rmse=808.957835
[GA][Iter3] Gen:6 Ind:1 RMSE(val)=808.957835
[GA][Iter3] Gen:6 Ind:2 RMSE(val)=813.086150
[GA][Iter3] Gen:6 Ind:3 RMSE(val)=818.718765
[GA][Iter3] Gen:6 Ind:4 RMSE(val)=819.311066
[GA][Iter3] Gen:6 Ind:5 RMSE(val)=820.593703
[GA][Iter3] Gen:6 Ind:6 RMSE(val)=820.613129
[GA][Iter3] Gen:6 Ind:7 RMSE(val)=826.071270
[GA][Iter3] Gen:6 Ind:8 RMSE(val)=827.847629
[GA][Iter3] Gen:6 Ind:9 RMSE(val)=828.213228
[GA][Iter3] Gen:6 Ind:10 RMSE(val)=829.774121
[GA][Iter3] Gen:6 Ind:11 RMSE(val)=839.842066
[GA][Iter3] Gen:6 Ind:12 RMSE(val)=835.573007
[GA][Iter3] Gen:6 Ind:13 RMSE(val)=844.439580
[GA][Iter3] Gen:6 Ind:14 RMSE(val)=860.481302
[GA][Iter3] Gen:6 Ind:15 RMSE(val)=835.201958
[GA][Iter3] Gen:6 Ind:16 RMSE(val)=830.669086
[GA][Iter3] Gen:6 Ind:17 RMSE(val)=815.904978
[GA][Iter3] Gen:6 Ind:18 RMSE(val)=842.523179
[GA][Iter3] Gen:6 Ind:19 RMSE(val)=831.558828
[GA][Iter3] Gen:6 Ind:20 RMSE(val)=819.372433
[GA][Iter3] gen=6 best_val_rmse=808.957835
[GA][Iter3] Gen:7 Ind:1 RMSE(val)=808.957835
[GA][Iter3] Gen:7 Ind:2 RMSE(val)=813.086150
[GA][Iter3] Gen:7 Ind:3 RMSE(val)=815.904978
[GA][Iter3] Gen:7 Ind:4 RMSE(val)=818.718765
[GA][Iter3] Gen:7 Ind:5 RMSE(val)=819.311066
[GA][Iter3] Gen:7 Ind:6 RMSE(val)=819.372433
[GA][Iter3] Gen:7 Ind:7 RMSE(val)=820.593703
[GA][Iter3] Gen:7 Ind:8 RMSE(val)=820.613129
[GA][Iter3] Gen:7 Ind:9 RMSE(val)=826.071270
[GA][Iter3] Gen:7 Ind:10 RMSE(val)=827.847629
[GA][Iter3] Gen:7 Ind:11 RMSE(val)=862.115049
[GA][Iter3] Gen:7 Ind:12 RMSE(val)=835.262122
[GA][Iter3] Gen:7 Ind:13 RMSE(val)=835.692694
[GA][Iter3] Gen:7 Ind:14 RMSE(val)=835.503629
[GA][Iter3] Gen:7 Ind:15 RMSE(val)=808.115236
[GA][Iter3] Gen:7 Ind:16 RMSE(val)=828.420153
[GA][Iter3] Gen:7 Ind:17 RMSE(val)=855.278767
[GA][Iter3] Gen:7 Ind:18 RMSE(val)=811.082444
[GA][Iter3] Gen:7 Ind:19 RMSE(val)=817.616522
[GA][Iter3] Gen:7 Ind:20 RMSE(val)=831.924101
[GA][Iter3] gen=7 best_val_rmse=808.115236
[GA][Iter3] Gen:8 Ind:1 RMSE(val)=808.115236
[GA][Iter3] Gen:8 Ind:2 RMSE(val)=808.957835
[GA][Iter3] Gen:8 Ind:3 RMSE(val)=811.082444
[GA][Iter3] Gen:8 Ind:4 RMSE(val)=813.086150
[GA][Iter3] Gen:8 Ind:5 RMSE(val)=815.904978
[GA][Iter3] Gen:8 Ind:6 RMSE(val)=817.616522
[GA][Iter3] Gen:8 Ind:7 RMSE(val)=818.718765
[GA][Iter3] Gen:8 Ind:8 RMSE(val)=819.311066
[GA][Iter3] Gen:8 Ind:9 RMSE(val)=819.372433
[GA][Iter3] Gen:8 Ind:10 RMSE(val)=820.593703
[GA][Iter3] Gen:8 Ind:11 RMSE(val)=816.765255
[GA][Iter3] Gen:8 Ind:12 RMSE(val)=817.127916
[GA][Iter3] Gen:8 Ind:13 RMSE(val)=842.895167
[GA][Iter3] Gen:8 Ind:14 RMSE(val)=830.265889
[GA][Iter3] Gen:8 Ind:15 RMSE(val)=823.491428
[GA][Iter3] Gen:8 Ind:16 RMSE(val)=835.201958
[GA][Iter3] Gen:8 Ind:17 RMSE(val)=813.799894
[GA][Iter3] Gen:8 Ind:18 RMSE(val)=832.085063
[GA][Iter3] Gen:8 Ind:19 RMSE(val)=815.913756
[GA][Iter3] Gen:8 Ind:20 RMSE(val)=845.654967
[GA][Iter3] gen=8 best_val_rmse=808.115236
[GA][Iter3] Gen:9 Ind:1 RMSE(val)=808.115236
[GA][Iter3] Gen:9 Ind:2 RMSE(val)=808.957835
[GA][Iter3] Gen:9 Ind:3 RMSE(val)=811.082444
[GA][Iter3] Gen:9 Ind:4 RMSE(val)=813.086150
[GA][Iter3] Gen:9 Ind:5 RMSE(val)=813.799894
[GA][Iter3] Gen:9 Ind:6 RMSE(val)=815.904978
[GA][Iter3] Gen:9 Ind:7 RMSE(val)=815.913756
[GA][Iter3] Gen:9 Ind:8 RMSE(val)=816.765255
[GA][Iter3] Gen:9 Ind:9 RMSE(val)=817.127916
[GA][Iter3] Gen:9 Ind:10 RMSE(val)=817.616522
[GA][Iter3] Gen:9 Ind:11 RMSE(val)=828.004435
[GA][Iter3] Gen:9 Ind:12 RMSE(val)=824.377151
[GA][Iter3] Gen:9 Ind:13 RMSE(val)=834.268819
[GA][Iter3] Gen:9 Ind:14 RMSE(val)=816.778732
[GA][Iter3] Gen:9 Ind:15 RMSE(val)=824.201196
[GA][Iter3] Gen:9 Ind:16 RMSE(val)=819.785921
[GA][Iter3] Gen:9 Ind:17 RMSE(val)=813.086150
[GA][Iter3] Gen:9 Ind:18 RMSE(val)=825.816000
[GA][Iter3] Gen:9 Ind:19 RMSE(val)=840.282564
[GA][Iter3] Gen:9 Ind:20 RMSE(val)=815.213380
[GA][Iter3] gen=9 best_val_rmse=808.115236
[GA][Iter3] Gen:10 Ind:1 RMSE(val)=808.115236
[GA][Iter3] Gen:10 Ind:2 RMSE(val)=808.957835
[GA][Iter3] Gen:10 Ind:3 RMSE(val)=811.082444
[GA][Iter3] Gen:10 Ind:4 RMSE(val)=813.086150
[GA][Iter3] Gen:10 Ind:5 RMSE(val)=813.086150
[GA][Iter3] Gen:10 Ind:6 RMSE(val)=813.799894
[GA][Iter3] Gen:10 Ind:7 RMSE(val)=815.213380
[GA][Iter3] Gen:10 Ind:8 RMSE(val)=815.904978
[GA][Iter3] Gen:10 Ind:9 RMSE(val)=815.913756
[GA][Iter3] Gen:10 Ind:10 RMSE(val)=816.765255
[GA][Iter3] Gen:10 Ind:11 RMSE(val)=821.023967
[GA][Iter3] Gen:10 Ind:12 RMSE(val)=826.700799
[GA][Iter3] Gen:10 Ind:13 RMSE(val)=824.023307
[GA][Iter3] Gen:10 Ind:14 RMSE(val)=829.452718
[GA][Iter3] Gen:10 Ind:15 RMSE(val)=813.385254
[GA][Iter3] Gen:10 Ind:16 RMSE(val)=822.791180
[GA][Iter3] Gen:10 Ind:17 RMSE(val)=831.086099
[GA][Iter3] Gen:10 Ind:18 RMSE(val)=809.026400
[GA][Iter3] Gen:10 Ind:19 RMSE(val)=808.957835
[GA][Iter3] Gen:10 Ind:20 RMSE(val)=808.110857
[GA][Iter3] gen=10 best_val_rmse=808.110857
[GA][Iter3] Gen:11 Ind:1 RMSE(val)=808.110857
[GA][Iter3] Gen:11 Ind:2 RMSE(val)=808.115236
[GA][Iter3] Gen:11 Ind:3 RMSE(val)=808.957835
[GA][Iter3] Gen:11 Ind:4 RMSE(val)=808.957835
[GA][Iter3] Gen:11 Ind:5 RMSE(val)=809.026400
[GA][Iter3] Gen:11 Ind:6 RMSE(val)=811.082444
[GA][Iter3] Gen:11 Ind:7 RMSE(val)=813.086150
[GA][Iter3] Gen:11 Ind:8 RMSE(val)=813.086150
[GA][Iter3] Gen:11 Ind:9 RMSE(val)=813.385254
[GA][Iter3] Gen:11 Ind:10 RMSE(val)=813.799894
[GA][Iter3] Gen:11 Ind:11 RMSE(val)=826.230477
[GA][Iter3] Gen:11 Ind:12 RMSE(val)=820.493510
[GA][Iter3] Gen:11 Ind:13 RMSE(val)=838.981152
[GA][Iter3] Gen:11 Ind:14 RMSE(val)=838.105064
[GA][Iter3] Gen:11 Ind:15 RMSE(val)=824.673677
[GA][Iter3] Gen:11 Ind:16 RMSE(val)=812.785639
[GA][Iter3] Gen:11 Ind:17 RMSE(val)=820.234690
[GA][Iter3] Gen:11 Ind:18 RMSE(val)=814.298220
[GA][Iter3] Gen:11 Ind:19 RMSE(val)=837.144880
[GA][Iter3] Gen:11 Ind:20 RMSE(val)=833.570624
[GA][Iter3] gen=11 best_val_rmse=808.110857
[GA][Iter3] Gen:12 Ind:1 RMSE(val)=808.110857
[GA][Iter3] Gen:12 Ind:2 RMSE(val)=808.115236
[GA][Iter3] Gen:12 Ind:3 RMSE(val)=808.957835
[GA][Iter3] Gen:12 Ind:4 RMSE(val)=808.957835
[GA][Iter3] Gen:12 Ind:5 RMSE(val)=809.026400
[GA][Iter3] Gen:12 Ind:6 RMSE(val)=811.082444
[GA][Iter3] Gen:12 Ind:7 RMSE(val)=812.785639
[GA][Iter3] Gen:12 Ind:8 RMSE(val)=813.086150
[GA][Iter3] Gen:12 Ind:9 RMSE(val)=813.086150
[GA][Iter3] Gen:12 Ind:10 RMSE(val)=813.385254
[GA][Iter3] Gen:12 Ind:11 RMSE(val)=831.548540
[GA][Iter3] Gen:12 Ind:12 RMSE(val)=840.170074
[GA][Iter3] Gen:12 Ind:13 RMSE(val)=848.545780
[GA][Iter3] Gen:12 Ind:14 RMSE(val)=832.815280
[GA][Iter3] Gen:12 Ind:15 RMSE(val)=817.585235
[GA][Iter3] Gen:12 Ind:16 RMSE(val)=827.093105
[GA][Iter3] Gen:12 Ind:17 RMSE(val)=813.385254
[GA][Iter3] Gen:12 Ind:18 RMSE(val)=835.201958
[GA][Iter3] Gen:12 Ind:19 RMSE(val)=813.086150
[GA][Iter3] Gen:12 Ind:20 RMSE(val)=819.782564
[GA][Iter3] gen=12 best_val_rmse=808.110857
[GA][Iter3] Gen:13 Ind:1 RMSE(val)=808.110857
[GA][Iter3] Gen:13 Ind:2 RMSE(val)=808.115236
[GA][Iter3] Gen:13 Ind:3 RMSE(val)=808.957835
[GA][Iter3] Gen:13 Ind:4 RMSE(val)=808.957835
[GA][Iter3] Gen:13 Ind:5 RMSE(val)=809.026400
[GA][Iter3] Gen:13 Ind:6 RMSE(val)=811.082444
[GA][Iter3] Gen:13 Ind:7 RMSE(val)=812.785639
[GA][Iter3] Gen:13 Ind:8 RMSE(val)=813.086150
[GA][Iter3] Gen:13 Ind:9 RMSE(val)=813.086150
[GA][Iter3] Gen:13 Ind:10 RMSE(val)=813.086150
[GA][Iter3] Gen:13 Ind:11 RMSE(val)=858.885611
[GA][Iter3] Gen:13 Ind:12 RMSE(val)=828.664470
[GA][Iter3] Gen:13 Ind:13 RMSE(val)=821.586530
[GA][Iter3] Gen:13 Ind:14 RMSE(val)=811.272270
[GA][Iter3] Gen:13 Ind:15 RMSE(val)=806.131669
[GA][Iter3] Gen:13 Ind:16 RMSE(val)=828.757183
[GA][Iter3] Gen:13 Ind:17 RMSE(val)=828.154013
[GA][Iter3] Gen:13 Ind:18 RMSE(val)=821.827234
[GA][Iter3] Gen:13 Ind:19 RMSE(val)=814.635956
[GA][Iter3] Gen:13 Ind:20 RMSE(val)=834.306392
[GA][Iter3] gen=13 best_val_rmse=806.131669
[GA][Iter3] Gen:14 Ind:1 RMSE(val)=806.131669
[GA][Iter3] Gen:14 Ind:2 RMSE(val)=808.110857
[GA][Iter3] Gen:14 Ind:3 RMSE(val)=808.115236
[GA][Iter3] Gen:14 Ind:4 RMSE(val)=808.957835
[GA][Iter3] Gen:14 Ind:5 RMSE(val)=808.957835
[GA][Iter3] Gen:14 Ind:6 RMSE(val)=809.026400
[GA][Iter3] Gen:14 Ind:7 RMSE(val)=811.082444
[GA][Iter3] Gen:14 Ind:8 RMSE(val)=811.272270
[GA][Iter3] Gen:14 Ind:9 RMSE(val)=812.785639
[GA][Iter3] Gen:14 Ind:10 RMSE(val)=813.086150
[GA][Iter3] Gen:14 Ind:11 RMSE(val)=821.992568
[GA][Iter3] Gen:14 Ind:12 RMSE(val)=815.137887
[GA][Iter3] Gen:14 Ind:13 RMSE(val)=824.410501
[GA][Iter3] Gen:14 Ind:14 RMSE(val)=802.986247
[GA][Iter3] Gen:14 Ind:15 RMSE(val)=829.121372
[GA][Iter3] Gen:14 Ind:16 RMSE(val)=813.753315
[GA][Iter3] Gen:14 Ind:17 RMSE(val)=828.096149
[GA][Iter3] Gen:14 Ind:18 RMSE(val)=833.389562
[GA][Iter3] Gen:14 Ind:19 RMSE(val)=828.433625
[GA][Iter3] Gen:14 Ind:20 RMSE(val)=838.375191
[GA][Iter3] gen=14 best_val_rmse=802.986247
[GA][Iter3] Gen:15 Ind:1 RMSE(val)=802.986247
[GA][Iter3] Gen:15 Ind:2 RMSE(val)=806.131669
[GA][Iter3] Gen:15 Ind:3 RMSE(val)=808.110857
[GA][Iter3] Gen:15 Ind:4 RMSE(val)=808.115236
[GA][Iter3] Gen:15 Ind:5 RMSE(val)=808.957835
[GA][Iter3] Gen:15 Ind:6 RMSE(val)=808.957835
[GA][Iter3] Gen:15 Ind:7 RMSE(val)=809.026400
[GA][Iter3] Gen:15 Ind:8 RMSE(val)=811.082444
[GA][Iter3] Gen:15 Ind:9 RMSE(val)=811.272270
[GA][Iter3] Gen:15 Ind:10 RMSE(val)=812.785639
[GA][Iter3] Gen:15 Ind:11 RMSE(val)=823.017556
[GA][Iter3] Gen:15 Ind:12 RMSE(val)=828.737902
[GA][Iter3] Gen:15 Ind:13 RMSE(val)=809.947817
[GA][Iter3] Gen:15 Ind:14 RMSE(val)=813.252726
[GA][Iter3] Gen:15 Ind:15 RMSE(val)=816.140553
[GA][Iter3] Gen:15 Ind:16 RMSE(val)=826.704646
[GA][Iter3] Gen:15 Ind:17 RMSE(val)=826.265191
[GA][Iter3] Gen:15 Ind:18 RMSE(val)=809.026400
[GA][Iter3] Gen:15 Ind:19 RMSE(val)=808.957835
[GA][Iter3] Gen:15 Ind:20 RMSE(val)=826.704646
[GA][Iter3] gen=15 best_val_rmse=802.986247
[GA][Iter3] Gen:15 Ind:1 RMSE(val)=802.986247
[GA][Iter3] Gen:15 Ind:2 RMSE(val)=806.131669
[GA][Iter3] Gen:15 Ind:3 RMSE(val)=808.110857
[GA][Iter3] Gen:15 Ind:4 RMSE(val)=808.115236
[GA][Iter3] Gen:15 Ind:5 RMSE(val)=808.957835
[GA][Iter3] Gen:15 Ind:6 RMSE(val)=808.957835
[GA][Iter3] Gen:15 Ind:7 RMSE(val)=808.957835
[GA][Iter3] Gen:15 Ind:8 RMSE(val)=809.026400
[GA][Iter3] Gen:15 Ind:9 RMSE(val)=809.026400
[GA][Iter3] Gen:15 Ind:10 RMSE(val)=809.947817
[GA][Iter3] Gen:15 Ind:11 RMSE(val)=809.026400
[GA][Iter3] Gen:15 Ind:12 RMSE(val)=832.414510
[GA][Iter3] Gen:15 Ind:13 RMSE(val)=809.026400
[GA][Iter3] Gen:15 Ind:14 RMSE(val)=811.102656
[GA][Iter3] Gen:15 Ind:15 RMSE(val)=808.957835
[GA][Iter3] Gen:15 Ind:16 RMSE(val)=823.737589
[GA][Iter3] Gen:15 Ind:17 RMSE(val)=810.281375
[GA][Iter3] Gen:15 Ind:18 RMSE(val)=822.804508
[GA][Iter3] Gen:15 Ind:19 RMSE(val)=817.198621
[GA][Iter3] Gen:15 Ind:20 RMSE(val)=802.986247

[GA DONE][Iter3] Best params on val fold of Iter3
Best val RMSE: 802.986247
Best params: {'n_estimators': 1322, 'learning_rate': 0.07481187505307113, 'max_depth': 8, 'min_child_weight': 2.2011555846183226, 'subsample': 0.8042365237309796, 'colsample_bytree': 0.7447985774854444, 'reg_lambda': 10.32466393430107, 'reg_alpha': 0.023631740619511895, 'gamma': 0.06944388136995679}
--------------------------------------------------------------------------------
[RETUNE GA] Iter3: train folds 1..7 -> test fold 8  RMSE=643.846843  NRMSE=0.707845  CVRMSE=0.268572  R2=0.490008
[GA][Iter4] Gen:1 Ind:1 RMSE(val)=727.578329
[GA][Iter4] Gen:1 Ind:2 RMSE(val)=643.890625
[GA][Iter4] Gen:1 Ind:3 RMSE(val)=774.825939
[GA][Iter4] Gen:1 Ind:4 RMSE(val)=903.189883
[GA][Iter4] Gen:1 Ind:5 RMSE(val)=797.636764
[GA][Iter4] Gen:1 Ind:6 RMSE(val)=705.303165
[GA][Iter4] Gen:1 Ind:7 RMSE(val)=908.288818
[GA][Iter4] Gen:1 Ind:8 RMSE(val)=607.844749
[GA][Iter4] Gen:1 Ind:9 RMSE(val)=621.534974
[GA][Iter4] Gen:1 Ind:10 RMSE(val)=701.166414
[GA][Iter4] Gen:1 Ind:11 RMSE(val)=899.646525
[GA][Iter4] Gen:1 Ind:12 RMSE(val)=683.635321
[GA][Iter4] Gen:1 Ind:13 RMSE(val)=862.779233
[GA][Iter4] Gen:1 Ind:14 RMSE(val)=716.827350
[GA][Iter4] Gen:1 Ind:15 RMSE(val)=662.424414
[GA][Iter4] Gen:1 Ind:16 RMSE(val)=881.009652
[GA][Iter4] Gen:1 Ind:17 RMSE(val)=625.662703
[GA][Iter4] Gen:1 Ind:18 RMSE(val)=656.793555
[GA][Iter4] Gen:1 Ind:19 RMSE(val)=730.561924
[GA][Iter4] Gen:1 Ind:20 RMSE(val)=717.215971
[GA][Iter4] gen=1 best_val_rmse=607.844749
[GA][Iter4] Gen:2 Ind:1 RMSE(val)=607.844749
[GA][Iter4] Gen:2 Ind:2 RMSE(val)=621.534974
[GA][Iter4] Gen:2 Ind:3 RMSE(val)=625.662703
[GA][Iter4] Gen:2 Ind:4 RMSE(val)=643.890625
[GA][Iter4] Gen:2 Ind:5 RMSE(val)=656.793555
[GA][Iter4] Gen:2 Ind:6 RMSE(val)=662.424414
[GA][Iter4] Gen:2 Ind:7 RMSE(val)=683.635321
[GA][Iter4] Gen:2 Ind:8 RMSE(val)=701.166414
[GA][Iter4] Gen:2 Ind:9 RMSE(val)=705.303165
[GA][Iter4] Gen:2 Ind:10 RMSE(val)=716.827350
[GA][Iter4] Gen:2 Ind:11 RMSE(val)=671.847606
[GA][Iter4] Gen:2 Ind:12 RMSE(val)=607.604942
[GA][Iter4] Gen:2 Ind:13 RMSE(val)=646.935142
[GA][Iter4] Gen:2 Ind:14 RMSE(val)=649.933368
[GA][Iter4] Gen:2 Ind:15 RMSE(val)=717.425108
[GA][Iter4] Gen:2 Ind:16 RMSE(val)=761.409355
[GA][Iter4] Gen:2 Ind:17 RMSE(val)=592.832655
[GA][Iter4] Gen:2 Ind:18 RMSE(val)=699.303971
[GA][Iter4] Gen:2 Ind:19 RMSE(val)=623.428943
[GA][Iter4] Gen:2 Ind:20 RMSE(val)=701.931824
[GA][Iter4] gen=2 best_val_rmse=592.832655
[GA][Iter4] Gen:3 Ind:1 RMSE(val)=592.832655
[GA][Iter4] Gen:3 Ind:2 RMSE(val)=607.604942
[GA][Iter4] Gen:3 Ind:3 RMSE(val)=607.844749
[GA][Iter4] Gen:3 Ind:4 RMSE(val)=621.534974
[GA][Iter4] Gen:3 Ind:5 RMSE(val)=623.428943
[GA][Iter4] Gen:3 Ind:6 RMSE(val)=625.662703
[GA][Iter4] Gen:3 Ind:7 RMSE(val)=643.890625
[GA][Iter4] Gen:3 Ind:8 RMSE(val)=646.935142
[GA][Iter4] Gen:3 Ind:9 RMSE(val)=649.933368
[GA][Iter4] Gen:3 Ind:10 RMSE(val)=656.793555
[GA][Iter4] Gen:3 Ind:11 RMSE(val)=610.867417
[GA][Iter4] Gen:3 Ind:12 RMSE(val)=582.005392
[GA][Iter4] Gen:3 Ind:13 RMSE(val)=619.155718
[GA][Iter4] Gen:3 Ind:14 RMSE(val)=590.911076
[GA][Iter4] Gen:3 Ind:15 RMSE(val)=599.657147
[GA][Iter4] Gen:3 Ind:16 RMSE(val)=595.234388
[GA][Iter4] Gen:3 Ind:17 RMSE(val)=599.296388
[GA][Iter4] Gen:3 Ind:18 RMSE(val)=570.803293
[GA][Iter4] Gen:3 Ind:19 RMSE(val)=650.961451
[GA][Iter4] Gen:3 Ind:20 RMSE(val)=616.400626
[GA][Iter4] gen=3 best_val_rmse=570.803293
[GA][Iter4] Gen:4 Ind:1 RMSE(val)=570.803293
[GA][Iter4] Gen:4 Ind:2 RMSE(val)=582.005392
[GA][Iter4] Gen:4 Ind:3 RMSE(val)=590.911076
[GA][Iter4] Gen:4 Ind:4 RMSE(val)=592.832655
[GA][Iter4] Gen:4 Ind:5 RMSE(val)=595.234388
[GA][Iter4] Gen:4 Ind:6 RMSE(val)=599.296388
[GA][Iter4] Gen:4 Ind:7 RMSE(val)=599.657147
[GA][Iter4] Gen:4 Ind:8 RMSE(val)=607.604942
[GA][Iter4] Gen:4 Ind:9 RMSE(val)=607.844749
[GA][Iter4] Gen:4 Ind:10 RMSE(val)=610.867417
[GA][Iter4] Gen:4 Ind:11 RMSE(val)=620.930902
[GA][Iter4] Gen:4 Ind:12 RMSE(val)=587.596577
[GA][Iter4] Gen:4 Ind:13 RMSE(val)=608.065358
[GA][Iter4] Gen:4 Ind:14 RMSE(val)=557.344062
[GA][Iter4] Gen:4 Ind:15 RMSE(val)=616.541457
[GA][Iter4] Gen:4 Ind:16 RMSE(val)=617.559390
[GA][Iter4] Gen:4 Ind:17 RMSE(val)=612.101204
[GA][Iter4] Gen:4 Ind:18 RMSE(val)=586.450755
[GA][Iter4] Gen:4 Ind:19 RMSE(val)=611.859841
[GA][Iter4] Gen:4 Ind:20 RMSE(val)=594.085027
[GA][Iter4] gen=4 best_val_rmse=557.344062
[GA][Iter4] Gen:5 Ind:1 RMSE(val)=557.344062
[GA][Iter4] Gen:5 Ind:2 RMSE(val)=570.803293
[GA][Iter4] Gen:5 Ind:3 RMSE(val)=582.005392
[GA][Iter4] Gen:5 Ind:4 RMSE(val)=586.450755
[GA][Iter4] Gen:5 Ind:5 RMSE(val)=587.596577
[GA][Iter4] Gen:5 Ind:6 RMSE(val)=590.911076
[GA][Iter4] Gen:5 Ind:7 RMSE(val)=592.832655
[GA][Iter4] Gen:5 Ind:8 RMSE(val)=594.085027
[GA][Iter4] Gen:5 Ind:9 RMSE(val)=595.234388
[GA][Iter4] Gen:5 Ind:10 RMSE(val)=599.296388
[GA][Iter4] Gen:5 Ind:11 RMSE(val)=595.609563
[GA][Iter4] Gen:5 Ind:12 RMSE(val)=611.619571
[GA][Iter4] Gen:5 Ind:13 RMSE(val)=593.552318
[GA][Iter4] Gen:5 Ind:14 RMSE(val)=584.132341
[GA][Iter4] Gen:5 Ind:15 RMSE(val)=610.114372
[GA][Iter4] Gen:5 Ind:16 RMSE(val)=596.838082
[GA][Iter4] Gen:5 Ind:17 RMSE(val)=580.525566
[GA][Iter4] Gen:5 Ind:18 RMSE(val)=634.891628
[GA][Iter4] Gen:5 Ind:19 RMSE(val)=591.418296
[GA][Iter4] Gen:5 Ind:20 RMSE(val)=582.848822
[GA][Iter4] gen=5 best_val_rmse=557.344062
[GA][Iter4] Gen:6 Ind:1 RMSE(val)=557.344062
[GA][Iter4] Gen:6 Ind:2 RMSE(val)=570.803293
[GA][Iter4] Gen:6 Ind:3 RMSE(val)=580.525566
[GA][Iter4] Gen:6 Ind:4 RMSE(val)=582.005392
[GA][Iter4] Gen:6 Ind:5 RMSE(val)=582.848822
[GA][Iter4] Gen:6 Ind:6 RMSE(val)=584.132341
[GA][Iter4] Gen:6 Ind:7 RMSE(val)=586.450755
[GA][Iter4] Gen:6 Ind:8 RMSE(val)=587.596577
[GA][Iter4] Gen:6 Ind:9 RMSE(val)=590.911076
[GA][Iter4] Gen:6 Ind:10 RMSE(val)=591.418296
[GA][Iter4] Gen:6 Ind:11 RMSE(val)=612.013829
[GA][Iter4] Gen:6 Ind:12 RMSE(val)=587.936618
[GA][Iter4] Gen:6 Ind:13 RMSE(val)=583.741407
[GA][Iter4] Gen:6 Ind:14 RMSE(val)=606.779947
[GA][Iter4] Gen:6 Ind:15 RMSE(val)=565.992051
[GA][Iter4] Gen:6 Ind:16 RMSE(val)=592.157215
[GA][Iter4] Gen:6 Ind:17 RMSE(val)=590.512971
[GA][Iter4] Gen:6 Ind:18 RMSE(val)=603.518139
[GA][Iter4] Gen:6 Ind:19 RMSE(val)=604.794181
[GA][Iter4] Gen:6 Ind:20 RMSE(val)=602.457142
[GA][Iter4] gen=6 best_val_rmse=557.344062
[GA][Iter4] Gen:7 Ind:1 RMSE(val)=557.344062
[GA][Iter4] Gen:7 Ind:2 RMSE(val)=565.992051
[GA][Iter4] Gen:7 Ind:3 RMSE(val)=570.803293
[GA][Iter4] Gen:7 Ind:4 RMSE(val)=580.525566
[GA][Iter4] Gen:7 Ind:5 RMSE(val)=582.005392
[GA][Iter4] Gen:7 Ind:6 RMSE(val)=582.848822
[GA][Iter4] Gen:7 Ind:7 RMSE(val)=583.741407
[GA][Iter4] Gen:7 Ind:8 RMSE(val)=584.132341
[GA][Iter4] Gen:7 Ind:9 RMSE(val)=586.450755
[GA][Iter4] Gen:7 Ind:10 RMSE(val)=587.596577
[GA][Iter4] Gen:7 Ind:11 RMSE(val)=596.057241
[GA][Iter4] Gen:7 Ind:12 RMSE(val)=574.258787
[GA][Iter4] Gen:7 Ind:13 RMSE(val)=601.815971
[GA][Iter4] Gen:7 Ind:14 RMSE(val)=616.725409
[GA][Iter4] Gen:7 Ind:15 RMSE(val)=590.120498
[GA][Iter4] Gen:7 Ind:16 RMSE(val)=584.187757
[GA][Iter4] Gen:7 Ind:17 RMSE(val)=573.283554
[GA][Iter4] Gen:7 Ind:18 RMSE(val)=600.089439
[GA][Iter4] Gen:7 Ind:19 RMSE(val)=589.352723
[GA][Iter4] Gen:7 Ind:20 RMSE(val)=571.569533
[GA][Iter4] gen=7 best_val_rmse=557.344062
[GA][Iter4] Gen:8 Ind:1 RMSE(val)=557.344062
[GA][Iter4] Gen:8 Ind:2 RMSE(val)=565.992051
[GA][Iter4] Gen:8 Ind:3 RMSE(val)=570.803293
[GA][Iter4] Gen:8 Ind:4 RMSE(val)=571.569533
[GA][Iter4] Gen:8 Ind:5 RMSE(val)=573.283554
[GA][Iter4] Gen:8 Ind:6 RMSE(val)=574.258787
[GA][Iter4] Gen:8 Ind:7 RMSE(val)=580.525566
[GA][Iter4] Gen:8 Ind:8 RMSE(val)=582.005392
[GA][Iter4] Gen:8 Ind:9 RMSE(val)=582.848822
[GA][Iter4] Gen:8 Ind:10 RMSE(val)=583.741407
[GA][Iter4] Gen:8 Ind:11 RMSE(val)=585.042742
[GA][Iter4] Gen:8 Ind:12 RMSE(val)=561.392618
[GA][Iter4] Gen:8 Ind:13 RMSE(val)=582.005392
[GA][Iter4] Gen:8 Ind:14 RMSE(val)=598.351788
[GA][Iter4] Gen:8 Ind:15 RMSE(val)=581.178097
[GA][Iter4] Gen:8 Ind:16 RMSE(val)=576.070770
[GA][Iter4] Gen:8 Ind:17 RMSE(val)=587.104618
[GA][Iter4] Gen:8 Ind:18 RMSE(val)=578.405268
[GA][Iter4] Gen:8 Ind:19 RMSE(val)=565.159719
[GA][Iter4] Gen:8 Ind:20 RMSE(val)=601.310640
[GA][Iter4] gen=8 best_val_rmse=557.344062
[GA][Iter4] Gen:9 Ind:1 RMSE(val)=557.344062
[GA][Iter4] Gen:9 Ind:2 RMSE(val)=561.392618
[GA][Iter4] Gen:9 Ind:3 RMSE(val)=565.159719
[GA][Iter4] Gen:9 Ind:4 RMSE(val)=565.992051
[GA][Iter4] Gen:9 Ind:5 RMSE(val)=570.803293
[GA][Iter4] Gen:9 Ind:6 RMSE(val)=571.569533
[GA][Iter4] Gen:9 Ind:7 RMSE(val)=573.283554
[GA][Iter4] Gen:9 Ind:8 RMSE(val)=574.258787
[GA][Iter4] Gen:9 Ind:9 RMSE(val)=576.070770
[GA][Iter4] Gen:9 Ind:10 RMSE(val)=578.405268
[GA][Iter4] Gen:9 Ind:11 RMSE(val)=585.362202
[GA][Iter4] Gen:9 Ind:12 RMSE(val)=607.152052
[GA][Iter4] Gen:9 Ind:13 RMSE(val)=585.705342
[GA][Iter4] Gen:9 Ind:14 RMSE(val)=580.128017
[GA][Iter4] Gen:9 Ind:15 RMSE(val)=562.766201
[GA][Iter4] Gen:9 Ind:16 RMSE(val)=555.955835
[GA][Iter4] Gen:9 Ind:17 RMSE(val)=576.060063
[GA][Iter4] Gen:9 Ind:18 RMSE(val)=608.641863
[GA][Iter4] Gen:9 Ind:19 RMSE(val)=585.937000
[GA][Iter4] Gen:9 Ind:20 RMSE(val)=573.012815
[GA][Iter4] gen=9 best_val_rmse=555.955835
[GA][Iter4] Gen:10 Ind:1 RMSE(val)=555.955835
[GA][Iter4] Gen:10 Ind:2 RMSE(val)=557.344062
[GA][Iter4] Gen:10 Ind:3 RMSE(val)=561.392618
[GA][Iter4] Gen:10 Ind:4 RMSE(val)=562.766201
[GA][Iter4] Gen:10 Ind:5 RMSE(val)=565.159719
[GA][Iter4] Gen:10 Ind:6 RMSE(val)=565.992051
[GA][Iter4] Gen:10 Ind:7 RMSE(val)=570.803293
[GA][Iter4] Gen:10 Ind:8 RMSE(val)=571.569533
[GA][Iter4] Gen:10 Ind:9 RMSE(val)=573.012815
[GA][Iter4] Gen:10 Ind:10 RMSE(val)=573.283554
[GA][Iter4] Gen:10 Ind:11 RMSE(val)=596.263157
[GA][Iter4] Gen:10 Ind:12 RMSE(val)=599.217305
[GA][Iter4] Gen:10 Ind:13 RMSE(val)=584.577472
[GA][Iter4] Gen:10 Ind:14 RMSE(val)=590.326423
[GA][Iter4] Gen:10 Ind:15 RMSE(val)=576.132533
[GA][Iter4] Gen:10 Ind:16 RMSE(val)=573.373193
[GA][Iter4] Gen:10 Ind:17 RMSE(val)=565.898133
[GA][Iter4] Gen:10 Ind:18 RMSE(val)=591.823141
[GA][Iter4] Gen:10 Ind:19 RMSE(val)=581.178097
[GA][Iter4] Gen:10 Ind:20 RMSE(val)=582.445306
[GA][Iter4] gen=10 best_val_rmse=555.955835
[GA][Iter4] Gen:11 Ind:1 RMSE(val)=555.955835
[GA][Iter4] Gen:11 Ind:2 RMSE(val)=557.344062
[GA][Iter4] Gen:11 Ind:3 RMSE(val)=561.392618
[GA][Iter4] Gen:11 Ind:4 RMSE(val)=562.766201
[GA][Iter4] Gen:11 Ind:5 RMSE(val)=565.159719
[GA][Iter4] Gen:11 Ind:6 RMSE(val)=565.898133
[GA][Iter4] Gen:11 Ind:7 RMSE(val)=565.992051
[GA][Iter4] Gen:11 Ind:8 RMSE(val)=570.803293
[GA][Iter4] Gen:11 Ind:9 RMSE(val)=571.569533
[GA][Iter4] Gen:11 Ind:10 RMSE(val)=573.012815
[GA][Iter4] Gen:11 Ind:11 RMSE(val)=536.039041
[GA][Iter4] Gen:11 Ind:12 RMSE(val)=588.495734
[GA][Iter4] Gen:11 Ind:13 RMSE(val)=598.908964
[GA][Iter4] Gen:11 Ind:14 RMSE(val)=558.692854
[GA][Iter4] Gen:11 Ind:15 RMSE(val)=595.264738
[GA][Iter4] Gen:11 Ind:16 RMSE(val)=575.412665
[GA][Iter4] Gen:11 Ind:17 RMSE(val)=565.276259
[GA][Iter4] Gen:11 Ind:18 RMSE(val)=574.907410
[GA][Iter4] Gen:11 Ind:19 RMSE(val)=570.906199
[GA][Iter4] Gen:11 Ind:20 RMSE(val)=582.510105
[GA][Iter4] gen=11 best_val_rmse=536.039041
[GA][Iter4] Gen:12 Ind:1 RMSE(val)=536.039041
[GA][Iter4] Gen:12 Ind:2 RMSE(val)=555.955835
[GA][Iter4] Gen:12 Ind:3 RMSE(val)=557.344062
[GA][Iter4] Gen:12 Ind:4 RMSE(val)=558.692854
[GA][Iter4] Gen:12 Ind:5 RMSE(val)=561.392618
[GA][Iter4] Gen:12 Ind:6 RMSE(val)=562.766201
[GA][Iter4] Gen:12 Ind:7 RMSE(val)=565.159719
[GA][Iter4] Gen:12 Ind:8 RMSE(val)=565.276259
[GA][Iter4] Gen:12 Ind:9 RMSE(val)=565.898133
[GA][Iter4] Gen:12 Ind:10 RMSE(val)=565.992051
[GA][Iter4] Gen:12 Ind:11 RMSE(val)=595.659000
[GA][Iter4] Gen:12 Ind:12 RMSE(val)=569.645151
[GA][Iter4] Gen:12 Ind:13 RMSE(val)=557.253057
[GA][Iter4] Gen:12 Ind:14 RMSE(val)=575.576066
[GA][Iter4] Gen:12 Ind:15 RMSE(val)=590.326423
[GA][Iter4] Gen:12 Ind:16 RMSE(val)=569.785260
[GA][Iter4] Gen:12 Ind:17 RMSE(val)=565.348087
[GA][Iter4] Gen:12 Ind:18 RMSE(val)=573.351481
[GA][Iter4] Gen:12 Ind:19 RMSE(val)=562.681433
[GA][Iter4] Gen:12 Ind:20 RMSE(val)=573.266779
[GA][Iter4] gen=12 best_val_rmse=536.039041
[GA][Iter4] Gen:13 Ind:1 RMSE(val)=536.039041
[GA][Iter4] Gen:13 Ind:2 RMSE(val)=555.955835
[GA][Iter4] Gen:13 Ind:3 RMSE(val)=557.253057
[GA][Iter4] Gen:13 Ind:4 RMSE(val)=557.344062
[GA][Iter4] Gen:13 Ind:5 RMSE(val)=558.692854
[GA][Iter4] Gen:13 Ind:6 RMSE(val)=561.392618
[GA][Iter4] Gen:13 Ind:7 RMSE(val)=562.681433
[GA][Iter4] Gen:13 Ind:8 RMSE(val)=562.766201
[GA][Iter4] Gen:13 Ind:9 RMSE(val)=565.159719
[GA][Iter4] Gen:13 Ind:10 RMSE(val)=565.276259
[GA][Iter4] Gen:13 Ind:11 RMSE(val)=585.656010
[GA][Iter4] Gen:13 Ind:12 RMSE(val)=575.413216
[GA][Iter4] Gen:13 Ind:13 RMSE(val)=551.640536
[GA][Iter4] Gen:13 Ind:14 RMSE(val)=573.880521
[GA][Iter4] Gen:13 Ind:15 RMSE(val)=563.092312
[GA][Iter4] Gen:13 Ind:16 RMSE(val)=569.785260
[GA][Iter4] Gen:13 Ind:17 RMSE(val)=551.959610
[GA][Iter4] Gen:13 Ind:18 RMSE(val)=580.301081
[GA][Iter4] Gen:13 Ind:19 RMSE(val)=561.392618
[GA][Iter4] Gen:13 Ind:20 RMSE(val)=579.910340
[GA][Iter4] gen=13 best_val_rmse=536.039041
[GA][Iter4] Gen:14 Ind:1 RMSE(val)=536.039041
[GA][Iter4] Gen:14 Ind:2 RMSE(val)=551.640536
[GA][Iter4] Gen:14 Ind:3 RMSE(val)=551.959610
[GA][Iter4] Gen:14 Ind:4 RMSE(val)=555.955835
[GA][Iter4] Gen:14 Ind:5 RMSE(val)=557.253057
[GA][Iter4] Gen:14 Ind:6 RMSE(val)=557.344062
[GA][Iter4] Gen:14 Ind:7 RMSE(val)=558.692854
[GA][Iter4] Gen:14 Ind:8 RMSE(val)=561.392618
[GA][Iter4] Gen:14 Ind:9 RMSE(val)=561.392618
[GA][Iter4] Gen:14 Ind:10 RMSE(val)=562.681433
[GA][Iter4] Gen:14 Ind:11 RMSE(val)=562.681433
[GA][Iter4] Gen:14 Ind:12 RMSE(val)=590.411363
[GA][Iter4] Gen:14 Ind:13 RMSE(val)=579.807300
[GA][Iter4] Gen:14 Ind:14 RMSE(val)=570.049275
[GA][Iter4] Gen:14 Ind:15 RMSE(val)=578.483951
[GA][Iter4] Gen:14 Ind:16 RMSE(val)=562.681433
[GA][Iter4] Gen:14 Ind:17 RMSE(val)=593.167427
[GA][Iter4] Gen:14 Ind:18 RMSE(val)=573.826663
[GA][Iter4] Gen:14 Ind:19 RMSE(val)=578.483951
[GA][Iter4] Gen:14 Ind:20 RMSE(val)=563.764301
[GA][Iter4] gen=14 best_val_rmse=536.039041
[GA][Iter4] Gen:15 Ind:1 RMSE(val)=536.039041
[GA][Iter4] Gen:15 Ind:2 RMSE(val)=551.640536
[GA][Iter4] Gen:15 Ind:3 RMSE(val)=551.959610
[GA][Iter4] Gen:15 Ind:4 RMSE(val)=555.955835
[GA][Iter4] Gen:15 Ind:5 RMSE(val)=557.253057
[GA][Iter4] Gen:15 Ind:6 RMSE(val)=557.344062
[GA][Iter4] Gen:15 Ind:7 RMSE(val)=558.692854
[GA][Iter4] Gen:15 Ind:8 RMSE(val)=561.392618
[GA][Iter4] Gen:15 Ind:9 RMSE(val)=561.392618
[GA][Iter4] Gen:15 Ind:10 RMSE(val)=562.681433
[GA][Iter4] Gen:15 Ind:11 RMSE(val)=580.205329
[GA][Iter4] Gen:15 Ind:12 RMSE(val)=576.056268
[GA][Iter4] Gen:15 Ind:13 RMSE(val)=585.656010
[GA][Iter4] Gen:15 Ind:14 RMSE(val)=571.902641
[GA][Iter4] Gen:15 Ind:15 RMSE(val)=554.524421
[GA][Iter4] Gen:15 Ind:16 RMSE(val)=561.352165
[GA][Iter4] Gen:15 Ind:17 RMSE(val)=570.863960
[GA][Iter4] Gen:15 Ind:18 RMSE(val)=585.173723
[GA][Iter4] Gen:15 Ind:19 RMSE(val)=557.253057
[GA][Iter4] Gen:15 Ind:20 RMSE(val)=602.022858
[GA][Iter4] gen=15 best_val_rmse=536.039041
[GA][Iter4] Gen:15 Ind:1 RMSE(val)=536.039041
[GA][Iter4] Gen:15 Ind:2 RMSE(val)=551.640536
[GA][Iter4] Gen:15 Ind:3 RMSE(val)=551.959610
[GA][Iter4] Gen:15 Ind:4 RMSE(val)=554.524421
[GA][Iter4] Gen:15 Ind:5 RMSE(val)=555.955835
[GA][Iter4] Gen:15 Ind:6 RMSE(val)=557.253057
[GA][Iter4] Gen:15 Ind:7 RMSE(val)=557.253057
[GA][Iter4] Gen:15 Ind:8 RMSE(val)=557.344062
[GA][Iter4] Gen:15 Ind:9 RMSE(val)=558.692854
[GA][Iter4] Gen:15 Ind:10 RMSE(val)=561.352165
[GA][Iter4] Gen:15 Ind:11 RMSE(val)=558.692854
[GA][Iter4] Gen:15 Ind:12 RMSE(val)=551.959610
[GA][Iter4] Gen:15 Ind:13 RMSE(val)=580.042157
[GA][Iter4] Gen:15 Ind:14 RMSE(val)=549.523850
[GA][Iter4] Gen:15 Ind:15 RMSE(val)=574.228582
[GA][Iter4] Gen:15 Ind:16 RMSE(val)=582.523584
[GA][Iter4] Gen:15 Ind:17 RMSE(val)=554.524421
[GA][Iter4] Gen:15 Ind:18 RMSE(val)=536.035483
[GA][Iter4] Gen:15 Ind:19 RMSE(val)=580.790035
[GA][Iter4] Gen:15 Ind:20 RMSE(val)=551.211745

[GA DONE][Iter4] Best params on val fold of Iter4
Best val RMSE: 536.035483
Best params: {'n_estimators': 1126, 'learning_rate': 0.07481187505307113, 'max_depth': 6, 'min_child_weight': 2.2011555846183226, 'subsample': 0.7580201494868954, 'colsample_bytree': 0.6795350602746594, 'reg_lambda': 0.6143785135324807, 'reg_alpha': 0.07107604108991697, 'gamma': 0.039372199725624224}
--------------------------------------------------------------------------------
[RETUNE GA] Iter4: train folds 1..8 -> test fold 9  RMSE=994.437291  NRMSE=0.913353  CVRMSE=0.391676  R2=0.150889
[GA][Iter5] Gen:1 Ind:1 RMSE(val)=991.457205
[GA][Iter5] Gen:1 Ind:2 RMSE(val)=987.730964
[GA][Iter5] Gen:1 Ind:3 RMSE(val)=1007.678791
[GA][Iter5] Gen:1 Ind:4 RMSE(val)=1084.415798
[GA][Iter5] Gen:1 Ind:5 RMSE(val)=1027.873861
[GA][Iter5] Gen:1 Ind:6 RMSE(val)=991.105651
[GA][Iter5] Gen:1 Ind:7 RMSE(val)=1089.493567
[GA][Iter5] Gen:1 Ind:8 RMSE(val)=990.266094
[GA][Iter5] Gen:1 Ind:9 RMSE(val)=994.744078
[GA][Iter5] Gen:1 Ind:10 RMSE(val)=986.259067
[GA][Iter5] Gen:1 Ind:11 RMSE(val)=1082.944041
[GA][Iter5] Gen:1 Ind:12 RMSE(val)=965.640661
[GA][Iter5] Gen:1 Ind:13 RMSE(val)=1060.248502
[GA][Iter5] Gen:1 Ind:14 RMSE(val)=982.812495
[GA][Iter5] Gen:1 Ind:15 RMSE(val)=980.743606
[GA][Iter5] Gen:1 Ind:16 RMSE(val)=1073.523909
[GA][Iter5] Gen:1 Ind:17 RMSE(val)=972.774841
[GA][Iter5] Gen:1 Ind:18 RMSE(val)=975.114302
[GA][Iter5] Gen:1 Ind:19 RMSE(val)=1002.410492
[GA][Iter5] Gen:1 Ind:20 RMSE(val)=998.750119
[GA][Iter5] gen=1 best_val_rmse=965.640661
[GA][Iter5] Gen:2 Ind:1 RMSE(val)=965.640661
[GA][Iter5] Gen:2 Ind:2 RMSE(val)=972.774841
[GA][Iter5] Gen:2 Ind:3 RMSE(val)=975.114302
[GA][Iter5] Gen:2 Ind:4 RMSE(val)=980.743606
[GA][Iter5] Gen:2 Ind:5 RMSE(val)=982.812495
[GA][Iter5] Gen:2 Ind:6 RMSE(val)=986.259067
[GA][Iter5] Gen:2 Ind:7 RMSE(val)=987.730964
[GA][Iter5] Gen:2 Ind:8 RMSE(val)=990.266094
[GA][Iter5] Gen:2 Ind:9 RMSE(val)=991.105651
[GA][Iter5] Gen:2 Ind:10 RMSE(val)=991.457205
[GA][Iter5] Gen:2 Ind:11 RMSE(val)=977.914469
[GA][Iter5] Gen:2 Ind:12 RMSE(val)=991.668569
[GA][Iter5] Gen:2 Ind:13 RMSE(val)=999.253458
[GA][Iter5] Gen:2 Ind:14 RMSE(val)=986.558293
[GA][Iter5] Gen:2 Ind:15 RMSE(val)=988.755438
[GA][Iter5] Gen:2 Ind:16 RMSE(val)=996.567940
[GA][Iter5] Gen:2 Ind:17 RMSE(val)=984.242008
[GA][Iter5] Gen:2 Ind:18 RMSE(val)=1003.731227
[GA][Iter5] Gen:2 Ind:19 RMSE(val)=983.555955
[GA][Iter5] Gen:2 Ind:20 RMSE(val)=981.115452
[GA][Iter5] gen=2 best_val_rmse=965.640661
[GA][Iter5] Gen:3 Ind:1 RMSE(val)=965.640661
[GA][Iter5] Gen:3 Ind:2 RMSE(val)=972.774841
[GA][Iter5] Gen:3 Ind:3 RMSE(val)=975.114302
[GA][Iter5] Gen:3 Ind:4 RMSE(val)=977.914469
[GA][Iter5] Gen:3 Ind:5 RMSE(val)=980.743606
[GA][Iter5] Gen:3 Ind:6 RMSE(val)=981.115452
[GA][Iter5] Gen:3 Ind:7 RMSE(val)=982.812495
[GA][Iter5] Gen:3 Ind:8 RMSE(val)=983.555955
[GA][Iter5] Gen:3 Ind:9 RMSE(val)=984.242008
[GA][Iter5] Gen:3 Ind:10 RMSE(val)=986.259067
[GA][Iter5] Gen:3 Ind:11 RMSE(val)=986.923542
[GA][Iter5] Gen:3 Ind:12 RMSE(val)=992.783848
[GA][Iter5] Gen:3 Ind:13 RMSE(val)=982.402158
[GA][Iter5] Gen:3 Ind:14 RMSE(val)=972.260815
[GA][Iter5] Gen:3 Ind:15 RMSE(val)=979.712517
[GA][Iter5] Gen:3 Ind:16 RMSE(val)=986.204670
[GA][Iter5] Gen:3 Ind:17 RMSE(val)=973.520631
[GA][Iter5] Gen:3 Ind:18 RMSE(val)=977.135324
[GA][Iter5] Gen:3 Ind:19 RMSE(val)=976.985729
[GA][Iter5] Gen:3 Ind:20 RMSE(val)=971.851227
[GA][Iter5] gen=3 best_val_rmse=965.640661
[GA][Iter5] Gen:4 Ind:1 RMSE(val)=965.640661
[GA][Iter5] Gen:4 Ind:2 RMSE(val)=971.851227
[GA][Iter5] Gen:4 Ind:3 RMSE(val)=972.260815
[GA][Iter5] Gen:4 Ind:4 RMSE(val)=972.774841
[GA][Iter5] Gen:4 Ind:5 RMSE(val)=973.520631
[GA][Iter5] Gen:4 Ind:6 RMSE(val)=975.114302
[GA][Iter5] Gen:4 Ind:7 RMSE(val)=976.985729
[GA][Iter5] Gen:4 Ind:8 RMSE(val)=977.135324
[GA][Iter5] Gen:4 Ind:9 RMSE(val)=977.914469
[GA][Iter5] Gen:4 Ind:10 RMSE(val)=979.712517
[GA][Iter5] Gen:4 Ind:11 RMSE(val)=974.204632
[GA][Iter5] Gen:4 Ind:12 RMSE(val)=986.011271
[GA][Iter5] Gen:4 Ind:13 RMSE(val)=972.157774
[GA][Iter5] Gen:4 Ind:14 RMSE(val)=976.564043
[GA][Iter5] Gen:4 Ind:15 RMSE(val)=969.060975
[GA][Iter5] Gen:4 Ind:16 RMSE(val)=977.280345
[GA][Iter5] Gen:4 Ind:17 RMSE(val)=978.301974
[GA][Iter5] Gen:4 Ind:18 RMSE(val)=980.920180
[GA][Iter5] Gen:4 Ind:19 RMSE(val)=980.338299
[GA][Iter5] Gen:4 Ind:20 RMSE(val)=962.447564
[GA][Iter5] gen=4 best_val_rmse=962.447564
[GA][Iter5] Gen:5 Ind:1 RMSE(val)=962.447564
[GA][Iter5] Gen:5 Ind:2 RMSE(val)=965.640661
[GA][Iter5] Gen:5 Ind:3 RMSE(val)=969.060975
[GA][Iter5] Gen:5 Ind:4 RMSE(val)=971.851227
[GA][Iter5] Gen:5 Ind:5 RMSE(val)=972.157774
[GA][Iter5] Gen:5 Ind:6 RMSE(val)=972.260815
[GA][Iter5] Gen:5 Ind:7 RMSE(val)=972.774841
[GA][Iter5] Gen:5 Ind:8 RMSE(val)=973.520631
[GA][Iter5] Gen:5 Ind:9 RMSE(val)=974.204632
[GA][Iter5] Gen:5 Ind:10 RMSE(val)=975.114302
[GA][Iter5] Gen:5 Ind:11 RMSE(val)=972.989417
[GA][Iter5] Gen:5 Ind:12 RMSE(val)=979.045408
[GA][Iter5] Gen:5 Ind:13 RMSE(val)=973.048520
[GA][Iter5] Gen:5 Ind:14 RMSE(val)=968.446145
[GA][Iter5] Gen:5 Ind:15 RMSE(val)=969.643514
[GA][Iter5] Gen:5 Ind:16 RMSE(val)=981.385642
[GA][Iter5] Gen:5 Ind:17 RMSE(val)=980.353656
[GA][Iter5] Gen:5 Ind:18 RMSE(val)=984.587082
[GA][Iter5] Gen:5 Ind:19 RMSE(val)=970.394500
[GA][Iter5] Gen:5 Ind:20 RMSE(val)=976.418134
[GA][Iter5] gen=5 best_val_rmse=962.447564
[GA][Iter5] Gen:6 Ind:1 RMSE(val)=962.447564
[GA][Iter5] Gen:6 Ind:2 RMSE(val)=965.640661
[GA][Iter5] Gen:6 Ind:3 RMSE(val)=968.446145
[GA][Iter5] Gen:6 Ind:4 RMSE(val)=969.060975
[GA][Iter5] Gen:6 Ind:5 RMSE(val)=969.643514
[GA][Iter5] Gen:6 Ind:6 RMSE(val)=970.394500
[GA][Iter5] Gen:6 Ind:7 RMSE(val)=971.851227
[GA][Iter5] Gen:6 Ind:8 RMSE(val)=972.157774
[GA][Iter5] Gen:6 Ind:9 RMSE(val)=972.260815
[GA][Iter5] Gen:6 Ind:10 RMSE(val)=972.774841
[GA][Iter5] Gen:6 Ind:11 RMSE(val)=974.537884
[GA][Iter5] Gen:6 Ind:12 RMSE(val)=969.839434
[GA][Iter5] Gen:6 Ind:13 RMSE(val)=977.297511
[GA][Iter5] Gen:6 Ind:14 RMSE(val)=957.568847
[GA][Iter5] Gen:6 Ind:15 RMSE(val)=979.963177
[GA][Iter5] Gen:6 Ind:16 RMSE(val)=961.208591
[GA][Iter5] Gen:6 Ind:17 RMSE(val)=966.137145
[GA][Iter5] Gen:6 Ind:18 RMSE(val)=974.940097
[GA][Iter5] Gen:6 Ind:19 RMSE(val)=971.773124
[GA][Iter5] Gen:6 Ind:20 RMSE(val)=974.790200
[GA][Iter5] gen=6 best_val_rmse=957.568847
[GA][Iter5] Gen:7 Ind:1 RMSE(val)=957.568847
[GA][Iter5] Gen:7 Ind:2 RMSE(val)=961.208591
[GA][Iter5] Gen:7 Ind:3 RMSE(val)=962.447564
[GA][Iter5] Gen:7 Ind:4 RMSE(val)=965.640661
[GA][Iter5] Gen:7 Ind:5 RMSE(val)=966.137145
[GA][Iter5] Gen:7 Ind:6 RMSE(val)=968.446145
[GA][Iter5] Gen:7 Ind:7 RMSE(val)=969.060975
[GA][Iter5] Gen:7 Ind:8 RMSE(val)=969.643514
[GA][Iter5] Gen:7 Ind:9 RMSE(val)=969.839434
[GA][Iter5] Gen:7 Ind:10 RMSE(val)=970.394500
[GA][Iter5] Gen:7 Ind:11 RMSE(val)=977.333508
[GA][Iter5] Gen:7 Ind:12 RMSE(val)=968.936382
[GA][Iter5] Gen:7 Ind:13 RMSE(val)=969.060975
[GA][Iter5] Gen:7 Ind:14 RMSE(val)=965.654589
[GA][Iter5] Gen:7 Ind:15 RMSE(val)=968.446145
[GA][Iter5] Gen:7 Ind:16 RMSE(val)=970.967592
[GA][Iter5] Gen:7 Ind:17 RMSE(val)=966.884423
[GA][Iter5] Gen:7 Ind:18 RMSE(val)=969.499956
[GA][Iter5] Gen:7 Ind:19 RMSE(val)=979.558430
[GA][Iter5] Gen:7 Ind:20 RMSE(val)=974.317861
[GA][Iter5] gen=7 best_val_rmse=957.568847
[GA][Iter5] Gen:8 Ind:1 RMSE(val)=957.568847
[GA][Iter5] Gen:8 Ind:2 RMSE(val)=961.208591
[GA][Iter5] Gen:8 Ind:3 RMSE(val)=962.447564
[GA][Iter5] Gen:8 Ind:4 RMSE(val)=965.640661
[GA][Iter5] Gen:8 Ind:5 RMSE(val)=965.654589
[GA][Iter5] Gen:8 Ind:6 RMSE(val)=966.137145
[GA][Iter5] Gen:8 Ind:7 RMSE(val)=966.884423
[GA][Iter5] Gen:8 Ind:8 RMSE(val)=968.446145
[GA][Iter5] Gen:8 Ind:9 RMSE(val)=968.446145
[GA][Iter5] Gen:8 Ind:10 RMSE(val)=968.936382
[GA][Iter5] Gen:8 Ind:11 RMSE(val)=971.367818
[GA][Iter5] Gen:8 Ind:12 RMSE(val)=965.072431
[GA][Iter5] Gen:8 Ind:13 RMSE(val)=967.892514
[GA][Iter5] Gen:8 Ind:14 RMSE(val)=970.839316
[GA][Iter5] Gen:8 Ind:15 RMSE(val)=969.839434
[GA][Iter5] Gen:8 Ind:16 RMSE(val)=970.278871
[GA][Iter5] Gen:8 Ind:17 RMSE(val)=967.052687
[GA][Iter5] Gen:8 Ind:18 RMSE(val)=962.646285
[GA][Iter5] Gen:8 Ind:19 RMSE(val)=972.480607
[GA][Iter5] Gen:8 Ind:20 RMSE(val)=977.775496
[GA][Iter5] gen=8 best_val_rmse=957.568847
[GA][Iter5] Gen:9 Ind:1 RMSE(val)=957.568847
[GA][Iter5] Gen:9 Ind:2 RMSE(val)=961.208591
[GA][Iter5] Gen:9 Ind:3 RMSE(val)=962.447564
[GA][Iter5] Gen:9 Ind:4 RMSE(val)=962.646285
[GA][Iter5] Gen:9 Ind:5 RMSE(val)=965.072431
[GA][Iter5] Gen:9 Ind:6 RMSE(val)=965.640661
[GA][Iter5] Gen:9 Ind:7 RMSE(val)=965.654589
[GA][Iter5] Gen:9 Ind:8 RMSE(val)=966.137145
[GA][Iter5] Gen:9 Ind:9 RMSE(val)=966.884423
[GA][Iter5] Gen:9 Ind:10 RMSE(val)=967.052687
[GA][Iter5] Gen:9 Ind:11 RMSE(val)=965.654589
[GA][Iter5] Gen:9 Ind:12 RMSE(val)=973.051040
[GA][Iter5] Gen:9 Ind:13 RMSE(val)=969.361557
[GA][Iter5] Gen:9 Ind:14 RMSE(val)=964.141658
[GA][Iter5] Gen:9 Ind:15 RMSE(val)=965.346336
[GA][Iter5] Gen:9 Ind:16 RMSE(val)=965.654589
[GA][Iter5] Gen:9 Ind:17 RMSE(val)=970.537331
[GA][Iter5] Gen:9 Ind:18 RMSE(val)=981.175016
[GA][Iter5] Gen:9 Ind:19 RMSE(val)=976.477856
[GA][Iter5] Gen:9 Ind:20 RMSE(val)=961.825217
[GA][Iter5] gen=9 best_val_rmse=957.568847
[GA][Iter5] Gen:10 Ind:1 RMSE(val)=957.568847
[GA][Iter5] Gen:10 Ind:2 RMSE(val)=961.208591
[GA][Iter5] Gen:10 Ind:3 RMSE(val)=961.825217
[GA][Iter5] Gen:10 Ind:4 RMSE(val)=962.447564
[GA][Iter5] Gen:10 Ind:5 RMSE(val)=962.646285
[GA][Iter5] Gen:10 Ind:6 RMSE(val)=964.141658
[GA][Iter5] Gen:10 Ind:7 RMSE(val)=965.072431
[GA][Iter5] Gen:10 Ind:8 RMSE(val)=965.346336
[GA][Iter5] Gen:10 Ind:9 RMSE(val)=965.640661
[GA][Iter5] Gen:10 Ind:10 RMSE(val)=965.654589
[GA][Iter5] Gen:10 Ind:11 RMSE(val)=970.191643
[GA][Iter5] Gen:10 Ind:12 RMSE(val)=972.244446
[GA][Iter5] Gen:10 Ind:13 RMSE(val)=961.827779
[GA][Iter5] Gen:10 Ind:14 RMSE(val)=962.646285
[GA][Iter5] Gen:10 Ind:15 RMSE(val)=969.661715
[GA][Iter5] Gen:10 Ind:16 RMSE(val)=964.644672
[GA][Iter5] Gen:10 Ind:17 RMSE(val)=962.646285
[GA][Iter5] Gen:10 Ind:18 RMSE(val)=965.346336
[GA][Iter5] Gen:10 Ind:19 RMSE(val)=961.208591
[GA][Iter5] Gen:10 Ind:20 RMSE(val)=962.202564
[GA][Iter5] gen=10 best_val_rmse=957.568847
[GA][Iter5] Gen:11 Ind:1 RMSE(val)=957.568847
[GA][Iter5] Gen:11 Ind:2 RMSE(val)=961.208591
[GA][Iter5] Gen:11 Ind:3 RMSE(val)=961.208591
[GA][Iter5] Gen:11 Ind:4 RMSE(val)=961.825217
[GA][Iter5] Gen:11 Ind:5 RMSE(val)=961.827779
[GA][Iter5] Gen:11 Ind:6 RMSE(val)=962.202564
[GA][Iter5] Gen:11 Ind:7 RMSE(val)=962.447564
[GA][Iter5] Gen:11 Ind:8 RMSE(val)=962.646285
[GA][Iter5] Gen:11 Ind:9 RMSE(val)=962.646285
[GA][Iter5] Gen:11 Ind:10 RMSE(val)=962.646285
[GA][Iter5] Gen:11 Ind:11 RMSE(val)=967.511051
[GA][Iter5] Gen:11 Ind:12 RMSE(val)=968.721587
[GA][Iter5] Gen:11 Ind:13 RMSE(val)=959.986671
[GA][Iter5] Gen:11 Ind:14 RMSE(val)=962.646285
[GA][Iter5] Gen:11 Ind:15 RMSE(val)=967.002245
[GA][Iter5] Gen:11 Ind:16 RMSE(val)=971.723349
[GA][Iter5] Gen:11 Ind:17 RMSE(val)=960.058828
[GA][Iter5] Gen:11 Ind:18 RMSE(val)=962.182801
[GA][Iter5] Gen:11 Ind:19 RMSE(val)=964.623258
[GA][Iter5] Gen:11 Ind:20 RMSE(val)=966.295946
[GA][Iter5] gen=11 best_val_rmse=957.568847
[GA][Iter5] Gen:12 Ind:1 RMSE(val)=957.568847
[GA][Iter5] Gen:12 Ind:2 RMSE(val)=959.986671
[GA][Iter5] Gen:12 Ind:3 RMSE(val)=960.058828
[GA][Iter5] Gen:12 Ind:4 RMSE(val)=961.208591
[GA][Iter5] Gen:12 Ind:5 RMSE(val)=961.208591
[GA][Iter5] Gen:12 Ind:6 RMSE(val)=961.825217
[GA][Iter5] Gen:12 Ind:7 RMSE(val)=961.827779
[GA][Iter5] Gen:12 Ind:8 RMSE(val)=962.182801
[GA][Iter5] Gen:12 Ind:9 RMSE(val)=962.202564
[GA][Iter5] Gen:12 Ind:10 RMSE(val)=962.447564
[GA][Iter5] Gen:12 Ind:11 RMSE(val)=962.452051
[GA][Iter5] Gen:12 Ind:12 RMSE(val)=964.606721
[GA][Iter5] Gen:12 Ind:13 RMSE(val)=965.364755
[GA][Iter5] Gen:12 Ind:14 RMSE(val)=965.647510
[GA][Iter5] Gen:12 Ind:15 RMSE(val)=969.195756
[GA][Iter5] Gen:12 Ind:16 RMSE(val)=966.671613
[GA][Iter5] Gen:12 Ind:17 RMSE(val)=966.922888
[GA][Iter5] Gen:12 Ind:18 RMSE(val)=967.195615
[GA][Iter5] Gen:12 Ind:19 RMSE(val)=962.198297
[GA][Iter5] Gen:12 Ind:20 RMSE(val)=969.441477
[GA][Iter5] gen=12 best_val_rmse=957.568847
[GA][Iter5] Gen:13 Ind:1 RMSE(val)=957.568847
[GA][Iter5] Gen:13 Ind:2 RMSE(val)=959.986671
[GA][Iter5] Gen:13 Ind:3 RMSE(val)=960.058828
[GA][Iter5] Gen:13 Ind:4 RMSE(val)=961.208591
[GA][Iter5] Gen:13 Ind:5 RMSE(val)=961.208591
[GA][Iter5] Gen:13 Ind:6 RMSE(val)=961.825217
[GA][Iter5] Gen:13 Ind:7 RMSE(val)=961.827779
[GA][Iter5] Gen:13 Ind:8 RMSE(val)=962.182801
[GA][Iter5] Gen:13 Ind:9 RMSE(val)=962.198297
[GA][Iter5] Gen:13 Ind:10 RMSE(val)=962.202564
[GA][Iter5] Gen:13 Ind:11 RMSE(val)=966.671613
[GA][Iter5] Gen:13 Ind:12 RMSE(val)=965.364755
[GA][Iter5] Gen:13 Ind:13 RMSE(val)=959.442895
[GA][Iter5] Gen:13 Ind:14 RMSE(val)=960.215442
[GA][Iter5] Gen:13 Ind:15 RMSE(val)=975.676242
[GA][Iter5] Gen:13 Ind:16 RMSE(val)=963.656154
[GA][Iter5] Gen:13 Ind:17 RMSE(val)=956.891152
[GA][Iter5] Gen:13 Ind:18 RMSE(val)=964.059299
[GA][Iter5] Gen:13 Ind:19 RMSE(val)=961.825217
[GA][Iter5] Gen:13 Ind:20 RMSE(val)=963.170532
[GA][Iter5] gen=13 best_val_rmse=956.891152
[GA][Iter5] Gen:14 Ind:1 RMSE(val)=956.891152
[GA][Iter5] Gen:14 Ind:2 RMSE(val)=957.568847
[GA][Iter5] Gen:14 Ind:3 RMSE(val)=959.442895
[GA][Iter5] Gen:14 Ind:4 RMSE(val)=959.986671
[GA][Iter5] Gen:14 Ind:5 RMSE(val)=960.058828
[GA][Iter5] Gen:14 Ind:6 RMSE(val)=960.215442
[GA][Iter5] Gen:14 Ind:7 RMSE(val)=961.208591
[GA][Iter5] Gen:14 Ind:8 RMSE(val)=961.208591
[GA][Iter5] Gen:14 Ind:9 RMSE(val)=961.825217
[GA][Iter5] Gen:14 Ind:10 RMSE(val)=961.825217
[GA][Iter5] Gen:14 Ind:11 RMSE(val)=967.195615
[GA][Iter5] Gen:14 Ind:12 RMSE(val)=961.804787
[GA][Iter5] Gen:14 Ind:13 RMSE(val)=963.878396
[GA][Iter5] Gen:14 Ind:14 RMSE(val)=959.442895
[GA][Iter5] Gen:14 Ind:15 RMSE(val)=960.215442
[GA][Iter5] Gen:14 Ind:16 RMSE(val)=961.825217
[GA][Iter5] Gen:14 Ind:17 RMSE(val)=960.215442
[GA][Iter5] Gen:14 Ind:18 RMSE(val)=951.188879
[GA][Iter5] Gen:14 Ind:19 RMSE(val)=960.215442
[GA][Iter5] Gen:14 Ind:20 RMSE(val)=966.249209
[GA][Iter5] gen=14 best_val_rmse=951.188879
[GA][Iter5] Gen:15 Ind:1 RMSE(val)=951.188879
[GA][Iter5] Gen:15 Ind:2 RMSE(val)=956.891152
[GA][Iter5] Gen:15 Ind:3 RMSE(val)=957.568847
[GA][Iter5] Gen:15 Ind:4 RMSE(val)=959.442895
[GA][Iter5] Gen:15 Ind:5 RMSE(val)=959.442895
[GA][Iter5] Gen:15 Ind:6 RMSE(val)=959.986671
[GA][Iter5] Gen:15 Ind:7 RMSE(val)=960.058828
[GA][Iter5] Gen:15 Ind:8 RMSE(val)=960.215442
[GA][Iter5] Gen:15 Ind:9 RMSE(val)=960.215442
[GA][Iter5] Gen:15 Ind:10 RMSE(val)=960.215442
[GA][Iter5] Gen:15 Ind:11 RMSE(val)=959.986671
[GA][Iter5] Gen:15 Ind:12 RMSE(val)=964.134065
[GA][Iter5] Gen:15 Ind:13 RMSE(val)=965.346336
[GA][Iter5] Gen:15 Ind:14 RMSE(val)=960.215442
[GA][Iter5] Gen:15 Ind:15 RMSE(val)=951.303974
[GA][Iter5] Gen:15 Ind:16 RMSE(val)=956.891152
[GA][Iter5] Gen:15 Ind:17 RMSE(val)=967.195615
[GA][Iter5] Gen:15 Ind:18 RMSE(val)=960.058828
[GA][Iter5] Gen:15 Ind:19 RMSE(val)=959.442895
[GA][Iter5] Gen:15 Ind:20 RMSE(val)=956.891152
[GA][Iter5] gen=15 best_val_rmse=951.188879
[GA][Iter5] Gen:15 Ind:1 RMSE(val)=951.188879
[GA][Iter5] Gen:15 Ind:2 RMSE(val)=951.303974
[GA][Iter5] Gen:15 Ind:3 RMSE(val)=956.891152
[GA][Iter5] Gen:15 Ind:4 RMSE(val)=956.891152
[GA][Iter5] Gen:15 Ind:5 RMSE(val)=956.891152
[GA][Iter5] Gen:15 Ind:6 RMSE(val)=957.568847
[GA][Iter5] Gen:15 Ind:7 RMSE(val)=959.442895
[GA][Iter5] Gen:15 Ind:8 RMSE(val)=959.442895
[GA][Iter5] Gen:15 Ind:9 RMSE(val)=959.442895
[GA][Iter5] Gen:15 Ind:10 RMSE(val)=959.986671
[GA][Iter5] Gen:15 Ind:11 RMSE(val)=959.442895
[GA][Iter5] Gen:15 Ind:12 RMSE(val)=951.188879
[GA][Iter5] Gen:15 Ind:13 RMSE(val)=959.442895
[GA][Iter5] Gen:15 Ind:14 RMSE(val)=956.891152
[GA][Iter5] Gen:15 Ind:15 RMSE(val)=975.596901
[GA][Iter5] Gen:15 Ind:16 RMSE(val)=971.397304
[GA][Iter5] Gen:15 Ind:17 RMSE(val)=953.604387
[GA][Iter5] Gen:15 Ind:18 RMSE(val)=951.188879
[GA][Iter5] Gen:15 Ind:19 RMSE(val)=950.294624
[GA][Iter5] Gen:15 Ind:20 RMSE(val)=953.604387

[GA DONE][Iter5] Best params on val fold of Iter5
Best val RMSE: 950.294624
Best params: {'n_estimators': 1322, 'learning_rate': 0.03844946062904683, 'max_depth': 5, 'min_child_weight': 2.870998278955535, 'subsample': 0.5144605678670193, 'colsample_bytree': 0.7447985774854444, 'reg_lambda': 11.152861883505508, 'reg_alpha': 2.2158975641550294, 'gamma': 0.08288458688284585}
--------------------------------------------------------------------------------
[RETUNE GA] Iter5: train folds 1..9 -> test fold 10  RMSE=1224.683424  NRMSE=0.775217  CVRMSE=0.438010  R2=0.388307
