=== BASELINE (project=radare2, last-7 mean, expanding folds) ===
Iter1: train folds 1..5 -> test fold 6  RMSE=1241.6227  NRMSE=1.0167  CVRMSE=0.6212  R˛=-0.0383
Iter2: train folds 1..6 -> test fold 7  RMSE=1249.9319  NRMSE=1.0486  CVRMSE=0.6852  R˛=-0.1044
Iter3: train folds 1..7 -> test fold 8  RMSE=1125.3908  NRMSE=1.0219  CVRMSE=0.5815  R˛=-0.0489
Iter4: train folds 1..8 -> test fold 9  RMSE=1100.5482  NRMSE=1.0520  CVRMSE=0.5530  R˛=-0.1115
Iter5: train folds 1..9 -> test fold 10  RMSE=1349.0990  NRMSE=0.9875  CVRMSE=0.5850  R˛=0.0206
--------------------------------------------------
[FEATURES] initial=146 kept_after_screening=75
['workflow_event_trigger', 'issuer_name', 'total_builds', 'gh_files_added', 'gh_files_deleted', 'gh_files_modified', 'gh_lines_added', 'gh_lines_deleted', 'gh_tests_deleted', 'gh_is_pr', 'gh_sloc', 'gh_description_complexity', 'gh_doc_files', 'gh_other_files', 'gh_commits_on_files_touched', 'gh_num_pr_comments', 'gh_test_lines_per_kloc', 'hour', 'dow', 'secs_since_prev', 'duration_lag_1', 'duration_lag_3', 'duration_lag_5', 'duration_lag_6', 'duration_lag_7', 'window_avg_7', 'window_std_7', 'window_avg_3', 'window_std_4', 'ft___1_', 'ft___acr_', 'ft___bat_', 'ft___bat__', 'ft___build_', 'ft___build__', 'ft___c_', 'ft___c_e_', 'ft___css__', 'ft___c____dup1', 'ft___h_', 'ft___h__', 'ft___md_', 'ft___mk_', 'ft___mk__', 'ft___opc_', 'ft___sh__', 'ft___spec__', 'ft___toml__', 'ft___txt_', 'ft___yml_', 'ft___yml__', 'ft____1_', 'ft____acr_', 'ft____bat_', 'ft____bat__', 'ft____build__', 'ft____c_', 'ft____c__', 'ft____c_e_', 'ft____cfg_', 'ft____cfg__', 'ft____h__', 'ft____js__', 'ft____md__', 'ft____mk_', 'ft____py__', 'ft____qjs_', 'ft____sh_', 'ft____sh__', 'ft____tips_', 'ft____txt_', 'ft____txt__', 'ft____yml_', 'ft____yml__', 'ft___']
--------------------------------------------------------------------------------
[GA][Iter1] Gen:1 Ind:1 RMSE(val)=706.430870
[GA][Iter1] Gen:1 Ind:2 RMSE(val)=709.536983
[GA][Iter1] Gen:1 Ind:3 RMSE(val)=714.734865
[GA][Iter1] Gen:1 Ind:4 RMSE(val)=723.185250
[GA][Iter1] Gen:1 Ind:5 RMSE(val)=715.289067
[GA][Iter1] Gen:1 Ind:6 RMSE(val)=715.225171
[GA][Iter1] Gen:1 Ind:7 RMSE(val)=724.649181
[GA][Iter1] Gen:1 Ind:8 RMSE(val)=709.766619
[GA][Iter1] Gen:1 Ind:9 RMSE(val)=710.100477
[GA][Iter1] Gen:1 Ind:10 RMSE(val)=698.908598
[GA][Iter1] Gen:1 Ind:11 RMSE(val)=724.481816
[GA][Iter1] Gen:1 Ind:12 RMSE(val)=717.057264
[GA][Iter1] Gen:1 Ind:13 RMSE(val)=720.265024
[GA][Iter1] Gen:1 Ind:14 RMSE(val)=705.326590
[GA][Iter1] Gen:1 Ind:15 RMSE(val)=704.978522
[GA][Iter1] Gen:1 Ind:16 RMSE(val)=721.735605
[GA][Iter1] Gen:1 Ind:17 RMSE(val)=700.889832
[GA][Iter1] Gen:1 Ind:18 RMSE(val)=716.972500
[GA][Iter1] Gen:1 Ind:19 RMSE(val)=712.164941
[GA][Iter1] Gen:1 Ind:20 RMSE(val)=712.173147
[GA][Iter1] gen=1 best_val_rmse=698.908598
[GA][Iter1] Gen:2 Ind:1 RMSE(val)=698.908598
[GA][Iter1] Gen:2 Ind:2 RMSE(val)=700.889832
[GA][Iter1] Gen:2 Ind:3 RMSE(val)=704.978522
[GA][Iter1] Gen:2 Ind:4 RMSE(val)=705.326590
[GA][Iter1] Gen:2 Ind:5 RMSE(val)=706.430870
[GA][Iter1] Gen:2 Ind:6 RMSE(val)=709.536983
[GA][Iter1] Gen:2 Ind:7 RMSE(val)=709.766619
[GA][Iter1] Gen:2 Ind:8 RMSE(val)=710.100477
[GA][Iter1] Gen:2 Ind:9 RMSE(val)=712.164941
[GA][Iter1] Gen:2 Ind:10 RMSE(val)=712.173147
[GA][Iter1] Gen:2 Ind:11 RMSE(val)=711.542720
[GA][Iter1] Gen:2 Ind:12 RMSE(val)=736.650066
[GA][Iter1] Gen:2 Ind:13 RMSE(val)=718.629122
[GA][Iter1] Gen:2 Ind:14 RMSE(val)=707.787334
[GA][Iter1] Gen:2 Ind:15 RMSE(val)=715.122804
[GA][Iter1] Gen:2 Ind:16 RMSE(val)=719.198904
[GA][Iter1] Gen:2 Ind:17 RMSE(val)=700.656165
[GA][Iter1] Gen:2 Ind:18 RMSE(val)=707.280784
[GA][Iter1] Gen:2 Ind:19 RMSE(val)=702.013877
[GA][Iter1] Gen:2 Ind:20 RMSE(val)=711.588845
[GA][Iter1] gen=2 best_val_rmse=698.908598
[GA][Iter1] Gen:3 Ind:1 RMSE(val)=698.908598
[GA][Iter1] Gen:3 Ind:2 RMSE(val)=700.656165
[GA][Iter1] Gen:3 Ind:3 RMSE(val)=700.889832
[GA][Iter1] Gen:3 Ind:4 RMSE(val)=702.013877
[GA][Iter1] Gen:3 Ind:5 RMSE(val)=704.978522
[GA][Iter1] Gen:3 Ind:6 RMSE(val)=705.326590
[GA][Iter1] Gen:3 Ind:7 RMSE(val)=706.430870
[GA][Iter1] Gen:3 Ind:8 RMSE(val)=707.280784
[GA][Iter1] Gen:3 Ind:9 RMSE(val)=707.787334
[GA][Iter1] Gen:3 Ind:10 RMSE(val)=709.536983
[GA][Iter1] Gen:3 Ind:11 RMSE(val)=704.080882
[GA][Iter1] Gen:3 Ind:12 RMSE(val)=706.001906
[GA][Iter1] Gen:3 Ind:13 RMSE(val)=702.560019
[GA][Iter1] Gen:3 Ind:14 RMSE(val)=697.376550
[GA][Iter1] Gen:3 Ind:15 RMSE(val)=705.211934
[GA][Iter1] Gen:3 Ind:16 RMSE(val)=698.579430
[GA][Iter1] Gen:3 Ind:17 RMSE(val)=708.008183
[GA][Iter1] Gen:3 Ind:18 RMSE(val)=710.687662
[GA][Iter1] Gen:3 Ind:19 RMSE(val)=711.984539
[GA][Iter1] Gen:3 Ind:20 RMSE(val)=699.989508
[GA][Iter1] gen=3 best_val_rmse=697.376550
[GA][Iter1] Gen:4 Ind:1 RMSE(val)=697.376550
[GA][Iter1] Gen:4 Ind:2 RMSE(val)=698.579430
[GA][Iter1] Gen:4 Ind:3 RMSE(val)=698.908598
[GA][Iter1] Gen:4 Ind:4 RMSE(val)=699.989508
[GA][Iter1] Gen:4 Ind:5 RMSE(val)=700.656165
[GA][Iter1] Gen:4 Ind:6 RMSE(val)=700.889832
[GA][Iter1] Gen:4 Ind:7 RMSE(val)=702.013877
[GA][Iter1] Gen:4 Ind:8 RMSE(val)=702.560019
[GA][Iter1] Gen:4 Ind:9 RMSE(val)=704.080882
[GA][Iter1] Gen:4 Ind:10 RMSE(val)=704.978522
[GA][Iter1] Gen:4 Ind:11 RMSE(val)=699.225447
[GA][Iter1] Gen:4 Ind:12 RMSE(val)=701.828056
[GA][Iter1] Gen:4 Ind:13 RMSE(val)=704.271363
[GA][Iter1] Gen:4 Ind:14 RMSE(val)=705.907317
[GA][Iter1] Gen:4 Ind:15 RMSE(val)=700.346938
[GA][Iter1] Gen:4 Ind:16 RMSE(val)=708.912729
[GA][Iter1] Gen:4 Ind:17 RMSE(val)=700.139262
[GA][Iter1] Gen:4 Ind:18 RMSE(val)=701.259354
[GA][Iter1] Gen:4 Ind:19 RMSE(val)=706.106424
[GA][Iter1] Gen:4 Ind:20 RMSE(val)=704.699617
[GA][Iter1] gen=4 best_val_rmse=697.376550
[GA][Iter1] Gen:5 Ind:1 RMSE(val)=697.376550
[GA][Iter1] Gen:5 Ind:2 RMSE(val)=698.579430
[GA][Iter1] Gen:5 Ind:3 RMSE(val)=698.908598
[GA][Iter1] Gen:5 Ind:4 RMSE(val)=699.225447
[GA][Iter1] Gen:5 Ind:5 RMSE(val)=699.989508
[GA][Iter1] Gen:5 Ind:6 RMSE(val)=700.139262
[GA][Iter1] Gen:5 Ind:7 RMSE(val)=700.346938
[GA][Iter1] Gen:5 Ind:8 RMSE(val)=700.656165
[GA][Iter1] Gen:5 Ind:9 RMSE(val)=700.889832
[GA][Iter1] Gen:5 Ind:10 RMSE(val)=701.259354
[GA][Iter1] Gen:5 Ind:11 RMSE(val)=700.131332
[GA][Iter1] Gen:5 Ind:12 RMSE(val)=706.359480
[GA][Iter1] Gen:5 Ind:13 RMSE(val)=702.510419
[GA][Iter1] Gen:5 Ind:14 RMSE(val)=697.868562
[GA][Iter1] Gen:5 Ind:15 RMSE(val)=696.203299
[GA][Iter1] Gen:5 Ind:16 RMSE(val)=706.642021
[GA][Iter1] Gen:5 Ind:17 RMSE(val)=700.517273
[GA][Iter1] Gen:5 Ind:18 RMSE(val)=699.247381
[GA][Iter1] Gen:5 Ind:19 RMSE(val)=698.491207
[GA][Iter1] Gen:5 Ind:20 RMSE(val)=696.111628
[GA][Iter1] gen=5 best_val_rmse=696.111628
[GA][Iter1] Gen:6 Ind:1 RMSE(val)=696.111628
[GA][Iter1] Gen:6 Ind:2 RMSE(val)=696.203299
[GA][Iter1] Gen:6 Ind:3 RMSE(val)=697.376550
[GA][Iter1] Gen:6 Ind:4 RMSE(val)=697.868562
[GA][Iter1] Gen:6 Ind:5 RMSE(val)=698.491207
[GA][Iter1] Gen:6 Ind:6 RMSE(val)=698.579430
[GA][Iter1] Gen:6 Ind:7 RMSE(val)=698.908598
[GA][Iter1] Gen:6 Ind:8 RMSE(val)=699.225447
[GA][Iter1] Gen:6 Ind:9 RMSE(val)=699.247381
[GA][Iter1] Gen:6 Ind:10 RMSE(val)=699.989508
[GA][Iter1] Gen:6 Ind:11 RMSE(val)=700.659416
[GA][Iter1] Gen:6 Ind:12 RMSE(val)=704.735551
[GA][Iter1] Gen:6 Ind:13 RMSE(val)=694.917041
[GA][Iter1] Gen:6 Ind:14 RMSE(val)=698.062173
[GA][Iter1] Gen:6 Ind:15 RMSE(val)=697.182124
[GA][Iter1] Gen:6 Ind:16 RMSE(val)=697.141732
[GA][Iter1] Gen:6 Ind:17 RMSE(val)=693.902211
[GA][Iter1] Gen:6 Ind:18 RMSE(val)=699.927039
[GA][Iter1] Gen:6 Ind:19 RMSE(val)=696.964218
[GA][Iter1] Gen:6 Ind:20 RMSE(val)=696.024859
[GA][Iter1] gen=6 best_val_rmse=693.902211
[GA][Iter1] Gen:7 Ind:1 RMSE(val)=693.902211
[GA][Iter1] Gen:7 Ind:2 RMSE(val)=694.917041
[GA][Iter1] Gen:7 Ind:3 RMSE(val)=696.024859
[GA][Iter1] Gen:7 Ind:4 RMSE(val)=696.111628
[GA][Iter1] Gen:7 Ind:5 RMSE(val)=696.203299
[GA][Iter1] Gen:7 Ind:6 RMSE(val)=696.964218
[GA][Iter1] Gen:7 Ind:7 RMSE(val)=697.141732
[GA][Iter1] Gen:7 Ind:8 RMSE(val)=697.182124
[GA][Iter1] Gen:7 Ind:9 RMSE(val)=697.376550
[GA][Iter1] Gen:7 Ind:10 RMSE(val)=697.868562
[GA][Iter1] Gen:7 Ind:11 RMSE(val)=698.328266
[GA][Iter1] Gen:7 Ind:12 RMSE(val)=697.000038
[GA][Iter1] Gen:7 Ind:13 RMSE(val)=702.266793
[GA][Iter1] Gen:7 Ind:14 RMSE(val)=694.591934
[GA][Iter1] Gen:7 Ind:15 RMSE(val)=694.759051
[GA][Iter1] Gen:7 Ind:16 RMSE(val)=700.172835
[GA][Iter1] Gen:7 Ind:17 RMSE(val)=702.073070
[GA][Iter1] Gen:7 Ind:18 RMSE(val)=702.464195
[GA][Iter1] Gen:7 Ind:19 RMSE(val)=697.443834
[GA][Iter1] Gen:7 Ind:20 RMSE(val)=696.068756
[GA][Iter1] gen=7 best_val_rmse=693.902211
[GA][Iter1] Gen:8 Ind:1 RMSE(val)=693.902211
[GA][Iter1] Gen:8 Ind:2 RMSE(val)=694.591934
[GA][Iter1] Gen:8 Ind:3 RMSE(val)=694.759051
[GA][Iter1] Gen:8 Ind:4 RMSE(val)=694.917041
[GA][Iter1] Gen:8 Ind:5 RMSE(val)=696.024859
[GA][Iter1] Gen:8 Ind:6 RMSE(val)=696.068756
[GA][Iter1] Gen:8 Ind:7 RMSE(val)=696.111628
[GA][Iter1] Gen:8 Ind:8 RMSE(val)=696.203299
[GA][Iter1] Gen:8 Ind:9 RMSE(val)=696.964218
[GA][Iter1] Gen:8 Ind:10 RMSE(val)=697.000038
[GA][Iter1] Gen:8 Ind:11 RMSE(val)=694.284441
[GA][Iter1] Gen:8 Ind:12 RMSE(val)=699.607530
[GA][Iter1] Gen:8 Ind:13 RMSE(val)=702.511850
[GA][Iter1] Gen:8 Ind:14 RMSE(val)=698.439211
[GA][Iter1] Gen:8 Ind:15 RMSE(val)=695.029616
[GA][Iter1] Gen:8 Ind:16 RMSE(val)=695.639346
[GA][Iter1] Gen:8 Ind:17 RMSE(val)=698.557670
[GA][Iter1] Gen:8 Ind:18 RMSE(val)=695.274718
[GA][Iter1] Gen:8 Ind:19 RMSE(val)=702.429831
[GA][Iter1] Gen:8 Ind:20 RMSE(val)=704.170216
[GA][Iter1] gen=8 best_val_rmse=693.902211
[GA][Iter1] Gen:9 Ind:1 RMSE(val)=693.902211
[GA][Iter1] Gen:9 Ind:2 RMSE(val)=694.284441
[GA][Iter1] Gen:9 Ind:3 RMSE(val)=694.591934
[GA][Iter1] Gen:9 Ind:4 RMSE(val)=694.759051
[GA][Iter1] Gen:9 Ind:5 RMSE(val)=694.917041
[GA][Iter1] Gen:9 Ind:6 RMSE(val)=695.029616
[GA][Iter1] Gen:9 Ind:7 RMSE(val)=695.274718
[GA][Iter1] Gen:9 Ind:8 RMSE(val)=695.639346
[GA][Iter1] Gen:9 Ind:9 RMSE(val)=696.024859
[GA][Iter1] Gen:9 Ind:10 RMSE(val)=696.068756
[GA][Iter1] Gen:9 Ind:11 RMSE(val)=695.690284
[GA][Iter1] Gen:9 Ind:12 RMSE(val)=698.453288
[GA][Iter1] Gen:9 Ind:13 RMSE(val)=696.771059
[GA][Iter1] Gen:9 Ind:14 RMSE(val)=695.687937
[GA][Iter1] Gen:9 Ind:15 RMSE(val)=694.227909
[GA][Iter1] Gen:9 Ind:16 RMSE(val)=694.503787
[GA][Iter1] Gen:9 Ind:17 RMSE(val)=694.461641
[GA][Iter1] Gen:9 Ind:18 RMSE(val)=694.917041
[GA][Iter1] Gen:9 Ind:19 RMSE(val)=694.746665
[GA][Iter1] Gen:9 Ind:20 RMSE(val)=700.550461
[GA][Iter1] gen=9 best_val_rmse=693.902211
[GA][Iter1] Gen:10 Ind:1 RMSE(val)=693.902211
[GA][Iter1] Gen:10 Ind:2 RMSE(val)=694.227909
[GA][Iter1] Gen:10 Ind:3 RMSE(val)=694.284441
[GA][Iter1] Gen:10 Ind:4 RMSE(val)=694.461641
[GA][Iter1] Gen:10 Ind:5 RMSE(val)=694.503787
[GA][Iter1] Gen:10 Ind:6 RMSE(val)=694.591934
[GA][Iter1] Gen:10 Ind:7 RMSE(val)=694.746665
[GA][Iter1] Gen:10 Ind:8 RMSE(val)=694.759051
[GA][Iter1] Gen:10 Ind:9 RMSE(val)=694.917041
[GA][Iter1] Gen:10 Ind:10 RMSE(val)=694.917041
[GA][Iter1] Gen:10 Ind:11 RMSE(val)=694.967677
[GA][Iter1] Gen:10 Ind:12 RMSE(val)=695.189784
[GA][Iter1] Gen:10 Ind:13 RMSE(val)=694.130394
[GA][Iter1] Gen:10 Ind:14 RMSE(val)=696.269011
[GA][Iter1] Gen:10 Ind:15 RMSE(val)=695.208933
[GA][Iter1] Gen:10 Ind:16 RMSE(val)=692.561251
[GA][Iter1] Gen:10 Ind:17 RMSE(val)=697.753649
[GA][Iter1] Gen:10 Ind:18 RMSE(val)=694.759051
[GA][Iter1] Gen:10 Ind:19 RMSE(val)=694.227909
[GA][Iter1] Gen:10 Ind:20 RMSE(val)=695.296258
[GA][Iter1] gen=10 best_val_rmse=692.561251
[GA][Iter1] Gen:11 Ind:1 RMSE(val)=692.561251
[GA][Iter1] Gen:11 Ind:2 RMSE(val)=693.902211
[GA][Iter1] Gen:11 Ind:3 RMSE(val)=694.130394
[GA][Iter1] Gen:11 Ind:4 RMSE(val)=694.227909
[GA][Iter1] Gen:11 Ind:5 RMSE(val)=694.227909
[GA][Iter1] Gen:11 Ind:6 RMSE(val)=694.284441
[GA][Iter1] Gen:11 Ind:7 RMSE(val)=694.461641
[GA][Iter1] Gen:11 Ind:8 RMSE(val)=694.503787
[GA][Iter1] Gen:11 Ind:9 RMSE(val)=694.591934
[GA][Iter1] Gen:11 Ind:10 RMSE(val)=694.746665
[GA][Iter1] Gen:11 Ind:11 RMSE(val)=694.585841
[GA][Iter1] Gen:11 Ind:12 RMSE(val)=694.768770
[GA][Iter1] Gen:11 Ind:13 RMSE(val)=697.413760
[GA][Iter1] Gen:11 Ind:14 RMSE(val)=694.646359
[GA][Iter1] Gen:11 Ind:15 RMSE(val)=691.174825
[GA][Iter1] Gen:11 Ind:16 RMSE(val)=699.146971
[GA][Iter1] Gen:11 Ind:17 RMSE(val)=698.631805
[GA][Iter1] Gen:11 Ind:18 RMSE(val)=695.238643
[GA][Iter1] Gen:11 Ind:19 RMSE(val)=698.681810
[GA][Iter1] Gen:11 Ind:20 RMSE(val)=692.557416
[GA][Iter1] gen=11 best_val_rmse=691.174825
[GA][Iter1] Gen:12 Ind:1 RMSE(val)=691.174825
[GA][Iter1] Gen:12 Ind:2 RMSE(val)=692.557416
[GA][Iter1] Gen:12 Ind:3 RMSE(val)=692.561251
[GA][Iter1] Gen:12 Ind:4 RMSE(val)=693.902211
[GA][Iter1] Gen:12 Ind:5 RMSE(val)=694.130394
[GA][Iter1] Gen:12 Ind:6 RMSE(val)=694.227909
[GA][Iter1] Gen:12 Ind:7 RMSE(val)=694.227909
[GA][Iter1] Gen:12 Ind:8 RMSE(val)=694.284441
[GA][Iter1] Gen:12 Ind:9 RMSE(val)=694.461641
[GA][Iter1] Gen:12 Ind:10 RMSE(val)=694.503787
[GA][Iter1] Gen:12 Ind:11 RMSE(val)=696.214154
[GA][Iter1] Gen:12 Ind:12 RMSE(val)=692.900679
[GA][Iter1] Gen:12 Ind:13 RMSE(val)=694.321320
[GA][Iter1] Gen:12 Ind:14 RMSE(val)=696.994387
[GA][Iter1] Gen:12 Ind:15 RMSE(val)=690.484622
[GA][Iter1] Gen:12 Ind:16 RMSE(val)=694.227909
[GA][Iter1] Gen:12 Ind:17 RMSE(val)=694.643337
[GA][Iter1] Gen:12 Ind:18 RMSE(val)=690.484622
[GA][Iter1] Gen:12 Ind:19 RMSE(val)=695.596485
[GA][Iter1] Gen:12 Ind:20 RMSE(val)=693.730066
[GA][Iter1] gen=12 best_val_rmse=690.484622
[GA][Iter1] Gen:13 Ind:1 RMSE(val)=690.484622
[GA][Iter1] Gen:13 Ind:2 RMSE(val)=690.484622
[GA][Iter1] Gen:13 Ind:3 RMSE(val)=691.174825
[GA][Iter1] Gen:13 Ind:4 RMSE(val)=692.557416
[GA][Iter1] Gen:13 Ind:5 RMSE(val)=692.561251
[GA][Iter1] Gen:13 Ind:6 RMSE(val)=692.900679
[GA][Iter1] Gen:13 Ind:7 RMSE(val)=693.730066
[GA][Iter1] Gen:13 Ind:8 RMSE(val)=693.902211
[GA][Iter1] Gen:13 Ind:9 RMSE(val)=694.130394
[GA][Iter1] Gen:13 Ind:10 RMSE(val)=694.227909
[GA][Iter1] Gen:13 Ind:11 RMSE(val)=690.315027
[GA][Iter1] Gen:13 Ind:12 RMSE(val)=693.611368
[GA][Iter1] Gen:13 Ind:13 RMSE(val)=691.454211
[GA][Iter1] Gen:13 Ind:14 RMSE(val)=688.800302
[GA][Iter1] Gen:13 Ind:15 RMSE(val)=692.226784
[GA][Iter1] Gen:13 Ind:16 RMSE(val)=695.175076
[GA][Iter1] Gen:13 Ind:17 RMSE(val)=690.484622
[GA][Iter1] Gen:13 Ind:18 RMSE(val)=702.213051
[GA][Iter1] Gen:13 Ind:19 RMSE(val)=695.403272
[GA][Iter1] Gen:13 Ind:20 RMSE(val)=695.337825
[GA][Iter1] gen=13 best_val_rmse=688.800302
[GA][Iter1] Gen:14 Ind:1 RMSE(val)=688.800302
[GA][Iter1] Gen:14 Ind:2 RMSE(val)=690.315027
[GA][Iter1] Gen:14 Ind:3 RMSE(val)=690.484622
[GA][Iter1] Gen:14 Ind:4 RMSE(val)=690.484622
[GA][Iter1] Gen:14 Ind:5 RMSE(val)=690.484622
[GA][Iter1] Gen:14 Ind:6 RMSE(val)=691.174825
[GA][Iter1] Gen:14 Ind:7 RMSE(val)=691.454211
[GA][Iter1] Gen:14 Ind:8 RMSE(val)=692.226784
[GA][Iter1] Gen:14 Ind:9 RMSE(val)=692.557416
[GA][Iter1] Gen:14 Ind:10 RMSE(val)=692.561251
[GA][Iter1] Gen:14 Ind:11 RMSE(val)=690.484622
[GA][Iter1] Gen:14 Ind:12 RMSE(val)=694.844866
[GA][Iter1] Gen:14 Ind:13 RMSE(val)=692.561251
[GA][Iter1] Gen:14 Ind:14 RMSE(val)=691.174825
[GA][Iter1] Gen:14 Ind:15 RMSE(val)=691.874110
[GA][Iter1] Gen:14 Ind:16 RMSE(val)=692.340345
[GA][Iter1] Gen:14 Ind:17 RMSE(val)=693.611368
[GA][Iter1] Gen:14 Ind:18 RMSE(val)=691.016092
[GA][Iter1] Gen:14 Ind:19 RMSE(val)=693.205063
[GA][Iter1] Gen:14 Ind:20 RMSE(val)=692.226784
[GA][Iter1] gen=14 best_val_rmse=688.800302
[GA][Iter1] Gen:15 Ind:1 RMSE(val)=688.800302
[GA][Iter1] Gen:15 Ind:2 RMSE(val)=690.315027
[GA][Iter1] Gen:15 Ind:3 RMSE(val)=690.484622
[GA][Iter1] Gen:15 Ind:4 RMSE(val)=690.484622
[GA][Iter1] Gen:15 Ind:5 RMSE(val)=690.484622
[GA][Iter1] Gen:15 Ind:6 RMSE(val)=690.484622
[GA][Iter1] Gen:15 Ind:7 RMSE(val)=691.016092
[GA][Iter1] Gen:15 Ind:8 RMSE(val)=691.174825
[GA][Iter1] Gen:15 Ind:9 RMSE(val)=691.174825
[GA][Iter1] Gen:15 Ind:10 RMSE(val)=691.454211
[GA][Iter1] Gen:15 Ind:11 RMSE(val)=691.454211
[GA][Iter1] Gen:15 Ind:12 RMSE(val)=691.229365
[GA][Iter1] Gen:15 Ind:13 RMSE(val)=690.078352
[GA][Iter1] Gen:15 Ind:14 RMSE(val)=692.129317
[GA][Iter1] Gen:15 Ind:15 RMSE(val)=691.670800
[GA][Iter1] Gen:15 Ind:16 RMSE(val)=690.315027
[GA][Iter1] Gen:15 Ind:17 RMSE(val)=690.484622
[GA][Iter1] Gen:15 Ind:18 RMSE(val)=690.484622
[GA][Iter1] Gen:15 Ind:19 RMSE(val)=690.484622
[GA][Iter1] Gen:15 Ind:20 RMSE(val)=690.315027
[GA][Iter1] gen=15 best_val_rmse=688.800302
[GA][Iter1] Gen:15 Ind:1 RMSE(val)=688.800302
[GA][Iter1] Gen:15 Ind:2 RMSE(val)=690.078352
[GA][Iter1] Gen:15 Ind:3 RMSE(val)=690.315027
[GA][Iter1] Gen:15 Ind:4 RMSE(val)=690.315027
[GA][Iter1] Gen:15 Ind:5 RMSE(val)=690.315027
[GA][Iter1] Gen:15 Ind:6 RMSE(val)=690.484622
[GA][Iter1] Gen:15 Ind:7 RMSE(val)=690.484622
[GA][Iter1] Gen:15 Ind:8 RMSE(val)=690.484622
[GA][Iter1] Gen:15 Ind:9 RMSE(val)=690.484622
[GA][Iter1] Gen:15 Ind:10 RMSE(val)=690.484622
[GA][Iter1] Gen:15 Ind:11 RMSE(val)=690.484622
[GA][Iter1] Gen:15 Ind:12 RMSE(val)=689.249465
[GA][Iter1] Gen:15 Ind:13 RMSE(val)=690.484622
[GA][Iter1] Gen:15 Ind:14 RMSE(val)=691.174825
[GA][Iter1] Gen:15 Ind:15 RMSE(val)=698.486186
[GA][Iter1] Gen:15 Ind:16 RMSE(val)=693.258163
[GA][Iter1] Gen:15 Ind:17 RMSE(val)=691.016092
[GA][Iter1] Gen:15 Ind:18 RMSE(val)=692.489103
[GA][Iter1] Gen:15 Ind:19 RMSE(val)=693.058957
[GA][Iter1] Gen:15 Ind:20 RMSE(val)=689.910788

[GA DONE][Iter1] Best params on val fold of Iter1
Best val RMSE: 688.800302
Best params: {'n_estimators': 1322, 'learning_rate': 0.030554808116191875, 'max_depth': 3, 'min_child_weight': 4.106343891520419, 'subsample': 0.7270432685133267, 'colsample_bytree': 0.7447985774854444, 'reg_lambda': 31.274213769223305, 'reg_alpha': 0.023631740619511895, 'gamma': 0.21631332342231913}
--------------------------------------------------------------------------------
[RETUNE GA] Iter1: train folds 1..5 -> test fold 6  RMSE=889.712993  NRMSE=0.728553  CVRMSE=0.445153  R2=0.466882
[GA][Iter2] Gen:1 Ind:1 RMSE(val)=883.223898
[GA][Iter2] Gen:1 Ind:2 RMSE(val)=907.990096
[GA][Iter2] Gen:1 Ind:3 RMSE(val)=867.315691
[GA][Iter2] Gen:1 Ind:4 RMSE(val)=916.208766
[GA][Iter2] Gen:1 Ind:5 RMSE(val)=868.459331
[GA][Iter2] Gen:1 Ind:6 RMSE(val)=856.338487
[GA][Iter2] Gen:1 Ind:7 RMSE(val)=912.218146
[GA][Iter2] Gen:1 Ind:8 RMSE(val)=892.022208
[GA][Iter2] Gen:1 Ind:9 RMSE(val)=883.298407
[GA][Iter2] Gen:1 Ind:10 RMSE(val)=881.086979
[GA][Iter2] Gen:1 Ind:11 RMSE(val)=919.218671
[GA][Iter2] Gen:1 Ind:12 RMSE(val)=914.647971
[GA][Iter2] Gen:1 Ind:13 RMSE(val)=901.679554
[GA][Iter2] Gen:1 Ind:14 RMSE(val)=885.785395
[GA][Iter2] Gen:1 Ind:15 RMSE(val)=873.928699
[GA][Iter2] Gen:1 Ind:16 RMSE(val)=908.555991
[GA][Iter2] Gen:1 Ind:17 RMSE(val)=893.048383
[GA][Iter2] Gen:1 Ind:18 RMSE(val)=872.013022
[GA][Iter2] Gen:1 Ind:19 RMSE(val)=868.811836
[GA][Iter2] Gen:1 Ind:20 RMSE(val)=890.065650
[GA][Iter2] gen=1 best_val_rmse=856.338487
[GA][Iter2] Gen:2 Ind:1 RMSE(val)=856.338487
[GA][Iter2] Gen:2 Ind:2 RMSE(val)=867.315691
[GA][Iter2] Gen:2 Ind:3 RMSE(val)=868.459331
[GA][Iter2] Gen:2 Ind:4 RMSE(val)=868.811836
[GA][Iter2] Gen:2 Ind:5 RMSE(val)=872.013022
[GA][Iter2] Gen:2 Ind:6 RMSE(val)=873.928699
[GA][Iter2] Gen:2 Ind:7 RMSE(val)=881.086979
[GA][Iter2] Gen:2 Ind:8 RMSE(val)=883.223898
[GA][Iter2] Gen:2 Ind:9 RMSE(val)=883.298407
[GA][Iter2] Gen:2 Ind:10 RMSE(val)=885.785395
[GA][Iter2] Gen:2 Ind:11 RMSE(val)=875.875372
[GA][Iter2] Gen:2 Ind:12 RMSE(val)=868.552879
[GA][Iter2] Gen:2 Ind:13 RMSE(val)=875.699455
[GA][Iter2] Gen:2 Ind:14 RMSE(val)=874.347513
[GA][Iter2] Gen:2 Ind:15 RMSE(val)=882.566822
[GA][Iter2] Gen:2 Ind:16 RMSE(val)=891.041339
[GA][Iter2] Gen:2 Ind:17 RMSE(val)=870.194415
[GA][Iter2] Gen:2 Ind:18 RMSE(val)=907.564853
[GA][Iter2] Gen:2 Ind:19 RMSE(val)=881.547005
[GA][Iter2] Gen:2 Ind:20 RMSE(val)=871.633522
[GA][Iter2] gen=2 best_val_rmse=856.338487
[GA][Iter2] Gen:3 Ind:1 RMSE(val)=856.338487
[GA][Iter2] Gen:3 Ind:2 RMSE(val)=867.315691
[GA][Iter2] Gen:3 Ind:3 RMSE(val)=868.459331
[GA][Iter2] Gen:3 Ind:4 RMSE(val)=868.552879
[GA][Iter2] Gen:3 Ind:5 RMSE(val)=868.811836
[GA][Iter2] Gen:3 Ind:6 RMSE(val)=870.194415
[GA][Iter2] Gen:3 Ind:7 RMSE(val)=871.633522
[GA][Iter2] Gen:3 Ind:8 RMSE(val)=872.013022
[GA][Iter2] Gen:3 Ind:9 RMSE(val)=873.928699
[GA][Iter2] Gen:3 Ind:10 RMSE(val)=874.347513
[GA][Iter2] Gen:3 Ind:11 RMSE(val)=857.965322
[GA][Iter2] Gen:3 Ind:12 RMSE(val)=874.909108
[GA][Iter2] Gen:3 Ind:13 RMSE(val)=880.975016
[GA][Iter2] Gen:3 Ind:14 RMSE(val)=880.247571
[GA][Iter2] Gen:3 Ind:15 RMSE(val)=867.860516
[GA][Iter2] Gen:3 Ind:16 RMSE(val)=870.658643
[GA][Iter2] Gen:3 Ind:17 RMSE(val)=857.109761
[GA][Iter2] Gen:3 Ind:18 RMSE(val)=875.247601
[GA][Iter2] Gen:3 Ind:19 RMSE(val)=872.161915
[GA][Iter2] Gen:3 Ind:20 RMSE(val)=871.771834
[GA][Iter2] gen=3 best_val_rmse=856.338487
[GA][Iter2] Gen:4 Ind:1 RMSE(val)=856.338487
[GA][Iter2] Gen:4 Ind:2 RMSE(val)=857.109761
[GA][Iter2] Gen:4 Ind:3 RMSE(val)=857.965322
[GA][Iter2] Gen:4 Ind:4 RMSE(val)=867.315691
[GA][Iter2] Gen:4 Ind:5 RMSE(val)=867.860516
[GA][Iter2] Gen:4 Ind:6 RMSE(val)=868.459331
[GA][Iter2] Gen:4 Ind:7 RMSE(val)=868.552879
[GA][Iter2] Gen:4 Ind:8 RMSE(val)=868.811836
[GA][Iter2] Gen:4 Ind:9 RMSE(val)=870.194415
[GA][Iter2] Gen:4 Ind:10 RMSE(val)=870.658643
[GA][Iter2] Gen:4 Ind:11 RMSE(val)=864.644819
[GA][Iter2] Gen:4 Ind:12 RMSE(val)=866.404770
[GA][Iter2] Gen:4 Ind:13 RMSE(val)=866.732955
[GA][Iter2] Gen:4 Ind:14 RMSE(val)=873.535142
[GA][Iter2] Gen:4 Ind:15 RMSE(val)=860.345843
[GA][Iter2] Gen:4 Ind:16 RMSE(val)=867.784175
[GA][Iter2] Gen:4 Ind:17 RMSE(val)=868.003268
[GA][Iter2] Gen:4 Ind:18 RMSE(val)=867.729141
[GA][Iter2] Gen:4 Ind:19 RMSE(val)=862.276551
[GA][Iter2] Gen:4 Ind:20 RMSE(val)=863.901809
[GA][Iter2] gen=4 best_val_rmse=856.338487
[GA][Iter2] Gen:5 Ind:1 RMSE(val)=856.338487
[GA][Iter2] Gen:5 Ind:2 RMSE(val)=857.109761
[GA][Iter2] Gen:5 Ind:3 RMSE(val)=857.965322
[GA][Iter2] Gen:5 Ind:4 RMSE(val)=860.345843
[GA][Iter2] Gen:5 Ind:5 RMSE(val)=862.276551
[GA][Iter2] Gen:5 Ind:6 RMSE(val)=863.901809
[GA][Iter2] Gen:5 Ind:7 RMSE(val)=864.644819
[GA][Iter2] Gen:5 Ind:8 RMSE(val)=866.404770
[GA][Iter2] Gen:5 Ind:9 RMSE(val)=866.732955
[GA][Iter2] Gen:5 Ind:10 RMSE(val)=867.315691
[GA][Iter2] Gen:5 Ind:11 RMSE(val)=868.042206
[GA][Iter2] Gen:5 Ind:12 RMSE(val)=878.864246
[GA][Iter2] Gen:5 Ind:13 RMSE(val)=864.456157
[GA][Iter2] Gen:5 Ind:14 RMSE(val)=870.042401
[GA][Iter2] Gen:5 Ind:15 RMSE(val)=862.473830
[GA][Iter2] Gen:5 Ind:16 RMSE(val)=876.637562
[GA][Iter2] Gen:5 Ind:17 RMSE(val)=867.661576
[GA][Iter2] Gen:5 Ind:18 RMSE(val)=867.522727
[GA][Iter2] Gen:5 Ind:19 RMSE(val)=857.805284
[GA][Iter2] Gen:5 Ind:20 RMSE(val)=855.976861
[GA][Iter2] gen=5 best_val_rmse=855.976861
[GA][Iter2] Gen:6 Ind:1 RMSE(val)=855.976861
[GA][Iter2] Gen:6 Ind:2 RMSE(val)=856.338487
[GA][Iter2] Gen:6 Ind:3 RMSE(val)=857.109761
[GA][Iter2] Gen:6 Ind:4 RMSE(val)=857.805284
[GA][Iter2] Gen:6 Ind:5 RMSE(val)=857.965322
[GA][Iter2] Gen:6 Ind:6 RMSE(val)=860.345843
[GA][Iter2] Gen:6 Ind:7 RMSE(val)=862.276551
[GA][Iter2] Gen:6 Ind:8 RMSE(val)=862.473830
[GA][Iter2] Gen:6 Ind:9 RMSE(val)=863.901809
[GA][Iter2] Gen:6 Ind:10 RMSE(val)=864.456157
[GA][Iter2] Gen:6 Ind:11 RMSE(val)=867.789332
[GA][Iter2] Gen:6 Ind:12 RMSE(val)=872.441889
[GA][Iter2] Gen:6 Ind:13 RMSE(val)=857.965322
[GA][Iter2] Gen:6 Ind:14 RMSE(val)=876.785439
[GA][Iter2] Gen:6 Ind:15 RMSE(val)=855.976861
[GA][Iter2] Gen:6 Ind:16 RMSE(val)=868.692176
[GA][Iter2] Gen:6 Ind:17 RMSE(val)=874.182019
[GA][Iter2] Gen:6 Ind:18 RMSE(val)=873.701552
[GA][Iter2] Gen:6 Ind:19 RMSE(val)=871.006409
[GA][Iter2] Gen:6 Ind:20 RMSE(val)=871.967169
[GA][Iter2] gen=6 best_val_rmse=855.976861
[GA][Iter2] Gen:7 Ind:1 RMSE(val)=855.976861
[GA][Iter2] Gen:7 Ind:2 RMSE(val)=855.976861
[GA][Iter2] Gen:7 Ind:3 RMSE(val)=856.338487
[GA][Iter2] Gen:7 Ind:4 RMSE(val)=857.109761
[GA][Iter2] Gen:7 Ind:5 RMSE(val)=857.805284
[GA][Iter2] Gen:7 Ind:6 RMSE(val)=857.965322
[GA][Iter2] Gen:7 Ind:7 RMSE(val)=857.965322
[GA][Iter2] Gen:7 Ind:8 RMSE(val)=860.345843
[GA][Iter2] Gen:7 Ind:9 RMSE(val)=862.276551
[GA][Iter2] Gen:7 Ind:10 RMSE(val)=862.473830
[GA][Iter2] Gen:7 Ind:11 RMSE(val)=870.419487
[GA][Iter2] Gen:7 Ind:12 RMSE(val)=870.907733
[GA][Iter2] Gen:7 Ind:13 RMSE(val)=878.328608
[GA][Iter2] Gen:7 Ind:14 RMSE(val)=866.503549
[GA][Iter2] Gen:7 Ind:15 RMSE(val)=857.965322
[GA][Iter2] Gen:7 Ind:16 RMSE(val)=855.946785
[GA][Iter2] Gen:7 Ind:17 RMSE(val)=869.099475
[GA][Iter2] Gen:7 Ind:18 RMSE(val)=857.751960
[GA][Iter2] Gen:7 Ind:19 RMSE(val)=856.772355
[GA][Iter2] Gen:7 Ind:20 RMSE(val)=855.951773
[GA][Iter2] gen=7 best_val_rmse=855.946785
[GA][Iter2] Gen:8 Ind:1 RMSE(val)=855.946785
[GA][Iter2] Gen:8 Ind:2 RMSE(val)=855.951773
[GA][Iter2] Gen:8 Ind:3 RMSE(val)=855.976861
[GA][Iter2] Gen:8 Ind:4 RMSE(val)=855.976861
[GA][Iter2] Gen:8 Ind:5 RMSE(val)=856.338487
[GA][Iter2] Gen:8 Ind:6 RMSE(val)=856.772355
[GA][Iter2] Gen:8 Ind:7 RMSE(val)=857.109761
[GA][Iter2] Gen:8 Ind:8 RMSE(val)=857.751960
[GA][Iter2] Gen:8 Ind:9 RMSE(val)=857.805284
[GA][Iter2] Gen:8 Ind:10 RMSE(val)=857.965322
[GA][Iter2] Gen:8 Ind:11 RMSE(val)=855.368052
[GA][Iter2] Gen:8 Ind:12 RMSE(val)=857.965322
[GA][Iter2] Gen:8 Ind:13 RMSE(val)=859.984061
[GA][Iter2] Gen:8 Ind:14 RMSE(val)=871.692701
[GA][Iter2] Gen:8 Ind:15 RMSE(val)=855.951773
[GA][Iter2] Gen:8 Ind:16 RMSE(val)=855.951773
[GA][Iter2] Gen:8 Ind:17 RMSE(val)=857.496422
[GA][Iter2] Gen:8 Ind:18 RMSE(val)=857.375487
[GA][Iter2] Gen:8 Ind:19 RMSE(val)=860.172657
[GA][Iter2] Gen:8 Ind:20 RMSE(val)=864.072140
[GA][Iter2] gen=8 best_val_rmse=855.368052
[GA][Iter2] Gen:9 Ind:1 RMSE(val)=855.368052
[GA][Iter2] Gen:9 Ind:2 RMSE(val)=855.946785
[GA][Iter2] Gen:9 Ind:3 RMSE(val)=855.951773
[GA][Iter2] Gen:9 Ind:4 RMSE(val)=855.951773
[GA][Iter2] Gen:9 Ind:5 RMSE(val)=855.951773
[GA][Iter2] Gen:9 Ind:6 RMSE(val)=855.976861
[GA][Iter2] Gen:9 Ind:7 RMSE(val)=855.976861
[GA][Iter2] Gen:9 Ind:8 RMSE(val)=856.338487
[GA][Iter2] Gen:9 Ind:9 RMSE(val)=856.772355
[GA][Iter2] Gen:9 Ind:10 RMSE(val)=857.109761
[GA][Iter2] Gen:9 Ind:11 RMSE(val)=856.552169
[GA][Iter2] Gen:9 Ind:12 RMSE(val)=868.886093
[GA][Iter2] Gen:9 Ind:13 RMSE(val)=862.450397
[GA][Iter2] Gen:9 Ind:14 RMSE(val)=854.825223
[GA][Iter2] Gen:9 Ind:15 RMSE(val)=855.946785
[GA][Iter2] Gen:9 Ind:16 RMSE(val)=855.976861
[GA][Iter2] Gen:9 Ind:17 RMSE(val)=864.155910
[GA][Iter2] Gen:9 Ind:18 RMSE(val)=855.951773
[GA][Iter2] Gen:9 Ind:19 RMSE(val)=859.186243
[GA][Iter2] Gen:9 Ind:20 RMSE(val)=870.956450
[GA][Iter2] gen=9 best_val_rmse=854.825223
[GA][Iter2] Gen:10 Ind:1 RMSE(val)=854.825223
[GA][Iter2] Gen:10 Ind:2 RMSE(val)=855.368052
[GA][Iter2] Gen:10 Ind:3 RMSE(val)=855.946785
[GA][Iter2] Gen:10 Ind:4 RMSE(val)=855.946785
[GA][Iter2] Gen:10 Ind:5 RMSE(val)=855.951773
[GA][Iter2] Gen:10 Ind:6 RMSE(val)=855.951773
[GA][Iter2] Gen:10 Ind:7 RMSE(val)=855.951773
[GA][Iter2] Gen:10 Ind:8 RMSE(val)=855.951773
[GA][Iter2] Gen:10 Ind:9 RMSE(val)=855.976861
[GA][Iter2] Gen:10 Ind:10 RMSE(val)=855.976861
[GA][Iter2] Gen:10 Ind:11 RMSE(val)=861.365859
[GA][Iter2] Gen:10 Ind:12 RMSE(val)=855.450151
[GA][Iter2] Gen:10 Ind:13 RMSE(val)=853.346533
[GA][Iter2] Gen:10 Ind:14 RMSE(val)=855.951773
[GA][Iter2] Gen:10 Ind:15 RMSE(val)=855.946785
[GA][Iter2] Gen:10 Ind:16 RMSE(val)=855.976861
[GA][Iter2] Gen:10 Ind:17 RMSE(val)=854.825223
[GA][Iter2] Gen:10 Ind:18 RMSE(val)=855.951773
[GA][Iter2] Gen:10 Ind:19 RMSE(val)=855.368052
[GA][Iter2] Gen:10 Ind:20 RMSE(val)=855.951773
[GA][Iter2] gen=10 best_val_rmse=853.346533
[GA][Iter2] Gen:11 Ind:1 RMSE(val)=853.346533
[GA][Iter2] Gen:11 Ind:2 RMSE(val)=854.825223
[GA][Iter2] Gen:11 Ind:3 RMSE(val)=854.825223
[GA][Iter2] Gen:11 Ind:4 RMSE(val)=855.368052
[GA][Iter2] Gen:11 Ind:5 RMSE(val)=855.368052
[GA][Iter2] Gen:11 Ind:6 RMSE(val)=855.450151
[GA][Iter2] Gen:11 Ind:7 RMSE(val)=855.946785
[GA][Iter2] Gen:11 Ind:8 RMSE(val)=855.946785
[GA][Iter2] Gen:11 Ind:9 RMSE(val)=855.946785
[GA][Iter2] Gen:11 Ind:10 RMSE(val)=855.951773
[GA][Iter2] Gen:11 Ind:11 RMSE(val)=855.447779
[GA][Iter2] Gen:11 Ind:12 RMSE(val)=853.909537
[GA][Iter2] Gen:11 Ind:13 RMSE(val)=870.210707
[GA][Iter2] Gen:11 Ind:14 RMSE(val)=855.951773
[GA][Iter2] Gen:11 Ind:15 RMSE(val)=852.777026
[GA][Iter2] Gen:11 Ind:16 RMSE(val)=853.560261
[GA][Iter2] Gen:11 Ind:17 RMSE(val)=855.363875
[GA][Iter2] Gen:11 Ind:18 RMSE(val)=851.519523
[GA][Iter2] Gen:11 Ind:19 RMSE(val)=872.197006
[GA][Iter2] Gen:11 Ind:20 RMSE(val)=855.520236
[GA][Iter2] gen=11 best_val_rmse=851.519523
[GA][Iter2] Gen:12 Ind:1 RMSE(val)=851.519523
[GA][Iter2] Gen:12 Ind:2 RMSE(val)=852.777026
[GA][Iter2] Gen:12 Ind:3 RMSE(val)=853.346533
[GA][Iter2] Gen:12 Ind:4 RMSE(val)=853.560261
[GA][Iter2] Gen:12 Ind:5 RMSE(val)=853.909537
[GA][Iter2] Gen:12 Ind:6 RMSE(val)=854.825223
[GA][Iter2] Gen:12 Ind:7 RMSE(val)=854.825223
[GA][Iter2] Gen:12 Ind:8 RMSE(val)=855.363875
[GA][Iter2] Gen:12 Ind:9 RMSE(val)=855.368052
[GA][Iter2] Gen:12 Ind:10 RMSE(val)=855.368052
[GA][Iter2] Gen:12 Ind:11 RMSE(val)=853.159012
[GA][Iter2] Gen:12 Ind:12 RMSE(val)=855.139604
[GA][Iter2] Gen:12 Ind:13 RMSE(val)=853.558151
[GA][Iter2] Gen:12 Ind:14 RMSE(val)=859.590254
[GA][Iter2] Gen:12 Ind:15 RMSE(val)=855.368052
[GA][Iter2] Gen:12 Ind:16 RMSE(val)=852.352760
[GA][Iter2] Gen:12 Ind:17 RMSE(val)=854.825223
[GA][Iter2] Gen:12 Ind:18 RMSE(val)=853.346533
[GA][Iter2] Gen:12 Ind:19 RMSE(val)=855.363875
[GA][Iter2] Gen:12 Ind:20 RMSE(val)=865.495447
[GA][Iter2] gen=12 best_val_rmse=851.519523
[GA][Iter2] Gen:13 Ind:1 RMSE(val)=851.519523
[GA][Iter2] Gen:13 Ind:2 RMSE(val)=852.352760
[GA][Iter2] Gen:13 Ind:3 RMSE(val)=852.777026
[GA][Iter2] Gen:13 Ind:4 RMSE(val)=853.159012
[GA][Iter2] Gen:13 Ind:5 RMSE(val)=853.346533
[GA][Iter2] Gen:13 Ind:6 RMSE(val)=853.346533
[GA][Iter2] Gen:13 Ind:7 RMSE(val)=853.558151
[GA][Iter2] Gen:13 Ind:8 RMSE(val)=853.560261
[GA][Iter2] Gen:13 Ind:9 RMSE(val)=853.909537
[GA][Iter2] Gen:13 Ind:10 RMSE(val)=854.825223
[GA][Iter2] Gen:13 Ind:11 RMSE(val)=853.346533
[GA][Iter2] Gen:13 Ind:12 RMSE(val)=852.351390
[GA][Iter2] Gen:13 Ind:13 RMSE(val)=852.352760
[GA][Iter2] Gen:13 Ind:14 RMSE(val)=853.560261
[GA][Iter2] Gen:13 Ind:15 RMSE(val)=856.386727
[GA][Iter2] Gen:13 Ind:16 RMSE(val)=852.326943
[GA][Iter2] Gen:13 Ind:17 RMSE(val)=853.562301
[GA][Iter2] Gen:13 Ind:18 RMSE(val)=853.202944
[GA][Iter2] Gen:13 Ind:19 RMSE(val)=853.346533
[GA][Iter2] Gen:13 Ind:20 RMSE(val)=854.825223
[GA][Iter2] gen=13 best_val_rmse=851.519523
[GA][Iter2] Gen:14 Ind:1 RMSE(val)=851.519523
[GA][Iter2] Gen:14 Ind:2 RMSE(val)=852.326943
[GA][Iter2] Gen:14 Ind:3 RMSE(val)=852.351390
[GA][Iter2] Gen:14 Ind:4 RMSE(val)=852.352760
[GA][Iter2] Gen:14 Ind:5 RMSE(val)=852.352760
[GA][Iter2] Gen:14 Ind:6 RMSE(val)=852.777026
[GA][Iter2] Gen:14 Ind:7 RMSE(val)=853.159012
[GA][Iter2] Gen:14 Ind:8 RMSE(val)=853.202944
[GA][Iter2] Gen:14 Ind:9 RMSE(val)=853.346533
[GA][Iter2] Gen:14 Ind:10 RMSE(val)=853.346533
[GA][Iter2] Gen:14 Ind:11 RMSE(val)=852.352760
[GA][Iter2] Gen:14 Ind:12 RMSE(val)=857.115029
[GA][Iter2] Gen:14 Ind:13 RMSE(val)=853.159012
[GA][Iter2] Gen:14 Ind:14 RMSE(val)=852.777026
[GA][Iter2] Gen:14 Ind:15 RMSE(val)=853.560261
[GA][Iter2] Gen:14 Ind:16 RMSE(val)=851.562043
[GA][Iter2] Gen:14 Ind:17 RMSE(val)=852.351390
[GA][Iter2] Gen:14 Ind:18 RMSE(val)=861.778517
[GA][Iter2] Gen:14 Ind:19 RMSE(val)=852.777026
[GA][Iter2] Gen:14 Ind:20 RMSE(val)=852.352760
[GA][Iter2] gen=14 best_val_rmse=851.519523
[GA][Iter2] Gen:15 Ind:1 RMSE(val)=851.519523
[GA][Iter2] Gen:15 Ind:2 RMSE(val)=851.562043
[GA][Iter2] Gen:15 Ind:3 RMSE(val)=852.326943
[GA][Iter2] Gen:15 Ind:4 RMSE(val)=852.351390
[GA][Iter2] Gen:15 Ind:5 RMSE(val)=852.351390
[GA][Iter2] Gen:15 Ind:6 RMSE(val)=852.352760
[GA][Iter2] Gen:15 Ind:7 RMSE(val)=852.352760
[GA][Iter2] Gen:15 Ind:8 RMSE(val)=852.352760
[GA][Iter2] Gen:15 Ind:9 RMSE(val)=852.352760
[GA][Iter2] Gen:15 Ind:10 RMSE(val)=852.777026
[GA][Iter2] Gen:15 Ind:11 RMSE(val)=852.352760
[GA][Iter2] Gen:15 Ind:12 RMSE(val)=851.613693
[GA][Iter2] Gen:15 Ind:13 RMSE(val)=852.352760
[GA][Iter2] Gen:15 Ind:14 RMSE(val)=852.352760
[GA][Iter2] Gen:15 Ind:15 RMSE(val)=851.234488
[GA][Iter2] Gen:15 Ind:16 RMSE(val)=851.547825
[GA][Iter2] Gen:15 Ind:17 RMSE(val)=852.352760
[GA][Iter2] Gen:15 Ind:18 RMSE(val)=852.352760
[GA][Iter2] Gen:15 Ind:19 RMSE(val)=852.352760
[GA][Iter2] Gen:15 Ind:20 RMSE(val)=851.547825
[GA][Iter2] gen=15 best_val_rmse=851.234488
[GA][Iter2] Gen:15 Ind:1 RMSE(val)=851.234488
[GA][Iter2] Gen:15 Ind:2 RMSE(val)=851.519523
[GA][Iter2] Gen:15 Ind:3 RMSE(val)=851.547825
[GA][Iter2] Gen:15 Ind:4 RMSE(val)=851.547825
[GA][Iter2] Gen:15 Ind:5 RMSE(val)=851.562043
[GA][Iter2] Gen:15 Ind:6 RMSE(val)=851.613693
[GA][Iter2] Gen:15 Ind:7 RMSE(val)=852.326943
[GA][Iter2] Gen:15 Ind:8 RMSE(val)=852.351390
[GA][Iter2] Gen:15 Ind:9 RMSE(val)=852.351390
[GA][Iter2] Gen:15 Ind:10 RMSE(val)=852.352760
[GA][Iter2] Gen:15 Ind:11 RMSE(val)=852.351390
[GA][Iter2] Gen:15 Ind:12 RMSE(val)=851.234488
[GA][Iter2] Gen:15 Ind:13 RMSE(val)=852.351390
[GA][Iter2] Gen:15 Ind:14 RMSE(val)=852.422930
[GA][Iter2] Gen:15 Ind:15 RMSE(val)=856.544194
[GA][Iter2] Gen:15 Ind:16 RMSE(val)=856.722612
[GA][Iter2] Gen:15 Ind:17 RMSE(val)=853.403702
[GA][Iter2] Gen:15 Ind:18 RMSE(val)=851.546321
[GA][Iter2] Gen:15 Ind:19 RMSE(val)=852.174406
[GA][Iter2] Gen:15 Ind:20 RMSE(val)=852.162422

[GA DONE][Iter2] Best params on val fold of Iter2
Best val RMSE: 851.234488
Best params: {'n_estimators': 919, 'learning_rate': 0.010531971608780475, 'max_depth': 4, 'min_child_weight': 10.6703243711735, 'subsample': 0.7586936058289524, 'colsample_bytree': 0.9438541601014986, 'reg_lambda': 0.34678249365502317, 'reg_alpha': 0.0243815782687157, 'gamma': 0.6448711837793603}
--------------------------------------------------------------------------------
[RETUNE GA] Iter2: train folds 1..6 -> test fold 7  RMSE=923.401263  NRMSE=0.774676  CVRMSE=0.506186  R2=0.397245
[GA][Iter3] Gen:1 Ind:1 RMSE(val)=939.305722
[GA][Iter3] Gen:1 Ind:2 RMSE(val)=958.385427
[GA][Iter3] Gen:1 Ind:3 RMSE(val)=950.980637
[GA][Iter3] Gen:1 Ind:4 RMSE(val)=973.492910
[GA][Iter3] Gen:1 Ind:5 RMSE(val)=951.931952
[GA][Iter3] Gen:1 Ind:6 RMSE(val)=932.691892
[GA][Iter3] Gen:1 Ind:7 RMSE(val)=967.571031
[GA][Iter3] Gen:1 Ind:8 RMSE(val)=940.597797
[GA][Iter3] Gen:1 Ind:9 RMSE(val)=994.934391
[GA][Iter3] Gen:1 Ind:10 RMSE(val)=968.748852
[GA][Iter3] Gen:1 Ind:11 RMSE(val)=970.206826
[GA][Iter3] Gen:1 Ind:12 RMSE(val)=997.018252
[GA][Iter3] Gen:1 Ind:13 RMSE(val)=967.612815
[GA][Iter3] Gen:1 Ind:14 RMSE(val)=952.164849
[GA][Iter3] Gen:1 Ind:15 RMSE(val)=959.664350
[GA][Iter3] Gen:1 Ind:16 RMSE(val)=969.001338
[GA][Iter3] Gen:1 Ind:17 RMSE(val)=977.125650
[GA][Iter3] Gen:1 Ind:18 RMSE(val)=939.957436
[GA][Iter3] Gen:1 Ind:19 RMSE(val)=942.307362
[GA][Iter3] Gen:1 Ind:20 RMSE(val)=942.636454
[GA][Iter3] gen=1 best_val_rmse=932.691892
[GA][Iter3] Gen:2 Ind:1 RMSE(val)=932.691892
[GA][Iter3] Gen:2 Ind:2 RMSE(val)=939.305722
[GA][Iter3] Gen:2 Ind:3 RMSE(val)=939.957436
[GA][Iter3] Gen:2 Ind:4 RMSE(val)=940.597797
[GA][Iter3] Gen:2 Ind:5 RMSE(val)=942.307362
[GA][Iter3] Gen:2 Ind:6 RMSE(val)=942.636454
[GA][Iter3] Gen:2 Ind:7 RMSE(val)=950.980637
[GA][Iter3] Gen:2 Ind:8 RMSE(val)=951.931952
[GA][Iter3] Gen:2 Ind:9 RMSE(val)=952.164849
[GA][Iter3] Gen:2 Ind:10 RMSE(val)=958.385427
[GA][Iter3] Gen:2 Ind:11 RMSE(val)=928.403885
[GA][Iter3] Gen:2 Ind:12 RMSE(val)=923.468161
[GA][Iter3] Gen:2 Ind:13 RMSE(val)=913.095071
[GA][Iter3] Gen:2 Ind:14 RMSE(val)=935.519965
[GA][Iter3] Gen:2 Ind:15 RMSE(val)=945.096467
[GA][Iter3] Gen:2 Ind:16 RMSE(val)=924.333948
[GA][Iter3] Gen:2 Ind:17 RMSE(val)=924.004401
[GA][Iter3] Gen:2 Ind:18 RMSE(val)=946.137018
[GA][Iter3] Gen:2 Ind:19 RMSE(val)=966.880200
[GA][Iter3] Gen:2 Ind:20 RMSE(val)=948.000206
[GA][Iter3] gen=2 best_val_rmse=913.095071
[GA][Iter3] Gen:3 Ind:1 RMSE(val)=913.095071
[GA][Iter3] Gen:3 Ind:2 RMSE(val)=923.468161
[GA][Iter3] Gen:3 Ind:3 RMSE(val)=924.004401
[GA][Iter3] Gen:3 Ind:4 RMSE(val)=924.333948
[GA][Iter3] Gen:3 Ind:5 RMSE(val)=928.403885
[GA][Iter3] Gen:3 Ind:6 RMSE(val)=932.691892
[GA][Iter3] Gen:3 Ind:7 RMSE(val)=935.519965
[GA][Iter3] Gen:3 Ind:8 RMSE(val)=939.305722
[GA][Iter3] Gen:3 Ind:9 RMSE(val)=939.957436
[GA][Iter3] Gen:3 Ind:10 RMSE(val)=940.597797
[GA][Iter3] Gen:3 Ind:11 RMSE(val)=945.801800
[GA][Iter3] Gen:3 Ind:12 RMSE(val)=927.814000
[GA][Iter3] Gen:3 Ind:13 RMSE(val)=936.264854
[GA][Iter3] Gen:3 Ind:14 RMSE(val)=912.474577
[GA][Iter3] Gen:3 Ind:15 RMSE(val)=925.393212
[GA][Iter3] Gen:3 Ind:16 RMSE(val)=929.728406
[GA][Iter3] Gen:3 Ind:17 RMSE(val)=912.573633
[GA][Iter3] Gen:3 Ind:18 RMSE(val)=952.689125
[GA][Iter3] Gen:3 Ind:19 RMSE(val)=936.739525
[GA][Iter3] Gen:3 Ind:20 RMSE(val)=920.163482
[GA][Iter3] gen=3 best_val_rmse=912.474577
[GA][Iter3] Gen:4 Ind:1 RMSE(val)=912.474577
[GA][Iter3] Gen:4 Ind:2 RMSE(val)=912.573633
[GA][Iter3] Gen:4 Ind:3 RMSE(val)=913.095071
[GA][Iter3] Gen:4 Ind:4 RMSE(val)=920.163482
[GA][Iter3] Gen:4 Ind:5 RMSE(val)=923.468161
[GA][Iter3] Gen:4 Ind:6 RMSE(val)=924.004401
[GA][Iter3] Gen:4 Ind:7 RMSE(val)=924.333948
[GA][Iter3] Gen:4 Ind:8 RMSE(val)=925.393212
[GA][Iter3] Gen:4 Ind:9 RMSE(val)=927.814000
[GA][Iter3] Gen:4 Ind:10 RMSE(val)=928.403885
[GA][Iter3] Gen:4 Ind:11 RMSE(val)=931.796597
[GA][Iter3] Gen:4 Ind:12 RMSE(val)=934.877318
[GA][Iter3] Gen:4 Ind:13 RMSE(val)=911.580015
[GA][Iter3] Gen:4 Ind:14 RMSE(val)=925.393789
[GA][Iter3] Gen:4 Ind:15 RMSE(val)=934.961111
[GA][Iter3] Gen:4 Ind:16 RMSE(val)=934.644271
[GA][Iter3] Gen:4 Ind:17 RMSE(val)=923.750971
[GA][Iter3] Gen:4 Ind:18 RMSE(val)=935.044217
[GA][Iter3] Gen:4 Ind:19 RMSE(val)=930.991379
[GA][Iter3] Gen:4 Ind:20 RMSE(val)=935.531369
[GA][Iter3] gen=4 best_val_rmse=911.580015
[GA][Iter3] Gen:5 Ind:1 RMSE(val)=911.580015
[GA][Iter3] Gen:5 Ind:2 RMSE(val)=912.474577
[GA][Iter3] Gen:5 Ind:3 RMSE(val)=912.573633
[GA][Iter3] Gen:5 Ind:4 RMSE(val)=913.095071
[GA][Iter3] Gen:5 Ind:5 RMSE(val)=920.163482
[GA][Iter3] Gen:5 Ind:6 RMSE(val)=923.468161
[GA][Iter3] Gen:5 Ind:7 RMSE(val)=923.750971
[GA][Iter3] Gen:5 Ind:8 RMSE(val)=924.004401
[GA][Iter3] Gen:5 Ind:9 RMSE(val)=924.333948
[GA][Iter3] Gen:5 Ind:10 RMSE(val)=925.393212
[GA][Iter3] Gen:5 Ind:11 RMSE(val)=929.100099
[GA][Iter3] Gen:5 Ind:12 RMSE(val)=935.407070
[GA][Iter3] Gen:5 Ind:13 RMSE(val)=928.358965
[GA][Iter3] Gen:5 Ind:14 RMSE(val)=912.522059
[GA][Iter3] Gen:5 Ind:15 RMSE(val)=945.830997
[GA][Iter3] Gen:5 Ind:16 RMSE(val)=924.004401
[GA][Iter3] Gen:5 Ind:17 RMSE(val)=920.179026
[GA][Iter3] Gen:5 Ind:18 RMSE(val)=931.506212
[GA][Iter3] Gen:5 Ind:19 RMSE(val)=915.750154
[GA][Iter3] Gen:5 Ind:20 RMSE(val)=935.107427
[GA][Iter3] gen=5 best_val_rmse=911.580015
[GA][Iter3] Gen:6 Ind:1 RMSE(val)=911.580015
[GA][Iter3] Gen:6 Ind:2 RMSE(val)=912.474577
[GA][Iter3] Gen:6 Ind:3 RMSE(val)=912.522059
[GA][Iter3] Gen:6 Ind:4 RMSE(val)=912.573633
[GA][Iter3] Gen:6 Ind:5 RMSE(val)=913.095071
[GA][Iter3] Gen:6 Ind:6 RMSE(val)=915.750154
[GA][Iter3] Gen:6 Ind:7 RMSE(val)=920.163482
[GA][Iter3] Gen:6 Ind:8 RMSE(val)=920.179026
[GA][Iter3] Gen:6 Ind:9 RMSE(val)=923.468161
[GA][Iter3] Gen:6 Ind:10 RMSE(val)=923.750971
[GA][Iter3] Gen:6 Ind:11 RMSE(val)=924.949622
[GA][Iter3] Gen:6 Ind:12 RMSE(val)=912.522059
[GA][Iter3] Gen:6 Ind:13 RMSE(val)=925.750000
[GA][Iter3] Gen:6 Ind:14 RMSE(val)=907.930247
[GA][Iter3] Gen:6 Ind:15 RMSE(val)=923.187434
[GA][Iter3] Gen:6 Ind:16 RMSE(val)=922.897048
[GA][Iter3] Gen:6 Ind:17 RMSE(val)=928.604721
[GA][Iter3] Gen:6 Ind:18 RMSE(val)=925.564392
[GA][Iter3] Gen:6 Ind:19 RMSE(val)=928.914913
[GA][Iter3] Gen:6 Ind:20 RMSE(val)=914.573445
[GA][Iter3] gen=6 best_val_rmse=907.930247
[GA][Iter3] Gen:7 Ind:1 RMSE(val)=907.930247
[GA][Iter3] Gen:7 Ind:2 RMSE(val)=911.580015
[GA][Iter3] Gen:7 Ind:3 RMSE(val)=912.474577
[GA][Iter3] Gen:7 Ind:4 RMSE(val)=912.522059
[GA][Iter3] Gen:7 Ind:5 RMSE(val)=912.522059
[GA][Iter3] Gen:7 Ind:6 RMSE(val)=912.573633
[GA][Iter3] Gen:7 Ind:7 RMSE(val)=913.095071
[GA][Iter3] Gen:7 Ind:8 RMSE(val)=914.573445
[GA][Iter3] Gen:7 Ind:9 RMSE(val)=915.750154
[GA][Iter3] Gen:7 Ind:10 RMSE(val)=920.163482
[GA][Iter3] Gen:7 Ind:11 RMSE(val)=918.651753
[GA][Iter3] Gen:7 Ind:12 RMSE(val)=928.024807
[GA][Iter3] Gen:7 Ind:13 RMSE(val)=945.562819
[GA][Iter3] Gen:7 Ind:14 RMSE(val)=922.406222
[GA][Iter3] Gen:7 Ind:15 RMSE(val)=913.847982
[GA][Iter3] Gen:7 Ind:16 RMSE(val)=912.522059
[GA][Iter3] Gen:7 Ind:17 RMSE(val)=924.693947
[GA][Iter3] Gen:7 Ind:18 RMSE(val)=912.305903
[GA][Iter3] Gen:7 Ind:19 RMSE(val)=918.627378
[GA][Iter3] Gen:7 Ind:20 RMSE(val)=916.712080
[GA][Iter3] gen=7 best_val_rmse=907.930247
[GA][Iter3] Gen:8 Ind:1 RMSE(val)=907.930247
[GA][Iter3] Gen:8 Ind:2 RMSE(val)=911.580015
[GA][Iter3] Gen:8 Ind:3 RMSE(val)=912.305903
[GA][Iter3] Gen:8 Ind:4 RMSE(val)=912.474577
[GA][Iter3] Gen:8 Ind:5 RMSE(val)=912.522059
[GA][Iter3] Gen:8 Ind:6 RMSE(val)=912.522059
[GA][Iter3] Gen:8 Ind:7 RMSE(val)=912.522059
[GA][Iter3] Gen:8 Ind:8 RMSE(val)=912.573633
[GA][Iter3] Gen:8 Ind:9 RMSE(val)=913.095071
[GA][Iter3] Gen:8 Ind:10 RMSE(val)=913.847982
[GA][Iter3] Gen:8 Ind:11 RMSE(val)=908.752416
[GA][Iter3] Gen:8 Ind:12 RMSE(val)=912.305903
[GA][Iter3] Gen:8 Ind:13 RMSE(val)=923.570301
[GA][Iter3] Gen:8 Ind:14 RMSE(val)=913.696323
[GA][Iter3] Gen:8 Ind:15 RMSE(val)=906.596469
[GA][Iter3] Gen:8 Ind:16 RMSE(val)=906.596469
[GA][Iter3] Gen:8 Ind:17 RMSE(val)=919.931913
[GA][Iter3] Gen:8 Ind:18 RMSE(val)=917.290058
[GA][Iter3] Gen:8 Ind:19 RMSE(val)=922.613790
[GA][Iter3] Gen:8 Ind:20 RMSE(val)=928.558831
[GA][Iter3] gen=8 best_val_rmse=906.596469
[GA][Iter3] Gen:9 Ind:1 RMSE(val)=906.596469
[GA][Iter3] Gen:9 Ind:2 RMSE(val)=906.596469
[GA][Iter3] Gen:9 Ind:3 RMSE(val)=907.930247
[GA][Iter3] Gen:9 Ind:4 RMSE(val)=908.752416
[GA][Iter3] Gen:9 Ind:5 RMSE(val)=911.580015
[GA][Iter3] Gen:9 Ind:6 RMSE(val)=912.305903
[GA][Iter3] Gen:9 Ind:7 RMSE(val)=912.305903
[GA][Iter3] Gen:9 Ind:8 RMSE(val)=912.474577
[GA][Iter3] Gen:9 Ind:9 RMSE(val)=912.522059
[GA][Iter3] Gen:9 Ind:10 RMSE(val)=912.522059
[GA][Iter3] Gen:9 Ind:11 RMSE(val)=912.305903
[GA][Iter3] Gen:9 Ind:12 RMSE(val)=910.227744
[GA][Iter3] Gen:9 Ind:13 RMSE(val)=912.618686
[GA][Iter3] Gen:9 Ind:14 RMSE(val)=914.479363
[GA][Iter3] Gen:9 Ind:15 RMSE(val)=912.522059
[GA][Iter3] Gen:9 Ind:16 RMSE(val)=912.305903
[GA][Iter3] Gen:9 Ind:17 RMSE(val)=918.507003
[GA][Iter3] Gen:9 Ind:18 RMSE(val)=919.925856
[GA][Iter3] Gen:9 Ind:19 RMSE(val)=914.487371
[GA][Iter3] Gen:9 Ind:20 RMSE(val)=912.471428
[GA][Iter3] gen=9 best_val_rmse=906.596469
[GA][Iter3] Gen:10 Ind:1 RMSE(val)=906.596469
[GA][Iter3] Gen:10 Ind:2 RMSE(val)=906.596469
[GA][Iter3] Gen:10 Ind:3 RMSE(val)=907.930247
[GA][Iter3] Gen:10 Ind:4 RMSE(val)=908.752416
[GA][Iter3] Gen:10 Ind:5 RMSE(val)=910.227744
[GA][Iter3] Gen:10 Ind:6 RMSE(val)=911.580015
[GA][Iter3] Gen:10 Ind:7 RMSE(val)=912.305903
[GA][Iter3] Gen:10 Ind:8 RMSE(val)=912.305903
[GA][Iter3] Gen:10 Ind:9 RMSE(val)=912.305903
[GA][Iter3] Gen:10 Ind:10 RMSE(val)=912.305903
[GA][Iter3] Gen:10 Ind:11 RMSE(val)=919.117019
[GA][Iter3] Gen:10 Ind:12 RMSE(val)=904.145765
[GA][Iter3] Gen:10 Ind:13 RMSE(val)=904.955064
[GA][Iter3] Gen:10 Ind:14 RMSE(val)=922.985260
[GA][Iter3] Gen:10 Ind:15 RMSE(val)=906.016720
[GA][Iter3] Gen:10 Ind:16 RMSE(val)=912.305903
[GA][Iter3] Gen:10 Ind:17 RMSE(val)=912.270793
[GA][Iter3] Gen:10 Ind:18 RMSE(val)=912.305903
[GA][Iter3] Gen:10 Ind:19 RMSE(val)=906.596469
[GA][Iter3] Gen:10 Ind:20 RMSE(val)=906.596469
[GA][Iter3] gen=10 best_val_rmse=904.145765
[GA][Iter3] Gen:11 Ind:1 RMSE(val)=904.145765
[GA][Iter3] Gen:11 Ind:2 RMSE(val)=904.955064
[GA][Iter3] Gen:11 Ind:3 RMSE(val)=906.016720
[GA][Iter3] Gen:11 Ind:4 RMSE(val)=906.596469
[GA][Iter3] Gen:11 Ind:5 RMSE(val)=906.596469
[GA][Iter3] Gen:11 Ind:6 RMSE(val)=906.596469
[GA][Iter3] Gen:11 Ind:7 RMSE(val)=906.596469
[GA][Iter3] Gen:11 Ind:8 RMSE(val)=907.930247
[GA][Iter3] Gen:11 Ind:9 RMSE(val)=908.752416
[GA][Iter3] Gen:11 Ind:10 RMSE(val)=910.227744
[GA][Iter3] Gen:11 Ind:11 RMSE(val)=909.262767
[GA][Iter3] Gen:11 Ind:12 RMSE(val)=906.635655
[GA][Iter3] Gen:11 Ind:13 RMSE(val)=933.090242
[GA][Iter3] Gen:11 Ind:14 RMSE(val)=912.250534
[GA][Iter3] Gen:11 Ind:15 RMSE(val)=908.156859
[GA][Iter3] Gen:11 Ind:16 RMSE(val)=908.052799
[GA][Iter3] Gen:11 Ind:17 RMSE(val)=911.543883
[GA][Iter3] Gen:11 Ind:18 RMSE(val)=915.215845
[GA][Iter3] Gen:11 Ind:19 RMSE(val)=934.428855
[GA][Iter3] Gen:11 Ind:20 RMSE(val)=906.616333
[GA][Iter3] gen=11 best_val_rmse=904.145765
[GA][Iter3] Gen:12 Ind:1 RMSE(val)=904.145765
[GA][Iter3] Gen:12 Ind:2 RMSE(val)=904.955064
[GA][Iter3] Gen:12 Ind:3 RMSE(val)=906.016720
[GA][Iter3] Gen:12 Ind:4 RMSE(val)=906.596469
[GA][Iter3] Gen:12 Ind:5 RMSE(val)=906.596469
[GA][Iter3] Gen:12 Ind:6 RMSE(val)=906.596469
[GA][Iter3] Gen:12 Ind:7 RMSE(val)=906.596469
[GA][Iter3] Gen:12 Ind:8 RMSE(val)=906.616333
[GA][Iter3] Gen:12 Ind:9 RMSE(val)=906.635655
[GA][Iter3] Gen:12 Ind:10 RMSE(val)=907.930247
[GA][Iter3] Gen:12 Ind:11 RMSE(val)=912.398471
[GA][Iter3] Gen:12 Ind:12 RMSE(val)=916.294641
[GA][Iter3] Gen:12 Ind:13 RMSE(val)=912.724960
[GA][Iter3] Gen:12 Ind:14 RMSE(val)=915.110668
[GA][Iter3] Gen:12 Ind:15 RMSE(val)=912.393722
[GA][Iter3] Gen:12 Ind:16 RMSE(val)=906.596469
[GA][Iter3] Gen:12 Ind:17 RMSE(val)=906.596469
[GA][Iter3] Gen:12 Ind:18 RMSE(val)=912.182779
[GA][Iter3] Gen:12 Ind:19 RMSE(val)=906.616333
[GA][Iter3] Gen:12 Ind:20 RMSE(val)=911.122247
[GA][Iter3] gen=12 best_val_rmse=904.145765
[GA][Iter3] Gen:13 Ind:1 RMSE(val)=904.145765
[GA][Iter3] Gen:13 Ind:2 RMSE(val)=904.955064
[GA][Iter3] Gen:13 Ind:3 RMSE(val)=906.016720
[GA][Iter3] Gen:13 Ind:4 RMSE(val)=906.596469
[GA][Iter3] Gen:13 Ind:5 RMSE(val)=906.596469
[GA][Iter3] Gen:13 Ind:6 RMSE(val)=906.596469
[GA][Iter3] Gen:13 Ind:7 RMSE(val)=906.596469
[GA][Iter3] Gen:13 Ind:8 RMSE(val)=906.596469
[GA][Iter3] Gen:13 Ind:9 RMSE(val)=906.596469
[GA][Iter3] Gen:13 Ind:10 RMSE(val)=906.616333
[GA][Iter3] Gen:13 Ind:11 RMSE(val)=908.155129
[GA][Iter3] Gen:13 Ind:12 RMSE(val)=905.225390
[GA][Iter3] Gen:13 Ind:13 RMSE(val)=915.172323
[GA][Iter3] Gen:13 Ind:14 RMSE(val)=906.596469
[GA][Iter3] Gen:13 Ind:15 RMSE(val)=915.904073
[GA][Iter3] Gen:13 Ind:16 RMSE(val)=906.596469
[GA][Iter3] Gen:13 Ind:17 RMSE(val)=911.607606
[GA][Iter3] Gen:13 Ind:18 RMSE(val)=923.690593
[GA][Iter3] Gen:13 Ind:19 RMSE(val)=906.596469
[GA][Iter3] Gen:13 Ind:20 RMSE(val)=906.616333
[GA][Iter3] gen=13 best_val_rmse=904.145765
[GA][Iter3] Gen:14 Ind:1 RMSE(val)=904.145765
[GA][Iter3] Gen:14 Ind:2 RMSE(val)=904.955064
[GA][Iter3] Gen:14 Ind:3 RMSE(val)=905.225390
[GA][Iter3] Gen:14 Ind:4 RMSE(val)=906.016720
[GA][Iter3] Gen:14 Ind:5 RMSE(val)=906.596469
[GA][Iter3] Gen:14 Ind:6 RMSE(val)=906.596469
[GA][Iter3] Gen:14 Ind:7 RMSE(val)=906.596469
[GA][Iter3] Gen:14 Ind:8 RMSE(val)=906.596469
[GA][Iter3] Gen:14 Ind:9 RMSE(val)=906.596469
[GA][Iter3] Gen:14 Ind:10 RMSE(val)=906.596469
[GA][Iter3] Gen:14 Ind:11 RMSE(val)=906.596469
[GA][Iter3] Gen:14 Ind:12 RMSE(val)=913.583103
[GA][Iter3] Gen:14 Ind:13 RMSE(val)=906.596469
[GA][Iter3] Gen:14 Ind:14 RMSE(val)=906.596469
[GA][Iter3] Gen:14 Ind:15 RMSE(val)=906.596469
[GA][Iter3] Gen:14 Ind:16 RMSE(val)=906.596469
[GA][Iter3] Gen:14 Ind:17 RMSE(val)=912.182779
[GA][Iter3] Gen:14 Ind:18 RMSE(val)=905.087962
[GA][Iter3] Gen:14 Ind:19 RMSE(val)=906.596469
[GA][Iter3] Gen:14 Ind:20 RMSE(val)=915.124357
[GA][Iter3] gen=14 best_val_rmse=904.145765
[GA][Iter3] Gen:15 Ind:1 RMSE(val)=904.145765
[GA][Iter3] Gen:15 Ind:2 RMSE(val)=904.955064
[GA][Iter3] Gen:15 Ind:3 RMSE(val)=905.087962
[GA][Iter3] Gen:15 Ind:4 RMSE(val)=905.225390
[GA][Iter3] Gen:15 Ind:5 RMSE(val)=906.016720
[GA][Iter3] Gen:15 Ind:6 RMSE(val)=906.596469
[GA][Iter3] Gen:15 Ind:7 RMSE(val)=906.596469
[GA][Iter3] Gen:15 Ind:8 RMSE(val)=906.596469
[GA][Iter3] Gen:15 Ind:9 RMSE(val)=906.596469
[GA][Iter3] Gen:15 Ind:10 RMSE(val)=906.596469
[GA][Iter3] Gen:15 Ind:11 RMSE(val)=912.707940
[GA][Iter3] Gen:15 Ind:12 RMSE(val)=906.578290
[GA][Iter3] Gen:15 Ind:13 RMSE(val)=905.225390
[GA][Iter3] Gen:15 Ind:14 RMSE(val)=906.596469
[GA][Iter3] Gen:15 Ind:15 RMSE(val)=910.158313
[GA][Iter3] Gen:15 Ind:16 RMSE(val)=904.955064
[GA][Iter3] Gen:15 Ind:17 RMSE(val)=923.539725
[GA][Iter3] Gen:15 Ind:18 RMSE(val)=906.596469
[GA][Iter3] Gen:15 Ind:19 RMSE(val)=908.052799
[GA][Iter3] Gen:15 Ind:20 RMSE(val)=904.955064
[GA][Iter3] gen=15 best_val_rmse=904.145765
[GA][Iter3] Gen:15 Ind:1 RMSE(val)=904.145765
[GA][Iter3] Gen:15 Ind:2 RMSE(val)=904.955064
[GA][Iter3] Gen:15 Ind:3 RMSE(val)=904.955064
[GA][Iter3] Gen:15 Ind:4 RMSE(val)=904.955064
[GA][Iter3] Gen:15 Ind:5 RMSE(val)=905.087962
[GA][Iter3] Gen:15 Ind:6 RMSE(val)=905.225390
[GA][Iter3] Gen:15 Ind:7 RMSE(val)=905.225390
[GA][Iter3] Gen:15 Ind:8 RMSE(val)=906.016720
[GA][Iter3] Gen:15 Ind:9 RMSE(val)=906.578290
[GA][Iter3] Gen:15 Ind:10 RMSE(val)=906.596469
[GA][Iter3] Gen:15 Ind:11 RMSE(val)=906.578290
[GA][Iter3] Gen:15 Ind:12 RMSE(val)=911.607606
[GA][Iter3] Gen:15 Ind:13 RMSE(val)=912.707940
[GA][Iter3] Gen:15 Ind:14 RMSE(val)=904.955064
[GA][Iter3] Gen:15 Ind:15 RMSE(val)=904.635964
[GA][Iter3] Gen:15 Ind:16 RMSE(val)=932.030009
[GA][Iter3] Gen:15 Ind:17 RMSE(val)=904.955064
[GA][Iter3] Gen:15 Ind:18 RMSE(val)=908.052799
[GA][Iter3] Gen:15 Ind:19 RMSE(val)=910.546650
[GA][Iter3] Gen:15 Ind:20 RMSE(val)=915.450831

[GA DONE][Iter3] Best params on val fold of Iter3
Best val RMSE: 904.145765
Best params: {'n_estimators': 1029, 'learning_rate': 0.053516464061094664, 'max_depth': 11, 'min_child_weight': 6.88987036646766, 'subsample': 0.8715999690411856, 'colsample_bytree': 0.6916192287856417, 'reg_lambda': 0.29532102999128146, 'reg_alpha': 0.03813705539957667, 'gamma': 0.39148118813095906}
--------------------------------------------------------------------------------
[RETUNE GA] Iter3: train folds 1..7 -> test fold 8  RMSE=728.354376  NRMSE=0.661389  CVRMSE=0.376318  R2=0.560637
[GA][Iter4] Gen:1 Ind:1 RMSE(val)=746.013617
[GA][Iter4] Gen:1 Ind:2 RMSE(val)=763.265672
[GA][Iter4] Gen:1 Ind:3 RMSE(val)=727.598031
[GA][Iter4] Gen:1 Ind:4 RMSE(val)=774.056676
[GA][Iter4] Gen:1 Ind:5 RMSE(val)=741.888946
[GA][Iter4] Gen:1 Ind:6 RMSE(val)=745.227001
[GA][Iter4] Gen:1 Ind:7 RMSE(val)=767.455782
[GA][Iter4] Gen:1 Ind:8 RMSE(val)=734.843424
[GA][Iter4] Gen:1 Ind:9 RMSE(val)=775.315089
[GA][Iter4] Gen:1 Ind:10 RMSE(val)=751.401779
[GA][Iter4] Gen:1 Ind:11 RMSE(val)=764.630749
[GA][Iter4] Gen:1 Ind:12 RMSE(val)=811.365477
[GA][Iter4] Gen:1 Ind:13 RMSE(val)=753.047225
[GA][Iter4] Gen:1 Ind:14 RMSE(val)=750.833861
[GA][Iter4] Gen:1 Ind:15 RMSE(val)=748.396319
[GA][Iter4] Gen:1 Ind:16 RMSE(val)=760.325337
[GA][Iter4] Gen:1 Ind:17 RMSE(val)=748.009543
[GA][Iter4] Gen:1 Ind:18 RMSE(val)=727.891073
[GA][Iter4] Gen:1 Ind:19 RMSE(val)=728.485908
[GA][Iter4] Gen:1 Ind:20 RMSE(val)=734.232014
[GA][Iter4] gen=1 best_val_rmse=727.598031
[GA][Iter4] Gen:2 Ind:1 RMSE(val)=727.598031
[GA][Iter4] Gen:2 Ind:2 RMSE(val)=727.891073
[GA][Iter4] Gen:2 Ind:3 RMSE(val)=728.485908
[GA][Iter4] Gen:2 Ind:4 RMSE(val)=734.232014
[GA][Iter4] Gen:2 Ind:5 RMSE(val)=734.843424
[GA][Iter4] Gen:2 Ind:6 RMSE(val)=741.888946
[GA][Iter4] Gen:2 Ind:7 RMSE(val)=745.227001
[GA][Iter4] Gen:2 Ind:8 RMSE(val)=746.013617
[GA][Iter4] Gen:2 Ind:9 RMSE(val)=748.009543
[GA][Iter4] Gen:2 Ind:10 RMSE(val)=748.396319
[GA][Iter4] Gen:2 Ind:11 RMSE(val)=737.373849
[GA][Iter4] Gen:2 Ind:12 RMSE(val)=729.551210
[GA][Iter4] Gen:2 Ind:13 RMSE(val)=735.738739
[GA][Iter4] Gen:2 Ind:14 RMSE(val)=746.005870
[GA][Iter4] Gen:2 Ind:15 RMSE(val)=757.882577
[GA][Iter4] Gen:2 Ind:16 RMSE(val)=763.083541
[GA][Iter4] Gen:2 Ind:17 RMSE(val)=729.975869
[GA][Iter4] Gen:2 Ind:18 RMSE(val)=748.976484
[GA][Iter4] Gen:2 Ind:19 RMSE(val)=746.687207
[GA][Iter4] Gen:2 Ind:20 RMSE(val)=744.306705
[GA][Iter4] gen=2 best_val_rmse=727.598031
[GA][Iter4] Gen:3 Ind:1 RMSE(val)=727.598031
[GA][Iter4] Gen:3 Ind:2 RMSE(val)=727.891073
[GA][Iter4] Gen:3 Ind:3 RMSE(val)=728.485908
[GA][Iter4] Gen:3 Ind:4 RMSE(val)=729.551210
[GA][Iter4] Gen:3 Ind:5 RMSE(val)=729.975869
[GA][Iter4] Gen:3 Ind:6 RMSE(val)=734.232014
[GA][Iter4] Gen:3 Ind:7 RMSE(val)=734.843424
[GA][Iter4] Gen:3 Ind:8 RMSE(val)=735.738739
[GA][Iter4] Gen:3 Ind:9 RMSE(val)=737.373849
[GA][Iter4] Gen:3 Ind:10 RMSE(val)=741.888946
[GA][Iter4] Gen:3 Ind:11 RMSE(val)=735.593845
[GA][Iter4] Gen:3 Ind:12 RMSE(val)=731.621819
[GA][Iter4] Gen:3 Ind:13 RMSE(val)=732.132717
[GA][Iter4] Gen:3 Ind:14 RMSE(val)=728.083831
[GA][Iter4] Gen:3 Ind:15 RMSE(val)=733.849492
[GA][Iter4] Gen:3 Ind:16 RMSE(val)=741.324866
[GA][Iter4] Gen:3 Ind:17 RMSE(val)=740.258467
[GA][Iter4] Gen:3 Ind:18 RMSE(val)=761.773482
[GA][Iter4] Gen:3 Ind:19 RMSE(val)=745.051332
[GA][Iter4] Gen:3 Ind:20 RMSE(val)=726.824766
[GA][Iter4] gen=3 best_val_rmse=726.824766
[GA][Iter4] Gen:4 Ind:1 RMSE(val)=726.824766
[GA][Iter4] Gen:4 Ind:2 RMSE(val)=727.598031
[GA][Iter4] Gen:4 Ind:3 RMSE(val)=727.891073
[GA][Iter4] Gen:4 Ind:4 RMSE(val)=728.083831
[GA][Iter4] Gen:4 Ind:5 RMSE(val)=728.485908
[GA][Iter4] Gen:4 Ind:6 RMSE(val)=729.551210
[GA][Iter4] Gen:4 Ind:7 RMSE(val)=729.975869
[GA][Iter4] Gen:4 Ind:8 RMSE(val)=731.621819
[GA][Iter4] Gen:4 Ind:9 RMSE(val)=732.132717
[GA][Iter4] Gen:4 Ind:10 RMSE(val)=733.849492
[GA][Iter4] Gen:4 Ind:11 RMSE(val)=727.172093
[GA][Iter4] Gen:4 Ind:12 RMSE(val)=736.273980
[GA][Iter4] Gen:4 Ind:13 RMSE(val)=732.953274
[GA][Iter4] Gen:4 Ind:14 RMSE(val)=732.789338
[GA][Iter4] Gen:4 Ind:15 RMSE(val)=734.950662
[GA][Iter4] Gen:4 Ind:16 RMSE(val)=730.390054
[GA][Iter4] Gen:4 Ind:17 RMSE(val)=740.733783
[GA][Iter4] Gen:4 Ind:18 RMSE(val)=733.748021
[GA][Iter4] Gen:4 Ind:19 RMSE(val)=727.340291
[GA][Iter4] Gen:4 Ind:20 RMSE(val)=733.521489
[GA][Iter4] gen=4 best_val_rmse=726.824766
[GA][Iter4] Gen:5 Ind:1 RMSE(val)=726.824766
[GA][Iter4] Gen:5 Ind:2 RMSE(val)=727.172093
[GA][Iter4] Gen:5 Ind:3 RMSE(val)=727.340291
[GA][Iter4] Gen:5 Ind:4 RMSE(val)=727.598031
[GA][Iter4] Gen:5 Ind:5 RMSE(val)=727.891073
[GA][Iter4] Gen:5 Ind:6 RMSE(val)=728.083831
[GA][Iter4] Gen:5 Ind:7 RMSE(val)=728.485908
[GA][Iter4] Gen:5 Ind:8 RMSE(val)=729.551210
[GA][Iter4] Gen:5 Ind:9 RMSE(val)=729.975869
[GA][Iter4] Gen:5 Ind:10 RMSE(val)=730.390054
[GA][Iter4] Gen:5 Ind:11 RMSE(val)=743.426582
[GA][Iter4] Gen:5 Ind:12 RMSE(val)=734.206982
[GA][Iter4] Gen:5 Ind:13 RMSE(val)=729.320789
[GA][Iter4] Gen:5 Ind:14 RMSE(val)=731.398372
[GA][Iter4] Gen:5 Ind:15 RMSE(val)=753.508405
[GA][Iter4] Gen:5 Ind:16 RMSE(val)=734.380798
[GA][Iter4] Gen:5 Ind:17 RMSE(val)=729.202200
[GA][Iter4] Gen:5 Ind:18 RMSE(val)=731.157615
[GA][Iter4] Gen:5 Ind:19 RMSE(val)=725.587147
[GA][Iter4] Gen:5 Ind:20 RMSE(val)=729.551210
[GA][Iter4] gen=5 best_val_rmse=725.587147
[GA][Iter4] Gen:6 Ind:1 RMSE(val)=725.587147
[GA][Iter4] Gen:6 Ind:2 RMSE(val)=726.824766
[GA][Iter4] Gen:6 Ind:3 RMSE(val)=727.172093
[GA][Iter4] Gen:6 Ind:4 RMSE(val)=727.340291
[GA][Iter4] Gen:6 Ind:5 RMSE(val)=727.598031
[GA][Iter4] Gen:6 Ind:6 RMSE(val)=727.891073
[GA][Iter4] Gen:6 Ind:7 RMSE(val)=728.083831
[GA][Iter4] Gen:6 Ind:8 RMSE(val)=728.485908
[GA][Iter4] Gen:6 Ind:9 RMSE(val)=729.202200
[GA][Iter4] Gen:6 Ind:10 RMSE(val)=729.320789
[GA][Iter4] Gen:6 Ind:11 RMSE(val)=728.217187
[GA][Iter4] Gen:6 Ind:12 RMSE(val)=732.874900
[GA][Iter4] Gen:6 Ind:13 RMSE(val)=738.128639
[GA][Iter4] Gen:6 Ind:14 RMSE(val)=732.856346
[GA][Iter4] Gen:6 Ind:15 RMSE(val)=725.587147
[GA][Iter4] Gen:6 Ind:16 RMSE(val)=728.485908
[GA][Iter4] Gen:6 Ind:17 RMSE(val)=729.245087
[GA][Iter4] Gen:6 Ind:18 RMSE(val)=732.791611
[GA][Iter4] Gen:6 Ind:19 RMSE(val)=727.341578
[GA][Iter4] Gen:6 Ind:20 RMSE(val)=719.462834
[GA][Iter4] gen=6 best_val_rmse=719.462834
[GA][Iter4] Gen:7 Ind:1 RMSE(val)=719.462834
[GA][Iter4] Gen:7 Ind:2 RMSE(val)=725.587147
[GA][Iter4] Gen:7 Ind:3 RMSE(val)=725.587147
[GA][Iter4] Gen:7 Ind:4 RMSE(val)=726.824766
[GA][Iter4] Gen:7 Ind:5 RMSE(val)=727.172093
[GA][Iter4] Gen:7 Ind:6 RMSE(val)=727.340291
[GA][Iter4] Gen:7 Ind:7 RMSE(val)=727.341578
[GA][Iter4] Gen:7 Ind:8 RMSE(val)=727.598031
[GA][Iter4] Gen:7 Ind:9 RMSE(val)=727.891073
[GA][Iter4] Gen:7 Ind:10 RMSE(val)=728.083831
[GA][Iter4] Gen:7 Ind:11 RMSE(val)=727.009242
[GA][Iter4] Gen:7 Ind:12 RMSE(val)=749.888242
[GA][Iter4] Gen:7 Ind:13 RMSE(val)=735.606974
[GA][Iter4] Gen:7 Ind:14 RMSE(val)=756.949700
[GA][Iter4] Gen:7 Ind:15 RMSE(val)=725.587147
[GA][Iter4] Gen:7 Ind:16 RMSE(val)=743.958177
[GA][Iter4] Gen:7 Ind:17 RMSE(val)=734.659733
[GA][Iter4] Gen:7 Ind:18 RMSE(val)=739.061765
[GA][Iter4] Gen:7 Ind:19 RMSE(val)=724.564943
[GA][Iter4] Gen:7 Ind:20 RMSE(val)=730.118687
[GA][Iter4] gen=7 best_val_rmse=719.462834
[GA][Iter4] Gen:8 Ind:1 RMSE(val)=719.462834
[GA][Iter4] Gen:8 Ind:2 RMSE(val)=724.564943
[GA][Iter4] Gen:8 Ind:3 RMSE(val)=725.587147
[GA][Iter4] Gen:8 Ind:4 RMSE(val)=725.587147
[GA][Iter4] Gen:8 Ind:5 RMSE(val)=725.587147
[GA][Iter4] Gen:8 Ind:6 RMSE(val)=726.824766
[GA][Iter4] Gen:8 Ind:7 RMSE(val)=727.009242
[GA][Iter4] Gen:8 Ind:8 RMSE(val)=727.172093
[GA][Iter4] Gen:8 Ind:9 RMSE(val)=727.340291
[GA][Iter4] Gen:8 Ind:10 RMSE(val)=727.341578
[GA][Iter4] Gen:8 Ind:11 RMSE(val)=729.755286
[GA][Iter4] Gen:8 Ind:12 RMSE(val)=727.694560
[GA][Iter4] Gen:8 Ind:13 RMSE(val)=740.285564
[GA][Iter4] Gen:8 Ind:14 RMSE(val)=743.820690
[GA][Iter4] Gen:8 Ind:15 RMSE(val)=735.626879
[GA][Iter4] Gen:8 Ind:16 RMSE(val)=728.804400
[GA][Iter4] Gen:8 Ind:17 RMSE(val)=730.561874
[GA][Iter4] Gen:8 Ind:18 RMSE(val)=725.692702
[GA][Iter4] Gen:8 Ind:19 RMSE(val)=719.462834
[GA][Iter4] Gen:8 Ind:20 RMSE(val)=733.761616
[GA][Iter4] gen=8 best_val_rmse=719.462834
[GA][Iter4] Gen:9 Ind:1 RMSE(val)=719.462834
[GA][Iter4] Gen:9 Ind:2 RMSE(val)=719.462834
[GA][Iter4] Gen:9 Ind:3 RMSE(val)=724.564943
[GA][Iter4] Gen:9 Ind:4 RMSE(val)=725.587147
[GA][Iter4] Gen:9 Ind:5 RMSE(val)=725.587147
[GA][Iter4] Gen:9 Ind:6 RMSE(val)=725.587147
[GA][Iter4] Gen:9 Ind:7 RMSE(val)=725.692702
[GA][Iter4] Gen:9 Ind:8 RMSE(val)=726.824766
[GA][Iter4] Gen:9 Ind:9 RMSE(val)=727.009242
[GA][Iter4] Gen:9 Ind:10 RMSE(val)=727.172093
[GA][Iter4] Gen:9 Ind:11 RMSE(val)=742.463932
[GA][Iter4] Gen:9 Ind:12 RMSE(val)=743.248237
[GA][Iter4] Gen:9 Ind:13 RMSE(val)=741.210313
[GA][Iter4] Gen:9 Ind:14 RMSE(val)=728.271601
[GA][Iter4] Gen:9 Ind:15 RMSE(val)=734.650491
[GA][Iter4] Gen:9 Ind:16 RMSE(val)=733.146293
[GA][Iter4] Gen:9 Ind:17 RMSE(val)=736.807764
[GA][Iter4] Gen:9 Ind:18 RMSE(val)=725.587147
[GA][Iter4] Gen:9 Ind:19 RMSE(val)=740.670838
[GA][Iter4] Gen:9 Ind:20 RMSE(val)=743.838083
[GA][Iter4] gen=9 best_val_rmse=719.462834
[GA][Iter4] Gen:10 Ind:1 RMSE(val)=719.462834
[GA][Iter4] Gen:10 Ind:2 RMSE(val)=719.462834
[GA][Iter4] Gen:10 Ind:3 RMSE(val)=724.564943
[GA][Iter4] Gen:10 Ind:4 RMSE(val)=725.587147
[GA][Iter4] Gen:10 Ind:5 RMSE(val)=725.587147
[GA][Iter4] Gen:10 Ind:6 RMSE(val)=725.587147
[GA][Iter4] Gen:10 Ind:7 RMSE(val)=725.587147
[GA][Iter4] Gen:10 Ind:8 RMSE(val)=725.692702
[GA][Iter4] Gen:10 Ind:9 RMSE(val)=726.824766
[GA][Iter4] Gen:10 Ind:10 RMSE(val)=727.009242
[GA][Iter4] Gen:10 Ind:11 RMSE(val)=724.156178
[GA][Iter4] Gen:10 Ind:12 RMSE(val)=726.096363
[GA][Iter4] Gen:10 Ind:13 RMSE(val)=738.914869
[GA][Iter4] Gen:10 Ind:14 RMSE(val)=725.587147
[GA][Iter4] Gen:10 Ind:15 RMSE(val)=729.111736
[GA][Iter4] Gen:10 Ind:16 RMSE(val)=742.103193
[GA][Iter4] Gen:10 Ind:17 RMSE(val)=730.396535
[GA][Iter4] Gen:10 Ind:18 RMSE(val)=728.215219
[GA][Iter4] Gen:10 Ind:19 RMSE(val)=724.681070
[GA][Iter4] Gen:10 Ind:20 RMSE(val)=750.987761
[GA][Iter4] gen=10 best_val_rmse=719.462834
[GA][Iter4] Gen:11 Ind:1 RMSE(val)=719.462834
[GA][Iter4] Gen:11 Ind:2 RMSE(val)=719.462834
[GA][Iter4] Gen:11 Ind:3 RMSE(val)=724.156178
[GA][Iter4] Gen:11 Ind:4 RMSE(val)=724.564943
[GA][Iter4] Gen:11 Ind:5 RMSE(val)=724.681070
[GA][Iter4] Gen:11 Ind:6 RMSE(val)=725.587147
[GA][Iter4] Gen:11 Ind:7 RMSE(val)=725.587147
[GA][Iter4] Gen:11 Ind:8 RMSE(val)=725.587147
[GA][Iter4] Gen:11 Ind:9 RMSE(val)=725.587147
[GA][Iter4] Gen:11 Ind:10 RMSE(val)=725.587147
[GA][Iter4] Gen:11 Ind:11 RMSE(val)=727.006305
[GA][Iter4] Gen:11 Ind:12 RMSE(val)=725.587147
[GA][Iter4] Gen:11 Ind:13 RMSE(val)=735.246560
[GA][Iter4] Gen:11 Ind:14 RMSE(val)=725.587147
[GA][Iter4] Gen:11 Ind:15 RMSE(val)=740.133254
[GA][Iter4] Gen:11 Ind:16 RMSE(val)=724.156178
[GA][Iter4] Gen:11 Ind:17 RMSE(val)=724.713373
[GA][Iter4] Gen:11 Ind:18 RMSE(val)=722.661140
[GA][Iter4] Gen:11 Ind:19 RMSE(val)=741.101605
[GA][Iter4] Gen:11 Ind:20 RMSE(val)=739.139373
[GA][Iter4] gen=11 best_val_rmse=719.462834
[GA][Iter4] Gen:12 Ind:1 RMSE(val)=719.462834
[GA][Iter4] Gen:12 Ind:2 RMSE(val)=719.462834
[GA][Iter4] Gen:12 Ind:3 RMSE(val)=722.661140
[GA][Iter4] Gen:12 Ind:4 RMSE(val)=724.156178
[GA][Iter4] Gen:12 Ind:5 RMSE(val)=724.156178
[GA][Iter4] Gen:12 Ind:6 RMSE(val)=724.564943
[GA][Iter4] Gen:12 Ind:7 RMSE(val)=724.681070
[GA][Iter4] Gen:12 Ind:8 RMSE(val)=724.713373
[GA][Iter4] Gen:12 Ind:9 RMSE(val)=725.587147
[GA][Iter4] Gen:12 Ind:10 RMSE(val)=725.587147
[GA][Iter4] Gen:12 Ind:11 RMSE(val)=730.372905
[GA][Iter4] Gen:12 Ind:12 RMSE(val)=732.217780
[GA][Iter4] Gen:12 Ind:13 RMSE(val)=718.129551
[GA][Iter4] Gen:12 Ind:14 RMSE(val)=726.591447
[GA][Iter4] Gen:12 Ind:15 RMSE(val)=725.587147
[GA][Iter4] Gen:12 Ind:16 RMSE(val)=719.462834
[GA][Iter4] Gen:12 Ind:17 RMSE(val)=743.424264
[GA][Iter4] Gen:12 Ind:18 RMSE(val)=718.103143
[GA][Iter4] Gen:12 Ind:19 RMSE(val)=740.145089
[GA][Iter4] Gen:12 Ind:20 RMSE(val)=719.885821
[GA][Iter4] gen=12 best_val_rmse=718.103143
[GA][Iter4] Gen:13 Ind:1 RMSE(val)=718.103143
[GA][Iter4] Gen:13 Ind:2 RMSE(val)=718.129551
[GA][Iter4] Gen:13 Ind:3 RMSE(val)=719.462834
[GA][Iter4] Gen:13 Ind:4 RMSE(val)=719.462834
[GA][Iter4] Gen:13 Ind:5 RMSE(val)=719.462834
[GA][Iter4] Gen:13 Ind:6 RMSE(val)=719.885821
[GA][Iter4] Gen:13 Ind:7 RMSE(val)=722.661140
[GA][Iter4] Gen:13 Ind:8 RMSE(val)=724.156178
[GA][Iter4] Gen:13 Ind:9 RMSE(val)=724.156178
[GA][Iter4] Gen:13 Ind:10 RMSE(val)=724.564943
[GA][Iter4] Gen:13 Ind:11 RMSE(val)=736.073533
[GA][Iter4] Gen:13 Ind:12 RMSE(val)=719.982657
[GA][Iter4] Gen:13 Ind:13 RMSE(val)=718.129551
[GA][Iter4] Gen:13 Ind:14 RMSE(val)=719.885821
[GA][Iter4] Gen:13 Ind:15 RMSE(val)=729.703380
[GA][Iter4] Gen:13 Ind:16 RMSE(val)=720.078719
[GA][Iter4] Gen:13 Ind:17 RMSE(val)=718.103143
[GA][Iter4] Gen:13 Ind:18 RMSE(val)=727.192169
[GA][Iter4] Gen:13 Ind:19 RMSE(val)=725.122784
[GA][Iter4] Gen:13 Ind:20 RMSE(val)=738.425088
[GA][Iter4] gen=13 best_val_rmse=718.103143
[GA][Iter4] Gen:14 Ind:1 RMSE(val)=718.103143
[GA][Iter4] Gen:14 Ind:2 RMSE(val)=718.103143
[GA][Iter4] Gen:14 Ind:3 RMSE(val)=718.129551
[GA][Iter4] Gen:14 Ind:4 RMSE(val)=718.129551
[GA][Iter4] Gen:14 Ind:5 RMSE(val)=719.462834
[GA][Iter4] Gen:14 Ind:6 RMSE(val)=719.462834
[GA][Iter4] Gen:14 Ind:7 RMSE(val)=719.462834
[GA][Iter4] Gen:14 Ind:8 RMSE(val)=719.885821
[GA][Iter4] Gen:14 Ind:9 RMSE(val)=719.885821
[GA][Iter4] Gen:14 Ind:10 RMSE(val)=719.982657
[GA][Iter4] Gen:14 Ind:11 RMSE(val)=723.393442
[GA][Iter4] Gen:14 Ind:12 RMSE(val)=735.198911
[GA][Iter4] Gen:14 Ind:13 RMSE(val)=723.393442
[GA][Iter4] Gen:14 Ind:14 RMSE(val)=719.462834
[GA][Iter4] Gen:14 Ind:15 RMSE(val)=719.948808
[GA][Iter4] Gen:14 Ind:16 RMSE(val)=719.498796
[GA][Iter4] Gen:14 Ind:17 RMSE(val)=719.982657
[GA][Iter4] Gen:14 Ind:18 RMSE(val)=718.103143
[GA][Iter4] Gen:14 Ind:19 RMSE(val)=726.003469
[GA][Iter4] Gen:14 Ind:20 RMSE(val)=733.791724
[GA][Iter4] gen=14 best_val_rmse=718.103143
[GA][Iter4] Gen:15 Ind:1 RMSE(val)=718.103143
[GA][Iter4] Gen:15 Ind:2 RMSE(val)=718.103143
[GA][Iter4] Gen:15 Ind:3 RMSE(val)=718.103143
[GA][Iter4] Gen:15 Ind:4 RMSE(val)=718.129551
[GA][Iter4] Gen:15 Ind:5 RMSE(val)=718.129551
[GA][Iter4] Gen:15 Ind:6 RMSE(val)=719.462834
[GA][Iter4] Gen:15 Ind:7 RMSE(val)=719.462834
[GA][Iter4] Gen:15 Ind:8 RMSE(val)=719.462834
[GA][Iter4] Gen:15 Ind:9 RMSE(val)=719.462834
[GA][Iter4] Gen:15 Ind:10 RMSE(val)=719.498796
[GA][Iter4] Gen:15 Ind:11 RMSE(val)=719.982657
[GA][Iter4] Gen:15 Ind:12 RMSE(val)=720.455981
[GA][Iter4] Gen:15 Ind:13 RMSE(val)=719.982657
[GA][Iter4] Gen:15 Ind:14 RMSE(val)=719.498796
[GA][Iter4] Gen:15 Ind:15 RMSE(val)=718.885897
[GA][Iter4] Gen:15 Ind:16 RMSE(val)=718.103143
[GA][Iter4] Gen:15 Ind:17 RMSE(val)=717.589335
[GA][Iter4] Gen:15 Ind:18 RMSE(val)=719.498796
[GA][Iter4] Gen:15 Ind:19 RMSE(val)=719.498796
[GA][Iter4] Gen:15 Ind:20 RMSE(val)=718.103143
[GA][Iter4] gen=15 best_val_rmse=717.589335
[GA][Iter4] Gen:15 Ind:1 RMSE(val)=717.589335
[GA][Iter4] Gen:15 Ind:2 RMSE(val)=718.103143
[GA][Iter4] Gen:15 Ind:3 RMSE(val)=718.103143
[GA][Iter4] Gen:15 Ind:4 RMSE(val)=718.103143
[GA][Iter4] Gen:15 Ind:5 RMSE(val)=718.103143
[GA][Iter4] Gen:15 Ind:6 RMSE(val)=718.103143
[GA][Iter4] Gen:15 Ind:7 RMSE(val)=718.129551
[GA][Iter4] Gen:15 Ind:8 RMSE(val)=718.129551
[GA][Iter4] Gen:15 Ind:9 RMSE(val)=718.885897
[GA][Iter4] Gen:15 Ind:10 RMSE(val)=719.462834
[GA][Iter4] Gen:15 Ind:11 RMSE(val)=718.885897
[GA][Iter4] Gen:15 Ind:12 RMSE(val)=717.589335
[GA][Iter4] Gen:15 Ind:13 RMSE(val)=718.129551
[GA][Iter4] Gen:15 Ind:14 RMSE(val)=718.103143
[GA][Iter4] Gen:15 Ind:15 RMSE(val)=732.908035
[GA][Iter4] Gen:15 Ind:16 RMSE(val)=718.376919
[GA][Iter4] Gen:15 Ind:17 RMSE(val)=718.103143
[GA][Iter4] Gen:15 Ind:18 RMSE(val)=717.589335
[GA][Iter4] Gen:15 Ind:19 RMSE(val)=722.860546
[GA][Iter4] Gen:15 Ind:20 RMSE(val)=718.103143

[GA DONE][Iter4] Best params on val fold of Iter4
Best val RMSE: 717.589335
Best params: {'n_estimators': 888, 'learning_rate': 0.05885535029978782, 'max_depth': 3, 'min_child_weight': 1.8628991200317966, 'subsample': 0.6558807607319115, 'colsample_bytree': 0.9438541601014986, 'reg_lambda': 0.9835068178635953, 'reg_alpha': 0.03813705539957667, 'gamma': 1.151951377229542}
--------------------------------------------------------------------------------
[RETUNE GA] Iter4: train folds 1..8 -> test fold 9  RMSE=561.780230  NRMSE=0.536988  CVRMSE=0.282260  R2=0.710373
[GA][Iter5] Gen:1 Ind:1 RMSE(val)=576.782303
[GA][Iter5] Gen:1 Ind:2 RMSE(val)=584.017004
[GA][Iter5] Gen:1 Ind:3 RMSE(val)=567.174922
[GA][Iter5] Gen:1 Ind:4 RMSE(val)=603.943216
[GA][Iter5] Gen:1 Ind:5 RMSE(val)=577.586860
[GA][Iter5] Gen:1 Ind:6 RMSE(val)=560.070545
[GA][Iter5] Gen:1 Ind:7 RMSE(val)=603.757089
[GA][Iter5] Gen:1 Ind:8 RMSE(val)=582.815242
[GA][Iter5] Gen:1 Ind:9 RMSE(val)=606.827593
[GA][Iter5] Gen:1 Ind:10 RMSE(val)=594.967994
[GA][Iter5] Gen:1 Ind:11 RMSE(val)=615.112274
[GA][Iter5] Gen:1 Ind:12 RMSE(val)=607.383690
[GA][Iter5] Gen:1 Ind:13 RMSE(val)=591.752398
[GA][Iter5] Gen:1 Ind:14 RMSE(val)=568.416780
[GA][Iter5] Gen:1 Ind:15 RMSE(val)=560.678575
[GA][Iter5] Gen:1 Ind:16 RMSE(val)=598.199719
[GA][Iter5] Gen:1 Ind:17 RMSE(val)=586.199040
[GA][Iter5] Gen:1 Ind:18 RMSE(val)=571.520004
[GA][Iter5] Gen:1 Ind:19 RMSE(val)=560.811145
[GA][Iter5] Gen:1 Ind:20 RMSE(val)=570.238120
[GA][Iter5] gen=1 best_val_rmse=560.070545
[GA][Iter5] Gen:2 Ind:1 RMSE(val)=560.070545
[GA][Iter5] Gen:2 Ind:2 RMSE(val)=560.678575
[GA][Iter5] Gen:2 Ind:3 RMSE(val)=560.811145
[GA][Iter5] Gen:2 Ind:4 RMSE(val)=567.174922
[GA][Iter5] Gen:2 Ind:5 RMSE(val)=568.416780
[GA][Iter5] Gen:2 Ind:6 RMSE(val)=570.238120
[GA][Iter5] Gen:2 Ind:7 RMSE(val)=571.520004
[GA][Iter5] Gen:2 Ind:8 RMSE(val)=576.782303
[GA][Iter5] Gen:2 Ind:9 RMSE(val)=577.586860
[GA][Iter5] Gen:2 Ind:10 RMSE(val)=582.815242
[GA][Iter5] Gen:2 Ind:11 RMSE(val)=565.893831
[GA][Iter5] Gen:2 Ind:12 RMSE(val)=562.544233
[GA][Iter5] Gen:2 Ind:13 RMSE(val)=567.564137
[GA][Iter5] Gen:2 Ind:14 RMSE(val)=573.266634
[GA][Iter5] Gen:2 Ind:15 RMSE(val)=564.000045
[GA][Iter5] Gen:2 Ind:16 RMSE(val)=574.238073
[GA][Iter5] Gen:2 Ind:17 RMSE(val)=561.038292
[GA][Iter5] Gen:2 Ind:18 RMSE(val)=563.489285
[GA][Iter5] Gen:2 Ind:19 RMSE(val)=563.090011
[GA][Iter5] Gen:2 Ind:20 RMSE(val)=568.501074
[GA][Iter5] gen=2 best_val_rmse=560.070545
[GA][Iter5] Gen:3 Ind:1 RMSE(val)=560.070545
[GA][Iter5] Gen:3 Ind:2 RMSE(val)=560.678575
[GA][Iter5] Gen:3 Ind:3 RMSE(val)=560.811145
[GA][Iter5] Gen:3 Ind:4 RMSE(val)=561.038292
[GA][Iter5] Gen:3 Ind:5 RMSE(val)=562.544233
[GA][Iter5] Gen:3 Ind:6 RMSE(val)=563.090011
[GA][Iter5] Gen:3 Ind:7 RMSE(val)=563.489285
[GA][Iter5] Gen:3 Ind:8 RMSE(val)=564.000045
[GA][Iter5] Gen:3 Ind:9 RMSE(val)=565.893831
[GA][Iter5] Gen:3 Ind:10 RMSE(val)=567.174922
[GA][Iter5] Gen:3 Ind:11 RMSE(val)=566.283687
[GA][Iter5] Gen:3 Ind:12 RMSE(val)=567.070272
[GA][Iter5] Gen:3 Ind:13 RMSE(val)=559.183232
[GA][Iter5] Gen:3 Ind:14 RMSE(val)=561.284816
[GA][Iter5] Gen:3 Ind:15 RMSE(val)=559.939013
[GA][Iter5] Gen:3 Ind:16 RMSE(val)=561.472342
[GA][Iter5] Gen:3 Ind:17 RMSE(val)=556.545525
[GA][Iter5] Gen:3 Ind:18 RMSE(val)=561.677067
[GA][Iter5] Gen:3 Ind:19 RMSE(val)=578.473847
[GA][Iter5] Gen:3 Ind:20 RMSE(val)=555.379881
[GA][Iter5] gen=3 best_val_rmse=555.379881
[GA][Iter5] Gen:4 Ind:1 RMSE(val)=555.379881
[GA][Iter5] Gen:4 Ind:2 RMSE(val)=556.545525
[GA][Iter5] Gen:4 Ind:3 RMSE(val)=559.183232
[GA][Iter5] Gen:4 Ind:4 RMSE(val)=559.939013
[GA][Iter5] Gen:4 Ind:5 RMSE(val)=560.070545
[GA][Iter5] Gen:4 Ind:6 RMSE(val)=560.678575
[GA][Iter5] Gen:4 Ind:7 RMSE(val)=560.811145
[GA][Iter5] Gen:4 Ind:8 RMSE(val)=561.038292
[GA][Iter5] Gen:4 Ind:9 RMSE(val)=561.284816
[GA][Iter5] Gen:4 Ind:10 RMSE(val)=561.472342
[GA][Iter5] Gen:4 Ind:11 RMSE(val)=560.723811
[GA][Iter5] Gen:4 Ind:12 RMSE(val)=553.739093
[GA][Iter5] Gen:4 Ind:13 RMSE(val)=556.130881
[GA][Iter5] Gen:4 Ind:14 RMSE(val)=562.036828
[GA][Iter5] Gen:4 Ind:15 RMSE(val)=563.823726
[GA][Iter5] Gen:4 Ind:16 RMSE(val)=561.193954
[GA][Iter5] Gen:4 Ind:17 RMSE(val)=555.557211
[GA][Iter5] Gen:4 Ind:18 RMSE(val)=555.861181
[GA][Iter5] Gen:4 Ind:19 RMSE(val)=559.586165
[GA][Iter5] Gen:4 Ind:20 RMSE(val)=561.270509
[GA][Iter5] gen=4 best_val_rmse=553.739093
[GA][Iter5] Gen:5 Ind:1 RMSE(val)=553.739093
[GA][Iter5] Gen:5 Ind:2 RMSE(val)=555.379881
[GA][Iter5] Gen:5 Ind:3 RMSE(val)=555.557211
[GA][Iter5] Gen:5 Ind:4 RMSE(val)=555.861181
[GA][Iter5] Gen:5 Ind:5 RMSE(val)=556.130881
[GA][Iter5] Gen:5 Ind:6 RMSE(val)=556.545525
[GA][Iter5] Gen:5 Ind:7 RMSE(val)=559.183232
[GA][Iter5] Gen:5 Ind:8 RMSE(val)=559.586165
[GA][Iter5] Gen:5 Ind:9 RMSE(val)=559.939013
[GA][Iter5] Gen:5 Ind:10 RMSE(val)=560.070545
[GA][Iter5] Gen:5 Ind:11 RMSE(val)=552.461959
[GA][Iter5] Gen:5 Ind:12 RMSE(val)=567.999177
[GA][Iter5] Gen:5 Ind:13 RMSE(val)=559.183232
[GA][Iter5] Gen:5 Ind:14 RMSE(val)=554.228627
[GA][Iter5] Gen:5 Ind:15 RMSE(val)=557.268289
[GA][Iter5] Gen:5 Ind:16 RMSE(val)=570.508509
[GA][Iter5] Gen:5 Ind:17 RMSE(val)=557.525034
[GA][Iter5] Gen:5 Ind:18 RMSE(val)=559.211079
[GA][Iter5] Gen:5 Ind:19 RMSE(val)=557.234852
[GA][Iter5] Gen:5 Ind:20 RMSE(val)=560.587884
[GA][Iter5] gen=5 best_val_rmse=552.461959
[GA][Iter5] Gen:6 Ind:1 RMSE(val)=552.461959
[GA][Iter5] Gen:6 Ind:2 RMSE(val)=553.739093
[GA][Iter5] Gen:6 Ind:3 RMSE(val)=554.228627
[GA][Iter5] Gen:6 Ind:4 RMSE(val)=555.379881
[GA][Iter5] Gen:6 Ind:5 RMSE(val)=555.557211
[GA][Iter5] Gen:6 Ind:6 RMSE(val)=555.861181
[GA][Iter5] Gen:6 Ind:7 RMSE(val)=556.130881
[GA][Iter5] Gen:6 Ind:8 RMSE(val)=556.545525
[GA][Iter5] Gen:6 Ind:9 RMSE(val)=557.234852
[GA][Iter5] Gen:6 Ind:10 RMSE(val)=557.268289
[GA][Iter5] Gen:6 Ind:11 RMSE(val)=559.619160
[GA][Iter5] Gen:6 Ind:12 RMSE(val)=553.870303
[GA][Iter5] Gen:6 Ind:13 RMSE(val)=555.379881
[GA][Iter5] Gen:6 Ind:14 RMSE(val)=565.088606
[GA][Iter5] Gen:6 Ind:15 RMSE(val)=552.963124
[GA][Iter5] Gen:6 Ind:16 RMSE(val)=556.058272
[GA][Iter5] Gen:6 Ind:17 RMSE(val)=565.431012
[GA][Iter5] Gen:6 Ind:18 RMSE(val)=565.633947
[GA][Iter5] Gen:6 Ind:19 RMSE(val)=553.033895
[GA][Iter5] Gen:6 Ind:20 RMSE(val)=555.622595
[GA][Iter5] gen=6 best_val_rmse=552.461959
[GA][Iter5] Gen:7 Ind:1 RMSE(val)=552.461959
[GA][Iter5] Gen:7 Ind:2 RMSE(val)=552.963124
[GA][Iter5] Gen:7 Ind:3 RMSE(val)=553.033895
[GA][Iter5] Gen:7 Ind:4 RMSE(val)=553.739093
[GA][Iter5] Gen:7 Ind:5 RMSE(val)=553.870303
[GA][Iter5] Gen:7 Ind:6 RMSE(val)=554.228627
[GA][Iter5] Gen:7 Ind:7 RMSE(val)=555.379881
[GA][Iter5] Gen:7 Ind:8 RMSE(val)=555.379881
[GA][Iter5] Gen:7 Ind:9 RMSE(val)=555.557211
[GA][Iter5] Gen:7 Ind:10 RMSE(val)=555.622595
[GA][Iter5] Gen:7 Ind:11 RMSE(val)=559.490683
[GA][Iter5] Gen:7 Ind:12 RMSE(val)=560.587884
[GA][Iter5] Gen:7 Ind:13 RMSE(val)=555.524591
[GA][Iter5] Gen:7 Ind:14 RMSE(val)=559.968573
[GA][Iter5] Gen:7 Ind:15 RMSE(val)=554.228627
[GA][Iter5] Gen:7 Ind:16 RMSE(val)=555.379881
[GA][Iter5] Gen:7 Ind:17 RMSE(val)=553.234486
[GA][Iter5] Gen:7 Ind:18 RMSE(val)=557.306678
[GA][Iter5] Gen:7 Ind:19 RMSE(val)=555.379881
[GA][Iter5] Gen:7 Ind:20 RMSE(val)=551.375194
[GA][Iter5] gen=7 best_val_rmse=551.375194
[GA][Iter5] Gen:8 Ind:1 RMSE(val)=551.375194
[GA][Iter5] Gen:8 Ind:2 RMSE(val)=552.461959
[GA][Iter5] Gen:8 Ind:3 RMSE(val)=552.963124
[GA][Iter5] Gen:8 Ind:4 RMSE(val)=553.033895
[GA][Iter5] Gen:8 Ind:5 RMSE(val)=553.234486
[GA][Iter5] Gen:8 Ind:6 RMSE(val)=553.739093
[GA][Iter5] Gen:8 Ind:7 RMSE(val)=553.870303
[GA][Iter5] Gen:8 Ind:8 RMSE(val)=554.228627
[GA][Iter5] Gen:8 Ind:9 RMSE(val)=554.228627
[GA][Iter5] Gen:8 Ind:10 RMSE(val)=555.379881
[GA][Iter5] Gen:8 Ind:11 RMSE(val)=553.661423
[GA][Iter5] Gen:8 Ind:12 RMSE(val)=555.379881
[GA][Iter5] Gen:8 Ind:13 RMSE(val)=554.228627
[GA][Iter5] Gen:8 Ind:14 RMSE(val)=554.228627
[GA][Iter5] Gen:8 Ind:15 RMSE(val)=553.632251
[GA][Iter5] Gen:8 Ind:16 RMSE(val)=552.963124
[GA][Iter5] Gen:8 Ind:17 RMSE(val)=554.356959
[GA][Iter5] Gen:8 Ind:18 RMSE(val)=552.461959
[GA][Iter5] Gen:8 Ind:19 RMSE(val)=553.471980
[GA][Iter5] Gen:8 Ind:20 RMSE(val)=560.865141
[GA][Iter5] gen=8 best_val_rmse=551.375194
[GA][Iter5] Gen:9 Ind:1 RMSE(val)=551.375194
[GA][Iter5] Gen:9 Ind:2 RMSE(val)=552.461959
[GA][Iter5] Gen:9 Ind:3 RMSE(val)=552.461959
[GA][Iter5] Gen:9 Ind:4 RMSE(val)=552.963124
[GA][Iter5] Gen:9 Ind:5 RMSE(val)=552.963124
[GA][Iter5] Gen:9 Ind:6 RMSE(val)=553.033895
[GA][Iter5] Gen:9 Ind:7 RMSE(val)=553.234486
[GA][Iter5] Gen:9 Ind:8 RMSE(val)=553.471980
[GA][Iter5] Gen:9 Ind:9 RMSE(val)=553.632251
[GA][Iter5] Gen:9 Ind:10 RMSE(val)=553.661423
[GA][Iter5] Gen:9 Ind:11 RMSE(val)=562.745631
[GA][Iter5] Gen:9 Ind:12 RMSE(val)=561.958022
[GA][Iter5] Gen:9 Ind:13 RMSE(val)=557.216043
[GA][Iter5] Gen:9 Ind:14 RMSE(val)=552.994254
[GA][Iter5] Gen:9 Ind:15 RMSE(val)=553.595839
[GA][Iter5] Gen:9 Ind:16 RMSE(val)=552.461959
[GA][Iter5] Gen:9 Ind:17 RMSE(val)=553.691941
[GA][Iter5] Gen:9 Ind:18 RMSE(val)=554.470322
[GA][Iter5] Gen:9 Ind:19 RMSE(val)=558.555834
[GA][Iter5] Gen:9 Ind:20 RMSE(val)=552.345037
[GA][Iter5] gen=9 best_val_rmse=551.375194
[GA][Iter5] Gen:10 Ind:1 RMSE(val)=551.375194
[GA][Iter5] Gen:10 Ind:2 RMSE(val)=552.345037
[GA][Iter5] Gen:10 Ind:3 RMSE(val)=552.461959
[GA][Iter5] Gen:10 Ind:4 RMSE(val)=552.461959
[GA][Iter5] Gen:10 Ind:5 RMSE(val)=552.461959
[GA][Iter5] Gen:10 Ind:6 RMSE(val)=552.963124
[GA][Iter5] Gen:10 Ind:7 RMSE(val)=552.963124
[GA][Iter5] Gen:10 Ind:8 RMSE(val)=552.994254
[GA][Iter5] Gen:10 Ind:9 RMSE(val)=553.033895
[GA][Iter5] Gen:10 Ind:10 RMSE(val)=553.234486
[GA][Iter5] Gen:10 Ind:11 RMSE(val)=555.001984
[GA][Iter5] Gen:10 Ind:12 RMSE(val)=552.724942
[GA][Iter5] Gen:10 Ind:13 RMSE(val)=552.461959
[GA][Iter5] Gen:10 Ind:14 RMSE(val)=552.963124
[GA][Iter5] Gen:10 Ind:15 RMSE(val)=552.461959
[GA][Iter5] Gen:10 Ind:16 RMSE(val)=552.963124
[GA][Iter5] Gen:10 Ind:17 RMSE(val)=551.375194
[GA][Iter5] Gen:10 Ind:18 RMSE(val)=552.994254
[GA][Iter5] Gen:10 Ind:19 RMSE(val)=549.253033
[GA][Iter5] Gen:10 Ind:20 RMSE(val)=553.234486
[GA][Iter5] gen=10 best_val_rmse=549.253033
[GA][Iter5] Gen:11 Ind:1 RMSE(val)=549.253033
[GA][Iter5] Gen:11 Ind:2 RMSE(val)=551.375194
[GA][Iter5] Gen:11 Ind:3 RMSE(val)=551.375194
[GA][Iter5] Gen:11 Ind:4 RMSE(val)=552.345037
[GA][Iter5] Gen:11 Ind:5 RMSE(val)=552.461959
[GA][Iter5] Gen:11 Ind:6 RMSE(val)=552.461959
[GA][Iter5] Gen:11 Ind:7 RMSE(val)=552.461959
[GA][Iter5] Gen:11 Ind:8 RMSE(val)=552.461959
[GA][Iter5] Gen:11 Ind:9 RMSE(val)=552.461959
[GA][Iter5] Gen:11 Ind:10 RMSE(val)=552.724942
[GA][Iter5] Gen:11 Ind:11 RMSE(val)=554.037213
[GA][Iter5] Gen:11 Ind:12 RMSE(val)=553.334606
[GA][Iter5] Gen:11 Ind:13 RMSE(val)=558.103749
[GA][Iter5] Gen:11 Ind:14 RMSE(val)=552.461959
[GA][Iter5] Gen:11 Ind:15 RMSE(val)=548.671617
[GA][Iter5] Gen:11 Ind:16 RMSE(val)=552.461959
[GA][Iter5] Gen:11 Ind:17 RMSE(val)=552.464628
[GA][Iter5] Gen:11 Ind:18 RMSE(val)=551.970990
[GA][Iter5] Gen:11 Ind:19 RMSE(val)=561.790858
[GA][Iter5] Gen:11 Ind:20 RMSE(val)=554.998196
[GA][Iter5] gen=11 best_val_rmse=548.671617
[GA][Iter5] Gen:12 Ind:1 RMSE(val)=548.671617
[GA][Iter5] Gen:12 Ind:2 RMSE(val)=549.253033
[GA][Iter5] Gen:12 Ind:3 RMSE(val)=551.375194
[GA][Iter5] Gen:12 Ind:4 RMSE(val)=551.375194
[GA][Iter5] Gen:12 Ind:5 RMSE(val)=551.970990
[GA][Iter5] Gen:12 Ind:6 RMSE(val)=552.345037
[GA][Iter5] Gen:12 Ind:7 RMSE(val)=552.461959
[GA][Iter5] Gen:12 Ind:8 RMSE(val)=552.461959
[GA][Iter5] Gen:12 Ind:9 RMSE(val)=552.461959
[GA][Iter5] Gen:12 Ind:10 RMSE(val)=552.461959
[GA][Iter5] Gen:12 Ind:11 RMSE(val)=549.058534
[GA][Iter5] Gen:12 Ind:12 RMSE(val)=549.865034
[GA][Iter5] Gen:12 Ind:13 RMSE(val)=551.375194
[GA][Iter5] Gen:12 Ind:14 RMSE(val)=559.163202
[GA][Iter5] Gen:12 Ind:15 RMSE(val)=552.461959
[GA][Iter5] Gen:12 Ind:16 RMSE(val)=552.461959
[GA][Iter5] Gen:12 Ind:17 RMSE(val)=549.253033
[GA][Iter5] Gen:12 Ind:18 RMSE(val)=551.375194
[GA][Iter5] Gen:12 Ind:19 RMSE(val)=554.470322
[GA][Iter5] Gen:12 Ind:20 RMSE(val)=560.152006
[GA][Iter5] gen=12 best_val_rmse=548.671617
[GA][Iter5] Gen:13 Ind:1 RMSE(val)=548.671617
[GA][Iter5] Gen:13 Ind:2 RMSE(val)=549.058534
[GA][Iter5] Gen:13 Ind:3 RMSE(val)=549.253033
[GA][Iter5] Gen:13 Ind:4 RMSE(val)=549.253033
[GA][Iter5] Gen:13 Ind:5 RMSE(val)=549.865034
[GA][Iter5] Gen:13 Ind:6 RMSE(val)=551.375194
[GA][Iter5] Gen:13 Ind:7 RMSE(val)=551.375194
[GA][Iter5] Gen:13 Ind:8 RMSE(val)=551.375194
[GA][Iter5] Gen:13 Ind:9 RMSE(val)=551.375194
[GA][Iter5] Gen:13 Ind:10 RMSE(val)=551.970990
[GA][Iter5] Gen:13 Ind:11 RMSE(val)=551.375194
[GA][Iter5] Gen:13 Ind:12 RMSE(val)=549.058534
[GA][Iter5] Gen:13 Ind:13 RMSE(val)=554.123673
[GA][Iter5] Gen:13 Ind:14 RMSE(val)=551.375194
[GA][Iter5] Gen:13 Ind:15 RMSE(val)=555.752643
[GA][Iter5] Gen:13 Ind:16 RMSE(val)=551.375194
[GA][Iter5] Gen:13 Ind:17 RMSE(val)=549.253033
[GA][Iter5] Gen:13 Ind:18 RMSE(val)=550.962322
[GA][Iter5] Gen:13 Ind:19 RMSE(val)=551.375194
[GA][Iter5] Gen:13 Ind:20 RMSE(val)=551.970990
[GA][Iter5] gen=13 best_val_rmse=548.671617
[GA][Iter5] Gen:14 Ind:1 RMSE(val)=548.671617
[GA][Iter5] Gen:14 Ind:2 RMSE(val)=549.058534
[GA][Iter5] Gen:14 Ind:3 RMSE(val)=549.058534
[GA][Iter5] Gen:14 Ind:4 RMSE(val)=549.253033
[GA][Iter5] Gen:14 Ind:5 RMSE(val)=549.253033
[GA][Iter5] Gen:14 Ind:6 RMSE(val)=549.253033
[GA][Iter5] Gen:14 Ind:7 RMSE(val)=549.865034
[GA][Iter5] Gen:14 Ind:8 RMSE(val)=550.962322
[GA][Iter5] Gen:14 Ind:9 RMSE(val)=551.375194
[GA][Iter5] Gen:14 Ind:10 RMSE(val)=551.375194
[GA][Iter5] Gen:14 Ind:11 RMSE(val)=552.258475
[GA][Iter5] Gen:14 Ind:12 RMSE(val)=556.718386
[GA][Iter5] Gen:14 Ind:13 RMSE(val)=552.830937
[GA][Iter5] Gen:14 Ind:14 RMSE(val)=549.253033
[GA][Iter5] Gen:14 Ind:15 RMSE(val)=550.669769
[GA][Iter5] Gen:14 Ind:16 RMSE(val)=549.789862
[GA][Iter5] Gen:14 Ind:17 RMSE(val)=549.253033
[GA][Iter5] Gen:14 Ind:18 RMSE(val)=549.789862
[GA][Iter5] Gen:14 Ind:19 RMSE(val)=549.253033
[GA][Iter5] Gen:14 Ind:20 RMSE(val)=552.258475
[GA][Iter5] gen=14 best_val_rmse=548.671617
[GA][Iter5] Gen:15 Ind:1 RMSE(val)=548.671617
[GA][Iter5] Gen:15 Ind:2 RMSE(val)=549.058534
[GA][Iter5] Gen:15 Ind:3 RMSE(val)=549.058534
[GA][Iter5] Gen:15 Ind:4 RMSE(val)=549.253033
[GA][Iter5] Gen:15 Ind:5 RMSE(val)=549.253033
[GA][Iter5] Gen:15 Ind:6 RMSE(val)=549.253033
[GA][Iter5] Gen:15 Ind:7 RMSE(val)=549.253033
[GA][Iter5] Gen:15 Ind:8 RMSE(val)=549.253033
[GA][Iter5] Gen:15 Ind:9 RMSE(val)=549.253033
[GA][Iter5] Gen:15 Ind:10 RMSE(val)=549.789862
[GA][Iter5] Gen:15 Ind:11 RMSE(val)=549.253033
[GA][Iter5] Gen:15 Ind:12 RMSE(val)=550.159452
[GA][Iter5] Gen:15 Ind:13 RMSE(val)=549.253033
[GA][Iter5] Gen:15 Ind:14 RMSE(val)=549.789862
[GA][Iter5] Gen:15 Ind:15 RMSE(val)=549.950346
[GA][Iter5] Gen:15 Ind:16 RMSE(val)=549.058534
[GA][Iter5] Gen:15 Ind:17 RMSE(val)=549.789862
[GA][Iter5] Gen:15 Ind:18 RMSE(val)=549.789862
[GA][Iter5] Gen:15 Ind:19 RMSE(val)=549.253033
[GA][Iter5] Gen:15 Ind:20 RMSE(val)=549.058534
[GA][Iter5] gen=15 best_val_rmse=548.671617
[GA][Iter5] Gen:15 Ind:1 RMSE(val)=548.671617
[GA][Iter5] Gen:15 Ind:2 RMSE(val)=549.058534
[GA][Iter5] Gen:15 Ind:3 RMSE(val)=549.058534
[GA][Iter5] Gen:15 Ind:4 RMSE(val)=549.058534
[GA][Iter5] Gen:15 Ind:5 RMSE(val)=549.058534
[GA][Iter5] Gen:15 Ind:6 RMSE(val)=549.253033
[GA][Iter5] Gen:15 Ind:7 RMSE(val)=549.253033
[GA][Iter5] Gen:15 Ind:8 RMSE(val)=549.253033
[GA][Iter5] Gen:15 Ind:9 RMSE(val)=549.253033
[GA][Iter5] Gen:15 Ind:10 RMSE(val)=549.253033
[GA][Iter5] Gen:15 Ind:11 RMSE(val)=549.253033
[GA][Iter5] Gen:15 Ind:12 RMSE(val)=549.253033
[GA][Iter5] Gen:15 Ind:13 RMSE(val)=549.253033
[GA][Iter5] Gen:15 Ind:14 RMSE(val)=549.058534
[GA][Iter5] Gen:15 Ind:15 RMSE(val)=559.935520
[GA][Iter5] Gen:15 Ind:16 RMSE(val)=561.501816
[GA][Iter5] Gen:15 Ind:17 RMSE(val)=549.058534
[GA][Iter5] Gen:15 Ind:18 RMSE(val)=549.789862
[GA][Iter5] Gen:15 Ind:19 RMSE(val)=549.626272
[GA][Iter5] Gen:15 Ind:20 RMSE(val)=548.671617

[GA DONE][Iter5] Best params on val fold of Iter5
Best val RMSE: 548.671617
Best params: {'n_estimators': 918, 'learning_rate': 0.03844946062904683, 'max_depth': 3, 'min_child_weight': 1.1677174782032145, 'subsample': 0.6488382749838003, 'colsample_bytree': 0.9336441706563001, 'reg_lambda': 0.6561311073770034, 'reg_alpha': 0.012911873389331025, 'gamma': 0.6400884657830369}
--------------------------------------------------------------------------------
[RETUNE GA] Iter5: train folds 1..9 -> test fold 10  RMSE=1138.330117  NRMSE=0.833187  CVRMSE=0.493614  R2=0.302741
