=== BASELINE (project=bruce, last-7 mean, expanding folds) ===
Iter1: train folds 1..5 -> test fold 6  RMSE=38.3067  NRMSE=1.1092  CVRMSE=0.1267  R˛=-0.2535
Iter2: train folds 1..6 -> test fold 7  RMSE=21.2604  NRMSE=0.7754  CVRMSE=0.0669  R˛=0.3874
Iter3: train folds 1..7 -> test fold 8  RMSE=43.1970  NRMSE=0.9613  CVRMSE=0.1296  R˛=0.0585
Iter4: train folds 1..8 -> test fold 9  RMSE=52.6846  NRMSE=1.0247  CVRMSE=0.1573  R˛=-0.0699
Iter5: train folds 1..9 -> test fold 10  RMSE=56.4597  NRMSE=1.0737  CVRMSE=0.1601  R˛=-0.1745
--------------------------------------------------
[FEATURES] initial=128 kept_after_screening=65
['branch', 'issuer_name', 'gh_files_added', 'gh_files_deleted', 'gh_lines_deleted', 'gh_tests_deleted', 'gh_description_complexity', 'gh_doc_files', 'gh_other_files', 'gh_team_size_last_3_month', 'gh_commits_on_files_touched', 'gh_num_pr_comments', 'gh_test_lines_per_kloc', 'workflow_size', 'hour', 'dow', 'month', 'secs_since_prev', 'duration_lag_1', 'duration_lag_2', 'duration_lag_3', 'window_avg_7', 'window_std_7', 'window_std_3', 'ft___bin__', 'ft___c_', 'ft___cpp_', 'ft___cpp__', 'ft___cpp___', 'ft___h_', 'ft___hpp_', 'ft___hpp__', 'ft___html__', 'ft___h__', 'ft___ini_', 'ft___ini__', 'ft___inl__', 'ft___jpg_', 'ft___jpg__', 'ft___js_', 'ft___json_', 'ft___json__', 'ft___pdf_', 'ft___properties_', 'ft___py_', 'ft___tpp__', 'ft___yml_', 'ft___yml__', 'ft____cpp__', 'ft____csv_', 'ft____csv__', 'ft____h__', 'ft____ini_', 'ft____ini__', 'ft____jpg_', 'ft____json_', 'ft____json__', 'ft____md_', 'ft____md__', 'ft____md___', 'ft____py__', 'ft____tpp_', 'ft____yml_', 'ft____yml__', 'ft____zip__']
--------------------------------------------------------------------------------
[GA][Iter1] Gen:1 Ind:1 RMSE(val)=63.991531
[GA][Iter1] Gen:1 Ind:2 RMSE(val)=59.944673
[GA][Iter1] Gen:1 Ind:3 RMSE(val)=64.004309
[GA][Iter1] Gen:1 Ind:4 RMSE(val)=63.975293
[GA][Iter1] Gen:1 Ind:5 RMSE(val)=63.917330
[GA][Iter1] Gen:1 Ind:6 RMSE(val)=63.990368
[GA][Iter1] Gen:1 Ind:7 RMSE(val)=64.066099
[GA][Iter1] Gen:1 Ind:8 RMSE(val)=59.541461
[GA][Iter1] Gen:1 Ind:9 RMSE(val)=58.609725
[GA][Iter1] Gen:1 Ind:10 RMSE(val)=63.924688
[GA][Iter1] Gen:1 Ind:11 RMSE(val)=63.961568
[GA][Iter1] Gen:1 Ind:12 RMSE(val)=63.330734
[GA][Iter1] Gen:1 Ind:13 RMSE(val)=63.964711
[GA][Iter1] Gen:1 Ind:14 RMSE(val)=63.981829
[GA][Iter1] Gen:1 Ind:15 RMSE(val)=59.227522
[GA][Iter1] Gen:1 Ind:16 RMSE(val)=63.968098
[GA][Iter1] Gen:1 Ind:17 RMSE(val)=59.979070
[GA][Iter1] Gen:1 Ind:18 RMSE(val)=63.675050
[GA][Iter1] Gen:1 Ind:19 RMSE(val)=63.974456
[GA][Iter1] Gen:1 Ind:20 RMSE(val)=64.018776
[GA][Iter1] gen=1 best_val_rmse=58.609725
[GA][Iter1] Gen:2 Ind:1 RMSE(val)=58.609725
[GA][Iter1] Gen:2 Ind:2 RMSE(val)=59.227522
[GA][Iter1] Gen:2 Ind:3 RMSE(val)=59.541461
[GA][Iter1] Gen:2 Ind:4 RMSE(val)=59.944673
[GA][Iter1] Gen:2 Ind:5 RMSE(val)=59.979070
[GA][Iter1] Gen:2 Ind:6 RMSE(val)=63.330734
[GA][Iter1] Gen:2 Ind:7 RMSE(val)=63.675050
[GA][Iter1] Gen:2 Ind:8 RMSE(val)=63.917330
[GA][Iter1] Gen:2 Ind:9 RMSE(val)=63.924688
[GA][Iter1] Gen:2 Ind:10 RMSE(val)=63.961568
[GA][Iter1] Gen:2 Ind:11 RMSE(val)=59.779092
[GA][Iter1] Gen:2 Ind:12 RMSE(val)=59.494271
[GA][Iter1] Gen:2 Ind:13 RMSE(val)=60.478787
[GA][Iter1] Gen:2 Ind:14 RMSE(val)=60.377713
[GA][Iter1] Gen:2 Ind:15 RMSE(val)=64.023664
[GA][Iter1] Gen:2 Ind:16 RMSE(val)=63.840423
[GA][Iter1] Gen:2 Ind:17 RMSE(val)=58.355619
[GA][Iter1] Gen:2 Ind:18 RMSE(val)=63.164237
[GA][Iter1] Gen:2 Ind:19 RMSE(val)=59.721958
[GA][Iter1] Gen:2 Ind:20 RMSE(val)=63.916873
[GA][Iter1] gen=2 best_val_rmse=58.355619
[GA][Iter1] Gen:3 Ind:1 RMSE(val)=58.355619
[GA][Iter1] Gen:3 Ind:2 RMSE(val)=58.609725
[GA][Iter1] Gen:3 Ind:3 RMSE(val)=59.227522
[GA][Iter1] Gen:3 Ind:4 RMSE(val)=59.494271
[GA][Iter1] Gen:3 Ind:5 RMSE(val)=59.541461
[GA][Iter1] Gen:3 Ind:6 RMSE(val)=59.721958
[GA][Iter1] Gen:3 Ind:7 RMSE(val)=59.779092
[GA][Iter1] Gen:3 Ind:8 RMSE(val)=59.944673
[GA][Iter1] Gen:3 Ind:9 RMSE(val)=59.979070
[GA][Iter1] Gen:3 Ind:10 RMSE(val)=60.377713
[GA][Iter1] Gen:3 Ind:11 RMSE(val)=59.773105
[GA][Iter1] Gen:3 Ind:12 RMSE(val)=58.974871
[GA][Iter1] Gen:3 Ind:13 RMSE(val)=59.497191
[GA][Iter1] Gen:3 Ind:14 RMSE(val)=58.278492
[GA][Iter1] Gen:3 Ind:15 RMSE(val)=59.480345
[GA][Iter1] Gen:3 Ind:16 RMSE(val)=59.472772
[GA][Iter1] Gen:3 Ind:17 RMSE(val)=59.988478
[GA][Iter1] Gen:3 Ind:18 RMSE(val)=60.711718
[GA][Iter1] Gen:3 Ind:19 RMSE(val)=60.150949
[GA][Iter1] Gen:3 Ind:20 RMSE(val)=59.497191
[GA][Iter1] gen=3 best_val_rmse=58.278492
[GA][Iter1] Gen:4 Ind:1 RMSE(val)=58.278492
[GA][Iter1] Gen:4 Ind:2 RMSE(val)=58.355619
[GA][Iter1] Gen:4 Ind:3 RMSE(val)=58.609725
[GA][Iter1] Gen:4 Ind:4 RMSE(val)=58.974871
[GA][Iter1] Gen:4 Ind:5 RMSE(val)=59.227522
[GA][Iter1] Gen:4 Ind:6 RMSE(val)=59.472772
[GA][Iter1] Gen:4 Ind:7 RMSE(val)=59.480345
[GA][Iter1] Gen:4 Ind:8 RMSE(val)=59.494271
[GA][Iter1] Gen:4 Ind:9 RMSE(val)=59.497191
[GA][Iter1] Gen:4 Ind:10 RMSE(val)=59.497191
[GA][Iter1] Gen:4 Ind:11 RMSE(val)=59.648979
[GA][Iter1] Gen:4 Ind:12 RMSE(val)=58.527430
[GA][Iter1] Gen:4 Ind:13 RMSE(val)=59.703709
[GA][Iter1] Gen:4 Ind:14 RMSE(val)=59.273571
[GA][Iter1] Gen:4 Ind:15 RMSE(val)=59.402865
[GA][Iter1] Gen:4 Ind:16 RMSE(val)=59.335033
[GA][Iter1] Gen:4 Ind:17 RMSE(val)=59.043821
[GA][Iter1] Gen:4 Ind:18 RMSE(val)=59.511322
[GA][Iter1] Gen:4 Ind:19 RMSE(val)=59.109073
[GA][Iter1] Gen:4 Ind:20 RMSE(val)=59.091145
[GA][Iter1] gen=4 best_val_rmse=58.278492
[GA][Iter1] Gen:5 Ind:1 RMSE(val)=58.278492
[GA][Iter1] Gen:5 Ind:2 RMSE(val)=58.355619
[GA][Iter1] Gen:5 Ind:3 RMSE(val)=58.527430
[GA][Iter1] Gen:5 Ind:4 RMSE(val)=58.609725
[GA][Iter1] Gen:5 Ind:5 RMSE(val)=58.974871
[GA][Iter1] Gen:5 Ind:6 RMSE(val)=59.043821
[GA][Iter1] Gen:5 Ind:7 RMSE(val)=59.091145
[GA][Iter1] Gen:5 Ind:8 RMSE(val)=59.109073
[GA][Iter1] Gen:5 Ind:9 RMSE(val)=59.227522
[GA][Iter1] Gen:5 Ind:10 RMSE(val)=59.273571
[GA][Iter1] Gen:5 Ind:11 RMSE(val)=59.292301
[GA][Iter1] Gen:5 Ind:12 RMSE(val)=59.287206
[GA][Iter1] Gen:5 Ind:13 RMSE(val)=59.274289
[GA][Iter1] Gen:5 Ind:14 RMSE(val)=58.525868
[GA][Iter1] Gen:5 Ind:15 RMSE(val)=58.891403
[GA][Iter1] Gen:5 Ind:16 RMSE(val)=58.987143
[GA][Iter1] Gen:5 Ind:17 RMSE(val)=59.046606
[GA][Iter1] Gen:5 Ind:18 RMSE(val)=59.407571
[GA][Iter1] Gen:5 Ind:19 RMSE(val)=58.484316
[GA][Iter1] Gen:5 Ind:20 RMSE(val)=58.222617
[GA][Iter1] gen=5 best_val_rmse=58.222617
[GA][Iter1] Gen:6 Ind:1 RMSE(val)=58.222617
[GA][Iter1] Gen:6 Ind:2 RMSE(val)=58.278492
[GA][Iter1] Gen:6 Ind:3 RMSE(val)=58.355619
[GA][Iter1] Gen:6 Ind:4 RMSE(val)=58.484316
[GA][Iter1] Gen:6 Ind:5 RMSE(val)=58.525868
[GA][Iter1] Gen:6 Ind:6 RMSE(val)=58.527430
[GA][Iter1] Gen:6 Ind:7 RMSE(val)=58.609725
[GA][Iter1] Gen:6 Ind:8 RMSE(val)=58.891403
[GA][Iter1] Gen:6 Ind:9 RMSE(val)=58.974871
[GA][Iter1] Gen:6 Ind:10 RMSE(val)=58.987143
[GA][Iter1] Gen:6 Ind:11 RMSE(val)=59.231301
[GA][Iter1] Gen:6 Ind:12 RMSE(val)=58.509520
[GA][Iter1] Gen:6 Ind:13 RMSE(val)=58.523537
[GA][Iter1] Gen:6 Ind:14 RMSE(val)=58.583130
[GA][Iter1] Gen:6 Ind:15 RMSE(val)=58.222617
[GA][Iter1] Gen:6 Ind:16 RMSE(val)=58.925943
[GA][Iter1] Gen:6 Ind:17 RMSE(val)=58.478757
[GA][Iter1] Gen:6 Ind:18 RMSE(val)=59.077182
[GA][Iter1] Gen:6 Ind:19 RMSE(val)=58.367333
[GA][Iter1] Gen:6 Ind:20 RMSE(val)=58.513086
[GA][Iter1] gen=6 best_val_rmse=58.222617
[GA][Iter1] Gen:7 Ind:1 RMSE(val)=58.222617
[GA][Iter1] Gen:7 Ind:2 RMSE(val)=58.222617
[GA][Iter1] Gen:7 Ind:3 RMSE(val)=58.278492
[GA][Iter1] Gen:7 Ind:4 RMSE(val)=58.355619
[GA][Iter1] Gen:7 Ind:5 RMSE(val)=58.367333
[GA][Iter1] Gen:7 Ind:6 RMSE(val)=58.478757
[GA][Iter1] Gen:7 Ind:7 RMSE(val)=58.484316
[GA][Iter1] Gen:7 Ind:8 RMSE(val)=58.509520
[GA][Iter1] Gen:7 Ind:9 RMSE(val)=58.513086
[GA][Iter1] Gen:7 Ind:10 RMSE(val)=58.523537
[GA][Iter1] Gen:7 Ind:11 RMSE(val)=58.359370
[GA][Iter1] Gen:7 Ind:12 RMSE(val)=58.876647
[GA][Iter1] Gen:7 Ind:13 RMSE(val)=58.915003
[GA][Iter1] Gen:7 Ind:14 RMSE(val)=58.125990
[GA][Iter1] Gen:7 Ind:15 RMSE(val)=58.222617
[GA][Iter1] Gen:7 Ind:16 RMSE(val)=58.310880
[GA][Iter1] Gen:7 Ind:17 RMSE(val)=58.438684
[GA][Iter1] Gen:7 Ind:18 RMSE(val)=58.449566
[GA][Iter1] Gen:7 Ind:19 RMSE(val)=58.105206
[GA][Iter1] Gen:7 Ind:20 RMSE(val)=58.323059
[GA][Iter1] gen=7 best_val_rmse=58.105206
[GA][Iter1] Gen:8 Ind:1 RMSE(val)=58.105206
[GA][Iter1] Gen:8 Ind:2 RMSE(val)=58.125990
[GA][Iter1] Gen:8 Ind:3 RMSE(val)=58.222617
[GA][Iter1] Gen:8 Ind:4 RMSE(val)=58.222617
[GA][Iter1] Gen:8 Ind:5 RMSE(val)=58.222617
[GA][Iter1] Gen:8 Ind:6 RMSE(val)=58.278492
[GA][Iter1] Gen:8 Ind:7 RMSE(val)=58.310880
[GA][Iter1] Gen:8 Ind:8 RMSE(val)=58.323059
[GA][Iter1] Gen:8 Ind:9 RMSE(val)=58.355619
[GA][Iter1] Gen:8 Ind:10 RMSE(val)=58.359370
[GA][Iter1] Gen:8 Ind:11 RMSE(val)=58.276875
[GA][Iter1] Gen:8 Ind:12 RMSE(val)=58.222617
[GA][Iter1] Gen:8 Ind:13 RMSE(val)=58.222617
[GA][Iter1] Gen:8 Ind:14 RMSE(val)=58.355619
[GA][Iter1] Gen:8 Ind:15 RMSE(val)=58.013817
[GA][Iter1] Gen:8 Ind:16 RMSE(val)=58.125990
[GA][Iter1] Gen:8 Ind:17 RMSE(val)=58.285969
[GA][Iter1] Gen:8 Ind:18 RMSE(val)=58.125990
[GA][Iter1] Gen:8 Ind:19 RMSE(val)=58.199073
[GA][Iter1] Gen:8 Ind:20 RMSE(val)=58.155931
[GA][Iter1] gen=8 best_val_rmse=58.013817
[GA][Iter1] Gen:9 Ind:1 RMSE(val)=58.013817
[GA][Iter1] Gen:9 Ind:2 RMSE(val)=58.105206
[GA][Iter1] Gen:9 Ind:3 RMSE(val)=58.125990
[GA][Iter1] Gen:9 Ind:4 RMSE(val)=58.125990
[GA][Iter1] Gen:9 Ind:5 RMSE(val)=58.125990
[GA][Iter1] Gen:9 Ind:6 RMSE(val)=58.155931
[GA][Iter1] Gen:9 Ind:7 RMSE(val)=58.199073
[GA][Iter1] Gen:9 Ind:8 RMSE(val)=58.222617
[GA][Iter1] Gen:9 Ind:9 RMSE(val)=58.222617
[GA][Iter1] Gen:9 Ind:10 RMSE(val)=58.222617
[GA][Iter1] Gen:9 Ind:11 RMSE(val)=57.711174
[GA][Iter1] Gen:9 Ind:12 RMSE(val)=58.222617
[GA][Iter1] Gen:9 Ind:13 RMSE(val)=58.267126
[GA][Iter1] Gen:9 Ind:14 RMSE(val)=58.018006
[GA][Iter1] Gen:9 Ind:15 RMSE(val)=57.890289
[GA][Iter1] Gen:9 Ind:16 RMSE(val)=58.282416
[GA][Iter1] Gen:9 Ind:17 RMSE(val)=58.125990
[GA][Iter1] Gen:9 Ind:18 RMSE(val)=58.233984
[GA][Iter1] Gen:9 Ind:19 RMSE(val)=58.241091
[GA][Iter1] Gen:9 Ind:20 RMSE(val)=58.197836
[GA][Iter1] gen=9 best_val_rmse=57.711174
[GA][Iter1] Gen:10 Ind:1 RMSE(val)=57.711174
[GA][Iter1] Gen:10 Ind:2 RMSE(val)=57.890289
[GA][Iter1] Gen:10 Ind:3 RMSE(val)=58.013817
[GA][Iter1] Gen:10 Ind:4 RMSE(val)=58.018006
[GA][Iter1] Gen:10 Ind:5 RMSE(val)=58.105206
[GA][Iter1] Gen:10 Ind:6 RMSE(val)=58.125990
[GA][Iter1] Gen:10 Ind:7 RMSE(val)=58.125990
[GA][Iter1] Gen:10 Ind:8 RMSE(val)=58.125990
[GA][Iter1] Gen:10 Ind:9 RMSE(val)=58.125990
[GA][Iter1] Gen:10 Ind:10 RMSE(val)=58.155931
[GA][Iter1] Gen:10 Ind:11 RMSE(val)=58.456641
[GA][Iter1] Gen:10 Ind:12 RMSE(val)=58.476793
[GA][Iter1] Gen:10 Ind:13 RMSE(val)=58.125990
[GA][Iter1] Gen:10 Ind:14 RMSE(val)=58.139864
[GA][Iter1] Gen:10 Ind:15 RMSE(val)=58.018006
[GA][Iter1] Gen:10 Ind:16 RMSE(val)=58.345544
[GA][Iter1] Gen:10 Ind:17 RMSE(val)=58.174091
[GA][Iter1] Gen:10 Ind:18 RMSE(val)=58.125990
[GA][Iter1] Gen:10 Ind:19 RMSE(val)=57.890289
[GA][Iter1] Gen:10 Ind:20 RMSE(val)=58.423451
[GA][Iter1] gen=10 best_val_rmse=57.711174
[GA][Iter1] Gen:11 Ind:1 RMSE(val)=57.711174
[GA][Iter1] Gen:11 Ind:2 RMSE(val)=57.890289
[GA][Iter1] Gen:11 Ind:3 RMSE(val)=57.890289
[GA][Iter1] Gen:11 Ind:4 RMSE(val)=58.013817
[GA][Iter1] Gen:11 Ind:5 RMSE(val)=58.018006
[GA][Iter1] Gen:11 Ind:6 RMSE(val)=58.018006
[GA][Iter1] Gen:11 Ind:7 RMSE(val)=58.105206
[GA][Iter1] Gen:11 Ind:8 RMSE(val)=58.125990
[GA][Iter1] Gen:11 Ind:9 RMSE(val)=58.125990
[GA][Iter1] Gen:11 Ind:10 RMSE(val)=58.125990
[GA][Iter1] Gen:11 Ind:11 RMSE(val)=57.935535
[GA][Iter1] Gen:11 Ind:12 RMSE(val)=57.963102
[GA][Iter1] Gen:11 Ind:13 RMSE(val)=58.013817
[GA][Iter1] Gen:11 Ind:14 RMSE(val)=57.890289
[GA][Iter1] Gen:11 Ind:15 RMSE(val)=58.023164
[GA][Iter1] Gen:11 Ind:16 RMSE(val)=58.159578
[GA][Iter1] Gen:11 Ind:17 RMSE(val)=57.959133
[GA][Iter1] Gen:11 Ind:18 RMSE(val)=58.068016
[GA][Iter1] Gen:11 Ind:19 RMSE(val)=58.332192
[GA][Iter1] Gen:11 Ind:20 RMSE(val)=58.022062
[GA][Iter1] gen=11 best_val_rmse=57.711174
[GA][Iter1] Gen:12 Ind:1 RMSE(val)=57.711174
[GA][Iter1] Gen:12 Ind:2 RMSE(val)=57.890289
[GA][Iter1] Gen:12 Ind:3 RMSE(val)=57.890289
[GA][Iter1] Gen:12 Ind:4 RMSE(val)=57.890289
[GA][Iter1] Gen:12 Ind:5 RMSE(val)=57.935535
[GA][Iter1] Gen:12 Ind:6 RMSE(val)=57.959133
[GA][Iter1] Gen:12 Ind:7 RMSE(val)=57.963102
[GA][Iter1] Gen:12 Ind:8 RMSE(val)=58.013817
[GA][Iter1] Gen:12 Ind:9 RMSE(val)=58.013817
[GA][Iter1] Gen:12 Ind:10 RMSE(val)=58.018006
[GA][Iter1] Gen:12 Ind:11 RMSE(val)=58.031944
[GA][Iter1] Gen:12 Ind:12 RMSE(val)=57.984984
[GA][Iter1] Gen:12 Ind:13 RMSE(val)=58.013817
[GA][Iter1] Gen:12 Ind:14 RMSE(val)=58.223529
[GA][Iter1] Gen:12 Ind:15 RMSE(val)=58.018006
[GA][Iter1] Gen:12 Ind:16 RMSE(val)=58.004290
[GA][Iter1] Gen:12 Ind:17 RMSE(val)=58.000335
[GA][Iter1] Gen:12 Ind:18 RMSE(val)=57.687223
[GA][Iter1] Gen:12 Ind:19 RMSE(val)=58.013817
[GA][Iter1] Gen:12 Ind:20 RMSE(val)=58.004290
[GA][Iter1] gen=12 best_val_rmse=57.687223
[GA][Iter1] Gen:13 Ind:1 RMSE(val)=57.687223
[GA][Iter1] Gen:13 Ind:2 RMSE(val)=57.711174
[GA][Iter1] Gen:13 Ind:3 RMSE(val)=57.890289
[GA][Iter1] Gen:13 Ind:4 RMSE(val)=57.890289
[GA][Iter1] Gen:13 Ind:5 RMSE(val)=57.890289
[GA][Iter1] Gen:13 Ind:6 RMSE(val)=57.935535
[GA][Iter1] Gen:13 Ind:7 RMSE(val)=57.959133
[GA][Iter1] Gen:13 Ind:8 RMSE(val)=57.963102
[GA][Iter1] Gen:13 Ind:9 RMSE(val)=57.984984
[GA][Iter1] Gen:13 Ind:10 RMSE(val)=58.000335
[GA][Iter1] Gen:13 Ind:11 RMSE(val)=58.010683
[GA][Iter1] Gen:13 Ind:12 RMSE(val)=57.711174
[GA][Iter1] Gen:13 Ind:13 RMSE(val)=58.003632
[GA][Iter1] Gen:13 Ind:14 RMSE(val)=57.831240
[GA][Iter1] Gen:13 Ind:15 RMSE(val)=58.412597
[GA][Iter1] Gen:13 Ind:16 RMSE(val)=58.004290
[GA][Iter1] Gen:13 Ind:17 RMSE(val)=57.687223
[GA][Iter1] Gen:13 Ind:18 RMSE(val)=57.873162
[GA][Iter1] Gen:13 Ind:19 RMSE(val)=57.935535
[GA][Iter1] Gen:13 Ind:20 RMSE(val)=57.959133
[GA][Iter1] gen=13 best_val_rmse=57.687223
[GA][Iter1] Gen:14 Ind:1 RMSE(val)=57.687223
[GA][Iter1] Gen:14 Ind:2 RMSE(val)=57.687223
[GA][Iter1] Gen:14 Ind:3 RMSE(val)=57.711174
[GA][Iter1] Gen:14 Ind:4 RMSE(val)=57.711174
[GA][Iter1] Gen:14 Ind:5 RMSE(val)=57.831240
[GA][Iter1] Gen:14 Ind:6 RMSE(val)=57.873162
[GA][Iter1] Gen:14 Ind:7 RMSE(val)=57.890289
[GA][Iter1] Gen:14 Ind:8 RMSE(val)=57.890289
[GA][Iter1] Gen:14 Ind:9 RMSE(val)=57.890289
[GA][Iter1] Gen:14 Ind:10 RMSE(val)=57.935535
[GA][Iter1] Gen:14 Ind:11 RMSE(val)=57.831240
[GA][Iter1] Gen:14 Ind:12 RMSE(val)=58.097571
[GA][Iter1] Gen:14 Ind:13 RMSE(val)=57.890289
[GA][Iter1] Gen:14 Ind:14 RMSE(val)=57.716322
[GA][Iter1] Gen:14 Ind:15 RMSE(val)=57.831240
[GA][Iter1] Gen:14 Ind:16 RMSE(val)=58.013817
[GA][Iter1] Gen:14 Ind:17 RMSE(val)=57.859394
[GA][Iter1] Gen:14 Ind:18 RMSE(val)=57.687223
[GA][Iter1] Gen:14 Ind:19 RMSE(val)=57.873162
[GA][Iter1] Gen:14 Ind:20 RMSE(val)=57.899335
[GA][Iter1] gen=14 best_val_rmse=57.687223
[GA][Iter1] Gen:15 Ind:1 RMSE(val)=57.687223
[GA][Iter1] Gen:15 Ind:2 RMSE(val)=57.687223
[GA][Iter1] Gen:15 Ind:3 RMSE(val)=57.687223
[GA][Iter1] Gen:15 Ind:4 RMSE(val)=57.711174
[GA][Iter1] Gen:15 Ind:5 RMSE(val)=57.711174
[GA][Iter1] Gen:15 Ind:6 RMSE(val)=57.716322
[GA][Iter1] Gen:15 Ind:7 RMSE(val)=57.831240
[GA][Iter1] Gen:15 Ind:8 RMSE(val)=57.831240
[GA][Iter1] Gen:15 Ind:9 RMSE(val)=57.831240
[GA][Iter1] Gen:15 Ind:10 RMSE(val)=57.859394
[GA][Iter1] Gen:15 Ind:11 RMSE(val)=57.859394
[GA][Iter1] Gen:15 Ind:12 RMSE(val)=57.812063
[GA][Iter1] Gen:15 Ind:13 RMSE(val)=58.018411
[GA][Iter1] Gen:15 Ind:14 RMSE(val)=57.859394
[GA][Iter1] Gen:15 Ind:15 RMSE(val)=57.714564
[GA][Iter1] Gen:15 Ind:16 RMSE(val)=57.687223
[GA][Iter1] Gen:15 Ind:17 RMSE(val)=57.716322
[GA][Iter1] Gen:15 Ind:18 RMSE(val)=57.942766
[GA][Iter1] Gen:15 Ind:19 RMSE(val)=57.711174
[GA][Iter1] Gen:15 Ind:20 RMSE(val)=57.687223
[GA][Iter1] gen=15 best_val_rmse=57.687223
[GA][Iter1] Gen:15 Ind:1 RMSE(val)=57.687223
[GA][Iter1] Gen:15 Ind:2 RMSE(val)=57.687223
[GA][Iter1] Gen:15 Ind:3 RMSE(val)=57.687223
[GA][Iter1] Gen:15 Ind:4 RMSE(val)=57.687223
[GA][Iter1] Gen:15 Ind:5 RMSE(val)=57.687223
[GA][Iter1] Gen:15 Ind:6 RMSE(val)=57.711174
[GA][Iter1] Gen:15 Ind:7 RMSE(val)=57.711174
[GA][Iter1] Gen:15 Ind:8 RMSE(val)=57.711174
[GA][Iter1] Gen:15 Ind:9 RMSE(val)=57.714564
[GA][Iter1] Gen:15 Ind:10 RMSE(val)=57.716322
[GA][Iter1] Gen:15 Ind:11 RMSE(val)=57.714564
[GA][Iter1] Gen:15 Ind:12 RMSE(val)=57.687223
[GA][Iter1] Gen:15 Ind:13 RMSE(val)=57.711174
[GA][Iter1] Gen:15 Ind:14 RMSE(val)=57.687223
[GA][Iter1] Gen:15 Ind:15 RMSE(val)=57.711174
[GA][Iter1] Gen:15 Ind:16 RMSE(val)=57.861483
[GA][Iter1] Gen:15 Ind:17 RMSE(val)=57.687223
[GA][Iter1] Gen:15 Ind:18 RMSE(val)=57.687223
[GA][Iter1] Gen:15 Ind:19 RMSE(val)=57.888625
[GA][Iter1] Gen:15 Ind:20 RMSE(val)=57.711174

[GA DONE][Iter1] Best params on val fold of Iter1
Best val RMSE: 57.687223
Best params: {'n_estimators': 732, 'learning_rate': 0.07056977664783903, 'max_depth': 6, 'min_child_weight': 1.0445754533923988, 'subsample': 0.7265722591584418, 'colsample_bytree': 0.6769154361026639, 'reg_lambda': 7.19669945642067, 'reg_alpha': 0.07107604108991697, 'gamma': 0.023823296873124615}
--------------------------------------------------------------------------------
[RETUNE GA] Iter1: train folds 1..5 -> test fold 6  RMSE=35.612821  NRMSE=1.031166  CVRMSE=0.117779  R2=-0.083367
[GA][Iter2] Gen:1 Ind:1 RMSE(val)=34.578690
[GA][Iter2] Gen:1 Ind:2 RMSE(val)=34.247835
[GA][Iter2] Gen:1 Ind:3 RMSE(val)=34.586641
[GA][Iter2] Gen:1 Ind:4 RMSE(val)=34.576055
[GA][Iter2] Gen:1 Ind:5 RMSE(val)=34.589483
[GA][Iter2] Gen:1 Ind:6 RMSE(val)=34.577371
[GA][Iter2] Gen:1 Ind:7 RMSE(val)=34.575866
[GA][Iter2] Gen:1 Ind:8 RMSE(val)=35.101712
[GA][Iter2] Gen:1 Ind:9 RMSE(val)=36.972959
[GA][Iter2] Gen:1 Ind:10 RMSE(val)=33.806542
[GA][Iter2] Gen:1 Ind:11 RMSE(val)=34.593141
[GA][Iter2] Gen:1 Ind:12 RMSE(val)=33.829618
[GA][Iter2] Gen:1 Ind:13 RMSE(val)=34.598274
[GA][Iter2] Gen:1 Ind:14 RMSE(val)=34.578774
[GA][Iter2] Gen:1 Ind:15 RMSE(val)=34.475287
[GA][Iter2] Gen:1 Ind:16 RMSE(val)=34.589636
[GA][Iter2] Gen:1 Ind:17 RMSE(val)=33.990262
[GA][Iter2] Gen:1 Ind:18 RMSE(val)=34.033454
[GA][Iter2] Gen:1 Ind:19 RMSE(val)=34.589703
[GA][Iter2] Gen:1 Ind:20 RMSE(val)=34.574913
[GA][Iter2] gen=1 best_val_rmse=33.806542
[GA][Iter2] Gen:2 Ind:1 RMSE(val)=33.806542
[GA][Iter2] Gen:2 Ind:2 RMSE(val)=33.829618
[GA][Iter2] Gen:2 Ind:3 RMSE(val)=33.990262
[GA][Iter2] Gen:2 Ind:4 RMSE(val)=34.033454
[GA][Iter2] Gen:2 Ind:5 RMSE(val)=34.247835
[GA][Iter2] Gen:2 Ind:6 RMSE(val)=34.475287
[GA][Iter2] Gen:2 Ind:7 RMSE(val)=34.574913
[GA][Iter2] Gen:2 Ind:8 RMSE(val)=34.575866
[GA][Iter2] Gen:2 Ind:9 RMSE(val)=34.576055
[GA][Iter2] Gen:2 Ind:10 RMSE(val)=34.577371
[GA][Iter2] Gen:2 Ind:11 RMSE(val)=35.679083
[GA][Iter2] Gen:2 Ind:12 RMSE(val)=34.033028
[GA][Iter2] Gen:2 Ind:13 RMSE(val)=34.818369
[GA][Iter2] Gen:2 Ind:14 RMSE(val)=35.004280
[GA][Iter2] Gen:2 Ind:15 RMSE(val)=34.585246
[GA][Iter2] Gen:2 Ind:16 RMSE(val)=34.575062
[GA][Iter2] Gen:2 Ind:17 RMSE(val)=33.761645
[GA][Iter2] Gen:2 Ind:18 RMSE(val)=34.571242
[GA][Iter2] Gen:2 Ind:19 RMSE(val)=33.900693
[GA][Iter2] Gen:2 Ind:20 RMSE(val)=34.575739
[GA][Iter2] gen=2 best_val_rmse=33.761645
[GA][Iter2] Gen:3 Ind:1 RMSE(val)=33.761645
[GA][Iter2] Gen:3 Ind:2 RMSE(val)=33.806542
[GA][Iter2] Gen:3 Ind:3 RMSE(val)=33.829618
[GA][Iter2] Gen:3 Ind:4 RMSE(val)=33.900693
[GA][Iter2] Gen:3 Ind:5 RMSE(val)=33.990262
[GA][Iter2] Gen:3 Ind:6 RMSE(val)=34.033028
[GA][Iter2] Gen:3 Ind:7 RMSE(val)=34.033454
[GA][Iter2] Gen:3 Ind:8 RMSE(val)=34.247835
[GA][Iter2] Gen:3 Ind:9 RMSE(val)=34.475287
[GA][Iter2] Gen:3 Ind:10 RMSE(val)=34.571242
[GA][Iter2] Gen:3 Ind:11 RMSE(val)=33.991798
[GA][Iter2] Gen:3 Ind:12 RMSE(val)=33.835046
[GA][Iter2] Gen:3 Ind:13 RMSE(val)=34.190236
[GA][Iter2] Gen:3 Ind:14 RMSE(val)=33.807305
[GA][Iter2] Gen:3 Ind:15 RMSE(val)=33.578515
[GA][Iter2] Gen:3 Ind:16 RMSE(val)=34.265128
[GA][Iter2] Gen:3 Ind:17 RMSE(val)=33.965739
[GA][Iter2] Gen:3 Ind:18 RMSE(val)=34.582548
[GA][Iter2] Gen:3 Ind:19 RMSE(val)=34.497096
[GA][Iter2] Gen:3 Ind:20 RMSE(val)=34.166855
[GA][Iter2] gen=3 best_val_rmse=33.578515
[GA][Iter2] Gen:4 Ind:1 RMSE(val)=33.578515
[GA][Iter2] Gen:4 Ind:2 RMSE(val)=33.761645
[GA][Iter2] Gen:4 Ind:3 RMSE(val)=33.806542
[GA][Iter2] Gen:4 Ind:4 RMSE(val)=33.807305
[GA][Iter2] Gen:4 Ind:5 RMSE(val)=33.829618
[GA][Iter2] Gen:4 Ind:6 RMSE(val)=33.835046
[GA][Iter2] Gen:4 Ind:7 RMSE(val)=33.900693
[GA][Iter2] Gen:4 Ind:8 RMSE(val)=33.965739
[GA][Iter2] Gen:4 Ind:9 RMSE(val)=33.990262
[GA][Iter2] Gen:4 Ind:10 RMSE(val)=33.991798
[GA][Iter2] Gen:4 Ind:11 RMSE(val)=34.219473
[GA][Iter2] Gen:4 Ind:12 RMSE(val)=34.033156
[GA][Iter2] Gen:4 Ind:13 RMSE(val)=34.265128
[GA][Iter2] Gen:4 Ind:14 RMSE(val)=33.878919
[GA][Iter2] Gen:4 Ind:15 RMSE(val)=34.048555
[GA][Iter2] Gen:4 Ind:16 RMSE(val)=35.480587
[GA][Iter2] Gen:4 Ind:17 RMSE(val)=33.864103
[GA][Iter2] Gen:4 Ind:18 RMSE(val)=33.928458
[GA][Iter2] Gen:4 Ind:19 RMSE(val)=33.741950
[GA][Iter2] Gen:4 Ind:20 RMSE(val)=33.769111
[GA][Iter2] gen=4 best_val_rmse=33.578515
[GA][Iter2] Gen:5 Ind:1 RMSE(val)=33.578515
[GA][Iter2] Gen:5 Ind:2 RMSE(val)=33.741950
[GA][Iter2] Gen:5 Ind:3 RMSE(val)=33.761645
[GA][Iter2] Gen:5 Ind:4 RMSE(val)=33.769111
[GA][Iter2] Gen:5 Ind:5 RMSE(val)=33.806542
[GA][Iter2] Gen:5 Ind:6 RMSE(val)=33.807305
[GA][Iter2] Gen:5 Ind:7 RMSE(val)=33.829618
[GA][Iter2] Gen:5 Ind:8 RMSE(val)=33.835046
[GA][Iter2] Gen:5 Ind:9 RMSE(val)=33.864103
[GA][Iter2] Gen:5 Ind:10 RMSE(val)=33.878919
[GA][Iter2] Gen:5 Ind:11 RMSE(val)=33.537847
[GA][Iter2] Gen:5 Ind:12 RMSE(val)=33.780321
[GA][Iter2] Gen:5 Ind:13 RMSE(val)=33.753955
[GA][Iter2] Gen:5 Ind:14 RMSE(val)=33.640395
[GA][Iter2] Gen:5 Ind:15 RMSE(val)=33.790030
[GA][Iter2] Gen:5 Ind:16 RMSE(val)=34.050434
[GA][Iter2] Gen:5 Ind:17 RMSE(val)=33.692498
[GA][Iter2] Gen:5 Ind:18 RMSE(val)=34.007703
[GA][Iter2] Gen:5 Ind:19 RMSE(val)=34.367945
[GA][Iter2] Gen:5 Ind:20 RMSE(val)=33.577330
[GA][Iter2] gen=5 best_val_rmse=33.537847
[GA][Iter2] Gen:6 Ind:1 RMSE(val)=33.537847
[GA][Iter2] Gen:6 Ind:2 RMSE(val)=33.577330
[GA][Iter2] Gen:6 Ind:3 RMSE(val)=33.578515
[GA][Iter2] Gen:6 Ind:4 RMSE(val)=33.640395
[GA][Iter2] Gen:6 Ind:5 RMSE(val)=33.692498
[GA][Iter2] Gen:6 Ind:6 RMSE(val)=33.741950
[GA][Iter2] Gen:6 Ind:7 RMSE(val)=33.753955
[GA][Iter2] Gen:6 Ind:8 RMSE(val)=33.761645
[GA][Iter2] Gen:6 Ind:9 RMSE(val)=33.769111
[GA][Iter2] Gen:6 Ind:10 RMSE(val)=33.780321
[GA][Iter2] Gen:6 Ind:11 RMSE(val)=33.708050
[GA][Iter2] Gen:6 Ind:12 RMSE(val)=33.661223
[GA][Iter2] Gen:6 Ind:13 RMSE(val)=33.667203
[GA][Iter2] Gen:6 Ind:14 RMSE(val)=33.941657
[GA][Iter2] Gen:6 Ind:15 RMSE(val)=33.537847
[GA][Iter2] Gen:6 Ind:16 RMSE(val)=33.761645
[GA][Iter2] Gen:6 Ind:17 RMSE(val)=33.989262
[GA][Iter2] Gen:6 Ind:18 RMSE(val)=33.518470
[GA][Iter2] Gen:6 Ind:19 RMSE(val)=33.881429
[GA][Iter2] Gen:6 Ind:20 RMSE(val)=33.688220
[GA][Iter2] gen=6 best_val_rmse=33.518470
[GA][Iter2] Gen:7 Ind:1 RMSE(val)=33.518470
[GA][Iter2] Gen:7 Ind:2 RMSE(val)=33.537847
[GA][Iter2] Gen:7 Ind:3 RMSE(val)=33.537847
[GA][Iter2] Gen:7 Ind:4 RMSE(val)=33.577330
[GA][Iter2] Gen:7 Ind:5 RMSE(val)=33.578515
[GA][Iter2] Gen:7 Ind:6 RMSE(val)=33.640395
[GA][Iter2] Gen:7 Ind:7 RMSE(val)=33.661223
[GA][Iter2] Gen:7 Ind:8 RMSE(val)=33.667203
[GA][Iter2] Gen:7 Ind:9 RMSE(val)=33.688220
[GA][Iter2] Gen:7 Ind:10 RMSE(val)=33.692498
[GA][Iter2] Gen:7 Ind:11 RMSE(val)=33.743126
[GA][Iter2] Gen:7 Ind:12 RMSE(val)=33.519773
[GA][Iter2] Gen:7 Ind:13 RMSE(val)=33.716920
[GA][Iter2] Gen:7 Ind:14 RMSE(val)=33.512982
[GA][Iter2] Gen:7 Ind:15 RMSE(val)=33.640395
[GA][Iter2] Gen:7 Ind:16 RMSE(val)=33.713279
[GA][Iter2] Gen:7 Ind:17 RMSE(val)=33.738671
[GA][Iter2] Gen:7 Ind:18 RMSE(val)=33.716385
[GA][Iter2] Gen:7 Ind:19 RMSE(val)=34.164755
[GA][Iter2] Gen:7 Ind:20 RMSE(val)=33.837697
[GA][Iter2] gen=7 best_val_rmse=33.512982
[GA][Iter2] Gen:8 Ind:1 RMSE(val)=33.512982
[GA][Iter2] Gen:8 Ind:2 RMSE(val)=33.518470
[GA][Iter2] Gen:8 Ind:3 RMSE(val)=33.519773
[GA][Iter2] Gen:8 Ind:4 RMSE(val)=33.537847
[GA][Iter2] Gen:8 Ind:5 RMSE(val)=33.537847
[GA][Iter2] Gen:8 Ind:6 RMSE(val)=33.577330
[GA][Iter2] Gen:8 Ind:7 RMSE(val)=33.578515
[GA][Iter2] Gen:8 Ind:8 RMSE(val)=33.640395
[GA][Iter2] Gen:8 Ind:9 RMSE(val)=33.640395
[GA][Iter2] Gen:8 Ind:10 RMSE(val)=33.661223
[GA][Iter2] Gen:8 Ind:11 RMSE(val)=33.737452
[GA][Iter2] Gen:8 Ind:12 RMSE(val)=33.620609
[GA][Iter2] Gen:8 Ind:13 RMSE(val)=33.646544
[GA][Iter2] Gen:8 Ind:14 RMSE(val)=33.675951
[GA][Iter2] Gen:8 Ind:15 RMSE(val)=33.704288
[GA][Iter2] Gen:8 Ind:16 RMSE(val)=33.635956
[GA][Iter2] Gen:8 Ind:17 RMSE(val)=34.196653
[GA][Iter2] Gen:8 Ind:18 RMSE(val)=33.506818
[GA][Iter2] Gen:8 Ind:19 RMSE(val)=33.458441
[GA][Iter2] Gen:8 Ind:20 RMSE(val)=33.686738
[GA][Iter2] gen=8 best_val_rmse=33.458441
[GA][Iter2] Gen:9 Ind:1 RMSE(val)=33.458441
[GA][Iter2] Gen:9 Ind:2 RMSE(val)=33.506818
[GA][Iter2] Gen:9 Ind:3 RMSE(val)=33.512982
[GA][Iter2] Gen:9 Ind:4 RMSE(val)=33.518470
[GA][Iter2] Gen:9 Ind:5 RMSE(val)=33.519773
[GA][Iter2] Gen:9 Ind:6 RMSE(val)=33.537847
[GA][Iter2] Gen:9 Ind:7 RMSE(val)=33.537847
[GA][Iter2] Gen:9 Ind:8 RMSE(val)=33.577330
[GA][Iter2] Gen:9 Ind:9 RMSE(val)=33.578515
[GA][Iter2] Gen:9 Ind:10 RMSE(val)=33.620609
[GA][Iter2] Gen:9 Ind:11 RMSE(val)=33.679804
[GA][Iter2] Gen:9 Ind:12 RMSE(val)=33.578515
[GA][Iter2] Gen:9 Ind:13 RMSE(val)=33.674907
[GA][Iter2] Gen:9 Ind:14 RMSE(val)=33.508390
[GA][Iter2] Gen:9 Ind:15 RMSE(val)=33.706210
[GA][Iter2] Gen:9 Ind:16 RMSE(val)=33.606002
[GA][Iter2] Gen:9 Ind:17 RMSE(val)=33.518470
[GA][Iter2] Gen:9 Ind:18 RMSE(val)=33.501494
[GA][Iter2] Gen:9 Ind:19 RMSE(val)=33.793690
[GA][Iter2] Gen:9 Ind:20 RMSE(val)=33.631721
[GA][Iter2] gen=9 best_val_rmse=33.458441
[GA][Iter2] Gen:10 Ind:1 RMSE(val)=33.458441
[GA][Iter2] Gen:10 Ind:2 RMSE(val)=33.501494
[GA][Iter2] Gen:10 Ind:3 RMSE(val)=33.506818
[GA][Iter2] Gen:10 Ind:4 RMSE(val)=33.508390
[GA][Iter2] Gen:10 Ind:5 RMSE(val)=33.512982
[GA][Iter2] Gen:10 Ind:6 RMSE(val)=33.518470
[GA][Iter2] Gen:10 Ind:7 RMSE(val)=33.518470
[GA][Iter2] Gen:10 Ind:8 RMSE(val)=33.519773
[GA][Iter2] Gen:10 Ind:9 RMSE(val)=33.537847
[GA][Iter2] Gen:10 Ind:10 RMSE(val)=33.537847
[GA][Iter2] Gen:10 Ind:11 RMSE(val)=33.664991
[GA][Iter2] Gen:10 Ind:12 RMSE(val)=33.740452
[GA][Iter2] Gen:10 Ind:13 RMSE(val)=33.609562
[GA][Iter2] Gen:10 Ind:14 RMSE(val)=33.652638
[GA][Iter2] Gen:10 Ind:15 RMSE(val)=33.513068
[GA][Iter2] Gen:10 Ind:16 RMSE(val)=33.803769
[GA][Iter2] Gen:10 Ind:17 RMSE(val)=33.512982
[GA][Iter2] Gen:10 Ind:18 RMSE(val)=33.519773
[GA][Iter2] Gen:10 Ind:19 RMSE(val)=33.661531
[GA][Iter2] Gen:10 Ind:20 RMSE(val)=33.656946
[GA][Iter2] gen=10 best_val_rmse=33.458441
[GA][Iter2] Gen:11 Ind:1 RMSE(val)=33.458441
[GA][Iter2] Gen:11 Ind:2 RMSE(val)=33.501494
[GA][Iter2] Gen:11 Ind:3 RMSE(val)=33.506818
[GA][Iter2] Gen:11 Ind:4 RMSE(val)=33.508390
[GA][Iter2] Gen:11 Ind:5 RMSE(val)=33.512982
[GA][Iter2] Gen:11 Ind:6 RMSE(val)=33.512982
[GA][Iter2] Gen:11 Ind:7 RMSE(val)=33.513068
[GA][Iter2] Gen:11 Ind:8 RMSE(val)=33.518470
[GA][Iter2] Gen:11 Ind:9 RMSE(val)=33.518470
[GA][Iter2] Gen:11 Ind:10 RMSE(val)=33.519773
[GA][Iter2] Gen:11 Ind:11 RMSE(val)=33.565623
[GA][Iter2] Gen:11 Ind:12 RMSE(val)=33.563824
[GA][Iter2] Gen:11 Ind:13 RMSE(val)=33.508390
[GA][Iter2] Gen:11 Ind:14 RMSE(val)=33.391495
[GA][Iter2] Gen:11 Ind:15 RMSE(val)=33.412733
[GA][Iter2] Gen:11 Ind:16 RMSE(val)=33.435359
[GA][Iter2] Gen:11 Ind:17 RMSE(val)=33.507696
[GA][Iter2] Gen:11 Ind:18 RMSE(val)=33.889122
[GA][Iter2] Gen:11 Ind:19 RMSE(val)=33.907486
[GA][Iter2] Gen:11 Ind:20 RMSE(val)=33.495463
[GA][Iter2] gen=11 best_val_rmse=33.391495
[GA][Iter2] Gen:12 Ind:1 RMSE(val)=33.391495
[GA][Iter2] Gen:12 Ind:2 RMSE(val)=33.412733
[GA][Iter2] Gen:12 Ind:3 RMSE(val)=33.435359
[GA][Iter2] Gen:12 Ind:4 RMSE(val)=33.458441
[GA][Iter2] Gen:12 Ind:5 RMSE(val)=33.495463
[GA][Iter2] Gen:12 Ind:6 RMSE(val)=33.501494
[GA][Iter2] Gen:12 Ind:7 RMSE(val)=33.506818
[GA][Iter2] Gen:12 Ind:8 RMSE(val)=33.507696
[GA][Iter2] Gen:12 Ind:9 RMSE(val)=33.508390
[GA][Iter2] Gen:12 Ind:10 RMSE(val)=33.508390
[GA][Iter2] Gen:12 Ind:11 RMSE(val)=33.461397
[GA][Iter2] Gen:12 Ind:12 RMSE(val)=33.590494
[GA][Iter2] Gen:12 Ind:13 RMSE(val)=33.483121
[GA][Iter2] Gen:12 Ind:14 RMSE(val)=33.455704
[GA][Iter2] Gen:12 Ind:15 RMSE(val)=33.435359
[GA][Iter2] Gen:12 Ind:16 RMSE(val)=33.609293
[GA][Iter2] Gen:12 Ind:17 RMSE(val)=33.392224
[GA][Iter2] Gen:12 Ind:18 RMSE(val)=33.382481
[GA][Iter2] Gen:12 Ind:19 RMSE(val)=33.507696
[GA][Iter2] Gen:12 Ind:20 RMSE(val)=33.518470
[GA][Iter2] gen=12 best_val_rmse=33.382481
[GA][Iter2] Gen:13 Ind:1 RMSE(val)=33.382481
[GA][Iter2] Gen:13 Ind:2 RMSE(val)=33.391495
[GA][Iter2] Gen:13 Ind:3 RMSE(val)=33.392224
[GA][Iter2] Gen:13 Ind:4 RMSE(val)=33.412733
[GA][Iter2] Gen:13 Ind:5 RMSE(val)=33.435359
[GA][Iter2] Gen:13 Ind:6 RMSE(val)=33.435359
[GA][Iter2] Gen:13 Ind:7 RMSE(val)=33.455704
[GA][Iter2] Gen:13 Ind:8 RMSE(val)=33.458441
[GA][Iter2] Gen:13 Ind:9 RMSE(val)=33.461397
[GA][Iter2] Gen:13 Ind:10 RMSE(val)=33.483121
[GA][Iter2] Gen:13 Ind:11 RMSE(val)=33.568933
[GA][Iter2] Gen:13 Ind:12 RMSE(val)=33.596834
[GA][Iter2] Gen:13 Ind:13 RMSE(val)=33.554662
[GA][Iter2] Gen:13 Ind:14 RMSE(val)=33.435359
[GA][Iter2] Gen:13 Ind:15 RMSE(val)=33.346407
[GA][Iter2] Gen:13 Ind:16 RMSE(val)=33.378773
[GA][Iter2] Gen:13 Ind:17 RMSE(val)=33.382481
[GA][Iter2] Gen:13 Ind:18 RMSE(val)=33.451462
[GA][Iter2] Gen:13 Ind:19 RMSE(val)=33.435359
[GA][Iter2] Gen:13 Ind:20 RMSE(val)=33.437868
[GA][Iter2] gen=13 best_val_rmse=33.346407
[GA][Iter2] Gen:14 Ind:1 RMSE(val)=33.346407
[GA][Iter2] Gen:14 Ind:2 RMSE(val)=33.378773
[GA][Iter2] Gen:14 Ind:3 RMSE(val)=33.382481
[GA][Iter2] Gen:14 Ind:4 RMSE(val)=33.382481
[GA][Iter2] Gen:14 Ind:5 RMSE(val)=33.391495
[GA][Iter2] Gen:14 Ind:6 RMSE(val)=33.392224
[GA][Iter2] Gen:14 Ind:7 RMSE(val)=33.412733
[GA][Iter2] Gen:14 Ind:8 RMSE(val)=33.435359
[GA][Iter2] Gen:14 Ind:9 RMSE(val)=33.435359
[GA][Iter2] Gen:14 Ind:10 RMSE(val)=33.435359
[GA][Iter2] Gen:14 Ind:11 RMSE(val)=33.660839
[GA][Iter2] Gen:14 Ind:12 RMSE(val)=33.541975
[GA][Iter2] Gen:14 Ind:13 RMSE(val)=33.536956
[GA][Iter2] Gen:14 Ind:14 RMSE(val)=33.312012
[GA][Iter2] Gen:14 Ind:15 RMSE(val)=33.413084
[GA][Iter2] Gen:14 Ind:16 RMSE(val)=33.563824
[GA][Iter2] Gen:14 Ind:17 RMSE(val)=33.465210
[GA][Iter2] Gen:14 Ind:18 RMSE(val)=33.382481
[GA][Iter2] Gen:14 Ind:19 RMSE(val)=33.516558
[GA][Iter2] Gen:14 Ind:20 RMSE(val)=33.679799
[GA][Iter2] gen=14 best_val_rmse=33.312012
[GA][Iter2] Gen:15 Ind:1 RMSE(val)=33.312012
[GA][Iter2] Gen:15 Ind:2 RMSE(val)=33.346407
[GA][Iter2] Gen:15 Ind:3 RMSE(val)=33.378773
[GA][Iter2] Gen:15 Ind:4 RMSE(val)=33.382481
[GA][Iter2] Gen:15 Ind:5 RMSE(val)=33.382481
[GA][Iter2] Gen:15 Ind:6 RMSE(val)=33.382481
[GA][Iter2] Gen:15 Ind:7 RMSE(val)=33.391495
[GA][Iter2] Gen:15 Ind:8 RMSE(val)=33.392224
[GA][Iter2] Gen:15 Ind:9 RMSE(val)=33.412733
[GA][Iter2] Gen:15 Ind:10 RMSE(val)=33.413084
[GA][Iter2] Gen:15 Ind:11 RMSE(val)=33.568933
[GA][Iter2] Gen:15 Ind:12 RMSE(val)=33.471346
[GA][Iter2] Gen:15 Ind:13 RMSE(val)=33.527776
[GA][Iter2] Gen:15 Ind:14 RMSE(val)=33.616736
[GA][Iter2] Gen:15 Ind:15 RMSE(val)=33.380434
[GA][Iter2] Gen:15 Ind:16 RMSE(val)=33.592792
[GA][Iter2] Gen:15 Ind:17 RMSE(val)=33.382481
[GA][Iter2] Gen:15 Ind:18 RMSE(val)=33.331895
[GA][Iter2] Gen:15 Ind:19 RMSE(val)=33.382481
[GA][Iter2] Gen:15 Ind:20 RMSE(val)=33.592792
[GA][Iter2] gen=15 best_val_rmse=33.312012
[GA][Iter2] Gen:15 Ind:1 RMSE(val)=33.312012
[GA][Iter2] Gen:15 Ind:2 RMSE(val)=33.331895
[GA][Iter2] Gen:15 Ind:3 RMSE(val)=33.346407
[GA][Iter2] Gen:15 Ind:4 RMSE(val)=33.378773
[GA][Iter2] Gen:15 Ind:5 RMSE(val)=33.380434
[GA][Iter2] Gen:15 Ind:6 RMSE(val)=33.382481
[GA][Iter2] Gen:15 Ind:7 RMSE(val)=33.382481
[GA][Iter2] Gen:15 Ind:8 RMSE(val)=33.382481
[GA][Iter2] Gen:15 Ind:9 RMSE(val)=33.382481
[GA][Iter2] Gen:15 Ind:10 RMSE(val)=33.382481
[GA][Iter2] Gen:15 Ind:11 RMSE(val)=33.382481
[GA][Iter2] Gen:15 Ind:12 RMSE(val)=33.331895
[GA][Iter2] Gen:15 Ind:13 RMSE(val)=33.382481
[GA][Iter2] Gen:15 Ind:14 RMSE(val)=33.378773
[GA][Iter2] Gen:15 Ind:15 RMSE(val)=33.382481
[GA][Iter2] Gen:15 Ind:16 RMSE(val)=33.438508
[GA][Iter2] Gen:15 Ind:17 RMSE(val)=33.391495
[GA][Iter2] Gen:15 Ind:18 RMSE(val)=33.391495
[GA][Iter2] Gen:15 Ind:19 RMSE(val)=33.418592
[GA][Iter2] Gen:15 Ind:20 RMSE(val)=33.437173

[GA DONE][Iter2] Best params on val fold of Iter2
Best val RMSE: 33.312012
Best params: {'n_estimators': 1233, 'learning_rate': 0.07481187505307113, 'max_depth': 6, 'min_child_weight': 8.295904171045159, 'subsample': 0.6741293719047287, 'colsample_bytree': 0.7447985774854444, 'reg_lambda': 25.067530166573725, 'reg_alpha': 1.1890950690391897, 'gamma': 0.06944388136995679}
--------------------------------------------------------------------------------
[RETUNE GA] Iter2: train folds 1..6 -> test fold 7  RMSE=25.209357  NRMSE=0.919437  CVRMSE=0.079302  R2=0.138686
[GA][Iter3] Gen:1 Ind:1 RMSE(val)=29.642559
[GA][Iter3] Gen:1 Ind:2 RMSE(val)=22.869813
[GA][Iter3] Gen:1 Ind:3 RMSE(val)=29.652942
[GA][Iter3] Gen:1 Ind:4 RMSE(val)=29.646727
[GA][Iter3] Gen:1 Ind:5 RMSE(val)=29.596794
[GA][Iter3] Gen:1 Ind:6 RMSE(val)=29.630793
[GA][Iter3] Gen:1 Ind:7 RMSE(val)=29.655648
[GA][Iter3] Gen:1 Ind:8 RMSE(val)=22.714792
[GA][Iter3] Gen:1 Ind:9 RMSE(val)=23.521974
[GA][Iter3] Gen:1 Ind:10 RMSE(val)=26.342854
[GA][Iter3] Gen:1 Ind:11 RMSE(val)=29.604762
[GA][Iter3] Gen:1 Ind:12 RMSE(val)=25.174515
[GA][Iter3] Gen:1 Ind:13 RMSE(val)=29.598188
[GA][Iter3] Gen:1 Ind:14 RMSE(val)=29.621096
[GA][Iter3] Gen:1 Ind:15 RMSE(val)=22.565570
[GA][Iter3] Gen:1 Ind:16 RMSE(val)=29.620573
[GA][Iter3] Gen:1 Ind:17 RMSE(val)=23.007407
[GA][Iter3] Gen:1 Ind:18 RMSE(val)=26.851165
[GA][Iter3] Gen:1 Ind:19 RMSE(val)=29.616534
[GA][Iter3] Gen:1 Ind:20 RMSE(val)=29.650714
[GA][Iter3] gen=1 best_val_rmse=22.565570
[GA][Iter3] Gen:2 Ind:1 RMSE(val)=22.565570
[GA][Iter3] Gen:2 Ind:2 RMSE(val)=22.714792
[GA][Iter3] Gen:2 Ind:3 RMSE(val)=22.869813
[GA][Iter3] Gen:2 Ind:4 RMSE(val)=23.007407
[GA][Iter3] Gen:2 Ind:5 RMSE(val)=23.521974
[GA][Iter3] Gen:2 Ind:6 RMSE(val)=25.174515
[GA][Iter3] Gen:2 Ind:7 RMSE(val)=26.342854
[GA][Iter3] Gen:2 Ind:8 RMSE(val)=26.851165
[GA][Iter3] Gen:2 Ind:9 RMSE(val)=29.596794
[GA][Iter3] Gen:2 Ind:10 RMSE(val)=29.598188
[GA][Iter3] Gen:2 Ind:11 RMSE(val)=23.530864
[GA][Iter3] Gen:2 Ind:12 RMSE(val)=22.978861
[GA][Iter3] Gen:2 Ind:13 RMSE(val)=23.132153
[GA][Iter3] Gen:2 Ind:14 RMSE(val)=23.554283
[GA][Iter3] Gen:2 Ind:15 RMSE(val)=29.637699
[GA][Iter3] Gen:2 Ind:16 RMSE(val)=29.622959
[GA][Iter3] Gen:2 Ind:17 RMSE(val)=22.365122
[GA][Iter3] Gen:2 Ind:18 RMSE(val)=29.660229
[GA][Iter3] Gen:2 Ind:19 RMSE(val)=22.821418
[GA][Iter3] Gen:2 Ind:20 RMSE(val)=26.928750
[GA][Iter3] gen=2 best_val_rmse=22.365122
[GA][Iter3] Gen:3 Ind:1 RMSE(val)=22.365122
[GA][Iter3] Gen:3 Ind:2 RMSE(val)=22.565570
[GA][Iter3] Gen:3 Ind:3 RMSE(val)=22.714792
[GA][Iter3] Gen:3 Ind:4 RMSE(val)=22.821418
[GA][Iter3] Gen:3 Ind:5 RMSE(val)=22.869813
[GA][Iter3] Gen:3 Ind:6 RMSE(val)=22.978861
[GA][Iter3] Gen:3 Ind:7 RMSE(val)=23.007407
[GA][Iter3] Gen:3 Ind:8 RMSE(val)=23.132153
[GA][Iter3] Gen:3 Ind:9 RMSE(val)=23.521974
[GA][Iter3] Gen:3 Ind:10 RMSE(val)=23.530864
[GA][Iter3] Gen:3 Ind:11 RMSE(val)=22.297576
[GA][Iter3] Gen:3 Ind:12 RMSE(val)=22.885279
[GA][Iter3] Gen:3 Ind:13 RMSE(val)=22.556062
[GA][Iter3] Gen:3 Ind:14 RMSE(val)=22.372152
[GA][Iter3] Gen:3 Ind:15 RMSE(val)=21.952155
[GA][Iter3] Gen:3 Ind:16 RMSE(val)=22.506568
[GA][Iter3] Gen:3 Ind:17 RMSE(val)=22.582932
[GA][Iter3] Gen:3 Ind:18 RMSE(val)=22.990976
[GA][Iter3] Gen:3 Ind:19 RMSE(val)=23.018483
[GA][Iter3] Gen:3 Ind:20 RMSE(val)=22.698594
[GA][Iter3] gen=3 best_val_rmse=21.952155
[GA][Iter3] Gen:4 Ind:1 RMSE(val)=21.952155
[GA][Iter3] Gen:4 Ind:2 RMSE(val)=22.297576
[GA][Iter3] Gen:4 Ind:3 RMSE(val)=22.365122
[GA][Iter3] Gen:4 Ind:4 RMSE(val)=22.372152
[GA][Iter3] Gen:4 Ind:5 RMSE(val)=22.506568
[GA][Iter3] Gen:4 Ind:6 RMSE(val)=22.556062
[GA][Iter3] Gen:4 Ind:7 RMSE(val)=22.565570
[GA][Iter3] Gen:4 Ind:8 RMSE(val)=22.582932
[GA][Iter3] Gen:4 Ind:9 RMSE(val)=22.698594
[GA][Iter3] Gen:4 Ind:10 RMSE(val)=22.714792
[GA][Iter3] Gen:4 Ind:11 RMSE(val)=22.808017
[GA][Iter3] Gen:4 Ind:12 RMSE(val)=22.339657
[GA][Iter3] Gen:4 Ind:13 RMSE(val)=22.287760
[GA][Iter3] Gen:4 Ind:14 RMSE(val)=21.858896
[GA][Iter3] Gen:4 Ind:15 RMSE(val)=23.693030
[GA][Iter3] Gen:4 Ind:16 RMSE(val)=22.624524
[GA][Iter3] Gen:4 Ind:17 RMSE(val)=22.222461
[GA][Iter3] Gen:4 Ind:18 RMSE(val)=22.475967
[GA][Iter3] Gen:4 Ind:19 RMSE(val)=22.359406
[GA][Iter3] Gen:4 Ind:20 RMSE(val)=22.473208
[GA][Iter3] gen=4 best_val_rmse=21.858896
[GA][Iter3] Gen:5 Ind:1 RMSE(val)=21.858896
[GA][Iter3] Gen:5 Ind:2 RMSE(val)=21.952155
[GA][Iter3] Gen:5 Ind:3 RMSE(val)=22.222461
[GA][Iter3] Gen:5 Ind:4 RMSE(val)=22.287760
[GA][Iter3] Gen:5 Ind:5 RMSE(val)=22.297576
[GA][Iter3] Gen:5 Ind:6 RMSE(val)=22.339657
[GA][Iter3] Gen:5 Ind:7 RMSE(val)=22.359406
[GA][Iter3] Gen:5 Ind:8 RMSE(val)=22.365122
[GA][Iter3] Gen:5 Ind:9 RMSE(val)=22.372152
[GA][Iter3] Gen:5 Ind:10 RMSE(val)=22.473208
[GA][Iter3] Gen:5 Ind:11 RMSE(val)=22.011379
[GA][Iter3] Gen:5 Ind:12 RMSE(val)=22.200676
[GA][Iter3] Gen:5 Ind:13 RMSE(val)=22.219664
[GA][Iter3] Gen:5 Ind:14 RMSE(val)=22.054758
[GA][Iter3] Gen:5 Ind:15 RMSE(val)=21.840038
[GA][Iter3] Gen:5 Ind:16 RMSE(val)=22.445785
[GA][Iter3] Gen:5 Ind:17 RMSE(val)=22.380972
[GA][Iter3] Gen:5 Ind:18 RMSE(val)=22.507136
[GA][Iter3] Gen:5 Ind:19 RMSE(val)=22.013685
[GA][Iter3] Gen:5 Ind:20 RMSE(val)=22.196304
[GA][Iter3] gen=5 best_val_rmse=21.840038
[GA][Iter3] Gen:6 Ind:1 RMSE(val)=21.840038
[GA][Iter3] Gen:6 Ind:2 RMSE(val)=21.858896
[GA][Iter3] Gen:6 Ind:3 RMSE(val)=21.952155
[GA][Iter3] Gen:6 Ind:4 RMSE(val)=22.011379
[GA][Iter3] Gen:6 Ind:5 RMSE(val)=22.013685
[GA][Iter3] Gen:6 Ind:6 RMSE(val)=22.054758
[GA][Iter3] Gen:6 Ind:7 RMSE(val)=22.196304
[GA][Iter3] Gen:6 Ind:8 RMSE(val)=22.200676
[GA][Iter3] Gen:6 Ind:9 RMSE(val)=22.219664
[GA][Iter3] Gen:6 Ind:10 RMSE(val)=22.222461
[GA][Iter3] Gen:6 Ind:11 RMSE(val)=22.272298
[GA][Iter3] Gen:6 Ind:12 RMSE(val)=21.832878
[GA][Iter3] Gen:6 Ind:13 RMSE(val)=22.285288
[GA][Iter3] Gen:6 Ind:14 RMSE(val)=22.146992
[GA][Iter3] Gen:6 Ind:15 RMSE(val)=21.957260
[GA][Iter3] Gen:6 Ind:16 RMSE(val)=22.200676
[GA][Iter3] Gen:6 Ind:17 RMSE(val)=22.285294
[GA][Iter3] Gen:6 Ind:18 RMSE(val)=22.221473
[GA][Iter3] Gen:6 Ind:19 RMSE(val)=22.051597
[GA][Iter3] Gen:6 Ind:20 RMSE(val)=22.075863
[GA][Iter3] gen=6 best_val_rmse=21.832878
[GA][Iter3] Gen:7 Ind:1 RMSE(val)=21.832878
[GA][Iter3] Gen:7 Ind:2 RMSE(val)=21.840038
[GA][Iter3] Gen:7 Ind:3 RMSE(val)=21.858896
[GA][Iter3] Gen:7 Ind:4 RMSE(val)=21.952155
[GA][Iter3] Gen:7 Ind:5 RMSE(val)=21.957260
[GA][Iter3] Gen:7 Ind:6 RMSE(val)=22.011379
[GA][Iter3] Gen:7 Ind:7 RMSE(val)=22.013685
[GA][Iter3] Gen:7 Ind:8 RMSE(val)=22.051597
[GA][Iter3] Gen:7 Ind:9 RMSE(val)=22.054758
[GA][Iter3] Gen:7 Ind:10 RMSE(val)=22.075863
[GA][Iter3] Gen:7 Ind:11 RMSE(val)=22.056815
[GA][Iter3] Gen:7 Ind:12 RMSE(val)=22.139783
[GA][Iter3] Gen:7 Ind:13 RMSE(val)=22.209700
[GA][Iter3] Gen:7 Ind:14 RMSE(val)=21.840038
[GA][Iter3] Gen:7 Ind:15 RMSE(val)=22.251552
[GA][Iter3] Gen:7 Ind:16 RMSE(val)=21.956577
[GA][Iter3] Gen:7 Ind:17 RMSE(val)=22.219961
[GA][Iter3] Gen:7 Ind:18 RMSE(val)=22.078848
[GA][Iter3] Gen:7 Ind:19 RMSE(val)=21.819939
[GA][Iter3] Gen:7 Ind:20 RMSE(val)=21.827475
[GA][Iter3] gen=7 best_val_rmse=21.819939
[GA][Iter3] Gen:8 Ind:1 RMSE(val)=21.819939
[GA][Iter3] Gen:8 Ind:2 RMSE(val)=21.827475
[GA][Iter3] Gen:8 Ind:3 RMSE(val)=21.832878
[GA][Iter3] Gen:8 Ind:4 RMSE(val)=21.840038
[GA][Iter3] Gen:8 Ind:5 RMSE(val)=21.840038
[GA][Iter3] Gen:8 Ind:6 RMSE(val)=21.858896
[GA][Iter3] Gen:8 Ind:7 RMSE(val)=21.952155
[GA][Iter3] Gen:8 Ind:8 RMSE(val)=21.956577
[GA][Iter3] Gen:8 Ind:9 RMSE(val)=21.957260
[GA][Iter3] Gen:8 Ind:10 RMSE(val)=22.011379
[GA][Iter3] Gen:8 Ind:11 RMSE(val)=21.948287
[GA][Iter3] Gen:8 Ind:12 RMSE(val)=21.904147
[GA][Iter3] Gen:8 Ind:13 RMSE(val)=21.957063
[GA][Iter3] Gen:8 Ind:14 RMSE(val)=21.966089
[GA][Iter3] Gen:8 Ind:15 RMSE(val)=21.855868
[GA][Iter3] Gen:8 Ind:16 RMSE(val)=21.827475
[GA][Iter3] Gen:8 Ind:17 RMSE(val)=21.916061
[GA][Iter3] Gen:8 Ind:18 RMSE(val)=21.994854
[GA][Iter3] Gen:8 Ind:19 RMSE(val)=22.298365
[GA][Iter3] Gen:8 Ind:20 RMSE(val)=22.333946
[GA][Iter3] gen=8 best_val_rmse=21.819939
[GA][Iter3] Gen:9 Ind:1 RMSE(val)=21.819939
[GA][Iter3] Gen:9 Ind:2 RMSE(val)=21.827475
[GA][Iter3] Gen:9 Ind:3 RMSE(val)=21.827475
[GA][Iter3] Gen:9 Ind:4 RMSE(val)=21.832878
[GA][Iter3] Gen:9 Ind:5 RMSE(val)=21.840038
[GA][Iter3] Gen:9 Ind:6 RMSE(val)=21.840038
[GA][Iter3] Gen:9 Ind:7 RMSE(val)=21.855868
[GA][Iter3] Gen:9 Ind:8 RMSE(val)=21.858896
[GA][Iter3] Gen:9 Ind:9 RMSE(val)=21.904147
[GA][Iter3] Gen:9 Ind:10 RMSE(val)=21.916061
[GA][Iter3] Gen:9 Ind:11 RMSE(val)=21.782566
[GA][Iter3] Gen:9 Ind:12 RMSE(val)=21.784185
[GA][Iter3] Gen:9 Ind:13 RMSE(val)=21.823744
[GA][Iter3] Gen:9 Ind:14 RMSE(val)=21.788221
[GA][Iter3] Gen:9 Ind:15 RMSE(val)=22.100257
[GA][Iter3] Gen:9 Ind:16 RMSE(val)=21.907942
[GA][Iter3] Gen:9 Ind:17 RMSE(val)=21.864315
[GA][Iter3] Gen:9 Ind:18 RMSE(val)=21.840038
[GA][Iter3] Gen:9 Ind:19 RMSE(val)=22.053445
[GA][Iter3] Gen:9 Ind:20 RMSE(val)=22.038006
[GA][Iter3] gen=9 best_val_rmse=21.782566
[GA][Iter3] Gen:10 Ind:1 RMSE(val)=21.782566
[GA][Iter3] Gen:10 Ind:2 RMSE(val)=21.784185
[GA][Iter3] Gen:10 Ind:3 RMSE(val)=21.788221
[GA][Iter3] Gen:10 Ind:4 RMSE(val)=21.819939
[GA][Iter3] Gen:10 Ind:5 RMSE(val)=21.823744
[GA][Iter3] Gen:10 Ind:6 RMSE(val)=21.827475
[GA][Iter3] Gen:10 Ind:7 RMSE(val)=21.827475
[GA][Iter3] Gen:10 Ind:8 RMSE(val)=21.832878
[GA][Iter3] Gen:10 Ind:9 RMSE(val)=21.840038
[GA][Iter3] Gen:10 Ind:10 RMSE(val)=21.840038
[GA][Iter3] Gen:10 Ind:11 RMSE(val)=22.619202
[GA][Iter3] Gen:10 Ind:12 RMSE(val)=22.030784
[GA][Iter3] Gen:10 Ind:13 RMSE(val)=21.788221
[GA][Iter3] Gen:10 Ind:14 RMSE(val)=21.965538
[GA][Iter3] Gen:10 Ind:15 RMSE(val)=21.864315
[GA][Iter3] Gen:10 Ind:16 RMSE(val)=21.901440
[GA][Iter3] Gen:10 Ind:17 RMSE(val)=21.898761
[GA][Iter3] Gen:10 Ind:18 RMSE(val)=21.832878
[GA][Iter3] Gen:10 Ind:19 RMSE(val)=21.784185
[GA][Iter3] Gen:10 Ind:20 RMSE(val)=21.965538
[GA][Iter3] gen=10 best_val_rmse=21.782566
[GA][Iter3] Gen:11 Ind:1 RMSE(val)=21.782566
[GA][Iter3] Gen:11 Ind:2 RMSE(val)=21.784185
[GA][Iter3] Gen:11 Ind:3 RMSE(val)=21.784185
[GA][Iter3] Gen:11 Ind:4 RMSE(val)=21.788221
[GA][Iter3] Gen:11 Ind:5 RMSE(val)=21.788221
[GA][Iter3] Gen:11 Ind:6 RMSE(val)=21.819939
[GA][Iter3] Gen:11 Ind:7 RMSE(val)=21.823744
[GA][Iter3] Gen:11 Ind:8 RMSE(val)=21.827475
[GA][Iter3] Gen:11 Ind:9 RMSE(val)=21.827475
[GA][Iter3] Gen:11 Ind:10 RMSE(val)=21.832878
[GA][Iter3] Gen:11 Ind:11 RMSE(val)=21.973280
[GA][Iter3] Gen:11 Ind:12 RMSE(val)=22.125174
[GA][Iter3] Gen:11 Ind:13 RMSE(val)=21.788221
[GA][Iter3] Gen:11 Ind:14 RMSE(val)=21.831447
[GA][Iter3] Gen:11 Ind:15 RMSE(val)=21.789052
[GA][Iter3] Gen:11 Ind:16 RMSE(val)=21.956493
[GA][Iter3] Gen:11 Ind:17 RMSE(val)=21.735100
[GA][Iter3] Gen:11 Ind:18 RMSE(val)=22.023367
[GA][Iter3] Gen:11 Ind:19 RMSE(val)=21.834684
[GA][Iter3] Gen:11 Ind:20 RMSE(val)=21.797181
[GA][Iter3] gen=11 best_val_rmse=21.735100
[GA][Iter3] Gen:12 Ind:1 RMSE(val)=21.735100
[GA][Iter3] Gen:12 Ind:2 RMSE(val)=21.782566
[GA][Iter3] Gen:12 Ind:3 RMSE(val)=21.784185
[GA][Iter3] Gen:12 Ind:4 RMSE(val)=21.784185
[GA][Iter3] Gen:12 Ind:5 RMSE(val)=21.788221
[GA][Iter3] Gen:12 Ind:6 RMSE(val)=21.788221
[GA][Iter3] Gen:12 Ind:7 RMSE(val)=21.788221
[GA][Iter3] Gen:12 Ind:8 RMSE(val)=21.789052
[GA][Iter3] Gen:12 Ind:9 RMSE(val)=21.797181
[GA][Iter3] Gen:12 Ind:10 RMSE(val)=21.819939
[GA][Iter3] Gen:12 Ind:11 RMSE(val)=21.735712
[GA][Iter3] Gen:12 Ind:12 RMSE(val)=22.287675
[GA][Iter3] Gen:12 Ind:13 RMSE(val)=21.782163
[GA][Iter3] Gen:12 Ind:14 RMSE(val)=21.570027
[GA][Iter3] Gen:12 Ind:15 RMSE(val)=21.975258
[GA][Iter3] Gen:12 Ind:16 RMSE(val)=22.074046
[GA][Iter3] Gen:12 Ind:17 RMSE(val)=21.789052
[GA][Iter3] Gen:12 Ind:18 RMSE(val)=21.770682
[GA][Iter3] Gen:12 Ind:19 RMSE(val)=21.789052
[GA][Iter3] Gen:12 Ind:20 RMSE(val)=22.034878
[GA][Iter3] gen=12 best_val_rmse=21.570027
[GA][Iter3] Gen:13 Ind:1 RMSE(val)=21.570027
[GA][Iter3] Gen:13 Ind:2 RMSE(val)=21.735100
[GA][Iter3] Gen:13 Ind:3 RMSE(val)=21.735712
[GA][Iter3] Gen:13 Ind:4 RMSE(val)=21.770682
[GA][Iter3] Gen:13 Ind:5 RMSE(val)=21.782163
[GA][Iter3] Gen:13 Ind:6 RMSE(val)=21.782566
[GA][Iter3] Gen:13 Ind:7 RMSE(val)=21.784185
[GA][Iter3] Gen:13 Ind:8 RMSE(val)=21.784185
[GA][Iter3] Gen:13 Ind:9 RMSE(val)=21.788221
[GA][Iter3] Gen:13 Ind:10 RMSE(val)=21.788221
[GA][Iter3] Gen:13 Ind:11 RMSE(val)=21.782566
[GA][Iter3] Gen:13 Ind:12 RMSE(val)=21.735100
[GA][Iter3] Gen:13 Ind:13 RMSE(val)=21.815697
[GA][Iter3] Gen:13 Ind:14 RMSE(val)=21.782566
[GA][Iter3] Gen:13 Ind:15 RMSE(val)=21.805435
[GA][Iter3] Gen:13 Ind:16 RMSE(val)=21.788221
[GA][Iter3] Gen:13 Ind:17 RMSE(val)=21.497607
[GA][Iter3] Gen:13 Ind:18 RMSE(val)=21.823816
[GA][Iter3] Gen:13 Ind:19 RMSE(val)=22.086922
[GA][Iter3] Gen:13 Ind:20 RMSE(val)=21.807399
[GA][Iter3] gen=13 best_val_rmse=21.497607
[GA][Iter3] Gen:14 Ind:1 RMSE(val)=21.497607
[GA][Iter3] Gen:14 Ind:2 RMSE(val)=21.570027
[GA][Iter3] Gen:14 Ind:3 RMSE(val)=21.735100
[GA][Iter3] Gen:14 Ind:4 RMSE(val)=21.735100
[GA][Iter3] Gen:14 Ind:5 RMSE(val)=21.735712
[GA][Iter3] Gen:14 Ind:6 RMSE(val)=21.770682
[GA][Iter3] Gen:14 Ind:7 RMSE(val)=21.782163
[GA][Iter3] Gen:14 Ind:8 RMSE(val)=21.782566
[GA][Iter3] Gen:14 Ind:9 RMSE(val)=21.782566
[GA][Iter3] Gen:14 Ind:10 RMSE(val)=21.782566
[GA][Iter3] Gen:14 Ind:11 RMSE(val)=21.954285
[GA][Iter3] Gen:14 Ind:12 RMSE(val)=22.829779
[GA][Iter3] Gen:14 Ind:13 RMSE(val)=21.956048
[GA][Iter3] Gen:14 Ind:14 RMSE(val)=21.770682
[GA][Iter3] Gen:14 Ind:15 RMSE(val)=21.823650
[GA][Iter3] Gen:14 Ind:16 RMSE(val)=21.956048
[GA][Iter3] Gen:14 Ind:17 RMSE(val)=21.986140
[GA][Iter3] Gen:14 Ind:18 RMSE(val)=21.570027
[GA][Iter3] Gen:14 Ind:19 RMSE(val)=21.956493
[GA][Iter3] Gen:14 Ind:20 RMSE(val)=21.867919
[GA][Iter3] gen=14 best_val_rmse=21.497607
[GA][Iter3] Gen:15 Ind:1 RMSE(val)=21.497607
[GA][Iter3] Gen:15 Ind:2 RMSE(val)=21.570027
[GA][Iter3] Gen:15 Ind:3 RMSE(val)=21.570027
[GA][Iter3] Gen:15 Ind:4 RMSE(val)=21.735100
[GA][Iter3] Gen:15 Ind:5 RMSE(val)=21.735100
[GA][Iter3] Gen:15 Ind:6 RMSE(val)=21.735712
[GA][Iter3] Gen:15 Ind:7 RMSE(val)=21.770682
[GA][Iter3] Gen:15 Ind:8 RMSE(val)=21.770682
[GA][Iter3] Gen:15 Ind:9 RMSE(val)=21.782163
[GA][Iter3] Gen:15 Ind:10 RMSE(val)=21.782566
[GA][Iter3] Gen:15 Ind:11 RMSE(val)=21.972731
[GA][Iter3] Gen:15 Ind:12 RMSE(val)=21.753739
[GA][Iter3] Gen:15 Ind:13 RMSE(val)=21.815697
[GA][Iter3] Gen:15 Ind:14 RMSE(val)=21.800748
[GA][Iter3] Gen:15 Ind:15 RMSE(val)=21.449815
[GA][Iter3] Gen:15 Ind:16 RMSE(val)=21.730974
[GA][Iter3] Gen:15 Ind:17 RMSE(val)=21.591481
[GA][Iter3] Gen:15 Ind:18 RMSE(val)=21.968611
[GA][Iter3] Gen:15 Ind:19 RMSE(val)=21.734968
[GA][Iter3] Gen:15 Ind:20 RMSE(val)=21.497607
[GA][Iter3] gen=15 best_val_rmse=21.449815
[GA][Iter3] Gen:15 Ind:1 RMSE(val)=21.449815
[GA][Iter3] Gen:15 Ind:2 RMSE(val)=21.497607
[GA][Iter3] Gen:15 Ind:3 RMSE(val)=21.497607
[GA][Iter3] Gen:15 Ind:4 RMSE(val)=21.570027
[GA][Iter3] Gen:15 Ind:5 RMSE(val)=21.570027
[GA][Iter3] Gen:15 Ind:6 RMSE(val)=21.591481
[GA][Iter3] Gen:15 Ind:7 RMSE(val)=21.730974
[GA][Iter3] Gen:15 Ind:8 RMSE(val)=21.734968
[GA][Iter3] Gen:15 Ind:9 RMSE(val)=21.735100
[GA][Iter3] Gen:15 Ind:10 RMSE(val)=21.735100
[GA][Iter3] Gen:15 Ind:11 RMSE(val)=21.735100
[GA][Iter3] Gen:15 Ind:12 RMSE(val)=21.366661
[GA][Iter3] Gen:15 Ind:13 RMSE(val)=21.734968
[GA][Iter3] Gen:15 Ind:14 RMSE(val)=21.570027
[GA][Iter3] Gen:15 Ind:15 RMSE(val)=21.788030
[GA][Iter3] Gen:15 Ind:16 RMSE(val)=21.979951
[GA][Iter3] Gen:15 Ind:17 RMSE(val)=21.497607
[GA][Iter3] Gen:15 Ind:18 RMSE(val)=21.570027
[GA][Iter3] Gen:15 Ind:19 RMSE(val)=21.873853
[GA][Iter3] Gen:15 Ind:20 RMSE(val)=21.591481

[GA DONE][Iter3] Best params on val fold of Iter3
Best val RMSE: 21.366661
Best params: {'n_estimators': 920, 'learning_rate': 0.04178224140908887, 'max_depth': 4, 'min_child_weight': 3.413072563166092, 'subsample': 0.6092875893893522, 'colsample_bytree': 0.6916192287856417, 'reg_lambda': 14.196936787893716, 'reg_alpha': 0.012994982413309592, 'gamma': 0.039372199725624224}
--------------------------------------------------------------------------------
[RETUNE GA] Iter3: train folds 1..7 -> test fold 8  RMSE=41.326071  NRMSE=0.919642  CVRMSE=0.123992  R2=0.138301
[GA][Iter4] Gen:1 Ind:1 RMSE(val)=50.448500
[GA][Iter4] Gen:1 Ind:2 RMSE(val)=43.225024
[GA][Iter4] Gen:1 Ind:3 RMSE(val)=51.426195
[GA][Iter4] Gen:1 Ind:4 RMSE(val)=51.442472
[GA][Iter4] Gen:1 Ind:5 RMSE(val)=51.435684
[GA][Iter4] Gen:1 Ind:6 RMSE(val)=51.046070
[GA][Iter4] Gen:1 Ind:7 RMSE(val)=51.446005
[GA][Iter4] Gen:1 Ind:8 RMSE(val)=43.474018
[GA][Iter4] Gen:1 Ind:9 RMSE(val)=43.491742
[GA][Iter4] Gen:1 Ind:10 RMSE(val)=47.502884
[GA][Iter4] Gen:1 Ind:11 RMSE(val)=51.407125
[GA][Iter4] Gen:1 Ind:12 RMSE(val)=46.647931
[GA][Iter4] Gen:1 Ind:13 RMSE(val)=51.396462
[GA][Iter4] Gen:1 Ind:14 RMSE(val)=50.178489
[GA][Iter4] Gen:1 Ind:15 RMSE(val)=42.950883
[GA][Iter4] Gen:1 Ind:16 RMSE(val)=51.423613
[GA][Iter4] Gen:1 Ind:17 RMSE(val)=43.381322
[GA][Iter4] Gen:1 Ind:18 RMSE(val)=47.573320
[GA][Iter4] Gen:1 Ind:19 RMSE(val)=51.279559
[GA][Iter4] Gen:1 Ind:20 RMSE(val)=51.281859
[GA][Iter4] gen=1 best_val_rmse=42.950883
[GA][Iter4] Gen:2 Ind:1 RMSE(val)=42.950883
[GA][Iter4] Gen:2 Ind:2 RMSE(val)=43.225024
[GA][Iter4] Gen:2 Ind:3 RMSE(val)=43.381322
[GA][Iter4] Gen:2 Ind:4 RMSE(val)=43.474018
[GA][Iter4] Gen:2 Ind:5 RMSE(val)=43.491742
[GA][Iter4] Gen:2 Ind:6 RMSE(val)=46.647931
[GA][Iter4] Gen:2 Ind:7 RMSE(val)=47.502884
[GA][Iter4] Gen:2 Ind:8 RMSE(val)=47.573320
[GA][Iter4] Gen:2 Ind:9 RMSE(val)=50.178489
[GA][Iter4] Gen:2 Ind:10 RMSE(val)=50.448500
[GA][Iter4] Gen:2 Ind:11 RMSE(val)=44.826663
[GA][Iter4] Gen:2 Ind:12 RMSE(val)=44.105526
[GA][Iter4] Gen:2 Ind:13 RMSE(val)=43.997542
[GA][Iter4] Gen:2 Ind:14 RMSE(val)=42.815217
[GA][Iter4] Gen:2 Ind:15 RMSE(val)=47.821611
[GA][Iter4] Gen:2 Ind:16 RMSE(val)=47.736688
[GA][Iter4] Gen:2 Ind:17 RMSE(val)=42.309577
[GA][Iter4] Gen:2 Ind:18 RMSE(val)=48.226641
[GA][Iter4] Gen:2 Ind:19 RMSE(val)=42.472510
[GA][Iter4] Gen:2 Ind:20 RMSE(val)=47.651560
[GA][Iter4] gen=2 best_val_rmse=42.309577
[GA][Iter4] Gen:3 Ind:1 RMSE(val)=42.309577
[GA][Iter4] Gen:3 Ind:2 RMSE(val)=42.472510
[GA][Iter4] Gen:3 Ind:3 RMSE(val)=42.815217
[GA][Iter4] Gen:3 Ind:4 RMSE(val)=42.950883
[GA][Iter4] Gen:3 Ind:5 RMSE(val)=43.225024
[GA][Iter4] Gen:3 Ind:6 RMSE(val)=43.381322
[GA][Iter4] Gen:3 Ind:7 RMSE(val)=43.474018
[GA][Iter4] Gen:3 Ind:8 RMSE(val)=43.491742
[GA][Iter4] Gen:3 Ind:9 RMSE(val)=43.997542
[GA][Iter4] Gen:3 Ind:10 RMSE(val)=44.105526
[GA][Iter4] Gen:3 Ind:11 RMSE(val)=42.810381
[GA][Iter4] Gen:3 Ind:12 RMSE(val)=43.686694
[GA][Iter4] Gen:3 Ind:13 RMSE(val)=43.182020
[GA][Iter4] Gen:3 Ind:14 RMSE(val)=42.582509
[GA][Iter4] Gen:3 Ind:15 RMSE(val)=41.500692
[GA][Iter4] Gen:3 Ind:16 RMSE(val)=42.311554
[GA][Iter4] Gen:3 Ind:17 RMSE(val)=43.974503
[GA][Iter4] Gen:3 Ind:18 RMSE(val)=43.116690
[GA][Iter4] Gen:3 Ind:19 RMSE(val)=43.796694
[GA][Iter4] Gen:3 Ind:20 RMSE(val)=43.316656
[GA][Iter4] gen=3 best_val_rmse=41.500692
[GA][Iter4] Gen:4 Ind:1 RMSE(val)=41.500692
[GA][Iter4] Gen:4 Ind:2 RMSE(val)=42.309577
[GA][Iter4] Gen:4 Ind:3 RMSE(val)=42.311554
[GA][Iter4] Gen:4 Ind:4 RMSE(val)=42.472510
[GA][Iter4] Gen:4 Ind:5 RMSE(val)=42.582509
[GA][Iter4] Gen:4 Ind:6 RMSE(val)=42.810381
[GA][Iter4] Gen:4 Ind:7 RMSE(val)=42.815217
[GA][Iter4] Gen:4 Ind:8 RMSE(val)=42.950883
[GA][Iter4] Gen:4 Ind:9 RMSE(val)=43.116690
[GA][Iter4] Gen:4 Ind:10 RMSE(val)=43.182020
[GA][Iter4] Gen:4 Ind:11 RMSE(val)=42.144150
[GA][Iter4] Gen:4 Ind:12 RMSE(val)=41.721445
[GA][Iter4] Gen:4 Ind:13 RMSE(val)=43.419534
[GA][Iter4] Gen:4 Ind:14 RMSE(val)=42.760221
[GA][Iter4] Gen:4 Ind:15 RMSE(val)=42.637769
[GA][Iter4] Gen:4 Ind:16 RMSE(val)=42.802724
[GA][Iter4] Gen:4 Ind:17 RMSE(val)=42.542707
[GA][Iter4] Gen:4 Ind:18 RMSE(val)=42.530107
[GA][Iter4] Gen:4 Ind:19 RMSE(val)=43.170864
[GA][Iter4] Gen:4 Ind:20 RMSE(val)=42.566610
[GA][Iter4] gen=4 best_val_rmse=41.500692
[GA][Iter4] Gen:5 Ind:1 RMSE(val)=41.500692
[GA][Iter4] Gen:5 Ind:2 RMSE(val)=41.721445
[GA][Iter4] Gen:5 Ind:3 RMSE(val)=42.144150
[GA][Iter4] Gen:5 Ind:4 RMSE(val)=42.309577
[GA][Iter4] Gen:5 Ind:5 RMSE(val)=42.311554
[GA][Iter4] Gen:5 Ind:6 RMSE(val)=42.472510
[GA][Iter4] Gen:5 Ind:7 RMSE(val)=42.530107
[GA][Iter4] Gen:5 Ind:8 RMSE(val)=42.542707
[GA][Iter4] Gen:5 Ind:9 RMSE(val)=42.566610
[GA][Iter4] Gen:5 Ind:10 RMSE(val)=42.582509
[GA][Iter4] Gen:5 Ind:11 RMSE(val)=42.655407
[GA][Iter4] Gen:5 Ind:12 RMSE(val)=42.842134
[GA][Iter4] Gen:5 Ind:13 RMSE(val)=42.495675
[GA][Iter4] Gen:5 Ind:14 RMSE(val)=42.153849
[GA][Iter4] Gen:5 Ind:15 RMSE(val)=42.143875
[GA][Iter4] Gen:5 Ind:16 RMSE(val)=42.091905
[GA][Iter4] Gen:5 Ind:17 RMSE(val)=42.475745
[GA][Iter4] Gen:5 Ind:18 RMSE(val)=42.966094
[GA][Iter4] Gen:5 Ind:19 RMSE(val)=42.180684
[GA][Iter4] Gen:5 Ind:20 RMSE(val)=40.932385
[GA][Iter4] gen=5 best_val_rmse=40.932385
[GA][Iter4] Gen:6 Ind:1 RMSE(val)=40.932385
[GA][Iter4] Gen:6 Ind:2 RMSE(val)=41.500692
[GA][Iter4] Gen:6 Ind:3 RMSE(val)=41.721445
[GA][Iter4] Gen:6 Ind:4 RMSE(val)=42.091905
[GA][Iter4] Gen:6 Ind:5 RMSE(val)=42.143875
[GA][Iter4] Gen:6 Ind:6 RMSE(val)=42.144150
[GA][Iter4] Gen:6 Ind:7 RMSE(val)=42.153849
[GA][Iter4] Gen:6 Ind:8 RMSE(val)=42.180684
[GA][Iter4] Gen:6 Ind:9 RMSE(val)=42.309577
[GA][Iter4] Gen:6 Ind:10 RMSE(val)=42.311554
[GA][Iter4] Gen:6 Ind:11 RMSE(val)=42.649286
[GA][Iter4] Gen:6 Ind:12 RMSE(val)=41.751028
[GA][Iter4] Gen:6 Ind:13 RMSE(val)=42.636143
[GA][Iter4] Gen:6 Ind:14 RMSE(val)=41.938679
[GA][Iter4] Gen:6 Ind:15 RMSE(val)=41.089253
[GA][Iter4] Gen:6 Ind:16 RMSE(val)=42.144150
[GA][Iter4] Gen:6 Ind:17 RMSE(val)=41.708258
[GA][Iter4] Gen:6 Ind:18 RMSE(val)=42.911665
[GA][Iter4] Gen:6 Ind:19 RMSE(val)=42.122019
[GA][Iter4] Gen:6 Ind:20 RMSE(val)=41.181109
[GA][Iter4] gen=6 best_val_rmse=40.932385
[GA][Iter4] Gen:7 Ind:1 RMSE(val)=40.932385
[GA][Iter4] Gen:7 Ind:2 RMSE(val)=41.089253
[GA][Iter4] Gen:7 Ind:3 RMSE(val)=41.181109
[GA][Iter4] Gen:7 Ind:4 RMSE(val)=41.500692
[GA][Iter4] Gen:7 Ind:5 RMSE(val)=41.708258
[GA][Iter4] Gen:7 Ind:6 RMSE(val)=41.721445
[GA][Iter4] Gen:7 Ind:7 RMSE(val)=41.751028
[GA][Iter4] Gen:7 Ind:8 RMSE(val)=41.938679
[GA][Iter4] Gen:7 Ind:9 RMSE(val)=42.091905
[GA][Iter4] Gen:7 Ind:10 RMSE(val)=42.122019
[GA][Iter4] Gen:7 Ind:11 RMSE(val)=41.929100
[GA][Iter4] Gen:7 Ind:12 RMSE(val)=42.188442
[GA][Iter4] Gen:7 Ind:13 RMSE(val)=42.053748
[GA][Iter4] Gen:7 Ind:14 RMSE(val)=41.958245
[GA][Iter4] Gen:7 Ind:15 RMSE(val)=42.059810
[GA][Iter4] Gen:7 Ind:16 RMSE(val)=41.244878
[GA][Iter4] Gen:7 Ind:17 RMSE(val)=41.976853
[GA][Iter4] Gen:7 Ind:18 RMSE(val)=41.742552
[GA][Iter4] Gen:7 Ind:19 RMSE(val)=42.335558
[GA][Iter4] Gen:7 Ind:20 RMSE(val)=40.972389
[GA][Iter4] gen=7 best_val_rmse=40.932385
[GA][Iter4] Gen:8 Ind:1 RMSE(val)=40.932385
[GA][Iter4] Gen:8 Ind:2 RMSE(val)=40.972389
[GA][Iter4] Gen:8 Ind:3 RMSE(val)=41.089253
[GA][Iter4] Gen:8 Ind:4 RMSE(val)=41.181109
[GA][Iter4] Gen:8 Ind:5 RMSE(val)=41.244878
[GA][Iter4] Gen:8 Ind:6 RMSE(val)=41.500692
[GA][Iter4] Gen:8 Ind:7 RMSE(val)=41.708258
[GA][Iter4] Gen:8 Ind:8 RMSE(val)=41.721445
[GA][Iter4] Gen:8 Ind:9 RMSE(val)=41.742552
[GA][Iter4] Gen:8 Ind:10 RMSE(val)=41.751028
[GA][Iter4] Gen:8 Ind:11 RMSE(val)=41.171521
[GA][Iter4] Gen:8 Ind:12 RMSE(val)=41.089253
[GA][Iter4] Gen:8 Ind:13 RMSE(val)=41.739606
[GA][Iter4] Gen:8 Ind:14 RMSE(val)=41.901356
[GA][Iter4] Gen:8 Ind:15 RMSE(val)=41.626855
[GA][Iter4] Gen:8 Ind:16 RMSE(val)=41.028270
[GA][Iter4] Gen:8 Ind:17 RMSE(val)=41.819815
[GA][Iter4] Gen:8 Ind:18 RMSE(val)=41.309524
[GA][Iter4] Gen:8 Ind:19 RMSE(val)=41.942404
[GA][Iter4] Gen:8 Ind:20 RMSE(val)=40.837015
[GA][Iter4] gen=8 best_val_rmse=40.837015
[GA][Iter4] Gen:9 Ind:1 RMSE(val)=40.837015
[GA][Iter4] Gen:9 Ind:2 RMSE(val)=40.932385
[GA][Iter4] Gen:9 Ind:3 RMSE(val)=40.972389
[GA][Iter4] Gen:9 Ind:4 RMSE(val)=41.028270
[GA][Iter4] Gen:9 Ind:5 RMSE(val)=41.089253
[GA][Iter4] Gen:9 Ind:6 RMSE(val)=41.089253
[GA][Iter4] Gen:9 Ind:7 RMSE(val)=41.171521
[GA][Iter4] Gen:9 Ind:8 RMSE(val)=41.181109
[GA][Iter4] Gen:9 Ind:9 RMSE(val)=41.244878
[GA][Iter4] Gen:9 Ind:10 RMSE(val)=41.309524
[GA][Iter4] Gen:9 Ind:11 RMSE(val)=41.354216
[GA][Iter4] Gen:9 Ind:12 RMSE(val)=41.314886
[GA][Iter4] Gen:9 Ind:13 RMSE(val)=42.440813
[GA][Iter4] Gen:9 Ind:14 RMSE(val)=41.011310
[GA][Iter4] Gen:9 Ind:15 RMSE(val)=41.309524
[GA][Iter4] Gen:9 Ind:16 RMSE(val)=41.314687
[GA][Iter4] Gen:9 Ind:17 RMSE(val)=41.028270
[GA][Iter4] Gen:9 Ind:18 RMSE(val)=41.089253
[GA][Iter4] Gen:9 Ind:19 RMSE(val)=40.730605
[GA][Iter4] Gen:9 Ind:20 RMSE(val)=42.138244
[GA][Iter4] gen=9 best_val_rmse=40.730605
[GA][Iter4] Gen:10 Ind:1 RMSE(val)=40.730605
[GA][Iter4] Gen:10 Ind:2 RMSE(val)=40.837015
[GA][Iter4] Gen:10 Ind:3 RMSE(val)=40.932385
[GA][Iter4] Gen:10 Ind:4 RMSE(val)=40.972389
[GA][Iter4] Gen:10 Ind:5 RMSE(val)=41.011310
[GA][Iter4] Gen:10 Ind:6 RMSE(val)=41.028270
[GA][Iter4] Gen:10 Ind:7 RMSE(val)=41.028270
[GA][Iter4] Gen:10 Ind:8 RMSE(val)=41.089253
[GA][Iter4] Gen:10 Ind:9 RMSE(val)=41.089253
[GA][Iter4] Gen:10 Ind:10 RMSE(val)=41.089253
[GA][Iter4] Gen:10 Ind:11 RMSE(val)=42.938153
[GA][Iter4] Gen:10 Ind:12 RMSE(val)=41.423189
[GA][Iter4] Gen:10 Ind:13 RMSE(val)=40.932385
[GA][Iter4] Gen:10 Ind:14 RMSE(val)=41.011310
[GA][Iter4] Gen:10 Ind:15 RMSE(val)=40.972389
[GA][Iter4] Gen:10 Ind:16 RMSE(val)=41.089253
[GA][Iter4] Gen:10 Ind:17 RMSE(val)=41.311989
[GA][Iter4] Gen:10 Ind:18 RMSE(val)=41.089253
[GA][Iter4] Gen:10 Ind:19 RMSE(val)=40.837015
[GA][Iter4] Gen:10 Ind:20 RMSE(val)=41.028270
[GA][Iter4] gen=10 best_val_rmse=40.730605
[GA][Iter4] Gen:11 Ind:1 RMSE(val)=40.730605
[GA][Iter4] Gen:11 Ind:2 RMSE(val)=40.837015
[GA][Iter4] Gen:11 Ind:3 RMSE(val)=40.837015
[GA][Iter4] Gen:11 Ind:4 RMSE(val)=40.932385
[GA][Iter4] Gen:11 Ind:5 RMSE(val)=40.932385
[GA][Iter4] Gen:11 Ind:6 RMSE(val)=40.972389
[GA][Iter4] Gen:11 Ind:7 RMSE(val)=40.972389
[GA][Iter4] Gen:11 Ind:8 RMSE(val)=41.011310
[GA][Iter4] Gen:11 Ind:9 RMSE(val)=41.011310
[GA][Iter4] Gen:11 Ind:10 RMSE(val)=41.028270
[GA][Iter4] Gen:11 Ind:11 RMSE(val)=41.226122
[GA][Iter4] Gen:11 Ind:12 RMSE(val)=41.017149
[GA][Iter4] Gen:11 Ind:13 RMSE(val)=41.089253
[GA][Iter4] Gen:11 Ind:14 RMSE(val)=41.460896
[GA][Iter4] Gen:11 Ind:15 RMSE(val)=41.061194
[GA][Iter4] Gen:11 Ind:16 RMSE(val)=41.240022
[GA][Iter4] Gen:11 Ind:17 RMSE(val)=40.945944
[GA][Iter4] Gen:11 Ind:18 RMSE(val)=41.111953
[GA][Iter4] Gen:11 Ind:19 RMSE(val)=40.654045
[GA][Iter4] Gen:11 Ind:20 RMSE(val)=40.688125
[GA][Iter4] gen=11 best_val_rmse=40.654045
[GA][Iter4] Gen:12 Ind:1 RMSE(val)=40.654045
[GA][Iter4] Gen:12 Ind:2 RMSE(val)=40.688125
[GA][Iter4] Gen:12 Ind:3 RMSE(val)=40.730605
[GA][Iter4] Gen:12 Ind:4 RMSE(val)=40.837015
[GA][Iter4] Gen:12 Ind:5 RMSE(val)=40.837015
[GA][Iter4] Gen:12 Ind:6 RMSE(val)=40.932385
[GA][Iter4] Gen:12 Ind:7 RMSE(val)=40.932385
[GA][Iter4] Gen:12 Ind:8 RMSE(val)=40.945944
[GA][Iter4] Gen:12 Ind:9 RMSE(val)=40.972389
[GA][Iter4] Gen:12 Ind:10 RMSE(val)=40.972389
[GA][Iter4] Gen:12 Ind:11 RMSE(val)=41.246313
[GA][Iter4] Gen:12 Ind:12 RMSE(val)=41.443148
[GA][Iter4] Gen:12 Ind:13 RMSE(val)=41.178206
[GA][Iter4] Gen:12 Ind:14 RMSE(val)=41.003478
[GA][Iter4] Gen:12 Ind:15 RMSE(val)=40.972389
[GA][Iter4] Gen:12 Ind:16 RMSE(val)=40.932385
[GA][Iter4] Gen:12 Ind:17 RMSE(val)=40.932385
[GA][Iter4] Gen:12 Ind:18 RMSE(val)=41.293606
[GA][Iter4] Gen:12 Ind:19 RMSE(val)=40.911036
[GA][Iter4] Gen:12 Ind:20 RMSE(val)=40.932385
[GA][Iter4] gen=12 best_val_rmse=40.654045
[GA][Iter4] Gen:13 Ind:1 RMSE(val)=40.654045
[GA][Iter4] Gen:13 Ind:2 RMSE(val)=40.688125
[GA][Iter4] Gen:13 Ind:3 RMSE(val)=40.730605
[GA][Iter4] Gen:13 Ind:4 RMSE(val)=40.837015
[GA][Iter4] Gen:13 Ind:5 RMSE(val)=40.837015
[GA][Iter4] Gen:13 Ind:6 RMSE(val)=40.911036
[GA][Iter4] Gen:13 Ind:7 RMSE(val)=40.932385
[GA][Iter4] Gen:13 Ind:8 RMSE(val)=40.932385
[GA][Iter4] Gen:13 Ind:9 RMSE(val)=40.932385
[GA][Iter4] Gen:13 Ind:10 RMSE(val)=40.932385
[GA][Iter4] Gen:13 Ind:11 RMSE(val)=40.911036
[GA][Iter4] Gen:13 Ind:12 RMSE(val)=40.897397
[GA][Iter4] Gen:13 Ind:13 RMSE(val)=40.688125
[GA][Iter4] Gen:13 Ind:14 RMSE(val)=40.932385
[GA][Iter4] Gen:13 Ind:15 RMSE(val)=41.624335
[GA][Iter4] Gen:13 Ind:16 RMSE(val)=40.932385
[GA][Iter4] Gen:13 Ind:17 RMSE(val)=40.709307
[GA][Iter4] Gen:13 Ind:18 RMSE(val)=41.396962
[GA][Iter4] Gen:13 Ind:19 RMSE(val)=40.911036
[GA][Iter4] Gen:13 Ind:20 RMSE(val)=40.932385
[GA][Iter4] gen=13 best_val_rmse=40.654045
[GA][Iter4] Gen:14 Ind:1 RMSE(val)=40.654045
[GA][Iter4] Gen:14 Ind:2 RMSE(val)=40.688125
[GA][Iter4] Gen:14 Ind:3 RMSE(val)=40.688125
[GA][Iter4] Gen:14 Ind:4 RMSE(val)=40.709307
[GA][Iter4] Gen:14 Ind:5 RMSE(val)=40.730605
[GA][Iter4] Gen:14 Ind:6 RMSE(val)=40.837015
[GA][Iter4] Gen:14 Ind:7 RMSE(val)=40.837015
[GA][Iter4] Gen:14 Ind:8 RMSE(val)=40.897397
[GA][Iter4] Gen:14 Ind:9 RMSE(val)=40.911036
[GA][Iter4] Gen:14 Ind:10 RMSE(val)=40.911036
[GA][Iter4] Gen:14 Ind:11 RMSE(val)=41.293606
[GA][Iter4] Gen:14 Ind:12 RMSE(val)=41.301423
[GA][Iter4] Gen:14 Ind:13 RMSE(val)=41.280349
[GA][Iter4] Gen:14 Ind:14 RMSE(val)=40.897441
[GA][Iter4] Gen:14 Ind:15 RMSE(val)=41.048259
[GA][Iter4] Gen:14 Ind:16 RMSE(val)=41.255811
[GA][Iter4] Gen:14 Ind:17 RMSE(val)=40.462360
[GA][Iter4] Gen:14 Ind:18 RMSE(val)=40.784727
[GA][Iter4] Gen:14 Ind:19 RMSE(val)=41.137888
[GA][Iter4] Gen:14 Ind:20 RMSE(val)=41.739001
[GA][Iter4] gen=14 best_val_rmse=40.462360
[GA][Iter4] Gen:15 Ind:1 RMSE(val)=40.462360
[GA][Iter4] Gen:15 Ind:2 RMSE(val)=40.654045
[GA][Iter4] Gen:15 Ind:3 RMSE(val)=40.688125
[GA][Iter4] Gen:15 Ind:4 RMSE(val)=40.688125
[GA][Iter4] Gen:15 Ind:5 RMSE(val)=40.709307
[GA][Iter4] Gen:15 Ind:6 RMSE(val)=40.730605
[GA][Iter4] Gen:15 Ind:7 RMSE(val)=40.784727
[GA][Iter4] Gen:15 Ind:8 RMSE(val)=40.837015
[GA][Iter4] Gen:15 Ind:9 RMSE(val)=40.837015
[GA][Iter4] Gen:15 Ind:10 RMSE(val)=40.897397
[GA][Iter4] Gen:15 Ind:11 RMSE(val)=40.782416
[GA][Iter4] Gen:15 Ind:12 RMSE(val)=41.352266
[GA][Iter4] Gen:15 Ind:13 RMSE(val)=40.976998
[GA][Iter4] Gen:15 Ind:14 RMSE(val)=40.665438
[GA][Iter4] Gen:15 Ind:15 RMSE(val)=40.939900
[GA][Iter4] Gen:15 Ind:16 RMSE(val)=40.709307
[GA][Iter4] Gen:15 Ind:17 RMSE(val)=40.722292
[GA][Iter4] Gen:15 Ind:18 RMSE(val)=40.784727
[GA][Iter4] Gen:15 Ind:19 RMSE(val)=41.574423
[GA][Iter4] Gen:15 Ind:20 RMSE(val)=40.709307
[GA][Iter4] gen=15 best_val_rmse=40.462360
[GA][Iter4] Gen:15 Ind:1 RMSE(val)=40.462360
[GA][Iter4] Gen:15 Ind:2 RMSE(val)=40.654045
[GA][Iter4] Gen:15 Ind:3 RMSE(val)=40.665438
[GA][Iter4] Gen:15 Ind:4 RMSE(val)=40.688125
[GA][Iter4] Gen:15 Ind:5 RMSE(val)=40.688125
[GA][Iter4] Gen:15 Ind:6 RMSE(val)=40.709307
[GA][Iter4] Gen:15 Ind:7 RMSE(val)=40.709307
[GA][Iter4] Gen:15 Ind:8 RMSE(val)=40.709307
[GA][Iter4] Gen:15 Ind:9 RMSE(val)=40.722292
[GA][Iter4] Gen:15 Ind:10 RMSE(val)=40.730605
[GA][Iter4] Gen:15 Ind:11 RMSE(val)=40.779481
[GA][Iter4] Gen:15 Ind:12 RMSE(val)=40.698375
[GA][Iter4] Gen:15 Ind:13 RMSE(val)=41.020403
[GA][Iter4] Gen:15 Ind:14 RMSE(val)=40.498809
[GA][Iter4] Gen:15 Ind:15 RMSE(val)=40.709307
[GA][Iter4] Gen:15 Ind:16 RMSE(val)=40.652178
[GA][Iter4] Gen:15 Ind:17 RMSE(val)=40.580374
[GA][Iter4] Gen:15 Ind:18 RMSE(val)=40.736638
[GA][Iter4] Gen:15 Ind:19 RMSE(val)=40.912880
[GA][Iter4] Gen:15 Ind:20 RMSE(val)=40.462360

[GA DONE][Iter4] Best params on val fold of Iter4
Best val RMSE: 40.462360
Best params: {'n_estimators': 1979, 'learning_rate': 0.03844946062904683, 'max_depth': 6, 'min_child_weight': 0.7375671877884691, 'subsample': 0.5336572584210757, 'colsample_bytree': 0.9941285515775249, 'reg_lambda': 14.196936787893716, 'reg_alpha': 0.012788509827131464, 'gamma': 0.039372199725624224}
--------------------------------------------------------------------------------
[RETUNE GA] Iter4: train folds 1..8 -> test fold 9  RMSE=52.094980  NRMSE=1.013251  CVRMSE=0.155550  R2=-0.046049
[GA][Iter5] Gen:1 Ind:1 RMSE(val)=54.231200
[GA][Iter5] Gen:1 Ind:2 RMSE(val)=52.257649
[GA][Iter5] Gen:1 Ind:3 RMSE(val)=56.511655
[GA][Iter5] Gen:1 Ind:4 RMSE(val)=56.573398
[GA][Iter5] Gen:1 Ind:5 RMSE(val)=56.621868
[GA][Iter5] Gen:1 Ind:6 RMSE(val)=55.078423
[GA][Iter5] Gen:1 Ind:7 RMSE(val)=56.567397
[GA][Iter5] Gen:1 Ind:8 RMSE(val)=52.904904
[GA][Iter5] Gen:1 Ind:9 RMSE(val)=52.029272
[GA][Iter5] Gen:1 Ind:10 RMSE(val)=52.367980
[GA][Iter5] Gen:1 Ind:11 RMSE(val)=56.523359
[GA][Iter5] Gen:1 Ind:12 RMSE(val)=52.102850
[GA][Iter5] Gen:1 Ind:13 RMSE(val)=56.544809
[GA][Iter5] Gen:1 Ind:14 RMSE(val)=53.922411
[GA][Iter5] Gen:1 Ind:15 RMSE(val)=52.094738
[GA][Iter5] Gen:1 Ind:16 RMSE(val)=56.555455
[GA][Iter5] Gen:1 Ind:17 RMSE(val)=51.962703
[GA][Iter5] Gen:1 Ind:18 RMSE(val)=53.353510
[GA][Iter5] Gen:1 Ind:19 RMSE(val)=55.140316
[GA][Iter5] Gen:1 Ind:20 RMSE(val)=55.249399
[GA][Iter5] gen=1 best_val_rmse=51.962703
[GA][Iter5] Gen:2 Ind:1 RMSE(val)=51.962703
[GA][Iter5] Gen:2 Ind:2 RMSE(val)=52.029272
[GA][Iter5] Gen:2 Ind:3 RMSE(val)=52.094738
[GA][Iter5] Gen:2 Ind:4 RMSE(val)=52.102850
[GA][Iter5] Gen:2 Ind:5 RMSE(val)=52.257649
[GA][Iter5] Gen:2 Ind:6 RMSE(val)=52.367980
[GA][Iter5] Gen:2 Ind:7 RMSE(val)=52.904904
[GA][Iter5] Gen:2 Ind:8 RMSE(val)=53.353510
[GA][Iter5] Gen:2 Ind:9 RMSE(val)=53.922411
[GA][Iter5] Gen:2 Ind:10 RMSE(val)=54.231200
[GA][Iter5] Gen:2 Ind:11 RMSE(val)=52.942171
[GA][Iter5] Gen:2 Ind:12 RMSE(val)=52.256846
[GA][Iter5] Gen:2 Ind:13 RMSE(val)=52.479601
[GA][Iter5] Gen:2 Ind:14 RMSE(val)=52.289609
[GA][Iter5] Gen:2 Ind:15 RMSE(val)=52.854262
[GA][Iter5] Gen:2 Ind:16 RMSE(val)=53.201001
[GA][Iter5] Gen:2 Ind:17 RMSE(val)=51.941176
[GA][Iter5] Gen:2 Ind:18 RMSE(val)=53.239245
[GA][Iter5] Gen:2 Ind:19 RMSE(val)=51.945005
[GA][Iter5] Gen:2 Ind:20 RMSE(val)=53.196418
[GA][Iter5] gen=2 best_val_rmse=51.941176
[GA][Iter5] Gen:3 Ind:1 RMSE(val)=51.941176
[GA][Iter5] Gen:3 Ind:2 RMSE(val)=51.945005
[GA][Iter5] Gen:3 Ind:3 RMSE(val)=51.962703
[GA][Iter5] Gen:3 Ind:4 RMSE(val)=52.029272
[GA][Iter5] Gen:3 Ind:5 RMSE(val)=52.094738
[GA][Iter5] Gen:3 Ind:6 RMSE(val)=52.102850
[GA][Iter5] Gen:3 Ind:7 RMSE(val)=52.256846
[GA][Iter5] Gen:3 Ind:8 RMSE(val)=52.257649
[GA][Iter5] Gen:3 Ind:9 RMSE(val)=52.289609
[GA][Iter5] Gen:3 Ind:10 RMSE(val)=52.367980
[GA][Iter5] Gen:3 Ind:11 RMSE(val)=51.545581
[GA][Iter5] Gen:3 Ind:12 RMSE(val)=51.892813
[GA][Iter5] Gen:3 Ind:13 RMSE(val)=52.288665
[GA][Iter5] Gen:3 Ind:14 RMSE(val)=52.155718
[GA][Iter5] Gen:3 Ind:15 RMSE(val)=52.025687
[GA][Iter5] Gen:3 Ind:16 RMSE(val)=51.505892
[GA][Iter5] Gen:3 Ind:17 RMSE(val)=52.186596
[GA][Iter5] Gen:3 Ind:18 RMSE(val)=52.271415
[GA][Iter5] Gen:3 Ind:19 RMSE(val)=52.038736
[GA][Iter5] Gen:3 Ind:20 RMSE(val)=51.770277
[GA][Iter5] gen=3 best_val_rmse=51.505892
[GA][Iter5] Gen:4 Ind:1 RMSE(val)=51.505892
[GA][Iter5] Gen:4 Ind:2 RMSE(val)=51.545581
[GA][Iter5] Gen:4 Ind:3 RMSE(val)=51.770277
[GA][Iter5] Gen:4 Ind:4 RMSE(val)=51.892813
[GA][Iter5] Gen:4 Ind:5 RMSE(val)=51.941176
[GA][Iter5] Gen:4 Ind:6 RMSE(val)=51.945005
[GA][Iter5] Gen:4 Ind:7 RMSE(val)=51.962703
[GA][Iter5] Gen:4 Ind:8 RMSE(val)=52.025687
[GA][Iter5] Gen:4 Ind:9 RMSE(val)=52.029272
[GA][Iter5] Gen:4 Ind:10 RMSE(val)=52.038736
[GA][Iter5] Gen:4 Ind:11 RMSE(val)=52.025687
[GA][Iter5] Gen:4 Ind:12 RMSE(val)=51.791194
[GA][Iter5] Gen:4 Ind:13 RMSE(val)=52.350015
[GA][Iter5] Gen:4 Ind:14 RMSE(val)=51.794386
[GA][Iter5] Gen:4 Ind:15 RMSE(val)=52.410100
[GA][Iter5] Gen:4 Ind:16 RMSE(val)=52.111189
[GA][Iter5] Gen:4 Ind:17 RMSE(val)=51.885086
[GA][Iter5] Gen:4 Ind:18 RMSE(val)=51.889945
[GA][Iter5] Gen:4 Ind:19 RMSE(val)=52.034852
[GA][Iter5] Gen:4 Ind:20 RMSE(val)=52.159913
[GA][Iter5] gen=4 best_val_rmse=51.505892
[GA][Iter5] Gen:5 Ind:1 RMSE(val)=51.505892
[GA][Iter5] Gen:5 Ind:2 RMSE(val)=51.545581
[GA][Iter5] Gen:5 Ind:3 RMSE(val)=51.770277
[GA][Iter5] Gen:5 Ind:4 RMSE(val)=51.791194
[GA][Iter5] Gen:5 Ind:5 RMSE(val)=51.794386
[GA][Iter5] Gen:5 Ind:6 RMSE(val)=51.885086
[GA][Iter5] Gen:5 Ind:7 RMSE(val)=51.889945
[GA][Iter5] Gen:5 Ind:8 RMSE(val)=51.892813
[GA][Iter5] Gen:5 Ind:9 RMSE(val)=51.941176
[GA][Iter5] Gen:5 Ind:10 RMSE(val)=51.945005
[GA][Iter5] Gen:5 Ind:11 RMSE(val)=51.879862
[GA][Iter5] Gen:5 Ind:12 RMSE(val)=52.172481
[GA][Iter5] Gen:5 Ind:13 RMSE(val)=52.158681
[GA][Iter5] Gen:5 Ind:14 RMSE(val)=51.769786
[GA][Iter5] Gen:5 Ind:15 RMSE(val)=51.956160
[GA][Iter5] Gen:5 Ind:16 RMSE(val)=51.892469
[GA][Iter5] Gen:5 Ind:17 RMSE(val)=51.673470
[GA][Iter5] Gen:5 Ind:18 RMSE(val)=51.900171
[GA][Iter5] Gen:5 Ind:19 RMSE(val)=51.848667
[GA][Iter5] Gen:5 Ind:20 RMSE(val)=51.496640
[GA][Iter5] gen=5 best_val_rmse=51.496640
[GA][Iter5] Gen:6 Ind:1 RMSE(val)=51.496640
[GA][Iter5] Gen:6 Ind:2 RMSE(val)=51.505892
[GA][Iter5] Gen:6 Ind:3 RMSE(val)=51.545581
[GA][Iter5] Gen:6 Ind:4 RMSE(val)=51.673470
[GA][Iter5] Gen:6 Ind:5 RMSE(val)=51.769786
[GA][Iter5] Gen:6 Ind:6 RMSE(val)=51.770277
[GA][Iter5] Gen:6 Ind:7 RMSE(val)=51.791194
[GA][Iter5] Gen:6 Ind:8 RMSE(val)=51.794386
[GA][Iter5] Gen:6 Ind:9 RMSE(val)=51.848667
[GA][Iter5] Gen:6 Ind:10 RMSE(val)=51.879862
[GA][Iter5] Gen:6 Ind:11 RMSE(val)=52.146517
[GA][Iter5] Gen:6 Ind:12 RMSE(val)=52.525810
[GA][Iter5] Gen:6 Ind:13 RMSE(val)=51.693102
[GA][Iter5] Gen:6 Ind:14 RMSE(val)=51.931846
[GA][Iter5] Gen:6 Ind:15 RMSE(val)=52.072521
[GA][Iter5] Gen:6 Ind:16 RMSE(val)=51.833015
[GA][Iter5] Gen:6 Ind:17 RMSE(val)=51.925856
[GA][Iter5] Gen:6 Ind:18 RMSE(val)=52.083662
[GA][Iter5] Gen:6 Ind:19 RMSE(val)=51.848667
[GA][Iter5] Gen:6 Ind:20 RMSE(val)=51.517360
[GA][Iter5] gen=6 best_val_rmse=51.496640
[GA][Iter5] Gen:7 Ind:1 RMSE(val)=51.496640
[GA][Iter5] Gen:7 Ind:2 RMSE(val)=51.505892
[GA][Iter5] Gen:7 Ind:3 RMSE(val)=51.517360
[GA][Iter5] Gen:7 Ind:4 RMSE(val)=51.545581
[GA][Iter5] Gen:7 Ind:5 RMSE(val)=51.673470
[GA][Iter5] Gen:7 Ind:6 RMSE(val)=51.693102
[GA][Iter5] Gen:7 Ind:7 RMSE(val)=51.769786
[GA][Iter5] Gen:7 Ind:8 RMSE(val)=51.770277
[GA][Iter5] Gen:7 Ind:9 RMSE(val)=51.791194
[GA][Iter5] Gen:7 Ind:10 RMSE(val)=51.794386
[GA][Iter5] Gen:7 Ind:11 RMSE(val)=51.817104
[GA][Iter5] Gen:7 Ind:12 RMSE(val)=51.963557
[GA][Iter5] Gen:7 Ind:13 RMSE(val)=51.841914
[GA][Iter5] Gen:7 Ind:14 RMSE(val)=51.847567
[GA][Iter5] Gen:7 Ind:15 RMSE(val)=51.656913
[GA][Iter5] Gen:7 Ind:16 RMSE(val)=51.638182
[GA][Iter5] Gen:7 Ind:17 RMSE(val)=51.680111
[GA][Iter5] Gen:7 Ind:18 RMSE(val)=51.839333
[GA][Iter5] Gen:7 Ind:19 RMSE(val)=52.062414
[GA][Iter5] Gen:7 Ind:20 RMSE(val)=52.033737
[GA][Iter5] gen=7 best_val_rmse=51.496640
[GA][Iter5] Gen:8 Ind:1 RMSE(val)=51.496640
[GA][Iter5] Gen:8 Ind:2 RMSE(val)=51.505892
[GA][Iter5] Gen:8 Ind:3 RMSE(val)=51.517360
[GA][Iter5] Gen:8 Ind:4 RMSE(val)=51.545581
[GA][Iter5] Gen:8 Ind:5 RMSE(val)=51.638182
[GA][Iter5] Gen:8 Ind:6 RMSE(val)=51.656913
[GA][Iter5] Gen:8 Ind:7 RMSE(val)=51.673470
[GA][Iter5] Gen:8 Ind:8 RMSE(val)=51.680111
[GA][Iter5] Gen:8 Ind:9 RMSE(val)=51.693102
[GA][Iter5] Gen:8 Ind:10 RMSE(val)=51.769786
[GA][Iter5] Gen:8 Ind:11 RMSE(val)=51.802755
[GA][Iter5] Gen:8 Ind:12 RMSE(val)=51.639162
[GA][Iter5] Gen:8 Ind:13 RMSE(val)=51.657067
[GA][Iter5] Gen:8 Ind:14 RMSE(val)=51.709130
[GA][Iter5] Gen:8 Ind:15 RMSE(val)=52.461020
[GA][Iter5] Gen:8 Ind:16 RMSE(val)=51.505892
[GA][Iter5] Gen:8 Ind:17 RMSE(val)=52.069130
[GA][Iter5] Gen:8 Ind:18 RMSE(val)=51.616261
[GA][Iter5] Gen:8 Ind:19 RMSE(val)=52.368798
[GA][Iter5] Gen:8 Ind:20 RMSE(val)=52.198788
[GA][Iter5] gen=8 best_val_rmse=51.496640
[GA][Iter5] Gen:9 Ind:1 RMSE(val)=51.496640
[GA][Iter5] Gen:9 Ind:2 RMSE(val)=51.505892
[GA][Iter5] Gen:9 Ind:3 RMSE(val)=51.505892
[GA][Iter5] Gen:9 Ind:4 RMSE(val)=51.517360
[GA][Iter5] Gen:9 Ind:5 RMSE(val)=51.545581
[GA][Iter5] Gen:9 Ind:6 RMSE(val)=51.616261
[GA][Iter5] Gen:9 Ind:7 RMSE(val)=51.638182
[GA][Iter5] Gen:9 Ind:8 RMSE(val)=51.639162
[GA][Iter5] Gen:9 Ind:9 RMSE(val)=51.656913
[GA][Iter5] Gen:9 Ind:10 RMSE(val)=51.657067
[GA][Iter5] Gen:9 Ind:11 RMSE(val)=51.944145
[GA][Iter5] Gen:9 Ind:12 RMSE(val)=51.463925
[GA][Iter5] Gen:9 Ind:13 RMSE(val)=52.103635
[GA][Iter5] Gen:9 Ind:14 RMSE(val)=51.886429
[GA][Iter5] Gen:9 Ind:15 RMSE(val)=51.926092
[GA][Iter5] Gen:9 Ind:16 RMSE(val)=51.870776
[GA][Iter5] Gen:9 Ind:17 RMSE(val)=52.002883
[GA][Iter5] Gen:9 Ind:18 RMSE(val)=51.780475
[GA][Iter5] Gen:9 Ind:19 RMSE(val)=51.531464
[GA][Iter5] Gen:9 Ind:20 RMSE(val)=51.776889
[GA][Iter5] gen=9 best_val_rmse=51.463925
[GA][Iter5] Gen:10 Ind:1 RMSE(val)=51.463925
[GA][Iter5] Gen:10 Ind:2 RMSE(val)=51.496640
[GA][Iter5] Gen:10 Ind:3 RMSE(val)=51.505892
[GA][Iter5] Gen:10 Ind:4 RMSE(val)=51.505892
[GA][Iter5] Gen:10 Ind:5 RMSE(val)=51.517360
[GA][Iter5] Gen:10 Ind:6 RMSE(val)=51.531464
[GA][Iter5] Gen:10 Ind:7 RMSE(val)=51.545581
[GA][Iter5] Gen:10 Ind:8 RMSE(val)=51.616261
[GA][Iter5] Gen:10 Ind:9 RMSE(val)=51.638182
[GA][Iter5] Gen:10 Ind:10 RMSE(val)=51.639162
[GA][Iter5] Gen:10 Ind:11 RMSE(val)=52.069886
[GA][Iter5] Gen:10 Ind:12 RMSE(val)=51.610681
[GA][Iter5] Gen:10 Ind:13 RMSE(val)=51.851024
[GA][Iter5] Gen:10 Ind:14 RMSE(val)=51.616995
[GA][Iter5] Gen:10 Ind:15 RMSE(val)=51.505892
[GA][Iter5] Gen:10 Ind:16 RMSE(val)=51.616995
[GA][Iter5] Gen:10 Ind:17 RMSE(val)=51.679588
[GA][Iter5] Gen:10 Ind:18 RMSE(val)=51.726144
[GA][Iter5] Gen:10 Ind:19 RMSE(val)=51.547521
[GA][Iter5] Gen:10 Ind:20 RMSE(val)=51.531464
[GA][Iter5] gen=10 best_val_rmse=51.463925
[GA][Iter5] Gen:11 Ind:1 RMSE(val)=51.463925
[GA][Iter5] Gen:11 Ind:2 RMSE(val)=51.496640
[GA][Iter5] Gen:11 Ind:3 RMSE(val)=51.505892
[GA][Iter5] Gen:11 Ind:4 RMSE(val)=51.505892
[GA][Iter5] Gen:11 Ind:5 RMSE(val)=51.505892
[GA][Iter5] Gen:11 Ind:6 RMSE(val)=51.517360
[GA][Iter5] Gen:11 Ind:7 RMSE(val)=51.531464
[GA][Iter5] Gen:11 Ind:8 RMSE(val)=51.531464
[GA][Iter5] Gen:11 Ind:9 RMSE(val)=51.545581
[GA][Iter5] Gen:11 Ind:10 RMSE(val)=51.547521
[GA][Iter5] Gen:11 Ind:11 RMSE(val)=51.484877
[GA][Iter5] Gen:11 Ind:12 RMSE(val)=51.544087
[GA][Iter5] Gen:11 Ind:13 RMSE(val)=51.800463
[GA][Iter5] Gen:11 Ind:14 RMSE(val)=51.547521
[GA][Iter5] Gen:11 Ind:15 RMSE(val)=51.366300
[GA][Iter5] Gen:11 Ind:16 RMSE(val)=51.788600
[GA][Iter5] Gen:11 Ind:17 RMSE(val)=51.616635
[GA][Iter5] Gen:11 Ind:18 RMSE(val)=52.336096
[GA][Iter5] Gen:11 Ind:19 RMSE(val)=52.323526
[GA][Iter5] Gen:11 Ind:20 RMSE(val)=51.541691
[GA][Iter5] gen=11 best_val_rmse=51.366300
[GA][Iter5] Gen:12 Ind:1 RMSE(val)=51.366300
[GA][Iter5] Gen:12 Ind:2 RMSE(val)=51.463925
[GA][Iter5] Gen:12 Ind:3 RMSE(val)=51.484877
[GA][Iter5] Gen:12 Ind:4 RMSE(val)=51.496640
[GA][Iter5] Gen:12 Ind:5 RMSE(val)=51.505892
[GA][Iter5] Gen:12 Ind:6 RMSE(val)=51.505892
[GA][Iter5] Gen:12 Ind:7 RMSE(val)=51.505892
[GA][Iter5] Gen:12 Ind:8 RMSE(val)=51.517360
[GA][Iter5] Gen:12 Ind:9 RMSE(val)=51.531464
[GA][Iter5] Gen:12 Ind:10 RMSE(val)=51.531464
[GA][Iter5] Gen:12 Ind:11 RMSE(val)=51.920779
[GA][Iter5] Gen:12 Ind:12 RMSE(val)=51.765642
[GA][Iter5] Gen:12 Ind:13 RMSE(val)=51.484877
[GA][Iter5] Gen:12 Ind:14 RMSE(val)=51.798307
[GA][Iter5] Gen:12 Ind:15 RMSE(val)=51.544368
[GA][Iter5] Gen:12 Ind:16 RMSE(val)=51.505441
[GA][Iter5] Gen:12 Ind:17 RMSE(val)=51.737878
[GA][Iter5] Gen:12 Ind:18 RMSE(val)=51.347991
[GA][Iter5] Gen:12 Ind:19 RMSE(val)=51.544087
[GA][Iter5] Gen:12 Ind:20 RMSE(val)=51.783140
[GA][Iter5] gen=12 best_val_rmse=51.347991
[GA][Iter5] Gen:13 Ind:1 RMSE(val)=51.347991
[GA][Iter5] Gen:13 Ind:2 RMSE(val)=51.366300
[GA][Iter5] Gen:13 Ind:3 RMSE(val)=51.463925
[GA][Iter5] Gen:13 Ind:4 RMSE(val)=51.484877
[GA][Iter5] Gen:13 Ind:5 RMSE(val)=51.484877
[GA][Iter5] Gen:13 Ind:6 RMSE(val)=51.496640
[GA][Iter5] Gen:13 Ind:7 RMSE(val)=51.505441
[GA][Iter5] Gen:13 Ind:8 RMSE(val)=51.505892
[GA][Iter5] Gen:13 Ind:9 RMSE(val)=51.505892
[GA][Iter5] Gen:13 Ind:10 RMSE(val)=51.505892
[GA][Iter5] Gen:13 Ind:11 RMSE(val)=51.547521
[GA][Iter5] Gen:13 Ind:12 RMSE(val)=51.347991
[GA][Iter5] Gen:13 Ind:13 RMSE(val)=51.506088
[GA][Iter5] Gen:13 Ind:14 RMSE(val)=51.546972
[GA][Iter5] Gen:13 Ind:15 RMSE(val)=51.410922
[GA][Iter5] Gen:13 Ind:16 RMSE(val)=51.506088
[GA][Iter5] Gen:13 Ind:17 RMSE(val)=51.366300
[GA][Iter5] Gen:13 Ind:18 RMSE(val)=51.971096
[GA][Iter5] Gen:13 Ind:19 RMSE(val)=51.496640
[GA][Iter5] Gen:13 Ind:20 RMSE(val)=51.505441
[GA][Iter5] gen=13 best_val_rmse=51.347991
[GA][Iter5] Gen:14 Ind:1 RMSE(val)=51.347991
[GA][Iter5] Gen:14 Ind:2 RMSE(val)=51.347991
[GA][Iter5] Gen:14 Ind:3 RMSE(val)=51.366300
[GA][Iter5] Gen:14 Ind:4 RMSE(val)=51.366300
[GA][Iter5] Gen:14 Ind:5 RMSE(val)=51.410922
[GA][Iter5] Gen:14 Ind:6 RMSE(val)=51.463925
[GA][Iter5] Gen:14 Ind:7 RMSE(val)=51.484877
[GA][Iter5] Gen:14 Ind:8 RMSE(val)=51.484877
[GA][Iter5] Gen:14 Ind:9 RMSE(val)=51.496640
[GA][Iter5] Gen:14 Ind:10 RMSE(val)=51.496640
[GA][Iter5] Gen:14 Ind:11 RMSE(val)=51.686192
[GA][Iter5] Gen:14 Ind:12 RMSE(val)=51.174416
[GA][Iter5] Gen:14 Ind:13 RMSE(val)=51.494859
[GA][Iter5] Gen:14 Ind:14 RMSE(val)=51.662987
[GA][Iter5] Gen:14 Ind:15 RMSE(val)=51.591027
[GA][Iter5] Gen:14 Ind:16 RMSE(val)=51.817133
[GA][Iter5] Gen:14 Ind:17 RMSE(val)=51.417850
[GA][Iter5] Gen:14 Ind:18 RMSE(val)=51.366300
[GA][Iter5] Gen:14 Ind:19 RMSE(val)=51.764472
[GA][Iter5] Gen:14 Ind:20 RMSE(val)=51.746863
[GA][Iter5] gen=14 best_val_rmse=51.174416
[GA][Iter5] Gen:15 Ind:1 RMSE(val)=51.174416
[GA][Iter5] Gen:15 Ind:2 RMSE(val)=51.347991
[GA][Iter5] Gen:15 Ind:3 RMSE(val)=51.347991
[GA][Iter5] Gen:15 Ind:4 RMSE(val)=51.366300
[GA][Iter5] Gen:15 Ind:5 RMSE(val)=51.366300
[GA][Iter5] Gen:15 Ind:6 RMSE(val)=51.366300
[GA][Iter5] Gen:15 Ind:7 RMSE(val)=51.410922
[GA][Iter5] Gen:15 Ind:8 RMSE(val)=51.417850
[GA][Iter5] Gen:15 Ind:9 RMSE(val)=51.463925
[GA][Iter5] Gen:15 Ind:10 RMSE(val)=51.484877
[GA][Iter5] Gen:15 Ind:11 RMSE(val)=51.484877
[GA][Iter5] Gen:15 Ind:12 RMSE(val)=51.378776
[GA][Iter5] Gen:15 Ind:13 RMSE(val)=51.423337
[GA][Iter5] Gen:15 Ind:14 RMSE(val)=51.484877
[GA][Iter5] Gen:15 Ind:15 RMSE(val)=51.491981
[GA][Iter5] Gen:15 Ind:16 RMSE(val)=51.366300
[GA][Iter5] Gen:15 Ind:17 RMSE(val)=51.347991
[GA][Iter5] Gen:15 Ind:18 RMSE(val)=51.410922
[GA][Iter5] Gen:15 Ind:19 RMSE(val)=51.366300
[GA][Iter5] Gen:15 Ind:20 RMSE(val)=51.366300
[GA][Iter5] gen=15 best_val_rmse=51.174416
[GA][Iter5] Gen:15 Ind:1 RMSE(val)=51.174416
[GA][Iter5] Gen:15 Ind:2 RMSE(val)=51.347991
[GA][Iter5] Gen:15 Ind:3 RMSE(val)=51.347991
[GA][Iter5] Gen:15 Ind:4 RMSE(val)=51.347991
[GA][Iter5] Gen:15 Ind:5 RMSE(val)=51.366300
[GA][Iter5] Gen:15 Ind:6 RMSE(val)=51.366300
[GA][Iter5] Gen:15 Ind:7 RMSE(val)=51.366300
[GA][Iter5] Gen:15 Ind:8 RMSE(val)=51.366300
[GA][Iter5] Gen:15 Ind:9 RMSE(val)=51.366300
[GA][Iter5] Gen:15 Ind:10 RMSE(val)=51.366300
[GA][Iter5] Gen:15 Ind:11 RMSE(val)=51.366300
[GA][Iter5] Gen:15 Ind:12 RMSE(val)=51.565080
[GA][Iter5] Gen:15 Ind:13 RMSE(val)=51.366300
[GA][Iter5] Gen:15 Ind:14 RMSE(val)=51.347991
[GA][Iter5] Gen:15 Ind:15 RMSE(val)=52.044663
[GA][Iter5] Gen:15 Ind:16 RMSE(val)=51.303226
[GA][Iter5] Gen:15 Ind:17 RMSE(val)=51.347991
[GA][Iter5] Gen:15 Ind:18 RMSE(val)=51.885020
[GA][Iter5] Gen:15 Ind:19 RMSE(val)=51.353692
[GA][Iter5] Gen:15 Ind:20 RMSE(val)=51.236466

[GA DONE][Iter5] Best params on val fold of Iter5
Best val RMSE: 51.174416
Best params: {'n_estimators': 559, 'learning_rate': 0.07481187505307113, 'max_depth': 3, 'min_child_weight': 0.7375671877884691, 'subsample': 0.7257496970125942, 'colsample_bytree': 0.9941285515775249, 'reg_lambda': 17.309742472087134, 'reg_alpha': 0.02430822760913047, 'gamma': 0.017789464738877468}
--------------------------------------------------------------------------------
[RETUNE GA] Iter5: train folds 1..9 -> test fold 10  RMSE=55.515175  NRMSE=1.055699  CVRMSE=0.157399  R2=-0.135528
