=== BASELINE (project=orange, last-7 mean, expanding folds) ===
Iter1: train folds 1..5 -> test fold 6  RMSE=133.9628  NRMSE=1.0457  CVRMSE=0.1625  R˛=-0.0987
Iter2: train folds 1..6 -> test fold 7  RMSE=155.1727  NRMSE=1.0782  CVRMSE=0.1767  R˛=-0.1682
Iter3: train folds 1..7 -> test fold 8  RMSE=207.6010  NRMSE=1.0608  CVRMSE=0.2265  R˛=-0.1307
Iter4: train folds 1..8 -> test fold 9  RMSE=189.1541  NRMSE=1.0683  CVRMSE=0.2003  R˛=-0.1467
Iter5: train folds 1..9 -> test fold 10  RMSE=151.6303  NRMSE=1.0553  CVRMSE=0.1522  R˛=-0.1190
--------------------------------------------------
[FEATURES] initial=121 kept_after_screening=63
['branch', 'workflow_event_trigger', 'issuer_name', 'gh_files_added', 'gh_files_deleted', 'gh_lines_added', 'gh_test_churn', 'gh_doc_files', 'gh_other_files', 'gh_num_pr_comments', 'gh_test_lines_per_kloc', 'workflow_size', 'hour', 'dow', 'month', 'secs_since_prev', 'duration_lag_1', 'window_avg_7', 'window_std_7', 'ft___css_', 'ft___html_', 'ft___js_', 'ft___kt_', 'ft___kt__', 'ft___kts_', 'ft___kts__', 'ft___kt____dup1', 'ft___md___', 'ft___mustache_', 'ft___png__', 'ft___png____dup1', 'ft___png___', 'ft___properties_', 'ft___properties__', 'ft___toml_', 'ft___toml__', 'ft___txt_', 'ft___txt__', 'ft___webp_', 'ft___xml_', 'ft___xml__', 'ft___yml__', 'ft___yml____dup1', 'ft____json_', 'ft____json__', 'ft____kt_', 'ft____kt__', 'ft____kts_', 'ft____kts__', 'ft____kt____dup1', 'ft____md_', 'ft____md__', 'ft____png__', 'ft____properties__', 'ft____toml_', 'ft____toml__', 'ft____ttf_', 'ft____txt_', 'ft____txt__', 'ft____xml_', 'ft____xml__', 'ft____yml__', 'ft___']
--------------------------------------------------------------------------------
[GA][Iter1] Gen:1 Ind:1 RMSE(val)=6180.268770
[GA][Iter1] Gen:1 Ind:2 RMSE(val)=6178.482555
[GA][Iter1] Gen:1 Ind:3 RMSE(val)=6180.143502
[GA][Iter1] Gen:1 Ind:4 RMSE(val)=6181.650766
[GA][Iter1] Gen:1 Ind:5 RMSE(val)=6186.352872
[GA][Iter1] Gen:1 Ind:6 RMSE(val)=6178.948072
[GA][Iter1] Gen:1 Ind:7 RMSE(val)=6181.768016
[GA][Iter1] Gen:1 Ind:8 RMSE(val)=6177.136931
[GA][Iter1] Gen:1 Ind:9 RMSE(val)=6176.396075
[GA][Iter1] Gen:1 Ind:10 RMSE(val)=6179.179243
[GA][Iter1] Gen:1 Ind:11 RMSE(val)=6181.622682
[GA][Iter1] Gen:1 Ind:12 RMSE(val)=6177.311185
[GA][Iter1] Gen:1 Ind:13 RMSE(val)=6191.896971
[GA][Iter1] Gen:1 Ind:14 RMSE(val)=6178.705969
[GA][Iter1] Gen:1 Ind:15 RMSE(val)=6176.427150
[GA][Iter1] Gen:1 Ind:16 RMSE(val)=6181.464983
[GA][Iter1] Gen:1 Ind:17 RMSE(val)=6176.779324
[GA][Iter1] Gen:1 Ind:18 RMSE(val)=6183.243778
[GA][Iter1] Gen:1 Ind:19 RMSE(val)=6179.114730
[GA][Iter1] Gen:1 Ind:20 RMSE(val)=6179.653095
[GA][Iter1] gen=1 best_val_rmse=6176.396075
[GA][Iter1] Gen:2 Ind:1 RMSE(val)=6176.396075
[GA][Iter1] Gen:2 Ind:2 RMSE(val)=6176.427150
[GA][Iter1] Gen:2 Ind:3 RMSE(val)=6176.779324
[GA][Iter1] Gen:2 Ind:4 RMSE(val)=6177.136931
[GA][Iter1] Gen:2 Ind:5 RMSE(val)=6177.311185
[GA][Iter1] Gen:2 Ind:6 RMSE(val)=6178.482555
[GA][Iter1] Gen:2 Ind:7 RMSE(val)=6178.705969
[GA][Iter1] Gen:2 Ind:8 RMSE(val)=6178.948072
[GA][Iter1] Gen:2 Ind:9 RMSE(val)=6179.114730
[GA][Iter1] Gen:2 Ind:10 RMSE(val)=6179.179243
[GA][Iter1] Gen:2 Ind:11 RMSE(val)=6178.463360
[GA][Iter1] Gen:2 Ind:12 RMSE(val)=6176.875211
[GA][Iter1] Gen:2 Ind:13 RMSE(val)=6177.193362
[GA][Iter1] Gen:2 Ind:14 RMSE(val)=6176.287840
[GA][Iter1] Gen:2 Ind:15 RMSE(val)=6178.981653
[GA][Iter1] Gen:2 Ind:16 RMSE(val)=6179.485154
[GA][Iter1] Gen:2 Ind:17 RMSE(val)=6176.867008
[GA][Iter1] Gen:2 Ind:18 RMSE(val)=6179.355206
[GA][Iter1] Gen:2 Ind:19 RMSE(val)=6177.093184
[GA][Iter1] Gen:2 Ind:20 RMSE(val)=6179.020209
[GA][Iter1] gen=2 best_val_rmse=6176.287840
[GA][Iter1] Gen:3 Ind:1 RMSE(val)=6176.287840
[GA][Iter1] Gen:3 Ind:2 RMSE(val)=6176.396075
[GA][Iter1] Gen:3 Ind:3 RMSE(val)=6176.427150
[GA][Iter1] Gen:3 Ind:4 RMSE(val)=6176.779324
[GA][Iter1] Gen:3 Ind:5 RMSE(val)=6176.867008
[GA][Iter1] Gen:3 Ind:6 RMSE(val)=6176.875211
[GA][Iter1] Gen:3 Ind:7 RMSE(val)=6177.093184
[GA][Iter1] Gen:3 Ind:8 RMSE(val)=6177.136931
[GA][Iter1] Gen:3 Ind:9 RMSE(val)=6177.193362
[GA][Iter1] Gen:3 Ind:10 RMSE(val)=6177.311185
[GA][Iter1] Gen:3 Ind:11 RMSE(val)=6176.803028
[GA][Iter1] Gen:3 Ind:12 RMSE(val)=6176.312532
[GA][Iter1] Gen:3 Ind:13 RMSE(val)=6176.002416
[GA][Iter1] Gen:3 Ind:14 RMSE(val)=6176.690128
[GA][Iter1] Gen:3 Ind:15 RMSE(val)=6177.126013
[GA][Iter1] Gen:3 Ind:16 RMSE(val)=6176.917972
[GA][Iter1] Gen:3 Ind:17 RMSE(val)=6177.897502
[GA][Iter1] Gen:3 Ind:18 RMSE(val)=6180.889913
[GA][Iter1] Gen:3 Ind:19 RMSE(val)=6177.349146
[GA][Iter1] Gen:3 Ind:20 RMSE(val)=6176.967021
[GA][Iter1] gen=3 best_val_rmse=6176.002416
[GA][Iter1] Gen:4 Ind:1 RMSE(val)=6176.002416
[GA][Iter1] Gen:4 Ind:2 RMSE(val)=6176.287840
[GA][Iter1] Gen:4 Ind:3 RMSE(val)=6176.312532
[GA][Iter1] Gen:4 Ind:4 RMSE(val)=6176.396075
[GA][Iter1] Gen:4 Ind:5 RMSE(val)=6176.427150
[GA][Iter1] Gen:4 Ind:6 RMSE(val)=6176.690128
[GA][Iter1] Gen:4 Ind:7 RMSE(val)=6176.779324
[GA][Iter1] Gen:4 Ind:8 RMSE(val)=6176.803028
[GA][Iter1] Gen:4 Ind:9 RMSE(val)=6176.867008
[GA][Iter1] Gen:4 Ind:10 RMSE(val)=6176.875211
[GA][Iter1] Gen:4 Ind:11 RMSE(val)=6176.819161
[GA][Iter1] Gen:4 Ind:12 RMSE(val)=6176.414823
[GA][Iter1] Gen:4 Ind:13 RMSE(val)=6176.884265
[GA][Iter1] Gen:4 Ind:14 RMSE(val)=6176.976743
[GA][Iter1] Gen:4 Ind:15 RMSE(val)=6177.045524
[GA][Iter1] Gen:4 Ind:16 RMSE(val)=6176.855398
[GA][Iter1] Gen:4 Ind:17 RMSE(val)=6176.779516
[GA][Iter1] Gen:4 Ind:18 RMSE(val)=6176.804928
[GA][Iter1] Gen:4 Ind:19 RMSE(val)=6176.697372
[GA][Iter1] Gen:4 Ind:20 RMSE(val)=6176.905491
[GA][Iter1] gen=4 best_val_rmse=6176.002416
[GA][Iter1] Gen:5 Ind:1 RMSE(val)=6176.002416
[GA][Iter1] Gen:5 Ind:2 RMSE(val)=6176.287840
[GA][Iter1] Gen:5 Ind:3 RMSE(val)=6176.312532
[GA][Iter1] Gen:5 Ind:4 RMSE(val)=6176.396075
[GA][Iter1] Gen:5 Ind:5 RMSE(val)=6176.414823
[GA][Iter1] Gen:5 Ind:6 RMSE(val)=6176.427150
[GA][Iter1] Gen:5 Ind:7 RMSE(val)=6176.690128
[GA][Iter1] Gen:5 Ind:8 RMSE(val)=6176.697372
[GA][Iter1] Gen:5 Ind:9 RMSE(val)=6176.779324
[GA][Iter1] Gen:5 Ind:10 RMSE(val)=6176.779516
[GA][Iter1] Gen:5 Ind:11 RMSE(val)=6176.710514
[GA][Iter1] Gen:5 Ind:12 RMSE(val)=6176.650619
[GA][Iter1] Gen:5 Ind:13 RMSE(val)=6177.640085
[GA][Iter1] Gen:5 Ind:14 RMSE(val)=6176.656529
[GA][Iter1] Gen:5 Ind:15 RMSE(val)=6176.397962
[GA][Iter1] Gen:5 Ind:16 RMSE(val)=6177.039909
[GA][Iter1] Gen:5 Ind:17 RMSE(val)=6176.637813
[GA][Iter1] Gen:5 Ind:18 RMSE(val)=6176.784456
[GA][Iter1] Gen:5 Ind:19 RMSE(val)=6176.315560
[GA][Iter1] Gen:5 Ind:20 RMSE(val)=6175.469252
[GA][Iter1] gen=5 best_val_rmse=6175.469252
[GA][Iter1] Gen:6 Ind:1 RMSE(val)=6175.469252
[GA][Iter1] Gen:6 Ind:2 RMSE(val)=6176.002416
[GA][Iter1] Gen:6 Ind:3 RMSE(val)=6176.287840
[GA][Iter1] Gen:6 Ind:4 RMSE(val)=6176.312532
[GA][Iter1] Gen:6 Ind:5 RMSE(val)=6176.315560
[GA][Iter1] Gen:6 Ind:6 RMSE(val)=6176.396075
[GA][Iter1] Gen:6 Ind:7 RMSE(val)=6176.397962
[GA][Iter1] Gen:6 Ind:8 RMSE(val)=6176.414823
[GA][Iter1] Gen:6 Ind:9 RMSE(val)=6176.427150
[GA][Iter1] Gen:6 Ind:10 RMSE(val)=6176.637813
[GA][Iter1] Gen:6 Ind:11 RMSE(val)=6176.741201
[GA][Iter1] Gen:6 Ind:12 RMSE(val)=6176.630682
[GA][Iter1] Gen:6 Ind:13 RMSE(val)=6176.315560
[GA][Iter1] Gen:6 Ind:14 RMSE(val)=6176.964795
[GA][Iter1] Gen:6 Ind:15 RMSE(val)=6175.733439
[GA][Iter1] Gen:6 Ind:16 RMSE(val)=6176.414823
[GA][Iter1] Gen:6 Ind:17 RMSE(val)=6175.873241
[GA][Iter1] Gen:6 Ind:18 RMSE(val)=6176.667488
[GA][Iter1] Gen:6 Ind:19 RMSE(val)=6176.771123
[GA][Iter1] Gen:6 Ind:20 RMSE(val)=6175.128422
[GA][Iter1] gen=6 best_val_rmse=6175.128422
[GA][Iter1] Gen:7 Ind:1 RMSE(val)=6175.128422
[GA][Iter1] Gen:7 Ind:2 RMSE(val)=6175.469252
[GA][Iter1] Gen:7 Ind:3 RMSE(val)=6175.733439
[GA][Iter1] Gen:7 Ind:4 RMSE(val)=6175.873241
[GA][Iter1] Gen:7 Ind:5 RMSE(val)=6176.002416
[GA][Iter1] Gen:7 Ind:6 RMSE(val)=6176.287840
[GA][Iter1] Gen:7 Ind:7 RMSE(val)=6176.312532
[GA][Iter1] Gen:7 Ind:8 RMSE(val)=6176.315560
[GA][Iter1] Gen:7 Ind:9 RMSE(val)=6176.315560
[GA][Iter1] Gen:7 Ind:10 RMSE(val)=6176.396075
[GA][Iter1] Gen:7 Ind:11 RMSE(val)=6176.445340
[GA][Iter1] Gen:7 Ind:12 RMSE(val)=6176.315560
[GA][Iter1] Gen:7 Ind:13 RMSE(val)=6176.256532
[GA][Iter1] Gen:7 Ind:14 RMSE(val)=6176.441814
[GA][Iter1] Gen:7 Ind:15 RMSE(val)=6175.897776
[GA][Iter1] Gen:7 Ind:16 RMSE(val)=6176.405185
[GA][Iter1] Gen:7 Ind:17 RMSE(val)=6176.678810
[GA][Iter1] Gen:7 Ind:18 RMSE(val)=6175.650448
[GA][Iter1] Gen:7 Ind:19 RMSE(val)=6175.917787
[GA][Iter1] Gen:7 Ind:20 RMSE(val)=6175.128914
[GA][Iter1] gen=7 best_val_rmse=6175.128422
[GA][Iter1] Gen:8 Ind:1 RMSE(val)=6175.128422
[GA][Iter1] Gen:8 Ind:2 RMSE(val)=6175.128914
[GA][Iter1] Gen:8 Ind:3 RMSE(val)=6175.469252
[GA][Iter1] Gen:8 Ind:4 RMSE(val)=6175.650448
[GA][Iter1] Gen:8 Ind:5 RMSE(val)=6175.733439
[GA][Iter1] Gen:8 Ind:6 RMSE(val)=6175.873241
[GA][Iter1] Gen:8 Ind:7 RMSE(val)=6175.897776
[GA][Iter1] Gen:8 Ind:8 RMSE(val)=6175.917787
[GA][Iter1] Gen:8 Ind:9 RMSE(val)=6176.002416
[GA][Iter1] Gen:8 Ind:10 RMSE(val)=6176.256532
[GA][Iter1] Gen:8 Ind:11 RMSE(val)=6175.421356
[GA][Iter1] Gen:8 Ind:12 RMSE(val)=6176.362833
[GA][Iter1] Gen:8 Ind:13 RMSE(val)=6174.810130
[GA][Iter1] Gen:8 Ind:14 RMSE(val)=6176.352977
[GA][Iter1] Gen:8 Ind:15 RMSE(val)=6175.888647
[GA][Iter1] Gen:8 Ind:16 RMSE(val)=6176.268472
[GA][Iter1] Gen:8 Ind:17 RMSE(val)=6176.599476
[GA][Iter1] Gen:8 Ind:18 RMSE(val)=6174.972679
[GA][Iter1] Gen:8 Ind:19 RMSE(val)=6175.292400
[GA][Iter1] Gen:8 Ind:20 RMSE(val)=6176.496543
[GA][Iter1] gen=8 best_val_rmse=6174.810130
[GA][Iter1] Gen:9 Ind:1 RMSE(val)=6174.810130
[GA][Iter1] Gen:9 Ind:2 RMSE(val)=6174.972679
[GA][Iter1] Gen:9 Ind:3 RMSE(val)=6175.128422
[GA][Iter1] Gen:9 Ind:4 RMSE(val)=6175.128914
[GA][Iter1] Gen:9 Ind:5 RMSE(val)=6175.292400
[GA][Iter1] Gen:9 Ind:6 RMSE(val)=6175.421356
[GA][Iter1] Gen:9 Ind:7 RMSE(val)=6175.469252
[GA][Iter1] Gen:9 Ind:8 RMSE(val)=6175.650448
[GA][Iter1] Gen:9 Ind:9 RMSE(val)=6175.733439
[GA][Iter1] Gen:9 Ind:10 RMSE(val)=6175.873241
[GA][Iter1] Gen:9 Ind:11 RMSE(val)=6175.684489
[GA][Iter1] Gen:9 Ind:12 RMSE(val)=6175.705587
[GA][Iter1] Gen:9 Ind:13 RMSE(val)=6176.080703
[GA][Iter1] Gen:9 Ind:14 RMSE(val)=6174.891606
[GA][Iter1] Gen:9 Ind:15 RMSE(val)=6176.234557
[GA][Iter1] Gen:9 Ind:16 RMSE(val)=6175.653957
[GA][Iter1] Gen:9 Ind:17 RMSE(val)=6175.450112
[GA][Iter1] Gen:9 Ind:18 RMSE(val)=6176.511071
[GA][Iter1] Gen:9 Ind:19 RMSE(val)=6175.498865
[GA][Iter1] Gen:9 Ind:20 RMSE(val)=6176.468994
[GA][Iter1] gen=9 best_val_rmse=6174.810130
[GA][Iter1] Gen:10 Ind:1 RMSE(val)=6174.810130
[GA][Iter1] Gen:10 Ind:2 RMSE(val)=6174.891606
[GA][Iter1] Gen:10 Ind:3 RMSE(val)=6174.972679
[GA][Iter1] Gen:10 Ind:4 RMSE(val)=6175.128422
[GA][Iter1] Gen:10 Ind:5 RMSE(val)=6175.128914
[GA][Iter1] Gen:10 Ind:6 RMSE(val)=6175.292400
[GA][Iter1] Gen:10 Ind:7 RMSE(val)=6175.421356
[GA][Iter1] Gen:10 Ind:8 RMSE(val)=6175.450112
[GA][Iter1] Gen:10 Ind:9 RMSE(val)=6175.469252
[GA][Iter1] Gen:10 Ind:10 RMSE(val)=6175.498865
[GA][Iter1] Gen:10 Ind:11 RMSE(val)=6175.596562
[GA][Iter1] Gen:10 Ind:12 RMSE(val)=6175.004706
[GA][Iter1] Gen:10 Ind:13 RMSE(val)=6175.406681
[GA][Iter1] Gen:10 Ind:14 RMSE(val)=6175.173971
[GA][Iter1] Gen:10 Ind:15 RMSE(val)=6174.487830
[GA][Iter1] Gen:10 Ind:16 RMSE(val)=6176.237553
[GA][Iter1] Gen:10 Ind:17 RMSE(val)=6175.216760
[GA][Iter1] Gen:10 Ind:18 RMSE(val)=6175.595179
[GA][Iter1] Gen:10 Ind:19 RMSE(val)=6174.891606
[GA][Iter1] Gen:10 Ind:20 RMSE(val)=6176.269392
[GA][Iter1] gen=10 best_val_rmse=6174.487830
[GA][Iter1] Gen:11 Ind:1 RMSE(val)=6174.487830
[GA][Iter1] Gen:11 Ind:2 RMSE(val)=6174.810130
[GA][Iter1] Gen:11 Ind:3 RMSE(val)=6174.891606
[GA][Iter1] Gen:11 Ind:4 RMSE(val)=6174.891606
[GA][Iter1] Gen:11 Ind:5 RMSE(val)=6174.972679
[GA][Iter1] Gen:11 Ind:6 RMSE(val)=6175.004706
[GA][Iter1] Gen:11 Ind:7 RMSE(val)=6175.128422
[GA][Iter1] Gen:11 Ind:8 RMSE(val)=6175.128914
[GA][Iter1] Gen:11 Ind:9 RMSE(val)=6175.173971
[GA][Iter1] Gen:11 Ind:10 RMSE(val)=6175.216760
[GA][Iter1] Gen:11 Ind:11 RMSE(val)=6174.848174
[GA][Iter1] Gen:11 Ind:12 RMSE(val)=6174.800835
[GA][Iter1] Gen:11 Ind:13 RMSE(val)=6176.091067
[GA][Iter1] Gen:11 Ind:14 RMSE(val)=6174.996738
[GA][Iter1] Gen:11 Ind:15 RMSE(val)=6175.075452
[GA][Iter1] Gen:11 Ind:16 RMSE(val)=6175.538577
[GA][Iter1] Gen:11 Ind:17 RMSE(val)=6175.426411
[GA][Iter1] Gen:11 Ind:18 RMSE(val)=6175.209824
[GA][Iter1] Gen:11 Ind:19 RMSE(val)=6175.304477
[GA][Iter1] Gen:11 Ind:20 RMSE(val)=6175.109283
[GA][Iter1] gen=11 best_val_rmse=6174.487830
[GA][Iter1] Gen:12 Ind:1 RMSE(val)=6174.487830
[GA][Iter1] Gen:12 Ind:2 RMSE(val)=6174.800835
[GA][Iter1] Gen:12 Ind:3 RMSE(val)=6174.810130
[GA][Iter1] Gen:12 Ind:4 RMSE(val)=6174.848174
[GA][Iter1] Gen:12 Ind:5 RMSE(val)=6174.891606
[GA][Iter1] Gen:12 Ind:6 RMSE(val)=6174.891606
[GA][Iter1] Gen:12 Ind:7 RMSE(val)=6174.972679
[GA][Iter1] Gen:12 Ind:8 RMSE(val)=6174.996738
[GA][Iter1] Gen:12 Ind:9 RMSE(val)=6175.004706
[GA][Iter1] Gen:12 Ind:10 RMSE(val)=6175.075452
[GA][Iter1] Gen:12 Ind:11 RMSE(val)=6175.444976
[GA][Iter1] Gen:12 Ind:12 RMSE(val)=6173.631480
[GA][Iter1] Gen:12 Ind:13 RMSE(val)=6174.896365
[GA][Iter1] Gen:12 Ind:14 RMSE(val)=6174.244434
[GA][Iter1] Gen:12 Ind:15 RMSE(val)=6175.578302
[GA][Iter1] Gen:12 Ind:16 RMSE(val)=6173.375920
[GA][Iter1] Gen:12 Ind:17 RMSE(val)=6174.891606
[GA][Iter1] Gen:12 Ind:18 RMSE(val)=6175.467823
[GA][Iter1] Gen:12 Ind:19 RMSE(val)=6174.996738
[GA][Iter1] Gen:12 Ind:20 RMSE(val)=6176.320696
[GA][Iter1] gen=12 best_val_rmse=6173.375920
[GA][Iter1] Gen:13 Ind:1 RMSE(val)=6173.375920
[GA][Iter1] Gen:13 Ind:2 RMSE(val)=6173.631480
[GA][Iter1] Gen:13 Ind:3 RMSE(val)=6174.244434
[GA][Iter1] Gen:13 Ind:4 RMSE(val)=6174.487830
[GA][Iter1] Gen:13 Ind:5 RMSE(val)=6174.800835
[GA][Iter1] Gen:13 Ind:6 RMSE(val)=6174.810130
[GA][Iter1] Gen:13 Ind:7 RMSE(val)=6174.848174
[GA][Iter1] Gen:13 Ind:8 RMSE(val)=6174.891606
[GA][Iter1] Gen:13 Ind:9 RMSE(val)=6174.891606
[GA][Iter1] Gen:13 Ind:10 RMSE(val)=6174.891606
[GA][Iter1] Gen:13 Ind:11 RMSE(val)=6175.008551
[GA][Iter1] Gen:13 Ind:12 RMSE(val)=6173.944107
[GA][Iter1] Gen:13 Ind:13 RMSE(val)=6174.605642
[GA][Iter1] Gen:13 Ind:14 RMSE(val)=6175.707168
[GA][Iter1] Gen:13 Ind:15 RMSE(val)=6175.400292
[GA][Iter1] Gen:13 Ind:16 RMSE(val)=6174.605642
[GA][Iter1] Gen:13 Ind:17 RMSE(val)=6175.163320
[GA][Iter1] Gen:13 Ind:18 RMSE(val)=6174.582495
[GA][Iter1] Gen:13 Ind:19 RMSE(val)=6174.810130
[GA][Iter1] Gen:13 Ind:20 RMSE(val)=6174.848174
[GA][Iter1] gen=13 best_val_rmse=6173.375920
[GA][Iter1] Gen:14 Ind:1 RMSE(val)=6173.375920
[GA][Iter1] Gen:14 Ind:2 RMSE(val)=6173.631480
[GA][Iter1] Gen:14 Ind:3 RMSE(val)=6173.944107
[GA][Iter1] Gen:14 Ind:4 RMSE(val)=6174.244434
[GA][Iter1] Gen:14 Ind:5 RMSE(val)=6174.487830
[GA][Iter1] Gen:14 Ind:6 RMSE(val)=6174.582495
[GA][Iter1] Gen:14 Ind:7 RMSE(val)=6174.605642
[GA][Iter1] Gen:14 Ind:8 RMSE(val)=6174.605642
[GA][Iter1] Gen:14 Ind:9 RMSE(val)=6174.800835
[GA][Iter1] Gen:14 Ind:10 RMSE(val)=6174.810130
[GA][Iter1] Gen:14 Ind:11 RMSE(val)=6174.897356
[GA][Iter1] Gen:14 Ind:12 RMSE(val)=6173.118338
[GA][Iter1] Gen:14 Ind:13 RMSE(val)=6175.975664
[GA][Iter1] Gen:14 Ind:14 RMSE(val)=6173.460351
[GA][Iter1] Gen:14 Ind:15 RMSE(val)=6174.273414
[GA][Iter1] Gen:14 Ind:16 RMSE(val)=6175.493972
[GA][Iter1] Gen:14 Ind:17 RMSE(val)=6174.478713
[GA][Iter1] Gen:14 Ind:18 RMSE(val)=6173.944107
[GA][Iter1] Gen:14 Ind:19 RMSE(val)=6174.582495
[GA][Iter1] Gen:14 Ind:20 RMSE(val)=6173.567641
[GA][Iter1] gen=14 best_val_rmse=6173.118338
[GA][Iter1] Gen:15 Ind:1 RMSE(val)=6173.118338
[GA][Iter1] Gen:15 Ind:2 RMSE(val)=6173.375920
[GA][Iter1] Gen:15 Ind:3 RMSE(val)=6173.460351
[GA][Iter1] Gen:15 Ind:4 RMSE(val)=6173.567641
[GA][Iter1] Gen:15 Ind:5 RMSE(val)=6173.631480
[GA][Iter1] Gen:15 Ind:6 RMSE(val)=6173.944107
[GA][Iter1] Gen:15 Ind:7 RMSE(val)=6173.944107
[GA][Iter1] Gen:15 Ind:8 RMSE(val)=6174.244434
[GA][Iter1] Gen:15 Ind:9 RMSE(val)=6174.273414
[GA][Iter1] Gen:15 Ind:10 RMSE(val)=6174.478713
[GA][Iter1] Gen:15 Ind:11 RMSE(val)=6174.222248
[GA][Iter1] Gen:15 Ind:12 RMSE(val)=6173.961019
[GA][Iter1] Gen:15 Ind:13 RMSE(val)=6174.194048
[GA][Iter1] Gen:15 Ind:14 RMSE(val)=6174.478713
[GA][Iter1] Gen:15 Ind:15 RMSE(val)=6174.119145
[GA][Iter1] Gen:15 Ind:16 RMSE(val)=6174.147530
[GA][Iter1] Gen:15 Ind:17 RMSE(val)=6174.182756
[GA][Iter1] Gen:15 Ind:18 RMSE(val)=6173.944107
[GA][Iter1] Gen:15 Ind:19 RMSE(val)=6173.631480
[GA][Iter1] Gen:15 Ind:20 RMSE(val)=6174.192234
[GA][Iter1] gen=15 best_val_rmse=6173.118338
[GA][Iter1] Gen:15 Ind:1 RMSE(val)=6173.118338
[GA][Iter1] Gen:15 Ind:2 RMSE(val)=6173.375920
[GA][Iter1] Gen:15 Ind:3 RMSE(val)=6173.460351
[GA][Iter1] Gen:15 Ind:4 RMSE(val)=6173.567641
[GA][Iter1] Gen:15 Ind:5 RMSE(val)=6173.631480
[GA][Iter1] Gen:15 Ind:6 RMSE(val)=6173.631480
[GA][Iter1] Gen:15 Ind:7 RMSE(val)=6173.944107
[GA][Iter1] Gen:15 Ind:8 RMSE(val)=6173.944107
[GA][Iter1] Gen:15 Ind:9 RMSE(val)=6173.944107
[GA][Iter1] Gen:15 Ind:10 RMSE(val)=6173.961019
[GA][Iter1] Gen:15 Ind:11 RMSE(val)=6173.944107
[GA][Iter1] Gen:15 Ind:12 RMSE(val)=6172.917517
[GA][Iter1] Gen:15 Ind:13 RMSE(val)=6173.944107
[GA][Iter1] Gen:15 Ind:14 RMSE(val)=6173.717604
[GA][Iter1] Gen:15 Ind:15 RMSE(val)=6175.143848
[GA][Iter1] Gen:15 Ind:16 RMSE(val)=6174.618701
[GA][Iter1] Gen:15 Ind:17 RMSE(val)=6174.564398
[GA][Iter1] Gen:15 Ind:18 RMSE(val)=6173.631480
[GA][Iter1] Gen:15 Ind:19 RMSE(val)=6174.628330
[GA][Iter1] Gen:15 Ind:20 RMSE(val)=6173.118338

[GA DONE][Iter1] Best params on val fold of Iter1
Best val RMSE: 6172.917517
Best params: {'n_estimators': 519, 'learning_rate': 0.07481187505307113, 'max_depth': 3, 'min_child_weight': 2.628630790111074, 'subsample': 0.6400931100442903, 'colsample_bytree': 0.8157184355117834, 'reg_lambda': 2.975585595343224, 'reg_alpha': 0.024366952841822595, 'gamma': 0.017789464738877468}
--------------------------------------------------------------------------------
[RETUNE GA] Iter1: train folds 1..5 -> test fold 6  RMSE=149.065107  NRMSE=1.163579  CVRMSE=0.180799  R2=-0.360394
[GA][Iter2] Gen:1 Ind:1 RMSE(val)=147.827166
[GA][Iter2] Gen:1 Ind:2 RMSE(val)=137.643076
[GA][Iter2] Gen:1 Ind:3 RMSE(val)=158.457581
[GA][Iter2] Gen:1 Ind:4 RMSE(val)=192.813400
[GA][Iter2] Gen:1 Ind:5 RMSE(val)=163.775781
[GA][Iter2] Gen:1 Ind:6 RMSE(val)=151.555151
[GA][Iter2] Gen:1 Ind:7 RMSE(val)=201.775164
[GA][Iter2] Gen:1 Ind:8 RMSE(val)=140.556006
[GA][Iter2] Gen:1 Ind:9 RMSE(val)=147.115649
[GA][Iter2] Gen:1 Ind:10 RMSE(val)=141.895966
[GA][Iter2] Gen:1 Ind:11 RMSE(val)=194.388609
[GA][Iter2] Gen:1 Ind:12 RMSE(val)=140.941782
[GA][Iter2] Gen:1 Ind:13 RMSE(val)=179.483849
[GA][Iter2] Gen:1 Ind:14 RMSE(val)=146.717225
[GA][Iter2] Gen:1 Ind:15 RMSE(val)=138.736799
[GA][Iter2] Gen:1 Ind:16 RMSE(val)=188.400650
[GA][Iter2] Gen:1 Ind:17 RMSE(val)=137.549409
[GA][Iter2] Gen:1 Ind:18 RMSE(val)=143.890308
[GA][Iter2] Gen:1 Ind:19 RMSE(val)=155.441192
[GA][Iter2] Gen:1 Ind:20 RMSE(val)=151.179916
[GA][Iter2] gen=1 best_val_rmse=137.549409
[GA][Iter2] Gen:2 Ind:1 RMSE(val)=137.549409
[GA][Iter2] Gen:2 Ind:2 RMSE(val)=137.643076
[GA][Iter2] Gen:2 Ind:3 RMSE(val)=138.736799
[GA][Iter2] Gen:2 Ind:4 RMSE(val)=140.556006
[GA][Iter2] Gen:2 Ind:5 RMSE(val)=140.941782
[GA][Iter2] Gen:2 Ind:6 RMSE(val)=141.895966
[GA][Iter2] Gen:2 Ind:7 RMSE(val)=143.890308
[GA][Iter2] Gen:2 Ind:8 RMSE(val)=146.717225
[GA][Iter2] Gen:2 Ind:9 RMSE(val)=147.115649
[GA][Iter2] Gen:2 Ind:10 RMSE(val)=147.827166
[GA][Iter2] Gen:2 Ind:11 RMSE(val)=140.546952
[GA][Iter2] Gen:2 Ind:12 RMSE(val)=144.199982
[GA][Iter2] Gen:2 Ind:13 RMSE(val)=139.608491
[GA][Iter2] Gen:2 Ind:14 RMSE(val)=141.122655
[GA][Iter2] Gen:2 Ind:15 RMSE(val)=140.570215
[GA][Iter2] Gen:2 Ind:16 RMSE(val)=141.163783
[GA][Iter2] Gen:2 Ind:17 RMSE(val)=137.574801
[GA][Iter2] Gen:2 Ind:18 RMSE(val)=139.317729
[GA][Iter2] Gen:2 Ind:19 RMSE(val)=143.001335
[GA][Iter2] Gen:2 Ind:20 RMSE(val)=146.686840
[GA][Iter2] gen=2 best_val_rmse=137.549409
[GA][Iter2] Gen:3 Ind:1 RMSE(val)=137.549409
[GA][Iter2] Gen:3 Ind:2 RMSE(val)=137.574801
[GA][Iter2] Gen:3 Ind:3 RMSE(val)=137.643076
[GA][Iter2] Gen:3 Ind:4 RMSE(val)=138.736799
[GA][Iter2] Gen:3 Ind:5 RMSE(val)=139.317729
[GA][Iter2] Gen:3 Ind:6 RMSE(val)=139.608491
[GA][Iter2] Gen:3 Ind:7 RMSE(val)=140.546952
[GA][Iter2] Gen:3 Ind:8 RMSE(val)=140.556006
[GA][Iter2] Gen:3 Ind:9 RMSE(val)=140.570215
[GA][Iter2] Gen:3 Ind:10 RMSE(val)=140.941782
[GA][Iter2] Gen:3 Ind:11 RMSE(val)=139.342114
[GA][Iter2] Gen:3 Ind:12 RMSE(val)=142.633717
[GA][Iter2] Gen:3 Ind:13 RMSE(val)=138.813679
[GA][Iter2] Gen:3 Ind:14 RMSE(val)=140.156223
[GA][Iter2] Gen:3 Ind:15 RMSE(val)=138.530912
[GA][Iter2] Gen:3 Ind:16 RMSE(val)=138.742194
[GA][Iter2] Gen:3 Ind:17 RMSE(val)=137.125027
[GA][Iter2] Gen:3 Ind:18 RMSE(val)=140.135308
[GA][Iter2] Gen:3 Ind:19 RMSE(val)=144.218125
[GA][Iter2] Gen:3 Ind:20 RMSE(val)=140.097944
[GA][Iter2] gen=3 best_val_rmse=137.125027
[GA][Iter2] Gen:4 Ind:1 RMSE(val)=137.125027
[GA][Iter2] Gen:4 Ind:2 RMSE(val)=137.549409
[GA][Iter2] Gen:4 Ind:3 RMSE(val)=137.574801
[GA][Iter2] Gen:4 Ind:4 RMSE(val)=137.643076
[GA][Iter2] Gen:4 Ind:5 RMSE(val)=138.530912
[GA][Iter2] Gen:4 Ind:6 RMSE(val)=138.736799
[GA][Iter2] Gen:4 Ind:7 RMSE(val)=138.742194
[GA][Iter2] Gen:4 Ind:8 RMSE(val)=138.813679
[GA][Iter2] Gen:4 Ind:9 RMSE(val)=139.317729
[GA][Iter2] Gen:4 Ind:10 RMSE(val)=139.342114
[GA][Iter2] Gen:4 Ind:11 RMSE(val)=140.332286
[GA][Iter2] Gen:4 Ind:12 RMSE(val)=139.151371
[GA][Iter2] Gen:4 Ind:13 RMSE(val)=138.742194
[GA][Iter2] Gen:4 Ind:14 RMSE(val)=138.406734
[GA][Iter2] Gen:4 Ind:15 RMSE(val)=142.011913
[GA][Iter2] Gen:4 Ind:16 RMSE(val)=139.342114
[GA][Iter2] Gen:4 Ind:17 RMSE(val)=139.324250
[GA][Iter2] Gen:4 Ind:18 RMSE(val)=141.389131
[GA][Iter2] Gen:4 Ind:19 RMSE(val)=138.960935
[GA][Iter2] Gen:4 Ind:20 RMSE(val)=142.428692
[GA][Iter2] gen=4 best_val_rmse=137.125027
[GA][Iter2] Gen:5 Ind:1 RMSE(val)=137.125027
[GA][Iter2] Gen:5 Ind:2 RMSE(val)=137.549409
[GA][Iter2] Gen:5 Ind:3 RMSE(val)=137.574801
[GA][Iter2] Gen:5 Ind:4 RMSE(val)=137.643076
[GA][Iter2] Gen:5 Ind:5 RMSE(val)=138.406734
[GA][Iter2] Gen:5 Ind:6 RMSE(val)=138.530912
[GA][Iter2] Gen:5 Ind:7 RMSE(val)=138.736799
[GA][Iter2] Gen:5 Ind:8 RMSE(val)=138.742194
[GA][Iter2] Gen:5 Ind:9 RMSE(val)=138.742194
[GA][Iter2] Gen:5 Ind:10 RMSE(val)=138.813679
[GA][Iter2] Gen:5 Ind:11 RMSE(val)=136.994811
[GA][Iter2] Gen:5 Ind:12 RMSE(val)=138.742194
[GA][Iter2] Gen:5 Ind:13 RMSE(val)=139.572692
[GA][Iter2] Gen:5 Ind:14 RMSE(val)=139.051138
[GA][Iter2] Gen:5 Ind:15 RMSE(val)=138.200487
[GA][Iter2] Gen:5 Ind:16 RMSE(val)=138.673771
[GA][Iter2] Gen:5 Ind:17 RMSE(val)=138.862039
[GA][Iter2] Gen:5 Ind:18 RMSE(val)=139.542955
[GA][Iter2] Gen:5 Ind:19 RMSE(val)=140.112686
[GA][Iter2] Gen:5 Ind:20 RMSE(val)=138.337261
[GA][Iter2] gen=5 best_val_rmse=136.994811
[GA][Iter2] Gen:6 Ind:1 RMSE(val)=136.994811
[GA][Iter2] Gen:6 Ind:2 RMSE(val)=137.125027
[GA][Iter2] Gen:6 Ind:3 RMSE(val)=137.549409
[GA][Iter2] Gen:6 Ind:4 RMSE(val)=137.574801
[GA][Iter2] Gen:6 Ind:5 RMSE(val)=137.643076
[GA][Iter2] Gen:6 Ind:6 RMSE(val)=138.200487
[GA][Iter2] Gen:6 Ind:7 RMSE(val)=138.337261
[GA][Iter2] Gen:6 Ind:8 RMSE(val)=138.406734
[GA][Iter2] Gen:6 Ind:9 RMSE(val)=138.530912
[GA][Iter2] Gen:6 Ind:10 RMSE(val)=138.673771
[GA][Iter2] Gen:6 Ind:11 RMSE(val)=141.983826
[GA][Iter2] Gen:6 Ind:12 RMSE(val)=135.509958
[GA][Iter2] Gen:6 Ind:13 RMSE(val)=136.595150
[GA][Iter2] Gen:6 Ind:14 RMSE(val)=138.462115
[GA][Iter2] Gen:6 Ind:15 RMSE(val)=136.522629
[GA][Iter2] Gen:6 Ind:16 RMSE(val)=137.515241
[GA][Iter2] Gen:6 Ind:17 RMSE(val)=136.670075
[GA][Iter2] Gen:6 Ind:18 RMSE(val)=140.876239
[GA][Iter2] Gen:6 Ind:19 RMSE(val)=137.190623
[GA][Iter2] Gen:6 Ind:20 RMSE(val)=139.696484
[GA][Iter2] gen=6 best_val_rmse=135.509958
[GA][Iter2] Gen:7 Ind:1 RMSE(val)=135.509958
[GA][Iter2] Gen:7 Ind:2 RMSE(val)=136.522629
[GA][Iter2] Gen:7 Ind:3 RMSE(val)=136.595150
[GA][Iter2] Gen:7 Ind:4 RMSE(val)=136.670075
[GA][Iter2] Gen:7 Ind:5 RMSE(val)=136.994811
[GA][Iter2] Gen:7 Ind:6 RMSE(val)=137.125027
[GA][Iter2] Gen:7 Ind:7 RMSE(val)=137.190623
[GA][Iter2] Gen:7 Ind:8 RMSE(val)=137.515241
[GA][Iter2] Gen:7 Ind:9 RMSE(val)=137.549409
[GA][Iter2] Gen:7 Ind:10 RMSE(val)=137.574801
[GA][Iter2] Gen:7 Ind:11 RMSE(val)=138.309385
[GA][Iter2] Gen:7 Ind:12 RMSE(val)=139.149591
[GA][Iter2] Gen:7 Ind:13 RMSE(val)=137.440723
[GA][Iter2] Gen:7 Ind:14 RMSE(val)=139.080932
[GA][Iter2] Gen:7 Ind:15 RMSE(val)=136.428016
[GA][Iter2] Gen:7 Ind:16 RMSE(val)=136.683600
[GA][Iter2] Gen:7 Ind:17 RMSE(val)=138.082556
[GA][Iter2] Gen:7 Ind:18 RMSE(val)=139.425843
[GA][Iter2] Gen:7 Ind:19 RMSE(val)=137.807689
[GA][Iter2] Gen:7 Ind:20 RMSE(val)=137.274316
[GA][Iter2] gen=7 best_val_rmse=135.509958
[GA][Iter2] Gen:8 Ind:1 RMSE(val)=135.509958
[GA][Iter2] Gen:8 Ind:2 RMSE(val)=136.428016
[GA][Iter2] Gen:8 Ind:3 RMSE(val)=136.522629
[GA][Iter2] Gen:8 Ind:4 RMSE(val)=136.595150
[GA][Iter2] Gen:8 Ind:5 RMSE(val)=136.670075
[GA][Iter2] Gen:8 Ind:6 RMSE(val)=136.683600
[GA][Iter2] Gen:8 Ind:7 RMSE(val)=136.994811
[GA][Iter2] Gen:8 Ind:8 RMSE(val)=137.125027
[GA][Iter2] Gen:8 Ind:9 RMSE(val)=137.190623
[GA][Iter2] Gen:8 Ind:10 RMSE(val)=137.274316
[GA][Iter2] Gen:8 Ind:11 RMSE(val)=136.750278
[GA][Iter2] Gen:8 Ind:12 RMSE(val)=137.086193
[GA][Iter2] Gen:8 Ind:13 RMSE(val)=137.695927
[GA][Iter2] Gen:8 Ind:14 RMSE(val)=136.855963
[GA][Iter2] Gen:8 Ind:15 RMSE(val)=137.253079
[GA][Iter2] Gen:8 Ind:16 RMSE(val)=138.216473
[GA][Iter2] Gen:8 Ind:17 RMSE(val)=136.074712
[GA][Iter2] Gen:8 Ind:18 RMSE(val)=137.661492
[GA][Iter2] Gen:8 Ind:19 RMSE(val)=135.509958
[GA][Iter2] Gen:8 Ind:20 RMSE(val)=135.651932
[GA][Iter2] gen=8 best_val_rmse=135.509958
[GA][Iter2] Gen:9 Ind:1 RMSE(val)=135.509958
[GA][Iter2] Gen:9 Ind:2 RMSE(val)=135.509958
[GA][Iter2] Gen:9 Ind:3 RMSE(val)=135.651932
[GA][Iter2] Gen:9 Ind:4 RMSE(val)=136.074712
[GA][Iter2] Gen:9 Ind:5 RMSE(val)=136.428016
[GA][Iter2] Gen:9 Ind:6 RMSE(val)=136.522629
[GA][Iter2] Gen:9 Ind:7 RMSE(val)=136.595150
[GA][Iter2] Gen:9 Ind:8 RMSE(val)=136.670075
[GA][Iter2] Gen:9 Ind:9 RMSE(val)=136.683600
[GA][Iter2] Gen:9 Ind:10 RMSE(val)=136.750278
[GA][Iter2] Gen:9 Ind:11 RMSE(val)=138.773702
[GA][Iter2] Gen:9 Ind:12 RMSE(val)=137.086343
[GA][Iter2] Gen:9 Ind:13 RMSE(val)=135.555077
[GA][Iter2] Gen:9 Ind:14 RMSE(val)=136.166531
[GA][Iter2] Gen:9 Ind:15 RMSE(val)=137.954937
[GA][Iter2] Gen:9 Ind:16 RMSE(val)=137.747412
[GA][Iter2] Gen:9 Ind:17 RMSE(val)=136.701097
[GA][Iter2] Gen:9 Ind:18 RMSE(val)=137.570280
[GA][Iter2] Gen:9 Ind:19 RMSE(val)=138.111699
[GA][Iter2] Gen:9 Ind:20 RMSE(val)=141.535895
[GA][Iter2] gen=9 best_val_rmse=135.509958
[GA][Iter2] Gen:10 Ind:1 RMSE(val)=135.509958
[GA][Iter2] Gen:10 Ind:2 RMSE(val)=135.509958
[GA][Iter2] Gen:10 Ind:3 RMSE(val)=135.555077
[GA][Iter2] Gen:10 Ind:4 RMSE(val)=135.651932
[GA][Iter2] Gen:10 Ind:5 RMSE(val)=136.074712
[GA][Iter2] Gen:10 Ind:6 RMSE(val)=136.166531
[GA][Iter2] Gen:10 Ind:7 RMSE(val)=136.428016
[GA][Iter2] Gen:10 Ind:8 RMSE(val)=136.522629
[GA][Iter2] Gen:10 Ind:9 RMSE(val)=136.595150
[GA][Iter2] Gen:10 Ind:10 RMSE(val)=136.670075
[GA][Iter2] Gen:10 Ind:11 RMSE(val)=135.795338
[GA][Iter2] Gen:10 Ind:12 RMSE(val)=138.218065
[GA][Iter2] Gen:10 Ind:13 RMSE(val)=136.133706
[GA][Iter2] Gen:10 Ind:14 RMSE(val)=136.074712
[GA][Iter2] Gen:10 Ind:15 RMSE(val)=136.000321
[GA][Iter2] Gen:10 Ind:16 RMSE(val)=137.861968
[GA][Iter2] Gen:10 Ind:17 RMSE(val)=136.711843
[GA][Iter2] Gen:10 Ind:18 RMSE(val)=137.212371
[GA][Iter2] Gen:10 Ind:19 RMSE(val)=135.544545
[GA][Iter2] Gen:10 Ind:20 RMSE(val)=136.500179
[GA][Iter2] gen=10 best_val_rmse=135.509958
[GA][Iter2] Gen:11 Ind:1 RMSE(val)=135.509958
[GA][Iter2] Gen:11 Ind:2 RMSE(val)=135.509958
[GA][Iter2] Gen:11 Ind:3 RMSE(val)=135.544545
[GA][Iter2] Gen:11 Ind:4 RMSE(val)=135.555077
[GA][Iter2] Gen:11 Ind:5 RMSE(val)=135.651932
[GA][Iter2] Gen:11 Ind:6 RMSE(val)=135.795338
[GA][Iter2] Gen:11 Ind:7 RMSE(val)=136.000321
[GA][Iter2] Gen:11 Ind:8 RMSE(val)=136.074712
[GA][Iter2] Gen:11 Ind:9 RMSE(val)=136.074712
[GA][Iter2] Gen:11 Ind:10 RMSE(val)=136.133706
[GA][Iter2] Gen:11 Ind:11 RMSE(val)=135.060600
[GA][Iter2] Gen:11 Ind:12 RMSE(val)=135.203234
[GA][Iter2] Gen:11 Ind:13 RMSE(val)=138.150142
[GA][Iter2] Gen:11 Ind:14 RMSE(val)=136.622358
[GA][Iter2] Gen:11 Ind:15 RMSE(val)=138.008515
[GA][Iter2] Gen:11 Ind:16 RMSE(val)=136.575854
[GA][Iter2] Gen:11 Ind:17 RMSE(val)=136.756101
[GA][Iter2] Gen:11 Ind:18 RMSE(val)=135.874383
[GA][Iter2] Gen:11 Ind:19 RMSE(val)=135.364702
[GA][Iter2] Gen:11 Ind:20 RMSE(val)=136.109058
[GA][Iter2] gen=11 best_val_rmse=135.060600
[GA][Iter2] Gen:12 Ind:1 RMSE(val)=135.060600
[GA][Iter2] Gen:12 Ind:2 RMSE(val)=135.203234
[GA][Iter2] Gen:12 Ind:3 RMSE(val)=135.364702
[GA][Iter2] Gen:12 Ind:4 RMSE(val)=135.509958
[GA][Iter2] Gen:12 Ind:5 RMSE(val)=135.509958
[GA][Iter2] Gen:12 Ind:6 RMSE(val)=135.544545
[GA][Iter2] Gen:12 Ind:7 RMSE(val)=135.555077
[GA][Iter2] Gen:12 Ind:8 RMSE(val)=135.651932
[GA][Iter2] Gen:12 Ind:9 RMSE(val)=135.795338
[GA][Iter2] Gen:12 Ind:10 RMSE(val)=135.874383
[GA][Iter2] Gen:12 Ind:11 RMSE(val)=136.681806
[GA][Iter2] Gen:12 Ind:12 RMSE(val)=136.131766
[GA][Iter2] Gen:12 Ind:13 RMSE(val)=135.358477
[GA][Iter2] Gen:12 Ind:14 RMSE(val)=136.065163
[GA][Iter2] Gen:12 Ind:15 RMSE(val)=136.151831
[GA][Iter2] Gen:12 Ind:16 RMSE(val)=135.733702
[GA][Iter2] Gen:12 Ind:17 RMSE(val)=135.851241
[GA][Iter2] Gen:12 Ind:18 RMSE(val)=135.680794
[GA][Iter2] Gen:12 Ind:19 RMSE(val)=136.402474
[GA][Iter2] Gen:12 Ind:20 RMSE(val)=136.168110
[GA][Iter2] gen=12 best_val_rmse=135.060600
[GA][Iter2] Gen:13 Ind:1 RMSE(val)=135.060600
[GA][Iter2] Gen:13 Ind:2 RMSE(val)=135.203234
[GA][Iter2] Gen:13 Ind:3 RMSE(val)=135.358477
[GA][Iter2] Gen:13 Ind:4 RMSE(val)=135.364702
[GA][Iter2] Gen:13 Ind:5 RMSE(val)=135.509958
[GA][Iter2] Gen:13 Ind:6 RMSE(val)=135.509958
[GA][Iter2] Gen:13 Ind:7 RMSE(val)=135.544545
[GA][Iter2] Gen:13 Ind:8 RMSE(val)=135.555077
[GA][Iter2] Gen:13 Ind:9 RMSE(val)=135.651932
[GA][Iter2] Gen:13 Ind:10 RMSE(val)=135.680794
[GA][Iter2] Gen:13 Ind:11 RMSE(val)=135.739320
[GA][Iter2] Gen:13 Ind:12 RMSE(val)=136.405543
[GA][Iter2] Gen:13 Ind:13 RMSE(val)=135.203234
[GA][Iter2] Gen:13 Ind:14 RMSE(val)=135.783090
[GA][Iter2] Gen:13 Ind:15 RMSE(val)=135.445515
[GA][Iter2] Gen:13 Ind:16 RMSE(val)=135.585925
[GA][Iter2] Gen:13 Ind:17 RMSE(val)=134.808647
[GA][Iter2] Gen:13 Ind:18 RMSE(val)=137.577369
[GA][Iter2] Gen:13 Ind:19 RMSE(val)=135.509958
[GA][Iter2] Gen:13 Ind:20 RMSE(val)=135.483941
[GA][Iter2] gen=13 best_val_rmse=134.808647
[GA][Iter2] Gen:14 Ind:1 RMSE(val)=134.808647
[GA][Iter2] Gen:14 Ind:2 RMSE(val)=135.060600
[GA][Iter2] Gen:14 Ind:3 RMSE(val)=135.203234
[GA][Iter2] Gen:14 Ind:4 RMSE(val)=135.203234
[GA][Iter2] Gen:14 Ind:5 RMSE(val)=135.358477
[GA][Iter2] Gen:14 Ind:6 RMSE(val)=135.364702
[GA][Iter2] Gen:14 Ind:7 RMSE(val)=135.445515
[GA][Iter2] Gen:14 Ind:8 RMSE(val)=135.483941
[GA][Iter2] Gen:14 Ind:9 RMSE(val)=135.509958
[GA][Iter2] Gen:14 Ind:10 RMSE(val)=135.509958
[GA][Iter2] Gen:14 Ind:11 RMSE(val)=135.358477
[GA][Iter2] Gen:14 Ind:12 RMSE(val)=134.843583
[GA][Iter2] Gen:14 Ind:13 RMSE(val)=135.509958
[GA][Iter2] Gen:14 Ind:14 RMSE(val)=135.356943
[GA][Iter2] Gen:14 Ind:15 RMSE(val)=136.224038
[GA][Iter2] Gen:14 Ind:16 RMSE(val)=135.129535
[GA][Iter2] Gen:14 Ind:17 RMSE(val)=136.711523
[GA][Iter2] Gen:14 Ind:18 RMSE(val)=134.916453
[GA][Iter2] Gen:14 Ind:19 RMSE(val)=135.804415
[GA][Iter2] Gen:14 Ind:20 RMSE(val)=135.171698
[GA][Iter2] gen=14 best_val_rmse=134.808647
[GA][Iter2] Gen:15 Ind:1 RMSE(val)=134.808647
[GA][Iter2] Gen:15 Ind:2 RMSE(val)=134.843583
[GA][Iter2] Gen:15 Ind:3 RMSE(val)=134.916453
[GA][Iter2] Gen:15 Ind:4 RMSE(val)=135.060600
[GA][Iter2] Gen:15 Ind:5 RMSE(val)=135.129535
[GA][Iter2] Gen:15 Ind:6 RMSE(val)=135.171698
[GA][Iter2] Gen:15 Ind:7 RMSE(val)=135.203234
[GA][Iter2] Gen:15 Ind:8 RMSE(val)=135.203234
[GA][Iter2] Gen:15 Ind:9 RMSE(val)=135.356943
[GA][Iter2] Gen:15 Ind:10 RMSE(val)=135.358477
[GA][Iter2] Gen:15 Ind:11 RMSE(val)=135.333172
[GA][Iter2] Gen:15 Ind:12 RMSE(val)=135.361592
[GA][Iter2] Gen:15 Ind:13 RMSE(val)=135.449943
[GA][Iter2] Gen:15 Ind:14 RMSE(val)=135.400813
[GA][Iter2] Gen:15 Ind:15 RMSE(val)=135.343734
[GA][Iter2] Gen:15 Ind:16 RMSE(val)=135.358477
[GA][Iter2] Gen:15 Ind:17 RMSE(val)=135.107132
[GA][Iter2] Gen:15 Ind:18 RMSE(val)=134.916453
[GA][Iter2] Gen:15 Ind:19 RMSE(val)=135.015260
[GA][Iter2] Gen:15 Ind:20 RMSE(val)=135.254427
[GA][Iter2] gen=15 best_val_rmse=134.808647
[GA][Iter2] Gen:15 Ind:1 RMSE(val)=134.808647
[GA][Iter2] Gen:15 Ind:2 RMSE(val)=134.843583
[GA][Iter2] Gen:15 Ind:3 RMSE(val)=134.916453
[GA][Iter2] Gen:15 Ind:4 RMSE(val)=134.916453
[GA][Iter2] Gen:15 Ind:5 RMSE(val)=135.015260
[GA][Iter2] Gen:15 Ind:6 RMSE(val)=135.060600
[GA][Iter2] Gen:15 Ind:7 RMSE(val)=135.107132
[GA][Iter2] Gen:15 Ind:8 RMSE(val)=135.129535
[GA][Iter2] Gen:15 Ind:9 RMSE(val)=135.171698
[GA][Iter2] Gen:15 Ind:10 RMSE(val)=135.203234
[GA][Iter2] Gen:15 Ind:11 RMSE(val)=135.171698
[GA][Iter2] Gen:15 Ind:12 RMSE(val)=135.772999
[GA][Iter2] Gen:15 Ind:13 RMSE(val)=135.288026
[GA][Iter2] Gen:15 Ind:14 RMSE(val)=137.289166
[GA][Iter2] Gen:15 Ind:15 RMSE(val)=135.060600
[GA][Iter2] Gen:15 Ind:16 RMSE(val)=134.946666
[GA][Iter2] Gen:15 Ind:17 RMSE(val)=135.136574
[GA][Iter2] Gen:15 Ind:18 RMSE(val)=134.736270
[GA][Iter2] Gen:15 Ind:19 RMSE(val)=134.704933
[GA][Iter2] Gen:15 Ind:20 RMSE(val)=134.808647

[GA DONE][Iter2] Best params on val fold of Iter2
Best val RMSE: 134.704933
Best params: {'n_estimators': 396, 'learning_rate': 0.029847393323504084, 'max_depth': 10, 'min_child_weight': 3.2998539925846884, 'subsample': 0.6741293719047287, 'colsample_bytree': 0.8157184355117834, 'reg_lambda': 15.33575099119733, 'reg_alpha': 0.044311988345290515, 'gamma': 0.07085423624959405}
--------------------------------------------------------------------------------
[RETUNE GA] Iter2: train folds 1..6 -> test fold 7  RMSE=154.902700  NRMSE=1.076368  CVRMSE=0.176420  R2=-0.164113
[GA][Iter3] Gen:1 Ind:1 RMSE(val)=165.401675
[GA][Iter3] Gen:1 Ind:2 RMSE(val)=156.984623
[GA][Iter3] Gen:1 Ind:3 RMSE(val)=176.712907
[GA][Iter3] Gen:1 Ind:4 RMSE(val)=207.394537
[GA][Iter3] Gen:1 Ind:5 RMSE(val)=181.591967
[GA][Iter3] Gen:1 Ind:6 RMSE(val)=168.817850
[GA][Iter3] Gen:1 Ind:7 RMSE(val)=210.412878
[GA][Iter3] Gen:1 Ind:8 RMSE(val)=157.156597
[GA][Iter3] Gen:1 Ind:9 RMSE(val)=163.043207
[GA][Iter3] Gen:1 Ind:10 RMSE(val)=160.235981
[GA][Iter3] Gen:1 Ind:11 RMSE(val)=206.337812
[GA][Iter3] Gen:1 Ind:12 RMSE(val)=152.632948
[GA][Iter3] Gen:1 Ind:13 RMSE(val)=196.311574
[GA][Iter3] Gen:1 Ind:14 RMSE(val)=162.847351
[GA][Iter3] Gen:1 Ind:15 RMSE(val)=152.069274
[GA][Iter3] Gen:1 Ind:16 RMSE(val)=202.696139
[GA][Iter3] Gen:1 Ind:17 RMSE(val)=155.787017
[GA][Iter3] Gen:1 Ind:18 RMSE(val)=158.739635
[GA][Iter3] Gen:1 Ind:19 RMSE(val)=172.215456
[GA][Iter3] Gen:1 Ind:20 RMSE(val)=169.448353
[GA][Iter3] gen=1 best_val_rmse=152.069274
[GA][Iter3] Gen:2 Ind:1 RMSE(val)=152.069274
[GA][Iter3] Gen:2 Ind:2 RMSE(val)=152.632948
[GA][Iter3] Gen:2 Ind:3 RMSE(val)=155.787017
[GA][Iter3] Gen:2 Ind:4 RMSE(val)=156.984623
[GA][Iter3] Gen:2 Ind:5 RMSE(val)=157.156597
[GA][Iter3] Gen:2 Ind:6 RMSE(val)=158.739635
[GA][Iter3] Gen:2 Ind:7 RMSE(val)=160.235981
[GA][Iter3] Gen:2 Ind:8 RMSE(val)=162.847351
[GA][Iter3] Gen:2 Ind:9 RMSE(val)=163.043207
[GA][Iter3] Gen:2 Ind:10 RMSE(val)=165.401675
[GA][Iter3] Gen:2 Ind:11 RMSE(val)=162.698255
[GA][Iter3] Gen:2 Ind:12 RMSE(val)=152.935657
[GA][Iter3] Gen:2 Ind:13 RMSE(val)=155.538660
[GA][Iter3] Gen:2 Ind:14 RMSE(val)=154.782498
[GA][Iter3] Gen:2 Ind:15 RMSE(val)=159.300083
[GA][Iter3] Gen:2 Ind:16 RMSE(val)=159.020895
[GA][Iter3] Gen:2 Ind:17 RMSE(val)=154.727991
[GA][Iter3] Gen:2 Ind:18 RMSE(val)=160.549875
[GA][Iter3] Gen:2 Ind:19 RMSE(val)=160.548591
[GA][Iter3] Gen:2 Ind:20 RMSE(val)=161.543422
[GA][Iter3] gen=2 best_val_rmse=152.069274
[GA][Iter3] Gen:3 Ind:1 RMSE(val)=152.069274
[GA][Iter3] Gen:3 Ind:2 RMSE(val)=152.632948
[GA][Iter3] Gen:3 Ind:3 RMSE(val)=152.935657
[GA][Iter3] Gen:3 Ind:4 RMSE(val)=154.727991
[GA][Iter3] Gen:3 Ind:5 RMSE(val)=154.782498
[GA][Iter3] Gen:3 Ind:6 RMSE(val)=155.538660
[GA][Iter3] Gen:3 Ind:7 RMSE(val)=155.787017
[GA][Iter3] Gen:3 Ind:8 RMSE(val)=156.984623
[GA][Iter3] Gen:3 Ind:9 RMSE(val)=157.156597
[GA][Iter3] Gen:3 Ind:10 RMSE(val)=158.739635
[GA][Iter3] Gen:3 Ind:11 RMSE(val)=155.129241
[GA][Iter3] Gen:3 Ind:12 RMSE(val)=154.009197
[GA][Iter3] Gen:3 Ind:13 RMSE(val)=154.328307
[GA][Iter3] Gen:3 Ind:14 RMSE(val)=154.785216
[GA][Iter3] Gen:3 Ind:15 RMSE(val)=154.262623
[GA][Iter3] Gen:3 Ind:16 RMSE(val)=157.877086
[GA][Iter3] Gen:3 Ind:17 RMSE(val)=157.633342
[GA][Iter3] Gen:3 Ind:18 RMSE(val)=152.642593
[GA][Iter3] Gen:3 Ind:19 RMSE(val)=156.718927
[GA][Iter3] Gen:3 Ind:20 RMSE(val)=157.244525
[GA][Iter3] gen=3 best_val_rmse=152.069274
[GA][Iter3] Gen:4 Ind:1 RMSE(val)=152.069274
[GA][Iter3] Gen:4 Ind:2 RMSE(val)=152.632948
[GA][Iter3] Gen:4 Ind:3 RMSE(val)=152.642593
[GA][Iter3] Gen:4 Ind:4 RMSE(val)=152.935657
[GA][Iter3] Gen:4 Ind:5 RMSE(val)=154.009197
[GA][Iter3] Gen:4 Ind:6 RMSE(val)=154.262623
[GA][Iter3] Gen:4 Ind:7 RMSE(val)=154.328307
[GA][Iter3] Gen:4 Ind:8 RMSE(val)=154.727991
[GA][Iter3] Gen:4 Ind:9 RMSE(val)=154.782498
[GA][Iter3] Gen:4 Ind:10 RMSE(val)=154.785216
[GA][Iter3] Gen:4 Ind:11 RMSE(val)=154.727991
[GA][Iter3] Gen:4 Ind:12 RMSE(val)=152.657565
[GA][Iter3] Gen:4 Ind:13 RMSE(val)=155.561060
[GA][Iter3] Gen:4 Ind:14 RMSE(val)=153.495568
[GA][Iter3] Gen:4 Ind:15 RMSE(val)=154.650829
[GA][Iter3] Gen:4 Ind:16 RMSE(val)=155.535937
[GA][Iter3] Gen:4 Ind:17 RMSE(val)=151.047326
[GA][Iter3] Gen:4 Ind:18 RMSE(val)=157.571408
[GA][Iter3] Gen:4 Ind:19 RMSE(val)=155.125883
[GA][Iter3] Gen:4 Ind:20 RMSE(val)=154.707247
[GA][Iter3] gen=4 best_val_rmse=151.047326
[GA][Iter3] Gen:5 Ind:1 RMSE(val)=151.047326
[GA][Iter3] Gen:5 Ind:2 RMSE(val)=152.069274
[GA][Iter3] Gen:5 Ind:3 RMSE(val)=152.632948
[GA][Iter3] Gen:5 Ind:4 RMSE(val)=152.642593
[GA][Iter3] Gen:5 Ind:5 RMSE(val)=152.657565
[GA][Iter3] Gen:5 Ind:6 RMSE(val)=152.935657
[GA][Iter3] Gen:5 Ind:7 RMSE(val)=153.495568
[GA][Iter3] Gen:5 Ind:8 RMSE(val)=154.009197
[GA][Iter3] Gen:5 Ind:9 RMSE(val)=154.262623
[GA][Iter3] Gen:5 Ind:10 RMSE(val)=154.328307
[GA][Iter3] Gen:5 Ind:11 RMSE(val)=152.349836
[GA][Iter3] Gen:5 Ind:12 RMSE(val)=154.262623
[GA][Iter3] Gen:5 Ind:13 RMSE(val)=155.643503
[GA][Iter3] Gen:5 Ind:14 RMSE(val)=152.501125
[GA][Iter3] Gen:5 Ind:15 RMSE(val)=158.557667
[GA][Iter3] Gen:5 Ind:16 RMSE(val)=155.881170
[GA][Iter3] Gen:5 Ind:17 RMSE(val)=155.429243
[GA][Iter3] Gen:5 Ind:18 RMSE(val)=157.077051
[GA][Iter3] Gen:5 Ind:19 RMSE(val)=153.297778
[GA][Iter3] Gen:5 Ind:20 RMSE(val)=150.588606
[GA][Iter3] gen=5 best_val_rmse=150.588606
[GA][Iter3] Gen:6 Ind:1 RMSE(val)=150.588606
[GA][Iter3] Gen:6 Ind:2 RMSE(val)=151.047326
[GA][Iter3] Gen:6 Ind:3 RMSE(val)=152.069274
[GA][Iter3] Gen:6 Ind:4 RMSE(val)=152.349836
[GA][Iter3] Gen:6 Ind:5 RMSE(val)=152.501125
[GA][Iter3] Gen:6 Ind:6 RMSE(val)=152.632948
[GA][Iter3] Gen:6 Ind:7 RMSE(val)=152.642593
[GA][Iter3] Gen:6 Ind:8 RMSE(val)=152.657565
[GA][Iter3] Gen:6 Ind:9 RMSE(val)=152.935657
[GA][Iter3] Gen:6 Ind:10 RMSE(val)=153.297778
[GA][Iter3] Gen:6 Ind:11 RMSE(val)=151.334267
[GA][Iter3] Gen:6 Ind:12 RMSE(val)=151.862628
[GA][Iter3] Gen:6 Ind:13 RMSE(val)=152.028429
[GA][Iter3] Gen:6 Ind:14 RMSE(val)=151.821857
[GA][Iter3] Gen:6 Ind:15 RMSE(val)=152.230037
[GA][Iter3] Gen:6 Ind:16 RMSE(val)=152.592487
[GA][Iter3] Gen:6 Ind:17 RMSE(val)=155.494995
[GA][Iter3] Gen:6 Ind:18 RMSE(val)=152.242971
[GA][Iter3] Gen:6 Ind:19 RMSE(val)=155.933569
[GA][Iter3] Gen:6 Ind:20 RMSE(val)=152.280944
[GA][Iter3] gen=6 best_val_rmse=150.588606
[GA][Iter3] Gen:7 Ind:1 RMSE(val)=150.588606
[GA][Iter3] Gen:7 Ind:2 RMSE(val)=151.047326
[GA][Iter3] Gen:7 Ind:3 RMSE(val)=151.334267
[GA][Iter3] Gen:7 Ind:4 RMSE(val)=151.821857
[GA][Iter3] Gen:7 Ind:5 RMSE(val)=151.862628
[GA][Iter3] Gen:7 Ind:6 RMSE(val)=152.028429
[GA][Iter3] Gen:7 Ind:7 RMSE(val)=152.069274
[GA][Iter3] Gen:7 Ind:8 RMSE(val)=152.230037
[GA][Iter3] Gen:7 Ind:9 RMSE(val)=152.242971
[GA][Iter3] Gen:7 Ind:10 RMSE(val)=152.280944
[GA][Iter3] Gen:7 Ind:11 RMSE(val)=152.378629
[GA][Iter3] Gen:7 Ind:12 RMSE(val)=153.051134
[GA][Iter3] Gen:7 Ind:13 RMSE(val)=152.546264
[GA][Iter3] Gen:7 Ind:14 RMSE(val)=152.882612
[GA][Iter3] Gen:7 Ind:15 RMSE(val)=155.069406
[GA][Iter3] Gen:7 Ind:16 RMSE(val)=151.821857
[GA][Iter3] Gen:7 Ind:17 RMSE(val)=152.954897
[GA][Iter3] Gen:7 Ind:18 RMSE(val)=153.199099
[GA][Iter3] Gen:7 Ind:19 RMSE(val)=153.744817
[GA][Iter3] Gen:7 Ind:20 RMSE(val)=158.031766
[GA][Iter3] gen=7 best_val_rmse=150.588606
[GA][Iter3] Gen:8 Ind:1 RMSE(val)=150.588606
[GA][Iter3] Gen:8 Ind:2 RMSE(val)=151.047326
[GA][Iter3] Gen:8 Ind:3 RMSE(val)=151.334267
[GA][Iter3] Gen:8 Ind:4 RMSE(val)=151.821857
[GA][Iter3] Gen:8 Ind:5 RMSE(val)=151.821857
[GA][Iter3] Gen:8 Ind:6 RMSE(val)=151.862628
[GA][Iter3] Gen:8 Ind:7 RMSE(val)=152.028429
[GA][Iter3] Gen:8 Ind:8 RMSE(val)=152.069274
[GA][Iter3] Gen:8 Ind:9 RMSE(val)=152.230037
[GA][Iter3] Gen:8 Ind:10 RMSE(val)=152.242971
[GA][Iter3] Gen:8 Ind:11 RMSE(val)=151.652211
[GA][Iter3] Gen:8 Ind:12 RMSE(val)=153.035507
[GA][Iter3] Gen:8 Ind:13 RMSE(val)=152.028427
[GA][Iter3] Gen:8 Ind:14 RMSE(val)=154.052267
[GA][Iter3] Gen:8 Ind:15 RMSE(val)=152.974055
[GA][Iter3] Gen:8 Ind:16 RMSE(val)=152.585554
[GA][Iter3] Gen:8 Ind:17 RMSE(val)=157.623264
[GA][Iter3] Gen:8 Ind:18 RMSE(val)=151.403315
[GA][Iter3] Gen:8 Ind:19 RMSE(val)=153.597995
[GA][Iter3] Gen:8 Ind:20 RMSE(val)=152.500291
[GA][Iter3] gen=8 best_val_rmse=150.588606
[GA][Iter3] Gen:9 Ind:1 RMSE(val)=150.588606
[GA][Iter3] Gen:9 Ind:2 RMSE(val)=151.047326
[GA][Iter3] Gen:9 Ind:3 RMSE(val)=151.334267
[GA][Iter3] Gen:9 Ind:4 RMSE(val)=151.403315
[GA][Iter3] Gen:9 Ind:5 RMSE(val)=151.652211
[GA][Iter3] Gen:9 Ind:6 RMSE(val)=151.821857
[GA][Iter3] Gen:9 Ind:7 RMSE(val)=151.821857
[GA][Iter3] Gen:9 Ind:8 RMSE(val)=151.862628
[GA][Iter3] Gen:9 Ind:9 RMSE(val)=152.028427
[GA][Iter3] Gen:9 Ind:10 RMSE(val)=152.028429
[GA][Iter3] Gen:9 Ind:11 RMSE(val)=151.821857
[GA][Iter3] Gen:9 Ind:12 RMSE(val)=152.013961
[GA][Iter3] Gen:9 Ind:13 RMSE(val)=152.066478
[GA][Iter3] Gen:9 Ind:14 RMSE(val)=151.433742
[GA][Iter3] Gen:9 Ind:15 RMSE(val)=154.627390
[GA][Iter3] Gen:9 Ind:16 RMSE(val)=155.700895
[GA][Iter3] Gen:9 Ind:17 RMSE(val)=154.134504
[GA][Iter3] Gen:9 Ind:18 RMSE(val)=151.652211
[GA][Iter3] Gen:9 Ind:19 RMSE(val)=152.999397
[GA][Iter3] Gen:9 Ind:20 RMSE(val)=156.961026
[GA][Iter3] gen=9 best_val_rmse=150.588606
[GA][Iter3] Gen:10 Ind:1 RMSE(val)=150.588606
[GA][Iter3] Gen:10 Ind:2 RMSE(val)=151.047326
[GA][Iter3] Gen:10 Ind:3 RMSE(val)=151.334267
[GA][Iter3] Gen:10 Ind:4 RMSE(val)=151.403315
[GA][Iter3] Gen:10 Ind:5 RMSE(val)=151.433742
[GA][Iter3] Gen:10 Ind:6 RMSE(val)=151.652211
[GA][Iter3] Gen:10 Ind:7 RMSE(val)=151.652211
[GA][Iter3] Gen:10 Ind:8 RMSE(val)=151.821857
[GA][Iter3] Gen:10 Ind:9 RMSE(val)=151.821857
[GA][Iter3] Gen:10 Ind:10 RMSE(val)=151.821857
[GA][Iter3] Gen:10 Ind:11 RMSE(val)=151.688579
[GA][Iter3] Gen:10 Ind:12 RMSE(val)=152.472642
[GA][Iter3] Gen:10 Ind:13 RMSE(val)=152.124948
[GA][Iter3] Gen:10 Ind:14 RMSE(val)=153.529575
[GA][Iter3] Gen:10 Ind:15 RMSE(val)=152.866484
[GA][Iter3] Gen:10 Ind:16 RMSE(val)=151.821857
[GA][Iter3] Gen:10 Ind:17 RMSE(val)=152.274571
[GA][Iter3] Gen:10 Ind:18 RMSE(val)=151.821857
[GA][Iter3] Gen:10 Ind:19 RMSE(val)=151.047326
[GA][Iter3] Gen:10 Ind:20 RMSE(val)=151.652211
[GA][Iter3] gen=10 best_val_rmse=150.588606
[GA][Iter3] Gen:11 Ind:1 RMSE(val)=150.588606
[GA][Iter3] Gen:11 Ind:2 RMSE(val)=151.047326
[GA][Iter3] Gen:11 Ind:3 RMSE(val)=151.047326
[GA][Iter3] Gen:11 Ind:4 RMSE(val)=151.334267
[GA][Iter3] Gen:11 Ind:5 RMSE(val)=151.403315
[GA][Iter3] Gen:11 Ind:6 RMSE(val)=151.433742
[GA][Iter3] Gen:11 Ind:7 RMSE(val)=151.652211
[GA][Iter3] Gen:11 Ind:8 RMSE(val)=151.652211
[GA][Iter3] Gen:11 Ind:9 RMSE(val)=151.652211
[GA][Iter3] Gen:11 Ind:10 RMSE(val)=151.688579
[GA][Iter3] Gen:11 Ind:11 RMSE(val)=151.265468
[GA][Iter3] Gen:11 Ind:12 RMSE(val)=151.184464
[GA][Iter3] Gen:11 Ind:13 RMSE(val)=153.063395
[GA][Iter3] Gen:11 Ind:14 RMSE(val)=151.688579
[GA][Iter3] Gen:11 Ind:15 RMSE(val)=151.996848
[GA][Iter3] Gen:11 Ind:16 RMSE(val)=151.423342
[GA][Iter3] Gen:11 Ind:17 RMSE(val)=151.401372
[GA][Iter3] Gen:11 Ind:18 RMSE(val)=152.321066
[GA][Iter3] Gen:11 Ind:19 RMSE(val)=154.896628
[GA][Iter3] Gen:11 Ind:20 RMSE(val)=152.716901
[GA][Iter3] gen=11 best_val_rmse=150.588606
[GA][Iter3] Gen:12 Ind:1 RMSE(val)=150.588606
[GA][Iter3] Gen:12 Ind:2 RMSE(val)=151.047326
[GA][Iter3] Gen:12 Ind:3 RMSE(val)=151.047326
[GA][Iter3] Gen:12 Ind:4 RMSE(val)=151.184464
[GA][Iter3] Gen:12 Ind:5 RMSE(val)=151.265468
[GA][Iter3] Gen:12 Ind:6 RMSE(val)=151.334267
[GA][Iter3] Gen:12 Ind:7 RMSE(val)=151.401372
[GA][Iter3] Gen:12 Ind:8 RMSE(val)=151.403315
[GA][Iter3] Gen:12 Ind:9 RMSE(val)=151.423342
[GA][Iter3] Gen:12 Ind:10 RMSE(val)=151.433742
[GA][Iter3] Gen:12 Ind:11 RMSE(val)=152.381637
[GA][Iter3] Gen:12 Ind:12 RMSE(val)=156.235443
[GA][Iter3] Gen:12 Ind:13 RMSE(val)=151.350062
[GA][Iter3] Gen:12 Ind:14 RMSE(val)=154.125204
[GA][Iter3] Gen:12 Ind:15 RMSE(val)=151.433742
[GA][Iter3] Gen:12 Ind:16 RMSE(val)=151.994169
[GA][Iter3] Gen:12 Ind:17 RMSE(val)=151.770745
[GA][Iter3] Gen:12 Ind:18 RMSE(val)=151.618548
[GA][Iter3] Gen:12 Ind:19 RMSE(val)=153.280670
[GA][Iter3] Gen:12 Ind:20 RMSE(val)=155.812185
[GA][Iter3] gen=12 best_val_rmse=150.588606
[GA][Iter3] Gen:13 Ind:1 RMSE(val)=150.588606
[GA][Iter3] Gen:13 Ind:2 RMSE(val)=151.047326
[GA][Iter3] Gen:13 Ind:3 RMSE(val)=151.047326
[GA][Iter3] Gen:13 Ind:4 RMSE(val)=151.184464
[GA][Iter3] Gen:13 Ind:5 RMSE(val)=151.265468
[GA][Iter3] Gen:13 Ind:6 RMSE(val)=151.334267
[GA][Iter3] Gen:13 Ind:7 RMSE(val)=151.350062
[GA][Iter3] Gen:13 Ind:8 RMSE(val)=151.401372
[GA][Iter3] Gen:13 Ind:9 RMSE(val)=151.403315
[GA][Iter3] Gen:13 Ind:10 RMSE(val)=151.423342
[GA][Iter3] Gen:13 Ind:11 RMSE(val)=153.557775
[GA][Iter3] Gen:13 Ind:12 RMSE(val)=151.241448
[GA][Iter3] Gen:13 Ind:13 RMSE(val)=151.047326
[GA][Iter3] Gen:13 Ind:14 RMSE(val)=152.993345
[GA][Iter3] Gen:13 Ind:15 RMSE(val)=151.129015
[GA][Iter3] Gen:13 Ind:16 RMSE(val)=151.403315
[GA][Iter3] Gen:13 Ind:17 RMSE(val)=151.491326
[GA][Iter3] Gen:13 Ind:18 RMSE(val)=150.752808
[GA][Iter3] Gen:13 Ind:19 RMSE(val)=151.334267
[GA][Iter3] Gen:13 Ind:20 RMSE(val)=151.444577
[GA][Iter3] gen=13 best_val_rmse=150.588606
[GA][Iter3] Gen:14 Ind:1 RMSE(val)=150.588606
[GA][Iter3] Gen:14 Ind:2 RMSE(val)=150.752808
[GA][Iter3] Gen:14 Ind:3 RMSE(val)=151.047326
[GA][Iter3] Gen:14 Ind:4 RMSE(val)=151.047326
[GA][Iter3] Gen:14 Ind:5 RMSE(val)=151.047326
[GA][Iter3] Gen:14 Ind:6 RMSE(val)=151.129015
[GA][Iter3] Gen:14 Ind:7 RMSE(val)=151.184464
[GA][Iter3] Gen:14 Ind:8 RMSE(val)=151.241448
[GA][Iter3] Gen:14 Ind:9 RMSE(val)=151.265468
[GA][Iter3] Gen:14 Ind:10 RMSE(val)=151.334267
[GA][Iter3] Gen:14 Ind:11 RMSE(val)=151.241448
[GA][Iter3] Gen:14 Ind:12 RMSE(val)=152.208752
[GA][Iter3] Gen:14 Ind:13 RMSE(val)=151.380009
[GA][Iter3] Gen:14 Ind:14 RMSE(val)=151.129015
[GA][Iter3] Gen:14 Ind:15 RMSE(val)=155.324518
[GA][Iter3] Gen:14 Ind:16 RMSE(val)=152.956808
[GA][Iter3] Gen:14 Ind:17 RMSE(val)=151.955296
[GA][Iter3] Gen:14 Ind:18 RMSE(val)=151.403315
[GA][Iter3] Gen:14 Ind:19 RMSE(val)=151.265468
[GA][Iter3] Gen:14 Ind:20 RMSE(val)=150.816239
[GA][Iter3] gen=14 best_val_rmse=150.588606
[GA][Iter3] Gen:15 Ind:1 RMSE(val)=150.588606
[GA][Iter3] Gen:15 Ind:2 RMSE(val)=150.752808
[GA][Iter3] Gen:15 Ind:3 RMSE(val)=150.816239
[GA][Iter3] Gen:15 Ind:4 RMSE(val)=151.047326
[GA][Iter3] Gen:15 Ind:5 RMSE(val)=151.047326
[GA][Iter3] Gen:15 Ind:6 RMSE(val)=151.047326
[GA][Iter3] Gen:15 Ind:7 RMSE(val)=151.129015
[GA][Iter3] Gen:15 Ind:8 RMSE(val)=151.129015
[GA][Iter3] Gen:15 Ind:9 RMSE(val)=151.184464
[GA][Iter3] Gen:15 Ind:10 RMSE(val)=151.241448
[GA][Iter3] Gen:15 Ind:11 RMSE(val)=151.241448
[GA][Iter3] Gen:15 Ind:12 RMSE(val)=151.221673
[GA][Iter3] Gen:15 Ind:13 RMSE(val)=151.047326
[GA][Iter3] Gen:15 Ind:14 RMSE(val)=151.599110
[GA][Iter3] Gen:15 Ind:15 RMSE(val)=154.740200
[GA][Iter3] Gen:15 Ind:16 RMSE(val)=151.583636
[GA][Iter3] Gen:15 Ind:17 RMSE(val)=151.047326
[GA][Iter3] Gen:15 Ind:18 RMSE(val)=151.129015
[GA][Iter3] Gen:15 Ind:19 RMSE(val)=151.047326
[GA][Iter3] Gen:15 Ind:20 RMSE(val)=151.403315
[GA][Iter3] gen=15 best_val_rmse=150.588606
[GA][Iter3] Gen:15 Ind:1 RMSE(val)=150.588606
[GA][Iter3] Gen:15 Ind:2 RMSE(val)=150.752808
[GA][Iter3] Gen:15 Ind:3 RMSE(val)=150.816239
[GA][Iter3] Gen:15 Ind:4 RMSE(val)=151.047326
[GA][Iter3] Gen:15 Ind:5 RMSE(val)=151.047326
[GA][Iter3] Gen:15 Ind:6 RMSE(val)=151.047326
[GA][Iter3] Gen:15 Ind:7 RMSE(val)=151.047326
[GA][Iter3] Gen:15 Ind:8 RMSE(val)=151.047326
[GA][Iter3] Gen:15 Ind:9 RMSE(val)=151.047326
[GA][Iter3] Gen:15 Ind:10 RMSE(val)=151.129015
[GA][Iter3] Gen:15 Ind:11 RMSE(val)=151.047326
[GA][Iter3] Gen:15 Ind:12 RMSE(val)=153.803398
[GA][Iter3] Gen:15 Ind:13 RMSE(val)=151.047326
[GA][Iter3] Gen:15 Ind:14 RMSE(val)=151.390063
[GA][Iter3] Gen:15 Ind:15 RMSE(val)=155.840183
[GA][Iter3] Gen:15 Ind:16 RMSE(val)=151.924388
[GA][Iter3] Gen:15 Ind:17 RMSE(val)=151.403315
[GA][Iter3] Gen:15 Ind:18 RMSE(val)=150.450173
[GA][Iter3] Gen:15 Ind:19 RMSE(val)=151.132749
[GA][Iter3] Gen:15 Ind:20 RMSE(val)=154.721024

[GA DONE][Iter3] Best params on val fold of Iter3
Best val RMSE: 150.450173
Best params: {'n_estimators': 1619, 'learning_rate': 0.07481187505307113, 'max_depth': 3, 'min_child_weight': 5.253214270729264, 'subsample': 0.6293145168300001, 'colsample_bytree': 0.9539153800516436, 'reg_lambda': 31.274213769223305, 'reg_alpha': 1.1890950690391897, 'gamma': 0.04470471181741324}
--------------------------------------------------------------------------------
[RETUNE GA] Iter3: train folds 1..7 -> test fold 8  RMSE=225.990285  NRMSE=1.154786  CVRMSE=0.246598  R2=-0.339912
[GA][Iter4] Gen:1 Ind:1 RMSE(val)=231.519720
[GA][Iter4] Gen:1 Ind:2 RMSE(val)=229.970191
[GA][Iter4] Gen:1 Ind:3 RMSE(val)=232.116904
[GA][Iter4] Gen:1 Ind:4 RMSE(val)=250.941086
[GA][Iter4] Gen:1 Ind:5 RMSE(val)=237.318747
[GA][Iter4] Gen:1 Ind:6 RMSE(val)=225.640344
[GA][Iter4] Gen:1 Ind:7 RMSE(val)=259.424364
[GA][Iter4] Gen:1 Ind:8 RMSE(val)=224.188618
[GA][Iter4] Gen:1 Ind:9 RMSE(val)=235.804989
[GA][Iter4] Gen:1 Ind:10 RMSE(val)=224.900390
[GA][Iter4] Gen:1 Ind:11 RMSE(val)=253.739556
[GA][Iter4] Gen:1 Ind:12 RMSE(val)=226.075791
[GA][Iter4] Gen:1 Ind:13 RMSE(val)=244.691136
[GA][Iter4] Gen:1 Ind:14 RMSE(val)=227.570575
[GA][Iter4] Gen:1 Ind:15 RMSE(val)=220.772141
[GA][Iter4] Gen:1 Ind:16 RMSE(val)=250.070287
[GA][Iter4] Gen:1 Ind:17 RMSE(val)=229.463741
[GA][Iter4] Gen:1 Ind:18 RMSE(val)=228.235468
[GA][Iter4] Gen:1 Ind:19 RMSE(val)=226.521491
[GA][Iter4] Gen:1 Ind:20 RMSE(val)=232.127685
[GA][Iter4] gen=1 best_val_rmse=220.772141
[GA][Iter4] Gen:2 Ind:1 RMSE(val)=220.772141
[GA][Iter4] Gen:2 Ind:2 RMSE(val)=224.188618
[GA][Iter4] Gen:2 Ind:3 RMSE(val)=224.900390
[GA][Iter4] Gen:2 Ind:4 RMSE(val)=225.640344
[GA][Iter4] Gen:2 Ind:5 RMSE(val)=226.075791
[GA][Iter4] Gen:2 Ind:6 RMSE(val)=226.521491
[GA][Iter4] Gen:2 Ind:7 RMSE(val)=227.570575
[GA][Iter4] Gen:2 Ind:8 RMSE(val)=228.235468
[GA][Iter4] Gen:2 Ind:9 RMSE(val)=229.463741
[GA][Iter4] Gen:2 Ind:10 RMSE(val)=229.970191
[GA][Iter4] Gen:2 Ind:11 RMSE(val)=228.597569
[GA][Iter4] Gen:2 Ind:12 RMSE(val)=226.804626
[GA][Iter4] Gen:2 Ind:13 RMSE(val)=225.124039
[GA][Iter4] Gen:2 Ind:14 RMSE(val)=229.261421
[GA][Iter4] Gen:2 Ind:15 RMSE(val)=228.766238
[GA][Iter4] Gen:2 Ind:16 RMSE(val)=227.711494
[GA][Iter4] Gen:2 Ind:17 RMSE(val)=222.594744
[GA][Iter4] Gen:2 Ind:18 RMSE(val)=222.520904
[GA][Iter4] Gen:2 Ind:19 RMSE(val)=230.210988
[GA][Iter4] Gen:2 Ind:20 RMSE(val)=230.509781
[GA][Iter4] gen=2 best_val_rmse=220.772141
[GA][Iter4] Gen:3 Ind:1 RMSE(val)=220.772141
[GA][Iter4] Gen:3 Ind:2 RMSE(val)=222.520904
[GA][Iter4] Gen:3 Ind:3 RMSE(val)=222.594744
[GA][Iter4] Gen:3 Ind:4 RMSE(val)=224.188618
[GA][Iter4] Gen:3 Ind:5 RMSE(val)=224.900390
[GA][Iter4] Gen:3 Ind:6 RMSE(val)=225.124039
[GA][Iter4] Gen:3 Ind:7 RMSE(val)=225.640344
[GA][Iter4] Gen:3 Ind:8 RMSE(val)=226.075791
[GA][Iter4] Gen:3 Ind:9 RMSE(val)=226.521491
[GA][Iter4] Gen:3 Ind:10 RMSE(val)=226.804626
[GA][Iter4] Gen:3 Ind:11 RMSE(val)=221.691091
[GA][Iter4] Gen:3 Ind:12 RMSE(val)=225.297784
[GA][Iter4] Gen:3 Ind:13 RMSE(val)=225.486511
[GA][Iter4] Gen:3 Ind:14 RMSE(val)=228.791389
[GA][Iter4] Gen:3 Ind:15 RMSE(val)=219.774300
[GA][Iter4] Gen:3 Ind:16 RMSE(val)=223.779791
[GA][Iter4] Gen:3 Ind:17 RMSE(val)=224.111372
[GA][Iter4] Gen:3 Ind:18 RMSE(val)=228.102293
[GA][Iter4] Gen:3 Ind:19 RMSE(val)=227.646560
[GA][Iter4] Gen:3 Ind:20 RMSE(val)=222.553967
[GA][Iter4] gen=3 best_val_rmse=219.774300
[GA][Iter4] Gen:4 Ind:1 RMSE(val)=219.774300
[GA][Iter4] Gen:4 Ind:2 RMSE(val)=220.772141
[GA][Iter4] Gen:4 Ind:3 RMSE(val)=221.691091
[GA][Iter4] Gen:4 Ind:4 RMSE(val)=222.520904
[GA][Iter4] Gen:4 Ind:5 RMSE(val)=222.553967
[GA][Iter4] Gen:4 Ind:6 RMSE(val)=222.594744
[GA][Iter4] Gen:4 Ind:7 RMSE(val)=223.779791
[GA][Iter4] Gen:4 Ind:8 RMSE(val)=224.111372
[GA][Iter4] Gen:4 Ind:9 RMSE(val)=224.188618
[GA][Iter4] Gen:4 Ind:10 RMSE(val)=224.900390
[GA][Iter4] Gen:4 Ind:11 RMSE(val)=224.810218
[GA][Iter4] Gen:4 Ind:12 RMSE(val)=218.714009
[GA][Iter4] Gen:4 Ind:13 RMSE(val)=231.233226
[GA][Iter4] Gen:4 Ind:14 RMSE(val)=217.487632
[GA][Iter4] Gen:4 Ind:15 RMSE(val)=223.616560
[GA][Iter4] Gen:4 Ind:16 RMSE(val)=224.494768
[GA][Iter4] Gen:4 Ind:17 RMSE(val)=221.795773
[GA][Iter4] Gen:4 Ind:18 RMSE(val)=223.445415
[GA][Iter4] Gen:4 Ind:19 RMSE(val)=222.251768
[GA][Iter4] Gen:4 Ind:20 RMSE(val)=224.950509
[GA][Iter4] gen=4 best_val_rmse=217.487632
[GA][Iter4] Gen:5 Ind:1 RMSE(val)=217.487632
[GA][Iter4] Gen:5 Ind:2 RMSE(val)=218.714009
[GA][Iter4] Gen:5 Ind:3 RMSE(val)=219.774300
[GA][Iter4] Gen:5 Ind:4 RMSE(val)=220.772141
[GA][Iter4] Gen:5 Ind:5 RMSE(val)=221.691091
[GA][Iter4] Gen:5 Ind:6 RMSE(val)=221.795773
[GA][Iter4] Gen:5 Ind:7 RMSE(val)=222.251768
[GA][Iter4] Gen:5 Ind:8 RMSE(val)=222.520904
[GA][Iter4] Gen:5 Ind:9 RMSE(val)=222.553967
[GA][Iter4] Gen:5 Ind:10 RMSE(val)=222.594744
[GA][Iter4] Gen:5 Ind:11 RMSE(val)=228.457464
[GA][Iter4] Gen:5 Ind:12 RMSE(val)=221.497596
[GA][Iter4] Gen:5 Ind:13 RMSE(val)=222.842665
[GA][Iter4] Gen:5 Ind:14 RMSE(val)=219.226903
[GA][Iter4] Gen:5 Ind:15 RMSE(val)=224.506531
[GA][Iter4] Gen:5 Ind:16 RMSE(val)=224.576141
[GA][Iter4] Gen:5 Ind:17 RMSE(val)=219.501929
[GA][Iter4] Gen:5 Ind:18 RMSE(val)=224.761202
[GA][Iter4] Gen:5 Ind:19 RMSE(val)=221.030323
[GA][Iter4] Gen:5 Ind:20 RMSE(val)=219.861751
[GA][Iter4] gen=5 best_val_rmse=217.487632
[GA][Iter4] Gen:6 Ind:1 RMSE(val)=217.487632
[GA][Iter4] Gen:6 Ind:2 RMSE(val)=218.714009
[GA][Iter4] Gen:6 Ind:3 RMSE(val)=219.226903
[GA][Iter4] Gen:6 Ind:4 RMSE(val)=219.501929
[GA][Iter4] Gen:6 Ind:5 RMSE(val)=219.774300
[GA][Iter4] Gen:6 Ind:6 RMSE(val)=219.861751
[GA][Iter4] Gen:6 Ind:7 RMSE(val)=220.772141
[GA][Iter4] Gen:6 Ind:8 RMSE(val)=221.030323
[GA][Iter4] Gen:6 Ind:9 RMSE(val)=221.497596
[GA][Iter4] Gen:6 Ind:10 RMSE(val)=221.691091
[GA][Iter4] Gen:6 Ind:11 RMSE(val)=224.783330
[GA][Iter4] Gen:6 Ind:12 RMSE(val)=219.476374
[GA][Iter4] Gen:6 Ind:13 RMSE(val)=219.024778
[GA][Iter4] Gen:6 Ind:14 RMSE(val)=222.590025
[GA][Iter4] Gen:6 Ind:15 RMSE(val)=221.106305
[GA][Iter4] Gen:6 Ind:16 RMSE(val)=220.098937
[GA][Iter4] Gen:6 Ind:17 RMSE(val)=221.653152
[GA][Iter4] Gen:6 Ind:18 RMSE(val)=225.220949
[GA][Iter4] Gen:6 Ind:19 RMSE(val)=221.529077
[GA][Iter4] Gen:6 Ind:20 RMSE(val)=226.725037
[GA][Iter4] gen=6 best_val_rmse=217.487632
[GA][Iter4] Gen:7 Ind:1 RMSE(val)=217.487632
[GA][Iter4] Gen:7 Ind:2 RMSE(val)=218.714009
[GA][Iter4] Gen:7 Ind:3 RMSE(val)=219.024778
[GA][Iter4] Gen:7 Ind:4 RMSE(val)=219.226903
[GA][Iter4] Gen:7 Ind:5 RMSE(val)=219.476374
[GA][Iter4] Gen:7 Ind:6 RMSE(val)=219.501929
[GA][Iter4] Gen:7 Ind:7 RMSE(val)=219.774300
[GA][Iter4] Gen:7 Ind:8 RMSE(val)=219.861751
[GA][Iter4] Gen:7 Ind:9 RMSE(val)=220.098937
[GA][Iter4] Gen:7 Ind:10 RMSE(val)=220.772141
[GA][Iter4] Gen:7 Ind:11 RMSE(val)=220.335790
[GA][Iter4] Gen:7 Ind:12 RMSE(val)=220.098937
[GA][Iter4] Gen:7 Ind:13 RMSE(val)=226.059140
[GA][Iter4] Gen:7 Ind:14 RMSE(val)=220.559572
[GA][Iter4] Gen:7 Ind:15 RMSE(val)=224.333985
[GA][Iter4] Gen:7 Ind:16 RMSE(val)=219.226903
[GA][Iter4] Gen:7 Ind:17 RMSE(val)=224.101911
[GA][Iter4] Gen:7 Ind:18 RMSE(val)=219.292425
[GA][Iter4] Gen:7 Ind:19 RMSE(val)=219.908228
[GA][Iter4] Gen:7 Ind:20 RMSE(val)=220.484022
[GA][Iter4] gen=7 best_val_rmse=217.487632
[GA][Iter4] Gen:8 Ind:1 RMSE(val)=217.487632
[GA][Iter4] Gen:8 Ind:2 RMSE(val)=218.714009
[GA][Iter4] Gen:8 Ind:3 RMSE(val)=219.024778
[GA][Iter4] Gen:8 Ind:4 RMSE(val)=219.226903
[GA][Iter4] Gen:8 Ind:5 RMSE(val)=219.226903
[GA][Iter4] Gen:8 Ind:6 RMSE(val)=219.292425
[GA][Iter4] Gen:8 Ind:7 RMSE(val)=219.476374
[GA][Iter4] Gen:8 Ind:8 RMSE(val)=219.501929
[GA][Iter4] Gen:8 Ind:9 RMSE(val)=219.774300
[GA][Iter4] Gen:8 Ind:10 RMSE(val)=219.861751
[GA][Iter4] Gen:8 Ind:11 RMSE(val)=218.681627
[GA][Iter4] Gen:8 Ind:12 RMSE(val)=220.649851
[GA][Iter4] Gen:8 Ind:13 RMSE(val)=220.690950
[GA][Iter4] Gen:8 Ind:14 RMSE(val)=219.839007
[GA][Iter4] Gen:8 Ind:15 RMSE(val)=218.714009
[GA][Iter4] Gen:8 Ind:16 RMSE(val)=221.311396
[GA][Iter4] Gen:8 Ind:17 RMSE(val)=218.594483
[GA][Iter4] Gen:8 Ind:18 RMSE(val)=218.192761
[GA][Iter4] Gen:8 Ind:19 RMSE(val)=217.268254
[GA][Iter4] Gen:8 Ind:20 RMSE(val)=224.977230
[GA][Iter4] gen=8 best_val_rmse=217.268254
[GA][Iter4] Gen:9 Ind:1 RMSE(val)=217.268254
[GA][Iter4] Gen:9 Ind:2 RMSE(val)=217.487632
[GA][Iter4] Gen:9 Ind:3 RMSE(val)=218.192761
[GA][Iter4] Gen:9 Ind:4 RMSE(val)=218.594483
[GA][Iter4] Gen:9 Ind:5 RMSE(val)=218.681627
[GA][Iter4] Gen:9 Ind:6 RMSE(val)=218.714009
[GA][Iter4] Gen:9 Ind:7 RMSE(val)=218.714009
[GA][Iter4] Gen:9 Ind:8 RMSE(val)=219.024778
[GA][Iter4] Gen:9 Ind:9 RMSE(val)=219.226903
[GA][Iter4] Gen:9 Ind:10 RMSE(val)=219.226903
[GA][Iter4] Gen:9 Ind:11 RMSE(val)=218.714009
[GA][Iter4] Gen:9 Ind:12 RMSE(val)=218.681627
[GA][Iter4] Gen:9 Ind:13 RMSE(val)=218.859241
[GA][Iter4] Gen:9 Ind:14 RMSE(val)=220.350410
[GA][Iter4] Gen:9 Ind:15 RMSE(val)=218.272573
[GA][Iter4] Gen:9 Ind:16 RMSE(val)=220.840225
[GA][Iter4] Gen:9 Ind:17 RMSE(val)=218.594483
[GA][Iter4] Gen:9 Ind:18 RMSE(val)=219.033053
[GA][Iter4] Gen:9 Ind:19 RMSE(val)=224.531195
[GA][Iter4] Gen:9 Ind:20 RMSE(val)=219.173977
[GA][Iter4] gen=9 best_val_rmse=217.268254
[GA][Iter4] Gen:10 Ind:1 RMSE(val)=217.268254
[GA][Iter4] Gen:10 Ind:2 RMSE(val)=217.487632
[GA][Iter4] Gen:10 Ind:3 RMSE(val)=218.192761
[GA][Iter4] Gen:10 Ind:4 RMSE(val)=218.272573
[GA][Iter4] Gen:10 Ind:5 RMSE(val)=218.594483
[GA][Iter4] Gen:10 Ind:6 RMSE(val)=218.594483
[GA][Iter4] Gen:10 Ind:7 RMSE(val)=218.681627
[GA][Iter4] Gen:10 Ind:8 RMSE(val)=218.681627
[GA][Iter4] Gen:10 Ind:9 RMSE(val)=218.714009
[GA][Iter4] Gen:10 Ind:10 RMSE(val)=218.714009
[GA][Iter4] Gen:10 Ind:11 RMSE(val)=220.345115
[GA][Iter4] Gen:10 Ind:12 RMSE(val)=223.254807
[GA][Iter4] Gen:10 Ind:13 RMSE(val)=218.714009
[GA][Iter4] Gen:10 Ind:14 RMSE(val)=218.594483
[GA][Iter4] Gen:10 Ind:15 RMSE(val)=218.192761
[GA][Iter4] Gen:10 Ind:16 RMSE(val)=219.226903
[GA][Iter4] Gen:10 Ind:17 RMSE(val)=223.543776
[GA][Iter4] Gen:10 Ind:18 RMSE(val)=218.681627
[GA][Iter4] Gen:10 Ind:19 RMSE(val)=216.908880
[GA][Iter4] Gen:10 Ind:20 RMSE(val)=219.640122
[GA][Iter4] gen=10 best_val_rmse=216.908880
[GA][Iter4] Gen:11 Ind:1 RMSE(val)=216.908880
[GA][Iter4] Gen:11 Ind:2 RMSE(val)=217.268254
[GA][Iter4] Gen:11 Ind:3 RMSE(val)=217.487632
[GA][Iter4] Gen:11 Ind:4 RMSE(val)=218.192761
[GA][Iter4] Gen:11 Ind:5 RMSE(val)=218.192761
[GA][Iter4] Gen:11 Ind:6 RMSE(val)=218.272573
[GA][Iter4] Gen:11 Ind:7 RMSE(val)=218.594483
[GA][Iter4] Gen:11 Ind:8 RMSE(val)=218.594483
[GA][Iter4] Gen:11 Ind:9 RMSE(val)=218.594483
[GA][Iter4] Gen:11 Ind:10 RMSE(val)=218.681627
[GA][Iter4] Gen:11 Ind:11 RMSE(val)=219.845698
[GA][Iter4] Gen:11 Ind:12 RMSE(val)=219.948080
[GA][Iter4] Gen:11 Ind:13 RMSE(val)=218.766685
[GA][Iter4] Gen:11 Ind:14 RMSE(val)=222.299788
[GA][Iter4] Gen:11 Ind:15 RMSE(val)=219.470176
[GA][Iter4] Gen:11 Ind:16 RMSE(val)=221.384978
[GA][Iter4] Gen:11 Ind:17 RMSE(val)=220.311792
[GA][Iter4] Gen:11 Ind:18 RMSE(val)=219.785548
[GA][Iter4] Gen:11 Ind:19 RMSE(val)=221.656980
[GA][Iter4] Gen:11 Ind:20 RMSE(val)=219.769535
[GA][Iter4] gen=11 best_val_rmse=216.908880
[GA][Iter4] Gen:12 Ind:1 RMSE(val)=216.908880
[GA][Iter4] Gen:12 Ind:2 RMSE(val)=217.268254
[GA][Iter4] Gen:12 Ind:3 RMSE(val)=217.487632
[GA][Iter4] Gen:12 Ind:4 RMSE(val)=218.192761
[GA][Iter4] Gen:12 Ind:5 RMSE(val)=218.192761
[GA][Iter4] Gen:12 Ind:6 RMSE(val)=218.272573
[GA][Iter4] Gen:12 Ind:7 RMSE(val)=218.594483
[GA][Iter4] Gen:12 Ind:8 RMSE(val)=218.594483
[GA][Iter4] Gen:12 Ind:9 RMSE(val)=218.594483
[GA][Iter4] Gen:12 Ind:10 RMSE(val)=218.681627
[GA][Iter4] Gen:12 Ind:11 RMSE(val)=219.308411
[GA][Iter4] Gen:12 Ind:12 RMSE(val)=218.379773
[GA][Iter4] Gen:12 Ind:13 RMSE(val)=223.125898
[GA][Iter4] Gen:12 Ind:14 RMSE(val)=219.323502
[GA][Iter4] Gen:12 Ind:15 RMSE(val)=218.681627
[GA][Iter4] Gen:12 Ind:16 RMSE(val)=218.213213
[GA][Iter4] Gen:12 Ind:17 RMSE(val)=218.875183
[GA][Iter4] Gen:12 Ind:18 RMSE(val)=216.908880
[GA][Iter4] Gen:12 Ind:19 RMSE(val)=219.421846
[GA][Iter4] Gen:12 Ind:20 RMSE(val)=218.594483
[GA][Iter4] gen=12 best_val_rmse=216.908880
[GA][Iter4] Gen:13 Ind:1 RMSE(val)=216.908880
[GA][Iter4] Gen:13 Ind:2 RMSE(val)=216.908880
[GA][Iter4] Gen:13 Ind:3 RMSE(val)=217.268254
[GA][Iter4] Gen:13 Ind:4 RMSE(val)=217.487632
[GA][Iter4] Gen:13 Ind:5 RMSE(val)=218.192761
[GA][Iter4] Gen:13 Ind:6 RMSE(val)=218.192761
[GA][Iter4] Gen:13 Ind:7 RMSE(val)=218.213213
[GA][Iter4] Gen:13 Ind:8 RMSE(val)=218.272573
[GA][Iter4] Gen:13 Ind:9 RMSE(val)=218.379773
[GA][Iter4] Gen:13 Ind:10 RMSE(val)=218.594483
[GA][Iter4] Gen:13 Ind:11 RMSE(val)=220.758959
[GA][Iter4] Gen:13 Ind:12 RMSE(val)=216.908880
[GA][Iter4] Gen:13 Ind:13 RMSE(val)=217.540055
[GA][Iter4] Gen:13 Ind:14 RMSE(val)=218.199700
[GA][Iter4] Gen:13 Ind:15 RMSE(val)=218.689314
[GA][Iter4] Gen:13 Ind:16 RMSE(val)=222.900197
[GA][Iter4] Gen:13 Ind:17 RMSE(val)=216.908880
[GA][Iter4] Gen:13 Ind:18 RMSE(val)=219.666526
[GA][Iter4] Gen:13 Ind:19 RMSE(val)=218.192761
[GA][Iter4] Gen:13 Ind:20 RMSE(val)=218.983636
[GA][Iter4] gen=13 best_val_rmse=216.908880
[GA][Iter4] Gen:14 Ind:1 RMSE(val)=216.908880
[GA][Iter4] Gen:14 Ind:2 RMSE(val)=216.908880
[GA][Iter4] Gen:14 Ind:3 RMSE(val)=216.908880
[GA][Iter4] Gen:14 Ind:4 RMSE(val)=216.908880
[GA][Iter4] Gen:14 Ind:5 RMSE(val)=217.268254
[GA][Iter4] Gen:14 Ind:6 RMSE(val)=217.487632
[GA][Iter4] Gen:14 Ind:7 RMSE(val)=217.540055
[GA][Iter4] Gen:14 Ind:8 RMSE(val)=218.192761
[GA][Iter4] Gen:14 Ind:9 RMSE(val)=218.192761
[GA][Iter4] Gen:14 Ind:10 RMSE(val)=218.192761
[GA][Iter4] Gen:14 Ind:11 RMSE(val)=221.688963
[GA][Iter4] Gen:14 Ind:12 RMSE(val)=220.823746
[GA][Iter4] Gen:14 Ind:13 RMSE(val)=220.651728
[GA][Iter4] Gen:14 Ind:14 RMSE(val)=217.487632
[GA][Iter4] Gen:14 Ind:15 RMSE(val)=221.186641
[GA][Iter4] Gen:14 Ind:16 RMSE(val)=220.381095
[GA][Iter4] Gen:14 Ind:17 RMSE(val)=219.054470
[GA][Iter4] Gen:14 Ind:18 RMSE(val)=216.908880
[GA][Iter4] Gen:14 Ind:19 RMSE(val)=220.232810
[GA][Iter4] Gen:14 Ind:20 RMSE(val)=222.372611
[GA][Iter4] gen=14 best_val_rmse=216.908880
[GA][Iter4] Gen:15 Ind:1 RMSE(val)=216.908880
[GA][Iter4] Gen:15 Ind:2 RMSE(val)=216.908880
[GA][Iter4] Gen:15 Ind:3 RMSE(val)=216.908880
[GA][Iter4] Gen:15 Ind:4 RMSE(val)=216.908880
[GA][Iter4] Gen:15 Ind:5 RMSE(val)=216.908880
[GA][Iter4] Gen:15 Ind:6 RMSE(val)=217.268254
[GA][Iter4] Gen:15 Ind:7 RMSE(val)=217.487632
[GA][Iter4] Gen:15 Ind:8 RMSE(val)=217.487632
[GA][Iter4] Gen:15 Ind:9 RMSE(val)=217.540055
[GA][Iter4] Gen:15 Ind:10 RMSE(val)=218.192761
[GA][Iter4] Gen:15 Ind:11 RMSE(val)=215.654021
[GA][Iter4] Gen:15 Ind:12 RMSE(val)=217.501614
[GA][Iter4] Gen:15 Ind:13 RMSE(val)=217.540055
[GA][Iter4] Gen:15 Ind:14 RMSE(val)=220.023144
[GA][Iter4] Gen:15 Ind:15 RMSE(val)=216.820132
[GA][Iter4] Gen:15 Ind:16 RMSE(val)=216.908880
[GA][Iter4] Gen:15 Ind:17 RMSE(val)=217.487632
[GA][Iter4] Gen:15 Ind:18 RMSE(val)=221.948127
[GA][Iter4] Gen:15 Ind:19 RMSE(val)=216.908880
[GA][Iter4] Gen:15 Ind:20 RMSE(val)=216.908880
[GA][Iter4] gen=15 best_val_rmse=215.654021
[GA][Iter4] Gen:15 Ind:1 RMSE(val)=215.654021
[GA][Iter4] Gen:15 Ind:2 RMSE(val)=216.820132
[GA][Iter4] Gen:15 Ind:3 RMSE(val)=216.908880
[GA][Iter4] Gen:15 Ind:4 RMSE(val)=216.908880
[GA][Iter4] Gen:15 Ind:5 RMSE(val)=216.908880
[GA][Iter4] Gen:15 Ind:6 RMSE(val)=216.908880
[GA][Iter4] Gen:15 Ind:7 RMSE(val)=216.908880
[GA][Iter4] Gen:15 Ind:8 RMSE(val)=216.908880
[GA][Iter4] Gen:15 Ind:9 RMSE(val)=216.908880
[GA][Iter4] Gen:15 Ind:10 RMSE(val)=216.908880
[GA][Iter4] Gen:15 Ind:11 RMSE(val)=216.908880
[GA][Iter4] Gen:15 Ind:12 RMSE(val)=217.467299
[GA][Iter4] Gen:15 Ind:13 RMSE(val)=216.908880
[GA][Iter4] Gen:15 Ind:14 RMSE(val)=216.908880
[GA][Iter4] Gen:15 Ind:15 RMSE(val)=221.111665
[GA][Iter4] Gen:15 Ind:16 RMSE(val)=218.028104
[GA][Iter4] Gen:15 Ind:17 RMSE(val)=216.908880
[GA][Iter4] Gen:15 Ind:18 RMSE(val)=217.467299
[GA][Iter4] Gen:15 Ind:19 RMSE(val)=217.209342
[GA][Iter4] Gen:15 Ind:20 RMSE(val)=218.213618

[GA DONE][Iter4] Best params on val fold of Iter4
Best val RMSE: 215.654021
Best params: {'n_estimators': 934, 'learning_rate': 0.03844946062904683, 'max_depth': 3, 'min_child_weight': 4.9943387693108425, 'subsample': 0.8715999690411856, 'colsample_bytree': 0.9941285515775249, 'reg_lambda': 31.274213769223305, 'reg_alpha': 1.1890950690391897, 'gamma': 0.06944388136995679}
--------------------------------------------------------------------------------
[RETUNE GA] Iter4: train folds 1..8 -> test fold 9  RMSE=239.286193  NRMSE=1.351435  CVRMSE=0.253352  R2=-0.835116
[GA][Iter5] Gen:1 Ind:1 RMSE(val)=261.716270
[GA][Iter5] Gen:1 Ind:2 RMSE(val)=266.032910
[GA][Iter5] Gen:1 Ind:3 RMSE(val)=264.666132
[GA][Iter5] Gen:1 Ind:4 RMSE(val)=243.744658
[GA][Iter5] Gen:1 Ind:5 RMSE(val)=260.466966
[GA][Iter5] Gen:1 Ind:6 RMSE(val)=251.457993
[GA][Iter5] Gen:1 Ind:7 RMSE(val)=242.952390
[GA][Iter5] Gen:1 Ind:8 RMSE(val)=268.777802
[GA][Iter5] Gen:1 Ind:9 RMSE(val)=277.357488
[GA][Iter5] Gen:1 Ind:10 RMSE(val)=254.915596
[GA][Iter5] Gen:1 Ind:11 RMSE(val)=245.755403
[GA][Iter5] Gen:1 Ind:12 RMSE(val)=256.637213
[GA][Iter5] Gen:1 Ind:13 RMSE(val)=241.749274
[GA][Iter5] Gen:1 Ind:14 RMSE(val)=246.342588
[GA][Iter5] Gen:1 Ind:15 RMSE(val)=248.983875
[GA][Iter5] Gen:1 Ind:16 RMSE(val)=250.563751
[GA][Iter5] Gen:1 Ind:17 RMSE(val)=256.916827
[GA][Iter5] Gen:1 Ind:18 RMSE(val)=272.209585
[GA][Iter5] Gen:1 Ind:19 RMSE(val)=249.396888
[GA][Iter5] Gen:1 Ind:20 RMSE(val)=265.042864
[GA][Iter5] gen=1 best_val_rmse=241.749274
[GA][Iter5] Gen:2 Ind:1 RMSE(val)=241.749274
[GA][Iter5] Gen:2 Ind:2 RMSE(val)=242.952390
[GA][Iter5] Gen:2 Ind:3 RMSE(val)=243.744658
[GA][Iter5] Gen:2 Ind:4 RMSE(val)=245.755403
[GA][Iter5] Gen:2 Ind:5 RMSE(val)=246.342588
[GA][Iter5] Gen:2 Ind:6 RMSE(val)=248.983875
[GA][Iter5] Gen:2 Ind:7 RMSE(val)=249.396888
[GA][Iter5] Gen:2 Ind:8 RMSE(val)=250.563751
[GA][Iter5] Gen:2 Ind:9 RMSE(val)=251.457993
[GA][Iter5] Gen:2 Ind:10 RMSE(val)=254.915596
[GA][Iter5] Gen:2 Ind:11 RMSE(val)=257.839818
[GA][Iter5] Gen:2 Ind:12 RMSE(val)=246.215559
[GA][Iter5] Gen:2 Ind:13 RMSE(val)=249.379103
[GA][Iter5] Gen:2 Ind:14 RMSE(val)=249.076046
[GA][Iter5] Gen:2 Ind:15 RMSE(val)=265.661807
[GA][Iter5] Gen:2 Ind:16 RMSE(val)=239.035814
[GA][Iter5] Gen:2 Ind:17 RMSE(val)=252.661602
[GA][Iter5] Gen:2 Ind:18 RMSE(val)=249.957907
[GA][Iter5] Gen:2 Ind:19 RMSE(val)=247.608533
[GA][Iter5] Gen:2 Ind:20 RMSE(val)=248.708203
[GA][Iter5] gen=2 best_val_rmse=239.035814
[GA][Iter5] Gen:3 Ind:1 RMSE(val)=239.035814
[GA][Iter5] Gen:3 Ind:2 RMSE(val)=241.749274
[GA][Iter5] Gen:3 Ind:3 RMSE(val)=242.952390
[GA][Iter5] Gen:3 Ind:4 RMSE(val)=243.744658
[GA][Iter5] Gen:3 Ind:5 RMSE(val)=245.755403
[GA][Iter5] Gen:3 Ind:6 RMSE(val)=246.215559
[GA][Iter5] Gen:3 Ind:7 RMSE(val)=246.342588
[GA][Iter5] Gen:3 Ind:8 RMSE(val)=247.608533
[GA][Iter5] Gen:3 Ind:9 RMSE(val)=248.708203
[GA][Iter5] Gen:3 Ind:10 RMSE(val)=248.983875
[GA][Iter5] Gen:3 Ind:11 RMSE(val)=247.010711
[GA][Iter5] Gen:3 Ind:12 RMSE(val)=243.946197
[GA][Iter5] Gen:3 Ind:13 RMSE(val)=242.264995
[GA][Iter5] Gen:3 Ind:14 RMSE(val)=233.686374
[GA][Iter5] Gen:3 Ind:15 RMSE(val)=244.468094
[GA][Iter5] Gen:3 Ind:16 RMSE(val)=244.218043
[GA][Iter5] Gen:3 Ind:17 RMSE(val)=244.455257
[GA][Iter5] Gen:3 Ind:18 RMSE(val)=253.779829
[GA][Iter5] Gen:3 Ind:19 RMSE(val)=246.849346
[GA][Iter5] Gen:3 Ind:20 RMSE(val)=242.493457
[GA][Iter5] gen=3 best_val_rmse=233.686374
[GA][Iter5] Gen:4 Ind:1 RMSE(val)=233.686374
[GA][Iter5] Gen:4 Ind:2 RMSE(val)=239.035814
[GA][Iter5] Gen:4 Ind:3 RMSE(val)=241.749274
[GA][Iter5] Gen:4 Ind:4 RMSE(val)=242.264995
[GA][Iter5] Gen:4 Ind:5 RMSE(val)=242.493457
[GA][Iter5] Gen:4 Ind:6 RMSE(val)=242.952390
[GA][Iter5] Gen:4 Ind:7 RMSE(val)=243.744658
[GA][Iter5] Gen:4 Ind:8 RMSE(val)=243.946197
[GA][Iter5] Gen:4 Ind:9 RMSE(val)=244.218043
[GA][Iter5] Gen:4 Ind:10 RMSE(val)=244.455257
[GA][Iter5] Gen:4 Ind:11 RMSE(val)=245.979833
[GA][Iter5] Gen:4 Ind:12 RMSE(val)=260.773648
[GA][Iter5] Gen:4 Ind:13 RMSE(val)=244.218043
[GA][Iter5] Gen:4 Ind:14 RMSE(val)=242.256475
[GA][Iter5] Gen:4 Ind:15 RMSE(val)=243.233893
[GA][Iter5] Gen:4 Ind:16 RMSE(val)=244.965977
[GA][Iter5] Gen:4 Ind:17 RMSE(val)=244.898954
[GA][Iter5] Gen:4 Ind:18 RMSE(val)=245.628376
[GA][Iter5] Gen:4 Ind:19 RMSE(val)=245.865620
[GA][Iter5] Gen:4 Ind:20 RMSE(val)=245.700491
[GA][Iter5] gen=4 best_val_rmse=233.686374
[GA][Iter5] Gen:5 Ind:1 RMSE(val)=233.686374
[GA][Iter5] Gen:5 Ind:2 RMSE(val)=239.035814
[GA][Iter5] Gen:5 Ind:3 RMSE(val)=241.749274
[GA][Iter5] Gen:5 Ind:4 RMSE(val)=242.256475
[GA][Iter5] Gen:5 Ind:5 RMSE(val)=242.264995
[GA][Iter5] Gen:5 Ind:6 RMSE(val)=242.493457
[GA][Iter5] Gen:5 Ind:7 RMSE(val)=242.952390
[GA][Iter5] Gen:5 Ind:8 RMSE(val)=243.233893
[GA][Iter5] Gen:5 Ind:9 RMSE(val)=243.744658
[GA][Iter5] Gen:5 Ind:10 RMSE(val)=243.946197
[GA][Iter5] Gen:5 Ind:11 RMSE(val)=243.984538
[GA][Iter5] Gen:5 Ind:12 RMSE(val)=245.809235
[GA][Iter5] Gen:5 Ind:13 RMSE(val)=242.993107
[GA][Iter5] Gen:5 Ind:14 RMSE(val)=233.351199
[GA][Iter5] Gen:5 Ind:15 RMSE(val)=242.264995
[GA][Iter5] Gen:5 Ind:16 RMSE(val)=243.454457
[GA][Iter5] Gen:5 Ind:17 RMSE(val)=245.020658
[GA][Iter5] Gen:5 Ind:18 RMSE(val)=246.030289
[GA][Iter5] Gen:5 Ind:19 RMSE(val)=241.001650
[GA][Iter5] Gen:5 Ind:20 RMSE(val)=261.033413
[GA][Iter5] gen=5 best_val_rmse=233.351199
[GA][Iter5] Gen:6 Ind:1 RMSE(val)=233.351199
[GA][Iter5] Gen:6 Ind:2 RMSE(val)=233.686374
[GA][Iter5] Gen:6 Ind:3 RMSE(val)=239.035814
[GA][Iter5] Gen:6 Ind:4 RMSE(val)=241.001650
[GA][Iter5] Gen:6 Ind:5 RMSE(val)=241.749274
[GA][Iter5] Gen:6 Ind:6 RMSE(val)=242.256475
[GA][Iter5] Gen:6 Ind:7 RMSE(val)=242.264995
[GA][Iter5] Gen:6 Ind:8 RMSE(val)=242.264995
[GA][Iter5] Gen:6 Ind:9 RMSE(val)=242.493457
[GA][Iter5] Gen:6 Ind:10 RMSE(val)=242.952390
[GA][Iter5] Gen:6 Ind:11 RMSE(val)=243.845529
[GA][Iter5] Gen:6 Ind:12 RMSE(val)=234.524996
[GA][Iter5] Gen:6 Ind:13 RMSE(val)=241.749274
[GA][Iter5] Gen:6 Ind:14 RMSE(val)=239.418269
[GA][Iter5] Gen:6 Ind:15 RMSE(val)=244.005421
[GA][Iter5] Gen:6 Ind:16 RMSE(val)=247.728141
[GA][Iter5] Gen:6 Ind:17 RMSE(val)=239.933196
[GA][Iter5] Gen:6 Ind:18 RMSE(val)=245.865311
[GA][Iter5] Gen:6 Ind:19 RMSE(val)=246.090228
[GA][Iter5] Gen:6 Ind:20 RMSE(val)=245.626712
[GA][Iter5] gen=6 best_val_rmse=233.351199
[GA][Iter5] Gen:7 Ind:1 RMSE(val)=233.351199
[GA][Iter5] Gen:7 Ind:2 RMSE(val)=233.686374
[GA][Iter5] Gen:7 Ind:3 RMSE(val)=234.524996
[GA][Iter5] Gen:7 Ind:4 RMSE(val)=239.035814
[GA][Iter5] Gen:7 Ind:5 RMSE(val)=239.418269
[GA][Iter5] Gen:7 Ind:6 RMSE(val)=239.933196
[GA][Iter5] Gen:7 Ind:7 RMSE(val)=241.001650
[GA][Iter5] Gen:7 Ind:8 RMSE(val)=241.749274
[GA][Iter5] Gen:7 Ind:9 RMSE(val)=241.749274
[GA][Iter5] Gen:7 Ind:10 RMSE(val)=242.256475
[GA][Iter5] Gen:7 Ind:11 RMSE(val)=242.229239
[GA][Iter5] Gen:7 Ind:12 RMSE(val)=241.749274
[GA][Iter5] Gen:7 Ind:13 RMSE(val)=250.990120
[GA][Iter5] Gen:7 Ind:14 RMSE(val)=242.126867
[GA][Iter5] Gen:7 Ind:15 RMSE(val)=239.120097
[GA][Iter5] Gen:7 Ind:16 RMSE(val)=271.797388
[GA][Iter5] Gen:7 Ind:17 RMSE(val)=254.077714
[GA][Iter5] Gen:7 Ind:18 RMSE(val)=237.949563
[GA][Iter5] Gen:7 Ind:19 RMSE(val)=242.229239
[GA][Iter5] Gen:7 Ind:20 RMSE(val)=260.613666
[GA][Iter5] gen=7 best_val_rmse=233.351199
[GA][Iter5] Gen:8 Ind:1 RMSE(val)=233.351199
[GA][Iter5] Gen:8 Ind:2 RMSE(val)=233.686374
[GA][Iter5] Gen:8 Ind:3 RMSE(val)=234.524996
[GA][Iter5] Gen:8 Ind:4 RMSE(val)=237.949563
[GA][Iter5] Gen:8 Ind:5 RMSE(val)=239.035814
[GA][Iter5] Gen:8 Ind:6 RMSE(val)=239.120097
[GA][Iter5] Gen:8 Ind:7 RMSE(val)=239.418269
[GA][Iter5] Gen:8 Ind:8 RMSE(val)=239.933196
[GA][Iter5] Gen:8 Ind:9 RMSE(val)=241.001650
[GA][Iter5] Gen:8 Ind:10 RMSE(val)=241.749274
[GA][Iter5] Gen:8 Ind:11 RMSE(val)=237.941275
[GA][Iter5] Gen:8 Ind:12 RMSE(val)=240.838686
[GA][Iter5] Gen:8 Ind:13 RMSE(val)=232.931799
[GA][Iter5] Gen:8 Ind:14 RMSE(val)=241.272919
[GA][Iter5] Gen:8 Ind:15 RMSE(val)=248.796098
[GA][Iter5] Gen:8 Ind:16 RMSE(val)=234.435717
[GA][Iter5] Gen:8 Ind:17 RMSE(val)=239.337999
[GA][Iter5] Gen:8 Ind:18 RMSE(val)=247.720980
[GA][Iter5] Gen:8 Ind:19 RMSE(val)=234.211870
[GA][Iter5] Gen:8 Ind:20 RMSE(val)=241.612629
[GA][Iter5] gen=8 best_val_rmse=232.931799
[GA][Iter5] Gen:9 Ind:1 RMSE(val)=232.931799
[GA][Iter5] Gen:9 Ind:2 RMSE(val)=233.351199
[GA][Iter5] Gen:9 Ind:3 RMSE(val)=233.686374
[GA][Iter5] Gen:9 Ind:4 RMSE(val)=234.211870
[GA][Iter5] Gen:9 Ind:5 RMSE(val)=234.435717
[GA][Iter5] Gen:9 Ind:6 RMSE(val)=234.524996
[GA][Iter5] Gen:9 Ind:7 RMSE(val)=237.941275
[GA][Iter5] Gen:9 Ind:8 RMSE(val)=237.949563
[GA][Iter5] Gen:9 Ind:9 RMSE(val)=239.035814
[GA][Iter5] Gen:9 Ind:10 RMSE(val)=239.120097
[GA][Iter5] Gen:9 Ind:11 RMSE(val)=262.755288
[GA][Iter5] Gen:9 Ind:12 RMSE(val)=237.316474
[GA][Iter5] Gen:9 Ind:13 RMSE(val)=234.438654
[GA][Iter5] Gen:9 Ind:14 RMSE(val)=232.998733
[GA][Iter5] Gen:9 Ind:15 RMSE(val)=232.534252
[GA][Iter5] Gen:9 Ind:16 RMSE(val)=239.678549
[GA][Iter5] Gen:9 Ind:17 RMSE(val)=233.749184
[GA][Iter5] Gen:9 Ind:18 RMSE(val)=233.579044
[GA][Iter5] Gen:9 Ind:19 RMSE(val)=241.351614
[GA][Iter5] Gen:9 Ind:20 RMSE(val)=241.760665
[GA][Iter5] gen=9 best_val_rmse=232.534252
[GA][Iter5] Gen:10 Ind:1 RMSE(val)=232.534252
[GA][Iter5] Gen:10 Ind:2 RMSE(val)=232.931799
[GA][Iter5] Gen:10 Ind:3 RMSE(val)=232.998733
[GA][Iter5] Gen:10 Ind:4 RMSE(val)=233.351199
[GA][Iter5] Gen:10 Ind:5 RMSE(val)=233.579044
[GA][Iter5] Gen:10 Ind:6 RMSE(val)=233.686374
[GA][Iter5] Gen:10 Ind:7 RMSE(val)=233.749184
[GA][Iter5] Gen:10 Ind:8 RMSE(val)=234.211870
[GA][Iter5] Gen:10 Ind:9 RMSE(val)=234.435717
[GA][Iter5] Gen:10 Ind:10 RMSE(val)=234.438654
[GA][Iter5] Gen:10 Ind:11 RMSE(val)=234.867911
[GA][Iter5] Gen:10 Ind:12 RMSE(val)=234.801654
[GA][Iter5] Gen:10 Ind:13 RMSE(val)=233.190269
[GA][Iter5] Gen:10 Ind:14 RMSE(val)=234.435717
[GA][Iter5] Gen:10 Ind:15 RMSE(val)=233.179486
[GA][Iter5] Gen:10 Ind:16 RMSE(val)=235.034151
[GA][Iter5] Gen:10 Ind:17 RMSE(val)=233.579044
[GA][Iter5] Gen:10 Ind:18 RMSE(val)=233.749184
[GA][Iter5] Gen:10 Ind:19 RMSE(val)=232.931799
[GA][Iter5] Gen:10 Ind:20 RMSE(val)=234.438654
[GA][Iter5] gen=10 best_val_rmse=232.534252
[GA][Iter5] Gen:11 Ind:1 RMSE(val)=232.534252
[GA][Iter5] Gen:11 Ind:2 RMSE(val)=232.931799
[GA][Iter5] Gen:11 Ind:3 RMSE(val)=232.931799
[GA][Iter5] Gen:11 Ind:4 RMSE(val)=232.998733
[GA][Iter5] Gen:11 Ind:5 RMSE(val)=233.179486
[GA][Iter5] Gen:11 Ind:6 RMSE(val)=233.190269
[GA][Iter5] Gen:11 Ind:7 RMSE(val)=233.351199
[GA][Iter5] Gen:11 Ind:8 RMSE(val)=233.579044
[GA][Iter5] Gen:11 Ind:9 RMSE(val)=233.579044
[GA][Iter5] Gen:11 Ind:10 RMSE(val)=233.686374
[GA][Iter5] Gen:11 Ind:11 RMSE(val)=233.299089
[GA][Iter5] Gen:11 Ind:12 RMSE(val)=234.231374
[GA][Iter5] Gen:11 Ind:13 RMSE(val)=232.225123
[GA][Iter5] Gen:11 Ind:14 RMSE(val)=233.564137
[GA][Iter5] Gen:11 Ind:15 RMSE(val)=233.906974
[GA][Iter5] Gen:11 Ind:16 RMSE(val)=232.931799
[GA][Iter5] Gen:11 Ind:17 RMSE(val)=233.251122
[GA][Iter5] Gen:11 Ind:18 RMSE(val)=233.792049
[GA][Iter5] Gen:11 Ind:19 RMSE(val)=234.446884
[GA][Iter5] Gen:11 Ind:20 RMSE(val)=233.858879
[GA][Iter5] gen=11 best_val_rmse=232.225123
[GA][Iter5] Gen:12 Ind:1 RMSE(val)=232.225123
[GA][Iter5] Gen:12 Ind:2 RMSE(val)=232.534252
[GA][Iter5] Gen:12 Ind:3 RMSE(val)=232.931799
[GA][Iter5] Gen:12 Ind:4 RMSE(val)=232.931799
[GA][Iter5] Gen:12 Ind:5 RMSE(val)=232.931799
[GA][Iter5] Gen:12 Ind:6 RMSE(val)=232.998733
[GA][Iter5] Gen:12 Ind:7 RMSE(val)=233.179486
[GA][Iter5] Gen:12 Ind:8 RMSE(val)=233.190269
[GA][Iter5] Gen:12 Ind:9 RMSE(val)=233.251122
[GA][Iter5] Gen:12 Ind:10 RMSE(val)=233.299089
[GA][Iter5] Gen:12 Ind:11 RMSE(val)=231.678966
[GA][Iter5] Gen:12 Ind:12 RMSE(val)=231.456953
[GA][Iter5] Gen:12 Ind:13 RMSE(val)=233.307563
[GA][Iter5] Gen:12 Ind:14 RMSE(val)=231.615268
[GA][Iter5] Gen:12 Ind:15 RMSE(val)=233.299089
[GA][Iter5] Gen:12 Ind:16 RMSE(val)=233.179486
[GA][Iter5] Gen:12 Ind:17 RMSE(val)=234.538420
[GA][Iter5] Gen:12 Ind:18 RMSE(val)=233.564137
[GA][Iter5] Gen:12 Ind:19 RMSE(val)=233.190269
[GA][Iter5] Gen:12 Ind:20 RMSE(val)=233.179486
[GA][Iter5] gen=12 best_val_rmse=231.456953
[GA][Iter5] Gen:13 Ind:1 RMSE(val)=231.456953
[GA][Iter5] Gen:13 Ind:2 RMSE(val)=231.615268
[GA][Iter5] Gen:13 Ind:3 RMSE(val)=231.678966
[GA][Iter5] Gen:13 Ind:4 RMSE(val)=232.225123
[GA][Iter5] Gen:13 Ind:5 RMSE(val)=232.534252
[GA][Iter5] Gen:13 Ind:6 RMSE(val)=232.931799
[GA][Iter5] Gen:13 Ind:7 RMSE(val)=232.931799
[GA][Iter5] Gen:13 Ind:8 RMSE(val)=232.931799
[GA][Iter5] Gen:13 Ind:9 RMSE(val)=232.998733
[GA][Iter5] Gen:13 Ind:10 RMSE(val)=233.179486
[GA][Iter5] Gen:13 Ind:11 RMSE(val)=232.931799
[GA][Iter5] Gen:13 Ind:12 RMSE(val)=233.140662
[GA][Iter5] Gen:13 Ind:13 RMSE(val)=234.098319
[GA][Iter5] Gen:13 Ind:14 RMSE(val)=232.853171
[GA][Iter5] Gen:13 Ind:15 RMSE(val)=232.828999
[GA][Iter5] Gen:13 Ind:16 RMSE(val)=231.757523
[GA][Iter5] Gen:13 Ind:17 RMSE(val)=230.568430
[GA][Iter5] Gen:13 Ind:18 RMSE(val)=232.546268
[GA][Iter5] Gen:13 Ind:19 RMSE(val)=232.931799
[GA][Iter5] Gen:13 Ind:20 RMSE(val)=234.507440
[GA][Iter5] gen=13 best_val_rmse=230.568430
[GA][Iter5] Gen:14 Ind:1 RMSE(val)=230.568430
[GA][Iter5] Gen:14 Ind:2 RMSE(val)=231.456953
[GA][Iter5] Gen:14 Ind:3 RMSE(val)=231.615268
[GA][Iter5] Gen:14 Ind:4 RMSE(val)=231.678966
[GA][Iter5] Gen:14 Ind:5 RMSE(val)=231.757523
[GA][Iter5] Gen:14 Ind:6 RMSE(val)=232.225123
[GA][Iter5] Gen:14 Ind:7 RMSE(val)=232.534252
[GA][Iter5] Gen:14 Ind:8 RMSE(val)=232.546268
[GA][Iter5] Gen:14 Ind:9 RMSE(val)=232.828999
[GA][Iter5] Gen:14 Ind:10 RMSE(val)=232.853171
[GA][Iter5] Gen:14 Ind:11 RMSE(val)=233.145661
[GA][Iter5] Gen:14 Ind:12 RMSE(val)=231.746117
[GA][Iter5] Gen:14 Ind:13 RMSE(val)=232.828999
[GA][Iter5] Gen:14 Ind:14 RMSE(val)=233.242588
[GA][Iter5] Gen:14 Ind:15 RMSE(val)=233.184682
[GA][Iter5] Gen:14 Ind:16 RMSE(val)=231.580532
[GA][Iter5] Gen:14 Ind:17 RMSE(val)=231.678966
[GA][Iter5] Gen:14 Ind:18 RMSE(val)=231.855465
[GA][Iter5] Gen:14 Ind:19 RMSE(val)=232.108756
[GA][Iter5] Gen:14 Ind:20 RMSE(val)=232.883614
[GA][Iter5] gen=14 best_val_rmse=230.568430
[GA][Iter5] Gen:15 Ind:1 RMSE(val)=230.568430
[GA][Iter5] Gen:15 Ind:2 RMSE(val)=231.456953
[GA][Iter5] Gen:15 Ind:3 RMSE(val)=231.580532
[GA][Iter5] Gen:15 Ind:4 RMSE(val)=231.615268
[GA][Iter5] Gen:15 Ind:5 RMSE(val)=231.678966
[GA][Iter5] Gen:15 Ind:6 RMSE(val)=231.678966
[GA][Iter5] Gen:15 Ind:7 RMSE(val)=231.746117
[GA][Iter5] Gen:15 Ind:8 RMSE(val)=231.757523
[GA][Iter5] Gen:15 Ind:9 RMSE(val)=231.855465
[GA][Iter5] Gen:15 Ind:10 RMSE(val)=232.108756
[GA][Iter5] Gen:15 Ind:11 RMSE(val)=230.838082
[GA][Iter5] Gen:15 Ind:12 RMSE(val)=231.669747
[GA][Iter5] Gen:15 Ind:13 RMSE(val)=231.660849
[GA][Iter5] Gen:15 Ind:14 RMSE(val)=233.006237
[GA][Iter5] Gen:15 Ind:15 RMSE(val)=231.803828
[GA][Iter5] Gen:15 Ind:16 RMSE(val)=231.164796
[GA][Iter5] Gen:15 Ind:17 RMSE(val)=232.304247
[GA][Iter5] Gen:15 Ind:18 RMSE(val)=231.561425
[GA][Iter5] Gen:15 Ind:19 RMSE(val)=231.678966
[GA][Iter5] Gen:15 Ind:20 RMSE(val)=231.164796
[GA][Iter5] gen=15 best_val_rmse=230.568430
[GA][Iter5] Gen:15 Ind:1 RMSE(val)=230.568430
[GA][Iter5] Gen:15 Ind:2 RMSE(val)=230.838082
[GA][Iter5] Gen:15 Ind:3 RMSE(val)=231.164796
[GA][Iter5] Gen:15 Ind:4 RMSE(val)=231.164796
[GA][Iter5] Gen:15 Ind:5 RMSE(val)=231.456953
[GA][Iter5] Gen:15 Ind:6 RMSE(val)=231.561425
[GA][Iter5] Gen:15 Ind:7 RMSE(val)=231.580532
[GA][Iter5] Gen:15 Ind:8 RMSE(val)=231.615268
[GA][Iter5] Gen:15 Ind:9 RMSE(val)=231.660849
[GA][Iter5] Gen:15 Ind:10 RMSE(val)=231.669747
[GA][Iter5] Gen:15 Ind:11 RMSE(val)=231.660849
[GA][Iter5] Gen:15 Ind:12 RMSE(val)=230.354061
[GA][Iter5] Gen:15 Ind:13 RMSE(val)=231.881158
[GA][Iter5] Gen:15 Ind:14 RMSE(val)=230.174167
[GA][Iter5] Gen:15 Ind:15 RMSE(val)=232.455135
[GA][Iter5] Gen:15 Ind:16 RMSE(val)=233.897658
[GA][Iter5] Gen:15 Ind:17 RMSE(val)=230.770265
[GA][Iter5] Gen:15 Ind:18 RMSE(val)=231.164796
[GA][Iter5] Gen:15 Ind:19 RMSE(val)=231.669336
[GA][Iter5] Gen:15 Ind:20 RMSE(val)=231.759569

[GA DONE][Iter5] Best params on val fold of Iter5
Best val RMSE: 230.174167
Best params: {'n_estimators': 638, 'learning_rate': 0.013878482397430123, 'max_depth': 4, 'min_child_weight': 9.359260805728262, 'subsample': 0.9294341847940074, 'colsample_bytree': 0.9438541601014986, 'reg_lambda': 0.6521535625664789, 'reg_alpha': 0.008763120448058114, 'gamma': 0.5327710112771777}
--------------------------------------------------------------------------------
[RETUNE GA] Iter5: train folds 1..9 -> test fold 10  RMSE=196.946862  NRMSE=1.370696  CVRMSE=0.197684  R2=-0.887796
