=== BASELINE (project=ccpay, last-7 mean, expanding folds) ===
Iter1: train folds 1..5 -> test fold 6  RMSE=34.7713  NRMSE=0.9926  CVRMSE=0.0974  R˛=0.0055
Iter2: train folds 1..6 -> test fold 7  RMSE=26.8059  NRMSE=1.0782  CVRMSE=0.0777  R˛=-0.1733
Iter3: train folds 1..7 -> test fold 8  RMSE=28.8793  NRMSE=1.0174  CVRMSE=0.0851  R˛=-0.0448
Iter4: train folds 1..8 -> test fold 9  RMSE=26.3649  NRMSE=1.0525  CVRMSE=0.0785  R˛=-0.1181
Iter5: train folds 1..9 -> test fold 10  RMSE=26.2376  NRMSE=1.0852  CVRMSE=0.0787  R˛=-0.1886
--------------------------------------------------
[FEATURES] initial=88 kept_after_screening=53
['workflow_event_trigger', 'issuer_name', 'gh_files_added', 'gh_files_deleted', 'gh_tests_deleted', 'gh_src_churn', 'gh_is_pr', 'gh_src_files', 'gh_doc_files', 'git_commits', 'gh_team_size_last_3_month', 'gh_num_pr_comments', 'gh_test_lines_per_kloc', 'docker_compose_changed', 'hour', 'dow', 'month', 'secs_since_prev', 'duration_lag_1', 'duration_lag_3', 'duration_lag_4', 'duration_lag_5', 'duration_lag_6', 'duration_lag_7', 'window_avg_7', 'window_std_7', 'window_std_3', 'ft___gradle__', 'ft___java__', 'ft___json__', 'ft___properties__', 'ft___tf_', 'ft___tfvars_', 'ft___tfvars__', 'ft___xml__', 'ft___yml_', 'ft___yml__', 'ft____config_', 'ft____gradle_', 'ft____gradle__', 'ft____java_', 'ft____java__', 'ft____properties_', 'ft____properties__', 'ft____tf_', 'ft____tf__', 'ft____tfvars_', 'ft____tfvars__', 'ft____xml_', 'ft____yaml_', 'ft____yaml__', 'ft____yml_', 'ft___']
--------------------------------------------------------------------------------
[GA][Iter1] Gen:1 Ind:1 RMSE(val)=35.964367
[GA][Iter1] Gen:1 Ind:2 RMSE(val)=31.312899
[GA][Iter1] Gen:1 Ind:3 RMSE(val)=36.074295
[GA][Iter1] Gen:1 Ind:4 RMSE(val)=35.950532
[GA][Iter1] Gen:1 Ind:5 RMSE(val)=35.936349
[GA][Iter1] Gen:1 Ind:6 RMSE(val)=36.048677
[GA][Iter1] Gen:1 Ind:7 RMSE(val)=35.959139
[GA][Iter1] Gen:1 Ind:8 RMSE(val)=30.785751
[GA][Iter1] Gen:1 Ind:9 RMSE(val)=30.838074
[GA][Iter1] Gen:1 Ind:10 RMSE(val)=34.429954
[GA][Iter1] Gen:1 Ind:11 RMSE(val)=35.885007
[GA][Iter1] Gen:1 Ind:12 RMSE(val)=33.563157
[GA][Iter1] Gen:1 Ind:13 RMSE(val)=35.917580
[GA][Iter1] Gen:1 Ind:14 RMSE(val)=35.953898
[GA][Iter1] Gen:1 Ind:15 RMSE(val)=30.876033
[GA][Iter1] Gen:1 Ind:16 RMSE(val)=35.902920
[GA][Iter1] Gen:1 Ind:17 RMSE(val)=31.317548
[GA][Iter1] Gen:1 Ind:18 RMSE(val)=34.785794
[GA][Iter1] Gen:1 Ind:19 RMSE(val)=35.900266
[GA][Iter1] Gen:1 Ind:20 RMSE(val)=36.005293
[GA][Iter1] gen=1 best_val_rmse=30.785751
[GA][Iter1] Gen:2 Ind:1 RMSE(val)=30.785751
[GA][Iter1] Gen:2 Ind:2 RMSE(val)=30.838074
[GA][Iter1] Gen:2 Ind:3 RMSE(val)=30.876033
[GA][Iter1] Gen:2 Ind:4 RMSE(val)=31.312899
[GA][Iter1] Gen:2 Ind:5 RMSE(val)=31.317548
[GA][Iter1] Gen:2 Ind:6 RMSE(val)=33.563157
[GA][Iter1] Gen:2 Ind:7 RMSE(val)=34.429954
[GA][Iter1] Gen:2 Ind:8 RMSE(val)=34.785794
[GA][Iter1] Gen:2 Ind:9 RMSE(val)=35.885007
[GA][Iter1] Gen:2 Ind:10 RMSE(val)=35.900266
[GA][Iter1] Gen:2 Ind:11 RMSE(val)=31.844052
[GA][Iter1] Gen:2 Ind:12 RMSE(val)=30.764242
[GA][Iter1] Gen:2 Ind:13 RMSE(val)=31.244630
[GA][Iter1] Gen:2 Ind:14 RMSE(val)=30.443972
[GA][Iter1] Gen:2 Ind:15 RMSE(val)=35.945204
[GA][Iter1] Gen:2 Ind:16 RMSE(val)=35.971748
[GA][Iter1] Gen:2 Ind:17 RMSE(val)=30.437335
[GA][Iter1] Gen:2 Ind:18 RMSE(val)=35.920952
[GA][Iter1] Gen:2 Ind:19 RMSE(val)=31.086571
[GA][Iter1] Gen:2 Ind:20 RMSE(val)=34.981153
[GA][Iter1] gen=2 best_val_rmse=30.437335
[GA][Iter1] Gen:3 Ind:1 RMSE(val)=30.437335
[GA][Iter1] Gen:3 Ind:2 RMSE(val)=30.443972
[GA][Iter1] Gen:3 Ind:3 RMSE(val)=30.764242
[GA][Iter1] Gen:3 Ind:4 RMSE(val)=30.785751
[GA][Iter1] Gen:3 Ind:5 RMSE(val)=30.838074
[GA][Iter1] Gen:3 Ind:6 RMSE(val)=30.876033
[GA][Iter1] Gen:3 Ind:7 RMSE(val)=31.086571
[GA][Iter1] Gen:3 Ind:8 RMSE(val)=31.244630
[GA][Iter1] Gen:3 Ind:9 RMSE(val)=31.312899
[GA][Iter1] Gen:3 Ind:10 RMSE(val)=31.317548
[GA][Iter1] Gen:3 Ind:11 RMSE(val)=30.940417
[GA][Iter1] Gen:3 Ind:12 RMSE(val)=30.458169
[GA][Iter1] Gen:3 Ind:13 RMSE(val)=30.575124
[GA][Iter1] Gen:3 Ind:14 RMSE(val)=30.647083
[GA][Iter1] Gen:3 Ind:15 RMSE(val)=30.704572
[GA][Iter1] Gen:3 Ind:16 RMSE(val)=30.700941
[GA][Iter1] Gen:3 Ind:17 RMSE(val)=30.549194
[GA][Iter1] Gen:3 Ind:18 RMSE(val)=30.669722
[GA][Iter1] Gen:3 Ind:19 RMSE(val)=30.825167
[GA][Iter1] Gen:3 Ind:20 RMSE(val)=30.883997
[GA][Iter1] gen=3 best_val_rmse=30.437335
[GA][Iter1] Gen:4 Ind:1 RMSE(val)=30.437335
[GA][Iter1] Gen:4 Ind:2 RMSE(val)=30.443972
[GA][Iter1] Gen:4 Ind:3 RMSE(val)=30.458169
[GA][Iter1] Gen:4 Ind:4 RMSE(val)=30.549194
[GA][Iter1] Gen:4 Ind:5 RMSE(val)=30.575124
[GA][Iter1] Gen:4 Ind:6 RMSE(val)=30.647083
[GA][Iter1] Gen:4 Ind:7 RMSE(val)=30.669722
[GA][Iter1] Gen:4 Ind:8 RMSE(val)=30.700941
[GA][Iter1] Gen:4 Ind:9 RMSE(val)=30.704572
[GA][Iter1] Gen:4 Ind:10 RMSE(val)=30.764242
[GA][Iter1] Gen:4 Ind:11 RMSE(val)=30.881174
[GA][Iter1] Gen:4 Ind:12 RMSE(val)=30.704418
[GA][Iter1] Gen:4 Ind:13 RMSE(val)=30.535036
[GA][Iter1] Gen:4 Ind:14 RMSE(val)=30.686355
[GA][Iter1] Gen:4 Ind:15 RMSE(val)=30.624179
[GA][Iter1] Gen:4 Ind:16 RMSE(val)=30.694476
[GA][Iter1] Gen:4 Ind:17 RMSE(val)=30.876365
[GA][Iter1] Gen:4 Ind:18 RMSE(val)=30.750211
[GA][Iter1] Gen:4 Ind:19 RMSE(val)=30.666977
[GA][Iter1] Gen:4 Ind:20 RMSE(val)=30.249030
[GA][Iter1] gen=4 best_val_rmse=30.249030
[GA][Iter1] Gen:5 Ind:1 RMSE(val)=30.249030
[GA][Iter1] Gen:5 Ind:2 RMSE(val)=30.437335
[GA][Iter1] Gen:5 Ind:3 RMSE(val)=30.443972
[GA][Iter1] Gen:5 Ind:4 RMSE(val)=30.458169
[GA][Iter1] Gen:5 Ind:5 RMSE(val)=30.535036
[GA][Iter1] Gen:5 Ind:6 RMSE(val)=30.549194
[GA][Iter1] Gen:5 Ind:7 RMSE(val)=30.575124
[GA][Iter1] Gen:5 Ind:8 RMSE(val)=30.624179
[GA][Iter1] Gen:5 Ind:9 RMSE(val)=30.647083
[GA][Iter1] Gen:5 Ind:10 RMSE(val)=30.666977
[GA][Iter1] Gen:5 Ind:11 RMSE(val)=30.406858
[GA][Iter1] Gen:5 Ind:12 RMSE(val)=30.485019
[GA][Iter1] Gen:5 Ind:13 RMSE(val)=30.016573
[GA][Iter1] Gen:5 Ind:14 RMSE(val)=30.791114
[GA][Iter1] Gen:5 Ind:15 RMSE(val)=30.565979
[GA][Iter1] Gen:5 Ind:16 RMSE(val)=30.625122
[GA][Iter1] Gen:5 Ind:17 RMSE(val)=30.558007
[GA][Iter1] Gen:5 Ind:18 RMSE(val)=30.707945
[GA][Iter1] Gen:5 Ind:19 RMSE(val)=30.703649
[GA][Iter1] Gen:5 Ind:20 RMSE(val)=30.691623
[GA][Iter1] gen=5 best_val_rmse=30.016573
[GA][Iter1] Gen:6 Ind:1 RMSE(val)=30.016573
[GA][Iter1] Gen:6 Ind:2 RMSE(val)=30.249030
[GA][Iter1] Gen:6 Ind:3 RMSE(val)=30.406858
[GA][Iter1] Gen:6 Ind:4 RMSE(val)=30.437335
[GA][Iter1] Gen:6 Ind:5 RMSE(val)=30.443972
[GA][Iter1] Gen:6 Ind:6 RMSE(val)=30.458169
[GA][Iter1] Gen:6 Ind:7 RMSE(val)=30.485019
[GA][Iter1] Gen:6 Ind:8 RMSE(val)=30.535036
[GA][Iter1] Gen:6 Ind:9 RMSE(val)=30.549194
[GA][Iter1] Gen:6 Ind:10 RMSE(val)=30.558007
[GA][Iter1] Gen:6 Ind:11 RMSE(val)=30.666886
[GA][Iter1] Gen:6 Ind:12 RMSE(val)=30.348031
[GA][Iter1] Gen:6 Ind:13 RMSE(val)=30.318208
[GA][Iter1] Gen:6 Ind:14 RMSE(val)=30.536384
[GA][Iter1] Gen:6 Ind:15 RMSE(val)=30.615050
[GA][Iter1] Gen:6 Ind:16 RMSE(val)=30.535036
[GA][Iter1] Gen:6 Ind:17 RMSE(val)=30.947621
[GA][Iter1] Gen:6 Ind:18 RMSE(val)=30.949985
[GA][Iter1] Gen:6 Ind:19 RMSE(val)=30.699615
[GA][Iter1] Gen:6 Ind:20 RMSE(val)=30.574248
[GA][Iter1] gen=6 best_val_rmse=30.016573
[GA][Iter1] Gen:7 Ind:1 RMSE(val)=30.016573
[GA][Iter1] Gen:7 Ind:2 RMSE(val)=30.249030
[GA][Iter1] Gen:7 Ind:3 RMSE(val)=30.318208
[GA][Iter1] Gen:7 Ind:4 RMSE(val)=30.348031
[GA][Iter1] Gen:7 Ind:5 RMSE(val)=30.406858
[GA][Iter1] Gen:7 Ind:6 RMSE(val)=30.437335
[GA][Iter1] Gen:7 Ind:7 RMSE(val)=30.443972
[GA][Iter1] Gen:7 Ind:8 RMSE(val)=30.458169
[GA][Iter1] Gen:7 Ind:9 RMSE(val)=30.485019
[GA][Iter1] Gen:7 Ind:10 RMSE(val)=30.535036
[GA][Iter1] Gen:7 Ind:11 RMSE(val)=30.564956
[GA][Iter1] Gen:7 Ind:12 RMSE(val)=30.585853
[GA][Iter1] Gen:7 Ind:13 RMSE(val)=30.702592
[GA][Iter1] Gen:7 Ind:14 RMSE(val)=30.782734
[GA][Iter1] Gen:7 Ind:15 RMSE(val)=30.487581
[GA][Iter1] Gen:7 Ind:16 RMSE(val)=30.348031
[GA][Iter1] Gen:7 Ind:17 RMSE(val)=30.540717
[GA][Iter1] Gen:7 Ind:18 RMSE(val)=30.444695
[GA][Iter1] Gen:7 Ind:19 RMSE(val)=30.743213
[GA][Iter1] Gen:7 Ind:20 RMSE(val)=30.456456
[GA][Iter1] gen=7 best_val_rmse=30.016573
[GA][Iter1] Gen:8 Ind:1 RMSE(val)=30.016573
[GA][Iter1] Gen:8 Ind:2 RMSE(val)=30.249030
[GA][Iter1] Gen:8 Ind:3 RMSE(val)=30.318208
[GA][Iter1] Gen:8 Ind:4 RMSE(val)=30.348031
[GA][Iter1] Gen:8 Ind:5 RMSE(val)=30.348031
[GA][Iter1] Gen:8 Ind:6 RMSE(val)=30.406858
[GA][Iter1] Gen:8 Ind:7 RMSE(val)=30.437335
[GA][Iter1] Gen:8 Ind:8 RMSE(val)=30.443972
[GA][Iter1] Gen:8 Ind:9 RMSE(val)=30.444695
[GA][Iter1] Gen:8 Ind:10 RMSE(val)=30.456456
[GA][Iter1] Gen:8 Ind:11 RMSE(val)=30.691998
[GA][Iter1] Gen:8 Ind:12 RMSE(val)=30.618608
[GA][Iter1] Gen:8 Ind:13 RMSE(val)=30.471152
[GA][Iter1] Gen:8 Ind:14 RMSE(val)=30.370527
[GA][Iter1] Gen:8 Ind:15 RMSE(val)=30.337403
[GA][Iter1] Gen:8 Ind:16 RMSE(val)=30.499781
[GA][Iter1] Gen:8 Ind:17 RMSE(val)=30.452081
[GA][Iter1] Gen:8 Ind:18 RMSE(val)=30.420846
[GA][Iter1] Gen:8 Ind:19 RMSE(val)=30.441594
[GA][Iter1] Gen:8 Ind:20 RMSE(val)=30.364925
[GA][Iter1] gen=8 best_val_rmse=30.016573
[GA][Iter1] Gen:9 Ind:1 RMSE(val)=30.016573
[GA][Iter1] Gen:9 Ind:2 RMSE(val)=30.249030
[GA][Iter1] Gen:9 Ind:3 RMSE(val)=30.318208
[GA][Iter1] Gen:9 Ind:4 RMSE(val)=30.337403
[GA][Iter1] Gen:9 Ind:5 RMSE(val)=30.348031
[GA][Iter1] Gen:9 Ind:6 RMSE(val)=30.348031
[GA][Iter1] Gen:9 Ind:7 RMSE(val)=30.364925
[GA][Iter1] Gen:9 Ind:8 RMSE(val)=30.370527
[GA][Iter1] Gen:9 Ind:9 RMSE(val)=30.406858
[GA][Iter1] Gen:9 Ind:10 RMSE(val)=30.420846
[GA][Iter1] Gen:9 Ind:11 RMSE(val)=30.369234
[GA][Iter1] Gen:9 Ind:12 RMSE(val)=30.344406
[GA][Iter1] Gen:9 Ind:13 RMSE(val)=30.270850
[GA][Iter1] Gen:9 Ind:14 RMSE(val)=30.711233
[GA][Iter1] Gen:9 Ind:15 RMSE(val)=30.189941
[GA][Iter1] Gen:9 Ind:16 RMSE(val)=30.498566
[GA][Iter1] Gen:9 Ind:17 RMSE(val)=30.615402
[GA][Iter1] Gen:9 Ind:18 RMSE(val)=30.348031
[GA][Iter1] Gen:9 Ind:19 RMSE(val)=30.132603
[GA][Iter1] Gen:9 Ind:20 RMSE(val)=30.622089
[GA][Iter1] gen=9 best_val_rmse=30.016573
[GA][Iter1] Gen:10 Ind:1 RMSE(val)=30.016573
[GA][Iter1] Gen:10 Ind:2 RMSE(val)=30.132603
[GA][Iter1] Gen:10 Ind:3 RMSE(val)=30.189941
[GA][Iter1] Gen:10 Ind:4 RMSE(val)=30.249030
[GA][Iter1] Gen:10 Ind:5 RMSE(val)=30.270850
[GA][Iter1] Gen:10 Ind:6 RMSE(val)=30.318208
[GA][Iter1] Gen:10 Ind:7 RMSE(val)=30.337403
[GA][Iter1] Gen:10 Ind:8 RMSE(val)=30.344406
[GA][Iter1] Gen:10 Ind:9 RMSE(val)=30.348031
[GA][Iter1] Gen:10 Ind:10 RMSE(val)=30.348031
[GA][Iter1] Gen:10 Ind:11 RMSE(val)=30.311606
[GA][Iter1] Gen:10 Ind:12 RMSE(val)=31.102181
[GA][Iter1] Gen:10 Ind:13 RMSE(val)=30.422270
[GA][Iter1] Gen:10 Ind:14 RMSE(val)=30.405856
[GA][Iter1] Gen:10 Ind:15 RMSE(val)=30.189941
[GA][Iter1] Gen:10 Ind:16 RMSE(val)=30.476092
[GA][Iter1] Gen:10 Ind:17 RMSE(val)=30.383467
[GA][Iter1] Gen:10 Ind:18 RMSE(val)=30.348031
[GA][Iter1] Gen:10 Ind:19 RMSE(val)=30.254925
[GA][Iter1] Gen:10 Ind:20 RMSE(val)=30.811720
[GA][Iter1] gen=10 best_val_rmse=30.016573
[GA][Iter1] Gen:11 Ind:1 RMSE(val)=30.016573
[GA][Iter1] Gen:11 Ind:2 RMSE(val)=30.132603
[GA][Iter1] Gen:11 Ind:3 RMSE(val)=30.189941
[GA][Iter1] Gen:11 Ind:4 RMSE(val)=30.189941
[GA][Iter1] Gen:11 Ind:5 RMSE(val)=30.249030
[GA][Iter1] Gen:11 Ind:6 RMSE(val)=30.254925
[GA][Iter1] Gen:11 Ind:7 RMSE(val)=30.270850
[GA][Iter1] Gen:11 Ind:8 RMSE(val)=30.311606
[GA][Iter1] Gen:11 Ind:9 RMSE(val)=30.318208
[GA][Iter1] Gen:11 Ind:10 RMSE(val)=30.337403
[GA][Iter1] Gen:11 Ind:11 RMSE(val)=30.141855
[GA][Iter1] Gen:11 Ind:12 RMSE(val)=30.247531
[GA][Iter1] Gen:11 Ind:13 RMSE(val)=30.370231
[GA][Iter1] Gen:11 Ind:14 RMSE(val)=30.337403
[GA][Iter1] Gen:11 Ind:15 RMSE(val)=30.272561
[GA][Iter1] Gen:11 Ind:16 RMSE(val)=30.082415
[GA][Iter1] Gen:11 Ind:17 RMSE(val)=30.185473
[GA][Iter1] Gen:11 Ind:18 RMSE(val)=30.835550
[GA][Iter1] Gen:11 Ind:19 RMSE(val)=30.246696
[GA][Iter1] Gen:11 Ind:20 RMSE(val)=30.217128
[GA][Iter1] gen=11 best_val_rmse=30.016573
[GA][Iter1] Gen:12 Ind:1 RMSE(val)=30.016573
[GA][Iter1] Gen:12 Ind:2 RMSE(val)=30.082415
[GA][Iter1] Gen:12 Ind:3 RMSE(val)=30.132603
[GA][Iter1] Gen:12 Ind:4 RMSE(val)=30.141855
[GA][Iter1] Gen:12 Ind:5 RMSE(val)=30.185473
[GA][Iter1] Gen:12 Ind:6 RMSE(val)=30.189941
[GA][Iter1] Gen:12 Ind:7 RMSE(val)=30.189941
[GA][Iter1] Gen:12 Ind:8 RMSE(val)=30.217128
[GA][Iter1] Gen:12 Ind:9 RMSE(val)=30.246696
[GA][Iter1] Gen:12 Ind:10 RMSE(val)=30.247531
[GA][Iter1] Gen:12 Ind:11 RMSE(val)=30.042665
[GA][Iter1] Gen:12 Ind:12 RMSE(val)=30.078953
[GA][Iter1] Gen:12 Ind:13 RMSE(val)=30.514241
[GA][Iter1] Gen:12 Ind:14 RMSE(val)=30.269623
[GA][Iter1] Gen:12 Ind:15 RMSE(val)=30.247531
[GA][Iter1] Gen:12 Ind:16 RMSE(val)=30.189941
[GA][Iter1] Gen:12 Ind:17 RMSE(val)=30.200592
[GA][Iter1] Gen:12 Ind:18 RMSE(val)=30.247343
[GA][Iter1] Gen:12 Ind:19 RMSE(val)=30.045390
[GA][Iter1] Gen:12 Ind:20 RMSE(val)=30.122332
[GA][Iter1] gen=12 best_val_rmse=30.016573
[GA][Iter1] Gen:13 Ind:1 RMSE(val)=30.016573
[GA][Iter1] Gen:13 Ind:2 RMSE(val)=30.042665
[GA][Iter1] Gen:13 Ind:3 RMSE(val)=30.045390
[GA][Iter1] Gen:13 Ind:4 RMSE(val)=30.078953
[GA][Iter1] Gen:13 Ind:5 RMSE(val)=30.082415
[GA][Iter1] Gen:13 Ind:6 RMSE(val)=30.122332
[GA][Iter1] Gen:13 Ind:7 RMSE(val)=30.132603
[GA][Iter1] Gen:13 Ind:8 RMSE(val)=30.141855
[GA][Iter1] Gen:13 Ind:9 RMSE(val)=30.185473
[GA][Iter1] Gen:13 Ind:10 RMSE(val)=30.189941
[GA][Iter1] Gen:13 Ind:11 RMSE(val)=30.200836
[GA][Iter1] Gen:13 Ind:12 RMSE(val)=30.190313
[GA][Iter1] Gen:13 Ind:13 RMSE(val)=30.042665
[GA][Iter1] Gen:13 Ind:14 RMSE(val)=30.032035
[GA][Iter1] Gen:13 Ind:15 RMSE(val)=30.533945
[GA][Iter1] Gen:13 Ind:16 RMSE(val)=30.349550
[GA][Iter1] Gen:13 Ind:17 RMSE(val)=30.527628
[GA][Iter1] Gen:13 Ind:18 RMSE(val)=30.227239
[GA][Iter1] Gen:13 Ind:19 RMSE(val)=30.122332
[GA][Iter1] Gen:13 Ind:20 RMSE(val)=30.426928
[GA][Iter1] gen=13 best_val_rmse=30.016573
[GA][Iter1] Gen:14 Ind:1 RMSE(val)=30.016573
[GA][Iter1] Gen:14 Ind:2 RMSE(val)=30.032035
[GA][Iter1] Gen:14 Ind:3 RMSE(val)=30.042665
[GA][Iter1] Gen:14 Ind:4 RMSE(val)=30.042665
[GA][Iter1] Gen:14 Ind:5 RMSE(val)=30.045390
[GA][Iter1] Gen:14 Ind:6 RMSE(val)=30.078953
[GA][Iter1] Gen:14 Ind:7 RMSE(val)=30.082415
[GA][Iter1] Gen:14 Ind:8 RMSE(val)=30.122332
[GA][Iter1] Gen:14 Ind:9 RMSE(val)=30.122332
[GA][Iter1] Gen:14 Ind:10 RMSE(val)=30.132603
[GA][Iter1] Gen:14 Ind:11 RMSE(val)=29.865218
[GA][Iter1] Gen:14 Ind:12 RMSE(val)=30.179412
[GA][Iter1] Gen:14 Ind:13 RMSE(val)=30.288519
[GA][Iter1] Gen:14 Ind:14 RMSE(val)=30.189941
[GA][Iter1] Gen:14 Ind:15 RMSE(val)=30.000300
[GA][Iter1] Gen:14 Ind:16 RMSE(val)=30.340103
[GA][Iter1] Gen:14 Ind:17 RMSE(val)=30.599065
[GA][Iter1] Gen:14 Ind:18 RMSE(val)=30.289464
[GA][Iter1] Gen:14 Ind:19 RMSE(val)=30.237668
[GA][Iter1] Gen:14 Ind:20 RMSE(val)=30.199528
[GA][Iter1] gen=14 best_val_rmse=29.865218
[GA][Iter1] Gen:15 Ind:1 RMSE(val)=29.865218
[GA][Iter1] Gen:15 Ind:2 RMSE(val)=30.000300
[GA][Iter1] Gen:15 Ind:3 RMSE(val)=30.016573
[GA][Iter1] Gen:15 Ind:4 RMSE(val)=30.032035
[GA][Iter1] Gen:15 Ind:5 RMSE(val)=30.042665
[GA][Iter1] Gen:15 Ind:6 RMSE(val)=30.042665
[GA][Iter1] Gen:15 Ind:7 RMSE(val)=30.045390
[GA][Iter1] Gen:15 Ind:8 RMSE(val)=30.078953
[GA][Iter1] Gen:15 Ind:9 RMSE(val)=30.082415
[GA][Iter1] Gen:15 Ind:10 RMSE(val)=30.122332
[GA][Iter1] Gen:15 Ind:11 RMSE(val)=30.171036
[GA][Iter1] Gen:15 Ind:12 RMSE(val)=29.933346
[GA][Iter1] Gen:15 Ind:13 RMSE(val)=30.016248
[GA][Iter1] Gen:15 Ind:14 RMSE(val)=30.189941
[GA][Iter1] Gen:15 Ind:15 RMSE(val)=30.268821
[GA][Iter1] Gen:15 Ind:16 RMSE(val)=30.141568
[GA][Iter1] Gen:15 Ind:17 RMSE(val)=31.740356
[GA][Iter1] Gen:15 Ind:18 RMSE(val)=29.848156
[GA][Iter1] Gen:15 Ind:19 RMSE(val)=30.042665
[GA][Iter1] Gen:15 Ind:20 RMSE(val)=30.141568
[GA][Iter1] gen=15 best_val_rmse=29.848156
[GA][Iter1] Gen:15 Ind:1 RMSE(val)=29.848156
[GA][Iter1] Gen:15 Ind:2 RMSE(val)=29.865218
[GA][Iter1] Gen:15 Ind:3 RMSE(val)=29.933346
[GA][Iter1] Gen:15 Ind:4 RMSE(val)=30.000300
[GA][Iter1] Gen:15 Ind:5 RMSE(val)=30.016248
[GA][Iter1] Gen:15 Ind:6 RMSE(val)=30.016573
[GA][Iter1] Gen:15 Ind:7 RMSE(val)=30.032035
[GA][Iter1] Gen:15 Ind:8 RMSE(val)=30.042665
[GA][Iter1] Gen:15 Ind:9 RMSE(val)=30.042665
[GA][Iter1] Gen:15 Ind:10 RMSE(val)=30.042665
[GA][Iter1] Gen:15 Ind:11 RMSE(val)=30.042665
[GA][Iter1] Gen:15 Ind:12 RMSE(val)=29.848156
[GA][Iter1] Gen:15 Ind:13 RMSE(val)=30.042665
[GA][Iter1] Gen:15 Ind:14 RMSE(val)=30.133623
[GA][Iter1] Gen:15 Ind:15 RMSE(val)=30.849027
[GA][Iter1] Gen:15 Ind:16 RMSE(val)=30.179261
[GA][Iter1] Gen:15 Ind:17 RMSE(val)=30.102729
[GA][Iter1] Gen:15 Ind:18 RMSE(val)=30.102729
[GA][Iter1] Gen:15 Ind:19 RMSE(val)=30.607805
[GA][Iter1] Gen:15 Ind:20 RMSE(val)=30.154209

[GA DONE][Iter1] Best params on val fold of Iter1
Best val RMSE: 29.848156
Best params: {'n_estimators': 1322, 'learning_rate': 0.07056977664783903, 'max_depth': 5, 'min_child_weight': 2.161259475300781, 'subsample': 0.6741293719047287, 'colsample_bytree': 0.9941285515775249, 'reg_lambda': 10.32466393430107, 'reg_alpha': 0.011397051271381718, 'gamma': 0.04470471181741324}
--------------------------------------------------------------------------------
[RETUNE GA] Iter1: train folds 1..5 -> test fold 6  RMSE=34.010006  NRMSE=0.970905  CVRMSE=0.095219  R2=0.048534
[GA][Iter2] Gen:1 Ind:1 RMSE(val)=36.136192
[GA][Iter2] Gen:1 Ind:2 RMSE(val)=33.489505
[GA][Iter2] Gen:1 Ind:3 RMSE(val)=36.491049
[GA][Iter2] Gen:1 Ind:4 RMSE(val)=36.457484
[GA][Iter2] Gen:1 Ind:5 RMSE(val)=36.463963
[GA][Iter2] Gen:1 Ind:6 RMSE(val)=36.496086
[GA][Iter2] Gen:1 Ind:7 RMSE(val)=36.450296
[GA][Iter2] Gen:1 Ind:8 RMSE(val)=33.968093
[GA][Iter2] Gen:1 Ind:9 RMSE(val)=34.163970
[GA][Iter2] Gen:1 Ind:10 RMSE(val)=34.941032
[GA][Iter2] Gen:1 Ind:11 RMSE(val)=36.402502
[GA][Iter2] Gen:1 Ind:12 RMSE(val)=34.545748
[GA][Iter2] Gen:1 Ind:13 RMSE(val)=36.442253
[GA][Iter2] Gen:1 Ind:14 RMSE(val)=35.914120
[GA][Iter2] Gen:1 Ind:15 RMSE(val)=33.570558
[GA][Iter2] Gen:1 Ind:16 RMSE(val)=36.426843
[GA][Iter2] Gen:1 Ind:17 RMSE(val)=33.783248
[GA][Iter2] Gen:1 Ind:18 RMSE(val)=35.154564
[GA][Iter2] Gen:1 Ind:19 RMSE(val)=36.430202
[GA][Iter2] Gen:1 Ind:20 RMSE(val)=36.467923
[GA][Iter2] gen=1 best_val_rmse=33.489505
[GA][Iter2] Gen:2 Ind:1 RMSE(val)=33.489505
[GA][Iter2] Gen:2 Ind:2 RMSE(val)=33.570558
[GA][Iter2] Gen:2 Ind:3 RMSE(val)=33.783248
[GA][Iter2] Gen:2 Ind:4 RMSE(val)=33.968093
[GA][Iter2] Gen:2 Ind:5 RMSE(val)=34.163970
[GA][Iter2] Gen:2 Ind:6 RMSE(val)=34.545748
[GA][Iter2] Gen:2 Ind:7 RMSE(val)=34.941032
[GA][Iter2] Gen:2 Ind:8 RMSE(val)=35.154564
[GA][Iter2] Gen:2 Ind:9 RMSE(val)=35.914120
[GA][Iter2] Gen:2 Ind:10 RMSE(val)=36.136192
[GA][Iter2] Gen:2 Ind:11 RMSE(val)=33.833976
[GA][Iter2] Gen:2 Ind:12 RMSE(val)=33.644519
[GA][Iter2] Gen:2 Ind:13 RMSE(val)=34.168723
[GA][Iter2] Gen:2 Ind:14 RMSE(val)=33.799546
[GA][Iter2] Gen:2 Ind:15 RMSE(val)=35.723592
[GA][Iter2] Gen:2 Ind:16 RMSE(val)=35.041436
[GA][Iter2] Gen:2 Ind:17 RMSE(val)=33.554850
[GA][Iter2] Gen:2 Ind:18 RMSE(val)=35.332210
[GA][Iter2] Gen:2 Ind:19 RMSE(val)=33.876094
[GA][Iter2] Gen:2 Ind:20 RMSE(val)=35.252324
[GA][Iter2] gen=2 best_val_rmse=33.489505
[GA][Iter2] Gen:3 Ind:1 RMSE(val)=33.489505
[GA][Iter2] Gen:3 Ind:2 RMSE(val)=33.554850
[GA][Iter2] Gen:3 Ind:3 RMSE(val)=33.570558
[GA][Iter2] Gen:3 Ind:4 RMSE(val)=33.644519
[GA][Iter2] Gen:3 Ind:5 RMSE(val)=33.783248
[GA][Iter2] Gen:3 Ind:6 RMSE(val)=33.799546
[GA][Iter2] Gen:3 Ind:7 RMSE(val)=33.833976
[GA][Iter2] Gen:3 Ind:8 RMSE(val)=33.876094
[GA][Iter2] Gen:3 Ind:9 RMSE(val)=33.968093
[GA][Iter2] Gen:3 Ind:10 RMSE(val)=34.163970
[GA][Iter2] Gen:3 Ind:11 RMSE(val)=33.833114
[GA][Iter2] Gen:3 Ind:12 RMSE(val)=33.831352
[GA][Iter2] Gen:3 Ind:13 RMSE(val)=33.761265
[GA][Iter2] Gen:3 Ind:14 RMSE(val)=33.654680
[GA][Iter2] Gen:3 Ind:15 RMSE(val)=33.708130
[GA][Iter2] Gen:3 Ind:16 RMSE(val)=33.790818
[GA][Iter2] Gen:3 Ind:17 RMSE(val)=33.821126
[GA][Iter2] Gen:3 Ind:18 RMSE(val)=33.847878
[GA][Iter2] Gen:3 Ind:19 RMSE(val)=33.825152
[GA][Iter2] Gen:3 Ind:20 RMSE(val)=33.761265
[GA][Iter2] gen=3 best_val_rmse=33.489505
[GA][Iter2] Gen:4 Ind:1 RMSE(val)=33.489505
[GA][Iter2] Gen:4 Ind:2 RMSE(val)=33.554850
[GA][Iter2] Gen:4 Ind:3 RMSE(val)=33.570558
[GA][Iter2] Gen:4 Ind:4 RMSE(val)=33.644519
[GA][Iter2] Gen:4 Ind:5 RMSE(val)=33.654680
[GA][Iter2] Gen:4 Ind:6 RMSE(val)=33.708130
[GA][Iter2] Gen:4 Ind:7 RMSE(val)=33.761265
[GA][Iter2] Gen:4 Ind:8 RMSE(val)=33.761265
[GA][Iter2] Gen:4 Ind:9 RMSE(val)=33.783248
[GA][Iter2] Gen:4 Ind:10 RMSE(val)=33.790818
[GA][Iter2] Gen:4 Ind:11 RMSE(val)=33.761265
[GA][Iter2] Gen:4 Ind:12 RMSE(val)=33.496256
[GA][Iter2] Gen:4 Ind:13 RMSE(val)=33.761265
[GA][Iter2] Gen:4 Ind:14 RMSE(val)=33.679130
[GA][Iter2] Gen:4 Ind:15 RMSE(val)=33.799930
[GA][Iter2] Gen:4 Ind:16 RMSE(val)=33.790818
[GA][Iter2] Gen:4 Ind:17 RMSE(val)=33.817770
[GA][Iter2] Gen:4 Ind:18 RMSE(val)=33.697971
[GA][Iter2] Gen:4 Ind:19 RMSE(val)=33.742040
[GA][Iter2] Gen:4 Ind:20 RMSE(val)=33.644519
[GA][Iter2] gen=4 best_val_rmse=33.489505
[GA][Iter2] Gen:5 Ind:1 RMSE(val)=33.489505
[GA][Iter2] Gen:5 Ind:2 RMSE(val)=33.496256
[GA][Iter2] Gen:5 Ind:3 RMSE(val)=33.554850
[GA][Iter2] Gen:5 Ind:4 RMSE(val)=33.570558
[GA][Iter2] Gen:5 Ind:5 RMSE(val)=33.644519
[GA][Iter2] Gen:5 Ind:6 RMSE(val)=33.644519
[GA][Iter2] Gen:5 Ind:7 RMSE(val)=33.654680
[GA][Iter2] Gen:5 Ind:8 RMSE(val)=33.679130
[GA][Iter2] Gen:5 Ind:9 RMSE(val)=33.697971
[GA][Iter2] Gen:5 Ind:10 RMSE(val)=33.708130
[GA][Iter2] Gen:5 Ind:11 RMSE(val)=33.443522
[GA][Iter2] Gen:5 Ind:12 RMSE(val)=33.442828
[GA][Iter2] Gen:5 Ind:13 RMSE(val)=33.475223
[GA][Iter2] Gen:5 Ind:14 RMSE(val)=33.331810
[GA][Iter2] Gen:5 Ind:15 RMSE(val)=33.644519
[GA][Iter2] Gen:5 Ind:16 RMSE(val)=33.759909
[GA][Iter2] Gen:5 Ind:17 RMSE(val)=33.816679
[GA][Iter2] Gen:5 Ind:18 RMSE(val)=33.524513
[GA][Iter2] Gen:5 Ind:19 RMSE(val)=33.598722
[GA][Iter2] Gen:5 Ind:20 RMSE(val)=33.559079
[GA][Iter2] gen=5 best_val_rmse=33.331810
[GA][Iter2] Gen:6 Ind:1 RMSE(val)=33.331810
[GA][Iter2] Gen:6 Ind:2 RMSE(val)=33.442828
[GA][Iter2] Gen:6 Ind:3 RMSE(val)=33.443522
[GA][Iter2] Gen:6 Ind:4 RMSE(val)=33.475223
[GA][Iter2] Gen:6 Ind:5 RMSE(val)=33.489505
[GA][Iter2] Gen:6 Ind:6 RMSE(val)=33.496256
[GA][Iter2] Gen:6 Ind:7 RMSE(val)=33.524513
[GA][Iter2] Gen:6 Ind:8 RMSE(val)=33.554850
[GA][Iter2] Gen:6 Ind:9 RMSE(val)=33.559079
[GA][Iter2] Gen:6 Ind:10 RMSE(val)=33.570558
[GA][Iter2] Gen:6 Ind:11 RMSE(val)=33.640749
[GA][Iter2] Gen:6 Ind:12 RMSE(val)=33.533877
[GA][Iter2] Gen:6 Ind:13 RMSE(val)=33.521857
[GA][Iter2] Gen:6 Ind:14 RMSE(val)=33.496076
[GA][Iter2] Gen:6 Ind:15 RMSE(val)=33.343436
[GA][Iter2] Gen:6 Ind:16 RMSE(val)=33.320230
[GA][Iter2] Gen:6 Ind:17 RMSE(val)=33.412396
[GA][Iter2] Gen:6 Ind:18 RMSE(val)=33.589054
[GA][Iter2] Gen:6 Ind:19 RMSE(val)=33.403872
[GA][Iter2] Gen:6 Ind:20 RMSE(val)=33.626655
[GA][Iter2] gen=6 best_val_rmse=33.320230
[GA][Iter2] Gen:7 Ind:1 RMSE(val)=33.320230
[GA][Iter2] Gen:7 Ind:2 RMSE(val)=33.331810
[GA][Iter2] Gen:7 Ind:3 RMSE(val)=33.343436
[GA][Iter2] Gen:7 Ind:4 RMSE(val)=33.403872
[GA][Iter2] Gen:7 Ind:5 RMSE(val)=33.412396
[GA][Iter2] Gen:7 Ind:6 RMSE(val)=33.442828
[GA][Iter2] Gen:7 Ind:7 RMSE(val)=33.443522
[GA][Iter2] Gen:7 Ind:8 RMSE(val)=33.475223
[GA][Iter2] Gen:7 Ind:9 RMSE(val)=33.489505
[GA][Iter2] Gen:7 Ind:10 RMSE(val)=33.496076
[GA][Iter2] Gen:7 Ind:11 RMSE(val)=33.550719
[GA][Iter2] Gen:7 Ind:12 RMSE(val)=33.489505
[GA][Iter2] Gen:7 Ind:13 RMSE(val)=33.682250
[GA][Iter2] Gen:7 Ind:14 RMSE(val)=33.400811
[GA][Iter2] Gen:7 Ind:15 RMSE(val)=33.442828
[GA][Iter2] Gen:7 Ind:16 RMSE(val)=33.307609
[GA][Iter2] Gen:7 Ind:17 RMSE(val)=33.331810
[GA][Iter2] Gen:7 Ind:18 RMSE(val)=33.281021
[GA][Iter2] Gen:7 Ind:19 RMSE(val)=33.188160
[GA][Iter2] Gen:7 Ind:20 RMSE(val)=33.554850
[GA][Iter2] gen=7 best_val_rmse=33.188160
[GA][Iter2] Gen:8 Ind:1 RMSE(val)=33.188160
[GA][Iter2] Gen:8 Ind:2 RMSE(val)=33.281021
[GA][Iter2] Gen:8 Ind:3 RMSE(val)=33.307609
[GA][Iter2] Gen:8 Ind:4 RMSE(val)=33.320230
[GA][Iter2] Gen:8 Ind:5 RMSE(val)=33.331810
[GA][Iter2] Gen:8 Ind:6 RMSE(val)=33.331810
[GA][Iter2] Gen:8 Ind:7 RMSE(val)=33.343436
[GA][Iter2] Gen:8 Ind:8 RMSE(val)=33.400811
[GA][Iter2] Gen:8 Ind:9 RMSE(val)=33.403872
[GA][Iter2] Gen:8 Ind:10 RMSE(val)=33.412396
[GA][Iter2] Gen:8 Ind:11 RMSE(val)=33.409353
[GA][Iter2] Gen:8 Ind:12 RMSE(val)=33.386025
[GA][Iter2] Gen:8 Ind:13 RMSE(val)=33.496256
[GA][Iter2] Gen:8 Ind:14 RMSE(val)=33.480709
[GA][Iter2] Gen:8 Ind:15 RMSE(val)=33.554850
[GA][Iter2] Gen:8 Ind:16 RMSE(val)=33.281021
[GA][Iter2] Gen:8 Ind:17 RMSE(val)=33.635891
[GA][Iter2] Gen:8 Ind:18 RMSE(val)=33.345623
[GA][Iter2] Gen:8 Ind:19 RMSE(val)=33.347785
[GA][Iter2] Gen:8 Ind:20 RMSE(val)=33.328108
[GA][Iter2] gen=8 best_val_rmse=33.188160
[GA][Iter2] Gen:9 Ind:1 RMSE(val)=33.188160
[GA][Iter2] Gen:9 Ind:2 RMSE(val)=33.281021
[GA][Iter2] Gen:9 Ind:3 RMSE(val)=33.281021
[GA][Iter2] Gen:9 Ind:4 RMSE(val)=33.307609
[GA][Iter2] Gen:9 Ind:5 RMSE(val)=33.320230
[GA][Iter2] Gen:9 Ind:6 RMSE(val)=33.328108
[GA][Iter2] Gen:9 Ind:7 RMSE(val)=33.331810
[GA][Iter2] Gen:9 Ind:8 RMSE(val)=33.331810
[GA][Iter2] Gen:9 Ind:9 RMSE(val)=33.343436
[GA][Iter2] Gen:9 Ind:10 RMSE(val)=33.345623
[GA][Iter2] Gen:9 Ind:11 RMSE(val)=33.331810
[GA][Iter2] Gen:9 Ind:12 RMSE(val)=33.353676
[GA][Iter2] Gen:9 Ind:13 RMSE(val)=33.664586
[GA][Iter2] Gen:9 Ind:14 RMSE(val)=33.231119
[GA][Iter2] Gen:9 Ind:15 RMSE(val)=33.281021
[GA][Iter2] Gen:9 Ind:16 RMSE(val)=33.338715
[GA][Iter2] Gen:9 Ind:17 RMSE(val)=33.269291
[GA][Iter2] Gen:9 Ind:18 RMSE(val)=33.214667
[GA][Iter2] Gen:9 Ind:19 RMSE(val)=33.513779
[GA][Iter2] Gen:9 Ind:20 RMSE(val)=33.498038
[GA][Iter2] gen=9 best_val_rmse=33.188160
[GA][Iter2] Gen:10 Ind:1 RMSE(val)=33.188160
[GA][Iter2] Gen:10 Ind:2 RMSE(val)=33.214667
[GA][Iter2] Gen:10 Ind:3 RMSE(val)=33.231119
[GA][Iter2] Gen:10 Ind:4 RMSE(val)=33.269291
[GA][Iter2] Gen:10 Ind:5 RMSE(val)=33.281021
[GA][Iter2] Gen:10 Ind:6 RMSE(val)=33.281021
[GA][Iter2] Gen:10 Ind:7 RMSE(val)=33.281021
[GA][Iter2] Gen:10 Ind:8 RMSE(val)=33.307609
[GA][Iter2] Gen:10 Ind:9 RMSE(val)=33.320230
[GA][Iter2] Gen:10 Ind:10 RMSE(val)=33.328108
[GA][Iter2] Gen:10 Ind:11 RMSE(val)=33.594655
[GA][Iter2] Gen:10 Ind:12 RMSE(val)=33.274860
[GA][Iter2] Gen:10 Ind:13 RMSE(val)=33.448517
[GA][Iter2] Gen:10 Ind:14 RMSE(val)=33.281021
[GA][Iter2] Gen:10 Ind:15 RMSE(val)=33.269291
[GA][Iter2] Gen:10 Ind:16 RMSE(val)=33.328108
[GA][Iter2] Gen:10 Ind:17 RMSE(val)=33.270265
[GA][Iter2] Gen:10 Ind:18 RMSE(val)=33.291143
[GA][Iter2] Gen:10 Ind:19 RMSE(val)=33.214667
[GA][Iter2] Gen:10 Ind:20 RMSE(val)=33.290820
[GA][Iter2] gen=10 best_val_rmse=33.188160
[GA][Iter2] Gen:11 Ind:1 RMSE(val)=33.188160
[GA][Iter2] Gen:11 Ind:2 RMSE(val)=33.214667
[GA][Iter2] Gen:11 Ind:3 RMSE(val)=33.214667
[GA][Iter2] Gen:11 Ind:4 RMSE(val)=33.231119
[GA][Iter2] Gen:11 Ind:5 RMSE(val)=33.269291
[GA][Iter2] Gen:11 Ind:6 RMSE(val)=33.269291
[GA][Iter2] Gen:11 Ind:7 RMSE(val)=33.270265
[GA][Iter2] Gen:11 Ind:8 RMSE(val)=33.274860
[GA][Iter2] Gen:11 Ind:9 RMSE(val)=33.281021
[GA][Iter2] Gen:11 Ind:10 RMSE(val)=33.281021
[GA][Iter2] Gen:11 Ind:11 RMSE(val)=33.479865
[GA][Iter2] Gen:11 Ind:12 RMSE(val)=33.422824
[GA][Iter2] Gen:11 Ind:13 RMSE(val)=33.404499
[GA][Iter2] Gen:11 Ind:14 RMSE(val)=33.301746
[GA][Iter2] Gen:11 Ind:15 RMSE(val)=33.308695
[GA][Iter2] Gen:11 Ind:16 RMSE(val)=33.185009
[GA][Iter2] Gen:11 Ind:17 RMSE(val)=33.258653
[GA][Iter2] Gen:11 Ind:18 RMSE(val)=33.330568
[GA][Iter2] Gen:11 Ind:19 RMSE(val)=33.293196
[GA][Iter2] Gen:11 Ind:20 RMSE(val)=33.271169
[GA][Iter2] gen=11 best_val_rmse=33.185009
[GA][Iter2] Gen:12 Ind:1 RMSE(val)=33.185009
[GA][Iter2] Gen:12 Ind:2 RMSE(val)=33.188160
[GA][Iter2] Gen:12 Ind:3 RMSE(val)=33.214667
[GA][Iter2] Gen:12 Ind:4 RMSE(val)=33.214667
[GA][Iter2] Gen:12 Ind:5 RMSE(val)=33.231119
[GA][Iter2] Gen:12 Ind:6 RMSE(val)=33.258653
[GA][Iter2] Gen:12 Ind:7 RMSE(val)=33.269291
[GA][Iter2] Gen:12 Ind:8 RMSE(val)=33.269291
[GA][Iter2] Gen:12 Ind:9 RMSE(val)=33.270265
[GA][Iter2] Gen:12 Ind:10 RMSE(val)=33.271169
[GA][Iter2] Gen:12 Ind:11 RMSE(val)=33.294543
[GA][Iter2] Gen:12 Ind:12 RMSE(val)=33.214003
[GA][Iter2] Gen:12 Ind:13 RMSE(val)=33.240917
[GA][Iter2] Gen:12 Ind:14 RMSE(val)=33.626039
[GA][Iter2] Gen:12 Ind:15 RMSE(val)=33.271169
[GA][Iter2] Gen:12 Ind:16 RMSE(val)=33.412396
[GA][Iter2] Gen:12 Ind:17 RMSE(val)=33.258653
[GA][Iter2] Gen:12 Ind:18 RMSE(val)=33.214667
[GA][Iter2] Gen:12 Ind:19 RMSE(val)=33.269291
[GA][Iter2] Gen:12 Ind:20 RMSE(val)=33.307609
[GA][Iter2] gen=12 best_val_rmse=33.185009
[GA][Iter2] Gen:13 Ind:1 RMSE(val)=33.185009
[GA][Iter2] Gen:13 Ind:2 RMSE(val)=33.188160
[GA][Iter2] Gen:13 Ind:3 RMSE(val)=33.214003
[GA][Iter2] Gen:13 Ind:4 RMSE(val)=33.214667
[GA][Iter2] Gen:13 Ind:5 RMSE(val)=33.214667
[GA][Iter2] Gen:13 Ind:6 RMSE(val)=33.214667
[GA][Iter2] Gen:13 Ind:7 RMSE(val)=33.231119
[GA][Iter2] Gen:13 Ind:8 RMSE(val)=33.240917
[GA][Iter2] Gen:13 Ind:9 RMSE(val)=33.258653
[GA][Iter2] Gen:13 Ind:10 RMSE(val)=33.258653
[GA][Iter2] Gen:13 Ind:11 RMSE(val)=33.214667
[GA][Iter2] Gen:13 Ind:12 RMSE(val)=33.188160
[GA][Iter2] Gen:13 Ind:13 RMSE(val)=33.185009
[GA][Iter2] Gen:13 Ind:14 RMSE(val)=33.218403
[GA][Iter2] Gen:13 Ind:15 RMSE(val)=33.171149
[GA][Iter2] Gen:13 Ind:16 RMSE(val)=33.301779
[GA][Iter2] Gen:13 Ind:17 RMSE(val)=33.185009
[GA][Iter2] Gen:13 Ind:18 RMSE(val)=33.325991
[GA][Iter2] Gen:13 Ind:19 RMSE(val)=33.214667
[GA][Iter2] Gen:13 Ind:20 RMSE(val)=33.301779
[GA][Iter2] gen=13 best_val_rmse=33.171149
[GA][Iter2] Gen:14 Ind:1 RMSE(val)=33.171149
[GA][Iter2] Gen:14 Ind:2 RMSE(val)=33.185009
[GA][Iter2] Gen:14 Ind:3 RMSE(val)=33.185009
[GA][Iter2] Gen:14 Ind:4 RMSE(val)=33.185009
[GA][Iter2] Gen:14 Ind:5 RMSE(val)=33.188160
[GA][Iter2] Gen:14 Ind:6 RMSE(val)=33.188160
[GA][Iter2] Gen:14 Ind:7 RMSE(val)=33.214003
[GA][Iter2] Gen:14 Ind:8 RMSE(val)=33.214667
[GA][Iter2] Gen:14 Ind:9 RMSE(val)=33.214667
[GA][Iter2] Gen:14 Ind:10 RMSE(val)=33.214667
[GA][Iter2] Gen:14 Ind:11 RMSE(val)=33.185009
[GA][Iter2] Gen:14 Ind:12 RMSE(val)=33.248683
[GA][Iter2] Gen:14 Ind:13 RMSE(val)=33.432462
[GA][Iter2] Gen:14 Ind:14 RMSE(val)=33.185009
[GA][Iter2] Gen:14 Ind:15 RMSE(val)=33.214667
[GA][Iter2] Gen:14 Ind:16 RMSE(val)=33.185009
[GA][Iter2] Gen:14 Ind:17 RMSE(val)=33.185009
[GA][Iter2] Gen:14 Ind:18 RMSE(val)=33.185009
[GA][Iter2] Gen:14 Ind:19 RMSE(val)=33.185009
[GA][Iter2] Gen:14 Ind:20 RMSE(val)=33.188160
[GA][Iter2] gen=14 best_val_rmse=33.171149
[GA][Iter2] Gen:15 Ind:1 RMSE(val)=33.171149
[GA][Iter2] Gen:15 Ind:2 RMSE(val)=33.185009
[GA][Iter2] Gen:15 Ind:3 RMSE(val)=33.185009
[GA][Iter2] Gen:15 Ind:4 RMSE(val)=33.185009
[GA][Iter2] Gen:15 Ind:5 RMSE(val)=33.185009
[GA][Iter2] Gen:15 Ind:6 RMSE(val)=33.185009
[GA][Iter2] Gen:15 Ind:7 RMSE(val)=33.185009
[GA][Iter2] Gen:15 Ind:8 RMSE(val)=33.185009
[GA][Iter2] Gen:15 Ind:9 RMSE(val)=33.185009
[GA][Iter2] Gen:15 Ind:10 RMSE(val)=33.185009
[GA][Iter2] Gen:15 Ind:11 RMSE(val)=33.185009
[GA][Iter2] Gen:15 Ind:12 RMSE(val)=33.202497
[GA][Iter2] Gen:15 Ind:13 RMSE(val)=33.185009
[GA][Iter2] Gen:15 Ind:14 RMSE(val)=33.185009
[GA][Iter2] Gen:15 Ind:15 RMSE(val)=33.171390
[GA][Iter2] Gen:15 Ind:16 RMSE(val)=33.185009
[GA][Iter2] Gen:15 Ind:17 RMSE(val)=33.185009
[GA][Iter2] Gen:15 Ind:18 RMSE(val)=33.185009
[GA][Iter2] Gen:15 Ind:19 RMSE(val)=33.185009
[GA][Iter2] Gen:15 Ind:20 RMSE(val)=33.185009
[GA][Iter2] gen=15 best_val_rmse=33.171149
[GA][Iter2] Gen:15 Ind:1 RMSE(val)=33.171149
[GA][Iter2] Gen:15 Ind:2 RMSE(val)=33.171390
[GA][Iter2] Gen:15 Ind:3 RMSE(val)=33.185009
[GA][Iter2] Gen:15 Ind:4 RMSE(val)=33.185009
[GA][Iter2] Gen:15 Ind:5 RMSE(val)=33.185009
[GA][Iter2] Gen:15 Ind:6 RMSE(val)=33.185009
[GA][Iter2] Gen:15 Ind:7 RMSE(val)=33.185009
[GA][Iter2] Gen:15 Ind:8 RMSE(val)=33.185009
[GA][Iter2] Gen:15 Ind:9 RMSE(val)=33.185009
[GA][Iter2] Gen:15 Ind:10 RMSE(val)=33.185009
[GA][Iter2] Gen:15 Ind:11 RMSE(val)=33.185009
[GA][Iter2] Gen:15 Ind:12 RMSE(val)=33.179331
[GA][Iter2] Gen:15 Ind:13 RMSE(val)=33.185009
[GA][Iter2] Gen:15 Ind:14 RMSE(val)=33.185009
[GA][Iter2] Gen:15 Ind:15 RMSE(val)=33.185009
[GA][Iter2] Gen:15 Ind:16 RMSE(val)=33.113113
[GA][Iter2] Gen:15 Ind:17 RMSE(val)=33.185009
[GA][Iter2] Gen:15 Ind:18 RMSE(val)=33.259814
[GA][Iter2] Gen:15 Ind:19 RMSE(val)=33.180100
[GA][Iter2] Gen:15 Ind:20 RMSE(val)=33.299709

[GA DONE][Iter2] Best params on val fold of Iter2
Best val RMSE: 33.113113
Best params: {'n_estimators': 1979, 'learning_rate': 0.03844946062904683, 'max_depth': 12, 'min_child_weight': 3.476076713128153, 'subsample': 0.7580201494868954, 'colsample_bytree': 0.6105593349154128, 'reg_lambda': 31.274213769223305, 'reg_alpha': 0.2960342755596693, 'gamma': 0.03252799503474915}
--------------------------------------------------------------------------------
[RETUNE GA] Iter2: train folds 1..6 -> test fold 7  RMSE=28.909129  NRMSE=1.162765  CVRMSE=0.083761  R2=-0.364657
[GA][Iter3] Gen:1 Ind:1 RMSE(val)=31.350171
[GA][Iter3] Gen:1 Ind:2 RMSE(val)=28.418656
[GA][Iter3] Gen:1 Ind:3 RMSE(val)=32.312337
[GA][Iter3] Gen:1 Ind:4 RMSE(val)=32.180583
[GA][Iter3] Gen:1 Ind:5 RMSE(val)=32.255033
[GA][Iter3] Gen:1 Ind:6 RMSE(val)=31.873434
[GA][Iter3] Gen:1 Ind:7 RMSE(val)=32.264685
[GA][Iter3] Gen:1 Ind:8 RMSE(val)=29.333473
[GA][Iter3] Gen:1 Ind:9 RMSE(val)=29.856686
[GA][Iter3] Gen:1 Ind:10 RMSE(val)=29.661969
[GA][Iter3] Gen:1 Ind:11 RMSE(val)=32.104146
[GA][Iter3] Gen:1 Ind:12 RMSE(val)=28.794753
[GA][Iter3] Gen:1 Ind:13 RMSE(val)=32.179354
[GA][Iter3] Gen:1 Ind:14 RMSE(val)=30.862050
[GA][Iter3] Gen:1 Ind:15 RMSE(val)=28.273444
[GA][Iter3] Gen:1 Ind:16 RMSE(val)=32.166386
[GA][Iter3] Gen:1 Ind:17 RMSE(val)=28.910380
[GA][Iter3] Gen:1 Ind:18 RMSE(val)=29.933406
[GA][Iter3] Gen:1 Ind:19 RMSE(val)=31.851885
[GA][Iter3] Gen:1 Ind:20 RMSE(val)=32.099480
[GA][Iter3] gen=1 best_val_rmse=28.273444
[GA][Iter3] Gen:2 Ind:1 RMSE(val)=28.273444
[GA][Iter3] Gen:2 Ind:2 RMSE(val)=28.418656
[GA][Iter3] Gen:2 Ind:3 RMSE(val)=28.794753
[GA][Iter3] Gen:2 Ind:4 RMSE(val)=28.910380
[GA][Iter3] Gen:2 Ind:5 RMSE(val)=29.333473
[GA][Iter3] Gen:2 Ind:6 RMSE(val)=29.661969
[GA][Iter3] Gen:2 Ind:7 RMSE(val)=29.856686
[GA][Iter3] Gen:2 Ind:8 RMSE(val)=29.933406
[GA][Iter3] Gen:2 Ind:9 RMSE(val)=30.862050
[GA][Iter3] Gen:2 Ind:10 RMSE(val)=31.350171
[GA][Iter3] Gen:2 Ind:11 RMSE(val)=28.491131
[GA][Iter3] Gen:2 Ind:12 RMSE(val)=28.517263
[GA][Iter3] Gen:2 Ind:13 RMSE(val)=29.567276
[GA][Iter3] Gen:2 Ind:14 RMSE(val)=29.794777
[GA][Iter3] Gen:2 Ind:15 RMSE(val)=29.937121
[GA][Iter3] Gen:2 Ind:16 RMSE(val)=29.050840
[GA][Iter3] Gen:2 Ind:17 RMSE(val)=29.005667
[GA][Iter3] Gen:2 Ind:18 RMSE(val)=30.066598
[GA][Iter3] Gen:2 Ind:19 RMSE(val)=28.984679
[GA][Iter3] Gen:2 Ind:20 RMSE(val)=29.301605
[GA][Iter3] gen=2 best_val_rmse=28.273444
[GA][Iter3] Gen:3 Ind:1 RMSE(val)=28.273444
[GA][Iter3] Gen:3 Ind:2 RMSE(val)=28.418656
[GA][Iter3] Gen:3 Ind:3 RMSE(val)=28.491131
[GA][Iter3] Gen:3 Ind:4 RMSE(val)=28.517263
[GA][Iter3] Gen:3 Ind:5 RMSE(val)=28.794753
[GA][Iter3] Gen:3 Ind:6 RMSE(val)=28.910380
[GA][Iter3] Gen:3 Ind:7 RMSE(val)=28.984679
[GA][Iter3] Gen:3 Ind:8 RMSE(val)=29.005667
[GA][Iter3] Gen:3 Ind:9 RMSE(val)=29.050840
[GA][Iter3] Gen:3 Ind:10 RMSE(val)=29.301605
[GA][Iter3] Gen:3 Ind:11 RMSE(val)=28.783721
[GA][Iter3] Gen:3 Ind:12 RMSE(val)=28.379792
[GA][Iter3] Gen:3 Ind:13 RMSE(val)=28.981671
[GA][Iter3] Gen:3 Ind:14 RMSE(val)=28.519507
[GA][Iter3] Gen:3 Ind:15 RMSE(val)=28.274869
[GA][Iter3] Gen:3 Ind:16 RMSE(val)=28.696038
[GA][Iter3] Gen:3 Ind:17 RMSE(val)=28.787607
[GA][Iter3] Gen:3 Ind:18 RMSE(val)=28.713537
[GA][Iter3] Gen:3 Ind:19 RMSE(val)=30.846253
[GA][Iter3] Gen:3 Ind:20 RMSE(val)=28.981671
[GA][Iter3] gen=3 best_val_rmse=28.273444
[GA][Iter3] Gen:4 Ind:1 RMSE(val)=28.273444
[GA][Iter3] Gen:4 Ind:2 RMSE(val)=28.274869
[GA][Iter3] Gen:4 Ind:3 RMSE(val)=28.379792
[GA][Iter3] Gen:4 Ind:4 RMSE(val)=28.418656
[GA][Iter3] Gen:4 Ind:5 RMSE(val)=28.491131
[GA][Iter3] Gen:4 Ind:6 RMSE(val)=28.517263
[GA][Iter3] Gen:4 Ind:7 RMSE(val)=28.519507
[GA][Iter3] Gen:4 Ind:8 RMSE(val)=28.696038
[GA][Iter3] Gen:4 Ind:9 RMSE(val)=28.713537
[GA][Iter3] Gen:4 Ind:10 RMSE(val)=28.783721
[GA][Iter3] Gen:4 Ind:11 RMSE(val)=29.348490
[GA][Iter3] Gen:4 Ind:12 RMSE(val)=28.371838
[GA][Iter3] Gen:4 Ind:13 RMSE(val)=28.866572
[GA][Iter3] Gen:4 Ind:14 RMSE(val)=29.273416
[GA][Iter3] Gen:4 Ind:15 RMSE(val)=28.702915
[GA][Iter3] Gen:4 Ind:16 RMSE(val)=28.775749
[GA][Iter3] Gen:4 Ind:17 RMSE(val)=28.732630
[GA][Iter3] Gen:4 Ind:18 RMSE(val)=28.591796
[GA][Iter3] Gen:4 Ind:19 RMSE(val)=29.082809
[GA][Iter3] Gen:4 Ind:20 RMSE(val)=28.347132
[GA][Iter3] gen=4 best_val_rmse=28.273444
[GA][Iter3] Gen:5 Ind:1 RMSE(val)=28.273444
[GA][Iter3] Gen:5 Ind:2 RMSE(val)=28.274869
[GA][Iter3] Gen:5 Ind:3 RMSE(val)=28.347132
[GA][Iter3] Gen:5 Ind:4 RMSE(val)=28.371838
[GA][Iter3] Gen:5 Ind:5 RMSE(val)=28.379792
[GA][Iter3] Gen:5 Ind:6 RMSE(val)=28.418656
[GA][Iter3] Gen:5 Ind:7 RMSE(val)=28.491131
[GA][Iter3] Gen:5 Ind:8 RMSE(val)=28.517263
[GA][Iter3] Gen:5 Ind:9 RMSE(val)=28.519507
[GA][Iter3] Gen:5 Ind:10 RMSE(val)=28.591796
[GA][Iter3] Gen:5 Ind:11 RMSE(val)=28.445976
[GA][Iter3] Gen:5 Ind:12 RMSE(val)=29.726225
[GA][Iter3] Gen:5 Ind:13 RMSE(val)=28.748069
[GA][Iter3] Gen:5 Ind:14 RMSE(val)=28.446106
[GA][Iter3] Gen:5 Ind:15 RMSE(val)=28.900876
[GA][Iter3] Gen:5 Ind:16 RMSE(val)=28.381245
[GA][Iter3] Gen:5 Ind:17 RMSE(val)=28.520531
[GA][Iter3] Gen:5 Ind:18 RMSE(val)=28.727425
[GA][Iter3] Gen:5 Ind:19 RMSE(val)=28.406671
[GA][Iter3] Gen:5 Ind:20 RMSE(val)=29.368397
[GA][Iter3] gen=5 best_val_rmse=28.273444
[GA][Iter3] Gen:6 Ind:1 RMSE(val)=28.273444
[GA][Iter3] Gen:6 Ind:2 RMSE(val)=28.274869
[GA][Iter3] Gen:6 Ind:3 RMSE(val)=28.347132
[GA][Iter3] Gen:6 Ind:4 RMSE(val)=28.371838
[GA][Iter3] Gen:6 Ind:5 RMSE(val)=28.379792
[GA][Iter3] Gen:6 Ind:6 RMSE(val)=28.381245
[GA][Iter3] Gen:6 Ind:7 RMSE(val)=28.406671
[GA][Iter3] Gen:6 Ind:8 RMSE(val)=28.418656
[GA][Iter3] Gen:6 Ind:9 RMSE(val)=28.445976
[GA][Iter3] Gen:6 Ind:10 RMSE(val)=28.446106
[GA][Iter3] Gen:6 Ind:11 RMSE(val)=28.338168
[GA][Iter3] Gen:6 Ind:12 RMSE(val)=28.337192
[GA][Iter3] Gen:6 Ind:13 RMSE(val)=30.161376
[GA][Iter3] Gen:6 Ind:14 RMSE(val)=29.111258
[GA][Iter3] Gen:6 Ind:15 RMSE(val)=28.239190
[GA][Iter3] Gen:6 Ind:16 RMSE(val)=28.962474
[GA][Iter3] Gen:6 Ind:17 RMSE(val)=28.151838
[GA][Iter3] Gen:6 Ind:18 RMSE(val)=27.969084
[GA][Iter3] Gen:6 Ind:19 RMSE(val)=29.150459
[GA][Iter3] Gen:6 Ind:20 RMSE(val)=28.648960
[GA][Iter3] gen=6 best_val_rmse=27.969084
[GA][Iter3] Gen:7 Ind:1 RMSE(val)=27.969084
[GA][Iter3] Gen:7 Ind:2 RMSE(val)=28.151838
[GA][Iter3] Gen:7 Ind:3 RMSE(val)=28.239190
[GA][Iter3] Gen:7 Ind:4 RMSE(val)=28.273444
[GA][Iter3] Gen:7 Ind:5 RMSE(val)=28.274869
[GA][Iter3] Gen:7 Ind:6 RMSE(val)=28.337192
[GA][Iter3] Gen:7 Ind:7 RMSE(val)=28.338168
[GA][Iter3] Gen:7 Ind:8 RMSE(val)=28.347132
[GA][Iter3] Gen:7 Ind:9 RMSE(val)=28.371838
[GA][Iter3] Gen:7 Ind:10 RMSE(val)=28.379792
[GA][Iter3] Gen:7 Ind:11 RMSE(val)=28.035595
[GA][Iter3] Gen:7 Ind:12 RMSE(val)=29.170805
[GA][Iter3] Gen:7 Ind:13 RMSE(val)=29.154617
[GA][Iter3] Gen:7 Ind:14 RMSE(val)=28.183400
[GA][Iter3] Gen:7 Ind:15 RMSE(val)=28.516728
[GA][Iter3] Gen:7 Ind:16 RMSE(val)=28.054486
[GA][Iter3] Gen:7 Ind:17 RMSE(val)=28.007159
[GA][Iter3] Gen:7 Ind:18 RMSE(val)=28.661201
[GA][Iter3] Gen:7 Ind:19 RMSE(val)=28.890012
[GA][Iter3] Gen:7 Ind:20 RMSE(val)=27.969084
[GA][Iter3] gen=7 best_val_rmse=27.969084
[GA][Iter3] Gen:8 Ind:1 RMSE(val)=27.969084
[GA][Iter3] Gen:8 Ind:2 RMSE(val)=27.969084
[GA][Iter3] Gen:8 Ind:3 RMSE(val)=28.007159
[GA][Iter3] Gen:8 Ind:4 RMSE(val)=28.035595
[GA][Iter3] Gen:8 Ind:5 RMSE(val)=28.054486
[GA][Iter3] Gen:8 Ind:6 RMSE(val)=28.151838
[GA][Iter3] Gen:8 Ind:7 RMSE(val)=28.183400
[GA][Iter3] Gen:8 Ind:8 RMSE(val)=28.239190
[GA][Iter3] Gen:8 Ind:9 RMSE(val)=28.273444
[GA][Iter3] Gen:8 Ind:10 RMSE(val)=28.274869
[GA][Iter3] Gen:8 Ind:11 RMSE(val)=28.026627
[GA][Iter3] Gen:8 Ind:12 RMSE(val)=28.466473
[GA][Iter3] Gen:8 Ind:13 RMSE(val)=29.104678
[GA][Iter3] Gen:8 Ind:14 RMSE(val)=28.224770
[GA][Iter3] Gen:8 Ind:15 RMSE(val)=28.035595
[GA][Iter3] Gen:8 Ind:16 RMSE(val)=27.970274
[GA][Iter3] Gen:8 Ind:17 RMSE(val)=28.225307
[GA][Iter3] Gen:8 Ind:18 RMSE(val)=28.162125
[GA][Iter3] Gen:8 Ind:19 RMSE(val)=28.451589
[GA][Iter3] Gen:8 Ind:20 RMSE(val)=28.475068
[GA][Iter3] gen=8 best_val_rmse=27.969084
[GA][Iter3] Gen:9 Ind:1 RMSE(val)=27.969084
[GA][Iter3] Gen:9 Ind:2 RMSE(val)=27.969084
[GA][Iter3] Gen:9 Ind:3 RMSE(val)=27.970274
[GA][Iter3] Gen:9 Ind:4 RMSE(val)=28.007159
[GA][Iter3] Gen:9 Ind:5 RMSE(val)=28.026627
[GA][Iter3] Gen:9 Ind:6 RMSE(val)=28.035595
[GA][Iter3] Gen:9 Ind:7 RMSE(val)=28.035595
[GA][Iter3] Gen:9 Ind:8 RMSE(val)=28.054486
[GA][Iter3] Gen:9 Ind:9 RMSE(val)=28.151838
[GA][Iter3] Gen:9 Ind:10 RMSE(val)=28.162125
[GA][Iter3] Gen:9 Ind:11 RMSE(val)=28.069454
[GA][Iter3] Gen:9 Ind:12 RMSE(val)=28.739923
[GA][Iter3] Gen:9 Ind:13 RMSE(val)=27.914986
[GA][Iter3] Gen:9 Ind:14 RMSE(val)=28.006519
[GA][Iter3] Gen:9 Ind:15 RMSE(val)=28.162125
[GA][Iter3] Gen:9 Ind:16 RMSE(val)=27.846813
[GA][Iter3] Gen:9 Ind:17 RMSE(val)=28.132398
[GA][Iter3] Gen:9 Ind:18 RMSE(val)=28.026627
[GA][Iter3] Gen:9 Ind:19 RMSE(val)=28.862236
[GA][Iter3] Gen:9 Ind:20 RMSE(val)=28.602401
[GA][Iter3] gen=9 best_val_rmse=27.846813
[GA][Iter3] Gen:10 Ind:1 RMSE(val)=27.846813
[GA][Iter3] Gen:10 Ind:2 RMSE(val)=27.914986
[GA][Iter3] Gen:10 Ind:3 RMSE(val)=27.969084
[GA][Iter3] Gen:10 Ind:4 RMSE(val)=27.969084
[GA][Iter3] Gen:10 Ind:5 RMSE(val)=27.970274
[GA][Iter3] Gen:10 Ind:6 RMSE(val)=28.006519
[GA][Iter3] Gen:10 Ind:7 RMSE(val)=28.007159
[GA][Iter3] Gen:10 Ind:8 RMSE(val)=28.026627
[GA][Iter3] Gen:10 Ind:9 RMSE(val)=28.026627
[GA][Iter3] Gen:10 Ind:10 RMSE(val)=28.035595
[GA][Iter3] Gen:10 Ind:11 RMSE(val)=28.203126
[GA][Iter3] Gen:10 Ind:12 RMSE(val)=28.335773
[GA][Iter3] Gen:10 Ind:13 RMSE(val)=27.964366
[GA][Iter3] Gen:10 Ind:14 RMSE(val)=28.007159
[GA][Iter3] Gen:10 Ind:15 RMSE(val)=27.969084
[GA][Iter3] Gen:10 Ind:16 RMSE(val)=28.035595
[GA][Iter3] Gen:10 Ind:17 RMSE(val)=27.881267
[GA][Iter3] Gen:10 Ind:18 RMSE(val)=28.132939
[GA][Iter3] Gen:10 Ind:19 RMSE(val)=28.103001
[GA][Iter3] Gen:10 Ind:20 RMSE(val)=30.126829
[GA][Iter3] gen=10 best_val_rmse=27.846813
[GA][Iter3] Gen:11 Ind:1 RMSE(val)=27.846813
[GA][Iter3] Gen:11 Ind:2 RMSE(val)=27.881267
[GA][Iter3] Gen:11 Ind:3 RMSE(val)=27.914986
[GA][Iter3] Gen:11 Ind:4 RMSE(val)=27.964366
[GA][Iter3] Gen:11 Ind:5 RMSE(val)=27.969084
[GA][Iter3] Gen:11 Ind:6 RMSE(val)=27.969084
[GA][Iter3] Gen:11 Ind:7 RMSE(val)=27.969084
[GA][Iter3] Gen:11 Ind:8 RMSE(val)=27.970274
[GA][Iter3] Gen:11 Ind:9 RMSE(val)=28.006519
[GA][Iter3] Gen:11 Ind:10 RMSE(val)=28.007159
[GA][Iter3] Gen:11 Ind:11 RMSE(val)=28.097091
[GA][Iter3] Gen:11 Ind:12 RMSE(val)=28.304213
[GA][Iter3] Gen:11 Ind:13 RMSE(val)=27.885305
[GA][Iter3] Gen:11 Ind:14 RMSE(val)=28.132398
[GA][Iter3] Gen:11 Ind:15 RMSE(val)=27.885925
[GA][Iter3] Gen:11 Ind:16 RMSE(val)=28.013232
[GA][Iter3] Gen:11 Ind:17 RMSE(val)=27.972417
[GA][Iter3] Gen:11 Ind:18 RMSE(val)=27.966230
[GA][Iter3] Gen:11 Ind:19 RMSE(val)=28.002950
[GA][Iter3] Gen:11 Ind:20 RMSE(val)=27.993534
[GA][Iter3] gen=11 best_val_rmse=27.846813
[GA][Iter3] Gen:12 Ind:1 RMSE(val)=27.846813
[GA][Iter3] Gen:12 Ind:2 RMSE(val)=27.881267
[GA][Iter3] Gen:12 Ind:3 RMSE(val)=27.885305
[GA][Iter3] Gen:12 Ind:4 RMSE(val)=27.885925
[GA][Iter3] Gen:12 Ind:5 RMSE(val)=27.914986
[GA][Iter3] Gen:12 Ind:6 RMSE(val)=27.964366
[GA][Iter3] Gen:12 Ind:7 RMSE(val)=27.966230
[GA][Iter3] Gen:12 Ind:8 RMSE(val)=27.969084
[GA][Iter3] Gen:12 Ind:9 RMSE(val)=27.969084
[GA][Iter3] Gen:12 Ind:10 RMSE(val)=27.969084
[GA][Iter3] Gen:12 Ind:11 RMSE(val)=27.826387
[GA][Iter3] Gen:12 Ind:12 RMSE(val)=28.048540
[GA][Iter3] Gen:12 Ind:13 RMSE(val)=27.964366
[GA][Iter3] Gen:12 Ind:14 RMSE(val)=28.171878
[GA][Iter3] Gen:12 Ind:15 RMSE(val)=27.969084
[GA][Iter3] Gen:12 Ind:16 RMSE(val)=27.866978
[GA][Iter3] Gen:12 Ind:17 RMSE(val)=27.969084
[GA][Iter3] Gen:12 Ind:18 RMSE(val)=27.964366
[GA][Iter3] Gen:12 Ind:19 RMSE(val)=27.969084
[GA][Iter3] Gen:12 Ind:20 RMSE(val)=27.966230
[GA][Iter3] gen=12 best_val_rmse=27.826387
[GA][Iter3] Gen:13 Ind:1 RMSE(val)=27.826387
[GA][Iter3] Gen:13 Ind:2 RMSE(val)=27.846813
[GA][Iter3] Gen:13 Ind:3 RMSE(val)=27.866978
[GA][Iter3] Gen:13 Ind:4 RMSE(val)=27.881267
[GA][Iter3] Gen:13 Ind:5 RMSE(val)=27.885305
[GA][Iter3] Gen:13 Ind:6 RMSE(val)=27.885925
[GA][Iter3] Gen:13 Ind:7 RMSE(val)=27.914986
[GA][Iter3] Gen:13 Ind:8 RMSE(val)=27.964366
[GA][Iter3] Gen:13 Ind:9 RMSE(val)=27.964366
[GA][Iter3] Gen:13 Ind:10 RMSE(val)=27.964366
[GA][Iter3] Gen:13 Ind:11 RMSE(val)=27.891278
[GA][Iter3] Gen:13 Ind:12 RMSE(val)=27.881267
[GA][Iter3] Gen:13 Ind:13 RMSE(val)=27.846813
[GA][Iter3] Gen:13 Ind:14 RMSE(val)=27.885925
[GA][Iter3] Gen:13 Ind:15 RMSE(val)=27.925057
[GA][Iter3] Gen:13 Ind:16 RMSE(val)=27.850617
[GA][Iter3] Gen:13 Ind:17 RMSE(val)=27.945081
[GA][Iter3] Gen:13 Ind:18 RMSE(val)=27.755526
[GA][Iter3] Gen:13 Ind:19 RMSE(val)=27.885925
[GA][Iter3] Gen:13 Ind:20 RMSE(val)=27.914986
[GA][Iter3] gen=13 best_val_rmse=27.755526
[GA][Iter3] Gen:14 Ind:1 RMSE(val)=27.755526
[GA][Iter3] Gen:14 Ind:2 RMSE(val)=27.826387
[GA][Iter3] Gen:14 Ind:3 RMSE(val)=27.846813
[GA][Iter3] Gen:14 Ind:4 RMSE(val)=27.846813
[GA][Iter3] Gen:14 Ind:5 RMSE(val)=27.850617
[GA][Iter3] Gen:14 Ind:6 RMSE(val)=27.866978
[GA][Iter3] Gen:14 Ind:7 RMSE(val)=27.881267
[GA][Iter3] Gen:14 Ind:8 RMSE(val)=27.881267
[GA][Iter3] Gen:14 Ind:9 RMSE(val)=27.885305
[GA][Iter3] Gen:14 Ind:10 RMSE(val)=27.885925
[GA][Iter3] Gen:14 Ind:11 RMSE(val)=27.881267
[GA][Iter3] Gen:14 Ind:12 RMSE(val)=27.916658
[GA][Iter3] Gen:14 Ind:13 RMSE(val)=27.881267
[GA][Iter3] Gen:14 Ind:14 RMSE(val)=27.900325
[GA][Iter3] Gen:14 Ind:15 RMSE(val)=27.885925
[GA][Iter3] Gen:14 Ind:16 RMSE(val)=27.866978
[GA][Iter3] Gen:14 Ind:17 RMSE(val)=27.863098
[GA][Iter3] Gen:14 Ind:18 RMSE(val)=27.850617
[GA][Iter3] Gen:14 Ind:19 RMSE(val)=27.866978
[GA][Iter3] Gen:14 Ind:20 RMSE(val)=27.821087
[GA][Iter3] gen=14 best_val_rmse=27.755526
[GA][Iter3] Gen:15 Ind:1 RMSE(val)=27.755526
[GA][Iter3] Gen:15 Ind:2 RMSE(val)=27.821087
[GA][Iter3] Gen:15 Ind:3 RMSE(val)=27.826387
[GA][Iter3] Gen:15 Ind:4 RMSE(val)=27.846813
[GA][Iter3] Gen:15 Ind:5 RMSE(val)=27.846813
[GA][Iter3] Gen:15 Ind:6 RMSE(val)=27.850617
[GA][Iter3] Gen:15 Ind:7 RMSE(val)=27.850617
[GA][Iter3] Gen:15 Ind:8 RMSE(val)=27.863098
[GA][Iter3] Gen:15 Ind:9 RMSE(val)=27.866978
[GA][Iter3] Gen:15 Ind:10 RMSE(val)=27.866978
[GA][Iter3] Gen:15 Ind:11 RMSE(val)=27.850617
[GA][Iter3] Gen:15 Ind:12 RMSE(val)=27.904144
[GA][Iter3] Gen:15 Ind:13 RMSE(val)=27.850617
[GA][Iter3] Gen:15 Ind:14 RMSE(val)=27.738575
[GA][Iter3] Gen:15 Ind:15 RMSE(val)=27.878277
[GA][Iter3] Gen:15 Ind:16 RMSE(val)=28.022724
[GA][Iter3] Gen:15 Ind:17 RMSE(val)=27.885925
[GA][Iter3] Gen:15 Ind:18 RMSE(val)=27.850617
[GA][Iter3] Gen:15 Ind:19 RMSE(val)=27.850617
[GA][Iter3] Gen:15 Ind:20 RMSE(val)=27.850617
[GA][Iter3] gen=15 best_val_rmse=27.738575
[GA][Iter3] Gen:15 Ind:1 RMSE(val)=27.738575
[GA][Iter3] Gen:15 Ind:2 RMSE(val)=27.755526
[GA][Iter3] Gen:15 Ind:3 RMSE(val)=27.821087
[GA][Iter3] Gen:15 Ind:4 RMSE(val)=27.826387
[GA][Iter3] Gen:15 Ind:5 RMSE(val)=27.846813
[GA][Iter3] Gen:15 Ind:6 RMSE(val)=27.846813
[GA][Iter3] Gen:15 Ind:7 RMSE(val)=27.850617
[GA][Iter3] Gen:15 Ind:8 RMSE(val)=27.850617
[GA][Iter3] Gen:15 Ind:9 RMSE(val)=27.850617
[GA][Iter3] Gen:15 Ind:10 RMSE(val)=27.850617
[GA][Iter3] Gen:15 Ind:11 RMSE(val)=27.850617
[GA][Iter3] Gen:15 Ind:12 RMSE(val)=27.885305
[GA][Iter3] Gen:15 Ind:13 RMSE(val)=27.850617
[GA][Iter3] Gen:15 Ind:14 RMSE(val)=27.825799
[GA][Iter3] Gen:15 Ind:15 RMSE(val)=27.850617
[GA][Iter3] Gen:15 Ind:16 RMSE(val)=28.013996
[GA][Iter3] Gen:15 Ind:17 RMSE(val)=27.885925
[GA][Iter3] Gen:15 Ind:18 RMSE(val)=27.885925
[GA][Iter3] Gen:15 Ind:19 RMSE(val)=27.742876
[GA][Iter3] Gen:15 Ind:20 RMSE(val)=27.725224

[GA DONE][Iter3] Best params on val fold of Iter3
Best val RMSE: 27.725224
Best params: {'n_estimators': 1322, 'learning_rate': 0.012142992195127964, 'max_depth': 3, 'min_child_weight': 1.0445754533923988, 'subsample': 0.6400931100442903, 'colsample_bytree': 0.7447985774854444, 'reg_lambda': 14.196936787893716, 'reg_alpha': 0.02430822760913047, 'gamma': 0.06944388136995679}
--------------------------------------------------------------------------------
[RETUNE GA] Iter3: train folds 1..7 -> test fold 8  RMSE=29.725524  NRMSE=1.047213  CVRMSE=0.087562  R2=-0.106905
[GA][Iter4] Gen:1 Ind:1 RMSE(val)=34.467336
[GA][Iter4] Gen:1 Ind:2 RMSE(val)=29.647713
[GA][Iter4] Gen:1 Ind:3 RMSE(val)=36.593949
[GA][Iter4] Gen:1 Ind:4 RMSE(val)=36.491140
[GA][Iter4] Gen:1 Ind:5 RMSE(val)=36.515062
[GA][Iter4] Gen:1 Ind:6 RMSE(val)=35.161997
[GA][Iter4] Gen:1 Ind:7 RMSE(val)=36.540884
[GA][Iter4] Gen:1 Ind:8 RMSE(val)=29.660743
[GA][Iter4] Gen:1 Ind:9 RMSE(val)=29.982043
[GA][Iter4] Gen:1 Ind:10 RMSE(val)=32.638855
[GA][Iter4] Gen:1 Ind:11 RMSE(val)=36.415125
[GA][Iter4] Gen:1 Ind:12 RMSE(val)=30.788515
[GA][Iter4] Gen:1 Ind:13 RMSE(val)=36.472046
[GA][Iter4] Gen:1 Ind:14 RMSE(val)=33.739071
[GA][Iter4] Gen:1 Ind:15 RMSE(val)=28.660802
[GA][Iter4] Gen:1 Ind:16 RMSE(val)=36.459776
[GA][Iter4] Gen:1 Ind:17 RMSE(val)=29.636267
[GA][Iter4] Gen:1 Ind:18 RMSE(val)=33.322326
[GA][Iter4] Gen:1 Ind:19 RMSE(val)=35.103133
[GA][Iter4] Gen:1 Ind:20 RMSE(val)=35.460176
[GA][Iter4] gen=1 best_val_rmse=28.660802
[GA][Iter4] Gen:2 Ind:1 RMSE(val)=28.660802
[GA][Iter4] Gen:2 Ind:2 RMSE(val)=29.636267
[GA][Iter4] Gen:2 Ind:3 RMSE(val)=29.647713
[GA][Iter4] Gen:2 Ind:4 RMSE(val)=29.660743
[GA][Iter4] Gen:2 Ind:5 RMSE(val)=29.982043
[GA][Iter4] Gen:2 Ind:6 RMSE(val)=30.788515
[GA][Iter4] Gen:2 Ind:7 RMSE(val)=32.638855
[GA][Iter4] Gen:2 Ind:8 RMSE(val)=33.322326
[GA][Iter4] Gen:2 Ind:9 RMSE(val)=33.739071
[GA][Iter4] Gen:2 Ind:10 RMSE(val)=34.467336
[GA][Iter4] Gen:2 Ind:11 RMSE(val)=29.608914
[GA][Iter4] Gen:2 Ind:12 RMSE(val)=29.967892
[GA][Iter4] Gen:2 Ind:13 RMSE(val)=29.702240
[GA][Iter4] Gen:2 Ind:14 RMSE(val)=29.224789
[GA][Iter4] Gen:2 Ind:15 RMSE(val)=32.473196
[GA][Iter4] Gen:2 Ind:16 RMSE(val)=32.982447
[GA][Iter4] Gen:2 Ind:17 RMSE(val)=28.401745
[GA][Iter4] Gen:2 Ind:18 RMSE(val)=32.767711
[GA][Iter4] Gen:2 Ind:19 RMSE(val)=28.549011
[GA][Iter4] Gen:2 Ind:20 RMSE(val)=33.255363
[GA][Iter4] gen=2 best_val_rmse=28.401745
[GA][Iter4] Gen:3 Ind:1 RMSE(val)=28.401745
[GA][Iter4] Gen:3 Ind:2 RMSE(val)=28.549011
[GA][Iter4] Gen:3 Ind:3 RMSE(val)=28.660802
[GA][Iter4] Gen:3 Ind:4 RMSE(val)=29.224789
[GA][Iter4] Gen:3 Ind:5 RMSE(val)=29.608914
[GA][Iter4] Gen:3 Ind:6 RMSE(val)=29.636267
[GA][Iter4] Gen:3 Ind:7 RMSE(val)=29.647713
[GA][Iter4] Gen:3 Ind:8 RMSE(val)=29.660743
[GA][Iter4] Gen:3 Ind:9 RMSE(val)=29.702240
[GA][Iter4] Gen:3 Ind:10 RMSE(val)=29.967892
[GA][Iter4] Gen:3 Ind:11 RMSE(val)=29.448846
[GA][Iter4] Gen:3 Ind:12 RMSE(val)=29.815090
[GA][Iter4] Gen:3 Ind:13 RMSE(val)=30.010382
[GA][Iter4] Gen:3 Ind:14 RMSE(val)=28.884499
[GA][Iter4] Gen:3 Ind:15 RMSE(val)=29.974003
[GA][Iter4] Gen:3 Ind:16 RMSE(val)=28.670019
[GA][Iter4] Gen:3 Ind:17 RMSE(val)=30.252603
[GA][Iter4] Gen:3 Ind:18 RMSE(val)=29.305349
[GA][Iter4] Gen:3 Ind:19 RMSE(val)=29.080632
[GA][Iter4] Gen:3 Ind:20 RMSE(val)=29.074886
[GA][Iter4] gen=3 best_val_rmse=28.401745
[GA][Iter4] Gen:4 Ind:1 RMSE(val)=28.401745
[GA][Iter4] Gen:4 Ind:2 RMSE(val)=28.549011
[GA][Iter4] Gen:4 Ind:3 RMSE(val)=28.660802
[GA][Iter4] Gen:4 Ind:4 RMSE(val)=28.670019
[GA][Iter4] Gen:4 Ind:5 RMSE(val)=28.884499
[GA][Iter4] Gen:4 Ind:6 RMSE(val)=29.074886
[GA][Iter4] Gen:4 Ind:7 RMSE(val)=29.080632
[GA][Iter4] Gen:4 Ind:8 RMSE(val)=29.224789
[GA][Iter4] Gen:4 Ind:9 RMSE(val)=29.305349
[GA][Iter4] Gen:4 Ind:10 RMSE(val)=29.448846
[GA][Iter4] Gen:4 Ind:11 RMSE(val)=29.242679
[GA][Iter4] Gen:4 Ind:12 RMSE(val)=28.432012
[GA][Iter4] Gen:4 Ind:13 RMSE(val)=29.258879
[GA][Iter4] Gen:4 Ind:14 RMSE(val)=28.766479
[GA][Iter4] Gen:4 Ind:15 RMSE(val)=29.606008
[GA][Iter4] Gen:4 Ind:16 RMSE(val)=29.574830
[GA][Iter4] Gen:4 Ind:17 RMSE(val)=29.012648
[GA][Iter4] Gen:4 Ind:18 RMSE(val)=28.629515
[GA][Iter4] Gen:4 Ind:19 RMSE(val)=29.186853
[GA][Iter4] Gen:4 Ind:20 RMSE(val)=29.448846
[GA][Iter4] gen=4 best_val_rmse=28.401745
[GA][Iter4] Gen:5 Ind:1 RMSE(val)=28.401745
[GA][Iter4] Gen:5 Ind:2 RMSE(val)=28.432012
[GA][Iter4] Gen:5 Ind:3 RMSE(val)=28.549011
[GA][Iter4] Gen:5 Ind:4 RMSE(val)=28.629515
[GA][Iter4] Gen:5 Ind:5 RMSE(val)=28.660802
[GA][Iter4] Gen:5 Ind:6 RMSE(val)=28.670019
[GA][Iter4] Gen:5 Ind:7 RMSE(val)=28.766479
[GA][Iter4] Gen:5 Ind:8 RMSE(val)=28.884499
[GA][Iter4] Gen:5 Ind:9 RMSE(val)=29.012648
[GA][Iter4] Gen:5 Ind:10 RMSE(val)=29.074886
[GA][Iter4] Gen:5 Ind:11 RMSE(val)=28.844586
[GA][Iter4] Gen:5 Ind:12 RMSE(val)=29.027387
[GA][Iter4] Gen:5 Ind:13 RMSE(val)=28.844656
[GA][Iter4] Gen:5 Ind:14 RMSE(val)=28.583958
[GA][Iter4] Gen:5 Ind:15 RMSE(val)=28.655060
[GA][Iter4] Gen:5 Ind:16 RMSE(val)=28.860993
[GA][Iter4] Gen:5 Ind:17 RMSE(val)=28.669159
[GA][Iter4] Gen:5 Ind:18 RMSE(val)=29.138296
[GA][Iter4] Gen:5 Ind:19 RMSE(val)=29.308412
[GA][Iter4] Gen:5 Ind:20 RMSE(val)=28.536420
[GA][Iter4] gen=5 best_val_rmse=28.401745
[GA][Iter4] Gen:6 Ind:1 RMSE(val)=28.401745
[GA][Iter4] Gen:6 Ind:2 RMSE(val)=28.432012
[GA][Iter4] Gen:6 Ind:3 RMSE(val)=28.536420
[GA][Iter4] Gen:6 Ind:4 RMSE(val)=28.549011
[GA][Iter4] Gen:6 Ind:5 RMSE(val)=28.583958
[GA][Iter4] Gen:6 Ind:6 RMSE(val)=28.629515
[GA][Iter4] Gen:6 Ind:7 RMSE(val)=28.655060
[GA][Iter4] Gen:6 Ind:8 RMSE(val)=28.660802
[GA][Iter4] Gen:6 Ind:9 RMSE(val)=28.669159
[GA][Iter4] Gen:6 Ind:10 RMSE(val)=28.670019
[GA][Iter4] Gen:6 Ind:11 RMSE(val)=28.515407
[GA][Iter4] Gen:6 Ind:12 RMSE(val)=28.725561
[GA][Iter4] Gen:6 Ind:13 RMSE(val)=28.664559
[GA][Iter4] Gen:6 Ind:14 RMSE(val)=28.716082
[GA][Iter4] Gen:6 Ind:15 RMSE(val)=28.488621
[GA][Iter4] Gen:6 Ind:16 RMSE(val)=28.666475
[GA][Iter4] Gen:6 Ind:17 RMSE(val)=28.654807
[GA][Iter4] Gen:6 Ind:18 RMSE(val)=28.629255
[GA][Iter4] Gen:6 Ind:19 RMSE(val)=28.572039
[GA][Iter4] Gen:6 Ind:20 RMSE(val)=28.655546
[GA][Iter4] gen=6 best_val_rmse=28.401745
[GA][Iter4] Gen:7 Ind:1 RMSE(val)=28.401745
[GA][Iter4] Gen:7 Ind:2 RMSE(val)=28.432012
[GA][Iter4] Gen:7 Ind:3 RMSE(val)=28.488621
[GA][Iter4] Gen:7 Ind:4 RMSE(val)=28.515407
[GA][Iter4] Gen:7 Ind:5 RMSE(val)=28.536420
[GA][Iter4] Gen:7 Ind:6 RMSE(val)=28.549011
[GA][Iter4] Gen:7 Ind:7 RMSE(val)=28.572039
[GA][Iter4] Gen:7 Ind:8 RMSE(val)=28.583958
[GA][Iter4] Gen:7 Ind:9 RMSE(val)=28.629255
[GA][Iter4] Gen:7 Ind:10 RMSE(val)=28.629515
[GA][Iter4] Gen:7 Ind:11 RMSE(val)=28.543216
[GA][Iter4] Gen:7 Ind:12 RMSE(val)=28.495885
[GA][Iter4] Gen:7 Ind:13 RMSE(val)=28.554920
[GA][Iter4] Gen:7 Ind:14 RMSE(val)=28.665627
[GA][Iter4] Gen:7 Ind:15 RMSE(val)=28.905501
[GA][Iter4] Gen:7 Ind:16 RMSE(val)=28.558433
[GA][Iter4] Gen:7 Ind:17 RMSE(val)=28.406039
[GA][Iter4] Gen:7 Ind:18 RMSE(val)=28.710726
[GA][Iter4] Gen:7 Ind:19 RMSE(val)=28.669986
[GA][Iter4] Gen:7 Ind:20 RMSE(val)=28.419285
[GA][Iter4] gen=7 best_val_rmse=28.401745
[GA][Iter4] Gen:8 Ind:1 RMSE(val)=28.401745
[GA][Iter4] Gen:8 Ind:2 RMSE(val)=28.406039
[GA][Iter4] Gen:8 Ind:3 RMSE(val)=28.419285
[GA][Iter4] Gen:8 Ind:4 RMSE(val)=28.432012
[GA][Iter4] Gen:8 Ind:5 RMSE(val)=28.488621
[GA][Iter4] Gen:8 Ind:6 RMSE(val)=28.495885
[GA][Iter4] Gen:8 Ind:7 RMSE(val)=28.515407
[GA][Iter4] Gen:8 Ind:8 RMSE(val)=28.536420
[GA][Iter4] Gen:8 Ind:9 RMSE(val)=28.543216
[GA][Iter4] Gen:8 Ind:10 RMSE(val)=28.549011
[GA][Iter4] Gen:8 Ind:11 RMSE(val)=28.444332
[GA][Iter4] Gen:8 Ind:12 RMSE(val)=28.561991
[GA][Iter4] Gen:8 Ind:13 RMSE(val)=28.646579
[GA][Iter4] Gen:8 Ind:14 RMSE(val)=28.653992
[GA][Iter4] Gen:8 Ind:15 RMSE(val)=28.412879
[GA][Iter4] Gen:8 Ind:16 RMSE(val)=28.522037
[GA][Iter4] Gen:8 Ind:17 RMSE(val)=28.625538
[GA][Iter4] Gen:8 Ind:18 RMSE(val)=28.619052
[GA][Iter4] Gen:8 Ind:19 RMSE(val)=28.572538
[GA][Iter4] Gen:8 Ind:20 RMSE(val)=28.565891
[GA][Iter4] gen=8 best_val_rmse=28.401745
[GA][Iter4] Gen:9 Ind:1 RMSE(val)=28.401745
[GA][Iter4] Gen:9 Ind:2 RMSE(val)=28.406039
[GA][Iter4] Gen:9 Ind:3 RMSE(val)=28.412879
[GA][Iter4] Gen:9 Ind:4 RMSE(val)=28.419285
[GA][Iter4] Gen:9 Ind:5 RMSE(val)=28.432012
[GA][Iter4] Gen:9 Ind:6 RMSE(val)=28.444332
[GA][Iter4] Gen:9 Ind:7 RMSE(val)=28.488621
[GA][Iter4] Gen:9 Ind:8 RMSE(val)=28.495885
[GA][Iter4] Gen:9 Ind:9 RMSE(val)=28.515407
[GA][Iter4] Gen:9 Ind:10 RMSE(val)=28.522037
[GA][Iter4] Gen:9 Ind:11 RMSE(val)=28.685981
[GA][Iter4] Gen:9 Ind:12 RMSE(val)=28.609151
[GA][Iter4] Gen:9 Ind:13 RMSE(val)=28.559925
[GA][Iter4] Gen:9 Ind:14 RMSE(val)=28.452025
[GA][Iter4] Gen:9 Ind:15 RMSE(val)=28.406039
[GA][Iter4] Gen:9 Ind:16 RMSE(val)=28.412705
[GA][Iter4] Gen:9 Ind:17 RMSE(val)=28.405701
[GA][Iter4] Gen:9 Ind:18 RMSE(val)=28.432012
[GA][Iter4] Gen:9 Ind:19 RMSE(val)=28.556671
[GA][Iter4] Gen:9 Ind:20 RMSE(val)=28.569846
[GA][Iter4] gen=9 best_val_rmse=28.401745
[GA][Iter4] Gen:10 Ind:1 RMSE(val)=28.401745
[GA][Iter4] Gen:10 Ind:2 RMSE(val)=28.405701
[GA][Iter4] Gen:10 Ind:3 RMSE(val)=28.406039
[GA][Iter4] Gen:10 Ind:4 RMSE(val)=28.406039
[GA][Iter4] Gen:10 Ind:5 RMSE(val)=28.412705
[GA][Iter4] Gen:10 Ind:6 RMSE(val)=28.412879
[GA][Iter4] Gen:10 Ind:7 RMSE(val)=28.419285
[GA][Iter4] Gen:10 Ind:8 RMSE(val)=28.432012
[GA][Iter4] Gen:10 Ind:9 RMSE(val)=28.432012
[GA][Iter4] Gen:10 Ind:10 RMSE(val)=28.444332
[GA][Iter4] Gen:10 Ind:11 RMSE(val)=28.532308
[GA][Iter4] Gen:10 Ind:12 RMSE(val)=28.354665
[GA][Iter4] Gen:10 Ind:13 RMSE(val)=28.563649
[GA][Iter4] Gen:10 Ind:14 RMSE(val)=28.412639
[GA][Iter4] Gen:10 Ind:15 RMSE(val)=28.406039
[GA][Iter4] Gen:10 Ind:16 RMSE(val)=28.444332
[GA][Iter4] Gen:10 Ind:17 RMSE(val)=28.412705
[GA][Iter4] Gen:10 Ind:18 RMSE(val)=28.451409
[GA][Iter4] Gen:10 Ind:19 RMSE(val)=28.424614
[GA][Iter4] Gen:10 Ind:20 RMSE(val)=28.424614
[GA][Iter4] gen=10 best_val_rmse=28.354665
[GA][Iter4] Gen:11 Ind:1 RMSE(val)=28.354665
[GA][Iter4] Gen:11 Ind:2 RMSE(val)=28.401745
[GA][Iter4] Gen:11 Ind:3 RMSE(val)=28.405701
[GA][Iter4] Gen:11 Ind:4 RMSE(val)=28.406039
[GA][Iter4] Gen:11 Ind:5 RMSE(val)=28.406039
[GA][Iter4] Gen:11 Ind:6 RMSE(val)=28.406039
[GA][Iter4] Gen:11 Ind:7 RMSE(val)=28.412639
[GA][Iter4] Gen:11 Ind:8 RMSE(val)=28.412705
[GA][Iter4] Gen:11 Ind:9 RMSE(val)=28.412705
[GA][Iter4] Gen:11 Ind:10 RMSE(val)=28.412879
[GA][Iter4] Gen:11 Ind:11 RMSE(val)=28.467686
[GA][Iter4] Gen:11 Ind:12 RMSE(val)=28.347804
[GA][Iter4] Gen:11 Ind:13 RMSE(val)=28.546061
[GA][Iter4] Gen:11 Ind:14 RMSE(val)=28.405701
[GA][Iter4] Gen:11 Ind:15 RMSE(val)=28.727051
[GA][Iter4] Gen:11 Ind:16 RMSE(val)=28.405478
[GA][Iter4] Gen:11 Ind:17 RMSE(val)=28.266583
[GA][Iter4] Gen:11 Ind:18 RMSE(val)=28.639001
[GA][Iter4] Gen:11 Ind:19 RMSE(val)=28.478475
[GA][Iter4] Gen:11 Ind:20 RMSE(val)=28.396010
[GA][Iter4] gen=11 best_val_rmse=28.266583
[GA][Iter4] Gen:12 Ind:1 RMSE(val)=28.266583
[GA][Iter4] Gen:12 Ind:2 RMSE(val)=28.347804
[GA][Iter4] Gen:12 Ind:3 RMSE(val)=28.354665
[GA][Iter4] Gen:12 Ind:4 RMSE(val)=28.396010
[GA][Iter4] Gen:12 Ind:5 RMSE(val)=28.401745
[GA][Iter4] Gen:12 Ind:6 RMSE(val)=28.405478
[GA][Iter4] Gen:12 Ind:7 RMSE(val)=28.405701
[GA][Iter4] Gen:12 Ind:8 RMSE(val)=28.405701
[GA][Iter4] Gen:12 Ind:9 RMSE(val)=28.406039
[GA][Iter4] Gen:12 Ind:10 RMSE(val)=28.406039
[GA][Iter4] Gen:12 Ind:11 RMSE(val)=28.419754
[GA][Iter4] Gen:12 Ind:12 RMSE(val)=28.553353
[GA][Iter4] Gen:12 Ind:13 RMSE(val)=28.439793
[GA][Iter4] Gen:12 Ind:14 RMSE(val)=28.412428
[GA][Iter4] Gen:12 Ind:15 RMSE(val)=28.421716
[GA][Iter4] Gen:12 Ind:16 RMSE(val)=28.347804
[GA][Iter4] Gen:12 Ind:17 RMSE(val)=28.405478
[GA][Iter4] Gen:12 Ind:18 RMSE(val)=28.401326
[GA][Iter4] Gen:12 Ind:19 RMSE(val)=28.405701
[GA][Iter4] Gen:12 Ind:20 RMSE(val)=28.677625
[GA][Iter4] gen=12 best_val_rmse=28.266583
[GA][Iter4] Gen:13 Ind:1 RMSE(val)=28.266583
[GA][Iter4] Gen:13 Ind:2 RMSE(val)=28.347804
[GA][Iter4] Gen:13 Ind:3 RMSE(val)=28.347804
[GA][Iter4] Gen:13 Ind:4 RMSE(val)=28.354665
[GA][Iter4] Gen:13 Ind:5 RMSE(val)=28.396010
[GA][Iter4] Gen:13 Ind:6 RMSE(val)=28.401326
[GA][Iter4] Gen:13 Ind:7 RMSE(val)=28.401745
[GA][Iter4] Gen:13 Ind:8 RMSE(val)=28.405478
[GA][Iter4] Gen:13 Ind:9 RMSE(val)=28.405478
[GA][Iter4] Gen:13 Ind:10 RMSE(val)=28.405701
[GA][Iter4] Gen:13 Ind:11 RMSE(val)=28.466260
[GA][Iter4] Gen:13 Ind:12 RMSE(val)=28.439793
[GA][Iter4] Gen:13 Ind:13 RMSE(val)=28.559158
[GA][Iter4] Gen:13 Ind:14 RMSE(val)=28.450234
[GA][Iter4] Gen:13 Ind:15 RMSE(val)=28.435864
[GA][Iter4] Gen:13 Ind:16 RMSE(val)=28.432623
[GA][Iter4] Gen:13 Ind:17 RMSE(val)=28.441728
[GA][Iter4] Gen:13 Ind:18 RMSE(val)=28.381060
[GA][Iter4] Gen:13 Ind:19 RMSE(val)=28.401326
[GA][Iter4] Gen:13 Ind:20 RMSE(val)=28.405701
[GA][Iter4] gen=13 best_val_rmse=28.266583
[GA][Iter4] Gen:14 Ind:1 RMSE(val)=28.266583
[GA][Iter4] Gen:14 Ind:2 RMSE(val)=28.347804
[GA][Iter4] Gen:14 Ind:3 RMSE(val)=28.347804
[GA][Iter4] Gen:14 Ind:4 RMSE(val)=28.354665
[GA][Iter4] Gen:14 Ind:5 RMSE(val)=28.381060
[GA][Iter4] Gen:14 Ind:6 RMSE(val)=28.396010
[GA][Iter4] Gen:14 Ind:7 RMSE(val)=28.401326
[GA][Iter4] Gen:14 Ind:8 RMSE(val)=28.401326
[GA][Iter4] Gen:14 Ind:9 RMSE(val)=28.401745
[GA][Iter4] Gen:14 Ind:10 RMSE(val)=28.405478
[GA][Iter4] Gen:14 Ind:11 RMSE(val)=28.400915
[GA][Iter4] Gen:14 Ind:12 RMSE(val)=28.668039
[GA][Iter4] Gen:14 Ind:13 RMSE(val)=28.464029
[GA][Iter4] Gen:14 Ind:14 RMSE(val)=28.468233
[GA][Iter4] Gen:14 Ind:15 RMSE(val)=28.430441
[GA][Iter4] Gen:14 Ind:16 RMSE(val)=28.405478
[GA][Iter4] Gen:14 Ind:17 RMSE(val)=28.412879
[GA][Iter4] Gen:14 Ind:18 RMSE(val)=28.461162
[GA][Iter4] Gen:14 Ind:19 RMSE(val)=28.389873
[GA][Iter4] Gen:14 Ind:20 RMSE(val)=28.331407
[GA][Iter4] gen=14 best_val_rmse=28.266583
[GA][Iter4] Gen:15 Ind:1 RMSE(val)=28.266583
[GA][Iter4] Gen:15 Ind:2 RMSE(val)=28.331407
[GA][Iter4] Gen:15 Ind:3 RMSE(val)=28.347804
[GA][Iter4] Gen:15 Ind:4 RMSE(val)=28.347804
[GA][Iter4] Gen:15 Ind:5 RMSE(val)=28.354665
[GA][Iter4] Gen:15 Ind:6 RMSE(val)=28.381060
[GA][Iter4] Gen:15 Ind:7 RMSE(val)=28.389873
[GA][Iter4] Gen:15 Ind:8 RMSE(val)=28.396010
[GA][Iter4] Gen:15 Ind:9 RMSE(val)=28.400915
[GA][Iter4] Gen:15 Ind:10 RMSE(val)=28.401326
[GA][Iter4] Gen:15 Ind:11 RMSE(val)=28.544022
[GA][Iter4] Gen:15 Ind:12 RMSE(val)=28.442625
[GA][Iter4] Gen:15 Ind:13 RMSE(val)=28.556871
[GA][Iter4] Gen:15 Ind:14 RMSE(val)=28.453709
[GA][Iter4] Gen:15 Ind:15 RMSE(val)=28.494348
[GA][Iter4] Gen:15 Ind:16 RMSE(val)=28.318055
[GA][Iter4] Gen:15 Ind:17 RMSE(val)=28.364406
[GA][Iter4] Gen:15 Ind:18 RMSE(val)=28.401792
[GA][Iter4] Gen:15 Ind:19 RMSE(val)=28.412639
[GA][Iter4] Gen:15 Ind:20 RMSE(val)=28.345554
[GA][Iter4] gen=15 best_val_rmse=28.266583
[GA][Iter4] Gen:15 Ind:1 RMSE(val)=28.266583
[GA][Iter4] Gen:15 Ind:2 RMSE(val)=28.318055
[GA][Iter4] Gen:15 Ind:3 RMSE(val)=28.331407
[GA][Iter4] Gen:15 Ind:4 RMSE(val)=28.345554
[GA][Iter4] Gen:15 Ind:5 RMSE(val)=28.347804
[GA][Iter4] Gen:15 Ind:6 RMSE(val)=28.347804
[GA][Iter4] Gen:15 Ind:7 RMSE(val)=28.354665
[GA][Iter4] Gen:15 Ind:8 RMSE(val)=28.364406
[GA][Iter4] Gen:15 Ind:9 RMSE(val)=28.381060
[GA][Iter4] Gen:15 Ind:10 RMSE(val)=28.389873
[GA][Iter4] Gen:15 Ind:11 RMSE(val)=28.339382
[GA][Iter4] Gen:15 Ind:12 RMSE(val)=28.406670
[GA][Iter4] Gen:15 Ind:13 RMSE(val)=28.448706
[GA][Iter4] Gen:15 Ind:14 RMSE(val)=28.345554
[GA][Iter4] Gen:15 Ind:15 RMSE(val)=28.391107
[GA][Iter4] Gen:15 Ind:16 RMSE(val)=28.445528
[GA][Iter4] Gen:15 Ind:17 RMSE(val)=28.345554
[GA][Iter4] Gen:15 Ind:18 RMSE(val)=28.491910
[GA][Iter4] Gen:15 Ind:19 RMSE(val)=28.419114
[GA][Iter4] Gen:15 Ind:20 RMSE(val)=28.316248

[GA DONE][Iter4] Best params on val fold of Iter4
Best val RMSE: 28.266583
Best params: {'n_estimators': 1981, 'learning_rate': 0.03171427366232656, 'max_depth': 3, 'min_child_weight': 9.21038703425423, 'subsample': 0.774730940822297, 'colsample_bytree': 0.9941285515775249, 'reg_lambda': 0.5725065226592523, 'reg_alpha': 0.07107604108991697, 'gamma': 0.05283240309568377}
--------------------------------------------------------------------------------
[RETUNE GA] Iter4: train folds 1..8 -> test fold 9  RMSE=24.423829  NRMSE=0.974988  CVRMSE=0.072684  R2=0.040515
[GA][Iter5] Gen:1 Ind:1 RMSE(val)=30.173702
[GA][Iter5] Gen:1 Ind:2 RMSE(val)=24.920740
[GA][Iter5] Gen:1 Ind:3 RMSE(val)=34.358323
[GA][Iter5] Gen:1 Ind:4 RMSE(val)=34.245320
[GA][Iter5] Gen:1 Ind:5 RMSE(val)=34.244839
[GA][Iter5] Gen:1 Ind:6 RMSE(val)=31.424423
[GA][Iter5] Gen:1 Ind:7 RMSE(val)=34.288590
[GA][Iter5] Gen:1 Ind:8 RMSE(val)=24.687122
[GA][Iter5] Gen:1 Ind:9 RMSE(val)=24.766099
[GA][Iter5] Gen:1 Ind:10 RMSE(val)=27.409522
[GA][Iter5] Gen:1 Ind:11 RMSE(val)=34.203511
[GA][Iter5] Gen:1 Ind:12 RMSE(val)=26.092810
[GA][Iter5] Gen:1 Ind:13 RMSE(val)=34.229656
[GA][Iter5] Gen:1 Ind:14 RMSE(val)=29.525027
[GA][Iter5] Gen:1 Ind:15 RMSE(val)=24.698941
[GA][Iter5] Gen:1 Ind:16 RMSE(val)=34.213289
[GA][Iter5] Gen:1 Ind:17 RMSE(val)=24.897868
[GA][Iter5] Gen:1 Ind:18 RMSE(val)=27.958984
[GA][Iter5] Gen:1 Ind:19 RMSE(val)=31.531635
[GA][Iter5] Gen:1 Ind:20 RMSE(val)=31.576378
[GA][Iter5] gen=1 best_val_rmse=24.687122
[GA][Iter5] Gen:2 Ind:1 RMSE(val)=24.687122
[GA][Iter5] Gen:2 Ind:2 RMSE(val)=24.698941
[GA][Iter5] Gen:2 Ind:3 RMSE(val)=24.766099
[GA][Iter5] Gen:2 Ind:4 RMSE(val)=24.897868
[GA][Iter5] Gen:2 Ind:5 RMSE(val)=24.920740
[GA][Iter5] Gen:2 Ind:6 RMSE(val)=26.092810
[GA][Iter5] Gen:2 Ind:7 RMSE(val)=27.409522
[GA][Iter5] Gen:2 Ind:8 RMSE(val)=27.958984
[GA][Iter5] Gen:2 Ind:9 RMSE(val)=29.525027
[GA][Iter5] Gen:2 Ind:10 RMSE(val)=30.173702
[GA][Iter5] Gen:2 Ind:11 RMSE(val)=25.188791
[GA][Iter5] Gen:2 Ind:12 RMSE(val)=24.498122
[GA][Iter5] Gen:2 Ind:13 RMSE(val)=24.445291
[GA][Iter5] Gen:2 Ind:14 RMSE(val)=24.398623
[GA][Iter5] Gen:2 Ind:15 RMSE(val)=27.717957
[GA][Iter5] Gen:2 Ind:16 RMSE(val)=27.723611
[GA][Iter5] Gen:2 Ind:17 RMSE(val)=24.461153
[GA][Iter5] Gen:2 Ind:18 RMSE(val)=28.532590
[GA][Iter5] Gen:2 Ind:19 RMSE(val)=24.906798
[GA][Iter5] Gen:2 Ind:20 RMSE(val)=27.972069
[GA][Iter5] gen=2 best_val_rmse=24.398623
[GA][Iter5] Gen:3 Ind:1 RMSE(val)=24.398623
[GA][Iter5] Gen:3 Ind:2 RMSE(val)=24.445291
[GA][Iter5] Gen:3 Ind:3 RMSE(val)=24.461153
[GA][Iter5] Gen:3 Ind:4 RMSE(val)=24.498122
[GA][Iter5] Gen:3 Ind:5 RMSE(val)=24.687122
[GA][Iter5] Gen:3 Ind:6 RMSE(val)=24.698941
[GA][Iter5] Gen:3 Ind:7 RMSE(val)=24.766099
[GA][Iter5] Gen:3 Ind:8 RMSE(val)=24.897868
[GA][Iter5] Gen:3 Ind:9 RMSE(val)=24.906798
[GA][Iter5] Gen:3 Ind:10 RMSE(val)=24.920740
[GA][Iter5] Gen:3 Ind:11 RMSE(val)=24.779233
[GA][Iter5] Gen:3 Ind:12 RMSE(val)=24.606751
[GA][Iter5] Gen:3 Ind:13 RMSE(val)=24.571170
[GA][Iter5] Gen:3 Ind:14 RMSE(val)=24.994397
[GA][Iter5] Gen:3 Ind:15 RMSE(val)=24.681857
[GA][Iter5] Gen:3 Ind:16 RMSE(val)=24.433754
[GA][Iter5] Gen:3 Ind:17 RMSE(val)=24.765307
[GA][Iter5] Gen:3 Ind:18 RMSE(val)=24.310469
[GA][Iter5] Gen:3 Ind:19 RMSE(val)=24.947081
[GA][Iter5] Gen:3 Ind:20 RMSE(val)=24.746038
[GA][Iter5] gen=3 best_val_rmse=24.310469
[GA][Iter5] Gen:4 Ind:1 RMSE(val)=24.310469
[GA][Iter5] Gen:4 Ind:2 RMSE(val)=24.398623
[GA][Iter5] Gen:4 Ind:3 RMSE(val)=24.433754
[GA][Iter5] Gen:4 Ind:4 RMSE(val)=24.445291
[GA][Iter5] Gen:4 Ind:5 RMSE(val)=24.461153
[GA][Iter5] Gen:4 Ind:6 RMSE(val)=24.498122
[GA][Iter5] Gen:4 Ind:7 RMSE(val)=24.571170
[GA][Iter5] Gen:4 Ind:8 RMSE(val)=24.606751
[GA][Iter5] Gen:4 Ind:9 RMSE(val)=24.681857
[GA][Iter5] Gen:4 Ind:10 RMSE(val)=24.687122
[GA][Iter5] Gen:4 Ind:11 RMSE(val)=24.314803
[GA][Iter5] Gen:4 Ind:12 RMSE(val)=24.996692
[GA][Iter5] Gen:4 Ind:13 RMSE(val)=24.706586
[GA][Iter5] Gen:4 Ind:14 RMSE(val)=24.391528
[GA][Iter5] Gen:4 Ind:15 RMSE(val)=24.446348
[GA][Iter5] Gen:4 Ind:16 RMSE(val)=24.553647
[GA][Iter5] Gen:4 Ind:17 RMSE(val)=24.447815
[GA][Iter5] Gen:4 Ind:18 RMSE(val)=24.803438
[GA][Iter5] Gen:4 Ind:19 RMSE(val)=24.494984
[GA][Iter5] Gen:4 Ind:20 RMSE(val)=24.571352
[GA][Iter5] gen=4 best_val_rmse=24.310469
[GA][Iter5] Gen:5 Ind:1 RMSE(val)=24.310469
[GA][Iter5] Gen:5 Ind:2 RMSE(val)=24.314803
[GA][Iter5] Gen:5 Ind:3 RMSE(val)=24.391528
[GA][Iter5] Gen:5 Ind:4 RMSE(val)=24.398623
[GA][Iter5] Gen:5 Ind:5 RMSE(val)=24.433754
[GA][Iter5] Gen:5 Ind:6 RMSE(val)=24.445291
[GA][Iter5] Gen:5 Ind:7 RMSE(val)=24.446348
[GA][Iter5] Gen:5 Ind:8 RMSE(val)=24.447815
[GA][Iter5] Gen:5 Ind:9 RMSE(val)=24.461153
[GA][Iter5] Gen:5 Ind:10 RMSE(val)=24.494984
[GA][Iter5] Gen:5 Ind:11 RMSE(val)=24.435085
[GA][Iter5] Gen:5 Ind:12 RMSE(val)=24.461153
[GA][Iter5] Gen:5 Ind:13 RMSE(val)=24.571627
[GA][Iter5] Gen:5 Ind:14 RMSE(val)=24.314156
[GA][Iter5] Gen:5 Ind:15 RMSE(val)=24.728797
[GA][Iter5] Gen:5 Ind:16 RMSE(val)=24.646748
[GA][Iter5] Gen:5 Ind:17 RMSE(val)=24.509439
[GA][Iter5] Gen:5 Ind:18 RMSE(val)=25.022440
[GA][Iter5] Gen:5 Ind:19 RMSE(val)=24.403496
[GA][Iter5] Gen:5 Ind:20 RMSE(val)=24.212364
[GA][Iter5] gen=5 best_val_rmse=24.212364
[GA][Iter5] Gen:6 Ind:1 RMSE(val)=24.212364
[GA][Iter5] Gen:6 Ind:2 RMSE(val)=24.310469
[GA][Iter5] Gen:6 Ind:3 RMSE(val)=24.314156
[GA][Iter5] Gen:6 Ind:4 RMSE(val)=24.314803
[GA][Iter5] Gen:6 Ind:5 RMSE(val)=24.391528
[GA][Iter5] Gen:6 Ind:6 RMSE(val)=24.398623
[GA][Iter5] Gen:6 Ind:7 RMSE(val)=24.403496
[GA][Iter5] Gen:6 Ind:8 RMSE(val)=24.433754
[GA][Iter5] Gen:6 Ind:9 RMSE(val)=24.435085
[GA][Iter5] Gen:6 Ind:10 RMSE(val)=24.445291
[GA][Iter5] Gen:6 Ind:11 RMSE(val)=24.627855
[GA][Iter5] Gen:6 Ind:12 RMSE(val)=24.431810
[GA][Iter5] Gen:6 Ind:13 RMSE(val)=24.539881
[GA][Iter5] Gen:6 Ind:14 RMSE(val)=24.316389
[GA][Iter5] Gen:6 Ind:15 RMSE(val)=24.526371
[GA][Iter5] Gen:6 Ind:16 RMSE(val)=24.279365
[GA][Iter5] Gen:6 Ind:17 RMSE(val)=24.358950
[GA][Iter5] Gen:6 Ind:18 RMSE(val)=24.722383
[GA][Iter5] Gen:6 Ind:19 RMSE(val)=24.732306
[GA][Iter5] Gen:6 Ind:20 RMSE(val)=24.453651
[GA][Iter5] gen=6 best_val_rmse=24.212364
[GA][Iter5] Gen:7 Ind:1 RMSE(val)=24.212364
[GA][Iter5] Gen:7 Ind:2 RMSE(val)=24.279365
[GA][Iter5] Gen:7 Ind:3 RMSE(val)=24.310469
[GA][Iter5] Gen:7 Ind:4 RMSE(val)=24.314156
[GA][Iter5] Gen:7 Ind:5 RMSE(val)=24.314803
[GA][Iter5] Gen:7 Ind:6 RMSE(val)=24.316389
[GA][Iter5] Gen:7 Ind:7 RMSE(val)=24.358950
[GA][Iter5] Gen:7 Ind:8 RMSE(val)=24.391528
[GA][Iter5] Gen:7 Ind:9 RMSE(val)=24.398623
[GA][Iter5] Gen:7 Ind:10 RMSE(val)=24.403496
[GA][Iter5] Gen:7 Ind:11 RMSE(val)=24.871899
[GA][Iter5] Gen:7 Ind:12 RMSE(val)=24.474024
[GA][Iter5] Gen:7 Ind:13 RMSE(val)=24.318105
[GA][Iter5] Gen:7 Ind:14 RMSE(val)=24.350958
[GA][Iter5] Gen:7 Ind:15 RMSE(val)=24.343489
[GA][Iter5] Gen:7 Ind:16 RMSE(val)=24.314156
[GA][Iter5] Gen:7 Ind:17 RMSE(val)=24.259439
[GA][Iter5] Gen:7 Ind:18 RMSE(val)=24.715301
[GA][Iter5] Gen:7 Ind:19 RMSE(val)=24.521314
[GA][Iter5] Gen:7 Ind:20 RMSE(val)=24.258235
[GA][Iter5] gen=7 best_val_rmse=24.212364
[GA][Iter5] Gen:8 Ind:1 RMSE(val)=24.212364
[GA][Iter5] Gen:8 Ind:2 RMSE(val)=24.258235
[GA][Iter5] Gen:8 Ind:3 RMSE(val)=24.259439
[GA][Iter5] Gen:8 Ind:4 RMSE(val)=24.279365
[GA][Iter5] Gen:8 Ind:5 RMSE(val)=24.310469
[GA][Iter5] Gen:8 Ind:6 RMSE(val)=24.314156
[GA][Iter5] Gen:8 Ind:7 RMSE(val)=24.314156
[GA][Iter5] Gen:8 Ind:8 RMSE(val)=24.314803
[GA][Iter5] Gen:8 Ind:9 RMSE(val)=24.316389
[GA][Iter5] Gen:8 Ind:10 RMSE(val)=24.318105
[GA][Iter5] Gen:8 Ind:11 RMSE(val)=24.176460
[GA][Iter5] Gen:8 Ind:12 RMSE(val)=24.383217
[GA][Iter5] Gen:8 Ind:13 RMSE(val)=24.453277
[GA][Iter5] Gen:8 Ind:14 RMSE(val)=24.445655
[GA][Iter5] Gen:8 Ind:15 RMSE(val)=24.433416
[GA][Iter5] Gen:8 Ind:16 RMSE(val)=24.144829
[GA][Iter5] Gen:8 Ind:17 RMSE(val)=24.337062
[GA][Iter5] Gen:8 Ind:18 RMSE(val)=24.642501
[GA][Iter5] Gen:8 Ind:19 RMSE(val)=24.427154
[GA][Iter5] Gen:8 Ind:20 RMSE(val)=24.719469
[GA][Iter5] gen=8 best_val_rmse=24.144829
[GA][Iter5] Gen:9 Ind:1 RMSE(val)=24.144829
[GA][Iter5] Gen:9 Ind:2 RMSE(val)=24.176460
[GA][Iter5] Gen:9 Ind:3 RMSE(val)=24.212364
[GA][Iter5] Gen:9 Ind:4 RMSE(val)=24.258235
[GA][Iter5] Gen:9 Ind:5 RMSE(val)=24.259439
[GA][Iter5] Gen:9 Ind:6 RMSE(val)=24.279365
[GA][Iter5] Gen:9 Ind:7 RMSE(val)=24.310469
[GA][Iter5] Gen:9 Ind:8 RMSE(val)=24.314156
[GA][Iter5] Gen:9 Ind:9 RMSE(val)=24.314156
[GA][Iter5] Gen:9 Ind:10 RMSE(val)=24.314803
[GA][Iter5] Gen:9 Ind:11 RMSE(val)=24.196642
[GA][Iter5] Gen:9 Ind:12 RMSE(val)=24.347393
[GA][Iter5] Gen:9 Ind:13 RMSE(val)=24.418564
[GA][Iter5] Gen:9 Ind:14 RMSE(val)=24.092555
[GA][Iter5] Gen:9 Ind:15 RMSE(val)=24.291919
[GA][Iter5] Gen:9 Ind:16 RMSE(val)=24.245958
[GA][Iter5] Gen:9 Ind:17 RMSE(val)=24.252151
[GA][Iter5] Gen:9 Ind:18 RMSE(val)=24.226178
[GA][Iter5] Gen:9 Ind:19 RMSE(val)=24.682831
[GA][Iter5] Gen:9 Ind:20 RMSE(val)=24.284789
[GA][Iter5] gen=9 best_val_rmse=24.092555
[GA][Iter5] Gen:10 Ind:1 RMSE(val)=24.092555
[GA][Iter5] Gen:10 Ind:2 RMSE(val)=24.144829
[GA][Iter5] Gen:10 Ind:3 RMSE(val)=24.176460
[GA][Iter5] Gen:10 Ind:4 RMSE(val)=24.196642
[GA][Iter5] Gen:10 Ind:5 RMSE(val)=24.212364
[GA][Iter5] Gen:10 Ind:6 RMSE(val)=24.226178
[GA][Iter5] Gen:10 Ind:7 RMSE(val)=24.245958
[GA][Iter5] Gen:10 Ind:8 RMSE(val)=24.252151
[GA][Iter5] Gen:10 Ind:9 RMSE(val)=24.258235
[GA][Iter5] Gen:10 Ind:10 RMSE(val)=24.259439
[GA][Iter5] Gen:10 Ind:11 RMSE(val)=24.481514
[GA][Iter5] Gen:10 Ind:12 RMSE(val)=24.095156
[GA][Iter5] Gen:10 Ind:13 RMSE(val)=24.122270
[GA][Iter5] Gen:10 Ind:14 RMSE(val)=24.425728
[GA][Iter5] Gen:10 Ind:15 RMSE(val)=24.577360
[GA][Iter5] Gen:10 Ind:16 RMSE(val)=24.257313
[GA][Iter5] Gen:10 Ind:17 RMSE(val)=24.199253
[GA][Iter5] Gen:10 Ind:18 RMSE(val)=24.203427
[GA][Iter5] Gen:10 Ind:19 RMSE(val)=24.144829
[GA][Iter5] Gen:10 Ind:20 RMSE(val)=24.218742
[GA][Iter5] gen=10 best_val_rmse=24.092555
[GA][Iter5] Gen:11 Ind:1 RMSE(val)=24.092555
[GA][Iter5] Gen:11 Ind:2 RMSE(val)=24.095156
[GA][Iter5] Gen:11 Ind:3 RMSE(val)=24.122270
[GA][Iter5] Gen:11 Ind:4 RMSE(val)=24.144829
[GA][Iter5] Gen:11 Ind:5 RMSE(val)=24.144829
[GA][Iter5] Gen:11 Ind:6 RMSE(val)=24.176460
[GA][Iter5] Gen:11 Ind:7 RMSE(val)=24.196642
[GA][Iter5] Gen:11 Ind:8 RMSE(val)=24.199253
[GA][Iter5] Gen:11 Ind:9 RMSE(val)=24.203427
[GA][Iter5] Gen:11 Ind:10 RMSE(val)=24.212364
[GA][Iter5] Gen:11 Ind:11 RMSE(val)=24.341868
[GA][Iter5] Gen:11 Ind:12 RMSE(val)=24.320386
[GA][Iter5] Gen:11 Ind:13 RMSE(val)=24.253996
[GA][Iter5] Gen:11 Ind:14 RMSE(val)=24.268094
[GA][Iter5] Gen:11 Ind:15 RMSE(val)=24.310246
[GA][Iter5] Gen:11 Ind:16 RMSE(val)=24.294833
[GA][Iter5] Gen:11 Ind:17 RMSE(val)=24.151666
[GA][Iter5] Gen:11 Ind:18 RMSE(val)=24.516274
[GA][Iter5] Gen:11 Ind:19 RMSE(val)=24.580828
[GA][Iter5] Gen:11 Ind:20 RMSE(val)=24.364608
[GA][Iter5] gen=11 best_val_rmse=24.092555
[GA][Iter5] Gen:12 Ind:1 RMSE(val)=24.092555
[GA][Iter5] Gen:12 Ind:2 RMSE(val)=24.095156
[GA][Iter5] Gen:12 Ind:3 RMSE(val)=24.122270
[GA][Iter5] Gen:12 Ind:4 RMSE(val)=24.144829
[GA][Iter5] Gen:12 Ind:5 RMSE(val)=24.144829
[GA][Iter5] Gen:12 Ind:6 RMSE(val)=24.151666
[GA][Iter5] Gen:12 Ind:7 RMSE(val)=24.176460
[GA][Iter5] Gen:12 Ind:8 RMSE(val)=24.196642
[GA][Iter5] Gen:12 Ind:9 RMSE(val)=24.199253
[GA][Iter5] Gen:12 Ind:10 RMSE(val)=24.203427
[GA][Iter5] Gen:12 Ind:11 RMSE(val)=24.169823
[GA][Iter5] Gen:12 Ind:12 RMSE(val)=24.270505
[GA][Iter5] Gen:12 Ind:13 RMSE(val)=24.364954
[GA][Iter5] Gen:12 Ind:14 RMSE(val)=24.080465
[GA][Iter5] Gen:12 Ind:15 RMSE(val)=24.338579
[GA][Iter5] Gen:12 Ind:16 RMSE(val)=24.234401
[GA][Iter5] Gen:12 Ind:17 RMSE(val)=24.396683
[GA][Iter5] Gen:12 Ind:18 RMSE(val)=24.327413
[GA][Iter5] Gen:12 Ind:19 RMSE(val)=24.725540
[GA][Iter5] Gen:12 Ind:20 RMSE(val)=24.271260
[GA][Iter5] gen=12 best_val_rmse=24.080465
[GA][Iter5] Gen:13 Ind:1 RMSE(val)=24.080465
[GA][Iter5] Gen:13 Ind:2 RMSE(val)=24.092555
[GA][Iter5] Gen:13 Ind:3 RMSE(val)=24.095156
[GA][Iter5] Gen:13 Ind:4 RMSE(val)=24.122270
[GA][Iter5] Gen:13 Ind:5 RMSE(val)=24.144829
[GA][Iter5] Gen:13 Ind:6 RMSE(val)=24.144829
[GA][Iter5] Gen:13 Ind:7 RMSE(val)=24.151666
[GA][Iter5] Gen:13 Ind:8 RMSE(val)=24.169823
[GA][Iter5] Gen:13 Ind:9 RMSE(val)=24.176460
[GA][Iter5] Gen:13 Ind:10 RMSE(val)=24.196642
[GA][Iter5] Gen:13 Ind:11 RMSE(val)=24.097209
[GA][Iter5] Gen:13 Ind:12 RMSE(val)=24.312333
[GA][Iter5] Gen:13 Ind:13 RMSE(val)=24.092555
[GA][Iter5] Gen:13 Ind:14 RMSE(val)=24.150709
[GA][Iter5] Gen:13 Ind:15 RMSE(val)=24.413577
[GA][Iter5] Gen:13 Ind:16 RMSE(val)=24.369210
[GA][Iter5] Gen:13 Ind:17 RMSE(val)=24.120115
[GA][Iter5] Gen:13 Ind:18 RMSE(val)=24.155587
[GA][Iter5] Gen:13 Ind:19 RMSE(val)=24.144829
[GA][Iter5] Gen:13 Ind:20 RMSE(val)=24.368469
[GA][Iter5] gen=13 best_val_rmse=24.080465
[GA][Iter5] Gen:14 Ind:1 RMSE(val)=24.080465
[GA][Iter5] Gen:14 Ind:2 RMSE(val)=24.092555
[GA][Iter5] Gen:14 Ind:3 RMSE(val)=24.092555
[GA][Iter5] Gen:14 Ind:4 RMSE(val)=24.095156
[GA][Iter5] Gen:14 Ind:5 RMSE(val)=24.097209
[GA][Iter5] Gen:14 Ind:6 RMSE(val)=24.120115
[GA][Iter5] Gen:14 Ind:7 RMSE(val)=24.122270
[GA][Iter5] Gen:14 Ind:8 RMSE(val)=24.144829
[GA][Iter5] Gen:14 Ind:9 RMSE(val)=24.144829
[GA][Iter5] Gen:14 Ind:10 RMSE(val)=24.144829
[GA][Iter5] Gen:14 Ind:11 RMSE(val)=24.144829
[GA][Iter5] Gen:14 Ind:12 RMSE(val)=24.443796
[GA][Iter5] Gen:14 Ind:13 RMSE(val)=24.127931
[GA][Iter5] Gen:14 Ind:14 RMSE(val)=24.258235
[GA][Iter5] Gen:14 Ind:15 RMSE(val)=24.144829
[GA][Iter5] Gen:14 Ind:16 RMSE(val)=24.144829
[GA][Iter5] Gen:14 Ind:17 RMSE(val)=24.234902
[GA][Iter5] Gen:14 Ind:18 RMSE(val)=24.176274
[GA][Iter5] Gen:14 Ind:19 RMSE(val)=24.144829
[GA][Iter5] Gen:14 Ind:20 RMSE(val)=24.144829
[GA][Iter5] gen=14 best_val_rmse=24.080465
[GA][Iter5] Gen:15 Ind:1 RMSE(val)=24.080465
[GA][Iter5] Gen:15 Ind:2 RMSE(val)=24.092555
[GA][Iter5] Gen:15 Ind:3 RMSE(val)=24.092555
[GA][Iter5] Gen:15 Ind:4 RMSE(val)=24.095156
[GA][Iter5] Gen:15 Ind:5 RMSE(val)=24.097209
[GA][Iter5] Gen:15 Ind:6 RMSE(val)=24.120115
[GA][Iter5] Gen:15 Ind:7 RMSE(val)=24.122270
[GA][Iter5] Gen:15 Ind:8 RMSE(val)=24.127931
[GA][Iter5] Gen:15 Ind:9 RMSE(val)=24.144829
[GA][Iter5] Gen:15 Ind:10 RMSE(val)=24.144829
[GA][Iter5] Gen:15 Ind:11 RMSE(val)=24.097209
[GA][Iter5] Gen:15 Ind:12 RMSE(val)=24.141268
[GA][Iter5] Gen:15 Ind:13 RMSE(val)=24.214062
[GA][Iter5] Gen:15 Ind:14 RMSE(val)=24.229990
[GA][Iter5] Gen:15 Ind:15 RMSE(val)=24.046124
[GA][Iter5] Gen:15 Ind:16 RMSE(val)=24.217013
[GA][Iter5] Gen:15 Ind:17 RMSE(val)=24.258235
[GA][Iter5] Gen:15 Ind:18 RMSE(val)=24.183589
[GA][Iter5] Gen:15 Ind:19 RMSE(val)=24.258235
[GA][Iter5] Gen:15 Ind:20 RMSE(val)=24.217013
[GA][Iter5] gen=15 best_val_rmse=24.046124
[GA][Iter5] Gen:15 Ind:1 RMSE(val)=24.046124
[GA][Iter5] Gen:15 Ind:2 RMSE(val)=24.080465
[GA][Iter5] Gen:15 Ind:3 RMSE(val)=24.092555
[GA][Iter5] Gen:15 Ind:4 RMSE(val)=24.092555
[GA][Iter5] Gen:15 Ind:5 RMSE(val)=24.095156
[GA][Iter5] Gen:15 Ind:6 RMSE(val)=24.097209
[GA][Iter5] Gen:15 Ind:7 RMSE(val)=24.097209
[GA][Iter5] Gen:15 Ind:8 RMSE(val)=24.120115
[GA][Iter5] Gen:15 Ind:9 RMSE(val)=24.122270
[GA][Iter5] Gen:15 Ind:10 RMSE(val)=24.127931
[GA][Iter5] Gen:15 Ind:11 RMSE(val)=24.252984
[GA][Iter5] Gen:15 Ind:12 RMSE(val)=24.198660
[GA][Iter5] Gen:15 Ind:13 RMSE(val)=24.252452
[GA][Iter5] Gen:15 Ind:14 RMSE(val)=24.092555
[GA][Iter5] Gen:15 Ind:15 RMSE(val)=24.253996
[GA][Iter5] Gen:15 Ind:16 RMSE(val)=24.218088
[GA][Iter5] Gen:15 Ind:17 RMSE(val)=24.375230
[GA][Iter5] Gen:15 Ind:18 RMSE(val)=24.092555
[GA][Iter5] Gen:15 Ind:19 RMSE(val)=24.065967
[GA][Iter5] Gen:15 Ind:20 RMSE(val)=24.097209

[GA DONE][Iter5] Best params on val fold of Iter5
Best val RMSE: 24.046124
Best params: {'n_estimators': 1783, 'learning_rate': 0.03844946062904683, 'max_depth': 8, 'min_child_weight': 11.205239072076223, 'subsample': 0.774730940822297, 'colsample_bytree': 0.6795350602746594, 'reg_lambda': 9.087314238207806, 'reg_alpha': 0.061979802415629955, 'gamma': 0.023823296873124615}
--------------------------------------------------------------------------------
[RETUNE GA] Iter5: train folds 1..9 -> test fold 10  RMSE=25.401055  NRMSE=1.050564  CVRMSE=0.076231  R2=-0.114000
