=== BASELINE (project=jod, last-7 mean, expanding folds) ===
Iter1: train folds 1..5 -> test fold 6  RMSE=26895.9493  NRMSE=1.0713  CVRMSE=8.5829  R˛=-0.1580
Iter2: train folds 1..6 -> test fold 7  RMSE=19079.4261  NRMSE=1.0730  CVRMSE=7.4300  R˛=-0.1617
Iter3: train folds 1..7 -> test fold 8  RMSE=7213.0056  NRMSE=1.0702  CVRMSE=8.0620  R˛=-0.1556
Iter4: train folds 1..8 -> test fold 9  RMSE=117507.9024  NRMSE=1.0630  CVRMSE=5.1924  R˛=-0.1401
Iter5: train folds 1..9 -> test fold 10  RMSE=123582.4144  NRMSE=1.0751  CVRMSE=9.8764  R˛=-0.1663
--------------------------------------------------
[FEATURES] initial=87 kept_after_screening=48
['workflow_event_trigger', 'issuer_name', 'total_builds', 'gh_files_added', 'gh_files_deleted', 'gh_lines_deleted', 'gh_tests_deleted', 'gh_description_complexity', 'gh_src_files', 'git_num_committers', 'gh_team_size_last_3_month', 'gh_commits_on_files_touched', 'gh_test_lines_per_kloc', 'hour', 'dow', 'secs_since_prev', 'duration_lag_1', 'duration_lag_3', 'duration_lag_5', 'duration_lag_6', 'duration_lag_7', 'window_avg_7', 'window_std_3', 'ft___cjs__', 'ft___css_', 'ft___html_', 'ft___ts_', 'ft___ts__', 'ft___tsx_', 'ft___tsx__', 'ft___tsx____dup1', 'ft___webmanifest_', 'ft___yml_', 'ft____css_', 'ft____css__', 'ft____html_', 'ft____json_', 'ft____json__', 'ft____md_', 'ft____snap_', 'ft____svg_', 'ft____ts_', 'ft____ts__', 'ft____tsx_', 'ft____tsx__', 'ft____tsx____dup1', 'ft____yaml__', 'ft____yml__']
--------------------------------------------------------------------------------
[GA][Iter1] Gen:1 Ind:1 RMSE(val)=98417.860077
[GA][Iter1] Gen:1 Ind:2 RMSE(val)=98997.390482
[GA][Iter1] Gen:1 Ind:3 RMSE(val)=97789.389997
[GA][Iter1] Gen:1 Ind:4 RMSE(val)=99133.050808
[GA][Iter1] Gen:1 Ind:5 RMSE(val)=98791.084148
[GA][Iter1] Gen:1 Ind:6 RMSE(val)=97475.551268
[GA][Iter1] Gen:1 Ind:7 RMSE(val)=98249.504406
[GA][Iter1] Gen:1 Ind:8 RMSE(val)=97713.585115
[GA][Iter1] Gen:1 Ind:9 RMSE(val)=96976.451392
[GA][Iter1] Gen:1 Ind:10 RMSE(val)=98083.114286
[GA][Iter1] Gen:1 Ind:11 RMSE(val)=98181.426880
[GA][Iter1] Gen:1 Ind:12 RMSE(val)=97549.114700
[GA][Iter1] Gen:1 Ind:13 RMSE(val)=99069.363132
[GA][Iter1] Gen:1 Ind:14 RMSE(val)=97819.404257
[GA][Iter1] Gen:1 Ind:15 RMSE(val)=98212.822959
[GA][Iter1] Gen:1 Ind:16 RMSE(val)=98952.896301
[GA][Iter1] Gen:1 Ind:17 RMSE(val)=97807.904952
[GA][Iter1] Gen:1 Ind:18 RMSE(val)=98285.518118
[GA][Iter1] Gen:1 Ind:19 RMSE(val)=96864.086127
[GA][Iter1] Gen:1 Ind:20 RMSE(val)=97844.675376
[GA][Iter1] gen=1 best_val_rmse=96864.086127
[GA][Iter1] Gen:2 Ind:1 RMSE(val)=96864.086127
[GA][Iter1] Gen:2 Ind:2 RMSE(val)=96976.451392
[GA][Iter1] Gen:2 Ind:3 RMSE(val)=97475.551268
[GA][Iter1] Gen:2 Ind:4 RMSE(val)=97549.114700
[GA][Iter1] Gen:2 Ind:5 RMSE(val)=97713.585115
[GA][Iter1] Gen:2 Ind:6 RMSE(val)=97789.389997
[GA][Iter1] Gen:2 Ind:7 RMSE(val)=97807.904952
[GA][Iter1] Gen:2 Ind:8 RMSE(val)=97819.404257
[GA][Iter1] Gen:2 Ind:9 RMSE(val)=97844.675376
[GA][Iter1] Gen:2 Ind:10 RMSE(val)=98083.114286
[GA][Iter1] Gen:2 Ind:11 RMSE(val)=98212.059377
[GA][Iter1] Gen:2 Ind:12 RMSE(val)=97838.913977
[GA][Iter1] Gen:2 Ind:13 RMSE(val)=97694.519499
[GA][Iter1] Gen:2 Ind:14 RMSE(val)=97587.978347
[GA][Iter1] Gen:2 Ind:15 RMSE(val)=96799.344253
[GA][Iter1] Gen:2 Ind:16 RMSE(val)=97505.854124
[GA][Iter1] Gen:2 Ind:17 RMSE(val)=97076.713477
[GA][Iter1] Gen:2 Ind:18 RMSE(val)=97208.877546
[GA][Iter1] Gen:2 Ind:19 RMSE(val)=97868.881765
[GA][Iter1] Gen:2 Ind:20 RMSE(val)=97338.590104
[GA][Iter1] gen=2 best_val_rmse=96799.344253
[GA][Iter1] Gen:3 Ind:1 RMSE(val)=96799.344253
[GA][Iter1] Gen:3 Ind:2 RMSE(val)=96864.086127
[GA][Iter1] Gen:3 Ind:3 RMSE(val)=96976.451392
[GA][Iter1] Gen:3 Ind:4 RMSE(val)=97076.713477
[GA][Iter1] Gen:3 Ind:5 RMSE(val)=97208.877546
[GA][Iter1] Gen:3 Ind:6 RMSE(val)=97338.590104
[GA][Iter1] Gen:3 Ind:7 RMSE(val)=97475.551268
[GA][Iter1] Gen:3 Ind:8 RMSE(val)=97505.854124
[GA][Iter1] Gen:3 Ind:9 RMSE(val)=97549.114700
[GA][Iter1] Gen:3 Ind:10 RMSE(val)=97587.978347
[GA][Iter1] Gen:3 Ind:11 RMSE(val)=97398.987526
[GA][Iter1] Gen:3 Ind:12 RMSE(val)=96648.471039
[GA][Iter1] Gen:3 Ind:13 RMSE(val)=97055.558202
[GA][Iter1] Gen:3 Ind:14 RMSE(val)=96745.845833
[GA][Iter1] Gen:3 Ind:15 RMSE(val)=97200.533249
[GA][Iter1] Gen:3 Ind:16 RMSE(val)=97195.866703
[GA][Iter1] Gen:3 Ind:17 RMSE(val)=97602.344347
[GA][Iter1] Gen:3 Ind:18 RMSE(val)=97353.278031
[GA][Iter1] Gen:3 Ind:19 RMSE(val)=96599.592132
[GA][Iter1] Gen:3 Ind:20 RMSE(val)=97142.261622
[GA][Iter1] gen=3 best_val_rmse=96599.592132
[GA][Iter1] Gen:4 Ind:1 RMSE(val)=96599.592132
[GA][Iter1] Gen:4 Ind:2 RMSE(val)=96648.471039
[GA][Iter1] Gen:4 Ind:3 RMSE(val)=96745.845833
[GA][Iter1] Gen:4 Ind:4 RMSE(val)=96799.344253
[GA][Iter1] Gen:4 Ind:5 RMSE(val)=96864.086127
[GA][Iter1] Gen:4 Ind:6 RMSE(val)=96976.451392
[GA][Iter1] Gen:4 Ind:7 RMSE(val)=97055.558202
[GA][Iter1] Gen:4 Ind:8 RMSE(val)=97076.713477
[GA][Iter1] Gen:4 Ind:9 RMSE(val)=97142.261622
[GA][Iter1] Gen:4 Ind:10 RMSE(val)=97195.866703
[GA][Iter1] Gen:4 Ind:11 RMSE(val)=97101.449662
[GA][Iter1] Gen:4 Ind:12 RMSE(val)=96599.592132
[GA][Iter1] Gen:4 Ind:13 RMSE(val)=97055.558202
[GA][Iter1] Gen:4 Ind:14 RMSE(val)=96820.146779
[GA][Iter1] Gen:4 Ind:15 RMSE(val)=97203.989338
[GA][Iter1] Gen:4 Ind:16 RMSE(val)=97281.378541
[GA][Iter1] Gen:4 Ind:17 RMSE(val)=97414.708631
[GA][Iter1] Gen:4 Ind:18 RMSE(val)=97432.129884
[GA][Iter1] Gen:4 Ind:19 RMSE(val)=96028.389722
[GA][Iter1] Gen:4 Ind:20 RMSE(val)=96777.337872
[GA][Iter1] gen=4 best_val_rmse=96028.389722
[GA][Iter1] Gen:5 Ind:1 RMSE(val)=96028.389722
[GA][Iter1] Gen:5 Ind:2 RMSE(val)=96599.592132
[GA][Iter1] Gen:5 Ind:3 RMSE(val)=96599.592132
[GA][Iter1] Gen:5 Ind:4 RMSE(val)=96648.471039
[GA][Iter1] Gen:5 Ind:5 RMSE(val)=96745.845833
[GA][Iter1] Gen:5 Ind:6 RMSE(val)=96777.337872
[GA][Iter1] Gen:5 Ind:7 RMSE(val)=96799.344253
[GA][Iter1] Gen:5 Ind:8 RMSE(val)=96820.146779
[GA][Iter1] Gen:5 Ind:9 RMSE(val)=96864.086127
[GA][Iter1] Gen:5 Ind:10 RMSE(val)=96976.451392
[GA][Iter1] Gen:5 Ind:11 RMSE(val)=96883.093534
[GA][Iter1] Gen:5 Ind:12 RMSE(val)=97378.602604
[GA][Iter1] Gen:5 Ind:13 RMSE(val)=97866.545477
[GA][Iter1] Gen:5 Ind:14 RMSE(val)=96050.893626
[GA][Iter1] Gen:5 Ind:15 RMSE(val)=96712.703301
[GA][Iter1] Gen:5 Ind:16 RMSE(val)=97443.700843
[GA][Iter1] Gen:5 Ind:17 RMSE(val)=97356.237060
[GA][Iter1] Gen:5 Ind:18 RMSE(val)=96086.097217
[GA][Iter1] Gen:5 Ind:19 RMSE(val)=96262.571132
[GA][Iter1] Gen:5 Ind:20 RMSE(val)=96588.892490
[GA][Iter1] gen=5 best_val_rmse=96028.389722
[GA][Iter1] Gen:6 Ind:1 RMSE(val)=96028.389722
[GA][Iter1] Gen:6 Ind:2 RMSE(val)=96050.893626
[GA][Iter1] Gen:6 Ind:3 RMSE(val)=96086.097217
[GA][Iter1] Gen:6 Ind:4 RMSE(val)=96262.571132
[GA][Iter1] Gen:6 Ind:5 RMSE(val)=96588.892490
[GA][Iter1] Gen:6 Ind:6 RMSE(val)=96599.592132
[GA][Iter1] Gen:6 Ind:7 RMSE(val)=96599.592132
[GA][Iter1] Gen:6 Ind:8 RMSE(val)=96648.471039
[GA][Iter1] Gen:6 Ind:9 RMSE(val)=96712.703301
[GA][Iter1] Gen:6 Ind:10 RMSE(val)=96745.845833
[GA][Iter1] Gen:6 Ind:11 RMSE(val)=97693.933325
[GA][Iter1] Gen:6 Ind:12 RMSE(val)=95994.428089
[GA][Iter1] Gen:6 Ind:13 RMSE(val)=96592.280256
[GA][Iter1] Gen:6 Ind:14 RMSE(val)=97352.454949
[GA][Iter1] Gen:6 Ind:15 RMSE(val)=96252.379826
[GA][Iter1] Gen:6 Ind:16 RMSE(val)=96607.996727
[GA][Iter1] Gen:6 Ind:17 RMSE(val)=97591.191423
[GA][Iter1] Gen:6 Ind:18 RMSE(val)=97654.128758
[GA][Iter1] Gen:6 Ind:19 RMSE(val)=96148.448291
[GA][Iter1] Gen:6 Ind:20 RMSE(val)=96643.335237
[GA][Iter1] gen=6 best_val_rmse=95994.428089
[GA][Iter1] Gen:7 Ind:1 RMSE(val)=95994.428089
[GA][Iter1] Gen:7 Ind:2 RMSE(val)=96028.389722
[GA][Iter1] Gen:7 Ind:3 RMSE(val)=96050.893626
[GA][Iter1] Gen:7 Ind:4 RMSE(val)=96086.097217
[GA][Iter1] Gen:7 Ind:5 RMSE(val)=96148.448291
[GA][Iter1] Gen:7 Ind:6 RMSE(val)=96252.379826
[GA][Iter1] Gen:7 Ind:7 RMSE(val)=96262.571132
[GA][Iter1] Gen:7 Ind:8 RMSE(val)=96588.892490
[GA][Iter1] Gen:7 Ind:9 RMSE(val)=96592.280256
[GA][Iter1] Gen:7 Ind:10 RMSE(val)=96599.592132
[GA][Iter1] Gen:7 Ind:11 RMSE(val)=96526.272876
[GA][Iter1] Gen:7 Ind:12 RMSE(val)=96592.280256
[GA][Iter1] Gen:7 Ind:13 RMSE(val)=96262.571132
[GA][Iter1] Gen:7 Ind:14 RMSE(val)=97933.641266
[GA][Iter1] Gen:7 Ind:15 RMSE(val)=96028.389722
[GA][Iter1] Gen:7 Ind:16 RMSE(val)=96987.125912
[GA][Iter1] Gen:7 Ind:17 RMSE(val)=96095.883285
[GA][Iter1] Gen:7 Ind:18 RMSE(val)=96869.687355
[GA][Iter1] Gen:7 Ind:19 RMSE(val)=95717.468935
[GA][Iter1] Gen:7 Ind:20 RMSE(val)=95994.428089
[GA][Iter1] gen=7 best_val_rmse=95717.468935
[GA][Iter1] Gen:8 Ind:1 RMSE(val)=95717.468935
[GA][Iter1] Gen:8 Ind:2 RMSE(val)=95994.428089
[GA][Iter1] Gen:8 Ind:3 RMSE(val)=95994.428089
[GA][Iter1] Gen:8 Ind:4 RMSE(val)=96028.389722
[GA][Iter1] Gen:8 Ind:5 RMSE(val)=96028.389722
[GA][Iter1] Gen:8 Ind:6 RMSE(val)=96050.893626
[GA][Iter1] Gen:8 Ind:7 RMSE(val)=96086.097217
[GA][Iter1] Gen:8 Ind:8 RMSE(val)=96095.883285
[GA][Iter1] Gen:8 Ind:9 RMSE(val)=96148.448291
[GA][Iter1] Gen:8 Ind:10 RMSE(val)=96252.379826
[GA][Iter1] Gen:8 Ind:11 RMSE(val)=96022.701953
[GA][Iter1] Gen:8 Ind:12 RMSE(val)=96105.677896
[GA][Iter1] Gen:8 Ind:13 RMSE(val)=96252.379826
[GA][Iter1] Gen:8 Ind:14 RMSE(val)=96380.211581
[GA][Iter1] Gen:8 Ind:15 RMSE(val)=96065.231461
[GA][Iter1] Gen:8 Ind:16 RMSE(val)=95994.428089
[GA][Iter1] Gen:8 Ind:17 RMSE(val)=96450.727343
[GA][Iter1] Gen:8 Ind:18 RMSE(val)=96064.361291
[GA][Iter1] Gen:8 Ind:19 RMSE(val)=96888.676294
[GA][Iter1] Gen:8 Ind:20 RMSE(val)=97392.779369
[GA][Iter1] gen=8 best_val_rmse=95717.468935
[GA][Iter1] Gen:9 Ind:1 RMSE(val)=95717.468935
[GA][Iter1] Gen:9 Ind:2 RMSE(val)=95994.428089
[GA][Iter1] Gen:9 Ind:3 RMSE(val)=95994.428089
[GA][Iter1] Gen:9 Ind:4 RMSE(val)=95994.428089
[GA][Iter1] Gen:9 Ind:5 RMSE(val)=96022.701953
[GA][Iter1] Gen:9 Ind:6 RMSE(val)=96028.389722
[GA][Iter1] Gen:9 Ind:7 RMSE(val)=96028.389722
[GA][Iter1] Gen:9 Ind:8 RMSE(val)=96050.893626
[GA][Iter1] Gen:9 Ind:9 RMSE(val)=96064.361291
[GA][Iter1] Gen:9 Ind:10 RMSE(val)=96065.231461
[GA][Iter1] Gen:9 Ind:11 RMSE(val)=97546.917135
[GA][Iter1] Gen:9 Ind:12 RMSE(val)=96275.089845
[GA][Iter1] Gen:9 Ind:13 RMSE(val)=96160.884599
[GA][Iter1] Gen:9 Ind:14 RMSE(val)=95925.383678
[GA][Iter1] Gen:9 Ind:15 RMSE(val)=96823.794304
[GA][Iter1] Gen:9 Ind:16 RMSE(val)=96011.405206
[GA][Iter1] Gen:9 Ind:17 RMSE(val)=96840.949798
[GA][Iter1] Gen:9 Ind:18 RMSE(val)=96022.701953
[GA][Iter1] Gen:9 Ind:19 RMSE(val)=95711.192356
[GA][Iter1] Gen:9 Ind:20 RMSE(val)=96915.381924
[GA][Iter1] gen=9 best_val_rmse=95711.192356
[GA][Iter1] Gen:10 Ind:1 RMSE(val)=95711.192356
[GA][Iter1] Gen:10 Ind:2 RMSE(val)=95717.468935
[GA][Iter1] Gen:10 Ind:3 RMSE(val)=95925.383678
[GA][Iter1] Gen:10 Ind:4 RMSE(val)=95994.428089
[GA][Iter1] Gen:10 Ind:5 RMSE(val)=95994.428089
[GA][Iter1] Gen:10 Ind:6 RMSE(val)=95994.428089
[GA][Iter1] Gen:10 Ind:7 RMSE(val)=96011.405206
[GA][Iter1] Gen:10 Ind:8 RMSE(val)=96022.701953
[GA][Iter1] Gen:10 Ind:9 RMSE(val)=96022.701953
[GA][Iter1] Gen:10 Ind:10 RMSE(val)=96028.389722
[GA][Iter1] Gen:10 Ind:11 RMSE(val)=96073.958700
[GA][Iter1] Gen:10 Ind:12 RMSE(val)=94834.463791
[GA][Iter1] Gen:10 Ind:13 RMSE(val)=95925.383678
[GA][Iter1] Gen:10 Ind:14 RMSE(val)=95994.428089
[GA][Iter1] Gen:10 Ind:15 RMSE(val)=95994.428089
[GA][Iter1] Gen:10 Ind:16 RMSE(val)=96028.389722
[GA][Iter1] Gen:10 Ind:17 RMSE(val)=95960.029788
[GA][Iter1] Gen:10 Ind:18 RMSE(val)=96851.814620
[GA][Iter1] Gen:10 Ind:19 RMSE(val)=96063.825801
[GA][Iter1] Gen:10 Ind:20 RMSE(val)=96143.318171
[GA][Iter1] gen=10 best_val_rmse=94834.463791
[GA][Iter1] Gen:11 Ind:1 RMSE(val)=94834.463791
[GA][Iter1] Gen:11 Ind:2 RMSE(val)=95711.192356
[GA][Iter1] Gen:11 Ind:3 RMSE(val)=95717.468935
[GA][Iter1] Gen:11 Ind:4 RMSE(val)=95925.383678
[GA][Iter1] Gen:11 Ind:5 RMSE(val)=95925.383678
[GA][Iter1] Gen:11 Ind:6 RMSE(val)=95960.029788
[GA][Iter1] Gen:11 Ind:7 RMSE(val)=95994.428089
[GA][Iter1] Gen:11 Ind:8 RMSE(val)=95994.428089
[GA][Iter1] Gen:11 Ind:9 RMSE(val)=95994.428089
[GA][Iter1] Gen:11 Ind:10 RMSE(val)=95994.428089
[GA][Iter1] Gen:11 Ind:11 RMSE(val)=95887.571554
[GA][Iter1] Gen:11 Ind:12 RMSE(val)=95448.269850
[GA][Iter1] Gen:11 Ind:13 RMSE(val)=95799.885043
[GA][Iter1] Gen:11 Ind:14 RMSE(val)=96823.794304
[GA][Iter1] Gen:11 Ind:15 RMSE(val)=95956.873966
[GA][Iter1] Gen:11 Ind:16 RMSE(val)=95863.285689
[GA][Iter1] Gen:11 Ind:17 RMSE(val)=96075.751538
[GA][Iter1] Gen:11 Ind:18 RMSE(val)=96031.059859
[GA][Iter1] Gen:11 Ind:19 RMSE(val)=95020.453605
[GA][Iter1] Gen:11 Ind:20 RMSE(val)=95882.863727
[GA][Iter1] gen=11 best_val_rmse=94834.463791
[GA][Iter1] Gen:12 Ind:1 RMSE(val)=94834.463791
[GA][Iter1] Gen:12 Ind:2 RMSE(val)=95020.453605
[GA][Iter1] Gen:12 Ind:3 RMSE(val)=95448.269850
[GA][Iter1] Gen:12 Ind:4 RMSE(val)=95711.192356
[GA][Iter1] Gen:12 Ind:5 RMSE(val)=95717.468935
[GA][Iter1] Gen:12 Ind:6 RMSE(val)=95799.885043
[GA][Iter1] Gen:12 Ind:7 RMSE(val)=95863.285689
[GA][Iter1] Gen:12 Ind:8 RMSE(val)=95882.863727
[GA][Iter1] Gen:12 Ind:9 RMSE(val)=95887.571554
[GA][Iter1] Gen:12 Ind:10 RMSE(val)=95925.383678
[GA][Iter1] Gen:12 Ind:11 RMSE(val)=96064.209137
[GA][Iter1] Gen:12 Ind:12 RMSE(val)=94851.473201
[GA][Iter1] Gen:12 Ind:13 RMSE(val)=95946.300896
[GA][Iter1] Gen:12 Ind:14 RMSE(val)=95410.931156
[GA][Iter1] Gen:12 Ind:15 RMSE(val)=95374.750033
[GA][Iter1] Gen:12 Ind:16 RMSE(val)=92750.954299
[GA][Iter1] Gen:12 Ind:17 RMSE(val)=95799.885043
[GA][Iter1] Gen:12 Ind:18 RMSE(val)=94956.173813
[GA][Iter1] Gen:12 Ind:19 RMSE(val)=95810.201514
[GA][Iter1] Gen:12 Ind:20 RMSE(val)=95139.081582
[GA][Iter1] gen=12 best_val_rmse=92750.954299
[GA][Iter1] Gen:13 Ind:1 RMSE(val)=92750.954299
[GA][Iter1] Gen:13 Ind:2 RMSE(val)=94834.463791
[GA][Iter1] Gen:13 Ind:3 RMSE(val)=94851.473201
[GA][Iter1] Gen:13 Ind:4 RMSE(val)=94956.173813
[GA][Iter1] Gen:13 Ind:5 RMSE(val)=95020.453605
[GA][Iter1] Gen:13 Ind:6 RMSE(val)=95139.081582
[GA][Iter1] Gen:13 Ind:7 RMSE(val)=95374.750033
[GA][Iter1] Gen:13 Ind:8 RMSE(val)=95410.931156
[GA][Iter1] Gen:13 Ind:9 RMSE(val)=95448.269850
[GA][Iter1] Gen:13 Ind:10 RMSE(val)=95711.192356
[GA][Iter1] Gen:13 Ind:11 RMSE(val)=95611.665131
[GA][Iter1] Gen:13 Ind:12 RMSE(val)=95884.739177
[GA][Iter1] Gen:13 Ind:13 RMSE(val)=94834.463791
[GA][Iter1] Gen:13 Ind:14 RMSE(val)=95139.081582
[GA][Iter1] Gen:13 Ind:15 RMSE(val)=95291.048673
[GA][Iter1] Gen:13 Ind:16 RMSE(val)=95269.714347
[GA][Iter1] Gen:13 Ind:17 RMSE(val)=94264.873665
[GA][Iter1] Gen:13 Ind:18 RMSE(val)=94475.365806
[GA][Iter1] Gen:13 Ind:19 RMSE(val)=95887.571554
[GA][Iter1] Gen:13 Ind:20 RMSE(val)=95671.188402
[GA][Iter1] gen=13 best_val_rmse=92750.954299
[GA][Iter1] Gen:14 Ind:1 RMSE(val)=92750.954299
[GA][Iter1] Gen:14 Ind:2 RMSE(val)=94264.873665
[GA][Iter1] Gen:14 Ind:3 RMSE(val)=94475.365806
[GA][Iter1] Gen:14 Ind:4 RMSE(val)=94834.463791
[GA][Iter1] Gen:14 Ind:5 RMSE(val)=94834.463791
[GA][Iter1] Gen:14 Ind:6 RMSE(val)=94851.473201
[GA][Iter1] Gen:14 Ind:7 RMSE(val)=94956.173813
[GA][Iter1] Gen:14 Ind:8 RMSE(val)=95020.453605
[GA][Iter1] Gen:14 Ind:9 RMSE(val)=95139.081582
[GA][Iter1] Gen:14 Ind:10 RMSE(val)=95139.081582
[GA][Iter1] Gen:14 Ind:11 RMSE(val)=94781.172391
[GA][Iter1] Gen:14 Ind:12 RMSE(val)=95512.803466
[GA][Iter1] Gen:14 Ind:13 RMSE(val)=96104.545910
[GA][Iter1] Gen:14 Ind:14 RMSE(val)=96615.096739
[GA][Iter1] Gen:14 Ind:15 RMSE(val)=95798.634749
[GA][Iter1] Gen:14 Ind:16 RMSE(val)=95939.424203
[GA][Iter1] Gen:14 Ind:17 RMSE(val)=95611.665131
[GA][Iter1] Gen:14 Ind:18 RMSE(val)=94264.873665
[GA][Iter1] Gen:14 Ind:19 RMSE(val)=95931.571792
[GA][Iter1] Gen:14 Ind:20 RMSE(val)=95130.676987
[GA][Iter1] gen=14 best_val_rmse=92750.954299
[GA][Iter1] Gen:15 Ind:1 RMSE(val)=92750.954299
[GA][Iter1] Gen:15 Ind:2 RMSE(val)=94264.873665
[GA][Iter1] Gen:15 Ind:3 RMSE(val)=94264.873665
[GA][Iter1] Gen:15 Ind:4 RMSE(val)=94475.365806
[GA][Iter1] Gen:15 Ind:5 RMSE(val)=94781.172391
[GA][Iter1] Gen:15 Ind:6 RMSE(val)=94834.463791
[GA][Iter1] Gen:15 Ind:7 RMSE(val)=94834.463791
[GA][Iter1] Gen:15 Ind:8 RMSE(val)=94851.473201
[GA][Iter1] Gen:15 Ind:9 RMSE(val)=94956.173813
[GA][Iter1] Gen:15 Ind:10 RMSE(val)=95020.453605
[GA][Iter1] Gen:15 Ind:11 RMSE(val)=95020.453605
[GA][Iter1] Gen:15 Ind:12 RMSE(val)=94683.354665
[GA][Iter1] Gen:15 Ind:13 RMSE(val)=92450.525824
[GA][Iter1] Gen:15 Ind:14 RMSE(val)=95054.014996
[GA][Iter1] Gen:15 Ind:15 RMSE(val)=92891.894247
[GA][Iter1] Gen:15 Ind:16 RMSE(val)=95010.016353
[GA][Iter1] Gen:15 Ind:17 RMSE(val)=94834.463791
[GA][Iter1] Gen:15 Ind:18 RMSE(val)=95640.046851
[GA][Iter1] Gen:15 Ind:19 RMSE(val)=94834.463791
[GA][Iter1] Gen:15 Ind:20 RMSE(val)=95478.085178
[GA][Iter1] gen=15 best_val_rmse=92450.525824
[GA][Iter1] Gen:15 Ind:1 RMSE(val)=92450.525824
[GA][Iter1] Gen:15 Ind:2 RMSE(val)=92750.954299
[GA][Iter1] Gen:15 Ind:3 RMSE(val)=92891.894247
[GA][Iter1] Gen:15 Ind:4 RMSE(val)=94264.873665
[GA][Iter1] Gen:15 Ind:5 RMSE(val)=94264.873665
[GA][Iter1] Gen:15 Ind:6 RMSE(val)=94475.365806
[GA][Iter1] Gen:15 Ind:7 RMSE(val)=94683.354665
[GA][Iter1] Gen:15 Ind:8 RMSE(val)=94781.172391
[GA][Iter1] Gen:15 Ind:9 RMSE(val)=94834.463791
[GA][Iter1] Gen:15 Ind:10 RMSE(val)=94834.463791
[GA][Iter1] Gen:15 Ind:11 RMSE(val)=94834.463791
[GA][Iter1] Gen:15 Ind:12 RMSE(val)=93431.079543
[GA][Iter1] Gen:15 Ind:13 RMSE(val)=95640.046851
[GA][Iter1] Gen:15 Ind:14 RMSE(val)=92750.954299
[GA][Iter1] Gen:15 Ind:15 RMSE(val)=94795.104297
[GA][Iter1] Gen:15 Ind:16 RMSE(val)=94824.611996
[GA][Iter1] Gen:15 Ind:17 RMSE(val)=94136.269943
[GA][Iter1] Gen:15 Ind:18 RMSE(val)=93148.992698
[GA][Iter1] Gen:15 Ind:19 RMSE(val)=95697.266448
[GA][Iter1] Gen:15 Ind:20 RMSE(val)=94475.365806

[GA DONE][Iter1] Best params on val fold of Iter1
Best val RMSE: 92450.525824
Best params: {'n_estimators': 1027, 'learning_rate': 0.07481187505307113, 'max_depth': 3, 'min_child_weight': 4.106343891520419, 'subsample': 0.9168970045521447, 'colsample_bytree': 1.0, 'reg_lambda': 2.7083696015290535, 'reg_alpha': 0.06964011595623916, 'gamma': 0.023823296873124615}
--------------------------------------------------------------------------------
[RETUNE GA] Iter1: train folds 1..5 -> test fold 6  RMSE=23589.616549  NRMSE=0.939612  CVRMSE=7.527836  R2=0.109175
[GA][Iter2] Gen:1 Ind:1 RMSE(val)=24706.496471
[GA][Iter2] Gen:1 Ind:2 RMSE(val)=24782.362798
[GA][Iter2] Gen:1 Ind:3 RMSE(val)=23910.013612
[GA][Iter2] Gen:1 Ind:4 RMSE(val)=24626.022563
[GA][Iter2] Gen:1 Ind:5 RMSE(val)=24569.551305
[GA][Iter2] Gen:1 Ind:6 RMSE(val)=24435.178043
[GA][Iter2] Gen:1 Ind:7 RMSE(val)=24034.013702
[GA][Iter2] Gen:1 Ind:8 RMSE(val)=24541.251917
[GA][Iter2] Gen:1 Ind:9 RMSE(val)=24603.155600
[GA][Iter2] Gen:1 Ind:10 RMSE(val)=24546.468459
[GA][Iter2] Gen:1 Ind:11 RMSE(val)=24525.020651
[GA][Iter2] Gen:1 Ind:12 RMSE(val)=23474.747820
[GA][Iter2] Gen:1 Ind:13 RMSE(val)=24631.126324
[GA][Iter2] Gen:1 Ind:14 RMSE(val)=23771.820703
[GA][Iter2] Gen:1 Ind:15 RMSE(val)=24380.509731
[GA][Iter2] Gen:1 Ind:16 RMSE(val)=23955.870475
[GA][Iter2] Gen:1 Ind:17 RMSE(val)=24460.295367
[GA][Iter2] Gen:1 Ind:18 RMSE(val)=24610.783559
[GA][Iter2] Gen:1 Ind:19 RMSE(val)=23975.118004
[GA][Iter2] Gen:1 Ind:20 RMSE(val)=24167.407959
[GA][Iter2] gen=1 best_val_rmse=23474.747820
[GA][Iter2] Gen:2 Ind:1 RMSE(val)=23474.747820
[GA][Iter2] Gen:2 Ind:2 RMSE(val)=23771.820703
[GA][Iter2] Gen:2 Ind:3 RMSE(val)=23910.013612
[GA][Iter2] Gen:2 Ind:4 RMSE(val)=23955.870475
[GA][Iter2] Gen:2 Ind:5 RMSE(val)=23975.118004
[GA][Iter2] Gen:2 Ind:6 RMSE(val)=24034.013702
[GA][Iter2] Gen:2 Ind:7 RMSE(val)=24167.407959
[GA][Iter2] Gen:2 Ind:8 RMSE(val)=24380.509731
[GA][Iter2] Gen:2 Ind:9 RMSE(val)=24435.178043
[GA][Iter2] Gen:2 Ind:10 RMSE(val)=24460.295367
[GA][Iter2] Gen:2 Ind:11 RMSE(val)=24279.322092
[GA][Iter2] Gen:2 Ind:12 RMSE(val)=24116.765214
[GA][Iter2] Gen:2 Ind:13 RMSE(val)=23129.284924
[GA][Iter2] Gen:2 Ind:14 RMSE(val)=24125.797275
[GA][Iter2] Gen:2 Ind:15 RMSE(val)=24226.074190
[GA][Iter2] Gen:2 Ind:16 RMSE(val)=23950.872729
[GA][Iter2] Gen:2 Ind:17 RMSE(val)=24451.339664
[GA][Iter2] Gen:2 Ind:18 RMSE(val)=24329.960308
[GA][Iter2] Gen:2 Ind:19 RMSE(val)=23994.315287
[GA][Iter2] Gen:2 Ind:20 RMSE(val)=23345.136309
[GA][Iter2] gen=2 best_val_rmse=23129.284924
[GA][Iter2] Gen:3 Ind:1 RMSE(val)=23129.284924
[GA][Iter2] Gen:3 Ind:2 RMSE(val)=23345.136309
[GA][Iter2] Gen:3 Ind:3 RMSE(val)=23474.747820
[GA][Iter2] Gen:3 Ind:4 RMSE(val)=23771.820703
[GA][Iter2] Gen:3 Ind:5 RMSE(val)=23910.013612
[GA][Iter2] Gen:3 Ind:6 RMSE(val)=23950.872729
[GA][Iter2] Gen:3 Ind:7 RMSE(val)=23955.870475
[GA][Iter2] Gen:3 Ind:8 RMSE(val)=23975.118004
[GA][Iter2] Gen:3 Ind:9 RMSE(val)=23994.315287
[GA][Iter2] Gen:3 Ind:10 RMSE(val)=24034.013702
[GA][Iter2] Gen:3 Ind:11 RMSE(val)=23939.345257
[GA][Iter2] Gen:3 Ind:12 RMSE(val)=23047.024182
[GA][Iter2] Gen:3 Ind:13 RMSE(val)=23938.553710
[GA][Iter2] Gen:3 Ind:14 RMSE(val)=23928.323677
[GA][Iter2] Gen:3 Ind:15 RMSE(val)=23186.912599
[GA][Iter2] Gen:3 Ind:16 RMSE(val)=23752.301775
[GA][Iter2] Gen:3 Ind:17 RMSE(val)=23259.785318
[GA][Iter2] Gen:3 Ind:18 RMSE(val)=24667.880141
[GA][Iter2] Gen:3 Ind:19 RMSE(val)=23938.013286
[GA][Iter2] Gen:3 Ind:20 RMSE(val)=23139.027852
[GA][Iter2] gen=3 best_val_rmse=23047.024182
[GA][Iter2] Gen:4 Ind:1 RMSE(val)=23047.024182
[GA][Iter2] Gen:4 Ind:2 RMSE(val)=23129.284924
[GA][Iter2] Gen:4 Ind:3 RMSE(val)=23139.027852
[GA][Iter2] Gen:4 Ind:4 RMSE(val)=23186.912599
[GA][Iter2] Gen:4 Ind:5 RMSE(val)=23259.785318
[GA][Iter2] Gen:4 Ind:6 RMSE(val)=23345.136309
[GA][Iter2] Gen:4 Ind:7 RMSE(val)=23474.747820
[GA][Iter2] Gen:4 Ind:8 RMSE(val)=23752.301775
[GA][Iter2] Gen:4 Ind:9 RMSE(val)=23771.820703
[GA][Iter2] Gen:4 Ind:10 RMSE(val)=23910.013612
[GA][Iter2] Gen:4 Ind:11 RMSE(val)=23854.562408
[GA][Iter2] Gen:4 Ind:12 RMSE(val)=23677.731758
[GA][Iter2] Gen:4 Ind:13 RMSE(val)=23047.773337
[GA][Iter2] Gen:4 Ind:14 RMSE(val)=23399.469472
[GA][Iter2] Gen:4 Ind:15 RMSE(val)=23947.289230
[GA][Iter2] Gen:4 Ind:16 RMSE(val)=24290.025373
[GA][Iter2] Gen:4 Ind:17 RMSE(val)=23849.115382
[GA][Iter2] Gen:4 Ind:18 RMSE(val)=23712.312425
[GA][Iter2] Gen:4 Ind:19 RMSE(val)=23216.374342
[GA][Iter2] Gen:4 Ind:20 RMSE(val)=22623.181331
[GA][Iter2] gen=4 best_val_rmse=22623.181331
[GA][Iter2] Gen:5 Ind:1 RMSE(val)=22623.181331
[GA][Iter2] Gen:5 Ind:2 RMSE(val)=23047.024182
[GA][Iter2] Gen:5 Ind:3 RMSE(val)=23047.773337
[GA][Iter2] Gen:5 Ind:4 RMSE(val)=23129.284924
[GA][Iter2] Gen:5 Ind:5 RMSE(val)=23139.027852
[GA][Iter2] Gen:5 Ind:6 RMSE(val)=23186.912599
[GA][Iter2] Gen:5 Ind:7 RMSE(val)=23216.374342
[GA][Iter2] Gen:5 Ind:8 RMSE(val)=23259.785318
[GA][Iter2] Gen:5 Ind:9 RMSE(val)=23345.136309
[GA][Iter2] Gen:5 Ind:10 RMSE(val)=23399.469472
[GA][Iter2] Gen:5 Ind:11 RMSE(val)=23527.991554
[GA][Iter2] Gen:5 Ind:12 RMSE(val)=22960.864961
[GA][Iter2] Gen:5 Ind:13 RMSE(val)=24421.108616
[GA][Iter2] Gen:5 Ind:14 RMSE(val)=23397.551976
[GA][Iter2] Gen:5 Ind:15 RMSE(val)=22621.739087
[GA][Iter2] Gen:5 Ind:16 RMSE(val)=23252.668692
[GA][Iter2] Gen:5 Ind:17 RMSE(val)=23195.166810
[GA][Iter2] Gen:5 Ind:18 RMSE(val)=23996.877014
[GA][Iter2] Gen:5 Ind:19 RMSE(val)=23001.766717
[GA][Iter2] Gen:5 Ind:20 RMSE(val)=23433.429694
[GA][Iter2] gen=5 best_val_rmse=22621.739087
[GA][Iter2] Gen:6 Ind:1 RMSE(val)=22621.739087
[GA][Iter2] Gen:6 Ind:2 RMSE(val)=22623.181331
[GA][Iter2] Gen:6 Ind:3 RMSE(val)=22960.864961
[GA][Iter2] Gen:6 Ind:4 RMSE(val)=23001.766717
[GA][Iter2] Gen:6 Ind:5 RMSE(val)=23047.024182
[GA][Iter2] Gen:6 Ind:6 RMSE(val)=23047.773337
[GA][Iter2] Gen:6 Ind:7 RMSE(val)=23129.284924
[GA][Iter2] Gen:6 Ind:8 RMSE(val)=23139.027852
[GA][Iter2] Gen:6 Ind:9 RMSE(val)=23186.912599
[GA][Iter2] Gen:6 Ind:10 RMSE(val)=23195.166810
[GA][Iter2] Gen:6 Ind:11 RMSE(val)=22523.715269
[GA][Iter2] Gen:6 Ind:12 RMSE(val)=21990.507791
[GA][Iter2] Gen:6 Ind:13 RMSE(val)=22862.209714
[GA][Iter2] Gen:6 Ind:14 RMSE(val)=23311.391801
[GA][Iter2] Gen:6 Ind:15 RMSE(val)=22858.602051
[GA][Iter2] Gen:6 Ind:16 RMSE(val)=22800.871628
[GA][Iter2] Gen:6 Ind:17 RMSE(val)=23285.386191
[GA][Iter2] Gen:6 Ind:18 RMSE(val)=22981.544118
[GA][Iter2] Gen:6 Ind:19 RMSE(val)=22206.957022
[GA][Iter2] Gen:6 Ind:20 RMSE(val)=23777.789956
[GA][Iter2] gen=6 best_val_rmse=21990.507791
[GA][Iter2] Gen:7 Ind:1 RMSE(val)=21990.507791
[GA][Iter2] Gen:7 Ind:2 RMSE(val)=22206.957022
[GA][Iter2] Gen:7 Ind:3 RMSE(val)=22523.715269
[GA][Iter2] Gen:7 Ind:4 RMSE(val)=22621.739087
[GA][Iter2] Gen:7 Ind:5 RMSE(val)=22623.181331
[GA][Iter2] Gen:7 Ind:6 RMSE(val)=22800.871628
[GA][Iter2] Gen:7 Ind:7 RMSE(val)=22858.602051
[GA][Iter2] Gen:7 Ind:8 RMSE(val)=22862.209714
[GA][Iter2] Gen:7 Ind:9 RMSE(val)=22960.864961
[GA][Iter2] Gen:7 Ind:10 RMSE(val)=22981.544118
[GA][Iter2] Gen:7 Ind:11 RMSE(val)=23046.072054
[GA][Iter2] Gen:7 Ind:12 RMSE(val)=22490.136257
[GA][Iter2] Gen:7 Ind:13 RMSE(val)=23436.345778
[GA][Iter2] Gen:7 Ind:14 RMSE(val)=23619.965276
[GA][Iter2] Gen:7 Ind:15 RMSE(val)=22614.067421
[GA][Iter2] Gen:7 Ind:16 RMSE(val)=23097.144166
[GA][Iter2] Gen:7 Ind:17 RMSE(val)=22899.925700
[GA][Iter2] Gen:7 Ind:18 RMSE(val)=22599.686990
[GA][Iter2] Gen:7 Ind:19 RMSE(val)=23186.912599
[GA][Iter2] Gen:7 Ind:20 RMSE(val)=21111.419599
[GA][Iter2] gen=7 best_val_rmse=21111.419599
[GA][Iter2] Gen:8 Ind:1 RMSE(val)=21111.419599
[GA][Iter2] Gen:8 Ind:2 RMSE(val)=21990.507791
[GA][Iter2] Gen:8 Ind:3 RMSE(val)=22206.957022
[GA][Iter2] Gen:8 Ind:4 RMSE(val)=22490.136257
[GA][Iter2] Gen:8 Ind:5 RMSE(val)=22523.715269
[GA][Iter2] Gen:8 Ind:6 RMSE(val)=22599.686990
[GA][Iter2] Gen:8 Ind:7 RMSE(val)=22614.067421
[GA][Iter2] Gen:8 Ind:8 RMSE(val)=22621.739087
[GA][Iter2] Gen:8 Ind:9 RMSE(val)=22623.181331
[GA][Iter2] Gen:8 Ind:10 RMSE(val)=22800.871628
[GA][Iter2] Gen:8 Ind:11 RMSE(val)=22855.970079
[GA][Iter2] Gen:8 Ind:12 RMSE(val)=22906.339224
[GA][Iter2] Gen:8 Ind:13 RMSE(val)=22331.460524
[GA][Iter2] Gen:8 Ind:14 RMSE(val)=22417.519183
[GA][Iter2] Gen:8 Ind:15 RMSE(val)=22592.294868
[GA][Iter2] Gen:8 Ind:16 RMSE(val)=22419.030827
[GA][Iter2] Gen:8 Ind:17 RMSE(val)=22622.923142
[GA][Iter2] Gen:8 Ind:18 RMSE(val)=23283.698479
[GA][Iter2] Gen:8 Ind:19 RMSE(val)=22273.500263
[GA][Iter2] Gen:8 Ind:20 RMSE(val)=23014.757163
[GA][Iter2] gen=8 best_val_rmse=21111.419599
[GA][Iter2] Gen:9 Ind:1 RMSE(val)=21111.419599
[GA][Iter2] Gen:9 Ind:2 RMSE(val)=21990.507791
[GA][Iter2] Gen:9 Ind:3 RMSE(val)=22206.957022
[GA][Iter2] Gen:9 Ind:4 RMSE(val)=22273.500263
[GA][Iter2] Gen:9 Ind:5 RMSE(val)=22331.460524
[GA][Iter2] Gen:9 Ind:6 RMSE(val)=22417.519183
[GA][Iter2] Gen:9 Ind:7 RMSE(val)=22419.030827
[GA][Iter2] Gen:9 Ind:8 RMSE(val)=22490.136257
[GA][Iter2] Gen:9 Ind:9 RMSE(val)=22523.715269
[GA][Iter2] Gen:9 Ind:10 RMSE(val)=22592.294868
[GA][Iter2] Gen:9 Ind:11 RMSE(val)=23007.758952
[GA][Iter2] Gen:9 Ind:12 RMSE(val)=22523.715269
[GA][Iter2] Gen:9 Ind:13 RMSE(val)=22776.978364
[GA][Iter2] Gen:9 Ind:14 RMSE(val)=22432.000235
[GA][Iter2] Gen:9 Ind:15 RMSE(val)=21990.507791
[GA][Iter2] Gen:9 Ind:16 RMSE(val)=22100.142188
[GA][Iter2] Gen:9 Ind:17 RMSE(val)=22435.744252
[GA][Iter2] Gen:9 Ind:18 RMSE(val)=22523.715269
[GA][Iter2] Gen:9 Ind:19 RMSE(val)=22388.697638
[GA][Iter2] Gen:9 Ind:20 RMSE(val)=22644.734012
[GA][Iter2] gen=9 best_val_rmse=21111.419599
[GA][Iter2] Gen:10 Ind:1 RMSE(val)=21111.419599
[GA][Iter2] Gen:10 Ind:2 RMSE(val)=21990.507791
[GA][Iter2] Gen:10 Ind:3 RMSE(val)=21990.507791
[GA][Iter2] Gen:10 Ind:4 RMSE(val)=22100.142188
[GA][Iter2] Gen:10 Ind:5 RMSE(val)=22206.957022
[GA][Iter2] Gen:10 Ind:6 RMSE(val)=22273.500263
[GA][Iter2] Gen:10 Ind:7 RMSE(val)=22331.460524
[GA][Iter2] Gen:10 Ind:8 RMSE(val)=22388.697638
[GA][Iter2] Gen:10 Ind:9 RMSE(val)=22417.519183
[GA][Iter2] Gen:10 Ind:10 RMSE(val)=22419.030827
[GA][Iter2] Gen:10 Ind:11 RMSE(val)=21803.428793
[GA][Iter2] Gen:10 Ind:12 RMSE(val)=21912.077838
[GA][Iter2] Gen:10 Ind:13 RMSE(val)=22676.557219
[GA][Iter2] Gen:10 Ind:14 RMSE(val)=22548.626190
[GA][Iter2] Gen:10 Ind:15 RMSE(val)=21990.507791
[GA][Iter2] Gen:10 Ind:16 RMSE(val)=22419.030827
[GA][Iter2] Gen:10 Ind:17 RMSE(val)=22382.385520
[GA][Iter2] Gen:10 Ind:18 RMSE(val)=22388.697638
[GA][Iter2] Gen:10 Ind:19 RMSE(val)=22100.142188
[GA][Iter2] Gen:10 Ind:20 RMSE(val)=22111.596087
[GA][Iter2] gen=10 best_val_rmse=21111.419599
[GA][Iter2] Gen:11 Ind:1 RMSE(val)=21111.419599
[GA][Iter2] Gen:11 Ind:2 RMSE(val)=21803.428793
[GA][Iter2] Gen:11 Ind:3 RMSE(val)=21912.077838
[GA][Iter2] Gen:11 Ind:4 RMSE(val)=21990.507791
[GA][Iter2] Gen:11 Ind:5 RMSE(val)=21990.507791
[GA][Iter2] Gen:11 Ind:6 RMSE(val)=21990.507791
[GA][Iter2] Gen:11 Ind:7 RMSE(val)=22100.142188
[GA][Iter2] Gen:11 Ind:8 RMSE(val)=22100.142188
[GA][Iter2] Gen:11 Ind:9 RMSE(val)=22111.596087
[GA][Iter2] Gen:11 Ind:10 RMSE(val)=22206.957022
[GA][Iter2] Gen:11 Ind:11 RMSE(val)=22475.003318
[GA][Iter2] Gen:11 Ind:12 RMSE(val)=22888.943271
[GA][Iter2] Gen:11 Ind:13 RMSE(val)=22286.784781
[GA][Iter2] Gen:11 Ind:14 RMSE(val)=22136.837686
[GA][Iter2] Gen:11 Ind:15 RMSE(val)=22289.306254
[GA][Iter2] Gen:11 Ind:16 RMSE(val)=22606.867390
[GA][Iter2] Gen:11 Ind:17 RMSE(val)=22056.999831
[GA][Iter2] Gen:11 Ind:18 RMSE(val)=22137.537329
[GA][Iter2] Gen:11 Ind:19 RMSE(val)=22928.513567
[GA][Iter2] Gen:11 Ind:20 RMSE(val)=22070.187744
[GA][Iter2] gen=11 best_val_rmse=21111.419599
[GA][Iter2] Gen:12 Ind:1 RMSE(val)=21111.419599
[GA][Iter2] Gen:12 Ind:2 RMSE(val)=21803.428793
[GA][Iter2] Gen:12 Ind:3 RMSE(val)=21912.077838
[GA][Iter2] Gen:12 Ind:4 RMSE(val)=21990.507791
[GA][Iter2] Gen:12 Ind:5 RMSE(val)=21990.507791
[GA][Iter2] Gen:12 Ind:6 RMSE(val)=21990.507791
[GA][Iter2] Gen:12 Ind:7 RMSE(val)=22056.999831
[GA][Iter2] Gen:12 Ind:8 RMSE(val)=22070.187744
[GA][Iter2] Gen:12 Ind:9 RMSE(val)=22100.142188
[GA][Iter2] Gen:12 Ind:10 RMSE(val)=22100.142188
[GA][Iter2] Gen:12 Ind:11 RMSE(val)=21733.944110
[GA][Iter2] Gen:12 Ind:12 RMSE(val)=22253.350186
[GA][Iter2] Gen:12 Ind:13 RMSE(val)=20664.103046
[GA][Iter2] Gen:12 Ind:14 RMSE(val)=21846.537248
[GA][Iter2] Gen:12 Ind:15 RMSE(val)=22100.142188
[GA][Iter2] Gen:12 Ind:16 RMSE(val)=22403.640100
[GA][Iter2] Gen:12 Ind:17 RMSE(val)=22100.142188
[GA][Iter2] Gen:12 Ind:18 RMSE(val)=21912.077838
[GA][Iter2] Gen:12 Ind:19 RMSE(val)=21937.784087
[GA][Iter2] Gen:12 Ind:20 RMSE(val)=22378.791893
[GA][Iter2] gen=12 best_val_rmse=20664.103046
[GA][Iter2] Gen:13 Ind:1 RMSE(val)=20664.103046
[GA][Iter2] Gen:13 Ind:2 RMSE(val)=21111.419599
[GA][Iter2] Gen:13 Ind:3 RMSE(val)=21733.944110
[GA][Iter2] Gen:13 Ind:4 RMSE(val)=21803.428793
[GA][Iter2] Gen:13 Ind:5 RMSE(val)=21846.537248
[GA][Iter2] Gen:13 Ind:6 RMSE(val)=21912.077838
[GA][Iter2] Gen:13 Ind:7 RMSE(val)=21912.077838
[GA][Iter2] Gen:13 Ind:8 RMSE(val)=21937.784087
[GA][Iter2] Gen:13 Ind:9 RMSE(val)=21990.507791
[GA][Iter2] Gen:13 Ind:10 RMSE(val)=21990.507791
[GA][Iter2] Gen:13 Ind:11 RMSE(val)=20596.986716
[GA][Iter2] Gen:13 Ind:12 RMSE(val)=21096.715015
[GA][Iter2] Gen:13 Ind:13 RMSE(val)=21411.164700
[GA][Iter2] Gen:13 Ind:14 RMSE(val)=21982.717307
[GA][Iter2] Gen:13 Ind:15 RMSE(val)=21615.823807
[GA][Iter2] Gen:13 Ind:16 RMSE(val)=21990.507791
[GA][Iter2] Gen:13 Ind:17 RMSE(val)=21104.494867
[GA][Iter2] Gen:13 Ind:18 RMSE(val)=22097.577046
[GA][Iter2] Gen:13 Ind:19 RMSE(val)=21912.077838
[GA][Iter2] Gen:13 Ind:20 RMSE(val)=22690.629081
[GA][Iter2] gen=13 best_val_rmse=20596.986716
[GA][Iter2] Gen:14 Ind:1 RMSE(val)=20596.986716
[GA][Iter2] Gen:14 Ind:2 RMSE(val)=20664.103046
[GA][Iter2] Gen:14 Ind:3 RMSE(val)=21096.715015
[GA][Iter2] Gen:14 Ind:4 RMSE(val)=21104.494867
[GA][Iter2] Gen:14 Ind:5 RMSE(val)=21111.419599
[GA][Iter2] Gen:14 Ind:6 RMSE(val)=21411.164700
[GA][Iter2] Gen:14 Ind:7 RMSE(val)=21615.823807
[GA][Iter2] Gen:14 Ind:8 RMSE(val)=21733.944110
[GA][Iter2] Gen:14 Ind:9 RMSE(val)=21803.428793
[GA][Iter2] Gen:14 Ind:10 RMSE(val)=21846.537248
[GA][Iter2] Gen:14 Ind:11 RMSE(val)=21111.419599
[GA][Iter2] Gen:14 Ind:12 RMSE(val)=21761.363986
[GA][Iter2] Gen:14 Ind:13 RMSE(val)=21959.778192
[GA][Iter2] Gen:14 Ind:14 RMSE(val)=21538.629730
[GA][Iter2] Gen:14 Ind:15 RMSE(val)=21846.537248
[GA][Iter2] Gen:14 Ind:16 RMSE(val)=21411.164700
[GA][Iter2] Gen:14 Ind:17 RMSE(val)=21104.494867
[GA][Iter2] Gen:14 Ind:18 RMSE(val)=21104.494867
[GA][Iter2] Gen:14 Ind:19 RMSE(val)=19965.145427
[GA][Iter2] Gen:14 Ind:20 RMSE(val)=21483.482665
[GA][Iter2] gen=14 best_val_rmse=19965.145427
[GA][Iter2] Gen:15 Ind:1 RMSE(val)=19965.145427
[GA][Iter2] Gen:15 Ind:2 RMSE(val)=20596.986716
[GA][Iter2] Gen:15 Ind:3 RMSE(val)=20664.103046
[GA][Iter2] Gen:15 Ind:4 RMSE(val)=21096.715015
[GA][Iter2] Gen:15 Ind:5 RMSE(val)=21104.494867
[GA][Iter2] Gen:15 Ind:6 RMSE(val)=21104.494867
[GA][Iter2] Gen:15 Ind:7 RMSE(val)=21104.494867
[GA][Iter2] Gen:15 Ind:8 RMSE(val)=21111.419599
[GA][Iter2] Gen:15 Ind:9 RMSE(val)=21111.419599
[GA][Iter2] Gen:15 Ind:10 RMSE(val)=21411.164700
[GA][Iter2] Gen:15 Ind:11 RMSE(val)=21382.502202
[GA][Iter2] Gen:15 Ind:12 RMSE(val)=21089.984051
[GA][Iter2] Gen:15 Ind:13 RMSE(val)=21096.715015
[GA][Iter2] Gen:15 Ind:14 RMSE(val)=21411.164700
[GA][Iter2] Gen:15 Ind:15 RMSE(val)=21205.170672
[GA][Iter2] Gen:15 Ind:16 RMSE(val)=21196.570192
[GA][Iter2] Gen:15 Ind:17 RMSE(val)=20664.103046
[GA][Iter2] Gen:15 Ind:18 RMSE(val)=21111.419599
[GA][Iter2] Gen:15 Ind:19 RMSE(val)=21104.494867
[GA][Iter2] Gen:15 Ind:20 RMSE(val)=21196.570192
[GA][Iter2] gen=15 best_val_rmse=19965.145427
[GA][Iter2] Gen:15 Ind:1 RMSE(val)=19965.145427
[GA][Iter2] Gen:15 Ind:2 RMSE(val)=20596.986716
[GA][Iter2] Gen:15 Ind:3 RMSE(val)=20664.103046
[GA][Iter2] Gen:15 Ind:4 RMSE(val)=20664.103046
[GA][Iter2] Gen:15 Ind:5 RMSE(val)=21089.984051
[GA][Iter2] Gen:15 Ind:6 RMSE(val)=21096.715015
[GA][Iter2] Gen:15 Ind:7 RMSE(val)=21096.715015
[GA][Iter2] Gen:15 Ind:8 RMSE(val)=21104.494867
[GA][Iter2] Gen:15 Ind:9 RMSE(val)=21104.494867
[GA][Iter2] Gen:15 Ind:10 RMSE(val)=21104.494867
[GA][Iter2] Gen:15 Ind:11 RMSE(val)=21104.494867
[GA][Iter2] Gen:15 Ind:12 RMSE(val)=20706.767728
[GA][Iter2] Gen:15 Ind:13 RMSE(val)=21104.494867
[GA][Iter2] Gen:15 Ind:14 RMSE(val)=20664.103046
[GA][Iter2] Gen:15 Ind:15 RMSE(val)=21268.753872
[GA][Iter2] Gen:15 Ind:16 RMSE(val)=19961.488926
[GA][Iter2] Gen:15 Ind:17 RMSE(val)=20664.103046
[GA][Iter2] Gen:15 Ind:18 RMSE(val)=20690.124698
[GA][Iter2] Gen:15 Ind:19 RMSE(val)=21455.567110
[GA][Iter2] Gen:15 Ind:20 RMSE(val)=21128.476985

[GA DONE][Iter2] Best params on val fold of Iter2
Best val RMSE: 19961.488926
Best params: {'n_estimators': 1048, 'learning_rate': 0.053516464061094664, 'max_depth': 3, 'min_child_weight': 5.253214270729264, 'subsample': 0.7270432685133267, 'colsample_bytree': 0.884939654692397, 'reg_lambda': 0.8178663694382545, 'reg_alpha': 0.03813705539957667, 'gamma': 0.04470471181741324}
--------------------------------------------------------------------------------
[RETUNE GA] Iter2: train folds 1..6 -> test fold 7  RMSE=14438.970507  NRMSE=0.812042  CVRMSE=5.622906  R2=0.334647
[GA][Iter3] Gen:1 Ind:1 RMSE(val)=17052.022572
[GA][Iter3] Gen:1 Ind:2 RMSE(val)=17369.429964
[GA][Iter3] Gen:1 Ind:3 RMSE(val)=16278.276034
[GA][Iter3] Gen:1 Ind:4 RMSE(val)=17109.743143
[GA][Iter3] Gen:1 Ind:5 RMSE(val)=16913.810547
[GA][Iter3] Gen:1 Ind:6 RMSE(val)=16181.892062
[GA][Iter3] Gen:1 Ind:7 RMSE(val)=16155.551691
[GA][Iter3] Gen:1 Ind:8 RMSE(val)=16130.687104
[GA][Iter3] Gen:1 Ind:9 RMSE(val)=15982.393867
[GA][Iter3] Gen:1 Ind:10 RMSE(val)=17134.537664
[GA][Iter3] Gen:1 Ind:11 RMSE(val)=16495.458017
[GA][Iter3] Gen:1 Ind:12 RMSE(val)=16280.997857
[GA][Iter3] Gen:1 Ind:13 RMSE(val)=17165.014427
[GA][Iter3] Gen:1 Ind:14 RMSE(val)=16198.721891
[GA][Iter3] Gen:1 Ind:15 RMSE(val)=16927.869266
[GA][Iter3] Gen:1 Ind:16 RMSE(val)=16636.741881
[GA][Iter3] Gen:1 Ind:17 RMSE(val)=16948.996574
[GA][Iter3] Gen:1 Ind:18 RMSE(val)=16927.344552
[GA][Iter3] Gen:1 Ind:19 RMSE(val)=15770.723118
[GA][Iter3] Gen:1 Ind:20 RMSE(val)=16719.184516
[GA][Iter3] gen=1 best_val_rmse=15770.723118
[GA][Iter3] Gen:2 Ind:1 RMSE(val)=15770.723118
[GA][Iter3] Gen:2 Ind:2 RMSE(val)=15982.393867
[GA][Iter3] Gen:2 Ind:3 RMSE(val)=16130.687104
[GA][Iter3] Gen:2 Ind:4 RMSE(val)=16155.551691
[GA][Iter3] Gen:2 Ind:5 RMSE(val)=16181.892062
[GA][Iter3] Gen:2 Ind:6 RMSE(val)=16198.721891
[GA][Iter3] Gen:2 Ind:7 RMSE(val)=16278.276034
[GA][Iter3] Gen:2 Ind:8 RMSE(val)=16280.997857
[GA][Iter3] Gen:2 Ind:9 RMSE(val)=16495.458017
[GA][Iter3] Gen:2 Ind:10 RMSE(val)=16636.741881
[GA][Iter3] Gen:2 Ind:11 RMSE(val)=15122.429031
[GA][Iter3] Gen:2 Ind:12 RMSE(val)=15889.842644
[GA][Iter3] Gen:2 Ind:13 RMSE(val)=16476.024957
[GA][Iter3] Gen:2 Ind:14 RMSE(val)=16524.986051
[GA][Iter3] Gen:2 Ind:15 RMSE(val)=16503.020050
[GA][Iter3] Gen:2 Ind:16 RMSE(val)=16676.399475
[GA][Iter3] Gen:2 Ind:17 RMSE(val)=14349.391834
[GA][Iter3] Gen:2 Ind:18 RMSE(val)=16577.757141
[GA][Iter3] Gen:2 Ind:19 RMSE(val)=16237.215627
[GA][Iter3] Gen:2 Ind:20 RMSE(val)=16800.055402
[GA][Iter3] gen=2 best_val_rmse=14349.391834
[GA][Iter3] Gen:3 Ind:1 RMSE(val)=14349.391834
[GA][Iter3] Gen:3 Ind:2 RMSE(val)=15122.429031
[GA][Iter3] Gen:3 Ind:3 RMSE(val)=15770.723118
[GA][Iter3] Gen:3 Ind:4 RMSE(val)=15889.842644
[GA][Iter3] Gen:3 Ind:5 RMSE(val)=15982.393867
[GA][Iter3] Gen:3 Ind:6 RMSE(val)=16130.687104
[GA][Iter3] Gen:3 Ind:7 RMSE(val)=16155.551691
[GA][Iter3] Gen:3 Ind:8 RMSE(val)=16181.892062
[GA][Iter3] Gen:3 Ind:9 RMSE(val)=16198.721891
[GA][Iter3] Gen:3 Ind:10 RMSE(val)=16237.215627
[GA][Iter3] Gen:3 Ind:11 RMSE(val)=16438.813332
[GA][Iter3] Gen:3 Ind:12 RMSE(val)=15694.645627
[GA][Iter3] Gen:3 Ind:13 RMSE(val)=16141.363113
[GA][Iter3] Gen:3 Ind:14 RMSE(val)=16058.794837
[GA][Iter3] Gen:3 Ind:15 RMSE(val)=16455.801752
[GA][Iter3] Gen:3 Ind:16 RMSE(val)=15983.943531
[GA][Iter3] Gen:3 Ind:17 RMSE(val)=15799.168154
[GA][Iter3] Gen:3 Ind:18 RMSE(val)=16116.694512
[GA][Iter3] Gen:3 Ind:19 RMSE(val)=16232.443012
[GA][Iter3] Gen:3 Ind:20 RMSE(val)=16308.953438
[GA][Iter3] gen=3 best_val_rmse=14349.391834
[GA][Iter3] Gen:4 Ind:1 RMSE(val)=14349.391834
[GA][Iter3] Gen:4 Ind:2 RMSE(val)=15122.429031
[GA][Iter3] Gen:4 Ind:3 RMSE(val)=15694.645627
[GA][Iter3] Gen:4 Ind:4 RMSE(val)=15770.723118
[GA][Iter3] Gen:4 Ind:5 RMSE(val)=15799.168154
[GA][Iter3] Gen:4 Ind:6 RMSE(val)=15889.842644
[GA][Iter3] Gen:4 Ind:7 RMSE(val)=15982.393867
[GA][Iter3] Gen:4 Ind:8 RMSE(val)=15983.943531
[GA][Iter3] Gen:4 Ind:9 RMSE(val)=16058.794837
[GA][Iter3] Gen:4 Ind:10 RMSE(val)=16116.694512
[GA][Iter3] Gen:4 Ind:11 RMSE(val)=16017.316737
[GA][Iter3] Gen:4 Ind:12 RMSE(val)=15695.865083
[GA][Iter3] Gen:4 Ind:13 RMSE(val)=16860.076531
[GA][Iter3] Gen:4 Ind:14 RMSE(val)=15837.901042
[GA][Iter3] Gen:4 Ind:15 RMSE(val)=15956.314474
[GA][Iter3] Gen:4 Ind:16 RMSE(val)=16961.125588
[GA][Iter3] Gen:4 Ind:17 RMSE(val)=15883.877694
[GA][Iter3] Gen:4 Ind:18 RMSE(val)=15165.311848
[GA][Iter3] Gen:4 Ind:19 RMSE(val)=15961.790575
[GA][Iter3] Gen:4 Ind:20 RMSE(val)=16422.269464
[GA][Iter3] gen=4 best_val_rmse=14349.391834
[GA][Iter3] Gen:5 Ind:1 RMSE(val)=14349.391834
[GA][Iter3] Gen:5 Ind:2 RMSE(val)=15122.429031
[GA][Iter3] Gen:5 Ind:3 RMSE(val)=15165.311848
[GA][Iter3] Gen:5 Ind:4 RMSE(val)=15694.645627
[GA][Iter3] Gen:5 Ind:5 RMSE(val)=15695.865083
[GA][Iter3] Gen:5 Ind:6 RMSE(val)=15770.723118
[GA][Iter3] Gen:5 Ind:7 RMSE(val)=15799.168154
[GA][Iter3] Gen:5 Ind:8 RMSE(val)=15837.901042
[GA][Iter3] Gen:5 Ind:9 RMSE(val)=15883.877694
[GA][Iter3] Gen:5 Ind:10 RMSE(val)=15889.842644
[GA][Iter3] Gen:5 Ind:11 RMSE(val)=15291.375276
[GA][Iter3] Gen:5 Ind:12 RMSE(val)=15970.501054
[GA][Iter3] Gen:5 Ind:13 RMSE(val)=15086.113876
[GA][Iter3] Gen:5 Ind:14 RMSE(val)=16012.195532
[GA][Iter3] Gen:5 Ind:15 RMSE(val)=14993.531434
[GA][Iter3] Gen:5 Ind:16 RMSE(val)=15576.623763
[GA][Iter3] Gen:5 Ind:17 RMSE(val)=15803.976840
[GA][Iter3] Gen:5 Ind:18 RMSE(val)=15241.894025
[GA][Iter3] Gen:5 Ind:19 RMSE(val)=14946.633208
[GA][Iter3] Gen:5 Ind:20 RMSE(val)=14998.541179
[GA][Iter3] gen=5 best_val_rmse=14349.391834
[GA][Iter3] Gen:6 Ind:1 RMSE(val)=14349.391834
[GA][Iter3] Gen:6 Ind:2 RMSE(val)=14946.633208
[GA][Iter3] Gen:6 Ind:3 RMSE(val)=14993.531434
[GA][Iter3] Gen:6 Ind:4 RMSE(val)=14998.541179
[GA][Iter3] Gen:6 Ind:5 RMSE(val)=15086.113876
[GA][Iter3] Gen:6 Ind:6 RMSE(val)=15122.429031
[GA][Iter3] Gen:6 Ind:7 RMSE(val)=15165.311848
[GA][Iter3] Gen:6 Ind:8 RMSE(val)=15241.894025
[GA][Iter3] Gen:6 Ind:9 RMSE(val)=15291.375276
[GA][Iter3] Gen:6 Ind:10 RMSE(val)=15576.623763
[GA][Iter3] Gen:6 Ind:11 RMSE(val)=16125.920393
[GA][Iter3] Gen:6 Ind:12 RMSE(val)=15660.920220
[GA][Iter3] Gen:6 Ind:13 RMSE(val)=16154.734984
[GA][Iter3] Gen:6 Ind:14 RMSE(val)=15052.671188
[GA][Iter3] Gen:6 Ind:15 RMSE(val)=14952.640817
[GA][Iter3] Gen:6 Ind:16 RMSE(val)=15507.097857
[GA][Iter3] Gen:6 Ind:17 RMSE(val)=15395.275713
[GA][Iter3] Gen:6 Ind:18 RMSE(val)=15684.678843
[GA][Iter3] Gen:6 Ind:19 RMSE(val)=15682.577350
[GA][Iter3] Gen:6 Ind:20 RMSE(val)=15728.751088
[GA][Iter3] gen=6 best_val_rmse=14349.391834
[GA][Iter3] Gen:7 Ind:1 RMSE(val)=14349.391834
[GA][Iter3] Gen:7 Ind:2 RMSE(val)=14946.633208
[GA][Iter3] Gen:7 Ind:3 RMSE(val)=14952.640817
[GA][Iter3] Gen:7 Ind:4 RMSE(val)=14993.531434
[GA][Iter3] Gen:7 Ind:5 RMSE(val)=14998.541179
[GA][Iter3] Gen:7 Ind:6 RMSE(val)=15052.671188
[GA][Iter3] Gen:7 Ind:7 RMSE(val)=15086.113876
[GA][Iter3] Gen:7 Ind:8 RMSE(val)=15122.429031
[GA][Iter3] Gen:7 Ind:9 RMSE(val)=15165.311848
[GA][Iter3] Gen:7 Ind:10 RMSE(val)=15241.894025
[GA][Iter3] Gen:7 Ind:11 RMSE(val)=14823.302158
[GA][Iter3] Gen:7 Ind:12 RMSE(val)=12496.459300
[GA][Iter3] Gen:7 Ind:13 RMSE(val)=15418.582447
[GA][Iter3] Gen:7 Ind:14 RMSE(val)=14946.633208
[GA][Iter3] Gen:7 Ind:15 RMSE(val)=15734.892947
[GA][Iter3] Gen:7 Ind:16 RMSE(val)=15348.176757
[GA][Iter3] Gen:7 Ind:17 RMSE(val)=13472.158839
[GA][Iter3] Gen:7 Ind:18 RMSE(val)=15534.368324
[GA][Iter3] Gen:7 Ind:19 RMSE(val)=15149.947379
[GA][Iter3] Gen:7 Ind:20 RMSE(val)=14627.478438
[GA][Iter3] gen=7 best_val_rmse=12496.459300
[GA][Iter3] Gen:8 Ind:1 RMSE(val)=12496.459300
[GA][Iter3] Gen:8 Ind:2 RMSE(val)=13472.158839
[GA][Iter3] Gen:8 Ind:3 RMSE(val)=14349.391834
[GA][Iter3] Gen:8 Ind:4 RMSE(val)=14627.478438
[GA][Iter3] Gen:8 Ind:5 RMSE(val)=14823.302158
[GA][Iter3] Gen:8 Ind:6 RMSE(val)=14946.633208
[GA][Iter3] Gen:8 Ind:7 RMSE(val)=14946.633208
[GA][Iter3] Gen:8 Ind:8 RMSE(val)=14952.640817
[GA][Iter3] Gen:8 Ind:9 RMSE(val)=14993.531434
[GA][Iter3] Gen:8 Ind:10 RMSE(val)=14998.541179
[GA][Iter3] Gen:8 Ind:11 RMSE(val)=14868.795203
[GA][Iter3] Gen:8 Ind:12 RMSE(val)=15204.281683
[GA][Iter3] Gen:8 Ind:13 RMSE(val)=14998.541179
[GA][Iter3] Gen:8 Ind:14 RMSE(val)=14998.624862
[GA][Iter3] Gen:8 Ind:15 RMSE(val)=15307.762244
[GA][Iter3] Gen:8 Ind:16 RMSE(val)=14581.563330
[GA][Iter3] Gen:8 Ind:17 RMSE(val)=14908.126489
[GA][Iter3] Gen:8 Ind:18 RMSE(val)=14794.268164
[GA][Iter3] Gen:8 Ind:19 RMSE(val)=14742.433210
[GA][Iter3] Gen:8 Ind:20 RMSE(val)=16348.343342
[GA][Iter3] gen=8 best_val_rmse=12496.459300
[GA][Iter3] Gen:9 Ind:1 RMSE(val)=12496.459300
[GA][Iter3] Gen:9 Ind:2 RMSE(val)=13472.158839
[GA][Iter3] Gen:9 Ind:3 RMSE(val)=14349.391834
[GA][Iter3] Gen:9 Ind:4 RMSE(val)=14581.563330
[GA][Iter3] Gen:9 Ind:5 RMSE(val)=14627.478438
[GA][Iter3] Gen:9 Ind:6 RMSE(val)=14742.433210
[GA][Iter3] Gen:9 Ind:7 RMSE(val)=14794.268164
[GA][Iter3] Gen:9 Ind:8 RMSE(val)=14823.302158
[GA][Iter3] Gen:9 Ind:9 RMSE(val)=14868.795203
[GA][Iter3] Gen:9 Ind:10 RMSE(val)=14908.126489
[GA][Iter3] Gen:9 Ind:11 RMSE(val)=16504.999875
[GA][Iter3] Gen:9 Ind:12 RMSE(val)=14627.478438
[GA][Iter3] Gen:9 Ind:13 RMSE(val)=14494.093852
[GA][Iter3] Gen:9 Ind:14 RMSE(val)=14503.949491
[GA][Iter3] Gen:9 Ind:15 RMSE(val)=13269.843656
[GA][Iter3] Gen:9 Ind:16 RMSE(val)=14068.041927
[GA][Iter3] Gen:9 Ind:17 RMSE(val)=14948.986680
[GA][Iter3] Gen:9 Ind:18 RMSE(val)=14656.603346
[GA][Iter3] Gen:9 Ind:19 RMSE(val)=14758.716040
[GA][Iter3] Gen:9 Ind:20 RMSE(val)=14642.541697
[GA][Iter3] gen=9 best_val_rmse=12496.459300
[GA][Iter3] Gen:10 Ind:1 RMSE(val)=12496.459300
[GA][Iter3] Gen:10 Ind:2 RMSE(val)=13269.843656
[GA][Iter3] Gen:10 Ind:3 RMSE(val)=13472.158839
[GA][Iter3] Gen:10 Ind:4 RMSE(val)=14068.041927
[GA][Iter3] Gen:10 Ind:5 RMSE(val)=14349.391834
[GA][Iter3] Gen:10 Ind:6 RMSE(val)=14494.093852
[GA][Iter3] Gen:10 Ind:7 RMSE(val)=14503.949491
[GA][Iter3] Gen:10 Ind:8 RMSE(val)=14581.563330
[GA][Iter3] Gen:10 Ind:9 RMSE(val)=14627.478438
[GA][Iter3] Gen:10 Ind:10 RMSE(val)=14627.478438
[GA][Iter3] Gen:10 Ind:11 RMSE(val)=14609.725985
[GA][Iter3] Gen:10 Ind:12 RMSE(val)=13603.212436
[GA][Iter3] Gen:10 Ind:13 RMSE(val)=14233.193108
[GA][Iter3] Gen:10 Ind:14 RMSE(val)=14494.093852
[GA][Iter3] Gen:10 Ind:15 RMSE(val)=14065.354921
[GA][Iter3] Gen:10 Ind:16 RMSE(val)=15160.415270
[GA][Iter3] Gen:10 Ind:17 RMSE(val)=14526.777231
[GA][Iter3] Gen:10 Ind:18 RMSE(val)=14581.563330
[GA][Iter3] Gen:10 Ind:19 RMSE(val)=13269.843656
[GA][Iter3] Gen:10 Ind:20 RMSE(val)=14952.640817
[GA][Iter3] gen=10 best_val_rmse=12496.459300
[GA][Iter3] Gen:11 Ind:1 RMSE(val)=12496.459300
[GA][Iter3] Gen:11 Ind:2 RMSE(val)=13269.843656
[GA][Iter3] Gen:11 Ind:3 RMSE(val)=13269.843656
[GA][Iter3] Gen:11 Ind:4 RMSE(val)=13472.158839
[GA][Iter3] Gen:11 Ind:5 RMSE(val)=13603.212436
[GA][Iter3] Gen:11 Ind:6 RMSE(val)=14065.354921
[GA][Iter3] Gen:11 Ind:7 RMSE(val)=14068.041927
[GA][Iter3] Gen:11 Ind:8 RMSE(val)=14233.193108
[GA][Iter3] Gen:11 Ind:9 RMSE(val)=14349.391834
[GA][Iter3] Gen:11 Ind:10 RMSE(val)=14494.093852
[GA][Iter3] Gen:11 Ind:11 RMSE(val)=14584.482016
[GA][Iter3] Gen:11 Ind:12 RMSE(val)=15138.923070
[GA][Iter3] Gen:11 Ind:13 RMSE(val)=14289.042864
[GA][Iter3] Gen:11 Ind:14 RMSE(val)=14494.093852
[GA][Iter3] Gen:11 Ind:15 RMSE(val)=13401.013633
[GA][Iter3] Gen:11 Ind:16 RMSE(val)=13472.158839
[GA][Iter3] Gen:11 Ind:17 RMSE(val)=14406.136572
[GA][Iter3] Gen:11 Ind:18 RMSE(val)=15221.019315
[GA][Iter3] Gen:11 Ind:19 RMSE(val)=15403.385988
[GA][Iter3] Gen:11 Ind:20 RMSE(val)=13490.048024
[GA][Iter3] gen=11 best_val_rmse=12496.459300
[GA][Iter3] Gen:12 Ind:1 RMSE(val)=12496.459300
[GA][Iter3] Gen:12 Ind:2 RMSE(val)=13269.843656
[GA][Iter3] Gen:12 Ind:3 RMSE(val)=13269.843656
[GA][Iter3] Gen:12 Ind:4 RMSE(val)=13401.013633
[GA][Iter3] Gen:12 Ind:5 RMSE(val)=13472.158839
[GA][Iter3] Gen:12 Ind:6 RMSE(val)=13472.158839
[GA][Iter3] Gen:12 Ind:7 RMSE(val)=13490.048024
[GA][Iter3] Gen:12 Ind:8 RMSE(val)=13603.212436
[GA][Iter3] Gen:12 Ind:9 RMSE(val)=14065.354921
[GA][Iter3] Gen:12 Ind:10 RMSE(val)=14068.041927
[GA][Iter3] Gen:12 Ind:11 RMSE(val)=13414.299608
[GA][Iter3] Gen:12 Ind:12 RMSE(val)=13174.175669
[GA][Iter3] Gen:12 Ind:13 RMSE(val)=14300.875014
[GA][Iter3] Gen:12 Ind:14 RMSE(val)=14038.673967
[GA][Iter3] Gen:12 Ind:15 RMSE(val)=13444.778928
[GA][Iter3] Gen:12 Ind:16 RMSE(val)=13490.048024
[GA][Iter3] Gen:12 Ind:17 RMSE(val)=14499.562538
[GA][Iter3] Gen:12 Ind:18 RMSE(val)=12062.959670
[GA][Iter3] Gen:12 Ind:19 RMSE(val)=14628.214820
[GA][Iter3] Gen:12 Ind:20 RMSE(val)=13005.623820
[GA][Iter3] gen=12 best_val_rmse=12062.959670
[GA][Iter3] Gen:13 Ind:1 RMSE(val)=12062.959670
[GA][Iter3] Gen:13 Ind:2 RMSE(val)=12496.459300
[GA][Iter3] Gen:13 Ind:3 RMSE(val)=13005.623820
[GA][Iter3] Gen:13 Ind:4 RMSE(val)=13174.175669
[GA][Iter3] Gen:13 Ind:5 RMSE(val)=13269.843656
[GA][Iter3] Gen:13 Ind:6 RMSE(val)=13269.843656
[GA][Iter3] Gen:13 Ind:7 RMSE(val)=13401.013633
[GA][Iter3] Gen:13 Ind:8 RMSE(val)=13414.299608
[GA][Iter3] Gen:13 Ind:9 RMSE(val)=13444.778928
[GA][Iter3] Gen:13 Ind:10 RMSE(val)=13472.158839
[GA][Iter3] Gen:13 Ind:11 RMSE(val)=14390.665605
[GA][Iter3] Gen:13 Ind:12 RMSE(val)=13437.388592
[GA][Iter3] Gen:13 Ind:13 RMSE(val)=12496.459300
[GA][Iter3] Gen:13 Ind:14 RMSE(val)=13240.830129
[GA][Iter3] Gen:13 Ind:15 RMSE(val)=13203.594800
[GA][Iter3] Gen:13 Ind:16 RMSE(val)=13444.778928
[GA][Iter3] Gen:13 Ind:17 RMSE(val)=12062.959670
[GA][Iter3] Gen:13 Ind:18 RMSE(val)=13385.967801
[GA][Iter3] Gen:13 Ind:19 RMSE(val)=13269.843656
[GA][Iter3] Gen:13 Ind:20 RMSE(val)=13401.013633
[GA][Iter3] gen=13 best_val_rmse=12062.959670
[GA][Iter3] Gen:14 Ind:1 RMSE(val)=12062.959670
[GA][Iter3] Gen:14 Ind:2 RMSE(val)=12062.959670
[GA][Iter3] Gen:14 Ind:3 RMSE(val)=12496.459300
[GA][Iter3] Gen:14 Ind:4 RMSE(val)=12496.459300
[GA][Iter3] Gen:14 Ind:5 RMSE(val)=13005.623820
[GA][Iter3] Gen:14 Ind:6 RMSE(val)=13174.175669
[GA][Iter3] Gen:14 Ind:7 RMSE(val)=13203.594800
[GA][Iter3] Gen:14 Ind:8 RMSE(val)=13240.830129
[GA][Iter3] Gen:14 Ind:9 RMSE(val)=13269.843656
[GA][Iter3] Gen:14 Ind:10 RMSE(val)=13269.843656
[GA][Iter3] Gen:14 Ind:11 RMSE(val)=14016.912158
[GA][Iter3] Gen:14 Ind:12 RMSE(val)=13515.313088
[GA][Iter3] Gen:14 Ind:13 RMSE(val)=13269.843656
[GA][Iter3] Gen:14 Ind:14 RMSE(val)=12632.881706
[GA][Iter3] Gen:14 Ind:15 RMSE(val)=13593.404776
[GA][Iter3] Gen:14 Ind:16 RMSE(val)=13472.158839
[GA][Iter3] Gen:14 Ind:17 RMSE(val)=14453.600568
[GA][Iter3] Gen:14 Ind:18 RMSE(val)=12363.829096
[GA][Iter3] Gen:14 Ind:19 RMSE(val)=13174.175669
[GA][Iter3] Gen:14 Ind:20 RMSE(val)=13490.048024
[GA][Iter3] gen=14 best_val_rmse=12062.959670
[GA][Iter3] Gen:15 Ind:1 RMSE(val)=12062.959670
[GA][Iter3] Gen:15 Ind:2 RMSE(val)=12062.959670
[GA][Iter3] Gen:15 Ind:3 RMSE(val)=12363.829096
[GA][Iter3] Gen:15 Ind:4 RMSE(val)=12496.459300
[GA][Iter3] Gen:15 Ind:5 RMSE(val)=12496.459300
[GA][Iter3] Gen:15 Ind:6 RMSE(val)=12632.881706
[GA][Iter3] Gen:15 Ind:7 RMSE(val)=13005.623820
[GA][Iter3] Gen:15 Ind:8 RMSE(val)=13174.175669
[GA][Iter3] Gen:15 Ind:9 RMSE(val)=13174.175669
[GA][Iter3] Gen:15 Ind:10 RMSE(val)=13203.594800
[GA][Iter3] Gen:15 Ind:11 RMSE(val)=11598.451203
[GA][Iter3] Gen:15 Ind:12 RMSE(val)=13014.465605
[GA][Iter3] Gen:15 Ind:13 RMSE(val)=13030.325006
[GA][Iter3] Gen:15 Ind:14 RMSE(val)=13472.158839
[GA][Iter3] Gen:15 Ind:15 RMSE(val)=12434.285412
[GA][Iter3] Gen:15 Ind:16 RMSE(val)=12062.959670
[GA][Iter3] Gen:15 Ind:17 RMSE(val)=12711.165819
[GA][Iter3] Gen:15 Ind:18 RMSE(val)=14065.354921
[GA][Iter3] Gen:15 Ind:19 RMSE(val)=12625.266261
[GA][Iter3] Gen:15 Ind:20 RMSE(val)=12062.959670
[GA][Iter3] gen=15 best_val_rmse=11598.451203
[GA][Iter3] Gen:15 Ind:1 RMSE(val)=11598.451203
[GA][Iter3] Gen:15 Ind:2 RMSE(val)=12062.959670
[GA][Iter3] Gen:15 Ind:3 RMSE(val)=12062.959670
[GA][Iter3] Gen:15 Ind:4 RMSE(val)=12062.959670
[GA][Iter3] Gen:15 Ind:5 RMSE(val)=12062.959670
[GA][Iter3] Gen:15 Ind:6 RMSE(val)=12363.829096
[GA][Iter3] Gen:15 Ind:7 RMSE(val)=12434.285412
[GA][Iter3] Gen:15 Ind:8 RMSE(val)=12496.459300
[GA][Iter3] Gen:15 Ind:9 RMSE(val)=12496.459300
[GA][Iter3] Gen:15 Ind:10 RMSE(val)=12625.266261
[GA][Iter3] Gen:15 Ind:11 RMSE(val)=12496.459300
[GA][Iter3] Gen:15 Ind:12 RMSE(val)=12288.838035
[GA][Iter3] Gen:15 Ind:13 RMSE(val)=12496.459300
[GA][Iter3] Gen:15 Ind:14 RMSE(val)=12062.959670
[GA][Iter3] Gen:15 Ind:15 RMSE(val)=13157.691579
[GA][Iter3] Gen:15 Ind:16 RMSE(val)=13602.843547
[GA][Iter3] Gen:15 Ind:17 RMSE(val)=12062.959670
[GA][Iter3] Gen:15 Ind:18 RMSE(val)=12363.829096
[GA][Iter3] Gen:15 Ind:19 RMSE(val)=12913.615524
[GA][Iter3] Gen:15 Ind:20 RMSE(val)=11514.427191

[GA DONE][Iter3] Best params on val fold of Iter3
Best val RMSE: 11514.427191
Best params: {'n_estimators': 934, 'learning_rate': 0.053516464061094664, 'max_depth': 3, 'min_child_weight': 6.488362712795965, 'subsample': 0.7976165964839366, 'colsample_bytree': 0.9438541601014986, 'reg_lambda': 0.6722692236560421, 'reg_alpha': 0.043914962152362826, 'gamma': 0.05283240309568377}
--------------------------------------------------------------------------------
[RETUNE GA] Iter3: train folds 1..7 -> test fold 8  RMSE=4240.889828  NRMSE=0.629220  CVRMSE=4.740079  R2=0.600515
[GA][Iter4] Gen:1 Ind:1 RMSE(val)=5562.271741
[GA][Iter4] Gen:1 Ind:2 RMSE(val)=5812.737216
[GA][Iter4] Gen:1 Ind:3 RMSE(val)=4454.196883
[GA][Iter4] Gen:1 Ind:4 RMSE(val)=6015.358089
[GA][Iter4] Gen:1 Ind:5 RMSE(val)=5933.504284
[GA][Iter4] Gen:1 Ind:6 RMSE(val)=5495.750194
[GA][Iter4] Gen:1 Ind:7 RMSE(val)=5350.289878
[GA][Iter4] Gen:1 Ind:8 RMSE(val)=3899.840026
[GA][Iter4] Gen:1 Ind:9 RMSE(val)=5582.844199
[GA][Iter4] Gen:1 Ind:10 RMSE(val)=5510.031376
[GA][Iter4] Gen:1 Ind:11 RMSE(val)=4426.150974
[GA][Iter4] Gen:1 Ind:12 RMSE(val)=4082.759444
[GA][Iter4] Gen:1 Ind:13 RMSE(val)=6146.412602
[GA][Iter4] Gen:1 Ind:14 RMSE(val)=4317.156473
[GA][Iter4] Gen:1 Ind:15 RMSE(val)=4795.085187
[GA][Iter4] Gen:1 Ind:16 RMSE(val)=5305.402806
[GA][Iter4] Gen:1 Ind:17 RMSE(val)=4853.950182
[GA][Iter4] Gen:1 Ind:18 RMSE(val)=5310.688339
[GA][Iter4] Gen:1 Ind:19 RMSE(val)=3937.502719
[GA][Iter4] Gen:1 Ind:20 RMSE(val)=4758.649256
[GA][Iter4] gen=1 best_val_rmse=3899.840026
[GA][Iter4] Gen:2 Ind:1 RMSE(val)=3899.840026
[GA][Iter4] Gen:2 Ind:2 RMSE(val)=3937.502719
[GA][Iter4] Gen:2 Ind:3 RMSE(val)=4082.759444
[GA][Iter4] Gen:2 Ind:4 RMSE(val)=4317.156473
[GA][Iter4] Gen:2 Ind:5 RMSE(val)=4426.150974
[GA][Iter4] Gen:2 Ind:6 RMSE(val)=4454.196883
[GA][Iter4] Gen:2 Ind:7 RMSE(val)=4758.649256
[GA][Iter4] Gen:2 Ind:8 RMSE(val)=4795.085187
[GA][Iter4] Gen:2 Ind:9 RMSE(val)=4853.950182
[GA][Iter4] Gen:2 Ind:10 RMSE(val)=5305.402806
[GA][Iter4] Gen:2 Ind:11 RMSE(val)=4408.091162
[GA][Iter4] Gen:2 Ind:12 RMSE(val)=4278.266858
[GA][Iter4] Gen:2 Ind:13 RMSE(val)=4076.610381
[GA][Iter4] Gen:2 Ind:14 RMSE(val)=5242.518746
[GA][Iter4] Gen:2 Ind:15 RMSE(val)=5223.099120
[GA][Iter4] Gen:2 Ind:16 RMSE(val)=5347.560141
[GA][Iter4] Gen:2 Ind:17 RMSE(val)=4315.115969
[GA][Iter4] Gen:2 Ind:18 RMSE(val)=3956.064519
[GA][Iter4] Gen:2 Ind:19 RMSE(val)=4399.893348
[GA][Iter4] Gen:2 Ind:20 RMSE(val)=4242.490116
[GA][Iter4] gen=2 best_val_rmse=3899.840026
[GA][Iter4] Gen:3 Ind:1 RMSE(val)=3899.840026
[GA][Iter4] Gen:3 Ind:2 RMSE(val)=3937.502719
[GA][Iter4] Gen:3 Ind:3 RMSE(val)=3956.064519
[GA][Iter4] Gen:3 Ind:4 RMSE(val)=4076.610381
[GA][Iter4] Gen:3 Ind:5 RMSE(val)=4082.759444
[GA][Iter4] Gen:3 Ind:6 RMSE(val)=4242.490116
[GA][Iter4] Gen:3 Ind:7 RMSE(val)=4278.266858
[GA][Iter4] Gen:3 Ind:8 RMSE(val)=4315.115969
[GA][Iter4] Gen:3 Ind:9 RMSE(val)=4317.156473
[GA][Iter4] Gen:3 Ind:10 RMSE(val)=4399.893348
[GA][Iter4] Gen:3 Ind:11 RMSE(val)=4119.056573
[GA][Iter4] Gen:3 Ind:12 RMSE(val)=3902.300536
[GA][Iter4] Gen:3 Ind:13 RMSE(val)=3737.089368
[GA][Iter4] Gen:3 Ind:14 RMSE(val)=3651.069558
[GA][Iter4] Gen:3 Ind:15 RMSE(val)=4406.607766
[GA][Iter4] Gen:3 Ind:16 RMSE(val)=4455.348345
[GA][Iter4] Gen:3 Ind:17 RMSE(val)=4875.892354
[GA][Iter4] Gen:3 Ind:18 RMSE(val)=3505.330508
[GA][Iter4] Gen:3 Ind:19 RMSE(val)=4530.999966
[GA][Iter4] Gen:3 Ind:20 RMSE(val)=3860.955878
[GA][Iter4] gen=3 best_val_rmse=3505.330508
[GA][Iter4] Gen:4 Ind:1 RMSE(val)=3505.330508
[GA][Iter4] Gen:4 Ind:2 RMSE(val)=3651.069558
[GA][Iter4] Gen:4 Ind:3 RMSE(val)=3737.089368
[GA][Iter4] Gen:4 Ind:4 RMSE(val)=3860.955878
[GA][Iter4] Gen:4 Ind:5 RMSE(val)=3899.840026
[GA][Iter4] Gen:4 Ind:6 RMSE(val)=3902.300536
[GA][Iter4] Gen:4 Ind:7 RMSE(val)=3937.502719
[GA][Iter4] Gen:4 Ind:8 RMSE(val)=3956.064519
[GA][Iter4] Gen:4 Ind:9 RMSE(val)=4076.610381
[GA][Iter4] Gen:4 Ind:10 RMSE(val)=4082.759444
[GA][Iter4] Gen:4 Ind:11 RMSE(val)=3515.827985
[GA][Iter4] Gen:4 Ind:12 RMSE(val)=4312.397163
[GA][Iter4] Gen:4 Ind:13 RMSE(val)=4516.097503
[GA][Iter4] Gen:4 Ind:14 RMSE(val)=4722.360950
[GA][Iter4] Gen:4 Ind:15 RMSE(val)=3859.378378
[GA][Iter4] Gen:4 Ind:16 RMSE(val)=4216.057878
[GA][Iter4] Gen:4 Ind:17 RMSE(val)=4824.530410
[GA][Iter4] Gen:4 Ind:18 RMSE(val)=4601.801180
[GA][Iter4] Gen:4 Ind:19 RMSE(val)=3380.731785
[GA][Iter4] Gen:4 Ind:20 RMSE(val)=3768.971689
[GA][Iter4] gen=4 best_val_rmse=3380.731785
[GA][Iter4] Gen:5 Ind:1 RMSE(val)=3380.731785
[GA][Iter4] Gen:5 Ind:2 RMSE(val)=3505.330508
[GA][Iter4] Gen:5 Ind:3 RMSE(val)=3515.827985
[GA][Iter4] Gen:5 Ind:4 RMSE(val)=3651.069558
[GA][Iter4] Gen:5 Ind:5 RMSE(val)=3737.089368
[GA][Iter4] Gen:5 Ind:6 RMSE(val)=3768.971689
[GA][Iter4] Gen:5 Ind:7 RMSE(val)=3859.378378
[GA][Iter4] Gen:5 Ind:8 RMSE(val)=3860.955878
[GA][Iter4] Gen:5 Ind:9 RMSE(val)=3899.840026
[GA][Iter4] Gen:5 Ind:10 RMSE(val)=3902.300536
[GA][Iter4] Gen:5 Ind:11 RMSE(val)=3777.824311
[GA][Iter4] Gen:5 Ind:12 RMSE(val)=3845.167043
[GA][Iter4] Gen:5 Ind:13 RMSE(val)=3749.878239
[GA][Iter4] Gen:5 Ind:14 RMSE(val)=4225.195687
[GA][Iter4] Gen:5 Ind:15 RMSE(val)=3737.089368
[GA][Iter4] Gen:5 Ind:16 RMSE(val)=3408.703475
[GA][Iter4] Gen:5 Ind:17 RMSE(val)=3925.010018
[GA][Iter4] Gen:5 Ind:18 RMSE(val)=4037.716977
[GA][Iter4] Gen:5 Ind:19 RMSE(val)=4340.359059
[GA][Iter4] Gen:5 Ind:20 RMSE(val)=3017.640296
[GA][Iter4] gen=5 best_val_rmse=3017.640296
[GA][Iter4] Gen:6 Ind:1 RMSE(val)=3017.640296
[GA][Iter4] Gen:6 Ind:2 RMSE(val)=3380.731785
[GA][Iter4] Gen:6 Ind:3 RMSE(val)=3408.703475
[GA][Iter4] Gen:6 Ind:4 RMSE(val)=3505.330508
[GA][Iter4] Gen:6 Ind:5 RMSE(val)=3515.827985
[GA][Iter4] Gen:6 Ind:6 RMSE(val)=3651.069558
[GA][Iter4] Gen:6 Ind:7 RMSE(val)=3737.089368
[GA][Iter4] Gen:6 Ind:8 RMSE(val)=3737.089368
[GA][Iter4] Gen:6 Ind:9 RMSE(val)=3749.878239
[GA][Iter4] Gen:6 Ind:10 RMSE(val)=3768.971689
[GA][Iter4] Gen:6 Ind:11 RMSE(val)=4128.016552
[GA][Iter4] Gen:6 Ind:12 RMSE(val)=5865.316448
[GA][Iter4] Gen:6 Ind:13 RMSE(val)=3472.170297
[GA][Iter4] Gen:6 Ind:14 RMSE(val)=4357.621289
[GA][Iter4] Gen:6 Ind:15 RMSE(val)=3547.267332
[GA][Iter4] Gen:6 Ind:16 RMSE(val)=3668.702628
[GA][Iter4] Gen:6 Ind:17 RMSE(val)=3719.358420
[GA][Iter4] Gen:6 Ind:18 RMSE(val)=4009.521571
[GA][Iter4] Gen:6 Ind:19 RMSE(val)=3857.648403
[GA][Iter4] Gen:6 Ind:20 RMSE(val)=4526.818362
[GA][Iter4] gen=6 best_val_rmse=3017.640296
[GA][Iter4] Gen:7 Ind:1 RMSE(val)=3017.640296
[GA][Iter4] Gen:7 Ind:2 RMSE(val)=3380.731785
[GA][Iter4] Gen:7 Ind:3 RMSE(val)=3408.703475
[GA][Iter4] Gen:7 Ind:4 RMSE(val)=3472.170297
[GA][Iter4] Gen:7 Ind:5 RMSE(val)=3505.330508
[GA][Iter4] Gen:7 Ind:6 RMSE(val)=3515.827985
[GA][Iter4] Gen:7 Ind:7 RMSE(val)=3547.267332
[GA][Iter4] Gen:7 Ind:8 RMSE(val)=3651.069558
[GA][Iter4] Gen:7 Ind:9 RMSE(val)=3668.702628
[GA][Iter4] Gen:7 Ind:10 RMSE(val)=3719.358420
[GA][Iter4] Gen:7 Ind:11 RMSE(val)=4372.848114
[GA][Iter4] Gen:7 Ind:12 RMSE(val)=3395.415620
[GA][Iter4] Gen:7 Ind:13 RMSE(val)=3098.995410
[GA][Iter4] Gen:7 Ind:14 RMSE(val)=3594.418330
[GA][Iter4] Gen:7 Ind:15 RMSE(val)=4091.402631
[GA][Iter4] Gen:7 Ind:16 RMSE(val)=3407.056911
[GA][Iter4] Gen:7 Ind:17 RMSE(val)=4000.847388
[GA][Iter4] Gen:7 Ind:18 RMSE(val)=3748.661959
[GA][Iter4] Gen:7 Ind:19 RMSE(val)=3296.576497
[GA][Iter4] Gen:7 Ind:20 RMSE(val)=3201.483353
[GA][Iter4] gen=7 best_val_rmse=3017.640296
[GA][Iter4] Gen:8 Ind:1 RMSE(val)=3017.640296
[GA][Iter4] Gen:8 Ind:2 RMSE(val)=3098.995410
[GA][Iter4] Gen:8 Ind:3 RMSE(val)=3201.483353
[GA][Iter4] Gen:8 Ind:4 RMSE(val)=3296.576497
[GA][Iter4] Gen:8 Ind:5 RMSE(val)=3380.731785
[GA][Iter4] Gen:8 Ind:6 RMSE(val)=3395.415620
[GA][Iter4] Gen:8 Ind:7 RMSE(val)=3407.056911
[GA][Iter4] Gen:8 Ind:8 RMSE(val)=3408.703475
[GA][Iter4] Gen:8 Ind:9 RMSE(val)=3472.170297
[GA][Iter4] Gen:8 Ind:10 RMSE(val)=3505.330508
[GA][Iter4] Gen:8 Ind:11 RMSE(val)=3355.288847
[GA][Iter4] Gen:8 Ind:12 RMSE(val)=4434.045952
[GA][Iter4] Gen:8 Ind:13 RMSE(val)=3408.703475
[GA][Iter4] Gen:8 Ind:14 RMSE(val)=3472.170297
[GA][Iter4] Gen:8 Ind:15 RMSE(val)=2913.697274
[GA][Iter4] Gen:8 Ind:16 RMSE(val)=3110.268906
[GA][Iter4] Gen:8 Ind:17 RMSE(val)=3391.917612
[GA][Iter4] Gen:8 Ind:18 RMSE(val)=4882.429251
[GA][Iter4] Gen:8 Ind:19 RMSE(val)=3271.207491
[GA][Iter4] Gen:8 Ind:20 RMSE(val)=4302.450863
[GA][Iter4] gen=8 best_val_rmse=2913.697274
[GA][Iter4] Gen:9 Ind:1 RMSE(val)=2913.697274
[GA][Iter4] Gen:9 Ind:2 RMSE(val)=3017.640296
[GA][Iter4] Gen:9 Ind:3 RMSE(val)=3098.995410
[GA][Iter4] Gen:9 Ind:4 RMSE(val)=3110.268906
[GA][Iter4] Gen:9 Ind:5 RMSE(val)=3201.483353
[GA][Iter4] Gen:9 Ind:6 RMSE(val)=3271.207491
[GA][Iter4] Gen:9 Ind:7 RMSE(val)=3296.576497
[GA][Iter4] Gen:9 Ind:8 RMSE(val)=3355.288847
[GA][Iter4] Gen:9 Ind:9 RMSE(val)=3380.731785
[GA][Iter4] Gen:9 Ind:10 RMSE(val)=3391.917612
[GA][Iter4] Gen:9 Ind:11 RMSE(val)=3232.463891
[GA][Iter4] Gen:9 Ind:12 RMSE(val)=4122.332086
[GA][Iter4] Gen:9 Ind:13 RMSE(val)=3074.546765
[GA][Iter4] Gen:9 Ind:14 RMSE(val)=3096.111464
[GA][Iter4] Gen:9 Ind:15 RMSE(val)=3233.956289
[GA][Iter4] Gen:9 Ind:16 RMSE(val)=2908.261353
[GA][Iter4] Gen:9 Ind:17 RMSE(val)=3422.156951
[GA][Iter4] Gen:9 Ind:18 RMSE(val)=3043.408175
[GA][Iter4] Gen:9 Ind:19 RMSE(val)=3083.565260
[GA][Iter4] Gen:9 Ind:20 RMSE(val)=3416.324564
[GA][Iter4] gen=9 best_val_rmse=2908.261353
[GA][Iter4] Gen:10 Ind:1 RMSE(val)=2908.261353
[GA][Iter4] Gen:10 Ind:2 RMSE(val)=2913.697274
[GA][Iter4] Gen:10 Ind:3 RMSE(val)=3017.640296
[GA][Iter4] Gen:10 Ind:4 RMSE(val)=3043.408175
[GA][Iter4] Gen:10 Ind:5 RMSE(val)=3074.546765
[GA][Iter4] Gen:10 Ind:6 RMSE(val)=3083.565260
[GA][Iter4] Gen:10 Ind:7 RMSE(val)=3096.111464
[GA][Iter4] Gen:10 Ind:8 RMSE(val)=3098.995410
[GA][Iter4] Gen:10 Ind:9 RMSE(val)=3110.268906
[GA][Iter4] Gen:10 Ind:10 RMSE(val)=3201.483353
[GA][Iter4] Gen:10 Ind:11 RMSE(val)=3016.722365
[GA][Iter4] Gen:10 Ind:12 RMSE(val)=3027.219668
[GA][Iter4] Gen:10 Ind:13 RMSE(val)=3139.810560
[GA][Iter4] Gen:10 Ind:14 RMSE(val)=3548.334992
[GA][Iter4] Gen:10 Ind:15 RMSE(val)=3043.408175
[GA][Iter4] Gen:10 Ind:16 RMSE(val)=3201.483353
[GA][Iter4] Gen:10 Ind:17 RMSE(val)=3052.052204
[GA][Iter4] Gen:10 Ind:18 RMSE(val)=3098.995410
[GA][Iter4] Gen:10 Ind:19 RMSE(val)=2913.697274
[GA][Iter4] Gen:10 Ind:20 RMSE(val)=2952.611984
[GA][Iter4] gen=10 best_val_rmse=2908.261353
[GA][Iter4] Gen:11 Ind:1 RMSE(val)=2908.261353
[GA][Iter4] Gen:11 Ind:2 RMSE(val)=2913.697274
[GA][Iter4] Gen:11 Ind:3 RMSE(val)=2913.697274
[GA][Iter4] Gen:11 Ind:4 RMSE(val)=2952.611984
[GA][Iter4] Gen:11 Ind:5 RMSE(val)=3016.722365
[GA][Iter4] Gen:11 Ind:6 RMSE(val)=3017.640296
[GA][Iter4] Gen:11 Ind:7 RMSE(val)=3027.219668
[GA][Iter4] Gen:11 Ind:8 RMSE(val)=3043.408175
[GA][Iter4] Gen:11 Ind:9 RMSE(val)=3043.408175
[GA][Iter4] Gen:11 Ind:10 RMSE(val)=3052.052204
[GA][Iter4] Gen:11 Ind:11 RMSE(val)=3581.152383
[GA][Iter4] Gen:11 Ind:12 RMSE(val)=3619.477778
[GA][Iter4] Gen:11 Ind:13 RMSE(val)=3454.412050
[GA][Iter4] Gen:11 Ind:14 RMSE(val)=3052.052204
[GA][Iter4] Gen:11 Ind:15 RMSE(val)=3136.028326
[GA][Iter4] Gen:11 Ind:16 RMSE(val)=3582.461272
[GA][Iter4] Gen:11 Ind:17 RMSE(val)=3398.915891
[GA][Iter4] Gen:11 Ind:18 RMSE(val)=3001.506859
[GA][Iter4] Gen:11 Ind:19 RMSE(val)=3271.956619
[GA][Iter4] Gen:11 Ind:20 RMSE(val)=2980.189008
[GA][Iter4] gen=11 best_val_rmse=2908.261353
[GA][Iter4] Gen:12 Ind:1 RMSE(val)=2908.261353
[GA][Iter4] Gen:12 Ind:2 RMSE(val)=2913.697274
[GA][Iter4] Gen:12 Ind:3 RMSE(val)=2913.697274
[GA][Iter4] Gen:12 Ind:4 RMSE(val)=2952.611984
[GA][Iter4] Gen:12 Ind:5 RMSE(val)=2980.189008
[GA][Iter4] Gen:12 Ind:6 RMSE(val)=3001.506859
[GA][Iter4] Gen:12 Ind:7 RMSE(val)=3016.722365
[GA][Iter4] Gen:12 Ind:8 RMSE(val)=3017.640296
[GA][Iter4] Gen:12 Ind:9 RMSE(val)=3027.219668
[GA][Iter4] Gen:12 Ind:10 RMSE(val)=3043.408175
[GA][Iter4] Gen:12 Ind:11 RMSE(val)=3047.694645
[GA][Iter4] Gen:12 Ind:12 RMSE(val)=2996.693085
[GA][Iter4] Gen:12 Ind:13 RMSE(val)=3127.106670
[GA][Iter4] Gen:12 Ind:14 RMSE(val)=3377.235791
[GA][Iter4] Gen:12 Ind:15 RMSE(val)=3043.408175
[GA][Iter4] Gen:12 Ind:16 RMSE(val)=3471.859179
[GA][Iter4] Gen:12 Ind:17 RMSE(val)=3001.506859
[GA][Iter4] Gen:12 Ind:18 RMSE(val)=2913.697274
[GA][Iter4] Gen:12 Ind:19 RMSE(val)=3017.640296
[GA][Iter4] Gen:12 Ind:20 RMSE(val)=3523.910822
[GA][Iter4] gen=12 best_val_rmse=2908.261353
[GA][Iter4] Gen:13 Ind:1 RMSE(val)=2908.261353
[GA][Iter4] Gen:13 Ind:2 RMSE(val)=2913.697274
[GA][Iter4] Gen:13 Ind:3 RMSE(val)=2913.697274
[GA][Iter4] Gen:13 Ind:4 RMSE(val)=2913.697274
[GA][Iter4] Gen:13 Ind:5 RMSE(val)=2952.611984
[GA][Iter4] Gen:13 Ind:6 RMSE(val)=2980.189008
[GA][Iter4] Gen:13 Ind:7 RMSE(val)=2996.693085
[GA][Iter4] Gen:13 Ind:8 RMSE(val)=3001.506859
[GA][Iter4] Gen:13 Ind:9 RMSE(val)=3001.506859
[GA][Iter4] Gen:13 Ind:10 RMSE(val)=3016.722365
[GA][Iter4] Gen:13 Ind:11 RMSE(val)=3097.182708
[GA][Iter4] Gen:13 Ind:12 RMSE(val)=2913.697274
[GA][Iter4] Gen:13 Ind:13 RMSE(val)=2913.697274
[GA][Iter4] Gen:13 Ind:14 RMSE(val)=2886.987496
[GA][Iter4] Gen:13 Ind:15 RMSE(val)=3123.307359
[GA][Iter4] Gen:13 Ind:16 RMSE(val)=3465.424802
[GA][Iter4] Gen:13 Ind:17 RMSE(val)=2908.261353
[GA][Iter4] Gen:13 Ind:18 RMSE(val)=2997.168149
[GA][Iter4] Gen:13 Ind:19 RMSE(val)=2980.189008
[GA][Iter4] Gen:13 Ind:20 RMSE(val)=3014.669324
[GA][Iter4] gen=13 best_val_rmse=2886.987496
[GA][Iter4] Gen:14 Ind:1 RMSE(val)=2886.987496
[GA][Iter4] Gen:14 Ind:2 RMSE(val)=2908.261353
[GA][Iter4] Gen:14 Ind:3 RMSE(val)=2908.261353
[GA][Iter4] Gen:14 Ind:4 RMSE(val)=2913.697274
[GA][Iter4] Gen:14 Ind:5 RMSE(val)=2913.697274
[GA][Iter4] Gen:14 Ind:6 RMSE(val)=2913.697274
[GA][Iter4] Gen:14 Ind:7 RMSE(val)=2913.697274
[GA][Iter4] Gen:14 Ind:8 RMSE(val)=2913.697274
[GA][Iter4] Gen:14 Ind:9 RMSE(val)=2952.611984
[GA][Iter4] Gen:14 Ind:10 RMSE(val)=2980.189008
[GA][Iter4] Gen:14 Ind:11 RMSE(val)=2913.697274
[GA][Iter4] Gen:14 Ind:12 RMSE(val)=2938.710551
[GA][Iter4] Gen:14 Ind:13 RMSE(val)=3018.695066
[GA][Iter4] Gen:14 Ind:14 RMSE(val)=2913.697274
[GA][Iter4] Gen:14 Ind:15 RMSE(val)=3087.252471
[GA][Iter4] Gen:14 Ind:16 RMSE(val)=3004.004301
[GA][Iter4] Gen:14 Ind:17 RMSE(val)=3281.400604
[GA][Iter4] Gen:14 Ind:18 RMSE(val)=2913.697274
[GA][Iter4] Gen:14 Ind:19 RMSE(val)=2913.697274
[GA][Iter4] Gen:14 Ind:20 RMSE(val)=3055.309728
[GA][Iter4] gen=14 best_val_rmse=2886.987496
[GA][Iter4] Gen:15 Ind:1 RMSE(val)=2886.987496
[GA][Iter4] Gen:15 Ind:2 RMSE(val)=2908.261353
[GA][Iter4] Gen:15 Ind:3 RMSE(val)=2908.261353
[GA][Iter4] Gen:15 Ind:4 RMSE(val)=2913.697274
[GA][Iter4] Gen:15 Ind:5 RMSE(val)=2913.697274
[GA][Iter4] Gen:15 Ind:6 RMSE(val)=2913.697274
[GA][Iter4] Gen:15 Ind:7 RMSE(val)=2913.697274
[GA][Iter4] Gen:15 Ind:8 RMSE(val)=2913.697274
[GA][Iter4] Gen:15 Ind:9 RMSE(val)=2913.697274
[GA][Iter4] Gen:15 Ind:10 RMSE(val)=2913.697274
[GA][Iter4] Gen:15 Ind:11 RMSE(val)=2913.697274
[GA][Iter4] Gen:15 Ind:12 RMSE(val)=2894.609649
[GA][Iter4] Gen:15 Ind:13 RMSE(val)=2913.697274
[GA][Iter4] Gen:15 Ind:14 RMSE(val)=2913.697274
[GA][Iter4] Gen:15 Ind:15 RMSE(val)=3309.759686
[GA][Iter4] Gen:15 Ind:16 RMSE(val)=2908.261353
[GA][Iter4] Gen:15 Ind:17 RMSE(val)=2913.697274
[GA][Iter4] Gen:15 Ind:18 RMSE(val)=2913.697274
[GA][Iter4] Gen:15 Ind:19 RMSE(val)=2913.697274
[GA][Iter4] Gen:15 Ind:20 RMSE(val)=2908.261353
[GA][Iter4] gen=15 best_val_rmse=2886.987496
[GA][Iter4] Gen:15 Ind:1 RMSE(val)=2886.987496
[GA][Iter4] Gen:15 Ind:2 RMSE(val)=2894.609649
[GA][Iter4] Gen:15 Ind:3 RMSE(val)=2908.261353
[GA][Iter4] Gen:15 Ind:4 RMSE(val)=2908.261353
[GA][Iter4] Gen:15 Ind:5 RMSE(val)=2908.261353
[GA][Iter4] Gen:15 Ind:6 RMSE(val)=2908.261353
[GA][Iter4] Gen:15 Ind:7 RMSE(val)=2913.697274
[GA][Iter4] Gen:15 Ind:8 RMSE(val)=2913.697274
[GA][Iter4] Gen:15 Ind:9 RMSE(val)=2913.697274
[GA][Iter4] Gen:15 Ind:10 RMSE(val)=2913.697274
[GA][Iter4] Gen:15 Ind:11 RMSE(val)=2913.697274
[GA][Iter4] Gen:15 Ind:12 RMSE(val)=2896.472855
[GA][Iter4] Gen:15 Ind:13 RMSE(val)=2913.697274
[GA][Iter4] Gen:15 Ind:14 RMSE(val)=2908.261353
[GA][Iter4] Gen:15 Ind:15 RMSE(val)=3316.785830
[GA][Iter4] Gen:15 Ind:16 RMSE(val)=3293.473146
[GA][Iter4] Gen:15 Ind:17 RMSE(val)=2913.697274
[GA][Iter4] Gen:15 Ind:18 RMSE(val)=2896.472855
[GA][Iter4] Gen:15 Ind:19 RMSE(val)=2969.133680
[GA][Iter4] Gen:15 Ind:20 RMSE(val)=2968.661224

[GA DONE][Iter4] Best params on val fold of Iter4
Best val RMSE: 2886.987496
Best params: {'n_estimators': 1619, 'learning_rate': 0.018560954764323515, 'max_depth': 3, 'min_child_weight': 2.9192697199040363, 'subsample': 0.6400931100442903, 'colsample_bytree': 0.7688639867198737, 'reg_lambda': 0.3364060568515929, 'reg_alpha': 0.05492571618729324, 'gamma': 0.08288458688284585}
--------------------------------------------------------------------------------
[RETUNE GA] Iter4: train folds 1..8 -> test fold 9  RMSE=110285.232758  NRMSE=0.997626  CVRMSE=4.873274  R2=-0.004224
[GA][Iter5] Gen:1 Ind:1 RMSE(val)=111483.809541
[GA][Iter5] Gen:1 Ind:2 RMSE(val)=111505.121522
[GA][Iter5] Gen:1 Ind:3 RMSE(val)=109384.912074
[GA][Iter5] Gen:1 Ind:4 RMSE(val)=110885.979272
[GA][Iter5] Gen:1 Ind:5 RMSE(val)=110857.261609
[GA][Iter5] Gen:1 Ind:6 RMSE(val)=110704.136782
[GA][Iter5] Gen:1 Ind:7 RMSE(val)=110301.591663
[GA][Iter5] Gen:1 Ind:8 RMSE(val)=109543.413744
[GA][Iter5] Gen:1 Ind:9 RMSE(val)=111275.615569
[GA][Iter5] Gen:1 Ind:10 RMSE(val)=110924.766005
[GA][Iter5] Gen:1 Ind:11 RMSE(val)=110623.124699
[GA][Iter5] Gen:1 Ind:12 RMSE(val)=109507.278824
[GA][Iter5] Gen:1 Ind:13 RMSE(val)=111158.938018
[GA][Iter5] Gen:1 Ind:14 RMSE(val)=110317.502204
[GA][Iter5] Gen:1 Ind:15 RMSE(val)=110754.821083
[GA][Iter5] Gen:1 Ind:16 RMSE(val)=110396.341285
[GA][Iter5] Gen:1 Ind:17 RMSE(val)=110716.279001
[GA][Iter5] Gen:1 Ind:18 RMSE(val)=110340.036205
[GA][Iter5] Gen:1 Ind:19 RMSE(val)=110852.143004
[GA][Iter5] Gen:1 Ind:20 RMSE(val)=110616.893766
[GA][Iter5] gen=1 best_val_rmse=109384.912074
[GA][Iter5] Gen:2 Ind:1 RMSE(val)=109384.912074
[GA][Iter5] Gen:2 Ind:2 RMSE(val)=109507.278824
[GA][Iter5] Gen:2 Ind:3 RMSE(val)=109543.413744
[GA][Iter5] Gen:2 Ind:4 RMSE(val)=110301.591663
[GA][Iter5] Gen:2 Ind:5 RMSE(val)=110317.502204
[GA][Iter5] Gen:2 Ind:6 RMSE(val)=110340.036205
[GA][Iter5] Gen:2 Ind:7 RMSE(val)=110396.341285
[GA][Iter5] Gen:2 Ind:8 RMSE(val)=110616.893766
[GA][Iter5] Gen:2 Ind:9 RMSE(val)=110623.124699
[GA][Iter5] Gen:2 Ind:10 RMSE(val)=110704.136782
[GA][Iter5] Gen:2 Ind:11 RMSE(val)=110093.284535
[GA][Iter5] Gen:2 Ind:12 RMSE(val)=109621.172646
[GA][Iter5] Gen:2 Ind:13 RMSE(val)=109888.020629
[GA][Iter5] Gen:2 Ind:14 RMSE(val)=110396.119679
[GA][Iter5] Gen:2 Ind:15 RMSE(val)=110097.240435
[GA][Iter5] Gen:2 Ind:16 RMSE(val)=110494.943610
[GA][Iter5] Gen:2 Ind:17 RMSE(val)=110598.256763
[GA][Iter5] Gen:2 Ind:18 RMSE(val)=110979.578295
[GA][Iter5] Gen:2 Ind:19 RMSE(val)=110354.621498
[GA][Iter5] Gen:2 Ind:20 RMSE(val)=110230.346663
[GA][Iter5] gen=2 best_val_rmse=109384.912074
[GA][Iter5] Gen:3 Ind:1 RMSE(val)=109384.912074
[GA][Iter5] Gen:3 Ind:2 RMSE(val)=109507.278824
[GA][Iter5] Gen:3 Ind:3 RMSE(val)=109543.413744
[GA][Iter5] Gen:3 Ind:4 RMSE(val)=109621.172646
[GA][Iter5] Gen:3 Ind:5 RMSE(val)=109888.020629
[GA][Iter5] Gen:3 Ind:6 RMSE(val)=110093.284535
[GA][Iter5] Gen:3 Ind:7 RMSE(val)=110097.240435
[GA][Iter5] Gen:3 Ind:8 RMSE(val)=110230.346663
[GA][Iter5] Gen:3 Ind:9 RMSE(val)=110301.591663
[GA][Iter5] Gen:3 Ind:10 RMSE(val)=110317.502204
[GA][Iter5] Gen:3 Ind:11 RMSE(val)=109944.645390
[GA][Iter5] Gen:3 Ind:12 RMSE(val)=109788.462051
[GA][Iter5] Gen:3 Ind:13 RMSE(val)=108849.693200
[GA][Iter5] Gen:3 Ind:14 RMSE(val)=110607.513786
[GA][Iter5] Gen:3 Ind:15 RMSE(val)=110371.817921
[GA][Iter5] Gen:3 Ind:16 RMSE(val)=109969.603960
[GA][Iter5] Gen:3 Ind:17 RMSE(val)=111000.624555
[GA][Iter5] Gen:3 Ind:18 RMSE(val)=110176.558926
[GA][Iter5] Gen:3 Ind:19 RMSE(val)=110284.610180
[GA][Iter5] Gen:3 Ind:20 RMSE(val)=108922.147540
[GA][Iter5] gen=3 best_val_rmse=108849.693200
[GA][Iter5] Gen:4 Ind:1 RMSE(val)=108849.693200
[GA][Iter5] Gen:4 Ind:2 RMSE(val)=108922.147540
[GA][Iter5] Gen:4 Ind:3 RMSE(val)=109384.912074
[GA][Iter5] Gen:4 Ind:4 RMSE(val)=109507.278824
[GA][Iter5] Gen:4 Ind:5 RMSE(val)=109543.413744
[GA][Iter5] Gen:4 Ind:6 RMSE(val)=109621.172646
[GA][Iter5] Gen:4 Ind:7 RMSE(val)=109788.462051
[GA][Iter5] Gen:4 Ind:8 RMSE(val)=109888.020629
[GA][Iter5] Gen:4 Ind:9 RMSE(val)=109944.645390
[GA][Iter5] Gen:4 Ind:10 RMSE(val)=109969.603960
[GA][Iter5] Gen:4 Ind:11 RMSE(val)=109715.906959
[GA][Iter5] Gen:4 Ind:12 RMSE(val)=110267.589088
[GA][Iter5] Gen:4 Ind:13 RMSE(val)=109709.985697
[GA][Iter5] Gen:4 Ind:14 RMSE(val)=109987.279738
[GA][Iter5] Gen:4 Ind:15 RMSE(val)=110287.314137
[GA][Iter5] Gen:4 Ind:16 RMSE(val)=110161.624324
[GA][Iter5] Gen:4 Ind:17 RMSE(val)=109779.586919
[GA][Iter5] Gen:4 Ind:18 RMSE(val)=109982.204077
[GA][Iter5] Gen:4 Ind:19 RMSE(val)=109161.481706
[GA][Iter5] Gen:4 Ind:20 RMSE(val)=109401.868542
[GA][Iter5] gen=4 best_val_rmse=108849.693200
[GA][Iter5] Gen:5 Ind:1 RMSE(val)=108849.693200
[GA][Iter5] Gen:5 Ind:2 RMSE(val)=108922.147540
[GA][Iter5] Gen:5 Ind:3 RMSE(val)=109161.481706
[GA][Iter5] Gen:5 Ind:4 RMSE(val)=109384.912074
[GA][Iter5] Gen:5 Ind:5 RMSE(val)=109401.868542
[GA][Iter5] Gen:5 Ind:6 RMSE(val)=109507.278824
[GA][Iter5] Gen:5 Ind:7 RMSE(val)=109543.413744
[GA][Iter5] Gen:5 Ind:8 RMSE(val)=109621.172646
[GA][Iter5] Gen:5 Ind:9 RMSE(val)=109709.985697
[GA][Iter5] Gen:5 Ind:10 RMSE(val)=109715.906959
[GA][Iter5] Gen:5 Ind:11 RMSE(val)=108107.972045
[GA][Iter5] Gen:5 Ind:12 RMSE(val)=109774.347014
[GA][Iter5] Gen:5 Ind:13 RMSE(val)=110778.249970
[GA][Iter5] Gen:5 Ind:14 RMSE(val)=110334.610183
[GA][Iter5] Gen:5 Ind:15 RMSE(val)=109733.354232
[GA][Iter5] Gen:5 Ind:16 RMSE(val)=109067.258012
[GA][Iter5] Gen:5 Ind:17 RMSE(val)=109072.897953
[GA][Iter5] Gen:5 Ind:18 RMSE(val)=109539.820113
[GA][Iter5] Gen:5 Ind:19 RMSE(val)=108915.344088
[GA][Iter5] Gen:5 Ind:20 RMSE(val)=109885.038186
[GA][Iter5] gen=5 best_val_rmse=108107.972045
[GA][Iter5] Gen:6 Ind:1 RMSE(val)=108107.972045
[GA][Iter5] Gen:6 Ind:2 RMSE(val)=108849.693200
[GA][Iter5] Gen:6 Ind:3 RMSE(val)=108915.344088
[GA][Iter5] Gen:6 Ind:4 RMSE(val)=108922.147540
[GA][Iter5] Gen:6 Ind:5 RMSE(val)=109067.258012
[GA][Iter5] Gen:6 Ind:6 RMSE(val)=109072.897953
[GA][Iter5] Gen:6 Ind:7 RMSE(val)=109161.481706
[GA][Iter5] Gen:6 Ind:8 RMSE(val)=109384.912074
[GA][Iter5] Gen:6 Ind:9 RMSE(val)=109401.868542
[GA][Iter5] Gen:6 Ind:10 RMSE(val)=109507.278824
[GA][Iter5] Gen:6 Ind:11 RMSE(val)=109022.401422
[GA][Iter5] Gen:6 Ind:12 RMSE(val)=109896.015465
[GA][Iter5] Gen:6 Ind:13 RMSE(val)=108645.314191
[GA][Iter5] Gen:6 Ind:14 RMSE(val)=108484.413890
[GA][Iter5] Gen:6 Ind:15 RMSE(val)=108980.139696
[GA][Iter5] Gen:6 Ind:16 RMSE(val)=109598.385736
[GA][Iter5] Gen:6 Ind:17 RMSE(val)=109424.120510
[GA][Iter5] Gen:6 Ind:18 RMSE(val)=109558.072465
[GA][Iter5] Gen:6 Ind:19 RMSE(val)=109957.566121
[GA][Iter5] Gen:6 Ind:20 RMSE(val)=109066.097540
[GA][Iter5] gen=6 best_val_rmse=108107.972045
[GA][Iter5] Gen:7 Ind:1 RMSE(val)=108107.972045
[GA][Iter5] Gen:7 Ind:2 RMSE(val)=108484.413890
[GA][Iter5] Gen:7 Ind:3 RMSE(val)=108645.314191
[GA][Iter5] Gen:7 Ind:4 RMSE(val)=108849.693200
[GA][Iter5] Gen:7 Ind:5 RMSE(val)=108915.344088
[GA][Iter5] Gen:7 Ind:6 RMSE(val)=108922.147540
[GA][Iter5] Gen:7 Ind:7 RMSE(val)=108980.139696
[GA][Iter5] Gen:7 Ind:8 RMSE(val)=109022.401422
[GA][Iter5] Gen:7 Ind:9 RMSE(val)=109066.097540
[GA][Iter5] Gen:7 Ind:10 RMSE(val)=109067.258012
[GA][Iter5] Gen:7 Ind:11 RMSE(val)=109594.729333
[GA][Iter5] Gen:7 Ind:12 RMSE(val)=109277.865168
[GA][Iter5] Gen:7 Ind:13 RMSE(val)=109625.591414
[GA][Iter5] Gen:7 Ind:14 RMSE(val)=109127.216933
[GA][Iter5] Gen:7 Ind:15 RMSE(val)=109115.660878
[GA][Iter5] Gen:7 Ind:16 RMSE(val)=107960.055940
[GA][Iter5] Gen:7 Ind:17 RMSE(val)=109238.887815
[GA][Iter5] Gen:7 Ind:18 RMSE(val)=108982.158895
[GA][Iter5] Gen:7 Ind:19 RMSE(val)=110047.154376
[GA][Iter5] Gen:7 Ind:20 RMSE(val)=109531.205293
[GA][Iter5] gen=7 best_val_rmse=107960.055940
[GA][Iter5] Gen:8 Ind:1 RMSE(val)=107960.055940
[GA][Iter5] Gen:8 Ind:2 RMSE(val)=108107.972045
[GA][Iter5] Gen:8 Ind:3 RMSE(val)=108484.413890
[GA][Iter5] Gen:8 Ind:4 RMSE(val)=108645.314191
[GA][Iter5] Gen:8 Ind:5 RMSE(val)=108849.693200
[GA][Iter5] Gen:8 Ind:6 RMSE(val)=108915.344088
[GA][Iter5] Gen:8 Ind:7 RMSE(val)=108922.147540
[GA][Iter5] Gen:8 Ind:8 RMSE(val)=108980.139696
[GA][Iter5] Gen:8 Ind:9 RMSE(val)=108982.158895
[GA][Iter5] Gen:8 Ind:10 RMSE(val)=109022.401422
[GA][Iter5] Gen:8 Ind:11 RMSE(val)=108677.515358
[GA][Iter5] Gen:8 Ind:12 RMSE(val)=108818.341639
[GA][Iter5] Gen:8 Ind:13 RMSE(val)=109084.507118
[GA][Iter5] Gen:8 Ind:14 RMSE(val)=109674.609664
[GA][Iter5] Gen:8 Ind:15 RMSE(val)=108640.075866
[GA][Iter5] Gen:8 Ind:16 RMSE(val)=108650.643202
[GA][Iter5] Gen:8 Ind:17 RMSE(val)=108947.033620
[GA][Iter5] Gen:8 Ind:18 RMSE(val)=110537.035137
[GA][Iter5] Gen:8 Ind:19 RMSE(val)=109231.555235
[GA][Iter5] Gen:8 Ind:20 RMSE(val)=109998.333869
[GA][Iter5] gen=8 best_val_rmse=107960.055940
[GA][Iter5] Gen:9 Ind:1 RMSE(val)=107960.055940
[GA][Iter5] Gen:9 Ind:2 RMSE(val)=108107.972045
[GA][Iter5] Gen:9 Ind:3 RMSE(val)=108484.413890
[GA][Iter5] Gen:9 Ind:4 RMSE(val)=108640.075866
[GA][Iter5] Gen:9 Ind:5 RMSE(val)=108645.314191
[GA][Iter5] Gen:9 Ind:6 RMSE(val)=108650.643202
[GA][Iter5] Gen:9 Ind:7 RMSE(val)=108677.515358
[GA][Iter5] Gen:9 Ind:8 RMSE(val)=108818.341639
[GA][Iter5] Gen:9 Ind:9 RMSE(val)=108849.693200
[GA][Iter5] Gen:9 Ind:10 RMSE(val)=108915.344088
[GA][Iter5] Gen:9 Ind:11 RMSE(val)=108466.932249
[GA][Iter5] Gen:9 Ind:12 RMSE(val)=108514.002313
[GA][Iter5] Gen:9 Ind:13 RMSE(val)=109381.603684
[GA][Iter5] Gen:9 Ind:14 RMSE(val)=108812.547791
[GA][Iter5] Gen:9 Ind:15 RMSE(val)=109529.432555
[GA][Iter5] Gen:9 Ind:16 RMSE(val)=109284.060389
[GA][Iter5] Gen:9 Ind:17 RMSE(val)=108715.435578
[GA][Iter5] Gen:9 Ind:18 RMSE(val)=108667.292544
[GA][Iter5] Gen:9 Ind:19 RMSE(val)=108360.479077
[GA][Iter5] Gen:9 Ind:20 RMSE(val)=108995.710870
[GA][Iter5] gen=9 best_val_rmse=107960.055940
[GA][Iter5] Gen:10 Ind:1 RMSE(val)=107960.055940
[GA][Iter5] Gen:10 Ind:2 RMSE(val)=108107.972045
[GA][Iter5] Gen:10 Ind:3 RMSE(val)=108360.479077
[GA][Iter5] Gen:10 Ind:4 RMSE(val)=108466.932249
[GA][Iter5] Gen:10 Ind:5 RMSE(val)=108484.413890
[GA][Iter5] Gen:10 Ind:6 RMSE(val)=108514.002313
[GA][Iter5] Gen:10 Ind:7 RMSE(val)=108640.075866
[GA][Iter5] Gen:10 Ind:8 RMSE(val)=108645.314191
[GA][Iter5] Gen:10 Ind:9 RMSE(val)=108650.643202
[GA][Iter5] Gen:10 Ind:10 RMSE(val)=108667.292544
[GA][Iter5] Gen:10 Ind:11 RMSE(val)=107970.094474
[GA][Iter5] Gen:10 Ind:12 RMSE(val)=108278.514289
[GA][Iter5] Gen:10 Ind:13 RMSE(val)=108301.511755
[GA][Iter5] Gen:10 Ind:14 RMSE(val)=108190.570188
[GA][Iter5] Gen:10 Ind:15 RMSE(val)=108171.041768
[GA][Iter5] Gen:10 Ind:16 RMSE(val)=108175.008954
[GA][Iter5] Gen:10 Ind:17 RMSE(val)=108351.759533
[GA][Iter5] Gen:10 Ind:18 RMSE(val)=108665.727033
[GA][Iter5] Gen:10 Ind:19 RMSE(val)=108624.837956
[GA][Iter5] Gen:10 Ind:20 RMSE(val)=108666.417661
[GA][Iter5] gen=10 best_val_rmse=107960.055940
[GA][Iter5] Gen:11 Ind:1 RMSE(val)=107960.055940
[GA][Iter5] Gen:11 Ind:2 RMSE(val)=107970.094474
[GA][Iter5] Gen:11 Ind:3 RMSE(val)=108107.972045
[GA][Iter5] Gen:11 Ind:4 RMSE(val)=108171.041768
[GA][Iter5] Gen:11 Ind:5 RMSE(val)=108175.008954
[GA][Iter5] Gen:11 Ind:6 RMSE(val)=108190.570188
[GA][Iter5] Gen:11 Ind:7 RMSE(val)=108278.514289
[GA][Iter5] Gen:11 Ind:8 RMSE(val)=108301.511755
[GA][Iter5] Gen:11 Ind:9 RMSE(val)=108351.759533
[GA][Iter5] Gen:11 Ind:10 RMSE(val)=108360.479077
[GA][Iter5] Gen:11 Ind:11 RMSE(val)=108642.476105
[GA][Iter5] Gen:11 Ind:12 RMSE(val)=108486.729315
[GA][Iter5] Gen:11 Ind:13 RMSE(val)=108635.388028
[GA][Iter5] Gen:11 Ind:14 RMSE(val)=108486.964538
[GA][Iter5] Gen:11 Ind:15 RMSE(val)=108213.088881
[GA][Iter5] Gen:11 Ind:16 RMSE(val)=108737.669611
[GA][Iter5] Gen:11 Ind:17 RMSE(val)=108398.998478
[GA][Iter5] Gen:11 Ind:18 RMSE(val)=109135.516157
[GA][Iter5] Gen:11 Ind:19 RMSE(val)=109072.647836
[GA][Iter5] Gen:11 Ind:20 RMSE(val)=108220.239614
[GA][Iter5] gen=11 best_val_rmse=107960.055940
[GA][Iter5] Gen:12 Ind:1 RMSE(val)=107960.055940
[GA][Iter5] Gen:12 Ind:2 RMSE(val)=107970.094474
[GA][Iter5] Gen:12 Ind:3 RMSE(val)=108107.972045
[GA][Iter5] Gen:12 Ind:4 RMSE(val)=108171.041768
[GA][Iter5] Gen:12 Ind:5 RMSE(val)=108175.008954
[GA][Iter5] Gen:12 Ind:6 RMSE(val)=108190.570188
[GA][Iter5] Gen:12 Ind:7 RMSE(val)=108213.088881
[GA][Iter5] Gen:12 Ind:8 RMSE(val)=108220.239614
[GA][Iter5] Gen:12 Ind:9 RMSE(val)=108278.514289
[GA][Iter5] Gen:12 Ind:10 RMSE(val)=108301.511755
[GA][Iter5] Gen:12 Ind:11 RMSE(val)=108582.381682
[GA][Iter5] Gen:12 Ind:12 RMSE(val)=108249.844143
[GA][Iter5] Gen:12 Ind:13 RMSE(val)=108708.047246
[GA][Iter5] Gen:12 Ind:14 RMSE(val)=108656.806465
[GA][Iter5] Gen:12 Ind:15 RMSE(val)=108301.511755
[GA][Iter5] Gen:12 Ind:16 RMSE(val)=108420.218839
[GA][Iter5] Gen:12 Ind:17 RMSE(val)=108220.150684
[GA][Iter5] Gen:12 Ind:18 RMSE(val)=108646.940050
[GA][Iter5] Gen:12 Ind:19 RMSE(val)=108334.530173
[GA][Iter5] Gen:12 Ind:20 RMSE(val)=108502.076201
[GA][Iter5] gen=12 best_val_rmse=107960.055940
[GA][Iter5] Gen:13 Ind:1 RMSE(val)=107960.055940
[GA][Iter5] Gen:13 Ind:2 RMSE(val)=107970.094474
[GA][Iter5] Gen:13 Ind:3 RMSE(val)=108107.972045
[GA][Iter5] Gen:13 Ind:4 RMSE(val)=108171.041768
[GA][Iter5] Gen:13 Ind:5 RMSE(val)=108175.008954
[GA][Iter5] Gen:13 Ind:6 RMSE(val)=108190.570188
[GA][Iter5] Gen:13 Ind:7 RMSE(val)=108213.088881
[GA][Iter5] Gen:13 Ind:8 RMSE(val)=108220.150684
[GA][Iter5] Gen:13 Ind:9 RMSE(val)=108220.239614
[GA][Iter5] Gen:13 Ind:10 RMSE(val)=108249.844143
[GA][Iter5] Gen:13 Ind:11 RMSE(val)=108279.996640
[GA][Iter5] Gen:13 Ind:12 RMSE(val)=108781.639677
[GA][Iter5] Gen:13 Ind:13 RMSE(val)=108336.471320
[GA][Iter5] Gen:13 Ind:14 RMSE(val)=108190.089887
[GA][Iter5] Gen:13 Ind:15 RMSE(val)=109142.105973
[GA][Iter5] Gen:13 Ind:16 RMSE(val)=108214.794942
[GA][Iter5] Gen:13 Ind:17 RMSE(val)=108593.789115
[GA][Iter5] Gen:13 Ind:18 RMSE(val)=108624.925219
[GA][Iter5] Gen:13 Ind:19 RMSE(val)=108190.570188
[GA][Iter5] Gen:13 Ind:20 RMSE(val)=108213.088881
[GA][Iter5] gen=13 best_val_rmse=107960.055940
[GA][Iter5] Gen:14 Ind:1 RMSE(val)=107960.055940
[GA][Iter5] Gen:14 Ind:2 RMSE(val)=107970.094474
[GA][Iter5] Gen:14 Ind:3 RMSE(val)=108107.972045
[GA][Iter5] Gen:14 Ind:4 RMSE(val)=108171.041768
[GA][Iter5] Gen:14 Ind:5 RMSE(val)=108175.008954
[GA][Iter5] Gen:14 Ind:6 RMSE(val)=108190.089887
[GA][Iter5] Gen:14 Ind:7 RMSE(val)=108190.570188
[GA][Iter5] Gen:14 Ind:8 RMSE(val)=108190.570188
[GA][Iter5] Gen:14 Ind:9 RMSE(val)=108213.088881
[GA][Iter5] Gen:14 Ind:10 RMSE(val)=108213.088881
[GA][Iter5] Gen:14 Ind:11 RMSE(val)=108221.434111
[GA][Iter5] Gen:14 Ind:12 RMSE(val)=108176.717241
[GA][Iter5] Gen:14 Ind:13 RMSE(val)=108177.680178
[GA][Iter5] Gen:14 Ind:14 RMSE(val)=108461.591705
[GA][Iter5] Gen:14 Ind:15 RMSE(val)=108532.440314
[GA][Iter5] Gen:14 Ind:16 RMSE(val)=108198.076272
[GA][Iter5] Gen:14 Ind:17 RMSE(val)=108213.088881
[GA][Iter5] Gen:14 Ind:18 RMSE(val)=108781.639677
[GA][Iter5] Gen:14 Ind:19 RMSE(val)=108248.641253
[GA][Iter5] Gen:14 Ind:20 RMSE(val)=108259.406802
[GA][Iter5] gen=14 best_val_rmse=107960.055940
[GA][Iter5] Gen:15 Ind:1 RMSE(val)=107960.055940
[GA][Iter5] Gen:15 Ind:2 RMSE(val)=107970.094474
[GA][Iter5] Gen:15 Ind:3 RMSE(val)=108107.972045
[GA][Iter5] Gen:15 Ind:4 RMSE(val)=108171.041768
[GA][Iter5] Gen:15 Ind:5 RMSE(val)=108175.008954
[GA][Iter5] Gen:15 Ind:6 RMSE(val)=108176.717241
[GA][Iter5] Gen:15 Ind:7 RMSE(val)=108177.680178
[GA][Iter5] Gen:15 Ind:8 RMSE(val)=108190.089887
[GA][Iter5] Gen:15 Ind:9 RMSE(val)=108190.570188
[GA][Iter5] Gen:15 Ind:10 RMSE(val)=108190.570188
[GA][Iter5] Gen:15 Ind:11 RMSE(val)=108578.175387
[GA][Iter5] Gen:15 Ind:12 RMSE(val)=108237.695832
[GA][Iter5] Gen:15 Ind:13 RMSE(val)=108801.524470
[GA][Iter5] Gen:15 Ind:14 RMSE(val)=108190.570188
[GA][Iter5] Gen:15 Ind:15 RMSE(val)=108621.458117
[GA][Iter5] Gen:15 Ind:16 RMSE(val)=108175.008954
[GA][Iter5] Gen:15 Ind:17 RMSE(val)=108624.837956
[GA][Iter5] Gen:15 Ind:18 RMSE(val)=108177.680178
[GA][Iter5] Gen:15 Ind:19 RMSE(val)=108099.285796
[GA][Iter5] Gen:15 Ind:20 RMSE(val)=108681.695520
[GA][Iter5] gen=15 best_val_rmse=107960.055940
[GA][Iter5] Gen:15 Ind:1 RMSE(val)=107960.055940
[GA][Iter5] Gen:15 Ind:2 RMSE(val)=107970.094474
[GA][Iter5] Gen:15 Ind:3 RMSE(val)=108099.285796
[GA][Iter5] Gen:15 Ind:4 RMSE(val)=108107.972045
[GA][Iter5] Gen:15 Ind:5 RMSE(val)=108171.041768
[GA][Iter5] Gen:15 Ind:6 RMSE(val)=108175.008954
[GA][Iter5] Gen:15 Ind:7 RMSE(val)=108175.008954
[GA][Iter5] Gen:15 Ind:8 RMSE(val)=108176.717241
[GA][Iter5] Gen:15 Ind:9 RMSE(val)=108177.680178
[GA][Iter5] Gen:15 Ind:10 RMSE(val)=108177.680178
[GA][Iter5] Gen:15 Ind:11 RMSE(val)=108049.663925
[GA][Iter5] Gen:15 Ind:12 RMSE(val)=108593.789115
[GA][Iter5] Gen:15 Ind:13 RMSE(val)=108177.680178
[GA][Iter5] Gen:15 Ind:14 RMSE(val)=108714.704143
[GA][Iter5] Gen:15 Ind:15 RMSE(val)=108460.355239
[GA][Iter5] Gen:15 Ind:16 RMSE(val)=108628.749899
[GA][Iter5] Gen:15 Ind:17 RMSE(val)=108389.029964
[GA][Iter5] Gen:15 Ind:18 RMSE(val)=108269.543815
[GA][Iter5] Gen:15 Ind:19 RMSE(val)=108184.201597
[GA][Iter5] Gen:15 Ind:20 RMSE(val)=108967.067404

[GA DONE][Iter5] Best params on val fold of Iter5
Best val RMSE: 107960.055940
Best params: {'n_estimators': 993, 'learning_rate': 0.07481187505307113, 'max_depth': 3, 'min_child_weight': 8.395274100088626, 'subsample': 0.8715999690411856, 'colsample_bytree': 0.6916192287856417, 'reg_lambda': 0.9865622392133824, 'reg_alpha': 0.07107604108991697, 'gamma': 0.05283240309568377}
--------------------------------------------------------------------------------
[RETUNE GA] Iter5: train folds 1..9 -> test fold 10  RMSE=113247.815296  NRMSE=0.985197  CVRMSE=9.050484  R2=0.020642
