=== BASELINE (project=daos, last-7 mean, expanding folds) ===
Iter1: train folds 1..5 -> test fold 6  RMSE=1124.3506  NRMSE=0.9023  CVRMSE=0.3906  R˛=0.1843
Iter2: train folds 1..6 -> test fold 7  RMSE=1073.7679  NRMSE=0.9093  CVRMSE=0.4079  R˛=0.1717
Iter3: train folds 1..7 -> test fold 8  RMSE=1103.3863  NRMSE=0.9525  CVRMSE=0.3848  R˛=0.0911
Iter4: train folds 1..8 -> test fold 9  RMSE=1098.0451  NRMSE=0.9484  CVRMSE=0.4267  R˛=0.0988
Iter5: train folds 1..9 -> test fold 10  RMSE=1315.4961  NRMSE=0.9493  CVRMSE=0.4352  R˛=0.0972
--------------------------------------------------
[FEATURES] initial=197 kept_after_screening=127
['issuer_name', 'branch', 'run_attempt', 'total_builds', 'workflow_size', 'gh_sloc', 'total_jobs', 'gh_files_added', 'gh_files_deleted', 'gh_tests_deleted', 'gh_src_files', 'docker_compose_changed', 'git_commits', 'gh_num_pr_comments', 'hour', 'dow', 'month', 'secs_since_prev', 'duration_lag_1', 'duration_lag_4', 'duration_lag_5', 'duration_lag_6', 'duration_lag_7', 'window_avg_7', 'window_std_3', 'ft___04_', 'ft___15_', 'ft___binpb_', 'ft___c_', 'ft___c__', 'ft___conf_', 'ft___conf__', 'ft___config_', 'ft___config__', 'ft___c____dup1', 'ft___default_', 'ft___default__', 'ft___dict_', 'ft___dict__', 'ft___diff_', 'ft___dirs__', 'ft___env_', 'ft___env__', 'ft___example_', 'ft___go___', 'ft___h_', 'ft___h__', 'ft___install_', 'ft___install__', 'ft___j2_', 'ft___md_', 'ft___md__', 'ft___mk_', 'ft___mk__', 'ft___mod__', 'ft___patch_', 'ft___patch__', 'ft___postinst__', 'ft___preinst_', 'ft___proto_', 'ft___proto__', 'ft___py__', 'ft___rpmlintrc__', 'ft___s_', 'ft___sh__', 'ft___sh____dup1', 'ft___spec_', 'ft___sum_', 'ft___sum__', 'ft___supp_', 'ft___supp__', 'ft___toml_', 'ft___txt_', 'ft___xml_', 'ft___yaml_', 'ft___yaml__', 'ft___yaml____dup1', 'ft___yml_', 'ft___yml__', 'ft___yml____dup1', 'ft____04_', 'ft____8_', 'ft____c_', 'ft____c__', 'ft____config_', 'ft____config__', 'ft____dict_', 'ft____dict__', 'ft____dirs__', 'ft____go_', 'ft____go__', 'ft____google_', 'ft____google__', 'ft____h__', 'ft____j2__', 'ft____md_', 'ft____md__', 'ft____mk_', 'ft____mockbuild__', 'ft____mod__', 'ft____patch_', 'ft____patch__', 'ft____proto__', 'ft____py_', 'ft____py__', 'ft____py____dup1', 'ft____rolling_', 'ft____rpmlintrc__', 'ft____sh_', 'ft____sh__', 'ft____spec_', 'ft____spec__', 'ft____supp_', 'ft____supp__', 'ft____test_summary__', 'ft____toml_', 'ft____txt_', 'ft____txt__', 'ft____ubuntu_', 'ft____ubuntu__', 'ft____xml__', 'ft____yaml_', 'ft____yaml__', 'ft____yaml____dup1', 'ft____yml_', 'ft____yml__', 'ft___']
--------------------------------------------------------------------------------
[GA][Iter1] Gen:1 Ind:1 RMSE(val)=61706.736745
[GA][Iter1] Gen:1 Ind:2 RMSE(val)=61705.842043
[GA][Iter1] Gen:1 Ind:3 RMSE(val)=61705.057996
[GA][Iter1] Gen:1 Ind:4 RMSE(val)=61704.791537
[GA][Iter1] Gen:1 Ind:5 RMSE(val)=61705.420102
[GA][Iter1] Gen:1 Ind:6 RMSE(val)=61704.674337
[GA][Iter1] Gen:1 Ind:7 RMSE(val)=61704.815940
[GA][Iter1] Gen:1 Ind:8 RMSE(val)=61704.914798
[GA][Iter1] Gen:1 Ind:9 RMSE(val)=61705.426899
[GA][Iter1] Gen:1 Ind:10 RMSE(val)=61707.431750
[GA][Iter1] Gen:1 Ind:11 RMSE(val)=61705.089107
[GA][Iter1] Gen:1 Ind:12 RMSE(val)=61708.052399
[GA][Iter1] Gen:1 Ind:13 RMSE(val)=61705.058586
[GA][Iter1] Gen:1 Ind:14 RMSE(val)=61705.855026
[GA][Iter1] Gen:1 Ind:15 RMSE(val)=61706.406616
[GA][Iter1] Gen:1 Ind:16 RMSE(val)=61704.840800
[GA][Iter1] Gen:1 Ind:17 RMSE(val)=61706.091340
[GA][Iter1] Gen:1 Ind:18 RMSE(val)=61706.250762
[GA][Iter1] Gen:1 Ind:19 RMSE(val)=61704.639915
[GA][Iter1] Gen:1 Ind:20 RMSE(val)=61705.283107
[GA][Iter1] gen=1 best_val_rmse=61704.639915
[GA][Iter1] Gen:2 Ind:1 RMSE(val)=61704.639915
[GA][Iter1] Gen:2 Ind:2 RMSE(val)=61704.674337
[GA][Iter1] Gen:2 Ind:3 RMSE(val)=61704.791537
[GA][Iter1] Gen:2 Ind:4 RMSE(val)=61704.815940
[GA][Iter1] Gen:2 Ind:5 RMSE(val)=61704.840800
[GA][Iter1] Gen:2 Ind:6 RMSE(val)=61704.914798
[GA][Iter1] Gen:2 Ind:7 RMSE(val)=61705.057996
[GA][Iter1] Gen:2 Ind:8 RMSE(val)=61705.058586
[GA][Iter1] Gen:2 Ind:9 RMSE(val)=61705.089107
[GA][Iter1] Gen:2 Ind:10 RMSE(val)=61705.283107
[GA][Iter1] Gen:2 Ind:11 RMSE(val)=61706.011724
[GA][Iter1] Gen:2 Ind:12 RMSE(val)=61704.849763
[GA][Iter1] Gen:2 Ind:13 RMSE(val)=61704.991132
[GA][Iter1] Gen:2 Ind:14 RMSE(val)=61705.282572
[GA][Iter1] Gen:2 Ind:15 RMSE(val)=61704.561489
[GA][Iter1] Gen:2 Ind:16 RMSE(val)=61705.327997
[GA][Iter1] Gen:2 Ind:17 RMSE(val)=61704.654032
[GA][Iter1] Gen:2 Ind:18 RMSE(val)=61704.792636
[GA][Iter1] Gen:2 Ind:19 RMSE(val)=61704.794231
[GA][Iter1] Gen:2 Ind:20 RMSE(val)=61705.190229
[GA][Iter1] gen=2 best_val_rmse=61704.561489
[GA][Iter1] Gen:3 Ind:1 RMSE(val)=61704.561489
[GA][Iter1] Gen:3 Ind:2 RMSE(val)=61704.639915
[GA][Iter1] Gen:3 Ind:3 RMSE(val)=61704.654032
[GA][Iter1] Gen:3 Ind:4 RMSE(val)=61704.674337
[GA][Iter1] Gen:3 Ind:5 RMSE(val)=61704.791537
[GA][Iter1] Gen:3 Ind:6 RMSE(val)=61704.792636
[GA][Iter1] Gen:3 Ind:7 RMSE(val)=61704.794231
[GA][Iter1] Gen:3 Ind:8 RMSE(val)=61704.815940
[GA][Iter1] Gen:3 Ind:9 RMSE(val)=61704.840800
[GA][Iter1] Gen:3 Ind:10 RMSE(val)=61704.849763
[GA][Iter1] Gen:3 Ind:11 RMSE(val)=61705.030288
[GA][Iter1] Gen:3 Ind:12 RMSE(val)=61704.404977
[GA][Iter1] Gen:3 Ind:13 RMSE(val)=61704.919686
[GA][Iter1] Gen:3 Ind:14 RMSE(val)=61704.688954
[GA][Iter1] Gen:3 Ind:15 RMSE(val)=61704.866721
[GA][Iter1] Gen:3 Ind:16 RMSE(val)=61704.783163
[GA][Iter1] Gen:3 Ind:17 RMSE(val)=61705.068552
[GA][Iter1] Gen:3 Ind:18 RMSE(val)=61704.792075
[GA][Iter1] Gen:3 Ind:19 RMSE(val)=61705.142059
[GA][Iter1] Gen:3 Ind:20 RMSE(val)=61704.883424
[GA][Iter1] gen=3 best_val_rmse=61704.404977
[GA][Iter1] Gen:4 Ind:1 RMSE(val)=61704.404977
[GA][Iter1] Gen:4 Ind:2 RMSE(val)=61704.561489
[GA][Iter1] Gen:4 Ind:3 RMSE(val)=61704.639915
[GA][Iter1] Gen:4 Ind:4 RMSE(val)=61704.654032
[GA][Iter1] Gen:4 Ind:5 RMSE(val)=61704.674337
[GA][Iter1] Gen:4 Ind:6 RMSE(val)=61704.688954
[GA][Iter1] Gen:4 Ind:7 RMSE(val)=61704.783163
[GA][Iter1] Gen:4 Ind:8 RMSE(val)=61704.791537
[GA][Iter1] Gen:4 Ind:9 RMSE(val)=61704.792075
[GA][Iter1] Gen:4 Ind:10 RMSE(val)=61704.792636
[GA][Iter1] Gen:4 Ind:11 RMSE(val)=61704.806474
[GA][Iter1] Gen:4 Ind:12 RMSE(val)=61704.668777
[GA][Iter1] Gen:4 Ind:13 RMSE(val)=61705.530104
[GA][Iter1] Gen:4 Ind:14 RMSE(val)=61705.036336
[GA][Iter1] Gen:4 Ind:15 RMSE(val)=61704.913333
[GA][Iter1] Gen:4 Ind:16 RMSE(val)=61704.952123
[GA][Iter1] Gen:4 Ind:17 RMSE(val)=61704.608675
[GA][Iter1] Gen:4 Ind:18 RMSE(val)=61704.691964
[GA][Iter1] Gen:4 Ind:19 RMSE(val)=61704.700854
[GA][Iter1] Gen:4 Ind:20 RMSE(val)=61704.518021
[GA][Iter1] gen=4 best_val_rmse=61704.404977
[GA][Iter1] Gen:5 Ind:1 RMSE(val)=61704.404977
[GA][Iter1] Gen:5 Ind:2 RMSE(val)=61704.518021
[GA][Iter1] Gen:5 Ind:3 RMSE(val)=61704.561489
[GA][Iter1] Gen:5 Ind:4 RMSE(val)=61704.608675
[GA][Iter1] Gen:5 Ind:5 RMSE(val)=61704.639915
[GA][Iter1] Gen:5 Ind:6 RMSE(val)=61704.654032
[GA][Iter1] Gen:5 Ind:7 RMSE(val)=61704.668777
[GA][Iter1] Gen:5 Ind:8 RMSE(val)=61704.674337
[GA][Iter1] Gen:5 Ind:9 RMSE(val)=61704.688954
[GA][Iter1] Gen:5 Ind:10 RMSE(val)=61704.691964
[GA][Iter1] Gen:5 Ind:11 RMSE(val)=61704.895299
[GA][Iter1] Gen:5 Ind:12 RMSE(val)=61704.975247
[GA][Iter1] Gen:5 Ind:13 RMSE(val)=61704.496163
[GA][Iter1] Gen:5 Ind:14 RMSE(val)=61704.508726
[GA][Iter1] Gen:5 Ind:15 RMSE(val)=61704.626877
[GA][Iter1] Gen:5 Ind:16 RMSE(val)=61705.210926
[GA][Iter1] Gen:5 Ind:17 RMSE(val)=61704.729801
[GA][Iter1] Gen:5 Ind:18 RMSE(val)=61704.512435
[GA][Iter1] Gen:5 Ind:19 RMSE(val)=61704.562719
[GA][Iter1] Gen:5 Ind:20 RMSE(val)=61704.724658
[GA][Iter1] gen=5 best_val_rmse=61704.404977
[GA][Iter1] Gen:6 Ind:1 RMSE(val)=61704.404977
[GA][Iter1] Gen:6 Ind:2 RMSE(val)=61704.496163
[GA][Iter1] Gen:6 Ind:3 RMSE(val)=61704.508726
[GA][Iter1] Gen:6 Ind:4 RMSE(val)=61704.512435
[GA][Iter1] Gen:6 Ind:5 RMSE(val)=61704.518021
[GA][Iter1] Gen:6 Ind:6 RMSE(val)=61704.561489
[GA][Iter1] Gen:6 Ind:7 RMSE(val)=61704.562719
[GA][Iter1] Gen:6 Ind:8 RMSE(val)=61704.608675
[GA][Iter1] Gen:6 Ind:9 RMSE(val)=61704.626877
[GA][Iter1] Gen:6 Ind:10 RMSE(val)=61704.639915
[GA][Iter1] Gen:6 Ind:11 RMSE(val)=61704.751661
[GA][Iter1] Gen:6 Ind:12 RMSE(val)=61704.506107
[GA][Iter1] Gen:6 Ind:13 RMSE(val)=61704.750663
[GA][Iter1] Gen:6 Ind:14 RMSE(val)=61705.073801
[GA][Iter1] Gen:6 Ind:15 RMSE(val)=61704.913055
[GA][Iter1] Gen:6 Ind:16 RMSE(val)=61704.767165
[GA][Iter1] Gen:6 Ind:17 RMSE(val)=61705.048949
[GA][Iter1] Gen:6 Ind:18 RMSE(val)=61704.620254
[GA][Iter1] Gen:6 Ind:19 RMSE(val)=61704.922505
[GA][Iter1] Gen:6 Ind:20 RMSE(val)=61704.576485
[GA][Iter1] gen=6 best_val_rmse=61704.404977
[GA][Iter1] Gen:7 Ind:1 RMSE(val)=61704.404977
[GA][Iter1] Gen:7 Ind:2 RMSE(val)=61704.496163
[GA][Iter1] Gen:7 Ind:3 RMSE(val)=61704.506107
[GA][Iter1] Gen:7 Ind:4 RMSE(val)=61704.508726
[GA][Iter1] Gen:7 Ind:5 RMSE(val)=61704.512435
[GA][Iter1] Gen:7 Ind:6 RMSE(val)=61704.518021
[GA][Iter1] Gen:7 Ind:7 RMSE(val)=61704.561489
[GA][Iter1] Gen:7 Ind:8 RMSE(val)=61704.562719
[GA][Iter1] Gen:7 Ind:9 RMSE(val)=61704.576485
[GA][Iter1] Gen:7 Ind:10 RMSE(val)=61704.608675
[GA][Iter1] Gen:7 Ind:11 RMSE(val)=61704.782074
[GA][Iter1] Gen:7 Ind:12 RMSE(val)=61704.562719
[GA][Iter1] Gen:7 Ind:13 RMSE(val)=61704.875258
[GA][Iter1] Gen:7 Ind:14 RMSE(val)=61704.659118
[GA][Iter1] Gen:7 Ind:15 RMSE(val)=61704.921495
[GA][Iter1] Gen:7 Ind:16 RMSE(val)=61704.594045
[GA][Iter1] Gen:7 Ind:17 RMSE(val)=61704.554706
[GA][Iter1] Gen:7 Ind:18 RMSE(val)=61704.463817
[GA][Iter1] Gen:7 Ind:19 RMSE(val)=61704.645223
[GA][Iter1] Gen:7 Ind:20 RMSE(val)=61704.826443
[GA][Iter1] gen=7 best_val_rmse=61704.404977
[GA][Iter1] Gen:8 Ind:1 RMSE(val)=61704.404977
[GA][Iter1] Gen:8 Ind:2 RMSE(val)=61704.463817
[GA][Iter1] Gen:8 Ind:3 RMSE(val)=61704.496163
[GA][Iter1] Gen:8 Ind:4 RMSE(val)=61704.506107
[GA][Iter1] Gen:8 Ind:5 RMSE(val)=61704.508726
[GA][Iter1] Gen:8 Ind:6 RMSE(val)=61704.512435
[GA][Iter1] Gen:8 Ind:7 RMSE(val)=61704.518021
[GA][Iter1] Gen:8 Ind:8 RMSE(val)=61704.554706
[GA][Iter1] Gen:8 Ind:9 RMSE(val)=61704.561489
[GA][Iter1] Gen:8 Ind:10 RMSE(val)=61704.562719
[GA][Iter1] Gen:8 Ind:11 RMSE(val)=61704.507292
[GA][Iter1] Gen:8 Ind:12 RMSE(val)=61704.892872
[GA][Iter1] Gen:8 Ind:13 RMSE(val)=61704.520026
[GA][Iter1] Gen:8 Ind:14 RMSE(val)=61704.523502
[GA][Iter1] Gen:8 Ind:15 RMSE(val)=61704.506107
[GA][Iter1] Gen:8 Ind:16 RMSE(val)=61704.820458
[GA][Iter1] Gen:8 Ind:17 RMSE(val)=61704.519276
[GA][Iter1] Gen:8 Ind:18 RMSE(val)=61704.700545
[GA][Iter1] Gen:8 Ind:19 RMSE(val)=61705.050986
[GA][Iter1] Gen:8 Ind:20 RMSE(val)=61705.077050
[GA][Iter1] gen=8 best_val_rmse=61704.404977
[GA][Iter1] Gen:9 Ind:1 RMSE(val)=61704.404977
[GA][Iter1] Gen:9 Ind:2 RMSE(val)=61704.463817
[GA][Iter1] Gen:9 Ind:3 RMSE(val)=61704.496163
[GA][Iter1] Gen:9 Ind:4 RMSE(val)=61704.506107
[GA][Iter1] Gen:9 Ind:5 RMSE(val)=61704.506107
[GA][Iter1] Gen:9 Ind:6 RMSE(val)=61704.507292
[GA][Iter1] Gen:9 Ind:7 RMSE(val)=61704.508726
[GA][Iter1] Gen:9 Ind:8 RMSE(val)=61704.512435
[GA][Iter1] Gen:9 Ind:9 RMSE(val)=61704.518021
[GA][Iter1] Gen:9 Ind:10 RMSE(val)=61704.519276
[GA][Iter1] Gen:9 Ind:11 RMSE(val)=61704.508726
[GA][Iter1] Gen:9 Ind:12 RMSE(val)=61704.519760
[GA][Iter1] Gen:9 Ind:13 RMSE(val)=61704.611717
[GA][Iter1] Gen:9 Ind:14 RMSE(val)=61704.516349
[GA][Iter1] Gen:9 Ind:15 RMSE(val)=61704.583090
[GA][Iter1] Gen:9 Ind:16 RMSE(val)=61704.866522
[GA][Iter1] Gen:9 Ind:17 RMSE(val)=61704.506107
[GA][Iter1] Gen:9 Ind:18 RMSE(val)=61704.506107
[GA][Iter1] Gen:9 Ind:19 RMSE(val)=61704.514221
[GA][Iter1] Gen:9 Ind:20 RMSE(val)=61704.674106
[GA][Iter1] gen=9 best_val_rmse=61704.404977
[GA][Iter1] Gen:10 Ind:1 RMSE(val)=61704.404977
[GA][Iter1] Gen:10 Ind:2 RMSE(val)=61704.463817
[GA][Iter1] Gen:10 Ind:3 RMSE(val)=61704.496163
[GA][Iter1] Gen:10 Ind:4 RMSE(val)=61704.506107
[GA][Iter1] Gen:10 Ind:5 RMSE(val)=61704.506107
[GA][Iter1] Gen:10 Ind:6 RMSE(val)=61704.506107
[GA][Iter1] Gen:10 Ind:7 RMSE(val)=61704.506107
[GA][Iter1] Gen:10 Ind:8 RMSE(val)=61704.507292
[GA][Iter1] Gen:10 Ind:9 RMSE(val)=61704.508726
[GA][Iter1] Gen:10 Ind:10 RMSE(val)=61704.508726
[GA][Iter1] Gen:10 Ind:11 RMSE(val)=61704.236156
[GA][Iter1] Gen:10 Ind:12 RMSE(val)=61704.506028
[GA][Iter1] Gen:10 Ind:13 RMSE(val)=61705.090289
[GA][Iter1] Gen:10 Ind:14 RMSE(val)=61704.506107
[GA][Iter1] Gen:10 Ind:15 RMSE(val)=61704.791365
[GA][Iter1] Gen:10 Ind:16 RMSE(val)=61704.508726
[GA][Iter1] Gen:10 Ind:17 RMSE(val)=61704.525769
[GA][Iter1] Gen:10 Ind:18 RMSE(val)=61704.507292
[GA][Iter1] Gen:10 Ind:19 RMSE(val)=61704.463817
[GA][Iter1] Gen:10 Ind:20 RMSE(val)=61704.506107
[GA][Iter1] gen=10 best_val_rmse=61704.236156
[GA][Iter1] Gen:11 Ind:1 RMSE(val)=61704.236156
[GA][Iter1] Gen:11 Ind:2 RMSE(val)=61704.404977
[GA][Iter1] Gen:11 Ind:3 RMSE(val)=61704.463817
[GA][Iter1] Gen:11 Ind:4 RMSE(val)=61704.463817
[GA][Iter1] Gen:11 Ind:5 RMSE(val)=61704.496163
[GA][Iter1] Gen:11 Ind:6 RMSE(val)=61704.506028
[GA][Iter1] Gen:11 Ind:7 RMSE(val)=61704.506107
[GA][Iter1] Gen:11 Ind:8 RMSE(val)=61704.506107
[GA][Iter1] Gen:11 Ind:9 RMSE(val)=61704.506107
[GA][Iter1] Gen:11 Ind:10 RMSE(val)=61704.506107
[GA][Iter1] Gen:11 Ind:11 RMSE(val)=61704.464100
[GA][Iter1] Gen:11 Ind:12 RMSE(val)=61704.529130
[GA][Iter1] Gen:11 Ind:13 RMSE(val)=61704.505171
[GA][Iter1] Gen:11 Ind:14 RMSE(val)=61704.505171
[GA][Iter1] Gen:11 Ind:15 RMSE(val)=61704.588140
[GA][Iter1] Gen:11 Ind:16 RMSE(val)=61704.463817
[GA][Iter1] Gen:11 Ind:17 RMSE(val)=61704.453561
[GA][Iter1] Gen:11 Ind:18 RMSE(val)=61704.485570
[GA][Iter1] Gen:11 Ind:19 RMSE(val)=61704.600930
[GA][Iter1] Gen:11 Ind:20 RMSE(val)=61704.635993
[GA][Iter1] gen=11 best_val_rmse=61704.236156
[GA][Iter1] Gen:12 Ind:1 RMSE(val)=61704.236156
[GA][Iter1] Gen:12 Ind:2 RMSE(val)=61704.404977
[GA][Iter1] Gen:12 Ind:3 RMSE(val)=61704.453561
[GA][Iter1] Gen:12 Ind:4 RMSE(val)=61704.463817
[GA][Iter1] Gen:12 Ind:5 RMSE(val)=61704.463817
[GA][Iter1] Gen:12 Ind:6 RMSE(val)=61704.463817
[GA][Iter1] Gen:12 Ind:7 RMSE(val)=61704.464100
[GA][Iter1] Gen:12 Ind:8 RMSE(val)=61704.485570
[GA][Iter1] Gen:12 Ind:9 RMSE(val)=61704.496163
[GA][Iter1] Gen:12 Ind:10 RMSE(val)=61704.505171
[GA][Iter1] Gen:12 Ind:11 RMSE(val)=61704.464929
[GA][Iter1] Gen:12 Ind:12 RMSE(val)=61704.305622
[GA][Iter1] Gen:12 Ind:13 RMSE(val)=61704.676750
[GA][Iter1] Gen:12 Ind:14 RMSE(val)=61704.707463
[GA][Iter1] Gen:12 Ind:15 RMSE(val)=61704.588145
[GA][Iter1] Gen:12 Ind:16 RMSE(val)=61704.873990
[GA][Iter1] Gen:12 Ind:17 RMSE(val)=61704.526042
[GA][Iter1] Gen:12 Ind:18 RMSE(val)=61704.516581
[GA][Iter1] Gen:12 Ind:19 RMSE(val)=61704.438728
[GA][Iter1] Gen:12 Ind:20 RMSE(val)=61704.991149
[GA][Iter1] gen=12 best_val_rmse=61704.236156
[GA][Iter1] Gen:13 Ind:1 RMSE(val)=61704.236156
[GA][Iter1] Gen:13 Ind:2 RMSE(val)=61704.305622
[GA][Iter1] Gen:13 Ind:3 RMSE(val)=61704.404977
[GA][Iter1] Gen:13 Ind:4 RMSE(val)=61704.438728
[GA][Iter1] Gen:13 Ind:5 RMSE(val)=61704.453561
[GA][Iter1] Gen:13 Ind:6 RMSE(val)=61704.463817
[GA][Iter1] Gen:13 Ind:7 RMSE(val)=61704.463817
[GA][Iter1] Gen:13 Ind:8 RMSE(val)=61704.463817
[GA][Iter1] Gen:13 Ind:9 RMSE(val)=61704.464100
[GA][Iter1] Gen:13 Ind:10 RMSE(val)=61704.464929
[GA][Iter1] Gen:13 Ind:11 RMSE(val)=61704.305622
[GA][Iter1] Gen:13 Ind:12 RMSE(val)=61704.506028
[GA][Iter1] Gen:13 Ind:13 RMSE(val)=61704.359073
[GA][Iter1] Gen:13 Ind:14 RMSE(val)=61704.463817
[GA][Iter1] Gen:13 Ind:15 RMSE(val)=61704.378999
[GA][Iter1] Gen:13 Ind:16 RMSE(val)=61704.305622
[GA][Iter1] Gen:13 Ind:17 RMSE(val)=61704.331845
[GA][Iter1] Gen:13 Ind:18 RMSE(val)=61705.002945
[GA][Iter1] Gen:13 Ind:19 RMSE(val)=61704.463817
[GA][Iter1] Gen:13 Ind:20 RMSE(val)=61704.464929
[GA][Iter1] gen=13 best_val_rmse=61704.236156
[GA][Iter1] Gen:14 Ind:1 RMSE(val)=61704.236156
[GA][Iter1] Gen:14 Ind:2 RMSE(val)=61704.305622
[GA][Iter1] Gen:14 Ind:3 RMSE(val)=61704.305622
[GA][Iter1] Gen:14 Ind:4 RMSE(val)=61704.305622
[GA][Iter1] Gen:14 Ind:5 RMSE(val)=61704.331845
[GA][Iter1] Gen:14 Ind:6 RMSE(val)=61704.359073
[GA][Iter1] Gen:14 Ind:7 RMSE(val)=61704.378999
[GA][Iter1] Gen:14 Ind:8 RMSE(val)=61704.404977
[GA][Iter1] Gen:14 Ind:9 RMSE(val)=61704.438728
[GA][Iter1] Gen:14 Ind:10 RMSE(val)=61704.453561
[GA][Iter1] Gen:14 Ind:11 RMSE(val)=61704.769738
[GA][Iter1] Gen:14 Ind:12 RMSE(val)=61705.065236
[GA][Iter1] Gen:14 Ind:13 RMSE(val)=61704.510836
[GA][Iter1] Gen:14 Ind:14 RMSE(val)=61704.305622
[GA][Iter1] Gen:14 Ind:15 RMSE(val)=61704.447852
[GA][Iter1] Gen:14 Ind:16 RMSE(val)=61704.661099
[GA][Iter1] Gen:14 Ind:17 RMSE(val)=61704.908977
[GA][Iter1] Gen:14 Ind:18 RMSE(val)=61704.305622
[GA][Iter1] Gen:14 Ind:19 RMSE(val)=61704.265299
[GA][Iter1] Gen:14 Ind:20 RMSE(val)=61705.107541
[GA][Iter1] gen=14 best_val_rmse=61704.236156
[GA][Iter1] Gen:15 Ind:1 RMSE(val)=61704.236156
[GA][Iter1] Gen:15 Ind:2 RMSE(val)=61704.265299
[GA][Iter1] Gen:15 Ind:3 RMSE(val)=61704.305622
[GA][Iter1] Gen:15 Ind:4 RMSE(val)=61704.305622
[GA][Iter1] Gen:15 Ind:5 RMSE(val)=61704.305622
[GA][Iter1] Gen:15 Ind:6 RMSE(val)=61704.305622
[GA][Iter1] Gen:15 Ind:7 RMSE(val)=61704.305622
[GA][Iter1] Gen:15 Ind:8 RMSE(val)=61704.331845
[GA][Iter1] Gen:15 Ind:9 RMSE(val)=61704.359073
[GA][Iter1] Gen:15 Ind:10 RMSE(val)=61704.378999
[GA][Iter1] Gen:15 Ind:11 RMSE(val)=61704.518321
[GA][Iter1] Gen:15 Ind:12 RMSE(val)=61704.588501
[GA][Iter1] Gen:15 Ind:13 RMSE(val)=61704.359073
[GA][Iter1] Gen:15 Ind:14 RMSE(val)=61704.962276
[GA][Iter1] Gen:15 Ind:15 RMSE(val)=61704.312890
[GA][Iter1] Gen:15 Ind:16 RMSE(val)=61704.265299
[GA][Iter1] Gen:15 Ind:17 RMSE(val)=61704.305622
[GA][Iter1] Gen:15 Ind:18 RMSE(val)=61704.337205
[GA][Iter1] Gen:15 Ind:19 RMSE(val)=61704.305622
[GA][Iter1] Gen:15 Ind:20 RMSE(val)=61704.265299
[GA][Iter1] gen=15 best_val_rmse=61704.236156
[GA][Iter1] Gen:15 Ind:1 RMSE(val)=61704.236156
[GA][Iter1] Gen:15 Ind:2 RMSE(val)=61704.265299
[GA][Iter1] Gen:15 Ind:3 RMSE(val)=61704.265299
[GA][Iter1] Gen:15 Ind:4 RMSE(val)=61704.265299
[GA][Iter1] Gen:15 Ind:5 RMSE(val)=61704.305622
[GA][Iter1] Gen:15 Ind:6 RMSE(val)=61704.305622
[GA][Iter1] Gen:15 Ind:7 RMSE(val)=61704.305622
[GA][Iter1] Gen:15 Ind:8 RMSE(val)=61704.305622
[GA][Iter1] Gen:15 Ind:9 RMSE(val)=61704.305622
[GA][Iter1] Gen:15 Ind:10 RMSE(val)=61704.305622
[GA][Iter1] Gen:15 Ind:11 RMSE(val)=61704.305622
[GA][Iter1] Gen:15 Ind:12 RMSE(val)=61704.331845
[GA][Iter1] Gen:15 Ind:13 RMSE(val)=61704.305622
[GA][Iter1] Gen:15 Ind:14 RMSE(val)=61704.265299
[GA][Iter1] Gen:15 Ind:15 RMSE(val)=61704.305622
[GA][Iter1] Gen:15 Ind:16 RMSE(val)=61704.214560
[GA][Iter1] Gen:15 Ind:17 RMSE(val)=61704.265299
[GA][Iter1] Gen:15 Ind:18 RMSE(val)=61704.268104
[GA][Iter1] Gen:15 Ind:19 RMSE(val)=61704.305289
[GA][Iter1] Gen:15 Ind:20 RMSE(val)=61704.350767

[GA DONE][Iter1] Best params on val fold of Iter1
Best val RMSE: 61704.214560
Best params: {'n_estimators': 1027, 'learning_rate': 0.05885535029978782, 'max_depth': 8, 'min_child_weight': 14.780194896821122, 'subsample': 0.9168970045521447, 'colsample_bytree': 0.8538755839505056, 'reg_lambda': 0.848277560099446, 'reg_alpha': 0.06964011595623916, 'gamma': 3.392664524912924}
--------------------------------------------------------------------------------
[RETUNE GA] Iter1: train folds 1..5 -> test fold 6  RMSE=863.086326  NRMSE=0.692640  CVRMSE=0.299832  R2=0.519366
[GA][Iter2] Gen:1 Ind:1 RMSE(val)=768.478392
[GA][Iter2] Gen:1 Ind:2 RMSE(val)=834.004202
[GA][Iter2] Gen:1 Ind:3 RMSE(val)=749.858296
[GA][Iter2] Gen:1 Ind:4 RMSE(val)=921.352401
[GA][Iter2] Gen:1 Ind:5 RMSE(val)=788.448126
[GA][Iter2] Gen:1 Ind:6 RMSE(val)=729.073684
[GA][Iter2] Gen:1 Ind:7 RMSE(val)=918.684870
[GA][Iter2] Gen:1 Ind:8 RMSE(val)=748.527137
[GA][Iter2] Gen:1 Ind:9 RMSE(val)=746.440592
[GA][Iter2] Gen:1 Ind:10 RMSE(val)=744.469825
[GA][Iter2] Gen:1 Ind:11 RMSE(val)=910.076987
[GA][Iter2] Gen:1 Ind:12 RMSE(val)=729.097386
[GA][Iter2] Gen:1 Ind:13 RMSE(val)=870.659502
[GA][Iter2] Gen:1 Ind:14 RMSE(val)=740.223968
[GA][Iter2] Gen:1 Ind:15 RMSE(val)=713.813581
[GA][Iter2] Gen:1 Ind:16 RMSE(val)=894.632496
[GA][Iter2] Gen:1 Ind:17 RMSE(val)=771.068678
[GA][Iter2] Gen:1 Ind:18 RMSE(val)=723.411197
[GA][Iter2] Gen:1 Ind:19 RMSE(val)=737.142195
[GA][Iter2] Gen:1 Ind:20 RMSE(val)=756.962182
[GA][Iter2] gen=1 best_val_rmse=713.813581
[GA][Iter2] Gen:2 Ind:1 RMSE(val)=713.813581
[GA][Iter2] Gen:2 Ind:2 RMSE(val)=723.411197
[GA][Iter2] Gen:2 Ind:3 RMSE(val)=729.073684
[GA][Iter2] Gen:2 Ind:4 RMSE(val)=729.097386
[GA][Iter2] Gen:2 Ind:5 RMSE(val)=737.142195
[GA][Iter2] Gen:2 Ind:6 RMSE(val)=740.223968
[GA][Iter2] Gen:2 Ind:7 RMSE(val)=744.469825
[GA][Iter2] Gen:2 Ind:8 RMSE(val)=746.440592
[GA][Iter2] Gen:2 Ind:9 RMSE(val)=748.527137
[GA][Iter2] Gen:2 Ind:10 RMSE(val)=749.858296
[GA][Iter2] Gen:2 Ind:11 RMSE(val)=740.106393
[GA][Iter2] Gen:2 Ind:12 RMSE(val)=761.560586
[GA][Iter2] Gen:2 Ind:13 RMSE(val)=741.259909
[GA][Iter2] Gen:2 Ind:14 RMSE(val)=737.967661
[GA][Iter2] Gen:2 Ind:15 RMSE(val)=708.201175
[GA][Iter2] Gen:2 Ind:16 RMSE(val)=754.456908
[GA][Iter2] Gen:2 Ind:17 RMSE(val)=710.859851
[GA][Iter2] Gen:2 Ind:18 RMSE(val)=728.843568
[GA][Iter2] Gen:2 Ind:19 RMSE(val)=710.132020
[GA][Iter2] Gen:2 Ind:20 RMSE(val)=711.049341
[GA][Iter2] gen=2 best_val_rmse=708.201175
[GA][Iter2] Gen:3 Ind:1 RMSE(val)=708.201175
[GA][Iter2] Gen:3 Ind:2 RMSE(val)=710.132020
[GA][Iter2] Gen:3 Ind:3 RMSE(val)=710.859851
[GA][Iter2] Gen:3 Ind:4 RMSE(val)=711.049341
[GA][Iter2] Gen:3 Ind:5 RMSE(val)=713.813581
[GA][Iter2] Gen:3 Ind:6 RMSE(val)=723.411197
[GA][Iter2] Gen:3 Ind:7 RMSE(val)=728.843568
[GA][Iter2] Gen:3 Ind:8 RMSE(val)=729.073684
[GA][Iter2] Gen:3 Ind:9 RMSE(val)=729.097386
[GA][Iter2] Gen:3 Ind:10 RMSE(val)=737.142195
[GA][Iter2] Gen:3 Ind:11 RMSE(val)=715.216963
[GA][Iter2] Gen:3 Ind:12 RMSE(val)=715.489850
[GA][Iter2] Gen:3 Ind:13 RMSE(val)=713.136157
[GA][Iter2] Gen:3 Ind:14 RMSE(val)=693.591617
[GA][Iter2] Gen:3 Ind:15 RMSE(val)=721.477472
[GA][Iter2] Gen:3 Ind:16 RMSE(val)=732.638542
[GA][Iter2] Gen:3 Ind:17 RMSE(val)=735.394721
[GA][Iter2] Gen:3 Ind:18 RMSE(val)=718.004821
[GA][Iter2] Gen:3 Ind:19 RMSE(val)=698.686992
[GA][Iter2] Gen:3 Ind:20 RMSE(val)=713.773402
[GA][Iter2] gen=3 best_val_rmse=693.591617
[GA][Iter2] Gen:4 Ind:1 RMSE(val)=693.591617
[GA][Iter2] Gen:4 Ind:2 RMSE(val)=698.686992
[GA][Iter2] Gen:4 Ind:3 RMSE(val)=708.201175
[GA][Iter2] Gen:4 Ind:4 RMSE(val)=710.132020
[GA][Iter2] Gen:4 Ind:5 RMSE(val)=710.859851
[GA][Iter2] Gen:4 Ind:6 RMSE(val)=711.049341
[GA][Iter2] Gen:4 Ind:7 RMSE(val)=713.136157
[GA][Iter2] Gen:4 Ind:8 RMSE(val)=713.773402
[GA][Iter2] Gen:4 Ind:9 RMSE(val)=713.813581
[GA][Iter2] Gen:4 Ind:10 RMSE(val)=715.216963
[GA][Iter2] Gen:4 Ind:11 RMSE(val)=713.773402
[GA][Iter2] Gen:4 Ind:12 RMSE(val)=707.409492
[GA][Iter2] Gen:4 Ind:13 RMSE(val)=717.411485
[GA][Iter2] Gen:4 Ind:14 RMSE(val)=707.244344
[GA][Iter2] Gen:4 Ind:15 RMSE(val)=720.554970
[GA][Iter2] Gen:4 Ind:16 RMSE(val)=722.511909
[GA][Iter2] Gen:4 Ind:17 RMSE(val)=699.484449
[GA][Iter2] Gen:4 Ind:18 RMSE(val)=717.434400
[GA][Iter2] Gen:4 Ind:19 RMSE(val)=716.944816
[GA][Iter2] Gen:4 Ind:20 RMSE(val)=726.855875
[GA][Iter2] gen=4 best_val_rmse=693.591617
[GA][Iter2] Gen:5 Ind:1 RMSE(val)=693.591617
[GA][Iter2] Gen:5 Ind:2 RMSE(val)=698.686992
[GA][Iter2] Gen:5 Ind:3 RMSE(val)=699.484449
[GA][Iter2] Gen:5 Ind:4 RMSE(val)=707.244344
[GA][Iter2] Gen:5 Ind:5 RMSE(val)=707.409492
[GA][Iter2] Gen:5 Ind:6 RMSE(val)=708.201175
[GA][Iter2] Gen:5 Ind:7 RMSE(val)=710.132020
[GA][Iter2] Gen:5 Ind:8 RMSE(val)=710.859851
[GA][Iter2] Gen:5 Ind:9 RMSE(val)=711.049341
[GA][Iter2] Gen:5 Ind:10 RMSE(val)=713.136157
[GA][Iter2] Gen:5 Ind:11 RMSE(val)=714.225172
[GA][Iter2] Gen:5 Ind:12 RMSE(val)=717.545063
[GA][Iter2] Gen:5 Ind:13 RMSE(val)=712.493965
[GA][Iter2] Gen:5 Ind:14 RMSE(val)=689.526513
[GA][Iter2] Gen:5 Ind:15 RMSE(val)=713.351863
[GA][Iter2] Gen:5 Ind:16 RMSE(val)=721.610140
[GA][Iter2] Gen:5 Ind:17 RMSE(val)=719.794054
[GA][Iter2] Gen:5 Ind:18 RMSE(val)=732.386558
[GA][Iter2] Gen:5 Ind:19 RMSE(val)=697.398031
[GA][Iter2] Gen:5 Ind:20 RMSE(val)=711.090335
[GA][Iter2] gen=5 best_val_rmse=689.526513
[GA][Iter2] Gen:6 Ind:1 RMSE(val)=689.526513
[GA][Iter2] Gen:6 Ind:2 RMSE(val)=693.591617
[GA][Iter2] Gen:6 Ind:3 RMSE(val)=697.398031
[GA][Iter2] Gen:6 Ind:4 RMSE(val)=698.686992
[GA][Iter2] Gen:6 Ind:5 RMSE(val)=699.484449
[GA][Iter2] Gen:6 Ind:6 RMSE(val)=707.244344
[GA][Iter2] Gen:6 Ind:7 RMSE(val)=707.409492
[GA][Iter2] Gen:6 Ind:8 RMSE(val)=708.201175
[GA][Iter2] Gen:6 Ind:9 RMSE(val)=710.132020
[GA][Iter2] Gen:6 Ind:10 RMSE(val)=710.859851
[GA][Iter2] Gen:6 Ind:11 RMSE(val)=728.826194
[GA][Iter2] Gen:6 Ind:12 RMSE(val)=716.068038
[GA][Iter2] Gen:6 Ind:13 RMSE(val)=700.209002
[GA][Iter2] Gen:6 Ind:14 RMSE(val)=723.029253
[GA][Iter2] Gen:6 Ind:15 RMSE(val)=689.526513
[GA][Iter2] Gen:6 Ind:16 RMSE(val)=708.201175
[GA][Iter2] Gen:6 Ind:17 RMSE(val)=693.418900
[GA][Iter2] Gen:6 Ind:18 RMSE(val)=707.330425
[GA][Iter2] Gen:6 Ind:19 RMSE(val)=711.824829
[GA][Iter2] Gen:6 Ind:20 RMSE(val)=686.536625
[GA][Iter2] gen=6 best_val_rmse=686.536625
[GA][Iter2] Gen:7 Ind:1 RMSE(val)=686.536625
[GA][Iter2] Gen:7 Ind:2 RMSE(val)=689.526513
[GA][Iter2] Gen:7 Ind:3 RMSE(val)=689.526513
[GA][Iter2] Gen:7 Ind:4 RMSE(val)=693.418900
[GA][Iter2] Gen:7 Ind:5 RMSE(val)=693.591617
[GA][Iter2] Gen:7 Ind:6 RMSE(val)=697.398031
[GA][Iter2] Gen:7 Ind:7 RMSE(val)=698.686992
[GA][Iter2] Gen:7 Ind:8 RMSE(val)=699.484449
[GA][Iter2] Gen:7 Ind:9 RMSE(val)=700.209002
[GA][Iter2] Gen:7 Ind:10 RMSE(val)=707.244344
[GA][Iter2] Gen:7 Ind:11 RMSE(val)=681.369166
[GA][Iter2] Gen:7 Ind:12 RMSE(val)=708.542613
[GA][Iter2] Gen:7 Ind:13 RMSE(val)=718.242179
[GA][Iter2] Gen:7 Ind:14 RMSE(val)=698.041568
[GA][Iter2] Gen:7 Ind:15 RMSE(val)=695.148207
[GA][Iter2] Gen:7 Ind:16 RMSE(val)=702.721020
[GA][Iter2] Gen:7 Ind:17 RMSE(val)=702.414625
[GA][Iter2] Gen:7 Ind:18 RMSE(val)=723.268206
[GA][Iter2] Gen:7 Ind:19 RMSE(val)=697.007938
[GA][Iter2] Gen:7 Ind:20 RMSE(val)=703.660237
[GA][Iter2] gen=7 best_val_rmse=681.369166
[GA][Iter2] Gen:8 Ind:1 RMSE(val)=681.369166
[GA][Iter2] Gen:8 Ind:2 RMSE(val)=686.536625
[GA][Iter2] Gen:8 Ind:3 RMSE(val)=689.526513
[GA][Iter2] Gen:8 Ind:4 RMSE(val)=689.526513
[GA][Iter2] Gen:8 Ind:5 RMSE(val)=693.418900
[GA][Iter2] Gen:8 Ind:6 RMSE(val)=693.591617
[GA][Iter2] Gen:8 Ind:7 RMSE(val)=695.148207
[GA][Iter2] Gen:8 Ind:8 RMSE(val)=697.007938
[GA][Iter2] Gen:8 Ind:9 RMSE(val)=697.398031
[GA][Iter2] Gen:8 Ind:10 RMSE(val)=698.041568
[GA][Iter2] Gen:8 Ind:11 RMSE(val)=699.360908
[GA][Iter2] Gen:8 Ind:12 RMSE(val)=691.770815
[GA][Iter2] Gen:8 Ind:13 RMSE(val)=685.061266
[GA][Iter2] Gen:8 Ind:14 RMSE(val)=697.398031
[GA][Iter2] Gen:8 Ind:15 RMSE(val)=689.526513
[GA][Iter2] Gen:8 Ind:16 RMSE(val)=689.289282
[GA][Iter2] Gen:8 Ind:17 RMSE(val)=694.321243
[GA][Iter2] Gen:8 Ind:18 RMSE(val)=687.536663
[GA][Iter2] Gen:8 Ind:19 RMSE(val)=700.209002
[GA][Iter2] Gen:8 Ind:20 RMSE(val)=726.093981
[GA][Iter2] gen=8 best_val_rmse=681.369166
[GA][Iter2] Gen:9 Ind:1 RMSE(val)=681.369166
[GA][Iter2] Gen:9 Ind:2 RMSE(val)=685.061266
[GA][Iter2] Gen:9 Ind:3 RMSE(val)=686.536625
[GA][Iter2] Gen:9 Ind:4 RMSE(val)=687.536663
[GA][Iter2] Gen:9 Ind:5 RMSE(val)=689.289282
[GA][Iter2] Gen:9 Ind:6 RMSE(val)=689.526513
[GA][Iter2] Gen:9 Ind:7 RMSE(val)=689.526513
[GA][Iter2] Gen:9 Ind:8 RMSE(val)=689.526513
[GA][Iter2] Gen:9 Ind:9 RMSE(val)=691.770815
[GA][Iter2] Gen:9 Ind:10 RMSE(val)=693.418900
[GA][Iter2] Gen:9 Ind:11 RMSE(val)=689.128194
[GA][Iter2] Gen:9 Ind:12 RMSE(val)=691.770815
[GA][Iter2] Gen:9 Ind:13 RMSE(val)=692.438001
[GA][Iter2] Gen:9 Ind:14 RMSE(val)=698.160421
[GA][Iter2] Gen:9 Ind:15 RMSE(val)=685.061266
[GA][Iter2] Gen:9 Ind:16 RMSE(val)=689.526513
[GA][Iter2] Gen:9 Ind:17 RMSE(val)=709.786080
[GA][Iter2] Gen:9 Ind:18 RMSE(val)=703.800201
[GA][Iter2] Gen:9 Ind:19 RMSE(val)=692.600587
[GA][Iter2] Gen:9 Ind:20 RMSE(val)=707.569195
[GA][Iter2] gen=9 best_val_rmse=681.369166
[GA][Iter2] Gen:10 Ind:1 RMSE(val)=681.369166
[GA][Iter2] Gen:10 Ind:2 RMSE(val)=685.061266
[GA][Iter2] Gen:10 Ind:3 RMSE(val)=685.061266
[GA][Iter2] Gen:10 Ind:4 RMSE(val)=686.536625
[GA][Iter2] Gen:10 Ind:5 RMSE(val)=687.536663
[GA][Iter2] Gen:10 Ind:6 RMSE(val)=689.128194
[GA][Iter2] Gen:10 Ind:7 RMSE(val)=689.289282
[GA][Iter2] Gen:10 Ind:8 RMSE(val)=689.526513
[GA][Iter2] Gen:10 Ind:9 RMSE(val)=689.526513
[GA][Iter2] Gen:10 Ind:10 RMSE(val)=689.526513
[GA][Iter2] Gen:10 Ind:11 RMSE(val)=693.158866
[GA][Iter2] Gen:10 Ind:12 RMSE(val)=683.778957
[GA][Iter2] Gen:10 Ind:13 RMSE(val)=685.061266
[GA][Iter2] Gen:10 Ind:14 RMSE(val)=689.128194
[GA][Iter2] Gen:10 Ind:15 RMSE(val)=708.061675
[GA][Iter2] Gen:10 Ind:16 RMSE(val)=689.526513
[GA][Iter2] Gen:10 Ind:17 RMSE(val)=702.915070
[GA][Iter2] Gen:10 Ind:18 RMSE(val)=694.506580
[GA][Iter2] Gen:10 Ind:19 RMSE(val)=696.732888
[GA][Iter2] Gen:10 Ind:20 RMSE(val)=689.128194
[GA][Iter2] gen=10 best_val_rmse=681.369166
[GA][Iter2] Gen:11 Ind:1 RMSE(val)=681.369166
[GA][Iter2] Gen:11 Ind:2 RMSE(val)=683.778957
[GA][Iter2] Gen:11 Ind:3 RMSE(val)=685.061266
[GA][Iter2] Gen:11 Ind:4 RMSE(val)=685.061266
[GA][Iter2] Gen:11 Ind:5 RMSE(val)=685.061266
[GA][Iter2] Gen:11 Ind:6 RMSE(val)=686.536625
[GA][Iter2] Gen:11 Ind:7 RMSE(val)=687.536663
[GA][Iter2] Gen:11 Ind:8 RMSE(val)=689.128194
[GA][Iter2] Gen:11 Ind:9 RMSE(val)=689.128194
[GA][Iter2] Gen:11 Ind:10 RMSE(val)=689.128194
[GA][Iter2] Gen:11 Ind:11 RMSE(val)=689.928420
[GA][Iter2] Gen:11 Ind:12 RMSE(val)=702.788992
[GA][Iter2] Gen:11 Ind:13 RMSE(val)=719.842923
[GA][Iter2] Gen:11 Ind:14 RMSE(val)=697.341441
[GA][Iter2] Gen:11 Ind:15 RMSE(val)=675.997334
[GA][Iter2] Gen:11 Ind:16 RMSE(val)=681.236946
[GA][Iter2] Gen:11 Ind:17 RMSE(val)=688.072014
[GA][Iter2] Gen:11 Ind:18 RMSE(val)=699.091596
[GA][Iter2] Gen:11 Ind:19 RMSE(val)=712.566573
[GA][Iter2] Gen:11 Ind:20 RMSE(val)=694.808735
[GA][Iter2] gen=11 best_val_rmse=675.997334
[GA][Iter2] Gen:12 Ind:1 RMSE(val)=675.997334
[GA][Iter2] Gen:12 Ind:2 RMSE(val)=681.236946
[GA][Iter2] Gen:12 Ind:3 RMSE(val)=681.369166
[GA][Iter2] Gen:12 Ind:4 RMSE(val)=683.778957
[GA][Iter2] Gen:12 Ind:5 RMSE(val)=685.061266
[GA][Iter2] Gen:12 Ind:6 RMSE(val)=685.061266
[GA][Iter2] Gen:12 Ind:7 RMSE(val)=685.061266
[GA][Iter2] Gen:12 Ind:8 RMSE(val)=686.536625
[GA][Iter2] Gen:12 Ind:9 RMSE(val)=687.536663
[GA][Iter2] Gen:12 Ind:10 RMSE(val)=688.072014
[GA][Iter2] Gen:12 Ind:11 RMSE(val)=688.386714
[GA][Iter2] Gen:12 Ind:12 RMSE(val)=700.018145
[GA][Iter2] Gen:12 Ind:13 RMSE(val)=701.203005
[GA][Iter2] Gen:12 Ind:14 RMSE(val)=709.710109
[GA][Iter2] Gen:12 Ind:15 RMSE(val)=682.578891
[GA][Iter2] Gen:12 Ind:16 RMSE(val)=678.217955
[GA][Iter2] Gen:12 Ind:17 RMSE(val)=699.328375
[GA][Iter2] Gen:12 Ind:18 RMSE(val)=681.369166
[GA][Iter2] Gen:12 Ind:19 RMSE(val)=701.936838
[GA][Iter2] Gen:12 Ind:20 RMSE(val)=719.707055
[GA][Iter2] gen=12 best_val_rmse=675.997334
[GA][Iter2] Gen:13 Ind:1 RMSE(val)=675.997334
[GA][Iter2] Gen:13 Ind:2 RMSE(val)=678.217955
[GA][Iter2] Gen:13 Ind:3 RMSE(val)=681.236946
[GA][Iter2] Gen:13 Ind:4 RMSE(val)=681.369166
[GA][Iter2] Gen:13 Ind:5 RMSE(val)=681.369166
[GA][Iter2] Gen:13 Ind:6 RMSE(val)=682.578891
[GA][Iter2] Gen:13 Ind:7 RMSE(val)=683.778957
[GA][Iter2] Gen:13 Ind:8 RMSE(val)=685.061266
[GA][Iter2] Gen:13 Ind:9 RMSE(val)=685.061266
[GA][Iter2] Gen:13 Ind:10 RMSE(val)=685.061266
[GA][Iter2] Gen:13 Ind:11 RMSE(val)=681.878251
[GA][Iter2] Gen:13 Ind:12 RMSE(val)=687.000810
[GA][Iter2] Gen:13 Ind:13 RMSE(val)=697.032334
[GA][Iter2] Gen:13 Ind:14 RMSE(val)=685.061266
[GA][Iter2] Gen:13 Ind:15 RMSE(val)=692.733151
[GA][Iter2] Gen:13 Ind:16 RMSE(val)=678.217955
[GA][Iter2] Gen:13 Ind:17 RMSE(val)=689.129979
[GA][Iter2] Gen:13 Ind:18 RMSE(val)=678.157170
[GA][Iter2] Gen:13 Ind:19 RMSE(val)=682.578891
[GA][Iter2] Gen:13 Ind:20 RMSE(val)=707.590711
[GA][Iter2] gen=13 best_val_rmse=675.997334
[GA][Iter2] Gen:14 Ind:1 RMSE(val)=675.997334
[GA][Iter2] Gen:14 Ind:2 RMSE(val)=678.157170
[GA][Iter2] Gen:14 Ind:3 RMSE(val)=678.217955
[GA][Iter2] Gen:14 Ind:4 RMSE(val)=678.217955
[GA][Iter2] Gen:14 Ind:5 RMSE(val)=681.236946
[GA][Iter2] Gen:14 Ind:6 RMSE(val)=681.369166
[GA][Iter2] Gen:14 Ind:7 RMSE(val)=681.369166
[GA][Iter2] Gen:14 Ind:8 RMSE(val)=681.878251
[GA][Iter2] Gen:14 Ind:9 RMSE(val)=682.578891
[GA][Iter2] Gen:14 Ind:10 RMSE(val)=682.578891
[GA][Iter2] Gen:14 Ind:11 RMSE(val)=681.236946
[GA][Iter2] Gen:14 Ind:12 RMSE(val)=690.528114
[GA][Iter2] Gen:14 Ind:13 RMSE(val)=687.713970
[GA][Iter2] Gen:14 Ind:14 RMSE(val)=687.713970
[GA][Iter2] Gen:14 Ind:15 RMSE(val)=685.212713
[GA][Iter2] Gen:14 Ind:16 RMSE(val)=682.578891
[GA][Iter2] Gen:14 Ind:17 RMSE(val)=678.217955
[GA][Iter2] Gen:14 Ind:18 RMSE(val)=681.395264
[GA][Iter2] Gen:14 Ind:19 RMSE(val)=681.369166
[GA][Iter2] Gen:14 Ind:20 RMSE(val)=683.060422
[GA][Iter2] gen=14 best_val_rmse=675.997334
[GA][Iter2] Gen:15 Ind:1 RMSE(val)=675.997334
[GA][Iter2] Gen:15 Ind:2 RMSE(val)=678.157170
[GA][Iter2] Gen:15 Ind:3 RMSE(val)=678.217955
[GA][Iter2] Gen:15 Ind:4 RMSE(val)=678.217955
[GA][Iter2] Gen:15 Ind:5 RMSE(val)=678.217955
[GA][Iter2] Gen:15 Ind:6 RMSE(val)=681.236946
[GA][Iter2] Gen:15 Ind:7 RMSE(val)=681.236946
[GA][Iter2] Gen:15 Ind:8 RMSE(val)=681.369166
[GA][Iter2] Gen:15 Ind:9 RMSE(val)=681.369166
[GA][Iter2] Gen:15 Ind:10 RMSE(val)=681.369166
[GA][Iter2] Gen:15 Ind:11 RMSE(val)=696.732888
[GA][Iter2] Gen:15 Ind:12 RMSE(val)=687.211963
[GA][Iter2] Gen:15 Ind:13 RMSE(val)=678.217955
[GA][Iter2] Gen:15 Ind:14 RMSE(val)=681.369166
[GA][Iter2] Gen:15 Ind:15 RMSE(val)=677.598214
[GA][Iter2] Gen:15 Ind:16 RMSE(val)=689.715670
[GA][Iter2] Gen:15 Ind:17 RMSE(val)=681.236946
[GA][Iter2] Gen:15 Ind:18 RMSE(val)=673.261272
[GA][Iter2] Gen:15 Ind:19 RMSE(val)=681.236946
[GA][Iter2] Gen:15 Ind:20 RMSE(val)=681.395264
[GA][Iter2] gen=15 best_val_rmse=673.261272
[GA][Iter2] Gen:15 Ind:1 RMSE(val)=673.261272
[GA][Iter2] Gen:15 Ind:2 RMSE(val)=675.997334
[GA][Iter2] Gen:15 Ind:3 RMSE(val)=677.598214
[GA][Iter2] Gen:15 Ind:4 RMSE(val)=678.157170
[GA][Iter2] Gen:15 Ind:5 RMSE(val)=678.217955
[GA][Iter2] Gen:15 Ind:6 RMSE(val)=678.217955
[GA][Iter2] Gen:15 Ind:7 RMSE(val)=678.217955
[GA][Iter2] Gen:15 Ind:8 RMSE(val)=678.217955
[GA][Iter2] Gen:15 Ind:9 RMSE(val)=681.236946
[GA][Iter2] Gen:15 Ind:10 RMSE(val)=681.236946
[GA][Iter2] Gen:15 Ind:11 RMSE(val)=681.236946
[GA][Iter2] Gen:15 Ind:12 RMSE(val)=673.261195
[GA][Iter2] Gen:15 Ind:13 RMSE(val)=678.217955
[GA][Iter2] Gen:15 Ind:14 RMSE(val)=675.083651
[GA][Iter2] Gen:15 Ind:15 RMSE(val)=712.903661
[GA][Iter2] Gen:15 Ind:16 RMSE(val)=689.421920
[GA][Iter2] Gen:15 Ind:17 RMSE(val)=678.157170
[GA][Iter2] Gen:15 Ind:18 RMSE(val)=683.306191
[GA][Iter2] Gen:15 Ind:19 RMSE(val)=671.696287
[GA][Iter2] Gen:15 Ind:20 RMSE(val)=678.217955

[GA DONE][Iter2] Best params on val fold of Iter2
Best val RMSE: 671.696287
Best params: {'n_estimators': 559, 'learning_rate': 0.07481187505307113, 'max_depth': 3, 'min_child_weight': 2.265750152514617, 'subsample': 0.7270432685133267, 'colsample_bytree': 0.9941285515775249, 'reg_lambda': 0.6184304123848363, 'reg_alpha': 0.02430822760913047, 'gamma': 0.05283240309568377}
--------------------------------------------------------------------------------
[RETUNE GA] Iter2: train folds 1..6 -> test fold 7  RMSE=681.435614  NRMSE=0.577038  CVRMSE=0.258846  R2=0.666413
[GA][Iter3] Gen:1 Ind:1 RMSE(val)=650.815577
[GA][Iter3] Gen:1 Ind:2 RMSE(val)=681.050697
[GA][Iter3] Gen:1 Ind:3 RMSE(val)=666.272666
[GA][Iter3] Gen:1 Ind:4 RMSE(val)=793.670953
[GA][Iter3] Gen:1 Ind:5 RMSE(val)=683.589152
[GA][Iter3] Gen:1 Ind:6 RMSE(val)=643.917842
[GA][Iter3] Gen:1 Ind:7 RMSE(val)=788.005881
[GA][Iter3] Gen:1 Ind:8 RMSE(val)=656.796060
[GA][Iter3] Gen:1 Ind:9 RMSE(val)=671.132324
[GA][Iter3] Gen:1 Ind:10 RMSE(val)=647.373263
[GA][Iter3] Gen:1 Ind:11 RMSE(val)=788.921224
[GA][Iter3] Gen:1 Ind:12 RMSE(val)=632.402323
[GA][Iter3] Gen:1 Ind:13 RMSE(val)=748.243587
[GA][Iter3] Gen:1 Ind:14 RMSE(val)=637.289580
[GA][Iter3] Gen:1 Ind:15 RMSE(val)=626.062384
[GA][Iter3] Gen:1 Ind:16 RMSE(val)=766.604779
[GA][Iter3] Gen:1 Ind:17 RMSE(val)=665.397618
[GA][Iter3] Gen:1 Ind:18 RMSE(val)=630.964599
[GA][Iter3] Gen:1 Ind:19 RMSE(val)=657.141836
[GA][Iter3] Gen:1 Ind:20 RMSE(val)=654.086890
[GA][Iter3] gen=1 best_val_rmse=626.062384
[GA][Iter3] Gen:2 Ind:1 RMSE(val)=626.062384
[GA][Iter3] Gen:2 Ind:2 RMSE(val)=630.964599
[GA][Iter3] Gen:2 Ind:3 RMSE(val)=632.402323
[GA][Iter3] Gen:2 Ind:4 RMSE(val)=637.289580
[GA][Iter3] Gen:2 Ind:5 RMSE(val)=643.917842
[GA][Iter3] Gen:2 Ind:6 RMSE(val)=647.373263
[GA][Iter3] Gen:2 Ind:7 RMSE(val)=650.815577
[GA][Iter3] Gen:2 Ind:8 RMSE(val)=654.086890
[GA][Iter3] Gen:2 Ind:9 RMSE(val)=656.796060
[GA][Iter3] Gen:2 Ind:10 RMSE(val)=657.141836
[GA][Iter3] Gen:2 Ind:11 RMSE(val)=646.274510
[GA][Iter3] Gen:2 Ind:12 RMSE(val)=621.069805
[GA][Iter3] Gen:2 Ind:13 RMSE(val)=623.458828
[GA][Iter3] Gen:2 Ind:14 RMSE(val)=640.361487
[GA][Iter3] Gen:2 Ind:15 RMSE(val)=628.205124
[GA][Iter3] Gen:2 Ind:16 RMSE(val)=689.721253
[GA][Iter3] Gen:2 Ind:17 RMSE(val)=626.492619
[GA][Iter3] Gen:2 Ind:18 RMSE(val)=654.081060
[GA][Iter3] Gen:2 Ind:19 RMSE(val)=635.353349
[GA][Iter3] Gen:2 Ind:20 RMSE(val)=644.837374
[GA][Iter3] gen=2 best_val_rmse=621.069805
[GA][Iter3] Gen:3 Ind:1 RMSE(val)=621.069805
[GA][Iter3] Gen:3 Ind:2 RMSE(val)=623.458828
[GA][Iter3] Gen:3 Ind:3 RMSE(val)=626.062384
[GA][Iter3] Gen:3 Ind:4 RMSE(val)=626.492619
[GA][Iter3] Gen:3 Ind:5 RMSE(val)=628.205124
[GA][Iter3] Gen:3 Ind:6 RMSE(val)=630.964599
[GA][Iter3] Gen:3 Ind:7 RMSE(val)=632.402323
[GA][Iter3] Gen:3 Ind:8 RMSE(val)=635.353349
[GA][Iter3] Gen:3 Ind:9 RMSE(val)=637.289580
[GA][Iter3] Gen:3 Ind:10 RMSE(val)=640.361487
[GA][Iter3] Gen:3 Ind:11 RMSE(val)=623.611559
[GA][Iter3] Gen:3 Ind:12 RMSE(val)=705.945039
[GA][Iter3] Gen:3 Ind:13 RMSE(val)=646.948940
[GA][Iter3] Gen:3 Ind:14 RMSE(val)=620.878579
[GA][Iter3] Gen:3 Ind:15 RMSE(val)=656.767342
[GA][Iter3] Gen:3 Ind:16 RMSE(val)=629.672472
[GA][Iter3] Gen:3 Ind:17 RMSE(val)=631.182963
[GA][Iter3] Gen:3 Ind:18 RMSE(val)=638.588863
[GA][Iter3] Gen:3 Ind:19 RMSE(val)=633.441940
[GA][Iter3] Gen:3 Ind:20 RMSE(val)=655.299314
[GA][Iter3] gen=3 best_val_rmse=620.878579
[GA][Iter3] Gen:4 Ind:1 RMSE(val)=620.878579
[GA][Iter3] Gen:4 Ind:2 RMSE(val)=621.069805
[GA][Iter3] Gen:4 Ind:3 RMSE(val)=623.458828
[GA][Iter3] Gen:4 Ind:4 RMSE(val)=623.611559
[GA][Iter3] Gen:4 Ind:5 RMSE(val)=626.062384
[GA][Iter3] Gen:4 Ind:6 RMSE(val)=626.492619
[GA][Iter3] Gen:4 Ind:7 RMSE(val)=628.205124
[GA][Iter3] Gen:4 Ind:8 RMSE(val)=629.672472
[GA][Iter3] Gen:4 Ind:9 RMSE(val)=630.964599
[GA][Iter3] Gen:4 Ind:10 RMSE(val)=631.182963
[GA][Iter3] Gen:4 Ind:11 RMSE(val)=631.091954
[GA][Iter3] Gen:4 Ind:12 RMSE(val)=627.586236
[GA][Iter3] Gen:4 Ind:13 RMSE(val)=651.181727
[GA][Iter3] Gen:4 Ind:14 RMSE(val)=622.766591
[GA][Iter3] Gen:4 Ind:15 RMSE(val)=627.058975
[GA][Iter3] Gen:4 Ind:16 RMSE(val)=626.552845
[GA][Iter3] Gen:4 Ind:17 RMSE(val)=637.263920
[GA][Iter3] Gen:4 Ind:18 RMSE(val)=630.841869
[GA][Iter3] Gen:4 Ind:19 RMSE(val)=625.846150
[GA][Iter3] Gen:4 Ind:20 RMSE(val)=622.742296
[GA][Iter3] gen=4 best_val_rmse=620.878579
[GA][Iter3] Gen:5 Ind:1 RMSE(val)=620.878579
[GA][Iter3] Gen:5 Ind:2 RMSE(val)=621.069805
[GA][Iter3] Gen:5 Ind:3 RMSE(val)=622.742296
[GA][Iter3] Gen:5 Ind:4 RMSE(val)=622.766591
[GA][Iter3] Gen:5 Ind:5 RMSE(val)=623.458828
[GA][Iter3] Gen:5 Ind:6 RMSE(val)=623.611559
[GA][Iter3] Gen:5 Ind:7 RMSE(val)=625.846150
[GA][Iter3] Gen:5 Ind:8 RMSE(val)=626.062384
[GA][Iter3] Gen:5 Ind:9 RMSE(val)=626.492619
[GA][Iter3] Gen:5 Ind:10 RMSE(val)=626.552845
[GA][Iter3] Gen:5 Ind:11 RMSE(val)=646.193311
[GA][Iter3] Gen:5 Ind:12 RMSE(val)=656.161984
[GA][Iter3] Gen:5 Ind:13 RMSE(val)=625.355947
[GA][Iter3] Gen:5 Ind:14 RMSE(val)=621.941761
[GA][Iter3] Gen:5 Ind:15 RMSE(val)=627.759168
[GA][Iter3] Gen:5 Ind:16 RMSE(val)=629.871877
[GA][Iter3] Gen:5 Ind:17 RMSE(val)=626.344569
[GA][Iter3] Gen:5 Ind:18 RMSE(val)=635.873715
[GA][Iter3] Gen:5 Ind:19 RMSE(val)=629.095037
[GA][Iter3] Gen:5 Ind:20 RMSE(val)=664.773246
[GA][Iter3] gen=5 best_val_rmse=620.878579
[GA][Iter3] Gen:6 Ind:1 RMSE(val)=620.878579
[GA][Iter3] Gen:6 Ind:2 RMSE(val)=621.069805
[GA][Iter3] Gen:6 Ind:3 RMSE(val)=621.941761
[GA][Iter3] Gen:6 Ind:4 RMSE(val)=622.742296
[GA][Iter3] Gen:6 Ind:5 RMSE(val)=622.766591
[GA][Iter3] Gen:6 Ind:6 RMSE(val)=623.458828
[GA][Iter3] Gen:6 Ind:7 RMSE(val)=623.611559
[GA][Iter3] Gen:6 Ind:8 RMSE(val)=625.355947
[GA][Iter3] Gen:6 Ind:9 RMSE(val)=625.846150
[GA][Iter3] Gen:6 Ind:10 RMSE(val)=626.062384
[GA][Iter3] Gen:6 Ind:11 RMSE(val)=665.594068
[GA][Iter3] Gen:6 Ind:12 RMSE(val)=630.962397
[GA][Iter3] Gen:6 Ind:13 RMSE(val)=625.955419
[GA][Iter3] Gen:6 Ind:14 RMSE(val)=618.801082
[GA][Iter3] Gen:6 Ind:15 RMSE(val)=643.808064
[GA][Iter3] Gen:6 Ind:16 RMSE(val)=622.727745
[GA][Iter3] Gen:6 Ind:17 RMSE(val)=629.647134
[GA][Iter3] Gen:6 Ind:18 RMSE(val)=665.594081
[GA][Iter3] Gen:6 Ind:19 RMSE(val)=639.927674
[GA][Iter3] Gen:6 Ind:20 RMSE(val)=625.635224
[GA][Iter3] gen=6 best_val_rmse=618.801082
[GA][Iter3] Gen:7 Ind:1 RMSE(val)=618.801082
[GA][Iter3] Gen:7 Ind:2 RMSE(val)=620.878579
[GA][Iter3] Gen:7 Ind:3 RMSE(val)=621.069805
[GA][Iter3] Gen:7 Ind:4 RMSE(val)=621.941761
[GA][Iter3] Gen:7 Ind:5 RMSE(val)=622.727745
[GA][Iter3] Gen:7 Ind:6 RMSE(val)=622.742296
[GA][Iter3] Gen:7 Ind:7 RMSE(val)=622.766591
[GA][Iter3] Gen:7 Ind:8 RMSE(val)=623.458828
[GA][Iter3] Gen:7 Ind:9 RMSE(val)=623.611559
[GA][Iter3] Gen:7 Ind:10 RMSE(val)=625.355947
[GA][Iter3] Gen:7 Ind:11 RMSE(val)=632.339219
[GA][Iter3] Gen:7 Ind:12 RMSE(val)=625.955419
[GA][Iter3] Gen:7 Ind:13 RMSE(val)=626.514928
[GA][Iter3] Gen:7 Ind:14 RMSE(val)=630.402403
[GA][Iter3] Gen:7 Ind:15 RMSE(val)=619.135913
[GA][Iter3] Gen:7 Ind:16 RMSE(val)=643.170056
[GA][Iter3] Gen:7 Ind:17 RMSE(val)=622.742296
[GA][Iter3] Gen:7 Ind:18 RMSE(val)=640.420300
[GA][Iter3] Gen:7 Ind:19 RMSE(val)=626.241171
[GA][Iter3] Gen:7 Ind:20 RMSE(val)=624.849145
[GA][Iter3] gen=7 best_val_rmse=618.801082
[GA][Iter3] Gen:8 Ind:1 RMSE(val)=618.801082
[GA][Iter3] Gen:8 Ind:2 RMSE(val)=619.135913
[GA][Iter3] Gen:8 Ind:3 RMSE(val)=620.878579
[GA][Iter3] Gen:8 Ind:4 RMSE(val)=621.069805
[GA][Iter3] Gen:8 Ind:5 RMSE(val)=621.941761
[GA][Iter3] Gen:8 Ind:6 RMSE(val)=622.727745
[GA][Iter3] Gen:8 Ind:7 RMSE(val)=622.742296
[GA][Iter3] Gen:8 Ind:8 RMSE(val)=622.742296
[GA][Iter3] Gen:8 Ind:9 RMSE(val)=622.766591
[GA][Iter3] Gen:8 Ind:10 RMSE(val)=623.458828
[GA][Iter3] Gen:8 Ind:11 RMSE(val)=620.071133
[GA][Iter3] Gen:8 Ind:12 RMSE(val)=618.644398
[GA][Iter3] Gen:8 Ind:13 RMSE(val)=646.538802
[GA][Iter3] Gen:8 Ind:14 RMSE(val)=627.959637
[GA][Iter3] Gen:8 Ind:15 RMSE(val)=635.089456
[GA][Iter3] Gen:8 Ind:16 RMSE(val)=619.135913
[GA][Iter3] Gen:8 Ind:17 RMSE(val)=627.681456
[GA][Iter3] Gen:8 Ind:18 RMSE(val)=620.842950
[GA][Iter3] Gen:8 Ind:19 RMSE(val)=613.997365
[GA][Iter3] Gen:8 Ind:20 RMSE(val)=625.315736
[GA][Iter3] gen=8 best_val_rmse=613.997365
[GA][Iter3] Gen:9 Ind:1 RMSE(val)=613.997365
[GA][Iter3] Gen:9 Ind:2 RMSE(val)=618.644398
[GA][Iter3] Gen:9 Ind:3 RMSE(val)=618.801082
[GA][Iter3] Gen:9 Ind:4 RMSE(val)=619.135913
[GA][Iter3] Gen:9 Ind:5 RMSE(val)=619.135913
[GA][Iter3] Gen:9 Ind:6 RMSE(val)=620.071133
[GA][Iter3] Gen:9 Ind:7 RMSE(val)=620.842950
[GA][Iter3] Gen:9 Ind:8 RMSE(val)=620.878579
[GA][Iter3] Gen:9 Ind:9 RMSE(val)=621.069805
[GA][Iter3] Gen:9 Ind:10 RMSE(val)=621.941761
[GA][Iter3] Gen:9 Ind:11 RMSE(val)=629.263413
[GA][Iter3] Gen:9 Ind:12 RMSE(val)=622.098585
[GA][Iter3] Gen:9 Ind:13 RMSE(val)=639.106442
[GA][Iter3] Gen:9 Ind:14 RMSE(val)=632.406469
[GA][Iter3] Gen:9 Ind:15 RMSE(val)=632.407164
[GA][Iter3] Gen:9 Ind:16 RMSE(val)=627.931997
[GA][Iter3] Gen:9 Ind:17 RMSE(val)=637.282158
[GA][Iter3] Gen:9 Ind:18 RMSE(val)=625.650740
[GA][Iter3] Gen:9 Ind:19 RMSE(val)=621.293991
[GA][Iter3] Gen:9 Ind:20 RMSE(val)=621.980519
[GA][Iter3] gen=9 best_val_rmse=613.997365
[GA][Iter3] Gen:10 Ind:1 RMSE(val)=613.997365
[GA][Iter3] Gen:10 Ind:2 RMSE(val)=618.644398
[GA][Iter3] Gen:10 Ind:3 RMSE(val)=618.801082
[GA][Iter3] Gen:10 Ind:4 RMSE(val)=619.135913
[GA][Iter3] Gen:10 Ind:5 RMSE(val)=619.135913
[GA][Iter3] Gen:10 Ind:6 RMSE(val)=620.071133
[GA][Iter3] Gen:10 Ind:7 RMSE(val)=620.842950
[GA][Iter3] Gen:10 Ind:8 RMSE(val)=620.878579
[GA][Iter3] Gen:10 Ind:9 RMSE(val)=621.069805
[GA][Iter3] Gen:10 Ind:10 RMSE(val)=621.293991
[GA][Iter3] Gen:10 Ind:11 RMSE(val)=622.286175
[GA][Iter3] Gen:10 Ind:12 RMSE(val)=637.529862
[GA][Iter3] Gen:10 Ind:13 RMSE(val)=622.753044
[GA][Iter3] Gen:10 Ind:14 RMSE(val)=633.520179
[GA][Iter3] Gen:10 Ind:15 RMSE(val)=627.386891
[GA][Iter3] Gen:10 Ind:16 RMSE(val)=622.859199
[GA][Iter3] Gen:10 Ind:17 RMSE(val)=667.111951
[GA][Iter3] Gen:10 Ind:18 RMSE(val)=625.478481
[GA][Iter3] Gen:10 Ind:19 RMSE(val)=621.535016
[GA][Iter3] Gen:10 Ind:20 RMSE(val)=620.859076
[GA][Iter3] gen=10 best_val_rmse=613.997365
[GA][Iter3] Gen:11 Ind:1 RMSE(val)=613.997365
[GA][Iter3] Gen:11 Ind:2 RMSE(val)=618.644398
[GA][Iter3] Gen:11 Ind:3 RMSE(val)=618.801082
[GA][Iter3] Gen:11 Ind:4 RMSE(val)=619.135913
[GA][Iter3] Gen:11 Ind:5 RMSE(val)=619.135913
[GA][Iter3] Gen:11 Ind:6 RMSE(val)=620.071133
[GA][Iter3] Gen:11 Ind:7 RMSE(val)=620.842950
[GA][Iter3] Gen:11 Ind:8 RMSE(val)=620.859076
[GA][Iter3] Gen:11 Ind:9 RMSE(val)=620.878579
[GA][Iter3] Gen:11 Ind:10 RMSE(val)=621.069805
[GA][Iter3] Gen:11 Ind:11 RMSE(val)=628.816974
[GA][Iter3] Gen:11 Ind:12 RMSE(val)=630.493807
[GA][Iter3] Gen:11 Ind:13 RMSE(val)=642.781062
[GA][Iter3] Gen:11 Ind:14 RMSE(val)=622.220268
[GA][Iter3] Gen:11 Ind:15 RMSE(val)=630.962226
[GA][Iter3] Gen:11 Ind:16 RMSE(val)=628.008849
[GA][Iter3] Gen:11 Ind:17 RMSE(val)=619.439504
[GA][Iter3] Gen:11 Ind:18 RMSE(val)=620.880008
[GA][Iter3] Gen:11 Ind:19 RMSE(val)=626.341475
[GA][Iter3] Gen:11 Ind:20 RMSE(val)=622.347398
[GA][Iter3] gen=11 best_val_rmse=613.997365
[GA][Iter3] Gen:12 Ind:1 RMSE(val)=613.997365
[GA][Iter3] Gen:12 Ind:2 RMSE(val)=618.644398
[GA][Iter3] Gen:12 Ind:3 RMSE(val)=618.801082
[GA][Iter3] Gen:12 Ind:4 RMSE(val)=619.135913
[GA][Iter3] Gen:12 Ind:5 RMSE(val)=619.135913
[GA][Iter3] Gen:12 Ind:6 RMSE(val)=619.439504
[GA][Iter3] Gen:12 Ind:7 RMSE(val)=620.071133
[GA][Iter3] Gen:12 Ind:8 RMSE(val)=620.842950
[GA][Iter3] Gen:12 Ind:9 RMSE(val)=620.859076
[GA][Iter3] Gen:12 Ind:10 RMSE(val)=620.878579
[GA][Iter3] Gen:12 Ind:11 RMSE(val)=632.997402
[GA][Iter3] Gen:12 Ind:12 RMSE(val)=622.630380
[GA][Iter3] Gen:12 Ind:13 RMSE(val)=615.008583
[GA][Iter3] Gen:12 Ind:14 RMSE(val)=615.440061
[GA][Iter3] Gen:12 Ind:15 RMSE(val)=623.226524
[GA][Iter3] Gen:12 Ind:16 RMSE(val)=622.484276
[GA][Iter3] Gen:12 Ind:17 RMSE(val)=621.137210
[GA][Iter3] Gen:12 Ind:18 RMSE(val)=613.638749
[GA][Iter3] Gen:12 Ind:19 RMSE(val)=619.135913
[GA][Iter3] Gen:12 Ind:20 RMSE(val)=637.576874
[GA][Iter3] gen=12 best_val_rmse=613.638749
[GA][Iter3] Gen:13 Ind:1 RMSE(val)=613.638749
[GA][Iter3] Gen:13 Ind:2 RMSE(val)=613.997365
[GA][Iter3] Gen:13 Ind:3 RMSE(val)=615.008583
[GA][Iter3] Gen:13 Ind:4 RMSE(val)=615.440061
[GA][Iter3] Gen:13 Ind:5 RMSE(val)=618.644398
[GA][Iter3] Gen:13 Ind:6 RMSE(val)=618.801082
[GA][Iter3] Gen:13 Ind:7 RMSE(val)=619.135913
[GA][Iter3] Gen:13 Ind:8 RMSE(val)=619.135913
[GA][Iter3] Gen:13 Ind:9 RMSE(val)=619.135913
[GA][Iter3] Gen:13 Ind:10 RMSE(val)=619.439504
[GA][Iter3] Gen:13 Ind:11 RMSE(val)=617.467733
[GA][Iter3] Gen:13 Ind:12 RMSE(val)=667.735789
[GA][Iter3] Gen:13 Ind:13 RMSE(val)=621.107868
[GA][Iter3] Gen:13 Ind:14 RMSE(val)=617.731580
[GA][Iter3] Gen:13 Ind:15 RMSE(val)=618.823006
[GA][Iter3] Gen:13 Ind:16 RMSE(val)=631.691832
[GA][Iter3] Gen:13 Ind:17 RMSE(val)=613.638749
[GA][Iter3] Gen:13 Ind:18 RMSE(val)=615.242439
[GA][Iter3] Gen:13 Ind:19 RMSE(val)=616.437693
[GA][Iter3] Gen:13 Ind:20 RMSE(val)=619.439504
[GA][Iter3] gen=13 best_val_rmse=613.638749
[GA][Iter3] Gen:14 Ind:1 RMSE(val)=613.638749
[GA][Iter3] Gen:14 Ind:2 RMSE(val)=613.638749
[GA][Iter3] Gen:14 Ind:3 RMSE(val)=613.997365
[GA][Iter3] Gen:14 Ind:4 RMSE(val)=615.008583
[GA][Iter3] Gen:14 Ind:5 RMSE(val)=615.242439
[GA][Iter3] Gen:14 Ind:6 RMSE(val)=615.440061
[GA][Iter3] Gen:14 Ind:7 RMSE(val)=616.437693
[GA][Iter3] Gen:14 Ind:8 RMSE(val)=617.467733
[GA][Iter3] Gen:14 Ind:9 RMSE(val)=617.731580
[GA][Iter3] Gen:14 Ind:10 RMSE(val)=618.644398
[GA][Iter3] Gen:14 Ind:11 RMSE(val)=637.639228
[GA][Iter3] Gen:14 Ind:12 RMSE(val)=631.141458
[GA][Iter3] Gen:14 Ind:13 RMSE(val)=618.801082
[GA][Iter3] Gen:14 Ind:14 RMSE(val)=642.973855
[GA][Iter3] Gen:14 Ind:15 RMSE(val)=621.535016
[GA][Iter3] Gen:14 Ind:16 RMSE(val)=620.179811
[GA][Iter3] Gen:14 Ind:17 RMSE(val)=633.680022
[GA][Iter3] Gen:14 Ind:18 RMSE(val)=623.636431
[GA][Iter3] Gen:14 Ind:19 RMSE(val)=650.106794
[GA][Iter3] Gen:14 Ind:20 RMSE(val)=637.799925
[GA][Iter3] gen=14 best_val_rmse=613.638749
[GA][Iter3] Gen:15 Ind:1 RMSE(val)=613.638749
[GA][Iter3] Gen:15 Ind:2 RMSE(val)=613.638749
[GA][Iter3] Gen:15 Ind:3 RMSE(val)=613.997365
[GA][Iter3] Gen:15 Ind:4 RMSE(val)=615.008583
[GA][Iter3] Gen:15 Ind:5 RMSE(val)=615.242439
[GA][Iter3] Gen:15 Ind:6 RMSE(val)=615.440061
[GA][Iter3] Gen:15 Ind:7 RMSE(val)=616.437693
[GA][Iter3] Gen:15 Ind:8 RMSE(val)=617.467733
[GA][Iter3] Gen:15 Ind:9 RMSE(val)=617.731580
[GA][Iter3] Gen:15 Ind:10 RMSE(val)=618.644398
[GA][Iter3] Gen:15 Ind:11 RMSE(val)=618.644398
[GA][Iter3] Gen:15 Ind:12 RMSE(val)=626.966642
[GA][Iter3] Gen:15 Ind:13 RMSE(val)=628.233743
[GA][Iter3] Gen:15 Ind:14 RMSE(val)=627.528408
[GA][Iter3] Gen:15 Ind:15 RMSE(val)=613.382082
[GA][Iter3] Gen:15 Ind:16 RMSE(val)=644.526165
[GA][Iter3] Gen:15 Ind:17 RMSE(val)=637.068413
[GA][Iter3] Gen:15 Ind:18 RMSE(val)=612.635506
[GA][Iter3] Gen:15 Ind:19 RMSE(val)=620.106313
[GA][Iter3] Gen:15 Ind:20 RMSE(val)=640.429145
[GA][Iter3] gen=15 best_val_rmse=612.635506
[GA][Iter3] Gen:15 Ind:1 RMSE(val)=612.635506
[GA][Iter3] Gen:15 Ind:2 RMSE(val)=613.382082
[GA][Iter3] Gen:15 Ind:3 RMSE(val)=613.638749
[GA][Iter3] Gen:15 Ind:4 RMSE(val)=613.638749
[GA][Iter3] Gen:15 Ind:5 RMSE(val)=613.997365
[GA][Iter3] Gen:15 Ind:6 RMSE(val)=615.008583
[GA][Iter3] Gen:15 Ind:7 RMSE(val)=615.242439
[GA][Iter3] Gen:15 Ind:8 RMSE(val)=615.440061
[GA][Iter3] Gen:15 Ind:9 RMSE(val)=616.437693
[GA][Iter3] Gen:15 Ind:10 RMSE(val)=617.467733
[GA][Iter3] Gen:15 Ind:11 RMSE(val)=654.659750
[GA][Iter3] Gen:15 Ind:12 RMSE(val)=621.179017
[GA][Iter3] Gen:15 Ind:13 RMSE(val)=633.295158
[GA][Iter3] Gen:15 Ind:14 RMSE(val)=612.610590
[GA][Iter3] Gen:15 Ind:15 RMSE(val)=623.821205
[GA][Iter3] Gen:15 Ind:16 RMSE(val)=625.784869
[GA][Iter3] Gen:15 Ind:17 RMSE(val)=612.610590
[GA][Iter3] Gen:15 Ind:18 RMSE(val)=616.437693
[GA][Iter3] Gen:15 Ind:19 RMSE(val)=619.346995
[GA][Iter3] Gen:15 Ind:20 RMSE(val)=617.731580

[GA DONE][Iter3] Best params on val fold of Iter3
Best val RMSE: 612.610590
Best params: {'n_estimators': 1979, 'learning_rate': 0.018560954764323515, 'max_depth': 8, 'min_child_weight': 17.69537368265215, 'subsample': 0.6534937439923721, 'colsample_bytree': 0.9941285515775249, 'reg_lambda': 0.5038950137199261, 'reg_alpha': 0.011397051271381718, 'gamma': 0.3130315491905843}
--------------------------------------------------------------------------------
[RETUNE GA] Iter3: train folds 1..7 -> test fold 8  RMSE=735.246816  NRMSE=0.634688  CVRMSE=0.256417  R2=0.596429
[GA][Iter4] Gen:1 Ind:1 RMSE(val)=738.648632
[GA][Iter4] Gen:1 Ind:2 RMSE(val)=761.354663
[GA][Iter4] Gen:1 Ind:3 RMSE(val)=747.431401
[GA][Iter4] Gen:1 Ind:4 RMSE(val)=825.699760
[GA][Iter4] Gen:1 Ind:5 RMSE(val)=753.323564
[GA][Iter4] Gen:1 Ind:6 RMSE(val)=735.392689
[GA][Iter4] Gen:1 Ind:7 RMSE(val)=828.131675
[GA][Iter4] Gen:1 Ind:8 RMSE(val)=740.205570
[GA][Iter4] Gen:1 Ind:9 RMSE(val)=758.050743
[GA][Iter4] Gen:1 Ind:10 RMSE(val)=744.911999
[GA][Iter4] Gen:1 Ind:11 RMSE(val)=820.203685
[GA][Iter4] Gen:1 Ind:12 RMSE(val)=725.404301
[GA][Iter4] Gen:1 Ind:13 RMSE(val)=789.091064
[GA][Iter4] Gen:1 Ind:14 RMSE(val)=747.785044
[GA][Iter4] Gen:1 Ind:15 RMSE(val)=730.595252
[GA][Iter4] Gen:1 Ind:16 RMSE(val)=808.055446
[GA][Iter4] Gen:1 Ind:17 RMSE(val)=757.568072
[GA][Iter4] Gen:1 Ind:18 RMSE(val)=742.994883
[GA][Iter4] Gen:1 Ind:19 RMSE(val)=743.356565
[GA][Iter4] Gen:1 Ind:20 RMSE(val)=746.074400
[GA][Iter4] gen=1 best_val_rmse=725.404301
[GA][Iter4] Gen:2 Ind:1 RMSE(val)=725.404301
[GA][Iter4] Gen:2 Ind:2 RMSE(val)=730.595252
[GA][Iter4] Gen:2 Ind:3 RMSE(val)=735.392689
[GA][Iter4] Gen:2 Ind:4 RMSE(val)=738.648632
[GA][Iter4] Gen:2 Ind:5 RMSE(val)=740.205570
[GA][Iter4] Gen:2 Ind:6 RMSE(val)=742.994883
[GA][Iter4] Gen:2 Ind:7 RMSE(val)=743.356565
[GA][Iter4] Gen:2 Ind:8 RMSE(val)=744.911999
[GA][Iter4] Gen:2 Ind:9 RMSE(val)=746.074400
[GA][Iter4] Gen:2 Ind:10 RMSE(val)=747.431401
[GA][Iter4] Gen:2 Ind:11 RMSE(val)=750.616319
[GA][Iter4] Gen:2 Ind:12 RMSE(val)=744.923393
[GA][Iter4] Gen:2 Ind:13 RMSE(val)=745.705102
[GA][Iter4] Gen:2 Ind:14 RMSE(val)=754.002123
[GA][Iter4] Gen:2 Ind:15 RMSE(val)=750.323369
[GA][Iter4] Gen:2 Ind:16 RMSE(val)=749.874776
[GA][Iter4] Gen:2 Ind:17 RMSE(val)=726.535187
[GA][Iter4] Gen:2 Ind:18 RMSE(val)=740.953508
[GA][Iter4] Gen:2 Ind:19 RMSE(val)=742.706597
[GA][Iter4] Gen:2 Ind:20 RMSE(val)=732.194425
[GA][Iter4] gen=2 best_val_rmse=725.404301
[GA][Iter4] Gen:3 Ind:1 RMSE(val)=725.404301
[GA][Iter4] Gen:3 Ind:2 RMSE(val)=726.535187
[GA][Iter4] Gen:3 Ind:3 RMSE(val)=730.595252
[GA][Iter4] Gen:3 Ind:4 RMSE(val)=732.194425
[GA][Iter4] Gen:3 Ind:5 RMSE(val)=735.392689
[GA][Iter4] Gen:3 Ind:6 RMSE(val)=738.648632
[GA][Iter4] Gen:3 Ind:7 RMSE(val)=740.205570
[GA][Iter4] Gen:3 Ind:8 RMSE(val)=740.953508
[GA][Iter4] Gen:3 Ind:9 RMSE(val)=742.706597
[GA][Iter4] Gen:3 Ind:10 RMSE(val)=742.994883
[GA][Iter4] Gen:3 Ind:11 RMSE(val)=741.884464
[GA][Iter4] Gen:3 Ind:12 RMSE(val)=758.503475
[GA][Iter4] Gen:3 Ind:13 RMSE(val)=733.831145
[GA][Iter4] Gen:3 Ind:14 RMSE(val)=733.070348
[GA][Iter4] Gen:3 Ind:15 RMSE(val)=744.484457
[GA][Iter4] Gen:3 Ind:16 RMSE(val)=717.743307
[GA][Iter4] Gen:3 Ind:17 RMSE(val)=736.714718
[GA][Iter4] Gen:3 Ind:18 RMSE(val)=733.848429
[GA][Iter4] Gen:3 Ind:19 RMSE(val)=739.202500
[GA][Iter4] Gen:3 Ind:20 RMSE(val)=726.382911
[GA][Iter4] gen=3 best_val_rmse=717.743307
[GA][Iter4] Gen:4 Ind:1 RMSE(val)=717.743307
[GA][Iter4] Gen:4 Ind:2 RMSE(val)=725.404301
[GA][Iter4] Gen:4 Ind:3 RMSE(val)=726.382911
[GA][Iter4] Gen:4 Ind:4 RMSE(val)=726.535187
[GA][Iter4] Gen:4 Ind:5 RMSE(val)=730.595252
[GA][Iter4] Gen:4 Ind:6 RMSE(val)=732.194425
[GA][Iter4] Gen:4 Ind:7 RMSE(val)=733.070348
[GA][Iter4] Gen:4 Ind:8 RMSE(val)=733.831145
[GA][Iter4] Gen:4 Ind:9 RMSE(val)=733.848429
[GA][Iter4] Gen:4 Ind:10 RMSE(val)=735.392689
[GA][Iter4] Gen:4 Ind:11 RMSE(val)=737.497349
[GA][Iter4] Gen:4 Ind:12 RMSE(val)=720.423877
[GA][Iter4] Gen:4 Ind:13 RMSE(val)=721.960533
[GA][Iter4] Gen:4 Ind:14 RMSE(val)=728.283405
[GA][Iter4] Gen:4 Ind:15 RMSE(val)=729.655954
[GA][Iter4] Gen:4 Ind:16 RMSE(val)=747.135811
[GA][Iter4] Gen:4 Ind:17 RMSE(val)=729.429482
[GA][Iter4] Gen:4 Ind:18 RMSE(val)=748.590951
[GA][Iter4] Gen:4 Ind:19 RMSE(val)=736.517055
[GA][Iter4] Gen:4 Ind:20 RMSE(val)=743.018597
[GA][Iter4] gen=4 best_val_rmse=717.743307
[GA][Iter4] Gen:5 Ind:1 RMSE(val)=717.743307
[GA][Iter4] Gen:5 Ind:2 RMSE(val)=720.423877
[GA][Iter4] Gen:5 Ind:3 RMSE(val)=721.960533
[GA][Iter4] Gen:5 Ind:4 RMSE(val)=725.404301
[GA][Iter4] Gen:5 Ind:5 RMSE(val)=726.382911
[GA][Iter4] Gen:5 Ind:6 RMSE(val)=726.535187
[GA][Iter4] Gen:5 Ind:7 RMSE(val)=728.283405
[GA][Iter4] Gen:5 Ind:8 RMSE(val)=729.429482
[GA][Iter4] Gen:5 Ind:9 RMSE(val)=729.655954
[GA][Iter4] Gen:5 Ind:10 RMSE(val)=730.595252
[GA][Iter4] Gen:5 Ind:11 RMSE(val)=730.852408
[GA][Iter4] Gen:5 Ind:12 RMSE(val)=731.681697
[GA][Iter4] Gen:5 Ind:13 RMSE(val)=729.231696
[GA][Iter4] Gen:5 Ind:14 RMSE(val)=720.423877
[GA][Iter4] Gen:5 Ind:15 RMSE(val)=727.853360
[GA][Iter4] Gen:5 Ind:16 RMSE(val)=739.051515
[GA][Iter4] Gen:5 Ind:17 RMSE(val)=730.946938
[GA][Iter4] Gen:5 Ind:18 RMSE(val)=730.257631
[GA][Iter4] Gen:5 Ind:19 RMSE(val)=725.865881
[GA][Iter4] Gen:5 Ind:20 RMSE(val)=731.762222
[GA][Iter4] gen=5 best_val_rmse=717.743307
[GA][Iter4] Gen:6 Ind:1 RMSE(val)=717.743307
[GA][Iter4] Gen:6 Ind:2 RMSE(val)=720.423877
[GA][Iter4] Gen:6 Ind:3 RMSE(val)=720.423877
[GA][Iter4] Gen:6 Ind:4 RMSE(val)=721.960533
[GA][Iter4] Gen:6 Ind:5 RMSE(val)=725.404301
[GA][Iter4] Gen:6 Ind:6 RMSE(val)=725.865881
[GA][Iter4] Gen:6 Ind:7 RMSE(val)=726.382911
[GA][Iter4] Gen:6 Ind:8 RMSE(val)=726.535187
[GA][Iter4] Gen:6 Ind:9 RMSE(val)=727.853360
[GA][Iter4] Gen:6 Ind:10 RMSE(val)=728.283405
[GA][Iter4] Gen:6 Ind:11 RMSE(val)=727.193643
[GA][Iter4] Gen:6 Ind:12 RMSE(val)=730.970754
[GA][Iter4] Gen:6 Ind:13 RMSE(val)=723.090773
[GA][Iter4] Gen:6 Ind:14 RMSE(val)=726.670352
[GA][Iter4] Gen:6 Ind:15 RMSE(val)=734.348693
[GA][Iter4] Gen:6 Ind:16 RMSE(val)=733.320248
[GA][Iter4] Gen:6 Ind:17 RMSE(val)=729.892479
[GA][Iter4] Gen:6 Ind:18 RMSE(val)=731.934254
[GA][Iter4] Gen:6 Ind:19 RMSE(val)=735.509918
[GA][Iter4] Gen:6 Ind:20 RMSE(val)=735.391306
[GA][Iter4] gen=6 best_val_rmse=717.743307
[GA][Iter4] Gen:7 Ind:1 RMSE(val)=717.743307
[GA][Iter4] Gen:7 Ind:2 RMSE(val)=720.423877
[GA][Iter4] Gen:7 Ind:3 RMSE(val)=720.423877
[GA][Iter4] Gen:7 Ind:4 RMSE(val)=721.960533
[GA][Iter4] Gen:7 Ind:5 RMSE(val)=723.090773
[GA][Iter4] Gen:7 Ind:6 RMSE(val)=725.404301
[GA][Iter4] Gen:7 Ind:7 RMSE(val)=725.865881
[GA][Iter4] Gen:7 Ind:8 RMSE(val)=726.382911
[GA][Iter4] Gen:7 Ind:9 RMSE(val)=726.535187
[GA][Iter4] Gen:7 Ind:10 RMSE(val)=726.670352
[GA][Iter4] Gen:7 Ind:11 RMSE(val)=729.062732
[GA][Iter4] Gen:7 Ind:12 RMSE(val)=729.117411
[GA][Iter4] Gen:7 Ind:13 RMSE(val)=735.871798
[GA][Iter4] Gen:7 Ind:14 RMSE(val)=725.392348
[GA][Iter4] Gen:7 Ind:15 RMSE(val)=726.270816
[GA][Iter4] Gen:7 Ind:16 RMSE(val)=724.719867
[GA][Iter4] Gen:7 Ind:17 RMSE(val)=724.839125
[GA][Iter4] Gen:7 Ind:18 RMSE(val)=717.875241
[GA][Iter4] Gen:7 Ind:19 RMSE(val)=731.775771
[GA][Iter4] Gen:7 Ind:20 RMSE(val)=733.908658
[GA][Iter4] gen=7 best_val_rmse=717.743307
[GA][Iter4] Gen:8 Ind:1 RMSE(val)=717.743307
[GA][Iter4] Gen:8 Ind:2 RMSE(val)=717.875241
[GA][Iter4] Gen:8 Ind:3 RMSE(val)=720.423877
[GA][Iter4] Gen:8 Ind:4 RMSE(val)=720.423877
[GA][Iter4] Gen:8 Ind:5 RMSE(val)=721.960533
[GA][Iter4] Gen:8 Ind:6 RMSE(val)=723.090773
[GA][Iter4] Gen:8 Ind:7 RMSE(val)=724.719867
[GA][Iter4] Gen:8 Ind:8 RMSE(val)=724.839125
[GA][Iter4] Gen:8 Ind:9 RMSE(val)=725.392348
[GA][Iter4] Gen:8 Ind:10 RMSE(val)=725.404301
[GA][Iter4] Gen:8 Ind:11 RMSE(val)=719.172945
[GA][Iter4] Gen:8 Ind:12 RMSE(val)=726.278558
[GA][Iter4] Gen:8 Ind:13 RMSE(val)=722.291796
[GA][Iter4] Gen:8 Ind:14 RMSE(val)=726.784864
[GA][Iter4] Gen:8 Ind:15 RMSE(val)=726.261757
[GA][Iter4] Gen:8 Ind:16 RMSE(val)=726.703134
[GA][Iter4] Gen:8 Ind:17 RMSE(val)=727.696063
[GA][Iter4] Gen:8 Ind:18 RMSE(val)=723.113647
[GA][Iter4] Gen:8 Ind:19 RMSE(val)=724.974553
[GA][Iter4] Gen:8 Ind:20 RMSE(val)=729.339657
[GA][Iter4] gen=8 best_val_rmse=717.743307
[GA][Iter4] Gen:9 Ind:1 RMSE(val)=717.743307
[GA][Iter4] Gen:9 Ind:2 RMSE(val)=717.875241
[GA][Iter4] Gen:9 Ind:3 RMSE(val)=719.172945
[GA][Iter4] Gen:9 Ind:4 RMSE(val)=720.423877
[GA][Iter4] Gen:9 Ind:5 RMSE(val)=720.423877
[GA][Iter4] Gen:9 Ind:6 RMSE(val)=721.960533
[GA][Iter4] Gen:9 Ind:7 RMSE(val)=722.291796
[GA][Iter4] Gen:9 Ind:8 RMSE(val)=723.090773
[GA][Iter4] Gen:9 Ind:9 RMSE(val)=723.113647
[GA][Iter4] Gen:9 Ind:10 RMSE(val)=724.719867
[GA][Iter4] Gen:9 Ind:11 RMSE(val)=722.291796
[GA][Iter4] Gen:9 Ind:12 RMSE(val)=734.255908
[GA][Iter4] Gen:9 Ind:13 RMSE(val)=723.613765
[GA][Iter4] Gen:9 Ind:14 RMSE(val)=721.181495
[GA][Iter4] Gen:9 Ind:15 RMSE(val)=727.959055
[GA][Iter4] Gen:9 Ind:16 RMSE(val)=732.217355
[GA][Iter4] Gen:9 Ind:17 RMSE(val)=720.410267
[GA][Iter4] Gen:9 Ind:18 RMSE(val)=725.448685
[GA][Iter4] Gen:9 Ind:19 RMSE(val)=721.756422
[GA][Iter4] Gen:9 Ind:20 RMSE(val)=724.562950
[GA][Iter4] gen=9 best_val_rmse=717.743307
[GA][Iter4] Gen:10 Ind:1 RMSE(val)=717.743307
[GA][Iter4] Gen:10 Ind:2 RMSE(val)=717.875241
[GA][Iter4] Gen:10 Ind:3 RMSE(val)=719.172945
[GA][Iter4] Gen:10 Ind:4 RMSE(val)=720.410267
[GA][Iter4] Gen:10 Ind:5 RMSE(val)=720.423877
[GA][Iter4] Gen:10 Ind:6 RMSE(val)=720.423877
[GA][Iter4] Gen:10 Ind:7 RMSE(val)=721.181495
[GA][Iter4] Gen:10 Ind:8 RMSE(val)=721.756422
[GA][Iter4] Gen:10 Ind:9 RMSE(val)=721.960533
[GA][Iter4] Gen:10 Ind:10 RMSE(val)=722.291796
[GA][Iter4] Gen:10 Ind:11 RMSE(val)=725.414325
[GA][Iter4] Gen:10 Ind:12 RMSE(val)=727.325517
[GA][Iter4] Gen:10 Ind:13 RMSE(val)=719.172945
[GA][Iter4] Gen:10 Ind:14 RMSE(val)=720.423877
[GA][Iter4] Gen:10 Ind:15 RMSE(val)=720.423877
[GA][Iter4] Gen:10 Ind:16 RMSE(val)=722.585418
[GA][Iter4] Gen:10 Ind:17 RMSE(val)=720.423877
[GA][Iter4] Gen:10 Ind:18 RMSE(val)=724.353970
[GA][Iter4] Gen:10 Ind:19 RMSE(val)=718.236126
[GA][Iter4] Gen:10 Ind:20 RMSE(val)=735.625979
[GA][Iter4] gen=10 best_val_rmse=717.743307
[GA][Iter4] Gen:11 Ind:1 RMSE(val)=717.743307
[GA][Iter4] Gen:11 Ind:2 RMSE(val)=717.875241
[GA][Iter4] Gen:11 Ind:3 RMSE(val)=718.236126
[GA][Iter4] Gen:11 Ind:4 RMSE(val)=719.172945
[GA][Iter4] Gen:11 Ind:5 RMSE(val)=719.172945
[GA][Iter4] Gen:11 Ind:6 RMSE(val)=720.410267
[GA][Iter4] Gen:11 Ind:7 RMSE(val)=720.423877
[GA][Iter4] Gen:11 Ind:8 RMSE(val)=720.423877
[GA][Iter4] Gen:11 Ind:9 RMSE(val)=720.423877
[GA][Iter4] Gen:11 Ind:10 RMSE(val)=720.423877
[GA][Iter4] Gen:11 Ind:11 RMSE(val)=721.705465
[GA][Iter4] Gen:11 Ind:12 RMSE(val)=726.054808
[GA][Iter4] Gen:11 Ind:13 RMSE(val)=726.854294
[GA][Iter4] Gen:11 Ind:14 RMSE(val)=727.264750
[GA][Iter4] Gen:11 Ind:15 RMSE(val)=719.163483
[GA][Iter4] Gen:11 Ind:16 RMSE(val)=728.853701
[GA][Iter4] Gen:11 Ind:17 RMSE(val)=716.172197
[GA][Iter4] Gen:11 Ind:18 RMSE(val)=720.316867
[GA][Iter4] Gen:11 Ind:19 RMSE(val)=740.894352
[GA][Iter4] Gen:11 Ind:20 RMSE(val)=720.744291
[GA][Iter4] gen=11 best_val_rmse=716.172197
[GA][Iter4] Gen:12 Ind:1 RMSE(val)=716.172197
[GA][Iter4] Gen:12 Ind:2 RMSE(val)=717.743307
[GA][Iter4] Gen:12 Ind:3 RMSE(val)=717.875241
[GA][Iter4] Gen:12 Ind:4 RMSE(val)=718.236126
[GA][Iter4] Gen:12 Ind:5 RMSE(val)=719.163483
[GA][Iter4] Gen:12 Ind:6 RMSE(val)=719.172945
[GA][Iter4] Gen:12 Ind:7 RMSE(val)=719.172945
[GA][Iter4] Gen:12 Ind:8 RMSE(val)=720.316867
[GA][Iter4] Gen:12 Ind:9 RMSE(val)=720.410267
[GA][Iter4] Gen:12 Ind:10 RMSE(val)=720.423877
[GA][Iter4] Gen:12 Ind:11 RMSE(val)=723.080803
[GA][Iter4] Gen:12 Ind:12 RMSE(val)=715.510865
[GA][Iter4] Gen:12 Ind:13 RMSE(val)=726.703134
[GA][Iter4] Gen:12 Ind:14 RMSE(val)=723.008646
[GA][Iter4] Gen:12 Ind:15 RMSE(val)=720.423877
[GA][Iter4] Gen:12 Ind:16 RMSE(val)=721.158193
[GA][Iter4] Gen:12 Ind:17 RMSE(val)=719.172945
[GA][Iter4] Gen:12 Ind:18 RMSE(val)=724.651508
[GA][Iter4] Gen:12 Ind:19 RMSE(val)=720.316867
[GA][Iter4] Gen:12 Ind:20 RMSE(val)=734.488808
[GA][Iter4] gen=12 best_val_rmse=715.510865
[GA][Iter4] Gen:13 Ind:1 RMSE(val)=715.510865
[GA][Iter4] Gen:13 Ind:2 RMSE(val)=716.172197
[GA][Iter4] Gen:13 Ind:3 RMSE(val)=717.743307
[GA][Iter4] Gen:13 Ind:4 RMSE(val)=717.875241
[GA][Iter4] Gen:13 Ind:5 RMSE(val)=718.236126
[GA][Iter4] Gen:13 Ind:6 RMSE(val)=719.163483
[GA][Iter4] Gen:13 Ind:7 RMSE(val)=719.172945
[GA][Iter4] Gen:13 Ind:8 RMSE(val)=719.172945
[GA][Iter4] Gen:13 Ind:9 RMSE(val)=719.172945
[GA][Iter4] Gen:13 Ind:10 RMSE(val)=720.316867
[GA][Iter4] Gen:13 Ind:11 RMSE(val)=714.847870
[GA][Iter4] Gen:13 Ind:12 RMSE(val)=725.010312
[GA][Iter4] Gen:13 Ind:13 RMSE(val)=723.116132
[GA][Iter4] Gen:13 Ind:14 RMSE(val)=719.163483
[GA][Iter4] Gen:13 Ind:15 RMSE(val)=730.229672
[GA][Iter4] Gen:13 Ind:16 RMSE(val)=719.172945
[GA][Iter4] Gen:13 Ind:17 RMSE(val)=715.510865
[GA][Iter4] Gen:13 Ind:18 RMSE(val)=723.580313
[GA][Iter4] Gen:13 Ind:19 RMSE(val)=719.163483
[GA][Iter4] Gen:13 Ind:20 RMSE(val)=720.316867
[GA][Iter4] gen=13 best_val_rmse=714.847870
[GA][Iter4] Gen:14 Ind:1 RMSE(val)=714.847870
[GA][Iter4] Gen:14 Ind:2 RMSE(val)=715.510865
[GA][Iter4] Gen:14 Ind:3 RMSE(val)=715.510865
[GA][Iter4] Gen:14 Ind:4 RMSE(val)=716.172197
[GA][Iter4] Gen:14 Ind:5 RMSE(val)=717.743307
[GA][Iter4] Gen:14 Ind:6 RMSE(val)=717.875241
[GA][Iter4] Gen:14 Ind:7 RMSE(val)=718.236126
[GA][Iter4] Gen:14 Ind:8 RMSE(val)=719.163483
[GA][Iter4] Gen:14 Ind:9 RMSE(val)=719.163483
[GA][Iter4] Gen:14 Ind:10 RMSE(val)=719.163483
[GA][Iter4] Gen:14 Ind:11 RMSE(val)=722.143377
[GA][Iter4] Gen:14 Ind:12 RMSE(val)=726.497624
[GA][Iter4] Gen:14 Ind:13 RMSE(val)=723.304783
[GA][Iter4] Gen:14 Ind:14 RMSE(val)=720.171957
[GA][Iter4] Gen:14 Ind:15 RMSE(val)=725.011519
[GA][Iter4] Gen:14 Ind:16 RMSE(val)=726.703134
[GA][Iter4] Gen:14 Ind:17 RMSE(val)=714.810503
[GA][Iter4] Gen:14 Ind:18 RMSE(val)=716.209080
[GA][Iter4] Gen:14 Ind:19 RMSE(val)=717.875241
[GA][Iter4] Gen:14 Ind:20 RMSE(val)=720.564136
[GA][Iter4] gen=14 best_val_rmse=714.810503
[GA][Iter4] Gen:15 Ind:1 RMSE(val)=714.810503
[GA][Iter4] Gen:15 Ind:2 RMSE(val)=714.847870
[GA][Iter4] Gen:15 Ind:3 RMSE(val)=715.510865
[GA][Iter4] Gen:15 Ind:4 RMSE(val)=715.510865
[GA][Iter4] Gen:15 Ind:5 RMSE(val)=716.172197
[GA][Iter4] Gen:15 Ind:6 RMSE(val)=716.209080
[GA][Iter4] Gen:15 Ind:7 RMSE(val)=717.743307
[GA][Iter4] Gen:15 Ind:8 RMSE(val)=717.875241
[GA][Iter4] Gen:15 Ind:9 RMSE(val)=717.875241
[GA][Iter4] Gen:15 Ind:10 RMSE(val)=718.236126
[GA][Iter4] Gen:15 Ind:11 RMSE(val)=726.323961
[GA][Iter4] Gen:15 Ind:12 RMSE(val)=724.056551
[GA][Iter4] Gen:15 Ind:13 RMSE(val)=717.030680
[GA][Iter4] Gen:15 Ind:14 RMSE(val)=718.236126
[GA][Iter4] Gen:15 Ind:15 RMSE(val)=715.677890
[GA][Iter4] Gen:15 Ind:16 RMSE(val)=716.209080
[GA][Iter4] Gen:15 Ind:17 RMSE(val)=715.344264
[GA][Iter4] Gen:15 Ind:18 RMSE(val)=722.143377
[GA][Iter4] Gen:15 Ind:19 RMSE(val)=716.172197
[GA][Iter4] Gen:15 Ind:20 RMSE(val)=716.209080
[GA][Iter4] gen=15 best_val_rmse=714.810503
[GA][Iter4] Gen:15 Ind:1 RMSE(val)=714.810503
[GA][Iter4] Gen:15 Ind:2 RMSE(val)=714.847870
[GA][Iter4] Gen:15 Ind:3 RMSE(val)=715.344264
[GA][Iter4] Gen:15 Ind:4 RMSE(val)=715.510865
[GA][Iter4] Gen:15 Ind:5 RMSE(val)=715.510865
[GA][Iter4] Gen:15 Ind:6 RMSE(val)=715.677890
[GA][Iter4] Gen:15 Ind:7 RMSE(val)=716.172197
[GA][Iter4] Gen:15 Ind:8 RMSE(val)=716.172197
[GA][Iter4] Gen:15 Ind:9 RMSE(val)=716.209080
[GA][Iter4] Gen:15 Ind:10 RMSE(val)=716.209080
[GA][Iter4] Gen:15 Ind:11 RMSE(val)=716.209080
[GA][Iter4] Gen:15 Ind:12 RMSE(val)=714.810503
[GA][Iter4] Gen:15 Ind:13 RMSE(val)=716.172197
[GA][Iter4] Gen:15 Ind:14 RMSE(val)=715.513209
[GA][Iter4] Gen:15 Ind:15 RMSE(val)=725.533235
[GA][Iter4] Gen:15 Ind:16 RMSE(val)=724.972034
[GA][Iter4] Gen:15 Ind:17 RMSE(val)=715.510865
[GA][Iter4] Gen:15 Ind:18 RMSE(val)=715.344264
[GA][Iter4] Gen:15 Ind:19 RMSE(val)=718.486609
[GA][Iter4] Gen:15 Ind:20 RMSE(val)=714.955638

[GA DONE][Iter4] Best params on val fold of Iter4
Best val RMSE: 714.810503
Best params: {'n_estimators': 1324, 'learning_rate': 0.05885535029978782, 'max_depth': 3, 'min_child_weight': 1.8628991200317966, 'subsample': 0.8042365237309796, 'colsample_bytree': 0.9539153800516436, 'reg_lambda': 0.9874642689158354, 'reg_alpha': 0.012402648337142046, 'gamma': 0.21502688038133677}
--------------------------------------------------------------------------------
[RETUNE GA] Iter4: train folds 1..8 -> test fold 9  RMSE=788.387354  NRMSE=0.680971  CVRMSE=0.306375  R2=0.535425
[GA][Iter5] Gen:1 Ind:1 RMSE(val)=806.923127
[GA][Iter5] Gen:1 Ind:2 RMSE(val)=837.165804
[GA][Iter5] Gen:1 Ind:3 RMSE(val)=824.855680
[GA][Iter5] Gen:1 Ind:4 RMSE(val)=868.023398
[GA][Iter5] Gen:1 Ind:5 RMSE(val)=827.619824
[GA][Iter5] Gen:1 Ind:6 RMSE(val)=804.628218
[GA][Iter5] Gen:1 Ind:7 RMSE(val)=868.719432
[GA][Iter5] Gen:1 Ind:8 RMSE(val)=822.660875
[GA][Iter5] Gen:1 Ind:9 RMSE(val)=852.547082
[GA][Iter5] Gen:1 Ind:10 RMSE(val)=803.127069
[GA][Iter5] Gen:1 Ind:11 RMSE(val)=868.899644
[GA][Iter5] Gen:1 Ind:12 RMSE(val)=802.418901
[GA][Iter5] Gen:1 Ind:13 RMSE(val)=853.394757
[GA][Iter5] Gen:1 Ind:14 RMSE(val)=816.274779
[GA][Iter5] Gen:1 Ind:15 RMSE(val)=805.610408
[GA][Iter5] Gen:1 Ind:16 RMSE(val)=860.470115
[GA][Iter5] Gen:1 Ind:17 RMSE(val)=832.907747
[GA][Iter5] Gen:1 Ind:18 RMSE(val)=807.093584
[GA][Iter5] Gen:1 Ind:19 RMSE(val)=813.204739
[GA][Iter5] Gen:1 Ind:20 RMSE(val)=810.075763
[GA][Iter5] gen=1 best_val_rmse=802.418901
[GA][Iter5] Gen:2 Ind:1 RMSE(val)=802.418901
[GA][Iter5] Gen:2 Ind:2 RMSE(val)=803.127069
[GA][Iter5] Gen:2 Ind:3 RMSE(val)=804.628218
[GA][Iter5] Gen:2 Ind:4 RMSE(val)=805.610408
[GA][Iter5] Gen:2 Ind:5 RMSE(val)=806.923127
[GA][Iter5] Gen:2 Ind:6 RMSE(val)=807.093584
[GA][Iter5] Gen:2 Ind:7 RMSE(val)=810.075763
[GA][Iter5] Gen:2 Ind:8 RMSE(val)=813.204739
[GA][Iter5] Gen:2 Ind:9 RMSE(val)=816.274779
[GA][Iter5] Gen:2 Ind:10 RMSE(val)=822.660875
[GA][Iter5] Gen:2 Ind:11 RMSE(val)=806.445971
[GA][Iter5] Gen:2 Ind:12 RMSE(val)=812.619777
[GA][Iter5] Gen:2 Ind:13 RMSE(val)=818.226805
[GA][Iter5] Gen:2 Ind:14 RMSE(val)=813.190145
[GA][Iter5] Gen:2 Ind:15 RMSE(val)=812.342129
[GA][Iter5] Gen:2 Ind:16 RMSE(val)=810.999038
[GA][Iter5] Gen:2 Ind:17 RMSE(val)=809.213020
[GA][Iter5] Gen:2 Ind:18 RMSE(val)=805.863443
[GA][Iter5] Gen:2 Ind:19 RMSE(val)=824.791484
[GA][Iter5] Gen:2 Ind:20 RMSE(val)=815.499802
[GA][Iter5] gen=2 best_val_rmse=802.418901
[GA][Iter5] Gen:3 Ind:1 RMSE(val)=802.418901
[GA][Iter5] Gen:3 Ind:2 RMSE(val)=803.127069
[GA][Iter5] Gen:3 Ind:3 RMSE(val)=804.628218
[GA][Iter5] Gen:3 Ind:4 RMSE(val)=805.610408
[GA][Iter5] Gen:3 Ind:5 RMSE(val)=805.863443
[GA][Iter5] Gen:3 Ind:6 RMSE(val)=806.445971
[GA][Iter5] Gen:3 Ind:7 RMSE(val)=806.923127
[GA][Iter5] Gen:3 Ind:8 RMSE(val)=807.093584
[GA][Iter5] Gen:3 Ind:9 RMSE(val)=809.213020
[GA][Iter5] Gen:3 Ind:10 RMSE(val)=810.075763
[GA][Iter5] Gen:3 Ind:11 RMSE(val)=806.307152
[GA][Iter5] Gen:3 Ind:12 RMSE(val)=806.323835
[GA][Iter5] Gen:3 Ind:13 RMSE(val)=808.225880
[GA][Iter5] Gen:3 Ind:14 RMSE(val)=799.220575
[GA][Iter5] Gen:3 Ind:15 RMSE(val)=813.765729
[GA][Iter5] Gen:3 Ind:16 RMSE(val)=821.641677
[GA][Iter5] Gen:3 Ind:17 RMSE(val)=811.479309
[GA][Iter5] Gen:3 Ind:18 RMSE(val)=800.123661
[GA][Iter5] Gen:3 Ind:19 RMSE(val)=824.502044
[GA][Iter5] Gen:3 Ind:20 RMSE(val)=844.923616
[GA][Iter5] gen=3 best_val_rmse=799.220575
[GA][Iter5] Gen:4 Ind:1 RMSE(val)=799.220575
[GA][Iter5] Gen:4 Ind:2 RMSE(val)=800.123661
[GA][Iter5] Gen:4 Ind:3 RMSE(val)=802.418901
[GA][Iter5] Gen:4 Ind:4 RMSE(val)=803.127069
[GA][Iter5] Gen:4 Ind:5 RMSE(val)=804.628218
[GA][Iter5] Gen:4 Ind:6 RMSE(val)=805.610408
[GA][Iter5] Gen:4 Ind:7 RMSE(val)=805.863443
[GA][Iter5] Gen:4 Ind:8 RMSE(val)=806.307152
[GA][Iter5] Gen:4 Ind:9 RMSE(val)=806.323835
[GA][Iter5] Gen:4 Ind:10 RMSE(val)=806.445971
[GA][Iter5] Gen:4 Ind:11 RMSE(val)=807.293986
[GA][Iter5] Gen:4 Ind:12 RMSE(val)=827.942258
[GA][Iter5] Gen:4 Ind:13 RMSE(val)=800.900504
[GA][Iter5] Gen:4 Ind:14 RMSE(val)=810.108093
[GA][Iter5] Gen:4 Ind:15 RMSE(val)=811.235476
[GA][Iter5] Gen:4 Ind:16 RMSE(val)=808.346815
[GA][Iter5] Gen:4 Ind:17 RMSE(val)=810.015381
[GA][Iter5] Gen:4 Ind:18 RMSE(val)=803.221635
[GA][Iter5] Gen:4 Ind:19 RMSE(val)=847.865600
[GA][Iter5] Gen:4 Ind:20 RMSE(val)=800.887747
[GA][Iter5] gen=4 best_val_rmse=799.220575
[GA][Iter5] Gen:5 Ind:1 RMSE(val)=799.220575
[GA][Iter5] Gen:5 Ind:2 RMSE(val)=800.123661
[GA][Iter5] Gen:5 Ind:3 RMSE(val)=800.887747
[GA][Iter5] Gen:5 Ind:4 RMSE(val)=800.900504
[GA][Iter5] Gen:5 Ind:5 RMSE(val)=802.418901
[GA][Iter5] Gen:5 Ind:6 RMSE(val)=803.127069
[GA][Iter5] Gen:5 Ind:7 RMSE(val)=803.221635
[GA][Iter5] Gen:5 Ind:8 RMSE(val)=804.628218
[GA][Iter5] Gen:5 Ind:9 RMSE(val)=805.610408
[GA][Iter5] Gen:5 Ind:10 RMSE(val)=805.863443
[GA][Iter5] Gen:5 Ind:11 RMSE(val)=806.633414
[GA][Iter5] Gen:5 Ind:12 RMSE(val)=806.870329
[GA][Iter5] Gen:5 Ind:13 RMSE(val)=805.482988
[GA][Iter5] Gen:5 Ind:14 RMSE(val)=808.686906
[GA][Iter5] Gen:5 Ind:15 RMSE(val)=829.834195
[GA][Iter5] Gen:5 Ind:16 RMSE(val)=812.879111
[GA][Iter5] Gen:5 Ind:17 RMSE(val)=806.067856
[GA][Iter5] Gen:5 Ind:18 RMSE(val)=811.261685
[GA][Iter5] Gen:5 Ind:19 RMSE(val)=804.000087
[GA][Iter5] Gen:5 Ind:20 RMSE(val)=801.156927
[GA][Iter5] gen=5 best_val_rmse=799.220575
[GA][Iter5] Gen:6 Ind:1 RMSE(val)=799.220575
[GA][Iter5] Gen:6 Ind:2 RMSE(val)=800.123661
[GA][Iter5] Gen:6 Ind:3 RMSE(val)=800.887747
[GA][Iter5] Gen:6 Ind:4 RMSE(val)=800.900504
[GA][Iter5] Gen:6 Ind:5 RMSE(val)=801.156927
[GA][Iter5] Gen:6 Ind:6 RMSE(val)=802.418901
[GA][Iter5] Gen:6 Ind:7 RMSE(val)=803.127069
[GA][Iter5] Gen:6 Ind:8 RMSE(val)=803.221635
[GA][Iter5] Gen:6 Ind:9 RMSE(val)=804.000087
[GA][Iter5] Gen:6 Ind:10 RMSE(val)=804.628218
[GA][Iter5] Gen:6 Ind:11 RMSE(val)=807.586868
[GA][Iter5] Gen:6 Ind:12 RMSE(val)=801.038061
[GA][Iter5] Gen:6 Ind:13 RMSE(val)=808.798352
[GA][Iter5] Gen:6 Ind:14 RMSE(val)=819.602289
[GA][Iter5] Gen:6 Ind:15 RMSE(val)=815.989611
[GA][Iter5] Gen:6 Ind:16 RMSE(val)=802.482535
[GA][Iter5] Gen:6 Ind:17 RMSE(val)=797.103877
[GA][Iter5] Gen:6 Ind:18 RMSE(val)=813.571487
[GA][Iter5] Gen:6 Ind:19 RMSE(val)=801.052702
[GA][Iter5] Gen:6 Ind:20 RMSE(val)=801.126005
[GA][Iter5] gen=6 best_val_rmse=797.103877
[GA][Iter5] Gen:7 Ind:1 RMSE(val)=797.103877
[GA][Iter5] Gen:7 Ind:2 RMSE(val)=799.220575
[GA][Iter5] Gen:7 Ind:3 RMSE(val)=800.123661
[GA][Iter5] Gen:7 Ind:4 RMSE(val)=800.887747
[GA][Iter5] Gen:7 Ind:5 RMSE(val)=800.900504
[GA][Iter5] Gen:7 Ind:6 RMSE(val)=801.038061
[GA][Iter5] Gen:7 Ind:7 RMSE(val)=801.052702
[GA][Iter5] Gen:7 Ind:8 RMSE(val)=801.126005
[GA][Iter5] Gen:7 Ind:9 RMSE(val)=801.156927
[GA][Iter5] Gen:7 Ind:10 RMSE(val)=802.418901
[GA][Iter5] Gen:7 Ind:11 RMSE(val)=804.777977
[GA][Iter5] Gen:7 Ind:12 RMSE(val)=793.891714
[GA][Iter5] Gen:7 Ind:13 RMSE(val)=804.811053
[GA][Iter5] Gen:7 Ind:14 RMSE(val)=802.540145
[GA][Iter5] Gen:7 Ind:15 RMSE(val)=801.074655
[GA][Iter5] Gen:7 Ind:16 RMSE(val)=798.113747
[GA][Iter5] Gen:7 Ind:17 RMSE(val)=807.232981
[GA][Iter5] Gen:7 Ind:18 RMSE(val)=803.209488
[GA][Iter5] Gen:7 Ind:19 RMSE(val)=785.676529
[GA][Iter5] Gen:7 Ind:20 RMSE(val)=797.453063
[GA][Iter5] gen=7 best_val_rmse=785.676529
[GA][Iter5] Gen:8 Ind:1 RMSE(val)=785.676529
[GA][Iter5] Gen:8 Ind:2 RMSE(val)=793.891714
[GA][Iter5] Gen:8 Ind:3 RMSE(val)=797.103877
[GA][Iter5] Gen:8 Ind:4 RMSE(val)=797.453063
[GA][Iter5] Gen:8 Ind:5 RMSE(val)=798.113747
[GA][Iter5] Gen:8 Ind:6 RMSE(val)=799.220575
[GA][Iter5] Gen:8 Ind:7 RMSE(val)=800.123661
[GA][Iter5] Gen:8 Ind:8 RMSE(val)=800.887747
[GA][Iter5] Gen:8 Ind:9 RMSE(val)=800.900504
[GA][Iter5] Gen:8 Ind:10 RMSE(val)=801.038061
[GA][Iter5] Gen:8 Ind:11 RMSE(val)=795.466878
[GA][Iter5] Gen:8 Ind:12 RMSE(val)=792.223760
[GA][Iter5] Gen:8 Ind:13 RMSE(val)=799.748890
[GA][Iter5] Gen:8 Ind:14 RMSE(val)=798.972384
[GA][Iter5] Gen:8 Ind:15 RMSE(val)=791.422930
[GA][Iter5] Gen:8 Ind:16 RMSE(val)=794.499239
[GA][Iter5] Gen:8 Ind:17 RMSE(val)=805.974386
[GA][Iter5] Gen:8 Ind:18 RMSE(val)=793.232773
[GA][Iter5] Gen:8 Ind:19 RMSE(val)=793.680663
[GA][Iter5] Gen:8 Ind:20 RMSE(val)=798.960442
[GA][Iter5] gen=8 best_val_rmse=785.676529
[GA][Iter5] Gen:9 Ind:1 RMSE(val)=785.676529
[GA][Iter5] Gen:9 Ind:2 RMSE(val)=791.422930
[GA][Iter5] Gen:9 Ind:3 RMSE(val)=792.223760
[GA][Iter5] Gen:9 Ind:4 RMSE(val)=793.232773
[GA][Iter5] Gen:9 Ind:5 RMSE(val)=793.680663
[GA][Iter5] Gen:9 Ind:6 RMSE(val)=793.891714
[GA][Iter5] Gen:9 Ind:7 RMSE(val)=794.499239
[GA][Iter5] Gen:9 Ind:8 RMSE(val)=795.466878
[GA][Iter5] Gen:9 Ind:9 RMSE(val)=797.103877
[GA][Iter5] Gen:9 Ind:10 RMSE(val)=797.453063
[GA][Iter5] Gen:9 Ind:11 RMSE(val)=794.459735
[GA][Iter5] Gen:9 Ind:12 RMSE(val)=798.504177
[GA][Iter5] Gen:9 Ind:13 RMSE(val)=798.012632
[GA][Iter5] Gen:9 Ind:14 RMSE(val)=793.395075
[GA][Iter5] Gen:9 Ind:15 RMSE(val)=790.644468
[GA][Iter5] Gen:9 Ind:16 RMSE(val)=802.752597
[GA][Iter5] Gen:9 Ind:17 RMSE(val)=802.079915
[GA][Iter5] Gen:9 Ind:18 RMSE(val)=793.345532
[GA][Iter5] Gen:9 Ind:19 RMSE(val)=794.251787
[GA][Iter5] Gen:9 Ind:20 RMSE(val)=798.339879
[GA][Iter5] gen=9 best_val_rmse=785.676529
[GA][Iter5] Gen:10 Ind:1 RMSE(val)=785.676529
[GA][Iter5] Gen:10 Ind:2 RMSE(val)=790.644468
[GA][Iter5] Gen:10 Ind:3 RMSE(val)=791.422930
[GA][Iter5] Gen:10 Ind:4 RMSE(val)=792.223760
[GA][Iter5] Gen:10 Ind:5 RMSE(val)=793.232773
[GA][Iter5] Gen:10 Ind:6 RMSE(val)=793.345532
[GA][Iter5] Gen:10 Ind:7 RMSE(val)=793.395075
[GA][Iter5] Gen:10 Ind:8 RMSE(val)=793.680663
[GA][Iter5] Gen:10 Ind:9 RMSE(val)=793.891714
[GA][Iter5] Gen:10 Ind:10 RMSE(val)=794.251787
[GA][Iter5] Gen:10 Ind:11 RMSE(val)=793.324950
[GA][Iter5] Gen:10 Ind:12 RMSE(val)=793.343121
[GA][Iter5] Gen:10 Ind:13 RMSE(val)=793.921132
[GA][Iter5] Gen:10 Ind:14 RMSE(val)=802.192040
[GA][Iter5] Gen:10 Ind:15 RMSE(val)=792.354341
[GA][Iter5] Gen:10 Ind:16 RMSE(val)=791.983044
[GA][Iter5] Gen:10 Ind:17 RMSE(val)=784.642347
[GA][Iter5] Gen:10 Ind:18 RMSE(val)=798.379435
[GA][Iter5] Gen:10 Ind:19 RMSE(val)=792.493849
[GA][Iter5] Gen:10 Ind:20 RMSE(val)=794.416752
[GA][Iter5] gen=10 best_val_rmse=784.642347
[GA][Iter5] Gen:11 Ind:1 RMSE(val)=784.642347
[GA][Iter5] Gen:11 Ind:2 RMSE(val)=785.676529
[GA][Iter5] Gen:11 Ind:3 RMSE(val)=790.644468
[GA][Iter5] Gen:11 Ind:4 RMSE(val)=791.422930
[GA][Iter5] Gen:11 Ind:5 RMSE(val)=791.983044
[GA][Iter5] Gen:11 Ind:6 RMSE(val)=792.223760
[GA][Iter5] Gen:11 Ind:7 RMSE(val)=792.354341
[GA][Iter5] Gen:11 Ind:8 RMSE(val)=792.493849
[GA][Iter5] Gen:11 Ind:9 RMSE(val)=793.232773
[GA][Iter5] Gen:11 Ind:10 RMSE(val)=793.324950
[GA][Iter5] Gen:11 Ind:11 RMSE(val)=794.320079
[GA][Iter5] Gen:11 Ind:12 RMSE(val)=791.451654
[GA][Iter5] Gen:11 Ind:13 RMSE(val)=813.307966
[GA][Iter5] Gen:11 Ind:14 RMSE(val)=792.231034
[GA][Iter5] Gen:11 Ind:15 RMSE(val)=793.419122
[GA][Iter5] Gen:11 Ind:16 RMSE(val)=791.451654
[GA][Iter5] Gen:11 Ind:17 RMSE(val)=791.309953
[GA][Iter5] Gen:11 Ind:18 RMSE(val)=791.122175
[GA][Iter5] Gen:11 Ind:19 RMSE(val)=793.882288
[GA][Iter5] Gen:11 Ind:20 RMSE(val)=791.013026
[GA][Iter5] gen=11 best_val_rmse=784.642347
[GA][Iter5] Gen:12 Ind:1 RMSE(val)=784.642347
[GA][Iter5] Gen:12 Ind:2 RMSE(val)=785.676529
[GA][Iter5] Gen:12 Ind:3 RMSE(val)=790.644468
[GA][Iter5] Gen:12 Ind:4 RMSE(val)=791.013026
[GA][Iter5] Gen:12 Ind:5 RMSE(val)=791.122175
[GA][Iter5] Gen:12 Ind:6 RMSE(val)=791.309953
[GA][Iter5] Gen:12 Ind:7 RMSE(val)=791.422930
[GA][Iter5] Gen:12 Ind:8 RMSE(val)=791.451654
[GA][Iter5] Gen:12 Ind:9 RMSE(val)=791.451654
[GA][Iter5] Gen:12 Ind:10 RMSE(val)=791.983044
[GA][Iter5] Gen:12 Ind:11 RMSE(val)=792.300730
[GA][Iter5] Gen:12 Ind:12 RMSE(val)=795.071197
[GA][Iter5] Gen:12 Ind:13 RMSE(val)=790.644468
[GA][Iter5] Gen:12 Ind:14 RMSE(val)=796.322740
[GA][Iter5] Gen:12 Ind:15 RMSE(val)=793.198781
[GA][Iter5] Gen:12 Ind:16 RMSE(val)=793.735898
[GA][Iter5] Gen:12 Ind:17 RMSE(val)=791.962330
[GA][Iter5] Gen:12 Ind:18 RMSE(val)=794.155522
[GA][Iter5] Gen:12 Ind:19 RMSE(val)=796.063741
[GA][Iter5] Gen:12 Ind:20 RMSE(val)=813.307966
[GA][Iter5] gen=12 best_val_rmse=784.642347
[GA][Iter5] Gen:13 Ind:1 RMSE(val)=784.642347
[GA][Iter5] Gen:13 Ind:2 RMSE(val)=785.676529
[GA][Iter5] Gen:13 Ind:3 RMSE(val)=790.644468
[GA][Iter5] Gen:13 Ind:4 RMSE(val)=790.644468
[GA][Iter5] Gen:13 Ind:5 RMSE(val)=791.013026
[GA][Iter5] Gen:13 Ind:6 RMSE(val)=791.122175
[GA][Iter5] Gen:13 Ind:7 RMSE(val)=791.309953
[GA][Iter5] Gen:13 Ind:8 RMSE(val)=791.422930
[GA][Iter5] Gen:13 Ind:9 RMSE(val)=791.451654
[GA][Iter5] Gen:13 Ind:10 RMSE(val)=791.451654
[GA][Iter5] Gen:13 Ind:11 RMSE(val)=798.261849
[GA][Iter5] Gen:13 Ind:12 RMSE(val)=795.389129
[GA][Iter5] Gen:13 Ind:13 RMSE(val)=791.538863
[GA][Iter5] Gen:13 Ind:14 RMSE(val)=791.516206
[GA][Iter5] Gen:13 Ind:15 RMSE(val)=789.635438
[GA][Iter5] Gen:13 Ind:16 RMSE(val)=791.575451
[GA][Iter5] Gen:13 Ind:17 RMSE(val)=783.358757
[GA][Iter5] Gen:13 Ind:18 RMSE(val)=792.149161
[GA][Iter5] Gen:13 Ind:19 RMSE(val)=791.122175
[GA][Iter5] Gen:13 Ind:20 RMSE(val)=794.873658
[GA][Iter5] gen=13 best_val_rmse=783.358757
[GA][Iter5] Gen:14 Ind:1 RMSE(val)=783.358757
[GA][Iter5] Gen:14 Ind:2 RMSE(val)=784.642347
[GA][Iter5] Gen:14 Ind:3 RMSE(val)=785.676529
[GA][Iter5] Gen:14 Ind:4 RMSE(val)=789.635438
[GA][Iter5] Gen:14 Ind:5 RMSE(val)=790.644468
[GA][Iter5] Gen:14 Ind:6 RMSE(val)=790.644468
[GA][Iter5] Gen:14 Ind:7 RMSE(val)=791.013026
[GA][Iter5] Gen:14 Ind:8 RMSE(val)=791.122175
[GA][Iter5] Gen:14 Ind:9 RMSE(val)=791.122175
[GA][Iter5] Gen:14 Ind:10 RMSE(val)=791.309953
[GA][Iter5] Gen:14 Ind:11 RMSE(val)=791.496327
[GA][Iter5] Gen:14 Ind:12 RMSE(val)=791.314493
[GA][Iter5] Gen:14 Ind:13 RMSE(val)=789.836755
[GA][Iter5] Gen:14 Ind:14 RMSE(val)=799.588634
[GA][Iter5] Gen:14 Ind:15 RMSE(val)=795.499640
[GA][Iter5] Gen:14 Ind:16 RMSE(val)=792.509959
[GA][Iter5] Gen:14 Ind:17 RMSE(val)=789.635438
[GA][Iter5] Gen:14 Ind:18 RMSE(val)=792.354341
[GA][Iter5] Gen:14 Ind:19 RMSE(val)=791.946128
[GA][Iter5] Gen:14 Ind:20 RMSE(val)=793.006405
[GA][Iter5] gen=14 best_val_rmse=783.358757
[GA][Iter5] Gen:15 Ind:1 RMSE(val)=783.358757
[GA][Iter5] Gen:15 Ind:2 RMSE(val)=784.642347
[GA][Iter5] Gen:15 Ind:3 RMSE(val)=785.676529
[GA][Iter5] Gen:15 Ind:4 RMSE(val)=789.635438
[GA][Iter5] Gen:15 Ind:5 RMSE(val)=789.635438
[GA][Iter5] Gen:15 Ind:6 RMSE(val)=789.836755
[GA][Iter5] Gen:15 Ind:7 RMSE(val)=790.644468
[GA][Iter5] Gen:15 Ind:8 RMSE(val)=790.644468
[GA][Iter5] Gen:15 Ind:9 RMSE(val)=791.013026
[GA][Iter5] Gen:15 Ind:10 RMSE(val)=791.122175
[GA][Iter5] Gen:15 Ind:11 RMSE(val)=791.054640
[GA][Iter5] Gen:15 Ind:12 RMSE(val)=791.401106
[GA][Iter5] Gen:15 Ind:13 RMSE(val)=791.013026
[GA][Iter5] Gen:15 Ind:14 RMSE(val)=793.868833
[GA][Iter5] Gen:15 Ind:15 RMSE(val)=790.506329
[GA][Iter5] Gen:15 Ind:16 RMSE(val)=793.451642
[GA][Iter5] Gen:15 Ind:17 RMSE(val)=790.454913
[GA][Iter5] Gen:15 Ind:18 RMSE(val)=790.644468
[GA][Iter5] Gen:15 Ind:19 RMSE(val)=790.549685
[GA][Iter5] Gen:15 Ind:20 RMSE(val)=792.354341
[GA][Iter5] gen=15 best_val_rmse=783.358757
[GA][Iter5] Gen:15 Ind:1 RMSE(val)=783.358757
[GA][Iter5] Gen:15 Ind:2 RMSE(val)=784.642347
[GA][Iter5] Gen:15 Ind:3 RMSE(val)=785.676529
[GA][Iter5] Gen:15 Ind:4 RMSE(val)=789.635438
[GA][Iter5] Gen:15 Ind:5 RMSE(val)=789.635438
[GA][Iter5] Gen:15 Ind:6 RMSE(val)=789.836755
[GA][Iter5] Gen:15 Ind:7 RMSE(val)=790.454913
[GA][Iter5] Gen:15 Ind:8 RMSE(val)=790.506329
[GA][Iter5] Gen:15 Ind:9 RMSE(val)=790.549685
[GA][Iter5] Gen:15 Ind:10 RMSE(val)=790.644468
[GA][Iter5] Gen:15 Ind:11 RMSE(val)=796.400690
[GA][Iter5] Gen:15 Ind:12 RMSE(val)=783.358757
[GA][Iter5] Gen:15 Ind:13 RMSE(val)=785.291417
[GA][Iter5] Gen:15 Ind:14 RMSE(val)=783.495056
[GA][Iter5] Gen:15 Ind:15 RMSE(val)=813.105348
[GA][Iter5] Gen:15 Ind:16 RMSE(val)=792.799907
[GA][Iter5] Gen:15 Ind:17 RMSE(val)=790.549685
[GA][Iter5] Gen:15 Ind:18 RMSE(val)=792.683435
[GA][Iter5] Gen:15 Ind:19 RMSE(val)=790.765153
[GA][Iter5] Gen:15 Ind:20 RMSE(val)=783.623819

[GA DONE][Iter5] Best params on val fold of Iter5
Best val RMSE: 783.358757
Best params: {'n_estimators': 793, 'learning_rate': 0.019576743531156605, 'max_depth': 3, 'min_child_weight': 2.2011555846183226, 'subsample': 0.6400931100442903, 'colsample_bytree': 0.9941285515775249, 'reg_lambda': 2.7083696015290535, 'reg_alpha': 0.023631740619511895, 'gamma': 0.08288458688284585}
--------------------------------------------------------------------------------
[RETUNE GA] Iter5: train folds 1..9 -> test fold 10  RMSE=844.317439  NRMSE=0.609272  CVRMSE=0.279297  R2=0.628104
