=== BASELINE (project=rustlang, last-7 mean, expanding folds) ===
Iter1: train folds 1..5 -> test fold 6  RMSE=165.1339  NRMSE=0.9747  CVRMSE=0.3044  R˛=0.0480
Iter2: train folds 1..6 -> test fold 7  RMSE=100.8597  NRMSE=1.0164  CVRMSE=0.2396  R˛=-0.0352
Iter3: train folds 1..7 -> test fold 8  RMSE=123.2993  NRMSE=1.0237  CVRMSE=0.2797  R˛=-0.0502
Iter4: train folds 1..8 -> test fold 9  RMSE=120.3522  NRMSE=1.0423  CVRMSE=0.2567  R˛=-0.0887
Iter5: train folds 1..9 -> test fold 10  RMSE=99.4205  NRMSE=1.0406  CVRMSE=0.2131  R˛=-0.0852
--------------------------------------------------
[FEATURES] initial=137 kept_after_screening=73
['workflow_event_trigger', 'issuer_name', 'gh_files_added', 'gh_files_deleted', 'gh_files_modified', 'gh_lines_deleted', 'gh_test_churn', 'gh_is_pr', 'gh_description_complexity', 'gh_doc_files', 'total_jobs', 'gh_team_size_last_3_month', 'gh_num_pr_comments', 'docker_compose_changed', 'hour', 'dow', 'month', 'secs_since_prev', 'duration_lag_1', 'duration_lag_3', 'duration_lag_4', 'duration_lag_5', 'duration_lag_6', 'duration_lag_7', 'window_avg_7', 'window_std_7', 'ft___Dockerfile__', 'ft___css_', 'ft___hbs__', 'ft___j2__', 'ft___json5_', 'ft___lock_', 'ft___md_', 'ft___patch_', 'ft___rs_', 'ft___snap__', 'ft___snap___', 'ft___sql_', 'ft___toml_', 'ft___toml__', 'ft___ts_', 'ft___ts__', 'ft___txt__', 'ft___yaml_', 'ft___yaml__', 'ft___yml_', 'ft___yml__', 'ft____Dockerfile_', 'ft____Dockerfile__', 'ft____css__', 'ft____hbs_', 'ft____hbs__', 'ft____html__', 'ft____js__', 'ft____json__', 'ft____json5__', 'ft____lock__', 'ft____md__', 'ft____patch_', 'ft____pem_', 'ft____rs_', 'ft____rs__', 'ft____rs____dup1', 'ft____snap_', 'ft____snap__', 'ft____sql_', 'ft____sql__', 'ft____toml__', 'ft____ts_', 'ft____ts__', 'ft____yaml__', 'ft____yml__', 'ft___']
--------------------------------------------------------------------------------
[GA][Iter1] Gen:1 Ind:1 RMSE(val)=115.641283
[GA][Iter1] Gen:1 Ind:2 RMSE(val)=105.801778
[GA][Iter1] Gen:1 Ind:3 RMSE(val)=111.528929
[GA][Iter1] Gen:1 Ind:4 RMSE(val)=129.358035
[GA][Iter1] Gen:1 Ind:5 RMSE(val)=120.804217
[GA][Iter1] Gen:1 Ind:6 RMSE(val)=96.917867
[GA][Iter1] Gen:1 Ind:7 RMSE(val)=127.967620
[GA][Iter1] Gen:1 Ind:8 RMSE(val)=108.008702
[GA][Iter1] Gen:1 Ind:9 RMSE(val)=90.698093
[GA][Iter1] Gen:1 Ind:10 RMSE(val)=111.698222
[GA][Iter1] Gen:1 Ind:11 RMSE(val)=126.929889
[GA][Iter1] Gen:1 Ind:12 RMSE(val)=108.139697
[GA][Iter1] Gen:1 Ind:13 RMSE(val)=125.668021
[GA][Iter1] Gen:1 Ind:14 RMSE(val)=110.153988
[GA][Iter1] Gen:1 Ind:15 RMSE(val)=100.997347
[GA][Iter1] Gen:1 Ind:16 RMSE(val)=124.242198
[GA][Iter1] Gen:1 Ind:17 RMSE(val)=95.744336
[GA][Iter1] Gen:1 Ind:18 RMSE(val)=110.360140
[GA][Iter1] Gen:1 Ind:19 RMSE(val)=99.887714
[GA][Iter1] Gen:1 Ind:20 RMSE(val)=109.188094
[GA][Iter1] gen=1 best_val_rmse=90.698093
[GA][Iter1] Gen:2 Ind:1 RMSE(val)=90.698093
[GA][Iter1] Gen:2 Ind:2 RMSE(val)=95.744336
[GA][Iter1] Gen:2 Ind:3 RMSE(val)=96.917867
[GA][Iter1] Gen:2 Ind:4 RMSE(val)=99.887714
[GA][Iter1] Gen:2 Ind:5 RMSE(val)=100.997347
[GA][Iter1] Gen:2 Ind:6 RMSE(val)=105.801778
[GA][Iter1] Gen:2 Ind:7 RMSE(val)=108.008702
[GA][Iter1] Gen:2 Ind:8 RMSE(val)=108.139697
[GA][Iter1] Gen:2 Ind:9 RMSE(val)=109.188094
[GA][Iter1] Gen:2 Ind:10 RMSE(val)=110.153988
[GA][Iter1] Gen:2 Ind:11 RMSE(val)=107.156617
[GA][Iter1] Gen:2 Ind:12 RMSE(val)=104.363271
[GA][Iter1] Gen:2 Ind:13 RMSE(val)=105.851758
[GA][Iter1] Gen:2 Ind:14 RMSE(val)=120.296549
[GA][Iter1] Gen:2 Ind:15 RMSE(val)=104.645994
[GA][Iter1] Gen:2 Ind:16 RMSE(val)=112.511613
[GA][Iter1] Gen:2 Ind:17 RMSE(val)=97.171581
[GA][Iter1] Gen:2 Ind:18 RMSE(val)=117.316455
[GA][Iter1] Gen:2 Ind:19 RMSE(val)=101.945413
[GA][Iter1] Gen:2 Ind:20 RMSE(val)=106.537867
[GA][Iter1] gen=2 best_val_rmse=90.698093
[GA][Iter1] Gen:3 Ind:1 RMSE(val)=90.698093
[GA][Iter1] Gen:3 Ind:2 RMSE(val)=95.744336
[GA][Iter1] Gen:3 Ind:3 RMSE(val)=96.917867
[GA][Iter1] Gen:3 Ind:4 RMSE(val)=97.171581
[GA][Iter1] Gen:3 Ind:5 RMSE(val)=99.887714
[GA][Iter1] Gen:3 Ind:6 RMSE(val)=100.997347
[GA][Iter1] Gen:3 Ind:7 RMSE(val)=101.945413
[GA][Iter1] Gen:3 Ind:8 RMSE(val)=104.363271
[GA][Iter1] Gen:3 Ind:9 RMSE(val)=104.645994
[GA][Iter1] Gen:3 Ind:10 RMSE(val)=105.801778
[GA][Iter1] Gen:3 Ind:11 RMSE(val)=86.320855
[GA][Iter1] Gen:3 Ind:12 RMSE(val)=115.429415
[GA][Iter1] Gen:3 Ind:13 RMSE(val)=104.552465
[GA][Iter1] Gen:3 Ind:14 RMSE(val)=96.453026
[GA][Iter1] Gen:3 Ind:15 RMSE(val)=98.600904
[GA][Iter1] Gen:3 Ind:16 RMSE(val)=84.373016
[GA][Iter1] Gen:3 Ind:17 RMSE(val)=97.977739
[GA][Iter1] Gen:3 Ind:18 RMSE(val)=100.547033
[GA][Iter1] Gen:3 Ind:19 RMSE(val)=105.042381
[GA][Iter1] Gen:3 Ind:20 RMSE(val)=92.314308
[GA][Iter1] gen=3 best_val_rmse=84.373016
[GA][Iter1] Gen:4 Ind:1 RMSE(val)=84.373016
[GA][Iter1] Gen:4 Ind:2 RMSE(val)=86.320855
[GA][Iter1] Gen:4 Ind:3 RMSE(val)=90.698093
[GA][Iter1] Gen:4 Ind:4 RMSE(val)=92.314308
[GA][Iter1] Gen:4 Ind:5 RMSE(val)=95.744336
[GA][Iter1] Gen:4 Ind:6 RMSE(val)=96.453026
[GA][Iter1] Gen:4 Ind:7 RMSE(val)=96.917867
[GA][Iter1] Gen:4 Ind:8 RMSE(val)=97.171581
[GA][Iter1] Gen:4 Ind:9 RMSE(val)=97.977739
[GA][Iter1] Gen:4 Ind:10 RMSE(val)=98.600904
[GA][Iter1] Gen:4 Ind:11 RMSE(val)=97.340287
[GA][Iter1] Gen:4 Ind:12 RMSE(val)=96.478978
[GA][Iter1] Gen:4 Ind:13 RMSE(val)=107.471030
[GA][Iter1] Gen:4 Ind:14 RMSE(val)=90.891112
[GA][Iter1] Gen:4 Ind:15 RMSE(val)=98.399733
[GA][Iter1] Gen:4 Ind:16 RMSE(val)=95.879561
[GA][Iter1] Gen:4 Ind:17 RMSE(val)=96.596801
[GA][Iter1] Gen:4 Ind:18 RMSE(val)=92.700692
[GA][Iter1] Gen:4 Ind:19 RMSE(val)=96.307004
[GA][Iter1] Gen:4 Ind:20 RMSE(val)=101.304246
[GA][Iter1] gen=4 best_val_rmse=84.373016
[GA][Iter1] Gen:5 Ind:1 RMSE(val)=84.373016
[GA][Iter1] Gen:5 Ind:2 RMSE(val)=86.320855
[GA][Iter1] Gen:5 Ind:3 RMSE(val)=90.698093
[GA][Iter1] Gen:5 Ind:4 RMSE(val)=90.891112
[GA][Iter1] Gen:5 Ind:5 RMSE(val)=92.314308
[GA][Iter1] Gen:5 Ind:6 RMSE(val)=92.700692
[GA][Iter1] Gen:5 Ind:7 RMSE(val)=95.744336
[GA][Iter1] Gen:5 Ind:8 RMSE(val)=95.879561
[GA][Iter1] Gen:5 Ind:9 RMSE(val)=96.307004
[GA][Iter1] Gen:5 Ind:10 RMSE(val)=96.453026
[GA][Iter1] Gen:5 Ind:11 RMSE(val)=88.240126
[GA][Iter1] Gen:5 Ind:12 RMSE(val)=99.476006
[GA][Iter1] Gen:5 Ind:13 RMSE(val)=98.031561
[GA][Iter1] Gen:5 Ind:14 RMSE(val)=92.745512
[GA][Iter1] Gen:5 Ind:15 RMSE(val)=92.314308
[GA][Iter1] Gen:5 Ind:16 RMSE(val)=103.767029
[GA][Iter1] Gen:5 Ind:17 RMSE(val)=92.324885
[GA][Iter1] Gen:5 Ind:18 RMSE(val)=95.341310
[GA][Iter1] Gen:5 Ind:19 RMSE(val)=90.499867
[GA][Iter1] Gen:5 Ind:20 RMSE(val)=86.839065
[GA][Iter1] gen=5 best_val_rmse=84.373016
[GA][Iter1] Gen:6 Ind:1 RMSE(val)=84.373016
[GA][Iter1] Gen:6 Ind:2 RMSE(val)=86.320855
[GA][Iter1] Gen:6 Ind:3 RMSE(val)=86.839065
[GA][Iter1] Gen:6 Ind:4 RMSE(val)=88.240126
[GA][Iter1] Gen:6 Ind:5 RMSE(val)=90.499867
[GA][Iter1] Gen:6 Ind:6 RMSE(val)=90.698093
[GA][Iter1] Gen:6 Ind:7 RMSE(val)=90.891112
[GA][Iter1] Gen:6 Ind:8 RMSE(val)=92.314308
[GA][Iter1] Gen:6 Ind:9 RMSE(val)=92.314308
[GA][Iter1] Gen:6 Ind:10 RMSE(val)=92.324885
[GA][Iter1] Gen:6 Ind:11 RMSE(val)=93.336856
[GA][Iter1] Gen:6 Ind:12 RMSE(val)=90.468018
[GA][Iter1] Gen:6 Ind:13 RMSE(val)=86.807879
[GA][Iter1] Gen:6 Ind:14 RMSE(val)=102.032363
[GA][Iter1] Gen:6 Ind:15 RMSE(val)=82.487104
[GA][Iter1] Gen:6 Ind:16 RMSE(val)=92.457918
[GA][Iter1] Gen:6 Ind:17 RMSE(val)=92.181077
[GA][Iter1] Gen:6 Ind:18 RMSE(val)=97.350876
[GA][Iter1] Gen:6 Ind:19 RMSE(val)=83.287941
[GA][Iter1] Gen:6 Ind:20 RMSE(val)=98.387367
[GA][Iter1] gen=6 best_val_rmse=82.487104
[GA][Iter1] Gen:7 Ind:1 RMSE(val)=82.487104
[GA][Iter1] Gen:7 Ind:2 RMSE(val)=83.287941
[GA][Iter1] Gen:7 Ind:3 RMSE(val)=84.373016
[GA][Iter1] Gen:7 Ind:4 RMSE(val)=86.320855
[GA][Iter1] Gen:7 Ind:5 RMSE(val)=86.807879
[GA][Iter1] Gen:7 Ind:6 RMSE(val)=86.839065
[GA][Iter1] Gen:7 Ind:7 RMSE(val)=88.240126
[GA][Iter1] Gen:7 Ind:8 RMSE(val)=90.468018
[GA][Iter1] Gen:7 Ind:9 RMSE(val)=90.499867
[GA][Iter1] Gen:7 Ind:10 RMSE(val)=90.698093
[GA][Iter1] Gen:7 Ind:11 RMSE(val)=90.742669
[GA][Iter1] Gen:7 Ind:12 RMSE(val)=92.200380
[GA][Iter1] Gen:7 Ind:13 RMSE(val)=90.561271
[GA][Iter1] Gen:7 Ind:14 RMSE(val)=99.450586
[GA][Iter1] Gen:7 Ind:15 RMSE(val)=86.702781
[GA][Iter1] Gen:7 Ind:16 RMSE(val)=86.820246
[GA][Iter1] Gen:7 Ind:17 RMSE(val)=85.448541
[GA][Iter1] Gen:7 Ind:18 RMSE(val)=93.631979
[GA][Iter1] Gen:7 Ind:19 RMSE(val)=95.158815
[GA][Iter1] Gen:7 Ind:20 RMSE(val)=83.506471
[GA][Iter1] gen=7 best_val_rmse=82.487104
[GA][Iter1] Gen:8 Ind:1 RMSE(val)=82.487104
[GA][Iter1] Gen:8 Ind:2 RMSE(val)=83.287941
[GA][Iter1] Gen:8 Ind:3 RMSE(val)=83.506471
[GA][Iter1] Gen:8 Ind:4 RMSE(val)=84.373016
[GA][Iter1] Gen:8 Ind:5 RMSE(val)=85.448541
[GA][Iter1] Gen:8 Ind:6 RMSE(val)=86.320855
[GA][Iter1] Gen:8 Ind:7 RMSE(val)=86.702781
[GA][Iter1] Gen:8 Ind:8 RMSE(val)=86.807879
[GA][Iter1] Gen:8 Ind:9 RMSE(val)=86.820246
[GA][Iter1] Gen:8 Ind:10 RMSE(val)=86.839065
[GA][Iter1] Gen:8 Ind:11 RMSE(val)=86.419532
[GA][Iter1] Gen:8 Ind:12 RMSE(val)=86.918801
[GA][Iter1] Gen:8 Ind:13 RMSE(val)=86.529303
[GA][Iter1] Gen:8 Ind:14 RMSE(val)=85.925561
[GA][Iter1] Gen:8 Ind:15 RMSE(val)=84.373016
[GA][Iter1] Gen:8 Ind:16 RMSE(val)=83.100825
[GA][Iter1] Gen:8 Ind:17 RMSE(val)=85.148671
[GA][Iter1] Gen:8 Ind:18 RMSE(val)=83.144861
[GA][Iter1] Gen:8 Ind:19 RMSE(val)=84.031291
[GA][Iter1] Gen:8 Ind:20 RMSE(val)=86.909075
[GA][Iter1] gen=8 best_val_rmse=82.487104
[GA][Iter1] Gen:9 Ind:1 RMSE(val)=82.487104
[GA][Iter1] Gen:9 Ind:2 RMSE(val)=83.100825
[GA][Iter1] Gen:9 Ind:3 RMSE(val)=83.144861
[GA][Iter1] Gen:9 Ind:4 RMSE(val)=83.287941
[GA][Iter1] Gen:9 Ind:5 RMSE(val)=83.506471
[GA][Iter1] Gen:9 Ind:6 RMSE(val)=84.031291
[GA][Iter1] Gen:9 Ind:7 RMSE(val)=84.373016
[GA][Iter1] Gen:9 Ind:8 RMSE(val)=84.373016
[GA][Iter1] Gen:9 Ind:9 RMSE(val)=85.148671
[GA][Iter1] Gen:9 Ind:10 RMSE(val)=85.448541
[GA][Iter1] Gen:9 Ind:11 RMSE(val)=84.446784
[GA][Iter1] Gen:9 Ind:12 RMSE(val)=87.961007
[GA][Iter1] Gen:9 Ind:13 RMSE(val)=84.799872
[GA][Iter1] Gen:9 Ind:14 RMSE(val)=82.999345
[GA][Iter1] Gen:9 Ind:15 RMSE(val)=86.280000
[GA][Iter1] Gen:9 Ind:16 RMSE(val)=82.487104
[GA][Iter1] Gen:9 Ind:17 RMSE(val)=83.946357
[GA][Iter1] Gen:9 Ind:18 RMSE(val)=84.710468
[GA][Iter1] Gen:9 Ind:19 RMSE(val)=83.356811
[GA][Iter1] Gen:9 Ind:20 RMSE(val)=86.082570
[GA][Iter1] gen=9 best_val_rmse=82.487104
[GA][Iter1] Gen:10 Ind:1 RMSE(val)=82.487104
[GA][Iter1] Gen:10 Ind:2 RMSE(val)=82.487104
[GA][Iter1] Gen:10 Ind:3 RMSE(val)=82.999345
[GA][Iter1] Gen:10 Ind:4 RMSE(val)=83.100825
[GA][Iter1] Gen:10 Ind:5 RMSE(val)=83.144861
[GA][Iter1] Gen:10 Ind:6 RMSE(val)=83.287941
[GA][Iter1] Gen:10 Ind:7 RMSE(val)=83.356811
[GA][Iter1] Gen:10 Ind:8 RMSE(val)=83.506471
[GA][Iter1] Gen:10 Ind:9 RMSE(val)=83.946357
[GA][Iter1] Gen:10 Ind:10 RMSE(val)=84.031291
[GA][Iter1] Gen:10 Ind:11 RMSE(val)=82.125748
[GA][Iter1] Gen:10 Ind:12 RMSE(val)=83.303695
[GA][Iter1] Gen:10 Ind:13 RMSE(val)=82.999345
[GA][Iter1] Gen:10 Ind:14 RMSE(val)=83.244909
[GA][Iter1] Gen:10 Ind:15 RMSE(val)=83.287941
[GA][Iter1] Gen:10 Ind:16 RMSE(val)=82.589160
[GA][Iter1] Gen:10 Ind:17 RMSE(val)=83.144861
[GA][Iter1] Gen:10 Ind:18 RMSE(val)=83.506471
[GA][Iter1] Gen:10 Ind:19 RMSE(val)=82.589160
[GA][Iter1] Gen:10 Ind:20 RMSE(val)=82.491095
[GA][Iter1] gen=10 best_val_rmse=82.125748
[GA][Iter1] Gen:11 Ind:1 RMSE(val)=82.125748
[GA][Iter1] Gen:11 Ind:2 RMSE(val)=82.487104
[GA][Iter1] Gen:11 Ind:3 RMSE(val)=82.487104
[GA][Iter1] Gen:11 Ind:4 RMSE(val)=82.491095
[GA][Iter1] Gen:11 Ind:5 RMSE(val)=82.589160
[GA][Iter1] Gen:11 Ind:6 RMSE(val)=82.589160
[GA][Iter1] Gen:11 Ind:7 RMSE(val)=82.999345
[GA][Iter1] Gen:11 Ind:8 RMSE(val)=82.999345
[GA][Iter1] Gen:11 Ind:9 RMSE(val)=83.100825
[GA][Iter1] Gen:11 Ind:10 RMSE(val)=83.144861
[GA][Iter1] Gen:11 Ind:11 RMSE(val)=84.092731
[GA][Iter1] Gen:11 Ind:12 RMSE(val)=84.787697
[GA][Iter1] Gen:11 Ind:13 RMSE(val)=85.063947
[GA][Iter1] Gen:11 Ind:14 RMSE(val)=83.342449
[GA][Iter1] Gen:11 Ind:15 RMSE(val)=83.255523
[GA][Iter1] Gen:11 Ind:16 RMSE(val)=85.260223
[GA][Iter1] Gen:11 Ind:17 RMSE(val)=82.486408
[GA][Iter1] Gen:11 Ind:18 RMSE(val)=84.856965
[GA][Iter1] Gen:11 Ind:19 RMSE(val)=77.389489
[GA][Iter1] Gen:11 Ind:20 RMSE(val)=82.181883
[GA][Iter1] gen=11 best_val_rmse=77.389489
[GA][Iter1] Gen:12 Ind:1 RMSE(val)=77.389489
[GA][Iter1] Gen:12 Ind:2 RMSE(val)=82.125748
[GA][Iter1] Gen:12 Ind:3 RMSE(val)=82.181883
[GA][Iter1] Gen:12 Ind:4 RMSE(val)=82.486408
[GA][Iter1] Gen:12 Ind:5 RMSE(val)=82.487104
[GA][Iter1] Gen:12 Ind:6 RMSE(val)=82.487104
[GA][Iter1] Gen:12 Ind:7 RMSE(val)=82.491095
[GA][Iter1] Gen:12 Ind:8 RMSE(val)=82.589160
[GA][Iter1] Gen:12 Ind:9 RMSE(val)=82.589160
[GA][Iter1] Gen:12 Ind:10 RMSE(val)=82.999345
[GA][Iter1] Gen:12 Ind:11 RMSE(val)=83.480446
[GA][Iter1] Gen:12 Ind:12 RMSE(val)=83.785544
[GA][Iter1] Gen:12 Ind:13 RMSE(val)=84.402338
[GA][Iter1] Gen:12 Ind:14 RMSE(val)=82.090463
[GA][Iter1] Gen:12 Ind:15 RMSE(val)=82.999345
[GA][Iter1] Gen:12 Ind:16 RMSE(val)=82.932274
[GA][Iter1] Gen:12 Ind:17 RMSE(val)=82.589160
[GA][Iter1] Gen:12 Ind:18 RMSE(val)=83.616854
[GA][Iter1] Gen:12 Ind:19 RMSE(val)=82.487104
[GA][Iter1] Gen:12 Ind:20 RMSE(val)=92.381086
[GA][Iter1] gen=12 best_val_rmse=77.389489
[GA][Iter1] Gen:13 Ind:1 RMSE(val)=77.389489
[GA][Iter1] Gen:13 Ind:2 RMSE(val)=82.090463
[GA][Iter1] Gen:13 Ind:3 RMSE(val)=82.125748
[GA][Iter1] Gen:13 Ind:4 RMSE(val)=82.181883
[GA][Iter1] Gen:13 Ind:5 RMSE(val)=82.486408
[GA][Iter1] Gen:13 Ind:6 RMSE(val)=82.487104
[GA][Iter1] Gen:13 Ind:7 RMSE(val)=82.487104
[GA][Iter1] Gen:13 Ind:8 RMSE(val)=82.487104
[GA][Iter1] Gen:13 Ind:9 RMSE(val)=82.491095
[GA][Iter1] Gen:13 Ind:10 RMSE(val)=82.589160
[GA][Iter1] Gen:13 Ind:11 RMSE(val)=82.487104
[GA][Iter1] Gen:13 Ind:12 RMSE(val)=84.400294
[GA][Iter1] Gen:13 Ind:13 RMSE(val)=82.487104
[GA][Iter1] Gen:13 Ind:14 RMSE(val)=82.487104
[GA][Iter1] Gen:13 Ind:15 RMSE(val)=81.502703
[GA][Iter1] Gen:13 Ind:16 RMSE(val)=82.491095
[GA][Iter1] Gen:13 Ind:17 RMSE(val)=77.389489
[GA][Iter1] Gen:13 Ind:18 RMSE(val)=82.406541
[GA][Iter1] Gen:13 Ind:19 RMSE(val)=82.487104
[GA][Iter1] Gen:13 Ind:20 RMSE(val)=82.589160
[GA][Iter1] gen=13 best_val_rmse=77.389489
[GA][Iter1] Gen:14 Ind:1 RMSE(val)=77.389489
[GA][Iter1] Gen:14 Ind:2 RMSE(val)=77.389489
[GA][Iter1] Gen:14 Ind:3 RMSE(val)=81.502703
[GA][Iter1] Gen:14 Ind:4 RMSE(val)=82.090463
[GA][Iter1] Gen:14 Ind:5 RMSE(val)=82.125748
[GA][Iter1] Gen:14 Ind:6 RMSE(val)=82.181883
[GA][Iter1] Gen:14 Ind:7 RMSE(val)=82.406541
[GA][Iter1] Gen:14 Ind:8 RMSE(val)=82.486408
[GA][Iter1] Gen:14 Ind:9 RMSE(val)=82.487104
[GA][Iter1] Gen:14 Ind:10 RMSE(val)=82.487104
[GA][Iter1] Gen:14 Ind:11 RMSE(val)=81.258689
[GA][Iter1] Gen:14 Ind:12 RMSE(val)=81.954249
[GA][Iter1] Gen:14 Ind:13 RMSE(val)=82.406541
[GA][Iter1] Gen:14 Ind:14 RMSE(val)=82.342255
[GA][Iter1] Gen:14 Ind:15 RMSE(val)=82.048109
[GA][Iter1] Gen:14 Ind:16 RMSE(val)=84.077317
[GA][Iter1] Gen:14 Ind:17 RMSE(val)=82.090463
[GA][Iter1] Gen:14 Ind:18 RMSE(val)=77.563677
[GA][Iter1] Gen:14 Ind:19 RMSE(val)=83.226898
[GA][Iter1] Gen:14 Ind:20 RMSE(val)=83.786686
[GA][Iter1] gen=14 best_val_rmse=77.389489
[GA][Iter1] Gen:15 Ind:1 RMSE(val)=77.389489
[GA][Iter1] Gen:15 Ind:2 RMSE(val)=77.389489
[GA][Iter1] Gen:15 Ind:3 RMSE(val)=77.563677
[GA][Iter1] Gen:15 Ind:4 RMSE(val)=81.258689
[GA][Iter1] Gen:15 Ind:5 RMSE(val)=81.502703
[GA][Iter1] Gen:15 Ind:6 RMSE(val)=81.954249
[GA][Iter1] Gen:15 Ind:7 RMSE(val)=82.048109
[GA][Iter1] Gen:15 Ind:8 RMSE(val)=82.090463
[GA][Iter1] Gen:15 Ind:9 RMSE(val)=82.090463
[GA][Iter1] Gen:15 Ind:10 RMSE(val)=82.125748
[GA][Iter1] Gen:15 Ind:11 RMSE(val)=82.160611
[GA][Iter1] Gen:15 Ind:12 RMSE(val)=82.240707
[GA][Iter1] Gen:15 Ind:13 RMSE(val)=81.141849
[GA][Iter1] Gen:15 Ind:14 RMSE(val)=83.101329
[GA][Iter1] Gen:15 Ind:15 RMSE(val)=76.822719
[GA][Iter1] Gen:15 Ind:16 RMSE(val)=80.548851
[GA][Iter1] Gen:15 Ind:17 RMSE(val)=82.846300
[GA][Iter1] Gen:15 Ind:18 RMSE(val)=82.010535
[GA][Iter1] Gen:15 Ind:19 RMSE(val)=82.212018
[GA][Iter1] Gen:15 Ind:20 RMSE(val)=78.872484
[GA][Iter1] gen=15 best_val_rmse=76.822719
[GA][Iter1] Gen:15 Ind:1 RMSE(val)=76.822719
[GA][Iter1] Gen:15 Ind:2 RMSE(val)=77.389489
[GA][Iter1] Gen:15 Ind:3 RMSE(val)=77.389489
[GA][Iter1] Gen:15 Ind:4 RMSE(val)=77.563677
[GA][Iter1] Gen:15 Ind:5 RMSE(val)=78.872484
[GA][Iter1] Gen:15 Ind:6 RMSE(val)=80.548851
[GA][Iter1] Gen:15 Ind:7 RMSE(val)=81.141849
[GA][Iter1] Gen:15 Ind:8 RMSE(val)=81.258689
[GA][Iter1] Gen:15 Ind:9 RMSE(val)=81.502703
[GA][Iter1] Gen:15 Ind:10 RMSE(val)=81.954249
[GA][Iter1] Gen:15 Ind:11 RMSE(val)=82.394035
[GA][Iter1] Gen:15 Ind:12 RMSE(val)=76.822719
[GA][Iter1] Gen:15 Ind:13 RMSE(val)=81.467861
[GA][Iter1] Gen:15 Ind:14 RMSE(val)=77.563677
[GA][Iter1] Gen:15 Ind:15 RMSE(val)=89.377200
[GA][Iter1] Gen:15 Ind:16 RMSE(val)=84.584653
[GA][Iter1] Gen:15 Ind:17 RMSE(val)=77.389489
[GA][Iter1] Gen:15 Ind:18 RMSE(val)=77.563677
[GA][Iter1] Gen:15 Ind:19 RMSE(val)=81.181563
[GA][Iter1] Gen:15 Ind:20 RMSE(val)=81.116215

[GA DONE][Iter1] Best params on val fold of Iter1
Best val RMSE: 76.822719
Best params: {'n_estimators': 738, 'learning_rate': 0.07481187505307113, 'max_depth': 3, 'min_child_weight': 2.161259475300781, 'subsample': 0.5644627790760137, 'colsample_bytree': 0.953873261554681, 'reg_lambda': 0.6722692236560421, 'reg_alpha': 0.03854785946341567, 'gamma': 0.06944388136995679}
--------------------------------------------------------------------------------
[RETUNE GA] Iter1: train folds 1..5 -> test fold 6  RMSE=104.357577  NRMSE=0.615968  CVRMSE=0.192364  R2=0.619781
[GA][Iter2] Gen:1 Ind:1 RMSE(val)=102.600113
[GA][Iter2] Gen:1 Ind:2 RMSE(val)=102.892238
[GA][Iter2] Gen:1 Ind:3 RMSE(val)=103.637609
[GA][Iter2] Gen:1 Ind:4 RMSE(val)=107.678956
[GA][Iter2] Gen:1 Ind:5 RMSE(val)=107.228946
[GA][Iter2] Gen:1 Ind:6 RMSE(val)=105.112762
[GA][Iter2] Gen:1 Ind:7 RMSE(val)=108.309505
[GA][Iter2] Gen:1 Ind:8 RMSE(val)=107.076775
[GA][Iter2] Gen:1 Ind:9 RMSE(val)=106.696419
[GA][Iter2] Gen:1 Ind:10 RMSE(val)=104.621876
[GA][Iter2] Gen:1 Ind:11 RMSE(val)=108.951084
[GA][Iter2] Gen:1 Ind:12 RMSE(val)=102.266313
[GA][Iter2] Gen:1 Ind:13 RMSE(val)=107.197787
[GA][Iter2] Gen:1 Ind:14 RMSE(val)=102.342994
[GA][Iter2] Gen:1 Ind:15 RMSE(val)=103.159560
[GA][Iter2] Gen:1 Ind:16 RMSE(val)=108.046848
[GA][Iter2] Gen:1 Ind:17 RMSE(val)=104.062643
[GA][Iter2] Gen:1 Ind:18 RMSE(val)=107.111722
[GA][Iter2] Gen:1 Ind:19 RMSE(val)=103.544072
[GA][Iter2] Gen:1 Ind:20 RMSE(val)=102.855726
[GA][Iter2] gen=1 best_val_rmse=102.266313
[GA][Iter2] Gen:2 Ind:1 RMSE(val)=102.266313
[GA][Iter2] Gen:2 Ind:2 RMSE(val)=102.342994
[GA][Iter2] Gen:2 Ind:3 RMSE(val)=102.600113
[GA][Iter2] Gen:2 Ind:4 RMSE(val)=102.855726
[GA][Iter2] Gen:2 Ind:5 RMSE(val)=102.892238
[GA][Iter2] Gen:2 Ind:6 RMSE(val)=103.159560
[GA][Iter2] Gen:2 Ind:7 RMSE(val)=103.544072
[GA][Iter2] Gen:2 Ind:8 RMSE(val)=103.637609
[GA][Iter2] Gen:2 Ind:9 RMSE(val)=104.062643
[GA][Iter2] Gen:2 Ind:10 RMSE(val)=104.621876
[GA][Iter2] Gen:2 Ind:11 RMSE(val)=103.248103
[GA][Iter2] Gen:2 Ind:12 RMSE(val)=102.562648
[GA][Iter2] Gen:2 Ind:13 RMSE(val)=103.009875
[GA][Iter2] Gen:2 Ind:14 RMSE(val)=103.899451
[GA][Iter2] Gen:2 Ind:15 RMSE(val)=103.123201
[GA][Iter2] Gen:2 Ind:16 RMSE(val)=105.690416
[GA][Iter2] Gen:2 Ind:17 RMSE(val)=102.259730
[GA][Iter2] Gen:2 Ind:18 RMSE(val)=103.528728
[GA][Iter2] Gen:2 Ind:19 RMSE(val)=102.301941
[GA][Iter2] Gen:2 Ind:20 RMSE(val)=103.008245
[GA][Iter2] gen=2 best_val_rmse=102.259730
[GA][Iter2] Gen:3 Ind:1 RMSE(val)=102.259730
[GA][Iter2] Gen:3 Ind:2 RMSE(val)=102.266313
[GA][Iter2] Gen:3 Ind:3 RMSE(val)=102.301941
[GA][Iter2] Gen:3 Ind:4 RMSE(val)=102.342994
[GA][Iter2] Gen:3 Ind:5 RMSE(val)=102.562648
[GA][Iter2] Gen:3 Ind:6 RMSE(val)=102.600113
[GA][Iter2] Gen:3 Ind:7 RMSE(val)=102.855726
[GA][Iter2] Gen:3 Ind:8 RMSE(val)=102.892238
[GA][Iter2] Gen:3 Ind:9 RMSE(val)=103.008245
[GA][Iter2] Gen:3 Ind:10 RMSE(val)=103.009875
[GA][Iter2] Gen:3 Ind:11 RMSE(val)=102.598348
[GA][Iter2] Gen:3 Ind:12 RMSE(val)=103.187221
[GA][Iter2] Gen:3 Ind:13 RMSE(val)=101.824226
[GA][Iter2] Gen:3 Ind:14 RMSE(val)=102.623823
[GA][Iter2] Gen:3 Ind:15 RMSE(val)=102.761810
[GA][Iter2] Gen:3 Ind:16 RMSE(val)=103.076237
[GA][Iter2] Gen:3 Ind:17 RMSE(val)=102.075551
[GA][Iter2] Gen:3 Ind:18 RMSE(val)=102.798557
[GA][Iter2] Gen:3 Ind:19 RMSE(val)=104.139069
[GA][Iter2] Gen:3 Ind:20 RMSE(val)=101.704406
[GA][Iter2] gen=3 best_val_rmse=101.704406
[GA][Iter2] Gen:4 Ind:1 RMSE(val)=101.704406
[GA][Iter2] Gen:4 Ind:2 RMSE(val)=101.824226
[GA][Iter2] Gen:4 Ind:3 RMSE(val)=102.075551
[GA][Iter2] Gen:4 Ind:4 RMSE(val)=102.259730
[GA][Iter2] Gen:4 Ind:5 RMSE(val)=102.266313
[GA][Iter2] Gen:4 Ind:6 RMSE(val)=102.301941
[GA][Iter2] Gen:4 Ind:7 RMSE(val)=102.342994
[GA][Iter2] Gen:4 Ind:8 RMSE(val)=102.562648
[GA][Iter2] Gen:4 Ind:9 RMSE(val)=102.598348
[GA][Iter2] Gen:4 Ind:10 RMSE(val)=102.600113
[GA][Iter2] Gen:4 Ind:11 RMSE(val)=102.800179
[GA][Iter2] Gen:4 Ind:12 RMSE(val)=104.550360
[GA][Iter2] Gen:4 Ind:13 RMSE(val)=102.330923
[GA][Iter2] Gen:4 Ind:14 RMSE(val)=102.318943
[GA][Iter2] Gen:4 Ind:15 RMSE(val)=102.492518
[GA][Iter2] Gen:4 Ind:16 RMSE(val)=102.446985
[GA][Iter2] Gen:4 Ind:17 RMSE(val)=102.449333
[GA][Iter2] Gen:4 Ind:18 RMSE(val)=104.644065
[GA][Iter2] Gen:4 Ind:19 RMSE(val)=101.924635
[GA][Iter2] Gen:4 Ind:20 RMSE(val)=102.129536
[GA][Iter2] gen=4 best_val_rmse=101.704406
[GA][Iter2] Gen:5 Ind:1 RMSE(val)=101.704406
[GA][Iter2] Gen:5 Ind:2 RMSE(val)=101.824226
[GA][Iter2] Gen:5 Ind:3 RMSE(val)=101.924635
[GA][Iter2] Gen:5 Ind:4 RMSE(val)=102.075551
[GA][Iter2] Gen:5 Ind:5 RMSE(val)=102.129536
[GA][Iter2] Gen:5 Ind:6 RMSE(val)=102.259730
[GA][Iter2] Gen:5 Ind:7 RMSE(val)=102.266313
[GA][Iter2] Gen:5 Ind:8 RMSE(val)=102.301941
[GA][Iter2] Gen:5 Ind:9 RMSE(val)=102.318943
[GA][Iter2] Gen:5 Ind:10 RMSE(val)=102.330923
[GA][Iter2] Gen:5 Ind:11 RMSE(val)=102.460709
[GA][Iter2] Gen:5 Ind:12 RMSE(val)=102.178665
[GA][Iter2] Gen:5 Ind:13 RMSE(val)=107.063371
[GA][Iter2] Gen:5 Ind:14 RMSE(val)=102.853913
[GA][Iter2] Gen:5 Ind:15 RMSE(val)=104.446210
[GA][Iter2] Gen:5 Ind:16 RMSE(val)=102.885200
[GA][Iter2] Gen:5 Ind:17 RMSE(val)=101.312046
[GA][Iter2] Gen:5 Ind:18 RMSE(val)=101.922855
[GA][Iter2] Gen:5 Ind:19 RMSE(val)=102.036996
[GA][Iter2] Gen:5 Ind:20 RMSE(val)=104.988863
[GA][Iter2] gen=5 best_val_rmse=101.312046
[GA][Iter2] Gen:6 Ind:1 RMSE(val)=101.312046
[GA][Iter2] Gen:6 Ind:2 RMSE(val)=101.704406
[GA][Iter2] Gen:6 Ind:3 RMSE(val)=101.824226
[GA][Iter2] Gen:6 Ind:4 RMSE(val)=101.922855
[GA][Iter2] Gen:6 Ind:5 RMSE(val)=101.924635
[GA][Iter2] Gen:6 Ind:6 RMSE(val)=102.036996
[GA][Iter2] Gen:6 Ind:7 RMSE(val)=102.075551
[GA][Iter2] Gen:6 Ind:8 RMSE(val)=102.129536
[GA][Iter2] Gen:6 Ind:9 RMSE(val)=102.178665
[GA][Iter2] Gen:6 Ind:10 RMSE(val)=102.259730
[GA][Iter2] Gen:6 Ind:11 RMSE(val)=101.910535
[GA][Iter2] Gen:6 Ind:12 RMSE(val)=102.913305
[GA][Iter2] Gen:6 Ind:13 RMSE(val)=101.885650
[GA][Iter2] Gen:6 Ind:14 RMSE(val)=103.832592
[GA][Iter2] Gen:6 Ind:15 RMSE(val)=101.444060
[GA][Iter2] Gen:6 Ind:16 RMSE(val)=102.061939
[GA][Iter2] Gen:6 Ind:17 RMSE(val)=104.270929
[GA][Iter2] Gen:6 Ind:18 RMSE(val)=102.640828
[GA][Iter2] Gen:6 Ind:19 RMSE(val)=102.526447
[GA][Iter2] Gen:6 Ind:20 RMSE(val)=100.959267
[GA][Iter2] gen=6 best_val_rmse=100.959267
[GA][Iter2] Gen:7 Ind:1 RMSE(val)=100.959267
[GA][Iter2] Gen:7 Ind:2 RMSE(val)=101.312046
[GA][Iter2] Gen:7 Ind:3 RMSE(val)=101.444060
[GA][Iter2] Gen:7 Ind:4 RMSE(val)=101.704406
[GA][Iter2] Gen:7 Ind:5 RMSE(val)=101.824226
[GA][Iter2] Gen:7 Ind:6 RMSE(val)=101.885650
[GA][Iter2] Gen:7 Ind:7 RMSE(val)=101.910535
[GA][Iter2] Gen:7 Ind:8 RMSE(val)=101.922855
[GA][Iter2] Gen:7 Ind:9 RMSE(val)=101.924635
[GA][Iter2] Gen:7 Ind:10 RMSE(val)=102.036996
[GA][Iter2] Gen:7 Ind:11 RMSE(val)=102.571873
[GA][Iter2] Gen:7 Ind:12 RMSE(val)=102.694200
[GA][Iter2] Gen:7 Ind:13 RMSE(val)=101.705711
[GA][Iter2] Gen:7 Ind:14 RMSE(val)=102.992325
[GA][Iter2] Gen:7 Ind:15 RMSE(val)=100.893071
[GA][Iter2] Gen:7 Ind:16 RMSE(val)=101.824226
[GA][Iter2] Gen:7 Ind:17 RMSE(val)=103.579478
[GA][Iter2] Gen:7 Ind:18 RMSE(val)=102.780288
[GA][Iter2] Gen:7 Ind:19 RMSE(val)=103.630599
[GA][Iter2] Gen:7 Ind:20 RMSE(val)=102.481646
[GA][Iter2] gen=7 best_val_rmse=100.893071
[GA][Iter2] Gen:8 Ind:1 RMSE(val)=100.893071
[GA][Iter2] Gen:8 Ind:2 RMSE(val)=100.959267
[GA][Iter2] Gen:8 Ind:3 RMSE(val)=101.312046
[GA][Iter2] Gen:8 Ind:4 RMSE(val)=101.444060
[GA][Iter2] Gen:8 Ind:5 RMSE(val)=101.704406
[GA][Iter2] Gen:8 Ind:6 RMSE(val)=101.705711
[GA][Iter2] Gen:8 Ind:7 RMSE(val)=101.824226
[GA][Iter2] Gen:8 Ind:8 RMSE(val)=101.824226
[GA][Iter2] Gen:8 Ind:9 RMSE(val)=101.885650
[GA][Iter2] Gen:8 Ind:10 RMSE(val)=101.910535
[GA][Iter2] Gen:8 Ind:11 RMSE(val)=101.385223
[GA][Iter2] Gen:8 Ind:12 RMSE(val)=101.157698
[GA][Iter2] Gen:8 Ind:13 RMSE(val)=101.824226
[GA][Iter2] Gen:8 Ind:14 RMSE(val)=104.987164
[GA][Iter2] Gen:8 Ind:15 RMSE(val)=101.657115
[GA][Iter2] Gen:8 Ind:16 RMSE(val)=103.283589
[GA][Iter2] Gen:8 Ind:17 RMSE(val)=104.197876
[GA][Iter2] Gen:8 Ind:18 RMSE(val)=103.783829
[GA][Iter2] Gen:8 Ind:19 RMSE(val)=100.906203
[GA][Iter2] Gen:8 Ind:20 RMSE(val)=101.046222
[GA][Iter2] gen=8 best_val_rmse=100.893071
[GA][Iter2] Gen:9 Ind:1 RMSE(val)=100.893071
[GA][Iter2] Gen:9 Ind:2 RMSE(val)=100.906203
[GA][Iter2] Gen:9 Ind:3 RMSE(val)=100.959267
[GA][Iter2] Gen:9 Ind:4 RMSE(val)=101.046222
[GA][Iter2] Gen:9 Ind:5 RMSE(val)=101.157698
[GA][Iter2] Gen:9 Ind:6 RMSE(val)=101.312046
[GA][Iter2] Gen:9 Ind:7 RMSE(val)=101.385223
[GA][Iter2] Gen:9 Ind:8 RMSE(val)=101.444060
[GA][Iter2] Gen:9 Ind:9 RMSE(val)=101.657115
[GA][Iter2] Gen:9 Ind:10 RMSE(val)=101.704406
[GA][Iter2] Gen:9 Ind:11 RMSE(val)=101.785134
[GA][Iter2] Gen:9 Ind:12 RMSE(val)=102.454370
[GA][Iter2] Gen:9 Ind:13 RMSE(val)=101.801651
[GA][Iter2] Gen:9 Ind:14 RMSE(val)=104.229369
[GA][Iter2] Gen:9 Ind:15 RMSE(val)=101.283309
[GA][Iter2] Gen:9 Ind:16 RMSE(val)=100.769414
[GA][Iter2] Gen:9 Ind:17 RMSE(val)=102.328751
[GA][Iter2] Gen:9 Ind:18 RMSE(val)=101.157698
[GA][Iter2] Gen:9 Ind:19 RMSE(val)=102.574111
[GA][Iter2] Gen:9 Ind:20 RMSE(val)=103.058442
[GA][Iter2] gen=9 best_val_rmse=100.769414
[GA][Iter2] Gen:10 Ind:1 RMSE(val)=100.769414
[GA][Iter2] Gen:10 Ind:2 RMSE(val)=100.893071
[GA][Iter2] Gen:10 Ind:3 RMSE(val)=100.906203
[GA][Iter2] Gen:10 Ind:4 RMSE(val)=100.959267
[GA][Iter2] Gen:10 Ind:5 RMSE(val)=101.046222
[GA][Iter2] Gen:10 Ind:6 RMSE(val)=101.157698
[GA][Iter2] Gen:10 Ind:7 RMSE(val)=101.157698
[GA][Iter2] Gen:10 Ind:8 RMSE(val)=101.283309
[GA][Iter2] Gen:10 Ind:9 RMSE(val)=101.312046
[GA][Iter2] Gen:10 Ind:10 RMSE(val)=101.385223
[GA][Iter2] Gen:10 Ind:11 RMSE(val)=102.166976
[GA][Iter2] Gen:10 Ind:12 RMSE(val)=102.441099
[GA][Iter2] Gen:10 Ind:13 RMSE(val)=100.855330
[GA][Iter2] Gen:10 Ind:14 RMSE(val)=102.330963
[GA][Iter2] Gen:10 Ind:15 RMSE(val)=102.380093
[GA][Iter2] Gen:10 Ind:16 RMSE(val)=102.615951
[GA][Iter2] Gen:10 Ind:17 RMSE(val)=103.105244
[GA][Iter2] Gen:10 Ind:18 RMSE(val)=101.283309
[GA][Iter2] Gen:10 Ind:19 RMSE(val)=102.276279
[GA][Iter2] Gen:10 Ind:20 RMSE(val)=101.444060
[GA][Iter2] gen=10 best_val_rmse=100.769414
[GA][Iter2] Gen:11 Ind:1 RMSE(val)=100.769414
[GA][Iter2] Gen:11 Ind:2 RMSE(val)=100.855330
[GA][Iter2] Gen:11 Ind:3 RMSE(val)=100.893071
[GA][Iter2] Gen:11 Ind:4 RMSE(val)=100.906203
[GA][Iter2] Gen:11 Ind:5 RMSE(val)=100.959267
[GA][Iter2] Gen:11 Ind:6 RMSE(val)=101.046222
[GA][Iter2] Gen:11 Ind:7 RMSE(val)=101.157698
[GA][Iter2] Gen:11 Ind:8 RMSE(val)=101.157698
[GA][Iter2] Gen:11 Ind:9 RMSE(val)=101.283309
[GA][Iter2] Gen:11 Ind:10 RMSE(val)=101.283309
[GA][Iter2] Gen:11 Ind:11 RMSE(val)=101.849775
[GA][Iter2] Gen:11 Ind:12 RMSE(val)=101.008653
[GA][Iter2] Gen:11 Ind:13 RMSE(val)=102.050272
[GA][Iter2] Gen:11 Ind:14 RMSE(val)=101.342208
[GA][Iter2] Gen:11 Ind:15 RMSE(val)=102.199655
[GA][Iter2] Gen:11 Ind:16 RMSE(val)=100.893071
[GA][Iter2] Gen:11 Ind:17 RMSE(val)=101.172566
[GA][Iter2] Gen:11 Ind:18 RMSE(val)=100.314101
[GA][Iter2] Gen:11 Ind:19 RMSE(val)=100.447485
[GA][Iter2] Gen:11 Ind:20 RMSE(val)=101.296653
[GA][Iter2] gen=11 best_val_rmse=100.314101
[GA][Iter2] Gen:12 Ind:1 RMSE(val)=100.314101
[GA][Iter2] Gen:12 Ind:2 RMSE(val)=100.447485
[GA][Iter2] Gen:12 Ind:3 RMSE(val)=100.769414
[GA][Iter2] Gen:12 Ind:4 RMSE(val)=100.855330
[GA][Iter2] Gen:12 Ind:5 RMSE(val)=100.893071
[GA][Iter2] Gen:12 Ind:6 RMSE(val)=100.893071
[GA][Iter2] Gen:12 Ind:7 RMSE(val)=100.906203
[GA][Iter2] Gen:12 Ind:8 RMSE(val)=100.959267
[GA][Iter2] Gen:12 Ind:9 RMSE(val)=101.008653
[GA][Iter2] Gen:12 Ind:10 RMSE(val)=101.046222
[GA][Iter2] Gen:12 Ind:11 RMSE(val)=101.477296
[GA][Iter2] Gen:12 Ind:12 RMSE(val)=100.577197
[GA][Iter2] Gen:12 Ind:13 RMSE(val)=102.288561
[GA][Iter2] Gen:12 Ind:14 RMSE(val)=100.992366
[GA][Iter2] Gen:12 Ind:15 RMSE(val)=101.878479
[GA][Iter2] Gen:12 Ind:16 RMSE(val)=99.925727
[GA][Iter2] Gen:12 Ind:17 RMSE(val)=100.861992
[GA][Iter2] Gen:12 Ind:18 RMSE(val)=103.556911
[GA][Iter2] Gen:12 Ind:19 RMSE(val)=101.162364
[GA][Iter2] Gen:12 Ind:20 RMSE(val)=101.070931
[GA][Iter2] gen=12 best_val_rmse=99.925727
[GA][Iter2] Gen:13 Ind:1 RMSE(val)=99.925727
[GA][Iter2] Gen:13 Ind:2 RMSE(val)=100.314101
[GA][Iter2] Gen:13 Ind:3 RMSE(val)=100.447485
[GA][Iter2] Gen:13 Ind:4 RMSE(val)=100.577197
[GA][Iter2] Gen:13 Ind:5 RMSE(val)=100.769414
[GA][Iter2] Gen:13 Ind:6 RMSE(val)=100.855330
[GA][Iter2] Gen:13 Ind:7 RMSE(val)=100.861992
[GA][Iter2] Gen:13 Ind:8 RMSE(val)=100.893071
[GA][Iter2] Gen:13 Ind:9 RMSE(val)=100.893071
[GA][Iter2] Gen:13 Ind:10 RMSE(val)=100.906203
[GA][Iter2] Gen:13 Ind:11 RMSE(val)=101.479838
[GA][Iter2] Gen:13 Ind:12 RMSE(val)=102.070519
[GA][Iter2] Gen:13 Ind:13 RMSE(val)=99.495606
[GA][Iter2] Gen:13 Ind:14 RMSE(val)=100.847621
[GA][Iter2] Gen:13 Ind:15 RMSE(val)=101.245777
[GA][Iter2] Gen:13 Ind:16 RMSE(val)=100.552047
[GA][Iter2] Gen:13 Ind:17 RMSE(val)=99.925727
[GA][Iter2] Gen:13 Ind:18 RMSE(val)=103.308786
[GA][Iter2] Gen:13 Ind:19 RMSE(val)=100.855330
[GA][Iter2] Gen:13 Ind:20 RMSE(val)=101.245970
[GA][Iter2] gen=13 best_val_rmse=99.495606
[GA][Iter2] Gen:14 Ind:1 RMSE(val)=99.495606
[GA][Iter2] Gen:14 Ind:2 RMSE(val)=99.925727
[GA][Iter2] Gen:14 Ind:3 RMSE(val)=99.925727
[GA][Iter2] Gen:14 Ind:4 RMSE(val)=100.314101
[GA][Iter2] Gen:14 Ind:5 RMSE(val)=100.447485
[GA][Iter2] Gen:14 Ind:6 RMSE(val)=100.552047
[GA][Iter2] Gen:14 Ind:7 RMSE(val)=100.577197
[GA][Iter2] Gen:14 Ind:8 RMSE(val)=100.769414
[GA][Iter2] Gen:14 Ind:9 RMSE(val)=100.847621
[GA][Iter2] Gen:14 Ind:10 RMSE(val)=100.855330
[GA][Iter2] Gen:14 Ind:11 RMSE(val)=100.447485
[GA][Iter2] Gen:14 Ind:12 RMSE(val)=103.017420
[GA][Iter2] Gen:14 Ind:13 RMSE(val)=100.906203
[GA][Iter2] Gen:14 Ind:14 RMSE(val)=100.472204
[GA][Iter2] Gen:14 Ind:15 RMSE(val)=100.472204
[GA][Iter2] Gen:14 Ind:16 RMSE(val)=100.855330
[GA][Iter2] Gen:14 Ind:17 RMSE(val)=100.314101
[GA][Iter2] Gen:14 Ind:18 RMSE(val)=100.933499
[GA][Iter2] Gen:14 Ind:19 RMSE(val)=100.847621
[GA][Iter2] Gen:14 Ind:20 RMSE(val)=102.517866
[GA][Iter2] gen=14 best_val_rmse=99.495606
[GA][Iter2] Gen:15 Ind:1 RMSE(val)=99.495606
[GA][Iter2] Gen:15 Ind:2 RMSE(val)=99.925727
[GA][Iter2] Gen:15 Ind:3 RMSE(val)=99.925727
[GA][Iter2] Gen:15 Ind:4 RMSE(val)=100.314101
[GA][Iter2] Gen:15 Ind:5 RMSE(val)=100.314101
[GA][Iter2] Gen:15 Ind:6 RMSE(val)=100.447485
[GA][Iter2] Gen:15 Ind:7 RMSE(val)=100.447485
[GA][Iter2] Gen:15 Ind:8 RMSE(val)=100.472204
[GA][Iter2] Gen:15 Ind:9 RMSE(val)=100.472204
[GA][Iter2] Gen:15 Ind:10 RMSE(val)=100.552047
[GA][Iter2] Gen:15 Ind:11 RMSE(val)=100.387250
[GA][Iter2] Gen:15 Ind:12 RMSE(val)=100.027748
[GA][Iter2] Gen:15 Ind:13 RMSE(val)=102.081440
[GA][Iter2] Gen:15 Ind:14 RMSE(val)=100.552047
[GA][Iter2] Gen:15 Ind:15 RMSE(val)=99.847610
[GA][Iter2] Gen:15 Ind:16 RMSE(val)=100.706106
[GA][Iter2] Gen:15 Ind:17 RMSE(val)=101.555520
[GA][Iter2] Gen:15 Ind:18 RMSE(val)=100.447485
[GA][Iter2] Gen:15 Ind:19 RMSE(val)=101.549753
[GA][Iter2] Gen:15 Ind:20 RMSE(val)=101.354045
[GA][Iter2] gen=15 best_val_rmse=99.495606
[GA][Iter2] Gen:15 Ind:1 RMSE(val)=99.495606
[GA][Iter2] Gen:15 Ind:2 RMSE(val)=99.847610
[GA][Iter2] Gen:15 Ind:3 RMSE(val)=99.925727
[GA][Iter2] Gen:15 Ind:4 RMSE(val)=99.925727
[GA][Iter2] Gen:15 Ind:5 RMSE(val)=100.027748
[GA][Iter2] Gen:15 Ind:6 RMSE(val)=100.314101
[GA][Iter2] Gen:15 Ind:7 RMSE(val)=100.314101
[GA][Iter2] Gen:15 Ind:8 RMSE(val)=100.387250
[GA][Iter2] Gen:15 Ind:9 RMSE(val)=100.447485
[GA][Iter2] Gen:15 Ind:10 RMSE(val)=100.447485
[GA][Iter2] Gen:15 Ind:11 RMSE(val)=100.447485
[GA][Iter2] Gen:15 Ind:12 RMSE(val)=99.698613
[GA][Iter2] Gen:15 Ind:13 RMSE(val)=100.793449
[GA][Iter2] Gen:15 Ind:14 RMSE(val)=99.925727
[GA][Iter2] Gen:15 Ind:15 RMSE(val)=100.905558
[GA][Iter2] Gen:15 Ind:16 RMSE(val)=99.582784
[GA][Iter2] Gen:15 Ind:17 RMSE(val)=99.925727
[GA][Iter2] Gen:15 Ind:18 RMSE(val)=99.698613
[GA][Iter2] Gen:15 Ind:19 RMSE(val)=101.492412
[GA][Iter2] Gen:15 Ind:20 RMSE(val)=99.281529

[GA DONE][Iter2] Best params on val fold of Iter2
Best val RMSE: 99.281529
Best params: {'n_estimators': 1115, 'learning_rate': 0.053516464061094664, 'max_depth': 3, 'min_child_weight': 6.88987036646766, 'subsample': 0.5663605643041467, 'colsample_bytree': 0.6795350602746594, 'reg_lambda': 0.6722692236560421, 'reg_alpha': 1.218525049851119, 'gamma': 0.08288458688284585}
--------------------------------------------------------------------------------
[RETUNE GA] Iter2: train folds 1..6 -> test fold 7  RMSE=91.190657  NRMSE=0.918931  CVRMSE=0.216593  R2=0.153781
[GA][Iter3] Gen:1 Ind:1 RMSE(val)=95.855879
[GA][Iter3] Gen:1 Ind:2 RMSE(val)=88.474865
[GA][Iter3] Gen:1 Ind:3 RMSE(val)=115.665008
[GA][Iter3] Gen:1 Ind:4 RMSE(val)=136.976396
[GA][Iter3] Gen:1 Ind:5 RMSE(val)=106.645974
[GA][Iter3] Gen:1 Ind:6 RMSE(val)=109.597728
[GA][Iter3] Gen:1 Ind:7 RMSE(val)=141.413743
[GA][Iter3] Gen:1 Ind:8 RMSE(val)=88.268062
[GA][Iter3] Gen:1 Ind:9 RMSE(val)=95.217329
[GA][Iter3] Gen:1 Ind:10 RMSE(val)=93.898197
[GA][Iter3] Gen:1 Ind:11 RMSE(val)=132.881769
[GA][Iter3] Gen:1 Ind:12 RMSE(val)=92.586663
[GA][Iter3] Gen:1 Ind:13 RMSE(val)=123.850281
[GA][Iter3] Gen:1 Ind:14 RMSE(val)=97.044834
[GA][Iter3] Gen:1 Ind:15 RMSE(val)=104.705613
[GA][Iter3] Gen:1 Ind:16 RMSE(val)=130.598694
[GA][Iter3] Gen:1 Ind:17 RMSE(val)=92.693593
[GA][Iter3] Gen:1 Ind:18 RMSE(val)=95.424897
[GA][Iter3] Gen:1 Ind:19 RMSE(val)=112.524625
[GA][Iter3] Gen:1 Ind:20 RMSE(val)=99.815628
[GA][Iter3] gen=1 best_val_rmse=88.268062
[GA][Iter3] Gen:2 Ind:1 RMSE(val)=88.268062
[GA][Iter3] Gen:2 Ind:2 RMSE(val)=88.474865
[GA][Iter3] Gen:2 Ind:3 RMSE(val)=92.586663
[GA][Iter3] Gen:2 Ind:4 RMSE(val)=92.693593
[GA][Iter3] Gen:2 Ind:5 RMSE(val)=93.898197
[GA][Iter3] Gen:2 Ind:6 RMSE(val)=95.217329
[GA][Iter3] Gen:2 Ind:7 RMSE(val)=95.424897
[GA][Iter3] Gen:2 Ind:8 RMSE(val)=95.855879
[GA][Iter3] Gen:2 Ind:9 RMSE(val)=97.044834
[GA][Iter3] Gen:2 Ind:10 RMSE(val)=99.815628
[GA][Iter3] Gen:2 Ind:11 RMSE(val)=92.869514
[GA][Iter3] Gen:2 Ind:12 RMSE(val)=91.806550
[GA][Iter3] Gen:2 Ind:13 RMSE(val)=97.314746
[GA][Iter3] Gen:2 Ind:14 RMSE(val)=87.266726
[GA][Iter3] Gen:2 Ind:15 RMSE(val)=92.636799
[GA][Iter3] Gen:2 Ind:16 RMSE(val)=93.506501
[GA][Iter3] Gen:2 Ind:17 RMSE(val)=86.092374
[GA][Iter3] Gen:2 Ind:18 RMSE(val)=95.028917
[GA][Iter3] Gen:2 Ind:19 RMSE(val)=90.393018
[GA][Iter3] Gen:2 Ind:20 RMSE(val)=104.885153
[GA][Iter3] gen=2 best_val_rmse=86.092374
[GA][Iter3] Gen:3 Ind:1 RMSE(val)=86.092374
[GA][Iter3] Gen:3 Ind:2 RMSE(val)=87.266726
[GA][Iter3] Gen:3 Ind:3 RMSE(val)=88.268062
[GA][Iter3] Gen:3 Ind:4 RMSE(val)=88.474865
[GA][Iter3] Gen:3 Ind:5 RMSE(val)=90.393018
[GA][Iter3] Gen:3 Ind:6 RMSE(val)=91.806550
[GA][Iter3] Gen:3 Ind:7 RMSE(val)=92.586663
[GA][Iter3] Gen:3 Ind:8 RMSE(val)=92.636799
[GA][Iter3] Gen:3 Ind:9 RMSE(val)=92.693593
[GA][Iter3] Gen:3 Ind:10 RMSE(val)=92.869514
[GA][Iter3] Gen:3 Ind:11 RMSE(val)=94.815282
[GA][Iter3] Gen:3 Ind:12 RMSE(val)=94.946697
[GA][Iter3] Gen:3 Ind:13 RMSE(val)=86.378008
[GA][Iter3] Gen:3 Ind:14 RMSE(val)=84.237993
[GA][Iter3] Gen:3 Ind:15 RMSE(val)=86.973309
[GA][Iter3] Gen:3 Ind:16 RMSE(val)=87.903301
[GA][Iter3] Gen:3 Ind:17 RMSE(val)=97.095510
[GA][Iter3] Gen:3 Ind:18 RMSE(val)=97.737743
[GA][Iter3] Gen:3 Ind:19 RMSE(val)=90.514079
[GA][Iter3] Gen:3 Ind:20 RMSE(val)=87.409611
[GA][Iter3] gen=3 best_val_rmse=84.237993
[GA][Iter3] Gen:4 Ind:1 RMSE(val)=84.237993
[GA][Iter3] Gen:4 Ind:2 RMSE(val)=86.092374
[GA][Iter3] Gen:4 Ind:3 RMSE(val)=86.378008
[GA][Iter3] Gen:4 Ind:4 RMSE(val)=86.973309
[GA][Iter3] Gen:4 Ind:5 RMSE(val)=87.266726
[GA][Iter3] Gen:4 Ind:6 RMSE(val)=87.409611
[GA][Iter3] Gen:4 Ind:7 RMSE(val)=87.903301
[GA][Iter3] Gen:4 Ind:8 RMSE(val)=88.268062
[GA][Iter3] Gen:4 Ind:9 RMSE(val)=88.474865
[GA][Iter3] Gen:4 Ind:10 RMSE(val)=90.393018
[GA][Iter3] Gen:4 Ind:11 RMSE(val)=89.352389
[GA][Iter3] Gen:4 Ind:12 RMSE(val)=87.420814
[GA][Iter3] Gen:4 Ind:13 RMSE(val)=83.437121
[GA][Iter3] Gen:4 Ind:14 RMSE(val)=86.128762
[GA][Iter3] Gen:4 Ind:15 RMSE(val)=90.488564
[GA][Iter3] Gen:4 Ind:16 RMSE(val)=90.024711
[GA][Iter3] Gen:4 Ind:17 RMSE(val)=89.629242
[GA][Iter3] Gen:4 Ind:18 RMSE(val)=90.680466
[GA][Iter3] Gen:4 Ind:19 RMSE(val)=87.633531
[GA][Iter3] Gen:4 Ind:20 RMSE(val)=86.485125
[GA][Iter3] gen=4 best_val_rmse=83.437121
[GA][Iter3] Gen:5 Ind:1 RMSE(val)=83.437121
[GA][Iter3] Gen:5 Ind:2 RMSE(val)=84.237993
[GA][Iter3] Gen:5 Ind:3 RMSE(val)=86.092374
[GA][Iter3] Gen:5 Ind:4 RMSE(val)=86.128762
[GA][Iter3] Gen:5 Ind:5 RMSE(val)=86.378008
[GA][Iter3] Gen:5 Ind:6 RMSE(val)=86.485125
[GA][Iter3] Gen:5 Ind:7 RMSE(val)=86.973309
[GA][Iter3] Gen:5 Ind:8 RMSE(val)=87.266726
[GA][Iter3] Gen:5 Ind:9 RMSE(val)=87.409611
[GA][Iter3] Gen:5 Ind:10 RMSE(val)=87.420814
[GA][Iter3] Gen:5 Ind:11 RMSE(val)=88.409616
[GA][Iter3] Gen:5 Ind:12 RMSE(val)=87.805919
[GA][Iter3] Gen:5 Ind:13 RMSE(val)=93.545105
[GA][Iter3] Gen:5 Ind:14 RMSE(val)=88.054837
[GA][Iter3] Gen:5 Ind:15 RMSE(val)=88.893252
[GA][Iter3] Gen:5 Ind:16 RMSE(val)=87.431974
[GA][Iter3] Gen:5 Ind:17 RMSE(val)=89.994374
[GA][Iter3] Gen:5 Ind:18 RMSE(val)=88.894049
[GA][Iter3] Gen:5 Ind:19 RMSE(val)=84.976128
[GA][Iter3] Gen:5 Ind:20 RMSE(val)=83.784706
[GA][Iter3] gen=5 best_val_rmse=83.437121
[GA][Iter3] Gen:6 Ind:1 RMSE(val)=83.437121
[GA][Iter3] Gen:6 Ind:2 RMSE(val)=83.784706
[GA][Iter3] Gen:6 Ind:3 RMSE(val)=84.237993
[GA][Iter3] Gen:6 Ind:4 RMSE(val)=84.976128
[GA][Iter3] Gen:6 Ind:5 RMSE(val)=86.092374
[GA][Iter3] Gen:6 Ind:6 RMSE(val)=86.128762
[GA][Iter3] Gen:6 Ind:7 RMSE(val)=86.378008
[GA][Iter3] Gen:6 Ind:8 RMSE(val)=86.485125
[GA][Iter3] Gen:6 Ind:9 RMSE(val)=86.973309
[GA][Iter3] Gen:6 Ind:10 RMSE(val)=87.266726
[GA][Iter3] Gen:6 Ind:11 RMSE(val)=84.901839
[GA][Iter3] Gen:6 Ind:12 RMSE(val)=85.489860
[GA][Iter3] Gen:6 Ind:13 RMSE(val)=86.092374
[GA][Iter3] Gen:6 Ind:14 RMSE(val)=89.929084
[GA][Iter3] Gen:6 Ind:15 RMSE(val)=84.257627
[GA][Iter3] Gen:6 Ind:16 RMSE(val)=88.269234
[GA][Iter3] Gen:6 Ind:17 RMSE(val)=87.529907
[GA][Iter3] Gen:6 Ind:18 RMSE(val)=86.274369
[GA][Iter3] Gen:6 Ind:19 RMSE(val)=85.288435
[GA][Iter3] Gen:6 Ind:20 RMSE(val)=87.187288
[GA][Iter3] gen=6 best_val_rmse=83.437121
[GA][Iter3] Gen:7 Ind:1 RMSE(val)=83.437121
[GA][Iter3] Gen:7 Ind:2 RMSE(val)=83.784706
[GA][Iter3] Gen:7 Ind:3 RMSE(val)=84.237993
[GA][Iter3] Gen:7 Ind:4 RMSE(val)=84.257627
[GA][Iter3] Gen:7 Ind:5 RMSE(val)=84.901839
[GA][Iter3] Gen:7 Ind:6 RMSE(val)=84.976128
[GA][Iter3] Gen:7 Ind:7 RMSE(val)=85.288435
[GA][Iter3] Gen:7 Ind:8 RMSE(val)=85.489860
[GA][Iter3] Gen:7 Ind:9 RMSE(val)=86.092374
[GA][Iter3] Gen:7 Ind:10 RMSE(val)=86.092374
[GA][Iter3] Gen:7 Ind:11 RMSE(val)=85.803528
[GA][Iter3] Gen:7 Ind:12 RMSE(val)=84.160646
[GA][Iter3] Gen:7 Ind:13 RMSE(val)=86.008483
[GA][Iter3] Gen:7 Ind:14 RMSE(val)=87.043848
[GA][Iter3] Gen:7 Ind:15 RMSE(val)=83.815489
[GA][Iter3] Gen:7 Ind:16 RMSE(val)=86.743195
[GA][Iter3] Gen:7 Ind:17 RMSE(val)=85.192499
[GA][Iter3] Gen:7 Ind:18 RMSE(val)=86.523332
[GA][Iter3] Gen:7 Ind:19 RMSE(val)=88.756766
[GA][Iter3] Gen:7 Ind:20 RMSE(val)=83.849693
[GA][Iter3] gen=7 best_val_rmse=83.437121
[GA][Iter3] Gen:8 Ind:1 RMSE(val)=83.437121
[GA][Iter3] Gen:8 Ind:2 RMSE(val)=83.784706
[GA][Iter3] Gen:8 Ind:3 RMSE(val)=83.815489
[GA][Iter3] Gen:8 Ind:4 RMSE(val)=83.849693
[GA][Iter3] Gen:8 Ind:5 RMSE(val)=84.160646
[GA][Iter3] Gen:8 Ind:6 RMSE(val)=84.237993
[GA][Iter3] Gen:8 Ind:7 RMSE(val)=84.257627
[GA][Iter3] Gen:8 Ind:8 RMSE(val)=84.901839
[GA][Iter3] Gen:8 Ind:9 RMSE(val)=84.976128
[GA][Iter3] Gen:8 Ind:10 RMSE(val)=85.192499
[GA][Iter3] Gen:8 Ind:11 RMSE(val)=84.411653
[GA][Iter3] Gen:8 Ind:12 RMSE(val)=83.129252
[GA][Iter3] Gen:8 Ind:13 RMSE(val)=86.443460
[GA][Iter3] Gen:8 Ind:14 RMSE(val)=85.185867
[GA][Iter3] Gen:8 Ind:15 RMSE(val)=83.515622
[GA][Iter3] Gen:8 Ind:16 RMSE(val)=83.111105
[GA][Iter3] Gen:8 Ind:17 RMSE(val)=84.628501
[GA][Iter3] Gen:8 Ind:18 RMSE(val)=85.192711
[GA][Iter3] Gen:8 Ind:19 RMSE(val)=83.635700
[GA][Iter3] Gen:8 Ind:20 RMSE(val)=82.383468
[GA][Iter3] gen=8 best_val_rmse=82.383468
[GA][Iter3] Gen:9 Ind:1 RMSE(val)=82.383468
[GA][Iter3] Gen:9 Ind:2 RMSE(val)=83.111105
[GA][Iter3] Gen:9 Ind:3 RMSE(val)=83.129252
[GA][Iter3] Gen:9 Ind:4 RMSE(val)=83.437121
[GA][Iter3] Gen:9 Ind:5 RMSE(val)=83.515622
[GA][Iter3] Gen:9 Ind:6 RMSE(val)=83.635700
[GA][Iter3] Gen:9 Ind:7 RMSE(val)=83.784706
[GA][Iter3] Gen:9 Ind:8 RMSE(val)=83.815489
[GA][Iter3] Gen:9 Ind:9 RMSE(val)=83.849693
[GA][Iter3] Gen:9 Ind:10 RMSE(val)=84.160646
[GA][Iter3] Gen:9 Ind:11 RMSE(val)=85.174837
[GA][Iter3] Gen:9 Ind:12 RMSE(val)=83.747039
[GA][Iter3] Gen:9 Ind:13 RMSE(val)=83.998102
[GA][Iter3] Gen:9 Ind:14 RMSE(val)=84.083007
[GA][Iter3] Gen:9 Ind:15 RMSE(val)=84.085799
[GA][Iter3] Gen:9 Ind:16 RMSE(val)=83.596717
[GA][Iter3] Gen:9 Ind:17 RMSE(val)=83.210001
[GA][Iter3] Gen:9 Ind:18 RMSE(val)=84.198651
[GA][Iter3] Gen:9 Ind:19 RMSE(val)=85.300476
[GA][Iter3] Gen:9 Ind:20 RMSE(val)=83.428870
[GA][Iter3] gen=9 best_val_rmse=82.383468
[GA][Iter3] Gen:10 Ind:1 RMSE(val)=82.383468
[GA][Iter3] Gen:10 Ind:2 RMSE(val)=83.111105
[GA][Iter3] Gen:10 Ind:3 RMSE(val)=83.129252
[GA][Iter3] Gen:10 Ind:4 RMSE(val)=83.210001
[GA][Iter3] Gen:10 Ind:5 RMSE(val)=83.428870
[GA][Iter3] Gen:10 Ind:6 RMSE(val)=83.437121
[GA][Iter3] Gen:10 Ind:7 RMSE(val)=83.515622
[GA][Iter3] Gen:10 Ind:8 RMSE(val)=83.596717
[GA][Iter3] Gen:10 Ind:9 RMSE(val)=83.635700
[GA][Iter3] Gen:10 Ind:10 RMSE(val)=83.747039
[GA][Iter3] Gen:10 Ind:11 RMSE(val)=86.394746
[GA][Iter3] Gen:10 Ind:12 RMSE(val)=84.295790
[GA][Iter3] Gen:10 Ind:13 RMSE(val)=83.346266
[GA][Iter3] Gen:10 Ind:14 RMSE(val)=85.022543
[GA][Iter3] Gen:10 Ind:15 RMSE(val)=84.017463
[GA][Iter3] Gen:10 Ind:16 RMSE(val)=83.423457
[GA][Iter3] Gen:10 Ind:17 RMSE(val)=83.428870
[GA][Iter3] Gen:10 Ind:18 RMSE(val)=83.953381
[GA][Iter3] Gen:10 Ind:19 RMSE(val)=83.560166
[GA][Iter3] Gen:10 Ind:20 RMSE(val)=83.824051
[GA][Iter3] gen=10 best_val_rmse=82.383468
[GA][Iter3] Gen:11 Ind:1 RMSE(val)=82.383468
[GA][Iter3] Gen:11 Ind:2 RMSE(val)=83.111105
[GA][Iter3] Gen:11 Ind:3 RMSE(val)=83.129252
[GA][Iter3] Gen:11 Ind:4 RMSE(val)=83.210001
[GA][Iter3] Gen:11 Ind:5 RMSE(val)=83.346266
[GA][Iter3] Gen:11 Ind:6 RMSE(val)=83.423457
[GA][Iter3] Gen:11 Ind:7 RMSE(val)=83.428870
[GA][Iter3] Gen:11 Ind:8 RMSE(val)=83.428870
[GA][Iter3] Gen:11 Ind:9 RMSE(val)=83.437121
[GA][Iter3] Gen:11 Ind:10 RMSE(val)=83.515622
[GA][Iter3] Gen:11 Ind:11 RMSE(val)=82.794204
[GA][Iter3] Gen:11 Ind:12 RMSE(val)=82.855073
[GA][Iter3] Gen:11 Ind:13 RMSE(val)=84.328175
[GA][Iter3] Gen:11 Ind:14 RMSE(val)=83.822270
[GA][Iter3] Gen:11 Ind:15 RMSE(val)=83.935860
[GA][Iter3] Gen:11 Ind:16 RMSE(val)=83.521902
[GA][Iter3] Gen:11 Ind:17 RMSE(val)=83.744116
[GA][Iter3] Gen:11 Ind:18 RMSE(val)=83.836321
[GA][Iter3] Gen:11 Ind:19 RMSE(val)=82.932169
[GA][Iter3] Gen:11 Ind:20 RMSE(val)=83.155741
[GA][Iter3] gen=11 best_val_rmse=82.383468
[GA][Iter3] Gen:12 Ind:1 RMSE(val)=82.383468
[GA][Iter3] Gen:12 Ind:2 RMSE(val)=82.794204
[GA][Iter3] Gen:12 Ind:3 RMSE(val)=82.855073
[GA][Iter3] Gen:12 Ind:4 RMSE(val)=82.932169
[GA][Iter3] Gen:12 Ind:5 RMSE(val)=83.111105
[GA][Iter3] Gen:12 Ind:6 RMSE(val)=83.129252
[GA][Iter3] Gen:12 Ind:7 RMSE(val)=83.155741
[GA][Iter3] Gen:12 Ind:8 RMSE(val)=83.210001
[GA][Iter3] Gen:12 Ind:9 RMSE(val)=83.346266
[GA][Iter3] Gen:12 Ind:10 RMSE(val)=83.423457
[GA][Iter3] Gen:12 Ind:11 RMSE(val)=82.964764
[GA][Iter3] Gen:12 Ind:12 RMSE(val)=83.844576
[GA][Iter3] Gen:12 Ind:13 RMSE(val)=84.198651
[GA][Iter3] Gen:12 Ind:14 RMSE(val)=83.274570
[GA][Iter3] Gen:12 Ind:15 RMSE(val)=83.612744
[GA][Iter3] Gen:12 Ind:16 RMSE(val)=83.918367
[GA][Iter3] Gen:12 Ind:17 RMSE(val)=83.174544
[GA][Iter3] Gen:12 Ind:18 RMSE(val)=83.554665
[GA][Iter3] Gen:12 Ind:19 RMSE(val)=84.354928
[GA][Iter3] Gen:12 Ind:20 RMSE(val)=82.994953
[GA][Iter3] gen=12 best_val_rmse=82.383468
[GA][Iter3] Gen:13 Ind:1 RMSE(val)=82.383468
[GA][Iter3] Gen:13 Ind:2 RMSE(val)=82.794204
[GA][Iter3] Gen:13 Ind:3 RMSE(val)=82.855073
[GA][Iter3] Gen:13 Ind:4 RMSE(val)=82.932169
[GA][Iter3] Gen:13 Ind:5 RMSE(val)=82.964764
[GA][Iter3] Gen:13 Ind:6 RMSE(val)=82.994953
[GA][Iter3] Gen:13 Ind:7 RMSE(val)=83.111105
[GA][Iter3] Gen:13 Ind:8 RMSE(val)=83.129252
[GA][Iter3] Gen:13 Ind:9 RMSE(val)=83.155741
[GA][Iter3] Gen:13 Ind:10 RMSE(val)=83.174544
[GA][Iter3] Gen:13 Ind:11 RMSE(val)=82.329216
[GA][Iter3] Gen:13 Ind:12 RMSE(val)=83.306221
[GA][Iter3] Gen:13 Ind:13 RMSE(val)=83.188715
[GA][Iter3] Gen:13 Ind:14 RMSE(val)=83.623769
[GA][Iter3] Gen:13 Ind:15 RMSE(val)=85.570031
[GA][Iter3] Gen:13 Ind:16 RMSE(val)=83.335012
[GA][Iter3] Gen:13 Ind:17 RMSE(val)=82.277058
[GA][Iter3] Gen:13 Ind:18 RMSE(val)=85.724236
[GA][Iter3] Gen:13 Ind:19 RMSE(val)=83.386688
[GA][Iter3] Gen:13 Ind:20 RMSE(val)=84.355582
[GA][Iter3] gen=13 best_val_rmse=82.277058
[GA][Iter3] Gen:14 Ind:1 RMSE(val)=82.277058
[GA][Iter3] Gen:14 Ind:2 RMSE(val)=82.329216
[GA][Iter3] Gen:14 Ind:3 RMSE(val)=82.383468
[GA][Iter3] Gen:14 Ind:4 RMSE(val)=82.794204
[GA][Iter3] Gen:14 Ind:5 RMSE(val)=82.855073
[GA][Iter3] Gen:14 Ind:6 RMSE(val)=82.932169
[GA][Iter3] Gen:14 Ind:7 RMSE(val)=82.964764
[GA][Iter3] Gen:14 Ind:8 RMSE(val)=82.994953
[GA][Iter3] Gen:14 Ind:9 RMSE(val)=83.111105
[GA][Iter3] Gen:14 Ind:10 RMSE(val)=83.129252
[GA][Iter3] Gen:14 Ind:11 RMSE(val)=83.167755
[GA][Iter3] Gen:14 Ind:12 RMSE(val)=83.016636
[GA][Iter3] Gen:14 Ind:13 RMSE(val)=83.707801
[GA][Iter3] Gen:14 Ind:14 RMSE(val)=82.641828
[GA][Iter3] Gen:14 Ind:15 RMSE(val)=84.510057
[GA][Iter3] Gen:14 Ind:16 RMSE(val)=82.855073
[GA][Iter3] Gen:14 Ind:17 RMSE(val)=83.129252
[GA][Iter3] Gen:14 Ind:18 RMSE(val)=83.063886
[GA][Iter3] Gen:14 Ind:19 RMSE(val)=83.377887
[GA][Iter3] Gen:14 Ind:20 RMSE(val)=82.869644
[GA][Iter3] gen=14 best_val_rmse=82.277058
[GA][Iter3] Gen:15 Ind:1 RMSE(val)=82.277058
[GA][Iter3] Gen:15 Ind:2 RMSE(val)=82.329216
[GA][Iter3] Gen:15 Ind:3 RMSE(val)=82.383468
[GA][Iter3] Gen:15 Ind:4 RMSE(val)=82.641828
[GA][Iter3] Gen:15 Ind:5 RMSE(val)=82.794204
[GA][Iter3] Gen:15 Ind:6 RMSE(val)=82.855073
[GA][Iter3] Gen:15 Ind:7 RMSE(val)=82.855073
[GA][Iter3] Gen:15 Ind:8 RMSE(val)=82.869644
[GA][Iter3] Gen:15 Ind:9 RMSE(val)=82.932169
[GA][Iter3] Gen:15 Ind:10 RMSE(val)=82.964764
[GA][Iter3] Gen:15 Ind:11 RMSE(val)=83.021840
[GA][Iter3] Gen:15 Ind:12 RMSE(val)=82.614517
[GA][Iter3] Gen:15 Ind:13 RMSE(val)=82.932169
[GA][Iter3] Gen:15 Ind:14 RMSE(val)=83.579392
[GA][Iter3] Gen:15 Ind:15 RMSE(val)=82.198840
[GA][Iter3] Gen:15 Ind:16 RMSE(val)=82.798860
[GA][Iter3] Gen:15 Ind:17 RMSE(val)=83.542636
[GA][Iter3] Gen:15 Ind:18 RMSE(val)=82.855073
[GA][Iter3] Gen:15 Ind:19 RMSE(val)=82.855073
[GA][Iter3] Gen:15 Ind:20 RMSE(val)=82.798860
[GA][Iter3] gen=15 best_val_rmse=82.198840
[GA][Iter3] Gen:15 Ind:1 RMSE(val)=82.198840
[GA][Iter3] Gen:15 Ind:2 RMSE(val)=82.277058
[GA][Iter3] Gen:15 Ind:3 RMSE(val)=82.329216
[GA][Iter3] Gen:15 Ind:4 RMSE(val)=82.383468
[GA][Iter3] Gen:15 Ind:5 RMSE(val)=82.614517
[GA][Iter3] Gen:15 Ind:6 RMSE(val)=82.641828
[GA][Iter3] Gen:15 Ind:7 RMSE(val)=82.794204
[GA][Iter3] Gen:15 Ind:8 RMSE(val)=82.798860
[GA][Iter3] Gen:15 Ind:9 RMSE(val)=82.798860
[GA][Iter3] Gen:15 Ind:10 RMSE(val)=82.855073
[GA][Iter3] Gen:15 Ind:11 RMSE(val)=82.798860
[GA][Iter3] Gen:15 Ind:12 RMSE(val)=82.198840
[GA][Iter3] Gen:15 Ind:13 RMSE(val)=82.798860
[GA][Iter3] Gen:15 Ind:14 RMSE(val)=82.277058
[GA][Iter3] Gen:15 Ind:15 RMSE(val)=83.524111
[GA][Iter3] Gen:15 Ind:16 RMSE(val)=81.162760
[GA][Iter3] Gen:15 Ind:17 RMSE(val)=82.383468
[GA][Iter3] Gen:15 Ind:18 RMSE(val)=82.383468
[GA][Iter3] Gen:15 Ind:19 RMSE(val)=82.777057
[GA][Iter3] Gen:15 Ind:20 RMSE(val)=82.243122

[GA DONE][Iter3] Best params on val fold of Iter3
Best val RMSE: 81.162760
Best params: {'n_estimators': 1032, 'learning_rate': 0.012142992195127964, 'max_depth': 12, 'min_child_weight': 2.870998278955535, 'subsample': 0.6488382749838003, 'colsample_bytree': 0.5720223451093565, 'reg_lambda': 7.40955264419248, 'reg_alpha': 0.1127120120481743, 'gamma': 0.039372199725624224}
--------------------------------------------------------------------------------
[RETUNE GA] Iter3: train folds 1..7 -> test fold 8  RMSE=84.191472  NRMSE=0.699018  CVRMSE=0.190995  R2=0.510341
[GA][Iter4] Gen:1 Ind:1 RMSE(val)=85.031216
[GA][Iter4] Gen:1 Ind:2 RMSE(val)=84.447668
[GA][Iter4] Gen:1 Ind:3 RMSE(val)=83.627578
[GA][Iter4] Gen:1 Ind:4 RMSE(val)=87.125853
[GA][Iter4] Gen:1 Ind:5 RMSE(val)=84.836342
[GA][Iter4] Gen:1 Ind:6 RMSE(val)=83.661835
[GA][Iter4] Gen:1 Ind:7 RMSE(val)=86.703170
[GA][Iter4] Gen:1 Ind:8 RMSE(val)=85.713239
[GA][Iter4] Gen:1 Ind:9 RMSE(val)=86.060097
[GA][Iter4] Gen:1 Ind:10 RMSE(val)=84.897381
[GA][Iter4] Gen:1 Ind:11 RMSE(val)=86.518483
[GA][Iter4] Gen:1 Ind:12 RMSE(val)=82.737094
[GA][Iter4] Gen:1 Ind:13 RMSE(val)=85.427498
[GA][Iter4] Gen:1 Ind:14 RMSE(val)=84.338175
[GA][Iter4] Gen:1 Ind:15 RMSE(val)=83.907641
[GA][Iter4] Gen:1 Ind:16 RMSE(val)=85.992568
[GA][Iter4] Gen:1 Ind:17 RMSE(val)=84.190751
[GA][Iter4] Gen:1 Ind:18 RMSE(val)=84.621785
[GA][Iter4] Gen:1 Ind:19 RMSE(val)=83.549826
[GA][Iter4] Gen:1 Ind:20 RMSE(val)=84.222783
[GA][Iter4] gen=1 best_val_rmse=82.737094
[GA][Iter4] Gen:2 Ind:1 RMSE(val)=82.737094
[GA][Iter4] Gen:2 Ind:2 RMSE(val)=83.549826
[GA][Iter4] Gen:2 Ind:3 RMSE(val)=83.627578
[GA][Iter4] Gen:2 Ind:4 RMSE(val)=83.661835
[GA][Iter4] Gen:2 Ind:5 RMSE(val)=83.907641
[GA][Iter4] Gen:2 Ind:6 RMSE(val)=84.190751
[GA][Iter4] Gen:2 Ind:7 RMSE(val)=84.222783
[GA][Iter4] Gen:2 Ind:8 RMSE(val)=84.338175
[GA][Iter4] Gen:2 Ind:9 RMSE(val)=84.447668
[GA][Iter4] Gen:2 Ind:10 RMSE(val)=84.621785
[GA][Iter4] Gen:2 Ind:11 RMSE(val)=84.280220
[GA][Iter4] Gen:2 Ind:12 RMSE(val)=83.929638
[GA][Iter4] Gen:2 Ind:13 RMSE(val)=83.535788
[GA][Iter4] Gen:2 Ind:14 RMSE(val)=84.995966
[GA][Iter4] Gen:2 Ind:15 RMSE(val)=84.897924
[GA][Iter4] Gen:2 Ind:16 RMSE(val)=84.077287
[GA][Iter4] Gen:2 Ind:17 RMSE(val)=83.758369
[GA][Iter4] Gen:2 Ind:18 RMSE(val)=83.540378
[GA][Iter4] Gen:2 Ind:19 RMSE(val)=83.069821
[GA][Iter4] Gen:2 Ind:20 RMSE(val)=83.299483
[GA][Iter4] gen=2 best_val_rmse=82.737094
[GA][Iter4] Gen:3 Ind:1 RMSE(val)=82.737094
[GA][Iter4] Gen:3 Ind:2 RMSE(val)=83.069821
[GA][Iter4] Gen:3 Ind:3 RMSE(val)=83.299483
[GA][Iter4] Gen:3 Ind:4 RMSE(val)=83.535788
[GA][Iter4] Gen:3 Ind:5 RMSE(val)=83.540378
[GA][Iter4] Gen:3 Ind:6 RMSE(val)=83.549826
[GA][Iter4] Gen:3 Ind:7 RMSE(val)=83.627578
[GA][Iter4] Gen:3 Ind:8 RMSE(val)=83.661835
[GA][Iter4] Gen:3 Ind:9 RMSE(val)=83.758369
[GA][Iter4] Gen:3 Ind:10 RMSE(val)=83.907641
[GA][Iter4] Gen:3 Ind:11 RMSE(val)=83.816713
[GA][Iter4] Gen:3 Ind:12 RMSE(val)=83.981459
[GA][Iter4] Gen:3 Ind:13 RMSE(val)=83.464558
[GA][Iter4] Gen:3 Ind:14 RMSE(val)=83.399304
[GA][Iter4] Gen:3 Ind:15 RMSE(val)=83.764044
[GA][Iter4] Gen:3 Ind:16 RMSE(val)=84.120865
[GA][Iter4] Gen:3 Ind:17 RMSE(val)=84.084416
[GA][Iter4] Gen:3 Ind:18 RMSE(val)=84.228888
[GA][Iter4] Gen:3 Ind:19 RMSE(val)=83.735067
[GA][Iter4] Gen:3 Ind:20 RMSE(val)=84.126858
[GA][Iter4] gen=3 best_val_rmse=82.737094
[GA][Iter4] Gen:4 Ind:1 RMSE(val)=82.737094
[GA][Iter4] Gen:4 Ind:2 RMSE(val)=83.069821
[GA][Iter4] Gen:4 Ind:3 RMSE(val)=83.299483
[GA][Iter4] Gen:4 Ind:4 RMSE(val)=83.399304
[GA][Iter4] Gen:4 Ind:5 RMSE(val)=83.464558
[GA][Iter4] Gen:4 Ind:6 RMSE(val)=83.535788
[GA][Iter4] Gen:4 Ind:7 RMSE(val)=83.540378
[GA][Iter4] Gen:4 Ind:8 RMSE(val)=83.549826
[GA][Iter4] Gen:4 Ind:9 RMSE(val)=83.627578
[GA][Iter4] Gen:4 Ind:10 RMSE(val)=83.661835
[GA][Iter4] Gen:4 Ind:11 RMSE(val)=83.378002
[GA][Iter4] Gen:4 Ind:12 RMSE(val)=84.133788
[GA][Iter4] Gen:4 Ind:13 RMSE(val)=83.091085
[GA][Iter4] Gen:4 Ind:14 RMSE(val)=83.858238
[GA][Iter4] Gen:4 Ind:15 RMSE(val)=83.660850
[GA][Iter4] Gen:4 Ind:16 RMSE(val)=84.420026
[GA][Iter4] Gen:4 Ind:17 RMSE(val)=84.324299
[GA][Iter4] Gen:4 Ind:18 RMSE(val)=84.446350
[GA][Iter4] Gen:4 Ind:19 RMSE(val)=82.982199
[GA][Iter4] Gen:4 Ind:20 RMSE(val)=83.987069
[GA][Iter4] gen=4 best_val_rmse=82.737094
[GA][Iter4] Gen:5 Ind:1 RMSE(val)=82.737094
[GA][Iter4] Gen:5 Ind:2 RMSE(val)=82.982199
[GA][Iter4] Gen:5 Ind:3 RMSE(val)=83.069821
[GA][Iter4] Gen:5 Ind:4 RMSE(val)=83.091085
[GA][Iter4] Gen:5 Ind:5 RMSE(val)=83.299483
[GA][Iter4] Gen:5 Ind:6 RMSE(val)=83.378002
[GA][Iter4] Gen:5 Ind:7 RMSE(val)=83.399304
[GA][Iter4] Gen:5 Ind:8 RMSE(val)=83.464558
[GA][Iter4] Gen:5 Ind:9 RMSE(val)=83.535788
[GA][Iter4] Gen:5 Ind:10 RMSE(val)=83.540378
[GA][Iter4] Gen:5 Ind:11 RMSE(val)=83.557102
[GA][Iter4] Gen:5 Ind:12 RMSE(val)=83.581811
[GA][Iter4] Gen:5 Ind:13 RMSE(val)=84.220274
[GA][Iter4] Gen:5 Ind:14 RMSE(val)=83.402230
[GA][Iter4] Gen:5 Ind:15 RMSE(val)=83.338639
[GA][Iter4] Gen:5 Ind:16 RMSE(val)=83.377923
[GA][Iter4] Gen:5 Ind:17 RMSE(val)=84.288141
[GA][Iter4] Gen:5 Ind:18 RMSE(val)=84.052083
[GA][Iter4] Gen:5 Ind:19 RMSE(val)=83.067042
[GA][Iter4] Gen:5 Ind:20 RMSE(val)=83.575903
[GA][Iter4] gen=5 best_val_rmse=82.737094
[GA][Iter4] Gen:6 Ind:1 RMSE(val)=82.737094
[GA][Iter4] Gen:6 Ind:2 RMSE(val)=82.982199
[GA][Iter4] Gen:6 Ind:3 RMSE(val)=83.067042
[GA][Iter4] Gen:6 Ind:4 RMSE(val)=83.069821
[GA][Iter4] Gen:6 Ind:5 RMSE(val)=83.091085
[GA][Iter4] Gen:6 Ind:6 RMSE(val)=83.299483
[GA][Iter4] Gen:6 Ind:7 RMSE(val)=83.338639
[GA][Iter4] Gen:6 Ind:8 RMSE(val)=83.377923
[GA][Iter4] Gen:6 Ind:9 RMSE(val)=83.378002
[GA][Iter4] Gen:6 Ind:10 RMSE(val)=83.399304
[GA][Iter4] Gen:6 Ind:11 RMSE(val)=83.653777
[GA][Iter4] Gen:6 Ind:12 RMSE(val)=83.155812
[GA][Iter4] Gen:6 Ind:13 RMSE(val)=83.796225
[GA][Iter4] Gen:6 Ind:14 RMSE(val)=83.091411
[GA][Iter4] Gen:6 Ind:15 RMSE(val)=83.415828
[GA][Iter4] Gen:6 Ind:16 RMSE(val)=83.388763
[GA][Iter4] Gen:6 Ind:17 RMSE(val)=83.426744
[GA][Iter4] Gen:6 Ind:18 RMSE(val)=84.344783
[GA][Iter4] Gen:6 Ind:19 RMSE(val)=83.923058
[GA][Iter4] Gen:6 Ind:20 RMSE(val)=83.287785
[GA][Iter4] gen=6 best_val_rmse=82.737094
[GA][Iter4] Gen:7 Ind:1 RMSE(val)=82.737094
[GA][Iter4] Gen:7 Ind:2 RMSE(val)=82.982199
[GA][Iter4] Gen:7 Ind:3 RMSE(val)=83.067042
[GA][Iter4] Gen:7 Ind:4 RMSE(val)=83.069821
[GA][Iter4] Gen:7 Ind:5 RMSE(val)=83.091085
[GA][Iter4] Gen:7 Ind:6 RMSE(val)=83.091411
[GA][Iter4] Gen:7 Ind:7 RMSE(val)=83.155812
[GA][Iter4] Gen:7 Ind:8 RMSE(val)=83.287785
[GA][Iter4] Gen:7 Ind:9 RMSE(val)=83.299483
[GA][Iter4] Gen:7 Ind:10 RMSE(val)=83.338639
[GA][Iter4] Gen:7 Ind:11 RMSE(val)=83.474073
[GA][Iter4] Gen:7 Ind:12 RMSE(val)=83.833071
[GA][Iter4] Gen:7 Ind:13 RMSE(val)=83.383779
[GA][Iter4] Gen:7 Ind:14 RMSE(val)=83.195588
[GA][Iter4] Gen:7 Ind:15 RMSE(val)=84.280266
[GA][Iter4] Gen:7 Ind:16 RMSE(val)=83.018885
[GA][Iter4] Gen:7 Ind:17 RMSE(val)=83.091411
[GA][Iter4] Gen:7 Ind:18 RMSE(val)=83.816049
[GA][Iter4] Gen:7 Ind:19 RMSE(val)=83.772213
[GA][Iter4] Gen:7 Ind:20 RMSE(val)=85.010854
[GA][Iter4] gen=7 best_val_rmse=82.737094
[GA][Iter4] Gen:8 Ind:1 RMSE(val)=82.737094
[GA][Iter4] Gen:8 Ind:2 RMSE(val)=82.982199
[GA][Iter4] Gen:8 Ind:3 RMSE(val)=83.018885
[GA][Iter4] Gen:8 Ind:4 RMSE(val)=83.067042
[GA][Iter4] Gen:8 Ind:5 RMSE(val)=83.069821
[GA][Iter4] Gen:8 Ind:6 RMSE(val)=83.091085
[GA][Iter4] Gen:8 Ind:7 RMSE(val)=83.091411
[GA][Iter4] Gen:8 Ind:8 RMSE(val)=83.091411
[GA][Iter4] Gen:8 Ind:9 RMSE(val)=83.155812
[GA][Iter4] Gen:8 Ind:10 RMSE(val)=83.195588
[GA][Iter4] Gen:8 Ind:11 RMSE(val)=83.086488
[GA][Iter4] Gen:8 Ind:12 RMSE(val)=82.989761
[GA][Iter4] Gen:8 Ind:13 RMSE(val)=83.815878
[GA][Iter4] Gen:8 Ind:14 RMSE(val)=82.873980
[GA][Iter4] Gen:8 Ind:15 RMSE(val)=83.153488
[GA][Iter4] Gen:8 Ind:16 RMSE(val)=83.243166
[GA][Iter4] Gen:8 Ind:17 RMSE(val)=83.169194
[GA][Iter4] Gen:8 Ind:18 RMSE(val)=84.181797
[GA][Iter4] Gen:8 Ind:19 RMSE(val)=83.650431
[GA][Iter4] Gen:8 Ind:20 RMSE(val)=83.066194
[GA][Iter4] gen=8 best_val_rmse=82.737094
[GA][Iter4] Gen:9 Ind:1 RMSE(val)=82.737094
[GA][Iter4] Gen:9 Ind:2 RMSE(val)=82.873980
[GA][Iter4] Gen:9 Ind:3 RMSE(val)=82.982199
[GA][Iter4] Gen:9 Ind:4 RMSE(val)=82.989761
[GA][Iter4] Gen:9 Ind:5 RMSE(val)=83.018885
[GA][Iter4] Gen:9 Ind:6 RMSE(val)=83.066194
[GA][Iter4] Gen:9 Ind:7 RMSE(val)=83.067042
[GA][Iter4] Gen:9 Ind:8 RMSE(val)=83.069821
[GA][Iter4] Gen:9 Ind:9 RMSE(val)=83.086488
[GA][Iter4] Gen:9 Ind:10 RMSE(val)=83.091085
[GA][Iter4] Gen:9 Ind:11 RMSE(val)=83.086488
[GA][Iter4] Gen:9 Ind:12 RMSE(val)=83.678969
[GA][Iter4] Gen:9 Ind:13 RMSE(val)=82.814100
[GA][Iter4] Gen:9 Ind:14 RMSE(val)=82.905450
[GA][Iter4] Gen:9 Ind:15 RMSE(val)=84.049682
[GA][Iter4] Gen:9 Ind:16 RMSE(val)=83.296651
[GA][Iter4] Gen:9 Ind:17 RMSE(val)=83.064375
[GA][Iter4] Gen:9 Ind:18 RMSE(val)=82.757438
[GA][Iter4] Gen:9 Ind:19 RMSE(val)=82.971437
[GA][Iter4] Gen:9 Ind:20 RMSE(val)=83.818823
[GA][Iter4] gen=9 best_val_rmse=82.737094
[GA][Iter4] Gen:10 Ind:1 RMSE(val)=82.737094
[GA][Iter4] Gen:10 Ind:2 RMSE(val)=82.757438
[GA][Iter4] Gen:10 Ind:3 RMSE(val)=82.814100
[GA][Iter4] Gen:10 Ind:4 RMSE(val)=82.873980
[GA][Iter4] Gen:10 Ind:5 RMSE(val)=82.905450
[GA][Iter4] Gen:10 Ind:6 RMSE(val)=82.971437
[GA][Iter4] Gen:10 Ind:7 RMSE(val)=82.982199
[GA][Iter4] Gen:10 Ind:8 RMSE(val)=82.989761
[GA][Iter4] Gen:10 Ind:9 RMSE(val)=83.018885
[GA][Iter4] Gen:10 Ind:10 RMSE(val)=83.064375
[GA][Iter4] Gen:10 Ind:11 RMSE(val)=82.550644
[GA][Iter4] Gen:10 Ind:12 RMSE(val)=83.009862
[GA][Iter4] Gen:10 Ind:13 RMSE(val)=82.833136
[GA][Iter4] Gen:10 Ind:14 RMSE(val)=83.356912
[GA][Iter4] Gen:10 Ind:15 RMSE(val)=82.736004
[GA][Iter4] Gen:10 Ind:16 RMSE(val)=82.989761
[GA][Iter4] Gen:10 Ind:17 RMSE(val)=84.010302
[GA][Iter4] Gen:10 Ind:18 RMSE(val)=83.276921
[GA][Iter4] Gen:10 Ind:19 RMSE(val)=82.935626
[GA][Iter4] Gen:10 Ind:20 RMSE(val)=85.265569
[GA][Iter4] gen=10 best_val_rmse=82.550644
[GA][Iter4] Gen:11 Ind:1 RMSE(val)=82.550644
[GA][Iter4] Gen:11 Ind:2 RMSE(val)=82.736004
[GA][Iter4] Gen:11 Ind:3 RMSE(val)=82.737094
[GA][Iter4] Gen:11 Ind:4 RMSE(val)=82.757438
[GA][Iter4] Gen:11 Ind:5 RMSE(val)=82.814100
[GA][Iter4] Gen:11 Ind:6 RMSE(val)=82.833136
[GA][Iter4] Gen:11 Ind:7 RMSE(val)=82.873980
[GA][Iter4] Gen:11 Ind:8 RMSE(val)=82.905450
[GA][Iter4] Gen:11 Ind:9 RMSE(val)=82.935626
[GA][Iter4] Gen:11 Ind:10 RMSE(val)=82.971437
[GA][Iter4] Gen:11 Ind:11 RMSE(val)=83.003566
[GA][Iter4] Gen:11 Ind:12 RMSE(val)=83.227125
[GA][Iter4] Gen:11 Ind:13 RMSE(val)=84.438849
[GA][Iter4] Gen:11 Ind:14 RMSE(val)=83.961019
[GA][Iter4] Gen:11 Ind:15 RMSE(val)=82.935746
[GA][Iter4] Gen:11 Ind:16 RMSE(val)=82.888572
[GA][Iter4] Gen:11 Ind:17 RMSE(val)=82.802276
[GA][Iter4] Gen:11 Ind:18 RMSE(val)=82.444632
[GA][Iter4] Gen:11 Ind:19 RMSE(val)=83.242371
[GA][Iter4] Gen:11 Ind:20 RMSE(val)=83.172197
[GA][Iter4] gen=11 best_val_rmse=82.444632
[GA][Iter4] Gen:12 Ind:1 RMSE(val)=82.444632
[GA][Iter4] Gen:12 Ind:2 RMSE(val)=82.550644
[GA][Iter4] Gen:12 Ind:3 RMSE(val)=82.736004
[GA][Iter4] Gen:12 Ind:4 RMSE(val)=82.737094
[GA][Iter4] Gen:12 Ind:5 RMSE(val)=82.757438
[GA][Iter4] Gen:12 Ind:6 RMSE(val)=82.802276
[GA][Iter4] Gen:12 Ind:7 RMSE(val)=82.814100
[GA][Iter4] Gen:12 Ind:8 RMSE(val)=82.833136
[GA][Iter4] Gen:12 Ind:9 RMSE(val)=82.873980
[GA][Iter4] Gen:12 Ind:10 RMSE(val)=82.888572
[GA][Iter4] Gen:12 Ind:11 RMSE(val)=83.513308
[GA][Iter4] Gen:12 Ind:12 RMSE(val)=82.825353
[GA][Iter4] Gen:12 Ind:13 RMSE(val)=82.720652
[GA][Iter4] Gen:12 Ind:14 RMSE(val)=82.943043
[GA][Iter4] Gen:12 Ind:15 RMSE(val)=83.323392
[GA][Iter4] Gen:12 Ind:16 RMSE(val)=82.652828
[GA][Iter4] Gen:12 Ind:17 RMSE(val)=82.802276
[GA][Iter4] Gen:12 Ind:18 RMSE(val)=82.739291
[GA][Iter4] Gen:12 Ind:19 RMSE(val)=82.833136
[GA][Iter4] Gen:12 Ind:20 RMSE(val)=83.348945
[GA][Iter4] gen=12 best_val_rmse=82.444632
[GA][Iter4] Gen:13 Ind:1 RMSE(val)=82.444632
[GA][Iter4] Gen:13 Ind:2 RMSE(val)=82.550644
[GA][Iter4] Gen:13 Ind:3 RMSE(val)=82.652828
[GA][Iter4] Gen:13 Ind:4 RMSE(val)=82.720652
[GA][Iter4] Gen:13 Ind:5 RMSE(val)=82.736004
[GA][Iter4] Gen:13 Ind:6 RMSE(val)=82.737094
[GA][Iter4] Gen:13 Ind:7 RMSE(val)=82.739291
[GA][Iter4] Gen:13 Ind:8 RMSE(val)=82.757438
[GA][Iter4] Gen:13 Ind:9 RMSE(val)=82.802276
[GA][Iter4] Gen:13 Ind:10 RMSE(val)=82.802276
[GA][Iter4] Gen:13 Ind:11 RMSE(val)=83.706891
[GA][Iter4] Gen:13 Ind:12 RMSE(val)=82.720652
[GA][Iter4] Gen:13 Ind:13 RMSE(val)=82.550644
[GA][Iter4] Gen:13 Ind:14 RMSE(val)=83.693939
[GA][Iter4] Gen:13 Ind:15 RMSE(val)=82.386528
[GA][Iter4] Gen:13 Ind:16 RMSE(val)=82.477143
[GA][Iter4] Gen:13 Ind:17 RMSE(val)=82.658986
[GA][Iter4] Gen:13 Ind:18 RMSE(val)=82.540410
[GA][Iter4] Gen:13 Ind:19 RMSE(val)=82.737094
[GA][Iter4] Gen:13 Ind:20 RMSE(val)=82.717247
[GA][Iter4] gen=13 best_val_rmse=82.386528
[GA][Iter4] Gen:14 Ind:1 RMSE(val)=82.386528
[GA][Iter4] Gen:14 Ind:2 RMSE(val)=82.444632
[GA][Iter4] Gen:14 Ind:3 RMSE(val)=82.477143
[GA][Iter4] Gen:14 Ind:4 RMSE(val)=82.540410
[GA][Iter4] Gen:14 Ind:5 RMSE(val)=82.550644
[GA][Iter4] Gen:14 Ind:6 RMSE(val)=82.550644
[GA][Iter4] Gen:14 Ind:7 RMSE(val)=82.652828
[GA][Iter4] Gen:14 Ind:8 RMSE(val)=82.658986
[GA][Iter4] Gen:14 Ind:9 RMSE(val)=82.717247
[GA][Iter4] Gen:14 Ind:10 RMSE(val)=82.720652
[GA][Iter4] Gen:14 Ind:11 RMSE(val)=82.599327
[GA][Iter4] Gen:14 Ind:12 RMSE(val)=82.669767
[GA][Iter4] Gen:14 Ind:13 RMSE(val)=82.733898
[GA][Iter4] Gen:14 Ind:14 RMSE(val)=82.550644
[GA][Iter4] Gen:14 Ind:15 RMSE(val)=82.550644
[GA][Iter4] Gen:14 Ind:16 RMSE(val)=82.720652
[GA][Iter4] Gen:14 Ind:17 RMSE(val)=82.540410
[GA][Iter4] Gen:14 Ind:18 RMSE(val)=82.819633
[GA][Iter4] Gen:14 Ind:19 RMSE(val)=82.550644
[GA][Iter4] Gen:14 Ind:20 RMSE(val)=82.726867
[GA][Iter4] gen=14 best_val_rmse=82.386528
[GA][Iter4] Gen:15 Ind:1 RMSE(val)=82.386528
[GA][Iter4] Gen:15 Ind:2 RMSE(val)=82.444632
[GA][Iter4] Gen:15 Ind:3 RMSE(val)=82.477143
[GA][Iter4] Gen:15 Ind:4 RMSE(val)=82.540410
[GA][Iter4] Gen:15 Ind:5 RMSE(val)=82.540410
[GA][Iter4] Gen:15 Ind:6 RMSE(val)=82.550644
[GA][Iter4] Gen:15 Ind:7 RMSE(val)=82.550644
[GA][Iter4] Gen:15 Ind:8 RMSE(val)=82.550644
[GA][Iter4] Gen:15 Ind:9 RMSE(val)=82.550644
[GA][Iter4] Gen:15 Ind:10 RMSE(val)=82.550644
[GA][Iter4] Gen:15 Ind:11 RMSE(val)=82.590411
[GA][Iter4] Gen:15 Ind:12 RMSE(val)=82.500369
[GA][Iter4] Gen:15 Ind:13 RMSE(val)=82.716952
[GA][Iter4] Gen:15 Ind:14 RMSE(val)=82.550644
[GA][Iter4] Gen:15 Ind:15 RMSE(val)=84.015890
[GA][Iter4] Gen:15 Ind:16 RMSE(val)=82.373889
[GA][Iter4] Gen:15 Ind:17 RMSE(val)=82.548838
[GA][Iter4] Gen:15 Ind:18 RMSE(val)=82.550644
[GA][Iter4] Gen:15 Ind:19 RMSE(val)=82.588198
[GA][Iter4] Gen:15 Ind:20 RMSE(val)=82.860786
[GA][Iter4] gen=15 best_val_rmse=82.373889
[GA][Iter4] Gen:15 Ind:1 RMSE(val)=82.373889
[GA][Iter4] Gen:15 Ind:2 RMSE(val)=82.386528
[GA][Iter4] Gen:15 Ind:3 RMSE(val)=82.444632
[GA][Iter4] Gen:15 Ind:4 RMSE(val)=82.477143
[GA][Iter4] Gen:15 Ind:5 RMSE(val)=82.500369
[GA][Iter4] Gen:15 Ind:6 RMSE(val)=82.540410
[GA][Iter4] Gen:15 Ind:7 RMSE(val)=82.540410
[GA][Iter4] Gen:15 Ind:8 RMSE(val)=82.548838
[GA][Iter4] Gen:15 Ind:9 RMSE(val)=82.550644
[GA][Iter4] Gen:15 Ind:10 RMSE(val)=82.550644
[GA][Iter4] Gen:15 Ind:11 RMSE(val)=82.550644
[GA][Iter4] Gen:15 Ind:12 RMSE(val)=82.264668
[GA][Iter4] Gen:15 Ind:13 RMSE(val)=82.548838
[GA][Iter4] Gen:15 Ind:14 RMSE(val)=82.363606
[GA][Iter4] Gen:15 Ind:15 RMSE(val)=83.672105
[GA][Iter4] Gen:15 Ind:16 RMSE(val)=82.796861
[GA][Iter4] Gen:15 Ind:17 RMSE(val)=82.390867
[GA][Iter4] Gen:15 Ind:18 RMSE(val)=82.175495
[GA][Iter4] Gen:15 Ind:19 RMSE(val)=82.518079
[GA][Iter4] Gen:15 Ind:20 RMSE(val)=82.404647

[GA DONE][Iter4] Best params on val fold of Iter4
Best val RMSE: 82.175495
Best params: {'n_estimators': 400, 'learning_rate': 0.012142992195127964, 'max_depth': 3, 'min_child_weight': 3.8779324914168787, 'subsample': 0.7270432685133267, 'colsample_bytree': 0.9336441706563001, 'reg_lambda': 0.6722692236560421, 'reg_alpha': 0.05000234253225962, 'gamma': 0.06240253046299586}
--------------------------------------------------------------------------------
[RETUNE GA] Iter4: train folds 1..8 -> test fold 9  RMSE=68.831774  NRMSE=0.596105  CVRMSE=0.146788  R2=0.643907
[GA][Iter5] Gen:1 Ind:1 RMSE(val)=71.526035
[GA][Iter5] Gen:1 Ind:2 RMSE(val)=70.588694
[GA][Iter5] Gen:1 Ind:3 RMSE(val)=68.945338
[GA][Iter5] Gen:1 Ind:4 RMSE(val)=76.807501
[GA][Iter5] Gen:1 Ind:5 RMSE(val)=71.851517
[GA][Iter5] Gen:1 Ind:6 RMSE(val)=69.311128
[GA][Iter5] Gen:1 Ind:7 RMSE(val)=75.153874
[GA][Iter5] Gen:1 Ind:8 RMSE(val)=69.936355
[GA][Iter5] Gen:1 Ind:9 RMSE(val)=70.459853
[GA][Iter5] Gen:1 Ind:10 RMSE(val)=71.161503
[GA][Iter5] Gen:1 Ind:11 RMSE(val)=74.884236
[GA][Iter5] Gen:1 Ind:12 RMSE(val)=68.779164
[GA][Iter5] Gen:1 Ind:13 RMSE(val)=72.978203
[GA][Iter5] Gen:1 Ind:14 RMSE(val)=70.507474
[GA][Iter5] Gen:1 Ind:15 RMSE(val)=68.775161
[GA][Iter5] Gen:1 Ind:16 RMSE(val)=74.730529
[GA][Iter5] Gen:1 Ind:17 RMSE(val)=70.151280
[GA][Iter5] Gen:1 Ind:18 RMSE(val)=69.747892
[GA][Iter5] Gen:1 Ind:19 RMSE(val)=68.612670
[GA][Iter5] Gen:1 Ind:20 RMSE(val)=71.051993
[GA][Iter5] gen=1 best_val_rmse=68.612670
[GA][Iter5] Gen:2 Ind:1 RMSE(val)=68.612670
[GA][Iter5] Gen:2 Ind:2 RMSE(val)=68.775161
[GA][Iter5] Gen:2 Ind:3 RMSE(val)=68.779164
[GA][Iter5] Gen:2 Ind:4 RMSE(val)=68.945338
[GA][Iter5] Gen:2 Ind:5 RMSE(val)=69.311128
[GA][Iter5] Gen:2 Ind:6 RMSE(val)=69.747892
[GA][Iter5] Gen:2 Ind:7 RMSE(val)=69.936355
[GA][Iter5] Gen:2 Ind:8 RMSE(val)=70.151280
[GA][Iter5] Gen:2 Ind:9 RMSE(val)=70.459853
[GA][Iter5] Gen:2 Ind:10 RMSE(val)=70.507474
[GA][Iter5] Gen:2 Ind:11 RMSE(val)=70.268784
[GA][Iter5] Gen:2 Ind:12 RMSE(val)=68.379159
[GA][Iter5] Gen:2 Ind:13 RMSE(val)=69.127787
[GA][Iter5] Gen:2 Ind:14 RMSE(val)=70.243742
[GA][Iter5] Gen:2 Ind:15 RMSE(val)=70.352059
[GA][Iter5] Gen:2 Ind:16 RMSE(val)=70.557248
[GA][Iter5] Gen:2 Ind:17 RMSE(val)=68.138873
[GA][Iter5] Gen:2 Ind:18 RMSE(val)=70.872982
[GA][Iter5] Gen:2 Ind:19 RMSE(val)=69.557259
[GA][Iter5] Gen:2 Ind:20 RMSE(val)=68.760438
[GA][Iter5] gen=2 best_val_rmse=68.138873
[GA][Iter5] Gen:3 Ind:1 RMSE(val)=68.138873
[GA][Iter5] Gen:3 Ind:2 RMSE(val)=68.379159
[GA][Iter5] Gen:3 Ind:3 RMSE(val)=68.612670
[GA][Iter5] Gen:3 Ind:4 RMSE(val)=68.760438
[GA][Iter5] Gen:3 Ind:5 RMSE(val)=68.775161
[GA][Iter5] Gen:3 Ind:6 RMSE(val)=68.779164
[GA][Iter5] Gen:3 Ind:7 RMSE(val)=68.945338
[GA][Iter5] Gen:3 Ind:8 RMSE(val)=69.127787
[GA][Iter5] Gen:3 Ind:9 RMSE(val)=69.311128
[GA][Iter5] Gen:3 Ind:10 RMSE(val)=69.557259
[GA][Iter5] Gen:3 Ind:11 RMSE(val)=68.418598
[GA][Iter5] Gen:3 Ind:12 RMSE(val)=69.279007
[GA][Iter5] Gen:3 Ind:13 RMSE(val)=68.732552
[GA][Iter5] Gen:3 Ind:14 RMSE(val)=68.551439
[GA][Iter5] Gen:3 Ind:15 RMSE(val)=68.288989
[GA][Iter5] Gen:3 Ind:16 RMSE(val)=67.934635
[GA][Iter5] Gen:3 Ind:17 RMSE(val)=71.313639
[GA][Iter5] Gen:3 Ind:18 RMSE(val)=68.907779
[GA][Iter5] Gen:3 Ind:19 RMSE(val)=68.490541
[GA][Iter5] Gen:3 Ind:20 RMSE(val)=68.774312
[GA][Iter5] gen=3 best_val_rmse=67.934635
[GA][Iter5] Gen:4 Ind:1 RMSE(val)=67.934635
[GA][Iter5] Gen:4 Ind:2 RMSE(val)=68.138873
[GA][Iter5] Gen:4 Ind:3 RMSE(val)=68.288989
[GA][Iter5] Gen:4 Ind:4 RMSE(val)=68.379159
[GA][Iter5] Gen:4 Ind:5 RMSE(val)=68.418598
[GA][Iter5] Gen:4 Ind:6 RMSE(val)=68.490541
[GA][Iter5] Gen:4 Ind:7 RMSE(val)=68.551439
[GA][Iter5] Gen:4 Ind:8 RMSE(val)=68.612670
[GA][Iter5] Gen:4 Ind:9 RMSE(val)=68.732552
[GA][Iter5] Gen:4 Ind:10 RMSE(val)=68.760438
[GA][Iter5] Gen:4 Ind:11 RMSE(val)=68.795070
[GA][Iter5] Gen:4 Ind:12 RMSE(val)=68.457667
[GA][Iter5] Gen:4 Ind:13 RMSE(val)=69.297563
[GA][Iter5] Gen:4 Ind:14 RMSE(val)=68.594364
[GA][Iter5] Gen:4 Ind:15 RMSE(val)=69.118786
[GA][Iter5] Gen:4 Ind:16 RMSE(val)=69.528369
[GA][Iter5] Gen:4 Ind:17 RMSE(val)=69.189480
[GA][Iter5] Gen:4 Ind:18 RMSE(val)=69.128985
[GA][Iter5] Gen:4 Ind:19 RMSE(val)=68.044370
[GA][Iter5] Gen:4 Ind:20 RMSE(val)=69.494074
[GA][Iter5] gen=4 best_val_rmse=67.934635
[GA][Iter5] Gen:5 Ind:1 RMSE(val)=67.934635
[GA][Iter5] Gen:5 Ind:2 RMSE(val)=68.044370
[GA][Iter5] Gen:5 Ind:3 RMSE(val)=68.138873
[GA][Iter5] Gen:5 Ind:4 RMSE(val)=68.288989
[GA][Iter5] Gen:5 Ind:5 RMSE(val)=68.379159
[GA][Iter5] Gen:5 Ind:6 RMSE(val)=68.418598
[GA][Iter5] Gen:5 Ind:7 RMSE(val)=68.457667
[GA][Iter5] Gen:5 Ind:8 RMSE(val)=68.490541
[GA][Iter5] Gen:5 Ind:9 RMSE(val)=68.551439
[GA][Iter5] Gen:5 Ind:10 RMSE(val)=68.594364
[GA][Iter5] Gen:5 Ind:11 RMSE(val)=68.294530
[GA][Iter5] Gen:5 Ind:12 RMSE(val)=69.528369
[GA][Iter5] Gen:5 Ind:13 RMSE(val)=69.910001
[GA][Iter5] Gen:5 Ind:14 RMSE(val)=67.774170
[GA][Iter5] Gen:5 Ind:15 RMSE(val)=68.144517
[GA][Iter5] Gen:5 Ind:16 RMSE(val)=70.125525
[GA][Iter5] Gen:5 Ind:17 RMSE(val)=68.737579
[GA][Iter5] Gen:5 Ind:18 RMSE(val)=68.774304
[GA][Iter5] Gen:5 Ind:19 RMSE(val)=68.237447
[GA][Iter5] Gen:5 Ind:20 RMSE(val)=68.707434
[GA][Iter5] gen=5 best_val_rmse=67.774170
[GA][Iter5] Gen:6 Ind:1 RMSE(val)=67.774170
[GA][Iter5] Gen:6 Ind:2 RMSE(val)=67.934635
[GA][Iter5] Gen:6 Ind:3 RMSE(val)=68.044370
[GA][Iter5] Gen:6 Ind:4 RMSE(val)=68.138873
[GA][Iter5] Gen:6 Ind:5 RMSE(val)=68.144517
[GA][Iter5] Gen:6 Ind:6 RMSE(val)=68.237447
[GA][Iter5] Gen:6 Ind:7 RMSE(val)=68.288989
[GA][Iter5] Gen:6 Ind:8 RMSE(val)=68.294530
[GA][Iter5] Gen:6 Ind:9 RMSE(val)=68.379159
[GA][Iter5] Gen:6 Ind:10 RMSE(val)=68.418598
[GA][Iter5] Gen:6 Ind:11 RMSE(val)=68.144482
[GA][Iter5] Gen:6 Ind:12 RMSE(val)=68.997462
[GA][Iter5] Gen:6 Ind:13 RMSE(val)=69.035196
[GA][Iter5] Gen:6 Ind:14 RMSE(val)=68.478476
[GA][Iter5] Gen:6 Ind:15 RMSE(val)=67.851224
[GA][Iter5] Gen:6 Ind:16 RMSE(val)=68.646276
[GA][Iter5] Gen:6 Ind:17 RMSE(val)=69.056781
[GA][Iter5] Gen:6 Ind:18 RMSE(val)=69.229706
[GA][Iter5] Gen:6 Ind:19 RMSE(val)=68.677230
[GA][Iter5] Gen:6 Ind:20 RMSE(val)=68.241762
[GA][Iter5] gen=6 best_val_rmse=67.774170
[GA][Iter5] Gen:7 Ind:1 RMSE(val)=67.774170
[GA][Iter5] Gen:7 Ind:2 RMSE(val)=67.851224
[GA][Iter5] Gen:7 Ind:3 RMSE(val)=67.934635
[GA][Iter5] Gen:7 Ind:4 RMSE(val)=68.044370
[GA][Iter5] Gen:7 Ind:5 RMSE(val)=68.138873
[GA][Iter5] Gen:7 Ind:6 RMSE(val)=68.144482
[GA][Iter5] Gen:7 Ind:7 RMSE(val)=68.144517
[GA][Iter5] Gen:7 Ind:8 RMSE(val)=68.237447
[GA][Iter5] Gen:7 Ind:9 RMSE(val)=68.241762
[GA][Iter5] Gen:7 Ind:10 RMSE(val)=68.288989
[GA][Iter5] Gen:7 Ind:11 RMSE(val)=69.285005
[GA][Iter5] Gen:7 Ind:12 RMSE(val)=69.039438
[GA][Iter5] Gen:7 Ind:13 RMSE(val)=68.521734
[GA][Iter5] Gen:7 Ind:14 RMSE(val)=68.386428
[GA][Iter5] Gen:7 Ind:15 RMSE(val)=69.112178
[GA][Iter5] Gen:7 Ind:16 RMSE(val)=67.676908
[GA][Iter5] Gen:7 Ind:17 RMSE(val)=68.401605
[GA][Iter5] Gen:7 Ind:18 RMSE(val)=68.173829
[GA][Iter5] Gen:7 Ind:19 RMSE(val)=68.237447
[GA][Iter5] Gen:7 Ind:20 RMSE(val)=67.944005
[GA][Iter5] gen=7 best_val_rmse=67.676908
[GA][Iter5] Gen:8 Ind:1 RMSE(val)=67.676908
[GA][Iter5] Gen:8 Ind:2 RMSE(val)=67.774170
[GA][Iter5] Gen:8 Ind:3 RMSE(val)=67.851224
[GA][Iter5] Gen:8 Ind:4 RMSE(val)=67.934635
[GA][Iter5] Gen:8 Ind:5 RMSE(val)=67.944005
[GA][Iter5] Gen:8 Ind:6 RMSE(val)=68.044370
[GA][Iter5] Gen:8 Ind:7 RMSE(val)=68.138873
[GA][Iter5] Gen:8 Ind:8 RMSE(val)=68.144482
[GA][Iter5] Gen:8 Ind:9 RMSE(val)=68.144517
[GA][Iter5] Gen:8 Ind:10 RMSE(val)=68.173829
[GA][Iter5] Gen:8 Ind:11 RMSE(val)=67.585570
[GA][Iter5] Gen:8 Ind:12 RMSE(val)=67.748995
[GA][Iter5] Gen:8 Ind:13 RMSE(val)=68.719361
[GA][Iter5] Gen:8 Ind:14 RMSE(val)=68.583990
[GA][Iter5] Gen:8 Ind:15 RMSE(val)=68.400618
[GA][Iter5] Gen:8 Ind:16 RMSE(val)=67.748995
[GA][Iter5] Gen:8 Ind:17 RMSE(val)=70.256054
[GA][Iter5] Gen:8 Ind:18 RMSE(val)=68.621338
[GA][Iter5] Gen:8 Ind:19 RMSE(val)=68.277773
[GA][Iter5] Gen:8 Ind:20 RMSE(val)=67.630730
[GA][Iter5] gen=8 best_val_rmse=67.585570
[GA][Iter5] Gen:9 Ind:1 RMSE(val)=67.585570
[GA][Iter5] Gen:9 Ind:2 RMSE(val)=67.630730
[GA][Iter5] Gen:9 Ind:3 RMSE(val)=67.676908
[GA][Iter5] Gen:9 Ind:4 RMSE(val)=67.748995
[GA][Iter5] Gen:9 Ind:5 RMSE(val)=67.748995
[GA][Iter5] Gen:9 Ind:6 RMSE(val)=67.774170
[GA][Iter5] Gen:9 Ind:7 RMSE(val)=67.851224
[GA][Iter5] Gen:9 Ind:8 RMSE(val)=67.934635
[GA][Iter5] Gen:9 Ind:9 RMSE(val)=67.944005
[GA][Iter5] Gen:9 Ind:10 RMSE(val)=68.044370
[GA][Iter5] Gen:9 Ind:11 RMSE(val)=67.944005
[GA][Iter5] Gen:9 Ind:12 RMSE(val)=67.830488
[GA][Iter5] Gen:9 Ind:13 RMSE(val)=67.932287
[GA][Iter5] Gen:9 Ind:14 RMSE(val)=67.715702
[GA][Iter5] Gen:9 Ind:15 RMSE(val)=67.648218
[GA][Iter5] Gen:9 Ind:16 RMSE(val)=68.437836
[GA][Iter5] Gen:9 Ind:17 RMSE(val)=69.239687
[GA][Iter5] Gen:9 Ind:18 RMSE(val)=67.774170
[GA][Iter5] Gen:9 Ind:19 RMSE(val)=68.178946
[GA][Iter5] Gen:9 Ind:20 RMSE(val)=70.365400
[GA][Iter5] gen=9 best_val_rmse=67.585570
[GA][Iter5] Gen:10 Ind:1 RMSE(val)=67.585570
[GA][Iter5] Gen:10 Ind:2 RMSE(val)=67.630730
[GA][Iter5] Gen:10 Ind:3 RMSE(val)=67.648218
[GA][Iter5] Gen:10 Ind:4 RMSE(val)=67.676908
[GA][Iter5] Gen:10 Ind:5 RMSE(val)=67.715702
[GA][Iter5] Gen:10 Ind:6 RMSE(val)=67.748995
[GA][Iter5] Gen:10 Ind:7 RMSE(val)=67.748995
[GA][Iter5] Gen:10 Ind:8 RMSE(val)=67.774170
[GA][Iter5] Gen:10 Ind:9 RMSE(val)=67.774170
[GA][Iter5] Gen:10 Ind:10 RMSE(val)=67.830488
[GA][Iter5] Gen:10 Ind:11 RMSE(val)=68.296974
[GA][Iter5] Gen:10 Ind:12 RMSE(val)=67.657153
[GA][Iter5] Gen:10 Ind:13 RMSE(val)=67.851224
[GA][Iter5] Gen:10 Ind:14 RMSE(val)=67.715702
[GA][Iter5] Gen:10 Ind:15 RMSE(val)=67.994469
[GA][Iter5] Gen:10 Ind:16 RMSE(val)=67.774170
[GA][Iter5] Gen:10 Ind:17 RMSE(val)=69.160143
[GA][Iter5] Gen:10 Ind:18 RMSE(val)=67.774170
[GA][Iter5] Gen:10 Ind:19 RMSE(val)=67.778578
[GA][Iter5] Gen:10 Ind:20 RMSE(val)=67.830488
[GA][Iter5] gen=10 best_val_rmse=67.585570
[GA][Iter5] Gen:11 Ind:1 RMSE(val)=67.585570
[GA][Iter5] Gen:11 Ind:2 RMSE(val)=67.630730
[GA][Iter5] Gen:11 Ind:3 RMSE(val)=67.648218
[GA][Iter5] Gen:11 Ind:4 RMSE(val)=67.657153
[GA][Iter5] Gen:11 Ind:5 RMSE(val)=67.676908
[GA][Iter5] Gen:11 Ind:6 RMSE(val)=67.715702
[GA][Iter5] Gen:11 Ind:7 RMSE(val)=67.715702
[GA][Iter5] Gen:11 Ind:8 RMSE(val)=67.748995
[GA][Iter5] Gen:11 Ind:9 RMSE(val)=67.748995
[GA][Iter5] Gen:11 Ind:10 RMSE(val)=67.774170
[GA][Iter5] Gen:11 Ind:11 RMSE(val)=67.833684
[GA][Iter5] Gen:11 Ind:12 RMSE(val)=67.579089
[GA][Iter5] Gen:11 Ind:13 RMSE(val)=69.505394
[GA][Iter5] Gen:11 Ind:14 RMSE(val)=68.044370
[GA][Iter5] Gen:11 Ind:15 RMSE(val)=67.657299
[GA][Iter5] Gen:11 Ind:16 RMSE(val)=67.769433
[GA][Iter5] Gen:11 Ind:17 RMSE(val)=67.680899
[GA][Iter5] Gen:11 Ind:18 RMSE(val)=67.658691
[GA][Iter5] Gen:11 Ind:19 RMSE(val)=67.522871
[GA][Iter5] Gen:11 Ind:20 RMSE(val)=67.724627
[GA][Iter5] gen=11 best_val_rmse=67.522871
[GA][Iter5] Gen:12 Ind:1 RMSE(val)=67.522871
[GA][Iter5] Gen:12 Ind:2 RMSE(val)=67.579089
[GA][Iter5] Gen:12 Ind:3 RMSE(val)=67.585570
[GA][Iter5] Gen:12 Ind:4 RMSE(val)=67.630730
[GA][Iter5] Gen:12 Ind:5 RMSE(val)=67.648218
[GA][Iter5] Gen:12 Ind:6 RMSE(val)=67.657153
[GA][Iter5] Gen:12 Ind:7 RMSE(val)=67.657299
[GA][Iter5] Gen:12 Ind:8 RMSE(val)=67.658691
[GA][Iter5] Gen:12 Ind:9 RMSE(val)=67.676908
[GA][Iter5] Gen:12 Ind:10 RMSE(val)=67.680899
[GA][Iter5] Gen:12 Ind:11 RMSE(val)=67.997301
[GA][Iter5] Gen:12 Ind:12 RMSE(val)=67.613934
[GA][Iter5] Gen:12 Ind:13 RMSE(val)=69.488915
[GA][Iter5] Gen:12 Ind:14 RMSE(val)=67.802255
[GA][Iter5] Gen:12 Ind:15 RMSE(val)=67.680899
[GA][Iter5] Gen:12 Ind:16 RMSE(val)=67.610606
[GA][Iter5] Gen:12 Ind:17 RMSE(val)=67.748995
[GA][Iter5] Gen:12 Ind:18 RMSE(val)=69.128254
[GA][Iter5] Gen:12 Ind:19 RMSE(val)=67.658691
[GA][Iter5] Gen:12 Ind:20 RMSE(val)=69.797429
[GA][Iter5] gen=12 best_val_rmse=67.522871
[GA][Iter5] Gen:13 Ind:1 RMSE(val)=67.522871
[GA][Iter5] Gen:13 Ind:2 RMSE(val)=67.579089
[GA][Iter5] Gen:13 Ind:3 RMSE(val)=67.585570
[GA][Iter5] Gen:13 Ind:4 RMSE(val)=67.610606
[GA][Iter5] Gen:13 Ind:5 RMSE(val)=67.613934
[GA][Iter5] Gen:13 Ind:6 RMSE(val)=67.630730
[GA][Iter5] Gen:13 Ind:7 RMSE(val)=67.648218
[GA][Iter5] Gen:13 Ind:8 RMSE(val)=67.657153
[GA][Iter5] Gen:13 Ind:9 RMSE(val)=67.657299
[GA][Iter5] Gen:13 Ind:10 RMSE(val)=67.658691
[GA][Iter5] Gen:13 Ind:11 RMSE(val)=67.610606
[GA][Iter5] Gen:13 Ind:12 RMSE(val)=67.579089
[GA][Iter5] Gen:13 Ind:13 RMSE(val)=67.579089
[GA][Iter5] Gen:13 Ind:14 RMSE(val)=67.630730
[GA][Iter5] Gen:13 Ind:15 RMSE(val)=69.392297
[GA][Iter5] Gen:13 Ind:16 RMSE(val)=67.846618
[GA][Iter5] Gen:13 Ind:17 RMSE(val)=67.457931
[GA][Iter5] Gen:13 Ind:18 RMSE(val)=67.727316
[GA][Iter5] Gen:13 Ind:19 RMSE(val)=67.630730
[GA][Iter5] Gen:13 Ind:20 RMSE(val)=67.745969
[GA][Iter5] gen=13 best_val_rmse=67.457931
[GA][Iter5] Gen:14 Ind:1 RMSE(val)=67.457931
[GA][Iter5] Gen:14 Ind:2 RMSE(val)=67.522871
[GA][Iter5] Gen:14 Ind:3 RMSE(val)=67.579089
[GA][Iter5] Gen:14 Ind:4 RMSE(val)=67.579089
[GA][Iter5] Gen:14 Ind:5 RMSE(val)=67.579089
[GA][Iter5] Gen:14 Ind:6 RMSE(val)=67.585570
[GA][Iter5] Gen:14 Ind:7 RMSE(val)=67.610606
[GA][Iter5] Gen:14 Ind:8 RMSE(val)=67.610606
[GA][Iter5] Gen:14 Ind:9 RMSE(val)=67.613934
[GA][Iter5] Gen:14 Ind:10 RMSE(val)=67.630730
[GA][Iter5] Gen:14 Ind:11 RMSE(val)=67.579089
[GA][Iter5] Gen:14 Ind:12 RMSE(val)=67.609491
[GA][Iter5] Gen:14 Ind:13 RMSE(val)=67.616308
[GA][Iter5] Gen:14 Ind:14 RMSE(val)=69.510925
[GA][Iter5] Gen:14 Ind:15 RMSE(val)=69.183751
[GA][Iter5] Gen:14 Ind:16 RMSE(val)=68.716430
[GA][Iter5] Gen:14 Ind:17 RMSE(val)=67.579089
[GA][Iter5] Gen:14 Ind:18 RMSE(val)=67.471696
[GA][Iter5] Gen:14 Ind:19 RMSE(val)=68.473947
[GA][Iter5] Gen:14 Ind:20 RMSE(val)=67.402628
[GA][Iter5] gen=14 best_val_rmse=67.402628
[GA][Iter5] Gen:15 Ind:1 RMSE(val)=67.402628
[GA][Iter5] Gen:15 Ind:2 RMSE(val)=67.457931
[GA][Iter5] Gen:15 Ind:3 RMSE(val)=67.471696
[GA][Iter5] Gen:15 Ind:4 RMSE(val)=67.522871
[GA][Iter5] Gen:15 Ind:5 RMSE(val)=67.579089
[GA][Iter5] Gen:15 Ind:6 RMSE(val)=67.579089
[GA][Iter5] Gen:15 Ind:7 RMSE(val)=67.579089
[GA][Iter5] Gen:15 Ind:8 RMSE(val)=67.579089
[GA][Iter5] Gen:15 Ind:9 RMSE(val)=67.579089
[GA][Iter5] Gen:15 Ind:10 RMSE(val)=67.585570
[GA][Iter5] Gen:15 Ind:11 RMSE(val)=68.889431
[GA][Iter5] Gen:15 Ind:12 RMSE(val)=67.554543
[GA][Iter5] Gen:15 Ind:13 RMSE(val)=67.630730
[GA][Iter5] Gen:15 Ind:14 RMSE(val)=68.510023
[GA][Iter5] Gen:15 Ind:15 RMSE(val)=67.536726
[GA][Iter5] Gen:15 Ind:16 RMSE(val)=67.457931
[GA][Iter5] Gen:15 Ind:17 RMSE(val)=67.579089
[GA][Iter5] Gen:15 Ind:18 RMSE(val)=67.720900
[GA][Iter5] Gen:15 Ind:19 RMSE(val)=67.579089
[GA][Iter5] Gen:15 Ind:20 RMSE(val)=67.457931
[GA][Iter5] gen=15 best_val_rmse=67.402628
[GA][Iter5] Gen:15 Ind:1 RMSE(val)=67.402628
[GA][Iter5] Gen:15 Ind:2 RMSE(val)=67.457931
[GA][Iter5] Gen:15 Ind:3 RMSE(val)=67.457931
[GA][Iter5] Gen:15 Ind:4 RMSE(val)=67.457931
[GA][Iter5] Gen:15 Ind:5 RMSE(val)=67.471696
[GA][Iter5] Gen:15 Ind:6 RMSE(val)=67.522871
[GA][Iter5] Gen:15 Ind:7 RMSE(val)=67.536726
[GA][Iter5] Gen:15 Ind:8 RMSE(val)=67.554543
[GA][Iter5] Gen:15 Ind:9 RMSE(val)=67.579089
[GA][Iter5] Gen:15 Ind:10 RMSE(val)=67.579089
[GA][Iter5] Gen:15 Ind:11 RMSE(val)=67.579089
[GA][Iter5] Gen:15 Ind:12 RMSE(val)=67.322001
[GA][Iter5] Gen:15 Ind:13 RMSE(val)=67.554543
[GA][Iter5] Gen:15 Ind:14 RMSE(val)=67.457931
[GA][Iter5] Gen:15 Ind:15 RMSE(val)=69.811122
[GA][Iter5] Gen:15 Ind:16 RMSE(val)=67.407304
[GA][Iter5] Gen:15 Ind:17 RMSE(val)=67.457931
[GA][Iter5] Gen:15 Ind:18 RMSE(val)=67.322001
[GA][Iter5] Gen:15 Ind:19 RMSE(val)=67.470374
[GA][Iter5] Gen:15 Ind:20 RMSE(val)=67.439250

[GA DONE][Iter5] Best params on val fold of Iter5
Best val RMSE: 67.322001
Best params: {'n_estimators': 1116, 'learning_rate': 0.03171427366232656, 'max_depth': 3, 'min_child_weight': 1.7367860308314627, 'subsample': 0.5644627790760137, 'colsample_bytree': 0.945741688703544, 'reg_lambda': 0.5725065226592523, 'reg_alpha': 0.01920383014454307, 'gamma': 0.6400884657830369}
--------------------------------------------------------------------------------
[RETUNE GA] Iter5: train folds 1..9 -> test fold 10  RMSE=49.406191  NRMSE=0.517123  CVRMSE=0.105896  R2=0.732019
