=== BASELINE (project=bmad, last-7 mean, expanding folds) ===
Iter1: train folds 1..5 -> test fold 6  RMSE=74.6603  NRMSE=1.0596  CVRMSE=0.0747  R˛=-0.1357
Iter2: train folds 1..6 -> test fold 7  RMSE=52.7729  NRMSE=0.8501  CVRMSE=0.0510  R˛=0.2688
Iter3: train folds 1..7 -> test fold 8  RMSE=49.9589  NRMSE=1.0781  CVRMSE=0.0440  R˛=-0.1760
Iter4: train folds 1..8 -> test fold 9  RMSE=98.8492  NRMSE=1.0715  CVRMSE=0.0853  R˛=-0.1617
Iter5: train folds 1..9 -> test fold 10  RMSE=38.9277  NRMSE=1.0721  CVRMSE=0.0338  R˛=-0.1629
--------------------------------------------------
[FEATURES] initial=174 kept_after_screening=72
['branch', 'issuer_name', 'gh_files_added', 'gh_files_deleted', 'gh_tests_deleted', 'gh_src_churn', 'gh_is_pr', 'gh_description_complexity', 'gh_src_files', 'gh_doc_files', 'gh_other_files', 'gh_commits_on_files_touched', 'gh_num_pr_comments', 'gh_test_lines_per_kloc', 'hour', 'dow', 'month', 'secs_since_prev', 'duration_lag_1', 'window_avg_7', 'window_std_7', 'ft___LIST_', 'ft___TXT_', 'ft___beam__', 'ft___bmad_', 'ft___bmad__', 'ft___bmad_optics_matching_', 'ft___correct_', 'ft___cpp__', 'ft___f90_', 'ft___f90__', 'ft___grid_field__', 'ft___h_', 'ft___html_', 'ft___in_', 'ft___init_', 'ft___init__', 'ft___jpg_', 'ft___json__', 'ft___lat_', 'ft___md_', 'ft___namelist_', 'ft___namelist__', 'ft___npz_', 'ft___pdf__', 'ft___pl_', 'ft___py_', 'ft___py__', 'ft___startup_', 'ft___tex_', 'ft___tex__', 'ft___tex____dup1', 'ft___txt_', 'ft___wake__', 'ft___yml__', 'ft____bmad_', 'ft____bmad__', 'ft____bmad____dup1', 'ft____cmake__', 'ft____correct__', 'ft____cpp__', 'ft____f90_', 'ft____init_', 'ft____md__', 'ft____namelist_', 'ft____py_', 'ft____py__', 'ft____tao_', 'ft____tex__', 'ft____tex____dup1', 'ft____yml__', 'ft___']
--------------------------------------------------------------------------------
[GA][Iter1] Gen:1 Ind:1 RMSE(val)=62.714657
[GA][Iter1] Gen:1 Ind:2 RMSE(val)=64.938902
[GA][Iter1] Gen:1 Ind:3 RMSE(val)=62.330134
[GA][Iter1] Gen:1 Ind:4 RMSE(val)=63.413459
[GA][Iter1] Gen:1 Ind:5 RMSE(val)=61.774741
[GA][Iter1] Gen:1 Ind:6 RMSE(val)=62.190451
[GA][Iter1] Gen:1 Ind:7 RMSE(val)=63.501681
[GA][Iter1] Gen:1 Ind:8 RMSE(val)=63.668324
[GA][Iter1] Gen:1 Ind:9 RMSE(val)=63.336157
[GA][Iter1] Gen:1 Ind:10 RMSE(val)=63.660528
[GA][Iter1] Gen:1 Ind:11 RMSE(val)=63.553204
[GA][Iter1] Gen:1 Ind:12 RMSE(val)=64.371334
[GA][Iter1] Gen:1 Ind:13 RMSE(val)=63.467816
[GA][Iter1] Gen:1 Ind:14 RMSE(val)=62.634500
[GA][Iter1] Gen:1 Ind:15 RMSE(val)=63.880191
[GA][Iter1] Gen:1 Ind:16 RMSE(val)=63.429120
[GA][Iter1] Gen:1 Ind:17 RMSE(val)=64.541667
[GA][Iter1] Gen:1 Ind:18 RMSE(val)=63.220915
[GA][Iter1] Gen:1 Ind:19 RMSE(val)=61.915254
[GA][Iter1] Gen:1 Ind:20 RMSE(val)=61.772807
[GA][Iter1] gen=1 best_val_rmse=61.772807
[GA][Iter1] Gen:2 Ind:1 RMSE(val)=61.772807
[GA][Iter1] Gen:2 Ind:2 RMSE(val)=61.774741
[GA][Iter1] Gen:2 Ind:3 RMSE(val)=61.915254
[GA][Iter1] Gen:2 Ind:4 RMSE(val)=62.190451
[GA][Iter1] Gen:2 Ind:5 RMSE(val)=62.330134
[GA][Iter1] Gen:2 Ind:6 RMSE(val)=62.634500
[GA][Iter1] Gen:2 Ind:7 RMSE(val)=62.714657
[GA][Iter1] Gen:2 Ind:8 RMSE(val)=63.220915
[GA][Iter1] Gen:2 Ind:9 RMSE(val)=63.336157
[GA][Iter1] Gen:2 Ind:10 RMSE(val)=63.413459
[GA][Iter1] Gen:2 Ind:11 RMSE(val)=63.442422
[GA][Iter1] Gen:2 Ind:12 RMSE(val)=61.859241
[GA][Iter1] Gen:2 Ind:13 RMSE(val)=61.811613
[GA][Iter1] Gen:2 Ind:14 RMSE(val)=62.553174
[GA][Iter1] Gen:2 Ind:15 RMSE(val)=63.926859
[GA][Iter1] Gen:2 Ind:16 RMSE(val)=64.357329
[GA][Iter1] Gen:2 Ind:17 RMSE(val)=62.751773
[GA][Iter1] Gen:2 Ind:18 RMSE(val)=64.499829
[GA][Iter1] Gen:2 Ind:19 RMSE(val)=63.014312
[GA][Iter1] Gen:2 Ind:20 RMSE(val)=63.225353
[GA][Iter1] gen=2 best_val_rmse=61.772807
[GA][Iter1] Gen:3 Ind:1 RMSE(val)=61.772807
[GA][Iter1] Gen:3 Ind:2 RMSE(val)=61.774741
[GA][Iter1] Gen:3 Ind:3 RMSE(val)=61.811613
[GA][Iter1] Gen:3 Ind:4 RMSE(val)=61.859241
[GA][Iter1] Gen:3 Ind:5 RMSE(val)=61.915254
[GA][Iter1] Gen:3 Ind:6 RMSE(val)=62.190451
[GA][Iter1] Gen:3 Ind:7 RMSE(val)=62.330134
[GA][Iter1] Gen:3 Ind:8 RMSE(val)=62.553174
[GA][Iter1] Gen:3 Ind:9 RMSE(val)=62.634500
[GA][Iter1] Gen:3 Ind:10 RMSE(val)=62.714657
[GA][Iter1] Gen:3 Ind:11 RMSE(val)=61.893288
[GA][Iter1] Gen:3 Ind:12 RMSE(val)=61.030696
[GA][Iter1] Gen:3 Ind:13 RMSE(val)=61.943425
[GA][Iter1] Gen:3 Ind:14 RMSE(val)=61.752304
[GA][Iter1] Gen:3 Ind:15 RMSE(val)=61.915665
[GA][Iter1] Gen:3 Ind:16 RMSE(val)=62.031171
[GA][Iter1] Gen:3 Ind:17 RMSE(val)=61.444543
[GA][Iter1] Gen:3 Ind:18 RMSE(val)=62.363078
[GA][Iter1] Gen:3 Ind:19 RMSE(val)=63.235345
[GA][Iter1] Gen:3 Ind:20 RMSE(val)=61.943425
[GA][Iter1] gen=3 best_val_rmse=61.030696
[GA][Iter1] Gen:4 Ind:1 RMSE(val)=61.030696
[GA][Iter1] Gen:4 Ind:2 RMSE(val)=61.444543
[GA][Iter1] Gen:4 Ind:3 RMSE(val)=61.752304
[GA][Iter1] Gen:4 Ind:4 RMSE(val)=61.772807
[GA][Iter1] Gen:4 Ind:5 RMSE(val)=61.774741
[GA][Iter1] Gen:4 Ind:6 RMSE(val)=61.811613
[GA][Iter1] Gen:4 Ind:7 RMSE(val)=61.859241
[GA][Iter1] Gen:4 Ind:8 RMSE(val)=61.893288
[GA][Iter1] Gen:4 Ind:9 RMSE(val)=61.915254
[GA][Iter1] Gen:4 Ind:10 RMSE(val)=61.915665
[GA][Iter1] Gen:4 Ind:11 RMSE(val)=62.071355
[GA][Iter1] Gen:4 Ind:12 RMSE(val)=61.297696
[GA][Iter1] Gen:4 Ind:13 RMSE(val)=62.031171
[GA][Iter1] Gen:4 Ind:14 RMSE(val)=61.815367
[GA][Iter1] Gen:4 Ind:15 RMSE(val)=61.939072
[GA][Iter1] Gen:4 Ind:16 RMSE(val)=61.895343
[GA][Iter1] Gen:4 Ind:17 RMSE(val)=62.336922
[GA][Iter1] Gen:4 Ind:18 RMSE(val)=62.735309
[GA][Iter1] Gen:4 Ind:19 RMSE(val)=60.985625
[GA][Iter1] Gen:4 Ind:20 RMSE(val)=62.612487
[GA][Iter1] gen=4 best_val_rmse=60.985625
[GA][Iter1] Gen:5 Ind:1 RMSE(val)=60.985625
[GA][Iter1] Gen:5 Ind:2 RMSE(val)=61.030696
[GA][Iter1] Gen:5 Ind:3 RMSE(val)=61.297696
[GA][Iter1] Gen:5 Ind:4 RMSE(val)=61.444543
[GA][Iter1] Gen:5 Ind:5 RMSE(val)=61.752304
[GA][Iter1] Gen:5 Ind:6 RMSE(val)=61.772807
[GA][Iter1] Gen:5 Ind:7 RMSE(val)=61.774741
[GA][Iter1] Gen:5 Ind:8 RMSE(val)=61.811613
[GA][Iter1] Gen:5 Ind:9 RMSE(val)=61.815367
[GA][Iter1] Gen:5 Ind:10 RMSE(val)=61.859241
[GA][Iter1] Gen:5 Ind:11 RMSE(val)=61.766112
[GA][Iter1] Gen:5 Ind:12 RMSE(val)=61.455559
[GA][Iter1] Gen:5 Ind:13 RMSE(val)=61.541576
[GA][Iter1] Gen:5 Ind:14 RMSE(val)=61.141243
[GA][Iter1] Gen:5 Ind:15 RMSE(val)=61.741952
[GA][Iter1] Gen:5 Ind:16 RMSE(val)=61.869438
[GA][Iter1] Gen:5 Ind:17 RMSE(val)=61.678499
[GA][Iter1] Gen:5 Ind:18 RMSE(val)=62.221006
[GA][Iter1] Gen:5 Ind:19 RMSE(val)=61.274687
[GA][Iter1] Gen:5 Ind:20 RMSE(val)=60.955297
[GA][Iter1] gen=5 best_val_rmse=60.955297
[GA][Iter1] Gen:6 Ind:1 RMSE(val)=60.955297
[GA][Iter1] Gen:6 Ind:2 RMSE(val)=60.985625
[GA][Iter1] Gen:6 Ind:3 RMSE(val)=61.030696
[GA][Iter1] Gen:6 Ind:4 RMSE(val)=61.141243
[GA][Iter1] Gen:6 Ind:5 RMSE(val)=61.274687
[GA][Iter1] Gen:6 Ind:6 RMSE(val)=61.297696
[GA][Iter1] Gen:6 Ind:7 RMSE(val)=61.444543
[GA][Iter1] Gen:6 Ind:8 RMSE(val)=61.455559
[GA][Iter1] Gen:6 Ind:9 RMSE(val)=61.541576
[GA][Iter1] Gen:6 Ind:10 RMSE(val)=61.678499
[GA][Iter1] Gen:6 Ind:11 RMSE(val)=61.778243
[GA][Iter1] Gen:6 Ind:12 RMSE(val)=60.902283
[GA][Iter1] Gen:6 Ind:13 RMSE(val)=60.850320
[GA][Iter1] Gen:6 Ind:14 RMSE(val)=61.140390
[GA][Iter1] Gen:6 Ind:15 RMSE(val)=60.955297
[GA][Iter1] Gen:6 Ind:16 RMSE(val)=61.459682
[GA][Iter1] Gen:6 Ind:17 RMSE(val)=61.516382
[GA][Iter1] Gen:6 Ind:18 RMSE(val)=62.148193
[GA][Iter1] Gen:6 Ind:19 RMSE(val)=61.102121
[GA][Iter1] Gen:6 Ind:20 RMSE(val)=61.891956
[GA][Iter1] gen=6 best_val_rmse=60.850320
[GA][Iter1] Gen:7 Ind:1 RMSE(val)=60.850320
[GA][Iter1] Gen:7 Ind:2 RMSE(val)=60.902283
[GA][Iter1] Gen:7 Ind:3 RMSE(val)=60.955297
[GA][Iter1] Gen:7 Ind:4 RMSE(val)=60.955297
[GA][Iter1] Gen:7 Ind:5 RMSE(val)=60.985625
[GA][Iter1] Gen:7 Ind:6 RMSE(val)=61.030696
[GA][Iter1] Gen:7 Ind:7 RMSE(val)=61.102121
[GA][Iter1] Gen:7 Ind:8 RMSE(val)=61.140390
[GA][Iter1] Gen:7 Ind:9 RMSE(val)=61.141243
[GA][Iter1] Gen:7 Ind:10 RMSE(val)=61.274687
[GA][Iter1] Gen:7 Ind:11 RMSE(val)=61.100030
[GA][Iter1] Gen:7 Ind:12 RMSE(val)=61.045598
[GA][Iter1] Gen:7 Ind:13 RMSE(val)=61.040300
[GA][Iter1] Gen:7 Ind:14 RMSE(val)=60.890804
[GA][Iter1] Gen:7 Ind:15 RMSE(val)=60.902283
[GA][Iter1] Gen:7 Ind:16 RMSE(val)=60.839395
[GA][Iter1] Gen:7 Ind:17 RMSE(val)=60.928538
[GA][Iter1] Gen:7 Ind:18 RMSE(val)=60.851024
[GA][Iter1] Gen:7 Ind:19 RMSE(val)=61.357242
[GA][Iter1] Gen:7 Ind:20 RMSE(val)=60.828236
[GA][Iter1] gen=7 best_val_rmse=60.828236
[GA][Iter1] Gen:8 Ind:1 RMSE(val)=60.828236
[GA][Iter1] Gen:8 Ind:2 RMSE(val)=60.839395
[GA][Iter1] Gen:8 Ind:3 RMSE(val)=60.850320
[GA][Iter1] Gen:8 Ind:4 RMSE(val)=60.851024
[GA][Iter1] Gen:8 Ind:5 RMSE(val)=60.890804
[GA][Iter1] Gen:8 Ind:6 RMSE(val)=60.902283
[GA][Iter1] Gen:8 Ind:7 RMSE(val)=60.902283
[GA][Iter1] Gen:8 Ind:8 RMSE(val)=60.928538
[GA][Iter1] Gen:8 Ind:9 RMSE(val)=60.955297
[GA][Iter1] Gen:8 Ind:10 RMSE(val)=60.955297
[GA][Iter1] Gen:8 Ind:11 RMSE(val)=60.814802
[GA][Iter1] Gen:8 Ind:12 RMSE(val)=60.850320
[GA][Iter1] Gen:8 Ind:13 RMSE(val)=60.882461
[GA][Iter1] Gen:8 Ind:14 RMSE(val)=61.007511
[GA][Iter1] Gen:8 Ind:15 RMSE(val)=60.788879
[GA][Iter1] Gen:8 Ind:16 RMSE(val)=60.839395
[GA][Iter1] Gen:8 Ind:17 RMSE(val)=60.917984
[GA][Iter1] Gen:8 Ind:18 RMSE(val)=60.994304
[GA][Iter1] Gen:8 Ind:19 RMSE(val)=60.796823
[GA][Iter1] Gen:8 Ind:20 RMSE(val)=60.978696
[GA][Iter1] gen=8 best_val_rmse=60.788879
[GA][Iter1] Gen:9 Ind:1 RMSE(val)=60.788879
[GA][Iter1] Gen:9 Ind:2 RMSE(val)=60.796823
[GA][Iter1] Gen:9 Ind:3 RMSE(val)=60.814802
[GA][Iter1] Gen:9 Ind:4 RMSE(val)=60.828236
[GA][Iter1] Gen:9 Ind:5 RMSE(val)=60.839395
[GA][Iter1] Gen:9 Ind:6 RMSE(val)=60.839395
[GA][Iter1] Gen:9 Ind:7 RMSE(val)=60.850320
[GA][Iter1] Gen:9 Ind:8 RMSE(val)=60.850320
[GA][Iter1] Gen:9 Ind:9 RMSE(val)=60.851024
[GA][Iter1] Gen:9 Ind:10 RMSE(val)=60.882461
[GA][Iter1] Gen:9 Ind:11 RMSE(val)=60.889320
[GA][Iter1] Gen:9 Ind:12 RMSE(val)=60.837141
[GA][Iter1] Gen:9 Ind:13 RMSE(val)=61.099587
[GA][Iter1] Gen:9 Ind:14 RMSE(val)=60.876450
[GA][Iter1] Gen:9 Ind:15 RMSE(val)=60.833447
[GA][Iter1] Gen:9 Ind:16 RMSE(val)=60.840848
[GA][Iter1] Gen:9 Ind:17 RMSE(val)=60.828236
[GA][Iter1] Gen:9 Ind:18 RMSE(val)=60.839395
[GA][Iter1] Gen:9 Ind:19 RMSE(val)=60.825200
[GA][Iter1] Gen:9 Ind:20 RMSE(val)=60.876538
[GA][Iter1] gen=9 best_val_rmse=60.788879
[GA][Iter1] Gen:10 Ind:1 RMSE(val)=60.788879
[GA][Iter1] Gen:10 Ind:2 RMSE(val)=60.796823
[GA][Iter1] Gen:10 Ind:3 RMSE(val)=60.814802
[GA][Iter1] Gen:10 Ind:4 RMSE(val)=60.825200
[GA][Iter1] Gen:10 Ind:5 RMSE(val)=60.828236
[GA][Iter1] Gen:10 Ind:6 RMSE(val)=60.828236
[GA][Iter1] Gen:10 Ind:7 RMSE(val)=60.833447
[GA][Iter1] Gen:10 Ind:8 RMSE(val)=60.837141
[GA][Iter1] Gen:10 Ind:9 RMSE(val)=60.839395
[GA][Iter1] Gen:10 Ind:10 RMSE(val)=60.839395
[GA][Iter1] Gen:10 Ind:11 RMSE(val)=61.594097
[GA][Iter1] Gen:10 Ind:12 RMSE(val)=60.948878
[GA][Iter1] Gen:10 Ind:13 RMSE(val)=60.873174
[GA][Iter1] Gen:10 Ind:14 RMSE(val)=60.828236
[GA][Iter1] Gen:10 Ind:15 RMSE(val)=60.874098
[GA][Iter1] Gen:10 Ind:16 RMSE(val)=60.877585
[GA][Iter1] Gen:10 Ind:17 RMSE(val)=60.794311
[GA][Iter1] Gen:10 Ind:18 RMSE(val)=60.965315
[GA][Iter1] Gen:10 Ind:19 RMSE(val)=60.796823
[GA][Iter1] Gen:10 Ind:20 RMSE(val)=60.804106
[GA][Iter1] gen=10 best_val_rmse=60.788879
[GA][Iter1] Gen:11 Ind:1 RMSE(val)=60.788879
[GA][Iter1] Gen:11 Ind:2 RMSE(val)=60.794311
[GA][Iter1] Gen:11 Ind:3 RMSE(val)=60.796823
[GA][Iter1] Gen:11 Ind:4 RMSE(val)=60.796823
[GA][Iter1] Gen:11 Ind:5 RMSE(val)=60.804106
[GA][Iter1] Gen:11 Ind:6 RMSE(val)=60.814802
[GA][Iter1] Gen:11 Ind:7 RMSE(val)=60.825200
[GA][Iter1] Gen:11 Ind:8 RMSE(val)=60.828236
[GA][Iter1] Gen:11 Ind:9 RMSE(val)=60.828236
[GA][Iter1] Gen:11 Ind:10 RMSE(val)=60.828236
[GA][Iter1] Gen:11 Ind:11 RMSE(val)=60.788820
[GA][Iter1] Gen:11 Ind:12 RMSE(val)=60.785618
[GA][Iter1] Gen:11 Ind:13 RMSE(val)=60.828236
[GA][Iter1] Gen:11 Ind:14 RMSE(val)=60.804106
[GA][Iter1] Gen:11 Ind:15 RMSE(val)=60.796600
[GA][Iter1] Gen:11 Ind:16 RMSE(val)=60.797499
[GA][Iter1] Gen:11 Ind:17 RMSE(val)=60.828164
[GA][Iter1] Gen:11 Ind:18 RMSE(val)=60.846595
[GA][Iter1] Gen:11 Ind:19 RMSE(val)=60.802086
[GA][Iter1] Gen:11 Ind:20 RMSE(val)=60.833157
[GA][Iter1] gen=11 best_val_rmse=60.785618
[GA][Iter1] Gen:12 Ind:1 RMSE(val)=60.785618
[GA][Iter1] Gen:12 Ind:2 RMSE(val)=60.788820
[GA][Iter1] Gen:12 Ind:3 RMSE(val)=60.788879
[GA][Iter1] Gen:12 Ind:4 RMSE(val)=60.794311
[GA][Iter1] Gen:12 Ind:5 RMSE(val)=60.796600
[GA][Iter1] Gen:12 Ind:6 RMSE(val)=60.796823
[GA][Iter1] Gen:12 Ind:7 RMSE(val)=60.796823
[GA][Iter1] Gen:12 Ind:8 RMSE(val)=60.797499
[GA][Iter1] Gen:12 Ind:9 RMSE(val)=60.802086
[GA][Iter1] Gen:12 Ind:10 RMSE(val)=60.804106
[GA][Iter1] Gen:12 Ind:11 RMSE(val)=60.800205
[GA][Iter1] Gen:12 Ind:12 RMSE(val)=61.257604
[GA][Iter1] Gen:12 Ind:13 RMSE(val)=60.823130
[GA][Iter1] Gen:12 Ind:14 RMSE(val)=60.877282
[GA][Iter1] Gen:12 Ind:15 RMSE(val)=60.796823
[GA][Iter1] Gen:12 Ind:16 RMSE(val)=60.788820
[GA][Iter1] Gen:12 Ind:17 RMSE(val)=60.796823
[GA][Iter1] Gen:12 Ind:18 RMSE(val)=60.770310
[GA][Iter1] Gen:12 Ind:19 RMSE(val)=60.797499
[GA][Iter1] Gen:12 Ind:20 RMSE(val)=60.802086
[GA][Iter1] gen=12 best_val_rmse=60.770310
[GA][Iter1] Gen:13 Ind:1 RMSE(val)=60.770310
[GA][Iter1] Gen:13 Ind:2 RMSE(val)=60.785618
[GA][Iter1] Gen:13 Ind:3 RMSE(val)=60.788820
[GA][Iter1] Gen:13 Ind:4 RMSE(val)=60.788820
[GA][Iter1] Gen:13 Ind:5 RMSE(val)=60.788879
[GA][Iter1] Gen:13 Ind:6 RMSE(val)=60.794311
[GA][Iter1] Gen:13 Ind:7 RMSE(val)=60.796600
[GA][Iter1] Gen:13 Ind:8 RMSE(val)=60.796823
[GA][Iter1] Gen:13 Ind:9 RMSE(val)=60.796823
[GA][Iter1] Gen:13 Ind:10 RMSE(val)=60.796823
[GA][Iter1] Gen:13 Ind:11 RMSE(val)=60.803043
[GA][Iter1] Gen:13 Ind:12 RMSE(val)=60.790871
[GA][Iter1] Gen:13 Ind:13 RMSE(val)=60.824367
[GA][Iter1] Gen:13 Ind:14 RMSE(val)=60.783006
[GA][Iter1] Gen:13 Ind:15 RMSE(val)=60.804112
[GA][Iter1] Gen:13 Ind:16 RMSE(val)=60.783366
[GA][Iter1] Gen:13 Ind:17 RMSE(val)=60.770310
[GA][Iter1] Gen:13 Ind:18 RMSE(val)=60.770081
[GA][Iter1] Gen:13 Ind:19 RMSE(val)=60.794311
[GA][Iter1] Gen:13 Ind:20 RMSE(val)=60.796600
[GA][Iter1] gen=13 best_val_rmse=60.770081
[GA][Iter1] Gen:14 Ind:1 RMSE(val)=60.770081
[GA][Iter1] Gen:14 Ind:2 RMSE(val)=60.770310
[GA][Iter1] Gen:14 Ind:3 RMSE(val)=60.770310
[GA][Iter1] Gen:14 Ind:4 RMSE(val)=60.783006
[GA][Iter1] Gen:14 Ind:5 RMSE(val)=60.783366
[GA][Iter1] Gen:14 Ind:6 RMSE(val)=60.785618
[GA][Iter1] Gen:14 Ind:7 RMSE(val)=60.788820
[GA][Iter1] Gen:14 Ind:8 RMSE(val)=60.788820
[GA][Iter1] Gen:14 Ind:9 RMSE(val)=60.788879
[GA][Iter1] Gen:14 Ind:10 RMSE(val)=60.790871
[GA][Iter1] Gen:14 Ind:11 RMSE(val)=60.783366
[GA][Iter1] Gen:14 Ind:12 RMSE(val)=61.439609
[GA][Iter1] Gen:14 Ind:13 RMSE(val)=60.796368
[GA][Iter1] Gen:14 Ind:14 RMSE(val)=60.785618
[GA][Iter1] Gen:14 Ind:15 RMSE(val)=60.790871
[GA][Iter1] Gen:14 Ind:16 RMSE(val)=60.785618
[GA][Iter1] Gen:14 Ind:17 RMSE(val)=60.778847
[GA][Iter1] Gen:14 Ind:18 RMSE(val)=60.770310
[GA][Iter1] Gen:14 Ind:19 RMSE(val)=60.795223
[GA][Iter1] Gen:14 Ind:20 RMSE(val)=60.783366
[GA][Iter1] gen=14 best_val_rmse=60.770081
[GA][Iter1] Gen:15 Ind:1 RMSE(val)=60.770081
[GA][Iter1] Gen:15 Ind:2 RMSE(val)=60.770310
[GA][Iter1] Gen:15 Ind:3 RMSE(val)=60.770310
[GA][Iter1] Gen:15 Ind:4 RMSE(val)=60.770310
[GA][Iter1] Gen:15 Ind:5 RMSE(val)=60.778847
[GA][Iter1] Gen:15 Ind:6 RMSE(val)=60.783006
[GA][Iter1] Gen:15 Ind:7 RMSE(val)=60.783366
[GA][Iter1] Gen:15 Ind:8 RMSE(val)=60.783366
[GA][Iter1] Gen:15 Ind:9 RMSE(val)=60.783366
[GA][Iter1] Gen:15 Ind:10 RMSE(val)=60.785618
[GA][Iter1] Gen:15 Ind:11 RMSE(val)=60.765364
[GA][Iter1] Gen:15 Ind:12 RMSE(val)=60.784284
[GA][Iter1] Gen:15 Ind:13 RMSE(val)=60.765364
[GA][Iter1] Gen:15 Ind:14 RMSE(val)=60.783366
[GA][Iter1] Gen:15 Ind:15 RMSE(val)=60.767918
[GA][Iter1] Gen:15 Ind:16 RMSE(val)=60.819481
[GA][Iter1] Gen:15 Ind:17 RMSE(val)=60.783006
[GA][Iter1] Gen:15 Ind:18 RMSE(val)=60.783366
[GA][Iter1] Gen:15 Ind:19 RMSE(val)=60.783006
[GA][Iter1] Gen:15 Ind:20 RMSE(val)=60.819481
[GA][Iter1] gen=15 best_val_rmse=60.765364
[GA][Iter1] Gen:15 Ind:1 RMSE(val)=60.765364
[GA][Iter1] Gen:15 Ind:2 RMSE(val)=60.765364
[GA][Iter1] Gen:15 Ind:3 RMSE(val)=60.767918
[GA][Iter1] Gen:15 Ind:4 RMSE(val)=60.770081
[GA][Iter1] Gen:15 Ind:5 RMSE(val)=60.770310
[GA][Iter1] Gen:15 Ind:6 RMSE(val)=60.770310
[GA][Iter1] Gen:15 Ind:7 RMSE(val)=60.770310
[GA][Iter1] Gen:15 Ind:8 RMSE(val)=60.778847
[GA][Iter1] Gen:15 Ind:9 RMSE(val)=60.783006
[GA][Iter1] Gen:15 Ind:10 RMSE(val)=60.783006
[GA][Iter1] Gen:15 Ind:11 RMSE(val)=60.783006
[GA][Iter1] Gen:15 Ind:12 RMSE(val)=60.765364
[GA][Iter1] Gen:15 Ind:13 RMSE(val)=60.778847
[GA][Iter1] Gen:15 Ind:14 RMSE(val)=60.770081
[GA][Iter1] Gen:15 Ind:15 RMSE(val)=60.770310
[GA][Iter1] Gen:15 Ind:16 RMSE(val)=60.873689
[GA][Iter1] Gen:15 Ind:17 RMSE(val)=60.770081
[GA][Iter1] Gen:15 Ind:18 RMSE(val)=60.765364
[GA][Iter1] Gen:15 Ind:19 RMSE(val)=60.784154
[GA][Iter1] Gen:15 Ind:20 RMSE(val)=60.765364

[GA DONE][Iter1] Best params on val fold of Iter1
Best val RMSE: 60.765364
Best params: {'n_estimators': 562, 'learning_rate': 0.010531971608780475, 'max_depth': 7, 'min_child_weight': 3.667055429316324, 'subsample': 0.6850490348385035, 'colsample_bytree': 0.9336441706563001, 'reg_lambda': 14.040741633386515, 'reg_alpha': 0.0910397152349666, 'gamma': 0.80050267693977}
--------------------------------------------------------------------------------
[RETUNE GA] Iter1: train folds 1..5 -> test fold 6  RMSE=69.437791  NRMSE=0.985439  CVRMSE=0.069506  R2=0.017619
[GA][Iter2] Gen:1 Ind:1 RMSE(val)=69.157729
[GA][Iter2] Gen:1 Ind:2 RMSE(val)=70.287125
[GA][Iter2] Gen:1 Ind:3 RMSE(val)=69.368004
[GA][Iter2] Gen:1 Ind:4 RMSE(val)=71.041279
[GA][Iter2] Gen:1 Ind:5 RMSE(val)=69.751514
[GA][Iter2] Gen:1 Ind:6 RMSE(val)=69.140104
[GA][Iter2] Gen:1 Ind:7 RMSE(val)=71.066721
[GA][Iter2] Gen:1 Ind:8 RMSE(val)=70.135612
[GA][Iter2] Gen:1 Ind:9 RMSE(val)=71.064548
[GA][Iter2] Gen:1 Ind:10 RMSE(val)=69.825318
[GA][Iter2] Gen:1 Ind:11 RMSE(val)=71.102935
[GA][Iter2] Gen:1 Ind:12 RMSE(val)=70.967202
[GA][Iter2] Gen:1 Ind:13 RMSE(val)=71.054847
[GA][Iter2] Gen:1 Ind:14 RMSE(val)=69.772096
[GA][Iter2] Gen:1 Ind:15 RMSE(val)=70.881472
[GA][Iter2] Gen:1 Ind:16 RMSE(val)=71.038963
[GA][Iter2] Gen:1 Ind:17 RMSE(val)=70.260759
[GA][Iter2] Gen:1 Ind:18 RMSE(val)=69.193962
[GA][Iter2] Gen:1 Ind:19 RMSE(val)=69.645768
[GA][Iter2] Gen:1 Ind:20 RMSE(val)=69.071017
[GA][Iter2] gen=1 best_val_rmse=69.071017
[GA][Iter2] Gen:2 Ind:1 RMSE(val)=69.071017
[GA][Iter2] Gen:2 Ind:2 RMSE(val)=69.140104
[GA][Iter2] Gen:2 Ind:3 RMSE(val)=69.157729
[GA][Iter2] Gen:2 Ind:4 RMSE(val)=69.193962
[GA][Iter2] Gen:2 Ind:5 RMSE(val)=69.368004
[GA][Iter2] Gen:2 Ind:6 RMSE(val)=69.645768
[GA][Iter2] Gen:2 Ind:7 RMSE(val)=69.751514
[GA][Iter2] Gen:2 Ind:8 RMSE(val)=69.772096
[GA][Iter2] Gen:2 Ind:9 RMSE(val)=69.825318
[GA][Iter2] Gen:2 Ind:10 RMSE(val)=70.135612
[GA][Iter2] Gen:2 Ind:11 RMSE(val)=69.356086
[GA][Iter2] Gen:2 Ind:12 RMSE(val)=69.839183
[GA][Iter2] Gen:2 Ind:13 RMSE(val)=69.078086
[GA][Iter2] Gen:2 Ind:14 RMSE(val)=69.490856
[GA][Iter2] Gen:2 Ind:15 RMSE(val)=69.732521
[GA][Iter2] Gen:2 Ind:16 RMSE(val)=69.519470
[GA][Iter2] Gen:2 Ind:17 RMSE(val)=69.353598
[GA][Iter2] Gen:2 Ind:18 RMSE(val)=69.550475
[GA][Iter2] Gen:2 Ind:19 RMSE(val)=69.238875
[GA][Iter2] Gen:2 Ind:20 RMSE(val)=69.619397
[GA][Iter2] gen=2 best_val_rmse=69.071017
[GA][Iter2] Gen:3 Ind:1 RMSE(val)=69.071017
[GA][Iter2] Gen:3 Ind:2 RMSE(val)=69.078086
[GA][Iter2] Gen:3 Ind:3 RMSE(val)=69.140104
[GA][Iter2] Gen:3 Ind:4 RMSE(val)=69.157729
[GA][Iter2] Gen:3 Ind:5 RMSE(val)=69.193962
[GA][Iter2] Gen:3 Ind:6 RMSE(val)=69.238875
[GA][Iter2] Gen:3 Ind:7 RMSE(val)=69.353598
[GA][Iter2] Gen:3 Ind:8 RMSE(val)=69.356086
[GA][Iter2] Gen:3 Ind:9 RMSE(val)=69.368004
[GA][Iter2] Gen:3 Ind:10 RMSE(val)=69.490856
[GA][Iter2] Gen:3 Ind:11 RMSE(val)=69.188632
[GA][Iter2] Gen:3 Ind:12 RMSE(val)=69.358138
[GA][Iter2] Gen:3 Ind:13 RMSE(val)=69.620484
[GA][Iter2] Gen:3 Ind:14 RMSE(val)=68.987761
[GA][Iter2] Gen:3 Ind:15 RMSE(val)=69.728501
[GA][Iter2] Gen:3 Ind:16 RMSE(val)=69.351132
[GA][Iter2] Gen:3 Ind:17 RMSE(val)=69.082040
[GA][Iter2] Gen:3 Ind:18 RMSE(val)=69.358321
[GA][Iter2] Gen:3 Ind:19 RMSE(val)=69.433051
[GA][Iter2] Gen:3 Ind:20 RMSE(val)=69.374079
[GA][Iter2] gen=3 best_val_rmse=68.987761
[GA][Iter2] Gen:4 Ind:1 RMSE(val)=68.987761
[GA][Iter2] Gen:4 Ind:2 RMSE(val)=69.071017
[GA][Iter2] Gen:4 Ind:3 RMSE(val)=69.078086
[GA][Iter2] Gen:4 Ind:4 RMSE(val)=69.082040
[GA][Iter2] Gen:4 Ind:5 RMSE(val)=69.140104
[GA][Iter2] Gen:4 Ind:6 RMSE(val)=69.157729
[GA][Iter2] Gen:4 Ind:7 RMSE(val)=69.188632
[GA][Iter2] Gen:4 Ind:8 RMSE(val)=69.193962
[GA][Iter2] Gen:4 Ind:9 RMSE(val)=69.238875
[GA][Iter2] Gen:4 Ind:10 RMSE(val)=69.351132
[GA][Iter2] Gen:4 Ind:11 RMSE(val)=69.188632
[GA][Iter2] Gen:4 Ind:12 RMSE(val)=69.103416
[GA][Iter2] Gen:4 Ind:13 RMSE(val)=69.238875
[GA][Iter2] Gen:4 Ind:14 RMSE(val)=68.757645
[GA][Iter2] Gen:4 Ind:15 RMSE(val)=69.587871
[GA][Iter2] Gen:4 Ind:16 RMSE(val)=69.270747
[GA][Iter2] Gen:4 Ind:17 RMSE(val)=69.292282
[GA][Iter2] Gen:4 Ind:18 RMSE(val)=68.999477
[GA][Iter2] Gen:4 Ind:19 RMSE(val)=69.753371
[GA][Iter2] Gen:4 Ind:20 RMSE(val)=69.309849
[GA][Iter2] gen=4 best_val_rmse=68.757645
[GA][Iter2] Gen:5 Ind:1 RMSE(val)=68.757645
[GA][Iter2] Gen:5 Ind:2 RMSE(val)=68.987761
[GA][Iter2] Gen:5 Ind:3 RMSE(val)=68.999477
[GA][Iter2] Gen:5 Ind:4 RMSE(val)=69.071017
[GA][Iter2] Gen:5 Ind:5 RMSE(val)=69.078086
[GA][Iter2] Gen:5 Ind:6 RMSE(val)=69.082040
[GA][Iter2] Gen:5 Ind:7 RMSE(val)=69.103416
[GA][Iter2] Gen:5 Ind:8 RMSE(val)=69.140104
[GA][Iter2] Gen:5 Ind:9 RMSE(val)=69.157729
[GA][Iter2] Gen:5 Ind:10 RMSE(val)=69.188632
[GA][Iter2] Gen:5 Ind:11 RMSE(val)=69.155120
[GA][Iter2] Gen:5 Ind:12 RMSE(val)=69.147488
[GA][Iter2] Gen:5 Ind:13 RMSE(val)=69.208835
[GA][Iter2] Gen:5 Ind:14 RMSE(val)=69.016150
[GA][Iter2] Gen:5 Ind:15 RMSE(val)=68.887390
[GA][Iter2] Gen:5 Ind:16 RMSE(val)=68.987611
[GA][Iter2] Gen:5 Ind:17 RMSE(val)=69.218795
[GA][Iter2] Gen:5 Ind:18 RMSE(val)=69.624829
[GA][Iter2] Gen:5 Ind:19 RMSE(val)=69.953915
[GA][Iter2] Gen:5 Ind:20 RMSE(val)=69.000024
[GA][Iter2] gen=5 best_val_rmse=68.757645
[GA][Iter2] Gen:6 Ind:1 RMSE(val)=68.757645
[GA][Iter2] Gen:6 Ind:2 RMSE(val)=68.887390
[GA][Iter2] Gen:6 Ind:3 RMSE(val)=68.987611
[GA][Iter2] Gen:6 Ind:4 RMSE(val)=68.987761
[GA][Iter2] Gen:6 Ind:5 RMSE(val)=68.999477
[GA][Iter2] Gen:6 Ind:6 RMSE(val)=69.000024
[GA][Iter2] Gen:6 Ind:7 RMSE(val)=69.016150
[GA][Iter2] Gen:6 Ind:8 RMSE(val)=69.071017
[GA][Iter2] Gen:6 Ind:9 RMSE(val)=69.078086
[GA][Iter2] Gen:6 Ind:10 RMSE(val)=69.082040
[GA][Iter2] Gen:6 Ind:11 RMSE(val)=68.984356
[GA][Iter2] Gen:6 Ind:12 RMSE(val)=69.008626
[GA][Iter2] Gen:6 Ind:13 RMSE(val)=69.128985
[GA][Iter2] Gen:6 Ind:14 RMSE(val)=69.496556
[GA][Iter2] Gen:6 Ind:15 RMSE(val)=68.858556
[GA][Iter2] Gen:6 Ind:16 RMSE(val)=69.157902
[GA][Iter2] Gen:6 Ind:17 RMSE(val)=69.237934
[GA][Iter2] Gen:6 Ind:18 RMSE(val)=69.283553
[GA][Iter2] Gen:6 Ind:19 RMSE(val)=69.250142
[GA][Iter2] Gen:6 Ind:20 RMSE(val)=69.126933
[GA][Iter2] gen=6 best_val_rmse=68.757645
[GA][Iter2] Gen:7 Ind:1 RMSE(val)=68.757645
[GA][Iter2] Gen:7 Ind:2 RMSE(val)=68.858556
[GA][Iter2] Gen:7 Ind:3 RMSE(val)=68.887390
[GA][Iter2] Gen:7 Ind:4 RMSE(val)=68.984356
[GA][Iter2] Gen:7 Ind:5 RMSE(val)=68.987611
[GA][Iter2] Gen:7 Ind:6 RMSE(val)=68.987761
[GA][Iter2] Gen:7 Ind:7 RMSE(val)=68.999477
[GA][Iter2] Gen:7 Ind:8 RMSE(val)=69.000024
[GA][Iter2] Gen:7 Ind:9 RMSE(val)=69.008626
[GA][Iter2] Gen:7 Ind:10 RMSE(val)=69.016150
[GA][Iter2] Gen:7 Ind:11 RMSE(val)=68.990392
[GA][Iter2] Gen:7 Ind:12 RMSE(val)=69.175179
[GA][Iter2] Gen:7 Ind:13 RMSE(val)=69.319263
[GA][Iter2] Gen:7 Ind:14 RMSE(val)=68.792267
[GA][Iter2] Gen:7 Ind:15 RMSE(val)=69.153341
[GA][Iter2] Gen:7 Ind:16 RMSE(val)=68.770316
[GA][Iter2] Gen:7 Ind:17 RMSE(val)=68.633632
[GA][Iter2] Gen:7 Ind:18 RMSE(val)=68.954773
[GA][Iter2] Gen:7 Ind:19 RMSE(val)=68.865720
[GA][Iter2] Gen:7 Ind:20 RMSE(val)=69.001457
[GA][Iter2] gen=7 best_val_rmse=68.633632
[GA][Iter2] Gen:8 Ind:1 RMSE(val)=68.633632
[GA][Iter2] Gen:8 Ind:2 RMSE(val)=68.757645
[GA][Iter2] Gen:8 Ind:3 RMSE(val)=68.770316
[GA][Iter2] Gen:8 Ind:4 RMSE(val)=68.792267
[GA][Iter2] Gen:8 Ind:5 RMSE(val)=68.858556
[GA][Iter2] Gen:8 Ind:6 RMSE(val)=68.865720
[GA][Iter2] Gen:8 Ind:7 RMSE(val)=68.887390
[GA][Iter2] Gen:8 Ind:8 RMSE(val)=68.954773
[GA][Iter2] Gen:8 Ind:9 RMSE(val)=68.984356
[GA][Iter2] Gen:8 Ind:10 RMSE(val)=68.987611
[GA][Iter2] Gen:8 Ind:11 RMSE(val)=69.018773
[GA][Iter2] Gen:8 Ind:12 RMSE(val)=68.868025
[GA][Iter2] Gen:8 Ind:13 RMSE(val)=68.801467
[GA][Iter2] Gen:8 Ind:14 RMSE(val)=69.247307
[GA][Iter2] Gen:8 Ind:15 RMSE(val)=68.792143
[GA][Iter2] Gen:8 Ind:16 RMSE(val)=68.729216
[GA][Iter2] Gen:8 Ind:17 RMSE(val)=68.828161
[GA][Iter2] Gen:8 Ind:18 RMSE(val)=69.186747
[GA][Iter2] Gen:8 Ind:19 RMSE(val)=68.911797
[GA][Iter2] Gen:8 Ind:20 RMSE(val)=69.226622
[GA][Iter2] gen=8 best_val_rmse=68.633632
[GA][Iter2] Gen:9 Ind:1 RMSE(val)=68.633632
[GA][Iter2] Gen:9 Ind:2 RMSE(val)=68.729216
[GA][Iter2] Gen:9 Ind:3 RMSE(val)=68.757645
[GA][Iter2] Gen:9 Ind:4 RMSE(val)=68.770316
[GA][Iter2] Gen:9 Ind:5 RMSE(val)=68.792143
[GA][Iter2] Gen:9 Ind:6 RMSE(val)=68.792267
[GA][Iter2] Gen:9 Ind:7 RMSE(val)=68.801467
[GA][Iter2] Gen:9 Ind:8 RMSE(val)=68.828161
[GA][Iter2] Gen:9 Ind:9 RMSE(val)=68.858556
[GA][Iter2] Gen:9 Ind:10 RMSE(val)=68.865720
[GA][Iter2] Gen:9 Ind:11 RMSE(val)=68.857457
[GA][Iter2] Gen:9 Ind:12 RMSE(val)=68.858556
[GA][Iter2] Gen:9 Ind:13 RMSE(val)=68.976007
[GA][Iter2] Gen:9 Ind:14 RMSE(val)=68.481943
[GA][Iter2] Gen:9 Ind:15 RMSE(val)=68.865720
[GA][Iter2] Gen:9 Ind:16 RMSE(val)=68.749378
[GA][Iter2] Gen:9 Ind:17 RMSE(val)=68.669373
[GA][Iter2] Gen:9 Ind:18 RMSE(val)=68.792143
[GA][Iter2] Gen:9 Ind:19 RMSE(val)=69.192314
[GA][Iter2] Gen:9 Ind:20 RMSE(val)=68.982309
[GA][Iter2] gen=9 best_val_rmse=68.481943
[GA][Iter2] Gen:10 Ind:1 RMSE(val)=68.481943
[GA][Iter2] Gen:10 Ind:2 RMSE(val)=68.633632
[GA][Iter2] Gen:10 Ind:3 RMSE(val)=68.669373
[GA][Iter2] Gen:10 Ind:4 RMSE(val)=68.729216
[GA][Iter2] Gen:10 Ind:5 RMSE(val)=68.749378
[GA][Iter2] Gen:10 Ind:6 RMSE(val)=68.757645
[GA][Iter2] Gen:10 Ind:7 RMSE(val)=68.770316
[GA][Iter2] Gen:10 Ind:8 RMSE(val)=68.792143
[GA][Iter2] Gen:10 Ind:9 RMSE(val)=68.792143
[GA][Iter2] Gen:10 Ind:10 RMSE(val)=68.792267
[GA][Iter2] Gen:10 Ind:11 RMSE(val)=69.217844
[GA][Iter2] Gen:10 Ind:12 RMSE(val)=68.594371
[GA][Iter2] Gen:10 Ind:13 RMSE(val)=68.728968
[GA][Iter2] Gen:10 Ind:14 RMSE(val)=68.935088
[GA][Iter2] Gen:10 Ind:15 RMSE(val)=68.728968
[GA][Iter2] Gen:10 Ind:16 RMSE(val)=68.792143
[GA][Iter2] Gen:10 Ind:17 RMSE(val)=68.763520
[GA][Iter2] Gen:10 Ind:18 RMSE(val)=68.795317
[GA][Iter2] Gen:10 Ind:19 RMSE(val)=69.218103
[GA][Iter2] Gen:10 Ind:20 RMSE(val)=68.797504
[GA][Iter2] gen=10 best_val_rmse=68.481943
[GA][Iter2] Gen:11 Ind:1 RMSE(val)=68.481943
[GA][Iter2] Gen:11 Ind:2 RMSE(val)=68.594371
[GA][Iter2] Gen:11 Ind:3 RMSE(val)=68.633632
[GA][Iter2] Gen:11 Ind:4 RMSE(val)=68.669373
[GA][Iter2] Gen:11 Ind:5 RMSE(val)=68.728968
[GA][Iter2] Gen:11 Ind:6 RMSE(val)=68.728968
[GA][Iter2] Gen:11 Ind:7 RMSE(val)=68.729216
[GA][Iter2] Gen:11 Ind:8 RMSE(val)=68.749378
[GA][Iter2] Gen:11 Ind:9 RMSE(val)=68.757645
[GA][Iter2] Gen:11 Ind:10 RMSE(val)=68.763520
[GA][Iter2] Gen:11 Ind:11 RMSE(val)=68.720350
[GA][Iter2] Gen:11 Ind:12 RMSE(val)=68.775094
[GA][Iter2] Gen:11 Ind:13 RMSE(val)=68.751688
[GA][Iter2] Gen:11 Ind:14 RMSE(val)=68.770989
[GA][Iter2] Gen:11 Ind:15 RMSE(val)=68.577672
[GA][Iter2] Gen:11 Ind:16 RMSE(val)=68.577465
[GA][Iter2] Gen:11 Ind:17 RMSE(val)=68.661047
[GA][Iter2] Gen:11 Ind:18 RMSE(val)=69.052525
[GA][Iter2] Gen:11 Ind:19 RMSE(val)=68.598828
[GA][Iter2] Gen:11 Ind:20 RMSE(val)=68.772845
[GA][Iter2] gen=11 best_val_rmse=68.481943
[GA][Iter2] Gen:12 Ind:1 RMSE(val)=68.481943
[GA][Iter2] Gen:12 Ind:2 RMSE(val)=68.577465
[GA][Iter2] Gen:12 Ind:3 RMSE(val)=68.577672
[GA][Iter2] Gen:12 Ind:4 RMSE(val)=68.594371
[GA][Iter2] Gen:12 Ind:5 RMSE(val)=68.598828
[GA][Iter2] Gen:12 Ind:6 RMSE(val)=68.633632
[GA][Iter2] Gen:12 Ind:7 RMSE(val)=68.661047
[GA][Iter2] Gen:12 Ind:8 RMSE(val)=68.669373
[GA][Iter2] Gen:12 Ind:9 RMSE(val)=68.720350
[GA][Iter2] Gen:12 Ind:10 RMSE(val)=68.728968
[GA][Iter2] Gen:12 Ind:11 RMSE(val)=68.554380
[GA][Iter2] Gen:12 Ind:12 RMSE(val)=68.733906
[GA][Iter2] Gen:12 Ind:13 RMSE(val)=68.669381
[GA][Iter2] Gen:12 Ind:14 RMSE(val)=68.498779
[GA][Iter2] Gen:12 Ind:15 RMSE(val)=68.661436
[GA][Iter2] Gen:12 Ind:16 RMSE(val)=68.541143
[GA][Iter2] Gen:12 Ind:17 RMSE(val)=68.635334
[GA][Iter2] Gen:12 Ind:18 RMSE(val)=68.669381
[GA][Iter2] Gen:12 Ind:19 RMSE(val)=68.577679
[GA][Iter2] Gen:12 Ind:20 RMSE(val)=68.780574
[GA][Iter2] gen=12 best_val_rmse=68.481943
[GA][Iter2] Gen:13 Ind:1 RMSE(val)=68.481943
[GA][Iter2] Gen:13 Ind:2 RMSE(val)=68.498779
[GA][Iter2] Gen:13 Ind:3 RMSE(val)=68.541143
[GA][Iter2] Gen:13 Ind:4 RMSE(val)=68.554380
[GA][Iter2] Gen:13 Ind:5 RMSE(val)=68.577465
[GA][Iter2] Gen:13 Ind:6 RMSE(val)=68.577672
[GA][Iter2] Gen:13 Ind:7 RMSE(val)=68.577679
[GA][Iter2] Gen:13 Ind:8 RMSE(val)=68.594371
[GA][Iter2] Gen:13 Ind:9 RMSE(val)=68.598828
[GA][Iter2] Gen:13 Ind:10 RMSE(val)=68.633632
[GA][Iter2] Gen:13 Ind:11 RMSE(val)=68.579132
[GA][Iter2] Gen:13 Ind:12 RMSE(val)=68.501790
[GA][Iter2] Gen:13 Ind:13 RMSE(val)=68.579289
[GA][Iter2] Gen:13 Ind:14 RMSE(val)=68.576614
[GA][Iter2] Gen:13 Ind:15 RMSE(val)=68.734307
[GA][Iter2] Gen:13 Ind:16 RMSE(val)=68.579289
[GA][Iter2] Gen:13 Ind:17 RMSE(val)=68.477342
[GA][Iter2] Gen:13 Ind:18 RMSE(val)=68.751463
[GA][Iter2] Gen:13 Ind:19 RMSE(val)=68.577672
[GA][Iter2] Gen:13 Ind:20 RMSE(val)=68.635851
[GA][Iter2] gen=13 best_val_rmse=68.477342
[GA][Iter2] Gen:14 Ind:1 RMSE(val)=68.477342
[GA][Iter2] Gen:14 Ind:2 RMSE(val)=68.481943
[GA][Iter2] Gen:14 Ind:3 RMSE(val)=68.498779
[GA][Iter2] Gen:14 Ind:4 RMSE(val)=68.501790
[GA][Iter2] Gen:14 Ind:5 RMSE(val)=68.541143
[GA][Iter2] Gen:14 Ind:6 RMSE(val)=68.554380
[GA][Iter2] Gen:14 Ind:7 RMSE(val)=68.576614
[GA][Iter2] Gen:14 Ind:8 RMSE(val)=68.577465
[GA][Iter2] Gen:14 Ind:9 RMSE(val)=68.577672
[GA][Iter2] Gen:14 Ind:10 RMSE(val)=68.577672
[GA][Iter2] Gen:14 Ind:11 RMSE(val)=68.541143
[GA][Iter2] Gen:14 Ind:12 RMSE(val)=68.518515
[GA][Iter2] Gen:14 Ind:13 RMSE(val)=68.576614
[GA][Iter2] Gen:14 Ind:14 RMSE(val)=68.505230
[GA][Iter2] Gen:14 Ind:15 RMSE(val)=68.577672
[GA][Iter2] Gen:14 Ind:16 RMSE(val)=68.615702
[GA][Iter2] Gen:14 Ind:17 RMSE(val)=68.496331
[GA][Iter2] Gen:14 Ind:18 RMSE(val)=68.582790
[GA][Iter2] Gen:14 Ind:19 RMSE(val)=68.554380
[GA][Iter2] Gen:14 Ind:20 RMSE(val)=68.907781
[GA][Iter2] gen=14 best_val_rmse=68.477342
[GA][Iter2] Gen:15 Ind:1 RMSE(val)=68.477342
[GA][Iter2] Gen:15 Ind:2 RMSE(val)=68.481943
[GA][Iter2] Gen:15 Ind:3 RMSE(val)=68.496331
[GA][Iter2] Gen:15 Ind:4 RMSE(val)=68.498779
[GA][Iter2] Gen:15 Ind:5 RMSE(val)=68.501790
[GA][Iter2] Gen:15 Ind:6 RMSE(val)=68.505230
[GA][Iter2] Gen:15 Ind:7 RMSE(val)=68.518515
[GA][Iter2] Gen:15 Ind:8 RMSE(val)=68.541143
[GA][Iter2] Gen:15 Ind:9 RMSE(val)=68.541143
[GA][Iter2] Gen:15 Ind:10 RMSE(val)=68.554380
[GA][Iter2] Gen:15 Ind:11 RMSE(val)=68.544856
[GA][Iter2] Gen:15 Ind:12 RMSE(val)=68.555655
[GA][Iter2] Gen:15 Ind:13 RMSE(val)=68.577465
[GA][Iter2] Gen:15 Ind:14 RMSE(val)=68.545277
[GA][Iter2] Gen:15 Ind:15 RMSE(val)=68.498310
[GA][Iter2] Gen:15 Ind:16 RMSE(val)=68.338227
[GA][Iter2] Gen:15 Ind:17 RMSE(val)=68.505337
[GA][Iter2] Gen:15 Ind:18 RMSE(val)=68.518515
[GA][Iter2] Gen:15 Ind:19 RMSE(val)=68.387010
[GA][Iter2] Gen:15 Ind:20 RMSE(val)=68.615417
[GA][Iter2] gen=15 best_val_rmse=68.338227
[GA][Iter2] Gen:15 Ind:1 RMSE(val)=68.338227
[GA][Iter2] Gen:15 Ind:2 RMSE(val)=68.387010
[GA][Iter2] Gen:15 Ind:3 RMSE(val)=68.477342
[GA][Iter2] Gen:15 Ind:4 RMSE(val)=68.481943
[GA][Iter2] Gen:15 Ind:5 RMSE(val)=68.496331
[GA][Iter2] Gen:15 Ind:6 RMSE(val)=68.498310
[GA][Iter2] Gen:15 Ind:7 RMSE(val)=68.498779
[GA][Iter2] Gen:15 Ind:8 RMSE(val)=68.501790
[GA][Iter2] Gen:15 Ind:9 RMSE(val)=68.505230
[GA][Iter2] Gen:15 Ind:10 RMSE(val)=68.505337
[GA][Iter2] Gen:15 Ind:11 RMSE(val)=68.505230
[GA][Iter2] Gen:15 Ind:12 RMSE(val)=68.338227
[GA][Iter2] Gen:15 Ind:13 RMSE(val)=68.363434
[GA][Iter2] Gen:15 Ind:14 RMSE(val)=68.480320
[GA][Iter2] Gen:15 Ind:15 RMSE(val)=68.499017
[GA][Iter2] Gen:15 Ind:16 RMSE(val)=68.901092
[GA][Iter2] Gen:15 Ind:17 RMSE(val)=68.757930
[GA][Iter2] Gen:15 Ind:18 RMSE(val)=68.758258
[GA][Iter2] Gen:15 Ind:19 RMSE(val)=68.384392
[GA][Iter2] Gen:15 Ind:20 RMSE(val)=68.502531

[GA DONE][Iter2] Best params on val fold of Iter2
Best val RMSE: 68.338227
Best params: {'n_estimators': 562, 'learning_rate': 0.07753948523700244, 'max_depth': 11, 'min_child_weight': 1.1677174782032145, 'subsample': 0.6850490348385035, 'colsample_bytree': 0.6991622454664032, 'reg_lambda': 2.1279225232294805, 'reg_alpha': 0.6959394845962443, 'gamma': 0.6015246425315571}
--------------------------------------------------------------------------------
[RETUNE GA] Iter2: train folds 1..6 -> test fold 7  RMSE=58.794526  NRMSE=0.947139  CVRMSE=0.056802  R2=0.092373
[GA][Iter3] Gen:1 Ind:1 RMSE(val)=57.136966
[GA][Iter3] Gen:1 Ind:2 RMSE(val)=52.022132
[GA][Iter3] Gen:1 Ind:3 RMSE(val)=62.589583
[GA][Iter3] Gen:1 Ind:4 RMSE(val)=67.254968
[GA][Iter3] Gen:1 Ind:5 RMSE(val)=64.275808
[GA][Iter3] Gen:1 Ind:6 RMSE(val)=59.084352
[GA][Iter3] Gen:1 Ind:7 RMSE(val)=67.230319
[GA][Iter3] Gen:1 Ind:8 RMSE(val)=52.228761
[GA][Iter3] Gen:1 Ind:9 RMSE(val)=52.432870
[GA][Iter3] Gen:1 Ind:10 RMSE(val)=54.413875
[GA][Iter3] Gen:1 Ind:11 RMSE(val)=67.180178
[GA][Iter3] Gen:1 Ind:12 RMSE(val)=53.654313
[GA][Iter3] Gen:1 Ind:13 RMSE(val)=67.222283
[GA][Iter3] Gen:1 Ind:14 RMSE(val)=56.549533
[GA][Iter3] Gen:1 Ind:15 RMSE(val)=51.920244
[GA][Iter3] Gen:1 Ind:16 RMSE(val)=67.270674
[GA][Iter3] Gen:1 Ind:17 RMSE(val)=52.033205
[GA][Iter3] Gen:1 Ind:18 RMSE(val)=55.636780
[GA][Iter3] Gen:1 Ind:19 RMSE(val)=58.832553
[GA][Iter3] Gen:1 Ind:20 RMSE(val)=59.143616
[GA][Iter3] gen=1 best_val_rmse=51.920244
[GA][Iter3] Gen:2 Ind:1 RMSE(val)=51.920244
[GA][Iter3] Gen:2 Ind:2 RMSE(val)=52.022132
[GA][Iter3] Gen:2 Ind:3 RMSE(val)=52.033205
[GA][Iter3] Gen:2 Ind:4 RMSE(val)=52.228761
[GA][Iter3] Gen:2 Ind:5 RMSE(val)=52.432870
[GA][Iter3] Gen:2 Ind:6 RMSE(val)=53.654313
[GA][Iter3] Gen:2 Ind:7 RMSE(val)=54.413875
[GA][Iter3] Gen:2 Ind:8 RMSE(val)=55.636780
[GA][Iter3] Gen:2 Ind:9 RMSE(val)=56.549533
[GA][Iter3] Gen:2 Ind:10 RMSE(val)=57.136966
[GA][Iter3] Gen:2 Ind:11 RMSE(val)=52.182100
[GA][Iter3] Gen:2 Ind:12 RMSE(val)=51.858255
[GA][Iter3] Gen:2 Ind:13 RMSE(val)=52.780805
[GA][Iter3] Gen:2 Ind:14 RMSE(val)=52.322729
[GA][Iter3] Gen:2 Ind:15 RMSE(val)=54.729533
[GA][Iter3] Gen:2 Ind:16 RMSE(val)=55.142097
[GA][Iter3] Gen:2 Ind:17 RMSE(val)=51.702690
[GA][Iter3] Gen:2 Ind:18 RMSE(val)=54.795808
[GA][Iter3] Gen:2 Ind:19 RMSE(val)=51.558643
[GA][Iter3] Gen:2 Ind:20 RMSE(val)=55.098956
[GA][Iter3] gen=2 best_val_rmse=51.558643
[GA][Iter3] Gen:3 Ind:1 RMSE(val)=51.558643
[GA][Iter3] Gen:3 Ind:2 RMSE(val)=51.702690
[GA][Iter3] Gen:3 Ind:3 RMSE(val)=51.858255
[GA][Iter3] Gen:3 Ind:4 RMSE(val)=51.920244
[GA][Iter3] Gen:3 Ind:5 RMSE(val)=52.022132
[GA][Iter3] Gen:3 Ind:6 RMSE(val)=52.033205
[GA][Iter3] Gen:3 Ind:7 RMSE(val)=52.182100
[GA][Iter3] Gen:3 Ind:8 RMSE(val)=52.228761
[GA][Iter3] Gen:3 Ind:9 RMSE(val)=52.322729
[GA][Iter3] Gen:3 Ind:10 RMSE(val)=52.432870
[GA][Iter3] Gen:3 Ind:11 RMSE(val)=52.105996
[GA][Iter3] Gen:3 Ind:12 RMSE(val)=52.068887
[GA][Iter3] Gen:3 Ind:13 RMSE(val)=52.205597
[GA][Iter3] Gen:3 Ind:14 RMSE(val)=52.052709
[GA][Iter3] Gen:3 Ind:15 RMSE(val)=51.616376
[GA][Iter3] Gen:3 Ind:16 RMSE(val)=52.103087
[GA][Iter3] Gen:3 Ind:17 RMSE(val)=51.860447
[GA][Iter3] Gen:3 Ind:18 RMSE(val)=52.087620
[GA][Iter3] Gen:3 Ind:19 RMSE(val)=52.106617
[GA][Iter3] Gen:3 Ind:20 RMSE(val)=52.105553
[GA][Iter3] gen=3 best_val_rmse=51.558643
[GA][Iter3] Gen:4 Ind:1 RMSE(val)=51.558643
[GA][Iter3] Gen:4 Ind:2 RMSE(val)=51.616376
[GA][Iter3] Gen:4 Ind:3 RMSE(val)=51.702690
[GA][Iter3] Gen:4 Ind:4 RMSE(val)=51.858255
[GA][Iter3] Gen:4 Ind:5 RMSE(val)=51.860447
[GA][Iter3] Gen:4 Ind:6 RMSE(val)=51.920244
[GA][Iter3] Gen:4 Ind:7 RMSE(val)=52.022132
[GA][Iter3] Gen:4 Ind:8 RMSE(val)=52.033205
[GA][Iter3] Gen:4 Ind:9 RMSE(val)=52.052709
[GA][Iter3] Gen:4 Ind:10 RMSE(val)=52.068887
[GA][Iter3] Gen:4 Ind:11 RMSE(val)=52.486141
[GA][Iter3] Gen:4 Ind:12 RMSE(val)=51.859434
[GA][Iter3] Gen:4 Ind:13 RMSE(val)=52.362285
[GA][Iter3] Gen:4 Ind:14 RMSE(val)=51.963526
[GA][Iter3] Gen:4 Ind:15 RMSE(val)=52.143287
[GA][Iter3] Gen:4 Ind:16 RMSE(val)=52.641021
[GA][Iter3] Gen:4 Ind:17 RMSE(val)=52.110633
[GA][Iter3] Gen:4 Ind:18 RMSE(val)=51.800472
[GA][Iter3] Gen:4 Ind:19 RMSE(val)=51.678844
[GA][Iter3] Gen:4 Ind:20 RMSE(val)=51.947384
[GA][Iter3] gen=4 best_val_rmse=51.558643
[GA][Iter3] Gen:5 Ind:1 RMSE(val)=51.558643
[GA][Iter3] Gen:5 Ind:2 RMSE(val)=51.616376
[GA][Iter3] Gen:5 Ind:3 RMSE(val)=51.678844
[GA][Iter3] Gen:5 Ind:4 RMSE(val)=51.702690
[GA][Iter3] Gen:5 Ind:5 RMSE(val)=51.800472
[GA][Iter3] Gen:5 Ind:6 RMSE(val)=51.858255
[GA][Iter3] Gen:5 Ind:7 RMSE(val)=51.859434
[GA][Iter3] Gen:5 Ind:8 RMSE(val)=51.860447
[GA][Iter3] Gen:5 Ind:9 RMSE(val)=51.920244
[GA][Iter3] Gen:5 Ind:10 RMSE(val)=51.947384
[GA][Iter3] Gen:5 Ind:11 RMSE(val)=51.819802
[GA][Iter3] Gen:5 Ind:12 RMSE(val)=52.027698
[GA][Iter3] Gen:5 Ind:13 RMSE(val)=51.779911
[GA][Iter3] Gen:5 Ind:14 RMSE(val)=51.610083
[GA][Iter3] Gen:5 Ind:15 RMSE(val)=51.800472
[GA][Iter3] Gen:5 Ind:16 RMSE(val)=51.952674
[GA][Iter3] Gen:5 Ind:17 RMSE(val)=51.854179
[GA][Iter3] Gen:5 Ind:18 RMSE(val)=52.229126
[GA][Iter3] Gen:5 Ind:19 RMSE(val)=51.699567
[GA][Iter3] Gen:5 Ind:20 RMSE(val)=51.576369
[GA][Iter3] gen=5 best_val_rmse=51.558643
[GA][Iter3] Gen:6 Ind:1 RMSE(val)=51.558643
[GA][Iter3] Gen:6 Ind:2 RMSE(val)=51.576369
[GA][Iter3] Gen:6 Ind:3 RMSE(val)=51.610083
[GA][Iter3] Gen:6 Ind:4 RMSE(val)=51.616376
[GA][Iter3] Gen:6 Ind:5 RMSE(val)=51.678844
[GA][Iter3] Gen:6 Ind:6 RMSE(val)=51.699567
[GA][Iter3] Gen:6 Ind:7 RMSE(val)=51.702690
[GA][Iter3] Gen:6 Ind:8 RMSE(val)=51.779911
[GA][Iter3] Gen:6 Ind:9 RMSE(val)=51.800472
[GA][Iter3] Gen:6 Ind:10 RMSE(val)=51.800472
[GA][Iter3] Gen:6 Ind:11 RMSE(val)=52.370325
[GA][Iter3] Gen:6 Ind:12 RMSE(val)=51.610083
[GA][Iter3] Gen:6 Ind:13 RMSE(val)=51.850188
[GA][Iter3] Gen:6 Ind:14 RMSE(val)=52.063499
[GA][Iter3] Gen:6 Ind:15 RMSE(val)=51.474904
[GA][Iter3] Gen:6 Ind:16 RMSE(val)=51.782174
[GA][Iter3] Gen:6 Ind:17 RMSE(val)=51.834493
[GA][Iter3] Gen:6 Ind:18 RMSE(val)=51.921179
[GA][Iter3] Gen:6 Ind:19 RMSE(val)=51.893013
[GA][Iter3] Gen:6 Ind:20 RMSE(val)=51.810441
[GA][Iter3] gen=6 best_val_rmse=51.474904
[GA][Iter3] Gen:7 Ind:1 RMSE(val)=51.474904
[GA][Iter3] Gen:7 Ind:2 RMSE(val)=51.558643
[GA][Iter3] Gen:7 Ind:3 RMSE(val)=51.576369
[GA][Iter3] Gen:7 Ind:4 RMSE(val)=51.610083
[GA][Iter3] Gen:7 Ind:5 RMSE(val)=51.610083
[GA][Iter3] Gen:7 Ind:6 RMSE(val)=51.616376
[GA][Iter3] Gen:7 Ind:7 RMSE(val)=51.678844
[GA][Iter3] Gen:7 Ind:8 RMSE(val)=51.699567
[GA][Iter3] Gen:7 Ind:9 RMSE(val)=51.702690
[GA][Iter3] Gen:7 Ind:10 RMSE(val)=51.779911
[GA][Iter3] Gen:7 Ind:11 RMSE(val)=51.612828
[GA][Iter3] Gen:7 Ind:12 RMSE(val)=51.760454
[GA][Iter3] Gen:7 Ind:13 RMSE(val)=51.642898
[GA][Iter3] Gen:7 Ind:14 RMSE(val)=51.719880
[GA][Iter3] Gen:7 Ind:15 RMSE(val)=51.975127
[GA][Iter3] Gen:7 Ind:16 RMSE(val)=51.610083
[GA][Iter3] Gen:7 Ind:17 RMSE(val)=51.610083
[GA][Iter3] Gen:7 Ind:18 RMSE(val)=51.641027
[GA][Iter3] Gen:7 Ind:19 RMSE(val)=51.623303
[GA][Iter3] Gen:7 Ind:20 RMSE(val)=51.543937
[GA][Iter3] gen=7 best_val_rmse=51.474904
[GA][Iter3] Gen:8 Ind:1 RMSE(val)=51.474904
[GA][Iter3] Gen:8 Ind:2 RMSE(val)=51.543937
[GA][Iter3] Gen:8 Ind:3 RMSE(val)=51.558643
[GA][Iter3] Gen:8 Ind:4 RMSE(val)=51.576369
[GA][Iter3] Gen:8 Ind:5 RMSE(val)=51.610083
[GA][Iter3] Gen:8 Ind:6 RMSE(val)=51.610083
[GA][Iter3] Gen:8 Ind:7 RMSE(val)=51.610083
[GA][Iter3] Gen:8 Ind:8 RMSE(val)=51.610083
[GA][Iter3] Gen:8 Ind:9 RMSE(val)=51.612828
[GA][Iter3] Gen:8 Ind:10 RMSE(val)=51.616376
[GA][Iter3] Gen:8 Ind:11 RMSE(val)=51.576840
[GA][Iter3] Gen:8 Ind:12 RMSE(val)=51.944352
[GA][Iter3] Gen:8 Ind:13 RMSE(val)=51.610083
[GA][Iter3] Gen:8 Ind:14 RMSE(val)=51.612828
[GA][Iter3] Gen:8 Ind:15 RMSE(val)=51.575274
[GA][Iter3] Gen:8 Ind:16 RMSE(val)=51.698204
[GA][Iter3] Gen:8 Ind:17 RMSE(val)=51.662421
[GA][Iter3] Gen:8 Ind:18 RMSE(val)=51.839918
[GA][Iter3] Gen:8 Ind:19 RMSE(val)=51.967149
[GA][Iter3] Gen:8 Ind:20 RMSE(val)=51.674342
[GA][Iter3] gen=8 best_val_rmse=51.474904
[GA][Iter3] Gen:9 Ind:1 RMSE(val)=51.474904
[GA][Iter3] Gen:9 Ind:2 RMSE(val)=51.543937
[GA][Iter3] Gen:9 Ind:3 RMSE(val)=51.558643
[GA][Iter3] Gen:9 Ind:4 RMSE(val)=51.575274
[GA][Iter3] Gen:9 Ind:5 RMSE(val)=51.576369
[GA][Iter3] Gen:9 Ind:6 RMSE(val)=51.576840
[GA][Iter3] Gen:9 Ind:7 RMSE(val)=51.610083
[GA][Iter3] Gen:9 Ind:8 RMSE(val)=51.610083
[GA][Iter3] Gen:9 Ind:9 RMSE(val)=51.610083
[GA][Iter3] Gen:9 Ind:10 RMSE(val)=51.610083
[GA][Iter3] Gen:9 Ind:11 RMSE(val)=51.610083
[GA][Iter3] Gen:9 Ind:12 RMSE(val)=51.860439
[GA][Iter3] Gen:9 Ind:13 RMSE(val)=51.814034
[GA][Iter3] Gen:9 Ind:14 RMSE(val)=51.576338
[GA][Iter3] Gen:9 Ind:15 RMSE(val)=51.512691
[GA][Iter3] Gen:9 Ind:16 RMSE(val)=51.547163
[GA][Iter3] Gen:9 Ind:17 RMSE(val)=51.575274
[GA][Iter3] Gen:9 Ind:18 RMSE(val)=51.576369
[GA][Iter3] Gen:9 Ind:19 RMSE(val)=51.499469
[GA][Iter3] Gen:9 Ind:20 RMSE(val)=51.680355
[GA][Iter3] gen=9 best_val_rmse=51.474904
[GA][Iter3] Gen:10 Ind:1 RMSE(val)=51.474904
[GA][Iter3] Gen:10 Ind:2 RMSE(val)=51.499469
[GA][Iter3] Gen:10 Ind:3 RMSE(val)=51.512691
[GA][Iter3] Gen:10 Ind:4 RMSE(val)=51.543937
[GA][Iter3] Gen:10 Ind:5 RMSE(val)=51.547163
[GA][Iter3] Gen:10 Ind:6 RMSE(val)=51.558643
[GA][Iter3] Gen:10 Ind:7 RMSE(val)=51.575274
[GA][Iter3] Gen:10 Ind:8 RMSE(val)=51.575274
[GA][Iter3] Gen:10 Ind:9 RMSE(val)=51.576338
[GA][Iter3] Gen:10 Ind:10 RMSE(val)=51.576369
[GA][Iter3] Gen:10 Ind:11 RMSE(val)=51.753254
[GA][Iter3] Gen:10 Ind:12 RMSE(val)=51.508236
[GA][Iter3] Gen:10 Ind:13 RMSE(val)=51.490442
[GA][Iter3] Gen:10 Ind:14 RMSE(val)=51.767604
[GA][Iter3] Gen:10 Ind:15 RMSE(val)=51.490442
[GA][Iter3] Gen:10 Ind:16 RMSE(val)=51.576369
[GA][Iter3] Gen:10 Ind:17 RMSE(val)=51.819561
[GA][Iter3] Gen:10 Ind:18 RMSE(val)=51.575274
[GA][Iter3] Gen:10 Ind:19 RMSE(val)=51.499469
[GA][Iter3] Gen:10 Ind:20 RMSE(val)=51.682450
[GA][Iter3] gen=10 best_val_rmse=51.474904
[GA][Iter3] Gen:11 Ind:1 RMSE(val)=51.474904
[GA][Iter3] Gen:11 Ind:2 RMSE(val)=51.490442
[GA][Iter3] Gen:11 Ind:3 RMSE(val)=51.490442
[GA][Iter3] Gen:11 Ind:4 RMSE(val)=51.499469
[GA][Iter3] Gen:11 Ind:5 RMSE(val)=51.499469
[GA][Iter3] Gen:11 Ind:6 RMSE(val)=51.508236
[GA][Iter3] Gen:11 Ind:7 RMSE(val)=51.512691
[GA][Iter3] Gen:11 Ind:8 RMSE(val)=51.543937
[GA][Iter3] Gen:11 Ind:9 RMSE(val)=51.547163
[GA][Iter3] Gen:11 Ind:10 RMSE(val)=51.558643
[GA][Iter3] Gen:11 Ind:11 RMSE(val)=51.581194
[GA][Iter3] Gen:11 Ind:12 RMSE(val)=51.500419
[GA][Iter3] Gen:11 Ind:13 RMSE(val)=51.346978
[GA][Iter3] Gen:11 Ind:14 RMSE(val)=51.793735
[GA][Iter3] Gen:11 Ind:15 RMSE(val)=51.527214
[GA][Iter3] Gen:11 Ind:16 RMSE(val)=51.490442
[GA][Iter3] Gen:11 Ind:17 RMSE(val)=51.509623
[GA][Iter3] Gen:11 Ind:18 RMSE(val)=51.669998
[GA][Iter3] Gen:11 Ind:19 RMSE(val)=51.510466
[GA][Iter3] Gen:11 Ind:20 RMSE(val)=51.528217
[GA][Iter3] gen=11 best_val_rmse=51.346978
[GA][Iter3] Gen:12 Ind:1 RMSE(val)=51.346978
[GA][Iter3] Gen:12 Ind:2 RMSE(val)=51.474904
[GA][Iter3] Gen:12 Ind:3 RMSE(val)=51.490442
[GA][Iter3] Gen:12 Ind:4 RMSE(val)=51.490442
[GA][Iter3] Gen:12 Ind:5 RMSE(val)=51.490442
[GA][Iter3] Gen:12 Ind:6 RMSE(val)=51.499469
[GA][Iter3] Gen:12 Ind:7 RMSE(val)=51.499469
[GA][Iter3] Gen:12 Ind:8 RMSE(val)=51.500419
[GA][Iter3] Gen:12 Ind:9 RMSE(val)=51.508236
[GA][Iter3] Gen:12 Ind:10 RMSE(val)=51.509623
[GA][Iter3] Gen:12 Ind:11 RMSE(val)=51.492445
[GA][Iter3] Gen:12 Ind:12 RMSE(val)=51.584254
[GA][Iter3] Gen:12 Ind:13 RMSE(val)=51.490442
[GA][Iter3] Gen:12 Ind:14 RMSE(val)=51.250377
[GA][Iter3] Gen:12 Ind:15 RMSE(val)=51.470252
[GA][Iter3] Gen:12 Ind:16 RMSE(val)=51.639010
[GA][Iter3] Gen:12 Ind:17 RMSE(val)=51.501087
[GA][Iter3] Gen:12 Ind:18 RMSE(val)=51.694958
[GA][Iter3] Gen:12 Ind:19 RMSE(val)=51.693400
[GA][Iter3] Gen:12 Ind:20 RMSE(val)=51.795527
[GA][Iter3] gen=12 best_val_rmse=51.250377
[GA][Iter3] Gen:13 Ind:1 RMSE(val)=51.250377
[GA][Iter3] Gen:13 Ind:2 RMSE(val)=51.346978
[GA][Iter3] Gen:13 Ind:3 RMSE(val)=51.470252
[GA][Iter3] Gen:13 Ind:4 RMSE(val)=51.474904
[GA][Iter3] Gen:13 Ind:5 RMSE(val)=51.490442
[GA][Iter3] Gen:13 Ind:6 RMSE(val)=51.490442
[GA][Iter3] Gen:13 Ind:7 RMSE(val)=51.490442
[GA][Iter3] Gen:13 Ind:8 RMSE(val)=51.490442
[GA][Iter3] Gen:13 Ind:9 RMSE(val)=51.492445
[GA][Iter3] Gen:13 Ind:10 RMSE(val)=51.499469
[GA][Iter3] Gen:13 Ind:11 RMSE(val)=51.640814
[GA][Iter3] Gen:13 Ind:12 RMSE(val)=51.700300
[GA][Iter3] Gen:13 Ind:13 RMSE(val)=51.496694
[GA][Iter3] Gen:13 Ind:14 RMSE(val)=51.490442
[GA][Iter3] Gen:13 Ind:15 RMSE(val)=51.500345
[GA][Iter3] Gen:13 Ind:16 RMSE(val)=51.494274
[GA][Iter3] Gen:13 Ind:17 RMSE(val)=51.250377
[GA][Iter3] Gen:13 Ind:18 RMSE(val)=51.634295
[GA][Iter3] Gen:13 Ind:19 RMSE(val)=51.490442
[GA][Iter3] Gen:13 Ind:20 RMSE(val)=51.639010
[GA][Iter3] gen=13 best_val_rmse=51.250377
[GA][Iter3] Gen:14 Ind:1 RMSE(val)=51.250377
[GA][Iter3] Gen:14 Ind:2 RMSE(val)=51.250377
[GA][Iter3] Gen:14 Ind:3 RMSE(val)=51.346978
[GA][Iter3] Gen:14 Ind:4 RMSE(val)=51.470252
[GA][Iter3] Gen:14 Ind:5 RMSE(val)=51.474904
[GA][Iter3] Gen:14 Ind:6 RMSE(val)=51.490442
[GA][Iter3] Gen:14 Ind:7 RMSE(val)=51.490442
[GA][Iter3] Gen:14 Ind:8 RMSE(val)=51.490442
[GA][Iter3] Gen:14 Ind:9 RMSE(val)=51.490442
[GA][Iter3] Gen:14 Ind:10 RMSE(val)=51.490442
[GA][Iter3] Gen:14 Ind:11 RMSE(val)=51.544292
[GA][Iter3] Gen:14 Ind:12 RMSE(val)=51.545734
[GA][Iter3] Gen:14 Ind:13 RMSE(val)=51.490442
[GA][Iter3] Gen:14 Ind:14 RMSE(val)=51.543937
[GA][Iter3] Gen:14 Ind:15 RMSE(val)=51.490442
[GA][Iter3] Gen:14 Ind:16 RMSE(val)=51.490442
[GA][Iter3] Gen:14 Ind:17 RMSE(val)=51.675663
[GA][Iter3] Gen:14 Ind:18 RMSE(val)=51.249574
[GA][Iter3] Gen:14 Ind:19 RMSE(val)=51.490442
[GA][Iter3] Gen:14 Ind:20 RMSE(val)=51.474904
[GA][Iter3] gen=14 best_val_rmse=51.249574
[GA][Iter3] Gen:15 Ind:1 RMSE(val)=51.249574
[GA][Iter3] Gen:15 Ind:2 RMSE(val)=51.250377
[GA][Iter3] Gen:15 Ind:3 RMSE(val)=51.250377
[GA][Iter3] Gen:15 Ind:4 RMSE(val)=51.346978
[GA][Iter3] Gen:15 Ind:5 RMSE(val)=51.470252
[GA][Iter3] Gen:15 Ind:6 RMSE(val)=51.474904
[GA][Iter3] Gen:15 Ind:7 RMSE(val)=51.474904
[GA][Iter3] Gen:15 Ind:8 RMSE(val)=51.490442
[GA][Iter3] Gen:15 Ind:9 RMSE(val)=51.490442
[GA][Iter3] Gen:15 Ind:10 RMSE(val)=51.490442
[GA][Iter3] Gen:15 Ind:11 RMSE(val)=51.505027
[GA][Iter3] Gen:15 Ind:12 RMSE(val)=51.563942
[GA][Iter3] Gen:15 Ind:13 RMSE(val)=51.662296
[GA][Iter3] Gen:15 Ind:14 RMSE(val)=51.490442
[GA][Iter3] Gen:15 Ind:15 RMSE(val)=51.263364
[GA][Iter3] Gen:15 Ind:16 RMSE(val)=51.457850
[GA][Iter3] Gen:15 Ind:17 RMSE(val)=51.319996
[GA][Iter3] Gen:15 Ind:18 RMSE(val)=51.474904
[GA][Iter3] Gen:15 Ind:19 RMSE(val)=51.704156
[GA][Iter3] Gen:15 Ind:20 RMSE(val)=51.250377
[GA][Iter3] gen=15 best_val_rmse=51.249574
[GA][Iter3] Gen:15 Ind:1 RMSE(val)=51.249574
[GA][Iter3] Gen:15 Ind:2 RMSE(val)=51.250377
[GA][Iter3] Gen:15 Ind:3 RMSE(val)=51.250377
[GA][Iter3] Gen:15 Ind:4 RMSE(val)=51.250377
[GA][Iter3] Gen:15 Ind:5 RMSE(val)=51.263364
[GA][Iter3] Gen:15 Ind:6 RMSE(val)=51.319996
[GA][Iter3] Gen:15 Ind:7 RMSE(val)=51.346978
[GA][Iter3] Gen:15 Ind:8 RMSE(val)=51.457850
[GA][Iter3] Gen:15 Ind:9 RMSE(val)=51.470252
[GA][Iter3] Gen:15 Ind:10 RMSE(val)=51.474904
[GA][Iter3] Gen:15 Ind:11 RMSE(val)=51.470252
[GA][Iter3] Gen:15 Ind:12 RMSE(val)=51.249574
[GA][Iter3] Gen:15 Ind:13 RMSE(val)=51.457850
[GA][Iter3] Gen:15 Ind:14 RMSE(val)=51.250377
[GA][Iter3] Gen:15 Ind:15 RMSE(val)=51.534010
[GA][Iter3] Gen:15 Ind:16 RMSE(val)=51.583432
[GA][Iter3] Gen:15 Ind:17 RMSE(val)=51.250377
[GA][Iter3] Gen:15 Ind:18 RMSE(val)=51.249574
[GA][Iter3] Gen:15 Ind:19 RMSE(val)=51.474461
[GA][Iter3] Gen:15 Ind:20 RMSE(val)=51.483169

[GA DONE][Iter3] Best params on val fold of Iter3
Best val RMSE: 51.249574
Best params: {'n_estimators': 559, 'learning_rate': 0.04025469359670846, 'max_depth': 7, 'min_child_weight': 2.161259475300781, 'subsample': 0.774730940822297, 'colsample_bytree': 0.9941285515775249, 'reg_lambda': 31.274213769223305, 'reg_alpha': 0.029087284072115846, 'gamma': 0.039372199725624224}
--------------------------------------------------------------------------------
[RETUNE GA] Iter3: train folds 1..7 -> test fold 8  RMSE=61.002029  NRMSE=1.316420  CVRMSE=0.053675  R2=-0.753348
[GA][Iter4] Gen:1 Ind:1 RMSE(val)=91.314717
[GA][Iter4] Gen:1 Ind:2 RMSE(val)=63.753153
[GA][Iter4] Gen:1 Ind:3 RMSE(val)=116.631357
[GA][Iter4] Gen:1 Ind:4 RMSE(val)=133.082778
[GA][Iter4] Gen:1 Ind:5 RMSE(val)=123.427281
[GA][Iter4] Gen:1 Ind:6 RMSE(val)=96.033002
[GA][Iter4] Gen:1 Ind:7 RMSE(val)=132.962250
[GA][Iter4] Gen:1 Ind:8 RMSE(val)=63.266736
[GA][Iter4] Gen:1 Ind:9 RMSE(val)=57.229116
[GA][Iter4] Gen:1 Ind:10 RMSE(val)=77.155006
[GA][Iter4] Gen:1 Ind:11 RMSE(val)=132.863033
[GA][Iter4] Gen:1 Ind:12 RMSE(val)=73.115466
[GA][Iter4] Gen:1 Ind:13 RMSE(val)=132.921486
[GA][Iter4] Gen:1 Ind:14 RMSE(val)=88.563716
[GA][Iter4] Gen:1 Ind:15 RMSE(val)=61.426205
[GA][Iter4] Gen:1 Ind:16 RMSE(val)=133.039260
[GA][Iter4] Gen:1 Ind:17 RMSE(val)=64.229249
[GA][Iter4] Gen:1 Ind:18 RMSE(val)=82.135054
[GA][Iter4] Gen:1 Ind:19 RMSE(val)=95.096578
[GA][Iter4] Gen:1 Ind:20 RMSE(val)=98.037352
[GA][Iter4] gen=1 best_val_rmse=57.229116
[GA][Iter4] Gen:2 Ind:1 RMSE(val)=57.229116
[GA][Iter4] Gen:2 Ind:2 RMSE(val)=61.426205
[GA][Iter4] Gen:2 Ind:3 RMSE(val)=63.266736
[GA][Iter4] Gen:2 Ind:4 RMSE(val)=63.753153
[GA][Iter4] Gen:2 Ind:5 RMSE(val)=64.229249
[GA][Iter4] Gen:2 Ind:6 RMSE(val)=73.115466
[GA][Iter4] Gen:2 Ind:7 RMSE(val)=77.155006
[GA][Iter4] Gen:2 Ind:8 RMSE(val)=82.135054
[GA][Iter4] Gen:2 Ind:9 RMSE(val)=88.563716
[GA][Iter4] Gen:2 Ind:10 RMSE(val)=91.314717
[GA][Iter4] Gen:2 Ind:11 RMSE(val)=65.600969
[GA][Iter4] Gen:2 Ind:12 RMSE(val)=63.832688
[GA][Iter4] Gen:2 Ind:13 RMSE(val)=66.413817
[GA][Iter4] Gen:2 Ind:14 RMSE(val)=61.941415
[GA][Iter4] Gen:2 Ind:15 RMSE(val)=78.939960
[GA][Iter4] Gen:2 Ind:16 RMSE(val)=79.401590
[GA][Iter4] Gen:2 Ind:17 RMSE(val)=56.718944
[GA][Iter4] Gen:2 Ind:18 RMSE(val)=81.678738
[GA][Iter4] Gen:2 Ind:19 RMSE(val)=62.676137
[GA][Iter4] Gen:2 Ind:20 RMSE(val)=82.226233
[GA][Iter4] gen=2 best_val_rmse=56.718944
[GA][Iter4] Gen:3 Ind:1 RMSE(val)=56.718944
[GA][Iter4] Gen:3 Ind:2 RMSE(val)=57.229116
[GA][Iter4] Gen:3 Ind:3 RMSE(val)=61.426205
[GA][Iter4] Gen:3 Ind:4 RMSE(val)=61.941415
[GA][Iter4] Gen:3 Ind:5 RMSE(val)=62.676137
[GA][Iter4] Gen:3 Ind:6 RMSE(val)=63.266736
[GA][Iter4] Gen:3 Ind:7 RMSE(val)=63.753153
[GA][Iter4] Gen:3 Ind:8 RMSE(val)=63.832688
[GA][Iter4] Gen:3 Ind:9 RMSE(val)=64.229249
[GA][Iter4] Gen:3 Ind:10 RMSE(val)=65.600969
[GA][Iter4] Gen:3 Ind:11 RMSE(val)=61.722876
[GA][Iter4] Gen:3 Ind:12 RMSE(val)=62.082658
[GA][Iter4] Gen:3 Ind:13 RMSE(val)=60.028298
[GA][Iter4] Gen:3 Ind:14 RMSE(val)=58.117960
[GA][Iter4] Gen:3 Ind:15 RMSE(val)=60.791808
[GA][Iter4] Gen:3 Ind:16 RMSE(val)=60.989349
[GA][Iter4] Gen:3 Ind:17 RMSE(val)=63.616453
[GA][Iter4] Gen:3 Ind:18 RMSE(val)=62.453409
[GA][Iter4] Gen:3 Ind:19 RMSE(val)=63.610694
[GA][Iter4] Gen:3 Ind:20 RMSE(val)=62.093210
[GA][Iter4] gen=3 best_val_rmse=56.718944
[GA][Iter4] Gen:4 Ind:1 RMSE(val)=56.718944
[GA][Iter4] Gen:4 Ind:2 RMSE(val)=57.229116
[GA][Iter4] Gen:4 Ind:3 RMSE(val)=58.117960
[GA][Iter4] Gen:4 Ind:4 RMSE(val)=60.028298
[GA][Iter4] Gen:4 Ind:5 RMSE(val)=60.791808
[GA][Iter4] Gen:4 Ind:6 RMSE(val)=60.989349
[GA][Iter4] Gen:4 Ind:7 RMSE(val)=61.426205
[GA][Iter4] Gen:4 Ind:8 RMSE(val)=61.722876
[GA][Iter4] Gen:4 Ind:9 RMSE(val)=61.941415
[GA][Iter4] Gen:4 Ind:10 RMSE(val)=62.082658
[GA][Iter4] Gen:4 Ind:11 RMSE(val)=62.904017
[GA][Iter4] Gen:4 Ind:12 RMSE(val)=57.144835
[GA][Iter4] Gen:4 Ind:13 RMSE(val)=61.594020
[GA][Iter4] Gen:4 Ind:14 RMSE(val)=60.586928
[GA][Iter4] Gen:4 Ind:15 RMSE(val)=61.993960
[GA][Iter4] Gen:4 Ind:16 RMSE(val)=61.241947
[GA][Iter4] Gen:4 Ind:17 RMSE(val)=61.677160
[GA][Iter4] Gen:4 Ind:18 RMSE(val)=62.641316
[GA][Iter4] Gen:4 Ind:19 RMSE(val)=61.674635
[GA][Iter4] Gen:4 Ind:20 RMSE(val)=61.919033
[GA][Iter4] gen=4 best_val_rmse=56.718944
[GA][Iter4] Gen:5 Ind:1 RMSE(val)=56.718944
[GA][Iter4] Gen:5 Ind:2 RMSE(val)=57.144835
[GA][Iter4] Gen:5 Ind:3 RMSE(val)=57.229116
[GA][Iter4] Gen:5 Ind:4 RMSE(val)=58.117960
[GA][Iter4] Gen:5 Ind:5 RMSE(val)=60.028298
[GA][Iter4] Gen:5 Ind:6 RMSE(val)=60.586928
[GA][Iter4] Gen:5 Ind:7 RMSE(val)=60.791808
[GA][Iter4] Gen:5 Ind:8 RMSE(val)=60.989349
[GA][Iter4] Gen:5 Ind:9 RMSE(val)=61.241947
[GA][Iter4] Gen:5 Ind:10 RMSE(val)=61.426205
[GA][Iter4] Gen:5 Ind:11 RMSE(val)=60.807067
[GA][Iter4] Gen:5 Ind:12 RMSE(val)=60.282056
[GA][Iter4] Gen:5 Ind:13 RMSE(val)=60.887007
[GA][Iter4] Gen:5 Ind:14 RMSE(val)=57.094220
[GA][Iter4] Gen:5 Ind:15 RMSE(val)=60.028298
[GA][Iter4] Gen:5 Ind:16 RMSE(val)=62.321013
[GA][Iter4] Gen:5 Ind:17 RMSE(val)=61.841339
[GA][Iter4] Gen:5 Ind:18 RMSE(val)=61.345180
[GA][Iter4] Gen:5 Ind:19 RMSE(val)=56.543153
[GA][Iter4] Gen:5 Ind:20 RMSE(val)=56.039709
[GA][Iter4] gen=5 best_val_rmse=56.039709
[GA][Iter4] Gen:6 Ind:1 RMSE(val)=56.039709
[GA][Iter4] Gen:6 Ind:2 RMSE(val)=56.543153
[GA][Iter4] Gen:6 Ind:3 RMSE(val)=56.718944
[GA][Iter4] Gen:6 Ind:4 RMSE(val)=57.094220
[GA][Iter4] Gen:6 Ind:5 RMSE(val)=57.144835
[GA][Iter4] Gen:6 Ind:6 RMSE(val)=57.229116
[GA][Iter4] Gen:6 Ind:7 RMSE(val)=58.117960
[GA][Iter4] Gen:6 Ind:8 RMSE(val)=60.028298
[GA][Iter4] Gen:6 Ind:9 RMSE(val)=60.028298
[GA][Iter4] Gen:6 Ind:10 RMSE(val)=60.282056
[GA][Iter4] Gen:6 Ind:11 RMSE(val)=59.569480
[GA][Iter4] Gen:6 Ind:12 RMSE(val)=56.645825
[GA][Iter4] Gen:6 Ind:13 RMSE(val)=57.144835
[GA][Iter4] Gen:6 Ind:14 RMSE(val)=57.345955
[GA][Iter4] Gen:6 Ind:15 RMSE(val)=56.280085
[GA][Iter4] Gen:6 Ind:16 RMSE(val)=60.015974
[GA][Iter4] Gen:6 Ind:17 RMSE(val)=57.226834
[GA][Iter4] Gen:6 Ind:18 RMSE(val)=60.775644
[GA][Iter4] Gen:6 Ind:19 RMSE(val)=57.629139
[GA][Iter4] Gen:6 Ind:20 RMSE(val)=58.908565
[GA][Iter4] gen=6 best_val_rmse=56.039709
[GA][Iter4] Gen:7 Ind:1 RMSE(val)=56.039709
[GA][Iter4] Gen:7 Ind:2 RMSE(val)=56.280085
[GA][Iter4] Gen:7 Ind:3 RMSE(val)=56.543153
[GA][Iter4] Gen:7 Ind:4 RMSE(val)=56.645825
[GA][Iter4] Gen:7 Ind:5 RMSE(val)=56.718944
[GA][Iter4] Gen:7 Ind:6 RMSE(val)=57.094220
[GA][Iter4] Gen:7 Ind:7 RMSE(val)=57.144835
[GA][Iter4] Gen:7 Ind:8 RMSE(val)=57.144835
[GA][Iter4] Gen:7 Ind:9 RMSE(val)=57.226834
[GA][Iter4] Gen:7 Ind:10 RMSE(val)=57.229116
[GA][Iter4] Gen:7 Ind:11 RMSE(val)=58.813913
[GA][Iter4] Gen:7 Ind:12 RMSE(val)=57.779633
[GA][Iter4] Gen:7 Ind:13 RMSE(val)=57.233115
[GA][Iter4] Gen:7 Ind:14 RMSE(val)=55.626988
[GA][Iter4] Gen:7 Ind:15 RMSE(val)=57.069408
[GA][Iter4] Gen:7 Ind:16 RMSE(val)=56.645825
[GA][Iter4] Gen:7 Ind:17 RMSE(val)=57.144835
[GA][Iter4] Gen:7 Ind:18 RMSE(val)=57.441262
[GA][Iter4] Gen:7 Ind:19 RMSE(val)=56.878394
[GA][Iter4] Gen:7 Ind:20 RMSE(val)=55.823923
[GA][Iter4] gen=7 best_val_rmse=55.626988
[GA][Iter4] Gen:8 Ind:1 RMSE(val)=55.626988
[GA][Iter4] Gen:8 Ind:2 RMSE(val)=55.823923
[GA][Iter4] Gen:8 Ind:3 RMSE(val)=56.039709
[GA][Iter4] Gen:8 Ind:4 RMSE(val)=56.280085
[GA][Iter4] Gen:8 Ind:5 RMSE(val)=56.543153
[GA][Iter4] Gen:8 Ind:6 RMSE(val)=56.645825
[GA][Iter4] Gen:8 Ind:7 RMSE(val)=56.645825
[GA][Iter4] Gen:8 Ind:8 RMSE(val)=56.718944
[GA][Iter4] Gen:8 Ind:9 RMSE(val)=56.878394
[GA][Iter4] Gen:8 Ind:10 RMSE(val)=57.069408
[GA][Iter4] Gen:8 Ind:11 RMSE(val)=56.088287
[GA][Iter4] Gen:8 Ind:12 RMSE(val)=56.799418
[GA][Iter4] Gen:8 Ind:13 RMSE(val)=55.636347
[GA][Iter4] Gen:8 Ind:14 RMSE(val)=56.878394
[GA][Iter4] Gen:8 Ind:15 RMSE(val)=55.823923
[GA][Iter4] Gen:8 Ind:16 RMSE(val)=55.823923
[GA][Iter4] Gen:8 Ind:17 RMSE(val)=57.348069
[GA][Iter4] Gen:8 Ind:18 RMSE(val)=58.210393
[GA][Iter4] Gen:8 Ind:19 RMSE(val)=57.077199
[GA][Iter4] Gen:8 Ind:20 RMSE(val)=56.501249
[GA][Iter4] gen=8 best_val_rmse=55.626988
[GA][Iter4] Gen:9 Ind:1 RMSE(val)=55.626988
[GA][Iter4] Gen:9 Ind:2 RMSE(val)=55.636347
[GA][Iter4] Gen:9 Ind:3 RMSE(val)=55.823923
[GA][Iter4] Gen:9 Ind:4 RMSE(val)=55.823923
[GA][Iter4] Gen:9 Ind:5 RMSE(val)=55.823923
[GA][Iter4] Gen:9 Ind:6 RMSE(val)=56.039709
[GA][Iter4] Gen:9 Ind:7 RMSE(val)=56.088287
[GA][Iter4] Gen:9 Ind:8 RMSE(val)=56.280085
[GA][Iter4] Gen:9 Ind:9 RMSE(val)=56.501249
[GA][Iter4] Gen:9 Ind:10 RMSE(val)=56.543153
[GA][Iter4] Gen:9 Ind:11 RMSE(val)=55.988472
[GA][Iter4] Gen:9 Ind:12 RMSE(val)=56.405702
[GA][Iter4] Gen:9 Ind:13 RMSE(val)=57.836767
[GA][Iter4] Gen:9 Ind:14 RMSE(val)=55.618760
[GA][Iter4] Gen:9 Ind:15 RMSE(val)=55.636347
[GA][Iter4] Gen:9 Ind:16 RMSE(val)=54.931442
[GA][Iter4] Gen:9 Ind:17 RMSE(val)=55.823923
[GA][Iter4] Gen:9 Ind:18 RMSE(val)=56.436942
[GA][Iter4] Gen:9 Ind:19 RMSE(val)=56.075380
[GA][Iter4] Gen:9 Ind:20 RMSE(val)=55.725985
[GA][Iter4] gen=9 best_val_rmse=54.931442
[GA][Iter4] Gen:10 Ind:1 RMSE(val)=54.931442
[GA][Iter4] Gen:10 Ind:2 RMSE(val)=55.618760
[GA][Iter4] Gen:10 Ind:3 RMSE(val)=55.626988
[GA][Iter4] Gen:10 Ind:4 RMSE(val)=55.636347
[GA][Iter4] Gen:10 Ind:5 RMSE(val)=55.636347
[GA][Iter4] Gen:10 Ind:6 RMSE(val)=55.725985
[GA][Iter4] Gen:10 Ind:7 RMSE(val)=55.823923
[GA][Iter4] Gen:10 Ind:8 RMSE(val)=55.823923
[GA][Iter4] Gen:10 Ind:9 RMSE(val)=55.823923
[GA][Iter4] Gen:10 Ind:10 RMSE(val)=55.823923
[GA][Iter4] Gen:10 Ind:11 RMSE(val)=57.789248
[GA][Iter4] Gen:10 Ind:12 RMSE(val)=55.637391
[GA][Iter4] Gen:10 Ind:13 RMSE(val)=55.626988
[GA][Iter4] Gen:10 Ind:14 RMSE(val)=55.556704
[GA][Iter4] Gen:10 Ind:15 RMSE(val)=55.000640
[GA][Iter4] Gen:10 Ind:16 RMSE(val)=55.823923
[GA][Iter4] Gen:10 Ind:17 RMSE(val)=56.729895
[GA][Iter4] Gen:10 Ind:18 RMSE(val)=55.823923
[GA][Iter4] Gen:10 Ind:19 RMSE(val)=55.618760
[GA][Iter4] Gen:10 Ind:20 RMSE(val)=55.615267
[GA][Iter4] gen=10 best_val_rmse=54.931442
[GA][Iter4] Gen:11 Ind:1 RMSE(val)=54.931442
[GA][Iter4] Gen:11 Ind:2 RMSE(val)=55.000640
[GA][Iter4] Gen:11 Ind:3 RMSE(val)=55.556704
[GA][Iter4] Gen:11 Ind:4 RMSE(val)=55.615267
[GA][Iter4] Gen:11 Ind:5 RMSE(val)=55.618760
[GA][Iter4] Gen:11 Ind:6 RMSE(val)=55.618760
[GA][Iter4] Gen:11 Ind:7 RMSE(val)=55.626988
[GA][Iter4] Gen:11 Ind:8 RMSE(val)=55.626988
[GA][Iter4] Gen:11 Ind:9 RMSE(val)=55.636347
[GA][Iter4] Gen:11 Ind:10 RMSE(val)=55.636347
[GA][Iter4] Gen:11 Ind:11 RMSE(val)=55.809044
[GA][Iter4] Gen:11 Ind:12 RMSE(val)=55.795087
[GA][Iter4] Gen:11 Ind:13 RMSE(val)=55.054737
[GA][Iter4] Gen:11 Ind:14 RMSE(val)=55.636347
[GA][Iter4] Gen:11 Ind:15 RMSE(val)=55.280390
[GA][Iter4] Gen:11 Ind:16 RMSE(val)=55.816439
[GA][Iter4] Gen:11 Ind:17 RMSE(val)=55.597386
[GA][Iter4] Gen:11 Ind:18 RMSE(val)=55.653412
[GA][Iter4] Gen:11 Ind:19 RMSE(val)=56.255247
[GA][Iter4] Gen:11 Ind:20 RMSE(val)=55.656545
[GA][Iter4] gen=11 best_val_rmse=54.931442
[GA][Iter4] Gen:12 Ind:1 RMSE(val)=54.931442
[GA][Iter4] Gen:12 Ind:2 RMSE(val)=55.000640
[GA][Iter4] Gen:12 Ind:3 RMSE(val)=55.054737
[GA][Iter4] Gen:12 Ind:4 RMSE(val)=55.280390
[GA][Iter4] Gen:12 Ind:5 RMSE(val)=55.556704
[GA][Iter4] Gen:12 Ind:6 RMSE(val)=55.597386
[GA][Iter4] Gen:12 Ind:7 RMSE(val)=55.615267
[GA][Iter4] Gen:12 Ind:8 RMSE(val)=55.618760
[GA][Iter4] Gen:12 Ind:9 RMSE(val)=55.618760
[GA][Iter4] Gen:12 Ind:10 RMSE(val)=55.626988
[GA][Iter4] Gen:12 Ind:11 RMSE(val)=55.265195
[GA][Iter4] Gen:12 Ind:12 RMSE(val)=55.202770
[GA][Iter4] Gen:12 Ind:13 RMSE(val)=55.615267
[GA][Iter4] Gen:12 Ind:14 RMSE(val)=57.191444
[GA][Iter4] Gen:12 Ind:15 RMSE(val)=55.626988
[GA][Iter4] Gen:12 Ind:16 RMSE(val)=55.000640
[GA][Iter4] Gen:12 Ind:17 RMSE(val)=55.597386
[GA][Iter4] Gen:12 Ind:18 RMSE(val)=55.054737
[GA][Iter4] Gen:12 Ind:19 RMSE(val)=55.618760
[GA][Iter4] Gen:12 Ind:20 RMSE(val)=55.615267
[GA][Iter4] gen=12 best_val_rmse=54.931442
[GA][Iter4] Gen:13 Ind:1 RMSE(val)=54.931442
[GA][Iter4] Gen:13 Ind:2 RMSE(val)=55.000640
[GA][Iter4] Gen:13 Ind:3 RMSE(val)=55.000640
[GA][Iter4] Gen:13 Ind:4 RMSE(val)=55.054737
[GA][Iter4] Gen:13 Ind:5 RMSE(val)=55.054737
[GA][Iter4] Gen:13 Ind:6 RMSE(val)=55.202770
[GA][Iter4] Gen:13 Ind:7 RMSE(val)=55.265195
[GA][Iter4] Gen:13 Ind:8 RMSE(val)=55.280390
[GA][Iter4] Gen:13 Ind:9 RMSE(val)=55.556704
[GA][Iter4] Gen:13 Ind:10 RMSE(val)=55.597386
[GA][Iter4] Gen:13 Ind:11 RMSE(val)=55.003714
[GA][Iter4] Gen:13 Ind:12 RMSE(val)=55.054737
[GA][Iter4] Gen:13 Ind:13 RMSE(val)=55.000640
[GA][Iter4] Gen:13 Ind:14 RMSE(val)=55.597873
[GA][Iter4] Gen:13 Ind:15 RMSE(val)=56.153695
[GA][Iter4] Gen:13 Ind:16 RMSE(val)=54.908703
[GA][Iter4] Gen:13 Ind:17 RMSE(val)=54.931442
[GA][Iter4] Gen:13 Ind:18 RMSE(val)=55.040596
[GA][Iter4] Gen:13 Ind:19 RMSE(val)=55.202770
[GA][Iter4] Gen:13 Ind:20 RMSE(val)=55.036871
[GA][Iter4] gen=13 best_val_rmse=54.908703
[GA][Iter4] Gen:14 Ind:1 RMSE(val)=54.908703
[GA][Iter4] Gen:14 Ind:2 RMSE(val)=54.931442
[GA][Iter4] Gen:14 Ind:3 RMSE(val)=54.931442
[GA][Iter4] Gen:14 Ind:4 RMSE(val)=55.000640
[GA][Iter4] Gen:14 Ind:5 RMSE(val)=55.000640
[GA][Iter4] Gen:14 Ind:6 RMSE(val)=55.000640
[GA][Iter4] Gen:14 Ind:7 RMSE(val)=55.003714
[GA][Iter4] Gen:14 Ind:8 RMSE(val)=55.036871
[GA][Iter4] Gen:14 Ind:9 RMSE(val)=55.040596
[GA][Iter4] Gen:14 Ind:10 RMSE(val)=55.054737
[GA][Iter4] Gen:14 Ind:11 RMSE(val)=55.628237
[GA][Iter4] Gen:14 Ind:12 RMSE(val)=53.794603
[GA][Iter4] Gen:14 Ind:13 RMSE(val)=55.058652
[GA][Iter4] Gen:14 Ind:14 RMSE(val)=55.000640
[GA][Iter4] Gen:14 Ind:15 RMSE(val)=55.000640
[GA][Iter4] Gen:14 Ind:16 RMSE(val)=55.054737
[GA][Iter4] Gen:14 Ind:17 RMSE(val)=55.000640
[GA][Iter4] Gen:14 Ind:18 RMSE(val)=55.277712
[GA][Iter4] Gen:14 Ind:19 RMSE(val)=55.277712
[GA][Iter4] Gen:14 Ind:20 RMSE(val)=55.277712
[GA][Iter4] gen=14 best_val_rmse=53.794603
[GA][Iter4] Gen:15 Ind:1 RMSE(val)=53.794603
[GA][Iter4] Gen:15 Ind:2 RMSE(val)=54.908703
[GA][Iter4] Gen:15 Ind:3 RMSE(val)=54.931442
[GA][Iter4] Gen:15 Ind:4 RMSE(val)=54.931442
[GA][Iter4] Gen:15 Ind:5 RMSE(val)=55.000640
[GA][Iter4] Gen:15 Ind:6 RMSE(val)=55.000640
[GA][Iter4] Gen:15 Ind:7 RMSE(val)=55.000640
[GA][Iter4] Gen:15 Ind:8 RMSE(val)=55.000640
[GA][Iter4] Gen:15 Ind:9 RMSE(val)=55.000640
[GA][Iter4] Gen:15 Ind:10 RMSE(val)=55.000640
[GA][Iter4] Gen:15 Ind:11 RMSE(val)=55.000640
[GA][Iter4] Gen:15 Ind:12 RMSE(val)=54.958524
[GA][Iter4] Gen:15 Ind:13 RMSE(val)=54.994910
[GA][Iter4] Gen:15 Ind:14 RMSE(val)=55.000640
[GA][Iter4] Gen:15 Ind:15 RMSE(val)=55.068865
[GA][Iter4] Gen:15 Ind:16 RMSE(val)=54.908703
[GA][Iter4] Gen:15 Ind:17 RMSE(val)=55.000640
[GA][Iter4] Gen:15 Ind:18 RMSE(val)=55.000640
[GA][Iter4] Gen:15 Ind:19 RMSE(val)=55.000640
[GA][Iter4] Gen:15 Ind:20 RMSE(val)=55.277712
[GA][Iter4] gen=15 best_val_rmse=53.794603
[GA][Iter4] Gen:15 Ind:1 RMSE(val)=53.794603
[GA][Iter4] Gen:15 Ind:2 RMSE(val)=54.908703
[GA][Iter4] Gen:15 Ind:3 RMSE(val)=54.908703
[GA][Iter4] Gen:15 Ind:4 RMSE(val)=54.931442
[GA][Iter4] Gen:15 Ind:5 RMSE(val)=54.931442
[GA][Iter4] Gen:15 Ind:6 RMSE(val)=54.958524
[GA][Iter4] Gen:15 Ind:7 RMSE(val)=54.994910
[GA][Iter4] Gen:15 Ind:8 RMSE(val)=55.000640
[GA][Iter4] Gen:15 Ind:9 RMSE(val)=55.000640
[GA][Iter4] Gen:15 Ind:10 RMSE(val)=55.000640
[GA][Iter4] Gen:15 Ind:11 RMSE(val)=55.000640
[GA][Iter4] Gen:15 Ind:12 RMSE(val)=55.793630
[GA][Iter4] Gen:15 Ind:13 RMSE(val)=55.000640
[GA][Iter4] Gen:15 Ind:14 RMSE(val)=54.931442
[GA][Iter4] Gen:15 Ind:15 RMSE(val)=54.958524
[GA][Iter4] Gen:15 Ind:16 RMSE(val)=56.358213
[GA][Iter4] Gen:15 Ind:17 RMSE(val)=55.277712
[GA][Iter4] Gen:15 Ind:18 RMSE(val)=55.282641
[GA][Iter4] Gen:15 Ind:19 RMSE(val)=54.805833
[GA][Iter4] Gen:15 Ind:20 RMSE(val)=53.747721

[GA DONE][Iter4] Best params on val fold of Iter4
Best val RMSE: 53.747721
Best params: {'n_estimators': 2121, 'learning_rate': 0.07056977664783903, 'max_depth': 8, 'min_child_weight': 9.21038703425423, 'subsample': 0.774730940822297, 'colsample_bytree': 0.953873261554681, 'reg_lambda': 7.225657655102337, 'reg_alpha': 0.0063276406032564, 'gamma': 0.014697060990484883}
--------------------------------------------------------------------------------
[RETUNE GA] Iter4: train folds 1..8 -> test fold 9  RMSE=100.404709  NRMSE=1.088398  CVRMSE=0.086636  R2=-0.198546
[GA][Iter5] Gen:1 Ind:1 RMSE(val)=122.103269
[GA][Iter5] Gen:1 Ind:2 RMSE(val)=105.248501
[GA][Iter5] Gen:1 Ind:3 RMSE(val)=137.439039
[GA][Iter5] Gen:1 Ind:4 RMSE(val)=161.270153
[GA][Iter5] Gen:1 Ind:5 RMSE(val)=141.937912
[GA][Iter5] Gen:1 Ind:6 RMSE(val)=124.451507
[GA][Iter5] Gen:1 Ind:7 RMSE(val)=161.344665
[GA][Iter5] Gen:1 Ind:8 RMSE(val)=104.397740
[GA][Iter5] Gen:1 Ind:9 RMSE(val)=100.868549
[GA][Iter5] Gen:1 Ind:10 RMSE(val)=113.412793
[GA][Iter5] Gen:1 Ind:11 RMSE(val)=161.175882
[GA][Iter5] Gen:1 Ind:12 RMSE(val)=111.170436
[GA][Iter5] Gen:1 Ind:13 RMSE(val)=161.177488
[GA][Iter5] Gen:1 Ind:14 RMSE(val)=120.141796
[GA][Iter5] Gen:1 Ind:15 RMSE(val)=104.095555
[GA][Iter5] Gen:1 Ind:16 RMSE(val)=161.248766
[GA][Iter5] Gen:1 Ind:17 RMSE(val)=106.375447
[GA][Iter5] Gen:1 Ind:18 RMSE(val)=115.404493
[GA][Iter5] Gen:1 Ind:19 RMSE(val)=124.653121
[GA][Iter5] Gen:1 Ind:20 RMSE(val)=126.421494
[GA][Iter5] gen=1 best_val_rmse=100.868549
[GA][Iter5] Gen:2 Ind:1 RMSE(val)=100.868549
[GA][Iter5] Gen:2 Ind:2 RMSE(val)=104.095555
[GA][Iter5] Gen:2 Ind:3 RMSE(val)=104.397740
[GA][Iter5] Gen:2 Ind:4 RMSE(val)=105.248501
[GA][Iter5] Gen:2 Ind:5 RMSE(val)=106.375447
[GA][Iter5] Gen:2 Ind:6 RMSE(val)=111.170436
[GA][Iter5] Gen:2 Ind:7 RMSE(val)=113.412793
[GA][Iter5] Gen:2 Ind:8 RMSE(val)=115.404493
[GA][Iter5] Gen:2 Ind:9 RMSE(val)=120.141796
[GA][Iter5] Gen:2 Ind:10 RMSE(val)=122.103269
[GA][Iter5] Gen:2 Ind:11 RMSE(val)=106.514752
[GA][Iter5] Gen:2 Ind:12 RMSE(val)=104.642202
[GA][Iter5] Gen:2 Ind:13 RMSE(val)=107.013508
[GA][Iter5] Gen:2 Ind:14 RMSE(val)=104.441944
[GA][Iter5] Gen:2 Ind:15 RMSE(val)=114.762808
[GA][Iter5] Gen:2 Ind:16 RMSE(val)=114.527683
[GA][Iter5] Gen:2 Ind:17 RMSE(val)=100.742769
[GA][Iter5] Gen:2 Ind:18 RMSE(val)=116.570679
[GA][Iter5] Gen:2 Ind:19 RMSE(val)=105.049444
[GA][Iter5] Gen:2 Ind:20 RMSE(val)=116.094329
[GA][Iter5] gen=2 best_val_rmse=100.742769
[GA][Iter5] Gen:3 Ind:1 RMSE(val)=100.742769
[GA][Iter5] Gen:3 Ind:2 RMSE(val)=100.868549
[GA][Iter5] Gen:3 Ind:3 RMSE(val)=104.095555
[GA][Iter5] Gen:3 Ind:4 RMSE(val)=104.397740
[GA][Iter5] Gen:3 Ind:5 RMSE(val)=104.441944
[GA][Iter5] Gen:3 Ind:6 RMSE(val)=104.642202
[GA][Iter5] Gen:3 Ind:7 RMSE(val)=105.049444
[GA][Iter5] Gen:3 Ind:8 RMSE(val)=105.248501
[GA][Iter5] Gen:3 Ind:9 RMSE(val)=106.375447
[GA][Iter5] Gen:3 Ind:10 RMSE(val)=106.514752
[GA][Iter5] Gen:3 Ind:11 RMSE(val)=104.816919
[GA][Iter5] Gen:3 Ind:12 RMSE(val)=103.972270
[GA][Iter5] Gen:3 Ind:13 RMSE(val)=104.460298
[GA][Iter5] Gen:3 Ind:14 RMSE(val)=101.120990
[GA][Iter5] Gen:3 Ind:15 RMSE(val)=104.362938
[GA][Iter5] Gen:3 Ind:16 RMSE(val)=104.676581
[GA][Iter5] Gen:3 Ind:17 RMSE(val)=104.719646
[GA][Iter5] Gen:3 Ind:18 RMSE(val)=104.301886
[GA][Iter5] Gen:3 Ind:19 RMSE(val)=105.655656
[GA][Iter5] Gen:3 Ind:20 RMSE(val)=104.460298
[GA][Iter5] gen=3 best_val_rmse=100.742769
[GA][Iter5] Gen:4 Ind:1 RMSE(val)=100.742769
[GA][Iter5] Gen:4 Ind:2 RMSE(val)=100.868549
[GA][Iter5] Gen:4 Ind:3 RMSE(val)=101.120990
[GA][Iter5] Gen:4 Ind:4 RMSE(val)=103.972270
[GA][Iter5] Gen:4 Ind:5 RMSE(val)=104.095555
[GA][Iter5] Gen:4 Ind:6 RMSE(val)=104.301886
[GA][Iter5] Gen:4 Ind:7 RMSE(val)=104.362938
[GA][Iter5] Gen:4 Ind:8 RMSE(val)=104.397740
[GA][Iter5] Gen:4 Ind:9 RMSE(val)=104.441944
[GA][Iter5] Gen:4 Ind:10 RMSE(val)=104.460298
[GA][Iter5] Gen:4 Ind:11 RMSE(val)=104.650097
[GA][Iter5] Gen:4 Ind:12 RMSE(val)=101.375716
[GA][Iter5] Gen:4 Ind:13 RMSE(val)=104.837324
[GA][Iter5] Gen:4 Ind:14 RMSE(val)=104.518661
[GA][Iter5] Gen:4 Ind:15 RMSE(val)=104.352533
[GA][Iter5] Gen:4 Ind:16 RMSE(val)=104.086726
[GA][Iter5] Gen:4 Ind:17 RMSE(val)=104.128192
[GA][Iter5] Gen:4 Ind:18 RMSE(val)=104.893962
[GA][Iter5] Gen:4 Ind:19 RMSE(val)=103.180835
[GA][Iter5] Gen:4 Ind:20 RMSE(val)=104.681811
[GA][Iter5] gen=4 best_val_rmse=100.742769
[GA][Iter5] Gen:5 Ind:1 RMSE(val)=100.742769
[GA][Iter5] Gen:5 Ind:2 RMSE(val)=100.868549
[GA][Iter5] Gen:5 Ind:3 RMSE(val)=101.120990
[GA][Iter5] Gen:5 Ind:4 RMSE(val)=101.375716
[GA][Iter5] Gen:5 Ind:5 RMSE(val)=103.180835
[GA][Iter5] Gen:5 Ind:6 RMSE(val)=103.972270
[GA][Iter5] Gen:5 Ind:7 RMSE(val)=104.086726
[GA][Iter5] Gen:5 Ind:8 RMSE(val)=104.095555
[GA][Iter5] Gen:5 Ind:9 RMSE(val)=104.128192
[GA][Iter5] Gen:5 Ind:10 RMSE(val)=104.301886
[GA][Iter5] Gen:5 Ind:11 RMSE(val)=104.216612
[GA][Iter5] Gen:5 Ind:12 RMSE(val)=104.128192
[GA][Iter5] Gen:5 Ind:13 RMSE(val)=104.120215
[GA][Iter5] Gen:5 Ind:14 RMSE(val)=101.294865
[GA][Iter5] Gen:5 Ind:15 RMSE(val)=103.022439
[GA][Iter5] Gen:5 Ind:16 RMSE(val)=104.174662
[GA][Iter5] Gen:5 Ind:17 RMSE(val)=103.548582
[GA][Iter5] Gen:5 Ind:18 RMSE(val)=102.935584
[GA][Iter5] Gen:5 Ind:19 RMSE(val)=100.925239
[GA][Iter5] Gen:5 Ind:20 RMSE(val)=101.102081
[GA][Iter5] gen=5 best_val_rmse=100.742769
[GA][Iter5] Gen:6 Ind:1 RMSE(val)=100.742769
[GA][Iter5] Gen:6 Ind:2 RMSE(val)=100.868549
[GA][Iter5] Gen:6 Ind:3 RMSE(val)=100.925239
[GA][Iter5] Gen:6 Ind:4 RMSE(val)=101.102081
[GA][Iter5] Gen:6 Ind:5 RMSE(val)=101.120990
[GA][Iter5] Gen:6 Ind:6 RMSE(val)=101.294865
[GA][Iter5] Gen:6 Ind:7 RMSE(val)=101.375716
[GA][Iter5] Gen:6 Ind:8 RMSE(val)=102.935584
[GA][Iter5] Gen:6 Ind:9 RMSE(val)=103.022439
[GA][Iter5] Gen:6 Ind:10 RMSE(val)=103.180835
[GA][Iter5] Gen:6 Ind:11 RMSE(val)=103.105715
[GA][Iter5] Gen:6 Ind:12 RMSE(val)=101.398823
[GA][Iter5] Gen:6 Ind:13 RMSE(val)=101.120990
[GA][Iter5] Gen:6 Ind:14 RMSE(val)=100.677530
[GA][Iter5] Gen:6 Ind:15 RMSE(val)=101.103603
[GA][Iter5] Gen:6 Ind:16 RMSE(val)=102.931613
[GA][Iter5] Gen:6 Ind:17 RMSE(val)=100.768187
[GA][Iter5] Gen:6 Ind:18 RMSE(val)=103.260065
[GA][Iter5] Gen:6 Ind:19 RMSE(val)=101.283358
[GA][Iter5] Gen:6 Ind:20 RMSE(val)=100.849377
[GA][Iter5] gen=6 best_val_rmse=100.677530
[GA][Iter5] Gen:7 Ind:1 RMSE(val)=100.677530
[GA][Iter5] Gen:7 Ind:2 RMSE(val)=100.742769
[GA][Iter5] Gen:7 Ind:3 RMSE(val)=100.768187
[GA][Iter5] Gen:7 Ind:4 RMSE(val)=100.849377
[GA][Iter5] Gen:7 Ind:5 RMSE(val)=100.868549
[GA][Iter5] Gen:7 Ind:6 RMSE(val)=100.925239
[GA][Iter5] Gen:7 Ind:7 RMSE(val)=101.102081
[GA][Iter5] Gen:7 Ind:8 RMSE(val)=101.103603
[GA][Iter5] Gen:7 Ind:9 RMSE(val)=101.120990
[GA][Iter5] Gen:7 Ind:10 RMSE(val)=101.120990
[GA][Iter5] Gen:7 Ind:11 RMSE(val)=101.549639
[GA][Iter5] Gen:7 Ind:12 RMSE(val)=101.120990
[GA][Iter5] Gen:7 Ind:13 RMSE(val)=101.120990
[GA][Iter5] Gen:7 Ind:14 RMSE(val)=100.807851
[GA][Iter5] Gen:7 Ind:15 RMSE(val)=101.155315
[GA][Iter5] Gen:7 Ind:16 RMSE(val)=101.173179
[GA][Iter5] Gen:7 Ind:17 RMSE(val)=101.305288
[GA][Iter5] Gen:7 Ind:18 RMSE(val)=100.609604
[GA][Iter5] Gen:7 Ind:19 RMSE(val)=100.934194
[GA][Iter5] Gen:7 Ind:20 RMSE(val)=100.527298
[GA][Iter5] gen=7 best_val_rmse=100.527298
[GA][Iter5] Gen:8 Ind:1 RMSE(val)=100.527298
[GA][Iter5] Gen:8 Ind:2 RMSE(val)=100.609604
[GA][Iter5] Gen:8 Ind:3 RMSE(val)=100.677530
[GA][Iter5] Gen:8 Ind:4 RMSE(val)=100.742769
[GA][Iter5] Gen:8 Ind:5 RMSE(val)=100.768187
[GA][Iter5] Gen:8 Ind:6 RMSE(val)=100.807851
[GA][Iter5] Gen:8 Ind:7 RMSE(val)=100.849377
[GA][Iter5] Gen:8 Ind:8 RMSE(val)=100.868549
[GA][Iter5] Gen:8 Ind:9 RMSE(val)=100.925239
[GA][Iter5] Gen:8 Ind:10 RMSE(val)=100.934194
[GA][Iter5] Gen:8 Ind:11 RMSE(val)=100.847558
[GA][Iter5] Gen:8 Ind:12 RMSE(val)=101.116363
[GA][Iter5] Gen:8 Ind:13 RMSE(val)=101.616871
[GA][Iter5] Gen:8 Ind:14 RMSE(val)=100.903347
[GA][Iter5] Gen:8 Ind:15 RMSE(val)=100.759882
[GA][Iter5] Gen:8 Ind:16 RMSE(val)=100.539186
[GA][Iter5] Gen:8 Ind:17 RMSE(val)=100.825282
[GA][Iter5] Gen:8 Ind:18 RMSE(val)=100.917680
[GA][Iter5] Gen:8 Ind:19 RMSE(val)=101.045969
[GA][Iter5] Gen:8 Ind:20 RMSE(val)=100.585926
[GA][Iter5] gen=8 best_val_rmse=100.527298
[GA][Iter5] Gen:9 Ind:1 RMSE(val)=100.527298
[GA][Iter5] Gen:9 Ind:2 RMSE(val)=100.539186
[GA][Iter5] Gen:9 Ind:3 RMSE(val)=100.585926
[GA][Iter5] Gen:9 Ind:4 RMSE(val)=100.609604
[GA][Iter5] Gen:9 Ind:5 RMSE(val)=100.677530
[GA][Iter5] Gen:9 Ind:6 RMSE(val)=100.742769
[GA][Iter5] Gen:9 Ind:7 RMSE(val)=100.759882
[GA][Iter5] Gen:9 Ind:8 RMSE(val)=100.768187
[GA][Iter5] Gen:9 Ind:9 RMSE(val)=100.807851
[GA][Iter5] Gen:9 Ind:10 RMSE(val)=100.825282
[GA][Iter5] Gen:9 Ind:11 RMSE(val)=100.789966
[GA][Iter5] Gen:9 Ind:12 RMSE(val)=101.186499
[GA][Iter5] Gen:9 Ind:13 RMSE(val)=101.994562
[GA][Iter5] Gen:9 Ind:14 RMSE(val)=100.687327
[GA][Iter5] Gen:9 Ind:15 RMSE(val)=100.825282
[GA][Iter5] Gen:9 Ind:16 RMSE(val)=100.968226
[GA][Iter5] Gen:9 Ind:17 RMSE(val)=101.092842
[GA][Iter5] Gen:9 Ind:18 RMSE(val)=100.393343
[GA][Iter5] Gen:9 Ind:19 RMSE(val)=100.413872
[GA][Iter5] Gen:9 Ind:20 RMSE(val)=100.748636
[GA][Iter5] gen=9 best_val_rmse=100.393343
[GA][Iter5] Gen:10 Ind:1 RMSE(val)=100.393343
[GA][Iter5] Gen:10 Ind:2 RMSE(val)=100.413872
[GA][Iter5] Gen:10 Ind:3 RMSE(val)=100.527298
[GA][Iter5] Gen:10 Ind:4 RMSE(val)=100.539186
[GA][Iter5] Gen:10 Ind:5 RMSE(val)=100.585926
[GA][Iter5] Gen:10 Ind:6 RMSE(val)=100.609604
[GA][Iter5] Gen:10 Ind:7 RMSE(val)=100.677530
[GA][Iter5] Gen:10 Ind:8 RMSE(val)=100.687327
[GA][Iter5] Gen:10 Ind:9 RMSE(val)=100.742769
[GA][Iter5] Gen:10 Ind:10 RMSE(val)=100.748636
[GA][Iter5] Gen:10 Ind:11 RMSE(val)=102.547036
[GA][Iter5] Gen:10 Ind:12 RMSE(val)=100.378661
[GA][Iter5] Gen:10 Ind:13 RMSE(val)=101.121670
[GA][Iter5] Gen:10 Ind:14 RMSE(val)=100.984155
[GA][Iter5] Gen:10 Ind:15 RMSE(val)=101.121670
[GA][Iter5] Gen:10 Ind:16 RMSE(val)=99.869827
[GA][Iter5] Gen:10 Ind:17 RMSE(val)=100.585926
[GA][Iter5] Gen:10 Ind:18 RMSE(val)=101.086327
[GA][Iter5] Gen:10 Ind:19 RMSE(val)=100.440847
[GA][Iter5] Gen:10 Ind:20 RMSE(val)=100.089395
[GA][Iter5] gen=10 best_val_rmse=99.869827
[GA][Iter5] Gen:11 Ind:1 RMSE(val)=99.869827
[GA][Iter5] Gen:11 Ind:2 RMSE(val)=100.089395
[GA][Iter5] Gen:11 Ind:3 RMSE(val)=100.378661
[GA][Iter5] Gen:11 Ind:4 RMSE(val)=100.393343
[GA][Iter5] Gen:11 Ind:5 RMSE(val)=100.413872
[GA][Iter5] Gen:11 Ind:6 RMSE(val)=100.440847
[GA][Iter5] Gen:11 Ind:7 RMSE(val)=100.527298
[GA][Iter5] Gen:11 Ind:8 RMSE(val)=100.539186
[GA][Iter5] Gen:11 Ind:9 RMSE(val)=100.585926
[GA][Iter5] Gen:11 Ind:10 RMSE(val)=100.585926
[GA][Iter5] Gen:11 Ind:11 RMSE(val)=100.452557
[GA][Iter5] Gen:11 Ind:12 RMSE(val)=100.413896
[GA][Iter5] Gen:11 Ind:13 RMSE(val)=101.014060
[GA][Iter5] Gen:11 Ind:14 RMSE(val)=100.576585
[GA][Iter5] Gen:11 Ind:15 RMSE(val)=100.142569
[GA][Iter5] Gen:11 Ind:16 RMSE(val)=100.356109
[GA][Iter5] Gen:11 Ind:17 RMSE(val)=100.405313
[GA][Iter5] Gen:11 Ind:18 RMSE(val)=100.861465
[GA][Iter5] Gen:11 Ind:19 RMSE(val)=100.104009
[GA][Iter5] Gen:11 Ind:20 RMSE(val)=100.553541
[GA][Iter5] gen=11 best_val_rmse=99.869827
[GA][Iter5] Gen:12 Ind:1 RMSE(val)=99.869827
[GA][Iter5] Gen:12 Ind:2 RMSE(val)=100.089395
[GA][Iter5] Gen:12 Ind:3 RMSE(val)=100.104009
[GA][Iter5] Gen:12 Ind:4 RMSE(val)=100.142569
[GA][Iter5] Gen:12 Ind:5 RMSE(val)=100.356109
[GA][Iter5] Gen:12 Ind:6 RMSE(val)=100.378661
[GA][Iter5] Gen:12 Ind:7 RMSE(val)=100.393343
[GA][Iter5] Gen:12 Ind:8 RMSE(val)=100.405313
[GA][Iter5] Gen:12 Ind:9 RMSE(val)=100.413872
[GA][Iter5] Gen:12 Ind:10 RMSE(val)=100.413896
[GA][Iter5] Gen:12 Ind:11 RMSE(val)=101.136422
[GA][Iter5] Gen:12 Ind:12 RMSE(val)=100.082036
[GA][Iter5] Gen:12 Ind:13 RMSE(val)=100.293938
[GA][Iter5] Gen:12 Ind:14 RMSE(val)=100.285045
[GA][Iter5] Gen:12 Ind:15 RMSE(val)=99.992812
[GA][Iter5] Gen:12 Ind:16 RMSE(val)=100.691300
[GA][Iter5] Gen:12 Ind:17 RMSE(val)=100.155300
[GA][Iter5] Gen:12 Ind:18 RMSE(val)=100.137243
[GA][Iter5] Gen:12 Ind:19 RMSE(val)=100.430233
[GA][Iter5] Gen:12 Ind:20 RMSE(val)=100.761914
[GA][Iter5] gen=12 best_val_rmse=99.869827
[GA][Iter5] Gen:13 Ind:1 RMSE(val)=99.869827
[GA][Iter5] Gen:13 Ind:2 RMSE(val)=99.992812
[GA][Iter5] Gen:13 Ind:3 RMSE(val)=100.082036
[GA][Iter5] Gen:13 Ind:4 RMSE(val)=100.089395
[GA][Iter5] Gen:13 Ind:5 RMSE(val)=100.104009
[GA][Iter5] Gen:13 Ind:6 RMSE(val)=100.137243
[GA][Iter5] Gen:13 Ind:7 RMSE(val)=100.142569
[GA][Iter5] Gen:13 Ind:8 RMSE(val)=100.155300
[GA][Iter5] Gen:13 Ind:9 RMSE(val)=100.285045
[GA][Iter5] Gen:13 Ind:10 RMSE(val)=100.293938
[GA][Iter5] Gen:13 Ind:11 RMSE(val)=99.779269
[GA][Iter5] Gen:13 Ind:12 RMSE(val)=100.655212
[GA][Iter5] Gen:13 Ind:13 RMSE(val)=99.354090
[GA][Iter5] Gen:13 Ind:14 RMSE(val)=100.137243
[GA][Iter5] Gen:13 Ind:15 RMSE(val)=100.544381
[GA][Iter5] Gen:13 Ind:16 RMSE(val)=100.594372
[GA][Iter5] Gen:13 Ind:17 RMSE(val)=100.240114
[GA][Iter5] Gen:13 Ind:18 RMSE(val)=100.328719
[GA][Iter5] Gen:13 Ind:19 RMSE(val)=100.137243
[GA][Iter5] Gen:13 Ind:20 RMSE(val)=100.243084
[GA][Iter5] gen=13 best_val_rmse=99.354090
[GA][Iter5] Gen:14 Ind:1 RMSE(val)=99.354090
[GA][Iter5] Gen:14 Ind:2 RMSE(val)=99.779269
[GA][Iter5] Gen:14 Ind:3 RMSE(val)=99.869827
[GA][Iter5] Gen:14 Ind:4 RMSE(val)=99.992812
[GA][Iter5] Gen:14 Ind:5 RMSE(val)=100.082036
[GA][Iter5] Gen:14 Ind:6 RMSE(val)=100.089395
[GA][Iter5] Gen:14 Ind:7 RMSE(val)=100.104009
[GA][Iter5] Gen:14 Ind:8 RMSE(val)=100.137243
[GA][Iter5] Gen:14 Ind:9 RMSE(val)=100.137243
[GA][Iter5] Gen:14 Ind:10 RMSE(val)=100.137243
[GA][Iter5] Gen:14 Ind:11 RMSE(val)=100.785528
[GA][Iter5] Gen:14 Ind:12 RMSE(val)=99.603855
[GA][Iter5] Gen:14 Ind:13 RMSE(val)=100.420938
[GA][Iter5] Gen:14 Ind:14 RMSE(val)=100.089395
[GA][Iter5] Gen:14 Ind:15 RMSE(val)=100.089395
[GA][Iter5] Gen:14 Ind:16 RMSE(val)=100.137243
[GA][Iter5] Gen:14 Ind:17 RMSE(val)=99.976330
[GA][Iter5] Gen:14 Ind:18 RMSE(val)=99.920011
[GA][Iter5] Gen:14 Ind:19 RMSE(val)=100.671837
[GA][Iter5] Gen:14 Ind:20 RMSE(val)=100.334924
[GA][Iter5] gen=14 best_val_rmse=99.354090
[GA][Iter5] Gen:15 Ind:1 RMSE(val)=99.354090
[GA][Iter5] Gen:15 Ind:2 RMSE(val)=99.603855
[GA][Iter5] Gen:15 Ind:3 RMSE(val)=99.779269
[GA][Iter5] Gen:15 Ind:4 RMSE(val)=99.869827
[GA][Iter5] Gen:15 Ind:5 RMSE(val)=99.920011
[GA][Iter5] Gen:15 Ind:6 RMSE(val)=99.976330
[GA][Iter5] Gen:15 Ind:7 RMSE(val)=99.992812
[GA][Iter5] Gen:15 Ind:8 RMSE(val)=100.082036
[GA][Iter5] Gen:15 Ind:9 RMSE(val)=100.089395
[GA][Iter5] Gen:15 Ind:10 RMSE(val)=100.089395
[GA][Iter5] Gen:15 Ind:11 RMSE(val)=100.506440
[GA][Iter5] Gen:15 Ind:12 RMSE(val)=99.898418
[GA][Iter5] Gen:15 Ind:13 RMSE(val)=100.104825
[GA][Iter5] Gen:15 Ind:14 RMSE(val)=100.702604
[GA][Iter5] Gen:15 Ind:15 RMSE(val)=99.761469
[GA][Iter5] Gen:15 Ind:16 RMSE(val)=100.474641
[GA][Iter5] Gen:15 Ind:17 RMSE(val)=99.747005
[GA][Iter5] Gen:15 Ind:18 RMSE(val)=99.950629
[GA][Iter5] Gen:15 Ind:19 RMSE(val)=99.747005
[GA][Iter5] Gen:15 Ind:20 RMSE(val)=100.393838
[GA][Iter5] gen=15 best_val_rmse=99.354090
[GA][Iter5] Gen:15 Ind:1 RMSE(val)=99.354090
[GA][Iter5] Gen:15 Ind:2 RMSE(val)=99.603855
[GA][Iter5] Gen:15 Ind:3 RMSE(val)=99.747005
[GA][Iter5] Gen:15 Ind:4 RMSE(val)=99.747005
[GA][Iter5] Gen:15 Ind:5 RMSE(val)=99.761469
[GA][Iter5] Gen:15 Ind:6 RMSE(val)=99.779269
[GA][Iter5] Gen:15 Ind:7 RMSE(val)=99.869827
[GA][Iter5] Gen:15 Ind:8 RMSE(val)=99.898418
[GA][Iter5] Gen:15 Ind:9 RMSE(val)=99.920011
[GA][Iter5] Gen:15 Ind:10 RMSE(val)=99.950629
[GA][Iter5] Gen:15 Ind:11 RMSE(val)=99.934997
[GA][Iter5] Gen:15 Ind:12 RMSE(val)=100.597492
[GA][Iter5] Gen:15 Ind:13 RMSE(val)=99.726459
[GA][Iter5] Gen:15 Ind:14 RMSE(val)=100.090083
[GA][Iter5] Gen:15 Ind:15 RMSE(val)=99.905997
[GA][Iter5] Gen:15 Ind:16 RMSE(val)=99.615180
[GA][Iter5] Gen:15 Ind:17 RMSE(val)=100.619313
[GA][Iter5] Gen:15 Ind:18 RMSE(val)=100.046593
[GA][Iter5] Gen:15 Ind:19 RMSE(val)=99.987531
[GA][Iter5] Gen:15 Ind:20 RMSE(val)=99.244367

[GA DONE][Iter5] Best params on val fold of Iter5
Best val RMSE: 99.244367
Best params: {'n_estimators': 1979, 'learning_rate': 0.07056977664783903, 'max_depth': 8, 'min_child_weight': 7.401458141631862, 'subsample': 0.6187858289644347, 'colsample_bytree': 0.6916192287856417, 'reg_lambda': 7.19669945642067, 'reg_alpha': 0.02430822760913047, 'gamma': 0.01968201136336348}
--------------------------------------------------------------------------------
[RETUNE GA] Iter5: train folds 1..9 -> test fold 10  RMSE=39.412570  NRMSE=1.085459  CVRMSE=0.034252  R2=-0.192082
