=== BASELINE (project=filterlists, last-7 mean, expanding folds) ===
Iter1: train folds 1..5 -> test fold 6  RMSE=40.2658  NRMSE=1.0256  CVRMSE=0.5243  R˛=-0.0632
Iter2: train folds 1..6 -> test fold 7  RMSE=48.4089  NRMSE=1.0567  CVRMSE=0.4445  R˛=-0.1289
Iter3: train folds 1..7 -> test fold 8  RMSE=42.6465  NRMSE=1.0572  CVRMSE=0.4042  R˛=-0.1299
Iter4: train folds 1..8 -> test fold 9  RMSE=54.0967  NRMSE=1.0492  CVRMSE=0.4844  R˛=-0.1128
Iter5: train folds 1..9 -> test fold 10  RMSE=41.0037  NRMSE=1.0631  CVRMSE=0.4044  R˛=-0.1424
--------------------------------------------------
[FEATURES] initial=91 kept_after_screening=29
['workflow_event_trigger', 'issuer_name', 'gh_files_added', 'gh_is_pr', 'gh_sloc', 'gh_description_complexity', 'gh_src_files', 'gh_other_files', 'git_num_committers', 'total_jobs', 'gh_team_size_last_3_month', 'gh_num_pr_comments', 'gh_test_lines_per_kloc', 'hour', 'dow', 'month', 'secs_since_prev', 'duration_lag_1', 'duration_lag_3', 'duration_lag_4', 'duration_lag_5', 'duration_lag_6', 'window_avg_7', 'window_std_7', 'window_avg_3', 'window_std_3', 'ft___yml_', 'ft____json_', 'ft____sh_']
--------------------------------------------------------------------------------
[GA][Iter1] Gen:1 Ind:1 RMSE(val)=10.849949
[GA][Iter1] Gen:1 Ind:2 RMSE(val)=9.695700
[GA][Iter1] Gen:1 Ind:3 RMSE(val)=9.240227
[GA][Iter1] Gen:1 Ind:4 RMSE(val)=11.320551
[GA][Iter1] Gen:1 Ind:5 RMSE(val)=10.690088
[GA][Iter1] Gen:1 Ind:6 RMSE(val)=8.929379
[GA][Iter1] Gen:1 Ind:7 RMSE(val)=12.038501
[GA][Iter1] Gen:1 Ind:8 RMSE(val)=10.204209
[GA][Iter1] Gen:1 Ind:9 RMSE(val)=9.717742
[GA][Iter1] Gen:1 Ind:10 RMSE(val)=10.829111
[GA][Iter1] Gen:1 Ind:11 RMSE(val)=10.864628
[GA][Iter1] Gen:1 Ind:12 RMSE(val)=9.680152
[GA][Iter1] Gen:1 Ind:13 RMSE(val)=10.728410
[GA][Iter1] Gen:1 Ind:14 RMSE(val)=9.599732
[GA][Iter1] Gen:1 Ind:15 RMSE(val)=10.183071
[GA][Iter1] Gen:1 Ind:16 RMSE(val)=11.214623
[GA][Iter1] Gen:1 Ind:17 RMSE(val)=10.235417
[GA][Iter1] Gen:1 Ind:18 RMSE(val)=10.692490
[GA][Iter1] Gen:1 Ind:19 RMSE(val)=8.723978
[GA][Iter1] Gen:1 Ind:20 RMSE(val)=9.852129
[GA][Iter1] gen=1 best_val_rmse=8.723978
[GA][Iter1] Gen:2 Ind:1 RMSE(val)=8.723978
[GA][Iter1] Gen:2 Ind:2 RMSE(val)=8.929379
[GA][Iter1] Gen:2 Ind:3 RMSE(val)=9.240227
[GA][Iter1] Gen:2 Ind:4 RMSE(val)=9.599732
[GA][Iter1] Gen:2 Ind:5 RMSE(val)=9.680152
[GA][Iter1] Gen:2 Ind:6 RMSE(val)=9.695700
[GA][Iter1] Gen:2 Ind:7 RMSE(val)=9.717742
[GA][Iter1] Gen:2 Ind:8 RMSE(val)=9.852129
[GA][Iter1] Gen:2 Ind:9 RMSE(val)=10.183071
[GA][Iter1] Gen:2 Ind:10 RMSE(val)=10.204209
[GA][Iter1] Gen:2 Ind:11 RMSE(val)=9.904062
[GA][Iter1] Gen:2 Ind:12 RMSE(val)=9.568566
[GA][Iter1] Gen:2 Ind:13 RMSE(val)=9.095631
[GA][Iter1] Gen:2 Ind:14 RMSE(val)=10.172049
[GA][Iter1] Gen:2 Ind:15 RMSE(val)=9.529187
[GA][Iter1] Gen:2 Ind:16 RMSE(val)=9.687922
[GA][Iter1] Gen:2 Ind:17 RMSE(val)=9.266269
[GA][Iter1] Gen:2 Ind:18 RMSE(val)=10.783121
[GA][Iter1] Gen:2 Ind:19 RMSE(val)=9.741658
[GA][Iter1] Gen:2 Ind:20 RMSE(val)=9.129030
[GA][Iter1] gen=2 best_val_rmse=8.723978
[GA][Iter1] Gen:3 Ind:1 RMSE(val)=8.723978
[GA][Iter1] Gen:3 Ind:2 RMSE(val)=8.929379
[GA][Iter1] Gen:3 Ind:3 RMSE(val)=9.095631
[GA][Iter1] Gen:3 Ind:4 RMSE(val)=9.129030
[GA][Iter1] Gen:3 Ind:5 RMSE(val)=9.240227
[GA][Iter1] Gen:3 Ind:6 RMSE(val)=9.266269
[GA][Iter1] Gen:3 Ind:7 RMSE(val)=9.529187
[GA][Iter1] Gen:3 Ind:8 RMSE(val)=9.568566
[GA][Iter1] Gen:3 Ind:9 RMSE(val)=9.599732
[GA][Iter1] Gen:3 Ind:10 RMSE(val)=9.680152
[GA][Iter1] Gen:3 Ind:11 RMSE(val)=9.760954
[GA][Iter1] Gen:3 Ind:12 RMSE(val)=9.395969
[GA][Iter1] Gen:3 Ind:13 RMSE(val)=9.155538
[GA][Iter1] Gen:3 Ind:14 RMSE(val)=9.118698
[GA][Iter1] Gen:3 Ind:15 RMSE(val)=8.910616
[GA][Iter1] Gen:3 Ind:16 RMSE(val)=9.086159
[GA][Iter1] Gen:3 Ind:17 RMSE(val)=9.787303
[GA][Iter1] Gen:3 Ind:18 RMSE(val)=9.144106
[GA][Iter1] Gen:3 Ind:19 RMSE(val)=10.006934
[GA][Iter1] Gen:3 Ind:20 RMSE(val)=9.146625
[GA][Iter1] gen=3 best_val_rmse=8.723978
[GA][Iter1] Gen:4 Ind:1 RMSE(val)=8.723978
[GA][Iter1] Gen:4 Ind:2 RMSE(val)=8.910616
[GA][Iter1] Gen:4 Ind:3 RMSE(val)=8.929379
[GA][Iter1] Gen:4 Ind:4 RMSE(val)=9.086159
[GA][Iter1] Gen:4 Ind:5 RMSE(val)=9.095631
[GA][Iter1] Gen:4 Ind:6 RMSE(val)=9.118698
[GA][Iter1] Gen:4 Ind:7 RMSE(val)=9.129030
[GA][Iter1] Gen:4 Ind:8 RMSE(val)=9.144106
[GA][Iter1] Gen:4 Ind:9 RMSE(val)=9.146625
[GA][Iter1] Gen:4 Ind:10 RMSE(val)=9.155538
[GA][Iter1] Gen:4 Ind:11 RMSE(val)=8.712945
[GA][Iter1] Gen:4 Ind:12 RMSE(val)=8.723811
[GA][Iter1] Gen:4 Ind:13 RMSE(val)=9.146625
[GA][Iter1] Gen:4 Ind:14 RMSE(val)=9.594224
[GA][Iter1] Gen:4 Ind:15 RMSE(val)=8.772442
[GA][Iter1] Gen:4 Ind:16 RMSE(val)=9.208933
[GA][Iter1] Gen:4 Ind:17 RMSE(val)=9.076599
[GA][Iter1] Gen:4 Ind:18 RMSE(val)=9.281629
[GA][Iter1] Gen:4 Ind:19 RMSE(val)=9.108746
[GA][Iter1] Gen:4 Ind:20 RMSE(val)=9.240424
[GA][Iter1] gen=4 best_val_rmse=8.712945
[GA][Iter1] Gen:5 Ind:1 RMSE(val)=8.712945
[GA][Iter1] Gen:5 Ind:2 RMSE(val)=8.723811
[GA][Iter1] Gen:5 Ind:3 RMSE(val)=8.723978
[GA][Iter1] Gen:5 Ind:4 RMSE(val)=8.772442
[GA][Iter1] Gen:5 Ind:5 RMSE(val)=8.910616
[GA][Iter1] Gen:5 Ind:6 RMSE(val)=8.929379
[GA][Iter1] Gen:5 Ind:7 RMSE(val)=9.076599
[GA][Iter1] Gen:5 Ind:8 RMSE(val)=9.086159
[GA][Iter1] Gen:5 Ind:9 RMSE(val)=9.095631
[GA][Iter1] Gen:5 Ind:10 RMSE(val)=9.108746
[GA][Iter1] Gen:5 Ind:11 RMSE(val)=9.183668
[GA][Iter1] Gen:5 Ind:12 RMSE(val)=10.020433
[GA][Iter1] Gen:5 Ind:13 RMSE(val)=9.144428
[GA][Iter1] Gen:5 Ind:14 RMSE(val)=8.723295
[GA][Iter1] Gen:5 Ind:15 RMSE(val)=9.046530
[GA][Iter1] Gen:5 Ind:16 RMSE(val)=9.086901
[GA][Iter1] Gen:5 Ind:17 RMSE(val)=8.992486
[GA][Iter1] Gen:5 Ind:18 RMSE(val)=9.569142
[GA][Iter1] Gen:5 Ind:19 RMSE(val)=9.490812
[GA][Iter1] Gen:5 Ind:20 RMSE(val)=9.231216
[GA][Iter1] gen=5 best_val_rmse=8.712945
[GA][Iter1] Gen:6 Ind:1 RMSE(val)=8.712945
[GA][Iter1] Gen:6 Ind:2 RMSE(val)=8.723295
[GA][Iter1] Gen:6 Ind:3 RMSE(val)=8.723811
[GA][Iter1] Gen:6 Ind:4 RMSE(val)=8.723978
[GA][Iter1] Gen:6 Ind:5 RMSE(val)=8.772442
[GA][Iter1] Gen:6 Ind:6 RMSE(val)=8.910616
[GA][Iter1] Gen:6 Ind:7 RMSE(val)=8.929379
[GA][Iter1] Gen:6 Ind:8 RMSE(val)=8.992486
[GA][Iter1] Gen:6 Ind:9 RMSE(val)=9.046530
[GA][Iter1] Gen:6 Ind:10 RMSE(val)=9.076599
[GA][Iter1] Gen:6 Ind:11 RMSE(val)=9.782949
[GA][Iter1] Gen:6 Ind:12 RMSE(val)=8.731175
[GA][Iter1] Gen:6 Ind:13 RMSE(val)=8.847153
[GA][Iter1] Gen:6 Ind:14 RMSE(val)=8.943233
[GA][Iter1] Gen:6 Ind:15 RMSE(val)=8.515640
[GA][Iter1] Gen:6 Ind:16 RMSE(val)=8.992686
[GA][Iter1] Gen:6 Ind:17 RMSE(val)=9.826405
[GA][Iter1] Gen:6 Ind:18 RMSE(val)=9.061316
[GA][Iter1] Gen:6 Ind:19 RMSE(val)=10.082479
[GA][Iter1] Gen:6 Ind:20 RMSE(val)=8.499760
[GA][Iter1] gen=6 best_val_rmse=8.499760
[GA][Iter1] Gen:7 Ind:1 RMSE(val)=8.499760
[GA][Iter1] Gen:7 Ind:2 RMSE(val)=8.515640
[GA][Iter1] Gen:7 Ind:3 RMSE(val)=8.712945
[GA][Iter1] Gen:7 Ind:4 RMSE(val)=8.723295
[GA][Iter1] Gen:7 Ind:5 RMSE(val)=8.723811
[GA][Iter1] Gen:7 Ind:6 RMSE(val)=8.723978
[GA][Iter1] Gen:7 Ind:7 RMSE(val)=8.731175
[GA][Iter1] Gen:7 Ind:8 RMSE(val)=8.772442
[GA][Iter1] Gen:7 Ind:9 RMSE(val)=8.847153
[GA][Iter1] Gen:7 Ind:10 RMSE(val)=8.910616
[GA][Iter1] Gen:7 Ind:11 RMSE(val)=8.847509
[GA][Iter1] Gen:7 Ind:12 RMSE(val)=8.780611
[GA][Iter1] Gen:7 Ind:13 RMSE(val)=9.259578
[GA][Iter1] Gen:7 Ind:14 RMSE(val)=8.515640
[GA][Iter1] Gen:7 Ind:15 RMSE(val)=8.712129
[GA][Iter1] Gen:7 Ind:16 RMSE(val)=8.723295
[GA][Iter1] Gen:7 Ind:17 RMSE(val)=8.723978
[GA][Iter1] Gen:7 Ind:18 RMSE(val)=8.766745
[GA][Iter1] Gen:7 Ind:19 RMSE(val)=8.478801
[GA][Iter1] Gen:7 Ind:20 RMSE(val)=8.497870
[GA][Iter1] gen=7 best_val_rmse=8.478801
[GA][Iter1] Gen:8 Ind:1 RMSE(val)=8.478801
[GA][Iter1] Gen:8 Ind:2 RMSE(val)=8.497870
[GA][Iter1] Gen:8 Ind:3 RMSE(val)=8.499760
[GA][Iter1] Gen:8 Ind:4 RMSE(val)=8.515640
[GA][Iter1] Gen:8 Ind:5 RMSE(val)=8.515640
[GA][Iter1] Gen:8 Ind:6 RMSE(val)=8.712129
[GA][Iter1] Gen:8 Ind:7 RMSE(val)=8.712945
[GA][Iter1] Gen:8 Ind:8 RMSE(val)=8.723295
[GA][Iter1] Gen:8 Ind:9 RMSE(val)=8.723295
[GA][Iter1] Gen:8 Ind:10 RMSE(val)=8.723811
[GA][Iter1] Gen:8 Ind:11 RMSE(val)=8.515360
[GA][Iter1] Gen:8 Ind:12 RMSE(val)=8.727399
[GA][Iter1] Gen:8 Ind:13 RMSE(val)=8.511327
[GA][Iter1] Gen:8 Ind:14 RMSE(val)=8.727345
[GA][Iter1] Gen:8 Ind:15 RMSE(val)=8.525556
[GA][Iter1] Gen:8 Ind:16 RMSE(val)=8.497870
[GA][Iter1] Gen:8 Ind:17 RMSE(val)=8.709241
[GA][Iter1] Gen:8 Ind:18 RMSE(val)=8.728192
[GA][Iter1] Gen:8 Ind:19 RMSE(val)=8.723811
[GA][Iter1] Gen:8 Ind:20 RMSE(val)=8.735424
[GA][Iter1] gen=8 best_val_rmse=8.478801
[GA][Iter1] Gen:9 Ind:1 RMSE(val)=8.478801
[GA][Iter1] Gen:9 Ind:2 RMSE(val)=8.497870
[GA][Iter1] Gen:9 Ind:3 RMSE(val)=8.497870
[GA][Iter1] Gen:9 Ind:4 RMSE(val)=8.499760
[GA][Iter1] Gen:9 Ind:5 RMSE(val)=8.511327
[GA][Iter1] Gen:9 Ind:6 RMSE(val)=8.515360
[GA][Iter1] Gen:9 Ind:7 RMSE(val)=8.515640
[GA][Iter1] Gen:9 Ind:8 RMSE(val)=8.515640
[GA][Iter1] Gen:9 Ind:9 RMSE(val)=8.525556
[GA][Iter1] Gen:9 Ind:10 RMSE(val)=8.709241
[GA][Iter1] Gen:9 Ind:11 RMSE(val)=8.543960
[GA][Iter1] Gen:9 Ind:12 RMSE(val)=8.522539
[GA][Iter1] Gen:9 Ind:13 RMSE(val)=8.560025
[GA][Iter1] Gen:9 Ind:14 RMSE(val)=8.496797
[GA][Iter1] Gen:9 Ind:15 RMSE(val)=8.728393
[GA][Iter1] Gen:9 Ind:16 RMSE(val)=8.515640
[GA][Iter1] Gen:9 Ind:17 RMSE(val)=8.611579
[GA][Iter1] Gen:9 Ind:18 RMSE(val)=8.508443
[GA][Iter1] Gen:9 Ind:19 RMSE(val)=8.515417
[GA][Iter1] Gen:9 Ind:20 RMSE(val)=8.724227
[GA][Iter1] gen=9 best_val_rmse=8.478801
[GA][Iter1] Gen:10 Ind:1 RMSE(val)=8.478801
[GA][Iter1] Gen:10 Ind:2 RMSE(val)=8.496797
[GA][Iter1] Gen:10 Ind:3 RMSE(val)=8.497870
[GA][Iter1] Gen:10 Ind:4 RMSE(val)=8.497870
[GA][Iter1] Gen:10 Ind:5 RMSE(val)=8.499760
[GA][Iter1] Gen:10 Ind:6 RMSE(val)=8.508443
[GA][Iter1] Gen:10 Ind:7 RMSE(val)=8.511327
[GA][Iter1] Gen:10 Ind:8 RMSE(val)=8.515360
[GA][Iter1] Gen:10 Ind:9 RMSE(val)=8.515417
[GA][Iter1] Gen:10 Ind:10 RMSE(val)=8.515640
[GA][Iter1] Gen:10 Ind:11 RMSE(val)=8.576899
[GA][Iter1] Gen:10 Ind:12 RMSE(val)=8.507087
[GA][Iter1] Gen:10 Ind:13 RMSE(val)=8.491846
[GA][Iter1] Gen:10 Ind:14 RMSE(val)=8.728475
[GA][Iter1] Gen:10 Ind:15 RMSE(val)=8.497870
[GA][Iter1] Gen:10 Ind:16 RMSE(val)=8.515640
[GA][Iter1] Gen:10 Ind:17 RMSE(val)=8.494311
[GA][Iter1] Gen:10 Ind:18 RMSE(val)=8.518060
[GA][Iter1] Gen:10 Ind:19 RMSE(val)=8.496797
[GA][Iter1] Gen:10 Ind:20 RMSE(val)=8.515640
[GA][Iter1] gen=10 best_val_rmse=8.478801
[GA][Iter1] Gen:11 Ind:1 RMSE(val)=8.478801
[GA][Iter1] Gen:11 Ind:2 RMSE(val)=8.491846
[GA][Iter1] Gen:11 Ind:3 RMSE(val)=8.494311
[GA][Iter1] Gen:11 Ind:4 RMSE(val)=8.496797
[GA][Iter1] Gen:11 Ind:5 RMSE(val)=8.496797
[GA][Iter1] Gen:11 Ind:6 RMSE(val)=8.497870
[GA][Iter1] Gen:11 Ind:7 RMSE(val)=8.497870
[GA][Iter1] Gen:11 Ind:8 RMSE(val)=8.497870
[GA][Iter1] Gen:11 Ind:9 RMSE(val)=8.499760
[GA][Iter1] Gen:11 Ind:10 RMSE(val)=8.507087
[GA][Iter1] Gen:11 Ind:11 RMSE(val)=8.503158
[GA][Iter1] Gen:11 Ind:12 RMSE(val)=8.497870
[GA][Iter1] Gen:11 Ind:13 RMSE(val)=8.599104
[GA][Iter1] Gen:11 Ind:14 RMSE(val)=8.493539
[GA][Iter1] Gen:11 Ind:15 RMSE(val)=8.496912
[GA][Iter1] Gen:11 Ind:16 RMSE(val)=8.494311
[GA][Iter1] Gen:11 Ind:17 RMSE(val)=8.498063
[GA][Iter1] Gen:11 Ind:18 RMSE(val)=8.498279
[GA][Iter1] Gen:11 Ind:19 RMSE(val)=8.489408
[GA][Iter1] Gen:11 Ind:20 RMSE(val)=8.508533
[GA][Iter1] gen=11 best_val_rmse=8.478801
[GA][Iter1] Gen:12 Ind:1 RMSE(val)=8.478801
[GA][Iter1] Gen:12 Ind:2 RMSE(val)=8.489408
[GA][Iter1] Gen:12 Ind:3 RMSE(val)=8.491846
[GA][Iter1] Gen:12 Ind:4 RMSE(val)=8.493539
[GA][Iter1] Gen:12 Ind:5 RMSE(val)=8.494311
[GA][Iter1] Gen:12 Ind:6 RMSE(val)=8.494311
[GA][Iter1] Gen:12 Ind:7 RMSE(val)=8.496797
[GA][Iter1] Gen:12 Ind:8 RMSE(val)=8.496797
[GA][Iter1] Gen:12 Ind:9 RMSE(val)=8.496912
[GA][Iter1] Gen:12 Ind:10 RMSE(val)=8.497870
[GA][Iter1] Gen:12 Ind:11 RMSE(val)=8.493235
[GA][Iter1] Gen:12 Ind:12 RMSE(val)=8.441300
[GA][Iter1] Gen:12 Ind:13 RMSE(val)=8.491846
[GA][Iter1] Gen:12 Ind:14 RMSE(val)=8.462744
[GA][Iter1] Gen:12 Ind:15 RMSE(val)=8.497870
[GA][Iter1] Gen:12 Ind:16 RMSE(val)=8.494580
[GA][Iter1] Gen:12 Ind:17 RMSE(val)=8.497870
[GA][Iter1] Gen:12 Ind:18 RMSE(val)=8.525556
[GA][Iter1] Gen:12 Ind:19 RMSE(val)=8.496797
[GA][Iter1] Gen:12 Ind:20 RMSE(val)=8.599191
[GA][Iter1] gen=12 best_val_rmse=8.441300
[GA][Iter1] Gen:13 Ind:1 RMSE(val)=8.441300
[GA][Iter1] Gen:13 Ind:2 RMSE(val)=8.462744
[GA][Iter1] Gen:13 Ind:3 RMSE(val)=8.478801
[GA][Iter1] Gen:13 Ind:4 RMSE(val)=8.489408
[GA][Iter1] Gen:13 Ind:5 RMSE(val)=8.491846
[GA][Iter1] Gen:13 Ind:6 RMSE(val)=8.491846
[GA][Iter1] Gen:13 Ind:7 RMSE(val)=8.493235
[GA][Iter1] Gen:13 Ind:8 RMSE(val)=8.493539
[GA][Iter1] Gen:13 Ind:9 RMSE(val)=8.494311
[GA][Iter1] Gen:13 Ind:10 RMSE(val)=8.494311
[GA][Iter1] Gen:13 Ind:11 RMSE(val)=8.491846
[GA][Iter1] Gen:13 Ind:12 RMSE(val)=8.460325
[GA][Iter1] Gen:13 Ind:13 RMSE(val)=8.494311
[GA][Iter1] Gen:13 Ind:14 RMSE(val)=8.491846
[GA][Iter1] Gen:13 Ind:15 RMSE(val)=8.490531
[GA][Iter1] Gen:13 Ind:16 RMSE(val)=8.494311
[GA][Iter1] Gen:13 Ind:17 RMSE(val)=8.441300
[GA][Iter1] Gen:13 Ind:18 RMSE(val)=8.491248
[GA][Iter1] Gen:13 Ind:19 RMSE(val)=8.491846
[GA][Iter1] Gen:13 Ind:20 RMSE(val)=8.494311
[GA][Iter1] gen=13 best_val_rmse=8.441300
[GA][Iter1] Gen:14 Ind:1 RMSE(val)=8.441300
[GA][Iter1] Gen:14 Ind:2 RMSE(val)=8.441300
[GA][Iter1] Gen:14 Ind:3 RMSE(val)=8.460325
[GA][Iter1] Gen:14 Ind:4 RMSE(val)=8.462744
[GA][Iter1] Gen:14 Ind:5 RMSE(val)=8.478801
[GA][Iter1] Gen:14 Ind:6 RMSE(val)=8.489408
[GA][Iter1] Gen:14 Ind:7 RMSE(val)=8.490531
[GA][Iter1] Gen:14 Ind:8 RMSE(val)=8.491248
[GA][Iter1] Gen:14 Ind:9 RMSE(val)=8.491846
[GA][Iter1] Gen:14 Ind:10 RMSE(val)=8.491846
[GA][Iter1] Gen:14 Ind:11 RMSE(val)=8.509588
[GA][Iter1] Gen:14 Ind:12 RMSE(val)=8.916879
[GA][Iter1] Gen:14 Ind:13 RMSE(val)=8.491846
[GA][Iter1] Gen:14 Ind:14 RMSE(val)=8.460325
[GA][Iter1] Gen:14 Ind:15 RMSE(val)=8.718728
[GA][Iter1] Gen:14 Ind:16 RMSE(val)=8.497870
[GA][Iter1] Gen:14 Ind:17 RMSE(val)=8.514390
[GA][Iter1] Gen:14 Ind:18 RMSE(val)=8.494311
[GA][Iter1] Gen:14 Ind:19 RMSE(val)=8.497870
[GA][Iter1] Gen:14 Ind:20 RMSE(val)=8.478950
[GA][Iter1] gen=14 best_val_rmse=8.441300
[GA][Iter1] Gen:15 Ind:1 RMSE(val)=8.441300
[GA][Iter1] Gen:15 Ind:2 RMSE(val)=8.441300
[GA][Iter1] Gen:15 Ind:3 RMSE(val)=8.460325
[GA][Iter1] Gen:15 Ind:4 RMSE(val)=8.460325
[GA][Iter1] Gen:15 Ind:5 RMSE(val)=8.462744
[GA][Iter1] Gen:15 Ind:6 RMSE(val)=8.478801
[GA][Iter1] Gen:15 Ind:7 RMSE(val)=8.478950
[GA][Iter1] Gen:15 Ind:8 RMSE(val)=8.489408
[GA][Iter1] Gen:15 Ind:9 RMSE(val)=8.490531
[GA][Iter1] Gen:15 Ind:10 RMSE(val)=8.491248
[GA][Iter1] Gen:15 Ind:11 RMSE(val)=8.491248
[GA][Iter1] Gen:15 Ind:12 RMSE(val)=8.505140
[GA][Iter1] Gen:15 Ind:13 RMSE(val)=8.490858
[GA][Iter1] Gen:15 Ind:14 RMSE(val)=8.681445
[GA][Iter1] Gen:15 Ind:15 RMSE(val)=8.454603
[GA][Iter1] Gen:15 Ind:16 RMSE(val)=8.462744
[GA][Iter1] Gen:15 Ind:17 RMSE(val)=8.465992
[GA][Iter1] Gen:15 Ind:18 RMSE(val)=8.462851
[GA][Iter1] Gen:15 Ind:19 RMSE(val)=8.462744
[GA][Iter1] Gen:15 Ind:20 RMSE(val)=8.494311
[GA][Iter1] gen=15 best_val_rmse=8.441300
[GA][Iter1] Gen:15 Ind:1 RMSE(val)=8.441300
[GA][Iter1] Gen:15 Ind:2 RMSE(val)=8.441300
[GA][Iter1] Gen:15 Ind:3 RMSE(val)=8.454603
[GA][Iter1] Gen:15 Ind:4 RMSE(val)=8.460325
[GA][Iter1] Gen:15 Ind:5 RMSE(val)=8.460325
[GA][Iter1] Gen:15 Ind:6 RMSE(val)=8.462744
[GA][Iter1] Gen:15 Ind:7 RMSE(val)=8.462744
[GA][Iter1] Gen:15 Ind:8 RMSE(val)=8.462744
[GA][Iter1] Gen:15 Ind:9 RMSE(val)=8.462851
[GA][Iter1] Gen:15 Ind:10 RMSE(val)=8.465992
[GA][Iter1] Gen:15 Ind:11 RMSE(val)=8.462851
[GA][Iter1] Gen:15 Ind:12 RMSE(val)=8.441300
[GA][Iter1] Gen:15 Ind:13 RMSE(val)=8.462851
[GA][Iter1] Gen:15 Ind:14 RMSE(val)=8.462744
[GA][Iter1] Gen:15 Ind:15 RMSE(val)=8.513810
[GA][Iter1] Gen:15 Ind:16 RMSE(val)=8.493845
[GA][Iter1] Gen:15 Ind:17 RMSE(val)=8.497870
[GA][Iter1] Gen:15 Ind:18 RMSE(val)=8.489408
[GA][Iter1] Gen:15 Ind:19 RMSE(val)=8.467723
[GA][Iter1] Gen:15 Ind:20 RMSE(val)=8.766101

[GA DONE][Iter1] Best params on val fold of Iter1
Best val RMSE: 8.441300
Best params: {'n_estimators': 1948, 'learning_rate': 0.05885535029978782, 'max_depth': 3, 'min_child_weight': 1.1051282371462838, 'subsample': 0.9168970045521447, 'colsample_bytree': 0.9336441706563001, 'reg_lambda': 0.6722692236560421, 'reg_alpha': 0.03813705539957667, 'gamma': 0.5159425261543882}
--------------------------------------------------------------------------------
[RETUNE GA] Iter1: train folds 1..5 -> test fold 6  RMSE=38.240793  NRMSE=0.973997  CVRMSE=0.497885  R2=0.041019
[GA][Iter2] Gen:1 Ind:1 RMSE(val)=36.632567
[GA][Iter2] Gen:1 Ind:2 RMSE(val)=35.352863
[GA][Iter2] Gen:1 Ind:3 RMSE(val)=35.774147
[GA][Iter2] Gen:1 Ind:4 RMSE(val)=34.067370
[GA][Iter2] Gen:1 Ind:5 RMSE(val)=33.515367
[GA][Iter2] Gen:1 Ind:6 RMSE(val)=38.331239
[GA][Iter2] Gen:1 Ind:7 RMSE(val)=33.231710
[GA][Iter2] Gen:1 Ind:8 RMSE(val)=37.083663
[GA][Iter2] Gen:1 Ind:9 RMSE(val)=40.612264
[GA][Iter2] Gen:1 Ind:10 RMSE(val)=39.408360
[GA][Iter2] Gen:1 Ind:11 RMSE(val)=30.560179
[GA][Iter2] Gen:1 Ind:12 RMSE(val)=42.462389
[GA][Iter2] Gen:1 Ind:13 RMSE(val)=31.829587
[GA][Iter2] Gen:1 Ind:14 RMSE(val)=39.198800
[GA][Iter2] Gen:1 Ind:15 RMSE(val)=41.481733
[GA][Iter2] Gen:1 Ind:16 RMSE(val)=31.795996
[GA][Iter2] Gen:1 Ind:17 RMSE(val)=39.005633
[GA][Iter2] Gen:1 Ind:18 RMSE(val)=37.781489
[GA][Iter2] Gen:1 Ind:19 RMSE(val)=36.663388
[GA][Iter2] Gen:1 Ind:20 RMSE(val)=36.110565
[GA][Iter2] gen=1 best_val_rmse=30.560179
[GA][Iter2] Gen:2 Ind:1 RMSE(val)=30.560179
[GA][Iter2] Gen:2 Ind:2 RMSE(val)=31.795996
[GA][Iter2] Gen:2 Ind:3 RMSE(val)=31.829587
[GA][Iter2] Gen:2 Ind:4 RMSE(val)=33.231710
[GA][Iter2] Gen:2 Ind:5 RMSE(val)=33.515367
[GA][Iter2] Gen:2 Ind:6 RMSE(val)=34.067370
[GA][Iter2] Gen:2 Ind:7 RMSE(val)=35.352863
[GA][Iter2] Gen:2 Ind:8 RMSE(val)=35.774147
[GA][Iter2] Gen:2 Ind:9 RMSE(val)=36.110565
[GA][Iter2] Gen:2 Ind:10 RMSE(val)=36.632567
[GA][Iter2] Gen:2 Ind:11 RMSE(val)=33.398893
[GA][Iter2] Gen:2 Ind:12 RMSE(val)=32.077401
[GA][Iter2] Gen:2 Ind:13 RMSE(val)=34.299641
[GA][Iter2] Gen:2 Ind:14 RMSE(val)=33.614298
[GA][Iter2] Gen:2 Ind:15 RMSE(val)=36.886767
[GA][Iter2] Gen:2 Ind:16 RMSE(val)=35.021516
[GA][Iter2] Gen:2 Ind:17 RMSE(val)=31.863761
[GA][Iter2] Gen:2 Ind:18 RMSE(val)=34.596260
[GA][Iter2] Gen:2 Ind:19 RMSE(val)=30.009973
[GA][Iter2] Gen:2 Ind:20 RMSE(val)=35.290797
[GA][Iter2] gen=2 best_val_rmse=30.009973
[GA][Iter2] Gen:3 Ind:1 RMSE(val)=30.009973
[GA][Iter2] Gen:3 Ind:2 RMSE(val)=30.560179
[GA][Iter2] Gen:3 Ind:3 RMSE(val)=31.795996
[GA][Iter2] Gen:3 Ind:4 RMSE(val)=31.829587
[GA][Iter2] Gen:3 Ind:5 RMSE(val)=31.863761
[GA][Iter2] Gen:3 Ind:6 RMSE(val)=32.077401
[GA][Iter2] Gen:3 Ind:7 RMSE(val)=33.231710
[GA][Iter2] Gen:3 Ind:8 RMSE(val)=33.398893
[GA][Iter2] Gen:3 Ind:9 RMSE(val)=33.515367
[GA][Iter2] Gen:3 Ind:10 RMSE(val)=33.614298
[GA][Iter2] Gen:3 Ind:11 RMSE(val)=32.832421
[GA][Iter2] Gen:3 Ind:12 RMSE(val)=32.008248
[GA][Iter2] Gen:3 Ind:13 RMSE(val)=30.781517
[GA][Iter2] Gen:3 Ind:14 RMSE(val)=30.516646
[GA][Iter2] Gen:3 Ind:15 RMSE(val)=32.062980
[GA][Iter2] Gen:3 Ind:16 RMSE(val)=32.678519
[GA][Iter2] Gen:3 Ind:17 RMSE(val)=32.453453
[GA][Iter2] Gen:3 Ind:18 RMSE(val)=32.894640
[GA][Iter2] Gen:3 Ind:19 RMSE(val)=33.690099
[GA][Iter2] Gen:3 Ind:20 RMSE(val)=31.713405
[GA][Iter2] gen=3 best_val_rmse=30.009973
[GA][Iter2] Gen:4 Ind:1 RMSE(val)=30.009973
[GA][Iter2] Gen:4 Ind:2 RMSE(val)=30.516646
[GA][Iter2] Gen:4 Ind:3 RMSE(val)=30.560179
[GA][Iter2] Gen:4 Ind:4 RMSE(val)=30.781517
[GA][Iter2] Gen:4 Ind:5 RMSE(val)=31.713405
[GA][Iter2] Gen:4 Ind:6 RMSE(val)=31.795996
[GA][Iter2] Gen:4 Ind:7 RMSE(val)=31.829587
[GA][Iter2] Gen:4 Ind:8 RMSE(val)=31.863761
[GA][Iter2] Gen:4 Ind:9 RMSE(val)=32.008248
[GA][Iter2] Gen:4 Ind:10 RMSE(val)=32.062980
[GA][Iter2] Gen:4 Ind:11 RMSE(val)=31.747302
[GA][Iter2] Gen:4 Ind:12 RMSE(val)=28.923860
[GA][Iter2] Gen:4 Ind:13 RMSE(val)=33.054839
[GA][Iter2] Gen:4 Ind:14 RMSE(val)=30.802665
[GA][Iter2] Gen:4 Ind:15 RMSE(val)=31.072090
[GA][Iter2] Gen:4 Ind:16 RMSE(val)=30.524241
[GA][Iter2] Gen:4 Ind:17 RMSE(val)=31.846521
[GA][Iter2] Gen:4 Ind:18 RMSE(val)=30.593444
[GA][Iter2] Gen:4 Ind:19 RMSE(val)=31.489530
[GA][Iter2] Gen:4 Ind:20 RMSE(val)=30.307085
[GA][Iter2] gen=4 best_val_rmse=28.923860
[GA][Iter2] Gen:5 Ind:1 RMSE(val)=28.923860
[GA][Iter2] Gen:5 Ind:2 RMSE(val)=30.009973
[GA][Iter2] Gen:5 Ind:3 RMSE(val)=30.307085
[GA][Iter2] Gen:5 Ind:4 RMSE(val)=30.516646
[GA][Iter2] Gen:5 Ind:5 RMSE(val)=30.524241
[GA][Iter2] Gen:5 Ind:6 RMSE(val)=30.560179
[GA][Iter2] Gen:5 Ind:7 RMSE(val)=30.593444
[GA][Iter2] Gen:5 Ind:8 RMSE(val)=30.781517
[GA][Iter2] Gen:5 Ind:9 RMSE(val)=30.802665
[GA][Iter2] Gen:5 Ind:10 RMSE(val)=31.072090
[GA][Iter2] Gen:5 Ind:11 RMSE(val)=30.520915
[GA][Iter2] Gen:5 Ind:12 RMSE(val)=30.802665
[GA][Iter2] Gen:5 Ind:13 RMSE(val)=30.770089
[GA][Iter2] Gen:5 Ind:14 RMSE(val)=29.815724
[GA][Iter2] Gen:5 Ind:15 RMSE(val)=31.542503
[GA][Iter2] Gen:5 Ind:16 RMSE(val)=30.116898
[GA][Iter2] Gen:5 Ind:17 RMSE(val)=31.218765
[GA][Iter2] Gen:5 Ind:18 RMSE(val)=30.815953
[GA][Iter2] Gen:5 Ind:19 RMSE(val)=30.277360
[GA][Iter2] Gen:5 Ind:20 RMSE(val)=30.580059
[GA][Iter2] gen=5 best_val_rmse=28.923860
[GA][Iter2] Gen:6 Ind:1 RMSE(val)=28.923860
[GA][Iter2] Gen:6 Ind:2 RMSE(val)=29.815724
[GA][Iter2] Gen:6 Ind:3 RMSE(val)=30.009973
[GA][Iter2] Gen:6 Ind:4 RMSE(val)=30.116898
[GA][Iter2] Gen:6 Ind:5 RMSE(val)=30.277360
[GA][Iter2] Gen:6 Ind:6 RMSE(val)=30.307085
[GA][Iter2] Gen:6 Ind:7 RMSE(val)=30.516646
[GA][Iter2] Gen:6 Ind:8 RMSE(val)=30.520915
[GA][Iter2] Gen:6 Ind:9 RMSE(val)=30.524241
[GA][Iter2] Gen:6 Ind:10 RMSE(val)=30.560179
[GA][Iter2] Gen:6 Ind:11 RMSE(val)=31.115423
[GA][Iter2] Gen:6 Ind:12 RMSE(val)=29.781947
[GA][Iter2] Gen:6 Ind:13 RMSE(val)=30.779078
[GA][Iter2] Gen:6 Ind:14 RMSE(val)=31.097868
[GA][Iter2] Gen:6 Ind:15 RMSE(val)=30.062043
[GA][Iter2] Gen:6 Ind:16 RMSE(val)=30.620409
[GA][Iter2] Gen:6 Ind:17 RMSE(val)=30.679654
[GA][Iter2] Gen:6 Ind:18 RMSE(val)=31.855179
[GA][Iter2] Gen:6 Ind:19 RMSE(val)=30.453613
[GA][Iter2] Gen:6 Ind:20 RMSE(val)=31.145719
[GA][Iter2] gen=6 best_val_rmse=28.923860
[GA][Iter2] Gen:7 Ind:1 RMSE(val)=28.923860
[GA][Iter2] Gen:7 Ind:2 RMSE(val)=29.781947
[GA][Iter2] Gen:7 Ind:3 RMSE(val)=29.815724
[GA][Iter2] Gen:7 Ind:4 RMSE(val)=30.009973
[GA][Iter2] Gen:7 Ind:5 RMSE(val)=30.062043
[GA][Iter2] Gen:7 Ind:6 RMSE(val)=30.116898
[GA][Iter2] Gen:7 Ind:7 RMSE(val)=30.277360
[GA][Iter2] Gen:7 Ind:8 RMSE(val)=30.307085
[GA][Iter2] Gen:7 Ind:9 RMSE(val)=30.453613
[GA][Iter2] Gen:7 Ind:10 RMSE(val)=30.516646
[GA][Iter2] Gen:7 Ind:11 RMSE(val)=30.652259
[GA][Iter2] Gen:7 Ind:12 RMSE(val)=30.279238
[GA][Iter2] Gen:7 Ind:13 RMSE(val)=30.348950
[GA][Iter2] Gen:7 Ind:14 RMSE(val)=30.683642
[GA][Iter2] Gen:7 Ind:15 RMSE(val)=30.338435
[GA][Iter2] Gen:7 Ind:16 RMSE(val)=30.057017
[GA][Iter2] Gen:7 Ind:17 RMSE(val)=30.799841
[GA][Iter2] Gen:7 Ind:18 RMSE(val)=30.828597
[GA][Iter2] Gen:7 Ind:19 RMSE(val)=30.520973
[GA][Iter2] Gen:7 Ind:20 RMSE(val)=30.151055
[GA][Iter2] gen=7 best_val_rmse=28.923860
[GA][Iter2] Gen:8 Ind:1 RMSE(val)=28.923860
[GA][Iter2] Gen:8 Ind:2 RMSE(val)=29.781947
[GA][Iter2] Gen:8 Ind:3 RMSE(val)=29.815724
[GA][Iter2] Gen:8 Ind:4 RMSE(val)=30.009973
[GA][Iter2] Gen:8 Ind:5 RMSE(val)=30.057017
[GA][Iter2] Gen:8 Ind:6 RMSE(val)=30.062043
[GA][Iter2] Gen:8 Ind:7 RMSE(val)=30.116898
[GA][Iter2] Gen:8 Ind:8 RMSE(val)=30.151055
[GA][Iter2] Gen:8 Ind:9 RMSE(val)=30.277360
[GA][Iter2] Gen:8 Ind:10 RMSE(val)=30.279238
[GA][Iter2] Gen:8 Ind:11 RMSE(val)=30.028122
[GA][Iter2] Gen:8 Ind:12 RMSE(val)=30.146310
[GA][Iter2] Gen:8 Ind:13 RMSE(val)=30.210841
[GA][Iter2] Gen:8 Ind:14 RMSE(val)=30.378874
[GA][Iter2] Gen:8 Ind:15 RMSE(val)=30.209275
[GA][Iter2] Gen:8 Ind:16 RMSE(val)=29.781947
[GA][Iter2] Gen:8 Ind:17 RMSE(val)=30.164059
[GA][Iter2] Gen:8 Ind:18 RMSE(val)=30.582164
[GA][Iter2] Gen:8 Ind:19 RMSE(val)=30.435582
[GA][Iter2] Gen:8 Ind:20 RMSE(val)=29.968104
[GA][Iter2] gen=8 best_val_rmse=28.923860
[GA][Iter2] Gen:9 Ind:1 RMSE(val)=28.923860
[GA][Iter2] Gen:9 Ind:2 RMSE(val)=29.781947
[GA][Iter2] Gen:9 Ind:3 RMSE(val)=29.781947
[GA][Iter2] Gen:9 Ind:4 RMSE(val)=29.815724
[GA][Iter2] Gen:9 Ind:5 RMSE(val)=29.968104
[GA][Iter2] Gen:9 Ind:6 RMSE(val)=30.009973
[GA][Iter2] Gen:9 Ind:7 RMSE(val)=30.028122
[GA][Iter2] Gen:9 Ind:8 RMSE(val)=30.057017
[GA][Iter2] Gen:9 Ind:9 RMSE(val)=30.062043
[GA][Iter2] Gen:9 Ind:10 RMSE(val)=30.116898
[GA][Iter2] Gen:9 Ind:11 RMSE(val)=28.874082
[GA][Iter2] Gen:9 Ind:12 RMSE(val)=30.086495
[GA][Iter2] Gen:9 Ind:13 RMSE(val)=29.432690
[GA][Iter2] Gen:9 Ind:14 RMSE(val)=29.767861
[GA][Iter2] Gen:9 Ind:15 RMSE(val)=30.102161
[GA][Iter2] Gen:9 Ind:16 RMSE(val)=30.028122
[GA][Iter2] Gen:9 Ind:17 RMSE(val)=30.167262
[GA][Iter2] Gen:9 Ind:18 RMSE(val)=29.134622
[GA][Iter2] Gen:9 Ind:19 RMSE(val)=29.913823
[GA][Iter2] Gen:9 Ind:20 RMSE(val)=29.863357
[GA][Iter2] gen=9 best_val_rmse=28.874082
[GA][Iter2] Gen:10 Ind:1 RMSE(val)=28.874082
[GA][Iter2] Gen:10 Ind:2 RMSE(val)=28.923860
[GA][Iter2] Gen:10 Ind:3 RMSE(val)=29.134622
[GA][Iter2] Gen:10 Ind:4 RMSE(val)=29.432690
[GA][Iter2] Gen:10 Ind:5 RMSE(val)=29.767861
[GA][Iter2] Gen:10 Ind:6 RMSE(val)=29.781947
[GA][Iter2] Gen:10 Ind:7 RMSE(val)=29.781947
[GA][Iter2] Gen:10 Ind:8 RMSE(val)=29.815724
[GA][Iter2] Gen:10 Ind:9 RMSE(val)=29.863357
[GA][Iter2] Gen:10 Ind:10 RMSE(val)=29.913823
[GA][Iter2] Gen:10 Ind:11 RMSE(val)=29.160510
[GA][Iter2] Gen:10 Ind:12 RMSE(val)=29.465382
[GA][Iter2] Gen:10 Ind:13 RMSE(val)=29.815724
[GA][Iter2] Gen:10 Ind:14 RMSE(val)=29.767861
[GA][Iter2] Gen:10 Ind:15 RMSE(val)=29.158501
[GA][Iter2] Gen:10 Ind:16 RMSE(val)=29.553494
[GA][Iter2] Gen:10 Ind:17 RMSE(val)=30.142568
[GA][Iter2] Gen:10 Ind:18 RMSE(val)=29.815724
[GA][Iter2] Gen:10 Ind:19 RMSE(val)=28.932789
[GA][Iter2] Gen:10 Ind:20 RMSE(val)=29.456502
[GA][Iter2] gen=10 best_val_rmse=28.874082
[GA][Iter2] Gen:11 Ind:1 RMSE(val)=28.874082
[GA][Iter2] Gen:11 Ind:2 RMSE(val)=28.923860
[GA][Iter2] Gen:11 Ind:3 RMSE(val)=28.932789
[GA][Iter2] Gen:11 Ind:4 RMSE(val)=29.134622
[GA][Iter2] Gen:11 Ind:5 RMSE(val)=29.158501
[GA][Iter2] Gen:11 Ind:6 RMSE(val)=29.160510
[GA][Iter2] Gen:11 Ind:7 RMSE(val)=29.432690
[GA][Iter2] Gen:11 Ind:8 RMSE(val)=29.456502
[GA][Iter2] Gen:11 Ind:9 RMSE(val)=29.465382
[GA][Iter2] Gen:11 Ind:10 RMSE(val)=29.553494
[GA][Iter2] Gen:11 Ind:11 RMSE(val)=28.843296
[GA][Iter2] Gen:11 Ind:12 RMSE(val)=29.184129
[GA][Iter2] Gen:11 Ind:13 RMSE(val)=29.465998
[GA][Iter2] Gen:11 Ind:14 RMSE(val)=29.566148
[GA][Iter2] Gen:11 Ind:15 RMSE(val)=30.154300
[GA][Iter2] Gen:11 Ind:16 RMSE(val)=28.975617
[GA][Iter2] Gen:11 Ind:17 RMSE(val)=29.169739
[GA][Iter2] Gen:11 Ind:18 RMSE(val)=29.087927
[GA][Iter2] Gen:11 Ind:19 RMSE(val)=30.059893
[GA][Iter2] Gen:11 Ind:20 RMSE(val)=29.431553
[GA][Iter2] gen=11 best_val_rmse=28.843296
[GA][Iter2] Gen:12 Ind:1 RMSE(val)=28.843296
[GA][Iter2] Gen:12 Ind:2 RMSE(val)=28.874082
[GA][Iter2] Gen:12 Ind:3 RMSE(val)=28.923860
[GA][Iter2] Gen:12 Ind:4 RMSE(val)=28.932789
[GA][Iter2] Gen:12 Ind:5 RMSE(val)=28.975617
[GA][Iter2] Gen:12 Ind:6 RMSE(val)=29.087927
[GA][Iter2] Gen:12 Ind:7 RMSE(val)=29.134622
[GA][Iter2] Gen:12 Ind:8 RMSE(val)=29.158501
[GA][Iter2] Gen:12 Ind:9 RMSE(val)=29.160510
[GA][Iter2] Gen:12 Ind:10 RMSE(val)=29.169739
[GA][Iter2] Gen:12 Ind:11 RMSE(val)=29.072886
[GA][Iter2] Gen:12 Ind:12 RMSE(val)=30.615212
[GA][Iter2] Gen:12 Ind:13 RMSE(val)=30.245848
[GA][Iter2] Gen:12 Ind:14 RMSE(val)=28.905108
[GA][Iter2] Gen:12 Ind:15 RMSE(val)=29.169739
[GA][Iter2] Gen:12 Ind:16 RMSE(val)=28.948340
[GA][Iter2] Gen:12 Ind:17 RMSE(val)=29.173189
[GA][Iter2] Gen:12 Ind:18 RMSE(val)=28.923860
[GA][Iter2] Gen:12 Ind:19 RMSE(val)=29.073705
[GA][Iter2] Gen:12 Ind:20 RMSE(val)=29.134622
[GA][Iter2] gen=12 best_val_rmse=28.843296
[GA][Iter2] Gen:13 Ind:1 RMSE(val)=28.843296
[GA][Iter2] Gen:13 Ind:2 RMSE(val)=28.874082
[GA][Iter2] Gen:13 Ind:3 RMSE(val)=28.905108
[GA][Iter2] Gen:13 Ind:4 RMSE(val)=28.923860
[GA][Iter2] Gen:13 Ind:5 RMSE(val)=28.923860
[GA][Iter2] Gen:13 Ind:6 RMSE(val)=28.932789
[GA][Iter2] Gen:13 Ind:7 RMSE(val)=28.948340
[GA][Iter2] Gen:13 Ind:8 RMSE(val)=28.975617
[GA][Iter2] Gen:13 Ind:9 RMSE(val)=29.072886
[GA][Iter2] Gen:13 Ind:10 RMSE(val)=29.073705
[GA][Iter2] Gen:13 Ind:11 RMSE(val)=28.874082
[GA][Iter2] Gen:13 Ind:12 RMSE(val)=28.923860
[GA][Iter2] Gen:13 Ind:13 RMSE(val)=28.874082
[GA][Iter2] Gen:13 Ind:14 RMSE(val)=28.932789
[GA][Iter2] Gen:13 Ind:15 RMSE(val)=29.088528
[GA][Iter2] Gen:13 Ind:16 RMSE(val)=30.179448
[GA][Iter2] Gen:13 Ind:17 RMSE(val)=28.895383
[GA][Iter2] Gen:13 Ind:18 RMSE(val)=29.993839
[GA][Iter2] Gen:13 Ind:19 RMSE(val)=28.932789
[GA][Iter2] Gen:13 Ind:20 RMSE(val)=28.884281
[GA][Iter2] gen=13 best_val_rmse=28.843296
[GA][Iter2] Gen:14 Ind:1 RMSE(val)=28.843296
[GA][Iter2] Gen:14 Ind:2 RMSE(val)=28.874082
[GA][Iter2] Gen:14 Ind:3 RMSE(val)=28.874082
[GA][Iter2] Gen:14 Ind:4 RMSE(val)=28.874082
[GA][Iter2] Gen:14 Ind:5 RMSE(val)=28.884281
[GA][Iter2] Gen:14 Ind:6 RMSE(val)=28.895383
[GA][Iter2] Gen:14 Ind:7 RMSE(val)=28.905108
[GA][Iter2] Gen:14 Ind:8 RMSE(val)=28.923860
[GA][Iter2] Gen:14 Ind:9 RMSE(val)=28.923860
[GA][Iter2] Gen:14 Ind:10 RMSE(val)=28.923860
[GA][Iter2] Gen:14 Ind:11 RMSE(val)=28.936726
[GA][Iter2] Gen:14 Ind:12 RMSE(val)=30.512849
[GA][Iter2] Gen:14 Ind:13 RMSE(val)=28.966050
[GA][Iter2] Gen:14 Ind:14 RMSE(val)=28.929215
[GA][Iter2] Gen:14 Ind:15 RMSE(val)=28.895383
[GA][Iter2] Gen:14 Ind:16 RMSE(val)=28.923860
[GA][Iter2] Gen:14 Ind:17 RMSE(val)=28.923860
[GA][Iter2] Gen:14 Ind:18 RMSE(val)=28.874082
[GA][Iter2] Gen:14 Ind:19 RMSE(val)=28.895383
[GA][Iter2] Gen:14 Ind:20 RMSE(val)=28.947234
[GA][Iter2] gen=14 best_val_rmse=28.843296
[GA][Iter2] Gen:15 Ind:1 RMSE(val)=28.843296
[GA][Iter2] Gen:15 Ind:2 RMSE(val)=28.874082
[GA][Iter2] Gen:15 Ind:3 RMSE(val)=28.874082
[GA][Iter2] Gen:15 Ind:4 RMSE(val)=28.874082
[GA][Iter2] Gen:15 Ind:5 RMSE(val)=28.874082
[GA][Iter2] Gen:15 Ind:6 RMSE(val)=28.884281
[GA][Iter2] Gen:15 Ind:7 RMSE(val)=28.895383
[GA][Iter2] Gen:15 Ind:8 RMSE(val)=28.895383
[GA][Iter2] Gen:15 Ind:9 RMSE(val)=28.895383
[GA][Iter2] Gen:15 Ind:10 RMSE(val)=28.905108
[GA][Iter2] Gen:15 Ind:11 RMSE(val)=29.079938
[GA][Iter2] Gen:15 Ind:12 RMSE(val)=28.930423
[GA][Iter2] Gen:15 Ind:13 RMSE(val)=28.874082
[GA][Iter2] Gen:15 Ind:14 RMSE(val)=29.016771
[GA][Iter2] Gen:15 Ind:15 RMSE(val)=29.289179
[GA][Iter2] Gen:15 Ind:16 RMSE(val)=28.874082
[GA][Iter2] Gen:15 Ind:17 RMSE(val)=28.911982
[GA][Iter2] Gen:15 Ind:18 RMSE(val)=28.923860
[GA][Iter2] Gen:15 Ind:19 RMSE(val)=28.911982
[GA][Iter2] Gen:15 Ind:20 RMSE(val)=28.874082
[GA][Iter2] gen=15 best_val_rmse=28.843296
[GA][Iter2] Gen:15 Ind:1 RMSE(val)=28.843296
[GA][Iter2] Gen:15 Ind:2 RMSE(val)=28.874082
[GA][Iter2] Gen:15 Ind:3 RMSE(val)=28.874082
[GA][Iter2] Gen:15 Ind:4 RMSE(val)=28.874082
[GA][Iter2] Gen:15 Ind:5 RMSE(val)=28.874082
[GA][Iter2] Gen:15 Ind:6 RMSE(val)=28.874082
[GA][Iter2] Gen:15 Ind:7 RMSE(val)=28.874082
[GA][Iter2] Gen:15 Ind:8 RMSE(val)=28.874082
[GA][Iter2] Gen:15 Ind:9 RMSE(val)=28.884281
[GA][Iter2] Gen:15 Ind:10 RMSE(val)=28.895383
[GA][Iter2] Gen:15 Ind:11 RMSE(val)=28.884281
[GA][Iter2] Gen:15 Ind:12 RMSE(val)=28.895383
[GA][Iter2] Gen:15 Ind:13 RMSE(val)=29.203052
[GA][Iter2] Gen:15 Ind:14 RMSE(val)=28.874082
[GA][Iter2] Gen:15 Ind:15 RMSE(val)=28.874082
[GA][Iter2] Gen:15 Ind:16 RMSE(val)=28.634326
[GA][Iter2] Gen:15 Ind:17 RMSE(val)=28.874082
[GA][Iter2] Gen:15 Ind:18 RMSE(val)=28.874082
[GA][Iter2] Gen:15 Ind:19 RMSE(val)=28.905606
[GA][Iter2] Gen:15 Ind:20 RMSE(val)=28.870727

[GA DONE][Iter2] Best params on val fold of Iter2
Best val RMSE: 28.634326
Best params: {'n_estimators': 732, 'learning_rate': 0.04122805995930712, 'max_depth': 12, 'min_child_weight': 8.395274100088626, 'subsample': 0.6558807607319115, 'colsample_bytree': 0.6079397107434173, 'reg_lambda': 0.9865622392133824, 'reg_alpha': 0.17006660667362558, 'gamma': 4.892464990854524}
--------------------------------------------------------------------------------
[RETUNE GA] Iter2: train folds 1..6 -> test fold 7  RMSE=43.703032  NRMSE=0.954021  CVRMSE=0.401262  R2=0.079951
[GA][Iter3] Gen:1 Ind:1 RMSE(val)=45.710726
[GA][Iter3] Gen:1 Ind:2 RMSE(val)=48.414746
[GA][Iter3] Gen:1 Ind:3 RMSE(val)=44.043912
[GA][Iter3] Gen:1 Ind:4 RMSE(val)=43.620146
[GA][Iter3] Gen:1 Ind:5 RMSE(val)=43.545417
[GA][Iter3] Gen:1 Ind:6 RMSE(val)=46.743370
[GA][Iter3] Gen:1 Ind:7 RMSE(val)=44.359546
[GA][Iter3] Gen:1 Ind:8 RMSE(val)=45.819982
[GA][Iter3] Gen:1 Ind:9 RMSE(val)=57.546893
[GA][Iter3] Gen:1 Ind:10 RMSE(val)=47.167109
[GA][Iter3] Gen:1 Ind:11 RMSE(val)=44.100351
[GA][Iter3] Gen:1 Ind:12 RMSE(val)=48.626853
[GA][Iter3] Gen:1 Ind:13 RMSE(val)=43.172678
[GA][Iter3] Gen:1 Ind:14 RMSE(val)=46.768595
[GA][Iter3] Gen:1 Ind:15 RMSE(val)=53.950254
[GA][Iter3] Gen:1 Ind:16 RMSE(val)=44.092999
[GA][Iter3] Gen:1 Ind:17 RMSE(val)=51.992435
[GA][Iter3] Gen:1 Ind:18 RMSE(val)=44.624157
[GA][Iter3] Gen:1 Ind:19 RMSE(val)=46.241629
[GA][Iter3] Gen:1 Ind:20 RMSE(val)=46.377677
[GA][Iter3] gen=1 best_val_rmse=43.172678
[GA][Iter3] Gen:2 Ind:1 RMSE(val)=43.172678
[GA][Iter3] Gen:2 Ind:2 RMSE(val)=43.545417
[GA][Iter3] Gen:2 Ind:3 RMSE(val)=43.620146
[GA][Iter3] Gen:2 Ind:4 RMSE(val)=44.043912
[GA][Iter3] Gen:2 Ind:5 RMSE(val)=44.092999
[GA][Iter3] Gen:2 Ind:6 RMSE(val)=44.100351
[GA][Iter3] Gen:2 Ind:7 RMSE(val)=44.359546
[GA][Iter3] Gen:2 Ind:8 RMSE(val)=44.624157
[GA][Iter3] Gen:2 Ind:9 RMSE(val)=45.710726
[GA][Iter3] Gen:2 Ind:10 RMSE(val)=45.819982
[GA][Iter3] Gen:2 Ind:11 RMSE(val)=44.583049
[GA][Iter3] Gen:2 Ind:12 RMSE(val)=45.194462
[GA][Iter3] Gen:2 Ind:13 RMSE(val)=43.882771
[GA][Iter3] Gen:2 Ind:14 RMSE(val)=44.132692
[GA][Iter3] Gen:2 Ind:15 RMSE(val)=47.771007
[GA][Iter3] Gen:2 Ind:16 RMSE(val)=47.086575
[GA][Iter3] Gen:2 Ind:17 RMSE(val)=43.122027
[GA][Iter3] Gen:2 Ind:18 RMSE(val)=47.625357
[GA][Iter3] Gen:2 Ind:19 RMSE(val)=45.146442
[GA][Iter3] Gen:2 Ind:20 RMSE(val)=45.914356
[GA][Iter3] gen=2 best_val_rmse=43.122027
[GA][Iter3] Gen:3 Ind:1 RMSE(val)=43.122027
[GA][Iter3] Gen:3 Ind:2 RMSE(val)=43.172678
[GA][Iter3] Gen:3 Ind:3 RMSE(val)=43.545417
[GA][Iter3] Gen:3 Ind:4 RMSE(val)=43.620146
[GA][Iter3] Gen:3 Ind:5 RMSE(val)=43.882771
[GA][Iter3] Gen:3 Ind:6 RMSE(val)=44.043912
[GA][Iter3] Gen:3 Ind:7 RMSE(val)=44.092999
[GA][Iter3] Gen:3 Ind:8 RMSE(val)=44.100351
[GA][Iter3] Gen:3 Ind:9 RMSE(val)=44.132692
[GA][Iter3] Gen:3 Ind:10 RMSE(val)=44.359546
[GA][Iter3] Gen:3 Ind:11 RMSE(val)=44.043912
[GA][Iter3] Gen:3 Ind:12 RMSE(val)=43.244607
[GA][Iter3] Gen:3 Ind:13 RMSE(val)=44.491656
[GA][Iter3] Gen:3 Ind:14 RMSE(val)=44.584867
[GA][Iter3] Gen:3 Ind:15 RMSE(val)=44.413305
[GA][Iter3] Gen:3 Ind:16 RMSE(val)=43.828653
[GA][Iter3] Gen:3 Ind:17 RMSE(val)=44.763728
[GA][Iter3] Gen:3 Ind:18 RMSE(val)=44.104251
[GA][Iter3] Gen:3 Ind:19 RMSE(val)=44.489279
[GA][Iter3] Gen:3 Ind:20 RMSE(val)=46.397446
[GA][Iter3] gen=3 best_val_rmse=43.122027
[GA][Iter3] Gen:4 Ind:1 RMSE(val)=43.122027
[GA][Iter3] Gen:4 Ind:2 RMSE(val)=43.172678
[GA][Iter3] Gen:4 Ind:3 RMSE(val)=43.244607
[GA][Iter3] Gen:4 Ind:4 RMSE(val)=43.545417
[GA][Iter3] Gen:4 Ind:5 RMSE(val)=43.620146
[GA][Iter3] Gen:4 Ind:6 RMSE(val)=43.828653
[GA][Iter3] Gen:4 Ind:7 RMSE(val)=43.882771
[GA][Iter3] Gen:4 Ind:8 RMSE(val)=44.043912
[GA][Iter3] Gen:4 Ind:9 RMSE(val)=44.043912
[GA][Iter3] Gen:4 Ind:10 RMSE(val)=44.092999
[GA][Iter3] Gen:4 Ind:11 RMSE(val)=44.028793
[GA][Iter3] Gen:4 Ind:12 RMSE(val)=43.729284
[GA][Iter3] Gen:4 Ind:13 RMSE(val)=43.882771
[GA][Iter3] Gen:4 Ind:14 RMSE(val)=44.050463
[GA][Iter3] Gen:4 Ind:15 RMSE(val)=43.830373
[GA][Iter3] Gen:4 Ind:16 RMSE(val)=44.508967
[GA][Iter3] Gen:4 Ind:17 RMSE(val)=43.292735
[GA][Iter3] Gen:4 Ind:18 RMSE(val)=44.942760
[GA][Iter3] Gen:4 Ind:19 RMSE(val)=43.429801
[GA][Iter3] Gen:4 Ind:20 RMSE(val)=43.711841
[GA][Iter3] gen=4 best_val_rmse=43.122027
[GA][Iter3] Gen:5 Ind:1 RMSE(val)=43.122027
[GA][Iter3] Gen:5 Ind:2 RMSE(val)=43.172678
[GA][Iter3] Gen:5 Ind:3 RMSE(val)=43.244607
[GA][Iter3] Gen:5 Ind:4 RMSE(val)=43.292735
[GA][Iter3] Gen:5 Ind:5 RMSE(val)=43.429801
[GA][Iter3] Gen:5 Ind:6 RMSE(val)=43.545417
[GA][Iter3] Gen:5 Ind:7 RMSE(val)=43.620146
[GA][Iter3] Gen:5 Ind:8 RMSE(val)=43.711841
[GA][Iter3] Gen:5 Ind:9 RMSE(val)=43.729284
[GA][Iter3] Gen:5 Ind:10 RMSE(val)=43.828653
[GA][Iter3] Gen:5 Ind:11 RMSE(val)=43.470934
[GA][Iter3] Gen:5 Ind:12 RMSE(val)=43.983271
[GA][Iter3] Gen:5 Ind:13 RMSE(val)=43.844150
[GA][Iter3] Gen:5 Ind:14 RMSE(val)=43.390322
[GA][Iter3] Gen:5 Ind:15 RMSE(val)=43.757040
[GA][Iter3] Gen:5 Ind:16 RMSE(val)=44.829176
[GA][Iter3] Gen:5 Ind:17 RMSE(val)=43.922830
[GA][Iter3] Gen:5 Ind:18 RMSE(val)=43.399306
[GA][Iter3] Gen:5 Ind:19 RMSE(val)=43.421446
[GA][Iter3] Gen:5 Ind:20 RMSE(val)=43.388035
[GA][Iter3] gen=5 best_val_rmse=43.122027
[GA][Iter3] Gen:6 Ind:1 RMSE(val)=43.122027
[GA][Iter3] Gen:6 Ind:2 RMSE(val)=43.172678
[GA][Iter3] Gen:6 Ind:3 RMSE(val)=43.244607
[GA][Iter3] Gen:6 Ind:4 RMSE(val)=43.292735
[GA][Iter3] Gen:6 Ind:5 RMSE(val)=43.388035
[GA][Iter3] Gen:6 Ind:6 RMSE(val)=43.390322
[GA][Iter3] Gen:6 Ind:7 RMSE(val)=43.399306
[GA][Iter3] Gen:6 Ind:8 RMSE(val)=43.421446
[GA][Iter3] Gen:6 Ind:9 RMSE(val)=43.429801
[GA][Iter3] Gen:6 Ind:10 RMSE(val)=43.470934
[GA][Iter3] Gen:6 Ind:11 RMSE(val)=44.241111
[GA][Iter3] Gen:6 Ind:12 RMSE(val)=43.365870
[GA][Iter3] Gen:6 Ind:13 RMSE(val)=44.569544
[GA][Iter3] Gen:6 Ind:14 RMSE(val)=43.870389
[GA][Iter3] Gen:6 Ind:15 RMSE(val)=43.835949
[GA][Iter3] Gen:6 Ind:16 RMSE(val)=43.257052
[GA][Iter3] Gen:6 Ind:17 RMSE(val)=43.162920
[GA][Iter3] Gen:6 Ind:18 RMSE(val)=43.953680
[GA][Iter3] Gen:6 Ind:19 RMSE(val)=42.878501
[GA][Iter3] Gen:6 Ind:20 RMSE(val)=43.365956
[GA][Iter3] gen=6 best_val_rmse=42.878501
[GA][Iter3] Gen:7 Ind:1 RMSE(val)=42.878501
[GA][Iter3] Gen:7 Ind:2 RMSE(val)=43.122027
[GA][Iter3] Gen:7 Ind:3 RMSE(val)=43.162920
[GA][Iter3] Gen:7 Ind:4 RMSE(val)=43.172678
[GA][Iter3] Gen:7 Ind:5 RMSE(val)=43.244607
[GA][Iter3] Gen:7 Ind:6 RMSE(val)=43.257052
[GA][Iter3] Gen:7 Ind:7 RMSE(val)=43.292735
[GA][Iter3] Gen:7 Ind:8 RMSE(val)=43.365870
[GA][Iter3] Gen:7 Ind:9 RMSE(val)=43.365956
[GA][Iter3] Gen:7 Ind:10 RMSE(val)=43.388035
[GA][Iter3] Gen:7 Ind:11 RMSE(val)=43.413606
[GA][Iter3] Gen:7 Ind:12 RMSE(val)=43.267855
[GA][Iter3] Gen:7 Ind:13 RMSE(val)=44.007975
[GA][Iter3] Gen:7 Ind:14 RMSE(val)=43.467611
[GA][Iter3] Gen:7 Ind:15 RMSE(val)=43.837548
[GA][Iter3] Gen:7 Ind:16 RMSE(val)=43.009255
[GA][Iter3] Gen:7 Ind:17 RMSE(val)=43.214494
[GA][Iter3] Gen:7 Ind:18 RMSE(val)=43.275818
[GA][Iter3] Gen:7 Ind:19 RMSE(val)=43.047549
[GA][Iter3] Gen:7 Ind:20 RMSE(val)=43.192684
[GA][Iter3] gen=7 best_val_rmse=42.878501
[GA][Iter3] Gen:8 Ind:1 RMSE(val)=42.878501
[GA][Iter3] Gen:8 Ind:2 RMSE(val)=43.009255
[GA][Iter3] Gen:8 Ind:3 RMSE(val)=43.047549
[GA][Iter3] Gen:8 Ind:4 RMSE(val)=43.122027
[GA][Iter3] Gen:8 Ind:5 RMSE(val)=43.162920
[GA][Iter3] Gen:8 Ind:6 RMSE(val)=43.172678
[GA][Iter3] Gen:8 Ind:7 RMSE(val)=43.192684
[GA][Iter3] Gen:8 Ind:8 RMSE(val)=43.214494
[GA][Iter3] Gen:8 Ind:9 RMSE(val)=43.244607
[GA][Iter3] Gen:8 Ind:10 RMSE(val)=43.257052
[GA][Iter3] Gen:8 Ind:11 RMSE(val)=43.148425
[GA][Iter3] Gen:8 Ind:12 RMSE(val)=43.027190
[GA][Iter3] Gen:8 Ind:13 RMSE(val)=43.035683
[GA][Iter3] Gen:8 Ind:14 RMSE(val)=43.575288
[GA][Iter3] Gen:8 Ind:15 RMSE(val)=43.245814
[GA][Iter3] Gen:8 Ind:16 RMSE(val)=43.009255
[GA][Iter3] Gen:8 Ind:17 RMSE(val)=43.172633
[GA][Iter3] Gen:8 Ind:18 RMSE(val)=42.960156
[GA][Iter3] Gen:8 Ind:19 RMSE(val)=43.296002
[GA][Iter3] Gen:8 Ind:20 RMSE(val)=43.290150
[GA][Iter3] gen=8 best_val_rmse=42.878501
[GA][Iter3] Gen:9 Ind:1 RMSE(val)=42.878501
[GA][Iter3] Gen:9 Ind:2 RMSE(val)=42.960156
[GA][Iter3] Gen:9 Ind:3 RMSE(val)=43.009255
[GA][Iter3] Gen:9 Ind:4 RMSE(val)=43.009255
[GA][Iter3] Gen:9 Ind:5 RMSE(val)=43.027190
[GA][Iter3] Gen:9 Ind:6 RMSE(val)=43.035683
[GA][Iter3] Gen:9 Ind:7 RMSE(val)=43.047549
[GA][Iter3] Gen:9 Ind:8 RMSE(val)=43.122027
[GA][Iter3] Gen:9 Ind:9 RMSE(val)=43.148425
[GA][Iter3] Gen:9 Ind:10 RMSE(val)=43.162920
[GA][Iter3] Gen:9 Ind:11 RMSE(val)=43.535507
[GA][Iter3] Gen:9 Ind:12 RMSE(val)=43.338751
[GA][Iter3] Gen:9 Ind:13 RMSE(val)=43.122147
[GA][Iter3] Gen:9 Ind:14 RMSE(val)=43.213948
[GA][Iter3] Gen:9 Ind:15 RMSE(val)=42.946100
[GA][Iter3] Gen:9 Ind:16 RMSE(val)=43.138171
[GA][Iter3] Gen:9 Ind:17 RMSE(val)=43.253926
[GA][Iter3] Gen:9 Ind:18 RMSE(val)=43.831330
[GA][Iter3] Gen:9 Ind:19 RMSE(val)=43.370461
[GA][Iter3] Gen:9 Ind:20 RMSE(val)=43.118419
[GA][Iter3] gen=9 best_val_rmse=42.878501
[GA][Iter3] Gen:10 Ind:1 RMSE(val)=42.878501
[GA][Iter3] Gen:10 Ind:2 RMSE(val)=42.946100
[GA][Iter3] Gen:10 Ind:3 RMSE(val)=42.960156
[GA][Iter3] Gen:10 Ind:4 RMSE(val)=43.009255
[GA][Iter3] Gen:10 Ind:5 RMSE(val)=43.009255
[GA][Iter3] Gen:10 Ind:6 RMSE(val)=43.027190
[GA][Iter3] Gen:10 Ind:7 RMSE(val)=43.035683
[GA][Iter3] Gen:10 Ind:8 RMSE(val)=43.047549
[GA][Iter3] Gen:10 Ind:9 RMSE(val)=43.118419
[GA][Iter3] Gen:10 Ind:10 RMSE(val)=43.122027
[GA][Iter3] Gen:10 Ind:11 RMSE(val)=43.136218
[GA][Iter3] Gen:10 Ind:12 RMSE(val)=42.943295
[GA][Iter3] Gen:10 Ind:13 RMSE(val)=42.926147
[GA][Iter3] Gen:10 Ind:14 RMSE(val)=43.064621
[GA][Iter3] Gen:10 Ind:15 RMSE(val)=42.960156
[GA][Iter3] Gen:10 Ind:16 RMSE(val)=43.376331
[GA][Iter3] Gen:10 Ind:17 RMSE(val)=43.222061
[GA][Iter3] Gen:10 Ind:18 RMSE(val)=43.047549
[GA][Iter3] Gen:10 Ind:19 RMSE(val)=43.227413
[GA][Iter3] Gen:10 Ind:20 RMSE(val)=43.156818
[GA][Iter3] gen=10 best_val_rmse=42.878501
[GA][Iter3] Gen:11 Ind:1 RMSE(val)=42.878501
[GA][Iter3] Gen:11 Ind:2 RMSE(val)=42.926147
[GA][Iter3] Gen:11 Ind:3 RMSE(val)=42.943295
[GA][Iter3] Gen:11 Ind:4 RMSE(val)=42.946100
[GA][Iter3] Gen:11 Ind:5 RMSE(val)=42.960156
[GA][Iter3] Gen:11 Ind:6 RMSE(val)=42.960156
[GA][Iter3] Gen:11 Ind:7 RMSE(val)=43.009255
[GA][Iter3] Gen:11 Ind:8 RMSE(val)=43.009255
[GA][Iter3] Gen:11 Ind:9 RMSE(val)=43.027190
[GA][Iter3] Gen:11 Ind:10 RMSE(val)=43.035683
[GA][Iter3] Gen:11 Ind:11 RMSE(val)=43.167572
[GA][Iter3] Gen:11 Ind:12 RMSE(val)=43.411591
[GA][Iter3] Gen:11 Ind:13 RMSE(val)=43.823985
[GA][Iter3] Gen:11 Ind:14 RMSE(val)=42.925937
[GA][Iter3] Gen:11 Ind:15 RMSE(val)=43.207254
[GA][Iter3] Gen:11 Ind:16 RMSE(val)=42.988284
[GA][Iter3] Gen:11 Ind:17 RMSE(val)=42.959221
[GA][Iter3] Gen:11 Ind:18 RMSE(val)=43.009603
[GA][Iter3] Gen:11 Ind:19 RMSE(val)=43.103085
[GA][Iter3] Gen:11 Ind:20 RMSE(val)=43.003574
[GA][Iter3] gen=11 best_val_rmse=42.878501
[GA][Iter3] Gen:12 Ind:1 RMSE(val)=42.878501
[GA][Iter3] Gen:12 Ind:2 RMSE(val)=42.925937
[GA][Iter3] Gen:12 Ind:3 RMSE(val)=42.926147
[GA][Iter3] Gen:12 Ind:4 RMSE(val)=42.943295
[GA][Iter3] Gen:12 Ind:5 RMSE(val)=42.946100
[GA][Iter3] Gen:12 Ind:6 RMSE(val)=42.959221
[GA][Iter3] Gen:12 Ind:7 RMSE(val)=42.960156
[GA][Iter3] Gen:12 Ind:8 RMSE(val)=42.960156
[GA][Iter3] Gen:12 Ind:9 RMSE(val)=42.988284
[GA][Iter3] Gen:12 Ind:10 RMSE(val)=43.003574
[GA][Iter3] Gen:12 Ind:11 RMSE(val)=43.014604
[GA][Iter3] Gen:12 Ind:12 RMSE(val)=42.872280
[GA][Iter3] Gen:12 Ind:13 RMSE(val)=42.926147
[GA][Iter3] Gen:12 Ind:14 RMSE(val)=42.980324
[GA][Iter3] Gen:12 Ind:15 RMSE(val)=43.091652
[GA][Iter3] Gen:12 Ind:16 RMSE(val)=43.322593
[GA][Iter3] Gen:12 Ind:17 RMSE(val)=42.959221
[GA][Iter3] Gen:12 Ind:18 RMSE(val)=42.793773
[GA][Iter3] Gen:12 Ind:19 RMSE(val)=42.960156
[GA][Iter3] Gen:12 Ind:20 RMSE(val)=43.403496
[GA][Iter3] gen=12 best_val_rmse=42.793773
[GA][Iter3] Gen:13 Ind:1 RMSE(val)=42.793773
[GA][Iter3] Gen:13 Ind:2 RMSE(val)=42.872280
[GA][Iter3] Gen:13 Ind:3 RMSE(val)=42.878501
[GA][Iter3] Gen:13 Ind:4 RMSE(val)=42.925937
[GA][Iter3] Gen:13 Ind:5 RMSE(val)=42.926147
[GA][Iter3] Gen:13 Ind:6 RMSE(val)=42.926147
[GA][Iter3] Gen:13 Ind:7 RMSE(val)=42.943295
[GA][Iter3] Gen:13 Ind:8 RMSE(val)=42.946100
[GA][Iter3] Gen:13 Ind:9 RMSE(val)=42.959221
[GA][Iter3] Gen:13 Ind:10 RMSE(val)=42.959221
[GA][Iter3] Gen:13 Ind:11 RMSE(val)=42.831648
[GA][Iter3] Gen:13 Ind:12 RMSE(val)=42.866444
[GA][Iter3] Gen:13 Ind:13 RMSE(val)=42.872280
[GA][Iter3] Gen:13 Ind:14 RMSE(val)=42.925217
[GA][Iter3] Gen:13 Ind:15 RMSE(val)=43.392767
[GA][Iter3] Gen:13 Ind:16 RMSE(val)=42.871330
[GA][Iter3] Gen:13 Ind:17 RMSE(val)=43.179022
[GA][Iter3] Gen:13 Ind:18 RMSE(val)=42.913515
[GA][Iter3] Gen:13 Ind:19 RMSE(val)=42.926147
[GA][Iter3] Gen:13 Ind:20 RMSE(val)=43.143409
[GA][Iter3] gen=13 best_val_rmse=42.793773
[GA][Iter3] Gen:14 Ind:1 RMSE(val)=42.793773
[GA][Iter3] Gen:14 Ind:2 RMSE(val)=42.831648
[GA][Iter3] Gen:14 Ind:3 RMSE(val)=42.866444
[GA][Iter3] Gen:14 Ind:4 RMSE(val)=42.871330
[GA][Iter3] Gen:14 Ind:5 RMSE(val)=42.872280
[GA][Iter3] Gen:14 Ind:6 RMSE(val)=42.872280
[GA][Iter3] Gen:14 Ind:7 RMSE(val)=42.878501
[GA][Iter3] Gen:14 Ind:8 RMSE(val)=42.913515
[GA][Iter3] Gen:14 Ind:9 RMSE(val)=42.925217
[GA][Iter3] Gen:14 Ind:10 RMSE(val)=42.925937
[GA][Iter3] Gen:14 Ind:11 RMSE(val)=42.950603
[GA][Iter3] Gen:14 Ind:12 RMSE(val)=43.060146
[GA][Iter3] Gen:14 Ind:13 RMSE(val)=42.819099
[GA][Iter3] Gen:14 Ind:14 RMSE(val)=42.725613
[GA][Iter3] Gen:14 Ind:15 RMSE(val)=43.128067
[GA][Iter3] Gen:14 Ind:16 RMSE(val)=43.157523
[GA][Iter3] Gen:14 Ind:17 RMSE(val)=42.820547
[GA][Iter3] Gen:14 Ind:18 RMSE(val)=42.826080
[GA][Iter3] Gen:14 Ind:19 RMSE(val)=42.872280
[GA][Iter3] Gen:14 Ind:20 RMSE(val)=42.960156
[GA][Iter3] gen=14 best_val_rmse=42.725613
[GA][Iter3] Gen:15 Ind:1 RMSE(val)=42.725613
[GA][Iter3] Gen:15 Ind:2 RMSE(val)=42.793773
[GA][Iter3] Gen:15 Ind:3 RMSE(val)=42.819099
[GA][Iter3] Gen:15 Ind:4 RMSE(val)=42.820547
[GA][Iter3] Gen:15 Ind:5 RMSE(val)=42.826080
[GA][Iter3] Gen:15 Ind:6 RMSE(val)=42.831648
[GA][Iter3] Gen:15 Ind:7 RMSE(val)=42.866444
[GA][Iter3] Gen:15 Ind:8 RMSE(val)=42.871330
[GA][Iter3] Gen:15 Ind:9 RMSE(val)=42.872280
[GA][Iter3] Gen:15 Ind:10 RMSE(val)=42.872280
[GA][Iter3] Gen:15 Ind:11 RMSE(val)=42.826080
[GA][Iter3] Gen:15 Ind:12 RMSE(val)=42.825087
[GA][Iter3] Gen:15 Ind:13 RMSE(val)=42.959221
[GA][Iter3] Gen:15 Ind:14 RMSE(val)=42.872280
[GA][Iter3] Gen:15 Ind:15 RMSE(val)=42.846969
[GA][Iter3] Gen:15 Ind:16 RMSE(val)=42.606133
[GA][Iter3] Gen:15 Ind:17 RMSE(val)=42.941596
[GA][Iter3] Gen:15 Ind:18 RMSE(val)=43.322593
[GA][Iter3] Gen:15 Ind:19 RMSE(val)=42.831648
[GA][Iter3] Gen:15 Ind:20 RMSE(val)=42.526051
[GA][Iter3] gen=15 best_val_rmse=42.526051
[GA][Iter3] Gen:15 Ind:1 RMSE(val)=42.526051
[GA][Iter3] Gen:15 Ind:2 RMSE(val)=42.606133
[GA][Iter3] Gen:15 Ind:3 RMSE(val)=42.725613
[GA][Iter3] Gen:15 Ind:4 RMSE(val)=42.793773
[GA][Iter3] Gen:15 Ind:5 RMSE(val)=42.819099
[GA][Iter3] Gen:15 Ind:6 RMSE(val)=42.820547
[GA][Iter3] Gen:15 Ind:7 RMSE(val)=42.825087
[GA][Iter3] Gen:15 Ind:8 RMSE(val)=42.826080
[GA][Iter3] Gen:15 Ind:9 RMSE(val)=42.826080
[GA][Iter3] Gen:15 Ind:10 RMSE(val)=42.831648
[GA][Iter3] Gen:15 Ind:11 RMSE(val)=42.826080
[GA][Iter3] Gen:15 Ind:12 RMSE(val)=42.526051
[GA][Iter3] Gen:15 Ind:13 RMSE(val)=42.826080
[GA][Iter3] Gen:15 Ind:14 RMSE(val)=42.911648
[GA][Iter3] Gen:15 Ind:15 RMSE(val)=43.339628
[GA][Iter3] Gen:15 Ind:16 RMSE(val)=42.946210
[GA][Iter3] Gen:15 Ind:17 RMSE(val)=42.972825
[GA][Iter3] Gen:15 Ind:18 RMSE(val)=43.050819
[GA][Iter3] Gen:15 Ind:19 RMSE(val)=42.814024
[GA][Iter3] Gen:15 Ind:20 RMSE(val)=42.825247

[GA DONE][Iter3] Best params on val fold of Iter3
Best val RMSE: 42.526051
Best params: {'n_estimators': 638, 'learning_rate': 0.03139327093330073, 'max_depth': 3, 'min_child_weight': 16.43412445787153, 'subsample': 0.9065485291323678, 'colsample_bytree': 0.7053556203004363, 'reg_lambda': 3.990754421531338, 'reg_alpha': 0.03036407653524309, 'gamma': 0.9781667024950026}
--------------------------------------------------------------------------------
[RETUNE GA] Iter3: train folds 1..7 -> test fold 8  RMSE=29.714045  NRMSE=0.736634  CVRMSE=0.281607  R2=0.451472
[GA][Iter4] Gen:1 Ind:1 RMSE(val)=29.611366
[GA][Iter4] Gen:1 Ind:2 RMSE(val)=30.232147
[GA][Iter4] Gen:1 Ind:3 RMSE(val)=29.006298
[GA][Iter4] Gen:1 Ind:4 RMSE(val)=31.201633
[GA][Iter4] Gen:1 Ind:5 RMSE(val)=29.716113
[GA][Iter4] Gen:1 Ind:6 RMSE(val)=30.078330
[GA][Iter4] Gen:1 Ind:7 RMSE(val)=31.158387
[GA][Iter4] Gen:1 Ind:8 RMSE(val)=29.998979
[GA][Iter4] Gen:1 Ind:9 RMSE(val)=30.150603
[GA][Iter4] Gen:1 Ind:10 RMSE(val)=29.832828
[GA][Iter4] Gen:1 Ind:11 RMSE(val)=31.128684
[GA][Iter4] Gen:1 Ind:12 RMSE(val)=27.964040
[GA][Iter4] Gen:1 Ind:13 RMSE(val)=29.789708
[GA][Iter4] Gen:1 Ind:14 RMSE(val)=29.494296
[GA][Iter4] Gen:1 Ind:15 RMSE(val)=28.649295
[GA][Iter4] Gen:1 Ind:16 RMSE(val)=30.884871
[GA][Iter4] Gen:1 Ind:17 RMSE(val)=28.994818
[GA][Iter4] Gen:1 Ind:18 RMSE(val)=29.051846
[GA][Iter4] Gen:1 Ind:19 RMSE(val)=30.074579
[GA][Iter4] Gen:1 Ind:20 RMSE(val)=30.259934
[GA][Iter4] gen=1 best_val_rmse=27.964040
[GA][Iter4] Gen:2 Ind:1 RMSE(val)=27.964040
[GA][Iter4] Gen:2 Ind:2 RMSE(val)=28.649295
[GA][Iter4] Gen:2 Ind:3 RMSE(val)=28.994818
[GA][Iter4] Gen:2 Ind:4 RMSE(val)=29.006298
[GA][Iter4] Gen:2 Ind:5 RMSE(val)=29.051846
[GA][Iter4] Gen:2 Ind:6 RMSE(val)=29.494296
[GA][Iter4] Gen:2 Ind:7 RMSE(val)=29.611366
[GA][Iter4] Gen:2 Ind:8 RMSE(val)=29.716113
[GA][Iter4] Gen:2 Ind:9 RMSE(val)=29.789708
[GA][Iter4] Gen:2 Ind:10 RMSE(val)=29.832828
[GA][Iter4] Gen:2 Ind:11 RMSE(val)=29.399421
[GA][Iter4] Gen:2 Ind:12 RMSE(val)=29.692220
[GA][Iter4] Gen:2 Ind:13 RMSE(val)=28.737008
[GA][Iter4] Gen:2 Ind:14 RMSE(val)=29.201932
[GA][Iter4] Gen:2 Ind:15 RMSE(val)=31.273491
[GA][Iter4] Gen:2 Ind:16 RMSE(val)=29.607386
[GA][Iter4] Gen:2 Ind:17 RMSE(val)=28.820374
[GA][Iter4] Gen:2 Ind:18 RMSE(val)=30.289165
[GA][Iter4] Gen:2 Ind:19 RMSE(val)=30.098922
[GA][Iter4] Gen:2 Ind:20 RMSE(val)=29.766650
[GA][Iter4] gen=2 best_val_rmse=27.964040
[GA][Iter4] Gen:3 Ind:1 RMSE(val)=27.964040
[GA][Iter4] Gen:3 Ind:2 RMSE(val)=28.649295
[GA][Iter4] Gen:3 Ind:3 RMSE(val)=28.737008
[GA][Iter4] Gen:3 Ind:4 RMSE(val)=28.820374
[GA][Iter4] Gen:3 Ind:5 RMSE(val)=28.994818
[GA][Iter4] Gen:3 Ind:6 RMSE(val)=29.006298
[GA][Iter4] Gen:3 Ind:7 RMSE(val)=29.051846
[GA][Iter4] Gen:3 Ind:8 RMSE(val)=29.201932
[GA][Iter4] Gen:3 Ind:9 RMSE(val)=29.399421
[GA][Iter4] Gen:3 Ind:10 RMSE(val)=29.494296
[GA][Iter4] Gen:3 Ind:11 RMSE(val)=29.786869
[GA][Iter4] Gen:3 Ind:12 RMSE(val)=29.205881
[GA][Iter4] Gen:3 Ind:13 RMSE(val)=28.712051
[GA][Iter4] Gen:3 Ind:14 RMSE(val)=28.427343
[GA][Iter4] Gen:3 Ind:15 RMSE(val)=28.825563
[GA][Iter4] Gen:3 Ind:16 RMSE(val)=29.214841
[GA][Iter4] Gen:3 Ind:17 RMSE(val)=29.388771
[GA][Iter4] Gen:3 Ind:18 RMSE(val)=29.062563
[GA][Iter4] Gen:3 Ind:19 RMSE(val)=29.463798
[GA][Iter4] Gen:3 Ind:20 RMSE(val)=28.883132
[GA][Iter4] gen=3 best_val_rmse=27.964040
[GA][Iter4] Gen:4 Ind:1 RMSE(val)=27.964040
[GA][Iter4] Gen:4 Ind:2 RMSE(val)=28.427343
[GA][Iter4] Gen:4 Ind:3 RMSE(val)=28.649295
[GA][Iter4] Gen:4 Ind:4 RMSE(val)=28.712051
[GA][Iter4] Gen:4 Ind:5 RMSE(val)=28.737008
[GA][Iter4] Gen:4 Ind:6 RMSE(val)=28.820374
[GA][Iter4] Gen:4 Ind:7 RMSE(val)=28.825563
[GA][Iter4] Gen:4 Ind:8 RMSE(val)=28.883132
[GA][Iter4] Gen:4 Ind:9 RMSE(val)=28.994818
[GA][Iter4] Gen:4 Ind:10 RMSE(val)=29.006298
[GA][Iter4] Gen:4 Ind:11 RMSE(val)=29.261308
[GA][Iter4] Gen:4 Ind:12 RMSE(val)=29.305780
[GA][Iter4] Gen:4 Ind:13 RMSE(val)=29.129038
[GA][Iter4] Gen:4 Ind:14 RMSE(val)=28.088565
[GA][Iter4] Gen:4 Ind:15 RMSE(val)=29.086984
[GA][Iter4] Gen:4 Ind:16 RMSE(val)=29.036258
[GA][Iter4] Gen:4 Ind:17 RMSE(val)=29.620178
[GA][Iter4] Gen:4 Ind:18 RMSE(val)=28.648135
[GA][Iter4] Gen:4 Ind:19 RMSE(val)=28.788508
[GA][Iter4] Gen:4 Ind:20 RMSE(val)=29.783880
[GA][Iter4] gen=4 best_val_rmse=27.964040
[GA][Iter4] Gen:5 Ind:1 RMSE(val)=27.964040
[GA][Iter4] Gen:5 Ind:2 RMSE(val)=28.088565
[GA][Iter4] Gen:5 Ind:3 RMSE(val)=28.427343
[GA][Iter4] Gen:5 Ind:4 RMSE(val)=28.648135
[GA][Iter4] Gen:5 Ind:5 RMSE(val)=28.649295
[GA][Iter4] Gen:5 Ind:6 RMSE(val)=28.712051
[GA][Iter4] Gen:5 Ind:7 RMSE(val)=28.737008
[GA][Iter4] Gen:5 Ind:8 RMSE(val)=28.788508
[GA][Iter4] Gen:5 Ind:9 RMSE(val)=28.820374
[GA][Iter4] Gen:5 Ind:10 RMSE(val)=28.825563
[GA][Iter4] Gen:5 Ind:11 RMSE(val)=28.915839
[GA][Iter4] Gen:5 Ind:12 RMSE(val)=28.829227
[GA][Iter4] Gen:5 Ind:13 RMSE(val)=29.255550
[GA][Iter4] Gen:5 Ind:14 RMSE(val)=28.270993
[GA][Iter4] Gen:5 Ind:15 RMSE(val)=29.115744
[GA][Iter4] Gen:5 Ind:16 RMSE(val)=28.136090
[GA][Iter4] Gen:5 Ind:17 RMSE(val)=29.424450
[GA][Iter4] Gen:5 Ind:18 RMSE(val)=28.101123
[GA][Iter4] Gen:5 Ind:19 RMSE(val)=28.211675
[GA][Iter4] Gen:5 Ind:20 RMSE(val)=28.444690
[GA][Iter4] gen=5 best_val_rmse=27.964040
[GA][Iter4] Gen:6 Ind:1 RMSE(val)=27.964040
[GA][Iter4] Gen:6 Ind:2 RMSE(val)=28.088565
[GA][Iter4] Gen:6 Ind:3 RMSE(val)=28.101123
[GA][Iter4] Gen:6 Ind:4 RMSE(val)=28.136090
[GA][Iter4] Gen:6 Ind:5 RMSE(val)=28.211675
[GA][Iter4] Gen:6 Ind:6 RMSE(val)=28.270993
[GA][Iter4] Gen:6 Ind:7 RMSE(val)=28.427343
[GA][Iter4] Gen:6 Ind:8 RMSE(val)=28.444690
[GA][Iter4] Gen:6 Ind:9 RMSE(val)=28.648135
[GA][Iter4] Gen:6 Ind:10 RMSE(val)=28.649295
[GA][Iter4] Gen:6 Ind:11 RMSE(val)=28.035391
[GA][Iter4] Gen:6 Ind:12 RMSE(val)=28.540312
[GA][Iter4] Gen:6 Ind:13 RMSE(val)=28.813066
[GA][Iter4] Gen:6 Ind:14 RMSE(val)=28.461869
[GA][Iter4] Gen:6 Ind:15 RMSE(val)=28.351183
[GA][Iter4] Gen:6 Ind:16 RMSE(val)=28.365487
[GA][Iter4] Gen:6 Ind:17 RMSE(val)=28.257306
[GA][Iter4] Gen:6 Ind:18 RMSE(val)=28.654608
[GA][Iter4] Gen:6 Ind:19 RMSE(val)=28.786530
[GA][Iter4] Gen:6 Ind:20 RMSE(val)=28.232355
[GA][Iter4] gen=6 best_val_rmse=27.964040
[GA][Iter4] Gen:7 Ind:1 RMSE(val)=27.964040
[GA][Iter4] Gen:7 Ind:2 RMSE(val)=28.035391
[GA][Iter4] Gen:7 Ind:3 RMSE(val)=28.088565
[GA][Iter4] Gen:7 Ind:4 RMSE(val)=28.101123
[GA][Iter4] Gen:7 Ind:5 RMSE(val)=28.136090
[GA][Iter4] Gen:7 Ind:6 RMSE(val)=28.211675
[GA][Iter4] Gen:7 Ind:7 RMSE(val)=28.232355
[GA][Iter4] Gen:7 Ind:8 RMSE(val)=28.257306
[GA][Iter4] Gen:7 Ind:9 RMSE(val)=28.270993
[GA][Iter4] Gen:7 Ind:10 RMSE(val)=28.351183
[GA][Iter4] Gen:7 Ind:11 RMSE(val)=28.537736
[GA][Iter4] Gen:7 Ind:12 RMSE(val)=28.264535
[GA][Iter4] Gen:7 Ind:13 RMSE(val)=28.200431
[GA][Iter4] Gen:7 Ind:14 RMSE(val)=28.883210
[GA][Iter4] Gen:7 Ind:15 RMSE(val)=27.990081
[GA][Iter4] Gen:7 Ind:16 RMSE(val)=28.016948
[GA][Iter4] Gen:7 Ind:17 RMSE(val)=28.273990
[GA][Iter4] Gen:7 Ind:18 RMSE(val)=28.568229
[GA][Iter4] Gen:7 Ind:19 RMSE(val)=28.149520
[GA][Iter4] Gen:7 Ind:20 RMSE(val)=27.978394
[GA][Iter4] gen=7 best_val_rmse=27.964040
[GA][Iter4] Gen:8 Ind:1 RMSE(val)=27.964040
[GA][Iter4] Gen:8 Ind:2 RMSE(val)=27.978394
[GA][Iter4] Gen:8 Ind:3 RMSE(val)=27.990081
[GA][Iter4] Gen:8 Ind:4 RMSE(val)=28.016948
[GA][Iter4] Gen:8 Ind:5 RMSE(val)=28.035391
[GA][Iter4] Gen:8 Ind:6 RMSE(val)=28.088565
[GA][Iter4] Gen:8 Ind:7 RMSE(val)=28.101123
[GA][Iter4] Gen:8 Ind:8 RMSE(val)=28.136090
[GA][Iter4] Gen:8 Ind:9 RMSE(val)=28.149520
[GA][Iter4] Gen:8 Ind:10 RMSE(val)=28.200431
[GA][Iter4] Gen:8 Ind:11 RMSE(val)=27.929854
[GA][Iter4] Gen:8 Ind:12 RMSE(val)=28.424298
[GA][Iter4] Gen:8 Ind:13 RMSE(val)=28.572779
[GA][Iter4] Gen:8 Ind:14 RMSE(val)=27.848364
[GA][Iter4] Gen:8 Ind:15 RMSE(val)=28.034797
[GA][Iter4] Gen:8 Ind:16 RMSE(val)=28.460178
[GA][Iter4] Gen:8 Ind:17 RMSE(val)=28.539953
[GA][Iter4] Gen:8 Ind:18 RMSE(val)=28.072115
[GA][Iter4] Gen:8 Ind:19 RMSE(val)=27.964040
[GA][Iter4] Gen:8 Ind:20 RMSE(val)=27.971495
[GA][Iter4] gen=8 best_val_rmse=27.848364
[GA][Iter4] Gen:9 Ind:1 RMSE(val)=27.848364
[GA][Iter4] Gen:9 Ind:2 RMSE(val)=27.929854
[GA][Iter4] Gen:9 Ind:3 RMSE(val)=27.964040
[GA][Iter4] Gen:9 Ind:4 RMSE(val)=27.964040
[GA][Iter4] Gen:9 Ind:5 RMSE(val)=27.971495
[GA][Iter4] Gen:9 Ind:6 RMSE(val)=27.978394
[GA][Iter4] Gen:9 Ind:7 RMSE(val)=27.990081
[GA][Iter4] Gen:9 Ind:8 RMSE(val)=28.016948
[GA][Iter4] Gen:9 Ind:9 RMSE(val)=28.034797
[GA][Iter4] Gen:9 Ind:10 RMSE(val)=28.035391
[GA][Iter4] Gen:9 Ind:11 RMSE(val)=28.292568
[GA][Iter4] Gen:9 Ind:12 RMSE(val)=28.632586
[GA][Iter4] Gen:9 Ind:13 RMSE(val)=28.505358
[GA][Iter4] Gen:9 Ind:14 RMSE(val)=28.402592
[GA][Iter4] Gen:9 Ind:15 RMSE(val)=28.596782
[GA][Iter4] Gen:9 Ind:16 RMSE(val)=28.680577
[GA][Iter4] Gen:9 Ind:17 RMSE(val)=28.312371
[GA][Iter4] Gen:9 Ind:18 RMSE(val)=27.752180
[GA][Iter4] Gen:9 Ind:19 RMSE(val)=27.818465
[GA][Iter4] Gen:9 Ind:20 RMSE(val)=28.298521
[GA][Iter4] gen=9 best_val_rmse=27.752180
[GA][Iter4] Gen:10 Ind:1 RMSE(val)=27.752180
[GA][Iter4] Gen:10 Ind:2 RMSE(val)=27.818465
[GA][Iter4] Gen:10 Ind:3 RMSE(val)=27.848364
[GA][Iter4] Gen:10 Ind:4 RMSE(val)=27.929854
[GA][Iter4] Gen:10 Ind:5 RMSE(val)=27.964040
[GA][Iter4] Gen:10 Ind:6 RMSE(val)=27.964040
[GA][Iter4] Gen:10 Ind:7 RMSE(val)=27.971495
[GA][Iter4] Gen:10 Ind:8 RMSE(val)=27.978394
[GA][Iter4] Gen:10 Ind:9 RMSE(val)=27.990081
[GA][Iter4] Gen:10 Ind:10 RMSE(val)=28.016948
[GA][Iter4] Gen:10 Ind:11 RMSE(val)=27.706046
[GA][Iter4] Gen:10 Ind:12 RMSE(val)=28.186814
[GA][Iter4] Gen:10 Ind:13 RMSE(val)=27.895488
[GA][Iter4] Gen:10 Ind:14 RMSE(val)=27.964040
[GA][Iter4] Gen:10 Ind:15 RMSE(val)=28.668976
[GA][Iter4] Gen:10 Ind:16 RMSE(val)=27.504141
[GA][Iter4] Gen:10 Ind:17 RMSE(val)=27.949922
[GA][Iter4] Gen:10 Ind:18 RMSE(val)=28.178063
[GA][Iter4] Gen:10 Ind:19 RMSE(val)=27.818465
[GA][Iter4] Gen:10 Ind:20 RMSE(val)=28.412032
[GA][Iter4] gen=10 best_val_rmse=27.504141
[GA][Iter4] Gen:11 Ind:1 RMSE(val)=27.504141
[GA][Iter4] Gen:11 Ind:2 RMSE(val)=27.706046
[GA][Iter4] Gen:11 Ind:3 RMSE(val)=27.752180
[GA][Iter4] Gen:11 Ind:4 RMSE(val)=27.818465
[GA][Iter4] Gen:11 Ind:5 RMSE(val)=27.818465
[GA][Iter4] Gen:11 Ind:6 RMSE(val)=27.848364
[GA][Iter4] Gen:11 Ind:7 RMSE(val)=27.895488
[GA][Iter4] Gen:11 Ind:8 RMSE(val)=27.929854
[GA][Iter4] Gen:11 Ind:9 RMSE(val)=27.949922
[GA][Iter4] Gen:11 Ind:10 RMSE(val)=27.964040
[GA][Iter4] Gen:11 Ind:11 RMSE(val)=28.183727
[GA][Iter4] Gen:11 Ind:12 RMSE(val)=27.959025
[GA][Iter4] Gen:11 Ind:13 RMSE(val)=28.810457
[GA][Iter4] Gen:11 Ind:14 RMSE(val)=28.387277
[GA][Iter4] Gen:11 Ind:15 RMSE(val)=27.775862
[GA][Iter4] Gen:11 Ind:16 RMSE(val)=28.501725
[GA][Iter4] Gen:11 Ind:17 RMSE(val)=27.789572
[GA][Iter4] Gen:11 Ind:18 RMSE(val)=28.274570
[GA][Iter4] Gen:11 Ind:19 RMSE(val)=27.890797
[GA][Iter4] Gen:11 Ind:20 RMSE(val)=27.976824
[GA][Iter4] gen=11 best_val_rmse=27.504141
[GA][Iter4] Gen:12 Ind:1 RMSE(val)=27.504141
[GA][Iter4] Gen:12 Ind:2 RMSE(val)=27.706046
[GA][Iter4] Gen:12 Ind:3 RMSE(val)=27.752180
[GA][Iter4] Gen:12 Ind:4 RMSE(val)=27.775862
[GA][Iter4] Gen:12 Ind:5 RMSE(val)=27.789572
[GA][Iter4] Gen:12 Ind:6 RMSE(val)=27.818465
[GA][Iter4] Gen:12 Ind:7 RMSE(val)=27.818465
[GA][Iter4] Gen:12 Ind:8 RMSE(val)=27.848364
[GA][Iter4] Gen:12 Ind:9 RMSE(val)=27.890797
[GA][Iter4] Gen:12 Ind:10 RMSE(val)=27.895488
[GA][Iter4] Gen:12 Ind:11 RMSE(val)=27.774007
[GA][Iter4] Gen:12 Ind:12 RMSE(val)=27.884054
[GA][Iter4] Gen:12 Ind:13 RMSE(val)=27.775776
[GA][Iter4] Gen:12 Ind:14 RMSE(val)=27.687564
[GA][Iter4] Gen:12 Ind:15 RMSE(val)=27.895488
[GA][Iter4] Gen:12 Ind:16 RMSE(val)=27.768745
[GA][Iter4] Gen:12 Ind:17 RMSE(val)=28.680737
[GA][Iter4] Gen:12 Ind:18 RMSE(val)=28.004137
[GA][Iter4] Gen:12 Ind:19 RMSE(val)=28.349132
[GA][Iter4] Gen:12 Ind:20 RMSE(val)=28.333766
[GA][Iter4] gen=12 best_val_rmse=27.504141
[GA][Iter4] Gen:13 Ind:1 RMSE(val)=27.504141
[GA][Iter4] Gen:13 Ind:2 RMSE(val)=27.687564
[GA][Iter4] Gen:13 Ind:3 RMSE(val)=27.706046
[GA][Iter4] Gen:13 Ind:4 RMSE(val)=27.752180
[GA][Iter4] Gen:13 Ind:5 RMSE(val)=27.768745
[GA][Iter4] Gen:13 Ind:6 RMSE(val)=27.774007
[GA][Iter4] Gen:13 Ind:7 RMSE(val)=27.775776
[GA][Iter4] Gen:13 Ind:8 RMSE(val)=27.775862
[GA][Iter4] Gen:13 Ind:9 RMSE(val)=27.789572
[GA][Iter4] Gen:13 Ind:10 RMSE(val)=27.818465
[GA][Iter4] Gen:13 Ind:11 RMSE(val)=27.774007
[GA][Iter4] Gen:13 Ind:12 RMSE(val)=28.081257
[GA][Iter4] Gen:13 Ind:13 RMSE(val)=27.789572
[GA][Iter4] Gen:13 Ind:14 RMSE(val)=27.758960
[GA][Iter4] Gen:13 Ind:15 RMSE(val)=27.817576
[GA][Iter4] Gen:13 Ind:16 RMSE(val)=27.789572
[GA][Iter4] Gen:13 Ind:17 RMSE(val)=27.504141
[GA][Iter4] Gen:13 Ind:18 RMSE(val)=27.793058
[GA][Iter4] Gen:13 Ind:19 RMSE(val)=27.774007
[GA][Iter4] Gen:13 Ind:20 RMSE(val)=27.802174
[GA][Iter4] gen=13 best_val_rmse=27.504141
[GA][Iter4] Gen:14 Ind:1 RMSE(val)=27.504141
[GA][Iter4] Gen:14 Ind:2 RMSE(val)=27.504141
[GA][Iter4] Gen:14 Ind:3 RMSE(val)=27.687564
[GA][Iter4] Gen:14 Ind:4 RMSE(val)=27.706046
[GA][Iter4] Gen:14 Ind:5 RMSE(val)=27.752180
[GA][Iter4] Gen:14 Ind:6 RMSE(val)=27.758960
[GA][Iter4] Gen:14 Ind:7 RMSE(val)=27.768745
[GA][Iter4] Gen:14 Ind:8 RMSE(val)=27.774007
[GA][Iter4] Gen:14 Ind:9 RMSE(val)=27.774007
[GA][Iter4] Gen:14 Ind:10 RMSE(val)=27.774007
[GA][Iter4] Gen:14 Ind:11 RMSE(val)=27.821132
[GA][Iter4] Gen:14 Ind:12 RMSE(val)=28.008754
[GA][Iter4] Gen:14 Ind:13 RMSE(val)=27.818465
[GA][Iter4] Gen:14 Ind:14 RMSE(val)=27.460806
[GA][Iter4] Gen:14 Ind:15 RMSE(val)=27.758960
[GA][Iter4] Gen:14 Ind:16 RMSE(val)=27.774007
[GA][Iter4] Gen:14 Ind:17 RMSE(val)=27.492767
[GA][Iter4] Gen:14 Ind:18 RMSE(val)=27.706046
[GA][Iter4] Gen:14 Ind:19 RMSE(val)=27.758960
[GA][Iter4] Gen:14 Ind:20 RMSE(val)=27.918494
[GA][Iter4] gen=14 best_val_rmse=27.460806
[GA][Iter4] Gen:15 Ind:1 RMSE(val)=27.460806
[GA][Iter4] Gen:15 Ind:2 RMSE(val)=27.492767
[GA][Iter4] Gen:15 Ind:3 RMSE(val)=27.504141
[GA][Iter4] Gen:15 Ind:4 RMSE(val)=27.504141
[GA][Iter4] Gen:15 Ind:5 RMSE(val)=27.687564
[GA][Iter4] Gen:15 Ind:6 RMSE(val)=27.706046
[GA][Iter4] Gen:15 Ind:7 RMSE(val)=27.706046
[GA][Iter4] Gen:15 Ind:8 RMSE(val)=27.752180
[GA][Iter4] Gen:15 Ind:9 RMSE(val)=27.758960
[GA][Iter4] Gen:15 Ind:10 RMSE(val)=27.758960
[GA][Iter4] Gen:15 Ind:11 RMSE(val)=27.760172
[GA][Iter4] Gen:15 Ind:12 RMSE(val)=27.818051
[GA][Iter4] Gen:15 Ind:13 RMSE(val)=27.810207
[GA][Iter4] Gen:15 Ind:14 RMSE(val)=27.837173
[GA][Iter4] Gen:15 Ind:15 RMSE(val)=27.758757
[GA][Iter4] Gen:15 Ind:16 RMSE(val)=28.165940
[GA][Iter4] Gen:15 Ind:17 RMSE(val)=27.587462
[GA][Iter4] Gen:15 Ind:18 RMSE(val)=27.696978
[GA][Iter4] Gen:15 Ind:19 RMSE(val)=28.162551
[GA][Iter4] Gen:15 Ind:20 RMSE(val)=27.587462
[GA][Iter4] gen=15 best_val_rmse=27.460806
[GA][Iter4] Gen:15 Ind:1 RMSE(val)=27.460806
[GA][Iter4] Gen:15 Ind:2 RMSE(val)=27.492767
[GA][Iter4] Gen:15 Ind:3 RMSE(val)=27.504141
[GA][Iter4] Gen:15 Ind:4 RMSE(val)=27.504141
[GA][Iter4] Gen:15 Ind:5 RMSE(val)=27.587462
[GA][Iter4] Gen:15 Ind:6 RMSE(val)=27.587462
[GA][Iter4] Gen:15 Ind:7 RMSE(val)=27.687564
[GA][Iter4] Gen:15 Ind:8 RMSE(val)=27.696978
[GA][Iter4] Gen:15 Ind:9 RMSE(val)=27.706046
[GA][Iter4] Gen:15 Ind:10 RMSE(val)=27.706046
[GA][Iter4] Gen:15 Ind:11 RMSE(val)=27.706046
[GA][Iter4] Gen:15 Ind:12 RMSE(val)=28.168278
[GA][Iter4] Gen:15 Ind:13 RMSE(val)=27.696978
[GA][Iter4] Gen:15 Ind:14 RMSE(val)=27.801085
[GA][Iter4] Gen:15 Ind:15 RMSE(val)=28.345125
[GA][Iter4] Gen:15 Ind:16 RMSE(val)=28.079833
[GA][Iter4] Gen:15 Ind:17 RMSE(val)=27.587462
[GA][Iter4] Gen:15 Ind:18 RMSE(val)=27.963590
[GA][Iter4] Gen:15 Ind:19 RMSE(val)=28.051707
[GA][Iter4] Gen:15 Ind:20 RMSE(val)=27.643289

[GA DONE][Iter4] Best params on val fold of Iter4
Best val RMSE: 27.460806
Best params: {'n_estimators': 936, 'learning_rate': 0.03932270392041475, 'max_depth': 3, 'min_child_weight': 2.161259475300781, 'subsample': 0.6400931100442903, 'colsample_bytree': 0.7690457592614011, 'reg_lambda': 11.306392403494492, 'reg_alpha': 0.023248328946342524, 'gamma': 0.08288458688284585}
--------------------------------------------------------------------------------
[RETUNE GA] Iter4: train folds 1..8 -> test fold 9  RMSE=30.579352  NRMSE=0.593099  CVRMSE=0.273845  R2=0.644410
[GA][Iter5] Gen:1 Ind:1 RMSE(val)=32.777751
[GA][Iter5] Gen:1 Ind:2 RMSE(val)=31.754460
[GA][Iter5] Gen:1 Ind:3 RMSE(val)=35.205931
[GA][Iter5] Gen:1 Ind:4 RMSE(val)=40.562544
[GA][Iter5] Gen:1 Ind:5 RMSE(val)=36.021746
[GA][Iter5] Gen:1 Ind:6 RMSE(val)=35.627925
[GA][Iter5] Gen:1 Ind:7 RMSE(val)=40.878219
[GA][Iter5] Gen:1 Ind:8 RMSE(val)=28.575195
[GA][Iter5] Gen:1 Ind:9 RMSE(val)=32.901047
[GA][Iter5] Gen:1 Ind:10 RMSE(val)=30.923704
[GA][Iter5] Gen:1 Ind:11 RMSE(val)=40.360320
[GA][Iter5] Gen:1 Ind:12 RMSE(val)=31.870280
[GA][Iter5] Gen:1 Ind:13 RMSE(val)=38.413117
[GA][Iter5] Gen:1 Ind:14 RMSE(val)=33.282033
[GA][Iter5] Gen:1 Ind:15 RMSE(val)=33.715640
[GA][Iter5] Gen:1 Ind:16 RMSE(val)=40.709737
[GA][Iter5] Gen:1 Ind:17 RMSE(val)=30.835128
[GA][Iter5] Gen:1 Ind:18 RMSE(val)=30.474911
[GA][Iter5] Gen:1 Ind:19 RMSE(val)=37.128718
[GA][Iter5] Gen:1 Ind:20 RMSE(val)=35.900502
[GA][Iter5] gen=1 best_val_rmse=28.575195
[GA][Iter5] Gen:2 Ind:1 RMSE(val)=28.575195
[GA][Iter5] Gen:2 Ind:2 RMSE(val)=30.474911
[GA][Iter5] Gen:2 Ind:3 RMSE(val)=30.835128
[GA][Iter5] Gen:2 Ind:4 RMSE(val)=30.923704
[GA][Iter5] Gen:2 Ind:5 RMSE(val)=31.754460
[GA][Iter5] Gen:2 Ind:6 RMSE(val)=31.870280
[GA][Iter5] Gen:2 Ind:7 RMSE(val)=32.777751
[GA][Iter5] Gen:2 Ind:8 RMSE(val)=32.901047
[GA][Iter5] Gen:2 Ind:9 RMSE(val)=33.282033
[GA][Iter5] Gen:2 Ind:10 RMSE(val)=33.715640
[GA][Iter5] Gen:2 Ind:11 RMSE(val)=32.607938
[GA][Iter5] Gen:2 Ind:12 RMSE(val)=31.755498
[GA][Iter5] Gen:2 Ind:13 RMSE(val)=30.981123
[GA][Iter5] Gen:2 Ind:14 RMSE(val)=33.255404
[GA][Iter5] Gen:2 Ind:15 RMSE(val)=32.347846
[GA][Iter5] Gen:2 Ind:16 RMSE(val)=32.954873
[GA][Iter5] Gen:2 Ind:17 RMSE(val)=30.551771
[GA][Iter5] Gen:2 Ind:18 RMSE(val)=31.980702
[GA][Iter5] Gen:2 Ind:19 RMSE(val)=30.737666
[GA][Iter5] Gen:2 Ind:20 RMSE(val)=31.800669
[GA][Iter5] gen=2 best_val_rmse=28.575195
[GA][Iter5] Gen:3 Ind:1 RMSE(val)=28.575195
[GA][Iter5] Gen:3 Ind:2 RMSE(val)=30.474911
[GA][Iter5] Gen:3 Ind:3 RMSE(val)=30.551771
[GA][Iter5] Gen:3 Ind:4 RMSE(val)=30.737666
[GA][Iter5] Gen:3 Ind:5 RMSE(val)=30.835128
[GA][Iter5] Gen:3 Ind:6 RMSE(val)=30.923704
[GA][Iter5] Gen:3 Ind:7 RMSE(val)=30.981123
[GA][Iter5] Gen:3 Ind:8 RMSE(val)=31.754460
[GA][Iter5] Gen:3 Ind:9 RMSE(val)=31.755498
[GA][Iter5] Gen:3 Ind:10 RMSE(val)=31.800669
[GA][Iter5] Gen:3 Ind:11 RMSE(val)=31.299206
[GA][Iter5] Gen:3 Ind:12 RMSE(val)=31.944372
[GA][Iter5] Gen:3 Ind:13 RMSE(val)=30.920561
[GA][Iter5] Gen:3 Ind:14 RMSE(val)=30.558086
[GA][Iter5] Gen:3 Ind:15 RMSE(val)=30.452171
[GA][Iter5] Gen:3 Ind:16 RMSE(val)=31.496178
[GA][Iter5] Gen:3 Ind:17 RMSE(val)=31.208317
[GA][Iter5] Gen:3 Ind:18 RMSE(val)=30.929116
[GA][Iter5] Gen:3 Ind:19 RMSE(val)=32.452457
[GA][Iter5] Gen:3 Ind:20 RMSE(val)=31.761056
[GA][Iter5] gen=3 best_val_rmse=28.575195
[GA][Iter5] Gen:4 Ind:1 RMSE(val)=28.575195
[GA][Iter5] Gen:4 Ind:2 RMSE(val)=30.452171
[GA][Iter5] Gen:4 Ind:3 RMSE(val)=30.474911
[GA][Iter5] Gen:4 Ind:4 RMSE(val)=30.551771
[GA][Iter5] Gen:4 Ind:5 RMSE(val)=30.558086
[GA][Iter5] Gen:4 Ind:6 RMSE(val)=30.737666
[GA][Iter5] Gen:4 Ind:7 RMSE(val)=30.835128
[GA][Iter5] Gen:4 Ind:8 RMSE(val)=30.920561
[GA][Iter5] Gen:4 Ind:9 RMSE(val)=30.923704
[GA][Iter5] Gen:4 Ind:10 RMSE(val)=30.929116
[GA][Iter5] Gen:4 Ind:11 RMSE(val)=31.364168
[GA][Iter5] Gen:4 Ind:12 RMSE(val)=30.102249
[GA][Iter5] Gen:4 Ind:13 RMSE(val)=30.921527
[GA][Iter5] Gen:4 Ind:14 RMSE(val)=31.017550
[GA][Iter5] Gen:4 Ind:15 RMSE(val)=31.946639
[GA][Iter5] Gen:4 Ind:16 RMSE(val)=31.334007
[GA][Iter5] Gen:4 Ind:17 RMSE(val)=30.672830
[GA][Iter5] Gen:4 Ind:18 RMSE(val)=30.944835
[GA][Iter5] Gen:4 Ind:19 RMSE(val)=30.069941
[GA][Iter5] Gen:4 Ind:20 RMSE(val)=31.269614
[GA][Iter5] gen=4 best_val_rmse=28.575195
[GA][Iter5] Gen:5 Ind:1 RMSE(val)=28.575195
[GA][Iter5] Gen:5 Ind:2 RMSE(val)=30.069941
[GA][Iter5] Gen:5 Ind:3 RMSE(val)=30.102249
[GA][Iter5] Gen:5 Ind:4 RMSE(val)=30.452171
[GA][Iter5] Gen:5 Ind:5 RMSE(val)=30.474911
[GA][Iter5] Gen:5 Ind:6 RMSE(val)=30.551771
[GA][Iter5] Gen:5 Ind:7 RMSE(val)=30.558086
[GA][Iter5] Gen:5 Ind:8 RMSE(val)=30.672830
[GA][Iter5] Gen:5 Ind:9 RMSE(val)=30.737666
[GA][Iter5] Gen:5 Ind:10 RMSE(val)=30.835128
[GA][Iter5] Gen:5 Ind:11 RMSE(val)=31.155450
[GA][Iter5] Gen:5 Ind:12 RMSE(val)=30.764489
[GA][Iter5] Gen:5 Ind:13 RMSE(val)=30.383092
[GA][Iter5] Gen:5 Ind:14 RMSE(val)=29.839931
[GA][Iter5] Gen:5 Ind:15 RMSE(val)=31.926400
[GA][Iter5] Gen:5 Ind:16 RMSE(val)=31.525747
[GA][Iter5] Gen:5 Ind:17 RMSE(val)=30.210972
[GA][Iter5] Gen:5 Ind:18 RMSE(val)=31.830006
[GA][Iter5] Gen:5 Ind:19 RMSE(val)=31.142110
[GA][Iter5] Gen:5 Ind:20 RMSE(val)=30.998936
[GA][Iter5] gen=5 best_val_rmse=28.575195
[GA][Iter5] Gen:6 Ind:1 RMSE(val)=28.575195
[GA][Iter5] Gen:6 Ind:2 RMSE(val)=29.839931
[GA][Iter5] Gen:6 Ind:3 RMSE(val)=30.069941
[GA][Iter5] Gen:6 Ind:4 RMSE(val)=30.102249
[GA][Iter5] Gen:6 Ind:5 RMSE(val)=30.210972
[GA][Iter5] Gen:6 Ind:6 RMSE(val)=30.383092
[GA][Iter5] Gen:6 Ind:7 RMSE(val)=30.452171
[GA][Iter5] Gen:6 Ind:8 RMSE(val)=30.474911
[GA][Iter5] Gen:6 Ind:9 RMSE(val)=30.551771
[GA][Iter5] Gen:6 Ind:10 RMSE(val)=30.558086
[GA][Iter5] Gen:6 Ind:11 RMSE(val)=31.878302
[GA][Iter5] Gen:6 Ind:12 RMSE(val)=31.991622
[GA][Iter5] Gen:6 Ind:13 RMSE(val)=30.508491
[GA][Iter5] Gen:6 Ind:14 RMSE(val)=29.242432
[GA][Iter5] Gen:6 Ind:15 RMSE(val)=29.536595
[GA][Iter5] Gen:6 Ind:16 RMSE(val)=30.616673
[GA][Iter5] Gen:6 Ind:17 RMSE(val)=28.633448
[GA][Iter5] Gen:6 Ind:18 RMSE(val)=30.258701
[GA][Iter5] Gen:6 Ind:19 RMSE(val)=29.447147
[GA][Iter5] Gen:6 Ind:20 RMSE(val)=30.220771
[GA][Iter5] gen=6 best_val_rmse=28.575195
[GA][Iter5] Gen:7 Ind:1 RMSE(val)=28.575195
[GA][Iter5] Gen:7 Ind:2 RMSE(val)=28.633448
[GA][Iter5] Gen:7 Ind:3 RMSE(val)=29.242432
[GA][Iter5] Gen:7 Ind:4 RMSE(val)=29.447147
[GA][Iter5] Gen:7 Ind:5 RMSE(val)=29.536595
[GA][Iter5] Gen:7 Ind:6 RMSE(val)=29.839931
[GA][Iter5] Gen:7 Ind:7 RMSE(val)=30.069941
[GA][Iter5] Gen:7 Ind:8 RMSE(val)=30.102249
[GA][Iter5] Gen:7 Ind:9 RMSE(val)=30.210972
[GA][Iter5] Gen:7 Ind:10 RMSE(val)=30.220771
[GA][Iter5] Gen:7 Ind:11 RMSE(val)=30.525135
[GA][Iter5] Gen:7 Ind:12 RMSE(val)=29.764669
[GA][Iter5] Gen:7 Ind:13 RMSE(val)=30.088295
[GA][Iter5] Gen:7 Ind:14 RMSE(val)=30.634803
[GA][Iter5] Gen:7 Ind:15 RMSE(val)=30.064818
[GA][Iter5] Gen:7 Ind:16 RMSE(val)=29.557768
[GA][Iter5] Gen:7 Ind:17 RMSE(val)=30.570835
[GA][Iter5] Gen:7 Ind:18 RMSE(val)=30.844979
[GA][Iter5] Gen:7 Ind:19 RMSE(val)=29.851760
[GA][Iter5] Gen:7 Ind:20 RMSE(val)=30.525861
[GA][Iter5] gen=7 best_val_rmse=28.575195
[GA][Iter5] Gen:8 Ind:1 RMSE(val)=28.575195
[GA][Iter5] Gen:8 Ind:2 RMSE(val)=28.633448
[GA][Iter5] Gen:8 Ind:3 RMSE(val)=29.242432
[GA][Iter5] Gen:8 Ind:4 RMSE(val)=29.447147
[GA][Iter5] Gen:8 Ind:5 RMSE(val)=29.536595
[GA][Iter5] Gen:8 Ind:6 RMSE(val)=29.557768
[GA][Iter5] Gen:8 Ind:7 RMSE(val)=29.764669
[GA][Iter5] Gen:8 Ind:8 RMSE(val)=29.839931
[GA][Iter5] Gen:8 Ind:9 RMSE(val)=29.851760
[GA][Iter5] Gen:8 Ind:10 RMSE(val)=30.064818
[GA][Iter5] Gen:8 Ind:11 RMSE(val)=30.429829
[GA][Iter5] Gen:8 Ind:12 RMSE(val)=29.577885
[GA][Iter5] Gen:8 Ind:13 RMSE(val)=30.949642
[GA][Iter5] Gen:8 Ind:14 RMSE(val)=30.371890
[GA][Iter5] Gen:8 Ind:15 RMSE(val)=28.634755
[GA][Iter5] Gen:8 Ind:16 RMSE(val)=28.880561
[GA][Iter5] Gen:8 Ind:17 RMSE(val)=30.136948
[GA][Iter5] Gen:8 Ind:18 RMSE(val)=28.892240
[GA][Iter5] Gen:8 Ind:19 RMSE(val)=29.632902
[GA][Iter5] Gen:8 Ind:20 RMSE(val)=30.432834
[GA][Iter5] gen=8 best_val_rmse=28.575195
[GA][Iter5] Gen:9 Ind:1 RMSE(val)=28.575195
[GA][Iter5] Gen:9 Ind:2 RMSE(val)=28.633448
[GA][Iter5] Gen:9 Ind:3 RMSE(val)=28.634755
[GA][Iter5] Gen:9 Ind:4 RMSE(val)=28.880561
[GA][Iter5] Gen:9 Ind:5 RMSE(val)=28.892240
[GA][Iter5] Gen:9 Ind:6 RMSE(val)=29.242432
[GA][Iter5] Gen:9 Ind:7 RMSE(val)=29.447147
[GA][Iter5] Gen:9 Ind:8 RMSE(val)=29.536595
[GA][Iter5] Gen:9 Ind:9 RMSE(val)=29.557768
[GA][Iter5] Gen:9 Ind:10 RMSE(val)=29.577885
[GA][Iter5] Gen:9 Ind:11 RMSE(val)=29.447147
[GA][Iter5] Gen:9 Ind:12 RMSE(val)=29.399233
[GA][Iter5] Gen:9 Ind:13 RMSE(val)=29.496521
[GA][Iter5] Gen:9 Ind:14 RMSE(val)=29.114775
[GA][Iter5] Gen:9 Ind:15 RMSE(val)=29.027967
[GA][Iter5] Gen:9 Ind:16 RMSE(val)=29.409033
[GA][Iter5] Gen:9 Ind:17 RMSE(val)=29.148800
[GA][Iter5] Gen:9 Ind:18 RMSE(val)=28.933148
[GA][Iter5] Gen:9 Ind:19 RMSE(val)=29.194899
[GA][Iter5] Gen:9 Ind:20 RMSE(val)=30.800982
[GA][Iter5] gen=9 best_val_rmse=28.575195
[GA][Iter5] Gen:10 Ind:1 RMSE(val)=28.575195
[GA][Iter5] Gen:10 Ind:2 RMSE(val)=28.633448
[GA][Iter5] Gen:10 Ind:3 RMSE(val)=28.634755
[GA][Iter5] Gen:10 Ind:4 RMSE(val)=28.880561
[GA][Iter5] Gen:10 Ind:5 RMSE(val)=28.892240
[GA][Iter5] Gen:10 Ind:6 RMSE(val)=28.933148
[GA][Iter5] Gen:10 Ind:7 RMSE(val)=29.027967
[GA][Iter5] Gen:10 Ind:8 RMSE(val)=29.114775
[GA][Iter5] Gen:10 Ind:9 RMSE(val)=29.148800
[GA][Iter5] Gen:10 Ind:10 RMSE(val)=29.194899
[GA][Iter5] Gen:10 Ind:11 RMSE(val)=29.060935
[GA][Iter5] Gen:10 Ind:12 RMSE(val)=29.192857
[GA][Iter5] Gen:10 Ind:13 RMSE(val)=29.472350
[GA][Iter5] Gen:10 Ind:14 RMSE(val)=28.933148
[GA][Iter5] Gen:10 Ind:15 RMSE(val)=29.596614
[GA][Iter5] Gen:10 Ind:16 RMSE(val)=29.285020
[GA][Iter5] Gen:10 Ind:17 RMSE(val)=29.341891
[GA][Iter5] Gen:10 Ind:18 RMSE(val)=29.302806
[GA][Iter5] Gen:10 Ind:19 RMSE(val)=28.633448
[GA][Iter5] Gen:10 Ind:20 RMSE(val)=29.095294
[GA][Iter5] gen=10 best_val_rmse=28.575195
[GA][Iter5] Gen:11 Ind:1 RMSE(val)=28.575195
[GA][Iter5] Gen:11 Ind:2 RMSE(val)=28.633448
[GA][Iter5] Gen:11 Ind:3 RMSE(val)=28.633448
[GA][Iter5] Gen:11 Ind:4 RMSE(val)=28.634755
[GA][Iter5] Gen:11 Ind:5 RMSE(val)=28.880561
[GA][Iter5] Gen:11 Ind:6 RMSE(val)=28.892240
[GA][Iter5] Gen:11 Ind:7 RMSE(val)=28.933148
[GA][Iter5] Gen:11 Ind:8 RMSE(val)=28.933148
[GA][Iter5] Gen:11 Ind:9 RMSE(val)=29.027967
[GA][Iter5] Gen:11 Ind:10 RMSE(val)=29.060935
[GA][Iter5] Gen:11 Ind:11 RMSE(val)=28.744530
[GA][Iter5] Gen:11 Ind:12 RMSE(val)=29.174593
[GA][Iter5] Gen:11 Ind:13 RMSE(val)=29.691468
[GA][Iter5] Gen:11 Ind:14 RMSE(val)=29.060935
[GA][Iter5] Gen:11 Ind:15 RMSE(val)=29.877332
[GA][Iter5] Gen:11 Ind:16 RMSE(val)=28.633448
[GA][Iter5] Gen:11 Ind:17 RMSE(val)=28.508767
[GA][Iter5] Gen:11 Ind:18 RMSE(val)=29.732123
[GA][Iter5] Gen:11 Ind:19 RMSE(val)=29.658634
[GA][Iter5] Gen:11 Ind:20 RMSE(val)=28.952457
[GA][Iter5] gen=11 best_val_rmse=28.508767
[GA][Iter5] Gen:12 Ind:1 RMSE(val)=28.508767
[GA][Iter5] Gen:12 Ind:2 RMSE(val)=28.575195
[GA][Iter5] Gen:12 Ind:3 RMSE(val)=28.633448
[GA][Iter5] Gen:12 Ind:4 RMSE(val)=28.633448
[GA][Iter5] Gen:12 Ind:5 RMSE(val)=28.633448
[GA][Iter5] Gen:12 Ind:6 RMSE(val)=28.634755
[GA][Iter5] Gen:12 Ind:7 RMSE(val)=28.744530
[GA][Iter5] Gen:12 Ind:8 RMSE(val)=28.880561
[GA][Iter5] Gen:12 Ind:9 RMSE(val)=28.892240
[GA][Iter5] Gen:12 Ind:10 RMSE(val)=28.933148
[GA][Iter5] Gen:12 Ind:11 RMSE(val)=29.188454
[GA][Iter5] Gen:12 Ind:12 RMSE(val)=29.217026
[GA][Iter5] Gen:12 Ind:13 RMSE(val)=28.506532
[GA][Iter5] Gen:12 Ind:14 RMSE(val)=30.647023
[GA][Iter5] Gen:12 Ind:15 RMSE(val)=29.289180
[GA][Iter5] Gen:12 Ind:16 RMSE(val)=29.300974
[GA][Iter5] Gen:12 Ind:17 RMSE(val)=29.840239
[GA][Iter5] Gen:12 Ind:18 RMSE(val)=28.506532
[GA][Iter5] Gen:12 Ind:19 RMSE(val)=29.596614
[GA][Iter5] Gen:12 Ind:20 RMSE(val)=29.713481
[GA][Iter5] gen=12 best_val_rmse=28.506532
[GA][Iter5] Gen:13 Ind:1 RMSE(val)=28.506532
[GA][Iter5] Gen:13 Ind:2 RMSE(val)=28.506532
[GA][Iter5] Gen:13 Ind:3 RMSE(val)=28.508767
[GA][Iter5] Gen:13 Ind:4 RMSE(val)=28.575195
[GA][Iter5] Gen:13 Ind:5 RMSE(val)=28.633448
[GA][Iter5] Gen:13 Ind:6 RMSE(val)=28.633448
[GA][Iter5] Gen:13 Ind:7 RMSE(val)=28.633448
[GA][Iter5] Gen:13 Ind:8 RMSE(val)=28.634755
[GA][Iter5] Gen:13 Ind:9 RMSE(val)=28.744530
[GA][Iter5] Gen:13 Ind:10 RMSE(val)=28.880561
[GA][Iter5] Gen:13 Ind:11 RMSE(val)=28.506532
[GA][Iter5] Gen:13 Ind:12 RMSE(val)=29.440577
[GA][Iter5] Gen:13 Ind:13 RMSE(val)=28.506532
[GA][Iter5] Gen:13 Ind:14 RMSE(val)=28.633448
[GA][Iter5] Gen:13 Ind:15 RMSE(val)=29.549257
[GA][Iter5] Gen:13 Ind:16 RMSE(val)=28.880561
[GA][Iter5] Gen:13 Ind:17 RMSE(val)=28.506532
[GA][Iter5] Gen:13 Ind:18 RMSE(val)=30.153546
[GA][Iter5] Gen:13 Ind:19 RMSE(val)=28.633448
[GA][Iter5] Gen:13 Ind:20 RMSE(val)=28.579972
[GA][Iter5] gen=13 best_val_rmse=28.506532
[GA][Iter5] Gen:14 Ind:1 RMSE(val)=28.506532
[GA][Iter5] Gen:14 Ind:2 RMSE(val)=28.506532
[GA][Iter5] Gen:14 Ind:3 RMSE(val)=28.506532
[GA][Iter5] Gen:14 Ind:4 RMSE(val)=28.506532
[GA][Iter5] Gen:14 Ind:5 RMSE(val)=28.506532
[GA][Iter5] Gen:14 Ind:6 RMSE(val)=28.508767
[GA][Iter5] Gen:14 Ind:7 RMSE(val)=28.575195
[GA][Iter5] Gen:14 Ind:8 RMSE(val)=28.579972
[GA][Iter5] Gen:14 Ind:9 RMSE(val)=28.633448
[GA][Iter5] Gen:14 Ind:10 RMSE(val)=28.633448
[GA][Iter5] Gen:14 Ind:11 RMSE(val)=28.579972
[GA][Iter5] Gen:14 Ind:12 RMSE(val)=28.561998
[GA][Iter5] Gen:14 Ind:13 RMSE(val)=28.750400
[GA][Iter5] Gen:14 Ind:14 RMSE(val)=28.508767
[GA][Iter5] Gen:14 Ind:15 RMSE(val)=28.508767
[GA][Iter5] Gen:14 Ind:16 RMSE(val)=28.633448
[GA][Iter5] Gen:14 Ind:17 RMSE(val)=28.633448
[GA][Iter5] Gen:14 Ind:18 RMSE(val)=28.751445
[GA][Iter5] Gen:14 Ind:19 RMSE(val)=28.508767
[GA][Iter5] Gen:14 Ind:20 RMSE(val)=28.579972
[GA][Iter5] gen=14 best_val_rmse=28.506532
[GA][Iter5] Gen:15 Ind:1 RMSE(val)=28.506532
[GA][Iter5] Gen:15 Ind:2 RMSE(val)=28.506532
[GA][Iter5] Gen:15 Ind:3 RMSE(val)=28.506532
[GA][Iter5] Gen:15 Ind:4 RMSE(val)=28.506532
[GA][Iter5] Gen:15 Ind:5 RMSE(val)=28.506532
[GA][Iter5] Gen:15 Ind:6 RMSE(val)=28.508767
[GA][Iter5] Gen:15 Ind:7 RMSE(val)=28.508767
[GA][Iter5] Gen:15 Ind:8 RMSE(val)=28.508767
[GA][Iter5] Gen:15 Ind:9 RMSE(val)=28.508767
[GA][Iter5] Gen:15 Ind:10 RMSE(val)=28.561998
[GA][Iter5] Gen:15 Ind:11 RMSE(val)=28.506532
[GA][Iter5] Gen:15 Ind:12 RMSE(val)=28.454085
[GA][Iter5] Gen:15 Ind:13 RMSE(val)=28.506532
[GA][Iter5] Gen:15 Ind:14 RMSE(val)=28.696723
[GA][Iter5] Gen:15 Ind:15 RMSE(val)=28.470168
[GA][Iter5] Gen:15 Ind:16 RMSE(val)=28.506532
[GA][Iter5] Gen:15 Ind:17 RMSE(val)=28.506532
[GA][Iter5] Gen:15 Ind:18 RMSE(val)=28.880561
[GA][Iter5] Gen:15 Ind:19 RMSE(val)=28.506532
[GA][Iter5] Gen:15 Ind:20 RMSE(val)=28.506532
[GA][Iter5] gen=15 best_val_rmse=28.454085
[GA][Iter5] Gen:15 Ind:1 RMSE(val)=28.454085
[GA][Iter5] Gen:15 Ind:2 RMSE(val)=28.470168
[GA][Iter5] Gen:15 Ind:3 RMSE(val)=28.506532
[GA][Iter5] Gen:15 Ind:4 RMSE(val)=28.506532
[GA][Iter5] Gen:15 Ind:5 RMSE(val)=28.506532
[GA][Iter5] Gen:15 Ind:6 RMSE(val)=28.506532
[GA][Iter5] Gen:15 Ind:7 RMSE(val)=28.506532
[GA][Iter5] Gen:15 Ind:8 RMSE(val)=28.506532
[GA][Iter5] Gen:15 Ind:9 RMSE(val)=28.506532
[GA][Iter5] Gen:15 Ind:10 RMSE(val)=28.506532
[GA][Iter5] Gen:15 Ind:11 RMSE(val)=28.506532
[GA][Iter5] Gen:15 Ind:12 RMSE(val)=28.454085
[GA][Iter5] Gen:15 Ind:13 RMSE(val)=28.506532
[GA][Iter5] Gen:15 Ind:14 RMSE(val)=28.506532
[GA][Iter5] Gen:15 Ind:15 RMSE(val)=28.880561
[GA][Iter5] Gen:15 Ind:16 RMSE(val)=30.119608
[GA][Iter5] Gen:15 Ind:17 RMSE(val)=28.506532
[GA][Iter5] Gen:15 Ind:18 RMSE(val)=28.506532
[GA][Iter5] Gen:15 Ind:19 RMSE(val)=28.847443
[GA][Iter5] Gen:15 Ind:20 RMSE(val)=28.506532

[GA DONE][Iter5] Best params on val fold of Iter5
Best val RMSE: 28.454085
Best params: {'n_estimators': 1260, 'learning_rate': 0.03171427366232656, 'max_depth': 8, 'min_child_weight': 11.205239072076223, 'subsample': 0.7580201494868954, 'colsample_bytree': 0.6916192287856417, 'reg_lambda': 0.5725065226592523, 'reg_alpha': 0.011397051271381718, 'gamma': 0.05283240309568377}
--------------------------------------------------------------------------------
[RETUNE GA] Iter5: train folds 1..9 -> test fold 10  RMSE=18.871782  NRMSE=0.489278  CVRMSE=0.186116  R2=0.758005
