PROJECT: rustlang
CSV: C:\Users\g3 15\Desktop\v9\GHAminer-main\src\project_combine\rustlang_wf51073_fixed.csv
[FEATURES] initial=137 kept=73
Kept features:
['workflow_event_trigger', 'issuer_name', 'gh_files_added', 'gh_files_deleted', 'gh_files_modified', 'gh_lines_deleted', 'gh_test_churn', 'gh_is_pr', 'gh_description_complexity', 'gh_doc_files', 'total_jobs', 'gh_team_size_last_3_month', 'gh_num_pr_comments', 'docker_compose_changed', 'hour', 'dow', 'month', 'secs_since_prev', 'duration_lag_1', 'duration_lag_3', 'duration_lag_4', 'duration_lag_5', 'duration_lag_6', 'duration_lag_7', 'window_avg_7', 'window_std_7', 'ft___Dockerfile__', 'ft___css_', 'ft___hbs__', 'ft___j2__', 'ft___json5_', 'ft___lock_', 'ft___md_', 'ft___patch_', 'ft___rs_', 'ft___snap__', 'ft___snap___', 'ft___sql_', 'ft___toml_', 'ft___toml__', 'ft___ts_', 'ft___ts__', 'ft___txt__', 'ft___yaml_', 'ft___yaml__', 'ft___yml_', 'ft___yml__', 'ft____Dockerfile_', 'ft____Dockerfile__', 'ft____css__', 'ft____hbs_', 'ft____hbs__', 'ft____html__', 'ft____js__', 'ft____json__', 'ft____json5__', 'ft____lock__', 'ft____md__', 'ft____patch_', 'ft____pem_', 'ft____rs_', 'ft____rs__', 'ft____rs____dup1', 'ft____snap_', 'ft____snap__', 'ft____sql_', 'ft____sql__', 'ft____toml__', 'ft____ts_', 'ft____ts__', 'ft____yaml__', 'ft____yml__', 'ft___']
----------------------------------------------------------------------------------------------------

ITERATION 1 (Test Fold 7)
--------------------------------------------------------------------------------
RF | OLD(train 1-5) -> test fold 7 | RMSE=165.409490 NRMSE=1.666836 R2=-1.784218 CVRMSE=0.392875
RF | RECENT(train 2-6) -> test fold 7 | RMSE=112.957149 NRMSE=1.138273 R2=-0.298404 CVRMSE=0.268292
LGBM | OLD(train 1-5) -> test fold 7 | RMSE=160.038590 NRMSE=1.612714 R2=-1.606344 CVRMSE=0.380118
LGBM | RECENT(train 2-6) -> test fold 7 | RMSE=110.227632 NRMSE=1.110767 R2=-0.236412 CVRMSE=0.261809
XGB | OLD(train 1-5) -> test fold 7 | RMSE=160.550728 NRMSE=1.617875 R2=-1.623052 CVRMSE=0.381335
XGB | RECENT(train 2-6) -> test fold 7 | RMSE=89.395308 NRMSE=0.900839 R2=0.186773 CVRMSE=0.212329
GBR | OLD(train 1-5) -> test fold 7 | RMSE=145.898730 NRMSE=1.470226 R2=-1.166134 CVRMSE=0.346534
GBR | RECENT(train 2-6) -> test fold 7 | RMSE=117.641236 NRMSE=1.185474 R2=-0.408320 CVRMSE=0.279417

ITERATION 2 (Test Fold 8)
--------------------------------------------------------------------------------
RF | OLD(train 1-5) -> test fold 8 | RMSE=156.292260 NRMSE=1.297650 R2=-0.687456 CVRMSE=0.354562
RF | RECENT(train 3-7) -> test fold 8 | RMSE=84.612973 NRMSE=0.702517 R2=0.505426 CVRMSE=0.191952
LGBM | OLD(train 1-5) -> test fold 8 | RMSE=147.871797 NRMSE=1.227738 R2=-0.510526 CVRMSE=0.335459
LGBM | RECENT(train 3-7) -> test fold 8 | RMSE=84.280185 NRMSE=0.699754 R2=0.509308 CVRMSE=0.191197
XGB | OLD(train 1-5) -> test fold 8 | RMSE=153.731816 NRMSE=1.276392 R2=-0.632620 CVRMSE=0.348753
XGB | RECENT(train 3-7) -> test fold 8 | RMSE=85.956370 NRMSE=0.713671 R2=0.489596 CVRMSE=0.194999
GBR | OLD(train 1-5) -> test fold 8 | RMSE=143.529370 NRMSE=1.191684 R2=-0.423112 CVRMSE=0.325608
GBR | RECENT(train 3-7) -> test fold 8 | RMSE=83.015294 NRMSE=0.689252 R2=0.523927 CVRMSE=0.188327

ITERATION 3 (Test Fold 9)
--------------------------------------------------------------------------------
RF | OLD(train 1-5) -> test fold 9 | RMSE=135.539737 NRMSE=1.173818 R2=-0.380762 CVRMSE=0.289047
RF | RECENT(train 4-8) -> test fold 9 | RMSE=77.541556 NRMSE=0.671535 R2=0.548087 CVRMSE=0.165362
LGBM | OLD(train 1-5) -> test fold 9 | RMSE=127.342372 NRMSE=1.102826 R2=-0.218797 CVRMSE=0.271565
LGBM | RECENT(train 4-8) -> test fold 9 | RMSE=78.060663 NRMSE=0.676031 R2=0.542016 CVRMSE=0.166469
XGB | OLD(train 1-5) -> test fold 9 | RMSE=135.536038 NRMSE=1.173786 R2=-0.380686 CVRMSE=0.289039
XGB | RECENT(train 4-8) -> test fold 9 | RMSE=81.583262 NRMSE=0.706537 R2=0.499749 CVRMSE=0.173981
GBR | OLD(train 1-5) -> test fold 9 | RMSE=118.760056 NRMSE=1.028501 R2=-0.060050 CVRMSE=0.253263
GBR | RECENT(train 4-8) -> test fold 9 | RMSE=76.249143 NRMSE=0.660342 R2=0.563026 CVRMSE=0.162606

ITERATION 4 (Test Fold 10)
--------------------------------------------------------------------------------
RF | OLD(train 1-5) -> test fold 10 | RMSE=144.952325 NRMSE=1.517181 R2=-1.306705 CVRMSE=0.310688
RF | RECENT(train 5-9) -> test fold 10 | RMSE=53.854115 NRMSE=0.563678 R2=0.681595 CVRMSE=0.115430
LGBM | OLD(train 1-5) -> test fold 10 | RMSE=132.173676 NRMSE=1.383430 R2=-0.917925 CVRMSE=0.283298
LGBM | RECENT(train 5-9) -> test fold 10 | RMSE=55.039835 NRMSE=0.576089 R2=0.667420 CVRMSE=0.117971
XGB | OLD(train 1-5) -> test fold 10 | RMSE=138.061571 NRMSE=1.445057 R2=-1.092605 CVRMSE=0.295918
XGB | RECENT(train 5-9) -> test fold 10 | RMSE=52.530820 NRMSE=0.549827 R2=0.697051 CVRMSE=0.112594
GBR | OLD(train 1-5) -> test fold 10 | RMSE=118.286398 NRMSE=1.238075 R2=-0.536071 CVRMSE=0.253533
GBR | RECENT(train 5-9) -> test fold 10 | RMSE=50.374297 NRMSE=0.527256 R2=0.721414 CVRMSE=0.107971

====================================================================================================
Mann–Whitney U tests (OLD vs RECENT) using the 4 runs per group
====================================================================================================
RF   | RMSE   | old=[165.40949035714658, 156.29225955576436, 135.5397373404281, 144.9523253547124] recent=[112.95714901271263, 84.6129725231203, 77.54155565757931, 53.85411539461686] | p=0.0286 | d=+1.000(large)
RF   | NRMSE  | old=[1.6668364486588099, 1.2976502650892203, 1.1738180232193585, 1.5171810592290025] recent=[1.138272614856885, 0.7025174921438674, 0.6715349857195327, 0.5636780482017253] | p=0.0286 | d=+1.000(large)
RF   | R2     | old=[-1.7842176234201723, -0.6874562447577641, -0.3807617511095165, -1.3067048323743236] recent=[-0.29840379424419416, 0.5054257676784701, 0.5480873607621822, 0.6815953181403465] | p=0.0286 | d=-1.000(large)
RF   | CVRMSE | old=[0.3928749952611304, 0.3545619626087379, 0.28904671612361166, 0.31068797182917024] recent=[0.26829197821274164, 0.1919515508012263, 0.1653620736304488, 0.11542985492411525] | p=0.0286 | d=+1.000(large)
LGBM | RMSE   | old=[160.03859031317108, 147.87179684935452, 127.34237239437405, 132.17367614522902] recent=[110.22763175346965, 84.2801848331751, 78.06066344635377, 55.03983521906453] | p=0.0286 | d=+1.000(large)
LGBM | NRMSE  | old=[1.6127137260987452, 1.227737553517935, 1.1028261878698682, 1.383430017321143] recent=[1.1107671866911488, 0.699754450421243, 0.6760306272960437, 0.5760886918723399] | p=0.0571 | d=+0.875(large)
LGBM | R2     | old=[-1.6063441787581803, -0.5105262645894899, -0.2187969021328786, -0.9179248678205805] recent=[-0.23641220760277104, 0.5093084949700314, 0.5420163807906092, 0.667420173894061] | p=0.0571 | d=-0.875(large)
LGBM | CVRMSE | old=[0.3801182161623686, 0.33545944408514383, 0.2715653378576012, 0.2832984656870961] recent=[0.2618089216603343, 0.19119659430616776, 0.16646910249595842, 0.1179713035453347] | p=0.0286 | d=+1.000(large)
XGB  | RMSE   | old=[160.550728212282, 153.73181642152485, 135.53603769749512, 138.06157130184155] recent=[89.39530810429822, 85.95636951172652, 81.58326168744438, 52.530819715234685] | p=0.0286 | d=+1.000(large)
XGB  | NRMSE  | old=[1.617874555233364, 1.2763916325674587, 1.173785983113339, 1.4450571970747537] recent=[0.9008392297539696, 0.7136713359960188, 0.7065374689432838, 0.549827431210206] | p=0.0286 | d=+1.000(large)
XGB  | R2     | old=[-1.623051941326675, -0.6326199455649419, -0.38068637460610355, -1.0926050814704342] recent=[0.18677301338814856, 0.48959642338310716, 0.4997494240172291, 0.6970506622648724] | p=0.0286 | d=-1.000(large)
XGB  | CVRMSE | old=[0.3813346286804884, 0.34875338484932483, 0.28903882641051654, 0.29591846471142547] recent=[0.2123286951190708, 0.19499915836795254, 0.17398125704036854, 0.11259352891312183] | p=0.0286 | d=+1.000(large)
GBR  | RMSE   | old=[145.89872997514718, 143.52937015478153, 118.76005566968531, 118.28639794915468] recent=[117.64123562508699, 83.01529441433075, 76.24914334877263, 50.37429738616055] | p=0.0286 | d=+1.000(large)
GBR  | NRMSE  | old=[1.4702259248276432, 1.1916836173386285, 1.0285005454413747, 1.238075222965352] recent=[1.1854742976462003, 0.6892524243325067, 0.6603422765460044, 0.5272556316652922] | p=0.0571 | d=+0.875(large)
GBR  | R2     | old=[-1.166134173354613, -0.42311219022616053, -0.060049763880125395, -0.5360709136566908] recent=[-0.40832045057082955, 0.5239267215465861, 0.5630261921354398, 0.7214137642025555] | p=0.0571 | d=-0.875(large)
GBR  | CVRMSE | old=[0.34653370084042673, 0.32560828871962155, 0.2532630265599674, 0.2535327459140085] recent=[0.279417461410023, 0.18832708540876503, 0.16260592594218792, 0.10797128123972444] | p=0.114 | d=+0.750(large)
