=== BASELINE (project=bruce, last-7 mean, expanding folds) ===
Iter1: train folds 1..5 -> test fold 6  RMSE=38.3067  NRMSE=1.1092  CVRMSE=0.1267  R˛=-0.2535
Iter2: train folds 1..6 -> test fold 7  RMSE=21.2604  NRMSE=0.7754  CVRMSE=0.0669  R˛=0.3874
Iter3: train folds 1..7 -> test fold 8  RMSE=43.1970  NRMSE=0.9613  CVRMSE=0.1296  R˛=0.0585
Iter4: train folds 1..8 -> test fold 9  RMSE=52.6846  NRMSE=1.0247  CVRMSE=0.1573  R˛=-0.0699
Iter5: train folds 1..9 -> test fold 10  RMSE=56.4597  NRMSE=1.0737  CVRMSE=0.1601  R˛=-0.1745
--------------------------------------------------
[FEATURES] initial=128 kept_after_screening=65
['branch', 'issuer_name', 'gh_files_added', 'gh_files_deleted', 'gh_lines_deleted', 'gh_tests_deleted', 'gh_description_complexity', 'gh_doc_files', 'gh_other_files', 'gh_team_size_last_3_month', 'gh_commits_on_files_touched', 'gh_num_pr_comments', 'gh_test_lines_per_kloc', 'workflow_size', 'hour', 'dow', 'month', 'secs_since_prev', 'duration_lag_1', 'duration_lag_2', 'duration_lag_3', 'window_avg_7', 'window_std_7', 'window_std_3', 'ft___bin__', 'ft___c_', 'ft___cpp_', 'ft___cpp__', 'ft___cpp___', 'ft___h_', 'ft___hpp_', 'ft___hpp__', 'ft___html__', 'ft___h__', 'ft___ini_', 'ft___ini__', 'ft___inl__', 'ft___jpg_', 'ft___jpg__', 'ft___js_', 'ft___json_', 'ft___json__', 'ft___pdf_', 'ft___properties_', 'ft___py_', 'ft___tpp__', 'ft___yml_', 'ft___yml__', 'ft____cpp__', 'ft____csv_', 'ft____csv__', 'ft____h__', 'ft____ini_', 'ft____ini__', 'ft____jpg_', 'ft____json_', 'ft____json__', 'ft____md_', 'ft____md__', 'ft____md___', 'ft____py__', 'ft____tpp_', 'ft____yml_', 'ft____yml__', 'ft____zip__']
--------------------------------------------------------------------------------
[GA][Iter1] Gen:1 Ind:1 RMSE(val)=58.408053
[GA][Iter1] Gen:1 Ind:2 RMSE(val)=58.741157
[GA][Iter1] Gen:1 Ind:3 RMSE(val)=58.225419
[GA][Iter1] Gen:1 Ind:4 RMSE(val)=58.180423
[GA][Iter1] Gen:1 Ind:5 RMSE(val)=64.493626
[GA][Iter1] Gen:1 Ind:6 RMSE(val)=57.957360
[GA][Iter1] Gen:1 Ind:7 RMSE(val)=58.009065
[GA][Iter1] Gen:1 Ind:8 RMSE(val)=58.411325
[GA][Iter1] Gen:1 Ind:9 RMSE(val)=58.547049
[GA][Iter1] Gen:1 Ind:10 RMSE(val)=57.658901
[GA][Iter1] Gen:1 Ind:11 RMSE(val)=58.098532
[GA][Iter1] Gen:1 Ind:12 RMSE(val)=58.152646
[GA][Iter1] Gen:1 Ind:13 RMSE(val)=58.405068
[GA][Iter1] Gen:1 Ind:14 RMSE(val)=57.837867
[GA][Iter1] Gen:1 Ind:15 RMSE(val)=57.473498
[GA][Iter1] Gen:1 Ind:16 RMSE(val)=58.157711
[GA][Iter1] Gen:1 Ind:17 RMSE(val)=58.322467
[GA][Iter1] Gen:1 Ind:18 RMSE(val)=57.950415
[GA][Iter1] Gen:1 Ind:19 RMSE(val)=58.076243
[GA][Iter1] Gen:1 Ind:20 RMSE(val)=62.392726
[GA][Iter1] gen=1 best_val_rmse=57.473498
[GA][Iter1] Gen:2 Ind:1 RMSE(val)=57.473498
[GA][Iter1] Gen:2 Ind:2 RMSE(val)=57.658901
[GA][Iter1] Gen:2 Ind:3 RMSE(val)=57.837867
[GA][Iter1] Gen:2 Ind:4 RMSE(val)=57.950415
[GA][Iter1] Gen:2 Ind:5 RMSE(val)=57.957360
[GA][Iter1] Gen:2 Ind:6 RMSE(val)=58.009065
[GA][Iter1] Gen:2 Ind:7 RMSE(val)=58.076243
[GA][Iter1] Gen:2 Ind:8 RMSE(val)=58.098532
[GA][Iter1] Gen:2 Ind:9 RMSE(val)=58.152646
[GA][Iter1] Gen:2 Ind:10 RMSE(val)=58.157711
[GA][Iter1] Gen:2 Ind:11 RMSE(val)=58.062532
[GA][Iter1] Gen:2 Ind:12 RMSE(val)=57.422249
[GA][Iter1] Gen:2 Ind:13 RMSE(val)=58.131220
[GA][Iter1] Gen:2 Ind:14 RMSE(val)=57.525064
[GA][Iter1] Gen:2 Ind:15 RMSE(val)=65.364876
[GA][Iter1] Gen:2 Ind:16 RMSE(val)=64.252485
[GA][Iter1] Gen:2 Ind:17 RMSE(val)=61.390752
[GA][Iter1] Gen:2 Ind:18 RMSE(val)=57.898451
[GA][Iter1] Gen:2 Ind:19 RMSE(val)=58.157711
[GA][Iter1] Gen:2 Ind:20 RMSE(val)=57.750112
[GA][Iter1] gen=2 best_val_rmse=57.422249
[GA][Iter1] Gen:3 Ind:1 RMSE(val)=57.422249
[GA][Iter1] Gen:3 Ind:2 RMSE(val)=57.473498
[GA][Iter1] Gen:3 Ind:3 RMSE(val)=57.525064
[GA][Iter1] Gen:3 Ind:4 RMSE(val)=57.658901
[GA][Iter1] Gen:3 Ind:5 RMSE(val)=57.750112
[GA][Iter1] Gen:3 Ind:6 RMSE(val)=57.837867
[GA][Iter1] Gen:3 Ind:7 RMSE(val)=57.898451
[GA][Iter1] Gen:3 Ind:8 RMSE(val)=57.950415
[GA][Iter1] Gen:3 Ind:9 RMSE(val)=57.957360
[GA][Iter1] Gen:3 Ind:10 RMSE(val)=58.009065
[GA][Iter1] Gen:3 Ind:11 RMSE(val)=57.454882
[GA][Iter1] Gen:3 Ind:12 RMSE(val)=57.565721
[GA][Iter1] Gen:3 Ind:13 RMSE(val)=57.597377
[GA][Iter1] Gen:3 Ind:14 RMSE(val)=57.422249
[GA][Iter1] Gen:3 Ind:15 RMSE(val)=57.473498
[GA][Iter1] Gen:3 Ind:16 RMSE(val)=57.527411
[GA][Iter1] Gen:3 Ind:17 RMSE(val)=57.635838
[GA][Iter1] Gen:3 Ind:18 RMSE(val)=57.692751
[GA][Iter1] Gen:3 Ind:19 RMSE(val)=58.064853
[GA][Iter1] Gen:3 Ind:20 RMSE(val)=58.046423
[GA][Iter1] gen=3 best_val_rmse=57.422249
[GA][Iter1] Gen:4 Ind:1 RMSE(val)=57.422249
[GA][Iter1] Gen:4 Ind:2 RMSE(val)=57.422249
[GA][Iter1] Gen:4 Ind:3 RMSE(val)=57.454882
[GA][Iter1] Gen:4 Ind:4 RMSE(val)=57.473498
[GA][Iter1] Gen:4 Ind:5 RMSE(val)=57.473498
[GA][Iter1] Gen:4 Ind:6 RMSE(val)=57.525064
[GA][Iter1] Gen:4 Ind:7 RMSE(val)=57.527411
[GA][Iter1] Gen:4 Ind:8 RMSE(val)=57.565721
[GA][Iter1] Gen:4 Ind:9 RMSE(val)=57.597377
[GA][Iter1] Gen:4 Ind:10 RMSE(val)=57.635838
[GA][Iter1] Gen:4 Ind:11 RMSE(val)=58.064853
[GA][Iter1] Gen:4 Ind:12 RMSE(val)=57.352826
[GA][Iter1] Gen:4 Ind:13 RMSE(val)=57.566646
[GA][Iter1] Gen:4 Ind:14 RMSE(val)=57.192320
[GA][Iter1] Gen:4 Ind:15 RMSE(val)=57.345152
[GA][Iter1] Gen:4 Ind:16 RMSE(val)=57.454882
[GA][Iter1] Gen:4 Ind:17 RMSE(val)=57.473498
[GA][Iter1] Gen:4 Ind:18 RMSE(val)=57.593839
[GA][Iter1] Gen:4 Ind:19 RMSE(val)=57.545763
[GA][Iter1] Gen:4 Ind:20 RMSE(val)=57.635838
[GA][Iter1] gen=4 best_val_rmse=57.192320
[GA][Iter1] Gen:5 Ind:1 RMSE(val)=57.192320
[GA][Iter1] Gen:5 Ind:2 RMSE(val)=57.345152
[GA][Iter1] Gen:5 Ind:3 RMSE(val)=57.352826
[GA][Iter1] Gen:5 Ind:4 RMSE(val)=57.422249
[GA][Iter1] Gen:5 Ind:5 RMSE(val)=57.422249
[GA][Iter1] Gen:5 Ind:6 RMSE(val)=57.454882
[GA][Iter1] Gen:5 Ind:7 RMSE(val)=57.454882
[GA][Iter1] Gen:5 Ind:8 RMSE(val)=57.473498
[GA][Iter1] Gen:5 Ind:9 RMSE(val)=57.473498
[GA][Iter1] Gen:5 Ind:10 RMSE(val)=57.473498
[GA][Iter1] Gen:5 Ind:11 RMSE(val)=57.711616
[GA][Iter1] Gen:5 Ind:12 RMSE(val)=57.422249
[GA][Iter1] Gen:5 Ind:13 RMSE(val)=58.064385
[GA][Iter1] Gen:5 Ind:14 RMSE(val)=57.566646
[GA][Iter1] Gen:5 Ind:15 RMSE(val)=57.345152
[GA][Iter1] Gen:5 Ind:16 RMSE(val)=57.454882
[GA][Iter1] Gen:5 Ind:17 RMSE(val)=57.345152
[GA][Iter1] Gen:5 Ind:18 RMSE(val)=57.473498
[GA][Iter1] Gen:5 Ind:19 RMSE(val)=57.473498
[GA][Iter1] Gen:5 Ind:20 RMSE(val)=57.473498
[GA][Iter1] gen=5 best_val_rmse=57.192320
[GA][Iter1] Gen:6 Ind:1 RMSE(val)=57.192320
[GA][Iter1] Gen:6 Ind:2 RMSE(val)=57.345152
[GA][Iter1] Gen:6 Ind:3 RMSE(val)=57.345152
[GA][Iter1] Gen:6 Ind:4 RMSE(val)=57.345152
[GA][Iter1] Gen:6 Ind:5 RMSE(val)=57.352826
[GA][Iter1] Gen:6 Ind:6 RMSE(val)=57.422249
[GA][Iter1] Gen:6 Ind:7 RMSE(val)=57.422249
[GA][Iter1] Gen:6 Ind:8 RMSE(val)=57.422249
[GA][Iter1] Gen:6 Ind:9 RMSE(val)=57.454882
[GA][Iter1] Gen:6 Ind:10 RMSE(val)=57.454882
[GA][Iter1] Gen:6 Ind:11 RMSE(val)=57.345152
[GA][Iter1] Gen:6 Ind:12 RMSE(val)=57.279492
[GA][Iter1] Gen:6 Ind:13 RMSE(val)=57.352826
[GA][Iter1] Gen:6 Ind:14 RMSE(val)=57.345152
[GA][Iter1] Gen:6 Ind:15 RMSE(val)=57.454882
[GA][Iter1] Gen:6 Ind:16 RMSE(val)=57.192320
[GA][Iter1] Gen:6 Ind:17 RMSE(val)=56.966112
[GA][Iter1] Gen:6 Ind:18 RMSE(val)=57.054775
[GA][Iter1] Gen:6 Ind:19 RMSE(val)=57.566646
[GA][Iter1] Gen:6 Ind:20 RMSE(val)=65.271963
[GA][Iter1] gen=6 best_val_rmse=56.966112
[GA][Iter1] Gen:7 Ind:1 RMSE(val)=56.966112
[GA][Iter1] Gen:7 Ind:2 RMSE(val)=57.054775
[GA][Iter1] Gen:7 Ind:3 RMSE(val)=57.192320
[GA][Iter1] Gen:7 Ind:4 RMSE(val)=57.192320
[GA][Iter1] Gen:7 Ind:5 RMSE(val)=57.279492
[GA][Iter1] Gen:7 Ind:6 RMSE(val)=57.345152
[GA][Iter1] Gen:7 Ind:7 RMSE(val)=57.345152
[GA][Iter1] Gen:7 Ind:8 RMSE(val)=57.345152
[GA][Iter1] Gen:7 Ind:9 RMSE(val)=57.345152
[GA][Iter1] Gen:7 Ind:10 RMSE(val)=57.345152
[GA][Iter1] Gen:7 Ind:11 RMSE(val)=57.617974
[GA][Iter1] Gen:7 Ind:12 RMSE(val)=57.216726
[GA][Iter1] Gen:7 Ind:13 RMSE(val)=56.807201
[GA][Iter1] Gen:7 Ind:14 RMSE(val)=57.246921
[GA][Iter1] Gen:7 Ind:15 RMSE(val)=57.345152
[GA][Iter1] Gen:7 Ind:16 RMSE(val)=56.929297
[GA][Iter1] Gen:7 Ind:17 RMSE(val)=57.345152
[GA][Iter1] Gen:7 Ind:18 RMSE(val)=57.345152
[GA][Iter1] Gen:7 Ind:19 RMSE(val)=57.423828
[GA][Iter1] Gen:7 Ind:20 RMSE(val)=56.957540
[GA][Iter1] gen=7 best_val_rmse=56.807201
[GA][Iter1] Gen:8 Ind:1 RMSE(val)=56.807201
[GA][Iter1] Gen:8 Ind:2 RMSE(val)=56.929297
[GA][Iter1] Gen:8 Ind:3 RMSE(val)=56.957540
[GA][Iter1] Gen:8 Ind:4 RMSE(val)=56.966112
[GA][Iter1] Gen:8 Ind:5 RMSE(val)=57.054775
[GA][Iter1] Gen:8 Ind:6 RMSE(val)=57.192320
[GA][Iter1] Gen:8 Ind:7 RMSE(val)=57.192320
[GA][Iter1] Gen:8 Ind:8 RMSE(val)=57.216726
[GA][Iter1] Gen:8 Ind:9 RMSE(val)=57.246921
[GA][Iter1] Gen:8 Ind:10 RMSE(val)=57.279492
[GA][Iter1] Gen:8 Ind:11 RMSE(val)=56.859463
[GA][Iter1] Gen:8 Ind:12 RMSE(val)=56.929297
[GA][Iter1] Gen:8 Ind:13 RMSE(val)=57.291713
[GA][Iter1] Gen:8 Ind:14 RMSE(val)=56.889708
[GA][Iter1] Gen:8 Ind:15 RMSE(val)=57.246921
[GA][Iter1] Gen:8 Ind:16 RMSE(val)=56.902035
[GA][Iter1] Gen:8 Ind:17 RMSE(val)=57.216726
[GA][Iter1] Gen:8 Ind:18 RMSE(val)=57.546915
[GA][Iter1] Gen:8 Ind:19 RMSE(val)=57.054775
[GA][Iter1] Gen:8 Ind:20 RMSE(val)=57.216726
[GA][Iter1] gen=8 best_val_rmse=56.807201
[GA][Iter1] Gen:9 Ind:1 RMSE(val)=56.807201
[GA][Iter1] Gen:9 Ind:2 RMSE(val)=56.859463
[GA][Iter1] Gen:9 Ind:3 RMSE(val)=56.889708
[GA][Iter1] Gen:9 Ind:4 RMSE(val)=56.902035
[GA][Iter1] Gen:9 Ind:5 RMSE(val)=56.929297
[GA][Iter1] Gen:9 Ind:6 RMSE(val)=56.929297
[GA][Iter1] Gen:9 Ind:7 RMSE(val)=56.957540
[GA][Iter1] Gen:9 Ind:8 RMSE(val)=56.966112
[GA][Iter1] Gen:9 Ind:9 RMSE(val)=57.054775
[GA][Iter1] Gen:9 Ind:10 RMSE(val)=57.054775
[GA][Iter1] Gen:9 Ind:11 RMSE(val)=56.859463
[GA][Iter1] Gen:9 Ind:12 RMSE(val)=57.187981
[GA][Iter1] Gen:9 Ind:13 RMSE(val)=56.880217
[GA][Iter1] Gen:9 Ind:14 RMSE(val)=56.957540
[GA][Iter1] Gen:9 Ind:15 RMSE(val)=66.803262
[GA][Iter1] Gen:9 Ind:16 RMSE(val)=57.346884
[GA][Iter1] Gen:9 Ind:17 RMSE(val)=57.034713
[GA][Iter1] Gen:9 Ind:18 RMSE(val)=57.413585
[GA][Iter1] Gen:9 Ind:19 RMSE(val)=56.822550
[GA][Iter1] Gen:9 Ind:20 RMSE(val)=56.957540
[GA][Iter1] gen=9 best_val_rmse=56.807201
[GA][Iter1] Gen:10 Ind:1 RMSE(val)=56.807201
[GA][Iter1] Gen:10 Ind:2 RMSE(val)=56.822550
[GA][Iter1] Gen:10 Ind:3 RMSE(val)=56.859463
[GA][Iter1] Gen:10 Ind:4 RMSE(val)=56.859463
[GA][Iter1] Gen:10 Ind:5 RMSE(val)=56.880217
[GA][Iter1] Gen:10 Ind:6 RMSE(val)=56.889708
[GA][Iter1] Gen:10 Ind:7 RMSE(val)=56.902035
[GA][Iter1] Gen:10 Ind:8 RMSE(val)=56.929297
[GA][Iter1] Gen:10 Ind:9 RMSE(val)=56.929297
[GA][Iter1] Gen:10 Ind:10 RMSE(val)=56.957540
[GA][Iter1] Gen:10 Ind:11 RMSE(val)=56.889708
[GA][Iter1] Gen:10 Ind:12 RMSE(val)=56.807201
[GA][Iter1] Gen:10 Ind:13 RMSE(val)=56.822550
[GA][Iter1] Gen:10 Ind:14 RMSE(val)=56.862831
[GA][Iter1] Gen:10 Ind:15 RMSE(val)=56.807201
[GA][Iter1] Gen:10 Ind:16 RMSE(val)=57.606254
[GA][Iter1] Gen:10 Ind:17 RMSE(val)=56.822550
[GA][Iter1] Gen:10 Ind:18 RMSE(val)=56.859463
[GA][Iter1] Gen:10 Ind:19 RMSE(val)=56.957540
[GA][Iter1] Gen:10 Ind:20 RMSE(val)=56.770549
[GA][Iter1] gen=10 best_val_rmse=56.770549
[GA][Iter1] Gen:11 Ind:1 RMSE(val)=56.770549
[GA][Iter1] Gen:11 Ind:2 RMSE(val)=56.807201
[GA][Iter1] Gen:11 Ind:3 RMSE(val)=56.807201
[GA][Iter1] Gen:11 Ind:4 RMSE(val)=56.807201
[GA][Iter1] Gen:11 Ind:5 RMSE(val)=56.822550
[GA][Iter1] Gen:11 Ind:6 RMSE(val)=56.822550
[GA][Iter1] Gen:11 Ind:7 RMSE(val)=56.822550
[GA][Iter1] Gen:11 Ind:8 RMSE(val)=56.859463
[GA][Iter1] Gen:11 Ind:9 RMSE(val)=56.859463
[GA][Iter1] Gen:11 Ind:10 RMSE(val)=56.859463
[GA][Iter1] Gen:11 Ind:11 RMSE(val)=56.807201
[GA][Iter1] Gen:11 Ind:12 RMSE(val)=56.822550
[GA][Iter1] Gen:11 Ind:13 RMSE(val)=56.822550
[GA][Iter1] Gen:11 Ind:14 RMSE(val)=56.822550
[GA][Iter1] Gen:11 Ind:15 RMSE(val)=56.801219
[GA][Iter1] Gen:11 Ind:16 RMSE(val)=56.859463
[GA][Iter1] Gen:11 Ind:17 RMSE(val)=56.807201
[GA][Iter1] Gen:11 Ind:18 RMSE(val)=56.807201
[GA][Iter1] Gen:11 Ind:19 RMSE(val)=56.770549
[GA][Iter1] Gen:11 Ind:20 RMSE(val)=57.067813
[GA][Iter1] gen=11 best_val_rmse=56.770549
[GA][Iter1] Gen:12 Ind:1 RMSE(val)=56.770549
[GA][Iter1] Gen:12 Ind:2 RMSE(val)=56.770549
[GA][Iter1] Gen:12 Ind:3 RMSE(val)=56.801219
[GA][Iter1] Gen:12 Ind:4 RMSE(val)=56.807201
[GA][Iter1] Gen:12 Ind:5 RMSE(val)=56.807201
[GA][Iter1] Gen:12 Ind:6 RMSE(val)=56.807201
[GA][Iter1] Gen:12 Ind:7 RMSE(val)=56.807201
[GA][Iter1] Gen:12 Ind:8 RMSE(val)=56.807201
[GA][Iter1] Gen:12 Ind:9 RMSE(val)=56.807201
[GA][Iter1] Gen:12 Ind:10 RMSE(val)=56.822550
[GA][Iter1] Gen:12 Ind:11 RMSE(val)=56.801219
[GA][Iter1] Gen:12 Ind:12 RMSE(val)=56.770549
[GA][Iter1] Gen:12 Ind:13 RMSE(val)=56.770549
[GA][Iter1] Gen:12 Ind:14 RMSE(val)=56.807201
[GA][Iter1] Gen:12 Ind:15 RMSE(val)=56.770549
[GA][Iter1] Gen:12 Ind:16 RMSE(val)=56.807201
[GA][Iter1] Gen:12 Ind:17 RMSE(val)=57.196009
[GA][Iter1] Gen:12 Ind:18 RMSE(val)=56.801219
[GA][Iter1] Gen:12 Ind:19 RMSE(val)=56.801219
[GA][Iter1] Gen:12 Ind:20 RMSE(val)=56.775441
[GA][Iter1] gen=12 best_val_rmse=56.770549
[GA][Iter1] Gen:13 Ind:1 RMSE(val)=56.770549
[GA][Iter1] Gen:13 Ind:2 RMSE(val)=56.770549
[GA][Iter1] Gen:13 Ind:3 RMSE(val)=56.770549
[GA][Iter1] Gen:13 Ind:4 RMSE(val)=56.770549
[GA][Iter1] Gen:13 Ind:5 RMSE(val)=56.770549
[GA][Iter1] Gen:13 Ind:6 RMSE(val)=56.775441
[GA][Iter1] Gen:13 Ind:7 RMSE(val)=56.801219
[GA][Iter1] Gen:13 Ind:8 RMSE(val)=56.801219
[GA][Iter1] Gen:13 Ind:9 RMSE(val)=56.801219
[GA][Iter1] Gen:13 Ind:10 RMSE(val)=56.801219
[GA][Iter1] Gen:13 Ind:11 RMSE(val)=56.801219
[GA][Iter1] Gen:13 Ind:12 RMSE(val)=56.770549
[GA][Iter1] Gen:13 Ind:13 RMSE(val)=56.775441
[GA][Iter1] Gen:13 Ind:14 RMSE(val)=56.801219
[GA][Iter1] Gen:13 Ind:15 RMSE(val)=56.801219
[GA][Iter1] Gen:13 Ind:16 RMSE(val)=56.770549
[GA][Iter1] Gen:13 Ind:17 RMSE(val)=56.770549
[GA][Iter1] Gen:13 Ind:18 RMSE(val)=56.770549
[GA][Iter1] Gen:13 Ind:19 RMSE(val)=56.770549
[GA][Iter1] Gen:13 Ind:20 RMSE(val)=56.825677
[GA][Iter1] gen=13 best_val_rmse=56.770549
[GA][Iter1] Gen:14 Ind:1 RMSE(val)=56.770549
[GA][Iter1] Gen:14 Ind:2 RMSE(val)=56.770549
[GA][Iter1] Gen:14 Ind:3 RMSE(val)=56.770549
[GA][Iter1] Gen:14 Ind:4 RMSE(val)=56.770549
[GA][Iter1] Gen:14 Ind:5 RMSE(val)=56.770549
[GA][Iter1] Gen:14 Ind:6 RMSE(val)=56.770549
[GA][Iter1] Gen:14 Ind:7 RMSE(val)=56.770549
[GA][Iter1] Gen:14 Ind:8 RMSE(val)=56.770549
[GA][Iter1] Gen:14 Ind:9 RMSE(val)=56.770549
[GA][Iter1] Gen:14 Ind:10 RMSE(val)=56.770549
[GA][Iter1] Gen:14 Ind:11 RMSE(val)=56.770549
[GA][Iter1] Gen:14 Ind:12 RMSE(val)=56.880217
[GA][Iter1] Gen:14 Ind:13 RMSE(val)=56.770549
[GA][Iter1] Gen:14 Ind:14 RMSE(val)=56.775649
[GA][Iter1] Gen:14 Ind:15 RMSE(val)=56.770549
[GA][Iter1] Gen:14 Ind:16 RMSE(val)=56.770549
[GA][Iter1] Gen:14 Ind:17 RMSE(val)=56.770549
[GA][Iter1] Gen:14 Ind:18 RMSE(val)=56.770549
[GA][Iter1] Gen:14 Ind:19 RMSE(val)=57.107292
[GA][Iter1] Gen:14 Ind:20 RMSE(val)=56.770549
[GA][Iter1] gen=14 best_val_rmse=56.770549
[GA][Iter1] Gen:15 Ind:1 RMSE(val)=56.770549
[GA][Iter1] Gen:15 Ind:2 RMSE(val)=56.770549
[GA][Iter1] Gen:15 Ind:3 RMSE(val)=56.770549
[GA][Iter1] Gen:15 Ind:4 RMSE(val)=56.770549
[GA][Iter1] Gen:15 Ind:5 RMSE(val)=56.770549
[GA][Iter1] Gen:15 Ind:6 RMSE(val)=56.770549
[GA][Iter1] Gen:15 Ind:7 RMSE(val)=56.770549
[GA][Iter1] Gen:15 Ind:8 RMSE(val)=56.770549
[GA][Iter1] Gen:15 Ind:9 RMSE(val)=56.770549
[GA][Iter1] Gen:15 Ind:10 RMSE(val)=56.770549
[GA][Iter1] Gen:15 Ind:11 RMSE(val)=56.770549
[GA][Iter1] Gen:15 Ind:12 RMSE(val)=56.770549
[GA][Iter1] Gen:15 Ind:13 RMSE(val)=56.780382
[GA][Iter1] Gen:15 Ind:14 RMSE(val)=56.770549
[GA][Iter1] Gen:15 Ind:15 RMSE(val)=56.770549
[GA][Iter1] Gen:15 Ind:16 RMSE(val)=56.770549
[GA][Iter1] Gen:15 Ind:17 RMSE(val)=56.770549
[GA][Iter1] Gen:15 Ind:18 RMSE(val)=56.770549
[GA][Iter1] Gen:15 Ind:19 RMSE(val)=57.247984
[GA][Iter1] Gen:15 Ind:20 RMSE(val)=56.770549
[GA][Iter1] gen=15 best_val_rmse=56.770549
[GA][Iter1] Gen:15 Ind:1 RMSE(val)=56.770549
[GA][Iter1] Gen:15 Ind:2 RMSE(val)=56.770549
[GA][Iter1] Gen:15 Ind:3 RMSE(val)=56.770549
[GA][Iter1] Gen:15 Ind:4 RMSE(val)=56.770549
[GA][Iter1] Gen:15 Ind:5 RMSE(val)=56.770549
[GA][Iter1] Gen:15 Ind:6 RMSE(val)=56.770549
[GA][Iter1] Gen:15 Ind:7 RMSE(val)=56.770549
[GA][Iter1] Gen:15 Ind:8 RMSE(val)=56.770549
[GA][Iter1] Gen:15 Ind:9 RMSE(val)=56.770549
[GA][Iter1] Gen:15 Ind:10 RMSE(val)=56.770549
[GA][Iter1] Gen:15 Ind:11 RMSE(val)=56.770549
[GA][Iter1] Gen:15 Ind:12 RMSE(val)=56.770549
[GA][Iter1] Gen:15 Ind:13 RMSE(val)=56.770549
[GA][Iter1] Gen:15 Ind:14 RMSE(val)=56.770549
[GA][Iter1] Gen:15 Ind:15 RMSE(val)=56.770549
[GA][Iter1] Gen:15 Ind:16 RMSE(val)=56.770549
[GA][Iter1] Gen:15 Ind:17 RMSE(val)=56.770549
[GA][Iter1] Gen:15 Ind:18 RMSE(val)=57.000825
[GA][Iter1] Gen:15 Ind:19 RMSE(val)=56.768014
[GA][Iter1] Gen:15 Ind:20 RMSE(val)=56.770549

[GA DONE][Iter1] Best params on val fold of Iter1
Best val RMSE: 56.768014
Best params: {'n_estimators': 1561, 'max_depth': 11, 'min_samples_split': 5, 'min_samples_leaf': 1, 'max_features': 'sqrt', 'bootstrap': False}
--------------------------------------------------------------------------------
[RETUNE GA] Iter1: train folds 1..5 -> test fold 6  RMSE=45.039607  NRMSE=1.304118  CVRMSE=0.148955  R2=-0.732814
[GA][Iter2] Gen:1 Ind:1 RMSE(val)=35.835811
[GA][Iter2] Gen:1 Ind:2 RMSE(val)=35.807013
[GA][Iter2] Gen:1 Ind:3 RMSE(val)=36.507743
[GA][Iter2] Gen:1 Ind:4 RMSE(val)=36.867663
[GA][Iter2] Gen:1 Ind:5 RMSE(val)=47.046255
[GA][Iter2] Gen:1 Ind:6 RMSE(val)=36.472726
[GA][Iter2] Gen:1 Ind:7 RMSE(val)=36.835650
[GA][Iter2] Gen:1 Ind:8 RMSE(val)=37.912183
[GA][Iter2] Gen:1 Ind:9 RMSE(val)=35.681441
[GA][Iter2] Gen:1 Ind:10 RMSE(val)=38.711663
[GA][Iter2] Gen:1 Ind:11 RMSE(val)=36.760398
[GA][Iter2] Gen:1 Ind:12 RMSE(val)=40.258044
[GA][Iter2] Gen:1 Ind:13 RMSE(val)=36.425473
[GA][Iter2] Gen:1 Ind:14 RMSE(val)=42.027680
[GA][Iter2] Gen:1 Ind:15 RMSE(val)=40.164928
[GA][Iter2] Gen:1 Ind:16 RMSE(val)=36.665341
[GA][Iter2] Gen:1 Ind:17 RMSE(val)=36.533880
[GA][Iter2] Gen:1 Ind:18 RMSE(val)=37.365489
[GA][Iter2] Gen:1 Ind:19 RMSE(val)=37.407638
[GA][Iter2] Gen:1 Ind:20 RMSE(val)=40.973635
[GA][Iter2] gen=1 best_val_rmse=35.681441
[GA][Iter2] Gen:2 Ind:1 RMSE(val)=35.681441
[GA][Iter2] Gen:2 Ind:2 RMSE(val)=35.807013
[GA][Iter2] Gen:2 Ind:3 RMSE(val)=35.835811
[GA][Iter2] Gen:2 Ind:4 RMSE(val)=36.425473
[GA][Iter2] Gen:2 Ind:5 RMSE(val)=36.472726
[GA][Iter2] Gen:2 Ind:6 RMSE(val)=36.507743
[GA][Iter2] Gen:2 Ind:7 RMSE(val)=36.533880
[GA][Iter2] Gen:2 Ind:8 RMSE(val)=36.665341
[GA][Iter2] Gen:2 Ind:9 RMSE(val)=36.760398
[GA][Iter2] Gen:2 Ind:10 RMSE(val)=36.835650
[GA][Iter2] Gen:2 Ind:11 RMSE(val)=37.231824
[GA][Iter2] Gen:2 Ind:12 RMSE(val)=35.638782
[GA][Iter2] Gen:2 Ind:13 RMSE(val)=35.796020
[GA][Iter2] Gen:2 Ind:14 RMSE(val)=35.808802
[GA][Iter2] Gen:2 Ind:15 RMSE(val)=39.725016
[GA][Iter2] Gen:2 Ind:16 RMSE(val)=36.425473
[GA][Iter2] Gen:2 Ind:17 RMSE(val)=35.764980
[GA][Iter2] Gen:2 Ind:18 RMSE(val)=35.697337
[GA][Iter2] Gen:2 Ind:19 RMSE(val)=36.874882
[GA][Iter2] Gen:2 Ind:20 RMSE(val)=35.681441
[GA][Iter2] gen=2 best_val_rmse=35.638782
[GA][Iter2] Gen:3 Ind:1 RMSE(val)=35.638782
[GA][Iter2] Gen:3 Ind:2 RMSE(val)=35.681441
[GA][Iter2] Gen:3 Ind:3 RMSE(val)=35.681441
[GA][Iter2] Gen:3 Ind:4 RMSE(val)=35.697337
[GA][Iter2] Gen:3 Ind:5 RMSE(val)=35.764980
[GA][Iter2] Gen:3 Ind:6 RMSE(val)=35.796020
[GA][Iter2] Gen:3 Ind:7 RMSE(val)=35.807013
[GA][Iter2] Gen:3 Ind:8 RMSE(val)=35.808802
[GA][Iter2] Gen:3 Ind:9 RMSE(val)=35.835811
[GA][Iter2] Gen:3 Ind:10 RMSE(val)=36.425473
[GA][Iter2] Gen:3 Ind:11 RMSE(val)=35.697337
[GA][Iter2] Gen:3 Ind:12 RMSE(val)=35.681441
[GA][Iter2] Gen:3 Ind:13 RMSE(val)=35.713267
[GA][Iter2] Gen:3 Ind:14 RMSE(val)=35.472672
[GA][Iter2] Gen:3 Ind:15 RMSE(val)=35.681441
[GA][Iter2] Gen:3 Ind:16 RMSE(val)=35.337374
[GA][Iter2] Gen:3 Ind:17 RMSE(val)=35.764980
[GA][Iter2] Gen:3 Ind:18 RMSE(val)=35.681441
[GA][Iter2] Gen:3 Ind:19 RMSE(val)=36.001067
[GA][Iter2] Gen:3 Ind:20 RMSE(val)=36.401082
[GA][Iter2] gen=3 best_val_rmse=35.337374
[GA][Iter2] Gen:4 Ind:1 RMSE(val)=35.337374
[GA][Iter2] Gen:4 Ind:2 RMSE(val)=35.472672
[GA][Iter2] Gen:4 Ind:3 RMSE(val)=35.638782
[GA][Iter2] Gen:4 Ind:4 RMSE(val)=35.681441
[GA][Iter2] Gen:4 Ind:5 RMSE(val)=35.681441
[GA][Iter2] Gen:4 Ind:6 RMSE(val)=35.681441
[GA][Iter2] Gen:4 Ind:7 RMSE(val)=35.681441
[GA][Iter2] Gen:4 Ind:8 RMSE(val)=35.681441
[GA][Iter2] Gen:4 Ind:9 RMSE(val)=35.697337
[GA][Iter2] Gen:4 Ind:10 RMSE(val)=35.697337
[GA][Iter2] Gen:4 Ind:11 RMSE(val)=35.598342
[GA][Iter2] Gen:4 Ind:12 RMSE(val)=35.697337
[GA][Iter2] Gen:4 Ind:13 RMSE(val)=35.681441
[GA][Iter2] Gen:4 Ind:14 RMSE(val)=35.735817
[GA][Iter2] Gen:4 Ind:15 RMSE(val)=35.702970
[GA][Iter2] Gen:4 Ind:16 RMSE(val)=35.702970
[GA][Iter2] Gen:4 Ind:17 RMSE(val)=35.681441
[GA][Iter2] Gen:4 Ind:18 RMSE(val)=35.697337
[GA][Iter2] Gen:4 Ind:19 RMSE(val)=35.735817
[GA][Iter2] Gen:4 Ind:20 RMSE(val)=35.681441
[GA][Iter2] gen=4 best_val_rmse=35.337374
[GA][Iter2] Gen:5 Ind:1 RMSE(val)=35.337374
[GA][Iter2] Gen:5 Ind:2 RMSE(val)=35.472672
[GA][Iter2] Gen:5 Ind:3 RMSE(val)=35.598342
[GA][Iter2] Gen:5 Ind:4 RMSE(val)=35.638782
[GA][Iter2] Gen:5 Ind:5 RMSE(val)=35.681441
[GA][Iter2] Gen:5 Ind:6 RMSE(val)=35.681441
[GA][Iter2] Gen:5 Ind:7 RMSE(val)=35.681441
[GA][Iter2] Gen:5 Ind:8 RMSE(val)=35.681441
[GA][Iter2] Gen:5 Ind:9 RMSE(val)=35.681441
[GA][Iter2] Gen:5 Ind:10 RMSE(val)=35.681441
[GA][Iter2] Gen:5 Ind:11 RMSE(val)=35.702970
[GA][Iter2] Gen:5 Ind:12 RMSE(val)=35.681441
[GA][Iter2] Gen:5 Ind:13 RMSE(val)=35.388131
[GA][Iter2] Gen:5 Ind:14 RMSE(val)=35.637248
[GA][Iter2] Gen:5 Ind:15 RMSE(val)=35.628153
[GA][Iter2] Gen:5 Ind:16 RMSE(val)=35.681441
[GA][Iter2] Gen:5 Ind:17 RMSE(val)=35.702970
[GA][Iter2] Gen:5 Ind:18 RMSE(val)=35.681441
[GA][Iter2] Gen:5 Ind:19 RMSE(val)=35.681441
[GA][Iter2] Gen:5 Ind:20 RMSE(val)=35.681441
[GA][Iter2] gen=5 best_val_rmse=35.337374
[GA][Iter2] Gen:6 Ind:1 RMSE(val)=35.337374
[GA][Iter2] Gen:6 Ind:2 RMSE(val)=35.388131
[GA][Iter2] Gen:6 Ind:3 RMSE(val)=35.472672
[GA][Iter2] Gen:6 Ind:4 RMSE(val)=35.598342
[GA][Iter2] Gen:6 Ind:5 RMSE(val)=35.628153
[GA][Iter2] Gen:6 Ind:6 RMSE(val)=35.637248
[GA][Iter2] Gen:6 Ind:7 RMSE(val)=35.638782
[GA][Iter2] Gen:6 Ind:8 RMSE(val)=35.681441
[GA][Iter2] Gen:6 Ind:9 RMSE(val)=35.681441
[GA][Iter2] Gen:6 Ind:10 RMSE(val)=35.681441
[GA][Iter2] Gen:6 Ind:11 RMSE(val)=35.637248
[GA][Iter2] Gen:6 Ind:12 RMSE(val)=35.441291
[GA][Iter2] Gen:6 Ind:13 RMSE(val)=35.525317
[GA][Iter2] Gen:6 Ind:14 RMSE(val)=35.525317
[GA][Iter2] Gen:6 Ind:15 RMSE(val)=35.681441
[GA][Iter2] Gen:6 Ind:16 RMSE(val)=35.510110
[GA][Iter2] Gen:6 Ind:17 RMSE(val)=35.388131
[GA][Iter2] Gen:6 Ind:18 RMSE(val)=35.788529
[GA][Iter2] Gen:6 Ind:19 RMSE(val)=35.681441
[GA][Iter2] Gen:6 Ind:20 RMSE(val)=35.139989
[GA][Iter2] gen=6 best_val_rmse=35.139989
[GA][Iter2] Gen:7 Ind:1 RMSE(val)=35.139989
[GA][Iter2] Gen:7 Ind:2 RMSE(val)=35.337374
[GA][Iter2] Gen:7 Ind:3 RMSE(val)=35.388131
[GA][Iter2] Gen:7 Ind:4 RMSE(val)=35.388131
[GA][Iter2] Gen:7 Ind:5 RMSE(val)=35.441291
[GA][Iter2] Gen:7 Ind:6 RMSE(val)=35.472672
[GA][Iter2] Gen:7 Ind:7 RMSE(val)=35.510110
[GA][Iter2] Gen:7 Ind:8 RMSE(val)=35.525317
[GA][Iter2] Gen:7 Ind:9 RMSE(val)=35.525317
[GA][Iter2] Gen:7 Ind:10 RMSE(val)=35.598342
[GA][Iter2] Gen:7 Ind:11 RMSE(val)=35.337374
[GA][Iter2] Gen:7 Ind:12 RMSE(val)=35.496715
[GA][Iter2] Gen:7 Ind:13 RMSE(val)=35.702970
[GA][Iter2] Gen:7 Ind:14 RMSE(val)=35.510110
[GA][Iter2] Gen:7 Ind:15 RMSE(val)=35.414602
[GA][Iter2] Gen:7 Ind:16 RMSE(val)=35.472672
[GA][Iter2] Gen:7 Ind:17 RMSE(val)=35.603933
[GA][Iter2] Gen:7 Ind:18 RMSE(val)=35.702970
[GA][Iter2] Gen:7 Ind:19 RMSE(val)=35.388131
[GA][Iter2] Gen:7 Ind:20 RMSE(val)=35.552266
[GA][Iter2] gen=7 best_val_rmse=35.139989
[GA][Iter2] Gen:8 Ind:1 RMSE(val)=35.139989
[GA][Iter2] Gen:8 Ind:2 RMSE(val)=35.337374
[GA][Iter2] Gen:8 Ind:3 RMSE(val)=35.337374
[GA][Iter2] Gen:8 Ind:4 RMSE(val)=35.388131
[GA][Iter2] Gen:8 Ind:5 RMSE(val)=35.388131
[GA][Iter2] Gen:8 Ind:6 RMSE(val)=35.388131
[GA][Iter2] Gen:8 Ind:7 RMSE(val)=35.414602
[GA][Iter2] Gen:8 Ind:8 RMSE(val)=35.441291
[GA][Iter2] Gen:8 Ind:9 RMSE(val)=35.472672
[GA][Iter2] Gen:8 Ind:10 RMSE(val)=35.472672
[GA][Iter2] Gen:8 Ind:11 RMSE(val)=35.532233
[GA][Iter2] Gen:8 Ind:12 RMSE(val)=35.337374
[GA][Iter2] Gen:8 Ind:13 RMSE(val)=35.628153
[GA][Iter2] Gen:8 Ind:14 RMSE(val)=35.543888
[GA][Iter2] Gen:8 Ind:15 RMSE(val)=35.638782
[GA][Iter2] Gen:8 Ind:16 RMSE(val)=35.388131
[GA][Iter2] Gen:8 Ind:17 RMSE(val)=35.441291
[GA][Iter2] Gen:8 Ind:18 RMSE(val)=36.322379
[GA][Iter2] Gen:8 Ind:19 RMSE(val)=35.388131
[GA][Iter2] Gen:8 Ind:20 RMSE(val)=35.441291
[GA][Iter2] gen=8 best_val_rmse=35.139989
[GA][Iter2] Gen:9 Ind:1 RMSE(val)=35.139989
[GA][Iter2] Gen:9 Ind:2 RMSE(val)=35.337374
[GA][Iter2] Gen:9 Ind:3 RMSE(val)=35.337374
[GA][Iter2] Gen:9 Ind:4 RMSE(val)=35.337374
[GA][Iter2] Gen:9 Ind:5 RMSE(val)=35.388131
[GA][Iter2] Gen:9 Ind:6 RMSE(val)=35.388131
[GA][Iter2] Gen:9 Ind:7 RMSE(val)=35.388131
[GA][Iter2] Gen:9 Ind:8 RMSE(val)=35.388131
[GA][Iter2] Gen:9 Ind:9 RMSE(val)=35.388131
[GA][Iter2] Gen:9 Ind:10 RMSE(val)=35.414602
[GA][Iter2] Gen:9 Ind:11 RMSE(val)=35.388131
[GA][Iter2] Gen:9 Ind:12 RMSE(val)=35.139989
[GA][Iter2] Gen:9 Ind:13 RMSE(val)=35.442786
[GA][Iter2] Gen:9 Ind:14 RMSE(val)=35.337374
[GA][Iter2] Gen:9 Ind:15 RMSE(val)=35.139989
[GA][Iter2] Gen:9 Ind:16 RMSE(val)=35.337374
[GA][Iter2] Gen:9 Ind:17 RMSE(val)=36.153552
[GA][Iter2] Gen:9 Ind:18 RMSE(val)=35.388131
[GA][Iter2] Gen:9 Ind:19 RMSE(val)=35.532233
[GA][Iter2] Gen:9 Ind:20 RMSE(val)=35.337759
[GA][Iter2] gen=9 best_val_rmse=35.139989
[GA][Iter2] Gen:10 Ind:1 RMSE(val)=35.139989
[GA][Iter2] Gen:10 Ind:2 RMSE(val)=35.139989
[GA][Iter2] Gen:10 Ind:3 RMSE(val)=35.139989
[GA][Iter2] Gen:10 Ind:4 RMSE(val)=35.337374
[GA][Iter2] Gen:10 Ind:5 RMSE(val)=35.337374
[GA][Iter2] Gen:10 Ind:6 RMSE(val)=35.337374
[GA][Iter2] Gen:10 Ind:7 RMSE(val)=35.337374
[GA][Iter2] Gen:10 Ind:8 RMSE(val)=35.337374
[GA][Iter2] Gen:10 Ind:9 RMSE(val)=35.337759
[GA][Iter2] Gen:10 Ind:10 RMSE(val)=35.388131
[GA][Iter2] Gen:10 Ind:11 RMSE(val)=35.337759
[GA][Iter2] Gen:10 Ind:12 RMSE(val)=35.139989
[GA][Iter2] Gen:10 Ind:13 RMSE(val)=35.139989
[GA][Iter2] Gen:10 Ind:14 RMSE(val)=35.337374
[GA][Iter2] Gen:10 Ind:15 RMSE(val)=35.388131
[GA][Iter2] Gen:10 Ind:16 RMSE(val)=35.444487
[GA][Iter2] Gen:10 Ind:17 RMSE(val)=35.576027
[GA][Iter2] Gen:10 Ind:18 RMSE(val)=35.388131
[GA][Iter2] Gen:10 Ind:19 RMSE(val)=35.388131
[GA][Iter2] Gen:10 Ind:20 RMSE(val)=35.337759
[GA][Iter2] gen=10 best_val_rmse=35.139989
[GA][Iter2] Gen:11 Ind:1 RMSE(val)=35.139989
[GA][Iter2] Gen:11 Ind:2 RMSE(val)=35.139989
[GA][Iter2] Gen:11 Ind:3 RMSE(val)=35.139989
[GA][Iter2] Gen:11 Ind:4 RMSE(val)=35.139989
[GA][Iter2] Gen:11 Ind:5 RMSE(val)=35.139989
[GA][Iter2] Gen:11 Ind:6 RMSE(val)=35.337374
[GA][Iter2] Gen:11 Ind:7 RMSE(val)=35.337374
[GA][Iter2] Gen:11 Ind:8 RMSE(val)=35.337374
[GA][Iter2] Gen:11 Ind:9 RMSE(val)=35.337374
[GA][Iter2] Gen:11 Ind:10 RMSE(val)=35.337374
[GA][Iter2] Gen:11 Ind:11 RMSE(val)=35.139989
[GA][Iter2] Gen:11 Ind:12 RMSE(val)=35.337759
[GA][Iter2] Gen:11 Ind:13 RMSE(val)=35.337374
[GA][Iter2] Gen:11 Ind:14 RMSE(val)=35.337374
[GA][Iter2] Gen:11 Ind:15 RMSE(val)=35.149933
[GA][Iter2] Gen:11 Ind:16 RMSE(val)=35.576027
[GA][Iter2] Gen:11 Ind:17 RMSE(val)=35.139989
[GA][Iter2] Gen:11 Ind:18 RMSE(val)=35.576027
[GA][Iter2] Gen:11 Ind:19 RMSE(val)=35.576027
[GA][Iter2] Gen:11 Ind:20 RMSE(val)=35.576027
[GA][Iter2] gen=11 best_val_rmse=35.139989
[GA][Iter2] Gen:12 Ind:1 RMSE(val)=35.139989
[GA][Iter2] Gen:12 Ind:2 RMSE(val)=35.139989
[GA][Iter2] Gen:12 Ind:3 RMSE(val)=35.139989
[GA][Iter2] Gen:12 Ind:4 RMSE(val)=35.139989
[GA][Iter2] Gen:12 Ind:5 RMSE(val)=35.139989
[GA][Iter2] Gen:12 Ind:6 RMSE(val)=35.139989
[GA][Iter2] Gen:12 Ind:7 RMSE(val)=35.139989
[GA][Iter2] Gen:12 Ind:8 RMSE(val)=35.149933
[GA][Iter2] Gen:12 Ind:9 RMSE(val)=35.337374
[GA][Iter2] Gen:12 Ind:10 RMSE(val)=35.337374
[GA][Iter2] Gen:12 Ind:11 RMSE(val)=35.139989
[GA][Iter2] Gen:12 Ind:12 RMSE(val)=35.298838
[GA][Iter2] Gen:12 Ind:13 RMSE(val)=35.139989
[GA][Iter2] Gen:12 Ind:14 RMSE(val)=35.337374
[GA][Iter2] Gen:12 Ind:15 RMSE(val)=35.139989
[GA][Iter2] Gen:12 Ind:16 RMSE(val)=35.576027
[GA][Iter2] Gen:12 Ind:17 RMSE(val)=35.337759
[GA][Iter2] Gen:12 Ind:18 RMSE(val)=35.139989
[GA][Iter2] Gen:12 Ind:19 RMSE(val)=35.576027
[GA][Iter2] Gen:12 Ind:20 RMSE(val)=35.124740
[GA][Iter2] gen=12 best_val_rmse=35.124740
[GA][Iter2] Gen:13 Ind:1 RMSE(val)=35.124740
[GA][Iter2] Gen:13 Ind:2 RMSE(val)=35.139989
[GA][Iter2] Gen:13 Ind:3 RMSE(val)=35.139989
[GA][Iter2] Gen:13 Ind:4 RMSE(val)=35.139989
[GA][Iter2] Gen:13 Ind:5 RMSE(val)=35.139989
[GA][Iter2] Gen:13 Ind:6 RMSE(val)=35.139989
[GA][Iter2] Gen:13 Ind:7 RMSE(val)=35.139989
[GA][Iter2] Gen:13 Ind:8 RMSE(val)=35.139989
[GA][Iter2] Gen:13 Ind:9 RMSE(val)=35.139989
[GA][Iter2] Gen:13 Ind:10 RMSE(val)=35.139989
[GA][Iter2] Gen:13 Ind:11 RMSE(val)=35.139989
[GA][Iter2] Gen:13 Ind:12 RMSE(val)=35.124740
[GA][Iter2] Gen:13 Ind:13 RMSE(val)=35.388131
[GA][Iter2] Gen:13 Ind:14 RMSE(val)=35.139989
[GA][Iter2] Gen:13 Ind:15 RMSE(val)=35.139989
[GA][Iter2] Gen:13 Ind:16 RMSE(val)=35.298838
[GA][Iter2] Gen:13 Ind:17 RMSE(val)=35.124740
[GA][Iter2] Gen:13 Ind:18 RMSE(val)=35.139989
[GA][Iter2] Gen:13 Ind:19 RMSE(val)=35.124740
[GA][Iter2] Gen:13 Ind:20 RMSE(val)=35.211493
[GA][Iter2] gen=13 best_val_rmse=35.124740
[GA][Iter2] Gen:14 Ind:1 RMSE(val)=35.124740
[GA][Iter2] Gen:14 Ind:2 RMSE(val)=35.124740
[GA][Iter2] Gen:14 Ind:3 RMSE(val)=35.124740
[GA][Iter2] Gen:14 Ind:4 RMSE(val)=35.124740
[GA][Iter2] Gen:14 Ind:5 RMSE(val)=35.139989
[GA][Iter2] Gen:14 Ind:6 RMSE(val)=35.139989
[GA][Iter2] Gen:14 Ind:7 RMSE(val)=35.139989
[GA][Iter2] Gen:14 Ind:8 RMSE(val)=35.139989
[GA][Iter2] Gen:14 Ind:9 RMSE(val)=35.139989
[GA][Iter2] Gen:14 Ind:10 RMSE(val)=35.139989
[GA][Iter2] Gen:14 Ind:11 RMSE(val)=35.139989
[GA][Iter2] Gen:14 Ind:12 RMSE(val)=35.139989
[GA][Iter2] Gen:14 Ind:13 RMSE(val)=35.139989
[GA][Iter2] Gen:14 Ind:14 RMSE(val)=35.121937
[GA][Iter2] Gen:14 Ind:15 RMSE(val)=35.139989
[GA][Iter2] Gen:14 Ind:16 RMSE(val)=35.139989
[GA][Iter2] Gen:14 Ind:17 RMSE(val)=35.139989
[GA][Iter2] Gen:14 Ind:18 RMSE(val)=35.139989
[GA][Iter2] Gen:14 Ind:19 RMSE(val)=38.014141
[GA][Iter2] Gen:14 Ind:20 RMSE(val)=35.139989
[GA][Iter2] gen=14 best_val_rmse=35.121937
[GA][Iter2] Gen:15 Ind:1 RMSE(val)=35.121937
[GA][Iter2] Gen:15 Ind:2 RMSE(val)=35.124740
[GA][Iter2] Gen:15 Ind:3 RMSE(val)=35.124740
[GA][Iter2] Gen:15 Ind:4 RMSE(val)=35.124740
[GA][Iter2] Gen:15 Ind:5 RMSE(val)=35.124740
[GA][Iter2] Gen:15 Ind:6 RMSE(val)=35.139989
[GA][Iter2] Gen:15 Ind:7 RMSE(val)=35.139989
[GA][Iter2] Gen:15 Ind:8 RMSE(val)=35.139989
[GA][Iter2] Gen:15 Ind:9 RMSE(val)=35.139989
[GA][Iter2] Gen:15 Ind:10 RMSE(val)=35.139989
[GA][Iter2] Gen:15 Ind:11 RMSE(val)=35.124740
[GA][Iter2] Gen:15 Ind:12 RMSE(val)=35.124740
[GA][Iter2] Gen:15 Ind:13 RMSE(val)=35.161758
[GA][Iter2] Gen:15 Ind:14 RMSE(val)=35.147560
[GA][Iter2] Gen:15 Ind:15 RMSE(val)=35.139989
[GA][Iter2] Gen:15 Ind:16 RMSE(val)=35.139989
[GA][Iter2] Gen:15 Ind:17 RMSE(val)=35.139989
[GA][Iter2] Gen:15 Ind:18 RMSE(val)=35.380744
[GA][Iter2] Gen:15 Ind:19 RMSE(val)=35.139871
[GA][Iter2] Gen:15 Ind:20 RMSE(val)=35.121937
[GA][Iter2] gen=15 best_val_rmse=35.121937
[GA][Iter2] Gen:15 Ind:1 RMSE(val)=35.121937
[GA][Iter2] Gen:15 Ind:2 RMSE(val)=35.121937
[GA][Iter2] Gen:15 Ind:3 RMSE(val)=35.124740
[GA][Iter2] Gen:15 Ind:4 RMSE(val)=35.124740
[GA][Iter2] Gen:15 Ind:5 RMSE(val)=35.124740
[GA][Iter2] Gen:15 Ind:6 RMSE(val)=35.124740
[GA][Iter2] Gen:15 Ind:7 RMSE(val)=35.124740
[GA][Iter2] Gen:15 Ind:8 RMSE(val)=35.124740
[GA][Iter2] Gen:15 Ind:9 RMSE(val)=35.139871
[GA][Iter2] Gen:15 Ind:10 RMSE(val)=35.139989
[GA][Iter2] Gen:15 Ind:11 RMSE(val)=35.124740
[GA][Iter2] Gen:15 Ind:12 RMSE(val)=35.121937
[GA][Iter2] Gen:15 Ind:13 RMSE(val)=35.124740
[GA][Iter2] Gen:15 Ind:14 RMSE(val)=35.136661
[GA][Iter2] Gen:15 Ind:15 RMSE(val)=35.257164
[GA][Iter2] Gen:15 Ind:16 RMSE(val)=35.124740
[GA][Iter2] Gen:15 Ind:17 RMSE(val)=35.124740
[GA][Iter2] Gen:15 Ind:18 RMSE(val)=35.124740
[GA][Iter2] Gen:15 Ind:19 RMSE(val)=35.122925
[GA][Iter2] Gen:15 Ind:20 RMSE(val)=35.139989

[GA DONE][Iter2] Best params on val fold of Iter2
Best val RMSE: 35.121937
Best params: {'n_estimators': 241, 'max_depth': 21, 'min_samples_split': 12, 'min_samples_leaf': 13, 'max_features': None, 'bootstrap': True}
--------------------------------------------------------------------------------
[RETUNE GA] Iter2: train folds 1..6 -> test fold 7  RMSE=22.640479  NRMSE=0.825745  CVRMSE=0.071221  R2=0.305281
[GA][Iter3] Gen:1 Ind:1 RMSE(val)=23.274101
[GA][Iter3] Gen:1 Ind:2 RMSE(val)=23.708181
[GA][Iter3] Gen:1 Ind:3 RMSE(val)=24.294193
[GA][Iter3] Gen:1 Ind:4 RMSE(val)=22.988101
[GA][Iter3] Gen:1 Ind:5 RMSE(val)=36.792407
[GA][Iter3] Gen:1 Ind:6 RMSE(val)=23.072689
[GA][Iter3] Gen:1 Ind:7 RMSE(val)=23.106455
[GA][Iter3] Gen:1 Ind:8 RMSE(val)=23.203924
[GA][Iter3] Gen:1 Ind:9 RMSE(val)=22.960367
[GA][Iter3] Gen:1 Ind:10 RMSE(val)=22.459937
[GA][Iter3] Gen:1 Ind:11 RMSE(val)=23.020857
[GA][Iter3] Gen:1 Ind:12 RMSE(val)=23.839494
[GA][Iter3] Gen:1 Ind:13 RMSE(val)=23.345417
[GA][Iter3] Gen:1 Ind:14 RMSE(val)=22.497726
[GA][Iter3] Gen:1 Ind:15 RMSE(val)=23.291522
[GA][Iter3] Gen:1 Ind:16 RMSE(val)=22.846093
[GA][Iter3] Gen:1 Ind:17 RMSE(val)=23.193227
[GA][Iter3] Gen:1 Ind:18 RMSE(val)=23.075876
[GA][Iter3] Gen:1 Ind:19 RMSE(val)=23.549790
[GA][Iter3] Gen:1 Ind:20 RMSE(val)=35.952590
[GA][Iter3] gen=1 best_val_rmse=22.459937
[GA][Iter3] Gen:2 Ind:1 RMSE(val)=22.459937
[GA][Iter3] Gen:2 Ind:2 RMSE(val)=22.497726
[GA][Iter3] Gen:2 Ind:3 RMSE(val)=22.846093
[GA][Iter3] Gen:2 Ind:4 RMSE(val)=22.960367
[GA][Iter3] Gen:2 Ind:5 RMSE(val)=22.988101
[GA][Iter3] Gen:2 Ind:6 RMSE(val)=23.020857
[GA][Iter3] Gen:2 Ind:7 RMSE(val)=23.072689
[GA][Iter3] Gen:2 Ind:8 RMSE(val)=23.075876
[GA][Iter3] Gen:2 Ind:9 RMSE(val)=23.106455
[GA][Iter3] Gen:2 Ind:10 RMSE(val)=23.193227
[GA][Iter3] Gen:2 Ind:11 RMSE(val)=22.788395
[GA][Iter3] Gen:2 Ind:12 RMSE(val)=22.742151
[GA][Iter3] Gen:2 Ind:13 RMSE(val)=23.139922
[GA][Iter3] Gen:2 Ind:14 RMSE(val)=22.736553
[GA][Iter3] Gen:2 Ind:15 RMSE(val)=25.419470
[GA][Iter3] Gen:2 Ind:16 RMSE(val)=23.641112
[GA][Iter3] Gen:2 Ind:17 RMSE(val)=23.092156
[GA][Iter3] Gen:2 Ind:18 RMSE(val)=22.968974
[GA][Iter3] Gen:2 Ind:19 RMSE(val)=22.767715
[GA][Iter3] Gen:2 Ind:20 RMSE(val)=22.600938
[GA][Iter3] gen=2 best_val_rmse=22.459937
[GA][Iter3] Gen:3 Ind:1 RMSE(val)=22.459937
[GA][Iter3] Gen:3 Ind:2 RMSE(val)=22.497726
[GA][Iter3] Gen:3 Ind:3 RMSE(val)=22.600938
[GA][Iter3] Gen:3 Ind:4 RMSE(val)=22.736553
[GA][Iter3] Gen:3 Ind:5 RMSE(val)=22.742151
[GA][Iter3] Gen:3 Ind:6 RMSE(val)=22.767715
[GA][Iter3] Gen:3 Ind:7 RMSE(val)=22.788395
[GA][Iter3] Gen:3 Ind:8 RMSE(val)=22.846093
[GA][Iter3] Gen:3 Ind:9 RMSE(val)=22.960367
[GA][Iter3] Gen:3 Ind:10 RMSE(val)=22.968974
[GA][Iter3] Gen:3 Ind:11 RMSE(val)=22.736553
[GA][Iter3] Gen:3 Ind:12 RMSE(val)=22.600938
[GA][Iter3] Gen:3 Ind:13 RMSE(val)=23.230295
[GA][Iter3] Gen:3 Ind:14 RMSE(val)=22.477770
[GA][Iter3] Gen:3 Ind:15 RMSE(val)=22.497726
[GA][Iter3] Gen:3 Ind:16 RMSE(val)=22.532755
[GA][Iter3] Gen:3 Ind:17 RMSE(val)=23.080451
[GA][Iter3] Gen:3 Ind:18 RMSE(val)=22.678344
[GA][Iter3] Gen:3 Ind:19 RMSE(val)=22.968974
[GA][Iter3] Gen:3 Ind:20 RMSE(val)=22.960367
[GA][Iter3] gen=3 best_val_rmse=22.459937
[GA][Iter3] Gen:4 Ind:1 RMSE(val)=22.459937
[GA][Iter3] Gen:4 Ind:2 RMSE(val)=22.477770
[GA][Iter3] Gen:4 Ind:3 RMSE(val)=22.497726
[GA][Iter3] Gen:4 Ind:4 RMSE(val)=22.497726
[GA][Iter3] Gen:4 Ind:5 RMSE(val)=22.532755
[GA][Iter3] Gen:4 Ind:6 RMSE(val)=22.600938
[GA][Iter3] Gen:4 Ind:7 RMSE(val)=22.600938
[GA][Iter3] Gen:4 Ind:8 RMSE(val)=22.678344
[GA][Iter3] Gen:4 Ind:9 RMSE(val)=22.736553
[GA][Iter3] Gen:4 Ind:10 RMSE(val)=22.736553
[GA][Iter3] Gen:4 Ind:11 RMSE(val)=22.614122
[GA][Iter3] Gen:4 Ind:12 RMSE(val)=22.736553
[GA][Iter3] Gen:4 Ind:13 RMSE(val)=22.501545
[GA][Iter3] Gen:4 Ind:14 RMSE(val)=22.477770
[GA][Iter3] Gen:4 Ind:15 RMSE(val)=22.703902
[GA][Iter3] Gen:4 Ind:16 RMSE(val)=22.497726
[GA][Iter3] Gen:4 Ind:17 RMSE(val)=22.532755
[GA][Iter3] Gen:4 Ind:18 RMSE(val)=22.736553
[GA][Iter3] Gen:4 Ind:19 RMSE(val)=22.726845
[GA][Iter3] Gen:4 Ind:20 RMSE(val)=22.532755
[GA][Iter3] gen=4 best_val_rmse=22.459937
[GA][Iter3] Gen:5 Ind:1 RMSE(val)=22.459937
[GA][Iter3] Gen:5 Ind:2 RMSE(val)=22.477770
[GA][Iter3] Gen:5 Ind:3 RMSE(val)=22.477770
[GA][Iter3] Gen:5 Ind:4 RMSE(val)=22.497726
[GA][Iter3] Gen:5 Ind:5 RMSE(val)=22.497726
[GA][Iter3] Gen:5 Ind:6 RMSE(val)=22.497726
[GA][Iter3] Gen:5 Ind:7 RMSE(val)=22.501545
[GA][Iter3] Gen:5 Ind:8 RMSE(val)=22.532755
[GA][Iter3] Gen:5 Ind:9 RMSE(val)=22.532755
[GA][Iter3] Gen:5 Ind:10 RMSE(val)=22.532755
[GA][Iter3] Gen:5 Ind:11 RMSE(val)=22.497726
[GA][Iter3] Gen:5 Ind:12 RMSE(val)=22.497726
[GA][Iter3] Gen:5 Ind:13 RMSE(val)=22.614122
[GA][Iter3] Gen:5 Ind:14 RMSE(val)=22.497726
[GA][Iter3] Gen:5 Ind:15 RMSE(val)=22.702020
[GA][Iter3] Gen:5 Ind:16 RMSE(val)=22.501545
[GA][Iter3] Gen:5 Ind:17 RMSE(val)=22.600938
[GA][Iter3] Gen:5 Ind:18 RMSE(val)=22.532755
[GA][Iter3] Gen:5 Ind:19 RMSE(val)=22.532755
[GA][Iter3] Gen:5 Ind:20 RMSE(val)=22.532755
[GA][Iter3] gen=5 best_val_rmse=22.459937
[GA][Iter3] Gen:6 Ind:1 RMSE(val)=22.459937
[GA][Iter3] Gen:6 Ind:2 RMSE(val)=22.477770
[GA][Iter3] Gen:6 Ind:3 RMSE(val)=22.477770
[GA][Iter3] Gen:6 Ind:4 RMSE(val)=22.497726
[GA][Iter3] Gen:6 Ind:5 RMSE(val)=22.497726
[GA][Iter3] Gen:6 Ind:6 RMSE(val)=22.497726
[GA][Iter3] Gen:6 Ind:7 RMSE(val)=22.497726
[GA][Iter3] Gen:6 Ind:8 RMSE(val)=22.497726
[GA][Iter3] Gen:6 Ind:9 RMSE(val)=22.497726
[GA][Iter3] Gen:6 Ind:10 RMSE(val)=22.501545
[GA][Iter3] Gen:6 Ind:11 RMSE(val)=22.600938
[GA][Iter3] Gen:6 Ind:12 RMSE(val)=22.497726
[GA][Iter3] Gen:6 Ind:13 RMSE(val)=22.497726
[GA][Iter3] Gen:6 Ind:14 RMSE(val)=22.497726
[GA][Iter3] Gen:6 Ind:15 RMSE(val)=22.501545
[GA][Iter3] Gen:6 Ind:16 RMSE(val)=22.726845
[GA][Iter3] Gen:6 Ind:17 RMSE(val)=22.703902
[GA][Iter3] Gen:6 Ind:18 RMSE(val)=22.459937
[GA][Iter3] Gen:6 Ind:19 RMSE(val)=22.497726
[GA][Iter3] Gen:6 Ind:20 RMSE(val)=23.587565
[GA][Iter3] gen=6 best_val_rmse=22.459937
[GA][Iter3] Gen:7 Ind:1 RMSE(val)=22.459937
[GA][Iter3] Gen:7 Ind:2 RMSE(val)=22.459937
[GA][Iter3] Gen:7 Ind:3 RMSE(val)=22.477770
[GA][Iter3] Gen:7 Ind:4 RMSE(val)=22.477770
[GA][Iter3] Gen:7 Ind:5 RMSE(val)=22.497726
[GA][Iter3] Gen:7 Ind:6 RMSE(val)=22.497726
[GA][Iter3] Gen:7 Ind:7 RMSE(val)=22.497726
[GA][Iter3] Gen:7 Ind:8 RMSE(val)=22.497726
[GA][Iter3] Gen:7 Ind:9 RMSE(val)=22.497726
[GA][Iter3] Gen:7 Ind:10 RMSE(val)=22.497726
[GA][Iter3] Gen:7 Ind:11 RMSE(val)=22.827194
[GA][Iter3] Gen:7 Ind:12 RMSE(val)=22.459937
[GA][Iter3] Gen:7 Ind:13 RMSE(val)=22.617006
[GA][Iter3] Gen:7 Ind:14 RMSE(val)=22.497726
[GA][Iter3] Gen:7 Ind:15 RMSE(val)=22.497726
[GA][Iter3] Gen:7 Ind:16 RMSE(val)=22.497726
[GA][Iter3] Gen:7 Ind:17 RMSE(val)=22.497726
[GA][Iter3] Gen:7 Ind:18 RMSE(val)=22.467585
[GA][Iter3] Gen:7 Ind:19 RMSE(val)=22.703902
[GA][Iter3] Gen:7 Ind:20 RMSE(val)=22.702020
[GA][Iter3] gen=7 best_val_rmse=22.459937
[GA][Iter3] Gen:8 Ind:1 RMSE(val)=22.459937
[GA][Iter3] Gen:8 Ind:2 RMSE(val)=22.459937
[GA][Iter3] Gen:8 Ind:3 RMSE(val)=22.459937
[GA][Iter3] Gen:8 Ind:4 RMSE(val)=22.467585
[GA][Iter3] Gen:8 Ind:5 RMSE(val)=22.477770
[GA][Iter3] Gen:8 Ind:6 RMSE(val)=22.477770
[GA][Iter3] Gen:8 Ind:7 RMSE(val)=22.497726
[GA][Iter3] Gen:8 Ind:8 RMSE(val)=22.497726
[GA][Iter3] Gen:8 Ind:9 RMSE(val)=22.497726
[GA][Iter3] Gen:8 Ind:10 RMSE(val)=22.497726
[GA][Iter3] Gen:8 Ind:11 RMSE(val)=22.726845
[GA][Iter3] Gen:8 Ind:12 RMSE(val)=22.600938
[GA][Iter3] Gen:8 Ind:13 RMSE(val)=22.497726
[GA][Iter3] Gen:8 Ind:14 RMSE(val)=22.366204
[GA][Iter3] Gen:8 Ind:15 RMSE(val)=22.497726
[GA][Iter3] Gen:8 Ind:16 RMSE(val)=22.770550
[GA][Iter3] Gen:8 Ind:17 RMSE(val)=22.497726
[GA][Iter3] Gen:8 Ind:18 RMSE(val)=23.306988
[GA][Iter3] Gen:8 Ind:19 RMSE(val)=22.477770
[GA][Iter3] Gen:8 Ind:20 RMSE(val)=22.497726
[GA][Iter3] gen=8 best_val_rmse=22.366204
[GA][Iter3] Gen:9 Ind:1 RMSE(val)=22.366204
[GA][Iter3] Gen:9 Ind:2 RMSE(val)=22.459937
[GA][Iter3] Gen:9 Ind:3 RMSE(val)=22.459937
[GA][Iter3] Gen:9 Ind:4 RMSE(val)=22.459937
[GA][Iter3] Gen:9 Ind:5 RMSE(val)=22.467585
[GA][Iter3] Gen:9 Ind:6 RMSE(val)=22.477770
[GA][Iter3] Gen:9 Ind:7 RMSE(val)=22.477770
[GA][Iter3] Gen:9 Ind:8 RMSE(val)=22.477770
[GA][Iter3] Gen:9 Ind:9 RMSE(val)=22.497726
[GA][Iter3] Gen:9 Ind:10 RMSE(val)=22.497726
[GA][Iter3] Gen:9 Ind:11 RMSE(val)=22.477770
[GA][Iter3] Gen:9 Ind:12 RMSE(val)=22.741160
[GA][Iter3] Gen:9 Ind:13 RMSE(val)=22.873037
[GA][Iter3] Gen:9 Ind:14 RMSE(val)=22.459937
[GA][Iter3] Gen:9 Ind:15 RMSE(val)=23.514708
[GA][Iter3] Gen:9 Ind:16 RMSE(val)=22.856108
[GA][Iter3] Gen:9 Ind:17 RMSE(val)=23.177095
[GA][Iter3] Gen:9 Ind:18 RMSE(val)=22.477770
[GA][Iter3] Gen:9 Ind:19 RMSE(val)=22.726845
[GA][Iter3] Gen:9 Ind:20 RMSE(val)=22.477770
[GA][Iter3] gen=9 best_val_rmse=22.366204
[GA][Iter3] Gen:10 Ind:1 RMSE(val)=22.366204
[GA][Iter3] Gen:10 Ind:2 RMSE(val)=22.459937
[GA][Iter3] Gen:10 Ind:3 RMSE(val)=22.459937
[GA][Iter3] Gen:10 Ind:4 RMSE(val)=22.459937
[GA][Iter3] Gen:10 Ind:5 RMSE(val)=22.459937
[GA][Iter3] Gen:10 Ind:6 RMSE(val)=22.467585
[GA][Iter3] Gen:10 Ind:7 RMSE(val)=22.477770
[GA][Iter3] Gen:10 Ind:8 RMSE(val)=22.477770
[GA][Iter3] Gen:10 Ind:9 RMSE(val)=22.477770
[GA][Iter3] Gen:10 Ind:10 RMSE(val)=22.477770
[GA][Iter3] Gen:10 Ind:11 RMSE(val)=22.748941
[GA][Iter3] Gen:10 Ind:12 RMSE(val)=22.366204
[GA][Iter3] Gen:10 Ind:13 RMSE(val)=22.459937
[GA][Iter3] Gen:10 Ind:14 RMSE(val)=22.477770
[GA][Iter3] Gen:10 Ind:15 RMSE(val)=22.459937
[GA][Iter3] Gen:10 Ind:16 RMSE(val)=22.614122
[GA][Iter3] Gen:10 Ind:17 RMSE(val)=22.459937
[GA][Iter3] Gen:10 Ind:18 RMSE(val)=22.477770
[GA][Iter3] Gen:10 Ind:19 RMSE(val)=22.477770
[GA][Iter3] Gen:10 Ind:20 RMSE(val)=22.459937
[GA][Iter3] gen=10 best_val_rmse=22.366204
[GA][Iter3] Gen:11 Ind:1 RMSE(val)=22.366204
[GA][Iter3] Gen:11 Ind:2 RMSE(val)=22.366204
[GA][Iter3] Gen:11 Ind:3 RMSE(val)=22.459937
[GA][Iter3] Gen:11 Ind:4 RMSE(val)=22.459937
[GA][Iter3] Gen:11 Ind:5 RMSE(val)=22.459937
[GA][Iter3] Gen:11 Ind:6 RMSE(val)=22.459937
[GA][Iter3] Gen:11 Ind:7 RMSE(val)=22.459937
[GA][Iter3] Gen:11 Ind:8 RMSE(val)=22.459937
[GA][Iter3] Gen:11 Ind:9 RMSE(val)=22.459937
[GA][Iter3] Gen:11 Ind:10 RMSE(val)=22.459937
[GA][Iter3] Gen:11 Ind:11 RMSE(val)=22.459937
[GA][Iter3] Gen:11 Ind:12 RMSE(val)=22.459937
[GA][Iter3] Gen:11 Ind:13 RMSE(val)=22.459937
[GA][Iter3] Gen:11 Ind:14 RMSE(val)=22.459937
[GA][Iter3] Gen:11 Ind:15 RMSE(val)=22.578209
[GA][Iter3] Gen:11 Ind:16 RMSE(val)=22.459937
[GA][Iter3] Gen:11 Ind:17 RMSE(val)=22.459937
[GA][Iter3] Gen:11 Ind:18 RMSE(val)=22.459937
[GA][Iter3] Gen:11 Ind:19 RMSE(val)=22.366204
[GA][Iter3] Gen:11 Ind:20 RMSE(val)=22.408392
[GA][Iter3] gen=11 best_val_rmse=22.366204
[GA][Iter3] Gen:12 Ind:1 RMSE(val)=22.366204
[GA][Iter3] Gen:12 Ind:2 RMSE(val)=22.366204
[GA][Iter3] Gen:12 Ind:3 RMSE(val)=22.366204
[GA][Iter3] Gen:12 Ind:4 RMSE(val)=22.408392
[GA][Iter3] Gen:12 Ind:5 RMSE(val)=22.459937
[GA][Iter3] Gen:12 Ind:6 RMSE(val)=22.459937
[GA][Iter3] Gen:12 Ind:7 RMSE(val)=22.459937
[GA][Iter3] Gen:12 Ind:8 RMSE(val)=22.459937
[GA][Iter3] Gen:12 Ind:9 RMSE(val)=22.459937
[GA][Iter3] Gen:12 Ind:10 RMSE(val)=22.459937
[GA][Iter3] Gen:12 Ind:11 RMSE(val)=22.366204
[GA][Iter3] Gen:12 Ind:12 RMSE(val)=22.741160
[GA][Iter3] Gen:12 Ind:13 RMSE(val)=22.366204
[GA][Iter3] Gen:12 Ind:14 RMSE(val)=22.459937
[GA][Iter3] Gen:12 Ind:15 RMSE(val)=22.366204
[GA][Iter3] Gen:12 Ind:16 RMSE(val)=22.459937
[GA][Iter3] Gen:12 Ind:17 RMSE(val)=22.623430
[GA][Iter3] Gen:12 Ind:18 RMSE(val)=22.366204
[GA][Iter3] Gen:12 Ind:19 RMSE(val)=22.366204
[GA][Iter3] Gen:12 Ind:20 RMSE(val)=22.516493
[GA][Iter3] gen=12 best_val_rmse=22.366204
[GA][Iter3] Gen:13 Ind:1 RMSE(val)=22.366204
[GA][Iter3] Gen:13 Ind:2 RMSE(val)=22.366204
[GA][Iter3] Gen:13 Ind:3 RMSE(val)=22.366204
[GA][Iter3] Gen:13 Ind:4 RMSE(val)=22.366204
[GA][Iter3] Gen:13 Ind:5 RMSE(val)=22.366204
[GA][Iter3] Gen:13 Ind:6 RMSE(val)=22.366204
[GA][Iter3] Gen:13 Ind:7 RMSE(val)=22.366204
[GA][Iter3] Gen:13 Ind:8 RMSE(val)=22.366204
[GA][Iter3] Gen:13 Ind:9 RMSE(val)=22.408392
[GA][Iter3] Gen:13 Ind:10 RMSE(val)=22.459937
[GA][Iter3] Gen:13 Ind:11 RMSE(val)=22.408392
[GA][Iter3] Gen:13 Ind:12 RMSE(val)=22.366204
[GA][Iter3] Gen:13 Ind:13 RMSE(val)=22.366204
[GA][Iter3] Gen:13 Ind:14 RMSE(val)=22.366204
[GA][Iter3] Gen:13 Ind:15 RMSE(val)=22.459937
[GA][Iter3] Gen:13 Ind:16 RMSE(val)=22.741160
[GA][Iter3] Gen:13 Ind:17 RMSE(val)=22.366204
[GA][Iter3] Gen:13 Ind:18 RMSE(val)=22.366204
[GA][Iter3] Gen:13 Ind:19 RMSE(val)=22.366204
[GA][Iter3] Gen:13 Ind:20 RMSE(val)=22.504387
[GA][Iter3] gen=13 best_val_rmse=22.366204
[GA][Iter3] Gen:14 Ind:1 RMSE(val)=22.366204
[GA][Iter3] Gen:14 Ind:2 RMSE(val)=22.366204
[GA][Iter3] Gen:14 Ind:3 RMSE(val)=22.366204
[GA][Iter3] Gen:14 Ind:4 RMSE(val)=22.366204
[GA][Iter3] Gen:14 Ind:5 RMSE(val)=22.366204
[GA][Iter3] Gen:14 Ind:6 RMSE(val)=22.366204
[GA][Iter3] Gen:14 Ind:7 RMSE(val)=22.366204
[GA][Iter3] Gen:14 Ind:8 RMSE(val)=22.366204
[GA][Iter3] Gen:14 Ind:9 RMSE(val)=22.366204
[GA][Iter3] Gen:14 Ind:10 RMSE(val)=22.366204
[GA][Iter3] Gen:14 Ind:11 RMSE(val)=22.366204
[GA][Iter3] Gen:14 Ind:12 RMSE(val)=22.383368
[GA][Iter3] Gen:14 Ind:13 RMSE(val)=22.366204
[GA][Iter3] Gen:14 Ind:14 RMSE(val)=22.506318
[GA][Iter3] Gen:14 Ind:15 RMSE(val)=22.366204
[GA][Iter3] Gen:14 Ind:16 RMSE(val)=22.366204
[GA][Iter3] Gen:14 Ind:17 RMSE(val)=22.366204
[GA][Iter3] Gen:14 Ind:18 RMSE(val)=22.366204
[GA][Iter3] Gen:14 Ind:19 RMSE(val)=23.134482
[GA][Iter3] Gen:14 Ind:20 RMSE(val)=22.366204
[GA][Iter3] gen=14 best_val_rmse=22.366204
[GA][Iter3] Gen:15 Ind:1 RMSE(val)=22.366204
[GA][Iter3] Gen:15 Ind:2 RMSE(val)=22.366204
[GA][Iter3] Gen:15 Ind:3 RMSE(val)=22.366204
[GA][Iter3] Gen:15 Ind:4 RMSE(val)=22.366204
[GA][Iter3] Gen:15 Ind:5 RMSE(val)=22.366204
[GA][Iter3] Gen:15 Ind:6 RMSE(val)=22.366204
[GA][Iter3] Gen:15 Ind:7 RMSE(val)=22.366204
[GA][Iter3] Gen:15 Ind:8 RMSE(val)=22.366204
[GA][Iter3] Gen:15 Ind:9 RMSE(val)=22.366204
[GA][Iter3] Gen:15 Ind:10 RMSE(val)=22.366204
[GA][Iter3] Gen:15 Ind:11 RMSE(val)=22.366204
[GA][Iter3] Gen:15 Ind:12 RMSE(val)=22.366204
[GA][Iter3] Gen:15 Ind:13 RMSE(val)=22.538354
[GA][Iter3] Gen:15 Ind:14 RMSE(val)=22.741160
[GA][Iter3] Gen:15 Ind:15 RMSE(val)=22.366204
[GA][Iter3] Gen:15 Ind:16 RMSE(val)=22.366204
[GA][Iter3] Gen:15 Ind:17 RMSE(val)=22.366204
[GA][Iter3] Gen:15 Ind:18 RMSE(val)=22.366204
[GA][Iter3] Gen:15 Ind:19 RMSE(val)=22.746294
[GA][Iter3] Gen:15 Ind:20 RMSE(val)=22.366204
[GA][Iter3] gen=15 best_val_rmse=22.366204
[GA][Iter3] Gen:15 Ind:1 RMSE(val)=22.366204
[GA][Iter3] Gen:15 Ind:2 RMSE(val)=22.366204
[GA][Iter3] Gen:15 Ind:3 RMSE(val)=22.366204
[GA][Iter3] Gen:15 Ind:4 RMSE(val)=22.366204
[GA][Iter3] Gen:15 Ind:5 RMSE(val)=22.366204
[GA][Iter3] Gen:15 Ind:6 RMSE(val)=22.366204
[GA][Iter3] Gen:15 Ind:7 RMSE(val)=22.366204
[GA][Iter3] Gen:15 Ind:8 RMSE(val)=22.366204
[GA][Iter3] Gen:15 Ind:9 RMSE(val)=22.366204
[GA][Iter3] Gen:15 Ind:10 RMSE(val)=22.366204
[GA][Iter3] Gen:15 Ind:11 RMSE(val)=22.366204
[GA][Iter3] Gen:15 Ind:12 RMSE(val)=22.366204
[GA][Iter3] Gen:15 Ind:13 RMSE(val)=22.366204
[GA][Iter3] Gen:15 Ind:14 RMSE(val)=22.366204
[GA][Iter3] Gen:15 Ind:15 RMSE(val)=22.741160
[GA][Iter3] Gen:15 Ind:16 RMSE(val)=22.366204
[GA][Iter3] Gen:15 Ind:17 RMSE(val)=22.366204
[GA][Iter3] Gen:15 Ind:18 RMSE(val)=22.844680
[GA][Iter3] Gen:15 Ind:19 RMSE(val)=22.483608
[GA][Iter3] Gen:15 Ind:20 RMSE(val)=22.366204

[GA DONE][Iter3] Best params on val fold of Iter3
Best val RMSE: 22.366204
Best params: {'n_estimators': 302, 'max_depth': 17, 'min_samples_split': 11, 'min_samples_leaf': 2, 'max_features': 'sqrt', 'bootstrap': True}
--------------------------------------------------------------------------------
[RETUNE GA] Iter3: train folds 1..7 -> test fold 8  RMSE=40.719226  NRMSE=0.906138  CVRMSE=0.122171  R2=0.163422
[GA][Iter4] Gen:1 Ind:1 RMSE(val)=42.148609
[GA][Iter4] Gen:1 Ind:2 RMSE(val)=43.553867
[GA][Iter4] Gen:1 Ind:3 RMSE(val)=40.843108
[GA][Iter4] Gen:1 Ind:4 RMSE(val)=40.688254
[GA][Iter4] Gen:1 Ind:5 RMSE(val)=49.400881
[GA][Iter4] Gen:1 Ind:6 RMSE(val)=41.430643
[GA][Iter4] Gen:1 Ind:7 RMSE(val)=40.658482
[GA][Iter4] Gen:1 Ind:8 RMSE(val)=41.472674
[GA][Iter4] Gen:1 Ind:9 RMSE(val)=42.342550
[GA][Iter4] Gen:1 Ind:10 RMSE(val)=40.775292
[GA][Iter4] Gen:1 Ind:11 RMSE(val)=40.655118
[GA][Iter4] Gen:1 Ind:12 RMSE(val)=40.668937
[GA][Iter4] Gen:1 Ind:13 RMSE(val)=42.624132
[GA][Iter4] Gen:1 Ind:14 RMSE(val)=41.003934
[GA][Iter4] Gen:1 Ind:15 RMSE(val)=40.633465
[GA][Iter4] Gen:1 Ind:16 RMSE(val)=41.867983
[GA][Iter4] Gen:1 Ind:17 RMSE(val)=42.884479
[GA][Iter4] Gen:1 Ind:18 RMSE(val)=40.482349
[GA][Iter4] Gen:1 Ind:19 RMSE(val)=41.341576
[GA][Iter4] Gen:1 Ind:20 RMSE(val)=48.345875
[GA][Iter4] gen=1 best_val_rmse=40.482349
[GA][Iter4] Gen:2 Ind:1 RMSE(val)=40.482349
[GA][Iter4] Gen:2 Ind:2 RMSE(val)=40.633465
[GA][Iter4] Gen:2 Ind:3 RMSE(val)=40.655118
[GA][Iter4] Gen:2 Ind:4 RMSE(val)=40.658482
[GA][Iter4] Gen:2 Ind:5 RMSE(val)=40.668937
[GA][Iter4] Gen:2 Ind:6 RMSE(val)=40.688254
[GA][Iter4] Gen:2 Ind:7 RMSE(val)=40.775292
[GA][Iter4] Gen:2 Ind:8 RMSE(val)=40.843108
[GA][Iter4] Gen:2 Ind:9 RMSE(val)=41.003934
[GA][Iter4] Gen:2 Ind:10 RMSE(val)=41.341576
[GA][Iter4] Gen:2 Ind:11 RMSE(val)=46.125416
[GA][Iter4] Gen:2 Ind:12 RMSE(val)=40.610013
[GA][Iter4] Gen:2 Ind:13 RMSE(val)=40.585195
[GA][Iter4] Gen:2 Ind:14 RMSE(val)=40.745099
[GA][Iter4] Gen:2 Ind:15 RMSE(val)=40.915621
[GA][Iter4] Gen:2 Ind:16 RMSE(val)=40.652021
[GA][Iter4] Gen:2 Ind:17 RMSE(val)=40.343409
[GA][Iter4] Gen:2 Ind:18 RMSE(val)=40.655058
[GA][Iter4] Gen:2 Ind:19 RMSE(val)=41.341576
[GA][Iter4] Gen:2 Ind:20 RMSE(val)=40.542338
[GA][Iter4] gen=2 best_val_rmse=40.343409
[GA][Iter4] Gen:3 Ind:1 RMSE(val)=40.343409
[GA][Iter4] Gen:3 Ind:2 RMSE(val)=40.482349
[GA][Iter4] Gen:3 Ind:3 RMSE(val)=40.542338
[GA][Iter4] Gen:3 Ind:4 RMSE(val)=40.585195
[GA][Iter4] Gen:3 Ind:5 RMSE(val)=40.610013
[GA][Iter4] Gen:3 Ind:6 RMSE(val)=40.633465
[GA][Iter4] Gen:3 Ind:7 RMSE(val)=40.652021
[GA][Iter4] Gen:3 Ind:8 RMSE(val)=40.655058
[GA][Iter4] Gen:3 Ind:9 RMSE(val)=40.655118
[GA][Iter4] Gen:3 Ind:10 RMSE(val)=40.658482
[GA][Iter4] Gen:3 Ind:11 RMSE(val)=40.447498
[GA][Iter4] Gen:3 Ind:12 RMSE(val)=40.483410
[GA][Iter4] Gen:3 Ind:13 RMSE(val)=40.602092
[GA][Iter4] Gen:3 Ind:14 RMSE(val)=40.346076
[GA][Iter4] Gen:3 Ind:15 RMSE(val)=40.542338
[GA][Iter4] Gen:3 Ind:16 RMSE(val)=40.594984
[GA][Iter4] Gen:3 Ind:17 RMSE(val)=40.627608
[GA][Iter4] Gen:3 Ind:18 RMSE(val)=40.542338
[GA][Iter4] Gen:3 Ind:19 RMSE(val)=40.470979
[GA][Iter4] Gen:3 Ind:20 RMSE(val)=40.434197
[GA][Iter4] gen=3 best_val_rmse=40.343409
[GA][Iter4] Gen:4 Ind:1 RMSE(val)=40.343409
[GA][Iter4] Gen:4 Ind:2 RMSE(val)=40.346076
[GA][Iter4] Gen:4 Ind:3 RMSE(val)=40.434197
[GA][Iter4] Gen:4 Ind:4 RMSE(val)=40.447498
[GA][Iter4] Gen:4 Ind:5 RMSE(val)=40.470979
[GA][Iter4] Gen:4 Ind:6 RMSE(val)=40.482349
[GA][Iter4] Gen:4 Ind:7 RMSE(val)=40.483410
[GA][Iter4] Gen:4 Ind:8 RMSE(val)=40.542338
[GA][Iter4] Gen:4 Ind:9 RMSE(val)=40.542338
[GA][Iter4] Gen:4 Ind:10 RMSE(val)=40.542338
[GA][Iter4] Gen:4 Ind:11 RMSE(val)=40.473236
[GA][Iter4] Gen:4 Ind:12 RMSE(val)=40.344356
[GA][Iter4] Gen:4 Ind:13 RMSE(val)=40.510651
[GA][Iter4] Gen:4 Ind:14 RMSE(val)=40.346887
[GA][Iter4] Gen:4 Ind:15 RMSE(val)=40.445779
[GA][Iter4] Gen:4 Ind:16 RMSE(val)=40.435425
[GA][Iter4] Gen:4 Ind:17 RMSE(val)=40.473236
[GA][Iter4] Gen:4 Ind:18 RMSE(val)=40.483410
[GA][Iter4] Gen:4 Ind:19 RMSE(val)=40.470979
[GA][Iter4] Gen:4 Ind:20 RMSE(val)=40.466770
[GA][Iter4] gen=4 best_val_rmse=40.343409
[GA][Iter4] Gen:5 Ind:1 RMSE(val)=40.343409
[GA][Iter4] Gen:5 Ind:2 RMSE(val)=40.344356
[GA][Iter4] Gen:5 Ind:3 RMSE(val)=40.346076
[GA][Iter4] Gen:5 Ind:4 RMSE(val)=40.346887
[GA][Iter4] Gen:5 Ind:5 RMSE(val)=40.434197
[GA][Iter4] Gen:5 Ind:6 RMSE(val)=40.435425
[GA][Iter4] Gen:5 Ind:7 RMSE(val)=40.445779
[GA][Iter4] Gen:5 Ind:8 RMSE(val)=40.447498
[GA][Iter4] Gen:5 Ind:9 RMSE(val)=40.466770
[GA][Iter4] Gen:5 Ind:10 RMSE(val)=40.470979
[GA][Iter4] Gen:5 Ind:11 RMSE(val)=40.457767
[GA][Iter4] Gen:5 Ind:12 RMSE(val)=40.434197
[GA][Iter4] Gen:5 Ind:13 RMSE(val)=40.473236
[GA][Iter4] Gen:5 Ind:14 RMSE(val)=40.542338
[GA][Iter4] Gen:5 Ind:15 RMSE(val)=40.344356
[GA][Iter4] Gen:5 Ind:16 RMSE(val)=40.468160
[GA][Iter4] Gen:5 Ind:17 RMSE(val)=40.542338
[GA][Iter4] Gen:5 Ind:18 RMSE(val)=40.470979
[GA][Iter4] Gen:5 Ind:19 RMSE(val)=40.633465
[GA][Iter4] Gen:5 Ind:20 RMSE(val)=40.633465
[GA][Iter4] gen=5 best_val_rmse=40.343409
[GA][Iter4] Gen:6 Ind:1 RMSE(val)=40.343409
[GA][Iter4] Gen:6 Ind:2 RMSE(val)=40.344356
[GA][Iter4] Gen:6 Ind:3 RMSE(val)=40.344356
[GA][Iter4] Gen:6 Ind:4 RMSE(val)=40.346076
[GA][Iter4] Gen:6 Ind:5 RMSE(val)=40.346887
[GA][Iter4] Gen:6 Ind:6 RMSE(val)=40.434197
[GA][Iter4] Gen:6 Ind:7 RMSE(val)=40.434197
[GA][Iter4] Gen:6 Ind:8 RMSE(val)=40.435425
[GA][Iter4] Gen:6 Ind:9 RMSE(val)=40.445779
[GA][Iter4] Gen:6 Ind:10 RMSE(val)=40.447498
[GA][Iter4] Gen:6 Ind:11 RMSE(val)=40.482349
[GA][Iter4] Gen:6 Ind:12 RMSE(val)=40.511263
[GA][Iter4] Gen:6 Ind:13 RMSE(val)=40.459937
[GA][Iter4] Gen:6 Ind:14 RMSE(val)=40.546008
[GA][Iter4] Gen:6 Ind:15 RMSE(val)=40.633465
[GA][Iter4] Gen:6 Ind:16 RMSE(val)=40.343409
[GA][Iter4] Gen:6 Ind:17 RMSE(val)=40.344356
[GA][Iter4] Gen:6 Ind:18 RMSE(val)=40.373493
[GA][Iter4] Gen:6 Ind:19 RMSE(val)=40.435425
[GA][Iter4] Gen:6 Ind:20 RMSE(val)=45.941166
[GA][Iter4] gen=6 best_val_rmse=40.343409
[GA][Iter4] Gen:7 Ind:1 RMSE(val)=40.343409
[GA][Iter4] Gen:7 Ind:2 RMSE(val)=40.343409
[GA][Iter4] Gen:7 Ind:3 RMSE(val)=40.344356
[GA][Iter4] Gen:7 Ind:4 RMSE(val)=40.344356
[GA][Iter4] Gen:7 Ind:5 RMSE(val)=40.344356
[GA][Iter4] Gen:7 Ind:6 RMSE(val)=40.346076
[GA][Iter4] Gen:7 Ind:7 RMSE(val)=40.346887
[GA][Iter4] Gen:7 Ind:8 RMSE(val)=40.373493
[GA][Iter4] Gen:7 Ind:9 RMSE(val)=40.434197
[GA][Iter4] Gen:7 Ind:10 RMSE(val)=40.434197
[GA][Iter4] Gen:7 Ind:11 RMSE(val)=40.828473
[GA][Iter4] Gen:7 Ind:12 RMSE(val)=40.346076
[GA][Iter4] Gen:7 Ind:13 RMSE(val)=40.373493
[GA][Iter4] Gen:7 Ind:14 RMSE(val)=40.346887
[GA][Iter4] Gen:7 Ind:15 RMSE(val)=40.346887
[GA][Iter4] Gen:7 Ind:16 RMSE(val)=40.459937
[GA][Iter4] Gen:7 Ind:17 RMSE(val)=40.435425
[GA][Iter4] Gen:7 Ind:18 RMSE(val)=40.449623
[GA][Iter4] Gen:7 Ind:19 RMSE(val)=40.445779
[GA][Iter4] Gen:7 Ind:20 RMSE(val)=40.344356
[GA][Iter4] gen=7 best_val_rmse=40.343409
[GA][Iter4] Gen:8 Ind:1 RMSE(val)=40.343409
[GA][Iter4] Gen:8 Ind:2 RMSE(val)=40.343409
[GA][Iter4] Gen:8 Ind:3 RMSE(val)=40.344356
[GA][Iter4] Gen:8 Ind:4 RMSE(val)=40.344356
[GA][Iter4] Gen:8 Ind:5 RMSE(val)=40.344356
[GA][Iter4] Gen:8 Ind:6 RMSE(val)=40.344356
[GA][Iter4] Gen:8 Ind:7 RMSE(val)=40.346076
[GA][Iter4] Gen:8 Ind:8 RMSE(val)=40.346076
[GA][Iter4] Gen:8 Ind:9 RMSE(val)=40.346887
[GA][Iter4] Gen:8 Ind:10 RMSE(val)=40.346887
[GA][Iter4] Gen:8 Ind:11 RMSE(val)=40.729584
[GA][Iter4] Gen:8 Ind:12 RMSE(val)=40.346076
[GA][Iter4] Gen:8 Ind:13 RMSE(val)=40.346887
[GA][Iter4] Gen:8 Ind:14 RMSE(val)=40.336648
[GA][Iter4] Gen:8 Ind:15 RMSE(val)=40.346076
[GA][Iter4] Gen:8 Ind:16 RMSE(val)=40.488443
[GA][Iter4] Gen:8 Ind:17 RMSE(val)=40.346076
[GA][Iter4] Gen:8 Ind:18 RMSE(val)=41.080912
[GA][Iter4] Gen:8 Ind:19 RMSE(val)=40.343409
[GA][Iter4] Gen:8 Ind:20 RMSE(val)=40.346076
[GA][Iter4] gen=8 best_val_rmse=40.336648
[GA][Iter4] Gen:9 Ind:1 RMSE(val)=40.336648
[GA][Iter4] Gen:9 Ind:2 RMSE(val)=40.343409
[GA][Iter4] Gen:9 Ind:3 RMSE(val)=40.343409
[GA][Iter4] Gen:9 Ind:4 RMSE(val)=40.343409
[GA][Iter4] Gen:9 Ind:5 RMSE(val)=40.344356
[GA][Iter4] Gen:9 Ind:6 RMSE(val)=40.344356
[GA][Iter4] Gen:9 Ind:7 RMSE(val)=40.344356
[GA][Iter4] Gen:9 Ind:8 RMSE(val)=40.344356
[GA][Iter4] Gen:9 Ind:9 RMSE(val)=40.346076
[GA][Iter4] Gen:9 Ind:10 RMSE(val)=40.346076
[GA][Iter4] Gen:9 Ind:11 RMSE(val)=40.344356
[GA][Iter4] Gen:9 Ind:12 RMSE(val)=40.506350
[GA][Iter4] Gen:9 Ind:13 RMSE(val)=40.346004
[GA][Iter4] Gen:9 Ind:14 RMSE(val)=40.344356
[GA][Iter4] Gen:9 Ind:15 RMSE(val)=45.941166
[GA][Iter4] Gen:9 Ind:16 RMSE(val)=40.546720
[GA][Iter4] Gen:9 Ind:17 RMSE(val)=41.080912
[GA][Iter4] Gen:9 Ind:18 RMSE(val)=40.343409
[GA][Iter4] Gen:9 Ind:19 RMSE(val)=40.729584
[GA][Iter4] Gen:9 Ind:20 RMSE(val)=40.344356
[GA][Iter4] gen=9 best_val_rmse=40.336648
[GA][Iter4] Gen:10 Ind:1 RMSE(val)=40.336648
[GA][Iter4] Gen:10 Ind:2 RMSE(val)=40.343409
[GA][Iter4] Gen:10 Ind:3 RMSE(val)=40.343409
[GA][Iter4] Gen:10 Ind:4 RMSE(val)=40.343409
[GA][Iter4] Gen:10 Ind:5 RMSE(val)=40.343409
[GA][Iter4] Gen:10 Ind:6 RMSE(val)=40.344356
[GA][Iter4] Gen:10 Ind:7 RMSE(val)=40.344356
[GA][Iter4] Gen:10 Ind:8 RMSE(val)=40.344356
[GA][Iter4] Gen:10 Ind:9 RMSE(val)=40.344356
[GA][Iter4] Gen:10 Ind:10 RMSE(val)=40.344356
[GA][Iter4] Gen:10 Ind:11 RMSE(val)=40.344356
[GA][Iter4] Gen:10 Ind:12 RMSE(val)=40.336648
[GA][Iter4] Gen:10 Ind:13 RMSE(val)=40.343409
[GA][Iter4] Gen:10 Ind:14 RMSE(val)=40.343409
[GA][Iter4] Gen:10 Ind:15 RMSE(val)=40.344356
[GA][Iter4] Gen:10 Ind:16 RMSE(val)=40.457767
[GA][Iter4] Gen:10 Ind:17 RMSE(val)=40.343409
[GA][Iter4] Gen:10 Ind:18 RMSE(val)=40.344356
[GA][Iter4] Gen:10 Ind:19 RMSE(val)=40.344356
[GA][Iter4] Gen:10 Ind:20 RMSE(val)=40.343409
[GA][Iter4] gen=10 best_val_rmse=40.336648
[GA][Iter4] Gen:11 Ind:1 RMSE(val)=40.336648
[GA][Iter4] Gen:11 Ind:2 RMSE(val)=40.336648
[GA][Iter4] Gen:11 Ind:3 RMSE(val)=40.343409
[GA][Iter4] Gen:11 Ind:4 RMSE(val)=40.343409
[GA][Iter4] Gen:11 Ind:5 RMSE(val)=40.343409
[GA][Iter4] Gen:11 Ind:6 RMSE(val)=40.343409
[GA][Iter4] Gen:11 Ind:7 RMSE(val)=40.343409
[GA][Iter4] Gen:11 Ind:8 RMSE(val)=40.343409
[GA][Iter4] Gen:11 Ind:9 RMSE(val)=40.343409
[GA][Iter4] Gen:11 Ind:10 RMSE(val)=40.343409
[GA][Iter4] Gen:11 Ind:11 RMSE(val)=40.343409
[GA][Iter4] Gen:11 Ind:12 RMSE(val)=40.343409
[GA][Iter4] Gen:11 Ind:13 RMSE(val)=40.343409
[GA][Iter4] Gen:11 Ind:14 RMSE(val)=40.343409
[GA][Iter4] Gen:11 Ind:15 RMSE(val)=40.385277
[GA][Iter4] Gen:11 Ind:16 RMSE(val)=40.343409
[GA][Iter4] Gen:11 Ind:17 RMSE(val)=40.343409
[GA][Iter4] Gen:11 Ind:18 RMSE(val)=40.343409
[GA][Iter4] Gen:11 Ind:19 RMSE(val)=40.336648
[GA][Iter4] Gen:11 Ind:20 RMSE(val)=40.404005
[GA][Iter4] gen=11 best_val_rmse=40.336648
[GA][Iter4] Gen:12 Ind:1 RMSE(val)=40.336648
[GA][Iter4] Gen:12 Ind:2 RMSE(val)=40.336648
[GA][Iter4] Gen:12 Ind:3 RMSE(val)=40.336648
[GA][Iter4] Gen:12 Ind:4 RMSE(val)=40.343409
[GA][Iter4] Gen:12 Ind:5 RMSE(val)=40.343409
[GA][Iter4] Gen:12 Ind:6 RMSE(val)=40.343409
[GA][Iter4] Gen:12 Ind:7 RMSE(val)=40.343409
[GA][Iter4] Gen:12 Ind:8 RMSE(val)=40.343409
[GA][Iter4] Gen:12 Ind:9 RMSE(val)=40.343409
[GA][Iter4] Gen:12 Ind:10 RMSE(val)=40.343409
[GA][Iter4] Gen:12 Ind:11 RMSE(val)=40.336648
[GA][Iter4] Gen:12 Ind:12 RMSE(val)=40.723344
[GA][Iter4] Gen:12 Ind:13 RMSE(val)=40.336648
[GA][Iter4] Gen:12 Ind:14 RMSE(val)=40.343409
[GA][Iter4] Gen:12 Ind:15 RMSE(val)=40.336648
[GA][Iter4] Gen:12 Ind:16 RMSE(val)=40.343409
[GA][Iter4] Gen:12 Ind:17 RMSE(val)=40.443306
[GA][Iter4] Gen:12 Ind:18 RMSE(val)=40.336648
[GA][Iter4] Gen:12 Ind:19 RMSE(val)=40.336648
[GA][Iter4] Gen:12 Ind:20 RMSE(val)=40.371772
[GA][Iter4] gen=12 best_val_rmse=40.336648
[GA][Iter4] Gen:13 Ind:1 RMSE(val)=40.336648
[GA][Iter4] Gen:13 Ind:2 RMSE(val)=40.336648
[GA][Iter4] Gen:13 Ind:3 RMSE(val)=40.336648
[GA][Iter4] Gen:13 Ind:4 RMSE(val)=40.336648
[GA][Iter4] Gen:13 Ind:5 RMSE(val)=40.336648
[GA][Iter4] Gen:13 Ind:6 RMSE(val)=40.336648
[GA][Iter4] Gen:13 Ind:7 RMSE(val)=40.336648
[GA][Iter4] Gen:13 Ind:8 RMSE(val)=40.336648
[GA][Iter4] Gen:13 Ind:9 RMSE(val)=40.343409
[GA][Iter4] Gen:13 Ind:10 RMSE(val)=40.343409
[GA][Iter4] Gen:13 Ind:11 RMSE(val)=40.343409
[GA][Iter4] Gen:13 Ind:12 RMSE(val)=40.336648
[GA][Iter4] Gen:13 Ind:13 RMSE(val)=40.336648
[GA][Iter4] Gen:13 Ind:14 RMSE(val)=40.336648
[GA][Iter4] Gen:13 Ind:15 RMSE(val)=40.343409
[GA][Iter4] Gen:13 Ind:16 RMSE(val)=40.723344
[GA][Iter4] Gen:13 Ind:17 RMSE(val)=40.336648
[GA][Iter4] Gen:13 Ind:18 RMSE(val)=40.336648
[GA][Iter4] Gen:13 Ind:19 RMSE(val)=40.336648
[GA][Iter4] Gen:13 Ind:20 RMSE(val)=40.384817
[GA][Iter4] gen=13 best_val_rmse=40.336648
[GA][Iter4] Gen:14 Ind:1 RMSE(val)=40.336648
[GA][Iter4] Gen:14 Ind:2 RMSE(val)=40.336648
[GA][Iter4] Gen:14 Ind:3 RMSE(val)=40.336648
[GA][Iter4] Gen:14 Ind:4 RMSE(val)=40.336648
[GA][Iter4] Gen:14 Ind:5 RMSE(val)=40.336648
[GA][Iter4] Gen:14 Ind:6 RMSE(val)=40.336648
[GA][Iter4] Gen:14 Ind:7 RMSE(val)=40.336648
[GA][Iter4] Gen:14 Ind:8 RMSE(val)=40.336648
[GA][Iter4] Gen:14 Ind:9 RMSE(val)=40.336648
[GA][Iter4] Gen:14 Ind:10 RMSE(val)=40.336648
[GA][Iter4] Gen:14 Ind:11 RMSE(val)=40.336648
[GA][Iter4] Gen:14 Ind:12 RMSE(val)=40.339298
[GA][Iter4] Gen:14 Ind:13 RMSE(val)=40.336648
[GA][Iter4] Gen:14 Ind:14 RMSE(val)=40.367258
[GA][Iter4] Gen:14 Ind:15 RMSE(val)=40.336648
[GA][Iter4] Gen:14 Ind:16 RMSE(val)=40.336648
[GA][Iter4] Gen:14 Ind:17 RMSE(val)=40.336648
[GA][Iter4] Gen:14 Ind:18 RMSE(val)=40.336648
[GA][Iter4] Gen:14 Ind:19 RMSE(val)=41.082169
[GA][Iter4] Gen:14 Ind:20 RMSE(val)=40.336648
[GA][Iter4] gen=14 best_val_rmse=40.336648
[GA][Iter4] Gen:15 Ind:1 RMSE(val)=40.336648
[GA][Iter4] Gen:15 Ind:2 RMSE(val)=40.336648
[GA][Iter4] Gen:15 Ind:3 RMSE(val)=40.336648
[GA][Iter4] Gen:15 Ind:4 RMSE(val)=40.336648
[GA][Iter4] Gen:15 Ind:5 RMSE(val)=40.336648
[GA][Iter4] Gen:15 Ind:6 RMSE(val)=40.336648
[GA][Iter4] Gen:15 Ind:7 RMSE(val)=40.336648
[GA][Iter4] Gen:15 Ind:8 RMSE(val)=40.336648
[GA][Iter4] Gen:15 Ind:9 RMSE(val)=40.336648
[GA][Iter4] Gen:15 Ind:10 RMSE(val)=40.336648
[GA][Iter4] Gen:15 Ind:11 RMSE(val)=40.336648
[GA][Iter4] Gen:15 Ind:12 RMSE(val)=40.336648
[GA][Iter4] Gen:15 Ind:13 RMSE(val)=40.386200
[GA][Iter4] Gen:15 Ind:14 RMSE(val)=40.556659
[GA][Iter4] Gen:15 Ind:15 RMSE(val)=40.336648
[GA][Iter4] Gen:15 Ind:16 RMSE(val)=40.336648
[GA][Iter4] Gen:15 Ind:17 RMSE(val)=40.336648
[GA][Iter4] Gen:15 Ind:18 RMSE(val)=40.336648
[GA][Iter4] Gen:15 Ind:19 RMSE(val)=40.489692
[GA][Iter4] Gen:15 Ind:20 RMSE(val)=40.336648
[GA][Iter4] gen=15 best_val_rmse=40.336648
[GA][Iter4] Gen:15 Ind:1 RMSE(val)=40.336648
[GA][Iter4] Gen:15 Ind:2 RMSE(val)=40.336648
[GA][Iter4] Gen:15 Ind:3 RMSE(val)=40.336648
[GA][Iter4] Gen:15 Ind:4 RMSE(val)=40.336648
[GA][Iter4] Gen:15 Ind:5 RMSE(val)=40.336648
[GA][Iter4] Gen:15 Ind:6 RMSE(val)=40.336648
[GA][Iter4] Gen:15 Ind:7 RMSE(val)=40.336648
[GA][Iter4] Gen:15 Ind:8 RMSE(val)=40.336648
[GA][Iter4] Gen:15 Ind:9 RMSE(val)=40.336648
[GA][Iter4] Gen:15 Ind:10 RMSE(val)=40.336648
[GA][Iter4] Gen:15 Ind:11 RMSE(val)=40.336648
[GA][Iter4] Gen:15 Ind:12 RMSE(val)=40.336648
[GA][Iter4] Gen:15 Ind:13 RMSE(val)=40.336648
[GA][Iter4] Gen:15 Ind:14 RMSE(val)=40.336648
[GA][Iter4] Gen:15 Ind:15 RMSE(val)=40.723344
[GA][Iter4] Gen:15 Ind:16 RMSE(val)=40.336648
[GA][Iter4] Gen:15 Ind:17 RMSE(val)=40.336648
[GA][Iter4] Gen:15 Ind:18 RMSE(val)=40.545703
[GA][Iter4] Gen:15 Ind:19 RMSE(val)=40.350543
[GA][Iter4] Gen:15 Ind:20 RMSE(val)=40.336648

[GA DONE][Iter4] Best params on val fold of Iter4
Best val RMSE: 40.336648
Best params: {'n_estimators': 1349, 'max_depth': 17, 'min_samples_split': 12, 'min_samples_leaf': 4, 'max_features': 'sqrt', 'bootstrap': False}
--------------------------------------------------------------------------------
[RETUNE GA] Iter4: train folds 1..8 -> test fold 9  RMSE=51.755254  NRMSE=1.006643  CVRMSE=0.154536  R2=-0.032450
[GA][Iter5] Gen:1 Ind:1 RMSE(val)=52.020350
[GA][Iter5] Gen:1 Ind:2 RMSE(val)=52.001272
[GA][Iter5] Gen:1 Ind:3 RMSE(val)=50.798512
[GA][Iter5] Gen:1 Ind:4 RMSE(val)=51.797542
[GA][Iter5] Gen:1 Ind:5 RMSE(val)=55.549856
[GA][Iter5] Gen:1 Ind:6 RMSE(val)=51.353044
[GA][Iter5] Gen:1 Ind:7 RMSE(val)=51.852790
[GA][Iter5] Gen:1 Ind:8 RMSE(val)=51.622107
[GA][Iter5] Gen:1 Ind:9 RMSE(val)=51.645108
[GA][Iter5] Gen:1 Ind:10 RMSE(val)=51.591318
[GA][Iter5] Gen:1 Ind:11 RMSE(val)=51.716546
[GA][Iter5] Gen:1 Ind:12 RMSE(val)=50.691829
[GA][Iter5] Gen:1 Ind:13 RMSE(val)=51.826039
[GA][Iter5] Gen:1 Ind:14 RMSE(val)=51.404830
[GA][Iter5] Gen:1 Ind:15 RMSE(val)=51.358172
[GA][Iter5] Gen:1 Ind:16 RMSE(val)=51.613361
[GA][Iter5] Gen:1 Ind:17 RMSE(val)=51.791429
[GA][Iter5] Gen:1 Ind:18 RMSE(val)=51.763224
[GA][Iter5] Gen:1 Ind:19 RMSE(val)=50.779781
[GA][Iter5] Gen:1 Ind:20 RMSE(val)=53.853449
[GA][Iter5] gen=1 best_val_rmse=50.691829
[GA][Iter5] Gen:2 Ind:1 RMSE(val)=50.691829
[GA][Iter5] Gen:2 Ind:2 RMSE(val)=50.779781
[GA][Iter5] Gen:2 Ind:3 RMSE(val)=50.798512
[GA][Iter5] Gen:2 Ind:4 RMSE(val)=51.353044
[GA][Iter5] Gen:2 Ind:5 RMSE(val)=51.358172
[GA][Iter5] Gen:2 Ind:6 RMSE(val)=51.404830
[GA][Iter5] Gen:2 Ind:7 RMSE(val)=51.591318
[GA][Iter5] Gen:2 Ind:8 RMSE(val)=51.613361
[GA][Iter5] Gen:2 Ind:9 RMSE(val)=51.622107
[GA][Iter5] Gen:2 Ind:10 RMSE(val)=51.645108
[GA][Iter5] Gen:2 Ind:11 RMSE(val)=51.366787
[GA][Iter5] Gen:2 Ind:12 RMSE(val)=50.898672
[GA][Iter5] Gen:2 Ind:13 RMSE(val)=50.972382
[GA][Iter5] Gen:2 Ind:14 RMSE(val)=50.790615
[GA][Iter5] Gen:2 Ind:15 RMSE(val)=55.885196
[GA][Iter5] Gen:2 Ind:16 RMSE(val)=51.391528
[GA][Iter5] Gen:2 Ind:17 RMSE(val)=51.861534
[GA][Iter5] Gen:2 Ind:18 RMSE(val)=50.770237
[GA][Iter5] Gen:2 Ind:19 RMSE(val)=51.645108
[GA][Iter5] Gen:2 Ind:20 RMSE(val)=50.542787
[GA][Iter5] gen=2 best_val_rmse=50.542787
[GA][Iter5] Gen:3 Ind:1 RMSE(val)=50.542787
[GA][Iter5] Gen:3 Ind:2 RMSE(val)=50.691829
[GA][Iter5] Gen:3 Ind:3 RMSE(val)=50.770237
[GA][Iter5] Gen:3 Ind:4 RMSE(val)=50.779781
[GA][Iter5] Gen:3 Ind:5 RMSE(val)=50.790615
[GA][Iter5] Gen:3 Ind:6 RMSE(val)=50.798512
[GA][Iter5] Gen:3 Ind:7 RMSE(val)=50.898672
[GA][Iter5] Gen:3 Ind:8 RMSE(val)=50.972382
[GA][Iter5] Gen:3 Ind:9 RMSE(val)=51.353044
[GA][Iter5] Gen:3 Ind:10 RMSE(val)=51.358172
[GA][Iter5] Gen:3 Ind:11 RMSE(val)=50.774188
[GA][Iter5] Gen:3 Ind:12 RMSE(val)=50.857983
[GA][Iter5] Gen:3 Ind:13 RMSE(val)=50.728562
[GA][Iter5] Gen:3 Ind:14 RMSE(val)=50.544563
[GA][Iter5] Gen:3 Ind:15 RMSE(val)=50.691829
[GA][Iter5] Gen:3 Ind:16 RMSE(val)=50.499903
[GA][Iter5] Gen:3 Ind:17 RMSE(val)=51.578361
[GA][Iter5] Gen:3 Ind:18 RMSE(val)=50.700409
[GA][Iter5] Gen:3 Ind:19 RMSE(val)=50.752163
[GA][Iter5] Gen:3 Ind:20 RMSE(val)=50.812962
[GA][Iter5] gen=3 best_val_rmse=50.499903
[GA][Iter5] Gen:4 Ind:1 RMSE(val)=50.499903
[GA][Iter5] Gen:4 Ind:2 RMSE(val)=50.542787
[GA][Iter5] Gen:4 Ind:3 RMSE(val)=50.544563
[GA][Iter5] Gen:4 Ind:4 RMSE(val)=50.691829
[GA][Iter5] Gen:4 Ind:5 RMSE(val)=50.691829
[GA][Iter5] Gen:4 Ind:6 RMSE(val)=50.700409
[GA][Iter5] Gen:4 Ind:7 RMSE(val)=50.728562
[GA][Iter5] Gen:4 Ind:8 RMSE(val)=50.752163
[GA][Iter5] Gen:4 Ind:9 RMSE(val)=50.770237
[GA][Iter5] Gen:4 Ind:10 RMSE(val)=50.774188
[GA][Iter5] Gen:4 Ind:11 RMSE(val)=50.733804
[GA][Iter5] Gen:4 Ind:12 RMSE(val)=50.770237
[GA][Iter5] Gen:4 Ind:13 RMSE(val)=50.447581
[GA][Iter5] Gen:4 Ind:14 RMSE(val)=50.686567
[GA][Iter5] Gen:4 Ind:15 RMSE(val)=50.542787
[GA][Iter5] Gen:4 Ind:16 RMSE(val)=50.547459
[GA][Iter5] Gen:4 Ind:17 RMSE(val)=50.691829
[GA][Iter5] Gen:4 Ind:18 RMSE(val)=50.803062
[GA][Iter5] Gen:4 Ind:19 RMSE(val)=50.691829
[GA][Iter5] Gen:4 Ind:20 RMSE(val)=50.585049
[GA][Iter5] gen=4 best_val_rmse=50.447581
[GA][Iter5] Gen:5 Ind:1 RMSE(val)=50.447581
[GA][Iter5] Gen:5 Ind:2 RMSE(val)=50.499903
[GA][Iter5] Gen:5 Ind:3 RMSE(val)=50.542787
[GA][Iter5] Gen:5 Ind:4 RMSE(val)=50.542787
[GA][Iter5] Gen:5 Ind:5 RMSE(val)=50.544563
[GA][Iter5] Gen:5 Ind:6 RMSE(val)=50.547459
[GA][Iter5] Gen:5 Ind:7 RMSE(val)=50.585049
[GA][Iter5] Gen:5 Ind:8 RMSE(val)=50.686567
[GA][Iter5] Gen:5 Ind:9 RMSE(val)=50.691829
[GA][Iter5] Gen:5 Ind:10 RMSE(val)=50.691829
[GA][Iter5] Gen:5 Ind:11 RMSE(val)=50.547459
[GA][Iter5] Gen:5 Ind:12 RMSE(val)=50.547459
[GA][Iter5] Gen:5 Ind:13 RMSE(val)=50.752163
[GA][Iter5] Gen:5 Ind:14 RMSE(val)=50.691829
[GA][Iter5] Gen:5 Ind:15 RMSE(val)=50.499903
[GA][Iter5] Gen:5 Ind:16 RMSE(val)=50.585049
[GA][Iter5] Gen:5 Ind:17 RMSE(val)=50.478119
[GA][Iter5] Gen:5 Ind:18 RMSE(val)=50.691829
[GA][Iter5] Gen:5 Ind:19 RMSE(val)=50.715202
[GA][Iter5] Gen:5 Ind:20 RMSE(val)=50.691829
[GA][Iter5] gen=5 best_val_rmse=50.447581
[GA][Iter5] Gen:6 Ind:1 RMSE(val)=50.447581
[GA][Iter5] Gen:6 Ind:2 RMSE(val)=50.478119
[GA][Iter5] Gen:6 Ind:3 RMSE(val)=50.499903
[GA][Iter5] Gen:6 Ind:4 RMSE(val)=50.499903
[GA][Iter5] Gen:6 Ind:5 RMSE(val)=50.542787
[GA][Iter5] Gen:6 Ind:6 RMSE(val)=50.542787
[GA][Iter5] Gen:6 Ind:7 RMSE(val)=50.544563
[GA][Iter5] Gen:6 Ind:8 RMSE(val)=50.547459
[GA][Iter5] Gen:6 Ind:9 RMSE(val)=50.547459
[GA][Iter5] Gen:6 Ind:10 RMSE(val)=50.547459
[GA][Iter5] Gen:6 Ind:11 RMSE(val)=50.539786
[GA][Iter5] Gen:6 Ind:12 RMSE(val)=50.557357
[GA][Iter5] Gen:6 Ind:13 RMSE(val)=50.542787
[GA][Iter5] Gen:6 Ind:14 RMSE(val)=50.499903
[GA][Iter5] Gen:6 Ind:15 RMSE(val)=50.547459
[GA][Iter5] Gen:6 Ind:16 RMSE(val)=50.447581
[GA][Iter5] Gen:6 Ind:17 RMSE(val)=50.577357
[GA][Iter5] Gen:6 Ind:18 RMSE(val)=50.542787
[GA][Iter5] Gen:6 Ind:19 RMSE(val)=50.691829
[GA][Iter5] Gen:6 Ind:20 RMSE(val)=50.478119
[GA][Iter5] gen=6 best_val_rmse=50.447581
[GA][Iter5] Gen:7 Ind:1 RMSE(val)=50.447581
[GA][Iter5] Gen:7 Ind:2 RMSE(val)=50.447581
[GA][Iter5] Gen:7 Ind:3 RMSE(val)=50.478119
[GA][Iter5] Gen:7 Ind:4 RMSE(val)=50.478119
[GA][Iter5] Gen:7 Ind:5 RMSE(val)=50.499903
[GA][Iter5] Gen:7 Ind:6 RMSE(val)=50.499903
[GA][Iter5] Gen:7 Ind:7 RMSE(val)=50.499903
[GA][Iter5] Gen:7 Ind:8 RMSE(val)=50.539786
[GA][Iter5] Gen:7 Ind:9 RMSE(val)=50.542787
[GA][Iter5] Gen:7 Ind:10 RMSE(val)=50.542787
[GA][Iter5] Gen:7 Ind:11 RMSE(val)=51.267456
[GA][Iter5] Gen:7 Ind:12 RMSE(val)=50.454073
[GA][Iter5] Gen:7 Ind:13 RMSE(val)=50.478119
[GA][Iter5] Gen:7 Ind:14 RMSE(val)=50.499903
[GA][Iter5] Gen:7 Ind:15 RMSE(val)=50.499903
[GA][Iter5] Gen:7 Ind:16 RMSE(val)=50.688894
[GA][Iter5] Gen:7 Ind:17 RMSE(val)=50.547459
[GA][Iter5] Gen:7 Ind:18 RMSE(val)=50.577357
[GA][Iter5] Gen:7 Ind:19 RMSE(val)=50.577357
[GA][Iter5] Gen:7 Ind:20 RMSE(val)=50.478119
[GA][Iter5] gen=7 best_val_rmse=50.447581
[GA][Iter5] Gen:8 Ind:1 RMSE(val)=50.447581
[GA][Iter5] Gen:8 Ind:2 RMSE(val)=50.447581
[GA][Iter5] Gen:8 Ind:3 RMSE(val)=50.454073
[GA][Iter5] Gen:8 Ind:4 RMSE(val)=50.478119
[GA][Iter5] Gen:8 Ind:5 RMSE(val)=50.478119
[GA][Iter5] Gen:8 Ind:6 RMSE(val)=50.478119
[GA][Iter5] Gen:8 Ind:7 RMSE(val)=50.478119
[GA][Iter5] Gen:8 Ind:8 RMSE(val)=50.499903
[GA][Iter5] Gen:8 Ind:9 RMSE(val)=50.499903
[GA][Iter5] Gen:8 Ind:10 RMSE(val)=50.499903
[GA][Iter5] Gen:8 Ind:11 RMSE(val)=50.525695
[GA][Iter5] Gen:8 Ind:12 RMSE(val)=50.656892
[GA][Iter5] Gen:8 Ind:13 RMSE(val)=50.478119
[GA][Iter5] Gen:8 Ind:14 RMSE(val)=50.467065
[GA][Iter5] Gen:8 Ind:15 RMSE(val)=50.499903
[GA][Iter5] Gen:8 Ind:16 RMSE(val)=50.644992
[GA][Iter5] Gen:8 Ind:17 RMSE(val)=50.499903
[GA][Iter5] Gen:8 Ind:18 RMSE(val)=63.384181
[GA][Iter5] Gen:8 Ind:19 RMSE(val)=50.547495
[GA][Iter5] Gen:8 Ind:20 RMSE(val)=50.499903
[GA][Iter5] gen=8 best_val_rmse=50.447581
[GA][Iter5] Gen:9 Ind:1 RMSE(val)=50.447581
[GA][Iter5] Gen:9 Ind:2 RMSE(val)=50.447581
[GA][Iter5] Gen:9 Ind:3 RMSE(val)=50.454073
[GA][Iter5] Gen:9 Ind:4 RMSE(val)=50.467065
[GA][Iter5] Gen:9 Ind:5 RMSE(val)=50.478119
[GA][Iter5] Gen:9 Ind:6 RMSE(val)=50.478119
[GA][Iter5] Gen:9 Ind:7 RMSE(val)=50.478119
[GA][Iter5] Gen:9 Ind:8 RMSE(val)=50.478119
[GA][Iter5] Gen:9 Ind:9 RMSE(val)=50.478119
[GA][Iter5] Gen:9 Ind:10 RMSE(val)=50.499903
[GA][Iter5] Gen:9 Ind:11 RMSE(val)=50.478119
[GA][Iter5] Gen:9 Ind:12 RMSE(val)=50.540906
[GA][Iter5] Gen:9 Ind:13 RMSE(val)=50.537164
[GA][Iter5] Gen:9 Ind:14 RMSE(val)=50.688894
[GA][Iter5] Gen:9 Ind:15 RMSE(val)=50.478119
[GA][Iter5] Gen:9 Ind:16 RMSE(val)=50.731901
[GA][Iter5] Gen:9 Ind:17 RMSE(val)=63.384181
[GA][Iter5] Gen:9 Ind:18 RMSE(val)=50.572898
[GA][Iter5] Gen:9 Ind:19 RMSE(val)=50.499903
[GA][Iter5] Gen:9 Ind:20 RMSE(val)=50.577357
[GA][Iter5] gen=9 best_val_rmse=50.447581
[GA][Iter5] Gen:10 Ind:1 RMSE(val)=50.447581
[GA][Iter5] Gen:10 Ind:2 RMSE(val)=50.447581
[GA][Iter5] Gen:10 Ind:3 RMSE(val)=50.454073
[GA][Iter5] Gen:10 Ind:4 RMSE(val)=50.467065
[GA][Iter5] Gen:10 Ind:5 RMSE(val)=50.478119
[GA][Iter5] Gen:10 Ind:6 RMSE(val)=50.478119
[GA][Iter5] Gen:10 Ind:7 RMSE(val)=50.478119
[GA][Iter5] Gen:10 Ind:8 RMSE(val)=50.478119
[GA][Iter5] Gen:10 Ind:9 RMSE(val)=50.478119
[GA][Iter5] Gen:10 Ind:10 RMSE(val)=50.478119
[GA][Iter5] Gen:10 Ind:11 RMSE(val)=50.539452
[GA][Iter5] Gen:10 Ind:12 RMSE(val)=50.447581
[GA][Iter5] Gen:10 Ind:13 RMSE(val)=50.447581
[GA][Iter5] Gen:10 Ind:14 RMSE(val)=50.467065
[GA][Iter5] Gen:10 Ind:15 RMSE(val)=51.083660
[GA][Iter5] Gen:10 Ind:16 RMSE(val)=50.810787
[GA][Iter5] Gen:10 Ind:17 RMSE(val)=50.447581
[GA][Iter5] Gen:10 Ind:18 RMSE(val)=50.478119
[GA][Iter5] Gen:10 Ind:19 RMSE(val)=50.478119
[GA][Iter5] Gen:10 Ind:20 RMSE(val)=50.542787
[GA][Iter5] gen=10 best_val_rmse=50.447581
[GA][Iter5] Gen:11 Ind:1 RMSE(val)=50.447581
[GA][Iter5] Gen:11 Ind:2 RMSE(val)=50.447581
[GA][Iter5] Gen:11 Ind:3 RMSE(val)=50.447581
[GA][Iter5] Gen:11 Ind:4 RMSE(val)=50.447581
[GA][Iter5] Gen:11 Ind:5 RMSE(val)=50.447581
[GA][Iter5] Gen:11 Ind:6 RMSE(val)=50.454073
[GA][Iter5] Gen:11 Ind:7 RMSE(val)=50.467065
[GA][Iter5] Gen:11 Ind:8 RMSE(val)=50.467065
[GA][Iter5] Gen:11 Ind:9 RMSE(val)=50.478119
[GA][Iter5] Gen:11 Ind:10 RMSE(val)=50.478119
[GA][Iter5] Gen:11 Ind:11 RMSE(val)=50.447581
[GA][Iter5] Gen:11 Ind:12 RMSE(val)=50.447581
[GA][Iter5] Gen:11 Ind:13 RMSE(val)=50.572898
[GA][Iter5] Gen:11 Ind:14 RMSE(val)=50.436243
[GA][Iter5] Gen:11 Ind:15 RMSE(val)=50.622255
[GA][Iter5] Gen:11 Ind:16 RMSE(val)=50.467065
[GA][Iter5] Gen:11 Ind:17 RMSE(val)=50.447581
[GA][Iter5] Gen:11 Ind:18 RMSE(val)=50.447581
[GA][Iter5] Gen:11 Ind:19 RMSE(val)=50.447581
[GA][Iter5] Gen:11 Ind:20 RMSE(val)=50.549279
[GA][Iter5] gen=11 best_val_rmse=50.436243
[GA][Iter5] Gen:12 Ind:1 RMSE(val)=50.436243
[GA][Iter5] Gen:12 Ind:2 RMSE(val)=50.447581
[GA][Iter5] Gen:12 Ind:3 RMSE(val)=50.447581
[GA][Iter5] Gen:12 Ind:4 RMSE(val)=50.447581
[GA][Iter5] Gen:12 Ind:5 RMSE(val)=50.447581
[GA][Iter5] Gen:12 Ind:6 RMSE(val)=50.447581
[GA][Iter5] Gen:12 Ind:7 RMSE(val)=50.447581
[GA][Iter5] Gen:12 Ind:8 RMSE(val)=50.447581
[GA][Iter5] Gen:12 Ind:9 RMSE(val)=50.447581
[GA][Iter5] Gen:12 Ind:10 RMSE(val)=50.447581
[GA][Iter5] Gen:12 Ind:11 RMSE(val)=50.447581
[GA][Iter5] Gen:12 Ind:12 RMSE(val)=50.405575
[GA][Iter5] Gen:12 Ind:13 RMSE(val)=50.447581
[GA][Iter5] Gen:12 Ind:14 RMSE(val)=50.447581
[GA][Iter5] Gen:12 Ind:15 RMSE(val)=50.447581
[GA][Iter5] Gen:12 Ind:16 RMSE(val)=50.447581
[GA][Iter5] Gen:12 Ind:17 RMSE(val)=50.607705
[GA][Iter5] Gen:12 Ind:18 RMSE(val)=50.447581
[GA][Iter5] Gen:12 Ind:19 RMSE(val)=50.447581
[GA][Iter5] Gen:12 Ind:20 RMSE(val)=50.557592
[GA][Iter5] gen=12 best_val_rmse=50.405575
[GA][Iter5] Gen:13 Ind:1 RMSE(val)=50.405575
[GA][Iter5] Gen:13 Ind:2 RMSE(val)=50.436243
[GA][Iter5] Gen:13 Ind:3 RMSE(val)=50.447581
[GA][Iter5] Gen:13 Ind:4 RMSE(val)=50.447581
[GA][Iter5] Gen:13 Ind:5 RMSE(val)=50.447581
[GA][Iter5] Gen:13 Ind:6 RMSE(val)=50.447581
[GA][Iter5] Gen:13 Ind:7 RMSE(val)=50.447581
[GA][Iter5] Gen:13 Ind:8 RMSE(val)=50.447581
[GA][Iter5] Gen:13 Ind:9 RMSE(val)=50.447581
[GA][Iter5] Gen:13 Ind:10 RMSE(val)=50.447581
[GA][Iter5] Gen:13 Ind:11 RMSE(val)=50.447581
[GA][Iter5] Gen:13 Ind:12 RMSE(val)=50.656892
[GA][Iter5] Gen:13 Ind:13 RMSE(val)=51.133924
[GA][Iter5] Gen:13 Ind:14 RMSE(val)=50.447581
[GA][Iter5] Gen:13 Ind:15 RMSE(val)=50.447581
[GA][Iter5] Gen:13 Ind:16 RMSE(val)=50.528499
[GA][Iter5] Gen:13 Ind:17 RMSE(val)=50.405575
[GA][Iter5] Gen:13 Ind:18 RMSE(val)=50.447581
[GA][Iter5] Gen:13 Ind:19 RMSE(val)=50.447581
[GA][Iter5] Gen:13 Ind:20 RMSE(val)=50.337885
[GA][Iter5] gen=13 best_val_rmse=50.337885
[GA][Iter5] Gen:14 Ind:1 RMSE(val)=50.337885
[GA][Iter5] Gen:14 Ind:2 RMSE(val)=50.405575
[GA][Iter5] Gen:14 Ind:3 RMSE(val)=50.405575
[GA][Iter5] Gen:14 Ind:4 RMSE(val)=50.436243
[GA][Iter5] Gen:14 Ind:5 RMSE(val)=50.447581
[GA][Iter5] Gen:14 Ind:6 RMSE(val)=50.447581
[GA][Iter5] Gen:14 Ind:7 RMSE(val)=50.447581
[GA][Iter5] Gen:14 Ind:8 RMSE(val)=50.447581
[GA][Iter5] Gen:14 Ind:9 RMSE(val)=50.447581
[GA][Iter5] Gen:14 Ind:10 RMSE(val)=50.447581
[GA][Iter5] Gen:14 Ind:11 RMSE(val)=50.447581
[GA][Iter5] Gen:14 Ind:12 RMSE(val)=50.656892
[GA][Iter5] Gen:14 Ind:13 RMSE(val)=50.656892
[GA][Iter5] Gen:14 Ind:14 RMSE(val)=50.400844
[GA][Iter5] Gen:14 Ind:15 RMSE(val)=50.528499
[GA][Iter5] Gen:14 Ind:16 RMSE(val)=50.447581
[GA][Iter5] Gen:14 Ind:17 RMSE(val)=50.547495
[GA][Iter5] Gen:14 Ind:18 RMSE(val)=50.447581
[GA][Iter5] Gen:14 Ind:19 RMSE(val)=54.280610
[GA][Iter5] Gen:14 Ind:20 RMSE(val)=50.447581
[GA][Iter5] gen=14 best_val_rmse=50.337885
[GA][Iter5] Gen:15 Ind:1 RMSE(val)=50.337885
[GA][Iter5] Gen:15 Ind:2 RMSE(val)=50.400844
[GA][Iter5] Gen:15 Ind:3 RMSE(val)=50.405575
[GA][Iter5] Gen:15 Ind:4 RMSE(val)=50.405575
[GA][Iter5] Gen:15 Ind:5 RMSE(val)=50.436243
[GA][Iter5] Gen:15 Ind:6 RMSE(val)=50.447581
[GA][Iter5] Gen:15 Ind:7 RMSE(val)=50.447581
[GA][Iter5] Gen:15 Ind:8 RMSE(val)=50.447581
[GA][Iter5] Gen:15 Ind:9 RMSE(val)=50.447581
[GA][Iter5] Gen:15 Ind:10 RMSE(val)=50.447581
[GA][Iter5] Gen:15 Ind:11 RMSE(val)=50.554169
[GA][Iter5] Gen:15 Ind:12 RMSE(val)=50.405575
[GA][Iter5] Gen:15 Ind:13 RMSE(val)=50.339564
[GA][Iter5] Gen:15 Ind:14 RMSE(val)=50.528499
[GA][Iter5] Gen:15 Ind:15 RMSE(val)=50.528499
[GA][Iter5] Gen:15 Ind:16 RMSE(val)=50.528499
[GA][Iter5] Gen:15 Ind:17 RMSE(val)=50.656892
[GA][Iter5] Gen:15 Ind:18 RMSE(val)=51.067029
[GA][Iter5] Gen:15 Ind:19 RMSE(val)=50.400844
[GA][Iter5] Gen:15 Ind:20 RMSE(val)=50.337885
[GA][Iter5] gen=15 best_val_rmse=50.337885
[GA][Iter5] Gen:15 Ind:1 RMSE(val)=50.337885
[GA][Iter5] Gen:15 Ind:2 RMSE(val)=50.337885
[GA][Iter5] Gen:15 Ind:3 RMSE(val)=50.339564
[GA][Iter5] Gen:15 Ind:4 RMSE(val)=50.400844
[GA][Iter5] Gen:15 Ind:5 RMSE(val)=50.400844
[GA][Iter5] Gen:15 Ind:6 RMSE(val)=50.405575
[GA][Iter5] Gen:15 Ind:7 RMSE(val)=50.405575
[GA][Iter5] Gen:15 Ind:8 RMSE(val)=50.405575
[GA][Iter5] Gen:15 Ind:9 RMSE(val)=50.436243
[GA][Iter5] Gen:15 Ind:10 RMSE(val)=50.447581
[GA][Iter5] Gen:15 Ind:11 RMSE(val)=50.447581
[GA][Iter5] Gen:15 Ind:12 RMSE(val)=50.337885
[GA][Iter5] Gen:15 Ind:13 RMSE(val)=50.400844
[GA][Iter5] Gen:15 Ind:14 RMSE(val)=50.476351
[GA][Iter5] Gen:15 Ind:15 RMSE(val)=50.492926
[GA][Iter5] Gen:15 Ind:16 RMSE(val)=50.405575
[GA][Iter5] Gen:15 Ind:17 RMSE(val)=50.547495
[GA][Iter5] Gen:15 Ind:18 RMSE(val)=50.649881
[GA][Iter5] Gen:15 Ind:19 RMSE(val)=50.406039
[GA][Iter5] Gen:15 Ind:20 RMSE(val)=50.656892

[GA DONE][Iter5] Best params on val fold of Iter5
Best val RMSE: 50.337885
Best params: {'n_estimators': 415, 'max_depth': 27, 'min_samples_split': 5, 'min_samples_leaf': 2, 'max_features': None, 'bootstrap': True}
--------------------------------------------------------------------------------
[RETUNE GA] Iter5: train folds 1..9 -> test fold 10  RMSE=54.557469  NRMSE=1.037487  CVRMSE=0.154684  R2=-0.096688
