=== BASELINE (project=m2os, last-7 mean, expanding folds) ===
Iter1: train folds 1..5 -> test fold 6  RMSE=975.9472  NRMSE=1.0243  CVRMSE=0.4191  R˛=-0.0678
Iter2: train folds 1..6 -> test fold 7  RMSE=1171.3455  NRMSE=0.9980  CVRMSE=0.4700  R˛=-0.0137
Iter3: train folds 1..7 -> test fold 8  RMSE=876.9831  NRMSE=0.9642  CVRMSE=0.3658  R˛=0.0538
Iter4: train folds 1..8 -> test fold 9  RMSE=948.5572  NRMSE=0.8712  CVRMSE=0.3736  R˛=0.2274
Iter5: train folds 1..9 -> test fold 10  RMSE=1778.6159  NRMSE=1.1259  CVRMSE=0.6361  R˛=-0.2902
--------------------------------------------------
[FEATURES] initial=73 kept_after_screening=44
['workflow_event_trigger', 'issuer_name', 'gh_files_added', 'gh_files_deleted', 'gh_files_modified', 'gh_tests_deleted', 'gh_is_pr', 'gh_description_complexity', 'gh_src_files', 'gh_doc_files', 'git_num_committers', 'total_jobs', 'gh_team_size_last_3_month', 'gh_commits_on_files_touched', 'gh_num_pr_comments', 'gh_test_lines_per_kloc', 'workflow_size', 'hour', 'dow', 'month', 'secs_since_prev', 'duration_lag_1', 'duration_lag_2', 'duration_lag_6', 'duration_lag_7', 'window_avg_7', 'window_std_7', 'window_std_4', 'ft___json5_', 'ft___json5__', 'ft___sh_', 'ft___sh__', 'ft___yml____dup1', 'ft____cosmic_', 'ft____json__', 'ft____json5_', 'ft____json5__', 'ft____pub_', 'ft____py_', 'ft____py__', 'ft____sh_', 'ft____sh__', 'ft____yml__', 'ft___']
--------------------------------------------------------------------------------
[GA][Iter1] Gen:1 Ind:1 RMSE(val)=679.494764
[GA][Iter1] Gen:1 Ind:2 RMSE(val)=694.057644
[GA][Iter1] Gen:1 Ind:3 RMSE(val)=636.482884
[GA][Iter1] Gen:1 Ind:4 RMSE(val)=640.756410
[GA][Iter1] Gen:1 Ind:5 RMSE(val)=1143.796749
[GA][Iter1] Gen:1 Ind:6 RMSE(val)=621.243762
[GA][Iter1] Gen:1 Ind:7 RMSE(val)=632.439115
[GA][Iter1] Gen:1 Ind:8 RMSE(val)=654.319136
[GA][Iter1] Gen:1 Ind:9 RMSE(val)=689.491844
[GA][Iter1] Gen:1 Ind:10 RMSE(val)=621.892349
[GA][Iter1] Gen:1 Ind:11 RMSE(val)=632.882755
[GA][Iter1] Gen:1 Ind:12 RMSE(val)=658.897786
[GA][Iter1] Gen:1 Ind:13 RMSE(val)=647.160990
[GA][Iter1] Gen:1 Ind:14 RMSE(val)=623.625824
[GA][Iter1] Gen:1 Ind:15 RMSE(val)=566.427968
[GA][Iter1] Gen:1 Ind:16 RMSE(val)=639.531526
[GA][Iter1] Gen:1 Ind:17 RMSE(val)=662.390914
[GA][Iter1] Gen:1 Ind:18 RMSE(val)=609.153223
[GA][Iter1] Gen:1 Ind:19 RMSE(val)=664.930639
[GA][Iter1] Gen:1 Ind:20 RMSE(val)=941.612156
[GA][Iter1] gen=1 best_val_rmse=566.427968
[GA][Iter1] Gen:2 Ind:1 RMSE(val)=566.427968
[GA][Iter1] Gen:2 Ind:2 RMSE(val)=609.153223
[GA][Iter1] Gen:2 Ind:3 RMSE(val)=621.243762
[GA][Iter1] Gen:2 Ind:4 RMSE(val)=621.892349
[GA][Iter1] Gen:2 Ind:5 RMSE(val)=623.625824
[GA][Iter1] Gen:2 Ind:6 RMSE(val)=632.439115
[GA][Iter1] Gen:2 Ind:7 RMSE(val)=632.882755
[GA][Iter1] Gen:2 Ind:8 RMSE(val)=636.482884
[GA][Iter1] Gen:2 Ind:9 RMSE(val)=639.531526
[GA][Iter1] Gen:2 Ind:10 RMSE(val)=640.756410
[GA][Iter1] Gen:2 Ind:11 RMSE(val)=591.383699
[GA][Iter1] Gen:2 Ind:12 RMSE(val)=593.690315
[GA][Iter1] Gen:2 Ind:13 RMSE(val)=609.153223
[GA][Iter1] Gen:2 Ind:14 RMSE(val)=638.346232
[GA][Iter1] Gen:2 Ind:15 RMSE(val)=636.482884
[GA][Iter1] Gen:2 Ind:16 RMSE(val)=621.892349
[GA][Iter1] Gen:2 Ind:17 RMSE(val)=646.625661
[GA][Iter1] Gen:2 Ind:18 RMSE(val)=566.427968
[GA][Iter1] Gen:2 Ind:19 RMSE(val)=882.329787
[GA][Iter1] Gen:2 Ind:20 RMSE(val)=583.641130
[GA][Iter1] gen=2 best_val_rmse=566.427968
[GA][Iter1] Gen:3 Ind:1 RMSE(val)=566.427968
[GA][Iter1] Gen:3 Ind:2 RMSE(val)=566.427968
[GA][Iter1] Gen:3 Ind:3 RMSE(val)=583.641130
[GA][Iter1] Gen:3 Ind:4 RMSE(val)=591.383699
[GA][Iter1] Gen:3 Ind:5 RMSE(val)=593.690315
[GA][Iter1] Gen:3 Ind:6 RMSE(val)=609.153223
[GA][Iter1] Gen:3 Ind:7 RMSE(val)=609.153223
[GA][Iter1] Gen:3 Ind:8 RMSE(val)=621.243762
[GA][Iter1] Gen:3 Ind:9 RMSE(val)=621.892349
[GA][Iter1] Gen:3 Ind:10 RMSE(val)=621.892349
[GA][Iter1] Gen:3 Ind:11 RMSE(val)=583.491157
[GA][Iter1] Gen:3 Ind:12 RMSE(val)=583.518602
[GA][Iter1] Gen:3 Ind:13 RMSE(val)=636.180001
[GA][Iter1] Gen:3 Ind:14 RMSE(val)=613.296827
[GA][Iter1] Gen:3 Ind:15 RMSE(val)=583.641130
[GA][Iter1] Gen:3 Ind:16 RMSE(val)=585.816198
[GA][Iter1] Gen:3 Ind:17 RMSE(val)=627.072637
[GA][Iter1] Gen:3 Ind:18 RMSE(val)=583.641130
[GA][Iter1] Gen:3 Ind:19 RMSE(val)=613.296827
[GA][Iter1] Gen:3 Ind:20 RMSE(val)=628.395139
[GA][Iter1] gen=3 best_val_rmse=566.427968
[GA][Iter1] Gen:4 Ind:1 RMSE(val)=566.427968
[GA][Iter1] Gen:4 Ind:2 RMSE(val)=566.427968
[GA][Iter1] Gen:4 Ind:3 RMSE(val)=583.491157
[GA][Iter1] Gen:4 Ind:4 RMSE(val)=583.518602
[GA][Iter1] Gen:4 Ind:5 RMSE(val)=583.641130
[GA][Iter1] Gen:4 Ind:6 RMSE(val)=583.641130
[GA][Iter1] Gen:4 Ind:7 RMSE(val)=583.641130
[GA][Iter1] Gen:4 Ind:8 RMSE(val)=585.816198
[GA][Iter1] Gen:4 Ind:9 RMSE(val)=591.383699
[GA][Iter1] Gen:4 Ind:10 RMSE(val)=593.690315
[GA][Iter1] Gen:4 Ind:11 RMSE(val)=606.766758
[GA][Iter1] Gen:4 Ind:12 RMSE(val)=583.491157
[GA][Iter1] Gen:4 Ind:13 RMSE(val)=585.816198
[GA][Iter1] Gen:4 Ind:14 RMSE(val)=566.427968
[GA][Iter1] Gen:4 Ind:15 RMSE(val)=570.492401
[GA][Iter1] Gen:4 Ind:16 RMSE(val)=583.491157
[GA][Iter1] Gen:4 Ind:17 RMSE(val)=583.676827
[GA][Iter1] Gen:4 Ind:18 RMSE(val)=594.191810
[GA][Iter1] Gen:4 Ind:19 RMSE(val)=566.427968
[GA][Iter1] Gen:4 Ind:20 RMSE(val)=548.201098
[GA][Iter1] gen=4 best_val_rmse=548.201098
[GA][Iter1] Gen:5 Ind:1 RMSE(val)=548.201098
[GA][Iter1] Gen:5 Ind:2 RMSE(val)=566.427968
[GA][Iter1] Gen:5 Ind:3 RMSE(val)=566.427968
[GA][Iter1] Gen:5 Ind:4 RMSE(val)=566.427968
[GA][Iter1] Gen:5 Ind:5 RMSE(val)=566.427968
[GA][Iter1] Gen:5 Ind:6 RMSE(val)=570.492401
[GA][Iter1] Gen:5 Ind:7 RMSE(val)=583.491157
[GA][Iter1] Gen:5 Ind:8 RMSE(val)=583.491157
[GA][Iter1] Gen:5 Ind:9 RMSE(val)=583.491157
[GA][Iter1] Gen:5 Ind:10 RMSE(val)=583.518602
[GA][Iter1] Gen:5 Ind:11 RMSE(val)=566.427968
[GA][Iter1] Gen:5 Ind:12 RMSE(val)=566.427968
[GA][Iter1] Gen:5 Ind:13 RMSE(val)=606.766758
[GA][Iter1] Gen:5 Ind:14 RMSE(val)=566.427968
[GA][Iter1] Gen:5 Ind:15 RMSE(val)=585.816198
[GA][Iter1] Gen:5 Ind:16 RMSE(val)=583.491157
[GA][Iter1] Gen:5 Ind:17 RMSE(val)=568.120602
[GA][Iter1] Gen:5 Ind:18 RMSE(val)=583.518602
[GA][Iter1] Gen:5 Ind:19 RMSE(val)=583.491157
[GA][Iter1] Gen:5 Ind:20 RMSE(val)=583.491157
[GA][Iter1] gen=5 best_val_rmse=548.201098
[GA][Iter1] Gen:6 Ind:1 RMSE(val)=548.201098
[GA][Iter1] Gen:6 Ind:2 RMSE(val)=566.427968
[GA][Iter1] Gen:6 Ind:3 RMSE(val)=566.427968
[GA][Iter1] Gen:6 Ind:4 RMSE(val)=566.427968
[GA][Iter1] Gen:6 Ind:5 RMSE(val)=566.427968
[GA][Iter1] Gen:6 Ind:6 RMSE(val)=566.427968
[GA][Iter1] Gen:6 Ind:7 RMSE(val)=566.427968
[GA][Iter1] Gen:6 Ind:8 RMSE(val)=566.427968
[GA][Iter1] Gen:6 Ind:9 RMSE(val)=568.120602
[GA][Iter1] Gen:6 Ind:10 RMSE(val)=570.492401
[GA][Iter1] Gen:6 Ind:11 RMSE(val)=566.427968
[GA][Iter1] Gen:6 Ind:12 RMSE(val)=566.427968
[GA][Iter1] Gen:6 Ind:13 RMSE(val)=566.427968
[GA][Iter1] Gen:6 Ind:14 RMSE(val)=585.816198
[GA][Iter1] Gen:6 Ind:15 RMSE(val)=570.492401
[GA][Iter1] Gen:6 Ind:16 RMSE(val)=548.201098
[GA][Iter1] Gen:6 Ind:17 RMSE(val)=566.427968
[GA][Iter1] Gen:6 Ind:18 RMSE(val)=547.611818
[GA][Iter1] Gen:6 Ind:19 RMSE(val)=566.427968
[GA][Iter1] Gen:6 Ind:20 RMSE(val)=1175.019650
[GA][Iter1] gen=6 best_val_rmse=547.611818
[GA][Iter1] Gen:7 Ind:1 RMSE(val)=547.611818
[GA][Iter1] Gen:7 Ind:2 RMSE(val)=548.201098
[GA][Iter1] Gen:7 Ind:3 RMSE(val)=548.201098
[GA][Iter1] Gen:7 Ind:4 RMSE(val)=566.427968
[GA][Iter1] Gen:7 Ind:5 RMSE(val)=566.427968
[GA][Iter1] Gen:7 Ind:6 RMSE(val)=566.427968
[GA][Iter1] Gen:7 Ind:7 RMSE(val)=566.427968
[GA][Iter1] Gen:7 Ind:8 RMSE(val)=566.427968
[GA][Iter1] Gen:7 Ind:9 RMSE(val)=566.427968
[GA][Iter1] Gen:7 Ind:10 RMSE(val)=566.427968
[GA][Iter1] Gen:7 Ind:11 RMSE(val)=565.571242
[GA][Iter1] Gen:7 Ind:12 RMSE(val)=547.756720
[GA][Iter1] Gen:7 Ind:13 RMSE(val)=553.891893
[GA][Iter1] Gen:7 Ind:14 RMSE(val)=566.427968
[GA][Iter1] Gen:7 Ind:15 RMSE(val)=566.427968
[GA][Iter1] Gen:7 Ind:16 RMSE(val)=566.427968
[GA][Iter1] Gen:7 Ind:17 RMSE(val)=566.427968
[GA][Iter1] Gen:7 Ind:18 RMSE(val)=566.427968
[GA][Iter1] Gen:7 Ind:19 RMSE(val)=566.698635
[GA][Iter1] Gen:7 Ind:20 RMSE(val)=566.427968
[GA][Iter1] gen=7 best_val_rmse=547.611818
[GA][Iter1] Gen:8 Ind:1 RMSE(val)=547.611818
[GA][Iter1] Gen:8 Ind:2 RMSE(val)=547.756720
[GA][Iter1] Gen:8 Ind:3 RMSE(val)=548.201098
[GA][Iter1] Gen:8 Ind:4 RMSE(val)=548.201098
[GA][Iter1] Gen:8 Ind:5 RMSE(val)=553.891893
[GA][Iter1] Gen:8 Ind:6 RMSE(val)=565.571242
[GA][Iter1] Gen:8 Ind:7 RMSE(val)=566.427968
[GA][Iter1] Gen:8 Ind:8 RMSE(val)=566.427968
[GA][Iter1] Gen:8 Ind:9 RMSE(val)=566.427968
[GA][Iter1] Gen:8 Ind:10 RMSE(val)=566.427968
[GA][Iter1] Gen:8 Ind:11 RMSE(val)=553.785707
[GA][Iter1] Gen:8 Ind:12 RMSE(val)=566.081069
[GA][Iter1] Gen:8 Ind:13 RMSE(val)=547.756720
[GA][Iter1] Gen:8 Ind:14 RMSE(val)=550.849803
[GA][Iter1] Gen:8 Ind:15 RMSE(val)=566.427968
[GA][Iter1] Gen:8 Ind:16 RMSE(val)=556.019249
[GA][Iter1] Gen:8 Ind:17 RMSE(val)=566.427968
[GA][Iter1] Gen:8 Ind:18 RMSE(val)=619.586937
[GA][Iter1] Gen:8 Ind:19 RMSE(val)=547.611818
[GA][Iter1] Gen:8 Ind:20 RMSE(val)=566.427968
[GA][Iter1] gen=8 best_val_rmse=547.611818
[GA][Iter1] Gen:9 Ind:1 RMSE(val)=547.611818
[GA][Iter1] Gen:9 Ind:2 RMSE(val)=547.611818
[GA][Iter1] Gen:9 Ind:3 RMSE(val)=547.756720
[GA][Iter1] Gen:9 Ind:4 RMSE(val)=547.756720
[GA][Iter1] Gen:9 Ind:5 RMSE(val)=548.201098
[GA][Iter1] Gen:9 Ind:6 RMSE(val)=548.201098
[GA][Iter1] Gen:9 Ind:7 RMSE(val)=550.849803
[GA][Iter1] Gen:9 Ind:8 RMSE(val)=553.785707
[GA][Iter1] Gen:9 Ind:9 RMSE(val)=553.891893
[GA][Iter1] Gen:9 Ind:10 RMSE(val)=556.019249
[GA][Iter1] Gen:9 Ind:11 RMSE(val)=550.849803
[GA][Iter1] Gen:9 Ind:12 RMSE(val)=551.941080
[GA][Iter1] Gen:9 Ind:13 RMSE(val)=553.225730
[GA][Iter1] Gen:9 Ind:14 RMSE(val)=550.849803
[GA][Iter1] Gen:9 Ind:15 RMSE(val)=1191.858604
[GA][Iter1] Gen:9 Ind:16 RMSE(val)=556.922106
[GA][Iter1] Gen:9 Ind:17 RMSE(val)=587.737291
[GA][Iter1] Gen:9 Ind:18 RMSE(val)=548.201098
[GA][Iter1] Gen:9 Ind:19 RMSE(val)=541.522165
[GA][Iter1] Gen:9 Ind:20 RMSE(val)=550.849803
[GA][Iter1] gen=9 best_val_rmse=541.522165
[GA][Iter1] Gen:10 Ind:1 RMSE(val)=541.522165
[GA][Iter1] Gen:10 Ind:2 RMSE(val)=547.611818
[GA][Iter1] Gen:10 Ind:3 RMSE(val)=547.611818
[GA][Iter1] Gen:10 Ind:4 RMSE(val)=547.756720
[GA][Iter1] Gen:10 Ind:5 RMSE(val)=547.756720
[GA][Iter1] Gen:10 Ind:6 RMSE(val)=548.201098
[GA][Iter1] Gen:10 Ind:7 RMSE(val)=548.201098
[GA][Iter1] Gen:10 Ind:8 RMSE(val)=548.201098
[GA][Iter1] Gen:10 Ind:9 RMSE(val)=550.849803
[GA][Iter1] Gen:10 Ind:10 RMSE(val)=550.849803
[GA][Iter1] Gen:10 Ind:11 RMSE(val)=548.201098
[GA][Iter1] Gen:10 Ind:12 RMSE(val)=553.785707
[GA][Iter1] Gen:10 Ind:13 RMSE(val)=547.611818
[GA][Iter1] Gen:10 Ind:14 RMSE(val)=548.201098
[GA][Iter1] Gen:10 Ind:15 RMSE(val)=548.201098
[GA][Iter1] Gen:10 Ind:16 RMSE(val)=593.690315
[GA][Iter1] Gen:10 Ind:17 RMSE(val)=547.611818
[GA][Iter1] Gen:10 Ind:18 RMSE(val)=550.849803
[GA][Iter1] Gen:10 Ind:19 RMSE(val)=550.849803
[GA][Iter1] Gen:10 Ind:20 RMSE(val)=541.522165
[GA][Iter1] gen=10 best_val_rmse=541.522165
[GA][Iter1] Gen:11 Ind:1 RMSE(val)=541.522165
[GA][Iter1] Gen:11 Ind:2 RMSE(val)=541.522165
[GA][Iter1] Gen:11 Ind:3 RMSE(val)=547.611818
[GA][Iter1] Gen:11 Ind:4 RMSE(val)=547.611818
[GA][Iter1] Gen:11 Ind:5 RMSE(val)=547.611818
[GA][Iter1] Gen:11 Ind:6 RMSE(val)=547.611818
[GA][Iter1] Gen:11 Ind:7 RMSE(val)=547.756720
[GA][Iter1] Gen:11 Ind:8 RMSE(val)=547.756720
[GA][Iter1] Gen:11 Ind:9 RMSE(val)=548.201098
[GA][Iter1] Gen:11 Ind:10 RMSE(val)=548.201098
[GA][Iter1] Gen:11 Ind:11 RMSE(val)=547.611818
[GA][Iter1] Gen:11 Ind:12 RMSE(val)=547.703880
[GA][Iter1] Gen:11 Ind:13 RMSE(val)=548.201098
[GA][Iter1] Gen:11 Ind:14 RMSE(val)=547.756720
[GA][Iter1] Gen:11 Ind:15 RMSE(val)=548.799694
[GA][Iter1] Gen:11 Ind:16 RMSE(val)=547.756720
[GA][Iter1] Gen:11 Ind:17 RMSE(val)=547.611818
[GA][Iter1] Gen:11 Ind:18 RMSE(val)=547.611818
[GA][Iter1] Gen:11 Ind:19 RMSE(val)=547.756720
[GA][Iter1] Gen:11 Ind:20 RMSE(val)=578.647611
[GA][Iter1] gen=11 best_val_rmse=541.522165
[GA][Iter1] Gen:12 Ind:1 RMSE(val)=541.522165
[GA][Iter1] Gen:12 Ind:2 RMSE(val)=541.522165
[GA][Iter1] Gen:12 Ind:3 RMSE(val)=547.611818
[GA][Iter1] Gen:12 Ind:4 RMSE(val)=547.611818
[GA][Iter1] Gen:12 Ind:5 RMSE(val)=547.611818
[GA][Iter1] Gen:12 Ind:6 RMSE(val)=547.611818
[GA][Iter1] Gen:12 Ind:7 RMSE(val)=547.611818
[GA][Iter1] Gen:12 Ind:8 RMSE(val)=547.611818
[GA][Iter1] Gen:12 Ind:9 RMSE(val)=547.611818
[GA][Iter1] Gen:12 Ind:10 RMSE(val)=547.703880
[GA][Iter1] Gen:12 Ind:11 RMSE(val)=547.611818
[GA][Iter1] Gen:12 Ind:12 RMSE(val)=541.522165
[GA][Iter1] Gen:12 Ind:13 RMSE(val)=541.522165
[GA][Iter1] Gen:12 Ind:14 RMSE(val)=547.611818
[GA][Iter1] Gen:12 Ind:15 RMSE(val)=548.201098
[GA][Iter1] Gen:12 Ind:16 RMSE(val)=547.611818
[GA][Iter1] Gen:12 Ind:17 RMSE(val)=553.839103
[GA][Iter1] Gen:12 Ind:18 RMSE(val)=547.611818
[GA][Iter1] Gen:12 Ind:19 RMSE(val)=547.611818
[GA][Iter1] Gen:12 Ind:20 RMSE(val)=542.857718
[GA][Iter1] gen=12 best_val_rmse=541.522165
[GA][Iter1] Gen:13 Ind:1 RMSE(val)=541.522165
[GA][Iter1] Gen:13 Ind:2 RMSE(val)=541.522165
[GA][Iter1] Gen:13 Ind:3 RMSE(val)=541.522165
[GA][Iter1] Gen:13 Ind:4 RMSE(val)=541.522165
[GA][Iter1] Gen:13 Ind:5 RMSE(val)=542.857718
[GA][Iter1] Gen:13 Ind:6 RMSE(val)=547.611818
[GA][Iter1] Gen:13 Ind:7 RMSE(val)=547.611818
[GA][Iter1] Gen:13 Ind:8 RMSE(val)=547.611818
[GA][Iter1] Gen:13 Ind:9 RMSE(val)=547.611818
[GA][Iter1] Gen:13 Ind:10 RMSE(val)=547.611818
[GA][Iter1] Gen:13 Ind:11 RMSE(val)=547.611818
[GA][Iter1] Gen:13 Ind:12 RMSE(val)=547.756720
[GA][Iter1] Gen:13 Ind:13 RMSE(val)=547.611818
[GA][Iter1] Gen:13 Ind:14 RMSE(val)=547.611818
[GA][Iter1] Gen:13 Ind:15 RMSE(val)=552.586846
[GA][Iter1] Gen:13 Ind:16 RMSE(val)=541.522165
[GA][Iter1] Gen:13 Ind:17 RMSE(val)=541.522165
[GA][Iter1] Gen:13 Ind:18 RMSE(val)=548.201098
[GA][Iter1] Gen:13 Ind:19 RMSE(val)=548.201098
[GA][Iter1] Gen:13 Ind:20 RMSE(val)=548.277557
[GA][Iter1] gen=13 best_val_rmse=541.522165
[GA][Iter1] Gen:14 Ind:1 RMSE(val)=541.522165
[GA][Iter1] Gen:14 Ind:2 RMSE(val)=541.522165
[GA][Iter1] Gen:14 Ind:3 RMSE(val)=541.522165
[GA][Iter1] Gen:14 Ind:4 RMSE(val)=541.522165
[GA][Iter1] Gen:14 Ind:5 RMSE(val)=541.522165
[GA][Iter1] Gen:14 Ind:6 RMSE(val)=541.522165
[GA][Iter1] Gen:14 Ind:7 RMSE(val)=542.857718
[GA][Iter1] Gen:14 Ind:8 RMSE(val)=547.611818
[GA][Iter1] Gen:14 Ind:9 RMSE(val)=547.611818
[GA][Iter1] Gen:14 Ind:10 RMSE(val)=547.611818
[GA][Iter1] Gen:14 Ind:11 RMSE(val)=552.586846
[GA][Iter1] Gen:14 Ind:12 RMSE(val)=547.703880
[GA][Iter1] Gen:14 Ind:13 RMSE(val)=547.611818
[GA][Iter1] Gen:14 Ind:14 RMSE(val)=549.554185
[GA][Iter1] Gen:14 Ind:15 RMSE(val)=556.864325
[GA][Iter1] Gen:14 Ind:16 RMSE(val)=547.611818
[GA][Iter1] Gen:14 Ind:17 RMSE(val)=541.522165
[GA][Iter1] Gen:14 Ind:18 RMSE(val)=547.703880
[GA][Iter1] Gen:14 Ind:19 RMSE(val)=587.737291
[GA][Iter1] Gen:14 Ind:20 RMSE(val)=542.857718
[GA][Iter1] gen=14 best_val_rmse=541.522165
[GA][Iter1] Gen:15 Ind:1 RMSE(val)=541.522165
[GA][Iter1] Gen:15 Ind:2 RMSE(val)=541.522165
[GA][Iter1] Gen:15 Ind:3 RMSE(val)=541.522165
[GA][Iter1] Gen:15 Ind:4 RMSE(val)=541.522165
[GA][Iter1] Gen:15 Ind:5 RMSE(val)=541.522165
[GA][Iter1] Gen:15 Ind:6 RMSE(val)=541.522165
[GA][Iter1] Gen:15 Ind:7 RMSE(val)=541.522165
[GA][Iter1] Gen:15 Ind:8 RMSE(val)=542.857718
[GA][Iter1] Gen:15 Ind:9 RMSE(val)=542.857718
[GA][Iter1] Gen:15 Ind:10 RMSE(val)=547.611818
[GA][Iter1] Gen:15 Ind:11 RMSE(val)=541.522165
[GA][Iter1] Gen:15 Ind:12 RMSE(val)=541.522165
[GA][Iter1] Gen:15 Ind:13 RMSE(val)=545.203882
[GA][Iter1] Gen:15 Ind:14 RMSE(val)=542.857718
[GA][Iter1] Gen:15 Ind:15 RMSE(val)=556.864325
[GA][Iter1] Gen:15 Ind:16 RMSE(val)=542.857718
[GA][Iter1] Gen:15 Ind:17 RMSE(val)=541.522165
[GA][Iter1] Gen:15 Ind:18 RMSE(val)=541.522165
[GA][Iter1] Gen:15 Ind:19 RMSE(val)=547.756720
[GA][Iter1] Gen:15 Ind:20 RMSE(val)=541.522165
[GA][Iter1] gen=15 best_val_rmse=541.522165
[GA][Iter1] Gen:15 Ind:1 RMSE(val)=541.522165
[GA][Iter1] Gen:15 Ind:2 RMSE(val)=541.522165
[GA][Iter1] Gen:15 Ind:3 RMSE(val)=541.522165
[GA][Iter1] Gen:15 Ind:4 RMSE(val)=541.522165
[GA][Iter1] Gen:15 Ind:5 RMSE(val)=541.522165
[GA][Iter1] Gen:15 Ind:6 RMSE(val)=541.522165
[GA][Iter1] Gen:15 Ind:7 RMSE(val)=541.522165
[GA][Iter1] Gen:15 Ind:8 RMSE(val)=541.522165
[GA][Iter1] Gen:15 Ind:9 RMSE(val)=541.522165
[GA][Iter1] Gen:15 Ind:10 RMSE(val)=541.522165
[GA][Iter1] Gen:15 Ind:11 RMSE(val)=541.522165
[GA][Iter1] Gen:15 Ind:12 RMSE(val)=541.522165
[GA][Iter1] Gen:15 Ind:13 RMSE(val)=541.522165
[GA][Iter1] Gen:15 Ind:14 RMSE(val)=541.522165
[GA][Iter1] Gen:15 Ind:15 RMSE(val)=541.522165
[GA][Iter1] Gen:15 Ind:16 RMSE(val)=541.522165
[GA][Iter1] Gen:15 Ind:17 RMSE(val)=541.522165
[GA][Iter1] Gen:15 Ind:18 RMSE(val)=559.079083
[GA][Iter1] Gen:15 Ind:19 RMSE(val)=542.298378
[GA][Iter1] Gen:15 Ind:20 RMSE(val)=541.522165

[GA DONE][Iter1] Best params on val fold of Iter1
Best val RMSE: 541.522165
Best params: {'n_estimators': 389, 'max_depth': None, 'min_samples_split': 5, 'min_samples_leaf': 1, 'max_features': 'sqrt', 'bootstrap': False}
--------------------------------------------------------------------------------
[RETUNE GA] Iter1: train folds 1..5 -> test fold 6  RMSE=614.270580  NRMSE=0.644676  CVRMSE=0.263765  R2=0.576971
[GA][Iter2] Gen:1 Ind:1 RMSE(val)=763.478515
[GA][Iter2] Gen:1 Ind:2 RMSE(val)=781.822057
[GA][Iter2] Gen:1 Ind:3 RMSE(val)=691.168850
[GA][Iter2] Gen:1 Ind:4 RMSE(val)=684.940384
[GA][Iter2] Gen:1 Ind:5 RMSE(val)=801.111839
[GA][Iter2] Gen:1 Ind:6 RMSE(val)=706.081452
[GA][Iter2] Gen:1 Ind:7 RMSE(val)=711.778863
[GA][Iter2] Gen:1 Ind:8 RMSE(val)=723.827922
[GA][Iter2] Gen:1 Ind:9 RMSE(val)=765.874818
[GA][Iter2] Gen:1 Ind:10 RMSE(val)=679.634501
[GA][Iter2] Gen:1 Ind:11 RMSE(val)=668.362088
[GA][Iter2] Gen:1 Ind:12 RMSE(val)=697.062732
[GA][Iter2] Gen:1 Ind:13 RMSE(val)=716.511233
[GA][Iter2] Gen:1 Ind:14 RMSE(val)=695.596541
[GA][Iter2] Gen:1 Ind:15 RMSE(val)=629.570154
[GA][Iter2] Gen:1 Ind:16 RMSE(val)=690.769774
[GA][Iter2] Gen:1 Ind:17 RMSE(val)=728.026675
[GA][Iter2] Gen:1 Ind:18 RMSE(val)=664.302264
[GA][Iter2] Gen:1 Ind:19 RMSE(val)=685.228610
[GA][Iter2] Gen:1 Ind:20 RMSE(val)=768.982243
[GA][Iter2] gen=1 best_val_rmse=629.570154
[GA][Iter2] Gen:2 Ind:1 RMSE(val)=629.570154
[GA][Iter2] Gen:2 Ind:2 RMSE(val)=664.302264
[GA][Iter2] Gen:2 Ind:3 RMSE(val)=668.362088
[GA][Iter2] Gen:2 Ind:4 RMSE(val)=679.634501
[GA][Iter2] Gen:2 Ind:5 RMSE(val)=684.940384
[GA][Iter2] Gen:2 Ind:6 RMSE(val)=685.228610
[GA][Iter2] Gen:2 Ind:7 RMSE(val)=690.769774
[GA][Iter2] Gen:2 Ind:8 RMSE(val)=691.168850
[GA][Iter2] Gen:2 Ind:9 RMSE(val)=695.596541
[GA][Iter2] Gen:2 Ind:10 RMSE(val)=697.062732
[GA][Iter2] Gen:2 Ind:11 RMSE(val)=735.650613
[GA][Iter2] Gen:2 Ind:12 RMSE(val)=666.200101
[GA][Iter2] Gen:2 Ind:13 RMSE(val)=664.302264
[GA][Iter2] Gen:2 Ind:14 RMSE(val)=638.372764
[GA][Iter2] Gen:2 Ind:15 RMSE(val)=691.168850
[GA][Iter2] Gen:2 Ind:16 RMSE(val)=679.634501
[GA][Iter2] Gen:2 Ind:17 RMSE(val)=658.055140
[GA][Iter2] Gen:2 Ind:18 RMSE(val)=629.570154
[GA][Iter2] Gen:2 Ind:19 RMSE(val)=697.062732
[GA][Iter2] Gen:2 Ind:20 RMSE(val)=642.033507
[GA][Iter2] gen=2 best_val_rmse=629.570154
[GA][Iter2] Gen:3 Ind:1 RMSE(val)=629.570154
[GA][Iter2] Gen:3 Ind:2 RMSE(val)=629.570154
[GA][Iter2] Gen:3 Ind:3 RMSE(val)=638.372764
[GA][Iter2] Gen:3 Ind:4 RMSE(val)=642.033507
[GA][Iter2] Gen:3 Ind:5 RMSE(val)=658.055140
[GA][Iter2] Gen:3 Ind:6 RMSE(val)=664.302264
[GA][Iter2] Gen:3 Ind:7 RMSE(val)=664.302264
[GA][Iter2] Gen:3 Ind:8 RMSE(val)=666.200101
[GA][Iter2] Gen:3 Ind:9 RMSE(val)=668.362088
[GA][Iter2] Gen:3 Ind:10 RMSE(val)=679.634501
[GA][Iter2] Gen:3 Ind:11 RMSE(val)=629.570154
[GA][Iter2] Gen:3 Ind:12 RMSE(val)=642.974742
[GA][Iter2] Gen:3 Ind:13 RMSE(val)=658.450339
[GA][Iter2] Gen:3 Ind:14 RMSE(val)=629.539998
[GA][Iter2] Gen:3 Ind:15 RMSE(val)=627.861499
[GA][Iter2] Gen:3 Ind:16 RMSE(val)=630.123314
[GA][Iter2] Gen:3 Ind:17 RMSE(val)=839.769907
[GA][Iter2] Gen:3 Ind:18 RMSE(val)=641.972922
[GA][Iter2] Gen:3 Ind:19 RMSE(val)=668.681730
[GA][Iter2] Gen:3 Ind:20 RMSE(val)=670.839188
[GA][Iter2] gen=3 best_val_rmse=627.861499
[GA][Iter2] Gen:4 Ind:1 RMSE(val)=627.861499
[GA][Iter2] Gen:4 Ind:2 RMSE(val)=629.539998
[GA][Iter2] Gen:4 Ind:3 RMSE(val)=629.570154
[GA][Iter2] Gen:4 Ind:4 RMSE(val)=629.570154
[GA][Iter2] Gen:4 Ind:5 RMSE(val)=629.570154
[GA][Iter2] Gen:4 Ind:6 RMSE(val)=630.123314
[GA][Iter2] Gen:4 Ind:7 RMSE(val)=638.372764
[GA][Iter2] Gen:4 Ind:8 RMSE(val)=641.972922
[GA][Iter2] Gen:4 Ind:9 RMSE(val)=642.033507
[GA][Iter2] Gen:4 Ind:10 RMSE(val)=642.974742
[GA][Iter2] Gen:4 Ind:11 RMSE(val)=661.964638
[GA][Iter2] Gen:4 Ind:12 RMSE(val)=627.861499
[GA][Iter2] Gen:4 Ind:13 RMSE(val)=626.124666
[GA][Iter2] Gen:4 Ind:14 RMSE(val)=630.123314
[GA][Iter2] Gen:4 Ind:15 RMSE(val)=631.062880
[GA][Iter2] Gen:4 Ind:16 RMSE(val)=629.570154
[GA][Iter2] Gen:4 Ind:17 RMSE(val)=629.570154
[GA][Iter2] Gen:4 Ind:18 RMSE(val)=641.087950
[GA][Iter2] Gen:4 Ind:19 RMSE(val)=627.861499
[GA][Iter2] Gen:4 Ind:20 RMSE(val)=627.861499
[GA][Iter2] gen=4 best_val_rmse=626.124666
[GA][Iter2] Gen:5 Ind:1 RMSE(val)=626.124666
[GA][Iter2] Gen:5 Ind:2 RMSE(val)=627.861499
[GA][Iter2] Gen:5 Ind:3 RMSE(val)=627.861499
[GA][Iter2] Gen:5 Ind:4 RMSE(val)=627.861499
[GA][Iter2] Gen:5 Ind:5 RMSE(val)=627.861499
[GA][Iter2] Gen:5 Ind:6 RMSE(val)=629.539998
[GA][Iter2] Gen:5 Ind:7 RMSE(val)=629.570154
[GA][Iter2] Gen:5 Ind:8 RMSE(val)=629.570154
[GA][Iter2] Gen:5 Ind:9 RMSE(val)=629.570154
[GA][Iter2] Gen:5 Ind:10 RMSE(val)=629.570154
[GA][Iter2] Gen:5 Ind:11 RMSE(val)=629.539998
[GA][Iter2] Gen:5 Ind:12 RMSE(val)=627.861499
[GA][Iter2] Gen:5 Ind:13 RMSE(val)=661.964638
[GA][Iter2] Gen:5 Ind:14 RMSE(val)=629.570154
[GA][Iter2] Gen:5 Ind:15 RMSE(val)=642.974742
[GA][Iter2] Gen:5 Ind:16 RMSE(val)=629.570154
[GA][Iter2] Gen:5 Ind:17 RMSE(val)=629.570154
[GA][Iter2] Gen:5 Ind:18 RMSE(val)=629.570154
[GA][Iter2] Gen:5 Ind:19 RMSE(val)=629.570154
[GA][Iter2] Gen:5 Ind:20 RMSE(val)=629.570154
[GA][Iter2] gen=5 best_val_rmse=626.124666
[GA][Iter2] Gen:6 Ind:1 RMSE(val)=626.124666
[GA][Iter2] Gen:6 Ind:2 RMSE(val)=627.861499
[GA][Iter2] Gen:6 Ind:3 RMSE(val)=627.861499
[GA][Iter2] Gen:6 Ind:4 RMSE(val)=627.861499
[GA][Iter2] Gen:6 Ind:5 RMSE(val)=627.861499
[GA][Iter2] Gen:6 Ind:6 RMSE(val)=627.861499
[GA][Iter2] Gen:6 Ind:7 RMSE(val)=629.539998
[GA][Iter2] Gen:6 Ind:8 RMSE(val)=629.539998
[GA][Iter2] Gen:6 Ind:9 RMSE(val)=629.570154
[GA][Iter2] Gen:6 Ind:10 RMSE(val)=629.570154
[GA][Iter2] Gen:6 Ind:11 RMSE(val)=629.570154
[GA][Iter2] Gen:6 Ind:12 RMSE(val)=629.539998
[GA][Iter2] Gen:6 Ind:13 RMSE(val)=627.861499
[GA][Iter2] Gen:6 Ind:14 RMSE(val)=642.974742
[GA][Iter2] Gen:6 Ind:15 RMSE(val)=629.570154
[GA][Iter2] Gen:6 Ind:16 RMSE(val)=626.124666
[GA][Iter2] Gen:6 Ind:17 RMSE(val)=627.861499
[GA][Iter2] Gen:6 Ind:18 RMSE(val)=626.124666
[GA][Iter2] Gen:6 Ind:19 RMSE(val)=627.861499
[GA][Iter2] Gen:6 Ind:20 RMSE(val)=841.743763
[GA][Iter2] gen=6 best_val_rmse=626.124666
[GA][Iter2] Gen:7 Ind:1 RMSE(val)=626.124666
[GA][Iter2] Gen:7 Ind:2 RMSE(val)=626.124666
[GA][Iter2] Gen:7 Ind:3 RMSE(val)=626.124666
[GA][Iter2] Gen:7 Ind:4 RMSE(val)=627.861499
[GA][Iter2] Gen:7 Ind:5 RMSE(val)=627.861499
[GA][Iter2] Gen:7 Ind:6 RMSE(val)=627.861499
[GA][Iter2] Gen:7 Ind:7 RMSE(val)=627.861499
[GA][Iter2] Gen:7 Ind:8 RMSE(val)=627.861499
[GA][Iter2] Gen:7 Ind:9 RMSE(val)=627.861499
[GA][Iter2] Gen:7 Ind:10 RMSE(val)=627.861499
[GA][Iter2] Gen:7 Ind:11 RMSE(val)=647.968793
[GA][Iter2] Gen:7 Ind:12 RMSE(val)=629.570154
[GA][Iter2] Gen:7 Ind:13 RMSE(val)=626.124666
[GA][Iter2] Gen:7 Ind:14 RMSE(val)=627.861499
[GA][Iter2] Gen:7 Ind:15 RMSE(val)=627.861499
[GA][Iter2] Gen:7 Ind:16 RMSE(val)=627.861499
[GA][Iter2] Gen:7 Ind:17 RMSE(val)=627.861499
[GA][Iter2] Gen:7 Ind:18 RMSE(val)=627.861499
[GA][Iter2] Gen:7 Ind:19 RMSE(val)=630.047760
[GA][Iter2] Gen:7 Ind:20 RMSE(val)=627.861499
[GA][Iter2] gen=7 best_val_rmse=626.124666
[GA][Iter2] Gen:8 Ind:1 RMSE(val)=626.124666
[GA][Iter2] Gen:8 Ind:2 RMSE(val)=626.124666
[GA][Iter2] Gen:8 Ind:3 RMSE(val)=626.124666
[GA][Iter2] Gen:8 Ind:4 RMSE(val)=626.124666
[GA][Iter2] Gen:8 Ind:5 RMSE(val)=627.861499
[GA][Iter2] Gen:8 Ind:6 RMSE(val)=627.861499
[GA][Iter2] Gen:8 Ind:7 RMSE(val)=627.861499
[GA][Iter2] Gen:8 Ind:8 RMSE(val)=627.861499
[GA][Iter2] Gen:8 Ind:9 RMSE(val)=627.861499
[GA][Iter2] Gen:8 Ind:10 RMSE(val)=627.861499
[GA][Iter2] Gen:8 Ind:11 RMSE(val)=631.062880
[GA][Iter2] Gen:8 Ind:12 RMSE(val)=627.861499
[GA][Iter2] Gen:8 Ind:13 RMSE(val)=629.570154
[GA][Iter2] Gen:8 Ind:14 RMSE(val)=626.357007
[GA][Iter2] Gen:8 Ind:15 RMSE(val)=627.861499
[GA][Iter2] Gen:8 Ind:16 RMSE(val)=627.614377
[GA][Iter2] Gen:8 Ind:17 RMSE(val)=627.861499
[GA][Iter2] Gen:8 Ind:18 RMSE(val)=688.806674
[GA][Iter2] Gen:8 Ind:19 RMSE(val)=629.570154
[GA][Iter2] Gen:8 Ind:20 RMSE(val)=627.861499
[GA][Iter2] gen=8 best_val_rmse=626.124666
[GA][Iter2] Gen:9 Ind:1 RMSE(val)=626.124666
[GA][Iter2] Gen:9 Ind:2 RMSE(val)=626.124666
[GA][Iter2] Gen:9 Ind:3 RMSE(val)=626.124666
[GA][Iter2] Gen:9 Ind:4 RMSE(val)=626.124666
[GA][Iter2] Gen:9 Ind:5 RMSE(val)=626.357007
[GA][Iter2] Gen:9 Ind:6 RMSE(val)=627.614377
[GA][Iter2] Gen:9 Ind:7 RMSE(val)=627.861499
[GA][Iter2] Gen:9 Ind:8 RMSE(val)=627.861499
[GA][Iter2] Gen:9 Ind:9 RMSE(val)=627.861499
[GA][Iter2] Gen:9 Ind:10 RMSE(val)=627.861499
[GA][Iter2] Gen:9 Ind:11 RMSE(val)=627.861499
[GA][Iter2] Gen:9 Ind:12 RMSE(val)=627.614377
[GA][Iter2] Gen:9 Ind:13 RMSE(val)=624.988008
[GA][Iter2] Gen:9 Ind:14 RMSE(val)=630.047760
[GA][Iter2] Gen:9 Ind:15 RMSE(val)=968.235538
[GA][Iter2] Gen:9 Ind:16 RMSE(val)=630.047760
[GA][Iter2] Gen:9 Ind:17 RMSE(val)=689.199957
[GA][Iter2] Gen:9 Ind:18 RMSE(val)=629.570154
[GA][Iter2] Gen:9 Ind:19 RMSE(val)=638.372764
[GA][Iter2] Gen:9 Ind:20 RMSE(val)=629.570154
[GA][Iter2] gen=9 best_val_rmse=624.988008
[GA][Iter2] Gen:10 Ind:1 RMSE(val)=624.988008
[GA][Iter2] Gen:10 Ind:2 RMSE(val)=626.124666
[GA][Iter2] Gen:10 Ind:3 RMSE(val)=626.124666
[GA][Iter2] Gen:10 Ind:4 RMSE(val)=626.124666
[GA][Iter2] Gen:10 Ind:5 RMSE(val)=626.124666
[GA][Iter2] Gen:10 Ind:6 RMSE(val)=626.357007
[GA][Iter2] Gen:10 Ind:7 RMSE(val)=627.614377
[GA][Iter2] Gen:10 Ind:8 RMSE(val)=627.614377
[GA][Iter2] Gen:10 Ind:9 RMSE(val)=627.861499
[GA][Iter2] Gen:10 Ind:10 RMSE(val)=627.861499
[GA][Iter2] Gen:10 Ind:11 RMSE(val)=626.357007
[GA][Iter2] Gen:10 Ind:12 RMSE(val)=624.988008
[GA][Iter2] Gen:10 Ind:13 RMSE(val)=626.124666
[GA][Iter2] Gen:10 Ind:14 RMSE(val)=629.570154
[GA][Iter2] Gen:10 Ind:15 RMSE(val)=627.614377
[GA][Iter2] Gen:10 Ind:16 RMSE(val)=647.549052
[GA][Iter2] Gen:10 Ind:17 RMSE(val)=626.124666
[GA][Iter2] Gen:10 Ind:18 RMSE(val)=627.861499
[GA][Iter2] Gen:10 Ind:19 RMSE(val)=627.861499
[GA][Iter2] Gen:10 Ind:20 RMSE(val)=626.124666
[GA][Iter2] gen=10 best_val_rmse=624.988008
[GA][Iter2] Gen:11 Ind:1 RMSE(val)=624.988008
[GA][Iter2] Gen:11 Ind:2 RMSE(val)=624.988008
[GA][Iter2] Gen:11 Ind:3 RMSE(val)=626.124666
[GA][Iter2] Gen:11 Ind:4 RMSE(val)=626.124666
[GA][Iter2] Gen:11 Ind:5 RMSE(val)=626.124666
[GA][Iter2] Gen:11 Ind:6 RMSE(val)=626.124666
[GA][Iter2] Gen:11 Ind:7 RMSE(val)=626.124666
[GA][Iter2] Gen:11 Ind:8 RMSE(val)=626.124666
[GA][Iter2] Gen:11 Ind:9 RMSE(val)=626.124666
[GA][Iter2] Gen:11 Ind:10 RMSE(val)=626.357007
[GA][Iter2] Gen:11 Ind:11 RMSE(val)=626.124666
[GA][Iter2] Gen:11 Ind:12 RMSE(val)=626.124666
[GA][Iter2] Gen:11 Ind:13 RMSE(val)=626.124666
[GA][Iter2] Gen:11 Ind:14 RMSE(val)=626.124666
[GA][Iter2] Gen:11 Ind:15 RMSE(val)=625.599773
[GA][Iter2] Gen:11 Ind:16 RMSE(val)=626.124666
[GA][Iter2] Gen:11 Ind:17 RMSE(val)=626.124666
[GA][Iter2] Gen:11 Ind:18 RMSE(val)=626.124666
[GA][Iter2] Gen:11 Ind:19 RMSE(val)=624.988008
[GA][Iter2] Gen:11 Ind:20 RMSE(val)=629.354342
[GA][Iter2] gen=11 best_val_rmse=624.988008
[GA][Iter2] Gen:12 Ind:1 RMSE(val)=624.988008
[GA][Iter2] Gen:12 Ind:2 RMSE(val)=624.988008
[GA][Iter2] Gen:12 Ind:3 RMSE(val)=624.988008
[GA][Iter2] Gen:12 Ind:4 RMSE(val)=625.599773
[GA][Iter2] Gen:12 Ind:5 RMSE(val)=626.124666
[GA][Iter2] Gen:12 Ind:6 RMSE(val)=626.124666
[GA][Iter2] Gen:12 Ind:7 RMSE(val)=626.124666
[GA][Iter2] Gen:12 Ind:8 RMSE(val)=626.124666
[GA][Iter2] Gen:12 Ind:9 RMSE(val)=626.124666
[GA][Iter2] Gen:12 Ind:10 RMSE(val)=626.124666
[GA][Iter2] Gen:12 Ind:11 RMSE(val)=624.988008
[GA][Iter2] Gen:12 Ind:12 RMSE(val)=627.416636
[GA][Iter2] Gen:12 Ind:13 RMSE(val)=624.988008
[GA][Iter2] Gen:12 Ind:14 RMSE(val)=626.124666
[GA][Iter2] Gen:12 Ind:15 RMSE(val)=624.988008
[GA][Iter2] Gen:12 Ind:16 RMSE(val)=626.124666
[GA][Iter2] Gen:12 Ind:17 RMSE(val)=627.614377
[GA][Iter2] Gen:12 Ind:18 RMSE(val)=624.988008
[GA][Iter2] Gen:12 Ind:19 RMSE(val)=624.988008
[GA][Iter2] Gen:12 Ind:20 RMSE(val)=625.915871
[GA][Iter2] gen=12 best_val_rmse=624.988008
[GA][Iter2] Gen:13 Ind:1 RMSE(val)=624.988008
[GA][Iter2] Gen:13 Ind:2 RMSE(val)=624.988008
[GA][Iter2] Gen:13 Ind:3 RMSE(val)=624.988008
[GA][Iter2] Gen:13 Ind:4 RMSE(val)=624.988008
[GA][Iter2] Gen:13 Ind:5 RMSE(val)=624.988008
[GA][Iter2] Gen:13 Ind:6 RMSE(val)=624.988008
[GA][Iter2] Gen:13 Ind:7 RMSE(val)=624.988008
[GA][Iter2] Gen:13 Ind:8 RMSE(val)=624.988008
[GA][Iter2] Gen:13 Ind:9 RMSE(val)=625.599773
[GA][Iter2] Gen:13 Ind:10 RMSE(val)=625.915871
[GA][Iter2] Gen:13 Ind:11 RMSE(val)=625.599773
[GA][Iter2] Gen:13 Ind:12 RMSE(val)=624.988008
[GA][Iter2] Gen:13 Ind:13 RMSE(val)=624.988008
[GA][Iter2] Gen:13 Ind:14 RMSE(val)=624.988008
[GA][Iter2] Gen:13 Ind:15 RMSE(val)=625.915871
[GA][Iter2] Gen:13 Ind:16 RMSE(val)=627.416636
[GA][Iter2] Gen:13 Ind:17 RMSE(val)=624.988008
[GA][Iter2] Gen:13 Ind:18 RMSE(val)=624.988008
[GA][Iter2] Gen:13 Ind:19 RMSE(val)=624.988008
[GA][Iter2] Gen:13 Ind:20 RMSE(val)=626.378294
[GA][Iter2] gen=13 best_val_rmse=624.988008
[GA][Iter2] Gen:14 Ind:1 RMSE(val)=624.988008
[GA][Iter2] Gen:14 Ind:2 RMSE(val)=624.988008
[GA][Iter2] Gen:14 Ind:3 RMSE(val)=624.988008
[GA][Iter2] Gen:14 Ind:4 RMSE(val)=624.988008
[GA][Iter2] Gen:14 Ind:5 RMSE(val)=624.988008
[GA][Iter2] Gen:14 Ind:6 RMSE(val)=624.988008
[GA][Iter2] Gen:14 Ind:7 RMSE(val)=624.988008
[GA][Iter2] Gen:14 Ind:8 RMSE(val)=624.988008
[GA][Iter2] Gen:14 Ind:9 RMSE(val)=624.988008
[GA][Iter2] Gen:14 Ind:10 RMSE(val)=624.988008
[GA][Iter2] Gen:14 Ind:11 RMSE(val)=624.988008
[GA][Iter2] Gen:14 Ind:12 RMSE(val)=628.034246
[GA][Iter2] Gen:14 Ind:13 RMSE(val)=624.988008
[GA][Iter2] Gen:14 Ind:14 RMSE(val)=625.922113
[GA][Iter2] Gen:14 Ind:15 RMSE(val)=624.988008
[GA][Iter2] Gen:14 Ind:16 RMSE(val)=624.988008
[GA][Iter2] Gen:14 Ind:17 RMSE(val)=624.988008
[GA][Iter2] Gen:14 Ind:18 RMSE(val)=624.988008
[GA][Iter2] Gen:14 Ind:19 RMSE(val)=681.441172
[GA][Iter2] Gen:14 Ind:20 RMSE(val)=624.988008
[GA][Iter2] gen=14 best_val_rmse=624.988008
[GA][Iter2] Gen:15 Ind:1 RMSE(val)=624.988008
[GA][Iter2] Gen:15 Ind:2 RMSE(val)=624.988008
[GA][Iter2] Gen:15 Ind:3 RMSE(val)=624.988008
[GA][Iter2] Gen:15 Ind:4 RMSE(val)=624.988008
[GA][Iter2] Gen:15 Ind:5 RMSE(val)=624.988008
[GA][Iter2] Gen:15 Ind:6 RMSE(val)=624.988008
[GA][Iter2] Gen:15 Ind:7 RMSE(val)=624.988008
[GA][Iter2] Gen:15 Ind:8 RMSE(val)=624.988008
[GA][Iter2] Gen:15 Ind:9 RMSE(val)=624.988008
[GA][Iter2] Gen:15 Ind:10 RMSE(val)=624.988008
[GA][Iter2] Gen:15 Ind:11 RMSE(val)=624.988008
[GA][Iter2] Gen:15 Ind:12 RMSE(val)=624.988008
[GA][Iter2] Gen:15 Ind:13 RMSE(val)=626.159447
[GA][Iter2] Gen:15 Ind:14 RMSE(val)=627.416636
[GA][Iter2] Gen:15 Ind:15 RMSE(val)=624.988008
[GA][Iter2] Gen:15 Ind:16 RMSE(val)=624.988008
[GA][Iter2] Gen:15 Ind:17 RMSE(val)=624.988008
[GA][Iter2] Gen:15 Ind:18 RMSE(val)=624.988008
[GA][Iter2] Gen:15 Ind:19 RMSE(val)=634.762934
[GA][Iter2] Gen:15 Ind:20 RMSE(val)=624.988008
[GA][Iter2] gen=15 best_val_rmse=624.988008
[GA][Iter2] Gen:15 Ind:1 RMSE(val)=624.988008
[GA][Iter2] Gen:15 Ind:2 RMSE(val)=624.988008
[GA][Iter2] Gen:15 Ind:3 RMSE(val)=624.988008
[GA][Iter2] Gen:15 Ind:4 RMSE(val)=624.988008
[GA][Iter2] Gen:15 Ind:5 RMSE(val)=624.988008
[GA][Iter2] Gen:15 Ind:6 RMSE(val)=624.988008
[GA][Iter2] Gen:15 Ind:7 RMSE(val)=624.988008
[GA][Iter2] Gen:15 Ind:8 RMSE(val)=624.988008
[GA][Iter2] Gen:15 Ind:9 RMSE(val)=624.988008
[GA][Iter2] Gen:15 Ind:10 RMSE(val)=624.988008
[GA][Iter2] Gen:15 Ind:11 RMSE(val)=624.988008
[GA][Iter2] Gen:15 Ind:12 RMSE(val)=624.988008
[GA][Iter2] Gen:15 Ind:13 RMSE(val)=624.988008
[GA][Iter2] Gen:15 Ind:14 RMSE(val)=624.988008
[GA][Iter2] Gen:15 Ind:15 RMSE(val)=627.416636
[GA][Iter2] Gen:15 Ind:16 RMSE(val)=624.988008
[GA][Iter2] Gen:15 Ind:17 RMSE(val)=624.988008
[GA][Iter2] Gen:15 Ind:18 RMSE(val)=627.222370
[GA][Iter2] Gen:15 Ind:19 RMSE(val)=625.527751
[GA][Iter2] Gen:15 Ind:20 RMSE(val)=624.988008

[GA DONE][Iter2] Best params on val fold of Iter2
Best val RMSE: 624.988008
Best params: {'n_estimators': 928, 'max_depth': 12, 'min_samples_split': 10, 'min_samples_leaf': 2, 'max_features': 'sqrt', 'bootstrap': False}
--------------------------------------------------------------------------------
[RETUNE GA] Iter2: train folds 1..6 -> test fold 7  RMSE=858.629912  NRMSE=0.731543  CVRMSE=0.344496  R2=0.455289
[GA][Iter3] Gen:1 Ind:1 RMSE(val)=957.574599
[GA][Iter3] Gen:1 Ind:2 RMSE(val)=952.520579
[GA][Iter3] Gen:1 Ind:3 RMSE(val)=854.685237
[GA][Iter3] Gen:1 Ind:4 RMSE(val)=873.602562
[GA][Iter3] Gen:1 Ind:5 RMSE(val)=1044.843463
[GA][Iter3] Gen:1 Ind:6 RMSE(val)=911.947206
[GA][Iter3] Gen:1 Ind:7 RMSE(val)=895.440342
[GA][Iter3] Gen:1 Ind:8 RMSE(val)=925.182133
[GA][Iter3] Gen:1 Ind:9 RMSE(val)=935.126934
[GA][Iter3] Gen:1 Ind:10 RMSE(val)=891.603422
[GA][Iter3] Gen:1 Ind:11 RMSE(val)=870.415226
[GA][Iter3] Gen:1 Ind:12 RMSE(val)=943.281366
[GA][Iter3] Gen:1 Ind:13 RMSE(val)=894.545982
[GA][Iter3] Gen:1 Ind:14 RMSE(val)=909.676454
[GA][Iter3] Gen:1 Ind:15 RMSE(val)=857.495617
[GA][Iter3] Gen:1 Ind:16 RMSE(val)=877.979048
[GA][Iter3] Gen:1 Ind:17 RMSE(val)=912.105445
[GA][Iter3] Gen:1 Ind:18 RMSE(val)=856.728069
[GA][Iter3] Gen:1 Ind:19 RMSE(val)=892.909121
[GA][Iter3] Gen:1 Ind:20 RMSE(val)=903.841972
[GA][Iter3] gen=1 best_val_rmse=854.685237
[GA][Iter3] Gen:2 Ind:1 RMSE(val)=854.685237
[GA][Iter3] Gen:2 Ind:2 RMSE(val)=856.728069
[GA][Iter3] Gen:2 Ind:3 RMSE(val)=857.495617
[GA][Iter3] Gen:2 Ind:4 RMSE(val)=870.415226
[GA][Iter3] Gen:2 Ind:5 RMSE(val)=873.602562
[GA][Iter3] Gen:2 Ind:6 RMSE(val)=877.979048
[GA][Iter3] Gen:2 Ind:7 RMSE(val)=891.603422
[GA][Iter3] Gen:2 Ind:8 RMSE(val)=892.909121
[GA][Iter3] Gen:2 Ind:9 RMSE(val)=894.545982
[GA][Iter3] Gen:2 Ind:10 RMSE(val)=895.440342
[GA][Iter3] Gen:2 Ind:11 RMSE(val)=919.569076
[GA][Iter3] Gen:2 Ind:12 RMSE(val)=862.135395
[GA][Iter3] Gen:2 Ind:13 RMSE(val)=883.166684
[GA][Iter3] Gen:2 Ind:14 RMSE(val)=837.847143
[GA][Iter3] Gen:2 Ind:15 RMSE(val)=862.863273
[GA][Iter3] Gen:2 Ind:16 RMSE(val)=870.415226
[GA][Iter3] Gen:2 Ind:17 RMSE(val)=908.179367
[GA][Iter3] Gen:2 Ind:18 RMSE(val)=837.332334
[GA][Iter3] Gen:2 Ind:19 RMSE(val)=921.444594
[GA][Iter3] Gen:2 Ind:20 RMSE(val)=960.962915
[GA][Iter3] gen=2 best_val_rmse=837.332334
[GA][Iter3] Gen:3 Ind:1 RMSE(val)=837.332334
[GA][Iter3] Gen:3 Ind:2 RMSE(val)=837.847143
[GA][Iter3] Gen:3 Ind:3 RMSE(val)=854.685237
[GA][Iter3] Gen:3 Ind:4 RMSE(val)=856.728069
[GA][Iter3] Gen:3 Ind:5 RMSE(val)=857.495617
[GA][Iter3] Gen:3 Ind:6 RMSE(val)=862.135395
[GA][Iter3] Gen:3 Ind:7 RMSE(val)=862.863273
[GA][Iter3] Gen:3 Ind:8 RMSE(val)=870.415226
[GA][Iter3] Gen:3 Ind:9 RMSE(val)=870.415226
[GA][Iter3] Gen:3 Ind:10 RMSE(val)=873.602562
[GA][Iter3] Gen:3 Ind:11 RMSE(val)=860.631330
[GA][Iter3] Gen:3 Ind:12 RMSE(val)=856.629737
[GA][Iter3] Gen:3 Ind:13 RMSE(val)=857.988332
[GA][Iter3] Gen:3 Ind:14 RMSE(val)=921.444594
[GA][Iter3] Gen:3 Ind:15 RMSE(val)=837.847143
[GA][Iter3] Gen:3 Ind:16 RMSE(val)=835.813949
[GA][Iter3] Gen:3 Ind:17 RMSE(val)=856.886567
[GA][Iter3] Gen:3 Ind:18 RMSE(val)=837.847143
[GA][Iter3] Gen:3 Ind:19 RMSE(val)=923.813521
[GA][Iter3] Gen:3 Ind:20 RMSE(val)=923.813521
[GA][Iter3] gen=3 best_val_rmse=835.813949
[GA][Iter3] Gen:4 Ind:1 RMSE(val)=835.813949
[GA][Iter3] Gen:4 Ind:2 RMSE(val)=837.332334
[GA][Iter3] Gen:4 Ind:3 RMSE(val)=837.847143
[GA][Iter3] Gen:4 Ind:4 RMSE(val)=837.847143
[GA][Iter3] Gen:4 Ind:5 RMSE(val)=837.847143
[GA][Iter3] Gen:4 Ind:6 RMSE(val)=854.685237
[GA][Iter3] Gen:4 Ind:7 RMSE(val)=856.629737
[GA][Iter3] Gen:4 Ind:8 RMSE(val)=856.728069
[GA][Iter3] Gen:4 Ind:9 RMSE(val)=856.886567
[GA][Iter3] Gen:4 Ind:10 RMSE(val)=857.495617
[GA][Iter3] Gen:4 Ind:11 RMSE(val)=840.451904
[GA][Iter3] Gen:4 Ind:12 RMSE(val)=851.556761
[GA][Iter3] Gen:4 Ind:13 RMSE(val)=872.670816
[GA][Iter3] Gen:4 Ind:14 RMSE(val)=854.685237
[GA][Iter3] Gen:4 Ind:15 RMSE(val)=865.373323
[GA][Iter3] Gen:4 Ind:16 RMSE(val)=837.847143
[GA][Iter3] Gen:4 Ind:17 RMSE(val)=837.847143
[GA][Iter3] Gen:4 Ind:18 RMSE(val)=854.145858
[GA][Iter3] Gen:4 Ind:19 RMSE(val)=837.847143
[GA][Iter3] Gen:4 Ind:20 RMSE(val)=839.696359
[GA][Iter3] gen=4 best_val_rmse=835.813949
[GA][Iter3] Gen:5 Ind:1 RMSE(val)=835.813949
[GA][Iter3] Gen:5 Ind:2 RMSE(val)=837.332334
[GA][Iter3] Gen:5 Ind:3 RMSE(val)=837.847143
[GA][Iter3] Gen:5 Ind:4 RMSE(val)=837.847143
[GA][Iter3] Gen:5 Ind:5 RMSE(val)=837.847143
[GA][Iter3] Gen:5 Ind:6 RMSE(val)=837.847143
[GA][Iter3] Gen:5 Ind:7 RMSE(val)=837.847143
[GA][Iter3] Gen:5 Ind:8 RMSE(val)=837.847143
[GA][Iter3] Gen:5 Ind:9 RMSE(val)=839.696359
[GA][Iter3] Gen:5 Ind:10 RMSE(val)=840.451904
[GA][Iter3] Gen:5 Ind:11 RMSE(val)=837.847143
[GA][Iter3] Gen:5 Ind:12 RMSE(val)=837.847143
[GA][Iter3] Gen:5 Ind:13 RMSE(val)=843.157008
[GA][Iter3] Gen:5 Ind:14 RMSE(val)=837.847143
[GA][Iter3] Gen:5 Ind:15 RMSE(val)=837.332334
[GA][Iter3] Gen:5 Ind:16 RMSE(val)=837.847143
[GA][Iter3] Gen:5 Ind:17 RMSE(val)=837.606309
[GA][Iter3] Gen:5 Ind:18 RMSE(val)=840.451904
[GA][Iter3] Gen:5 Ind:19 RMSE(val)=837.847143
[GA][Iter3] Gen:5 Ind:20 RMSE(val)=837.847143
[GA][Iter3] gen=5 best_val_rmse=835.813949
[GA][Iter3] Gen:6 Ind:1 RMSE(val)=835.813949
[GA][Iter3] Gen:6 Ind:2 RMSE(val)=837.332334
[GA][Iter3] Gen:6 Ind:3 RMSE(val)=837.332334
[GA][Iter3] Gen:6 Ind:4 RMSE(val)=837.606309
[GA][Iter3] Gen:6 Ind:5 RMSE(val)=837.847143
[GA][Iter3] Gen:6 Ind:6 RMSE(val)=837.847143
[GA][Iter3] Gen:6 Ind:7 RMSE(val)=837.847143
[GA][Iter3] Gen:6 Ind:8 RMSE(val)=837.847143
[GA][Iter3] Gen:6 Ind:9 RMSE(val)=837.847143
[GA][Iter3] Gen:6 Ind:10 RMSE(val)=837.847143
[GA][Iter3] Gen:6 Ind:11 RMSE(val)=841.694333
[GA][Iter3] Gen:6 Ind:12 RMSE(val)=837.606309
[GA][Iter3] Gen:6 Ind:13 RMSE(val)=837.847143
[GA][Iter3] Gen:6 Ind:14 RMSE(val)=846.511870
[GA][Iter3] Gen:6 Ind:15 RMSE(val)=837.847143
[GA][Iter3] Gen:6 Ind:16 RMSE(val)=837.847143
[GA][Iter3] Gen:6 Ind:17 RMSE(val)=840.390334
[GA][Iter3] Gen:6 Ind:18 RMSE(val)=835.813949
[GA][Iter3] Gen:6 Ind:19 RMSE(val)=837.847143
[GA][Iter3] Gen:6 Ind:20 RMSE(val)=837.332334
[GA][Iter3] gen=6 best_val_rmse=835.813949
[GA][Iter3] Gen:7 Ind:1 RMSE(val)=835.813949
[GA][Iter3] Gen:7 Ind:2 RMSE(val)=835.813949
[GA][Iter3] Gen:7 Ind:3 RMSE(val)=837.332334
[GA][Iter3] Gen:7 Ind:4 RMSE(val)=837.332334
[GA][Iter3] Gen:7 Ind:5 RMSE(val)=837.332334
[GA][Iter3] Gen:7 Ind:6 RMSE(val)=837.606309
[GA][Iter3] Gen:7 Ind:7 RMSE(val)=837.606309
[GA][Iter3] Gen:7 Ind:8 RMSE(val)=837.847143
[GA][Iter3] Gen:7 Ind:9 RMSE(val)=837.847143
[GA][Iter3] Gen:7 Ind:10 RMSE(val)=837.847143
[GA][Iter3] Gen:7 Ind:11 RMSE(val)=934.914882
[GA][Iter3] Gen:7 Ind:12 RMSE(val)=835.813949
[GA][Iter3] Gen:7 Ind:13 RMSE(val)=838.038729
[GA][Iter3] Gen:7 Ind:14 RMSE(val)=837.606309
[GA][Iter3] Gen:7 Ind:15 RMSE(val)=837.606309
[GA][Iter3] Gen:7 Ind:16 RMSE(val)=837.847143
[GA][Iter3] Gen:7 Ind:17 RMSE(val)=837.847143
[GA][Iter3] Gen:7 Ind:18 RMSE(val)=841.694333
[GA][Iter3] Gen:7 Ind:19 RMSE(val)=840.390334
[GA][Iter3] Gen:7 Ind:20 RMSE(val)=837.332334
[GA][Iter3] gen=7 best_val_rmse=835.813949
[GA][Iter3] Gen:8 Ind:1 RMSE(val)=835.813949
[GA][Iter3] Gen:8 Ind:2 RMSE(val)=835.813949
[GA][Iter3] Gen:8 Ind:3 RMSE(val)=835.813949
[GA][Iter3] Gen:8 Ind:4 RMSE(val)=837.332334
[GA][Iter3] Gen:8 Ind:5 RMSE(val)=837.332334
[GA][Iter3] Gen:8 Ind:6 RMSE(val)=837.332334
[GA][Iter3] Gen:8 Ind:7 RMSE(val)=837.332334
[GA][Iter3] Gen:8 Ind:8 RMSE(val)=837.606309
[GA][Iter3] Gen:8 Ind:9 RMSE(val)=837.606309
[GA][Iter3] Gen:8 Ind:10 RMSE(val)=837.606309
[GA][Iter3] Gen:8 Ind:11 RMSE(val)=846.513904
[GA][Iter3] Gen:8 Ind:12 RMSE(val)=835.813949
[GA][Iter3] Gen:8 Ind:13 RMSE(val)=837.332334
[GA][Iter3] Gen:8 Ind:14 RMSE(val)=833.761468
[GA][Iter3] Gen:8 Ind:15 RMSE(val)=837.606309
[GA][Iter3] Gen:8 Ind:16 RMSE(val)=837.332334
[GA][Iter3] Gen:8 Ind:17 RMSE(val)=837.606309
[GA][Iter3] Gen:8 Ind:18 RMSE(val)=923.813521
[GA][Iter3] Gen:8 Ind:19 RMSE(val)=837.332334
[GA][Iter3] Gen:8 Ind:20 RMSE(val)=837.606309
[GA][Iter3] gen=8 best_val_rmse=833.761468
[GA][Iter3] Gen:9 Ind:1 RMSE(val)=833.761468
[GA][Iter3] Gen:9 Ind:2 RMSE(val)=835.813949
[GA][Iter3] Gen:9 Ind:3 RMSE(val)=835.813949
[GA][Iter3] Gen:9 Ind:4 RMSE(val)=835.813949
[GA][Iter3] Gen:9 Ind:5 RMSE(val)=835.813949
[GA][Iter3] Gen:9 Ind:6 RMSE(val)=837.332334
[GA][Iter3] Gen:9 Ind:7 RMSE(val)=837.332334
[GA][Iter3] Gen:9 Ind:8 RMSE(val)=837.332334
[GA][Iter3] Gen:9 Ind:9 RMSE(val)=837.332334
[GA][Iter3] Gen:9 Ind:10 RMSE(val)=837.332334
[GA][Iter3] Gen:9 Ind:11 RMSE(val)=837.332334
[GA][Iter3] Gen:9 Ind:12 RMSE(val)=835.091893
[GA][Iter3] Gen:9 Ind:13 RMSE(val)=837.270899
[GA][Iter3] Gen:9 Ind:14 RMSE(val)=835.813949
[GA][Iter3] Gen:9 Ind:15 RMSE(val)=835.813949
[GA][Iter3] Gen:9 Ind:16 RMSE(val)=835.813949
[GA][Iter3] Gen:9 Ind:17 RMSE(val)=921.444594
[GA][Iter3] Gen:9 Ind:18 RMSE(val)=837.332334
[GA][Iter3] Gen:9 Ind:19 RMSE(val)=846.513904
[GA][Iter3] Gen:9 Ind:20 RMSE(val)=837.332334
[GA][Iter3] gen=9 best_val_rmse=833.761468
[GA][Iter3] Gen:10 Ind:1 RMSE(val)=833.761468
[GA][Iter3] Gen:10 Ind:2 RMSE(val)=835.091893
[GA][Iter3] Gen:10 Ind:3 RMSE(val)=835.813949
[GA][Iter3] Gen:10 Ind:4 RMSE(val)=835.813949
[GA][Iter3] Gen:10 Ind:5 RMSE(val)=835.813949
[GA][Iter3] Gen:10 Ind:6 RMSE(val)=835.813949
[GA][Iter3] Gen:10 Ind:7 RMSE(val)=835.813949
[GA][Iter3] Gen:10 Ind:8 RMSE(val)=835.813949
[GA][Iter3] Gen:10 Ind:9 RMSE(val)=835.813949
[GA][Iter3] Gen:10 Ind:10 RMSE(val)=837.270899
[GA][Iter3] Gen:10 Ind:11 RMSE(val)=837.606309
[GA][Iter3] Gen:10 Ind:12 RMSE(val)=833.761468
[GA][Iter3] Gen:10 Ind:13 RMSE(val)=835.091893
[GA][Iter3] Gen:10 Ind:14 RMSE(val)=835.813949
[GA][Iter3] Gen:10 Ind:15 RMSE(val)=913.143259
[GA][Iter3] Gen:10 Ind:16 RMSE(val)=840.362985
[GA][Iter3] Gen:10 Ind:17 RMSE(val)=833.761468
[GA][Iter3] Gen:10 Ind:18 RMSE(val)=837.270899
[GA][Iter3] Gen:10 Ind:19 RMSE(val)=837.270899
[GA][Iter3] Gen:10 Ind:20 RMSE(val)=835.813949
[GA][Iter3] gen=10 best_val_rmse=833.761468
[GA][Iter3] Gen:11 Ind:1 RMSE(val)=833.761468
[GA][Iter3] Gen:11 Ind:2 RMSE(val)=833.761468
[GA][Iter3] Gen:11 Ind:3 RMSE(val)=833.761468
[GA][Iter3] Gen:11 Ind:4 RMSE(val)=835.091893
[GA][Iter3] Gen:11 Ind:5 RMSE(val)=835.091893
[GA][Iter3] Gen:11 Ind:6 RMSE(val)=835.813949
[GA][Iter3] Gen:11 Ind:7 RMSE(val)=835.813949
[GA][Iter3] Gen:11 Ind:8 RMSE(val)=835.813949
[GA][Iter3] Gen:11 Ind:9 RMSE(val)=835.813949
[GA][Iter3] Gen:11 Ind:10 RMSE(val)=835.813949
[GA][Iter3] Gen:11 Ind:11 RMSE(val)=833.761468
[GA][Iter3] Gen:11 Ind:12 RMSE(val)=835.091893
[GA][Iter3] Gen:11 Ind:13 RMSE(val)=835.813949
[GA][Iter3] Gen:11 Ind:14 RMSE(val)=835.813949
[GA][Iter3] Gen:11 Ind:15 RMSE(val)=832.316862
[GA][Iter3] Gen:11 Ind:16 RMSE(val)=835.813949
[GA][Iter3] Gen:11 Ind:17 RMSE(val)=833.761468
[GA][Iter3] Gen:11 Ind:18 RMSE(val)=833.761468
[GA][Iter3] Gen:11 Ind:19 RMSE(val)=833.761468
[GA][Iter3] Gen:11 Ind:20 RMSE(val)=835.821667
[GA][Iter3] gen=11 best_val_rmse=832.316862
[GA][Iter3] Gen:12 Ind:1 RMSE(val)=832.316862
[GA][Iter3] Gen:12 Ind:2 RMSE(val)=833.761468
[GA][Iter3] Gen:12 Ind:3 RMSE(val)=833.761468
[GA][Iter3] Gen:12 Ind:4 RMSE(val)=833.761468
[GA][Iter3] Gen:12 Ind:5 RMSE(val)=833.761468
[GA][Iter3] Gen:12 Ind:6 RMSE(val)=833.761468
[GA][Iter3] Gen:12 Ind:7 RMSE(val)=833.761468
[GA][Iter3] Gen:12 Ind:8 RMSE(val)=833.761468
[GA][Iter3] Gen:12 Ind:9 RMSE(val)=835.091893
[GA][Iter3] Gen:12 Ind:10 RMSE(val)=835.091893
[GA][Iter3] Gen:12 Ind:11 RMSE(val)=833.761468
[GA][Iter3] Gen:12 Ind:12 RMSE(val)=855.665270
[GA][Iter3] Gen:12 Ind:13 RMSE(val)=833.761468
[GA][Iter3] Gen:12 Ind:14 RMSE(val)=835.091893
[GA][Iter3] Gen:12 Ind:15 RMSE(val)=833.761468
[GA][Iter3] Gen:12 Ind:16 RMSE(val)=835.091893
[GA][Iter3] Gen:12 Ind:17 RMSE(val)=833.761468
[GA][Iter3] Gen:12 Ind:18 RMSE(val)=833.761468
[GA][Iter3] Gen:12 Ind:19 RMSE(val)=835.091893
[GA][Iter3] Gen:12 Ind:20 RMSE(val)=829.716774
[GA][Iter3] gen=12 best_val_rmse=829.716774
[GA][Iter3] Gen:13 Ind:1 RMSE(val)=829.716774
[GA][Iter3] Gen:13 Ind:2 RMSE(val)=832.316862
[GA][Iter3] Gen:13 Ind:3 RMSE(val)=833.761468
[GA][Iter3] Gen:13 Ind:4 RMSE(val)=833.761468
[GA][Iter3] Gen:13 Ind:5 RMSE(val)=833.761468
[GA][Iter3] Gen:13 Ind:6 RMSE(val)=833.761468
[GA][Iter3] Gen:13 Ind:7 RMSE(val)=833.761468
[GA][Iter3] Gen:13 Ind:8 RMSE(val)=833.761468
[GA][Iter3] Gen:13 Ind:9 RMSE(val)=833.761468
[GA][Iter3] Gen:13 Ind:10 RMSE(val)=833.761468
[GA][Iter3] Gen:13 Ind:11 RMSE(val)=833.761468
[GA][Iter3] Gen:13 Ind:12 RMSE(val)=826.584959
[GA][Iter3] Gen:13 Ind:13 RMSE(val)=910.960668
[GA][Iter3] Gen:13 Ind:14 RMSE(val)=833.761468
[GA][Iter3] Gen:13 Ind:15 RMSE(val)=833.761468
[GA][Iter3] Gen:13 Ind:16 RMSE(val)=844.130106
[GA][Iter3] Gen:13 Ind:17 RMSE(val)=829.716774
[GA][Iter3] Gen:13 Ind:18 RMSE(val)=833.761468
[GA][Iter3] Gen:13 Ind:19 RMSE(val)=826.584959
[GA][Iter3] Gen:13 Ind:20 RMSE(val)=825.234093
[GA][Iter3] gen=13 best_val_rmse=825.234093
[GA][Iter3] Gen:14 Ind:1 RMSE(val)=825.234093
[GA][Iter3] Gen:14 Ind:2 RMSE(val)=826.584959
[GA][Iter3] Gen:14 Ind:3 RMSE(val)=826.584959
[GA][Iter3] Gen:14 Ind:4 RMSE(val)=829.716774
[GA][Iter3] Gen:14 Ind:5 RMSE(val)=829.716774
[GA][Iter3] Gen:14 Ind:6 RMSE(val)=832.316862
[GA][Iter3] Gen:14 Ind:7 RMSE(val)=833.761468
[GA][Iter3] Gen:14 Ind:8 RMSE(val)=833.761468
[GA][Iter3] Gen:14 Ind:9 RMSE(val)=833.761468
[GA][Iter3] Gen:14 Ind:10 RMSE(val)=833.761468
[GA][Iter3] Gen:14 Ind:11 RMSE(val)=833.761468
[GA][Iter3] Gen:14 Ind:12 RMSE(val)=833.761468
[GA][Iter3] Gen:14 Ind:13 RMSE(val)=833.761468
[GA][Iter3] Gen:14 Ind:14 RMSE(val)=826.281719
[GA][Iter3] Gen:14 Ind:15 RMSE(val)=833.761468
[GA][Iter3] Gen:14 Ind:16 RMSE(val)=833.761468
[GA][Iter3] Gen:14 Ind:17 RMSE(val)=832.316862
[GA][Iter3] Gen:14 Ind:18 RMSE(val)=833.761468
[GA][Iter3] Gen:14 Ind:19 RMSE(val)=911.489100
[GA][Iter3] Gen:14 Ind:20 RMSE(val)=835.091893
[GA][Iter3] gen=14 best_val_rmse=825.234093
[GA][Iter3] Gen:15 Ind:1 RMSE(val)=825.234093
[GA][Iter3] Gen:15 Ind:2 RMSE(val)=826.281719
[GA][Iter3] Gen:15 Ind:3 RMSE(val)=826.584959
[GA][Iter3] Gen:15 Ind:4 RMSE(val)=826.584959
[GA][Iter3] Gen:15 Ind:5 RMSE(val)=829.716774
[GA][Iter3] Gen:15 Ind:6 RMSE(val)=829.716774
[GA][Iter3] Gen:15 Ind:7 RMSE(val)=832.316862
[GA][Iter3] Gen:15 Ind:8 RMSE(val)=832.316862
[GA][Iter3] Gen:15 Ind:9 RMSE(val)=833.761468
[GA][Iter3] Gen:15 Ind:10 RMSE(val)=833.761468
[GA][Iter3] Gen:15 Ind:11 RMSE(val)=829.716774
[GA][Iter3] Gen:15 Ind:12 RMSE(val)=826.584959
[GA][Iter3] Gen:15 Ind:13 RMSE(val)=827.854517
[GA][Iter3] Gen:15 Ind:14 RMSE(val)=835.091893
[GA][Iter3] Gen:15 Ind:15 RMSE(val)=833.761468
[GA][Iter3] Gen:15 Ind:16 RMSE(val)=830.257948
[GA][Iter3] Gen:15 Ind:17 RMSE(val)=829.716774
[GA][Iter3] Gen:15 Ind:18 RMSE(val)=917.768393
[GA][Iter3] Gen:15 Ind:19 RMSE(val)=826.281719
[GA][Iter3] Gen:15 Ind:20 RMSE(val)=837.742607
[GA][Iter3] gen=15 best_val_rmse=825.234093
[GA][Iter3] Gen:15 Ind:1 RMSE(val)=825.234093
[GA][Iter3] Gen:15 Ind:2 RMSE(val)=826.281719
[GA][Iter3] Gen:15 Ind:3 RMSE(val)=826.281719
[GA][Iter3] Gen:15 Ind:4 RMSE(val)=826.584959
[GA][Iter3] Gen:15 Ind:5 RMSE(val)=826.584959
[GA][Iter3] Gen:15 Ind:6 RMSE(val)=826.584959
[GA][Iter3] Gen:15 Ind:7 RMSE(val)=827.854517
[GA][Iter3] Gen:15 Ind:8 RMSE(val)=829.716774
[GA][Iter3] Gen:15 Ind:9 RMSE(val)=829.716774
[GA][Iter3] Gen:15 Ind:10 RMSE(val)=829.716774
[GA][Iter3] Gen:15 Ind:11 RMSE(val)=826.584959
[GA][Iter3] Gen:15 Ind:12 RMSE(val)=825.234093
[GA][Iter3] Gen:15 Ind:13 RMSE(val)=826.584959
[GA][Iter3] Gen:15 Ind:14 RMSE(val)=837.742607
[GA][Iter3] Gen:15 Ind:15 RMSE(val)=841.987274
[GA][Iter3] Gen:15 Ind:16 RMSE(val)=827.854517
[GA][Iter3] Gen:15 Ind:17 RMSE(val)=826.584959
[GA][Iter3] Gen:15 Ind:18 RMSE(val)=826.281719
[GA][Iter3] Gen:15 Ind:19 RMSE(val)=832.735010
[GA][Iter3] Gen:15 Ind:20 RMSE(val)=829.716774

[GA DONE][Iter3] Best params on val fold of Iter3
Best val RMSE: 825.234093
Best params: {'n_estimators': 149, 'max_depth': 13, 'min_samples_split': 7, 'min_samples_leaf': 7, 'max_features': None, 'bootstrap': True}
--------------------------------------------------------------------------------
[RETUNE GA] Iter3: train folds 1..7 -> test fold 8  RMSE=661.253425  NRMSE=0.726982  CVRMSE=0.275833  R2=0.462060
[GA][Iter4] Gen:1 Ind:1 RMSE(val)=724.677523
[GA][Iter4] Gen:1 Ind:2 RMSE(val)=740.990083
[GA][Iter4] Gen:1 Ind:3 RMSE(val)=631.160325
[GA][Iter4] Gen:1 Ind:4 RMSE(val)=675.109436
[GA][Iter4] Gen:1 Ind:5 RMSE(val)=1037.541958
[GA][Iter4] Gen:1 Ind:6 RMSE(val)=684.354944
[GA][Iter4] Gen:1 Ind:7 RMSE(val)=678.457086
[GA][Iter4] Gen:1 Ind:8 RMSE(val)=684.777905
[GA][Iter4] Gen:1 Ind:9 RMSE(val)=724.439425
[GA][Iter4] Gen:1 Ind:10 RMSE(val)=646.674250
[GA][Iter4] Gen:1 Ind:11 RMSE(val)=667.120429
[GA][Iter4] Gen:1 Ind:12 RMSE(val)=634.424547
[GA][Iter4] Gen:1 Ind:13 RMSE(val)=694.506991
[GA][Iter4] Gen:1 Ind:14 RMSE(val)=643.727689
[GA][Iter4] Gen:1 Ind:15 RMSE(val)=621.306889
[GA][Iter4] Gen:1 Ind:16 RMSE(val)=682.978548
[GA][Iter4] Gen:1 Ind:17 RMSE(val)=710.488137
[GA][Iter4] Gen:1 Ind:18 RMSE(val)=647.553145
[GA][Iter4] Gen:1 Ind:19 RMSE(val)=637.637234
[GA][Iter4] Gen:1 Ind:20 RMSE(val)=812.777319
[GA][Iter4] gen=1 best_val_rmse=621.306889
[GA][Iter4] Gen:2 Ind:1 RMSE(val)=621.306889
[GA][Iter4] Gen:2 Ind:2 RMSE(val)=631.160325
[GA][Iter4] Gen:2 Ind:3 RMSE(val)=634.424547
[GA][Iter4] Gen:2 Ind:4 RMSE(val)=637.637234
[GA][Iter4] Gen:2 Ind:5 RMSE(val)=643.727689
[GA][Iter4] Gen:2 Ind:6 RMSE(val)=646.674250
[GA][Iter4] Gen:2 Ind:7 RMSE(val)=647.553145
[GA][Iter4] Gen:2 Ind:8 RMSE(val)=667.120429
[GA][Iter4] Gen:2 Ind:9 RMSE(val)=675.109436
[GA][Iter4] Gen:2 Ind:10 RMSE(val)=678.457086
[GA][Iter4] Gen:2 Ind:11 RMSE(val)=640.747650
[GA][Iter4] Gen:2 Ind:12 RMSE(val)=646.006831
[GA][Iter4] Gen:2 Ind:13 RMSE(val)=669.001532
[GA][Iter4] Gen:2 Ind:14 RMSE(val)=677.321286
[GA][Iter4] Gen:2 Ind:15 RMSE(val)=997.377977
[GA][Iter4] Gen:2 Ind:16 RMSE(val)=655.278328
[GA][Iter4] Gen:2 Ind:17 RMSE(val)=692.695300
[GA][Iter4] Gen:2 Ind:18 RMSE(val)=632.260140
[GA][Iter4] Gen:2 Ind:19 RMSE(val)=664.666826
[GA][Iter4] Gen:2 Ind:20 RMSE(val)=639.984448
[GA][Iter4] gen=2 best_val_rmse=621.306889
[GA][Iter4] Gen:3 Ind:1 RMSE(val)=621.306889
[GA][Iter4] Gen:3 Ind:2 RMSE(val)=631.160325
[GA][Iter4] Gen:3 Ind:3 RMSE(val)=632.260140
[GA][Iter4] Gen:3 Ind:4 RMSE(val)=634.424547
[GA][Iter4] Gen:3 Ind:5 RMSE(val)=637.637234
[GA][Iter4] Gen:3 Ind:6 RMSE(val)=639.984448
[GA][Iter4] Gen:3 Ind:7 RMSE(val)=640.747650
[GA][Iter4] Gen:3 Ind:8 RMSE(val)=643.727689
[GA][Iter4] Gen:3 Ind:9 RMSE(val)=646.006831
[GA][Iter4] Gen:3 Ind:10 RMSE(val)=646.674250
[GA][Iter4] Gen:3 Ind:11 RMSE(val)=631.343220
[GA][Iter4] Gen:3 Ind:12 RMSE(val)=633.712995
[GA][Iter4] Gen:3 Ind:13 RMSE(val)=632.691067
[GA][Iter4] Gen:3 Ind:14 RMSE(val)=650.848433
[GA][Iter4] Gen:3 Ind:15 RMSE(val)=666.628694
[GA][Iter4] Gen:3 Ind:16 RMSE(val)=653.866546
[GA][Iter4] Gen:3 Ind:17 RMSE(val)=643.860716
[GA][Iter4] Gen:3 Ind:18 RMSE(val)=629.297928
[GA][Iter4] Gen:3 Ind:19 RMSE(val)=663.978640
[GA][Iter4] Gen:3 Ind:20 RMSE(val)=662.255796
[GA][Iter4] gen=3 best_val_rmse=621.306889
[GA][Iter4] Gen:4 Ind:1 RMSE(val)=621.306889
[GA][Iter4] Gen:4 Ind:2 RMSE(val)=629.297928
[GA][Iter4] Gen:4 Ind:3 RMSE(val)=631.160325
[GA][Iter4] Gen:4 Ind:4 RMSE(val)=631.343220
[GA][Iter4] Gen:4 Ind:5 RMSE(val)=632.260140
[GA][Iter4] Gen:4 Ind:6 RMSE(val)=632.691067
[GA][Iter4] Gen:4 Ind:7 RMSE(val)=633.712995
[GA][Iter4] Gen:4 Ind:8 RMSE(val)=634.424547
[GA][Iter4] Gen:4 Ind:9 RMSE(val)=637.637234
[GA][Iter4] Gen:4 Ind:10 RMSE(val)=639.984448
[GA][Iter4] Gen:4 Ind:11 RMSE(val)=661.110018
[GA][Iter4] Gen:4 Ind:12 RMSE(val)=635.464960
[GA][Iter4] Gen:4 Ind:13 RMSE(val)=627.979395
[GA][Iter4] Gen:4 Ind:14 RMSE(val)=638.179994
[GA][Iter4] Gen:4 Ind:15 RMSE(val)=623.593671
[GA][Iter4] Gen:4 Ind:16 RMSE(val)=668.999361
[GA][Iter4] Gen:4 Ind:17 RMSE(val)=660.662991
[GA][Iter4] Gen:4 Ind:18 RMSE(val)=620.870275
[GA][Iter4] Gen:4 Ind:19 RMSE(val)=632.260140
[GA][Iter4] Gen:4 Ind:20 RMSE(val)=631.993971
[GA][Iter4] gen=4 best_val_rmse=620.870275
[GA][Iter4] Gen:5 Ind:1 RMSE(val)=620.870275
[GA][Iter4] Gen:5 Ind:2 RMSE(val)=621.306889
[GA][Iter4] Gen:5 Ind:3 RMSE(val)=623.593671
[GA][Iter4] Gen:5 Ind:4 RMSE(val)=627.979395
[GA][Iter4] Gen:5 Ind:5 RMSE(val)=629.297928
[GA][Iter4] Gen:5 Ind:6 RMSE(val)=631.160325
[GA][Iter4] Gen:5 Ind:7 RMSE(val)=631.343220
[GA][Iter4] Gen:5 Ind:8 RMSE(val)=631.993971
[GA][Iter4] Gen:5 Ind:9 RMSE(val)=632.260140
[GA][Iter4] Gen:5 Ind:10 RMSE(val)=632.260140
[GA][Iter4] Gen:5 Ind:11 RMSE(val)=628.819434
[GA][Iter4] Gen:5 Ind:12 RMSE(val)=668.999361
[GA][Iter4] Gen:5 Ind:13 RMSE(val)=637.761488
[GA][Iter4] Gen:5 Ind:14 RMSE(val)=978.190431
[GA][Iter4] Gen:5 Ind:15 RMSE(val)=635.420311
[GA][Iter4] Gen:5 Ind:16 RMSE(val)=631.343220
[GA][Iter4] Gen:5 Ind:17 RMSE(val)=627.637390
[GA][Iter4] Gen:5 Ind:18 RMSE(val)=632.260140
[GA][Iter4] Gen:5 Ind:19 RMSE(val)=660.662991
[GA][Iter4] Gen:5 Ind:20 RMSE(val)=632.260140
[GA][Iter4] gen=5 best_val_rmse=620.870275
[GA][Iter4] Gen:6 Ind:1 RMSE(val)=620.870275
[GA][Iter4] Gen:6 Ind:2 RMSE(val)=621.306889
[GA][Iter4] Gen:6 Ind:3 RMSE(val)=623.593671
[GA][Iter4] Gen:6 Ind:4 RMSE(val)=627.637390
[GA][Iter4] Gen:6 Ind:5 RMSE(val)=627.979395
[GA][Iter4] Gen:6 Ind:6 RMSE(val)=628.819434
[GA][Iter4] Gen:6 Ind:7 RMSE(val)=629.297928
[GA][Iter4] Gen:6 Ind:8 RMSE(val)=631.160325
[GA][Iter4] Gen:6 Ind:9 RMSE(val)=631.343220
[GA][Iter4] Gen:6 Ind:10 RMSE(val)=631.343220
[GA][Iter4] Gen:6 Ind:11 RMSE(val)=624.769820
[GA][Iter4] Gen:6 Ind:12 RMSE(val)=627.578465
[GA][Iter4] Gen:6 Ind:13 RMSE(val)=627.979395
[GA][Iter4] Gen:6 Ind:14 RMSE(val)=632.292249
[GA][Iter4] Gen:6 Ind:15 RMSE(val)=631.343220
[GA][Iter4] Gen:6 Ind:16 RMSE(val)=627.979395
[GA][Iter4] Gen:6 Ind:17 RMSE(val)=626.813861
[GA][Iter4] Gen:6 Ind:18 RMSE(val)=620.870275
[GA][Iter4] Gen:6 Ind:19 RMSE(val)=631.160325
[GA][Iter4] Gen:6 Ind:20 RMSE(val)=1026.828677
[GA][Iter4] gen=6 best_val_rmse=620.870275
[GA][Iter4] Gen:7 Ind:1 RMSE(val)=620.870275
[GA][Iter4] Gen:7 Ind:2 RMSE(val)=620.870275
[GA][Iter4] Gen:7 Ind:3 RMSE(val)=621.306889
[GA][Iter4] Gen:7 Ind:4 RMSE(val)=623.593671
[GA][Iter4] Gen:7 Ind:5 RMSE(val)=624.769820
[GA][Iter4] Gen:7 Ind:6 RMSE(val)=626.813861
[GA][Iter4] Gen:7 Ind:7 RMSE(val)=627.578465
[GA][Iter4] Gen:7 Ind:8 RMSE(val)=627.637390
[GA][Iter4] Gen:7 Ind:9 RMSE(val)=627.979395
[GA][Iter4] Gen:7 Ind:10 RMSE(val)=627.979395
[GA][Iter4] Gen:7 Ind:11 RMSE(val)=665.810132
[GA][Iter4] Gen:7 Ind:12 RMSE(val)=620.895696
[GA][Iter4] Gen:7 Ind:13 RMSE(val)=621.306889
[GA][Iter4] Gen:7 Ind:14 RMSE(val)=627.578465
[GA][Iter4] Gen:7 Ind:15 RMSE(val)=627.578465
[GA][Iter4] Gen:7 Ind:16 RMSE(val)=629.297928
[GA][Iter4] Gen:7 Ind:17 RMSE(val)=628.048851
[GA][Iter4] Gen:7 Ind:18 RMSE(val)=626.813861
[GA][Iter4] Gen:7 Ind:19 RMSE(val)=618.049034
[GA][Iter4] Gen:7 Ind:20 RMSE(val)=623.593671
[GA][Iter4] gen=7 best_val_rmse=618.049034
[GA][Iter4] Gen:8 Ind:1 RMSE(val)=618.049034
[GA][Iter4] Gen:8 Ind:2 RMSE(val)=620.870275
[GA][Iter4] Gen:8 Ind:3 RMSE(val)=620.870275
[GA][Iter4] Gen:8 Ind:4 RMSE(val)=620.895696
[GA][Iter4] Gen:8 Ind:5 RMSE(val)=621.306889
[GA][Iter4] Gen:8 Ind:6 RMSE(val)=621.306889
[GA][Iter4] Gen:8 Ind:7 RMSE(val)=623.593671
[GA][Iter4] Gen:8 Ind:8 RMSE(val)=623.593671
[GA][Iter4] Gen:8 Ind:9 RMSE(val)=624.769820
[GA][Iter4] Gen:8 Ind:10 RMSE(val)=626.813861
[GA][Iter4] Gen:8 Ind:11 RMSE(val)=624.047485
[GA][Iter4] Gen:8 Ind:12 RMSE(val)=626.883505
[GA][Iter4] Gen:8 Ind:13 RMSE(val)=620.870275
[GA][Iter4] Gen:8 Ind:14 RMSE(val)=625.426220
[GA][Iter4] Gen:8 Ind:15 RMSE(val)=627.168334
[GA][Iter4] Gen:8 Ind:16 RMSE(val)=620.895696
[GA][Iter4] Gen:8 Ind:17 RMSE(val)=623.593671
[GA][Iter4] Gen:8 Ind:18 RMSE(val)=639.061271
[GA][Iter4] Gen:8 Ind:19 RMSE(val)=618.049034
[GA][Iter4] Gen:8 Ind:20 RMSE(val)=623.593671
[GA][Iter4] gen=8 best_val_rmse=618.049034
[GA][Iter4] Gen:9 Ind:1 RMSE(val)=618.049034
[GA][Iter4] Gen:9 Ind:2 RMSE(val)=618.049034
[GA][Iter4] Gen:9 Ind:3 RMSE(val)=620.870275
[GA][Iter4] Gen:9 Ind:4 RMSE(val)=620.870275
[GA][Iter4] Gen:9 Ind:5 RMSE(val)=620.870275
[GA][Iter4] Gen:9 Ind:6 RMSE(val)=620.895696
[GA][Iter4] Gen:9 Ind:7 RMSE(val)=620.895696
[GA][Iter4] Gen:9 Ind:8 RMSE(val)=621.306889
[GA][Iter4] Gen:9 Ind:9 RMSE(val)=621.306889
[GA][Iter4] Gen:9 Ind:10 RMSE(val)=623.593671
[GA][Iter4] Gen:9 Ind:11 RMSE(val)=624.259725
[GA][Iter4] Gen:9 Ind:12 RMSE(val)=620.666144
[GA][Iter4] Gen:9 Ind:13 RMSE(val)=618.442701
[GA][Iter4] Gen:9 Ind:14 RMSE(val)=637.508089
[GA][Iter4] Gen:9 Ind:15 RMSE(val)=619.888497
[GA][Iter4] Gen:9 Ind:16 RMSE(val)=619.327622
[GA][Iter4] Gen:9 Ind:17 RMSE(val)=1026.828677
[GA][Iter4] Gen:9 Ind:18 RMSE(val)=620.895696
[GA][Iter4] Gen:9 Ind:19 RMSE(val)=983.188963
[GA][Iter4] Gen:9 Ind:20 RMSE(val)=620.895696
[GA][Iter4] gen=9 best_val_rmse=618.049034
[GA][Iter4] Gen:10 Ind:1 RMSE(val)=618.049034
[GA][Iter4] Gen:10 Ind:2 RMSE(val)=618.049034
[GA][Iter4] Gen:10 Ind:3 RMSE(val)=618.442701
[GA][Iter4] Gen:10 Ind:4 RMSE(val)=619.327622
[GA][Iter4] Gen:10 Ind:5 RMSE(val)=619.888497
[GA][Iter4] Gen:10 Ind:6 RMSE(val)=620.666144
[GA][Iter4] Gen:10 Ind:7 RMSE(val)=620.870275
[GA][Iter4] Gen:10 Ind:8 RMSE(val)=620.870275
[GA][Iter4] Gen:10 Ind:9 RMSE(val)=620.870275
[GA][Iter4] Gen:10 Ind:10 RMSE(val)=620.895696
[GA][Iter4] Gen:10 Ind:11 RMSE(val)=618.049034
[GA][Iter4] Gen:10 Ind:12 RMSE(val)=618.049034
[GA][Iter4] Gen:10 Ind:13 RMSE(val)=618.049034
[GA][Iter4] Gen:10 Ind:14 RMSE(val)=1038.893385
[GA][Iter4] Gen:10 Ind:15 RMSE(val)=639.083869
[GA][Iter4] Gen:10 Ind:16 RMSE(val)=765.567570
[GA][Iter4] Gen:10 Ind:17 RMSE(val)=618.049034
[GA][Iter4] Gen:10 Ind:18 RMSE(val)=1037.588783
[GA][Iter4] Gen:10 Ind:19 RMSE(val)=620.895696
[GA][Iter4] Gen:10 Ind:20 RMSE(val)=1026.126354
[GA][Iter4] gen=10 best_val_rmse=618.049034
[GA][Iter4] Gen:11 Ind:1 RMSE(val)=618.049034
[GA][Iter4] Gen:11 Ind:2 RMSE(val)=618.049034
[GA][Iter4] Gen:11 Ind:3 RMSE(val)=618.049034
[GA][Iter4] Gen:11 Ind:4 RMSE(val)=618.049034
[GA][Iter4] Gen:11 Ind:5 RMSE(val)=618.049034
[GA][Iter4] Gen:11 Ind:6 RMSE(val)=618.049034
[GA][Iter4] Gen:11 Ind:7 RMSE(val)=618.442701
[GA][Iter4] Gen:11 Ind:8 RMSE(val)=619.327622
[GA][Iter4] Gen:11 Ind:9 RMSE(val)=619.888497
[GA][Iter4] Gen:11 Ind:10 RMSE(val)=620.666144
[GA][Iter4] Gen:11 Ind:11 RMSE(val)=618.049034
[GA][Iter4] Gen:11 Ind:12 RMSE(val)=619.327622
[GA][Iter4] Gen:11 Ind:13 RMSE(val)=644.101606
[GA][Iter4] Gen:11 Ind:14 RMSE(val)=620.891591
[GA][Iter4] Gen:11 Ind:15 RMSE(val)=621.368471
[GA][Iter4] Gen:11 Ind:16 RMSE(val)=619.327622
[GA][Iter4] Gen:11 Ind:17 RMSE(val)=618.049034
[GA][Iter4] Gen:11 Ind:18 RMSE(val)=618.049034
[GA][Iter4] Gen:11 Ind:19 RMSE(val)=618.280029
[GA][Iter4] Gen:11 Ind:20 RMSE(val)=618.049034
[GA][Iter4] gen=11 best_val_rmse=618.049034
[GA][Iter4] Gen:12 Ind:1 RMSE(val)=618.049034
[GA][Iter4] Gen:12 Ind:2 RMSE(val)=618.049034
[GA][Iter4] Gen:12 Ind:3 RMSE(val)=618.049034
[GA][Iter4] Gen:12 Ind:4 RMSE(val)=618.049034
[GA][Iter4] Gen:12 Ind:5 RMSE(val)=618.049034
[GA][Iter4] Gen:12 Ind:6 RMSE(val)=618.049034
[GA][Iter4] Gen:12 Ind:7 RMSE(val)=618.049034
[GA][Iter4] Gen:12 Ind:8 RMSE(val)=618.049034
[GA][Iter4] Gen:12 Ind:9 RMSE(val)=618.049034
[GA][Iter4] Gen:12 Ind:10 RMSE(val)=618.049034
[GA][Iter4] Gen:12 Ind:11 RMSE(val)=618.049034
[GA][Iter4] Gen:12 Ind:12 RMSE(val)=609.269553
[GA][Iter4] Gen:12 Ind:13 RMSE(val)=618.049034
[GA][Iter4] Gen:12 Ind:14 RMSE(val)=618.049034
[GA][Iter4] Gen:12 Ind:15 RMSE(val)=618.049034
[GA][Iter4] Gen:12 Ind:16 RMSE(val)=618.049034
[GA][Iter4] Gen:12 Ind:17 RMSE(val)=620.666144
[GA][Iter4] Gen:12 Ind:18 RMSE(val)=618.049034
[GA][Iter4] Gen:12 Ind:19 RMSE(val)=618.049034
[GA][Iter4] Gen:12 Ind:20 RMSE(val)=617.308625
[GA][Iter4] gen=12 best_val_rmse=609.269553
[GA][Iter4] Gen:13 Ind:1 RMSE(val)=609.269553
[GA][Iter4] Gen:13 Ind:2 RMSE(val)=617.308625
[GA][Iter4] Gen:13 Ind:3 RMSE(val)=618.049034
[GA][Iter4] Gen:13 Ind:4 RMSE(val)=618.049034
[GA][Iter4] Gen:13 Ind:5 RMSE(val)=618.049034
[GA][Iter4] Gen:13 Ind:6 RMSE(val)=618.049034
[GA][Iter4] Gen:13 Ind:7 RMSE(val)=618.049034
[GA][Iter4] Gen:13 Ind:8 RMSE(val)=618.049034
[GA][Iter4] Gen:13 Ind:9 RMSE(val)=618.049034
[GA][Iter4] Gen:13 Ind:10 RMSE(val)=618.049034
[GA][Iter4] Gen:13 Ind:11 RMSE(val)=618.049034
[GA][Iter4] Gen:13 Ind:12 RMSE(val)=618.049034
[GA][Iter4] Gen:13 Ind:13 RMSE(val)=618.049034
[GA][Iter4] Gen:13 Ind:14 RMSE(val)=618.049034
[GA][Iter4] Gen:13 Ind:15 RMSE(val)=618.049034
[GA][Iter4] Gen:13 Ind:16 RMSE(val)=609.269553
[GA][Iter4] Gen:13 Ind:17 RMSE(val)=609.269553
[GA][Iter4] Gen:13 Ind:18 RMSE(val)=618.049034
[GA][Iter4] Gen:13 Ind:19 RMSE(val)=618.049034
[GA][Iter4] Gen:13 Ind:20 RMSE(val)=618.847233
[GA][Iter4] gen=13 best_val_rmse=609.269553
[GA][Iter4] Gen:14 Ind:1 RMSE(val)=609.269553
[GA][Iter4] Gen:14 Ind:2 RMSE(val)=609.269553
[GA][Iter4] Gen:14 Ind:3 RMSE(val)=609.269553
[GA][Iter4] Gen:14 Ind:4 RMSE(val)=617.308625
[GA][Iter4] Gen:14 Ind:5 RMSE(val)=618.049034
[GA][Iter4] Gen:14 Ind:6 RMSE(val)=618.049034
[GA][Iter4] Gen:14 Ind:7 RMSE(val)=618.049034
[GA][Iter4] Gen:14 Ind:8 RMSE(val)=618.049034
[GA][Iter4] Gen:14 Ind:9 RMSE(val)=618.049034
[GA][Iter4] Gen:14 Ind:10 RMSE(val)=618.049034
[GA][Iter4] Gen:14 Ind:11 RMSE(val)=618.049034
[GA][Iter4] Gen:14 Ind:12 RMSE(val)=618.049034
[GA][Iter4] Gen:14 Ind:13 RMSE(val)=618.049034
[GA][Iter4] Gen:14 Ind:14 RMSE(val)=617.438596
[GA][Iter4] Gen:14 Ind:15 RMSE(val)=609.269553
[GA][Iter4] Gen:14 Ind:16 RMSE(val)=618.049034
[GA][Iter4] Gen:14 Ind:17 RMSE(val)=618.049034
[GA][Iter4] Gen:14 Ind:18 RMSE(val)=618.049034
[GA][Iter4] Gen:14 Ind:19 RMSE(val)=640.147879
[GA][Iter4] Gen:14 Ind:20 RMSE(val)=618.049034
[GA][Iter4] gen=14 best_val_rmse=609.269553
[GA][Iter4] Gen:15 Ind:1 RMSE(val)=609.269553
[GA][Iter4] Gen:15 Ind:2 RMSE(val)=609.269553
[GA][Iter4] Gen:15 Ind:3 RMSE(val)=609.269553
[GA][Iter4] Gen:15 Ind:4 RMSE(val)=609.269553
[GA][Iter4] Gen:15 Ind:5 RMSE(val)=617.308625
[GA][Iter4] Gen:15 Ind:6 RMSE(val)=617.438596
[GA][Iter4] Gen:15 Ind:7 RMSE(val)=618.049034
[GA][Iter4] Gen:15 Ind:8 RMSE(val)=618.049034
[GA][Iter4] Gen:15 Ind:9 RMSE(val)=618.049034
[GA][Iter4] Gen:15 Ind:10 RMSE(val)=618.049034
[GA][Iter4] Gen:15 Ind:11 RMSE(val)=617.308625
[GA][Iter4] Gen:15 Ind:12 RMSE(val)=609.269553
[GA][Iter4] Gen:15 Ind:13 RMSE(val)=610.184800
[GA][Iter4] Gen:15 Ind:14 RMSE(val)=609.269553
[GA][Iter4] Gen:15 Ind:15 RMSE(val)=609.269553
[GA][Iter4] Gen:15 Ind:16 RMSE(val)=609.269553
[GA][Iter4] Gen:15 Ind:17 RMSE(val)=617.438596
[GA][Iter4] Gen:15 Ind:18 RMSE(val)=609.269553
[GA][Iter4] Gen:15 Ind:19 RMSE(val)=625.917004
[GA][Iter4] Gen:15 Ind:20 RMSE(val)=618.049034
[GA][Iter4] gen=15 best_val_rmse=609.269553
[GA][Iter4] Gen:15 Ind:1 RMSE(val)=609.269553
[GA][Iter4] Gen:15 Ind:2 RMSE(val)=609.269553
[GA][Iter4] Gen:15 Ind:3 RMSE(val)=609.269553
[GA][Iter4] Gen:15 Ind:4 RMSE(val)=609.269553
[GA][Iter4] Gen:15 Ind:5 RMSE(val)=609.269553
[GA][Iter4] Gen:15 Ind:6 RMSE(val)=609.269553
[GA][Iter4] Gen:15 Ind:7 RMSE(val)=609.269553
[GA][Iter4] Gen:15 Ind:8 RMSE(val)=609.269553
[GA][Iter4] Gen:15 Ind:9 RMSE(val)=609.269553
[GA][Iter4] Gen:15 Ind:10 RMSE(val)=610.184800
[GA][Iter4] Gen:15 Ind:11 RMSE(val)=609.269553
[GA][Iter4] Gen:15 Ind:12 RMSE(val)=609.269553
[GA][Iter4] Gen:15 Ind:13 RMSE(val)=609.269553
[GA][Iter4] Gen:15 Ind:14 RMSE(val)=609.269553
[GA][Iter4] Gen:15 Ind:15 RMSE(val)=609.269553
[GA][Iter4] Gen:15 Ind:16 RMSE(val)=609.269553
[GA][Iter4] Gen:15 Ind:17 RMSE(val)=609.269553
[GA][Iter4] Gen:15 Ind:18 RMSE(val)=612.061441
[GA][Iter4] Gen:15 Ind:19 RMSE(val)=609.618859
[GA][Iter4] Gen:15 Ind:20 RMSE(val)=610.184800

[GA DONE][Iter4] Best params on val fold of Iter4
Best val RMSE: 609.269553
Best params: {'n_estimators': 927, 'max_depth': 28, 'min_samples_split': 8, 'min_samples_leaf': 1, 'max_features': 'sqrt', 'bootstrap': False}
--------------------------------------------------------------------------------
[RETUNE GA] Iter4: train folds 1..8 -> test fold 9  RMSE=967.247262  NRMSE=0.888380  CVRMSE=0.380967  R2=0.196687
[GA][Iter5] Gen:1 Ind:1 RMSE(val)=974.329236
[GA][Iter5] Gen:1 Ind:2 RMSE(val)=961.863936
[GA][Iter5] Gen:1 Ind:3 RMSE(val)=978.371759
[GA][Iter5] Gen:1 Ind:4 RMSE(val)=960.369005
[GA][Iter5] Gen:1 Ind:5 RMSE(val)=1121.157688
[GA][Iter5] Gen:1 Ind:6 RMSE(val)=964.820887
[GA][Iter5] Gen:1 Ind:7 RMSE(val)=967.551155
[GA][Iter5] Gen:1 Ind:8 RMSE(val)=959.669314
[GA][Iter5] Gen:1 Ind:9 RMSE(val)=961.270359
[GA][Iter5] Gen:1 Ind:10 RMSE(val)=954.065355
[GA][Iter5] Gen:1 Ind:11 RMSE(val)=960.060193
[GA][Iter5] Gen:1 Ind:12 RMSE(val)=978.363244
[GA][Iter5] Gen:1 Ind:13 RMSE(val)=960.081014
[GA][Iter5] Gen:1 Ind:14 RMSE(val)=954.833226
[GA][Iter5] Gen:1 Ind:15 RMSE(val)=963.970982
[GA][Iter5] Gen:1 Ind:16 RMSE(val)=963.129691
[GA][Iter5] Gen:1 Ind:17 RMSE(val)=963.597360
[GA][Iter5] Gen:1 Ind:18 RMSE(val)=960.498196
[GA][Iter5] Gen:1 Ind:19 RMSE(val)=982.152263
[GA][Iter5] Gen:1 Ind:20 RMSE(val)=1106.378377
[GA][Iter5] gen=1 best_val_rmse=954.065355
[GA][Iter5] Gen:2 Ind:1 RMSE(val)=954.065355
[GA][Iter5] Gen:2 Ind:2 RMSE(val)=954.833226
[GA][Iter5] Gen:2 Ind:3 RMSE(val)=959.669314
[GA][Iter5] Gen:2 Ind:4 RMSE(val)=960.060193
[GA][Iter5] Gen:2 Ind:5 RMSE(val)=960.081014
[GA][Iter5] Gen:2 Ind:6 RMSE(val)=960.369005
[GA][Iter5] Gen:2 Ind:7 RMSE(val)=960.498196
[GA][Iter5] Gen:2 Ind:8 RMSE(val)=961.270359
[GA][Iter5] Gen:2 Ind:9 RMSE(val)=961.863936
[GA][Iter5] Gen:2 Ind:10 RMSE(val)=963.129691
[GA][Iter5] Gen:2 Ind:11 RMSE(val)=963.918313
[GA][Iter5] Gen:2 Ind:12 RMSE(val)=964.149953
[GA][Iter5] Gen:2 Ind:13 RMSE(val)=965.965400
[GA][Iter5] Gen:2 Ind:14 RMSE(val)=964.062765
[GA][Iter5] Gen:2 Ind:15 RMSE(val)=981.472716
[GA][Iter5] Gen:2 Ind:16 RMSE(val)=960.060193
[GA][Iter5] Gen:2 Ind:17 RMSE(val)=966.489311
[GA][Iter5] Gen:2 Ind:18 RMSE(val)=964.762451
[GA][Iter5] Gen:2 Ind:19 RMSE(val)=963.129691
[GA][Iter5] Gen:2 Ind:20 RMSE(val)=953.034099
[GA][Iter5] gen=2 best_val_rmse=953.034099
[GA][Iter5] Gen:3 Ind:1 RMSE(val)=953.034099
[GA][Iter5] Gen:3 Ind:2 RMSE(val)=954.065355
[GA][Iter5] Gen:3 Ind:3 RMSE(val)=954.833226
[GA][Iter5] Gen:3 Ind:4 RMSE(val)=959.669314
[GA][Iter5] Gen:3 Ind:5 RMSE(val)=960.060193
[GA][Iter5] Gen:3 Ind:6 RMSE(val)=960.060193
[GA][Iter5] Gen:3 Ind:7 RMSE(val)=960.081014
[GA][Iter5] Gen:3 Ind:8 RMSE(val)=960.369005
[GA][Iter5] Gen:3 Ind:9 RMSE(val)=960.498196
[GA][Iter5] Gen:3 Ind:10 RMSE(val)=961.270359
[GA][Iter5] Gen:3 Ind:11 RMSE(val)=953.036706
[GA][Iter5] Gen:3 Ind:12 RMSE(val)=967.972817
[GA][Iter5] Gen:3 Ind:13 RMSE(val)=959.122765
[GA][Iter5] Gen:3 Ind:14 RMSE(val)=964.131585
[GA][Iter5] Gen:3 Ind:15 RMSE(val)=952.250028
[GA][Iter5] Gen:3 Ind:16 RMSE(val)=961.624512
[GA][Iter5] Gen:3 Ind:17 RMSE(val)=959.210063
[GA][Iter5] Gen:3 Ind:18 RMSE(val)=958.893054
[GA][Iter5] Gen:3 Ind:19 RMSE(val)=960.638702
[GA][Iter5] Gen:3 Ind:20 RMSE(val)=963.136401
[GA][Iter5] gen=3 best_val_rmse=952.250028
[GA][Iter5] Gen:4 Ind:1 RMSE(val)=952.250028
[GA][Iter5] Gen:4 Ind:2 RMSE(val)=953.034099
[GA][Iter5] Gen:4 Ind:3 RMSE(val)=953.036706
[GA][Iter5] Gen:4 Ind:4 RMSE(val)=954.065355
[GA][Iter5] Gen:4 Ind:5 RMSE(val)=954.833226
[GA][Iter5] Gen:4 Ind:6 RMSE(val)=958.893054
[GA][Iter5] Gen:4 Ind:7 RMSE(val)=959.122765
[GA][Iter5] Gen:4 Ind:8 RMSE(val)=959.210063
[GA][Iter5] Gen:4 Ind:9 RMSE(val)=959.669314
[GA][Iter5] Gen:4 Ind:10 RMSE(val)=960.060193
[GA][Iter5] Gen:4 Ind:11 RMSE(val)=957.380122
[GA][Iter5] Gen:4 Ind:12 RMSE(val)=961.861661
[GA][Iter5] Gen:4 Ind:13 RMSE(val)=965.077842
[GA][Iter5] Gen:4 Ind:14 RMSE(val)=953.034099
[GA][Iter5] Gen:4 Ind:15 RMSE(val)=959.444235
[GA][Iter5] Gen:4 Ind:16 RMSE(val)=953.036706
[GA][Iter5] Gen:4 Ind:17 RMSE(val)=954.833226
[GA][Iter5] Gen:4 Ind:18 RMSE(val)=959.255824
[GA][Iter5] Gen:4 Ind:19 RMSE(val)=954.833226
[GA][Iter5] Gen:4 Ind:20 RMSE(val)=960.105426
[GA][Iter5] gen=4 best_val_rmse=952.250028
[GA][Iter5] Gen:5 Ind:1 RMSE(val)=952.250028
[GA][Iter5] Gen:5 Ind:2 RMSE(val)=953.034099
[GA][Iter5] Gen:5 Ind:3 RMSE(val)=953.034099
[GA][Iter5] Gen:5 Ind:4 RMSE(val)=953.036706
[GA][Iter5] Gen:5 Ind:5 RMSE(val)=953.036706
[GA][Iter5] Gen:5 Ind:6 RMSE(val)=954.065355
[GA][Iter5] Gen:5 Ind:7 RMSE(val)=954.833226
[GA][Iter5] Gen:5 Ind:8 RMSE(val)=954.833226
[GA][Iter5] Gen:5 Ind:9 RMSE(val)=954.833226
[GA][Iter5] Gen:5 Ind:10 RMSE(val)=957.380122
[GA][Iter5] Gen:5 Ind:11 RMSE(val)=953.036706
[GA][Iter5] Gen:5 Ind:12 RMSE(val)=953.036706
[GA][Iter5] Gen:5 Ind:13 RMSE(val)=957.380122
[GA][Iter5] Gen:5 Ind:14 RMSE(val)=952.144074
[GA][Iter5] Gen:5 Ind:15 RMSE(val)=956.276040
[GA][Iter5] Gen:5 Ind:16 RMSE(val)=954.833226
[GA][Iter5] Gen:5 Ind:17 RMSE(val)=953.034099
[GA][Iter5] Gen:5 Ind:18 RMSE(val)=957.380122
[GA][Iter5] Gen:5 Ind:19 RMSE(val)=954.833226
[GA][Iter5] Gen:5 Ind:20 RMSE(val)=954.833226
[GA][Iter5] gen=5 best_val_rmse=952.144074
[GA][Iter5] Gen:6 Ind:1 RMSE(val)=952.144074
[GA][Iter5] Gen:6 Ind:2 RMSE(val)=952.250028
[GA][Iter5] Gen:6 Ind:3 RMSE(val)=953.034099
[GA][Iter5] Gen:6 Ind:4 RMSE(val)=953.034099
[GA][Iter5] Gen:6 Ind:5 RMSE(val)=953.034099
[GA][Iter5] Gen:6 Ind:6 RMSE(val)=953.036706
[GA][Iter5] Gen:6 Ind:7 RMSE(val)=953.036706
[GA][Iter5] Gen:6 Ind:8 RMSE(val)=953.036706
[GA][Iter5] Gen:6 Ind:9 RMSE(val)=953.036706
[GA][Iter5] Gen:6 Ind:10 RMSE(val)=954.065355
[GA][Iter5] Gen:6 Ind:11 RMSE(val)=954.065355
[GA][Iter5] Gen:6 Ind:12 RMSE(val)=954.065355
[GA][Iter5] Gen:6 Ind:13 RMSE(val)=953.034099
[GA][Iter5] Gen:6 Ind:14 RMSE(val)=956.212810
[GA][Iter5] Gen:6 Ind:15 RMSE(val)=954.065355
[GA][Iter5] Gen:6 Ind:16 RMSE(val)=952.144074
[GA][Iter5] Gen:6 Ind:17 RMSE(val)=952.250028
[GA][Iter5] Gen:6 Ind:18 RMSE(val)=952.250028
[GA][Iter5] Gen:6 Ind:19 RMSE(val)=952.144074
[GA][Iter5] Gen:6 Ind:20 RMSE(val)=981.025427
[GA][Iter5] gen=6 best_val_rmse=952.144074
[GA][Iter5] Gen:7 Ind:1 RMSE(val)=952.144074
[GA][Iter5] Gen:7 Ind:2 RMSE(val)=952.144074
[GA][Iter5] Gen:7 Ind:3 RMSE(val)=952.144074
[GA][Iter5] Gen:7 Ind:4 RMSE(val)=952.250028
[GA][Iter5] Gen:7 Ind:5 RMSE(val)=952.250028
[GA][Iter5] Gen:7 Ind:6 RMSE(val)=952.250028
[GA][Iter5] Gen:7 Ind:7 RMSE(val)=953.034099
[GA][Iter5] Gen:7 Ind:8 RMSE(val)=953.034099
[GA][Iter5] Gen:7 Ind:9 RMSE(val)=953.034099
[GA][Iter5] Gen:7 Ind:10 RMSE(val)=953.034099
[GA][Iter5] Gen:7 Ind:11 RMSE(val)=961.861661
[GA][Iter5] Gen:7 Ind:12 RMSE(val)=952.144074
[GA][Iter5] Gen:7 Ind:13 RMSE(val)=952.250028
[GA][Iter5] Gen:7 Ind:14 RMSE(val)=953.034099
[GA][Iter5] Gen:7 Ind:15 RMSE(val)=952.250028
[GA][Iter5] Gen:7 Ind:16 RMSE(val)=953.034099
[GA][Iter5] Gen:7 Ind:17 RMSE(val)=953.034099
[GA][Iter5] Gen:7 Ind:18 RMSE(val)=953.034099
[GA][Iter5] Gen:7 Ind:19 RMSE(val)=952.250028
[GA][Iter5] Gen:7 Ind:20 RMSE(val)=952.250028
[GA][Iter5] gen=7 best_val_rmse=952.144074
[GA][Iter5] Gen:8 Ind:1 RMSE(val)=952.144074
[GA][Iter5] Gen:8 Ind:2 RMSE(val)=952.144074
[GA][Iter5] Gen:8 Ind:3 RMSE(val)=952.144074
[GA][Iter5] Gen:8 Ind:4 RMSE(val)=952.144074
[GA][Iter5] Gen:8 Ind:5 RMSE(val)=952.250028
[GA][Iter5] Gen:8 Ind:6 RMSE(val)=952.250028
[GA][Iter5] Gen:8 Ind:7 RMSE(val)=952.250028
[GA][Iter5] Gen:8 Ind:8 RMSE(val)=952.250028
[GA][Iter5] Gen:8 Ind:9 RMSE(val)=952.250028
[GA][Iter5] Gen:8 Ind:10 RMSE(val)=952.250028
[GA][Iter5] Gen:8 Ind:11 RMSE(val)=957.372281
[GA][Iter5] Gen:8 Ind:12 RMSE(val)=952.943517
[GA][Iter5] Gen:8 Ind:13 RMSE(val)=952.144074
[GA][Iter5] Gen:8 Ind:14 RMSE(val)=953.178308
[GA][Iter5] Gen:8 Ind:15 RMSE(val)=952.250028
[GA][Iter5] Gen:8 Ind:16 RMSE(val)=957.354591
[GA][Iter5] Gen:8 Ind:17 RMSE(val)=952.250028
[GA][Iter5] Gen:8 Ind:18 RMSE(val)=963.801092
[GA][Iter5] Gen:8 Ind:19 RMSE(val)=952.144074
[GA][Iter5] Gen:8 Ind:20 RMSE(val)=952.250028
[GA][Iter5] gen=8 best_val_rmse=952.144074
[GA][Iter5] Gen:9 Ind:1 RMSE(val)=952.144074
[GA][Iter5] Gen:9 Ind:2 RMSE(val)=952.144074
[GA][Iter5] Gen:9 Ind:3 RMSE(val)=952.144074
[GA][Iter5] Gen:9 Ind:4 RMSE(val)=952.144074
[GA][Iter5] Gen:9 Ind:5 RMSE(val)=952.144074
[GA][Iter5] Gen:9 Ind:6 RMSE(val)=952.144074
[GA][Iter5] Gen:9 Ind:7 RMSE(val)=952.250028
[GA][Iter5] Gen:9 Ind:8 RMSE(val)=952.250028
[GA][Iter5] Gen:9 Ind:9 RMSE(val)=952.250028
[GA][Iter5] Gen:9 Ind:10 RMSE(val)=952.250028
[GA][Iter5] Gen:9 Ind:11 RMSE(val)=952.250028
[GA][Iter5] Gen:9 Ind:12 RMSE(val)=953.036706
[GA][Iter5] Gen:9 Ind:13 RMSE(val)=957.873093
[GA][Iter5] Gen:9 Ind:14 RMSE(val)=952.250028
[GA][Iter5] Gen:9 Ind:15 RMSE(val)=981.025427
[GA][Iter5] Gen:9 Ind:16 RMSE(val)=960.463708
[GA][Iter5] Gen:9 Ind:17 RMSE(val)=963.801092
[GA][Iter5] Gen:9 Ind:18 RMSE(val)=952.144074
[GA][Iter5] Gen:9 Ind:19 RMSE(val)=956.128198
[GA][Iter5] Gen:9 Ind:20 RMSE(val)=952.250028
[GA][Iter5] gen=9 best_val_rmse=952.144074
[GA][Iter5] Gen:10 Ind:1 RMSE(val)=952.144074
[GA][Iter5] Gen:10 Ind:2 RMSE(val)=952.144074
[GA][Iter5] Gen:10 Ind:3 RMSE(val)=952.144074
[GA][Iter5] Gen:10 Ind:4 RMSE(val)=952.144074
[GA][Iter5] Gen:10 Ind:5 RMSE(val)=952.144074
[GA][Iter5] Gen:10 Ind:6 RMSE(val)=952.144074
[GA][Iter5] Gen:10 Ind:7 RMSE(val)=952.144074
[GA][Iter5] Gen:10 Ind:8 RMSE(val)=952.250028
[GA][Iter5] Gen:10 Ind:9 RMSE(val)=952.250028
[GA][Iter5] Gen:10 Ind:10 RMSE(val)=952.250028
[GA][Iter5] Gen:10 Ind:11 RMSE(val)=952.144074
[GA][Iter5] Gen:10 Ind:12 RMSE(val)=952.144074
[GA][Iter5] Gen:10 Ind:13 RMSE(val)=952.144074
[GA][Iter5] Gen:10 Ind:14 RMSE(val)=952.144074
[GA][Iter5] Gen:10 Ind:15 RMSE(val)=952.250028
[GA][Iter5] Gen:10 Ind:16 RMSE(val)=957.380122
[GA][Iter5] Gen:10 Ind:17 RMSE(val)=952.144074
[GA][Iter5] Gen:10 Ind:18 RMSE(val)=952.250028
[GA][Iter5] Gen:10 Ind:19 RMSE(val)=952.250028
[GA][Iter5] Gen:10 Ind:20 RMSE(val)=952.144074
[GA][Iter5] gen=10 best_val_rmse=952.144074
[GA][Iter5] Gen:11 Ind:1 RMSE(val)=952.144074
[GA][Iter5] Gen:11 Ind:2 RMSE(val)=952.144074
[GA][Iter5] Gen:11 Ind:3 RMSE(val)=952.144074
[GA][Iter5] Gen:11 Ind:4 RMSE(val)=952.144074
[GA][Iter5] Gen:11 Ind:5 RMSE(val)=952.144074
[GA][Iter5] Gen:11 Ind:6 RMSE(val)=952.144074
[GA][Iter5] Gen:11 Ind:7 RMSE(val)=952.144074
[GA][Iter5] Gen:11 Ind:8 RMSE(val)=952.144074
[GA][Iter5] Gen:11 Ind:9 RMSE(val)=952.144074
[GA][Iter5] Gen:11 Ind:10 RMSE(val)=952.144074
[GA][Iter5] Gen:11 Ind:11 RMSE(val)=952.144074
[GA][Iter5] Gen:11 Ind:12 RMSE(val)=952.144074
[GA][Iter5] Gen:11 Ind:13 RMSE(val)=952.144074
[GA][Iter5] Gen:11 Ind:14 RMSE(val)=952.144074
[GA][Iter5] Gen:11 Ind:15 RMSE(val)=950.660159
[GA][Iter5] Gen:11 Ind:16 RMSE(val)=952.144074
[GA][Iter5] Gen:11 Ind:17 RMSE(val)=952.144074
[GA][Iter5] Gen:11 Ind:18 RMSE(val)=952.144074
[GA][Iter5] Gen:11 Ind:19 RMSE(val)=952.144074
[GA][Iter5] Gen:11 Ind:20 RMSE(val)=953.670028
[GA][Iter5] gen=11 best_val_rmse=950.660159
[GA][Iter5] Gen:12 Ind:1 RMSE(val)=950.660159
[GA][Iter5] Gen:12 Ind:2 RMSE(val)=952.144074
[GA][Iter5] Gen:12 Ind:3 RMSE(val)=952.144074
[GA][Iter5] Gen:12 Ind:4 RMSE(val)=952.144074
[GA][Iter5] Gen:12 Ind:5 RMSE(val)=952.144074
[GA][Iter5] Gen:12 Ind:6 RMSE(val)=952.144074
[GA][Iter5] Gen:12 Ind:7 RMSE(val)=952.144074
[GA][Iter5] Gen:12 Ind:8 RMSE(val)=952.144074
[GA][Iter5] Gen:12 Ind:9 RMSE(val)=952.144074
[GA][Iter5] Gen:12 Ind:10 RMSE(val)=952.144074
[GA][Iter5] Gen:12 Ind:11 RMSE(val)=952.144074
[GA][Iter5] Gen:12 Ind:12 RMSE(val)=957.372281
[GA][Iter5] Gen:12 Ind:13 RMSE(val)=952.144074
[GA][Iter5] Gen:12 Ind:14 RMSE(val)=952.144074
[GA][Iter5] Gen:12 Ind:15 RMSE(val)=952.144074
[GA][Iter5] Gen:12 Ind:16 RMSE(val)=952.144074
[GA][Iter5] Gen:12 Ind:17 RMSE(val)=956.937005
[GA][Iter5] Gen:12 Ind:18 RMSE(val)=952.144074
[GA][Iter5] Gen:12 Ind:19 RMSE(val)=952.144074
[GA][Iter5] Gen:12 Ind:20 RMSE(val)=949.525129
[GA][Iter5] gen=12 best_val_rmse=949.525129
[GA][Iter5] Gen:13 Ind:1 RMSE(val)=949.525129
[GA][Iter5] Gen:13 Ind:2 RMSE(val)=950.660159
[GA][Iter5] Gen:13 Ind:3 RMSE(val)=952.144074
[GA][Iter5] Gen:13 Ind:4 RMSE(val)=952.144074
[GA][Iter5] Gen:13 Ind:5 RMSE(val)=952.144074
[GA][Iter5] Gen:13 Ind:6 RMSE(val)=952.144074
[GA][Iter5] Gen:13 Ind:7 RMSE(val)=952.144074
[GA][Iter5] Gen:13 Ind:8 RMSE(val)=952.144074
[GA][Iter5] Gen:13 Ind:9 RMSE(val)=952.144074
[GA][Iter5] Gen:13 Ind:10 RMSE(val)=952.144074
[GA][Iter5] Gen:13 Ind:11 RMSE(val)=952.144074
[GA][Iter5] Gen:13 Ind:12 RMSE(val)=949.525129
[GA][Iter5] Gen:13 Ind:13 RMSE(val)=952.144074
[GA][Iter5] Gen:13 Ind:14 RMSE(val)=952.144074
[GA][Iter5] Gen:13 Ind:15 RMSE(val)=952.144074
[GA][Iter5] Gen:13 Ind:16 RMSE(val)=957.372281
[GA][Iter5] Gen:13 Ind:17 RMSE(val)=949.525129
[GA][Iter5] Gen:13 Ind:18 RMSE(val)=952.144074
[GA][Iter5] Gen:13 Ind:19 RMSE(val)=949.525129
[GA][Iter5] Gen:13 Ind:20 RMSE(val)=949.387466
[GA][Iter5] gen=13 best_val_rmse=949.387466
[GA][Iter5] Gen:14 Ind:1 RMSE(val)=949.387466
[GA][Iter5] Gen:14 Ind:2 RMSE(val)=949.525129
[GA][Iter5] Gen:14 Ind:3 RMSE(val)=949.525129
[GA][Iter5] Gen:14 Ind:4 RMSE(val)=949.525129
[GA][Iter5] Gen:14 Ind:5 RMSE(val)=949.525129
[GA][Iter5] Gen:14 Ind:6 RMSE(val)=950.660159
[GA][Iter5] Gen:14 Ind:7 RMSE(val)=952.144074
[GA][Iter5] Gen:14 Ind:8 RMSE(val)=952.144074
[GA][Iter5] Gen:14 Ind:9 RMSE(val)=952.144074
[GA][Iter5] Gen:14 Ind:10 RMSE(val)=952.144074
[GA][Iter5] Gen:14 Ind:11 RMSE(val)=952.144074
[GA][Iter5] Gen:14 Ind:12 RMSE(val)=952.943517
[GA][Iter5] Gen:14 Ind:13 RMSE(val)=952.144074
[GA][Iter5] Gen:14 Ind:14 RMSE(val)=949.214013
[GA][Iter5] Gen:14 Ind:15 RMSE(val)=952.144074
[GA][Iter5] Gen:14 Ind:16 RMSE(val)=952.144074
[GA][Iter5] Gen:14 Ind:17 RMSE(val)=950.660159
[GA][Iter5] Gen:14 Ind:18 RMSE(val)=952.144074
[GA][Iter5] Gen:14 Ind:19 RMSE(val)=961.514816
[GA][Iter5] Gen:14 Ind:20 RMSE(val)=952.144074
[GA][Iter5] gen=14 best_val_rmse=949.214013
[GA][Iter5] Gen:15 Ind:1 RMSE(val)=949.214013
[GA][Iter5] Gen:15 Ind:2 RMSE(val)=949.387466
[GA][Iter5] Gen:15 Ind:3 RMSE(val)=949.525129
[GA][Iter5] Gen:15 Ind:4 RMSE(val)=949.525129
[GA][Iter5] Gen:15 Ind:5 RMSE(val)=949.525129
[GA][Iter5] Gen:15 Ind:6 RMSE(val)=949.525129
[GA][Iter5] Gen:15 Ind:7 RMSE(val)=950.660159
[GA][Iter5] Gen:15 Ind:8 RMSE(val)=950.660159
[GA][Iter5] Gen:15 Ind:9 RMSE(val)=952.144074
[GA][Iter5] Gen:15 Ind:10 RMSE(val)=952.144074
[GA][Iter5] Gen:15 Ind:11 RMSE(val)=949.525129
[GA][Iter5] Gen:15 Ind:12 RMSE(val)=949.525129
[GA][Iter5] Gen:15 Ind:13 RMSE(val)=949.192564
[GA][Iter5] Gen:15 Ind:14 RMSE(val)=957.372281
[GA][Iter5] Gen:15 Ind:15 RMSE(val)=952.144074
[GA][Iter5] Gen:15 Ind:16 RMSE(val)=950.660159
[GA][Iter5] Gen:15 Ind:17 RMSE(val)=949.525129
[GA][Iter5] Gen:15 Ind:18 RMSE(val)=949.525129
[GA][Iter5] Gen:15 Ind:19 RMSE(val)=951.851067
[GA][Iter5] Gen:15 Ind:20 RMSE(val)=949.214013
[GA][Iter5] gen=15 best_val_rmse=949.192564
[GA][Iter5] Gen:15 Ind:1 RMSE(val)=949.192564
[GA][Iter5] Gen:15 Ind:2 RMSE(val)=949.214013
[GA][Iter5] Gen:15 Ind:3 RMSE(val)=949.214013
[GA][Iter5] Gen:15 Ind:4 RMSE(val)=949.387466
[GA][Iter5] Gen:15 Ind:5 RMSE(val)=949.525129
[GA][Iter5] Gen:15 Ind:6 RMSE(val)=949.525129
[GA][Iter5] Gen:15 Ind:7 RMSE(val)=949.525129
[GA][Iter5] Gen:15 Ind:8 RMSE(val)=949.525129
[GA][Iter5] Gen:15 Ind:9 RMSE(val)=949.525129
[GA][Iter5] Gen:15 Ind:10 RMSE(val)=949.525129
[GA][Iter5] Gen:15 Ind:11 RMSE(val)=949.525129
[GA][Iter5] Gen:15 Ind:12 RMSE(val)=949.192564
[GA][Iter5] Gen:15 Ind:13 RMSE(val)=949.387466
[GA][Iter5] Gen:15 Ind:14 RMSE(val)=949.192564
[GA][Iter5] Gen:15 Ind:15 RMSE(val)=952.531475
[GA][Iter5] Gen:15 Ind:16 RMSE(val)=949.525129
[GA][Iter5] Gen:15 Ind:17 RMSE(val)=949.525129
[GA][Iter5] Gen:15 Ind:18 RMSE(val)=961.686901
[GA][Iter5] Gen:15 Ind:19 RMSE(val)=949.603659
[GA][Iter5] Gen:15 Ind:20 RMSE(val)=949.525129

[GA DONE][Iter5] Best params on val fold of Iter5
Best val RMSE: 949.192564
Best params: {'n_estimators': 173, 'max_depth': 17, 'min_samples_split': 12, 'min_samples_leaf': 2, 'max_features': 'sqrt', 'bootstrap': True}
--------------------------------------------------------------------------------
[RETUNE GA] Iter5: train folds 1..9 -> test fold 10  RMSE=1268.977016  NRMSE=0.803255  CVRMSE=0.453852  R2=0.343260
