=== BASELINE (project=ccpay, last-7 mean, expanding folds) ===
Iter1: train folds 1..5 -> test fold 6  RMSE=34.7713  NRMSE=0.9926  CVRMSE=0.0974  R˛=0.0055
Iter2: train folds 1..6 -> test fold 7  RMSE=26.8059  NRMSE=1.0782  CVRMSE=0.0777  R˛=-0.1733
Iter3: train folds 1..7 -> test fold 8  RMSE=28.8793  NRMSE=1.0174  CVRMSE=0.0851  R˛=-0.0448
Iter4: train folds 1..8 -> test fold 9  RMSE=26.3649  NRMSE=1.0525  CVRMSE=0.0785  R˛=-0.1181
Iter5: train folds 1..9 -> test fold 10  RMSE=26.2376  NRMSE=1.0852  CVRMSE=0.0787  R˛=-0.1886
--------------------------------------------------
[FEATURES] initial=88 kept_after_screening=53
['workflow_event_trigger', 'issuer_name', 'gh_files_added', 'gh_files_deleted', 'gh_tests_deleted', 'gh_src_churn', 'gh_is_pr', 'gh_src_files', 'gh_doc_files', 'git_commits', 'gh_team_size_last_3_month', 'gh_num_pr_comments', 'gh_test_lines_per_kloc', 'docker_compose_changed', 'hour', 'dow', 'month', 'secs_since_prev', 'duration_lag_1', 'duration_lag_3', 'duration_lag_4', 'duration_lag_5', 'duration_lag_6', 'duration_lag_7', 'window_avg_7', 'window_std_7', 'window_std_3', 'ft___gradle__', 'ft___java__', 'ft___json__', 'ft___properties__', 'ft___tf_', 'ft___tfvars_', 'ft___tfvars__', 'ft___xml__', 'ft___yml_', 'ft___yml__', 'ft____config_', 'ft____gradle_', 'ft____gradle__', 'ft____java_', 'ft____java__', 'ft____properties_', 'ft____properties__', 'ft____tf_', 'ft____tf__', 'ft____tfvars_', 'ft____tfvars__', 'ft____xml_', 'ft____yaml_', 'ft____yaml__', 'ft____yml_', 'ft___']
--------------------------------------------------------------------------------
[GA][Iter1] Gen:1 Ind:1 RMSE(val)=31.410452
[GA][Iter1] Gen:1 Ind:2 RMSE(val)=31.538135
[GA][Iter1] Gen:1 Ind:3 RMSE(val)=31.204066
[GA][Iter1] Gen:1 Ind:4 RMSE(val)=30.796696
[GA][Iter1] Gen:1 Ind:5 RMSE(val)=44.870807
[GA][Iter1] Gen:1 Ind:6 RMSE(val)=31.049031
[GA][Iter1] Gen:1 Ind:7 RMSE(val)=30.940598
[GA][Iter1] Gen:1 Ind:8 RMSE(val)=31.139062
[GA][Iter1] Gen:1 Ind:9 RMSE(val)=31.010945
[GA][Iter1] Gen:1 Ind:10 RMSE(val)=31.437192
[GA][Iter1] Gen:1 Ind:11 RMSE(val)=30.866482
[GA][Iter1] Gen:1 Ind:12 RMSE(val)=31.872371
[GA][Iter1] Gen:1 Ind:13 RMSE(val)=30.973767
[GA][Iter1] Gen:1 Ind:14 RMSE(val)=31.267460
[GA][Iter1] Gen:1 Ind:15 RMSE(val)=31.072041
[GA][Iter1] Gen:1 Ind:16 RMSE(val)=30.875056
[GA][Iter1] Gen:1 Ind:17 RMSE(val)=30.965084
[GA][Iter1] Gen:1 Ind:18 RMSE(val)=31.027648
[GA][Iter1] Gen:1 Ind:19 RMSE(val)=31.198954
[GA][Iter1] Gen:1 Ind:20 RMSE(val)=37.296145
[GA][Iter1] gen=1 best_val_rmse=30.796696
[GA][Iter1] Gen:2 Ind:1 RMSE(val)=30.796696
[GA][Iter1] Gen:2 Ind:2 RMSE(val)=30.866482
[GA][Iter1] Gen:2 Ind:3 RMSE(val)=30.875056
[GA][Iter1] Gen:2 Ind:4 RMSE(val)=30.940598
[GA][Iter1] Gen:2 Ind:5 RMSE(val)=30.965084
[GA][Iter1] Gen:2 Ind:6 RMSE(val)=30.973767
[GA][Iter1] Gen:2 Ind:7 RMSE(val)=31.010945
[GA][Iter1] Gen:2 Ind:8 RMSE(val)=31.027648
[GA][Iter1] Gen:2 Ind:9 RMSE(val)=31.049031
[GA][Iter1] Gen:2 Ind:10 RMSE(val)=31.072041
[GA][Iter1] Gen:2 Ind:11 RMSE(val)=31.480623
[GA][Iter1] Gen:2 Ind:12 RMSE(val)=30.767851
[GA][Iter1] Gen:2 Ind:13 RMSE(val)=31.009658
[GA][Iter1] Gen:2 Ind:14 RMSE(val)=31.042949
[GA][Iter1] Gen:2 Ind:15 RMSE(val)=41.286124
[GA][Iter1] Gen:2 Ind:16 RMSE(val)=30.647946
[GA][Iter1] Gen:2 Ind:17 RMSE(val)=30.975601
[GA][Iter1] Gen:2 Ind:18 RMSE(val)=30.794047
[GA][Iter1] Gen:2 Ind:19 RMSE(val)=31.072041
[GA][Iter1] Gen:2 Ind:20 RMSE(val)=30.778615
[GA][Iter1] gen=2 best_val_rmse=30.647946
[GA][Iter1] Gen:3 Ind:1 RMSE(val)=30.647946
[GA][Iter1] Gen:3 Ind:2 RMSE(val)=30.767851
[GA][Iter1] Gen:3 Ind:3 RMSE(val)=30.778615
[GA][Iter1] Gen:3 Ind:4 RMSE(val)=30.794047
[GA][Iter1] Gen:3 Ind:5 RMSE(val)=30.796696
[GA][Iter1] Gen:3 Ind:6 RMSE(val)=30.866482
[GA][Iter1] Gen:3 Ind:7 RMSE(val)=30.875056
[GA][Iter1] Gen:3 Ind:8 RMSE(val)=30.940598
[GA][Iter1] Gen:3 Ind:9 RMSE(val)=30.965084
[GA][Iter1] Gen:3 Ind:10 RMSE(val)=30.973767
[GA][Iter1] Gen:3 Ind:11 RMSE(val)=30.764255
[GA][Iter1] Gen:3 Ind:12 RMSE(val)=30.797212
[GA][Iter1] Gen:3 Ind:13 RMSE(val)=30.786422
[GA][Iter1] Gen:3 Ind:14 RMSE(val)=30.653391
[GA][Iter1] Gen:3 Ind:15 RMSE(val)=30.870070
[GA][Iter1] Gen:3 Ind:16 RMSE(val)=30.897161
[GA][Iter1] Gen:3 Ind:17 RMSE(val)=31.034922
[GA][Iter1] Gen:3 Ind:18 RMSE(val)=30.874274
[GA][Iter1] Gen:3 Ind:19 RMSE(val)=30.817988
[GA][Iter1] Gen:3 Ind:20 RMSE(val)=30.834499
[GA][Iter1] gen=3 best_val_rmse=30.647946
[GA][Iter1] Gen:4 Ind:1 RMSE(val)=30.647946
[GA][Iter1] Gen:4 Ind:2 RMSE(val)=30.653391
[GA][Iter1] Gen:4 Ind:3 RMSE(val)=30.764255
[GA][Iter1] Gen:4 Ind:4 RMSE(val)=30.767851
[GA][Iter1] Gen:4 Ind:5 RMSE(val)=30.778615
[GA][Iter1] Gen:4 Ind:6 RMSE(val)=30.786422
[GA][Iter1] Gen:4 Ind:7 RMSE(val)=30.794047
[GA][Iter1] Gen:4 Ind:8 RMSE(val)=30.796696
[GA][Iter1] Gen:4 Ind:9 RMSE(val)=30.797212
[GA][Iter1] Gen:4 Ind:10 RMSE(val)=30.817988
[GA][Iter1] Gen:4 Ind:11 RMSE(val)=30.832961
[GA][Iter1] Gen:4 Ind:12 RMSE(val)=30.814854
[GA][Iter1] Gen:4 Ind:13 RMSE(val)=30.773123
[GA][Iter1] Gen:4 Ind:14 RMSE(val)=30.803790
[GA][Iter1] Gen:4 Ind:15 RMSE(val)=30.773123
[GA][Iter1] Gen:4 Ind:16 RMSE(val)=30.768144
[GA][Iter1] Gen:4 Ind:17 RMSE(val)=30.779834
[GA][Iter1] Gen:4 Ind:18 RMSE(val)=30.797212
[GA][Iter1] Gen:4 Ind:19 RMSE(val)=30.814854
[GA][Iter1] Gen:4 Ind:20 RMSE(val)=30.653391
[GA][Iter1] gen=4 best_val_rmse=30.647946
[GA][Iter1] Gen:5 Ind:1 RMSE(val)=30.647946
[GA][Iter1] Gen:5 Ind:2 RMSE(val)=30.653391
[GA][Iter1] Gen:5 Ind:3 RMSE(val)=30.653391
[GA][Iter1] Gen:5 Ind:4 RMSE(val)=30.764255
[GA][Iter1] Gen:5 Ind:5 RMSE(val)=30.767851
[GA][Iter1] Gen:5 Ind:6 RMSE(val)=30.768144
[GA][Iter1] Gen:5 Ind:7 RMSE(val)=30.773123
[GA][Iter1] Gen:5 Ind:8 RMSE(val)=30.773123
[GA][Iter1] Gen:5 Ind:9 RMSE(val)=30.778615
[GA][Iter1] Gen:5 Ind:10 RMSE(val)=30.779834
[GA][Iter1] Gen:5 Ind:11 RMSE(val)=30.768144
[GA][Iter1] Gen:5 Ind:12 RMSE(val)=30.770048
[GA][Iter1] Gen:5 Ind:13 RMSE(val)=30.832961
[GA][Iter1] Gen:5 Ind:14 RMSE(val)=30.882949
[GA][Iter1] Gen:5 Ind:15 RMSE(val)=31.011279
[GA][Iter1] Gen:5 Ind:16 RMSE(val)=30.773123
[GA][Iter1] Gen:5 Ind:17 RMSE(val)=30.668940
[GA][Iter1] Gen:5 Ind:18 RMSE(val)=30.779834
[GA][Iter1] Gen:5 Ind:19 RMSE(val)=30.797212
[GA][Iter1] Gen:5 Ind:20 RMSE(val)=30.778615
[GA][Iter1] gen=5 best_val_rmse=30.647946
[GA][Iter1] Gen:6 Ind:1 RMSE(val)=30.647946
[GA][Iter1] Gen:6 Ind:2 RMSE(val)=30.653391
[GA][Iter1] Gen:6 Ind:3 RMSE(val)=30.653391
[GA][Iter1] Gen:6 Ind:4 RMSE(val)=30.668940
[GA][Iter1] Gen:6 Ind:5 RMSE(val)=30.764255
[GA][Iter1] Gen:6 Ind:6 RMSE(val)=30.767851
[GA][Iter1] Gen:6 Ind:7 RMSE(val)=30.768144
[GA][Iter1] Gen:6 Ind:8 RMSE(val)=30.768144
[GA][Iter1] Gen:6 Ind:9 RMSE(val)=30.770048
[GA][Iter1] Gen:6 Ind:10 RMSE(val)=30.773123
[GA][Iter1] Gen:6 Ind:11 RMSE(val)=30.683421
[GA][Iter1] Gen:6 Ind:12 RMSE(val)=30.647946
[GA][Iter1] Gen:6 Ind:13 RMSE(val)=30.764255
[GA][Iter1] Gen:6 Ind:14 RMSE(val)=30.871943
[GA][Iter1] Gen:6 Ind:15 RMSE(val)=30.773123
[GA][Iter1] Gen:6 Ind:16 RMSE(val)=30.647946
[GA][Iter1] Gen:6 Ind:17 RMSE(val)=30.764255
[GA][Iter1] Gen:6 Ind:18 RMSE(val)=30.768144
[GA][Iter1] Gen:6 Ind:19 RMSE(val)=30.768144
[GA][Iter1] Gen:6 Ind:20 RMSE(val)=41.695308
[GA][Iter1] gen=6 best_val_rmse=30.647946
[GA][Iter1] Gen:7 Ind:1 RMSE(val)=30.647946
[GA][Iter1] Gen:7 Ind:2 RMSE(val)=30.647946
[GA][Iter1] Gen:7 Ind:3 RMSE(val)=30.647946
[GA][Iter1] Gen:7 Ind:4 RMSE(val)=30.653391
[GA][Iter1] Gen:7 Ind:5 RMSE(val)=30.653391
[GA][Iter1] Gen:7 Ind:6 RMSE(val)=30.668940
[GA][Iter1] Gen:7 Ind:7 RMSE(val)=30.683421
[GA][Iter1] Gen:7 Ind:8 RMSE(val)=30.764255
[GA][Iter1] Gen:7 Ind:9 RMSE(val)=30.764255
[GA][Iter1] Gen:7 Ind:10 RMSE(val)=30.764255
[GA][Iter1] Gen:7 Ind:11 RMSE(val)=30.941659
[GA][Iter1] Gen:7 Ind:12 RMSE(val)=30.668940
[GA][Iter1] Gen:7 Ind:13 RMSE(val)=30.768144
[GA][Iter1] Gen:7 Ind:14 RMSE(val)=30.683421
[GA][Iter1] Gen:7 Ind:15 RMSE(val)=30.668940
[GA][Iter1] Gen:7 Ind:16 RMSE(val)=30.653391
[GA][Iter1] Gen:7 Ind:17 RMSE(val)=30.764255
[GA][Iter1] Gen:7 Ind:18 RMSE(val)=30.768144
[GA][Iter1] Gen:7 Ind:19 RMSE(val)=30.768144
[GA][Iter1] Gen:7 Ind:20 RMSE(val)=30.653391
[GA][Iter1] gen=7 best_val_rmse=30.647946
[GA][Iter1] Gen:8 Ind:1 RMSE(val)=30.647946
[GA][Iter1] Gen:8 Ind:2 RMSE(val)=30.647946
[GA][Iter1] Gen:8 Ind:3 RMSE(val)=30.647946
[GA][Iter1] Gen:8 Ind:4 RMSE(val)=30.653391
[GA][Iter1] Gen:8 Ind:5 RMSE(val)=30.653391
[GA][Iter1] Gen:8 Ind:6 RMSE(val)=30.653391
[GA][Iter1] Gen:8 Ind:7 RMSE(val)=30.653391
[GA][Iter1] Gen:8 Ind:8 RMSE(val)=30.668940
[GA][Iter1] Gen:8 Ind:9 RMSE(val)=30.668940
[GA][Iter1] Gen:8 Ind:10 RMSE(val)=30.668940
[GA][Iter1] Gen:8 Ind:11 RMSE(val)=31.009184
[GA][Iter1] Gen:8 Ind:12 RMSE(val)=30.647946
[GA][Iter1] Gen:8 Ind:13 RMSE(val)=30.653391
[GA][Iter1] Gen:8 Ind:14 RMSE(val)=30.645347
[GA][Iter1] Gen:8 Ind:15 RMSE(val)=30.668940
[GA][Iter1] Gen:8 Ind:16 RMSE(val)=30.653391
[GA][Iter1] Gen:8 Ind:17 RMSE(val)=30.668940
[GA][Iter1] Gen:8 Ind:18 RMSE(val)=30.943108
[GA][Iter1] Gen:8 Ind:19 RMSE(val)=30.653391
[GA][Iter1] Gen:8 Ind:20 RMSE(val)=30.668940
[GA][Iter1] gen=8 best_val_rmse=30.645347
[GA][Iter1] Gen:9 Ind:1 RMSE(val)=30.645347
[GA][Iter1] Gen:9 Ind:2 RMSE(val)=30.647946
[GA][Iter1] Gen:9 Ind:3 RMSE(val)=30.647946
[GA][Iter1] Gen:9 Ind:4 RMSE(val)=30.647946
[GA][Iter1] Gen:9 Ind:5 RMSE(val)=30.647946
[GA][Iter1] Gen:9 Ind:6 RMSE(val)=30.653391
[GA][Iter1] Gen:9 Ind:7 RMSE(val)=30.653391
[GA][Iter1] Gen:9 Ind:8 RMSE(val)=30.653391
[GA][Iter1] Gen:9 Ind:9 RMSE(val)=30.653391
[GA][Iter1] Gen:9 Ind:10 RMSE(val)=30.653391
[GA][Iter1] Gen:9 Ind:11 RMSE(val)=30.653391
[GA][Iter1] Gen:9 Ind:12 RMSE(val)=30.645347
[GA][Iter1] Gen:9 Ind:13 RMSE(val)=30.668182
[GA][Iter1] Gen:9 Ind:14 RMSE(val)=30.647946
[GA][Iter1] Gen:9 Ind:15 RMSE(val)=41.695308
[GA][Iter1] Gen:9 Ind:16 RMSE(val)=30.647946
[GA][Iter1] Gen:9 Ind:17 RMSE(val)=30.942573
[GA][Iter1] Gen:9 Ind:18 RMSE(val)=30.653391
[GA][Iter1] Gen:9 Ind:19 RMSE(val)=31.009184
[GA][Iter1] Gen:9 Ind:20 RMSE(val)=30.653391
[GA][Iter1] gen=9 best_val_rmse=30.645347
[GA][Iter1] Gen:10 Ind:1 RMSE(val)=30.645347
[GA][Iter1] Gen:10 Ind:2 RMSE(val)=30.645347
[GA][Iter1] Gen:10 Ind:3 RMSE(val)=30.647946
[GA][Iter1] Gen:10 Ind:4 RMSE(val)=30.647946
[GA][Iter1] Gen:10 Ind:5 RMSE(val)=30.647946
[GA][Iter1] Gen:10 Ind:6 RMSE(val)=30.647946
[GA][Iter1] Gen:10 Ind:7 RMSE(val)=30.647946
[GA][Iter1] Gen:10 Ind:8 RMSE(val)=30.647946
[GA][Iter1] Gen:10 Ind:9 RMSE(val)=30.653391
[GA][Iter1] Gen:10 Ind:10 RMSE(val)=30.653391
[GA][Iter1] Gen:10 Ind:11 RMSE(val)=30.647946
[GA][Iter1] Gen:10 Ind:12 RMSE(val)=30.645347
[GA][Iter1] Gen:10 Ind:13 RMSE(val)=30.645347
[GA][Iter1] Gen:10 Ind:14 RMSE(val)=30.653391
[GA][Iter1] Gen:10 Ind:15 RMSE(val)=30.647946
[GA][Iter1] Gen:10 Ind:16 RMSE(val)=30.834937
[GA][Iter1] Gen:10 Ind:17 RMSE(val)=30.645347
[GA][Iter1] Gen:10 Ind:18 RMSE(val)=30.653391
[GA][Iter1] Gen:10 Ind:19 RMSE(val)=30.653391
[GA][Iter1] Gen:10 Ind:20 RMSE(val)=30.647946
[GA][Iter1] gen=10 best_val_rmse=30.645347
[GA][Iter1] Gen:11 Ind:1 RMSE(val)=30.645347
[GA][Iter1] Gen:11 Ind:2 RMSE(val)=30.645347
[GA][Iter1] Gen:11 Ind:3 RMSE(val)=30.645347
[GA][Iter1] Gen:11 Ind:4 RMSE(val)=30.645347
[GA][Iter1] Gen:11 Ind:5 RMSE(val)=30.645347
[GA][Iter1] Gen:11 Ind:6 RMSE(val)=30.647946
[GA][Iter1] Gen:11 Ind:7 RMSE(val)=30.647946
[GA][Iter1] Gen:11 Ind:8 RMSE(val)=30.647946
[GA][Iter1] Gen:11 Ind:9 RMSE(val)=30.647946
[GA][Iter1] Gen:11 Ind:10 RMSE(val)=30.647946
[GA][Iter1] Gen:11 Ind:11 RMSE(val)=30.645347
[GA][Iter1] Gen:11 Ind:12 RMSE(val)=30.645347
[GA][Iter1] Gen:11 Ind:13 RMSE(val)=30.647946
[GA][Iter1] Gen:11 Ind:14 RMSE(val)=30.647946
[GA][Iter1] Gen:11 Ind:15 RMSE(val)=30.673857
[GA][Iter1] Gen:11 Ind:16 RMSE(val)=30.647946
[GA][Iter1] Gen:11 Ind:17 RMSE(val)=30.645347
[GA][Iter1] Gen:11 Ind:18 RMSE(val)=30.645347
[GA][Iter1] Gen:11 Ind:19 RMSE(val)=30.645347
[GA][Iter1] Gen:11 Ind:20 RMSE(val)=30.647946
[GA][Iter1] gen=11 best_val_rmse=30.645347
[GA][Iter1] Gen:12 Ind:1 RMSE(val)=30.645347
[GA][Iter1] Gen:12 Ind:2 RMSE(val)=30.645347
[GA][Iter1] Gen:12 Ind:3 RMSE(val)=30.645347
[GA][Iter1] Gen:12 Ind:4 RMSE(val)=30.645347
[GA][Iter1] Gen:12 Ind:5 RMSE(val)=30.645347
[GA][Iter1] Gen:12 Ind:6 RMSE(val)=30.645347
[GA][Iter1] Gen:12 Ind:7 RMSE(val)=30.645347
[GA][Iter1] Gen:12 Ind:8 RMSE(val)=30.645347
[GA][Iter1] Gen:12 Ind:9 RMSE(val)=30.645347
[GA][Iter1] Gen:12 Ind:10 RMSE(val)=30.645347
[GA][Iter1] Gen:12 Ind:11 RMSE(val)=30.645347
[GA][Iter1] Gen:12 Ind:12 RMSE(val)=30.964444
[GA][Iter1] Gen:12 Ind:13 RMSE(val)=30.645347
[GA][Iter1] Gen:12 Ind:14 RMSE(val)=30.645347
[GA][Iter1] Gen:12 Ind:15 RMSE(val)=30.645347
[GA][Iter1] Gen:12 Ind:16 RMSE(val)=30.645347
[GA][Iter1] Gen:12 Ind:17 RMSE(val)=30.645347
[GA][Iter1] Gen:12 Ind:18 RMSE(val)=30.645347
[GA][Iter1] Gen:12 Ind:19 RMSE(val)=30.645347
[GA][Iter1] Gen:12 Ind:20 RMSE(val)=30.630436
[GA][Iter1] gen=12 best_val_rmse=30.630436
[GA][Iter1] Gen:13 Ind:1 RMSE(val)=30.630436
[GA][Iter1] Gen:13 Ind:2 RMSE(val)=30.645347
[GA][Iter1] Gen:13 Ind:3 RMSE(val)=30.645347
[GA][Iter1] Gen:13 Ind:4 RMSE(val)=30.645347
[GA][Iter1] Gen:13 Ind:5 RMSE(val)=30.645347
[GA][Iter1] Gen:13 Ind:6 RMSE(val)=30.645347
[GA][Iter1] Gen:13 Ind:7 RMSE(val)=30.645347
[GA][Iter1] Gen:13 Ind:8 RMSE(val)=30.645347
[GA][Iter1] Gen:13 Ind:9 RMSE(val)=30.645347
[GA][Iter1] Gen:13 Ind:10 RMSE(val)=30.645347
[GA][Iter1] Gen:13 Ind:11 RMSE(val)=30.645347
[GA][Iter1] Gen:13 Ind:12 RMSE(val)=30.630436
[GA][Iter1] Gen:13 Ind:13 RMSE(val)=30.645347
[GA][Iter1] Gen:13 Ind:14 RMSE(val)=30.645347
[GA][Iter1] Gen:13 Ind:15 RMSE(val)=30.645347
[GA][Iter1] Gen:13 Ind:16 RMSE(val)=30.964444
[GA][Iter1] Gen:13 Ind:17 RMSE(val)=30.630436
[GA][Iter1] Gen:13 Ind:18 RMSE(val)=30.645347
[GA][Iter1] Gen:13 Ind:19 RMSE(val)=30.630436
[GA][Iter1] Gen:13 Ind:20 RMSE(val)=30.668987
[GA][Iter1] gen=13 best_val_rmse=30.630436
[GA][Iter1] Gen:14 Ind:1 RMSE(val)=30.630436
[GA][Iter1] Gen:14 Ind:2 RMSE(val)=30.630436
[GA][Iter1] Gen:14 Ind:3 RMSE(val)=30.630436
[GA][Iter1] Gen:14 Ind:4 RMSE(val)=30.630436
[GA][Iter1] Gen:14 Ind:5 RMSE(val)=30.645347
[GA][Iter1] Gen:14 Ind:6 RMSE(val)=30.645347
[GA][Iter1] Gen:14 Ind:7 RMSE(val)=30.645347
[GA][Iter1] Gen:14 Ind:8 RMSE(val)=30.645347
[GA][Iter1] Gen:14 Ind:9 RMSE(val)=30.645347
[GA][Iter1] Gen:14 Ind:10 RMSE(val)=30.645347
[GA][Iter1] Gen:14 Ind:11 RMSE(val)=30.645347
[GA][Iter1] Gen:14 Ind:12 RMSE(val)=30.645347
[GA][Iter1] Gen:14 Ind:13 RMSE(val)=30.645347
[GA][Iter1] Gen:14 Ind:14 RMSE(val)=30.630441
[GA][Iter1] Gen:14 Ind:15 RMSE(val)=30.645347
[GA][Iter1] Gen:14 Ind:16 RMSE(val)=30.645347
[GA][Iter1] Gen:14 Ind:17 RMSE(val)=30.645347
[GA][Iter1] Gen:14 Ind:18 RMSE(val)=30.645347
[GA][Iter1] Gen:14 Ind:19 RMSE(val)=30.928891
[GA][Iter1] Gen:14 Ind:20 RMSE(val)=30.645347
[GA][Iter1] gen=14 best_val_rmse=30.630436
[GA][Iter1] Gen:15 Ind:1 RMSE(val)=30.630436
[GA][Iter1] Gen:15 Ind:2 RMSE(val)=30.630436
[GA][Iter1] Gen:15 Ind:3 RMSE(val)=30.630436
[GA][Iter1] Gen:15 Ind:4 RMSE(val)=30.630436
[GA][Iter1] Gen:15 Ind:5 RMSE(val)=30.630441
[GA][Iter1] Gen:15 Ind:6 RMSE(val)=30.645347
[GA][Iter1] Gen:15 Ind:7 RMSE(val)=30.645347
[GA][Iter1] Gen:15 Ind:8 RMSE(val)=30.645347
[GA][Iter1] Gen:15 Ind:9 RMSE(val)=30.645347
[GA][Iter1] Gen:15 Ind:10 RMSE(val)=30.645347
[GA][Iter1] Gen:15 Ind:11 RMSE(val)=30.630441
[GA][Iter1] Gen:15 Ind:12 RMSE(val)=30.630436
[GA][Iter1] Gen:15 Ind:13 RMSE(val)=30.661554
[GA][Iter1] Gen:15 Ind:14 RMSE(val)=30.860043
[GA][Iter1] Gen:15 Ind:15 RMSE(val)=30.645347
[GA][Iter1] Gen:15 Ind:16 RMSE(val)=30.645347
[GA][Iter1] Gen:15 Ind:17 RMSE(val)=30.645347
[GA][Iter1] Gen:15 Ind:18 RMSE(val)=30.630436
[GA][Iter1] Gen:15 Ind:19 RMSE(val)=30.849738
[GA][Iter1] Gen:15 Ind:20 RMSE(val)=30.630436
[GA][Iter1] gen=15 best_val_rmse=30.630436
[GA][Iter1] Gen:15 Ind:1 RMSE(val)=30.630436
[GA][Iter1] Gen:15 Ind:2 RMSE(val)=30.630436
[GA][Iter1] Gen:15 Ind:3 RMSE(val)=30.630436
[GA][Iter1] Gen:15 Ind:4 RMSE(val)=30.630436
[GA][Iter1] Gen:15 Ind:5 RMSE(val)=30.630436
[GA][Iter1] Gen:15 Ind:6 RMSE(val)=30.630436
[GA][Iter1] Gen:15 Ind:7 RMSE(val)=30.630436
[GA][Iter1] Gen:15 Ind:8 RMSE(val)=30.630441
[GA][Iter1] Gen:15 Ind:9 RMSE(val)=30.630441
[GA][Iter1] Gen:15 Ind:10 RMSE(val)=30.645347
[GA][Iter1] Gen:15 Ind:11 RMSE(val)=30.630436
[GA][Iter1] Gen:15 Ind:12 RMSE(val)=30.630436
[GA][Iter1] Gen:15 Ind:13 RMSE(val)=30.630436
[GA][Iter1] Gen:15 Ind:14 RMSE(val)=30.630436
[GA][Iter1] Gen:15 Ind:15 RMSE(val)=31.001828
[GA][Iter1] Gen:15 Ind:16 RMSE(val)=30.630436
[GA][Iter1] Gen:15 Ind:17 RMSE(val)=30.630436
[GA][Iter1] Gen:15 Ind:18 RMSE(val)=30.630436
[GA][Iter1] Gen:15 Ind:19 RMSE(val)=30.662435
[GA][Iter1] Gen:15 Ind:20 RMSE(val)=30.645347

[GA DONE][Iter1] Best params on val fold of Iter1
Best val RMSE: 30.630436
Best params: {'n_estimators': 377, 'max_depth': 27, 'min_samples_split': 4, 'min_samples_leaf': 6, 'max_features': 'sqrt', 'bootstrap': False}
--------------------------------------------------------------------------------
[RETUNE GA] Iter1: train folds 1..5 -> test fold 6  RMSE=33.346169  NRMSE=0.951954  CVRMSE=0.093361  R2=0.085314
[GA][Iter2] Gen:1 Ind:1 RMSE(val)=33.730766
[GA][Iter2] Gen:1 Ind:2 RMSE(val)=33.569404
[GA][Iter2] Gen:1 Ind:3 RMSE(val)=34.686476
[GA][Iter2] Gen:1 Ind:4 RMSE(val)=33.269128
[GA][Iter2] Gen:1 Ind:5 RMSE(val)=44.999519
[GA][Iter2] Gen:1 Ind:6 RMSE(val)=33.330493
[GA][Iter2] Gen:1 Ind:7 RMSE(val)=33.264498
[GA][Iter2] Gen:1 Ind:8 RMSE(val)=33.407475
[GA][Iter2] Gen:1 Ind:9 RMSE(val)=33.254310
[GA][Iter2] Gen:1 Ind:10 RMSE(val)=33.821492
[GA][Iter2] Gen:1 Ind:11 RMSE(val)=33.336040
[GA][Iter2] Gen:1 Ind:12 RMSE(val)=34.529460
[GA][Iter2] Gen:1 Ind:13 RMSE(val)=33.404037
[GA][Iter2] Gen:1 Ind:14 RMSE(val)=33.634082
[GA][Iter2] Gen:1 Ind:15 RMSE(val)=33.637032
[GA][Iter2] Gen:1 Ind:16 RMSE(val)=33.271701
[GA][Iter2] Gen:1 Ind:17 RMSE(val)=33.444505
[GA][Iter2] Gen:1 Ind:18 RMSE(val)=33.298795
[GA][Iter2] Gen:1 Ind:19 RMSE(val)=34.328544
[GA][Iter2] Gen:1 Ind:20 RMSE(val)=42.952159
[GA][Iter2] gen=1 best_val_rmse=33.254310
[GA][Iter2] Gen:2 Ind:1 RMSE(val)=33.254310
[GA][Iter2] Gen:2 Ind:2 RMSE(val)=33.264498
[GA][Iter2] Gen:2 Ind:3 RMSE(val)=33.269128
[GA][Iter2] Gen:2 Ind:4 RMSE(val)=33.271701
[GA][Iter2] Gen:2 Ind:5 RMSE(val)=33.298795
[GA][Iter2] Gen:2 Ind:6 RMSE(val)=33.330493
[GA][Iter2] Gen:2 Ind:7 RMSE(val)=33.336040
[GA][Iter2] Gen:2 Ind:8 RMSE(val)=33.404037
[GA][Iter2] Gen:2 Ind:9 RMSE(val)=33.407475
[GA][Iter2] Gen:2 Ind:10 RMSE(val)=33.444505
[GA][Iter2] Gen:2 Ind:11 RMSE(val)=33.198427
[GA][Iter2] Gen:2 Ind:12 RMSE(val)=33.305901
[GA][Iter2] Gen:2 Ind:13 RMSE(val)=33.264498
[GA][Iter2] Gen:2 Ind:14 RMSE(val)=33.379956
[GA][Iter2] Gen:2 Ind:15 RMSE(val)=43.441382
[GA][Iter2] Gen:2 Ind:16 RMSE(val)=33.271701
[GA][Iter2] Gen:2 Ind:17 RMSE(val)=33.390460
[GA][Iter2] Gen:2 Ind:18 RMSE(val)=33.257934
[GA][Iter2] Gen:2 Ind:19 RMSE(val)=33.444505
[GA][Iter2] Gen:2 Ind:20 RMSE(val)=33.351716
[GA][Iter2] gen=2 best_val_rmse=33.198427
[GA][Iter2] Gen:3 Ind:1 RMSE(val)=33.198427
[GA][Iter2] Gen:3 Ind:2 RMSE(val)=33.254310
[GA][Iter2] Gen:3 Ind:3 RMSE(val)=33.257934
[GA][Iter2] Gen:3 Ind:4 RMSE(val)=33.264498
[GA][Iter2] Gen:3 Ind:5 RMSE(val)=33.264498
[GA][Iter2] Gen:3 Ind:6 RMSE(val)=33.269128
[GA][Iter2] Gen:3 Ind:7 RMSE(val)=33.271701
[GA][Iter2] Gen:3 Ind:8 RMSE(val)=33.271701
[GA][Iter2] Gen:3 Ind:9 RMSE(val)=33.298795
[GA][Iter2] Gen:3 Ind:10 RMSE(val)=33.305901
[GA][Iter2] Gen:3 Ind:11 RMSE(val)=33.424926
[GA][Iter2] Gen:3 Ind:12 RMSE(val)=33.409114
[GA][Iter2] Gen:3 Ind:13 RMSE(val)=33.257992
[GA][Iter2] Gen:3 Ind:14 RMSE(val)=33.357546
[GA][Iter2] Gen:3 Ind:15 RMSE(val)=33.254310
[GA][Iter2] Gen:3 Ind:16 RMSE(val)=33.232884
[GA][Iter2] Gen:3 Ind:17 RMSE(val)=33.352624
[GA][Iter2] Gen:3 Ind:18 RMSE(val)=33.254310
[GA][Iter2] Gen:3 Ind:19 RMSE(val)=33.357546
[GA][Iter2] Gen:3 Ind:20 RMSE(val)=33.297694
[GA][Iter2] gen=3 best_val_rmse=33.198427
[GA][Iter2] Gen:4 Ind:1 RMSE(val)=33.198427
[GA][Iter2] Gen:4 Ind:2 RMSE(val)=33.232884
[GA][Iter2] Gen:4 Ind:3 RMSE(val)=33.254310
[GA][Iter2] Gen:4 Ind:4 RMSE(val)=33.254310
[GA][Iter2] Gen:4 Ind:5 RMSE(val)=33.254310
[GA][Iter2] Gen:4 Ind:6 RMSE(val)=33.257934
[GA][Iter2] Gen:4 Ind:7 RMSE(val)=33.257992
[GA][Iter2] Gen:4 Ind:8 RMSE(val)=33.264498
[GA][Iter2] Gen:4 Ind:9 RMSE(val)=33.264498
[GA][Iter2] Gen:4 Ind:10 RMSE(val)=33.269128
[GA][Iter2] Gen:4 Ind:11 RMSE(val)=33.232786
[GA][Iter2] Gen:4 Ind:12 RMSE(val)=33.387745
[GA][Iter2] Gen:4 Ind:13 RMSE(val)=33.387484
[GA][Iter2] Gen:4 Ind:14 RMSE(val)=33.257934
[GA][Iter2] Gen:4 Ind:15 RMSE(val)=33.316740
[GA][Iter2] Gen:4 Ind:16 RMSE(val)=33.254310
[GA][Iter2] Gen:4 Ind:17 RMSE(val)=33.254310
[GA][Iter2] Gen:4 Ind:18 RMSE(val)=33.257992
[GA][Iter2] Gen:4 Ind:19 RMSE(val)=33.254310
[GA][Iter2] Gen:4 Ind:20 RMSE(val)=33.254035
[GA][Iter2] gen=4 best_val_rmse=33.198427
[GA][Iter2] Gen:5 Ind:1 RMSE(val)=33.198427
[GA][Iter2] Gen:5 Ind:2 RMSE(val)=33.232786
[GA][Iter2] Gen:5 Ind:3 RMSE(val)=33.232884
[GA][Iter2] Gen:5 Ind:4 RMSE(val)=33.254035
[GA][Iter2] Gen:5 Ind:5 RMSE(val)=33.254310
[GA][Iter2] Gen:5 Ind:6 RMSE(val)=33.254310
[GA][Iter2] Gen:5 Ind:7 RMSE(val)=33.254310
[GA][Iter2] Gen:5 Ind:8 RMSE(val)=33.254310
[GA][Iter2] Gen:5 Ind:9 RMSE(val)=33.254310
[GA][Iter2] Gen:5 Ind:10 RMSE(val)=33.254310
[GA][Iter2] Gen:5 Ind:11 RMSE(val)=33.254035
[GA][Iter2] Gen:5 Ind:12 RMSE(val)=33.254310
[GA][Iter2] Gen:5 Ind:13 RMSE(val)=33.291128
[GA][Iter2] Gen:5 Ind:14 RMSE(val)=33.254035
[GA][Iter2] Gen:5 Ind:15 RMSE(val)=33.211761
[GA][Iter2] Gen:5 Ind:16 RMSE(val)=33.254310
[GA][Iter2] Gen:5 Ind:17 RMSE(val)=33.239122
[GA][Iter2] Gen:5 Ind:18 RMSE(val)=33.254310
[GA][Iter2] Gen:5 Ind:19 RMSE(val)=33.254310
[GA][Iter2] Gen:5 Ind:20 RMSE(val)=33.254310
[GA][Iter2] gen=5 best_val_rmse=33.198427
[GA][Iter2] Gen:6 Ind:1 RMSE(val)=33.198427
[GA][Iter2] Gen:6 Ind:2 RMSE(val)=33.211761
[GA][Iter2] Gen:6 Ind:3 RMSE(val)=33.232786
[GA][Iter2] Gen:6 Ind:4 RMSE(val)=33.232884
[GA][Iter2] Gen:6 Ind:5 RMSE(val)=33.239122
[GA][Iter2] Gen:6 Ind:6 RMSE(val)=33.254035
[GA][Iter2] Gen:6 Ind:7 RMSE(val)=33.254035
[GA][Iter2] Gen:6 Ind:8 RMSE(val)=33.254035
[GA][Iter2] Gen:6 Ind:9 RMSE(val)=33.254310
[GA][Iter2] Gen:6 Ind:10 RMSE(val)=33.254310
[GA][Iter2] Gen:6 Ind:11 RMSE(val)=33.239122
[GA][Iter2] Gen:6 Ind:12 RMSE(val)=33.283881
[GA][Iter2] Gen:6 Ind:13 RMSE(val)=33.256839
[GA][Iter2] Gen:6 Ind:14 RMSE(val)=33.242436
[GA][Iter2] Gen:6 Ind:15 RMSE(val)=33.254310
[GA][Iter2] Gen:6 Ind:16 RMSE(val)=33.232786
[GA][Iter2] Gen:6 Ind:17 RMSE(val)=33.242436
[GA][Iter2] Gen:6 Ind:18 RMSE(val)=33.211684
[GA][Iter2] Gen:6 Ind:19 RMSE(val)=33.254035
[GA][Iter2] Gen:6 Ind:20 RMSE(val)=34.224402
[GA][Iter2] gen=6 best_val_rmse=33.198427
[GA][Iter2] Gen:7 Ind:1 RMSE(val)=33.198427
[GA][Iter2] Gen:7 Ind:2 RMSE(val)=33.211684
[GA][Iter2] Gen:7 Ind:3 RMSE(val)=33.211761
[GA][Iter2] Gen:7 Ind:4 RMSE(val)=33.232786
[GA][Iter2] Gen:7 Ind:5 RMSE(val)=33.232786
[GA][Iter2] Gen:7 Ind:6 RMSE(val)=33.232884
[GA][Iter2] Gen:7 Ind:7 RMSE(val)=33.239122
[GA][Iter2] Gen:7 Ind:8 RMSE(val)=33.239122
[GA][Iter2] Gen:7 Ind:9 RMSE(val)=33.242436
[GA][Iter2] Gen:7 Ind:10 RMSE(val)=33.242436
[GA][Iter2] Gen:7 Ind:11 RMSE(val)=33.316359
[GA][Iter2] Gen:7 Ind:12 RMSE(val)=33.211684
[GA][Iter2] Gen:7 Ind:13 RMSE(val)=33.232786
[GA][Iter2] Gen:7 Ind:14 RMSE(val)=33.232786
[GA][Iter2] Gen:7 Ind:15 RMSE(val)=33.239122
[GA][Iter2] Gen:7 Ind:16 RMSE(val)=33.211761
[GA][Iter2] Gen:7 Ind:17 RMSE(val)=33.242436
[GA][Iter2] Gen:7 Ind:18 RMSE(val)=33.232884
[GA][Iter2] Gen:7 Ind:19 RMSE(val)=33.242436
[GA][Iter2] Gen:7 Ind:20 RMSE(val)=33.232786
[GA][Iter2] gen=7 best_val_rmse=33.198427
[GA][Iter2] Gen:8 Ind:1 RMSE(val)=33.198427
[GA][Iter2] Gen:8 Ind:2 RMSE(val)=33.211684
[GA][Iter2] Gen:8 Ind:3 RMSE(val)=33.211684
[GA][Iter2] Gen:8 Ind:4 RMSE(val)=33.211761
[GA][Iter2] Gen:8 Ind:5 RMSE(val)=33.211761
[GA][Iter2] Gen:8 Ind:6 RMSE(val)=33.232786
[GA][Iter2] Gen:8 Ind:7 RMSE(val)=33.232786
[GA][Iter2] Gen:8 Ind:8 RMSE(val)=33.232786
[GA][Iter2] Gen:8 Ind:9 RMSE(val)=33.232786
[GA][Iter2] Gen:8 Ind:10 RMSE(val)=33.232786
[GA][Iter2] Gen:8 Ind:11 RMSE(val)=33.381956
[GA][Iter2] Gen:8 Ind:12 RMSE(val)=33.211684
[GA][Iter2] Gen:8 Ind:13 RMSE(val)=33.232786
[GA][Iter2] Gen:8 Ind:14 RMSE(val)=33.205912
[GA][Iter2] Gen:8 Ind:15 RMSE(val)=33.232786
[GA][Iter2] Gen:8 Ind:16 RMSE(val)=33.271800
[GA][Iter2] Gen:8 Ind:17 RMSE(val)=33.232786
[GA][Iter2] Gen:8 Ind:18 RMSE(val)=33.300605
[GA][Iter2] Gen:8 Ind:19 RMSE(val)=33.211761
[GA][Iter2] Gen:8 Ind:20 RMSE(val)=33.232786
[GA][Iter2] gen=8 best_val_rmse=33.198427
[GA][Iter2] Gen:9 Ind:1 RMSE(val)=33.198427
[GA][Iter2] Gen:9 Ind:2 RMSE(val)=33.205912
[GA][Iter2] Gen:9 Ind:3 RMSE(val)=33.211684
[GA][Iter2] Gen:9 Ind:4 RMSE(val)=33.211684
[GA][Iter2] Gen:9 Ind:5 RMSE(val)=33.211684
[GA][Iter2] Gen:9 Ind:6 RMSE(val)=33.211761
[GA][Iter2] Gen:9 Ind:7 RMSE(val)=33.211761
[GA][Iter2] Gen:9 Ind:8 RMSE(val)=33.211761
[GA][Iter2] Gen:9 Ind:9 RMSE(val)=33.232786
[GA][Iter2] Gen:9 Ind:10 RMSE(val)=33.232786
[GA][Iter2] Gen:9 Ind:11 RMSE(val)=33.211761
[GA][Iter2] Gen:9 Ind:12 RMSE(val)=33.185359
[GA][Iter2] Gen:9 Ind:13 RMSE(val)=33.214209
[GA][Iter2] Gen:9 Ind:14 RMSE(val)=33.198427
[GA][Iter2] Gen:9 Ind:15 RMSE(val)=34.254424
[GA][Iter2] Gen:9 Ind:16 RMSE(val)=33.287838
[GA][Iter2] Gen:9 Ind:17 RMSE(val)=33.310052
[GA][Iter2] Gen:9 Ind:18 RMSE(val)=33.193623
[GA][Iter2] Gen:9 Ind:19 RMSE(val)=33.360201
[GA][Iter2] Gen:9 Ind:20 RMSE(val)=33.211761
[GA][Iter2] gen=9 best_val_rmse=33.185359
[GA][Iter2] Gen:10 Ind:1 RMSE(val)=33.185359
[GA][Iter2] Gen:10 Ind:2 RMSE(val)=33.193623
[GA][Iter2] Gen:10 Ind:3 RMSE(val)=33.198427
[GA][Iter2] Gen:10 Ind:4 RMSE(val)=33.198427
[GA][Iter2] Gen:10 Ind:5 RMSE(val)=33.205912
[GA][Iter2] Gen:10 Ind:6 RMSE(val)=33.211684
[GA][Iter2] Gen:10 Ind:7 RMSE(val)=33.211684
[GA][Iter2] Gen:10 Ind:8 RMSE(val)=33.211684
[GA][Iter2] Gen:10 Ind:9 RMSE(val)=33.211761
[GA][Iter2] Gen:10 Ind:10 RMSE(val)=33.211761
[GA][Iter2] Gen:10 Ind:11 RMSE(val)=33.193623
[GA][Iter2] Gen:10 Ind:12 RMSE(val)=33.185359
[GA][Iter2] Gen:10 Ind:13 RMSE(val)=33.193623
[GA][Iter2] Gen:10 Ind:14 RMSE(val)=33.198427
[GA][Iter2] Gen:10 Ind:15 RMSE(val)=33.211684
[GA][Iter2] Gen:10 Ind:16 RMSE(val)=33.231708
[GA][Iter2] Gen:10 Ind:17 RMSE(val)=33.211684
[GA][Iter2] Gen:10 Ind:18 RMSE(val)=33.211761
[GA][Iter2] Gen:10 Ind:19 RMSE(val)=33.211761
[GA][Iter2] Gen:10 Ind:20 RMSE(val)=33.188588
[GA][Iter2] gen=10 best_val_rmse=33.185359
[GA][Iter2] Gen:11 Ind:1 RMSE(val)=33.185359
[GA][Iter2] Gen:11 Ind:2 RMSE(val)=33.185359
[GA][Iter2] Gen:11 Ind:3 RMSE(val)=33.188588
[GA][Iter2] Gen:11 Ind:4 RMSE(val)=33.193623
[GA][Iter2] Gen:11 Ind:5 RMSE(val)=33.193623
[GA][Iter2] Gen:11 Ind:6 RMSE(val)=33.193623
[GA][Iter2] Gen:11 Ind:7 RMSE(val)=33.198427
[GA][Iter2] Gen:11 Ind:8 RMSE(val)=33.198427
[GA][Iter2] Gen:11 Ind:9 RMSE(val)=33.198427
[GA][Iter2] Gen:11 Ind:10 RMSE(val)=33.205912
[GA][Iter2] Gen:11 Ind:11 RMSE(val)=33.233906
[GA][Iter2] Gen:11 Ind:12 RMSE(val)=33.193623
[GA][Iter2] Gen:11 Ind:13 RMSE(val)=33.198427
[GA][Iter2] Gen:11 Ind:14 RMSE(val)=33.198427
[GA][Iter2] Gen:11 Ind:15 RMSE(val)=33.193244
[GA][Iter2] Gen:11 Ind:16 RMSE(val)=33.198427
[GA][Iter2] Gen:11 Ind:17 RMSE(val)=33.188588
[GA][Iter2] Gen:11 Ind:18 RMSE(val)=33.211684
[GA][Iter2] Gen:11 Ind:19 RMSE(val)=33.198427
[GA][Iter2] Gen:11 Ind:20 RMSE(val)=33.227555
[GA][Iter2] gen=11 best_val_rmse=33.185359
[GA][Iter2] Gen:12 Ind:1 RMSE(val)=33.185359
[GA][Iter2] Gen:12 Ind:2 RMSE(val)=33.185359
[GA][Iter2] Gen:12 Ind:3 RMSE(val)=33.188588
[GA][Iter2] Gen:12 Ind:4 RMSE(val)=33.188588
[GA][Iter2] Gen:12 Ind:5 RMSE(val)=33.193244
[GA][Iter2] Gen:12 Ind:6 RMSE(val)=33.193623
[GA][Iter2] Gen:12 Ind:7 RMSE(val)=33.193623
[GA][Iter2] Gen:12 Ind:8 RMSE(val)=33.193623
[GA][Iter2] Gen:12 Ind:9 RMSE(val)=33.193623
[GA][Iter2] Gen:12 Ind:10 RMSE(val)=33.198427
[GA][Iter2] Gen:12 Ind:11 RMSE(val)=33.233906
[GA][Iter2] Gen:12 Ind:12 RMSE(val)=33.217407
[GA][Iter2] Gen:12 Ind:13 RMSE(val)=33.232786
[GA][Iter2] Gen:12 Ind:14 RMSE(val)=33.193623
[GA][Iter2] Gen:12 Ind:15 RMSE(val)=33.211761
[GA][Iter2] Gen:12 Ind:16 RMSE(val)=33.193623
[GA][Iter2] Gen:12 Ind:17 RMSE(val)=33.255002
[GA][Iter2] Gen:12 Ind:18 RMSE(val)=33.195869
[GA][Iter2] Gen:12 Ind:19 RMSE(val)=33.195869
[GA][Iter2] Gen:12 Ind:20 RMSE(val)=33.232312
[GA][Iter2] gen=12 best_val_rmse=33.185359
[GA][Iter2] Gen:13 Ind:1 RMSE(val)=33.185359
[GA][Iter2] Gen:13 Ind:2 RMSE(val)=33.185359
[GA][Iter2] Gen:13 Ind:3 RMSE(val)=33.188588
[GA][Iter2] Gen:13 Ind:4 RMSE(val)=33.188588
[GA][Iter2] Gen:13 Ind:5 RMSE(val)=33.193244
[GA][Iter2] Gen:13 Ind:6 RMSE(val)=33.193623
[GA][Iter2] Gen:13 Ind:7 RMSE(val)=33.193623
[GA][Iter2] Gen:13 Ind:8 RMSE(val)=33.193623
[GA][Iter2] Gen:13 Ind:9 RMSE(val)=33.193623
[GA][Iter2] Gen:13 Ind:10 RMSE(val)=33.193623
[GA][Iter2] Gen:13 Ind:11 RMSE(val)=33.193623
[GA][Iter2] Gen:13 Ind:12 RMSE(val)=33.190143
[GA][Iter2] Gen:13 Ind:13 RMSE(val)=33.173983
[GA][Iter2] Gen:13 Ind:14 RMSE(val)=33.193623
[GA][Iter2] Gen:13 Ind:15 RMSE(val)=33.189075
[GA][Iter2] Gen:13 Ind:16 RMSE(val)=33.188588
[GA][Iter2] Gen:13 Ind:17 RMSE(val)=33.185359
[GA][Iter2] Gen:13 Ind:18 RMSE(val)=33.195869
[GA][Iter2] Gen:13 Ind:19 RMSE(val)=33.211761
[GA][Iter2] Gen:13 Ind:20 RMSE(val)=33.193322
[GA][Iter2] gen=13 best_val_rmse=33.173983
[GA][Iter2] Gen:14 Ind:1 RMSE(val)=33.173983
[GA][Iter2] Gen:14 Ind:2 RMSE(val)=33.185359
[GA][Iter2] Gen:14 Ind:3 RMSE(val)=33.185359
[GA][Iter2] Gen:14 Ind:4 RMSE(val)=33.185359
[GA][Iter2] Gen:14 Ind:5 RMSE(val)=33.188588
[GA][Iter2] Gen:14 Ind:6 RMSE(val)=33.188588
[GA][Iter2] Gen:14 Ind:7 RMSE(val)=33.188588
[GA][Iter2] Gen:14 Ind:8 RMSE(val)=33.189075
[GA][Iter2] Gen:14 Ind:9 RMSE(val)=33.190143
[GA][Iter2] Gen:14 Ind:10 RMSE(val)=33.193244
[GA][Iter2] Gen:14 Ind:11 RMSE(val)=33.180393
[GA][Iter2] Gen:14 Ind:12 RMSE(val)=33.190143
[GA][Iter2] Gen:14 Ind:13 RMSE(val)=33.177601
[GA][Iter2] Gen:14 Ind:14 RMSE(val)=33.188161
[GA][Iter2] Gen:14 Ind:15 RMSE(val)=33.185359
[GA][Iter2] Gen:14 Ind:16 RMSE(val)=33.177601
[GA][Iter2] Gen:14 Ind:17 RMSE(val)=33.188588
[GA][Iter2] Gen:14 Ind:18 RMSE(val)=33.190143
[GA][Iter2] Gen:14 Ind:19 RMSE(val)=33.307984
[GA][Iter2] Gen:14 Ind:20 RMSE(val)=33.188588
[GA][Iter2] gen=14 best_val_rmse=33.173983
[GA][Iter2] Gen:15 Ind:1 RMSE(val)=33.173983
[GA][Iter2] Gen:15 Ind:2 RMSE(val)=33.177601
[GA][Iter2] Gen:15 Ind:3 RMSE(val)=33.177601
[GA][Iter2] Gen:15 Ind:4 RMSE(val)=33.180393
[GA][Iter2] Gen:15 Ind:5 RMSE(val)=33.185359
[GA][Iter2] Gen:15 Ind:6 RMSE(val)=33.185359
[GA][Iter2] Gen:15 Ind:7 RMSE(val)=33.185359
[GA][Iter2] Gen:15 Ind:8 RMSE(val)=33.185359
[GA][Iter2] Gen:15 Ind:9 RMSE(val)=33.188161
[GA][Iter2] Gen:15 Ind:10 RMSE(val)=33.188588
[GA][Iter2] Gen:15 Ind:11 RMSE(val)=33.185359
[GA][Iter2] Gen:15 Ind:12 RMSE(val)=33.177601
[GA][Iter2] Gen:15 Ind:13 RMSE(val)=33.176305
[GA][Iter2] Gen:15 Ind:14 RMSE(val)=33.125293
[GA][Iter2] Gen:15 Ind:15 RMSE(val)=33.175383
[GA][Iter2] Gen:15 Ind:16 RMSE(val)=33.185359
[GA][Iter2] Gen:15 Ind:17 RMSE(val)=33.185359
[GA][Iter2] Gen:15 Ind:18 RMSE(val)=33.180393
[GA][Iter2] Gen:15 Ind:19 RMSE(val)=33.131188
[GA][Iter2] Gen:15 Ind:20 RMSE(val)=33.189075
[GA][Iter2] gen=15 best_val_rmse=33.125293
[GA][Iter2] Gen:15 Ind:1 RMSE(val)=33.125293
[GA][Iter2] Gen:15 Ind:2 RMSE(val)=33.131188
[GA][Iter2] Gen:15 Ind:3 RMSE(val)=33.173983
[GA][Iter2] Gen:15 Ind:4 RMSE(val)=33.175383
[GA][Iter2] Gen:15 Ind:5 RMSE(val)=33.176305
[GA][Iter2] Gen:15 Ind:6 RMSE(val)=33.177601
[GA][Iter2] Gen:15 Ind:7 RMSE(val)=33.177601
[GA][Iter2] Gen:15 Ind:8 RMSE(val)=33.177601
[GA][Iter2] Gen:15 Ind:9 RMSE(val)=33.180393
[GA][Iter2] Gen:15 Ind:10 RMSE(val)=33.180393
[GA][Iter2] Gen:15 Ind:11 RMSE(val)=33.177601
[GA][Iter2] Gen:15 Ind:12 RMSE(val)=33.125293
[GA][Iter2] Gen:15 Ind:13 RMSE(val)=33.175383
[GA][Iter2] Gen:15 Ind:14 RMSE(val)=33.188161
[GA][Iter2] Gen:15 Ind:15 RMSE(val)=33.145032
[GA][Iter2] Gen:15 Ind:16 RMSE(val)=33.177601
[GA][Iter2] Gen:15 Ind:17 RMSE(val)=33.177601
[GA][Iter2] Gen:15 Ind:18 RMSE(val)=33.257821
[GA][Iter2] Gen:15 Ind:19 RMSE(val)=33.184586
[GA][Iter2] Gen:15 Ind:20 RMSE(val)=33.180393

[GA DONE][Iter2] Best params on val fold of Iter2
Best val RMSE: 33.125293
Best params: {'n_estimators': 1319, 'max_depth': 28, 'min_samples_split': 18, 'min_samples_leaf': 7, 'max_features': 'sqrt', 'bootstrap': True}
--------------------------------------------------------------------------------
[RETUNE GA] Iter2: train folds 1..6 -> test fold 7  RMSE=31.091202  NRMSE=1.250531  CVRMSE=0.090083  R2=-0.578442
[GA][Iter3] Gen:1 Ind:1 RMSE(val)=31.027145
[GA][Iter3] Gen:1 Ind:2 RMSE(val)=30.450862
[GA][Iter3] Gen:1 Ind:3 RMSE(val)=30.255010
[GA][Iter3] Gen:1 Ind:4 RMSE(val)=32.107245
[GA][Iter3] Gen:1 Ind:5 RMSE(val)=43.803415
[GA][Iter3] Gen:1 Ind:6 RMSE(val)=31.857069
[GA][Iter3] Gen:1 Ind:7 RMSE(val)=31.665798
[GA][Iter3] Gen:1 Ind:8 RMSE(val)=32.082775
[GA][Iter3] Gen:1 Ind:9 RMSE(val)=30.680873
[GA][Iter3] Gen:1 Ind:10 RMSE(val)=33.180334
[GA][Iter3] Gen:1 Ind:11 RMSE(val)=32.405814
[GA][Iter3] Gen:1 Ind:12 RMSE(val)=30.720307
[GA][Iter3] Gen:1 Ind:13 RMSE(val)=31.673402
[GA][Iter3] Gen:1 Ind:14 RMSE(val)=33.755429
[GA][Iter3] Gen:1 Ind:15 RMSE(val)=33.990672
[GA][Iter3] Gen:1 Ind:16 RMSE(val)=31.603468
[GA][Iter3] Gen:1 Ind:17 RMSE(val)=31.143567
[GA][Iter3] Gen:1 Ind:18 RMSE(val)=32.907167
[GA][Iter3] Gen:1 Ind:19 RMSE(val)=29.905061
[GA][Iter3] Gen:1 Ind:20 RMSE(val)=35.264266
[GA][Iter3] gen=1 best_val_rmse=29.905061
[GA][Iter3] Gen:2 Ind:1 RMSE(val)=29.905061
[GA][Iter3] Gen:2 Ind:2 RMSE(val)=30.255010
[GA][Iter3] Gen:2 Ind:3 RMSE(val)=30.450862
[GA][Iter3] Gen:2 Ind:4 RMSE(val)=30.680873
[GA][Iter3] Gen:2 Ind:5 RMSE(val)=30.720307
[GA][Iter3] Gen:2 Ind:6 RMSE(val)=31.027145
[GA][Iter3] Gen:2 Ind:7 RMSE(val)=31.143567
[GA][Iter3] Gen:2 Ind:8 RMSE(val)=31.603468
[GA][Iter3] Gen:2 Ind:9 RMSE(val)=31.665798
[GA][Iter3] Gen:2 Ind:10 RMSE(val)=31.673402
[GA][Iter3] Gen:2 Ind:11 RMSE(val)=43.809454
[GA][Iter3] Gen:2 Ind:12 RMSE(val)=28.727030
[GA][Iter3] Gen:2 Ind:13 RMSE(val)=31.956405
[GA][Iter3] Gen:2 Ind:14 RMSE(val)=29.431231
[GA][Iter3] Gen:2 Ind:15 RMSE(val)=34.196284
[GA][Iter3] Gen:2 Ind:16 RMSE(val)=30.908751
[GA][Iter3] Gen:2 Ind:17 RMSE(val)=30.970881
[GA][Iter3] Gen:2 Ind:18 RMSE(val)=28.499484
[GA][Iter3] Gen:2 Ind:19 RMSE(val)=31.584636
[GA][Iter3] Gen:2 Ind:20 RMSE(val)=30.759282
[GA][Iter3] gen=2 best_val_rmse=28.499484
[GA][Iter3] Gen:3 Ind:1 RMSE(val)=28.499484
[GA][Iter3] Gen:3 Ind:2 RMSE(val)=28.727030
[GA][Iter3] Gen:3 Ind:3 RMSE(val)=29.431231
[GA][Iter3] Gen:3 Ind:4 RMSE(val)=29.905061
[GA][Iter3] Gen:3 Ind:5 RMSE(val)=30.255010
[GA][Iter3] Gen:3 Ind:6 RMSE(val)=30.450862
[GA][Iter3] Gen:3 Ind:7 RMSE(val)=30.680873
[GA][Iter3] Gen:3 Ind:8 RMSE(val)=30.720307
[GA][Iter3] Gen:3 Ind:9 RMSE(val)=30.759282
[GA][Iter3] Gen:3 Ind:10 RMSE(val)=30.908751
[GA][Iter3] Gen:3 Ind:11 RMSE(val)=28.760044
[GA][Iter3] Gen:3 Ind:12 RMSE(val)=29.064054
[GA][Iter3] Gen:3 Ind:13 RMSE(val)=30.012582
[GA][Iter3] Gen:3 Ind:14 RMSE(val)=28.719341
[GA][Iter3] Gen:3 Ind:15 RMSE(val)=28.740076
[GA][Iter3] Gen:3 Ind:16 RMSE(val)=28.760044
[GA][Iter3] Gen:3 Ind:17 RMSE(val)=30.467025
[GA][Iter3] Gen:3 Ind:18 RMSE(val)=30.505040
[GA][Iter3] Gen:3 Ind:19 RMSE(val)=29.905061
[GA][Iter3] Gen:3 Ind:20 RMSE(val)=30.901798
[GA][Iter3] gen=3 best_val_rmse=28.499484
[GA][Iter3] Gen:4 Ind:1 RMSE(val)=28.499484
[GA][Iter3] Gen:4 Ind:2 RMSE(val)=28.719341
[GA][Iter3] Gen:4 Ind:3 RMSE(val)=28.727030
[GA][Iter3] Gen:4 Ind:4 RMSE(val)=28.740076
[GA][Iter3] Gen:4 Ind:5 RMSE(val)=28.760044
[GA][Iter3] Gen:4 Ind:6 RMSE(val)=28.760044
[GA][Iter3] Gen:4 Ind:7 RMSE(val)=29.064054
[GA][Iter3] Gen:4 Ind:8 RMSE(val)=29.431231
[GA][Iter3] Gen:4 Ind:9 RMSE(val)=29.905061
[GA][Iter3] Gen:4 Ind:10 RMSE(val)=29.905061
[GA][Iter3] Gen:4 Ind:11 RMSE(val)=28.625317
[GA][Iter3] Gen:4 Ind:12 RMSE(val)=29.905061
[GA][Iter3] Gen:4 Ind:13 RMSE(val)=29.659844
[GA][Iter3] Gen:4 Ind:14 RMSE(val)=28.760399
[GA][Iter3] Gen:4 Ind:15 RMSE(val)=29.194187
[GA][Iter3] Gen:4 Ind:16 RMSE(val)=28.727030
[GA][Iter3] Gen:4 Ind:17 RMSE(val)=28.760044
[GA][Iter3] Gen:4 Ind:18 RMSE(val)=29.905061
[GA][Iter3] Gen:4 Ind:19 RMSE(val)=28.760399
[GA][Iter3] Gen:4 Ind:20 RMSE(val)=28.640652
[GA][Iter3] gen=4 best_val_rmse=28.499484
[GA][Iter3] Gen:5 Ind:1 RMSE(val)=28.499484
[GA][Iter3] Gen:5 Ind:2 RMSE(val)=28.625317
[GA][Iter3] Gen:5 Ind:3 RMSE(val)=28.640652
[GA][Iter3] Gen:5 Ind:4 RMSE(val)=28.719341
[GA][Iter3] Gen:5 Ind:5 RMSE(val)=28.727030
[GA][Iter3] Gen:5 Ind:6 RMSE(val)=28.727030
[GA][Iter3] Gen:5 Ind:7 RMSE(val)=28.740076
[GA][Iter3] Gen:5 Ind:8 RMSE(val)=28.760044
[GA][Iter3] Gen:5 Ind:9 RMSE(val)=28.760044
[GA][Iter3] Gen:5 Ind:10 RMSE(val)=28.760044
[GA][Iter3] Gen:5 Ind:11 RMSE(val)=28.626048
[GA][Iter3] Gen:5 Ind:12 RMSE(val)=28.727030
[GA][Iter3] Gen:5 Ind:13 RMSE(val)=28.445105
[GA][Iter3] Gen:5 Ind:14 RMSE(val)=28.190037
[GA][Iter3] Gen:5 Ind:15 RMSE(val)=30.959256
[GA][Iter3] Gen:5 Ind:16 RMSE(val)=28.828338
[GA][Iter3] Gen:5 Ind:17 RMSE(val)=28.616514
[GA][Iter3] Gen:5 Ind:18 RMSE(val)=28.760044
[GA][Iter3] Gen:5 Ind:19 RMSE(val)=28.760044
[GA][Iter3] Gen:5 Ind:20 RMSE(val)=28.760044
[GA][Iter3] gen=5 best_val_rmse=28.190037
[GA][Iter3] Gen:6 Ind:1 RMSE(val)=28.190037
[GA][Iter3] Gen:6 Ind:2 RMSE(val)=28.445105
[GA][Iter3] Gen:6 Ind:3 RMSE(val)=28.499484
[GA][Iter3] Gen:6 Ind:4 RMSE(val)=28.616514
[GA][Iter3] Gen:6 Ind:5 RMSE(val)=28.625317
[GA][Iter3] Gen:6 Ind:6 RMSE(val)=28.626048
[GA][Iter3] Gen:6 Ind:7 RMSE(val)=28.640652
[GA][Iter3] Gen:6 Ind:8 RMSE(val)=28.719341
[GA][Iter3] Gen:6 Ind:9 RMSE(val)=28.727030
[GA][Iter3] Gen:6 Ind:10 RMSE(val)=28.727030
[GA][Iter3] Gen:6 Ind:11 RMSE(val)=28.190037
[GA][Iter3] Gen:6 Ind:12 RMSE(val)=28.085047
[GA][Iter3] Gen:6 Ind:13 RMSE(val)=30.431833
[GA][Iter3] Gen:6 Ind:14 RMSE(val)=28.669088
[GA][Iter3] Gen:6 Ind:15 RMSE(val)=28.727030
[GA][Iter3] Gen:6 Ind:16 RMSE(val)=28.085047
[GA][Iter3] Gen:6 Ind:17 RMSE(val)=28.445105
[GA][Iter3] Gen:6 Ind:18 RMSE(val)=28.244862
[GA][Iter3] Gen:6 Ind:19 RMSE(val)=28.719341
[GA][Iter3] Gen:6 Ind:20 RMSE(val)=28.445105
[GA][Iter3] gen=6 best_val_rmse=28.085047
[GA][Iter3] Gen:7 Ind:1 RMSE(val)=28.085047
[GA][Iter3] Gen:7 Ind:2 RMSE(val)=28.085047
[GA][Iter3] Gen:7 Ind:3 RMSE(val)=28.190037
[GA][Iter3] Gen:7 Ind:4 RMSE(val)=28.190037
[GA][Iter3] Gen:7 Ind:5 RMSE(val)=28.244862
[GA][Iter3] Gen:7 Ind:6 RMSE(val)=28.445105
[GA][Iter3] Gen:7 Ind:7 RMSE(val)=28.445105
[GA][Iter3] Gen:7 Ind:8 RMSE(val)=28.445105
[GA][Iter3] Gen:7 Ind:9 RMSE(val)=28.499484
[GA][Iter3] Gen:7 Ind:10 RMSE(val)=28.616514
[GA][Iter3] Gen:7 Ind:11 RMSE(val)=30.618847
[GA][Iter3] Gen:7 Ind:12 RMSE(val)=28.085047
[GA][Iter3] Gen:7 Ind:13 RMSE(val)=28.445105
[GA][Iter3] Gen:7 Ind:14 RMSE(val)=28.445105
[GA][Iter3] Gen:7 Ind:15 RMSE(val)=28.445105
[GA][Iter3] Gen:7 Ind:16 RMSE(val)=28.524714
[GA][Iter3] Gen:7 Ind:17 RMSE(val)=28.085047
[GA][Iter3] Gen:7 Ind:18 RMSE(val)=29.401337
[GA][Iter3] Gen:7 Ind:19 RMSE(val)=28.190037
[GA][Iter3] Gen:7 Ind:20 RMSE(val)=28.190037
[GA][Iter3] gen=7 best_val_rmse=28.085047
[GA][Iter3] Gen:8 Ind:1 RMSE(val)=28.085047
[GA][Iter3] Gen:8 Ind:2 RMSE(val)=28.085047
[GA][Iter3] Gen:8 Ind:3 RMSE(val)=28.085047
[GA][Iter3] Gen:8 Ind:4 RMSE(val)=28.085047
[GA][Iter3] Gen:8 Ind:5 RMSE(val)=28.190037
[GA][Iter3] Gen:8 Ind:6 RMSE(val)=28.190037
[GA][Iter3] Gen:8 Ind:7 RMSE(val)=28.190037
[GA][Iter3] Gen:8 Ind:8 RMSE(val)=28.190037
[GA][Iter3] Gen:8 Ind:9 RMSE(val)=28.244862
[GA][Iter3] Gen:8 Ind:10 RMSE(val)=28.445105
[GA][Iter3] Gen:8 Ind:11 RMSE(val)=28.190037
[GA][Iter3] Gen:8 Ind:12 RMSE(val)=28.625317
[GA][Iter3] Gen:8 Ind:13 RMSE(val)=28.190037
[GA][Iter3] Gen:8 Ind:14 RMSE(val)=28.078266
[GA][Iter3] Gen:8 Ind:15 RMSE(val)=28.445105
[GA][Iter3] Gen:8 Ind:16 RMSE(val)=28.085047
[GA][Iter3] Gen:8 Ind:17 RMSE(val)=28.190037
[GA][Iter3] Gen:8 Ind:18 RMSE(val)=28.333607
[GA][Iter3] Gen:8 Ind:19 RMSE(val)=28.190037
[GA][Iter3] Gen:8 Ind:20 RMSE(val)=28.190037
[GA][Iter3] gen=8 best_val_rmse=28.078266
[GA][Iter3] Gen:9 Ind:1 RMSE(val)=28.078266
[GA][Iter3] Gen:9 Ind:2 RMSE(val)=28.085047
[GA][Iter3] Gen:9 Ind:3 RMSE(val)=28.085047
[GA][Iter3] Gen:9 Ind:4 RMSE(val)=28.085047
[GA][Iter3] Gen:9 Ind:5 RMSE(val)=28.085047
[GA][Iter3] Gen:9 Ind:6 RMSE(val)=28.085047
[GA][Iter3] Gen:9 Ind:7 RMSE(val)=28.190037
[GA][Iter3] Gen:9 Ind:8 RMSE(val)=28.190037
[GA][Iter3] Gen:9 Ind:9 RMSE(val)=28.190037
[GA][Iter3] Gen:9 Ind:10 RMSE(val)=28.190037
[GA][Iter3] Gen:9 Ind:11 RMSE(val)=28.190037
[GA][Iter3] Gen:9 Ind:12 RMSE(val)=28.176865
[GA][Iter3] Gen:9 Ind:13 RMSE(val)=28.236237
[GA][Iter3] Gen:9 Ind:14 RMSE(val)=28.085047
[GA][Iter3] Gen:9 Ind:15 RMSE(val)=28.085047
[GA][Iter3] Gen:9 Ind:16 RMSE(val)=28.085047
[GA][Iter3] Gen:9 Ind:17 RMSE(val)=28.333607
[GA][Iter3] Gen:9 Ind:18 RMSE(val)=28.190037
[GA][Iter3] Gen:9 Ind:19 RMSE(val)=28.190037
[GA][Iter3] Gen:9 Ind:20 RMSE(val)=28.190037
[GA][Iter3] gen=9 best_val_rmse=28.078266
[GA][Iter3] Gen:10 Ind:1 RMSE(val)=28.078266
[GA][Iter3] Gen:10 Ind:2 RMSE(val)=28.085047
[GA][Iter3] Gen:10 Ind:3 RMSE(val)=28.085047
[GA][Iter3] Gen:10 Ind:4 RMSE(val)=28.085047
[GA][Iter3] Gen:10 Ind:5 RMSE(val)=28.085047
[GA][Iter3] Gen:10 Ind:6 RMSE(val)=28.085047
[GA][Iter3] Gen:10 Ind:7 RMSE(val)=28.085047
[GA][Iter3] Gen:10 Ind:8 RMSE(val)=28.085047
[GA][Iter3] Gen:10 Ind:9 RMSE(val)=28.085047
[GA][Iter3] Gen:10 Ind:10 RMSE(val)=28.176865
[GA][Iter3] Gen:10 Ind:11 RMSE(val)=28.085047
[GA][Iter3] Gen:10 Ind:12 RMSE(val)=28.078266
[GA][Iter3] Gen:10 Ind:13 RMSE(val)=28.085047
[GA][Iter3] Gen:10 Ind:14 RMSE(val)=28.085047
[GA][Iter3] Gen:10 Ind:15 RMSE(val)=30.490746
[GA][Iter3] Gen:10 Ind:16 RMSE(val)=28.055776
[GA][Iter3] Gen:10 Ind:17 RMSE(val)=28.085047
[GA][Iter3] Gen:10 Ind:18 RMSE(val)=28.176865
[GA][Iter3] Gen:10 Ind:19 RMSE(val)=28.176865
[GA][Iter3] Gen:10 Ind:20 RMSE(val)=28.085047
[GA][Iter3] gen=10 best_val_rmse=28.055776
[GA][Iter3] Gen:11 Ind:1 RMSE(val)=28.055776
[GA][Iter3] Gen:11 Ind:2 RMSE(val)=28.078266
[GA][Iter3] Gen:11 Ind:3 RMSE(val)=28.078266
[GA][Iter3] Gen:11 Ind:4 RMSE(val)=28.085047
[GA][Iter3] Gen:11 Ind:5 RMSE(val)=28.085047
[GA][Iter3] Gen:11 Ind:6 RMSE(val)=28.085047
[GA][Iter3] Gen:11 Ind:7 RMSE(val)=28.085047
[GA][Iter3] Gen:11 Ind:8 RMSE(val)=28.085047
[GA][Iter3] Gen:11 Ind:9 RMSE(val)=28.085047
[GA][Iter3] Gen:11 Ind:10 RMSE(val)=28.085047
[GA][Iter3] Gen:11 Ind:11 RMSE(val)=28.078266
[GA][Iter3] Gen:11 Ind:12 RMSE(val)=28.085047
[GA][Iter3] Gen:11 Ind:13 RMSE(val)=28.085047
[GA][Iter3] Gen:11 Ind:14 RMSE(val)=28.085047
[GA][Iter3] Gen:11 Ind:15 RMSE(val)=28.116980
[GA][Iter3] Gen:11 Ind:16 RMSE(val)=28.085047
[GA][Iter3] Gen:11 Ind:17 RMSE(val)=28.078266
[GA][Iter3] Gen:11 Ind:18 RMSE(val)=28.085047
[GA][Iter3] Gen:11 Ind:19 RMSE(val)=28.085047
[GA][Iter3] Gen:11 Ind:20 RMSE(val)=27.962837
[GA][Iter3] gen=11 best_val_rmse=27.962837
[GA][Iter3] Gen:12 Ind:1 RMSE(val)=27.962837
[GA][Iter3] Gen:12 Ind:2 RMSE(val)=28.055776
[GA][Iter3] Gen:12 Ind:3 RMSE(val)=28.078266
[GA][Iter3] Gen:12 Ind:4 RMSE(val)=28.078266
[GA][Iter3] Gen:12 Ind:5 RMSE(val)=28.078266
[GA][Iter3] Gen:12 Ind:6 RMSE(val)=28.078266
[GA][Iter3] Gen:12 Ind:7 RMSE(val)=28.085047
[GA][Iter3] Gen:12 Ind:8 RMSE(val)=28.085047
[GA][Iter3] Gen:12 Ind:9 RMSE(val)=28.085047
[GA][Iter3] Gen:12 Ind:10 RMSE(val)=28.085047
[GA][Iter3] Gen:12 Ind:11 RMSE(val)=28.078266
[GA][Iter3] Gen:12 Ind:12 RMSE(val)=28.190037
[GA][Iter3] Gen:12 Ind:13 RMSE(val)=28.055776
[GA][Iter3] Gen:12 Ind:14 RMSE(val)=28.085047
[GA][Iter3] Gen:12 Ind:15 RMSE(val)=28.085047
[GA][Iter3] Gen:12 Ind:16 RMSE(val)=28.085047
[GA][Iter3] Gen:12 Ind:17 RMSE(val)=28.085047
[GA][Iter3] Gen:12 Ind:18 RMSE(val)=28.078266
[GA][Iter3] Gen:12 Ind:19 RMSE(val)=28.078266
[GA][Iter3] Gen:12 Ind:20 RMSE(val)=27.966539
[GA][Iter3] gen=12 best_val_rmse=27.962837
[GA][Iter3] Gen:13 Ind:1 RMSE(val)=27.962837
[GA][Iter3] Gen:13 Ind:2 RMSE(val)=27.966539
[GA][Iter3] Gen:13 Ind:3 RMSE(val)=28.055776
[GA][Iter3] Gen:13 Ind:4 RMSE(val)=28.055776
[GA][Iter3] Gen:13 Ind:5 RMSE(val)=28.078266
[GA][Iter3] Gen:13 Ind:6 RMSE(val)=28.078266
[GA][Iter3] Gen:13 Ind:7 RMSE(val)=28.078266
[GA][Iter3] Gen:13 Ind:8 RMSE(val)=28.078266
[GA][Iter3] Gen:13 Ind:9 RMSE(val)=28.078266
[GA][Iter3] Gen:13 Ind:10 RMSE(val)=28.078266
[GA][Iter3] Gen:13 Ind:11 RMSE(val)=28.078266
[GA][Iter3] Gen:13 Ind:12 RMSE(val)=27.962837
[GA][Iter3] Gen:13 Ind:13 RMSE(val)=30.451440
[GA][Iter3] Gen:13 Ind:14 RMSE(val)=28.078266
[GA][Iter3] Gen:13 Ind:15 RMSE(val)=28.046979
[GA][Iter3] Gen:13 Ind:16 RMSE(val)=28.190037
[GA][Iter3] Gen:13 Ind:17 RMSE(val)=27.962837
[GA][Iter3] Gen:13 Ind:18 RMSE(val)=28.085047
[GA][Iter3] Gen:13 Ind:19 RMSE(val)=28.085047
[GA][Iter3] Gen:13 Ind:20 RMSE(val)=27.857788
[GA][Iter3] gen=13 best_val_rmse=27.857788
[GA][Iter3] Gen:14 Ind:1 RMSE(val)=27.857788
[GA][Iter3] Gen:14 Ind:2 RMSE(val)=27.962837
[GA][Iter3] Gen:14 Ind:3 RMSE(val)=27.962837
[GA][Iter3] Gen:14 Ind:4 RMSE(val)=27.962837
[GA][Iter3] Gen:14 Ind:5 RMSE(val)=27.966539
[GA][Iter3] Gen:14 Ind:6 RMSE(val)=28.046979
[GA][Iter3] Gen:14 Ind:7 RMSE(val)=28.055776
[GA][Iter3] Gen:14 Ind:8 RMSE(val)=28.055776
[GA][Iter3] Gen:14 Ind:9 RMSE(val)=28.078266
[GA][Iter3] Gen:14 Ind:10 RMSE(val)=28.078266
[GA][Iter3] Gen:14 Ind:11 RMSE(val)=28.046979
[GA][Iter3] Gen:14 Ind:12 RMSE(val)=28.585676
[GA][Iter3] Gen:14 Ind:13 RMSE(val)=28.078266
[GA][Iter3] Gen:14 Ind:14 RMSE(val)=28.059708
[GA][Iter3] Gen:14 Ind:15 RMSE(val)=28.078266
[GA][Iter3] Gen:14 Ind:16 RMSE(val)=28.078266
[GA][Iter3] Gen:14 Ind:17 RMSE(val)=28.078266
[GA][Iter3] Gen:14 Ind:18 RMSE(val)=27.937709
[GA][Iter3] Gen:14 Ind:19 RMSE(val)=26.984359
[GA][Iter3] Gen:14 Ind:20 RMSE(val)=27.962837
[GA][Iter3] gen=14 best_val_rmse=26.984359
[GA][Iter3] Gen:15 Ind:1 RMSE(val)=26.984359
[GA][Iter3] Gen:15 Ind:2 RMSE(val)=27.857788
[GA][Iter3] Gen:15 Ind:3 RMSE(val)=27.937709
[GA][Iter3] Gen:15 Ind:4 RMSE(val)=27.962837
[GA][Iter3] Gen:15 Ind:5 RMSE(val)=27.962837
[GA][Iter3] Gen:15 Ind:6 RMSE(val)=27.962837
[GA][Iter3] Gen:15 Ind:7 RMSE(val)=27.962837
[GA][Iter3] Gen:15 Ind:8 RMSE(val)=27.966539
[GA][Iter3] Gen:15 Ind:9 RMSE(val)=28.046979
[GA][Iter3] Gen:15 Ind:10 RMSE(val)=28.046979
[GA][Iter3] Gen:15 Ind:11 RMSE(val)=27.962837
[GA][Iter3] Gen:15 Ind:12 RMSE(val)=27.937709
[GA][Iter3] Gen:15 Ind:13 RMSE(val)=27.929910
[GA][Iter3] Gen:15 Ind:14 RMSE(val)=28.159772
[GA][Iter3] Gen:15 Ind:15 RMSE(val)=28.078266
[GA][Iter3] Gen:15 Ind:16 RMSE(val)=27.966539
[GA][Iter3] Gen:15 Ind:17 RMSE(val)=27.962837
[GA][Iter3] Gen:15 Ind:18 RMSE(val)=31.331574
[GA][Iter3] Gen:15 Ind:19 RMSE(val)=27.854417
[GA][Iter3] Gen:15 Ind:20 RMSE(val)=26.984359
[GA][Iter3] gen=15 best_val_rmse=26.984359
[GA][Iter3] Gen:15 Ind:1 RMSE(val)=26.984359
[GA][Iter3] Gen:15 Ind:2 RMSE(val)=26.984359
[GA][Iter3] Gen:15 Ind:3 RMSE(val)=27.854417
[GA][Iter3] Gen:15 Ind:4 RMSE(val)=27.857788
[GA][Iter3] Gen:15 Ind:5 RMSE(val)=27.929910
[GA][Iter3] Gen:15 Ind:6 RMSE(val)=27.937709
[GA][Iter3] Gen:15 Ind:7 RMSE(val)=27.937709
[GA][Iter3] Gen:15 Ind:8 RMSE(val)=27.962837
[GA][Iter3] Gen:15 Ind:9 RMSE(val)=27.962837
[GA][Iter3] Gen:15 Ind:10 RMSE(val)=27.962837
[GA][Iter3] Gen:15 Ind:11 RMSE(val)=27.935278
[GA][Iter3] Gen:15 Ind:12 RMSE(val)=26.984359
[GA][Iter3] Gen:15 Ind:13 RMSE(val)=27.847702
[GA][Iter3] Gen:15 Ind:14 RMSE(val)=27.966539
[GA][Iter3] Gen:15 Ind:15 RMSE(val)=26.984359
[GA][Iter3] Gen:15 Ind:16 RMSE(val)=27.937709
[GA][Iter3] Gen:15 Ind:17 RMSE(val)=27.937709
[GA][Iter3] Gen:15 Ind:18 RMSE(val)=27.854417
[GA][Iter3] Gen:15 Ind:19 RMSE(val)=27.949693
[GA][Iter3] Gen:15 Ind:20 RMSE(val)=27.962837

[GA DONE][Iter3] Best params on val fold of Iter3
Best val RMSE: 26.984359
Best params: {'n_estimators': 365, 'max_depth': 2, 'min_samples_split': 11, 'min_samples_leaf': 14, 'max_features': None, 'bootstrap': False}
--------------------------------------------------------------------------------
[RETUNE GA] Iter3: train folds 1..7 -> test fold 8  RMSE=30.220512  NRMSE=1.064651  CVRMSE=0.089020  R2=-0.144076
[GA][Iter4] Gen:1 Ind:1 RMSE(val)=31.349638
[GA][Iter4] Gen:1 Ind:2 RMSE(val)=30.655148
[GA][Iter4] Gen:1 Ind:3 RMSE(val)=30.591460
[GA][Iter4] Gen:1 Ind:4 RMSE(val)=30.982345
[GA][Iter4] Gen:1 Ind:5 RMSE(val)=41.038404
[GA][Iter4] Gen:1 Ind:6 RMSE(val)=31.060604
[GA][Iter4] Gen:1 Ind:7 RMSE(val)=30.906078
[GA][Iter4] Gen:1 Ind:8 RMSE(val)=31.446401
[GA][Iter4] Gen:1 Ind:9 RMSE(val)=30.744023
[GA][Iter4] Gen:1 Ind:10 RMSE(val)=31.509418
[GA][Iter4] Gen:1 Ind:11 RMSE(val)=31.014942
[GA][Iter4] Gen:1 Ind:12 RMSE(val)=31.810064
[GA][Iter4] Gen:1 Ind:13 RMSE(val)=31.012670
[GA][Iter4] Gen:1 Ind:14 RMSE(val)=32.096050
[GA][Iter4] Gen:1 Ind:15 RMSE(val)=32.245145
[GA][Iter4] Gen:1 Ind:16 RMSE(val)=30.969685
[GA][Iter4] Gen:1 Ind:17 RMSE(val)=30.912468
[GA][Iter4] Gen:1 Ind:18 RMSE(val)=31.385776
[GA][Iter4] Gen:1 Ind:19 RMSE(val)=30.323713
[GA][Iter4] Gen:1 Ind:20 RMSE(val)=32.963396
[GA][Iter4] gen=1 best_val_rmse=30.323713
[GA][Iter4] Gen:2 Ind:1 RMSE(val)=30.323713
[GA][Iter4] Gen:2 Ind:2 RMSE(val)=30.591460
[GA][Iter4] Gen:2 Ind:3 RMSE(val)=30.655148
[GA][Iter4] Gen:2 Ind:4 RMSE(val)=30.744023
[GA][Iter4] Gen:2 Ind:5 RMSE(val)=30.906078
[GA][Iter4] Gen:2 Ind:6 RMSE(val)=30.912468
[GA][Iter4] Gen:2 Ind:7 RMSE(val)=30.969685
[GA][Iter4] Gen:2 Ind:8 RMSE(val)=30.982345
[GA][Iter4] Gen:2 Ind:9 RMSE(val)=31.012670
[GA][Iter4] Gen:2 Ind:10 RMSE(val)=31.014942
[GA][Iter4] Gen:2 Ind:11 RMSE(val)=30.756569
[GA][Iter4] Gen:2 Ind:12 RMSE(val)=30.391566
[GA][Iter4] Gen:2 Ind:13 RMSE(val)=30.784204
[GA][Iter4] Gen:2 Ind:14 RMSE(val)=30.025353
[GA][Iter4] Gen:2 Ind:15 RMSE(val)=38.626249
[GA][Iter4] Gen:2 Ind:16 RMSE(val)=30.744023
[GA][Iter4] Gen:2 Ind:17 RMSE(val)=30.928150
[GA][Iter4] Gen:2 Ind:18 RMSE(val)=29.524244
[GA][Iter4] Gen:2 Ind:19 RMSE(val)=31.014942
[GA][Iter4] Gen:2 Ind:20 RMSE(val)=31.282179
[GA][Iter4] gen=2 best_val_rmse=29.524244
[GA][Iter4] Gen:3 Ind:1 RMSE(val)=29.524244
[GA][Iter4] Gen:3 Ind:2 RMSE(val)=30.025353
[GA][Iter4] Gen:3 Ind:3 RMSE(val)=30.323713
[GA][Iter4] Gen:3 Ind:4 RMSE(val)=30.391566
[GA][Iter4] Gen:3 Ind:5 RMSE(val)=30.591460
[GA][Iter4] Gen:3 Ind:6 RMSE(val)=30.655148
[GA][Iter4] Gen:3 Ind:7 RMSE(val)=30.744023
[GA][Iter4] Gen:3 Ind:8 RMSE(val)=30.744023
[GA][Iter4] Gen:3 Ind:9 RMSE(val)=30.756569
[GA][Iter4] Gen:3 Ind:10 RMSE(val)=30.784204
[GA][Iter4] Gen:3 Ind:11 RMSE(val)=30.781419
[GA][Iter4] Gen:3 Ind:12 RMSE(val)=31.293015
[GA][Iter4] Gen:3 Ind:13 RMSE(val)=30.626951
[GA][Iter4] Gen:3 Ind:14 RMSE(val)=29.695705
[GA][Iter4] Gen:3 Ind:15 RMSE(val)=30.025353
[GA][Iter4] Gen:3 Ind:16 RMSE(val)=30.145147
[GA][Iter4] Gen:3 Ind:17 RMSE(val)=31.461847
[GA][Iter4] Gen:3 Ind:18 RMSE(val)=30.025064
[GA][Iter4] Gen:3 Ind:19 RMSE(val)=29.974764
[GA][Iter4] Gen:3 Ind:20 RMSE(val)=29.978730
[GA][Iter4] gen=3 best_val_rmse=29.524244
[GA][Iter4] Gen:4 Ind:1 RMSE(val)=29.524244
[GA][Iter4] Gen:4 Ind:2 RMSE(val)=29.695705
[GA][Iter4] Gen:4 Ind:3 RMSE(val)=29.974764
[GA][Iter4] Gen:4 Ind:4 RMSE(val)=29.978730
[GA][Iter4] Gen:4 Ind:5 RMSE(val)=30.025064
[GA][Iter4] Gen:4 Ind:6 RMSE(val)=30.025353
[GA][Iter4] Gen:4 Ind:7 RMSE(val)=30.025353
[GA][Iter4] Gen:4 Ind:8 RMSE(val)=30.145147
[GA][Iter4] Gen:4 Ind:9 RMSE(val)=30.323713
[GA][Iter4] Gen:4 Ind:10 RMSE(val)=30.391566
[GA][Iter4] Gen:4 Ind:11 RMSE(val)=29.635110
[GA][Iter4] Gen:4 Ind:12 RMSE(val)=30.323713
[GA][Iter4] Gen:4 Ind:13 RMSE(val)=30.443163
[GA][Iter4] Gen:4 Ind:14 RMSE(val)=30.025353
[GA][Iter4] Gen:4 Ind:15 RMSE(val)=30.025353
[GA][Iter4] Gen:4 Ind:16 RMSE(val)=30.441118
[GA][Iter4] Gen:4 Ind:17 RMSE(val)=29.734453
[GA][Iter4] Gen:4 Ind:18 RMSE(val)=31.368417
[GA][Iter4] Gen:4 Ind:19 RMSE(val)=30.025064
[GA][Iter4] Gen:4 Ind:20 RMSE(val)=29.789344
[GA][Iter4] gen=4 best_val_rmse=29.524244
[GA][Iter4] Gen:5 Ind:1 RMSE(val)=29.524244
[GA][Iter4] Gen:5 Ind:2 RMSE(val)=29.635110
[GA][Iter4] Gen:5 Ind:3 RMSE(val)=29.695705
[GA][Iter4] Gen:5 Ind:4 RMSE(val)=29.734453
[GA][Iter4] Gen:5 Ind:5 RMSE(val)=29.789344
[GA][Iter4] Gen:5 Ind:6 RMSE(val)=29.974764
[GA][Iter4] Gen:5 Ind:7 RMSE(val)=29.978730
[GA][Iter4] Gen:5 Ind:8 RMSE(val)=30.025064
[GA][Iter4] Gen:5 Ind:9 RMSE(val)=30.025064
[GA][Iter4] Gen:5 Ind:10 RMSE(val)=30.025353
[GA][Iter4] Gen:5 Ind:11 RMSE(val)=29.974764
[GA][Iter4] Gen:5 Ind:12 RMSE(val)=30.216696
[GA][Iter4] Gen:5 Ind:13 RMSE(val)=29.496887
[GA][Iter4] Gen:5 Ind:14 RMSE(val)=30.025064
[GA][Iter4] Gen:5 Ind:15 RMSE(val)=30.779791
[GA][Iter4] Gen:5 Ind:16 RMSE(val)=29.739651
[GA][Iter4] Gen:5 Ind:17 RMSE(val)=29.635519
[GA][Iter4] Gen:5 Ind:18 RMSE(val)=30.025353
[GA][Iter4] Gen:5 Ind:19 RMSE(val)=30.025064
[GA][Iter4] Gen:5 Ind:20 RMSE(val)=30.025064
[GA][Iter4] gen=5 best_val_rmse=29.496887
[GA][Iter4] Gen:6 Ind:1 RMSE(val)=29.496887
[GA][Iter4] Gen:6 Ind:2 RMSE(val)=29.524244
[GA][Iter4] Gen:6 Ind:3 RMSE(val)=29.635110
[GA][Iter4] Gen:6 Ind:4 RMSE(val)=29.635519
[GA][Iter4] Gen:6 Ind:5 RMSE(val)=29.695705
[GA][Iter4] Gen:6 Ind:6 RMSE(val)=29.734453
[GA][Iter4] Gen:6 Ind:7 RMSE(val)=29.739651
[GA][Iter4] Gen:6 Ind:8 RMSE(val)=29.789344
[GA][Iter4] Gen:6 Ind:9 RMSE(val)=29.974764
[GA][Iter4] Gen:6 Ind:10 RMSE(val)=29.974764
[GA][Iter4] Gen:6 Ind:11 RMSE(val)=29.496887
[GA][Iter4] Gen:6 Ind:12 RMSE(val)=29.496887
[GA][Iter4] Gen:6 Ind:13 RMSE(val)=30.025064
[GA][Iter4] Gen:6 Ind:14 RMSE(val)=29.683454
[GA][Iter4] Gen:6 Ind:15 RMSE(val)=29.974764
[GA][Iter4] Gen:6 Ind:16 RMSE(val)=29.524244
[GA][Iter4] Gen:6 Ind:17 RMSE(val)=29.524244
[GA][Iter4] Gen:6 Ind:18 RMSE(val)=29.496887
[GA][Iter4] Gen:6 Ind:19 RMSE(val)=29.886546
[GA][Iter4] Gen:6 Ind:20 RMSE(val)=29.524244
[GA][Iter4] gen=6 best_val_rmse=29.496887
[GA][Iter4] Gen:7 Ind:1 RMSE(val)=29.496887
[GA][Iter4] Gen:7 Ind:2 RMSE(val)=29.496887
[GA][Iter4] Gen:7 Ind:3 RMSE(val)=29.496887
[GA][Iter4] Gen:7 Ind:4 RMSE(val)=29.496887
[GA][Iter4] Gen:7 Ind:5 RMSE(val)=29.524244
[GA][Iter4] Gen:7 Ind:6 RMSE(val)=29.524244
[GA][Iter4] Gen:7 Ind:7 RMSE(val)=29.524244
[GA][Iter4] Gen:7 Ind:8 RMSE(val)=29.524244
[GA][Iter4] Gen:7 Ind:9 RMSE(val)=29.635110
[GA][Iter4] Gen:7 Ind:10 RMSE(val)=29.635519
[GA][Iter4] Gen:7 Ind:11 RMSE(val)=31.006794
[GA][Iter4] Gen:7 Ind:12 RMSE(val)=29.496887
[GA][Iter4] Gen:7 Ind:13 RMSE(val)=29.524244
[GA][Iter4] Gen:7 Ind:14 RMSE(val)=29.524244
[GA][Iter4] Gen:7 Ind:15 RMSE(val)=29.524244
[GA][Iter4] Gen:7 Ind:16 RMSE(val)=29.635110
[GA][Iter4] Gen:7 Ind:17 RMSE(val)=29.496887
[GA][Iter4] Gen:7 Ind:18 RMSE(val)=29.693619
[GA][Iter4] Gen:7 Ind:19 RMSE(val)=29.496887
[GA][Iter4] Gen:7 Ind:20 RMSE(val)=29.524244
[GA][Iter4] gen=7 best_val_rmse=29.496887
[GA][Iter4] Gen:8 Ind:1 RMSE(val)=29.496887
[GA][Iter4] Gen:8 Ind:2 RMSE(val)=29.496887
[GA][Iter4] Gen:8 Ind:3 RMSE(val)=29.496887
[GA][Iter4] Gen:8 Ind:4 RMSE(val)=29.496887
[GA][Iter4] Gen:8 Ind:5 RMSE(val)=29.496887
[GA][Iter4] Gen:8 Ind:6 RMSE(val)=29.496887
[GA][Iter4] Gen:8 Ind:7 RMSE(val)=29.496887
[GA][Iter4] Gen:8 Ind:8 RMSE(val)=29.524244
[GA][Iter4] Gen:8 Ind:9 RMSE(val)=29.524244
[GA][Iter4] Gen:8 Ind:10 RMSE(val)=29.524244
[GA][Iter4] Gen:8 Ind:11 RMSE(val)=29.524244
[GA][Iter4] Gen:8 Ind:12 RMSE(val)=29.635110
[GA][Iter4] Gen:8 Ind:13 RMSE(val)=29.496887
[GA][Iter4] Gen:8 Ind:14 RMSE(val)=29.510270
[GA][Iter4] Gen:8 Ind:15 RMSE(val)=29.524244
[GA][Iter4] Gen:8 Ind:16 RMSE(val)=29.496887
[GA][Iter4] Gen:8 Ind:17 RMSE(val)=29.524244
[GA][Iter4] Gen:8 Ind:18 RMSE(val)=32.821997
[GA][Iter4] Gen:8 Ind:19 RMSE(val)=29.496887
[GA][Iter4] Gen:8 Ind:20 RMSE(val)=29.524244
[GA][Iter4] gen=8 best_val_rmse=29.496887
[GA][Iter4] Gen:9 Ind:1 RMSE(val)=29.496887
[GA][Iter4] Gen:9 Ind:2 RMSE(val)=29.496887
[GA][Iter4] Gen:9 Ind:3 RMSE(val)=29.496887
[GA][Iter4] Gen:9 Ind:4 RMSE(val)=29.496887
[GA][Iter4] Gen:9 Ind:5 RMSE(val)=29.496887
[GA][Iter4] Gen:9 Ind:6 RMSE(val)=29.496887
[GA][Iter4] Gen:9 Ind:7 RMSE(val)=29.496887
[GA][Iter4] Gen:9 Ind:8 RMSE(val)=29.496887
[GA][Iter4] Gen:9 Ind:9 RMSE(val)=29.496887
[GA][Iter4] Gen:9 Ind:10 RMSE(val)=29.496887
[GA][Iter4] Gen:9 Ind:11 RMSE(val)=29.496887
[GA][Iter4] Gen:9 Ind:12 RMSE(val)=29.496887
[GA][Iter4] Gen:9 Ind:13 RMSE(val)=29.448345
[GA][Iter4] Gen:9 Ind:14 RMSE(val)=29.496887
[GA][Iter4] Gen:9 Ind:15 RMSE(val)=29.496887
[GA][Iter4] Gen:9 Ind:16 RMSE(val)=29.496887
[GA][Iter4] Gen:9 Ind:17 RMSE(val)=32.821997
[GA][Iter4] Gen:9 Ind:18 RMSE(val)=29.496887
[GA][Iter4] Gen:9 Ind:19 RMSE(val)=29.524244
[GA][Iter4] Gen:9 Ind:20 RMSE(val)=29.496887
[GA][Iter4] gen=9 best_val_rmse=29.448345
[GA][Iter4] Gen:10 Ind:1 RMSE(val)=29.448345
[GA][Iter4] Gen:10 Ind:2 RMSE(val)=29.496887
[GA][Iter4] Gen:10 Ind:3 RMSE(val)=29.496887
[GA][Iter4] Gen:10 Ind:4 RMSE(val)=29.496887
[GA][Iter4] Gen:10 Ind:5 RMSE(val)=29.496887
[GA][Iter4] Gen:10 Ind:6 RMSE(val)=29.496887
[GA][Iter4] Gen:10 Ind:7 RMSE(val)=29.496887
[GA][Iter4] Gen:10 Ind:8 RMSE(val)=29.496887
[GA][Iter4] Gen:10 Ind:9 RMSE(val)=29.496887
[GA][Iter4] Gen:10 Ind:10 RMSE(val)=29.496887
[GA][Iter4] Gen:10 Ind:11 RMSE(val)=29.496887
[GA][Iter4] Gen:10 Ind:12 RMSE(val)=29.448345
[GA][Iter4] Gen:10 Ind:13 RMSE(val)=29.496887
[GA][Iter4] Gen:10 Ind:14 RMSE(val)=29.496887
[GA][Iter4] Gen:10 Ind:15 RMSE(val)=30.540057
[GA][Iter4] Gen:10 Ind:16 RMSE(val)=29.404298
[GA][Iter4] Gen:10 Ind:17 RMSE(val)=29.496887
[GA][Iter4] Gen:10 Ind:18 RMSE(val)=29.496887
[GA][Iter4] Gen:10 Ind:19 RMSE(val)=29.496887
[GA][Iter4] Gen:10 Ind:20 RMSE(val)=29.496887
[GA][Iter4] gen=10 best_val_rmse=29.404298
[GA][Iter4] Gen:11 Ind:1 RMSE(val)=29.404298
[GA][Iter4] Gen:11 Ind:2 RMSE(val)=29.448345
[GA][Iter4] Gen:11 Ind:3 RMSE(val)=29.448345
[GA][Iter4] Gen:11 Ind:4 RMSE(val)=29.496887
[GA][Iter4] Gen:11 Ind:5 RMSE(val)=29.496887
[GA][Iter4] Gen:11 Ind:6 RMSE(val)=29.496887
[GA][Iter4] Gen:11 Ind:7 RMSE(val)=29.496887
[GA][Iter4] Gen:11 Ind:8 RMSE(val)=29.496887
[GA][Iter4] Gen:11 Ind:9 RMSE(val)=29.496887
[GA][Iter4] Gen:11 Ind:10 RMSE(val)=29.496887
[GA][Iter4] Gen:11 Ind:11 RMSE(val)=29.448345
[GA][Iter4] Gen:11 Ind:12 RMSE(val)=29.496887
[GA][Iter4] Gen:11 Ind:13 RMSE(val)=29.496887
[GA][Iter4] Gen:11 Ind:14 RMSE(val)=29.496887
[GA][Iter4] Gen:11 Ind:15 RMSE(val)=29.546196
[GA][Iter4] Gen:11 Ind:16 RMSE(val)=29.496887
[GA][Iter4] Gen:11 Ind:17 RMSE(val)=29.448345
[GA][Iter4] Gen:11 Ind:18 RMSE(val)=29.496887
[GA][Iter4] Gen:11 Ind:19 RMSE(val)=29.496887
[GA][Iter4] Gen:11 Ind:20 RMSE(val)=29.150654
[GA][Iter4] gen=11 best_val_rmse=29.150654
[GA][Iter4] Gen:12 Ind:1 RMSE(val)=29.150654
[GA][Iter4] Gen:12 Ind:2 RMSE(val)=29.404298
[GA][Iter4] Gen:12 Ind:3 RMSE(val)=29.448345
[GA][Iter4] Gen:12 Ind:4 RMSE(val)=29.448345
[GA][Iter4] Gen:12 Ind:5 RMSE(val)=29.448345
[GA][Iter4] Gen:12 Ind:6 RMSE(val)=29.448345
[GA][Iter4] Gen:12 Ind:7 RMSE(val)=29.496887
[GA][Iter4] Gen:12 Ind:8 RMSE(val)=29.496887
[GA][Iter4] Gen:12 Ind:9 RMSE(val)=29.496887
[GA][Iter4] Gen:12 Ind:10 RMSE(val)=29.496887
[GA][Iter4] Gen:12 Ind:11 RMSE(val)=29.448345
[GA][Iter4] Gen:12 Ind:12 RMSE(val)=29.524244
[GA][Iter4] Gen:12 Ind:13 RMSE(val)=29.404298
[GA][Iter4] Gen:12 Ind:14 RMSE(val)=29.496887
[GA][Iter4] Gen:12 Ind:15 RMSE(val)=29.496887
[GA][Iter4] Gen:12 Ind:16 RMSE(val)=29.496887
[GA][Iter4] Gen:12 Ind:17 RMSE(val)=29.496887
[GA][Iter4] Gen:12 Ind:18 RMSE(val)=29.448345
[GA][Iter4] Gen:12 Ind:19 RMSE(val)=29.448345
[GA][Iter4] Gen:12 Ind:20 RMSE(val)=29.173698
[GA][Iter4] gen=12 best_val_rmse=29.150654
[GA][Iter4] Gen:13 Ind:1 RMSE(val)=29.150654
[GA][Iter4] Gen:13 Ind:2 RMSE(val)=29.173698
[GA][Iter4] Gen:13 Ind:3 RMSE(val)=29.404298
[GA][Iter4] Gen:13 Ind:4 RMSE(val)=29.404298
[GA][Iter4] Gen:13 Ind:5 RMSE(val)=29.448345
[GA][Iter4] Gen:13 Ind:6 RMSE(val)=29.448345
[GA][Iter4] Gen:13 Ind:7 RMSE(val)=29.448345
[GA][Iter4] Gen:13 Ind:8 RMSE(val)=29.448345
[GA][Iter4] Gen:13 Ind:9 RMSE(val)=29.448345
[GA][Iter4] Gen:13 Ind:10 RMSE(val)=29.448345
[GA][Iter4] Gen:13 Ind:11 RMSE(val)=29.448345
[GA][Iter4] Gen:13 Ind:12 RMSE(val)=29.150654
[GA][Iter4] Gen:13 Ind:13 RMSE(val)=30.571396
[GA][Iter4] Gen:13 Ind:14 RMSE(val)=29.448345
[GA][Iter4] Gen:13 Ind:15 RMSE(val)=29.348976
[GA][Iter4] Gen:13 Ind:16 RMSE(val)=29.524244
[GA][Iter4] Gen:13 Ind:17 RMSE(val)=29.150654
[GA][Iter4] Gen:13 Ind:18 RMSE(val)=29.496887
[GA][Iter4] Gen:13 Ind:19 RMSE(val)=29.496887
[GA][Iter4] Gen:13 Ind:20 RMSE(val)=29.212027
[GA][Iter4] gen=13 best_val_rmse=29.150654
[GA][Iter4] Gen:14 Ind:1 RMSE(val)=29.150654
[GA][Iter4] Gen:14 Ind:2 RMSE(val)=29.150654
[GA][Iter4] Gen:14 Ind:3 RMSE(val)=29.150654
[GA][Iter4] Gen:14 Ind:4 RMSE(val)=29.173698
[GA][Iter4] Gen:14 Ind:5 RMSE(val)=29.212027
[GA][Iter4] Gen:14 Ind:6 RMSE(val)=29.348976
[GA][Iter4] Gen:14 Ind:7 RMSE(val)=29.404298
[GA][Iter4] Gen:14 Ind:8 RMSE(val)=29.404298
[GA][Iter4] Gen:14 Ind:9 RMSE(val)=29.448345
[GA][Iter4] Gen:14 Ind:10 RMSE(val)=29.448345
[GA][Iter4] Gen:14 Ind:11 RMSE(val)=29.348976
[GA][Iter4] Gen:14 Ind:12 RMSE(val)=29.594537
[GA][Iter4] Gen:14 Ind:13 RMSE(val)=29.448345
[GA][Iter4] Gen:14 Ind:14 RMSE(val)=29.387493
[GA][Iter4] Gen:14 Ind:15 RMSE(val)=29.448345
[GA][Iter4] Gen:14 Ind:16 RMSE(val)=29.448345
[GA][Iter4] Gen:14 Ind:17 RMSE(val)=29.448345
[GA][Iter4] Gen:14 Ind:18 RMSE(val)=29.114053
[GA][Iter4] Gen:14 Ind:19 RMSE(val)=30.082015
[GA][Iter4] Gen:14 Ind:20 RMSE(val)=29.150654
[GA][Iter4] gen=14 best_val_rmse=29.114053
[GA][Iter4] Gen:15 Ind:1 RMSE(val)=29.114053
[GA][Iter4] Gen:15 Ind:2 RMSE(val)=29.150654
[GA][Iter4] Gen:15 Ind:3 RMSE(val)=29.150654
[GA][Iter4] Gen:15 Ind:4 RMSE(val)=29.150654
[GA][Iter4] Gen:15 Ind:5 RMSE(val)=29.150654
[GA][Iter4] Gen:15 Ind:6 RMSE(val)=29.173698
[GA][Iter4] Gen:15 Ind:7 RMSE(val)=29.212027
[GA][Iter4] Gen:15 Ind:8 RMSE(val)=29.348976
[GA][Iter4] Gen:15 Ind:9 RMSE(val)=29.348976
[GA][Iter4] Gen:15 Ind:10 RMSE(val)=29.387493
[GA][Iter4] Gen:15 Ind:11 RMSE(val)=29.150654
[GA][Iter4] Gen:15 Ind:12 RMSE(val)=29.150654
[GA][Iter4] Gen:15 Ind:13 RMSE(val)=29.200723
[GA][Iter4] Gen:15 Ind:14 RMSE(val)=29.455693
[GA][Iter4] Gen:15 Ind:15 RMSE(val)=29.481262
[GA][Iter4] Gen:15 Ind:16 RMSE(val)=29.448345
[GA][Iter4] Gen:15 Ind:17 RMSE(val)=29.173698
[GA][Iter4] Gen:15 Ind:18 RMSE(val)=31.816423
[GA][Iter4] Gen:15 Ind:19 RMSE(val)=29.130637
[GA][Iter4] Gen:15 Ind:20 RMSE(val)=29.114053
[GA][Iter4] gen=15 best_val_rmse=29.114053
[GA][Iter4] Gen:15 Ind:1 RMSE(val)=29.114053
[GA][Iter4] Gen:15 Ind:2 RMSE(val)=29.114053
[GA][Iter4] Gen:15 Ind:3 RMSE(val)=29.130637
[GA][Iter4] Gen:15 Ind:4 RMSE(val)=29.150654
[GA][Iter4] Gen:15 Ind:5 RMSE(val)=29.150654
[GA][Iter4] Gen:15 Ind:6 RMSE(val)=29.150654
[GA][Iter4] Gen:15 Ind:7 RMSE(val)=29.150654
[GA][Iter4] Gen:15 Ind:8 RMSE(val)=29.150654
[GA][Iter4] Gen:15 Ind:9 RMSE(val)=29.150654
[GA][Iter4] Gen:15 Ind:10 RMSE(val)=29.173698
[GA][Iter4] Gen:15 Ind:11 RMSE(val)=29.130637
[GA][Iter4] Gen:15 Ind:12 RMSE(val)=29.114053
[GA][Iter4] Gen:15 Ind:13 RMSE(val)=29.150654
[GA][Iter4] Gen:15 Ind:14 RMSE(val)=29.114053
[GA][Iter4] Gen:15 Ind:15 RMSE(val)=29.113267
[GA][Iter4] Gen:15 Ind:16 RMSE(val)=29.150654
[GA][Iter4] Gen:15 Ind:17 RMSE(val)=29.150654
[GA][Iter4] Gen:15 Ind:18 RMSE(val)=29.130637
[GA][Iter4] Gen:15 Ind:19 RMSE(val)=29.162209
[GA][Iter4] Gen:15 Ind:20 RMSE(val)=29.173698

[GA DONE][Iter4] Best params on val fold of Iter4
Best val RMSE: 29.113267
Best params: {'n_estimators': 468, 'max_depth': 3, 'min_samples_split': 5, 'min_samples_leaf': 10, 'max_features': None, 'bootstrap': True}
--------------------------------------------------------------------------------
[RETUNE GA] Iter4: train folds 1..8 -> test fold 9  RMSE=24.900569  NRMSE=0.994019  CVRMSE=0.074103  R2=0.002692
[GA][Iter5] Gen:1 Ind:1 RMSE(val)=26.443937
[GA][Iter5] Gen:1 Ind:2 RMSE(val)=25.731833
[GA][Iter5] Gen:1 Ind:3 RMSE(val)=25.066915
[GA][Iter5] Gen:1 Ind:4 RMSE(val)=25.224437
[GA][Iter5] Gen:1 Ind:5 RMSE(val)=30.882253
[GA][Iter5] Gen:1 Ind:6 RMSE(val)=25.475949
[GA][Iter5] Gen:1 Ind:7 RMSE(val)=25.542957
[GA][Iter5] Gen:1 Ind:8 RMSE(val)=25.310863
[GA][Iter5] Gen:1 Ind:9 RMSE(val)=25.280854
[GA][Iter5] Gen:1 Ind:10 RMSE(val)=25.039194
[GA][Iter5] Gen:1 Ind:11 RMSE(val)=25.291217
[GA][Iter5] Gen:1 Ind:12 RMSE(val)=25.127606
[GA][Iter5] Gen:1 Ind:13 RMSE(val)=25.751018
[GA][Iter5] Gen:1 Ind:14 RMSE(val)=25.459972
[GA][Iter5] Gen:1 Ind:15 RMSE(val)=25.570088
[GA][Iter5] Gen:1 Ind:16 RMSE(val)=25.233254
[GA][Iter5] Gen:1 Ind:17 RMSE(val)=25.846427
[GA][Iter5] Gen:1 Ind:18 RMSE(val)=25.308221
[GA][Iter5] Gen:1 Ind:19 RMSE(val)=24.911451
[GA][Iter5] Gen:1 Ind:20 RMSE(val)=32.407873
[GA][Iter5] gen=1 best_val_rmse=24.911451
[GA][Iter5] Gen:2 Ind:1 RMSE(val)=24.911451
[GA][Iter5] Gen:2 Ind:2 RMSE(val)=25.039194
[GA][Iter5] Gen:2 Ind:3 RMSE(val)=25.066915
[GA][Iter5] Gen:2 Ind:4 RMSE(val)=25.127606
[GA][Iter5] Gen:2 Ind:5 RMSE(val)=25.224437
[GA][Iter5] Gen:2 Ind:6 RMSE(val)=25.233254
[GA][Iter5] Gen:2 Ind:7 RMSE(val)=25.280854
[GA][Iter5] Gen:2 Ind:8 RMSE(val)=25.291217
[GA][Iter5] Gen:2 Ind:9 RMSE(val)=25.308221
[GA][Iter5] Gen:2 Ind:10 RMSE(val)=25.310863
[GA][Iter5] Gen:2 Ind:11 RMSE(val)=25.227050
[GA][Iter5] Gen:2 Ind:12 RMSE(val)=25.051620
[GA][Iter5] Gen:2 Ind:13 RMSE(val)=25.094164
[GA][Iter5] Gen:2 Ind:14 RMSE(val)=24.924968
[GA][Iter5] Gen:2 Ind:15 RMSE(val)=31.643836
[GA][Iter5] Gen:2 Ind:16 RMSE(val)=25.194319
[GA][Iter5] Gen:2 Ind:17 RMSE(val)=25.149296
[GA][Iter5] Gen:2 Ind:18 RMSE(val)=24.905050
[GA][Iter5] Gen:2 Ind:19 RMSE(val)=25.006250
[GA][Iter5] Gen:2 Ind:20 RMSE(val)=24.987860
[GA][Iter5] gen=2 best_val_rmse=24.905050
[GA][Iter5] Gen:3 Ind:1 RMSE(val)=24.905050
[GA][Iter5] Gen:3 Ind:2 RMSE(val)=24.911451
[GA][Iter5] Gen:3 Ind:3 RMSE(val)=24.924968
[GA][Iter5] Gen:3 Ind:4 RMSE(val)=24.987860
[GA][Iter5] Gen:3 Ind:5 RMSE(val)=25.006250
[GA][Iter5] Gen:3 Ind:6 RMSE(val)=25.039194
[GA][Iter5] Gen:3 Ind:7 RMSE(val)=25.051620
[GA][Iter5] Gen:3 Ind:8 RMSE(val)=25.066915
[GA][Iter5] Gen:3 Ind:9 RMSE(val)=25.094164
[GA][Iter5] Gen:3 Ind:10 RMSE(val)=25.127606
[GA][Iter5] Gen:3 Ind:11 RMSE(val)=24.911451
[GA][Iter5] Gen:3 Ind:12 RMSE(val)=24.924968
[GA][Iter5] Gen:3 Ind:13 RMSE(val)=25.017030
[GA][Iter5] Gen:3 Ind:14 RMSE(val)=25.100591
[GA][Iter5] Gen:3 Ind:15 RMSE(val)=24.836202
[GA][Iter5] Gen:3 Ind:16 RMSE(val)=24.905050
[GA][Iter5] Gen:3 Ind:17 RMSE(val)=24.763322
[GA][Iter5] Gen:3 Ind:18 RMSE(val)=24.987138
[GA][Iter5] Gen:3 Ind:19 RMSE(val)=24.905050
[GA][Iter5] Gen:3 Ind:20 RMSE(val)=24.837889
[GA][Iter5] gen=3 best_val_rmse=24.763322
[GA][Iter5] Gen:4 Ind:1 RMSE(val)=24.763322
[GA][Iter5] Gen:4 Ind:2 RMSE(val)=24.836202
[GA][Iter5] Gen:4 Ind:3 RMSE(val)=24.837889
[GA][Iter5] Gen:4 Ind:4 RMSE(val)=24.905050
[GA][Iter5] Gen:4 Ind:5 RMSE(val)=24.905050
[GA][Iter5] Gen:4 Ind:6 RMSE(val)=24.905050
[GA][Iter5] Gen:4 Ind:7 RMSE(val)=24.911451
[GA][Iter5] Gen:4 Ind:8 RMSE(val)=24.911451
[GA][Iter5] Gen:4 Ind:9 RMSE(val)=24.924968
[GA][Iter5] Gen:4 Ind:10 RMSE(val)=24.924968
[GA][Iter5] Gen:4 Ind:11 RMSE(val)=24.815113
[GA][Iter5] Gen:4 Ind:12 RMSE(val)=24.778119
[GA][Iter5] Gen:4 Ind:13 RMSE(val)=24.866063
[GA][Iter5] Gen:4 Ind:14 RMSE(val)=24.866063
[GA][Iter5] Gen:4 Ind:15 RMSE(val)=24.821494
[GA][Iter5] Gen:4 Ind:16 RMSE(val)=24.821806
[GA][Iter5] Gen:4 Ind:17 RMSE(val)=24.905050
[GA][Iter5] Gen:4 Ind:18 RMSE(val)=24.866840
[GA][Iter5] Gen:4 Ind:19 RMSE(val)=24.816380
[GA][Iter5] Gen:4 Ind:20 RMSE(val)=24.866063
[GA][Iter5] gen=4 best_val_rmse=24.763322
[GA][Iter5] Gen:5 Ind:1 RMSE(val)=24.763322
[GA][Iter5] Gen:5 Ind:2 RMSE(val)=24.778119
[GA][Iter5] Gen:5 Ind:3 RMSE(val)=24.815113
[GA][Iter5] Gen:5 Ind:4 RMSE(val)=24.816380
[GA][Iter5] Gen:5 Ind:5 RMSE(val)=24.821494
[GA][Iter5] Gen:5 Ind:6 RMSE(val)=24.821806
[GA][Iter5] Gen:5 Ind:7 RMSE(val)=24.836202
[GA][Iter5] Gen:5 Ind:8 RMSE(val)=24.837889
[GA][Iter5] Gen:5 Ind:9 RMSE(val)=24.866063
[GA][Iter5] Gen:5 Ind:10 RMSE(val)=24.866063
[GA][Iter5] Gen:5 Ind:11 RMSE(val)=24.866063
[GA][Iter5] Gen:5 Ind:12 RMSE(val)=24.821494
[GA][Iter5] Gen:5 Ind:13 RMSE(val)=24.842665
[GA][Iter5] Gen:5 Ind:14 RMSE(val)=24.866063
[GA][Iter5] Gen:5 Ind:15 RMSE(val)=24.876629
[GA][Iter5] Gen:5 Ind:16 RMSE(val)=24.866063
[GA][Iter5] Gen:5 Ind:17 RMSE(val)=24.908460
[GA][Iter5] Gen:5 Ind:18 RMSE(val)=24.866063
[GA][Iter5] Gen:5 Ind:19 RMSE(val)=24.837889
[GA][Iter5] Gen:5 Ind:20 RMSE(val)=24.821806
[GA][Iter5] gen=5 best_val_rmse=24.763322
[GA][Iter5] Gen:6 Ind:1 RMSE(val)=24.763322
[GA][Iter5] Gen:6 Ind:2 RMSE(val)=24.778119
[GA][Iter5] Gen:6 Ind:3 RMSE(val)=24.815113
[GA][Iter5] Gen:6 Ind:4 RMSE(val)=24.816380
[GA][Iter5] Gen:6 Ind:5 RMSE(val)=24.821494
[GA][Iter5] Gen:6 Ind:6 RMSE(val)=24.821494
[GA][Iter5] Gen:6 Ind:7 RMSE(val)=24.821806
[GA][Iter5] Gen:6 Ind:8 RMSE(val)=24.821806
[GA][Iter5] Gen:6 Ind:9 RMSE(val)=24.836202
[GA][Iter5] Gen:6 Ind:10 RMSE(val)=24.837889
[GA][Iter5] Gen:6 Ind:11 RMSE(val)=24.924968
[GA][Iter5] Gen:6 Ind:12 RMSE(val)=24.866063
[GA][Iter5] Gen:6 Ind:13 RMSE(val)=24.821494
[GA][Iter5] Gen:6 Ind:14 RMSE(val)=24.832974
[GA][Iter5] Gen:6 Ind:15 RMSE(val)=24.837889
[GA][Iter5] Gen:6 Ind:16 RMSE(val)=24.783139
[GA][Iter5] Gen:6 Ind:17 RMSE(val)=24.811375
[GA][Iter5] Gen:6 Ind:18 RMSE(val)=24.761988
[GA][Iter5] Gen:6 Ind:19 RMSE(val)=24.771344
[GA][Iter5] Gen:6 Ind:20 RMSE(val)=24.778119
[GA][Iter5] gen=6 best_val_rmse=24.761988
[GA][Iter5] Gen:7 Ind:1 RMSE(val)=24.761988
[GA][Iter5] Gen:7 Ind:2 RMSE(val)=24.763322
[GA][Iter5] Gen:7 Ind:3 RMSE(val)=24.771344
[GA][Iter5] Gen:7 Ind:4 RMSE(val)=24.778119
[GA][Iter5] Gen:7 Ind:5 RMSE(val)=24.778119
[GA][Iter5] Gen:7 Ind:6 RMSE(val)=24.783139
[GA][Iter5] Gen:7 Ind:7 RMSE(val)=24.811375
[GA][Iter5] Gen:7 Ind:8 RMSE(val)=24.815113
[GA][Iter5] Gen:7 Ind:9 RMSE(val)=24.816380
[GA][Iter5] Gen:7 Ind:10 RMSE(val)=24.821494
[GA][Iter5] Gen:7 Ind:11 RMSE(val)=26.546217
[GA][Iter5] Gen:7 Ind:12 RMSE(val)=24.763322
[GA][Iter5] Gen:7 Ind:13 RMSE(val)=24.815113
[GA][Iter5] Gen:7 Ind:14 RMSE(val)=24.774063
[GA][Iter5] Gen:7 Ind:15 RMSE(val)=24.811375
[GA][Iter5] Gen:7 Ind:16 RMSE(val)=24.816380
[GA][Iter5] Gen:7 Ind:17 RMSE(val)=24.775789
[GA][Iter5] Gen:7 Ind:18 RMSE(val)=24.841450
[GA][Iter5] Gen:7 Ind:19 RMSE(val)=24.816380
[GA][Iter5] Gen:7 Ind:20 RMSE(val)=24.778119
[GA][Iter5] gen=7 best_val_rmse=24.761988
[GA][Iter5] Gen:8 Ind:1 RMSE(val)=24.761988
[GA][Iter5] Gen:8 Ind:2 RMSE(val)=24.763322
[GA][Iter5] Gen:8 Ind:3 RMSE(val)=24.763322
[GA][Iter5] Gen:8 Ind:4 RMSE(val)=24.771344
[GA][Iter5] Gen:8 Ind:5 RMSE(val)=24.774063
[GA][Iter5] Gen:8 Ind:6 RMSE(val)=24.775789
[GA][Iter5] Gen:8 Ind:7 RMSE(val)=24.778119
[GA][Iter5] Gen:8 Ind:8 RMSE(val)=24.778119
[GA][Iter5] Gen:8 Ind:9 RMSE(val)=24.778119
[GA][Iter5] Gen:8 Ind:10 RMSE(val)=24.783139
[GA][Iter5] Gen:8 Ind:11 RMSE(val)=24.800095
[GA][Iter5] Gen:8 Ind:12 RMSE(val)=24.849857
[GA][Iter5] Gen:8 Ind:13 RMSE(val)=24.774063
[GA][Iter5] Gen:8 Ind:14 RMSE(val)=24.755865
[GA][Iter5] Gen:8 Ind:15 RMSE(val)=24.816638
[GA][Iter5] Gen:8 Ind:16 RMSE(val)=24.773272
[GA][Iter5] Gen:8 Ind:17 RMSE(val)=24.778119
[GA][Iter5] Gen:8 Ind:18 RMSE(val)=26.239306
[GA][Iter5] Gen:8 Ind:19 RMSE(val)=24.774063
[GA][Iter5] Gen:8 Ind:20 RMSE(val)=24.778119
[GA][Iter5] gen=8 best_val_rmse=24.755865
[GA][Iter5] Gen:9 Ind:1 RMSE(val)=24.755865
[GA][Iter5] Gen:9 Ind:2 RMSE(val)=24.761988
[GA][Iter5] Gen:9 Ind:3 RMSE(val)=24.763322
[GA][Iter5] Gen:9 Ind:4 RMSE(val)=24.763322
[GA][Iter5] Gen:9 Ind:5 RMSE(val)=24.771344
[GA][Iter5] Gen:9 Ind:6 RMSE(val)=24.773272
[GA][Iter5] Gen:9 Ind:7 RMSE(val)=24.774063
[GA][Iter5] Gen:9 Ind:8 RMSE(val)=24.774063
[GA][Iter5] Gen:9 Ind:9 RMSE(val)=24.774063
[GA][Iter5] Gen:9 Ind:10 RMSE(val)=24.775789
[GA][Iter5] Gen:9 Ind:11 RMSE(val)=24.774063
[GA][Iter5] Gen:9 Ind:12 RMSE(val)=24.778859
[GA][Iter5] Gen:9 Ind:13 RMSE(val)=24.830555
[GA][Iter5] Gen:9 Ind:14 RMSE(val)=24.761988
[GA][Iter5] Gen:9 Ind:15 RMSE(val)=24.771344
[GA][Iter5] Gen:9 Ind:16 RMSE(val)=24.749093
[GA][Iter5] Gen:9 Ind:17 RMSE(val)=27.024418
[GA][Iter5] Gen:9 Ind:18 RMSE(val)=24.775195
[GA][Iter5] Gen:9 Ind:19 RMSE(val)=24.797984
[GA][Iter5] Gen:9 Ind:20 RMSE(val)=24.774063
[GA][Iter5] gen=9 best_val_rmse=24.749093
[GA][Iter5] Gen:10 Ind:1 RMSE(val)=24.749093
[GA][Iter5] Gen:10 Ind:2 RMSE(val)=24.755865
[GA][Iter5] Gen:10 Ind:3 RMSE(val)=24.761988
[GA][Iter5] Gen:10 Ind:4 RMSE(val)=24.761988
[GA][Iter5] Gen:10 Ind:5 RMSE(val)=24.763322
[GA][Iter5] Gen:10 Ind:6 RMSE(val)=24.763322
[GA][Iter5] Gen:10 Ind:7 RMSE(val)=24.771344
[GA][Iter5] Gen:10 Ind:8 RMSE(val)=24.771344
[GA][Iter5] Gen:10 Ind:9 RMSE(val)=24.773272
[GA][Iter5] Gen:10 Ind:10 RMSE(val)=24.774063
[GA][Iter5] Gen:10 Ind:11 RMSE(val)=24.763322
[GA][Iter5] Gen:10 Ind:12 RMSE(val)=24.749093
[GA][Iter5] Gen:10 Ind:13 RMSE(val)=24.755865
[GA][Iter5] Gen:10 Ind:14 RMSE(val)=24.771344
[GA][Iter5] Gen:10 Ind:15 RMSE(val)=25.948689
[GA][Iter5] Gen:10 Ind:16 RMSE(val)=24.822264
[GA][Iter5] Gen:10 Ind:17 RMSE(val)=24.755865
[GA][Iter5] Gen:10 Ind:18 RMSE(val)=24.774063
[GA][Iter5] Gen:10 Ind:19 RMSE(val)=24.774063
[GA][Iter5] Gen:10 Ind:20 RMSE(val)=24.749093
[GA][Iter5] gen=10 best_val_rmse=24.749093
[GA][Iter5] Gen:11 Ind:1 RMSE(val)=24.749093
[GA][Iter5] Gen:11 Ind:2 RMSE(val)=24.749093
[GA][Iter5] Gen:11 Ind:3 RMSE(val)=24.749093
[GA][Iter5] Gen:11 Ind:4 RMSE(val)=24.755865
[GA][Iter5] Gen:11 Ind:5 RMSE(val)=24.755865
[GA][Iter5] Gen:11 Ind:6 RMSE(val)=24.755865
[GA][Iter5] Gen:11 Ind:7 RMSE(val)=24.761988
[GA][Iter5] Gen:11 Ind:8 RMSE(val)=24.761988
[GA][Iter5] Gen:11 Ind:9 RMSE(val)=24.763322
[GA][Iter5] Gen:11 Ind:10 RMSE(val)=24.763322
[GA][Iter5] Gen:11 Ind:11 RMSE(val)=24.763322
[GA][Iter5] Gen:11 Ind:12 RMSE(val)=24.755865
[GA][Iter5] Gen:11 Ind:13 RMSE(val)=24.761988
[GA][Iter5] Gen:11 Ind:14 RMSE(val)=24.761988
[GA][Iter5] Gen:11 Ind:15 RMSE(val)=24.697514
[GA][Iter5] Gen:11 Ind:16 RMSE(val)=24.761988
[GA][Iter5] Gen:11 Ind:17 RMSE(val)=24.749093
[GA][Iter5] Gen:11 Ind:18 RMSE(val)=24.755865
[GA][Iter5] Gen:11 Ind:19 RMSE(val)=24.763322
[GA][Iter5] Gen:11 Ind:20 RMSE(val)=25.330088
[GA][Iter5] gen=11 best_val_rmse=24.697514
[GA][Iter5] Gen:12 Ind:1 RMSE(val)=24.697514
[GA][Iter5] Gen:12 Ind:2 RMSE(val)=24.749093
[GA][Iter5] Gen:12 Ind:3 RMSE(val)=24.749093
[GA][Iter5] Gen:12 Ind:4 RMSE(val)=24.749093
[GA][Iter5] Gen:12 Ind:5 RMSE(val)=24.749093
[GA][Iter5] Gen:12 Ind:6 RMSE(val)=24.755865
[GA][Iter5] Gen:12 Ind:7 RMSE(val)=24.755865
[GA][Iter5] Gen:12 Ind:8 RMSE(val)=24.755865
[GA][Iter5] Gen:12 Ind:9 RMSE(val)=24.755865
[GA][Iter5] Gen:12 Ind:10 RMSE(val)=24.755865
[GA][Iter5] Gen:12 Ind:11 RMSE(val)=24.763322
[GA][Iter5] Gen:12 Ind:12 RMSE(val)=24.800095
[GA][Iter5] Gen:12 Ind:13 RMSE(val)=24.763322
[GA][Iter5] Gen:12 Ind:14 RMSE(val)=24.755865
[GA][Iter5] Gen:12 Ind:15 RMSE(val)=24.763322
[GA][Iter5] Gen:12 Ind:16 RMSE(val)=24.755865
[GA][Iter5] Gen:12 Ind:17 RMSE(val)=24.745567
[GA][Iter5] Gen:12 Ind:18 RMSE(val)=24.763322
[GA][Iter5] Gen:12 Ind:19 RMSE(val)=24.763322
[GA][Iter5] Gen:12 Ind:20 RMSE(val)=24.657230
[GA][Iter5] gen=12 best_val_rmse=24.657230
[GA][Iter5] Gen:13 Ind:1 RMSE(val)=24.657230
[GA][Iter5] Gen:13 Ind:2 RMSE(val)=24.697514
[GA][Iter5] Gen:13 Ind:3 RMSE(val)=24.745567
[GA][Iter5] Gen:13 Ind:4 RMSE(val)=24.749093
[GA][Iter5] Gen:13 Ind:5 RMSE(val)=24.749093
[GA][Iter5] Gen:13 Ind:6 RMSE(val)=24.749093
[GA][Iter5] Gen:13 Ind:7 RMSE(val)=24.749093
[GA][Iter5] Gen:13 Ind:8 RMSE(val)=24.755865
[GA][Iter5] Gen:13 Ind:9 RMSE(val)=24.755865
[GA][Iter5] Gen:13 Ind:10 RMSE(val)=24.755865
[GA][Iter5] Gen:13 Ind:11 RMSE(val)=24.755865
[GA][Iter5] Gen:13 Ind:12 RMSE(val)=24.657230
[GA][Iter5] Gen:13 Ind:13 RMSE(val)=25.946457
[GA][Iter5] Gen:13 Ind:14 RMSE(val)=24.749093
[GA][Iter5] Gen:13 Ind:15 RMSE(val)=24.745567
[GA][Iter5] Gen:13 Ind:16 RMSE(val)=24.804351
[GA][Iter5] Gen:13 Ind:17 RMSE(val)=24.657230
[GA][Iter5] Gen:13 Ind:18 RMSE(val)=24.755865
[GA][Iter5] Gen:13 Ind:19 RMSE(val)=24.647669
[GA][Iter5] Gen:13 Ind:20 RMSE(val)=24.696435
[GA][Iter5] gen=13 best_val_rmse=24.647669
[GA][Iter5] Gen:14 Ind:1 RMSE(val)=24.647669
[GA][Iter5] Gen:14 Ind:2 RMSE(val)=24.657230
[GA][Iter5] Gen:14 Ind:3 RMSE(val)=24.657230
[GA][Iter5] Gen:14 Ind:4 RMSE(val)=24.657230
[GA][Iter5] Gen:14 Ind:5 RMSE(val)=24.696435
[GA][Iter5] Gen:14 Ind:6 RMSE(val)=24.697514
[GA][Iter5] Gen:14 Ind:7 RMSE(val)=24.745567
[GA][Iter5] Gen:14 Ind:8 RMSE(val)=24.745567
[GA][Iter5] Gen:14 Ind:9 RMSE(val)=24.749093
[GA][Iter5] Gen:14 Ind:10 RMSE(val)=24.749093
[GA][Iter5] Gen:14 Ind:11 RMSE(val)=24.752629
[GA][Iter5] Gen:14 Ind:12 RMSE(val)=24.849857
[GA][Iter5] Gen:14 Ind:13 RMSE(val)=24.763322
[GA][Iter5] Gen:14 Ind:14 RMSE(val)=24.661888
[GA][Iter5] Gen:14 Ind:15 RMSE(val)=24.749093
[GA][Iter5] Gen:14 Ind:16 RMSE(val)=24.749093
[GA][Iter5] Gen:14 Ind:17 RMSE(val)=24.697514
[GA][Iter5] Gen:14 Ind:18 RMSE(val)=24.749093
[GA][Iter5] Gen:14 Ind:19 RMSE(val)=26.402722
[GA][Iter5] Gen:14 Ind:20 RMSE(val)=24.742127
[GA][Iter5] gen=14 best_val_rmse=24.647669
[GA][Iter5] Gen:15 Ind:1 RMSE(val)=24.647669
[GA][Iter5] Gen:15 Ind:2 RMSE(val)=24.657230
[GA][Iter5] Gen:15 Ind:3 RMSE(val)=24.657230
[GA][Iter5] Gen:15 Ind:4 RMSE(val)=24.657230
[GA][Iter5] Gen:15 Ind:5 RMSE(val)=24.661888
[GA][Iter5] Gen:15 Ind:6 RMSE(val)=24.696435
[GA][Iter5] Gen:15 Ind:7 RMSE(val)=24.697514
[GA][Iter5] Gen:15 Ind:8 RMSE(val)=24.697514
[GA][Iter5] Gen:15 Ind:9 RMSE(val)=24.742127
[GA][Iter5] Gen:15 Ind:10 RMSE(val)=24.745567
[GA][Iter5] Gen:15 Ind:11 RMSE(val)=24.656716
[GA][Iter5] Gen:15 Ind:12 RMSE(val)=24.657230
[GA][Iter5] Gen:15 Ind:13 RMSE(val)=24.686927
[GA][Iter5] Gen:15 Ind:14 RMSE(val)=24.795220
[GA][Iter5] Gen:15 Ind:15 RMSE(val)=24.745567
[GA][Iter5] Gen:15 Ind:16 RMSE(val)=24.697514
[GA][Iter5] Gen:15 Ind:17 RMSE(val)=24.701367
[GA][Iter5] Gen:15 Ind:18 RMSE(val)=25.964172
[GA][Iter5] Gen:15 Ind:19 RMSE(val)=24.703391
[GA][Iter5] Gen:15 Ind:20 RMSE(val)=24.647669
[GA][Iter5] gen=15 best_val_rmse=24.647669
[GA][Iter5] Gen:15 Ind:1 RMSE(val)=24.647669
[GA][Iter5] Gen:15 Ind:2 RMSE(val)=24.647669
[GA][Iter5] Gen:15 Ind:3 RMSE(val)=24.656716
[GA][Iter5] Gen:15 Ind:4 RMSE(val)=24.657230
[GA][Iter5] Gen:15 Ind:5 RMSE(val)=24.657230
[GA][Iter5] Gen:15 Ind:6 RMSE(val)=24.657230
[GA][Iter5] Gen:15 Ind:7 RMSE(val)=24.657230
[GA][Iter5] Gen:15 Ind:8 RMSE(val)=24.661888
[GA][Iter5] Gen:15 Ind:9 RMSE(val)=24.686927
[GA][Iter5] Gen:15 Ind:10 RMSE(val)=24.696435
[GA][Iter5] Gen:15 Ind:11 RMSE(val)=24.647669
[GA][Iter5] Gen:15 Ind:12 RMSE(val)=24.647669
[GA][Iter5] Gen:15 Ind:13 RMSE(val)=24.657230
[GA][Iter5] Gen:15 Ind:14 RMSE(val)=24.647669
[GA][Iter5] Gen:15 Ind:15 RMSE(val)=24.738982
[GA][Iter5] Gen:15 Ind:16 RMSE(val)=24.657230
[GA][Iter5] Gen:15 Ind:17 RMSE(val)=24.647669
[GA][Iter5] Gen:15 Ind:18 RMSE(val)=24.666552
[GA][Iter5] Gen:15 Ind:19 RMSE(val)=24.691584
[GA][Iter5] Gen:15 Ind:20 RMSE(val)=24.701367

[GA DONE][Iter5] Best params on val fold of Iter5
Best val RMSE: 24.647669
Best params: {'n_estimators': 231, 'max_depth': 5, 'min_samples_split': 21, 'min_samples_leaf': 2, 'max_features': None, 'bootstrap': True}
--------------------------------------------------------------------------------
[RETUNE GA] Iter5: train folds 1..9 -> test fold 10  RMSE=24.335102  NRMSE=1.006478  CVRMSE=0.073032  R2=-0.022464
