=== BASELINE (project=radare2, last-7 mean, expanding folds) ===
Iter1: train folds 1..5 -> test fold 6  RMSE=1241.6227  NRMSE=1.0167  CVRMSE=0.6212  R²=-0.0383
Iter2: train folds 1..6 -> test fold 7  RMSE=1249.9319  NRMSE=1.0486  CVRMSE=0.6852  R²=-0.1044
Iter3: train folds 1..7 -> test fold 8  RMSE=1125.3908  NRMSE=1.0219  CVRMSE=0.5815  R²=-0.0489
Iter4: train folds 1..8 -> test fold 9  RMSE=1100.5482  NRMSE=1.0520  CVRMSE=0.5530  R²=-0.1115
Iter5: train folds 1..9 -> test fold 10  RMSE=1349.0990  NRMSE=0.9875  CVRMSE=0.5850  R²=0.0206
--------------------------------------------------
[FEATURES] initial=146 kept_after_screening=75
['workflow_event_trigger', 'issuer_name', 'total_builds', 'gh_files_added', 'gh_files_deleted', 'gh_files_modified', 'gh_lines_added', 'gh_lines_deleted', 'gh_tests_deleted', 'gh_is_pr', 'gh_sloc', 'gh_description_complexity', 'gh_doc_files', 'gh_other_files', 'gh_commits_on_files_touched', 'gh_num_pr_comments', 'gh_test_lines_per_kloc', 'hour', 'dow', 'secs_since_prev', 'duration_lag_1', 'duration_lag_3', 'duration_lag_5', 'duration_lag_6', 'duration_lag_7', 'window_avg_7', 'window_std_7', 'window_avg_3', 'window_std_4', 'ft___1_', 'ft___acr_', 'ft___bat_', 'ft___bat__', 'ft___build_', 'ft___build__', 'ft___c_', 'ft___c_e_', 'ft___css__', 'ft___c____dup1', 'ft___h_', 'ft___h__', 'ft___md_', 'ft___mk_', 'ft___mk__', 'ft___opc_', 'ft___sh__', 'ft___spec__', 'ft___toml__', 'ft___txt_', 'ft___yml_', 'ft___yml__', 'ft____1_', 'ft____acr_', 'ft____bat_', 'ft____bat__', 'ft____build__', 'ft____c_', 'ft____c__', 'ft____c_e_', 'ft____cfg_', 'ft____cfg__', 'ft____h__', 'ft____js__', 'ft____md__', 'ft____mk_', 'ft____py__', 'ft____qjs_', 'ft____sh_', 'ft____sh__', 'ft____tips_', 'ft____txt_', 'ft____txt__', 'ft____yml_', 'ft____yml__', 'ft___']
--------------------------------------------------------------------------------
[GA][Iter1] Gen:1 Ind:1 RMSE(val)=794.450874
[GA][Iter1] Gen:1 Ind:2 RMSE(val)=786.459959
[GA][Iter1] Gen:1 Ind:3 RMSE(val)=737.474577
[GA][Iter1] Gen:1 Ind:4 RMSE(val)=734.448521
[GA][Iter1] Gen:1 Ind:5 RMSE(val)=922.503818
[GA][Iter1] Gen:1 Ind:6 RMSE(val)=765.933387
[GA][Iter1] Gen:1 Ind:7 RMSE(val)=756.784684
[GA][Iter1] Gen:1 Ind:8 RMSE(val)=764.448297
[GA][Iter1] Gen:1 Ind:9 RMSE(val)=757.673260
[GA][Iter1] Gen:1 Ind:10 RMSE(val)=739.430002
[GA][Iter1] Gen:1 Ind:11 RMSE(val)=732.476890
[GA][Iter1] Gen:1 Ind:12 RMSE(val)=737.893341
[GA][Iter1] Gen:1 Ind:13 RMSE(val)=761.020041
[GA][Iter1] Gen:1 Ind:14 RMSE(val)=742.393924
[GA][Iter1] Gen:1 Ind:15 RMSE(val)=726.600507
[GA][Iter1] Gen:1 Ind:16 RMSE(val)=730.683544
[GA][Iter1] Gen:1 Ind:17 RMSE(val)=772.085447
[GA][Iter1] Gen:1 Ind:18 RMSE(val)=729.613743
[GA][Iter1] Gen:1 Ind:19 RMSE(val)=732.059117
[GA][Iter1] Gen:1 Ind:20 RMSE(val)=933.944399
[GA][Iter1] gen=1 best_val_rmse=726.600507
[GA][Iter1] Gen:2 Ind:1 RMSE(val)=726.600507
[GA][Iter1] Gen:2 Ind:2 RMSE(val)=729.613743
[GA][Iter1] Gen:2 Ind:3 RMSE(val)=730.683544
[GA][Iter1] Gen:2 Ind:4 RMSE(val)=732.059117
[GA][Iter1] Gen:2 Ind:5 RMSE(val)=732.476890
[GA][Iter1] Gen:2 Ind:6 RMSE(val)=734.448521
[GA][Iter1] Gen:2 Ind:7 RMSE(val)=737.474577
[GA][Iter1] Gen:2 Ind:8 RMSE(val)=737.893341
[GA][Iter1] Gen:2 Ind:9 RMSE(val)=739.430002
[GA][Iter1] Gen:2 Ind:10 RMSE(val)=742.393924
[GA][Iter1] Gen:2 Ind:11 RMSE(val)=745.437655
[GA][Iter1] Gen:2 Ind:12 RMSE(val)=732.388630
[GA][Iter1] Gen:2 Ind:13 RMSE(val)=729.751649
[GA][Iter1] Gen:2 Ind:14 RMSE(val)=730.734764
[GA][Iter1] Gen:2 Ind:15 RMSE(val)=731.193313
[GA][Iter1] Gen:2 Ind:16 RMSE(val)=732.059117
[GA][Iter1] Gen:2 Ind:17 RMSE(val)=732.995120
[GA][Iter1] Gen:2 Ind:18 RMSE(val)=725.648162
[GA][Iter1] Gen:2 Ind:19 RMSE(val)=751.898255
[GA][Iter1] Gen:2 Ind:20 RMSE(val)=726.221502
[GA][Iter1] gen=2 best_val_rmse=725.648162
[GA][Iter1] Gen:3 Ind:1 RMSE(val)=725.648162
[GA][Iter1] Gen:3 Ind:2 RMSE(val)=726.221502
[GA][Iter1] Gen:3 Ind:3 RMSE(val)=726.600507
[GA][Iter1] Gen:3 Ind:4 RMSE(val)=729.613743
[GA][Iter1] Gen:3 Ind:5 RMSE(val)=729.751649
[GA][Iter1] Gen:3 Ind:6 RMSE(val)=730.683544
[GA][Iter1] Gen:3 Ind:7 RMSE(val)=730.734764
[GA][Iter1] Gen:3 Ind:8 RMSE(val)=731.193313
[GA][Iter1] Gen:3 Ind:9 RMSE(val)=732.059117
[GA][Iter1] Gen:3 Ind:10 RMSE(val)=732.059117
[GA][Iter1] Gen:3 Ind:11 RMSE(val)=729.655425
[GA][Iter1] Gen:3 Ind:12 RMSE(val)=728.214636
[GA][Iter1] Gen:3 Ind:13 RMSE(val)=739.711723
[GA][Iter1] Gen:3 Ind:14 RMSE(val)=761.446351
[GA][Iter1] Gen:3 Ind:15 RMSE(val)=726.453436
[GA][Iter1] Gen:3 Ind:16 RMSE(val)=728.408233
[GA][Iter1] Gen:3 Ind:17 RMSE(val)=732.288147
[GA][Iter1] Gen:3 Ind:18 RMSE(val)=727.792776
[GA][Iter1] Gen:3 Ind:19 RMSE(val)=735.664337
[GA][Iter1] Gen:3 Ind:20 RMSE(val)=733.225097
[GA][Iter1] gen=3 best_val_rmse=725.648162
[GA][Iter1] Gen:4 Ind:1 RMSE(val)=725.648162
[GA][Iter1] Gen:4 Ind:2 RMSE(val)=726.221502
[GA][Iter1] Gen:4 Ind:3 RMSE(val)=726.453436
[GA][Iter1] Gen:4 Ind:4 RMSE(val)=726.600507
[GA][Iter1] Gen:4 Ind:5 RMSE(val)=727.792776
[GA][Iter1] Gen:4 Ind:6 RMSE(val)=728.214636
[GA][Iter1] Gen:4 Ind:7 RMSE(val)=728.408233
[GA][Iter1] Gen:4 Ind:8 RMSE(val)=729.613743
[GA][Iter1] Gen:4 Ind:9 RMSE(val)=729.655425
[GA][Iter1] Gen:4 Ind:10 RMSE(val)=729.751649
[GA][Iter1] Gen:4 Ind:11 RMSE(val)=728.068780
[GA][Iter1] Gen:4 Ind:12 RMSE(val)=722.706208
[GA][Iter1] Gen:4 Ind:13 RMSE(val)=726.453436
[GA][Iter1] Gen:4 Ind:14 RMSE(val)=727.205042
[GA][Iter1] Gen:4 Ind:15 RMSE(val)=726.649892
[GA][Iter1] Gen:4 Ind:16 RMSE(val)=726.453436
[GA][Iter1] Gen:4 Ind:17 RMSE(val)=727.858178
[GA][Iter1] Gen:4 Ind:18 RMSE(val)=727.952480
[GA][Iter1] Gen:4 Ind:19 RMSE(val)=726.453436
[GA][Iter1] Gen:4 Ind:20 RMSE(val)=727.205042
[GA][Iter1] gen=4 best_val_rmse=722.706208
[GA][Iter1] Gen:5 Ind:1 RMSE(val)=722.706208
[GA][Iter1] Gen:5 Ind:2 RMSE(val)=725.648162
[GA][Iter1] Gen:5 Ind:3 RMSE(val)=726.221502
[GA][Iter1] Gen:5 Ind:4 RMSE(val)=726.453436
[GA][Iter1] Gen:5 Ind:5 RMSE(val)=726.453436
[GA][Iter1] Gen:5 Ind:6 RMSE(val)=726.453436
[GA][Iter1] Gen:5 Ind:7 RMSE(val)=726.453436
[GA][Iter1] Gen:5 Ind:8 RMSE(val)=726.600507
[GA][Iter1] Gen:5 Ind:9 RMSE(val)=726.649892
[GA][Iter1] Gen:5 Ind:10 RMSE(val)=727.205042
[GA][Iter1] Gen:5 Ind:11 RMSE(val)=726.453436
[GA][Iter1] Gen:5 Ind:12 RMSE(val)=726.453436
[GA][Iter1] Gen:5 Ind:13 RMSE(val)=727.952480
[GA][Iter1] Gen:5 Ind:14 RMSE(val)=726.453436
[GA][Iter1] Gen:5 Ind:15 RMSE(val)=726.680938
[GA][Iter1] Gen:5 Ind:16 RMSE(val)=726.453436
[GA][Iter1] Gen:5 Ind:17 RMSE(val)=725.689011
[GA][Iter1] Gen:5 Ind:18 RMSE(val)=727.205042
[GA][Iter1] Gen:5 Ind:19 RMSE(val)=726.680938
[GA][Iter1] Gen:5 Ind:20 RMSE(val)=726.649892
[GA][Iter1] gen=5 best_val_rmse=722.706208
[GA][Iter1] Gen:6 Ind:1 RMSE(val)=722.706208
[GA][Iter1] Gen:6 Ind:2 RMSE(val)=725.648162
[GA][Iter1] Gen:6 Ind:3 RMSE(val)=725.689011
[GA][Iter1] Gen:6 Ind:4 RMSE(val)=726.221502
[GA][Iter1] Gen:6 Ind:5 RMSE(val)=726.453436
[GA][Iter1] Gen:6 Ind:6 RMSE(val)=726.453436
[GA][Iter1] Gen:6 Ind:7 RMSE(val)=726.453436
[GA][Iter1] Gen:6 Ind:8 RMSE(val)=726.453436
[GA][Iter1] Gen:6 Ind:9 RMSE(val)=726.453436
[GA][Iter1] Gen:6 Ind:10 RMSE(val)=726.453436
[GA][Iter1] Gen:6 Ind:11 RMSE(val)=725.689011
[GA][Iter1] Gen:6 Ind:12 RMSE(val)=726.453436
[GA][Iter1] Gen:6 Ind:13 RMSE(val)=726.453436
[GA][Iter1] Gen:6 Ind:14 RMSE(val)=728.408233
[GA][Iter1] Gen:6 Ind:15 RMSE(val)=726.453436
[GA][Iter1] Gen:6 Ind:16 RMSE(val)=728.214636
[GA][Iter1] Gen:6 Ind:17 RMSE(val)=725.648162
[GA][Iter1] Gen:6 Ind:18 RMSE(val)=721.782360
[GA][Iter1] Gen:6 Ind:19 RMSE(val)=726.221502
[GA][Iter1] Gen:6 Ind:20 RMSE(val)=995.334698
[GA][Iter1] gen=6 best_val_rmse=721.782360
[GA][Iter1] Gen:7 Ind:1 RMSE(val)=721.782360
[GA][Iter1] Gen:7 Ind:2 RMSE(val)=722.706208
[GA][Iter1] Gen:7 Ind:3 RMSE(val)=725.648162
[GA][Iter1] Gen:7 Ind:4 RMSE(val)=725.648162
[GA][Iter1] Gen:7 Ind:5 RMSE(val)=725.689011
[GA][Iter1] Gen:7 Ind:6 RMSE(val)=725.689011
[GA][Iter1] Gen:7 Ind:7 RMSE(val)=726.221502
[GA][Iter1] Gen:7 Ind:8 RMSE(val)=726.221502
[GA][Iter1] Gen:7 Ind:9 RMSE(val)=726.453436
[GA][Iter1] Gen:7 Ind:10 RMSE(val)=726.453436
[GA][Iter1] Gen:7 Ind:11 RMSE(val)=746.277131
[GA][Iter1] Gen:7 Ind:12 RMSE(val)=722.687872
[GA][Iter1] Gen:7 Ind:13 RMSE(val)=726.600507
[GA][Iter1] Gen:7 Ind:14 RMSE(val)=726.453436
[GA][Iter1] Gen:7 Ind:15 RMSE(val)=726.221502
[GA][Iter1] Gen:7 Ind:16 RMSE(val)=726.453436
[GA][Iter1] Gen:7 Ind:17 RMSE(val)=726.221502
[GA][Iter1] Gen:7 Ind:18 RMSE(val)=726.475581
[GA][Iter1] Gen:7 Ind:19 RMSE(val)=725.648162
[GA][Iter1] Gen:7 Ind:20 RMSE(val)=725.648162
[GA][Iter1] gen=7 best_val_rmse=721.782360
[GA][Iter1] Gen:8 Ind:1 RMSE(val)=721.782360
[GA][Iter1] Gen:8 Ind:2 RMSE(val)=722.687872
[GA][Iter1] Gen:8 Ind:3 RMSE(val)=722.706208
[GA][Iter1] Gen:8 Ind:4 RMSE(val)=725.648162
[GA][Iter1] Gen:8 Ind:5 RMSE(val)=725.648162
[GA][Iter1] Gen:8 Ind:6 RMSE(val)=725.648162
[GA][Iter1] Gen:8 Ind:7 RMSE(val)=725.648162
[GA][Iter1] Gen:8 Ind:8 RMSE(val)=725.689011
[GA][Iter1] Gen:8 Ind:9 RMSE(val)=725.689011
[GA][Iter1] Gen:8 Ind:10 RMSE(val)=726.221502
[GA][Iter1] Gen:8 Ind:11 RMSE(val)=728.214636
[GA][Iter1] Gen:8 Ind:12 RMSE(val)=722.687872
[GA][Iter1] Gen:8 Ind:13 RMSE(val)=725.648162
[GA][Iter1] Gen:8 Ind:14 RMSE(val)=722.577660
[GA][Iter1] Gen:8 Ind:15 RMSE(val)=726.221502
[GA][Iter1] Gen:8 Ind:16 RMSE(val)=727.406375
[GA][Iter1] Gen:8 Ind:17 RMSE(val)=725.689011
[GA][Iter1] Gen:8 Ind:18 RMSE(val)=735.664337
[GA][Iter1] Gen:8 Ind:19 RMSE(val)=725.648162
[GA][Iter1] Gen:8 Ind:20 RMSE(val)=725.689011
[GA][Iter1] gen=8 best_val_rmse=721.782360
[GA][Iter1] Gen:9 Ind:1 RMSE(val)=721.782360
[GA][Iter1] Gen:9 Ind:2 RMSE(val)=722.577660
[GA][Iter1] Gen:9 Ind:3 RMSE(val)=722.687872
[GA][Iter1] Gen:9 Ind:4 RMSE(val)=722.687872
[GA][Iter1] Gen:9 Ind:5 RMSE(val)=722.706208
[GA][Iter1] Gen:9 Ind:6 RMSE(val)=725.648162
[GA][Iter1] Gen:9 Ind:7 RMSE(val)=725.648162
[GA][Iter1] Gen:9 Ind:8 RMSE(val)=725.648162
[GA][Iter1] Gen:9 Ind:9 RMSE(val)=725.648162
[GA][Iter1] Gen:9 Ind:10 RMSE(val)=725.648162
[GA][Iter1] Gen:9 Ind:11 RMSE(val)=725.648162
[GA][Iter1] Gen:9 Ind:12 RMSE(val)=723.568123
[GA][Iter1] Gen:9 Ind:13 RMSE(val)=725.914189
[GA][Iter1] Gen:9 Ind:14 RMSE(val)=721.782360
[GA][Iter1] Gen:9 Ind:15 RMSE(val)=919.812014
[GA][Iter1] Gen:9 Ind:16 RMSE(val)=729.109205
[GA][Iter1] Gen:9 Ind:17 RMSE(val)=735.664337
[GA][Iter1] Gen:9 Ind:18 RMSE(val)=725.608385
[GA][Iter1] Gen:9 Ind:19 RMSE(val)=726.453436
[GA][Iter1] Gen:9 Ind:20 RMSE(val)=725.648162
[GA][Iter1] gen=9 best_val_rmse=721.782360
[GA][Iter1] Gen:10 Ind:1 RMSE(val)=721.782360
[GA][Iter1] Gen:10 Ind:2 RMSE(val)=721.782360
[GA][Iter1] Gen:10 Ind:3 RMSE(val)=722.577660
[GA][Iter1] Gen:10 Ind:4 RMSE(val)=722.687872
[GA][Iter1] Gen:10 Ind:5 RMSE(val)=722.687872
[GA][Iter1] Gen:10 Ind:6 RMSE(val)=722.706208
[GA][Iter1] Gen:10 Ind:7 RMSE(val)=723.568123
[GA][Iter1] Gen:10 Ind:8 RMSE(val)=725.608385
[GA][Iter1] Gen:10 Ind:9 RMSE(val)=725.648162
[GA][Iter1] Gen:10 Ind:10 RMSE(val)=725.648162
[GA][Iter1] Gen:10 Ind:11 RMSE(val)=722.706208
[GA][Iter1] Gen:10 Ind:12 RMSE(val)=721.782360
[GA][Iter1] Gen:10 Ind:13 RMSE(val)=721.782360
[GA][Iter1] Gen:10 Ind:14 RMSE(val)=722.706208
[GA][Iter1] Gen:10 Ind:15 RMSE(val)=722.706208
[GA][Iter1] Gen:10 Ind:16 RMSE(val)=728.679279
[GA][Iter1] Gen:10 Ind:17 RMSE(val)=721.782360
[GA][Iter1] Gen:10 Ind:18 RMSE(val)=725.648162
[GA][Iter1] Gen:10 Ind:19 RMSE(val)=725.648162
[GA][Iter1] Gen:10 Ind:20 RMSE(val)=722.706208
[GA][Iter1] gen=10 best_val_rmse=721.782360
[GA][Iter1] Gen:11 Ind:1 RMSE(val)=721.782360
[GA][Iter1] Gen:11 Ind:2 RMSE(val)=721.782360
[GA][Iter1] Gen:11 Ind:3 RMSE(val)=721.782360
[GA][Iter1] Gen:11 Ind:4 RMSE(val)=721.782360
[GA][Iter1] Gen:11 Ind:5 RMSE(val)=721.782360
[GA][Iter1] Gen:11 Ind:6 RMSE(val)=722.577660
[GA][Iter1] Gen:11 Ind:7 RMSE(val)=722.687872
[GA][Iter1] Gen:11 Ind:8 RMSE(val)=722.687872
[GA][Iter1] Gen:11 Ind:9 RMSE(val)=722.706208
[GA][Iter1] Gen:11 Ind:10 RMSE(val)=722.706208
[GA][Iter1] Gen:11 Ind:11 RMSE(val)=721.782360
[GA][Iter1] Gen:11 Ind:12 RMSE(val)=721.752266
[GA][Iter1] Gen:11 Ind:13 RMSE(val)=722.706208
[GA][Iter1] Gen:11 Ind:14 RMSE(val)=722.687872
[GA][Iter1] Gen:11 Ind:15 RMSE(val)=721.907274
[GA][Iter1] Gen:11 Ind:16 RMSE(val)=722.706208
[GA][Iter1] Gen:11 Ind:17 RMSE(val)=721.782360
[GA][Iter1] Gen:11 Ind:18 RMSE(val)=721.782360
[GA][Iter1] Gen:11 Ind:19 RMSE(val)=721.752266
[GA][Iter1] Gen:11 Ind:20 RMSE(val)=722.744509
[GA][Iter1] gen=11 best_val_rmse=721.752266
[GA][Iter1] Gen:12 Ind:1 RMSE(val)=721.752266
[GA][Iter1] Gen:12 Ind:2 RMSE(val)=721.752266
[GA][Iter1] Gen:12 Ind:3 RMSE(val)=721.782360
[GA][Iter1] Gen:12 Ind:4 RMSE(val)=721.782360
[GA][Iter1] Gen:12 Ind:5 RMSE(val)=721.782360
[GA][Iter1] Gen:12 Ind:6 RMSE(val)=721.782360
[GA][Iter1] Gen:12 Ind:7 RMSE(val)=721.782360
[GA][Iter1] Gen:12 Ind:8 RMSE(val)=721.782360
[GA][Iter1] Gen:12 Ind:9 RMSE(val)=721.782360
[GA][Iter1] Gen:12 Ind:10 RMSE(val)=721.782360
[GA][Iter1] Gen:12 Ind:11 RMSE(val)=721.782360
[GA][Iter1] Gen:12 Ind:12 RMSE(val)=726.453436
[GA][Iter1] Gen:12 Ind:13 RMSE(val)=721.752266
[GA][Iter1] Gen:12 Ind:14 RMSE(val)=721.782360
[GA][Iter1] Gen:12 Ind:15 RMSE(val)=721.782360
[GA][Iter1] Gen:12 Ind:16 RMSE(val)=721.782360
[GA][Iter1] Gen:12 Ind:17 RMSE(val)=727.672743
[GA][Iter1] Gen:12 Ind:18 RMSE(val)=721.782360
[GA][Iter1] Gen:12 Ind:19 RMSE(val)=721.782360
[GA][Iter1] Gen:12 Ind:20 RMSE(val)=721.639311
[GA][Iter1] gen=12 best_val_rmse=721.639311
[GA][Iter1] Gen:13 Ind:1 RMSE(val)=721.639311
[GA][Iter1] Gen:13 Ind:2 RMSE(val)=721.752266
[GA][Iter1] Gen:13 Ind:3 RMSE(val)=721.752266
[GA][Iter1] Gen:13 Ind:4 RMSE(val)=721.752266
[GA][Iter1] Gen:13 Ind:5 RMSE(val)=721.782360
[GA][Iter1] Gen:13 Ind:6 RMSE(val)=721.782360
[GA][Iter1] Gen:13 Ind:7 RMSE(val)=721.782360
[GA][Iter1] Gen:13 Ind:8 RMSE(val)=721.782360
[GA][Iter1] Gen:13 Ind:9 RMSE(val)=721.782360
[GA][Iter1] Gen:13 Ind:10 RMSE(val)=721.782360
[GA][Iter1] Gen:13 Ind:11 RMSE(val)=721.782360
[GA][Iter1] Gen:13 Ind:12 RMSE(val)=721.639311
[GA][Iter1] Gen:13 Ind:13 RMSE(val)=721.782360
[GA][Iter1] Gen:13 Ind:14 RMSE(val)=721.782360
[GA][Iter1] Gen:13 Ind:15 RMSE(val)=721.752266
[GA][Iter1] Gen:13 Ind:16 RMSE(val)=726.453436
[GA][Iter1] Gen:13 Ind:17 RMSE(val)=721.639311
[GA][Iter1] Gen:13 Ind:18 RMSE(val)=721.782360
[GA][Iter1] Gen:13 Ind:19 RMSE(val)=721.669734
[GA][Iter1] Gen:13 Ind:20 RMSE(val)=722.320045
[GA][Iter1] gen=13 best_val_rmse=721.639311
[GA][Iter1] Gen:14 Ind:1 RMSE(val)=721.639311
[GA][Iter1] Gen:14 Ind:2 RMSE(val)=721.639311
[GA][Iter1] Gen:14 Ind:3 RMSE(val)=721.639311
[GA][Iter1] Gen:14 Ind:4 RMSE(val)=721.669734
[GA][Iter1] Gen:14 Ind:5 RMSE(val)=721.752266
[GA][Iter1] Gen:14 Ind:6 RMSE(val)=721.752266
[GA][Iter1] Gen:14 Ind:7 RMSE(val)=721.752266
[GA][Iter1] Gen:14 Ind:8 RMSE(val)=721.752266
[GA][Iter1] Gen:14 Ind:9 RMSE(val)=721.782360
[GA][Iter1] Gen:14 Ind:10 RMSE(val)=721.782360
[GA][Iter1] Gen:14 Ind:11 RMSE(val)=721.752266
[GA][Iter1] Gen:14 Ind:12 RMSE(val)=721.752266
[GA][Iter1] Gen:14 Ind:13 RMSE(val)=721.782360
[GA][Iter1] Gen:14 Ind:14 RMSE(val)=721.589828
[GA][Iter1] Gen:14 Ind:15 RMSE(val)=721.782360
[GA][Iter1] Gen:14 Ind:16 RMSE(val)=721.782360
[GA][Iter1] Gen:14 Ind:17 RMSE(val)=721.752266
[GA][Iter1] Gen:14 Ind:18 RMSE(val)=721.752266
[GA][Iter1] Gen:14 Ind:19 RMSE(val)=736.891554
[GA][Iter1] Gen:14 Ind:20 RMSE(val)=721.752266
[GA][Iter1] gen=14 best_val_rmse=721.589828
[GA][Iter1] Gen:15 Ind:1 RMSE(val)=721.589828
[GA][Iter1] Gen:15 Ind:2 RMSE(val)=721.639311
[GA][Iter1] Gen:15 Ind:3 RMSE(val)=721.639311
[GA][Iter1] Gen:15 Ind:4 RMSE(val)=721.639311
[GA][Iter1] Gen:15 Ind:5 RMSE(val)=721.669734
[GA][Iter1] Gen:15 Ind:6 RMSE(val)=721.752266
[GA][Iter1] Gen:15 Ind:7 RMSE(val)=721.752266
[GA][Iter1] Gen:15 Ind:8 RMSE(val)=721.752266
[GA][Iter1] Gen:15 Ind:9 RMSE(val)=721.752266
[GA][Iter1] Gen:15 Ind:10 RMSE(val)=721.752266
[GA][Iter1] Gen:15 Ind:11 RMSE(val)=721.669734
[GA][Iter1] Gen:15 Ind:12 RMSE(val)=721.639311
[GA][Iter1] Gen:15 Ind:13 RMSE(val)=721.689358
[GA][Iter1] Gen:15 Ind:14 RMSE(val)=725.689011
[GA][Iter1] Gen:15 Ind:15 RMSE(val)=721.752266
[GA][Iter1] Gen:15 Ind:16 RMSE(val)=721.752266
[GA][Iter1] Gen:15 Ind:17 RMSE(val)=721.752266
[GA][Iter1] Gen:15 Ind:18 RMSE(val)=721.639311
[GA][Iter1] Gen:15 Ind:19 RMSE(val)=728.271368
[GA][Iter1] Gen:15 Ind:20 RMSE(val)=721.589828
[GA][Iter1] gen=15 best_val_rmse=721.589828
[GA][Iter1] Gen:15 Ind:1 RMSE(val)=721.589828
[GA][Iter1] Gen:15 Ind:2 RMSE(val)=721.589828
[GA][Iter1] Gen:15 Ind:3 RMSE(val)=721.639311
[GA][Iter1] Gen:15 Ind:4 RMSE(val)=721.639311
[GA][Iter1] Gen:15 Ind:5 RMSE(val)=721.639311
[GA][Iter1] Gen:15 Ind:6 RMSE(val)=721.639311
[GA][Iter1] Gen:15 Ind:7 RMSE(val)=721.639311
[GA][Iter1] Gen:15 Ind:8 RMSE(val)=721.669734
[GA][Iter1] Gen:15 Ind:9 RMSE(val)=721.669734
[GA][Iter1] Gen:15 Ind:10 RMSE(val)=721.689358
[GA][Iter1] Gen:15 Ind:11 RMSE(val)=721.639311
[GA][Iter1] Gen:15 Ind:12 RMSE(val)=721.589828
[GA][Iter1] Gen:15 Ind:13 RMSE(val)=721.639311
[GA][Iter1] Gen:15 Ind:14 RMSE(val)=721.589828
[GA][Iter1] Gen:15 Ind:15 RMSE(val)=725.645098
[GA][Iter1] Gen:15 Ind:16 RMSE(val)=721.639311
[GA][Iter1] Gen:15 Ind:17 RMSE(val)=721.639311
[GA][Iter1] Gen:15 Ind:18 RMSE(val)=730.329690
[GA][Iter1] Gen:15 Ind:19 RMSE(val)=721.818499
[GA][Iter1] Gen:15 Ind:20 RMSE(val)=721.689358

[GA DONE][Iter1] Best params on val fold of Iter1
Best val RMSE: 721.589828
Best params: {'n_estimators': 826, 'max_depth': None, 'min_samples_split': 10, 'min_samples_leaf': 4, 'max_features': 'sqrt', 'bootstrap': False}
--------------------------------------------------------------------------------
[RETUNE GA] Iter1: train folds 1..5 -> test fold 6  RMSE=911.435634  NRMSE=0.746341  CVRMSE=0.456021  R2=0.440532
[GA][Iter2] Gen:1 Ind:1 RMSE(val)=1007.339880
[GA][Iter2] Gen:1 Ind:2 RMSE(val)=985.498234
[GA][Iter2] Gen:1 Ind:3 RMSE(val)=857.469981
[GA][Iter2] Gen:1 Ind:4 RMSE(val)=921.633611
[GA][Iter2] Gen:1 Ind:5 RMSE(val)=1158.189172
[GA][Iter2] Gen:1 Ind:6 RMSE(val)=954.953913
[GA][Iter2] Gen:1 Ind:7 RMSE(val)=948.642384
[GA][Iter2] Gen:1 Ind:8 RMSE(val)=947.396381
[GA][Iter2] Gen:1 Ind:9 RMSE(val)=944.869678
[GA][Iter2] Gen:1 Ind:10 RMSE(val)=920.142648
[GA][Iter2] Gen:1 Ind:11 RMSE(val)=918.497701
[GA][Iter2] Gen:1 Ind:12 RMSE(val)=867.324959
[GA][Iter2] Gen:1 Ind:13 RMSE(val)=953.400525
[GA][Iter2] Gen:1 Ind:14 RMSE(val)=912.357601
[GA][Iter2] Gen:1 Ind:15 RMSE(val)=905.273142
[GA][Iter2] Gen:1 Ind:16 RMSE(val)=926.072134
[GA][Iter2] Gen:1 Ind:17 RMSE(val)=968.314125
[GA][Iter2] Gen:1 Ind:18 RMSE(val)=912.776544
[GA][Iter2] Gen:1 Ind:19 RMSE(val)=857.037044
[GA][Iter2] Gen:1 Ind:20 RMSE(val)=960.586495
[GA][Iter2] gen=1 best_val_rmse=857.037044
[GA][Iter2] Gen:2 Ind:1 RMSE(val)=857.037044
[GA][Iter2] Gen:2 Ind:2 RMSE(val)=857.469981
[GA][Iter2] Gen:2 Ind:3 RMSE(val)=867.324959
[GA][Iter2] Gen:2 Ind:4 RMSE(val)=905.273142
[GA][Iter2] Gen:2 Ind:5 RMSE(val)=912.357601
[GA][Iter2] Gen:2 Ind:6 RMSE(val)=912.776544
[GA][Iter2] Gen:2 Ind:7 RMSE(val)=918.497701
[GA][Iter2] Gen:2 Ind:8 RMSE(val)=920.142648
[GA][Iter2] Gen:2 Ind:9 RMSE(val)=921.633611
[GA][Iter2] Gen:2 Ind:10 RMSE(val)=926.072134
[GA][Iter2] Gen:2 Ind:11 RMSE(val)=908.376701
[GA][Iter2] Gen:2 Ind:12 RMSE(val)=858.657428
[GA][Iter2] Gen:2 Ind:13 RMSE(val)=928.004974
[GA][Iter2] Gen:2 Ind:14 RMSE(val)=852.666970
[GA][Iter2] Gen:2 Ind:15 RMSE(val)=858.988738
[GA][Iter2] Gen:2 Ind:16 RMSE(val)=905.273142
[GA][Iter2] Gen:2 Ind:17 RMSE(val)=920.828117
[GA][Iter2] Gen:2 Ind:18 RMSE(val)=858.108728
[GA][Iter2] Gen:2 Ind:19 RMSE(val)=926.072134
[GA][Iter2] Gen:2 Ind:20 RMSE(val)=863.615988
[GA][Iter2] gen=2 best_val_rmse=852.666970
[GA][Iter2] Gen:3 Ind:1 RMSE(val)=852.666970
[GA][Iter2] Gen:3 Ind:2 RMSE(val)=857.037044
[GA][Iter2] Gen:3 Ind:3 RMSE(val)=857.469981
[GA][Iter2] Gen:3 Ind:4 RMSE(val)=858.108728
[GA][Iter2] Gen:3 Ind:5 RMSE(val)=858.657428
[GA][Iter2] Gen:3 Ind:6 RMSE(val)=858.988738
[GA][Iter2] Gen:3 Ind:7 RMSE(val)=863.615988
[GA][Iter2] Gen:3 Ind:8 RMSE(val)=867.324959
[GA][Iter2] Gen:3 Ind:9 RMSE(val)=905.273142
[GA][Iter2] Gen:3 Ind:10 RMSE(val)=905.273142
[GA][Iter2] Gen:3 Ind:11 RMSE(val)=858.108728
[GA][Iter2] Gen:3 Ind:12 RMSE(val)=856.236584
[GA][Iter2] Gen:3 Ind:13 RMSE(val)=858.987293
[GA][Iter2] Gen:3 Ind:14 RMSE(val)=986.255655
[GA][Iter2] Gen:3 Ind:15 RMSE(val)=857.469595
[GA][Iter2] Gen:3 Ind:16 RMSE(val)=858.108728
[GA][Iter2] Gen:3 Ind:17 RMSE(val)=858.456862
[GA][Iter2] Gen:3 Ind:18 RMSE(val)=862.624901
[GA][Iter2] Gen:3 Ind:19 RMSE(val)=1042.091354
[GA][Iter2] Gen:3 Ind:20 RMSE(val)=1068.367326
[GA][Iter2] gen=3 best_val_rmse=852.666970
[GA][Iter2] Gen:4 Ind:1 RMSE(val)=852.666970
[GA][Iter2] Gen:4 Ind:2 RMSE(val)=856.236584
[GA][Iter2] Gen:4 Ind:3 RMSE(val)=857.037044
[GA][Iter2] Gen:4 Ind:4 RMSE(val)=857.469595
[GA][Iter2] Gen:4 Ind:5 RMSE(val)=857.469981
[GA][Iter2] Gen:4 Ind:6 RMSE(val)=858.108728
[GA][Iter2] Gen:4 Ind:7 RMSE(val)=858.108728
[GA][Iter2] Gen:4 Ind:8 RMSE(val)=858.108728
[GA][Iter2] Gen:4 Ind:9 RMSE(val)=858.456862
[GA][Iter2] Gen:4 Ind:10 RMSE(val)=858.657428
[GA][Iter2] Gen:4 Ind:11 RMSE(val)=853.551713
[GA][Iter2] Gen:4 Ind:12 RMSE(val)=856.230929
[GA][Iter2] Gen:4 Ind:13 RMSE(val)=857.037044
[GA][Iter2] Gen:4 Ind:14 RMSE(val)=858.666810
[GA][Iter2] Gen:4 Ind:15 RMSE(val)=858.108728
[GA][Iter2] Gen:4 Ind:16 RMSE(val)=859.317024
[GA][Iter2] Gen:4 Ind:17 RMSE(val)=856.423142
[GA][Iter2] Gen:4 Ind:18 RMSE(val)=854.352705
[GA][Iter2] Gen:4 Ind:19 RMSE(val)=853.793643
[GA][Iter2] Gen:4 Ind:20 RMSE(val)=856.504428
[GA][Iter2] gen=4 best_val_rmse=852.666970
[GA][Iter2] Gen:5 Ind:1 RMSE(val)=852.666970
[GA][Iter2] Gen:5 Ind:2 RMSE(val)=853.551713
[GA][Iter2] Gen:5 Ind:3 RMSE(val)=853.793643
[GA][Iter2] Gen:5 Ind:4 RMSE(val)=854.352705
[GA][Iter2] Gen:5 Ind:5 RMSE(val)=856.230929
[GA][Iter2] Gen:5 Ind:6 RMSE(val)=856.236584
[GA][Iter2] Gen:5 Ind:7 RMSE(val)=856.423142
[GA][Iter2] Gen:5 Ind:8 RMSE(val)=856.504428
[GA][Iter2] Gen:5 Ind:9 RMSE(val)=857.037044
[GA][Iter2] Gen:5 Ind:10 RMSE(val)=857.037044
[GA][Iter2] Gen:5 Ind:11 RMSE(val)=856.236584
[GA][Iter2] Gen:5 Ind:12 RMSE(val)=855.066246
[GA][Iter2] Gen:5 Ind:13 RMSE(val)=854.465685
[GA][Iter2] Gen:5 Ind:14 RMSE(val)=856.236584
[GA][Iter2] Gen:5 Ind:15 RMSE(val)=857.467764
[GA][Iter2] Gen:5 Ind:16 RMSE(val)=856.816516
[GA][Iter2] Gen:5 Ind:17 RMSE(val)=852.422557
[GA][Iter2] Gen:5 Ind:18 RMSE(val)=857.037044
[GA][Iter2] Gen:5 Ind:19 RMSE(val)=855.684220
[GA][Iter2] Gen:5 Ind:20 RMSE(val)=855.684220
[GA][Iter2] gen=5 best_val_rmse=852.422557
[GA][Iter2] Gen:6 Ind:1 RMSE(val)=852.422557
[GA][Iter2] Gen:6 Ind:2 RMSE(val)=852.666970
[GA][Iter2] Gen:6 Ind:3 RMSE(val)=853.551713
[GA][Iter2] Gen:6 Ind:4 RMSE(val)=853.793643
[GA][Iter2] Gen:6 Ind:5 RMSE(val)=854.352705
[GA][Iter2] Gen:6 Ind:6 RMSE(val)=854.465685
[GA][Iter2] Gen:6 Ind:7 RMSE(val)=855.066246
[GA][Iter2] Gen:6 Ind:8 RMSE(val)=855.684220
[GA][Iter2] Gen:6 Ind:9 RMSE(val)=855.684220
[GA][Iter2] Gen:6 Ind:10 RMSE(val)=856.230929
[GA][Iter2] Gen:6 Ind:11 RMSE(val)=852.305593
[GA][Iter2] Gen:6 Ind:12 RMSE(val)=853.447625
[GA][Iter2] Gen:6 Ind:13 RMSE(val)=856.664562
[GA][Iter2] Gen:6 Ind:14 RMSE(val)=855.882713
[GA][Iter2] Gen:6 Ind:15 RMSE(val)=858.811452
[GA][Iter2] Gen:6 Ind:16 RMSE(val)=859.305766
[GA][Iter2] Gen:6 Ind:17 RMSE(val)=854.107316
[GA][Iter2] Gen:6 Ind:18 RMSE(val)=850.512727
[GA][Iter2] Gen:6 Ind:19 RMSE(val)=856.328909
[GA][Iter2] Gen:6 Ind:20 RMSE(val)=852.666970
[GA][Iter2] gen=6 best_val_rmse=850.512727
[GA][Iter2] Gen:7 Ind:1 RMSE(val)=850.512727
[GA][Iter2] Gen:7 Ind:2 RMSE(val)=852.305593
[GA][Iter2] Gen:7 Ind:3 RMSE(val)=852.422557
[GA][Iter2] Gen:7 Ind:4 RMSE(val)=852.666970
[GA][Iter2] Gen:7 Ind:5 RMSE(val)=852.666970
[GA][Iter2] Gen:7 Ind:6 RMSE(val)=853.447625
[GA][Iter2] Gen:7 Ind:7 RMSE(val)=853.551713
[GA][Iter2] Gen:7 Ind:8 RMSE(val)=853.793643
[GA][Iter2] Gen:7 Ind:9 RMSE(val)=854.107316
[GA][Iter2] Gen:7 Ind:10 RMSE(val)=854.352705
[GA][Iter2] Gen:7 Ind:11 RMSE(val)=992.584290
[GA][Iter2] Gen:7 Ind:12 RMSE(val)=853.551713
[GA][Iter2] Gen:7 Ind:13 RMSE(val)=859.411479
[GA][Iter2] Gen:7 Ind:14 RMSE(val)=853.551713
[GA][Iter2] Gen:7 Ind:15 RMSE(val)=853.551713
[GA][Iter2] Gen:7 Ind:16 RMSE(val)=852.666970
[GA][Iter2] Gen:7 Ind:17 RMSE(val)=854.604880
[GA][Iter2] Gen:7 Ind:18 RMSE(val)=856.300969
[GA][Iter2] Gen:7 Ind:19 RMSE(val)=852.422557
[GA][Iter2] Gen:7 Ind:20 RMSE(val)=852.666970
[GA][Iter2] gen=7 best_val_rmse=850.512727
[GA][Iter2] Gen:8 Ind:1 RMSE(val)=850.512727
[GA][Iter2] Gen:8 Ind:2 RMSE(val)=852.305593
[GA][Iter2] Gen:8 Ind:3 RMSE(val)=852.422557
[GA][Iter2] Gen:8 Ind:4 RMSE(val)=852.422557
[GA][Iter2] Gen:8 Ind:5 RMSE(val)=852.666970
[GA][Iter2] Gen:8 Ind:6 RMSE(val)=852.666970
[GA][Iter2] Gen:8 Ind:7 RMSE(val)=852.666970
[GA][Iter2] Gen:8 Ind:8 RMSE(val)=852.666970
[GA][Iter2] Gen:8 Ind:9 RMSE(val)=853.447625
[GA][Iter2] Gen:8 Ind:10 RMSE(val)=853.551713
[GA][Iter2] Gen:8 Ind:11 RMSE(val)=853.780228
[GA][Iter2] Gen:8 Ind:12 RMSE(val)=852.373506
[GA][Iter2] Gen:8 Ind:13 RMSE(val)=854.107316
[GA][Iter2] Gen:8 Ind:14 RMSE(val)=852.449712
[GA][Iter2] Gen:8 Ind:15 RMSE(val)=852.305593
[GA][Iter2] Gen:8 Ind:16 RMSE(val)=852.422557
[GA][Iter2] Gen:8 Ind:17 RMSE(val)=852.666970
[GA][Iter2] Gen:8 Ind:18 RMSE(val)=990.325754
[GA][Iter2] Gen:8 Ind:19 RMSE(val)=852.563869
[GA][Iter2] Gen:8 Ind:20 RMSE(val)=852.666970
[GA][Iter2] gen=8 best_val_rmse=850.512727
[GA][Iter2] Gen:9 Ind:1 RMSE(val)=850.512727
[GA][Iter2] Gen:9 Ind:2 RMSE(val)=852.305593
[GA][Iter2] Gen:9 Ind:3 RMSE(val)=852.305593
[GA][Iter2] Gen:9 Ind:4 RMSE(val)=852.373506
[GA][Iter2] Gen:9 Ind:5 RMSE(val)=852.422557
[GA][Iter2] Gen:9 Ind:6 RMSE(val)=852.422557
[GA][Iter2] Gen:9 Ind:7 RMSE(val)=852.422557
[GA][Iter2] Gen:9 Ind:8 RMSE(val)=852.449712
[GA][Iter2] Gen:9 Ind:9 RMSE(val)=852.563869
[GA][Iter2] Gen:9 Ind:10 RMSE(val)=852.666970
[GA][Iter2] Gen:9 Ind:11 RMSE(val)=852.422557
[GA][Iter2] Gen:9 Ind:12 RMSE(val)=852.465725
[GA][Iter2] Gen:9 Ind:13 RMSE(val)=851.189554
[GA][Iter2] Gen:9 Ind:14 RMSE(val)=852.425110
[GA][Iter2] Gen:9 Ind:15 RMSE(val)=850.512727
[GA][Iter2] Gen:9 Ind:16 RMSE(val)=852.195796
[GA][Iter2] Gen:9 Ind:17 RMSE(val)=1004.036690
[GA][Iter2] Gen:9 Ind:18 RMSE(val)=852.349334
[GA][Iter2] Gen:9 Ind:19 RMSE(val)=854.255441
[GA][Iter2] Gen:9 Ind:20 RMSE(val)=852.349334
[GA][Iter2] gen=9 best_val_rmse=850.512727
[GA][Iter2] Gen:10 Ind:1 RMSE(val)=850.512727
[GA][Iter2] Gen:10 Ind:2 RMSE(val)=850.512727
[GA][Iter2] Gen:10 Ind:3 RMSE(val)=851.189554
[GA][Iter2] Gen:10 Ind:4 RMSE(val)=852.195796
[GA][Iter2] Gen:10 Ind:5 RMSE(val)=852.305593
[GA][Iter2] Gen:10 Ind:6 RMSE(val)=852.305593
[GA][Iter2] Gen:10 Ind:7 RMSE(val)=852.349334
[GA][Iter2] Gen:10 Ind:8 RMSE(val)=852.349334
[GA][Iter2] Gen:10 Ind:9 RMSE(val)=852.373506
[GA][Iter2] Gen:10 Ind:10 RMSE(val)=852.422557
[GA][Iter2] Gen:10 Ind:11 RMSE(val)=852.425110
[GA][Iter2] Gen:10 Ind:12 RMSE(val)=850.512727
[GA][Iter2] Gen:10 Ind:13 RMSE(val)=850.512727
[GA][Iter2] Gen:10 Ind:14 RMSE(val)=852.237666
[GA][Iter2] Gen:10 Ind:15 RMSE(val)=941.290074
[GA][Iter2] Gen:10 Ind:16 RMSE(val)=850.525558
[GA][Iter2] Gen:10 Ind:17 RMSE(val)=850.512727
[GA][Iter2] Gen:10 Ind:18 RMSE(val)=852.422557
[GA][Iter2] Gen:10 Ind:19 RMSE(val)=852.422557
[GA][Iter2] Gen:10 Ind:20 RMSE(val)=852.422557
[GA][Iter2] gen=10 best_val_rmse=850.512727
[GA][Iter2] Gen:11 Ind:1 RMSE(val)=850.512727
[GA][Iter2] Gen:11 Ind:2 RMSE(val)=850.512727
[GA][Iter2] Gen:11 Ind:3 RMSE(val)=850.512727
[GA][Iter2] Gen:11 Ind:4 RMSE(val)=850.512727
[GA][Iter2] Gen:11 Ind:5 RMSE(val)=850.512727
[GA][Iter2] Gen:11 Ind:6 RMSE(val)=850.525558
[GA][Iter2] Gen:11 Ind:7 RMSE(val)=851.189554
[GA][Iter2] Gen:11 Ind:8 RMSE(val)=852.195796
[GA][Iter2] Gen:11 Ind:9 RMSE(val)=852.237666
[GA][Iter2] Gen:11 Ind:10 RMSE(val)=852.305593
[GA][Iter2] Gen:11 Ind:11 RMSE(val)=850.512727
[GA][Iter2] Gen:11 Ind:12 RMSE(val)=850.192353
[GA][Iter2] Gen:11 Ind:13 RMSE(val)=851.193393
[GA][Iter2] Gen:11 Ind:14 RMSE(val)=851.061428
[GA][Iter2] Gen:11 Ind:15 RMSE(val)=850.278555
[GA][Iter2] Gen:11 Ind:16 RMSE(val)=852.223888
[GA][Iter2] Gen:11 Ind:17 RMSE(val)=850.512727
[GA][Iter2] Gen:11 Ind:18 RMSE(val)=850.512727
[GA][Iter2] Gen:11 Ind:19 RMSE(val)=850.512727
[GA][Iter2] Gen:11 Ind:20 RMSE(val)=852.434010
[GA][Iter2] gen=11 best_val_rmse=850.192353
[GA][Iter2] Gen:12 Ind:1 RMSE(val)=850.192353
[GA][Iter2] Gen:12 Ind:2 RMSE(val)=850.278555
[GA][Iter2] Gen:12 Ind:3 RMSE(val)=850.512727
[GA][Iter2] Gen:12 Ind:4 RMSE(val)=850.512727
[GA][Iter2] Gen:12 Ind:5 RMSE(val)=850.512727
[GA][Iter2] Gen:12 Ind:6 RMSE(val)=850.512727
[GA][Iter2] Gen:12 Ind:7 RMSE(val)=850.512727
[GA][Iter2] Gen:12 Ind:8 RMSE(val)=850.512727
[GA][Iter2] Gen:12 Ind:9 RMSE(val)=850.512727
[GA][Iter2] Gen:12 Ind:10 RMSE(val)=850.512727
[GA][Iter2] Gen:12 Ind:11 RMSE(val)=850.512727
[GA][Iter2] Gen:12 Ind:12 RMSE(val)=851.929489
[GA][Iter2] Gen:12 Ind:13 RMSE(val)=850.670706
[GA][Iter2] Gen:12 Ind:14 RMSE(val)=850.512727
[GA][Iter2] Gen:12 Ind:15 RMSE(val)=850.670706
[GA][Iter2] Gen:12 Ind:16 RMSE(val)=850.512727
[GA][Iter2] Gen:12 Ind:17 RMSE(val)=850.512727
[GA][Iter2] Gen:12 Ind:18 RMSE(val)=850.512727
[GA][Iter2] Gen:12 Ind:19 RMSE(val)=850.512727
[GA][Iter2] Gen:12 Ind:20 RMSE(val)=850.560162
[GA][Iter2] gen=12 best_val_rmse=850.192353
[GA][Iter2] Gen:13 Ind:1 RMSE(val)=850.192353
[GA][Iter2] Gen:13 Ind:2 RMSE(val)=850.278555
[GA][Iter2] Gen:13 Ind:3 RMSE(val)=850.512727
[GA][Iter2] Gen:13 Ind:4 RMSE(val)=850.512727
[GA][Iter2] Gen:13 Ind:5 RMSE(val)=850.512727
[GA][Iter2] Gen:13 Ind:6 RMSE(val)=850.512727
[GA][Iter2] Gen:13 Ind:7 RMSE(val)=850.512727
[GA][Iter2] Gen:13 Ind:8 RMSE(val)=850.512727
[GA][Iter2] Gen:13 Ind:9 RMSE(val)=850.512727
[GA][Iter2] Gen:13 Ind:10 RMSE(val)=850.512727
[GA][Iter2] Gen:13 Ind:11 RMSE(val)=850.512727
[GA][Iter2] Gen:13 Ind:12 RMSE(val)=850.192353
[GA][Iter2] Gen:13 Ind:13 RMSE(val)=945.746009
[GA][Iter2] Gen:13 Ind:14 RMSE(val)=850.512727
[GA][Iter2] Gen:13 Ind:15 RMSE(val)=850.512727
[GA][Iter2] Gen:13 Ind:16 RMSE(val)=852.465725
[GA][Iter2] Gen:13 Ind:17 RMSE(val)=850.192353
[GA][Iter2] Gen:13 Ind:18 RMSE(val)=850.512727
[GA][Iter2] Gen:13 Ind:19 RMSE(val)=850.512727
[GA][Iter2] Gen:13 Ind:20 RMSE(val)=850.748518
[GA][Iter2] gen=13 best_val_rmse=850.192353
[GA][Iter2] Gen:14 Ind:1 RMSE(val)=850.192353
[GA][Iter2] Gen:14 Ind:2 RMSE(val)=850.192353
[GA][Iter2] Gen:14 Ind:3 RMSE(val)=850.192353
[GA][Iter2] Gen:14 Ind:4 RMSE(val)=850.278555
[GA][Iter2] Gen:14 Ind:5 RMSE(val)=850.512727
[GA][Iter2] Gen:14 Ind:6 RMSE(val)=850.512727
[GA][Iter2] Gen:14 Ind:7 RMSE(val)=850.512727
[GA][Iter2] Gen:14 Ind:8 RMSE(val)=850.512727
[GA][Iter2] Gen:14 Ind:9 RMSE(val)=850.512727
[GA][Iter2] Gen:14 Ind:10 RMSE(val)=850.512727
[GA][Iter2] Gen:14 Ind:11 RMSE(val)=850.512727
[GA][Iter2] Gen:14 Ind:12 RMSE(val)=850.362248
[GA][Iter2] Gen:14 Ind:13 RMSE(val)=850.245713
[GA][Iter2] Gen:14 Ind:14 RMSE(val)=850.573453
[GA][Iter2] Gen:14 Ind:15 RMSE(val)=850.512727
[GA][Iter2] Gen:14 Ind:16 RMSE(val)=850.512727
[GA][Iter2] Gen:14 Ind:17 RMSE(val)=850.512727
[GA][Iter2] Gen:14 Ind:18 RMSE(val)=850.475154
[GA][Iter2] Gen:14 Ind:19 RMSE(val)=1003.411054
[GA][Iter2] Gen:14 Ind:20 RMSE(val)=850.512727
[GA][Iter2] gen=14 best_val_rmse=850.192353
[GA][Iter2] Gen:15 Ind:1 RMSE(val)=850.192353
[GA][Iter2] Gen:15 Ind:2 RMSE(val)=850.192353
[GA][Iter2] Gen:15 Ind:3 RMSE(val)=850.192353
[GA][Iter2] Gen:15 Ind:4 RMSE(val)=850.245713
[GA][Iter2] Gen:15 Ind:5 RMSE(val)=850.278555
[GA][Iter2] Gen:15 Ind:6 RMSE(val)=850.362248
[GA][Iter2] Gen:15 Ind:7 RMSE(val)=850.475154
[GA][Iter2] Gen:15 Ind:8 RMSE(val)=850.512727
[GA][Iter2] Gen:15 Ind:9 RMSE(val)=850.512727
[GA][Iter2] Gen:15 Ind:10 RMSE(val)=850.512727
[GA][Iter2] Gen:15 Ind:11 RMSE(val)=850.416371
[GA][Iter2] Gen:15 Ind:12 RMSE(val)=850.192353
[GA][Iter2] Gen:15 Ind:13 RMSE(val)=850.531684
[GA][Iter2] Gen:15 Ind:14 RMSE(val)=851.849651
[GA][Iter2] Gen:15 Ind:15 RMSE(val)=850.512727
[GA][Iter2] Gen:15 Ind:16 RMSE(val)=850.512727
[GA][Iter2] Gen:15 Ind:17 RMSE(val)=850.362248
[GA][Iter2] Gen:15 Ind:18 RMSE(val)=946.501414
[GA][Iter2] Gen:15 Ind:19 RMSE(val)=849.730591
[GA][Iter2] Gen:15 Ind:20 RMSE(val)=850.192353
[GA][Iter2] gen=15 best_val_rmse=849.730591
[GA][Iter2] Gen:15 Ind:1 RMSE(val)=849.730591
[GA][Iter2] Gen:15 Ind:2 RMSE(val)=850.192353
[GA][Iter2] Gen:15 Ind:3 RMSE(val)=850.192353
[GA][Iter2] Gen:15 Ind:4 RMSE(val)=850.192353
[GA][Iter2] Gen:15 Ind:5 RMSE(val)=850.192353
[GA][Iter2] Gen:15 Ind:6 RMSE(val)=850.192353
[GA][Iter2] Gen:15 Ind:7 RMSE(val)=850.245713
[GA][Iter2] Gen:15 Ind:8 RMSE(val)=850.278555
[GA][Iter2] Gen:15 Ind:9 RMSE(val)=850.362248
[GA][Iter2] Gen:15 Ind:10 RMSE(val)=850.362248
[GA][Iter2] Gen:15 Ind:11 RMSE(val)=850.192353
[GA][Iter2] Gen:15 Ind:12 RMSE(val)=850.245713
[GA][Iter2] Gen:15 Ind:13 RMSE(val)=850.192353
[GA][Iter2] Gen:15 Ind:14 RMSE(val)=850.245713
[GA][Iter2] Gen:15 Ind:15 RMSE(val)=851.494930
[GA][Iter2] Gen:15 Ind:16 RMSE(val)=850.245713
[GA][Iter2] Gen:15 Ind:17 RMSE(val)=850.192353
[GA][Iter2] Gen:15 Ind:18 RMSE(val)=850.058889
[GA][Iter2] Gen:15 Ind:19 RMSE(val)=850.337014
[GA][Iter2] Gen:15 Ind:20 RMSE(val)=850.362248

[GA DONE][Iter2] Best params on val fold of Iter2
Best val RMSE: 849.730591
Best params: {'n_estimators': 1395, 'max_depth': 11, 'min_samples_split': 21, 'min_samples_leaf': 10, 'max_features': None, 'bootstrap': True}
--------------------------------------------------------------------------------
[RETUNE GA] Iter2: train folds 1..6 -> test fold 7  RMSE=960.515980  NRMSE=0.805813  CVRMSE=0.526532  R2=0.347817
[GA][Iter3] Gen:1 Ind:1 RMSE(val)=1037.484155
[GA][Iter3] Gen:1 Ind:2 RMSE(val)=1018.311895
[GA][Iter3] Gen:1 Ind:3 RMSE(val)=957.885901
[GA][Iter3] Gen:1 Ind:4 RMSE(val)=985.954679
[GA][Iter3] Gen:1 Ind:5 RMSE(val)=1223.991441
[GA][Iter3] Gen:1 Ind:6 RMSE(val)=1000.997167
[GA][Iter3] Gen:1 Ind:7 RMSE(val)=999.523769
[GA][Iter3] Gen:1 Ind:8 RMSE(val)=1003.295456
[GA][Iter3] Gen:1 Ind:9 RMSE(val)=996.131321
[GA][Iter3] Gen:1 Ind:10 RMSE(val)=988.012433
[GA][Iter3] Gen:1 Ind:11 RMSE(val)=983.872504
[GA][Iter3] Gen:1 Ind:12 RMSE(val)=986.727251
[GA][Iter3] Gen:1 Ind:13 RMSE(val)=1000.445043
[GA][Iter3] Gen:1 Ind:14 RMSE(val)=993.861552
[GA][Iter3] Gen:1 Ind:15 RMSE(val)=983.899068
[GA][Iter3] Gen:1 Ind:16 RMSE(val)=985.422127
[GA][Iter3] Gen:1 Ind:17 RMSE(val)=1002.712968
[GA][Iter3] Gen:1 Ind:18 RMSE(val)=984.236804
[GA][Iter3] Gen:1 Ind:19 RMSE(val)=967.538370
[GA][Iter3] Gen:1 Ind:20 RMSE(val)=1138.979483
[GA][Iter3] gen=1 best_val_rmse=957.885901
[GA][Iter3] Gen:2 Ind:1 RMSE(val)=957.885901
[GA][Iter3] Gen:2 Ind:2 RMSE(val)=967.538370
[GA][Iter3] Gen:2 Ind:3 RMSE(val)=983.872504
[GA][Iter3] Gen:2 Ind:4 RMSE(val)=983.899068
[GA][Iter3] Gen:2 Ind:5 RMSE(val)=984.236804
[GA][Iter3] Gen:2 Ind:6 RMSE(val)=985.422127
[GA][Iter3] Gen:2 Ind:7 RMSE(val)=985.954679
[GA][Iter3] Gen:2 Ind:8 RMSE(val)=986.727251
[GA][Iter3] Gen:2 Ind:9 RMSE(val)=988.012433
[GA][Iter3] Gen:2 Ind:10 RMSE(val)=993.861552
[GA][Iter3] Gen:2 Ind:11 RMSE(val)=989.413712
[GA][Iter3] Gen:2 Ind:12 RMSE(val)=970.148959
[GA][Iter3] Gen:2 Ind:13 RMSE(val)=987.994580
[GA][Iter3] Gen:2 Ind:14 RMSE(val)=993.195984
[GA][Iter3] Gen:2 Ind:15 RMSE(val)=971.287322
[GA][Iter3] Gen:2 Ind:16 RMSE(val)=983.899068
[GA][Iter3] Gen:2 Ind:17 RMSE(val)=980.118114
[GA][Iter3] Gen:2 Ind:18 RMSE(val)=987.507919
[GA][Iter3] Gen:2 Ind:19 RMSE(val)=1006.552542
[GA][Iter3] Gen:2 Ind:20 RMSE(val)=961.442463
[GA][Iter3] gen=2 best_val_rmse=957.885901
[GA][Iter3] Gen:3 Ind:1 RMSE(val)=957.885901
[GA][Iter3] Gen:3 Ind:2 RMSE(val)=961.442463
[GA][Iter3] Gen:3 Ind:3 RMSE(val)=967.538370
[GA][Iter3] Gen:3 Ind:4 RMSE(val)=970.148959
[GA][Iter3] Gen:3 Ind:5 RMSE(val)=971.287322
[GA][Iter3] Gen:3 Ind:6 RMSE(val)=980.118114
[GA][Iter3] Gen:3 Ind:7 RMSE(val)=983.872504
[GA][Iter3] Gen:3 Ind:8 RMSE(val)=983.899068
[GA][Iter3] Gen:3 Ind:9 RMSE(val)=983.899068
[GA][Iter3] Gen:3 Ind:10 RMSE(val)=984.236804
[GA][Iter3] Gen:3 Ind:11 RMSE(val)=968.362846
[GA][Iter3] Gen:3 Ind:12 RMSE(val)=968.362846
[GA][Iter3] Gen:3 Ind:13 RMSE(val)=1195.799967
[GA][Iter3] Gen:3 Ind:14 RMSE(val)=1209.424875
[GA][Iter3] Gen:3 Ind:15 RMSE(val)=961.442463
[GA][Iter3] Gen:3 Ind:16 RMSE(val)=961.868642
[GA][Iter3] Gen:3 Ind:17 RMSE(val)=980.536133
[GA][Iter3] Gen:3 Ind:18 RMSE(val)=961.388912
[GA][Iter3] Gen:3 Ind:19 RMSE(val)=1188.784956
[GA][Iter3] Gen:3 Ind:20 RMSE(val)=1086.144121
[GA][Iter3] gen=3 best_val_rmse=957.885901
[GA][Iter3] Gen:4 Ind:1 RMSE(val)=957.885901
[GA][Iter3] Gen:4 Ind:2 RMSE(val)=961.388912
[GA][Iter3] Gen:4 Ind:3 RMSE(val)=961.442463
[GA][Iter3] Gen:4 Ind:4 RMSE(val)=961.442463
[GA][Iter3] Gen:4 Ind:5 RMSE(val)=961.868642
[GA][Iter3] Gen:4 Ind:6 RMSE(val)=967.538370
[GA][Iter3] Gen:4 Ind:7 RMSE(val)=968.362846
[GA][Iter3] Gen:4 Ind:8 RMSE(val)=968.362846
[GA][Iter3] Gen:4 Ind:9 RMSE(val)=970.148959
[GA][Iter3] Gen:4 Ind:10 RMSE(val)=971.287322
[GA][Iter3] Gen:4 Ind:11 RMSE(val)=966.008544
[GA][Iter3] Gen:4 Ind:12 RMSE(val)=965.981225
[GA][Iter3] Gen:4 Ind:13 RMSE(val)=960.893302
[GA][Iter3] Gen:4 Ind:14 RMSE(val)=967.348568
[GA][Iter3] Gen:4 Ind:15 RMSE(val)=961.868642
[GA][Iter3] Gen:4 Ind:16 RMSE(val)=961.442463
[GA][Iter3] Gen:4 Ind:17 RMSE(val)=961.868642
[GA][Iter3] Gen:4 Ind:18 RMSE(val)=970.148959
[GA][Iter3] Gen:4 Ind:19 RMSE(val)=967.598262
[GA][Iter3] Gen:4 Ind:20 RMSE(val)=962.643619
[GA][Iter3] gen=4 best_val_rmse=957.885901
[GA][Iter3] Gen:5 Ind:1 RMSE(val)=957.885901
[GA][Iter3] Gen:5 Ind:2 RMSE(val)=960.893302
[GA][Iter3] Gen:5 Ind:3 RMSE(val)=961.388912
[GA][Iter3] Gen:5 Ind:4 RMSE(val)=961.442463
[GA][Iter3] Gen:5 Ind:5 RMSE(val)=961.442463
[GA][Iter3] Gen:5 Ind:6 RMSE(val)=961.442463
[GA][Iter3] Gen:5 Ind:7 RMSE(val)=961.868642
[GA][Iter3] Gen:5 Ind:8 RMSE(val)=961.868642
[GA][Iter3] Gen:5 Ind:9 RMSE(val)=961.868642
[GA][Iter3] Gen:5 Ind:10 RMSE(val)=962.643619
[GA][Iter3] Gen:5 Ind:11 RMSE(val)=961.442463
[GA][Iter3] Gen:5 Ind:12 RMSE(val)=961.442463
[GA][Iter3] Gen:5 Ind:13 RMSE(val)=966.507335
[GA][Iter3] Gen:5 Ind:14 RMSE(val)=961.442463
[GA][Iter3] Gen:5 Ind:15 RMSE(val)=991.051767
[GA][Iter3] Gen:5 Ind:16 RMSE(val)=961.868642
[GA][Iter3] Gen:5 Ind:17 RMSE(val)=961.486005
[GA][Iter3] Gen:5 Ind:18 RMSE(val)=962.643619
[GA][Iter3] Gen:5 Ind:19 RMSE(val)=961.868642
[GA][Iter3] Gen:5 Ind:20 RMSE(val)=961.868642
[GA][Iter3] gen=5 best_val_rmse=957.885901
[GA][Iter3] Gen:6 Ind:1 RMSE(val)=957.885901
[GA][Iter3] Gen:6 Ind:2 RMSE(val)=960.893302
[GA][Iter3] Gen:6 Ind:3 RMSE(val)=961.388912
[GA][Iter3] Gen:6 Ind:4 RMSE(val)=961.442463
[GA][Iter3] Gen:6 Ind:5 RMSE(val)=961.442463
[GA][Iter3] Gen:6 Ind:6 RMSE(val)=961.442463
[GA][Iter3] Gen:6 Ind:7 RMSE(val)=961.442463
[GA][Iter3] Gen:6 Ind:8 RMSE(val)=961.442463
[GA][Iter3] Gen:6 Ind:9 RMSE(val)=961.442463
[GA][Iter3] Gen:6 Ind:10 RMSE(val)=961.486005
[GA][Iter3] Gen:6 Ind:11 RMSE(val)=961.247046
[GA][Iter3] Gen:6 Ind:12 RMSE(val)=961.442463
[GA][Iter3] Gen:6 Ind:13 RMSE(val)=961.442463
[GA][Iter3] Gen:6 Ind:14 RMSE(val)=961.868642
[GA][Iter3] Gen:6 Ind:15 RMSE(val)=961.486005
[GA][Iter3] Gen:6 Ind:16 RMSE(val)=957.885901
[GA][Iter3] Gen:6 Ind:17 RMSE(val)=961.442463
[GA][Iter3] Gen:6 Ind:18 RMSE(val)=959.492804
[GA][Iter3] Gen:6 Ind:19 RMSE(val)=961.442463
[GA][Iter3] Gen:6 Ind:20 RMSE(val)=960.893302
[GA][Iter3] gen=6 best_val_rmse=957.885901
[GA][Iter3] Gen:7 Ind:1 RMSE(val)=957.885901
[GA][Iter3] Gen:7 Ind:2 RMSE(val)=957.885901
[GA][Iter3] Gen:7 Ind:3 RMSE(val)=959.492804
[GA][Iter3] Gen:7 Ind:4 RMSE(val)=960.893302
[GA][Iter3] Gen:7 Ind:5 RMSE(val)=960.893302
[GA][Iter3] Gen:7 Ind:6 RMSE(val)=961.247046
[GA][Iter3] Gen:7 Ind:7 RMSE(val)=961.388912
[GA][Iter3] Gen:7 Ind:8 RMSE(val)=961.442463
[GA][Iter3] Gen:7 Ind:9 RMSE(val)=961.442463
[GA][Iter3] Gen:7 Ind:10 RMSE(val)=961.442463
[GA][Iter3] Gen:7 Ind:11 RMSE(val)=1009.165448
[GA][Iter3] Gen:7 Ind:12 RMSE(val)=961.247046
[GA][Iter3] Gen:7 Ind:13 RMSE(val)=957.885901
[GA][Iter3] Gen:7 Ind:14 RMSE(val)=960.298691
[GA][Iter3] Gen:7 Ind:15 RMSE(val)=962.123295
[GA][Iter3] Gen:7 Ind:16 RMSE(val)=960.893302
[GA][Iter3] Gen:7 Ind:17 RMSE(val)=961.442463
[GA][Iter3] Gen:7 Ind:18 RMSE(val)=963.244834
[GA][Iter3] Gen:7 Ind:19 RMSE(val)=957.885901
[GA][Iter3] Gen:7 Ind:20 RMSE(val)=960.893302
[GA][Iter3] gen=7 best_val_rmse=957.885901
[GA][Iter3] Gen:8 Ind:1 RMSE(val)=957.885901
[GA][Iter3] Gen:8 Ind:2 RMSE(val)=957.885901
[GA][Iter3] Gen:8 Ind:3 RMSE(val)=957.885901
[GA][Iter3] Gen:8 Ind:4 RMSE(val)=957.885901
[GA][Iter3] Gen:8 Ind:5 RMSE(val)=959.492804
[GA][Iter3] Gen:8 Ind:6 RMSE(val)=960.298691
[GA][Iter3] Gen:8 Ind:7 RMSE(val)=960.893302
[GA][Iter3] Gen:8 Ind:8 RMSE(val)=960.893302
[GA][Iter3] Gen:8 Ind:9 RMSE(val)=960.893302
[GA][Iter3] Gen:8 Ind:10 RMSE(val)=960.893302
[GA][Iter3] Gen:8 Ind:11 RMSE(val)=987.507919
[GA][Iter3] Gen:8 Ind:12 RMSE(val)=961.442463
[GA][Iter3] Gen:8 Ind:13 RMSE(val)=961.442463
[GA][Iter3] Gen:8 Ind:14 RMSE(val)=958.238072
[GA][Iter3] Gen:8 Ind:15 RMSE(val)=960.893302
[GA][Iter3] Gen:8 Ind:16 RMSE(val)=960.119660
[GA][Iter3] Gen:8 Ind:17 RMSE(val)=960.893302
[GA][Iter3] Gen:8 Ind:18 RMSE(val)=1209.424875
[GA][Iter3] Gen:8 Ind:19 RMSE(val)=957.885901
[GA][Iter3] Gen:8 Ind:20 RMSE(val)=960.893302
[GA][Iter3] gen=8 best_val_rmse=957.885901
[GA][Iter3] Gen:9 Ind:1 RMSE(val)=957.885901
[GA][Iter3] Gen:9 Ind:2 RMSE(val)=957.885901
[GA][Iter3] Gen:9 Ind:3 RMSE(val)=957.885901
[GA][Iter3] Gen:9 Ind:4 RMSE(val)=957.885901
[GA][Iter3] Gen:9 Ind:5 RMSE(val)=957.885901
[GA][Iter3] Gen:9 Ind:6 RMSE(val)=958.238072
[GA][Iter3] Gen:9 Ind:7 RMSE(val)=959.492804
[GA][Iter3] Gen:9 Ind:8 RMSE(val)=960.119660
[GA][Iter3] Gen:9 Ind:9 RMSE(val)=960.298691
[GA][Iter3] Gen:9 Ind:10 RMSE(val)=960.893302
[GA][Iter3] Gen:9 Ind:11 RMSE(val)=959.492804
[GA][Iter3] Gen:9 Ind:12 RMSE(val)=957.885901
[GA][Iter3] Gen:9 Ind:13 RMSE(val)=960.553643
[GA][Iter3] Gen:9 Ind:14 RMSE(val)=959.492804
[GA][Iter3] Gen:9 Ind:15 RMSE(val)=957.885901
[GA][Iter3] Gen:9 Ind:16 RMSE(val)=959.310438
[GA][Iter3] Gen:9 Ind:17 RMSE(val)=1180.945905
[GA][Iter3] Gen:9 Ind:18 RMSE(val)=957.885901
[GA][Iter3] Gen:9 Ind:19 RMSE(val)=983.328467
[GA][Iter3] Gen:9 Ind:20 RMSE(val)=959.492804
[GA][Iter3] gen=9 best_val_rmse=957.885901
[GA][Iter3] Gen:10 Ind:1 RMSE(val)=957.885901
[GA][Iter3] Gen:10 Ind:2 RMSE(val)=957.885901
[GA][Iter3] Gen:10 Ind:3 RMSE(val)=957.885901
[GA][Iter3] Gen:10 Ind:4 RMSE(val)=957.885901
[GA][Iter3] Gen:10 Ind:5 RMSE(val)=957.885901
[GA][Iter3] Gen:10 Ind:6 RMSE(val)=957.885901
[GA][Iter3] Gen:10 Ind:7 RMSE(val)=957.885901
[GA][Iter3] Gen:10 Ind:8 RMSE(val)=957.885901
[GA][Iter3] Gen:10 Ind:9 RMSE(val)=958.238072
[GA][Iter3] Gen:10 Ind:10 RMSE(val)=959.310438
[GA][Iter3] Gen:10 Ind:11 RMSE(val)=957.885901
[GA][Iter3] Gen:10 Ind:12 RMSE(val)=957.885901
[GA][Iter3] Gen:10 Ind:13 RMSE(val)=957.885901
[GA][Iter3] Gen:10 Ind:14 RMSE(val)=957.885901
[GA][Iter3] Gen:10 Ind:15 RMSE(val)=995.916225
[GA][Iter3] Gen:10 Ind:16 RMSE(val)=961.244143
[GA][Iter3] Gen:10 Ind:17 RMSE(val)=957.885901
[GA][Iter3] Gen:10 Ind:18 RMSE(val)=959.310438
[GA][Iter3] Gen:10 Ind:19 RMSE(val)=959.310438
[GA][Iter3] Gen:10 Ind:20 RMSE(val)=957.885901
[GA][Iter3] gen=10 best_val_rmse=957.885901
[GA][Iter3] Gen:11 Ind:1 RMSE(val)=957.885901
[GA][Iter3] Gen:11 Ind:2 RMSE(val)=957.885901
[GA][Iter3] Gen:11 Ind:3 RMSE(val)=957.885901
[GA][Iter3] Gen:11 Ind:4 RMSE(val)=957.885901
[GA][Iter3] Gen:11 Ind:5 RMSE(val)=957.885901
[GA][Iter3] Gen:11 Ind:6 RMSE(val)=957.885901
[GA][Iter3] Gen:11 Ind:7 RMSE(val)=957.885901
[GA][Iter3] Gen:11 Ind:8 RMSE(val)=957.885901
[GA][Iter3] Gen:11 Ind:9 RMSE(val)=957.885901
[GA][Iter3] Gen:11 Ind:10 RMSE(val)=957.885901
[GA][Iter3] Gen:11 Ind:11 RMSE(val)=957.885901
[GA][Iter3] Gen:11 Ind:12 RMSE(val)=957.885901
[GA][Iter3] Gen:11 Ind:13 RMSE(val)=957.885901
[GA][Iter3] Gen:11 Ind:14 RMSE(val)=957.885901
[GA][Iter3] Gen:11 Ind:15 RMSE(val)=955.296809
[GA][Iter3] Gen:11 Ind:16 RMSE(val)=957.885901
[GA][Iter3] Gen:11 Ind:17 RMSE(val)=957.885901
[GA][Iter3] Gen:11 Ind:18 RMSE(val)=957.885901
[GA][Iter3] Gen:11 Ind:19 RMSE(val)=957.885901
[GA][Iter3] Gen:11 Ind:20 RMSE(val)=971.617352
[GA][Iter3] gen=11 best_val_rmse=955.296809
[GA][Iter3] Gen:12 Ind:1 RMSE(val)=955.296809
[GA][Iter3] Gen:12 Ind:2 RMSE(val)=957.885901
[GA][Iter3] Gen:12 Ind:3 RMSE(val)=957.885901
[GA][Iter3] Gen:12 Ind:4 RMSE(val)=957.885901
[GA][Iter3] Gen:12 Ind:5 RMSE(val)=957.885901
[GA][Iter3] Gen:12 Ind:6 RMSE(val)=957.885901
[GA][Iter3] Gen:12 Ind:7 RMSE(val)=957.885901
[GA][Iter3] Gen:12 Ind:8 RMSE(val)=957.885901
[GA][Iter3] Gen:12 Ind:9 RMSE(val)=957.885901
[GA][Iter3] Gen:12 Ind:10 RMSE(val)=957.885901
[GA][Iter3] Gen:12 Ind:11 RMSE(val)=957.885901
[GA][Iter3] Gen:12 Ind:12 RMSE(val)=987.507919
[GA][Iter3] Gen:12 Ind:13 RMSE(val)=957.885901
[GA][Iter3] Gen:12 Ind:14 RMSE(val)=957.885901
[GA][Iter3] Gen:12 Ind:15 RMSE(val)=957.885901
[GA][Iter3] Gen:12 Ind:16 RMSE(val)=957.885901
[GA][Iter3] Gen:12 Ind:17 RMSE(val)=957.885901
[GA][Iter3] Gen:12 Ind:18 RMSE(val)=957.885901
[GA][Iter3] Gen:12 Ind:19 RMSE(val)=957.885901
[GA][Iter3] Gen:12 Ind:20 RMSE(val)=958.283428
[GA][Iter3] gen=12 best_val_rmse=955.296809
[GA][Iter3] Gen:13 Ind:1 RMSE(val)=955.296809
[GA][Iter3] Gen:13 Ind:2 RMSE(val)=957.885901
[GA][Iter3] Gen:13 Ind:3 RMSE(val)=957.885901
[GA][Iter3] Gen:13 Ind:4 RMSE(val)=957.885901
[GA][Iter3] Gen:13 Ind:5 RMSE(val)=957.885901
[GA][Iter3] Gen:13 Ind:6 RMSE(val)=957.885901
[GA][Iter3] Gen:13 Ind:7 RMSE(val)=957.885901
[GA][Iter3] Gen:13 Ind:8 RMSE(val)=957.885901
[GA][Iter3] Gen:13 Ind:9 RMSE(val)=957.885901
[GA][Iter3] Gen:13 Ind:10 RMSE(val)=957.885901
[GA][Iter3] Gen:13 Ind:11 RMSE(val)=957.885901
[GA][Iter3] Gen:13 Ind:12 RMSE(val)=955.296809
[GA][Iter3] Gen:13 Ind:13 RMSE(val)=995.916225
[GA][Iter3] Gen:13 Ind:14 RMSE(val)=957.885901
[GA][Iter3] Gen:13 Ind:15 RMSE(val)=957.885901
[GA][Iter3] Gen:13 Ind:16 RMSE(val)=986.009161
[GA][Iter3] Gen:13 Ind:17 RMSE(val)=955.296809
[GA][Iter3] Gen:13 Ind:18 RMSE(val)=957.885901
[GA][Iter3] Gen:13 Ind:19 RMSE(val)=955.296809
[GA][Iter3] Gen:13 Ind:20 RMSE(val)=956.957250
[GA][Iter3] gen=13 best_val_rmse=955.296809
[GA][Iter3] Gen:14 Ind:1 RMSE(val)=955.296809
[GA][Iter3] Gen:14 Ind:2 RMSE(val)=955.296809
[GA][Iter3] Gen:14 Ind:3 RMSE(val)=955.296809
[GA][Iter3] Gen:14 Ind:4 RMSE(val)=955.296809
[GA][Iter3] Gen:14 Ind:5 RMSE(val)=956.957250
[GA][Iter3] Gen:14 Ind:6 RMSE(val)=957.885901
[GA][Iter3] Gen:14 Ind:7 RMSE(val)=957.885901
[GA][Iter3] Gen:14 Ind:8 RMSE(val)=957.885901
[GA][Iter3] Gen:14 Ind:9 RMSE(val)=957.885901
[GA][Iter3] Gen:14 Ind:10 RMSE(val)=957.885901
[GA][Iter3] Gen:14 Ind:11 RMSE(val)=957.885901
[GA][Iter3] Gen:14 Ind:12 RMSE(val)=961.442463
[GA][Iter3] Gen:14 Ind:13 RMSE(val)=957.885901
[GA][Iter3] Gen:14 Ind:14 RMSE(val)=958.038251
[GA][Iter3] Gen:14 Ind:15 RMSE(val)=957.885901
[GA][Iter3] Gen:14 Ind:16 RMSE(val)=957.885901
[GA][Iter3] Gen:14 Ind:17 RMSE(val)=957.885901
[GA][Iter3] Gen:14 Ind:18 RMSE(val)=957.885901
[GA][Iter3] Gen:14 Ind:19 RMSE(val)=1180.965040
[GA][Iter3] Gen:14 Ind:20 RMSE(val)=957.885901
[GA][Iter3] gen=14 best_val_rmse=955.296809
[GA][Iter3] Gen:15 Ind:1 RMSE(val)=955.296809
[GA][Iter3] Gen:15 Ind:2 RMSE(val)=955.296809
[GA][Iter3] Gen:15 Ind:3 RMSE(val)=955.296809
[GA][Iter3] Gen:15 Ind:4 RMSE(val)=955.296809
[GA][Iter3] Gen:15 Ind:5 RMSE(val)=956.957250
[GA][Iter3] Gen:15 Ind:6 RMSE(val)=957.885901
[GA][Iter3] Gen:15 Ind:7 RMSE(val)=957.885901
[GA][Iter3] Gen:15 Ind:8 RMSE(val)=957.885901
[GA][Iter3] Gen:15 Ind:9 RMSE(val)=957.885901
[GA][Iter3] Gen:15 Ind:10 RMSE(val)=957.885901
[GA][Iter3] Gen:15 Ind:11 RMSE(val)=956.957250
[GA][Iter3] Gen:15 Ind:12 RMSE(val)=955.296809
[GA][Iter3] Gen:15 Ind:13 RMSE(val)=957.127788
[GA][Iter3] Gen:15 Ind:14 RMSE(val)=961.541210
[GA][Iter3] Gen:15 Ind:15 RMSE(val)=957.885901
[GA][Iter3] Gen:15 Ind:16 RMSE(val)=957.885901
[GA][Iter3] Gen:15 Ind:17 RMSE(val)=957.885901
[GA][Iter3] Gen:15 Ind:18 RMSE(val)=998.915097
[GA][Iter3] Gen:15 Ind:19 RMSE(val)=959.542477
[GA][Iter3] Gen:15 Ind:20 RMSE(val)=955.296809
[GA][Iter3] gen=15 best_val_rmse=955.296809
[GA][Iter3] Gen:15 Ind:1 RMSE(val)=955.296809
[GA][Iter3] Gen:15 Ind:2 RMSE(val)=955.296809
[GA][Iter3] Gen:15 Ind:3 RMSE(val)=955.296809
[GA][Iter3] Gen:15 Ind:4 RMSE(val)=955.296809
[GA][Iter3] Gen:15 Ind:5 RMSE(val)=955.296809
[GA][Iter3] Gen:15 Ind:6 RMSE(val)=955.296809
[GA][Iter3] Gen:15 Ind:7 RMSE(val)=956.957250
[GA][Iter3] Gen:15 Ind:8 RMSE(val)=956.957250
[GA][Iter3] Gen:15 Ind:9 RMSE(val)=957.127788
[GA][Iter3] Gen:15 Ind:10 RMSE(val)=957.885901
[GA][Iter3] Gen:15 Ind:11 RMSE(val)=955.296809
[GA][Iter3] Gen:15 Ind:12 RMSE(val)=955.296809
[GA][Iter3] Gen:15 Ind:13 RMSE(val)=955.296809
[GA][Iter3] Gen:15 Ind:14 RMSE(val)=955.296809
[GA][Iter3] Gen:15 Ind:15 RMSE(val)=984.993198
[GA][Iter3] Gen:15 Ind:16 RMSE(val)=956.957250
[GA][Iter3] Gen:15 Ind:17 RMSE(val)=955.296809
[GA][Iter3] Gen:15 Ind:18 RMSE(val)=955.296809
[GA][Iter3] Gen:15 Ind:19 RMSE(val)=957.601784
[GA][Iter3] Gen:15 Ind:20 RMSE(val)=957.885901

[GA DONE][Iter3] Best params on val fold of Iter3
Best val RMSE: 955.296809
Best params: {'n_estimators': 216, 'max_depth': 8, 'min_samples_split': 5, 'min_samples_leaf': 4, 'max_features': None, 'bootstrap': True}
--------------------------------------------------------------------------------
[RETUNE GA] Iter3: train folds 1..7 -> test fold 8  RMSE=778.286666  NRMSE=0.706731  CVRMSE=0.402117  R2=0.498331
[GA][Iter4] Gen:1 Ind:1 RMSE(val)=864.822595
[GA][Iter4] Gen:1 Ind:2 RMSE(val)=823.741838
[GA][Iter4] Gen:1 Ind:3 RMSE(val)=774.143593
[GA][Iter4] Gen:1 Ind:4 RMSE(val)=774.109505
[GA][Iter4] Gen:1 Ind:5 RMSE(val)=969.993319
[GA][Iter4] Gen:1 Ind:6 RMSE(val)=799.805997
[GA][Iter4] Gen:1 Ind:7 RMSE(val)=787.935593
[GA][Iter4] Gen:1 Ind:8 RMSE(val)=793.141815
[GA][Iter4] Gen:1 Ind:9 RMSE(val)=790.316708
[GA][Iter4] Gen:1 Ind:10 RMSE(val)=765.884485
[GA][Iter4] Gen:1 Ind:11 RMSE(val)=769.481170
[GA][Iter4] Gen:1 Ind:12 RMSE(val)=776.275808
[GA][Iter4] Gen:1 Ind:13 RMSE(val)=796.927321
[GA][Iter4] Gen:1 Ind:14 RMSE(val)=773.193274
[GA][Iter4] Gen:1 Ind:15 RMSE(val)=759.978847
[GA][Iter4] Gen:1 Ind:16 RMSE(val)=777.609349
[GA][Iter4] Gen:1 Ind:17 RMSE(val)=802.776156
[GA][Iter4] Gen:1 Ind:18 RMSE(val)=764.954694
[GA][Iter4] Gen:1 Ind:19 RMSE(val)=775.063587
[GA][Iter4] Gen:1 Ind:20 RMSE(val)=817.547375
[GA][Iter4] gen=1 best_val_rmse=759.978847
[GA][Iter4] Gen:2 Ind:1 RMSE(val)=759.978847
[GA][Iter4] Gen:2 Ind:2 RMSE(val)=764.954694
[GA][Iter4] Gen:2 Ind:3 RMSE(val)=765.884485
[GA][Iter4] Gen:2 Ind:4 RMSE(val)=769.481170
[GA][Iter4] Gen:2 Ind:5 RMSE(val)=773.193274
[GA][Iter4] Gen:2 Ind:6 RMSE(val)=774.109505
[GA][Iter4] Gen:2 Ind:7 RMSE(val)=774.143593
[GA][Iter4] Gen:2 Ind:8 RMSE(val)=775.063587
[GA][Iter4] Gen:2 Ind:9 RMSE(val)=776.275808
[GA][Iter4] Gen:2 Ind:10 RMSE(val)=777.609349
[GA][Iter4] Gen:2 Ind:11 RMSE(val)=763.098765
[GA][Iter4] Gen:2 Ind:12 RMSE(val)=769.852654
[GA][Iter4] Gen:2 Ind:13 RMSE(val)=949.831061
[GA][Iter4] Gen:2 Ind:14 RMSE(val)=767.352554
[GA][Iter4] Gen:2 Ind:15 RMSE(val)=774.808860
[GA][Iter4] Gen:2 Ind:16 RMSE(val)=858.973431
[GA][Iter4] Gen:2 Ind:17 RMSE(val)=947.599377
[GA][Iter4] Gen:2 Ind:18 RMSE(val)=770.846220
[GA][Iter4] Gen:2 Ind:19 RMSE(val)=835.978512
[GA][Iter4] Gen:2 Ind:20 RMSE(val)=761.827596
[GA][Iter4] gen=2 best_val_rmse=759.978847
[GA][Iter4] Gen:3 Ind:1 RMSE(val)=759.978847
[GA][Iter4] Gen:3 Ind:2 RMSE(val)=761.827596
[GA][Iter4] Gen:3 Ind:3 RMSE(val)=763.098765
[GA][Iter4] Gen:3 Ind:4 RMSE(val)=764.954694
[GA][Iter4] Gen:3 Ind:5 RMSE(val)=765.884485
[GA][Iter4] Gen:3 Ind:6 RMSE(val)=767.352554
[GA][Iter4] Gen:3 Ind:7 RMSE(val)=769.481170
[GA][Iter4] Gen:3 Ind:8 RMSE(val)=769.852654
[GA][Iter4] Gen:3 Ind:9 RMSE(val)=770.846220
[GA][Iter4] Gen:3 Ind:10 RMSE(val)=773.193274
[GA][Iter4] Gen:3 Ind:11 RMSE(val)=764.918037
[GA][Iter4] Gen:3 Ind:12 RMSE(val)=761.032599
[GA][Iter4] Gen:3 Ind:13 RMSE(val)=765.646325
[GA][Iter4] Gen:3 Ind:14 RMSE(val)=759.978847
[GA][Iter4] Gen:3 Ind:15 RMSE(val)=759.735573
[GA][Iter4] Gen:3 Ind:16 RMSE(val)=761.816299
[GA][Iter4] Gen:3 Ind:17 RMSE(val)=765.739406
[GA][Iter4] Gen:3 Ind:18 RMSE(val)=767.352554
[GA][Iter4] Gen:3 Ind:19 RMSE(val)=770.846220
[GA][Iter4] Gen:3 Ind:20 RMSE(val)=771.720805
[GA][Iter4] gen=3 best_val_rmse=759.735573
[GA][Iter4] Gen:4 Ind:1 RMSE(val)=759.735573
[GA][Iter4] Gen:4 Ind:2 RMSE(val)=759.978847
[GA][Iter4] Gen:4 Ind:3 RMSE(val)=759.978847
[GA][Iter4] Gen:4 Ind:4 RMSE(val)=761.032599
[GA][Iter4] Gen:4 Ind:5 RMSE(val)=761.816299
[GA][Iter4] Gen:4 Ind:6 RMSE(val)=761.827596
[GA][Iter4] Gen:4 Ind:7 RMSE(val)=763.098765
[GA][Iter4] Gen:4 Ind:8 RMSE(val)=764.918037
[GA][Iter4] Gen:4 Ind:9 RMSE(val)=764.954694
[GA][Iter4] Gen:4 Ind:10 RMSE(val)=765.646325
[GA][Iter4] Gen:4 Ind:11 RMSE(val)=768.292618
[GA][Iter4] Gen:4 Ind:12 RMSE(val)=768.136946
[GA][Iter4] Gen:4 Ind:13 RMSE(val)=762.618137
[GA][Iter4] Gen:4 Ind:14 RMSE(val)=759.735573
[GA][Iter4] Gen:4 Ind:15 RMSE(val)=762.126417
[GA][Iter4] Gen:4 Ind:16 RMSE(val)=759.735573
[GA][Iter4] Gen:4 Ind:17 RMSE(val)=762.271153
[GA][Iter4] Gen:4 Ind:18 RMSE(val)=767.695049
[GA][Iter4] Gen:4 Ind:19 RMSE(val)=762.320091
[GA][Iter4] Gen:4 Ind:20 RMSE(val)=761.225873
[GA][Iter4] gen=4 best_val_rmse=759.735573
[GA][Iter4] Gen:5 Ind:1 RMSE(val)=759.735573
[GA][Iter4] Gen:5 Ind:2 RMSE(val)=759.735573
[GA][Iter4] Gen:5 Ind:3 RMSE(val)=759.735573
[GA][Iter4] Gen:5 Ind:4 RMSE(val)=759.978847
[GA][Iter4] Gen:5 Ind:5 RMSE(val)=759.978847
[GA][Iter4] Gen:5 Ind:6 RMSE(val)=761.032599
[GA][Iter4] Gen:5 Ind:7 RMSE(val)=761.225873
[GA][Iter4] Gen:5 Ind:8 RMSE(val)=761.816299
[GA][Iter4] Gen:5 Ind:9 RMSE(val)=761.827596
[GA][Iter4] Gen:5 Ind:10 RMSE(val)=762.126417
[GA][Iter4] Gen:5 Ind:11 RMSE(val)=760.404398
[GA][Iter4] Gen:5 Ind:12 RMSE(val)=759.735573
[GA][Iter4] Gen:5 Ind:13 RMSE(val)=768.292618
[GA][Iter4] Gen:5 Ind:14 RMSE(val)=761.827596
[GA][Iter4] Gen:5 Ind:15 RMSE(val)=762.320091
[GA][Iter4] Gen:5 Ind:16 RMSE(val)=761.225873
[GA][Iter4] Gen:5 Ind:17 RMSE(val)=762.427950
[GA][Iter4] Gen:5 Ind:18 RMSE(val)=762.126417
[GA][Iter4] Gen:5 Ind:19 RMSE(val)=761.827596
[GA][Iter4] Gen:5 Ind:20 RMSE(val)=761.827596
[GA][Iter4] gen=5 best_val_rmse=759.735573
[GA][Iter4] Gen:6 Ind:1 RMSE(val)=759.735573
[GA][Iter4] Gen:6 Ind:2 RMSE(val)=759.735573
[GA][Iter4] Gen:6 Ind:3 RMSE(val)=759.735573
[GA][Iter4] Gen:6 Ind:4 RMSE(val)=759.735573
[GA][Iter4] Gen:6 Ind:5 RMSE(val)=759.978847
[GA][Iter4] Gen:6 Ind:6 RMSE(val)=759.978847
[GA][Iter4] Gen:6 Ind:7 RMSE(val)=760.404398
[GA][Iter4] Gen:6 Ind:8 RMSE(val)=761.032599
[GA][Iter4] Gen:6 Ind:9 RMSE(val)=761.225873
[GA][Iter4] Gen:6 Ind:10 RMSE(val)=761.225873
[GA][Iter4] Gen:6 Ind:11 RMSE(val)=763.311113
[GA][Iter4] Gen:6 Ind:12 RMSE(val)=759.978847
[GA][Iter4] Gen:6 Ind:13 RMSE(val)=759.978847
[GA][Iter4] Gen:6 Ind:14 RMSE(val)=762.320091
[GA][Iter4] Gen:6 Ind:15 RMSE(val)=761.225873
[GA][Iter4] Gen:6 Ind:16 RMSE(val)=759.735573
[GA][Iter4] Gen:6 Ind:17 RMSE(val)=759.735573
[GA][Iter4] Gen:6 Ind:18 RMSE(val)=761.672099
[GA][Iter4] Gen:6 Ind:19 RMSE(val)=761.032599
[GA][Iter4] Gen:6 Ind:20 RMSE(val)=951.957680
[GA][Iter4] gen=6 best_val_rmse=759.735573
[GA][Iter4] Gen:7 Ind:1 RMSE(val)=759.735573
[GA][Iter4] Gen:7 Ind:2 RMSE(val)=759.735573
[GA][Iter4] Gen:7 Ind:3 RMSE(val)=759.735573
[GA][Iter4] Gen:7 Ind:4 RMSE(val)=759.735573
[GA][Iter4] Gen:7 Ind:5 RMSE(val)=759.735573
[GA][Iter4] Gen:7 Ind:6 RMSE(val)=759.735573
[GA][Iter4] Gen:7 Ind:7 RMSE(val)=759.978847
[GA][Iter4] Gen:7 Ind:8 RMSE(val)=759.978847
[GA][Iter4] Gen:7 Ind:9 RMSE(val)=759.978847
[GA][Iter4] Gen:7 Ind:10 RMSE(val)=759.978847
[GA][Iter4] Gen:7 Ind:11 RMSE(val)=774.586706
[GA][Iter4] Gen:7 Ind:12 RMSE(val)=759.735573
[GA][Iter4] Gen:7 Ind:13 RMSE(val)=759.735573
[GA][Iter4] Gen:7 Ind:14 RMSE(val)=759.978847
[GA][Iter4] Gen:7 Ind:15 RMSE(val)=759.735573
[GA][Iter4] Gen:7 Ind:16 RMSE(val)=759.978847
[GA][Iter4] Gen:7 Ind:17 RMSE(val)=759.978847
[GA][Iter4] Gen:7 Ind:18 RMSE(val)=765.845750
[GA][Iter4] Gen:7 Ind:19 RMSE(val)=759.735573
[GA][Iter4] Gen:7 Ind:20 RMSE(val)=759.735573
[GA][Iter4] gen=7 best_val_rmse=759.735573
[GA][Iter4] Gen:8 Ind:1 RMSE(val)=759.735573
[GA][Iter4] Gen:8 Ind:2 RMSE(val)=759.735573
[GA][Iter4] Gen:8 Ind:3 RMSE(val)=759.735573
[GA][Iter4] Gen:8 Ind:4 RMSE(val)=759.735573
[GA][Iter4] Gen:8 Ind:5 RMSE(val)=759.735573
[GA][Iter4] Gen:8 Ind:6 RMSE(val)=759.735573
[GA][Iter4] Gen:8 Ind:7 RMSE(val)=759.735573
[GA][Iter4] Gen:8 Ind:8 RMSE(val)=759.735573
[GA][Iter4] Gen:8 Ind:9 RMSE(val)=759.735573
[GA][Iter4] Gen:8 Ind:10 RMSE(val)=759.735573
[GA][Iter4] Gen:8 Ind:11 RMSE(val)=762.320091
[GA][Iter4] Gen:8 Ind:12 RMSE(val)=759.735573
[GA][Iter4] Gen:8 Ind:13 RMSE(val)=759.735573
[GA][Iter4] Gen:8 Ind:14 RMSE(val)=759.591632
[GA][Iter4] Gen:8 Ind:15 RMSE(val)=759.735573
[GA][Iter4] Gen:8 Ind:16 RMSE(val)=762.550766
[GA][Iter4] Gen:8 Ind:17 RMSE(val)=759.735573
[GA][Iter4] Gen:8 Ind:18 RMSE(val)=772.777326
[GA][Iter4] Gen:8 Ind:19 RMSE(val)=759.735573
[GA][Iter4] Gen:8 Ind:20 RMSE(val)=759.735573
[GA][Iter4] gen=8 best_val_rmse=759.591632
[GA][Iter4] Gen:9 Ind:1 RMSE(val)=759.591632
[GA][Iter4] Gen:9 Ind:2 RMSE(val)=759.735573
[GA][Iter4] Gen:9 Ind:3 RMSE(val)=759.735573
[GA][Iter4] Gen:9 Ind:4 RMSE(val)=759.735573
[GA][Iter4] Gen:9 Ind:5 RMSE(val)=759.735573
[GA][Iter4] Gen:9 Ind:6 RMSE(val)=759.735573
[GA][Iter4] Gen:9 Ind:7 RMSE(val)=759.735573
[GA][Iter4] Gen:9 Ind:8 RMSE(val)=759.735573
[GA][Iter4] Gen:9 Ind:9 RMSE(val)=759.735573
[GA][Iter4] Gen:9 Ind:10 RMSE(val)=759.735573
[GA][Iter4] Gen:9 Ind:11 RMSE(val)=759.735573
[GA][Iter4] Gen:9 Ind:12 RMSE(val)=761.706404
[GA][Iter4] Gen:9 Ind:13 RMSE(val)=759.809762
[GA][Iter4] Gen:9 Ind:14 RMSE(val)=759.735573
[GA][Iter4] Gen:9 Ind:15 RMSE(val)=951.957680
[GA][Iter4] Gen:9 Ind:16 RMSE(val)=763.038494
[GA][Iter4] Gen:9 Ind:17 RMSE(val)=772.777326
[GA][Iter4] Gen:9 Ind:18 RMSE(val)=759.735573
[GA][Iter4] Gen:9 Ind:19 RMSE(val)=762.320091
[GA][Iter4] Gen:9 Ind:20 RMSE(val)=759.735573
[GA][Iter4] gen=9 best_val_rmse=759.591632
[GA][Iter4] Gen:10 Ind:1 RMSE(val)=759.591632
[GA][Iter4] Gen:10 Ind:2 RMSE(val)=759.735573
[GA][Iter4] Gen:10 Ind:3 RMSE(val)=759.735573
[GA][Iter4] Gen:10 Ind:4 RMSE(val)=759.735573
[GA][Iter4] Gen:10 Ind:5 RMSE(val)=759.735573
[GA][Iter4] Gen:10 Ind:6 RMSE(val)=759.735573
[GA][Iter4] Gen:10 Ind:7 RMSE(val)=759.735573
[GA][Iter4] Gen:10 Ind:8 RMSE(val)=759.735573
[GA][Iter4] Gen:10 Ind:9 RMSE(val)=759.735573
[GA][Iter4] Gen:10 Ind:10 RMSE(val)=759.735573
[GA][Iter4] Gen:10 Ind:11 RMSE(val)=759.735573
[GA][Iter4] Gen:10 Ind:12 RMSE(val)=759.591632
[GA][Iter4] Gen:10 Ind:13 RMSE(val)=759.735573
[GA][Iter4] Gen:10 Ind:14 RMSE(val)=759.735573
[GA][Iter4] Gen:10 Ind:15 RMSE(val)=759.735573
[GA][Iter4] Gen:10 Ind:16 RMSE(val)=767.863370
[GA][Iter4] Gen:10 Ind:17 RMSE(val)=759.735573
[GA][Iter4] Gen:10 Ind:18 RMSE(val)=759.735573
[GA][Iter4] Gen:10 Ind:19 RMSE(val)=759.735573
[GA][Iter4] Gen:10 Ind:20 RMSE(val)=759.735573
[GA][Iter4] gen=10 best_val_rmse=759.591632
[GA][Iter4] Gen:11 Ind:1 RMSE(val)=759.591632
[GA][Iter4] Gen:11 Ind:2 RMSE(val)=759.591632
[GA][Iter4] Gen:11 Ind:3 RMSE(val)=759.735573
[GA][Iter4] Gen:11 Ind:4 RMSE(val)=759.735573
[GA][Iter4] Gen:11 Ind:5 RMSE(val)=759.735573
[GA][Iter4] Gen:11 Ind:6 RMSE(val)=759.735573
[GA][Iter4] Gen:11 Ind:7 RMSE(val)=759.735573
[GA][Iter4] Gen:11 Ind:8 RMSE(val)=759.735573
[GA][Iter4] Gen:11 Ind:9 RMSE(val)=759.735573
[GA][Iter4] Gen:11 Ind:10 RMSE(val)=759.735573
[GA][Iter4] Gen:11 Ind:11 RMSE(val)=759.735573
[GA][Iter4] Gen:11 Ind:12 RMSE(val)=759.735573
[GA][Iter4] Gen:11 Ind:13 RMSE(val)=759.735573
[GA][Iter4] Gen:11 Ind:14 RMSE(val)=759.735573
[GA][Iter4] Gen:11 Ind:15 RMSE(val)=760.325317
[GA][Iter4] Gen:11 Ind:16 RMSE(val)=759.735573
[GA][Iter4] Gen:11 Ind:17 RMSE(val)=759.735573
[GA][Iter4] Gen:11 Ind:18 RMSE(val)=759.735573
[GA][Iter4] Gen:11 Ind:19 RMSE(val)=759.591632
[GA][Iter4] Gen:11 Ind:20 RMSE(val)=795.858066
[GA][Iter4] gen=11 best_val_rmse=759.591632
[GA][Iter4] Gen:12 Ind:1 RMSE(val)=759.591632
[GA][Iter4] Gen:12 Ind:2 RMSE(val)=759.591632
[GA][Iter4] Gen:12 Ind:3 RMSE(val)=759.591632
[GA][Iter4] Gen:12 Ind:4 RMSE(val)=759.735573
[GA][Iter4] Gen:12 Ind:5 RMSE(val)=759.735573
[GA][Iter4] Gen:12 Ind:6 RMSE(val)=759.735573
[GA][Iter4] Gen:12 Ind:7 RMSE(val)=759.735573
[GA][Iter4] Gen:12 Ind:8 RMSE(val)=759.735573
[GA][Iter4] Gen:12 Ind:9 RMSE(val)=759.735573
[GA][Iter4] Gen:12 Ind:10 RMSE(val)=759.735573
[GA][Iter4] Gen:12 Ind:11 RMSE(val)=759.591632
[GA][Iter4] Gen:12 Ind:12 RMSE(val)=762.116653
[GA][Iter4] Gen:12 Ind:13 RMSE(val)=759.591632
[GA][Iter4] Gen:12 Ind:14 RMSE(val)=759.735573
[GA][Iter4] Gen:12 Ind:15 RMSE(val)=759.591632
[GA][Iter4] Gen:12 Ind:16 RMSE(val)=759.735573
[GA][Iter4] Gen:12 Ind:17 RMSE(val)=762.550766
[GA][Iter4] Gen:12 Ind:18 RMSE(val)=759.591632
[GA][Iter4] Gen:12 Ind:19 RMSE(val)=759.591632
[GA][Iter4] Gen:12 Ind:20 RMSE(val)=759.864841
[GA][Iter4] gen=12 best_val_rmse=759.591632
[GA][Iter4] Gen:13 Ind:1 RMSE(val)=759.591632
[GA][Iter4] Gen:13 Ind:2 RMSE(val)=759.591632
[GA][Iter4] Gen:13 Ind:3 RMSE(val)=759.591632
[GA][Iter4] Gen:13 Ind:4 RMSE(val)=759.591632
[GA][Iter4] Gen:13 Ind:5 RMSE(val)=759.591632
[GA][Iter4] Gen:13 Ind:6 RMSE(val)=759.591632
[GA][Iter4] Gen:13 Ind:7 RMSE(val)=759.591632
[GA][Iter4] Gen:13 Ind:8 RMSE(val)=759.591632
[GA][Iter4] Gen:13 Ind:9 RMSE(val)=759.735573
[GA][Iter4] Gen:13 Ind:10 RMSE(val)=759.735573
[GA][Iter4] Gen:13 Ind:11 RMSE(val)=759.735573
[GA][Iter4] Gen:13 Ind:12 RMSE(val)=759.591632
[GA][Iter4] Gen:13 Ind:13 RMSE(val)=759.591632
[GA][Iter4] Gen:13 Ind:14 RMSE(val)=759.591632
[GA][Iter4] Gen:13 Ind:15 RMSE(val)=759.735573
[GA][Iter4] Gen:13 Ind:16 RMSE(val)=762.116653
[GA][Iter4] Gen:13 Ind:17 RMSE(val)=759.591632
[GA][Iter4] Gen:13 Ind:18 RMSE(val)=759.591632
[GA][Iter4] Gen:13 Ind:19 RMSE(val)=759.591632
[GA][Iter4] Gen:13 Ind:20 RMSE(val)=760.335841
[GA][Iter4] gen=13 best_val_rmse=759.591632
[GA][Iter4] Gen:14 Ind:1 RMSE(val)=759.591632
[GA][Iter4] Gen:14 Ind:2 RMSE(val)=759.591632
[GA][Iter4] Gen:14 Ind:3 RMSE(val)=759.591632
[GA][Iter4] Gen:14 Ind:4 RMSE(val)=759.591632
[GA][Iter4] Gen:14 Ind:5 RMSE(val)=759.591632
[GA][Iter4] Gen:14 Ind:6 RMSE(val)=759.591632
[GA][Iter4] Gen:14 Ind:7 RMSE(val)=759.591632
[GA][Iter4] Gen:14 Ind:8 RMSE(val)=759.591632
[GA][Iter4] Gen:14 Ind:9 RMSE(val)=759.591632
[GA][Iter4] Gen:14 Ind:10 RMSE(val)=759.591632
[GA][Iter4] Gen:14 Ind:11 RMSE(val)=759.591632
[GA][Iter4] Gen:14 Ind:12 RMSE(val)=759.591632
[GA][Iter4] Gen:14 Ind:13 RMSE(val)=759.591632
[GA][Iter4] Gen:14 Ind:14 RMSE(val)=759.812139
[GA][Iter4] Gen:14 Ind:15 RMSE(val)=759.591632
[GA][Iter4] Gen:14 Ind:16 RMSE(val)=759.591632
[GA][Iter4] Gen:14 Ind:17 RMSE(val)=759.591632
[GA][Iter4] Gen:14 Ind:18 RMSE(val)=759.591632
[GA][Iter4] Gen:14 Ind:19 RMSE(val)=772.538011
[GA][Iter4] Gen:14 Ind:20 RMSE(val)=759.591632
[GA][Iter4] gen=14 best_val_rmse=759.591632
[GA][Iter4] Gen:15 Ind:1 RMSE(val)=759.591632
[GA][Iter4] Gen:15 Ind:2 RMSE(val)=759.591632
[GA][Iter4] Gen:15 Ind:3 RMSE(val)=759.591632
[GA][Iter4] Gen:15 Ind:4 RMSE(val)=759.591632
[GA][Iter4] Gen:15 Ind:5 RMSE(val)=759.591632
[GA][Iter4] Gen:15 Ind:6 RMSE(val)=759.591632
[GA][Iter4] Gen:15 Ind:7 RMSE(val)=759.591632
[GA][Iter4] Gen:15 Ind:8 RMSE(val)=759.591632
[GA][Iter4] Gen:15 Ind:9 RMSE(val)=759.591632
[GA][Iter4] Gen:15 Ind:10 RMSE(val)=759.591632
[GA][Iter4] Gen:15 Ind:11 RMSE(val)=759.591632
[GA][Iter4] Gen:15 Ind:12 RMSE(val)=759.591632
[GA][Iter4] Gen:15 Ind:13 RMSE(val)=760.209151
[GA][Iter4] Gen:15 Ind:14 RMSE(val)=762.116653
[GA][Iter4] Gen:15 Ind:15 RMSE(val)=759.591632
[GA][Iter4] Gen:15 Ind:16 RMSE(val)=759.591632
[GA][Iter4] Gen:15 Ind:17 RMSE(val)=759.591632
[GA][Iter4] Gen:15 Ind:18 RMSE(val)=759.591632
[GA][Iter4] Gen:15 Ind:19 RMSE(val)=766.563339
[GA][Iter4] Gen:15 Ind:20 RMSE(val)=759.591632
[GA][Iter4] gen=15 best_val_rmse=759.591632
[GA][Iter4] Gen:15 Ind:1 RMSE(val)=759.591632
[GA][Iter4] Gen:15 Ind:2 RMSE(val)=759.591632
[GA][Iter4] Gen:15 Ind:3 RMSE(val)=759.591632
[GA][Iter4] Gen:15 Ind:4 RMSE(val)=759.591632
[GA][Iter4] Gen:15 Ind:5 RMSE(val)=759.591632
[GA][Iter4] Gen:15 Ind:6 RMSE(val)=759.591632
[GA][Iter4] Gen:15 Ind:7 RMSE(val)=759.591632
[GA][Iter4] Gen:15 Ind:8 RMSE(val)=759.591632
[GA][Iter4] Gen:15 Ind:9 RMSE(val)=759.591632
[GA][Iter4] Gen:15 Ind:10 RMSE(val)=759.591632
[GA][Iter4] Gen:15 Ind:11 RMSE(val)=759.591632
[GA][Iter4] Gen:15 Ind:12 RMSE(val)=759.591632
[GA][Iter4] Gen:15 Ind:13 RMSE(val)=759.591632
[GA][Iter4] Gen:15 Ind:14 RMSE(val)=759.591632
[GA][Iter4] Gen:15 Ind:15 RMSE(val)=762.116653
[GA][Iter4] Gen:15 Ind:16 RMSE(val)=759.591632
[GA][Iter4] Gen:15 Ind:17 RMSE(val)=759.591632
[GA][Iter4] Gen:15 Ind:18 RMSE(val)=762.557350
[GA][Iter4] Gen:15 Ind:19 RMSE(val)=759.781365
[GA][Iter4] Gen:15 Ind:20 RMSE(val)=759.591632

[GA DONE][Iter4] Best params on val fold of Iter4
Best val RMSE: 759.591632
Best params: {'n_estimators': 855, 'max_depth': None, 'min_samples_split': 10, 'min_samples_leaf': 2, 'max_features': 'sqrt', 'bootstrap': False}
--------------------------------------------------------------------------------
[RETUNE GA] Iter4: train folds 1..8 -> test fold 9  RMSE=605.462533  NRMSE=0.578743  CVRMSE=0.304208  R2=0.663581
[GA][Iter5] Gen:1 Ind:1 RMSE(val)=775.714055
[GA][Iter5] Gen:1 Ind:2 RMSE(val)=694.927243
[GA][Iter5] Gen:1 Ind:3 RMSE(val)=564.417064
[GA][Iter5] Gen:1 Ind:4 RMSE(val)=626.994549
[GA][Iter5] Gen:1 Ind:5 RMSE(val)=807.729858
[GA][Iter5] Gen:1 Ind:6 RMSE(val)=663.193255
[GA][Iter5] Gen:1 Ind:7 RMSE(val)=658.010893
[GA][Iter5] Gen:1 Ind:8 RMSE(val)=659.827020
[GA][Iter5] Gen:1 Ind:9 RMSE(val)=650.944790
[GA][Iter5] Gen:1 Ind:10 RMSE(val)=620.425339
[GA][Iter5] Gen:1 Ind:11 RMSE(val)=615.946954
[GA][Iter5] Gen:1 Ind:12 RMSE(val)=574.408082
[GA][Iter5] Gen:1 Ind:13 RMSE(val)=668.801235
[GA][Iter5] Gen:1 Ind:14 RMSE(val)=621.664508
[GA][Iter5] Gen:1 Ind:15 RMSE(val)=606.320794
[GA][Iter5] Gen:1 Ind:16 RMSE(val)=622.203360
[GA][Iter5] Gen:1 Ind:17 RMSE(val)=678.240106
[GA][Iter5] Gen:1 Ind:18 RMSE(val)=613.892770
[GA][Iter5] Gen:1 Ind:19 RMSE(val)=570.676886
[GA][Iter5] Gen:1 Ind:20 RMSE(val)=701.841430
[GA][Iter5] gen=1 best_val_rmse=564.417064
[GA][Iter5] Gen:2 Ind:1 RMSE(val)=564.417064
[GA][Iter5] Gen:2 Ind:2 RMSE(val)=570.676886
[GA][Iter5] Gen:2 Ind:3 RMSE(val)=574.408082
[GA][Iter5] Gen:2 Ind:4 RMSE(val)=606.320794
[GA][Iter5] Gen:2 Ind:5 RMSE(val)=613.892770
[GA][Iter5] Gen:2 Ind:6 RMSE(val)=615.946954
[GA][Iter5] Gen:2 Ind:7 RMSE(val)=620.425339
[GA][Iter5] Gen:2 Ind:8 RMSE(val)=621.664508
[GA][Iter5] Gen:2 Ind:9 RMSE(val)=622.203360
[GA][Iter5] Gen:2 Ind:10 RMSE(val)=626.994549
[GA][Iter5] Gen:2 Ind:11 RMSE(val)=628.151382
[GA][Iter5] Gen:2 Ind:12 RMSE(val)=569.637938
[GA][Iter5] Gen:2 Ind:13 RMSE(val)=619.472887
[GA][Iter5] Gen:2 Ind:14 RMSE(val)=558.600033
[GA][Iter5] Gen:2 Ind:15 RMSE(val)=569.875134
[GA][Iter5] Gen:2 Ind:16 RMSE(val)=606.320794
[GA][Iter5] Gen:2 Ind:17 RMSE(val)=615.810748
[GA][Iter5] Gen:2 Ind:18 RMSE(val)=576.552404
[GA][Iter5] Gen:2 Ind:19 RMSE(val)=626.994549
[GA][Iter5] Gen:2 Ind:20 RMSE(val)=566.710639
[GA][Iter5] gen=2 best_val_rmse=558.600033
[GA][Iter5] Gen:3 Ind:1 RMSE(val)=558.600033
[GA][Iter5] Gen:3 Ind:2 RMSE(val)=564.417064
[GA][Iter5] Gen:3 Ind:3 RMSE(val)=566.710639
[GA][Iter5] Gen:3 Ind:4 RMSE(val)=569.637938
[GA][Iter5] Gen:3 Ind:5 RMSE(val)=569.875134
[GA][Iter5] Gen:3 Ind:6 RMSE(val)=570.676886
[GA][Iter5] Gen:3 Ind:7 RMSE(val)=574.408082
[GA][Iter5] Gen:3 Ind:8 RMSE(val)=576.552404
[GA][Iter5] Gen:3 Ind:9 RMSE(val)=606.320794
[GA][Iter5] Gen:3 Ind:10 RMSE(val)=606.320794
[GA][Iter5] Gen:3 Ind:11 RMSE(val)=569.264090
[GA][Iter5] Gen:3 Ind:12 RMSE(val)=564.156776
[GA][Iter5] Gen:3 Ind:13 RMSE(val)=573.422476
[GA][Iter5] Gen:3 Ind:14 RMSE(val)=722.214976
[GA][Iter5] Gen:3 Ind:15 RMSE(val)=564.417064
[GA][Iter5] Gen:3 Ind:16 RMSE(val)=570.789361
[GA][Iter5] Gen:3 Ind:17 RMSE(val)=571.804752
[GA][Iter5] Gen:3 Ind:18 RMSE(val)=568.870550
[GA][Iter5] Gen:3 Ind:19 RMSE(val)=770.623583
[GA][Iter5] Gen:3 Ind:20 RMSE(val)=842.640165
[GA][Iter5] gen=3 best_val_rmse=558.600033
[GA][Iter5] Gen:4 Ind:1 RMSE(val)=558.600033
[GA][Iter5] Gen:4 Ind:2 RMSE(val)=564.156776
[GA][Iter5] Gen:4 Ind:3 RMSE(val)=564.417064
[GA][Iter5] Gen:4 Ind:4 RMSE(val)=564.417064
[GA][Iter5] Gen:4 Ind:5 RMSE(val)=566.710639
[GA][Iter5] Gen:4 Ind:6 RMSE(val)=568.870550
[GA][Iter5] Gen:4 Ind:7 RMSE(val)=569.264090
[GA][Iter5] Gen:4 Ind:8 RMSE(val)=569.637938
[GA][Iter5] Gen:4 Ind:9 RMSE(val)=569.875134
[GA][Iter5] Gen:4 Ind:10 RMSE(val)=570.676886
[GA][Iter5] Gen:4 Ind:11 RMSE(val)=556.922159
[GA][Iter5] Gen:4 Ind:12 RMSE(val)=569.768580
[GA][Iter5] Gen:4 Ind:13 RMSE(val)=564.194221
[GA][Iter5] Gen:4 Ind:14 RMSE(val)=568.870550
[GA][Iter5] Gen:4 Ind:15 RMSE(val)=571.461645
[GA][Iter5] Gen:4 Ind:16 RMSE(val)=566.710639
[GA][Iter5] Gen:4 Ind:17 RMSE(val)=564.417064
[GA][Iter5] Gen:4 Ind:18 RMSE(val)=569.123098
[GA][Iter5] Gen:4 Ind:19 RMSE(val)=566.205139
[GA][Iter5] Gen:4 Ind:20 RMSE(val)=564.129491
[GA][Iter5] gen=4 best_val_rmse=556.922159
[GA][Iter5] Gen:5 Ind:1 RMSE(val)=556.922159
[GA][Iter5] Gen:5 Ind:2 RMSE(val)=558.600033
[GA][Iter5] Gen:5 Ind:3 RMSE(val)=564.129491
[GA][Iter5] Gen:5 Ind:4 RMSE(val)=564.156776
[GA][Iter5] Gen:5 Ind:5 RMSE(val)=564.194221
[GA][Iter5] Gen:5 Ind:6 RMSE(val)=564.417064
[GA][Iter5] Gen:5 Ind:7 RMSE(val)=564.417064
[GA][Iter5] Gen:5 Ind:8 RMSE(val)=564.417064
[GA][Iter5] Gen:5 Ind:9 RMSE(val)=566.205139
[GA][Iter5] Gen:5 Ind:10 RMSE(val)=566.710639
[GA][Iter5] Gen:5 Ind:11 RMSE(val)=564.194221
[GA][Iter5] Gen:5 Ind:12 RMSE(val)=564.216201
[GA][Iter5] Gen:5 Ind:13 RMSE(val)=559.295465
[GA][Iter5] Gen:5 Ind:14 RMSE(val)=564.168926
[GA][Iter5] Gen:5 Ind:15 RMSE(val)=579.078736
[GA][Iter5] Gen:5 Ind:16 RMSE(val)=564.417064
[GA][Iter5] Gen:5 Ind:17 RMSE(val)=558.747583
[GA][Iter5] Gen:5 Ind:18 RMSE(val)=566.710639
[GA][Iter5] Gen:5 Ind:19 RMSE(val)=565.165628
[GA][Iter5] Gen:5 Ind:20 RMSE(val)=566.205139
[GA][Iter5] gen=5 best_val_rmse=556.922159
[GA][Iter5] Gen:6 Ind:1 RMSE(val)=556.922159
[GA][Iter5] Gen:6 Ind:2 RMSE(val)=558.600033
[GA][Iter5] Gen:6 Ind:3 RMSE(val)=558.747583
[GA][Iter5] Gen:6 Ind:4 RMSE(val)=559.295465
[GA][Iter5] Gen:6 Ind:5 RMSE(val)=564.129491
[GA][Iter5] Gen:6 Ind:6 RMSE(val)=564.156776
[GA][Iter5] Gen:6 Ind:7 RMSE(val)=564.168926
[GA][Iter5] Gen:6 Ind:8 RMSE(val)=564.194221
[GA][Iter5] Gen:6 Ind:9 RMSE(val)=564.194221
[GA][Iter5] Gen:6 Ind:10 RMSE(val)=564.216201
[GA][Iter5] Gen:6 Ind:11 RMSE(val)=558.600033
[GA][Iter5] Gen:6 Ind:12 RMSE(val)=559.764441
[GA][Iter5] Gen:6 Ind:13 RMSE(val)=564.129491
[GA][Iter5] Gen:6 Ind:14 RMSE(val)=561.317185
[GA][Iter5] Gen:6 Ind:15 RMSE(val)=564.216201
[GA][Iter5] Gen:6 Ind:16 RMSE(val)=564.165806
[GA][Iter5] Gen:6 Ind:17 RMSE(val)=556.252052
[GA][Iter5] Gen:6 Ind:18 RMSE(val)=556.922159
[GA][Iter5] Gen:6 Ind:19 RMSE(val)=564.194221
[GA][Iter5] Gen:6 Ind:20 RMSE(val)=558.600033
[GA][Iter5] gen=6 best_val_rmse=556.252052
[GA][Iter5] Gen:7 Ind:1 RMSE(val)=556.252052
[GA][Iter5] Gen:7 Ind:2 RMSE(val)=556.922159
[GA][Iter5] Gen:7 Ind:3 RMSE(val)=556.922159
[GA][Iter5] Gen:7 Ind:4 RMSE(val)=558.600033
[GA][Iter5] Gen:7 Ind:5 RMSE(val)=558.600033
[GA][Iter5] Gen:7 Ind:6 RMSE(val)=558.600033
[GA][Iter5] Gen:7 Ind:7 RMSE(val)=558.747583
[GA][Iter5] Gen:7 Ind:8 RMSE(val)=559.295465
[GA][Iter5] Gen:7 Ind:9 RMSE(val)=559.764441
[GA][Iter5] Gen:7 Ind:10 RMSE(val)=561.317185
[GA][Iter5] Gen:7 Ind:11 RMSE(val)=700.827832
[GA][Iter5] Gen:7 Ind:12 RMSE(val)=556.921407
[GA][Iter5] Gen:7 Ind:13 RMSE(val)=559.668252
[GA][Iter5] Gen:7 Ind:14 RMSE(val)=558.747583
[GA][Iter5] Gen:7 Ind:15 RMSE(val)=558.600033
[GA][Iter5] Gen:7 Ind:16 RMSE(val)=563.305241
[GA][Iter5] Gen:7 Ind:17 RMSE(val)=561.317185
[GA][Iter5] Gen:7 Ind:18 RMSE(val)=556.177697
[GA][Iter5] Gen:7 Ind:19 RMSE(val)=556.079138
[GA][Iter5] Gen:7 Ind:20 RMSE(val)=558.600033
[GA][Iter5] gen=7 best_val_rmse=556.079138
[GA][Iter5] Gen:8 Ind:1 RMSE(val)=556.079138
[GA][Iter5] Gen:8 Ind:2 RMSE(val)=556.177697
[GA][Iter5] Gen:8 Ind:3 RMSE(val)=556.252052
[GA][Iter5] Gen:8 Ind:4 RMSE(val)=556.921407
[GA][Iter5] Gen:8 Ind:5 RMSE(val)=556.922159
[GA][Iter5] Gen:8 Ind:6 RMSE(val)=556.922159
[GA][Iter5] Gen:8 Ind:7 RMSE(val)=558.600033
[GA][Iter5] Gen:8 Ind:8 RMSE(val)=558.600033
[GA][Iter5] Gen:8 Ind:9 RMSE(val)=558.600033
[GA][Iter5] Gen:8 Ind:10 RMSE(val)=558.600033
[GA][Iter5] Gen:8 Ind:11 RMSE(val)=559.086098
[GA][Iter5] Gen:8 Ind:12 RMSE(val)=556.252052
[GA][Iter5] Gen:8 Ind:13 RMSE(val)=557.084425
[GA][Iter5] Gen:8 Ind:14 RMSE(val)=555.782349
[GA][Iter5] Gen:8 Ind:15 RMSE(val)=558.600033
[GA][Iter5] Gen:8 Ind:16 RMSE(val)=556.721950
[GA][Iter5] Gen:8 Ind:17 RMSE(val)=558.600033
[GA][Iter5] Gen:8 Ind:18 RMSE(val)=704.832497
[GA][Iter5] Gen:8 Ind:19 RMSE(val)=556.079138
[GA][Iter5] Gen:8 Ind:20 RMSE(val)=558.600033
[GA][Iter5] gen=8 best_val_rmse=555.782349
[GA][Iter5] Gen:9 Ind:1 RMSE(val)=555.782349
[GA][Iter5] Gen:9 Ind:2 RMSE(val)=556.079138
[GA][Iter5] Gen:9 Ind:3 RMSE(val)=556.079138
[GA][Iter5] Gen:9 Ind:4 RMSE(val)=556.177697
[GA][Iter5] Gen:9 Ind:5 RMSE(val)=556.252052
[GA][Iter5] Gen:9 Ind:6 RMSE(val)=556.252052
[GA][Iter5] Gen:9 Ind:7 RMSE(val)=556.721950
[GA][Iter5] Gen:9 Ind:8 RMSE(val)=556.921407
[GA][Iter5] Gen:9 Ind:9 RMSE(val)=556.922159
[GA][Iter5] Gen:9 Ind:10 RMSE(val)=556.922159
[GA][Iter5] Gen:9 Ind:11 RMSE(val)=556.721950
[GA][Iter5] Gen:9 Ind:12 RMSE(val)=555.581673
[GA][Iter5] Gen:9 Ind:13 RMSE(val)=556.867282
[GA][Iter5] Gen:9 Ind:14 RMSE(val)=556.722424
[GA][Iter5] Gen:9 Ind:15 RMSE(val)=557.084425
[GA][Iter5] Gen:9 Ind:16 RMSE(val)=556.079138
[GA][Iter5] Gen:9 Ind:17 RMSE(val)=704.832497
[GA][Iter5] Gen:9 Ind:18 RMSE(val)=556.076759
[GA][Iter5] Gen:9 Ind:19 RMSE(val)=557.071178
[GA][Iter5] Gen:9 Ind:20 RMSE(val)=556.721950
[GA][Iter5] gen=9 best_val_rmse=555.581673
[GA][Iter5] Gen:10 Ind:1 RMSE(val)=555.581673
[GA][Iter5] Gen:10 Ind:2 RMSE(val)=555.782349
[GA][Iter5] Gen:10 Ind:3 RMSE(val)=556.076759
[GA][Iter5] Gen:10 Ind:4 RMSE(val)=556.079138
[GA][Iter5] Gen:10 Ind:5 RMSE(val)=556.079138
[GA][Iter5] Gen:10 Ind:6 RMSE(val)=556.079138
[GA][Iter5] Gen:10 Ind:7 RMSE(val)=556.177697
[GA][Iter5] Gen:10 Ind:8 RMSE(val)=556.252052
[GA][Iter5] Gen:10 Ind:9 RMSE(val)=556.252052
[GA][Iter5] Gen:10 Ind:10 RMSE(val)=556.721950
[GA][Iter5] Gen:10 Ind:11 RMSE(val)=556.257674
[GA][Iter5] Gen:10 Ind:12 RMSE(val)=555.581673
[GA][Iter5] Gen:10 Ind:13 RMSE(val)=555.782349
[GA][Iter5] Gen:10 Ind:14 RMSE(val)=556.076759
[GA][Iter5] Gen:10 Ind:15 RMSE(val)=656.069277
[GA][Iter5] Gen:10 Ind:16 RMSE(val)=556.076759
[GA][Iter5] Gen:10 Ind:17 RMSE(val)=555.581673
[GA][Iter5] Gen:10 Ind:18 RMSE(val)=556.721950
[GA][Iter5] Gen:10 Ind:19 RMSE(val)=556.721950
[GA][Iter5] Gen:10 Ind:20 RMSE(val)=556.079138
[GA][Iter5] gen=10 best_val_rmse=555.581673
[GA][Iter5] Gen:11 Ind:1 RMSE(val)=555.581673
[GA][Iter5] Gen:11 Ind:2 RMSE(val)=555.581673
[GA][Iter5] Gen:11 Ind:3 RMSE(val)=555.581673
[GA][Iter5] Gen:11 Ind:4 RMSE(val)=555.782349
[GA][Iter5] Gen:11 Ind:5 RMSE(val)=555.782349
[GA][Iter5] Gen:11 Ind:6 RMSE(val)=556.076759
[GA][Iter5] Gen:11 Ind:7 RMSE(val)=556.076759
[GA][Iter5] Gen:11 Ind:8 RMSE(val)=556.076759
[GA][Iter5] Gen:11 Ind:9 RMSE(val)=556.079138
[GA][Iter5] Gen:11 Ind:10 RMSE(val)=556.079138
[GA][Iter5] Gen:11 Ind:11 RMSE(val)=555.581673
[GA][Iter5] Gen:11 Ind:12 RMSE(val)=555.776884
[GA][Iter5] Gen:11 Ind:13 RMSE(val)=556.079138
[GA][Iter5] Gen:11 Ind:14 RMSE(val)=556.076759
[GA][Iter5] Gen:11 Ind:15 RMSE(val)=557.107381
[GA][Iter5] Gen:11 Ind:16 RMSE(val)=556.079138
[GA][Iter5] Gen:11 Ind:17 RMSE(val)=555.581673
[GA][Iter5] Gen:11 Ind:18 RMSE(val)=555.581673
[GA][Iter5] Gen:11 Ind:19 RMSE(val)=555.579410
[GA][Iter5] Gen:11 Ind:20 RMSE(val)=556.142207
[GA][Iter5] gen=11 best_val_rmse=555.579410
[GA][Iter5] Gen:12 Ind:1 RMSE(val)=555.579410
[GA][Iter5] Gen:12 Ind:2 RMSE(val)=555.581673
[GA][Iter5] Gen:12 Ind:3 RMSE(val)=555.581673
[GA][Iter5] Gen:12 Ind:4 RMSE(val)=555.581673
[GA][Iter5] Gen:12 Ind:5 RMSE(val)=555.581673
[GA][Iter5] Gen:12 Ind:6 RMSE(val)=555.581673
[GA][Iter5] Gen:12 Ind:7 RMSE(val)=555.581673
[GA][Iter5] Gen:12 Ind:8 RMSE(val)=555.776884
[GA][Iter5] Gen:12 Ind:9 RMSE(val)=555.782349
[GA][Iter5] Gen:12 Ind:10 RMSE(val)=555.782349
[GA][Iter5] Gen:12 Ind:11 RMSE(val)=555.581673
[GA][Iter5] Gen:12 Ind:12 RMSE(val)=555.782349
[GA][Iter5] Gen:12 Ind:13 RMSE(val)=555.581673
[GA][Iter5] Gen:12 Ind:14 RMSE(val)=555.782349
[GA][Iter5] Gen:12 Ind:15 RMSE(val)=555.776884
[GA][Iter5] Gen:12 Ind:16 RMSE(val)=555.782349
[GA][Iter5] Gen:12 Ind:17 RMSE(val)=555.581673
[GA][Iter5] Gen:12 Ind:18 RMSE(val)=555.581673
[GA][Iter5] Gen:12 Ind:19 RMSE(val)=555.782349
[GA][Iter5] Gen:12 Ind:20 RMSE(val)=556.266098
[GA][Iter5] gen=12 best_val_rmse=555.579410
[GA][Iter5] Gen:13 Ind:1 RMSE(val)=555.579410
[GA][Iter5] Gen:13 Ind:2 RMSE(val)=555.581673
[GA][Iter5] Gen:13 Ind:3 RMSE(val)=555.581673
[GA][Iter5] Gen:13 Ind:4 RMSE(val)=555.581673
[GA][Iter5] Gen:13 Ind:5 RMSE(val)=555.581673
[GA][Iter5] Gen:13 Ind:6 RMSE(val)=555.581673
[GA][Iter5] Gen:13 Ind:7 RMSE(val)=555.581673
[GA][Iter5] Gen:13 Ind:8 RMSE(val)=555.581673
[GA][Iter5] Gen:13 Ind:9 RMSE(val)=555.581673
[GA][Iter5] Gen:13 Ind:10 RMSE(val)=555.581673
[GA][Iter5] Gen:13 Ind:11 RMSE(val)=555.581673
[GA][Iter5] Gen:13 Ind:12 RMSE(val)=555.579410
[GA][Iter5] Gen:13 Ind:13 RMSE(val)=656.025167
[GA][Iter5] Gen:13 Ind:14 RMSE(val)=555.581673
[GA][Iter5] Gen:13 Ind:15 RMSE(val)=555.581673
[GA][Iter5] Gen:13 Ind:16 RMSE(val)=555.782349
[GA][Iter5] Gen:13 Ind:17 RMSE(val)=555.579410
[GA][Iter5] Gen:13 Ind:18 RMSE(val)=555.581673
[GA][Iter5] Gen:13 Ind:19 RMSE(val)=555.581673
[GA][Iter5] Gen:13 Ind:20 RMSE(val)=557.138542
[GA][Iter5] gen=13 best_val_rmse=555.579410
[GA][Iter5] Gen:14 Ind:1 RMSE(val)=555.579410
[GA][Iter5] Gen:14 Ind:2 RMSE(val)=555.579410
[GA][Iter5] Gen:14 Ind:3 RMSE(val)=555.579410
[GA][Iter5] Gen:14 Ind:4 RMSE(val)=555.581673
[GA][Iter5] Gen:14 Ind:5 RMSE(val)=555.581673
[GA][Iter5] Gen:14 Ind:6 RMSE(val)=555.581673
[GA][Iter5] Gen:14 Ind:7 RMSE(val)=555.581673
[GA][Iter5] Gen:14 Ind:8 RMSE(val)=555.581673
[GA][Iter5] Gen:14 Ind:9 RMSE(val)=555.581673
[GA][Iter5] Gen:14 Ind:10 RMSE(val)=555.581673
[GA][Iter5] Gen:14 Ind:11 RMSE(val)=555.581673
[GA][Iter5] Gen:14 Ind:12 RMSE(val)=555.579410
[GA][Iter5] Gen:14 Ind:13 RMSE(val)=555.581673
[GA][Iter5] Gen:14 Ind:14 RMSE(val)=556.265002
[GA][Iter5] Gen:14 Ind:15 RMSE(val)=555.581673
[GA][Iter5] Gen:14 Ind:16 RMSE(val)=555.581673
[GA][Iter5] Gen:14 Ind:17 RMSE(val)=555.581673
[GA][Iter5] Gen:14 Ind:18 RMSE(val)=555.579410
[GA][Iter5] Gen:14 Ind:19 RMSE(val)=706.876868
[GA][Iter5] Gen:14 Ind:20 RMSE(val)=555.581673
[GA][Iter5] gen=14 best_val_rmse=555.579410
[GA][Iter5] Gen:15 Ind:1 RMSE(val)=555.579410
[GA][Iter5] Gen:15 Ind:2 RMSE(val)=555.579410
[GA][Iter5] Gen:15 Ind:3 RMSE(val)=555.579410
[GA][Iter5] Gen:15 Ind:4 RMSE(val)=555.579410
[GA][Iter5] Gen:15 Ind:5 RMSE(val)=555.579410
[GA][Iter5] Gen:15 Ind:6 RMSE(val)=555.581673
[GA][Iter5] Gen:15 Ind:7 RMSE(val)=555.581673
[GA][Iter5] Gen:15 Ind:8 RMSE(val)=555.581673
[GA][Iter5] Gen:15 Ind:9 RMSE(val)=555.581673
[GA][Iter5] Gen:15 Ind:10 RMSE(val)=555.581673
[GA][Iter5] Gen:15 Ind:11 RMSE(val)=555.579410
[GA][Iter5] Gen:15 Ind:12 RMSE(val)=555.579410
[GA][Iter5] Gen:15 Ind:13 RMSE(val)=556.749837
[GA][Iter5] Gen:15 Ind:14 RMSE(val)=556.683935
[GA][Iter5] Gen:15 Ind:15 RMSE(val)=555.581673
[GA][Iter5] Gen:15 Ind:16 RMSE(val)=555.581673
[GA][Iter5] Gen:15 Ind:17 RMSE(val)=555.581673
[GA][Iter5] Gen:15 Ind:18 RMSE(val)=656.270137
[GA][Iter5] Gen:15 Ind:19 RMSE(val)=557.017311
[GA][Iter5] Gen:15 Ind:20 RMSE(val)=555.581673
[GA][Iter5] gen=15 best_val_rmse=555.579410
[GA][Iter5] Gen:15 Ind:1 RMSE(val)=555.579410
[GA][Iter5] Gen:15 Ind:2 RMSE(val)=555.579410
[GA][Iter5] Gen:15 Ind:3 RMSE(val)=555.579410
[GA][Iter5] Gen:15 Ind:4 RMSE(val)=555.579410
[GA][Iter5] Gen:15 Ind:5 RMSE(val)=555.579410
[GA][Iter5] Gen:15 Ind:6 RMSE(val)=555.579410
[GA][Iter5] Gen:15 Ind:7 RMSE(val)=555.579410
[GA][Iter5] Gen:15 Ind:8 RMSE(val)=555.581673
[GA][Iter5] Gen:15 Ind:9 RMSE(val)=555.581673
[GA][Iter5] Gen:15 Ind:10 RMSE(val)=555.581673
[GA][Iter5] Gen:15 Ind:11 RMSE(val)=555.579410
[GA][Iter5] Gen:15 Ind:12 RMSE(val)=555.579410
[GA][Iter5] Gen:15 Ind:13 RMSE(val)=555.579410
[GA][Iter5] Gen:15 Ind:14 RMSE(val)=555.579410
[GA][Iter5] Gen:15 Ind:15 RMSE(val)=555.776884
[GA][Iter5] Gen:15 Ind:16 RMSE(val)=555.579410
[GA][Iter5] Gen:15 Ind:17 RMSE(val)=555.579410
[GA][Iter5] Gen:15 Ind:18 RMSE(val)=555.581673
[GA][Iter5] Gen:15 Ind:19 RMSE(val)=555.770750
[GA][Iter5] Gen:15 Ind:20 RMSE(val)=555.581673

[GA DONE][Iter5] Best params on val fold of Iter5
Best val RMSE: 555.579410
Best params: {'n_estimators': 395, 'max_depth': None, 'min_samples_split': 15, 'min_samples_leaf': 10, 'max_features': None, 'bootstrap': True}
--------------------------------------------------------------------------------
[RETUNE GA] Iter5: train folds 1..9 -> test fold 10  RMSE=1096.373042  NRMSE=0.802477  CVRMSE=0.475420  R2=0.353193
