=== BASELINE (project=orange, last-7 mean, expanding folds) ===
Iter1: train folds 1..5 -> test fold 6  RMSE=133.9628  NRMSE=1.0457  CVRMSE=0.1625  Rý=-0.0987
Iter2: train folds 1..6 -> test fold 7  RMSE=155.1727  NRMSE=1.0782  CVRMSE=0.1767  Rý=-0.1682
Iter3: train folds 1..7 -> test fold 8  RMSE=207.6010  NRMSE=1.0608  CVRMSE=0.2265  Rý=-0.1307
Iter4: train folds 1..8 -> test fold 9  RMSE=189.1541  NRMSE=1.0683  CVRMSE=0.2003  Rý=-0.1467
Iter5: train folds 1..9 -> test fold 10  RMSE=151.6303  NRMSE=1.0553  CVRMSE=0.1522  Rý=-0.1190
--------------------------------------------------
[FEATURES] initial=121 kept_after_screening=63
['branch', 'workflow_event_trigger', 'issuer_name', 'gh_files_added', 'gh_files_deleted', 'gh_lines_added', 'gh_test_churn', 'gh_doc_files', 'gh_other_files', 'gh_num_pr_comments', 'gh_test_lines_per_kloc', 'workflow_size', 'hour', 'dow', 'month', 'secs_since_prev', 'duration_lag_1', 'window_avg_7', 'window_std_7', 'ft___css_', 'ft___html_', 'ft___js_', 'ft___kt_', 'ft___kt__', 'ft___kts_', 'ft___kts__', 'ft___kt____dup1', 'ft___md___', 'ft___mustache_', 'ft___png__', 'ft___png____dup1', 'ft___png___', 'ft___properties_', 'ft___properties__', 'ft___toml_', 'ft___toml__', 'ft___txt_', 'ft___txt__', 'ft___webp_', 'ft___xml_', 'ft___xml__', 'ft___yml__', 'ft___yml____dup1', 'ft____json_', 'ft____json__', 'ft____kt_', 'ft____kt__', 'ft____kts_', 'ft____kts__', 'ft____kt____dup1', 'ft____md_', 'ft____md__', 'ft____png__', 'ft____properties__', 'ft____toml_', 'ft____toml__', 'ft____ttf_', 'ft____txt_', 'ft____txt__', 'ft____xml_', 'ft____xml__', 'ft____yml__', 'ft___']
--------------------------------------------------------------------------------
[GA][Iter1] Gen:1 Ind:1 RMSE(val)=6181.619644
[GA][Iter1] Gen:1 Ind:2 RMSE(val)=6183.479404
[GA][Iter1] Gen:1 Ind:3 RMSE(val)=6175.028217
[GA][Iter1] Gen:1 Ind:4 RMSE(val)=6181.353954
[GA][Iter1] Gen:1 Ind:5 RMSE(val)=6170.870444
[GA][Iter1] Gen:1 Ind:6 RMSE(val)=6182.276902
[GA][Iter1] Gen:1 Ind:7 RMSE(val)=6182.059530
[GA][Iter1] Gen:1 Ind:8 RMSE(val)=6181.522855
[GA][Iter1] Gen:1 Ind:9 RMSE(val)=6182.354555
[GA][Iter1] Gen:1 Ind:10 RMSE(val)=6180.139955
[GA][Iter1] Gen:1 Ind:11 RMSE(val)=6181.027855
[GA][Iter1] Gen:1 Ind:12 RMSE(val)=6173.200530
[GA][Iter1] Gen:1 Ind:13 RMSE(val)=6181.920108
[GA][Iter1] Gen:1 Ind:14 RMSE(val)=6179.616600
[GA][Iter1] Gen:1 Ind:15 RMSE(val)=6179.106396
[GA][Iter1] Gen:1 Ind:16 RMSE(val)=6180.949200
[GA][Iter1] Gen:1 Ind:17 RMSE(val)=6182.633514
[GA][Iter1] Gen:1 Ind:18 RMSE(val)=6180.342072
[GA][Iter1] Gen:1 Ind:19 RMSE(val)=6175.625475
[GA][Iter1] Gen:1 Ind:20 RMSE(val)=6174.231068
[GA][Iter1] gen=1 best_val_rmse=6170.870444
[GA][Iter1] Gen:2 Ind:1 RMSE(val)=6170.870444
[GA][Iter1] Gen:2 Ind:2 RMSE(val)=6173.200530
[GA][Iter1] Gen:2 Ind:3 RMSE(val)=6174.231068
[GA][Iter1] Gen:2 Ind:4 RMSE(val)=6175.028217
[GA][Iter1] Gen:2 Ind:5 RMSE(val)=6175.625475
[GA][Iter1] Gen:2 Ind:6 RMSE(val)=6179.106396
[GA][Iter1] Gen:2 Ind:7 RMSE(val)=6179.616600
[GA][Iter1] Gen:2 Ind:8 RMSE(val)=6180.139955
[GA][Iter1] Gen:2 Ind:9 RMSE(val)=6180.342072
[GA][Iter1] Gen:2 Ind:10 RMSE(val)=6180.949200
[GA][Iter1] Gen:2 Ind:11 RMSE(val)=6177.881388
[GA][Iter1] Gen:2 Ind:12 RMSE(val)=6173.128868
[GA][Iter1] Gen:2 Ind:13 RMSE(val)=6179.962666
[GA][Iter1] Gen:2 Ind:14 RMSE(val)=6174.568169
[GA][Iter1] Gen:2 Ind:15 RMSE(val)=6173.118431
[GA][Iter1] Gen:2 Ind:16 RMSE(val)=6180.664111
[GA][Iter1] Gen:2 Ind:17 RMSE(val)=6180.892743
[GA][Iter1] Gen:2 Ind:18 RMSE(val)=6178.966387
[GA][Iter1] Gen:2 Ind:19 RMSE(val)=6180.949200
[GA][Iter1] Gen:2 Ind:20 RMSE(val)=6173.819094
[GA][Iter1] gen=2 best_val_rmse=6170.870444
[GA][Iter1] Gen:3 Ind:1 RMSE(val)=6170.870444
[GA][Iter1] Gen:3 Ind:2 RMSE(val)=6173.118431
[GA][Iter1] Gen:3 Ind:3 RMSE(val)=6173.128868
[GA][Iter1] Gen:3 Ind:4 RMSE(val)=6173.200530
[GA][Iter1] Gen:3 Ind:5 RMSE(val)=6173.819094
[GA][Iter1] Gen:3 Ind:6 RMSE(val)=6174.231068
[GA][Iter1] Gen:3 Ind:7 RMSE(val)=6174.568169
[GA][Iter1] Gen:3 Ind:8 RMSE(val)=6175.028217
[GA][Iter1] Gen:3 Ind:9 RMSE(val)=6175.625475
[GA][Iter1] Gen:3 Ind:10 RMSE(val)=6177.881388
[GA][Iter1] Gen:3 Ind:11 RMSE(val)=6173.169705
[GA][Iter1] Gen:3 Ind:12 RMSE(val)=6173.200530
[GA][Iter1] Gen:3 Ind:13 RMSE(val)=6173.918304
[GA][Iter1] Gen:3 Ind:14 RMSE(val)=6175.466412
[GA][Iter1] Gen:3 Ind:15 RMSE(val)=6173.074700
[GA][Iter1] Gen:3 Ind:16 RMSE(val)=6172.318816
[GA][Iter1] Gen:3 Ind:17 RMSE(val)=6176.093686
[GA][Iter1] Gen:3 Ind:18 RMSE(val)=6174.678314
[GA][Iter1] Gen:3 Ind:19 RMSE(val)=6173.997092
[GA][Iter1] Gen:3 Ind:20 RMSE(val)=6173.884434
[GA][Iter1] gen=3 best_val_rmse=6170.870444
[GA][Iter1] Gen:4 Ind:1 RMSE(val)=6170.870444
[GA][Iter1] Gen:4 Ind:2 RMSE(val)=6172.318816
[GA][Iter1] Gen:4 Ind:3 RMSE(val)=6173.074700
[GA][Iter1] Gen:4 Ind:4 RMSE(val)=6173.118431
[GA][Iter1] Gen:4 Ind:5 RMSE(val)=6173.128868
[GA][Iter1] Gen:4 Ind:6 RMSE(val)=6173.169705
[GA][Iter1] Gen:4 Ind:7 RMSE(val)=6173.200530
[GA][Iter1] Gen:4 Ind:8 RMSE(val)=6173.200530
[GA][Iter1] Gen:4 Ind:9 RMSE(val)=6173.819094
[GA][Iter1] Gen:4 Ind:10 RMSE(val)=6173.884434
[GA][Iter1] Gen:4 Ind:11 RMSE(val)=6174.724438
[GA][Iter1] Gen:4 Ind:12 RMSE(val)=6173.997092
[GA][Iter1] Gen:4 Ind:13 RMSE(val)=6173.200530
[GA][Iter1] Gen:4 Ind:14 RMSE(val)=6173.169705
[GA][Iter1] Gen:4 Ind:15 RMSE(val)=6173.119500
[GA][Iter1] Gen:4 Ind:16 RMSE(val)=6173.097404
[GA][Iter1] Gen:4 Ind:17 RMSE(val)=6173.146308
[GA][Iter1] Gen:4 Ind:18 RMSE(val)=6173.935341
[GA][Iter1] Gen:4 Ind:19 RMSE(val)=6170.765314
[GA][Iter1] Gen:4 Ind:20 RMSE(val)=6172.999064
[GA][Iter1] gen=4 best_val_rmse=6170.765314
[GA][Iter1] Gen:5 Ind:1 RMSE(val)=6170.765314
[GA][Iter1] Gen:5 Ind:2 RMSE(val)=6170.870444
[GA][Iter1] Gen:5 Ind:3 RMSE(val)=6172.318816
[GA][Iter1] Gen:5 Ind:4 RMSE(val)=6172.999064
[GA][Iter1] Gen:5 Ind:5 RMSE(val)=6173.074700
[GA][Iter1] Gen:5 Ind:6 RMSE(val)=6173.097404
[GA][Iter1] Gen:5 Ind:7 RMSE(val)=6173.118431
[GA][Iter1] Gen:5 Ind:8 RMSE(val)=6173.119500
[GA][Iter1] Gen:5 Ind:9 RMSE(val)=6173.128868
[GA][Iter1] Gen:5 Ind:10 RMSE(val)=6173.146308
[GA][Iter1] Gen:5 Ind:11 RMSE(val)=6172.991094
[GA][Iter1] Gen:5 Ind:12 RMSE(val)=6173.097404
[GA][Iter1] Gen:5 Ind:13 RMSE(val)=6173.848756
[GA][Iter1] Gen:5 Ind:14 RMSE(val)=6172.991094
[GA][Iter1] Gen:5 Ind:15 RMSE(val)=6172.742055
[GA][Iter1] Gen:5 Ind:16 RMSE(val)=6173.118431
[GA][Iter1] Gen:5 Ind:17 RMSE(val)=6173.845831
[GA][Iter1] Gen:5 Ind:18 RMSE(val)=6173.146308
[GA][Iter1] Gen:5 Ind:19 RMSE(val)=6173.119500
[GA][Iter1] Gen:5 Ind:20 RMSE(val)=6173.097404
[GA][Iter1] gen=5 best_val_rmse=6170.765314
[GA][Iter1] Gen:6 Ind:1 RMSE(val)=6170.765314
[GA][Iter1] Gen:6 Ind:2 RMSE(val)=6170.870444
[GA][Iter1] Gen:6 Ind:3 RMSE(val)=6172.318816
[GA][Iter1] Gen:6 Ind:4 RMSE(val)=6172.742055
[GA][Iter1] Gen:6 Ind:5 RMSE(val)=6172.991094
[GA][Iter1] Gen:6 Ind:6 RMSE(val)=6172.991094
[GA][Iter1] Gen:6 Ind:7 RMSE(val)=6172.999064
[GA][Iter1] Gen:6 Ind:8 RMSE(val)=6173.074700
[GA][Iter1] Gen:6 Ind:9 RMSE(val)=6173.097404
[GA][Iter1] Gen:6 Ind:10 RMSE(val)=6173.097404
[GA][Iter1] Gen:6 Ind:11 RMSE(val)=6172.254613
[GA][Iter1] Gen:6 Ind:12 RMSE(val)=6172.256652
[GA][Iter1] Gen:6 Ind:13 RMSE(val)=6172.991094
[GA][Iter1] Gen:6 Ind:14 RMSE(val)=6172.742055
[GA][Iter1] Gen:6 Ind:15 RMSE(val)=6173.097404
[GA][Iter1] Gen:6 Ind:16 RMSE(val)=6173.311821
[GA][Iter1] Gen:6 Ind:17 RMSE(val)=6173.884034
[GA][Iter1] Gen:6 Ind:18 RMSE(val)=6173.313406
[GA][Iter1] Gen:6 Ind:19 RMSE(val)=6173.468387
[GA][Iter1] Gen:6 Ind:20 RMSE(val)=6170.870444
[GA][Iter1] gen=6 best_val_rmse=6170.765314
[GA][Iter1] Gen:7 Ind:1 RMSE(val)=6170.765314
[GA][Iter1] Gen:7 Ind:2 RMSE(val)=6170.870444
[GA][Iter1] Gen:7 Ind:3 RMSE(val)=6170.870444
[GA][Iter1] Gen:7 Ind:4 RMSE(val)=6172.254613
[GA][Iter1] Gen:7 Ind:5 RMSE(val)=6172.256652
[GA][Iter1] Gen:7 Ind:6 RMSE(val)=6172.318816
[GA][Iter1] Gen:7 Ind:7 RMSE(val)=6172.742055
[GA][Iter1] Gen:7 Ind:8 RMSE(val)=6172.742055
[GA][Iter1] Gen:7 Ind:9 RMSE(val)=6172.991094
[GA][Iter1] Gen:7 Ind:10 RMSE(val)=6172.991094
[GA][Iter1] Gen:7 Ind:11 RMSE(val)=6180.388632
[GA][Iter1] Gen:7 Ind:12 RMSE(val)=6170.870900
[GA][Iter1] Gen:7 Ind:13 RMSE(val)=6171.522719
[GA][Iter1] Gen:7 Ind:14 RMSE(val)=6172.237810
[GA][Iter1] Gen:7 Ind:15 RMSE(val)=6172.602200
[GA][Iter1] Gen:7 Ind:16 RMSE(val)=6173.026407
[GA][Iter1] Gen:7 Ind:17 RMSE(val)=6173.270975
[GA][Iter1] Gen:7 Ind:18 RMSE(val)=6172.433566
[GA][Iter1] Gen:7 Ind:19 RMSE(val)=6170.831531
[GA][Iter1] Gen:7 Ind:20 RMSE(val)=6172.254613
[GA][Iter1] gen=7 best_val_rmse=6170.765314
[GA][Iter1] Gen:8 Ind:1 RMSE(val)=6170.765314
[GA][Iter1] Gen:8 Ind:2 RMSE(val)=6170.831531
[GA][Iter1] Gen:8 Ind:3 RMSE(val)=6170.870444
[GA][Iter1] Gen:8 Ind:4 RMSE(val)=6170.870444
[GA][Iter1] Gen:8 Ind:5 RMSE(val)=6170.870900
[GA][Iter1] Gen:8 Ind:6 RMSE(val)=6171.522719
[GA][Iter1] Gen:8 Ind:7 RMSE(val)=6172.237810
[GA][Iter1] Gen:8 Ind:8 RMSE(val)=6172.254613
[GA][Iter1] Gen:8 Ind:9 RMSE(val)=6172.254613
[GA][Iter1] Gen:8 Ind:10 RMSE(val)=6172.256652
[GA][Iter1] Gen:8 Ind:11 RMSE(val)=6172.742055
[GA][Iter1] Gen:8 Ind:12 RMSE(val)=6173.884434
[GA][Iter1] Gen:8 Ind:13 RMSE(val)=6172.742055
[GA][Iter1] Gen:8 Ind:14 RMSE(val)=6170.871425
[GA][Iter1] Gen:8 Ind:15 RMSE(val)=6172.254613
[GA][Iter1] Gen:8 Ind:16 RMSE(val)=6173.997092
[GA][Iter1] Gen:8 Ind:17 RMSE(val)=6172.254613
[GA][Iter1] Gen:8 Ind:18 RMSE(val)=6172.237810
[GA][Iter1] Gen:8 Ind:19 RMSE(val)=6170.870453
[GA][Iter1] Gen:8 Ind:20 RMSE(val)=6172.254613
[GA][Iter1] gen=8 best_val_rmse=6170.765314
[GA][Iter1] Gen:9 Ind:1 RMSE(val)=6170.765314
[GA][Iter1] Gen:9 Ind:2 RMSE(val)=6170.831531
[GA][Iter1] Gen:9 Ind:3 RMSE(val)=6170.870444
[GA][Iter1] Gen:9 Ind:4 RMSE(val)=6170.870444
[GA][Iter1] Gen:9 Ind:5 RMSE(val)=6170.870453
[GA][Iter1] Gen:9 Ind:6 RMSE(val)=6170.870900
[GA][Iter1] Gen:9 Ind:7 RMSE(val)=6170.871425
[GA][Iter1] Gen:9 Ind:8 RMSE(val)=6171.522719
[GA][Iter1] Gen:9 Ind:9 RMSE(val)=6172.237810
[GA][Iter1] Gen:9 Ind:10 RMSE(val)=6172.237810
[GA][Iter1] Gen:9 Ind:11 RMSE(val)=6173.994006
[GA][Iter1] Gen:9 Ind:12 RMSE(val)=6170.853740
[GA][Iter1] Gen:9 Ind:13 RMSE(val)=6171.188528
[GA][Iter1] Gen:9 Ind:14 RMSE(val)=6170.870434
[GA][Iter1] Gen:9 Ind:15 RMSE(val)=6170.870900
[GA][Iter1] Gen:9 Ind:16 RMSE(val)=6170.870444
[GA][Iter1] Gen:9 Ind:17 RMSE(val)=6172.742055
[GA][Iter1] Gen:9 Ind:18 RMSE(val)=6170.870835
[GA][Iter1] Gen:9 Ind:19 RMSE(val)=6171.522719
[GA][Iter1] Gen:9 Ind:20 RMSE(val)=6170.871425
[GA][Iter1] gen=9 best_val_rmse=6170.765314
[GA][Iter1] Gen:10 Ind:1 RMSE(val)=6170.765314
[GA][Iter1] Gen:10 Ind:2 RMSE(val)=6170.831531
[GA][Iter1] Gen:10 Ind:3 RMSE(val)=6170.853740
[GA][Iter1] Gen:10 Ind:4 RMSE(val)=6170.870434
[GA][Iter1] Gen:10 Ind:5 RMSE(val)=6170.870444
[GA][Iter1] Gen:10 Ind:6 RMSE(val)=6170.870444
[GA][Iter1] Gen:10 Ind:7 RMSE(val)=6170.870444
[GA][Iter1] Gen:10 Ind:8 RMSE(val)=6170.870453
[GA][Iter1] Gen:10 Ind:9 RMSE(val)=6170.870835
[GA][Iter1] Gen:10 Ind:10 RMSE(val)=6170.870900
[GA][Iter1] Gen:10 Ind:11 RMSE(val)=6170.831803
[GA][Iter1] Gen:10 Ind:12 RMSE(val)=6170.770626
[GA][Iter1] Gen:10 Ind:13 RMSE(val)=6170.831531
[GA][Iter1] Gen:10 Ind:14 RMSE(val)=6170.871425
[GA][Iter1] Gen:10 Ind:15 RMSE(val)=6179.759006
[GA][Iter1] Gen:10 Ind:16 RMSE(val)=6174.965960
[GA][Iter1] Gen:10 Ind:17 RMSE(val)=6170.831531
[GA][Iter1] Gen:10 Ind:18 RMSE(val)=6170.870900
[GA][Iter1] Gen:10 Ind:19 RMSE(val)=6170.870900
[GA][Iter1] Gen:10 Ind:20 RMSE(val)=6170.768734
[GA][Iter1] gen=10 best_val_rmse=6170.765314
[GA][Iter1] Gen:11 Ind:1 RMSE(val)=6170.765314
[GA][Iter1] Gen:11 Ind:2 RMSE(val)=6170.768734
[GA][Iter1] Gen:11 Ind:3 RMSE(val)=6170.770626
[GA][Iter1] Gen:11 Ind:4 RMSE(val)=6170.831531
[GA][Iter1] Gen:11 Ind:5 RMSE(val)=6170.831531
[GA][Iter1] Gen:11 Ind:6 RMSE(val)=6170.831531
[GA][Iter1] Gen:11 Ind:7 RMSE(val)=6170.831803
[GA][Iter1] Gen:11 Ind:8 RMSE(val)=6170.853740
[GA][Iter1] Gen:11 Ind:9 RMSE(val)=6170.870434
[GA][Iter1] Gen:11 Ind:10 RMSE(val)=6170.870444
[GA][Iter1] Gen:11 Ind:11 RMSE(val)=6170.720022
[GA][Iter1] Gen:11 Ind:12 RMSE(val)=6170.833645
[GA][Iter1] Gen:11 Ind:13 RMSE(val)=6170.831803
[GA][Iter1] Gen:11 Ind:14 RMSE(val)=6170.870444
[GA][Iter1] Gen:11 Ind:15 RMSE(val)=6170.870203
[GA][Iter1] Gen:11 Ind:16 RMSE(val)=6170.853740
[GA][Iter1] Gen:11 Ind:17 RMSE(val)=6170.770626
[GA][Iter1] Gen:11 Ind:18 RMSE(val)=6170.855752
[GA][Iter1] Gen:11 Ind:19 RMSE(val)=6170.831698
[GA][Iter1] Gen:11 Ind:20 RMSE(val)=6170.870835
[GA][Iter1] gen=11 best_val_rmse=6170.720022
[GA][Iter1] Gen:12 Ind:1 RMSE(val)=6170.720022
[GA][Iter1] Gen:12 Ind:2 RMSE(val)=6170.765314
[GA][Iter1] Gen:12 Ind:3 RMSE(val)=6170.768734
[GA][Iter1] Gen:12 Ind:4 RMSE(val)=6170.770626
[GA][Iter1] Gen:12 Ind:5 RMSE(val)=6170.770626
[GA][Iter1] Gen:12 Ind:6 RMSE(val)=6170.831531
[GA][Iter1] Gen:12 Ind:7 RMSE(val)=6170.831531
[GA][Iter1] Gen:12 Ind:8 RMSE(val)=6170.831531
[GA][Iter1] Gen:12 Ind:9 RMSE(val)=6170.831698
[GA][Iter1] Gen:12 Ind:10 RMSE(val)=6170.831803
[GA][Iter1] Gen:12 Ind:11 RMSE(val)=6170.742585
[GA][Iter1] Gen:12 Ind:12 RMSE(val)=6170.855630
[GA][Iter1] Gen:12 Ind:13 RMSE(val)=6170.738087
[GA][Iter1] Gen:12 Ind:14 RMSE(val)=6170.831698
[GA][Iter1] Gen:12 Ind:15 RMSE(val)=6170.831698
[GA][Iter1] Gen:12 Ind:16 RMSE(val)=6170.831531
[GA][Iter1] Gen:12 Ind:17 RMSE(val)=6170.707119
[GA][Iter1] Gen:12 Ind:18 RMSE(val)=6170.831803
[GA][Iter1] Gen:12 Ind:19 RMSE(val)=6170.831803
[GA][Iter1] Gen:12 Ind:20 RMSE(val)=6170.719707
[GA][Iter1] gen=12 best_val_rmse=6170.707119
[GA][Iter1] Gen:13 Ind:1 RMSE(val)=6170.707119
[GA][Iter1] Gen:13 Ind:2 RMSE(val)=6170.719707
[GA][Iter1] Gen:13 Ind:3 RMSE(val)=6170.720022
[GA][Iter1] Gen:13 Ind:4 RMSE(val)=6170.738087
[GA][Iter1] Gen:13 Ind:5 RMSE(val)=6170.742585
[GA][Iter1] Gen:13 Ind:6 RMSE(val)=6170.765314
[GA][Iter1] Gen:13 Ind:7 RMSE(val)=6170.768734
[GA][Iter1] Gen:13 Ind:8 RMSE(val)=6170.770626
[GA][Iter1] Gen:13 Ind:9 RMSE(val)=6170.770626
[GA][Iter1] Gen:13 Ind:10 RMSE(val)=6170.831531
[GA][Iter1] Gen:13 Ind:11 RMSE(val)=6170.770626
[GA][Iter1] Gen:13 Ind:12 RMSE(val)=6170.707119
[GA][Iter1] Gen:13 Ind:13 RMSE(val)=6179.148365
[GA][Iter1] Gen:13 Ind:14 RMSE(val)=6170.768734
[GA][Iter1] Gen:13 Ind:15 RMSE(val)=6170.732329
[GA][Iter1] Gen:13 Ind:16 RMSE(val)=6170.855630
[GA][Iter1] Gen:13 Ind:17 RMSE(val)=6170.707119
[GA][Iter1] Gen:13 Ind:18 RMSE(val)=6170.831698
[GA][Iter1] Gen:13 Ind:19 RMSE(val)=6170.765314
[GA][Iter1] Gen:13 Ind:20 RMSE(val)=6170.771405
[GA][Iter1] gen=13 best_val_rmse=6170.707119
[GA][Iter1] Gen:14 Ind:1 RMSE(val)=6170.707119
[GA][Iter1] Gen:14 Ind:2 RMSE(val)=6170.707119
[GA][Iter1] Gen:14 Ind:3 RMSE(val)=6170.707119
[GA][Iter1] Gen:14 Ind:4 RMSE(val)=6170.719707
[GA][Iter1] Gen:14 Ind:5 RMSE(val)=6170.720022
[GA][Iter1] Gen:14 Ind:6 RMSE(val)=6170.732329
[GA][Iter1] Gen:14 Ind:7 RMSE(val)=6170.738087
[GA][Iter1] Gen:14 Ind:8 RMSE(val)=6170.742585
[GA][Iter1] Gen:14 Ind:9 RMSE(val)=6170.765314
[GA][Iter1] Gen:14 Ind:10 RMSE(val)=6170.765314
[GA][Iter1] Gen:14 Ind:11 RMSE(val)=6170.738087
[GA][Iter1] Gen:14 Ind:12 RMSE(val)=6170.704171
[GA][Iter1] Gen:14 Ind:13 RMSE(val)=6170.704171
[GA][Iter1] Gen:14 Ind:14 RMSE(val)=6170.735532
[GA][Iter1] Gen:14 Ind:15 RMSE(val)=6170.765314
[GA][Iter1] Gen:14 Ind:16 RMSE(val)=6170.765314
[GA][Iter1] Gen:14 Ind:17 RMSE(val)=6170.732329
[GA][Iter1] Gen:14 Ind:18 RMSE(val)=6170.770626
[GA][Iter1] Gen:14 Ind:19 RMSE(val)=6173.137244
[GA][Iter1] Gen:14 Ind:20 RMSE(val)=6170.720022
[GA][Iter1] gen=14 best_val_rmse=6170.704171
[GA][Iter1] Gen:15 Ind:1 RMSE(val)=6170.704171
[GA][Iter1] Gen:15 Ind:2 RMSE(val)=6170.704171
[GA][Iter1] Gen:15 Ind:3 RMSE(val)=6170.707119
[GA][Iter1] Gen:15 Ind:4 RMSE(val)=6170.707119
[GA][Iter1] Gen:15 Ind:5 RMSE(val)=6170.707119
[GA][Iter1] Gen:15 Ind:6 RMSE(val)=6170.719707
[GA][Iter1] Gen:15 Ind:7 RMSE(val)=6170.720022
[GA][Iter1] Gen:15 Ind:8 RMSE(val)=6170.720022
[GA][Iter1] Gen:15 Ind:9 RMSE(val)=6170.732329
[GA][Iter1] Gen:15 Ind:10 RMSE(val)=6170.732329
[GA][Iter1] Gen:15 Ind:11 RMSE(val)=6170.720022
[GA][Iter1] Gen:15 Ind:12 RMSE(val)=6170.707119
[GA][Iter1] Gen:15 Ind:13 RMSE(val)=6170.720381
[GA][Iter1] Gen:15 Ind:14 RMSE(val)=6170.855752
[GA][Iter1] Gen:15 Ind:15 RMSE(val)=6170.732329
[GA][Iter1] Gen:15 Ind:16 RMSE(val)=6170.720022
[GA][Iter1] Gen:15 Ind:17 RMSE(val)=6170.707725
[GA][Iter1] Gen:15 Ind:18 RMSE(val)=6179.468273
[GA][Iter1] Gen:15 Ind:19 RMSE(val)=6170.812115
[GA][Iter1] Gen:15 Ind:20 RMSE(val)=6170.707119
[GA][Iter1] gen=15 best_val_rmse=6170.704171
[GA][Iter1] Gen:15 Ind:1 RMSE(val)=6170.704171
[GA][Iter1] Gen:15 Ind:2 RMSE(val)=6170.704171
[GA][Iter1] Gen:15 Ind:3 RMSE(val)=6170.707119
[GA][Iter1] Gen:15 Ind:4 RMSE(val)=6170.707119
[GA][Iter1] Gen:15 Ind:5 RMSE(val)=6170.707119
[GA][Iter1] Gen:15 Ind:6 RMSE(val)=6170.707119
[GA][Iter1] Gen:15 Ind:7 RMSE(val)=6170.707119
[GA][Iter1] Gen:15 Ind:8 RMSE(val)=6170.707725
[GA][Iter1] Gen:15 Ind:9 RMSE(val)=6170.719707
[GA][Iter1] Gen:15 Ind:10 RMSE(val)=6170.720022
[GA][Iter1] Gen:15 Ind:11 RMSE(val)=6170.707119
[GA][Iter1] Gen:15 Ind:12 RMSE(val)=6170.704171
[GA][Iter1] Gen:15 Ind:13 RMSE(val)=6170.707119
[GA][Iter1] Gen:15 Ind:14 RMSE(val)=6170.704171
[GA][Iter1] Gen:15 Ind:15 RMSE(val)=6170.840716
[GA][Iter1] Gen:15 Ind:16 RMSE(val)=6170.707119
[GA][Iter1] Gen:15 Ind:17 RMSE(val)=6170.707119
[GA][Iter1] Gen:15 Ind:18 RMSE(val)=6170.738005
[GA][Iter1] Gen:15 Ind:19 RMSE(val)=6170.718873
[GA][Iter1] Gen:15 Ind:20 RMSE(val)=6170.707119

[GA DONE][Iter1] Best params on val fold of Iter1
Best val RMSE: 6170.704171
Best params: {'n_estimators': 846, 'max_depth': 28, 'min_samples_split': 11, 'min_samples_leaf': 2, 'max_features': None, 'bootstrap': False}
--------------------------------------------------------------------------------
[RETUNE GA] Iter1: train folds 1..5 -> test fold 6  RMSE=170.426187  NRMSE=1.330320  CVRMSE=0.206707  R2=-0.778219
[GA][Iter2] Gen:1 Ind:1 RMSE(val)=156.789000
[GA][Iter2] Gen:1 Ind:2 RMSE(val)=152.001846
[GA][Iter2] Gen:1 Ind:3 RMSE(val)=133.147911
[GA][Iter2] Gen:1 Ind:4 RMSE(val)=139.592796
[GA][Iter2] Gen:1 Ind:5 RMSE(val)=172.651345
[GA][Iter2] Gen:1 Ind:6 RMSE(val)=143.628386
[GA][Iter2] Gen:1 Ind:7 RMSE(val)=145.347770
[GA][Iter2] Gen:1 Ind:8 RMSE(val)=141.814110
[GA][Iter2] Gen:1 Ind:9 RMSE(val)=142.883281
[GA][Iter2] Gen:1 Ind:10 RMSE(val)=139.043446
[GA][Iter2] Gen:1 Ind:11 RMSE(val)=138.406589
[GA][Iter2] Gen:1 Ind:12 RMSE(val)=132.648419
[GA][Iter2] Gen:1 Ind:13 RMSE(val)=145.533984
[GA][Iter2] Gen:1 Ind:14 RMSE(val)=137.665686
[GA][Iter2] Gen:1 Ind:15 RMSE(val)=138.138556
[GA][Iter2] Gen:1 Ind:16 RMSE(val)=139.499881
[GA][Iter2] Gen:1 Ind:17 RMSE(val)=146.418724
[GA][Iter2] Gen:1 Ind:18 RMSE(val)=139.088647
[GA][Iter2] Gen:1 Ind:19 RMSE(val)=135.823799
[GA][Iter2] Gen:1 Ind:20 RMSE(val)=148.497775
[GA][Iter2] gen=1 best_val_rmse=132.648419
[GA][Iter2] Gen:2 Ind:1 RMSE(val)=132.648419
[GA][Iter2] Gen:2 Ind:2 RMSE(val)=133.147911
[GA][Iter2] Gen:2 Ind:3 RMSE(val)=135.823799
[GA][Iter2] Gen:2 Ind:4 RMSE(val)=137.665686
[GA][Iter2] Gen:2 Ind:5 RMSE(val)=138.138556
[GA][Iter2] Gen:2 Ind:6 RMSE(val)=138.406589
[GA][Iter2] Gen:2 Ind:7 RMSE(val)=139.043446
[GA][Iter2] Gen:2 Ind:8 RMSE(val)=139.088647
[GA][Iter2] Gen:2 Ind:9 RMSE(val)=139.499881
[GA][Iter2] Gen:2 Ind:10 RMSE(val)=139.592796
[GA][Iter2] Gen:2 Ind:11 RMSE(val)=138.118396
[GA][Iter2] Gen:2 Ind:12 RMSE(val)=131.921748
[GA][Iter2] Gen:2 Ind:13 RMSE(val)=139.181503
[GA][Iter2] Gen:2 Ind:14 RMSE(val)=131.652362
[GA][Iter2] Gen:2 Ind:15 RMSE(val)=155.315314
[GA][Iter2] Gen:2 Ind:16 RMSE(val)=137.665686
[GA][Iter2] Gen:2 Ind:17 RMSE(val)=139.117466
[GA][Iter2] Gen:2 Ind:18 RMSE(val)=132.695903
[GA][Iter2] Gen:2 Ind:19 RMSE(val)=139.592796
[GA][Iter2] Gen:2 Ind:20 RMSE(val)=132.674469
[GA][Iter2] gen=2 best_val_rmse=131.652362
[GA][Iter2] Gen:3 Ind:1 RMSE(val)=131.652362
[GA][Iter2] Gen:3 Ind:2 RMSE(val)=131.921748
[GA][Iter2] Gen:3 Ind:3 RMSE(val)=132.648419
[GA][Iter2] Gen:3 Ind:4 RMSE(val)=132.674469
[GA][Iter2] Gen:3 Ind:5 RMSE(val)=132.695903
[GA][Iter2] Gen:3 Ind:6 RMSE(val)=133.147911
[GA][Iter2] Gen:3 Ind:7 RMSE(val)=135.823799
[GA][Iter2] Gen:3 Ind:8 RMSE(val)=137.665686
[GA][Iter2] Gen:3 Ind:9 RMSE(val)=137.665686
[GA][Iter2] Gen:3 Ind:10 RMSE(val)=138.118396
[GA][Iter2] Gen:3 Ind:11 RMSE(val)=132.630526
[GA][Iter2] Gen:3 Ind:12 RMSE(val)=132.631764
[GA][Iter2] Gen:3 Ind:13 RMSE(val)=132.890980
[GA][Iter2] Gen:3 Ind:14 RMSE(val)=131.652362
[GA][Iter2] Gen:3 Ind:15 RMSE(val)=131.847999
[GA][Iter2] Gen:3 Ind:16 RMSE(val)=132.175327
[GA][Iter2] Gen:3 Ind:17 RMSE(val)=137.428975
[GA][Iter2] Gen:3 Ind:18 RMSE(val)=133.357168
[GA][Iter2] Gen:3 Ind:19 RMSE(val)=132.277227
[GA][Iter2] Gen:3 Ind:20 RMSE(val)=132.790084
[GA][Iter2] gen=3 best_val_rmse=131.652362
[GA][Iter2] Gen:4 Ind:1 RMSE(val)=131.652362
[GA][Iter2] Gen:4 Ind:2 RMSE(val)=131.652362
[GA][Iter2] Gen:4 Ind:3 RMSE(val)=131.847999
[GA][Iter2] Gen:4 Ind:4 RMSE(val)=131.921748
[GA][Iter2] Gen:4 Ind:5 RMSE(val)=132.175327
[GA][Iter2] Gen:4 Ind:6 RMSE(val)=132.277227
[GA][Iter2] Gen:4 Ind:7 RMSE(val)=132.630526
[GA][Iter2] Gen:4 Ind:8 RMSE(val)=132.631764
[GA][Iter2] Gen:4 Ind:9 RMSE(val)=132.648419
[GA][Iter2] Gen:4 Ind:10 RMSE(val)=132.674469
[GA][Iter2] Gen:4 Ind:11 RMSE(val)=131.579027
[GA][Iter2] Gen:4 Ind:12 RMSE(val)=132.523931
[GA][Iter2] Gen:4 Ind:13 RMSE(val)=131.893912
[GA][Iter2] Gen:4 Ind:14 RMSE(val)=132.277227
[GA][Iter2] Gen:4 Ind:15 RMSE(val)=132.552297
[GA][Iter2] Gen:4 Ind:16 RMSE(val)=131.847999
[GA][Iter2] Gen:4 Ind:17 RMSE(val)=132.175327
[GA][Iter2] Gen:4 Ind:18 RMSE(val)=132.639208
[GA][Iter2] Gen:4 Ind:19 RMSE(val)=132.214285
[GA][Iter2] Gen:4 Ind:20 RMSE(val)=132.035574
[GA][Iter2] gen=4 best_val_rmse=131.579027
[GA][Iter2] Gen:5 Ind:1 RMSE(val)=131.579027
[GA][Iter2] Gen:5 Ind:2 RMSE(val)=131.652362
[GA][Iter2] Gen:5 Ind:3 RMSE(val)=131.652362
[GA][Iter2] Gen:5 Ind:4 RMSE(val)=131.847999
[GA][Iter2] Gen:5 Ind:5 RMSE(val)=131.847999
[GA][Iter2] Gen:5 Ind:6 RMSE(val)=131.893912
[GA][Iter2] Gen:5 Ind:7 RMSE(val)=131.921748
[GA][Iter2] Gen:5 Ind:8 RMSE(val)=132.035574
[GA][Iter2] Gen:5 Ind:9 RMSE(val)=132.175327
[GA][Iter2] Gen:5 Ind:10 RMSE(val)=132.175327
[GA][Iter2] Gen:5 Ind:11 RMSE(val)=131.847999
[GA][Iter2] Gen:5 Ind:12 RMSE(val)=131.847999
[GA][Iter2] Gen:5 Ind:13 RMSE(val)=131.579027
[GA][Iter2] Gen:5 Ind:14 RMSE(val)=131.921748
[GA][Iter2] Gen:5 Ind:15 RMSE(val)=132.523931
[GA][Iter2] Gen:5 Ind:16 RMSE(val)=131.921748
[GA][Iter2] Gen:5 Ind:17 RMSE(val)=131.652362
[GA][Iter2] Gen:5 Ind:18 RMSE(val)=132.175327
[GA][Iter2] Gen:5 Ind:19 RMSE(val)=132.175327
[GA][Iter2] Gen:5 Ind:20 RMSE(val)=132.175327
[GA][Iter2] gen=5 best_val_rmse=131.579027
[GA][Iter2] Gen:6 Ind:1 RMSE(val)=131.579027
[GA][Iter2] Gen:6 Ind:2 RMSE(val)=131.579027
[GA][Iter2] Gen:6 Ind:3 RMSE(val)=131.652362
[GA][Iter2] Gen:6 Ind:4 RMSE(val)=131.652362
[GA][Iter2] Gen:6 Ind:5 RMSE(val)=131.652362
[GA][Iter2] Gen:6 Ind:6 RMSE(val)=131.847999
[GA][Iter2] Gen:6 Ind:7 RMSE(val)=131.847999
[GA][Iter2] Gen:6 Ind:8 RMSE(val)=131.847999
[GA][Iter2] Gen:6 Ind:9 RMSE(val)=131.847999
[GA][Iter2] Gen:6 Ind:10 RMSE(val)=131.893912
[GA][Iter2] Gen:6 Ind:11 RMSE(val)=131.652362
[GA][Iter2] Gen:6 Ind:12 RMSE(val)=131.652362
[GA][Iter2] Gen:6 Ind:13 RMSE(val)=131.959938
[GA][Iter2] Gen:6 Ind:14 RMSE(val)=131.358098
[GA][Iter2] Gen:6 Ind:15 RMSE(val)=131.893912
[GA][Iter2] Gen:6 Ind:16 RMSE(val)=131.652362
[GA][Iter2] Gen:6 Ind:17 RMSE(val)=131.579027
[GA][Iter2] Gen:6 Ind:18 RMSE(val)=131.579027
[GA][Iter2] Gen:6 Ind:19 RMSE(val)=131.799398
[GA][Iter2] Gen:6 Ind:20 RMSE(val)=131.579027
[GA][Iter2] gen=6 best_val_rmse=131.358098
[GA][Iter2] Gen:7 Ind:1 RMSE(val)=131.358098
[GA][Iter2] Gen:7 Ind:2 RMSE(val)=131.579027
[GA][Iter2] Gen:7 Ind:3 RMSE(val)=131.579027
[GA][Iter2] Gen:7 Ind:4 RMSE(val)=131.579027
[GA][Iter2] Gen:7 Ind:5 RMSE(val)=131.579027
[GA][Iter2] Gen:7 Ind:6 RMSE(val)=131.579027
[GA][Iter2] Gen:7 Ind:7 RMSE(val)=131.652362
[GA][Iter2] Gen:7 Ind:8 RMSE(val)=131.652362
[GA][Iter2] Gen:7 Ind:9 RMSE(val)=131.652362
[GA][Iter2] Gen:7 Ind:10 RMSE(val)=131.652362
[GA][Iter2] Gen:7 Ind:11 RMSE(val)=150.879916
[GA][Iter2] Gen:7 Ind:12 RMSE(val)=131.579027
[GA][Iter2] Gen:7 Ind:13 RMSE(val)=131.652362
[GA][Iter2] Gen:7 Ind:14 RMSE(val)=131.652362
[GA][Iter2] Gen:7 Ind:15 RMSE(val)=131.652362
[GA][Iter2] Gen:7 Ind:16 RMSE(val)=131.652362
[GA][Iter2] Gen:7 Ind:17 RMSE(val)=131.652362
[GA][Iter2] Gen:7 Ind:18 RMSE(val)=131.579027
[GA][Iter2] Gen:7 Ind:19 RMSE(val)=131.579027
[GA][Iter2] Gen:7 Ind:20 RMSE(val)=131.579027
[GA][Iter2] gen=7 best_val_rmse=131.358098
[GA][Iter2] Gen:8 Ind:1 RMSE(val)=131.358098
[GA][Iter2] Gen:8 Ind:2 RMSE(val)=131.579027
[GA][Iter2] Gen:8 Ind:3 RMSE(val)=131.579027
[GA][Iter2] Gen:8 Ind:4 RMSE(val)=131.579027
[GA][Iter2] Gen:8 Ind:5 RMSE(val)=131.579027
[GA][Iter2] Gen:8 Ind:6 RMSE(val)=131.579027
[GA][Iter2] Gen:8 Ind:7 RMSE(val)=131.579027
[GA][Iter2] Gen:8 Ind:8 RMSE(val)=131.579027
[GA][Iter2] Gen:8 Ind:9 RMSE(val)=131.579027
[GA][Iter2] Gen:8 Ind:10 RMSE(val)=131.579027
[GA][Iter2] Gen:8 Ind:11 RMSE(val)=131.652362
[GA][Iter2] Gen:8 Ind:12 RMSE(val)=131.579027
[GA][Iter2] Gen:8 Ind:13 RMSE(val)=131.579027
[GA][Iter2] Gen:8 Ind:14 RMSE(val)=131.578558
[GA][Iter2] Gen:8 Ind:15 RMSE(val)=131.579027
[GA][Iter2] Gen:8 Ind:16 RMSE(val)=131.579027
[GA][Iter2] Gen:8 Ind:17 RMSE(val)=131.579027
[GA][Iter2] Gen:8 Ind:18 RMSE(val)=148.969255
[GA][Iter2] Gen:8 Ind:19 RMSE(val)=131.579027
[GA][Iter2] Gen:8 Ind:20 RMSE(val)=131.579027
[GA][Iter2] gen=8 best_val_rmse=131.358098
[GA][Iter2] Gen:9 Ind:1 RMSE(val)=131.358098
[GA][Iter2] Gen:9 Ind:2 RMSE(val)=131.578558
[GA][Iter2] Gen:9 Ind:3 RMSE(val)=131.579027
[GA][Iter2] Gen:9 Ind:4 RMSE(val)=131.579027
[GA][Iter2] Gen:9 Ind:5 RMSE(val)=131.579027
[GA][Iter2] Gen:9 Ind:6 RMSE(val)=131.579027
[GA][Iter2] Gen:9 Ind:7 RMSE(val)=131.579027
[GA][Iter2] Gen:9 Ind:8 RMSE(val)=131.579027
[GA][Iter2] Gen:9 Ind:9 RMSE(val)=131.579027
[GA][Iter2] Gen:9 Ind:10 RMSE(val)=131.579027
[GA][Iter2] Gen:9 Ind:11 RMSE(val)=131.579027
[GA][Iter2] Gen:9 Ind:12 RMSE(val)=131.579027
[GA][Iter2] Gen:9 Ind:13 RMSE(val)=131.548221
[GA][Iter2] Gen:9 Ind:14 RMSE(val)=131.579027
[GA][Iter2] Gen:9 Ind:15 RMSE(val)=131.579027
[GA][Iter2] Gen:9 Ind:16 RMSE(val)=131.579027
[GA][Iter2] Gen:9 Ind:17 RMSE(val)=148.969255
[GA][Iter2] Gen:9 Ind:18 RMSE(val)=131.579027
[GA][Iter2] Gen:9 Ind:19 RMSE(val)=131.652362
[GA][Iter2] Gen:9 Ind:20 RMSE(val)=131.579027
[GA][Iter2] gen=9 best_val_rmse=131.358098
[GA][Iter2] Gen:10 Ind:1 RMSE(val)=131.358098
[GA][Iter2] Gen:10 Ind:2 RMSE(val)=131.548221
[GA][Iter2] Gen:10 Ind:3 RMSE(val)=131.578558
[GA][Iter2] Gen:10 Ind:4 RMSE(val)=131.579027
[GA][Iter2] Gen:10 Ind:5 RMSE(val)=131.579027
[GA][Iter2] Gen:10 Ind:6 RMSE(val)=131.579027
[GA][Iter2] Gen:10 Ind:7 RMSE(val)=131.579027
[GA][Iter2] Gen:10 Ind:8 RMSE(val)=131.579027
[GA][Iter2] Gen:10 Ind:9 RMSE(val)=131.579027
[GA][Iter2] Gen:10 Ind:10 RMSE(val)=131.579027
[GA][Iter2] Gen:10 Ind:11 RMSE(val)=131.579027
[GA][Iter2] Gen:10 Ind:12 RMSE(val)=131.360281
[GA][Iter2] Gen:10 Ind:13 RMSE(val)=131.548221
[GA][Iter2] Gen:10 Ind:14 RMSE(val)=131.579027
[GA][Iter2] Gen:10 Ind:15 RMSE(val)=142.635965
[GA][Iter2] Gen:10 Ind:16 RMSE(val)=131.596926
[GA][Iter2] Gen:10 Ind:17 RMSE(val)=131.548221
[GA][Iter2] Gen:10 Ind:18 RMSE(val)=131.579027
[GA][Iter2] Gen:10 Ind:19 RMSE(val)=131.579027
[GA][Iter2] Gen:10 Ind:20 RMSE(val)=131.358098
[GA][Iter2] gen=10 best_val_rmse=131.358098
[GA][Iter2] Gen:11 Ind:1 RMSE(val)=131.358098
[GA][Iter2] Gen:11 Ind:2 RMSE(val)=131.358098
[GA][Iter2] Gen:11 Ind:3 RMSE(val)=131.360281
[GA][Iter2] Gen:11 Ind:4 RMSE(val)=131.548221
[GA][Iter2] Gen:11 Ind:5 RMSE(val)=131.548221
[GA][Iter2] Gen:11 Ind:6 RMSE(val)=131.548221
[GA][Iter2] Gen:11 Ind:7 RMSE(val)=131.578558
[GA][Iter2] Gen:11 Ind:8 RMSE(val)=131.579027
[GA][Iter2] Gen:11 Ind:9 RMSE(val)=131.579027
[GA][Iter2] Gen:11 Ind:10 RMSE(val)=131.579027
[GA][Iter2] Gen:11 Ind:11 RMSE(val)=131.378751
[GA][Iter2] Gen:11 Ind:12 RMSE(val)=131.548221
[GA][Iter2] Gen:11 Ind:13 RMSE(val)=131.578558
[GA][Iter2] Gen:11 Ind:14 RMSE(val)=131.578558
[GA][Iter2] Gen:11 Ind:15 RMSE(val)=131.548224
[GA][Iter2] Gen:11 Ind:16 RMSE(val)=131.579027
[GA][Iter2] Gen:11 Ind:17 RMSE(val)=131.360281
[GA][Iter2] Gen:11 Ind:18 RMSE(val)=131.548221
[GA][Iter2] Gen:11 Ind:19 RMSE(val)=131.579027
[GA][Iter2] Gen:11 Ind:20 RMSE(val)=131.579027
[GA][Iter2] gen=11 best_val_rmse=131.358098
[GA][Iter2] Gen:12 Ind:1 RMSE(val)=131.358098
[GA][Iter2] Gen:12 Ind:2 RMSE(val)=131.358098
[GA][Iter2] Gen:12 Ind:3 RMSE(val)=131.360281
[GA][Iter2] Gen:12 Ind:4 RMSE(val)=131.360281
[GA][Iter2] Gen:12 Ind:5 RMSE(val)=131.378751
[GA][Iter2] Gen:12 Ind:6 RMSE(val)=131.548221
[GA][Iter2] Gen:12 Ind:7 RMSE(val)=131.548221
[GA][Iter2] Gen:12 Ind:8 RMSE(val)=131.548221
[GA][Iter2] Gen:12 Ind:9 RMSE(val)=131.548221
[GA][Iter2] Gen:12 Ind:10 RMSE(val)=131.548221
[GA][Iter2] Gen:12 Ind:11 RMSE(val)=131.378751
[GA][Iter2] Gen:12 Ind:12 RMSE(val)=131.448797
[GA][Iter2] Gen:12 Ind:13 RMSE(val)=131.380939
[GA][Iter2] Gen:12 Ind:14 RMSE(val)=131.548221
[GA][Iter2] Gen:12 Ind:15 RMSE(val)=131.579027
[GA][Iter2] Gen:12 Ind:16 RMSE(val)=131.548221
[GA][Iter2] Gen:12 Ind:17 RMSE(val)=131.463376
[GA][Iter2] Gen:12 Ind:18 RMSE(val)=131.579027
[GA][Iter2] Gen:12 Ind:19 RMSE(val)=131.579027
[GA][Iter2] Gen:12 Ind:20 RMSE(val)=131.327424
[GA][Iter2] gen=12 best_val_rmse=131.327424
[GA][Iter2] Gen:13 Ind:1 RMSE(val)=131.327424
[GA][Iter2] Gen:13 Ind:2 RMSE(val)=131.358098
[GA][Iter2] Gen:13 Ind:3 RMSE(val)=131.358098
[GA][Iter2] Gen:13 Ind:4 RMSE(val)=131.360281
[GA][Iter2] Gen:13 Ind:5 RMSE(val)=131.360281
[GA][Iter2] Gen:13 Ind:6 RMSE(val)=131.378751
[GA][Iter2] Gen:13 Ind:7 RMSE(val)=131.378751
[GA][Iter2] Gen:13 Ind:8 RMSE(val)=131.380939
[GA][Iter2] Gen:13 Ind:9 RMSE(val)=131.448797
[GA][Iter2] Gen:13 Ind:10 RMSE(val)=131.463376
[GA][Iter2] Gen:13 Ind:11 RMSE(val)=131.448797
[GA][Iter2] Gen:13 Ind:12 RMSE(val)=131.392999
[GA][Iter2] Gen:13 Ind:13 RMSE(val)=141.108215
[GA][Iter2] Gen:13 Ind:14 RMSE(val)=131.378751
[GA][Iter2] Gen:13 Ind:15 RMSE(val)=131.372774
[GA][Iter2] Gen:13 Ind:16 RMSE(val)=132.196140
[GA][Iter2] Gen:13 Ind:17 RMSE(val)=131.327424
[GA][Iter2] Gen:13 Ind:18 RMSE(val)=131.436888
[GA][Iter2] Gen:13 Ind:19 RMSE(val)=131.336993
[GA][Iter2] Gen:13 Ind:20 RMSE(val)=131.391789
[GA][Iter2] gen=13 best_val_rmse=131.327424
[GA][Iter2] Gen:14 Ind:1 RMSE(val)=131.327424
[GA][Iter2] Gen:14 Ind:2 RMSE(val)=131.327424
[GA][Iter2] Gen:14 Ind:3 RMSE(val)=131.336993
[GA][Iter2] Gen:14 Ind:4 RMSE(val)=131.358098
[GA][Iter2] Gen:14 Ind:5 RMSE(val)=131.358098
[GA][Iter2] Gen:14 Ind:6 RMSE(val)=131.360281
[GA][Iter2] Gen:14 Ind:7 RMSE(val)=131.360281
[GA][Iter2] Gen:14 Ind:8 RMSE(val)=131.372774
[GA][Iter2] Gen:14 Ind:9 RMSE(val)=131.378751
[GA][Iter2] Gen:14 Ind:10 RMSE(val)=131.378751
[GA][Iter2] Gen:14 Ind:11 RMSE(val)=131.360281
[GA][Iter2] Gen:14 Ind:12 RMSE(val)=131.358098
[GA][Iter2] Gen:14 Ind:13 RMSE(val)=131.378751
[GA][Iter2] Gen:14 Ind:14 RMSE(val)=131.311160
[GA][Iter2] Gen:14 Ind:15 RMSE(val)=131.378751
[GA][Iter2] Gen:14 Ind:16 RMSE(val)=131.378751
[GA][Iter2] Gen:14 Ind:17 RMSE(val)=131.360281
[GA][Iter2] Gen:14 Ind:18 RMSE(val)=131.380939
[GA][Iter2] Gen:14 Ind:19 RMSE(val)=149.012570
[GA][Iter2] Gen:14 Ind:20 RMSE(val)=131.358098
[GA][Iter2] gen=14 best_val_rmse=131.311160
[GA][Iter2] Gen:15 Ind:1 RMSE(val)=131.311160
[GA][Iter2] Gen:15 Ind:2 RMSE(val)=131.327424
[GA][Iter2] Gen:15 Ind:3 RMSE(val)=131.327424
[GA][Iter2] Gen:15 Ind:4 RMSE(val)=131.336993
[GA][Iter2] Gen:15 Ind:5 RMSE(val)=131.358098
[GA][Iter2] Gen:15 Ind:6 RMSE(val)=131.358098
[GA][Iter2] Gen:15 Ind:7 RMSE(val)=131.358098
[GA][Iter2] Gen:15 Ind:8 RMSE(val)=131.358098
[GA][Iter2] Gen:15 Ind:9 RMSE(val)=131.360281
[GA][Iter2] Gen:15 Ind:10 RMSE(val)=131.360281
[GA][Iter2] Gen:15 Ind:11 RMSE(val)=131.358098
[GA][Iter2] Gen:15 Ind:12 RMSE(val)=131.327424
[GA][Iter2] Gen:15 Ind:13 RMSE(val)=131.304035
[GA][Iter2] Gen:15 Ind:14 RMSE(val)=131.377907
[GA][Iter2] Gen:15 Ind:15 RMSE(val)=131.360281
[GA][Iter2] Gen:15 Ind:16 RMSE(val)=131.358098
[GA][Iter2] Gen:15 Ind:17 RMSE(val)=131.380939
[GA][Iter2] Gen:15 Ind:18 RMSE(val)=141.249024
[GA][Iter2] Gen:15 Ind:19 RMSE(val)=131.647526
[GA][Iter2] Gen:15 Ind:20 RMSE(val)=131.308931
[GA][Iter2] gen=15 best_val_rmse=131.304035
[GA][Iter2] Gen:15 Ind:1 RMSE(val)=131.304035
[GA][Iter2] Gen:15 Ind:2 RMSE(val)=131.308931
[GA][Iter2] Gen:15 Ind:3 RMSE(val)=131.311160
[GA][Iter2] Gen:15 Ind:4 RMSE(val)=131.327424
[GA][Iter2] Gen:15 Ind:5 RMSE(val)=131.327424
[GA][Iter2] Gen:15 Ind:6 RMSE(val)=131.327424
[GA][Iter2] Gen:15 Ind:7 RMSE(val)=131.336993
[GA][Iter2] Gen:15 Ind:8 RMSE(val)=131.358098
[GA][Iter2] Gen:15 Ind:9 RMSE(val)=131.358098
[GA][Iter2] Gen:15 Ind:10 RMSE(val)=131.358098
[GA][Iter2] Gen:15 Ind:11 RMSE(val)=131.327424
[GA][Iter2] Gen:15 Ind:12 RMSE(val)=131.304035
[GA][Iter2] Gen:15 Ind:13 RMSE(val)=131.327424
[GA][Iter2] Gen:15 Ind:14 RMSE(val)=131.304035
[GA][Iter2] Gen:15 Ind:15 RMSE(val)=131.397007
[GA][Iter2] Gen:15 Ind:16 RMSE(val)=131.329656
[GA][Iter2] Gen:15 Ind:17 RMSE(val)=131.329656
[GA][Iter2] Gen:15 Ind:18 RMSE(val)=131.374396
[GA][Iter2] Gen:15 Ind:19 RMSE(val)=131.314516
[GA][Iter2] Gen:15 Ind:20 RMSE(val)=131.380939

[GA DONE][Iter2] Best params on val fold of Iter2
Best val RMSE: 131.304035
Best params: {'n_estimators': 878, 'max_depth': 29, 'min_samples_split': 14, 'min_samples_leaf': 7, 'max_features': None, 'bootstrap': True}
--------------------------------------------------------------------------------
[RETUNE GA] Iter2: train folds 1..6 -> test fold 7  RMSE=148.932017  NRMSE=1.034880  CVRMSE=0.169620  R2=-0.076101
[GA][Iter3] Gen:1 Ind:1 RMSE(val)=173.047749
[GA][Iter3] Gen:1 Ind:2 RMSE(val)=164.320019
[GA][Iter3] Gen:1 Ind:3 RMSE(val)=150.858054
[GA][Iter3] Gen:1 Ind:4 RMSE(val)=152.842952
[GA][Iter3] Gen:1 Ind:5 RMSE(val)=194.827194
[GA][Iter3] Gen:1 Ind:6 RMSE(val)=157.481139
[GA][Iter3] Gen:1 Ind:7 RMSE(val)=156.752632
[GA][Iter3] Gen:1 Ind:8 RMSE(val)=154.917144
[GA][Iter3] Gen:1 Ind:9 RMSE(val)=156.102208
[GA][Iter3] Gen:1 Ind:10 RMSE(val)=152.014287
[GA][Iter3] Gen:1 Ind:11 RMSE(val)=152.116212
[GA][Iter3] Gen:1 Ind:12 RMSE(val)=149.734442
[GA][Iter3] Gen:1 Ind:13 RMSE(val)=159.282470
[GA][Iter3] Gen:1 Ind:14 RMSE(val)=151.381331
[GA][Iter3] Gen:1 Ind:15 RMSE(val)=150.917934
[GA][Iter3] Gen:1 Ind:16 RMSE(val)=153.240154
[GA][Iter3] Gen:1 Ind:17 RMSE(val)=159.872722
[GA][Iter3] Gen:1 Ind:18 RMSE(val)=151.551307
[GA][Iter3] Gen:1 Ind:19 RMSE(val)=152.350892
[GA][Iter3] Gen:1 Ind:20 RMSE(val)=160.335949
[GA][Iter3] gen=1 best_val_rmse=149.734442
[GA][Iter3] Gen:2 Ind:1 RMSE(val)=149.734442
[GA][Iter3] Gen:2 Ind:2 RMSE(val)=150.858054
[GA][Iter3] Gen:2 Ind:3 RMSE(val)=150.917934
[GA][Iter3] Gen:2 Ind:4 RMSE(val)=151.381331
[GA][Iter3] Gen:2 Ind:5 RMSE(val)=151.551307
[GA][Iter3] Gen:2 Ind:6 RMSE(val)=152.014287
[GA][Iter3] Gen:2 Ind:7 RMSE(val)=152.116212
[GA][Iter3] Gen:2 Ind:8 RMSE(val)=152.350892
[GA][Iter3] Gen:2 Ind:9 RMSE(val)=152.842952
[GA][Iter3] Gen:2 Ind:10 RMSE(val)=153.240154
[GA][Iter3] Gen:2 Ind:11 RMSE(val)=153.311902
[GA][Iter3] Gen:2 Ind:12 RMSE(val)=149.736586
[GA][Iter3] Gen:2 Ind:13 RMSE(val)=152.451510
[GA][Iter3] Gen:2 Ind:14 RMSE(val)=148.762851
[GA][Iter3] Gen:2 Ind:15 RMSE(val)=152.034084
[GA][Iter3] Gen:2 Ind:16 RMSE(val)=151.381331
[GA][Iter3] Gen:2 Ind:17 RMSE(val)=153.118825
[GA][Iter3] Gen:2 Ind:18 RMSE(val)=150.131513
[GA][Iter3] Gen:2 Ind:19 RMSE(val)=166.830369
[GA][Iter3] Gen:2 Ind:20 RMSE(val)=149.987069
[GA][Iter3] gen=2 best_val_rmse=148.762851
[GA][Iter3] Gen:3 Ind:1 RMSE(val)=148.762851
[GA][Iter3] Gen:3 Ind:2 RMSE(val)=149.734442
[GA][Iter3] Gen:3 Ind:3 RMSE(val)=149.736586
[GA][Iter3] Gen:3 Ind:4 RMSE(val)=149.987069
[GA][Iter3] Gen:3 Ind:5 RMSE(val)=150.131513
[GA][Iter3] Gen:3 Ind:6 RMSE(val)=150.858054
[GA][Iter3] Gen:3 Ind:7 RMSE(val)=150.917934
[GA][Iter3] Gen:3 Ind:8 RMSE(val)=151.381331
[GA][Iter3] Gen:3 Ind:9 RMSE(val)=151.381331
[GA][Iter3] Gen:3 Ind:10 RMSE(val)=151.551307
[GA][Iter3] Gen:3 Ind:11 RMSE(val)=149.734442
[GA][Iter3] Gen:3 Ind:12 RMSE(val)=149.772977
[GA][Iter3] Gen:3 Ind:13 RMSE(val)=150.131548
[GA][Iter3] Gen:3 Ind:14 RMSE(val)=148.567484
[GA][Iter3] Gen:3 Ind:15 RMSE(val)=149.802295
[GA][Iter3] Gen:3 Ind:16 RMSE(val)=150.131513
[GA][Iter3] Gen:3 Ind:17 RMSE(val)=151.105029
[GA][Iter3] Gen:3 Ind:18 RMSE(val)=151.730359
[GA][Iter3] Gen:3 Ind:19 RMSE(val)=150.634857
[GA][Iter3] Gen:3 Ind:20 RMSE(val)=150.068191
[GA][Iter3] gen=3 best_val_rmse=148.567484
[GA][Iter3] Gen:4 Ind:1 RMSE(val)=148.567484
[GA][Iter3] Gen:4 Ind:2 RMSE(val)=148.762851
[GA][Iter3] Gen:4 Ind:3 RMSE(val)=149.734442
[GA][Iter3] Gen:4 Ind:4 RMSE(val)=149.734442
[GA][Iter3] Gen:4 Ind:5 RMSE(val)=149.736586
[GA][Iter3] Gen:4 Ind:6 RMSE(val)=149.772977
[GA][Iter3] Gen:4 Ind:7 RMSE(val)=149.802295
[GA][Iter3] Gen:4 Ind:8 RMSE(val)=149.987069
[GA][Iter3] Gen:4 Ind:9 RMSE(val)=150.068191
[GA][Iter3] Gen:4 Ind:10 RMSE(val)=150.131513
[GA][Iter3] Gen:4 Ind:11 RMSE(val)=148.307820
[GA][Iter3] Gen:4 Ind:12 RMSE(val)=149.480920
[GA][Iter3] Gen:4 Ind:13 RMSE(val)=149.734442
[GA][Iter3] Gen:4 Ind:14 RMSE(val)=149.129897
[GA][Iter3] Gen:4 Ind:15 RMSE(val)=149.734442
[GA][Iter3] Gen:4 Ind:16 RMSE(val)=149.803117
[GA][Iter3] Gen:4 Ind:17 RMSE(val)=149.728069
[GA][Iter3] Gen:4 Ind:18 RMSE(val)=150.019349
[GA][Iter3] Gen:4 Ind:19 RMSE(val)=149.022205
[GA][Iter3] Gen:4 Ind:20 RMSE(val)=149.734442
[GA][Iter3] gen=4 best_val_rmse=148.307820
[GA][Iter3] Gen:5 Ind:1 RMSE(val)=148.307820
[GA][Iter3] Gen:5 Ind:2 RMSE(val)=148.567484
[GA][Iter3] Gen:5 Ind:3 RMSE(val)=148.762851
[GA][Iter3] Gen:5 Ind:4 RMSE(val)=149.022205
[GA][Iter3] Gen:5 Ind:5 RMSE(val)=149.129897
[GA][Iter3] Gen:5 Ind:6 RMSE(val)=149.480920
[GA][Iter3] Gen:5 Ind:7 RMSE(val)=149.728069
[GA][Iter3] Gen:5 Ind:8 RMSE(val)=149.734442
[GA][Iter3] Gen:5 Ind:9 RMSE(val)=149.734442
[GA][Iter3] Gen:5 Ind:10 RMSE(val)=149.734442
[GA][Iter3] Gen:5 Ind:11 RMSE(val)=148.753167
[GA][Iter3] Gen:5 Ind:12 RMSE(val)=149.129679
[GA][Iter3] Gen:5 Ind:13 RMSE(val)=148.169963
[GA][Iter3] Gen:5 Ind:14 RMSE(val)=149.708112
[GA][Iter3] Gen:5 Ind:15 RMSE(val)=149.249145
[GA][Iter3] Gen:5 Ind:16 RMSE(val)=149.500644
[GA][Iter3] Gen:5 Ind:17 RMSE(val)=148.944464
[GA][Iter3] Gen:5 Ind:18 RMSE(val)=149.734442
[GA][Iter3] Gen:5 Ind:19 RMSE(val)=149.734442
[GA][Iter3] Gen:5 Ind:20 RMSE(val)=149.734442
[GA][Iter3] gen=5 best_val_rmse=148.169963
[GA][Iter3] Gen:6 Ind:1 RMSE(val)=148.169963
[GA][Iter3] Gen:6 Ind:2 RMSE(val)=148.307820
[GA][Iter3] Gen:6 Ind:3 RMSE(val)=148.567484
[GA][Iter3] Gen:6 Ind:4 RMSE(val)=148.753167
[GA][Iter3] Gen:6 Ind:5 RMSE(val)=148.762851
[GA][Iter3] Gen:6 Ind:6 RMSE(val)=148.944464
[GA][Iter3] Gen:6 Ind:7 RMSE(val)=149.022205
[GA][Iter3] Gen:6 Ind:8 RMSE(val)=149.129679
[GA][Iter3] Gen:6 Ind:9 RMSE(val)=149.129897
[GA][Iter3] Gen:6 Ind:10 RMSE(val)=149.249145
[GA][Iter3] Gen:6 Ind:11 RMSE(val)=148.567484
[GA][Iter3] Gen:6 Ind:12 RMSE(val)=148.753167
[GA][Iter3] Gen:6 Ind:13 RMSE(val)=148.762851
[GA][Iter3] Gen:6 Ind:14 RMSE(val)=148.753167
[GA][Iter3] Gen:6 Ind:15 RMSE(val)=149.249145
[GA][Iter3] Gen:6 Ind:16 RMSE(val)=148.566011
[GA][Iter3] Gen:6 Ind:17 RMSE(val)=148.307820
[GA][Iter3] Gen:6 Ind:18 RMSE(val)=148.169963
[GA][Iter3] Gen:6 Ind:19 RMSE(val)=149.129679
[GA][Iter3] Gen:6 Ind:20 RMSE(val)=148.307820
[GA][Iter3] gen=6 best_val_rmse=148.169963
[GA][Iter3] Gen:7 Ind:1 RMSE(val)=148.169963
[GA][Iter3] Gen:7 Ind:2 RMSE(val)=148.169963
[GA][Iter3] Gen:7 Ind:3 RMSE(val)=148.307820
[GA][Iter3] Gen:7 Ind:4 RMSE(val)=148.307820
[GA][Iter3] Gen:7 Ind:5 RMSE(val)=148.307820
[GA][Iter3] Gen:7 Ind:6 RMSE(val)=148.566011
[GA][Iter3] Gen:7 Ind:7 RMSE(val)=148.567484
[GA][Iter3] Gen:7 Ind:8 RMSE(val)=148.567484
[GA][Iter3] Gen:7 Ind:9 RMSE(val)=148.753167
[GA][Iter3] Gen:7 Ind:10 RMSE(val)=148.753167
[GA][Iter3] Gen:7 Ind:11 RMSE(val)=163.141696
[GA][Iter3] Gen:7 Ind:12 RMSE(val)=148.169963
[GA][Iter3] Gen:7 Ind:13 RMSE(val)=148.762851
[GA][Iter3] Gen:7 Ind:14 RMSE(val)=148.567484
[GA][Iter3] Gen:7 Ind:15 RMSE(val)=148.566011
[GA][Iter3] Gen:7 Ind:16 RMSE(val)=149.249145
[GA][Iter3] Gen:7 Ind:17 RMSE(val)=148.753167
[GA][Iter3] Gen:7 Ind:18 RMSE(val)=148.912074
[GA][Iter3] Gen:7 Ind:19 RMSE(val)=148.597707
[GA][Iter3] Gen:7 Ind:20 RMSE(val)=148.307820
[GA][Iter3] gen=7 best_val_rmse=148.169963
[GA][Iter3] Gen:8 Ind:1 RMSE(val)=148.169963
[GA][Iter3] Gen:8 Ind:2 RMSE(val)=148.169963
[GA][Iter3] Gen:8 Ind:3 RMSE(val)=148.169963
[GA][Iter3] Gen:8 Ind:4 RMSE(val)=148.307820
[GA][Iter3] Gen:8 Ind:5 RMSE(val)=148.307820
[GA][Iter3] Gen:8 Ind:6 RMSE(val)=148.307820
[GA][Iter3] Gen:8 Ind:7 RMSE(val)=148.307820
[GA][Iter3] Gen:8 Ind:8 RMSE(val)=148.566011
[GA][Iter3] Gen:8 Ind:9 RMSE(val)=148.566011
[GA][Iter3] Gen:8 Ind:10 RMSE(val)=148.567484
[GA][Iter3] Gen:8 Ind:11 RMSE(val)=148.566011
[GA][Iter3] Gen:8 Ind:12 RMSE(val)=148.169963
[GA][Iter3] Gen:8 Ind:13 RMSE(val)=148.307820
[GA][Iter3] Gen:8 Ind:14 RMSE(val)=148.177654
[GA][Iter3] Gen:8 Ind:15 RMSE(val)=148.566011
[GA][Iter3] Gen:8 Ind:16 RMSE(val)=148.255838
[GA][Iter3] Gen:8 Ind:17 RMSE(val)=148.566011
[GA][Iter3] Gen:8 Ind:18 RMSE(val)=168.334880
[GA][Iter3] Gen:8 Ind:19 RMSE(val)=148.307820
[GA][Iter3] Gen:8 Ind:20 RMSE(val)=148.566011
[GA][Iter3] gen=8 best_val_rmse=148.169963
[GA][Iter3] Gen:9 Ind:1 RMSE(val)=148.169963
[GA][Iter3] Gen:9 Ind:2 RMSE(val)=148.169963
[GA][Iter3] Gen:9 Ind:3 RMSE(val)=148.169963
[GA][Iter3] Gen:9 Ind:4 RMSE(val)=148.169963
[GA][Iter3] Gen:9 Ind:5 RMSE(val)=148.177654
[GA][Iter3] Gen:9 Ind:6 RMSE(val)=148.255838
[GA][Iter3] Gen:9 Ind:7 RMSE(val)=148.307820
[GA][Iter3] Gen:9 Ind:8 RMSE(val)=148.307820
[GA][Iter3] Gen:9 Ind:9 RMSE(val)=148.307820
[GA][Iter3] Gen:9 Ind:10 RMSE(val)=148.307820
[GA][Iter3] Gen:9 Ind:11 RMSE(val)=148.307820
[GA][Iter3] Gen:9 Ind:12 RMSE(val)=148.299134
[GA][Iter3] Gen:9 Ind:13 RMSE(val)=148.171371
[GA][Iter3] Gen:9 Ind:14 RMSE(val)=148.169963
[GA][Iter3] Gen:9 Ind:15 RMSE(val)=148.169963
[GA][Iter3] Gen:9 Ind:16 RMSE(val)=148.012543
[GA][Iter3] Gen:9 Ind:17 RMSE(val)=168.334880
[GA][Iter3] Gen:9 Ind:18 RMSE(val)=148.307820
[GA][Iter3] Gen:9 Ind:19 RMSE(val)=148.566011
[GA][Iter3] Gen:9 Ind:20 RMSE(val)=148.307820
[GA][Iter3] gen=9 best_val_rmse=148.012543
[GA][Iter3] Gen:10 Ind:1 RMSE(val)=148.012543
[GA][Iter3] Gen:10 Ind:2 RMSE(val)=148.169963
[GA][Iter3] Gen:10 Ind:3 RMSE(val)=148.169963
[GA][Iter3] Gen:10 Ind:4 RMSE(val)=148.169963
[GA][Iter3] Gen:10 Ind:5 RMSE(val)=148.169963
[GA][Iter3] Gen:10 Ind:6 RMSE(val)=148.169963
[GA][Iter3] Gen:10 Ind:7 RMSE(val)=148.169963
[GA][Iter3] Gen:10 Ind:8 RMSE(val)=148.171371
[GA][Iter3] Gen:10 Ind:9 RMSE(val)=148.177654
[GA][Iter3] Gen:10 Ind:10 RMSE(val)=148.255838
[GA][Iter3] Gen:10 Ind:11 RMSE(val)=148.169963
[GA][Iter3] Gen:10 Ind:12 RMSE(val)=148.012543
[GA][Iter3] Gen:10 Ind:13 RMSE(val)=148.169963
[GA][Iter3] Gen:10 Ind:14 RMSE(val)=148.169963
[GA][Iter3] Gen:10 Ind:15 RMSE(val)=154.775491
[GA][Iter3] Gen:10 Ind:16 RMSE(val)=147.968351
[GA][Iter3] Gen:10 Ind:17 RMSE(val)=148.169963
[GA][Iter3] Gen:10 Ind:18 RMSE(val)=148.255838
[GA][Iter3] Gen:10 Ind:19 RMSE(val)=148.255838
[GA][Iter3] Gen:10 Ind:20 RMSE(val)=148.012543
[GA][Iter3] gen=10 best_val_rmse=147.968351
[GA][Iter3] Gen:11 Ind:1 RMSE(val)=147.968351
[GA][Iter3] Gen:11 Ind:2 RMSE(val)=148.012543
[GA][Iter3] Gen:11 Ind:3 RMSE(val)=148.012543
[GA][Iter3] Gen:11 Ind:4 RMSE(val)=148.012543
[GA][Iter3] Gen:11 Ind:5 RMSE(val)=148.169963
[GA][Iter3] Gen:11 Ind:6 RMSE(val)=148.169963
[GA][Iter3] Gen:11 Ind:7 RMSE(val)=148.169963
[GA][Iter3] Gen:11 Ind:8 RMSE(val)=148.169963
[GA][Iter3] Gen:11 Ind:9 RMSE(val)=148.169963
[GA][Iter3] Gen:11 Ind:10 RMSE(val)=148.169963
[GA][Iter3] Gen:11 Ind:11 RMSE(val)=148.012543
[GA][Iter3] Gen:11 Ind:12 RMSE(val)=148.169963
[GA][Iter3] Gen:11 Ind:13 RMSE(val)=148.169963
[GA][Iter3] Gen:11 Ind:14 RMSE(val)=148.169963
[GA][Iter3] Gen:11 Ind:15 RMSE(val)=148.112222
[GA][Iter3] Gen:11 Ind:16 RMSE(val)=148.169963
[GA][Iter3] Gen:11 Ind:17 RMSE(val)=148.012543
[GA][Iter3] Gen:11 Ind:18 RMSE(val)=148.012543
[GA][Iter3] Gen:11 Ind:19 RMSE(val)=148.171371
[GA][Iter3] Gen:11 Ind:20 RMSE(val)=149.359922
[GA][Iter3] gen=11 best_val_rmse=147.968351
[GA][Iter3] Gen:12 Ind:1 RMSE(val)=147.968351
[GA][Iter3] Gen:12 Ind:2 RMSE(val)=148.012543
[GA][Iter3] Gen:12 Ind:3 RMSE(val)=148.012543
[GA][Iter3] Gen:12 Ind:4 RMSE(val)=148.012543
[GA][Iter3] Gen:12 Ind:5 RMSE(val)=148.012543
[GA][Iter3] Gen:12 Ind:6 RMSE(val)=148.012543
[GA][Iter3] Gen:12 Ind:7 RMSE(val)=148.012543
[GA][Iter3] Gen:12 Ind:8 RMSE(val)=148.112222
[GA][Iter3] Gen:12 Ind:9 RMSE(val)=148.169963
[GA][Iter3] Gen:12 Ind:10 RMSE(val)=148.169963
[GA][Iter3] Gen:12 Ind:11 RMSE(val)=148.012543
[GA][Iter3] Gen:12 Ind:12 RMSE(val)=148.169963
[GA][Iter3] Gen:12 Ind:13 RMSE(val)=148.169963
[GA][Iter3] Gen:12 Ind:14 RMSE(val)=148.169963
[GA][Iter3] Gen:12 Ind:15 RMSE(val)=148.169963
[GA][Iter3] Gen:12 Ind:16 RMSE(val)=148.012543
[GA][Iter3] Gen:12 Ind:17 RMSE(val)=148.100560
[GA][Iter3] Gen:12 Ind:18 RMSE(val)=148.012543
[GA][Iter3] Gen:12 Ind:19 RMSE(val)=148.169963
[GA][Iter3] Gen:12 Ind:20 RMSE(val)=147.974997
[GA][Iter3] gen=12 best_val_rmse=147.968351
[GA][Iter3] Gen:13 Ind:1 RMSE(val)=147.968351
[GA][Iter3] Gen:13 Ind:2 RMSE(val)=147.974997
[GA][Iter3] Gen:13 Ind:3 RMSE(val)=148.012543
[GA][Iter3] Gen:13 Ind:4 RMSE(val)=148.012543
[GA][Iter3] Gen:13 Ind:5 RMSE(val)=148.012543
[GA][Iter3] Gen:13 Ind:6 RMSE(val)=148.012543
[GA][Iter3] Gen:13 Ind:7 RMSE(val)=148.012543
[GA][Iter3] Gen:13 Ind:8 RMSE(val)=148.012543
[GA][Iter3] Gen:13 Ind:9 RMSE(val)=148.012543
[GA][Iter3] Gen:13 Ind:10 RMSE(val)=148.012543
[GA][Iter3] Gen:13 Ind:11 RMSE(val)=148.012543
[GA][Iter3] Gen:13 Ind:12 RMSE(val)=148.171371
[GA][Iter3] Gen:13 Ind:13 RMSE(val)=154.724626
[GA][Iter3] Gen:13 Ind:14 RMSE(val)=148.012543
[GA][Iter3] Gen:13 Ind:15 RMSE(val)=148.012543
[GA][Iter3] Gen:13 Ind:16 RMSE(val)=148.380970
[GA][Iter3] Gen:13 Ind:17 RMSE(val)=147.968351
[GA][Iter3] Gen:13 Ind:18 RMSE(val)=148.012543
[GA][Iter3] Gen:13 Ind:19 RMSE(val)=148.014631
[GA][Iter3] Gen:13 Ind:20 RMSE(val)=147.992676
[GA][Iter3] gen=13 best_val_rmse=147.968351
[GA][Iter3] Gen:14 Ind:1 RMSE(val)=147.968351
[GA][Iter3] Gen:14 Ind:2 RMSE(val)=147.968351
[GA][Iter3] Gen:14 Ind:3 RMSE(val)=147.974997
[GA][Iter3] Gen:14 Ind:4 RMSE(val)=147.992676
[GA][Iter3] Gen:14 Ind:5 RMSE(val)=148.012543
[GA][Iter3] Gen:14 Ind:6 RMSE(val)=148.012543
[GA][Iter3] Gen:14 Ind:7 RMSE(val)=148.012543
[GA][Iter3] Gen:14 Ind:8 RMSE(val)=148.012543
[GA][Iter3] Gen:14 Ind:9 RMSE(val)=148.012543
[GA][Iter3] Gen:14 Ind:10 RMSE(val)=148.012543
[GA][Iter3] Gen:14 Ind:11 RMSE(val)=148.012543
[GA][Iter3] Gen:14 Ind:12 RMSE(val)=148.169963
[GA][Iter3] Gen:14 Ind:13 RMSE(val)=148.012543
[GA][Iter3] Gen:14 Ind:14 RMSE(val)=147.968028
[GA][Iter3] Gen:14 Ind:15 RMSE(val)=147.980071
[GA][Iter3] Gen:14 Ind:16 RMSE(val)=148.012543
[GA][Iter3] Gen:14 Ind:17 RMSE(val)=148.012543
[GA][Iter3] Gen:14 Ind:18 RMSE(val)=148.012543
[GA][Iter3] Gen:14 Ind:19 RMSE(val)=165.263749
[GA][Iter3] Gen:14 Ind:20 RMSE(val)=148.012543
[GA][Iter3] gen=14 best_val_rmse=147.968028
[GA][Iter3] Gen:15 Ind:1 RMSE(val)=147.968028
[GA][Iter3] Gen:15 Ind:2 RMSE(val)=147.968351
[GA][Iter3] Gen:15 Ind:3 RMSE(val)=147.968351
[GA][Iter3] Gen:15 Ind:4 RMSE(val)=147.974997
[GA][Iter3] Gen:15 Ind:5 RMSE(val)=147.980071
[GA][Iter3] Gen:15 Ind:6 RMSE(val)=147.992676
[GA][Iter3] Gen:15 Ind:7 RMSE(val)=148.012543
[GA][Iter3] Gen:15 Ind:8 RMSE(val)=148.012543
[GA][Iter3] Gen:15 Ind:9 RMSE(val)=148.012543
[GA][Iter3] Gen:15 Ind:10 RMSE(val)=148.012543
[GA][Iter3] Gen:15 Ind:11 RMSE(val)=147.980071
[GA][Iter3] Gen:15 Ind:12 RMSE(val)=147.968351
[GA][Iter3] Gen:15 Ind:13 RMSE(val)=147.961776
[GA][Iter3] Gen:15 Ind:14 RMSE(val)=148.099926
[GA][Iter3] Gen:15 Ind:15 RMSE(val)=147.980071
[GA][Iter3] Gen:15 Ind:16 RMSE(val)=147.980071
[GA][Iter3] Gen:15 Ind:17 RMSE(val)=147.992676
[GA][Iter3] Gen:15 Ind:18 RMSE(val)=156.000531
[GA][Iter3] Gen:15 Ind:19 RMSE(val)=147.776086
[GA][Iter3] Gen:15 Ind:20 RMSE(val)=147.968028
[GA][Iter3] gen=15 best_val_rmse=147.776086
[GA][Iter3] Gen:15 Ind:1 RMSE(val)=147.776086
[GA][Iter3] Gen:15 Ind:2 RMSE(val)=147.961776
[GA][Iter3] Gen:15 Ind:3 RMSE(val)=147.968028
[GA][Iter3] Gen:15 Ind:4 RMSE(val)=147.968028
[GA][Iter3] Gen:15 Ind:5 RMSE(val)=147.968351
[GA][Iter3] Gen:15 Ind:6 RMSE(val)=147.968351
[GA][Iter3] Gen:15 Ind:7 RMSE(val)=147.968351
[GA][Iter3] Gen:15 Ind:8 RMSE(val)=147.974997
[GA][Iter3] Gen:15 Ind:9 RMSE(val)=147.980071
[GA][Iter3] Gen:15 Ind:10 RMSE(val)=147.980071
[GA][Iter3] Gen:15 Ind:11 RMSE(val)=148.014631
[GA][Iter3] Gen:15 Ind:12 RMSE(val)=148.171371
[GA][Iter3] Gen:15 Ind:13 RMSE(val)=147.994290
[GA][Iter3] Gen:15 Ind:14 RMSE(val)=147.968351
[GA][Iter3] Gen:15 Ind:15 RMSE(val)=148.313322
[GA][Iter3] Gen:15 Ind:16 RMSE(val)=147.968351
[GA][Iter3] Gen:15 Ind:17 RMSE(val)=147.968351
[GA][Iter3] Gen:15 Ind:18 RMSE(val)=147.887772
[GA][Iter3] Gen:15 Ind:19 RMSE(val)=147.983454
[GA][Iter3] Gen:15 Ind:20 RMSE(val)=147.980071

[GA DONE][Iter3] Best params on val fold of Iter3
Best val RMSE: 147.776086
Best params: {'n_estimators': 1009, 'max_depth': None, 'min_samples_split': 19, 'min_samples_leaf': 12, 'max_features': None, 'bootstrap': True}
--------------------------------------------------------------------------------
[RETUNE GA] Iter3: train folds 1..7 -> test fold 8  RMSE=225.511797  NRMSE=1.152341  CVRMSE=0.246076  R2=-0.334244
[GA][Iter4] Gen:1 Ind:1 RMSE(val)=232.330763
[GA][Iter4] Gen:1 Ind:2 RMSE(val)=228.500201
[GA][Iter4] Gen:1 Ind:3 RMSE(val)=222.637460
[GA][Iter4] Gen:1 Ind:4 RMSE(val)=220.999290
[GA][Iter4] Gen:1 Ind:5 RMSE(val)=284.366462
[GA][Iter4] Gen:1 Ind:6 RMSE(val)=224.001975
[GA][Iter4] Gen:1 Ind:7 RMSE(val)=224.261864
[GA][Iter4] Gen:1 Ind:8 RMSE(val)=221.679976
[GA][Iter4] Gen:1 Ind:9 RMSE(val)=224.577455
[GA][Iter4] Gen:1 Ind:10 RMSE(val)=223.050564
[GA][Iter4] Gen:1 Ind:11 RMSE(val)=221.308687
[GA][Iter4] Gen:1 Ind:12 RMSE(val)=228.575483
[GA][Iter4] Gen:1 Ind:13 RMSE(val)=223.651050
[GA][Iter4] Gen:1 Ind:14 RMSE(val)=218.641253
[GA][Iter4] Gen:1 Ind:15 RMSE(val)=220.714481
[GA][Iter4] Gen:1 Ind:16 RMSE(val)=221.598534
[GA][Iter4] Gen:1 Ind:17 RMSE(val)=224.756688
[GA][Iter4] Gen:1 Ind:18 RMSE(val)=219.903557
[GA][Iter4] Gen:1 Ind:19 RMSE(val)=224.019311
[GA][Iter4] Gen:1 Ind:20 RMSE(val)=253.568589
[GA][Iter4] gen=1 best_val_rmse=218.641253
[GA][Iter4] Gen:2 Ind:1 RMSE(val)=218.641253
[GA][Iter4] Gen:2 Ind:2 RMSE(val)=219.903557
[GA][Iter4] Gen:2 Ind:3 RMSE(val)=220.714481
[GA][Iter4] Gen:2 Ind:4 RMSE(val)=220.999290
[GA][Iter4] Gen:2 Ind:5 RMSE(val)=221.308687
[GA][Iter4] Gen:2 Ind:6 RMSE(val)=221.598534
[GA][Iter4] Gen:2 Ind:7 RMSE(val)=221.679976
[GA][Iter4] Gen:2 Ind:8 RMSE(val)=222.637460
[GA][Iter4] Gen:2 Ind:9 RMSE(val)=223.050564
[GA][Iter4] Gen:2 Ind:10 RMSE(val)=223.651050
[GA][Iter4] Gen:2 Ind:11 RMSE(val)=223.848262
[GA][Iter4] Gen:2 Ind:12 RMSE(val)=220.923176
[GA][Iter4] Gen:2 Ind:13 RMSE(val)=220.000130
[GA][Iter4] Gen:2 Ind:14 RMSE(val)=219.963612
[GA][Iter4] Gen:2 Ind:15 RMSE(val)=222.637460
[GA][Iter4] Gen:2 Ind:16 RMSE(val)=223.382026
[GA][Iter4] Gen:2 Ind:17 RMSE(val)=219.679111
[GA][Iter4] Gen:2 Ind:18 RMSE(val)=223.587872
[GA][Iter4] Gen:2 Ind:19 RMSE(val)=255.025870
[GA][Iter4] Gen:2 Ind:20 RMSE(val)=217.390809
[GA][Iter4] gen=2 best_val_rmse=217.390809
[GA][Iter4] Gen:3 Ind:1 RMSE(val)=217.390809
[GA][Iter4] Gen:3 Ind:2 RMSE(val)=218.641253
[GA][Iter4] Gen:3 Ind:3 RMSE(val)=219.679111
[GA][Iter4] Gen:3 Ind:4 RMSE(val)=219.903557
[GA][Iter4] Gen:3 Ind:5 RMSE(val)=219.963612
[GA][Iter4] Gen:3 Ind:6 RMSE(val)=220.000130
[GA][Iter4] Gen:3 Ind:7 RMSE(val)=220.714481
[GA][Iter4] Gen:3 Ind:8 RMSE(val)=220.923176
[GA][Iter4] Gen:3 Ind:9 RMSE(val)=220.999290
[GA][Iter4] Gen:3 Ind:10 RMSE(val)=221.308687
[GA][Iter4] Gen:3 Ind:11 RMSE(val)=221.703490
[GA][Iter4] Gen:3 Ind:12 RMSE(val)=220.261380
[GA][Iter4] Gen:3 Ind:13 RMSE(val)=219.671100
[GA][Iter4] Gen:3 Ind:14 RMSE(val)=217.384375
[GA][Iter4] Gen:3 Ind:15 RMSE(val)=216.491952
[GA][Iter4] Gen:3 Ind:16 RMSE(val)=218.641253
[GA][Iter4] Gen:3 Ind:17 RMSE(val)=220.330198
[GA][Iter4] Gen:3 Ind:18 RMSE(val)=218.885920
[GA][Iter4] Gen:3 Ind:19 RMSE(val)=219.974907
[GA][Iter4] Gen:3 Ind:20 RMSE(val)=220.188474
[GA][Iter4] gen=3 best_val_rmse=216.491952
[GA][Iter4] Gen:4 Ind:1 RMSE(val)=216.491952
[GA][Iter4] Gen:4 Ind:2 RMSE(val)=217.384375
[GA][Iter4] Gen:4 Ind:3 RMSE(val)=217.390809
[GA][Iter4] Gen:4 Ind:4 RMSE(val)=218.641253
[GA][Iter4] Gen:4 Ind:5 RMSE(val)=218.641253
[GA][Iter4] Gen:4 Ind:6 RMSE(val)=218.885920
[GA][Iter4] Gen:4 Ind:7 RMSE(val)=219.671100
[GA][Iter4] Gen:4 Ind:8 RMSE(val)=219.679111
[GA][Iter4] Gen:4 Ind:9 RMSE(val)=219.903557
[GA][Iter4] Gen:4 Ind:10 RMSE(val)=219.963612
[GA][Iter4] Gen:4 Ind:11 RMSE(val)=219.504571
[GA][Iter4] Gen:4 Ind:12 RMSE(val)=220.098493
[GA][Iter4] Gen:4 Ind:13 RMSE(val)=216.780479
[GA][Iter4] Gen:4 Ind:14 RMSE(val)=218.885920
[GA][Iter4] Gen:4 Ind:15 RMSE(val)=219.453766
[GA][Iter4] Gen:4 Ind:16 RMSE(val)=217.320986
[GA][Iter4] Gen:4 Ind:17 RMSE(val)=218.641253
[GA][Iter4] Gen:4 Ind:18 RMSE(val)=219.686271
[GA][Iter4] Gen:4 Ind:19 RMSE(val)=216.491952
[GA][Iter4] Gen:4 Ind:20 RMSE(val)=218.809368
[GA][Iter4] gen=4 best_val_rmse=216.491952
[GA][Iter4] Gen:5 Ind:1 RMSE(val)=216.491952
[GA][Iter4] Gen:5 Ind:2 RMSE(val)=216.491952
[GA][Iter4] Gen:5 Ind:3 RMSE(val)=216.780479
[GA][Iter4] Gen:5 Ind:4 RMSE(val)=217.320986
[GA][Iter4] Gen:5 Ind:5 RMSE(val)=217.384375
[GA][Iter4] Gen:5 Ind:6 RMSE(val)=217.390809
[GA][Iter4] Gen:5 Ind:7 RMSE(val)=218.641253
[GA][Iter4] Gen:5 Ind:8 RMSE(val)=218.641253
[GA][Iter4] Gen:5 Ind:9 RMSE(val)=218.641253
[GA][Iter4] Gen:5 Ind:10 RMSE(val)=218.809368
[GA][Iter4] Gen:5 Ind:11 RMSE(val)=217.390809
[GA][Iter4] Gen:5 Ind:12 RMSE(val)=217.320986
[GA][Iter4] Gen:5 Ind:13 RMSE(val)=220.646420
[GA][Iter4] Gen:5 Ind:14 RMSE(val)=218.641253
[GA][Iter4] Gen:5 Ind:15 RMSE(val)=216.491952
[GA][Iter4] Gen:5 Ind:16 RMSE(val)=218.641253
[GA][Iter4] Gen:5 Ind:17 RMSE(val)=219.496748
[GA][Iter4] Gen:5 Ind:18 RMSE(val)=218.809368
[GA][Iter4] Gen:5 Ind:19 RMSE(val)=218.641253
[GA][Iter4] Gen:5 Ind:20 RMSE(val)=218.641253
[GA][Iter4] gen=5 best_val_rmse=216.491952
[GA][Iter4] Gen:6 Ind:1 RMSE(val)=216.491952
[GA][Iter4] Gen:6 Ind:2 RMSE(val)=216.491952
[GA][Iter4] Gen:6 Ind:3 RMSE(val)=216.491952
[GA][Iter4] Gen:6 Ind:4 RMSE(val)=216.780479
[GA][Iter4] Gen:6 Ind:5 RMSE(val)=217.320986
[GA][Iter4] Gen:6 Ind:6 RMSE(val)=217.320986
[GA][Iter4] Gen:6 Ind:7 RMSE(val)=217.384375
[GA][Iter4] Gen:6 Ind:8 RMSE(val)=217.390809
[GA][Iter4] Gen:6 Ind:9 RMSE(val)=217.390809
[GA][Iter4] Gen:6 Ind:10 RMSE(val)=218.641253
[GA][Iter4] Gen:6 Ind:11 RMSE(val)=218.641253
[GA][Iter4] Gen:6 Ind:12 RMSE(val)=217.202553
[GA][Iter4] Gen:6 Ind:13 RMSE(val)=217.320986
[GA][Iter4] Gen:6 Ind:14 RMSE(val)=216.780479
[GA][Iter4] Gen:6 Ind:15 RMSE(val)=218.885920
[GA][Iter4] Gen:6 Ind:16 RMSE(val)=216.491952
[GA][Iter4] Gen:6 Ind:17 RMSE(val)=217.320986
[GA][Iter4] Gen:6 Ind:18 RMSE(val)=218.809368
[GA][Iter4] Gen:6 Ind:19 RMSE(val)=217.390809
[GA][Iter4] Gen:6 Ind:20 RMSE(val)=278.153637
[GA][Iter4] gen=6 best_val_rmse=216.491952
[GA][Iter4] Gen:7 Ind:1 RMSE(val)=216.491952
[GA][Iter4] Gen:7 Ind:2 RMSE(val)=216.491952
[GA][Iter4] Gen:7 Ind:3 RMSE(val)=216.491952
[GA][Iter4] Gen:7 Ind:4 RMSE(val)=216.491952
[GA][Iter4] Gen:7 Ind:5 RMSE(val)=216.780479
[GA][Iter4] Gen:7 Ind:6 RMSE(val)=216.780479
[GA][Iter4] Gen:7 Ind:7 RMSE(val)=217.202553
[GA][Iter4] Gen:7 Ind:8 RMSE(val)=217.320986
[GA][Iter4] Gen:7 Ind:9 RMSE(val)=217.320986
[GA][Iter4] Gen:7 Ind:10 RMSE(val)=217.320986
[GA][Iter4] Gen:7 Ind:11 RMSE(val)=217.025751
[GA][Iter4] Gen:7 Ind:12 RMSE(val)=216.505257
[GA][Iter4] Gen:7 Ind:13 RMSE(val)=216.491952
[GA][Iter4] Gen:7 Ind:14 RMSE(val)=217.202553
[GA][Iter4] Gen:7 Ind:15 RMSE(val)=216.780479
[GA][Iter4] Gen:7 Ind:16 RMSE(val)=217.956589
[GA][Iter4] Gen:7 Ind:17 RMSE(val)=217.320986
[GA][Iter4] Gen:7 Ind:18 RMSE(val)=217.320986
[GA][Iter4] Gen:7 Ind:19 RMSE(val)=217.320986
[GA][Iter4] Gen:7 Ind:20 RMSE(val)=216.491952
[GA][Iter4] gen=7 best_val_rmse=216.491952
[GA][Iter4] Gen:8 Ind:1 RMSE(val)=216.491952
[GA][Iter4] Gen:8 Ind:2 RMSE(val)=216.491952
[GA][Iter4] Gen:8 Ind:3 RMSE(val)=216.491952
[GA][Iter4] Gen:8 Ind:4 RMSE(val)=216.491952
[GA][Iter4] Gen:8 Ind:5 RMSE(val)=216.491952
[GA][Iter4] Gen:8 Ind:6 RMSE(val)=216.491952
[GA][Iter4] Gen:8 Ind:7 RMSE(val)=216.505257
[GA][Iter4] Gen:8 Ind:8 RMSE(val)=216.780479
[GA][Iter4] Gen:8 Ind:9 RMSE(val)=216.780479
[GA][Iter4] Gen:8 Ind:10 RMSE(val)=216.780479
[GA][Iter4] Gen:8 Ind:11 RMSE(val)=216.491952
[GA][Iter4] Gen:8 Ind:12 RMSE(val)=216.798341
[GA][Iter4] Gen:8 Ind:13 RMSE(val)=216.505257
[GA][Iter4] Gen:8 Ind:14 RMSE(val)=216.490766
[GA][Iter4] Gen:8 Ind:15 RMSE(val)=216.780479
[GA][Iter4] Gen:8 Ind:16 RMSE(val)=216.131601
[GA][Iter4] Gen:8 Ind:17 RMSE(val)=216.780479
[GA][Iter4] Gen:8 Ind:18 RMSE(val)=219.405102
[GA][Iter4] Gen:8 Ind:19 RMSE(val)=216.491952
[GA][Iter4] Gen:8 Ind:20 RMSE(val)=216.780479
[GA][Iter4] gen=8 best_val_rmse=216.131601
[GA][Iter4] Gen:9 Ind:1 RMSE(val)=216.131601
[GA][Iter4] Gen:9 Ind:2 RMSE(val)=216.490766
[GA][Iter4] Gen:9 Ind:3 RMSE(val)=216.491952
[GA][Iter4] Gen:9 Ind:4 RMSE(val)=216.491952
[GA][Iter4] Gen:9 Ind:5 RMSE(val)=216.491952
[GA][Iter4] Gen:9 Ind:6 RMSE(val)=216.491952
[GA][Iter4] Gen:9 Ind:7 RMSE(val)=216.491952
[GA][Iter4] Gen:9 Ind:8 RMSE(val)=216.491952
[GA][Iter4] Gen:9 Ind:9 RMSE(val)=216.491952
[GA][Iter4] Gen:9 Ind:10 RMSE(val)=216.491952
[GA][Iter4] Gen:9 Ind:11 RMSE(val)=216.491952
[GA][Iter4] Gen:9 Ind:12 RMSE(val)=216.662667
[GA][Iter4] Gen:9 Ind:13 RMSE(val)=216.401262
[GA][Iter4] Gen:9 Ind:14 RMSE(val)=216.491952
[GA][Iter4] Gen:9 Ind:15 RMSE(val)=278.153637
[GA][Iter4] Gen:9 Ind:16 RMSE(val)=217.320986
[GA][Iter4] Gen:9 Ind:17 RMSE(val)=218.809368
[GA][Iter4] Gen:9 Ind:18 RMSE(val)=216.491952
[GA][Iter4] Gen:9 Ind:19 RMSE(val)=216.491952
[GA][Iter4] Gen:9 Ind:20 RMSE(val)=216.491952
[GA][Iter4] gen=9 best_val_rmse=216.131601
[GA][Iter4] Gen:10 Ind:1 RMSE(val)=216.131601
[GA][Iter4] Gen:10 Ind:2 RMSE(val)=216.401262
[GA][Iter4] Gen:10 Ind:3 RMSE(val)=216.490766
[GA][Iter4] Gen:10 Ind:4 RMSE(val)=216.491952
[GA][Iter4] Gen:10 Ind:5 RMSE(val)=216.491952
[GA][Iter4] Gen:10 Ind:6 RMSE(val)=216.491952
[GA][Iter4] Gen:10 Ind:7 RMSE(val)=216.491952
[GA][Iter4] Gen:10 Ind:8 RMSE(val)=216.491952
[GA][Iter4] Gen:10 Ind:9 RMSE(val)=216.491952
[GA][Iter4] Gen:10 Ind:10 RMSE(val)=216.491952
[GA][Iter4] Gen:10 Ind:11 RMSE(val)=216.491952
[GA][Iter4] Gen:10 Ind:12 RMSE(val)=216.131601
[GA][Iter4] Gen:10 Ind:13 RMSE(val)=216.401262
[GA][Iter4] Gen:10 Ind:14 RMSE(val)=216.491952
[GA][Iter4] Gen:10 Ind:15 RMSE(val)=216.491952
[GA][Iter4] Gen:10 Ind:16 RMSE(val)=219.885122
[GA][Iter4] Gen:10 Ind:17 RMSE(val)=216.401262
[GA][Iter4] Gen:10 Ind:18 RMSE(val)=216.491952
[GA][Iter4] Gen:10 Ind:19 RMSE(val)=216.491952
[GA][Iter4] Gen:10 Ind:20 RMSE(val)=216.478154
[GA][Iter4] gen=10 best_val_rmse=216.131601
[GA][Iter4] Gen:11 Ind:1 RMSE(val)=216.131601
[GA][Iter4] Gen:11 Ind:2 RMSE(val)=216.131601
[GA][Iter4] Gen:11 Ind:3 RMSE(val)=216.401262
[GA][Iter4] Gen:11 Ind:4 RMSE(val)=216.401262
[GA][Iter4] Gen:11 Ind:5 RMSE(val)=216.401262
[GA][Iter4] Gen:11 Ind:6 RMSE(val)=216.478154
[GA][Iter4] Gen:11 Ind:7 RMSE(val)=216.490766
[GA][Iter4] Gen:11 Ind:8 RMSE(val)=216.491952
[GA][Iter4] Gen:11 Ind:9 RMSE(val)=216.491952
[GA][Iter4] Gen:11 Ind:10 RMSE(val)=216.491952
[GA][Iter4] Gen:11 Ind:11 RMSE(val)=216.401262
[GA][Iter4] Gen:11 Ind:12 RMSE(val)=216.401262
[GA][Iter4] Gen:11 Ind:13 RMSE(val)=216.490766
[GA][Iter4] Gen:11 Ind:14 RMSE(val)=216.490766
[GA][Iter4] Gen:11 Ind:15 RMSE(val)=216.635442
[GA][Iter4] Gen:11 Ind:16 RMSE(val)=216.491952
[GA][Iter4] Gen:11 Ind:17 RMSE(val)=216.401262
[GA][Iter4] Gen:11 Ind:18 RMSE(val)=216.401262
[GA][Iter4] Gen:11 Ind:19 RMSE(val)=216.625423
[GA][Iter4] Gen:11 Ind:20 RMSE(val)=216.445694
[GA][Iter4] gen=11 best_val_rmse=216.131601
[GA][Iter4] Gen:12 Ind:1 RMSE(val)=216.131601
[GA][Iter4] Gen:12 Ind:2 RMSE(val)=216.131601
[GA][Iter4] Gen:12 Ind:3 RMSE(val)=216.401262
[GA][Iter4] Gen:12 Ind:4 RMSE(val)=216.401262
[GA][Iter4] Gen:12 Ind:5 RMSE(val)=216.401262
[GA][Iter4] Gen:12 Ind:6 RMSE(val)=216.401262
[GA][Iter4] Gen:12 Ind:7 RMSE(val)=216.401262
[GA][Iter4] Gen:12 Ind:8 RMSE(val)=216.401262
[GA][Iter4] Gen:12 Ind:9 RMSE(val)=216.401262
[GA][Iter4] Gen:12 Ind:10 RMSE(val)=216.445694
[GA][Iter4] Gen:12 Ind:11 RMSE(val)=216.401262
[GA][Iter4] Gen:12 Ind:12 RMSE(val)=216.131601
[GA][Iter4] Gen:12 Ind:13 RMSE(val)=216.625423
[GA][Iter4] Gen:12 Ind:14 RMSE(val)=216.401262
[GA][Iter4] Gen:12 Ind:15 RMSE(val)=216.625423
[GA][Iter4] Gen:12 Ind:16 RMSE(val)=216.401262
[GA][Iter4] Gen:12 Ind:17 RMSE(val)=216.283360
[GA][Iter4] Gen:12 Ind:18 RMSE(val)=216.401262
[GA][Iter4] Gen:12 Ind:19 RMSE(val)=216.401262
[GA][Iter4] Gen:12 Ind:20 RMSE(val)=216.820674
[GA][Iter4] gen=12 best_val_rmse=216.131601
[GA][Iter4] Gen:13 Ind:1 RMSE(val)=216.131601
[GA][Iter4] Gen:13 Ind:2 RMSE(val)=216.131601
[GA][Iter4] Gen:13 Ind:3 RMSE(val)=216.131601
[GA][Iter4] Gen:13 Ind:4 RMSE(val)=216.283360
[GA][Iter4] Gen:13 Ind:5 RMSE(val)=216.401262
[GA][Iter4] Gen:13 Ind:6 RMSE(val)=216.401262
[GA][Iter4] Gen:13 Ind:7 RMSE(val)=216.401262
[GA][Iter4] Gen:13 Ind:8 RMSE(val)=216.401262
[GA][Iter4] Gen:13 Ind:9 RMSE(val)=216.401262
[GA][Iter4] Gen:13 Ind:10 RMSE(val)=216.401262
[GA][Iter4] Gen:13 Ind:11 RMSE(val)=216.401262
[GA][Iter4] Gen:13 Ind:12 RMSE(val)=216.131601
[GA][Iter4] Gen:13 Ind:13 RMSE(val)=216.283360
[GA][Iter4] Gen:13 Ind:14 RMSE(val)=216.401262
[GA][Iter4] Gen:13 Ind:15 RMSE(val)=216.283360
[GA][Iter4] Gen:13 Ind:16 RMSE(val)=216.283360
[GA][Iter4] Gen:13 Ind:17 RMSE(val)=216.131601
[GA][Iter4] Gen:13 Ind:18 RMSE(val)=216.625423
[GA][Iter4] Gen:13 Ind:19 RMSE(val)=216.625423
[GA][Iter4] Gen:13 Ind:20 RMSE(val)=217.307043
[GA][Iter4] gen=13 best_val_rmse=216.131601
[GA][Iter4] Gen:14 Ind:1 RMSE(val)=216.131601
[GA][Iter4] Gen:14 Ind:2 RMSE(val)=216.131601
[GA][Iter4] Gen:14 Ind:3 RMSE(val)=216.131601
[GA][Iter4] Gen:14 Ind:4 RMSE(val)=216.131601
[GA][Iter4] Gen:14 Ind:5 RMSE(val)=216.131601
[GA][Iter4] Gen:14 Ind:6 RMSE(val)=216.283360
[GA][Iter4] Gen:14 Ind:7 RMSE(val)=216.283360
[GA][Iter4] Gen:14 Ind:8 RMSE(val)=216.283360
[GA][Iter4] Gen:14 Ind:9 RMSE(val)=216.283360
[GA][Iter4] Gen:14 Ind:10 RMSE(val)=216.401262
[GA][Iter4] Gen:14 Ind:11 RMSE(val)=216.283360
[GA][Iter4] Gen:14 Ind:12 RMSE(val)=216.792477
[GA][Iter4] Gen:14 Ind:13 RMSE(val)=216.283360
[GA][Iter4] Gen:14 Ind:14 RMSE(val)=216.388163
[GA][Iter4] Gen:14 Ind:15 RMSE(val)=216.283360
[GA][Iter4] Gen:14 Ind:16 RMSE(val)=216.283360
[GA][Iter4] Gen:14 Ind:17 RMSE(val)=216.283360
[GA][Iter4] Gen:14 Ind:18 RMSE(val)=216.283360
[GA][Iter4] Gen:14 Ind:19 RMSE(val)=219.092226
[GA][Iter4] Gen:14 Ind:20 RMSE(val)=216.283360
[GA][Iter4] gen=14 best_val_rmse=216.131601
[GA][Iter4] Gen:15 Ind:1 RMSE(val)=216.131601
[GA][Iter4] Gen:15 Ind:2 RMSE(val)=216.131601
[GA][Iter4] Gen:15 Ind:3 RMSE(val)=216.131601
[GA][Iter4] Gen:15 Ind:4 RMSE(val)=216.131601
[GA][Iter4] Gen:15 Ind:5 RMSE(val)=216.131601
[GA][Iter4] Gen:15 Ind:6 RMSE(val)=216.283360
[GA][Iter4] Gen:15 Ind:7 RMSE(val)=216.283360
[GA][Iter4] Gen:15 Ind:8 RMSE(val)=216.283360
[GA][Iter4] Gen:15 Ind:9 RMSE(val)=216.283360
[GA][Iter4] Gen:15 Ind:10 RMSE(val)=216.283360
[GA][Iter4] Gen:15 Ind:11 RMSE(val)=216.131601
[GA][Iter4] Gen:15 Ind:12 RMSE(val)=216.131601
[GA][Iter4] Gen:15 Ind:13 RMSE(val)=216.368353
[GA][Iter4] Gen:15 Ind:14 RMSE(val)=216.283360
[GA][Iter4] Gen:15 Ind:15 RMSE(val)=216.283360
[GA][Iter4] Gen:15 Ind:16 RMSE(val)=216.283360
[GA][Iter4] Gen:15 Ind:17 RMSE(val)=216.283360
[GA][Iter4] Gen:15 Ind:18 RMSE(val)=216.131601
[GA][Iter4] Gen:15 Ind:19 RMSE(val)=220.055012
[GA][Iter4] Gen:15 Ind:20 RMSE(val)=216.131601
[GA][Iter4] gen=15 best_val_rmse=216.131601
[GA][Iter4] Gen:15 Ind:1 RMSE(val)=216.131601
[GA][Iter4] Gen:15 Ind:2 RMSE(val)=216.131601
[GA][Iter4] Gen:15 Ind:3 RMSE(val)=216.131601
[GA][Iter4] Gen:15 Ind:4 RMSE(val)=216.131601
[GA][Iter4] Gen:15 Ind:5 RMSE(val)=216.131601
[GA][Iter4] Gen:15 Ind:6 RMSE(val)=216.131601
[GA][Iter4] Gen:15 Ind:7 RMSE(val)=216.131601
[GA][Iter4] Gen:15 Ind:8 RMSE(val)=216.131601
[GA][Iter4] Gen:15 Ind:9 RMSE(val)=216.131601
[GA][Iter4] Gen:15 Ind:10 RMSE(val)=216.283360
[GA][Iter4] Gen:15 Ind:11 RMSE(val)=216.131601
[GA][Iter4] Gen:15 Ind:12 RMSE(val)=216.131601
[GA][Iter4] Gen:15 Ind:13 RMSE(val)=216.131601
[GA][Iter4] Gen:15 Ind:14 RMSE(val)=216.131601
[GA][Iter4] Gen:15 Ind:15 RMSE(val)=216.131601
[GA][Iter4] Gen:15 Ind:16 RMSE(val)=216.131601
[GA][Iter4] Gen:15 Ind:17 RMSE(val)=216.131601
[GA][Iter4] Gen:15 Ind:18 RMSE(val)=217.631337
[GA][Iter4] Gen:15 Ind:19 RMSE(val)=216.061814
[GA][Iter4] Gen:15 Ind:20 RMSE(val)=216.283360

[GA DONE][Iter4] Best params on val fold of Iter4
Best val RMSE: 216.061814
Best params: {'n_estimators': 719, 'max_depth': 17, 'min_samples_split': 12, 'min_samples_leaf': 1, 'max_features': 'sqrt', 'bootstrap': False}
--------------------------------------------------------------------------------
[RETUNE GA] Iter4: train folds 1..8 -> test fold 9  RMSE=207.530185  NRMSE=1.172084  CVRMSE=0.219729  R2=-0.380355
[GA][Iter5] Gen:1 Ind:1 RMSE(val)=224.193022
[GA][Iter5] Gen:1 Ind:2 RMSE(val)=216.002522
[GA][Iter5] Gen:1 Ind:3 RMSE(val)=245.079397
[GA][Iter5] Gen:1 Ind:4 RMSE(val)=208.107458
[GA][Iter5] Gen:1 Ind:5 RMSE(val)=280.983242
[GA][Iter5] Gen:1 Ind:6 RMSE(val)=210.444124
[GA][Iter5] Gen:1 Ind:7 RMSE(val)=210.136985
[GA][Iter5] Gen:1 Ind:8 RMSE(val)=211.623345
[GA][Iter5] Gen:1 Ind:9 RMSE(val)=211.821351
[GA][Iter5] Gen:1 Ind:10 RMSE(val)=202.898921
[GA][Iter5] Gen:1 Ind:11 RMSE(val)=208.822094
[GA][Iter5] Gen:1 Ind:12 RMSE(val)=285.349047
[GA][Iter5] Gen:1 Ind:13 RMSE(val)=211.841586
[GA][Iter5] Gen:1 Ind:14 RMSE(val)=203.848013
[GA][Iter5] Gen:1 Ind:15 RMSE(val)=207.604996
[GA][Iter5] Gen:1 Ind:16 RMSE(val)=210.256906
[GA][Iter5] Gen:1 Ind:17 RMSE(val)=214.362403
[GA][Iter5] Gen:1 Ind:18 RMSE(val)=206.344450
[GA][Iter5] Gen:1 Ind:19 RMSE(val)=260.783094
[GA][Iter5] Gen:1 Ind:20 RMSE(val)=233.422337
[GA][Iter5] gen=1 best_val_rmse=202.898921
[GA][Iter5] Gen:2 Ind:1 RMSE(val)=202.898921
[GA][Iter5] Gen:2 Ind:2 RMSE(val)=203.848013
[GA][Iter5] Gen:2 Ind:3 RMSE(val)=206.344450
[GA][Iter5] Gen:2 Ind:4 RMSE(val)=207.604996
[GA][Iter5] Gen:2 Ind:5 RMSE(val)=208.107458
[GA][Iter5] Gen:2 Ind:6 RMSE(val)=208.822094
[GA][Iter5] Gen:2 Ind:7 RMSE(val)=210.136985
[GA][Iter5] Gen:2 Ind:8 RMSE(val)=210.256906
[GA][Iter5] Gen:2 Ind:9 RMSE(val)=210.444124
[GA][Iter5] Gen:2 Ind:10 RMSE(val)=211.623345
[GA][Iter5] Gen:2 Ind:11 RMSE(val)=208.410922
[GA][Iter5] Gen:2 Ind:12 RMSE(val)=203.793545
[GA][Iter5] Gen:2 Ind:13 RMSE(val)=206.203264
[GA][Iter5] Gen:2 Ind:14 RMSE(val)=205.335681
[GA][Iter5] Gen:2 Ind:15 RMSE(val)=293.425061
[GA][Iter5] Gen:2 Ind:16 RMSE(val)=207.505584
[GA][Iter5] Gen:2 Ind:17 RMSE(val)=212.363345
[GA][Iter5] Gen:2 Ind:18 RMSE(val)=202.898921
[GA][Iter5] Gen:2 Ind:19 RMSE(val)=206.567722
[GA][Iter5] Gen:2 Ind:20 RMSE(val)=203.540149
[GA][Iter5] gen=2 best_val_rmse=202.898921
[GA][Iter5] Gen:3 Ind:1 RMSE(val)=202.898921
[GA][Iter5] Gen:3 Ind:2 RMSE(val)=202.898921
[GA][Iter5] Gen:3 Ind:3 RMSE(val)=203.540149
[GA][Iter5] Gen:3 Ind:4 RMSE(val)=203.793545
[GA][Iter5] Gen:3 Ind:5 RMSE(val)=203.848013
[GA][Iter5] Gen:3 Ind:6 RMSE(val)=205.335681
[GA][Iter5] Gen:3 Ind:7 RMSE(val)=206.203264
[GA][Iter5] Gen:3 Ind:8 RMSE(val)=206.344450
[GA][Iter5] Gen:3 Ind:9 RMSE(val)=206.567722
[GA][Iter5] Gen:3 Ind:10 RMSE(val)=207.505584
[GA][Iter5] Gen:3 Ind:11 RMSE(val)=203.755011
[GA][Iter5] Gen:3 Ind:12 RMSE(val)=205.732484
[GA][Iter5] Gen:3 Ind:13 RMSE(val)=205.794482
[GA][Iter5] Gen:3 Ind:14 RMSE(val)=204.749154
[GA][Iter5] Gen:3 Ind:15 RMSE(val)=204.304935
[GA][Iter5] Gen:3 Ind:16 RMSE(val)=202.778294
[GA][Iter5] Gen:3 Ind:17 RMSE(val)=203.977675
[GA][Iter5] Gen:3 Ind:18 RMSE(val)=204.558734
[GA][Iter5] Gen:3 Ind:19 RMSE(val)=202.898921
[GA][Iter5] Gen:3 Ind:20 RMSE(val)=203.863979
[GA][Iter5] gen=3 best_val_rmse=202.778294
[GA][Iter5] Gen:4 Ind:1 RMSE(val)=202.778294
[GA][Iter5] Gen:4 Ind:2 RMSE(val)=202.898921
[GA][Iter5] Gen:4 Ind:3 RMSE(val)=202.898921
[GA][Iter5] Gen:4 Ind:4 RMSE(val)=202.898921
[GA][Iter5] Gen:4 Ind:5 RMSE(val)=203.540149
[GA][Iter5] Gen:4 Ind:6 RMSE(val)=203.755011
[GA][Iter5] Gen:4 Ind:7 RMSE(val)=203.793545
[GA][Iter5] Gen:4 Ind:8 RMSE(val)=203.848013
[GA][Iter5] Gen:4 Ind:9 RMSE(val)=203.863979
[GA][Iter5] Gen:4 Ind:10 RMSE(val)=203.977675
[GA][Iter5] Gen:4 Ind:11 RMSE(val)=204.670173
[GA][Iter5] Gen:4 Ind:12 RMSE(val)=202.645630
[GA][Iter5] Gen:4 Ind:13 RMSE(val)=205.614762
[GA][Iter5] Gen:4 Ind:14 RMSE(val)=203.755011
[GA][Iter5] Gen:4 Ind:15 RMSE(val)=203.284508
[GA][Iter5] Gen:4 Ind:16 RMSE(val)=204.749154
[GA][Iter5] Gen:4 Ind:17 RMSE(val)=204.304935
[GA][Iter5] Gen:4 Ind:18 RMSE(val)=205.732484
[GA][Iter5] Gen:4 Ind:19 RMSE(val)=204.749154
[GA][Iter5] Gen:4 Ind:20 RMSE(val)=205.402413
[GA][Iter5] gen=4 best_val_rmse=202.645630
[GA][Iter5] Gen:5 Ind:1 RMSE(val)=202.645630
[GA][Iter5] Gen:5 Ind:2 RMSE(val)=202.778294
[GA][Iter5] Gen:5 Ind:3 RMSE(val)=202.898921
[GA][Iter5] Gen:5 Ind:4 RMSE(val)=202.898921
[GA][Iter5] Gen:5 Ind:5 RMSE(val)=202.898921
[GA][Iter5] Gen:5 Ind:6 RMSE(val)=203.284508
[GA][Iter5] Gen:5 Ind:7 RMSE(val)=203.540149
[GA][Iter5] Gen:5 Ind:8 RMSE(val)=203.755011
[GA][Iter5] Gen:5 Ind:9 RMSE(val)=203.755011
[GA][Iter5] Gen:5 Ind:10 RMSE(val)=203.793545
[GA][Iter5] Gen:5 Ind:11 RMSE(val)=203.284508
[GA][Iter5] Gen:5 Ind:12 RMSE(val)=202.898921
[GA][Iter5] Gen:5 Ind:13 RMSE(val)=209.839781
[GA][Iter5] Gen:5 Ind:14 RMSE(val)=202.898921
[GA][Iter5] Gen:5 Ind:15 RMSE(val)=202.778294
[GA][Iter5] Gen:5 Ind:16 RMSE(val)=203.796185
[GA][Iter5] Gen:5 Ind:17 RMSE(val)=205.209201
[GA][Iter5] Gen:5 Ind:18 RMSE(val)=203.793545
[GA][Iter5] Gen:5 Ind:19 RMSE(val)=203.755011
[GA][Iter5] Gen:5 Ind:20 RMSE(val)=203.755011
[GA][Iter5] gen=5 best_val_rmse=202.645630
[GA][Iter5] Gen:6 Ind:1 RMSE(val)=202.645630
[GA][Iter5] Gen:6 Ind:2 RMSE(val)=202.778294
[GA][Iter5] Gen:6 Ind:3 RMSE(val)=202.778294
[GA][Iter5] Gen:6 Ind:4 RMSE(val)=202.898921
[GA][Iter5] Gen:6 Ind:5 RMSE(val)=202.898921
[GA][Iter5] Gen:6 Ind:6 RMSE(val)=202.898921
[GA][Iter5] Gen:6 Ind:7 RMSE(val)=202.898921
[GA][Iter5] Gen:6 Ind:8 RMSE(val)=202.898921
[GA][Iter5] Gen:6 Ind:9 RMSE(val)=203.284508
[GA][Iter5] Gen:6 Ind:10 RMSE(val)=203.284508
[GA][Iter5] Gen:6 Ind:11 RMSE(val)=203.284508
[GA][Iter5] Gen:6 Ind:12 RMSE(val)=202.898921
[GA][Iter5] Gen:6 Ind:13 RMSE(val)=202.898921
[GA][Iter5] Gen:6 Ind:14 RMSE(val)=202.778294
[GA][Iter5] Gen:6 Ind:15 RMSE(val)=203.284508
[GA][Iter5] Gen:6 Ind:16 RMSE(val)=202.645630
[GA][Iter5] Gen:6 Ind:17 RMSE(val)=202.778294
[GA][Iter5] Gen:6 Ind:18 RMSE(val)=202.898921
[GA][Iter5] Gen:6 Ind:19 RMSE(val)=202.898921
[GA][Iter5] Gen:6 Ind:20 RMSE(val)=297.627791
[GA][Iter5] gen=6 best_val_rmse=202.645630
[GA][Iter5] Gen:7 Ind:1 RMSE(val)=202.645630
[GA][Iter5] Gen:7 Ind:2 RMSE(val)=202.645630
[GA][Iter5] Gen:7 Ind:3 RMSE(val)=202.778294
[GA][Iter5] Gen:7 Ind:4 RMSE(val)=202.778294
[GA][Iter5] Gen:7 Ind:5 RMSE(val)=202.778294
[GA][Iter5] Gen:7 Ind:6 RMSE(val)=202.778294
[GA][Iter5] Gen:7 Ind:7 RMSE(val)=202.898921
[GA][Iter5] Gen:7 Ind:8 RMSE(val)=202.898921
[GA][Iter5] Gen:7 Ind:9 RMSE(val)=202.898921
[GA][Iter5] Gen:7 Ind:10 RMSE(val)=202.898921
[GA][Iter5] Gen:7 Ind:11 RMSE(val)=208.645609
[GA][Iter5] Gen:7 Ind:12 RMSE(val)=202.645630
[GA][Iter5] Gen:7 Ind:13 RMSE(val)=202.898921
[GA][Iter5] Gen:7 Ind:14 RMSE(val)=202.898921
[GA][Iter5] Gen:7 Ind:15 RMSE(val)=202.898921
[GA][Iter5] Gen:7 Ind:16 RMSE(val)=202.898921
[GA][Iter5] Gen:7 Ind:17 RMSE(val)=202.898921
[GA][Iter5] Gen:7 Ind:18 RMSE(val)=200.343942
[GA][Iter5] Gen:7 Ind:19 RMSE(val)=202.778294
[GA][Iter5] Gen:7 Ind:20 RMSE(val)=202.778294
[GA][Iter5] gen=7 best_val_rmse=200.343942
[GA][Iter5] Gen:8 Ind:1 RMSE(val)=200.343942
[GA][Iter5] Gen:8 Ind:2 RMSE(val)=202.645630
[GA][Iter5] Gen:8 Ind:3 RMSE(val)=202.645630
[GA][Iter5] Gen:8 Ind:4 RMSE(val)=202.645630
[GA][Iter5] Gen:8 Ind:5 RMSE(val)=202.778294
[GA][Iter5] Gen:8 Ind:6 RMSE(val)=202.778294
[GA][Iter5] Gen:8 Ind:7 RMSE(val)=202.778294
[GA][Iter5] Gen:8 Ind:8 RMSE(val)=202.778294
[GA][Iter5] Gen:8 Ind:9 RMSE(val)=202.778294
[GA][Iter5] Gen:8 Ind:10 RMSE(val)=202.778294
[GA][Iter5] Gen:8 Ind:11 RMSE(val)=202.817997
[GA][Iter5] Gen:8 Ind:12 RMSE(val)=205.146897
[GA][Iter5] Gen:8 Ind:13 RMSE(val)=202.817997
[GA][Iter5] Gen:8 Ind:14 RMSE(val)=205.393496
[GA][Iter5] Gen:8 Ind:15 RMSE(val)=202.778294
[GA][Iter5] Gen:8 Ind:16 RMSE(val)=204.304935
[GA][Iter5] Gen:8 Ind:17 RMSE(val)=202.778294
[GA][Iter5] Gen:8 Ind:18 RMSE(val)=204.840621
[GA][Iter5] Gen:8 Ind:19 RMSE(val)=202.778294
[GA][Iter5] Gen:8 Ind:20 RMSE(val)=202.778294
[GA][Iter5] gen=8 best_val_rmse=200.343942
[GA][Iter5] Gen:9 Ind:1 RMSE(val)=200.343942
[GA][Iter5] Gen:9 Ind:2 RMSE(val)=202.645630
[GA][Iter5] Gen:9 Ind:3 RMSE(val)=202.645630
[GA][Iter5] Gen:9 Ind:4 RMSE(val)=202.645630
[GA][Iter5] Gen:9 Ind:5 RMSE(val)=202.778294
[GA][Iter5] Gen:9 Ind:6 RMSE(val)=202.778294
[GA][Iter5] Gen:9 Ind:7 RMSE(val)=202.778294
[GA][Iter5] Gen:9 Ind:8 RMSE(val)=202.778294
[GA][Iter5] Gen:9 Ind:9 RMSE(val)=202.778294
[GA][Iter5] Gen:9 Ind:10 RMSE(val)=202.778294
[GA][Iter5] Gen:9 Ind:11 RMSE(val)=202.778294
[GA][Iter5] Gen:9 Ind:12 RMSE(val)=203.565127
[GA][Iter5] Gen:9 Ind:13 RMSE(val)=201.654204
[GA][Iter5] Gen:9 Ind:14 RMSE(val)=202.898921
[GA][Iter5] Gen:9 Ind:15 RMSE(val)=297.627791
[GA][Iter5] Gen:9 Ind:16 RMSE(val)=210.684240
[GA][Iter5] Gen:9 Ind:17 RMSE(val)=204.840621
[GA][Iter5] Gen:9 Ind:18 RMSE(val)=202.817997
[GA][Iter5] Gen:9 Ind:19 RMSE(val)=202.778294
[GA][Iter5] Gen:9 Ind:20 RMSE(val)=202.778294
[GA][Iter5] gen=9 best_val_rmse=200.343942
[GA][Iter5] Gen:10 Ind:1 RMSE(val)=200.343942
[GA][Iter5] Gen:10 Ind:2 RMSE(val)=201.654204
[GA][Iter5] Gen:10 Ind:3 RMSE(val)=202.645630
[GA][Iter5] Gen:10 Ind:4 RMSE(val)=202.645630
[GA][Iter5] Gen:10 Ind:5 RMSE(val)=202.645630
[GA][Iter5] Gen:10 Ind:6 RMSE(val)=202.778294
[GA][Iter5] Gen:10 Ind:7 RMSE(val)=202.778294
[GA][Iter5] Gen:10 Ind:8 RMSE(val)=202.778294
[GA][Iter5] Gen:10 Ind:9 RMSE(val)=202.778294
[GA][Iter5] Gen:10 Ind:10 RMSE(val)=202.778294
[GA][Iter5] Gen:10 Ind:11 RMSE(val)=202.778294
[GA][Iter5] Gen:10 Ind:12 RMSE(val)=202.778294
[GA][Iter5] Gen:10 Ind:13 RMSE(val)=201.654204
[GA][Iter5] Gen:10 Ind:14 RMSE(val)=202.645630
[GA][Iter5] Gen:10 Ind:15 RMSE(val)=202.898921
[GA][Iter5] Gen:10 Ind:16 RMSE(val)=204.670173
[GA][Iter5] Gen:10 Ind:17 RMSE(val)=201.979490
[GA][Iter5] Gen:10 Ind:18 RMSE(val)=202.778294
[GA][Iter5] Gen:10 Ind:19 RMSE(val)=202.778294
[GA][Iter5] Gen:10 Ind:20 RMSE(val)=200.919947
[GA][Iter5] gen=10 best_val_rmse=200.343942
[GA][Iter5] Gen:11 Ind:1 RMSE(val)=200.343942
[GA][Iter5] Gen:11 Ind:2 RMSE(val)=200.919947
[GA][Iter5] Gen:11 Ind:3 RMSE(val)=201.654204
[GA][Iter5] Gen:11 Ind:4 RMSE(val)=201.654204
[GA][Iter5] Gen:11 Ind:5 RMSE(val)=201.979490
[GA][Iter5] Gen:11 Ind:6 RMSE(val)=202.645630
[GA][Iter5] Gen:11 Ind:7 RMSE(val)=202.645630
[GA][Iter5] Gen:11 Ind:8 RMSE(val)=202.645630
[GA][Iter5] Gen:11 Ind:9 RMSE(val)=202.645630
[GA][Iter5] Gen:11 Ind:10 RMSE(val)=202.778294
[GA][Iter5] Gen:11 Ind:11 RMSE(val)=201.654204
[GA][Iter5] Gen:11 Ind:12 RMSE(val)=201.979490
[GA][Iter5] Gen:11 Ind:13 RMSE(val)=202.645630
[GA][Iter5] Gen:11 Ind:14 RMSE(val)=202.817997
[GA][Iter5] Gen:11 Ind:15 RMSE(val)=202.416820
[GA][Iter5] Gen:11 Ind:16 RMSE(val)=205.869582
[GA][Iter5] Gen:11 Ind:17 RMSE(val)=201.654204
[GA][Iter5] Gen:11 Ind:18 RMSE(val)=201.979490
[GA][Iter5] Gen:11 Ind:19 RMSE(val)=202.898921
[GA][Iter5] Gen:11 Ind:20 RMSE(val)=202.898244
[GA][Iter5] gen=11 best_val_rmse=200.343942
[GA][Iter5] Gen:12 Ind:1 RMSE(val)=200.343942
[GA][Iter5] Gen:12 Ind:2 RMSE(val)=200.919947
[GA][Iter5] Gen:12 Ind:3 RMSE(val)=201.654204
[GA][Iter5] Gen:12 Ind:4 RMSE(val)=201.654204
[GA][Iter5] Gen:12 Ind:5 RMSE(val)=201.654204
[GA][Iter5] Gen:12 Ind:6 RMSE(val)=201.654204
[GA][Iter5] Gen:12 Ind:7 RMSE(val)=201.979490
[GA][Iter5] Gen:12 Ind:8 RMSE(val)=201.979490
[GA][Iter5] Gen:12 Ind:9 RMSE(val)=201.979490
[GA][Iter5] Gen:12 Ind:10 RMSE(val)=202.416820
[GA][Iter5] Gen:12 Ind:11 RMSE(val)=201.654204
[GA][Iter5] Gen:12 Ind:12 RMSE(val)=200.919947
[GA][Iter5] Gen:12 Ind:13 RMSE(val)=200.919947
[GA][Iter5] Gen:12 Ind:14 RMSE(val)=201.979490
[GA][Iter5] Gen:12 Ind:15 RMSE(val)=202.645630
[GA][Iter5] Gen:12 Ind:16 RMSE(val)=201.979490
[GA][Iter5] Gen:12 Ind:17 RMSE(val)=201.900501
[GA][Iter5] Gen:12 Ind:18 RMSE(val)=201.654204
[GA][Iter5] Gen:12 Ind:19 RMSE(val)=201.979490
[GA][Iter5] Gen:12 Ind:20 RMSE(val)=200.697958
[GA][Iter5] gen=12 best_val_rmse=200.343942
[GA][Iter5] Gen:13 Ind:1 RMSE(val)=200.343942
[GA][Iter5] Gen:13 Ind:2 RMSE(val)=200.697958
[GA][Iter5] Gen:13 Ind:3 RMSE(val)=200.919947
[GA][Iter5] Gen:13 Ind:4 RMSE(val)=200.919947
[GA][Iter5] Gen:13 Ind:5 RMSE(val)=200.919947
[GA][Iter5] Gen:13 Ind:6 RMSE(val)=201.654204
[GA][Iter5] Gen:13 Ind:7 RMSE(val)=201.654204
[GA][Iter5] Gen:13 Ind:8 RMSE(val)=201.654204
[GA][Iter5] Gen:13 Ind:9 RMSE(val)=201.654204
[GA][Iter5] Gen:13 Ind:10 RMSE(val)=201.654204
[GA][Iter5] Gen:13 Ind:11 RMSE(val)=201.654204
[GA][Iter5] Gen:13 Ind:12 RMSE(val)=200.343942
[GA][Iter5] Gen:13 Ind:13 RMSE(val)=201.654204
[GA][Iter5] Gen:13 Ind:14 RMSE(val)=201.654204
[GA][Iter5] Gen:13 Ind:15 RMSE(val)=201.169687
[GA][Iter5] Gen:13 Ind:16 RMSE(val)=200.919947
[GA][Iter5] Gen:13 Ind:17 RMSE(val)=200.343942
[GA][Iter5] Gen:13 Ind:18 RMSE(val)=202.817997
[GA][Iter5] Gen:13 Ind:19 RMSE(val)=202.778294
[GA][Iter5] Gen:13 Ind:20 RMSE(val)=203.062788
[GA][Iter5] gen=13 best_val_rmse=200.343942
[GA][Iter5] Gen:14 Ind:1 RMSE(val)=200.343942
[GA][Iter5] Gen:14 Ind:2 RMSE(val)=200.343942
[GA][Iter5] Gen:14 Ind:3 RMSE(val)=200.343942
[GA][Iter5] Gen:14 Ind:4 RMSE(val)=200.697958
[GA][Iter5] Gen:14 Ind:5 RMSE(val)=200.919947
[GA][Iter5] Gen:14 Ind:6 RMSE(val)=200.919947
[GA][Iter5] Gen:14 Ind:7 RMSE(val)=200.919947
[GA][Iter5] Gen:14 Ind:8 RMSE(val)=200.919947
[GA][Iter5] Gen:14 Ind:9 RMSE(val)=201.169687
[GA][Iter5] Gen:14 Ind:10 RMSE(val)=201.654204
[GA][Iter5] Gen:14 Ind:11 RMSE(val)=201.169687
[GA][Iter5] Gen:14 Ind:12 RMSE(val)=201.089550
[GA][Iter5] Gen:14 Ind:13 RMSE(val)=201.654204
[GA][Iter5] Gen:14 Ind:14 RMSE(val)=200.768285
[GA][Iter5] Gen:14 Ind:15 RMSE(val)=201.169687
[GA][Iter5] Gen:14 Ind:16 RMSE(val)=201.169687
[GA][Iter5] Gen:14 Ind:17 RMSE(val)=200.919947
[GA][Iter5] Gen:14 Ind:18 RMSE(val)=201.169687
[GA][Iter5] Gen:14 Ind:19 RMSE(val)=202.465581
[GA][Iter5] Gen:14 Ind:20 RMSE(val)=200.919947
[GA][Iter5] gen=14 best_val_rmse=200.343942
[GA][Iter5] Gen:15 Ind:1 RMSE(val)=200.343942
[GA][Iter5] Gen:15 Ind:2 RMSE(val)=200.343942
[GA][Iter5] Gen:15 Ind:3 RMSE(val)=200.343942
[GA][Iter5] Gen:15 Ind:4 RMSE(val)=200.697958
[GA][Iter5] Gen:15 Ind:5 RMSE(val)=200.768285
[GA][Iter5] Gen:15 Ind:6 RMSE(val)=200.919947
[GA][Iter5] Gen:15 Ind:7 RMSE(val)=200.919947
[GA][Iter5] Gen:15 Ind:8 RMSE(val)=200.919947
[GA][Iter5] Gen:15 Ind:9 RMSE(val)=200.919947
[GA][Iter5] Gen:15 Ind:10 RMSE(val)=200.919947
[GA][Iter5] Gen:15 Ind:11 RMSE(val)=200.768285
[GA][Iter5] Gen:15 Ind:12 RMSE(val)=200.343942
[GA][Iter5] Gen:15 Ind:13 RMSE(val)=201.615359
[GA][Iter5] Gen:15 Ind:14 RMSE(val)=200.919947
[GA][Iter5] Gen:15 Ind:15 RMSE(val)=200.919947
[GA][Iter5] Gen:15 Ind:16 RMSE(val)=200.919947
[GA][Iter5] Gen:15 Ind:17 RMSE(val)=200.919947
[GA][Iter5] Gen:15 Ind:18 RMSE(val)=200.697958
[GA][Iter5] Gen:15 Ind:19 RMSE(val)=205.594567
[GA][Iter5] Gen:15 Ind:20 RMSE(val)=200.343942
[GA][Iter5] gen=15 best_val_rmse=200.343942
[GA][Iter5] Gen:15 Ind:1 RMSE(val)=200.343942
[GA][Iter5] Gen:15 Ind:2 RMSE(val)=200.343942
[GA][Iter5] Gen:15 Ind:3 RMSE(val)=200.343942
[GA][Iter5] Gen:15 Ind:4 RMSE(val)=200.343942
[GA][Iter5] Gen:15 Ind:5 RMSE(val)=200.343942
[GA][Iter5] Gen:15 Ind:6 RMSE(val)=200.697958
[GA][Iter5] Gen:15 Ind:7 RMSE(val)=200.697958
[GA][Iter5] Gen:15 Ind:8 RMSE(val)=200.768285
[GA][Iter5] Gen:15 Ind:9 RMSE(val)=200.768285
[GA][Iter5] Gen:15 Ind:10 RMSE(val)=200.919947
[GA][Iter5] Gen:15 Ind:11 RMSE(val)=200.697958
[GA][Iter5] Gen:15 Ind:12 RMSE(val)=200.343942
[GA][Iter5] Gen:15 Ind:13 RMSE(val)=200.343942
[GA][Iter5] Gen:15 Ind:14 RMSE(val)=200.343942
[GA][Iter5] Gen:15 Ind:15 RMSE(val)=200.343942
[GA][Iter5] Gen:15 Ind:16 RMSE(val)=200.697958
[GA][Iter5] Gen:15 Ind:17 RMSE(val)=200.697958
[GA][Iter5] Gen:15 Ind:18 RMSE(val)=202.194582
[GA][Iter5] Gen:15 Ind:19 RMSE(val)=201.845376
[GA][Iter5] Gen:15 Ind:20 RMSE(val)=200.919947

[GA DONE][Iter5] Best params on val fold of Iter5
Best val RMSE: 200.343942
Best params: {'n_estimators': 293, 'max_depth': 22, 'min_samples_split': 11, 'min_samples_leaf': 1, 'max_features': 'sqrt', 'bootstrap': True}
--------------------------------------------------------------------------------
[RETUNE GA] Iter5: train folds 1..9 -> test fold 10  RMSE=171.602658  NRMSE=1.194307  CVRMSE=0.172245  R2=-0.433194
