=== BASELINE (project=rustlang, last-7 mean, expanding folds) ===
Iter1: train folds 1..5 -> test fold 6  RMSE=165.1339  NRMSE=0.9747  CVRMSE=0.3044  R²=0.0480
Iter2: train folds 1..6 -> test fold 7  RMSE=100.8597  NRMSE=1.0164  CVRMSE=0.2396  R²=-0.0352
Iter3: train folds 1..7 -> test fold 8  RMSE=123.2993  NRMSE=1.0237  CVRMSE=0.2797  R²=-0.0502
Iter4: train folds 1..8 -> test fold 9  RMSE=120.3522  NRMSE=1.0423  CVRMSE=0.2567  R²=-0.0887
Iter5: train folds 1..9 -> test fold 10  RMSE=99.4205  NRMSE=1.0406  CVRMSE=0.2131  R²=-0.0852
--------------------------------------------------
[FEATURES] initial=137 kept_after_screening=73
['workflow_event_trigger', 'issuer_name', 'gh_files_added', 'gh_files_deleted', 'gh_files_modified', 'gh_lines_deleted', 'gh_test_churn', 'gh_is_pr', 'gh_description_complexity', 'gh_doc_files', 'total_jobs', 'gh_team_size_last_3_month', 'gh_num_pr_comments', 'docker_compose_changed', 'hour', 'dow', 'month', 'secs_since_prev', 'duration_lag_1', 'duration_lag_3', 'duration_lag_4', 'duration_lag_5', 'duration_lag_6', 'duration_lag_7', 'window_avg_7', 'window_std_7', 'ft___Dockerfile__', 'ft___css_', 'ft___hbs__', 'ft___j2__', 'ft___json5_', 'ft___lock_', 'ft___md_', 'ft___patch_', 'ft___rs_', 'ft___snap__', 'ft___snap___', 'ft___sql_', 'ft___toml_', 'ft___toml__', 'ft___ts_', 'ft___ts__', 'ft___txt__', 'ft___yaml_', 'ft___yaml__', 'ft___yml_', 'ft___yml__', 'ft____Dockerfile_', 'ft____Dockerfile__', 'ft____css__', 'ft____hbs_', 'ft____hbs__', 'ft____html__', 'ft____js__', 'ft____json__', 'ft____json5__', 'ft____lock__', 'ft____md__', 'ft____patch_', 'ft____pem_', 'ft____rs_', 'ft____rs__', 'ft____rs____dup1', 'ft____snap_', 'ft____snap__', 'ft____sql_', 'ft____sql__', 'ft____toml__', 'ft____ts_', 'ft____ts__', 'ft____yaml__', 'ft____yml__', 'ft___']
--------------------------------------------------------------------------------
[GA][Iter1] Gen:1 Ind:1 RMSE(val)=142.160537
[GA][Iter1] Gen:1 Ind:2 RMSE(val)=139.607993
[GA][Iter1] Gen:1 Ind:3 RMSE(val)=124.512802
[GA][Iter1] Gen:1 Ind:4 RMSE(val)=124.593875
[GA][Iter1] Gen:1 Ind:5 RMSE(val)=161.226221
[GA][Iter1] Gen:1 Ind:6 RMSE(val)=129.340413
[GA][Iter1] Gen:1 Ind:7 RMSE(val)=128.703847
[GA][Iter1] Gen:1 Ind:8 RMSE(val)=126.307440
[GA][Iter1] Gen:1 Ind:9 RMSE(val)=132.840558
[GA][Iter1] Gen:1 Ind:10 RMSE(val)=119.838572
[GA][Iter1] Gen:1 Ind:11 RMSE(val)=123.795479
[GA][Iter1] Gen:1 Ind:12 RMSE(val)=123.554542
[GA][Iter1] Gen:1 Ind:13 RMSE(val)=131.242800
[GA][Iter1] Gen:1 Ind:14 RMSE(val)=117.364994
[GA][Iter1] Gen:1 Ind:15 RMSE(val)=117.204205
[GA][Iter1] Gen:1 Ind:16 RMSE(val)=126.312204
[GA][Iter1] Gen:1 Ind:17 RMSE(val)=132.413535
[GA][Iter1] Gen:1 Ind:18 RMSE(val)=121.336024
[GA][Iter1] Gen:1 Ind:19 RMSE(val)=120.711304
[GA][Iter1] Gen:1 Ind:20 RMSE(val)=151.257098
[GA][Iter1] gen=1 best_val_rmse=117.204205
[GA][Iter1] Gen:2 Ind:1 RMSE(val)=117.204205
[GA][Iter1] Gen:2 Ind:2 RMSE(val)=117.364994
[GA][Iter1] Gen:2 Ind:3 RMSE(val)=119.838572
[GA][Iter1] Gen:2 Ind:4 RMSE(val)=120.711304
[GA][Iter1] Gen:2 Ind:5 RMSE(val)=121.336024
[GA][Iter1] Gen:2 Ind:6 RMSE(val)=123.554542
[GA][Iter1] Gen:2 Ind:7 RMSE(val)=123.795479
[GA][Iter1] Gen:2 Ind:8 RMSE(val)=124.512802
[GA][Iter1] Gen:2 Ind:9 RMSE(val)=124.593875
[GA][Iter1] Gen:2 Ind:10 RMSE(val)=126.307440
[GA][Iter1] Gen:2 Ind:11 RMSE(val)=125.541959
[GA][Iter1] Gen:2 Ind:12 RMSE(val)=117.222444
[GA][Iter1] Gen:2 Ind:13 RMSE(val)=117.636125
[GA][Iter1] Gen:2 Ind:14 RMSE(val)=125.525393
[GA][Iter1] Gen:2 Ind:15 RMSE(val)=122.189649
[GA][Iter1] Gen:2 Ind:16 RMSE(val)=131.110483
[GA][Iter1] Gen:2 Ind:17 RMSE(val)=125.039723
[GA][Iter1] Gen:2 Ind:18 RMSE(val)=119.526752
[GA][Iter1] Gen:2 Ind:19 RMSE(val)=120.685301
[GA][Iter1] Gen:2 Ind:20 RMSE(val)=121.823836
[GA][Iter1] gen=2 best_val_rmse=117.204205
[GA][Iter1] Gen:3 Ind:1 RMSE(val)=117.204205
[GA][Iter1] Gen:3 Ind:2 RMSE(val)=117.222444
[GA][Iter1] Gen:3 Ind:3 RMSE(val)=117.364994
[GA][Iter1] Gen:3 Ind:4 RMSE(val)=117.636125
[GA][Iter1] Gen:3 Ind:5 RMSE(val)=119.526752
[GA][Iter1] Gen:3 Ind:6 RMSE(val)=119.838572
[GA][Iter1] Gen:3 Ind:7 RMSE(val)=120.685301
[GA][Iter1] Gen:3 Ind:8 RMSE(val)=120.711304
[GA][Iter1] Gen:3 Ind:9 RMSE(val)=121.336024
[GA][Iter1] Gen:3 Ind:10 RMSE(val)=121.823836
[GA][Iter1] Gen:3 Ind:11 RMSE(val)=117.159913
[GA][Iter1] Gen:3 Ind:12 RMSE(val)=117.636125
[GA][Iter1] Gen:3 Ind:13 RMSE(val)=123.888756
[GA][Iter1] Gen:3 Ind:14 RMSE(val)=117.204205
[GA][Iter1] Gen:3 Ind:15 RMSE(val)=118.006468
[GA][Iter1] Gen:3 Ind:16 RMSE(val)=117.437780
[GA][Iter1] Gen:3 Ind:17 RMSE(val)=141.964562
[GA][Iter1] Gen:3 Ind:18 RMSE(val)=118.059150
[GA][Iter1] Gen:3 Ind:19 RMSE(val)=121.225621
[GA][Iter1] Gen:3 Ind:20 RMSE(val)=121.471302
[GA][Iter1] gen=3 best_val_rmse=117.159913
[GA][Iter1] Gen:4 Ind:1 RMSE(val)=117.159913
[GA][Iter1] Gen:4 Ind:2 RMSE(val)=117.204205
[GA][Iter1] Gen:4 Ind:3 RMSE(val)=117.204205
[GA][Iter1] Gen:4 Ind:4 RMSE(val)=117.222444
[GA][Iter1] Gen:4 Ind:5 RMSE(val)=117.364994
[GA][Iter1] Gen:4 Ind:6 RMSE(val)=117.437780
[GA][Iter1] Gen:4 Ind:7 RMSE(val)=117.636125
[GA][Iter1] Gen:4 Ind:8 RMSE(val)=117.636125
[GA][Iter1] Gen:4 Ind:9 RMSE(val)=118.006468
[GA][Iter1] Gen:4 Ind:10 RMSE(val)=118.059150
[GA][Iter1] Gen:4 Ind:11 RMSE(val)=119.526752
[GA][Iter1] Gen:4 Ind:12 RMSE(val)=117.222444
[GA][Iter1] Gen:4 Ind:13 RMSE(val)=120.084784
[GA][Iter1] Gen:4 Ind:14 RMSE(val)=117.437780
[GA][Iter1] Gen:4 Ind:15 RMSE(val)=117.774376
[GA][Iter1] Gen:4 Ind:16 RMSE(val)=117.500064
[GA][Iter1] Gen:4 Ind:17 RMSE(val)=117.560316
[GA][Iter1] Gen:4 Ind:18 RMSE(val)=117.636125
[GA][Iter1] Gen:4 Ind:19 RMSE(val)=116.902356
[GA][Iter1] Gen:4 Ind:20 RMSE(val)=117.416212
[GA][Iter1] gen=4 best_val_rmse=116.902356
[GA][Iter1] Gen:5 Ind:1 RMSE(val)=116.902356
[GA][Iter1] Gen:5 Ind:2 RMSE(val)=117.159913
[GA][Iter1] Gen:5 Ind:3 RMSE(val)=117.204205
[GA][Iter1] Gen:5 Ind:4 RMSE(val)=117.204205
[GA][Iter1] Gen:5 Ind:5 RMSE(val)=117.222444
[GA][Iter1] Gen:5 Ind:6 RMSE(val)=117.222444
[GA][Iter1] Gen:5 Ind:7 RMSE(val)=117.364994
[GA][Iter1] Gen:5 Ind:8 RMSE(val)=117.416212
[GA][Iter1] Gen:5 Ind:9 RMSE(val)=117.437780
[GA][Iter1] Gen:5 Ind:10 RMSE(val)=117.437780
[GA][Iter1] Gen:5 Ind:11 RMSE(val)=115.212338
[GA][Iter1] Gen:5 Ind:12 RMSE(val)=117.222444
[GA][Iter1] Gen:5 Ind:13 RMSE(val)=124.230426
[GA][Iter1] Gen:5 Ind:14 RMSE(val)=120.276625
[GA][Iter1] Gen:5 Ind:15 RMSE(val)=117.159913
[GA][Iter1] Gen:5 Ind:16 RMSE(val)=117.364994
[GA][Iter1] Gen:5 Ind:17 RMSE(val)=117.386459
[GA][Iter1] Gen:5 Ind:18 RMSE(val)=117.437780
[GA][Iter1] Gen:5 Ind:19 RMSE(val)=117.222444
[GA][Iter1] Gen:5 Ind:20 RMSE(val)=117.222444
[GA][Iter1] gen=5 best_val_rmse=115.212338
[GA][Iter1] Gen:6 Ind:1 RMSE(val)=115.212338
[GA][Iter1] Gen:6 Ind:2 RMSE(val)=116.902356
[GA][Iter1] Gen:6 Ind:3 RMSE(val)=117.159913
[GA][Iter1] Gen:6 Ind:4 RMSE(val)=117.159913
[GA][Iter1] Gen:6 Ind:5 RMSE(val)=117.204205
[GA][Iter1] Gen:6 Ind:6 RMSE(val)=117.204205
[GA][Iter1] Gen:6 Ind:7 RMSE(val)=117.222444
[GA][Iter1] Gen:6 Ind:8 RMSE(val)=117.222444
[GA][Iter1] Gen:6 Ind:9 RMSE(val)=117.222444
[GA][Iter1] Gen:6 Ind:10 RMSE(val)=117.222444
[GA][Iter1] Gen:6 Ind:11 RMSE(val)=117.159913
[GA][Iter1] Gen:6 Ind:12 RMSE(val)=117.159913
[GA][Iter1] Gen:6 Ind:13 RMSE(val)=117.204205
[GA][Iter1] Gen:6 Ind:14 RMSE(val)=117.159913
[GA][Iter1] Gen:6 Ind:15 RMSE(val)=117.222444
[GA][Iter1] Gen:6 Ind:16 RMSE(val)=117.353373
[GA][Iter1] Gen:6 Ind:17 RMSE(val)=115.056270
[GA][Iter1] Gen:6 Ind:18 RMSE(val)=117.222444
[GA][Iter1] Gen:6 Ind:19 RMSE(val)=117.222444
[GA][Iter1] Gen:6 Ind:20 RMSE(val)=124.170159
[GA][Iter1] gen=6 best_val_rmse=115.056270
[GA][Iter1] Gen:7 Ind:1 RMSE(val)=115.056270
[GA][Iter1] Gen:7 Ind:2 RMSE(val)=115.212338
[GA][Iter1] Gen:7 Ind:3 RMSE(val)=116.902356
[GA][Iter1] Gen:7 Ind:4 RMSE(val)=117.159913
[GA][Iter1] Gen:7 Ind:5 RMSE(val)=117.159913
[GA][Iter1] Gen:7 Ind:6 RMSE(val)=117.159913
[GA][Iter1] Gen:7 Ind:7 RMSE(val)=117.159913
[GA][Iter1] Gen:7 Ind:8 RMSE(val)=117.159913
[GA][Iter1] Gen:7 Ind:9 RMSE(val)=117.204205
[GA][Iter1] Gen:7 Ind:10 RMSE(val)=117.204205
[GA][Iter1] Gen:7 Ind:11 RMSE(val)=118.670624
[GA][Iter1] Gen:7 Ind:12 RMSE(val)=115.212338
[GA][Iter1] Gen:7 Ind:13 RMSE(val)=116.902356
[GA][Iter1] Gen:7 Ind:14 RMSE(val)=117.159913
[GA][Iter1] Gen:7 Ind:15 RMSE(val)=117.159913
[GA][Iter1] Gen:7 Ind:16 RMSE(val)=117.210645
[GA][Iter1] Gen:7 Ind:17 RMSE(val)=117.353373
[GA][Iter1] Gen:7 Ind:18 RMSE(val)=114.779601
[GA][Iter1] Gen:7 Ind:19 RMSE(val)=117.408316
[GA][Iter1] Gen:7 Ind:20 RMSE(val)=117.159913
[GA][Iter1] gen=7 best_val_rmse=114.779601
[GA][Iter1] Gen:8 Ind:1 RMSE(val)=114.779601
[GA][Iter1] Gen:8 Ind:2 RMSE(val)=115.056270
[GA][Iter1] Gen:8 Ind:3 RMSE(val)=115.212338
[GA][Iter1] Gen:8 Ind:4 RMSE(val)=115.212338
[GA][Iter1] Gen:8 Ind:5 RMSE(val)=116.902356
[GA][Iter1] Gen:8 Ind:6 RMSE(val)=116.902356
[GA][Iter1] Gen:8 Ind:7 RMSE(val)=117.159913
[GA][Iter1] Gen:8 Ind:8 RMSE(val)=117.159913
[GA][Iter1] Gen:8 Ind:9 RMSE(val)=117.159913
[GA][Iter1] Gen:8 Ind:10 RMSE(val)=117.159913
[GA][Iter1] Gen:8 Ind:11 RMSE(val)=117.437780
[GA][Iter1] Gen:8 Ind:12 RMSE(val)=117.904697
[GA][Iter1] Gen:8 Ind:13 RMSE(val)=117.437780
[GA][Iter1] Gen:8 Ind:14 RMSE(val)=114.768787
[GA][Iter1] Gen:8 Ind:15 RMSE(val)=117.159913
[GA][Iter1] Gen:8 Ind:16 RMSE(val)=117.375331
[GA][Iter1] Gen:8 Ind:17 RMSE(val)=117.159913
[GA][Iter1] Gen:8 Ind:18 RMSE(val)=114.721134
[GA][Iter1] Gen:8 Ind:19 RMSE(val)=115.056270
[GA][Iter1] Gen:8 Ind:20 RMSE(val)=117.159913
[GA][Iter1] gen=8 best_val_rmse=114.721134
[GA][Iter1] Gen:9 Ind:1 RMSE(val)=114.721134
[GA][Iter1] Gen:9 Ind:2 RMSE(val)=114.768787
[GA][Iter1] Gen:9 Ind:3 RMSE(val)=114.779601
[GA][Iter1] Gen:9 Ind:4 RMSE(val)=115.056270
[GA][Iter1] Gen:9 Ind:5 RMSE(val)=115.056270
[GA][Iter1] Gen:9 Ind:6 RMSE(val)=115.212338
[GA][Iter1] Gen:9 Ind:7 RMSE(val)=115.212338
[GA][Iter1] Gen:9 Ind:8 RMSE(val)=116.902356
[GA][Iter1] Gen:9 Ind:9 RMSE(val)=116.902356
[GA][Iter1] Gen:9 Ind:10 RMSE(val)=117.159913
[GA][Iter1] Gen:9 Ind:11 RMSE(val)=117.437780
[GA][Iter1] Gen:9 Ind:12 RMSE(val)=114.659305
[GA][Iter1] Gen:9 Ind:13 RMSE(val)=117.138965
[GA][Iter1] Gen:9 Ind:14 RMSE(val)=114.779601
[GA][Iter1] Gen:9 Ind:15 RMSE(val)=164.447021
[GA][Iter1] Gen:9 Ind:16 RMSE(val)=115.866874
[GA][Iter1] Gen:9 Ind:17 RMSE(val)=117.115383
[GA][Iter1] Gen:9 Ind:18 RMSE(val)=115.212338
[GA][Iter1] Gen:9 Ind:19 RMSE(val)=117.115383
[GA][Iter1] Gen:9 Ind:20 RMSE(val)=115.212338
[GA][Iter1] gen=9 best_val_rmse=114.659305
[GA][Iter1] Gen:10 Ind:1 RMSE(val)=114.659305
[GA][Iter1] Gen:10 Ind:2 RMSE(val)=114.721134
[GA][Iter1] Gen:10 Ind:3 RMSE(val)=114.768787
[GA][Iter1] Gen:10 Ind:4 RMSE(val)=114.779601
[GA][Iter1] Gen:10 Ind:5 RMSE(val)=114.779601
[GA][Iter1] Gen:10 Ind:6 RMSE(val)=115.056270
[GA][Iter1] Gen:10 Ind:7 RMSE(val)=115.056270
[GA][Iter1] Gen:10 Ind:8 RMSE(val)=115.212338
[GA][Iter1] Gen:10 Ind:9 RMSE(val)=115.212338
[GA][Iter1] Gen:10 Ind:10 RMSE(val)=115.212338
[GA][Iter1] Gen:10 Ind:11 RMSE(val)=115.056270
[GA][Iter1] Gen:10 Ind:12 RMSE(val)=114.659305
[GA][Iter1] Gen:10 Ind:13 RMSE(val)=114.721134
[GA][Iter1] Gen:10 Ind:14 RMSE(val)=115.212338
[GA][Iter1] Gen:10 Ind:15 RMSE(val)=114.779601
[GA][Iter1] Gen:10 Ind:16 RMSE(val)=119.639515
[GA][Iter1] Gen:10 Ind:17 RMSE(val)=114.721134
[GA][Iter1] Gen:10 Ind:18 RMSE(val)=115.212338
[GA][Iter1] Gen:10 Ind:19 RMSE(val)=115.212338
[GA][Iter1] Gen:10 Ind:20 RMSE(val)=114.914104
[GA][Iter1] gen=10 best_val_rmse=114.659305
[GA][Iter1] Gen:11 Ind:1 RMSE(val)=114.659305
[GA][Iter1] Gen:11 Ind:2 RMSE(val)=114.659305
[GA][Iter1] Gen:11 Ind:3 RMSE(val)=114.721134
[GA][Iter1] Gen:11 Ind:4 RMSE(val)=114.721134
[GA][Iter1] Gen:11 Ind:5 RMSE(val)=114.721134
[GA][Iter1] Gen:11 Ind:6 RMSE(val)=114.768787
[GA][Iter1] Gen:11 Ind:7 RMSE(val)=114.779601
[GA][Iter1] Gen:11 Ind:8 RMSE(val)=114.779601
[GA][Iter1] Gen:11 Ind:9 RMSE(val)=114.779601
[GA][Iter1] Gen:11 Ind:10 RMSE(val)=114.914104
[GA][Iter1] Gen:11 Ind:11 RMSE(val)=114.721134
[GA][Iter1] Gen:11 Ind:12 RMSE(val)=114.401289
[GA][Iter1] Gen:11 Ind:13 RMSE(val)=114.779601
[GA][Iter1] Gen:11 Ind:14 RMSE(val)=115.614323
[GA][Iter1] Gen:11 Ind:15 RMSE(val)=114.588569
[GA][Iter1] Gen:11 Ind:16 RMSE(val)=115.212338
[GA][Iter1] Gen:11 Ind:17 RMSE(val)=114.721134
[GA][Iter1] Gen:11 Ind:18 RMSE(val)=114.721134
[GA][Iter1] Gen:11 Ind:19 RMSE(val)=114.401289
[GA][Iter1] Gen:11 Ind:20 RMSE(val)=115.446335
[GA][Iter1] gen=11 best_val_rmse=114.401289
[GA][Iter1] Gen:12 Ind:1 RMSE(val)=114.401289
[GA][Iter1] Gen:12 Ind:2 RMSE(val)=114.401289
[GA][Iter1] Gen:12 Ind:3 RMSE(val)=114.588569
[GA][Iter1] Gen:12 Ind:4 RMSE(val)=114.659305
[GA][Iter1] Gen:12 Ind:5 RMSE(val)=114.659305
[GA][Iter1] Gen:12 Ind:6 RMSE(val)=114.721134
[GA][Iter1] Gen:12 Ind:7 RMSE(val)=114.721134
[GA][Iter1] Gen:12 Ind:8 RMSE(val)=114.721134
[GA][Iter1] Gen:12 Ind:9 RMSE(val)=114.721134
[GA][Iter1] Gen:12 Ind:10 RMSE(val)=114.721134
[GA][Iter1] Gen:12 Ind:11 RMSE(val)=114.661142
[GA][Iter1] Gen:12 Ind:12 RMSE(val)=114.401289
[GA][Iter1] Gen:12 Ind:13 RMSE(val)=114.401289
[GA][Iter1] Gen:12 Ind:14 RMSE(val)=114.721134
[GA][Iter1] Gen:12 Ind:15 RMSE(val)=114.721134
[GA][Iter1] Gen:12 Ind:16 RMSE(val)=114.721134
[GA][Iter1] Gen:12 Ind:17 RMSE(val)=115.468758
[GA][Iter1] Gen:12 Ind:18 RMSE(val)=114.661142
[GA][Iter1] Gen:12 Ind:19 RMSE(val)=114.661142
[GA][Iter1] Gen:12 Ind:20 RMSE(val)=114.371977
[GA][Iter1] gen=12 best_val_rmse=114.371977
[GA][Iter1] Gen:13 Ind:1 RMSE(val)=114.371977
[GA][Iter1] Gen:13 Ind:2 RMSE(val)=114.401289
[GA][Iter1] Gen:13 Ind:3 RMSE(val)=114.401289
[GA][Iter1] Gen:13 Ind:4 RMSE(val)=114.401289
[GA][Iter1] Gen:13 Ind:5 RMSE(val)=114.401289
[GA][Iter1] Gen:13 Ind:6 RMSE(val)=114.588569
[GA][Iter1] Gen:13 Ind:7 RMSE(val)=114.659305
[GA][Iter1] Gen:13 Ind:8 RMSE(val)=114.659305
[GA][Iter1] Gen:13 Ind:9 RMSE(val)=114.661142
[GA][Iter1] Gen:13 Ind:10 RMSE(val)=114.661142
[GA][Iter1] Gen:13 Ind:11 RMSE(val)=114.661142
[GA][Iter1] Gen:13 Ind:12 RMSE(val)=114.371977
[GA][Iter1] Gen:13 Ind:13 RMSE(val)=114.661142
[GA][Iter1] Gen:13 Ind:14 RMSE(val)=114.659305
[GA][Iter1] Gen:13 Ind:15 RMSE(val)=114.423042
[GA][Iter1] Gen:13 Ind:16 RMSE(val)=114.401289
[GA][Iter1] Gen:13 Ind:17 RMSE(val)=114.371977
[GA][Iter1] Gen:13 Ind:18 RMSE(val)=114.721134
[GA][Iter1] Gen:13 Ind:19 RMSE(val)=114.573270
[GA][Iter1] Gen:13 Ind:20 RMSE(val)=115.229076
[GA][Iter1] gen=13 best_val_rmse=114.371977
[GA][Iter1] Gen:14 Ind:1 RMSE(val)=114.371977
[GA][Iter1] Gen:14 Ind:2 RMSE(val)=114.371977
[GA][Iter1] Gen:14 Ind:3 RMSE(val)=114.371977
[GA][Iter1] Gen:14 Ind:4 RMSE(val)=114.401289
[GA][Iter1] Gen:14 Ind:5 RMSE(val)=114.401289
[GA][Iter1] Gen:14 Ind:6 RMSE(val)=114.401289
[GA][Iter1] Gen:14 Ind:7 RMSE(val)=114.401289
[GA][Iter1] Gen:14 Ind:8 RMSE(val)=114.401289
[GA][Iter1] Gen:14 Ind:9 RMSE(val)=114.423042
[GA][Iter1] Gen:14 Ind:10 RMSE(val)=114.573270
[GA][Iter1] Gen:14 Ind:11 RMSE(val)=114.371977
[GA][Iter1] Gen:14 Ind:12 RMSE(val)=114.760154
[GA][Iter1] Gen:14 Ind:13 RMSE(val)=114.707379
[GA][Iter1] Gen:14 Ind:14 RMSE(val)=114.353549
[GA][Iter1] Gen:14 Ind:15 RMSE(val)=114.423042
[GA][Iter1] Gen:14 Ind:16 RMSE(val)=114.371977
[GA][Iter1] Gen:14 Ind:17 RMSE(val)=114.401289
[GA][Iter1] Gen:14 Ind:18 RMSE(val)=114.423042
[GA][Iter1] Gen:14 Ind:19 RMSE(val)=117.115383
[GA][Iter1] Gen:14 Ind:20 RMSE(val)=114.401289
[GA][Iter1] gen=14 best_val_rmse=114.353549
[GA][Iter1] Gen:15 Ind:1 RMSE(val)=114.353549
[GA][Iter1] Gen:15 Ind:2 RMSE(val)=114.371977
[GA][Iter1] Gen:15 Ind:3 RMSE(val)=114.371977
[GA][Iter1] Gen:15 Ind:4 RMSE(val)=114.371977
[GA][Iter1] Gen:15 Ind:5 RMSE(val)=114.371977
[GA][Iter1] Gen:15 Ind:6 RMSE(val)=114.371977
[GA][Iter1] Gen:15 Ind:7 RMSE(val)=114.401289
[GA][Iter1] Gen:15 Ind:8 RMSE(val)=114.401289
[GA][Iter1] Gen:15 Ind:9 RMSE(val)=114.401289
[GA][Iter1] Gen:15 Ind:10 RMSE(val)=114.401289
[GA][Iter1] Gen:15 Ind:11 RMSE(val)=114.371977
[GA][Iter1] Gen:15 Ind:12 RMSE(val)=114.371977
[GA][Iter1] Gen:15 Ind:13 RMSE(val)=114.431765
[GA][Iter1] Gen:15 Ind:14 RMSE(val)=114.401289
[GA][Iter1] Gen:15 Ind:15 RMSE(val)=114.401289
[GA][Iter1] Gen:15 Ind:16 RMSE(val)=114.401289
[GA][Iter1] Gen:15 Ind:17 RMSE(val)=114.371977
[GA][Iter1] Gen:15 Ind:18 RMSE(val)=114.371977
[GA][Iter1] Gen:15 Ind:19 RMSE(val)=117.163704
[GA][Iter1] Gen:15 Ind:20 RMSE(val)=114.353549
[GA][Iter1] gen=15 best_val_rmse=114.353549
[GA][Iter1] Gen:15 Ind:1 RMSE(val)=114.353549
[GA][Iter1] Gen:15 Ind:2 RMSE(val)=114.353549
[GA][Iter1] Gen:15 Ind:3 RMSE(val)=114.371977
[GA][Iter1] Gen:15 Ind:4 RMSE(val)=114.371977
[GA][Iter1] Gen:15 Ind:5 RMSE(val)=114.371977
[GA][Iter1] Gen:15 Ind:6 RMSE(val)=114.371977
[GA][Iter1] Gen:15 Ind:7 RMSE(val)=114.371977
[GA][Iter1] Gen:15 Ind:8 RMSE(val)=114.371977
[GA][Iter1] Gen:15 Ind:9 RMSE(val)=114.371977
[GA][Iter1] Gen:15 Ind:10 RMSE(val)=114.371977
[GA][Iter1] Gen:15 Ind:11 RMSE(val)=114.371977
[GA][Iter1] Gen:15 Ind:12 RMSE(val)=114.353549
[GA][Iter1] Gen:15 Ind:13 RMSE(val)=114.371977
[GA][Iter1] Gen:15 Ind:14 RMSE(val)=114.353549
[GA][Iter1] Gen:15 Ind:15 RMSE(val)=114.353549
[GA][Iter1] Gen:15 Ind:16 RMSE(val)=114.371977
[GA][Iter1] Gen:15 Ind:17 RMSE(val)=114.371977
[GA][Iter1] Gen:15 Ind:18 RMSE(val)=115.270594
[GA][Iter1] Gen:15 Ind:19 RMSE(val)=114.409594
[GA][Iter1] Gen:15 Ind:20 RMSE(val)=114.371977

[GA DONE][Iter1] Best params on val fold of Iter1
Best val RMSE: 114.353549
Best params: {'n_estimators': 1320, 'max_depth': 21, 'min_samples_split': 10, 'min_samples_leaf': 1, 'max_features': 'sqrt', 'bootstrap': False}
--------------------------------------------------------------------------------
[RETUNE GA] Iter1: train folds 1..5 -> test fold 6  RMSE=98.916139  NRMSE=0.583850  CVRMSE=0.182334  R2=0.658399
[GA][Iter2] Gen:1 Ind:1 RMSE(val)=117.437036
[GA][Iter2] Gen:1 Ind:2 RMSE(val)=110.414510
[GA][Iter2] Gen:1 Ind:3 RMSE(val)=116.275030
[GA][Iter2] Gen:1 Ind:4 RMSE(val)=100.239706
[GA][Iter2] Gen:1 Ind:5 RMSE(val)=108.369413
[GA][Iter2] Gen:1 Ind:6 RMSE(val)=103.422488
[GA][Iter2] Gen:1 Ind:7 RMSE(val)=104.438900
[GA][Iter2] Gen:1 Ind:8 RMSE(val)=100.016202
[GA][Iter2] Gen:1 Ind:9 RMSE(val)=103.143075
[GA][Iter2] Gen:1 Ind:10 RMSE(val)=99.244221
[GA][Iter2] Gen:1 Ind:11 RMSE(val)=99.900401
[GA][Iter2] Gen:1 Ind:12 RMSE(val)=110.773721
[GA][Iter2] Gen:1 Ind:13 RMSE(val)=105.452493
[GA][Iter2] Gen:1 Ind:14 RMSE(val)=98.398594
[GA][Iter2] Gen:1 Ind:15 RMSE(val)=98.956207
[GA][Iter2] Gen:1 Ind:16 RMSE(val)=100.412036
[GA][Iter2] Gen:1 Ind:17 RMSE(val)=107.020888
[GA][Iter2] Gen:1 Ind:18 RMSE(val)=99.687818
[GA][Iter2] Gen:1 Ind:19 RMSE(val)=118.271107
[GA][Iter2] Gen:1 Ind:20 RMSE(val)=121.629867
[GA][Iter2] gen=1 best_val_rmse=98.398594
[GA][Iter2] Gen:2 Ind:1 RMSE(val)=98.398594
[GA][Iter2] Gen:2 Ind:2 RMSE(val)=98.956207
[GA][Iter2] Gen:2 Ind:3 RMSE(val)=99.244221
[GA][Iter2] Gen:2 Ind:4 RMSE(val)=99.687818
[GA][Iter2] Gen:2 Ind:5 RMSE(val)=99.900401
[GA][Iter2] Gen:2 Ind:6 RMSE(val)=100.016202
[GA][Iter2] Gen:2 Ind:7 RMSE(val)=100.239706
[GA][Iter2] Gen:2 Ind:8 RMSE(val)=100.412036
[GA][Iter2] Gen:2 Ind:9 RMSE(val)=103.143075
[GA][Iter2] Gen:2 Ind:10 RMSE(val)=103.422488
[GA][Iter2] Gen:2 Ind:11 RMSE(val)=100.993333
[GA][Iter2] Gen:2 Ind:12 RMSE(val)=98.764020
[GA][Iter2] Gen:2 Ind:13 RMSE(val)=98.931130
[GA][Iter2] Gen:2 Ind:14 RMSE(val)=103.120107
[GA][Iter2] Gen:2 Ind:15 RMSE(val)=118.435530
[GA][Iter2] Gen:2 Ind:16 RMSE(val)=99.687818
[GA][Iter2] Gen:2 Ind:17 RMSE(val)=100.367519
[GA][Iter2] Gen:2 Ind:18 RMSE(val)=100.025571
[GA][Iter2] Gen:2 Ind:19 RMSE(val)=99.851785
[GA][Iter2] Gen:2 Ind:20 RMSE(val)=98.826898
[GA][Iter2] gen=2 best_val_rmse=98.398594
[GA][Iter2] Gen:3 Ind:1 RMSE(val)=98.398594
[GA][Iter2] Gen:3 Ind:2 RMSE(val)=98.764020
[GA][Iter2] Gen:3 Ind:3 RMSE(val)=98.826898
[GA][Iter2] Gen:3 Ind:4 RMSE(val)=98.931130
[GA][Iter2] Gen:3 Ind:5 RMSE(val)=98.956207
[GA][Iter2] Gen:3 Ind:6 RMSE(val)=99.244221
[GA][Iter2] Gen:3 Ind:7 RMSE(val)=99.687818
[GA][Iter2] Gen:3 Ind:8 RMSE(val)=99.687818
[GA][Iter2] Gen:3 Ind:9 RMSE(val)=99.851785
[GA][Iter2] Gen:3 Ind:10 RMSE(val)=99.900401
[GA][Iter2] Gen:3 Ind:11 RMSE(val)=98.696762
[GA][Iter2] Gen:3 Ind:12 RMSE(val)=98.666366
[GA][Iter2] Gen:3 Ind:13 RMSE(val)=99.201065
[GA][Iter2] Gen:3 Ind:14 RMSE(val)=98.520462
[GA][Iter2] Gen:3 Ind:15 RMSE(val)=99.151542
[GA][Iter2] Gen:3 Ind:16 RMSE(val)=98.681998
[GA][Iter2] Gen:3 Ind:17 RMSE(val)=99.057991
[GA][Iter2] Gen:3 Ind:18 RMSE(val)=98.080256
[GA][Iter2] Gen:3 Ind:19 RMSE(val)=100.025571
[GA][Iter2] Gen:3 Ind:20 RMSE(val)=100.021786
[GA][Iter2] gen=3 best_val_rmse=98.080256
[GA][Iter2] Gen:4 Ind:1 RMSE(val)=98.080256
[GA][Iter2] Gen:4 Ind:2 RMSE(val)=98.398594
[GA][Iter2] Gen:4 Ind:3 RMSE(val)=98.520462
[GA][Iter2] Gen:4 Ind:4 RMSE(val)=98.666366
[GA][Iter2] Gen:4 Ind:5 RMSE(val)=98.681998
[GA][Iter2] Gen:4 Ind:6 RMSE(val)=98.696762
[GA][Iter2] Gen:4 Ind:7 RMSE(val)=98.764020
[GA][Iter2] Gen:4 Ind:8 RMSE(val)=98.826898
[GA][Iter2] Gen:4 Ind:9 RMSE(val)=98.931130
[GA][Iter2] Gen:4 Ind:10 RMSE(val)=98.956207
[GA][Iter2] Gen:4 Ind:11 RMSE(val)=99.939354
[GA][Iter2] Gen:4 Ind:12 RMSE(val)=98.852095
[GA][Iter2] Gen:4 Ind:13 RMSE(val)=98.256033
[GA][Iter2] Gen:4 Ind:14 RMSE(val)=98.222127
[GA][Iter2] Gen:4 Ind:15 RMSE(val)=98.578057
[GA][Iter2] Gen:4 Ind:16 RMSE(val)=98.354441
[GA][Iter2] Gen:4 Ind:17 RMSE(val)=98.716580
[GA][Iter2] Gen:4 Ind:18 RMSE(val)=99.151542
[GA][Iter2] Gen:4 Ind:19 RMSE(val)=98.804125
[GA][Iter2] Gen:4 Ind:20 RMSE(val)=98.666366
[GA][Iter2] gen=4 best_val_rmse=98.080256
[GA][Iter2] Gen:5 Ind:1 RMSE(val)=98.080256
[GA][Iter2] Gen:5 Ind:2 RMSE(val)=98.222127
[GA][Iter2] Gen:5 Ind:3 RMSE(val)=98.256033
[GA][Iter2] Gen:5 Ind:4 RMSE(val)=98.354441
[GA][Iter2] Gen:5 Ind:5 RMSE(val)=98.398594
[GA][Iter2] Gen:5 Ind:6 RMSE(val)=98.520462
[GA][Iter2] Gen:5 Ind:7 RMSE(val)=98.578057
[GA][Iter2] Gen:5 Ind:8 RMSE(val)=98.666366
[GA][Iter2] Gen:5 Ind:9 RMSE(val)=98.666366
[GA][Iter2] Gen:5 Ind:10 RMSE(val)=98.681998
[GA][Iter2] Gen:5 Ind:11 RMSE(val)=98.520462
[GA][Iter2] Gen:5 Ind:12 RMSE(val)=98.441664
[GA][Iter2] Gen:5 Ind:13 RMSE(val)=99.301845
[GA][Iter2] Gen:5 Ind:14 RMSE(val)=98.935830
[GA][Iter2] Gen:5 Ind:15 RMSE(val)=98.736769
[GA][Iter2] Gen:5 Ind:16 RMSE(val)=98.618717
[GA][Iter2] Gen:5 Ind:17 RMSE(val)=98.266896
[GA][Iter2] Gen:5 Ind:18 RMSE(val)=98.681998
[GA][Iter2] Gen:5 Ind:19 RMSE(val)=98.666366
[GA][Iter2] Gen:5 Ind:20 RMSE(val)=98.666366
[GA][Iter2] gen=5 best_val_rmse=98.080256
[GA][Iter2] Gen:6 Ind:1 RMSE(val)=98.080256
[GA][Iter2] Gen:6 Ind:2 RMSE(val)=98.222127
[GA][Iter2] Gen:6 Ind:3 RMSE(val)=98.256033
[GA][Iter2] Gen:6 Ind:4 RMSE(val)=98.266896
[GA][Iter2] Gen:6 Ind:5 RMSE(val)=98.354441
[GA][Iter2] Gen:6 Ind:6 RMSE(val)=98.398594
[GA][Iter2] Gen:6 Ind:7 RMSE(val)=98.441664
[GA][Iter2] Gen:6 Ind:8 RMSE(val)=98.520462
[GA][Iter2] Gen:6 Ind:9 RMSE(val)=98.520462
[GA][Iter2] Gen:6 Ind:10 RMSE(val)=98.578057
[GA][Iter2] Gen:6 Ind:11 RMSE(val)=98.256033
[GA][Iter2] Gen:6 Ind:12 RMSE(val)=99.555911
[GA][Iter2] Gen:6 Ind:13 RMSE(val)=98.354441
[GA][Iter2] Gen:6 Ind:14 RMSE(val)=98.419331
[GA][Iter2] Gen:6 Ind:15 RMSE(val)=98.578057
[GA][Iter2] Gen:6 Ind:16 RMSE(val)=98.286201
[GA][Iter2] Gen:6 Ind:17 RMSE(val)=99.323406
[GA][Iter2] Gen:6 Ind:18 RMSE(val)=99.014337
[GA][Iter2] Gen:6 Ind:19 RMSE(val)=98.738217
[GA][Iter2] Gen:6 Ind:20 RMSE(val)=118.967226
[GA][Iter2] gen=6 best_val_rmse=98.080256
[GA][Iter2] Gen:7 Ind:1 RMSE(val)=98.080256
[GA][Iter2] Gen:7 Ind:2 RMSE(val)=98.222127
[GA][Iter2] Gen:7 Ind:3 RMSE(val)=98.256033
[GA][Iter2] Gen:7 Ind:4 RMSE(val)=98.256033
[GA][Iter2] Gen:7 Ind:5 RMSE(val)=98.266896
[GA][Iter2] Gen:7 Ind:6 RMSE(val)=98.286201
[GA][Iter2] Gen:7 Ind:7 RMSE(val)=98.354441
[GA][Iter2] Gen:7 Ind:8 RMSE(val)=98.354441
[GA][Iter2] Gen:7 Ind:9 RMSE(val)=98.398594
[GA][Iter2] Gen:7 Ind:10 RMSE(val)=98.419331
[GA][Iter2] Gen:7 Ind:11 RMSE(val)=100.037711
[GA][Iter2] Gen:7 Ind:12 RMSE(val)=98.566082
[GA][Iter2] Gen:7 Ind:13 RMSE(val)=98.618717
[GA][Iter2] Gen:7 Ind:14 RMSE(val)=98.618717
[GA][Iter2] Gen:7 Ind:15 RMSE(val)=98.398594
[GA][Iter2] Gen:7 Ind:16 RMSE(val)=98.638114
[GA][Iter2] Gen:7 Ind:17 RMSE(val)=98.505192
[GA][Iter2] Gen:7 Ind:18 RMSE(val)=98.532926
[GA][Iter2] Gen:7 Ind:19 RMSE(val)=98.618717
[GA][Iter2] Gen:7 Ind:20 RMSE(val)=97.860164
[GA][Iter2] gen=7 best_val_rmse=97.860164
[GA][Iter2] Gen:8 Ind:1 RMSE(val)=97.860164
[GA][Iter2] Gen:8 Ind:2 RMSE(val)=98.080256
[GA][Iter2] Gen:8 Ind:3 RMSE(val)=98.222127
[GA][Iter2] Gen:8 Ind:4 RMSE(val)=98.256033
[GA][Iter2] Gen:8 Ind:5 RMSE(val)=98.256033
[GA][Iter2] Gen:8 Ind:6 RMSE(val)=98.266896
[GA][Iter2] Gen:8 Ind:7 RMSE(val)=98.286201
[GA][Iter2] Gen:8 Ind:8 RMSE(val)=98.354441
[GA][Iter2] Gen:8 Ind:9 RMSE(val)=98.354441
[GA][Iter2] Gen:8 Ind:10 RMSE(val)=98.398594
[GA][Iter2] Gen:8 Ind:11 RMSE(val)=98.736769
[GA][Iter2] Gen:8 Ind:12 RMSE(val)=99.193200
[GA][Iter2] Gen:8 Ind:13 RMSE(val)=97.626347
[GA][Iter2] Gen:8 Ind:14 RMSE(val)=97.894450
[GA][Iter2] Gen:8 Ind:15 RMSE(val)=98.354441
[GA][Iter2] Gen:8 Ind:16 RMSE(val)=98.402811
[GA][Iter2] Gen:8 Ind:17 RMSE(val)=98.354441
[GA][Iter2] Gen:8 Ind:18 RMSE(val)=99.421354
[GA][Iter2] Gen:8 Ind:19 RMSE(val)=98.256033
[GA][Iter2] Gen:8 Ind:20 RMSE(val)=98.354441
[GA][Iter2] gen=8 best_val_rmse=97.626347
[GA][Iter2] Gen:9 Ind:1 RMSE(val)=97.626347
[GA][Iter2] Gen:9 Ind:2 RMSE(val)=97.860164
[GA][Iter2] Gen:9 Ind:3 RMSE(val)=97.894450
[GA][Iter2] Gen:9 Ind:4 RMSE(val)=98.080256
[GA][Iter2] Gen:9 Ind:5 RMSE(val)=98.222127
[GA][Iter2] Gen:9 Ind:6 RMSE(val)=98.256033
[GA][Iter2] Gen:9 Ind:7 RMSE(val)=98.256033
[GA][Iter2] Gen:9 Ind:8 RMSE(val)=98.256033
[GA][Iter2] Gen:9 Ind:9 RMSE(val)=98.266896
[GA][Iter2] Gen:9 Ind:10 RMSE(val)=98.286201
[GA][Iter2] Gen:9 Ind:11 RMSE(val)=98.256033
[GA][Iter2] Gen:9 Ind:12 RMSE(val)=99.253233
[GA][Iter2] Gen:9 Ind:13 RMSE(val)=98.126303
[GA][Iter2] Gen:9 Ind:14 RMSE(val)=97.860164
[GA][Iter2] Gen:9 Ind:15 RMSE(val)=118.967226
[GA][Iter2] Gen:9 Ind:16 RMSE(val)=98.185755
[GA][Iter2] Gen:9 Ind:17 RMSE(val)=98.167977
[GA][Iter2] Gen:9 Ind:18 RMSE(val)=97.756708
[GA][Iter2] Gen:9 Ind:19 RMSE(val)=98.256033
[GA][Iter2] Gen:9 Ind:20 RMSE(val)=98.256033
[GA][Iter2] gen=9 best_val_rmse=97.626347
[GA][Iter2] Gen:10 Ind:1 RMSE(val)=97.626347
[GA][Iter2] Gen:10 Ind:2 RMSE(val)=97.756708
[GA][Iter2] Gen:10 Ind:3 RMSE(val)=97.860164
[GA][Iter2] Gen:10 Ind:4 RMSE(val)=97.860164
[GA][Iter2] Gen:10 Ind:5 RMSE(val)=97.894450
[GA][Iter2] Gen:10 Ind:6 RMSE(val)=98.080256
[GA][Iter2] Gen:10 Ind:7 RMSE(val)=98.126303
[GA][Iter2] Gen:10 Ind:8 RMSE(val)=98.167977
[GA][Iter2] Gen:10 Ind:9 RMSE(val)=98.185755
[GA][Iter2] Gen:10 Ind:10 RMSE(val)=98.222127
[GA][Iter2] Gen:10 Ind:11 RMSE(val)=98.132626
[GA][Iter2] Gen:10 Ind:12 RMSE(val)=98.256033
[GA][Iter2] Gen:10 Ind:13 RMSE(val)=97.756708
[GA][Iter2] Gen:10 Ind:14 RMSE(val)=97.860164
[GA][Iter2] Gen:10 Ind:15 RMSE(val)=99.270430
[GA][Iter2] Gen:10 Ind:16 RMSE(val)=98.727577
[GA][Iter2] Gen:10 Ind:17 RMSE(val)=99.525899
[GA][Iter2] Gen:10 Ind:18 RMSE(val)=99.528845
[GA][Iter2] Gen:10 Ind:19 RMSE(val)=98.222127
[GA][Iter2] Gen:10 Ind:20 RMSE(val)=97.549731
[GA][Iter2] gen=10 best_val_rmse=97.549731
[GA][Iter2] Gen:11 Ind:1 RMSE(val)=97.549731
[GA][Iter2] Gen:11 Ind:2 RMSE(val)=97.626347
[GA][Iter2] Gen:11 Ind:3 RMSE(val)=97.756708
[GA][Iter2] Gen:11 Ind:4 RMSE(val)=97.756708
[GA][Iter2] Gen:11 Ind:5 RMSE(val)=97.860164
[GA][Iter2] Gen:11 Ind:6 RMSE(val)=97.860164
[GA][Iter2] Gen:11 Ind:7 RMSE(val)=97.860164
[GA][Iter2] Gen:11 Ind:8 RMSE(val)=97.894450
[GA][Iter2] Gen:11 Ind:9 RMSE(val)=98.080256
[GA][Iter2] Gen:11 Ind:10 RMSE(val)=98.126303
[GA][Iter2] Gen:11 Ind:11 RMSE(val)=97.756708
[GA][Iter2] Gen:11 Ind:12 RMSE(val)=97.860164
[GA][Iter2] Gen:11 Ind:13 RMSE(val)=97.583784
[GA][Iter2] Gen:11 Ind:14 RMSE(val)=98.256033
[GA][Iter2] Gen:11 Ind:15 RMSE(val)=98.645967
[GA][Iter2] Gen:11 Ind:16 RMSE(val)=98.960979
[GA][Iter2] Gen:11 Ind:17 RMSE(val)=97.756708
[GA][Iter2] Gen:11 Ind:18 RMSE(val)=99.525899
[GA][Iter2] Gen:11 Ind:19 RMSE(val)=99.275897
[GA][Iter2] Gen:11 Ind:20 RMSE(val)=98.064408
[GA][Iter2] gen=11 best_val_rmse=97.549731
[GA][Iter2] Gen:12 Ind:1 RMSE(val)=97.549731
[GA][Iter2] Gen:12 Ind:2 RMSE(val)=97.583784
[GA][Iter2] Gen:12 Ind:3 RMSE(val)=97.626347
[GA][Iter2] Gen:12 Ind:4 RMSE(val)=97.756708
[GA][Iter2] Gen:12 Ind:5 RMSE(val)=97.756708
[GA][Iter2] Gen:12 Ind:6 RMSE(val)=97.756708
[GA][Iter2] Gen:12 Ind:7 RMSE(val)=97.756708
[GA][Iter2] Gen:12 Ind:8 RMSE(val)=97.860164
[GA][Iter2] Gen:12 Ind:9 RMSE(val)=97.860164
[GA][Iter2] Gen:12 Ind:10 RMSE(val)=97.860164
[GA][Iter2] Gen:12 Ind:11 RMSE(val)=98.286201
[GA][Iter2] Gen:12 Ind:12 RMSE(val)=98.542694
[GA][Iter2] Gen:12 Ind:13 RMSE(val)=97.583784
[GA][Iter2] Gen:12 Ind:14 RMSE(val)=97.860164
[GA][Iter2] Gen:12 Ind:15 RMSE(val)=97.860164
[GA][Iter2] Gen:12 Ind:16 RMSE(val)=99.525899
[GA][Iter2] Gen:12 Ind:17 RMSE(val)=98.173782
[GA][Iter2] Gen:12 Ind:18 RMSE(val)=98.398948
[GA][Iter2] Gen:12 Ind:19 RMSE(val)=97.860164
[GA][Iter2] Gen:12 Ind:20 RMSE(val)=98.234667
[GA][Iter2] gen=12 best_val_rmse=97.549731
[GA][Iter2] Gen:13 Ind:1 RMSE(val)=97.549731
[GA][Iter2] Gen:13 Ind:2 RMSE(val)=97.583784
[GA][Iter2] Gen:13 Ind:3 RMSE(val)=97.583784
[GA][Iter2] Gen:13 Ind:4 RMSE(val)=97.626347
[GA][Iter2] Gen:13 Ind:5 RMSE(val)=97.756708
[GA][Iter2] Gen:13 Ind:6 RMSE(val)=97.756708
[GA][Iter2] Gen:13 Ind:7 RMSE(val)=97.756708
[GA][Iter2] Gen:13 Ind:8 RMSE(val)=97.756708
[GA][Iter2] Gen:13 Ind:9 RMSE(val)=97.860164
[GA][Iter2] Gen:13 Ind:10 RMSE(val)=97.860164
[GA][Iter2] Gen:13 Ind:11 RMSE(val)=97.860164
[GA][Iter2] Gen:13 Ind:12 RMSE(val)=98.960979
[GA][Iter2] Gen:13 Ind:13 RMSE(val)=98.167977
[GA][Iter2] Gen:13 Ind:14 RMSE(val)=97.756708
[GA][Iter2] Gen:13 Ind:15 RMSE(val)=97.583784
[GA][Iter2] Gen:13 Ind:16 RMSE(val)=98.542694
[GA][Iter2] Gen:13 Ind:17 RMSE(val)=97.549731
[GA][Iter2] Gen:13 Ind:18 RMSE(val)=97.860164
[GA][Iter2] Gen:13 Ind:19 RMSE(val)=97.677015
[GA][Iter2] Gen:13 Ind:20 RMSE(val)=97.960514
[GA][Iter2] gen=13 best_val_rmse=97.549731
[GA][Iter2] Gen:14 Ind:1 RMSE(val)=97.549731
[GA][Iter2] Gen:14 Ind:2 RMSE(val)=97.549731
[GA][Iter2] Gen:14 Ind:3 RMSE(val)=97.583784
[GA][Iter2] Gen:14 Ind:4 RMSE(val)=97.583784
[GA][Iter2] Gen:14 Ind:5 RMSE(val)=97.583784
[GA][Iter2] Gen:14 Ind:6 RMSE(val)=97.626347
[GA][Iter2] Gen:14 Ind:7 RMSE(val)=97.677015
[GA][Iter2] Gen:14 Ind:8 RMSE(val)=97.756708
[GA][Iter2] Gen:14 Ind:9 RMSE(val)=97.756708
[GA][Iter2] Gen:14 Ind:10 RMSE(val)=97.756708
[GA][Iter2] Gen:14 Ind:11 RMSE(val)=97.756708
[GA][Iter2] Gen:14 Ind:12 RMSE(val)=98.134767
[GA][Iter2] Gen:14 Ind:13 RMSE(val)=98.256033
[GA][Iter2] Gen:14 Ind:14 RMSE(val)=98.246062
[GA][Iter2] Gen:14 Ind:15 RMSE(val)=98.398948
[GA][Iter2] Gen:14 Ind:16 RMSE(val)=97.756708
[GA][Iter2] Gen:14 Ind:17 RMSE(val)=98.870195
[GA][Iter2] Gen:14 Ind:18 RMSE(val)=98.132626
[GA][Iter2] Gen:14 Ind:19 RMSE(val)=98.286201
[GA][Iter2] Gen:14 Ind:20 RMSE(val)=97.545942
[GA][Iter2] gen=14 best_val_rmse=97.545942
[GA][Iter2] Gen:15 Ind:1 RMSE(val)=97.545942
[GA][Iter2] Gen:15 Ind:2 RMSE(val)=97.549731
[GA][Iter2] Gen:15 Ind:3 RMSE(val)=97.549731
[GA][Iter2] Gen:15 Ind:4 RMSE(val)=97.583784
[GA][Iter2] Gen:15 Ind:5 RMSE(val)=97.583784
[GA][Iter2] Gen:15 Ind:6 RMSE(val)=97.583784
[GA][Iter2] Gen:15 Ind:7 RMSE(val)=97.626347
[GA][Iter2] Gen:15 Ind:8 RMSE(val)=97.677015
[GA][Iter2] Gen:15 Ind:9 RMSE(val)=97.756708
[GA][Iter2] Gen:15 Ind:10 RMSE(val)=97.756708
[GA][Iter2] Gen:15 Ind:11 RMSE(val)=97.583784
[GA][Iter2] Gen:15 Ind:12 RMSE(val)=97.549731
[GA][Iter2] Gen:15 Ind:13 RMSE(val)=97.579248
[GA][Iter2] Gen:15 Ind:14 RMSE(val)=97.756708
[GA][Iter2] Gen:15 Ind:15 RMSE(val)=98.398948
[GA][Iter2] Gen:15 Ind:16 RMSE(val)=99.596325
[GA][Iter2] Gen:15 Ind:17 RMSE(val)=97.583784
[GA][Iter2] Gen:15 Ind:18 RMSE(val)=97.583784
[GA][Iter2] Gen:15 Ind:19 RMSE(val)=99.355991
[GA][Iter2] Gen:15 Ind:20 RMSE(val)=98.619889
[GA][Iter2] gen=15 best_val_rmse=97.545942
[GA][Iter2] Gen:15 Ind:1 RMSE(val)=97.545942
[GA][Iter2] Gen:15 Ind:2 RMSE(val)=97.549731
[GA][Iter2] Gen:15 Ind:3 RMSE(val)=97.549731
[GA][Iter2] Gen:15 Ind:4 RMSE(val)=97.549731
[GA][Iter2] Gen:15 Ind:5 RMSE(val)=97.579248
[GA][Iter2] Gen:15 Ind:6 RMSE(val)=97.583784
[GA][Iter2] Gen:15 Ind:7 RMSE(val)=97.583784
[GA][Iter2] Gen:15 Ind:8 RMSE(val)=97.583784
[GA][Iter2] Gen:15 Ind:9 RMSE(val)=97.583784
[GA][Iter2] Gen:15 Ind:10 RMSE(val)=97.583784
[GA][Iter2] Gen:15 Ind:11 RMSE(val)=97.626347
[GA][Iter2] Gen:15 Ind:12 RMSE(val)=98.619889
[GA][Iter2] Gen:15 Ind:13 RMSE(val)=97.545942
[GA][Iter2] Gen:15 Ind:14 RMSE(val)=97.545942
[GA][Iter2] Gen:15 Ind:15 RMSE(val)=97.549731
[GA][Iter2] Gen:15 Ind:16 RMSE(val)=97.583784
[GA][Iter2] Gen:15 Ind:17 RMSE(val)=97.583784
[GA][Iter2] Gen:15 Ind:18 RMSE(val)=98.925078
[GA][Iter2] Gen:15 Ind:19 RMSE(val)=97.544740
[GA][Iter2] Gen:15 Ind:20 RMSE(val)=97.583784

[GA DONE][Iter2] Best params on val fold of Iter2
Best val RMSE: 97.544740
Best params: {'n_estimators': 276, 'max_depth': 17, 'min_samples_split': 12, 'min_samples_leaf': 2, 'max_features': 'sqrt', 'bootstrap': False}
--------------------------------------------------------------------------------
[RETUNE GA] Iter2: train folds 1..6 -> test fold 7  RMSE=92.327002  NRMSE=0.930382  CVRMSE=0.219292  R2=0.132559
[GA][Iter3] Gen:1 Ind:1 RMSE(val)=125.940945
[GA][Iter3] Gen:1 Ind:2 RMSE(val)=103.661778
[GA][Iter3] Gen:1 Ind:3 RMSE(val)=141.908489
[GA][Iter3] Gen:1 Ind:4 RMSE(val)=94.002432
[GA][Iter3] Gen:1 Ind:5 RMSE(val)=139.986960
[GA][Iter3] Gen:1 Ind:6 RMSE(val)=95.816850
[GA][Iter3] Gen:1 Ind:7 RMSE(val)=95.010110
[GA][Iter3] Gen:1 Ind:8 RMSE(val)=93.393455
[GA][Iter3] Gen:1 Ind:9 RMSE(val)=98.312052
[GA][Iter3] Gen:1 Ind:10 RMSE(val)=91.998272
[GA][Iter3] Gen:1 Ind:11 RMSE(val)=93.180381
[GA][Iter3] Gen:1 Ind:12 RMSE(val)=116.602900
[GA][Iter3] Gen:1 Ind:13 RMSE(val)=96.791143
[GA][Iter3] Gen:1 Ind:14 RMSE(val)=92.253957
[GA][Iter3] Gen:1 Ind:15 RMSE(val)=90.488126
[GA][Iter3] Gen:1 Ind:16 RMSE(val)=93.839522
[GA][Iter3] Gen:1 Ind:17 RMSE(val)=98.253534
[GA][Iter3] Gen:1 Ind:18 RMSE(val)=91.583102
[GA][Iter3] Gen:1 Ind:19 RMSE(val)=159.337780
[GA][Iter3] Gen:1 Ind:20 RMSE(val)=163.289282
[GA][Iter3] gen=1 best_val_rmse=90.488126
[GA][Iter3] Gen:2 Ind:1 RMSE(val)=90.488126
[GA][Iter3] Gen:2 Ind:2 RMSE(val)=91.583102
[GA][Iter3] Gen:2 Ind:3 RMSE(val)=91.998272
[GA][Iter3] Gen:2 Ind:4 RMSE(val)=92.253957
[GA][Iter3] Gen:2 Ind:5 RMSE(val)=93.180381
[GA][Iter3] Gen:2 Ind:6 RMSE(val)=93.393455
[GA][Iter3] Gen:2 Ind:7 RMSE(val)=93.839522
[GA][Iter3] Gen:2 Ind:8 RMSE(val)=94.002432
[GA][Iter3] Gen:2 Ind:9 RMSE(val)=95.010110
[GA][Iter3] Gen:2 Ind:10 RMSE(val)=95.816850
[GA][Iter3] Gen:2 Ind:11 RMSE(val)=94.932567
[GA][Iter3] Gen:2 Ind:12 RMSE(val)=94.040423
[GA][Iter3] Gen:2 Ind:13 RMSE(val)=92.957912
[GA][Iter3] Gen:2 Ind:14 RMSE(val)=92.267968
[GA][Iter3] Gen:2 Ind:15 RMSE(val)=138.768910
[GA][Iter3] Gen:2 Ind:16 RMSE(val)=92.253957
[GA][Iter3] Gen:2 Ind:17 RMSE(val)=99.371514
[GA][Iter3] Gen:2 Ind:18 RMSE(val)=91.107774
[GA][Iter3] Gen:2 Ind:19 RMSE(val)=93.184567
[GA][Iter3] Gen:2 Ind:20 RMSE(val)=90.679922
[GA][Iter3] gen=2 best_val_rmse=90.488126
[GA][Iter3] Gen:3 Ind:1 RMSE(val)=90.488126
[GA][Iter3] Gen:3 Ind:2 RMSE(val)=90.679922
[GA][Iter3] Gen:3 Ind:3 RMSE(val)=91.107774
[GA][Iter3] Gen:3 Ind:4 RMSE(val)=91.583102
[GA][Iter3] Gen:3 Ind:5 RMSE(val)=91.998272
[GA][Iter3] Gen:3 Ind:6 RMSE(val)=92.253957
[GA][Iter3] Gen:3 Ind:7 RMSE(val)=92.253957
[GA][Iter3] Gen:3 Ind:8 RMSE(val)=92.267968
[GA][Iter3] Gen:3 Ind:9 RMSE(val)=92.957912
[GA][Iter3] Gen:3 Ind:10 RMSE(val)=93.180381
[GA][Iter3] Gen:3 Ind:11 RMSE(val)=91.567676
[GA][Iter3] Gen:3 Ind:12 RMSE(val)=90.734695
[GA][Iter3] Gen:3 Ind:13 RMSE(val)=91.483702
[GA][Iter3] Gen:3 Ind:14 RMSE(val)=90.459007
[GA][Iter3] Gen:3 Ind:15 RMSE(val)=90.562889
[GA][Iter3] Gen:3 Ind:16 RMSE(val)=90.783236
[GA][Iter3] Gen:3 Ind:17 RMSE(val)=91.268034
[GA][Iter3] Gen:3 Ind:18 RMSE(val)=91.519370
[GA][Iter3] Gen:3 Ind:19 RMSE(val)=91.829508
[GA][Iter3] Gen:3 Ind:20 RMSE(val)=91.624113
[GA][Iter3] gen=3 best_val_rmse=90.459007
[GA][Iter3] Gen:4 Ind:1 RMSE(val)=90.459007
[GA][Iter3] Gen:4 Ind:2 RMSE(val)=90.488126
[GA][Iter3] Gen:4 Ind:3 RMSE(val)=90.562889
[GA][Iter3] Gen:4 Ind:4 RMSE(val)=90.679922
[GA][Iter3] Gen:4 Ind:5 RMSE(val)=90.734695
[GA][Iter3] Gen:4 Ind:6 RMSE(val)=90.783236
[GA][Iter3] Gen:4 Ind:7 RMSE(val)=91.107774
[GA][Iter3] Gen:4 Ind:8 RMSE(val)=91.268034
[GA][Iter3] Gen:4 Ind:9 RMSE(val)=91.483702
[GA][Iter3] Gen:4 Ind:10 RMSE(val)=91.519370
[GA][Iter3] Gen:4 Ind:11 RMSE(val)=91.829508
[GA][Iter3] Gen:4 Ind:12 RMSE(val)=90.272711
[GA][Iter3] Gen:4 Ind:13 RMSE(val)=90.488126
[GA][Iter3] Gen:4 Ind:14 RMSE(val)=90.874994
[GA][Iter3] Gen:4 Ind:15 RMSE(val)=91.107774
[GA][Iter3] Gen:4 Ind:16 RMSE(val)=90.488126
[GA][Iter3] Gen:4 Ind:17 RMSE(val)=90.582933
[GA][Iter3] Gen:4 Ind:18 RMSE(val)=91.375041
[GA][Iter3] Gen:4 Ind:19 RMSE(val)=90.734695
[GA][Iter3] Gen:4 Ind:20 RMSE(val)=91.429097
[GA][Iter3] gen=4 best_val_rmse=90.272711
[GA][Iter3] Gen:5 Ind:1 RMSE(val)=90.272711
[GA][Iter3] Gen:5 Ind:2 RMSE(val)=90.459007
[GA][Iter3] Gen:5 Ind:3 RMSE(val)=90.488126
[GA][Iter3] Gen:5 Ind:4 RMSE(val)=90.488126
[GA][Iter3] Gen:5 Ind:5 RMSE(val)=90.488126
[GA][Iter3] Gen:5 Ind:6 RMSE(val)=90.562889
[GA][Iter3] Gen:5 Ind:7 RMSE(val)=90.582933
[GA][Iter3] Gen:5 Ind:8 RMSE(val)=90.679922
[GA][Iter3] Gen:5 Ind:9 RMSE(val)=90.734695
[GA][Iter3] Gen:5 Ind:10 RMSE(val)=90.734695
[GA][Iter3] Gen:5 Ind:11 RMSE(val)=90.562889
[GA][Iter3] Gen:5 Ind:12 RMSE(val)=90.488126
[GA][Iter3] Gen:5 Ind:13 RMSE(val)=91.829508
[GA][Iter3] Gen:5 Ind:14 RMSE(val)=90.488126
[GA][Iter3] Gen:5 Ind:15 RMSE(val)=90.617125
[GA][Iter3] Gen:5 Ind:16 RMSE(val)=90.544388
[GA][Iter3] Gen:5 Ind:17 RMSE(val)=91.250921
[GA][Iter3] Gen:5 Ind:18 RMSE(val)=90.734695
[GA][Iter3] Gen:5 Ind:19 RMSE(val)=90.874994
[GA][Iter3] Gen:5 Ind:20 RMSE(val)=91.107774
[GA][Iter3] gen=5 best_val_rmse=90.272711
[GA][Iter3] Gen:6 Ind:1 RMSE(val)=90.272711
[GA][Iter3] Gen:6 Ind:2 RMSE(val)=90.459007
[GA][Iter3] Gen:6 Ind:3 RMSE(val)=90.488126
[GA][Iter3] Gen:6 Ind:4 RMSE(val)=90.488126
[GA][Iter3] Gen:6 Ind:5 RMSE(val)=90.488126
[GA][Iter3] Gen:6 Ind:6 RMSE(val)=90.488126
[GA][Iter3] Gen:6 Ind:7 RMSE(val)=90.488126
[GA][Iter3] Gen:6 Ind:8 RMSE(val)=90.544388
[GA][Iter3] Gen:6 Ind:9 RMSE(val)=90.562889
[GA][Iter3] Gen:6 Ind:10 RMSE(val)=90.562889
[GA][Iter3] Gen:6 Ind:11 RMSE(val)=90.562889
[GA][Iter3] Gen:6 Ind:12 RMSE(val)=90.488126
[GA][Iter3] Gen:6 Ind:13 RMSE(val)=90.488126
[GA][Iter3] Gen:6 Ind:14 RMSE(val)=91.107774
[GA][Iter3] Gen:6 Ind:15 RMSE(val)=90.562889
[GA][Iter3] Gen:6 Ind:16 RMSE(val)=90.272711
[GA][Iter3] Gen:6 Ind:17 RMSE(val)=90.459007
[GA][Iter3] Gen:6 Ind:18 RMSE(val)=90.459007
[GA][Iter3] Gen:6 Ind:19 RMSE(val)=90.544388
[GA][Iter3] Gen:6 Ind:20 RMSE(val)=139.203826
[GA][Iter3] gen=6 best_val_rmse=90.272711
[GA][Iter3] Gen:7 Ind:1 RMSE(val)=90.272711
[GA][Iter3] Gen:7 Ind:2 RMSE(val)=90.272711
[GA][Iter3] Gen:7 Ind:3 RMSE(val)=90.459007
[GA][Iter3] Gen:7 Ind:4 RMSE(val)=90.459007
[GA][Iter3] Gen:7 Ind:5 RMSE(val)=90.459007
[GA][Iter3] Gen:7 Ind:6 RMSE(val)=90.488126
[GA][Iter3] Gen:7 Ind:7 RMSE(val)=90.488126
[GA][Iter3] Gen:7 Ind:8 RMSE(val)=90.488126
[GA][Iter3] Gen:7 Ind:9 RMSE(val)=90.488126
[GA][Iter3] Gen:7 Ind:10 RMSE(val)=90.488126
[GA][Iter3] Gen:7 Ind:11 RMSE(val)=91.126222
[GA][Iter3] Gen:7 Ind:12 RMSE(val)=90.298645
[GA][Iter3] Gen:7 Ind:13 RMSE(val)=90.459007
[GA][Iter3] Gen:7 Ind:14 RMSE(val)=90.488126
[GA][Iter3] Gen:7 Ind:15 RMSE(val)=90.488126
[GA][Iter3] Gen:7 Ind:16 RMSE(val)=90.488126
[GA][Iter3] Gen:7 Ind:17 RMSE(val)=90.488126
[GA][Iter3] Gen:7 Ind:18 RMSE(val)=90.616293
[GA][Iter3] Gen:7 Ind:19 RMSE(val)=90.459007
[GA][Iter3] Gen:7 Ind:20 RMSE(val)=90.459007
[GA][Iter3] gen=7 best_val_rmse=90.272711
[GA][Iter3] Gen:8 Ind:1 RMSE(val)=90.272711
[GA][Iter3] Gen:8 Ind:2 RMSE(val)=90.272711
[GA][Iter3] Gen:8 Ind:3 RMSE(val)=90.298645
[GA][Iter3] Gen:8 Ind:4 RMSE(val)=90.459007
[GA][Iter3] Gen:8 Ind:5 RMSE(val)=90.459007
[GA][Iter3] Gen:8 Ind:6 RMSE(val)=90.459007
[GA][Iter3] Gen:8 Ind:7 RMSE(val)=90.459007
[GA][Iter3] Gen:8 Ind:8 RMSE(val)=90.459007
[GA][Iter3] Gen:8 Ind:9 RMSE(val)=90.459007
[GA][Iter3] Gen:8 Ind:10 RMSE(val)=90.488126
[GA][Iter3] Gen:8 Ind:11 RMSE(val)=91.392767
[GA][Iter3] Gen:8 Ind:12 RMSE(val)=90.340232
[GA][Iter3] Gen:8 Ind:13 RMSE(val)=90.459007
[GA][Iter3] Gen:8 Ind:14 RMSE(val)=90.376929
[GA][Iter3] Gen:8 Ind:15 RMSE(val)=90.459007
[GA][Iter3] Gen:8 Ind:16 RMSE(val)=91.462246
[GA][Iter3] Gen:8 Ind:17 RMSE(val)=90.459007
[GA][Iter3] Gen:8 Ind:18 RMSE(val)=91.953017
[GA][Iter3] Gen:8 Ind:19 RMSE(val)=90.272711
[GA][Iter3] Gen:8 Ind:20 RMSE(val)=90.459007
[GA][Iter3] gen=8 best_val_rmse=90.272711
[GA][Iter3] Gen:9 Ind:1 RMSE(val)=90.272711
[GA][Iter3] Gen:9 Ind:2 RMSE(val)=90.272711
[GA][Iter3] Gen:9 Ind:3 RMSE(val)=90.272711
[GA][Iter3] Gen:9 Ind:4 RMSE(val)=90.298645
[GA][Iter3] Gen:9 Ind:5 RMSE(val)=90.340232
[GA][Iter3] Gen:9 Ind:6 RMSE(val)=90.376929
[GA][Iter3] Gen:9 Ind:7 RMSE(val)=90.459007
[GA][Iter3] Gen:9 Ind:8 RMSE(val)=90.459007
[GA][Iter3] Gen:9 Ind:9 RMSE(val)=90.459007
[GA][Iter3] Gen:9 Ind:10 RMSE(val)=90.459007
[GA][Iter3] Gen:9 Ind:11 RMSE(val)=90.459007
[GA][Iter3] Gen:9 Ind:12 RMSE(val)=91.512823
[GA][Iter3] Gen:9 Ind:13 RMSE(val)=90.301320
[GA][Iter3] Gen:9 Ind:14 RMSE(val)=90.459007
[GA][Iter3] Gen:9 Ind:15 RMSE(val)=140.426740
[GA][Iter3] Gen:9 Ind:16 RMSE(val)=91.333655
[GA][Iter3] Gen:9 Ind:17 RMSE(val)=91.953017
[GA][Iter3] Gen:9 Ind:18 RMSE(val)=90.272711
[GA][Iter3] Gen:9 Ind:19 RMSE(val)=90.617125
[GA][Iter3] Gen:9 Ind:20 RMSE(val)=90.459007
[GA][Iter3] gen=9 best_val_rmse=90.272711
[GA][Iter3] Gen:10 Ind:1 RMSE(val)=90.272711
[GA][Iter3] Gen:10 Ind:2 RMSE(val)=90.272711
[GA][Iter3] Gen:10 Ind:3 RMSE(val)=90.272711
[GA][Iter3] Gen:10 Ind:4 RMSE(val)=90.272711
[GA][Iter3] Gen:10 Ind:5 RMSE(val)=90.298645
[GA][Iter3] Gen:10 Ind:6 RMSE(val)=90.301320
[GA][Iter3] Gen:10 Ind:7 RMSE(val)=90.340232
[GA][Iter3] Gen:10 Ind:8 RMSE(val)=90.376929
[GA][Iter3] Gen:10 Ind:9 RMSE(val)=90.459007
[GA][Iter3] Gen:10 Ind:10 RMSE(val)=90.459007
[GA][Iter3] Gen:10 Ind:11 RMSE(val)=90.301320
[GA][Iter3] Gen:10 Ind:12 RMSE(val)=90.272711
[GA][Iter3] Gen:10 Ind:13 RMSE(val)=90.272711
[GA][Iter3] Gen:10 Ind:14 RMSE(val)=90.272711
[GA][Iter3] Gen:10 Ind:15 RMSE(val)=90.376929
[GA][Iter3] Gen:10 Ind:16 RMSE(val)=91.710739
[GA][Iter3] Gen:10 Ind:17 RMSE(val)=90.272711
[GA][Iter3] Gen:10 Ind:18 RMSE(val)=90.459007
[GA][Iter3] Gen:10 Ind:19 RMSE(val)=90.459007
[GA][Iter3] Gen:10 Ind:20 RMSE(val)=90.272711
[GA][Iter3] gen=10 best_val_rmse=90.272711
[GA][Iter3] Gen:11 Ind:1 RMSE(val)=90.272711
[GA][Iter3] Gen:11 Ind:2 RMSE(val)=90.272711
[GA][Iter3] Gen:11 Ind:3 RMSE(val)=90.272711
[GA][Iter3] Gen:11 Ind:4 RMSE(val)=90.272711
[GA][Iter3] Gen:11 Ind:5 RMSE(val)=90.272711
[GA][Iter3] Gen:11 Ind:6 RMSE(val)=90.272711
[GA][Iter3] Gen:11 Ind:7 RMSE(val)=90.272711
[GA][Iter3] Gen:11 Ind:8 RMSE(val)=90.272711
[GA][Iter3] Gen:11 Ind:9 RMSE(val)=90.272711
[GA][Iter3] Gen:11 Ind:10 RMSE(val)=90.298645
[GA][Iter3] Gen:11 Ind:11 RMSE(val)=90.272711
[GA][Iter3] Gen:11 Ind:12 RMSE(val)=90.272711
[GA][Iter3] Gen:11 Ind:13 RMSE(val)=90.272711
[GA][Iter3] Gen:11 Ind:14 RMSE(val)=90.272711
[GA][Iter3] Gen:11 Ind:15 RMSE(val)=90.276173
[GA][Iter3] Gen:11 Ind:16 RMSE(val)=90.272711
[GA][Iter3] Gen:11 Ind:17 RMSE(val)=90.272711
[GA][Iter3] Gen:11 Ind:18 RMSE(val)=90.272711
[GA][Iter3] Gen:11 Ind:19 RMSE(val)=90.272711
[GA][Iter3] Gen:11 Ind:20 RMSE(val)=90.538368
[GA][Iter3] gen=11 best_val_rmse=90.272711
[GA][Iter3] Gen:12 Ind:1 RMSE(val)=90.272711
[GA][Iter3] Gen:12 Ind:2 RMSE(val)=90.272711
[GA][Iter3] Gen:12 Ind:3 RMSE(val)=90.272711
[GA][Iter3] Gen:12 Ind:4 RMSE(val)=90.272711
[GA][Iter3] Gen:12 Ind:5 RMSE(val)=90.272711
[GA][Iter3] Gen:12 Ind:6 RMSE(val)=90.272711
[GA][Iter3] Gen:12 Ind:7 RMSE(val)=90.272711
[GA][Iter3] Gen:12 Ind:8 RMSE(val)=90.272711
[GA][Iter3] Gen:12 Ind:9 RMSE(val)=90.272711
[GA][Iter3] Gen:12 Ind:10 RMSE(val)=90.272711
[GA][Iter3] Gen:12 Ind:11 RMSE(val)=90.272711
[GA][Iter3] Gen:12 Ind:12 RMSE(val)=90.928698
[GA][Iter3] Gen:12 Ind:13 RMSE(val)=90.272711
[GA][Iter3] Gen:12 Ind:14 RMSE(val)=90.272711
[GA][Iter3] Gen:12 Ind:15 RMSE(val)=90.272711
[GA][Iter3] Gen:12 Ind:16 RMSE(val)=90.272711
[GA][Iter3] Gen:12 Ind:17 RMSE(val)=91.691682
[GA][Iter3] Gen:12 Ind:18 RMSE(val)=90.272711
[GA][Iter3] Gen:12 Ind:19 RMSE(val)=90.272711
[GA][Iter3] Gen:12 Ind:20 RMSE(val)=90.305659
[GA][Iter3] gen=12 best_val_rmse=90.272711
[GA][Iter3] Gen:13 Ind:1 RMSE(val)=90.272711
[GA][Iter3] Gen:13 Ind:2 RMSE(val)=90.272711
[GA][Iter3] Gen:13 Ind:3 RMSE(val)=90.272711
[GA][Iter3] Gen:13 Ind:4 RMSE(val)=90.272711
[GA][Iter3] Gen:13 Ind:5 RMSE(val)=90.272711
[GA][Iter3] Gen:13 Ind:6 RMSE(val)=90.272711
[GA][Iter3] Gen:13 Ind:7 RMSE(val)=90.272711
[GA][Iter3] Gen:13 Ind:8 RMSE(val)=90.272711
[GA][Iter3] Gen:13 Ind:9 RMSE(val)=90.272711
[GA][Iter3] Gen:13 Ind:10 RMSE(val)=90.272711
[GA][Iter3] Gen:13 Ind:11 RMSE(val)=90.272711
[GA][Iter3] Gen:13 Ind:12 RMSE(val)=90.272711
[GA][Iter3] Gen:13 Ind:13 RMSE(val)=90.272711
[GA][Iter3] Gen:13 Ind:14 RMSE(val)=90.272711
[GA][Iter3] Gen:13 Ind:15 RMSE(val)=90.272711
[GA][Iter3] Gen:13 Ind:16 RMSE(val)=90.928698
[GA][Iter3] Gen:13 Ind:17 RMSE(val)=90.272711
[GA][Iter3] Gen:13 Ind:18 RMSE(val)=90.272711
[GA][Iter3] Gen:13 Ind:19 RMSE(val)=90.272711
[GA][Iter3] Gen:13 Ind:20 RMSE(val)=90.394144
[GA][Iter3] gen=13 best_val_rmse=90.272711
[GA][Iter3] Gen:14 Ind:1 RMSE(val)=90.272711
[GA][Iter3] Gen:14 Ind:2 RMSE(val)=90.272711
[GA][Iter3] Gen:14 Ind:3 RMSE(val)=90.272711
[GA][Iter3] Gen:14 Ind:4 RMSE(val)=90.272711
[GA][Iter3] Gen:14 Ind:5 RMSE(val)=90.272711
[GA][Iter3] Gen:14 Ind:6 RMSE(val)=90.272711
[GA][Iter3] Gen:14 Ind:7 RMSE(val)=90.272711
[GA][Iter3] Gen:14 Ind:8 RMSE(val)=90.272711
[GA][Iter3] Gen:14 Ind:9 RMSE(val)=90.272711
[GA][Iter3] Gen:14 Ind:10 RMSE(val)=90.272711
[GA][Iter3] Gen:14 Ind:11 RMSE(val)=90.272711
[GA][Iter3] Gen:14 Ind:12 RMSE(val)=90.340232
[GA][Iter3] Gen:14 Ind:13 RMSE(val)=90.272711
[GA][Iter3] Gen:14 Ind:14 RMSE(val)=90.313100
[GA][Iter3] Gen:14 Ind:15 RMSE(val)=90.272711
[GA][Iter3] Gen:14 Ind:16 RMSE(val)=90.272711
[GA][Iter3] Gen:14 Ind:17 RMSE(val)=90.272711
[GA][Iter3] Gen:14 Ind:18 RMSE(val)=90.272711
[GA][Iter3] Gen:14 Ind:19 RMSE(val)=91.844791
[GA][Iter3] Gen:14 Ind:20 RMSE(val)=90.272711
[GA][Iter3] gen=14 best_val_rmse=90.272711
[GA][Iter3] Gen:15 Ind:1 RMSE(val)=90.272711
[GA][Iter3] Gen:15 Ind:2 RMSE(val)=90.272711
[GA][Iter3] Gen:15 Ind:3 RMSE(val)=90.272711
[GA][Iter3] Gen:15 Ind:4 RMSE(val)=90.272711
[GA][Iter3] Gen:15 Ind:5 RMSE(val)=90.272711
[GA][Iter3] Gen:15 Ind:6 RMSE(val)=90.272711
[GA][Iter3] Gen:15 Ind:7 RMSE(val)=90.272711
[GA][Iter3] Gen:15 Ind:8 RMSE(val)=90.272711
[GA][Iter3] Gen:15 Ind:9 RMSE(val)=90.272711
[GA][Iter3] Gen:15 Ind:10 RMSE(val)=90.272711
[GA][Iter3] Gen:15 Ind:11 RMSE(val)=90.272711
[GA][Iter3] Gen:15 Ind:12 RMSE(val)=90.272711
[GA][Iter3] Gen:15 Ind:13 RMSE(val)=90.298572
[GA][Iter3] Gen:15 Ind:14 RMSE(val)=90.928698
[GA][Iter3] Gen:15 Ind:15 RMSE(val)=90.272711
[GA][Iter3] Gen:15 Ind:16 RMSE(val)=90.272711
[GA][Iter3] Gen:15 Ind:17 RMSE(val)=90.272711
[GA][Iter3] Gen:15 Ind:18 RMSE(val)=90.272711
[GA][Iter3] Gen:15 Ind:19 RMSE(val)=91.503261
[GA][Iter3] Gen:15 Ind:20 RMSE(val)=90.272711
[GA][Iter3] gen=15 best_val_rmse=90.272711
[GA][Iter3] Gen:15 Ind:1 RMSE(val)=90.272711
[GA][Iter3] Gen:15 Ind:2 RMSE(val)=90.272711
[GA][Iter3] Gen:15 Ind:3 RMSE(val)=90.272711
[GA][Iter3] Gen:15 Ind:4 RMSE(val)=90.272711
[GA][Iter3] Gen:15 Ind:5 RMSE(val)=90.272711
[GA][Iter3] Gen:15 Ind:6 RMSE(val)=90.272711
[GA][Iter3] Gen:15 Ind:7 RMSE(val)=90.272711
[GA][Iter3] Gen:15 Ind:8 RMSE(val)=90.272711
[GA][Iter3] Gen:15 Ind:9 RMSE(val)=90.272711
[GA][Iter3] Gen:15 Ind:10 RMSE(val)=90.272711
[GA][Iter3] Gen:15 Ind:11 RMSE(val)=90.272711
[GA][Iter3] Gen:15 Ind:12 RMSE(val)=90.272711
[GA][Iter3] Gen:15 Ind:13 RMSE(val)=90.272711
[GA][Iter3] Gen:15 Ind:14 RMSE(val)=90.272711
[GA][Iter3] Gen:15 Ind:15 RMSE(val)=90.928698
[GA][Iter3] Gen:15 Ind:16 RMSE(val)=90.272711
[GA][Iter3] Gen:15 Ind:17 RMSE(val)=90.272711
[GA][Iter3] Gen:15 Ind:18 RMSE(val)=91.333655
[GA][Iter3] Gen:15 Ind:19 RMSE(val)=90.243507
[GA][Iter3] Gen:15 Ind:20 RMSE(val)=90.272711

[GA DONE][Iter3] Best params on val fold of Iter3
Best val RMSE: 90.243507
Best params: {'n_estimators': 930, 'max_depth': 27, 'min_samples_split': 10, 'min_samples_leaf': 2, 'max_features': 'sqrt', 'bootstrap': False}
--------------------------------------------------------------------------------
[RETUNE GA] Iter3: train folds 1..7 -> test fold 8  RMSE=85.772732  NRMSE=0.712147  CVRMSE=0.194583  R2=0.491775
[GA][Iter4] Gen:1 Ind:1 RMSE(val)=95.792446
[GA][Iter4] Gen:1 Ind:2 RMSE(val)=91.120854
[GA][Iter4] Gen:1 Ind:3 RMSE(val)=88.180113
[GA][Iter4] Gen:1 Ind:4 RMSE(val)=87.252426
[GA][Iter4] Gen:1 Ind:5 RMSE(val)=114.401677
[GA][Iter4] Gen:1 Ind:6 RMSE(val)=88.805211
[GA][Iter4] Gen:1 Ind:7 RMSE(val)=88.167385
[GA][Iter4] Gen:1 Ind:8 RMSE(val)=87.288424
[GA][Iter4] Gen:1 Ind:9 RMSE(val)=89.057561
[GA][Iter4] Gen:1 Ind:10 RMSE(val)=85.935962
[GA][Iter4] Gen:1 Ind:11 RMSE(val)=86.995533
[GA][Iter4] Gen:1 Ind:12 RMSE(val)=86.555272
[GA][Iter4] Gen:1 Ind:13 RMSE(val)=88.858132
[GA][Iter4] Gen:1 Ind:14 RMSE(val)=86.019275
[GA][Iter4] Gen:1 Ind:15 RMSE(val)=85.666346
[GA][Iter4] Gen:1 Ind:16 RMSE(val)=87.675513
[GA][Iter4] Gen:1 Ind:17 RMSE(val)=89.265185
[GA][Iter4] Gen:1 Ind:18 RMSE(val)=86.350209
[GA][Iter4] Gen:1 Ind:19 RMSE(val)=88.827234
[GA][Iter4] Gen:1 Ind:20 RMSE(val)=98.951431
[GA][Iter4] gen=1 best_val_rmse=85.666346
[GA][Iter4] Gen:2 Ind:1 RMSE(val)=85.666346
[GA][Iter4] Gen:2 Ind:2 RMSE(val)=85.935962
[GA][Iter4] Gen:2 Ind:3 RMSE(val)=86.019275
[GA][Iter4] Gen:2 Ind:4 RMSE(val)=86.350209
[GA][Iter4] Gen:2 Ind:5 RMSE(val)=86.555272
[GA][Iter4] Gen:2 Ind:6 RMSE(val)=86.995533
[GA][Iter4] Gen:2 Ind:7 RMSE(val)=87.252426
[GA][Iter4] Gen:2 Ind:8 RMSE(val)=87.288424
[GA][Iter4] Gen:2 Ind:9 RMSE(val)=87.675513
[GA][Iter4] Gen:2 Ind:10 RMSE(val)=88.167385
[GA][Iter4] Gen:2 Ind:11 RMSE(val)=101.714636
[GA][Iter4] Gen:2 Ind:12 RMSE(val)=86.493817
[GA][Iter4] Gen:2 Ind:13 RMSE(val)=85.769766
[GA][Iter4] Gen:2 Ind:14 RMSE(val)=87.696041
[GA][Iter4] Gen:2 Ind:15 RMSE(val)=86.867247
[GA][Iter4] Gen:2 Ind:16 RMSE(val)=86.350209
[GA][Iter4] Gen:2 Ind:17 RMSE(val)=86.593239
[GA][Iter4] Gen:2 Ind:18 RMSE(val)=86.602318
[GA][Iter4] Gen:2 Ind:19 RMSE(val)=88.167385
[GA][Iter4] Gen:2 Ind:20 RMSE(val)=86.305788
[GA][Iter4] gen=2 best_val_rmse=85.666346
[GA][Iter4] Gen:3 Ind:1 RMSE(val)=85.666346
[GA][Iter4] Gen:3 Ind:2 RMSE(val)=85.769766
[GA][Iter4] Gen:3 Ind:3 RMSE(val)=85.935962
[GA][Iter4] Gen:3 Ind:4 RMSE(val)=86.019275
[GA][Iter4] Gen:3 Ind:5 RMSE(val)=86.305788
[GA][Iter4] Gen:3 Ind:6 RMSE(val)=86.350209
[GA][Iter4] Gen:3 Ind:7 RMSE(val)=86.350209
[GA][Iter4] Gen:3 Ind:8 RMSE(val)=86.493817
[GA][Iter4] Gen:3 Ind:9 RMSE(val)=86.555272
[GA][Iter4] Gen:3 Ind:10 RMSE(val)=86.593239
[GA][Iter4] Gen:3 Ind:11 RMSE(val)=85.770747
[GA][Iter4] Gen:3 Ind:12 RMSE(val)=86.311032
[GA][Iter4] Gen:3 Ind:13 RMSE(val)=86.240008
[GA][Iter4] Gen:3 Ind:14 RMSE(val)=86.512351
[GA][Iter4] Gen:3 Ind:15 RMSE(val)=85.769766
[GA][Iter4] Gen:3 Ind:16 RMSE(val)=85.773349
[GA][Iter4] Gen:3 Ind:17 RMSE(val)=86.438605
[GA][Iter4] Gen:3 Ind:18 RMSE(val)=86.125915
[GA][Iter4] Gen:3 Ind:19 RMSE(val)=86.367580
[GA][Iter4] Gen:3 Ind:20 RMSE(val)=86.484589
[GA][Iter4] gen=3 best_val_rmse=85.666346
[GA][Iter4] Gen:4 Ind:1 RMSE(val)=85.666346
[GA][Iter4] Gen:4 Ind:2 RMSE(val)=85.769766
[GA][Iter4] Gen:4 Ind:3 RMSE(val)=85.769766
[GA][Iter4] Gen:4 Ind:4 RMSE(val)=85.770747
[GA][Iter4] Gen:4 Ind:5 RMSE(val)=85.773349
[GA][Iter4] Gen:4 Ind:6 RMSE(val)=85.935962
[GA][Iter4] Gen:4 Ind:7 RMSE(val)=86.019275
[GA][Iter4] Gen:4 Ind:8 RMSE(val)=86.125915
[GA][Iter4] Gen:4 Ind:9 RMSE(val)=86.240008
[GA][Iter4] Gen:4 Ind:10 RMSE(val)=86.305788
[GA][Iter4] Gen:4 Ind:11 RMSE(val)=87.260080
[GA][Iter4] Gen:4 Ind:12 RMSE(val)=86.355759
[GA][Iter4] Gen:4 Ind:13 RMSE(val)=86.311032
[GA][Iter4] Gen:4 Ind:14 RMSE(val)=85.935962
[GA][Iter4] Gen:4 Ind:15 RMSE(val)=85.713559
[GA][Iter4] Gen:4 Ind:16 RMSE(val)=85.769766
[GA][Iter4] Gen:4 Ind:17 RMSE(val)=85.773349
[GA][Iter4] Gen:4 Ind:18 RMSE(val)=86.311032
[GA][Iter4] Gen:4 Ind:19 RMSE(val)=84.855819
[GA][Iter4] Gen:4 Ind:20 RMSE(val)=85.773349
[GA][Iter4] gen=4 best_val_rmse=84.855819
[GA][Iter4] Gen:5 Ind:1 RMSE(val)=84.855819
[GA][Iter4] Gen:5 Ind:2 RMSE(val)=85.666346
[GA][Iter4] Gen:5 Ind:3 RMSE(val)=85.713559
[GA][Iter4] Gen:5 Ind:4 RMSE(val)=85.769766
[GA][Iter4] Gen:5 Ind:5 RMSE(val)=85.769766
[GA][Iter4] Gen:5 Ind:6 RMSE(val)=85.769766
[GA][Iter4] Gen:5 Ind:7 RMSE(val)=85.770747
[GA][Iter4] Gen:5 Ind:8 RMSE(val)=85.773349
[GA][Iter4] Gen:5 Ind:9 RMSE(val)=85.773349
[GA][Iter4] Gen:5 Ind:10 RMSE(val)=85.773349
[GA][Iter4] Gen:5 Ind:11 RMSE(val)=85.769766
[GA][Iter4] Gen:5 Ind:12 RMSE(val)=85.769766
[GA][Iter4] Gen:5 Ind:13 RMSE(val)=86.301654
[GA][Iter4] Gen:5 Ind:14 RMSE(val)=85.769766
[GA][Iter4] Gen:5 Ind:15 RMSE(val)=85.633943
[GA][Iter4] Gen:5 Ind:16 RMSE(val)=85.770747
[GA][Iter4] Gen:5 Ind:17 RMSE(val)=86.305788
[GA][Iter4] Gen:5 Ind:18 RMSE(val)=85.773349
[GA][Iter4] Gen:5 Ind:19 RMSE(val)=85.773349
[GA][Iter4] Gen:5 Ind:20 RMSE(val)=85.773349
[GA][Iter4] gen=5 best_val_rmse=84.855819
[GA][Iter4] Gen:6 Ind:1 RMSE(val)=84.855819
[GA][Iter4] Gen:6 Ind:2 RMSE(val)=85.633943
[GA][Iter4] Gen:6 Ind:3 RMSE(val)=85.666346
[GA][Iter4] Gen:6 Ind:4 RMSE(val)=85.713559
[GA][Iter4] Gen:6 Ind:5 RMSE(val)=85.769766
[GA][Iter4] Gen:6 Ind:6 RMSE(val)=85.769766
[GA][Iter4] Gen:6 Ind:7 RMSE(val)=85.769766
[GA][Iter4] Gen:6 Ind:8 RMSE(val)=85.769766
[GA][Iter4] Gen:6 Ind:9 RMSE(val)=85.769766
[GA][Iter4] Gen:6 Ind:10 RMSE(val)=85.769766
[GA][Iter4] Gen:6 Ind:11 RMSE(val)=86.315926
[GA][Iter4] Gen:6 Ind:12 RMSE(val)=85.718906
[GA][Iter4] Gen:6 Ind:13 RMSE(val)=85.769766
[GA][Iter4] Gen:6 Ind:14 RMSE(val)=85.713559
[GA][Iter4] Gen:6 Ind:15 RMSE(val)=85.769766
[GA][Iter4] Gen:6 Ind:16 RMSE(val)=86.380410
[GA][Iter4] Gen:6 Ind:17 RMSE(val)=85.742718
[GA][Iter4] Gen:6 Ind:18 RMSE(val)=85.378631
[GA][Iter4] Gen:6 Ind:19 RMSE(val)=85.769766
[GA][Iter4] Gen:6 Ind:20 RMSE(val)=85.305515
[GA][Iter4] gen=6 best_val_rmse=84.855819
[GA][Iter4] Gen:7 Ind:1 RMSE(val)=84.855819
[GA][Iter4] Gen:7 Ind:2 RMSE(val)=85.305515
[GA][Iter4] Gen:7 Ind:3 RMSE(val)=85.378631
[GA][Iter4] Gen:7 Ind:4 RMSE(val)=85.633943
[GA][Iter4] Gen:7 Ind:5 RMSE(val)=85.666346
[GA][Iter4] Gen:7 Ind:6 RMSE(val)=85.713559
[GA][Iter4] Gen:7 Ind:7 RMSE(val)=85.713559
[GA][Iter4] Gen:7 Ind:8 RMSE(val)=85.718906
[GA][Iter4] Gen:7 Ind:9 RMSE(val)=85.742718
[GA][Iter4] Gen:7 Ind:10 RMSE(val)=85.769766
[GA][Iter4] Gen:7 Ind:11 RMSE(val)=85.989132
[GA][Iter4] Gen:7 Ind:12 RMSE(val)=85.955156
[GA][Iter4] Gen:7 Ind:13 RMSE(val)=85.378631
[GA][Iter4] Gen:7 Ind:14 RMSE(val)=84.934693
[GA][Iter4] Gen:7 Ind:15 RMSE(val)=85.713559
[GA][Iter4] Gen:7 Ind:16 RMSE(val)=85.633943
[GA][Iter4] Gen:7 Ind:17 RMSE(val)=85.769766
[GA][Iter4] Gen:7 Ind:18 RMSE(val)=85.409542
[GA][Iter4] Gen:7 Ind:19 RMSE(val)=85.718906
[GA][Iter4] Gen:7 Ind:20 RMSE(val)=85.666346
[GA][Iter4] gen=7 best_val_rmse=84.855819
[GA][Iter4] Gen:8 Ind:1 RMSE(val)=84.855819
[GA][Iter4] Gen:8 Ind:2 RMSE(val)=84.934693
[GA][Iter4] Gen:8 Ind:3 RMSE(val)=85.305515
[GA][Iter4] Gen:8 Ind:4 RMSE(val)=85.378631
[GA][Iter4] Gen:8 Ind:5 RMSE(val)=85.378631
[GA][Iter4] Gen:8 Ind:6 RMSE(val)=85.409542
[GA][Iter4] Gen:8 Ind:7 RMSE(val)=85.633943
[GA][Iter4] Gen:8 Ind:8 RMSE(val)=85.633943
[GA][Iter4] Gen:8 Ind:9 RMSE(val)=85.666346
[GA][Iter4] Gen:8 Ind:10 RMSE(val)=85.666346
[GA][Iter4] Gen:8 Ind:11 RMSE(val)=85.305515
[GA][Iter4] Gen:8 Ind:12 RMSE(val)=85.472764
[GA][Iter4] Gen:8 Ind:13 RMSE(val)=85.430944
[GA][Iter4] Gen:8 Ind:14 RMSE(val)=84.689047
[GA][Iter4] Gen:8 Ind:15 RMSE(val)=85.666346
[GA][Iter4] Gen:8 Ind:16 RMSE(val)=84.951358
[GA][Iter4] Gen:8 Ind:17 RMSE(val)=85.633943
[GA][Iter4] Gen:8 Ind:18 RMSE(val)=84.467635
[GA][Iter4] Gen:8 Ind:19 RMSE(val)=84.855819
[GA][Iter4] Gen:8 Ind:20 RMSE(val)=85.633943
[GA][Iter4] gen=8 best_val_rmse=84.467635
[GA][Iter4] Gen:9 Ind:1 RMSE(val)=84.467635
[GA][Iter4] Gen:9 Ind:2 RMSE(val)=84.689047
[GA][Iter4] Gen:9 Ind:3 RMSE(val)=84.855819
[GA][Iter4] Gen:9 Ind:4 RMSE(val)=84.855819
[GA][Iter4] Gen:9 Ind:5 RMSE(val)=84.934693
[GA][Iter4] Gen:9 Ind:6 RMSE(val)=84.951358
[GA][Iter4] Gen:9 Ind:7 RMSE(val)=85.305515
[GA][Iter4] Gen:9 Ind:8 RMSE(val)=85.305515
[GA][Iter4] Gen:9 Ind:9 RMSE(val)=85.378631
[GA][Iter4] Gen:9 Ind:10 RMSE(val)=85.378631
[GA][Iter4] Gen:9 Ind:11 RMSE(val)=85.633943
[GA][Iter4] Gen:9 Ind:12 RMSE(val)=84.374071
[GA][Iter4] Gen:9 Ind:13 RMSE(val)=85.524705
[GA][Iter4] Gen:9 Ind:14 RMSE(val)=85.641040
[GA][Iter4] Gen:9 Ind:15 RMSE(val)=99.956337
[GA][Iter4] Gen:9 Ind:16 RMSE(val)=84.852001
[GA][Iter4] Gen:9 Ind:17 RMSE(val)=85.641040
[GA][Iter4] Gen:9 Ind:18 RMSE(val)=85.305515
[GA][Iter4] Gen:9 Ind:19 RMSE(val)=85.641040
[GA][Iter4] Gen:9 Ind:20 RMSE(val)=85.633943
[GA][Iter4] gen=9 best_val_rmse=84.374071
[GA][Iter4] Gen:10 Ind:1 RMSE(val)=84.374071
[GA][Iter4] Gen:10 Ind:2 RMSE(val)=84.467635
[GA][Iter4] Gen:10 Ind:3 RMSE(val)=84.689047
[GA][Iter4] Gen:10 Ind:4 RMSE(val)=84.852001
[GA][Iter4] Gen:10 Ind:5 RMSE(val)=84.855819
[GA][Iter4] Gen:10 Ind:6 RMSE(val)=84.855819
[GA][Iter4] Gen:10 Ind:7 RMSE(val)=84.934693
[GA][Iter4] Gen:10 Ind:8 RMSE(val)=84.951358
[GA][Iter4] Gen:10 Ind:9 RMSE(val)=85.305515
[GA][Iter4] Gen:10 Ind:10 RMSE(val)=85.305515
[GA][Iter4] Gen:10 Ind:11 RMSE(val)=84.855819
[GA][Iter4] Gen:10 Ind:12 RMSE(val)=84.374071
[GA][Iter4] Gen:10 Ind:13 RMSE(val)=84.467635
[GA][Iter4] Gen:10 Ind:14 RMSE(val)=105.381671
[GA][Iter4] Gen:10 Ind:15 RMSE(val)=84.951358
[GA][Iter4] Gen:10 Ind:16 RMSE(val)=86.168749
[GA][Iter4] Gen:10 Ind:17 RMSE(val)=84.467635
[GA][Iter4] Gen:10 Ind:18 RMSE(val)=103.973019
[GA][Iter4] Gen:10 Ind:19 RMSE(val)=85.305515
[GA][Iter4] Gen:10 Ind:20 RMSE(val)=84.821560
[GA][Iter4] gen=10 best_val_rmse=84.374071
[GA][Iter4] Gen:11 Ind:1 RMSE(val)=84.374071
[GA][Iter4] Gen:11 Ind:2 RMSE(val)=84.374071
[GA][Iter4] Gen:11 Ind:3 RMSE(val)=84.467635
[GA][Iter4] Gen:11 Ind:4 RMSE(val)=84.467635
[GA][Iter4] Gen:11 Ind:5 RMSE(val)=84.467635
[GA][Iter4] Gen:11 Ind:6 RMSE(val)=84.689047
[GA][Iter4] Gen:11 Ind:7 RMSE(val)=84.821560
[GA][Iter4] Gen:11 Ind:8 RMSE(val)=84.852001
[GA][Iter4] Gen:11 Ind:9 RMSE(val)=84.855819
[GA][Iter4] Gen:11 Ind:10 RMSE(val)=84.855819
[GA][Iter4] Gen:11 Ind:11 RMSE(val)=84.467635
[GA][Iter4] Gen:11 Ind:12 RMSE(val)=84.465528
[GA][Iter4] Gen:11 Ind:13 RMSE(val)=84.810953
[GA][Iter4] Gen:11 Ind:14 RMSE(val)=84.808298
[GA][Iter4] Gen:11 Ind:15 RMSE(val)=84.532513
[GA][Iter4] Gen:11 Ind:16 RMSE(val)=84.884673
[GA][Iter4] Gen:11 Ind:17 RMSE(val)=84.467635
[GA][Iter4] Gen:11 Ind:18 RMSE(val)=84.467635
[GA][Iter4] Gen:11 Ind:19 RMSE(val)=84.374071
[GA][Iter4] Gen:11 Ind:20 RMSE(val)=84.636628
[GA][Iter4] gen=11 best_val_rmse=84.374071
[GA][Iter4] Gen:12 Ind:1 RMSE(val)=84.374071
[GA][Iter4] Gen:12 Ind:2 RMSE(val)=84.374071
[GA][Iter4] Gen:12 Ind:3 RMSE(val)=84.374071
[GA][Iter4] Gen:12 Ind:4 RMSE(val)=84.465528
[GA][Iter4] Gen:12 Ind:5 RMSE(val)=84.467635
[GA][Iter4] Gen:12 Ind:6 RMSE(val)=84.467635
[GA][Iter4] Gen:12 Ind:7 RMSE(val)=84.467635
[GA][Iter4] Gen:12 Ind:8 RMSE(val)=84.467635
[GA][Iter4] Gen:12 Ind:9 RMSE(val)=84.467635
[GA][Iter4] Gen:12 Ind:10 RMSE(val)=84.467635
[GA][Iter4] Gen:12 Ind:11 RMSE(val)=84.467635
[GA][Iter4] Gen:12 Ind:12 RMSE(val)=84.374071
[GA][Iter4] Gen:12 Ind:13 RMSE(val)=84.467635
[GA][Iter4] Gen:12 Ind:14 RMSE(val)=84.467635
[GA][Iter4] Gen:12 Ind:15 RMSE(val)=84.467635
[GA][Iter4] Gen:12 Ind:16 RMSE(val)=84.467635
[GA][Iter4] Gen:12 Ind:17 RMSE(val)=84.756684
[GA][Iter4] Gen:12 Ind:18 RMSE(val)=84.467635
[GA][Iter4] Gen:12 Ind:19 RMSE(val)=84.467635
[GA][Iter4] Gen:12 Ind:20 RMSE(val)=84.442395
[GA][Iter4] gen=12 best_val_rmse=84.374071
[GA][Iter4] Gen:13 Ind:1 RMSE(val)=84.374071
[GA][Iter4] Gen:13 Ind:2 RMSE(val)=84.374071
[GA][Iter4] Gen:13 Ind:3 RMSE(val)=84.374071
[GA][Iter4] Gen:13 Ind:4 RMSE(val)=84.374071
[GA][Iter4] Gen:13 Ind:5 RMSE(val)=84.442395
[GA][Iter4] Gen:13 Ind:6 RMSE(val)=84.465528
[GA][Iter4] Gen:13 Ind:7 RMSE(val)=84.467635
[GA][Iter4] Gen:13 Ind:8 RMSE(val)=84.467635
[GA][Iter4] Gen:13 Ind:9 RMSE(val)=84.467635
[GA][Iter4] Gen:13 Ind:10 RMSE(val)=84.467635
[GA][Iter4] Gen:13 Ind:11 RMSE(val)=84.467635
[GA][Iter4] Gen:13 Ind:12 RMSE(val)=84.374071
[GA][Iter4] Gen:13 Ind:13 RMSE(val)=84.236568
[GA][Iter4] Gen:13 Ind:14 RMSE(val)=84.467635
[GA][Iter4] Gen:13 Ind:15 RMSE(val)=84.374071
[GA][Iter4] Gen:13 Ind:16 RMSE(val)=84.374071
[GA][Iter4] Gen:13 Ind:17 RMSE(val)=84.374071
[GA][Iter4] Gen:13 Ind:18 RMSE(val)=84.467635
[GA][Iter4] Gen:13 Ind:19 RMSE(val)=84.467635
[GA][Iter4] Gen:13 Ind:20 RMSE(val)=84.858823
[GA][Iter4] gen=13 best_val_rmse=84.236568
[GA][Iter4] Gen:14 Ind:1 RMSE(val)=84.236568
[GA][Iter4] Gen:14 Ind:2 RMSE(val)=84.374071
[GA][Iter4] Gen:14 Ind:3 RMSE(val)=84.374071
[GA][Iter4] Gen:14 Ind:4 RMSE(val)=84.374071
[GA][Iter4] Gen:14 Ind:5 RMSE(val)=84.374071
[GA][Iter4] Gen:14 Ind:6 RMSE(val)=84.374071
[GA][Iter4] Gen:14 Ind:7 RMSE(val)=84.374071
[GA][Iter4] Gen:14 Ind:8 RMSE(val)=84.374071
[GA][Iter4] Gen:14 Ind:9 RMSE(val)=84.374071
[GA][Iter4] Gen:14 Ind:10 RMSE(val)=84.442395
[GA][Iter4] Gen:14 Ind:11 RMSE(val)=84.356392
[GA][Iter4] Gen:14 Ind:12 RMSE(val)=84.226554
[GA][Iter4] Gen:14 Ind:13 RMSE(val)=84.356392
[GA][Iter4] Gen:14 Ind:14 RMSE(val)=84.349157
[GA][Iter4] Gen:14 Ind:15 RMSE(val)=84.374071
[GA][Iter4] Gen:14 Ind:16 RMSE(val)=84.356392
[GA][Iter4] Gen:14 Ind:17 RMSE(val)=84.374071
[GA][Iter4] Gen:14 Ind:18 RMSE(val)=84.374071
[GA][Iter4] Gen:14 Ind:19 RMSE(val)=85.625426
[GA][Iter4] Gen:14 Ind:20 RMSE(val)=84.374071
[GA][Iter4] gen=14 best_val_rmse=84.226554
[GA][Iter4] Gen:15 Ind:1 RMSE(val)=84.226554
[GA][Iter4] Gen:15 Ind:2 RMSE(val)=84.236568
[GA][Iter4] Gen:15 Ind:3 RMSE(val)=84.349157
[GA][Iter4] Gen:15 Ind:4 RMSE(val)=84.356392
[GA][Iter4] Gen:15 Ind:5 RMSE(val)=84.356392
[GA][Iter4] Gen:15 Ind:6 RMSE(val)=84.356392
[GA][Iter4] Gen:15 Ind:7 RMSE(val)=84.374071
[GA][Iter4] Gen:15 Ind:8 RMSE(val)=84.374071
[GA][Iter4] Gen:15 Ind:9 RMSE(val)=84.374071
[GA][Iter4] Gen:15 Ind:10 RMSE(val)=84.374071
[GA][Iter4] Gen:15 Ind:11 RMSE(val)=84.356392
[GA][Iter4] Gen:15 Ind:12 RMSE(val)=84.349157
[GA][Iter4] Gen:15 Ind:13 RMSE(val)=84.361167
[GA][Iter4] Gen:15 Ind:14 RMSE(val)=84.374071
[GA][Iter4] Gen:15 Ind:15 RMSE(val)=84.374071
[GA][Iter4] Gen:15 Ind:16 RMSE(val)=84.374071
[GA][Iter4] Gen:15 Ind:17 RMSE(val)=84.356392
[GA][Iter4] Gen:15 Ind:18 RMSE(val)=84.356392
[GA][Iter4] Gen:15 Ind:19 RMSE(val)=85.491569
[GA][Iter4] Gen:15 Ind:20 RMSE(val)=84.374071
[GA][Iter4] gen=15 best_val_rmse=84.226554
[GA][Iter4] Gen:15 Ind:1 RMSE(val)=84.226554
[GA][Iter4] Gen:15 Ind:2 RMSE(val)=84.236568
[GA][Iter4] Gen:15 Ind:3 RMSE(val)=84.349157
[GA][Iter4] Gen:15 Ind:4 RMSE(val)=84.349157
[GA][Iter4] Gen:15 Ind:5 RMSE(val)=84.356392
[GA][Iter4] Gen:15 Ind:6 RMSE(val)=84.356392
[GA][Iter4] Gen:15 Ind:7 RMSE(val)=84.356392
[GA][Iter4] Gen:15 Ind:8 RMSE(val)=84.356392
[GA][Iter4] Gen:15 Ind:9 RMSE(val)=84.356392
[GA][Iter4] Gen:15 Ind:10 RMSE(val)=84.356392
[GA][Iter4] Gen:15 Ind:11 RMSE(val)=84.356392
[GA][Iter4] Gen:15 Ind:12 RMSE(val)=84.226554
[GA][Iter4] Gen:15 Ind:13 RMSE(val)=84.349157
[GA][Iter4] Gen:15 Ind:14 RMSE(val)=84.226554
[GA][Iter4] Gen:15 Ind:15 RMSE(val)=84.374071
[GA][Iter4] Gen:15 Ind:16 RMSE(val)=84.356392
[GA][Iter4] Gen:15 Ind:17 RMSE(val)=84.356392
[GA][Iter4] Gen:15 Ind:18 RMSE(val)=84.981586
[GA][Iter4] Gen:15 Ind:19 RMSE(val)=84.290803
[GA][Iter4] Gen:15 Ind:20 RMSE(val)=84.356392

[GA DONE][Iter4] Best params on val fold of Iter4
Best val RMSE: 84.226554
Best params: {'n_estimators': 293, 'max_depth': None, 'min_samples_split': 9, 'min_samples_leaf': 1, 'max_features': 'sqrt', 'bootstrap': False}
--------------------------------------------------------------------------------
[RETUNE GA] Iter4: train folds 1..8 -> test fold 9  RMSE=73.353977  NRMSE=0.635269  CVRMSE=0.156432  R2=0.595580
[GA][Iter5] Gen:1 Ind:1 RMSE(val)=86.758974
[GA][Iter5] Gen:1 Ind:2 RMSE(val)=81.959968
[GA][Iter5] Gen:1 Ind:3 RMSE(val)=73.785096
[GA][Iter5] Gen:1 Ind:4 RMSE(val)=75.791538
[GA][Iter5] Gen:1 Ind:5 RMSE(val)=92.128662
[GA][Iter5] Gen:1 Ind:6 RMSE(val)=77.602265
[GA][Iter5] Gen:1 Ind:7 RMSE(val)=77.573381
[GA][Iter5] Gen:1 Ind:8 RMSE(val)=76.713797
[GA][Iter5] Gen:1 Ind:9 RMSE(val)=78.072288
[GA][Iter5] Gen:1 Ind:10 RMSE(val)=75.207535
[GA][Iter5] Gen:1 Ind:11 RMSE(val)=75.120190
[GA][Iter5] Gen:1 Ind:12 RMSE(val)=71.448912
[GA][Iter5] Gen:1 Ind:13 RMSE(val)=78.691311
[GA][Iter5] Gen:1 Ind:14 RMSE(val)=74.431694
[GA][Iter5] Gen:1 Ind:15 RMSE(val)=74.029184
[GA][Iter5] Gen:1 Ind:16 RMSE(val)=75.631391
[GA][Iter5] Gen:1 Ind:17 RMSE(val)=78.989109
[GA][Iter5] Gen:1 Ind:18 RMSE(val)=74.669084
[GA][Iter5] Gen:1 Ind:19 RMSE(val)=76.072700
[GA][Iter5] Gen:1 Ind:20 RMSE(val)=82.052388
[GA][Iter5] gen=1 best_val_rmse=71.448912
[GA][Iter5] Gen:2 Ind:1 RMSE(val)=71.448912
[GA][Iter5] Gen:2 Ind:2 RMSE(val)=73.785096
[GA][Iter5] Gen:2 Ind:3 RMSE(val)=74.029184
[GA][Iter5] Gen:2 Ind:4 RMSE(val)=74.431694
[GA][Iter5] Gen:2 Ind:5 RMSE(val)=74.669084
[GA][Iter5] Gen:2 Ind:6 RMSE(val)=75.120190
[GA][Iter5] Gen:2 Ind:7 RMSE(val)=75.207535
[GA][Iter5] Gen:2 Ind:8 RMSE(val)=75.631391
[GA][Iter5] Gen:2 Ind:9 RMSE(val)=75.791538
[GA][Iter5] Gen:2 Ind:10 RMSE(val)=76.072700
[GA][Iter5] Gen:2 Ind:11 RMSE(val)=75.622629
[GA][Iter5] Gen:2 Ind:12 RMSE(val)=71.492306
[GA][Iter5] Gen:2 Ind:13 RMSE(val)=75.594604
[GA][Iter5] Gen:2 Ind:14 RMSE(val)=72.846590
[GA][Iter5] Gen:2 Ind:15 RMSE(val)=86.737597
[GA][Iter5] Gen:2 Ind:16 RMSE(val)=74.431694
[GA][Iter5] Gen:2 Ind:17 RMSE(val)=77.361350
[GA][Iter5] Gen:2 Ind:18 RMSE(val)=71.819692
[GA][Iter5] Gen:2 Ind:19 RMSE(val)=82.838349
[GA][Iter5] Gen:2 Ind:20 RMSE(val)=71.427644
[GA][Iter5] gen=2 best_val_rmse=71.427644
[GA][Iter5] Gen:3 Ind:1 RMSE(val)=71.427644
[GA][Iter5] Gen:3 Ind:2 RMSE(val)=71.448912
[GA][Iter5] Gen:3 Ind:3 RMSE(val)=71.492306
[GA][Iter5] Gen:3 Ind:4 RMSE(val)=71.819692
[GA][Iter5] Gen:3 Ind:5 RMSE(val)=72.846590
[GA][Iter5] Gen:3 Ind:6 RMSE(val)=73.785096
[GA][Iter5] Gen:3 Ind:7 RMSE(val)=74.029184
[GA][Iter5] Gen:3 Ind:8 RMSE(val)=74.431694
[GA][Iter5] Gen:3 Ind:9 RMSE(val)=74.431694
[GA][Iter5] Gen:3 Ind:10 RMSE(val)=74.669084
[GA][Iter5] Gen:3 Ind:11 RMSE(val)=71.819692
[GA][Iter5] Gen:3 Ind:12 RMSE(val)=71.609283
[GA][Iter5] Gen:3 Ind:13 RMSE(val)=72.881228
[GA][Iter5] Gen:3 Ind:14 RMSE(val)=71.441958
[GA][Iter5] Gen:3 Ind:15 RMSE(val)=71.347026
[GA][Iter5] Gen:3 Ind:16 RMSE(val)=71.819692
[GA][Iter5] Gen:3 Ind:17 RMSE(val)=76.978738
[GA][Iter5] Gen:3 Ind:18 RMSE(val)=73.633606
[GA][Iter5] Gen:3 Ind:19 RMSE(val)=71.719205
[GA][Iter5] Gen:3 Ind:20 RMSE(val)=71.536651
[GA][Iter5] gen=3 best_val_rmse=71.347026
[GA][Iter5] Gen:4 Ind:1 RMSE(val)=71.347026
[GA][Iter5] Gen:4 Ind:2 RMSE(val)=71.427644
[GA][Iter5] Gen:4 Ind:3 RMSE(val)=71.441958
[GA][Iter5] Gen:4 Ind:4 RMSE(val)=71.448912
[GA][Iter5] Gen:4 Ind:5 RMSE(val)=71.492306
[GA][Iter5] Gen:4 Ind:6 RMSE(val)=71.536651
[GA][Iter5] Gen:4 Ind:7 RMSE(val)=71.609283
[GA][Iter5] Gen:4 Ind:8 RMSE(val)=71.719205
[GA][Iter5] Gen:4 Ind:9 RMSE(val)=71.819692
[GA][Iter5] Gen:4 Ind:10 RMSE(val)=71.819692
[GA][Iter5] Gen:4 Ind:11 RMSE(val)=71.479311
[GA][Iter5] Gen:4 Ind:12 RMSE(val)=71.648548
[GA][Iter5] Gen:4 Ind:13 RMSE(val)=71.506012
[GA][Iter5] Gen:4 Ind:14 RMSE(val)=71.733237
[GA][Iter5] Gen:4 Ind:15 RMSE(val)=71.732106
[GA][Iter5] Gen:4 Ind:16 RMSE(val)=71.390142
[GA][Iter5] Gen:4 Ind:17 RMSE(val)=71.615078
[GA][Iter5] Gen:4 Ind:18 RMSE(val)=71.819692
[GA][Iter5] Gen:4 Ind:19 RMSE(val)=71.492306
[GA][Iter5] Gen:4 Ind:20 RMSE(val)=71.448912
[GA][Iter5] gen=4 best_val_rmse=71.347026
[GA][Iter5] Gen:5 Ind:1 RMSE(val)=71.347026
[GA][Iter5] Gen:5 Ind:2 RMSE(val)=71.390142
[GA][Iter5] Gen:5 Ind:3 RMSE(val)=71.427644
[GA][Iter5] Gen:5 Ind:4 RMSE(val)=71.441958
[GA][Iter5] Gen:5 Ind:5 RMSE(val)=71.448912
[GA][Iter5] Gen:5 Ind:6 RMSE(val)=71.448912
[GA][Iter5] Gen:5 Ind:7 RMSE(val)=71.479311
[GA][Iter5] Gen:5 Ind:8 RMSE(val)=71.492306
[GA][Iter5] Gen:5 Ind:9 RMSE(val)=71.492306
[GA][Iter5] Gen:5 Ind:10 RMSE(val)=71.506012
[GA][Iter5] Gen:5 Ind:11 RMSE(val)=71.448912
[GA][Iter5] Gen:5 Ind:12 RMSE(val)=71.397327
[GA][Iter5] Gen:5 Ind:13 RMSE(val)=71.732106
[GA][Iter5] Gen:5 Ind:14 RMSE(val)=71.336470
[GA][Iter5] Gen:5 Ind:15 RMSE(val)=71.770819
[GA][Iter5] Gen:5 Ind:16 RMSE(val)=71.479311
[GA][Iter5] Gen:5 Ind:17 RMSE(val)=71.467193
[GA][Iter5] Gen:5 Ind:18 RMSE(val)=71.506012
[GA][Iter5] Gen:5 Ind:19 RMSE(val)=71.492306
[GA][Iter5] Gen:5 Ind:20 RMSE(val)=71.492306
[GA][Iter5] gen=5 best_val_rmse=71.336470
[GA][Iter5] Gen:6 Ind:1 RMSE(val)=71.336470
[GA][Iter5] Gen:6 Ind:2 RMSE(val)=71.347026
[GA][Iter5] Gen:6 Ind:3 RMSE(val)=71.390142
[GA][Iter5] Gen:6 Ind:4 RMSE(val)=71.397327
[GA][Iter5] Gen:6 Ind:5 RMSE(val)=71.427644
[GA][Iter5] Gen:6 Ind:6 RMSE(val)=71.441958
[GA][Iter5] Gen:6 Ind:7 RMSE(val)=71.448912
[GA][Iter5] Gen:6 Ind:8 RMSE(val)=71.448912
[GA][Iter5] Gen:6 Ind:9 RMSE(val)=71.448912
[GA][Iter5] Gen:6 Ind:10 RMSE(val)=71.467193
[GA][Iter5] Gen:6 Ind:11 RMSE(val)=71.467193
[GA][Iter5] Gen:6 Ind:12 RMSE(val)=71.448912
[GA][Iter5] Gen:6 Ind:13 RMSE(val)=71.427644
[GA][Iter5] Gen:6 Ind:14 RMSE(val)=71.721464
[GA][Iter5] Gen:6 Ind:15 RMSE(val)=71.527599
[GA][Iter5] Gen:6 Ind:16 RMSE(val)=71.336470
[GA][Iter5] Gen:6 Ind:17 RMSE(val)=71.506012
[GA][Iter5] Gen:6 Ind:18 RMSE(val)=71.336470
[GA][Iter5] Gen:6 Ind:19 RMSE(val)=71.448912
[GA][Iter5] Gen:6 Ind:20 RMSE(val)=71.347026
[GA][Iter5] gen=6 best_val_rmse=71.336470
[GA][Iter5] Gen:7 Ind:1 RMSE(val)=71.336470
[GA][Iter5] Gen:7 Ind:2 RMSE(val)=71.336470
[GA][Iter5] Gen:7 Ind:3 RMSE(val)=71.336470
[GA][Iter5] Gen:7 Ind:4 RMSE(val)=71.347026
[GA][Iter5] Gen:7 Ind:5 RMSE(val)=71.347026
[GA][Iter5] Gen:7 Ind:6 RMSE(val)=71.390142
[GA][Iter5] Gen:7 Ind:7 RMSE(val)=71.397327
[GA][Iter5] Gen:7 Ind:8 RMSE(val)=71.427644
[GA][Iter5] Gen:7 Ind:9 RMSE(val)=71.427644
[GA][Iter5] Gen:7 Ind:10 RMSE(val)=71.441958
[GA][Iter5] Gen:7 Ind:11 RMSE(val)=76.376066
[GA][Iter5] Gen:7 Ind:12 RMSE(val)=71.336470
[GA][Iter5] Gen:7 Ind:13 RMSE(val)=71.336470
[GA][Iter5] Gen:7 Ind:14 RMSE(val)=71.336470
[GA][Iter5] Gen:7 Ind:15 RMSE(val)=71.397327
[GA][Iter5] Gen:7 Ind:16 RMSE(val)=71.283464
[GA][Iter5] Gen:7 Ind:17 RMSE(val)=71.427644
[GA][Iter5] Gen:7 Ind:18 RMSE(val)=71.445396
[GA][Iter5] Gen:7 Ind:19 RMSE(val)=71.390142
[GA][Iter5] Gen:7 Ind:20 RMSE(val)=71.347026
[GA][Iter5] gen=7 best_val_rmse=71.283464
[GA][Iter5] Gen:8 Ind:1 RMSE(val)=71.283464
[GA][Iter5] Gen:8 Ind:2 RMSE(val)=71.336470
[GA][Iter5] Gen:8 Ind:3 RMSE(val)=71.336470
[GA][Iter5] Gen:8 Ind:4 RMSE(val)=71.336470
[GA][Iter5] Gen:8 Ind:5 RMSE(val)=71.336470
[GA][Iter5] Gen:8 Ind:6 RMSE(val)=71.336470
[GA][Iter5] Gen:8 Ind:7 RMSE(val)=71.336470
[GA][Iter5] Gen:8 Ind:8 RMSE(val)=71.347026
[GA][Iter5] Gen:8 Ind:9 RMSE(val)=71.347026
[GA][Iter5] Gen:8 Ind:10 RMSE(val)=71.347026
[GA][Iter5] Gen:8 Ind:11 RMSE(val)=71.617390
[GA][Iter5] Gen:8 Ind:12 RMSE(val)=71.283464
[GA][Iter5] Gen:8 Ind:13 RMSE(val)=71.336470
[GA][Iter5] Gen:8 Ind:14 RMSE(val)=71.274387
[GA][Iter5] Gen:8 Ind:15 RMSE(val)=71.347026
[GA][Iter5] Gen:8 Ind:16 RMSE(val)=71.315095
[GA][Iter5] Gen:8 Ind:17 RMSE(val)=71.347026
[GA][Iter5] Gen:8 Ind:18 RMSE(val)=101.746244
[GA][Iter5] Gen:8 Ind:19 RMSE(val)=71.336470
[GA][Iter5] Gen:8 Ind:20 RMSE(val)=71.347026
[GA][Iter5] gen=8 best_val_rmse=71.274387
[GA][Iter5] Gen:9 Ind:1 RMSE(val)=71.274387
[GA][Iter5] Gen:9 Ind:2 RMSE(val)=71.283464
[GA][Iter5] Gen:9 Ind:3 RMSE(val)=71.283464
[GA][Iter5] Gen:9 Ind:4 RMSE(val)=71.315095
[GA][Iter5] Gen:9 Ind:5 RMSE(val)=71.336470
[GA][Iter5] Gen:9 Ind:6 RMSE(val)=71.336470
[GA][Iter5] Gen:9 Ind:7 RMSE(val)=71.336470
[GA][Iter5] Gen:9 Ind:8 RMSE(val)=71.336470
[GA][Iter5] Gen:9 Ind:9 RMSE(val)=71.336470
[GA][Iter5] Gen:9 Ind:10 RMSE(val)=71.336470
[GA][Iter5] Gen:9 Ind:11 RMSE(val)=71.336470
[GA][Iter5] Gen:9 Ind:12 RMSE(val)=71.280926
[GA][Iter5] Gen:9 Ind:13 RMSE(val)=71.284501
[GA][Iter5] Gen:9 Ind:14 RMSE(val)=71.283464
[GA][Iter5] Gen:9 Ind:15 RMSE(val)=71.336470
[GA][Iter5] Gen:9 Ind:16 RMSE(val)=71.279151
[GA][Iter5] Gen:9 Ind:17 RMSE(val)=100.951194
[GA][Iter5] Gen:9 Ind:18 RMSE(val)=71.315095
[GA][Iter5] Gen:9 Ind:19 RMSE(val)=71.574345
[GA][Iter5] Gen:9 Ind:20 RMSE(val)=71.336470
[GA][Iter5] gen=9 best_val_rmse=71.274387
[GA][Iter5] Gen:10 Ind:1 RMSE(val)=71.274387
[GA][Iter5] Gen:10 Ind:2 RMSE(val)=71.279151
[GA][Iter5] Gen:10 Ind:3 RMSE(val)=71.280926
[GA][Iter5] Gen:10 Ind:4 RMSE(val)=71.283464
[GA][Iter5] Gen:10 Ind:5 RMSE(val)=71.283464
[GA][Iter5] Gen:10 Ind:6 RMSE(val)=71.283464
[GA][Iter5] Gen:10 Ind:7 RMSE(val)=71.284501
[GA][Iter5] Gen:10 Ind:8 RMSE(val)=71.315095
[GA][Iter5] Gen:10 Ind:9 RMSE(val)=71.315095
[GA][Iter5] Gen:10 Ind:10 RMSE(val)=71.336470
[GA][Iter5] Gen:10 Ind:11 RMSE(val)=71.279151
[GA][Iter5] Gen:10 Ind:12 RMSE(val)=71.274387
[GA][Iter5] Gen:10 Ind:13 RMSE(val)=71.279151
[GA][Iter5] Gen:10 Ind:14 RMSE(val)=71.336470
[GA][Iter5] Gen:10 Ind:15 RMSE(val)=74.306901
[GA][Iter5] Gen:10 Ind:16 RMSE(val)=71.398871
[GA][Iter5] Gen:10 Ind:17 RMSE(val)=71.279151
[GA][Iter5] Gen:10 Ind:18 RMSE(val)=71.336470
[GA][Iter5] Gen:10 Ind:19 RMSE(val)=71.336470
[GA][Iter5] Gen:10 Ind:20 RMSE(val)=71.283464
[GA][Iter5] gen=10 best_val_rmse=71.274387
[GA][Iter5] Gen:11 Ind:1 RMSE(val)=71.274387
[GA][Iter5] Gen:11 Ind:2 RMSE(val)=71.274387
[GA][Iter5] Gen:11 Ind:3 RMSE(val)=71.279151
[GA][Iter5] Gen:11 Ind:4 RMSE(val)=71.279151
[GA][Iter5] Gen:11 Ind:5 RMSE(val)=71.279151
[GA][Iter5] Gen:11 Ind:6 RMSE(val)=71.279151
[GA][Iter5] Gen:11 Ind:7 RMSE(val)=71.280926
[GA][Iter5] Gen:11 Ind:8 RMSE(val)=71.283464
[GA][Iter5] Gen:11 Ind:9 RMSE(val)=71.283464
[GA][Iter5] Gen:11 Ind:10 RMSE(val)=71.283464
[GA][Iter5] Gen:11 Ind:11 RMSE(val)=71.279151
[GA][Iter5] Gen:11 Ind:12 RMSE(val)=71.283464
[GA][Iter5] Gen:11 Ind:13 RMSE(val)=71.280926
[GA][Iter5] Gen:11 Ind:14 RMSE(val)=71.274387
[GA][Iter5] Gen:11 Ind:15 RMSE(val)=71.269474
[GA][Iter5] Gen:11 Ind:16 RMSE(val)=71.283464
[GA][Iter5] Gen:11 Ind:17 RMSE(val)=71.279151
[GA][Iter5] Gen:11 Ind:18 RMSE(val)=71.279151
[GA][Iter5] Gen:11 Ind:19 RMSE(val)=71.280926
[GA][Iter5] Gen:11 Ind:20 RMSE(val)=74.493252
[GA][Iter5] gen=11 best_val_rmse=71.269474
[GA][Iter5] Gen:12 Ind:1 RMSE(val)=71.269474
[GA][Iter5] Gen:12 Ind:2 RMSE(val)=71.274387
[GA][Iter5] Gen:12 Ind:3 RMSE(val)=71.274387
[GA][Iter5] Gen:12 Ind:4 RMSE(val)=71.274387
[GA][Iter5] Gen:12 Ind:5 RMSE(val)=71.279151
[GA][Iter5] Gen:12 Ind:6 RMSE(val)=71.279151
[GA][Iter5] Gen:12 Ind:7 RMSE(val)=71.279151
[GA][Iter5] Gen:12 Ind:8 RMSE(val)=71.279151
[GA][Iter5] Gen:12 Ind:9 RMSE(val)=71.279151
[GA][Iter5] Gen:12 Ind:10 RMSE(val)=71.279151
[GA][Iter5] Gen:12 Ind:11 RMSE(val)=71.267338
[GA][Iter5] Gen:12 Ind:12 RMSE(val)=71.555990
[GA][Iter5] Gen:12 Ind:13 RMSE(val)=71.267338
[GA][Iter5] Gen:12 Ind:14 RMSE(val)=71.279151
[GA][Iter5] Gen:12 Ind:15 RMSE(val)=71.267338
[GA][Iter5] Gen:12 Ind:16 RMSE(val)=71.279151
[GA][Iter5] Gen:12 Ind:17 RMSE(val)=71.225620
[GA][Iter5] Gen:12 Ind:18 RMSE(val)=71.267338
[GA][Iter5] Gen:12 Ind:19 RMSE(val)=71.267338
[GA][Iter5] Gen:12 Ind:20 RMSE(val)=71.264880
[GA][Iter5] gen=12 best_val_rmse=71.225620
[GA][Iter5] Gen:13 Ind:1 RMSE(val)=71.225620
[GA][Iter5] Gen:13 Ind:2 RMSE(val)=71.264880
[GA][Iter5] Gen:13 Ind:3 RMSE(val)=71.267338
[GA][Iter5] Gen:13 Ind:4 RMSE(val)=71.267338
[GA][Iter5] Gen:13 Ind:5 RMSE(val)=71.267338
[GA][Iter5] Gen:13 Ind:6 RMSE(val)=71.267338
[GA][Iter5] Gen:13 Ind:7 RMSE(val)=71.267338
[GA][Iter5] Gen:13 Ind:8 RMSE(val)=71.269474
[GA][Iter5] Gen:13 Ind:9 RMSE(val)=71.274387
[GA][Iter5] Gen:13 Ind:10 RMSE(val)=71.274387
[GA][Iter5] Gen:13 Ind:11 RMSE(val)=71.274387
[GA][Iter5] Gen:13 Ind:12 RMSE(val)=71.225620
[GA][Iter5] Gen:13 Ind:13 RMSE(val)=74.513664
[GA][Iter5] Gen:13 Ind:14 RMSE(val)=71.267338
[GA][Iter5] Gen:13 Ind:15 RMSE(val)=71.267338
[GA][Iter5] Gen:13 Ind:16 RMSE(val)=71.535125
[GA][Iter5] Gen:13 Ind:17 RMSE(val)=71.225620
[GA][Iter5] Gen:13 Ind:18 RMSE(val)=71.274387
[GA][Iter5] Gen:13 Ind:19 RMSE(val)=71.279151
[GA][Iter5] Gen:13 Ind:20 RMSE(val)=71.272390
[GA][Iter5] gen=13 best_val_rmse=71.225620
[GA][Iter5] Gen:14 Ind:1 RMSE(val)=71.225620
[GA][Iter5] Gen:14 Ind:2 RMSE(val)=71.225620
[GA][Iter5] Gen:14 Ind:3 RMSE(val)=71.225620
[GA][Iter5] Gen:14 Ind:4 RMSE(val)=71.264880
[GA][Iter5] Gen:14 Ind:5 RMSE(val)=71.267338
[GA][Iter5] Gen:14 Ind:6 RMSE(val)=71.267338
[GA][Iter5] Gen:14 Ind:7 RMSE(val)=71.267338
[GA][Iter5] Gen:14 Ind:8 RMSE(val)=71.267338
[GA][Iter5] Gen:14 Ind:9 RMSE(val)=71.267338
[GA][Iter5] Gen:14 Ind:10 RMSE(val)=71.267338
[GA][Iter5] Gen:14 Ind:11 RMSE(val)=71.267338
[GA][Iter5] Gen:14 Ind:12 RMSE(val)=71.215504
[GA][Iter5] Gen:14 Ind:13 RMSE(val)=71.215504
[GA][Iter5] Gen:14 Ind:14 RMSE(val)=71.311933
[GA][Iter5] Gen:14 Ind:15 RMSE(val)=71.267338
[GA][Iter5] Gen:14 Ind:16 RMSE(val)=71.267338
[GA][Iter5] Gen:14 Ind:17 RMSE(val)=71.267338
[GA][Iter5] Gen:14 Ind:18 RMSE(val)=71.267338
[GA][Iter5] Gen:14 Ind:19 RMSE(val)=100.721425
[GA][Iter5] Gen:14 Ind:20 RMSE(val)=71.267338
[GA][Iter5] gen=14 best_val_rmse=71.215504
[GA][Iter5] Gen:15 Ind:1 RMSE(val)=71.215504
[GA][Iter5] Gen:15 Ind:2 RMSE(val)=71.215504
[GA][Iter5] Gen:15 Ind:3 RMSE(val)=71.225620
[GA][Iter5] Gen:15 Ind:4 RMSE(val)=71.225620
[GA][Iter5] Gen:15 Ind:5 RMSE(val)=71.225620
[GA][Iter5] Gen:15 Ind:6 RMSE(val)=71.264880
[GA][Iter5] Gen:15 Ind:7 RMSE(val)=71.267338
[GA][Iter5] Gen:15 Ind:8 RMSE(val)=71.267338
[GA][Iter5] Gen:15 Ind:9 RMSE(val)=71.267338
[GA][Iter5] Gen:15 Ind:10 RMSE(val)=71.267338
[GA][Iter5] Gen:15 Ind:11 RMSE(val)=71.279151
[GA][Iter5] Gen:15 Ind:12 RMSE(val)=71.225620
[GA][Iter5] Gen:15 Ind:13 RMSE(val)=71.221109
[GA][Iter5] Gen:15 Ind:14 RMSE(val)=71.535125
[GA][Iter5] Gen:15 Ind:15 RMSE(val)=71.267338
[GA][Iter5] Gen:15 Ind:16 RMSE(val)=71.267338
[GA][Iter5] Gen:15 Ind:17 RMSE(val)=71.205615
[GA][Iter5] Gen:15 Ind:18 RMSE(val)=74.502888
[GA][Iter5] Gen:15 Ind:19 RMSE(val)=70.993543
[GA][Iter5] Gen:15 Ind:20 RMSE(val)=71.215504
[GA][Iter5] gen=15 best_val_rmse=70.993543
[GA][Iter5] Gen:15 Ind:1 RMSE(val)=70.993543
[GA][Iter5] Gen:15 Ind:2 RMSE(val)=71.205615
[GA][Iter5] Gen:15 Ind:3 RMSE(val)=71.215504
[GA][Iter5] Gen:15 Ind:4 RMSE(val)=71.215504
[GA][Iter5] Gen:15 Ind:5 RMSE(val)=71.215504
[GA][Iter5] Gen:15 Ind:6 RMSE(val)=71.221109
[GA][Iter5] Gen:15 Ind:7 RMSE(val)=71.225620
[GA][Iter5] Gen:15 Ind:8 RMSE(val)=71.225620
[GA][Iter5] Gen:15 Ind:9 RMSE(val)=71.225620
[GA][Iter5] Gen:15 Ind:10 RMSE(val)=71.225620
[GA][Iter5] Gen:15 Ind:11 RMSE(val)=71.165094
[GA][Iter5] Gen:15 Ind:12 RMSE(val)=71.215504
[GA][Iter5] Gen:15 Ind:13 RMSE(val)=71.215504
[GA][Iter5] Gen:15 Ind:14 RMSE(val)=71.215504
[GA][Iter5] Gen:15 Ind:15 RMSE(val)=71.473169
[GA][Iter5] Gen:15 Ind:16 RMSE(val)=71.279151
[GA][Iter5] Gen:15 Ind:17 RMSE(val)=71.165094
[GA][Iter5] Gen:15 Ind:18 RMSE(val)=71.165095
[GA][Iter5] Gen:15 Ind:19 RMSE(val)=71.259215
[GA][Iter5] Gen:15 Ind:20 RMSE(val)=71.225620

[GA DONE][Iter5] Best params on val fold of Iter5
Best val RMSE: 70.993543
Best params: {'n_estimators': 936, 'max_depth': None, 'min_samples_split': 19, 'min_samples_leaf': 3, 'max_features': None, 'bootstrap': True}
--------------------------------------------------------------------------------
[RETUNE GA] Iter5: train folds 1..9 -> test fold 10  RMSE=53.716574  NRMSE=0.562238  CVRMSE=0.115135  R2=0.683220
