=== BASELINE (project=filterlists, last-7 mean, expanding folds) ===
Iter1: train folds 1..5 -> test fold 6  RMSE=40.2658  NRMSE=1.0256  CVRMSE=0.5243  R˛=-0.0632
Iter2: train folds 1..6 -> test fold 7  RMSE=48.4089  NRMSE=1.0567  CVRMSE=0.4445  R˛=-0.1289
Iter3: train folds 1..7 -> test fold 8  RMSE=42.6465  NRMSE=1.0572  CVRMSE=0.4042  R˛=-0.1299
Iter4: train folds 1..8 -> test fold 9  RMSE=54.0967  NRMSE=1.0492  CVRMSE=0.4844  R˛=-0.1128
Iter5: train folds 1..9 -> test fold 10  RMSE=41.0037  NRMSE=1.0631  CVRMSE=0.4044  R˛=-0.1424
--------------------------------------------------
[FEATURES] initial=91 kept_after_screening=29
['workflow_event_trigger', 'issuer_name', 'gh_files_added', 'gh_is_pr', 'gh_sloc', 'gh_description_complexity', 'gh_src_files', 'gh_other_files', 'git_num_committers', 'total_jobs', 'gh_team_size_last_3_month', 'gh_num_pr_comments', 'gh_test_lines_per_kloc', 'hour', 'dow', 'month', 'secs_since_prev', 'duration_lag_1', 'duration_lag_3', 'duration_lag_4', 'duration_lag_5', 'duration_lag_6', 'window_avg_7', 'window_std_7', 'window_avg_3', 'window_std_3', 'ft___yml_', 'ft____json_', 'ft____sh_']
--------------------------------------------------------------------------------
[GA][Iter1] Gen:1 Ind:1 RMSE(val)=25.431833
[GA][Iter1] Gen:1 Ind:2 RMSE(val)=29.220679
[GA][Iter1] Gen:1 Ind:3 RMSE(val)=9.414324
[GA][Iter1] Gen:1 Ind:4 RMSE(val)=20.064637
[GA][Iter1] Gen:1 Ind:5 RMSE(val)=11.438072
[GA][Iter1] Gen:1 Ind:6 RMSE(val)=21.339465
[GA][Iter1] Gen:1 Ind:7 RMSE(val)=19.783115
[GA][Iter1] Gen:1 Ind:8 RMSE(val)=23.792890
[GA][Iter1] Gen:1 Ind:9 RMSE(val)=27.389326
[GA][Iter1] Gen:1 Ind:10 RMSE(val)=18.768768
[GA][Iter1] Gen:1 Ind:11 RMSE(val)=19.548744
[GA][Iter1] Gen:1 Ind:12 RMSE(val)=9.378891
[GA][Iter1] Gen:1 Ind:13 RMSE(val)=22.897225
[GA][Iter1] Gen:1 Ind:14 RMSE(val)=18.662652
[GA][Iter1] Gen:1 Ind:15 RMSE(val)=16.230930
[GA][Iter1] Gen:1 Ind:16 RMSE(val)=20.811518
[GA][Iter1] Gen:1 Ind:17 RMSE(val)=23.573540
[GA][Iter1] Gen:1 Ind:18 RMSE(val)=17.961094
[GA][Iter1] Gen:1 Ind:19 RMSE(val)=9.444944
[GA][Iter1] Gen:1 Ind:20 RMSE(val)=10.481667
[GA][Iter1] gen=1 best_val_rmse=9.378891
[GA][Iter1] Gen:2 Ind:1 RMSE(val)=9.378891
[GA][Iter1] Gen:2 Ind:2 RMSE(val)=9.414324
[GA][Iter1] Gen:2 Ind:3 RMSE(val)=9.444944
[GA][Iter1] Gen:2 Ind:4 RMSE(val)=10.481667
[GA][Iter1] Gen:2 Ind:5 RMSE(val)=11.438072
[GA][Iter1] Gen:2 Ind:6 RMSE(val)=16.230930
[GA][Iter1] Gen:2 Ind:7 RMSE(val)=17.961094
[GA][Iter1] Gen:2 Ind:8 RMSE(val)=18.662652
[GA][Iter1] Gen:2 Ind:9 RMSE(val)=18.768768
[GA][Iter1] Gen:2 Ind:10 RMSE(val)=19.548744
[GA][Iter1] Gen:2 Ind:11 RMSE(val)=9.383432
[GA][Iter1] Gen:2 Ind:12 RMSE(val)=9.315285
[GA][Iter1] Gen:2 Ind:13 RMSE(val)=19.556681
[GA][Iter1] Gen:2 Ind:14 RMSE(val)=9.356648
[GA][Iter1] Gen:2 Ind:15 RMSE(val)=9.332664
[GA][Iter1] Gen:2 Ind:16 RMSE(val)=20.740713
[GA][Iter1] Gen:2 Ind:17 RMSE(val)=16.222933
[GA][Iter1] Gen:2 Ind:18 RMSE(val)=9.236717
[GA][Iter1] Gen:2 Ind:19 RMSE(val)=19.548744
[GA][Iter1] Gen:2 Ind:20 RMSE(val)=9.402164
[GA][Iter1] gen=2 best_val_rmse=9.236717
[GA][Iter1] Gen:3 Ind:1 RMSE(val)=9.236717
[GA][Iter1] Gen:3 Ind:2 RMSE(val)=9.315285
[GA][Iter1] Gen:3 Ind:3 RMSE(val)=9.332664
[GA][Iter1] Gen:3 Ind:4 RMSE(val)=9.356648
[GA][Iter1] Gen:3 Ind:5 RMSE(val)=9.378891
[GA][Iter1] Gen:3 Ind:6 RMSE(val)=9.383432
[GA][Iter1] Gen:3 Ind:7 RMSE(val)=9.402164
[GA][Iter1] Gen:3 Ind:8 RMSE(val)=9.414324
[GA][Iter1] Gen:3 Ind:9 RMSE(val)=9.444944
[GA][Iter1] Gen:3 Ind:10 RMSE(val)=10.481667
[GA][Iter1] Gen:3 Ind:11 RMSE(val)=9.378032
[GA][Iter1] Gen:3 Ind:12 RMSE(val)=9.327691
[GA][Iter1] Gen:3 Ind:13 RMSE(val)=9.373647
[GA][Iter1] Gen:3 Ind:14 RMSE(val)=9.225173
[GA][Iter1] Gen:3 Ind:15 RMSE(val)=9.324746
[GA][Iter1] Gen:3 Ind:16 RMSE(val)=9.379567
[GA][Iter1] Gen:3 Ind:17 RMSE(val)=9.361926
[GA][Iter1] Gen:3 Ind:18 RMSE(val)=9.294642
[GA][Iter1] Gen:3 Ind:19 RMSE(val)=9.379567
[GA][Iter1] Gen:3 Ind:20 RMSE(val)=9.382195
[GA][Iter1] gen=3 best_val_rmse=9.225173
[GA][Iter1] Gen:4 Ind:1 RMSE(val)=9.225173
[GA][Iter1] Gen:4 Ind:2 RMSE(val)=9.236717
[GA][Iter1] Gen:4 Ind:3 RMSE(val)=9.294642
[GA][Iter1] Gen:4 Ind:4 RMSE(val)=9.315285
[GA][Iter1] Gen:4 Ind:5 RMSE(val)=9.324746
[GA][Iter1] Gen:4 Ind:6 RMSE(val)=9.327691
[GA][Iter1] Gen:4 Ind:7 RMSE(val)=9.332664
[GA][Iter1] Gen:4 Ind:8 RMSE(val)=9.356648
[GA][Iter1] Gen:4 Ind:9 RMSE(val)=9.361926
[GA][Iter1] Gen:4 Ind:10 RMSE(val)=9.373647
[GA][Iter1] Gen:4 Ind:11 RMSE(val)=9.195463
[GA][Iter1] Gen:4 Ind:12 RMSE(val)=9.339406
[GA][Iter1] Gen:4 Ind:13 RMSE(val)=9.319000
[GA][Iter1] Gen:4 Ind:14 RMSE(val)=9.319530
[GA][Iter1] Gen:4 Ind:15 RMSE(val)=9.294642
[GA][Iter1] Gen:4 Ind:16 RMSE(val)=9.294642
[GA][Iter1] Gen:4 Ind:17 RMSE(val)=9.324746
[GA][Iter1] Gen:4 Ind:18 RMSE(val)=9.369042
[GA][Iter1] Gen:4 Ind:19 RMSE(val)=9.315285
[GA][Iter1] Gen:4 Ind:20 RMSE(val)=9.350565
[GA][Iter1] gen=4 best_val_rmse=9.195463
[GA][Iter1] Gen:5 Ind:1 RMSE(val)=9.195463
[GA][Iter1] Gen:5 Ind:2 RMSE(val)=9.225173
[GA][Iter1] Gen:5 Ind:3 RMSE(val)=9.236717
[GA][Iter1] Gen:5 Ind:4 RMSE(val)=9.294642
[GA][Iter1] Gen:5 Ind:5 RMSE(val)=9.294642
[GA][Iter1] Gen:5 Ind:6 RMSE(val)=9.294642
[GA][Iter1] Gen:5 Ind:7 RMSE(val)=9.315285
[GA][Iter1] Gen:5 Ind:8 RMSE(val)=9.315285
[GA][Iter1] Gen:5 Ind:9 RMSE(val)=9.319000
[GA][Iter1] Gen:5 Ind:10 RMSE(val)=9.319530
[GA][Iter1] Gen:5 Ind:11 RMSE(val)=9.294642
[GA][Iter1] Gen:5 Ind:12 RMSE(val)=9.294642
[GA][Iter1] Gen:5 Ind:13 RMSE(val)=9.195463
[GA][Iter1] Gen:5 Ind:14 RMSE(val)=9.294642
[GA][Iter1] Gen:5 Ind:15 RMSE(val)=9.339406
[GA][Iter1] Gen:5 Ind:16 RMSE(val)=9.315285
[GA][Iter1] Gen:5 Ind:17 RMSE(val)=9.236717
[GA][Iter1] Gen:5 Ind:18 RMSE(val)=9.319530
[GA][Iter1] Gen:5 Ind:19 RMSE(val)=9.294642
[GA][Iter1] Gen:5 Ind:20 RMSE(val)=9.294642
[GA][Iter1] gen=5 best_val_rmse=9.195463
[GA][Iter1] Gen:6 Ind:1 RMSE(val)=9.195463
[GA][Iter1] Gen:6 Ind:2 RMSE(val)=9.195463
[GA][Iter1] Gen:6 Ind:3 RMSE(val)=9.225173
[GA][Iter1] Gen:6 Ind:4 RMSE(val)=9.236717
[GA][Iter1] Gen:6 Ind:5 RMSE(val)=9.236717
[GA][Iter1] Gen:6 Ind:6 RMSE(val)=9.294642
[GA][Iter1] Gen:6 Ind:7 RMSE(val)=9.294642
[GA][Iter1] Gen:6 Ind:8 RMSE(val)=9.294642
[GA][Iter1] Gen:6 Ind:9 RMSE(val)=9.294642
[GA][Iter1] Gen:6 Ind:10 RMSE(val)=9.294642
[GA][Iter1] Gen:6 Ind:11 RMSE(val)=9.236717
[GA][Iter1] Gen:6 Ind:12 RMSE(val)=9.236717
[GA][Iter1] Gen:6 Ind:13 RMSE(val)=9.318651
[GA][Iter1] Gen:6 Ind:14 RMSE(val)=9.309019
[GA][Iter1] Gen:6 Ind:15 RMSE(val)=9.294642
[GA][Iter1] Gen:6 Ind:16 RMSE(val)=9.236717
[GA][Iter1] Gen:6 Ind:17 RMSE(val)=9.195463
[GA][Iter1] Gen:6 Ind:18 RMSE(val)=9.198667
[GA][Iter1] Gen:6 Ind:19 RMSE(val)=9.315285
[GA][Iter1] Gen:6 Ind:20 RMSE(val)=9.195463
[GA][Iter1] gen=6 best_val_rmse=9.195463
[GA][Iter1] Gen:7 Ind:1 RMSE(val)=9.195463
[GA][Iter1] Gen:7 Ind:2 RMSE(val)=9.195463
[GA][Iter1] Gen:7 Ind:3 RMSE(val)=9.195463
[GA][Iter1] Gen:7 Ind:4 RMSE(val)=9.195463
[GA][Iter1] Gen:7 Ind:5 RMSE(val)=9.198667
[GA][Iter1] Gen:7 Ind:6 RMSE(val)=9.225173
[GA][Iter1] Gen:7 Ind:7 RMSE(val)=9.236717
[GA][Iter1] Gen:7 Ind:8 RMSE(val)=9.236717
[GA][Iter1] Gen:7 Ind:9 RMSE(val)=9.236717
[GA][Iter1] Gen:7 Ind:10 RMSE(val)=9.236717
[GA][Iter1] Gen:7 Ind:11 RMSE(val)=28.495952
[GA][Iter1] Gen:7 Ind:12 RMSE(val)=9.155391
[GA][Iter1] Gen:7 Ind:13 RMSE(val)=9.236717
[GA][Iter1] Gen:7 Ind:14 RMSE(val)=9.236717
[GA][Iter1] Gen:7 Ind:15 RMSE(val)=9.225173
[GA][Iter1] Gen:7 Ind:16 RMSE(val)=9.235282
[GA][Iter1] Gen:7 Ind:17 RMSE(val)=9.236717
[GA][Iter1] Gen:7 Ind:18 RMSE(val)=9.236725
[GA][Iter1] Gen:7 Ind:19 RMSE(val)=9.195463
[GA][Iter1] Gen:7 Ind:20 RMSE(val)=9.195463
[GA][Iter1] gen=7 best_val_rmse=9.155391
[GA][Iter1] Gen:8 Ind:1 RMSE(val)=9.155391
[GA][Iter1] Gen:8 Ind:2 RMSE(val)=9.195463
[GA][Iter1] Gen:8 Ind:3 RMSE(val)=9.195463
[GA][Iter1] Gen:8 Ind:4 RMSE(val)=9.195463
[GA][Iter1] Gen:8 Ind:5 RMSE(val)=9.195463
[GA][Iter1] Gen:8 Ind:6 RMSE(val)=9.195463
[GA][Iter1] Gen:8 Ind:7 RMSE(val)=9.195463
[GA][Iter1] Gen:8 Ind:8 RMSE(val)=9.198667
[GA][Iter1] Gen:8 Ind:9 RMSE(val)=9.225173
[GA][Iter1] Gen:8 Ind:10 RMSE(val)=9.225173
[GA][Iter1] Gen:8 Ind:11 RMSE(val)=9.236717
[GA][Iter1] Gen:8 Ind:12 RMSE(val)=9.195463
[GA][Iter1] Gen:8 Ind:13 RMSE(val)=9.195463
[GA][Iter1] Gen:8 Ind:14 RMSE(val)=9.157033
[GA][Iter1] Gen:8 Ind:15 RMSE(val)=9.235282
[GA][Iter1] Gen:8 Ind:16 RMSE(val)=9.195463
[GA][Iter1] Gen:8 Ind:17 RMSE(val)=9.198667
[GA][Iter1] Gen:8 Ind:18 RMSE(val)=10.302393
[GA][Iter1] Gen:8 Ind:19 RMSE(val)=9.195463
[GA][Iter1] Gen:8 Ind:20 RMSE(val)=9.198667
[GA][Iter1] gen=8 best_val_rmse=9.155391
[GA][Iter1] Gen:9 Ind:1 RMSE(val)=9.155391
[GA][Iter1] Gen:9 Ind:2 RMSE(val)=9.157033
[GA][Iter1] Gen:9 Ind:3 RMSE(val)=9.195463
[GA][Iter1] Gen:9 Ind:4 RMSE(val)=9.195463
[GA][Iter1] Gen:9 Ind:5 RMSE(val)=9.195463
[GA][Iter1] Gen:9 Ind:6 RMSE(val)=9.195463
[GA][Iter1] Gen:9 Ind:7 RMSE(val)=9.195463
[GA][Iter1] Gen:9 Ind:8 RMSE(val)=9.195463
[GA][Iter1] Gen:9 Ind:9 RMSE(val)=9.195463
[GA][Iter1] Gen:9 Ind:10 RMSE(val)=9.195463
[GA][Iter1] Gen:9 Ind:11 RMSE(val)=9.195463
[GA][Iter1] Gen:9 Ind:12 RMSE(val)=9.155391
[GA][Iter1] Gen:9 Ind:13 RMSE(val)=9.188069
[GA][Iter1] Gen:9 Ind:14 RMSE(val)=9.155391
[GA][Iter1] Gen:9 Ind:15 RMSE(val)=9.195463
[GA][Iter1] Gen:9 Ind:16 RMSE(val)=9.155391
[GA][Iter1] Gen:9 Ind:17 RMSE(val)=10.302393
[GA][Iter1] Gen:9 Ind:18 RMSE(val)=9.195463
[GA][Iter1] Gen:9 Ind:19 RMSE(val)=9.236717
[GA][Iter1] Gen:9 Ind:20 RMSE(val)=9.195463
[GA][Iter1] gen=9 best_val_rmse=9.155391
[GA][Iter1] Gen:10 Ind:1 RMSE(val)=9.155391
[GA][Iter1] Gen:10 Ind:2 RMSE(val)=9.155391
[GA][Iter1] Gen:10 Ind:3 RMSE(val)=9.155391
[GA][Iter1] Gen:10 Ind:4 RMSE(val)=9.155391
[GA][Iter1] Gen:10 Ind:5 RMSE(val)=9.157033
[GA][Iter1] Gen:10 Ind:6 RMSE(val)=9.188069
[GA][Iter1] Gen:10 Ind:7 RMSE(val)=9.195463
[GA][Iter1] Gen:10 Ind:8 RMSE(val)=9.195463
[GA][Iter1] Gen:10 Ind:9 RMSE(val)=9.195463
[GA][Iter1] Gen:10 Ind:10 RMSE(val)=9.195463
[GA][Iter1] Gen:10 Ind:11 RMSE(val)=9.188069
[GA][Iter1] Gen:10 Ind:12 RMSE(val)=9.155391
[GA][Iter1] Gen:10 Ind:13 RMSE(val)=9.155391
[GA][Iter1] Gen:10 Ind:14 RMSE(val)=9.195463
[GA][Iter1] Gen:10 Ind:15 RMSE(val)=26.837417
[GA][Iter1] Gen:10 Ind:16 RMSE(val)=9.346447
[GA][Iter1] Gen:10 Ind:17 RMSE(val)=9.155391
[GA][Iter1] Gen:10 Ind:18 RMSE(val)=9.195463
[GA][Iter1] Gen:10 Ind:19 RMSE(val)=9.195463
[GA][Iter1] Gen:10 Ind:20 RMSE(val)=9.157033
[GA][Iter1] gen=10 best_val_rmse=9.155391
[GA][Iter1] Gen:11 Ind:1 RMSE(val)=9.155391
[GA][Iter1] Gen:11 Ind:2 RMSE(val)=9.155391
[GA][Iter1] Gen:11 Ind:3 RMSE(val)=9.155391
[GA][Iter1] Gen:11 Ind:4 RMSE(val)=9.155391
[GA][Iter1] Gen:11 Ind:5 RMSE(val)=9.155391
[GA][Iter1] Gen:11 Ind:6 RMSE(val)=9.155391
[GA][Iter1] Gen:11 Ind:7 RMSE(val)=9.155391
[GA][Iter1] Gen:11 Ind:8 RMSE(val)=9.157033
[GA][Iter1] Gen:11 Ind:9 RMSE(val)=9.157033
[GA][Iter1] Gen:11 Ind:10 RMSE(val)=9.188069
[GA][Iter1] Gen:11 Ind:11 RMSE(val)=9.155391
[GA][Iter1] Gen:11 Ind:12 RMSE(val)=9.155391
[GA][Iter1] Gen:11 Ind:13 RMSE(val)=9.155391
[GA][Iter1] Gen:11 Ind:14 RMSE(val)=9.155391
[GA][Iter1] Gen:11 Ind:15 RMSE(val)=9.156158
[GA][Iter1] Gen:11 Ind:16 RMSE(val)=9.157033
[GA][Iter1] Gen:11 Ind:17 RMSE(val)=9.155391
[GA][Iter1] Gen:11 Ind:18 RMSE(val)=9.155391
[GA][Iter1] Gen:11 Ind:19 RMSE(val)=9.155391
[GA][Iter1] Gen:11 Ind:20 RMSE(val)=9.268202
[GA][Iter1] gen=11 best_val_rmse=9.155391
[GA][Iter1] Gen:12 Ind:1 RMSE(val)=9.155391
[GA][Iter1] Gen:12 Ind:2 RMSE(val)=9.155391
[GA][Iter1] Gen:12 Ind:3 RMSE(val)=9.155391
[GA][Iter1] Gen:12 Ind:4 RMSE(val)=9.155391
[GA][Iter1] Gen:12 Ind:5 RMSE(val)=9.155391
[GA][Iter1] Gen:12 Ind:6 RMSE(val)=9.155391
[GA][Iter1] Gen:12 Ind:7 RMSE(val)=9.155391
[GA][Iter1] Gen:12 Ind:8 RMSE(val)=9.155391
[GA][Iter1] Gen:12 Ind:9 RMSE(val)=9.155391
[GA][Iter1] Gen:12 Ind:10 RMSE(val)=9.155391
[GA][Iter1] Gen:12 Ind:11 RMSE(val)=9.155391
[GA][Iter1] Gen:12 Ind:12 RMSE(val)=9.225173
[GA][Iter1] Gen:12 Ind:13 RMSE(val)=9.155391
[GA][Iter1] Gen:12 Ind:14 RMSE(val)=9.155391
[GA][Iter1] Gen:12 Ind:15 RMSE(val)=9.155391
[GA][Iter1] Gen:12 Ind:16 RMSE(val)=9.155391
[GA][Iter1] Gen:12 Ind:17 RMSE(val)=9.155391
[GA][Iter1] Gen:12 Ind:18 RMSE(val)=9.155391
[GA][Iter1] Gen:12 Ind:19 RMSE(val)=9.155391
[GA][Iter1] Gen:12 Ind:20 RMSE(val)=9.161516
[GA][Iter1] gen=12 best_val_rmse=9.155391
[GA][Iter1] Gen:13 Ind:1 RMSE(val)=9.155391
[GA][Iter1] Gen:13 Ind:2 RMSE(val)=9.155391
[GA][Iter1] Gen:13 Ind:3 RMSE(val)=9.155391
[GA][Iter1] Gen:13 Ind:4 RMSE(val)=9.155391
[GA][Iter1] Gen:13 Ind:5 RMSE(val)=9.155391
[GA][Iter1] Gen:13 Ind:6 RMSE(val)=9.155391
[GA][Iter1] Gen:13 Ind:7 RMSE(val)=9.155391
[GA][Iter1] Gen:13 Ind:8 RMSE(val)=9.155391
[GA][Iter1] Gen:13 Ind:9 RMSE(val)=9.155391
[GA][Iter1] Gen:13 Ind:10 RMSE(val)=9.155391
[GA][Iter1] Gen:13 Ind:11 RMSE(val)=9.155391
[GA][Iter1] Gen:13 Ind:12 RMSE(val)=9.155391
[GA][Iter1] Gen:13 Ind:13 RMSE(val)=26.837417
[GA][Iter1] Gen:13 Ind:14 RMSE(val)=9.155391
[GA][Iter1] Gen:13 Ind:15 RMSE(val)=9.155391
[GA][Iter1] Gen:13 Ind:16 RMSE(val)=9.225173
[GA][Iter1] Gen:13 Ind:17 RMSE(val)=9.155391
[GA][Iter1] Gen:13 Ind:18 RMSE(val)=9.155391
[GA][Iter1] Gen:13 Ind:19 RMSE(val)=9.155391
[GA][Iter1] Gen:13 Ind:20 RMSE(val)=9.154365
[GA][Iter1] gen=13 best_val_rmse=9.154365
[GA][Iter1] Gen:14 Ind:1 RMSE(val)=9.154365
[GA][Iter1] Gen:14 Ind:2 RMSE(val)=9.155391
[GA][Iter1] Gen:14 Ind:3 RMSE(val)=9.155391
[GA][Iter1] Gen:14 Ind:4 RMSE(val)=9.155391
[GA][Iter1] Gen:14 Ind:5 RMSE(val)=9.155391
[GA][Iter1] Gen:14 Ind:6 RMSE(val)=9.155391
[GA][Iter1] Gen:14 Ind:7 RMSE(val)=9.155391
[GA][Iter1] Gen:14 Ind:8 RMSE(val)=9.155391
[GA][Iter1] Gen:14 Ind:9 RMSE(val)=9.155391
[GA][Iter1] Gen:14 Ind:10 RMSE(val)=9.155391
[GA][Iter1] Gen:14 Ind:11 RMSE(val)=9.155391
[GA][Iter1] Gen:14 Ind:12 RMSE(val)=9.195463
[GA][Iter1] Gen:14 Ind:13 RMSE(val)=9.155391
[GA][Iter1] Gen:14 Ind:14 RMSE(val)=9.161023
[GA][Iter1] Gen:14 Ind:15 RMSE(val)=9.155391
[GA][Iter1] Gen:14 Ind:16 RMSE(val)=9.155391
[GA][Iter1] Gen:14 Ind:17 RMSE(val)=9.155391
[GA][Iter1] Gen:14 Ind:18 RMSE(val)=9.155391
[GA][Iter1] Gen:14 Ind:19 RMSE(val)=10.274129
[GA][Iter1] Gen:14 Ind:20 RMSE(val)=9.155391
[GA][Iter1] gen=14 best_val_rmse=9.154365
[GA][Iter1] Gen:15 Ind:1 RMSE(val)=9.154365
[GA][Iter1] Gen:15 Ind:2 RMSE(val)=9.155391
[GA][Iter1] Gen:15 Ind:3 RMSE(val)=9.155391
[GA][Iter1] Gen:15 Ind:4 RMSE(val)=9.155391
[GA][Iter1] Gen:15 Ind:5 RMSE(val)=9.155391
[GA][Iter1] Gen:15 Ind:6 RMSE(val)=9.155391
[GA][Iter1] Gen:15 Ind:7 RMSE(val)=9.155391
[GA][Iter1] Gen:15 Ind:8 RMSE(val)=9.155391
[GA][Iter1] Gen:15 Ind:9 RMSE(val)=9.155391
[GA][Iter1] Gen:15 Ind:10 RMSE(val)=9.155391
[GA][Iter1] Gen:15 Ind:11 RMSE(val)=9.155391
[GA][Iter1] Gen:15 Ind:12 RMSE(val)=9.155391
[GA][Iter1] Gen:15 Ind:13 RMSE(val)=9.156587
[GA][Iter1] Gen:15 Ind:14 RMSE(val)=9.220528
[GA][Iter1] Gen:15 Ind:15 RMSE(val)=9.155391
[GA][Iter1] Gen:15 Ind:16 RMSE(val)=9.155391
[GA][Iter1] Gen:15 Ind:17 RMSE(val)=9.155391
[GA][Iter1] Gen:15 Ind:18 RMSE(val)=26.837417
[GA][Iter1] Gen:15 Ind:19 RMSE(val)=9.173641
[GA][Iter1] Gen:15 Ind:20 RMSE(val)=9.154365
[GA][Iter1] gen=15 best_val_rmse=9.154365
[GA][Iter1] Gen:15 Ind:1 RMSE(val)=9.154365
[GA][Iter1] Gen:15 Ind:2 RMSE(val)=9.154365
[GA][Iter1] Gen:15 Ind:3 RMSE(val)=9.155391
[GA][Iter1] Gen:15 Ind:4 RMSE(val)=9.155391
[GA][Iter1] Gen:15 Ind:5 RMSE(val)=9.155391
[GA][Iter1] Gen:15 Ind:6 RMSE(val)=9.155391
[GA][Iter1] Gen:15 Ind:7 RMSE(val)=9.155391
[GA][Iter1] Gen:15 Ind:8 RMSE(val)=9.155391
[GA][Iter1] Gen:15 Ind:9 RMSE(val)=9.155391
[GA][Iter1] Gen:15 Ind:10 RMSE(val)=9.155391
[GA][Iter1] Gen:15 Ind:11 RMSE(val)=9.155391
[GA][Iter1] Gen:15 Ind:12 RMSE(val)=9.154365
[GA][Iter1] Gen:15 Ind:13 RMSE(val)=9.155391
[GA][Iter1] Gen:15 Ind:14 RMSE(val)=9.154365
[GA][Iter1] Gen:15 Ind:15 RMSE(val)=9.220785
[GA][Iter1] Gen:15 Ind:16 RMSE(val)=9.155391
[GA][Iter1] Gen:15 Ind:17 RMSE(val)=9.155391
[GA][Iter1] Gen:15 Ind:18 RMSE(val)=9.155391
[GA][Iter1] Gen:15 Ind:19 RMSE(val)=9.155888
[GA][Iter1] Gen:15 Ind:20 RMSE(val)=9.155391

[GA DONE][Iter1] Best params on val fold of Iter1
Best val RMSE: 9.154365
Best params: {'n_estimators': 851, 'max_depth': 6, 'min_samples_split': 10, 'min_samples_leaf': 9, 'max_features': None, 'bootstrap': True}
--------------------------------------------------------------------------------
[RETUNE GA] Iter1: train folds 1..5 -> test fold 6  RMSE=55.753012  NRMSE=1.420034  CVRMSE=0.725890  R2=-1.038416
[GA][Iter2] Gen:1 Ind:1 RMSE(val)=43.885519
[GA][Iter2] Gen:1 Ind:2 RMSE(val)=37.811620
[GA][Iter2] Gen:1 Ind:3 RMSE(val)=57.498832
[GA][Iter2] Gen:1 Ind:4 RMSE(val)=41.548593
[GA][Iter2] Gen:1 Ind:5 RMSE(val)=58.231365
[GA][Iter2] Gen:1 Ind:6 RMSE(val)=39.571381
[GA][Iter2] Gen:1 Ind:7 RMSE(val)=40.194405
[GA][Iter2] Gen:1 Ind:8 RMSE(val)=40.964954
[GA][Iter2] Gen:1 Ind:9 RMSE(val)=39.564310
[GA][Iter2] Gen:1 Ind:10 RMSE(val)=43.676935
[GA][Iter2] Gen:1 Ind:11 RMSE(val)=40.715793
[GA][Iter2] Gen:1 Ind:12 RMSE(val)=57.339711
[GA][Iter2] Gen:1 Ind:13 RMSE(val)=39.801192
[GA][Iter2] Gen:1 Ind:14 RMSE(val)=42.620004
[GA][Iter2] Gen:1 Ind:15 RMSE(val)=42.630065
[GA][Iter2] Gen:1 Ind:16 RMSE(val)=41.608674
[GA][Iter2] Gen:1 Ind:17 RMSE(val)=39.680810
[GA][Iter2] Gen:1 Ind:18 RMSE(val)=41.609831
[GA][Iter2] Gen:1 Ind:19 RMSE(val)=57.181066
[GA][Iter2] Gen:1 Ind:20 RMSE(val)=60.368079
[GA][Iter2] gen=1 best_val_rmse=37.811620
[GA][Iter2] Gen:2 Ind:1 RMSE(val)=37.811620
[GA][Iter2] Gen:2 Ind:2 RMSE(val)=39.564310
[GA][Iter2] Gen:2 Ind:3 RMSE(val)=39.571381
[GA][Iter2] Gen:2 Ind:4 RMSE(val)=39.680810
[GA][Iter2] Gen:2 Ind:5 RMSE(val)=39.801192
[GA][Iter2] Gen:2 Ind:6 RMSE(val)=40.194405
[GA][Iter2] Gen:2 Ind:7 RMSE(val)=40.715793
[GA][Iter2] Gen:2 Ind:8 RMSE(val)=40.964954
[GA][Iter2] Gen:2 Ind:9 RMSE(val)=41.548593
[GA][Iter2] Gen:2 Ind:10 RMSE(val)=41.608674
[GA][Iter2] Gen:2 Ind:11 RMSE(val)=38.700976
[GA][Iter2] Gen:2 Ind:12 RMSE(val)=40.928565
[GA][Iter2] Gen:2 Ind:13 RMSE(val)=39.564310
[GA][Iter2] Gen:2 Ind:14 RMSE(val)=38.799960
[GA][Iter2] Gen:2 Ind:15 RMSE(val)=56.132814
[GA][Iter2] Gen:2 Ind:16 RMSE(val)=41.956525
[GA][Iter2] Gen:2 Ind:17 RMSE(val)=41.781657
[GA][Iter2] Gen:2 Ind:18 RMSE(val)=38.048742
[GA][Iter2] Gen:2 Ind:19 RMSE(val)=39.583125
[GA][Iter2] Gen:2 Ind:20 RMSE(val)=37.811620
[GA][Iter2] gen=2 best_val_rmse=37.811620
[GA][Iter2] Gen:3 Ind:1 RMSE(val)=37.811620
[GA][Iter2] Gen:3 Ind:2 RMSE(val)=37.811620
[GA][Iter2] Gen:3 Ind:3 RMSE(val)=38.048742
[GA][Iter2] Gen:3 Ind:4 RMSE(val)=38.700976
[GA][Iter2] Gen:3 Ind:5 RMSE(val)=38.799960
[GA][Iter2] Gen:3 Ind:6 RMSE(val)=39.564310
[GA][Iter2] Gen:3 Ind:7 RMSE(val)=39.564310
[GA][Iter2] Gen:3 Ind:8 RMSE(val)=39.571381
[GA][Iter2] Gen:3 Ind:9 RMSE(val)=39.583125
[GA][Iter2] Gen:3 Ind:10 RMSE(val)=39.680810
[GA][Iter2] Gen:3 Ind:11 RMSE(val)=38.853820
[GA][Iter2] Gen:3 Ind:12 RMSE(val)=38.443009
[GA][Iter2] Gen:3 Ind:13 RMSE(val)=39.077120
[GA][Iter2] Gen:3 Ind:14 RMSE(val)=39.634036
[GA][Iter2] Gen:3 Ind:15 RMSE(val)=37.811620
[GA][Iter2] Gen:3 Ind:16 RMSE(val)=38.048742
[GA][Iter2] Gen:3 Ind:17 RMSE(val)=38.879306
[GA][Iter2] Gen:3 Ind:18 RMSE(val)=37.811620
[GA][Iter2] Gen:3 Ind:19 RMSE(val)=40.340243
[GA][Iter2] Gen:3 Ind:20 RMSE(val)=39.583125
[GA][Iter2] gen=3 best_val_rmse=37.811620
[GA][Iter2] Gen:4 Ind:1 RMSE(val)=37.811620
[GA][Iter2] Gen:4 Ind:2 RMSE(val)=37.811620
[GA][Iter2] Gen:4 Ind:3 RMSE(val)=37.811620
[GA][Iter2] Gen:4 Ind:4 RMSE(val)=37.811620
[GA][Iter2] Gen:4 Ind:5 RMSE(val)=38.048742
[GA][Iter2] Gen:4 Ind:6 RMSE(val)=38.048742
[GA][Iter2] Gen:4 Ind:7 RMSE(val)=38.443009
[GA][Iter2] Gen:4 Ind:8 RMSE(val)=38.700976
[GA][Iter2] Gen:4 Ind:9 RMSE(val)=38.799960
[GA][Iter2] Gen:4 Ind:10 RMSE(val)=38.853820
[GA][Iter2] Gen:4 Ind:11 RMSE(val)=38.210190
[GA][Iter2] Gen:4 Ind:12 RMSE(val)=39.201122
[GA][Iter2] Gen:4 Ind:13 RMSE(val)=38.015232
[GA][Iter2] Gen:4 Ind:14 RMSE(val)=38.048742
[GA][Iter2] Gen:4 Ind:15 RMSE(val)=38.048742
[GA][Iter2] Gen:4 Ind:16 RMSE(val)=37.811620
[GA][Iter2] Gen:4 Ind:17 RMSE(val)=38.048742
[GA][Iter2] Gen:4 Ind:18 RMSE(val)=39.039315
[GA][Iter2] Gen:4 Ind:19 RMSE(val)=38.048742
[GA][Iter2] Gen:4 Ind:20 RMSE(val)=38.015232
[GA][Iter2] gen=4 best_val_rmse=37.811620
[GA][Iter2] Gen:5 Ind:1 RMSE(val)=37.811620
[GA][Iter2] Gen:5 Ind:2 RMSE(val)=37.811620
[GA][Iter2] Gen:5 Ind:3 RMSE(val)=37.811620
[GA][Iter2] Gen:5 Ind:4 RMSE(val)=37.811620
[GA][Iter2] Gen:5 Ind:5 RMSE(val)=37.811620
[GA][Iter2] Gen:5 Ind:6 RMSE(val)=38.015232
[GA][Iter2] Gen:5 Ind:7 RMSE(val)=38.015232
[GA][Iter2] Gen:5 Ind:8 RMSE(val)=38.048742
[GA][Iter2] Gen:5 Ind:9 RMSE(val)=38.048742
[GA][Iter2] Gen:5 Ind:10 RMSE(val)=38.048742
[GA][Iter2] Gen:5 Ind:11 RMSE(val)=37.811620
[GA][Iter2] Gen:5 Ind:12 RMSE(val)=37.811620
[GA][Iter2] Gen:5 Ind:13 RMSE(val)=38.210190
[GA][Iter2] Gen:5 Ind:14 RMSE(val)=37.811620
[GA][Iter2] Gen:5 Ind:15 RMSE(val)=38.482938
[GA][Iter2] Gen:5 Ind:16 RMSE(val)=38.443009
[GA][Iter2] Gen:5 Ind:17 RMSE(val)=37.811620
[GA][Iter2] Gen:5 Ind:18 RMSE(val)=38.048742
[GA][Iter2] Gen:5 Ind:19 RMSE(val)=38.048742
[GA][Iter2] Gen:5 Ind:20 RMSE(val)=38.048742
[GA][Iter2] gen=5 best_val_rmse=37.811620
[GA][Iter2] Gen:6 Ind:1 RMSE(val)=37.811620
[GA][Iter2] Gen:6 Ind:2 RMSE(val)=37.811620
[GA][Iter2] Gen:6 Ind:3 RMSE(val)=37.811620
[GA][Iter2] Gen:6 Ind:4 RMSE(val)=37.811620
[GA][Iter2] Gen:6 Ind:5 RMSE(val)=37.811620
[GA][Iter2] Gen:6 Ind:6 RMSE(val)=37.811620
[GA][Iter2] Gen:6 Ind:7 RMSE(val)=37.811620
[GA][Iter2] Gen:6 Ind:8 RMSE(val)=37.811620
[GA][Iter2] Gen:6 Ind:9 RMSE(val)=37.811620
[GA][Iter2] Gen:6 Ind:10 RMSE(val)=38.015232
[GA][Iter2] Gen:6 Ind:11 RMSE(val)=37.811620
[GA][Iter2] Gen:6 Ind:12 RMSE(val)=37.811620
[GA][Iter2] Gen:6 Ind:13 RMSE(val)=37.811620
[GA][Iter2] Gen:6 Ind:14 RMSE(val)=38.048742
[GA][Iter2] Gen:6 Ind:15 RMSE(val)=38.015232
[GA][Iter2] Gen:6 Ind:16 RMSE(val)=37.811620
[GA][Iter2] Gen:6 Ind:17 RMSE(val)=37.811620
[GA][Iter2] Gen:6 Ind:18 RMSE(val)=38.015232
[GA][Iter2] Gen:6 Ind:19 RMSE(val)=37.811620
[GA][Iter2] Gen:6 Ind:20 RMSE(val)=56.135706
[GA][Iter2] gen=6 best_val_rmse=37.811620
[GA][Iter2] Gen:7 Ind:1 RMSE(val)=37.811620
[GA][Iter2] Gen:7 Ind:2 RMSE(val)=37.811620
[GA][Iter2] Gen:7 Ind:3 RMSE(val)=37.811620
[GA][Iter2] Gen:7 Ind:4 RMSE(val)=37.811620
[GA][Iter2] Gen:7 Ind:5 RMSE(val)=37.811620
[GA][Iter2] Gen:7 Ind:6 RMSE(val)=37.811620
[GA][Iter2] Gen:7 Ind:7 RMSE(val)=37.811620
[GA][Iter2] Gen:7 Ind:8 RMSE(val)=37.811620
[GA][Iter2] Gen:7 Ind:9 RMSE(val)=37.811620
[GA][Iter2] Gen:7 Ind:10 RMSE(val)=37.811620
[GA][Iter2] Gen:7 Ind:11 RMSE(val)=37.811620
[GA][Iter2] Gen:7 Ind:12 RMSE(val)=37.811620
[GA][Iter2] Gen:7 Ind:13 RMSE(val)=37.811620
[GA][Iter2] Gen:7 Ind:14 RMSE(val)=37.811620
[GA][Iter2] Gen:7 Ind:15 RMSE(val)=37.811620
[GA][Iter2] Gen:7 Ind:16 RMSE(val)=37.811620
[GA][Iter2] Gen:7 Ind:17 RMSE(val)=37.811620
[GA][Iter2] Gen:7 Ind:18 RMSE(val)=37.811620
[GA][Iter2] Gen:7 Ind:19 RMSE(val)=37.811620
[GA][Iter2] Gen:7 Ind:20 RMSE(val)=37.811620
[GA][Iter2] gen=7 best_val_rmse=37.811620
[GA][Iter2] Gen:8 Ind:1 RMSE(val)=37.811620
[GA][Iter2] Gen:8 Ind:2 RMSE(val)=37.811620
[GA][Iter2] Gen:8 Ind:3 RMSE(val)=37.811620
[GA][Iter2] Gen:8 Ind:4 RMSE(val)=37.811620
[GA][Iter2] Gen:8 Ind:5 RMSE(val)=37.811620
[GA][Iter2] Gen:8 Ind:6 RMSE(val)=37.811620
[GA][Iter2] Gen:8 Ind:7 RMSE(val)=37.811620
[GA][Iter2] Gen:8 Ind:8 RMSE(val)=37.811620
[GA][Iter2] Gen:8 Ind:9 RMSE(val)=37.811620
[GA][Iter2] Gen:8 Ind:10 RMSE(val)=37.811620
[GA][Iter2] Gen:8 Ind:11 RMSE(val)=38.482938
[GA][Iter2] Gen:8 Ind:12 RMSE(val)=37.811620
[GA][Iter2] Gen:8 Ind:13 RMSE(val)=37.811620
[GA][Iter2] Gen:8 Ind:14 RMSE(val)=37.721461
[GA][Iter2] Gen:8 Ind:15 RMSE(val)=37.811620
[GA][Iter2] Gen:8 Ind:16 RMSE(val)=37.811620
[GA][Iter2] Gen:8 Ind:17 RMSE(val)=37.811620
[GA][Iter2] Gen:8 Ind:18 RMSE(val)=39.634036
[GA][Iter2] Gen:8 Ind:19 RMSE(val)=37.811620
[GA][Iter2] Gen:8 Ind:20 RMSE(val)=37.811620
[GA][Iter2] gen=8 best_val_rmse=37.721461
[GA][Iter2] Gen:9 Ind:1 RMSE(val)=37.721461
[GA][Iter2] Gen:9 Ind:2 RMSE(val)=37.811620
[GA][Iter2] Gen:9 Ind:3 RMSE(val)=37.811620
[GA][Iter2] Gen:9 Ind:4 RMSE(val)=37.811620
[GA][Iter2] Gen:9 Ind:5 RMSE(val)=37.811620
[GA][Iter2] Gen:9 Ind:6 RMSE(val)=37.811620
[GA][Iter2] Gen:9 Ind:7 RMSE(val)=37.811620
[GA][Iter2] Gen:9 Ind:8 RMSE(val)=37.811620
[GA][Iter2] Gen:9 Ind:9 RMSE(val)=37.811620
[GA][Iter2] Gen:9 Ind:10 RMSE(val)=37.811620
[GA][Iter2] Gen:9 Ind:11 RMSE(val)=37.811620
[GA][Iter2] Gen:9 Ind:12 RMSE(val)=37.721461
[GA][Iter2] Gen:9 Ind:13 RMSE(val)=37.679818
[GA][Iter2] Gen:9 Ind:14 RMSE(val)=37.811620
[GA][Iter2] Gen:9 Ind:15 RMSE(val)=56.135706
[GA][Iter2] Gen:9 Ind:16 RMSE(val)=37.811620
[GA][Iter2] Gen:9 Ind:17 RMSE(val)=39.634036
[GA][Iter2] Gen:9 Ind:18 RMSE(val)=37.811620
[GA][Iter2] Gen:9 Ind:19 RMSE(val)=38.482938
[GA][Iter2] Gen:9 Ind:20 RMSE(val)=37.811620
[GA][Iter2] gen=9 best_val_rmse=37.679818
[GA][Iter2] Gen:10 Ind:1 RMSE(val)=37.679818
[GA][Iter2] Gen:10 Ind:2 RMSE(val)=37.721461
[GA][Iter2] Gen:10 Ind:3 RMSE(val)=37.721461
[GA][Iter2] Gen:10 Ind:4 RMSE(val)=37.811620
[GA][Iter2] Gen:10 Ind:5 RMSE(val)=37.811620
[GA][Iter2] Gen:10 Ind:6 RMSE(val)=37.811620
[GA][Iter2] Gen:10 Ind:7 RMSE(val)=37.811620
[GA][Iter2] Gen:10 Ind:8 RMSE(val)=37.811620
[GA][Iter2] Gen:10 Ind:9 RMSE(val)=37.811620
[GA][Iter2] Gen:10 Ind:10 RMSE(val)=37.811620
[GA][Iter2] Gen:10 Ind:11 RMSE(val)=37.811620
[GA][Iter2] Gen:10 Ind:12 RMSE(val)=37.679818
[GA][Iter2] Gen:10 Ind:13 RMSE(val)=37.721461
[GA][Iter2] Gen:10 Ind:14 RMSE(val)=37.811620
[GA][Iter2] Gen:10 Ind:15 RMSE(val)=40.901402
[GA][Iter2] Gen:10 Ind:16 RMSE(val)=38.210190
[GA][Iter2] Gen:10 Ind:17 RMSE(val)=37.721461
[GA][Iter2] Gen:10 Ind:18 RMSE(val)=37.811620
[GA][Iter2] Gen:10 Ind:19 RMSE(val)=37.811620
[GA][Iter2] Gen:10 Ind:20 RMSE(val)=37.811620
[GA][Iter2] gen=10 best_val_rmse=37.679818
[GA][Iter2] Gen:11 Ind:1 RMSE(val)=37.679818
[GA][Iter2] Gen:11 Ind:2 RMSE(val)=37.679818
[GA][Iter2] Gen:11 Ind:3 RMSE(val)=37.721461
[GA][Iter2] Gen:11 Ind:4 RMSE(val)=37.721461
[GA][Iter2] Gen:11 Ind:5 RMSE(val)=37.721461
[GA][Iter2] Gen:11 Ind:6 RMSE(val)=37.721461
[GA][Iter2] Gen:11 Ind:7 RMSE(val)=37.811620
[GA][Iter2] Gen:11 Ind:8 RMSE(val)=37.811620
[GA][Iter2] Gen:11 Ind:9 RMSE(val)=37.811620
[GA][Iter2] Gen:11 Ind:10 RMSE(val)=37.811620
[GA][Iter2] Gen:11 Ind:11 RMSE(val)=37.721461
[GA][Iter2] Gen:11 Ind:12 RMSE(val)=37.721461
[GA][Iter2] Gen:11 Ind:13 RMSE(val)=37.811620
[GA][Iter2] Gen:11 Ind:14 RMSE(val)=37.811620
[GA][Iter2] Gen:11 Ind:15 RMSE(val)=37.851021
[GA][Iter2] Gen:11 Ind:16 RMSE(val)=37.811620
[GA][Iter2] Gen:11 Ind:17 RMSE(val)=37.721461
[GA][Iter2] Gen:11 Ind:18 RMSE(val)=37.721461
[GA][Iter2] Gen:11 Ind:19 RMSE(val)=37.679818
[GA][Iter2] Gen:11 Ind:20 RMSE(val)=37.811620
[GA][Iter2] gen=11 best_val_rmse=37.679818
[GA][Iter2] Gen:12 Ind:1 RMSE(val)=37.679818
[GA][Iter2] Gen:12 Ind:2 RMSE(val)=37.679818
[GA][Iter2] Gen:12 Ind:3 RMSE(val)=37.679818
[GA][Iter2] Gen:12 Ind:4 RMSE(val)=37.721461
[GA][Iter2] Gen:12 Ind:5 RMSE(val)=37.721461
[GA][Iter2] Gen:12 Ind:6 RMSE(val)=37.721461
[GA][Iter2] Gen:12 Ind:7 RMSE(val)=37.721461
[GA][Iter2] Gen:12 Ind:8 RMSE(val)=37.721461
[GA][Iter2] Gen:12 Ind:9 RMSE(val)=37.721461
[GA][Iter2] Gen:12 Ind:10 RMSE(val)=37.721461
[GA][Iter2] Gen:12 Ind:11 RMSE(val)=37.679818
[GA][Iter2] Gen:12 Ind:12 RMSE(val)=38.511161
[GA][Iter2] Gen:12 Ind:13 RMSE(val)=37.679818
[GA][Iter2] Gen:12 Ind:14 RMSE(val)=37.721461
[GA][Iter2] Gen:12 Ind:15 RMSE(val)=37.679818
[GA][Iter2] Gen:12 Ind:16 RMSE(val)=37.721461
[GA][Iter2] Gen:12 Ind:17 RMSE(val)=37.721461
[GA][Iter2] Gen:12 Ind:18 RMSE(val)=37.679818
[GA][Iter2] Gen:12 Ind:19 RMSE(val)=37.679818
[GA][Iter2] Gen:12 Ind:20 RMSE(val)=37.790288
[GA][Iter2] gen=12 best_val_rmse=37.679818
[GA][Iter2] Gen:13 Ind:1 RMSE(val)=37.679818
[GA][Iter2] Gen:13 Ind:2 RMSE(val)=37.679818
[GA][Iter2] Gen:13 Ind:3 RMSE(val)=37.679818
[GA][Iter2] Gen:13 Ind:4 RMSE(val)=37.679818
[GA][Iter2] Gen:13 Ind:5 RMSE(val)=37.679818
[GA][Iter2] Gen:13 Ind:6 RMSE(val)=37.679818
[GA][Iter2] Gen:13 Ind:7 RMSE(val)=37.679818
[GA][Iter2] Gen:13 Ind:8 RMSE(val)=37.679818
[GA][Iter2] Gen:13 Ind:9 RMSE(val)=37.721461
[GA][Iter2] Gen:13 Ind:10 RMSE(val)=37.721461
[GA][Iter2] Gen:13 Ind:11 RMSE(val)=37.721461
[GA][Iter2] Gen:13 Ind:12 RMSE(val)=37.679818
[GA][Iter2] Gen:13 Ind:13 RMSE(val)=40.338965
[GA][Iter2] Gen:13 Ind:14 RMSE(val)=37.679818
[GA][Iter2] Gen:13 Ind:15 RMSE(val)=37.721461
[GA][Iter2] Gen:13 Ind:16 RMSE(val)=38.511161
[GA][Iter2] Gen:13 Ind:17 RMSE(val)=37.679818
[GA][Iter2] Gen:13 Ind:18 RMSE(val)=37.679818
[GA][Iter2] Gen:13 Ind:19 RMSE(val)=37.679818
[GA][Iter2] Gen:13 Ind:20 RMSE(val)=37.778304
[GA][Iter2] gen=13 best_val_rmse=37.679818
[GA][Iter2] Gen:14 Ind:1 RMSE(val)=37.679818
[GA][Iter2] Gen:14 Ind:2 RMSE(val)=37.679818
[GA][Iter2] Gen:14 Ind:3 RMSE(val)=37.679818
[GA][Iter2] Gen:14 Ind:4 RMSE(val)=37.679818
[GA][Iter2] Gen:14 Ind:5 RMSE(val)=37.679818
[GA][Iter2] Gen:14 Ind:6 RMSE(val)=37.679818
[GA][Iter2] Gen:14 Ind:7 RMSE(val)=37.679818
[GA][Iter2] Gen:14 Ind:8 RMSE(val)=37.679818
[GA][Iter2] Gen:14 Ind:9 RMSE(val)=37.679818
[GA][Iter2] Gen:14 Ind:10 RMSE(val)=37.679818
[GA][Iter2] Gen:14 Ind:11 RMSE(val)=37.679818
[GA][Iter2] Gen:14 Ind:12 RMSE(val)=37.679818
[GA][Iter2] Gen:14 Ind:13 RMSE(val)=37.679818
[GA][Iter2] Gen:14 Ind:14 RMSE(val)=37.802198
[GA][Iter2] Gen:14 Ind:15 RMSE(val)=37.679818
[GA][Iter2] Gen:14 Ind:16 RMSE(val)=37.679818
[GA][Iter2] Gen:14 Ind:17 RMSE(val)=37.679818
[GA][Iter2] Gen:14 Ind:18 RMSE(val)=37.679818
[GA][Iter2] Gen:14 Ind:19 RMSE(val)=39.412331
[GA][Iter2] Gen:14 Ind:20 RMSE(val)=37.679818
[GA][Iter2] gen=14 best_val_rmse=37.679818
[GA][Iter2] Gen:15 Ind:1 RMSE(val)=37.679818
[GA][Iter2] Gen:15 Ind:2 RMSE(val)=37.679818
[GA][Iter2] Gen:15 Ind:3 RMSE(val)=37.679818
[GA][Iter2] Gen:15 Ind:4 RMSE(val)=37.679818
[GA][Iter2] Gen:15 Ind:5 RMSE(val)=37.679818
[GA][Iter2] Gen:15 Ind:6 RMSE(val)=37.679818
[GA][Iter2] Gen:15 Ind:7 RMSE(val)=37.679818
[GA][Iter2] Gen:15 Ind:8 RMSE(val)=37.679818
[GA][Iter2] Gen:15 Ind:9 RMSE(val)=37.679818
[GA][Iter2] Gen:15 Ind:10 RMSE(val)=37.679818
[GA][Iter2] Gen:15 Ind:11 RMSE(val)=37.679818
[GA][Iter2] Gen:15 Ind:12 RMSE(val)=37.679818
[GA][Iter2] Gen:15 Ind:13 RMSE(val)=37.554904
[GA][Iter2] Gen:15 Ind:14 RMSE(val)=37.963265
[GA][Iter2] Gen:15 Ind:15 RMSE(val)=37.679818
[GA][Iter2] Gen:15 Ind:16 RMSE(val)=37.679818
[GA][Iter2] Gen:15 Ind:17 RMSE(val)=37.679818
[GA][Iter2] Gen:15 Ind:18 RMSE(val)=40.338965
[GA][Iter2] Gen:15 Ind:19 RMSE(val)=38.308171
[GA][Iter2] Gen:15 Ind:20 RMSE(val)=37.679818
[GA][Iter2] gen=15 best_val_rmse=37.554904
[GA][Iter2] Gen:15 Ind:1 RMSE(val)=37.554904
[GA][Iter2] Gen:15 Ind:2 RMSE(val)=37.679818
[GA][Iter2] Gen:15 Ind:3 RMSE(val)=37.679818
[GA][Iter2] Gen:15 Ind:4 RMSE(val)=37.679818
[GA][Iter2] Gen:15 Ind:5 RMSE(val)=37.679818
[GA][Iter2] Gen:15 Ind:6 RMSE(val)=37.679818
[GA][Iter2] Gen:15 Ind:7 RMSE(val)=37.679818
[GA][Iter2] Gen:15 Ind:8 RMSE(val)=37.679818
[GA][Iter2] Gen:15 Ind:9 RMSE(val)=37.679818
[GA][Iter2] Gen:15 Ind:10 RMSE(val)=37.679818
[GA][Iter2] Gen:15 Ind:11 RMSE(val)=37.679818
[GA][Iter2] Gen:15 Ind:12 RMSE(val)=37.554904
[GA][Iter2] Gen:15 Ind:13 RMSE(val)=37.679818
[GA][Iter2] Gen:15 Ind:14 RMSE(val)=37.554904
[GA][Iter2] Gen:15 Ind:15 RMSE(val)=38.511161
[GA][Iter2] Gen:15 Ind:16 RMSE(val)=37.679818
[GA][Iter2] Gen:15 Ind:17 RMSE(val)=37.679818
[GA][Iter2] Gen:15 Ind:18 RMSE(val)=37.679818
[GA][Iter2] Gen:15 Ind:19 RMSE(val)=37.693345
[GA][Iter2] Gen:15 Ind:20 RMSE(val)=37.679818

[GA DONE][Iter2] Best params on val fold of Iter2
Best val RMSE: 37.554904
Best params: {'n_estimators': 442, 'max_depth': 37, 'min_samples_split': 4, 'min_samples_leaf': 10, 'max_features': 'log2', 'bootstrap': True}
--------------------------------------------------------------------------------
[RETUNE GA] Iter2: train folds 1..6 -> test fold 7  RMSE=43.521282  NRMSE=0.950053  CVRMSE=0.399593  R2=0.087588
[GA][Iter3] Gen:1 Ind:1 RMSE(val)=43.121257
[GA][Iter3] Gen:1 Ind:2 RMSE(val)=43.392708
[GA][Iter3] Gen:1 Ind:3 RMSE(val)=46.361660
[GA][Iter3] Gen:1 Ind:4 RMSE(val)=42.912520
[GA][Iter3] Gen:1 Ind:5 RMSE(val)=58.816141
[GA][Iter3] Gen:1 Ind:6 RMSE(val)=42.510006
[GA][Iter3] Gen:1 Ind:7 RMSE(val)=43.407191
[GA][Iter3] Gen:1 Ind:8 RMSE(val)=42.518616
[GA][Iter3] Gen:1 Ind:9 RMSE(val)=42.660984
[GA][Iter3] Gen:1 Ind:10 RMSE(val)=41.770299
[GA][Iter3] Gen:1 Ind:11 RMSE(val)=42.773791
[GA][Iter3] Gen:1 Ind:12 RMSE(val)=49.447222
[GA][Iter3] Gen:1 Ind:13 RMSE(val)=43.273226
[GA][Iter3] Gen:1 Ind:14 RMSE(val)=41.877133
[GA][Iter3] Gen:1 Ind:15 RMSE(val)=44.387974
[GA][Iter3] Gen:1 Ind:16 RMSE(val)=43.010382
[GA][Iter3] Gen:1 Ind:17 RMSE(val)=43.749457
[GA][Iter3] Gen:1 Ind:18 RMSE(val)=42.335691
[GA][Iter3] Gen:1 Ind:19 RMSE(val)=48.199253
[GA][Iter3] Gen:1 Ind:20 RMSE(val)=47.665454
[GA][Iter3] gen=1 best_val_rmse=41.770299
[GA][Iter3] Gen:2 Ind:1 RMSE(val)=41.770299
[GA][Iter3] Gen:2 Ind:2 RMSE(val)=41.877133
[GA][Iter3] Gen:2 Ind:3 RMSE(val)=42.335691
[GA][Iter3] Gen:2 Ind:4 RMSE(val)=42.510006
[GA][Iter3] Gen:2 Ind:5 RMSE(val)=42.518616
[GA][Iter3] Gen:2 Ind:6 RMSE(val)=42.660984
[GA][Iter3] Gen:2 Ind:7 RMSE(val)=42.773791
[GA][Iter3] Gen:2 Ind:8 RMSE(val)=42.912520
[GA][Iter3] Gen:2 Ind:9 RMSE(val)=43.010382
[GA][Iter3] Gen:2 Ind:10 RMSE(val)=43.121257
[GA][Iter3] Gen:2 Ind:11 RMSE(val)=46.153295
[GA][Iter3] Gen:2 Ind:12 RMSE(val)=41.850195
[GA][Iter3] Gen:2 Ind:13 RMSE(val)=41.911000
[GA][Iter3] Gen:2 Ind:14 RMSE(val)=42.848139
[GA][Iter3] Gen:2 Ind:15 RMSE(val)=56.511252
[GA][Iter3] Gen:2 Ind:16 RMSE(val)=41.751504
[GA][Iter3] Gen:2 Ind:17 RMSE(val)=42.376004
[GA][Iter3] Gen:2 Ind:18 RMSE(val)=42.087540
[GA][Iter3] Gen:2 Ind:19 RMSE(val)=43.121257
[GA][Iter3] Gen:2 Ind:20 RMSE(val)=41.981311
[GA][Iter3] gen=2 best_val_rmse=41.751504
[GA][Iter3] Gen:3 Ind:1 RMSE(val)=41.751504
[GA][Iter3] Gen:3 Ind:2 RMSE(val)=41.770299
[GA][Iter3] Gen:3 Ind:3 RMSE(val)=41.850195
[GA][Iter3] Gen:3 Ind:4 RMSE(val)=41.877133
[GA][Iter3] Gen:3 Ind:5 RMSE(val)=41.911000
[GA][Iter3] Gen:3 Ind:6 RMSE(val)=41.981311
[GA][Iter3] Gen:3 Ind:7 RMSE(val)=42.087540
[GA][Iter3] Gen:3 Ind:8 RMSE(val)=42.335691
[GA][Iter3] Gen:3 Ind:9 RMSE(val)=42.376004
[GA][Iter3] Gen:3 Ind:10 RMSE(val)=42.510006
[GA][Iter3] Gen:3 Ind:11 RMSE(val)=41.674807
[GA][Iter3] Gen:3 Ind:12 RMSE(val)=41.785489
[GA][Iter3] Gen:3 Ind:13 RMSE(val)=45.237187
[GA][Iter3] Gen:3 Ind:14 RMSE(val)=41.751504
[GA][Iter3] Gen:3 Ind:15 RMSE(val)=41.671311
[GA][Iter3] Gen:3 Ind:16 RMSE(val)=41.598887
[GA][Iter3] Gen:3 Ind:17 RMSE(val)=45.368846
[GA][Iter3] Gen:3 Ind:18 RMSE(val)=41.981311
[GA][Iter3] Gen:3 Ind:19 RMSE(val)=42.393119
[GA][Iter3] Gen:3 Ind:20 RMSE(val)=42.376004
[GA][Iter3] gen=3 best_val_rmse=41.598887
[GA][Iter3] Gen:4 Ind:1 RMSE(val)=41.598887
[GA][Iter3] Gen:4 Ind:2 RMSE(val)=41.671311
[GA][Iter3] Gen:4 Ind:3 RMSE(val)=41.674807
[GA][Iter3] Gen:4 Ind:4 RMSE(val)=41.751504
[GA][Iter3] Gen:4 Ind:5 RMSE(val)=41.751504
[GA][Iter3] Gen:4 Ind:6 RMSE(val)=41.770299
[GA][Iter3] Gen:4 Ind:7 RMSE(val)=41.785489
[GA][Iter3] Gen:4 Ind:8 RMSE(val)=41.850195
[GA][Iter3] Gen:4 Ind:9 RMSE(val)=41.877133
[GA][Iter3] Gen:4 Ind:10 RMSE(val)=41.911000
[GA][Iter3] Gen:4 Ind:11 RMSE(val)=42.064377
[GA][Iter3] Gen:4 Ind:12 RMSE(val)=41.674807
[GA][Iter3] Gen:4 Ind:13 RMSE(val)=41.674807
[GA][Iter3] Gen:4 Ind:14 RMSE(val)=41.671311
[GA][Iter3] Gen:4 Ind:15 RMSE(val)=41.674807
[GA][Iter3] Gen:4 Ind:16 RMSE(val)=41.818191
[GA][Iter3] Gen:4 Ind:17 RMSE(val)=41.751504
[GA][Iter3] Gen:4 Ind:18 RMSE(val)=41.877133
[GA][Iter3] Gen:4 Ind:19 RMSE(val)=42.075636
[GA][Iter3] Gen:4 Ind:20 RMSE(val)=42.029106
[GA][Iter3] gen=4 best_val_rmse=41.598887
[GA][Iter3] Gen:5 Ind:1 RMSE(val)=41.598887
[GA][Iter3] Gen:5 Ind:2 RMSE(val)=41.671311
[GA][Iter3] Gen:5 Ind:3 RMSE(val)=41.671311
[GA][Iter3] Gen:5 Ind:4 RMSE(val)=41.674807
[GA][Iter3] Gen:5 Ind:5 RMSE(val)=41.674807
[GA][Iter3] Gen:5 Ind:6 RMSE(val)=41.674807
[GA][Iter3] Gen:5 Ind:7 RMSE(val)=41.674807
[GA][Iter3] Gen:5 Ind:8 RMSE(val)=41.751504
[GA][Iter3] Gen:5 Ind:9 RMSE(val)=41.751504
[GA][Iter3] Gen:5 Ind:10 RMSE(val)=41.751504
[GA][Iter3] Gen:5 Ind:11 RMSE(val)=41.674807
[GA][Iter3] Gen:5 Ind:12 RMSE(val)=41.818191
[GA][Iter3] Gen:5 Ind:13 RMSE(val)=42.148359
[GA][Iter3] Gen:5 Ind:14 RMSE(val)=41.596670
[GA][Iter3] Gen:5 Ind:15 RMSE(val)=42.082866
[GA][Iter3] Gen:5 Ind:16 RMSE(val)=42.127359
[GA][Iter3] Gen:5 Ind:17 RMSE(val)=41.772960
[GA][Iter3] Gen:5 Ind:18 RMSE(val)=41.751504
[GA][Iter3] Gen:5 Ind:19 RMSE(val)=41.751504
[GA][Iter3] Gen:5 Ind:20 RMSE(val)=41.751504
[GA][Iter3] gen=5 best_val_rmse=41.596670
[GA][Iter3] Gen:6 Ind:1 RMSE(val)=41.596670
[GA][Iter3] Gen:6 Ind:2 RMSE(val)=41.598887
[GA][Iter3] Gen:6 Ind:3 RMSE(val)=41.671311
[GA][Iter3] Gen:6 Ind:4 RMSE(val)=41.671311
[GA][Iter3] Gen:6 Ind:5 RMSE(val)=41.674807
[GA][Iter3] Gen:6 Ind:6 RMSE(val)=41.674807
[GA][Iter3] Gen:6 Ind:7 RMSE(val)=41.674807
[GA][Iter3] Gen:6 Ind:8 RMSE(val)=41.674807
[GA][Iter3] Gen:6 Ind:9 RMSE(val)=41.674807
[GA][Iter3] Gen:6 Ind:10 RMSE(val)=41.751504
[GA][Iter3] Gen:6 Ind:11 RMSE(val)=41.329852
[GA][Iter3] Gen:6 Ind:12 RMSE(val)=41.770299
[GA][Iter3] Gen:6 Ind:13 RMSE(val)=41.674807
[GA][Iter3] Gen:6 Ind:14 RMSE(val)=42.082866
[GA][Iter3] Gen:6 Ind:15 RMSE(val)=42.075636
[GA][Iter3] Gen:6 Ind:16 RMSE(val)=41.596670
[GA][Iter3] Gen:6 Ind:17 RMSE(val)=41.674807
[GA][Iter3] Gen:6 Ind:18 RMSE(val)=41.349560
[GA][Iter3] Gen:6 Ind:19 RMSE(val)=41.785489
[GA][Iter3] Gen:6 Ind:20 RMSE(val)=49.867969
[GA][Iter3] gen=6 best_val_rmse=41.329852
[GA][Iter3] Gen:7 Ind:1 RMSE(val)=41.329852
[GA][Iter3] Gen:7 Ind:2 RMSE(val)=41.349560
[GA][Iter3] Gen:7 Ind:3 RMSE(val)=41.596670
[GA][Iter3] Gen:7 Ind:4 RMSE(val)=41.596670
[GA][Iter3] Gen:7 Ind:5 RMSE(val)=41.598887
[GA][Iter3] Gen:7 Ind:6 RMSE(val)=41.671311
[GA][Iter3] Gen:7 Ind:7 RMSE(val)=41.671311
[GA][Iter3] Gen:7 Ind:8 RMSE(val)=41.674807
[GA][Iter3] Gen:7 Ind:9 RMSE(val)=41.674807
[GA][Iter3] Gen:7 Ind:10 RMSE(val)=41.674807
[GA][Iter3] Gen:7 Ind:11 RMSE(val)=41.859848
[GA][Iter3] Gen:7 Ind:12 RMSE(val)=41.359219
[GA][Iter3] Gen:7 Ind:13 RMSE(val)=41.596670
[GA][Iter3] Gen:7 Ind:14 RMSE(val)=41.770299
[GA][Iter3] Gen:7 Ind:15 RMSE(val)=41.671311
[GA][Iter3] Gen:7 Ind:16 RMSE(val)=41.598887
[GA][Iter3] Gen:7 Ind:17 RMSE(val)=41.674807
[GA][Iter3] Gen:7 Ind:18 RMSE(val)=41.647704
[GA][Iter3] Gen:7 Ind:19 RMSE(val)=41.818191
[GA][Iter3] Gen:7 Ind:20 RMSE(val)=41.596670
[GA][Iter3] gen=7 best_val_rmse=41.329852
[GA][Iter3] Gen:8 Ind:1 RMSE(val)=41.329852
[GA][Iter3] Gen:8 Ind:2 RMSE(val)=41.349560
[GA][Iter3] Gen:8 Ind:3 RMSE(val)=41.359219
[GA][Iter3] Gen:8 Ind:4 RMSE(val)=41.596670
[GA][Iter3] Gen:8 Ind:5 RMSE(val)=41.596670
[GA][Iter3] Gen:8 Ind:6 RMSE(val)=41.596670
[GA][Iter3] Gen:8 Ind:7 RMSE(val)=41.596670
[GA][Iter3] Gen:8 Ind:8 RMSE(val)=41.598887
[GA][Iter3] Gen:8 Ind:9 RMSE(val)=41.598887
[GA][Iter3] Gen:8 Ind:10 RMSE(val)=41.647704
[GA][Iter3] Gen:8 Ind:11 RMSE(val)=41.359219
[GA][Iter3] Gen:8 Ind:12 RMSE(val)=41.349560
[GA][Iter3] Gen:8 Ind:13 RMSE(val)=41.596670
[GA][Iter3] Gen:8 Ind:14 RMSE(val)=41.285187
[GA][Iter3] Gen:8 Ind:15 RMSE(val)=41.589659
[GA][Iter3] Gen:8 Ind:16 RMSE(val)=41.419042
[GA][Iter3] Gen:8 Ind:17 RMSE(val)=41.598887
[GA][Iter3] Gen:8 Ind:18 RMSE(val)=44.947093
[GA][Iter3] Gen:8 Ind:19 RMSE(val)=41.585209
[GA][Iter3] Gen:8 Ind:20 RMSE(val)=41.598887
[GA][Iter3] gen=8 best_val_rmse=41.285187
[GA][Iter3] Gen:9 Ind:1 RMSE(val)=41.285187
[GA][Iter3] Gen:9 Ind:2 RMSE(val)=41.329852
[GA][Iter3] Gen:9 Ind:3 RMSE(val)=41.349560
[GA][Iter3] Gen:9 Ind:4 RMSE(val)=41.349560
[GA][Iter3] Gen:9 Ind:5 RMSE(val)=41.359219
[GA][Iter3] Gen:9 Ind:6 RMSE(val)=41.359219
[GA][Iter3] Gen:9 Ind:7 RMSE(val)=41.419042
[GA][Iter3] Gen:9 Ind:8 RMSE(val)=41.585209
[GA][Iter3] Gen:9 Ind:9 RMSE(val)=41.589659
[GA][Iter3] Gen:9 Ind:10 RMSE(val)=41.596670
[GA][Iter3] Gen:9 Ind:11 RMSE(val)=41.419042
[GA][Iter3] Gen:9 Ind:12 RMSE(val)=42.105950
[GA][Iter3] Gen:9 Ind:13 RMSE(val)=41.262570
[GA][Iter3] Gen:9 Ind:14 RMSE(val)=41.749951
[GA][Iter3] Gen:9 Ind:15 RMSE(val)=50.671536
[GA][Iter3] Gen:9 Ind:16 RMSE(val)=41.977684
[GA][Iter3] Gen:9 Ind:17 RMSE(val)=46.188201
[GA][Iter3] Gen:9 Ind:18 RMSE(val)=41.349560
[GA][Iter3] Gen:9 Ind:19 RMSE(val)=41.585209
[GA][Iter3] Gen:9 Ind:20 RMSE(val)=41.596670
[GA][Iter3] gen=9 best_val_rmse=41.262570
[GA][Iter3] Gen:10 Ind:1 RMSE(val)=41.262570
[GA][Iter3] Gen:10 Ind:2 RMSE(val)=41.285187
[GA][Iter3] Gen:10 Ind:3 RMSE(val)=41.329852
[GA][Iter3] Gen:10 Ind:4 RMSE(val)=41.349560
[GA][Iter3] Gen:10 Ind:5 RMSE(val)=41.349560
[GA][Iter3] Gen:10 Ind:6 RMSE(val)=41.349560
[GA][Iter3] Gen:10 Ind:7 RMSE(val)=41.359219
[GA][Iter3] Gen:10 Ind:8 RMSE(val)=41.359219
[GA][Iter3] Gen:10 Ind:9 RMSE(val)=41.419042
[GA][Iter3] Gen:10 Ind:10 RMSE(val)=41.419042
[GA][Iter3] Gen:10 Ind:11 RMSE(val)=41.349560
[GA][Iter3] Gen:10 Ind:12 RMSE(val)=41.259354
[GA][Iter3] Gen:10 Ind:13 RMSE(val)=41.285187
[GA][Iter3] Gen:10 Ind:14 RMSE(val)=41.349560
[GA][Iter3] Gen:10 Ind:15 RMSE(val)=41.570845
[GA][Iter3] Gen:10 Ind:16 RMSE(val)=41.503880
[GA][Iter3] Gen:10 Ind:17 RMSE(val)=41.285187
[GA][Iter3] Gen:10 Ind:18 RMSE(val)=41.419042
[GA][Iter3] Gen:10 Ind:19 RMSE(val)=41.419042
[GA][Iter3] Gen:10 Ind:20 RMSE(val)=41.359219
[GA][Iter3] gen=10 best_val_rmse=41.259354
[GA][Iter3] Gen:11 Ind:1 RMSE(val)=41.259354
[GA][Iter3] Gen:11 Ind:2 RMSE(val)=41.262570
[GA][Iter3] Gen:11 Ind:3 RMSE(val)=41.285187
[GA][Iter3] Gen:11 Ind:4 RMSE(val)=41.285187
[GA][Iter3] Gen:11 Ind:5 RMSE(val)=41.285187
[GA][Iter3] Gen:11 Ind:6 RMSE(val)=41.329852
[GA][Iter3] Gen:11 Ind:7 RMSE(val)=41.349560
[GA][Iter3] Gen:11 Ind:8 RMSE(val)=41.349560
[GA][Iter3] Gen:11 Ind:9 RMSE(val)=41.349560
[GA][Iter3] Gen:11 Ind:10 RMSE(val)=41.349560
[GA][Iter3] Gen:11 Ind:11 RMSE(val)=41.285187
[GA][Iter3] Gen:11 Ind:12 RMSE(val)=41.376449
[GA][Iter3] Gen:11 Ind:13 RMSE(val)=41.349560
[GA][Iter3] Gen:11 Ind:14 RMSE(val)=41.349560
[GA][Iter3] Gen:11 Ind:15 RMSE(val)=41.304414
[GA][Iter3] Gen:11 Ind:16 RMSE(val)=41.359219
[GA][Iter3] Gen:11 Ind:17 RMSE(val)=41.285187
[GA][Iter3] Gen:11 Ind:18 RMSE(val)=41.285187
[GA][Iter3] Gen:11 Ind:19 RMSE(val)=41.523334
[GA][Iter3] Gen:11 Ind:20 RMSE(val)=41.359219
[GA][Iter3] gen=11 best_val_rmse=41.259354
[GA][Iter3] Gen:12 Ind:1 RMSE(val)=41.259354
[GA][Iter3] Gen:12 Ind:2 RMSE(val)=41.262570
[GA][Iter3] Gen:12 Ind:3 RMSE(val)=41.285187
[GA][Iter3] Gen:12 Ind:4 RMSE(val)=41.285187
[GA][Iter3] Gen:12 Ind:5 RMSE(val)=41.285187
[GA][Iter3] Gen:12 Ind:6 RMSE(val)=41.285187
[GA][Iter3] Gen:12 Ind:7 RMSE(val)=41.285187
[GA][Iter3] Gen:12 Ind:8 RMSE(val)=41.285187
[GA][Iter3] Gen:12 Ind:9 RMSE(val)=41.304414
[GA][Iter3] Gen:12 Ind:10 RMSE(val)=41.329852
[GA][Iter3] Gen:12 Ind:11 RMSE(val)=41.285187
[GA][Iter3] Gen:12 Ind:12 RMSE(val)=41.262570
[GA][Iter3] Gen:12 Ind:13 RMSE(val)=41.262570
[GA][Iter3] Gen:12 Ind:14 RMSE(val)=41.304414
[GA][Iter3] Gen:12 Ind:15 RMSE(val)=41.259354
[GA][Iter3] Gen:12 Ind:16 RMSE(val)=41.285187
[GA][Iter3] Gen:12 Ind:17 RMSE(val)=41.645403
[GA][Iter3] Gen:12 Ind:18 RMSE(val)=41.285187
[GA][Iter3] Gen:12 Ind:19 RMSE(val)=41.285187
[GA][Iter3] Gen:12 Ind:20 RMSE(val)=40.956803
[GA][Iter3] gen=12 best_val_rmse=40.956803
[GA][Iter3] Gen:13 Ind:1 RMSE(val)=40.956803
[GA][Iter3] Gen:13 Ind:2 RMSE(val)=41.259354
[GA][Iter3] Gen:13 Ind:3 RMSE(val)=41.259354
[GA][Iter3] Gen:13 Ind:4 RMSE(val)=41.262570
[GA][Iter3] Gen:13 Ind:5 RMSE(val)=41.262570
[GA][Iter3] Gen:13 Ind:6 RMSE(val)=41.262570
[GA][Iter3] Gen:13 Ind:7 RMSE(val)=41.285187
[GA][Iter3] Gen:13 Ind:8 RMSE(val)=41.285187
[GA][Iter3] Gen:13 Ind:9 RMSE(val)=41.285187
[GA][Iter3] Gen:13 Ind:10 RMSE(val)=41.285187
[GA][Iter3] Gen:13 Ind:11 RMSE(val)=41.285187
[GA][Iter3] Gen:13 Ind:12 RMSE(val)=40.956803
[GA][Iter3] Gen:13 Ind:13 RMSE(val)=41.262570
[GA][Iter3] Gen:13 Ind:14 RMSE(val)=41.285187
[GA][Iter3] Gen:13 Ind:15 RMSE(val)=41.285187
[GA][Iter3] Gen:13 Ind:16 RMSE(val)=41.262570
[GA][Iter3] Gen:13 Ind:17 RMSE(val)=40.956803
[GA][Iter3] Gen:13 Ind:18 RMSE(val)=41.259354
[GA][Iter3] Gen:13 Ind:19 RMSE(val)=40.956803
[GA][Iter3] Gen:13 Ind:20 RMSE(val)=41.198452
[GA][Iter3] gen=13 best_val_rmse=40.956803
[GA][Iter3] Gen:14 Ind:1 RMSE(val)=40.956803
[GA][Iter3] Gen:14 Ind:2 RMSE(val)=40.956803
[GA][Iter3] Gen:14 Ind:3 RMSE(val)=40.956803
[GA][Iter3] Gen:14 Ind:4 RMSE(val)=40.956803
[GA][Iter3] Gen:14 Ind:5 RMSE(val)=41.198452
[GA][Iter3] Gen:14 Ind:6 RMSE(val)=41.259354
[GA][Iter3] Gen:14 Ind:7 RMSE(val)=41.259354
[GA][Iter3] Gen:14 Ind:8 RMSE(val)=41.259354
[GA][Iter3] Gen:14 Ind:9 RMSE(val)=41.262570
[GA][Iter3] Gen:14 Ind:10 RMSE(val)=41.262570
[GA][Iter3] Gen:14 Ind:11 RMSE(val)=41.259354
[GA][Iter3] Gen:14 Ind:12 RMSE(val)=41.523334
[GA][Iter3] Gen:14 Ind:13 RMSE(val)=41.262570
[GA][Iter3] Gen:14 Ind:14 RMSE(val)=40.961625
[GA][Iter3] Gen:14 Ind:15 RMSE(val)=41.262570
[GA][Iter3] Gen:14 Ind:16 RMSE(val)=41.262570
[GA][Iter3] Gen:14 Ind:17 RMSE(val)=41.259354
[GA][Iter3] Gen:14 Ind:18 RMSE(val)=41.259354
[GA][Iter3] Gen:14 Ind:19 RMSE(val)=46.310652
[GA][Iter3] Gen:14 Ind:20 RMSE(val)=41.259354
[GA][Iter3] gen=14 best_val_rmse=40.956803
[GA][Iter3] Gen:15 Ind:1 RMSE(val)=40.956803
[GA][Iter3] Gen:15 Ind:2 RMSE(val)=40.956803
[GA][Iter3] Gen:15 Ind:3 RMSE(val)=40.956803
[GA][Iter3] Gen:15 Ind:4 RMSE(val)=40.956803
[GA][Iter3] Gen:15 Ind:5 RMSE(val)=40.961625
[GA][Iter3] Gen:15 Ind:6 RMSE(val)=41.198452
[GA][Iter3] Gen:15 Ind:7 RMSE(val)=41.259354
[GA][Iter3] Gen:15 Ind:8 RMSE(val)=41.259354
[GA][Iter3] Gen:15 Ind:9 RMSE(val)=41.259354
[GA][Iter3] Gen:15 Ind:10 RMSE(val)=41.259354
[GA][Iter3] Gen:15 Ind:11 RMSE(val)=40.961625
[GA][Iter3] Gen:15 Ind:12 RMSE(val)=40.956803
[GA][Iter3] Gen:15 Ind:13 RMSE(val)=41.681955
[GA][Iter3] Gen:15 Ind:14 RMSE(val)=41.259354
[GA][Iter3] Gen:15 Ind:15 RMSE(val)=41.259354
[GA][Iter3] Gen:15 Ind:16 RMSE(val)=41.259354
[GA][Iter3] Gen:15 Ind:17 RMSE(val)=41.198452
[GA][Iter3] Gen:15 Ind:18 RMSE(val)=40.956803
[GA][Iter3] Gen:15 Ind:19 RMSE(val)=41.162414
[GA][Iter3] Gen:15 Ind:20 RMSE(val)=40.956803
[GA][Iter3] gen=15 best_val_rmse=40.956803
[GA][Iter3] Gen:15 Ind:1 RMSE(val)=40.956803
[GA][Iter3] Gen:15 Ind:2 RMSE(val)=40.956803
[GA][Iter3] Gen:15 Ind:3 RMSE(val)=40.956803
[GA][Iter3] Gen:15 Ind:4 RMSE(val)=40.956803
[GA][Iter3] Gen:15 Ind:5 RMSE(val)=40.956803
[GA][Iter3] Gen:15 Ind:6 RMSE(val)=40.956803
[GA][Iter3] Gen:15 Ind:7 RMSE(val)=40.956803
[GA][Iter3] Gen:15 Ind:8 RMSE(val)=40.961625
[GA][Iter3] Gen:15 Ind:9 RMSE(val)=40.961625
[GA][Iter3] Gen:15 Ind:10 RMSE(val)=41.162414
[GA][Iter3] Gen:15 Ind:11 RMSE(val)=40.956803
[GA][Iter3] Gen:15 Ind:12 RMSE(val)=40.956803
[GA][Iter3] Gen:15 Ind:13 RMSE(val)=40.956803
[GA][Iter3] Gen:15 Ind:14 RMSE(val)=40.956803
[GA][Iter3] Gen:15 Ind:15 RMSE(val)=40.956803
[GA][Iter3] Gen:15 Ind:16 RMSE(val)=40.956803
[GA][Iter3] Gen:15 Ind:17 RMSE(val)=40.956803
[GA][Iter3] Gen:15 Ind:18 RMSE(val)=42.027080
[GA][Iter3] Gen:15 Ind:19 RMSE(val)=40.962306
[GA][Iter3] Gen:15 Ind:20 RMSE(val)=41.162414

[GA DONE][Iter3] Best params on val fold of Iter3
Best val RMSE: 40.956803
Best params: {'n_estimators': 354, 'max_depth': 20, 'min_samples_split': 6, 'min_samples_leaf': 1, 'max_features': 'sqrt', 'bootstrap': True}
--------------------------------------------------------------------------------
[RETUNE GA] Iter3: train folds 1..7 -> test fold 8  RMSE=28.177195  NRMSE=0.698534  CVRMSE=0.267042  R2=0.506746
[GA][Iter4] Gen:1 Ind:1 RMSE(val)=31.580843
[GA][Iter4] Gen:1 Ind:2 RMSE(val)=30.054076
[GA][Iter4] Gen:1 Ind:3 RMSE(val)=28.534865
[GA][Iter4] Gen:1 Ind:4 RMSE(val)=28.889834
[GA][Iter4] Gen:1 Ind:5 RMSE(val)=32.330267
[GA][Iter4] Gen:1 Ind:6 RMSE(val)=29.794135
[GA][Iter4] Gen:1 Ind:7 RMSE(val)=29.784317
[GA][Iter4] Gen:1 Ind:8 RMSE(val)=29.576483
[GA][Iter4] Gen:1 Ind:9 RMSE(val)=29.281719
[GA][Iter4] Gen:1 Ind:10 RMSE(val)=28.838594
[GA][Iter4] Gen:1 Ind:11 RMSE(val)=28.778760
[GA][Iter4] Gen:1 Ind:12 RMSE(val)=28.102138
[GA][Iter4] Gen:1 Ind:13 RMSE(val)=29.425433
[GA][Iter4] Gen:1 Ind:14 RMSE(val)=28.713701
[GA][Iter4] Gen:1 Ind:15 RMSE(val)=28.321536
[GA][Iter4] Gen:1 Ind:16 RMSE(val)=28.607614
[GA][Iter4] Gen:1 Ind:17 RMSE(val)=29.447430
[GA][Iter4] Gen:1 Ind:18 RMSE(val)=28.726007
[GA][Iter4] Gen:1 Ind:19 RMSE(val)=28.687682
[GA][Iter4] Gen:1 Ind:20 RMSE(val)=32.135686
[GA][Iter4] gen=1 best_val_rmse=28.102138
[GA][Iter4] Gen:2 Ind:1 RMSE(val)=28.102138
[GA][Iter4] Gen:2 Ind:2 RMSE(val)=28.321536
[GA][Iter4] Gen:2 Ind:3 RMSE(val)=28.534865
[GA][Iter4] Gen:2 Ind:4 RMSE(val)=28.607614
[GA][Iter4] Gen:2 Ind:5 RMSE(val)=28.687682
[GA][Iter4] Gen:2 Ind:6 RMSE(val)=28.713701
[GA][Iter4] Gen:2 Ind:7 RMSE(val)=28.726007
[GA][Iter4] Gen:2 Ind:8 RMSE(val)=28.778760
[GA][Iter4] Gen:2 Ind:9 RMSE(val)=28.838594
[GA][Iter4] Gen:2 Ind:10 RMSE(val)=28.889834
[GA][Iter4] Gen:2 Ind:11 RMSE(val)=31.177144
[GA][Iter4] Gen:2 Ind:12 RMSE(val)=28.650810
[GA][Iter4] Gen:2 Ind:13 RMSE(val)=28.468920
[GA][Iter4] Gen:2 Ind:14 RMSE(val)=28.165250
[GA][Iter4] Gen:2 Ind:15 RMSE(val)=30.926949
[GA][Iter4] Gen:2 Ind:16 RMSE(val)=28.607614
[GA][Iter4] Gen:2 Ind:17 RMSE(val)=29.018149
[GA][Iter4] Gen:2 Ind:18 RMSE(val)=28.390442
[GA][Iter4] Gen:2 Ind:19 RMSE(val)=28.889834
[GA][Iter4] Gen:2 Ind:20 RMSE(val)=28.638620
[GA][Iter4] gen=2 best_val_rmse=28.102138
[GA][Iter4] Gen:3 Ind:1 RMSE(val)=28.102138
[GA][Iter4] Gen:3 Ind:2 RMSE(val)=28.165250
[GA][Iter4] Gen:3 Ind:3 RMSE(val)=28.321536
[GA][Iter4] Gen:3 Ind:4 RMSE(val)=28.390442
[GA][Iter4] Gen:3 Ind:5 RMSE(val)=28.468920
[GA][Iter4] Gen:3 Ind:6 RMSE(val)=28.534865
[GA][Iter4] Gen:3 Ind:7 RMSE(val)=28.607614
[GA][Iter4] Gen:3 Ind:8 RMSE(val)=28.607614
[GA][Iter4] Gen:3 Ind:9 RMSE(val)=28.638620
[GA][Iter4] Gen:3 Ind:10 RMSE(val)=28.650810
[GA][Iter4] Gen:3 Ind:11 RMSE(val)=28.390957
[GA][Iter4] Gen:3 Ind:12 RMSE(val)=28.102138
[GA][Iter4] Gen:3 Ind:13 RMSE(val)=28.487117
[GA][Iter4] Gen:3 Ind:14 RMSE(val)=28.638620
[GA][Iter4] Gen:3 Ind:15 RMSE(val)=28.704824
[GA][Iter4] Gen:3 Ind:16 RMSE(val)=27.927519
[GA][Iter4] Gen:3 Ind:17 RMSE(val)=28.321536
[GA][Iter4] Gen:3 Ind:18 RMSE(val)=28.196847
[GA][Iter4] Gen:3 Ind:19 RMSE(val)=28.682123
[GA][Iter4] Gen:3 Ind:20 RMSE(val)=28.418648
[GA][Iter4] gen=3 best_val_rmse=27.927519
[GA][Iter4] Gen:4 Ind:1 RMSE(val)=27.927519
[GA][Iter4] Gen:4 Ind:2 RMSE(val)=28.102138
[GA][Iter4] Gen:4 Ind:3 RMSE(val)=28.102138
[GA][Iter4] Gen:4 Ind:4 RMSE(val)=28.165250
[GA][Iter4] Gen:4 Ind:5 RMSE(val)=28.196847
[GA][Iter4] Gen:4 Ind:6 RMSE(val)=28.321536
[GA][Iter4] Gen:4 Ind:7 RMSE(val)=28.321536
[GA][Iter4] Gen:4 Ind:8 RMSE(val)=28.390442
[GA][Iter4] Gen:4 Ind:9 RMSE(val)=28.390957
[GA][Iter4] Gen:4 Ind:10 RMSE(val)=28.418648
[GA][Iter4] Gen:4 Ind:11 RMSE(val)=28.446541
[GA][Iter4] Gen:4 Ind:12 RMSE(val)=28.390957
[GA][Iter4] Gen:4 Ind:13 RMSE(val)=28.321536
[GA][Iter4] Gen:4 Ind:14 RMSE(val)=28.631564
[GA][Iter4] Gen:4 Ind:15 RMSE(val)=28.418648
[GA][Iter4] Gen:4 Ind:16 RMSE(val)=28.364858
[GA][Iter4] Gen:4 Ind:17 RMSE(val)=27.992774
[GA][Iter4] Gen:4 Ind:18 RMSE(val)=29.171827
[GA][Iter4] Gen:4 Ind:19 RMSE(val)=28.391137
[GA][Iter4] Gen:4 Ind:20 RMSE(val)=28.094631
[GA][Iter4] gen=4 best_val_rmse=27.927519
[GA][Iter4] Gen:5 Ind:1 RMSE(val)=27.927519
[GA][Iter4] Gen:5 Ind:2 RMSE(val)=27.992774
[GA][Iter4] Gen:5 Ind:3 RMSE(val)=28.094631
[GA][Iter4] Gen:5 Ind:4 RMSE(val)=28.102138
[GA][Iter4] Gen:5 Ind:5 RMSE(val)=28.102138
[GA][Iter4] Gen:5 Ind:6 RMSE(val)=28.165250
[GA][Iter4] Gen:5 Ind:7 RMSE(val)=28.196847
[GA][Iter4] Gen:5 Ind:8 RMSE(val)=28.321536
[GA][Iter4] Gen:5 Ind:9 RMSE(val)=28.321536
[GA][Iter4] Gen:5 Ind:10 RMSE(val)=28.321536
[GA][Iter4] Gen:5 Ind:11 RMSE(val)=28.165250
[GA][Iter4] Gen:5 Ind:12 RMSE(val)=28.868743
[GA][Iter4] Gen:5 Ind:13 RMSE(val)=28.532310
[GA][Iter4] Gen:5 Ind:14 RMSE(val)=28.638620
[GA][Iter4] Gen:5 Ind:15 RMSE(val)=27.814026
[GA][Iter4] Gen:5 Ind:16 RMSE(val)=28.781945
[GA][Iter4] Gen:5 Ind:17 RMSE(val)=27.940327
[GA][Iter4] Gen:5 Ind:18 RMSE(val)=28.321536
[GA][Iter4] Gen:5 Ind:19 RMSE(val)=28.321536
[GA][Iter4] Gen:5 Ind:20 RMSE(val)=28.321536
[GA][Iter4] gen=5 best_val_rmse=27.814026
[GA][Iter4] Gen:6 Ind:1 RMSE(val)=27.814026
[GA][Iter4] Gen:6 Ind:2 RMSE(val)=27.927519
[GA][Iter4] Gen:6 Ind:3 RMSE(val)=27.940327
[GA][Iter4] Gen:6 Ind:4 RMSE(val)=27.992774
[GA][Iter4] Gen:6 Ind:5 RMSE(val)=28.094631
[GA][Iter4] Gen:6 Ind:6 RMSE(val)=28.102138
[GA][Iter4] Gen:6 Ind:7 RMSE(val)=28.102138
[GA][Iter4] Gen:6 Ind:8 RMSE(val)=28.165250
[GA][Iter4] Gen:6 Ind:9 RMSE(val)=28.165250
[GA][Iter4] Gen:6 Ind:10 RMSE(val)=28.196847
[GA][Iter4] Gen:6 Ind:11 RMSE(val)=28.196847
[GA][Iter4] Gen:6 Ind:12 RMSE(val)=28.102138
[GA][Iter4] Gen:6 Ind:13 RMSE(val)=28.094631
[GA][Iter4] Gen:6 Ind:14 RMSE(val)=27.814026
[GA][Iter4] Gen:6 Ind:15 RMSE(val)=28.391137
[GA][Iter4] Gen:6 Ind:16 RMSE(val)=27.992774
[GA][Iter4] Gen:6 Ind:17 RMSE(val)=27.902365
[GA][Iter4] Gen:6 Ind:18 RMSE(val)=27.814026
[GA][Iter4] Gen:6 Ind:19 RMSE(val)=27.992774
[GA][Iter4] Gen:6 Ind:20 RMSE(val)=27.927519
[GA][Iter4] gen=6 best_val_rmse=27.814026
[GA][Iter4] Gen:7 Ind:1 RMSE(val)=27.814026
[GA][Iter4] Gen:7 Ind:2 RMSE(val)=27.814026
[GA][Iter4] Gen:7 Ind:3 RMSE(val)=27.814026
[GA][Iter4] Gen:7 Ind:4 RMSE(val)=27.902365
[GA][Iter4] Gen:7 Ind:5 RMSE(val)=27.927519
[GA][Iter4] Gen:7 Ind:6 RMSE(val)=27.927519
[GA][Iter4] Gen:7 Ind:7 RMSE(val)=27.940327
[GA][Iter4] Gen:7 Ind:8 RMSE(val)=27.992774
[GA][Iter4] Gen:7 Ind:9 RMSE(val)=27.992774
[GA][Iter4] Gen:7 Ind:10 RMSE(val)=27.992774
[GA][Iter4] Gen:7 Ind:11 RMSE(val)=29.306235
[GA][Iter4] Gen:7 Ind:12 RMSE(val)=27.814026
[GA][Iter4] Gen:7 Ind:13 RMSE(val)=27.992774
[GA][Iter4] Gen:7 Ind:14 RMSE(val)=28.181703
[GA][Iter4] Gen:7 Ind:15 RMSE(val)=27.992774
[GA][Iter4] Gen:7 Ind:16 RMSE(val)=28.165250
[GA][Iter4] Gen:7 Ind:17 RMSE(val)=27.992774
[GA][Iter4] Gen:7 Ind:18 RMSE(val)=27.766561
[GA][Iter4] Gen:7 Ind:19 RMSE(val)=27.814026
[GA][Iter4] Gen:7 Ind:20 RMSE(val)=27.902365
[GA][Iter4] gen=7 best_val_rmse=27.766561
[GA][Iter4] Gen:8 Ind:1 RMSE(val)=27.766561
[GA][Iter4] Gen:8 Ind:2 RMSE(val)=27.814026
[GA][Iter4] Gen:8 Ind:3 RMSE(val)=27.814026
[GA][Iter4] Gen:8 Ind:4 RMSE(val)=27.814026
[GA][Iter4] Gen:8 Ind:5 RMSE(val)=27.814026
[GA][Iter4] Gen:8 Ind:6 RMSE(val)=27.814026
[GA][Iter4] Gen:8 Ind:7 RMSE(val)=27.902365
[GA][Iter4] Gen:8 Ind:8 RMSE(val)=27.902365
[GA][Iter4] Gen:8 Ind:9 RMSE(val)=27.927519
[GA][Iter4] Gen:8 Ind:10 RMSE(val)=27.927519
[GA][Iter4] Gen:8 Ind:11 RMSE(val)=27.814026
[GA][Iter4] Gen:8 Ind:12 RMSE(val)=27.875779
[GA][Iter4] Gen:8 Ind:13 RMSE(val)=27.814026
[GA][Iter4] Gen:8 Ind:14 RMSE(val)=27.762520
[GA][Iter4] Gen:8 Ind:15 RMSE(val)=27.927519
[GA][Iter4] Gen:8 Ind:16 RMSE(val)=27.797541
[GA][Iter4] Gen:8 Ind:17 RMSE(val)=27.902365
[GA][Iter4] Gen:8 Ind:18 RMSE(val)=27.700035
[GA][Iter4] Gen:8 Ind:19 RMSE(val)=27.814026
[GA][Iter4] Gen:8 Ind:20 RMSE(val)=27.902365
[GA][Iter4] gen=8 best_val_rmse=27.700035
[GA][Iter4] Gen:9 Ind:1 RMSE(val)=27.700035
[GA][Iter4] Gen:9 Ind:2 RMSE(val)=27.762520
[GA][Iter4] Gen:9 Ind:3 RMSE(val)=27.766561
[GA][Iter4] Gen:9 Ind:4 RMSE(val)=27.797541
[GA][Iter4] Gen:9 Ind:5 RMSE(val)=27.814026
[GA][Iter4] Gen:9 Ind:6 RMSE(val)=27.814026
[GA][Iter4] Gen:9 Ind:7 RMSE(val)=27.814026
[GA][Iter4] Gen:9 Ind:8 RMSE(val)=27.814026
[GA][Iter4] Gen:9 Ind:9 RMSE(val)=27.814026
[GA][Iter4] Gen:9 Ind:10 RMSE(val)=27.814026
[GA][Iter4] Gen:9 Ind:11 RMSE(val)=27.814026
[GA][Iter4] Gen:9 Ind:12 RMSE(val)=34.337297
[GA][Iter4] Gen:9 Ind:13 RMSE(val)=27.809405
[GA][Iter4] Gen:9 Ind:14 RMSE(val)=27.766561
[GA][Iter4] Gen:9 Ind:15 RMSE(val)=27.814026
[GA][Iter4] Gen:9 Ind:16 RMSE(val)=27.849401
[GA][Iter4] Gen:9 Ind:17 RMSE(val)=28.244652
[GA][Iter4] Gen:9 Ind:18 RMSE(val)=27.797541
[GA][Iter4] Gen:9 Ind:19 RMSE(val)=27.766561
[GA][Iter4] Gen:9 Ind:20 RMSE(val)=27.814026
[GA][Iter4] gen=9 best_val_rmse=27.700035
[GA][Iter4] Gen:10 Ind:1 RMSE(val)=27.700035
[GA][Iter4] Gen:10 Ind:2 RMSE(val)=27.762520
[GA][Iter4] Gen:10 Ind:3 RMSE(val)=27.766561
[GA][Iter4] Gen:10 Ind:4 RMSE(val)=27.766561
[GA][Iter4] Gen:10 Ind:5 RMSE(val)=27.766561
[GA][Iter4] Gen:10 Ind:6 RMSE(val)=27.797541
[GA][Iter4] Gen:10 Ind:7 RMSE(val)=27.797541
[GA][Iter4] Gen:10 Ind:8 RMSE(val)=27.809405
[GA][Iter4] Gen:10 Ind:9 RMSE(val)=27.814026
[GA][Iter4] Gen:10 Ind:10 RMSE(val)=27.814026
[GA][Iter4] Gen:10 Ind:11 RMSE(val)=27.814026
[GA][Iter4] Gen:10 Ind:12 RMSE(val)=27.849401
[GA][Iter4] Gen:10 Ind:13 RMSE(val)=27.762520
[GA][Iter4] Gen:10 Ind:14 RMSE(val)=27.814026
[GA][Iter4] Gen:10 Ind:15 RMSE(val)=28.466379
[GA][Iter4] Gen:10 Ind:16 RMSE(val)=28.234947
[GA][Iter4] Gen:10 Ind:17 RMSE(val)=27.762520
[GA][Iter4] Gen:10 Ind:18 RMSE(val)=27.681871
[GA][Iter4] Gen:10 Ind:19 RMSE(val)=27.814026
[GA][Iter4] Gen:10 Ind:20 RMSE(val)=27.700035
[GA][Iter4] gen=10 best_val_rmse=27.681871
[GA][Iter4] Gen:11 Ind:1 RMSE(val)=27.681871
[GA][Iter4] Gen:11 Ind:2 RMSE(val)=27.700035
[GA][Iter4] Gen:11 Ind:3 RMSE(val)=27.700035
[GA][Iter4] Gen:11 Ind:4 RMSE(val)=27.762520
[GA][Iter4] Gen:11 Ind:5 RMSE(val)=27.762520
[GA][Iter4] Gen:11 Ind:6 RMSE(val)=27.762520
[GA][Iter4] Gen:11 Ind:7 RMSE(val)=27.766561
[GA][Iter4] Gen:11 Ind:8 RMSE(val)=27.766561
[GA][Iter4] Gen:11 Ind:9 RMSE(val)=27.766561
[GA][Iter4] Gen:11 Ind:10 RMSE(val)=27.797541
[GA][Iter4] Gen:11 Ind:11 RMSE(val)=27.814026
[GA][Iter4] Gen:11 Ind:12 RMSE(val)=27.762520
[GA][Iter4] Gen:11 Ind:13 RMSE(val)=27.766561
[GA][Iter4] Gen:11 Ind:14 RMSE(val)=27.781535
[GA][Iter4] Gen:11 Ind:15 RMSE(val)=27.769841
[GA][Iter4] Gen:11 Ind:16 RMSE(val)=27.681871
[GA][Iter4] Gen:11 Ind:17 RMSE(val)=27.902365
[GA][Iter4] Gen:11 Ind:18 RMSE(val)=27.762520
[GA][Iter4] Gen:11 Ind:19 RMSE(val)=28.244652
[GA][Iter4] Gen:11 Ind:20 RMSE(val)=27.937663
[GA][Iter4] gen=11 best_val_rmse=27.681871
[GA][Iter4] Gen:12 Ind:1 RMSE(val)=27.681871
[GA][Iter4] Gen:12 Ind:2 RMSE(val)=27.681871
[GA][Iter4] Gen:12 Ind:3 RMSE(val)=27.700035
[GA][Iter4] Gen:12 Ind:4 RMSE(val)=27.700035
[GA][Iter4] Gen:12 Ind:5 RMSE(val)=27.762520
[GA][Iter4] Gen:12 Ind:6 RMSE(val)=27.762520
[GA][Iter4] Gen:12 Ind:7 RMSE(val)=27.762520
[GA][Iter4] Gen:12 Ind:8 RMSE(val)=27.762520
[GA][Iter4] Gen:12 Ind:9 RMSE(val)=27.762520
[GA][Iter4] Gen:12 Ind:10 RMSE(val)=27.766561
[GA][Iter4] Gen:12 Ind:11 RMSE(val)=27.681871
[GA][Iter4] Gen:12 Ind:12 RMSE(val)=27.681871
[GA][Iter4] Gen:12 Ind:13 RMSE(val)=27.814026
[GA][Iter4] Gen:12 Ind:14 RMSE(val)=27.762520
[GA][Iter4] Gen:12 Ind:15 RMSE(val)=28.244652
[GA][Iter4] Gen:12 Ind:16 RMSE(val)=27.762520
[GA][Iter4] Gen:12 Ind:17 RMSE(val)=27.662332
[GA][Iter4] Gen:12 Ind:18 RMSE(val)=28.244652
[GA][Iter4] Gen:12 Ind:19 RMSE(val)=27.766561
[GA][Iter4] Gen:12 Ind:20 RMSE(val)=27.684918
[GA][Iter4] gen=12 best_val_rmse=27.662332
[GA][Iter4] Gen:13 Ind:1 RMSE(val)=27.662332
[GA][Iter4] Gen:13 Ind:2 RMSE(val)=27.681871
[GA][Iter4] Gen:13 Ind:3 RMSE(val)=27.681871
[GA][Iter4] Gen:13 Ind:4 RMSE(val)=27.681871
[GA][Iter4] Gen:13 Ind:5 RMSE(val)=27.681871
[GA][Iter4] Gen:13 Ind:6 RMSE(val)=27.684918
[GA][Iter4] Gen:13 Ind:7 RMSE(val)=27.700035
[GA][Iter4] Gen:13 Ind:8 RMSE(val)=27.700035
[GA][Iter4] Gen:13 Ind:9 RMSE(val)=27.762520
[GA][Iter4] Gen:13 Ind:10 RMSE(val)=27.762520
[GA][Iter4] Gen:13 Ind:11 RMSE(val)=28.243626
[GA][Iter4] Gen:13 Ind:12 RMSE(val)=27.662332
[GA][Iter4] Gen:13 Ind:13 RMSE(val)=28.396422
[GA][Iter4] Gen:13 Ind:14 RMSE(val)=27.902365
[GA][Iter4] Gen:13 Ind:15 RMSE(val)=27.807023
[GA][Iter4] Gen:13 Ind:16 RMSE(val)=27.814026
[GA][Iter4] Gen:13 Ind:17 RMSE(val)=27.662332
[GA][Iter4] Gen:13 Ind:18 RMSE(val)=28.244652
[GA][Iter4] Gen:13 Ind:19 RMSE(val)=27.697602
[GA][Iter4] Gen:13 Ind:20 RMSE(val)=27.696602
[GA][Iter4] gen=13 best_val_rmse=27.662332
[GA][Iter4] Gen:14 Ind:1 RMSE(val)=27.662332
[GA][Iter4] Gen:14 Ind:2 RMSE(val)=27.662332
[GA][Iter4] Gen:14 Ind:3 RMSE(val)=27.662332
[GA][Iter4] Gen:14 Ind:4 RMSE(val)=27.681871
[GA][Iter4] Gen:14 Ind:5 RMSE(val)=27.681871
[GA][Iter4] Gen:14 Ind:6 RMSE(val)=27.681871
[GA][Iter4] Gen:14 Ind:7 RMSE(val)=27.681871
[GA][Iter4] Gen:14 Ind:8 RMSE(val)=27.684918
[GA][Iter4] Gen:14 Ind:9 RMSE(val)=27.696602
[GA][Iter4] Gen:14 Ind:10 RMSE(val)=27.697602
[GA][Iter4] Gen:14 Ind:11 RMSE(val)=27.680849
[GA][Iter4] Gen:14 Ind:12 RMSE(val)=28.488428
[GA][Iter4] Gen:14 Ind:13 RMSE(val)=27.662332
[GA][Iter4] Gen:14 Ind:14 RMSE(val)=27.685487
[GA][Iter4] Gen:14 Ind:15 RMSE(val)=27.696602
[GA][Iter4] Gen:14 Ind:16 RMSE(val)=27.697602
[GA][Iter4] Gen:14 Ind:17 RMSE(val)=27.681871
[GA][Iter4] Gen:14 Ind:18 RMSE(val)=27.696602
[GA][Iter4] Gen:14 Ind:19 RMSE(val)=27.814026
[GA][Iter4] Gen:14 Ind:20 RMSE(val)=27.681871
[GA][Iter4] gen=14 best_val_rmse=27.662332
[GA][Iter4] Gen:15 Ind:1 RMSE(val)=27.662332
[GA][Iter4] Gen:15 Ind:2 RMSE(val)=27.662332
[GA][Iter4] Gen:15 Ind:3 RMSE(val)=27.662332
[GA][Iter4] Gen:15 Ind:4 RMSE(val)=27.662332
[GA][Iter4] Gen:15 Ind:5 RMSE(val)=27.680849
[GA][Iter4] Gen:15 Ind:6 RMSE(val)=27.681871
[GA][Iter4] Gen:15 Ind:7 RMSE(val)=27.681871
[GA][Iter4] Gen:15 Ind:8 RMSE(val)=27.681871
[GA][Iter4] Gen:15 Ind:9 RMSE(val)=27.681871
[GA][Iter4] Gen:15 Ind:10 RMSE(val)=27.681871
[GA][Iter4] Gen:15 Ind:11 RMSE(val)=27.680849
[GA][Iter4] Gen:15 Ind:12 RMSE(val)=27.662332
[GA][Iter4] Gen:15 Ind:13 RMSE(val)=27.686049
[GA][Iter4] Gen:15 Ind:14 RMSE(val)=27.681871
[GA][Iter4] Gen:15 Ind:15 RMSE(val)=27.681871
[GA][Iter4] Gen:15 Ind:16 RMSE(val)=27.681871
[GA][Iter4] Gen:15 Ind:17 RMSE(val)=27.658077
[GA][Iter4] Gen:15 Ind:18 RMSE(val)=28.443519
[GA][Iter4] Gen:15 Ind:19 RMSE(val)=28.214331
[GA][Iter4] Gen:15 Ind:20 RMSE(val)=27.662332
[GA][Iter4] gen=15 best_val_rmse=27.658077
[GA][Iter4] Gen:15 Ind:1 RMSE(val)=27.658077
[GA][Iter4] Gen:15 Ind:2 RMSE(val)=27.662332
[GA][Iter4] Gen:15 Ind:3 RMSE(val)=27.662332
[GA][Iter4] Gen:15 Ind:4 RMSE(val)=27.662332
[GA][Iter4] Gen:15 Ind:5 RMSE(val)=27.662332
[GA][Iter4] Gen:15 Ind:6 RMSE(val)=27.662332
[GA][Iter4] Gen:15 Ind:7 RMSE(val)=27.662332
[GA][Iter4] Gen:15 Ind:8 RMSE(val)=27.680849
[GA][Iter4] Gen:15 Ind:9 RMSE(val)=27.680849
[GA][Iter4] Gen:15 Ind:10 RMSE(val)=27.681871
[GA][Iter4] Gen:15 Ind:11 RMSE(val)=27.662332
[GA][Iter4] Gen:15 Ind:12 RMSE(val)=27.658077
[GA][Iter4] Gen:15 Ind:13 RMSE(val)=27.662332
[GA][Iter4] Gen:15 Ind:14 RMSE(val)=27.658077
[GA][Iter4] Gen:15 Ind:15 RMSE(val)=27.662332
[GA][Iter4] Gen:15 Ind:16 RMSE(val)=27.662332
[GA][Iter4] Gen:15 Ind:17 RMSE(val)=27.662332
[GA][Iter4] Gen:15 Ind:18 RMSE(val)=27.641486
[GA][Iter4] Gen:15 Ind:19 RMSE(val)=27.679775
[GA][Iter4] Gen:15 Ind:20 RMSE(val)=27.658077

[GA DONE][Iter4] Best params on val fold of Iter4
Best val RMSE: 27.641486
Best params: {'n_estimators': 936, 'max_depth': 12, 'min_samples_split': 11, 'min_samples_leaf': 1, 'max_features': None, 'bootstrap': False}
--------------------------------------------------------------------------------
[RETUNE GA] Iter4: train folds 1..8 -> test fold 9  RMSE=39.549038  NRMSE=0.767070  CVRMSE=0.354170  R2=0.405209
[GA][Iter5] Gen:1 Ind:1 RMSE(val)=37.797053
[GA][Iter5] Gen:1 Ind:2 RMSE(val)=34.631528
[GA][Iter5] Gen:1 Ind:3 RMSE(val)=32.890906
[GA][Iter5] Gen:1 Ind:4 RMSE(val)=32.289416
[GA][Iter5] Gen:1 Ind:5 RMSE(val)=33.902947
[GA][Iter5] Gen:1 Ind:6 RMSE(val)=33.137014
[GA][Iter5] Gen:1 Ind:7 RMSE(val)=32.984003
[GA][Iter5] Gen:1 Ind:8 RMSE(val)=33.505817
[GA][Iter5] Gen:1 Ind:9 RMSE(val)=33.446299
[GA][Iter5] Gen:1 Ind:10 RMSE(val)=32.575817
[GA][Iter5] Gen:1 Ind:11 RMSE(val)=32.357677
[GA][Iter5] Gen:1 Ind:12 RMSE(val)=33.745693
[GA][Iter5] Gen:1 Ind:13 RMSE(val)=33.188198
[GA][Iter5] Gen:1 Ind:14 RMSE(val)=32.290792
[GA][Iter5] Gen:1 Ind:15 RMSE(val)=31.575761
[GA][Iter5] Gen:1 Ind:16 RMSE(val)=32.478476
[GA][Iter5] Gen:1 Ind:17 RMSE(val)=33.423365
[GA][Iter5] Gen:1 Ind:18 RMSE(val)=32.026113
[GA][Iter5] Gen:1 Ind:19 RMSE(val)=34.260354
[GA][Iter5] Gen:1 Ind:20 RMSE(val)=36.970192
[GA][Iter5] gen=1 best_val_rmse=31.575761
[GA][Iter5] Gen:2 Ind:1 RMSE(val)=31.575761
[GA][Iter5] Gen:2 Ind:2 RMSE(val)=32.026113
[GA][Iter5] Gen:2 Ind:3 RMSE(val)=32.289416
[GA][Iter5] Gen:2 Ind:4 RMSE(val)=32.290792
[GA][Iter5] Gen:2 Ind:5 RMSE(val)=32.357677
[GA][Iter5] Gen:2 Ind:6 RMSE(val)=32.478476
[GA][Iter5] Gen:2 Ind:7 RMSE(val)=32.575817
[GA][Iter5] Gen:2 Ind:8 RMSE(val)=32.890906
[GA][Iter5] Gen:2 Ind:9 RMSE(val)=32.984003
[GA][Iter5] Gen:2 Ind:10 RMSE(val)=33.137014
[GA][Iter5] Gen:2 Ind:11 RMSE(val)=32.680219
[GA][Iter5] Gen:2 Ind:12 RMSE(val)=32.245551
[GA][Iter5] Gen:2 Ind:13 RMSE(val)=32.651034
[GA][Iter5] Gen:2 Ind:14 RMSE(val)=32.126021
[GA][Iter5] Gen:2 Ind:15 RMSE(val)=32.890906
[GA][Iter5] Gen:2 Ind:16 RMSE(val)=32.290792
[GA][Iter5] Gen:2 Ind:17 RMSE(val)=33.124418
[GA][Iter5] Gen:2 Ind:18 RMSE(val)=31.574134
[GA][Iter5] Gen:2 Ind:19 RMSE(val)=32.910476
[GA][Iter5] Gen:2 Ind:20 RMSE(val)=31.808824
[GA][Iter5] gen=2 best_val_rmse=31.574134
[GA][Iter5] Gen:3 Ind:1 RMSE(val)=31.574134
[GA][Iter5] Gen:3 Ind:2 RMSE(val)=31.575761
[GA][Iter5] Gen:3 Ind:3 RMSE(val)=31.808824
[GA][Iter5] Gen:3 Ind:4 RMSE(val)=32.026113
[GA][Iter5] Gen:3 Ind:5 RMSE(val)=32.126021
[GA][Iter5] Gen:3 Ind:6 RMSE(val)=32.245551
[GA][Iter5] Gen:3 Ind:7 RMSE(val)=32.289416
[GA][Iter5] Gen:3 Ind:8 RMSE(val)=32.290792
[GA][Iter5] Gen:3 Ind:9 RMSE(val)=32.290792
[GA][Iter5] Gen:3 Ind:10 RMSE(val)=32.357677
[GA][Iter5] Gen:3 Ind:11 RMSE(val)=32.026434
[GA][Iter5] Gen:3 Ind:12 RMSE(val)=31.826700
[GA][Iter5] Gen:3 Ind:13 RMSE(val)=32.627826
[GA][Iter5] Gen:3 Ind:14 RMSE(val)=31.785106
[GA][Iter5] Gen:3 Ind:15 RMSE(val)=31.808824
[GA][Iter5] Gen:3 Ind:16 RMSE(val)=31.574134
[GA][Iter5] Gen:3 Ind:17 RMSE(val)=32.558873
[GA][Iter5] Gen:3 Ind:18 RMSE(val)=31.621616
[GA][Iter5] Gen:3 Ind:19 RMSE(val)=31.619919
[GA][Iter5] Gen:3 Ind:20 RMSE(val)=32.185067
[GA][Iter5] gen=3 best_val_rmse=31.574134
[GA][Iter5] Gen:4 Ind:1 RMSE(val)=31.574134
[GA][Iter5] Gen:4 Ind:2 RMSE(val)=31.574134
[GA][Iter5] Gen:4 Ind:3 RMSE(val)=31.575761
[GA][Iter5] Gen:4 Ind:4 RMSE(val)=31.619919
[GA][Iter5] Gen:4 Ind:5 RMSE(val)=31.621616
[GA][Iter5] Gen:4 Ind:6 RMSE(val)=31.785106
[GA][Iter5] Gen:4 Ind:7 RMSE(val)=31.808824
[GA][Iter5] Gen:4 Ind:8 RMSE(val)=31.808824
[GA][Iter5] Gen:4 Ind:9 RMSE(val)=31.826700
[GA][Iter5] Gen:4 Ind:10 RMSE(val)=32.026113
[GA][Iter5] Gen:4 Ind:11 RMSE(val)=31.667385
[GA][Iter5] Gen:4 Ind:12 RMSE(val)=31.724009
[GA][Iter5] Gen:4 Ind:13 RMSE(val)=31.575761
[GA][Iter5] Gen:4 Ind:14 RMSE(val)=31.785106
[GA][Iter5] Gen:4 Ind:15 RMSE(val)=31.575761
[GA][Iter5] Gen:4 Ind:16 RMSE(val)=31.575761
[GA][Iter5] Gen:4 Ind:17 RMSE(val)=32.344902
[GA][Iter5] Gen:4 Ind:18 RMSE(val)=31.808824
[GA][Iter5] Gen:4 Ind:19 RMSE(val)=31.575761
[GA][Iter5] Gen:4 Ind:20 RMSE(val)=32.170172
[GA][Iter5] gen=4 best_val_rmse=31.574134
[GA][Iter5] Gen:5 Ind:1 RMSE(val)=31.574134
[GA][Iter5] Gen:5 Ind:2 RMSE(val)=31.574134
[GA][Iter5] Gen:5 Ind:3 RMSE(val)=31.575761
[GA][Iter5] Gen:5 Ind:4 RMSE(val)=31.575761
[GA][Iter5] Gen:5 Ind:5 RMSE(val)=31.575761
[GA][Iter5] Gen:5 Ind:6 RMSE(val)=31.575761
[GA][Iter5] Gen:5 Ind:7 RMSE(val)=31.575761
[GA][Iter5] Gen:5 Ind:8 RMSE(val)=31.619919
[GA][Iter5] Gen:5 Ind:9 RMSE(val)=31.621616
[GA][Iter5] Gen:5 Ind:10 RMSE(val)=31.667385
[GA][Iter5] Gen:5 Ind:11 RMSE(val)=31.575761
[GA][Iter5] Gen:5 Ind:12 RMSE(val)=31.575761
[GA][Iter5] Gen:5 Ind:13 RMSE(val)=31.893653
[GA][Iter5] Gen:5 Ind:14 RMSE(val)=31.621616
[GA][Iter5] Gen:5 Ind:15 RMSE(val)=31.574134
[GA][Iter5] Gen:5 Ind:16 RMSE(val)=31.619919
[GA][Iter5] Gen:5 Ind:17 RMSE(val)=31.572896
[GA][Iter5] Gen:5 Ind:18 RMSE(val)=31.667385
[GA][Iter5] Gen:5 Ind:19 RMSE(val)=32.344902
[GA][Iter5] Gen:5 Ind:20 RMSE(val)=31.621616
[GA][Iter5] gen=5 best_val_rmse=31.572896
[GA][Iter5] Gen:6 Ind:1 RMSE(val)=31.572896
[GA][Iter5] Gen:6 Ind:2 RMSE(val)=31.574134
[GA][Iter5] Gen:6 Ind:3 RMSE(val)=31.574134
[GA][Iter5] Gen:6 Ind:4 RMSE(val)=31.574134
[GA][Iter5] Gen:6 Ind:5 RMSE(val)=31.575761
[GA][Iter5] Gen:6 Ind:6 RMSE(val)=31.575761
[GA][Iter5] Gen:6 Ind:7 RMSE(val)=31.575761
[GA][Iter5] Gen:6 Ind:8 RMSE(val)=31.575761
[GA][Iter5] Gen:6 Ind:9 RMSE(val)=31.575761
[GA][Iter5] Gen:6 Ind:10 RMSE(val)=31.575761
[GA][Iter5] Gen:6 Ind:11 RMSE(val)=31.572896
[GA][Iter5] Gen:6 Ind:12 RMSE(val)=31.572896
[GA][Iter5] Gen:6 Ind:13 RMSE(val)=31.575761
[GA][Iter5] Gen:6 Ind:14 RMSE(val)=31.574134
[GA][Iter5] Gen:6 Ind:15 RMSE(val)=31.575761
[GA][Iter5] Gen:6 Ind:16 RMSE(val)=31.575761
[GA][Iter5] Gen:6 Ind:17 RMSE(val)=31.574134
[GA][Iter5] Gen:6 Ind:18 RMSE(val)=31.572896
[GA][Iter5] Gen:6 Ind:19 RMSE(val)=31.575761
[GA][Iter5] Gen:6 Ind:20 RMSE(val)=39.822166
[GA][Iter5] gen=6 best_val_rmse=31.572896
[GA][Iter5] Gen:7 Ind:1 RMSE(val)=31.572896
[GA][Iter5] Gen:7 Ind:2 RMSE(val)=31.572896
[GA][Iter5] Gen:7 Ind:3 RMSE(val)=31.572896
[GA][Iter5] Gen:7 Ind:4 RMSE(val)=31.572896
[GA][Iter5] Gen:7 Ind:5 RMSE(val)=31.574134
[GA][Iter5] Gen:7 Ind:6 RMSE(val)=31.574134
[GA][Iter5] Gen:7 Ind:7 RMSE(val)=31.574134
[GA][Iter5] Gen:7 Ind:8 RMSE(val)=31.574134
[GA][Iter5] Gen:7 Ind:9 RMSE(val)=31.574134
[GA][Iter5] Gen:7 Ind:10 RMSE(val)=31.575761
[GA][Iter5] Gen:7 Ind:11 RMSE(val)=32.228987
[GA][Iter5] Gen:7 Ind:12 RMSE(val)=31.574134
[GA][Iter5] Gen:7 Ind:13 RMSE(val)=31.572896
[GA][Iter5] Gen:7 Ind:14 RMSE(val)=31.574134
[GA][Iter5] Gen:7 Ind:15 RMSE(val)=31.574134
[GA][Iter5] Gen:7 Ind:16 RMSE(val)=31.574134
[GA][Iter5] Gen:7 Ind:17 RMSE(val)=31.575761
[GA][Iter5] Gen:7 Ind:18 RMSE(val)=31.572896
[GA][Iter5] Gen:7 Ind:19 RMSE(val)=31.572896
[GA][Iter5] Gen:7 Ind:20 RMSE(val)=31.572896
[GA][Iter5] gen=7 best_val_rmse=31.572896
[GA][Iter5] Gen:8 Ind:1 RMSE(val)=31.572896
[GA][Iter5] Gen:8 Ind:2 RMSE(val)=31.572896
[GA][Iter5] Gen:8 Ind:3 RMSE(val)=31.572896
[GA][Iter5] Gen:8 Ind:4 RMSE(val)=31.572896
[GA][Iter5] Gen:8 Ind:5 RMSE(val)=31.572896
[GA][Iter5] Gen:8 Ind:6 RMSE(val)=31.572896
[GA][Iter5] Gen:8 Ind:7 RMSE(val)=31.572896
[GA][Iter5] Gen:8 Ind:8 RMSE(val)=31.572896
[GA][Iter5] Gen:8 Ind:9 RMSE(val)=31.574134
[GA][Iter5] Gen:8 Ind:10 RMSE(val)=31.574134
[GA][Iter5] Gen:8 Ind:11 RMSE(val)=31.572896
[GA][Iter5] Gen:8 Ind:12 RMSE(val)=31.572896
[GA][Iter5] Gen:8 Ind:13 RMSE(val)=31.572896
[GA][Iter5] Gen:8 Ind:14 RMSE(val)=31.593042
[GA][Iter5] Gen:8 Ind:15 RMSE(val)=31.572896
[GA][Iter5] Gen:8 Ind:16 RMSE(val)=31.625866
[GA][Iter5] Gen:8 Ind:17 RMSE(val)=31.572896
[GA][Iter5] Gen:8 Ind:18 RMSE(val)=31.619919
[GA][Iter5] Gen:8 Ind:19 RMSE(val)=31.572896
[GA][Iter5] Gen:8 Ind:20 RMSE(val)=31.572896
[GA][Iter5] gen=8 best_val_rmse=31.572896
[GA][Iter5] Gen:9 Ind:1 RMSE(val)=31.572896
[GA][Iter5] Gen:9 Ind:2 RMSE(val)=31.572896
[GA][Iter5] Gen:9 Ind:3 RMSE(val)=31.572896
[GA][Iter5] Gen:9 Ind:4 RMSE(val)=31.572896
[GA][Iter5] Gen:9 Ind:5 RMSE(val)=31.572896
[GA][Iter5] Gen:9 Ind:6 RMSE(val)=31.572896
[GA][Iter5] Gen:9 Ind:7 RMSE(val)=31.572896
[GA][Iter5] Gen:9 Ind:8 RMSE(val)=31.572896
[GA][Iter5] Gen:9 Ind:9 RMSE(val)=31.572896
[GA][Iter5] Gen:9 Ind:10 RMSE(val)=31.572896
[GA][Iter5] Gen:9 Ind:11 RMSE(val)=31.572896
[GA][Iter5] Gen:9 Ind:12 RMSE(val)=31.738460
[GA][Iter5] Gen:9 Ind:13 RMSE(val)=31.627675
[GA][Iter5] Gen:9 Ind:14 RMSE(val)=31.572896
[GA][Iter5] Gen:9 Ind:15 RMSE(val)=39.822166
[GA][Iter5] Gen:9 Ind:16 RMSE(val)=31.991819
[GA][Iter5] Gen:9 Ind:17 RMSE(val)=31.619919
[GA][Iter5] Gen:9 Ind:18 RMSE(val)=31.572896
[GA][Iter5] Gen:9 Ind:19 RMSE(val)=31.572896
[GA][Iter5] Gen:9 Ind:20 RMSE(val)=31.572896
[GA][Iter5] gen=9 best_val_rmse=31.572896
[GA][Iter5] Gen:10 Ind:1 RMSE(val)=31.572896
[GA][Iter5] Gen:10 Ind:2 RMSE(val)=31.572896
[GA][Iter5] Gen:10 Ind:3 RMSE(val)=31.572896
[GA][Iter5] Gen:10 Ind:4 RMSE(val)=31.572896
[GA][Iter5] Gen:10 Ind:5 RMSE(val)=31.572896
[GA][Iter5] Gen:10 Ind:6 RMSE(val)=31.572896
[GA][Iter5] Gen:10 Ind:7 RMSE(val)=31.572896
[GA][Iter5] Gen:10 Ind:8 RMSE(val)=31.572896
[GA][Iter5] Gen:10 Ind:9 RMSE(val)=31.572896
[GA][Iter5] Gen:10 Ind:10 RMSE(val)=31.572896
[GA][Iter5] Gen:10 Ind:11 RMSE(val)=31.572896
[GA][Iter5] Gen:10 Ind:12 RMSE(val)=31.572896
[GA][Iter5] Gen:10 Ind:13 RMSE(val)=31.572896
[GA][Iter5] Gen:10 Ind:14 RMSE(val)=31.572896
[GA][Iter5] Gen:10 Ind:15 RMSE(val)=31.572896
[GA][Iter5] Gen:10 Ind:16 RMSE(val)=31.667385
[GA][Iter5] Gen:10 Ind:17 RMSE(val)=31.572896
[GA][Iter5] Gen:10 Ind:18 RMSE(val)=31.572896
[GA][Iter5] Gen:10 Ind:19 RMSE(val)=31.572896
[GA][Iter5] Gen:10 Ind:20 RMSE(val)=31.572896
[GA][Iter5] gen=10 best_val_rmse=31.572896
[GA][Iter5] Gen:11 Ind:1 RMSE(val)=31.572896
[GA][Iter5] Gen:11 Ind:2 RMSE(val)=31.572896
[GA][Iter5] Gen:11 Ind:3 RMSE(val)=31.572896
[GA][Iter5] Gen:11 Ind:4 RMSE(val)=31.572896
[GA][Iter5] Gen:11 Ind:5 RMSE(val)=31.572896
[GA][Iter5] Gen:11 Ind:6 RMSE(val)=31.572896
[GA][Iter5] Gen:11 Ind:7 RMSE(val)=31.572896
[GA][Iter5] Gen:11 Ind:8 RMSE(val)=31.572896
[GA][Iter5] Gen:11 Ind:9 RMSE(val)=31.572896
[GA][Iter5] Gen:11 Ind:10 RMSE(val)=31.572896
[GA][Iter5] Gen:11 Ind:11 RMSE(val)=31.572896
[GA][Iter5] Gen:11 Ind:12 RMSE(val)=31.572896
[GA][Iter5] Gen:11 Ind:13 RMSE(val)=31.572896
[GA][Iter5] Gen:11 Ind:14 RMSE(val)=31.572896
[GA][Iter5] Gen:11 Ind:15 RMSE(val)=31.585792
[GA][Iter5] Gen:11 Ind:16 RMSE(val)=31.572896
[GA][Iter5] Gen:11 Ind:17 RMSE(val)=31.572896
[GA][Iter5] Gen:11 Ind:18 RMSE(val)=31.572896
[GA][Iter5] Gen:11 Ind:19 RMSE(val)=31.572896
[GA][Iter5] Gen:11 Ind:20 RMSE(val)=31.572896
[GA][Iter5] gen=11 best_val_rmse=31.572896
[GA][Iter5] Gen:12 Ind:1 RMSE(val)=31.572896
[GA][Iter5] Gen:12 Ind:2 RMSE(val)=31.572896
[GA][Iter5] Gen:12 Ind:3 RMSE(val)=31.572896
[GA][Iter5] Gen:12 Ind:4 RMSE(val)=31.572896
[GA][Iter5] Gen:12 Ind:5 RMSE(val)=31.572896
[GA][Iter5] Gen:12 Ind:6 RMSE(val)=31.572896
[GA][Iter5] Gen:12 Ind:7 RMSE(val)=31.572896
[GA][Iter5] Gen:12 Ind:8 RMSE(val)=31.572896
[GA][Iter5] Gen:12 Ind:9 RMSE(val)=31.572896
[GA][Iter5] Gen:12 Ind:10 RMSE(val)=31.572896
[GA][Iter5] Gen:12 Ind:11 RMSE(val)=31.572896
[GA][Iter5] Gen:12 Ind:12 RMSE(val)=31.572896
[GA][Iter5] Gen:12 Ind:13 RMSE(val)=31.572896
[GA][Iter5] Gen:12 Ind:14 RMSE(val)=31.572896
[GA][Iter5] Gen:12 Ind:15 RMSE(val)=31.572896
[GA][Iter5] Gen:12 Ind:16 RMSE(val)=31.572896
[GA][Iter5] Gen:12 Ind:17 RMSE(val)=31.625866
[GA][Iter5] Gen:12 Ind:18 RMSE(val)=31.572896
[GA][Iter5] Gen:12 Ind:19 RMSE(val)=31.572896
[GA][Iter5] Gen:12 Ind:20 RMSE(val)=31.591399
[GA][Iter5] gen=12 best_val_rmse=31.572896
[GA][Iter5] Gen:13 Ind:1 RMSE(val)=31.572896
[GA][Iter5] Gen:13 Ind:2 RMSE(val)=31.572896
[GA][Iter5] Gen:13 Ind:3 RMSE(val)=31.572896
[GA][Iter5] Gen:13 Ind:4 RMSE(val)=31.572896
[GA][Iter5] Gen:13 Ind:5 RMSE(val)=31.572896
[GA][Iter5] Gen:13 Ind:6 RMSE(val)=31.572896
[GA][Iter5] Gen:13 Ind:7 RMSE(val)=31.572896
[GA][Iter5] Gen:13 Ind:8 RMSE(val)=31.572896
[GA][Iter5] Gen:13 Ind:9 RMSE(val)=31.572896
[GA][Iter5] Gen:13 Ind:10 RMSE(val)=31.572896
[GA][Iter5] Gen:13 Ind:11 RMSE(val)=31.572896
[GA][Iter5] Gen:13 Ind:12 RMSE(val)=31.572896
[GA][Iter5] Gen:13 Ind:13 RMSE(val)=31.572896
[GA][Iter5] Gen:13 Ind:14 RMSE(val)=31.572896
[GA][Iter5] Gen:13 Ind:15 RMSE(val)=31.572896
[GA][Iter5] Gen:13 Ind:16 RMSE(val)=31.572896
[GA][Iter5] Gen:13 Ind:17 RMSE(val)=31.572896
[GA][Iter5] Gen:13 Ind:18 RMSE(val)=31.572896
[GA][Iter5] Gen:13 Ind:19 RMSE(val)=31.572896
[GA][Iter5] Gen:13 Ind:20 RMSE(val)=31.630927
[GA][Iter5] gen=13 best_val_rmse=31.572896
[GA][Iter5] Gen:14 Ind:1 RMSE(val)=31.572896
[GA][Iter5] Gen:14 Ind:2 RMSE(val)=31.572896
[GA][Iter5] Gen:14 Ind:3 RMSE(val)=31.572896
[GA][Iter5] Gen:14 Ind:4 RMSE(val)=31.572896
[GA][Iter5] Gen:14 Ind:5 RMSE(val)=31.572896
[GA][Iter5] Gen:14 Ind:6 RMSE(val)=31.572896
[GA][Iter5] Gen:14 Ind:7 RMSE(val)=31.572896
[GA][Iter5] Gen:14 Ind:8 RMSE(val)=31.572896
[GA][Iter5] Gen:14 Ind:9 RMSE(val)=31.572896
[GA][Iter5] Gen:14 Ind:10 RMSE(val)=31.572896
[GA][Iter5] Gen:14 Ind:11 RMSE(val)=31.572896
[GA][Iter5] Gen:14 Ind:12 RMSE(val)=31.572896
[GA][Iter5] Gen:14 Ind:13 RMSE(val)=31.572896
[GA][Iter5] Gen:14 Ind:14 RMSE(val)=31.595417
[GA][Iter5] Gen:14 Ind:15 RMSE(val)=31.572896
[GA][Iter5] Gen:14 Ind:16 RMSE(val)=31.572896
[GA][Iter5] Gen:14 Ind:17 RMSE(val)=31.572896
[GA][Iter5] Gen:14 Ind:18 RMSE(val)=31.572896
[GA][Iter5] Gen:14 Ind:19 RMSE(val)=31.619919
[GA][Iter5] Gen:14 Ind:20 RMSE(val)=31.572896
[GA][Iter5] gen=14 best_val_rmse=31.572896
[GA][Iter5] Gen:15 Ind:1 RMSE(val)=31.572896
[GA][Iter5] Gen:15 Ind:2 RMSE(val)=31.572896
[GA][Iter5] Gen:15 Ind:3 RMSE(val)=31.572896
[GA][Iter5] Gen:15 Ind:4 RMSE(val)=31.572896
[GA][Iter5] Gen:15 Ind:5 RMSE(val)=31.572896
[GA][Iter5] Gen:15 Ind:6 RMSE(val)=31.572896
[GA][Iter5] Gen:15 Ind:7 RMSE(val)=31.572896
[GA][Iter5] Gen:15 Ind:8 RMSE(val)=31.572896
[GA][Iter5] Gen:15 Ind:9 RMSE(val)=31.572896
[GA][Iter5] Gen:15 Ind:10 RMSE(val)=31.572896
[GA][Iter5] Gen:15 Ind:11 RMSE(val)=31.572896
[GA][Iter5] Gen:15 Ind:12 RMSE(val)=31.572896
[GA][Iter5] Gen:15 Ind:13 RMSE(val)=31.588762
[GA][Iter5] Gen:15 Ind:14 RMSE(val)=31.572896
[GA][Iter5] Gen:15 Ind:15 RMSE(val)=31.572896
[GA][Iter5] Gen:15 Ind:16 RMSE(val)=31.572896
[GA][Iter5] Gen:15 Ind:17 RMSE(val)=31.572896
[GA][Iter5] Gen:15 Ind:18 RMSE(val)=31.572896
[GA][Iter5] Gen:15 Ind:19 RMSE(val)=31.575761
[GA][Iter5] Gen:15 Ind:20 RMSE(val)=31.572896
[GA][Iter5] gen=15 best_val_rmse=31.572896
[GA][Iter5] Gen:15 Ind:1 RMSE(val)=31.572896
[GA][Iter5] Gen:15 Ind:2 RMSE(val)=31.572896
[GA][Iter5] Gen:15 Ind:3 RMSE(val)=31.572896
[GA][Iter5] Gen:15 Ind:4 RMSE(val)=31.572896
[GA][Iter5] Gen:15 Ind:5 RMSE(val)=31.572896
[GA][Iter5] Gen:15 Ind:6 RMSE(val)=31.572896
[GA][Iter5] Gen:15 Ind:7 RMSE(val)=31.572896
[GA][Iter5] Gen:15 Ind:8 RMSE(val)=31.572896
[GA][Iter5] Gen:15 Ind:9 RMSE(val)=31.572896
[GA][Iter5] Gen:15 Ind:10 RMSE(val)=31.572896
[GA][Iter5] Gen:15 Ind:11 RMSE(val)=31.572896
[GA][Iter5] Gen:15 Ind:12 RMSE(val)=31.572896
[GA][Iter5] Gen:15 Ind:13 RMSE(val)=31.572896
[GA][Iter5] Gen:15 Ind:14 RMSE(val)=31.572896
[GA][Iter5] Gen:15 Ind:15 RMSE(val)=31.572896
[GA][Iter5] Gen:15 Ind:16 RMSE(val)=31.572896
[GA][Iter5] Gen:15 Ind:17 RMSE(val)=31.572896
[GA][Iter5] Gen:15 Ind:18 RMSE(val)=31.991819
[GA][Iter5] Gen:15 Ind:19 RMSE(val)=31.575320
[GA][Iter5] Gen:15 Ind:20 RMSE(val)=31.572896

[GA DONE][Iter5] Best params on val fold of Iter5
Best val RMSE: 31.572896
Best params: {'n_estimators': 846, 'max_depth': 39, 'min_samples_split': 10, 'min_samples_leaf': 1, 'max_features': 'sqrt', 'bootstrap': False}
--------------------------------------------------------------------------------
[RETUNE GA] Iter5: train folds 1..9 -> test fold 10  RMSE=20.547541  NRMSE=0.532724  CVRMSE=0.202643  R2=0.713120
