=== BASELINE (project=daos, last-7 mean, expanding folds) ===
Iter1: train folds 1..5 -> test fold 6  RMSE=1124.3506  NRMSE=0.9023  CVRMSE=0.3906  R˛=0.1843
Iter2: train folds 1..6 -> test fold 7  RMSE=1073.7679  NRMSE=0.9093  CVRMSE=0.4079  R˛=0.1717
Iter3: train folds 1..7 -> test fold 8  RMSE=1103.3863  NRMSE=0.9525  CVRMSE=0.3848  R˛=0.0911
Iter4: train folds 1..8 -> test fold 9  RMSE=1098.0451  NRMSE=0.9484  CVRMSE=0.4267  R˛=0.0988
Iter5: train folds 1..9 -> test fold 10  RMSE=1315.4961  NRMSE=0.9493  CVRMSE=0.4352  R˛=0.0972
--------------------------------------------------
[FEATURES] initial=197 kept_after_screening=127
['issuer_name', 'branch', 'run_attempt', 'total_builds', 'workflow_size', 'gh_sloc', 'total_jobs', 'gh_files_added', 'gh_files_deleted', 'gh_tests_deleted', 'gh_src_files', 'docker_compose_changed', 'git_commits', 'gh_num_pr_comments', 'hour', 'dow', 'month', 'secs_since_prev', 'duration_lag_1', 'duration_lag_4', 'duration_lag_5', 'duration_lag_6', 'duration_lag_7', 'window_avg_7', 'window_std_3', 'ft___04_', 'ft___15_', 'ft___binpb_', 'ft___c_', 'ft___c__', 'ft___conf_', 'ft___conf__', 'ft___config_', 'ft___config__', 'ft___c____dup1', 'ft___default_', 'ft___default__', 'ft___dict_', 'ft___dict__', 'ft___diff_', 'ft___dirs__', 'ft___env_', 'ft___env__', 'ft___example_', 'ft___go___', 'ft___h_', 'ft___h__', 'ft___install_', 'ft___install__', 'ft___j2_', 'ft___md_', 'ft___md__', 'ft___mk_', 'ft___mk__', 'ft___mod__', 'ft___patch_', 'ft___patch__', 'ft___postinst__', 'ft___preinst_', 'ft___proto_', 'ft___proto__', 'ft___py__', 'ft___rpmlintrc__', 'ft___s_', 'ft___sh__', 'ft___sh____dup1', 'ft___spec_', 'ft___sum_', 'ft___sum__', 'ft___supp_', 'ft___supp__', 'ft___toml_', 'ft___txt_', 'ft___xml_', 'ft___yaml_', 'ft___yaml__', 'ft___yaml____dup1', 'ft___yml_', 'ft___yml__', 'ft___yml____dup1', 'ft____04_', 'ft____8_', 'ft____c_', 'ft____c__', 'ft____config_', 'ft____config__', 'ft____dict_', 'ft____dict__', 'ft____dirs__', 'ft____go_', 'ft____go__', 'ft____google_', 'ft____google__', 'ft____h__', 'ft____j2__', 'ft____md_', 'ft____md__', 'ft____mk_', 'ft____mockbuild__', 'ft____mod__', 'ft____patch_', 'ft____patch__', 'ft____proto__', 'ft____py_', 'ft____py__', 'ft____py____dup1', 'ft____rolling_', 'ft____rpmlintrc__', 'ft____sh_', 'ft____sh__', 'ft____spec_', 'ft____spec__', 'ft____supp_', 'ft____supp__', 'ft____test_summary__', 'ft____toml_', 'ft____txt_', 'ft____txt__', 'ft____ubuntu_', 'ft____ubuntu__', 'ft____xml__', 'ft____yaml_', 'ft____yaml__', 'ft____yaml____dup1', 'ft____yml_', 'ft____yml__', 'ft___']
--------------------------------------------------------------------------------
[GA][Iter1] Gen:1 Ind:1 RMSE(val)=61698.041690
[GA][Iter1] Gen:1 Ind:2 RMSE(val)=61699.155060
[GA][Iter1] Gen:1 Ind:3 RMSE(val)=61702.892679
[GA][Iter1] Gen:1 Ind:4 RMSE(val)=61703.461277
[GA][Iter1] Gen:1 Ind:5 RMSE(val)=61706.077719
[GA][Iter1] Gen:1 Ind:6 RMSE(val)=61700.408489
[GA][Iter1] Gen:1 Ind:7 RMSE(val)=61700.699155
[GA][Iter1] Gen:1 Ind:8 RMSE(val)=61702.125420
[GA][Iter1] Gen:1 Ind:9 RMSE(val)=61702.345763
[GA][Iter1] Gen:1 Ind:10 RMSE(val)=61702.808675
[GA][Iter1] Gen:1 Ind:11 RMSE(val)=61704.074541
[GA][Iter1] Gen:1 Ind:12 RMSE(val)=61706.308319
[GA][Iter1] Gen:1 Ind:13 RMSE(val)=61700.135631
[GA][Iter1] Gen:1 Ind:14 RMSE(val)=61703.994799
[GA][Iter1] Gen:1 Ind:15 RMSE(val)=61704.257939
[GA][Iter1] Gen:1 Ind:16 RMSE(val)=61703.337964
[GA][Iter1] Gen:1 Ind:17 RMSE(val)=61699.218153
[GA][Iter1] Gen:1 Ind:18 RMSE(val)=61703.791648
[GA][Iter1] Gen:1 Ind:19 RMSE(val)=61703.170380
[GA][Iter1] Gen:1 Ind:20 RMSE(val)=61704.884869
[GA][Iter1] gen=1 best_val_rmse=61698.041690
[GA][Iter1] Gen:2 Ind:1 RMSE(val)=61698.041690
[GA][Iter1] Gen:2 Ind:2 RMSE(val)=61699.155060
[GA][Iter1] Gen:2 Ind:3 RMSE(val)=61699.218153
[GA][Iter1] Gen:2 Ind:4 RMSE(val)=61700.135631
[GA][Iter1] Gen:2 Ind:5 RMSE(val)=61700.408489
[GA][Iter1] Gen:2 Ind:6 RMSE(val)=61700.699155
[GA][Iter1] Gen:2 Ind:7 RMSE(val)=61702.125420
[GA][Iter1] Gen:2 Ind:8 RMSE(val)=61702.345763
[GA][Iter1] Gen:2 Ind:9 RMSE(val)=61702.808675
[GA][Iter1] Gen:2 Ind:10 RMSE(val)=61702.892679
[GA][Iter1] Gen:2 Ind:11 RMSE(val)=61701.710122
[GA][Iter1] Gen:2 Ind:12 RMSE(val)=61698.971038
[GA][Iter1] Gen:2 Ind:13 RMSE(val)=61702.328681
[GA][Iter1] Gen:2 Ind:14 RMSE(val)=61702.708397
[GA][Iter1] Gen:2 Ind:15 RMSE(val)=61703.149301
[GA][Iter1] Gen:2 Ind:16 RMSE(val)=61700.135631
[GA][Iter1] Gen:2 Ind:17 RMSE(val)=61702.365265
[GA][Iter1] Gen:2 Ind:18 RMSE(val)=61698.192578
[GA][Iter1] Gen:2 Ind:19 RMSE(val)=61700.772877
[GA][Iter1] Gen:2 Ind:20 RMSE(val)=61703.708793
[GA][Iter1] gen=2 best_val_rmse=61698.041690
[GA][Iter1] Gen:3 Ind:1 RMSE(val)=61698.041690
[GA][Iter1] Gen:3 Ind:2 RMSE(val)=61698.192578
[GA][Iter1] Gen:3 Ind:3 RMSE(val)=61698.971038
[GA][Iter1] Gen:3 Ind:4 RMSE(val)=61699.155060
[GA][Iter1] Gen:3 Ind:5 RMSE(val)=61699.218153
[GA][Iter1] Gen:3 Ind:6 RMSE(val)=61700.135631
[GA][Iter1] Gen:3 Ind:7 RMSE(val)=61700.135631
[GA][Iter1] Gen:3 Ind:8 RMSE(val)=61700.408489
[GA][Iter1] Gen:3 Ind:9 RMSE(val)=61700.699155
[GA][Iter1] Gen:3 Ind:10 RMSE(val)=61700.772877
[GA][Iter1] Gen:3 Ind:11 RMSE(val)=61697.985120
[GA][Iter1] Gen:3 Ind:12 RMSE(val)=61699.155060
[GA][Iter1] Gen:3 Ind:13 RMSE(val)=61699.332566
[GA][Iter1] Gen:3 Ind:14 RMSE(val)=61704.121938
[GA][Iter1] Gen:3 Ind:15 RMSE(val)=61696.334460
[GA][Iter1] Gen:3 Ind:16 RMSE(val)=61698.297123
[GA][Iter1] Gen:3 Ind:17 RMSE(val)=61699.354434
[GA][Iter1] Gen:3 Ind:18 RMSE(val)=61701.884144
[GA][Iter1] Gen:3 Ind:19 RMSE(val)=61698.275899
[GA][Iter1] Gen:3 Ind:20 RMSE(val)=61700.699155
[GA][Iter1] gen=3 best_val_rmse=61696.334460
[GA][Iter1] Gen:4 Ind:1 RMSE(val)=61696.334460
[GA][Iter1] Gen:4 Ind:2 RMSE(val)=61697.985120
[GA][Iter1] Gen:4 Ind:3 RMSE(val)=61698.041690
[GA][Iter1] Gen:4 Ind:4 RMSE(val)=61698.192578
[GA][Iter1] Gen:4 Ind:5 RMSE(val)=61698.275899
[GA][Iter1] Gen:4 Ind:6 RMSE(val)=61698.297123
[GA][Iter1] Gen:4 Ind:7 RMSE(val)=61698.971038
[GA][Iter1] Gen:4 Ind:8 RMSE(val)=61699.155060
[GA][Iter1] Gen:4 Ind:9 RMSE(val)=61699.155060
[GA][Iter1] Gen:4 Ind:10 RMSE(val)=61699.218153
[GA][Iter1] Gen:4 Ind:11 RMSE(val)=61696.032919
[GA][Iter1] Gen:4 Ind:12 RMSE(val)=61696.032919
[GA][Iter1] Gen:4 Ind:13 RMSE(val)=61700.600560
[GA][Iter1] Gen:4 Ind:14 RMSE(val)=61698.297123
[GA][Iter1] Gen:4 Ind:15 RMSE(val)=61699.080504
[GA][Iter1] Gen:4 Ind:16 RMSE(val)=61698.041690
[GA][Iter1] Gen:4 Ind:17 RMSE(val)=61698.282719
[GA][Iter1] Gen:4 Ind:18 RMSE(val)=61698.971038
[GA][Iter1] Gen:4 Ind:19 RMSE(val)=61696.604953
[GA][Iter1] Gen:4 Ind:20 RMSE(val)=61698.123651
[GA][Iter1] gen=4 best_val_rmse=61696.032919
[GA][Iter1] Gen:5 Ind:1 RMSE(val)=61696.032919
[GA][Iter1] Gen:5 Ind:2 RMSE(val)=61696.032919
[GA][Iter1] Gen:5 Ind:3 RMSE(val)=61696.334460
[GA][Iter1] Gen:5 Ind:4 RMSE(val)=61696.604953
[GA][Iter1] Gen:5 Ind:5 RMSE(val)=61697.985120
[GA][Iter1] Gen:5 Ind:6 RMSE(val)=61698.041690
[GA][Iter1] Gen:5 Ind:7 RMSE(val)=61698.041690
[GA][Iter1] Gen:5 Ind:8 RMSE(val)=61698.123651
[GA][Iter1] Gen:5 Ind:9 RMSE(val)=61698.192578
[GA][Iter1] Gen:5 Ind:10 RMSE(val)=61698.275899
[GA][Iter1] Gen:5 Ind:11 RMSE(val)=61698.041690
[GA][Iter1] Gen:5 Ind:12 RMSE(val)=61697.985120
[GA][Iter1] Gen:5 Ind:13 RMSE(val)=61697.986236
[GA][Iter1] Gen:5 Ind:14 RMSE(val)=61696.604953
[GA][Iter1] Gen:5 Ind:15 RMSE(val)=61698.093940
[GA][Iter1] Gen:5 Ind:16 RMSE(val)=61698.192578
[GA][Iter1] Gen:5 Ind:17 RMSE(val)=61701.311198
[GA][Iter1] Gen:5 Ind:18 RMSE(val)=61698.275899
[GA][Iter1] Gen:5 Ind:19 RMSE(val)=61698.305614
[GA][Iter1] Gen:5 Ind:20 RMSE(val)=61698.305614
[GA][Iter1] gen=5 best_val_rmse=61696.032919
[GA][Iter1] Gen:6 Ind:1 RMSE(val)=61696.032919
[GA][Iter1] Gen:6 Ind:2 RMSE(val)=61696.032919
[GA][Iter1] Gen:6 Ind:3 RMSE(val)=61696.334460
[GA][Iter1] Gen:6 Ind:4 RMSE(val)=61696.604953
[GA][Iter1] Gen:6 Ind:5 RMSE(val)=61696.604953
[GA][Iter1] Gen:6 Ind:6 RMSE(val)=61697.985120
[GA][Iter1] Gen:6 Ind:7 RMSE(val)=61697.985120
[GA][Iter1] Gen:6 Ind:8 RMSE(val)=61697.986236
[GA][Iter1] Gen:6 Ind:9 RMSE(val)=61698.041690
[GA][Iter1] Gen:6 Ind:10 RMSE(val)=61698.041690
[GA][Iter1] Gen:6 Ind:11 RMSE(val)=61696.334460
[GA][Iter1] Gen:6 Ind:12 RMSE(val)=61698.282719
[GA][Iter1] Gen:6 Ind:13 RMSE(val)=61696.030375
[GA][Iter1] Gen:6 Ind:14 RMSE(val)=61698.104483
[GA][Iter1] Gen:6 Ind:15 RMSE(val)=61698.041690
[GA][Iter1] Gen:6 Ind:16 RMSE(val)=61696.529746
[GA][Iter1] Gen:6 Ind:17 RMSE(val)=61696.030375
[GA][Iter1] Gen:6 Ind:18 RMSE(val)=61696.030375
[GA][Iter1] Gen:6 Ind:19 RMSE(val)=61697.986236
[GA][Iter1] Gen:6 Ind:20 RMSE(val)=61702.842360
[GA][Iter1] gen=6 best_val_rmse=61696.030375
[GA][Iter1] Gen:7 Ind:1 RMSE(val)=61696.030375
[GA][Iter1] Gen:7 Ind:2 RMSE(val)=61696.030375
[GA][Iter1] Gen:7 Ind:3 RMSE(val)=61696.030375
[GA][Iter1] Gen:7 Ind:4 RMSE(val)=61696.032919
[GA][Iter1] Gen:7 Ind:5 RMSE(val)=61696.032919
[GA][Iter1] Gen:7 Ind:6 RMSE(val)=61696.334460
[GA][Iter1] Gen:7 Ind:7 RMSE(val)=61696.334460
[GA][Iter1] Gen:7 Ind:8 RMSE(val)=61696.529746
[GA][Iter1] Gen:7 Ind:9 RMSE(val)=61696.604953
[GA][Iter1] Gen:7 Ind:10 RMSE(val)=61696.604953
[GA][Iter1] Gen:7 Ind:11 RMSE(val)=61696.030375
[GA][Iter1] Gen:7 Ind:12 RMSE(val)=61696.030375
[GA][Iter1] Gen:7 Ind:13 RMSE(val)=61696.529746
[GA][Iter1] Gen:7 Ind:14 RMSE(val)=61696.334460
[GA][Iter1] Gen:7 Ind:15 RMSE(val)=61696.334460
[GA][Iter1] Gen:7 Ind:16 RMSE(val)=61696.529746
[GA][Iter1] Gen:7 Ind:17 RMSE(val)=61696.604953
[GA][Iter1] Gen:7 Ind:18 RMSE(val)=61698.376589
[GA][Iter1] Gen:7 Ind:19 RMSE(val)=61696.030375
[GA][Iter1] Gen:7 Ind:20 RMSE(val)=61696.032919
[GA][Iter1] gen=7 best_val_rmse=61696.030375
[GA][Iter1] Gen:8 Ind:1 RMSE(val)=61696.030375
[GA][Iter1] Gen:8 Ind:2 RMSE(val)=61696.030375
[GA][Iter1] Gen:8 Ind:3 RMSE(val)=61696.030375
[GA][Iter1] Gen:8 Ind:4 RMSE(val)=61696.030375
[GA][Iter1] Gen:8 Ind:5 RMSE(val)=61696.030375
[GA][Iter1] Gen:8 Ind:6 RMSE(val)=61696.030375
[GA][Iter1] Gen:8 Ind:7 RMSE(val)=61696.032919
[GA][Iter1] Gen:8 Ind:8 RMSE(val)=61696.032919
[GA][Iter1] Gen:8 Ind:9 RMSE(val)=61696.032919
[GA][Iter1] Gen:8 Ind:10 RMSE(val)=61696.334460
[GA][Iter1] Gen:8 Ind:11 RMSE(val)=61696.334460
[GA][Iter1] Gen:8 Ind:12 RMSE(val)=61699.080504
[GA][Iter1] Gen:8 Ind:13 RMSE(val)=61696.030375
[GA][Iter1] Gen:8 Ind:14 RMSE(val)=61696.002660
[GA][Iter1] Gen:8 Ind:15 RMSE(val)=61696.312295
[GA][Iter1] Gen:8 Ind:16 RMSE(val)=61696.030375
[GA][Iter1] Gen:8 Ind:17 RMSE(val)=61696.032919
[GA][Iter1] Gen:8 Ind:18 RMSE(val)=61696.172785
[GA][Iter1] Gen:8 Ind:19 RMSE(val)=61696.030375
[GA][Iter1] Gen:8 Ind:20 RMSE(val)=61696.032919
[GA][Iter1] gen=8 best_val_rmse=61696.002660
[GA][Iter1] Gen:9 Ind:1 RMSE(val)=61696.002660
[GA][Iter1] Gen:9 Ind:2 RMSE(val)=61696.030375
[GA][Iter1] Gen:9 Ind:3 RMSE(val)=61696.030375
[GA][Iter1] Gen:9 Ind:4 RMSE(val)=61696.030375
[GA][Iter1] Gen:9 Ind:5 RMSE(val)=61696.030375
[GA][Iter1] Gen:9 Ind:6 RMSE(val)=61696.030375
[GA][Iter1] Gen:9 Ind:7 RMSE(val)=61696.030375
[GA][Iter1] Gen:9 Ind:8 RMSE(val)=61696.030375
[GA][Iter1] Gen:9 Ind:9 RMSE(val)=61696.030375
[GA][Iter1] Gen:9 Ind:10 RMSE(val)=61696.030375
[GA][Iter1] Gen:9 Ind:11 RMSE(val)=61696.030375
[GA][Iter1] Gen:9 Ind:12 RMSE(val)=61696.002660
[GA][Iter1] Gen:9 Ind:13 RMSE(val)=61695.941680
[GA][Iter1] Gen:9 Ind:14 RMSE(val)=61696.030375
[GA][Iter1] Gen:9 Ind:15 RMSE(val)=61702.868975
[GA][Iter1] Gen:9 Ind:16 RMSE(val)=61696.030375
[GA][Iter1] Gen:9 Ind:17 RMSE(val)=61696.172785
[GA][Iter1] Gen:9 Ind:18 RMSE(val)=61696.030375
[GA][Iter1] Gen:9 Ind:19 RMSE(val)=61696.334460
[GA][Iter1] Gen:9 Ind:20 RMSE(val)=61696.030375
[GA][Iter1] gen=9 best_val_rmse=61695.941680
[GA][Iter1] Gen:10 Ind:1 RMSE(val)=61695.941680
[GA][Iter1] Gen:10 Ind:2 RMSE(val)=61696.002660
[GA][Iter1] Gen:10 Ind:3 RMSE(val)=61696.002660
[GA][Iter1] Gen:10 Ind:4 RMSE(val)=61696.030375
[GA][Iter1] Gen:10 Ind:5 RMSE(val)=61696.030375
[GA][Iter1] Gen:10 Ind:6 RMSE(val)=61696.030375
[GA][Iter1] Gen:10 Ind:7 RMSE(val)=61696.030375
[GA][Iter1] Gen:10 Ind:8 RMSE(val)=61696.030375
[GA][Iter1] Gen:10 Ind:9 RMSE(val)=61696.030375
[GA][Iter1] Gen:10 Ind:10 RMSE(val)=61696.030375
[GA][Iter1] Gen:10 Ind:11 RMSE(val)=61696.030375
[GA][Iter1] Gen:10 Ind:12 RMSE(val)=61695.941680
[GA][Iter1] Gen:10 Ind:13 RMSE(val)=61696.002660
[GA][Iter1] Gen:10 Ind:14 RMSE(val)=61696.030375
[GA][Iter1] Gen:10 Ind:15 RMSE(val)=61697.986236
[GA][Iter1] Gen:10 Ind:16 RMSE(val)=61696.226814
[GA][Iter1] Gen:10 Ind:17 RMSE(val)=61696.002660
[GA][Iter1] Gen:10 Ind:18 RMSE(val)=61696.030375
[GA][Iter1] Gen:10 Ind:19 RMSE(val)=61696.030375
[GA][Iter1] Gen:10 Ind:20 RMSE(val)=61696.030375
[GA][Iter1] gen=10 best_val_rmse=61695.941680
[GA][Iter1] Gen:11 Ind:1 RMSE(val)=61695.941680
[GA][Iter1] Gen:11 Ind:2 RMSE(val)=61695.941680
[GA][Iter1] Gen:11 Ind:3 RMSE(val)=61696.002660
[GA][Iter1] Gen:11 Ind:4 RMSE(val)=61696.002660
[GA][Iter1] Gen:11 Ind:5 RMSE(val)=61696.002660
[GA][Iter1] Gen:11 Ind:6 RMSE(val)=61696.002660
[GA][Iter1] Gen:11 Ind:7 RMSE(val)=61696.030375
[GA][Iter1] Gen:11 Ind:8 RMSE(val)=61696.030375
[GA][Iter1] Gen:11 Ind:9 RMSE(val)=61696.030375
[GA][Iter1] Gen:11 Ind:10 RMSE(val)=61696.030375
[GA][Iter1] Gen:11 Ind:11 RMSE(val)=61696.002660
[GA][Iter1] Gen:11 Ind:12 RMSE(val)=61696.002660
[GA][Iter1] Gen:11 Ind:13 RMSE(val)=61696.030375
[GA][Iter1] Gen:11 Ind:14 RMSE(val)=61696.030375
[GA][Iter1] Gen:11 Ind:15 RMSE(val)=61695.965161
[GA][Iter1] Gen:11 Ind:16 RMSE(val)=61696.030375
[GA][Iter1] Gen:11 Ind:17 RMSE(val)=61696.002660
[GA][Iter1] Gen:11 Ind:18 RMSE(val)=61696.002660
[GA][Iter1] Gen:11 Ind:19 RMSE(val)=61695.941680
[GA][Iter1] Gen:11 Ind:20 RMSE(val)=61695.467613
[GA][Iter1] gen=11 best_val_rmse=61695.467613
[GA][Iter1] Gen:12 Ind:1 RMSE(val)=61695.467613
[GA][Iter1] Gen:12 Ind:2 RMSE(val)=61695.941680
[GA][Iter1] Gen:12 Ind:3 RMSE(val)=61695.941680
[GA][Iter1] Gen:12 Ind:4 RMSE(val)=61695.941680
[GA][Iter1] Gen:12 Ind:5 RMSE(val)=61695.965161
[GA][Iter1] Gen:12 Ind:6 RMSE(val)=61696.002660
[GA][Iter1] Gen:12 Ind:7 RMSE(val)=61696.002660
[GA][Iter1] Gen:12 Ind:8 RMSE(val)=61696.002660
[GA][Iter1] Gen:12 Ind:9 RMSE(val)=61696.002660
[GA][Iter1] Gen:12 Ind:10 RMSE(val)=61696.002660
[GA][Iter1] Gen:12 Ind:11 RMSE(val)=61695.941680
[GA][Iter1] Gen:12 Ind:12 RMSE(val)=61696.224300
[GA][Iter1] Gen:12 Ind:13 RMSE(val)=61695.941680
[GA][Iter1] Gen:12 Ind:14 RMSE(val)=61696.002660
[GA][Iter1] Gen:12 Ind:15 RMSE(val)=61695.941680
[GA][Iter1] Gen:12 Ind:16 RMSE(val)=61696.002660
[GA][Iter1] Gen:12 Ind:17 RMSE(val)=61696.002660
[GA][Iter1] Gen:12 Ind:18 RMSE(val)=61695.941680
[GA][Iter1] Gen:12 Ind:19 RMSE(val)=61695.941680
[GA][Iter1] Gen:12 Ind:20 RMSE(val)=61695.561842
[GA][Iter1] gen=12 best_val_rmse=61695.467613
[GA][Iter1] Gen:13 Ind:1 RMSE(val)=61695.467613
[GA][Iter1] Gen:13 Ind:2 RMSE(val)=61695.561842
[GA][Iter1] Gen:13 Ind:3 RMSE(val)=61695.941680
[GA][Iter1] Gen:13 Ind:4 RMSE(val)=61695.941680
[GA][Iter1] Gen:13 Ind:5 RMSE(val)=61695.941680
[GA][Iter1] Gen:13 Ind:6 RMSE(val)=61695.941680
[GA][Iter1] Gen:13 Ind:7 RMSE(val)=61695.941680
[GA][Iter1] Gen:13 Ind:8 RMSE(val)=61695.941680
[GA][Iter1] Gen:13 Ind:9 RMSE(val)=61695.941680
[GA][Iter1] Gen:13 Ind:10 RMSE(val)=61695.941680
[GA][Iter1] Gen:13 Ind:11 RMSE(val)=61695.941680
[GA][Iter1] Gen:13 Ind:12 RMSE(val)=61695.467613
[GA][Iter1] Gen:13 Ind:13 RMSE(val)=61698.132384
[GA][Iter1] Gen:13 Ind:14 RMSE(val)=61695.941680
[GA][Iter1] Gen:13 Ind:15 RMSE(val)=61695.941680
[GA][Iter1] Gen:13 Ind:16 RMSE(val)=61696.224300
[GA][Iter1] Gen:13 Ind:17 RMSE(val)=61695.467613
[GA][Iter1] Gen:13 Ind:18 RMSE(val)=61695.941680
[GA][Iter1] Gen:13 Ind:19 RMSE(val)=61696.030375
[GA][Iter1] Gen:13 Ind:20 RMSE(val)=61695.311296
[GA][Iter1] gen=13 best_val_rmse=61695.311296
[GA][Iter1] Gen:14 Ind:1 RMSE(val)=61695.311296
[GA][Iter1] Gen:14 Ind:2 RMSE(val)=61695.467613
[GA][Iter1] Gen:14 Ind:3 RMSE(val)=61695.467613
[GA][Iter1] Gen:14 Ind:4 RMSE(val)=61695.467613
[GA][Iter1] Gen:14 Ind:5 RMSE(val)=61695.561842
[GA][Iter1] Gen:14 Ind:6 RMSE(val)=61695.941680
[GA][Iter1] Gen:14 Ind:7 RMSE(val)=61695.941680
[GA][Iter1] Gen:14 Ind:8 RMSE(val)=61695.941680
[GA][Iter1] Gen:14 Ind:9 RMSE(val)=61695.941680
[GA][Iter1] Gen:14 Ind:10 RMSE(val)=61695.941680
[GA][Iter1] Gen:14 Ind:11 RMSE(val)=61695.941680
[GA][Iter1] Gen:14 Ind:12 RMSE(val)=61698.979631
[GA][Iter1] Gen:14 Ind:13 RMSE(val)=61695.941680
[GA][Iter1] Gen:14 Ind:14 RMSE(val)=61695.915479
[GA][Iter1] Gen:14 Ind:15 RMSE(val)=61695.941680
[GA][Iter1] Gen:14 Ind:16 RMSE(val)=61695.941680
[GA][Iter1] Gen:14 Ind:17 RMSE(val)=61695.941680
[GA][Iter1] Gen:14 Ind:18 RMSE(val)=61695.598294
[GA][Iter1] Gen:14 Ind:19 RMSE(val)=61695.600037
[GA][Iter1] Gen:14 Ind:20 RMSE(val)=61695.598294
[GA][Iter1] gen=14 best_val_rmse=61695.311296
[GA][Iter1] Gen:15 Ind:1 RMSE(val)=61695.311296
[GA][Iter1] Gen:15 Ind:2 RMSE(val)=61695.467613
[GA][Iter1] Gen:15 Ind:3 RMSE(val)=61695.467613
[GA][Iter1] Gen:15 Ind:4 RMSE(val)=61695.467613
[GA][Iter1] Gen:15 Ind:5 RMSE(val)=61695.561842
[GA][Iter1] Gen:15 Ind:6 RMSE(val)=61695.598294
[GA][Iter1] Gen:15 Ind:7 RMSE(val)=61695.598294
[GA][Iter1] Gen:15 Ind:8 RMSE(val)=61695.600037
[GA][Iter1] Gen:15 Ind:9 RMSE(val)=61695.915479
[GA][Iter1] Gen:15 Ind:10 RMSE(val)=61695.941680
[GA][Iter1] Gen:15 Ind:11 RMSE(val)=61695.561842
[GA][Iter1] Gen:15 Ind:12 RMSE(val)=61695.467613
[GA][Iter1] Gen:15 Ind:13 RMSE(val)=61695.464465
[GA][Iter1] Gen:15 Ind:14 RMSE(val)=61695.960582
[GA][Iter1] Gen:15 Ind:15 RMSE(val)=61695.941680
[GA][Iter1] Gen:15 Ind:16 RMSE(val)=61695.600037
[GA][Iter1] Gen:15 Ind:17 RMSE(val)=61695.598294
[GA][Iter1] Gen:15 Ind:18 RMSE(val)=61696.251757
[GA][Iter1] Gen:15 Ind:19 RMSE(val)=61695.472893
[GA][Iter1] Gen:15 Ind:20 RMSE(val)=61695.311296
[GA][Iter1] gen=15 best_val_rmse=61695.311296
[GA][Iter1] Gen:15 Ind:1 RMSE(val)=61695.311296
[GA][Iter1] Gen:15 Ind:2 RMSE(val)=61695.311296
[GA][Iter1] Gen:15 Ind:3 RMSE(val)=61695.464465
[GA][Iter1] Gen:15 Ind:4 RMSE(val)=61695.467613
[GA][Iter1] Gen:15 Ind:5 RMSE(val)=61695.467613
[GA][Iter1] Gen:15 Ind:6 RMSE(val)=61695.467613
[GA][Iter1] Gen:15 Ind:7 RMSE(val)=61695.467613
[GA][Iter1] Gen:15 Ind:8 RMSE(val)=61695.472893
[GA][Iter1] Gen:15 Ind:9 RMSE(val)=61695.561842
[GA][Iter1] Gen:15 Ind:10 RMSE(val)=61695.561842
[GA][Iter1] Gen:15 Ind:11 RMSE(val)=61695.467613
[GA][Iter1] Gen:15 Ind:12 RMSE(val)=61695.311296
[GA][Iter1] Gen:15 Ind:13 RMSE(val)=61695.467613
[GA][Iter1] Gen:15 Ind:14 RMSE(val)=61695.311296
[GA][Iter1] Gen:15 Ind:15 RMSE(val)=61695.309115
[GA][Iter1] Gen:15 Ind:16 RMSE(val)=61695.467613
[GA][Iter1] Gen:15 Ind:17 RMSE(val)=61695.467613
[GA][Iter1] Gen:15 Ind:18 RMSE(val)=61695.464465
[GA][Iter1] Gen:15 Ind:19 RMSE(val)=61695.525302
[GA][Iter1] Gen:15 Ind:20 RMSE(val)=61695.561842

[GA DONE][Iter1] Best params on val fold of Iter1
Best val RMSE: 61695.309115
Best params: {'n_estimators': 331, 'max_depth': 2, 'min_samples_split': 10, 'min_samples_leaf': 8, 'max_features': 'log2', 'bootstrap': True}
--------------------------------------------------------------------------------
[RETUNE GA] Iter1: train folds 1..5 -> test fold 6  RMSE=1258.126785  NRMSE=1.009667  CVRMSE=0.437067  R2=-0.021304
[GA][Iter2] Gen:1 Ind:1 RMSE(val)=1045.419021
[GA][Iter2] Gen:1 Ind:2 RMSE(val)=1060.597348
[GA][Iter2] Gen:1 Ind:3 RMSE(val)=704.689096
[GA][Iter2] Gen:1 Ind:4 RMSE(val)=912.736397
[GA][Iter2] Gen:1 Ind:5 RMSE(val)=840.917982
[GA][Iter2] Gen:1 Ind:6 RMSE(val)=1007.035543
[GA][Iter2] Gen:1 Ind:7 RMSE(val)=983.057940
[GA][Iter2] Gen:1 Ind:8 RMSE(val)=972.212095
[GA][Iter2] Gen:1 Ind:9 RMSE(val)=944.259964
[GA][Iter2] Gen:1 Ind:10 RMSE(val)=901.876321
[GA][Iter2] Gen:1 Ind:11 RMSE(val)=904.831282
[GA][Iter2] Gen:1 Ind:12 RMSE(val)=706.897789
[GA][Iter2] Gen:1 Ind:13 RMSE(val)=1010.821561
[GA][Iter2] Gen:1 Ind:14 RMSE(val)=892.854609
[GA][Iter2] Gen:1 Ind:15 RMSE(val)=888.321229
[GA][Iter2] Gen:1 Ind:16 RMSE(val)=913.195963
[GA][Iter2] Gen:1 Ind:17 RMSE(val)=1026.071124
[GA][Iter2] Gen:1 Ind:18 RMSE(val)=894.498158
[GA][Iter2] Gen:1 Ind:19 RMSE(val)=708.241821
[GA][Iter2] Gen:1 Ind:20 RMSE(val)=792.148700
[GA][Iter2] gen=1 best_val_rmse=704.689096
[GA][Iter2] Gen:2 Ind:1 RMSE(val)=704.689096
[GA][Iter2] Gen:2 Ind:2 RMSE(val)=706.897789
[GA][Iter2] Gen:2 Ind:3 RMSE(val)=708.241821
[GA][Iter2] Gen:2 Ind:4 RMSE(val)=792.148700
[GA][Iter2] Gen:2 Ind:5 RMSE(val)=840.917982
[GA][Iter2] Gen:2 Ind:6 RMSE(val)=888.321229
[GA][Iter2] Gen:2 Ind:7 RMSE(val)=892.854609
[GA][Iter2] Gen:2 Ind:8 RMSE(val)=894.498158
[GA][Iter2] Gen:2 Ind:9 RMSE(val)=901.876321
[GA][Iter2] Gen:2 Ind:10 RMSE(val)=904.831282
[GA][Iter2] Gen:2 Ind:11 RMSE(val)=705.199366
[GA][Iter2] Gen:2 Ind:12 RMSE(val)=706.249582
[GA][Iter2] Gen:2 Ind:13 RMSE(val)=893.725738
[GA][Iter2] Gen:2 Ind:14 RMSE(val)=705.956310
[GA][Iter2] Gen:2 Ind:15 RMSE(val)=866.435738
[GA][Iter2] Gen:2 Ind:16 RMSE(val)=944.656242
[GA][Iter2] Gen:2 Ind:17 RMSE(val)=901.809146
[GA][Iter2] Gen:2 Ind:18 RMSE(val)=706.517345
[GA][Iter2] Gen:2 Ind:19 RMSE(val)=904.831282
[GA][Iter2] Gen:2 Ind:20 RMSE(val)=702.808388
[GA][Iter2] gen=2 best_val_rmse=702.808388
[GA][Iter2] Gen:3 Ind:1 RMSE(val)=702.808388
[GA][Iter2] Gen:3 Ind:2 RMSE(val)=704.689096
[GA][Iter2] Gen:3 Ind:3 RMSE(val)=705.199366
[GA][Iter2] Gen:3 Ind:4 RMSE(val)=705.956310
[GA][Iter2] Gen:3 Ind:5 RMSE(val)=706.249582
[GA][Iter2] Gen:3 Ind:6 RMSE(val)=706.517345
[GA][Iter2] Gen:3 Ind:7 RMSE(val)=706.897789
[GA][Iter2] Gen:3 Ind:8 RMSE(val)=708.241821
[GA][Iter2] Gen:3 Ind:9 RMSE(val)=792.148700
[GA][Iter2] Gen:3 Ind:10 RMSE(val)=840.917982
[GA][Iter2] Gen:3 Ind:11 RMSE(val)=707.925095
[GA][Iter2] Gen:3 Ind:12 RMSE(val)=705.241200
[GA][Iter2] Gen:3 Ind:13 RMSE(val)=704.219697
[GA][Iter2] Gen:3 Ind:14 RMSE(val)=821.734300
[GA][Iter2] Gen:3 Ind:15 RMSE(val)=705.731553
[GA][Iter2] Gen:3 Ind:16 RMSE(val)=708.364036
[GA][Iter2] Gen:3 Ind:17 RMSE(val)=788.557516
[GA][Iter2] Gen:3 Ind:18 RMSE(val)=704.689096
[GA][Iter2] Gen:3 Ind:19 RMSE(val)=810.630536
[GA][Iter2] Gen:3 Ind:20 RMSE(val)=810.630536
[GA][Iter2] gen=3 best_val_rmse=702.808388
[GA][Iter2] Gen:4 Ind:1 RMSE(val)=702.808388
[GA][Iter2] Gen:4 Ind:2 RMSE(val)=704.219697
[GA][Iter2] Gen:4 Ind:3 RMSE(val)=704.689096
[GA][Iter2] Gen:4 Ind:4 RMSE(val)=704.689096
[GA][Iter2] Gen:4 Ind:5 RMSE(val)=705.199366
[GA][Iter2] Gen:4 Ind:6 RMSE(val)=705.241200
[GA][Iter2] Gen:4 Ind:7 RMSE(val)=705.731553
[GA][Iter2] Gen:4 Ind:8 RMSE(val)=705.956310
[GA][Iter2] Gen:4 Ind:9 RMSE(val)=706.249582
[GA][Iter2] Gen:4 Ind:10 RMSE(val)=706.517345
[GA][Iter2] Gen:4 Ind:11 RMSE(val)=703.823341
[GA][Iter2] Gen:4 Ind:12 RMSE(val)=706.393746
[GA][Iter2] Gen:4 Ind:13 RMSE(val)=704.689096
[GA][Iter2] Gen:4 Ind:14 RMSE(val)=704.772329
[GA][Iter2] Gen:4 Ind:15 RMSE(val)=704.689096
[GA][Iter2] Gen:4 Ind:16 RMSE(val)=702.092437
[GA][Iter2] Gen:4 Ind:17 RMSE(val)=707.060144
[GA][Iter2] Gen:4 Ind:18 RMSE(val)=708.442060
[GA][Iter2] Gen:4 Ind:19 RMSE(val)=704.556875
[GA][Iter2] Gen:4 Ind:20 RMSE(val)=704.689096
[GA][Iter2] gen=4 best_val_rmse=702.092437
[GA][Iter2] Gen:5 Ind:1 RMSE(val)=702.092437
[GA][Iter2] Gen:5 Ind:2 RMSE(val)=702.808388
[GA][Iter2] Gen:5 Ind:3 RMSE(val)=703.823341
[GA][Iter2] Gen:5 Ind:4 RMSE(val)=704.219697
[GA][Iter2] Gen:5 Ind:5 RMSE(val)=704.556875
[GA][Iter2] Gen:5 Ind:6 RMSE(val)=704.689096
[GA][Iter2] Gen:5 Ind:7 RMSE(val)=704.689096
[GA][Iter2] Gen:5 Ind:8 RMSE(val)=704.689096
[GA][Iter2] Gen:5 Ind:9 RMSE(val)=704.689096
[GA][Iter2] Gen:5 Ind:10 RMSE(val)=704.689096
[GA][Iter2] Gen:5 Ind:11 RMSE(val)=703.916092
[GA][Iter2] Gen:5 Ind:12 RMSE(val)=706.791259
[GA][Iter2] Gen:5 Ind:13 RMSE(val)=704.334843
[GA][Iter2] Gen:5 Ind:14 RMSE(val)=708.073460
[GA][Iter2] Gen:5 Ind:15 RMSE(val)=704.687198
[GA][Iter2] Gen:5 Ind:16 RMSE(val)=704.689096
[GA][Iter2] Gen:5 Ind:17 RMSE(val)=702.340131
[GA][Iter2] Gen:5 Ind:18 RMSE(val)=704.689096
[GA][Iter2] Gen:5 Ind:19 RMSE(val)=704.689096
[GA][Iter2] Gen:5 Ind:20 RMSE(val)=704.689096
[GA][Iter2] gen=5 best_val_rmse=702.092437
[GA][Iter2] Gen:6 Ind:1 RMSE(val)=702.092437
[GA][Iter2] Gen:6 Ind:2 RMSE(val)=702.340131
[GA][Iter2] Gen:6 Ind:3 RMSE(val)=702.808388
[GA][Iter2] Gen:6 Ind:4 RMSE(val)=703.823341
[GA][Iter2] Gen:6 Ind:5 RMSE(val)=703.916092
[GA][Iter2] Gen:6 Ind:6 RMSE(val)=704.219697
[GA][Iter2] Gen:6 Ind:7 RMSE(val)=704.334843
[GA][Iter2] Gen:6 Ind:8 RMSE(val)=704.556875
[GA][Iter2] Gen:6 Ind:9 RMSE(val)=704.687198
[GA][Iter2] Gen:6 Ind:10 RMSE(val)=704.689096
[GA][Iter2] Gen:6 Ind:11 RMSE(val)=704.689096
[GA][Iter2] Gen:6 Ind:12 RMSE(val)=703.877324
[GA][Iter2] Gen:6 Ind:13 RMSE(val)=708.073460
[GA][Iter2] Gen:6 Ind:14 RMSE(val)=703.778955
[GA][Iter2] Gen:6 Ind:15 RMSE(val)=705.039194
[GA][Iter2] Gen:6 Ind:16 RMSE(val)=702.092437
[GA][Iter2] Gen:6 Ind:17 RMSE(val)=701.874747
[GA][Iter2] Gen:6 Ind:18 RMSE(val)=702.092437
[GA][Iter2] Gen:6 Ind:19 RMSE(val)=704.556875
[GA][Iter2] Gen:6 Ind:20 RMSE(val)=702.340131
[GA][Iter2] gen=6 best_val_rmse=701.874747
[GA][Iter2] Gen:7 Ind:1 RMSE(val)=701.874747
[GA][Iter2] Gen:7 Ind:2 RMSE(val)=702.092437
[GA][Iter2] Gen:7 Ind:3 RMSE(val)=702.092437
[GA][Iter2] Gen:7 Ind:4 RMSE(val)=702.092437
[GA][Iter2] Gen:7 Ind:5 RMSE(val)=702.340131
[GA][Iter2] Gen:7 Ind:6 RMSE(val)=702.340131
[GA][Iter2] Gen:7 Ind:7 RMSE(val)=702.808388
[GA][Iter2] Gen:7 Ind:8 RMSE(val)=703.778955
[GA][Iter2] Gen:7 Ind:9 RMSE(val)=703.823341
[GA][Iter2] Gen:7 Ind:10 RMSE(val)=703.877324
[GA][Iter2] Gen:7 Ind:11 RMSE(val)=1004.551433
[GA][Iter2] Gen:7 Ind:12 RMSE(val)=702.340131
[GA][Iter2] Gen:7 Ind:13 RMSE(val)=703.816478
[GA][Iter2] Gen:7 Ind:14 RMSE(val)=702.281071
[GA][Iter2] Gen:7 Ind:15 RMSE(val)=703.077072
[GA][Iter2] Gen:7 Ind:16 RMSE(val)=705.608915
[GA][Iter2] Gen:7 Ind:17 RMSE(val)=703.823341
[GA][Iter2] Gen:7 Ind:18 RMSE(val)=702.015293
[GA][Iter2] Gen:7 Ind:19 RMSE(val)=702.320138
[GA][Iter2] Gen:7 Ind:20 RMSE(val)=702.092437
[GA][Iter2] gen=7 best_val_rmse=701.874747
[GA][Iter2] Gen:8 Ind:1 RMSE(val)=701.874747
[GA][Iter2] Gen:8 Ind:2 RMSE(val)=702.015293
[GA][Iter2] Gen:8 Ind:3 RMSE(val)=702.092437
[GA][Iter2] Gen:8 Ind:4 RMSE(val)=702.092437
[GA][Iter2] Gen:8 Ind:5 RMSE(val)=702.092437
[GA][Iter2] Gen:8 Ind:6 RMSE(val)=702.092437
[GA][Iter2] Gen:8 Ind:7 RMSE(val)=702.281071
[GA][Iter2] Gen:8 Ind:8 RMSE(val)=702.320138
[GA][Iter2] Gen:8 Ind:9 RMSE(val)=702.340131
[GA][Iter2] Gen:8 Ind:10 RMSE(val)=702.340131
[GA][Iter2] Gen:8 Ind:11 RMSE(val)=704.822763
[GA][Iter2] Gen:8 Ind:12 RMSE(val)=701.908970
[GA][Iter2] Gen:8 Ind:13 RMSE(val)=702.281071
[GA][Iter2] Gen:8 Ind:14 RMSE(val)=701.809638
[GA][Iter2] Gen:8 Ind:15 RMSE(val)=701.806451
[GA][Iter2] Gen:8 Ind:16 RMSE(val)=703.021852
[GA][Iter2] Gen:8 Ind:17 RMSE(val)=702.320138
[GA][Iter2] Gen:8 Ind:18 RMSE(val)=853.372908
[GA][Iter2] Gen:8 Ind:19 RMSE(val)=701.806451
[GA][Iter2] Gen:8 Ind:20 RMSE(val)=702.320138
[GA][Iter2] gen=8 best_val_rmse=701.806451
[GA][Iter2] Gen:9 Ind:1 RMSE(val)=701.806451
[GA][Iter2] Gen:9 Ind:2 RMSE(val)=701.806451
[GA][Iter2] Gen:9 Ind:3 RMSE(val)=701.809638
[GA][Iter2] Gen:9 Ind:4 RMSE(val)=701.874747
[GA][Iter2] Gen:9 Ind:5 RMSE(val)=701.908970
[GA][Iter2] Gen:9 Ind:6 RMSE(val)=702.015293
[GA][Iter2] Gen:9 Ind:7 RMSE(val)=702.092437
[GA][Iter2] Gen:9 Ind:8 RMSE(val)=702.092437
[GA][Iter2] Gen:9 Ind:9 RMSE(val)=702.092437
[GA][Iter2] Gen:9 Ind:10 RMSE(val)=702.092437
[GA][Iter2] Gen:9 Ind:11 RMSE(val)=702.092437
[GA][Iter2] Gen:9 Ind:12 RMSE(val)=701.806451
[GA][Iter2] Gen:9 Ind:13 RMSE(val)=702.920174
[GA][Iter2] Gen:9 Ind:14 RMSE(val)=702.092437
[GA][Iter2] Gen:9 Ind:15 RMSE(val)=702.281071
[GA][Iter2] Gen:9 Ind:16 RMSE(val)=702.225576
[GA][Iter2] Gen:9 Ind:17 RMSE(val)=849.489474
[GA][Iter2] Gen:9 Ind:18 RMSE(val)=701.806451
[GA][Iter2] Gen:9 Ind:19 RMSE(val)=704.448963
[GA][Iter2] Gen:9 Ind:20 RMSE(val)=702.092437
[GA][Iter2] gen=9 best_val_rmse=701.806451
[GA][Iter2] Gen:10 Ind:1 RMSE(val)=701.806451
[GA][Iter2] Gen:10 Ind:2 RMSE(val)=701.806451
[GA][Iter2] Gen:10 Ind:3 RMSE(val)=701.806451
[GA][Iter2] Gen:10 Ind:4 RMSE(val)=701.806451
[GA][Iter2] Gen:10 Ind:5 RMSE(val)=701.809638
[GA][Iter2] Gen:10 Ind:6 RMSE(val)=701.874747
[GA][Iter2] Gen:10 Ind:7 RMSE(val)=701.908970
[GA][Iter2] Gen:10 Ind:8 RMSE(val)=702.015293
[GA][Iter2] Gen:10 Ind:9 RMSE(val)=702.092437
[GA][Iter2] Gen:10 Ind:10 RMSE(val)=702.092437
[GA][Iter2] Gen:10 Ind:11 RMSE(val)=701.874747
[GA][Iter2] Gen:10 Ind:12 RMSE(val)=701.806451
[GA][Iter2] Gen:10 Ind:13 RMSE(val)=701.806451
[GA][Iter2] Gen:10 Ind:14 RMSE(val)=701.806451
[GA][Iter2] Gen:10 Ind:15 RMSE(val)=913.486173
[GA][Iter2] Gen:10 Ind:16 RMSE(val)=703.734146
[GA][Iter2] Gen:10 Ind:17 RMSE(val)=701.806451
[GA][Iter2] Gen:10 Ind:18 RMSE(val)=702.092437
[GA][Iter2] Gen:10 Ind:19 RMSE(val)=702.092437
[GA][Iter2] Gen:10 Ind:20 RMSE(val)=701.727132
[GA][Iter2] gen=10 best_val_rmse=701.727132
[GA][Iter2] Gen:11 Ind:1 RMSE(val)=701.727132
[GA][Iter2] Gen:11 Ind:2 RMSE(val)=701.806451
[GA][Iter2] Gen:11 Ind:3 RMSE(val)=701.806451
[GA][Iter2] Gen:11 Ind:4 RMSE(val)=701.806451
[GA][Iter2] Gen:11 Ind:5 RMSE(val)=701.806451
[GA][Iter2] Gen:11 Ind:6 RMSE(val)=701.806451
[GA][Iter2] Gen:11 Ind:7 RMSE(val)=701.806451
[GA][Iter2] Gen:11 Ind:8 RMSE(val)=701.806451
[GA][Iter2] Gen:11 Ind:9 RMSE(val)=701.806451
[GA][Iter2] Gen:11 Ind:10 RMSE(val)=701.809638
[GA][Iter2] Gen:11 Ind:11 RMSE(val)=701.806451
[GA][Iter2] Gen:11 Ind:12 RMSE(val)=701.806451
[GA][Iter2] Gen:11 Ind:13 RMSE(val)=701.806451
[GA][Iter2] Gen:11 Ind:14 RMSE(val)=701.806451
[GA][Iter2] Gen:11 Ind:15 RMSE(val)=701.664931
[GA][Iter2] Gen:11 Ind:16 RMSE(val)=701.806451
[GA][Iter2] Gen:11 Ind:17 RMSE(val)=701.806451
[GA][Iter2] Gen:11 Ind:18 RMSE(val)=701.806451
[GA][Iter2] Gen:11 Ind:19 RMSE(val)=701.727132
[GA][Iter2] Gen:11 Ind:20 RMSE(val)=701.975852
[GA][Iter2] gen=11 best_val_rmse=701.664931
[GA][Iter2] Gen:12 Ind:1 RMSE(val)=701.664931
[GA][Iter2] Gen:12 Ind:2 RMSE(val)=701.727132
[GA][Iter2] Gen:12 Ind:3 RMSE(val)=701.727132
[GA][Iter2] Gen:12 Ind:4 RMSE(val)=701.806451
[GA][Iter2] Gen:12 Ind:5 RMSE(val)=701.806451
[GA][Iter2] Gen:12 Ind:6 RMSE(val)=701.806451
[GA][Iter2] Gen:12 Ind:7 RMSE(val)=701.806451
[GA][Iter2] Gen:12 Ind:8 RMSE(val)=701.806451
[GA][Iter2] Gen:12 Ind:9 RMSE(val)=701.806451
[GA][Iter2] Gen:12 Ind:10 RMSE(val)=701.806451
[GA][Iter2] Gen:12 Ind:11 RMSE(val)=701.727132
[GA][Iter2] Gen:12 Ind:12 RMSE(val)=703.738961
[GA][Iter2] Gen:12 Ind:13 RMSE(val)=701.727132
[GA][Iter2] Gen:12 Ind:14 RMSE(val)=701.806451
[GA][Iter2] Gen:12 Ind:15 RMSE(val)=701.727132
[GA][Iter2] Gen:12 Ind:16 RMSE(val)=701.806451
[GA][Iter2] Gen:12 Ind:17 RMSE(val)=702.263099
[GA][Iter2] Gen:12 Ind:18 RMSE(val)=701.727132
[GA][Iter2] Gen:12 Ind:19 RMSE(val)=701.727132
[GA][Iter2] Gen:12 Ind:20 RMSE(val)=701.663709
[GA][Iter2] gen=12 best_val_rmse=701.663709
[GA][Iter2] Gen:13 Ind:1 RMSE(val)=701.663709
[GA][Iter2] Gen:13 Ind:2 RMSE(val)=701.664931
[GA][Iter2] Gen:13 Ind:3 RMSE(val)=701.727132
[GA][Iter2] Gen:13 Ind:4 RMSE(val)=701.727132
[GA][Iter2] Gen:13 Ind:5 RMSE(val)=701.727132
[GA][Iter2] Gen:13 Ind:6 RMSE(val)=701.727132
[GA][Iter2] Gen:13 Ind:7 RMSE(val)=701.727132
[GA][Iter2] Gen:13 Ind:8 RMSE(val)=701.727132
[GA][Iter2] Gen:13 Ind:9 RMSE(val)=701.727132
[GA][Iter2] Gen:13 Ind:10 RMSE(val)=701.806451
[GA][Iter2] Gen:13 Ind:11 RMSE(val)=701.727132
[GA][Iter2] Gen:13 Ind:12 RMSE(val)=701.663709
[GA][Iter2] Gen:13 Ind:13 RMSE(val)=903.678307
[GA][Iter2] Gen:13 Ind:14 RMSE(val)=701.727132
[GA][Iter2] Gen:13 Ind:15 RMSE(val)=701.806451
[GA][Iter2] Gen:13 Ind:16 RMSE(val)=704.005956
[GA][Iter2] Gen:13 Ind:17 RMSE(val)=701.663709
[GA][Iter2] Gen:13 Ind:18 RMSE(val)=701.727132
[GA][Iter2] Gen:13 Ind:19 RMSE(val)=701.663709
[GA][Iter2] Gen:13 Ind:20 RMSE(val)=702.246986
[GA][Iter2] gen=13 best_val_rmse=701.663709
[GA][Iter2] Gen:14 Ind:1 RMSE(val)=701.663709
[GA][Iter2] Gen:14 Ind:2 RMSE(val)=701.663709
[GA][Iter2] Gen:14 Ind:3 RMSE(val)=701.663709
[GA][Iter2] Gen:14 Ind:4 RMSE(val)=701.663709
[GA][Iter2] Gen:14 Ind:5 RMSE(val)=701.664931
[GA][Iter2] Gen:14 Ind:6 RMSE(val)=701.727132
[GA][Iter2] Gen:14 Ind:7 RMSE(val)=701.727132
[GA][Iter2] Gen:14 Ind:8 RMSE(val)=701.727132
[GA][Iter2] Gen:14 Ind:9 RMSE(val)=701.727132
[GA][Iter2] Gen:14 Ind:10 RMSE(val)=701.727132
[GA][Iter2] Gen:14 Ind:11 RMSE(val)=701.727132
[GA][Iter2] Gen:14 Ind:12 RMSE(val)=701.826957
[GA][Iter2] Gen:14 Ind:13 RMSE(val)=701.727132
[GA][Iter2] Gen:14 Ind:14 RMSE(val)=701.699725
[GA][Iter2] Gen:14 Ind:15 RMSE(val)=701.727132
[GA][Iter2] Gen:14 Ind:16 RMSE(val)=701.727132
[GA][Iter2] Gen:14 Ind:17 RMSE(val)=701.727132
[GA][Iter2] Gen:14 Ind:18 RMSE(val)=701.727132
[GA][Iter2] Gen:14 Ind:19 RMSE(val)=853.826584
[GA][Iter2] Gen:14 Ind:20 RMSE(val)=701.727132
[GA][Iter2] gen=14 best_val_rmse=701.663709
[GA][Iter2] Gen:15 Ind:1 RMSE(val)=701.663709
[GA][Iter2] Gen:15 Ind:2 RMSE(val)=701.663709
[GA][Iter2] Gen:15 Ind:3 RMSE(val)=701.663709
[GA][Iter2] Gen:15 Ind:4 RMSE(val)=701.663709
[GA][Iter2] Gen:15 Ind:5 RMSE(val)=701.664931
[GA][Iter2] Gen:15 Ind:6 RMSE(val)=701.699725
[GA][Iter2] Gen:15 Ind:7 RMSE(val)=701.727132
[GA][Iter2] Gen:15 Ind:8 RMSE(val)=701.727132
[GA][Iter2] Gen:15 Ind:9 RMSE(val)=701.727132
[GA][Iter2] Gen:15 Ind:10 RMSE(val)=701.727132
[GA][Iter2] Gen:15 Ind:11 RMSE(val)=701.664931
[GA][Iter2] Gen:15 Ind:12 RMSE(val)=701.663709
[GA][Iter2] Gen:15 Ind:13 RMSE(val)=701.536755
[GA][Iter2] Gen:15 Ind:14 RMSE(val)=703.606326
[GA][Iter2] Gen:15 Ind:15 RMSE(val)=701.727132
[GA][Iter2] Gen:15 Ind:16 RMSE(val)=701.727132
[GA][Iter2] Gen:15 Ind:17 RMSE(val)=701.699725
[GA][Iter2] Gen:15 Ind:18 RMSE(val)=903.199065
[GA][Iter2] Gen:15 Ind:19 RMSE(val)=703.187053
[GA][Iter2] Gen:15 Ind:20 RMSE(val)=701.663709
[GA][Iter2] gen=15 best_val_rmse=701.536755
[GA][Iter2] Gen:15 Ind:1 RMSE(val)=701.536755
[GA][Iter2] Gen:15 Ind:2 RMSE(val)=701.663709
[GA][Iter2] Gen:15 Ind:3 RMSE(val)=701.663709
[GA][Iter2] Gen:15 Ind:4 RMSE(val)=701.663709
[GA][Iter2] Gen:15 Ind:5 RMSE(val)=701.663709
[GA][Iter2] Gen:15 Ind:6 RMSE(val)=701.663709
[GA][Iter2] Gen:15 Ind:7 RMSE(val)=701.663709
[GA][Iter2] Gen:15 Ind:8 RMSE(val)=701.664931
[GA][Iter2] Gen:15 Ind:9 RMSE(val)=701.664931
[GA][Iter2] Gen:15 Ind:10 RMSE(val)=701.699725
[GA][Iter2] Gen:15 Ind:11 RMSE(val)=701.663709
[GA][Iter2] Gen:15 Ind:12 RMSE(val)=701.536755
[GA][Iter2] Gen:15 Ind:13 RMSE(val)=701.663709
[GA][Iter2] Gen:15 Ind:14 RMSE(val)=701.536755
[GA][Iter2] Gen:15 Ind:15 RMSE(val)=703.732442
[GA][Iter2] Gen:15 Ind:16 RMSE(val)=701.663709
[GA][Iter2] Gen:15 Ind:17 RMSE(val)=701.663709
[GA][Iter2] Gen:15 Ind:18 RMSE(val)=702.054691
[GA][Iter2] Gen:15 Ind:19 RMSE(val)=701.766181
[GA][Iter2] Gen:15 Ind:20 RMSE(val)=701.699725

[GA DONE][Iter2] Best params on val fold of Iter2
Best val RMSE: 701.536755
Best params: {'n_estimators': 422, 'max_depth': 20, 'min_samples_split': 8, 'min_samples_leaf': 4, 'max_features': None, 'bootstrap': True}
--------------------------------------------------------------------------------
[RETUNE GA] Iter2: train folds 1..6 -> test fold 7  RMSE=656.291977  NRMSE=0.555747  CVRMSE=0.249295  R2=0.690577
[GA][Iter3] Gen:1 Ind:1 RMSE(val)=912.971613
[GA][Iter3] Gen:1 Ind:2 RMSE(val)=924.268358
[GA][Iter3] Gen:1 Ind:3 RMSE(val)=655.808125
[GA][Iter3] Gen:1 Ind:4 RMSE(val)=796.236075
[GA][Iter3] Gen:1 Ind:5 RMSE(val)=867.876412
[GA][Iter3] Gen:1 Ind:6 RMSE(val)=877.337783
[GA][Iter3] Gen:1 Ind:7 RMSE(val)=872.047234
[GA][Iter3] Gen:1 Ind:8 RMSE(val)=861.509281
[GA][Iter3] Gen:1 Ind:9 RMSE(val)=831.829125
[GA][Iter3] Gen:1 Ind:10 RMSE(val)=784.250163
[GA][Iter3] Gen:1 Ind:11 RMSE(val)=791.121854
[GA][Iter3] Gen:1 Ind:12 RMSE(val)=683.083725
[GA][Iter3] Gen:1 Ind:13 RMSE(val)=884.626675
[GA][Iter3] Gen:1 Ind:14 RMSE(val)=786.014814
[GA][Iter3] Gen:1 Ind:15 RMSE(val)=767.968460
[GA][Iter3] Gen:1 Ind:16 RMSE(val)=799.579565
[GA][Iter3] Gen:1 Ind:17 RMSE(val)=895.940831
[GA][Iter3] Gen:1 Ind:18 RMSE(val)=779.587900
[GA][Iter3] Gen:1 Ind:19 RMSE(val)=669.466235
[GA][Iter3] Gen:1 Ind:20 RMSE(val)=731.052322
[GA][Iter3] gen=1 best_val_rmse=655.808125
[GA][Iter3] Gen:2 Ind:1 RMSE(val)=655.808125
[GA][Iter3] Gen:2 Ind:2 RMSE(val)=669.466235
[GA][Iter3] Gen:2 Ind:3 RMSE(val)=683.083725
[GA][Iter3] Gen:2 Ind:4 RMSE(val)=731.052322
[GA][Iter3] Gen:2 Ind:5 RMSE(val)=767.968460
[GA][Iter3] Gen:2 Ind:6 RMSE(val)=779.587900
[GA][Iter3] Gen:2 Ind:7 RMSE(val)=784.250163
[GA][Iter3] Gen:2 Ind:8 RMSE(val)=786.014814
[GA][Iter3] Gen:2 Ind:9 RMSE(val)=791.121854
[GA][Iter3] Gen:2 Ind:10 RMSE(val)=796.236075
[GA][Iter3] Gen:2 Ind:11 RMSE(val)=793.302190
[GA][Iter3] Gen:2 Ind:12 RMSE(val)=666.054228
[GA][Iter3] Gen:2 Ind:13 RMSE(val)=777.205416
[GA][Iter3] Gen:2 Ind:14 RMSE(val)=643.455328
[GA][Iter3] Gen:2 Ind:15 RMSE(val)=665.982119
[GA][Iter3] Gen:2 Ind:16 RMSE(val)=824.968120
[GA][Iter3] Gen:2 Ind:17 RMSE(val)=787.902886
[GA][Iter3] Gen:2 Ind:18 RMSE(val)=638.381362
[GA][Iter3] Gen:2 Ind:19 RMSE(val)=796.236075
[GA][Iter3] Gen:2 Ind:20 RMSE(val)=656.384866
[GA][Iter3] gen=2 best_val_rmse=638.381362
[GA][Iter3] Gen:3 Ind:1 RMSE(val)=638.381362
[GA][Iter3] Gen:3 Ind:2 RMSE(val)=643.455328
[GA][Iter3] Gen:3 Ind:3 RMSE(val)=655.808125
[GA][Iter3] Gen:3 Ind:4 RMSE(val)=656.384866
[GA][Iter3] Gen:3 Ind:5 RMSE(val)=665.982119
[GA][Iter3] Gen:3 Ind:6 RMSE(val)=666.054228
[GA][Iter3] Gen:3 Ind:7 RMSE(val)=669.466235
[GA][Iter3] Gen:3 Ind:8 RMSE(val)=683.083725
[GA][Iter3] Gen:3 Ind:9 RMSE(val)=731.052322
[GA][Iter3] Gen:3 Ind:10 RMSE(val)=767.968460
[GA][Iter3] Gen:3 Ind:11 RMSE(val)=655.794962
[GA][Iter3] Gen:3 Ind:12 RMSE(val)=656.384866
[GA][Iter3] Gen:3 Ind:13 RMSE(val)=666.090795
[GA][Iter3] Gen:3 Ind:14 RMSE(val)=731.052322
[GA][Iter3] Gen:3 Ind:15 RMSE(val)=642.567001
[GA][Iter3] Gen:3 Ind:16 RMSE(val)=648.527369
[GA][Iter3] Gen:3 Ind:17 RMSE(val)=665.912277
[GA][Iter3] Gen:3 Ind:18 RMSE(val)=642.982441
[GA][Iter3] Gen:3 Ind:19 RMSE(val)=742.418272
[GA][Iter3] Gen:3 Ind:20 RMSE(val)=742.418272
[GA][Iter3] gen=3 best_val_rmse=638.381362
[GA][Iter3] Gen:4 Ind:1 RMSE(val)=638.381362
[GA][Iter3] Gen:4 Ind:2 RMSE(val)=642.567001
[GA][Iter3] Gen:4 Ind:3 RMSE(val)=642.982441
[GA][Iter3] Gen:4 Ind:4 RMSE(val)=643.455328
[GA][Iter3] Gen:4 Ind:5 RMSE(val)=648.527369
[GA][Iter3] Gen:4 Ind:6 RMSE(val)=655.794962
[GA][Iter3] Gen:4 Ind:7 RMSE(val)=655.808125
[GA][Iter3] Gen:4 Ind:8 RMSE(val)=656.384866
[GA][Iter3] Gen:4 Ind:9 RMSE(val)=656.384866
[GA][Iter3] Gen:4 Ind:10 RMSE(val)=665.912277
[GA][Iter3] Gen:4 Ind:11 RMSE(val)=633.780540
[GA][Iter3] Gen:4 Ind:12 RMSE(val)=655.808125
[GA][Iter3] Gen:4 Ind:13 RMSE(val)=643.813586
[GA][Iter3] Gen:4 Ind:14 RMSE(val)=656.510345
[GA][Iter3] Gen:4 Ind:15 RMSE(val)=655.534159
[GA][Iter3] Gen:4 Ind:16 RMSE(val)=643.076632
[GA][Iter3] Gen:4 Ind:17 RMSE(val)=648.527369
[GA][Iter3] Gen:4 Ind:18 RMSE(val)=655.808125
[GA][Iter3] Gen:4 Ind:19 RMSE(val)=648.067955
[GA][Iter3] Gen:4 Ind:20 RMSE(val)=641.680355
[GA][Iter3] gen=4 best_val_rmse=633.780540
[GA][Iter3] Gen:5 Ind:1 RMSE(val)=633.780540
[GA][Iter3] Gen:5 Ind:2 RMSE(val)=638.381362
[GA][Iter3] Gen:5 Ind:3 RMSE(val)=641.680355
[GA][Iter3] Gen:5 Ind:4 RMSE(val)=642.567001
[GA][Iter3] Gen:5 Ind:5 RMSE(val)=642.982441
[GA][Iter3] Gen:5 Ind:6 RMSE(val)=643.076632
[GA][Iter3] Gen:5 Ind:7 RMSE(val)=643.455328
[GA][Iter3] Gen:5 Ind:8 RMSE(val)=643.813586
[GA][Iter3] Gen:5 Ind:9 RMSE(val)=648.067955
[GA][Iter3] Gen:5 Ind:10 RMSE(val)=648.527369
[GA][Iter3] Gen:5 Ind:11 RMSE(val)=643.076632
[GA][Iter3] Gen:5 Ind:12 RMSE(val)=643.076632
[GA][Iter3] Gen:5 Ind:13 RMSE(val)=636.602650
[GA][Iter3] Gen:5 Ind:14 RMSE(val)=642.567001
[GA][Iter3] Gen:5 Ind:15 RMSE(val)=655.808125
[GA][Iter3] Gen:5 Ind:16 RMSE(val)=643.455328
[GA][Iter3] Gen:5 Ind:17 RMSE(val)=639.100692
[GA][Iter3] Gen:5 Ind:18 RMSE(val)=648.527369
[GA][Iter3] Gen:5 Ind:19 RMSE(val)=648.431776
[GA][Iter3] Gen:5 Ind:20 RMSE(val)=648.067955
[GA][Iter3] gen=5 best_val_rmse=633.780540
[GA][Iter3] Gen:6 Ind:1 RMSE(val)=633.780540
[GA][Iter3] Gen:6 Ind:2 RMSE(val)=636.602650
[GA][Iter3] Gen:6 Ind:3 RMSE(val)=638.381362
[GA][Iter3] Gen:6 Ind:4 RMSE(val)=639.100692
[GA][Iter3] Gen:6 Ind:5 RMSE(val)=641.680355
[GA][Iter3] Gen:6 Ind:6 RMSE(val)=642.567001
[GA][Iter3] Gen:6 Ind:7 RMSE(val)=642.567001
[GA][Iter3] Gen:6 Ind:8 RMSE(val)=642.982441
[GA][Iter3] Gen:6 Ind:9 RMSE(val)=643.076632
[GA][Iter3] Gen:6 Ind:10 RMSE(val)=643.076632
[GA][Iter3] Gen:6 Ind:11 RMSE(val)=638.252996
[GA][Iter3] Gen:6 Ind:12 RMSE(val)=638.252996
[GA][Iter3] Gen:6 Ind:13 RMSE(val)=641.680355
[GA][Iter3] Gen:6 Ind:14 RMSE(val)=643.461896
[GA][Iter3] Gen:6 Ind:15 RMSE(val)=643.076632
[GA][Iter3] Gen:6 Ind:16 RMSE(val)=642.567001
[GA][Iter3] Gen:6 Ind:17 RMSE(val)=636.602650
[GA][Iter3] Gen:6 Ind:18 RMSE(val)=633.780540
[GA][Iter3] Gen:6 Ind:19 RMSE(val)=643.406168
[GA][Iter3] Gen:6 Ind:20 RMSE(val)=636.602650
[GA][Iter3] gen=6 best_val_rmse=633.780540
[GA][Iter3] Gen:7 Ind:1 RMSE(val)=633.780540
[GA][Iter3] Gen:7 Ind:2 RMSE(val)=633.780540
[GA][Iter3] Gen:7 Ind:3 RMSE(val)=636.602650
[GA][Iter3] Gen:7 Ind:4 RMSE(val)=636.602650
[GA][Iter3] Gen:7 Ind:5 RMSE(val)=636.602650
[GA][Iter3] Gen:7 Ind:6 RMSE(val)=638.252996
[GA][Iter3] Gen:7 Ind:7 RMSE(val)=638.252996
[GA][Iter3] Gen:7 Ind:8 RMSE(val)=638.381362
[GA][Iter3] Gen:7 Ind:9 RMSE(val)=639.100692
[GA][Iter3] Gen:7 Ind:10 RMSE(val)=641.680355
[GA][Iter3] Gen:7 Ind:11 RMSE(val)=908.472589
[GA][Iter3] Gen:7 Ind:12 RMSE(val)=633.780540
[GA][Iter3] Gen:7 Ind:13 RMSE(val)=638.284459
[GA][Iter3] Gen:7 Ind:14 RMSE(val)=638.252996
[GA][Iter3] Gen:7 Ind:15 RMSE(val)=638.252996
[GA][Iter3] Gen:7 Ind:16 RMSE(val)=638.541590
[GA][Iter3] Gen:7 Ind:17 RMSE(val)=642.650771
[GA][Iter3] Gen:7 Ind:18 RMSE(val)=639.100692
[GA][Iter3] Gen:7 Ind:19 RMSE(val)=635.781927
[GA][Iter3] Gen:7 Ind:20 RMSE(val)=636.602650
[GA][Iter3] gen=7 best_val_rmse=633.780540
[GA][Iter3] Gen:8 Ind:1 RMSE(val)=633.780540
[GA][Iter3] Gen:8 Ind:2 RMSE(val)=633.780540
[GA][Iter3] Gen:8 Ind:3 RMSE(val)=633.780540
[GA][Iter3] Gen:8 Ind:4 RMSE(val)=635.781927
[GA][Iter3] Gen:8 Ind:5 RMSE(val)=636.602650
[GA][Iter3] Gen:8 Ind:6 RMSE(val)=636.602650
[GA][Iter3] Gen:8 Ind:7 RMSE(val)=636.602650
[GA][Iter3] Gen:8 Ind:8 RMSE(val)=636.602650
[GA][Iter3] Gen:8 Ind:9 RMSE(val)=638.252996
[GA][Iter3] Gen:8 Ind:10 RMSE(val)=638.252996
[GA][Iter3] Gen:8 Ind:11 RMSE(val)=638.252996
[GA][Iter3] Gen:8 Ind:12 RMSE(val)=633.795792
[GA][Iter3] Gen:8 Ind:13 RMSE(val)=635.781927
[GA][Iter3] Gen:8 Ind:14 RMSE(val)=634.146799
[GA][Iter3] Gen:8 Ind:15 RMSE(val)=638.544623
[GA][Iter3] Gen:8 Ind:16 RMSE(val)=636.133414
[GA][Iter3] Gen:8 Ind:17 RMSE(val)=636.602650
[GA][Iter3] Gen:8 Ind:18 RMSE(val)=759.003418
[GA][Iter3] Gen:8 Ind:19 RMSE(val)=635.781927
[GA][Iter3] Gen:8 Ind:20 RMSE(val)=636.602650
[GA][Iter3] gen=8 best_val_rmse=633.780540
[GA][Iter3] Gen:9 Ind:1 RMSE(val)=633.780540
[GA][Iter3] Gen:9 Ind:2 RMSE(val)=633.780540
[GA][Iter3] Gen:9 Ind:3 RMSE(val)=633.780540
[GA][Iter3] Gen:9 Ind:4 RMSE(val)=633.795792
[GA][Iter3] Gen:9 Ind:5 RMSE(val)=634.146799
[GA][Iter3] Gen:9 Ind:6 RMSE(val)=635.781927
[GA][Iter3] Gen:9 Ind:7 RMSE(val)=635.781927
[GA][Iter3] Gen:9 Ind:8 RMSE(val)=635.781927
[GA][Iter3] Gen:9 Ind:9 RMSE(val)=636.133414
[GA][Iter3] Gen:9 Ind:10 RMSE(val)=636.602650
[GA][Iter3] Gen:9 Ind:11 RMSE(val)=635.781927
[GA][Iter3] Gen:9 Ind:12 RMSE(val)=635.795315
[GA][Iter3] Gen:9 Ind:13 RMSE(val)=638.039068
[GA][Iter3] Gen:9 Ind:14 RMSE(val)=633.780540
[GA][Iter3] Gen:9 Ind:15 RMSE(val)=633.780540
[GA][Iter3] Gen:9 Ind:16 RMSE(val)=633.780540
[GA][Iter3] Gen:9 Ind:17 RMSE(val)=758.971395
[GA][Iter3] Gen:9 Ind:18 RMSE(val)=635.781927
[GA][Iter3] Gen:9 Ind:19 RMSE(val)=638.252996
[GA][Iter3] Gen:9 Ind:20 RMSE(val)=635.781927
[GA][Iter3] gen=9 best_val_rmse=633.780540
[GA][Iter3] Gen:10 Ind:1 RMSE(val)=633.780540
[GA][Iter3] Gen:10 Ind:2 RMSE(val)=633.780540
[GA][Iter3] Gen:10 Ind:3 RMSE(val)=633.780540
[GA][Iter3] Gen:10 Ind:4 RMSE(val)=633.780540
[GA][Iter3] Gen:10 Ind:5 RMSE(val)=633.780540
[GA][Iter3] Gen:10 Ind:6 RMSE(val)=633.780540
[GA][Iter3] Gen:10 Ind:7 RMSE(val)=633.795792
[GA][Iter3] Gen:10 Ind:8 RMSE(val)=634.146799
[GA][Iter3] Gen:10 Ind:9 RMSE(val)=635.781927
[GA][Iter3] Gen:10 Ind:10 RMSE(val)=635.781927
[GA][Iter3] Gen:10 Ind:11 RMSE(val)=633.780540
[GA][Iter3] Gen:10 Ind:12 RMSE(val)=633.780540
[GA][Iter3] Gen:10 Ind:13 RMSE(val)=633.780540
[GA][Iter3] Gen:10 Ind:14 RMSE(val)=633.795792
[GA][Iter3] Gen:10 Ind:15 RMSE(val)=825.935684
[GA][Iter3] Gen:10 Ind:16 RMSE(val)=633.765475
[GA][Iter3] Gen:10 Ind:17 RMSE(val)=633.780540
[GA][Iter3] Gen:10 Ind:18 RMSE(val)=635.781927
[GA][Iter3] Gen:10 Ind:19 RMSE(val)=635.781927
[GA][Iter3] Gen:10 Ind:20 RMSE(val)=633.780540
[GA][Iter3] gen=10 best_val_rmse=633.765475
[GA][Iter3] Gen:11 Ind:1 RMSE(val)=633.765475
[GA][Iter3] Gen:11 Ind:2 RMSE(val)=633.780540
[GA][Iter3] Gen:11 Ind:3 RMSE(val)=633.780540
[GA][Iter3] Gen:11 Ind:4 RMSE(val)=633.780540
[GA][Iter3] Gen:11 Ind:5 RMSE(val)=633.780540
[GA][Iter3] Gen:11 Ind:6 RMSE(val)=633.780540
[GA][Iter3] Gen:11 Ind:7 RMSE(val)=633.780540
[GA][Iter3] Gen:11 Ind:8 RMSE(val)=633.780540
[GA][Iter3] Gen:11 Ind:9 RMSE(val)=633.780540
[GA][Iter3] Gen:11 Ind:10 RMSE(val)=633.780540
[GA][Iter3] Gen:11 Ind:11 RMSE(val)=633.780540
[GA][Iter3] Gen:11 Ind:12 RMSE(val)=633.780540
[GA][Iter3] Gen:11 Ind:13 RMSE(val)=633.780540
[GA][Iter3] Gen:11 Ind:14 RMSE(val)=633.780540
[GA][Iter3] Gen:11 Ind:15 RMSE(val)=634.757369
[GA][Iter3] Gen:11 Ind:16 RMSE(val)=633.780540
[GA][Iter3] Gen:11 Ind:17 RMSE(val)=633.780540
[GA][Iter3] Gen:11 Ind:18 RMSE(val)=633.780540
[GA][Iter3] Gen:11 Ind:19 RMSE(val)=634.146799
[GA][Iter3] Gen:11 Ind:20 RMSE(val)=633.799411
[GA][Iter3] gen=11 best_val_rmse=633.765475
[GA][Iter3] Gen:12 Ind:1 RMSE(val)=633.765475
[GA][Iter3] Gen:12 Ind:2 RMSE(val)=633.780540
[GA][Iter3] Gen:12 Ind:3 RMSE(val)=633.780540
[GA][Iter3] Gen:12 Ind:4 RMSE(val)=633.780540
[GA][Iter3] Gen:12 Ind:5 RMSE(val)=633.780540
[GA][Iter3] Gen:12 Ind:6 RMSE(val)=633.780540
[GA][Iter3] Gen:12 Ind:7 RMSE(val)=633.780540
[GA][Iter3] Gen:12 Ind:8 RMSE(val)=633.780540
[GA][Iter3] Gen:12 Ind:9 RMSE(val)=633.780540
[GA][Iter3] Gen:12 Ind:10 RMSE(val)=633.780540
[GA][Iter3] Gen:12 Ind:11 RMSE(val)=633.780540
[GA][Iter3] Gen:12 Ind:12 RMSE(val)=633.780540
[GA][Iter3] Gen:12 Ind:13 RMSE(val)=633.780540
[GA][Iter3] Gen:12 Ind:14 RMSE(val)=633.780540
[GA][Iter3] Gen:12 Ind:15 RMSE(val)=633.780540
[GA][Iter3] Gen:12 Ind:16 RMSE(val)=633.780540
[GA][Iter3] Gen:12 Ind:17 RMSE(val)=633.780540
[GA][Iter3] Gen:12 Ind:18 RMSE(val)=633.780540
[GA][Iter3] Gen:12 Ind:19 RMSE(val)=633.780540
[GA][Iter3] Gen:12 Ind:20 RMSE(val)=634.127766
[GA][Iter3] gen=12 best_val_rmse=633.765475
[GA][Iter3] Gen:13 Ind:1 RMSE(val)=633.765475
[GA][Iter3] Gen:13 Ind:2 RMSE(val)=633.780540
[GA][Iter3] Gen:13 Ind:3 RMSE(val)=633.780540
[GA][Iter3] Gen:13 Ind:4 RMSE(val)=633.780540
[GA][Iter3] Gen:13 Ind:5 RMSE(val)=633.780540
[GA][Iter3] Gen:13 Ind:6 RMSE(val)=633.780540
[GA][Iter3] Gen:13 Ind:7 RMSE(val)=633.780540
[GA][Iter3] Gen:13 Ind:8 RMSE(val)=633.780540
[GA][Iter3] Gen:13 Ind:9 RMSE(val)=633.780540
[GA][Iter3] Gen:13 Ind:10 RMSE(val)=633.780540
[GA][Iter3] Gen:13 Ind:11 RMSE(val)=633.780540
[GA][Iter3] Gen:13 Ind:12 RMSE(val)=634.146799
[GA][Iter3] Gen:13 Ind:13 RMSE(val)=825.551202
[GA][Iter3] Gen:13 Ind:14 RMSE(val)=633.780540
[GA][Iter3] Gen:13 Ind:15 RMSE(val)=633.780540
[GA][Iter3] Gen:13 Ind:16 RMSE(val)=638.252996
[GA][Iter3] Gen:13 Ind:17 RMSE(val)=633.765475
[GA][Iter3] Gen:13 Ind:18 RMSE(val)=633.780540
[GA][Iter3] Gen:13 Ind:19 RMSE(val)=634.146799
[GA][Iter3] Gen:13 Ind:20 RMSE(val)=634.035199
[GA][Iter3] gen=13 best_val_rmse=633.765475
[GA][Iter3] Gen:14 Ind:1 RMSE(val)=633.765475
[GA][Iter3] Gen:14 Ind:2 RMSE(val)=633.765475
[GA][Iter3] Gen:14 Ind:3 RMSE(val)=633.780540
[GA][Iter3] Gen:14 Ind:4 RMSE(val)=633.780540
[GA][Iter3] Gen:14 Ind:5 RMSE(val)=633.780540
[GA][Iter3] Gen:14 Ind:6 RMSE(val)=633.780540
[GA][Iter3] Gen:14 Ind:7 RMSE(val)=633.780540
[GA][Iter3] Gen:14 Ind:8 RMSE(val)=633.780540
[GA][Iter3] Gen:14 Ind:9 RMSE(val)=633.780540
[GA][Iter3] Gen:14 Ind:10 RMSE(val)=633.780540
[GA][Iter3] Gen:14 Ind:11 RMSE(val)=633.780540
[GA][Iter3] Gen:14 Ind:12 RMSE(val)=633.795792
[GA][Iter3] Gen:14 Ind:13 RMSE(val)=633.780540
[GA][Iter3] Gen:14 Ind:14 RMSE(val)=635.121661
[GA][Iter3] Gen:14 Ind:15 RMSE(val)=633.630127
[GA][Iter3] Gen:14 Ind:16 RMSE(val)=633.780540
[GA][Iter3] Gen:14 Ind:17 RMSE(val)=633.780540
[GA][Iter3] Gen:14 Ind:18 RMSE(val)=633.780540
[GA][Iter3] Gen:14 Ind:19 RMSE(val)=754.884180
[GA][Iter3] Gen:14 Ind:20 RMSE(val)=633.780540
[GA][Iter3] gen=14 best_val_rmse=633.630127
[GA][Iter3] Gen:15 Ind:1 RMSE(val)=633.630127
[GA][Iter3] Gen:15 Ind:2 RMSE(val)=633.765475
[GA][Iter3] Gen:15 Ind:3 RMSE(val)=633.765475
[GA][Iter3] Gen:15 Ind:4 RMSE(val)=633.780540
[GA][Iter3] Gen:15 Ind:5 RMSE(val)=633.780540
[GA][Iter3] Gen:15 Ind:6 RMSE(val)=633.780540
[GA][Iter3] Gen:15 Ind:7 RMSE(val)=633.780540
[GA][Iter3] Gen:15 Ind:8 RMSE(val)=633.780540
[GA][Iter3] Gen:15 Ind:9 RMSE(val)=633.780540
[GA][Iter3] Gen:15 Ind:10 RMSE(val)=633.780540
[GA][Iter3] Gen:15 Ind:11 RMSE(val)=633.780540
[GA][Iter3] Gen:15 Ind:12 RMSE(val)=633.765475
[GA][Iter3] Gen:15 Ind:13 RMSE(val)=633.679543
[GA][Iter3] Gen:15 Ind:14 RMSE(val)=633.284401
[GA][Iter3] Gen:15 Ind:15 RMSE(val)=633.630127
[GA][Iter3] Gen:15 Ind:16 RMSE(val)=633.780540
[GA][Iter3] Gen:15 Ind:17 RMSE(val)=633.780540
[GA][Iter3] Gen:15 Ind:18 RMSE(val)=825.551202
[GA][Iter3] Gen:15 Ind:19 RMSE(val)=633.575800
[GA][Iter3] Gen:15 Ind:20 RMSE(val)=633.780540
[GA][Iter3] gen=15 best_val_rmse=633.284401
[GA][Iter3] Gen:15 Ind:1 RMSE(val)=633.284401
[GA][Iter3] Gen:15 Ind:2 RMSE(val)=633.575800
[GA][Iter3] Gen:15 Ind:3 RMSE(val)=633.630127
[GA][Iter3] Gen:15 Ind:4 RMSE(val)=633.630127
[GA][Iter3] Gen:15 Ind:5 RMSE(val)=633.679543
[GA][Iter3] Gen:15 Ind:6 RMSE(val)=633.765475
[GA][Iter3] Gen:15 Ind:7 RMSE(val)=633.765475
[GA][Iter3] Gen:15 Ind:8 RMSE(val)=633.765475
[GA][Iter3] Gen:15 Ind:9 RMSE(val)=633.780540
[GA][Iter3] Gen:15 Ind:10 RMSE(val)=633.780540
[GA][Iter3] Gen:15 Ind:11 RMSE(val)=633.765475
[GA][Iter3] Gen:15 Ind:12 RMSE(val)=633.284401
[GA][Iter3] Gen:15 Ind:13 RMSE(val)=633.630127
[GA][Iter3] Gen:15 Ind:14 RMSE(val)=633.780540
[GA][Iter3] Gen:15 Ind:15 RMSE(val)=636.166336
[GA][Iter3] Gen:15 Ind:16 RMSE(val)=633.765475
[GA][Iter3] Gen:15 Ind:17 RMSE(val)=633.765475
[GA][Iter3] Gen:15 Ind:18 RMSE(val)=633.630127
[GA][Iter3] Gen:15 Ind:19 RMSE(val)=634.718109
[GA][Iter3] Gen:15 Ind:20 RMSE(val)=633.780540

[GA DONE][Iter3] Best params on val fold of Iter3
Best val RMSE: 633.284401
Best params: {'n_estimators': 261, 'max_depth': 15, 'min_samples_split': 8, 'min_samples_leaf': 10, 'max_features': None, 'bootstrap': True}
--------------------------------------------------------------------------------
[RETUNE GA] Iter3: train folds 1..7 -> test fold 8  RMSE=743.426029  NRMSE=0.641749  CVRMSE=0.259270  R2=0.587400
[GA][Iter4] Gen:1 Ind:1 RMSE(val)=955.986584
[GA][Iter4] Gen:1 Ind:2 RMSE(val)=949.403571
[GA][Iter4] Gen:1 Ind:3 RMSE(val)=741.679559
[GA][Iter4] Gen:1 Ind:4 RMSE(val)=842.874997
[GA][Iter4] Gen:1 Ind:5 RMSE(val)=932.558255
[GA][Iter4] Gen:1 Ind:6 RMSE(val)=909.464261
[GA][Iter4] Gen:1 Ind:7 RMSE(val)=911.670086
[GA][Iter4] Gen:1 Ind:8 RMSE(val)=890.055332
[GA][Iter4] Gen:1 Ind:9 RMSE(val)=864.558077
[GA][Iter4] Gen:1 Ind:10 RMSE(val)=812.159293
[GA][Iter4] Gen:1 Ind:11 RMSE(val)=839.392054
[GA][Iter4] Gen:1 Ind:12 RMSE(val)=739.744245
[GA][Iter4] Gen:1 Ind:13 RMSE(val)=922.783319
[GA][Iter4] Gen:1 Ind:14 RMSE(val)=819.133955
[GA][Iter4] Gen:1 Ind:15 RMSE(val)=813.708347
[GA][Iter4] Gen:1 Ind:16 RMSE(val)=848.629198
[GA][Iter4] Gen:1 Ind:17 RMSE(val)=927.344477
[GA][Iter4] Gen:1 Ind:18 RMSE(val)=829.123063
[GA][Iter4] Gen:1 Ind:19 RMSE(val)=755.334243
[GA][Iter4] Gen:1 Ind:20 RMSE(val)=820.932970
[GA][Iter4] gen=1 best_val_rmse=739.744245
[GA][Iter4] Gen:2 Ind:1 RMSE(val)=739.744245
[GA][Iter4] Gen:2 Ind:2 RMSE(val)=741.679559
[GA][Iter4] Gen:2 Ind:3 RMSE(val)=755.334243
[GA][Iter4] Gen:2 Ind:4 RMSE(val)=812.159293
[GA][Iter4] Gen:2 Ind:5 RMSE(val)=813.708347
[GA][Iter4] Gen:2 Ind:6 RMSE(val)=819.133955
[GA][Iter4] Gen:2 Ind:7 RMSE(val)=820.932970
[GA][Iter4] Gen:2 Ind:8 RMSE(val)=829.123063
[GA][Iter4] Gen:2 Ind:9 RMSE(val)=839.392054
[GA][Iter4] Gen:2 Ind:10 RMSE(val)=842.874997
[GA][Iter4] Gen:2 Ind:11 RMSE(val)=826.662700
[GA][Iter4] Gen:2 Ind:12 RMSE(val)=738.182899
[GA][Iter4] Gen:2 Ind:13 RMSE(val)=831.062485
[GA][Iter4] Gen:2 Ind:14 RMSE(val)=739.297336
[GA][Iter4] Gen:2 Ind:15 RMSE(val)=879.652371
[GA][Iter4] Gen:2 Ind:16 RMSE(val)=739.840974
[GA][Iter4] Gen:2 Ind:17 RMSE(val)=838.607890
[GA][Iter4] Gen:2 Ind:18 RMSE(val)=739.744245
[GA][Iter4] Gen:2 Ind:19 RMSE(val)=842.874997
[GA][Iter4] Gen:2 Ind:20 RMSE(val)=740.563495
[GA][Iter4] gen=2 best_val_rmse=738.182899
[GA][Iter4] Gen:3 Ind:1 RMSE(val)=738.182899
[GA][Iter4] Gen:3 Ind:2 RMSE(val)=739.297336
[GA][Iter4] Gen:3 Ind:3 RMSE(val)=739.744245
[GA][Iter4] Gen:3 Ind:4 RMSE(val)=739.744245
[GA][Iter4] Gen:3 Ind:5 RMSE(val)=739.840974
[GA][Iter4] Gen:3 Ind:6 RMSE(val)=740.563495
[GA][Iter4] Gen:3 Ind:7 RMSE(val)=741.679559
[GA][Iter4] Gen:3 Ind:8 RMSE(val)=755.334243
[GA][Iter4] Gen:3 Ind:9 RMSE(val)=812.159293
[GA][Iter4] Gen:3 Ind:10 RMSE(val)=813.708347
[GA][Iter4] Gen:3 Ind:11 RMSE(val)=740.451193
[GA][Iter4] Gen:3 Ind:12 RMSE(val)=739.744245
[GA][Iter4] Gen:3 Ind:13 RMSE(val)=739.645813
[GA][Iter4] Gen:3 Ind:14 RMSE(val)=738.182899
[GA][Iter4] Gen:3 Ind:15 RMSE(val)=739.357262
[GA][Iter4] Gen:3 Ind:16 RMSE(val)=739.016627
[GA][Iter4] Gen:3 Ind:17 RMSE(val)=845.716252
[GA][Iter4] Gen:3 Ind:18 RMSE(val)=739.238944
[GA][Iter4] Gen:3 Ind:19 RMSE(val)=740.250353
[GA][Iter4] Gen:3 Ind:20 RMSE(val)=739.783178
[GA][Iter4] gen=3 best_val_rmse=738.182899
[GA][Iter4] Gen:4 Ind:1 RMSE(val)=738.182899
[GA][Iter4] Gen:4 Ind:2 RMSE(val)=738.182899
[GA][Iter4] Gen:4 Ind:3 RMSE(val)=739.016627
[GA][Iter4] Gen:4 Ind:4 RMSE(val)=739.238944
[GA][Iter4] Gen:4 Ind:5 RMSE(val)=739.297336
[GA][Iter4] Gen:4 Ind:6 RMSE(val)=739.357262
[GA][Iter4] Gen:4 Ind:7 RMSE(val)=739.645813
[GA][Iter4] Gen:4 Ind:8 RMSE(val)=739.744245
[GA][Iter4] Gen:4 Ind:9 RMSE(val)=739.744245
[GA][Iter4] Gen:4 Ind:10 RMSE(val)=739.744245
[GA][Iter4] Gen:4 Ind:11 RMSE(val)=738.629829
[GA][Iter4] Gen:4 Ind:12 RMSE(val)=740.138205
[GA][Iter4] Gen:4 Ind:13 RMSE(val)=739.321520
[GA][Iter4] Gen:4 Ind:14 RMSE(val)=739.357262
[GA][Iter4] Gen:4 Ind:15 RMSE(val)=740.051538
[GA][Iter4] Gen:4 Ind:16 RMSE(val)=739.016627
[GA][Iter4] Gen:4 Ind:17 RMSE(val)=739.258012
[GA][Iter4] Gen:4 Ind:18 RMSE(val)=740.116121
[GA][Iter4] Gen:4 Ind:19 RMSE(val)=739.357262
[GA][Iter4] Gen:4 Ind:20 RMSE(val)=739.238944
[GA][Iter4] gen=4 best_val_rmse=738.182899
[GA][Iter4] Gen:5 Ind:1 RMSE(val)=738.182899
[GA][Iter4] Gen:5 Ind:2 RMSE(val)=738.182899
[GA][Iter4] Gen:5 Ind:3 RMSE(val)=738.629829
[GA][Iter4] Gen:5 Ind:4 RMSE(val)=739.016627
[GA][Iter4] Gen:5 Ind:5 RMSE(val)=739.016627
[GA][Iter4] Gen:5 Ind:6 RMSE(val)=739.238944
[GA][Iter4] Gen:5 Ind:7 RMSE(val)=739.238944
[GA][Iter4] Gen:5 Ind:8 RMSE(val)=739.258012
[GA][Iter4] Gen:5 Ind:9 RMSE(val)=739.297336
[GA][Iter4] Gen:5 Ind:10 RMSE(val)=739.321520
[GA][Iter4] Gen:5 Ind:11 RMSE(val)=738.618827
[GA][Iter4] Gen:5 Ind:12 RMSE(val)=739.016627
[GA][Iter4] Gen:5 Ind:13 RMSE(val)=740.459382
[GA][Iter4] Gen:5 Ind:14 RMSE(val)=739.016627
[GA][Iter4] Gen:5 Ind:15 RMSE(val)=738.182899
[GA][Iter4] Gen:5 Ind:16 RMSE(val)=739.238944
[GA][Iter4] Gen:5 Ind:17 RMSE(val)=738.193247
[GA][Iter4] Gen:5 Ind:18 RMSE(val)=739.321520
[GA][Iter4] Gen:5 Ind:19 RMSE(val)=739.258012
[GA][Iter4] Gen:5 Ind:20 RMSE(val)=739.297336
[GA][Iter4] gen=5 best_val_rmse=738.182899
[GA][Iter4] Gen:6 Ind:1 RMSE(val)=738.182899
[GA][Iter4] Gen:6 Ind:2 RMSE(val)=738.182899
[GA][Iter4] Gen:6 Ind:3 RMSE(val)=738.182899
[GA][Iter4] Gen:6 Ind:4 RMSE(val)=738.193247
[GA][Iter4] Gen:6 Ind:5 RMSE(val)=738.618827
[GA][Iter4] Gen:6 Ind:6 RMSE(val)=738.629829
[GA][Iter4] Gen:6 Ind:7 RMSE(val)=739.016627
[GA][Iter4] Gen:6 Ind:8 RMSE(val)=739.016627
[GA][Iter4] Gen:6 Ind:9 RMSE(val)=739.016627
[GA][Iter4] Gen:6 Ind:10 RMSE(val)=739.016627
[GA][Iter4] Gen:6 Ind:11 RMSE(val)=738.695941
[GA][Iter4] Gen:6 Ind:12 RMSE(val)=738.695941
[GA][Iter4] Gen:6 Ind:13 RMSE(val)=738.618827
[GA][Iter4] Gen:6 Ind:14 RMSE(val)=739.299152
[GA][Iter4] Gen:6 Ind:15 RMSE(val)=739.016627
[GA][Iter4] Gen:6 Ind:16 RMSE(val)=738.629829
[GA][Iter4] Gen:6 Ind:17 RMSE(val)=737.927278
[GA][Iter4] Gen:6 Ind:18 RMSE(val)=738.182899
[GA][Iter4] Gen:6 Ind:19 RMSE(val)=738.435340
[GA][Iter4] Gen:6 Ind:20 RMSE(val)=738.182899
[GA][Iter4] gen=6 best_val_rmse=737.927278
[GA][Iter4] Gen:7 Ind:1 RMSE(val)=737.927278
[GA][Iter4] Gen:7 Ind:2 RMSE(val)=738.182899
[GA][Iter4] Gen:7 Ind:3 RMSE(val)=738.182899
[GA][Iter4] Gen:7 Ind:4 RMSE(val)=738.182899
[GA][Iter4] Gen:7 Ind:5 RMSE(val)=738.182899
[GA][Iter4] Gen:7 Ind:6 RMSE(val)=738.182899
[GA][Iter4] Gen:7 Ind:7 RMSE(val)=738.193247
[GA][Iter4] Gen:7 Ind:8 RMSE(val)=738.435340
[GA][Iter4] Gen:7 Ind:9 RMSE(val)=738.618827
[GA][Iter4] Gen:7 Ind:10 RMSE(val)=738.618827
[GA][Iter4] Gen:7 Ind:11 RMSE(val)=916.782823
[GA][Iter4] Gen:7 Ind:12 RMSE(val)=738.182899
[GA][Iter4] Gen:7 Ind:13 RMSE(val)=738.653747
[GA][Iter4] Gen:7 Ind:14 RMSE(val)=738.286555
[GA][Iter4] Gen:7 Ind:15 RMSE(val)=738.129572
[GA][Iter4] Gen:7 Ind:16 RMSE(val)=738.618827
[GA][Iter4] Gen:7 Ind:17 RMSE(val)=738.707772
[GA][Iter4] Gen:7 Ind:18 RMSE(val)=737.960911
[GA][Iter4] Gen:7 Ind:19 RMSE(val)=737.927278
[GA][Iter4] Gen:7 Ind:20 RMSE(val)=738.182899
[GA][Iter4] gen=7 best_val_rmse=737.927278
[GA][Iter4] Gen:8 Ind:1 RMSE(val)=737.927278
[GA][Iter4] Gen:8 Ind:2 RMSE(val)=737.927278
[GA][Iter4] Gen:8 Ind:3 RMSE(val)=737.960911
[GA][Iter4] Gen:8 Ind:4 RMSE(val)=738.129572
[GA][Iter4] Gen:8 Ind:5 RMSE(val)=738.182899
[GA][Iter4] Gen:8 Ind:6 RMSE(val)=738.182899
[GA][Iter4] Gen:8 Ind:7 RMSE(val)=738.182899
[GA][Iter4] Gen:8 Ind:8 RMSE(val)=738.182899
[GA][Iter4] Gen:8 Ind:9 RMSE(val)=738.182899
[GA][Iter4] Gen:8 Ind:10 RMSE(val)=738.182899
[GA][Iter4] Gen:8 Ind:11 RMSE(val)=739.993149
[GA][Iter4] Gen:8 Ind:12 RMSE(val)=738.145388
[GA][Iter4] Gen:8 Ind:13 RMSE(val)=738.129572
[GA][Iter4] Gen:8 Ind:14 RMSE(val)=738.051408
[GA][Iter4] Gen:8 Ind:15 RMSE(val)=738.182899
[GA][Iter4] Gen:8 Ind:16 RMSE(val)=738.239134
[GA][Iter4] Gen:8 Ind:17 RMSE(val)=738.182899
[GA][Iter4] Gen:8 Ind:18 RMSE(val)=887.330606
[GA][Iter4] Gen:8 Ind:19 RMSE(val)=737.927278
[GA][Iter4] Gen:8 Ind:20 RMSE(val)=738.182899
[GA][Iter4] gen=8 best_val_rmse=737.927278
[GA][Iter4] Gen:9 Ind:1 RMSE(val)=737.927278
[GA][Iter4] Gen:9 Ind:2 RMSE(val)=737.927278
[GA][Iter4] Gen:9 Ind:3 RMSE(val)=737.927278
[GA][Iter4] Gen:9 Ind:4 RMSE(val)=737.960911
[GA][Iter4] Gen:9 Ind:5 RMSE(val)=738.051408
[GA][Iter4] Gen:9 Ind:6 RMSE(val)=738.129572
[GA][Iter4] Gen:9 Ind:7 RMSE(val)=738.129572
[GA][Iter4] Gen:9 Ind:8 RMSE(val)=738.145388
[GA][Iter4] Gen:9 Ind:9 RMSE(val)=738.182899
[GA][Iter4] Gen:9 Ind:10 RMSE(val)=738.182899
[GA][Iter4] Gen:9 Ind:11 RMSE(val)=738.129572
[GA][Iter4] Gen:9 Ind:12 RMSE(val)=738.239134
[GA][Iter4] Gen:9 Ind:13 RMSE(val)=738.104255
[GA][Iter4] Gen:9 Ind:14 RMSE(val)=738.129572
[GA][Iter4] Gen:9 Ind:15 RMSE(val)=737.927278
[GA][Iter4] Gen:9 Ind:16 RMSE(val)=738.129572
[GA][Iter4] Gen:9 Ind:17 RMSE(val)=887.330606
[GA][Iter4] Gen:9 Ind:18 RMSE(val)=737.927278
[GA][Iter4] Gen:9 Ind:19 RMSE(val)=740.250353
[GA][Iter4] Gen:9 Ind:20 RMSE(val)=737.927278
[GA][Iter4] gen=9 best_val_rmse=737.927278
[GA][Iter4] Gen:10 Ind:1 RMSE(val)=737.927278
[GA][Iter4] Gen:10 Ind:2 RMSE(val)=737.927278
[GA][Iter4] Gen:10 Ind:3 RMSE(val)=737.927278
[GA][Iter4] Gen:10 Ind:4 RMSE(val)=737.927278
[GA][Iter4] Gen:10 Ind:5 RMSE(val)=737.927278
[GA][Iter4] Gen:10 Ind:6 RMSE(val)=737.927278
[GA][Iter4] Gen:10 Ind:7 RMSE(val)=737.960911
[GA][Iter4] Gen:10 Ind:8 RMSE(val)=738.051408
[GA][Iter4] Gen:10 Ind:9 RMSE(val)=738.104255
[GA][Iter4] Gen:10 Ind:10 RMSE(val)=738.129572
[GA][Iter4] Gen:10 Ind:11 RMSE(val)=737.927278
[GA][Iter4] Gen:10 Ind:12 RMSE(val)=737.927278
[GA][Iter4] Gen:10 Ind:13 RMSE(val)=737.927278
[GA][Iter4] Gen:10 Ind:14 RMSE(val)=737.927278
[GA][Iter4] Gen:10 Ind:15 RMSE(val)=833.834741
[GA][Iter4] Gen:10 Ind:16 RMSE(val)=738.682238
[GA][Iter4] Gen:10 Ind:17 RMSE(val)=737.927278
[GA][Iter4] Gen:10 Ind:18 RMSE(val)=738.129572
[GA][Iter4] Gen:10 Ind:19 RMSE(val)=738.129572
[GA][Iter4] Gen:10 Ind:20 RMSE(val)=737.927278
[GA][Iter4] gen=10 best_val_rmse=737.927278
[GA][Iter4] Gen:11 Ind:1 RMSE(val)=737.927278
[GA][Iter4] Gen:11 Ind:2 RMSE(val)=737.927278
[GA][Iter4] Gen:11 Ind:3 RMSE(val)=737.927278
[GA][Iter4] Gen:11 Ind:4 RMSE(val)=737.927278
[GA][Iter4] Gen:11 Ind:5 RMSE(val)=737.927278
[GA][Iter4] Gen:11 Ind:6 RMSE(val)=737.927278
[GA][Iter4] Gen:11 Ind:7 RMSE(val)=737.927278
[GA][Iter4] Gen:11 Ind:8 RMSE(val)=737.927278
[GA][Iter4] Gen:11 Ind:9 RMSE(val)=737.927278
[GA][Iter4] Gen:11 Ind:10 RMSE(val)=737.927278
[GA][Iter4] Gen:11 Ind:11 RMSE(val)=737.927278
[GA][Iter4] Gen:11 Ind:12 RMSE(val)=737.927278
[GA][Iter4] Gen:11 Ind:13 RMSE(val)=737.927278
[GA][Iter4] Gen:11 Ind:14 RMSE(val)=737.927278
[GA][Iter4] Gen:11 Ind:15 RMSE(val)=737.986960
[GA][Iter4] Gen:11 Ind:16 RMSE(val)=737.927278
[GA][Iter4] Gen:11 Ind:17 RMSE(val)=737.927278
[GA][Iter4] Gen:11 Ind:18 RMSE(val)=737.927278
[GA][Iter4] Gen:11 Ind:19 RMSE(val)=737.927278
[GA][Iter4] Gen:11 Ind:20 RMSE(val)=738.147859
[GA][Iter4] gen=11 best_val_rmse=737.927278
[GA][Iter4] Gen:12 Ind:1 RMSE(val)=737.927278
[GA][Iter4] Gen:12 Ind:2 RMSE(val)=737.927278
[GA][Iter4] Gen:12 Ind:3 RMSE(val)=737.927278
[GA][Iter4] Gen:12 Ind:4 RMSE(val)=737.927278
[GA][Iter4] Gen:12 Ind:5 RMSE(val)=737.927278
[GA][Iter4] Gen:12 Ind:6 RMSE(val)=737.927278
[GA][Iter4] Gen:12 Ind:7 RMSE(val)=737.927278
[GA][Iter4] Gen:12 Ind:8 RMSE(val)=737.927278
[GA][Iter4] Gen:12 Ind:9 RMSE(val)=737.927278
[GA][Iter4] Gen:12 Ind:10 RMSE(val)=737.927278
[GA][Iter4] Gen:12 Ind:11 RMSE(val)=737.927278
[GA][Iter4] Gen:12 Ind:12 RMSE(val)=740.516891
[GA][Iter4] Gen:12 Ind:13 RMSE(val)=737.927278
[GA][Iter4] Gen:12 Ind:14 RMSE(val)=737.927278
[GA][Iter4] Gen:12 Ind:15 RMSE(val)=737.927278
[GA][Iter4] Gen:12 Ind:16 RMSE(val)=737.927278
[GA][Iter4] Gen:12 Ind:17 RMSE(val)=738.009034
[GA][Iter4] Gen:12 Ind:18 RMSE(val)=737.927278
[GA][Iter4] Gen:12 Ind:19 RMSE(val)=737.927278
[GA][Iter4] Gen:12 Ind:20 RMSE(val)=737.834509
[GA][Iter4] gen=12 best_val_rmse=737.834509
[GA][Iter4] Gen:13 Ind:1 RMSE(val)=737.834509
[GA][Iter4] Gen:13 Ind:2 RMSE(val)=737.927278
[GA][Iter4] Gen:13 Ind:3 RMSE(val)=737.927278
[GA][Iter4] Gen:13 Ind:4 RMSE(val)=737.927278
[GA][Iter4] Gen:13 Ind:5 RMSE(val)=737.927278
[GA][Iter4] Gen:13 Ind:6 RMSE(val)=737.927278
[GA][Iter4] Gen:13 Ind:7 RMSE(val)=737.927278
[GA][Iter4] Gen:13 Ind:8 RMSE(val)=737.927278
[GA][Iter4] Gen:13 Ind:9 RMSE(val)=737.927278
[GA][Iter4] Gen:13 Ind:10 RMSE(val)=737.927278
[GA][Iter4] Gen:13 Ind:11 RMSE(val)=737.927278
[GA][Iter4] Gen:13 Ind:12 RMSE(val)=737.834509
[GA][Iter4] Gen:13 Ind:13 RMSE(val)=833.788412
[GA][Iter4] Gen:13 Ind:14 RMSE(val)=737.927278
[GA][Iter4] Gen:13 Ind:15 RMSE(val)=737.927278
[GA][Iter4] Gen:13 Ind:16 RMSE(val)=740.516891
[GA][Iter4] Gen:13 Ind:17 RMSE(val)=737.834509
[GA][Iter4] Gen:13 Ind:18 RMSE(val)=737.927278
[GA][Iter4] Gen:13 Ind:19 RMSE(val)=737.834509
[GA][Iter4] Gen:13 Ind:20 RMSE(val)=737.768044
[GA][Iter4] gen=13 best_val_rmse=737.768044
[GA][Iter4] Gen:14 Ind:1 RMSE(val)=737.768044
[GA][Iter4] Gen:14 Ind:2 RMSE(val)=737.834509
[GA][Iter4] Gen:14 Ind:3 RMSE(val)=737.834509
[GA][Iter4] Gen:14 Ind:4 RMSE(val)=737.834509
[GA][Iter4] Gen:14 Ind:5 RMSE(val)=737.834509
[GA][Iter4] Gen:14 Ind:6 RMSE(val)=737.927278
[GA][Iter4] Gen:14 Ind:7 RMSE(val)=737.927278
[GA][Iter4] Gen:14 Ind:8 RMSE(val)=737.927278
[GA][Iter4] Gen:14 Ind:9 RMSE(val)=737.927278
[GA][Iter4] Gen:14 Ind:10 RMSE(val)=737.927278
[GA][Iter4] Gen:14 Ind:11 RMSE(val)=737.927278
[GA][Iter4] Gen:14 Ind:12 RMSE(val)=737.963308
[GA][Iter4] Gen:14 Ind:13 RMSE(val)=737.927278
[GA][Iter4] Gen:14 Ind:14 RMSE(val)=737.830394
[GA][Iter4] Gen:14 Ind:15 RMSE(val)=737.927278
[GA][Iter4] Gen:14 Ind:16 RMSE(val)=737.927278
[GA][Iter4] Gen:14 Ind:17 RMSE(val)=737.927278
[GA][Iter4] Gen:14 Ind:18 RMSE(val)=737.927278
[GA][Iter4] Gen:14 Ind:19 RMSE(val)=885.610270
[GA][Iter4] Gen:14 Ind:20 RMSE(val)=737.927278
[GA][Iter4] gen=14 best_val_rmse=737.768044
[GA][Iter4] Gen:15 Ind:1 RMSE(val)=737.768044
[GA][Iter4] Gen:15 Ind:2 RMSE(val)=737.830394
[GA][Iter4] Gen:15 Ind:3 RMSE(val)=737.834509
[GA][Iter4] Gen:15 Ind:4 RMSE(val)=737.834509
[GA][Iter4] Gen:15 Ind:5 RMSE(val)=737.834509
[GA][Iter4] Gen:15 Ind:6 RMSE(val)=737.834509
[GA][Iter4] Gen:15 Ind:7 RMSE(val)=737.927278
[GA][Iter4] Gen:15 Ind:8 RMSE(val)=737.927278
[GA][Iter4] Gen:15 Ind:9 RMSE(val)=737.927278
[GA][Iter4] Gen:15 Ind:10 RMSE(val)=737.927278
[GA][Iter4] Gen:15 Ind:11 RMSE(val)=737.834509
[GA][Iter4] Gen:15 Ind:12 RMSE(val)=737.834509
[GA][Iter4] Gen:15 Ind:13 RMSE(val)=737.744459
[GA][Iter4] Gen:15 Ind:14 RMSE(val)=739.375093
[GA][Iter4] Gen:15 Ind:15 RMSE(val)=737.927278
[GA][Iter4] Gen:15 Ind:16 RMSE(val)=737.927278
[GA][Iter4] Gen:15 Ind:17 RMSE(val)=737.834509
[GA][Iter4] Gen:15 Ind:18 RMSE(val)=833.939919
[GA][Iter4] Gen:15 Ind:19 RMSE(val)=738.413356
[GA][Iter4] Gen:15 Ind:20 RMSE(val)=737.768044
[GA][Iter4] gen=15 best_val_rmse=737.744459
[GA][Iter4] Gen:15 Ind:1 RMSE(val)=737.744459
[GA][Iter4] Gen:15 Ind:2 RMSE(val)=737.768044
[GA][Iter4] Gen:15 Ind:3 RMSE(val)=737.768044
[GA][Iter4] Gen:15 Ind:4 RMSE(val)=737.830394
[GA][Iter4] Gen:15 Ind:5 RMSE(val)=737.834509
[GA][Iter4] Gen:15 Ind:6 RMSE(val)=737.834509
[GA][Iter4] Gen:15 Ind:7 RMSE(val)=737.834509
[GA][Iter4] Gen:15 Ind:8 RMSE(val)=737.834509
[GA][Iter4] Gen:15 Ind:9 RMSE(val)=737.834509
[GA][Iter4] Gen:15 Ind:10 RMSE(val)=737.834509
[GA][Iter4] Gen:15 Ind:11 RMSE(val)=737.834509
[GA][Iter4] Gen:15 Ind:12 RMSE(val)=737.744459
[GA][Iter4] Gen:15 Ind:13 RMSE(val)=737.830394
[GA][Iter4] Gen:15 Ind:14 RMSE(val)=737.744459
[GA][Iter4] Gen:15 Ind:15 RMSE(val)=740.378771
[GA][Iter4] Gen:15 Ind:16 RMSE(val)=737.834509
[GA][Iter4] Gen:15 Ind:17 RMSE(val)=737.834509
[GA][Iter4] Gen:15 Ind:18 RMSE(val)=737.965241
[GA][Iter4] Gen:15 Ind:19 RMSE(val)=737.916521
[GA][Iter4] Gen:15 Ind:20 RMSE(val)=737.834509

[GA DONE][Iter4] Best params on val fold of Iter4
Best val RMSE: 737.744459
Best params: {'n_estimators': 1270, 'max_depth': 17, 'min_samples_split': 8, 'min_samples_leaf': 4, 'max_features': None, 'bootstrap': True}
--------------------------------------------------------------------------------
[RETUNE GA] Iter4: train folds 1..8 -> test fold 9  RMSE=836.853893  NRMSE=0.722834  CVRMSE=0.325210  R2=0.476549
[GA][Iter5] Gen:1 Ind:1 RMSE(val)=968.071401
[GA][Iter5] Gen:1 Ind:2 RMSE(val)=958.380674
[GA][Iter5] Gen:1 Ind:3 RMSE(val)=832.162930
[GA][Iter5] Gen:1 Ind:4 RMSE(val)=886.831364
[GA][Iter5] Gen:1 Ind:5 RMSE(val)=955.223430
[GA][Iter5] Gen:1 Ind:6 RMSE(val)=935.270812
[GA][Iter5] Gen:1 Ind:7 RMSE(val)=930.077311
[GA][Iter5] Gen:1 Ind:8 RMSE(val)=926.900671
[GA][Iter5] Gen:1 Ind:9 RMSE(val)=900.324409
[GA][Iter5] Gen:1 Ind:10 RMSE(val)=893.806909
[GA][Iter5] Gen:1 Ind:11 RMSE(val)=883.500932
[GA][Iter5] Gen:1 Ind:12 RMSE(val)=861.337642
[GA][Iter5] Gen:1 Ind:13 RMSE(val)=940.894371
[GA][Iter5] Gen:1 Ind:14 RMSE(val)=898.012966
[GA][Iter5] Gen:1 Ind:15 RMSE(val)=882.738190
[GA][Iter5] Gen:1 Ind:16 RMSE(val)=885.836729
[GA][Iter5] Gen:1 Ind:17 RMSE(val)=946.517013
[GA][Iter5] Gen:1 Ind:18 RMSE(val)=877.959211
[GA][Iter5] Gen:1 Ind:19 RMSE(val)=829.047587
[GA][Iter5] Gen:1 Ind:20 RMSE(val)=872.639193
[GA][Iter5] gen=1 best_val_rmse=829.047587
[GA][Iter5] Gen:2 Ind:1 RMSE(val)=829.047587
[GA][Iter5] Gen:2 Ind:2 RMSE(val)=832.162930
[GA][Iter5] Gen:2 Ind:3 RMSE(val)=861.337642
[GA][Iter5] Gen:2 Ind:4 RMSE(val)=872.639193
[GA][Iter5] Gen:2 Ind:5 RMSE(val)=877.959211
[GA][Iter5] Gen:2 Ind:6 RMSE(val)=882.738190
[GA][Iter5] Gen:2 Ind:7 RMSE(val)=883.500932
[GA][Iter5] Gen:2 Ind:8 RMSE(val)=885.836729
[GA][Iter5] Gen:2 Ind:9 RMSE(val)=886.831364
[GA][Iter5] Gen:2 Ind:10 RMSE(val)=893.806909
[GA][Iter5] Gen:2 Ind:11 RMSE(val)=891.855311
[GA][Iter5] Gen:2 Ind:12 RMSE(val)=835.167764
[GA][Iter5] Gen:2 Ind:13 RMSE(val)=885.845753
[GA][Iter5] Gen:2 Ind:14 RMSE(val)=823.693999
[GA][Iter5] Gen:2 Ind:15 RMSE(val)=909.825586
[GA][Iter5] Gen:2 Ind:16 RMSE(val)=909.359233
[GA][Iter5] Gen:2 Ind:17 RMSE(val)=897.134530
[GA][Iter5] Gen:2 Ind:18 RMSE(val)=818.468133
[GA][Iter5] Gen:2 Ind:19 RMSE(val)=893.806909
[GA][Iter5] Gen:2 Ind:20 RMSE(val)=843.879010
[GA][Iter5] gen=2 best_val_rmse=818.468133
[GA][Iter5] Gen:3 Ind:1 RMSE(val)=818.468133
[GA][Iter5] Gen:3 Ind:2 RMSE(val)=823.693999
[GA][Iter5] Gen:3 Ind:3 RMSE(val)=829.047587
[GA][Iter5] Gen:3 Ind:4 RMSE(val)=832.162930
[GA][Iter5] Gen:3 Ind:5 RMSE(val)=835.167764
[GA][Iter5] Gen:3 Ind:6 RMSE(val)=843.879010
[GA][Iter5] Gen:3 Ind:7 RMSE(val)=861.337642
[GA][Iter5] Gen:3 Ind:8 RMSE(val)=872.639193
[GA][Iter5] Gen:3 Ind:9 RMSE(val)=877.959211
[GA][Iter5] Gen:3 Ind:10 RMSE(val)=882.738190
[GA][Iter5] Gen:3 Ind:11 RMSE(val)=833.725923
[GA][Iter5] Gen:3 Ind:12 RMSE(val)=838.689108
[GA][Iter5] Gen:3 Ind:13 RMSE(val)=927.701925
[GA][Iter5] Gen:3 Ind:14 RMSE(val)=888.598800
[GA][Iter5] Gen:3 Ind:15 RMSE(val)=822.052826
[GA][Iter5] Gen:3 Ind:16 RMSE(val)=825.564890
[GA][Iter5] Gen:3 Ind:17 RMSE(val)=842.195554
[GA][Iter5] Gen:3 Ind:18 RMSE(val)=822.383709
[GA][Iter5] Gen:3 Ind:19 RMSE(val)=866.348160
[GA][Iter5] Gen:3 Ind:20 RMSE(val)=866.407284
[GA][Iter5] gen=3 best_val_rmse=818.468133
[GA][Iter5] Gen:4 Ind:1 RMSE(val)=818.468133
[GA][Iter5] Gen:4 Ind:2 RMSE(val)=822.052826
[GA][Iter5] Gen:4 Ind:3 RMSE(val)=822.383709
[GA][Iter5] Gen:4 Ind:4 RMSE(val)=823.693999
[GA][Iter5] Gen:4 Ind:5 RMSE(val)=825.564890
[GA][Iter5] Gen:4 Ind:6 RMSE(val)=829.047587
[GA][Iter5] Gen:4 Ind:7 RMSE(val)=832.162930
[GA][Iter5] Gen:4 Ind:8 RMSE(val)=833.725923
[GA][Iter5] Gen:4 Ind:9 RMSE(val)=835.167764
[GA][Iter5] Gen:4 Ind:10 RMSE(val)=838.689108
[GA][Iter5] Gen:4 Ind:11 RMSE(val)=821.683857
[GA][Iter5] Gen:4 Ind:12 RMSE(val)=825.411946
[GA][Iter5] Gen:4 Ind:13 RMSE(val)=820.342588
[GA][Iter5] Gen:4 Ind:14 RMSE(val)=829.047587
[GA][Iter5] Gen:4 Ind:15 RMSE(val)=830.668499
[GA][Iter5] Gen:4 Ind:16 RMSE(val)=822.052826
[GA][Iter5] Gen:4 Ind:17 RMSE(val)=825.564890
[GA][Iter5] Gen:4 Ind:18 RMSE(val)=831.526925
[GA][Iter5] Gen:4 Ind:19 RMSE(val)=824.235543
[GA][Iter5] Gen:4 Ind:20 RMSE(val)=821.896613
[GA][Iter5] gen=4 best_val_rmse=818.468133
[GA][Iter5] Gen:5 Ind:1 RMSE(val)=818.468133
[GA][Iter5] Gen:5 Ind:2 RMSE(val)=820.342588
[GA][Iter5] Gen:5 Ind:3 RMSE(val)=821.683857
[GA][Iter5] Gen:5 Ind:4 RMSE(val)=821.896613
[GA][Iter5] Gen:5 Ind:5 RMSE(val)=822.052826
[GA][Iter5] Gen:5 Ind:6 RMSE(val)=822.052826
[GA][Iter5] Gen:5 Ind:7 RMSE(val)=822.383709
[GA][Iter5] Gen:5 Ind:8 RMSE(val)=823.693999
[GA][Iter5] Gen:5 Ind:9 RMSE(val)=824.235543
[GA][Iter5] Gen:5 Ind:10 RMSE(val)=825.411946
[GA][Iter5] Gen:5 Ind:11 RMSE(val)=821.896613
[GA][Iter5] Gen:5 Ind:12 RMSE(val)=822.052826
[GA][Iter5] Gen:5 Ind:13 RMSE(val)=822.022131
[GA][Iter5] Gen:5 Ind:14 RMSE(val)=821.896613
[GA][Iter5] Gen:5 Ind:15 RMSE(val)=825.777550
[GA][Iter5] Gen:5 Ind:16 RMSE(val)=822.383709
[GA][Iter5] Gen:5 Ind:17 RMSE(val)=822.141986
[GA][Iter5] Gen:5 Ind:18 RMSE(val)=825.411946
[GA][Iter5] Gen:5 Ind:19 RMSE(val)=824.235543
[GA][Iter5] Gen:5 Ind:20 RMSE(val)=824.235543
[GA][Iter5] gen=5 best_val_rmse=818.468133
[GA][Iter5] Gen:6 Ind:1 RMSE(val)=818.468133
[GA][Iter5] Gen:6 Ind:2 RMSE(val)=820.342588
[GA][Iter5] Gen:6 Ind:3 RMSE(val)=821.683857
[GA][Iter5] Gen:6 Ind:4 RMSE(val)=821.896613
[GA][Iter5] Gen:6 Ind:5 RMSE(val)=821.896613
[GA][Iter5] Gen:6 Ind:6 RMSE(val)=821.896613
[GA][Iter5] Gen:6 Ind:7 RMSE(val)=822.022131
[GA][Iter5] Gen:6 Ind:8 RMSE(val)=822.052826
[GA][Iter5] Gen:6 Ind:9 RMSE(val)=822.052826
[GA][Iter5] Gen:6 Ind:10 RMSE(val)=822.052826
[GA][Iter5] Gen:6 Ind:11 RMSE(val)=821.683857
[GA][Iter5] Gen:6 Ind:12 RMSE(val)=821.896613
[GA][Iter5] Gen:6 Ind:13 RMSE(val)=821.896613
[GA][Iter5] Gen:6 Ind:14 RMSE(val)=824.208769
[GA][Iter5] Gen:6 Ind:15 RMSE(val)=822.052826
[GA][Iter5] Gen:6 Ind:16 RMSE(val)=818.468133
[GA][Iter5] Gen:6 Ind:17 RMSE(val)=820.342588
[GA][Iter5] Gen:6 Ind:18 RMSE(val)=818.468133
[GA][Iter5] Gen:6 Ind:19 RMSE(val)=822.052826
[GA][Iter5] Gen:6 Ind:20 RMSE(val)=820.342588
[GA][Iter5] gen=6 best_val_rmse=818.468133
[GA][Iter5] Gen:7 Ind:1 RMSE(val)=818.468133
[GA][Iter5] Gen:7 Ind:2 RMSE(val)=818.468133
[GA][Iter5] Gen:7 Ind:3 RMSE(val)=818.468133
[GA][Iter5] Gen:7 Ind:4 RMSE(val)=820.342588
[GA][Iter5] Gen:7 Ind:5 RMSE(val)=820.342588
[GA][Iter5] Gen:7 Ind:6 RMSE(val)=820.342588
[GA][Iter5] Gen:7 Ind:7 RMSE(val)=821.683857
[GA][Iter5] Gen:7 Ind:8 RMSE(val)=821.683857
[GA][Iter5] Gen:7 Ind:9 RMSE(val)=821.896613
[GA][Iter5] Gen:7 Ind:10 RMSE(val)=821.896613
[GA][Iter5] Gen:7 Ind:11 RMSE(val)=961.411162
[GA][Iter5] Gen:7 Ind:12 RMSE(val)=820.900377
[GA][Iter5] Gen:7 Ind:13 RMSE(val)=818.928897
[GA][Iter5] Gen:7 Ind:14 RMSE(val)=821.683857
[GA][Iter5] Gen:7 Ind:15 RMSE(val)=820.910453
[GA][Iter5] Gen:7 Ind:16 RMSE(val)=821.896613
[GA][Iter5] Gen:7 Ind:17 RMSE(val)=821.896613
[GA][Iter5] Gen:7 Ind:18 RMSE(val)=821.976784
[GA][Iter5] Gen:7 Ind:19 RMSE(val)=817.904285
[GA][Iter5] Gen:7 Ind:20 RMSE(val)=820.342588
[GA][Iter5] gen=7 best_val_rmse=817.904285
[GA][Iter5] Gen:8 Ind:1 RMSE(val)=817.904285
[GA][Iter5] Gen:8 Ind:2 RMSE(val)=818.468133
[GA][Iter5] Gen:8 Ind:3 RMSE(val)=818.468133
[GA][Iter5] Gen:8 Ind:4 RMSE(val)=818.468133
[GA][Iter5] Gen:8 Ind:5 RMSE(val)=818.928897
[GA][Iter5] Gen:8 Ind:6 RMSE(val)=820.342588
[GA][Iter5] Gen:8 Ind:7 RMSE(val)=820.342588
[GA][Iter5] Gen:8 Ind:8 RMSE(val)=820.342588
[GA][Iter5] Gen:8 Ind:9 RMSE(val)=820.342588
[GA][Iter5] Gen:8 Ind:10 RMSE(val)=820.900377
[GA][Iter5] Gen:8 Ind:11 RMSE(val)=821.278112
[GA][Iter5] Gen:8 Ind:12 RMSE(val)=822.383709
[GA][Iter5] Gen:8 Ind:13 RMSE(val)=820.900377
[GA][Iter5] Gen:8 Ind:14 RMSE(val)=818.285734
[GA][Iter5] Gen:8 Ind:15 RMSE(val)=820.342588
[GA][Iter5] Gen:8 Ind:16 RMSE(val)=818.468133
[GA][Iter5] Gen:8 Ind:17 RMSE(val)=820.342588
[GA][Iter5] Gen:8 Ind:18 RMSE(val)=879.473458
[GA][Iter5] Gen:8 Ind:19 RMSE(val)=818.109676
[GA][Iter5] Gen:8 Ind:20 RMSE(val)=820.342588
[GA][Iter5] gen=8 best_val_rmse=817.904285
[GA][Iter5] Gen:9 Ind:1 RMSE(val)=817.904285
[GA][Iter5] Gen:9 Ind:2 RMSE(val)=818.109676
[GA][Iter5] Gen:9 Ind:3 RMSE(val)=818.285734
[GA][Iter5] Gen:9 Ind:4 RMSE(val)=818.468133
[GA][Iter5] Gen:9 Ind:5 RMSE(val)=818.468133
[GA][Iter5] Gen:9 Ind:6 RMSE(val)=818.468133
[GA][Iter5] Gen:9 Ind:7 RMSE(val)=818.468133
[GA][Iter5] Gen:9 Ind:8 RMSE(val)=818.928897
[GA][Iter5] Gen:9 Ind:9 RMSE(val)=820.342588
[GA][Iter5] Gen:9 Ind:10 RMSE(val)=820.342588
[GA][Iter5] Gen:9 Ind:11 RMSE(val)=818.468133
[GA][Iter5] Gen:9 Ind:12 RMSE(val)=817.904285
[GA][Iter5] Gen:9 Ind:13 RMSE(val)=819.012656
[GA][Iter5] Gen:9 Ind:14 RMSE(val)=818.928897
[GA][Iter5] Gen:9 Ind:15 RMSE(val)=817.904285
[GA][Iter5] Gen:9 Ind:16 RMSE(val)=818.804596
[GA][Iter5] Gen:9 Ind:17 RMSE(val)=844.514320
[GA][Iter5] Gen:9 Ind:18 RMSE(val)=818.468133
[GA][Iter5] Gen:9 Ind:19 RMSE(val)=821.278112
[GA][Iter5] Gen:9 Ind:20 RMSE(val)=818.468133
[GA][Iter5] gen=9 best_val_rmse=817.904285
[GA][Iter5] Gen:10 Ind:1 RMSE(val)=817.904285
[GA][Iter5] Gen:10 Ind:2 RMSE(val)=817.904285
[GA][Iter5] Gen:10 Ind:3 RMSE(val)=817.904285
[GA][Iter5] Gen:10 Ind:4 RMSE(val)=818.109676
[GA][Iter5] Gen:10 Ind:5 RMSE(val)=818.285734
[GA][Iter5] Gen:10 Ind:6 RMSE(val)=818.468133
[GA][Iter5] Gen:10 Ind:7 RMSE(val)=818.468133
[GA][Iter5] Gen:10 Ind:8 RMSE(val)=818.468133
[GA][Iter5] Gen:10 Ind:9 RMSE(val)=818.468133
[GA][Iter5] Gen:10 Ind:10 RMSE(val)=818.468133
[GA][Iter5] Gen:10 Ind:11 RMSE(val)=818.468133
[GA][Iter5] Gen:10 Ind:12 RMSE(val)=817.904285
[GA][Iter5] Gen:10 Ind:13 RMSE(val)=817.904285
[GA][Iter5] Gen:10 Ind:14 RMSE(val)=818.109676
[GA][Iter5] Gen:10 Ind:15 RMSE(val)=927.145487
[GA][Iter5] Gen:10 Ind:16 RMSE(val)=818.928897
[GA][Iter5] Gen:10 Ind:17 RMSE(val)=818.109676
[GA][Iter5] Gen:10 Ind:18 RMSE(val)=818.468133
[GA][Iter5] Gen:10 Ind:19 RMSE(val)=818.468133
[GA][Iter5] Gen:10 Ind:20 RMSE(val)=818.285734
[GA][Iter5] gen=10 best_val_rmse=817.904285
[GA][Iter5] Gen:11 Ind:1 RMSE(val)=817.904285
[GA][Iter5] Gen:11 Ind:2 RMSE(val)=817.904285
[GA][Iter5] Gen:11 Ind:3 RMSE(val)=817.904285
[GA][Iter5] Gen:11 Ind:4 RMSE(val)=817.904285
[GA][Iter5] Gen:11 Ind:5 RMSE(val)=817.904285
[GA][Iter5] Gen:11 Ind:6 RMSE(val)=818.109676
[GA][Iter5] Gen:11 Ind:7 RMSE(val)=818.109676
[GA][Iter5] Gen:11 Ind:8 RMSE(val)=818.109676
[GA][Iter5] Gen:11 Ind:9 RMSE(val)=818.285734
[GA][Iter5] Gen:11 Ind:10 RMSE(val)=818.285734
[GA][Iter5] Gen:11 Ind:11 RMSE(val)=817.904285
[GA][Iter5] Gen:11 Ind:12 RMSE(val)=817.904285
[GA][Iter5] Gen:11 Ind:13 RMSE(val)=817.904285
[GA][Iter5] Gen:11 Ind:14 RMSE(val)=817.904285
[GA][Iter5] Gen:11 Ind:15 RMSE(val)=817.770031
[GA][Iter5] Gen:11 Ind:16 RMSE(val)=818.109676
[GA][Iter5] Gen:11 Ind:17 RMSE(val)=817.904285
[GA][Iter5] Gen:11 Ind:18 RMSE(val)=818.109676
[GA][Iter5] Gen:11 Ind:19 RMSE(val)=818.109676
[GA][Iter5] Gen:11 Ind:20 RMSE(val)=853.779521
[GA][Iter5] gen=11 best_val_rmse=817.770031
[GA][Iter5] Gen:12 Ind:1 RMSE(val)=817.770031
[GA][Iter5] Gen:12 Ind:2 RMSE(val)=817.904285
[GA][Iter5] Gen:12 Ind:3 RMSE(val)=817.904285
[GA][Iter5] Gen:12 Ind:4 RMSE(val)=817.904285
[GA][Iter5] Gen:12 Ind:5 RMSE(val)=817.904285
[GA][Iter5] Gen:12 Ind:6 RMSE(val)=817.904285
[GA][Iter5] Gen:12 Ind:7 RMSE(val)=817.904285
[GA][Iter5] Gen:12 Ind:8 RMSE(val)=817.904285
[GA][Iter5] Gen:12 Ind:9 RMSE(val)=817.904285
[GA][Iter5] Gen:12 Ind:10 RMSE(val)=817.904285
[GA][Iter5] Gen:12 Ind:11 RMSE(val)=817.904285
[GA][Iter5] Gen:12 Ind:12 RMSE(val)=821.549726
[GA][Iter5] Gen:12 Ind:13 RMSE(val)=817.904285
[GA][Iter5] Gen:12 Ind:14 RMSE(val)=817.904285
[GA][Iter5] Gen:12 Ind:15 RMSE(val)=817.904285
[GA][Iter5] Gen:12 Ind:16 RMSE(val)=817.904285
[GA][Iter5] Gen:12 Ind:17 RMSE(val)=817.904285
[GA][Iter5] Gen:12 Ind:18 RMSE(val)=817.904285
[GA][Iter5] Gen:12 Ind:19 RMSE(val)=817.904285
[GA][Iter5] Gen:12 Ind:20 RMSE(val)=818.238746
[GA][Iter5] gen=12 best_val_rmse=817.770031
[GA][Iter5] Gen:13 Ind:1 RMSE(val)=817.770031
[GA][Iter5] Gen:13 Ind:2 RMSE(val)=817.904285
[GA][Iter5] Gen:13 Ind:3 RMSE(val)=817.904285
[GA][Iter5] Gen:13 Ind:4 RMSE(val)=817.904285
[GA][Iter5] Gen:13 Ind:5 RMSE(val)=817.904285
[GA][Iter5] Gen:13 Ind:6 RMSE(val)=817.904285
[GA][Iter5] Gen:13 Ind:7 RMSE(val)=817.904285
[GA][Iter5] Gen:13 Ind:8 RMSE(val)=817.904285
[GA][Iter5] Gen:13 Ind:9 RMSE(val)=817.904285
[GA][Iter5] Gen:13 Ind:10 RMSE(val)=817.904285
[GA][Iter5] Gen:13 Ind:11 RMSE(val)=817.904285
[GA][Iter5] Gen:13 Ind:12 RMSE(val)=817.770031
[GA][Iter5] Gen:13 Ind:13 RMSE(val)=928.167447
[GA][Iter5] Gen:13 Ind:14 RMSE(val)=817.904285
[GA][Iter5] Gen:13 Ind:15 RMSE(val)=817.904285
[GA][Iter5] Gen:13 Ind:16 RMSE(val)=821.549726
[GA][Iter5] Gen:13 Ind:17 RMSE(val)=817.770031
[GA][Iter5] Gen:13 Ind:18 RMSE(val)=817.904285
[GA][Iter5] Gen:13 Ind:19 RMSE(val)=817.770031
[GA][Iter5] Gen:13 Ind:20 RMSE(val)=818.774515
[GA][Iter5] gen=13 best_val_rmse=817.770031
[GA][Iter5] Gen:14 Ind:1 RMSE(val)=817.770031
[GA][Iter5] Gen:14 Ind:2 RMSE(val)=817.770031
[GA][Iter5] Gen:14 Ind:3 RMSE(val)=817.770031
[GA][Iter5] Gen:14 Ind:4 RMSE(val)=817.770031
[GA][Iter5] Gen:14 Ind:5 RMSE(val)=817.904285
[GA][Iter5] Gen:14 Ind:6 RMSE(val)=817.904285
[GA][Iter5] Gen:14 Ind:7 RMSE(val)=817.904285
[GA][Iter5] Gen:14 Ind:8 RMSE(val)=817.904285
[GA][Iter5] Gen:14 Ind:9 RMSE(val)=817.904285
[GA][Iter5] Gen:14 Ind:10 RMSE(val)=817.904285
[GA][Iter5] Gen:14 Ind:11 RMSE(val)=817.904285
[GA][Iter5] Gen:14 Ind:12 RMSE(val)=822.136266
[GA][Iter5] Gen:14 Ind:13 RMSE(val)=817.904285
[GA][Iter5] Gen:14 Ind:14 RMSE(val)=817.503923
[GA][Iter5] Gen:14 Ind:15 RMSE(val)=817.904285
[GA][Iter5] Gen:14 Ind:16 RMSE(val)=817.904285
[GA][Iter5] Gen:14 Ind:17 RMSE(val)=817.904285
[GA][Iter5] Gen:14 Ind:18 RMSE(val)=817.904285
[GA][Iter5] Gen:14 Ind:19 RMSE(val)=841.205606
[GA][Iter5] Gen:14 Ind:20 RMSE(val)=817.904285
[GA][Iter5] gen=14 best_val_rmse=817.503923
[GA][Iter5] Gen:15 Ind:1 RMSE(val)=817.503923
[GA][Iter5] Gen:15 Ind:2 RMSE(val)=817.770031
[GA][Iter5] Gen:15 Ind:3 RMSE(val)=817.770031
[GA][Iter5] Gen:15 Ind:4 RMSE(val)=817.770031
[GA][Iter5] Gen:15 Ind:5 RMSE(val)=817.770031
[GA][Iter5] Gen:15 Ind:6 RMSE(val)=817.904285
[GA][Iter5] Gen:15 Ind:7 RMSE(val)=817.904285
[GA][Iter5] Gen:15 Ind:8 RMSE(val)=817.904285
[GA][Iter5] Gen:15 Ind:9 RMSE(val)=817.904285
[GA][Iter5] Gen:15 Ind:10 RMSE(val)=817.904285
[GA][Iter5] Gen:15 Ind:11 RMSE(val)=817.770031
[GA][Iter5] Gen:15 Ind:12 RMSE(val)=817.770031
[GA][Iter5] Gen:15 Ind:13 RMSE(val)=817.709474
[GA][Iter5] Gen:15 Ind:14 RMSE(val)=819.073155
[GA][Iter5] Gen:15 Ind:15 RMSE(val)=817.904285
[GA][Iter5] Gen:15 Ind:16 RMSE(val)=817.904285
[GA][Iter5] Gen:15 Ind:17 RMSE(val)=817.904285
[GA][Iter5] Gen:15 Ind:18 RMSE(val)=932.000075
[GA][Iter5] Gen:15 Ind:19 RMSE(val)=818.091075
[GA][Iter5] Gen:15 Ind:20 RMSE(val)=817.503923
[GA][Iter5] gen=15 best_val_rmse=817.503923
[GA][Iter5] Gen:15 Ind:1 RMSE(val)=817.503923
[GA][Iter5] Gen:15 Ind:2 RMSE(val)=817.503923
[GA][Iter5] Gen:15 Ind:3 RMSE(val)=817.709474
[GA][Iter5] Gen:15 Ind:4 RMSE(val)=817.770031
[GA][Iter5] Gen:15 Ind:5 RMSE(val)=817.770031
[GA][Iter5] Gen:15 Ind:6 RMSE(val)=817.770031
[GA][Iter5] Gen:15 Ind:7 RMSE(val)=817.770031
[GA][Iter5] Gen:15 Ind:8 RMSE(val)=817.770031
[GA][Iter5] Gen:15 Ind:9 RMSE(val)=817.770031
[GA][Iter5] Gen:15 Ind:10 RMSE(val)=817.904285
[GA][Iter5] Gen:15 Ind:11 RMSE(val)=817.770031
[GA][Iter5] Gen:15 Ind:12 RMSE(val)=817.503923
[GA][Iter5] Gen:15 Ind:13 RMSE(val)=817.770031
[GA][Iter5] Gen:15 Ind:14 RMSE(val)=817.503923
[GA][Iter5] Gen:15 Ind:15 RMSE(val)=821.018690
[GA][Iter5] Gen:15 Ind:16 RMSE(val)=817.770031
[GA][Iter5] Gen:15 Ind:17 RMSE(val)=817.770031
[GA][Iter5] Gen:15 Ind:18 RMSE(val)=817.709474
[GA][Iter5] Gen:15 Ind:19 RMSE(val)=818.239769
[GA][Iter5] Gen:15 Ind:20 RMSE(val)=817.904285

[GA DONE][Iter5] Best params on val fold of Iter5
Best val RMSE: 817.503923
Best params: {'n_estimators': 241, 'max_depth': 6, 'min_samples_split': 5, 'min_samples_leaf': 7, 'max_features': None, 'bootstrap': True}
--------------------------------------------------------------------------------
[RETUNE GA] Iter5: train folds 1..9 -> test fold 10  RMSE=922.096247  NRMSE=0.665398  CVRMSE=0.305026  R2=0.556430
