=== BASELINE (project=bmad, last-7 mean, expanding folds) ===
Iter1: train folds 1..5 -> test fold 6  RMSE=74.6603  NRMSE=1.0596  CVRMSE=0.0747  R˛=-0.1357
Iter2: train folds 1..6 -> test fold 7  RMSE=52.7729  NRMSE=0.8501  CVRMSE=0.0510  R˛=0.2688
Iter3: train folds 1..7 -> test fold 8  RMSE=49.9589  NRMSE=1.0781  CVRMSE=0.0440  R˛=-0.1760
Iter4: train folds 1..8 -> test fold 9  RMSE=98.8492  NRMSE=1.0715  CVRMSE=0.0853  R˛=-0.1617
Iter5: train folds 1..9 -> test fold 10  RMSE=38.9277  NRMSE=1.0721  CVRMSE=0.0338  R˛=-0.1629
--------------------------------------------------
[FEATURES] initial=174 kept_after_screening=72
['branch', 'issuer_name', 'gh_files_added', 'gh_files_deleted', 'gh_tests_deleted', 'gh_src_churn', 'gh_is_pr', 'gh_description_complexity', 'gh_src_files', 'gh_doc_files', 'gh_other_files', 'gh_commits_on_files_touched', 'gh_num_pr_comments', 'gh_test_lines_per_kloc', 'hour', 'dow', 'month', 'secs_since_prev', 'duration_lag_1', 'window_avg_7', 'window_std_7', 'ft___LIST_', 'ft___TXT_', 'ft___beam__', 'ft___bmad_', 'ft___bmad__', 'ft___bmad_optics_matching_', 'ft___correct_', 'ft___cpp__', 'ft___f90_', 'ft___f90__', 'ft___grid_field__', 'ft___h_', 'ft___html_', 'ft___in_', 'ft___init_', 'ft___init__', 'ft___jpg_', 'ft___json__', 'ft___lat_', 'ft___md_', 'ft___namelist_', 'ft___namelist__', 'ft___npz_', 'ft___pdf__', 'ft___pl_', 'ft___py_', 'ft___py__', 'ft___startup_', 'ft___tex_', 'ft___tex__', 'ft___tex____dup1', 'ft___txt_', 'ft___wake__', 'ft___yml__', 'ft____bmad_', 'ft____bmad__', 'ft____bmad____dup1', 'ft____cmake__', 'ft____correct__', 'ft____cpp__', 'ft____f90_', 'ft____init_', 'ft____md__', 'ft____namelist_', 'ft____py_', 'ft____py__', 'ft____tao_', 'ft____tex__', 'ft____tex____dup1', 'ft____yml__', 'ft___']
--------------------------------------------------------------------------------
[GA][Iter1] Gen:1 Ind:1 RMSE(val)=63.008320
[GA][Iter1] Gen:1 Ind:2 RMSE(val)=62.171256
[GA][Iter1] Gen:1 Ind:3 RMSE(val)=62.270972
[GA][Iter1] Gen:1 Ind:4 RMSE(val)=64.006275
[GA][Iter1] Gen:1 Ind:5 RMSE(val)=65.390535
[GA][Iter1] Gen:1 Ind:6 RMSE(val)=63.006669
[GA][Iter1] Gen:1 Ind:7 RMSE(val)=63.485639
[GA][Iter1] Gen:1 Ind:8 RMSE(val)=63.869807
[GA][Iter1] Gen:1 Ind:9 RMSE(val)=62.652257
[GA][Iter1] Gen:1 Ind:10 RMSE(val)=64.741777
[GA][Iter1] Gen:1 Ind:11 RMSE(val)=64.012648
[GA][Iter1] Gen:1 Ind:12 RMSE(val)=62.047184
[GA][Iter1] Gen:1 Ind:13 RMSE(val)=62.934792
[GA][Iter1] Gen:1 Ind:14 RMSE(val)=64.677820
[GA][Iter1] Gen:1 Ind:15 RMSE(val)=64.813695
[GA][Iter1] Gen:1 Ind:16 RMSE(val)=63.849766
[GA][Iter1] Gen:1 Ind:17 RMSE(val)=62.796392
[GA][Iter1] Gen:1 Ind:18 RMSE(val)=64.388075
[GA][Iter1] Gen:1 Ind:19 RMSE(val)=62.190919
[GA][Iter1] Gen:1 Ind:20 RMSE(val)=63.091393
[GA][Iter1] gen=1 best_val_rmse=62.047184
[GA][Iter1] Gen:2 Ind:1 RMSE(val)=62.047184
[GA][Iter1] Gen:2 Ind:2 RMSE(val)=62.171256
[GA][Iter1] Gen:2 Ind:3 RMSE(val)=62.190919
[GA][Iter1] Gen:2 Ind:4 RMSE(val)=62.270972
[GA][Iter1] Gen:2 Ind:5 RMSE(val)=62.652257
[GA][Iter1] Gen:2 Ind:6 RMSE(val)=62.796392
[GA][Iter1] Gen:2 Ind:7 RMSE(val)=62.934792
[GA][Iter1] Gen:2 Ind:8 RMSE(val)=63.006669
[GA][Iter1] Gen:2 Ind:9 RMSE(val)=63.008320
[GA][Iter1] Gen:2 Ind:10 RMSE(val)=63.091393
[GA][Iter1] Gen:2 Ind:11 RMSE(val)=63.421439
[GA][Iter1] Gen:2 Ind:12 RMSE(val)=62.217271
[GA][Iter1] Gen:2 Ind:13 RMSE(val)=62.875566
[GA][Iter1] Gen:2 Ind:14 RMSE(val)=64.983575
[GA][Iter1] Gen:2 Ind:15 RMSE(val)=62.106705
[GA][Iter1] Gen:2 Ind:16 RMSE(val)=63.411830
[GA][Iter1] Gen:2 Ind:17 RMSE(val)=63.512715
[GA][Iter1] Gen:2 Ind:18 RMSE(val)=62.251561
[GA][Iter1] Gen:2 Ind:19 RMSE(val)=63.154154
[GA][Iter1] Gen:2 Ind:20 RMSE(val)=62.334350
[GA][Iter1] gen=2 best_val_rmse=62.047184
[GA][Iter1] Gen:3 Ind:1 RMSE(val)=62.047184
[GA][Iter1] Gen:3 Ind:2 RMSE(val)=62.106705
[GA][Iter1] Gen:3 Ind:3 RMSE(val)=62.171256
[GA][Iter1] Gen:3 Ind:4 RMSE(val)=62.190919
[GA][Iter1] Gen:3 Ind:5 RMSE(val)=62.217271
[GA][Iter1] Gen:3 Ind:6 RMSE(val)=62.251561
[GA][Iter1] Gen:3 Ind:7 RMSE(val)=62.270972
[GA][Iter1] Gen:3 Ind:8 RMSE(val)=62.334350
[GA][Iter1] Gen:3 Ind:9 RMSE(val)=62.652257
[GA][Iter1] Gen:3 Ind:10 RMSE(val)=62.796392
[GA][Iter1] Gen:3 Ind:11 RMSE(val)=62.220869
[GA][Iter1] Gen:3 Ind:12 RMSE(val)=62.168202
[GA][Iter1] Gen:3 Ind:13 RMSE(val)=62.049085
[GA][Iter1] Gen:3 Ind:14 RMSE(val)=62.048306
[GA][Iter1] Gen:3 Ind:15 RMSE(val)=62.032940
[GA][Iter1] Gen:3 Ind:16 RMSE(val)=62.119680
[GA][Iter1] Gen:3 Ind:17 RMSE(val)=62.177856
[GA][Iter1] Gen:3 Ind:18 RMSE(val)=62.106705
[GA][Iter1] Gen:3 Ind:19 RMSE(val)=62.109943
[GA][Iter1] Gen:3 Ind:20 RMSE(val)=62.063176
[GA][Iter1] gen=3 best_val_rmse=62.032940
[GA][Iter1] Gen:4 Ind:1 RMSE(val)=62.032940
[GA][Iter1] Gen:4 Ind:2 RMSE(val)=62.047184
[GA][Iter1] Gen:4 Ind:3 RMSE(val)=62.048306
[GA][Iter1] Gen:4 Ind:4 RMSE(val)=62.049085
[GA][Iter1] Gen:4 Ind:5 RMSE(val)=62.063176
[GA][Iter1] Gen:4 Ind:6 RMSE(val)=62.106705
[GA][Iter1] Gen:4 Ind:7 RMSE(val)=62.106705
[GA][Iter1] Gen:4 Ind:8 RMSE(val)=62.109943
[GA][Iter1] Gen:4 Ind:9 RMSE(val)=62.119680
[GA][Iter1] Gen:4 Ind:10 RMSE(val)=62.168202
[GA][Iter1] Gen:4 Ind:11 RMSE(val)=61.998286
[GA][Iter1] Gen:4 Ind:12 RMSE(val)=62.119680
[GA][Iter1] Gen:4 Ind:13 RMSE(val)=62.030495
[GA][Iter1] Gen:4 Ind:14 RMSE(val)=62.106705
[GA][Iter1] Gen:4 Ind:15 RMSE(val)=62.109943
[GA][Iter1] Gen:4 Ind:16 RMSE(val)=63.909746
[GA][Iter1] Gen:4 Ind:17 RMSE(val)=62.063176
[GA][Iter1] Gen:4 Ind:18 RMSE(val)=62.115701
[GA][Iter1] Gen:4 Ind:19 RMSE(val)=62.063176
[GA][Iter1] Gen:4 Ind:20 RMSE(val)=62.152296
[GA][Iter1] gen=4 best_val_rmse=61.998286
[GA][Iter1] Gen:5 Ind:1 RMSE(val)=61.998286
[GA][Iter1] Gen:5 Ind:2 RMSE(val)=62.030495
[GA][Iter1] Gen:5 Ind:3 RMSE(val)=62.032940
[GA][Iter1] Gen:5 Ind:4 RMSE(val)=62.047184
[GA][Iter1] Gen:5 Ind:5 RMSE(val)=62.048306
[GA][Iter1] Gen:5 Ind:6 RMSE(val)=62.049085
[GA][Iter1] Gen:5 Ind:7 RMSE(val)=62.063176
[GA][Iter1] Gen:5 Ind:8 RMSE(val)=62.063176
[GA][Iter1] Gen:5 Ind:9 RMSE(val)=62.063176
[GA][Iter1] Gen:5 Ind:10 RMSE(val)=62.106705
[GA][Iter1] Gen:5 Ind:11 RMSE(val)=62.033028
[GA][Iter1] Gen:5 Ind:12 RMSE(val)=63.911049
[GA][Iter1] Gen:5 Ind:13 RMSE(val)=62.212210
[GA][Iter1] Gen:5 Ind:14 RMSE(val)=62.326415
[GA][Iter1] Gen:5 Ind:15 RMSE(val)=62.238918
[GA][Iter1] Gen:5 Ind:16 RMSE(val)=62.063176
[GA][Iter1] Gen:5 Ind:17 RMSE(val)=64.352196
[GA][Iter1] Gen:5 Ind:18 RMSE(val)=62.106705
[GA][Iter1] Gen:5 Ind:19 RMSE(val)=62.063176
[GA][Iter1] Gen:5 Ind:20 RMSE(val)=62.063176
[GA][Iter1] gen=5 best_val_rmse=61.998286
[GA][Iter1] Gen:6 Ind:1 RMSE(val)=61.998286
[GA][Iter1] Gen:6 Ind:2 RMSE(val)=62.030495
[GA][Iter1] Gen:6 Ind:3 RMSE(val)=62.032940
[GA][Iter1] Gen:6 Ind:4 RMSE(val)=62.033028
[GA][Iter1] Gen:6 Ind:5 RMSE(val)=62.047184
[GA][Iter1] Gen:6 Ind:6 RMSE(val)=62.048306
[GA][Iter1] Gen:6 Ind:7 RMSE(val)=62.049085
[GA][Iter1] Gen:6 Ind:8 RMSE(val)=62.063176
[GA][Iter1] Gen:6 Ind:9 RMSE(val)=62.063176
[GA][Iter1] Gen:6 Ind:10 RMSE(val)=62.063176
[GA][Iter1] Gen:6 Ind:11 RMSE(val)=62.032940
[GA][Iter1] Gen:6 Ind:12 RMSE(val)=62.033028
[GA][Iter1] Gen:6 Ind:13 RMSE(val)=62.047184
[GA][Iter1] Gen:6 Ind:14 RMSE(val)=62.074834
[GA][Iter1] Gen:6 Ind:15 RMSE(val)=62.063176
[GA][Iter1] Gen:6 Ind:16 RMSE(val)=64.323615
[GA][Iter1] Gen:6 Ind:17 RMSE(val)=62.047184
[GA][Iter1] Gen:6 Ind:18 RMSE(val)=62.021264
[GA][Iter1] Gen:6 Ind:19 RMSE(val)=62.063176
[GA][Iter1] Gen:6 Ind:20 RMSE(val)=62.030495
[GA][Iter1] gen=6 best_val_rmse=61.998286
[GA][Iter1] Gen:7 Ind:1 RMSE(val)=61.998286
[GA][Iter1] Gen:7 Ind:2 RMSE(val)=62.021264
[GA][Iter1] Gen:7 Ind:3 RMSE(val)=62.030495
[GA][Iter1] Gen:7 Ind:4 RMSE(val)=62.030495
[GA][Iter1] Gen:7 Ind:5 RMSE(val)=62.032940
[GA][Iter1] Gen:7 Ind:6 RMSE(val)=62.032940
[GA][Iter1] Gen:7 Ind:7 RMSE(val)=62.033028
[GA][Iter1] Gen:7 Ind:8 RMSE(val)=62.033028
[GA][Iter1] Gen:7 Ind:9 RMSE(val)=62.047184
[GA][Iter1] Gen:7 Ind:10 RMSE(val)=62.047184
[GA][Iter1] Gen:7 Ind:11 RMSE(val)=62.021264
[GA][Iter1] Gen:7 Ind:12 RMSE(val)=62.021264
[GA][Iter1] Gen:7 Ind:13 RMSE(val)=62.109943
[GA][Iter1] Gen:7 Ind:14 RMSE(val)=62.033028
[GA][Iter1] Gen:7 Ind:15 RMSE(val)=62.033028
[GA][Iter1] Gen:7 Ind:16 RMSE(val)=64.363440
[GA][Iter1] Gen:7 Ind:17 RMSE(val)=64.015085
[GA][Iter1] Gen:7 Ind:18 RMSE(val)=62.109943
[GA][Iter1] Gen:7 Ind:19 RMSE(val)=62.047184
[GA][Iter1] Gen:7 Ind:20 RMSE(val)=62.106705
[GA][Iter1] gen=7 best_val_rmse=61.998286
[GA][Iter1] Gen:8 Ind:1 RMSE(val)=61.998286
[GA][Iter1] Gen:8 Ind:2 RMSE(val)=62.021264
[GA][Iter1] Gen:8 Ind:3 RMSE(val)=62.021264
[GA][Iter1] Gen:8 Ind:4 RMSE(val)=62.021264
[GA][Iter1] Gen:8 Ind:5 RMSE(val)=62.030495
[GA][Iter1] Gen:8 Ind:6 RMSE(val)=62.030495
[GA][Iter1] Gen:8 Ind:7 RMSE(val)=62.032940
[GA][Iter1] Gen:8 Ind:8 RMSE(val)=62.032940
[GA][Iter1] Gen:8 Ind:9 RMSE(val)=62.033028
[GA][Iter1] Gen:8 Ind:10 RMSE(val)=62.033028
[GA][Iter1] Gen:8 Ind:11 RMSE(val)=62.063176
[GA][Iter1] Gen:8 Ind:12 RMSE(val)=62.021264
[GA][Iter1] Gen:8 Ind:13 RMSE(val)=62.063176
[GA][Iter1] Gen:8 Ind:14 RMSE(val)=62.028787
[GA][Iter1] Gen:8 Ind:15 RMSE(val)=62.032940
[GA][Iter1] Gen:8 Ind:16 RMSE(val)=61.998286
[GA][Iter1] Gen:8 Ind:17 RMSE(val)=62.032940
[GA][Iter1] Gen:8 Ind:18 RMSE(val)=67.593280
[GA][Iter1] Gen:8 Ind:19 RMSE(val)=62.331041
[GA][Iter1] Gen:8 Ind:20 RMSE(val)=62.032940
[GA][Iter1] gen=8 best_val_rmse=61.998286
[GA][Iter1] Gen:9 Ind:1 RMSE(val)=61.998286
[GA][Iter1] Gen:9 Ind:2 RMSE(val)=61.998286
[GA][Iter1] Gen:9 Ind:3 RMSE(val)=62.021264
[GA][Iter1] Gen:9 Ind:4 RMSE(val)=62.021264
[GA][Iter1] Gen:9 Ind:5 RMSE(val)=62.021264
[GA][Iter1] Gen:9 Ind:6 RMSE(val)=62.021264
[GA][Iter1] Gen:9 Ind:7 RMSE(val)=62.028787
[GA][Iter1] Gen:9 Ind:8 RMSE(val)=62.030495
[GA][Iter1] Gen:9 Ind:9 RMSE(val)=62.030495
[GA][Iter1] Gen:9 Ind:10 RMSE(val)=62.032940
[GA][Iter1] Gen:9 Ind:11 RMSE(val)=62.221940
[GA][Iter1] Gen:9 Ind:12 RMSE(val)=63.866291
[GA][Iter1] Gen:9 Ind:13 RMSE(val)=62.340401
[GA][Iter1] Gen:9 Ind:14 RMSE(val)=62.028787
[GA][Iter1] Gen:9 Ind:15 RMSE(val)=62.212210
[GA][Iter1] Gen:9 Ind:16 RMSE(val)=62.021264
[GA][Iter1] Gen:9 Ind:17 RMSE(val)=64.630844
[GA][Iter1] Gen:9 Ind:18 RMSE(val)=62.021264
[GA][Iter1] Gen:9 Ind:19 RMSE(val)=62.032940
[GA][Iter1] Gen:9 Ind:20 RMSE(val)=62.028787
[GA][Iter1] gen=9 best_val_rmse=61.998286
[GA][Iter1] Gen:10 Ind:1 RMSE(val)=61.998286
[GA][Iter1] Gen:10 Ind:2 RMSE(val)=61.998286
[GA][Iter1] Gen:10 Ind:3 RMSE(val)=62.021264
[GA][Iter1] Gen:10 Ind:4 RMSE(val)=62.021264
[GA][Iter1] Gen:10 Ind:5 RMSE(val)=62.021264
[GA][Iter1] Gen:10 Ind:6 RMSE(val)=62.021264
[GA][Iter1] Gen:10 Ind:7 RMSE(val)=62.021264
[GA][Iter1] Gen:10 Ind:8 RMSE(val)=62.021264
[GA][Iter1] Gen:10 Ind:9 RMSE(val)=62.028787
[GA][Iter1] Gen:10 Ind:10 RMSE(val)=62.028787
[GA][Iter1] Gen:10 Ind:11 RMSE(val)=62.021264
[GA][Iter1] Gen:10 Ind:12 RMSE(val)=61.998286
[GA][Iter1] Gen:10 Ind:13 RMSE(val)=61.998286
[GA][Iter1] Gen:10 Ind:14 RMSE(val)=62.021264
[GA][Iter1] Gen:10 Ind:15 RMSE(val)=62.466381
[GA][Iter1] Gen:10 Ind:16 RMSE(val)=61.988850
[GA][Iter1] Gen:10 Ind:17 RMSE(val)=61.998286
[GA][Iter1] Gen:10 Ind:18 RMSE(val)=62.028787
[GA][Iter1] Gen:10 Ind:19 RMSE(val)=62.028787
[GA][Iter1] Gen:10 Ind:20 RMSE(val)=62.021264
[GA][Iter1] gen=10 best_val_rmse=61.988850
[GA][Iter1] Gen:11 Ind:1 RMSE(val)=61.988850
[GA][Iter1] Gen:11 Ind:2 RMSE(val)=61.998286
[GA][Iter1] Gen:11 Ind:3 RMSE(val)=61.998286
[GA][Iter1] Gen:11 Ind:4 RMSE(val)=61.998286
[GA][Iter1] Gen:11 Ind:5 RMSE(val)=61.998286
[GA][Iter1] Gen:11 Ind:6 RMSE(val)=61.998286
[GA][Iter1] Gen:11 Ind:7 RMSE(val)=62.021264
[GA][Iter1] Gen:11 Ind:8 RMSE(val)=62.021264
[GA][Iter1] Gen:11 Ind:9 RMSE(val)=62.021264
[GA][Iter1] Gen:11 Ind:10 RMSE(val)=62.021264
[GA][Iter1] Gen:11 Ind:11 RMSE(val)=61.998286
[GA][Iter1] Gen:11 Ind:12 RMSE(val)=61.998286
[GA][Iter1] Gen:11 Ind:13 RMSE(val)=62.021264
[GA][Iter1] Gen:11 Ind:14 RMSE(val)=62.021264
[GA][Iter1] Gen:11 Ind:15 RMSE(val)=62.018692
[GA][Iter1] Gen:11 Ind:16 RMSE(val)=62.021264
[GA][Iter1] Gen:11 Ind:17 RMSE(val)=61.998286
[GA][Iter1] Gen:11 Ind:18 RMSE(val)=61.998286
[GA][Iter1] Gen:11 Ind:19 RMSE(val)=62.021264
[GA][Iter1] Gen:11 Ind:20 RMSE(val)=62.021264
[GA][Iter1] gen=11 best_val_rmse=61.988850
[GA][Iter1] Gen:12 Ind:1 RMSE(val)=61.988850
[GA][Iter1] Gen:12 Ind:2 RMSE(val)=61.998286
[GA][Iter1] Gen:12 Ind:3 RMSE(val)=61.998286
[GA][Iter1] Gen:12 Ind:4 RMSE(val)=61.998286
[GA][Iter1] Gen:12 Ind:5 RMSE(val)=61.998286
[GA][Iter1] Gen:12 Ind:6 RMSE(val)=61.998286
[GA][Iter1] Gen:12 Ind:7 RMSE(val)=61.998286
[GA][Iter1] Gen:12 Ind:8 RMSE(val)=61.998286
[GA][Iter1] Gen:12 Ind:9 RMSE(val)=61.998286
[GA][Iter1] Gen:12 Ind:10 RMSE(val)=61.998286
[GA][Iter1] Gen:12 Ind:11 RMSE(val)=61.998286
[GA][Iter1] Gen:12 Ind:12 RMSE(val)=61.998286
[GA][Iter1] Gen:12 Ind:13 RMSE(val)=61.998286
[GA][Iter1] Gen:12 Ind:14 RMSE(val)=61.998286
[GA][Iter1] Gen:12 Ind:15 RMSE(val)=61.998286
[GA][Iter1] Gen:12 Ind:16 RMSE(val)=61.998286
[GA][Iter1] Gen:12 Ind:17 RMSE(val)=61.998286
[GA][Iter1] Gen:12 Ind:18 RMSE(val)=61.998286
[GA][Iter1] Gen:12 Ind:19 RMSE(val)=61.998286
[GA][Iter1] Gen:12 Ind:20 RMSE(val)=61.977183
[GA][Iter1] gen=12 best_val_rmse=61.977183
[GA][Iter1] Gen:13 Ind:1 RMSE(val)=61.977183
[GA][Iter1] Gen:13 Ind:2 RMSE(val)=61.988850
[GA][Iter1] Gen:13 Ind:3 RMSE(val)=61.998286
[GA][Iter1] Gen:13 Ind:4 RMSE(val)=61.998286
[GA][Iter1] Gen:13 Ind:5 RMSE(val)=61.998286
[GA][Iter1] Gen:13 Ind:6 RMSE(val)=61.998286
[GA][Iter1] Gen:13 Ind:7 RMSE(val)=61.998286
[GA][Iter1] Gen:13 Ind:8 RMSE(val)=61.998286
[GA][Iter1] Gen:13 Ind:9 RMSE(val)=61.998286
[GA][Iter1] Gen:13 Ind:10 RMSE(val)=61.998286
[GA][Iter1] Gen:13 Ind:11 RMSE(val)=61.998286
[GA][Iter1] Gen:13 Ind:12 RMSE(val)=62.017471
[GA][Iter1] Gen:13 Ind:13 RMSE(val)=62.531522
[GA][Iter1] Gen:13 Ind:14 RMSE(val)=61.998286
[GA][Iter1] Gen:13 Ind:15 RMSE(val)=61.998286
[GA][Iter1] Gen:13 Ind:16 RMSE(val)=62.033028
[GA][Iter1] Gen:13 Ind:17 RMSE(val)=61.977183
[GA][Iter1] Gen:13 Ind:18 RMSE(val)=61.998286
[GA][Iter1] Gen:13 Ind:19 RMSE(val)=62.017471
[GA][Iter1] Gen:13 Ind:20 RMSE(val)=62.001807
[GA][Iter1] gen=13 best_val_rmse=61.977183
[GA][Iter1] Gen:14 Ind:1 RMSE(val)=61.977183
[GA][Iter1] Gen:14 Ind:2 RMSE(val)=61.977183
[GA][Iter1] Gen:14 Ind:3 RMSE(val)=61.988850
[GA][Iter1] Gen:14 Ind:4 RMSE(val)=61.998286
[GA][Iter1] Gen:14 Ind:5 RMSE(val)=61.998286
[GA][Iter1] Gen:14 Ind:6 RMSE(val)=61.998286
[GA][Iter1] Gen:14 Ind:7 RMSE(val)=61.998286
[GA][Iter1] Gen:14 Ind:8 RMSE(val)=61.998286
[GA][Iter1] Gen:14 Ind:9 RMSE(val)=61.998286
[GA][Iter1] Gen:14 Ind:10 RMSE(val)=61.998286
[GA][Iter1] Gen:14 Ind:11 RMSE(val)=61.998286
[GA][Iter1] Gen:14 Ind:12 RMSE(val)=61.998286
[GA][Iter1] Gen:14 Ind:13 RMSE(val)=61.998286
[GA][Iter1] Gen:14 Ind:14 RMSE(val)=62.009119
[GA][Iter1] Gen:14 Ind:15 RMSE(val)=61.970209
[GA][Iter1] Gen:14 Ind:16 RMSE(val)=61.998286
[GA][Iter1] Gen:14 Ind:17 RMSE(val)=61.998286
[GA][Iter1] Gen:14 Ind:18 RMSE(val)=61.998286
[GA][Iter1] Gen:14 Ind:19 RMSE(val)=62.569324
[GA][Iter1] Gen:14 Ind:20 RMSE(val)=61.998286
[GA][Iter1] gen=14 best_val_rmse=61.970209
[GA][Iter1] Gen:15 Ind:1 RMSE(val)=61.970209
[GA][Iter1] Gen:15 Ind:2 RMSE(val)=61.977183
[GA][Iter1] Gen:15 Ind:3 RMSE(val)=61.977183
[GA][Iter1] Gen:15 Ind:4 RMSE(val)=61.988850
[GA][Iter1] Gen:15 Ind:5 RMSE(val)=61.998286
[GA][Iter1] Gen:15 Ind:6 RMSE(val)=61.998286
[GA][Iter1] Gen:15 Ind:7 RMSE(val)=61.998286
[GA][Iter1] Gen:15 Ind:8 RMSE(val)=61.998286
[GA][Iter1] Gen:15 Ind:9 RMSE(val)=61.998286
[GA][Iter1] Gen:15 Ind:10 RMSE(val)=61.998286
[GA][Iter1] Gen:15 Ind:11 RMSE(val)=61.998286
[GA][Iter1] Gen:15 Ind:12 RMSE(val)=61.977183
[GA][Iter1] Gen:15 Ind:13 RMSE(val)=61.982535
[GA][Iter1] Gen:15 Ind:14 RMSE(val)=61.929061
[GA][Iter1] Gen:15 Ind:15 RMSE(val)=61.970209
[GA][Iter1] Gen:15 Ind:16 RMSE(val)=61.970209
[GA][Iter1] Gen:15 Ind:17 RMSE(val)=61.998286
[GA][Iter1] Gen:15 Ind:18 RMSE(val)=62.238614
[GA][Iter1] Gen:15 Ind:19 RMSE(val)=61.910564
[GA][Iter1] Gen:15 Ind:20 RMSE(val)=61.998286
[GA][Iter1] gen=15 best_val_rmse=61.910564
[GA][Iter1] Gen:15 Ind:1 RMSE(val)=61.910564
[GA][Iter1] Gen:15 Ind:2 RMSE(val)=61.929061
[GA][Iter1] Gen:15 Ind:3 RMSE(val)=61.970209
[GA][Iter1] Gen:15 Ind:4 RMSE(val)=61.970209
[GA][Iter1] Gen:15 Ind:5 RMSE(val)=61.970209
[GA][Iter1] Gen:15 Ind:6 RMSE(val)=61.977183
[GA][Iter1] Gen:15 Ind:7 RMSE(val)=61.977183
[GA][Iter1] Gen:15 Ind:8 RMSE(val)=61.977183
[GA][Iter1] Gen:15 Ind:9 RMSE(val)=61.982535
[GA][Iter1] Gen:15 Ind:10 RMSE(val)=61.988850
[GA][Iter1] Gen:15 Ind:11 RMSE(val)=61.977183
[GA][Iter1] Gen:15 Ind:12 RMSE(val)=61.910564
[GA][Iter1] Gen:15 Ind:13 RMSE(val)=61.970209
[GA][Iter1] Gen:15 Ind:14 RMSE(val)=61.977183
[GA][Iter1] Gen:15 Ind:15 RMSE(val)=62.086253
[GA][Iter1] Gen:15 Ind:16 RMSE(val)=61.977183
[GA][Iter1] Gen:15 Ind:17 RMSE(val)=61.977183
[GA][Iter1] Gen:15 Ind:18 RMSE(val)=61.970209
[GA][Iter1] Gen:15 Ind:19 RMSE(val)=62.008908
[GA][Iter1] Gen:15 Ind:20 RMSE(val)=61.988850

[GA DONE][Iter1] Best params on val fold of Iter1
Best val RMSE: 61.910564
Best params: {'n_estimators': 1309, 'max_depth': None, 'min_samples_split': 4, 'min_samples_leaf': 13, 'max_features': 'log2', 'bootstrap': True}
--------------------------------------------------------------------------------
[RETUNE GA] Iter1: train folds 1..5 -> test fold 6  RMSE=69.558240  NRMSE=0.987148  CVRMSE=0.069627  R2=0.014208
[GA][Iter2] Gen:1 Ind:1 RMSE(val)=70.594677
[GA][Iter2] Gen:1 Ind:2 RMSE(val)=70.060708
[GA][Iter2] Gen:1 Ind:3 RMSE(val)=73.726662
[GA][Iter2] Gen:1 Ind:4 RMSE(val)=71.207971
[GA][Iter2] Gen:1 Ind:5 RMSE(val)=83.757069
[GA][Iter2] Gen:1 Ind:6 RMSE(val)=71.252961
[GA][Iter2] Gen:1 Ind:7 RMSE(val)=71.133355
[GA][Iter2] Gen:1 Ind:8 RMSE(val)=71.567611
[GA][Iter2] Gen:1 Ind:9 RMSE(val)=70.068877
[GA][Iter2] Gen:1 Ind:10 RMSE(val)=71.914442
[GA][Iter2] Gen:1 Ind:11 RMSE(val)=71.350072
[GA][Iter2] Gen:1 Ind:12 RMSE(val)=74.936618
[GA][Iter2] Gen:1 Ind:13 RMSE(val)=70.932536
[GA][Iter2] Gen:1 Ind:14 RMSE(val)=72.187419
[GA][Iter2] Gen:1 Ind:15 RMSE(val)=72.293186
[GA][Iter2] Gen:1 Ind:16 RMSE(val)=70.986640
[GA][Iter2] Gen:1 Ind:17 RMSE(val)=70.872253
[GA][Iter2] Gen:1 Ind:18 RMSE(val)=71.760195
[GA][Iter2] Gen:1 Ind:19 RMSE(val)=73.842236
[GA][Iter2] Gen:1 Ind:20 RMSE(val)=78.072640
[GA][Iter2] gen=1 best_val_rmse=70.060708
[GA][Iter2] Gen:2 Ind:1 RMSE(val)=70.060708
[GA][Iter2] Gen:2 Ind:2 RMSE(val)=70.068877
[GA][Iter2] Gen:2 Ind:3 RMSE(val)=70.594677
[GA][Iter2] Gen:2 Ind:4 RMSE(val)=70.872253
[GA][Iter2] Gen:2 Ind:5 RMSE(val)=70.932536
[GA][Iter2] Gen:2 Ind:6 RMSE(val)=70.986640
[GA][Iter2] Gen:2 Ind:7 RMSE(val)=71.133355
[GA][Iter2] Gen:2 Ind:8 RMSE(val)=71.207971
[GA][Iter2] Gen:2 Ind:9 RMSE(val)=71.252961
[GA][Iter2] Gen:2 Ind:10 RMSE(val)=71.350072
[GA][Iter2] Gen:2 Ind:11 RMSE(val)=70.149510
[GA][Iter2] Gen:2 Ind:12 RMSE(val)=70.150197
[GA][Iter2] Gen:2 Ind:13 RMSE(val)=70.040006
[GA][Iter2] Gen:2 Ind:14 RMSE(val)=71.313442
[GA][Iter2] Gen:2 Ind:15 RMSE(val)=77.546715
[GA][Iter2] Gen:2 Ind:16 RMSE(val)=70.872253
[GA][Iter2] Gen:2 Ind:17 RMSE(val)=71.283829
[GA][Iter2] Gen:2 Ind:18 RMSE(val)=69.947155
[GA][Iter2] Gen:2 Ind:19 RMSE(val)=71.350072
[GA][Iter2] Gen:2 Ind:20 RMSE(val)=70.060708
[GA][Iter2] gen=2 best_val_rmse=69.947155
[GA][Iter2] Gen:3 Ind:1 RMSE(val)=69.947155
[GA][Iter2] Gen:3 Ind:2 RMSE(val)=70.040006
[GA][Iter2] Gen:3 Ind:3 RMSE(val)=70.060708
[GA][Iter2] Gen:3 Ind:4 RMSE(val)=70.060708
[GA][Iter2] Gen:3 Ind:5 RMSE(val)=70.068877
[GA][Iter2] Gen:3 Ind:6 RMSE(val)=70.149510
[GA][Iter2] Gen:3 Ind:7 RMSE(val)=70.150197
[GA][Iter2] Gen:3 Ind:8 RMSE(val)=70.594677
[GA][Iter2] Gen:3 Ind:9 RMSE(val)=70.872253
[GA][Iter2] Gen:3 Ind:10 RMSE(val)=70.872253
[GA][Iter2] Gen:3 Ind:11 RMSE(val)=70.060708
[GA][Iter2] Gen:3 Ind:12 RMSE(val)=70.060708
[GA][Iter2] Gen:3 Ind:13 RMSE(val)=70.116433
[GA][Iter2] Gen:3 Ind:14 RMSE(val)=70.930943
[GA][Iter2] Gen:3 Ind:15 RMSE(val)=70.040006
[GA][Iter2] Gen:3 Ind:16 RMSE(val)=69.947155
[GA][Iter2] Gen:3 Ind:17 RMSE(val)=69.751010
[GA][Iter2] Gen:3 Ind:18 RMSE(val)=70.040006
[GA][Iter2] Gen:3 Ind:19 RMSE(val)=70.930943
[GA][Iter2] Gen:3 Ind:20 RMSE(val)=70.908399
[GA][Iter2] gen=3 best_val_rmse=69.751010
[GA][Iter2] Gen:4 Ind:1 RMSE(val)=69.751010
[GA][Iter2] Gen:4 Ind:2 RMSE(val)=69.947155
[GA][Iter2] Gen:4 Ind:3 RMSE(val)=69.947155
[GA][Iter2] Gen:4 Ind:4 RMSE(val)=70.040006
[GA][Iter2] Gen:4 Ind:5 RMSE(val)=70.040006
[GA][Iter2] Gen:4 Ind:6 RMSE(val)=70.040006
[GA][Iter2] Gen:4 Ind:7 RMSE(val)=70.060708
[GA][Iter2] Gen:4 Ind:8 RMSE(val)=70.060708
[GA][Iter2] Gen:4 Ind:9 RMSE(val)=70.060708
[GA][Iter2] Gen:4 Ind:10 RMSE(val)=70.060708
[GA][Iter2] Gen:4 Ind:11 RMSE(val)=70.078354
[GA][Iter2] Gen:4 Ind:12 RMSE(val)=69.822304
[GA][Iter2] Gen:4 Ind:13 RMSE(val)=69.947155
[GA][Iter2] Gen:4 Ind:14 RMSE(val)=70.040006
[GA][Iter2] Gen:4 Ind:15 RMSE(val)=70.060708
[GA][Iter2] Gen:4 Ind:16 RMSE(val)=69.947155
[GA][Iter2] Gen:4 Ind:17 RMSE(val)=70.040006
[GA][Iter2] Gen:4 Ind:18 RMSE(val)=70.060708
[GA][Iter2] Gen:4 Ind:19 RMSE(val)=70.068877
[GA][Iter2] Gen:4 Ind:20 RMSE(val)=70.060708
[GA][Iter2] gen=4 best_val_rmse=69.751010
[GA][Iter2] Gen:5 Ind:1 RMSE(val)=69.751010
[GA][Iter2] Gen:5 Ind:2 RMSE(val)=69.822304
[GA][Iter2] Gen:5 Ind:3 RMSE(val)=69.947155
[GA][Iter2] Gen:5 Ind:4 RMSE(val)=69.947155
[GA][Iter2] Gen:5 Ind:5 RMSE(val)=69.947155
[GA][Iter2] Gen:5 Ind:6 RMSE(val)=69.947155
[GA][Iter2] Gen:5 Ind:7 RMSE(val)=70.040006
[GA][Iter2] Gen:5 Ind:8 RMSE(val)=70.040006
[GA][Iter2] Gen:5 Ind:9 RMSE(val)=70.040006
[GA][Iter2] Gen:5 Ind:10 RMSE(val)=70.040006
[GA][Iter2] Gen:5 Ind:11 RMSE(val)=69.947155
[GA][Iter2] Gen:5 Ind:12 RMSE(val)=69.947155
[GA][Iter2] Gen:5 Ind:13 RMSE(val)=70.071786
[GA][Iter2] Gen:5 Ind:14 RMSE(val)=69.947155
[GA][Iter2] Gen:5 Ind:15 RMSE(val)=69.801779
[GA][Iter2] Gen:5 Ind:16 RMSE(val)=70.040006
[GA][Iter2] Gen:5 Ind:17 RMSE(val)=70.060708
[GA][Iter2] Gen:5 Ind:18 RMSE(val)=70.040006
[GA][Iter2] Gen:5 Ind:19 RMSE(val)=70.040006
[GA][Iter2] Gen:5 Ind:20 RMSE(val)=70.040006
[GA][Iter2] gen=5 best_val_rmse=69.751010
[GA][Iter2] Gen:6 Ind:1 RMSE(val)=69.751010
[GA][Iter2] Gen:6 Ind:2 RMSE(val)=69.801779
[GA][Iter2] Gen:6 Ind:3 RMSE(val)=69.822304
[GA][Iter2] Gen:6 Ind:4 RMSE(val)=69.947155
[GA][Iter2] Gen:6 Ind:5 RMSE(val)=69.947155
[GA][Iter2] Gen:6 Ind:6 RMSE(val)=69.947155
[GA][Iter2] Gen:6 Ind:7 RMSE(val)=69.947155
[GA][Iter2] Gen:6 Ind:8 RMSE(val)=69.947155
[GA][Iter2] Gen:6 Ind:9 RMSE(val)=69.947155
[GA][Iter2] Gen:6 Ind:10 RMSE(val)=69.947155
[GA][Iter2] Gen:6 Ind:11 RMSE(val)=70.060708
[GA][Iter2] Gen:6 Ind:12 RMSE(val)=69.947155
[GA][Iter2] Gen:6 Ind:13 RMSE(val)=69.947155
[GA][Iter2] Gen:6 Ind:14 RMSE(val)=70.053137
[GA][Iter2] Gen:6 Ind:15 RMSE(val)=69.947155
[GA][Iter2] Gen:6 Ind:16 RMSE(val)=69.750591
[GA][Iter2] Gen:6 Ind:17 RMSE(val)=69.801779
[GA][Iter2] Gen:6 Ind:18 RMSE(val)=69.669774
[GA][Iter2] Gen:6 Ind:19 RMSE(val)=69.947155
[GA][Iter2] Gen:6 Ind:20 RMSE(val)=73.786085
[GA][Iter2] gen=6 best_val_rmse=69.669774
[GA][Iter2] Gen:7 Ind:1 RMSE(val)=69.669774
[GA][Iter2] Gen:7 Ind:2 RMSE(val)=69.750591
[GA][Iter2] Gen:7 Ind:3 RMSE(val)=69.751010
[GA][Iter2] Gen:7 Ind:4 RMSE(val)=69.801779
[GA][Iter2] Gen:7 Ind:5 RMSE(val)=69.801779
[GA][Iter2] Gen:7 Ind:6 RMSE(val)=69.822304
[GA][Iter2] Gen:7 Ind:7 RMSE(val)=69.947155
[GA][Iter2] Gen:7 Ind:8 RMSE(val)=69.947155
[GA][Iter2] Gen:7 Ind:9 RMSE(val)=69.947155
[GA][Iter2] Gen:7 Ind:10 RMSE(val)=69.947155
[GA][Iter2] Gen:7 Ind:11 RMSE(val)=69.994670
[GA][Iter2] Gen:7 Ind:12 RMSE(val)=69.994670
[GA][Iter2] Gen:7 Ind:13 RMSE(val)=69.677460
[GA][Iter2] Gen:7 Ind:14 RMSE(val)=69.947155
[GA][Iter2] Gen:7 Ind:15 RMSE(val)=69.835740
[GA][Iter2] Gen:7 Ind:16 RMSE(val)=69.947155
[GA][Iter2] Gen:7 Ind:17 RMSE(val)=69.947155
[GA][Iter2] Gen:7 Ind:18 RMSE(val)=70.025567
[GA][Iter2] Gen:7 Ind:19 RMSE(val)=69.669774
[GA][Iter2] Gen:7 Ind:20 RMSE(val)=69.801779
[GA][Iter2] gen=7 best_val_rmse=69.669774
[GA][Iter2] Gen:8 Ind:1 RMSE(val)=69.669774
[GA][Iter2] Gen:8 Ind:2 RMSE(val)=69.669774
[GA][Iter2] Gen:8 Ind:3 RMSE(val)=69.677460
[GA][Iter2] Gen:8 Ind:4 RMSE(val)=69.750591
[GA][Iter2] Gen:8 Ind:5 RMSE(val)=69.751010
[GA][Iter2] Gen:8 Ind:6 RMSE(val)=69.801779
[GA][Iter2] Gen:8 Ind:7 RMSE(val)=69.801779
[GA][Iter2] Gen:8 Ind:8 RMSE(val)=69.801779
[GA][Iter2] Gen:8 Ind:9 RMSE(val)=69.822304
[GA][Iter2] Gen:8 Ind:10 RMSE(val)=69.835740
[GA][Iter2] Gen:8 Ind:11 RMSE(val)=69.757488
[GA][Iter2] Gen:8 Ind:12 RMSE(val)=70.060708
[GA][Iter2] Gen:8 Ind:13 RMSE(val)=69.866719
[GA][Iter2] Gen:8 Ind:14 RMSE(val)=69.660042
[GA][Iter2] Gen:8 Ind:15 RMSE(val)=69.835740
[GA][Iter2] Gen:8 Ind:16 RMSE(val)=69.677460
[GA][Iter2] Gen:8 Ind:17 RMSE(val)=69.757488
[GA][Iter2] Gen:8 Ind:18 RMSE(val)=69.982192
[GA][Iter2] Gen:8 Ind:19 RMSE(val)=69.669774
[GA][Iter2] Gen:8 Ind:20 RMSE(val)=69.801779
[GA][Iter2] gen=8 best_val_rmse=69.660042
[GA][Iter2] Gen:9 Ind:1 RMSE(val)=69.660042
[GA][Iter2] Gen:9 Ind:2 RMSE(val)=69.669774
[GA][Iter2] Gen:9 Ind:3 RMSE(val)=69.669774
[GA][Iter2] Gen:9 Ind:4 RMSE(val)=69.669774
[GA][Iter2] Gen:9 Ind:5 RMSE(val)=69.677460
[GA][Iter2] Gen:9 Ind:6 RMSE(val)=69.677460
[GA][Iter2] Gen:9 Ind:7 RMSE(val)=69.750591
[GA][Iter2] Gen:9 Ind:8 RMSE(val)=69.751010
[GA][Iter2] Gen:9 Ind:9 RMSE(val)=69.757488
[GA][Iter2] Gen:9 Ind:10 RMSE(val)=69.757488
[GA][Iter2] Gen:9 Ind:11 RMSE(val)=69.750591
[GA][Iter2] Gen:9 Ind:12 RMSE(val)=69.758914
[GA][Iter2] Gen:9 Ind:13 RMSE(val)=69.760802
[GA][Iter2] Gen:9 Ind:14 RMSE(val)=69.751010
[GA][Iter2] Gen:9 Ind:15 RMSE(val)=73.972384
[GA][Iter2] Gen:9 Ind:16 RMSE(val)=69.669774
[GA][Iter2] Gen:9 Ind:17 RMSE(val)=69.925200
[GA][Iter2] Gen:9 Ind:18 RMSE(val)=69.677460
[GA][Iter2] Gen:9 Ind:19 RMSE(val)=69.847595
[GA][Iter2] Gen:9 Ind:20 RMSE(val)=69.750591
[GA][Iter2] gen=9 best_val_rmse=69.660042
[GA][Iter2] Gen:10 Ind:1 RMSE(val)=69.660042
[GA][Iter2] Gen:10 Ind:2 RMSE(val)=69.669774
[GA][Iter2] Gen:10 Ind:3 RMSE(val)=69.669774
[GA][Iter2] Gen:10 Ind:4 RMSE(val)=69.669774
[GA][Iter2] Gen:10 Ind:5 RMSE(val)=69.669774
[GA][Iter2] Gen:10 Ind:6 RMSE(val)=69.677460
[GA][Iter2] Gen:10 Ind:7 RMSE(val)=69.677460
[GA][Iter2] Gen:10 Ind:8 RMSE(val)=69.677460
[GA][Iter2] Gen:10 Ind:9 RMSE(val)=69.750591
[GA][Iter2] Gen:10 Ind:10 RMSE(val)=69.750591
[GA][Iter2] Gen:10 Ind:11 RMSE(val)=69.669774
[GA][Iter2] Gen:10 Ind:12 RMSE(val)=69.660042
[GA][Iter2] Gen:10 Ind:13 RMSE(val)=69.669774
[GA][Iter2] Gen:10 Ind:14 RMSE(val)=69.669774
[GA][Iter2] Gen:10 Ind:15 RMSE(val)=69.669774
[GA][Iter2] Gen:10 Ind:16 RMSE(val)=69.639613
[GA][Iter2] Gen:10 Ind:17 RMSE(val)=69.669774
[GA][Iter2] Gen:10 Ind:18 RMSE(val)=69.750591
[GA][Iter2] Gen:10 Ind:19 RMSE(val)=69.750591
[GA][Iter2] Gen:10 Ind:20 RMSE(val)=69.669774
[GA][Iter2] gen=10 best_val_rmse=69.639613
[GA][Iter2] Gen:11 Ind:1 RMSE(val)=69.639613
[GA][Iter2] Gen:11 Ind:2 RMSE(val)=69.660042
[GA][Iter2] Gen:11 Ind:3 RMSE(val)=69.660042
[GA][Iter2] Gen:11 Ind:4 RMSE(val)=69.669774
[GA][Iter2] Gen:11 Ind:5 RMSE(val)=69.669774
[GA][Iter2] Gen:11 Ind:6 RMSE(val)=69.669774
[GA][Iter2] Gen:11 Ind:7 RMSE(val)=69.669774
[GA][Iter2] Gen:11 Ind:8 RMSE(val)=69.669774
[GA][Iter2] Gen:11 Ind:9 RMSE(val)=69.669774
[GA][Iter2] Gen:11 Ind:10 RMSE(val)=69.669774
[GA][Iter2] Gen:11 Ind:11 RMSE(val)=69.660042
[GA][Iter2] Gen:11 Ind:12 RMSE(val)=69.669774
[GA][Iter2] Gen:11 Ind:13 RMSE(val)=69.669774
[GA][Iter2] Gen:11 Ind:14 RMSE(val)=69.669774
[GA][Iter2] Gen:11 Ind:15 RMSE(val)=69.631272
[GA][Iter2] Gen:11 Ind:16 RMSE(val)=69.669774
[GA][Iter2] Gen:11 Ind:17 RMSE(val)=69.660042
[GA][Iter2] Gen:11 Ind:18 RMSE(val)=69.669774
[GA][Iter2] Gen:11 Ind:19 RMSE(val)=69.669774
[GA][Iter2] Gen:11 Ind:20 RMSE(val)=69.669774
[GA][Iter2] gen=11 best_val_rmse=69.631272
[GA][Iter2] Gen:12 Ind:1 RMSE(val)=69.631272
[GA][Iter2] Gen:12 Ind:2 RMSE(val)=69.639613
[GA][Iter2] Gen:12 Ind:3 RMSE(val)=69.660042
[GA][Iter2] Gen:12 Ind:4 RMSE(val)=69.660042
[GA][Iter2] Gen:12 Ind:5 RMSE(val)=69.660042
[GA][Iter2] Gen:12 Ind:6 RMSE(val)=69.660042
[GA][Iter2] Gen:12 Ind:7 RMSE(val)=69.669774
[GA][Iter2] Gen:12 Ind:8 RMSE(val)=69.669774
[GA][Iter2] Gen:12 Ind:9 RMSE(val)=69.669774
[GA][Iter2] Gen:12 Ind:10 RMSE(val)=69.669774
[GA][Iter2] Gen:12 Ind:11 RMSE(val)=69.660042
[GA][Iter2] Gen:12 Ind:12 RMSE(val)=69.736333
[GA][Iter2] Gen:12 Ind:13 RMSE(val)=69.639613
[GA][Iter2] Gen:12 Ind:14 RMSE(val)=69.669774
[GA][Iter2] Gen:12 Ind:15 RMSE(val)=69.669774
[GA][Iter2] Gen:12 Ind:16 RMSE(val)=69.669774
[GA][Iter2] Gen:12 Ind:17 RMSE(val)=69.669774
[GA][Iter2] Gen:12 Ind:18 RMSE(val)=69.660042
[GA][Iter2] Gen:12 Ind:19 RMSE(val)=69.660042
[GA][Iter2] Gen:12 Ind:20 RMSE(val)=69.612366
[GA][Iter2] gen=12 best_val_rmse=69.612366
[GA][Iter2] Gen:13 Ind:1 RMSE(val)=69.612366
[GA][Iter2] Gen:13 Ind:2 RMSE(val)=69.631272
[GA][Iter2] Gen:13 Ind:3 RMSE(val)=69.639613
[GA][Iter2] Gen:13 Ind:4 RMSE(val)=69.639613
[GA][Iter2] Gen:13 Ind:5 RMSE(val)=69.660042
[GA][Iter2] Gen:13 Ind:6 RMSE(val)=69.660042
[GA][Iter2] Gen:13 Ind:7 RMSE(val)=69.660042
[GA][Iter2] Gen:13 Ind:8 RMSE(val)=69.660042
[GA][Iter2] Gen:13 Ind:9 RMSE(val)=69.660042
[GA][Iter2] Gen:13 Ind:10 RMSE(val)=69.660042
[GA][Iter2] Gen:13 Ind:11 RMSE(val)=69.660042
[GA][Iter2] Gen:13 Ind:12 RMSE(val)=69.612366
[GA][Iter2] Gen:13 Ind:13 RMSE(val)=69.660042
[GA][Iter2] Gen:13 Ind:14 RMSE(val)=69.660042
[GA][Iter2] Gen:13 Ind:15 RMSE(val)=69.629487
[GA][Iter2] Gen:13 Ind:16 RMSE(val)=69.736333
[GA][Iter2] Gen:13 Ind:17 RMSE(val)=69.612366
[GA][Iter2] Gen:13 Ind:18 RMSE(val)=69.669774
[GA][Iter2] Gen:13 Ind:19 RMSE(val)=69.612366
[GA][Iter2] Gen:13 Ind:20 RMSE(val)=69.520442
[GA][Iter2] gen=13 best_val_rmse=69.520442
[GA][Iter2] Gen:14 Ind:1 RMSE(val)=69.520442
[GA][Iter2] Gen:14 Ind:2 RMSE(val)=69.612366
[GA][Iter2] Gen:14 Ind:3 RMSE(val)=69.612366
[GA][Iter2] Gen:14 Ind:4 RMSE(val)=69.612366
[GA][Iter2] Gen:14 Ind:5 RMSE(val)=69.612366
[GA][Iter2] Gen:14 Ind:6 RMSE(val)=69.629487
[GA][Iter2] Gen:14 Ind:7 RMSE(val)=69.631272
[GA][Iter2] Gen:14 Ind:8 RMSE(val)=69.639613
[GA][Iter2] Gen:14 Ind:9 RMSE(val)=69.639613
[GA][Iter2] Gen:14 Ind:10 RMSE(val)=69.660042
[GA][Iter2] Gen:14 Ind:11 RMSE(val)=69.660042
[GA][Iter2] Gen:14 Ind:12 RMSE(val)=70.151998
[GA][Iter2] Gen:14 Ind:13 RMSE(val)=69.660042
[GA][Iter2] Gen:14 Ind:14 RMSE(val)=69.619961
[GA][Iter2] Gen:14 Ind:15 RMSE(val)=69.669774
[GA][Iter2] Gen:14 Ind:16 RMSE(val)=69.629487
[GA][Iter2] Gen:14 Ind:17 RMSE(val)=69.660042
[GA][Iter2] Gen:14 Ind:18 RMSE(val)=69.639613
[GA][Iter2] Gen:14 Ind:19 RMSE(val)=69.719183
[GA][Iter2] Gen:14 Ind:20 RMSE(val)=69.631272
[GA][Iter2] gen=14 best_val_rmse=69.520442
[GA][Iter2] Gen:15 Ind:1 RMSE(val)=69.520442
[GA][Iter2] Gen:15 Ind:2 RMSE(val)=69.612366
[GA][Iter2] Gen:15 Ind:3 RMSE(val)=69.612366
[GA][Iter2] Gen:15 Ind:4 RMSE(val)=69.612366
[GA][Iter2] Gen:15 Ind:5 RMSE(val)=69.612366
[GA][Iter2] Gen:15 Ind:6 RMSE(val)=69.619961
[GA][Iter2] Gen:15 Ind:7 RMSE(val)=69.629487
[GA][Iter2] Gen:15 Ind:8 RMSE(val)=69.629487
[GA][Iter2] Gen:15 Ind:9 RMSE(val)=69.631272
[GA][Iter2] Gen:15 Ind:10 RMSE(val)=69.631272
[GA][Iter2] Gen:15 Ind:11 RMSE(val)=69.612366
[GA][Iter2] Gen:15 Ind:12 RMSE(val)=69.612366
[GA][Iter2] Gen:15 Ind:13 RMSE(val)=69.613402
[GA][Iter2] Gen:15 Ind:14 RMSE(val)=69.638721
[GA][Iter2] Gen:15 Ind:15 RMSE(val)=69.631272
[GA][Iter2] Gen:15 Ind:16 RMSE(val)=69.660042
[GA][Iter2] Gen:15 Ind:17 RMSE(val)=69.619961
[GA][Iter2] Gen:15 Ind:18 RMSE(val)=69.612366
[GA][Iter2] Gen:15 Ind:19 RMSE(val)=69.589972
[GA][Iter2] Gen:15 Ind:20 RMSE(val)=69.519405
[GA][Iter2] gen=15 best_val_rmse=69.519405
[GA][Iter2] Gen:15 Ind:1 RMSE(val)=69.519405
[GA][Iter2] Gen:15 Ind:2 RMSE(val)=69.520442
[GA][Iter2] Gen:15 Ind:3 RMSE(val)=69.589972
[GA][Iter2] Gen:15 Ind:4 RMSE(val)=69.612366
[GA][Iter2] Gen:15 Ind:5 RMSE(val)=69.612366
[GA][Iter2] Gen:15 Ind:6 RMSE(val)=69.612366
[GA][Iter2] Gen:15 Ind:7 RMSE(val)=69.612366
[GA][Iter2] Gen:15 Ind:8 RMSE(val)=69.612366
[GA][Iter2] Gen:15 Ind:9 RMSE(val)=69.612366
[GA][Iter2] Gen:15 Ind:10 RMSE(val)=69.612366
[GA][Iter2] Gen:15 Ind:11 RMSE(val)=69.589972
[GA][Iter2] Gen:15 Ind:12 RMSE(val)=69.520442
[GA][Iter2] Gen:15 Ind:13 RMSE(val)=69.612366
[GA][Iter2] Gen:15 Ind:14 RMSE(val)=69.520442
[GA][Iter2] Gen:15 Ind:15 RMSE(val)=69.587505
[GA][Iter2] Gen:15 Ind:16 RMSE(val)=69.612366
[GA][Iter2] Gen:15 Ind:17 RMSE(val)=69.612366
[GA][Iter2] Gen:15 Ind:18 RMSE(val)=69.589972
[GA][Iter2] Gen:15 Ind:19 RMSE(val)=69.570088
[GA][Iter2] Gen:15 Ind:20 RMSE(val)=69.612366

[GA DONE][Iter2] Best params on val fold of Iter2
Best val RMSE: 69.519405
Best params: {'n_estimators': 288, 'max_depth': 2, 'min_samples_split': 13, 'min_samples_leaf': 11, 'max_features': 'sqrt', 'bootstrap': True}
--------------------------------------------------------------------------------
[RETUNE GA] Iter2: train folds 1..6 -> test fold 7  RMSE=57.918738  NRMSE=0.933031  CVRMSE=0.055956  R2=0.119211
[GA][Iter3] Gen:1 Ind:1 RMSE(val)=55.062932
[GA][Iter3] Gen:1 Ind:2 RMSE(val)=55.954990
[GA][Iter3] Gen:1 Ind:3 RMSE(val)=54.819534
[GA][Iter3] Gen:1 Ind:4 RMSE(val)=54.611753
[GA][Iter3] Gen:1 Ind:5 RMSE(val)=68.223994
[GA][Iter3] Gen:1 Ind:6 RMSE(val)=54.668269
[GA][Iter3] Gen:1 Ind:7 RMSE(val)=55.251229
[GA][Iter3] Gen:1 Ind:8 RMSE(val)=54.382368
[GA][Iter3] Gen:1 Ind:9 RMSE(val)=54.265524
[GA][Iter3] Gen:1 Ind:10 RMSE(val)=54.301177
[GA][Iter3] Gen:1 Ind:11 RMSE(val)=54.393983
[GA][Iter3] Gen:1 Ind:12 RMSE(val)=55.514581
[GA][Iter3] Gen:1 Ind:13 RMSE(val)=55.209466
[GA][Iter3] Gen:1 Ind:14 RMSE(val)=53.646033
[GA][Iter3] Gen:1 Ind:15 RMSE(val)=54.905730
[GA][Iter3] Gen:1 Ind:16 RMSE(val)=54.188408
[GA][Iter3] Gen:1 Ind:17 RMSE(val)=54.929744
[GA][Iter3] Gen:1 Ind:18 RMSE(val)=54.472411
[GA][Iter3] Gen:1 Ind:19 RMSE(val)=54.515435
[GA][Iter3] Gen:1 Ind:20 RMSE(val)=63.685048
[GA][Iter3] gen=1 best_val_rmse=53.646033
[GA][Iter3] Gen:2 Ind:1 RMSE(val)=53.646033
[GA][Iter3] Gen:2 Ind:2 RMSE(val)=54.188408
[GA][Iter3] Gen:2 Ind:3 RMSE(val)=54.265524
[GA][Iter3] Gen:2 Ind:4 RMSE(val)=54.301177
[GA][Iter3] Gen:2 Ind:5 RMSE(val)=54.382368
[GA][Iter3] Gen:2 Ind:6 RMSE(val)=54.393983
[GA][Iter3] Gen:2 Ind:7 RMSE(val)=54.472411
[GA][Iter3] Gen:2 Ind:8 RMSE(val)=54.515435
[GA][Iter3] Gen:2 Ind:9 RMSE(val)=54.611753
[GA][Iter3] Gen:2 Ind:10 RMSE(val)=54.668269
[GA][Iter3] Gen:2 Ind:11 RMSE(val)=54.839763
[GA][Iter3] Gen:2 Ind:12 RMSE(val)=54.159872
[GA][Iter3] Gen:2 Ind:13 RMSE(val)=54.205093
[GA][Iter3] Gen:2 Ind:14 RMSE(val)=54.092871
[GA][Iter3] Gen:2 Ind:15 RMSE(val)=54.490439
[GA][Iter3] Gen:2 Ind:16 RMSE(val)=54.301177
[GA][Iter3] Gen:2 Ind:17 RMSE(val)=53.917421
[GA][Iter3] Gen:2 Ind:18 RMSE(val)=53.698288
[GA][Iter3] Gen:2 Ind:19 RMSE(val)=54.754629
[GA][Iter3] Gen:2 Ind:20 RMSE(val)=55.023500
[GA][Iter3] gen=2 best_val_rmse=53.646033
[GA][Iter3] Gen:3 Ind:1 RMSE(val)=53.646033
[GA][Iter3] Gen:3 Ind:2 RMSE(val)=53.698288
[GA][Iter3] Gen:3 Ind:3 RMSE(val)=53.917421
[GA][Iter3] Gen:3 Ind:4 RMSE(val)=54.092871
[GA][Iter3] Gen:3 Ind:5 RMSE(val)=54.159872
[GA][Iter3] Gen:3 Ind:6 RMSE(val)=54.188408
[GA][Iter3] Gen:3 Ind:7 RMSE(val)=54.205093
[GA][Iter3] Gen:3 Ind:8 RMSE(val)=54.265524
[GA][Iter3] Gen:3 Ind:9 RMSE(val)=54.301177
[GA][Iter3] Gen:3 Ind:10 RMSE(val)=54.301177
[GA][Iter3] Gen:3 Ind:11 RMSE(val)=53.770513
[GA][Iter3] Gen:3 Ind:12 RMSE(val)=53.998445
[GA][Iter3] Gen:3 Ind:13 RMSE(val)=54.170174
[GA][Iter3] Gen:3 Ind:14 RMSE(val)=53.646033
[GA][Iter3] Gen:3 Ind:15 RMSE(val)=53.807036
[GA][Iter3] Gen:3 Ind:16 RMSE(val)=53.646033
[GA][Iter3] Gen:3 Ind:17 RMSE(val)=54.186410
[GA][Iter3] Gen:3 Ind:18 RMSE(val)=53.793709
[GA][Iter3] Gen:3 Ind:19 RMSE(val)=53.698288
[GA][Iter3] Gen:3 Ind:20 RMSE(val)=54.020752
[GA][Iter3] gen=3 best_val_rmse=53.646033
[GA][Iter3] Gen:4 Ind:1 RMSE(val)=53.646033
[GA][Iter3] Gen:4 Ind:2 RMSE(val)=53.646033
[GA][Iter3] Gen:4 Ind:3 RMSE(val)=53.646033
[GA][Iter3] Gen:4 Ind:4 RMSE(val)=53.698288
[GA][Iter3] Gen:4 Ind:5 RMSE(val)=53.698288
[GA][Iter3] Gen:4 Ind:6 RMSE(val)=53.770513
[GA][Iter3] Gen:4 Ind:7 RMSE(val)=53.793709
[GA][Iter3] Gen:4 Ind:8 RMSE(val)=53.807036
[GA][Iter3] Gen:4 Ind:9 RMSE(val)=53.917421
[GA][Iter3] Gen:4 Ind:10 RMSE(val)=53.998445
[GA][Iter3] Gen:4 Ind:11 RMSE(val)=53.672664
[GA][Iter3] Gen:4 Ind:12 RMSE(val)=53.661986
[GA][Iter3] Gen:4 Ind:13 RMSE(val)=53.708549
[GA][Iter3] Gen:4 Ind:14 RMSE(val)=53.770513
[GA][Iter3] Gen:4 Ind:15 RMSE(val)=53.658147
[GA][Iter3] Gen:4 Ind:16 RMSE(val)=53.646033
[GA][Iter3] Gen:4 Ind:17 RMSE(val)=53.698288
[GA][Iter3] Gen:4 Ind:18 RMSE(val)=53.928711
[GA][Iter3] Gen:4 Ind:19 RMSE(val)=53.698288
[GA][Iter3] Gen:4 Ind:20 RMSE(val)=53.807036
[GA][Iter3] gen=4 best_val_rmse=53.646033
[GA][Iter3] Gen:5 Ind:1 RMSE(val)=53.646033
[GA][Iter3] Gen:5 Ind:2 RMSE(val)=53.646033
[GA][Iter3] Gen:5 Ind:3 RMSE(val)=53.646033
[GA][Iter3] Gen:5 Ind:4 RMSE(val)=53.646033
[GA][Iter3] Gen:5 Ind:5 RMSE(val)=53.658147
[GA][Iter3] Gen:5 Ind:6 RMSE(val)=53.661986
[GA][Iter3] Gen:5 Ind:7 RMSE(val)=53.672664
[GA][Iter3] Gen:5 Ind:8 RMSE(val)=53.698288
[GA][Iter3] Gen:5 Ind:9 RMSE(val)=53.698288
[GA][Iter3] Gen:5 Ind:10 RMSE(val)=53.698288
[GA][Iter3] Gen:5 Ind:11 RMSE(val)=53.672664
[GA][Iter3] Gen:5 Ind:12 RMSE(val)=53.698288
[GA][Iter3] Gen:5 Ind:13 RMSE(val)=53.646879
[GA][Iter3] Gen:5 Ind:14 RMSE(val)=53.646033
[GA][Iter3] Gen:5 Ind:15 RMSE(val)=53.646033
[GA][Iter3] Gen:5 Ind:16 RMSE(val)=53.698288
[GA][Iter3] Gen:5 Ind:17 RMSE(val)=53.715187
[GA][Iter3] Gen:5 Ind:18 RMSE(val)=53.698288
[GA][Iter3] Gen:5 Ind:19 RMSE(val)=53.698288
[GA][Iter3] Gen:5 Ind:20 RMSE(val)=53.698288
[GA][Iter3] gen=5 best_val_rmse=53.646033
[GA][Iter3] Gen:6 Ind:1 RMSE(val)=53.646033
[GA][Iter3] Gen:6 Ind:2 RMSE(val)=53.646033
[GA][Iter3] Gen:6 Ind:3 RMSE(val)=53.646033
[GA][Iter3] Gen:6 Ind:4 RMSE(val)=53.646033
[GA][Iter3] Gen:6 Ind:5 RMSE(val)=53.646033
[GA][Iter3] Gen:6 Ind:6 RMSE(val)=53.646033
[GA][Iter3] Gen:6 Ind:7 RMSE(val)=53.646879
[GA][Iter3] Gen:6 Ind:8 RMSE(val)=53.658147
[GA][Iter3] Gen:6 Ind:9 RMSE(val)=53.661986
[GA][Iter3] Gen:6 Ind:10 RMSE(val)=53.672664
[GA][Iter3] Gen:6 Ind:11 RMSE(val)=53.646033
[GA][Iter3] Gen:6 Ind:12 RMSE(val)=53.708549
[GA][Iter3] Gen:6 Ind:13 RMSE(val)=53.646033
[GA][Iter3] Gen:6 Ind:14 RMSE(val)=53.646033
[GA][Iter3] Gen:6 Ind:15 RMSE(val)=53.672664
[GA][Iter3] Gen:6 Ind:16 RMSE(val)=53.646033
[GA][Iter3] Gen:6 Ind:17 RMSE(val)=53.646033
[GA][Iter3] Gen:6 Ind:18 RMSE(val)=53.646033
[GA][Iter3] Gen:6 Ind:19 RMSE(val)=53.658147
[GA][Iter3] Gen:6 Ind:20 RMSE(val)=55.638842
[GA][Iter3] gen=6 best_val_rmse=53.646033
[GA][Iter3] Gen:7 Ind:1 RMSE(val)=53.646033
[GA][Iter3] Gen:7 Ind:2 RMSE(val)=53.646033
[GA][Iter3] Gen:7 Ind:3 RMSE(val)=53.646033
[GA][Iter3] Gen:7 Ind:4 RMSE(val)=53.646033
[GA][Iter3] Gen:7 Ind:5 RMSE(val)=53.646033
[GA][Iter3] Gen:7 Ind:6 RMSE(val)=53.646033
[GA][Iter3] Gen:7 Ind:7 RMSE(val)=53.646033
[GA][Iter3] Gen:7 Ind:8 RMSE(val)=53.646033
[GA][Iter3] Gen:7 Ind:9 RMSE(val)=53.646033
[GA][Iter3] Gen:7 Ind:10 RMSE(val)=53.646033
[GA][Iter3] Gen:7 Ind:11 RMSE(val)=53.930165
[GA][Iter3] Gen:7 Ind:12 RMSE(val)=53.646033
[GA][Iter3] Gen:7 Ind:13 RMSE(val)=53.646033
[GA][Iter3] Gen:7 Ind:14 RMSE(val)=53.646033
[GA][Iter3] Gen:7 Ind:15 RMSE(val)=53.646033
[GA][Iter3] Gen:7 Ind:16 RMSE(val)=53.646033
[GA][Iter3] Gen:7 Ind:17 RMSE(val)=53.646033
[GA][Iter3] Gen:7 Ind:18 RMSE(val)=53.715187
[GA][Iter3] Gen:7 Ind:19 RMSE(val)=53.646033
[GA][Iter3] Gen:7 Ind:20 RMSE(val)=53.646033
[GA][Iter3] gen=7 best_val_rmse=53.646033
[GA][Iter3] Gen:8 Ind:1 RMSE(val)=53.646033
[GA][Iter3] Gen:8 Ind:2 RMSE(val)=53.646033
[GA][Iter3] Gen:8 Ind:3 RMSE(val)=53.646033
[GA][Iter3] Gen:8 Ind:4 RMSE(val)=53.646033
[GA][Iter3] Gen:8 Ind:5 RMSE(val)=53.646033
[GA][Iter3] Gen:8 Ind:6 RMSE(val)=53.646033
[GA][Iter3] Gen:8 Ind:7 RMSE(val)=53.646033
[GA][Iter3] Gen:8 Ind:8 RMSE(val)=53.646033
[GA][Iter3] Gen:8 Ind:9 RMSE(val)=53.646033
[GA][Iter3] Gen:8 Ind:10 RMSE(val)=53.646033
[GA][Iter3] Gen:8 Ind:11 RMSE(val)=53.646033
[GA][Iter3] Gen:8 Ind:12 RMSE(val)=53.708549
[GA][Iter3] Gen:8 Ind:13 RMSE(val)=53.646033
[GA][Iter3] Gen:8 Ind:14 RMSE(val)=53.644428
[GA][Iter3] Gen:8 Ind:15 RMSE(val)=53.646033
[GA][Iter3] Gen:8 Ind:16 RMSE(val)=53.931675
[GA][Iter3] Gen:8 Ind:17 RMSE(val)=53.646033
[GA][Iter3] Gen:8 Ind:18 RMSE(val)=55.002773
[GA][Iter3] Gen:8 Ind:19 RMSE(val)=53.646033
[GA][Iter3] Gen:8 Ind:20 RMSE(val)=53.646033
[GA][Iter3] gen=8 best_val_rmse=53.644428
[GA][Iter3] Gen:9 Ind:1 RMSE(val)=53.644428
[GA][Iter3] Gen:9 Ind:2 RMSE(val)=53.646033
[GA][Iter3] Gen:9 Ind:3 RMSE(val)=53.646033
[GA][Iter3] Gen:9 Ind:4 RMSE(val)=53.646033
[GA][Iter3] Gen:9 Ind:5 RMSE(val)=53.646033
[GA][Iter3] Gen:9 Ind:6 RMSE(val)=53.646033
[GA][Iter3] Gen:9 Ind:7 RMSE(val)=53.646033
[GA][Iter3] Gen:9 Ind:8 RMSE(val)=53.646033
[GA][Iter3] Gen:9 Ind:9 RMSE(val)=53.646033
[GA][Iter3] Gen:9 Ind:10 RMSE(val)=53.646033
[GA][Iter3] Gen:9 Ind:11 RMSE(val)=53.646033
[GA][Iter3] Gen:9 Ind:12 RMSE(val)=53.931648
[GA][Iter3] Gen:9 Ind:13 RMSE(val)=53.729580
[GA][Iter3] Gen:9 Ind:14 RMSE(val)=53.646033
[GA][Iter3] Gen:9 Ind:15 RMSE(val)=55.638842
[GA][Iter3] Gen:9 Ind:16 RMSE(val)=53.751532
[GA][Iter3] Gen:9 Ind:17 RMSE(val)=55.002773
[GA][Iter3] Gen:9 Ind:18 RMSE(val)=53.646033
[GA][Iter3] Gen:9 Ind:19 RMSE(val)=53.646033
[GA][Iter3] Gen:9 Ind:20 RMSE(val)=53.646033
[GA][Iter3] gen=9 best_val_rmse=53.644428
[GA][Iter3] Gen:10 Ind:1 RMSE(val)=53.644428
[GA][Iter3] Gen:10 Ind:2 RMSE(val)=53.646033
[GA][Iter3] Gen:10 Ind:3 RMSE(val)=53.646033
[GA][Iter3] Gen:10 Ind:4 RMSE(val)=53.646033
[GA][Iter3] Gen:10 Ind:5 RMSE(val)=53.646033
[GA][Iter3] Gen:10 Ind:6 RMSE(val)=53.646033
[GA][Iter3] Gen:10 Ind:7 RMSE(val)=53.646033
[GA][Iter3] Gen:10 Ind:8 RMSE(val)=53.646033
[GA][Iter3] Gen:10 Ind:9 RMSE(val)=53.646033
[GA][Iter3] Gen:10 Ind:10 RMSE(val)=53.646033
[GA][Iter3] Gen:10 Ind:11 RMSE(val)=53.646033
[GA][Iter3] Gen:10 Ind:12 RMSE(val)=53.644428
[GA][Iter3] Gen:10 Ind:13 RMSE(val)=53.646033
[GA][Iter3] Gen:10 Ind:14 RMSE(val)=53.646033
[GA][Iter3] Gen:10 Ind:15 RMSE(val)=53.646033
[GA][Iter3] Gen:10 Ind:16 RMSE(val)=53.672664
[GA][Iter3] Gen:10 Ind:17 RMSE(val)=53.646033
[GA][Iter3] Gen:10 Ind:18 RMSE(val)=53.646033
[GA][Iter3] Gen:10 Ind:19 RMSE(val)=53.646033
[GA][Iter3] Gen:10 Ind:20 RMSE(val)=53.646033
[GA][Iter3] gen=10 best_val_rmse=53.644428
[GA][Iter3] Gen:11 Ind:1 RMSE(val)=53.644428
[GA][Iter3] Gen:11 Ind:2 RMSE(val)=53.644428
[GA][Iter3] Gen:11 Ind:3 RMSE(val)=53.646033
[GA][Iter3] Gen:11 Ind:4 RMSE(val)=53.646033
[GA][Iter3] Gen:11 Ind:5 RMSE(val)=53.646033
[GA][Iter3] Gen:11 Ind:6 RMSE(val)=53.646033
[GA][Iter3] Gen:11 Ind:7 RMSE(val)=53.646033
[GA][Iter3] Gen:11 Ind:8 RMSE(val)=53.646033
[GA][Iter3] Gen:11 Ind:9 RMSE(val)=53.646033
[GA][Iter3] Gen:11 Ind:10 RMSE(val)=53.646033
[GA][Iter3] Gen:11 Ind:11 RMSE(val)=53.646033
[GA][Iter3] Gen:11 Ind:12 RMSE(val)=53.646033
[GA][Iter3] Gen:11 Ind:13 RMSE(val)=53.646033
[GA][Iter3] Gen:11 Ind:14 RMSE(val)=53.646033
[GA][Iter3] Gen:11 Ind:15 RMSE(val)=53.638108
[GA][Iter3] Gen:11 Ind:16 RMSE(val)=53.646033
[GA][Iter3] Gen:11 Ind:17 RMSE(val)=53.646033
[GA][Iter3] Gen:11 Ind:18 RMSE(val)=53.646033
[GA][Iter3] Gen:11 Ind:19 RMSE(val)=53.644428
[GA][Iter3] Gen:11 Ind:20 RMSE(val)=53.620600
[GA][Iter3] gen=11 best_val_rmse=53.620600
[GA][Iter3] Gen:12 Ind:1 RMSE(val)=53.620600
[GA][Iter3] Gen:12 Ind:2 RMSE(val)=53.638108
[GA][Iter3] Gen:12 Ind:3 RMSE(val)=53.644428
[GA][Iter3] Gen:12 Ind:4 RMSE(val)=53.644428
[GA][Iter3] Gen:12 Ind:5 RMSE(val)=53.644428
[GA][Iter3] Gen:12 Ind:6 RMSE(val)=53.646033
[GA][Iter3] Gen:12 Ind:7 RMSE(val)=53.646033
[GA][Iter3] Gen:12 Ind:8 RMSE(val)=53.646033
[GA][Iter3] Gen:12 Ind:9 RMSE(val)=53.646033
[GA][Iter3] Gen:12 Ind:10 RMSE(val)=53.646033
[GA][Iter3] Gen:12 Ind:11 RMSE(val)=53.644428
[GA][Iter3] Gen:12 Ind:12 RMSE(val)=53.638108
[GA][Iter3] Gen:12 Ind:13 RMSE(val)=53.638108
[GA][Iter3] Gen:12 Ind:14 RMSE(val)=53.646033
[GA][Iter3] Gen:12 Ind:15 RMSE(val)=53.638108
[GA][Iter3] Gen:12 Ind:16 RMSE(val)=53.646033
[GA][Iter3] Gen:12 Ind:17 RMSE(val)=53.931675
[GA][Iter3] Gen:12 Ind:18 RMSE(val)=53.644428
[GA][Iter3] Gen:12 Ind:19 RMSE(val)=53.644428
[GA][Iter3] Gen:12 Ind:20 RMSE(val)=53.618209
[GA][Iter3] gen=12 best_val_rmse=53.618209
[GA][Iter3] Gen:13 Ind:1 RMSE(val)=53.618209
[GA][Iter3] Gen:13 Ind:2 RMSE(val)=53.620600
[GA][Iter3] Gen:13 Ind:3 RMSE(val)=53.638108
[GA][Iter3] Gen:13 Ind:4 RMSE(val)=53.638108
[GA][Iter3] Gen:13 Ind:5 RMSE(val)=53.638108
[GA][Iter3] Gen:13 Ind:6 RMSE(val)=53.638108
[GA][Iter3] Gen:13 Ind:7 RMSE(val)=53.644428
[GA][Iter3] Gen:13 Ind:8 RMSE(val)=53.644428
[GA][Iter3] Gen:13 Ind:9 RMSE(val)=53.644428
[GA][Iter3] Gen:13 Ind:10 RMSE(val)=53.644428
[GA][Iter3] Gen:13 Ind:11 RMSE(val)=53.644428
[GA][Iter3] Gen:13 Ind:12 RMSE(val)=53.618209
[GA][Iter3] Gen:13 Ind:13 RMSE(val)=53.638108
[GA][Iter3] Gen:13 Ind:14 RMSE(val)=53.644428
[GA][Iter3] Gen:13 Ind:15 RMSE(val)=53.644428
[GA][Iter3] Gen:13 Ind:16 RMSE(val)=53.638108
[GA][Iter3] Gen:13 Ind:17 RMSE(val)=53.618209
[GA][Iter3] Gen:13 Ind:18 RMSE(val)=53.638108
[GA][Iter3] Gen:13 Ind:19 RMSE(val)=53.656847
[GA][Iter3] Gen:13 Ind:20 RMSE(val)=53.555437
[GA][Iter3] gen=13 best_val_rmse=53.555437
[GA][Iter3] Gen:14 Ind:1 RMSE(val)=53.555437
[GA][Iter3] Gen:14 Ind:2 RMSE(val)=53.618209
[GA][Iter3] Gen:14 Ind:3 RMSE(val)=53.618209
[GA][Iter3] Gen:14 Ind:4 RMSE(val)=53.618209
[GA][Iter3] Gen:14 Ind:5 RMSE(val)=53.620600
[GA][Iter3] Gen:14 Ind:6 RMSE(val)=53.638108
[GA][Iter3] Gen:14 Ind:7 RMSE(val)=53.638108
[GA][Iter3] Gen:14 Ind:8 RMSE(val)=53.638108
[GA][Iter3] Gen:14 Ind:9 RMSE(val)=53.638108
[GA][Iter3] Gen:14 Ind:10 RMSE(val)=53.638108
[GA][Iter3] Gen:14 Ind:11 RMSE(val)=53.638108
[GA][Iter3] Gen:14 Ind:12 RMSE(val)=53.695884
[GA][Iter3] Gen:14 Ind:13 RMSE(val)=53.638108
[GA][Iter3] Gen:14 Ind:14 RMSE(val)=53.638478
[GA][Iter3] Gen:14 Ind:15 RMSE(val)=53.638108
[GA][Iter3] Gen:14 Ind:16 RMSE(val)=53.638108
[GA][Iter3] Gen:14 Ind:17 RMSE(val)=53.638108
[GA][Iter3] Gen:14 Ind:18 RMSE(val)=53.578656
[GA][Iter3] Gen:14 Ind:19 RMSE(val)=55.071809
[GA][Iter3] Gen:14 Ind:20 RMSE(val)=53.578656
[GA][Iter3] gen=14 best_val_rmse=53.555437
[GA][Iter3] Gen:15 Ind:1 RMSE(val)=53.555437
[GA][Iter3] Gen:15 Ind:2 RMSE(val)=53.578656
[GA][Iter3] Gen:15 Ind:3 RMSE(val)=53.578656
[GA][Iter3] Gen:15 Ind:4 RMSE(val)=53.618209
[GA][Iter3] Gen:15 Ind:5 RMSE(val)=53.618209
[GA][Iter3] Gen:15 Ind:6 RMSE(val)=53.618209
[GA][Iter3] Gen:15 Ind:7 RMSE(val)=53.620600
[GA][Iter3] Gen:15 Ind:8 RMSE(val)=53.638108
[GA][Iter3] Gen:15 Ind:9 RMSE(val)=53.638108
[GA][Iter3] Gen:15 Ind:10 RMSE(val)=53.638108
[GA][Iter3] Gen:15 Ind:11 RMSE(val)=53.618209
[GA][Iter3] Gen:15 Ind:12 RMSE(val)=53.578656
[GA][Iter3] Gen:15 Ind:13 RMSE(val)=53.569105
[GA][Iter3] Gen:15 Ind:14 RMSE(val)=53.638108
[GA][Iter3] Gen:15 Ind:15 RMSE(val)=53.638108
[GA][Iter3] Gen:15 Ind:16 RMSE(val)=53.638108
[GA][Iter3] Gen:15 Ind:17 RMSE(val)=53.618209
[GA][Iter3] Gen:15 Ind:18 RMSE(val)=53.618209
[GA][Iter3] Gen:15 Ind:19 RMSE(val)=53.646755
[GA][Iter3] Gen:15 Ind:20 RMSE(val)=53.555437
[GA][Iter3] gen=15 best_val_rmse=53.555437
[GA][Iter3] Gen:15 Ind:1 RMSE(val)=53.555437
[GA][Iter3] Gen:15 Ind:2 RMSE(val)=53.555437
[GA][Iter3] Gen:15 Ind:3 RMSE(val)=53.569105
[GA][Iter3] Gen:15 Ind:4 RMSE(val)=53.578656
[GA][Iter3] Gen:15 Ind:5 RMSE(val)=53.578656
[GA][Iter3] Gen:15 Ind:6 RMSE(val)=53.578656
[GA][Iter3] Gen:15 Ind:7 RMSE(val)=53.618209
[GA][Iter3] Gen:15 Ind:8 RMSE(val)=53.618209
[GA][Iter3] Gen:15 Ind:9 RMSE(val)=53.618209
[GA][Iter3] Gen:15 Ind:10 RMSE(val)=53.618209
[GA][Iter3] Gen:15 Ind:11 RMSE(val)=53.578656
[GA][Iter3] Gen:15 Ind:12 RMSE(val)=53.555437
[GA][Iter3] Gen:15 Ind:13 RMSE(val)=53.578656
[GA][Iter3] Gen:15 Ind:14 RMSE(val)=53.555437
[GA][Iter3] Gen:15 Ind:15 RMSE(val)=53.555437
[GA][Iter3] Gen:15 Ind:16 RMSE(val)=53.618209
[GA][Iter3] Gen:15 Ind:17 RMSE(val)=53.578656
[GA][Iter3] Gen:15 Ind:18 RMSE(val)=53.909349
[GA][Iter3] Gen:15 Ind:19 RMSE(val)=53.602494
[GA][Iter3] Gen:15 Ind:20 RMSE(val)=53.618209

[GA DONE][Iter3] Best params on val fold of Iter3
Best val RMSE: 53.555437
Best params: {'n_estimators': 1264, 'max_depth': 14, 'min_samples_split': 12, 'min_samples_leaf': 1, 'max_features': 'sqrt', 'bootstrap': True}
--------------------------------------------------------------------------------
[RETUNE GA] Iter3: train folds 1..7 -> test fold 8  RMSE=60.606412  NRMSE=1.307882  CVRMSE=0.053327  R2=-0.730680
[GA][Iter4] Gen:1 Ind:1 RMSE(val)=76.357025
[GA][Iter4] Gen:1 Ind:2 RMSE(val)=82.770750
[GA][Iter4] Gen:1 Ind:3 RMSE(val)=55.151505
[GA][Iter4] Gen:1 Ind:4 RMSE(val)=66.457134
[GA][Iter4] Gen:1 Ind:5 RMSE(val)=63.442332
[GA][Iter4] Gen:1 Ind:6 RMSE(val)=71.317865
[GA][Iter4] Gen:1 Ind:7 RMSE(val)=70.235562
[GA][Iter4] Gen:1 Ind:8 RMSE(val)=67.894443
[GA][Iter4] Gen:1 Ind:9 RMSE(val)=73.227555
[GA][Iter4] Gen:1 Ind:10 RMSE(val)=60.882231
[GA][Iter4] Gen:1 Ind:11 RMSE(val)=64.921774
[GA][Iter4] Gen:1 Ind:12 RMSE(val)=54.389371
[GA][Iter4] Gen:1 Ind:13 RMSE(val)=74.369765
[GA][Iter4] Gen:1 Ind:14 RMSE(val)=60.366940
[GA][Iter4] Gen:1 Ind:15 RMSE(val)=60.451638
[GA][Iter4] Gen:1 Ind:16 RMSE(val)=65.948245
[GA][Iter4] Gen:1 Ind:17 RMSE(val)=73.832658
[GA][Iter4] Gen:1 Ind:18 RMSE(val)=62.406713
[GA][Iter4] Gen:1 Ind:19 RMSE(val)=54.731185
[GA][Iter4] Gen:1 Ind:20 RMSE(val)=58.721399
[GA][Iter4] gen=1 best_val_rmse=54.389371
[GA][Iter4] Gen:2 Ind:1 RMSE(val)=54.389371
[GA][Iter4] Gen:2 Ind:2 RMSE(val)=54.731185
[GA][Iter4] Gen:2 Ind:3 RMSE(val)=55.151505
[GA][Iter4] Gen:2 Ind:4 RMSE(val)=58.721399
[GA][Iter4] Gen:2 Ind:5 RMSE(val)=60.366940
[GA][Iter4] Gen:2 Ind:6 RMSE(val)=60.451638
[GA][Iter4] Gen:2 Ind:7 RMSE(val)=60.882231
[GA][Iter4] Gen:2 Ind:8 RMSE(val)=62.406713
[GA][Iter4] Gen:2 Ind:9 RMSE(val)=63.442332
[GA][Iter4] Gen:2 Ind:10 RMSE(val)=64.921774
[GA][Iter4] Gen:2 Ind:11 RMSE(val)=59.016145
[GA][Iter4] Gen:2 Ind:12 RMSE(val)=55.232168
[GA][Iter4] Gen:2 Ind:13 RMSE(val)=55.238440
[GA][Iter4] Gen:2 Ind:14 RMSE(val)=55.286922
[GA][Iter4] Gen:2 Ind:15 RMSE(val)=63.847226
[GA][Iter4] Gen:2 Ind:16 RMSE(val)=69.007956
[GA][Iter4] Gen:2 Ind:17 RMSE(val)=55.583188
[GA][Iter4] Gen:2 Ind:18 RMSE(val)=58.680256
[GA][Iter4] Gen:2 Ind:19 RMSE(val)=64.921774
[GA][Iter4] Gen:2 Ind:20 RMSE(val)=54.320436
[GA][Iter4] gen=2 best_val_rmse=54.320436
[GA][Iter4] Gen:3 Ind:1 RMSE(val)=54.320436
[GA][Iter4] Gen:3 Ind:2 RMSE(val)=54.389371
[GA][Iter4] Gen:3 Ind:3 RMSE(val)=54.731185
[GA][Iter4] Gen:3 Ind:4 RMSE(val)=55.151505
[GA][Iter4] Gen:3 Ind:5 RMSE(val)=55.232168
[GA][Iter4] Gen:3 Ind:6 RMSE(val)=55.238440
[GA][Iter4] Gen:3 Ind:7 RMSE(val)=55.286922
[GA][Iter4] Gen:3 Ind:8 RMSE(val)=55.583188
[GA][Iter4] Gen:3 Ind:9 RMSE(val)=58.680256
[GA][Iter4] Gen:3 Ind:10 RMSE(val)=58.721399
[GA][Iter4] Gen:3 Ind:11 RMSE(val)=55.310344
[GA][Iter4] Gen:3 Ind:12 RMSE(val)=54.601349
[GA][Iter4] Gen:3 Ind:13 RMSE(val)=54.939505
[GA][Iter4] Gen:3 Ind:14 RMSE(val)=54.286889
[GA][Iter4] Gen:3 Ind:15 RMSE(val)=54.286889
[GA][Iter4] Gen:3 Ind:16 RMSE(val)=53.569355
[GA][Iter4] Gen:3 Ind:17 RMSE(val)=55.228572
[GA][Iter4] Gen:3 Ind:18 RMSE(val)=54.346629
[GA][Iter4] Gen:3 Ind:19 RMSE(val)=58.680256
[GA][Iter4] Gen:3 Ind:20 RMSE(val)=58.441431
[GA][Iter4] gen=3 best_val_rmse=53.569355
[GA][Iter4] Gen:4 Ind:1 RMSE(val)=53.569355
[GA][Iter4] Gen:4 Ind:2 RMSE(val)=54.286889
[GA][Iter4] Gen:4 Ind:3 RMSE(val)=54.286889
[GA][Iter4] Gen:4 Ind:4 RMSE(val)=54.320436
[GA][Iter4] Gen:4 Ind:5 RMSE(val)=54.346629
[GA][Iter4] Gen:4 Ind:6 RMSE(val)=54.389371
[GA][Iter4] Gen:4 Ind:7 RMSE(val)=54.601349
[GA][Iter4] Gen:4 Ind:8 RMSE(val)=54.731185
[GA][Iter4] Gen:4 Ind:9 RMSE(val)=54.939505
[GA][Iter4] Gen:4 Ind:10 RMSE(val)=55.151505
[GA][Iter4] Gen:4 Ind:11 RMSE(val)=55.230692
[GA][Iter4] Gen:4 Ind:12 RMSE(val)=54.941784
[GA][Iter4] Gen:4 Ind:13 RMSE(val)=53.640339
[GA][Iter4] Gen:4 Ind:14 RMSE(val)=54.286889
[GA][Iter4] Gen:4 Ind:15 RMSE(val)=54.903032
[GA][Iter4] Gen:4 Ind:16 RMSE(val)=54.346629
[GA][Iter4] Gen:4 Ind:17 RMSE(val)=54.320436
[GA][Iter4] Gen:4 Ind:18 RMSE(val)=54.755191
[GA][Iter4] Gen:4 Ind:19 RMSE(val)=54.361022
[GA][Iter4] Gen:4 Ind:20 RMSE(val)=53.650616
[GA][Iter4] gen=4 best_val_rmse=53.569355
[GA][Iter4] Gen:5 Ind:1 RMSE(val)=53.569355
[GA][Iter4] Gen:5 Ind:2 RMSE(val)=53.640339
[GA][Iter4] Gen:5 Ind:3 RMSE(val)=53.650616
[GA][Iter4] Gen:5 Ind:4 RMSE(val)=54.286889
[GA][Iter4] Gen:5 Ind:5 RMSE(val)=54.286889
[GA][Iter4] Gen:5 Ind:6 RMSE(val)=54.286889
[GA][Iter4] Gen:5 Ind:7 RMSE(val)=54.320436
[GA][Iter4] Gen:5 Ind:8 RMSE(val)=54.320436
[GA][Iter4] Gen:5 Ind:9 RMSE(val)=54.346629
[GA][Iter4] Gen:5 Ind:10 RMSE(val)=54.346629
[GA][Iter4] Gen:5 Ind:11 RMSE(val)=54.286889
[GA][Iter4] Gen:5 Ind:12 RMSE(val)=54.346629
[GA][Iter4] Gen:5 Ind:13 RMSE(val)=55.477277
[GA][Iter4] Gen:5 Ind:14 RMSE(val)=54.346629
[GA][Iter4] Gen:5 Ind:15 RMSE(val)=53.047468
[GA][Iter4] Gen:5 Ind:16 RMSE(val)=54.320436
[GA][Iter4] Gen:5 Ind:17 RMSE(val)=53.811262
[GA][Iter4] Gen:5 Ind:18 RMSE(val)=54.346629
[GA][Iter4] Gen:5 Ind:19 RMSE(val)=54.320436
[GA][Iter4] Gen:5 Ind:20 RMSE(val)=54.346629
[GA][Iter4] gen=5 best_val_rmse=53.047468
[GA][Iter4] Gen:6 Ind:1 RMSE(val)=53.047468
[GA][Iter4] Gen:6 Ind:2 RMSE(val)=53.569355
[GA][Iter4] Gen:6 Ind:3 RMSE(val)=53.640339
[GA][Iter4] Gen:6 Ind:4 RMSE(val)=53.650616
[GA][Iter4] Gen:6 Ind:5 RMSE(val)=53.811262
[GA][Iter4] Gen:6 Ind:6 RMSE(val)=54.286889
[GA][Iter4] Gen:6 Ind:7 RMSE(val)=54.286889
[GA][Iter4] Gen:6 Ind:8 RMSE(val)=54.286889
[GA][Iter4] Gen:6 Ind:9 RMSE(val)=54.286889
[GA][Iter4] Gen:6 Ind:10 RMSE(val)=54.320436
[GA][Iter4] Gen:6 Ind:11 RMSE(val)=53.864788
[GA][Iter4] Gen:6 Ind:12 RMSE(val)=53.933222
[GA][Iter4] Gen:6 Ind:13 RMSE(val)=53.811262
[GA][Iter4] Gen:6 Ind:14 RMSE(val)=53.204407
[GA][Iter4] Gen:6 Ind:15 RMSE(val)=54.320436
[GA][Iter4] Gen:6 Ind:16 RMSE(val)=53.640339
[GA][Iter4] Gen:6 Ind:17 RMSE(val)=53.553746
[GA][Iter4] Gen:6 Ind:18 RMSE(val)=53.641947
[GA][Iter4] Gen:6 Ind:19 RMSE(val)=54.171091
[GA][Iter4] Gen:6 Ind:20 RMSE(val)=53.569355
[GA][Iter4] gen=6 best_val_rmse=53.047468
[GA][Iter4] Gen:7 Ind:1 RMSE(val)=53.047468
[GA][Iter4] Gen:7 Ind:2 RMSE(val)=53.204407
[GA][Iter4] Gen:7 Ind:3 RMSE(val)=53.553746
[GA][Iter4] Gen:7 Ind:4 RMSE(val)=53.569355
[GA][Iter4] Gen:7 Ind:5 RMSE(val)=53.569355
[GA][Iter4] Gen:7 Ind:6 RMSE(val)=53.640339
[GA][Iter4] Gen:7 Ind:7 RMSE(val)=53.640339
[GA][Iter4] Gen:7 Ind:8 RMSE(val)=53.641947
[GA][Iter4] Gen:7 Ind:9 RMSE(val)=53.650616
[GA][Iter4] Gen:7 Ind:10 RMSE(val)=53.811262
[GA][Iter4] Gen:7 Ind:11 RMSE(val)=62.249208
[GA][Iter4] Gen:7 Ind:12 RMSE(val)=53.096647
[GA][Iter4] Gen:7 Ind:13 RMSE(val)=53.455548
[GA][Iter4] Gen:7 Ind:14 RMSE(val)=53.579635
[GA][Iter4] Gen:7 Ind:15 RMSE(val)=53.640339
[GA][Iter4] Gen:7 Ind:16 RMSE(val)=54.360770
[GA][Iter4] Gen:7 Ind:17 RMSE(val)=53.640339
[GA][Iter4] Gen:7 Ind:18 RMSE(val)=53.594846
[GA][Iter4] Gen:7 Ind:19 RMSE(val)=53.190508
[GA][Iter4] Gen:7 Ind:20 RMSE(val)=53.569355
[GA][Iter4] gen=7 best_val_rmse=53.047468
[GA][Iter4] Gen:8 Ind:1 RMSE(val)=53.047468
[GA][Iter4] Gen:8 Ind:2 RMSE(val)=53.096647
[GA][Iter4] Gen:8 Ind:3 RMSE(val)=53.190508
[GA][Iter4] Gen:8 Ind:4 RMSE(val)=53.204407
[GA][Iter4] Gen:8 Ind:5 RMSE(val)=53.455548
[GA][Iter4] Gen:8 Ind:6 RMSE(val)=53.553746
[GA][Iter4] Gen:8 Ind:7 RMSE(val)=53.569355
[GA][Iter4] Gen:8 Ind:8 RMSE(val)=53.569355
[GA][Iter4] Gen:8 Ind:9 RMSE(val)=53.569355
[GA][Iter4] Gen:8 Ind:10 RMSE(val)=53.579635
[GA][Iter4] Gen:8 Ind:11 RMSE(val)=53.190508
[GA][Iter4] Gen:8 Ind:12 RMSE(val)=53.082885
[GA][Iter4] Gen:8 Ind:13 RMSE(val)=53.190508
[GA][Iter4] Gen:8 Ind:14 RMSE(val)=53.188109
[GA][Iter4] Gen:8 Ind:15 RMSE(val)=54.389371
[GA][Iter4] Gen:8 Ind:16 RMSE(val)=53.193503
[GA][Iter4] Gen:8 Ind:17 RMSE(val)=53.569355
[GA][Iter4] Gen:8 Ind:18 RMSE(val)=51.835116
[GA][Iter4] Gen:8 Ind:19 RMSE(val)=53.553746
[GA][Iter4] Gen:8 Ind:20 RMSE(val)=53.569355
[GA][Iter4] gen=8 best_val_rmse=51.835116
[GA][Iter4] Gen:9 Ind:1 RMSE(val)=51.835116
[GA][Iter4] Gen:9 Ind:2 RMSE(val)=53.047468
[GA][Iter4] Gen:9 Ind:3 RMSE(val)=53.082885
[GA][Iter4] Gen:9 Ind:4 RMSE(val)=53.096647
[GA][Iter4] Gen:9 Ind:5 RMSE(val)=53.188109
[GA][Iter4] Gen:9 Ind:6 RMSE(val)=53.190508
[GA][Iter4] Gen:9 Ind:7 RMSE(val)=53.190508
[GA][Iter4] Gen:9 Ind:8 RMSE(val)=53.190508
[GA][Iter4] Gen:9 Ind:9 RMSE(val)=53.193503
[GA][Iter4] Gen:9 Ind:10 RMSE(val)=53.204407
[GA][Iter4] Gen:9 Ind:11 RMSE(val)=53.190508
[GA][Iter4] Gen:9 Ind:12 RMSE(val)=51.654116
[GA][Iter4] Gen:9 Ind:13 RMSE(val)=53.361832
[GA][Iter4] Gen:9 Ind:14 RMSE(val)=53.096647
[GA][Iter4] Gen:9 Ind:15 RMSE(val)=53.047468
[GA][Iter4] Gen:9 Ind:16 RMSE(val)=53.200434
[GA][Iter4] Gen:9 Ind:17 RMSE(val)=59.613518
[GA][Iter4] Gen:9 Ind:18 RMSE(val)=53.190508
[GA][Iter4] Gen:9 Ind:19 RMSE(val)=53.204407
[GA][Iter4] Gen:9 Ind:20 RMSE(val)=53.290235
[GA][Iter4] gen=9 best_val_rmse=51.654116
[GA][Iter4] Gen:10 Ind:1 RMSE(val)=51.654116
[GA][Iter4] Gen:10 Ind:2 RMSE(val)=51.835116
[GA][Iter4] Gen:10 Ind:3 RMSE(val)=53.047468
[GA][Iter4] Gen:10 Ind:4 RMSE(val)=53.047468
[GA][Iter4] Gen:10 Ind:5 RMSE(val)=53.082885
[GA][Iter4] Gen:10 Ind:6 RMSE(val)=53.096647
[GA][Iter4] Gen:10 Ind:7 RMSE(val)=53.096647
[GA][Iter4] Gen:10 Ind:8 RMSE(val)=53.188109
[GA][Iter4] Gen:10 Ind:9 RMSE(val)=53.190508
[GA][Iter4] Gen:10 Ind:10 RMSE(val)=53.190508
[GA][Iter4] Gen:10 Ind:11 RMSE(val)=53.172144
[GA][Iter4] Gen:10 Ind:12 RMSE(val)=51.654116
[GA][Iter4] Gen:10 Ind:13 RMSE(val)=51.835116
[GA][Iter4] Gen:10 Ind:14 RMSE(val)=53.553746
[GA][Iter4] Gen:10 Ind:15 RMSE(val)=62.246507
[GA][Iter4] Gen:10 Ind:16 RMSE(val)=53.397089
[GA][Iter4] Gen:10 Ind:17 RMSE(val)=53.290235
[GA][Iter4] Gen:10 Ind:18 RMSE(val)=51.654116
[GA][Iter4] Gen:10 Ind:19 RMSE(val)=53.190508
[GA][Iter4] Gen:10 Ind:20 RMSE(val)=51.654116
[GA][Iter4] gen=10 best_val_rmse=51.654116
[GA][Iter4] Gen:11 Ind:1 RMSE(val)=51.654116
[GA][Iter4] Gen:11 Ind:2 RMSE(val)=51.654116
[GA][Iter4] Gen:11 Ind:3 RMSE(val)=51.654116
[GA][Iter4] Gen:11 Ind:4 RMSE(val)=51.654116
[GA][Iter4] Gen:11 Ind:5 RMSE(val)=51.835116
[GA][Iter4] Gen:11 Ind:6 RMSE(val)=51.835116
[GA][Iter4] Gen:11 Ind:7 RMSE(val)=53.047468
[GA][Iter4] Gen:11 Ind:8 RMSE(val)=53.047468
[GA][Iter4] Gen:11 Ind:9 RMSE(val)=53.082885
[GA][Iter4] Gen:11 Ind:10 RMSE(val)=53.096647
[GA][Iter4] Gen:11 Ind:11 RMSE(val)=51.654116
[GA][Iter4] Gen:11 Ind:12 RMSE(val)=55.668120
[GA][Iter4] Gen:11 Ind:13 RMSE(val)=53.542465
[GA][Iter4] Gen:11 Ind:14 RMSE(val)=53.096647
[GA][Iter4] Gen:11 Ind:15 RMSE(val)=53.541874
[GA][Iter4] Gen:11 Ind:16 RMSE(val)=52.555012
[GA][Iter4] Gen:11 Ind:17 RMSE(val)=53.190508
[GA][Iter4] Gen:11 Ind:18 RMSE(val)=53.190508
[GA][Iter4] Gen:11 Ind:19 RMSE(val)=55.668120
[GA][Iter4] Gen:11 Ind:20 RMSE(val)=53.135411
[GA][Iter4] gen=11 best_val_rmse=51.654116
[GA][Iter4] Gen:12 Ind:1 RMSE(val)=51.654116
[GA][Iter4] Gen:12 Ind:2 RMSE(val)=51.654116
[GA][Iter4] Gen:12 Ind:3 RMSE(val)=51.654116
[GA][Iter4] Gen:12 Ind:4 RMSE(val)=51.654116
[GA][Iter4] Gen:12 Ind:5 RMSE(val)=51.654116
[GA][Iter4] Gen:12 Ind:6 RMSE(val)=51.835116
[GA][Iter4] Gen:12 Ind:7 RMSE(val)=51.835116
[GA][Iter4] Gen:12 Ind:8 RMSE(val)=52.555012
[GA][Iter4] Gen:12 Ind:9 RMSE(val)=53.047468
[GA][Iter4] Gen:12 Ind:10 RMSE(val)=53.047468
[GA][Iter4] Gen:12 Ind:11 RMSE(val)=51.835116
[GA][Iter4] Gen:12 Ind:12 RMSE(val)=51.654116
[GA][Iter4] Gen:12 Ind:13 RMSE(val)=52.555012
[GA][Iter4] Gen:12 Ind:14 RMSE(val)=52.555012
[GA][Iter4] Gen:12 Ind:15 RMSE(val)=52.555012
[GA][Iter4] Gen:12 Ind:16 RMSE(val)=53.172144
[GA][Iter4] Gen:12 Ind:17 RMSE(val)=51.926140
[GA][Iter4] Gen:12 Ind:18 RMSE(val)=51.835116
[GA][Iter4] Gen:12 Ind:19 RMSE(val)=53.047468
[GA][Iter4] Gen:12 Ind:20 RMSE(val)=51.841293
[GA][Iter4] gen=12 best_val_rmse=51.654116
[GA][Iter4] Gen:13 Ind:1 RMSE(val)=51.654116
[GA][Iter4] Gen:13 Ind:2 RMSE(val)=51.654116
[GA][Iter4] Gen:13 Ind:3 RMSE(val)=51.654116
[GA][Iter4] Gen:13 Ind:4 RMSE(val)=51.654116
[GA][Iter4] Gen:13 Ind:5 RMSE(val)=51.654116
[GA][Iter4] Gen:13 Ind:6 RMSE(val)=51.654116
[GA][Iter4] Gen:13 Ind:7 RMSE(val)=51.835116
[GA][Iter4] Gen:13 Ind:8 RMSE(val)=51.835116
[GA][Iter4] Gen:13 Ind:9 RMSE(val)=51.835116
[GA][Iter4] Gen:13 Ind:10 RMSE(val)=51.835116
[GA][Iter4] Gen:13 Ind:11 RMSE(val)=51.835116
[GA][Iter4] Gen:13 Ind:12 RMSE(val)=51.654116
[GA][Iter4] Gen:13 Ind:13 RMSE(val)=59.476372
[GA][Iter4] Gen:13 Ind:14 RMSE(val)=51.835116
[GA][Iter4] Gen:13 Ind:15 RMSE(val)=51.654116
[GA][Iter4] Gen:13 Ind:16 RMSE(val)=51.654116
[GA][Iter4] Gen:13 Ind:17 RMSE(val)=51.654116
[GA][Iter4] Gen:13 Ind:18 RMSE(val)=51.835116
[GA][Iter4] Gen:13 Ind:19 RMSE(val)=51.835116
[GA][Iter4] Gen:13 Ind:20 RMSE(val)=51.851549
[GA][Iter4] gen=13 best_val_rmse=51.654116
[GA][Iter4] Gen:14 Ind:1 RMSE(val)=51.654116
[GA][Iter4] Gen:14 Ind:2 RMSE(val)=51.654116
[GA][Iter4] Gen:14 Ind:3 RMSE(val)=51.654116
[GA][Iter4] Gen:14 Ind:4 RMSE(val)=51.654116
[GA][Iter4] Gen:14 Ind:5 RMSE(val)=51.654116
[GA][Iter4] Gen:14 Ind:6 RMSE(val)=51.654116
[GA][Iter4] Gen:14 Ind:7 RMSE(val)=51.654116
[GA][Iter4] Gen:14 Ind:8 RMSE(val)=51.654116
[GA][Iter4] Gen:14 Ind:9 RMSE(val)=51.654116
[GA][Iter4] Gen:14 Ind:10 RMSE(val)=51.654116
[GA][Iter4] Gen:14 Ind:11 RMSE(val)=51.654116
[GA][Iter4] Gen:14 Ind:12 RMSE(val)=59.613518
[GA][Iter4] Gen:14 Ind:13 RMSE(val)=51.654116
[GA][Iter4] Gen:14 Ind:14 RMSE(val)=51.659200
[GA][Iter4] Gen:14 Ind:15 RMSE(val)=51.654116
[GA][Iter4] Gen:14 Ind:16 RMSE(val)=51.654116
[GA][Iter4] Gen:14 Ind:17 RMSE(val)=51.654116
[GA][Iter4] Gen:14 Ind:18 RMSE(val)=51.654116
[GA][Iter4] Gen:14 Ind:19 RMSE(val)=53.190508
[GA][Iter4] Gen:14 Ind:20 RMSE(val)=51.654116
[GA][Iter4] gen=14 best_val_rmse=51.654116
[GA][Iter4] Gen:15 Ind:1 RMSE(val)=51.654116
[GA][Iter4] Gen:15 Ind:2 RMSE(val)=51.654116
[GA][Iter4] Gen:15 Ind:3 RMSE(val)=51.654116
[GA][Iter4] Gen:15 Ind:4 RMSE(val)=51.654116
[GA][Iter4] Gen:15 Ind:5 RMSE(val)=51.654116
[GA][Iter4] Gen:15 Ind:6 RMSE(val)=51.654116
[GA][Iter4] Gen:15 Ind:7 RMSE(val)=51.654116
[GA][Iter4] Gen:15 Ind:8 RMSE(val)=51.654116
[GA][Iter4] Gen:15 Ind:9 RMSE(val)=51.654116
[GA][Iter4] Gen:15 Ind:10 RMSE(val)=51.654116
[GA][Iter4] Gen:15 Ind:11 RMSE(val)=51.654116
[GA][Iter4] Gen:15 Ind:12 RMSE(val)=51.654116
[GA][Iter4] Gen:15 Ind:13 RMSE(val)=51.657984
[GA][Iter4] Gen:15 Ind:14 RMSE(val)=51.654116
[GA][Iter4] Gen:15 Ind:15 RMSE(val)=51.654116
[GA][Iter4] Gen:15 Ind:16 RMSE(val)=51.654116
[GA][Iter4] Gen:15 Ind:17 RMSE(val)=51.654116
[GA][Iter4] Gen:15 Ind:18 RMSE(val)=59.476372
[GA][Iter4] Gen:15 Ind:19 RMSE(val)=60.567820
[GA][Iter4] Gen:15 Ind:20 RMSE(val)=51.654116
[GA][Iter4] gen=15 best_val_rmse=51.654116
[GA][Iter4] Gen:15 Ind:1 RMSE(val)=51.654116
[GA][Iter4] Gen:15 Ind:2 RMSE(val)=51.654116
[GA][Iter4] Gen:15 Ind:3 RMSE(val)=51.654116
[GA][Iter4] Gen:15 Ind:4 RMSE(val)=51.654116
[GA][Iter4] Gen:15 Ind:5 RMSE(val)=51.654116
[GA][Iter4] Gen:15 Ind:6 RMSE(val)=51.654116
[GA][Iter4] Gen:15 Ind:7 RMSE(val)=51.654116
[GA][Iter4] Gen:15 Ind:8 RMSE(val)=51.654116
[GA][Iter4] Gen:15 Ind:9 RMSE(val)=51.654116
[GA][Iter4] Gen:15 Ind:10 RMSE(val)=51.654116
[GA][Iter4] Gen:15 Ind:11 RMSE(val)=51.654116
[GA][Iter4] Gen:15 Ind:12 RMSE(val)=51.654116
[GA][Iter4] Gen:15 Ind:13 RMSE(val)=51.654116
[GA][Iter4] Gen:15 Ind:14 RMSE(val)=51.654116
[GA][Iter4] Gen:15 Ind:15 RMSE(val)=51.654116
[GA][Iter4] Gen:15 Ind:16 RMSE(val)=51.654116
[GA][Iter4] Gen:15 Ind:17 RMSE(val)=51.654116
[GA][Iter4] Gen:15 Ind:18 RMSE(val)=51.835116
[GA][Iter4] Gen:15 Ind:19 RMSE(val)=51.667449
[GA][Iter4] Gen:15 Ind:20 RMSE(val)=51.654116

[GA DONE][Iter4] Best params on val fold of Iter4
Best val RMSE: 51.654116
Best params: {'n_estimators': 261, 'max_depth': 16, 'min_samples_split': 8, 'min_samples_leaf': 1, 'max_features': None, 'bootstrap': False}
--------------------------------------------------------------------------------
[RETUNE GA] Iter4: train folds 1..8 -> test fold 9  RMSE=103.774044  NRMSE=1.124922  CVRMSE=0.089543  R2=-0.280336
[GA][Iter5] Gen:1 Ind:1 RMSE(val)=112.458148
[GA][Iter5] Gen:1 Ind:2 RMSE(val)=116.048616
[GA][Iter5] Gen:1 Ind:3 RMSE(val)=100.540923
[GA][Iter5] Gen:1 Ind:4 RMSE(val)=104.221935
[GA][Iter5] Gen:1 Ind:5 RMSE(val)=100.230667
[GA][Iter5] Gen:1 Ind:6 RMSE(val)=107.537913
[GA][Iter5] Gen:1 Ind:7 RMSE(val)=107.231328
[GA][Iter5] Gen:1 Ind:8 RMSE(val)=105.082157
[GA][Iter5] Gen:1 Ind:9 RMSE(val)=108.719286
[GA][Iter5] Gen:1 Ind:10 RMSE(val)=102.654024
[GA][Iter5] Gen:1 Ind:11 RMSE(val)=104.029939
[GA][Iter5] Gen:1 Ind:12 RMSE(val)=100.942290
[GA][Iter5] Gen:1 Ind:13 RMSE(val)=110.292085
[GA][Iter5] Gen:1 Ind:14 RMSE(val)=101.984465
[GA][Iter5] Gen:1 Ind:15 RMSE(val)=102.207097
[GA][Iter5] Gen:1 Ind:16 RMSE(val)=104.512305
[GA][Iter5] Gen:1 Ind:17 RMSE(val)=110.465356
[GA][Iter5] Gen:1 Ind:18 RMSE(val)=103.126573
[GA][Iter5] Gen:1 Ind:19 RMSE(val)=100.662197
[GA][Iter5] Gen:1 Ind:20 RMSE(val)=98.734233
[GA][Iter5] gen=1 best_val_rmse=98.734233
[GA][Iter5] Gen:2 Ind:1 RMSE(val)=98.734233
[GA][Iter5] Gen:2 Ind:2 RMSE(val)=100.230667
[GA][Iter5] Gen:2 Ind:3 RMSE(val)=100.540923
[GA][Iter5] Gen:2 Ind:4 RMSE(val)=100.662197
[GA][Iter5] Gen:2 Ind:5 RMSE(val)=100.942290
[GA][Iter5] Gen:2 Ind:6 RMSE(val)=101.984465
[GA][Iter5] Gen:2 Ind:7 RMSE(val)=102.207097
[GA][Iter5] Gen:2 Ind:8 RMSE(val)=102.654024
[GA][Iter5] Gen:2 Ind:9 RMSE(val)=103.126573
[GA][Iter5] Gen:2 Ind:10 RMSE(val)=104.029939
[GA][Iter5] Gen:2 Ind:11 RMSE(val)=99.478652
[GA][Iter5] Gen:2 Ind:12 RMSE(val)=97.264416
[GA][Iter5] Gen:2 Ind:13 RMSE(val)=102.583781
[GA][Iter5] Gen:2 Ind:14 RMSE(val)=96.635661
[GA][Iter5] Gen:2 Ind:15 RMSE(val)=101.101155
[GA][Iter5] Gen:2 Ind:16 RMSE(val)=106.524734
[GA][Iter5] Gen:2 Ind:17 RMSE(val)=102.665619
[GA][Iter5] Gen:2 Ind:18 RMSE(val)=98.313800
[GA][Iter5] Gen:2 Ind:19 RMSE(val)=104.029939
[GA][Iter5] Gen:2 Ind:20 RMSE(val)=95.268597
[GA][Iter5] gen=2 best_val_rmse=95.268597
[GA][Iter5] Gen:3 Ind:1 RMSE(val)=95.268597
[GA][Iter5] Gen:3 Ind:2 RMSE(val)=96.635661
[GA][Iter5] Gen:3 Ind:3 RMSE(val)=97.264416
[GA][Iter5] Gen:3 Ind:4 RMSE(val)=98.313800
[GA][Iter5] Gen:3 Ind:5 RMSE(val)=98.734233
[GA][Iter5] Gen:3 Ind:6 RMSE(val)=99.478652
[GA][Iter5] Gen:3 Ind:7 RMSE(val)=100.230667
[GA][Iter5] Gen:3 Ind:8 RMSE(val)=100.540923
[GA][Iter5] Gen:3 Ind:9 RMSE(val)=100.662197
[GA][Iter5] Gen:3 Ind:10 RMSE(val)=100.942290
[GA][Iter5] Gen:3 Ind:11 RMSE(val)=97.235780
[GA][Iter5] Gen:3 Ind:12 RMSE(val)=99.224147
[GA][Iter5] Gen:3 Ind:13 RMSE(val)=98.963347
[GA][Iter5] Gen:3 Ind:14 RMSE(val)=98.887901
[GA][Iter5] Gen:3 Ind:15 RMSE(val)=96.999304
[GA][Iter5] Gen:3 Ind:16 RMSE(val)=97.235780
[GA][Iter5] Gen:3 Ind:17 RMSE(val)=98.860482
[GA][Iter5] Gen:3 Ind:18 RMSE(val)=96.635661
[GA][Iter5] Gen:3 Ind:19 RMSE(val)=100.783071
[GA][Iter5] Gen:3 Ind:20 RMSE(val)=100.462620
[GA][Iter5] gen=3 best_val_rmse=95.268597
[GA][Iter5] Gen:4 Ind:1 RMSE(val)=95.268597
[GA][Iter5] Gen:4 Ind:2 RMSE(val)=96.635661
[GA][Iter5] Gen:4 Ind:3 RMSE(val)=96.635661
[GA][Iter5] Gen:4 Ind:4 RMSE(val)=96.999304
[GA][Iter5] Gen:4 Ind:5 RMSE(val)=97.235780
[GA][Iter5] Gen:4 Ind:6 RMSE(val)=97.235780
[GA][Iter5] Gen:4 Ind:7 RMSE(val)=97.264416
[GA][Iter5] Gen:4 Ind:8 RMSE(val)=98.313800
[GA][Iter5] Gen:4 Ind:9 RMSE(val)=98.734233
[GA][Iter5] Gen:4 Ind:10 RMSE(val)=98.860482
[GA][Iter5] Gen:4 Ind:11 RMSE(val)=97.030801
[GA][Iter5] Gen:4 Ind:12 RMSE(val)=95.268597
[GA][Iter5] Gen:4 Ind:13 RMSE(val)=96.635661
[GA][Iter5] Gen:4 Ind:14 RMSE(val)=97.235780
[GA][Iter5] Gen:4 Ind:15 RMSE(val)=97.235780
[GA][Iter5] Gen:4 Ind:16 RMSE(val)=96.635661
[GA][Iter5] Gen:4 Ind:17 RMSE(val)=97.235780
[GA][Iter5] Gen:4 Ind:18 RMSE(val)=95.268597
[GA][Iter5] Gen:4 Ind:19 RMSE(val)=100.255886
[GA][Iter5] Gen:4 Ind:20 RMSE(val)=95.682972
[GA][Iter5] gen=4 best_val_rmse=95.268597
[GA][Iter5] Gen:5 Ind:1 RMSE(val)=95.268597
[GA][Iter5] Gen:5 Ind:2 RMSE(val)=95.268597
[GA][Iter5] Gen:5 Ind:3 RMSE(val)=95.268597
[GA][Iter5] Gen:5 Ind:4 RMSE(val)=95.682972
[GA][Iter5] Gen:5 Ind:5 RMSE(val)=96.635661
[GA][Iter5] Gen:5 Ind:6 RMSE(val)=96.635661
[GA][Iter5] Gen:5 Ind:7 RMSE(val)=96.635661
[GA][Iter5] Gen:5 Ind:8 RMSE(val)=96.635661
[GA][Iter5] Gen:5 Ind:9 RMSE(val)=96.999304
[GA][Iter5] Gen:5 Ind:10 RMSE(val)=97.030801
[GA][Iter5] Gen:5 Ind:11 RMSE(val)=96.635661
[GA][Iter5] Gen:5 Ind:12 RMSE(val)=96.635661
[GA][Iter5] Gen:5 Ind:13 RMSE(val)=97.030801
[GA][Iter5] Gen:5 Ind:14 RMSE(val)=96.999304
[GA][Iter5] Gen:5 Ind:15 RMSE(val)=102.759661
[GA][Iter5] Gen:5 Ind:16 RMSE(val)=96.635661
[GA][Iter5] Gen:5 Ind:17 RMSE(val)=95.268597
[GA][Iter5] Gen:5 Ind:18 RMSE(val)=97.030801
[GA][Iter5] Gen:5 Ind:19 RMSE(val)=96.999304
[GA][Iter5] Gen:5 Ind:20 RMSE(val)=96.999304
[GA][Iter5] gen=5 best_val_rmse=95.268597
[GA][Iter5] Gen:6 Ind:1 RMSE(val)=95.268597
[GA][Iter5] Gen:6 Ind:2 RMSE(val)=95.268597
[GA][Iter5] Gen:6 Ind:3 RMSE(val)=95.268597
[GA][Iter5] Gen:6 Ind:4 RMSE(val)=95.268597
[GA][Iter5] Gen:6 Ind:5 RMSE(val)=95.682972
[GA][Iter5] Gen:6 Ind:6 RMSE(val)=96.635661
[GA][Iter5] Gen:6 Ind:7 RMSE(val)=96.635661
[GA][Iter5] Gen:6 Ind:8 RMSE(val)=96.635661
[GA][Iter5] Gen:6 Ind:9 RMSE(val)=96.635661
[GA][Iter5] Gen:6 Ind:10 RMSE(val)=96.635661
[GA][Iter5] Gen:6 Ind:11 RMSE(val)=95.268597
[GA][Iter5] Gen:6 Ind:12 RMSE(val)=95.268597
[GA][Iter5] Gen:6 Ind:13 RMSE(val)=95.682972
[GA][Iter5] Gen:6 Ind:14 RMSE(val)=97.520787
[GA][Iter5] Gen:6 Ind:15 RMSE(val)=96.635661
[GA][Iter5] Gen:6 Ind:16 RMSE(val)=95.682972
[GA][Iter5] Gen:6 Ind:17 RMSE(val)=95.268597
[GA][Iter5] Gen:6 Ind:18 RMSE(val)=95.268597
[GA][Iter5] Gen:6 Ind:19 RMSE(val)=96.635661
[GA][Iter5] Gen:6 Ind:20 RMSE(val)=95.268597
[GA][Iter5] gen=6 best_val_rmse=95.268597
[GA][Iter5] Gen:7 Ind:1 RMSE(val)=95.268597
[GA][Iter5] Gen:7 Ind:2 RMSE(val)=95.268597
[GA][Iter5] Gen:7 Ind:3 RMSE(val)=95.268597
[GA][Iter5] Gen:7 Ind:4 RMSE(val)=95.268597
[GA][Iter5] Gen:7 Ind:5 RMSE(val)=95.268597
[GA][Iter5] Gen:7 Ind:6 RMSE(val)=95.268597
[GA][Iter5] Gen:7 Ind:7 RMSE(val)=95.268597
[GA][Iter5] Gen:7 Ind:8 RMSE(val)=95.268597
[GA][Iter5] Gen:7 Ind:9 RMSE(val)=95.268597
[GA][Iter5] Gen:7 Ind:10 RMSE(val)=95.682972
[GA][Iter5] Gen:7 Ind:11 RMSE(val)=109.055883
[GA][Iter5] Gen:7 Ind:12 RMSE(val)=95.268597
[GA][Iter5] Gen:7 Ind:13 RMSE(val)=95.268597
[GA][Iter5] Gen:7 Ind:14 RMSE(val)=95.268597
[GA][Iter5] Gen:7 Ind:15 RMSE(val)=95.268597
[GA][Iter5] Gen:7 Ind:16 RMSE(val)=95.268597
[GA][Iter5] Gen:7 Ind:17 RMSE(val)=95.682972
[GA][Iter5] Gen:7 Ind:18 RMSE(val)=95.268597
[GA][Iter5] Gen:7 Ind:19 RMSE(val)=95.268597
[GA][Iter5] Gen:7 Ind:20 RMSE(val)=95.268597
[GA][Iter5] gen=7 best_val_rmse=95.268597
[GA][Iter5] Gen:8 Ind:1 RMSE(val)=95.268597
[GA][Iter5] Gen:8 Ind:2 RMSE(val)=95.268597
[GA][Iter5] Gen:8 Ind:3 RMSE(val)=95.268597
[GA][Iter5] Gen:8 Ind:4 RMSE(val)=95.268597
[GA][Iter5] Gen:8 Ind:5 RMSE(val)=95.268597
[GA][Iter5] Gen:8 Ind:6 RMSE(val)=95.268597
[GA][Iter5] Gen:8 Ind:7 RMSE(val)=95.268597
[GA][Iter5] Gen:8 Ind:8 RMSE(val)=95.268597
[GA][Iter5] Gen:8 Ind:9 RMSE(val)=95.268597
[GA][Iter5] Gen:8 Ind:10 RMSE(val)=95.268597
[GA][Iter5] Gen:8 Ind:11 RMSE(val)=95.477765
[GA][Iter5] Gen:8 Ind:12 RMSE(val)=95.268597
[GA][Iter5] Gen:8 Ind:13 RMSE(val)=95.268597
[GA][Iter5] Gen:8 Ind:14 RMSE(val)=95.268597
[GA][Iter5] Gen:8 Ind:15 RMSE(val)=95.268597
[GA][Iter5] Gen:8 Ind:16 RMSE(val)=95.268597
[GA][Iter5] Gen:8 Ind:17 RMSE(val)=95.268597
[GA][Iter5] Gen:8 Ind:18 RMSE(val)=98.895209
[GA][Iter5] Gen:8 Ind:19 RMSE(val)=95.268597
[GA][Iter5] Gen:8 Ind:20 RMSE(val)=95.268597
[GA][Iter5] gen=8 best_val_rmse=95.268597
[GA][Iter5] Gen:9 Ind:1 RMSE(val)=95.268597
[GA][Iter5] Gen:9 Ind:2 RMSE(val)=95.268597
[GA][Iter5] Gen:9 Ind:3 RMSE(val)=95.268597
[GA][Iter5] Gen:9 Ind:4 RMSE(val)=95.268597
[GA][Iter5] Gen:9 Ind:5 RMSE(val)=95.268597
[GA][Iter5] Gen:9 Ind:6 RMSE(val)=95.268597
[GA][Iter5] Gen:9 Ind:7 RMSE(val)=95.268597
[GA][Iter5] Gen:9 Ind:8 RMSE(val)=95.268597
[GA][Iter5] Gen:9 Ind:9 RMSE(val)=95.268597
[GA][Iter5] Gen:9 Ind:10 RMSE(val)=95.268597
[GA][Iter5] Gen:9 Ind:11 RMSE(val)=95.268597
[GA][Iter5] Gen:9 Ind:12 RMSE(val)=95.268597
[GA][Iter5] Gen:9 Ind:13 RMSE(val)=95.268597
[GA][Iter5] Gen:9 Ind:14 RMSE(val)=95.268597
[GA][Iter5] Gen:9 Ind:15 RMSE(val)=95.268597
[GA][Iter5] Gen:9 Ind:16 RMSE(val)=95.127414
[GA][Iter5] Gen:9 Ind:17 RMSE(val)=98.895209
[GA][Iter5] Gen:9 Ind:18 RMSE(val)=95.268597
[GA][Iter5] Gen:9 Ind:19 RMSE(val)=95.477765
[GA][Iter5] Gen:9 Ind:20 RMSE(val)=95.268597
[GA][Iter5] gen=9 best_val_rmse=95.127414
[GA][Iter5] Gen:10 Ind:1 RMSE(val)=95.127414
[GA][Iter5] Gen:10 Ind:2 RMSE(val)=95.268597
[GA][Iter5] Gen:10 Ind:3 RMSE(val)=95.268597
[GA][Iter5] Gen:10 Ind:4 RMSE(val)=95.268597
[GA][Iter5] Gen:10 Ind:5 RMSE(val)=95.268597
[GA][Iter5] Gen:10 Ind:6 RMSE(val)=95.268597
[GA][Iter5] Gen:10 Ind:7 RMSE(val)=95.268597
[GA][Iter5] Gen:10 Ind:8 RMSE(val)=95.268597
[GA][Iter5] Gen:10 Ind:9 RMSE(val)=95.268597
[GA][Iter5] Gen:10 Ind:10 RMSE(val)=95.268597
[GA][Iter5] Gen:10 Ind:11 RMSE(val)=95.268597
[GA][Iter5] Gen:10 Ind:12 RMSE(val)=95.127414
[GA][Iter5] Gen:10 Ind:13 RMSE(val)=95.268597
[GA][Iter5] Gen:10 Ind:14 RMSE(val)=95.268597
[GA][Iter5] Gen:10 Ind:15 RMSE(val)=104.333803
[GA][Iter5] Gen:10 Ind:16 RMSE(val)=97.030801
[GA][Iter5] Gen:10 Ind:17 RMSE(val)=95.268597
[GA][Iter5] Gen:10 Ind:18 RMSE(val)=95.268597
[GA][Iter5] Gen:10 Ind:19 RMSE(val)=95.268597
[GA][Iter5] Gen:10 Ind:20 RMSE(val)=95.127414
[GA][Iter5] gen=10 best_val_rmse=95.127414
[GA][Iter5] Gen:11 Ind:1 RMSE(val)=95.127414
[GA][Iter5] Gen:11 Ind:2 RMSE(val)=95.127414
[GA][Iter5] Gen:11 Ind:3 RMSE(val)=95.127414
[GA][Iter5] Gen:11 Ind:4 RMSE(val)=95.268597
[GA][Iter5] Gen:11 Ind:5 RMSE(val)=95.268597
[GA][Iter5] Gen:11 Ind:6 RMSE(val)=95.268597
[GA][Iter5] Gen:11 Ind:7 RMSE(val)=95.268597
[GA][Iter5] Gen:11 Ind:8 RMSE(val)=95.268597
[GA][Iter5] Gen:11 Ind:9 RMSE(val)=95.268597
[GA][Iter5] Gen:11 Ind:10 RMSE(val)=95.268597
[GA][Iter5] Gen:11 Ind:11 RMSE(val)=95.268597
[GA][Iter5] Gen:11 Ind:12 RMSE(val)=95.268597
[GA][Iter5] Gen:11 Ind:13 RMSE(val)=95.268597
[GA][Iter5] Gen:11 Ind:14 RMSE(val)=95.268597
[GA][Iter5] Gen:11 Ind:15 RMSE(val)=95.268597
[GA][Iter5] Gen:11 Ind:16 RMSE(val)=95.268597
[GA][Iter5] Gen:11 Ind:17 RMSE(val)=95.127414
[GA][Iter5] Gen:11 Ind:18 RMSE(val)=95.268597
[GA][Iter5] Gen:11 Ind:19 RMSE(val)=95.268597
[GA][Iter5] Gen:11 Ind:20 RMSE(val)=95.127414
[GA][Iter5] gen=11 best_val_rmse=95.127414
[GA][Iter5] Gen:12 Ind:1 RMSE(val)=95.127414
[GA][Iter5] Gen:12 Ind:2 RMSE(val)=95.127414
[GA][Iter5] Gen:12 Ind:3 RMSE(val)=95.127414
[GA][Iter5] Gen:12 Ind:4 RMSE(val)=95.127414
[GA][Iter5] Gen:12 Ind:5 RMSE(val)=95.127414
[GA][Iter5] Gen:12 Ind:6 RMSE(val)=95.268597
[GA][Iter5] Gen:12 Ind:7 RMSE(val)=95.268597
[GA][Iter5] Gen:12 Ind:8 RMSE(val)=95.268597
[GA][Iter5] Gen:12 Ind:9 RMSE(val)=95.268597
[GA][Iter5] Gen:12 Ind:10 RMSE(val)=95.268597
[GA][Iter5] Gen:12 Ind:11 RMSE(val)=95.268597
[GA][Iter5] Gen:12 Ind:12 RMSE(val)=96.802846
[GA][Iter5] Gen:12 Ind:13 RMSE(val)=95.268597
[GA][Iter5] Gen:12 Ind:14 RMSE(val)=95.268597
[GA][Iter5] Gen:12 Ind:15 RMSE(val)=95.268597
[GA][Iter5] Gen:12 Ind:16 RMSE(val)=95.268597
[GA][Iter5] Gen:12 Ind:17 RMSE(val)=95.127414
[GA][Iter5] Gen:12 Ind:18 RMSE(val)=95.268597
[GA][Iter5] Gen:12 Ind:19 RMSE(val)=95.268597
[GA][Iter5] Gen:12 Ind:20 RMSE(val)=95.268597
[GA][Iter5] gen=12 best_val_rmse=95.127414
[GA][Iter5] Gen:13 Ind:1 RMSE(val)=95.127414
[GA][Iter5] Gen:13 Ind:2 RMSE(val)=95.127414
[GA][Iter5] Gen:13 Ind:3 RMSE(val)=95.127414
[GA][Iter5] Gen:13 Ind:4 RMSE(val)=95.127414
[GA][Iter5] Gen:13 Ind:5 RMSE(val)=95.127414
[GA][Iter5] Gen:13 Ind:6 RMSE(val)=95.127414
[GA][Iter5] Gen:13 Ind:7 RMSE(val)=95.268597
[GA][Iter5] Gen:13 Ind:8 RMSE(val)=95.268597
[GA][Iter5] Gen:13 Ind:9 RMSE(val)=95.268597
[GA][Iter5] Gen:13 Ind:10 RMSE(val)=95.268597
[GA][Iter5] Gen:13 Ind:11 RMSE(val)=95.268597
[GA][Iter5] Gen:13 Ind:12 RMSE(val)=95.127414
[GA][Iter5] Gen:13 Ind:13 RMSE(val)=104.418614
[GA][Iter5] Gen:13 Ind:14 RMSE(val)=95.268597
[GA][Iter5] Gen:13 Ind:15 RMSE(val)=95.127414
[GA][Iter5] Gen:13 Ind:16 RMSE(val)=96.802846
[GA][Iter5] Gen:13 Ind:17 RMSE(val)=95.127414
[GA][Iter5] Gen:13 Ind:18 RMSE(val)=95.268597
[GA][Iter5] Gen:13 Ind:19 RMSE(val)=95.268597
[GA][Iter5] Gen:13 Ind:20 RMSE(val)=95.268597
[GA][Iter5] gen=13 best_val_rmse=95.127414
[GA][Iter5] Gen:14 Ind:1 RMSE(val)=95.127414
[GA][Iter5] Gen:14 Ind:2 RMSE(val)=95.127414
[GA][Iter5] Gen:14 Ind:3 RMSE(val)=95.127414
[GA][Iter5] Gen:14 Ind:4 RMSE(val)=95.127414
[GA][Iter5] Gen:14 Ind:5 RMSE(val)=95.127414
[GA][Iter5] Gen:14 Ind:6 RMSE(val)=95.127414
[GA][Iter5] Gen:14 Ind:7 RMSE(val)=95.127414
[GA][Iter5] Gen:14 Ind:8 RMSE(val)=95.127414
[GA][Iter5] Gen:14 Ind:9 RMSE(val)=95.127414
[GA][Iter5] Gen:14 Ind:10 RMSE(val)=95.268597
[GA][Iter5] Gen:14 Ind:11 RMSE(val)=95.127414
[GA][Iter5] Gen:14 Ind:12 RMSE(val)=95.127414
[GA][Iter5] Gen:14 Ind:13 RMSE(val)=95.127414
[GA][Iter5] Gen:14 Ind:14 RMSE(val)=95.127414
[GA][Iter5] Gen:14 Ind:15 RMSE(val)=95.127414
[GA][Iter5] Gen:14 Ind:16 RMSE(val)=95.127414
[GA][Iter5] Gen:14 Ind:17 RMSE(val)=95.127414
[GA][Iter5] Gen:14 Ind:18 RMSE(val)=95.127414
[GA][Iter5] Gen:14 Ind:19 RMSE(val)=98.913970
[GA][Iter5] Gen:14 Ind:20 RMSE(val)=95.127414
[GA][Iter5] gen=14 best_val_rmse=95.127414
[GA][Iter5] Gen:15 Ind:1 RMSE(val)=95.127414
[GA][Iter5] Gen:15 Ind:2 RMSE(val)=95.127414
[GA][Iter5] Gen:15 Ind:3 RMSE(val)=95.127414
[GA][Iter5] Gen:15 Ind:4 RMSE(val)=95.127414
[GA][Iter5] Gen:15 Ind:5 RMSE(val)=95.127414
[GA][Iter5] Gen:15 Ind:6 RMSE(val)=95.127414
[GA][Iter5] Gen:15 Ind:7 RMSE(val)=95.127414
[GA][Iter5] Gen:15 Ind:8 RMSE(val)=95.127414
[GA][Iter5] Gen:15 Ind:9 RMSE(val)=95.127414
[GA][Iter5] Gen:15 Ind:10 RMSE(val)=95.127414
[GA][Iter5] Gen:15 Ind:11 RMSE(val)=95.127414
[GA][Iter5] Gen:15 Ind:12 RMSE(val)=95.127414
[GA][Iter5] Gen:15 Ind:13 RMSE(val)=95.127414
[GA][Iter5] Gen:15 Ind:14 RMSE(val)=96.450369
[GA][Iter5] Gen:15 Ind:15 RMSE(val)=95.127414
[GA][Iter5] Gen:15 Ind:16 RMSE(val)=95.127414
[GA][Iter5] Gen:15 Ind:17 RMSE(val)=95.127414
[GA][Iter5] Gen:15 Ind:18 RMSE(val)=104.318023
[GA][Iter5] Gen:15 Ind:19 RMSE(val)=92.750577
[GA][Iter5] Gen:15 Ind:20 RMSE(val)=95.127414
[GA][Iter5] gen=15 best_val_rmse=92.750577
[GA][Iter5] Gen:15 Ind:1 RMSE(val)=92.750577
[GA][Iter5] Gen:15 Ind:2 RMSE(val)=95.127414
[GA][Iter5] Gen:15 Ind:3 RMSE(val)=95.127414
[GA][Iter5] Gen:15 Ind:4 RMSE(val)=95.127414
[GA][Iter5] Gen:15 Ind:5 RMSE(val)=95.127414
[GA][Iter5] Gen:15 Ind:6 RMSE(val)=95.127414
[GA][Iter5] Gen:15 Ind:7 RMSE(val)=95.127414
[GA][Iter5] Gen:15 Ind:8 RMSE(val)=95.127414
[GA][Iter5] Gen:15 Ind:9 RMSE(val)=95.127414
[GA][Iter5] Gen:15 Ind:10 RMSE(val)=95.127414
[GA][Iter5] Gen:15 Ind:11 RMSE(val)=95.127414
[GA][Iter5] Gen:15 Ind:12 RMSE(val)=95.127414
[GA][Iter5] Gen:15 Ind:13 RMSE(val)=95.127414
[GA][Iter5] Gen:15 Ind:14 RMSE(val)=95.127414
[GA][Iter5] Gen:15 Ind:15 RMSE(val)=96.802846
[GA][Iter5] Gen:15 Ind:16 RMSE(val)=95.127414
[GA][Iter5] Gen:15 Ind:17 RMSE(val)=95.127414
[GA][Iter5] Gen:15 Ind:18 RMSE(val)=94.895095
[GA][Iter5] Gen:15 Ind:19 RMSE(val)=95.127414
[GA][Iter5] Gen:15 Ind:20 RMSE(val)=95.127414

[GA DONE][Iter5] Best params on val fold of Iter5
Best val RMSE: 92.750577
Best params: {'n_estimators': 1340, 'max_depth': None, 'min_samples_split': 15, 'min_samples_leaf': 8, 'max_features': None, 'bootstrap': False}
--------------------------------------------------------------------------------
[RETUNE GA] Iter5: train folds 1..9 -> test fold 10  RMSE=48.676925  NRMSE=1.340608  CVRMSE=0.042303  R2=-0.818373
