=== BASELINE (project=bruce, last-7 mean, expanding folds) ===
Iter1: train folds 1..5 -> test fold 6  RMSE=38.3067  NRMSE=1.1092  CVRMSE=0.1267  R²=-0.2535
Iter2: train folds 1..6 -> test fold 7  RMSE=21.2604  NRMSE=0.7754  CVRMSE=0.0669  R²=0.3874
Iter3: train folds 1..7 -> test fold 8  RMSE=43.1970  NRMSE=0.9613  CVRMSE=0.1296  R²=0.0585
Iter4: train folds 1..8 -> test fold 9  RMSE=52.6846  NRMSE=1.0247  CVRMSE=0.1573  R²=-0.0699
Iter5: train folds 1..9 -> test fold 10  RMSE=56.4597  NRMSE=1.0737  CVRMSE=0.1601  R²=-0.1745
--------------------------------------------------
[FEATURES] initial=128 kept_after_screening=65
['branch', 'issuer_name', 'gh_files_added', 'gh_files_deleted', 'gh_lines_deleted', 'gh_tests_deleted', 'gh_description_complexity', 'gh_doc_files', 'gh_other_files', 'gh_team_size_last_3_month', 'gh_commits_on_files_touched', 'gh_num_pr_comments', 'gh_test_lines_per_kloc', 'workflow_size', 'hour', 'dow', 'month', 'secs_since_prev', 'duration_lag_1', 'duration_lag_2', 'duration_lag_3', 'window_avg_7', 'window_std_7', 'window_std_3', 'ft___bin__', 'ft___c_', 'ft___cpp_', 'ft___cpp__', 'ft___cpp___', 'ft___h_', 'ft___hpp_', 'ft___hpp__', 'ft___html__', 'ft___h__', 'ft___ini_', 'ft___ini__', 'ft___inl__', 'ft___jpg_', 'ft___jpg__', 'ft___js_', 'ft___json_', 'ft___json__', 'ft___pdf_', 'ft___properties_', 'ft___py_', 'ft___tpp__', 'ft___yml_', 'ft___yml__', 'ft____cpp__', 'ft____csv_', 'ft____csv__', 'ft____h__', 'ft____ini_', 'ft____ini__', 'ft____jpg_', 'ft____json_', 'ft____json__', 'ft____md_', 'ft____md__', 'ft____md___', 'ft____py__', 'ft____tpp_', 'ft____yml_', 'ft____yml__', 'ft____zip__']
--------------------------------------------------------------------------------
[GA][Iter1] Gen:1 Ind:1 RMSE(val)=59.632989
[GA][Iter1] Gen:1 Ind:2 RMSE(val)=59.162258
[GA][Iter1] Gen:1 Ind:3 RMSE(val)=65.889988
[GA][Iter1] Gen:1 Ind:4 RMSE(val)=62.645503
[GA][Iter1] Gen:1 Ind:5 RMSE(val)=61.816621
[GA][Iter1] Gen:1 Ind:6 RMSE(val)=57.765513
[GA][Iter1] Gen:1 Ind:7 RMSE(val)=65.023065
[GA][Iter1] Gen:1 Ind:8 RMSE(val)=57.319419
[GA][Iter1] Gen:1 Ind:9 RMSE(val)=58.875369
[GA][Iter1] Gen:1 Ind:10 RMSE(val)=62.787448
[GA][Iter1] Gen:1 Ind:11 RMSE(val)=63.856674
[GA][Iter1] Gen:1 Ind:12 RMSE(val)=62.208069
[GA][Iter1] Gen:1 Ind:13 RMSE(val)=67.172945
[GA][Iter1] Gen:1 Ind:14 RMSE(val)=61.418406
[GA][Iter1] Gen:1 Ind:15 RMSE(val)=64.084178
[GA][Iter1] Gen:1 Ind:16 RMSE(val)=63.130242
[GA][Iter1] Gen:1 Ind:17 RMSE(val)=62.748053
[GA][Iter1] Gen:1 Ind:18 RMSE(val)=55.324455
[GA][Iter1] Gen:1 Ind:19 RMSE(val)=61.637401
[GA][Iter1] Gen:1 Ind:20 RMSE(val)=61.566150
[GA][Iter1] gen=1 best_val_rmse=55.324455
[GA][Iter1] Gen:2 Ind:1 RMSE(val)=55.324455
[GA][Iter1] Gen:2 Ind:2 RMSE(val)=57.319419
[GA][Iter1] Gen:2 Ind:3 RMSE(val)=57.765513
[GA][Iter1] Gen:2 Ind:4 RMSE(val)=58.875369
[GA][Iter1] Gen:2 Ind:5 RMSE(val)=59.162258
[GA][Iter1] Gen:2 Ind:6 RMSE(val)=59.632989
[GA][Iter1] Gen:2 Ind:7 RMSE(val)=61.418406
[GA][Iter1] Gen:2 Ind:8 RMSE(val)=61.566150
[GA][Iter1] Gen:2 Ind:9 RMSE(val)=61.637401
[GA][Iter1] Gen:2 Ind:10 RMSE(val)=61.816621
[GA][Iter1] Gen:2 Ind:11 RMSE(val)=59.162258
[GA][Iter1] Gen:2 Ind:12 RMSE(val)=57.319419
[GA][Iter1] Gen:2 Ind:13 RMSE(val)=61.637401
[GA][Iter1] Gen:2 Ind:14 RMSE(val)=58.584340
[GA][Iter1] Gen:2 Ind:15 RMSE(val)=57.319419
[GA][Iter1] Gen:2 Ind:16 RMSE(val)=61.637401
[GA][Iter1] Gen:2 Ind:17 RMSE(val)=57.103637
[GA][Iter1] Gen:2 Ind:18 RMSE(val)=63.849290
[GA][Iter1] Gen:2 Ind:19 RMSE(val)=57.103637
[GA][Iter1] Gen:2 Ind:20 RMSE(val)=55.324455
[GA][Iter1] gen=2 best_val_rmse=55.324455
[GA][Iter1] Gen:3 Ind:1 RMSE(val)=55.324455
[GA][Iter1] Gen:3 Ind:2 RMSE(val)=55.324455
[GA][Iter1] Gen:3 Ind:3 RMSE(val)=57.103637
[GA][Iter1] Gen:3 Ind:4 RMSE(val)=57.103637
[GA][Iter1] Gen:3 Ind:5 RMSE(val)=57.319419
[GA][Iter1] Gen:3 Ind:6 RMSE(val)=57.319419
[GA][Iter1] Gen:3 Ind:7 RMSE(val)=57.319419
[GA][Iter1] Gen:3 Ind:8 RMSE(val)=57.765513
[GA][Iter1] Gen:3 Ind:9 RMSE(val)=58.584340
[GA][Iter1] Gen:3 Ind:10 RMSE(val)=58.875369
[GA][Iter1] Gen:3 Ind:11 RMSE(val)=57.765513
[GA][Iter1] Gen:3 Ind:12 RMSE(val)=55.324455
[GA][Iter1] Gen:3 Ind:13 RMSE(val)=64.645327
[GA][Iter1] Gen:3 Ind:14 RMSE(val)=55.324455
[GA][Iter1] Gen:3 Ind:15 RMSE(val)=57.319419
[GA][Iter1] Gen:3 Ind:16 RMSE(val)=64.102475
[GA][Iter1] Gen:3 Ind:17 RMSE(val)=57.103637
[GA][Iter1] Gen:3 Ind:18 RMSE(val)=58.875369
[GA][Iter1] Gen:3 Ind:19 RMSE(val)=64.645327
[GA][Iter1] Gen:3 Ind:20 RMSE(val)=57.660026
[GA][Iter1] gen=3 best_val_rmse=55.324455
[GA][Iter1] Gen:4 Ind:1 RMSE(val)=55.324455
[GA][Iter1] Gen:4 Ind:2 RMSE(val)=55.324455
[GA][Iter1] Gen:4 Ind:3 RMSE(val)=55.324455
[GA][Iter1] Gen:4 Ind:4 RMSE(val)=55.324455
[GA][Iter1] Gen:4 Ind:5 RMSE(val)=57.103637
[GA][Iter1] Gen:4 Ind:6 RMSE(val)=57.103637
[GA][Iter1] Gen:4 Ind:7 RMSE(val)=57.103637
[GA][Iter1] Gen:4 Ind:8 RMSE(val)=57.319419
[GA][Iter1] Gen:4 Ind:9 RMSE(val)=57.319419
[GA][Iter1] Gen:4 Ind:10 RMSE(val)=57.319419
[GA][Iter1] Gen:4 Ind:11 RMSE(val)=57.319419
[GA][Iter1] Gen:4 Ind:12 RMSE(val)=57.319419
[GA][Iter1] Gen:4 Ind:13 RMSE(val)=61.637401
[GA][Iter1] Gen:4 Ind:14 RMSE(val)=57.103637
[GA][Iter1] Gen:4 Ind:15 RMSE(val)=57.319419
[GA][Iter1] Gen:4 Ind:16 RMSE(val)=57.103637
[GA][Iter1] Gen:4 Ind:17 RMSE(val)=58.188579
[GA][Iter1] Gen:4 Ind:18 RMSE(val)=58.188579
[GA][Iter1] Gen:4 Ind:19 RMSE(val)=57.319419
[GA][Iter1] Gen:4 Ind:20 RMSE(val)=57.103637
[GA][Iter1] gen=4 best_val_rmse=55.324455
[GA][Iter1] Gen:5 Ind:1 RMSE(val)=55.324455
[GA][Iter1] Gen:5 Ind:2 RMSE(val)=55.324455
[GA][Iter1] Gen:5 Ind:3 RMSE(val)=55.324455
[GA][Iter1] Gen:5 Ind:4 RMSE(val)=55.324455
[GA][Iter1] Gen:5 Ind:5 RMSE(val)=57.103637
[GA][Iter1] Gen:5 Ind:6 RMSE(val)=57.103637
[GA][Iter1] Gen:5 Ind:7 RMSE(val)=57.103637
[GA][Iter1] Gen:5 Ind:8 RMSE(val)=57.103637
[GA][Iter1] Gen:5 Ind:9 RMSE(val)=57.103637
[GA][Iter1] Gen:5 Ind:10 RMSE(val)=57.103637
[GA][Iter1] Gen:5 Ind:11 RMSE(val)=58.188579
[GA][Iter1] Gen:5 Ind:12 RMSE(val)=57.319419
[GA][Iter1] Gen:5 Ind:13 RMSE(val)=57.103637
[GA][Iter1] Gen:5 Ind:14 RMSE(val)=57.103637
[GA][Iter1] Gen:5 Ind:15 RMSE(val)=62.739032
[GA][Iter1] Gen:5 Ind:16 RMSE(val)=57.103637
[GA][Iter1] Gen:5 Ind:17 RMSE(val)=61.637401
[GA][Iter1] Gen:5 Ind:18 RMSE(val)=58.188579
[GA][Iter1] Gen:5 Ind:19 RMSE(val)=55.324455
[GA][Iter1] Gen:5 Ind:20 RMSE(val)=57.319419
[GA][Iter1] gen=5 best_val_rmse=55.324455
[GA][Iter1] Gen:6 Ind:1 RMSE(val)=55.324455
[GA][Iter1] Gen:6 Ind:2 RMSE(val)=55.324455
[GA][Iter1] Gen:6 Ind:3 RMSE(val)=55.324455
[GA][Iter1] Gen:6 Ind:4 RMSE(val)=55.324455
[GA][Iter1] Gen:6 Ind:5 RMSE(val)=55.324455
[GA][Iter1] Gen:6 Ind:6 RMSE(val)=57.103637
[GA][Iter1] Gen:6 Ind:7 RMSE(val)=57.103637
[GA][Iter1] Gen:6 Ind:8 RMSE(val)=57.103637
[GA][Iter1] Gen:6 Ind:9 RMSE(val)=57.103637
[GA][Iter1] Gen:6 Ind:10 RMSE(val)=57.103637
[GA][Iter1] Gen:6 Ind:11 RMSE(val)=57.103637
[GA][Iter1] Gen:6 Ind:12 RMSE(val)=57.103637
[GA][Iter1] Gen:6 Ind:13 RMSE(val)=57.103637
[GA][Iter1] Gen:6 Ind:14 RMSE(val)=57.103637
[GA][Iter1] Gen:6 Ind:15 RMSE(val)=55.324455
[GA][Iter1] Gen:6 Ind:16 RMSE(val)=55.324455
[GA][Iter1] Gen:6 Ind:17 RMSE(val)=57.103637
[GA][Iter1] Gen:6 Ind:18 RMSE(val)=55.324455
[GA][Iter1] Gen:6 Ind:19 RMSE(val)=55.324455
[GA][Iter1] Gen:6 Ind:20 RMSE(val)=55.324455
[GA][Iter1] gen=6 best_val_rmse=55.324455
[GA][Iter1] Gen:7 Ind:1 RMSE(val)=55.324455
[GA][Iter1] Gen:7 Ind:2 RMSE(val)=55.324455
[GA][Iter1] Gen:7 Ind:3 RMSE(val)=55.324455
[GA][Iter1] Gen:7 Ind:4 RMSE(val)=55.324455
[GA][Iter1] Gen:7 Ind:5 RMSE(val)=55.324455
[GA][Iter1] Gen:7 Ind:6 RMSE(val)=55.324455
[GA][Iter1] Gen:7 Ind:7 RMSE(val)=55.324455
[GA][Iter1] Gen:7 Ind:8 RMSE(val)=55.324455
[GA][Iter1] Gen:7 Ind:9 RMSE(val)=55.324455
[GA][Iter1] Gen:7 Ind:10 RMSE(val)=55.324455
[GA][Iter1] Gen:7 Ind:11 RMSE(val)=55.324455
[GA][Iter1] Gen:7 Ind:12 RMSE(val)=64.347792
[GA][Iter1] Gen:7 Ind:13 RMSE(val)=55.324455
[GA][Iter1] Gen:7 Ind:14 RMSE(val)=55.324455
[GA][Iter1] Gen:7 Ind:15 RMSE(val)=55.324455
[GA][Iter1] Gen:7 Ind:16 RMSE(val)=55.324455
[GA][Iter1] Gen:7 Ind:17 RMSE(val)=55.324455
[GA][Iter1] Gen:7 Ind:18 RMSE(val)=55.324455
[GA][Iter1] Gen:7 Ind:19 RMSE(val)=55.324455
[GA][Iter1] Gen:7 Ind:20 RMSE(val)=55.324455
[GA][Iter1] gen=7 best_val_rmse=55.324455
[GA][Iter1] Gen:8 Ind:1 RMSE(val)=55.324455
[GA][Iter1] Gen:8 Ind:2 RMSE(val)=55.324455
[GA][Iter1] Gen:8 Ind:3 RMSE(val)=55.324455
[GA][Iter1] Gen:8 Ind:4 RMSE(val)=55.324455
[GA][Iter1] Gen:8 Ind:5 RMSE(val)=55.324455
[GA][Iter1] Gen:8 Ind:6 RMSE(val)=55.324455
[GA][Iter1] Gen:8 Ind:7 RMSE(val)=55.324455
[GA][Iter1] Gen:8 Ind:8 RMSE(val)=55.324455
[GA][Iter1] Gen:8 Ind:9 RMSE(val)=55.324455
[GA][Iter1] Gen:8 Ind:10 RMSE(val)=55.324455
[GA][Iter1] Gen:8 Ind:11 RMSE(val)=55.324455
[GA][Iter1] Gen:8 Ind:12 RMSE(val)=55.324455
[GA][Iter1] Gen:8 Ind:13 RMSE(val)=55.324455
[GA][Iter1] Gen:8 Ind:14 RMSE(val)=55.324455
[GA][Iter1] Gen:8 Ind:15 RMSE(val)=55.324455
[GA][Iter1] Gen:8 Ind:16 RMSE(val)=55.324455
[GA][Iter1] Gen:8 Ind:17 RMSE(val)=55.324455
[GA][Iter1] Gen:8 Ind:18 RMSE(val)=55.324455
[GA][Iter1] Gen:8 Ind:19 RMSE(val)=55.324455
[GA][Iter1] Gen:8 Ind:20 RMSE(val)=55.324455
[GA][Iter1] gen=8 best_val_rmse=55.324455
[GA][Iter1] Gen:9 Ind:1 RMSE(val)=55.324455
[GA][Iter1] Gen:9 Ind:2 RMSE(val)=55.324455
[GA][Iter1] Gen:9 Ind:3 RMSE(val)=55.324455
[GA][Iter1] Gen:9 Ind:4 RMSE(val)=55.324455
[GA][Iter1] Gen:9 Ind:5 RMSE(val)=55.324455
[GA][Iter1] Gen:9 Ind:6 RMSE(val)=55.324455
[GA][Iter1] Gen:9 Ind:7 RMSE(val)=55.324455
[GA][Iter1] Gen:9 Ind:8 RMSE(val)=55.324455
[GA][Iter1] Gen:9 Ind:9 RMSE(val)=55.324455
[GA][Iter1] Gen:9 Ind:10 RMSE(val)=55.324455
[GA][Iter1] Gen:9 Ind:11 RMSE(val)=55.324455
[GA][Iter1] Gen:9 Ind:12 RMSE(val)=55.324455
[GA][Iter1] Gen:9 Ind:13 RMSE(val)=61.637401
[GA][Iter1] Gen:9 Ind:14 RMSE(val)=61.724610
[GA][Iter1] Gen:9 Ind:15 RMSE(val)=55.324455
[GA][Iter1] Gen:9 Ind:16 RMSE(val)=62.440893
[GA][Iter1] Gen:9 Ind:17 RMSE(val)=62.440893
[GA][Iter1] Gen:9 Ind:18 RMSE(val)=55.324455
[GA][Iter1] Gen:9 Ind:19 RMSE(val)=55.324455
[GA][Iter1] Gen:9 Ind:20 RMSE(val)=55.324455
[GA][Iter1] gen=9 best_val_rmse=55.324455
[GA][Iter1] Gen:10 Ind:1 RMSE(val)=55.324455
[GA][Iter1] Gen:10 Ind:2 RMSE(val)=55.324455
[GA][Iter1] Gen:10 Ind:3 RMSE(val)=55.324455
[GA][Iter1] Gen:10 Ind:4 RMSE(val)=55.324455
[GA][Iter1] Gen:10 Ind:5 RMSE(val)=55.324455
[GA][Iter1] Gen:10 Ind:6 RMSE(val)=55.324455
[GA][Iter1] Gen:10 Ind:7 RMSE(val)=55.324455
[GA][Iter1] Gen:10 Ind:8 RMSE(val)=55.324455
[GA][Iter1] Gen:10 Ind:9 RMSE(val)=55.324455
[GA][Iter1] Gen:10 Ind:10 RMSE(val)=55.324455
[GA][Iter1] Gen:10 Ind:11 RMSE(val)=55.324455
[GA][Iter1] Gen:10 Ind:12 RMSE(val)=55.324455
[GA][Iter1] Gen:10 Ind:13 RMSE(val)=55.324455
[GA][Iter1] Gen:10 Ind:14 RMSE(val)=55.324455
[GA][Iter1] Gen:10 Ind:15 RMSE(val)=55.324455
[GA][Iter1] Gen:10 Ind:16 RMSE(val)=55.324455
[GA][Iter1] Gen:10 Ind:17 RMSE(val)=64.347792
[GA][Iter1] Gen:10 Ind:18 RMSE(val)=62.440893
[GA][Iter1] Gen:10 Ind:19 RMSE(val)=55.324455
[GA][Iter1] Gen:10 Ind:20 RMSE(val)=55.324455
[GA][Iter1] gen=10 best_val_rmse=55.324455
[GA][Iter1] Gen:11 Ind:1 RMSE(val)=55.324455
[GA][Iter1] Gen:11 Ind:2 RMSE(val)=55.324455
[GA][Iter1] Gen:11 Ind:3 RMSE(val)=55.324455
[GA][Iter1] Gen:11 Ind:4 RMSE(val)=55.324455
[GA][Iter1] Gen:11 Ind:5 RMSE(val)=55.324455
[GA][Iter1] Gen:11 Ind:6 RMSE(val)=55.324455
[GA][Iter1] Gen:11 Ind:7 RMSE(val)=55.324455
[GA][Iter1] Gen:11 Ind:8 RMSE(val)=55.324455
[GA][Iter1] Gen:11 Ind:9 RMSE(val)=55.324455
[GA][Iter1] Gen:11 Ind:10 RMSE(val)=55.324455
[GA][Iter1] Gen:11 Ind:11 RMSE(val)=55.324455
[GA][Iter1] Gen:11 Ind:12 RMSE(val)=55.324455
[GA][Iter1] Gen:11 Ind:13 RMSE(val)=55.324455
[GA][Iter1] Gen:11 Ind:14 RMSE(val)=55.324455
[GA][Iter1] Gen:11 Ind:15 RMSE(val)=55.324455
[GA][Iter1] Gen:11 Ind:16 RMSE(val)=55.324455
[GA][Iter1] Gen:11 Ind:17 RMSE(val)=55.324455
[GA][Iter1] Gen:11 Ind:18 RMSE(val)=55.324455
[GA][Iter1] Gen:11 Ind:19 RMSE(val)=55.324455
[GA][Iter1] Gen:11 Ind:20 RMSE(val)=55.324455
[GA][Iter1] gen=11 best_val_rmse=55.324455
[GA][Iter1] Gen:12 Ind:1 RMSE(val)=55.324455
[GA][Iter1] Gen:12 Ind:2 RMSE(val)=55.324455
[GA][Iter1] Gen:12 Ind:3 RMSE(val)=55.324455
[GA][Iter1] Gen:12 Ind:4 RMSE(val)=55.324455
[GA][Iter1] Gen:12 Ind:5 RMSE(val)=55.324455
[GA][Iter1] Gen:12 Ind:6 RMSE(val)=55.324455
[GA][Iter1] Gen:12 Ind:7 RMSE(val)=55.324455
[GA][Iter1] Gen:12 Ind:8 RMSE(val)=55.324455
[GA][Iter1] Gen:12 Ind:9 RMSE(val)=55.324455
[GA][Iter1] Gen:12 Ind:10 RMSE(val)=55.324455
[GA][Iter1] Gen:12 Ind:11 RMSE(val)=55.324455
[GA][Iter1] Gen:12 Ind:12 RMSE(val)=55.324455
[GA][Iter1] Gen:12 Ind:13 RMSE(val)=55.324455
[GA][Iter1] Gen:12 Ind:14 RMSE(val)=61.637401
[GA][Iter1] Gen:12 Ind:15 RMSE(val)=58.266512
[GA][Iter1] Gen:12 Ind:16 RMSE(val)=55.324455
[GA][Iter1] Gen:12 Ind:17 RMSE(val)=55.324455
[GA][Iter1] Gen:12 Ind:18 RMSE(val)=55.324455
[GA][Iter1] Gen:12 Ind:19 RMSE(val)=55.601939
[GA][Iter1] Gen:12 Ind:20 RMSE(val)=55.324455
[GA][Iter1] gen=12 best_val_rmse=55.324455
[GA][Iter1] Gen:13 Ind:1 RMSE(val)=55.324455
[GA][Iter1] Gen:13 Ind:2 RMSE(val)=55.324455
[GA][Iter1] Gen:13 Ind:3 RMSE(val)=55.324455
[GA][Iter1] Gen:13 Ind:4 RMSE(val)=55.324455
[GA][Iter1] Gen:13 Ind:5 RMSE(val)=55.324455
[GA][Iter1] Gen:13 Ind:6 RMSE(val)=55.324455
[GA][Iter1] Gen:13 Ind:7 RMSE(val)=55.324455
[GA][Iter1] Gen:13 Ind:8 RMSE(val)=55.324455
[GA][Iter1] Gen:13 Ind:9 RMSE(val)=55.324455
[GA][Iter1] Gen:13 Ind:10 RMSE(val)=55.324455
[GA][Iter1] Gen:13 Ind:11 RMSE(val)=55.324455
[GA][Iter1] Gen:13 Ind:12 RMSE(val)=55.324455
[GA][Iter1] Gen:13 Ind:13 RMSE(val)=55.324455
[GA][Iter1] Gen:13 Ind:14 RMSE(val)=55.324455
[GA][Iter1] Gen:13 Ind:15 RMSE(val)=64.347792
[GA][Iter1] Gen:13 Ind:16 RMSE(val)=55.324455
[GA][Iter1] Gen:13 Ind:17 RMSE(val)=55.324455
[GA][Iter1] Gen:13 Ind:18 RMSE(val)=61.637401
[GA][Iter1] Gen:13 Ind:19 RMSE(val)=55.324455
[GA][Iter1] Gen:13 Ind:20 RMSE(val)=55.324455
[GA][Iter1] gen=13 best_val_rmse=55.324455
[GA][Iter1] Gen:14 Ind:1 RMSE(val)=55.324455
[GA][Iter1] Gen:14 Ind:2 RMSE(val)=55.324455
[GA][Iter1] Gen:14 Ind:3 RMSE(val)=55.324455
[GA][Iter1] Gen:14 Ind:4 RMSE(val)=55.324455
[GA][Iter1] Gen:14 Ind:5 RMSE(val)=55.324455
[GA][Iter1] Gen:14 Ind:6 RMSE(val)=55.324455
[GA][Iter1] Gen:14 Ind:7 RMSE(val)=55.324455
[GA][Iter1] Gen:14 Ind:8 RMSE(val)=55.324455
[GA][Iter1] Gen:14 Ind:9 RMSE(val)=55.324455
[GA][Iter1] Gen:14 Ind:10 RMSE(val)=55.324455
[GA][Iter1] Gen:14 Ind:11 RMSE(val)=55.324455
[GA][Iter1] Gen:14 Ind:12 RMSE(val)=55.324455
[GA][Iter1] Gen:14 Ind:13 RMSE(val)=55.324455
[GA][Iter1] Gen:14 Ind:14 RMSE(val)=55.324455
[GA][Iter1] Gen:14 Ind:15 RMSE(val)=55.324455
[GA][Iter1] Gen:14 Ind:16 RMSE(val)=55.324455
[GA][Iter1] Gen:14 Ind:17 RMSE(val)=55.601939
[GA][Iter1] Gen:14 Ind:18 RMSE(val)=55.324455
[GA][Iter1] Gen:14 Ind:19 RMSE(val)=55.324455
[GA][Iter1] Gen:14 Ind:20 RMSE(val)=55.324455
[GA][Iter1] gen=14 best_val_rmse=55.324455
[GA][Iter1] Gen:15 Ind:1 RMSE(val)=55.324455
[GA][Iter1] Gen:15 Ind:2 RMSE(val)=55.324455
[GA][Iter1] Gen:15 Ind:3 RMSE(val)=55.324455
[GA][Iter1] Gen:15 Ind:4 RMSE(val)=55.324455
[GA][Iter1] Gen:15 Ind:5 RMSE(val)=55.324455
[GA][Iter1] Gen:15 Ind:6 RMSE(val)=55.324455
[GA][Iter1] Gen:15 Ind:7 RMSE(val)=55.324455
[GA][Iter1] Gen:15 Ind:8 RMSE(val)=55.324455
[GA][Iter1] Gen:15 Ind:9 RMSE(val)=55.324455
[GA][Iter1] Gen:15 Ind:10 RMSE(val)=55.324455
[GA][Iter1] Gen:15 Ind:11 RMSE(val)=55.324455
[GA][Iter1] Gen:15 Ind:12 RMSE(val)=55.324455
[GA][Iter1] Gen:15 Ind:13 RMSE(val)=55.324455
[GA][Iter1] Gen:15 Ind:14 RMSE(val)=55.324455
[GA][Iter1] Gen:15 Ind:15 RMSE(val)=55.324455
[GA][Iter1] Gen:15 Ind:16 RMSE(val)=55.324455
[GA][Iter1] Gen:15 Ind:17 RMSE(val)=55.324455
[GA][Iter1] Gen:15 Ind:18 RMSE(val)=55.324455
[GA][Iter1] Gen:15 Ind:19 RMSE(val)=55.324455
[GA][Iter1] Gen:15 Ind:20 RMSE(val)=64.347792
[GA][Iter1] gen=15 best_val_rmse=55.324455
[GA][Iter1] Gen:15 Ind:1 RMSE(val)=55.324455
[GA][Iter1] Gen:15 Ind:2 RMSE(val)=55.324455
[GA][Iter1] Gen:15 Ind:3 RMSE(val)=55.324455
[GA][Iter1] Gen:15 Ind:4 RMSE(val)=55.324455
[GA][Iter1] Gen:15 Ind:5 RMSE(val)=55.324455
[GA][Iter1] Gen:15 Ind:6 RMSE(val)=55.324455
[GA][Iter1] Gen:15 Ind:7 RMSE(val)=55.324455
[GA][Iter1] Gen:15 Ind:8 RMSE(val)=55.324455
[GA][Iter1] Gen:15 Ind:9 RMSE(val)=55.324455
[GA][Iter1] Gen:15 Ind:10 RMSE(val)=55.324455
[GA][Iter1] Gen:15 Ind:11 RMSE(val)=62.440893
[GA][Iter1] Gen:15 Ind:12 RMSE(val)=55.324455
[GA][Iter1] Gen:15 Ind:13 RMSE(val)=55.324455
[GA][Iter1] Gen:15 Ind:14 RMSE(val)=55.324455
[GA][Iter1] Gen:15 Ind:15 RMSE(val)=55.324455
[GA][Iter1] Gen:15 Ind:16 RMSE(val)=55.324455
[GA][Iter1] Gen:15 Ind:17 RMSE(val)=55.324455
[GA][Iter1] Gen:15 Ind:18 RMSE(val)=55.324455
[GA][Iter1] Gen:15 Ind:19 RMSE(val)=55.324455
[GA][Iter1] Gen:15 Ind:20 RMSE(val)=55.684741

[GA DONE][Iter1] Best params on val fold of Iter1
Best val RMSE: 55.324455
Best params: {'max_depth': 21, 'min_samples_split': 5, 'min_samples_leaf': 8, 'max_features': None, 'splitter': 'random', 'criterion': 'friedman_mse'}
--------------------------------------------------------------------------------
[RETUNE GA] Iter1: train folds 1..5 -> test fold 6  RMSE=43.492413  NRMSE=1.259319  CVRMSE=0.143838  R2=-0.615808
[GA][Iter2] Gen:1 Ind:1 RMSE(val)=68.893231
[GA][Iter2] Gen:1 Ind:2 RMSE(val)=35.001587
[GA][Iter2] Gen:1 Ind:3 RMSE(val)=65.625168
[GA][Iter2] Gen:1 Ind:4 RMSE(val)=60.510521
[GA][Iter2] Gen:1 Ind:5 RMSE(val)=39.239452
[GA][Iter2] Gen:1 Ind:6 RMSE(val)=34.891034
[GA][Iter2] Gen:1 Ind:7 RMSE(val)=39.459945
[GA][Iter2] Gen:1 Ind:8 RMSE(val)=44.181545
[GA][Iter2] Gen:1 Ind:9 RMSE(val)=42.203651
[GA][Iter2] Gen:1 Ind:10 RMSE(val)=34.689229
[GA][Iter2] Gen:1 Ind:11 RMSE(val)=37.088069
[GA][Iter2] Gen:1 Ind:12 RMSE(val)=36.020575
[GA][Iter2] Gen:1 Ind:13 RMSE(val)=32.986950
[GA][Iter2] Gen:1 Ind:14 RMSE(val)=39.220998
[GA][Iter2] Gen:1 Ind:15 RMSE(val)=34.555377
[GA][Iter2] Gen:1 Ind:16 RMSE(val)=35.008849
[GA][Iter2] Gen:1 Ind:17 RMSE(val)=36.834904
[GA][Iter2] Gen:1 Ind:18 RMSE(val)=43.492413
[GA][Iter2] Gen:1 Ind:19 RMSE(val)=35.013337
[GA][Iter2] Gen:1 Ind:20 RMSE(val)=33.964330
[GA][Iter2] gen=1 best_val_rmse=32.986950
[GA][Iter2] Gen:2 Ind:1 RMSE(val)=32.986950
[GA][Iter2] Gen:2 Ind:2 RMSE(val)=33.964330
[GA][Iter2] Gen:2 Ind:3 RMSE(val)=34.555377
[GA][Iter2] Gen:2 Ind:4 RMSE(val)=34.689229
[GA][Iter2] Gen:2 Ind:5 RMSE(val)=34.891034
[GA][Iter2] Gen:2 Ind:6 RMSE(val)=35.001587
[GA][Iter2] Gen:2 Ind:7 RMSE(val)=35.008849
[GA][Iter2] Gen:2 Ind:8 RMSE(val)=35.013337
[GA][Iter2] Gen:2 Ind:9 RMSE(val)=36.020575
[GA][Iter2] Gen:2 Ind:10 RMSE(val)=36.834904
[GA][Iter2] Gen:2 Ind:11 RMSE(val)=33.746605
[GA][Iter2] Gen:2 Ind:12 RMSE(val)=33.679681
[GA][Iter2] Gen:2 Ind:13 RMSE(val)=33.794567
[GA][Iter2] Gen:2 Ind:14 RMSE(val)=33.647568
[GA][Iter2] Gen:2 Ind:15 RMSE(val)=39.772435
[GA][Iter2] Gen:2 Ind:16 RMSE(val)=33.018513
[GA][Iter2] Gen:2 Ind:17 RMSE(val)=35.013337
[GA][Iter2] Gen:2 Ind:18 RMSE(val)=33.746605
[GA][Iter2] Gen:2 Ind:19 RMSE(val)=35.013337
[GA][Iter2] Gen:2 Ind:20 RMSE(val)=32.907840
[GA][Iter2] gen=2 best_val_rmse=32.907840
[GA][Iter2] Gen:3 Ind:1 RMSE(val)=32.907840
[GA][Iter2] Gen:3 Ind:2 RMSE(val)=32.986950
[GA][Iter2] Gen:3 Ind:3 RMSE(val)=33.018513
[GA][Iter2] Gen:3 Ind:4 RMSE(val)=33.647568
[GA][Iter2] Gen:3 Ind:5 RMSE(val)=33.679681
[GA][Iter2] Gen:3 Ind:6 RMSE(val)=33.746605
[GA][Iter2] Gen:3 Ind:7 RMSE(val)=33.746605
[GA][Iter2] Gen:3 Ind:8 RMSE(val)=33.794567
[GA][Iter2] Gen:3 Ind:9 RMSE(val)=33.964330
[GA][Iter2] Gen:3 Ind:10 RMSE(val)=34.555377
[GA][Iter2] Gen:3 Ind:11 RMSE(val)=32.798769
[GA][Iter2] Gen:3 Ind:12 RMSE(val)=32.907840
[GA][Iter2] Gen:3 Ind:13 RMSE(val)=33.647568
[GA][Iter2] Gen:3 Ind:14 RMSE(val)=41.928014
[GA][Iter2] Gen:3 Ind:15 RMSE(val)=33.794567
[GA][Iter2] Gen:3 Ind:16 RMSE(val)=33.647568
[GA][Iter2] Gen:3 Ind:17 RMSE(val)=32.798769
[GA][Iter2] Gen:3 Ind:18 RMSE(val)=32.798769
[GA][Iter2] Gen:3 Ind:19 RMSE(val)=34.821830
[GA][Iter2] Gen:3 Ind:20 RMSE(val)=32.907840
[GA][Iter2] gen=3 best_val_rmse=32.798769
[GA][Iter2] Gen:4 Ind:1 RMSE(val)=32.798769
[GA][Iter2] Gen:4 Ind:2 RMSE(val)=32.798769
[GA][Iter2] Gen:4 Ind:3 RMSE(val)=32.798769
[GA][Iter2] Gen:4 Ind:4 RMSE(val)=32.907840
[GA][Iter2] Gen:4 Ind:5 RMSE(val)=32.907840
[GA][Iter2] Gen:4 Ind:6 RMSE(val)=32.907840
[GA][Iter2] Gen:4 Ind:7 RMSE(val)=32.986950
[GA][Iter2] Gen:4 Ind:8 RMSE(val)=33.018513
[GA][Iter2] Gen:4 Ind:9 RMSE(val)=33.647568
[GA][Iter2] Gen:4 Ind:10 RMSE(val)=33.647568
[GA][Iter2] Gen:4 Ind:11 RMSE(val)=33.647568
[GA][Iter2] Gen:4 Ind:12 RMSE(val)=32.907840
[GA][Iter2] Gen:4 Ind:13 RMSE(val)=32.798769
[GA][Iter2] Gen:4 Ind:14 RMSE(val)=33.647568
[GA][Iter2] Gen:4 Ind:15 RMSE(val)=32.986950
[GA][Iter2] Gen:4 Ind:16 RMSE(val)=33.647568
[GA][Iter2] Gen:4 Ind:17 RMSE(val)=33.018513
[GA][Iter2] Gen:4 Ind:18 RMSE(val)=32.798769
[GA][Iter2] Gen:4 Ind:19 RMSE(val)=32.907840
[GA][Iter2] Gen:4 Ind:20 RMSE(val)=33.647568
[GA][Iter2] gen=4 best_val_rmse=32.798769
[GA][Iter2] Gen:5 Ind:1 RMSE(val)=32.798769
[GA][Iter2] Gen:5 Ind:2 RMSE(val)=32.798769
[GA][Iter2] Gen:5 Ind:3 RMSE(val)=32.798769
[GA][Iter2] Gen:5 Ind:4 RMSE(val)=32.798769
[GA][Iter2] Gen:5 Ind:5 RMSE(val)=32.798769
[GA][Iter2] Gen:5 Ind:6 RMSE(val)=32.907840
[GA][Iter2] Gen:5 Ind:7 RMSE(val)=32.907840
[GA][Iter2] Gen:5 Ind:8 RMSE(val)=32.907840
[GA][Iter2] Gen:5 Ind:9 RMSE(val)=32.907840
[GA][Iter2] Gen:5 Ind:10 RMSE(val)=32.907840
[GA][Iter2] Gen:5 Ind:11 RMSE(val)=32.798769
[GA][Iter2] Gen:5 Ind:12 RMSE(val)=32.907840
[GA][Iter2] Gen:5 Ind:13 RMSE(val)=32.907840
[GA][Iter2] Gen:5 Ind:14 RMSE(val)=32.798769
[GA][Iter2] Gen:5 Ind:15 RMSE(val)=33.018513
[GA][Iter2] Gen:5 Ind:16 RMSE(val)=32.907840
[GA][Iter2] Gen:5 Ind:17 RMSE(val)=32.798769
[GA][Iter2] Gen:5 Ind:18 RMSE(val)=32.798769
[GA][Iter2] Gen:5 Ind:19 RMSE(val)=32.798769
[GA][Iter2] Gen:5 Ind:20 RMSE(val)=32.907840
[GA][Iter2] gen=5 best_val_rmse=32.798769
[GA][Iter2] Gen:6 Ind:1 RMSE(val)=32.798769
[GA][Iter2] Gen:6 Ind:2 RMSE(val)=32.798769
[GA][Iter2] Gen:6 Ind:3 RMSE(val)=32.798769
[GA][Iter2] Gen:6 Ind:4 RMSE(val)=32.798769
[GA][Iter2] Gen:6 Ind:5 RMSE(val)=32.798769
[GA][Iter2] Gen:6 Ind:6 RMSE(val)=32.798769
[GA][Iter2] Gen:6 Ind:7 RMSE(val)=32.798769
[GA][Iter2] Gen:6 Ind:8 RMSE(val)=32.798769
[GA][Iter2] Gen:6 Ind:9 RMSE(val)=32.798769
[GA][Iter2] Gen:6 Ind:10 RMSE(val)=32.798769
[GA][Iter2] Gen:6 Ind:11 RMSE(val)=33.647568
[GA][Iter2] Gen:6 Ind:12 RMSE(val)=32.798769
[GA][Iter2] Gen:6 Ind:13 RMSE(val)=32.798769
[GA][Iter2] Gen:6 Ind:14 RMSE(val)=32.798769
[GA][Iter2] Gen:6 Ind:15 RMSE(val)=32.798769
[GA][Iter2] Gen:6 Ind:16 RMSE(val)=42.380770
[GA][Iter2] Gen:6 Ind:17 RMSE(val)=32.798769
[GA][Iter2] Gen:6 Ind:18 RMSE(val)=32.798769
[GA][Iter2] Gen:6 Ind:19 RMSE(val)=32.798769
[GA][Iter2] Gen:6 Ind:20 RMSE(val)=32.798769
[GA][Iter2] gen=6 best_val_rmse=32.798769
[GA][Iter2] Gen:7 Ind:1 RMSE(val)=32.798769
[GA][Iter2] Gen:7 Ind:2 RMSE(val)=32.798769
[GA][Iter2] Gen:7 Ind:3 RMSE(val)=32.798769
[GA][Iter2] Gen:7 Ind:4 RMSE(val)=32.798769
[GA][Iter2] Gen:7 Ind:5 RMSE(val)=32.798769
[GA][Iter2] Gen:7 Ind:6 RMSE(val)=32.798769
[GA][Iter2] Gen:7 Ind:7 RMSE(val)=32.798769
[GA][Iter2] Gen:7 Ind:8 RMSE(val)=32.798769
[GA][Iter2] Gen:7 Ind:9 RMSE(val)=32.798769
[GA][Iter2] Gen:7 Ind:10 RMSE(val)=32.798769
[GA][Iter2] Gen:7 Ind:11 RMSE(val)=32.798769
[GA][Iter2] Gen:7 Ind:12 RMSE(val)=33.746605
[GA][Iter2] Gen:7 Ind:13 RMSE(val)=32.798769
[GA][Iter2] Gen:7 Ind:14 RMSE(val)=32.798769
[GA][Iter2] Gen:7 Ind:15 RMSE(val)=32.798769
[GA][Iter2] Gen:7 Ind:16 RMSE(val)=32.798769
[GA][Iter2] Gen:7 Ind:17 RMSE(val)=32.798769
[GA][Iter2] Gen:7 Ind:18 RMSE(val)=32.798769
[GA][Iter2] Gen:7 Ind:19 RMSE(val)=32.798769
[GA][Iter2] Gen:7 Ind:20 RMSE(val)=32.798769
[GA][Iter2] gen=7 best_val_rmse=32.798769
[GA][Iter2] Gen:8 Ind:1 RMSE(val)=32.798769
[GA][Iter2] Gen:8 Ind:2 RMSE(val)=32.798769
[GA][Iter2] Gen:8 Ind:3 RMSE(val)=32.798769
[GA][Iter2] Gen:8 Ind:4 RMSE(val)=32.798769
[GA][Iter2] Gen:8 Ind:5 RMSE(val)=32.798769
[GA][Iter2] Gen:8 Ind:6 RMSE(val)=32.798769
[GA][Iter2] Gen:8 Ind:7 RMSE(val)=32.798769
[GA][Iter2] Gen:8 Ind:8 RMSE(val)=32.798769
[GA][Iter2] Gen:8 Ind:9 RMSE(val)=32.798769
[GA][Iter2] Gen:8 Ind:10 RMSE(val)=32.798769
[GA][Iter2] Gen:8 Ind:11 RMSE(val)=32.798769
[GA][Iter2] Gen:8 Ind:12 RMSE(val)=32.798769
[GA][Iter2] Gen:8 Ind:13 RMSE(val)=32.798769
[GA][Iter2] Gen:8 Ind:14 RMSE(val)=32.798769
[GA][Iter2] Gen:8 Ind:15 RMSE(val)=32.798769
[GA][Iter2] Gen:8 Ind:16 RMSE(val)=32.798769
[GA][Iter2] Gen:8 Ind:17 RMSE(val)=32.798769
[GA][Iter2] Gen:8 Ind:18 RMSE(val)=32.798769
[GA][Iter2] Gen:8 Ind:19 RMSE(val)=32.798769
[GA][Iter2] Gen:8 Ind:20 RMSE(val)=32.798769
[GA][Iter2] gen=8 best_val_rmse=32.798769
[GA][Iter2] Gen:9 Ind:1 RMSE(val)=32.798769
[GA][Iter2] Gen:9 Ind:2 RMSE(val)=32.798769
[GA][Iter2] Gen:9 Ind:3 RMSE(val)=32.798769
[GA][Iter2] Gen:9 Ind:4 RMSE(val)=32.798769
[GA][Iter2] Gen:9 Ind:5 RMSE(val)=32.798769
[GA][Iter2] Gen:9 Ind:6 RMSE(val)=32.798769
[GA][Iter2] Gen:9 Ind:7 RMSE(val)=32.798769
[GA][Iter2] Gen:9 Ind:8 RMSE(val)=32.798769
[GA][Iter2] Gen:9 Ind:9 RMSE(val)=32.798769
[GA][Iter2] Gen:9 Ind:10 RMSE(val)=32.798769
[GA][Iter2] Gen:9 Ind:11 RMSE(val)=32.798769
[GA][Iter2] Gen:9 Ind:12 RMSE(val)=32.798769
[GA][Iter2] Gen:9 Ind:13 RMSE(val)=32.798769
[GA][Iter2] Gen:9 Ind:14 RMSE(val)=32.798769
[GA][Iter2] Gen:9 Ind:15 RMSE(val)=32.798769
[GA][Iter2] Gen:9 Ind:16 RMSE(val)=33.018513
[GA][Iter2] Gen:9 Ind:17 RMSE(val)=33.018513
[GA][Iter2] Gen:9 Ind:18 RMSE(val)=32.798769
[GA][Iter2] Gen:9 Ind:19 RMSE(val)=32.798769
[GA][Iter2] Gen:9 Ind:20 RMSE(val)=32.798769
[GA][Iter2] gen=9 best_val_rmse=32.798769
[GA][Iter2] Gen:10 Ind:1 RMSE(val)=32.798769
[GA][Iter2] Gen:10 Ind:2 RMSE(val)=32.798769
[GA][Iter2] Gen:10 Ind:3 RMSE(val)=32.798769
[GA][Iter2] Gen:10 Ind:4 RMSE(val)=32.798769
[GA][Iter2] Gen:10 Ind:5 RMSE(val)=32.798769
[GA][Iter2] Gen:10 Ind:6 RMSE(val)=32.798769
[GA][Iter2] Gen:10 Ind:7 RMSE(val)=32.798769
[GA][Iter2] Gen:10 Ind:8 RMSE(val)=32.798769
[GA][Iter2] Gen:10 Ind:9 RMSE(val)=32.798769
[GA][Iter2] Gen:10 Ind:10 RMSE(val)=32.798769
[GA][Iter2] Gen:10 Ind:11 RMSE(val)=42.212974
[GA][Iter2] Gen:10 Ind:12 RMSE(val)=32.798769
[GA][Iter2] Gen:10 Ind:13 RMSE(val)=32.798769
[GA][Iter2] Gen:10 Ind:14 RMSE(val)=32.798769
[GA][Iter2] Gen:10 Ind:15 RMSE(val)=32.798769
[GA][Iter2] Gen:10 Ind:16 RMSE(val)=32.798769
[GA][Iter2] Gen:10 Ind:17 RMSE(val)=33.746605
[GA][Iter2] Gen:10 Ind:18 RMSE(val)=33.018513
[GA][Iter2] Gen:10 Ind:19 RMSE(val)=32.798769
[GA][Iter2] Gen:10 Ind:20 RMSE(val)=32.798769
[GA][Iter2] gen=10 best_val_rmse=32.798769
[GA][Iter2] Gen:11 Ind:1 RMSE(val)=32.798769
[GA][Iter2] Gen:11 Ind:2 RMSE(val)=32.798769
[GA][Iter2] Gen:11 Ind:3 RMSE(val)=32.798769
[GA][Iter2] Gen:11 Ind:4 RMSE(val)=32.798769
[GA][Iter2] Gen:11 Ind:5 RMSE(val)=32.798769
[GA][Iter2] Gen:11 Ind:6 RMSE(val)=32.798769
[GA][Iter2] Gen:11 Ind:7 RMSE(val)=32.798769
[GA][Iter2] Gen:11 Ind:8 RMSE(val)=32.798769
[GA][Iter2] Gen:11 Ind:9 RMSE(val)=32.798769
[GA][Iter2] Gen:11 Ind:10 RMSE(val)=32.798769
[GA][Iter2] Gen:11 Ind:11 RMSE(val)=32.798769
[GA][Iter2] Gen:11 Ind:12 RMSE(val)=32.798769
[GA][Iter2] Gen:11 Ind:13 RMSE(val)=32.798769
[GA][Iter2] Gen:11 Ind:14 RMSE(val)=32.798769
[GA][Iter2] Gen:11 Ind:15 RMSE(val)=32.798769
[GA][Iter2] Gen:11 Ind:16 RMSE(val)=32.798769
[GA][Iter2] Gen:11 Ind:17 RMSE(val)=32.798769
[GA][Iter2] Gen:11 Ind:18 RMSE(val)=32.798769
[GA][Iter2] Gen:11 Ind:19 RMSE(val)=32.798769
[GA][Iter2] Gen:11 Ind:20 RMSE(val)=32.798769
[GA][Iter2] gen=11 best_val_rmse=32.798769
[GA][Iter2] Gen:12 Ind:1 RMSE(val)=32.798769
[GA][Iter2] Gen:12 Ind:2 RMSE(val)=32.798769
[GA][Iter2] Gen:12 Ind:3 RMSE(val)=32.798769
[GA][Iter2] Gen:12 Ind:4 RMSE(val)=32.798769
[GA][Iter2] Gen:12 Ind:5 RMSE(val)=32.798769
[GA][Iter2] Gen:12 Ind:6 RMSE(val)=32.798769
[GA][Iter2] Gen:12 Ind:7 RMSE(val)=32.798769
[GA][Iter2] Gen:12 Ind:8 RMSE(val)=32.798769
[GA][Iter2] Gen:12 Ind:9 RMSE(val)=32.798769
[GA][Iter2] Gen:12 Ind:10 RMSE(val)=32.798769
[GA][Iter2] Gen:12 Ind:11 RMSE(val)=32.798769
[GA][Iter2] Gen:12 Ind:12 RMSE(val)=32.798769
[GA][Iter2] Gen:12 Ind:13 RMSE(val)=32.798769
[GA][Iter2] Gen:12 Ind:14 RMSE(val)=32.798769
[GA][Iter2] Gen:12 Ind:15 RMSE(val)=32.798769
[GA][Iter2] Gen:12 Ind:16 RMSE(val)=32.798769
[GA][Iter2] Gen:12 Ind:17 RMSE(val)=32.798769
[GA][Iter2] Gen:12 Ind:18 RMSE(val)=32.798769
[GA][Iter2] Gen:12 Ind:19 RMSE(val)=32.798769
[GA][Iter2] Gen:12 Ind:20 RMSE(val)=32.798769
[GA][Iter2] gen=12 best_val_rmse=32.798769
[GA][Iter2] Gen:13 Ind:1 RMSE(val)=32.798769
[GA][Iter2] Gen:13 Ind:2 RMSE(val)=32.798769
[GA][Iter2] Gen:13 Ind:3 RMSE(val)=32.798769
[GA][Iter2] Gen:13 Ind:4 RMSE(val)=32.798769
[GA][Iter2] Gen:13 Ind:5 RMSE(val)=32.798769
[GA][Iter2] Gen:13 Ind:6 RMSE(val)=32.798769
[GA][Iter2] Gen:13 Ind:7 RMSE(val)=32.798769
[GA][Iter2] Gen:13 Ind:8 RMSE(val)=32.798769
[GA][Iter2] Gen:13 Ind:9 RMSE(val)=32.798769
[GA][Iter2] Gen:13 Ind:10 RMSE(val)=32.798769
[GA][Iter2] Gen:13 Ind:11 RMSE(val)=32.798769
[GA][Iter2] Gen:13 Ind:12 RMSE(val)=32.798769
[GA][Iter2] Gen:13 Ind:13 RMSE(val)=32.798769
[GA][Iter2] Gen:13 Ind:14 RMSE(val)=32.798769
[GA][Iter2] Gen:13 Ind:15 RMSE(val)=34.555377
[GA][Iter2] Gen:13 Ind:16 RMSE(val)=32.798769
[GA][Iter2] Gen:13 Ind:17 RMSE(val)=32.798769
[GA][Iter2] Gen:13 Ind:18 RMSE(val)=32.798769
[GA][Iter2] Gen:13 Ind:19 RMSE(val)=32.798769
[GA][Iter2] Gen:13 Ind:20 RMSE(val)=32.798769
[GA][Iter2] gen=13 best_val_rmse=32.798769
[GA][Iter2] Gen:14 Ind:1 RMSE(val)=32.798769
[GA][Iter2] Gen:14 Ind:2 RMSE(val)=32.798769
[GA][Iter2] Gen:14 Ind:3 RMSE(val)=32.798769
[GA][Iter2] Gen:14 Ind:4 RMSE(val)=32.798769
[GA][Iter2] Gen:14 Ind:5 RMSE(val)=32.798769
[GA][Iter2] Gen:14 Ind:6 RMSE(val)=32.798769
[GA][Iter2] Gen:14 Ind:7 RMSE(val)=32.798769
[GA][Iter2] Gen:14 Ind:8 RMSE(val)=32.798769
[GA][Iter2] Gen:14 Ind:9 RMSE(val)=32.798769
[GA][Iter2] Gen:14 Ind:10 RMSE(val)=32.798769
[GA][Iter2] Gen:14 Ind:11 RMSE(val)=32.798769
[GA][Iter2] Gen:14 Ind:12 RMSE(val)=32.798769
[GA][Iter2] Gen:14 Ind:13 RMSE(val)=32.798769
[GA][Iter2] Gen:14 Ind:14 RMSE(val)=32.798769
[GA][Iter2] Gen:14 Ind:15 RMSE(val)=32.798769
[GA][Iter2] Gen:14 Ind:16 RMSE(val)=42.212974
[GA][Iter2] Gen:14 Ind:17 RMSE(val)=32.798769
[GA][Iter2] Gen:14 Ind:18 RMSE(val)=32.798769
[GA][Iter2] Gen:14 Ind:19 RMSE(val)=33.647568
[GA][Iter2] Gen:14 Ind:20 RMSE(val)=32.798769
[GA][Iter2] gen=14 best_val_rmse=32.798769
[GA][Iter2] Gen:15 Ind:1 RMSE(val)=32.798769
[GA][Iter2] Gen:15 Ind:2 RMSE(val)=32.798769
[GA][Iter2] Gen:15 Ind:3 RMSE(val)=32.798769
[GA][Iter2] Gen:15 Ind:4 RMSE(val)=32.798769
[GA][Iter2] Gen:15 Ind:5 RMSE(val)=32.798769
[GA][Iter2] Gen:15 Ind:6 RMSE(val)=32.798769
[GA][Iter2] Gen:15 Ind:7 RMSE(val)=32.798769
[GA][Iter2] Gen:15 Ind:8 RMSE(val)=32.798769
[GA][Iter2] Gen:15 Ind:9 RMSE(val)=32.798769
[GA][Iter2] Gen:15 Ind:10 RMSE(val)=32.798769
[GA][Iter2] Gen:15 Ind:11 RMSE(val)=32.798769
[GA][Iter2] Gen:15 Ind:12 RMSE(val)=32.798769
[GA][Iter2] Gen:15 Ind:13 RMSE(val)=32.798769
[GA][Iter2] Gen:15 Ind:14 RMSE(val)=32.798769
[GA][Iter2] Gen:15 Ind:15 RMSE(val)=32.798769
[GA][Iter2] Gen:15 Ind:16 RMSE(val)=42.212974
[GA][Iter2] Gen:15 Ind:17 RMSE(val)=32.798769
[GA][Iter2] Gen:15 Ind:18 RMSE(val)=32.798769
[GA][Iter2] Gen:15 Ind:19 RMSE(val)=32.798769
[GA][Iter2] Gen:15 Ind:20 RMSE(val)=34.555377
[GA][Iter2] gen=15 best_val_rmse=32.798769
[GA][Iter2] Gen:15 Ind:1 RMSE(val)=32.798769
[GA][Iter2] Gen:15 Ind:2 RMSE(val)=32.798769
[GA][Iter2] Gen:15 Ind:3 RMSE(val)=32.798769
[GA][Iter2] Gen:15 Ind:4 RMSE(val)=32.798769
[GA][Iter2] Gen:15 Ind:5 RMSE(val)=32.798769
[GA][Iter2] Gen:15 Ind:6 RMSE(val)=32.798769
[GA][Iter2] Gen:15 Ind:7 RMSE(val)=32.798769
[GA][Iter2] Gen:15 Ind:8 RMSE(val)=32.798769
[GA][Iter2] Gen:15 Ind:9 RMSE(val)=32.798769
[GA][Iter2] Gen:15 Ind:10 RMSE(val)=32.798769
[GA][Iter2] Gen:15 Ind:11 RMSE(val)=33.018513
[GA][Iter2] Gen:15 Ind:12 RMSE(val)=32.798769
[GA][Iter2] Gen:15 Ind:13 RMSE(val)=32.798769
[GA][Iter2] Gen:15 Ind:14 RMSE(val)=32.798769
[GA][Iter2] Gen:15 Ind:15 RMSE(val)=32.798769
[GA][Iter2] Gen:15 Ind:16 RMSE(val)=32.798769
[GA][Iter2] Gen:15 Ind:17 RMSE(val)=42.212974
[GA][Iter2] Gen:15 Ind:18 RMSE(val)=32.798769
[GA][Iter2] Gen:15 Ind:19 RMSE(val)=32.798769
[GA][Iter2] Gen:15 Ind:20 RMSE(val)=32.798769

[GA DONE][Iter2] Best params on val fold of Iter2
Best val RMSE: 32.798769
Best params: {'max_depth': 43, 'min_samples_split': 19, 'min_samples_leaf': 23, 'max_features': 'log2', 'splitter': 'random', 'criterion': 'absolute_error'}
--------------------------------------------------------------------------------
[RETUNE GA] Iter2: train folds 1..6 -> test fold 7  RMSE=25.429641  NRMSE=0.927471  CVRMSE=0.079995  R2=0.123567
[GA][Iter3] Gen:1 Ind:1 RMSE(val)=39.207689
[GA][Iter3] Gen:1 Ind:2 RMSE(val)=22.795589
[GA][Iter3] Gen:1 Ind:3 RMSE(val)=27.738346
[GA][Iter3] Gen:1 Ind:4 RMSE(val)=27.924087
[GA][Iter3] Gen:1 Ind:5 RMSE(val)=31.940885
[GA][Iter3] Gen:1 Ind:6 RMSE(val)=22.795589
[GA][Iter3] Gen:1 Ind:7 RMSE(val)=29.196403
[GA][Iter3] Gen:1 Ind:8 RMSE(val)=28.417683
[GA][Iter3] Gen:1 Ind:9 RMSE(val)=26.117966
[GA][Iter3] Gen:1 Ind:10 RMSE(val)=28.864466
[GA][Iter3] Gen:1 Ind:11 RMSE(val)=25.757521
[GA][Iter3] Gen:1 Ind:12 RMSE(val)=31.561453
[GA][Iter3] Gen:1 Ind:13 RMSE(val)=27.601496
[GA][Iter3] Gen:1 Ind:14 RMSE(val)=25.806668
[GA][Iter3] Gen:1 Ind:15 RMSE(val)=30.223320
[GA][Iter3] Gen:1 Ind:16 RMSE(val)=28.297191
[GA][Iter3] Gen:1 Ind:17 RMSE(val)=31.530923
[GA][Iter3] Gen:1 Ind:18 RMSE(val)=31.078775
[GA][Iter3] Gen:1 Ind:19 RMSE(val)=24.689546
[GA][Iter3] Gen:1 Ind:20 RMSE(val)=25.976335
[GA][Iter3] gen=1 best_val_rmse=22.795589
[GA][Iter3] Gen:2 Ind:1 RMSE(val)=22.795589
[GA][Iter3] Gen:2 Ind:2 RMSE(val)=22.795589
[GA][Iter3] Gen:2 Ind:3 RMSE(val)=24.689546
[GA][Iter3] Gen:2 Ind:4 RMSE(val)=25.757521
[GA][Iter3] Gen:2 Ind:5 RMSE(val)=25.806668
[GA][Iter3] Gen:2 Ind:6 RMSE(val)=25.976335
[GA][Iter3] Gen:2 Ind:7 RMSE(val)=26.117966
[GA][Iter3] Gen:2 Ind:8 RMSE(val)=27.601496
[GA][Iter3] Gen:2 Ind:9 RMSE(val)=27.738346
[GA][Iter3] Gen:2 Ind:10 RMSE(val)=27.924087
[GA][Iter3] Gen:2 Ind:11 RMSE(val)=25.655192
[GA][Iter3] Gen:2 Ind:12 RMSE(val)=22.795589
[GA][Iter3] Gen:2 Ind:13 RMSE(val)=42.401990
[GA][Iter3] Gen:2 Ind:14 RMSE(val)=25.277442
[GA][Iter3] Gen:2 Ind:15 RMSE(val)=22.795589
[GA][Iter3] Gen:2 Ind:16 RMSE(val)=43.137150
[GA][Iter3] Gen:2 Ind:17 RMSE(val)=23.692963
[GA][Iter3] Gen:2 Ind:18 RMSE(val)=27.738346
[GA][Iter3] Gen:2 Ind:19 RMSE(val)=24.981011
[GA][Iter3] Gen:2 Ind:20 RMSE(val)=22.795589
[GA][Iter3] gen=2 best_val_rmse=22.795589
[GA][Iter3] Gen:3 Ind:1 RMSE(val)=22.795589
[GA][Iter3] Gen:3 Ind:2 RMSE(val)=22.795589
[GA][Iter3] Gen:3 Ind:3 RMSE(val)=22.795589
[GA][Iter3] Gen:3 Ind:4 RMSE(val)=22.795589
[GA][Iter3] Gen:3 Ind:5 RMSE(val)=22.795589
[GA][Iter3] Gen:3 Ind:6 RMSE(val)=23.692963
[GA][Iter3] Gen:3 Ind:7 RMSE(val)=24.689546
[GA][Iter3] Gen:3 Ind:8 RMSE(val)=24.981011
[GA][Iter3] Gen:3 Ind:9 RMSE(val)=25.277442
[GA][Iter3] Gen:3 Ind:10 RMSE(val)=25.655192
[GA][Iter3] Gen:3 Ind:11 RMSE(val)=27.179831
[GA][Iter3] Gen:3 Ind:12 RMSE(val)=22.795589
[GA][Iter3] Gen:3 Ind:13 RMSE(val)=22.795589
[GA][Iter3] Gen:3 Ind:14 RMSE(val)=22.795589
[GA][Iter3] Gen:3 Ind:15 RMSE(val)=33.710162
[GA][Iter3] Gen:3 Ind:16 RMSE(val)=31.748360
[GA][Iter3] Gen:3 Ind:17 RMSE(val)=22.795589
[GA][Iter3] Gen:3 Ind:18 RMSE(val)=40.985657
[GA][Iter3] Gen:3 Ind:19 RMSE(val)=22.795589
[GA][Iter3] Gen:3 Ind:20 RMSE(val)=23.692963
[GA][Iter3] gen=3 best_val_rmse=22.795589
[GA][Iter3] Gen:4 Ind:1 RMSE(val)=22.795589
[GA][Iter3] Gen:4 Ind:2 RMSE(val)=22.795589
[GA][Iter3] Gen:4 Ind:3 RMSE(val)=22.795589
[GA][Iter3] Gen:4 Ind:4 RMSE(val)=22.795589
[GA][Iter3] Gen:4 Ind:5 RMSE(val)=22.795589
[GA][Iter3] Gen:4 Ind:6 RMSE(val)=22.795589
[GA][Iter3] Gen:4 Ind:7 RMSE(val)=22.795589
[GA][Iter3] Gen:4 Ind:8 RMSE(val)=22.795589
[GA][Iter3] Gen:4 Ind:9 RMSE(val)=22.795589
[GA][Iter3] Gen:4 Ind:10 RMSE(val)=22.795589
[GA][Iter3] Gen:4 Ind:11 RMSE(val)=22.795589
[GA][Iter3] Gen:4 Ind:12 RMSE(val)=22.795589
[GA][Iter3] Gen:4 Ind:13 RMSE(val)=27.633514
[GA][Iter3] Gen:4 Ind:14 RMSE(val)=22.795589
[GA][Iter3] Gen:4 Ind:15 RMSE(val)=22.795589
[GA][Iter3] Gen:4 Ind:16 RMSE(val)=22.795589
[GA][Iter3] Gen:4 Ind:17 RMSE(val)=22.795589
[GA][Iter3] Gen:4 Ind:18 RMSE(val)=22.795589
[GA][Iter3] Gen:4 Ind:19 RMSE(val)=22.795589
[GA][Iter3] Gen:4 Ind:20 RMSE(val)=22.795589
[GA][Iter3] gen=4 best_val_rmse=22.795589
[GA][Iter3] Gen:5 Ind:1 RMSE(val)=22.795589
[GA][Iter3] Gen:5 Ind:2 RMSE(val)=22.795589
[GA][Iter3] Gen:5 Ind:3 RMSE(val)=22.795589
[GA][Iter3] Gen:5 Ind:4 RMSE(val)=22.795589
[GA][Iter3] Gen:5 Ind:5 RMSE(val)=22.795589
[GA][Iter3] Gen:5 Ind:6 RMSE(val)=22.795589
[GA][Iter3] Gen:5 Ind:7 RMSE(val)=22.795589
[GA][Iter3] Gen:5 Ind:8 RMSE(val)=22.795589
[GA][Iter3] Gen:5 Ind:9 RMSE(val)=22.795589
[GA][Iter3] Gen:5 Ind:10 RMSE(val)=22.795589
[GA][Iter3] Gen:5 Ind:11 RMSE(val)=22.795589
[GA][Iter3] Gen:5 Ind:12 RMSE(val)=22.795589
[GA][Iter3] Gen:5 Ind:13 RMSE(val)=22.795589
[GA][Iter3] Gen:5 Ind:14 RMSE(val)=22.795589
[GA][Iter3] Gen:5 Ind:15 RMSE(val)=29.968888
[GA][Iter3] Gen:5 Ind:16 RMSE(val)=22.795589
[GA][Iter3] Gen:5 Ind:17 RMSE(val)=27.633514
[GA][Iter3] Gen:5 Ind:18 RMSE(val)=22.795589
[GA][Iter3] Gen:5 Ind:19 RMSE(val)=22.795589
[GA][Iter3] Gen:5 Ind:20 RMSE(val)=22.795589
[GA][Iter3] gen=5 best_val_rmse=22.795589
[GA][Iter3] Gen:6 Ind:1 RMSE(val)=22.795589
[GA][Iter3] Gen:6 Ind:2 RMSE(val)=22.795589
[GA][Iter3] Gen:6 Ind:3 RMSE(val)=22.795589
[GA][Iter3] Gen:6 Ind:4 RMSE(val)=22.795589
[GA][Iter3] Gen:6 Ind:5 RMSE(val)=22.795589
[GA][Iter3] Gen:6 Ind:6 RMSE(val)=22.795589
[GA][Iter3] Gen:6 Ind:7 RMSE(val)=22.795589
[GA][Iter3] Gen:6 Ind:8 RMSE(val)=22.795589
[GA][Iter3] Gen:6 Ind:9 RMSE(val)=22.795589
[GA][Iter3] Gen:6 Ind:10 RMSE(val)=22.795589
[GA][Iter3] Gen:6 Ind:11 RMSE(val)=24.451812
[GA][Iter3] Gen:6 Ind:12 RMSE(val)=22.795589
[GA][Iter3] Gen:6 Ind:13 RMSE(val)=22.795589
[GA][Iter3] Gen:6 Ind:14 RMSE(val)=22.795589
[GA][Iter3] Gen:6 Ind:15 RMSE(val)=22.795589
[GA][Iter3] Gen:6 Ind:16 RMSE(val)=22.795589
[GA][Iter3] Gen:6 Ind:17 RMSE(val)=22.795589
[GA][Iter3] Gen:6 Ind:18 RMSE(val)=22.795589
[GA][Iter3] Gen:6 Ind:19 RMSE(val)=22.795589
[GA][Iter3] Gen:6 Ind:20 RMSE(val)=22.795589
[GA][Iter3] gen=6 best_val_rmse=22.795589
[GA][Iter3] Gen:7 Ind:1 RMSE(val)=22.795589
[GA][Iter3] Gen:7 Ind:2 RMSE(val)=22.795589
[GA][Iter3] Gen:7 Ind:3 RMSE(val)=22.795589
[GA][Iter3] Gen:7 Ind:4 RMSE(val)=22.795589
[GA][Iter3] Gen:7 Ind:5 RMSE(val)=22.795589
[GA][Iter3] Gen:7 Ind:6 RMSE(val)=22.795589
[GA][Iter3] Gen:7 Ind:7 RMSE(val)=22.795589
[GA][Iter3] Gen:7 Ind:8 RMSE(val)=22.795589
[GA][Iter3] Gen:7 Ind:9 RMSE(val)=22.795589
[GA][Iter3] Gen:7 Ind:10 RMSE(val)=22.795589
[GA][Iter3] Gen:7 Ind:11 RMSE(val)=22.795589
[GA][Iter3] Gen:7 Ind:12 RMSE(val)=22.795589
[GA][Iter3] Gen:7 Ind:13 RMSE(val)=22.795589
[GA][Iter3] Gen:7 Ind:14 RMSE(val)=22.795589
[GA][Iter3] Gen:7 Ind:15 RMSE(val)=22.795589
[GA][Iter3] Gen:7 Ind:16 RMSE(val)=22.795589
[GA][Iter3] Gen:7 Ind:17 RMSE(val)=22.795589
[GA][Iter3] Gen:7 Ind:18 RMSE(val)=22.795589
[GA][Iter3] Gen:7 Ind:19 RMSE(val)=22.795589
[GA][Iter3] Gen:7 Ind:20 RMSE(val)=22.795589
[GA][Iter3] gen=7 best_val_rmse=22.795589
[GA][Iter3] Gen:8 Ind:1 RMSE(val)=22.795589
[GA][Iter3] Gen:8 Ind:2 RMSE(val)=22.795589
[GA][Iter3] Gen:8 Ind:3 RMSE(val)=22.795589
[GA][Iter3] Gen:8 Ind:4 RMSE(val)=22.795589
[GA][Iter3] Gen:8 Ind:5 RMSE(val)=22.795589
[GA][Iter3] Gen:8 Ind:6 RMSE(val)=22.795589
[GA][Iter3] Gen:8 Ind:7 RMSE(val)=22.795589
[GA][Iter3] Gen:8 Ind:8 RMSE(val)=22.795589
[GA][Iter3] Gen:8 Ind:9 RMSE(val)=22.795589
[GA][Iter3] Gen:8 Ind:10 RMSE(val)=22.795589
[GA][Iter3] Gen:8 Ind:11 RMSE(val)=22.795589
[GA][Iter3] Gen:8 Ind:12 RMSE(val)=22.795589
[GA][Iter3] Gen:8 Ind:13 RMSE(val)=22.795589
[GA][Iter3] Gen:8 Ind:14 RMSE(val)=22.795589
[GA][Iter3] Gen:8 Ind:15 RMSE(val)=22.795589
[GA][Iter3] Gen:8 Ind:16 RMSE(val)=22.795589
[GA][Iter3] Gen:8 Ind:17 RMSE(val)=22.795589
[GA][Iter3] Gen:8 Ind:18 RMSE(val)=22.795589
[GA][Iter3] Gen:8 Ind:19 RMSE(val)=22.795589
[GA][Iter3] Gen:8 Ind:20 RMSE(val)=22.795589
[GA][Iter3] gen=8 best_val_rmse=22.795589
[GA][Iter3] Gen:9 Ind:1 RMSE(val)=22.795589
[GA][Iter3] Gen:9 Ind:2 RMSE(val)=22.795589
[GA][Iter3] Gen:9 Ind:3 RMSE(val)=22.795589
[GA][Iter3] Gen:9 Ind:4 RMSE(val)=22.795589
[GA][Iter3] Gen:9 Ind:5 RMSE(val)=22.795589
[GA][Iter3] Gen:9 Ind:6 RMSE(val)=22.795589
[GA][Iter3] Gen:9 Ind:7 RMSE(val)=22.795589
[GA][Iter3] Gen:9 Ind:8 RMSE(val)=22.795589
[GA][Iter3] Gen:9 Ind:9 RMSE(val)=22.795589
[GA][Iter3] Gen:9 Ind:10 RMSE(val)=22.795589
[GA][Iter3] Gen:9 Ind:11 RMSE(val)=22.795589
[GA][Iter3] Gen:9 Ind:12 RMSE(val)=22.795589
[GA][Iter3] Gen:9 Ind:13 RMSE(val)=27.633514
[GA][Iter3] Gen:9 Ind:14 RMSE(val)=22.795589
[GA][Iter3] Gen:9 Ind:15 RMSE(val)=22.795589
[GA][Iter3] Gen:9 Ind:16 RMSE(val)=29.968888
[GA][Iter3] Gen:9 Ind:17 RMSE(val)=29.968888
[GA][Iter3] Gen:9 Ind:18 RMSE(val)=26.117966
[GA][Iter3] Gen:9 Ind:19 RMSE(val)=22.795589
[GA][Iter3] Gen:9 Ind:20 RMSE(val)=22.795589
[GA][Iter3] gen=9 best_val_rmse=22.795589
[GA][Iter3] Gen:10 Ind:1 RMSE(val)=22.795589
[GA][Iter3] Gen:10 Ind:2 RMSE(val)=22.795589
[GA][Iter3] Gen:10 Ind:3 RMSE(val)=22.795589
[GA][Iter3] Gen:10 Ind:4 RMSE(val)=22.795589
[GA][Iter3] Gen:10 Ind:5 RMSE(val)=22.795589
[GA][Iter3] Gen:10 Ind:6 RMSE(val)=22.795589
[GA][Iter3] Gen:10 Ind:7 RMSE(val)=22.795589
[GA][Iter3] Gen:10 Ind:8 RMSE(val)=22.795589
[GA][Iter3] Gen:10 Ind:9 RMSE(val)=22.795589
[GA][Iter3] Gen:10 Ind:10 RMSE(val)=22.795589
[GA][Iter3] Gen:10 Ind:11 RMSE(val)=22.795589
[GA][Iter3] Gen:10 Ind:12 RMSE(val)=22.795589
[GA][Iter3] Gen:10 Ind:13 RMSE(val)=22.795589
[GA][Iter3] Gen:10 Ind:14 RMSE(val)=22.795589
[GA][Iter3] Gen:10 Ind:15 RMSE(val)=22.795589
[GA][Iter3] Gen:10 Ind:16 RMSE(val)=22.795589
[GA][Iter3] Gen:10 Ind:17 RMSE(val)=22.795589
[GA][Iter3] Gen:10 Ind:18 RMSE(val)=29.968888
[GA][Iter3] Gen:10 Ind:19 RMSE(val)=22.795589
[GA][Iter3] Gen:10 Ind:20 RMSE(val)=22.795589
[GA][Iter3] gen=10 best_val_rmse=22.795589
[GA][Iter3] Gen:11 Ind:1 RMSE(val)=22.795589
[GA][Iter3] Gen:11 Ind:2 RMSE(val)=22.795589
[GA][Iter3] Gen:11 Ind:3 RMSE(val)=22.795589
[GA][Iter3] Gen:11 Ind:4 RMSE(val)=22.795589
[GA][Iter3] Gen:11 Ind:5 RMSE(val)=22.795589
[GA][Iter3] Gen:11 Ind:6 RMSE(val)=22.795589
[GA][Iter3] Gen:11 Ind:7 RMSE(val)=22.795589
[GA][Iter3] Gen:11 Ind:8 RMSE(val)=22.795589
[GA][Iter3] Gen:11 Ind:9 RMSE(val)=22.795589
[GA][Iter3] Gen:11 Ind:10 RMSE(val)=22.795589
[GA][Iter3] Gen:11 Ind:11 RMSE(val)=22.795589
[GA][Iter3] Gen:11 Ind:12 RMSE(val)=22.795589
[GA][Iter3] Gen:11 Ind:13 RMSE(val)=22.795589
[GA][Iter3] Gen:11 Ind:14 RMSE(val)=22.795589
[GA][Iter3] Gen:11 Ind:15 RMSE(val)=22.795589
[GA][Iter3] Gen:11 Ind:16 RMSE(val)=22.795589
[GA][Iter3] Gen:11 Ind:17 RMSE(val)=22.795589
[GA][Iter3] Gen:11 Ind:18 RMSE(val)=22.795589
[GA][Iter3] Gen:11 Ind:19 RMSE(val)=22.795589
[GA][Iter3] Gen:11 Ind:20 RMSE(val)=22.795589
[GA][Iter3] gen=11 best_val_rmse=22.795589
[GA][Iter3] Gen:12 Ind:1 RMSE(val)=22.795589
[GA][Iter3] Gen:12 Ind:2 RMSE(val)=22.795589
[GA][Iter3] Gen:12 Ind:3 RMSE(val)=22.795589
[GA][Iter3] Gen:12 Ind:4 RMSE(val)=22.795589
[GA][Iter3] Gen:12 Ind:5 RMSE(val)=22.795589
[GA][Iter3] Gen:12 Ind:6 RMSE(val)=22.795589
[GA][Iter3] Gen:12 Ind:7 RMSE(val)=22.795589
[GA][Iter3] Gen:12 Ind:8 RMSE(val)=22.795589
[GA][Iter3] Gen:12 Ind:9 RMSE(val)=22.795589
[GA][Iter3] Gen:12 Ind:10 RMSE(val)=22.795589
[GA][Iter3] Gen:12 Ind:11 RMSE(val)=22.795589
[GA][Iter3] Gen:12 Ind:12 RMSE(val)=22.795589
[GA][Iter3] Gen:12 Ind:13 RMSE(val)=22.795589
[GA][Iter3] Gen:12 Ind:14 RMSE(val)=27.633514
[GA][Iter3] Gen:12 Ind:15 RMSE(val)=22.795589
[GA][Iter3] Gen:12 Ind:16 RMSE(val)=22.795589
[GA][Iter3] Gen:12 Ind:17 RMSE(val)=22.795589
[GA][Iter3] Gen:12 Ind:18 RMSE(val)=22.795589
[GA][Iter3] Gen:12 Ind:19 RMSE(val)=23.504432
[GA][Iter3] Gen:12 Ind:20 RMSE(val)=22.795589
[GA][Iter3] gen=12 best_val_rmse=22.795589
[GA][Iter3] Gen:13 Ind:1 RMSE(val)=22.795589
[GA][Iter3] Gen:13 Ind:2 RMSE(val)=22.795589
[GA][Iter3] Gen:13 Ind:3 RMSE(val)=22.795589
[GA][Iter3] Gen:13 Ind:4 RMSE(val)=22.795589
[GA][Iter3] Gen:13 Ind:5 RMSE(val)=22.795589
[GA][Iter3] Gen:13 Ind:6 RMSE(val)=22.795589
[GA][Iter3] Gen:13 Ind:7 RMSE(val)=22.795589
[GA][Iter3] Gen:13 Ind:8 RMSE(val)=22.795589
[GA][Iter3] Gen:13 Ind:9 RMSE(val)=22.795589
[GA][Iter3] Gen:13 Ind:10 RMSE(val)=22.795589
[GA][Iter3] Gen:13 Ind:11 RMSE(val)=22.795589
[GA][Iter3] Gen:13 Ind:12 RMSE(val)=22.795589
[GA][Iter3] Gen:13 Ind:13 RMSE(val)=22.795589
[GA][Iter3] Gen:13 Ind:14 RMSE(val)=22.795589
[GA][Iter3] Gen:13 Ind:15 RMSE(val)=22.795589
[GA][Iter3] Gen:13 Ind:16 RMSE(val)=22.795589
[GA][Iter3] Gen:13 Ind:17 RMSE(val)=22.795589
[GA][Iter3] Gen:13 Ind:18 RMSE(val)=27.633514
[GA][Iter3] Gen:13 Ind:19 RMSE(val)=22.795589
[GA][Iter3] Gen:13 Ind:20 RMSE(val)=22.795589
[GA][Iter3] gen=13 best_val_rmse=22.795589
[GA][Iter3] Gen:14 Ind:1 RMSE(val)=22.795589
[GA][Iter3] Gen:14 Ind:2 RMSE(val)=22.795589
[GA][Iter3] Gen:14 Ind:3 RMSE(val)=22.795589
[GA][Iter3] Gen:14 Ind:4 RMSE(val)=22.795589
[GA][Iter3] Gen:14 Ind:5 RMSE(val)=22.795589
[GA][Iter3] Gen:14 Ind:6 RMSE(val)=22.795589
[GA][Iter3] Gen:14 Ind:7 RMSE(val)=22.795589
[GA][Iter3] Gen:14 Ind:8 RMSE(val)=22.795589
[GA][Iter3] Gen:14 Ind:9 RMSE(val)=22.795589
[GA][Iter3] Gen:14 Ind:10 RMSE(val)=22.795589
[GA][Iter3] Gen:14 Ind:11 RMSE(val)=22.795589
[GA][Iter3] Gen:14 Ind:12 RMSE(val)=22.795589
[GA][Iter3] Gen:14 Ind:13 RMSE(val)=22.795589
[GA][Iter3] Gen:14 Ind:14 RMSE(val)=22.795589
[GA][Iter3] Gen:14 Ind:15 RMSE(val)=22.795589
[GA][Iter3] Gen:14 Ind:16 RMSE(val)=22.795589
[GA][Iter3] Gen:14 Ind:17 RMSE(val)=23.504432
[GA][Iter3] Gen:14 Ind:18 RMSE(val)=22.795589
[GA][Iter3] Gen:14 Ind:19 RMSE(val)=24.451812
[GA][Iter3] Gen:14 Ind:20 RMSE(val)=22.795589
[GA][Iter3] gen=14 best_val_rmse=22.795589
[GA][Iter3] Gen:15 Ind:1 RMSE(val)=22.795589
[GA][Iter3] Gen:15 Ind:2 RMSE(val)=22.795589
[GA][Iter3] Gen:15 Ind:3 RMSE(val)=22.795589
[GA][Iter3] Gen:15 Ind:4 RMSE(val)=22.795589
[GA][Iter3] Gen:15 Ind:5 RMSE(val)=22.795589
[GA][Iter3] Gen:15 Ind:6 RMSE(val)=22.795589
[GA][Iter3] Gen:15 Ind:7 RMSE(val)=22.795589
[GA][Iter3] Gen:15 Ind:8 RMSE(val)=22.795589
[GA][Iter3] Gen:15 Ind:9 RMSE(val)=22.795589
[GA][Iter3] Gen:15 Ind:10 RMSE(val)=22.795589
[GA][Iter3] Gen:15 Ind:11 RMSE(val)=22.795589
[GA][Iter3] Gen:15 Ind:12 RMSE(val)=22.795589
[GA][Iter3] Gen:15 Ind:13 RMSE(val)=22.795589
[GA][Iter3] Gen:15 Ind:14 RMSE(val)=22.795589
[GA][Iter3] Gen:15 Ind:15 RMSE(val)=22.795589
[GA][Iter3] Gen:15 Ind:16 RMSE(val)=22.795589
[GA][Iter3] Gen:15 Ind:17 RMSE(val)=22.795589
[GA][Iter3] Gen:15 Ind:18 RMSE(val)=22.795589
[GA][Iter3] Gen:15 Ind:19 RMSE(val)=22.795589
[GA][Iter3] Gen:15 Ind:20 RMSE(val)=22.795589
[GA][Iter3] gen=15 best_val_rmse=22.795589
[GA][Iter3] Gen:15 Ind:1 RMSE(val)=22.795589
[GA][Iter3] Gen:15 Ind:2 RMSE(val)=22.795589
[GA][Iter3] Gen:15 Ind:3 RMSE(val)=22.795589
[GA][Iter3] Gen:15 Ind:4 RMSE(val)=22.795589
[GA][Iter3] Gen:15 Ind:5 RMSE(val)=22.795589
[GA][Iter3] Gen:15 Ind:6 RMSE(val)=22.795589
[GA][Iter3] Gen:15 Ind:7 RMSE(val)=22.795589
[GA][Iter3] Gen:15 Ind:8 RMSE(val)=22.795589
[GA][Iter3] Gen:15 Ind:9 RMSE(val)=22.795589
[GA][Iter3] Gen:15 Ind:10 RMSE(val)=22.795589
[GA][Iter3] Gen:15 Ind:11 RMSE(val)=29.968888
[GA][Iter3] Gen:15 Ind:12 RMSE(val)=22.795589
[GA][Iter3] Gen:15 Ind:13 RMSE(val)=22.795589
[GA][Iter3] Gen:15 Ind:14 RMSE(val)=22.795589
[GA][Iter3] Gen:15 Ind:15 RMSE(val)=22.795589
[GA][Iter3] Gen:15 Ind:16 RMSE(val)=22.795589
[GA][Iter3] Gen:15 Ind:17 RMSE(val)=22.795589
[GA][Iter3] Gen:15 Ind:18 RMSE(val)=22.795589
[GA][Iter3] Gen:15 Ind:19 RMSE(val)=22.795589
[GA][Iter3] Gen:15 Ind:20 RMSE(val)=23.383577

[GA DONE][Iter3] Best params on val fold of Iter3
Best val RMSE: 22.795589
Best params: {'max_depth': 15, 'min_samples_split': 10, 'min_samples_leaf': 24, 'max_features': None, 'splitter': 'best', 'criterion': 'absolute_error'}
--------------------------------------------------------------------------------
[RETUNE GA] Iter3: train folds 1..7 -> test fold 8  RMSE=40.369015  NRMSE=0.898345  CVRMSE=0.121121  R2=0.177750
[GA][Iter4] Gen:1 Ind:1 RMSE(val)=40.451015
[GA][Iter4] Gen:1 Ind:2 RMSE(val)=40.369015
[GA][Iter4] Gen:1 Ind:3 RMSE(val)=50.474213
[GA][Iter4] Gen:1 Ind:4 RMSE(val)=46.533888
[GA][Iter4] Gen:1 Ind:5 RMSE(val)=44.466838
[GA][Iter4] Gen:1 Ind:6 RMSE(val)=41.751303
[GA][Iter4] Gen:1 Ind:7 RMSE(val)=48.204978
[GA][Iter4] Gen:1 Ind:8 RMSE(val)=42.996709
[GA][Iter4] Gen:1 Ind:9 RMSE(val)=50.810787
[GA][Iter4] Gen:1 Ind:10 RMSE(val)=49.434253
[GA][Iter4] Gen:1 Ind:11 RMSE(val)=44.928036
[GA][Iter4] Gen:1 Ind:12 RMSE(val)=44.660486
[GA][Iter4] Gen:1 Ind:13 RMSE(val)=51.806665
[GA][Iter4] Gen:1 Ind:14 RMSE(val)=44.568360
[GA][Iter4] Gen:1 Ind:15 RMSE(val)=45.452814
[GA][Iter4] Gen:1 Ind:16 RMSE(val)=44.119019
[GA][Iter4] Gen:1 Ind:17 RMSE(val)=45.810803
[GA][Iter4] Gen:1 Ind:18 RMSE(val)=39.557027
[GA][Iter4] Gen:1 Ind:19 RMSE(val)=45.575332
[GA][Iter4] Gen:1 Ind:20 RMSE(val)=45.543313
[GA][Iter4] gen=1 best_val_rmse=39.557027
[GA][Iter4] Gen:2 Ind:1 RMSE(val)=39.557027
[GA][Iter4] Gen:2 Ind:2 RMSE(val)=40.369015
[GA][Iter4] Gen:2 Ind:3 RMSE(val)=40.451015
[GA][Iter4] Gen:2 Ind:4 RMSE(val)=41.751303
[GA][Iter4] Gen:2 Ind:5 RMSE(val)=42.996709
[GA][Iter4] Gen:2 Ind:6 RMSE(val)=44.119019
[GA][Iter4] Gen:2 Ind:7 RMSE(val)=44.466838
[GA][Iter4] Gen:2 Ind:8 RMSE(val)=44.568360
[GA][Iter4] Gen:2 Ind:9 RMSE(val)=44.660486
[GA][Iter4] Gen:2 Ind:10 RMSE(val)=44.928036
[GA][Iter4] Gen:2 Ind:11 RMSE(val)=44.934675
[GA][Iter4] Gen:2 Ind:12 RMSE(val)=51.808542
[GA][Iter4] Gen:2 Ind:13 RMSE(val)=46.236376
[GA][Iter4] Gen:2 Ind:14 RMSE(val)=46.488599
[GA][Iter4] Gen:2 Ind:15 RMSE(val)=40.369015
[GA][Iter4] Gen:2 Ind:16 RMSE(val)=46.236376
[GA][Iter4] Gen:2 Ind:17 RMSE(val)=45.470599
[GA][Iter4] Gen:2 Ind:18 RMSE(val)=40.982607
[GA][Iter4] Gen:2 Ind:19 RMSE(val)=45.081194
[GA][Iter4] Gen:2 Ind:20 RMSE(val)=39.557027
[GA][Iter4] gen=2 best_val_rmse=39.557027
[GA][Iter4] Gen:3 Ind:1 RMSE(val)=39.557027
[GA][Iter4] Gen:3 Ind:2 RMSE(val)=39.557027
[GA][Iter4] Gen:3 Ind:3 RMSE(val)=40.369015
[GA][Iter4] Gen:3 Ind:4 RMSE(val)=40.369015
[GA][Iter4] Gen:3 Ind:5 RMSE(val)=40.451015
[GA][Iter4] Gen:3 Ind:6 RMSE(val)=40.982607
[GA][Iter4] Gen:3 Ind:7 RMSE(val)=41.751303
[GA][Iter4] Gen:3 Ind:8 RMSE(val)=42.996709
[GA][Iter4] Gen:3 Ind:9 RMSE(val)=44.119019
[GA][Iter4] Gen:3 Ind:10 RMSE(val)=44.466838
[GA][Iter4] Gen:3 Ind:11 RMSE(val)=46.317027
[GA][Iter4] Gen:3 Ind:12 RMSE(val)=39.557027
[GA][Iter4] Gen:3 Ind:13 RMSE(val)=51.808542
[GA][Iter4] Gen:3 Ind:14 RMSE(val)=39.557027
[GA][Iter4] Gen:3 Ind:15 RMSE(val)=45.830133
[GA][Iter4] Gen:3 Ind:16 RMSE(val)=44.934675
[GA][Iter4] Gen:3 Ind:17 RMSE(val)=46.162154
[GA][Iter4] Gen:3 Ind:18 RMSE(val)=46.469325
[GA][Iter4] Gen:3 Ind:19 RMSE(val)=40.369015
[GA][Iter4] Gen:3 Ind:20 RMSE(val)=45.664441
[GA][Iter4] gen=3 best_val_rmse=39.557027
[GA][Iter4] Gen:4 Ind:1 RMSE(val)=39.557027
[GA][Iter4] Gen:4 Ind:2 RMSE(val)=39.557027
[GA][Iter4] Gen:4 Ind:3 RMSE(val)=39.557027
[GA][Iter4] Gen:4 Ind:4 RMSE(val)=39.557027
[GA][Iter4] Gen:4 Ind:5 RMSE(val)=40.369015
[GA][Iter4] Gen:4 Ind:6 RMSE(val)=40.369015
[GA][Iter4] Gen:4 Ind:7 RMSE(val)=40.369015
[GA][Iter4] Gen:4 Ind:8 RMSE(val)=40.451015
[GA][Iter4] Gen:4 Ind:9 RMSE(val)=40.982607
[GA][Iter4] Gen:4 Ind:10 RMSE(val)=41.751303
[GA][Iter4] Gen:4 Ind:11 RMSE(val)=41.751303
[GA][Iter4] Gen:4 Ind:12 RMSE(val)=40.369015
[GA][Iter4] Gen:4 Ind:13 RMSE(val)=44.500590
[GA][Iter4] Gen:4 Ind:14 RMSE(val)=40.982607
[GA][Iter4] Gen:4 Ind:15 RMSE(val)=40.369015
[GA][Iter4] Gen:4 Ind:16 RMSE(val)=40.982607
[GA][Iter4] Gen:4 Ind:17 RMSE(val)=46.152475
[GA][Iter4] Gen:4 Ind:18 RMSE(val)=49.856473
[GA][Iter4] Gen:4 Ind:19 RMSE(val)=44.700305
[GA][Iter4] Gen:4 Ind:20 RMSE(val)=40.982607
[GA][Iter4] gen=4 best_val_rmse=39.557027
[GA][Iter4] Gen:5 Ind:1 RMSE(val)=39.557027
[GA][Iter4] Gen:5 Ind:2 RMSE(val)=39.557027
[GA][Iter4] Gen:5 Ind:3 RMSE(val)=39.557027
[GA][Iter4] Gen:5 Ind:4 RMSE(val)=39.557027
[GA][Iter4] Gen:5 Ind:5 RMSE(val)=40.369015
[GA][Iter4] Gen:5 Ind:6 RMSE(val)=40.369015
[GA][Iter4] Gen:5 Ind:7 RMSE(val)=40.369015
[GA][Iter4] Gen:5 Ind:8 RMSE(val)=40.369015
[GA][Iter4] Gen:5 Ind:9 RMSE(val)=40.369015
[GA][Iter4] Gen:5 Ind:10 RMSE(val)=40.451015
[GA][Iter4] Gen:5 Ind:11 RMSE(val)=39.557027
[GA][Iter4] Gen:5 Ind:12 RMSE(val)=50.864416
[GA][Iter4] Gen:5 Ind:13 RMSE(val)=44.700305
[GA][Iter4] Gen:5 Ind:14 RMSE(val)=40.369015
[GA][Iter4] Gen:5 Ind:15 RMSE(val)=57.402736
[GA][Iter4] Gen:5 Ind:16 RMSE(val)=51.808542
[GA][Iter4] Gen:5 Ind:17 RMSE(val)=45.554709
[GA][Iter4] Gen:5 Ind:18 RMSE(val)=39.557027
[GA][Iter4] Gen:5 Ind:19 RMSE(val)=39.557027
[GA][Iter4] Gen:5 Ind:20 RMSE(val)=51.808542
[GA][Iter4] gen=5 best_val_rmse=39.557027
[GA][Iter4] Gen:6 Ind:1 RMSE(val)=39.557027
[GA][Iter4] Gen:6 Ind:2 RMSE(val)=39.557027
[GA][Iter4] Gen:6 Ind:3 RMSE(val)=39.557027
[GA][Iter4] Gen:6 Ind:4 RMSE(val)=39.557027
[GA][Iter4] Gen:6 Ind:5 RMSE(val)=39.557027
[GA][Iter4] Gen:6 Ind:6 RMSE(val)=39.557027
[GA][Iter4] Gen:6 Ind:7 RMSE(val)=39.557027
[GA][Iter4] Gen:6 Ind:8 RMSE(val)=40.369015
[GA][Iter4] Gen:6 Ind:9 RMSE(val)=40.369015
[GA][Iter4] Gen:6 Ind:10 RMSE(val)=40.369015
[GA][Iter4] Gen:6 Ind:11 RMSE(val)=49.856473
[GA][Iter4] Gen:6 Ind:12 RMSE(val)=40.369015
[GA][Iter4] Gen:6 Ind:13 RMSE(val)=51.808542
[GA][Iter4] Gen:6 Ind:14 RMSE(val)=39.557027
[GA][Iter4] Gen:6 Ind:15 RMSE(val)=39.557027
[GA][Iter4] Gen:6 Ind:16 RMSE(val)=49.856473
[GA][Iter4] Gen:6 Ind:17 RMSE(val)=40.369015
[GA][Iter4] Gen:6 Ind:18 RMSE(val)=39.557027
[GA][Iter4] Gen:6 Ind:19 RMSE(val)=39.557027
[GA][Iter4] Gen:6 Ind:20 RMSE(val)=45.432031
[GA][Iter4] gen=6 best_val_rmse=39.557027
[GA][Iter4] Gen:7 Ind:1 RMSE(val)=39.557027
[GA][Iter4] Gen:7 Ind:2 RMSE(val)=39.557027
[GA][Iter4] Gen:7 Ind:3 RMSE(val)=39.557027
[GA][Iter4] Gen:7 Ind:4 RMSE(val)=39.557027
[GA][Iter4] Gen:7 Ind:5 RMSE(val)=39.557027
[GA][Iter4] Gen:7 Ind:6 RMSE(val)=39.557027
[GA][Iter4] Gen:7 Ind:7 RMSE(val)=39.557027
[GA][Iter4] Gen:7 Ind:8 RMSE(val)=39.557027
[GA][Iter4] Gen:7 Ind:9 RMSE(val)=39.557027
[GA][Iter4] Gen:7 Ind:10 RMSE(val)=39.557027
[GA][Iter4] Gen:7 Ind:11 RMSE(val)=39.557027
[GA][Iter4] Gen:7 Ind:12 RMSE(val)=49.856473
[GA][Iter4] Gen:7 Ind:13 RMSE(val)=39.557027
[GA][Iter4] Gen:7 Ind:14 RMSE(val)=39.557027
[GA][Iter4] Gen:7 Ind:15 RMSE(val)=39.557027
[GA][Iter4] Gen:7 Ind:16 RMSE(val)=39.557027
[GA][Iter4] Gen:7 Ind:17 RMSE(val)=39.557027
[GA][Iter4] Gen:7 Ind:18 RMSE(val)=39.557027
[GA][Iter4] Gen:7 Ind:19 RMSE(val)=39.557027
[GA][Iter4] Gen:7 Ind:20 RMSE(val)=39.557027
[GA][Iter4] gen=7 best_val_rmse=39.557027
[GA][Iter4] Gen:8 Ind:1 RMSE(val)=39.557027
[GA][Iter4] Gen:8 Ind:2 RMSE(val)=39.557027
[GA][Iter4] Gen:8 Ind:3 RMSE(val)=39.557027
[GA][Iter4] Gen:8 Ind:4 RMSE(val)=39.557027
[GA][Iter4] Gen:8 Ind:5 RMSE(val)=39.557027
[GA][Iter4] Gen:8 Ind:6 RMSE(val)=39.557027
[GA][Iter4] Gen:8 Ind:7 RMSE(val)=39.557027
[GA][Iter4] Gen:8 Ind:8 RMSE(val)=39.557027
[GA][Iter4] Gen:8 Ind:9 RMSE(val)=39.557027
[GA][Iter4] Gen:8 Ind:10 RMSE(val)=39.557027
[GA][Iter4] Gen:8 Ind:11 RMSE(val)=39.557027
[GA][Iter4] Gen:8 Ind:12 RMSE(val)=39.557027
[GA][Iter4] Gen:8 Ind:13 RMSE(val)=39.557027
[GA][Iter4] Gen:8 Ind:14 RMSE(val)=39.557027
[GA][Iter4] Gen:8 Ind:15 RMSE(val)=39.557027
[GA][Iter4] Gen:8 Ind:16 RMSE(val)=39.557027
[GA][Iter4] Gen:8 Ind:17 RMSE(val)=39.557027
[GA][Iter4] Gen:8 Ind:18 RMSE(val)=39.557027
[GA][Iter4] Gen:8 Ind:19 RMSE(val)=39.557027
[GA][Iter4] Gen:8 Ind:20 RMSE(val)=39.557027
[GA][Iter4] gen=8 best_val_rmse=39.557027
[GA][Iter4] Gen:9 Ind:1 RMSE(val)=39.557027
[GA][Iter4] Gen:9 Ind:2 RMSE(val)=39.557027
[GA][Iter4] Gen:9 Ind:3 RMSE(val)=39.557027
[GA][Iter4] Gen:9 Ind:4 RMSE(val)=39.557027
[GA][Iter4] Gen:9 Ind:5 RMSE(val)=39.557027
[GA][Iter4] Gen:9 Ind:6 RMSE(val)=39.557027
[GA][Iter4] Gen:9 Ind:7 RMSE(val)=39.557027
[GA][Iter4] Gen:9 Ind:8 RMSE(val)=39.557027
[GA][Iter4] Gen:9 Ind:9 RMSE(val)=39.557027
[GA][Iter4] Gen:9 Ind:10 RMSE(val)=39.557027
[GA][Iter4] Gen:9 Ind:11 RMSE(val)=39.557027
[GA][Iter4] Gen:9 Ind:12 RMSE(val)=39.557027
[GA][Iter4] Gen:9 Ind:13 RMSE(val)=44.500590
[GA][Iter4] Gen:9 Ind:14 RMSE(val)=46.675910
[GA][Iter4] Gen:9 Ind:15 RMSE(val)=39.557027
[GA][Iter4] Gen:9 Ind:16 RMSE(val)=45.093891
[GA][Iter4] Gen:9 Ind:17 RMSE(val)=45.093891
[GA][Iter4] Gen:9 Ind:18 RMSE(val)=39.557027
[GA][Iter4] Gen:9 Ind:19 RMSE(val)=39.557027
[GA][Iter4] Gen:9 Ind:20 RMSE(val)=39.557027
[GA][Iter4] gen=9 best_val_rmse=39.557027
[GA][Iter4] Gen:10 Ind:1 RMSE(val)=39.557027
[GA][Iter4] Gen:10 Ind:2 RMSE(val)=39.557027
[GA][Iter4] Gen:10 Ind:3 RMSE(val)=39.557027
[GA][Iter4] Gen:10 Ind:4 RMSE(val)=39.557027
[GA][Iter4] Gen:10 Ind:5 RMSE(val)=39.557027
[GA][Iter4] Gen:10 Ind:6 RMSE(val)=39.557027
[GA][Iter4] Gen:10 Ind:7 RMSE(val)=39.557027
[GA][Iter4] Gen:10 Ind:8 RMSE(val)=39.557027
[GA][Iter4] Gen:10 Ind:9 RMSE(val)=39.557027
[GA][Iter4] Gen:10 Ind:10 RMSE(val)=39.557027
[GA][Iter4] Gen:10 Ind:11 RMSE(val)=39.557027
[GA][Iter4] Gen:10 Ind:12 RMSE(val)=39.557027
[GA][Iter4] Gen:10 Ind:13 RMSE(val)=39.557027
[GA][Iter4] Gen:10 Ind:14 RMSE(val)=39.557027
[GA][Iter4] Gen:10 Ind:15 RMSE(val)=39.557027
[GA][Iter4] Gen:10 Ind:16 RMSE(val)=39.557027
[GA][Iter4] Gen:10 Ind:17 RMSE(val)=49.856473
[GA][Iter4] Gen:10 Ind:18 RMSE(val)=45.093891
[GA][Iter4] Gen:10 Ind:19 RMSE(val)=39.557027
[GA][Iter4] Gen:10 Ind:20 RMSE(val)=39.557027
[GA][Iter4] gen=10 best_val_rmse=39.557027
[GA][Iter4] Gen:11 Ind:1 RMSE(val)=39.557027
[GA][Iter4] Gen:11 Ind:2 RMSE(val)=39.557027
[GA][Iter4] Gen:11 Ind:3 RMSE(val)=39.557027
[GA][Iter4] Gen:11 Ind:4 RMSE(val)=39.557027
[GA][Iter4] Gen:11 Ind:5 RMSE(val)=39.557027
[GA][Iter4] Gen:11 Ind:6 RMSE(val)=39.557027
[GA][Iter4] Gen:11 Ind:7 RMSE(val)=39.557027
[GA][Iter4] Gen:11 Ind:8 RMSE(val)=39.557027
[GA][Iter4] Gen:11 Ind:9 RMSE(val)=39.557027
[GA][Iter4] Gen:11 Ind:10 RMSE(val)=39.557027
[GA][Iter4] Gen:11 Ind:11 RMSE(val)=39.557027
[GA][Iter4] Gen:11 Ind:12 RMSE(val)=39.557027
[GA][Iter4] Gen:11 Ind:13 RMSE(val)=39.557027
[GA][Iter4] Gen:11 Ind:14 RMSE(val)=39.557027
[GA][Iter4] Gen:11 Ind:15 RMSE(val)=39.557027
[GA][Iter4] Gen:11 Ind:16 RMSE(val)=39.557027
[GA][Iter4] Gen:11 Ind:17 RMSE(val)=39.557027
[GA][Iter4] Gen:11 Ind:18 RMSE(val)=39.557027
[GA][Iter4] Gen:11 Ind:19 RMSE(val)=39.557027
[GA][Iter4] Gen:11 Ind:20 RMSE(val)=39.557027
[GA][Iter4] gen=11 best_val_rmse=39.557027
[GA][Iter4] Gen:12 Ind:1 RMSE(val)=39.557027
[GA][Iter4] Gen:12 Ind:2 RMSE(val)=39.557027
[GA][Iter4] Gen:12 Ind:3 RMSE(val)=39.557027
[GA][Iter4] Gen:12 Ind:4 RMSE(val)=39.557027
[GA][Iter4] Gen:12 Ind:5 RMSE(val)=39.557027
[GA][Iter4] Gen:12 Ind:6 RMSE(val)=39.557027
[GA][Iter4] Gen:12 Ind:7 RMSE(val)=39.557027
[GA][Iter4] Gen:12 Ind:8 RMSE(val)=39.557027
[GA][Iter4] Gen:12 Ind:9 RMSE(val)=39.557027
[GA][Iter4] Gen:12 Ind:10 RMSE(val)=39.557027
[GA][Iter4] Gen:12 Ind:11 RMSE(val)=39.557027
[GA][Iter4] Gen:12 Ind:12 RMSE(val)=39.557027
[GA][Iter4] Gen:12 Ind:13 RMSE(val)=39.557027
[GA][Iter4] Gen:12 Ind:14 RMSE(val)=44.500590
[GA][Iter4] Gen:12 Ind:15 RMSE(val)=45.432031
[GA][Iter4] Gen:12 Ind:16 RMSE(val)=39.557027
[GA][Iter4] Gen:12 Ind:17 RMSE(val)=39.557027
[GA][Iter4] Gen:12 Ind:18 RMSE(val)=39.557027
[GA][Iter4] Gen:12 Ind:19 RMSE(val)=44.578244
[GA][Iter4] Gen:12 Ind:20 RMSE(val)=39.557027
[GA][Iter4] gen=12 best_val_rmse=39.557027
[GA][Iter4] Gen:13 Ind:1 RMSE(val)=39.557027
[GA][Iter4] Gen:13 Ind:2 RMSE(val)=39.557027
[GA][Iter4] Gen:13 Ind:3 RMSE(val)=39.557027
[GA][Iter4] Gen:13 Ind:4 RMSE(val)=39.557027
[GA][Iter4] Gen:13 Ind:5 RMSE(val)=39.557027
[GA][Iter4] Gen:13 Ind:6 RMSE(val)=39.557027
[GA][Iter4] Gen:13 Ind:7 RMSE(val)=39.557027
[GA][Iter4] Gen:13 Ind:8 RMSE(val)=39.557027
[GA][Iter4] Gen:13 Ind:9 RMSE(val)=39.557027
[GA][Iter4] Gen:13 Ind:10 RMSE(val)=39.557027
[GA][Iter4] Gen:13 Ind:11 RMSE(val)=39.557027
[GA][Iter4] Gen:13 Ind:12 RMSE(val)=39.557027
[GA][Iter4] Gen:13 Ind:13 RMSE(val)=39.557027
[GA][Iter4] Gen:13 Ind:14 RMSE(val)=39.557027
[GA][Iter4] Gen:13 Ind:15 RMSE(val)=49.417232
[GA][Iter4] Gen:13 Ind:16 RMSE(val)=39.557027
[GA][Iter4] Gen:13 Ind:17 RMSE(val)=39.557027
[GA][Iter4] Gen:13 Ind:18 RMSE(val)=44.500590
[GA][Iter4] Gen:13 Ind:19 RMSE(val)=39.557027
[GA][Iter4] Gen:13 Ind:20 RMSE(val)=39.557027
[GA][Iter4] gen=13 best_val_rmse=39.557027
[GA][Iter4] Gen:14 Ind:1 RMSE(val)=39.557027
[GA][Iter4] Gen:14 Ind:2 RMSE(val)=39.557027
[GA][Iter4] Gen:14 Ind:3 RMSE(val)=39.557027
[GA][Iter4] Gen:14 Ind:4 RMSE(val)=39.557027
[GA][Iter4] Gen:14 Ind:5 RMSE(val)=39.557027
[GA][Iter4] Gen:14 Ind:6 RMSE(val)=39.557027
[GA][Iter4] Gen:14 Ind:7 RMSE(val)=39.557027
[GA][Iter4] Gen:14 Ind:8 RMSE(val)=39.557027
[GA][Iter4] Gen:14 Ind:9 RMSE(val)=39.557027
[GA][Iter4] Gen:14 Ind:10 RMSE(val)=39.557027
[GA][Iter4] Gen:14 Ind:11 RMSE(val)=39.557027
[GA][Iter4] Gen:14 Ind:12 RMSE(val)=39.557027
[GA][Iter4] Gen:14 Ind:13 RMSE(val)=39.557027
[GA][Iter4] Gen:14 Ind:14 RMSE(val)=39.557027
[GA][Iter4] Gen:14 Ind:15 RMSE(val)=39.557027
[GA][Iter4] Gen:14 Ind:16 RMSE(val)=39.557027
[GA][Iter4] Gen:14 Ind:17 RMSE(val)=44.578244
[GA][Iter4] Gen:14 Ind:18 RMSE(val)=39.557027
[GA][Iter4] Gen:14 Ind:19 RMSE(val)=39.557027
[GA][Iter4] Gen:14 Ind:20 RMSE(val)=39.557027
[GA][Iter4] gen=14 best_val_rmse=39.557027
[GA][Iter4] Gen:15 Ind:1 RMSE(val)=39.557027
[GA][Iter4] Gen:15 Ind:2 RMSE(val)=39.557027
[GA][Iter4] Gen:15 Ind:3 RMSE(val)=39.557027
[GA][Iter4] Gen:15 Ind:4 RMSE(val)=39.557027
[GA][Iter4] Gen:15 Ind:5 RMSE(val)=39.557027
[GA][Iter4] Gen:15 Ind:6 RMSE(val)=39.557027
[GA][Iter4] Gen:15 Ind:7 RMSE(val)=39.557027
[GA][Iter4] Gen:15 Ind:8 RMSE(val)=39.557027
[GA][Iter4] Gen:15 Ind:9 RMSE(val)=39.557027
[GA][Iter4] Gen:15 Ind:10 RMSE(val)=39.557027
[GA][Iter4] Gen:15 Ind:11 RMSE(val)=39.557027
[GA][Iter4] Gen:15 Ind:12 RMSE(val)=39.557027
[GA][Iter4] Gen:15 Ind:13 RMSE(val)=39.557027
[GA][Iter4] Gen:15 Ind:14 RMSE(val)=39.557027
[GA][Iter4] Gen:15 Ind:15 RMSE(val)=39.557027
[GA][Iter4] Gen:15 Ind:16 RMSE(val)=39.557027
[GA][Iter4] Gen:15 Ind:17 RMSE(val)=39.557027
[GA][Iter4] Gen:15 Ind:18 RMSE(val)=39.557027
[GA][Iter4] Gen:15 Ind:19 RMSE(val)=39.557027
[GA][Iter4] Gen:15 Ind:20 RMSE(val)=49.856473
[GA][Iter4] gen=15 best_val_rmse=39.557027
[GA][Iter4] Gen:15 Ind:1 RMSE(val)=39.557027
[GA][Iter4] Gen:15 Ind:2 RMSE(val)=39.557027
[GA][Iter4] Gen:15 Ind:3 RMSE(val)=39.557027
[GA][Iter4] Gen:15 Ind:4 RMSE(val)=39.557027
[GA][Iter4] Gen:15 Ind:5 RMSE(val)=39.557027
[GA][Iter4] Gen:15 Ind:6 RMSE(val)=39.557027
[GA][Iter4] Gen:15 Ind:7 RMSE(val)=39.557027
[GA][Iter4] Gen:15 Ind:8 RMSE(val)=39.557027
[GA][Iter4] Gen:15 Ind:9 RMSE(val)=39.557027
[GA][Iter4] Gen:15 Ind:10 RMSE(val)=39.557027
[GA][Iter4] Gen:15 Ind:11 RMSE(val)=45.093891
[GA][Iter4] Gen:15 Ind:12 RMSE(val)=39.557027
[GA][Iter4] Gen:15 Ind:13 RMSE(val)=39.557027
[GA][Iter4] Gen:15 Ind:14 RMSE(val)=39.557027
[GA][Iter4] Gen:15 Ind:15 RMSE(val)=39.557027
[GA][Iter4] Gen:15 Ind:16 RMSE(val)=39.557027
[GA][Iter4] Gen:15 Ind:17 RMSE(val)=39.557027
[GA][Iter4] Gen:15 Ind:18 RMSE(val)=39.557027
[GA][Iter4] Gen:15 Ind:19 RMSE(val)=39.557027
[GA][Iter4] Gen:15 Ind:20 RMSE(val)=46.691158

[GA DONE][Iter4] Best params on val fold of Iter4
Best val RMSE: 39.557027
Best params: {'max_depth': 21, 'min_samples_split': 5, 'min_samples_leaf': 8, 'max_features': None, 'splitter': 'random', 'criterion': 'friedman_mse'}
--------------------------------------------------------------------------------
[RETUNE GA] Iter4: train folds 1..8 -> test fold 9  RMSE=56.717822  NRMSE=1.103166  CVRMSE=0.169354  R2=-0.239936
[GA][Iter5] Gen:1 Ind:1 RMSE(val)=61.034126
[GA][Iter5] Gen:1 Ind:2 RMSE(val)=53.956816
[GA][Iter5] Gen:1 Ind:3 RMSE(val)=63.582243
[GA][Iter5] Gen:1 Ind:4 RMSE(val)=56.825350
[GA][Iter5] Gen:1 Ind:5 RMSE(val)=52.048250
[GA][Iter5] Gen:1 Ind:6 RMSE(val)=53.124243
[GA][Iter5] Gen:1 Ind:7 RMSE(val)=56.110161
[GA][Iter5] Gen:1 Ind:8 RMSE(val)=56.202545
[GA][Iter5] Gen:1 Ind:9 RMSE(val)=56.878037
[GA][Iter5] Gen:1 Ind:10 RMSE(val)=56.078236
[GA][Iter5] Gen:1 Ind:11 RMSE(val)=52.789544
[GA][Iter5] Gen:1 Ind:12 RMSE(val)=52.436062
[GA][Iter5] Gen:1 Ind:13 RMSE(val)=56.527648
[GA][Iter5] Gen:1 Ind:14 RMSE(val)=52.804009
[GA][Iter5] Gen:1 Ind:15 RMSE(val)=57.087976
[GA][Iter5] Gen:1 Ind:16 RMSE(val)=53.953438
[GA][Iter5] Gen:1 Ind:17 RMSE(val)=55.290688
[GA][Iter5] Gen:1 Ind:18 RMSE(val)=56.717822
[GA][Iter5] Gen:1 Ind:19 RMSE(val)=54.412285
[GA][Iter5] Gen:1 Ind:20 RMSE(val)=53.104197
[GA][Iter5] gen=1 best_val_rmse=52.048250
[GA][Iter5] Gen:2 Ind:1 RMSE(val)=52.048250
[GA][Iter5] Gen:2 Ind:2 RMSE(val)=52.436062
[GA][Iter5] Gen:2 Ind:3 RMSE(val)=52.789544
[GA][Iter5] Gen:2 Ind:4 RMSE(val)=52.804009
[GA][Iter5] Gen:2 Ind:5 RMSE(val)=53.104197
[GA][Iter5] Gen:2 Ind:6 RMSE(val)=53.124243
[GA][Iter5] Gen:2 Ind:7 RMSE(val)=53.953438
[GA][Iter5] Gen:2 Ind:8 RMSE(val)=53.956816
[GA][Iter5] Gen:2 Ind:9 RMSE(val)=54.412285
[GA][Iter5] Gen:2 Ind:10 RMSE(val)=55.290688
[GA][Iter5] Gen:2 Ind:11 RMSE(val)=53.261092
[GA][Iter5] Gen:2 Ind:12 RMSE(val)=52.436062
[GA][Iter5] Gen:2 Ind:13 RMSE(val)=51.211811
[GA][Iter5] Gen:2 Ind:14 RMSE(val)=52.687594
[GA][Iter5] Gen:2 Ind:15 RMSE(val)=53.856431
[GA][Iter5] Gen:2 Ind:16 RMSE(val)=51.211811
[GA][Iter5] Gen:2 Ind:17 RMSE(val)=55.379332
[GA][Iter5] Gen:2 Ind:18 RMSE(val)=53.081379
[GA][Iter5] Gen:2 Ind:19 RMSE(val)=56.991674
[GA][Iter5] Gen:2 Ind:20 RMSE(val)=52.048250
[GA][Iter5] gen=2 best_val_rmse=51.211811
[GA][Iter5] Gen:3 Ind:1 RMSE(val)=51.211811
[GA][Iter5] Gen:3 Ind:2 RMSE(val)=51.211811
[GA][Iter5] Gen:3 Ind:3 RMSE(val)=52.048250
[GA][Iter5] Gen:3 Ind:4 RMSE(val)=52.048250
[GA][Iter5] Gen:3 Ind:5 RMSE(val)=52.436062
[GA][Iter5] Gen:3 Ind:6 RMSE(val)=52.436062
[GA][Iter5] Gen:3 Ind:7 RMSE(val)=52.687594
[GA][Iter5] Gen:3 Ind:8 RMSE(val)=52.789544
[GA][Iter5] Gen:3 Ind:9 RMSE(val)=52.804009
[GA][Iter5] Gen:3 Ind:10 RMSE(val)=53.081379
[GA][Iter5] Gen:3 Ind:11 RMSE(val)=57.531938
[GA][Iter5] Gen:3 Ind:12 RMSE(val)=51.211811
[GA][Iter5] Gen:3 Ind:13 RMSE(val)=53.341881
[GA][Iter5] Gen:3 Ind:14 RMSE(val)=56.509044
[GA][Iter5] Gen:3 Ind:15 RMSE(val)=52.687594
[GA][Iter5] Gen:3 Ind:16 RMSE(val)=50.124200
[GA][Iter5] Gen:3 Ind:17 RMSE(val)=54.124035
[GA][Iter5] Gen:3 Ind:18 RMSE(val)=60.503482
[GA][Iter5] Gen:3 Ind:19 RMSE(val)=53.341881
[GA][Iter5] Gen:3 Ind:20 RMSE(val)=53.630187
[GA][Iter5] gen=3 best_val_rmse=50.124200
[GA][Iter5] Gen:4 Ind:1 RMSE(val)=50.124200
[GA][Iter5] Gen:4 Ind:2 RMSE(val)=51.211811
[GA][Iter5] Gen:4 Ind:3 RMSE(val)=51.211811
[GA][Iter5] Gen:4 Ind:4 RMSE(val)=51.211811
[GA][Iter5] Gen:4 Ind:5 RMSE(val)=52.048250
[GA][Iter5] Gen:4 Ind:6 RMSE(val)=52.048250
[GA][Iter5] Gen:4 Ind:7 RMSE(val)=52.436062
[GA][Iter5] Gen:4 Ind:8 RMSE(val)=52.436062
[GA][Iter5] Gen:4 Ind:9 RMSE(val)=52.687594
[GA][Iter5] Gen:4 Ind:10 RMSE(val)=52.687594
[GA][Iter5] Gen:4 Ind:11 RMSE(val)=52.687594
[GA][Iter5] Gen:4 Ind:12 RMSE(val)=53.341881
[GA][Iter5] Gen:4 Ind:13 RMSE(val)=50.124200
[GA][Iter5] Gen:4 Ind:14 RMSE(val)=52.687594
[GA][Iter5] Gen:4 Ind:15 RMSE(val)=52.436062
[GA][Iter5] Gen:4 Ind:16 RMSE(val)=52.687594
[GA][Iter5] Gen:4 Ind:17 RMSE(val)=53.753721
[GA][Iter5] Gen:4 Ind:18 RMSE(val)=55.968432
[GA][Iter5] Gen:4 Ind:19 RMSE(val)=53.341881
[GA][Iter5] Gen:4 Ind:20 RMSE(val)=52.687594
[GA][Iter5] gen=4 best_val_rmse=50.124200
[GA][Iter5] Gen:5 Ind:1 RMSE(val)=50.124200
[GA][Iter5] Gen:5 Ind:2 RMSE(val)=50.124200
[GA][Iter5] Gen:5 Ind:3 RMSE(val)=51.211811
[GA][Iter5] Gen:5 Ind:4 RMSE(val)=51.211811
[GA][Iter5] Gen:5 Ind:5 RMSE(val)=51.211811
[GA][Iter5] Gen:5 Ind:6 RMSE(val)=52.048250
[GA][Iter5] Gen:5 Ind:7 RMSE(val)=52.048250
[GA][Iter5] Gen:5 Ind:8 RMSE(val)=52.436062
[GA][Iter5] Gen:5 Ind:9 RMSE(val)=52.436062
[GA][Iter5] Gen:5 Ind:10 RMSE(val)=52.436062
[GA][Iter5] Gen:5 Ind:11 RMSE(val)=50.124200
[GA][Iter5] Gen:5 Ind:12 RMSE(val)=53.733785
[GA][Iter5] Gen:5 Ind:13 RMSE(val)=52.048250
[GA][Iter5] Gen:5 Ind:14 RMSE(val)=58.087339
[GA][Iter5] Gen:5 Ind:15 RMSE(val)=57.531938
[GA][Iter5] Gen:5 Ind:16 RMSE(val)=53.733785
[GA][Iter5] Gen:5 Ind:17 RMSE(val)=50.124200
[GA][Iter5] Gen:5 Ind:18 RMSE(val)=53.406717
[GA][Iter5] Gen:5 Ind:19 RMSE(val)=50.124200
[GA][Iter5] Gen:5 Ind:20 RMSE(val)=52.436062
[GA][Iter5] gen=5 best_val_rmse=50.124200
[GA][Iter5] Gen:6 Ind:1 RMSE(val)=50.124200
[GA][Iter5] Gen:6 Ind:2 RMSE(val)=50.124200
[GA][Iter5] Gen:6 Ind:3 RMSE(val)=50.124200
[GA][Iter5] Gen:6 Ind:4 RMSE(val)=50.124200
[GA][Iter5] Gen:6 Ind:5 RMSE(val)=50.124200
[GA][Iter5] Gen:6 Ind:6 RMSE(val)=51.211811
[GA][Iter5] Gen:6 Ind:7 RMSE(val)=51.211811
[GA][Iter5] Gen:6 Ind:8 RMSE(val)=51.211811
[GA][Iter5] Gen:6 Ind:9 RMSE(val)=52.048250
[GA][Iter5] Gen:6 Ind:10 RMSE(val)=52.048250
[GA][Iter5] Gen:6 Ind:11 RMSE(val)=51.211811
[GA][Iter5] Gen:6 Ind:12 RMSE(val)=52.048250
[GA][Iter5] Gen:6 Ind:13 RMSE(val)=52.696502
[GA][Iter5] Gen:6 Ind:14 RMSE(val)=51.211811
[GA][Iter5] Gen:6 Ind:15 RMSE(val)=50.124200
[GA][Iter5] Gen:6 Ind:16 RMSE(val)=52.789544
[GA][Iter5] Gen:6 Ind:17 RMSE(val)=52.048250
[GA][Iter5] Gen:6 Ind:18 RMSE(val)=50.124200
[GA][Iter5] Gen:6 Ind:19 RMSE(val)=50.124200
[GA][Iter5] Gen:6 Ind:20 RMSE(val)=50.124200
[GA][Iter5] gen=6 best_val_rmse=50.124200
[GA][Iter5] Gen:7 Ind:1 RMSE(val)=50.124200
[GA][Iter5] Gen:7 Ind:2 RMSE(val)=50.124200
[GA][Iter5] Gen:7 Ind:3 RMSE(val)=50.124200
[GA][Iter5] Gen:7 Ind:4 RMSE(val)=50.124200
[GA][Iter5] Gen:7 Ind:5 RMSE(val)=50.124200
[GA][Iter5] Gen:7 Ind:6 RMSE(val)=50.124200
[GA][Iter5] Gen:7 Ind:7 RMSE(val)=50.124200
[GA][Iter5] Gen:7 Ind:8 RMSE(val)=50.124200
[GA][Iter5] Gen:7 Ind:9 RMSE(val)=50.124200
[GA][Iter5] Gen:7 Ind:10 RMSE(val)=51.211811
[GA][Iter5] Gen:7 Ind:11 RMSE(val)=50.124200
[GA][Iter5] Gen:7 Ind:12 RMSE(val)=50.124200
[GA][Iter5] Gen:7 Ind:13 RMSE(val)=50.124200
[GA][Iter5] Gen:7 Ind:14 RMSE(val)=50.124200
[GA][Iter5] Gen:7 Ind:15 RMSE(val)=50.124200
[GA][Iter5] Gen:7 Ind:16 RMSE(val)=50.124200
[GA][Iter5] Gen:7 Ind:17 RMSE(val)=50.124200
[GA][Iter5] Gen:7 Ind:18 RMSE(val)=50.124200
[GA][Iter5] Gen:7 Ind:19 RMSE(val)=50.124200
[GA][Iter5] Gen:7 Ind:20 RMSE(val)=50.124200
[GA][Iter5] gen=7 best_val_rmse=50.124200
[GA][Iter5] Gen:8 Ind:1 RMSE(val)=50.124200
[GA][Iter5] Gen:8 Ind:2 RMSE(val)=50.124200
[GA][Iter5] Gen:8 Ind:3 RMSE(val)=50.124200
[GA][Iter5] Gen:8 Ind:4 RMSE(val)=50.124200
[GA][Iter5] Gen:8 Ind:5 RMSE(val)=50.124200
[GA][Iter5] Gen:8 Ind:6 RMSE(val)=50.124200
[GA][Iter5] Gen:8 Ind:7 RMSE(val)=50.124200
[GA][Iter5] Gen:8 Ind:8 RMSE(val)=50.124200
[GA][Iter5] Gen:8 Ind:9 RMSE(val)=50.124200
[GA][Iter5] Gen:8 Ind:10 RMSE(val)=50.124200
[GA][Iter5] Gen:8 Ind:11 RMSE(val)=50.124200
[GA][Iter5] Gen:8 Ind:12 RMSE(val)=50.124200
[GA][Iter5] Gen:8 Ind:13 RMSE(val)=50.124200
[GA][Iter5] Gen:8 Ind:14 RMSE(val)=50.124200
[GA][Iter5] Gen:8 Ind:15 RMSE(val)=50.124200
[GA][Iter5] Gen:8 Ind:16 RMSE(val)=50.124200
[GA][Iter5] Gen:8 Ind:17 RMSE(val)=50.124200
[GA][Iter5] Gen:8 Ind:18 RMSE(val)=50.124200
[GA][Iter5] Gen:8 Ind:19 RMSE(val)=50.124200
[GA][Iter5] Gen:8 Ind:20 RMSE(val)=50.124200
[GA][Iter5] gen=8 best_val_rmse=50.124200
[GA][Iter5] Gen:9 Ind:1 RMSE(val)=50.124200
[GA][Iter5] Gen:9 Ind:2 RMSE(val)=50.124200
[GA][Iter5] Gen:9 Ind:3 RMSE(val)=50.124200
[GA][Iter5] Gen:9 Ind:4 RMSE(val)=50.124200
[GA][Iter5] Gen:9 Ind:5 RMSE(val)=50.124200
[GA][Iter5] Gen:9 Ind:6 RMSE(val)=50.124200
[GA][Iter5] Gen:9 Ind:7 RMSE(val)=50.124200
[GA][Iter5] Gen:9 Ind:8 RMSE(val)=50.124200
[GA][Iter5] Gen:9 Ind:9 RMSE(val)=50.124200
[GA][Iter5] Gen:9 Ind:10 RMSE(val)=50.124200
[GA][Iter5] Gen:9 Ind:11 RMSE(val)=50.124200
[GA][Iter5] Gen:9 Ind:12 RMSE(val)=50.124200
[GA][Iter5] Gen:9 Ind:13 RMSE(val)=50.124200
[GA][Iter5] Gen:9 Ind:14 RMSE(val)=53.953438
[GA][Iter5] Gen:9 Ind:15 RMSE(val)=50.124200
[GA][Iter5] Gen:9 Ind:16 RMSE(val)=53.406717
[GA][Iter5] Gen:9 Ind:17 RMSE(val)=53.406717
[GA][Iter5] Gen:9 Ind:18 RMSE(val)=53.331269
[GA][Iter5] Gen:9 Ind:19 RMSE(val)=50.124200
[GA][Iter5] Gen:9 Ind:20 RMSE(val)=50.124200
[GA][Iter5] gen=9 best_val_rmse=50.124200
[GA][Iter5] Gen:10 Ind:1 RMSE(val)=50.124200
[GA][Iter5] Gen:10 Ind:2 RMSE(val)=50.124200
[GA][Iter5] Gen:10 Ind:3 RMSE(val)=50.124200
[GA][Iter5] Gen:10 Ind:4 RMSE(val)=50.124200
[GA][Iter5] Gen:10 Ind:5 RMSE(val)=50.124200
[GA][Iter5] Gen:10 Ind:6 RMSE(val)=50.124200
[GA][Iter5] Gen:10 Ind:7 RMSE(val)=50.124200
[GA][Iter5] Gen:10 Ind:8 RMSE(val)=50.124200
[GA][Iter5] Gen:10 Ind:9 RMSE(val)=50.124200
[GA][Iter5] Gen:10 Ind:10 RMSE(val)=50.124200
[GA][Iter5] Gen:10 Ind:11 RMSE(val)=52.789544
[GA][Iter5] Gen:10 Ind:12 RMSE(val)=50.124200
[GA][Iter5] Gen:10 Ind:13 RMSE(val)=50.124200
[GA][Iter5] Gen:10 Ind:14 RMSE(val)=50.124200
[GA][Iter5] Gen:10 Ind:15 RMSE(val)=50.124200
[GA][Iter5] Gen:10 Ind:16 RMSE(val)=50.124200
[GA][Iter5] Gen:10 Ind:17 RMSE(val)=50.124200
[GA][Iter5] Gen:10 Ind:18 RMSE(val)=53.406717
[GA][Iter5] Gen:10 Ind:19 RMSE(val)=50.124200
[GA][Iter5] Gen:10 Ind:20 RMSE(val)=50.124200
[GA][Iter5] gen=10 best_val_rmse=50.124200
[GA][Iter5] Gen:11 Ind:1 RMSE(val)=50.124200
[GA][Iter5] Gen:11 Ind:2 RMSE(val)=50.124200
[GA][Iter5] Gen:11 Ind:3 RMSE(val)=50.124200
[GA][Iter5] Gen:11 Ind:4 RMSE(val)=50.124200
[GA][Iter5] Gen:11 Ind:5 RMSE(val)=50.124200
[GA][Iter5] Gen:11 Ind:6 RMSE(val)=50.124200
[GA][Iter5] Gen:11 Ind:7 RMSE(val)=50.124200
[GA][Iter5] Gen:11 Ind:8 RMSE(val)=50.124200
[GA][Iter5] Gen:11 Ind:9 RMSE(val)=50.124200
[GA][Iter5] Gen:11 Ind:10 RMSE(val)=50.124200
[GA][Iter5] Gen:11 Ind:11 RMSE(val)=50.124200
[GA][Iter5] Gen:11 Ind:12 RMSE(val)=50.124200
[GA][Iter5] Gen:11 Ind:13 RMSE(val)=50.124200
[GA][Iter5] Gen:11 Ind:14 RMSE(val)=50.124200
[GA][Iter5] Gen:11 Ind:15 RMSE(val)=50.124200
[GA][Iter5] Gen:11 Ind:16 RMSE(val)=50.124200
[GA][Iter5] Gen:11 Ind:17 RMSE(val)=50.124200
[GA][Iter5] Gen:11 Ind:18 RMSE(val)=50.124200
[GA][Iter5] Gen:11 Ind:19 RMSE(val)=50.124200
[GA][Iter5] Gen:11 Ind:20 RMSE(val)=50.124200
[GA][Iter5] gen=11 best_val_rmse=50.124200
[GA][Iter5] Gen:12 Ind:1 RMSE(val)=50.124200
[GA][Iter5] Gen:12 Ind:2 RMSE(val)=50.124200
[GA][Iter5] Gen:12 Ind:3 RMSE(val)=50.124200
[GA][Iter5] Gen:12 Ind:4 RMSE(val)=50.124200
[GA][Iter5] Gen:12 Ind:5 RMSE(val)=50.124200
[GA][Iter5] Gen:12 Ind:6 RMSE(val)=50.124200
[GA][Iter5] Gen:12 Ind:7 RMSE(val)=50.124200
[GA][Iter5] Gen:12 Ind:8 RMSE(val)=50.124200
[GA][Iter5] Gen:12 Ind:9 RMSE(val)=50.124200
[GA][Iter5] Gen:12 Ind:10 RMSE(val)=50.124200
[GA][Iter5] Gen:12 Ind:11 RMSE(val)=50.124200
[GA][Iter5] Gen:12 Ind:12 RMSE(val)=50.124200
[GA][Iter5] Gen:12 Ind:13 RMSE(val)=50.124200
[GA][Iter5] Gen:12 Ind:14 RMSE(val)=50.124200
[GA][Iter5] Gen:12 Ind:15 RMSE(val)=58.062227
[GA][Iter5] Gen:12 Ind:16 RMSE(val)=50.124200
[GA][Iter5] Gen:12 Ind:17 RMSE(val)=50.124200
[GA][Iter5] Gen:12 Ind:18 RMSE(val)=50.124200
[GA][Iter5] Gen:12 Ind:19 RMSE(val)=53.069189
[GA][Iter5] Gen:12 Ind:20 RMSE(val)=50.124200
[GA][Iter5] gen=12 best_val_rmse=50.124200
[GA][Iter5] Gen:13 Ind:1 RMSE(val)=50.124200
[GA][Iter5] Gen:13 Ind:2 RMSE(val)=50.124200
[GA][Iter5] Gen:13 Ind:3 RMSE(val)=50.124200
[GA][Iter5] Gen:13 Ind:4 RMSE(val)=50.124200
[GA][Iter5] Gen:13 Ind:5 RMSE(val)=50.124200
[GA][Iter5] Gen:13 Ind:6 RMSE(val)=50.124200
[GA][Iter5] Gen:13 Ind:7 RMSE(val)=50.124200
[GA][Iter5] Gen:13 Ind:8 RMSE(val)=50.124200
[GA][Iter5] Gen:13 Ind:9 RMSE(val)=50.124200
[GA][Iter5] Gen:13 Ind:10 RMSE(val)=50.124200
[GA][Iter5] Gen:13 Ind:11 RMSE(val)=50.124200
[GA][Iter5] Gen:13 Ind:12 RMSE(val)=50.124200
[GA][Iter5] Gen:13 Ind:13 RMSE(val)=50.124200
[GA][Iter5] Gen:13 Ind:14 RMSE(val)=50.124200
[GA][Iter5] Gen:13 Ind:15 RMSE(val)=50.124200
[GA][Iter5] Gen:13 Ind:16 RMSE(val)=50.124200
[GA][Iter5] Gen:13 Ind:17 RMSE(val)=50.124200
[GA][Iter5] Gen:13 Ind:18 RMSE(val)=50.124200
[GA][Iter5] Gen:13 Ind:19 RMSE(val)=50.124200
[GA][Iter5] Gen:13 Ind:20 RMSE(val)=50.124200
[GA][Iter5] gen=13 best_val_rmse=50.124200
[GA][Iter5] Gen:14 Ind:1 RMSE(val)=50.124200
[GA][Iter5] Gen:14 Ind:2 RMSE(val)=50.124200
[GA][Iter5] Gen:14 Ind:3 RMSE(val)=50.124200
[GA][Iter5] Gen:14 Ind:4 RMSE(val)=50.124200
[GA][Iter5] Gen:14 Ind:5 RMSE(val)=50.124200
[GA][Iter5] Gen:14 Ind:6 RMSE(val)=50.124200
[GA][Iter5] Gen:14 Ind:7 RMSE(val)=50.124200
[GA][Iter5] Gen:14 Ind:8 RMSE(val)=50.124200
[GA][Iter5] Gen:14 Ind:9 RMSE(val)=50.124200
[GA][Iter5] Gen:14 Ind:10 RMSE(val)=50.124200
[GA][Iter5] Gen:14 Ind:11 RMSE(val)=50.124200
[GA][Iter5] Gen:14 Ind:12 RMSE(val)=50.124200
[GA][Iter5] Gen:14 Ind:13 RMSE(val)=50.124200
[GA][Iter5] Gen:14 Ind:14 RMSE(val)=50.124200
[GA][Iter5] Gen:14 Ind:15 RMSE(val)=50.124200
[GA][Iter5] Gen:14 Ind:16 RMSE(val)=52.789544
[GA][Iter5] Gen:14 Ind:17 RMSE(val)=53.069189
[GA][Iter5] Gen:14 Ind:18 RMSE(val)=50.124200
[GA][Iter5] Gen:14 Ind:19 RMSE(val)=50.124200
[GA][Iter5] Gen:14 Ind:20 RMSE(val)=50.124200
[GA][Iter5] gen=14 best_val_rmse=50.124200
[GA][Iter5] Gen:15 Ind:1 RMSE(val)=50.124200
[GA][Iter5] Gen:15 Ind:2 RMSE(val)=50.124200
[GA][Iter5] Gen:15 Ind:3 RMSE(val)=50.124200
[GA][Iter5] Gen:15 Ind:4 RMSE(val)=50.124200
[GA][Iter5] Gen:15 Ind:5 RMSE(val)=50.124200
[GA][Iter5] Gen:15 Ind:6 RMSE(val)=50.124200
[GA][Iter5] Gen:15 Ind:7 RMSE(val)=50.124200
[GA][Iter5] Gen:15 Ind:8 RMSE(val)=50.124200
[GA][Iter5] Gen:15 Ind:9 RMSE(val)=50.124200
[GA][Iter5] Gen:15 Ind:10 RMSE(val)=50.124200
[GA][Iter5] Gen:15 Ind:11 RMSE(val)=50.124200
[GA][Iter5] Gen:15 Ind:12 RMSE(val)=50.124200
[GA][Iter5] Gen:15 Ind:13 RMSE(val)=50.124200
[GA][Iter5] Gen:15 Ind:14 RMSE(val)=50.124200
[GA][Iter5] Gen:15 Ind:15 RMSE(val)=50.124200
[GA][Iter5] Gen:15 Ind:16 RMSE(val)=52.789544
[GA][Iter5] Gen:15 Ind:17 RMSE(val)=50.124200
[GA][Iter5] Gen:15 Ind:18 RMSE(val)=50.124200
[GA][Iter5] Gen:15 Ind:19 RMSE(val)=50.124200
[GA][Iter5] Gen:15 Ind:20 RMSE(val)=50.124200
[GA][Iter5] gen=15 best_val_rmse=50.124200
[GA][Iter5] Gen:15 Ind:1 RMSE(val)=50.124200
[GA][Iter5] Gen:15 Ind:2 RMSE(val)=50.124200
[GA][Iter5] Gen:15 Ind:3 RMSE(val)=50.124200
[GA][Iter5] Gen:15 Ind:4 RMSE(val)=50.124200
[GA][Iter5] Gen:15 Ind:5 RMSE(val)=50.124200
[GA][Iter5] Gen:15 Ind:6 RMSE(val)=50.124200
[GA][Iter5] Gen:15 Ind:7 RMSE(val)=50.124200
[GA][Iter5] Gen:15 Ind:8 RMSE(val)=50.124200
[GA][Iter5] Gen:15 Ind:9 RMSE(val)=50.124200
[GA][Iter5] Gen:15 Ind:10 RMSE(val)=50.124200
[GA][Iter5] Gen:15 Ind:11 RMSE(val)=53.406717
[GA][Iter5] Gen:15 Ind:12 RMSE(val)=50.124200
[GA][Iter5] Gen:15 Ind:13 RMSE(val)=50.124200
[GA][Iter5] Gen:15 Ind:14 RMSE(val)=50.124200
[GA][Iter5] Gen:15 Ind:15 RMSE(val)=50.124200
[GA][Iter5] Gen:15 Ind:16 RMSE(val)=50.124200
[GA][Iter5] Gen:15 Ind:17 RMSE(val)=52.789544
[GA][Iter5] Gen:15 Ind:18 RMSE(val)=50.124200
[GA][Iter5] Gen:15 Ind:19 RMSE(val)=50.124200
[GA][Iter5] Gen:15 Ind:20 RMSE(val)=52.146968

[GA DONE][Iter5] Best params on val fold of Iter5
Best val RMSE: 50.124200
Best params: {'max_depth': 40, 'min_samples_split': 25, 'min_samples_leaf': 19, 'max_features': 'log2', 'splitter': 'best', 'criterion': 'squared_error'}
--------------------------------------------------------------------------------
[RETUNE GA] Iter5: train folds 1..9 -> test fold 10  RMSE=63.095636  NRMSE=1.199852  CVRMSE=0.178891  R2=-0.466808
