=== BASELINE (project=daos, last-7 mean, expanding folds) ===
Iter1: train folds 1..5 -> test fold 6  RMSE=1124.3506  NRMSE=0.9023  CVRMSE=0.3906  R²=0.1843
Iter2: train folds 1..6 -> test fold 7  RMSE=1073.7679  NRMSE=0.9093  CVRMSE=0.4079  R²=0.1717
Iter3: train folds 1..7 -> test fold 8  RMSE=1103.3863  NRMSE=0.9525  CVRMSE=0.3848  R²=0.0911
Iter4: train folds 1..8 -> test fold 9  RMSE=1098.0451  NRMSE=0.9484  CVRMSE=0.4267  R²=0.0988
Iter5: train folds 1..9 -> test fold 10  RMSE=1315.4961  NRMSE=0.9493  CVRMSE=0.4352  R²=0.0972
--------------------------------------------------
[FEATURES] initial=197 kept_after_screening=127
['issuer_name', 'branch', 'run_attempt', 'total_builds', 'workflow_size', 'gh_sloc', 'total_jobs', 'gh_files_added', 'gh_files_deleted', 'gh_tests_deleted', 'gh_src_files', 'docker_compose_changed', 'git_commits', 'gh_num_pr_comments', 'hour', 'dow', 'month', 'secs_since_prev', 'duration_lag_1', 'duration_lag_4', 'duration_lag_5', 'duration_lag_6', 'duration_lag_7', 'window_avg_7', 'window_std_3', 'ft___04_', 'ft___15_', 'ft___binpb_', 'ft___c_', 'ft___c__', 'ft___conf_', 'ft___conf__', 'ft___config_', 'ft___config__', 'ft___c____dup1', 'ft___default_', 'ft___default__', 'ft___dict_', 'ft___dict__', 'ft___diff_', 'ft___dirs__', 'ft___env_', 'ft___env__', 'ft___example_', 'ft___go___', 'ft___h_', 'ft___h__', 'ft___install_', 'ft___install__', 'ft___j2_', 'ft___md_', 'ft___md__', 'ft___mk_', 'ft___mk__', 'ft___mod__', 'ft___patch_', 'ft___patch__', 'ft___postinst__', 'ft___preinst_', 'ft___proto_', 'ft___proto__', 'ft___py__', 'ft___rpmlintrc__', 'ft___s_', 'ft___sh__', 'ft___sh____dup1', 'ft___spec_', 'ft___sum_', 'ft___sum__', 'ft___supp_', 'ft___supp__', 'ft___toml_', 'ft___txt_', 'ft___xml_', 'ft___yaml_', 'ft___yaml__', 'ft___yaml____dup1', 'ft___yml_', 'ft___yml__', 'ft___yml____dup1', 'ft____04_', 'ft____8_', 'ft____c_', 'ft____c__', 'ft____config_', 'ft____config__', 'ft____dict_', 'ft____dict__', 'ft____dirs__', 'ft____go_', 'ft____go__', 'ft____google_', 'ft____google__', 'ft____h__', 'ft____j2__', 'ft____md_', 'ft____md__', 'ft____mk_', 'ft____mockbuild__', 'ft____mod__', 'ft____patch_', 'ft____patch__', 'ft____proto__', 'ft____py_', 'ft____py__', 'ft____py____dup1', 'ft____rolling_', 'ft____rpmlintrc__', 'ft____sh_', 'ft____sh__', 'ft____spec_', 'ft____spec__', 'ft____supp_', 'ft____supp__', 'ft____test_summary__', 'ft____toml_', 'ft____txt_', 'ft____txt__', 'ft____ubuntu_', 'ft____ubuntu__', 'ft____xml__', 'ft____yaml_', 'ft____yaml__', 'ft____yaml____dup1', 'ft____yml_', 'ft____yml__', 'ft___']
--------------------------------------------------------------------------------
[GA][Iter1] Gen:1 Ind:1 RMSE(val)=61714.474636
[GA][Iter1] Gen:1 Ind:2 RMSE(val)=61707.236731
[GA][Iter1] Gen:1 Ind:3 RMSE(val)=61708.620844
[GA][Iter1] Gen:1 Ind:4 RMSE(val)=61707.913392
[GA][Iter1] Gen:1 Ind:5 RMSE(val)=61711.074243
[GA][Iter1] Gen:1 Ind:6 RMSE(val)=61706.988757
[GA][Iter1] Gen:1 Ind:7 RMSE(val)=61703.388352
[GA][Iter1] Gen:1 Ind:8 RMSE(val)=61709.101131
[GA][Iter1] Gen:1 Ind:9 RMSE(val)=61709.229833
[GA][Iter1] Gen:1 Ind:10 RMSE(val)=61714.560205
[GA][Iter1] Gen:1 Ind:11 RMSE(val)=61695.366499
[GA][Iter1] Gen:1 Ind:12 RMSE(val)=61698.648576
[GA][Iter1] Gen:1 Ind:13 RMSE(val)=61708.412229
[GA][Iter1] Gen:1 Ind:14 RMSE(val)=61700.793650
[GA][Iter1] Gen:1 Ind:15 RMSE(val)=61709.622425
[GA][Iter1] Gen:1 Ind:16 RMSE(val)=61710.401662
[GA][Iter1] Gen:1 Ind:17 RMSE(val)=61711.232311
[GA][Iter1] Gen:1 Ind:18 RMSE(val)=61704.653720
[GA][Iter1] Gen:1 Ind:19 RMSE(val)=61707.959077
[GA][Iter1] Gen:1 Ind:20 RMSE(val)=61694.627250
[GA][Iter1] gen=1 best_val_rmse=61694.627250
[GA][Iter1] Gen:2 Ind:1 RMSE(val)=61694.627250
[GA][Iter1] Gen:2 Ind:2 RMSE(val)=61695.366499
[GA][Iter1] Gen:2 Ind:3 RMSE(val)=61698.648576
[GA][Iter1] Gen:2 Ind:4 RMSE(val)=61700.793650
[GA][Iter1] Gen:2 Ind:5 RMSE(val)=61703.388352
[GA][Iter1] Gen:2 Ind:6 RMSE(val)=61704.653720
[GA][Iter1] Gen:2 Ind:7 RMSE(val)=61706.988757
[GA][Iter1] Gen:2 Ind:8 RMSE(val)=61707.236731
[GA][Iter1] Gen:2 Ind:9 RMSE(val)=61707.913392
[GA][Iter1] Gen:2 Ind:10 RMSE(val)=61707.959077
[GA][Iter1] Gen:2 Ind:11 RMSE(val)=61706.115167
[GA][Iter1] Gen:2 Ind:12 RMSE(val)=61694.627250
[GA][Iter1] Gen:2 Ind:13 RMSE(val)=61712.248819
[GA][Iter1] Gen:2 Ind:14 RMSE(val)=61700.542894
[GA][Iter1] Gen:2 Ind:15 RMSE(val)=61695.273368
[GA][Iter1] Gen:2 Ind:16 RMSE(val)=61705.255212
[GA][Iter1] Gen:2 Ind:17 RMSE(val)=61707.922586
[GA][Iter1] Gen:2 Ind:18 RMSE(val)=61716.729957
[GA][Iter1] Gen:2 Ind:19 RMSE(val)=61707.236731
[GA][Iter1] Gen:2 Ind:20 RMSE(val)=61697.042279
[GA][Iter1] gen=2 best_val_rmse=61694.627250
[GA][Iter1] Gen:3 Ind:1 RMSE(val)=61694.627250
[GA][Iter1] Gen:3 Ind:2 RMSE(val)=61694.627250
[GA][Iter1] Gen:3 Ind:3 RMSE(val)=61695.273368
[GA][Iter1] Gen:3 Ind:4 RMSE(val)=61695.366499
[GA][Iter1] Gen:3 Ind:5 RMSE(val)=61697.042279
[GA][Iter1] Gen:3 Ind:6 RMSE(val)=61698.648576
[GA][Iter1] Gen:3 Ind:7 RMSE(val)=61700.542894
[GA][Iter1] Gen:3 Ind:8 RMSE(val)=61700.793650
[GA][Iter1] Gen:3 Ind:9 RMSE(val)=61703.388352
[GA][Iter1] Gen:3 Ind:10 RMSE(val)=61704.653720
[GA][Iter1] Gen:3 Ind:11 RMSE(val)=61704.653720
[GA][Iter1] Gen:3 Ind:12 RMSE(val)=61694.627250
[GA][Iter1] Gen:3 Ind:13 RMSE(val)=61706.507289
[GA][Iter1] Gen:3 Ind:14 RMSE(val)=61708.321308
[GA][Iter1] Gen:3 Ind:15 RMSE(val)=61703.610434
[GA][Iter1] Gen:3 Ind:16 RMSE(val)=61709.746565
[GA][Iter1] Gen:3 Ind:17 RMSE(val)=61695.273368
[GA][Iter1] Gen:3 Ind:18 RMSE(val)=61706.754435
[GA][Iter1] Gen:3 Ind:19 RMSE(val)=61711.416062
[GA][Iter1] Gen:3 Ind:20 RMSE(val)=61707.284880
[GA][Iter1] gen=3 best_val_rmse=61694.627250
[GA][Iter1] Gen:4 Ind:1 RMSE(val)=61694.627250
[GA][Iter1] Gen:4 Ind:2 RMSE(val)=61694.627250
[GA][Iter1] Gen:4 Ind:3 RMSE(val)=61694.627250
[GA][Iter1] Gen:4 Ind:4 RMSE(val)=61695.273368
[GA][Iter1] Gen:4 Ind:5 RMSE(val)=61695.273368
[GA][Iter1] Gen:4 Ind:6 RMSE(val)=61695.366499
[GA][Iter1] Gen:4 Ind:7 RMSE(val)=61697.042279
[GA][Iter1] Gen:4 Ind:8 RMSE(val)=61698.648576
[GA][Iter1] Gen:4 Ind:9 RMSE(val)=61700.542894
[GA][Iter1] Gen:4 Ind:10 RMSE(val)=61700.793650
[GA][Iter1] Gen:4 Ind:11 RMSE(val)=61705.181972
[GA][Iter1] Gen:4 Ind:12 RMSE(val)=61711.416062
[GA][Iter1] Gen:4 Ind:13 RMSE(val)=61694.627250
[GA][Iter1] Gen:4 Ind:14 RMSE(val)=61703.323833
[GA][Iter1] Gen:4 Ind:15 RMSE(val)=61697.135965
[GA][Iter1] Gen:4 Ind:16 RMSE(val)=61703.443402
[GA][Iter1] Gen:4 Ind:17 RMSE(val)=61694.627250
[GA][Iter1] Gen:4 Ind:18 RMSE(val)=61704.337974
[GA][Iter1] Gen:4 Ind:19 RMSE(val)=61695.273368
[GA][Iter1] Gen:4 Ind:20 RMSE(val)=61707.410505
[GA][Iter1] gen=4 best_val_rmse=61694.627250
[GA][Iter1] Gen:5 Ind:1 RMSE(val)=61694.627250
[GA][Iter1] Gen:5 Ind:2 RMSE(val)=61694.627250
[GA][Iter1] Gen:5 Ind:3 RMSE(val)=61694.627250
[GA][Iter1] Gen:5 Ind:4 RMSE(val)=61694.627250
[GA][Iter1] Gen:5 Ind:5 RMSE(val)=61694.627250
[GA][Iter1] Gen:5 Ind:6 RMSE(val)=61695.273368
[GA][Iter1] Gen:5 Ind:7 RMSE(val)=61695.273368
[GA][Iter1] Gen:5 Ind:8 RMSE(val)=61695.273368
[GA][Iter1] Gen:5 Ind:9 RMSE(val)=61695.366499
[GA][Iter1] Gen:5 Ind:10 RMSE(val)=61697.042279
[GA][Iter1] Gen:5 Ind:11 RMSE(val)=61697.042279
[GA][Iter1] Gen:5 Ind:12 RMSE(val)=61694.627250
[GA][Iter1] Gen:5 Ind:13 RMSE(val)=61695.273368
[GA][Iter1] Gen:5 Ind:14 RMSE(val)=61711.416062
[GA][Iter1] Gen:5 Ind:15 RMSE(val)=61694.627250
[GA][Iter1] Gen:5 Ind:16 RMSE(val)=61694.627250
[GA][Iter1] Gen:5 Ind:17 RMSE(val)=61704.337974
[GA][Iter1] Gen:5 Ind:18 RMSE(val)=61705.825490
[GA][Iter1] Gen:5 Ind:19 RMSE(val)=61694.627250
[GA][Iter1] Gen:5 Ind:20 RMSE(val)=61706.507289
[GA][Iter1] gen=5 best_val_rmse=61694.627250
[GA][Iter1] Gen:6 Ind:1 RMSE(val)=61694.627250
[GA][Iter1] Gen:6 Ind:2 RMSE(val)=61694.627250
[GA][Iter1] Gen:6 Ind:3 RMSE(val)=61694.627250
[GA][Iter1] Gen:6 Ind:4 RMSE(val)=61694.627250
[GA][Iter1] Gen:6 Ind:5 RMSE(val)=61694.627250
[GA][Iter1] Gen:6 Ind:6 RMSE(val)=61694.627250
[GA][Iter1] Gen:6 Ind:7 RMSE(val)=61694.627250
[GA][Iter1] Gen:6 Ind:8 RMSE(val)=61694.627250
[GA][Iter1] Gen:6 Ind:9 RMSE(val)=61694.627250
[GA][Iter1] Gen:6 Ind:10 RMSE(val)=61695.273368
[GA][Iter1] Gen:6 Ind:11 RMSE(val)=61694.627250
[GA][Iter1] Gen:6 Ind:12 RMSE(val)=61694.627250
[GA][Iter1] Gen:6 Ind:13 RMSE(val)=61694.627250
[GA][Iter1] Gen:6 Ind:14 RMSE(val)=61694.627250
[GA][Iter1] Gen:6 Ind:15 RMSE(val)=61694.627250
[GA][Iter1] Gen:6 Ind:16 RMSE(val)=61708.321308
[GA][Iter1] Gen:6 Ind:17 RMSE(val)=61705.825490
[GA][Iter1] Gen:6 Ind:18 RMSE(val)=61697.042279
[GA][Iter1] Gen:6 Ind:19 RMSE(val)=61694.627250
[GA][Iter1] Gen:6 Ind:20 RMSE(val)=61694.627250
[GA][Iter1] gen=6 best_val_rmse=61694.627250
[GA][Iter1] Gen:7 Ind:1 RMSE(val)=61694.627250
[GA][Iter1] Gen:7 Ind:2 RMSE(val)=61694.627250
[GA][Iter1] Gen:7 Ind:3 RMSE(val)=61694.627250
[GA][Iter1] Gen:7 Ind:4 RMSE(val)=61694.627250
[GA][Iter1] Gen:7 Ind:5 RMSE(val)=61694.627250
[GA][Iter1] Gen:7 Ind:6 RMSE(val)=61694.627250
[GA][Iter1] Gen:7 Ind:7 RMSE(val)=61694.627250
[GA][Iter1] Gen:7 Ind:8 RMSE(val)=61694.627250
[GA][Iter1] Gen:7 Ind:9 RMSE(val)=61694.627250
[GA][Iter1] Gen:7 Ind:10 RMSE(val)=61694.627250
[GA][Iter1] Gen:7 Ind:11 RMSE(val)=61694.627250
[GA][Iter1] Gen:7 Ind:12 RMSE(val)=61704.337974
[GA][Iter1] Gen:7 Ind:13 RMSE(val)=61694.627250
[GA][Iter1] Gen:7 Ind:14 RMSE(val)=61694.627250
[GA][Iter1] Gen:7 Ind:15 RMSE(val)=61694.627250
[GA][Iter1] Gen:7 Ind:16 RMSE(val)=61694.627250
[GA][Iter1] Gen:7 Ind:17 RMSE(val)=61694.627250
[GA][Iter1] Gen:7 Ind:18 RMSE(val)=61694.627250
[GA][Iter1] Gen:7 Ind:19 RMSE(val)=61694.627250
[GA][Iter1] Gen:7 Ind:20 RMSE(val)=61694.627250
[GA][Iter1] gen=7 best_val_rmse=61694.627250
[GA][Iter1] Gen:8 Ind:1 RMSE(val)=61694.627250
[GA][Iter1] Gen:8 Ind:2 RMSE(val)=61694.627250
[GA][Iter1] Gen:8 Ind:3 RMSE(val)=61694.627250
[GA][Iter1] Gen:8 Ind:4 RMSE(val)=61694.627250
[GA][Iter1] Gen:8 Ind:5 RMSE(val)=61694.627250
[GA][Iter1] Gen:8 Ind:6 RMSE(val)=61694.627250
[GA][Iter1] Gen:8 Ind:7 RMSE(val)=61694.627250
[GA][Iter1] Gen:8 Ind:8 RMSE(val)=61694.627250
[GA][Iter1] Gen:8 Ind:9 RMSE(val)=61694.627250
[GA][Iter1] Gen:8 Ind:10 RMSE(val)=61694.627250
[GA][Iter1] Gen:8 Ind:11 RMSE(val)=61694.627250
[GA][Iter1] Gen:8 Ind:12 RMSE(val)=61694.627250
[GA][Iter1] Gen:8 Ind:13 RMSE(val)=61694.627250
[GA][Iter1] Gen:8 Ind:14 RMSE(val)=61694.627250
[GA][Iter1] Gen:8 Ind:15 RMSE(val)=61694.627250
[GA][Iter1] Gen:8 Ind:16 RMSE(val)=61694.627250
[GA][Iter1] Gen:8 Ind:17 RMSE(val)=61694.627250
[GA][Iter1] Gen:8 Ind:18 RMSE(val)=61694.627250
[GA][Iter1] Gen:8 Ind:19 RMSE(val)=61694.627250
[GA][Iter1] Gen:8 Ind:20 RMSE(val)=61694.627250
[GA][Iter1] gen=8 best_val_rmse=61694.627250
[GA][Iter1] Gen:9 Ind:1 RMSE(val)=61694.627250
[GA][Iter1] Gen:9 Ind:2 RMSE(val)=61694.627250
[GA][Iter1] Gen:9 Ind:3 RMSE(val)=61694.627250
[GA][Iter1] Gen:9 Ind:4 RMSE(val)=61694.627250
[GA][Iter1] Gen:9 Ind:5 RMSE(val)=61694.627250
[GA][Iter1] Gen:9 Ind:6 RMSE(val)=61694.627250
[GA][Iter1] Gen:9 Ind:7 RMSE(val)=61694.627250
[GA][Iter1] Gen:9 Ind:8 RMSE(val)=61694.627250
[GA][Iter1] Gen:9 Ind:9 RMSE(val)=61694.627250
[GA][Iter1] Gen:9 Ind:10 RMSE(val)=61694.627250
[GA][Iter1] Gen:9 Ind:11 RMSE(val)=61694.627250
[GA][Iter1] Gen:9 Ind:12 RMSE(val)=61694.627250
[GA][Iter1] Gen:9 Ind:13 RMSE(val)=61694.627250
[GA][Iter1] Gen:9 Ind:14 RMSE(val)=61694.627250
[GA][Iter1] Gen:9 Ind:15 RMSE(val)=61694.627250
[GA][Iter1] Gen:9 Ind:16 RMSE(val)=61694.627250
[GA][Iter1] Gen:9 Ind:17 RMSE(val)=61697.135965
[GA][Iter1] Gen:9 Ind:18 RMSE(val)=61694.627250
[GA][Iter1] Gen:9 Ind:19 RMSE(val)=61694.627250
[GA][Iter1] Gen:9 Ind:20 RMSE(val)=61694.627250
[GA][Iter1] gen=9 best_val_rmse=61694.627250
[GA][Iter1] Gen:10 Ind:1 RMSE(val)=61694.627250
[GA][Iter1] Gen:10 Ind:2 RMSE(val)=61694.627250
[GA][Iter1] Gen:10 Ind:3 RMSE(val)=61694.627250
[GA][Iter1] Gen:10 Ind:4 RMSE(val)=61694.627250
[GA][Iter1] Gen:10 Ind:5 RMSE(val)=61694.627250
[GA][Iter1] Gen:10 Ind:6 RMSE(val)=61694.627250
[GA][Iter1] Gen:10 Ind:7 RMSE(val)=61694.627250
[GA][Iter1] Gen:10 Ind:8 RMSE(val)=61694.627250
[GA][Iter1] Gen:10 Ind:9 RMSE(val)=61694.627250
[GA][Iter1] Gen:10 Ind:10 RMSE(val)=61694.627250
[GA][Iter1] Gen:10 Ind:11 RMSE(val)=61708.321308
[GA][Iter1] Gen:10 Ind:12 RMSE(val)=61694.627250
[GA][Iter1] Gen:10 Ind:13 RMSE(val)=61694.627250
[GA][Iter1] Gen:10 Ind:14 RMSE(val)=61694.627250
[GA][Iter1] Gen:10 Ind:15 RMSE(val)=61694.627250
[GA][Iter1] Gen:10 Ind:16 RMSE(val)=61694.627250
[GA][Iter1] Gen:10 Ind:17 RMSE(val)=61684.309434
[GA][Iter1] Gen:10 Ind:18 RMSE(val)=61694.627250
[GA][Iter1] Gen:10 Ind:19 RMSE(val)=61694.627250
[GA][Iter1] Gen:10 Ind:20 RMSE(val)=61694.627250
[GA][Iter1] gen=10 best_val_rmse=61684.309434
[GA][Iter1] Gen:11 Ind:1 RMSE(val)=61684.309434
[GA][Iter1] Gen:11 Ind:2 RMSE(val)=61694.627250
[GA][Iter1] Gen:11 Ind:3 RMSE(val)=61694.627250
[GA][Iter1] Gen:11 Ind:4 RMSE(val)=61694.627250
[GA][Iter1] Gen:11 Ind:5 RMSE(val)=61694.627250
[GA][Iter1] Gen:11 Ind:6 RMSE(val)=61694.627250
[GA][Iter1] Gen:11 Ind:7 RMSE(val)=61694.627250
[GA][Iter1] Gen:11 Ind:8 RMSE(val)=61694.627250
[GA][Iter1] Gen:11 Ind:9 RMSE(val)=61694.627250
[GA][Iter1] Gen:11 Ind:10 RMSE(val)=61694.627250
[GA][Iter1] Gen:11 Ind:11 RMSE(val)=61694.627250
[GA][Iter1] Gen:11 Ind:12 RMSE(val)=61694.627250
[GA][Iter1] Gen:11 Ind:13 RMSE(val)=61694.627250
[GA][Iter1] Gen:11 Ind:14 RMSE(val)=61697.135965
[GA][Iter1] Gen:11 Ind:15 RMSE(val)=61694.627250
[GA][Iter1] Gen:11 Ind:16 RMSE(val)=61694.627250
[GA][Iter1] Gen:11 Ind:17 RMSE(val)=61694.627250
[GA][Iter1] Gen:11 Ind:18 RMSE(val)=61694.627250
[GA][Iter1] Gen:11 Ind:19 RMSE(val)=61694.627250
[GA][Iter1] Gen:11 Ind:20 RMSE(val)=61694.627250
[GA][Iter1] gen=11 best_val_rmse=61684.309434
[GA][Iter1] Gen:12 Ind:1 RMSE(val)=61684.309434
[GA][Iter1] Gen:12 Ind:2 RMSE(val)=61694.627250
[GA][Iter1] Gen:12 Ind:3 RMSE(val)=61694.627250
[GA][Iter1] Gen:12 Ind:4 RMSE(val)=61694.627250
[GA][Iter1] Gen:12 Ind:5 RMSE(val)=61694.627250
[GA][Iter1] Gen:12 Ind:6 RMSE(val)=61694.627250
[GA][Iter1] Gen:12 Ind:7 RMSE(val)=61694.627250
[GA][Iter1] Gen:12 Ind:8 RMSE(val)=61694.627250
[GA][Iter1] Gen:12 Ind:9 RMSE(val)=61694.627250
[GA][Iter1] Gen:12 Ind:10 RMSE(val)=61694.627250
[GA][Iter1] Gen:12 Ind:11 RMSE(val)=61704.337974
[GA][Iter1] Gen:12 Ind:12 RMSE(val)=61684.309434
[GA][Iter1] Gen:12 Ind:13 RMSE(val)=61694.627250
[GA][Iter1] Gen:12 Ind:14 RMSE(val)=61694.627250
[GA][Iter1] Gen:12 Ind:15 RMSE(val)=61712.552937
[GA][Iter1] Gen:12 Ind:16 RMSE(val)=61694.627250
[GA][Iter1] Gen:12 Ind:17 RMSE(val)=61694.627250
[GA][Iter1] Gen:12 Ind:18 RMSE(val)=61694.627250
[GA][Iter1] Gen:12 Ind:19 RMSE(val)=61694.627250
[GA][Iter1] Gen:12 Ind:20 RMSE(val)=61694.627250
[GA][Iter1] gen=12 best_val_rmse=61684.309434
[GA][Iter1] Gen:13 Ind:1 RMSE(val)=61684.309434
[GA][Iter1] Gen:13 Ind:2 RMSE(val)=61684.309434
[GA][Iter1] Gen:13 Ind:3 RMSE(val)=61694.627250
[GA][Iter1] Gen:13 Ind:4 RMSE(val)=61694.627250
[GA][Iter1] Gen:13 Ind:5 RMSE(val)=61694.627250
[GA][Iter1] Gen:13 Ind:6 RMSE(val)=61694.627250
[GA][Iter1] Gen:13 Ind:7 RMSE(val)=61694.627250
[GA][Iter1] Gen:13 Ind:8 RMSE(val)=61694.627250
[GA][Iter1] Gen:13 Ind:9 RMSE(val)=61694.627250
[GA][Iter1] Gen:13 Ind:10 RMSE(val)=61694.627250
[GA][Iter1] Gen:13 Ind:11 RMSE(val)=61694.627250
[GA][Iter1] Gen:13 Ind:12 RMSE(val)=61694.627250
[GA][Iter1] Gen:13 Ind:13 RMSE(val)=61684.309434
[GA][Iter1] Gen:13 Ind:14 RMSE(val)=61694.627250
[GA][Iter1] Gen:13 Ind:15 RMSE(val)=61696.592282
[GA][Iter1] Gen:13 Ind:16 RMSE(val)=61694.627250
[GA][Iter1] Gen:13 Ind:17 RMSE(val)=61694.627250
[GA][Iter1] Gen:13 Ind:18 RMSE(val)=61694.627250
[GA][Iter1] Gen:13 Ind:19 RMSE(val)=61704.337974
[GA][Iter1] Gen:13 Ind:20 RMSE(val)=61694.627250
[GA][Iter1] gen=13 best_val_rmse=61684.309434
[GA][Iter1] Gen:14 Ind:1 RMSE(val)=61684.309434
[GA][Iter1] Gen:14 Ind:2 RMSE(val)=61684.309434
[GA][Iter1] Gen:14 Ind:3 RMSE(val)=61684.309434
[GA][Iter1] Gen:14 Ind:4 RMSE(val)=61694.627250
[GA][Iter1] Gen:14 Ind:5 RMSE(val)=61694.627250
[GA][Iter1] Gen:14 Ind:6 RMSE(val)=61694.627250
[GA][Iter1] Gen:14 Ind:7 RMSE(val)=61694.627250
[GA][Iter1] Gen:14 Ind:8 RMSE(val)=61694.627250
[GA][Iter1] Gen:14 Ind:9 RMSE(val)=61694.627250
[GA][Iter1] Gen:14 Ind:10 RMSE(val)=61694.627250
[GA][Iter1] Gen:14 Ind:11 RMSE(val)=61694.627250
[GA][Iter1] Gen:14 Ind:12 RMSE(val)=61694.627250
[GA][Iter1] Gen:14 Ind:13 RMSE(val)=61694.627250
[GA][Iter1] Gen:14 Ind:14 RMSE(val)=61694.627250
[GA][Iter1] Gen:14 Ind:15 RMSE(val)=61684.309434
[GA][Iter1] Gen:14 Ind:16 RMSE(val)=61706.805497
[GA][Iter1] Gen:14 Ind:17 RMSE(val)=61694.627250
[GA][Iter1] Gen:14 Ind:18 RMSE(val)=61694.627250
[GA][Iter1] Gen:14 Ind:19 RMSE(val)=61694.627250
[GA][Iter1] Gen:14 Ind:20 RMSE(val)=61684.309434
[GA][Iter1] gen=14 best_val_rmse=61684.309434
[GA][Iter1] Gen:15 Ind:1 RMSE(val)=61684.309434
[GA][Iter1] Gen:15 Ind:2 RMSE(val)=61684.309434
[GA][Iter1] Gen:15 Ind:3 RMSE(val)=61684.309434
[GA][Iter1] Gen:15 Ind:4 RMSE(val)=61684.309434
[GA][Iter1] Gen:15 Ind:5 RMSE(val)=61684.309434
[GA][Iter1] Gen:15 Ind:6 RMSE(val)=61694.627250
[GA][Iter1] Gen:15 Ind:7 RMSE(val)=61694.627250
[GA][Iter1] Gen:15 Ind:8 RMSE(val)=61694.627250
[GA][Iter1] Gen:15 Ind:9 RMSE(val)=61694.627250
[GA][Iter1] Gen:15 Ind:10 RMSE(val)=61694.627250
[GA][Iter1] Gen:15 Ind:11 RMSE(val)=61694.627250
[GA][Iter1] Gen:15 Ind:12 RMSE(val)=61694.627250
[GA][Iter1] Gen:15 Ind:13 RMSE(val)=61704.337974
[GA][Iter1] Gen:15 Ind:14 RMSE(val)=61684.309434
[GA][Iter1] Gen:15 Ind:15 RMSE(val)=61694.627250
[GA][Iter1] Gen:15 Ind:16 RMSE(val)=61702.998732
[GA][Iter1] Gen:15 Ind:17 RMSE(val)=61704.337974
[GA][Iter1] Gen:15 Ind:18 RMSE(val)=61704.337974
[GA][Iter1] Gen:15 Ind:19 RMSE(val)=61697.042279
[GA][Iter1] Gen:15 Ind:20 RMSE(val)=61684.309434
[GA][Iter1] gen=15 best_val_rmse=61684.309434
[GA][Iter1] Gen:15 Ind:1 RMSE(val)=61684.309434
[GA][Iter1] Gen:15 Ind:2 RMSE(val)=61684.309434
[GA][Iter1] Gen:15 Ind:3 RMSE(val)=61684.309434
[GA][Iter1] Gen:15 Ind:4 RMSE(val)=61684.309434
[GA][Iter1] Gen:15 Ind:5 RMSE(val)=61684.309434
[GA][Iter1] Gen:15 Ind:6 RMSE(val)=61684.309434
[GA][Iter1] Gen:15 Ind:7 RMSE(val)=61684.309434
[GA][Iter1] Gen:15 Ind:8 RMSE(val)=61694.627250
[GA][Iter1] Gen:15 Ind:9 RMSE(val)=61694.627250
[GA][Iter1] Gen:15 Ind:10 RMSE(val)=61694.627250
[GA][Iter1] Gen:15 Ind:11 RMSE(val)=61705.241379
[GA][Iter1] Gen:15 Ind:12 RMSE(val)=61684.309434
[GA][Iter1] Gen:15 Ind:13 RMSE(val)=61684.309434
[GA][Iter1] Gen:15 Ind:14 RMSE(val)=61684.309434
[GA][Iter1] Gen:15 Ind:15 RMSE(val)=61684.309434
[GA][Iter1] Gen:15 Ind:16 RMSE(val)=61697.135965
[GA][Iter1] Gen:15 Ind:17 RMSE(val)=61703.023301
[GA][Iter1] Gen:15 Ind:18 RMSE(val)=61684.309434
[GA][Iter1] Gen:15 Ind:19 RMSE(val)=61684.309434
[GA][Iter1] Gen:15 Ind:20 RMSE(val)=61702.424746

[GA DONE][Iter1] Best params on val fold of Iter1
Best val RMSE: 61684.309434
Best params: {'max_depth': 42, 'min_samples_split': 26, 'min_samples_leaf': 13, 'max_features': 'log2', 'splitter': 'best', 'criterion': 'squared_error'}
--------------------------------------------------------------------------------
[RETUNE GA] Iter1: train folds 1..5 -> test fold 6  RMSE=926.919084  NRMSE=0.743867  CVRMSE=0.322007  R2=0.445642
[GA][Iter2] Gen:1 Ind:1 RMSE(val)=1399.984700
[GA][Iter2] Gen:1 Ind:2 RMSE(val)=768.438596
[GA][Iter2] Gen:1 Ind:3 RMSE(val)=982.918281
[GA][Iter2] Gen:1 Ind:4 RMSE(val)=1153.650412
[GA][Iter2] Gen:1 Ind:5 RMSE(val)=1105.392302
[GA][Iter2] Gen:1 Ind:6 RMSE(val)=755.691691
[GA][Iter2] Gen:1 Ind:7 RMSE(val)=761.736586
[GA][Iter2] Gen:1 Ind:8 RMSE(val)=882.319058
[GA][Iter2] Gen:1 Ind:9 RMSE(val)=1409.096065
[GA][Iter2] Gen:1 Ind:10 RMSE(val)=1649.187688
[GA][Iter2] Gen:1 Ind:11 RMSE(val)=757.791932
[GA][Iter2] Gen:1 Ind:12 RMSE(val)=1106.288064
[GA][Iter2] Gen:1 Ind:13 RMSE(val)=1369.396072
[GA][Iter2] Gen:1 Ind:14 RMSE(val)=1379.318612
[GA][Iter2] Gen:1 Ind:15 RMSE(val)=1188.454872
[GA][Iter2] Gen:1 Ind:16 RMSE(val)=1138.249388
[GA][Iter2] Gen:1 Ind:17 RMSE(val)=1166.712957
[GA][Iter2] Gen:1 Ind:18 RMSE(val)=999.140619
[GA][Iter2] Gen:1 Ind:19 RMSE(val)=1403.635379
[GA][Iter2] Gen:1 Ind:20 RMSE(val)=1433.540985
[GA][Iter2] gen=1 best_val_rmse=755.691691
[GA][Iter2] Gen:2 Ind:1 RMSE(val)=755.691691
[GA][Iter2] Gen:2 Ind:2 RMSE(val)=757.791932
[GA][Iter2] Gen:2 Ind:3 RMSE(val)=761.736586
[GA][Iter2] Gen:2 Ind:4 RMSE(val)=768.438596
[GA][Iter2] Gen:2 Ind:5 RMSE(val)=882.319058
[GA][Iter2] Gen:2 Ind:6 RMSE(val)=982.918281
[GA][Iter2] Gen:2 Ind:7 RMSE(val)=999.140619
[GA][Iter2] Gen:2 Ind:8 RMSE(val)=1105.392302
[GA][Iter2] Gen:2 Ind:9 RMSE(val)=1106.288064
[GA][Iter2] Gen:2 Ind:10 RMSE(val)=1138.249388
[GA][Iter2] Gen:2 Ind:11 RMSE(val)=764.370074
[GA][Iter2] Gen:2 Ind:12 RMSE(val)=757.791932
[GA][Iter2] Gen:2 Ind:13 RMSE(val)=1106.288064
[GA][Iter2] Gen:2 Ind:14 RMSE(val)=982.918281
[GA][Iter2] Gen:2 Ind:15 RMSE(val)=757.791932
[GA][Iter2] Gen:2 Ind:16 RMSE(val)=1161.246849
[GA][Iter2] Gen:2 Ind:17 RMSE(val)=1040.106182
[GA][Iter2] Gen:2 Ind:18 RMSE(val)=763.721050
[GA][Iter2] Gen:2 Ind:19 RMSE(val)=778.427808
[GA][Iter2] Gen:2 Ind:20 RMSE(val)=755.691691
[GA][Iter2] gen=2 best_val_rmse=755.691691
[GA][Iter2] Gen:3 Ind:1 RMSE(val)=755.691691
[GA][Iter2] Gen:3 Ind:2 RMSE(val)=755.691691
[GA][Iter2] Gen:3 Ind:3 RMSE(val)=757.791932
[GA][Iter2] Gen:3 Ind:4 RMSE(val)=757.791932
[GA][Iter2] Gen:3 Ind:5 RMSE(val)=757.791932
[GA][Iter2] Gen:3 Ind:6 RMSE(val)=761.736586
[GA][Iter2] Gen:3 Ind:7 RMSE(val)=763.721050
[GA][Iter2] Gen:3 Ind:8 RMSE(val)=764.370074
[GA][Iter2] Gen:3 Ind:9 RMSE(val)=768.438596
[GA][Iter2] Gen:3 Ind:10 RMSE(val)=778.427808
[GA][Iter2] Gen:3 Ind:11 RMSE(val)=778.427808
[GA][Iter2] Gen:3 Ind:12 RMSE(val)=755.691691
[GA][Iter2] Gen:3 Ind:13 RMSE(val)=757.791932
[GA][Iter2] Gen:3 Ind:14 RMSE(val)=755.691691
[GA][Iter2] Gen:3 Ind:15 RMSE(val)=756.170713
[GA][Iter2] Gen:3 Ind:16 RMSE(val)=1074.572634
[GA][Iter2] Gen:3 Ind:17 RMSE(val)=757.791932
[GA][Iter2] Gen:3 Ind:18 RMSE(val)=768.623329
[GA][Iter2] Gen:3 Ind:19 RMSE(val)=757.791932
[GA][Iter2] Gen:3 Ind:20 RMSE(val)=1315.931727
[GA][Iter2] gen=3 best_val_rmse=755.691691
[GA][Iter2] Gen:4 Ind:1 RMSE(val)=755.691691
[GA][Iter2] Gen:4 Ind:2 RMSE(val)=755.691691
[GA][Iter2] Gen:4 Ind:3 RMSE(val)=755.691691
[GA][Iter2] Gen:4 Ind:4 RMSE(val)=755.691691
[GA][Iter2] Gen:4 Ind:5 RMSE(val)=756.170713
[GA][Iter2] Gen:4 Ind:6 RMSE(val)=757.791932
[GA][Iter2] Gen:4 Ind:7 RMSE(val)=757.791932
[GA][Iter2] Gen:4 Ind:8 RMSE(val)=757.791932
[GA][Iter2] Gen:4 Ind:9 RMSE(val)=757.791932
[GA][Iter2] Gen:4 Ind:10 RMSE(val)=757.791932
[GA][Iter2] Gen:4 Ind:11 RMSE(val)=757.802755
[GA][Iter2] Gen:4 Ind:12 RMSE(val)=756.170713
[GA][Iter2] Gen:4 Ind:13 RMSE(val)=1301.485245
[GA][Iter2] Gen:4 Ind:14 RMSE(val)=757.791932
[GA][Iter2] Gen:4 Ind:15 RMSE(val)=757.791932
[GA][Iter2] Gen:4 Ind:16 RMSE(val)=757.791932
[GA][Iter2] Gen:4 Ind:17 RMSE(val)=750.311567
[GA][Iter2] Gen:4 Ind:18 RMSE(val)=755.691691
[GA][Iter2] Gen:4 Ind:19 RMSE(val)=763.721050
[GA][Iter2] Gen:4 Ind:20 RMSE(val)=757.791932
[GA][Iter2] gen=4 best_val_rmse=750.311567
[GA][Iter2] Gen:5 Ind:1 RMSE(val)=750.311567
[GA][Iter2] Gen:5 Ind:2 RMSE(val)=755.691691
[GA][Iter2] Gen:5 Ind:3 RMSE(val)=755.691691
[GA][Iter2] Gen:5 Ind:4 RMSE(val)=755.691691
[GA][Iter2] Gen:5 Ind:5 RMSE(val)=755.691691
[GA][Iter2] Gen:5 Ind:6 RMSE(val)=755.691691
[GA][Iter2] Gen:5 Ind:7 RMSE(val)=756.170713
[GA][Iter2] Gen:5 Ind:8 RMSE(val)=756.170713
[GA][Iter2] Gen:5 Ind:9 RMSE(val)=757.791932
[GA][Iter2] Gen:5 Ind:10 RMSE(val)=757.791932
[GA][Iter2] Gen:5 Ind:11 RMSE(val)=750.311567
[GA][Iter2] Gen:5 Ind:12 RMSE(val)=775.692710
[GA][Iter2] Gen:5 Ind:13 RMSE(val)=755.691691
[GA][Iter2] Gen:5 Ind:14 RMSE(val)=755.691691
[GA][Iter2] Gen:5 Ind:15 RMSE(val)=1109.265075
[GA][Iter2] Gen:5 Ind:16 RMSE(val)=757.791932
[GA][Iter2] Gen:5 Ind:17 RMSE(val)=1301.485245
[GA][Iter2] Gen:5 Ind:18 RMSE(val)=755.691691
[GA][Iter2] Gen:5 Ind:19 RMSE(val)=755.691691
[GA][Iter2] Gen:5 Ind:20 RMSE(val)=756.170713
[GA][Iter2] gen=5 best_val_rmse=750.311567
[GA][Iter2] Gen:6 Ind:1 RMSE(val)=750.311567
[GA][Iter2] Gen:6 Ind:2 RMSE(val)=750.311567
[GA][Iter2] Gen:6 Ind:3 RMSE(val)=755.691691
[GA][Iter2] Gen:6 Ind:4 RMSE(val)=755.691691
[GA][Iter2] Gen:6 Ind:5 RMSE(val)=755.691691
[GA][Iter2] Gen:6 Ind:6 RMSE(val)=755.691691
[GA][Iter2] Gen:6 Ind:7 RMSE(val)=755.691691
[GA][Iter2] Gen:6 Ind:8 RMSE(val)=755.691691
[GA][Iter2] Gen:6 Ind:9 RMSE(val)=755.691691
[GA][Iter2] Gen:6 Ind:10 RMSE(val)=755.691691
[GA][Iter2] Gen:6 Ind:11 RMSE(val)=750.311567
[GA][Iter2] Gen:6 Ind:12 RMSE(val)=755.691691
[GA][Iter2] Gen:6 Ind:13 RMSE(val)=755.691691
[GA][Iter2] Gen:6 Ind:14 RMSE(val)=755.691691
[GA][Iter2] Gen:6 Ind:15 RMSE(val)=755.691691
[GA][Iter2] Gen:6 Ind:16 RMSE(val)=755.691691
[GA][Iter2] Gen:6 Ind:17 RMSE(val)=755.691691
[GA][Iter2] Gen:6 Ind:18 RMSE(val)=755.691691
[GA][Iter2] Gen:6 Ind:19 RMSE(val)=755.691691
[GA][Iter2] Gen:6 Ind:20 RMSE(val)=755.691691
[GA][Iter2] gen=6 best_val_rmse=750.311567
[GA][Iter2] Gen:7 Ind:1 RMSE(val)=750.311567
[GA][Iter2] Gen:7 Ind:2 RMSE(val)=750.311567
[GA][Iter2] Gen:7 Ind:3 RMSE(val)=750.311567
[GA][Iter2] Gen:7 Ind:4 RMSE(val)=755.691691
[GA][Iter2] Gen:7 Ind:5 RMSE(val)=755.691691
[GA][Iter2] Gen:7 Ind:6 RMSE(val)=755.691691
[GA][Iter2] Gen:7 Ind:7 RMSE(val)=755.691691
[GA][Iter2] Gen:7 Ind:8 RMSE(val)=755.691691
[GA][Iter2] Gen:7 Ind:9 RMSE(val)=755.691691
[GA][Iter2] Gen:7 Ind:10 RMSE(val)=755.691691
[GA][Iter2] Gen:7 Ind:11 RMSE(val)=755.691691
[GA][Iter2] Gen:7 Ind:12 RMSE(val)=750.311567
[GA][Iter2] Gen:7 Ind:13 RMSE(val)=750.311567
[GA][Iter2] Gen:7 Ind:14 RMSE(val)=750.311567
[GA][Iter2] Gen:7 Ind:15 RMSE(val)=750.311567
[GA][Iter2] Gen:7 Ind:16 RMSE(val)=755.691691
[GA][Iter2] Gen:7 Ind:17 RMSE(val)=755.691691
[GA][Iter2] Gen:7 Ind:18 RMSE(val)=755.691691
[GA][Iter2] Gen:7 Ind:19 RMSE(val)=755.691691
[GA][Iter2] Gen:7 Ind:20 RMSE(val)=755.691691
[GA][Iter2] gen=7 best_val_rmse=750.311567
[GA][Iter2] Gen:8 Ind:1 RMSE(val)=750.311567
[GA][Iter2] Gen:8 Ind:2 RMSE(val)=750.311567
[GA][Iter2] Gen:8 Ind:3 RMSE(val)=750.311567
[GA][Iter2] Gen:8 Ind:4 RMSE(val)=750.311567
[GA][Iter2] Gen:8 Ind:5 RMSE(val)=750.311567
[GA][Iter2] Gen:8 Ind:6 RMSE(val)=750.311567
[GA][Iter2] Gen:8 Ind:7 RMSE(val)=750.311567
[GA][Iter2] Gen:8 Ind:8 RMSE(val)=755.691691
[GA][Iter2] Gen:8 Ind:9 RMSE(val)=755.691691
[GA][Iter2] Gen:8 Ind:10 RMSE(val)=755.691691
[GA][Iter2] Gen:8 Ind:11 RMSE(val)=755.691691
[GA][Iter2] Gen:8 Ind:12 RMSE(val)=750.311567
[GA][Iter2] Gen:8 Ind:13 RMSE(val)=750.311567
[GA][Iter2] Gen:8 Ind:14 RMSE(val)=755.691691
[GA][Iter2] Gen:8 Ind:15 RMSE(val)=750.311567
[GA][Iter2] Gen:8 Ind:16 RMSE(val)=755.691691
[GA][Iter2] Gen:8 Ind:17 RMSE(val)=750.311567
[GA][Iter2] Gen:8 Ind:18 RMSE(val)=755.691691
[GA][Iter2] Gen:8 Ind:19 RMSE(val)=750.311567
[GA][Iter2] Gen:8 Ind:20 RMSE(val)=750.311567
[GA][Iter2] gen=8 best_val_rmse=750.311567
[GA][Iter2] Gen:9 Ind:1 RMSE(val)=750.311567
[GA][Iter2] Gen:9 Ind:2 RMSE(val)=750.311567
[GA][Iter2] Gen:9 Ind:3 RMSE(val)=750.311567
[GA][Iter2] Gen:9 Ind:4 RMSE(val)=750.311567
[GA][Iter2] Gen:9 Ind:5 RMSE(val)=750.311567
[GA][Iter2] Gen:9 Ind:6 RMSE(val)=750.311567
[GA][Iter2] Gen:9 Ind:7 RMSE(val)=750.311567
[GA][Iter2] Gen:9 Ind:8 RMSE(val)=750.311567
[GA][Iter2] Gen:9 Ind:9 RMSE(val)=750.311567
[GA][Iter2] Gen:9 Ind:10 RMSE(val)=750.311567
[GA][Iter2] Gen:9 Ind:11 RMSE(val)=750.311567
[GA][Iter2] Gen:9 Ind:12 RMSE(val)=750.311567
[GA][Iter2] Gen:9 Ind:13 RMSE(val)=1198.462738
[GA][Iter2] Gen:9 Ind:14 RMSE(val)=756.170713
[GA][Iter2] Gen:9 Ind:15 RMSE(val)=750.311567
[GA][Iter2] Gen:9 Ind:16 RMSE(val)=1136.408249
[GA][Iter2] Gen:9 Ind:17 RMSE(val)=1136.408249
[GA][Iter2] Gen:9 Ind:18 RMSE(val)=961.769911
[GA][Iter2] Gen:9 Ind:19 RMSE(val)=750.311567
[GA][Iter2] Gen:9 Ind:20 RMSE(val)=750.311567
[GA][Iter2] gen=9 best_val_rmse=750.311567
[GA][Iter2] Gen:10 Ind:1 RMSE(val)=750.311567
[GA][Iter2] Gen:10 Ind:2 RMSE(val)=750.311567
[GA][Iter2] Gen:10 Ind:3 RMSE(val)=750.311567
[GA][Iter2] Gen:10 Ind:4 RMSE(val)=750.311567
[GA][Iter2] Gen:10 Ind:5 RMSE(val)=750.311567
[GA][Iter2] Gen:10 Ind:6 RMSE(val)=750.311567
[GA][Iter2] Gen:10 Ind:7 RMSE(val)=750.311567
[GA][Iter2] Gen:10 Ind:8 RMSE(val)=750.311567
[GA][Iter2] Gen:10 Ind:9 RMSE(val)=750.311567
[GA][Iter2] Gen:10 Ind:10 RMSE(val)=750.311567
[GA][Iter2] Gen:10 Ind:11 RMSE(val)=750.311567
[GA][Iter2] Gen:10 Ind:12 RMSE(val)=750.311567
[GA][Iter2] Gen:10 Ind:13 RMSE(val)=750.311567
[GA][Iter2] Gen:10 Ind:14 RMSE(val)=750.311567
[GA][Iter2] Gen:10 Ind:15 RMSE(val)=750.311567
[GA][Iter2] Gen:10 Ind:16 RMSE(val)=750.311567
[GA][Iter2] Gen:10 Ind:17 RMSE(val)=750.311567
[GA][Iter2] Gen:10 Ind:18 RMSE(val)=1136.408249
[GA][Iter2] Gen:10 Ind:19 RMSE(val)=750.311567
[GA][Iter2] Gen:10 Ind:20 RMSE(val)=750.311567
[GA][Iter2] gen=10 best_val_rmse=750.311567
[GA][Iter2] Gen:11 Ind:1 RMSE(val)=750.311567
[GA][Iter2] Gen:11 Ind:2 RMSE(val)=750.311567
[GA][Iter2] Gen:11 Ind:3 RMSE(val)=750.311567
[GA][Iter2] Gen:11 Ind:4 RMSE(val)=750.311567
[GA][Iter2] Gen:11 Ind:5 RMSE(val)=750.311567
[GA][Iter2] Gen:11 Ind:6 RMSE(val)=750.311567
[GA][Iter2] Gen:11 Ind:7 RMSE(val)=750.311567
[GA][Iter2] Gen:11 Ind:8 RMSE(val)=750.311567
[GA][Iter2] Gen:11 Ind:9 RMSE(val)=750.311567
[GA][Iter2] Gen:11 Ind:10 RMSE(val)=750.311567
[GA][Iter2] Gen:11 Ind:11 RMSE(val)=750.311567
[GA][Iter2] Gen:11 Ind:12 RMSE(val)=750.311567
[GA][Iter2] Gen:11 Ind:13 RMSE(val)=750.311567
[GA][Iter2] Gen:11 Ind:14 RMSE(val)=750.311567
[GA][Iter2] Gen:11 Ind:15 RMSE(val)=750.311567
[GA][Iter2] Gen:11 Ind:16 RMSE(val)=750.311567
[GA][Iter2] Gen:11 Ind:17 RMSE(val)=750.311567
[GA][Iter2] Gen:11 Ind:18 RMSE(val)=750.311567
[GA][Iter2] Gen:11 Ind:19 RMSE(val)=750.311567
[GA][Iter2] Gen:11 Ind:20 RMSE(val)=750.311567
[GA][Iter2] gen=11 best_val_rmse=750.311567
[GA][Iter2] Gen:12 Ind:1 RMSE(val)=750.311567
[GA][Iter2] Gen:12 Ind:2 RMSE(val)=750.311567
[GA][Iter2] Gen:12 Ind:3 RMSE(val)=750.311567
[GA][Iter2] Gen:12 Ind:4 RMSE(val)=750.311567
[GA][Iter2] Gen:12 Ind:5 RMSE(val)=750.311567
[GA][Iter2] Gen:12 Ind:6 RMSE(val)=750.311567
[GA][Iter2] Gen:12 Ind:7 RMSE(val)=750.311567
[GA][Iter2] Gen:12 Ind:8 RMSE(val)=750.311567
[GA][Iter2] Gen:12 Ind:9 RMSE(val)=750.311567
[GA][Iter2] Gen:12 Ind:10 RMSE(val)=750.311567
[GA][Iter2] Gen:12 Ind:11 RMSE(val)=750.311567
[GA][Iter2] Gen:12 Ind:12 RMSE(val)=750.311567
[GA][Iter2] Gen:12 Ind:13 RMSE(val)=750.311567
[GA][Iter2] Gen:12 Ind:14 RMSE(val)=1198.462738
[GA][Iter2] Gen:12 Ind:15 RMSE(val)=755.691691
[GA][Iter2] Gen:12 Ind:16 RMSE(val)=750.311567
[GA][Iter2] Gen:12 Ind:17 RMSE(val)=750.311567
[GA][Iter2] Gen:12 Ind:18 RMSE(val)=750.311567
[GA][Iter2] Gen:12 Ind:19 RMSE(val)=750.194402
[GA][Iter2] Gen:12 Ind:20 RMSE(val)=750.311567
[GA][Iter2] gen=12 best_val_rmse=750.194402
[GA][Iter2] Gen:13 Ind:1 RMSE(val)=750.194402
[GA][Iter2] Gen:13 Ind:2 RMSE(val)=750.311567
[GA][Iter2] Gen:13 Ind:3 RMSE(val)=750.311567
[GA][Iter2] Gen:13 Ind:4 RMSE(val)=750.311567
[GA][Iter2] Gen:13 Ind:5 RMSE(val)=750.311567
[GA][Iter2] Gen:13 Ind:6 RMSE(val)=750.311567
[GA][Iter2] Gen:13 Ind:7 RMSE(val)=750.311567
[GA][Iter2] Gen:13 Ind:8 RMSE(val)=750.311567
[GA][Iter2] Gen:13 Ind:9 RMSE(val)=750.311567
[GA][Iter2] Gen:13 Ind:10 RMSE(val)=750.311567
[GA][Iter2] Gen:13 Ind:11 RMSE(val)=750.311567
[GA][Iter2] Gen:13 Ind:12 RMSE(val)=750.311567
[GA][Iter2] Gen:13 Ind:13 RMSE(val)=750.311567
[GA][Iter2] Gen:13 Ind:14 RMSE(val)=750.194402
[GA][Iter2] Gen:13 Ind:15 RMSE(val)=750.194402
[GA][Iter2] Gen:13 Ind:16 RMSE(val)=750.311567
[GA][Iter2] Gen:13 Ind:17 RMSE(val)=750.311567
[GA][Iter2] Gen:13 Ind:18 RMSE(val)=1198.462738
[GA][Iter2] Gen:13 Ind:19 RMSE(val)=750.311567
[GA][Iter2] Gen:13 Ind:20 RMSE(val)=750.311567
[GA][Iter2] gen=13 best_val_rmse=750.194402
[GA][Iter2] Gen:14 Ind:1 RMSE(val)=750.194402
[GA][Iter2] Gen:14 Ind:2 RMSE(val)=750.194402
[GA][Iter2] Gen:14 Ind:3 RMSE(val)=750.194402
[GA][Iter2] Gen:14 Ind:4 RMSE(val)=750.311567
[GA][Iter2] Gen:14 Ind:5 RMSE(val)=750.311567
[GA][Iter2] Gen:14 Ind:6 RMSE(val)=750.311567
[GA][Iter2] Gen:14 Ind:7 RMSE(val)=750.311567
[GA][Iter2] Gen:14 Ind:8 RMSE(val)=750.311567
[GA][Iter2] Gen:14 Ind:9 RMSE(val)=750.311567
[GA][Iter2] Gen:14 Ind:10 RMSE(val)=750.311567
[GA][Iter2] Gen:14 Ind:11 RMSE(val)=750.311567
[GA][Iter2] Gen:14 Ind:12 RMSE(val)=750.311567
[GA][Iter2] Gen:14 Ind:13 RMSE(val)=750.311567
[GA][Iter2] Gen:14 Ind:14 RMSE(val)=750.194402
[GA][Iter2] Gen:14 Ind:15 RMSE(val)=750.194402
[GA][Iter2] Gen:14 Ind:16 RMSE(val)=750.311567
[GA][Iter2] Gen:14 Ind:17 RMSE(val)=750.194402
[GA][Iter2] Gen:14 Ind:18 RMSE(val)=750.194402
[GA][Iter2] Gen:14 Ind:19 RMSE(val)=750.311567
[GA][Iter2] Gen:14 Ind:20 RMSE(val)=750.194402
[GA][Iter2] gen=14 best_val_rmse=750.194402
[GA][Iter2] Gen:15 Ind:1 RMSE(val)=750.194402
[GA][Iter2] Gen:15 Ind:2 RMSE(val)=750.194402
[GA][Iter2] Gen:15 Ind:3 RMSE(val)=750.194402
[GA][Iter2] Gen:15 Ind:4 RMSE(val)=750.194402
[GA][Iter2] Gen:15 Ind:5 RMSE(val)=750.194402
[GA][Iter2] Gen:15 Ind:6 RMSE(val)=750.194402
[GA][Iter2] Gen:15 Ind:7 RMSE(val)=750.194402
[GA][Iter2] Gen:15 Ind:8 RMSE(val)=750.194402
[GA][Iter2] Gen:15 Ind:9 RMSE(val)=750.311567
[GA][Iter2] Gen:15 Ind:10 RMSE(val)=750.311567
[GA][Iter2] Gen:15 Ind:11 RMSE(val)=750.194402
[GA][Iter2] Gen:15 Ind:12 RMSE(val)=750.194402
[GA][Iter2] Gen:15 Ind:13 RMSE(val)=750.194402
[GA][Iter2] Gen:15 Ind:14 RMSE(val)=750.194402
[GA][Iter2] Gen:15 Ind:15 RMSE(val)=750.194402
[GA][Iter2] Gen:15 Ind:16 RMSE(val)=750.311567
[GA][Iter2] Gen:15 Ind:17 RMSE(val)=750.311567
[GA][Iter2] Gen:15 Ind:18 RMSE(val)=750.194402
[GA][Iter2] Gen:15 Ind:19 RMSE(val)=750.194402
[GA][Iter2] Gen:15 Ind:20 RMSE(val)=750.194402
[GA][Iter2] gen=15 best_val_rmse=750.194402
[GA][Iter2] Gen:15 Ind:1 RMSE(val)=750.194402
[GA][Iter2] Gen:15 Ind:2 RMSE(val)=750.194402
[GA][Iter2] Gen:15 Ind:3 RMSE(val)=750.194402
[GA][Iter2] Gen:15 Ind:4 RMSE(val)=750.194402
[GA][Iter2] Gen:15 Ind:5 RMSE(val)=750.194402
[GA][Iter2] Gen:15 Ind:6 RMSE(val)=750.194402
[GA][Iter2] Gen:15 Ind:7 RMSE(val)=750.194402
[GA][Iter2] Gen:15 Ind:8 RMSE(val)=750.194402
[GA][Iter2] Gen:15 Ind:9 RMSE(val)=750.194402
[GA][Iter2] Gen:15 Ind:10 RMSE(val)=750.194402
[GA][Iter2] Gen:15 Ind:11 RMSE(val)=1132.248712
[GA][Iter2] Gen:15 Ind:12 RMSE(val)=750.194402
[GA][Iter2] Gen:15 Ind:13 RMSE(val)=750.194402
[GA][Iter2] Gen:15 Ind:14 RMSE(val)=750.194402
[GA][Iter2] Gen:15 Ind:15 RMSE(val)=750.194402
[GA][Iter2] Gen:15 Ind:16 RMSE(val)=750.194402
[GA][Iter2] Gen:15 Ind:17 RMSE(val)=750.194402
[GA][Iter2] Gen:15 Ind:18 RMSE(val)=750.194402
[GA][Iter2] Gen:15 Ind:19 RMSE(val)=750.194402
[GA][Iter2] Gen:15 Ind:20 RMSE(val)=745.854678

[GA DONE][Iter2] Best params on val fold of Iter2
Best val RMSE: 745.854678
Best params: {'max_depth': 38, 'min_samples_split': 20, 'min_samples_leaf': 29, 'max_features': None, 'splitter': 'best', 'criterion': 'squared_error'}
--------------------------------------------------------------------------------
[RETUNE GA] Iter2: train folds 1..6 -> test fold 7  RMSE=674.880733  NRMSE=0.571488  CVRMSE=0.256356  R2=0.672800
[GA][Iter3] Gen:1 Ind:1 RMSE(val)=1176.220118
[GA][Iter3] Gen:1 Ind:2 RMSE(val)=659.778919
[GA][Iter3] Gen:1 Ind:3 RMSE(val)=952.443844
[GA][Iter3] Gen:1 Ind:4 RMSE(val)=1004.011098
[GA][Iter3] Gen:1 Ind:5 RMSE(val)=979.785318
[GA][Iter3] Gen:1 Ind:6 RMSE(val)=673.800368
[GA][Iter3] Gen:1 Ind:7 RMSE(val)=749.796317
[GA][Iter3] Gen:1 Ind:8 RMSE(val)=833.820830
[GA][Iter3] Gen:1 Ind:9 RMSE(val)=1033.429934
[GA][Iter3] Gen:1 Ind:10 RMSE(val)=1374.573886
[GA][Iter3] Gen:1 Ind:11 RMSE(val)=652.182593
[GA][Iter3] Gen:1 Ind:12 RMSE(val)=944.466041
[GA][Iter3] Gen:1 Ind:13 RMSE(val)=1225.693951
[GA][Iter3] Gen:1 Ind:14 RMSE(val)=1111.780722
[GA][Iter3] Gen:1 Ind:15 RMSE(val)=993.527588
[GA][Iter3] Gen:1 Ind:16 RMSE(val)=992.573988
[GA][Iter3] Gen:1 Ind:17 RMSE(val)=947.198718
[GA][Iter3] Gen:1 Ind:18 RMSE(val)=869.112401
[GA][Iter3] Gen:1 Ind:19 RMSE(val)=1226.989964
[GA][Iter3] Gen:1 Ind:20 RMSE(val)=1229.501699
[GA][Iter3] gen=1 best_val_rmse=652.182593
[GA][Iter3] Gen:2 Ind:1 RMSE(val)=652.182593
[GA][Iter3] Gen:2 Ind:2 RMSE(val)=659.778919
[GA][Iter3] Gen:2 Ind:3 RMSE(val)=673.800368
[GA][Iter3] Gen:2 Ind:4 RMSE(val)=749.796317
[GA][Iter3] Gen:2 Ind:5 RMSE(val)=833.820830
[GA][Iter3] Gen:2 Ind:6 RMSE(val)=869.112401
[GA][Iter3] Gen:2 Ind:7 RMSE(val)=944.466041
[GA][Iter3] Gen:2 Ind:8 RMSE(val)=947.198718
[GA][Iter3] Gen:2 Ind:9 RMSE(val)=952.443844
[GA][Iter3] Gen:2 Ind:10 RMSE(val)=979.785318
[GA][Iter3] Gen:2 Ind:11 RMSE(val)=695.506361
[GA][Iter3] Gen:2 Ind:12 RMSE(val)=659.778919
[GA][Iter3] Gen:2 Ind:13 RMSE(val)=961.614646
[GA][Iter3] Gen:2 Ind:14 RMSE(val)=847.185470
[GA][Iter3] Gen:2 Ind:15 RMSE(val)=659.778919
[GA][Iter3] Gen:2 Ind:16 RMSE(val)=972.725471
[GA][Iter3] Gen:2 Ind:17 RMSE(val)=848.911414
[GA][Iter3] Gen:2 Ind:18 RMSE(val)=952.443844
[GA][Iter3] Gen:2 Ind:19 RMSE(val)=827.701318
[GA][Iter3] Gen:2 Ind:20 RMSE(val)=652.182593
[GA][Iter3] gen=2 best_val_rmse=652.182593
[GA][Iter3] Gen:3 Ind:1 RMSE(val)=652.182593
[GA][Iter3] Gen:3 Ind:2 RMSE(val)=652.182593
[GA][Iter3] Gen:3 Ind:3 RMSE(val)=659.778919
[GA][Iter3] Gen:3 Ind:4 RMSE(val)=659.778919
[GA][Iter3] Gen:3 Ind:5 RMSE(val)=659.778919
[GA][Iter3] Gen:3 Ind:6 RMSE(val)=673.800368
[GA][Iter3] Gen:3 Ind:7 RMSE(val)=695.506361
[GA][Iter3] Gen:3 Ind:8 RMSE(val)=749.796317
[GA][Iter3] Gen:3 Ind:9 RMSE(val)=827.701318
[GA][Iter3] Gen:3 Ind:10 RMSE(val)=833.820830
[GA][Iter3] Gen:3 Ind:11 RMSE(val)=695.506361
[GA][Iter3] Gen:3 Ind:12 RMSE(val)=652.182593
[GA][Iter3] Gen:3 Ind:13 RMSE(val)=659.778919
[GA][Iter3] Gen:3 Ind:14 RMSE(val)=652.182593
[GA][Iter3] Gen:3 Ind:15 RMSE(val)=721.627261
[GA][Iter3] Gen:3 Ind:16 RMSE(val)=978.230010
[GA][Iter3] Gen:3 Ind:17 RMSE(val)=659.778919
[GA][Iter3] Gen:3 Ind:18 RMSE(val)=721.627261
[GA][Iter3] Gen:3 Ind:19 RMSE(val)=659.778919
[GA][Iter3] Gen:3 Ind:20 RMSE(val)=881.007682
[GA][Iter3] gen=3 best_val_rmse=652.182593
[GA][Iter3] Gen:4 Ind:1 RMSE(val)=652.182593
[GA][Iter3] Gen:4 Ind:2 RMSE(val)=652.182593
[GA][Iter3] Gen:4 Ind:3 RMSE(val)=652.182593
[GA][Iter3] Gen:4 Ind:4 RMSE(val)=652.182593
[GA][Iter3] Gen:4 Ind:5 RMSE(val)=659.778919
[GA][Iter3] Gen:4 Ind:6 RMSE(val)=659.778919
[GA][Iter3] Gen:4 Ind:7 RMSE(val)=659.778919
[GA][Iter3] Gen:4 Ind:8 RMSE(val)=659.778919
[GA][Iter3] Gen:4 Ind:9 RMSE(val)=659.778919
[GA][Iter3] Gen:4 Ind:10 RMSE(val)=659.778919
[GA][Iter3] Gen:4 Ind:11 RMSE(val)=659.778919
[GA][Iter3] Gen:4 Ind:12 RMSE(val)=659.778919
[GA][Iter3] Gen:4 Ind:13 RMSE(val)=975.702275
[GA][Iter3] Gen:4 Ind:14 RMSE(val)=659.778919
[GA][Iter3] Gen:4 Ind:15 RMSE(val)=659.778919
[GA][Iter3] Gen:4 Ind:16 RMSE(val)=659.778919
[GA][Iter3] Gen:4 Ind:17 RMSE(val)=704.536439
[GA][Iter3] Gen:4 Ind:18 RMSE(val)=652.182593
[GA][Iter3] Gen:4 Ind:19 RMSE(val)=660.640588
[GA][Iter3] Gen:4 Ind:20 RMSE(val)=659.778919
[GA][Iter3] gen=4 best_val_rmse=652.182593
[GA][Iter3] Gen:5 Ind:1 RMSE(val)=652.182593
[GA][Iter3] Gen:5 Ind:2 RMSE(val)=652.182593
[GA][Iter3] Gen:5 Ind:3 RMSE(val)=652.182593
[GA][Iter3] Gen:5 Ind:4 RMSE(val)=652.182593
[GA][Iter3] Gen:5 Ind:5 RMSE(val)=652.182593
[GA][Iter3] Gen:5 Ind:6 RMSE(val)=659.778919
[GA][Iter3] Gen:5 Ind:7 RMSE(val)=659.778919
[GA][Iter3] Gen:5 Ind:8 RMSE(val)=659.778919
[GA][Iter3] Gen:5 Ind:9 RMSE(val)=659.778919
[GA][Iter3] Gen:5 Ind:10 RMSE(val)=659.778919
[GA][Iter3] Gen:5 Ind:11 RMSE(val)=652.182593
[GA][Iter3] Gen:5 Ind:12 RMSE(val)=660.640588
[GA][Iter3] Gen:5 Ind:13 RMSE(val)=660.640588
[GA][Iter3] Gen:5 Ind:14 RMSE(val)=652.182593
[GA][Iter3] Gen:5 Ind:15 RMSE(val)=809.620481
[GA][Iter3] Gen:5 Ind:16 RMSE(val)=659.778919
[GA][Iter3] Gen:5 Ind:17 RMSE(val)=905.868999
[GA][Iter3] Gen:5 Ind:18 RMSE(val)=652.182593
[GA][Iter3] Gen:5 Ind:19 RMSE(val)=652.182593
[GA][Iter3] Gen:5 Ind:20 RMSE(val)=659.778919
[GA][Iter3] gen=5 best_val_rmse=652.182593
[GA][Iter3] Gen:6 Ind:1 RMSE(val)=652.182593
[GA][Iter3] Gen:6 Ind:2 RMSE(val)=652.182593
[GA][Iter3] Gen:6 Ind:3 RMSE(val)=652.182593
[GA][Iter3] Gen:6 Ind:4 RMSE(val)=652.182593
[GA][Iter3] Gen:6 Ind:5 RMSE(val)=652.182593
[GA][Iter3] Gen:6 Ind:6 RMSE(val)=652.182593
[GA][Iter3] Gen:6 Ind:7 RMSE(val)=652.182593
[GA][Iter3] Gen:6 Ind:8 RMSE(val)=652.182593
[GA][Iter3] Gen:6 Ind:9 RMSE(val)=652.182593
[GA][Iter3] Gen:6 Ind:10 RMSE(val)=659.778919
[GA][Iter3] Gen:6 Ind:11 RMSE(val)=652.182593
[GA][Iter3] Gen:6 Ind:12 RMSE(val)=652.182593
[GA][Iter3] Gen:6 Ind:13 RMSE(val)=659.778919
[GA][Iter3] Gen:6 Ind:14 RMSE(val)=652.182593
[GA][Iter3] Gen:6 Ind:15 RMSE(val)=652.182593
[GA][Iter3] Gen:6 Ind:16 RMSE(val)=652.182593
[GA][Iter3] Gen:6 Ind:17 RMSE(val)=704.536439
[GA][Iter3] Gen:6 Ind:18 RMSE(val)=652.182593
[GA][Iter3] Gen:6 Ind:19 RMSE(val)=652.182593
[GA][Iter3] Gen:6 Ind:20 RMSE(val)=704.536439
[GA][Iter3] gen=6 best_val_rmse=652.182593
[GA][Iter3] Gen:7 Ind:1 RMSE(val)=652.182593
[GA][Iter3] Gen:7 Ind:2 RMSE(val)=652.182593
[GA][Iter3] Gen:7 Ind:3 RMSE(val)=652.182593
[GA][Iter3] Gen:7 Ind:4 RMSE(val)=652.182593
[GA][Iter3] Gen:7 Ind:5 RMSE(val)=652.182593
[GA][Iter3] Gen:7 Ind:6 RMSE(val)=652.182593
[GA][Iter3] Gen:7 Ind:7 RMSE(val)=652.182593
[GA][Iter3] Gen:7 Ind:8 RMSE(val)=652.182593
[GA][Iter3] Gen:7 Ind:9 RMSE(val)=652.182593
[GA][Iter3] Gen:7 Ind:10 RMSE(val)=652.182593
[GA][Iter3] Gen:7 Ind:11 RMSE(val)=652.182593
[GA][Iter3] Gen:7 Ind:12 RMSE(val)=652.182593
[GA][Iter3] Gen:7 Ind:13 RMSE(val)=652.182593
[GA][Iter3] Gen:7 Ind:14 RMSE(val)=652.182593
[GA][Iter3] Gen:7 Ind:15 RMSE(val)=652.182593
[GA][Iter3] Gen:7 Ind:16 RMSE(val)=652.182593
[GA][Iter3] Gen:7 Ind:17 RMSE(val)=652.182593
[GA][Iter3] Gen:7 Ind:18 RMSE(val)=652.182593
[GA][Iter3] Gen:7 Ind:19 RMSE(val)=652.182593
[GA][Iter3] Gen:7 Ind:20 RMSE(val)=652.182593
[GA][Iter3] gen=7 best_val_rmse=652.182593
[GA][Iter3] Gen:8 Ind:1 RMSE(val)=652.182593
[GA][Iter3] Gen:8 Ind:2 RMSE(val)=652.182593
[GA][Iter3] Gen:8 Ind:3 RMSE(val)=652.182593
[GA][Iter3] Gen:8 Ind:4 RMSE(val)=652.182593
[GA][Iter3] Gen:8 Ind:5 RMSE(val)=652.182593
[GA][Iter3] Gen:8 Ind:6 RMSE(val)=652.182593
[GA][Iter3] Gen:8 Ind:7 RMSE(val)=652.182593
[GA][Iter3] Gen:8 Ind:8 RMSE(val)=652.182593
[GA][Iter3] Gen:8 Ind:9 RMSE(val)=652.182593
[GA][Iter3] Gen:8 Ind:10 RMSE(val)=652.182593
[GA][Iter3] Gen:8 Ind:11 RMSE(val)=652.182593
[GA][Iter3] Gen:8 Ind:12 RMSE(val)=652.182593
[GA][Iter3] Gen:8 Ind:13 RMSE(val)=652.182593
[GA][Iter3] Gen:8 Ind:14 RMSE(val)=652.182593
[GA][Iter3] Gen:8 Ind:15 RMSE(val)=652.182593
[GA][Iter3] Gen:8 Ind:16 RMSE(val)=652.182593
[GA][Iter3] Gen:8 Ind:17 RMSE(val)=652.182593
[GA][Iter3] Gen:8 Ind:18 RMSE(val)=652.182593
[GA][Iter3] Gen:8 Ind:19 RMSE(val)=652.182593
[GA][Iter3] Gen:8 Ind:20 RMSE(val)=652.182593
[GA][Iter3] gen=8 best_val_rmse=652.182593
[GA][Iter3] Gen:9 Ind:1 RMSE(val)=652.182593
[GA][Iter3] Gen:9 Ind:2 RMSE(val)=652.182593
[GA][Iter3] Gen:9 Ind:3 RMSE(val)=652.182593
[GA][Iter3] Gen:9 Ind:4 RMSE(val)=652.182593
[GA][Iter3] Gen:9 Ind:5 RMSE(val)=652.182593
[GA][Iter3] Gen:9 Ind:6 RMSE(val)=652.182593
[GA][Iter3] Gen:9 Ind:7 RMSE(val)=652.182593
[GA][Iter3] Gen:9 Ind:8 RMSE(val)=652.182593
[GA][Iter3] Gen:9 Ind:9 RMSE(val)=652.182593
[GA][Iter3] Gen:9 Ind:10 RMSE(val)=652.182593
[GA][Iter3] Gen:9 Ind:11 RMSE(val)=652.182593
[GA][Iter3] Gen:9 Ind:12 RMSE(val)=652.182593
[GA][Iter3] Gen:9 Ind:13 RMSE(val)=975.702275
[GA][Iter3] Gen:9 Ind:14 RMSE(val)=680.398885
[GA][Iter3] Gen:9 Ind:15 RMSE(val)=652.182593
[GA][Iter3] Gen:9 Ind:16 RMSE(val)=809.620481
[GA][Iter3] Gen:9 Ind:17 RMSE(val)=809.620481
[GA][Iter3] Gen:9 Ind:18 RMSE(val)=928.332415
[GA][Iter3] Gen:9 Ind:19 RMSE(val)=652.182593
[GA][Iter3] Gen:9 Ind:20 RMSE(val)=652.182593
[GA][Iter3] gen=9 best_val_rmse=652.182593
[GA][Iter3] Gen:10 Ind:1 RMSE(val)=652.182593
[GA][Iter3] Gen:10 Ind:2 RMSE(val)=652.182593
[GA][Iter3] Gen:10 Ind:3 RMSE(val)=652.182593
[GA][Iter3] Gen:10 Ind:4 RMSE(val)=652.182593
[GA][Iter3] Gen:10 Ind:5 RMSE(val)=652.182593
[GA][Iter3] Gen:10 Ind:6 RMSE(val)=652.182593
[GA][Iter3] Gen:10 Ind:7 RMSE(val)=652.182593
[GA][Iter3] Gen:10 Ind:8 RMSE(val)=652.182593
[GA][Iter3] Gen:10 Ind:9 RMSE(val)=652.182593
[GA][Iter3] Gen:10 Ind:10 RMSE(val)=652.182593
[GA][Iter3] Gen:10 Ind:11 RMSE(val)=652.182593
[GA][Iter3] Gen:10 Ind:12 RMSE(val)=652.182593
[GA][Iter3] Gen:10 Ind:13 RMSE(val)=652.182593
[GA][Iter3] Gen:10 Ind:14 RMSE(val)=652.182593
[GA][Iter3] Gen:10 Ind:15 RMSE(val)=652.182593
[GA][Iter3] Gen:10 Ind:16 RMSE(val)=652.182593
[GA][Iter3] Gen:10 Ind:17 RMSE(val)=652.182593
[GA][Iter3] Gen:10 Ind:18 RMSE(val)=809.620481
[GA][Iter3] Gen:10 Ind:19 RMSE(val)=652.182593
[GA][Iter3] Gen:10 Ind:20 RMSE(val)=652.182593
[GA][Iter3] gen=10 best_val_rmse=652.182593
[GA][Iter3] Gen:11 Ind:1 RMSE(val)=652.182593
[GA][Iter3] Gen:11 Ind:2 RMSE(val)=652.182593
[GA][Iter3] Gen:11 Ind:3 RMSE(val)=652.182593
[GA][Iter3] Gen:11 Ind:4 RMSE(val)=652.182593
[GA][Iter3] Gen:11 Ind:5 RMSE(val)=652.182593
[GA][Iter3] Gen:11 Ind:6 RMSE(val)=652.182593
[GA][Iter3] Gen:11 Ind:7 RMSE(val)=652.182593
[GA][Iter3] Gen:11 Ind:8 RMSE(val)=652.182593
[GA][Iter3] Gen:11 Ind:9 RMSE(val)=652.182593
[GA][Iter3] Gen:11 Ind:10 RMSE(val)=652.182593
[GA][Iter3] Gen:11 Ind:11 RMSE(val)=652.182593
[GA][Iter3] Gen:11 Ind:12 RMSE(val)=652.182593
[GA][Iter3] Gen:11 Ind:13 RMSE(val)=652.182593
[GA][Iter3] Gen:11 Ind:14 RMSE(val)=652.182593
[GA][Iter3] Gen:11 Ind:15 RMSE(val)=652.182593
[GA][Iter3] Gen:11 Ind:16 RMSE(val)=652.182593
[GA][Iter3] Gen:11 Ind:17 RMSE(val)=652.182593
[GA][Iter3] Gen:11 Ind:18 RMSE(val)=652.182593
[GA][Iter3] Gen:11 Ind:19 RMSE(val)=652.182593
[GA][Iter3] Gen:11 Ind:20 RMSE(val)=652.182593
[GA][Iter3] gen=11 best_val_rmse=652.182593
[GA][Iter3] Gen:12 Ind:1 RMSE(val)=652.182593
[GA][Iter3] Gen:12 Ind:2 RMSE(val)=652.182593
[GA][Iter3] Gen:12 Ind:3 RMSE(val)=652.182593
[GA][Iter3] Gen:12 Ind:4 RMSE(val)=652.182593
[GA][Iter3] Gen:12 Ind:5 RMSE(val)=652.182593
[GA][Iter3] Gen:12 Ind:6 RMSE(val)=652.182593
[GA][Iter3] Gen:12 Ind:7 RMSE(val)=652.182593
[GA][Iter3] Gen:12 Ind:8 RMSE(val)=652.182593
[GA][Iter3] Gen:12 Ind:9 RMSE(val)=652.182593
[GA][Iter3] Gen:12 Ind:10 RMSE(val)=652.182593
[GA][Iter3] Gen:12 Ind:11 RMSE(val)=652.182593
[GA][Iter3] Gen:12 Ind:12 RMSE(val)=652.182593
[GA][Iter3] Gen:12 Ind:13 RMSE(val)=652.182593
[GA][Iter3] Gen:12 Ind:14 RMSE(val)=975.702275
[GA][Iter3] Gen:12 Ind:15 RMSE(val)=704.536439
[GA][Iter3] Gen:12 Ind:16 RMSE(val)=652.182593
[GA][Iter3] Gen:12 Ind:17 RMSE(val)=652.182593
[GA][Iter3] Gen:12 Ind:18 RMSE(val)=652.182593
[GA][Iter3] Gen:12 Ind:19 RMSE(val)=661.736679
[GA][Iter3] Gen:12 Ind:20 RMSE(val)=652.182593
[GA][Iter3] gen=12 best_val_rmse=652.182593
[GA][Iter3] Gen:13 Ind:1 RMSE(val)=652.182593
[GA][Iter3] Gen:13 Ind:2 RMSE(val)=652.182593
[GA][Iter3] Gen:13 Ind:3 RMSE(val)=652.182593
[GA][Iter3] Gen:13 Ind:4 RMSE(val)=652.182593
[GA][Iter3] Gen:13 Ind:5 RMSE(val)=652.182593
[GA][Iter3] Gen:13 Ind:6 RMSE(val)=652.182593
[GA][Iter3] Gen:13 Ind:7 RMSE(val)=652.182593
[GA][Iter3] Gen:13 Ind:8 RMSE(val)=652.182593
[GA][Iter3] Gen:13 Ind:9 RMSE(val)=652.182593
[GA][Iter3] Gen:13 Ind:10 RMSE(val)=652.182593
[GA][Iter3] Gen:13 Ind:11 RMSE(val)=652.182593
[GA][Iter3] Gen:13 Ind:12 RMSE(val)=652.182593
[GA][Iter3] Gen:13 Ind:13 RMSE(val)=652.182593
[GA][Iter3] Gen:13 Ind:14 RMSE(val)=652.182593
[GA][Iter3] Gen:13 Ind:15 RMSE(val)=652.182593
[GA][Iter3] Gen:13 Ind:16 RMSE(val)=652.182593
[GA][Iter3] Gen:13 Ind:17 RMSE(val)=652.182593
[GA][Iter3] Gen:13 Ind:18 RMSE(val)=975.702275
[GA][Iter3] Gen:13 Ind:19 RMSE(val)=652.182593
[GA][Iter3] Gen:13 Ind:20 RMSE(val)=652.182593
[GA][Iter3] gen=13 best_val_rmse=652.182593
[GA][Iter3] Gen:14 Ind:1 RMSE(val)=652.182593
[GA][Iter3] Gen:14 Ind:2 RMSE(val)=652.182593
[GA][Iter3] Gen:14 Ind:3 RMSE(val)=652.182593
[GA][Iter3] Gen:14 Ind:4 RMSE(val)=652.182593
[GA][Iter3] Gen:14 Ind:5 RMSE(val)=652.182593
[GA][Iter3] Gen:14 Ind:6 RMSE(val)=652.182593
[GA][Iter3] Gen:14 Ind:7 RMSE(val)=652.182593
[GA][Iter3] Gen:14 Ind:8 RMSE(val)=652.182593
[GA][Iter3] Gen:14 Ind:9 RMSE(val)=652.182593
[GA][Iter3] Gen:14 Ind:10 RMSE(val)=652.182593
[GA][Iter3] Gen:14 Ind:11 RMSE(val)=652.182593
[GA][Iter3] Gen:14 Ind:12 RMSE(val)=652.182593
[GA][Iter3] Gen:14 Ind:13 RMSE(val)=652.182593
[GA][Iter3] Gen:14 Ind:14 RMSE(val)=652.182593
[GA][Iter3] Gen:14 Ind:15 RMSE(val)=652.182593
[GA][Iter3] Gen:14 Ind:16 RMSE(val)=652.182593
[GA][Iter3] Gen:14 Ind:17 RMSE(val)=661.736679
[GA][Iter3] Gen:14 Ind:18 RMSE(val)=652.182593
[GA][Iter3] Gen:14 Ind:19 RMSE(val)=652.182593
[GA][Iter3] Gen:14 Ind:20 RMSE(val)=652.182593
[GA][Iter3] gen=14 best_val_rmse=652.182593
[GA][Iter3] Gen:15 Ind:1 RMSE(val)=652.182593
[GA][Iter3] Gen:15 Ind:2 RMSE(val)=652.182593
[GA][Iter3] Gen:15 Ind:3 RMSE(val)=652.182593
[GA][Iter3] Gen:15 Ind:4 RMSE(val)=652.182593
[GA][Iter3] Gen:15 Ind:5 RMSE(val)=652.182593
[GA][Iter3] Gen:15 Ind:6 RMSE(val)=652.182593
[GA][Iter3] Gen:15 Ind:7 RMSE(val)=652.182593
[GA][Iter3] Gen:15 Ind:8 RMSE(val)=652.182593
[GA][Iter3] Gen:15 Ind:9 RMSE(val)=652.182593
[GA][Iter3] Gen:15 Ind:10 RMSE(val)=652.182593
[GA][Iter3] Gen:15 Ind:11 RMSE(val)=652.182593
[GA][Iter3] Gen:15 Ind:12 RMSE(val)=652.182593
[GA][Iter3] Gen:15 Ind:13 RMSE(val)=652.182593
[GA][Iter3] Gen:15 Ind:14 RMSE(val)=652.182593
[GA][Iter3] Gen:15 Ind:15 RMSE(val)=652.182593
[GA][Iter3] Gen:15 Ind:16 RMSE(val)=652.182593
[GA][Iter3] Gen:15 Ind:17 RMSE(val)=652.182593
[GA][Iter3] Gen:15 Ind:18 RMSE(val)=652.182593
[GA][Iter3] Gen:15 Ind:19 RMSE(val)=652.182593
[GA][Iter3] Gen:15 Ind:20 RMSE(val)=652.182593
[GA][Iter3] gen=15 best_val_rmse=652.182593
[GA][Iter3] Gen:15 Ind:1 RMSE(val)=652.182593
[GA][Iter3] Gen:15 Ind:2 RMSE(val)=652.182593
[GA][Iter3] Gen:15 Ind:3 RMSE(val)=652.182593
[GA][Iter3] Gen:15 Ind:4 RMSE(val)=652.182593
[GA][Iter3] Gen:15 Ind:5 RMSE(val)=652.182593
[GA][Iter3] Gen:15 Ind:6 RMSE(val)=652.182593
[GA][Iter3] Gen:15 Ind:7 RMSE(val)=652.182593
[GA][Iter3] Gen:15 Ind:8 RMSE(val)=652.182593
[GA][Iter3] Gen:15 Ind:9 RMSE(val)=652.182593
[GA][Iter3] Gen:15 Ind:10 RMSE(val)=652.182593
[GA][Iter3] Gen:15 Ind:11 RMSE(val)=809.620481
[GA][Iter3] Gen:15 Ind:12 RMSE(val)=652.182593
[GA][Iter3] Gen:15 Ind:13 RMSE(val)=652.182593
[GA][Iter3] Gen:15 Ind:14 RMSE(val)=652.182593
[GA][Iter3] Gen:15 Ind:15 RMSE(val)=652.182593
[GA][Iter3] Gen:15 Ind:16 RMSE(val)=652.182593
[GA][Iter3] Gen:15 Ind:17 RMSE(val)=652.182593
[GA][Iter3] Gen:15 Ind:18 RMSE(val)=652.182593
[GA][Iter3] Gen:15 Ind:19 RMSE(val)=652.182593
[GA][Iter3] Gen:15 Ind:20 RMSE(val)=664.941053

[GA DONE][Iter3] Best params on val fold of Iter3
Best val RMSE: 652.182593
Best params: {'max_depth': 40, 'min_samples_split': 25, 'min_samples_leaf': 19, 'max_features': None, 'splitter': 'best', 'criterion': 'squared_error'}
--------------------------------------------------------------------------------
[RETUNE GA] Iter3: train folds 1..7 -> test fold 8  RMSE=809.233936  NRMSE=0.698556  CVRMSE=0.282220  R2=0.511120
[GA][Iter4] Gen:1 Ind:1 RMSE(val)=1164.817707
[GA][Iter4] Gen:1 Ind:2 RMSE(val)=828.065529
[GA][Iter4] Gen:1 Ind:3 RMSE(val)=1059.543028
[GA][Iter4] Gen:1 Ind:4 RMSE(val)=974.345333
[GA][Iter4] Gen:1 Ind:5 RMSE(val)=898.396471
[GA][Iter4] Gen:1 Ind:6 RMSE(val)=828.373811
[GA][Iter4] Gen:1 Ind:7 RMSE(val)=869.443862
[GA][Iter4] Gen:1 Ind:8 RMSE(val)=1055.404782
[GA][Iter4] Gen:1 Ind:9 RMSE(val)=1144.449530
[GA][Iter4] Gen:1 Ind:10 RMSE(val)=1457.685966
[GA][Iter4] Gen:1 Ind:11 RMSE(val)=809.233936
[GA][Iter4] Gen:1 Ind:12 RMSE(val)=904.918152
[GA][Iter4] Gen:1 Ind:13 RMSE(val)=1171.253446
[GA][Iter4] Gen:1 Ind:14 RMSE(val)=1147.381974
[GA][Iter4] Gen:1 Ind:15 RMSE(val)=956.366327
[GA][Iter4] Gen:1 Ind:16 RMSE(val)=960.814728
[GA][Iter4] Gen:1 Ind:17 RMSE(val)=1035.613936
[GA][Iter4] Gen:1 Ind:18 RMSE(val)=933.274545
[GA][Iter4] Gen:1 Ind:19 RMSE(val)=1257.867094
[GA][Iter4] Gen:1 Ind:20 RMSE(val)=1274.607093
[GA][Iter4] gen=1 best_val_rmse=809.233936
[GA][Iter4] Gen:2 Ind:1 RMSE(val)=809.233936
[GA][Iter4] Gen:2 Ind:2 RMSE(val)=828.065529
[GA][Iter4] Gen:2 Ind:3 RMSE(val)=828.373811
[GA][Iter4] Gen:2 Ind:4 RMSE(val)=869.443862
[GA][Iter4] Gen:2 Ind:5 RMSE(val)=898.396471
[GA][Iter4] Gen:2 Ind:6 RMSE(val)=904.918152
[GA][Iter4] Gen:2 Ind:7 RMSE(val)=933.274545
[GA][Iter4] Gen:2 Ind:8 RMSE(val)=956.366327
[GA][Iter4] Gen:2 Ind:9 RMSE(val)=960.814728
[GA][Iter4] Gen:2 Ind:10 RMSE(val)=974.345333
[GA][Iter4] Gen:2 Ind:11 RMSE(val)=810.013765
[GA][Iter4] Gen:2 Ind:12 RMSE(val)=828.065529
[GA][Iter4] Gen:2 Ind:13 RMSE(val)=960.814728
[GA][Iter4] Gen:2 Ind:14 RMSE(val)=830.319426
[GA][Iter4] Gen:2 Ind:15 RMSE(val)=828.065529
[GA][Iter4] Gen:2 Ind:16 RMSE(val)=960.814728
[GA][Iter4] Gen:2 Ind:17 RMSE(val)=1067.206204
[GA][Iter4] Gen:2 Ind:18 RMSE(val)=810.013765
[GA][Iter4] Gen:2 Ind:19 RMSE(val)=834.600053
[GA][Iter4] Gen:2 Ind:20 RMSE(val)=809.233936
[GA][Iter4] gen=2 best_val_rmse=809.233936
[GA][Iter4] Gen:3 Ind:1 RMSE(val)=809.233936
[GA][Iter4] Gen:3 Ind:2 RMSE(val)=809.233936
[GA][Iter4] Gen:3 Ind:3 RMSE(val)=810.013765
[GA][Iter4] Gen:3 Ind:4 RMSE(val)=810.013765
[GA][Iter4] Gen:3 Ind:5 RMSE(val)=828.065529
[GA][Iter4] Gen:3 Ind:6 RMSE(val)=828.065529
[GA][Iter4] Gen:3 Ind:7 RMSE(val)=828.065529
[GA][Iter4] Gen:3 Ind:8 RMSE(val)=828.373811
[GA][Iter4] Gen:3 Ind:9 RMSE(val)=830.319426
[GA][Iter4] Gen:3 Ind:10 RMSE(val)=834.600053
[GA][Iter4] Gen:3 Ind:11 RMSE(val)=834.600053
[GA][Iter4] Gen:3 Ind:12 RMSE(val)=809.233936
[GA][Iter4] Gen:3 Ind:13 RMSE(val)=810.013765
[GA][Iter4] Gen:3 Ind:14 RMSE(val)=809.233936
[GA][Iter4] Gen:3 Ind:15 RMSE(val)=828.065529
[GA][Iter4] Gen:3 Ind:16 RMSE(val)=996.148830
[GA][Iter4] Gen:3 Ind:17 RMSE(val)=810.013765
[GA][Iter4] Gen:3 Ind:18 RMSE(val)=834.600053
[GA][Iter4] Gen:3 Ind:19 RMSE(val)=810.013765
[GA][Iter4] Gen:3 Ind:20 RMSE(val)=931.341346
[GA][Iter4] gen=3 best_val_rmse=809.233936
[GA][Iter4] Gen:4 Ind:1 RMSE(val)=809.233936
[GA][Iter4] Gen:4 Ind:2 RMSE(val)=809.233936
[GA][Iter4] Gen:4 Ind:3 RMSE(val)=809.233936
[GA][Iter4] Gen:4 Ind:4 RMSE(val)=809.233936
[GA][Iter4] Gen:4 Ind:5 RMSE(val)=810.013765
[GA][Iter4] Gen:4 Ind:6 RMSE(val)=810.013765
[GA][Iter4] Gen:4 Ind:7 RMSE(val)=810.013765
[GA][Iter4] Gen:4 Ind:8 RMSE(val)=810.013765
[GA][Iter4] Gen:4 Ind:9 RMSE(val)=810.013765
[GA][Iter4] Gen:4 Ind:10 RMSE(val)=828.065529
[GA][Iter4] Gen:4 Ind:11 RMSE(val)=828.065529
[GA][Iter4] Gen:4 Ind:12 RMSE(val)=810.013765
[GA][Iter4] Gen:4 Ind:13 RMSE(val)=960.614675
[GA][Iter4] Gen:4 Ind:14 RMSE(val)=810.013765
[GA][Iter4] Gen:4 Ind:15 RMSE(val)=810.013765
[GA][Iter4] Gen:4 Ind:16 RMSE(val)=810.013765
[GA][Iter4] Gen:4 Ind:17 RMSE(val)=809.233936
[GA][Iter4] Gen:4 Ind:18 RMSE(val)=809.233936
[GA][Iter4] Gen:4 Ind:19 RMSE(val)=810.013765
[GA][Iter4] Gen:4 Ind:20 RMSE(val)=810.013765
[GA][Iter4] gen=4 best_val_rmse=809.233936
[GA][Iter4] Gen:5 Ind:1 RMSE(val)=809.233936
[GA][Iter4] Gen:5 Ind:2 RMSE(val)=809.233936
[GA][Iter4] Gen:5 Ind:3 RMSE(val)=809.233936
[GA][Iter4] Gen:5 Ind:4 RMSE(val)=809.233936
[GA][Iter4] Gen:5 Ind:5 RMSE(val)=809.233936
[GA][Iter4] Gen:5 Ind:6 RMSE(val)=809.233936
[GA][Iter4] Gen:5 Ind:7 RMSE(val)=810.013765
[GA][Iter4] Gen:5 Ind:8 RMSE(val)=810.013765
[GA][Iter4] Gen:5 Ind:9 RMSE(val)=810.013765
[GA][Iter4] Gen:5 Ind:10 RMSE(val)=810.013765
[GA][Iter4] Gen:5 Ind:11 RMSE(val)=809.233936
[GA][Iter4] Gen:5 Ind:12 RMSE(val)=810.013765
[GA][Iter4] Gen:5 Ind:13 RMSE(val)=809.233936
[GA][Iter4] Gen:5 Ind:14 RMSE(val)=809.233936
[GA][Iter4] Gen:5 Ind:15 RMSE(val)=866.661375
[GA][Iter4] Gen:5 Ind:16 RMSE(val)=810.013765
[GA][Iter4] Gen:5 Ind:17 RMSE(val)=960.614675
[GA][Iter4] Gen:5 Ind:18 RMSE(val)=809.233936
[GA][Iter4] Gen:5 Ind:19 RMSE(val)=809.233936
[GA][Iter4] Gen:5 Ind:20 RMSE(val)=810.013765
[GA][Iter4] gen=5 best_val_rmse=809.233936
[GA][Iter4] Gen:6 Ind:1 RMSE(val)=809.233936
[GA][Iter4] Gen:6 Ind:2 RMSE(val)=809.233936
[GA][Iter4] Gen:6 Ind:3 RMSE(val)=809.233936
[GA][Iter4] Gen:6 Ind:4 RMSE(val)=809.233936
[GA][Iter4] Gen:6 Ind:5 RMSE(val)=809.233936
[GA][Iter4] Gen:6 Ind:6 RMSE(val)=809.233936
[GA][Iter4] Gen:6 Ind:7 RMSE(val)=809.233936
[GA][Iter4] Gen:6 Ind:8 RMSE(val)=809.233936
[GA][Iter4] Gen:6 Ind:9 RMSE(val)=809.233936
[GA][Iter4] Gen:6 Ind:10 RMSE(val)=809.233936
[GA][Iter4] Gen:6 Ind:11 RMSE(val)=809.233936
[GA][Iter4] Gen:6 Ind:12 RMSE(val)=809.233936
[GA][Iter4] Gen:6 Ind:13 RMSE(val)=809.233936
[GA][Iter4] Gen:6 Ind:14 RMSE(val)=809.233936
[GA][Iter4] Gen:6 Ind:15 RMSE(val)=809.233936
[GA][Iter4] Gen:6 Ind:16 RMSE(val)=809.233936
[GA][Iter4] Gen:6 Ind:17 RMSE(val)=809.233936
[GA][Iter4] Gen:6 Ind:18 RMSE(val)=809.233936
[GA][Iter4] Gen:6 Ind:19 RMSE(val)=809.233936
[GA][Iter4] Gen:6 Ind:20 RMSE(val)=809.233936
[GA][Iter4] gen=6 best_val_rmse=809.233936
[GA][Iter4] Gen:7 Ind:1 RMSE(val)=809.233936
[GA][Iter4] Gen:7 Ind:2 RMSE(val)=809.233936
[GA][Iter4] Gen:7 Ind:3 RMSE(val)=809.233936
[GA][Iter4] Gen:7 Ind:4 RMSE(val)=809.233936
[GA][Iter4] Gen:7 Ind:5 RMSE(val)=809.233936
[GA][Iter4] Gen:7 Ind:6 RMSE(val)=809.233936
[GA][Iter4] Gen:7 Ind:7 RMSE(val)=809.233936
[GA][Iter4] Gen:7 Ind:8 RMSE(val)=809.233936
[GA][Iter4] Gen:7 Ind:9 RMSE(val)=809.233936
[GA][Iter4] Gen:7 Ind:10 RMSE(val)=809.233936
[GA][Iter4] Gen:7 Ind:11 RMSE(val)=809.233936
[GA][Iter4] Gen:7 Ind:12 RMSE(val)=809.233936
[GA][Iter4] Gen:7 Ind:13 RMSE(val)=809.233936
[GA][Iter4] Gen:7 Ind:14 RMSE(val)=809.233936
[GA][Iter4] Gen:7 Ind:15 RMSE(val)=809.233936
[GA][Iter4] Gen:7 Ind:16 RMSE(val)=809.233936
[GA][Iter4] Gen:7 Ind:17 RMSE(val)=809.233936
[GA][Iter4] Gen:7 Ind:18 RMSE(val)=809.233936
[GA][Iter4] Gen:7 Ind:19 RMSE(val)=809.233936
[GA][Iter4] Gen:7 Ind:20 RMSE(val)=809.233936
[GA][Iter4] gen=7 best_val_rmse=809.233936
[GA][Iter4] Gen:8 Ind:1 RMSE(val)=809.233936
[GA][Iter4] Gen:8 Ind:2 RMSE(val)=809.233936
[GA][Iter4] Gen:8 Ind:3 RMSE(val)=809.233936
[GA][Iter4] Gen:8 Ind:4 RMSE(val)=809.233936
[GA][Iter4] Gen:8 Ind:5 RMSE(val)=809.233936
[GA][Iter4] Gen:8 Ind:6 RMSE(val)=809.233936
[GA][Iter4] Gen:8 Ind:7 RMSE(val)=809.233936
[GA][Iter4] Gen:8 Ind:8 RMSE(val)=809.233936
[GA][Iter4] Gen:8 Ind:9 RMSE(val)=809.233936
[GA][Iter4] Gen:8 Ind:10 RMSE(val)=809.233936
[GA][Iter4] Gen:8 Ind:11 RMSE(val)=809.233936
[GA][Iter4] Gen:8 Ind:12 RMSE(val)=809.233936
[GA][Iter4] Gen:8 Ind:13 RMSE(val)=809.233936
[GA][Iter4] Gen:8 Ind:14 RMSE(val)=809.233936
[GA][Iter4] Gen:8 Ind:15 RMSE(val)=809.233936
[GA][Iter4] Gen:8 Ind:16 RMSE(val)=809.233936
[GA][Iter4] Gen:8 Ind:17 RMSE(val)=809.233936
[GA][Iter4] Gen:8 Ind:18 RMSE(val)=809.233936
[GA][Iter4] Gen:8 Ind:19 RMSE(val)=809.233936
[GA][Iter4] Gen:8 Ind:20 RMSE(val)=809.233936
[GA][Iter4] gen=8 best_val_rmse=809.233936
[GA][Iter4] Gen:9 Ind:1 RMSE(val)=809.233936
[GA][Iter4] Gen:9 Ind:2 RMSE(val)=809.233936
[GA][Iter4] Gen:9 Ind:3 RMSE(val)=809.233936
[GA][Iter4] Gen:9 Ind:4 RMSE(val)=809.233936
[GA][Iter4] Gen:9 Ind:5 RMSE(val)=809.233936
[GA][Iter4] Gen:9 Ind:6 RMSE(val)=809.233936
[GA][Iter4] Gen:9 Ind:7 RMSE(val)=809.233936
[GA][Iter4] Gen:9 Ind:8 RMSE(val)=809.233936
[GA][Iter4] Gen:9 Ind:9 RMSE(val)=809.233936
[GA][Iter4] Gen:9 Ind:10 RMSE(val)=809.233936
[GA][Iter4] Gen:9 Ind:11 RMSE(val)=809.233936
[GA][Iter4] Gen:9 Ind:12 RMSE(val)=809.233936
[GA][Iter4] Gen:9 Ind:13 RMSE(val)=960.614675
[GA][Iter4] Gen:9 Ind:14 RMSE(val)=810.013765
[GA][Iter4] Gen:9 Ind:15 RMSE(val)=809.233936
[GA][Iter4] Gen:9 Ind:16 RMSE(val)=866.661375
[GA][Iter4] Gen:9 Ind:17 RMSE(val)=866.661375
[GA][Iter4] Gen:9 Ind:18 RMSE(val)=1001.830328
[GA][Iter4] Gen:9 Ind:19 RMSE(val)=809.233936
[GA][Iter4] Gen:9 Ind:20 RMSE(val)=809.233936
[GA][Iter4] gen=9 best_val_rmse=809.233936
[GA][Iter4] Gen:10 Ind:1 RMSE(val)=809.233936
[GA][Iter4] Gen:10 Ind:2 RMSE(val)=809.233936
[GA][Iter4] Gen:10 Ind:3 RMSE(val)=809.233936
[GA][Iter4] Gen:10 Ind:4 RMSE(val)=809.233936
[GA][Iter4] Gen:10 Ind:5 RMSE(val)=809.233936
[GA][Iter4] Gen:10 Ind:6 RMSE(val)=809.233936
[GA][Iter4] Gen:10 Ind:7 RMSE(val)=809.233936
[GA][Iter4] Gen:10 Ind:8 RMSE(val)=809.233936
[GA][Iter4] Gen:10 Ind:9 RMSE(val)=809.233936
[GA][Iter4] Gen:10 Ind:10 RMSE(val)=809.233936
[GA][Iter4] Gen:10 Ind:11 RMSE(val)=809.233936
[GA][Iter4] Gen:10 Ind:12 RMSE(val)=809.233936
[GA][Iter4] Gen:10 Ind:13 RMSE(val)=809.233936
[GA][Iter4] Gen:10 Ind:14 RMSE(val)=809.233936
[GA][Iter4] Gen:10 Ind:15 RMSE(val)=809.233936
[GA][Iter4] Gen:10 Ind:16 RMSE(val)=809.233936
[GA][Iter4] Gen:10 Ind:17 RMSE(val)=809.233936
[GA][Iter4] Gen:10 Ind:18 RMSE(val)=866.661375
[GA][Iter4] Gen:10 Ind:19 RMSE(val)=809.233936
[GA][Iter4] Gen:10 Ind:20 RMSE(val)=809.233936
[GA][Iter4] gen=10 best_val_rmse=809.233936
[GA][Iter4] Gen:11 Ind:1 RMSE(val)=809.233936
[GA][Iter4] Gen:11 Ind:2 RMSE(val)=809.233936
[GA][Iter4] Gen:11 Ind:3 RMSE(val)=809.233936
[GA][Iter4] Gen:11 Ind:4 RMSE(val)=809.233936
[GA][Iter4] Gen:11 Ind:5 RMSE(val)=809.233936
[GA][Iter4] Gen:11 Ind:6 RMSE(val)=809.233936
[GA][Iter4] Gen:11 Ind:7 RMSE(val)=809.233936
[GA][Iter4] Gen:11 Ind:8 RMSE(val)=809.233936
[GA][Iter4] Gen:11 Ind:9 RMSE(val)=809.233936
[GA][Iter4] Gen:11 Ind:10 RMSE(val)=809.233936
[GA][Iter4] Gen:11 Ind:11 RMSE(val)=809.233936
[GA][Iter4] Gen:11 Ind:12 RMSE(val)=809.233936
[GA][Iter4] Gen:11 Ind:13 RMSE(val)=809.233936
[GA][Iter4] Gen:11 Ind:14 RMSE(val)=809.233936
[GA][Iter4] Gen:11 Ind:15 RMSE(val)=809.233936
[GA][Iter4] Gen:11 Ind:16 RMSE(val)=809.233936
[GA][Iter4] Gen:11 Ind:17 RMSE(val)=809.233936
[GA][Iter4] Gen:11 Ind:18 RMSE(val)=809.233936
[GA][Iter4] Gen:11 Ind:19 RMSE(val)=809.233936
[GA][Iter4] Gen:11 Ind:20 RMSE(val)=809.233936
[GA][Iter4] gen=11 best_val_rmse=809.233936
[GA][Iter4] Gen:12 Ind:1 RMSE(val)=809.233936
[GA][Iter4] Gen:12 Ind:2 RMSE(val)=809.233936
[GA][Iter4] Gen:12 Ind:3 RMSE(val)=809.233936
[GA][Iter4] Gen:12 Ind:4 RMSE(val)=809.233936
[GA][Iter4] Gen:12 Ind:5 RMSE(val)=809.233936
[GA][Iter4] Gen:12 Ind:6 RMSE(val)=809.233936
[GA][Iter4] Gen:12 Ind:7 RMSE(val)=809.233936
[GA][Iter4] Gen:12 Ind:8 RMSE(val)=809.233936
[GA][Iter4] Gen:12 Ind:9 RMSE(val)=809.233936
[GA][Iter4] Gen:12 Ind:10 RMSE(val)=809.233936
[GA][Iter4] Gen:12 Ind:11 RMSE(val)=809.233936
[GA][Iter4] Gen:12 Ind:12 RMSE(val)=809.233936
[GA][Iter4] Gen:12 Ind:13 RMSE(val)=809.233936
[GA][Iter4] Gen:12 Ind:14 RMSE(val)=960.614675
[GA][Iter4] Gen:12 Ind:15 RMSE(val)=845.100202
[GA][Iter4] Gen:12 Ind:16 RMSE(val)=809.233936
[GA][Iter4] Gen:12 Ind:17 RMSE(val)=809.233936
[GA][Iter4] Gen:12 Ind:18 RMSE(val)=809.233936
[GA][Iter4] Gen:12 Ind:19 RMSE(val)=805.718518
[GA][Iter4] Gen:12 Ind:20 RMSE(val)=809.233936
[GA][Iter4] gen=12 best_val_rmse=805.718518
[GA][Iter4] Gen:13 Ind:1 RMSE(val)=805.718518
[GA][Iter4] Gen:13 Ind:2 RMSE(val)=809.233936
[GA][Iter4] Gen:13 Ind:3 RMSE(val)=809.233936
[GA][Iter4] Gen:13 Ind:4 RMSE(val)=809.233936
[GA][Iter4] Gen:13 Ind:5 RMSE(val)=809.233936
[GA][Iter4] Gen:13 Ind:6 RMSE(val)=809.233936
[GA][Iter4] Gen:13 Ind:7 RMSE(val)=809.233936
[GA][Iter4] Gen:13 Ind:8 RMSE(val)=809.233936
[GA][Iter4] Gen:13 Ind:9 RMSE(val)=809.233936
[GA][Iter4] Gen:13 Ind:10 RMSE(val)=809.233936
[GA][Iter4] Gen:13 Ind:11 RMSE(val)=809.233936
[GA][Iter4] Gen:13 Ind:12 RMSE(val)=809.233936
[GA][Iter4] Gen:13 Ind:13 RMSE(val)=809.233936
[GA][Iter4] Gen:13 Ind:14 RMSE(val)=805.718518
[GA][Iter4] Gen:13 Ind:15 RMSE(val)=805.718518
[GA][Iter4] Gen:13 Ind:16 RMSE(val)=809.233936
[GA][Iter4] Gen:13 Ind:17 RMSE(val)=809.233936
[GA][Iter4] Gen:13 Ind:18 RMSE(val)=960.614675
[GA][Iter4] Gen:13 Ind:19 RMSE(val)=809.233936
[GA][Iter4] Gen:13 Ind:20 RMSE(val)=809.233936
[GA][Iter4] gen=13 best_val_rmse=805.718518
[GA][Iter4] Gen:14 Ind:1 RMSE(val)=805.718518
[GA][Iter4] Gen:14 Ind:2 RMSE(val)=805.718518
[GA][Iter4] Gen:14 Ind:3 RMSE(val)=805.718518
[GA][Iter4] Gen:14 Ind:4 RMSE(val)=809.233936
[GA][Iter4] Gen:14 Ind:5 RMSE(val)=809.233936
[GA][Iter4] Gen:14 Ind:6 RMSE(val)=809.233936
[GA][Iter4] Gen:14 Ind:7 RMSE(val)=809.233936
[GA][Iter4] Gen:14 Ind:8 RMSE(val)=809.233936
[GA][Iter4] Gen:14 Ind:9 RMSE(val)=809.233936
[GA][Iter4] Gen:14 Ind:10 RMSE(val)=809.233936
[GA][Iter4] Gen:14 Ind:11 RMSE(val)=809.233936
[GA][Iter4] Gen:14 Ind:12 RMSE(val)=809.233936
[GA][Iter4] Gen:14 Ind:13 RMSE(val)=809.233936
[GA][Iter4] Gen:14 Ind:14 RMSE(val)=805.718518
[GA][Iter4] Gen:14 Ind:15 RMSE(val)=805.718518
[GA][Iter4] Gen:14 Ind:16 RMSE(val)=809.233936
[GA][Iter4] Gen:14 Ind:17 RMSE(val)=805.718518
[GA][Iter4] Gen:14 Ind:18 RMSE(val)=805.718518
[GA][Iter4] Gen:14 Ind:19 RMSE(val)=809.233936
[GA][Iter4] Gen:14 Ind:20 RMSE(val)=805.718518
[GA][Iter4] gen=14 best_val_rmse=805.718518
[GA][Iter4] Gen:15 Ind:1 RMSE(val)=805.718518
[GA][Iter4] Gen:15 Ind:2 RMSE(val)=805.718518
[GA][Iter4] Gen:15 Ind:3 RMSE(val)=805.718518
[GA][Iter4] Gen:15 Ind:4 RMSE(val)=805.718518
[GA][Iter4] Gen:15 Ind:5 RMSE(val)=805.718518
[GA][Iter4] Gen:15 Ind:6 RMSE(val)=805.718518
[GA][Iter4] Gen:15 Ind:7 RMSE(val)=805.718518
[GA][Iter4] Gen:15 Ind:8 RMSE(val)=805.718518
[GA][Iter4] Gen:15 Ind:9 RMSE(val)=809.233936
[GA][Iter4] Gen:15 Ind:10 RMSE(val)=809.233936
[GA][Iter4] Gen:15 Ind:11 RMSE(val)=805.718518
[GA][Iter4] Gen:15 Ind:12 RMSE(val)=805.718518
[GA][Iter4] Gen:15 Ind:13 RMSE(val)=805.718518
[GA][Iter4] Gen:15 Ind:14 RMSE(val)=805.718518
[GA][Iter4] Gen:15 Ind:15 RMSE(val)=805.718518
[GA][Iter4] Gen:15 Ind:16 RMSE(val)=809.233936
[GA][Iter4] Gen:15 Ind:17 RMSE(val)=809.233936
[GA][Iter4] Gen:15 Ind:18 RMSE(val)=805.718518
[GA][Iter4] Gen:15 Ind:19 RMSE(val)=805.718518
[GA][Iter4] Gen:15 Ind:20 RMSE(val)=805.718518
[GA][Iter4] gen=15 best_val_rmse=805.718518
[GA][Iter4] Gen:15 Ind:1 RMSE(val)=805.718518
[GA][Iter4] Gen:15 Ind:2 RMSE(val)=805.718518
[GA][Iter4] Gen:15 Ind:3 RMSE(val)=805.718518
[GA][Iter4] Gen:15 Ind:4 RMSE(val)=805.718518
[GA][Iter4] Gen:15 Ind:5 RMSE(val)=805.718518
[GA][Iter4] Gen:15 Ind:6 RMSE(val)=805.718518
[GA][Iter4] Gen:15 Ind:7 RMSE(val)=805.718518
[GA][Iter4] Gen:15 Ind:8 RMSE(val)=805.718518
[GA][Iter4] Gen:15 Ind:9 RMSE(val)=805.718518
[GA][Iter4] Gen:15 Ind:10 RMSE(val)=805.718518
[GA][Iter4] Gen:15 Ind:11 RMSE(val)=920.352253
[GA][Iter4] Gen:15 Ind:12 RMSE(val)=805.718518
[GA][Iter4] Gen:15 Ind:13 RMSE(val)=805.718518
[GA][Iter4] Gen:15 Ind:14 RMSE(val)=805.718518
[GA][Iter4] Gen:15 Ind:15 RMSE(val)=805.718518
[GA][Iter4] Gen:15 Ind:16 RMSE(val)=805.718518
[GA][Iter4] Gen:15 Ind:17 RMSE(val)=805.718518
[GA][Iter4] Gen:15 Ind:18 RMSE(val)=805.718518
[GA][Iter4] Gen:15 Ind:19 RMSE(val)=805.718518
[GA][Iter4] Gen:15 Ind:20 RMSE(val)=787.465178

[GA DONE][Iter4] Best params on val fold of Iter4
Best val RMSE: 787.465178
Best params: {'max_depth': 40, 'min_samples_split': 25, 'min_samples_leaf': 22, 'max_features': None, 'splitter': 'best', 'criterion': 'squared_error'}
--------------------------------------------------------------------------------
[RETUNE GA] Iter4: train folds 1..8 -> test fold 9  RMSE=882.541063  NRMSE=0.762296  CVRMSE=0.342964  R2=0.417835
[GA][Iter5] Gen:1 Ind:1 RMSE(val)=1241.432856
[GA][Iter5] Gen:1 Ind:2 RMSE(val)=905.748445
[GA][Iter5] Gen:1 Ind:3 RMSE(val)=1139.977821
[GA][Iter5] Gen:1 Ind:4 RMSE(val)=1038.728430
[GA][Iter5] Gen:1 Ind:5 RMSE(val)=969.383969
[GA][Iter5] Gen:1 Ind:6 RMSE(val)=885.414337
[GA][Iter5] Gen:1 Ind:7 RMSE(val)=845.502694
[GA][Iter5] Gen:1 Ind:8 RMSE(val)=1114.585077
[GA][Iter5] Gen:1 Ind:9 RMSE(val)=1148.809289
[GA][Iter5] Gen:1 Ind:10 RMSE(val)=1250.375107
[GA][Iter5] Gen:1 Ind:11 RMSE(val)=889.745198
[GA][Iter5] Gen:1 Ind:12 RMSE(val)=931.843546
[GA][Iter5] Gen:1 Ind:13 RMSE(val)=1173.479477
[GA][Iter5] Gen:1 Ind:14 RMSE(val)=1133.393513
[GA][Iter5] Gen:1 Ind:15 RMSE(val)=1158.811184
[GA][Iter5] Gen:1 Ind:16 RMSE(val)=1017.230231
[GA][Iter5] Gen:1 Ind:17 RMSE(val)=1044.658948
[GA][Iter5] Gen:1 Ind:18 RMSE(val)=1135.932886
[GA][Iter5] Gen:1 Ind:19 RMSE(val)=1179.709550
[GA][Iter5] Gen:1 Ind:20 RMSE(val)=1164.210161
[GA][Iter5] gen=1 best_val_rmse=845.502694
[GA][Iter5] Gen:2 Ind:1 RMSE(val)=845.502694
[GA][Iter5] Gen:2 Ind:2 RMSE(val)=885.414337
[GA][Iter5] Gen:2 Ind:3 RMSE(val)=889.745198
[GA][Iter5] Gen:2 Ind:4 RMSE(val)=905.748445
[GA][Iter5] Gen:2 Ind:5 RMSE(val)=931.843546
[GA][Iter5] Gen:2 Ind:6 RMSE(val)=969.383969
[GA][Iter5] Gen:2 Ind:7 RMSE(val)=1017.230231
[GA][Iter5] Gen:2 Ind:8 RMSE(val)=1038.728430
[GA][Iter5] Gen:2 Ind:9 RMSE(val)=1044.658948
[GA][Iter5] Gen:2 Ind:10 RMSE(val)=1114.585077
[GA][Iter5] Gen:2 Ind:11 RMSE(val)=873.754723
[GA][Iter5] Gen:2 Ind:12 RMSE(val)=885.414337
[GA][Iter5] Gen:2 Ind:13 RMSE(val)=1044.658948
[GA][Iter5] Gen:2 Ind:14 RMSE(val)=879.264420
[GA][Iter5] Gen:2 Ind:15 RMSE(val)=885.414337
[GA][Iter5] Gen:2 Ind:16 RMSE(val)=1056.597994
[GA][Iter5] Gen:2 Ind:17 RMSE(val)=1093.577289
[GA][Iter5] Gen:2 Ind:18 RMSE(val)=902.557938
[GA][Iter5] Gen:2 Ind:19 RMSE(val)=971.436065
[GA][Iter5] Gen:2 Ind:20 RMSE(val)=845.502694
[GA][Iter5] gen=2 best_val_rmse=845.502694
[GA][Iter5] Gen:3 Ind:1 RMSE(val)=845.502694
[GA][Iter5] Gen:3 Ind:2 RMSE(val)=845.502694
[GA][Iter5] Gen:3 Ind:3 RMSE(val)=873.754723
[GA][Iter5] Gen:3 Ind:4 RMSE(val)=879.264420
[GA][Iter5] Gen:3 Ind:5 RMSE(val)=885.414337
[GA][Iter5] Gen:3 Ind:6 RMSE(val)=885.414337
[GA][Iter5] Gen:3 Ind:7 RMSE(val)=885.414337
[GA][Iter5] Gen:3 Ind:8 RMSE(val)=889.745198
[GA][Iter5] Gen:3 Ind:9 RMSE(val)=902.557938
[GA][Iter5] Gen:3 Ind:10 RMSE(val)=905.748445
[GA][Iter5] Gen:3 Ind:11 RMSE(val)=905.748445
[GA][Iter5] Gen:3 Ind:12 RMSE(val)=846.846159
[GA][Iter5] Gen:3 Ind:13 RMSE(val)=887.230371
[GA][Iter5] Gen:3 Ind:14 RMSE(val)=845.502694
[GA][Iter5] Gen:3 Ind:15 RMSE(val)=885.414337
[GA][Iter5] Gen:3 Ind:16 RMSE(val)=1031.992859
[GA][Iter5] Gen:3 Ind:17 RMSE(val)=873.754723
[GA][Iter5] Gen:3 Ind:18 RMSE(val)=905.748445
[GA][Iter5] Gen:3 Ind:19 RMSE(val)=887.230371
[GA][Iter5] Gen:3 Ind:20 RMSE(val)=1011.325985
[GA][Iter5] gen=3 best_val_rmse=845.502694
[GA][Iter5] Gen:4 Ind:1 RMSE(val)=845.502694
[GA][Iter5] Gen:4 Ind:2 RMSE(val)=845.502694
[GA][Iter5] Gen:4 Ind:3 RMSE(val)=845.502694
[GA][Iter5] Gen:4 Ind:4 RMSE(val)=846.846159
[GA][Iter5] Gen:4 Ind:5 RMSE(val)=873.754723
[GA][Iter5] Gen:4 Ind:6 RMSE(val)=873.754723
[GA][Iter5] Gen:4 Ind:7 RMSE(val)=879.264420
[GA][Iter5] Gen:4 Ind:8 RMSE(val)=885.414337
[GA][Iter5] Gen:4 Ind:9 RMSE(val)=885.414337
[GA][Iter5] Gen:4 Ind:10 RMSE(val)=885.414337
[GA][Iter5] Gen:4 Ind:11 RMSE(val)=885.414337
[GA][Iter5] Gen:4 Ind:12 RMSE(val)=873.754723
[GA][Iter5] Gen:4 Ind:13 RMSE(val)=1048.917166
[GA][Iter5] Gen:4 Ind:14 RMSE(val)=885.414337
[GA][Iter5] Gen:4 Ind:15 RMSE(val)=887.230371
[GA][Iter5] Gen:4 Ind:16 RMSE(val)=885.414337
[GA][Iter5] Gen:4 Ind:17 RMSE(val)=896.468431
[GA][Iter5] Gen:4 Ind:18 RMSE(val)=851.145324
[GA][Iter5] Gen:4 Ind:19 RMSE(val)=873.754723
[GA][Iter5] Gen:4 Ind:20 RMSE(val)=885.414337
[GA][Iter5] gen=4 best_val_rmse=845.502694
[GA][Iter5] Gen:5 Ind:1 RMSE(val)=845.502694
[GA][Iter5] Gen:5 Ind:2 RMSE(val)=845.502694
[GA][Iter5] Gen:5 Ind:3 RMSE(val)=845.502694
[GA][Iter5] Gen:5 Ind:4 RMSE(val)=846.846159
[GA][Iter5] Gen:5 Ind:5 RMSE(val)=851.145324
[GA][Iter5] Gen:5 Ind:6 RMSE(val)=873.754723
[GA][Iter5] Gen:5 Ind:7 RMSE(val)=873.754723
[GA][Iter5] Gen:5 Ind:8 RMSE(val)=873.754723
[GA][Iter5] Gen:5 Ind:9 RMSE(val)=873.754723
[GA][Iter5] Gen:5 Ind:10 RMSE(val)=879.264420
[GA][Iter5] Gen:5 Ind:11 RMSE(val)=851.145324
[GA][Iter5] Gen:5 Ind:12 RMSE(val)=886.187362
[GA][Iter5] Gen:5 Ind:13 RMSE(val)=873.754723
[GA][Iter5] Gen:5 Ind:14 RMSE(val)=846.846159
[GA][Iter5] Gen:5 Ind:15 RMSE(val)=1005.282614
[GA][Iter5] Gen:5 Ind:16 RMSE(val)=873.754723
[GA][Iter5] Gen:5 Ind:17 RMSE(val)=1048.917166
[GA][Iter5] Gen:5 Ind:18 RMSE(val)=851.145324
[GA][Iter5] Gen:5 Ind:19 RMSE(val)=845.502694
[GA][Iter5] Gen:5 Ind:20 RMSE(val)=873.754723
[GA][Iter5] gen=5 best_val_rmse=845.502694
[GA][Iter5] Gen:6 Ind:1 RMSE(val)=845.502694
[GA][Iter5] Gen:6 Ind:2 RMSE(val)=845.502694
[GA][Iter5] Gen:6 Ind:3 RMSE(val)=845.502694
[GA][Iter5] Gen:6 Ind:4 RMSE(val)=845.502694
[GA][Iter5] Gen:6 Ind:5 RMSE(val)=846.846159
[GA][Iter5] Gen:6 Ind:6 RMSE(val)=846.846159
[GA][Iter5] Gen:6 Ind:7 RMSE(val)=851.145324
[GA][Iter5] Gen:6 Ind:8 RMSE(val)=851.145324
[GA][Iter5] Gen:6 Ind:9 RMSE(val)=851.145324
[GA][Iter5] Gen:6 Ind:10 RMSE(val)=873.754723
[GA][Iter5] Gen:6 Ind:11 RMSE(val)=851.145324
[GA][Iter5] Gen:6 Ind:12 RMSE(val)=851.145324
[GA][Iter5] Gen:6 Ind:13 RMSE(val)=873.754723
[GA][Iter5] Gen:6 Ind:14 RMSE(val)=851.145324
[GA][Iter5] Gen:6 Ind:15 RMSE(val)=846.846159
[GA][Iter5] Gen:6 Ind:16 RMSE(val)=845.502694
[GA][Iter5] Gen:6 Ind:17 RMSE(val)=844.936666
[GA][Iter5] Gen:6 Ind:18 RMSE(val)=845.502694
[GA][Iter5] Gen:6 Ind:19 RMSE(val)=845.502694
[GA][Iter5] Gen:6 Ind:20 RMSE(val)=845.502694
[GA][Iter5] gen=6 best_val_rmse=844.936666
[GA][Iter5] Gen:7 Ind:1 RMSE(val)=844.936666
[GA][Iter5] Gen:7 Ind:2 RMSE(val)=845.502694
[GA][Iter5] Gen:7 Ind:3 RMSE(val)=845.502694
[GA][Iter5] Gen:7 Ind:4 RMSE(val)=845.502694
[GA][Iter5] Gen:7 Ind:5 RMSE(val)=845.502694
[GA][Iter5] Gen:7 Ind:6 RMSE(val)=845.502694
[GA][Iter5] Gen:7 Ind:7 RMSE(val)=845.502694
[GA][Iter5] Gen:7 Ind:8 RMSE(val)=845.502694
[GA][Iter5] Gen:7 Ind:9 RMSE(val)=845.502694
[GA][Iter5] Gen:7 Ind:10 RMSE(val)=846.846159
[GA][Iter5] Gen:7 Ind:11 RMSE(val)=845.502694
[GA][Iter5] Gen:7 Ind:12 RMSE(val)=845.502694
[GA][Iter5] Gen:7 Ind:13 RMSE(val)=845.502694
[GA][Iter5] Gen:7 Ind:14 RMSE(val)=845.502694
[GA][Iter5] Gen:7 Ind:15 RMSE(val)=845.502694
[GA][Iter5] Gen:7 Ind:16 RMSE(val)=845.502694
[GA][Iter5] Gen:7 Ind:17 RMSE(val)=845.502694
[GA][Iter5] Gen:7 Ind:18 RMSE(val)=845.502694
[GA][Iter5] Gen:7 Ind:19 RMSE(val)=845.502694
[GA][Iter5] Gen:7 Ind:20 RMSE(val)=846.846159
[GA][Iter5] gen=7 best_val_rmse=844.936666
[GA][Iter5] Gen:8 Ind:1 RMSE(val)=844.936666
[GA][Iter5] Gen:8 Ind:2 RMSE(val)=845.502694
[GA][Iter5] Gen:8 Ind:3 RMSE(val)=845.502694
[GA][Iter5] Gen:8 Ind:4 RMSE(val)=845.502694
[GA][Iter5] Gen:8 Ind:5 RMSE(val)=845.502694
[GA][Iter5] Gen:8 Ind:6 RMSE(val)=845.502694
[GA][Iter5] Gen:8 Ind:7 RMSE(val)=845.502694
[GA][Iter5] Gen:8 Ind:8 RMSE(val)=845.502694
[GA][Iter5] Gen:8 Ind:9 RMSE(val)=845.502694
[GA][Iter5] Gen:8 Ind:10 RMSE(val)=845.502694
[GA][Iter5] Gen:8 Ind:11 RMSE(val)=845.502694
[GA][Iter5] Gen:8 Ind:12 RMSE(val)=845.502694
[GA][Iter5] Gen:8 Ind:13 RMSE(val)=845.502694
[GA][Iter5] Gen:8 Ind:14 RMSE(val)=845.502694
[GA][Iter5] Gen:8 Ind:15 RMSE(val)=845.502694
[GA][Iter5] Gen:8 Ind:16 RMSE(val)=845.466586
[GA][Iter5] Gen:8 Ind:17 RMSE(val)=846.846159
[GA][Iter5] Gen:8 Ind:18 RMSE(val)=845.502694
[GA][Iter5] Gen:8 Ind:19 RMSE(val)=845.502694
[GA][Iter5] Gen:8 Ind:20 RMSE(val)=845.502694
[GA][Iter5] gen=8 best_val_rmse=844.936666
[GA][Iter5] Gen:9 Ind:1 RMSE(val)=844.936666
[GA][Iter5] Gen:9 Ind:2 RMSE(val)=845.466586
[GA][Iter5] Gen:9 Ind:3 RMSE(val)=845.502694
[GA][Iter5] Gen:9 Ind:4 RMSE(val)=845.502694
[GA][Iter5] Gen:9 Ind:5 RMSE(val)=845.502694
[GA][Iter5] Gen:9 Ind:6 RMSE(val)=845.502694
[GA][Iter5] Gen:9 Ind:7 RMSE(val)=845.502694
[GA][Iter5] Gen:9 Ind:8 RMSE(val)=845.502694
[GA][Iter5] Gen:9 Ind:9 RMSE(val)=845.502694
[GA][Iter5] Gen:9 Ind:10 RMSE(val)=845.502694
[GA][Iter5] Gen:9 Ind:11 RMSE(val)=844.936666
[GA][Iter5] Gen:9 Ind:12 RMSE(val)=845.502694
[GA][Iter5] Gen:9 Ind:13 RMSE(val)=1048.917166
[GA][Iter5] Gen:9 Ind:14 RMSE(val)=854.805134
[GA][Iter5] Gen:9 Ind:15 RMSE(val)=845.502694
[GA][Iter5] Gen:9 Ind:16 RMSE(val)=920.043984
[GA][Iter5] Gen:9 Ind:17 RMSE(val)=920.043984
[GA][Iter5] Gen:9 Ind:18 RMSE(val)=1011.325985
[GA][Iter5] Gen:9 Ind:19 RMSE(val)=845.502694
[GA][Iter5] Gen:9 Ind:20 RMSE(val)=845.502694
[GA][Iter5] gen=9 best_val_rmse=844.936666
[GA][Iter5] Gen:10 Ind:1 RMSE(val)=844.936666
[GA][Iter5] Gen:10 Ind:2 RMSE(val)=844.936666
[GA][Iter5] Gen:10 Ind:3 RMSE(val)=845.466586
[GA][Iter5] Gen:10 Ind:4 RMSE(val)=845.502694
[GA][Iter5] Gen:10 Ind:5 RMSE(val)=845.502694
[GA][Iter5] Gen:10 Ind:6 RMSE(val)=845.502694
[GA][Iter5] Gen:10 Ind:7 RMSE(val)=845.502694
[GA][Iter5] Gen:10 Ind:8 RMSE(val)=845.502694
[GA][Iter5] Gen:10 Ind:9 RMSE(val)=845.502694
[GA][Iter5] Gen:10 Ind:10 RMSE(val)=845.502694
[GA][Iter5] Gen:10 Ind:11 RMSE(val)=845.466586
[GA][Iter5] Gen:10 Ind:12 RMSE(val)=845.502694
[GA][Iter5] Gen:10 Ind:13 RMSE(val)=845.502694
[GA][Iter5] Gen:10 Ind:14 RMSE(val)=844.936666
[GA][Iter5] Gen:10 Ind:15 RMSE(val)=844.936666
[GA][Iter5] Gen:10 Ind:16 RMSE(val)=845.502694
[GA][Iter5] Gen:10 Ind:17 RMSE(val)=845.466586
[GA][Iter5] Gen:10 Ind:18 RMSE(val)=920.043984
[GA][Iter5] Gen:10 Ind:19 RMSE(val)=844.936666
[GA][Iter5] Gen:10 Ind:20 RMSE(val)=845.502694
[GA][Iter5] gen=10 best_val_rmse=844.936666
[GA][Iter5] Gen:11 Ind:1 RMSE(val)=844.936666
[GA][Iter5] Gen:11 Ind:2 RMSE(val)=844.936666
[GA][Iter5] Gen:11 Ind:3 RMSE(val)=844.936666
[GA][Iter5] Gen:11 Ind:4 RMSE(val)=844.936666
[GA][Iter5] Gen:11 Ind:5 RMSE(val)=844.936666
[GA][Iter5] Gen:11 Ind:6 RMSE(val)=845.466586
[GA][Iter5] Gen:11 Ind:7 RMSE(val)=845.466586
[GA][Iter5] Gen:11 Ind:8 RMSE(val)=845.466586
[GA][Iter5] Gen:11 Ind:9 RMSE(val)=845.502694
[GA][Iter5] Gen:11 Ind:10 RMSE(val)=845.502694
[GA][Iter5] Gen:11 Ind:11 RMSE(val)=845.502694
[GA][Iter5] Gen:11 Ind:12 RMSE(val)=844.936666
[GA][Iter5] Gen:11 Ind:13 RMSE(val)=844.936666
[GA][Iter5] Gen:11 Ind:14 RMSE(val)=845.466586
[GA][Iter5] Gen:11 Ind:15 RMSE(val)=845.502694
[GA][Iter5] Gen:11 Ind:16 RMSE(val)=845.466586
[GA][Iter5] Gen:11 Ind:17 RMSE(val)=844.936666
[GA][Iter5] Gen:11 Ind:18 RMSE(val)=845.502694
[GA][Iter5] Gen:11 Ind:19 RMSE(val)=844.936666
[GA][Iter5] Gen:11 Ind:20 RMSE(val)=844.936666
[GA][Iter5] gen=11 best_val_rmse=844.936666
[GA][Iter5] Gen:12 Ind:1 RMSE(val)=844.936666
[GA][Iter5] Gen:12 Ind:2 RMSE(val)=844.936666
[GA][Iter5] Gen:12 Ind:3 RMSE(val)=844.936666
[GA][Iter5] Gen:12 Ind:4 RMSE(val)=844.936666
[GA][Iter5] Gen:12 Ind:5 RMSE(val)=844.936666
[GA][Iter5] Gen:12 Ind:6 RMSE(val)=844.936666
[GA][Iter5] Gen:12 Ind:7 RMSE(val)=844.936666
[GA][Iter5] Gen:12 Ind:8 RMSE(val)=844.936666
[GA][Iter5] Gen:12 Ind:9 RMSE(val)=844.936666
[GA][Iter5] Gen:12 Ind:10 RMSE(val)=844.936666
[GA][Iter5] Gen:12 Ind:11 RMSE(val)=844.936666
[GA][Iter5] Gen:12 Ind:12 RMSE(val)=845.050678
[GA][Iter5] Gen:12 Ind:13 RMSE(val)=844.936666
[GA][Iter5] Gen:12 Ind:14 RMSE(val)=1041.607153
[GA][Iter5] Gen:12 Ind:15 RMSE(val)=898.920281
[GA][Iter5] Gen:12 Ind:16 RMSE(val)=844.936666
[GA][Iter5] Gen:12 Ind:17 RMSE(val)=844.936666
[GA][Iter5] Gen:12 Ind:18 RMSE(val)=844.936666
[GA][Iter5] Gen:12 Ind:19 RMSE(val)=851.479736
[GA][Iter5] Gen:12 Ind:20 RMSE(val)=844.936666
[GA][Iter5] gen=12 best_val_rmse=844.936666
[GA][Iter5] Gen:13 Ind:1 RMSE(val)=844.936666
[GA][Iter5] Gen:13 Ind:2 RMSE(val)=844.936666
[GA][Iter5] Gen:13 Ind:3 RMSE(val)=844.936666
[GA][Iter5] Gen:13 Ind:4 RMSE(val)=844.936666
[GA][Iter5] Gen:13 Ind:5 RMSE(val)=844.936666
[GA][Iter5] Gen:13 Ind:6 RMSE(val)=844.936666
[GA][Iter5] Gen:13 Ind:7 RMSE(val)=844.936666
[GA][Iter5] Gen:13 Ind:8 RMSE(val)=844.936666
[GA][Iter5] Gen:13 Ind:9 RMSE(val)=844.936666
[GA][Iter5] Gen:13 Ind:10 RMSE(val)=844.936666
[GA][Iter5] Gen:13 Ind:11 RMSE(val)=844.936666
[GA][Iter5] Gen:13 Ind:12 RMSE(val)=844.936666
[GA][Iter5] Gen:13 Ind:13 RMSE(val)=844.936666
[GA][Iter5] Gen:13 Ind:14 RMSE(val)=844.936666
[GA][Iter5] Gen:13 Ind:15 RMSE(val)=844.936666
[GA][Iter5] Gen:13 Ind:16 RMSE(val)=844.936666
[GA][Iter5] Gen:13 Ind:17 RMSE(val)=844.936666
[GA][Iter5] Gen:13 Ind:18 RMSE(val)=1041.607153
[GA][Iter5] Gen:13 Ind:19 RMSE(val)=844.936666
[GA][Iter5] Gen:13 Ind:20 RMSE(val)=844.936666
[GA][Iter5] gen=13 best_val_rmse=844.936666
[GA][Iter5] Gen:14 Ind:1 RMSE(val)=844.936666
[GA][Iter5] Gen:14 Ind:2 RMSE(val)=844.936666
[GA][Iter5] Gen:14 Ind:3 RMSE(val)=844.936666
[GA][Iter5] Gen:14 Ind:4 RMSE(val)=844.936666
[GA][Iter5] Gen:14 Ind:5 RMSE(val)=844.936666
[GA][Iter5] Gen:14 Ind:6 RMSE(val)=844.936666
[GA][Iter5] Gen:14 Ind:7 RMSE(val)=844.936666
[GA][Iter5] Gen:14 Ind:8 RMSE(val)=844.936666
[GA][Iter5] Gen:14 Ind:9 RMSE(val)=844.936666
[GA][Iter5] Gen:14 Ind:10 RMSE(val)=844.936666
[GA][Iter5] Gen:14 Ind:11 RMSE(val)=844.936666
[GA][Iter5] Gen:14 Ind:12 RMSE(val)=844.936666
[GA][Iter5] Gen:14 Ind:13 RMSE(val)=844.936666
[GA][Iter5] Gen:14 Ind:14 RMSE(val)=845.283480
[GA][Iter5] Gen:14 Ind:15 RMSE(val)=844.936666
[GA][Iter5] Gen:14 Ind:16 RMSE(val)=844.936666
[GA][Iter5] Gen:14 Ind:17 RMSE(val)=851.479736
[GA][Iter5] Gen:14 Ind:18 RMSE(val)=844.936666
[GA][Iter5] Gen:14 Ind:19 RMSE(val)=844.936666
[GA][Iter5] Gen:14 Ind:20 RMSE(val)=844.936666
[GA][Iter5] gen=14 best_val_rmse=844.936666
[GA][Iter5] Gen:15 Ind:1 RMSE(val)=844.936666
[GA][Iter5] Gen:15 Ind:2 RMSE(val)=844.936666
[GA][Iter5] Gen:15 Ind:3 RMSE(val)=844.936666
[GA][Iter5] Gen:15 Ind:4 RMSE(val)=844.936666
[GA][Iter5] Gen:15 Ind:5 RMSE(val)=844.936666
[GA][Iter5] Gen:15 Ind:6 RMSE(val)=844.936666
[GA][Iter5] Gen:15 Ind:7 RMSE(val)=844.936666
[GA][Iter5] Gen:15 Ind:8 RMSE(val)=844.936666
[GA][Iter5] Gen:15 Ind:9 RMSE(val)=844.936666
[GA][Iter5] Gen:15 Ind:10 RMSE(val)=844.936666
[GA][Iter5] Gen:15 Ind:11 RMSE(val)=844.936666
[GA][Iter5] Gen:15 Ind:12 RMSE(val)=844.936666
[GA][Iter5] Gen:15 Ind:13 RMSE(val)=844.936666
[GA][Iter5] Gen:15 Ind:14 RMSE(val)=844.936666
[GA][Iter5] Gen:15 Ind:15 RMSE(val)=844.936666
[GA][Iter5] Gen:15 Ind:16 RMSE(val)=844.936666
[GA][Iter5] Gen:15 Ind:17 RMSE(val)=844.936666
[GA][Iter5] Gen:15 Ind:18 RMSE(val)=844.936666
[GA][Iter5] Gen:15 Ind:19 RMSE(val)=844.936666
[GA][Iter5] Gen:15 Ind:20 RMSE(val)=844.936666
[GA][Iter5] gen=15 best_val_rmse=844.936666
[GA][Iter5] Gen:15 Ind:1 RMSE(val)=844.936666
[GA][Iter5] Gen:15 Ind:2 RMSE(val)=844.936666
[GA][Iter5] Gen:15 Ind:3 RMSE(val)=844.936666
[GA][Iter5] Gen:15 Ind:4 RMSE(val)=844.936666
[GA][Iter5] Gen:15 Ind:5 RMSE(val)=844.936666
[GA][Iter5] Gen:15 Ind:6 RMSE(val)=844.936666
[GA][Iter5] Gen:15 Ind:7 RMSE(val)=844.936666
[GA][Iter5] Gen:15 Ind:8 RMSE(val)=844.936666
[GA][Iter5] Gen:15 Ind:9 RMSE(val)=844.936666
[GA][Iter5] Gen:15 Ind:10 RMSE(val)=844.936666
[GA][Iter5] Gen:15 Ind:11 RMSE(val)=1028.545615
[GA][Iter5] Gen:15 Ind:12 RMSE(val)=844.936666
[GA][Iter5] Gen:15 Ind:13 RMSE(val)=844.936666
[GA][Iter5] Gen:15 Ind:14 RMSE(val)=844.936666
[GA][Iter5] Gen:15 Ind:15 RMSE(val)=844.936666
[GA][Iter5] Gen:15 Ind:16 RMSE(val)=844.936666
[GA][Iter5] Gen:15 Ind:17 RMSE(val)=844.936666
[GA][Iter5] Gen:15 Ind:18 RMSE(val)=844.936666
[GA][Iter5] Gen:15 Ind:19 RMSE(val)=844.936666
[GA][Iter5] Gen:15 Ind:20 RMSE(val)=860.839563

[GA DONE][Iter5] Best params on val fold of Iter5
Best val RMSE: 844.936666
Best params: {'max_depth': 38, 'min_samples_split': 19, 'min_samples_leaf': 9, 'max_features': None, 'splitter': 'best', 'criterion': 'squared_error'}
--------------------------------------------------------------------------------
[RETUNE GA] Iter5: train folds 1..9 -> test fold 10  RMSE=1022.405274  NRMSE=0.737783  CVRMSE=0.338208  R2=0.454674
