=== BASELINE (project=orange, last-7 mean, expanding folds) ===
Iter1: train folds 1..5 -> test fold 6  RMSE=133.9628  NRMSE=1.0457  CVRMSE=0.1625  R˛=-0.0987
Iter2: train folds 1..6 -> test fold 7  RMSE=155.1727  NRMSE=1.0782  CVRMSE=0.1767  R˛=-0.1682
Iter3: train folds 1..7 -> test fold 8  RMSE=207.6010  NRMSE=1.0608  CVRMSE=0.2265  R˛=-0.1307
Iter4: train folds 1..8 -> test fold 9  RMSE=189.1541  NRMSE=1.0683  CVRMSE=0.2003  R˛=-0.1467
Iter5: train folds 1..9 -> test fold 10  RMSE=151.6303  NRMSE=1.0553  CVRMSE=0.1522  R˛=-0.1190
--------------------------------------------------
[FEATURES] initial=121 kept_after_screening=63
['branch', 'workflow_event_trigger', 'issuer_name', 'gh_files_added', 'gh_files_deleted', 'gh_lines_added', 'gh_test_churn', 'gh_doc_files', 'gh_other_files', 'gh_num_pr_comments', 'gh_test_lines_per_kloc', 'workflow_size', 'hour', 'dow', 'month', 'secs_since_prev', 'duration_lag_1', 'window_avg_7', 'window_std_7', 'ft___css_', 'ft___html_', 'ft___js_', 'ft___kt_', 'ft___kt__', 'ft___kts_', 'ft___kts__', 'ft___kt____dup1', 'ft___md___', 'ft___mustache_', 'ft___png__', 'ft___png____dup1', 'ft___png___', 'ft___properties_', 'ft___properties__', 'ft___toml_', 'ft___toml__', 'ft___txt_', 'ft___txt__', 'ft___webp_', 'ft___xml_', 'ft___xml__', 'ft___yml__', 'ft___yml____dup1', 'ft____json_', 'ft____json__', 'ft____kt_', 'ft____kt__', 'ft____kts_', 'ft____kts__', 'ft____kt____dup1', 'ft____md_', 'ft____md__', 'ft____png__', 'ft____properties__', 'ft____toml_', 'ft____toml__', 'ft____ttf_', 'ft____txt_', 'ft____txt__', 'ft____xml_', 'ft____xml__', 'ft____yml__', 'ft___']
--------------------------------------------------------------------------------
[GA][Iter1] Gen:1 Ind:1 RMSE(val)=6176.500929
[GA][Iter1] Gen:1 Ind:2 RMSE(val)=6176.525106
[GA][Iter1] Gen:1 Ind:3 RMSE(val)=6170.874152
[GA][Iter1] Gen:1 Ind:4 RMSE(val)=6179.893426
[GA][Iter1] Gen:1 Ind:5 RMSE(val)=6184.816742
[GA][Iter1] Gen:1 Ind:6 RMSE(val)=6177.148365
[GA][Iter1] Gen:1 Ind:7 RMSE(val)=6175.176098
[GA][Iter1] Gen:1 Ind:8 RMSE(val)=6177.470934
[GA][Iter1] Gen:1 Ind:9 RMSE(val)=6178.171628
[GA][Iter1] Gen:1 Ind:10 RMSE(val)=6178.617050
[GA][Iter1] Gen:1 Ind:11 RMSE(val)=6175.233138
[GA][Iter1] Gen:1 Ind:12 RMSE(val)=6185.378431
[GA][Iter1] Gen:1 Ind:13 RMSE(val)=6177.841388
[GA][Iter1] Gen:1 Ind:14 RMSE(val)=6175.947150
[GA][Iter1] Gen:1 Ind:15 RMSE(val)=6178.966726
[GA][Iter1] Gen:1 Ind:16 RMSE(val)=6177.696750
[GA][Iter1] Gen:1 Ind:17 RMSE(val)=6178.277619
[GA][Iter1] Gen:1 Ind:18 RMSE(val)=6176.210861
[GA][Iter1] Gen:1 Ind:19 RMSE(val)=6180.399486
[GA][Iter1] Gen:1 Ind:20 RMSE(val)=6180.734461
[GA][Iter1] gen=1 best_val_rmse=6170.874152
[GA][Iter1] Gen:2 Ind:1 RMSE(val)=6170.874152
[GA][Iter1] Gen:2 Ind:2 RMSE(val)=6175.176098
[GA][Iter1] Gen:2 Ind:3 RMSE(val)=6175.233138
[GA][Iter1] Gen:2 Ind:4 RMSE(val)=6175.947150
[GA][Iter1] Gen:2 Ind:5 RMSE(val)=6176.210861
[GA][Iter1] Gen:2 Ind:6 RMSE(val)=6176.500929
[GA][Iter1] Gen:2 Ind:7 RMSE(val)=6176.525106
[GA][Iter1] Gen:2 Ind:8 RMSE(val)=6177.148365
[GA][Iter1] Gen:2 Ind:9 RMSE(val)=6177.470934
[GA][Iter1] Gen:2 Ind:10 RMSE(val)=6177.696750
[GA][Iter1] Gen:2 Ind:11 RMSE(val)=6174.277655
[GA][Iter1] Gen:2 Ind:12 RMSE(val)=6175.176098
[GA][Iter1] Gen:2 Ind:13 RMSE(val)=6175.345600
[GA][Iter1] Gen:2 Ind:14 RMSE(val)=6171.174431
[GA][Iter1] Gen:2 Ind:15 RMSE(val)=6177.504789
[GA][Iter1] Gen:2 Ind:16 RMSE(val)=6175.345600
[GA][Iter1] Gen:2 Ind:17 RMSE(val)=6178.171628
[GA][Iter1] Gen:2 Ind:18 RMSE(val)=6177.686005
[GA][Iter1] Gen:2 Ind:19 RMSE(val)=6177.148365
[GA][Iter1] Gen:2 Ind:20 RMSE(val)=6174.544953
[GA][Iter1] gen=2 best_val_rmse=6170.874152
[GA][Iter1] Gen:3 Ind:1 RMSE(val)=6170.874152
[GA][Iter1] Gen:3 Ind:2 RMSE(val)=6171.174431
[GA][Iter1] Gen:3 Ind:3 RMSE(val)=6174.277655
[GA][Iter1] Gen:3 Ind:4 RMSE(val)=6174.544953
[GA][Iter1] Gen:3 Ind:5 RMSE(val)=6175.176098
[GA][Iter1] Gen:3 Ind:6 RMSE(val)=6175.176098
[GA][Iter1] Gen:3 Ind:7 RMSE(val)=6175.233138
[GA][Iter1] Gen:3 Ind:8 RMSE(val)=6175.345600
[GA][Iter1] Gen:3 Ind:9 RMSE(val)=6175.345600
[GA][Iter1] Gen:3 Ind:10 RMSE(val)=6175.947150
[GA][Iter1] Gen:3 Ind:11 RMSE(val)=6174.784007
[GA][Iter1] Gen:3 Ind:12 RMSE(val)=6171.182053
[GA][Iter1] Gen:3 Ind:13 RMSE(val)=6180.939197
[GA][Iter1] Gen:3 Ind:14 RMSE(val)=6170.758093
[GA][Iter1] Gen:3 Ind:15 RMSE(val)=6175.233138
[GA][Iter1] Gen:3 Ind:16 RMSE(val)=6177.595578
[GA][Iter1] Gen:3 Ind:17 RMSE(val)=6174.277655
[GA][Iter1] Gen:3 Ind:18 RMSE(val)=6177.447909
[GA][Iter1] Gen:3 Ind:19 RMSE(val)=6170.540603
[GA][Iter1] Gen:3 Ind:20 RMSE(val)=6176.416883
[GA][Iter1] gen=3 best_val_rmse=6170.540603
[GA][Iter1] Gen:4 Ind:1 RMSE(val)=6170.540603
[GA][Iter1] Gen:4 Ind:2 RMSE(val)=6170.758093
[GA][Iter1] Gen:4 Ind:3 RMSE(val)=6170.874152
[GA][Iter1] Gen:4 Ind:4 RMSE(val)=6171.174431
[GA][Iter1] Gen:4 Ind:5 RMSE(val)=6171.182053
[GA][Iter1] Gen:4 Ind:6 RMSE(val)=6174.277655
[GA][Iter1] Gen:4 Ind:7 RMSE(val)=6174.277655
[GA][Iter1] Gen:4 Ind:8 RMSE(val)=6174.544953
[GA][Iter1] Gen:4 Ind:9 RMSE(val)=6174.784007
[GA][Iter1] Gen:4 Ind:10 RMSE(val)=6175.176098
[GA][Iter1] Gen:4 Ind:11 RMSE(val)=6181.730276
[GA][Iter1] Gen:4 Ind:12 RMSE(val)=6170.956955
[GA][Iter1] Gen:4 Ind:13 RMSE(val)=6178.758787
[GA][Iter1] Gen:4 Ind:14 RMSE(val)=6180.036354
[GA][Iter1] Gen:4 Ind:15 RMSE(val)=6174.147598
[GA][Iter1] Gen:4 Ind:16 RMSE(val)=6174.435395
[GA][Iter1] Gen:4 Ind:17 RMSE(val)=6170.901481
[GA][Iter1] Gen:4 Ind:18 RMSE(val)=6171.182053
[GA][Iter1] Gen:4 Ind:19 RMSE(val)=6171.174431
[GA][Iter1] Gen:4 Ind:20 RMSE(val)=6180.036354
[GA][Iter1] gen=4 best_val_rmse=6170.540603
[GA][Iter1] Gen:5 Ind:1 RMSE(val)=6170.540603
[GA][Iter1] Gen:5 Ind:2 RMSE(val)=6170.758093
[GA][Iter1] Gen:5 Ind:3 RMSE(val)=6170.874152
[GA][Iter1] Gen:5 Ind:4 RMSE(val)=6170.901481
[GA][Iter1] Gen:5 Ind:5 RMSE(val)=6170.956955
[GA][Iter1] Gen:5 Ind:6 RMSE(val)=6171.174431
[GA][Iter1] Gen:5 Ind:7 RMSE(val)=6171.174431
[GA][Iter1] Gen:5 Ind:8 RMSE(val)=6171.182053
[GA][Iter1] Gen:5 Ind:9 RMSE(val)=6171.182053
[GA][Iter1] Gen:5 Ind:10 RMSE(val)=6174.147598
[GA][Iter1] Gen:5 Ind:11 RMSE(val)=6170.540603
[GA][Iter1] Gen:5 Ind:12 RMSE(val)=6174.277655
[GA][Iter1] Gen:5 Ind:13 RMSE(val)=6171.174431
[GA][Iter1] Gen:5 Ind:14 RMSE(val)=6171.182053
[GA][Iter1] Gen:5 Ind:15 RMSE(val)=6174.531742
[GA][Iter1] Gen:5 Ind:16 RMSE(val)=6171.182053
[GA][Iter1] Gen:5 Ind:17 RMSE(val)=6178.758787
[GA][Iter1] Gen:5 Ind:18 RMSE(val)=6171.182053
[GA][Iter1] Gen:5 Ind:19 RMSE(val)=6170.540603
[GA][Iter1] Gen:5 Ind:20 RMSE(val)=6171.174431
[GA][Iter1] gen=5 best_val_rmse=6170.540603
[GA][Iter1] Gen:6 Ind:1 RMSE(val)=6170.540603
[GA][Iter1] Gen:6 Ind:2 RMSE(val)=6170.540603
[GA][Iter1] Gen:6 Ind:3 RMSE(val)=6170.540603
[GA][Iter1] Gen:6 Ind:4 RMSE(val)=6170.758093
[GA][Iter1] Gen:6 Ind:5 RMSE(val)=6170.874152
[GA][Iter1] Gen:6 Ind:6 RMSE(val)=6170.901481
[GA][Iter1] Gen:6 Ind:7 RMSE(val)=6170.956955
[GA][Iter1] Gen:6 Ind:8 RMSE(val)=6171.174431
[GA][Iter1] Gen:6 Ind:9 RMSE(val)=6171.174431
[GA][Iter1] Gen:6 Ind:10 RMSE(val)=6171.174431
[GA][Iter1] Gen:6 Ind:11 RMSE(val)=6170.956955
[GA][Iter1] Gen:6 Ind:12 RMSE(val)=6171.174431
[GA][Iter1] Gen:6 Ind:13 RMSE(val)=6171.174431
[GA][Iter1] Gen:6 Ind:14 RMSE(val)=6170.956955
[GA][Iter1] Gen:6 Ind:15 RMSE(val)=6170.874152
[GA][Iter1] Gen:6 Ind:16 RMSE(val)=6170.758093
[GA][Iter1] Gen:6 Ind:17 RMSE(val)=6171.174431
[GA][Iter1] Gen:6 Ind:18 RMSE(val)=6170.540603
[GA][Iter1] Gen:6 Ind:19 RMSE(val)=6170.540603
[GA][Iter1] Gen:6 Ind:20 RMSE(val)=6170.956955
[GA][Iter1] gen=6 best_val_rmse=6170.540603
[GA][Iter1] Gen:7 Ind:1 RMSE(val)=6170.540603
[GA][Iter1] Gen:7 Ind:2 RMSE(val)=6170.540603
[GA][Iter1] Gen:7 Ind:3 RMSE(val)=6170.540603
[GA][Iter1] Gen:7 Ind:4 RMSE(val)=6170.540603
[GA][Iter1] Gen:7 Ind:5 RMSE(val)=6170.540603
[GA][Iter1] Gen:7 Ind:6 RMSE(val)=6170.758093
[GA][Iter1] Gen:7 Ind:7 RMSE(val)=6170.758093
[GA][Iter1] Gen:7 Ind:8 RMSE(val)=6170.874152
[GA][Iter1] Gen:7 Ind:9 RMSE(val)=6170.874152
[GA][Iter1] Gen:7 Ind:10 RMSE(val)=6170.901481
[GA][Iter1] Gen:7 Ind:11 RMSE(val)=6170.874152
[GA][Iter1] Gen:7 Ind:12 RMSE(val)=6170.540603
[GA][Iter1] Gen:7 Ind:13 RMSE(val)=6170.540603
[GA][Iter1] Gen:7 Ind:14 RMSE(val)=6170.758093
[GA][Iter1] Gen:7 Ind:15 RMSE(val)=6170.540603
[GA][Iter1] Gen:7 Ind:16 RMSE(val)=6170.758093
[GA][Iter1] Gen:7 Ind:17 RMSE(val)=6170.758093
[GA][Iter1] Gen:7 Ind:18 RMSE(val)=6170.874152
[GA][Iter1] Gen:7 Ind:19 RMSE(val)=6171.282236
[GA][Iter1] Gen:7 Ind:20 RMSE(val)=6171.182053
[GA][Iter1] gen=7 best_val_rmse=6170.540603
[GA][Iter1] Gen:8 Ind:1 RMSE(val)=6170.540603
[GA][Iter1] Gen:8 Ind:2 RMSE(val)=6170.540603
[GA][Iter1] Gen:8 Ind:3 RMSE(val)=6170.540603
[GA][Iter1] Gen:8 Ind:4 RMSE(val)=6170.540603
[GA][Iter1] Gen:8 Ind:5 RMSE(val)=6170.540603
[GA][Iter1] Gen:8 Ind:6 RMSE(val)=6170.540603
[GA][Iter1] Gen:8 Ind:7 RMSE(val)=6170.540603
[GA][Iter1] Gen:8 Ind:8 RMSE(val)=6170.540603
[GA][Iter1] Gen:8 Ind:9 RMSE(val)=6170.758093
[GA][Iter1] Gen:8 Ind:10 RMSE(val)=6170.758093
[GA][Iter1] Gen:8 Ind:11 RMSE(val)=6170.758093
[GA][Iter1] Gen:8 Ind:12 RMSE(val)=6170.540603
[GA][Iter1] Gen:8 Ind:13 RMSE(val)=6170.540603
[GA][Iter1] Gen:8 Ind:14 RMSE(val)=6170.540603
[GA][Iter1] Gen:8 Ind:15 RMSE(val)=6170.540603
[GA][Iter1] Gen:8 Ind:16 RMSE(val)=6170.783260
[GA][Iter1] Gen:8 Ind:17 RMSE(val)=6170.489361
[GA][Iter1] Gen:8 Ind:18 RMSE(val)=6170.540603
[GA][Iter1] Gen:8 Ind:19 RMSE(val)=6170.540603
[GA][Iter1] Gen:8 Ind:20 RMSE(val)=6170.540603
[GA][Iter1] gen=8 best_val_rmse=6170.489361
[GA][Iter1] Gen:9 Ind:1 RMSE(val)=6170.489361
[GA][Iter1] Gen:9 Ind:2 RMSE(val)=6170.540603
[GA][Iter1] Gen:9 Ind:3 RMSE(val)=6170.540603
[GA][Iter1] Gen:9 Ind:4 RMSE(val)=6170.540603
[GA][Iter1] Gen:9 Ind:5 RMSE(val)=6170.540603
[GA][Iter1] Gen:9 Ind:6 RMSE(val)=6170.540603
[GA][Iter1] Gen:9 Ind:7 RMSE(val)=6170.540603
[GA][Iter1] Gen:9 Ind:8 RMSE(val)=6170.540603
[GA][Iter1] Gen:9 Ind:9 RMSE(val)=6170.540603
[GA][Iter1] Gen:9 Ind:10 RMSE(val)=6170.540603
[GA][Iter1] Gen:9 Ind:11 RMSE(val)=6170.489361
[GA][Iter1] Gen:9 Ind:12 RMSE(val)=6170.540603
[GA][Iter1] Gen:9 Ind:13 RMSE(val)=6183.152629
[GA][Iter1] Gen:9 Ind:14 RMSE(val)=6170.489361
[GA][Iter1] Gen:9 Ind:15 RMSE(val)=6170.540603
[GA][Iter1] Gen:9 Ind:16 RMSE(val)=6174.531742
[GA][Iter1] Gen:9 Ind:17 RMSE(val)=6174.531742
[GA][Iter1] Gen:9 Ind:18 RMSE(val)=6173.748679
[GA][Iter1] Gen:9 Ind:19 RMSE(val)=6170.540603
[GA][Iter1] Gen:9 Ind:20 RMSE(val)=6170.540603
[GA][Iter1] gen=9 best_val_rmse=6170.489361
[GA][Iter1] Gen:10 Ind:1 RMSE(val)=6170.489361
[GA][Iter1] Gen:10 Ind:2 RMSE(val)=6170.489361
[GA][Iter1] Gen:10 Ind:3 RMSE(val)=6170.489361
[GA][Iter1] Gen:10 Ind:4 RMSE(val)=6170.540603
[GA][Iter1] Gen:10 Ind:5 RMSE(val)=6170.540603
[GA][Iter1] Gen:10 Ind:6 RMSE(val)=6170.540603
[GA][Iter1] Gen:10 Ind:7 RMSE(val)=6170.540603
[GA][Iter1] Gen:10 Ind:8 RMSE(val)=6170.540603
[GA][Iter1] Gen:10 Ind:9 RMSE(val)=6170.540603
[GA][Iter1] Gen:10 Ind:10 RMSE(val)=6170.540603
[GA][Iter1] Gen:10 Ind:11 RMSE(val)=6170.489361
[GA][Iter1] Gen:10 Ind:12 RMSE(val)=6170.540603
[GA][Iter1] Gen:10 Ind:13 RMSE(val)=6170.540603
[GA][Iter1] Gen:10 Ind:14 RMSE(val)=6170.489361
[GA][Iter1] Gen:10 Ind:15 RMSE(val)=6170.489361
[GA][Iter1] Gen:10 Ind:16 RMSE(val)=6170.540603
[GA][Iter1] Gen:10 Ind:17 RMSE(val)=6170.489361
[GA][Iter1] Gen:10 Ind:18 RMSE(val)=6174.531742
[GA][Iter1] Gen:10 Ind:19 RMSE(val)=6170.489361
[GA][Iter1] Gen:10 Ind:20 RMSE(val)=6170.540603
[GA][Iter1] gen=10 best_val_rmse=6170.489361
[GA][Iter1] Gen:11 Ind:1 RMSE(val)=6170.489361
[GA][Iter1] Gen:11 Ind:2 RMSE(val)=6170.489361
[GA][Iter1] Gen:11 Ind:3 RMSE(val)=6170.489361
[GA][Iter1] Gen:11 Ind:4 RMSE(val)=6170.489361
[GA][Iter1] Gen:11 Ind:5 RMSE(val)=6170.489361
[GA][Iter1] Gen:11 Ind:6 RMSE(val)=6170.489361
[GA][Iter1] Gen:11 Ind:7 RMSE(val)=6170.489361
[GA][Iter1] Gen:11 Ind:8 RMSE(val)=6170.489361
[GA][Iter1] Gen:11 Ind:9 RMSE(val)=6170.540603
[GA][Iter1] Gen:11 Ind:10 RMSE(val)=6170.540603
[GA][Iter1] Gen:11 Ind:11 RMSE(val)=6170.540603
[GA][Iter1] Gen:11 Ind:12 RMSE(val)=6170.489361
[GA][Iter1] Gen:11 Ind:13 RMSE(val)=6170.489361
[GA][Iter1] Gen:11 Ind:14 RMSE(val)=6170.489361
[GA][Iter1] Gen:11 Ind:15 RMSE(val)=6170.540603
[GA][Iter1] Gen:11 Ind:16 RMSE(val)=6170.489361
[GA][Iter1] Gen:11 Ind:17 RMSE(val)=6170.489361
[GA][Iter1] Gen:11 Ind:18 RMSE(val)=6170.540603
[GA][Iter1] Gen:11 Ind:19 RMSE(val)=6170.489361
[GA][Iter1] Gen:11 Ind:20 RMSE(val)=6170.489361
[GA][Iter1] gen=11 best_val_rmse=6170.489361
[GA][Iter1] Gen:12 Ind:1 RMSE(val)=6170.489361
[GA][Iter1] Gen:12 Ind:2 RMSE(val)=6170.489361
[GA][Iter1] Gen:12 Ind:3 RMSE(val)=6170.489361
[GA][Iter1] Gen:12 Ind:4 RMSE(val)=6170.489361
[GA][Iter1] Gen:12 Ind:5 RMSE(val)=6170.489361
[GA][Iter1] Gen:12 Ind:6 RMSE(val)=6170.489361
[GA][Iter1] Gen:12 Ind:7 RMSE(val)=6170.489361
[GA][Iter1] Gen:12 Ind:8 RMSE(val)=6170.489361
[GA][Iter1] Gen:12 Ind:9 RMSE(val)=6170.489361
[GA][Iter1] Gen:12 Ind:10 RMSE(val)=6170.489361
[GA][Iter1] Gen:12 Ind:11 RMSE(val)=6170.489361
[GA][Iter1] Gen:12 Ind:12 RMSE(val)=6170.540603
[GA][Iter1] Gen:12 Ind:13 RMSE(val)=6170.489361
[GA][Iter1] Gen:12 Ind:14 RMSE(val)=6183.146423
[GA][Iter1] Gen:12 Ind:15 RMSE(val)=6173.674564
[GA][Iter1] Gen:12 Ind:16 RMSE(val)=6170.489361
[GA][Iter1] Gen:12 Ind:17 RMSE(val)=6170.489361
[GA][Iter1] Gen:12 Ind:18 RMSE(val)=6170.489361
[GA][Iter1] Gen:12 Ind:19 RMSE(val)=6170.608706
[GA][Iter1] Gen:12 Ind:20 RMSE(val)=6170.489361
[GA][Iter1] gen=12 best_val_rmse=6170.489361
[GA][Iter1] Gen:13 Ind:1 RMSE(val)=6170.489361
[GA][Iter1] Gen:13 Ind:2 RMSE(val)=6170.489361
[GA][Iter1] Gen:13 Ind:3 RMSE(val)=6170.489361
[GA][Iter1] Gen:13 Ind:4 RMSE(val)=6170.489361
[GA][Iter1] Gen:13 Ind:5 RMSE(val)=6170.489361
[GA][Iter1] Gen:13 Ind:6 RMSE(val)=6170.489361
[GA][Iter1] Gen:13 Ind:7 RMSE(val)=6170.489361
[GA][Iter1] Gen:13 Ind:8 RMSE(val)=6170.489361
[GA][Iter1] Gen:13 Ind:9 RMSE(val)=6170.489361
[GA][Iter1] Gen:13 Ind:10 RMSE(val)=6170.489361
[GA][Iter1] Gen:13 Ind:11 RMSE(val)=6170.489361
[GA][Iter1] Gen:13 Ind:12 RMSE(val)=6170.489361
[GA][Iter1] Gen:13 Ind:13 RMSE(val)=6170.489361
[GA][Iter1] Gen:13 Ind:14 RMSE(val)=6170.489361
[GA][Iter1] Gen:13 Ind:15 RMSE(val)=6170.489361
[GA][Iter1] Gen:13 Ind:16 RMSE(val)=6170.489361
[GA][Iter1] Gen:13 Ind:17 RMSE(val)=6170.489361
[GA][Iter1] Gen:13 Ind:18 RMSE(val)=6183.146423
[GA][Iter1] Gen:13 Ind:19 RMSE(val)=6170.489361
[GA][Iter1] Gen:13 Ind:20 RMSE(val)=6170.489361
[GA][Iter1] gen=13 best_val_rmse=6170.489361
[GA][Iter1] Gen:14 Ind:1 RMSE(val)=6170.489361
[GA][Iter1] Gen:14 Ind:2 RMSE(val)=6170.489361
[GA][Iter1] Gen:14 Ind:3 RMSE(val)=6170.489361
[GA][Iter1] Gen:14 Ind:4 RMSE(val)=6170.489361
[GA][Iter1] Gen:14 Ind:5 RMSE(val)=6170.489361
[GA][Iter1] Gen:14 Ind:6 RMSE(val)=6170.489361
[GA][Iter1] Gen:14 Ind:7 RMSE(val)=6170.489361
[GA][Iter1] Gen:14 Ind:8 RMSE(val)=6170.489361
[GA][Iter1] Gen:14 Ind:9 RMSE(val)=6170.489361
[GA][Iter1] Gen:14 Ind:10 RMSE(val)=6170.489361
[GA][Iter1] Gen:14 Ind:11 RMSE(val)=6170.489361
[GA][Iter1] Gen:14 Ind:12 RMSE(val)=6170.489361
[GA][Iter1] Gen:14 Ind:13 RMSE(val)=6170.489361
[GA][Iter1] Gen:14 Ind:14 RMSE(val)=6170.951860
[GA][Iter1] Gen:14 Ind:15 RMSE(val)=6170.489361
[GA][Iter1] Gen:14 Ind:16 RMSE(val)=6170.489361
[GA][Iter1] Gen:14 Ind:17 RMSE(val)=6170.608706
[GA][Iter1] Gen:14 Ind:18 RMSE(val)=6170.489361
[GA][Iter1] Gen:14 Ind:19 RMSE(val)=6170.489361
[GA][Iter1] Gen:14 Ind:20 RMSE(val)=6170.489361
[GA][Iter1] gen=14 best_val_rmse=6170.489361
[GA][Iter1] Gen:15 Ind:1 RMSE(val)=6170.489361
[GA][Iter1] Gen:15 Ind:2 RMSE(val)=6170.489361
[GA][Iter1] Gen:15 Ind:3 RMSE(val)=6170.489361
[GA][Iter1] Gen:15 Ind:4 RMSE(val)=6170.489361
[GA][Iter1] Gen:15 Ind:5 RMSE(val)=6170.489361
[GA][Iter1] Gen:15 Ind:6 RMSE(val)=6170.489361
[GA][Iter1] Gen:15 Ind:7 RMSE(val)=6170.489361
[GA][Iter1] Gen:15 Ind:8 RMSE(val)=6170.489361
[GA][Iter1] Gen:15 Ind:9 RMSE(val)=6170.489361
[GA][Iter1] Gen:15 Ind:10 RMSE(val)=6170.489361
[GA][Iter1] Gen:15 Ind:11 RMSE(val)=6170.489361
[GA][Iter1] Gen:15 Ind:12 RMSE(val)=6170.489361
[GA][Iter1] Gen:15 Ind:13 RMSE(val)=6170.489361
[GA][Iter1] Gen:15 Ind:14 RMSE(val)=6170.489361
[GA][Iter1] Gen:15 Ind:15 RMSE(val)=6170.489361
[GA][Iter1] Gen:15 Ind:16 RMSE(val)=6170.489361
[GA][Iter1] Gen:15 Ind:17 RMSE(val)=6170.489361
[GA][Iter1] Gen:15 Ind:18 RMSE(val)=6170.489361
[GA][Iter1] Gen:15 Ind:19 RMSE(val)=6170.489361
[GA][Iter1] Gen:15 Ind:20 RMSE(val)=6170.489361
[GA][Iter1] gen=15 best_val_rmse=6170.489361
[GA][Iter1] Gen:15 Ind:1 RMSE(val)=6170.489361
[GA][Iter1] Gen:15 Ind:2 RMSE(val)=6170.489361
[GA][Iter1] Gen:15 Ind:3 RMSE(val)=6170.489361
[GA][Iter1] Gen:15 Ind:4 RMSE(val)=6170.489361
[GA][Iter1] Gen:15 Ind:5 RMSE(val)=6170.489361
[GA][Iter1] Gen:15 Ind:6 RMSE(val)=6170.489361
[GA][Iter1] Gen:15 Ind:7 RMSE(val)=6170.489361
[GA][Iter1] Gen:15 Ind:8 RMSE(val)=6170.489361
[GA][Iter1] Gen:15 Ind:9 RMSE(val)=6170.489361
[GA][Iter1] Gen:15 Ind:10 RMSE(val)=6170.489361
[GA][Iter1] Gen:15 Ind:11 RMSE(val)=6178.162551
[GA][Iter1] Gen:15 Ind:12 RMSE(val)=6170.489361
[GA][Iter1] Gen:15 Ind:13 RMSE(val)=6170.489361
[GA][Iter1] Gen:15 Ind:14 RMSE(val)=6170.489361
[GA][Iter1] Gen:15 Ind:15 RMSE(val)=6170.489361
[GA][Iter1] Gen:15 Ind:16 RMSE(val)=6170.489361
[GA][Iter1] Gen:15 Ind:17 RMSE(val)=6170.489361
[GA][Iter1] Gen:15 Ind:18 RMSE(val)=6170.489361
[GA][Iter1] Gen:15 Ind:19 RMSE(val)=6170.489361
[GA][Iter1] Gen:15 Ind:20 RMSE(val)=6170.827550

[GA DONE][Iter1] Best params on val fold of Iter1
Best val RMSE: 6170.489361
Best params: {'max_depth': 28, 'min_samples_split': 24, 'min_samples_leaf': 1, 'max_features': None, 'splitter': 'best', 'criterion': 'squared_error'}
--------------------------------------------------------------------------------
[RETUNE GA] Iter1: train folds 1..5 -> test fold 6  RMSE=149.490151  NRMSE=1.166897  CVRMSE=0.181314  R2=-0.368163
[GA][Iter2] Gen:1 Ind:1 RMSE(val)=192.641722
[GA][Iter2] Gen:1 Ind:2 RMSE(val)=156.013438
[GA][Iter2] Gen:1 Ind:3 RMSE(val)=169.985441
[GA][Iter2] Gen:1 Ind:4 RMSE(val)=157.727357
[GA][Iter2] Gen:1 Ind:5 RMSE(val)=147.504283
[GA][Iter2] Gen:1 Ind:6 RMSE(val)=156.626048
[GA][Iter2] Gen:1 Ind:7 RMSE(val)=148.044436
[GA][Iter2] Gen:1 Ind:8 RMSE(val)=210.029775
[GA][Iter2] Gen:1 Ind:9 RMSE(val)=161.519540
[GA][Iter2] Gen:1 Ind:10 RMSE(val)=186.866332
[GA][Iter2] Gen:1 Ind:11 RMSE(val)=147.362619
[GA][Iter2] Gen:1 Ind:12 RMSE(val)=164.829831
[GA][Iter2] Gen:1 Ind:13 RMSE(val)=207.532834
[GA][Iter2] Gen:1 Ind:14 RMSE(val)=154.771587
[GA][Iter2] Gen:1 Ind:15 RMSE(val)=193.975907
[GA][Iter2] Gen:1 Ind:16 RMSE(val)=145.285484
[GA][Iter2] Gen:1 Ind:17 RMSE(val)=165.832729
[GA][Iter2] Gen:1 Ind:18 RMSE(val)=162.316879
[GA][Iter2] Gen:1 Ind:19 RMSE(val)=172.009479
[GA][Iter2] Gen:1 Ind:20 RMSE(val)=210.398345
[GA][Iter2] gen=1 best_val_rmse=145.285484
[GA][Iter2] Gen:2 Ind:1 RMSE(val)=145.285484
[GA][Iter2] Gen:2 Ind:2 RMSE(val)=147.362619
[GA][Iter2] Gen:2 Ind:3 RMSE(val)=147.504283
[GA][Iter2] Gen:2 Ind:4 RMSE(val)=148.044436
[GA][Iter2] Gen:2 Ind:5 RMSE(val)=154.771587
[GA][Iter2] Gen:2 Ind:6 RMSE(val)=156.013438
[GA][Iter2] Gen:2 Ind:7 RMSE(val)=156.626048
[GA][Iter2] Gen:2 Ind:8 RMSE(val)=157.727357
[GA][Iter2] Gen:2 Ind:9 RMSE(val)=161.519540
[GA][Iter2] Gen:2 Ind:10 RMSE(val)=162.316879
[GA][Iter2] Gen:2 Ind:11 RMSE(val)=144.504776
[GA][Iter2] Gen:2 Ind:12 RMSE(val)=156.345823
[GA][Iter2] Gen:2 Ind:13 RMSE(val)=156.626048
[GA][Iter2] Gen:2 Ind:14 RMSE(val)=145.046273
[GA][Iter2] Gen:2 Ind:15 RMSE(val)=139.363253
[GA][Iter2] Gen:2 Ind:16 RMSE(val)=145.647928
[GA][Iter2] Gen:2 Ind:17 RMSE(val)=156.818928
[GA][Iter2] Gen:2 Ind:18 RMSE(val)=140.423378
[GA][Iter2] Gen:2 Ind:19 RMSE(val)=171.757203
[GA][Iter2] Gen:2 Ind:20 RMSE(val)=147.362619
[GA][Iter2] gen=2 best_val_rmse=139.363253
[GA][Iter2] Gen:3 Ind:1 RMSE(val)=139.363253
[GA][Iter2] Gen:3 Ind:2 RMSE(val)=140.423378
[GA][Iter2] Gen:3 Ind:3 RMSE(val)=144.504776
[GA][Iter2] Gen:3 Ind:4 RMSE(val)=145.046273
[GA][Iter2] Gen:3 Ind:5 RMSE(val)=145.285484
[GA][Iter2] Gen:3 Ind:6 RMSE(val)=145.647928
[GA][Iter2] Gen:3 Ind:7 RMSE(val)=147.362619
[GA][Iter2] Gen:3 Ind:8 RMSE(val)=147.362619
[GA][Iter2] Gen:3 Ind:9 RMSE(val)=147.504283
[GA][Iter2] Gen:3 Ind:10 RMSE(val)=148.044436
[GA][Iter2] Gen:3 Ind:11 RMSE(val)=148.044436
[GA][Iter2] Gen:3 Ind:12 RMSE(val)=140.423378
[GA][Iter2] Gen:3 Ind:13 RMSE(val)=145.046273
[GA][Iter2] Gen:3 Ind:14 RMSE(val)=139.363253
[GA][Iter2] Gen:3 Ind:15 RMSE(val)=145.285484
[GA][Iter2] Gen:3 Ind:16 RMSE(val)=156.345823
[GA][Iter2] Gen:3 Ind:17 RMSE(val)=144.504776
[GA][Iter2] Gen:3 Ind:18 RMSE(val)=168.369714
[GA][Iter2] Gen:3 Ind:19 RMSE(val)=145.046273
[GA][Iter2] Gen:3 Ind:20 RMSE(val)=210.398345
[GA][Iter2] gen=3 best_val_rmse=139.363253
[GA][Iter2] Gen:4 Ind:1 RMSE(val)=139.363253
[GA][Iter2] Gen:4 Ind:2 RMSE(val)=139.363253
[GA][Iter2] Gen:4 Ind:3 RMSE(val)=140.423378
[GA][Iter2] Gen:4 Ind:4 RMSE(val)=140.423378
[GA][Iter2] Gen:4 Ind:5 RMSE(val)=144.504776
[GA][Iter2] Gen:4 Ind:6 RMSE(val)=144.504776
[GA][Iter2] Gen:4 Ind:7 RMSE(val)=145.046273
[GA][Iter2] Gen:4 Ind:8 RMSE(val)=145.046273
[GA][Iter2] Gen:4 Ind:9 RMSE(val)=145.046273
[GA][Iter2] Gen:4 Ind:10 RMSE(val)=145.285484
[GA][Iter2] Gen:4 Ind:11 RMSE(val)=147.362619
[GA][Iter2] Gen:4 Ind:12 RMSE(val)=165.010916
[GA][Iter2] Gen:4 Ind:13 RMSE(val)=210.398345
[GA][Iter2] Gen:4 Ind:14 RMSE(val)=145.046273
[GA][Iter2] Gen:4 Ind:15 RMSE(val)=145.046273
[GA][Iter2] Gen:4 Ind:16 RMSE(val)=164.685893
[GA][Iter2] Gen:4 Ind:17 RMSE(val)=145.647928
[GA][Iter2] Gen:4 Ind:18 RMSE(val)=145.647928
[GA][Iter2] Gen:4 Ind:19 RMSE(val)=146.616146
[GA][Iter2] Gen:4 Ind:20 RMSE(val)=145.046273
[GA][Iter2] gen=4 best_val_rmse=139.363253
[GA][Iter2] Gen:5 Ind:1 RMSE(val)=139.363253
[GA][Iter2] Gen:5 Ind:2 RMSE(val)=139.363253
[GA][Iter2] Gen:5 Ind:3 RMSE(val)=140.423378
[GA][Iter2] Gen:5 Ind:4 RMSE(val)=140.423378
[GA][Iter2] Gen:5 Ind:5 RMSE(val)=144.504776
[GA][Iter2] Gen:5 Ind:6 RMSE(val)=144.504776
[GA][Iter2] Gen:5 Ind:7 RMSE(val)=145.046273
[GA][Iter2] Gen:5 Ind:8 RMSE(val)=145.046273
[GA][Iter2] Gen:5 Ind:9 RMSE(val)=145.046273
[GA][Iter2] Gen:5 Ind:10 RMSE(val)=145.046273
[GA][Iter2] Gen:5 Ind:11 RMSE(val)=210.398345
[GA][Iter2] Gen:5 Ind:12 RMSE(val)=143.079619
[GA][Iter2] Gen:5 Ind:13 RMSE(val)=144.504776
[GA][Iter2] Gen:5 Ind:14 RMSE(val)=138.953536
[GA][Iter2] Gen:5 Ind:15 RMSE(val)=165.183298
[GA][Iter2] Gen:5 Ind:16 RMSE(val)=143.079619
[GA][Iter2] Gen:5 Ind:17 RMSE(val)=156.345823
[GA][Iter2] Gen:5 Ind:18 RMSE(val)=139.363253
[GA][Iter2] Gen:5 Ind:19 RMSE(val)=139.363253
[GA][Iter2] Gen:5 Ind:20 RMSE(val)=143.079619
[GA][Iter2] gen=5 best_val_rmse=138.953536
[GA][Iter2] Gen:6 Ind:1 RMSE(val)=138.953536
[GA][Iter2] Gen:6 Ind:2 RMSE(val)=139.363253
[GA][Iter2] Gen:6 Ind:3 RMSE(val)=139.363253
[GA][Iter2] Gen:6 Ind:4 RMSE(val)=139.363253
[GA][Iter2] Gen:6 Ind:5 RMSE(val)=139.363253
[GA][Iter2] Gen:6 Ind:6 RMSE(val)=140.423378
[GA][Iter2] Gen:6 Ind:7 RMSE(val)=140.423378
[GA][Iter2] Gen:6 Ind:8 RMSE(val)=143.079619
[GA][Iter2] Gen:6 Ind:9 RMSE(val)=143.079619
[GA][Iter2] Gen:6 Ind:10 RMSE(val)=143.079619
[GA][Iter2] Gen:6 Ind:11 RMSE(val)=140.423378
[GA][Iter2] Gen:6 Ind:12 RMSE(val)=143.079619
[GA][Iter2] Gen:6 Ind:13 RMSE(val)=143.079619
[GA][Iter2] Gen:6 Ind:14 RMSE(val)=140.423378
[GA][Iter2] Gen:6 Ind:15 RMSE(val)=139.363253
[GA][Iter2] Gen:6 Ind:16 RMSE(val)=139.363253
[GA][Iter2] Gen:6 Ind:17 RMSE(val)=143.079619
[GA][Iter2] Gen:6 Ind:18 RMSE(val)=152.102460
[GA][Iter2] Gen:6 Ind:19 RMSE(val)=139.363253
[GA][Iter2] Gen:6 Ind:20 RMSE(val)=138.953536
[GA][Iter2] gen=6 best_val_rmse=138.953536
[GA][Iter2] Gen:7 Ind:1 RMSE(val)=138.953536
[GA][Iter2] Gen:7 Ind:2 RMSE(val)=138.953536
[GA][Iter2] Gen:7 Ind:3 RMSE(val)=139.363253
[GA][Iter2] Gen:7 Ind:4 RMSE(val)=139.363253
[GA][Iter2] Gen:7 Ind:5 RMSE(val)=139.363253
[GA][Iter2] Gen:7 Ind:6 RMSE(val)=139.363253
[GA][Iter2] Gen:7 Ind:7 RMSE(val)=139.363253
[GA][Iter2] Gen:7 Ind:8 RMSE(val)=139.363253
[GA][Iter2] Gen:7 Ind:9 RMSE(val)=139.363253
[GA][Iter2] Gen:7 Ind:10 RMSE(val)=140.423378
[GA][Iter2] Gen:7 Ind:11 RMSE(val)=139.363253
[GA][Iter2] Gen:7 Ind:12 RMSE(val)=138.953536
[GA][Iter2] Gen:7 Ind:13 RMSE(val)=152.479600
[GA][Iter2] Gen:7 Ind:14 RMSE(val)=172.922177
[GA][Iter2] Gen:7 Ind:15 RMSE(val)=139.363253
[GA][Iter2] Gen:7 Ind:16 RMSE(val)=139.363253
[GA][Iter2] Gen:7 Ind:17 RMSE(val)=139.363253
[GA][Iter2] Gen:7 Ind:18 RMSE(val)=139.363253
[GA][Iter2] Gen:7 Ind:19 RMSE(val)=139.363253
[GA][Iter2] Gen:7 Ind:20 RMSE(val)=139.363253
[GA][Iter2] gen=7 best_val_rmse=138.953536
[GA][Iter2] Gen:8 Ind:1 RMSE(val)=138.953536
[GA][Iter2] Gen:8 Ind:2 RMSE(val)=138.953536
[GA][Iter2] Gen:8 Ind:3 RMSE(val)=138.953536
[GA][Iter2] Gen:8 Ind:4 RMSE(val)=139.363253
[GA][Iter2] Gen:8 Ind:5 RMSE(val)=139.363253
[GA][Iter2] Gen:8 Ind:6 RMSE(val)=139.363253
[GA][Iter2] Gen:8 Ind:7 RMSE(val)=139.363253
[GA][Iter2] Gen:8 Ind:8 RMSE(val)=139.363253
[GA][Iter2] Gen:8 Ind:9 RMSE(val)=139.363253
[GA][Iter2] Gen:8 Ind:10 RMSE(val)=139.363253
[GA][Iter2] Gen:8 Ind:11 RMSE(val)=153.226409
[GA][Iter2] Gen:8 Ind:12 RMSE(val)=139.363253
[GA][Iter2] Gen:8 Ind:13 RMSE(val)=139.363253
[GA][Iter2] Gen:8 Ind:14 RMSE(val)=210.398345
[GA][Iter2] Gen:8 Ind:15 RMSE(val)=146.616146
[GA][Iter2] Gen:8 Ind:16 RMSE(val)=139.363253
[GA][Iter2] Gen:8 Ind:17 RMSE(val)=139.363253
[GA][Iter2] Gen:8 Ind:18 RMSE(val)=139.363253
[GA][Iter2] Gen:8 Ind:19 RMSE(val)=167.240655
[GA][Iter2] Gen:8 Ind:20 RMSE(val)=139.363253
[GA][Iter2] gen=8 best_val_rmse=138.953536
[GA][Iter2] Gen:9 Ind:1 RMSE(val)=138.953536
[GA][Iter2] Gen:9 Ind:2 RMSE(val)=138.953536
[GA][Iter2] Gen:9 Ind:3 RMSE(val)=138.953536
[GA][Iter2] Gen:9 Ind:4 RMSE(val)=139.363253
[GA][Iter2] Gen:9 Ind:5 RMSE(val)=139.363253
[GA][Iter2] Gen:9 Ind:6 RMSE(val)=139.363253
[GA][Iter2] Gen:9 Ind:7 RMSE(val)=139.363253
[GA][Iter2] Gen:9 Ind:8 RMSE(val)=139.363253
[GA][Iter2] Gen:9 Ind:9 RMSE(val)=139.363253
[GA][Iter2] Gen:9 Ind:10 RMSE(val)=139.363253
[GA][Iter2] Gen:9 Ind:11 RMSE(val)=147.362619
[GA][Iter2] Gen:9 Ind:12 RMSE(val)=172.922177
[GA][Iter2] Gen:9 Ind:13 RMSE(val)=210.398345
[GA][Iter2] Gen:9 Ind:14 RMSE(val)=147.362619
[GA][Iter2] Gen:9 Ind:15 RMSE(val)=139.363253
[GA][Iter2] Gen:9 Ind:16 RMSE(val)=146.616146
[GA][Iter2] Gen:9 Ind:17 RMSE(val)=210.398345
[GA][Iter2] Gen:9 Ind:18 RMSE(val)=139.363253
[GA][Iter2] Gen:9 Ind:19 RMSE(val)=139.363253
[GA][Iter2] Gen:9 Ind:20 RMSE(val)=139.363253
[GA][Iter2] gen=9 best_val_rmse=138.953536
[GA][Iter2] Gen:10 Ind:1 RMSE(val)=138.953536
[GA][Iter2] Gen:10 Ind:2 RMSE(val)=138.953536
[GA][Iter2] Gen:10 Ind:3 RMSE(val)=138.953536
[GA][Iter2] Gen:10 Ind:4 RMSE(val)=139.363253
[GA][Iter2] Gen:10 Ind:5 RMSE(val)=139.363253
[GA][Iter2] Gen:10 Ind:6 RMSE(val)=139.363253
[GA][Iter2] Gen:10 Ind:7 RMSE(val)=139.363253
[GA][Iter2] Gen:10 Ind:8 RMSE(val)=139.363253
[GA][Iter2] Gen:10 Ind:9 RMSE(val)=139.363253
[GA][Iter2] Gen:10 Ind:10 RMSE(val)=139.363253
[GA][Iter2] Gen:10 Ind:11 RMSE(val)=147.362619
[GA][Iter2] Gen:10 Ind:12 RMSE(val)=153.226409
[GA][Iter2] Gen:10 Ind:13 RMSE(val)=172.922177
[GA][Iter2] Gen:10 Ind:14 RMSE(val)=138.953536
[GA][Iter2] Gen:10 Ind:15 RMSE(val)=138.953536
[GA][Iter2] Gen:10 Ind:16 RMSE(val)=139.363253
[GA][Iter2] Gen:10 Ind:17 RMSE(val)=155.525642
[GA][Iter2] Gen:10 Ind:18 RMSE(val)=172.922177
[GA][Iter2] Gen:10 Ind:19 RMSE(val)=152.102460
[GA][Iter2] Gen:10 Ind:20 RMSE(val)=139.363253
[GA][Iter2] gen=10 best_val_rmse=138.953536
[GA][Iter2] Gen:11 Ind:1 RMSE(val)=138.953536
[GA][Iter2] Gen:11 Ind:2 RMSE(val)=138.953536
[GA][Iter2] Gen:11 Ind:3 RMSE(val)=138.953536
[GA][Iter2] Gen:11 Ind:4 RMSE(val)=138.953536
[GA][Iter2] Gen:11 Ind:5 RMSE(val)=138.953536
[GA][Iter2] Gen:11 Ind:6 RMSE(val)=139.363253
[GA][Iter2] Gen:11 Ind:7 RMSE(val)=139.363253
[GA][Iter2] Gen:11 Ind:8 RMSE(val)=139.363253
[GA][Iter2] Gen:11 Ind:9 RMSE(val)=139.363253
[GA][Iter2] Gen:11 Ind:10 RMSE(val)=139.363253
[GA][Iter2] Gen:11 Ind:11 RMSE(val)=139.363253
[GA][Iter2] Gen:11 Ind:12 RMSE(val)=138.953536
[GA][Iter2] Gen:11 Ind:13 RMSE(val)=138.953536
[GA][Iter2] Gen:11 Ind:14 RMSE(val)=210.398345
[GA][Iter2] Gen:11 Ind:15 RMSE(val)=139.363253
[GA][Iter2] Gen:11 Ind:16 RMSE(val)=139.363253
[GA][Iter2] Gen:11 Ind:17 RMSE(val)=155.525642
[GA][Iter2] Gen:11 Ind:18 RMSE(val)=154.771587
[GA][Iter2] Gen:11 Ind:19 RMSE(val)=138.953536
[GA][Iter2] Gen:11 Ind:20 RMSE(val)=152.102460
[GA][Iter2] gen=11 best_val_rmse=138.953536
[GA][Iter2] Gen:12 Ind:1 RMSE(val)=138.953536
[GA][Iter2] Gen:12 Ind:2 RMSE(val)=138.953536
[GA][Iter2] Gen:12 Ind:3 RMSE(val)=138.953536
[GA][Iter2] Gen:12 Ind:4 RMSE(val)=138.953536
[GA][Iter2] Gen:12 Ind:5 RMSE(val)=138.953536
[GA][Iter2] Gen:12 Ind:6 RMSE(val)=138.953536
[GA][Iter2] Gen:12 Ind:7 RMSE(val)=138.953536
[GA][Iter2] Gen:12 Ind:8 RMSE(val)=138.953536
[GA][Iter2] Gen:12 Ind:9 RMSE(val)=139.363253
[GA][Iter2] Gen:12 Ind:10 RMSE(val)=139.363253
[GA][Iter2] Gen:12 Ind:11 RMSE(val)=138.953536
[GA][Iter2] Gen:12 Ind:12 RMSE(val)=153.575300
[GA][Iter2] Gen:12 Ind:13 RMSE(val)=138.953536
[GA][Iter2] Gen:12 Ind:14 RMSE(val)=146.596117
[GA][Iter2] Gen:12 Ind:15 RMSE(val)=203.592766
[GA][Iter2] Gen:12 Ind:16 RMSE(val)=138.953536
[GA][Iter2] Gen:12 Ind:17 RMSE(val)=138.953536
[GA][Iter2] Gen:12 Ind:18 RMSE(val)=154.778677
[GA][Iter2] Gen:12 Ind:19 RMSE(val)=210.398345
[GA][Iter2] Gen:12 Ind:20 RMSE(val)=138.953536
[GA][Iter2] gen=12 best_val_rmse=138.953536
[GA][Iter2] Gen:13 Ind:1 RMSE(val)=138.953536
[GA][Iter2] Gen:13 Ind:2 RMSE(val)=138.953536
[GA][Iter2] Gen:13 Ind:3 RMSE(val)=138.953536
[GA][Iter2] Gen:13 Ind:4 RMSE(val)=138.953536
[GA][Iter2] Gen:13 Ind:5 RMSE(val)=138.953536
[GA][Iter2] Gen:13 Ind:6 RMSE(val)=138.953536
[GA][Iter2] Gen:13 Ind:7 RMSE(val)=138.953536
[GA][Iter2] Gen:13 Ind:8 RMSE(val)=138.953536
[GA][Iter2] Gen:13 Ind:9 RMSE(val)=138.953536
[GA][Iter2] Gen:13 Ind:10 RMSE(val)=138.953536
[GA][Iter2] Gen:13 Ind:11 RMSE(val)=138.953536
[GA][Iter2] Gen:13 Ind:12 RMSE(val)=138.953536
[GA][Iter2] Gen:13 Ind:13 RMSE(val)=138.953536
[GA][Iter2] Gen:13 Ind:14 RMSE(val)=138.953536
[GA][Iter2] Gen:13 Ind:15 RMSE(val)=138.953536
[GA][Iter2] Gen:13 Ind:16 RMSE(val)=138.953536
[GA][Iter2] Gen:13 Ind:17 RMSE(val)=138.953536
[GA][Iter2] Gen:13 Ind:18 RMSE(val)=146.596117
[GA][Iter2] Gen:13 Ind:19 RMSE(val)=138.953536
[GA][Iter2] Gen:13 Ind:20 RMSE(val)=138.953536
[GA][Iter2] gen=13 best_val_rmse=138.953536
[GA][Iter2] Gen:14 Ind:1 RMSE(val)=138.953536
[GA][Iter2] Gen:14 Ind:2 RMSE(val)=138.953536
[GA][Iter2] Gen:14 Ind:3 RMSE(val)=138.953536
[GA][Iter2] Gen:14 Ind:4 RMSE(val)=138.953536
[GA][Iter2] Gen:14 Ind:5 RMSE(val)=138.953536
[GA][Iter2] Gen:14 Ind:6 RMSE(val)=138.953536
[GA][Iter2] Gen:14 Ind:7 RMSE(val)=138.953536
[GA][Iter2] Gen:14 Ind:8 RMSE(val)=138.953536
[GA][Iter2] Gen:14 Ind:9 RMSE(val)=138.953536
[GA][Iter2] Gen:14 Ind:10 RMSE(val)=138.953536
[GA][Iter2] Gen:14 Ind:11 RMSE(val)=138.953536
[GA][Iter2] Gen:14 Ind:12 RMSE(val)=138.953536
[GA][Iter2] Gen:14 Ind:13 RMSE(val)=138.953536
[GA][Iter2] Gen:14 Ind:14 RMSE(val)=144.124686
[GA][Iter2] Gen:14 Ind:15 RMSE(val)=138.953536
[GA][Iter2] Gen:14 Ind:16 RMSE(val)=152.102460
[GA][Iter2] Gen:14 Ind:17 RMSE(val)=145.931984
[GA][Iter2] Gen:14 Ind:18 RMSE(val)=138.953536
[GA][Iter2] Gen:14 Ind:19 RMSE(val)=138.953536
[GA][Iter2] Gen:14 Ind:20 RMSE(val)=138.953536
[GA][Iter2] gen=14 best_val_rmse=138.953536
[GA][Iter2] Gen:15 Ind:1 RMSE(val)=138.953536
[GA][Iter2] Gen:15 Ind:2 RMSE(val)=138.953536
[GA][Iter2] Gen:15 Ind:3 RMSE(val)=138.953536
[GA][Iter2] Gen:15 Ind:4 RMSE(val)=138.953536
[GA][Iter2] Gen:15 Ind:5 RMSE(val)=138.953536
[GA][Iter2] Gen:15 Ind:6 RMSE(val)=138.953536
[GA][Iter2] Gen:15 Ind:7 RMSE(val)=138.953536
[GA][Iter2] Gen:15 Ind:8 RMSE(val)=138.953536
[GA][Iter2] Gen:15 Ind:9 RMSE(val)=138.953536
[GA][Iter2] Gen:15 Ind:10 RMSE(val)=138.953536
[GA][Iter2] Gen:15 Ind:11 RMSE(val)=138.953536
[GA][Iter2] Gen:15 Ind:12 RMSE(val)=138.953536
[GA][Iter2] Gen:15 Ind:13 RMSE(val)=138.953536
[GA][Iter2] Gen:15 Ind:14 RMSE(val)=138.953536
[GA][Iter2] Gen:15 Ind:15 RMSE(val)=138.953536
[GA][Iter2] Gen:15 Ind:16 RMSE(val)=152.102460
[GA][Iter2] Gen:15 Ind:17 RMSE(val)=138.953536
[GA][Iter2] Gen:15 Ind:18 RMSE(val)=138.953536
[GA][Iter2] Gen:15 Ind:19 RMSE(val)=138.953536
[GA][Iter2] Gen:15 Ind:20 RMSE(val)=138.953536
[GA][Iter2] gen=15 best_val_rmse=138.953536
[GA][Iter2] Gen:15 Ind:1 RMSE(val)=138.953536
[GA][Iter2] Gen:15 Ind:2 RMSE(val)=138.953536
[GA][Iter2] Gen:15 Ind:3 RMSE(val)=138.953536
[GA][Iter2] Gen:15 Ind:4 RMSE(val)=138.953536
[GA][Iter2] Gen:15 Ind:5 RMSE(val)=138.953536
[GA][Iter2] Gen:15 Ind:6 RMSE(val)=138.953536
[GA][Iter2] Gen:15 Ind:7 RMSE(val)=138.953536
[GA][Iter2] Gen:15 Ind:8 RMSE(val)=138.953536
[GA][Iter2] Gen:15 Ind:9 RMSE(val)=138.953536
[GA][Iter2] Gen:15 Ind:10 RMSE(val)=138.953536
[GA][Iter2] Gen:15 Ind:11 RMSE(val)=138.953536
[GA][Iter2] Gen:15 Ind:12 RMSE(val)=138.953536
[GA][Iter2] Gen:15 Ind:13 RMSE(val)=138.953536
[GA][Iter2] Gen:15 Ind:14 RMSE(val)=138.953536
[GA][Iter2] Gen:15 Ind:15 RMSE(val)=138.953536
[GA][Iter2] Gen:15 Ind:16 RMSE(val)=138.953536
[GA][Iter2] Gen:15 Ind:17 RMSE(val)=152.102460
[GA][Iter2] Gen:15 Ind:18 RMSE(val)=138.953536
[GA][Iter2] Gen:15 Ind:19 RMSE(val)=138.953536
[GA][Iter2] Gen:15 Ind:20 RMSE(val)=145.036430

[GA DONE][Iter2] Best params on val fold of Iter2
Best val RMSE: 138.953536
Best params: {'max_depth': 54, 'min_samples_split': 16, 'min_samples_leaf': 6, 'max_features': 'sqrt', 'splitter': 'best', 'criterion': 'squared_error'}
--------------------------------------------------------------------------------
[RETUNE GA] Iter2: train folds 1..6 -> test fold 7  RMSE=152.871867  NRMSE=1.062257  CVRMSE=0.174107  R2=-0.133789
[GA][Iter3] Gen:1 Ind:1 RMSE(val)=183.165719
[GA][Iter3] Gen:1 Ind:2 RMSE(val)=166.978410
[GA][Iter3] Gen:1 Ind:3 RMSE(val)=190.658842
[GA][Iter3] Gen:1 Ind:4 RMSE(val)=193.856811
[GA][Iter3] Gen:1 Ind:5 RMSE(val)=169.159359
[GA][Iter3] Gen:1 Ind:6 RMSE(val)=170.841437
[GA][Iter3] Gen:1 Ind:7 RMSE(val)=164.560516
[GA][Iter3] Gen:1 Ind:8 RMSE(val)=152.411814
[GA][Iter3] Gen:1 Ind:9 RMSE(val)=166.036284
[GA][Iter3] Gen:1 Ind:10 RMSE(val)=237.768930
[GA][Iter3] Gen:1 Ind:11 RMSE(val)=151.893195
[GA][Iter3] Gen:1 Ind:12 RMSE(val)=165.163057
[GA][Iter3] Gen:1 Ind:13 RMSE(val)=189.385494
[GA][Iter3] Gen:1 Ind:14 RMSE(val)=211.393492
[GA][Iter3] Gen:1 Ind:15 RMSE(val)=188.060325
[GA][Iter3] Gen:1 Ind:16 RMSE(val)=157.450081
[GA][Iter3] Gen:1 Ind:17 RMSE(val)=184.008867
[GA][Iter3] Gen:1 Ind:18 RMSE(val)=160.149076
[GA][Iter3] Gen:1 Ind:19 RMSE(val)=170.000979
[GA][Iter3] Gen:1 Ind:20 RMSE(val)=198.702849
[GA][Iter3] gen=1 best_val_rmse=151.893195
[GA][Iter3] Gen:2 Ind:1 RMSE(val)=151.893195
[GA][Iter3] Gen:2 Ind:2 RMSE(val)=152.411814
[GA][Iter3] Gen:2 Ind:3 RMSE(val)=157.450081
[GA][Iter3] Gen:2 Ind:4 RMSE(val)=160.149076
[GA][Iter3] Gen:2 Ind:5 RMSE(val)=164.560516
[GA][Iter3] Gen:2 Ind:6 RMSE(val)=165.163057
[GA][Iter3] Gen:2 Ind:7 RMSE(val)=166.036284
[GA][Iter3] Gen:2 Ind:8 RMSE(val)=166.978410
[GA][Iter3] Gen:2 Ind:9 RMSE(val)=169.159359
[GA][Iter3] Gen:2 Ind:10 RMSE(val)=170.000979
[GA][Iter3] Gen:2 Ind:11 RMSE(val)=160.963083
[GA][Iter3] Gen:2 Ind:12 RMSE(val)=162.659434
[GA][Iter3] Gen:2 Ind:13 RMSE(val)=169.159359
[GA][Iter3] Gen:2 Ind:14 RMSE(val)=249.010040
[GA][Iter3] Gen:2 Ind:15 RMSE(val)=155.813971
[GA][Iter3] Gen:2 Ind:16 RMSE(val)=169.159359
[GA][Iter3] Gen:2 Ind:17 RMSE(val)=164.842681
[GA][Iter3] Gen:2 Ind:18 RMSE(val)=151.291497
[GA][Iter3] Gen:2 Ind:19 RMSE(val)=164.842681
[GA][Iter3] Gen:2 Ind:20 RMSE(val)=151.893195
[GA][Iter3] gen=2 best_val_rmse=151.291497
[GA][Iter3] Gen:3 Ind:1 RMSE(val)=151.291497
[GA][Iter3] Gen:3 Ind:2 RMSE(val)=151.893195
[GA][Iter3] Gen:3 Ind:3 RMSE(val)=151.893195
[GA][Iter3] Gen:3 Ind:4 RMSE(val)=152.411814
[GA][Iter3] Gen:3 Ind:5 RMSE(val)=155.813971
[GA][Iter3] Gen:3 Ind:6 RMSE(val)=157.450081
[GA][Iter3] Gen:3 Ind:7 RMSE(val)=160.149076
[GA][Iter3] Gen:3 Ind:8 RMSE(val)=160.963083
[GA][Iter3] Gen:3 Ind:9 RMSE(val)=162.659434
[GA][Iter3] Gen:3 Ind:10 RMSE(val)=164.560516
[GA][Iter3] Gen:3 Ind:11 RMSE(val)=164.560516
[GA][Iter3] Gen:3 Ind:12 RMSE(val)=151.893195
[GA][Iter3] Gen:3 Ind:13 RMSE(val)=159.380011
[GA][Iter3] Gen:3 Ind:14 RMSE(val)=150.882355
[GA][Iter3] Gen:3 Ind:15 RMSE(val)=155.987785
[GA][Iter3] Gen:3 Ind:16 RMSE(val)=160.963083
[GA][Iter3] Gen:3 Ind:17 RMSE(val)=151.893195
[GA][Iter3] Gen:3 Ind:18 RMSE(val)=165.371296
[GA][Iter3] Gen:3 Ind:19 RMSE(val)=165.650144
[GA][Iter3] Gen:3 Ind:20 RMSE(val)=153.582556
[GA][Iter3] gen=3 best_val_rmse=150.882355
[GA][Iter3] Gen:4 Ind:1 RMSE(val)=150.882355
[GA][Iter3] Gen:4 Ind:2 RMSE(val)=151.291497
[GA][Iter3] Gen:4 Ind:3 RMSE(val)=151.893195
[GA][Iter3] Gen:4 Ind:4 RMSE(val)=151.893195
[GA][Iter3] Gen:4 Ind:5 RMSE(val)=151.893195
[GA][Iter3] Gen:4 Ind:6 RMSE(val)=151.893195
[GA][Iter3] Gen:4 Ind:7 RMSE(val)=152.411814
[GA][Iter3] Gen:4 Ind:8 RMSE(val)=153.582556
[GA][Iter3] Gen:4 Ind:9 RMSE(val)=155.813971
[GA][Iter3] Gen:4 Ind:10 RMSE(val)=155.987785
[GA][Iter3] Gen:4 Ind:11 RMSE(val)=160.720198
[GA][Iter3] Gen:4 Ind:12 RMSE(val)=151.865279
[GA][Iter3] Gen:4 Ind:13 RMSE(val)=167.129647
[GA][Iter3] Gen:4 Ind:14 RMSE(val)=159.380011
[GA][Iter3] Gen:4 Ind:15 RMSE(val)=153.582556
[GA][Iter3] Gen:4 Ind:16 RMSE(val)=159.380011
[GA][Iter3] Gen:4 Ind:17 RMSE(val)=237.065227
[GA][Iter3] Gen:4 Ind:18 RMSE(val)=151.893195
[GA][Iter3] Gen:4 Ind:19 RMSE(val)=151.893195
[GA][Iter3] Gen:4 Ind:20 RMSE(val)=152.411814
[GA][Iter3] gen=4 best_val_rmse=150.882355
[GA][Iter3] Gen:5 Ind:1 RMSE(val)=150.882355
[GA][Iter3] Gen:5 Ind:2 RMSE(val)=151.291497
[GA][Iter3] Gen:5 Ind:3 RMSE(val)=151.865279
[GA][Iter3] Gen:5 Ind:4 RMSE(val)=151.893195
[GA][Iter3] Gen:5 Ind:5 RMSE(val)=151.893195
[GA][Iter3] Gen:5 Ind:6 RMSE(val)=151.893195
[GA][Iter3] Gen:5 Ind:7 RMSE(val)=151.893195
[GA][Iter3] Gen:5 Ind:8 RMSE(val)=151.893195
[GA][Iter3] Gen:5 Ind:9 RMSE(val)=151.893195
[GA][Iter3] Gen:5 Ind:10 RMSE(val)=152.411814
[GA][Iter3] Gen:5 Ind:11 RMSE(val)=150.882355
[GA][Iter3] Gen:5 Ind:12 RMSE(val)=159.380011
[GA][Iter3] Gen:5 Ind:13 RMSE(val)=151.893195
[GA][Iter3] Gen:5 Ind:14 RMSE(val)=151.893195
[GA][Iter3] Gen:5 Ind:15 RMSE(val)=174.327728
[GA][Iter3] Gen:5 Ind:16 RMSE(val)=151.893195
[GA][Iter3] Gen:5 Ind:17 RMSE(val)=167.129647
[GA][Iter3] Gen:5 Ind:18 RMSE(val)=150.882355
[GA][Iter3] Gen:5 Ind:19 RMSE(val)=150.882355
[GA][Iter3] Gen:5 Ind:20 RMSE(val)=151.893195
[GA][Iter3] gen=5 best_val_rmse=150.882355
[GA][Iter3] Gen:6 Ind:1 RMSE(val)=150.882355
[GA][Iter3] Gen:6 Ind:2 RMSE(val)=150.882355
[GA][Iter3] Gen:6 Ind:3 RMSE(val)=150.882355
[GA][Iter3] Gen:6 Ind:4 RMSE(val)=150.882355
[GA][Iter3] Gen:6 Ind:5 RMSE(val)=151.291497
[GA][Iter3] Gen:6 Ind:6 RMSE(val)=151.865279
[GA][Iter3] Gen:6 Ind:7 RMSE(val)=151.893195
[GA][Iter3] Gen:6 Ind:8 RMSE(val)=151.893195
[GA][Iter3] Gen:6 Ind:9 RMSE(val)=151.893195
[GA][Iter3] Gen:6 Ind:10 RMSE(val)=151.893195
[GA][Iter3] Gen:6 Ind:11 RMSE(val)=151.893195
[GA][Iter3] Gen:6 Ind:12 RMSE(val)=151.893195
[GA][Iter3] Gen:6 Ind:13 RMSE(val)=151.893195
[GA][Iter3] Gen:6 Ind:14 RMSE(val)=151.893195
[GA][Iter3] Gen:6 Ind:15 RMSE(val)=151.291497
[GA][Iter3] Gen:6 Ind:16 RMSE(val)=150.882355
[GA][Iter3] Gen:6 Ind:17 RMSE(val)=151.893195
[GA][Iter3] Gen:6 Ind:18 RMSE(val)=150.882355
[GA][Iter3] Gen:6 Ind:19 RMSE(val)=150.882355
[GA][Iter3] Gen:6 Ind:20 RMSE(val)=150.882355
[GA][Iter3] gen=6 best_val_rmse=150.882355
[GA][Iter3] Gen:7 Ind:1 RMSE(val)=150.882355
[GA][Iter3] Gen:7 Ind:2 RMSE(val)=150.882355
[GA][Iter3] Gen:7 Ind:3 RMSE(val)=150.882355
[GA][Iter3] Gen:7 Ind:4 RMSE(val)=150.882355
[GA][Iter3] Gen:7 Ind:5 RMSE(val)=150.882355
[GA][Iter3] Gen:7 Ind:6 RMSE(val)=150.882355
[GA][Iter3] Gen:7 Ind:7 RMSE(val)=150.882355
[GA][Iter3] Gen:7 Ind:8 RMSE(val)=150.882355
[GA][Iter3] Gen:7 Ind:9 RMSE(val)=151.291497
[GA][Iter3] Gen:7 Ind:10 RMSE(val)=151.291497
[GA][Iter3] Gen:7 Ind:11 RMSE(val)=150.882355
[GA][Iter3] Gen:7 Ind:12 RMSE(val)=150.882355
[GA][Iter3] Gen:7 Ind:13 RMSE(val)=150.882355
[GA][Iter3] Gen:7 Ind:14 RMSE(val)=150.882355
[GA][Iter3] Gen:7 Ind:15 RMSE(val)=150.882355
[GA][Iter3] Gen:7 Ind:16 RMSE(val)=150.882355
[GA][Iter3] Gen:7 Ind:17 RMSE(val)=150.882355
[GA][Iter3] Gen:7 Ind:18 RMSE(val)=151.291497
[GA][Iter3] Gen:7 Ind:19 RMSE(val)=150.882355
[GA][Iter3] Gen:7 Ind:20 RMSE(val)=150.882355
[GA][Iter3] gen=7 best_val_rmse=150.882355
[GA][Iter3] Gen:8 Ind:1 RMSE(val)=150.882355
[GA][Iter3] Gen:8 Ind:2 RMSE(val)=150.882355
[GA][Iter3] Gen:8 Ind:3 RMSE(val)=150.882355
[GA][Iter3] Gen:8 Ind:4 RMSE(val)=150.882355
[GA][Iter3] Gen:8 Ind:5 RMSE(val)=150.882355
[GA][Iter3] Gen:8 Ind:6 RMSE(val)=150.882355
[GA][Iter3] Gen:8 Ind:7 RMSE(val)=150.882355
[GA][Iter3] Gen:8 Ind:8 RMSE(val)=150.882355
[GA][Iter3] Gen:8 Ind:9 RMSE(val)=150.882355
[GA][Iter3] Gen:8 Ind:10 RMSE(val)=150.882355
[GA][Iter3] Gen:8 Ind:11 RMSE(val)=150.882355
[GA][Iter3] Gen:8 Ind:12 RMSE(val)=150.882355
[GA][Iter3] Gen:8 Ind:13 RMSE(val)=150.882355
[GA][Iter3] Gen:8 Ind:14 RMSE(val)=150.882355
[GA][Iter3] Gen:8 Ind:15 RMSE(val)=150.882355
[GA][Iter3] Gen:8 Ind:16 RMSE(val)=150.882355
[GA][Iter3] Gen:8 Ind:17 RMSE(val)=150.882355
[GA][Iter3] Gen:8 Ind:18 RMSE(val)=150.882355
[GA][Iter3] Gen:8 Ind:19 RMSE(val)=150.882355
[GA][Iter3] Gen:8 Ind:20 RMSE(val)=150.882355
[GA][Iter3] gen=8 best_val_rmse=150.882355
[GA][Iter3] Gen:9 Ind:1 RMSE(val)=150.882355
[GA][Iter3] Gen:9 Ind:2 RMSE(val)=150.882355
[GA][Iter3] Gen:9 Ind:3 RMSE(val)=150.882355
[GA][Iter3] Gen:9 Ind:4 RMSE(val)=150.882355
[GA][Iter3] Gen:9 Ind:5 RMSE(val)=150.882355
[GA][Iter3] Gen:9 Ind:6 RMSE(val)=150.882355
[GA][Iter3] Gen:9 Ind:7 RMSE(val)=150.882355
[GA][Iter3] Gen:9 Ind:8 RMSE(val)=150.882355
[GA][Iter3] Gen:9 Ind:9 RMSE(val)=150.882355
[GA][Iter3] Gen:9 Ind:10 RMSE(val)=150.882355
[GA][Iter3] Gen:9 Ind:11 RMSE(val)=150.882355
[GA][Iter3] Gen:9 Ind:12 RMSE(val)=150.882355
[GA][Iter3] Gen:9 Ind:13 RMSE(val)=157.450081
[GA][Iter3] Gen:9 Ind:14 RMSE(val)=158.359709
[GA][Iter3] Gen:9 Ind:15 RMSE(val)=150.882355
[GA][Iter3] Gen:9 Ind:16 RMSE(val)=194.210274
[GA][Iter3] Gen:9 Ind:17 RMSE(val)=194.210274
[GA][Iter3] Gen:9 Ind:18 RMSE(val)=146.231030
[GA][Iter3] Gen:9 Ind:19 RMSE(val)=150.882355
[GA][Iter3] Gen:9 Ind:20 RMSE(val)=150.882355
[GA][Iter3] gen=9 best_val_rmse=146.231030
[GA][Iter3] Gen:10 Ind:1 RMSE(val)=146.231030
[GA][Iter3] Gen:10 Ind:2 RMSE(val)=150.882355
[GA][Iter3] Gen:10 Ind:3 RMSE(val)=150.882355
[GA][Iter3] Gen:10 Ind:4 RMSE(val)=150.882355
[GA][Iter3] Gen:10 Ind:5 RMSE(val)=150.882355
[GA][Iter3] Gen:10 Ind:6 RMSE(val)=150.882355
[GA][Iter3] Gen:10 Ind:7 RMSE(val)=150.882355
[GA][Iter3] Gen:10 Ind:8 RMSE(val)=150.882355
[GA][Iter3] Gen:10 Ind:9 RMSE(val)=150.882355
[GA][Iter3] Gen:10 Ind:10 RMSE(val)=150.882355
[GA][Iter3] Gen:10 Ind:11 RMSE(val)=150.882355
[GA][Iter3] Gen:10 Ind:12 RMSE(val)=150.882355
[GA][Iter3] Gen:10 Ind:13 RMSE(val)=150.882355
[GA][Iter3] Gen:10 Ind:14 RMSE(val)=146.231030
[GA][Iter3] Gen:10 Ind:15 RMSE(val)=150.882355
[GA][Iter3] Gen:10 Ind:16 RMSE(val)=150.882355
[GA][Iter3] Gen:10 Ind:17 RMSE(val)=150.882355
[GA][Iter3] Gen:10 Ind:18 RMSE(val)=194.210274
[GA][Iter3] Gen:10 Ind:19 RMSE(val)=150.882355
[GA][Iter3] Gen:10 Ind:20 RMSE(val)=150.882355
[GA][Iter3] gen=10 best_val_rmse=146.231030
[GA][Iter3] Gen:11 Ind:1 RMSE(val)=146.231030
[GA][Iter3] Gen:11 Ind:2 RMSE(val)=146.231030
[GA][Iter3] Gen:11 Ind:3 RMSE(val)=150.882355
[GA][Iter3] Gen:11 Ind:4 RMSE(val)=150.882355
[GA][Iter3] Gen:11 Ind:5 RMSE(val)=150.882355
[GA][Iter3] Gen:11 Ind:6 RMSE(val)=150.882355
[GA][Iter3] Gen:11 Ind:7 RMSE(val)=150.882355
[GA][Iter3] Gen:11 Ind:8 RMSE(val)=150.882355
[GA][Iter3] Gen:11 Ind:9 RMSE(val)=150.882355
[GA][Iter3] Gen:11 Ind:10 RMSE(val)=150.882355
[GA][Iter3] Gen:11 Ind:11 RMSE(val)=150.882355
[GA][Iter3] Gen:11 Ind:12 RMSE(val)=150.882355
[GA][Iter3] Gen:11 Ind:13 RMSE(val)=150.882355
[GA][Iter3] Gen:11 Ind:14 RMSE(val)=150.882355
[GA][Iter3] Gen:11 Ind:15 RMSE(val)=150.882355
[GA][Iter3] Gen:11 Ind:16 RMSE(val)=150.882355
[GA][Iter3] Gen:11 Ind:17 RMSE(val)=150.882355
[GA][Iter3] Gen:11 Ind:18 RMSE(val)=150.882355
[GA][Iter3] Gen:11 Ind:19 RMSE(val)=150.882355
[GA][Iter3] Gen:11 Ind:20 RMSE(val)=150.882355
[GA][Iter3] gen=11 best_val_rmse=146.231030
[GA][Iter3] Gen:12 Ind:1 RMSE(val)=146.231030
[GA][Iter3] Gen:12 Ind:2 RMSE(val)=146.231030
[GA][Iter3] Gen:12 Ind:3 RMSE(val)=150.882355
[GA][Iter3] Gen:12 Ind:4 RMSE(val)=150.882355
[GA][Iter3] Gen:12 Ind:5 RMSE(val)=150.882355
[GA][Iter3] Gen:12 Ind:6 RMSE(val)=150.882355
[GA][Iter3] Gen:12 Ind:7 RMSE(val)=150.882355
[GA][Iter3] Gen:12 Ind:8 RMSE(val)=150.882355
[GA][Iter3] Gen:12 Ind:9 RMSE(val)=150.882355
[GA][Iter3] Gen:12 Ind:10 RMSE(val)=150.882355
[GA][Iter3] Gen:12 Ind:11 RMSE(val)=146.231030
[GA][Iter3] Gen:12 Ind:12 RMSE(val)=146.231030
[GA][Iter3] Gen:12 Ind:13 RMSE(val)=150.882355
[GA][Iter3] Gen:12 Ind:14 RMSE(val)=240.343950
[GA][Iter3] Gen:12 Ind:15 RMSE(val)=168.017973
[GA][Iter3] Gen:12 Ind:16 RMSE(val)=150.882355
[GA][Iter3] Gen:12 Ind:17 RMSE(val)=146.231030
[GA][Iter3] Gen:12 Ind:18 RMSE(val)=150.882355
[GA][Iter3] Gen:12 Ind:19 RMSE(val)=151.893195
[GA][Iter3] Gen:12 Ind:20 RMSE(val)=150.882355
[GA][Iter3] gen=12 best_val_rmse=146.231030
[GA][Iter3] Gen:13 Ind:1 RMSE(val)=146.231030
[GA][Iter3] Gen:13 Ind:2 RMSE(val)=146.231030
[GA][Iter3] Gen:13 Ind:3 RMSE(val)=146.231030
[GA][Iter3] Gen:13 Ind:4 RMSE(val)=146.231030
[GA][Iter3] Gen:13 Ind:5 RMSE(val)=146.231030
[GA][Iter3] Gen:13 Ind:6 RMSE(val)=150.882355
[GA][Iter3] Gen:13 Ind:7 RMSE(val)=150.882355
[GA][Iter3] Gen:13 Ind:8 RMSE(val)=150.882355
[GA][Iter3] Gen:13 Ind:9 RMSE(val)=150.882355
[GA][Iter3] Gen:13 Ind:10 RMSE(val)=150.882355
[GA][Iter3] Gen:13 Ind:11 RMSE(val)=146.231030
[GA][Iter3] Gen:13 Ind:12 RMSE(val)=150.882355
[GA][Iter3] Gen:13 Ind:13 RMSE(val)=146.231030
[GA][Iter3] Gen:13 Ind:14 RMSE(val)=150.882355
[GA][Iter3] Gen:13 Ind:15 RMSE(val)=150.882355
[GA][Iter3] Gen:13 Ind:16 RMSE(val)=150.882355
[GA][Iter3] Gen:13 Ind:17 RMSE(val)=146.231030
[GA][Iter3] Gen:13 Ind:18 RMSE(val)=240.343950
[GA][Iter3] Gen:13 Ind:19 RMSE(val)=146.231030
[GA][Iter3] Gen:13 Ind:20 RMSE(val)=146.231030
[GA][Iter3] gen=13 best_val_rmse=146.231030
[GA][Iter3] Gen:14 Ind:1 RMSE(val)=146.231030
[GA][Iter3] Gen:14 Ind:2 RMSE(val)=146.231030
[GA][Iter3] Gen:14 Ind:3 RMSE(val)=146.231030
[GA][Iter3] Gen:14 Ind:4 RMSE(val)=146.231030
[GA][Iter3] Gen:14 Ind:5 RMSE(val)=146.231030
[GA][Iter3] Gen:14 Ind:6 RMSE(val)=146.231030
[GA][Iter3] Gen:14 Ind:7 RMSE(val)=146.231030
[GA][Iter3] Gen:14 Ind:8 RMSE(val)=146.231030
[GA][Iter3] Gen:14 Ind:9 RMSE(val)=146.231030
[GA][Iter3] Gen:14 Ind:10 RMSE(val)=146.231030
[GA][Iter3] Gen:14 Ind:11 RMSE(val)=146.231030
[GA][Iter3] Gen:14 Ind:12 RMSE(val)=146.231030
[GA][Iter3] Gen:14 Ind:13 RMSE(val)=146.231030
[GA][Iter3] Gen:14 Ind:14 RMSE(val)=146.231030
[GA][Iter3] Gen:14 Ind:15 RMSE(val)=146.231030
[GA][Iter3] Gen:14 Ind:16 RMSE(val)=146.231030
[GA][Iter3] Gen:14 Ind:17 RMSE(val)=237.065227
[GA][Iter3] Gen:14 Ind:18 RMSE(val)=146.231030
[GA][Iter3] Gen:14 Ind:19 RMSE(val)=146.231030
[GA][Iter3] Gen:14 Ind:20 RMSE(val)=146.231030
[GA][Iter3] gen=14 best_val_rmse=146.231030
[GA][Iter3] Gen:15 Ind:1 RMSE(val)=146.231030
[GA][Iter3] Gen:15 Ind:2 RMSE(val)=146.231030
[GA][Iter3] Gen:15 Ind:3 RMSE(val)=146.231030
[GA][Iter3] Gen:15 Ind:4 RMSE(val)=146.231030
[GA][Iter3] Gen:15 Ind:5 RMSE(val)=146.231030
[GA][Iter3] Gen:15 Ind:6 RMSE(val)=146.231030
[GA][Iter3] Gen:15 Ind:7 RMSE(val)=146.231030
[GA][Iter3] Gen:15 Ind:8 RMSE(val)=146.231030
[GA][Iter3] Gen:15 Ind:9 RMSE(val)=146.231030
[GA][Iter3] Gen:15 Ind:10 RMSE(val)=146.231030
[GA][Iter3] Gen:15 Ind:11 RMSE(val)=146.231030
[GA][Iter3] Gen:15 Ind:12 RMSE(val)=146.231030
[GA][Iter3] Gen:15 Ind:13 RMSE(val)=146.231030
[GA][Iter3] Gen:15 Ind:14 RMSE(val)=146.231030
[GA][Iter3] Gen:15 Ind:15 RMSE(val)=146.231030
[GA][Iter3] Gen:15 Ind:16 RMSE(val)=146.231030
[GA][Iter3] Gen:15 Ind:17 RMSE(val)=146.231030
[GA][Iter3] Gen:15 Ind:18 RMSE(val)=146.231030
[GA][Iter3] Gen:15 Ind:19 RMSE(val)=146.231030
[GA][Iter3] Gen:15 Ind:20 RMSE(val)=150.882355
[GA][Iter3] gen=15 best_val_rmse=146.231030
[GA][Iter3] Gen:15 Ind:1 RMSE(val)=146.231030
[GA][Iter3] Gen:15 Ind:2 RMSE(val)=146.231030
[GA][Iter3] Gen:15 Ind:3 RMSE(val)=146.231030
[GA][Iter3] Gen:15 Ind:4 RMSE(val)=146.231030
[GA][Iter3] Gen:15 Ind:5 RMSE(val)=146.231030
[GA][Iter3] Gen:15 Ind:6 RMSE(val)=146.231030
[GA][Iter3] Gen:15 Ind:7 RMSE(val)=146.231030
[GA][Iter3] Gen:15 Ind:8 RMSE(val)=146.231030
[GA][Iter3] Gen:15 Ind:9 RMSE(val)=146.231030
[GA][Iter3] Gen:15 Ind:10 RMSE(val)=146.231030
[GA][Iter3] Gen:15 Ind:11 RMSE(val)=204.196414
[GA][Iter3] Gen:15 Ind:12 RMSE(val)=146.231030
[GA][Iter3] Gen:15 Ind:13 RMSE(val)=146.231030
[GA][Iter3] Gen:15 Ind:14 RMSE(val)=146.231030
[GA][Iter3] Gen:15 Ind:15 RMSE(val)=146.231030
[GA][Iter3] Gen:15 Ind:16 RMSE(val)=146.231030
[GA][Iter3] Gen:15 Ind:17 RMSE(val)=146.231030
[GA][Iter3] Gen:15 Ind:18 RMSE(val)=146.231030
[GA][Iter3] Gen:15 Ind:19 RMSE(val)=146.231030
[GA][Iter3] Gen:15 Ind:20 RMSE(val)=206.598168

[GA DONE][Iter3] Best params on val fold of Iter3
Best val RMSE: 146.231030
Best params: {'max_depth': 42, 'min_samples_split': 26, 'min_samples_leaf': 18, 'max_features': None, 'splitter': 'random', 'criterion': 'friedman_mse'}
--------------------------------------------------------------------------------
[RETUNE GA] Iter3: train folds 1..7 -> test fold 8  RMSE=296.856545  NRMSE=1.516905  CVRMSE=0.323926  R2=-1.312011
[GA][Iter4] Gen:1 Ind:1 RMSE(val)=231.890857
[GA][Iter4] Gen:1 Ind:2 RMSE(val)=263.279285
[GA][Iter4] Gen:1 Ind:3 RMSE(val)=292.146542
[GA][Iter4] Gen:1 Ind:4 RMSE(val)=237.457283
[GA][Iter4] Gen:1 Ind:5 RMSE(val)=221.356797
[GA][Iter4] Gen:1 Ind:6 RMSE(val)=263.288586
[GA][Iter4] Gen:1 Ind:7 RMSE(val)=255.285559
[GA][Iter4] Gen:1 Ind:8 RMSE(val)=252.145730
[GA][Iter4] Gen:1 Ind:9 RMSE(val)=389.909777
[GA][Iter4] Gen:1 Ind:10 RMSE(val)=293.390720
[GA][Iter4] Gen:1 Ind:11 RMSE(val)=240.921198
[GA][Iter4] Gen:1 Ind:12 RMSE(val)=212.442120
[GA][Iter4] Gen:1 Ind:13 RMSE(val)=268.867433
[GA][Iter4] Gen:1 Ind:14 RMSE(val)=271.442334
[GA][Iter4] Gen:1 Ind:15 RMSE(val)=235.239756
[GA][Iter4] Gen:1 Ind:16 RMSE(val)=204.298124
[GA][Iter4] Gen:1 Ind:17 RMSE(val)=267.837766
[GA][Iter4] Gen:1 Ind:18 RMSE(val)=251.800120
[GA][Iter4] Gen:1 Ind:19 RMSE(val)=264.425889
[GA][Iter4] Gen:1 Ind:20 RMSE(val)=279.281245
[GA][Iter4] gen=1 best_val_rmse=204.298124
[GA][Iter4] Gen:2 Ind:1 RMSE(val)=204.298124
[GA][Iter4] Gen:2 Ind:2 RMSE(val)=212.442120
[GA][Iter4] Gen:2 Ind:3 RMSE(val)=221.356797
[GA][Iter4] Gen:2 Ind:4 RMSE(val)=231.890857
[GA][Iter4] Gen:2 Ind:5 RMSE(val)=235.239756
[GA][Iter4] Gen:2 Ind:6 RMSE(val)=237.457283
[GA][Iter4] Gen:2 Ind:7 RMSE(val)=240.921198
[GA][Iter4] Gen:2 Ind:8 RMSE(val)=251.800120
[GA][Iter4] Gen:2 Ind:9 RMSE(val)=252.145730
[GA][Iter4] Gen:2 Ind:10 RMSE(val)=255.285559
[GA][Iter4] Gen:2 Ind:11 RMSE(val)=266.326920
[GA][Iter4] Gen:2 Ind:12 RMSE(val)=205.839283
[GA][Iter4] Gen:2 Ind:13 RMSE(val)=253.541596
[GA][Iter4] Gen:2 Ind:14 RMSE(val)=221.013241
[GA][Iter4] Gen:2 Ind:15 RMSE(val)=280.600771
[GA][Iter4] Gen:2 Ind:16 RMSE(val)=251.249060
[GA][Iter4] Gen:2 Ind:17 RMSE(val)=227.785787
[GA][Iter4] Gen:2 Ind:18 RMSE(val)=283.361406
[GA][Iter4] Gen:2 Ind:19 RMSE(val)=234.806191
[GA][Iter4] Gen:2 Ind:20 RMSE(val)=204.298124
[GA][Iter4] gen=2 best_val_rmse=204.298124
[GA][Iter4] Gen:3 Ind:1 RMSE(val)=204.298124
[GA][Iter4] Gen:3 Ind:2 RMSE(val)=204.298124
[GA][Iter4] Gen:3 Ind:3 RMSE(val)=205.839283
[GA][Iter4] Gen:3 Ind:4 RMSE(val)=212.442120
[GA][Iter4] Gen:3 Ind:5 RMSE(val)=221.013241
[GA][Iter4] Gen:3 Ind:6 RMSE(val)=221.356797
[GA][Iter4] Gen:3 Ind:7 RMSE(val)=227.785787
[GA][Iter4] Gen:3 Ind:8 RMSE(val)=231.890857
[GA][Iter4] Gen:3 Ind:9 RMSE(val)=234.806191
[GA][Iter4] Gen:3 Ind:10 RMSE(val)=235.239756
[GA][Iter4] Gen:3 Ind:11 RMSE(val)=293.711836
[GA][Iter4] Gen:3 Ind:12 RMSE(val)=204.298124
[GA][Iter4] Gen:3 Ind:13 RMSE(val)=280.600771
[GA][Iter4] Gen:3 Ind:14 RMSE(val)=241.303109
[GA][Iter4] Gen:3 Ind:15 RMSE(val)=228.762451
[GA][Iter4] Gen:3 Ind:16 RMSE(val)=231.890857
[GA][Iter4] Gen:3 Ind:17 RMSE(val)=212.442120
[GA][Iter4] Gen:3 Ind:18 RMSE(val)=261.587764
[GA][Iter4] Gen:3 Ind:19 RMSE(val)=212.442120
[GA][Iter4] Gen:3 Ind:20 RMSE(val)=227.785787
[GA][Iter4] gen=3 best_val_rmse=204.298124
[GA][Iter4] Gen:4 Ind:1 RMSE(val)=204.298124
[GA][Iter4] Gen:4 Ind:2 RMSE(val)=204.298124
[GA][Iter4] Gen:4 Ind:3 RMSE(val)=204.298124
[GA][Iter4] Gen:4 Ind:4 RMSE(val)=205.839283
[GA][Iter4] Gen:4 Ind:5 RMSE(val)=212.442120
[GA][Iter4] Gen:4 Ind:6 RMSE(val)=212.442120
[GA][Iter4] Gen:4 Ind:7 RMSE(val)=212.442120
[GA][Iter4] Gen:4 Ind:8 RMSE(val)=221.013241
[GA][Iter4] Gen:4 Ind:9 RMSE(val)=221.356797
[GA][Iter4] Gen:4 Ind:10 RMSE(val)=227.785787
[GA][Iter4] Gen:4 Ind:11 RMSE(val)=236.370113
[GA][Iter4] Gen:4 Ind:12 RMSE(val)=212.442120
[GA][Iter4] Gen:4 Ind:13 RMSE(val)=204.298124
[GA][Iter4] Gen:4 Ind:14 RMSE(val)=221.356797
[GA][Iter4] Gen:4 Ind:15 RMSE(val)=212.442120
[GA][Iter4] Gen:4 Ind:16 RMSE(val)=228.304961
[GA][Iter4] Gen:4 Ind:17 RMSE(val)=221.356797
[GA][Iter4] Gen:4 Ind:18 RMSE(val)=204.298124
[GA][Iter4] Gen:4 Ind:19 RMSE(val)=212.442120
[GA][Iter4] Gen:4 Ind:20 RMSE(val)=221.356797
[GA][Iter4] gen=4 best_val_rmse=204.298124
[GA][Iter4] Gen:5 Ind:1 RMSE(val)=204.298124
[GA][Iter4] Gen:5 Ind:2 RMSE(val)=204.298124
[GA][Iter4] Gen:5 Ind:3 RMSE(val)=204.298124
[GA][Iter4] Gen:5 Ind:4 RMSE(val)=204.298124
[GA][Iter4] Gen:5 Ind:5 RMSE(val)=204.298124
[GA][Iter4] Gen:5 Ind:6 RMSE(val)=205.839283
[GA][Iter4] Gen:5 Ind:7 RMSE(val)=212.442120
[GA][Iter4] Gen:5 Ind:8 RMSE(val)=212.442120
[GA][Iter4] Gen:5 Ind:9 RMSE(val)=212.442120
[GA][Iter4] Gen:5 Ind:10 RMSE(val)=212.442120
[GA][Iter4] Gen:5 Ind:11 RMSE(val)=204.298124
[GA][Iter4] Gen:5 Ind:12 RMSE(val)=205.839283
[GA][Iter4] Gen:5 Ind:13 RMSE(val)=205.839283
[GA][Iter4] Gen:5 Ind:14 RMSE(val)=204.298124
[GA][Iter4] Gen:5 Ind:15 RMSE(val)=228.304961
[GA][Iter4] Gen:5 Ind:16 RMSE(val)=205.839283
[GA][Iter4] Gen:5 Ind:17 RMSE(val)=204.298124
[GA][Iter4] Gen:5 Ind:18 RMSE(val)=228.304961
[GA][Iter4] Gen:5 Ind:19 RMSE(val)=204.298124
[GA][Iter4] Gen:5 Ind:20 RMSE(val)=212.442120
[GA][Iter4] gen=5 best_val_rmse=204.298124
[GA][Iter4] Gen:6 Ind:1 RMSE(val)=204.298124
[GA][Iter4] Gen:6 Ind:2 RMSE(val)=204.298124
[GA][Iter4] Gen:6 Ind:3 RMSE(val)=204.298124
[GA][Iter4] Gen:6 Ind:4 RMSE(val)=204.298124
[GA][Iter4] Gen:6 Ind:5 RMSE(val)=204.298124
[GA][Iter4] Gen:6 Ind:6 RMSE(val)=204.298124
[GA][Iter4] Gen:6 Ind:7 RMSE(val)=204.298124
[GA][Iter4] Gen:6 Ind:8 RMSE(val)=204.298124
[GA][Iter4] Gen:6 Ind:9 RMSE(val)=204.298124
[GA][Iter4] Gen:6 Ind:10 RMSE(val)=205.839283
[GA][Iter4] Gen:6 Ind:11 RMSE(val)=204.298124
[GA][Iter4] Gen:6 Ind:12 RMSE(val)=204.298124
[GA][Iter4] Gen:6 Ind:13 RMSE(val)=205.839283
[GA][Iter4] Gen:6 Ind:14 RMSE(val)=204.298124
[GA][Iter4] Gen:6 Ind:15 RMSE(val)=204.298124
[GA][Iter4] Gen:6 Ind:16 RMSE(val)=241.303109
[GA][Iter4] Gen:6 Ind:17 RMSE(val)=204.298124
[GA][Iter4] Gen:6 Ind:18 RMSE(val)=204.298124
[GA][Iter4] Gen:6 Ind:19 RMSE(val)=204.298124
[GA][Iter4] Gen:6 Ind:20 RMSE(val)=204.298124
[GA][Iter4] gen=6 best_val_rmse=204.298124
[GA][Iter4] Gen:7 Ind:1 RMSE(val)=204.298124
[GA][Iter4] Gen:7 Ind:2 RMSE(val)=204.298124
[GA][Iter4] Gen:7 Ind:3 RMSE(val)=204.298124
[GA][Iter4] Gen:7 Ind:4 RMSE(val)=204.298124
[GA][Iter4] Gen:7 Ind:5 RMSE(val)=204.298124
[GA][Iter4] Gen:7 Ind:6 RMSE(val)=204.298124
[GA][Iter4] Gen:7 Ind:7 RMSE(val)=204.298124
[GA][Iter4] Gen:7 Ind:8 RMSE(val)=204.298124
[GA][Iter4] Gen:7 Ind:9 RMSE(val)=204.298124
[GA][Iter4] Gen:7 Ind:10 RMSE(val)=204.298124
[GA][Iter4] Gen:7 Ind:11 RMSE(val)=204.298124
[GA][Iter4] Gen:7 Ind:12 RMSE(val)=204.298124
[GA][Iter4] Gen:7 Ind:13 RMSE(val)=204.298124
[GA][Iter4] Gen:7 Ind:14 RMSE(val)=204.298124
[GA][Iter4] Gen:7 Ind:15 RMSE(val)=204.298124
[GA][Iter4] Gen:7 Ind:16 RMSE(val)=204.298124
[GA][Iter4] Gen:7 Ind:17 RMSE(val)=204.298124
[GA][Iter4] Gen:7 Ind:18 RMSE(val)=204.298124
[GA][Iter4] Gen:7 Ind:19 RMSE(val)=204.298124
[GA][Iter4] Gen:7 Ind:20 RMSE(val)=204.298124
[GA][Iter4] gen=7 best_val_rmse=204.298124
[GA][Iter4] Gen:8 Ind:1 RMSE(val)=204.298124
[GA][Iter4] Gen:8 Ind:2 RMSE(val)=204.298124
[GA][Iter4] Gen:8 Ind:3 RMSE(val)=204.298124
[GA][Iter4] Gen:8 Ind:4 RMSE(val)=204.298124
[GA][Iter4] Gen:8 Ind:5 RMSE(val)=204.298124
[GA][Iter4] Gen:8 Ind:6 RMSE(val)=204.298124
[GA][Iter4] Gen:8 Ind:7 RMSE(val)=204.298124
[GA][Iter4] Gen:8 Ind:8 RMSE(val)=204.298124
[GA][Iter4] Gen:8 Ind:9 RMSE(val)=204.298124
[GA][Iter4] Gen:8 Ind:10 RMSE(val)=204.298124
[GA][Iter4] Gen:8 Ind:11 RMSE(val)=204.298124
[GA][Iter4] Gen:8 Ind:12 RMSE(val)=204.298124
[GA][Iter4] Gen:8 Ind:13 RMSE(val)=204.298124
[GA][Iter4] Gen:8 Ind:14 RMSE(val)=204.298124
[GA][Iter4] Gen:8 Ind:15 RMSE(val)=204.298124
[GA][Iter4] Gen:8 Ind:16 RMSE(val)=204.298124
[GA][Iter4] Gen:8 Ind:17 RMSE(val)=204.298124
[GA][Iter4] Gen:8 Ind:18 RMSE(val)=204.298124
[GA][Iter4] Gen:8 Ind:19 RMSE(val)=204.298124
[GA][Iter4] Gen:8 Ind:20 RMSE(val)=204.298124
[GA][Iter4] gen=8 best_val_rmse=204.298124
[GA][Iter4] Gen:9 Ind:1 RMSE(val)=204.298124
[GA][Iter4] Gen:9 Ind:2 RMSE(val)=204.298124
[GA][Iter4] Gen:9 Ind:3 RMSE(val)=204.298124
[GA][Iter4] Gen:9 Ind:4 RMSE(val)=204.298124
[GA][Iter4] Gen:9 Ind:5 RMSE(val)=204.298124
[GA][Iter4] Gen:9 Ind:6 RMSE(val)=204.298124
[GA][Iter4] Gen:9 Ind:7 RMSE(val)=204.298124
[GA][Iter4] Gen:9 Ind:8 RMSE(val)=204.298124
[GA][Iter4] Gen:9 Ind:9 RMSE(val)=204.298124
[GA][Iter4] Gen:9 Ind:10 RMSE(val)=204.298124
[GA][Iter4] Gen:9 Ind:11 RMSE(val)=204.298124
[GA][Iter4] Gen:9 Ind:12 RMSE(val)=204.298124
[GA][Iter4] Gen:9 Ind:13 RMSE(val)=204.298124
[GA][Iter4] Gen:9 Ind:14 RMSE(val)=204.298124
[GA][Iter4] Gen:9 Ind:15 RMSE(val)=204.298124
[GA][Iter4] Gen:9 Ind:16 RMSE(val)=228.304961
[GA][Iter4] Gen:9 Ind:17 RMSE(val)=228.304961
[GA][Iter4] Gen:9 Ind:18 RMSE(val)=280.600771
[GA][Iter4] Gen:9 Ind:19 RMSE(val)=204.298124
[GA][Iter4] Gen:9 Ind:20 RMSE(val)=204.298124
[GA][Iter4] gen=9 best_val_rmse=204.298124
[GA][Iter4] Gen:10 Ind:1 RMSE(val)=204.298124
[GA][Iter4] Gen:10 Ind:2 RMSE(val)=204.298124
[GA][Iter4] Gen:10 Ind:3 RMSE(val)=204.298124
[GA][Iter4] Gen:10 Ind:4 RMSE(val)=204.298124
[GA][Iter4] Gen:10 Ind:5 RMSE(val)=204.298124
[GA][Iter4] Gen:10 Ind:6 RMSE(val)=204.298124
[GA][Iter4] Gen:10 Ind:7 RMSE(val)=204.298124
[GA][Iter4] Gen:10 Ind:8 RMSE(val)=204.298124
[GA][Iter4] Gen:10 Ind:9 RMSE(val)=204.298124
[GA][Iter4] Gen:10 Ind:10 RMSE(val)=204.298124
[GA][Iter4] Gen:10 Ind:11 RMSE(val)=241.303109
[GA][Iter4] Gen:10 Ind:12 RMSE(val)=204.298124
[GA][Iter4] Gen:10 Ind:13 RMSE(val)=204.298124
[GA][Iter4] Gen:10 Ind:14 RMSE(val)=204.298124
[GA][Iter4] Gen:10 Ind:15 RMSE(val)=204.298124
[GA][Iter4] Gen:10 Ind:16 RMSE(val)=204.298124
[GA][Iter4] Gen:10 Ind:17 RMSE(val)=204.298124
[GA][Iter4] Gen:10 Ind:18 RMSE(val)=228.304961
[GA][Iter4] Gen:10 Ind:19 RMSE(val)=204.298124
[GA][Iter4] Gen:10 Ind:20 RMSE(val)=204.298124
[GA][Iter4] gen=10 best_val_rmse=204.298124
[GA][Iter4] Gen:11 Ind:1 RMSE(val)=204.298124
[GA][Iter4] Gen:11 Ind:2 RMSE(val)=204.298124
[GA][Iter4] Gen:11 Ind:3 RMSE(val)=204.298124
[GA][Iter4] Gen:11 Ind:4 RMSE(val)=204.298124
[GA][Iter4] Gen:11 Ind:5 RMSE(val)=204.298124
[GA][Iter4] Gen:11 Ind:6 RMSE(val)=204.298124
[GA][Iter4] Gen:11 Ind:7 RMSE(val)=204.298124
[GA][Iter4] Gen:11 Ind:8 RMSE(val)=204.298124
[GA][Iter4] Gen:11 Ind:9 RMSE(val)=204.298124
[GA][Iter4] Gen:11 Ind:10 RMSE(val)=204.298124
[GA][Iter4] Gen:11 Ind:11 RMSE(val)=204.298124
[GA][Iter4] Gen:11 Ind:12 RMSE(val)=204.298124
[GA][Iter4] Gen:11 Ind:13 RMSE(val)=204.298124
[GA][Iter4] Gen:11 Ind:14 RMSE(val)=204.298124
[GA][Iter4] Gen:11 Ind:15 RMSE(val)=204.298124
[GA][Iter4] Gen:11 Ind:16 RMSE(val)=204.298124
[GA][Iter4] Gen:11 Ind:17 RMSE(val)=204.298124
[GA][Iter4] Gen:11 Ind:18 RMSE(val)=204.298124
[GA][Iter4] Gen:11 Ind:19 RMSE(val)=204.298124
[GA][Iter4] Gen:11 Ind:20 RMSE(val)=204.298124
[GA][Iter4] gen=11 best_val_rmse=204.298124
[GA][Iter4] Gen:12 Ind:1 RMSE(val)=204.298124
[GA][Iter4] Gen:12 Ind:2 RMSE(val)=204.298124
[GA][Iter4] Gen:12 Ind:3 RMSE(val)=204.298124
[GA][Iter4] Gen:12 Ind:4 RMSE(val)=204.298124
[GA][Iter4] Gen:12 Ind:5 RMSE(val)=204.298124
[GA][Iter4] Gen:12 Ind:6 RMSE(val)=204.298124
[GA][Iter4] Gen:12 Ind:7 RMSE(val)=204.298124
[GA][Iter4] Gen:12 Ind:8 RMSE(val)=204.298124
[GA][Iter4] Gen:12 Ind:9 RMSE(val)=204.298124
[GA][Iter4] Gen:12 Ind:10 RMSE(val)=204.298124
[GA][Iter4] Gen:12 Ind:11 RMSE(val)=204.298124
[GA][Iter4] Gen:12 Ind:12 RMSE(val)=204.298124
[GA][Iter4] Gen:12 Ind:13 RMSE(val)=204.298124
[GA][Iter4] Gen:12 Ind:14 RMSE(val)=204.298124
[GA][Iter4] Gen:12 Ind:15 RMSE(val)=232.479331
[GA][Iter4] Gen:12 Ind:16 RMSE(val)=204.298124
[GA][Iter4] Gen:12 Ind:17 RMSE(val)=204.298124
[GA][Iter4] Gen:12 Ind:18 RMSE(val)=204.298124
[GA][Iter4] Gen:12 Ind:19 RMSE(val)=206.113637
[GA][Iter4] Gen:12 Ind:20 RMSE(val)=204.298124
[GA][Iter4] gen=12 best_val_rmse=204.298124
[GA][Iter4] Gen:13 Ind:1 RMSE(val)=204.298124
[GA][Iter4] Gen:13 Ind:2 RMSE(val)=204.298124
[GA][Iter4] Gen:13 Ind:3 RMSE(val)=204.298124
[GA][Iter4] Gen:13 Ind:4 RMSE(val)=204.298124
[GA][Iter4] Gen:13 Ind:5 RMSE(val)=204.298124
[GA][Iter4] Gen:13 Ind:6 RMSE(val)=204.298124
[GA][Iter4] Gen:13 Ind:7 RMSE(val)=204.298124
[GA][Iter4] Gen:13 Ind:8 RMSE(val)=204.298124
[GA][Iter4] Gen:13 Ind:9 RMSE(val)=204.298124
[GA][Iter4] Gen:13 Ind:10 RMSE(val)=204.298124
[GA][Iter4] Gen:13 Ind:11 RMSE(val)=204.298124
[GA][Iter4] Gen:13 Ind:12 RMSE(val)=204.298124
[GA][Iter4] Gen:13 Ind:13 RMSE(val)=204.298124
[GA][Iter4] Gen:13 Ind:14 RMSE(val)=204.298124
[GA][Iter4] Gen:13 Ind:15 RMSE(val)=204.298124
[GA][Iter4] Gen:13 Ind:16 RMSE(val)=204.298124
[GA][Iter4] Gen:13 Ind:17 RMSE(val)=204.298124
[GA][Iter4] Gen:13 Ind:18 RMSE(val)=204.298124
[GA][Iter4] Gen:13 Ind:19 RMSE(val)=204.298124
[GA][Iter4] Gen:13 Ind:20 RMSE(val)=204.298124
[GA][Iter4] gen=13 best_val_rmse=204.298124
[GA][Iter4] Gen:14 Ind:1 RMSE(val)=204.298124
[GA][Iter4] Gen:14 Ind:2 RMSE(val)=204.298124
[GA][Iter4] Gen:14 Ind:3 RMSE(val)=204.298124
[GA][Iter4] Gen:14 Ind:4 RMSE(val)=204.298124
[GA][Iter4] Gen:14 Ind:5 RMSE(val)=204.298124
[GA][Iter4] Gen:14 Ind:6 RMSE(val)=204.298124
[GA][Iter4] Gen:14 Ind:7 RMSE(val)=204.298124
[GA][Iter4] Gen:14 Ind:8 RMSE(val)=204.298124
[GA][Iter4] Gen:14 Ind:9 RMSE(val)=204.298124
[GA][Iter4] Gen:14 Ind:10 RMSE(val)=204.298124
[GA][Iter4] Gen:14 Ind:11 RMSE(val)=204.298124
[GA][Iter4] Gen:14 Ind:12 RMSE(val)=204.298124
[GA][Iter4] Gen:14 Ind:13 RMSE(val)=204.298124
[GA][Iter4] Gen:14 Ind:14 RMSE(val)=204.298124
[GA][Iter4] Gen:14 Ind:15 RMSE(val)=204.298124
[GA][Iter4] Gen:14 Ind:16 RMSE(val)=241.303109
[GA][Iter4] Gen:14 Ind:17 RMSE(val)=206.113637
[GA][Iter4] Gen:14 Ind:18 RMSE(val)=204.298124
[GA][Iter4] Gen:14 Ind:19 RMSE(val)=204.298124
[GA][Iter4] Gen:14 Ind:20 RMSE(val)=204.298124
[GA][Iter4] gen=14 best_val_rmse=204.298124
[GA][Iter4] Gen:15 Ind:1 RMSE(val)=204.298124
[GA][Iter4] Gen:15 Ind:2 RMSE(val)=204.298124
[GA][Iter4] Gen:15 Ind:3 RMSE(val)=204.298124
[GA][Iter4] Gen:15 Ind:4 RMSE(val)=204.298124
[GA][Iter4] Gen:15 Ind:5 RMSE(val)=204.298124
[GA][Iter4] Gen:15 Ind:6 RMSE(val)=204.298124
[GA][Iter4] Gen:15 Ind:7 RMSE(val)=204.298124
[GA][Iter4] Gen:15 Ind:8 RMSE(val)=204.298124
[GA][Iter4] Gen:15 Ind:9 RMSE(val)=204.298124
[GA][Iter4] Gen:15 Ind:10 RMSE(val)=204.298124
[GA][Iter4] Gen:15 Ind:11 RMSE(val)=204.298124
[GA][Iter4] Gen:15 Ind:12 RMSE(val)=204.298124
[GA][Iter4] Gen:15 Ind:13 RMSE(val)=204.298124
[GA][Iter4] Gen:15 Ind:14 RMSE(val)=204.298124
[GA][Iter4] Gen:15 Ind:15 RMSE(val)=204.298124
[GA][Iter4] Gen:15 Ind:16 RMSE(val)=241.303109
[GA][Iter4] Gen:15 Ind:17 RMSE(val)=204.298124
[GA][Iter4] Gen:15 Ind:18 RMSE(val)=204.298124
[GA][Iter4] Gen:15 Ind:19 RMSE(val)=204.298124
[GA][Iter4] Gen:15 Ind:20 RMSE(val)=204.298124
[GA][Iter4] gen=15 best_val_rmse=204.298124
[GA][Iter4] Gen:15 Ind:1 RMSE(val)=204.298124
[GA][Iter4] Gen:15 Ind:2 RMSE(val)=204.298124
[GA][Iter4] Gen:15 Ind:3 RMSE(val)=204.298124
[GA][Iter4] Gen:15 Ind:4 RMSE(val)=204.298124
[GA][Iter4] Gen:15 Ind:5 RMSE(val)=204.298124
[GA][Iter4] Gen:15 Ind:6 RMSE(val)=204.298124
[GA][Iter4] Gen:15 Ind:7 RMSE(val)=204.298124
[GA][Iter4] Gen:15 Ind:8 RMSE(val)=204.298124
[GA][Iter4] Gen:15 Ind:9 RMSE(val)=204.298124
[GA][Iter4] Gen:15 Ind:10 RMSE(val)=204.298124
[GA][Iter4] Gen:15 Ind:11 RMSE(val)=228.304961
[GA][Iter4] Gen:15 Ind:12 RMSE(val)=204.298124
[GA][Iter4] Gen:15 Ind:13 RMSE(val)=204.298124
[GA][Iter4] Gen:15 Ind:14 RMSE(val)=204.298124
[GA][Iter4] Gen:15 Ind:15 RMSE(val)=204.298124
[GA][Iter4] Gen:15 Ind:16 RMSE(val)=204.298124
[GA][Iter4] Gen:15 Ind:17 RMSE(val)=241.303109
[GA][Iter4] Gen:15 Ind:18 RMSE(val)=204.298124
[GA][Iter4] Gen:15 Ind:19 RMSE(val)=204.298124
[GA][Iter4] Gen:15 Ind:20 RMSE(val)=208.227424

[GA DONE][Iter4] Best params on val fold of Iter4
Best val RMSE: 204.298124
Best params: {'max_depth': 41, 'min_samples_split': 12, 'min_samples_leaf': 18, 'max_features': 'log2', 'splitter': 'best', 'criterion': 'squared_error'}
--------------------------------------------------------------------------------
[RETUNE GA] Iter4: train folds 1..8 -> test fold 9  RMSE=233.377200  NRMSE=1.318063  CVRMSE=0.247096  R2=-0.745602
[GA][Iter5] Gen:1 Ind:1 RMSE(val)=277.273411
[GA][Iter5] Gen:1 Ind:2 RMSE(val)=280.141425
[GA][Iter5] Gen:1 Ind:3 RMSE(val)=308.260264
[GA][Iter5] Gen:1 Ind:4 RMSE(val)=222.603341
[GA][Iter5] Gen:1 Ind:5 RMSE(val)=205.979802
[GA][Iter5] Gen:1 Ind:6 RMSE(val)=281.677902
[GA][Iter5] Gen:1 Ind:7 RMSE(val)=248.833463
[GA][Iter5] Gen:1 Ind:8 RMSE(val)=180.106412
[GA][Iter5] Gen:1 Ind:9 RMSE(val)=210.673687
[GA][Iter5] Gen:1 Ind:10 RMSE(val)=280.503395
[GA][Iter5] Gen:1 Ind:11 RMSE(val)=242.595668
[GA][Iter5] Gen:1 Ind:12 RMSE(val)=216.232054
[GA][Iter5] Gen:1 Ind:13 RMSE(val)=270.647493
[GA][Iter5] Gen:1 Ind:14 RMSE(val)=328.958388
[GA][Iter5] Gen:1 Ind:15 RMSE(val)=280.352219
[GA][Iter5] Gen:1 Ind:16 RMSE(val)=233.377200
[GA][Iter5] Gen:1 Ind:17 RMSE(val)=219.719624
[GA][Iter5] Gen:1 Ind:18 RMSE(val)=189.787852
[GA][Iter5] Gen:1 Ind:19 RMSE(val)=281.191081
[GA][Iter5] Gen:1 Ind:20 RMSE(val)=275.548606
[GA][Iter5] gen=1 best_val_rmse=180.106412
[GA][Iter5] Gen:2 Ind:1 RMSE(val)=180.106412
[GA][Iter5] Gen:2 Ind:2 RMSE(val)=189.787852
[GA][Iter5] Gen:2 Ind:3 RMSE(val)=205.979802
[GA][Iter5] Gen:2 Ind:4 RMSE(val)=210.673687
[GA][Iter5] Gen:2 Ind:5 RMSE(val)=216.232054
[GA][Iter5] Gen:2 Ind:6 RMSE(val)=219.719624
[GA][Iter5] Gen:2 Ind:7 RMSE(val)=222.603341
[GA][Iter5] Gen:2 Ind:8 RMSE(val)=233.377200
[GA][Iter5] Gen:2 Ind:9 RMSE(val)=242.595668
[GA][Iter5] Gen:2 Ind:10 RMSE(val)=248.833463
[GA][Iter5] Gen:2 Ind:11 RMSE(val)=216.232054
[GA][Iter5] Gen:2 Ind:12 RMSE(val)=185.279059
[GA][Iter5] Gen:2 Ind:13 RMSE(val)=242.595668
[GA][Iter5] Gen:2 Ind:14 RMSE(val)=187.553784
[GA][Iter5] Gen:2 Ind:15 RMSE(val)=245.993033
[GA][Iter5] Gen:2 Ind:16 RMSE(val)=178.563481
[GA][Iter5] Gen:2 Ind:17 RMSE(val)=180.097716
[GA][Iter5] Gen:2 Ind:18 RMSE(val)=281.283563
[GA][Iter5] Gen:2 Ind:19 RMSE(val)=180.097716
[GA][Iter5] Gen:2 Ind:20 RMSE(val)=180.106412
[GA][Iter5] gen=2 best_val_rmse=178.563481
[GA][Iter5] Gen:3 Ind:1 RMSE(val)=178.563481
[GA][Iter5] Gen:3 Ind:2 RMSE(val)=180.097716
[GA][Iter5] Gen:3 Ind:3 RMSE(val)=180.097716
[GA][Iter5] Gen:3 Ind:4 RMSE(val)=180.106412
[GA][Iter5] Gen:3 Ind:5 RMSE(val)=180.106412
[GA][Iter5] Gen:3 Ind:6 RMSE(val)=185.279059
[GA][Iter5] Gen:3 Ind:7 RMSE(val)=187.553784
[GA][Iter5] Gen:3 Ind:8 RMSE(val)=189.787852
[GA][Iter5] Gen:3 Ind:9 RMSE(val)=205.979802
[GA][Iter5] Gen:3 Ind:10 RMSE(val)=210.673687
[GA][Iter5] Gen:3 Ind:11 RMSE(val)=210.673687
[GA][Iter5] Gen:3 Ind:12 RMSE(val)=180.332686
[GA][Iter5] Gen:3 Ind:13 RMSE(val)=180.106412
[GA][Iter5] Gen:3 Ind:14 RMSE(val)=179.678363
[GA][Iter5] Gen:3 Ind:15 RMSE(val)=177.787673
[GA][Iter5] Gen:3 Ind:16 RMSE(val)=281.191081
[GA][Iter5] Gen:3 Ind:17 RMSE(val)=226.747521
[GA][Iter5] Gen:3 Ind:18 RMSE(val)=177.190720
[GA][Iter5] Gen:3 Ind:19 RMSE(val)=255.881293
[GA][Iter5] Gen:3 Ind:20 RMSE(val)=225.896248
[GA][Iter5] gen=3 best_val_rmse=177.190720
[GA][Iter5] Gen:4 Ind:1 RMSE(val)=177.190720
[GA][Iter5] Gen:4 Ind:2 RMSE(val)=177.787673
[GA][Iter5] Gen:4 Ind:3 RMSE(val)=178.563481
[GA][Iter5] Gen:4 Ind:4 RMSE(val)=179.678363
[GA][Iter5] Gen:4 Ind:5 RMSE(val)=180.097716
[GA][Iter5] Gen:4 Ind:6 RMSE(val)=180.097716
[GA][Iter5] Gen:4 Ind:7 RMSE(val)=180.106412
[GA][Iter5] Gen:4 Ind:8 RMSE(val)=180.106412
[GA][Iter5] Gen:4 Ind:9 RMSE(val)=180.106412
[GA][Iter5] Gen:4 Ind:10 RMSE(val)=180.332686
[GA][Iter5] Gen:4 Ind:11 RMSE(val)=180.114742
[GA][Iter5] Gen:4 Ind:12 RMSE(val)=180.332686
[GA][Iter5] Gen:4 Ind:13 RMSE(val)=270.918733
[GA][Iter5] Gen:4 Ind:14 RMSE(val)=180.106412
[GA][Iter5] Gen:4 Ind:15 RMSE(val)=180.106412
[GA][Iter5] Gen:4 Ind:16 RMSE(val)=180.106412
[GA][Iter5] Gen:4 Ind:17 RMSE(val)=178.563481
[GA][Iter5] Gen:4 Ind:18 RMSE(val)=178.563481
[GA][Iter5] Gen:4 Ind:19 RMSE(val)=180.097716
[GA][Iter5] Gen:4 Ind:20 RMSE(val)=180.106412
[GA][Iter5] gen=4 best_val_rmse=177.190720
[GA][Iter5] Gen:5 Ind:1 RMSE(val)=177.190720
[GA][Iter5] Gen:5 Ind:2 RMSE(val)=177.787673
[GA][Iter5] Gen:5 Ind:3 RMSE(val)=178.563481
[GA][Iter5] Gen:5 Ind:4 RMSE(val)=178.563481
[GA][Iter5] Gen:5 Ind:5 RMSE(val)=178.563481
[GA][Iter5] Gen:5 Ind:6 RMSE(val)=179.678363
[GA][Iter5] Gen:5 Ind:7 RMSE(val)=180.097716
[GA][Iter5] Gen:5 Ind:8 RMSE(val)=180.097716
[GA][Iter5] Gen:5 Ind:9 RMSE(val)=180.097716
[GA][Iter5] Gen:5 Ind:10 RMSE(val)=180.106412
[GA][Iter5] Gen:5 Ind:11 RMSE(val)=177.190720
[GA][Iter5] Gen:5 Ind:12 RMSE(val)=180.106412
[GA][Iter5] Gen:5 Ind:13 RMSE(val)=178.563481
[GA][Iter5] Gen:5 Ind:14 RMSE(val)=178.563481
[GA][Iter5] Gen:5 Ind:15 RMSE(val)=253.697790
[GA][Iter5] Gen:5 Ind:16 RMSE(val)=180.332686
[GA][Iter5] Gen:5 Ind:17 RMSE(val)=253.840477
[GA][Iter5] Gen:5 Ind:18 RMSE(val)=177.787673
[GA][Iter5] Gen:5 Ind:19 RMSE(val)=177.787673
[GA][Iter5] Gen:5 Ind:20 RMSE(val)=180.332686
[GA][Iter5] gen=5 best_val_rmse=177.190720
[GA][Iter5] Gen:6 Ind:1 RMSE(val)=177.190720
[GA][Iter5] Gen:6 Ind:2 RMSE(val)=177.190720
[GA][Iter5] Gen:6 Ind:3 RMSE(val)=177.787673
[GA][Iter5] Gen:6 Ind:4 RMSE(val)=177.787673
[GA][Iter5] Gen:6 Ind:5 RMSE(val)=177.787673
[GA][Iter5] Gen:6 Ind:6 RMSE(val)=178.563481
[GA][Iter5] Gen:6 Ind:7 RMSE(val)=178.563481
[GA][Iter5] Gen:6 Ind:8 RMSE(val)=178.563481
[GA][Iter5] Gen:6 Ind:9 RMSE(val)=178.563481
[GA][Iter5] Gen:6 Ind:10 RMSE(val)=178.563481
[GA][Iter5] Gen:6 Ind:11 RMSE(val)=178.563481
[GA][Iter5] Gen:6 Ind:12 RMSE(val)=178.563481
[GA][Iter5] Gen:6 Ind:13 RMSE(val)=178.563481
[GA][Iter5] Gen:6 Ind:14 RMSE(val)=178.563481
[GA][Iter5] Gen:6 Ind:15 RMSE(val)=177.787673
[GA][Iter5] Gen:6 Ind:16 RMSE(val)=177.787673
[GA][Iter5] Gen:6 Ind:17 RMSE(val)=178.563481
[GA][Iter5] Gen:6 Ind:18 RMSE(val)=175.597683
[GA][Iter5] Gen:6 Ind:19 RMSE(val)=177.787673
[GA][Iter5] Gen:6 Ind:20 RMSE(val)=175.597683
[GA][Iter5] gen=6 best_val_rmse=175.597683
[GA][Iter5] Gen:7 Ind:1 RMSE(val)=175.597683
[GA][Iter5] Gen:7 Ind:2 RMSE(val)=175.597683
[GA][Iter5] Gen:7 Ind:3 RMSE(val)=177.190720
[GA][Iter5] Gen:7 Ind:4 RMSE(val)=177.190720
[GA][Iter5] Gen:7 Ind:5 RMSE(val)=177.787673
[GA][Iter5] Gen:7 Ind:6 RMSE(val)=177.787673
[GA][Iter5] Gen:7 Ind:7 RMSE(val)=177.787673
[GA][Iter5] Gen:7 Ind:8 RMSE(val)=177.787673
[GA][Iter5] Gen:7 Ind:9 RMSE(val)=177.787673
[GA][Iter5] Gen:7 Ind:10 RMSE(val)=177.787673
[GA][Iter5] Gen:7 Ind:11 RMSE(val)=177.190720
[GA][Iter5] Gen:7 Ind:12 RMSE(val)=243.846432
[GA][Iter5] Gen:7 Ind:13 RMSE(val)=175.597683
[GA][Iter5] Gen:7 Ind:14 RMSE(val)=175.597683
[GA][Iter5] Gen:7 Ind:15 RMSE(val)=177.190720
[GA][Iter5] Gen:7 Ind:16 RMSE(val)=177.787673
[GA][Iter5] Gen:7 Ind:17 RMSE(val)=177.787673
[GA][Iter5] Gen:7 Ind:18 RMSE(val)=177.787673
[GA][Iter5] Gen:7 Ind:19 RMSE(val)=177.787673
[GA][Iter5] Gen:7 Ind:20 RMSE(val)=177.954818
[GA][Iter5] gen=7 best_val_rmse=175.597683
[GA][Iter5] Gen:8 Ind:1 RMSE(val)=175.597683
[GA][Iter5] Gen:8 Ind:2 RMSE(val)=175.597683
[GA][Iter5] Gen:8 Ind:3 RMSE(val)=175.597683
[GA][Iter5] Gen:8 Ind:4 RMSE(val)=175.597683
[GA][Iter5] Gen:8 Ind:5 RMSE(val)=177.190720
[GA][Iter5] Gen:8 Ind:6 RMSE(val)=177.190720
[GA][Iter5] Gen:8 Ind:7 RMSE(val)=177.190720
[GA][Iter5] Gen:8 Ind:8 RMSE(val)=177.190720
[GA][Iter5] Gen:8 Ind:9 RMSE(val)=177.787673
[GA][Iter5] Gen:8 Ind:10 RMSE(val)=177.787673
[GA][Iter5] Gen:8 Ind:11 RMSE(val)=175.597683
[GA][Iter5] Gen:8 Ind:12 RMSE(val)=217.091982
[GA][Iter5] Gen:8 Ind:13 RMSE(val)=210.673687
[GA][Iter5] Gen:8 Ind:14 RMSE(val)=177.190720
[GA][Iter5] Gen:8 Ind:15 RMSE(val)=177.190720
[GA][Iter5] Gen:8 Ind:16 RMSE(val)=175.597683
[GA][Iter5] Gen:8 Ind:17 RMSE(val)=175.597683
[GA][Iter5] Gen:8 Ind:18 RMSE(val)=210.673687
[GA][Iter5] Gen:8 Ind:19 RMSE(val)=177.190720
[GA][Iter5] Gen:8 Ind:20 RMSE(val)=210.673687
[GA][Iter5] gen=8 best_val_rmse=175.597683
[GA][Iter5] Gen:9 Ind:1 RMSE(val)=175.597683
[GA][Iter5] Gen:9 Ind:2 RMSE(val)=175.597683
[GA][Iter5] Gen:9 Ind:3 RMSE(val)=175.597683
[GA][Iter5] Gen:9 Ind:4 RMSE(val)=175.597683
[GA][Iter5] Gen:9 Ind:5 RMSE(val)=175.597683
[GA][Iter5] Gen:9 Ind:6 RMSE(val)=175.597683
[GA][Iter5] Gen:9 Ind:7 RMSE(val)=175.597683
[GA][Iter5] Gen:9 Ind:8 RMSE(val)=177.190720
[GA][Iter5] Gen:9 Ind:9 RMSE(val)=177.190720
[GA][Iter5] Gen:9 Ind:10 RMSE(val)=177.190720
[GA][Iter5] Gen:9 Ind:11 RMSE(val)=177.190720
[GA][Iter5] Gen:9 Ind:12 RMSE(val)=175.597683
[GA][Iter5] Gen:9 Ind:13 RMSE(val)=270.918733
[GA][Iter5] Gen:9 Ind:14 RMSE(val)=175.597683
[GA][Iter5] Gen:9 Ind:15 RMSE(val)=181.911582
[GA][Iter5] Gen:9 Ind:16 RMSE(val)=270.918733
[GA][Iter5] Gen:9 Ind:17 RMSE(val)=288.798851
[GA][Iter5] Gen:9 Ind:18 RMSE(val)=177.190720
[GA][Iter5] Gen:9 Ind:19 RMSE(val)=177.190720
[GA][Iter5] Gen:9 Ind:20 RMSE(val)=175.597683
[GA][Iter5] gen=9 best_val_rmse=175.597683
[GA][Iter5] Gen:10 Ind:1 RMSE(val)=175.597683
[GA][Iter5] Gen:10 Ind:2 RMSE(val)=175.597683
[GA][Iter5] Gen:10 Ind:3 RMSE(val)=175.597683
[GA][Iter5] Gen:10 Ind:4 RMSE(val)=175.597683
[GA][Iter5] Gen:10 Ind:5 RMSE(val)=175.597683
[GA][Iter5] Gen:10 Ind:6 RMSE(val)=175.597683
[GA][Iter5] Gen:10 Ind:7 RMSE(val)=175.597683
[GA][Iter5] Gen:10 Ind:8 RMSE(val)=175.597683
[GA][Iter5] Gen:10 Ind:9 RMSE(val)=175.597683
[GA][Iter5] Gen:10 Ind:10 RMSE(val)=175.597683
[GA][Iter5] Gen:10 Ind:11 RMSE(val)=175.597683
[GA][Iter5] Gen:10 Ind:12 RMSE(val)=175.597683
[GA][Iter5] Gen:10 Ind:13 RMSE(val)=175.597683
[GA][Iter5] Gen:10 Ind:14 RMSE(val)=175.597683
[GA][Iter5] Gen:10 Ind:15 RMSE(val)=175.597683
[GA][Iter5] Gen:10 Ind:16 RMSE(val)=175.597683
[GA][Iter5] Gen:10 Ind:17 RMSE(val)=242.430343
[GA][Iter5] Gen:10 Ind:18 RMSE(val)=270.918733
[GA][Iter5] Gen:10 Ind:19 RMSE(val)=175.597683
[GA][Iter5] Gen:10 Ind:20 RMSE(val)=175.597683
[GA][Iter5] gen=10 best_val_rmse=175.597683
[GA][Iter5] Gen:11 Ind:1 RMSE(val)=175.597683
[GA][Iter5] Gen:11 Ind:2 RMSE(val)=175.597683
[GA][Iter5] Gen:11 Ind:3 RMSE(val)=175.597683
[GA][Iter5] Gen:11 Ind:4 RMSE(val)=175.597683
[GA][Iter5] Gen:11 Ind:5 RMSE(val)=175.597683
[GA][Iter5] Gen:11 Ind:6 RMSE(val)=175.597683
[GA][Iter5] Gen:11 Ind:7 RMSE(val)=175.597683
[GA][Iter5] Gen:11 Ind:8 RMSE(val)=175.597683
[GA][Iter5] Gen:11 Ind:9 RMSE(val)=175.597683
[GA][Iter5] Gen:11 Ind:10 RMSE(val)=175.597683
[GA][Iter5] Gen:11 Ind:11 RMSE(val)=175.597683
[GA][Iter5] Gen:11 Ind:12 RMSE(val)=175.597683
[GA][Iter5] Gen:11 Ind:13 RMSE(val)=175.597683
[GA][Iter5] Gen:11 Ind:14 RMSE(val)=175.597683
[GA][Iter5] Gen:11 Ind:15 RMSE(val)=175.597683
[GA][Iter5] Gen:11 Ind:16 RMSE(val)=175.597683
[GA][Iter5] Gen:11 Ind:17 RMSE(val)=175.597683
[GA][Iter5] Gen:11 Ind:18 RMSE(val)=175.597683
[GA][Iter5] Gen:11 Ind:19 RMSE(val)=175.597683
[GA][Iter5] Gen:11 Ind:20 RMSE(val)=175.597683
[GA][Iter5] gen=11 best_val_rmse=175.597683
[GA][Iter5] Gen:12 Ind:1 RMSE(val)=175.597683
[GA][Iter5] Gen:12 Ind:2 RMSE(val)=175.597683
[GA][Iter5] Gen:12 Ind:3 RMSE(val)=175.597683
[GA][Iter5] Gen:12 Ind:4 RMSE(val)=175.597683
[GA][Iter5] Gen:12 Ind:5 RMSE(val)=175.597683
[GA][Iter5] Gen:12 Ind:6 RMSE(val)=175.597683
[GA][Iter5] Gen:12 Ind:7 RMSE(val)=175.597683
[GA][Iter5] Gen:12 Ind:8 RMSE(val)=175.597683
[GA][Iter5] Gen:12 Ind:9 RMSE(val)=175.597683
[GA][Iter5] Gen:12 Ind:10 RMSE(val)=175.597683
[GA][Iter5] Gen:12 Ind:11 RMSE(val)=175.597683
[GA][Iter5] Gen:12 Ind:12 RMSE(val)=175.597683
[GA][Iter5] Gen:12 Ind:13 RMSE(val)=175.597683
[GA][Iter5] Gen:12 Ind:14 RMSE(val)=270.918733
[GA][Iter5] Gen:12 Ind:15 RMSE(val)=177.190720
[GA][Iter5] Gen:12 Ind:16 RMSE(val)=175.597683
[GA][Iter5] Gen:12 Ind:17 RMSE(val)=175.597683
[GA][Iter5] Gen:12 Ind:18 RMSE(val)=175.597683
[GA][Iter5] Gen:12 Ind:19 RMSE(val)=175.597683
[GA][Iter5] Gen:12 Ind:20 RMSE(val)=175.597683
[GA][Iter5] gen=12 best_val_rmse=175.597683
[GA][Iter5] Gen:13 Ind:1 RMSE(val)=175.597683
[GA][Iter5] Gen:13 Ind:2 RMSE(val)=175.597683
[GA][Iter5] Gen:13 Ind:3 RMSE(val)=175.597683
[GA][Iter5] Gen:13 Ind:4 RMSE(val)=175.597683
[GA][Iter5] Gen:13 Ind:5 RMSE(val)=175.597683
[GA][Iter5] Gen:13 Ind:6 RMSE(val)=175.597683
[GA][Iter5] Gen:13 Ind:7 RMSE(val)=175.597683
[GA][Iter5] Gen:13 Ind:8 RMSE(val)=175.597683
[GA][Iter5] Gen:13 Ind:9 RMSE(val)=175.597683
[GA][Iter5] Gen:13 Ind:10 RMSE(val)=175.597683
[GA][Iter5] Gen:13 Ind:11 RMSE(val)=175.597683
[GA][Iter5] Gen:13 Ind:12 RMSE(val)=175.597683
[GA][Iter5] Gen:13 Ind:13 RMSE(val)=175.597683
[GA][Iter5] Gen:13 Ind:14 RMSE(val)=175.597683
[GA][Iter5] Gen:13 Ind:15 RMSE(val)=243.846432
[GA][Iter5] Gen:13 Ind:16 RMSE(val)=175.597683
[GA][Iter5] Gen:13 Ind:17 RMSE(val)=175.597683
[GA][Iter5] Gen:13 Ind:18 RMSE(val)=270.918733
[GA][Iter5] Gen:13 Ind:19 RMSE(val)=175.597683
[GA][Iter5] Gen:13 Ind:20 RMSE(val)=175.597683
[GA][Iter5] gen=13 best_val_rmse=175.597683
[GA][Iter5] Gen:14 Ind:1 RMSE(val)=175.597683
[GA][Iter5] Gen:14 Ind:2 RMSE(val)=175.597683
[GA][Iter5] Gen:14 Ind:3 RMSE(val)=175.597683
[GA][Iter5] Gen:14 Ind:4 RMSE(val)=175.597683
[GA][Iter5] Gen:14 Ind:5 RMSE(val)=175.597683
[GA][Iter5] Gen:14 Ind:6 RMSE(val)=175.597683
[GA][Iter5] Gen:14 Ind:7 RMSE(val)=175.597683
[GA][Iter5] Gen:14 Ind:8 RMSE(val)=175.597683
[GA][Iter5] Gen:14 Ind:9 RMSE(val)=175.597683
[GA][Iter5] Gen:14 Ind:10 RMSE(val)=175.597683
[GA][Iter5] Gen:14 Ind:11 RMSE(val)=175.597683
[GA][Iter5] Gen:14 Ind:12 RMSE(val)=175.597683
[GA][Iter5] Gen:14 Ind:13 RMSE(val)=175.597683
[GA][Iter5] Gen:14 Ind:14 RMSE(val)=175.597683
[GA][Iter5] Gen:14 Ind:15 RMSE(val)=175.597683
[GA][Iter5] Gen:14 Ind:16 RMSE(val)=175.597683
[GA][Iter5] Gen:14 Ind:17 RMSE(val)=177.769628
[GA][Iter5] Gen:14 Ind:18 RMSE(val)=175.597683
[GA][Iter5] Gen:14 Ind:19 RMSE(val)=175.597683
[GA][Iter5] Gen:14 Ind:20 RMSE(val)=175.597683
[GA][Iter5] gen=14 best_val_rmse=175.597683
[GA][Iter5] Gen:15 Ind:1 RMSE(val)=175.597683
[GA][Iter5] Gen:15 Ind:2 RMSE(val)=175.597683
[GA][Iter5] Gen:15 Ind:3 RMSE(val)=175.597683
[GA][Iter5] Gen:15 Ind:4 RMSE(val)=175.597683
[GA][Iter5] Gen:15 Ind:5 RMSE(val)=175.597683
[GA][Iter5] Gen:15 Ind:6 RMSE(val)=175.597683
[GA][Iter5] Gen:15 Ind:7 RMSE(val)=175.597683
[GA][Iter5] Gen:15 Ind:8 RMSE(val)=175.597683
[GA][Iter5] Gen:15 Ind:9 RMSE(val)=175.597683
[GA][Iter5] Gen:15 Ind:10 RMSE(val)=175.597683
[GA][Iter5] Gen:15 Ind:11 RMSE(val)=175.597683
[GA][Iter5] Gen:15 Ind:12 RMSE(val)=175.597683
[GA][Iter5] Gen:15 Ind:13 RMSE(val)=175.597683
[GA][Iter5] Gen:15 Ind:14 RMSE(val)=175.597683
[GA][Iter5] Gen:15 Ind:15 RMSE(val)=175.597683
[GA][Iter5] Gen:15 Ind:16 RMSE(val)=175.597683
[GA][Iter5] Gen:15 Ind:17 RMSE(val)=175.597683
[GA][Iter5] Gen:15 Ind:18 RMSE(val)=175.597683
[GA][Iter5] Gen:15 Ind:19 RMSE(val)=175.597683
[GA][Iter5] Gen:15 Ind:20 RMSE(val)=243.846432
[GA][Iter5] gen=15 best_val_rmse=175.597683
[GA][Iter5] Gen:15 Ind:1 RMSE(val)=175.597683
[GA][Iter5] Gen:15 Ind:2 RMSE(val)=175.597683
[GA][Iter5] Gen:15 Ind:3 RMSE(val)=175.597683
[GA][Iter5] Gen:15 Ind:4 RMSE(val)=175.597683
[GA][Iter5] Gen:15 Ind:5 RMSE(val)=175.597683
[GA][Iter5] Gen:15 Ind:6 RMSE(val)=175.597683
[GA][Iter5] Gen:15 Ind:7 RMSE(val)=175.597683
[GA][Iter5] Gen:15 Ind:8 RMSE(val)=175.597683
[GA][Iter5] Gen:15 Ind:9 RMSE(val)=175.597683
[GA][Iter5] Gen:15 Ind:10 RMSE(val)=175.597683
[GA][Iter5] Gen:15 Ind:11 RMSE(val)=270.918733
[GA][Iter5] Gen:15 Ind:12 RMSE(val)=175.597683
[GA][Iter5] Gen:15 Ind:13 RMSE(val)=175.597683
[GA][Iter5] Gen:15 Ind:14 RMSE(val)=175.597683
[GA][Iter5] Gen:15 Ind:15 RMSE(val)=175.597683
[GA][Iter5] Gen:15 Ind:16 RMSE(val)=175.597683
[GA][Iter5] Gen:15 Ind:17 RMSE(val)=175.597683
[GA][Iter5] Gen:15 Ind:18 RMSE(val)=175.597683
[GA][Iter5] Gen:15 Ind:19 RMSE(val)=175.597683
[GA][Iter5] Gen:15 Ind:20 RMSE(val)=177.769628

[GA DONE][Iter5] Best params on val fold of Iter5
Best val RMSE: 175.597683
Best params: {'max_depth': 7, 'min_samples_split': 18, 'min_samples_leaf': 26, 'max_features': None, 'splitter': 'random', 'criterion': 'friedman_mse'}
--------------------------------------------------------------------------------
[RETUNE GA] Iter5: train folds 1..9 -> test fold 10  RMSE=172.772103  NRMSE=1.202446  CVRMSE=0.173419  R2=-0.452794
