=== BASELINE (project=rustlang, last-7 mean, expanding folds) ===
Iter1: train folds 1..5 -> test fold 6  RMSE=165.1339  NRMSE=0.9747  CVRMSE=0.3044  R˛=0.0480
Iter2: train folds 1..6 -> test fold 7  RMSE=100.8597  NRMSE=1.0164  CVRMSE=0.2396  R˛=-0.0352
Iter3: train folds 1..7 -> test fold 8  RMSE=123.2993  NRMSE=1.0237  CVRMSE=0.2797  R˛=-0.0502
Iter4: train folds 1..8 -> test fold 9  RMSE=120.3522  NRMSE=1.0423  CVRMSE=0.2567  R˛=-0.0887
Iter5: train folds 1..9 -> test fold 10  RMSE=99.4205  NRMSE=1.0406  CVRMSE=0.2131  R˛=-0.0852
--------------------------------------------------
[FEATURES] initial=137 kept_after_screening=73
['workflow_event_trigger', 'issuer_name', 'gh_files_added', 'gh_files_deleted', 'gh_files_modified', 'gh_lines_deleted', 'gh_test_churn', 'gh_is_pr', 'gh_description_complexity', 'gh_doc_files', 'total_jobs', 'gh_team_size_last_3_month', 'gh_num_pr_comments', 'docker_compose_changed', 'hour', 'dow', 'month', 'secs_since_prev', 'duration_lag_1', 'duration_lag_3', 'duration_lag_4', 'duration_lag_5', 'duration_lag_6', 'duration_lag_7', 'window_avg_7', 'window_std_7', 'ft___Dockerfile__', 'ft___css_', 'ft___hbs__', 'ft___j2__', 'ft___json5_', 'ft___lock_', 'ft___md_', 'ft___patch_', 'ft___rs_', 'ft___snap__', 'ft___snap___', 'ft___sql_', 'ft___toml_', 'ft___toml__', 'ft___ts_', 'ft___ts__', 'ft___txt__', 'ft___yaml_', 'ft___yaml__', 'ft___yml_', 'ft___yml__', 'ft____Dockerfile_', 'ft____Dockerfile__', 'ft____css__', 'ft____hbs_', 'ft____hbs__', 'ft____html__', 'ft____js__', 'ft____json__', 'ft____json5__', 'ft____lock__', 'ft____md__', 'ft____patch_', 'ft____pem_', 'ft____rs_', 'ft____rs__', 'ft____rs____dup1', 'ft____snap_', 'ft____snap__', 'ft____sql_', 'ft____sql__', 'ft____toml__', 'ft____ts_', 'ft____ts__', 'ft____yaml__', 'ft____yml__', 'ft___']
--------------------------------------------------------------------------------
[GA][Iter1] Gen:1 Ind:1 RMSE(val)=108.496032
[GA][Iter1] Gen:1 Ind:2 RMSE(val)=170.824206
[GA][Iter1] Gen:1 Ind:3 RMSE(val)=173.817813
[GA][Iter1] Gen:1 Ind:4 RMSE(val)=164.588773
[GA][Iter1] Gen:1 Ind:5 RMSE(val)=164.379488
[GA][Iter1] Gen:1 Ind:6 RMSE(val)=171.170064
[GA][Iter1] Gen:1 Ind:7 RMSE(val)=131.261085
[GA][Iter1] Gen:1 Ind:8 RMSE(val)=134.502652
[GA][Iter1] Gen:1 Ind:9 RMSE(val)=156.673511
[GA][Iter1] Gen:1 Ind:10 RMSE(val)=169.217758
[GA][Iter1] Gen:1 Ind:11 RMSE(val)=140.339849
[GA][Iter1] Gen:1 Ind:12 RMSE(val)=156.990128
[GA][Iter1] Gen:1 Ind:13 RMSE(val)=200.052674
[GA][Iter1] Gen:1 Ind:14 RMSE(val)=201.022065
[GA][Iter1] Gen:1 Ind:15 RMSE(val)=159.110479
[GA][Iter1] Gen:1 Ind:16 RMSE(val)=169.346902
[GA][Iter1] Gen:1 Ind:17 RMSE(val)=156.633310
[GA][Iter1] Gen:1 Ind:18 RMSE(val)=152.258152
[GA][Iter1] Gen:1 Ind:19 RMSE(val)=153.582756
[GA][Iter1] Gen:1 Ind:20 RMSE(val)=170.741551
[GA][Iter1] gen=1 best_val_rmse=108.496032
[GA][Iter1] Gen:2 Ind:1 RMSE(val)=108.496032
[GA][Iter1] Gen:2 Ind:2 RMSE(val)=131.261085
[GA][Iter1] Gen:2 Ind:3 RMSE(val)=134.502652
[GA][Iter1] Gen:2 Ind:4 RMSE(val)=140.339849
[GA][Iter1] Gen:2 Ind:5 RMSE(val)=152.258152
[GA][Iter1] Gen:2 Ind:6 RMSE(val)=153.582756
[GA][Iter1] Gen:2 Ind:7 RMSE(val)=156.633310
[GA][Iter1] Gen:2 Ind:8 RMSE(val)=156.673511
[GA][Iter1] Gen:2 Ind:9 RMSE(val)=156.990128
[GA][Iter1] Gen:2 Ind:10 RMSE(val)=159.110479
[GA][Iter1] Gen:2 Ind:11 RMSE(val)=152.258152
[GA][Iter1] Gen:2 Ind:12 RMSE(val)=137.467197
[GA][Iter1] Gen:2 Ind:13 RMSE(val)=182.786511
[GA][Iter1] Gen:2 Ind:14 RMSE(val)=152.451110
[GA][Iter1] Gen:2 Ind:15 RMSE(val)=130.436827
[GA][Iter1] Gen:2 Ind:16 RMSE(val)=182.786511
[GA][Iter1] Gen:2 Ind:17 RMSE(val)=156.673511
[GA][Iter1] Gen:2 Ind:18 RMSE(val)=146.524571
[GA][Iter1] Gen:2 Ind:19 RMSE(val)=171.170064
[GA][Iter1] Gen:2 Ind:20 RMSE(val)=153.292169
[GA][Iter1] gen=2 best_val_rmse=108.496032
[GA][Iter1] Gen:3 Ind:1 RMSE(val)=108.496032
[GA][Iter1] Gen:3 Ind:2 RMSE(val)=130.436827
[GA][Iter1] Gen:3 Ind:3 RMSE(val)=131.261085
[GA][Iter1] Gen:3 Ind:4 RMSE(val)=134.502652
[GA][Iter1] Gen:3 Ind:5 RMSE(val)=137.467197
[GA][Iter1] Gen:3 Ind:6 RMSE(val)=140.339849
[GA][Iter1] Gen:3 Ind:7 RMSE(val)=146.524571
[GA][Iter1] Gen:3 Ind:8 RMSE(val)=152.258152
[GA][Iter1] Gen:3 Ind:9 RMSE(val)=152.258152
[GA][Iter1] Gen:3 Ind:10 RMSE(val)=152.451110
[GA][Iter1] Gen:3 Ind:11 RMSE(val)=155.886922
[GA][Iter1] Gen:3 Ind:12 RMSE(val)=156.463288
[GA][Iter1] Gen:3 Ind:13 RMSE(val)=134.502652
[GA][Iter1] Gen:3 Ind:14 RMSE(val)=149.234144
[GA][Iter1] Gen:3 Ind:15 RMSE(val)=181.665262
[GA][Iter1] Gen:3 Ind:16 RMSE(val)=157.125225
[GA][Iter1] Gen:3 Ind:17 RMSE(val)=143.901553
[GA][Iter1] Gen:3 Ind:18 RMSE(val)=112.342187
[GA][Iter1] Gen:3 Ind:19 RMSE(val)=140.119289
[GA][Iter1] Gen:3 Ind:20 RMSE(val)=152.258152
[GA][Iter1] gen=3 best_val_rmse=108.496032
[GA][Iter1] Gen:4 Ind:1 RMSE(val)=108.496032
[GA][Iter1] Gen:4 Ind:2 RMSE(val)=112.342187
[GA][Iter1] Gen:4 Ind:3 RMSE(val)=130.436827
[GA][Iter1] Gen:4 Ind:4 RMSE(val)=131.261085
[GA][Iter1] Gen:4 Ind:5 RMSE(val)=134.502652
[GA][Iter1] Gen:4 Ind:6 RMSE(val)=134.502652
[GA][Iter1] Gen:4 Ind:7 RMSE(val)=137.467197
[GA][Iter1] Gen:4 Ind:8 RMSE(val)=140.119289
[GA][Iter1] Gen:4 Ind:9 RMSE(val)=140.339849
[GA][Iter1] Gen:4 Ind:10 RMSE(val)=143.901553
[GA][Iter1] Gen:4 Ind:11 RMSE(val)=131.182861
[GA][Iter1] Gen:4 Ind:12 RMSE(val)=143.212500
[GA][Iter1] Gen:4 Ind:13 RMSE(val)=167.878389
[GA][Iter1] Gen:4 Ind:14 RMSE(val)=140.339849
[GA][Iter1] Gen:4 Ind:15 RMSE(val)=156.463288
[GA][Iter1] Gen:4 Ind:16 RMSE(val)=140.339849
[GA][Iter1] Gen:4 Ind:17 RMSE(val)=137.467197
[GA][Iter1] Gen:4 Ind:18 RMSE(val)=143.421252
[GA][Iter1] Gen:4 Ind:19 RMSE(val)=134.502652
[GA][Iter1] Gen:4 Ind:20 RMSE(val)=154.114291
[GA][Iter1] gen=4 best_val_rmse=108.496032
[GA][Iter1] Gen:5 Ind:1 RMSE(val)=108.496032
[GA][Iter1] Gen:5 Ind:2 RMSE(val)=112.342187
[GA][Iter1] Gen:5 Ind:3 RMSE(val)=130.436827
[GA][Iter1] Gen:5 Ind:4 RMSE(val)=131.182861
[GA][Iter1] Gen:5 Ind:5 RMSE(val)=131.261085
[GA][Iter1] Gen:5 Ind:6 RMSE(val)=134.502652
[GA][Iter1] Gen:5 Ind:7 RMSE(val)=134.502652
[GA][Iter1] Gen:5 Ind:8 RMSE(val)=134.502652
[GA][Iter1] Gen:5 Ind:9 RMSE(val)=137.467197
[GA][Iter1] Gen:5 Ind:10 RMSE(val)=137.467197
[GA][Iter1] Gen:5 Ind:11 RMSE(val)=148.194236
[GA][Iter1] Gen:5 Ind:12 RMSE(val)=131.182861
[GA][Iter1] Gen:5 Ind:13 RMSE(val)=143.212500
[GA][Iter1] Gen:5 Ind:14 RMSE(val)=143.901553
[GA][Iter1] Gen:5 Ind:15 RMSE(val)=164.458930
[GA][Iter1] Gen:5 Ind:16 RMSE(val)=131.261085
[GA][Iter1] Gen:5 Ind:17 RMSE(val)=172.052956
[GA][Iter1] Gen:5 Ind:18 RMSE(val)=112.028979
[GA][Iter1] Gen:5 Ind:19 RMSE(val)=112.342187
[GA][Iter1] Gen:5 Ind:20 RMSE(val)=134.502652
[GA][Iter1] gen=5 best_val_rmse=108.496032
[GA][Iter1] Gen:6 Ind:1 RMSE(val)=108.496032
[GA][Iter1] Gen:6 Ind:2 RMSE(val)=112.028979
[GA][Iter1] Gen:6 Ind:3 RMSE(val)=112.342187
[GA][Iter1] Gen:6 Ind:4 RMSE(val)=112.342187
[GA][Iter1] Gen:6 Ind:5 RMSE(val)=130.436827
[GA][Iter1] Gen:6 Ind:6 RMSE(val)=131.182861
[GA][Iter1] Gen:6 Ind:7 RMSE(val)=131.182861
[GA][Iter1] Gen:6 Ind:8 RMSE(val)=131.261085
[GA][Iter1] Gen:6 Ind:9 RMSE(val)=131.261085
[GA][Iter1] Gen:6 Ind:10 RMSE(val)=134.502652
[GA][Iter1] Gen:6 Ind:11 RMSE(val)=131.182861
[GA][Iter1] Gen:6 Ind:12 RMSE(val)=131.261085
[GA][Iter1] Gen:6 Ind:13 RMSE(val)=134.502652
[GA][Iter1] Gen:6 Ind:14 RMSE(val)=129.900981
[GA][Iter1] Gen:6 Ind:15 RMSE(val)=130.436827
[GA][Iter1] Gen:6 Ind:16 RMSE(val)=156.362323
[GA][Iter1] Gen:6 Ind:17 RMSE(val)=130.078635
[GA][Iter1] Gen:6 Ind:18 RMSE(val)=153.292169
[GA][Iter1] Gen:6 Ind:19 RMSE(val)=131.261085
[GA][Iter1] Gen:6 Ind:20 RMSE(val)=164.379595
[GA][Iter1] gen=6 best_val_rmse=108.496032
[GA][Iter1] Gen:7 Ind:1 RMSE(val)=108.496032
[GA][Iter1] Gen:7 Ind:2 RMSE(val)=112.028979
[GA][Iter1] Gen:7 Ind:3 RMSE(val)=112.342187
[GA][Iter1] Gen:7 Ind:4 RMSE(val)=112.342187
[GA][Iter1] Gen:7 Ind:5 RMSE(val)=129.900981
[GA][Iter1] Gen:7 Ind:6 RMSE(val)=130.078635
[GA][Iter1] Gen:7 Ind:7 RMSE(val)=130.436827
[GA][Iter1] Gen:7 Ind:8 RMSE(val)=130.436827
[GA][Iter1] Gen:7 Ind:9 RMSE(val)=131.182861
[GA][Iter1] Gen:7 Ind:10 RMSE(val)=131.182861
[GA][Iter1] Gen:7 Ind:11 RMSE(val)=151.497220
[GA][Iter1] Gen:7 Ind:12 RMSE(val)=151.817908
[GA][Iter1] Gen:7 Ind:13 RMSE(val)=151.817908
[GA][Iter1] Gen:7 Ind:14 RMSE(val)=156.362323
[GA][Iter1] Gen:7 Ind:15 RMSE(val)=122.317739
[GA][Iter1] Gen:7 Ind:16 RMSE(val)=130.436827
[GA][Iter1] Gen:7 Ind:17 RMSE(val)=130.436827
[GA][Iter1] Gen:7 Ind:18 RMSE(val)=129.900981
[GA][Iter1] Gen:7 Ind:19 RMSE(val)=130.436827
[GA][Iter1] Gen:7 Ind:20 RMSE(val)=130.436827
[GA][Iter1] gen=7 best_val_rmse=108.496032
[GA][Iter1] Gen:8 Ind:1 RMSE(val)=108.496032
[GA][Iter1] Gen:8 Ind:2 RMSE(val)=112.028979
[GA][Iter1] Gen:8 Ind:3 RMSE(val)=112.342187
[GA][Iter1] Gen:8 Ind:4 RMSE(val)=112.342187
[GA][Iter1] Gen:8 Ind:5 RMSE(val)=122.317739
[GA][Iter1] Gen:8 Ind:6 RMSE(val)=129.900981
[GA][Iter1] Gen:8 Ind:7 RMSE(val)=129.900981
[GA][Iter1] Gen:8 Ind:8 RMSE(val)=130.078635
[GA][Iter1] Gen:8 Ind:9 RMSE(val)=130.436827
[GA][Iter1] Gen:8 Ind:10 RMSE(val)=130.436827
[GA][Iter1] Gen:8 Ind:11 RMSE(val)=153.883851
[GA][Iter1] Gen:8 Ind:12 RMSE(val)=150.881531
[GA][Iter1] Gen:8 Ind:13 RMSE(val)=122.317739
[GA][Iter1] Gen:8 Ind:14 RMSE(val)=130.078635
[GA][Iter1] Gen:8 Ind:15 RMSE(val)=112.342187
[GA][Iter1] Gen:8 Ind:16 RMSE(val)=130.078635
[GA][Iter1] Gen:8 Ind:17 RMSE(val)=122.317739
[GA][Iter1] Gen:8 Ind:18 RMSE(val)=152.451110
[GA][Iter1] Gen:8 Ind:19 RMSE(val)=122.317739
[GA][Iter1] Gen:8 Ind:20 RMSE(val)=131.182861
[GA][Iter1] gen=8 best_val_rmse=108.496032
[GA][Iter1] Gen:9 Ind:1 RMSE(val)=108.496032
[GA][Iter1] Gen:9 Ind:2 RMSE(val)=112.028979
[GA][Iter1] Gen:9 Ind:3 RMSE(val)=112.342187
[GA][Iter1] Gen:9 Ind:4 RMSE(val)=112.342187
[GA][Iter1] Gen:9 Ind:5 RMSE(val)=112.342187
[GA][Iter1] Gen:9 Ind:6 RMSE(val)=122.317739
[GA][Iter1] Gen:9 Ind:7 RMSE(val)=122.317739
[GA][Iter1] Gen:9 Ind:8 RMSE(val)=122.317739
[GA][Iter1] Gen:9 Ind:9 RMSE(val)=122.317739
[GA][Iter1] Gen:9 Ind:10 RMSE(val)=129.900981
[GA][Iter1] Gen:9 Ind:11 RMSE(val)=143.421252
[GA][Iter1] Gen:9 Ind:12 RMSE(val)=110.803993
[GA][Iter1] Gen:9 Ind:13 RMSE(val)=174.115686
[GA][Iter1] Gen:9 Ind:14 RMSE(val)=159.109873
[GA][Iter1] Gen:9 Ind:15 RMSE(val)=122.317739
[GA][Iter1] Gen:9 Ind:16 RMSE(val)=176.756281
[GA][Iter1] Gen:9 Ind:17 RMSE(val)=169.572035
[GA][Iter1] Gen:9 Ind:18 RMSE(val)=112.342187
[GA][Iter1] Gen:9 Ind:19 RMSE(val)=124.243373
[GA][Iter1] Gen:9 Ind:20 RMSE(val)=112.342187
[GA][Iter1] gen=9 best_val_rmse=108.496032
[GA][Iter1] Gen:10 Ind:1 RMSE(val)=108.496032
[GA][Iter1] Gen:10 Ind:2 RMSE(val)=110.803993
[GA][Iter1] Gen:10 Ind:3 RMSE(val)=112.028979
[GA][Iter1] Gen:10 Ind:4 RMSE(val)=112.342187
[GA][Iter1] Gen:10 Ind:5 RMSE(val)=112.342187
[GA][Iter1] Gen:10 Ind:6 RMSE(val)=112.342187
[GA][Iter1] Gen:10 Ind:7 RMSE(val)=112.342187
[GA][Iter1] Gen:10 Ind:8 RMSE(val)=112.342187
[GA][Iter1] Gen:10 Ind:9 RMSE(val)=122.317739
[GA][Iter1] Gen:10 Ind:10 RMSE(val)=122.317739
[GA][Iter1] Gen:10 Ind:11 RMSE(val)=112.028979
[GA][Iter1] Gen:10 Ind:12 RMSE(val)=112.342187
[GA][Iter1] Gen:10 Ind:13 RMSE(val)=112.342187
[GA][Iter1] Gen:10 Ind:14 RMSE(val)=166.376972
[GA][Iter1] Gen:10 Ind:15 RMSE(val)=110.803993
[GA][Iter1] Gen:10 Ind:16 RMSE(val)=112.342187
[GA][Iter1] Gen:10 Ind:17 RMSE(val)=151.817908
[GA][Iter1] Gen:10 Ind:18 RMSE(val)=176.756281
[GA][Iter1] Gen:10 Ind:19 RMSE(val)=110.803993
[GA][Iter1] Gen:10 Ind:20 RMSE(val)=155.886922
[GA][Iter1] gen=10 best_val_rmse=108.496032
[GA][Iter1] Gen:11 Ind:1 RMSE(val)=108.496032
[GA][Iter1] Gen:11 Ind:2 RMSE(val)=110.803993
[GA][Iter1] Gen:11 Ind:3 RMSE(val)=110.803993
[GA][Iter1] Gen:11 Ind:4 RMSE(val)=110.803993
[GA][Iter1] Gen:11 Ind:5 RMSE(val)=112.028979
[GA][Iter1] Gen:11 Ind:6 RMSE(val)=112.028979
[GA][Iter1] Gen:11 Ind:7 RMSE(val)=112.342187
[GA][Iter1] Gen:11 Ind:8 RMSE(val)=112.342187
[GA][Iter1] Gen:11 Ind:9 RMSE(val)=112.342187
[GA][Iter1] Gen:11 Ind:10 RMSE(val)=112.342187
[GA][Iter1] Gen:11 Ind:11 RMSE(val)=112.342187
[GA][Iter1] Gen:11 Ind:12 RMSE(val)=164.379595
[GA][Iter1] Gen:11 Ind:13 RMSE(val)=110.803993
[GA][Iter1] Gen:11 Ind:14 RMSE(val)=112.342187
[GA][Iter1] Gen:11 Ind:15 RMSE(val)=112.342187
[GA][Iter1] Gen:11 Ind:16 RMSE(val)=112.342187
[GA][Iter1] Gen:11 Ind:17 RMSE(val)=112.342187
[GA][Iter1] Gen:11 Ind:18 RMSE(val)=110.803993
[GA][Iter1] Gen:11 Ind:19 RMSE(val)=110.803993
[GA][Iter1] Gen:11 Ind:20 RMSE(val)=110.803993
[GA][Iter1] gen=11 best_val_rmse=108.496032
[GA][Iter1] Gen:12 Ind:1 RMSE(val)=108.496032
[GA][Iter1] Gen:12 Ind:2 RMSE(val)=110.803993
[GA][Iter1] Gen:12 Ind:3 RMSE(val)=110.803993
[GA][Iter1] Gen:12 Ind:4 RMSE(val)=110.803993
[GA][Iter1] Gen:12 Ind:5 RMSE(val)=110.803993
[GA][Iter1] Gen:12 Ind:6 RMSE(val)=110.803993
[GA][Iter1] Gen:12 Ind:7 RMSE(val)=110.803993
[GA][Iter1] Gen:12 Ind:8 RMSE(val)=110.803993
[GA][Iter1] Gen:12 Ind:9 RMSE(val)=112.028979
[GA][Iter1] Gen:12 Ind:10 RMSE(val)=112.028979
[GA][Iter1] Gen:12 Ind:11 RMSE(val)=155.886922
[GA][Iter1] Gen:12 Ind:12 RMSE(val)=110.779438
[GA][Iter1] Gen:12 Ind:13 RMSE(val)=110.803993
[GA][Iter1] Gen:12 Ind:14 RMSE(val)=170.086076
[GA][Iter1] Gen:12 Ind:15 RMSE(val)=110.818974
[GA][Iter1] Gen:12 Ind:16 RMSE(val)=110.803993
[GA][Iter1] Gen:12 Ind:17 RMSE(val)=110.803993
[GA][Iter1] Gen:12 Ind:18 RMSE(val)=110.818974
[GA][Iter1] Gen:12 Ind:19 RMSE(val)=112.374168
[GA][Iter1] Gen:12 Ind:20 RMSE(val)=110.803993
[GA][Iter1] gen=12 best_val_rmse=108.496032
[GA][Iter1] Gen:13 Ind:1 RMSE(val)=108.496032
[GA][Iter1] Gen:13 Ind:2 RMSE(val)=110.779438
[GA][Iter1] Gen:13 Ind:3 RMSE(val)=110.803993
[GA][Iter1] Gen:13 Ind:4 RMSE(val)=110.803993
[GA][Iter1] Gen:13 Ind:5 RMSE(val)=110.803993
[GA][Iter1] Gen:13 Ind:6 RMSE(val)=110.803993
[GA][Iter1] Gen:13 Ind:7 RMSE(val)=110.803993
[GA][Iter1] Gen:13 Ind:8 RMSE(val)=110.803993
[GA][Iter1] Gen:13 Ind:9 RMSE(val)=110.803993
[GA][Iter1] Gen:13 Ind:10 RMSE(val)=110.803993
[GA][Iter1] Gen:13 Ind:11 RMSE(val)=110.803993
[GA][Iter1] Gen:13 Ind:12 RMSE(val)=153.582756
[GA][Iter1] Gen:13 Ind:13 RMSE(val)=110.779438
[GA][Iter1] Gen:13 Ind:14 RMSE(val)=153.292169
[GA][Iter1] Gen:13 Ind:15 RMSE(val)=126.222277
[GA][Iter1] Gen:13 Ind:16 RMSE(val)=110.803993
[GA][Iter1] Gen:13 Ind:17 RMSE(val)=110.803993
[GA][Iter1] Gen:13 Ind:18 RMSE(val)=174.270898
[GA][Iter1] Gen:13 Ind:19 RMSE(val)=155.886922
[GA][Iter1] Gen:13 Ind:20 RMSE(val)=110.803993
[GA][Iter1] gen=13 best_val_rmse=108.496032
[GA][Iter1] Gen:14 Ind:1 RMSE(val)=108.496032
[GA][Iter1] Gen:14 Ind:2 RMSE(val)=110.779438
[GA][Iter1] Gen:14 Ind:3 RMSE(val)=110.779438
[GA][Iter1] Gen:14 Ind:4 RMSE(val)=110.803993
[GA][Iter1] Gen:14 Ind:5 RMSE(val)=110.803993
[GA][Iter1] Gen:14 Ind:6 RMSE(val)=110.803993
[GA][Iter1] Gen:14 Ind:7 RMSE(val)=110.803993
[GA][Iter1] Gen:14 Ind:8 RMSE(val)=110.803993
[GA][Iter1] Gen:14 Ind:9 RMSE(val)=110.803993
[GA][Iter1] Gen:14 Ind:10 RMSE(val)=110.803993
[GA][Iter1] Gen:14 Ind:11 RMSE(val)=122.317739
[GA][Iter1] Gen:14 Ind:12 RMSE(val)=122.317739
[GA][Iter1] Gen:14 Ind:13 RMSE(val)=110.803993
[GA][Iter1] Gen:14 Ind:14 RMSE(val)=111.925047
[GA][Iter1] Gen:14 Ind:15 RMSE(val)=110.779438
[GA][Iter1] Gen:14 Ind:16 RMSE(val)=110.803993
[GA][Iter1] Gen:14 Ind:17 RMSE(val)=110.809414
[GA][Iter1] Gen:14 Ind:18 RMSE(val)=110.963174
[GA][Iter1] Gen:14 Ind:19 RMSE(val)=123.220704
[GA][Iter1] Gen:14 Ind:20 RMSE(val)=111.433894
[GA][Iter1] gen=14 best_val_rmse=108.496032
[GA][Iter1] Gen:15 Ind:1 RMSE(val)=108.496032
[GA][Iter1] Gen:15 Ind:2 RMSE(val)=110.779438
[GA][Iter1] Gen:15 Ind:3 RMSE(val)=110.779438
[GA][Iter1] Gen:15 Ind:4 RMSE(val)=110.779438
[GA][Iter1] Gen:15 Ind:5 RMSE(val)=110.803993
[GA][Iter1] Gen:15 Ind:6 RMSE(val)=110.803993
[GA][Iter1] Gen:15 Ind:7 RMSE(val)=110.803993
[GA][Iter1] Gen:15 Ind:8 RMSE(val)=110.803993
[GA][Iter1] Gen:15 Ind:9 RMSE(val)=110.803993
[GA][Iter1] Gen:15 Ind:10 RMSE(val)=110.803993
[GA][Iter1] Gen:15 Ind:11 RMSE(val)=110.803993
[GA][Iter1] Gen:15 Ind:12 RMSE(val)=110.803993
[GA][Iter1] Gen:15 Ind:13 RMSE(val)=110.803993
[GA][Iter1] Gen:15 Ind:14 RMSE(val)=110.779438
[GA][Iter1] Gen:15 Ind:15 RMSE(val)=174.115686
[GA][Iter1] Gen:15 Ind:16 RMSE(val)=110.803993
[GA][Iter1] Gen:15 Ind:17 RMSE(val)=110.803993
[GA][Iter1] Gen:15 Ind:18 RMSE(val)=110.803993
[GA][Iter1] Gen:15 Ind:19 RMSE(val)=110.963174
[GA][Iter1] Gen:15 Ind:20 RMSE(val)=167.896564
[GA][Iter1] gen=15 best_val_rmse=108.496032
[GA][Iter1] Gen:15 Ind:1 RMSE(val)=108.496032
[GA][Iter1] Gen:15 Ind:2 RMSE(val)=110.779438
[GA][Iter1] Gen:15 Ind:3 RMSE(val)=110.779438
[GA][Iter1] Gen:15 Ind:4 RMSE(val)=110.779438
[GA][Iter1] Gen:15 Ind:5 RMSE(val)=110.779438
[GA][Iter1] Gen:15 Ind:6 RMSE(val)=110.803993
[GA][Iter1] Gen:15 Ind:7 RMSE(val)=110.803993
[GA][Iter1] Gen:15 Ind:8 RMSE(val)=110.803993
[GA][Iter1] Gen:15 Ind:9 RMSE(val)=110.803993
[GA][Iter1] Gen:15 Ind:10 RMSE(val)=110.803993
[GA][Iter1] Gen:15 Ind:11 RMSE(val)=189.421567
[GA][Iter1] Gen:15 Ind:12 RMSE(val)=153.292169
[GA][Iter1] Gen:15 Ind:13 RMSE(val)=110.963174
[GA][Iter1] Gen:15 Ind:14 RMSE(val)=153.292169
[GA][Iter1] Gen:15 Ind:15 RMSE(val)=110.779438
[GA][Iter1] Gen:15 Ind:16 RMSE(val)=154.336737
[GA][Iter1] Gen:15 Ind:17 RMSE(val)=110.779438
[GA][Iter1] Gen:15 Ind:18 RMSE(val)=110.803993
[GA][Iter1] Gen:15 Ind:19 RMSE(val)=111.433894
[GA][Iter1] Gen:15 Ind:20 RMSE(val)=111.646816

[GA DONE][Iter1] Best params on val fold of Iter1
Best val RMSE: 108.496032
Best params: {'max_depth': 41, 'min_samples_split': 9, 'min_samples_leaf': 1, 'max_features': 'log2', 'splitter': 'random', 'criterion': 'squared_error'}
--------------------------------------------------------------------------------
[RETUNE GA] Iter1: train folds 1..5 -> test fold 6  RMSE=147.216647  NRMSE=0.868943  CVRMSE=0.271367  R2=0.243343
[GA][Iter2] Gen:1 Ind:1 RMSE(val)=147.216647
[GA][Iter2] Gen:1 Ind:2 RMSE(val)=122.402568
[GA][Iter2] Gen:1 Ind:3 RMSE(val)=117.856622
[GA][Iter2] Gen:1 Ind:4 RMSE(val)=174.110733
[GA][Iter2] Gen:1 Ind:5 RMSE(val)=121.895543
[GA][Iter2] Gen:1 Ind:6 RMSE(val)=123.217915
[GA][Iter2] Gen:1 Ind:7 RMSE(val)=124.382512
[GA][Iter2] Gen:1 Ind:8 RMSE(val)=124.142727
[GA][Iter2] Gen:1 Ind:9 RMSE(val)=118.766469
[GA][Iter2] Gen:1 Ind:10 RMSE(val)=202.352719
[GA][Iter2] Gen:1 Ind:11 RMSE(val)=117.637030
[GA][Iter2] Gen:1 Ind:12 RMSE(val)=149.618954
[GA][Iter2] Gen:1 Ind:13 RMSE(val)=173.837431
[GA][Iter2] Gen:1 Ind:14 RMSE(val)=128.623787
[GA][Iter2] Gen:1 Ind:15 RMSE(val)=173.264558
[GA][Iter2] Gen:1 Ind:16 RMSE(val)=150.263462
[GA][Iter2] Gen:1 Ind:17 RMSE(val)=186.648364
[GA][Iter2] Gen:1 Ind:18 RMSE(val)=115.065786
[GA][Iter2] Gen:1 Ind:19 RMSE(val)=157.008616
[GA][Iter2] Gen:1 Ind:20 RMSE(val)=145.260299
[GA][Iter2] gen=1 best_val_rmse=115.065786
[GA][Iter2] Gen:2 Ind:1 RMSE(val)=115.065786
[GA][Iter2] Gen:2 Ind:2 RMSE(val)=117.637030
[GA][Iter2] Gen:2 Ind:3 RMSE(val)=117.856622
[GA][Iter2] Gen:2 Ind:4 RMSE(val)=118.766469
[GA][Iter2] Gen:2 Ind:5 RMSE(val)=121.895543
[GA][Iter2] Gen:2 Ind:6 RMSE(val)=122.402568
[GA][Iter2] Gen:2 Ind:7 RMSE(val)=123.217915
[GA][Iter2] Gen:2 Ind:8 RMSE(val)=124.142727
[GA][Iter2] Gen:2 Ind:9 RMSE(val)=124.382512
[GA][Iter2] Gen:2 Ind:10 RMSE(val)=128.623787
[GA][Iter2] Gen:2 Ind:11 RMSE(val)=117.790168
[GA][Iter2] Gen:2 Ind:12 RMSE(val)=114.087808
[GA][Iter2] Gen:2 Ind:13 RMSE(val)=124.165014
[GA][Iter2] Gen:2 Ind:14 RMSE(val)=117.224758
[GA][Iter2] Gen:2 Ind:15 RMSE(val)=117.637030
[GA][Iter2] Gen:2 Ind:16 RMSE(val)=127.585122
[GA][Iter2] Gen:2 Ind:17 RMSE(val)=124.142727
[GA][Iter2] Gen:2 Ind:18 RMSE(val)=121.075525
[GA][Iter2] Gen:2 Ind:19 RMSE(val)=116.388366
[GA][Iter2] Gen:2 Ind:20 RMSE(val)=115.065786
[GA][Iter2] gen=2 best_val_rmse=114.087808
[GA][Iter2] Gen:3 Ind:1 RMSE(val)=114.087808
[GA][Iter2] Gen:3 Ind:2 RMSE(val)=115.065786
[GA][Iter2] Gen:3 Ind:3 RMSE(val)=115.065786
[GA][Iter2] Gen:3 Ind:4 RMSE(val)=116.388366
[GA][Iter2] Gen:3 Ind:5 RMSE(val)=117.224758
[GA][Iter2] Gen:3 Ind:6 RMSE(val)=117.637030
[GA][Iter2] Gen:3 Ind:7 RMSE(val)=117.637030
[GA][Iter2] Gen:3 Ind:8 RMSE(val)=117.790168
[GA][Iter2] Gen:3 Ind:9 RMSE(val)=117.856622
[GA][Iter2] Gen:3 Ind:10 RMSE(val)=118.766469
[GA][Iter2] Gen:3 Ind:11 RMSE(val)=123.217915
[GA][Iter2] Gen:3 Ind:12 RMSE(val)=115.065786
[GA][Iter2] Gen:3 Ind:13 RMSE(val)=116.388366
[GA][Iter2] Gen:3 Ind:14 RMSE(val)=114.087808
[GA][Iter2] Gen:3 Ind:15 RMSE(val)=117.637030
[GA][Iter2] Gen:3 Ind:16 RMSE(val)=150.263462
[GA][Iter2] Gen:3 Ind:17 RMSE(val)=117.898422
[GA][Iter2] Gen:3 Ind:18 RMSE(val)=117.316523
[GA][Iter2] Gen:3 Ind:19 RMSE(val)=116.462322
[GA][Iter2] Gen:3 Ind:20 RMSE(val)=168.593220
[GA][Iter2] gen=3 best_val_rmse=114.087808
[GA][Iter2] Gen:4 Ind:1 RMSE(val)=114.087808
[GA][Iter2] Gen:4 Ind:2 RMSE(val)=114.087808
[GA][Iter2] Gen:4 Ind:3 RMSE(val)=115.065786
[GA][Iter2] Gen:4 Ind:4 RMSE(val)=115.065786
[GA][Iter2] Gen:4 Ind:5 RMSE(val)=115.065786
[GA][Iter2] Gen:4 Ind:6 RMSE(val)=116.388366
[GA][Iter2] Gen:4 Ind:7 RMSE(val)=116.388366
[GA][Iter2] Gen:4 Ind:8 RMSE(val)=116.462322
[GA][Iter2] Gen:4 Ind:9 RMSE(val)=117.224758
[GA][Iter2] Gen:4 Ind:10 RMSE(val)=117.316523
[GA][Iter2] Gen:4 Ind:11 RMSE(val)=121.989131
[GA][Iter2] Gen:4 Ind:12 RMSE(val)=114.303286
[GA][Iter2] Gen:4 Ind:13 RMSE(val)=174.325654
[GA][Iter2] Gen:4 Ind:14 RMSE(val)=113.783648
[GA][Iter2] Gen:4 Ind:15 RMSE(val)=116.462322
[GA][Iter2] Gen:4 Ind:16 RMSE(val)=117.224758
[GA][Iter2] Gen:4 Ind:17 RMSE(val)=117.917967
[GA][Iter2] Gen:4 Ind:18 RMSE(val)=115.065786
[GA][Iter2] Gen:4 Ind:19 RMSE(val)=115.065786
[GA][Iter2] Gen:4 Ind:20 RMSE(val)=113.783648
[GA][Iter2] gen=4 best_val_rmse=113.783648
[GA][Iter2] Gen:5 Ind:1 RMSE(val)=113.783648
[GA][Iter2] Gen:5 Ind:2 RMSE(val)=113.783648
[GA][Iter2] Gen:5 Ind:3 RMSE(val)=114.087808
[GA][Iter2] Gen:5 Ind:4 RMSE(val)=114.087808
[GA][Iter2] Gen:5 Ind:5 RMSE(val)=114.303286
[GA][Iter2] Gen:5 Ind:6 RMSE(val)=115.065786
[GA][Iter2] Gen:5 Ind:7 RMSE(val)=115.065786
[GA][Iter2] Gen:5 Ind:8 RMSE(val)=115.065786
[GA][Iter2] Gen:5 Ind:9 RMSE(val)=115.065786
[GA][Iter2] Gen:5 Ind:10 RMSE(val)=115.065786
[GA][Iter2] Gen:5 Ind:11 RMSE(val)=113.783648
[GA][Iter2] Gen:5 Ind:12 RMSE(val)=117.979190
[GA][Iter2] Gen:5 Ind:13 RMSE(val)=115.065786
[GA][Iter2] Gen:5 Ind:14 RMSE(val)=111.934781
[GA][Iter2] Gen:5 Ind:15 RMSE(val)=174.470480
[GA][Iter2] Gen:5 Ind:16 RMSE(val)=115.065786
[GA][Iter2] Gen:5 Ind:17 RMSE(val)=161.727097
[GA][Iter2] Gen:5 Ind:18 RMSE(val)=113.783648
[GA][Iter2] Gen:5 Ind:19 RMSE(val)=113.783648
[GA][Iter2] Gen:5 Ind:20 RMSE(val)=120.590350
[GA][Iter2] gen=5 best_val_rmse=111.934781
[GA][Iter2] Gen:6 Ind:1 RMSE(val)=111.934781
[GA][Iter2] Gen:6 Ind:2 RMSE(val)=113.783648
[GA][Iter2] Gen:6 Ind:3 RMSE(val)=113.783648
[GA][Iter2] Gen:6 Ind:4 RMSE(val)=113.783648
[GA][Iter2] Gen:6 Ind:5 RMSE(val)=113.783648
[GA][Iter2] Gen:6 Ind:6 RMSE(val)=113.783648
[GA][Iter2] Gen:6 Ind:7 RMSE(val)=114.087808
[GA][Iter2] Gen:6 Ind:8 RMSE(val)=114.087808
[GA][Iter2] Gen:6 Ind:9 RMSE(val)=114.303286
[GA][Iter2] Gen:6 Ind:10 RMSE(val)=115.065786
[GA][Iter2] Gen:6 Ind:11 RMSE(val)=114.087808
[GA][Iter2] Gen:6 Ind:12 RMSE(val)=119.324351
[GA][Iter2] Gen:6 Ind:13 RMSE(val)=120.590350
[GA][Iter2] Gen:6 Ind:14 RMSE(val)=119.890601
[GA][Iter2] Gen:6 Ind:15 RMSE(val)=113.783648
[GA][Iter2] Gen:6 Ind:16 RMSE(val)=120.433093
[GA][Iter2] Gen:6 Ind:17 RMSE(val)=115.065786
[GA][Iter2] Gen:6 Ind:18 RMSE(val)=111.934781
[GA][Iter2] Gen:6 Ind:19 RMSE(val)=113.783648
[GA][Iter2] Gen:6 Ind:20 RMSE(val)=115.065786
[GA][Iter2] gen=6 best_val_rmse=111.934781
[GA][Iter2] Gen:7 Ind:1 RMSE(val)=111.934781
[GA][Iter2] Gen:7 Ind:2 RMSE(val)=111.934781
[GA][Iter2] Gen:7 Ind:3 RMSE(val)=113.783648
[GA][Iter2] Gen:7 Ind:4 RMSE(val)=113.783648
[GA][Iter2] Gen:7 Ind:5 RMSE(val)=113.783648
[GA][Iter2] Gen:7 Ind:6 RMSE(val)=113.783648
[GA][Iter2] Gen:7 Ind:7 RMSE(val)=113.783648
[GA][Iter2] Gen:7 Ind:8 RMSE(val)=113.783648
[GA][Iter2] Gen:7 Ind:9 RMSE(val)=113.783648
[GA][Iter2] Gen:7 Ind:10 RMSE(val)=114.087808
[GA][Iter2] Gen:7 Ind:11 RMSE(val)=113.783648
[GA][Iter2] Gen:7 Ind:12 RMSE(val)=120.590350
[GA][Iter2] Gen:7 Ind:13 RMSE(val)=120.590350
[GA][Iter2] Gen:7 Ind:14 RMSE(val)=120.590350
[GA][Iter2] Gen:7 Ind:15 RMSE(val)=113.783648
[GA][Iter2] Gen:7 Ind:16 RMSE(val)=113.783648
[GA][Iter2] Gen:7 Ind:17 RMSE(val)=113.783648
[GA][Iter2] Gen:7 Ind:18 RMSE(val)=113.783648
[GA][Iter2] Gen:7 Ind:19 RMSE(val)=117.224758
[GA][Iter2] Gen:7 Ind:20 RMSE(val)=113.783648
[GA][Iter2] gen=7 best_val_rmse=111.934781
[GA][Iter2] Gen:8 Ind:1 RMSE(val)=111.934781
[GA][Iter2] Gen:8 Ind:2 RMSE(val)=111.934781
[GA][Iter2] Gen:8 Ind:3 RMSE(val)=113.783648
[GA][Iter2] Gen:8 Ind:4 RMSE(val)=113.783648
[GA][Iter2] Gen:8 Ind:5 RMSE(val)=113.783648
[GA][Iter2] Gen:8 Ind:6 RMSE(val)=113.783648
[GA][Iter2] Gen:8 Ind:7 RMSE(val)=113.783648
[GA][Iter2] Gen:8 Ind:8 RMSE(val)=113.783648
[GA][Iter2] Gen:8 Ind:9 RMSE(val)=113.783648
[GA][Iter2] Gen:8 Ind:10 RMSE(val)=113.783648
[GA][Iter2] Gen:8 Ind:11 RMSE(val)=111.934781
[GA][Iter2] Gen:8 Ind:12 RMSE(val)=120.058062
[GA][Iter2] Gen:8 Ind:13 RMSE(val)=117.224758
[GA][Iter2] Gen:8 Ind:14 RMSE(val)=113.783648
[GA][Iter2] Gen:8 Ind:15 RMSE(val)=111.934781
[GA][Iter2] Gen:8 Ind:16 RMSE(val)=113.783648
[GA][Iter2] Gen:8 Ind:17 RMSE(val)=113.783648
[GA][Iter2] Gen:8 Ind:18 RMSE(val)=117.171705
[GA][Iter2] Gen:8 Ind:19 RMSE(val)=117.551640
[GA][Iter2] Gen:8 Ind:20 RMSE(val)=117.224758
[GA][Iter2] gen=8 best_val_rmse=111.934781
[GA][Iter2] Gen:9 Ind:1 RMSE(val)=111.934781
[GA][Iter2] Gen:9 Ind:2 RMSE(val)=111.934781
[GA][Iter2] Gen:9 Ind:3 RMSE(val)=111.934781
[GA][Iter2] Gen:9 Ind:4 RMSE(val)=111.934781
[GA][Iter2] Gen:9 Ind:5 RMSE(val)=113.783648
[GA][Iter2] Gen:9 Ind:6 RMSE(val)=113.783648
[GA][Iter2] Gen:9 Ind:7 RMSE(val)=113.783648
[GA][Iter2] Gen:9 Ind:8 RMSE(val)=113.783648
[GA][Iter2] Gen:9 Ind:9 RMSE(val)=113.783648
[GA][Iter2] Gen:9 Ind:10 RMSE(val)=113.783648
[GA][Iter2] Gen:9 Ind:11 RMSE(val)=120.433093
[GA][Iter2] Gen:9 Ind:12 RMSE(val)=120.332553
[GA][Iter2] Gen:9 Ind:13 RMSE(val)=149.764669
[GA][Iter2] Gen:9 Ind:14 RMSE(val)=120.429793
[GA][Iter2] Gen:9 Ind:15 RMSE(val)=115.277175
[GA][Iter2] Gen:9 Ind:16 RMSE(val)=180.298376
[GA][Iter2] Gen:9 Ind:17 RMSE(val)=147.250579
[GA][Iter2] Gen:9 Ind:18 RMSE(val)=120.433093
[GA][Iter2] Gen:9 Ind:19 RMSE(val)=113.783648
[GA][Iter2] Gen:9 Ind:20 RMSE(val)=120.433093
[GA][Iter2] gen=9 best_val_rmse=111.934781
[GA][Iter2] Gen:10 Ind:1 RMSE(val)=111.934781
[GA][Iter2] Gen:10 Ind:2 RMSE(val)=111.934781
[GA][Iter2] Gen:10 Ind:3 RMSE(val)=111.934781
[GA][Iter2] Gen:10 Ind:4 RMSE(val)=111.934781
[GA][Iter2] Gen:10 Ind:5 RMSE(val)=113.783648
[GA][Iter2] Gen:10 Ind:6 RMSE(val)=113.783648
[GA][Iter2] Gen:10 Ind:7 RMSE(val)=113.783648
[GA][Iter2] Gen:10 Ind:8 RMSE(val)=113.783648
[GA][Iter2] Gen:10 Ind:9 RMSE(val)=113.783648
[GA][Iter2] Gen:10 Ind:10 RMSE(val)=113.783648
[GA][Iter2] Gen:10 Ind:11 RMSE(val)=120.433093
[GA][Iter2] Gen:10 Ind:12 RMSE(val)=114.303286
[GA][Iter2] Gen:10 Ind:13 RMSE(val)=120.590350
[GA][Iter2] Gen:10 Ind:14 RMSE(val)=111.934781
[GA][Iter2] Gen:10 Ind:15 RMSE(val)=111.934781
[GA][Iter2] Gen:10 Ind:16 RMSE(val)=120.590350
[GA][Iter2] Gen:10 Ind:17 RMSE(val)=113.783648
[GA][Iter2] Gen:10 Ind:18 RMSE(val)=139.105585
[GA][Iter2] Gen:10 Ind:19 RMSE(val)=111.934781
[GA][Iter2] Gen:10 Ind:20 RMSE(val)=113.783648
[GA][Iter2] gen=10 best_val_rmse=111.934781
[GA][Iter2] Gen:11 Ind:1 RMSE(val)=111.934781
[GA][Iter2] Gen:11 Ind:2 RMSE(val)=111.934781
[GA][Iter2] Gen:11 Ind:3 RMSE(val)=111.934781
[GA][Iter2] Gen:11 Ind:4 RMSE(val)=111.934781
[GA][Iter2] Gen:11 Ind:5 RMSE(val)=111.934781
[GA][Iter2] Gen:11 Ind:6 RMSE(val)=111.934781
[GA][Iter2] Gen:11 Ind:7 RMSE(val)=111.934781
[GA][Iter2] Gen:11 Ind:8 RMSE(val)=113.783648
[GA][Iter2] Gen:11 Ind:9 RMSE(val)=113.783648
[GA][Iter2] Gen:11 Ind:10 RMSE(val)=113.783648
[GA][Iter2] Gen:11 Ind:11 RMSE(val)=113.783648
[GA][Iter2] Gen:11 Ind:12 RMSE(val)=111.934781
[GA][Iter2] Gen:11 Ind:13 RMSE(val)=111.934781
[GA][Iter2] Gen:11 Ind:14 RMSE(val)=113.783648
[GA][Iter2] Gen:11 Ind:15 RMSE(val)=111.934781
[GA][Iter2] Gen:11 Ind:16 RMSE(val)=113.783648
[GA][Iter2] Gen:11 Ind:17 RMSE(val)=114.040406
[GA][Iter2] Gen:11 Ind:18 RMSE(val)=120.590350
[GA][Iter2] Gen:11 Ind:19 RMSE(val)=111.934781
[GA][Iter2] Gen:11 Ind:20 RMSE(val)=111.934781
[GA][Iter2] gen=11 best_val_rmse=111.934781
[GA][Iter2] Gen:12 Ind:1 RMSE(val)=111.934781
[GA][Iter2] Gen:12 Ind:2 RMSE(val)=111.934781
[GA][Iter2] Gen:12 Ind:3 RMSE(val)=111.934781
[GA][Iter2] Gen:12 Ind:4 RMSE(val)=111.934781
[GA][Iter2] Gen:12 Ind:5 RMSE(val)=111.934781
[GA][Iter2] Gen:12 Ind:6 RMSE(val)=111.934781
[GA][Iter2] Gen:12 Ind:7 RMSE(val)=111.934781
[GA][Iter2] Gen:12 Ind:8 RMSE(val)=111.934781
[GA][Iter2] Gen:12 Ind:9 RMSE(val)=111.934781
[GA][Iter2] Gen:12 Ind:10 RMSE(val)=111.934781
[GA][Iter2] Gen:12 Ind:11 RMSE(val)=111.934781
[GA][Iter2] Gen:12 Ind:12 RMSE(val)=111.934781
[GA][Iter2] Gen:12 Ind:13 RMSE(val)=111.934781
[GA][Iter2] Gen:12 Ind:14 RMSE(val)=174.228253
[GA][Iter2] Gen:12 Ind:15 RMSE(val)=114.678872
[GA][Iter2] Gen:12 Ind:16 RMSE(val)=111.934781
[GA][Iter2] Gen:12 Ind:17 RMSE(val)=111.934781
[GA][Iter2] Gen:12 Ind:18 RMSE(val)=111.934781
[GA][Iter2] Gen:12 Ind:19 RMSE(val)=124.165014
[GA][Iter2] Gen:12 Ind:20 RMSE(val)=111.934781
[GA][Iter2] gen=12 best_val_rmse=111.934781
[GA][Iter2] Gen:13 Ind:1 RMSE(val)=111.934781
[GA][Iter2] Gen:13 Ind:2 RMSE(val)=111.934781
[GA][Iter2] Gen:13 Ind:3 RMSE(val)=111.934781
[GA][Iter2] Gen:13 Ind:4 RMSE(val)=111.934781
[GA][Iter2] Gen:13 Ind:5 RMSE(val)=111.934781
[GA][Iter2] Gen:13 Ind:6 RMSE(val)=111.934781
[GA][Iter2] Gen:13 Ind:7 RMSE(val)=111.934781
[GA][Iter2] Gen:13 Ind:8 RMSE(val)=111.934781
[GA][Iter2] Gen:13 Ind:9 RMSE(val)=111.934781
[GA][Iter2] Gen:13 Ind:10 RMSE(val)=111.934781
[GA][Iter2] Gen:13 Ind:11 RMSE(val)=111.934781
[GA][Iter2] Gen:13 Ind:12 RMSE(val)=123.023173
[GA][Iter2] Gen:13 Ind:13 RMSE(val)=111.934781
[GA][Iter2] Gen:13 Ind:14 RMSE(val)=111.934781
[GA][Iter2] Gen:13 Ind:15 RMSE(val)=120.590350
[GA][Iter2] Gen:13 Ind:16 RMSE(val)=111.934781
[GA][Iter2] Gen:13 Ind:17 RMSE(val)=111.934781
[GA][Iter2] Gen:13 Ind:18 RMSE(val)=174.228253
[GA][Iter2] Gen:13 Ind:19 RMSE(val)=111.934781
[GA][Iter2] Gen:13 Ind:20 RMSE(val)=111.934781
[GA][Iter2] gen=13 best_val_rmse=111.934781
[GA][Iter2] Gen:14 Ind:1 RMSE(val)=111.934781
[GA][Iter2] Gen:14 Ind:2 RMSE(val)=111.934781
[GA][Iter2] Gen:14 Ind:3 RMSE(val)=111.934781
[GA][Iter2] Gen:14 Ind:4 RMSE(val)=111.934781
[GA][Iter2] Gen:14 Ind:5 RMSE(val)=111.934781
[GA][Iter2] Gen:14 Ind:6 RMSE(val)=111.934781
[GA][Iter2] Gen:14 Ind:7 RMSE(val)=111.934781
[GA][Iter2] Gen:14 Ind:8 RMSE(val)=111.934781
[GA][Iter2] Gen:14 Ind:9 RMSE(val)=111.934781
[GA][Iter2] Gen:14 Ind:10 RMSE(val)=111.934781
[GA][Iter2] Gen:14 Ind:11 RMSE(val)=111.934781
[GA][Iter2] Gen:14 Ind:12 RMSE(val)=115.065786
[GA][Iter2] Gen:14 Ind:13 RMSE(val)=111.934781
[GA][Iter2] Gen:14 Ind:14 RMSE(val)=111.934781
[GA][Iter2] Gen:14 Ind:15 RMSE(val)=111.934781
[GA][Iter2] Gen:14 Ind:16 RMSE(val)=111.934781
[GA][Iter2] Gen:14 Ind:17 RMSE(val)=124.165014
[GA][Iter2] Gen:14 Ind:18 RMSE(val)=111.934781
[GA][Iter2] Gen:14 Ind:19 RMSE(val)=111.934781
[GA][Iter2] Gen:14 Ind:20 RMSE(val)=111.934781
[GA][Iter2] gen=14 best_val_rmse=111.934781
[GA][Iter2] Gen:15 Ind:1 RMSE(val)=111.934781
[GA][Iter2] Gen:15 Ind:2 RMSE(val)=111.934781
[GA][Iter2] Gen:15 Ind:3 RMSE(val)=111.934781
[GA][Iter2] Gen:15 Ind:4 RMSE(val)=111.934781
[GA][Iter2] Gen:15 Ind:5 RMSE(val)=111.934781
[GA][Iter2] Gen:15 Ind:6 RMSE(val)=111.934781
[GA][Iter2] Gen:15 Ind:7 RMSE(val)=111.934781
[GA][Iter2] Gen:15 Ind:8 RMSE(val)=111.934781
[GA][Iter2] Gen:15 Ind:9 RMSE(val)=111.934781
[GA][Iter2] Gen:15 Ind:10 RMSE(val)=111.934781
[GA][Iter2] Gen:15 Ind:11 RMSE(val)=111.934781
[GA][Iter2] Gen:15 Ind:12 RMSE(val)=111.934781
[GA][Iter2] Gen:15 Ind:13 RMSE(val)=111.934781
[GA][Iter2] Gen:15 Ind:14 RMSE(val)=111.934781
[GA][Iter2] Gen:15 Ind:15 RMSE(val)=115.065786
[GA][Iter2] Gen:15 Ind:16 RMSE(val)=111.934781
[GA][Iter2] Gen:15 Ind:17 RMSE(val)=111.934781
[GA][Iter2] Gen:15 Ind:18 RMSE(val)=111.934781
[GA][Iter2] Gen:15 Ind:19 RMSE(val)=111.934781
[GA][Iter2] Gen:15 Ind:20 RMSE(val)=120.590350
[GA][Iter2] gen=15 best_val_rmse=111.934781
[GA][Iter2] Gen:15 Ind:1 RMSE(val)=111.934781
[GA][Iter2] Gen:15 Ind:2 RMSE(val)=111.934781
[GA][Iter2] Gen:15 Ind:3 RMSE(val)=111.934781
[GA][Iter2] Gen:15 Ind:4 RMSE(val)=111.934781
[GA][Iter2] Gen:15 Ind:5 RMSE(val)=111.934781
[GA][Iter2] Gen:15 Ind:6 RMSE(val)=111.934781
[GA][Iter2] Gen:15 Ind:7 RMSE(val)=111.934781
[GA][Iter2] Gen:15 Ind:8 RMSE(val)=111.934781
[GA][Iter2] Gen:15 Ind:9 RMSE(val)=111.934781
[GA][Iter2] Gen:15 Ind:10 RMSE(val)=111.934781
[GA][Iter2] Gen:15 Ind:11 RMSE(val)=180.298376
[GA][Iter2] Gen:15 Ind:12 RMSE(val)=111.934781
[GA][Iter2] Gen:15 Ind:13 RMSE(val)=111.934781
[GA][Iter2] Gen:15 Ind:14 RMSE(val)=111.934781
[GA][Iter2] Gen:15 Ind:15 RMSE(val)=111.934781
[GA][Iter2] Gen:15 Ind:16 RMSE(val)=111.934781
[GA][Iter2] Gen:15 Ind:17 RMSE(val)=111.934781
[GA][Iter2] Gen:15 Ind:18 RMSE(val)=111.934781
[GA][Iter2] Gen:15 Ind:19 RMSE(val)=111.934781
[GA][Iter2] Gen:15 Ind:20 RMSE(val)=124.338734

[GA DONE][Iter2] Best params on val fold of Iter2
Best val RMSE: 111.934781
Best params: {'max_depth': 7, 'min_samples_split': 6, 'min_samples_leaf': 8, 'max_features': None, 'splitter': 'random', 'criterion': 'friedman_mse'}
--------------------------------------------------------------------------------
[RETUNE GA] Iter2: train folds 1..6 -> test fold 7  RMSE=168.217563  NRMSE=1.695133  CVRMSE=0.399545  R2=-1.879553
[GA][Iter3] Gen:1 Ind:1 RMSE(val)=160.966137
[GA][Iter3] Gen:1 Ind:2 RMSE(val)=123.868959
[GA][Iter3] Gen:1 Ind:3 RMSE(val)=153.426674
[GA][Iter3] Gen:1 Ind:4 RMSE(val)=119.863691
[GA][Iter3] Gen:1 Ind:5 RMSE(val)=140.901877
[GA][Iter3] Gen:1 Ind:6 RMSE(val)=123.972467
[GA][Iter3] Gen:1 Ind:7 RMSE(val)=126.816488
[GA][Iter3] Gen:1 Ind:8 RMSE(val)=166.090306
[GA][Iter3] Gen:1 Ind:9 RMSE(val)=128.785724
[GA][Iter3] Gen:1 Ind:10 RMSE(val)=179.987793
[GA][Iter3] Gen:1 Ind:11 RMSE(val)=144.674319
[GA][Iter3] Gen:1 Ind:12 RMSE(val)=131.127908
[GA][Iter3] Gen:1 Ind:13 RMSE(val)=111.503926
[GA][Iter3] Gen:1 Ind:14 RMSE(val)=122.591868
[GA][Iter3] Gen:1 Ind:15 RMSE(val)=154.660309
[GA][Iter3] Gen:1 Ind:16 RMSE(val)=126.751017
[GA][Iter3] Gen:1 Ind:17 RMSE(val)=111.894741
[GA][Iter3] Gen:1 Ind:18 RMSE(val)=133.502549
[GA][Iter3] Gen:1 Ind:19 RMSE(val)=141.813294
[GA][Iter3] Gen:1 Ind:20 RMSE(val)=182.808655
[GA][Iter3] gen=1 best_val_rmse=111.503926
[GA][Iter3] Gen:2 Ind:1 RMSE(val)=111.503926
[GA][Iter3] Gen:2 Ind:2 RMSE(val)=111.894741
[GA][Iter3] Gen:2 Ind:3 RMSE(val)=119.863691
[GA][Iter3] Gen:2 Ind:4 RMSE(val)=122.591868
[GA][Iter3] Gen:2 Ind:5 RMSE(val)=123.868959
[GA][Iter3] Gen:2 Ind:6 RMSE(val)=123.972467
[GA][Iter3] Gen:2 Ind:7 RMSE(val)=126.751017
[GA][Iter3] Gen:2 Ind:8 RMSE(val)=126.816488
[GA][Iter3] Gen:2 Ind:9 RMSE(val)=128.785724
[GA][Iter3] Gen:2 Ind:10 RMSE(val)=131.127908
[GA][Iter3] Gen:2 Ind:11 RMSE(val)=151.738833
[GA][Iter3] Gen:2 Ind:12 RMSE(val)=133.609346
[GA][Iter3] Gen:2 Ind:13 RMSE(val)=123.972467
[GA][Iter3] Gen:2 Ind:14 RMSE(val)=152.071045
[GA][Iter3] Gen:2 Ind:15 RMSE(val)=215.428529
[GA][Iter3] Gen:2 Ind:16 RMSE(val)=128.785724
[GA][Iter3] Gen:2 Ind:17 RMSE(val)=172.885419
[GA][Iter3] Gen:2 Ind:18 RMSE(val)=127.591588
[GA][Iter3] Gen:2 Ind:19 RMSE(val)=144.066201
[GA][Iter3] Gen:2 Ind:20 RMSE(val)=111.503926
[GA][Iter3] gen=2 best_val_rmse=111.503926
[GA][Iter3] Gen:3 Ind:1 RMSE(val)=111.503926
[GA][Iter3] Gen:3 Ind:2 RMSE(val)=111.503926
[GA][Iter3] Gen:3 Ind:3 RMSE(val)=111.894741
[GA][Iter3] Gen:3 Ind:4 RMSE(val)=119.863691
[GA][Iter3] Gen:3 Ind:5 RMSE(val)=122.591868
[GA][Iter3] Gen:3 Ind:6 RMSE(val)=123.868959
[GA][Iter3] Gen:3 Ind:7 RMSE(val)=123.972467
[GA][Iter3] Gen:3 Ind:8 RMSE(val)=123.972467
[GA][Iter3] Gen:3 Ind:9 RMSE(val)=126.751017
[GA][Iter3] Gen:3 Ind:10 RMSE(val)=126.816488
[GA][Iter3] Gen:3 Ind:11 RMSE(val)=126.816488
[GA][Iter3] Gen:3 Ind:12 RMSE(val)=111.503926
[GA][Iter3] Gen:3 Ind:13 RMSE(val)=152.346722
[GA][Iter3] Gen:3 Ind:14 RMSE(val)=83.294322
[GA][Iter3] Gen:3 Ind:15 RMSE(val)=127.591588
[GA][Iter3] Gen:3 Ind:16 RMSE(val)=152.071045
[GA][Iter3] Gen:3 Ind:17 RMSE(val)=111.894741
[GA][Iter3] Gen:3 Ind:18 RMSE(val)=104.051234
[GA][Iter3] Gen:3 Ind:19 RMSE(val)=152.998513
[GA][Iter3] Gen:3 Ind:20 RMSE(val)=248.555132
[GA][Iter3] gen=3 best_val_rmse=83.294322
[GA][Iter3] Gen:4 Ind:1 RMSE(val)=83.294322
[GA][Iter3] Gen:4 Ind:2 RMSE(val)=104.051234
[GA][Iter3] Gen:4 Ind:3 RMSE(val)=111.503926
[GA][Iter3] Gen:4 Ind:4 RMSE(val)=111.503926
[GA][Iter3] Gen:4 Ind:5 RMSE(val)=111.503926
[GA][Iter3] Gen:4 Ind:6 RMSE(val)=111.894741
[GA][Iter3] Gen:4 Ind:7 RMSE(val)=111.894741
[GA][Iter3] Gen:4 Ind:8 RMSE(val)=119.863691
[GA][Iter3] Gen:4 Ind:9 RMSE(val)=122.591868
[GA][Iter3] Gen:4 Ind:10 RMSE(val)=123.868959
[GA][Iter3] Gen:4 Ind:11 RMSE(val)=125.627167
[GA][Iter3] Gen:4 Ind:12 RMSE(val)=78.898763
[GA][Iter3] Gen:4 Ind:13 RMSE(val)=248.563136
[GA][Iter3] Gen:4 Ind:14 RMSE(val)=133.947679
[GA][Iter3] Gen:4 Ind:15 RMSE(val)=107.015679
[GA][Iter3] Gen:4 Ind:16 RMSE(val)=183.008482
[GA][Iter3] Gen:4 Ind:17 RMSE(val)=122.798706
[GA][Iter3] Gen:4 Ind:18 RMSE(val)=111.503926
[GA][Iter3] Gen:4 Ind:19 RMSE(val)=111.503926
[GA][Iter3] Gen:4 Ind:20 RMSE(val)=118.219257
[GA][Iter3] gen=4 best_val_rmse=78.898763
[GA][Iter3] Gen:5 Ind:1 RMSE(val)=78.898763
[GA][Iter3] Gen:5 Ind:2 RMSE(val)=83.294322
[GA][Iter3] Gen:5 Ind:3 RMSE(val)=104.051234
[GA][Iter3] Gen:5 Ind:4 RMSE(val)=107.015679
[GA][Iter3] Gen:5 Ind:5 RMSE(val)=111.503926
[GA][Iter3] Gen:5 Ind:6 RMSE(val)=111.503926
[GA][Iter3] Gen:5 Ind:7 RMSE(val)=111.503926
[GA][Iter3] Gen:5 Ind:8 RMSE(val)=111.503926
[GA][Iter3] Gen:5 Ind:9 RMSE(val)=111.503926
[GA][Iter3] Gen:5 Ind:10 RMSE(val)=111.894741
[GA][Iter3] Gen:5 Ind:11 RMSE(val)=111.503926
[GA][Iter3] Gen:5 Ind:12 RMSE(val)=107.015679
[GA][Iter3] Gen:5 Ind:13 RMSE(val)=111.503926
[GA][Iter3] Gen:5 Ind:14 RMSE(val)=111.503926
[GA][Iter3] Gen:5 Ind:15 RMSE(val)=136.884659
[GA][Iter3] Gen:5 Ind:16 RMSE(val)=122.798706
[GA][Iter3] Gen:5 Ind:17 RMSE(val)=248.563136
[GA][Iter3] Gen:5 Ind:18 RMSE(val)=111.503926
[GA][Iter3] Gen:5 Ind:19 RMSE(val)=83.294322
[GA][Iter3] Gen:5 Ind:20 RMSE(val)=111.503926
[GA][Iter3] gen=5 best_val_rmse=78.898763
[GA][Iter3] Gen:6 Ind:1 RMSE(val)=78.898763
[GA][Iter3] Gen:6 Ind:2 RMSE(val)=83.294322
[GA][Iter3] Gen:6 Ind:3 RMSE(val)=83.294322
[GA][Iter3] Gen:6 Ind:4 RMSE(val)=104.051234
[GA][Iter3] Gen:6 Ind:5 RMSE(val)=107.015679
[GA][Iter3] Gen:6 Ind:6 RMSE(val)=107.015679
[GA][Iter3] Gen:6 Ind:7 RMSE(val)=111.503926
[GA][Iter3] Gen:6 Ind:8 RMSE(val)=111.503926
[GA][Iter3] Gen:6 Ind:9 RMSE(val)=111.503926
[GA][Iter3] Gen:6 Ind:10 RMSE(val)=111.503926
[GA][Iter3] Gen:6 Ind:11 RMSE(val)=122.668292
[GA][Iter3] Gen:6 Ind:12 RMSE(val)=111.503926
[GA][Iter3] Gen:6 Ind:13 RMSE(val)=83.294322
[GA][Iter3] Gen:6 Ind:14 RMSE(val)=248.563136
[GA][Iter3] Gen:6 Ind:15 RMSE(val)=107.015679
[GA][Iter3] Gen:6 Ind:16 RMSE(val)=73.581096
[GA][Iter3] Gen:6 Ind:17 RMSE(val)=111.503926
[GA][Iter3] Gen:6 Ind:18 RMSE(val)=248.563136
[GA][Iter3] Gen:6 Ind:19 RMSE(val)=143.166553
[GA][Iter3] Gen:6 Ind:20 RMSE(val)=83.294322
[GA][Iter3] gen=6 best_val_rmse=73.581096
[GA][Iter3] Gen:7 Ind:1 RMSE(val)=73.581096
[GA][Iter3] Gen:7 Ind:2 RMSE(val)=78.898763
[GA][Iter3] Gen:7 Ind:3 RMSE(val)=83.294322
[GA][Iter3] Gen:7 Ind:4 RMSE(val)=83.294322
[GA][Iter3] Gen:7 Ind:5 RMSE(val)=83.294322
[GA][Iter3] Gen:7 Ind:6 RMSE(val)=83.294322
[GA][Iter3] Gen:7 Ind:7 RMSE(val)=104.051234
[GA][Iter3] Gen:7 Ind:8 RMSE(val)=107.015679
[GA][Iter3] Gen:7 Ind:9 RMSE(val)=107.015679
[GA][Iter3] Gen:7 Ind:10 RMSE(val)=107.015679
[GA][Iter3] Gen:7 Ind:11 RMSE(val)=122.798706
[GA][Iter3] Gen:7 Ind:12 RMSE(val)=138.770963
[GA][Iter3] Gen:7 Ind:13 RMSE(val)=83.294322
[GA][Iter3] Gen:7 Ind:14 RMSE(val)=78.898763
[GA][Iter3] Gen:7 Ind:15 RMSE(val)=248.563136
[GA][Iter3] Gen:7 Ind:16 RMSE(val)=122.798706
[GA][Iter3] Gen:7 Ind:17 RMSE(val)=215.428529
[GA][Iter3] Gen:7 Ind:18 RMSE(val)=248.563136
[GA][Iter3] Gen:7 Ind:19 RMSE(val)=107.015679
[GA][Iter3] Gen:7 Ind:20 RMSE(val)=143.166553
[GA][Iter3] gen=7 best_val_rmse=73.581096
[GA][Iter3] Gen:8 Ind:1 RMSE(val)=73.581096
[GA][Iter3] Gen:8 Ind:2 RMSE(val)=78.898763
[GA][Iter3] Gen:8 Ind:3 RMSE(val)=78.898763
[GA][Iter3] Gen:8 Ind:4 RMSE(val)=83.294322
[GA][Iter3] Gen:8 Ind:5 RMSE(val)=83.294322
[GA][Iter3] Gen:8 Ind:6 RMSE(val)=83.294322
[GA][Iter3] Gen:8 Ind:7 RMSE(val)=83.294322
[GA][Iter3] Gen:8 Ind:8 RMSE(val)=83.294322
[GA][Iter3] Gen:8 Ind:9 RMSE(val)=104.051234
[GA][Iter3] Gen:8 Ind:10 RMSE(val)=107.015679
[GA][Iter3] Gen:8 Ind:11 RMSE(val)=248.563136
[GA][Iter3] Gen:8 Ind:12 RMSE(val)=107.015679
[GA][Iter3] Gen:8 Ind:13 RMSE(val)=83.294322
[GA][Iter3] Gen:8 Ind:14 RMSE(val)=78.898763
[GA][Iter3] Gen:8 Ind:15 RMSE(val)=78.898763
[GA][Iter3] Gen:8 Ind:16 RMSE(val)=248.563136
[GA][Iter3] Gen:8 Ind:17 RMSE(val)=83.294322
[GA][Iter3] Gen:8 Ind:18 RMSE(val)=83.294322
[GA][Iter3] Gen:8 Ind:19 RMSE(val)=83.294322
[GA][Iter3] Gen:8 Ind:20 RMSE(val)=83.294322
[GA][Iter3] gen=8 best_val_rmse=73.581096
[GA][Iter3] Gen:9 Ind:1 RMSE(val)=73.581096
[GA][Iter3] Gen:9 Ind:2 RMSE(val)=78.898763
[GA][Iter3] Gen:9 Ind:3 RMSE(val)=78.898763
[GA][Iter3] Gen:9 Ind:4 RMSE(val)=78.898763
[GA][Iter3] Gen:9 Ind:5 RMSE(val)=78.898763
[GA][Iter3] Gen:9 Ind:6 RMSE(val)=83.294322
[GA][Iter3] Gen:9 Ind:7 RMSE(val)=83.294322
[GA][Iter3] Gen:9 Ind:8 RMSE(val)=83.294322
[GA][Iter3] Gen:9 Ind:9 RMSE(val)=83.294322
[GA][Iter3] Gen:9 Ind:10 RMSE(val)=83.294322
[GA][Iter3] Gen:9 Ind:11 RMSE(val)=83.294322
[GA][Iter3] Gen:9 Ind:12 RMSE(val)=85.069055
[GA][Iter3] Gen:9 Ind:13 RMSE(val)=248.563136
[GA][Iter3] Gen:9 Ind:14 RMSE(val)=81.219775
[GA][Iter3] Gen:9 Ind:15 RMSE(val)=83.294322
[GA][Iter3] Gen:9 Ind:16 RMSE(val)=121.388475
[GA][Iter3] Gen:9 Ind:17 RMSE(val)=111.503926
[GA][Iter3] Gen:9 Ind:18 RMSE(val)=78.898763
[GA][Iter3] Gen:9 Ind:19 RMSE(val)=83.294322
[GA][Iter3] Gen:9 Ind:20 RMSE(val)=78.898763
[GA][Iter3] gen=9 best_val_rmse=73.581096
[GA][Iter3] Gen:10 Ind:1 RMSE(val)=73.581096
[GA][Iter3] Gen:10 Ind:2 RMSE(val)=78.898763
[GA][Iter3] Gen:10 Ind:3 RMSE(val)=78.898763
[GA][Iter3] Gen:10 Ind:4 RMSE(val)=78.898763
[GA][Iter3] Gen:10 Ind:5 RMSE(val)=78.898763
[GA][Iter3] Gen:10 Ind:6 RMSE(val)=78.898763
[GA][Iter3] Gen:10 Ind:7 RMSE(val)=78.898763
[GA][Iter3] Gen:10 Ind:8 RMSE(val)=81.219775
[GA][Iter3] Gen:10 Ind:9 RMSE(val)=83.294322
[GA][Iter3] Gen:10 Ind:10 RMSE(val)=83.294322
[GA][Iter3] Gen:10 Ind:11 RMSE(val)=81.219775
[GA][Iter3] Gen:10 Ind:12 RMSE(val)=78.898763
[GA][Iter3] Gen:10 Ind:13 RMSE(val)=78.898763
[GA][Iter3] Gen:10 Ind:14 RMSE(val)=82.984341
[GA][Iter3] Gen:10 Ind:15 RMSE(val)=78.898763
[GA][Iter3] Gen:10 Ind:16 RMSE(val)=78.898763
[GA][Iter3] Gen:10 Ind:17 RMSE(val)=142.172004
[GA][Iter3] Gen:10 Ind:18 RMSE(val)=111.503926
[GA][Iter3] Gen:10 Ind:19 RMSE(val)=78.898763
[GA][Iter3] Gen:10 Ind:20 RMSE(val)=83.294322
[GA][Iter3] gen=10 best_val_rmse=73.581096
[GA][Iter3] Gen:11 Ind:1 RMSE(val)=73.581096
[GA][Iter3] Gen:11 Ind:2 RMSE(val)=78.898763
[GA][Iter3] Gen:11 Ind:3 RMSE(val)=78.898763
[GA][Iter3] Gen:11 Ind:4 RMSE(val)=78.898763
[GA][Iter3] Gen:11 Ind:5 RMSE(val)=78.898763
[GA][Iter3] Gen:11 Ind:6 RMSE(val)=78.898763
[GA][Iter3] Gen:11 Ind:7 RMSE(val)=78.898763
[GA][Iter3] Gen:11 Ind:8 RMSE(val)=78.898763
[GA][Iter3] Gen:11 Ind:9 RMSE(val)=78.898763
[GA][Iter3] Gen:11 Ind:10 RMSE(val)=78.898763
[GA][Iter3] Gen:11 Ind:11 RMSE(val)=78.898763
[GA][Iter3] Gen:11 Ind:12 RMSE(val)=194.362525
[GA][Iter3] Gen:11 Ind:13 RMSE(val)=78.898763
[GA][Iter3] Gen:11 Ind:14 RMSE(val)=78.898763
[GA][Iter3] Gen:11 Ind:15 RMSE(val)=78.898763
[GA][Iter3] Gen:11 Ind:16 RMSE(val)=78.898763
[GA][Iter3] Gen:11 Ind:17 RMSE(val)=88.722717
[GA][Iter3] Gen:11 Ind:18 RMSE(val)=78.898763
[GA][Iter3] Gen:11 Ind:19 RMSE(val)=78.898763
[GA][Iter3] Gen:11 Ind:20 RMSE(val)=78.898763
[GA][Iter3] gen=11 best_val_rmse=73.581096
[GA][Iter3] Gen:12 Ind:1 RMSE(val)=73.581096
[GA][Iter3] Gen:12 Ind:2 RMSE(val)=78.898763
[GA][Iter3] Gen:12 Ind:3 RMSE(val)=78.898763
[GA][Iter3] Gen:12 Ind:4 RMSE(val)=78.898763
[GA][Iter3] Gen:12 Ind:5 RMSE(val)=78.898763
[GA][Iter3] Gen:12 Ind:6 RMSE(val)=78.898763
[GA][Iter3] Gen:12 Ind:7 RMSE(val)=78.898763
[GA][Iter3] Gen:12 Ind:8 RMSE(val)=78.898763
[GA][Iter3] Gen:12 Ind:9 RMSE(val)=78.898763
[GA][Iter3] Gen:12 Ind:10 RMSE(val)=78.898763
[GA][Iter3] Gen:12 Ind:11 RMSE(val)=83.294322
[GA][Iter3] Gen:12 Ind:12 RMSE(val)=155.666349
[GA][Iter3] Gen:12 Ind:13 RMSE(val)=78.898763
[GA][Iter3] Gen:12 Ind:14 RMSE(val)=215.428529
[GA][Iter3] Gen:12 Ind:15 RMSE(val)=78.898763
[GA][Iter3] Gen:12 Ind:16 RMSE(val)=78.898763
[GA][Iter3] Gen:12 Ind:17 RMSE(val)=78.898763
[GA][Iter3] Gen:12 Ind:18 RMSE(val)=78.898763
[GA][Iter3] Gen:12 Ind:19 RMSE(val)=91.449001
[GA][Iter3] Gen:12 Ind:20 RMSE(val)=78.898763
[GA][Iter3] gen=12 best_val_rmse=73.581096
[GA][Iter3] Gen:13 Ind:1 RMSE(val)=73.581096
[GA][Iter3] Gen:13 Ind:2 RMSE(val)=78.898763
[GA][Iter3] Gen:13 Ind:3 RMSE(val)=78.898763
[GA][Iter3] Gen:13 Ind:4 RMSE(val)=78.898763
[GA][Iter3] Gen:13 Ind:5 RMSE(val)=78.898763
[GA][Iter3] Gen:13 Ind:6 RMSE(val)=78.898763
[GA][Iter3] Gen:13 Ind:7 RMSE(val)=78.898763
[GA][Iter3] Gen:13 Ind:8 RMSE(val)=78.898763
[GA][Iter3] Gen:13 Ind:9 RMSE(val)=78.898763
[GA][Iter3] Gen:13 Ind:10 RMSE(val)=78.898763
[GA][Iter3] Gen:13 Ind:11 RMSE(val)=78.898763
[GA][Iter3] Gen:13 Ind:12 RMSE(val)=83.294322
[GA][Iter3] Gen:13 Ind:13 RMSE(val)=78.898763
[GA][Iter3] Gen:13 Ind:14 RMSE(val)=73.581096
[GA][Iter3] Gen:13 Ind:15 RMSE(val)=143.339380
[GA][Iter3] Gen:13 Ind:16 RMSE(val)=78.898763
[GA][Iter3] Gen:13 Ind:17 RMSE(val)=78.898763
[GA][Iter3] Gen:13 Ind:18 RMSE(val)=248.563136
[GA][Iter3] Gen:13 Ind:19 RMSE(val)=83.294322
[GA][Iter3] Gen:13 Ind:20 RMSE(val)=78.898763
[GA][Iter3] gen=13 best_val_rmse=73.581096
[GA][Iter3] Gen:14 Ind:1 RMSE(val)=73.581096
[GA][Iter3] Gen:14 Ind:2 RMSE(val)=73.581096
[GA][Iter3] Gen:14 Ind:3 RMSE(val)=78.898763
[GA][Iter3] Gen:14 Ind:4 RMSE(val)=78.898763
[GA][Iter3] Gen:14 Ind:5 RMSE(val)=78.898763
[GA][Iter3] Gen:14 Ind:6 RMSE(val)=78.898763
[GA][Iter3] Gen:14 Ind:7 RMSE(val)=78.898763
[GA][Iter3] Gen:14 Ind:8 RMSE(val)=78.898763
[GA][Iter3] Gen:14 Ind:9 RMSE(val)=78.898763
[GA][Iter3] Gen:14 Ind:10 RMSE(val)=78.898763
[GA][Iter3] Gen:14 Ind:11 RMSE(val)=83.294322
[GA][Iter3] Gen:14 Ind:12 RMSE(val)=83.294322
[GA][Iter3] Gen:14 Ind:13 RMSE(val)=78.898763
[GA][Iter3] Gen:14 Ind:14 RMSE(val)=91.243293
[GA][Iter3] Gen:14 Ind:15 RMSE(val)=78.898763
[GA][Iter3] Gen:14 Ind:16 RMSE(val)=78.898763
[GA][Iter3] Gen:14 Ind:17 RMSE(val)=91.449001
[GA][Iter3] Gen:14 Ind:18 RMSE(val)=91.243293
[GA][Iter3] Gen:14 Ind:19 RMSE(val)=120.053977
[GA][Iter3] Gen:14 Ind:20 RMSE(val)=78.898763
[GA][Iter3] gen=14 best_val_rmse=73.581096
[GA][Iter3] Gen:15 Ind:1 RMSE(val)=73.581096
[GA][Iter3] Gen:15 Ind:2 RMSE(val)=73.581096
[GA][Iter3] Gen:15 Ind:3 RMSE(val)=78.898763
[GA][Iter3] Gen:15 Ind:4 RMSE(val)=78.898763
[GA][Iter3] Gen:15 Ind:5 RMSE(val)=78.898763
[GA][Iter3] Gen:15 Ind:6 RMSE(val)=78.898763
[GA][Iter3] Gen:15 Ind:7 RMSE(val)=78.898763
[GA][Iter3] Gen:15 Ind:8 RMSE(val)=78.898763
[GA][Iter3] Gen:15 Ind:9 RMSE(val)=78.898763
[GA][Iter3] Gen:15 Ind:10 RMSE(val)=78.898763
[GA][Iter3] Gen:15 Ind:11 RMSE(val)=78.898763
[GA][Iter3] Gen:15 Ind:12 RMSE(val)=78.898763
[GA][Iter3] Gen:15 Ind:13 RMSE(val)=78.898763
[GA][Iter3] Gen:15 Ind:14 RMSE(val)=78.898763
[GA][Iter3] Gen:15 Ind:15 RMSE(val)=83.294322
[GA][Iter3] Gen:15 Ind:16 RMSE(val)=78.898763
[GA][Iter3] Gen:15 Ind:17 RMSE(val)=78.898763
[GA][Iter3] Gen:15 Ind:18 RMSE(val)=78.898763
[GA][Iter3] Gen:15 Ind:19 RMSE(val)=78.898763
[GA][Iter3] Gen:15 Ind:20 RMSE(val)=138.770963
[GA][Iter3] gen=15 best_val_rmse=73.581096
[GA][Iter3] Gen:15 Ind:1 RMSE(val)=73.581096
[GA][Iter3] Gen:15 Ind:2 RMSE(val)=73.581096
[GA][Iter3] Gen:15 Ind:3 RMSE(val)=78.898763
[GA][Iter3] Gen:15 Ind:4 RMSE(val)=78.898763
[GA][Iter3] Gen:15 Ind:5 RMSE(val)=78.898763
[GA][Iter3] Gen:15 Ind:6 RMSE(val)=78.898763
[GA][Iter3] Gen:15 Ind:7 RMSE(val)=78.898763
[GA][Iter3] Gen:15 Ind:8 RMSE(val)=78.898763
[GA][Iter3] Gen:15 Ind:9 RMSE(val)=78.898763
[GA][Iter3] Gen:15 Ind:10 RMSE(val)=78.898763
[GA][Iter3] Gen:15 Ind:11 RMSE(val)=136.884659
[GA][Iter3] Gen:15 Ind:12 RMSE(val)=82.984341
[GA][Iter3] Gen:15 Ind:13 RMSE(val)=78.898763
[GA][Iter3] Gen:15 Ind:14 RMSE(val)=73.581096
[GA][Iter3] Gen:15 Ind:15 RMSE(val)=78.898763
[GA][Iter3] Gen:15 Ind:16 RMSE(val)=73.581096
[GA][Iter3] Gen:15 Ind:17 RMSE(val)=82.984341
[GA][Iter3] Gen:15 Ind:18 RMSE(val)=78.898763
[GA][Iter3] Gen:15 Ind:19 RMSE(val)=78.898763
[GA][Iter3] Gen:15 Ind:20 RMSE(val)=83.828081

[GA DONE][Iter3] Best params on val fold of Iter3
Best val RMSE: 73.581096
Best params: {'max_depth': 33, 'min_samples_split': 23, 'min_samples_leaf': 9, 'max_features': None, 'splitter': 'random', 'criterion': 'absolute_error'}
--------------------------------------------------------------------------------
[RETUNE GA] Iter3: train folds 1..7 -> test fold 8  RMSE=98.383142  NRMSE=0.816847  CVRMSE=0.223190  R2=0.331350
[GA][Iter4] Gen:1 Ind:1 RMSE(val)=175.522328
[GA][Iter4] Gen:1 Ind:2 RMSE(val)=101.316282
[GA][Iter4] Gen:1 Ind:3 RMSE(val)=117.757128
[GA][Iter4] Gen:1 Ind:4 RMSE(val)=139.602563
[GA][Iter4] Gen:1 Ind:5 RMSE(val)=122.629643
[GA][Iter4] Gen:1 Ind:6 RMSE(val)=101.313278
[GA][Iter4] Gen:1 Ind:7 RMSE(val)=104.734982
[GA][Iter4] Gen:1 Ind:8 RMSE(val)=87.904684
[GA][Iter4] Gen:1 Ind:9 RMSE(val)=95.369612
[GA][Iter4] Gen:1 Ind:10 RMSE(val)=189.807245
[GA][Iter4] Gen:1 Ind:11 RMSE(val)=103.536870
[GA][Iter4] Gen:1 Ind:12 RMSE(val)=119.817987
[GA][Iter4] Gen:1 Ind:13 RMSE(val)=166.648693
[GA][Iter4] Gen:1 Ind:14 RMSE(val)=152.905457
[GA][Iter4] Gen:1 Ind:15 RMSE(val)=179.095586
[GA][Iter4] Gen:1 Ind:16 RMSE(val)=118.371832
[GA][Iter4] Gen:1 Ind:17 RMSE(val)=126.489078
[GA][Iter4] Gen:1 Ind:18 RMSE(val)=92.277351
[GA][Iter4] Gen:1 Ind:19 RMSE(val)=176.101662
[GA][Iter4] Gen:1 Ind:20 RMSE(val)=163.455478
[GA][Iter4] gen=1 best_val_rmse=87.904684
[GA][Iter4] Gen:2 Ind:1 RMSE(val)=87.904684
[GA][Iter4] Gen:2 Ind:2 RMSE(val)=92.277351
[GA][Iter4] Gen:2 Ind:3 RMSE(val)=95.369612
[GA][Iter4] Gen:2 Ind:4 RMSE(val)=101.313278
[GA][Iter4] Gen:2 Ind:5 RMSE(val)=101.316282
[GA][Iter4] Gen:2 Ind:6 RMSE(val)=103.536870
[GA][Iter4] Gen:2 Ind:7 RMSE(val)=104.734982
[GA][Iter4] Gen:2 Ind:8 RMSE(val)=117.757128
[GA][Iter4] Gen:2 Ind:9 RMSE(val)=118.371832
[GA][Iter4] Gen:2 Ind:10 RMSE(val)=119.817987
[GA][Iter4] Gen:2 Ind:11 RMSE(val)=98.176419
[GA][Iter4] Gen:2 Ind:12 RMSE(val)=94.571500
[GA][Iter4] Gen:2 Ind:13 RMSE(val)=118.371832
[GA][Iter4] Gen:2 Ind:14 RMSE(val)=95.764716
[GA][Iter4] Gen:2 Ind:15 RMSE(val)=104.747291
[GA][Iter4] Gen:2 Ind:16 RMSE(val)=173.417617
[GA][Iter4] Gen:2 Ind:17 RMSE(val)=102.319073
[GA][Iter4] Gen:2 Ind:18 RMSE(val)=102.770668
[GA][Iter4] Gen:2 Ind:19 RMSE(val)=102.319073
[GA][Iter4] Gen:2 Ind:20 RMSE(val)=87.904684
[GA][Iter4] gen=2 best_val_rmse=87.904684
[GA][Iter4] Gen:3 Ind:1 RMSE(val)=87.904684
[GA][Iter4] Gen:3 Ind:2 RMSE(val)=87.904684
[GA][Iter4] Gen:3 Ind:3 RMSE(val)=92.277351
[GA][Iter4] Gen:3 Ind:4 RMSE(val)=94.571500
[GA][Iter4] Gen:3 Ind:5 RMSE(val)=95.369612
[GA][Iter4] Gen:3 Ind:6 RMSE(val)=95.764716
[GA][Iter4] Gen:3 Ind:7 RMSE(val)=98.176419
[GA][Iter4] Gen:3 Ind:8 RMSE(val)=101.313278
[GA][Iter4] Gen:3 Ind:9 RMSE(val)=101.316282
[GA][Iter4] Gen:3 Ind:10 RMSE(val)=102.319073
[GA][Iter4] Gen:3 Ind:11 RMSE(val)=117.757128
[GA][Iter4] Gen:3 Ind:12 RMSE(val)=87.904684
[GA][Iter4] Gen:3 Ind:13 RMSE(val)=99.695784
[GA][Iter4] Gen:3 Ind:14 RMSE(val)=87.904684
[GA][Iter4] Gen:3 Ind:15 RMSE(val)=101.704407
[GA][Iter4] Gen:3 Ind:16 RMSE(val)=134.277430
[GA][Iter4] Gen:3 Ind:17 RMSE(val)=105.006889
[GA][Iter4] Gen:3 Ind:18 RMSE(val)=93.092407
[GA][Iter4] Gen:3 Ind:19 RMSE(val)=104.180312
[GA][Iter4] Gen:3 Ind:20 RMSE(val)=95.031804
[GA][Iter4] gen=3 best_val_rmse=87.904684
[GA][Iter4] Gen:4 Ind:1 RMSE(val)=87.904684
[GA][Iter4] Gen:4 Ind:2 RMSE(val)=87.904684
[GA][Iter4] Gen:4 Ind:3 RMSE(val)=87.904684
[GA][Iter4] Gen:4 Ind:4 RMSE(val)=87.904684
[GA][Iter4] Gen:4 Ind:5 RMSE(val)=92.277351
[GA][Iter4] Gen:4 Ind:6 RMSE(val)=93.092407
[GA][Iter4] Gen:4 Ind:7 RMSE(val)=94.571500
[GA][Iter4] Gen:4 Ind:8 RMSE(val)=95.031804
[GA][Iter4] Gen:4 Ind:9 RMSE(val)=95.369612
[GA][Iter4] Gen:4 Ind:10 RMSE(val)=95.764716
[GA][Iter4] Gen:4 Ind:11 RMSE(val)=95.764716
[GA][Iter4] Gen:4 Ind:12 RMSE(val)=91.487270
[GA][Iter4] Gen:4 Ind:13 RMSE(val)=163.994624
[GA][Iter4] Gen:4 Ind:14 RMSE(val)=101.019670
[GA][Iter4] Gen:4 Ind:15 RMSE(val)=94.571500
[GA][Iter4] Gen:4 Ind:16 RMSE(val)=95.369612
[GA][Iter4] Gen:4 Ind:17 RMSE(val)=87.904684
[GA][Iter4] Gen:4 Ind:18 RMSE(val)=87.904684
[GA][Iter4] Gen:4 Ind:19 RMSE(val)=92.277351
[GA][Iter4] Gen:4 Ind:20 RMSE(val)=101.019670
[GA][Iter4] gen=4 best_val_rmse=87.904684
[GA][Iter4] Gen:5 Ind:1 RMSE(val)=87.904684
[GA][Iter4] Gen:5 Ind:2 RMSE(val)=87.904684
[GA][Iter4] Gen:5 Ind:3 RMSE(val)=87.904684
[GA][Iter4] Gen:5 Ind:4 RMSE(val)=87.904684
[GA][Iter4] Gen:5 Ind:5 RMSE(val)=87.904684
[GA][Iter4] Gen:5 Ind:6 RMSE(val)=87.904684
[GA][Iter4] Gen:5 Ind:7 RMSE(val)=91.487270
[GA][Iter4] Gen:5 Ind:8 RMSE(val)=92.277351
[GA][Iter4] Gen:5 Ind:9 RMSE(val)=92.277351
[GA][Iter4] Gen:5 Ind:10 RMSE(val)=93.092407
[GA][Iter4] Gen:5 Ind:11 RMSE(val)=87.904684
[GA][Iter4] Gen:5 Ind:12 RMSE(val)=97.486806
[GA][Iter4] Gen:5 Ind:13 RMSE(val)=87.904684
[GA][Iter4] Gen:5 Ind:14 RMSE(val)=87.904684
[GA][Iter4] Gen:5 Ind:15 RMSE(val)=175.136736
[GA][Iter4] Gen:5 Ind:16 RMSE(val)=94.571500
[GA][Iter4] Gen:5 Ind:17 RMSE(val)=163.994624
[GA][Iter4] Gen:5 Ind:18 RMSE(val)=87.904684
[GA][Iter4] Gen:5 Ind:19 RMSE(val)=87.904684
[GA][Iter4] Gen:5 Ind:20 RMSE(val)=94.571500
[GA][Iter4] gen=5 best_val_rmse=87.904684
[GA][Iter4] Gen:6 Ind:1 RMSE(val)=87.904684
[GA][Iter4] Gen:6 Ind:2 RMSE(val)=87.904684
[GA][Iter4] Gen:6 Ind:3 RMSE(val)=87.904684
[GA][Iter4] Gen:6 Ind:4 RMSE(val)=87.904684
[GA][Iter4] Gen:6 Ind:5 RMSE(val)=87.904684
[GA][Iter4] Gen:6 Ind:6 RMSE(val)=87.904684
[GA][Iter4] Gen:6 Ind:7 RMSE(val)=87.904684
[GA][Iter4] Gen:6 Ind:8 RMSE(val)=87.904684
[GA][Iter4] Gen:6 Ind:9 RMSE(val)=87.904684
[GA][Iter4] Gen:6 Ind:10 RMSE(val)=87.904684
[GA][Iter4] Gen:6 Ind:11 RMSE(val)=87.904684
[GA][Iter4] Gen:6 Ind:12 RMSE(val)=87.904684
[GA][Iter4] Gen:6 Ind:13 RMSE(val)=87.904684
[GA][Iter4] Gen:6 Ind:14 RMSE(val)=87.904684
[GA][Iter4] Gen:6 Ind:15 RMSE(val)=87.904684
[GA][Iter4] Gen:6 Ind:16 RMSE(val)=87.904684
[GA][Iter4] Gen:6 Ind:17 RMSE(val)=87.904684
[GA][Iter4] Gen:6 Ind:18 RMSE(val)=87.904684
[GA][Iter4] Gen:6 Ind:19 RMSE(val)=87.904684
[GA][Iter4] Gen:6 Ind:20 RMSE(val)=87.904684
[GA][Iter4] gen=6 best_val_rmse=87.904684
[GA][Iter4] Gen:7 Ind:1 RMSE(val)=87.904684
[GA][Iter4] Gen:7 Ind:2 RMSE(val)=87.904684
[GA][Iter4] Gen:7 Ind:3 RMSE(val)=87.904684
[GA][Iter4] Gen:7 Ind:4 RMSE(val)=87.904684
[GA][Iter4] Gen:7 Ind:5 RMSE(val)=87.904684
[GA][Iter4] Gen:7 Ind:6 RMSE(val)=87.904684
[GA][Iter4] Gen:7 Ind:7 RMSE(val)=87.904684
[GA][Iter4] Gen:7 Ind:8 RMSE(val)=87.904684
[GA][Iter4] Gen:7 Ind:9 RMSE(val)=87.904684
[GA][Iter4] Gen:7 Ind:10 RMSE(val)=87.904684
[GA][Iter4] Gen:7 Ind:11 RMSE(val)=87.904684
[GA][Iter4] Gen:7 Ind:12 RMSE(val)=99.971375
[GA][Iter4] Gen:7 Ind:13 RMSE(val)=87.904684
[GA][Iter4] Gen:7 Ind:14 RMSE(val)=87.904684
[GA][Iter4] Gen:7 Ind:15 RMSE(val)=87.904684
[GA][Iter4] Gen:7 Ind:16 RMSE(val)=87.904684
[GA][Iter4] Gen:7 Ind:17 RMSE(val)=87.904684
[GA][Iter4] Gen:7 Ind:18 RMSE(val)=87.904684
[GA][Iter4] Gen:7 Ind:19 RMSE(val)=87.904684
[GA][Iter4] Gen:7 Ind:20 RMSE(val)=87.904684
[GA][Iter4] gen=7 best_val_rmse=87.904684
[GA][Iter4] Gen:8 Ind:1 RMSE(val)=87.904684
[GA][Iter4] Gen:8 Ind:2 RMSE(val)=87.904684
[GA][Iter4] Gen:8 Ind:3 RMSE(val)=87.904684
[GA][Iter4] Gen:8 Ind:4 RMSE(val)=87.904684
[GA][Iter4] Gen:8 Ind:5 RMSE(val)=87.904684
[GA][Iter4] Gen:8 Ind:6 RMSE(val)=87.904684
[GA][Iter4] Gen:8 Ind:7 RMSE(val)=87.904684
[GA][Iter4] Gen:8 Ind:8 RMSE(val)=87.904684
[GA][Iter4] Gen:8 Ind:9 RMSE(val)=87.904684
[GA][Iter4] Gen:8 Ind:10 RMSE(val)=87.904684
[GA][Iter4] Gen:8 Ind:11 RMSE(val)=87.904684
[GA][Iter4] Gen:8 Ind:12 RMSE(val)=96.101756
[GA][Iter4] Gen:8 Ind:13 RMSE(val)=102.234043
[GA][Iter4] Gen:8 Ind:14 RMSE(val)=87.904684
[GA][Iter4] Gen:8 Ind:15 RMSE(val)=87.904684
[GA][Iter4] Gen:8 Ind:16 RMSE(val)=87.904684
[GA][Iter4] Gen:8 Ind:17 RMSE(val)=87.904684
[GA][Iter4] Gen:8 Ind:18 RMSE(val)=92.587243
[GA][Iter4] Gen:8 Ind:19 RMSE(val)=92.832600
[GA][Iter4] Gen:8 Ind:20 RMSE(val)=102.234043
[GA][Iter4] gen=8 best_val_rmse=87.904684
[GA][Iter4] Gen:9 Ind:1 RMSE(val)=87.904684
[GA][Iter4] Gen:9 Ind:2 RMSE(val)=87.904684
[GA][Iter4] Gen:9 Ind:3 RMSE(val)=87.904684
[GA][Iter4] Gen:9 Ind:4 RMSE(val)=87.904684
[GA][Iter4] Gen:9 Ind:5 RMSE(val)=87.904684
[GA][Iter4] Gen:9 Ind:6 RMSE(val)=87.904684
[GA][Iter4] Gen:9 Ind:7 RMSE(val)=87.904684
[GA][Iter4] Gen:9 Ind:8 RMSE(val)=87.904684
[GA][Iter4] Gen:9 Ind:9 RMSE(val)=87.904684
[GA][Iter4] Gen:9 Ind:10 RMSE(val)=87.904684
[GA][Iter4] Gen:9 Ind:11 RMSE(val)=87.904684
[GA][Iter4] Gen:9 Ind:12 RMSE(val)=92.832600
[GA][Iter4] Gen:9 Ind:13 RMSE(val)=163.994624
[GA][Iter4] Gen:9 Ind:14 RMSE(val)=87.751812
[GA][Iter4] Gen:9 Ind:15 RMSE(val)=136.625896
[GA][Iter4] Gen:9 Ind:16 RMSE(val)=175.136736
[GA][Iter4] Gen:9 Ind:17 RMSE(val)=175.136736
[GA][Iter4] Gen:9 Ind:18 RMSE(val)=87.904684
[GA][Iter4] Gen:9 Ind:19 RMSE(val)=87.904684
[GA][Iter4] Gen:9 Ind:20 RMSE(val)=87.904684
[GA][Iter4] gen=9 best_val_rmse=87.751812
[GA][Iter4] Gen:10 Ind:1 RMSE(val)=87.751812
[GA][Iter4] Gen:10 Ind:2 RMSE(val)=87.904684
[GA][Iter4] Gen:10 Ind:3 RMSE(val)=87.904684
[GA][Iter4] Gen:10 Ind:4 RMSE(val)=87.904684
[GA][Iter4] Gen:10 Ind:5 RMSE(val)=87.904684
[GA][Iter4] Gen:10 Ind:6 RMSE(val)=87.904684
[GA][Iter4] Gen:10 Ind:7 RMSE(val)=87.904684
[GA][Iter4] Gen:10 Ind:8 RMSE(val)=87.904684
[GA][Iter4] Gen:10 Ind:9 RMSE(val)=87.904684
[GA][Iter4] Gen:10 Ind:10 RMSE(val)=87.904684
[GA][Iter4] Gen:10 Ind:11 RMSE(val)=87.904684
[GA][Iter4] Gen:10 Ind:12 RMSE(val)=87.904684
[GA][Iter4] Gen:10 Ind:13 RMSE(val)=87.904684
[GA][Iter4] Gen:10 Ind:14 RMSE(val)=87.751812
[GA][Iter4] Gen:10 Ind:15 RMSE(val)=87.904684
[GA][Iter4] Gen:10 Ind:16 RMSE(val)=87.904684
[GA][Iter4] Gen:10 Ind:17 RMSE(val)=99.971375
[GA][Iter4] Gen:10 Ind:18 RMSE(val)=175.136736
[GA][Iter4] Gen:10 Ind:19 RMSE(val)=87.904684
[GA][Iter4] Gen:10 Ind:20 RMSE(val)=87.904684
[GA][Iter4] gen=10 best_val_rmse=87.751812
[GA][Iter4] Gen:11 Ind:1 RMSE(val)=87.751812
[GA][Iter4] Gen:11 Ind:2 RMSE(val)=87.751812
[GA][Iter4] Gen:11 Ind:3 RMSE(val)=87.904684
[GA][Iter4] Gen:11 Ind:4 RMSE(val)=87.904684
[GA][Iter4] Gen:11 Ind:5 RMSE(val)=87.904684
[GA][Iter4] Gen:11 Ind:6 RMSE(val)=87.904684
[GA][Iter4] Gen:11 Ind:7 RMSE(val)=87.904684
[GA][Iter4] Gen:11 Ind:8 RMSE(val)=87.904684
[GA][Iter4] Gen:11 Ind:9 RMSE(val)=87.904684
[GA][Iter4] Gen:11 Ind:10 RMSE(val)=87.904684
[GA][Iter4] Gen:11 Ind:11 RMSE(val)=87.904684
[GA][Iter4] Gen:11 Ind:12 RMSE(val)=87.751812
[GA][Iter4] Gen:11 Ind:13 RMSE(val)=87.904684
[GA][Iter4] Gen:11 Ind:14 RMSE(val)=87.904684
[GA][Iter4] Gen:11 Ind:15 RMSE(val)=87.904684
[GA][Iter4] Gen:11 Ind:16 RMSE(val)=87.904684
[GA][Iter4] Gen:11 Ind:17 RMSE(val)=95.746006
[GA][Iter4] Gen:11 Ind:18 RMSE(val)=87.751812
[GA][Iter4] Gen:11 Ind:19 RMSE(val)=87.904684
[GA][Iter4] Gen:11 Ind:20 RMSE(val)=87.904684
[GA][Iter4] gen=11 best_val_rmse=87.751812
[GA][Iter4] Gen:12 Ind:1 RMSE(val)=87.751812
[GA][Iter4] Gen:12 Ind:2 RMSE(val)=87.751812
[GA][Iter4] Gen:12 Ind:3 RMSE(val)=87.751812
[GA][Iter4] Gen:12 Ind:4 RMSE(val)=87.751812
[GA][Iter4] Gen:12 Ind:5 RMSE(val)=87.904684
[GA][Iter4] Gen:12 Ind:6 RMSE(val)=87.904684
[GA][Iter4] Gen:12 Ind:7 RMSE(val)=87.904684
[GA][Iter4] Gen:12 Ind:8 RMSE(val)=87.904684
[GA][Iter4] Gen:12 Ind:9 RMSE(val)=87.904684
[GA][Iter4] Gen:12 Ind:10 RMSE(val)=87.904684
[GA][Iter4] Gen:12 Ind:11 RMSE(val)=87.904684
[GA][Iter4] Gen:12 Ind:12 RMSE(val)=87.751812
[GA][Iter4] Gen:12 Ind:13 RMSE(val)=87.904684
[GA][Iter4] Gen:12 Ind:14 RMSE(val)=163.537861
[GA][Iter4] Gen:12 Ind:15 RMSE(val)=100.341758
[GA][Iter4] Gen:12 Ind:16 RMSE(val)=87.904684
[GA][Iter4] Gen:12 Ind:17 RMSE(val)=87.904684
[GA][Iter4] Gen:12 Ind:18 RMSE(val)=87.904684
[GA][Iter4] Gen:12 Ind:19 RMSE(val)=96.600343
[GA][Iter4] Gen:12 Ind:20 RMSE(val)=87.904684
[GA][Iter4] gen=12 best_val_rmse=87.751812
[GA][Iter4] Gen:13 Ind:1 RMSE(val)=87.751812
[GA][Iter4] Gen:13 Ind:2 RMSE(val)=87.751812
[GA][Iter4] Gen:13 Ind:3 RMSE(val)=87.751812
[GA][Iter4] Gen:13 Ind:4 RMSE(val)=87.751812
[GA][Iter4] Gen:13 Ind:5 RMSE(val)=87.751812
[GA][Iter4] Gen:13 Ind:6 RMSE(val)=87.904684
[GA][Iter4] Gen:13 Ind:7 RMSE(val)=87.904684
[GA][Iter4] Gen:13 Ind:8 RMSE(val)=87.904684
[GA][Iter4] Gen:13 Ind:9 RMSE(val)=87.904684
[GA][Iter4] Gen:13 Ind:10 RMSE(val)=87.904684
[GA][Iter4] Gen:13 Ind:11 RMSE(val)=87.904684
[GA][Iter4] Gen:13 Ind:12 RMSE(val)=96.101756
[GA][Iter4] Gen:13 Ind:13 RMSE(val)=87.751812
[GA][Iter4] Gen:13 Ind:14 RMSE(val)=87.751812
[GA][Iter4] Gen:13 Ind:15 RMSE(val)=100.689220
[GA][Iter4] Gen:13 Ind:16 RMSE(val)=87.904684
[GA][Iter4] Gen:13 Ind:17 RMSE(val)=87.751812
[GA][Iter4] Gen:13 Ind:18 RMSE(val)=163.537861
[GA][Iter4] Gen:13 Ind:19 RMSE(val)=87.904684
[GA][Iter4] Gen:13 Ind:20 RMSE(val)=87.904684
[GA][Iter4] gen=13 best_val_rmse=87.751812
[GA][Iter4] Gen:14 Ind:1 RMSE(val)=87.751812
[GA][Iter4] Gen:14 Ind:2 RMSE(val)=87.751812
[GA][Iter4] Gen:14 Ind:3 RMSE(val)=87.751812
[GA][Iter4] Gen:14 Ind:4 RMSE(val)=87.751812
[GA][Iter4] Gen:14 Ind:5 RMSE(val)=87.751812
[GA][Iter4] Gen:14 Ind:6 RMSE(val)=87.751812
[GA][Iter4] Gen:14 Ind:7 RMSE(val)=87.751812
[GA][Iter4] Gen:14 Ind:8 RMSE(val)=87.751812
[GA][Iter4] Gen:14 Ind:9 RMSE(val)=87.904684
[GA][Iter4] Gen:14 Ind:10 RMSE(val)=87.904684
[GA][Iter4] Gen:14 Ind:11 RMSE(val)=87.751812
[GA][Iter4] Gen:14 Ind:12 RMSE(val)=100.197706
[GA][Iter4] Gen:14 Ind:13 RMSE(val)=87.904684
[GA][Iter4] Gen:14 Ind:14 RMSE(val)=87.751812
[GA][Iter4] Gen:14 Ind:15 RMSE(val)=87.751812
[GA][Iter4] Gen:14 Ind:16 RMSE(val)=87.751812
[GA][Iter4] Gen:14 Ind:17 RMSE(val)=96.600343
[GA][Iter4] Gen:14 Ind:18 RMSE(val)=87.751812
[GA][Iter4] Gen:14 Ind:19 RMSE(val)=87.904684
[GA][Iter4] Gen:14 Ind:20 RMSE(val)=87.751812
[GA][Iter4] gen=14 best_val_rmse=87.751812
[GA][Iter4] Gen:15 Ind:1 RMSE(val)=87.751812
[GA][Iter4] Gen:15 Ind:2 RMSE(val)=87.751812
[GA][Iter4] Gen:15 Ind:3 RMSE(val)=87.751812
[GA][Iter4] Gen:15 Ind:4 RMSE(val)=87.751812
[GA][Iter4] Gen:15 Ind:5 RMSE(val)=87.751812
[GA][Iter4] Gen:15 Ind:6 RMSE(val)=87.751812
[GA][Iter4] Gen:15 Ind:7 RMSE(val)=87.751812
[GA][Iter4] Gen:15 Ind:8 RMSE(val)=87.751812
[GA][Iter4] Gen:15 Ind:9 RMSE(val)=87.751812
[GA][Iter4] Gen:15 Ind:10 RMSE(val)=87.751812
[GA][Iter4] Gen:15 Ind:11 RMSE(val)=87.751812
[GA][Iter4] Gen:15 Ind:12 RMSE(val)=87.751812
[GA][Iter4] Gen:15 Ind:13 RMSE(val)=87.751812
[GA][Iter4] Gen:15 Ind:14 RMSE(val)=87.751812
[GA][Iter4] Gen:15 Ind:15 RMSE(val)=100.197706
[GA][Iter4] Gen:15 Ind:16 RMSE(val)=87.751812
[GA][Iter4] Gen:15 Ind:17 RMSE(val)=87.751812
[GA][Iter4] Gen:15 Ind:18 RMSE(val)=87.751812
[GA][Iter4] Gen:15 Ind:19 RMSE(val)=87.751812
[GA][Iter4] Gen:15 Ind:20 RMSE(val)=100.689220
[GA][Iter4] gen=15 best_val_rmse=87.751812
[GA][Iter4] Gen:15 Ind:1 RMSE(val)=87.751812
[GA][Iter4] Gen:15 Ind:2 RMSE(val)=87.751812
[GA][Iter4] Gen:15 Ind:3 RMSE(val)=87.751812
[GA][Iter4] Gen:15 Ind:4 RMSE(val)=87.751812
[GA][Iter4] Gen:15 Ind:5 RMSE(val)=87.751812
[GA][Iter4] Gen:15 Ind:6 RMSE(val)=87.751812
[GA][Iter4] Gen:15 Ind:7 RMSE(val)=87.751812
[GA][Iter4] Gen:15 Ind:8 RMSE(val)=87.751812
[GA][Iter4] Gen:15 Ind:9 RMSE(val)=87.751812
[GA][Iter4] Gen:15 Ind:10 RMSE(val)=87.751812
[GA][Iter4] Gen:15 Ind:11 RMSE(val)=175.136736
[GA][Iter4] Gen:15 Ind:12 RMSE(val)=87.751812
[GA][Iter4] Gen:15 Ind:13 RMSE(val)=87.751812
[GA][Iter4] Gen:15 Ind:14 RMSE(val)=87.751812
[GA][Iter4] Gen:15 Ind:15 RMSE(val)=87.751812
[GA][Iter4] Gen:15 Ind:16 RMSE(val)=87.751812
[GA][Iter4] Gen:15 Ind:17 RMSE(val)=87.751812
[GA][Iter4] Gen:15 Ind:18 RMSE(val)=87.751812
[GA][Iter4] Gen:15 Ind:19 RMSE(val)=87.751812
[GA][Iter4] Gen:15 Ind:20 RMSE(val)=96.600343

[GA DONE][Iter4] Best params on val fold of Iter4
Best val RMSE: 87.751812
Best params: {'max_depth': 7, 'min_samples_split': 7, 'min_samples_leaf': 12, 'max_features': None, 'splitter': 'random', 'criterion': 'friedman_mse'}
--------------------------------------------------------------------------------
[RETUNE GA] Iter4: train folds 1..8 -> test fold 9  RMSE=89.007912  NRMSE=0.770837  CVRMSE=0.189815  R2=0.404554
[GA][Iter5] Gen:1 Ind:1 RMSE(val)=90.588624
[GA][Iter5] Gen:1 Ind:2 RMSE(val)=85.048469
[GA][Iter5] Gen:1 Ind:3 RMSE(val)=100.582568
[GA][Iter5] Gen:1 Ind:4 RMSE(val)=120.026920
[GA][Iter5] Gen:1 Ind:5 RMSE(val)=102.931223
[GA][Iter5] Gen:1 Ind:6 RMSE(val)=84.123377
[GA][Iter5] Gen:1 Ind:7 RMSE(val)=80.854683
[GA][Iter5] Gen:1 Ind:8 RMSE(val)=88.804771
[GA][Iter5] Gen:1 Ind:9 RMSE(val)=95.001746
[GA][Iter5] Gen:1 Ind:10 RMSE(val)=166.320223
[GA][Iter5] Gen:1 Ind:11 RMSE(val)=89.673025
[GA][Iter5] Gen:1 Ind:12 RMSE(val)=108.541058
[GA][Iter5] Gen:1 Ind:13 RMSE(val)=99.854718
[GA][Iter5] Gen:1 Ind:14 RMSE(val)=105.824092
[GA][Iter5] Gen:1 Ind:15 RMSE(val)=126.085699
[GA][Iter5] Gen:1 Ind:16 RMSE(val)=115.567251
[GA][Iter5] Gen:1 Ind:17 RMSE(val)=118.121817
[GA][Iter5] Gen:1 Ind:18 RMSE(val)=84.480009
[GA][Iter5] Gen:1 Ind:19 RMSE(val)=124.606687
[GA][Iter5] Gen:1 Ind:20 RMSE(val)=107.052996
[GA][Iter5] gen=1 best_val_rmse=80.854683
[GA][Iter5] Gen:2 Ind:1 RMSE(val)=80.854683
[GA][Iter5] Gen:2 Ind:2 RMSE(val)=84.123377
[GA][Iter5] Gen:2 Ind:3 RMSE(val)=84.480009
[GA][Iter5] Gen:2 Ind:4 RMSE(val)=85.048469
[GA][Iter5] Gen:2 Ind:5 RMSE(val)=88.804771
[GA][Iter5] Gen:2 Ind:6 RMSE(val)=89.673025
[GA][Iter5] Gen:2 Ind:7 RMSE(val)=90.588624
[GA][Iter5] Gen:2 Ind:8 RMSE(val)=95.001746
[GA][Iter5] Gen:2 Ind:9 RMSE(val)=99.854718
[GA][Iter5] Gen:2 Ind:10 RMSE(val)=100.582568
[GA][Iter5] Gen:2 Ind:11 RMSE(val)=88.804771
[GA][Iter5] Gen:2 Ind:12 RMSE(val)=84.123377
[GA][Iter5] Gen:2 Ind:13 RMSE(val)=99.854718
[GA][Iter5] Gen:2 Ind:14 RMSE(val)=84.147829
[GA][Iter5] Gen:2 Ind:15 RMSE(val)=95.001746
[GA][Iter5] Gen:2 Ind:16 RMSE(val)=105.117168
[GA][Iter5] Gen:2 Ind:17 RMSE(val)=95.001746
[GA][Iter5] Gen:2 Ind:18 RMSE(val)=89.000207
[GA][Iter5] Gen:2 Ind:19 RMSE(val)=84.123377
[GA][Iter5] Gen:2 Ind:20 RMSE(val)=80.854683
[GA][Iter5] gen=2 best_val_rmse=80.854683
[GA][Iter5] Gen:3 Ind:1 RMSE(val)=80.854683
[GA][Iter5] Gen:3 Ind:2 RMSE(val)=80.854683
[GA][Iter5] Gen:3 Ind:3 RMSE(val)=84.123377
[GA][Iter5] Gen:3 Ind:4 RMSE(val)=84.123377
[GA][Iter5] Gen:3 Ind:5 RMSE(val)=84.123377
[GA][Iter5] Gen:3 Ind:6 RMSE(val)=84.147829
[GA][Iter5] Gen:3 Ind:7 RMSE(val)=84.480009
[GA][Iter5] Gen:3 Ind:8 RMSE(val)=85.048469
[GA][Iter5] Gen:3 Ind:9 RMSE(val)=88.804771
[GA][Iter5] Gen:3 Ind:10 RMSE(val)=88.804771
[GA][Iter5] Gen:3 Ind:11 RMSE(val)=84.526819
[GA][Iter5] Gen:3 Ind:12 RMSE(val)=80.854683
[GA][Iter5] Gen:3 Ind:13 RMSE(val)=84.123377
[GA][Iter5] Gen:3 Ind:14 RMSE(val)=80.854683
[GA][Iter5] Gen:3 Ind:15 RMSE(val)=81.682621
[GA][Iter5] Gen:3 Ind:16 RMSE(val)=126.344140
[GA][Iter5] Gen:3 Ind:17 RMSE(val)=83.677084
[GA][Iter5] Gen:3 Ind:18 RMSE(val)=79.640473
[GA][Iter5] Gen:3 Ind:19 RMSE(val)=84.123377
[GA][Iter5] Gen:3 Ind:20 RMSE(val)=79.209877
[GA][Iter5] gen=3 best_val_rmse=79.209877
[GA][Iter5] Gen:4 Ind:1 RMSE(val)=79.209877
[GA][Iter5] Gen:4 Ind:2 RMSE(val)=79.640473
[GA][Iter5] Gen:4 Ind:3 RMSE(val)=80.854683
[GA][Iter5] Gen:4 Ind:4 RMSE(val)=80.854683
[GA][Iter5] Gen:4 Ind:5 RMSE(val)=80.854683
[GA][Iter5] Gen:4 Ind:6 RMSE(val)=80.854683
[GA][Iter5] Gen:4 Ind:7 RMSE(val)=81.682621
[GA][Iter5] Gen:4 Ind:8 RMSE(val)=83.677084
[GA][Iter5] Gen:4 Ind:9 RMSE(val)=84.123377
[GA][Iter5] Gen:4 Ind:10 RMSE(val)=84.123377
[GA][Iter5] Gen:4 Ind:11 RMSE(val)=84.123377
[GA][Iter5] Gen:4 Ind:12 RMSE(val)=80.505196
[GA][Iter5] Gen:4 Ind:13 RMSE(val)=123.238778
[GA][Iter5] Gen:4 Ind:14 RMSE(val)=84.123377
[GA][Iter5] Gen:4 Ind:15 RMSE(val)=82.422880
[GA][Iter5] Gen:4 Ind:16 RMSE(val)=84.123377
[GA][Iter5] Gen:4 Ind:17 RMSE(val)=81.198171
[GA][Iter5] Gen:4 Ind:18 RMSE(val)=80.854683
[GA][Iter5] Gen:4 Ind:19 RMSE(val)=80.854683
[GA][Iter5] Gen:4 Ind:20 RMSE(val)=84.123377
[GA][Iter5] gen=4 best_val_rmse=79.209877
[GA][Iter5] Gen:5 Ind:1 RMSE(val)=79.209877
[GA][Iter5] Gen:5 Ind:2 RMSE(val)=79.640473
[GA][Iter5] Gen:5 Ind:3 RMSE(val)=80.505196
[GA][Iter5] Gen:5 Ind:4 RMSE(val)=80.854683
[GA][Iter5] Gen:5 Ind:5 RMSE(val)=80.854683
[GA][Iter5] Gen:5 Ind:6 RMSE(val)=80.854683
[GA][Iter5] Gen:5 Ind:7 RMSE(val)=80.854683
[GA][Iter5] Gen:5 Ind:8 RMSE(val)=80.854683
[GA][Iter5] Gen:5 Ind:9 RMSE(val)=80.854683
[GA][Iter5] Gen:5 Ind:10 RMSE(val)=81.198171
[GA][Iter5] Gen:5 Ind:11 RMSE(val)=79.209877
[GA][Iter5] Gen:5 Ind:12 RMSE(val)=80.854683
[GA][Iter5] Gen:5 Ind:13 RMSE(val)=80.854683
[GA][Iter5] Gen:5 Ind:14 RMSE(val)=80.854683
[GA][Iter5] Gen:5 Ind:15 RMSE(val)=101.408628
[GA][Iter5] Gen:5 Ind:16 RMSE(val)=80.854683
[GA][Iter5] Gen:5 Ind:17 RMSE(val)=115.501954
[GA][Iter5] Gen:5 Ind:18 RMSE(val)=79.640473
[GA][Iter5] Gen:5 Ind:19 RMSE(val)=89.000207
[GA][Iter5] Gen:5 Ind:20 RMSE(val)=80.505196
[GA][Iter5] gen=5 best_val_rmse=79.209877
[GA][Iter5] Gen:6 Ind:1 RMSE(val)=79.209877
[GA][Iter5] Gen:6 Ind:2 RMSE(val)=79.209877
[GA][Iter5] Gen:6 Ind:3 RMSE(val)=79.640473
[GA][Iter5] Gen:6 Ind:4 RMSE(val)=79.640473
[GA][Iter5] Gen:6 Ind:5 RMSE(val)=80.505196
[GA][Iter5] Gen:6 Ind:6 RMSE(val)=80.505196
[GA][Iter5] Gen:6 Ind:7 RMSE(val)=80.854683
[GA][Iter5] Gen:6 Ind:8 RMSE(val)=80.854683
[GA][Iter5] Gen:6 Ind:9 RMSE(val)=80.854683
[GA][Iter5] Gen:6 Ind:10 RMSE(val)=80.854683
[GA][Iter5] Gen:6 Ind:11 RMSE(val)=80.854683
[GA][Iter5] Gen:6 Ind:12 RMSE(val)=80.854683
[GA][Iter5] Gen:6 Ind:13 RMSE(val)=80.854683
[GA][Iter5] Gen:6 Ind:14 RMSE(val)=80.854683
[GA][Iter5] Gen:6 Ind:15 RMSE(val)=80.505196
[GA][Iter5] Gen:6 Ind:16 RMSE(val)=79.640473
[GA][Iter5] Gen:6 Ind:17 RMSE(val)=80.854683
[GA][Iter5] Gen:6 Ind:18 RMSE(val)=79.209877
[GA][Iter5] Gen:6 Ind:19 RMSE(val)=80.854683
[GA][Iter5] Gen:6 Ind:20 RMSE(val)=79.209877
[GA][Iter5] gen=6 best_val_rmse=79.209877
[GA][Iter5] Gen:7 Ind:1 RMSE(val)=79.209877
[GA][Iter5] Gen:7 Ind:2 RMSE(val)=79.209877
[GA][Iter5] Gen:7 Ind:3 RMSE(val)=79.209877
[GA][Iter5] Gen:7 Ind:4 RMSE(val)=79.209877
[GA][Iter5] Gen:7 Ind:5 RMSE(val)=79.640473
[GA][Iter5] Gen:7 Ind:6 RMSE(val)=79.640473
[GA][Iter5] Gen:7 Ind:7 RMSE(val)=79.640473
[GA][Iter5] Gen:7 Ind:8 RMSE(val)=80.505196
[GA][Iter5] Gen:7 Ind:9 RMSE(val)=80.505196
[GA][Iter5] Gen:7 Ind:10 RMSE(val)=80.505196
[GA][Iter5] Gen:7 Ind:11 RMSE(val)=82.990343
[GA][Iter5] Gen:7 Ind:12 RMSE(val)=82.990343
[GA][Iter5] Gen:7 Ind:13 RMSE(val)=82.990343
[GA][Iter5] Gen:7 Ind:14 RMSE(val)=82.990343
[GA][Iter5] Gen:7 Ind:15 RMSE(val)=79.209877
[GA][Iter5] Gen:7 Ind:16 RMSE(val)=79.640473
[GA][Iter5] Gen:7 Ind:17 RMSE(val)=79.640473
[GA][Iter5] Gen:7 Ind:18 RMSE(val)=82.990343
[GA][Iter5] Gen:7 Ind:19 RMSE(val)=80.505196
[GA][Iter5] Gen:7 Ind:20 RMSE(val)=80.854683
[GA][Iter5] gen=7 best_val_rmse=79.209877
[GA][Iter5] Gen:8 Ind:1 RMSE(val)=79.209877
[GA][Iter5] Gen:8 Ind:2 RMSE(val)=79.209877
[GA][Iter5] Gen:8 Ind:3 RMSE(val)=79.209877
[GA][Iter5] Gen:8 Ind:4 RMSE(val)=79.209877
[GA][Iter5] Gen:8 Ind:5 RMSE(val)=79.209877
[GA][Iter5] Gen:8 Ind:6 RMSE(val)=79.640473
[GA][Iter5] Gen:8 Ind:7 RMSE(val)=79.640473
[GA][Iter5] Gen:8 Ind:8 RMSE(val)=79.640473
[GA][Iter5] Gen:8 Ind:9 RMSE(val)=79.640473
[GA][Iter5] Gen:8 Ind:10 RMSE(val)=79.640473
[GA][Iter5] Gen:8 Ind:11 RMSE(val)=89.000207
[GA][Iter5] Gen:8 Ind:12 RMSE(val)=82.990343
[GA][Iter5] Gen:8 Ind:13 RMSE(val)=79.209877
[GA][Iter5] Gen:8 Ind:14 RMSE(val)=79.640473
[GA][Iter5] Gen:8 Ind:15 RMSE(val)=79.209877
[GA][Iter5] Gen:8 Ind:16 RMSE(val)=79.640473
[GA][Iter5] Gen:8 Ind:17 RMSE(val)=79.209877
[GA][Iter5] Gen:8 Ind:18 RMSE(val)=79.640473
[GA][Iter5] Gen:8 Ind:19 RMSE(val)=79.209877
[GA][Iter5] Gen:8 Ind:20 RMSE(val)=79.640473
[GA][Iter5] gen=8 best_val_rmse=79.209877
[GA][Iter5] Gen:9 Ind:1 RMSE(val)=79.209877
[GA][Iter5] Gen:9 Ind:2 RMSE(val)=79.209877
[GA][Iter5] Gen:9 Ind:3 RMSE(val)=79.209877
[GA][Iter5] Gen:9 Ind:4 RMSE(val)=79.209877
[GA][Iter5] Gen:9 Ind:5 RMSE(val)=79.209877
[GA][Iter5] Gen:9 Ind:6 RMSE(val)=79.209877
[GA][Iter5] Gen:9 Ind:7 RMSE(val)=79.209877
[GA][Iter5] Gen:9 Ind:8 RMSE(val)=79.209877
[GA][Iter5] Gen:9 Ind:9 RMSE(val)=79.209877
[GA][Iter5] Gen:9 Ind:10 RMSE(val)=79.640473
[GA][Iter5] Gen:9 Ind:11 RMSE(val)=89.000207
[GA][Iter5] Gen:9 Ind:12 RMSE(val)=79.209877
[GA][Iter5] Gen:9 Ind:13 RMSE(val)=122.153609
[GA][Iter5] Gen:9 Ind:14 RMSE(val)=83.597431
[GA][Iter5] Gen:9 Ind:15 RMSE(val)=79.209877
[GA][Iter5] Gen:9 Ind:16 RMSE(val)=96.356150
[GA][Iter5] Gen:9 Ind:17 RMSE(val)=96.356150
[GA][Iter5] Gen:9 Ind:18 RMSE(val)=79.209877
[GA][Iter5] Gen:9 Ind:19 RMSE(val)=89.000207
[GA][Iter5] Gen:9 Ind:20 RMSE(val)=79.209877
[GA][Iter5] gen=9 best_val_rmse=79.209877
[GA][Iter5] Gen:10 Ind:1 RMSE(val)=79.209877
[GA][Iter5] Gen:10 Ind:2 RMSE(val)=79.209877
[GA][Iter5] Gen:10 Ind:3 RMSE(val)=79.209877
[GA][Iter5] Gen:10 Ind:4 RMSE(val)=79.209877
[GA][Iter5] Gen:10 Ind:5 RMSE(val)=79.209877
[GA][Iter5] Gen:10 Ind:6 RMSE(val)=79.209877
[GA][Iter5] Gen:10 Ind:7 RMSE(val)=79.209877
[GA][Iter5] Gen:10 Ind:8 RMSE(val)=79.209877
[GA][Iter5] Gen:10 Ind:9 RMSE(val)=79.209877
[GA][Iter5] Gen:10 Ind:10 RMSE(val)=79.209877
[GA][Iter5] Gen:10 Ind:11 RMSE(val)=79.209877
[GA][Iter5] Gen:10 Ind:12 RMSE(val)=79.209877
[GA][Iter5] Gen:10 Ind:13 RMSE(val)=79.209877
[GA][Iter5] Gen:10 Ind:14 RMSE(val)=79.209877
[GA][Iter5] Gen:10 Ind:15 RMSE(val)=79.209877
[GA][Iter5] Gen:10 Ind:16 RMSE(val)=79.209877
[GA][Iter5] Gen:10 Ind:17 RMSE(val)=82.990343
[GA][Iter5] Gen:10 Ind:18 RMSE(val)=96.356150
[GA][Iter5] Gen:10 Ind:19 RMSE(val)=79.209877
[GA][Iter5] Gen:10 Ind:20 RMSE(val)=79.209877
[GA][Iter5] gen=10 best_val_rmse=79.209877
[GA][Iter5] Gen:11 Ind:1 RMSE(val)=79.209877
[GA][Iter5] Gen:11 Ind:2 RMSE(val)=79.209877
[GA][Iter5] Gen:11 Ind:3 RMSE(val)=79.209877
[GA][Iter5] Gen:11 Ind:4 RMSE(val)=79.209877
[GA][Iter5] Gen:11 Ind:5 RMSE(val)=79.209877
[GA][Iter5] Gen:11 Ind:6 RMSE(val)=79.209877
[GA][Iter5] Gen:11 Ind:7 RMSE(val)=79.209877
[GA][Iter5] Gen:11 Ind:8 RMSE(val)=79.209877
[GA][Iter5] Gen:11 Ind:9 RMSE(val)=79.209877
[GA][Iter5] Gen:11 Ind:10 RMSE(val)=79.209877
[GA][Iter5] Gen:11 Ind:11 RMSE(val)=79.209877
[GA][Iter5] Gen:11 Ind:12 RMSE(val)=79.209877
[GA][Iter5] Gen:11 Ind:13 RMSE(val)=79.209877
[GA][Iter5] Gen:11 Ind:14 RMSE(val)=79.209877
[GA][Iter5] Gen:11 Ind:15 RMSE(val)=79.209877
[GA][Iter5] Gen:11 Ind:16 RMSE(val)=79.209877
[GA][Iter5] Gen:11 Ind:17 RMSE(val)=79.209877
[GA][Iter5] Gen:11 Ind:18 RMSE(val)=79.209877
[GA][Iter5] Gen:11 Ind:19 RMSE(val)=79.209877
[GA][Iter5] Gen:11 Ind:20 RMSE(val)=79.209877
[GA][Iter5] gen=11 best_val_rmse=79.209877
[GA][Iter5] Gen:12 Ind:1 RMSE(val)=79.209877
[GA][Iter5] Gen:12 Ind:2 RMSE(val)=79.209877
[GA][Iter5] Gen:12 Ind:3 RMSE(val)=79.209877
[GA][Iter5] Gen:12 Ind:4 RMSE(val)=79.209877
[GA][Iter5] Gen:12 Ind:5 RMSE(val)=79.209877
[GA][Iter5] Gen:12 Ind:6 RMSE(val)=79.209877
[GA][Iter5] Gen:12 Ind:7 RMSE(val)=79.209877
[GA][Iter5] Gen:12 Ind:8 RMSE(val)=79.209877
[GA][Iter5] Gen:12 Ind:9 RMSE(val)=79.209877
[GA][Iter5] Gen:12 Ind:10 RMSE(val)=79.209877
[GA][Iter5] Gen:12 Ind:11 RMSE(val)=79.209877
[GA][Iter5] Gen:12 Ind:12 RMSE(val)=79.209877
[GA][Iter5] Gen:12 Ind:13 RMSE(val)=79.209877
[GA][Iter5] Gen:12 Ind:14 RMSE(val)=122.153609
[GA][Iter5] Gen:12 Ind:15 RMSE(val)=89.000207
[GA][Iter5] Gen:12 Ind:16 RMSE(val)=79.209877
[GA][Iter5] Gen:12 Ind:17 RMSE(val)=79.209877
[GA][Iter5] Gen:12 Ind:18 RMSE(val)=79.209877
[GA][Iter5] Gen:12 Ind:19 RMSE(val)=80.457016
[GA][Iter5] Gen:12 Ind:20 RMSE(val)=79.209877
[GA][Iter5] gen=12 best_val_rmse=79.209877
[GA][Iter5] Gen:13 Ind:1 RMSE(val)=79.209877
[GA][Iter5] Gen:13 Ind:2 RMSE(val)=79.209877
[GA][Iter5] Gen:13 Ind:3 RMSE(val)=79.209877
[GA][Iter5] Gen:13 Ind:4 RMSE(val)=79.209877
[GA][Iter5] Gen:13 Ind:5 RMSE(val)=79.209877
[GA][Iter5] Gen:13 Ind:6 RMSE(val)=79.209877
[GA][Iter5] Gen:13 Ind:7 RMSE(val)=79.209877
[GA][Iter5] Gen:13 Ind:8 RMSE(val)=79.209877
[GA][Iter5] Gen:13 Ind:9 RMSE(val)=79.209877
[GA][Iter5] Gen:13 Ind:10 RMSE(val)=79.209877
[GA][Iter5] Gen:13 Ind:11 RMSE(val)=79.209877
[GA][Iter5] Gen:13 Ind:12 RMSE(val)=79.209877
[GA][Iter5] Gen:13 Ind:13 RMSE(val)=79.209877
[GA][Iter5] Gen:13 Ind:14 RMSE(val)=79.209877
[GA][Iter5] Gen:13 Ind:15 RMSE(val)=82.990343
[GA][Iter5] Gen:13 Ind:16 RMSE(val)=79.209877
[GA][Iter5] Gen:13 Ind:17 RMSE(val)=79.209877
[GA][Iter5] Gen:13 Ind:18 RMSE(val)=122.153609
[GA][Iter5] Gen:13 Ind:19 RMSE(val)=79.209877
[GA][Iter5] Gen:13 Ind:20 RMSE(val)=79.209877
[GA][Iter5] gen=13 best_val_rmse=79.209877
[GA][Iter5] Gen:14 Ind:1 RMSE(val)=79.209877
[GA][Iter5] Gen:14 Ind:2 RMSE(val)=79.209877
[GA][Iter5] Gen:14 Ind:3 RMSE(val)=79.209877
[GA][Iter5] Gen:14 Ind:4 RMSE(val)=79.209877
[GA][Iter5] Gen:14 Ind:5 RMSE(val)=79.209877
[GA][Iter5] Gen:14 Ind:6 RMSE(val)=79.209877
[GA][Iter5] Gen:14 Ind:7 RMSE(val)=79.209877
[GA][Iter5] Gen:14 Ind:8 RMSE(val)=79.209877
[GA][Iter5] Gen:14 Ind:9 RMSE(val)=79.209877
[GA][Iter5] Gen:14 Ind:10 RMSE(val)=79.209877
[GA][Iter5] Gen:14 Ind:11 RMSE(val)=79.209877
[GA][Iter5] Gen:14 Ind:12 RMSE(val)=79.209877
[GA][Iter5] Gen:14 Ind:13 RMSE(val)=79.209877
[GA][Iter5] Gen:14 Ind:14 RMSE(val)=79.209877
[GA][Iter5] Gen:14 Ind:15 RMSE(val)=79.209877
[GA][Iter5] Gen:14 Ind:16 RMSE(val)=79.209877
[GA][Iter5] Gen:14 Ind:17 RMSE(val)=80.457016
[GA][Iter5] Gen:14 Ind:18 RMSE(val)=79.209877
[GA][Iter5] Gen:14 Ind:19 RMSE(val)=79.209877
[GA][Iter5] Gen:14 Ind:20 RMSE(val)=79.209877
[GA][Iter5] gen=14 best_val_rmse=79.209877
[GA][Iter5] Gen:15 Ind:1 RMSE(val)=79.209877
[GA][Iter5] Gen:15 Ind:2 RMSE(val)=79.209877
[GA][Iter5] Gen:15 Ind:3 RMSE(val)=79.209877
[GA][Iter5] Gen:15 Ind:4 RMSE(val)=79.209877
[GA][Iter5] Gen:15 Ind:5 RMSE(val)=79.209877
[GA][Iter5] Gen:15 Ind:6 RMSE(val)=79.209877
[GA][Iter5] Gen:15 Ind:7 RMSE(val)=79.209877
[GA][Iter5] Gen:15 Ind:8 RMSE(val)=79.209877
[GA][Iter5] Gen:15 Ind:9 RMSE(val)=79.209877
[GA][Iter5] Gen:15 Ind:10 RMSE(val)=79.209877
[GA][Iter5] Gen:15 Ind:11 RMSE(val)=79.209877
[GA][Iter5] Gen:15 Ind:12 RMSE(val)=79.209877
[GA][Iter5] Gen:15 Ind:13 RMSE(val)=79.209877
[GA][Iter5] Gen:15 Ind:14 RMSE(val)=79.209877
[GA][Iter5] Gen:15 Ind:15 RMSE(val)=79.209877
[GA][Iter5] Gen:15 Ind:16 RMSE(val)=79.209877
[GA][Iter5] Gen:15 Ind:17 RMSE(val)=79.209877
[GA][Iter5] Gen:15 Ind:18 RMSE(val)=79.209877
[GA][Iter5] Gen:15 Ind:19 RMSE(val)=79.209877
[GA][Iter5] Gen:15 Ind:20 RMSE(val)=82.990343
[GA][Iter5] gen=15 best_val_rmse=79.209877
[GA][Iter5] Gen:15 Ind:1 RMSE(val)=79.209877
[GA][Iter5] Gen:15 Ind:2 RMSE(val)=79.209877
[GA][Iter5] Gen:15 Ind:3 RMSE(val)=79.209877
[GA][Iter5] Gen:15 Ind:4 RMSE(val)=79.209877
[GA][Iter5] Gen:15 Ind:5 RMSE(val)=79.209877
[GA][Iter5] Gen:15 Ind:6 RMSE(val)=79.209877
[GA][Iter5] Gen:15 Ind:7 RMSE(val)=79.209877
[GA][Iter5] Gen:15 Ind:8 RMSE(val)=79.209877
[GA][Iter5] Gen:15 Ind:9 RMSE(val)=79.209877
[GA][Iter5] Gen:15 Ind:10 RMSE(val)=79.209877
[GA][Iter5] Gen:15 Ind:11 RMSE(val)=96.356150
[GA][Iter5] Gen:15 Ind:12 RMSE(val)=79.209877
[GA][Iter5] Gen:15 Ind:13 RMSE(val)=79.209877
[GA][Iter5] Gen:15 Ind:14 RMSE(val)=79.209877
[GA][Iter5] Gen:15 Ind:15 RMSE(val)=79.209877
[GA][Iter5] Gen:15 Ind:16 RMSE(val)=79.209877
[GA][Iter5] Gen:15 Ind:17 RMSE(val)=79.209877
[GA][Iter5] Gen:15 Ind:18 RMSE(val)=79.209877
[GA][Iter5] Gen:15 Ind:19 RMSE(val)=79.209877
[GA][Iter5] Gen:15 Ind:20 RMSE(val)=74.078482

[GA DONE][Iter5] Best params on val fold of Iter5
Best val RMSE: 74.078482
Best params: {'max_depth': 28, 'min_samples_split': 23, 'min_samples_leaf': 15, 'max_features': None, 'splitter': 'random', 'criterion': 'friedman_mse'}
--------------------------------------------------------------------------------
[RETUNE GA] Iter5: train folds 1..9 -> test fold 10  RMSE=60.698642  NRMSE=0.635318  CVRMSE=0.130100  R2=0.595518
