=== BASELINE (project=m2os, last-7 mean, expanding folds) ===
Iter1: train folds 1..5 -> test fold 6  RMSE=975.9472  NRMSE=1.0243  CVRMSE=0.4191  R˛=-0.0678
Iter2: train folds 1..6 -> test fold 7  RMSE=1171.3455  NRMSE=0.9980  CVRMSE=0.4700  R˛=-0.0137
Iter3: train folds 1..7 -> test fold 8  RMSE=876.9831  NRMSE=0.9642  CVRMSE=0.3658  R˛=0.0538
Iter4: train folds 1..8 -> test fold 9  RMSE=948.5572  NRMSE=0.8712  CVRMSE=0.3736  R˛=0.2274
Iter5: train folds 1..9 -> test fold 10  RMSE=1778.6159  NRMSE=1.1259  CVRMSE=0.6361  R˛=-0.2902
--------------------------------------------------
[FEATURES] initial=73 kept_after_screening=44
['workflow_event_trigger', 'issuer_name', 'gh_files_added', 'gh_files_deleted', 'gh_files_modified', 'gh_tests_deleted', 'gh_is_pr', 'gh_description_complexity', 'gh_src_files', 'gh_doc_files', 'git_num_committers', 'total_jobs', 'gh_team_size_last_3_month', 'gh_commits_on_files_touched', 'gh_num_pr_comments', 'gh_test_lines_per_kloc', 'workflow_size', 'hour', 'dow', 'month', 'secs_since_prev', 'duration_lag_1', 'duration_lag_2', 'duration_lag_6', 'duration_lag_7', 'window_avg_7', 'window_std_7', 'window_std_4', 'ft___json5_', 'ft___json5__', 'ft___sh_', 'ft___sh__', 'ft___yml____dup1', 'ft____cosmic_', 'ft____json__', 'ft____json5_', 'ft____json5__', 'ft____pub_', 'ft____py_', 'ft____py__', 'ft____sh_', 'ft____sh__', 'ft____yml__', 'ft___']
--------------------------------------------------------------------------------
[GA][Iter1] Gen:1 Ind:1 RMSE(val)=906.330586
[GA][Iter1] Gen:1 Ind:2 RMSE(val)=789.335941
[GA][Iter1] Gen:1 Ind:3 RMSE(val)=1371.936524
[GA][Iter1] Gen:1 Ind:4 RMSE(val)=859.699101
[GA][Iter1] Gen:1 Ind:5 RMSE(val)=794.731664
[GA][Iter1] Gen:1 Ind:6 RMSE(val)=778.309730
[GA][Iter1] Gen:1 Ind:7 RMSE(val)=868.865350
[GA][Iter1] Gen:1 Ind:8 RMSE(val)=642.585397
[GA][Iter1] Gen:1 Ind:9 RMSE(val)=809.041931
[GA][Iter1] Gen:1 Ind:10 RMSE(val)=900.210911
[GA][Iter1] Gen:1 Ind:11 RMSE(val)=999.204521
[GA][Iter1] Gen:1 Ind:12 RMSE(val)=790.704572
[GA][Iter1] Gen:1 Ind:13 RMSE(val)=875.528988
[GA][Iter1] Gen:1 Ind:14 RMSE(val)=789.524278
[GA][Iter1] Gen:1 Ind:15 RMSE(val)=744.212347
[GA][Iter1] Gen:1 Ind:16 RMSE(val)=1037.988793
[GA][Iter1] Gen:1 Ind:17 RMSE(val)=903.816882
[GA][Iter1] Gen:1 Ind:18 RMSE(val)=834.913901
[GA][Iter1] Gen:1 Ind:19 RMSE(val)=778.217011
[GA][Iter1] Gen:1 Ind:20 RMSE(val)=827.620830
[GA][Iter1] gen=1 best_val_rmse=642.585397
[GA][Iter1] Gen:2 Ind:1 RMSE(val)=642.585397
[GA][Iter1] Gen:2 Ind:2 RMSE(val)=744.212347
[GA][Iter1] Gen:2 Ind:3 RMSE(val)=778.217011
[GA][Iter1] Gen:2 Ind:4 RMSE(val)=778.309730
[GA][Iter1] Gen:2 Ind:5 RMSE(val)=789.335941
[GA][Iter1] Gen:2 Ind:6 RMSE(val)=789.524278
[GA][Iter1] Gen:2 Ind:7 RMSE(val)=790.704572
[GA][Iter1] Gen:2 Ind:8 RMSE(val)=794.731664
[GA][Iter1] Gen:2 Ind:9 RMSE(val)=809.041931
[GA][Iter1] Gen:2 Ind:10 RMSE(val)=827.620830
[GA][Iter1] Gen:2 Ind:11 RMSE(val)=787.899848
[GA][Iter1] Gen:2 Ind:12 RMSE(val)=809.041931
[GA][Iter1] Gen:2 Ind:13 RMSE(val)=778.309730
[GA][Iter1] Gen:2 Ind:14 RMSE(val)=936.130028
[GA][Iter1] Gen:2 Ind:15 RMSE(val)=787.899848
[GA][Iter1] Gen:2 Ind:16 RMSE(val)=670.623693
[GA][Iter1] Gen:2 Ind:17 RMSE(val)=684.603573
[GA][Iter1] Gen:2 Ind:18 RMSE(val)=809.041931
[GA][Iter1] Gen:2 Ind:19 RMSE(val)=856.294664
[GA][Iter1] Gen:2 Ind:20 RMSE(val)=642.585397
[GA][Iter1] gen=2 best_val_rmse=642.585397
[GA][Iter1] Gen:3 Ind:1 RMSE(val)=642.585397
[GA][Iter1] Gen:3 Ind:2 RMSE(val)=642.585397
[GA][Iter1] Gen:3 Ind:3 RMSE(val)=670.623693
[GA][Iter1] Gen:3 Ind:4 RMSE(val)=684.603573
[GA][Iter1] Gen:3 Ind:5 RMSE(val)=744.212347
[GA][Iter1] Gen:3 Ind:6 RMSE(val)=778.217011
[GA][Iter1] Gen:3 Ind:7 RMSE(val)=778.309730
[GA][Iter1] Gen:3 Ind:8 RMSE(val)=778.309730
[GA][Iter1] Gen:3 Ind:9 RMSE(val)=787.899848
[GA][Iter1] Gen:3 Ind:10 RMSE(val)=787.899848
[GA][Iter1] Gen:3 Ind:11 RMSE(val)=744.212347
[GA][Iter1] Gen:3 Ind:12 RMSE(val)=642.585397
[GA][Iter1] Gen:3 Ind:13 RMSE(val)=1037.988793
[GA][Iter1] Gen:3 Ind:14 RMSE(val)=642.585397
[GA][Iter1] Gen:3 Ind:15 RMSE(val)=808.059203
[GA][Iter1] Gen:3 Ind:16 RMSE(val)=808.059203
[GA][Iter1] Gen:3 Ind:17 RMSE(val)=684.603573
[GA][Iter1] Gen:3 Ind:18 RMSE(val)=787.899848
[GA][Iter1] Gen:3 Ind:19 RMSE(val)=1037.988793
[GA][Iter1] Gen:3 Ind:20 RMSE(val)=684.603573
[GA][Iter1] gen=3 best_val_rmse=642.585397
[GA][Iter1] Gen:4 Ind:1 RMSE(val)=642.585397
[GA][Iter1] Gen:4 Ind:2 RMSE(val)=642.585397
[GA][Iter1] Gen:4 Ind:3 RMSE(val)=642.585397
[GA][Iter1] Gen:4 Ind:4 RMSE(val)=642.585397
[GA][Iter1] Gen:4 Ind:5 RMSE(val)=670.623693
[GA][Iter1] Gen:4 Ind:6 RMSE(val)=684.603573
[GA][Iter1] Gen:4 Ind:7 RMSE(val)=684.603573
[GA][Iter1] Gen:4 Ind:8 RMSE(val)=684.603573
[GA][Iter1] Gen:4 Ind:9 RMSE(val)=744.212347
[GA][Iter1] Gen:4 Ind:10 RMSE(val)=744.212347
[GA][Iter1] Gen:4 Ind:11 RMSE(val)=744.212347
[GA][Iter1] Gen:4 Ind:12 RMSE(val)=684.603573
[GA][Iter1] Gen:4 Ind:13 RMSE(val)=827.620830
[GA][Iter1] Gen:4 Ind:14 RMSE(val)=744.212347
[GA][Iter1] Gen:4 Ind:15 RMSE(val)=684.603573
[GA][Iter1] Gen:4 Ind:16 RMSE(val)=744.212347
[GA][Iter1] Gen:4 Ind:17 RMSE(val)=827.620830
[GA][Iter1] Gen:4 Ind:18 RMSE(val)=642.585397
[GA][Iter1] Gen:4 Ind:19 RMSE(val)=670.623693
[GA][Iter1] Gen:4 Ind:20 RMSE(val)=787.899848
[GA][Iter1] gen=4 best_val_rmse=642.585397
[GA][Iter1] Gen:5 Ind:1 RMSE(val)=642.585397
[GA][Iter1] Gen:5 Ind:2 RMSE(val)=642.585397
[GA][Iter1] Gen:5 Ind:3 RMSE(val)=642.585397
[GA][Iter1] Gen:5 Ind:4 RMSE(val)=642.585397
[GA][Iter1] Gen:5 Ind:5 RMSE(val)=642.585397
[GA][Iter1] Gen:5 Ind:6 RMSE(val)=670.623693
[GA][Iter1] Gen:5 Ind:7 RMSE(val)=670.623693
[GA][Iter1] Gen:5 Ind:8 RMSE(val)=684.603573
[GA][Iter1] Gen:5 Ind:9 RMSE(val)=684.603573
[GA][Iter1] Gen:5 Ind:10 RMSE(val)=684.603573
[GA][Iter1] Gen:5 Ind:11 RMSE(val)=642.585397
[GA][Iter1] Gen:5 Ind:12 RMSE(val)=670.623693
[GA][Iter1] Gen:5 Ind:13 RMSE(val)=670.623693
[GA][Iter1] Gen:5 Ind:14 RMSE(val)=642.585397
[GA][Iter1] Gen:5 Ind:15 RMSE(val)=915.802507
[GA][Iter1] Gen:5 Ind:16 RMSE(val)=670.623693
[GA][Iter1] Gen:5 Ind:17 RMSE(val)=827.620830
[GA][Iter1] Gen:5 Ind:18 RMSE(val)=684.603573
[GA][Iter1] Gen:5 Ind:19 RMSE(val)=642.585397
[GA][Iter1] Gen:5 Ind:20 RMSE(val)=684.603573
[GA][Iter1] gen=5 best_val_rmse=642.585397
[GA][Iter1] Gen:6 Ind:1 RMSE(val)=642.585397
[GA][Iter1] Gen:6 Ind:2 RMSE(val)=642.585397
[GA][Iter1] Gen:6 Ind:3 RMSE(val)=642.585397
[GA][Iter1] Gen:6 Ind:4 RMSE(val)=642.585397
[GA][Iter1] Gen:6 Ind:5 RMSE(val)=642.585397
[GA][Iter1] Gen:6 Ind:6 RMSE(val)=642.585397
[GA][Iter1] Gen:6 Ind:7 RMSE(val)=642.585397
[GA][Iter1] Gen:6 Ind:8 RMSE(val)=642.585397
[GA][Iter1] Gen:6 Ind:9 RMSE(val)=670.623693
[GA][Iter1] Gen:6 Ind:10 RMSE(val)=670.623693
[GA][Iter1] Gen:6 Ind:11 RMSE(val)=642.585397
[GA][Iter1] Gen:6 Ind:12 RMSE(val)=670.623693
[GA][Iter1] Gen:6 Ind:13 RMSE(val)=670.623693
[GA][Iter1] Gen:6 Ind:14 RMSE(val)=642.585397
[GA][Iter1] Gen:6 Ind:15 RMSE(val)=642.585397
[GA][Iter1] Gen:6 Ind:16 RMSE(val)=642.585397
[GA][Iter1] Gen:6 Ind:17 RMSE(val)=670.623693
[GA][Iter1] Gen:6 Ind:18 RMSE(val)=642.585397
[GA][Iter1] Gen:6 Ind:19 RMSE(val)=642.585397
[GA][Iter1] Gen:6 Ind:20 RMSE(val)=642.585397
[GA][Iter1] gen=6 best_val_rmse=642.585397
[GA][Iter1] Gen:7 Ind:1 RMSE(val)=642.585397
[GA][Iter1] Gen:7 Ind:2 RMSE(val)=642.585397
[GA][Iter1] Gen:7 Ind:3 RMSE(val)=642.585397
[GA][Iter1] Gen:7 Ind:4 RMSE(val)=642.585397
[GA][Iter1] Gen:7 Ind:5 RMSE(val)=642.585397
[GA][Iter1] Gen:7 Ind:6 RMSE(val)=642.585397
[GA][Iter1] Gen:7 Ind:7 RMSE(val)=642.585397
[GA][Iter1] Gen:7 Ind:8 RMSE(val)=642.585397
[GA][Iter1] Gen:7 Ind:9 RMSE(val)=642.585397
[GA][Iter1] Gen:7 Ind:10 RMSE(val)=642.585397
[GA][Iter1] Gen:7 Ind:11 RMSE(val)=642.585397
[GA][Iter1] Gen:7 Ind:12 RMSE(val)=1018.519751
[GA][Iter1] Gen:7 Ind:13 RMSE(val)=642.585397
[GA][Iter1] Gen:7 Ind:14 RMSE(val)=642.585397
[GA][Iter1] Gen:7 Ind:15 RMSE(val)=642.585397
[GA][Iter1] Gen:7 Ind:16 RMSE(val)=642.585397
[GA][Iter1] Gen:7 Ind:17 RMSE(val)=642.585397
[GA][Iter1] Gen:7 Ind:18 RMSE(val)=642.585397
[GA][Iter1] Gen:7 Ind:19 RMSE(val)=642.585397
[GA][Iter1] Gen:7 Ind:20 RMSE(val)=642.585397
[GA][Iter1] gen=7 best_val_rmse=642.585397
[GA][Iter1] Gen:8 Ind:1 RMSE(val)=642.585397
[GA][Iter1] Gen:8 Ind:2 RMSE(val)=642.585397
[GA][Iter1] Gen:8 Ind:3 RMSE(val)=642.585397
[GA][Iter1] Gen:8 Ind:4 RMSE(val)=642.585397
[GA][Iter1] Gen:8 Ind:5 RMSE(val)=642.585397
[GA][Iter1] Gen:8 Ind:6 RMSE(val)=642.585397
[GA][Iter1] Gen:8 Ind:7 RMSE(val)=642.585397
[GA][Iter1] Gen:8 Ind:8 RMSE(val)=642.585397
[GA][Iter1] Gen:8 Ind:9 RMSE(val)=642.585397
[GA][Iter1] Gen:8 Ind:10 RMSE(val)=642.585397
[GA][Iter1] Gen:8 Ind:11 RMSE(val)=642.585397
[GA][Iter1] Gen:8 Ind:12 RMSE(val)=642.585397
[GA][Iter1] Gen:8 Ind:13 RMSE(val)=642.585397
[GA][Iter1] Gen:8 Ind:14 RMSE(val)=642.585397
[GA][Iter1] Gen:8 Ind:15 RMSE(val)=642.585397
[GA][Iter1] Gen:8 Ind:16 RMSE(val)=642.585397
[GA][Iter1] Gen:8 Ind:17 RMSE(val)=642.585397
[GA][Iter1] Gen:8 Ind:18 RMSE(val)=642.585397
[GA][Iter1] Gen:8 Ind:19 RMSE(val)=642.585397
[GA][Iter1] Gen:8 Ind:20 RMSE(val)=642.585397
[GA][Iter1] gen=8 best_val_rmse=642.585397
[GA][Iter1] Gen:9 Ind:1 RMSE(val)=642.585397
[GA][Iter1] Gen:9 Ind:2 RMSE(val)=642.585397
[GA][Iter1] Gen:9 Ind:3 RMSE(val)=642.585397
[GA][Iter1] Gen:9 Ind:4 RMSE(val)=642.585397
[GA][Iter1] Gen:9 Ind:5 RMSE(val)=642.585397
[GA][Iter1] Gen:9 Ind:6 RMSE(val)=642.585397
[GA][Iter1] Gen:9 Ind:7 RMSE(val)=642.585397
[GA][Iter1] Gen:9 Ind:8 RMSE(val)=642.585397
[GA][Iter1] Gen:9 Ind:9 RMSE(val)=642.585397
[GA][Iter1] Gen:9 Ind:10 RMSE(val)=642.585397
[GA][Iter1] Gen:9 Ind:11 RMSE(val)=642.585397
[GA][Iter1] Gen:9 Ind:12 RMSE(val)=642.585397
[GA][Iter1] Gen:9 Ind:13 RMSE(val)=827.620830
[GA][Iter1] Gen:9 Ind:14 RMSE(val)=649.515031
[GA][Iter1] Gen:9 Ind:15 RMSE(val)=822.915746
[GA][Iter1] Gen:9 Ind:16 RMSE(val)=915.802507
[GA][Iter1] Gen:9 Ind:17 RMSE(val)=915.802507
[GA][Iter1] Gen:9 Ind:18 RMSE(val)=642.585397
[GA][Iter1] Gen:9 Ind:19 RMSE(val)=642.585397
[GA][Iter1] Gen:9 Ind:20 RMSE(val)=642.585397
[GA][Iter1] gen=9 best_val_rmse=642.585397
[GA][Iter1] Gen:10 Ind:1 RMSE(val)=642.585397
[GA][Iter1] Gen:10 Ind:2 RMSE(val)=642.585397
[GA][Iter1] Gen:10 Ind:3 RMSE(val)=642.585397
[GA][Iter1] Gen:10 Ind:4 RMSE(val)=642.585397
[GA][Iter1] Gen:10 Ind:5 RMSE(val)=642.585397
[GA][Iter1] Gen:10 Ind:6 RMSE(val)=642.585397
[GA][Iter1] Gen:10 Ind:7 RMSE(val)=642.585397
[GA][Iter1] Gen:10 Ind:8 RMSE(val)=642.585397
[GA][Iter1] Gen:10 Ind:9 RMSE(val)=642.585397
[GA][Iter1] Gen:10 Ind:10 RMSE(val)=642.585397
[GA][Iter1] Gen:10 Ind:11 RMSE(val)=642.585397
[GA][Iter1] Gen:10 Ind:12 RMSE(val)=642.585397
[GA][Iter1] Gen:10 Ind:13 RMSE(val)=642.585397
[GA][Iter1] Gen:10 Ind:14 RMSE(val)=642.585397
[GA][Iter1] Gen:10 Ind:15 RMSE(val)=642.585397
[GA][Iter1] Gen:10 Ind:16 RMSE(val)=642.585397
[GA][Iter1] Gen:10 Ind:17 RMSE(val)=1018.519751
[GA][Iter1] Gen:10 Ind:18 RMSE(val)=915.802507
[GA][Iter1] Gen:10 Ind:19 RMSE(val)=642.585397
[GA][Iter1] Gen:10 Ind:20 RMSE(val)=642.585397
[GA][Iter1] gen=10 best_val_rmse=642.585397
[GA][Iter1] Gen:11 Ind:1 RMSE(val)=642.585397
[GA][Iter1] Gen:11 Ind:2 RMSE(val)=642.585397
[GA][Iter1] Gen:11 Ind:3 RMSE(val)=642.585397
[GA][Iter1] Gen:11 Ind:4 RMSE(val)=642.585397
[GA][Iter1] Gen:11 Ind:5 RMSE(val)=642.585397
[GA][Iter1] Gen:11 Ind:6 RMSE(val)=642.585397
[GA][Iter1] Gen:11 Ind:7 RMSE(val)=642.585397
[GA][Iter1] Gen:11 Ind:8 RMSE(val)=642.585397
[GA][Iter1] Gen:11 Ind:9 RMSE(val)=642.585397
[GA][Iter1] Gen:11 Ind:10 RMSE(val)=642.585397
[GA][Iter1] Gen:11 Ind:11 RMSE(val)=642.585397
[GA][Iter1] Gen:11 Ind:12 RMSE(val)=642.585397
[GA][Iter1] Gen:11 Ind:13 RMSE(val)=642.585397
[GA][Iter1] Gen:11 Ind:14 RMSE(val)=642.585397
[GA][Iter1] Gen:11 Ind:15 RMSE(val)=642.585397
[GA][Iter1] Gen:11 Ind:16 RMSE(val)=642.585397
[GA][Iter1] Gen:11 Ind:17 RMSE(val)=642.585397
[GA][Iter1] Gen:11 Ind:18 RMSE(val)=642.585397
[GA][Iter1] Gen:11 Ind:19 RMSE(val)=642.585397
[GA][Iter1] Gen:11 Ind:20 RMSE(val)=642.585397
[GA][Iter1] gen=11 best_val_rmse=642.585397
[GA][Iter1] Gen:12 Ind:1 RMSE(val)=642.585397
[GA][Iter1] Gen:12 Ind:2 RMSE(val)=642.585397
[GA][Iter1] Gen:12 Ind:3 RMSE(val)=642.585397
[GA][Iter1] Gen:12 Ind:4 RMSE(val)=642.585397
[GA][Iter1] Gen:12 Ind:5 RMSE(val)=642.585397
[GA][Iter1] Gen:12 Ind:6 RMSE(val)=642.585397
[GA][Iter1] Gen:12 Ind:7 RMSE(val)=642.585397
[GA][Iter1] Gen:12 Ind:8 RMSE(val)=642.585397
[GA][Iter1] Gen:12 Ind:9 RMSE(val)=642.585397
[GA][Iter1] Gen:12 Ind:10 RMSE(val)=642.585397
[GA][Iter1] Gen:12 Ind:11 RMSE(val)=642.585397
[GA][Iter1] Gen:12 Ind:12 RMSE(val)=642.585397
[GA][Iter1] Gen:12 Ind:13 RMSE(val)=642.585397
[GA][Iter1] Gen:12 Ind:14 RMSE(val)=827.620830
[GA][Iter1] Gen:12 Ind:15 RMSE(val)=686.649413
[GA][Iter1] Gen:12 Ind:16 RMSE(val)=642.585397
[GA][Iter1] Gen:12 Ind:17 RMSE(val)=642.585397
[GA][Iter1] Gen:12 Ind:18 RMSE(val)=642.585397
[GA][Iter1] Gen:12 Ind:19 RMSE(val)=632.693618
[GA][Iter1] Gen:12 Ind:20 RMSE(val)=642.585397
[GA][Iter1] gen=12 best_val_rmse=632.693618
[GA][Iter1] Gen:13 Ind:1 RMSE(val)=632.693618
[GA][Iter1] Gen:13 Ind:2 RMSE(val)=642.585397
[GA][Iter1] Gen:13 Ind:3 RMSE(val)=642.585397
[GA][Iter1] Gen:13 Ind:4 RMSE(val)=642.585397
[GA][Iter1] Gen:13 Ind:5 RMSE(val)=642.585397
[GA][Iter1] Gen:13 Ind:6 RMSE(val)=642.585397
[GA][Iter1] Gen:13 Ind:7 RMSE(val)=642.585397
[GA][Iter1] Gen:13 Ind:8 RMSE(val)=642.585397
[GA][Iter1] Gen:13 Ind:9 RMSE(val)=642.585397
[GA][Iter1] Gen:13 Ind:10 RMSE(val)=642.585397
[GA][Iter1] Gen:13 Ind:11 RMSE(val)=642.585397
[GA][Iter1] Gen:13 Ind:12 RMSE(val)=642.585397
[GA][Iter1] Gen:13 Ind:13 RMSE(val)=642.585397
[GA][Iter1] Gen:13 Ind:14 RMSE(val)=632.693618
[GA][Iter1] Gen:13 Ind:15 RMSE(val)=1018.519751
[GA][Iter1] Gen:13 Ind:16 RMSE(val)=642.585397
[GA][Iter1] Gen:13 Ind:17 RMSE(val)=642.585397
[GA][Iter1] Gen:13 Ind:18 RMSE(val)=827.620830
[GA][Iter1] Gen:13 Ind:19 RMSE(val)=642.585397
[GA][Iter1] Gen:13 Ind:20 RMSE(val)=642.585397
[GA][Iter1] gen=13 best_val_rmse=632.693618
[GA][Iter1] Gen:14 Ind:1 RMSE(val)=632.693618
[GA][Iter1] Gen:14 Ind:2 RMSE(val)=632.693618
[GA][Iter1] Gen:14 Ind:3 RMSE(val)=642.585397
[GA][Iter1] Gen:14 Ind:4 RMSE(val)=642.585397
[GA][Iter1] Gen:14 Ind:5 RMSE(val)=642.585397
[GA][Iter1] Gen:14 Ind:6 RMSE(val)=642.585397
[GA][Iter1] Gen:14 Ind:7 RMSE(val)=642.585397
[GA][Iter1] Gen:14 Ind:8 RMSE(val)=642.585397
[GA][Iter1] Gen:14 Ind:9 RMSE(val)=642.585397
[GA][Iter1] Gen:14 Ind:10 RMSE(val)=642.585397
[GA][Iter1] Gen:14 Ind:11 RMSE(val)=642.585397
[GA][Iter1] Gen:14 Ind:12 RMSE(val)=642.585397
[GA][Iter1] Gen:14 Ind:13 RMSE(val)=642.585397
[GA][Iter1] Gen:14 Ind:14 RMSE(val)=632.693618
[GA][Iter1] Gen:14 Ind:15 RMSE(val)=642.585397
[GA][Iter1] Gen:14 Ind:16 RMSE(val)=642.585397
[GA][Iter1] Gen:14 Ind:17 RMSE(val)=632.693618
[GA][Iter1] Gen:14 Ind:18 RMSE(val)=632.693618
[GA][Iter1] Gen:14 Ind:19 RMSE(val)=642.585397
[GA][Iter1] Gen:14 Ind:20 RMSE(val)=642.585397
[GA][Iter1] gen=14 best_val_rmse=632.693618
[GA][Iter1] Gen:15 Ind:1 RMSE(val)=632.693618
[GA][Iter1] Gen:15 Ind:2 RMSE(val)=632.693618
[GA][Iter1] Gen:15 Ind:3 RMSE(val)=632.693618
[GA][Iter1] Gen:15 Ind:4 RMSE(val)=632.693618
[GA][Iter1] Gen:15 Ind:5 RMSE(val)=632.693618
[GA][Iter1] Gen:15 Ind:6 RMSE(val)=642.585397
[GA][Iter1] Gen:15 Ind:7 RMSE(val)=642.585397
[GA][Iter1] Gen:15 Ind:8 RMSE(val)=642.585397
[GA][Iter1] Gen:15 Ind:9 RMSE(val)=642.585397
[GA][Iter1] Gen:15 Ind:10 RMSE(val)=642.585397
[GA][Iter1] Gen:15 Ind:11 RMSE(val)=642.585397
[GA][Iter1] Gen:15 Ind:12 RMSE(val)=632.693618
[GA][Iter1] Gen:15 Ind:13 RMSE(val)=642.585397
[GA][Iter1] Gen:15 Ind:14 RMSE(val)=632.693618
[GA][Iter1] Gen:15 Ind:15 RMSE(val)=642.585397
[GA][Iter1] Gen:15 Ind:16 RMSE(val)=642.585397
[GA][Iter1] Gen:15 Ind:17 RMSE(val)=642.585397
[GA][Iter1] Gen:15 Ind:18 RMSE(val)=642.585397
[GA][Iter1] Gen:15 Ind:19 RMSE(val)=632.693618
[GA][Iter1] Gen:15 Ind:20 RMSE(val)=1018.519751
[GA][Iter1] gen=15 best_val_rmse=632.693618
[GA][Iter1] Gen:15 Ind:1 RMSE(val)=632.693618
[GA][Iter1] Gen:15 Ind:2 RMSE(val)=632.693618
[GA][Iter1] Gen:15 Ind:3 RMSE(val)=632.693618
[GA][Iter1] Gen:15 Ind:4 RMSE(val)=632.693618
[GA][Iter1] Gen:15 Ind:5 RMSE(val)=632.693618
[GA][Iter1] Gen:15 Ind:6 RMSE(val)=632.693618
[GA][Iter1] Gen:15 Ind:7 RMSE(val)=632.693618
[GA][Iter1] Gen:15 Ind:8 RMSE(val)=632.693618
[GA][Iter1] Gen:15 Ind:9 RMSE(val)=642.585397
[GA][Iter1] Gen:15 Ind:10 RMSE(val)=642.585397
[GA][Iter1] Gen:15 Ind:11 RMSE(val)=915.802507
[GA][Iter1] Gen:15 Ind:12 RMSE(val)=632.693618
[GA][Iter1] Gen:15 Ind:13 RMSE(val)=632.693618
[GA][Iter1] Gen:15 Ind:14 RMSE(val)=632.693618
[GA][Iter1] Gen:15 Ind:15 RMSE(val)=632.693618
[GA][Iter1] Gen:15 Ind:16 RMSE(val)=632.693618
[GA][Iter1] Gen:15 Ind:17 RMSE(val)=632.693618
[GA][Iter1] Gen:15 Ind:18 RMSE(val)=632.693618
[GA][Iter1] Gen:15 Ind:19 RMSE(val)=632.693618
[GA][Iter1] Gen:15 Ind:20 RMSE(val)=678.697767

[GA DONE][Iter1] Best params on val fold of Iter1
Best val RMSE: 632.693618
Best params: {'max_depth': 7, 'min_samples_split': 8, 'min_samples_leaf': 14, 'max_features': None, 'splitter': 'random', 'criterion': 'friedman_mse'}
--------------------------------------------------------------------------------
[RETUNE GA] Iter1: train folds 1..5 -> test fold 6  RMSE=560.748119  NRMSE=0.588505  CVRMSE=0.240782  R2=0.647478
[GA][Iter2] Gen:1 Ind:1 RMSE(val)=975.604569
[GA][Iter2] Gen:1 Ind:2 RMSE(val)=924.203949
[GA][Iter2] Gen:1 Ind:3 RMSE(val)=1321.414742
[GA][Iter2] Gen:1 Ind:4 RMSE(val)=871.245036
[GA][Iter2] Gen:1 Ind:5 RMSE(val)=882.091360
[GA][Iter2] Gen:1 Ind:6 RMSE(val)=856.797280
[GA][Iter2] Gen:1 Ind:7 RMSE(val)=763.402942
[GA][Iter2] Gen:1 Ind:8 RMSE(val)=611.907384
[GA][Iter2] Gen:1 Ind:9 RMSE(val)=790.720757
[GA][Iter2] Gen:1 Ind:10 RMSE(val)=889.224056
[GA][Iter2] Gen:1 Ind:11 RMSE(val)=801.834884
[GA][Iter2] Gen:1 Ind:12 RMSE(val)=882.091360
[GA][Iter2] Gen:1 Ind:13 RMSE(val)=920.170319
[GA][Iter2] Gen:1 Ind:14 RMSE(val)=765.904848
[GA][Iter2] Gen:1 Ind:15 RMSE(val)=870.209624
[GA][Iter2] Gen:1 Ind:16 RMSE(val)=1028.676081
[GA][Iter2] Gen:1 Ind:17 RMSE(val)=815.419427
[GA][Iter2] Gen:1 Ind:18 RMSE(val)=581.943246
[GA][Iter2] Gen:1 Ind:19 RMSE(val)=878.303795
[GA][Iter2] Gen:1 Ind:20 RMSE(val)=720.474356
[GA][Iter2] gen=1 best_val_rmse=581.943246
[GA][Iter2] Gen:2 Ind:1 RMSE(val)=581.943246
[GA][Iter2] Gen:2 Ind:2 RMSE(val)=611.907384
[GA][Iter2] Gen:2 Ind:3 RMSE(val)=720.474356
[GA][Iter2] Gen:2 Ind:4 RMSE(val)=763.402942
[GA][Iter2] Gen:2 Ind:5 RMSE(val)=765.904848
[GA][Iter2] Gen:2 Ind:6 RMSE(val)=790.720757
[GA][Iter2] Gen:2 Ind:7 RMSE(val)=801.834884
[GA][Iter2] Gen:2 Ind:8 RMSE(val)=815.419427
[GA][Iter2] Gen:2 Ind:9 RMSE(val)=856.797280
[GA][Iter2] Gen:2 Ind:10 RMSE(val)=870.209624
[GA][Iter2] Gen:2 Ind:11 RMSE(val)=704.630676
[GA][Iter2] Gen:2 Ind:12 RMSE(val)=611.907384
[GA][Iter2] Gen:2 Ind:13 RMSE(val)=856.797280
[GA][Iter2] Gen:2 Ind:14 RMSE(val)=664.903388
[GA][Iter2] Gen:2 Ind:15 RMSE(val)=841.503661
[GA][Iter2] Gen:2 Ind:16 RMSE(val)=664.903388
[GA][Iter2] Gen:2 Ind:17 RMSE(val)=666.880516
[GA][Iter2] Gen:2 Ind:18 RMSE(val)=864.094966
[GA][Iter2] Gen:2 Ind:19 RMSE(val)=666.880516
[GA][Iter2] Gen:2 Ind:20 RMSE(val)=581.943246
[GA][Iter2] gen=2 best_val_rmse=581.943246
[GA][Iter2] Gen:3 Ind:1 RMSE(val)=581.943246
[GA][Iter2] Gen:3 Ind:2 RMSE(val)=581.943246
[GA][Iter2] Gen:3 Ind:3 RMSE(val)=611.907384
[GA][Iter2] Gen:3 Ind:4 RMSE(val)=611.907384
[GA][Iter2] Gen:3 Ind:5 RMSE(val)=664.903388
[GA][Iter2] Gen:3 Ind:6 RMSE(val)=664.903388
[GA][Iter2] Gen:3 Ind:7 RMSE(val)=666.880516
[GA][Iter2] Gen:3 Ind:8 RMSE(val)=666.880516
[GA][Iter2] Gen:3 Ind:9 RMSE(val)=704.630676
[GA][Iter2] Gen:3 Ind:10 RMSE(val)=720.474356
[GA][Iter2] Gen:3 Ind:11 RMSE(val)=720.474356
[GA][Iter2] Gen:3 Ind:12 RMSE(val)=581.943246
[GA][Iter2] Gen:3 Ind:13 RMSE(val)=611.907384
[GA][Iter2] Gen:3 Ind:14 RMSE(val)=581.943246
[GA][Iter2] Gen:3 Ind:15 RMSE(val)=551.401433
[GA][Iter2] Gen:3 Ind:16 RMSE(val)=1011.132863
[GA][Iter2] Gen:3 Ind:17 RMSE(val)=830.287177
[GA][Iter2] Gen:3 Ind:18 RMSE(val)=657.828525
[GA][Iter2] Gen:3 Ind:19 RMSE(val)=841.503661
[GA][Iter2] Gen:3 Ind:20 RMSE(val)=908.880766
[GA][Iter2] gen=3 best_val_rmse=551.401433
[GA][Iter2] Gen:4 Ind:1 RMSE(val)=551.401433
[GA][Iter2] Gen:4 Ind:2 RMSE(val)=581.943246
[GA][Iter2] Gen:4 Ind:3 RMSE(val)=581.943246
[GA][Iter2] Gen:4 Ind:4 RMSE(val)=581.943246
[GA][Iter2] Gen:4 Ind:5 RMSE(val)=581.943246
[GA][Iter2] Gen:4 Ind:6 RMSE(val)=611.907384
[GA][Iter2] Gen:4 Ind:7 RMSE(val)=611.907384
[GA][Iter2] Gen:4 Ind:8 RMSE(val)=611.907384
[GA][Iter2] Gen:4 Ind:9 RMSE(val)=657.828525
[GA][Iter2] Gen:4 Ind:10 RMSE(val)=664.903388
[GA][Iter2] Gen:4 Ind:11 RMSE(val)=664.903388
[GA][Iter2] Gen:4 Ind:12 RMSE(val)=557.511489
[GA][Iter2] Gen:4 Ind:13 RMSE(val)=889.504393
[GA][Iter2] Gen:4 Ind:14 RMSE(val)=743.989907
[GA][Iter2] Gen:4 Ind:15 RMSE(val)=611.907384
[GA][Iter2] Gen:4 Ind:16 RMSE(val)=743.989907
[GA][Iter2] Gen:4 Ind:17 RMSE(val)=581.943246
[GA][Iter2] Gen:4 Ind:18 RMSE(val)=581.943246
[GA][Iter2] Gen:4 Ind:19 RMSE(val)=581.943246
[GA][Iter2] Gen:4 Ind:20 RMSE(val)=743.989907
[GA][Iter2] gen=4 best_val_rmse=551.401433
[GA][Iter2] Gen:5 Ind:1 RMSE(val)=551.401433
[GA][Iter2] Gen:5 Ind:2 RMSE(val)=557.511489
[GA][Iter2] Gen:5 Ind:3 RMSE(val)=581.943246
[GA][Iter2] Gen:5 Ind:4 RMSE(val)=581.943246
[GA][Iter2] Gen:5 Ind:5 RMSE(val)=581.943246
[GA][Iter2] Gen:5 Ind:6 RMSE(val)=581.943246
[GA][Iter2] Gen:5 Ind:7 RMSE(val)=581.943246
[GA][Iter2] Gen:5 Ind:8 RMSE(val)=581.943246
[GA][Iter2] Gen:5 Ind:9 RMSE(val)=581.943246
[GA][Iter2] Gen:5 Ind:10 RMSE(val)=611.907384
[GA][Iter2] Gen:5 Ind:11 RMSE(val)=551.401433
[GA][Iter2] Gen:5 Ind:12 RMSE(val)=611.907384
[GA][Iter2] Gen:5 Ind:13 RMSE(val)=581.943246
[GA][Iter2] Gen:5 Ind:14 RMSE(val)=581.943246
[GA][Iter2] Gen:5 Ind:15 RMSE(val)=971.665495
[GA][Iter2] Gen:5 Ind:16 RMSE(val)=581.943246
[GA][Iter2] Gen:5 Ind:17 RMSE(val)=871.769693
[GA][Iter2] Gen:5 Ind:18 RMSE(val)=581.943246
[GA][Iter2] Gen:5 Ind:19 RMSE(val)=579.539704
[GA][Iter2] Gen:5 Ind:20 RMSE(val)=557.511489
[GA][Iter2] gen=5 best_val_rmse=551.401433
[GA][Iter2] Gen:6 Ind:1 RMSE(val)=551.401433
[GA][Iter2] Gen:6 Ind:2 RMSE(val)=551.401433
[GA][Iter2] Gen:6 Ind:3 RMSE(val)=557.511489
[GA][Iter2] Gen:6 Ind:4 RMSE(val)=557.511489
[GA][Iter2] Gen:6 Ind:5 RMSE(val)=579.539704
[GA][Iter2] Gen:6 Ind:6 RMSE(val)=581.943246
[GA][Iter2] Gen:6 Ind:7 RMSE(val)=581.943246
[GA][Iter2] Gen:6 Ind:8 RMSE(val)=581.943246
[GA][Iter2] Gen:6 Ind:9 RMSE(val)=581.943246
[GA][Iter2] Gen:6 Ind:10 RMSE(val)=581.943246
[GA][Iter2] Gen:6 Ind:11 RMSE(val)=581.943246
[GA][Iter2] Gen:6 Ind:12 RMSE(val)=581.943246
[GA][Iter2] Gen:6 Ind:13 RMSE(val)=581.943246
[GA][Iter2] Gen:6 Ind:14 RMSE(val)=581.943246
[GA][Iter2] Gen:6 Ind:15 RMSE(val)=579.539704
[GA][Iter2] Gen:6 Ind:16 RMSE(val)=557.511489
[GA][Iter2] Gen:6 Ind:17 RMSE(val)=581.943246
[GA][Iter2] Gen:6 Ind:18 RMSE(val)=551.401433
[GA][Iter2] Gen:6 Ind:19 RMSE(val)=581.943246
[GA][Iter2] Gen:6 Ind:20 RMSE(val)=551.401433
[GA][Iter2] gen=6 best_val_rmse=551.401433
[GA][Iter2] Gen:7 Ind:1 RMSE(val)=551.401433
[GA][Iter2] Gen:7 Ind:2 RMSE(val)=551.401433
[GA][Iter2] Gen:7 Ind:3 RMSE(val)=551.401433
[GA][Iter2] Gen:7 Ind:4 RMSE(val)=551.401433
[GA][Iter2] Gen:7 Ind:5 RMSE(val)=557.511489
[GA][Iter2] Gen:7 Ind:6 RMSE(val)=557.511489
[GA][Iter2] Gen:7 Ind:7 RMSE(val)=557.511489
[GA][Iter2] Gen:7 Ind:8 RMSE(val)=579.539704
[GA][Iter2] Gen:7 Ind:9 RMSE(val)=579.539704
[GA][Iter2] Gen:7 Ind:10 RMSE(val)=581.943246
[GA][Iter2] Gen:7 Ind:11 RMSE(val)=551.401433
[GA][Iter2] Gen:7 Ind:12 RMSE(val)=705.301882
[GA][Iter2] Gen:7 Ind:13 RMSE(val)=551.401433
[GA][Iter2] Gen:7 Ind:14 RMSE(val)=551.401433
[GA][Iter2] Gen:7 Ind:15 RMSE(val)=551.401433
[GA][Iter2] Gen:7 Ind:16 RMSE(val)=557.511489
[GA][Iter2] Gen:7 Ind:17 RMSE(val)=557.511489
[GA][Iter2] Gen:7 Ind:18 RMSE(val)=579.539704
[GA][Iter2] Gen:7 Ind:19 RMSE(val)=579.539704
[GA][Iter2] Gen:7 Ind:20 RMSE(val)=557.511489
[GA][Iter2] gen=7 best_val_rmse=551.401433
[GA][Iter2] Gen:8 Ind:1 RMSE(val)=551.401433
[GA][Iter2] Gen:8 Ind:2 RMSE(val)=551.401433
[GA][Iter2] Gen:8 Ind:3 RMSE(val)=551.401433
[GA][Iter2] Gen:8 Ind:4 RMSE(val)=551.401433
[GA][Iter2] Gen:8 Ind:5 RMSE(val)=551.401433
[GA][Iter2] Gen:8 Ind:6 RMSE(val)=551.401433
[GA][Iter2] Gen:8 Ind:7 RMSE(val)=551.401433
[GA][Iter2] Gen:8 Ind:8 RMSE(val)=551.401433
[GA][Iter2] Gen:8 Ind:9 RMSE(val)=557.511489
[GA][Iter2] Gen:8 Ind:10 RMSE(val)=557.511489
[GA][Iter2] Gen:8 Ind:11 RMSE(val)=551.401433
[GA][Iter2] Gen:8 Ind:12 RMSE(val)=557.511489
[GA][Iter2] Gen:8 Ind:13 RMSE(val)=551.401433
[GA][Iter2] Gen:8 Ind:14 RMSE(val)=551.401433
[GA][Iter2] Gen:8 Ind:15 RMSE(val)=551.401433
[GA][Iter2] Gen:8 Ind:16 RMSE(val)=551.401433
[GA][Iter2] Gen:8 Ind:17 RMSE(val)=551.401433
[GA][Iter2] Gen:8 Ind:18 RMSE(val)=551.401433
[GA][Iter2] Gen:8 Ind:19 RMSE(val)=551.401433
[GA][Iter2] Gen:8 Ind:20 RMSE(val)=551.401433
[GA][Iter2] gen=8 best_val_rmse=551.401433
[GA][Iter2] Gen:9 Ind:1 RMSE(val)=551.401433
[GA][Iter2] Gen:9 Ind:2 RMSE(val)=551.401433
[GA][Iter2] Gen:9 Ind:3 RMSE(val)=551.401433
[GA][Iter2] Gen:9 Ind:4 RMSE(val)=551.401433
[GA][Iter2] Gen:9 Ind:5 RMSE(val)=551.401433
[GA][Iter2] Gen:9 Ind:6 RMSE(val)=551.401433
[GA][Iter2] Gen:9 Ind:7 RMSE(val)=551.401433
[GA][Iter2] Gen:9 Ind:8 RMSE(val)=551.401433
[GA][Iter2] Gen:9 Ind:9 RMSE(val)=551.401433
[GA][Iter2] Gen:9 Ind:10 RMSE(val)=551.401433
[GA][Iter2] Gen:9 Ind:11 RMSE(val)=551.401433
[GA][Iter2] Gen:9 Ind:12 RMSE(val)=551.401433
[GA][Iter2] Gen:9 Ind:13 RMSE(val)=889.504393
[GA][Iter2] Gen:9 Ind:14 RMSE(val)=579.539704
[GA][Iter2] Gen:9 Ind:15 RMSE(val)=551.401433
[GA][Iter2] Gen:9 Ind:16 RMSE(val)=971.665495
[GA][Iter2] Gen:9 Ind:17 RMSE(val)=971.665495
[GA][Iter2] Gen:9 Ind:18 RMSE(val)=551.401433
[GA][Iter2] Gen:9 Ind:19 RMSE(val)=551.401433
[GA][Iter2] Gen:9 Ind:20 RMSE(val)=551.401433
[GA][Iter2] gen=9 best_val_rmse=551.401433
[GA][Iter2] Gen:10 Ind:1 RMSE(val)=551.401433
[GA][Iter2] Gen:10 Ind:2 RMSE(val)=551.401433
[GA][Iter2] Gen:10 Ind:3 RMSE(val)=551.401433
[GA][Iter2] Gen:10 Ind:4 RMSE(val)=551.401433
[GA][Iter2] Gen:10 Ind:5 RMSE(val)=551.401433
[GA][Iter2] Gen:10 Ind:6 RMSE(val)=551.401433
[GA][Iter2] Gen:10 Ind:7 RMSE(val)=551.401433
[GA][Iter2] Gen:10 Ind:8 RMSE(val)=551.401433
[GA][Iter2] Gen:10 Ind:9 RMSE(val)=551.401433
[GA][Iter2] Gen:10 Ind:10 RMSE(val)=551.401433
[GA][Iter2] Gen:10 Ind:11 RMSE(val)=551.401433
[GA][Iter2] Gen:10 Ind:12 RMSE(val)=551.401433
[GA][Iter2] Gen:10 Ind:13 RMSE(val)=551.401433
[GA][Iter2] Gen:10 Ind:14 RMSE(val)=551.401433
[GA][Iter2] Gen:10 Ind:15 RMSE(val)=551.401433
[GA][Iter2] Gen:10 Ind:16 RMSE(val)=551.401433
[GA][Iter2] Gen:10 Ind:17 RMSE(val)=705.301882
[GA][Iter2] Gen:10 Ind:18 RMSE(val)=971.665495
[GA][Iter2] Gen:10 Ind:19 RMSE(val)=551.401433
[GA][Iter2] Gen:10 Ind:20 RMSE(val)=551.401433
[GA][Iter2] gen=10 best_val_rmse=551.401433
[GA][Iter2] Gen:11 Ind:1 RMSE(val)=551.401433
[GA][Iter2] Gen:11 Ind:2 RMSE(val)=551.401433
[GA][Iter2] Gen:11 Ind:3 RMSE(val)=551.401433
[GA][Iter2] Gen:11 Ind:4 RMSE(val)=551.401433
[GA][Iter2] Gen:11 Ind:5 RMSE(val)=551.401433
[GA][Iter2] Gen:11 Ind:6 RMSE(val)=551.401433
[GA][Iter2] Gen:11 Ind:7 RMSE(val)=551.401433
[GA][Iter2] Gen:11 Ind:8 RMSE(val)=551.401433
[GA][Iter2] Gen:11 Ind:9 RMSE(val)=551.401433
[GA][Iter2] Gen:11 Ind:10 RMSE(val)=551.401433
[GA][Iter2] Gen:11 Ind:11 RMSE(val)=551.401433
[GA][Iter2] Gen:11 Ind:12 RMSE(val)=551.401433
[GA][Iter2] Gen:11 Ind:13 RMSE(val)=551.401433
[GA][Iter2] Gen:11 Ind:14 RMSE(val)=551.401433
[GA][Iter2] Gen:11 Ind:15 RMSE(val)=551.401433
[GA][Iter2] Gen:11 Ind:16 RMSE(val)=551.401433
[GA][Iter2] Gen:11 Ind:17 RMSE(val)=551.401433
[GA][Iter2] Gen:11 Ind:18 RMSE(val)=551.401433
[GA][Iter2] Gen:11 Ind:19 RMSE(val)=551.401433
[GA][Iter2] Gen:11 Ind:20 RMSE(val)=551.401433
[GA][Iter2] gen=11 best_val_rmse=551.401433
[GA][Iter2] Gen:12 Ind:1 RMSE(val)=551.401433
[GA][Iter2] Gen:12 Ind:2 RMSE(val)=551.401433
[GA][Iter2] Gen:12 Ind:3 RMSE(val)=551.401433
[GA][Iter2] Gen:12 Ind:4 RMSE(val)=551.401433
[GA][Iter2] Gen:12 Ind:5 RMSE(val)=551.401433
[GA][Iter2] Gen:12 Ind:6 RMSE(val)=551.401433
[GA][Iter2] Gen:12 Ind:7 RMSE(val)=551.401433
[GA][Iter2] Gen:12 Ind:8 RMSE(val)=551.401433
[GA][Iter2] Gen:12 Ind:9 RMSE(val)=551.401433
[GA][Iter2] Gen:12 Ind:10 RMSE(val)=551.401433
[GA][Iter2] Gen:12 Ind:11 RMSE(val)=551.401433
[GA][Iter2] Gen:12 Ind:12 RMSE(val)=551.401433
[GA][Iter2] Gen:12 Ind:13 RMSE(val)=551.401433
[GA][Iter2] Gen:12 Ind:14 RMSE(val)=889.504393
[GA][Iter2] Gen:12 Ind:15 RMSE(val)=1043.848675
[GA][Iter2] Gen:12 Ind:16 RMSE(val)=551.401433
[GA][Iter2] Gen:12 Ind:17 RMSE(val)=551.401433
[GA][Iter2] Gen:12 Ind:18 RMSE(val)=551.401433
[GA][Iter2] Gen:12 Ind:19 RMSE(val)=551.401433
[GA][Iter2] Gen:12 Ind:20 RMSE(val)=551.401433
[GA][Iter2] gen=12 best_val_rmse=551.401433
[GA][Iter2] Gen:13 Ind:1 RMSE(val)=551.401433
[GA][Iter2] Gen:13 Ind:2 RMSE(val)=551.401433
[GA][Iter2] Gen:13 Ind:3 RMSE(val)=551.401433
[GA][Iter2] Gen:13 Ind:4 RMSE(val)=551.401433
[GA][Iter2] Gen:13 Ind:5 RMSE(val)=551.401433
[GA][Iter2] Gen:13 Ind:6 RMSE(val)=551.401433
[GA][Iter2] Gen:13 Ind:7 RMSE(val)=551.401433
[GA][Iter2] Gen:13 Ind:8 RMSE(val)=551.401433
[GA][Iter2] Gen:13 Ind:9 RMSE(val)=551.401433
[GA][Iter2] Gen:13 Ind:10 RMSE(val)=551.401433
[GA][Iter2] Gen:13 Ind:11 RMSE(val)=551.401433
[GA][Iter2] Gen:13 Ind:12 RMSE(val)=551.401433
[GA][Iter2] Gen:13 Ind:13 RMSE(val)=551.401433
[GA][Iter2] Gen:13 Ind:14 RMSE(val)=551.401433
[GA][Iter2] Gen:13 Ind:15 RMSE(val)=705.301882
[GA][Iter2] Gen:13 Ind:16 RMSE(val)=551.401433
[GA][Iter2] Gen:13 Ind:17 RMSE(val)=551.401433
[GA][Iter2] Gen:13 Ind:18 RMSE(val)=889.504393
[GA][Iter2] Gen:13 Ind:19 RMSE(val)=551.401433
[GA][Iter2] Gen:13 Ind:20 RMSE(val)=551.401433
[GA][Iter2] gen=13 best_val_rmse=551.401433
[GA][Iter2] Gen:14 Ind:1 RMSE(val)=551.401433
[GA][Iter2] Gen:14 Ind:2 RMSE(val)=551.401433
[GA][Iter2] Gen:14 Ind:3 RMSE(val)=551.401433
[GA][Iter2] Gen:14 Ind:4 RMSE(val)=551.401433
[GA][Iter2] Gen:14 Ind:5 RMSE(val)=551.401433
[GA][Iter2] Gen:14 Ind:6 RMSE(val)=551.401433
[GA][Iter2] Gen:14 Ind:7 RMSE(val)=551.401433
[GA][Iter2] Gen:14 Ind:8 RMSE(val)=551.401433
[GA][Iter2] Gen:14 Ind:9 RMSE(val)=551.401433
[GA][Iter2] Gen:14 Ind:10 RMSE(val)=551.401433
[GA][Iter2] Gen:14 Ind:11 RMSE(val)=551.401433
[GA][Iter2] Gen:14 Ind:12 RMSE(val)=551.401433
[GA][Iter2] Gen:14 Ind:13 RMSE(val)=551.401433
[GA][Iter2] Gen:14 Ind:14 RMSE(val)=551.401433
[GA][Iter2] Gen:14 Ind:15 RMSE(val)=551.401433
[GA][Iter2] Gen:14 Ind:16 RMSE(val)=551.401433
[GA][Iter2] Gen:14 Ind:17 RMSE(val)=551.401433
[GA][Iter2] Gen:14 Ind:18 RMSE(val)=551.401433
[GA][Iter2] Gen:14 Ind:19 RMSE(val)=551.401433
[GA][Iter2] Gen:14 Ind:20 RMSE(val)=551.401433
[GA][Iter2] gen=14 best_val_rmse=551.401433
[GA][Iter2] Gen:15 Ind:1 RMSE(val)=551.401433
[GA][Iter2] Gen:15 Ind:2 RMSE(val)=551.401433
[GA][Iter2] Gen:15 Ind:3 RMSE(val)=551.401433
[GA][Iter2] Gen:15 Ind:4 RMSE(val)=551.401433
[GA][Iter2] Gen:15 Ind:5 RMSE(val)=551.401433
[GA][Iter2] Gen:15 Ind:6 RMSE(val)=551.401433
[GA][Iter2] Gen:15 Ind:7 RMSE(val)=551.401433
[GA][Iter2] Gen:15 Ind:8 RMSE(val)=551.401433
[GA][Iter2] Gen:15 Ind:9 RMSE(val)=551.401433
[GA][Iter2] Gen:15 Ind:10 RMSE(val)=551.401433
[GA][Iter2] Gen:15 Ind:11 RMSE(val)=551.401433
[GA][Iter2] Gen:15 Ind:12 RMSE(val)=551.401433
[GA][Iter2] Gen:15 Ind:13 RMSE(val)=551.401433
[GA][Iter2] Gen:15 Ind:14 RMSE(val)=551.401433
[GA][Iter2] Gen:15 Ind:15 RMSE(val)=551.401433
[GA][Iter2] Gen:15 Ind:16 RMSE(val)=551.401433
[GA][Iter2] Gen:15 Ind:17 RMSE(val)=551.401433
[GA][Iter2] Gen:15 Ind:18 RMSE(val)=551.401433
[GA][Iter2] Gen:15 Ind:19 RMSE(val)=551.401433
[GA][Iter2] Gen:15 Ind:20 RMSE(val)=705.301882
[GA][Iter2] gen=15 best_val_rmse=551.401433
[GA][Iter2] Gen:15 Ind:1 RMSE(val)=551.401433
[GA][Iter2] Gen:15 Ind:2 RMSE(val)=551.401433
[GA][Iter2] Gen:15 Ind:3 RMSE(val)=551.401433
[GA][Iter2] Gen:15 Ind:4 RMSE(val)=551.401433
[GA][Iter2] Gen:15 Ind:5 RMSE(val)=551.401433
[GA][Iter2] Gen:15 Ind:6 RMSE(val)=551.401433
[GA][Iter2] Gen:15 Ind:7 RMSE(val)=551.401433
[GA][Iter2] Gen:15 Ind:8 RMSE(val)=551.401433
[GA][Iter2] Gen:15 Ind:9 RMSE(val)=551.401433
[GA][Iter2] Gen:15 Ind:10 RMSE(val)=551.401433
[GA][Iter2] Gen:15 Ind:11 RMSE(val)=971.665495
[GA][Iter2] Gen:15 Ind:12 RMSE(val)=551.401433
[GA][Iter2] Gen:15 Ind:13 RMSE(val)=551.401433
[GA][Iter2] Gen:15 Ind:14 RMSE(val)=551.401433
[GA][Iter2] Gen:15 Ind:15 RMSE(val)=551.401433
[GA][Iter2] Gen:15 Ind:16 RMSE(val)=551.401433
[GA][Iter2] Gen:15 Ind:17 RMSE(val)=551.401433
[GA][Iter2] Gen:15 Ind:18 RMSE(val)=551.401433
[GA][Iter2] Gen:15 Ind:19 RMSE(val)=551.401433
[GA][Iter2] Gen:15 Ind:20 RMSE(val)=657.741017

[GA DONE][Iter2] Best params on val fold of Iter2
Best val RMSE: 551.401433
Best params: {'max_depth': 21, 'min_samples_split': 17, 'min_samples_leaf': 9, 'max_features': None, 'splitter': 'random', 'criterion': 'friedman_mse'}
--------------------------------------------------------------------------------
[RETUNE GA] Iter2: train folds 1..6 -> test fold 7  RMSE=896.821384  NRMSE=0.764082  CVRMSE=0.359819  R2=0.405754
[GA][Iter3] Gen:1 Ind:1 RMSE(val)=1728.129563
[GA][Iter3] Gen:1 Ind:2 RMSE(val)=1017.305891
[GA][Iter3] Gen:1 Ind:3 RMSE(val)=2012.945099
[GA][Iter3] Gen:1 Ind:4 RMSE(val)=1086.231866
[GA][Iter3] Gen:1 Ind:5 RMSE(val)=1105.484212
[GA][Iter3] Gen:1 Ind:6 RMSE(val)=1018.470945
[GA][Iter3] Gen:1 Ind:7 RMSE(val)=957.959025
[GA][Iter3] Gen:1 Ind:8 RMSE(val)=999.079582
[GA][Iter3] Gen:1 Ind:9 RMSE(val)=1035.087332
[GA][Iter3] Gen:1 Ind:10 RMSE(val)=1236.573836
[GA][Iter3] Gen:1 Ind:11 RMSE(val)=1059.415006
[GA][Iter3] Gen:1 Ind:12 RMSE(val)=1015.473244
[GA][Iter3] Gen:1 Ind:13 RMSE(val)=1122.377024
[GA][Iter3] Gen:1 Ind:14 RMSE(val)=911.466560
[GA][Iter3] Gen:1 Ind:15 RMSE(val)=1186.105194
[GA][Iter3] Gen:1 Ind:16 RMSE(val)=1131.895294
[GA][Iter3] Gen:1 Ind:17 RMSE(val)=1127.585612
[GA][Iter3] Gen:1 Ind:18 RMSE(val)=943.658042
[GA][Iter3] Gen:1 Ind:19 RMSE(val)=1033.134200
[GA][Iter3] Gen:1 Ind:20 RMSE(val)=1178.562824
[GA][Iter3] gen=1 best_val_rmse=911.466560
[GA][Iter3] Gen:2 Ind:1 RMSE(val)=911.466560
[GA][Iter3] Gen:2 Ind:2 RMSE(val)=943.658042
[GA][Iter3] Gen:2 Ind:3 RMSE(val)=957.959025
[GA][Iter3] Gen:2 Ind:4 RMSE(val)=999.079582
[GA][Iter3] Gen:2 Ind:5 RMSE(val)=1015.473244
[GA][Iter3] Gen:2 Ind:6 RMSE(val)=1017.305891
[GA][Iter3] Gen:2 Ind:7 RMSE(val)=1018.470945
[GA][Iter3] Gen:2 Ind:8 RMSE(val)=1033.134200
[GA][Iter3] Gen:2 Ind:9 RMSE(val)=1035.087332
[GA][Iter3] Gen:2 Ind:10 RMSE(val)=1059.415006
[GA][Iter3] Gen:2 Ind:11 RMSE(val)=1028.638102
[GA][Iter3] Gen:2 Ind:12 RMSE(val)=1070.066437
[GA][Iter3] Gen:2 Ind:13 RMSE(val)=1035.087332
[GA][Iter3] Gen:2 Ind:14 RMSE(val)=942.425972
[GA][Iter3] Gen:2 Ind:15 RMSE(val)=921.323915
[GA][Iter3] Gen:2 Ind:16 RMSE(val)=902.970330
[GA][Iter3] Gen:2 Ind:17 RMSE(val)=1112.659814
[GA][Iter3] Gen:2 Ind:18 RMSE(val)=902.970330
[GA][Iter3] Gen:2 Ind:19 RMSE(val)=1112.659814
[GA][Iter3] Gen:2 Ind:20 RMSE(val)=874.428883
[GA][Iter3] gen=2 best_val_rmse=874.428883
[GA][Iter3] Gen:3 Ind:1 RMSE(val)=874.428883
[GA][Iter3] Gen:3 Ind:2 RMSE(val)=902.970330
[GA][Iter3] Gen:3 Ind:3 RMSE(val)=902.970330
[GA][Iter3] Gen:3 Ind:4 RMSE(val)=911.466560
[GA][Iter3] Gen:3 Ind:5 RMSE(val)=921.323915
[GA][Iter3] Gen:3 Ind:6 RMSE(val)=942.425972
[GA][Iter3] Gen:3 Ind:7 RMSE(val)=943.658042
[GA][Iter3] Gen:3 Ind:8 RMSE(val)=957.959025
[GA][Iter3] Gen:3 Ind:9 RMSE(val)=999.079582
[GA][Iter3] Gen:3 Ind:10 RMSE(val)=1015.473244
[GA][Iter3] Gen:3 Ind:11 RMSE(val)=1015.473244
[GA][Iter3] Gen:3 Ind:12 RMSE(val)=902.970330
[GA][Iter3] Gen:3 Ind:13 RMSE(val)=1063.675216
[GA][Iter3] Gen:3 Ind:14 RMSE(val)=952.489575
[GA][Iter3] Gen:3 Ind:15 RMSE(val)=921.323915
[GA][Iter3] Gen:3 Ind:16 RMSE(val)=1132.120763
[GA][Iter3] Gen:3 Ind:17 RMSE(val)=902.970330
[GA][Iter3] Gen:3 Ind:18 RMSE(val)=1213.229542
[GA][Iter3] Gen:3 Ind:19 RMSE(val)=921.444594
[GA][Iter3] Gen:3 Ind:20 RMSE(val)=1015.603012
[GA][Iter3] gen=3 best_val_rmse=874.428883
[GA][Iter3] Gen:4 Ind:1 RMSE(val)=874.428883
[GA][Iter3] Gen:4 Ind:2 RMSE(val)=902.970330
[GA][Iter3] Gen:4 Ind:3 RMSE(val)=902.970330
[GA][Iter3] Gen:4 Ind:4 RMSE(val)=902.970330
[GA][Iter3] Gen:4 Ind:5 RMSE(val)=902.970330
[GA][Iter3] Gen:4 Ind:6 RMSE(val)=911.466560
[GA][Iter3] Gen:4 Ind:7 RMSE(val)=921.323915
[GA][Iter3] Gen:4 Ind:8 RMSE(val)=921.323915
[GA][Iter3] Gen:4 Ind:9 RMSE(val)=921.444594
[GA][Iter3] Gen:4 Ind:10 RMSE(val)=942.425972
[GA][Iter3] Gen:4 Ind:11 RMSE(val)=1025.040835
[GA][Iter3] Gen:4 Ind:12 RMSE(val)=902.970330
[GA][Iter3] Gen:4 Ind:13 RMSE(val)=995.033073
[GA][Iter3] Gen:4 Ind:14 RMSE(val)=930.087106
[GA][Iter3] Gen:4 Ind:15 RMSE(val)=943.658042
[GA][Iter3] Gen:4 Ind:16 RMSE(val)=976.884336
[GA][Iter3] Gen:4 Ind:17 RMSE(val)=902.970330
[GA][Iter3] Gen:4 Ind:18 RMSE(val)=902.970330
[GA][Iter3] Gen:4 Ind:19 RMSE(val)=902.970330
[GA][Iter3] Gen:4 Ind:20 RMSE(val)=900.633602
[GA][Iter3] gen=4 best_val_rmse=874.428883
[GA][Iter3] Gen:5 Ind:1 RMSE(val)=874.428883
[GA][Iter3] Gen:5 Ind:2 RMSE(val)=900.633602
[GA][Iter3] Gen:5 Ind:3 RMSE(val)=902.970330
[GA][Iter3] Gen:5 Ind:4 RMSE(val)=902.970330
[GA][Iter3] Gen:5 Ind:5 RMSE(val)=902.970330
[GA][Iter3] Gen:5 Ind:6 RMSE(val)=902.970330
[GA][Iter3] Gen:5 Ind:7 RMSE(val)=902.970330
[GA][Iter3] Gen:5 Ind:8 RMSE(val)=902.970330
[GA][Iter3] Gen:5 Ind:9 RMSE(val)=902.970330
[GA][Iter3] Gen:5 Ind:10 RMSE(val)=902.970330
[GA][Iter3] Gen:5 Ind:11 RMSE(val)=866.901875
[GA][Iter3] Gen:5 Ind:12 RMSE(val)=902.970330
[GA][Iter3] Gen:5 Ind:13 RMSE(val)=902.970330
[GA][Iter3] Gen:5 Ind:14 RMSE(val)=902.970330
[GA][Iter3] Gen:5 Ind:15 RMSE(val)=1153.031613
[GA][Iter3] Gen:5 Ind:16 RMSE(val)=902.970330
[GA][Iter3] Gen:5 Ind:17 RMSE(val)=1081.704944
[GA][Iter3] Gen:5 Ind:18 RMSE(val)=918.018083
[GA][Iter3] Gen:5 Ind:19 RMSE(val)=874.428883
[GA][Iter3] Gen:5 Ind:20 RMSE(val)=902.970330
[GA][Iter3] gen=5 best_val_rmse=866.901875
[GA][Iter3] Gen:6 Ind:1 RMSE(val)=866.901875
[GA][Iter3] Gen:6 Ind:2 RMSE(val)=874.428883
[GA][Iter3] Gen:6 Ind:3 RMSE(val)=874.428883
[GA][Iter3] Gen:6 Ind:4 RMSE(val)=900.633602
[GA][Iter3] Gen:6 Ind:5 RMSE(val)=902.970330
[GA][Iter3] Gen:6 Ind:6 RMSE(val)=902.970330
[GA][Iter3] Gen:6 Ind:7 RMSE(val)=902.970330
[GA][Iter3] Gen:6 Ind:8 RMSE(val)=902.970330
[GA][Iter3] Gen:6 Ind:9 RMSE(val)=902.970330
[GA][Iter3] Gen:6 Ind:10 RMSE(val)=902.970330
[GA][Iter3] Gen:6 Ind:11 RMSE(val)=902.970330
[GA][Iter3] Gen:6 Ind:12 RMSE(val)=902.970330
[GA][Iter3] Gen:6 Ind:13 RMSE(val)=902.970330
[GA][Iter3] Gen:6 Ind:14 RMSE(val)=902.970330
[GA][Iter3] Gen:6 Ind:15 RMSE(val)=902.970330
[GA][Iter3] Gen:6 Ind:16 RMSE(val)=900.633602
[GA][Iter3] Gen:6 Ind:17 RMSE(val)=902.970330
[GA][Iter3] Gen:6 Ind:18 RMSE(val)=866.901875
[GA][Iter3] Gen:6 Ind:19 RMSE(val)=902.970330
[GA][Iter3] Gen:6 Ind:20 RMSE(val)=866.901875
[GA][Iter3] gen=6 best_val_rmse=866.901875
[GA][Iter3] Gen:7 Ind:1 RMSE(val)=866.901875
[GA][Iter3] Gen:7 Ind:2 RMSE(val)=866.901875
[GA][Iter3] Gen:7 Ind:3 RMSE(val)=866.901875
[GA][Iter3] Gen:7 Ind:4 RMSE(val)=874.428883
[GA][Iter3] Gen:7 Ind:5 RMSE(val)=874.428883
[GA][Iter3] Gen:7 Ind:6 RMSE(val)=900.633602
[GA][Iter3] Gen:7 Ind:7 RMSE(val)=900.633602
[GA][Iter3] Gen:7 Ind:8 RMSE(val)=902.970330
[GA][Iter3] Gen:7 Ind:9 RMSE(val)=902.970330
[GA][Iter3] Gen:7 Ind:10 RMSE(val)=902.970330
[GA][Iter3] Gen:7 Ind:11 RMSE(val)=866.901875
[GA][Iter3] Gen:7 Ind:12 RMSE(val)=937.082603
[GA][Iter3] Gen:7 Ind:13 RMSE(val)=874.428883
[GA][Iter3] Gen:7 Ind:14 RMSE(val)=866.901875
[GA][Iter3] Gen:7 Ind:15 RMSE(val)=866.901875
[GA][Iter3] Gen:7 Ind:16 RMSE(val)=900.633602
[GA][Iter3] Gen:7 Ind:17 RMSE(val)=900.633602
[GA][Iter3] Gen:7 Ind:18 RMSE(val)=900.633602
[GA][Iter3] Gen:7 Ind:19 RMSE(val)=902.970330
[GA][Iter3] Gen:7 Ind:20 RMSE(val)=902.970330
[GA][Iter3] gen=7 best_val_rmse=866.901875
[GA][Iter3] Gen:8 Ind:1 RMSE(val)=866.901875
[GA][Iter3] Gen:8 Ind:2 RMSE(val)=866.901875
[GA][Iter3] Gen:8 Ind:3 RMSE(val)=866.901875
[GA][Iter3] Gen:8 Ind:4 RMSE(val)=866.901875
[GA][Iter3] Gen:8 Ind:5 RMSE(val)=866.901875
[GA][Iter3] Gen:8 Ind:6 RMSE(val)=866.901875
[GA][Iter3] Gen:8 Ind:7 RMSE(val)=874.428883
[GA][Iter3] Gen:8 Ind:8 RMSE(val)=874.428883
[GA][Iter3] Gen:8 Ind:9 RMSE(val)=874.428883
[GA][Iter3] Gen:8 Ind:10 RMSE(val)=900.633602
[GA][Iter3] Gen:8 Ind:11 RMSE(val)=874.428883
[GA][Iter3] Gen:8 Ind:12 RMSE(val)=900.633602
[GA][Iter3] Gen:8 Ind:13 RMSE(val)=900.633602
[GA][Iter3] Gen:8 Ind:14 RMSE(val)=895.018507
[GA][Iter3] Gen:8 Ind:15 RMSE(val)=866.901875
[GA][Iter3] Gen:8 Ind:16 RMSE(val)=918.018083
[GA][Iter3] Gen:8 Ind:17 RMSE(val)=866.901875
[GA][Iter3] Gen:8 Ind:18 RMSE(val)=900.633602
[GA][Iter3] Gen:8 Ind:19 RMSE(val)=888.880724
[GA][Iter3] Gen:8 Ind:20 RMSE(val)=874.428883
[GA][Iter3] gen=8 best_val_rmse=866.901875
[GA][Iter3] Gen:9 Ind:1 RMSE(val)=866.901875
[GA][Iter3] Gen:9 Ind:2 RMSE(val)=866.901875
[GA][Iter3] Gen:9 Ind:3 RMSE(val)=866.901875
[GA][Iter3] Gen:9 Ind:4 RMSE(val)=866.901875
[GA][Iter3] Gen:9 Ind:5 RMSE(val)=866.901875
[GA][Iter3] Gen:9 Ind:6 RMSE(val)=866.901875
[GA][Iter3] Gen:9 Ind:7 RMSE(val)=866.901875
[GA][Iter3] Gen:9 Ind:8 RMSE(val)=866.901875
[GA][Iter3] Gen:9 Ind:9 RMSE(val)=874.428883
[GA][Iter3] Gen:9 Ind:10 RMSE(val)=874.428883
[GA][Iter3] Gen:9 Ind:11 RMSE(val)=866.901875
[GA][Iter3] Gen:9 Ind:12 RMSE(val)=888.880724
[GA][Iter3] Gen:9 Ind:13 RMSE(val)=1081.704944
[GA][Iter3] Gen:9 Ind:14 RMSE(val)=877.769326
[GA][Iter3] Gen:9 Ind:15 RMSE(val)=1163.567348
[GA][Iter3] Gen:9 Ind:16 RMSE(val)=1037.320244
[GA][Iter3] Gen:9 Ind:17 RMSE(val)=1037.320244
[GA][Iter3] Gen:9 Ind:18 RMSE(val)=895.018507
[GA][Iter3] Gen:9 Ind:19 RMSE(val)=874.428883
[GA][Iter3] Gen:9 Ind:20 RMSE(val)=866.901875
[GA][Iter3] gen=9 best_val_rmse=866.901875
[GA][Iter3] Gen:10 Ind:1 RMSE(val)=866.901875
[GA][Iter3] Gen:10 Ind:2 RMSE(val)=866.901875
[GA][Iter3] Gen:10 Ind:3 RMSE(val)=866.901875
[GA][Iter3] Gen:10 Ind:4 RMSE(val)=866.901875
[GA][Iter3] Gen:10 Ind:5 RMSE(val)=866.901875
[GA][Iter3] Gen:10 Ind:6 RMSE(val)=866.901875
[GA][Iter3] Gen:10 Ind:7 RMSE(val)=866.901875
[GA][Iter3] Gen:10 Ind:8 RMSE(val)=866.901875
[GA][Iter3] Gen:10 Ind:9 RMSE(val)=866.901875
[GA][Iter3] Gen:10 Ind:10 RMSE(val)=866.901875
[GA][Iter3] Gen:10 Ind:11 RMSE(val)=866.901875
[GA][Iter3] Gen:10 Ind:12 RMSE(val)=866.901875
[GA][Iter3] Gen:10 Ind:13 RMSE(val)=866.901875
[GA][Iter3] Gen:10 Ind:14 RMSE(val)=866.901875
[GA][Iter3] Gen:10 Ind:15 RMSE(val)=866.901875
[GA][Iter3] Gen:10 Ind:16 RMSE(val)=866.901875
[GA][Iter3] Gen:10 Ind:17 RMSE(val)=937.082603
[GA][Iter3] Gen:10 Ind:18 RMSE(val)=1149.896365
[GA][Iter3] Gen:10 Ind:19 RMSE(val)=866.901875
[GA][Iter3] Gen:10 Ind:20 RMSE(val)=866.901875
[GA][Iter3] gen=10 best_val_rmse=866.901875
[GA][Iter3] Gen:11 Ind:1 RMSE(val)=866.901875
[GA][Iter3] Gen:11 Ind:2 RMSE(val)=866.901875
[GA][Iter3] Gen:11 Ind:3 RMSE(val)=866.901875
[GA][Iter3] Gen:11 Ind:4 RMSE(val)=866.901875
[GA][Iter3] Gen:11 Ind:5 RMSE(val)=866.901875
[GA][Iter3] Gen:11 Ind:6 RMSE(val)=866.901875
[GA][Iter3] Gen:11 Ind:7 RMSE(val)=866.901875
[GA][Iter3] Gen:11 Ind:8 RMSE(val)=866.901875
[GA][Iter3] Gen:11 Ind:9 RMSE(val)=866.901875
[GA][Iter3] Gen:11 Ind:10 RMSE(val)=866.901875
[GA][Iter3] Gen:11 Ind:11 RMSE(val)=866.901875
[GA][Iter3] Gen:11 Ind:12 RMSE(val)=866.901875
[GA][Iter3] Gen:11 Ind:13 RMSE(val)=866.901875
[GA][Iter3] Gen:11 Ind:14 RMSE(val)=866.901875
[GA][Iter3] Gen:11 Ind:15 RMSE(val)=866.901875
[GA][Iter3] Gen:11 Ind:16 RMSE(val)=866.901875
[GA][Iter3] Gen:11 Ind:17 RMSE(val)=900.633602
[GA][Iter3] Gen:11 Ind:18 RMSE(val)=866.901875
[GA][Iter3] Gen:11 Ind:19 RMSE(val)=866.901875
[GA][Iter3] Gen:11 Ind:20 RMSE(val)=866.901875
[GA][Iter3] gen=11 best_val_rmse=866.901875
[GA][Iter3] Gen:12 Ind:1 RMSE(val)=866.901875
[GA][Iter3] Gen:12 Ind:2 RMSE(val)=866.901875
[GA][Iter3] Gen:12 Ind:3 RMSE(val)=866.901875
[GA][Iter3] Gen:12 Ind:4 RMSE(val)=866.901875
[GA][Iter3] Gen:12 Ind:5 RMSE(val)=866.901875
[GA][Iter3] Gen:12 Ind:6 RMSE(val)=866.901875
[GA][Iter3] Gen:12 Ind:7 RMSE(val)=866.901875
[GA][Iter3] Gen:12 Ind:8 RMSE(val)=866.901875
[GA][Iter3] Gen:12 Ind:9 RMSE(val)=866.901875
[GA][Iter3] Gen:12 Ind:10 RMSE(val)=866.901875
[GA][Iter3] Gen:12 Ind:11 RMSE(val)=866.901875
[GA][Iter3] Gen:12 Ind:12 RMSE(val)=919.196305
[GA][Iter3] Gen:12 Ind:13 RMSE(val)=866.901875
[GA][Iter3] Gen:12 Ind:14 RMSE(val)=1081.704944
[GA][Iter3] Gen:12 Ind:15 RMSE(val)=1035.961988
[GA][Iter3] Gen:12 Ind:16 RMSE(val)=866.901875
[GA][Iter3] Gen:12 Ind:17 RMSE(val)=866.901875
[GA][Iter3] Gen:12 Ind:18 RMSE(val)=866.901875
[GA][Iter3] Gen:12 Ind:19 RMSE(val)=873.718759
[GA][Iter3] Gen:12 Ind:20 RMSE(val)=866.901875
[GA][Iter3] gen=12 best_val_rmse=866.901875
[GA][Iter3] Gen:13 Ind:1 RMSE(val)=866.901875
[GA][Iter3] Gen:13 Ind:2 RMSE(val)=866.901875
[GA][Iter3] Gen:13 Ind:3 RMSE(val)=866.901875
[GA][Iter3] Gen:13 Ind:4 RMSE(val)=866.901875
[GA][Iter3] Gen:13 Ind:5 RMSE(val)=866.901875
[GA][Iter3] Gen:13 Ind:6 RMSE(val)=866.901875
[GA][Iter3] Gen:13 Ind:7 RMSE(val)=866.901875
[GA][Iter3] Gen:13 Ind:8 RMSE(val)=866.901875
[GA][Iter3] Gen:13 Ind:9 RMSE(val)=866.901875
[GA][Iter3] Gen:13 Ind:10 RMSE(val)=866.901875
[GA][Iter3] Gen:13 Ind:11 RMSE(val)=866.901875
[GA][Iter3] Gen:13 Ind:12 RMSE(val)=900.633602
[GA][Iter3] Gen:13 Ind:13 RMSE(val)=866.901875
[GA][Iter3] Gen:13 Ind:14 RMSE(val)=866.901875
[GA][Iter3] Gen:13 Ind:15 RMSE(val)=937.082603
[GA][Iter3] Gen:13 Ind:16 RMSE(val)=866.901875
[GA][Iter3] Gen:13 Ind:17 RMSE(val)=866.901875
[GA][Iter3] Gen:13 Ind:18 RMSE(val)=1081.704944
[GA][Iter3] Gen:13 Ind:19 RMSE(val)=866.901875
[GA][Iter3] Gen:13 Ind:20 RMSE(val)=866.901875
[GA][Iter3] gen=13 best_val_rmse=866.901875
[GA][Iter3] Gen:14 Ind:1 RMSE(val)=866.901875
[GA][Iter3] Gen:14 Ind:2 RMSE(val)=866.901875
[GA][Iter3] Gen:14 Ind:3 RMSE(val)=866.901875
[GA][Iter3] Gen:14 Ind:4 RMSE(val)=866.901875
[GA][Iter3] Gen:14 Ind:5 RMSE(val)=866.901875
[GA][Iter3] Gen:14 Ind:6 RMSE(val)=866.901875
[GA][Iter3] Gen:14 Ind:7 RMSE(val)=866.901875
[GA][Iter3] Gen:14 Ind:8 RMSE(val)=866.901875
[GA][Iter3] Gen:14 Ind:9 RMSE(val)=866.901875
[GA][Iter3] Gen:14 Ind:10 RMSE(val)=866.901875
[GA][Iter3] Gen:14 Ind:11 RMSE(val)=866.901875
[GA][Iter3] Gen:14 Ind:12 RMSE(val)=900.633602
[GA][Iter3] Gen:14 Ind:13 RMSE(val)=866.901875
[GA][Iter3] Gen:14 Ind:14 RMSE(val)=866.901875
[GA][Iter3] Gen:14 Ind:15 RMSE(val)=866.901875
[GA][Iter3] Gen:14 Ind:16 RMSE(val)=866.901875
[GA][Iter3] Gen:14 Ind:17 RMSE(val)=873.718759
[GA][Iter3] Gen:14 Ind:18 RMSE(val)=866.901875
[GA][Iter3] Gen:14 Ind:19 RMSE(val)=866.901875
[GA][Iter3] Gen:14 Ind:20 RMSE(val)=866.901875
[GA][Iter3] gen=14 best_val_rmse=866.901875
[GA][Iter3] Gen:15 Ind:1 RMSE(val)=866.901875
[GA][Iter3] Gen:15 Ind:2 RMSE(val)=866.901875
[GA][Iter3] Gen:15 Ind:3 RMSE(val)=866.901875
[GA][Iter3] Gen:15 Ind:4 RMSE(val)=866.901875
[GA][Iter3] Gen:15 Ind:5 RMSE(val)=866.901875
[GA][Iter3] Gen:15 Ind:6 RMSE(val)=866.901875
[GA][Iter3] Gen:15 Ind:7 RMSE(val)=866.901875
[GA][Iter3] Gen:15 Ind:8 RMSE(val)=866.901875
[GA][Iter3] Gen:15 Ind:9 RMSE(val)=866.901875
[GA][Iter3] Gen:15 Ind:10 RMSE(val)=866.901875
[GA][Iter3] Gen:15 Ind:11 RMSE(val)=866.901875
[GA][Iter3] Gen:15 Ind:12 RMSE(val)=866.901875
[GA][Iter3] Gen:15 Ind:13 RMSE(val)=866.901875
[GA][Iter3] Gen:15 Ind:14 RMSE(val)=866.901875
[GA][Iter3] Gen:15 Ind:15 RMSE(val)=900.633602
[GA][Iter3] Gen:15 Ind:16 RMSE(val)=866.901875
[GA][Iter3] Gen:15 Ind:17 RMSE(val)=866.901875
[GA][Iter3] Gen:15 Ind:18 RMSE(val)=866.901875
[GA][Iter3] Gen:15 Ind:19 RMSE(val)=866.901875
[GA][Iter3] Gen:15 Ind:20 RMSE(val)=937.082603
[GA][Iter3] gen=15 best_val_rmse=866.901875
[GA][Iter3] Gen:15 Ind:1 RMSE(val)=866.901875
[GA][Iter3] Gen:15 Ind:2 RMSE(val)=866.901875
[GA][Iter3] Gen:15 Ind:3 RMSE(val)=866.901875
[GA][Iter3] Gen:15 Ind:4 RMSE(val)=866.901875
[GA][Iter3] Gen:15 Ind:5 RMSE(val)=866.901875
[GA][Iter3] Gen:15 Ind:6 RMSE(val)=866.901875
[GA][Iter3] Gen:15 Ind:7 RMSE(val)=866.901875
[GA][Iter3] Gen:15 Ind:8 RMSE(val)=866.901875
[GA][Iter3] Gen:15 Ind:9 RMSE(val)=866.901875
[GA][Iter3] Gen:15 Ind:10 RMSE(val)=866.901875
[GA][Iter3] Gen:15 Ind:11 RMSE(val)=1037.320244
[GA][Iter3] Gen:15 Ind:12 RMSE(val)=866.901875
[GA][Iter3] Gen:15 Ind:13 RMSE(val)=866.901875
[GA][Iter3] Gen:15 Ind:14 RMSE(val)=866.901875
[GA][Iter3] Gen:15 Ind:15 RMSE(val)=866.901875
[GA][Iter3] Gen:15 Ind:16 RMSE(val)=866.901875
[GA][Iter3] Gen:15 Ind:17 RMSE(val)=866.901875
[GA][Iter3] Gen:15 Ind:18 RMSE(val)=866.901875
[GA][Iter3] Gen:15 Ind:19 RMSE(val)=866.901875
[GA][Iter3] Gen:15 Ind:20 RMSE(val)=861.604372

[GA DONE][Iter3] Best params on val fold of Iter3
Best val RMSE: 861.604372
Best params: {'max_depth': 7, 'min_samples_split': 18, 'min_samples_leaf': 8, 'max_features': None, 'splitter': 'random', 'criterion': 'squared_error'}
--------------------------------------------------------------------------------
[RETUNE GA] Iter3: train folds 1..7 -> test fold 8  RMSE=671.310595  NRMSE=0.738039  CVRMSE=0.280028  R2=0.445572
[GA][Iter4] Gen:1 Ind:1 RMSE(val)=835.149124
[GA][Iter4] Gen:1 Ind:2 RMSE(val)=886.540823
[GA][Iter4] Gen:1 Ind:3 RMSE(val)=984.897316
[GA][Iter4] Gen:1 Ind:4 RMSE(val)=791.901202
[GA][Iter4] Gen:1 Ind:5 RMSE(val)=911.050778
[GA][Iter4] Gen:1 Ind:6 RMSE(val)=890.684036
[GA][Iter4] Gen:1 Ind:7 RMSE(val)=925.570511
[GA][Iter4] Gen:1 Ind:8 RMSE(val)=625.285684
[GA][Iter4] Gen:1 Ind:9 RMSE(val)=788.213784
[GA][Iter4] Gen:1 Ind:10 RMSE(val)=928.055825
[GA][Iter4] Gen:1 Ind:11 RMSE(val)=933.596730
[GA][Iter4] Gen:1 Ind:12 RMSE(val)=822.253118
[GA][Iter4] Gen:1 Ind:13 RMSE(val)=879.872284
[GA][Iter4] Gen:1 Ind:14 RMSE(val)=808.958012
[GA][Iter4] Gen:1 Ind:15 RMSE(val)=981.267034
[GA][Iter4] Gen:1 Ind:16 RMSE(val)=904.377480
[GA][Iter4] Gen:1 Ind:17 RMSE(val)=758.709795
[GA][Iter4] Gen:1 Ind:18 RMSE(val)=701.492959
[GA][Iter4] Gen:1 Ind:19 RMSE(val)=793.813152
[GA][Iter4] Gen:1 Ind:20 RMSE(val)=881.972864
[GA][Iter4] gen=1 best_val_rmse=625.285684
[GA][Iter4] Gen:2 Ind:1 RMSE(val)=625.285684
[GA][Iter4] Gen:2 Ind:2 RMSE(val)=701.492959
[GA][Iter4] Gen:2 Ind:3 RMSE(val)=758.709795
[GA][Iter4] Gen:2 Ind:4 RMSE(val)=788.213784
[GA][Iter4] Gen:2 Ind:5 RMSE(val)=791.901202
[GA][Iter4] Gen:2 Ind:6 RMSE(val)=793.813152
[GA][Iter4] Gen:2 Ind:7 RMSE(val)=808.958012
[GA][Iter4] Gen:2 Ind:8 RMSE(val)=822.253118
[GA][Iter4] Gen:2 Ind:9 RMSE(val)=835.149124
[GA][Iter4] Gen:2 Ind:10 RMSE(val)=879.872284
[GA][Iter4] Gen:2 Ind:11 RMSE(val)=1005.761336
[GA][Iter4] Gen:2 Ind:12 RMSE(val)=640.631781
[GA][Iter4] Gen:2 Ind:13 RMSE(val)=787.155284
[GA][Iter4] Gen:2 Ind:14 RMSE(val)=582.820185
[GA][Iter4] Gen:2 Ind:15 RMSE(val)=701.492959
[GA][Iter4] Gen:2 Ind:16 RMSE(val)=770.067523
[GA][Iter4] Gen:2 Ind:17 RMSE(val)=655.022601
[GA][Iter4] Gen:2 Ind:18 RMSE(val)=1088.987480
[GA][Iter4] Gen:2 Ind:19 RMSE(val)=655.022601
[GA][Iter4] Gen:2 Ind:20 RMSE(val)=625.285684
[GA][Iter4] gen=2 best_val_rmse=582.820185
[GA][Iter4] Gen:3 Ind:1 RMSE(val)=582.820185
[GA][Iter4] Gen:3 Ind:2 RMSE(val)=625.285684
[GA][Iter4] Gen:3 Ind:3 RMSE(val)=625.285684
[GA][Iter4] Gen:3 Ind:4 RMSE(val)=640.631781
[GA][Iter4] Gen:3 Ind:5 RMSE(val)=655.022601
[GA][Iter4] Gen:3 Ind:6 RMSE(val)=655.022601
[GA][Iter4] Gen:3 Ind:7 RMSE(val)=701.492959
[GA][Iter4] Gen:3 Ind:8 RMSE(val)=701.492959
[GA][Iter4] Gen:3 Ind:9 RMSE(val)=758.709795
[GA][Iter4] Gen:3 Ind:10 RMSE(val)=770.067523
[GA][Iter4] Gen:3 Ind:11 RMSE(val)=770.067523
[GA][Iter4] Gen:3 Ind:12 RMSE(val)=652.934077
[GA][Iter4] Gen:3 Ind:13 RMSE(val)=640.631781
[GA][Iter4] Gen:3 Ind:14 RMSE(val)=577.179452
[GA][Iter4] Gen:3 Ind:15 RMSE(val)=701.492959
[GA][Iter4] Gen:3 Ind:16 RMSE(val)=751.270778
[GA][Iter4] Gen:3 Ind:17 RMSE(val)=779.029681
[GA][Iter4] Gen:3 Ind:18 RMSE(val)=973.897098
[GA][Iter4] Gen:3 Ind:19 RMSE(val)=908.111239
[GA][Iter4] Gen:3 Ind:20 RMSE(val)=844.140948
[GA][Iter4] gen=3 best_val_rmse=577.179452
[GA][Iter4] Gen:4 Ind:1 RMSE(val)=577.179452
[GA][Iter4] Gen:4 Ind:2 RMSE(val)=582.820185
[GA][Iter4] Gen:4 Ind:3 RMSE(val)=625.285684
[GA][Iter4] Gen:4 Ind:4 RMSE(val)=625.285684
[GA][Iter4] Gen:4 Ind:5 RMSE(val)=640.631781
[GA][Iter4] Gen:4 Ind:6 RMSE(val)=640.631781
[GA][Iter4] Gen:4 Ind:7 RMSE(val)=652.934077
[GA][Iter4] Gen:4 Ind:8 RMSE(val)=655.022601
[GA][Iter4] Gen:4 Ind:9 RMSE(val)=655.022601
[GA][Iter4] Gen:4 Ind:10 RMSE(val)=701.492959
[GA][Iter4] Gen:4 Ind:11 RMSE(val)=701.492959
[GA][Iter4] Gen:4 Ind:12 RMSE(val)=701.492959
[GA][Iter4] Gen:4 Ind:13 RMSE(val)=793.813152
[GA][Iter4] Gen:4 Ind:14 RMSE(val)=655.022601
[GA][Iter4] Gen:4 Ind:15 RMSE(val)=625.285684
[GA][Iter4] Gen:4 Ind:16 RMSE(val)=655.022601
[GA][Iter4] Gen:4 Ind:17 RMSE(val)=625.285684
[GA][Iter4] Gen:4 Ind:18 RMSE(val)=625.285684
[GA][Iter4] Gen:4 Ind:19 RMSE(val)=640.631781
[GA][Iter4] Gen:4 Ind:20 RMSE(val)=655.022601
[GA][Iter4] gen=4 best_val_rmse=577.179452
[GA][Iter4] Gen:5 Ind:1 RMSE(val)=577.179452
[GA][Iter4] Gen:5 Ind:2 RMSE(val)=582.820185
[GA][Iter4] Gen:5 Ind:3 RMSE(val)=625.285684
[GA][Iter4] Gen:5 Ind:4 RMSE(val)=625.285684
[GA][Iter4] Gen:5 Ind:5 RMSE(val)=625.285684
[GA][Iter4] Gen:5 Ind:6 RMSE(val)=625.285684
[GA][Iter4] Gen:5 Ind:7 RMSE(val)=625.285684
[GA][Iter4] Gen:5 Ind:8 RMSE(val)=640.631781
[GA][Iter4] Gen:5 Ind:9 RMSE(val)=640.631781
[GA][Iter4] Gen:5 Ind:10 RMSE(val)=640.631781
[GA][Iter4] Gen:5 Ind:11 RMSE(val)=577.179452
[GA][Iter4] Gen:5 Ind:12 RMSE(val)=640.631781
[GA][Iter4] Gen:5 Ind:13 RMSE(val)=625.285684
[GA][Iter4] Gen:5 Ind:14 RMSE(val)=625.285684
[GA][Iter4] Gen:5 Ind:15 RMSE(val)=935.653521
[GA][Iter4] Gen:5 Ind:16 RMSE(val)=640.631781
[GA][Iter4] Gen:5 Ind:17 RMSE(val)=793.813152
[GA][Iter4] Gen:5 Ind:18 RMSE(val)=582.820185
[GA][Iter4] Gen:5 Ind:19 RMSE(val)=582.820185
[GA][Iter4] Gen:5 Ind:20 RMSE(val)=701.492959
[GA][Iter4] gen=5 best_val_rmse=577.179452
[GA][Iter4] Gen:6 Ind:1 RMSE(val)=577.179452
[GA][Iter4] Gen:6 Ind:2 RMSE(val)=577.179452
[GA][Iter4] Gen:6 Ind:3 RMSE(val)=582.820185
[GA][Iter4] Gen:6 Ind:4 RMSE(val)=582.820185
[GA][Iter4] Gen:6 Ind:5 RMSE(val)=582.820185
[GA][Iter4] Gen:6 Ind:6 RMSE(val)=625.285684
[GA][Iter4] Gen:6 Ind:7 RMSE(val)=625.285684
[GA][Iter4] Gen:6 Ind:8 RMSE(val)=625.285684
[GA][Iter4] Gen:6 Ind:9 RMSE(val)=625.285684
[GA][Iter4] Gen:6 Ind:10 RMSE(val)=625.285684
[GA][Iter4] Gen:6 Ind:11 RMSE(val)=625.285684
[GA][Iter4] Gen:6 Ind:12 RMSE(val)=625.285684
[GA][Iter4] Gen:6 Ind:13 RMSE(val)=652.934077
[GA][Iter4] Gen:6 Ind:14 RMSE(val)=652.934077
[GA][Iter4] Gen:6 Ind:15 RMSE(val)=582.820185
[GA][Iter4] Gen:6 Ind:16 RMSE(val)=582.820185
[GA][Iter4] Gen:6 Ind:17 RMSE(val)=625.285684
[GA][Iter4] Gen:6 Ind:18 RMSE(val)=577.179452
[GA][Iter4] Gen:6 Ind:19 RMSE(val)=582.820185
[GA][Iter4] Gen:6 Ind:20 RMSE(val)=577.179452
[GA][Iter4] gen=6 best_val_rmse=577.179452
[GA][Iter4] Gen:7 Ind:1 RMSE(val)=577.179452
[GA][Iter4] Gen:7 Ind:2 RMSE(val)=577.179452
[GA][Iter4] Gen:7 Ind:3 RMSE(val)=577.179452
[GA][Iter4] Gen:7 Ind:4 RMSE(val)=577.179452
[GA][Iter4] Gen:7 Ind:5 RMSE(val)=582.820185
[GA][Iter4] Gen:7 Ind:6 RMSE(val)=582.820185
[GA][Iter4] Gen:7 Ind:7 RMSE(val)=582.820185
[GA][Iter4] Gen:7 Ind:8 RMSE(val)=582.820185
[GA][Iter4] Gen:7 Ind:9 RMSE(val)=582.820185
[GA][Iter4] Gen:7 Ind:10 RMSE(val)=582.820185
[GA][Iter4] Gen:7 Ind:11 RMSE(val)=582.820185
[GA][Iter4] Gen:7 Ind:12 RMSE(val)=812.777319
[GA][Iter4] Gen:7 Ind:13 RMSE(val)=582.820185
[GA][Iter4] Gen:7 Ind:14 RMSE(val)=577.179452
[GA][Iter4] Gen:7 Ind:15 RMSE(val)=582.820185
[GA][Iter4] Gen:7 Ind:16 RMSE(val)=582.820185
[GA][Iter4] Gen:7 Ind:17 RMSE(val)=582.820185
[GA][Iter4] Gen:7 Ind:18 RMSE(val)=582.820185
[GA][Iter4] Gen:7 Ind:19 RMSE(val)=582.820185
[GA][Iter4] Gen:7 Ind:20 RMSE(val)=582.820185
[GA][Iter4] gen=7 best_val_rmse=577.179452
[GA][Iter4] Gen:8 Ind:1 RMSE(val)=577.179452
[GA][Iter4] Gen:8 Ind:2 RMSE(val)=577.179452
[GA][Iter4] Gen:8 Ind:3 RMSE(val)=577.179452
[GA][Iter4] Gen:8 Ind:4 RMSE(val)=577.179452
[GA][Iter4] Gen:8 Ind:5 RMSE(val)=577.179452
[GA][Iter4] Gen:8 Ind:6 RMSE(val)=582.820185
[GA][Iter4] Gen:8 Ind:7 RMSE(val)=582.820185
[GA][Iter4] Gen:8 Ind:8 RMSE(val)=582.820185
[GA][Iter4] Gen:8 Ind:9 RMSE(val)=582.820185
[GA][Iter4] Gen:8 Ind:10 RMSE(val)=582.820185
[GA][Iter4] Gen:8 Ind:11 RMSE(val)=582.820185
[GA][Iter4] Gen:8 Ind:12 RMSE(val)=613.406885
[GA][Iter4] Gen:8 Ind:13 RMSE(val)=582.820185
[GA][Iter4] Gen:8 Ind:14 RMSE(val)=577.179452
[GA][Iter4] Gen:8 Ind:15 RMSE(val)=577.179452
[GA][Iter4] Gen:8 Ind:16 RMSE(val)=582.820185
[GA][Iter4] Gen:8 Ind:17 RMSE(val)=577.179452
[GA][Iter4] Gen:8 Ind:18 RMSE(val)=582.820185
[GA][Iter4] Gen:8 Ind:19 RMSE(val)=681.199364
[GA][Iter4] Gen:8 Ind:20 RMSE(val)=582.820185
[GA][Iter4] gen=8 best_val_rmse=577.179452
[GA][Iter4] Gen:9 Ind:1 RMSE(val)=577.179452
[GA][Iter4] Gen:9 Ind:2 RMSE(val)=577.179452
[GA][Iter4] Gen:9 Ind:3 RMSE(val)=577.179452
[GA][Iter4] Gen:9 Ind:4 RMSE(val)=577.179452
[GA][Iter4] Gen:9 Ind:5 RMSE(val)=577.179452
[GA][Iter4] Gen:9 Ind:6 RMSE(val)=577.179452
[GA][Iter4] Gen:9 Ind:7 RMSE(val)=577.179452
[GA][Iter4] Gen:9 Ind:8 RMSE(val)=577.179452
[GA][Iter4] Gen:9 Ind:9 RMSE(val)=582.820185
[GA][Iter4] Gen:9 Ind:10 RMSE(val)=582.820185
[GA][Iter4] Gen:9 Ind:11 RMSE(val)=577.179452
[GA][Iter4] Gen:9 Ind:12 RMSE(val)=681.199364
[GA][Iter4] Gen:9 Ind:13 RMSE(val)=728.580351
[GA][Iter4] Gen:9 Ind:14 RMSE(val)=693.850171
[GA][Iter4] Gen:9 Ind:15 RMSE(val)=908.347046
[GA][Iter4] Gen:9 Ind:16 RMSE(val)=871.670735
[GA][Iter4] Gen:9 Ind:17 RMSE(val)=871.670735
[GA][Iter4] Gen:9 Ind:18 RMSE(val)=577.179452
[GA][Iter4] Gen:9 Ind:19 RMSE(val)=582.820185
[GA][Iter4] Gen:9 Ind:20 RMSE(val)=577.179452
[GA][Iter4] gen=9 best_val_rmse=577.179452
[GA][Iter4] Gen:10 Ind:1 RMSE(val)=577.179452
[GA][Iter4] Gen:10 Ind:2 RMSE(val)=577.179452
[GA][Iter4] Gen:10 Ind:3 RMSE(val)=577.179452
[GA][Iter4] Gen:10 Ind:4 RMSE(val)=577.179452
[GA][Iter4] Gen:10 Ind:5 RMSE(val)=577.179452
[GA][Iter4] Gen:10 Ind:6 RMSE(val)=577.179452
[GA][Iter4] Gen:10 Ind:7 RMSE(val)=577.179452
[GA][Iter4] Gen:10 Ind:8 RMSE(val)=577.179452
[GA][Iter4] Gen:10 Ind:9 RMSE(val)=577.179452
[GA][Iter4] Gen:10 Ind:10 RMSE(val)=577.179452
[GA][Iter4] Gen:10 Ind:11 RMSE(val)=577.179452
[GA][Iter4] Gen:10 Ind:12 RMSE(val)=577.179452
[GA][Iter4] Gen:10 Ind:13 RMSE(val)=577.179452
[GA][Iter4] Gen:10 Ind:14 RMSE(val)=577.179452
[GA][Iter4] Gen:10 Ind:15 RMSE(val)=577.179452
[GA][Iter4] Gen:10 Ind:16 RMSE(val)=577.179452
[GA][Iter4] Gen:10 Ind:17 RMSE(val)=812.777319
[GA][Iter4] Gen:10 Ind:18 RMSE(val)=871.670735
[GA][Iter4] Gen:10 Ind:19 RMSE(val)=577.179452
[GA][Iter4] Gen:10 Ind:20 RMSE(val)=577.179452
[GA][Iter4] gen=10 best_val_rmse=577.179452
[GA][Iter4] Gen:11 Ind:1 RMSE(val)=577.179452
[GA][Iter4] Gen:11 Ind:2 RMSE(val)=577.179452
[GA][Iter4] Gen:11 Ind:3 RMSE(val)=577.179452
[GA][Iter4] Gen:11 Ind:4 RMSE(val)=577.179452
[GA][Iter4] Gen:11 Ind:5 RMSE(val)=577.179452
[GA][Iter4] Gen:11 Ind:6 RMSE(val)=577.179452
[GA][Iter4] Gen:11 Ind:7 RMSE(val)=577.179452
[GA][Iter4] Gen:11 Ind:8 RMSE(val)=577.179452
[GA][Iter4] Gen:11 Ind:9 RMSE(val)=577.179452
[GA][Iter4] Gen:11 Ind:10 RMSE(val)=577.179452
[GA][Iter4] Gen:11 Ind:11 RMSE(val)=577.179452
[GA][Iter4] Gen:11 Ind:12 RMSE(val)=577.179452
[GA][Iter4] Gen:11 Ind:13 RMSE(val)=577.179452
[GA][Iter4] Gen:11 Ind:14 RMSE(val)=577.179452
[GA][Iter4] Gen:11 Ind:15 RMSE(val)=577.179452
[GA][Iter4] Gen:11 Ind:16 RMSE(val)=577.179452
[GA][Iter4] Gen:11 Ind:17 RMSE(val)=633.741824
[GA][Iter4] Gen:11 Ind:18 RMSE(val)=577.179452
[GA][Iter4] Gen:11 Ind:19 RMSE(val)=577.179452
[GA][Iter4] Gen:11 Ind:20 RMSE(val)=577.179452
[GA][Iter4] gen=11 best_val_rmse=577.179452
[GA][Iter4] Gen:12 Ind:1 RMSE(val)=577.179452
[GA][Iter4] Gen:12 Ind:2 RMSE(val)=577.179452
[GA][Iter4] Gen:12 Ind:3 RMSE(val)=577.179452
[GA][Iter4] Gen:12 Ind:4 RMSE(val)=577.179452
[GA][Iter4] Gen:12 Ind:5 RMSE(val)=577.179452
[GA][Iter4] Gen:12 Ind:6 RMSE(val)=577.179452
[GA][Iter4] Gen:12 Ind:7 RMSE(val)=577.179452
[GA][Iter4] Gen:12 Ind:8 RMSE(val)=577.179452
[GA][Iter4] Gen:12 Ind:9 RMSE(val)=577.179452
[GA][Iter4] Gen:12 Ind:10 RMSE(val)=577.179452
[GA][Iter4] Gen:12 Ind:11 RMSE(val)=577.179452
[GA][Iter4] Gen:12 Ind:12 RMSE(val)=577.179452
[GA][Iter4] Gen:12 Ind:13 RMSE(val)=577.179452
[GA][Iter4] Gen:12 Ind:14 RMSE(val)=728.580351
[GA][Iter4] Gen:12 Ind:15 RMSE(val)=647.285005
[GA][Iter4] Gen:12 Ind:16 RMSE(val)=577.179452
[GA][Iter4] Gen:12 Ind:17 RMSE(val)=577.179452
[GA][Iter4] Gen:12 Ind:18 RMSE(val)=577.179452
[GA][Iter4] Gen:12 Ind:19 RMSE(val)=640.631781
[GA][Iter4] Gen:12 Ind:20 RMSE(val)=577.179452
[GA][Iter4] gen=12 best_val_rmse=577.179452
[GA][Iter4] Gen:13 Ind:1 RMSE(val)=577.179452
[GA][Iter4] Gen:13 Ind:2 RMSE(val)=577.179452
[GA][Iter4] Gen:13 Ind:3 RMSE(val)=577.179452
[GA][Iter4] Gen:13 Ind:4 RMSE(val)=577.179452
[GA][Iter4] Gen:13 Ind:5 RMSE(val)=577.179452
[GA][Iter4] Gen:13 Ind:6 RMSE(val)=577.179452
[GA][Iter4] Gen:13 Ind:7 RMSE(val)=577.179452
[GA][Iter4] Gen:13 Ind:8 RMSE(val)=577.179452
[GA][Iter4] Gen:13 Ind:9 RMSE(val)=577.179452
[GA][Iter4] Gen:13 Ind:10 RMSE(val)=577.179452
[GA][Iter4] Gen:13 Ind:11 RMSE(val)=577.179452
[GA][Iter4] Gen:13 Ind:12 RMSE(val)=613.406885
[GA][Iter4] Gen:13 Ind:13 RMSE(val)=577.179452
[GA][Iter4] Gen:13 Ind:14 RMSE(val)=577.179452
[GA][Iter4] Gen:13 Ind:15 RMSE(val)=812.777319
[GA][Iter4] Gen:13 Ind:16 RMSE(val)=577.179452
[GA][Iter4] Gen:13 Ind:17 RMSE(val)=577.179452
[GA][Iter4] Gen:13 Ind:18 RMSE(val)=728.580351
[GA][Iter4] Gen:13 Ind:19 RMSE(val)=577.179452
[GA][Iter4] Gen:13 Ind:20 RMSE(val)=577.179452
[GA][Iter4] gen=13 best_val_rmse=577.179452
[GA][Iter4] Gen:14 Ind:1 RMSE(val)=577.179452
[GA][Iter4] Gen:14 Ind:2 RMSE(val)=577.179452
[GA][Iter4] Gen:14 Ind:3 RMSE(val)=577.179452
[GA][Iter4] Gen:14 Ind:4 RMSE(val)=577.179452
[GA][Iter4] Gen:14 Ind:5 RMSE(val)=577.179452
[GA][Iter4] Gen:14 Ind:6 RMSE(val)=577.179452
[GA][Iter4] Gen:14 Ind:7 RMSE(val)=577.179452
[GA][Iter4] Gen:14 Ind:8 RMSE(val)=577.179452
[GA][Iter4] Gen:14 Ind:9 RMSE(val)=577.179452
[GA][Iter4] Gen:14 Ind:10 RMSE(val)=577.179452
[GA][Iter4] Gen:14 Ind:11 RMSE(val)=577.179452
[GA][Iter4] Gen:14 Ind:12 RMSE(val)=582.820185
[GA][Iter4] Gen:14 Ind:13 RMSE(val)=577.179452
[GA][Iter4] Gen:14 Ind:14 RMSE(val)=577.179452
[GA][Iter4] Gen:14 Ind:15 RMSE(val)=577.179452
[GA][Iter4] Gen:14 Ind:16 RMSE(val)=577.179452
[GA][Iter4] Gen:14 Ind:17 RMSE(val)=640.631781
[GA][Iter4] Gen:14 Ind:18 RMSE(val)=577.179452
[GA][Iter4] Gen:14 Ind:19 RMSE(val)=577.179452
[GA][Iter4] Gen:14 Ind:20 RMSE(val)=577.179452
[GA][Iter4] gen=14 best_val_rmse=577.179452
[GA][Iter4] Gen:15 Ind:1 RMSE(val)=577.179452
[GA][Iter4] Gen:15 Ind:2 RMSE(val)=577.179452
[GA][Iter4] Gen:15 Ind:3 RMSE(val)=577.179452
[GA][Iter4] Gen:15 Ind:4 RMSE(val)=577.179452
[GA][Iter4] Gen:15 Ind:5 RMSE(val)=577.179452
[GA][Iter4] Gen:15 Ind:6 RMSE(val)=577.179452
[GA][Iter4] Gen:15 Ind:7 RMSE(val)=577.179452
[GA][Iter4] Gen:15 Ind:8 RMSE(val)=577.179452
[GA][Iter4] Gen:15 Ind:9 RMSE(val)=577.179452
[GA][Iter4] Gen:15 Ind:10 RMSE(val)=577.179452
[GA][Iter4] Gen:15 Ind:11 RMSE(val)=577.179452
[GA][Iter4] Gen:15 Ind:12 RMSE(val)=577.179452
[GA][Iter4] Gen:15 Ind:13 RMSE(val)=577.179452
[GA][Iter4] Gen:15 Ind:14 RMSE(val)=577.179452
[GA][Iter4] Gen:15 Ind:15 RMSE(val)=582.820185
[GA][Iter4] Gen:15 Ind:16 RMSE(val)=577.179452
[GA][Iter4] Gen:15 Ind:17 RMSE(val)=577.179452
[GA][Iter4] Gen:15 Ind:18 RMSE(val)=577.179452
[GA][Iter4] Gen:15 Ind:19 RMSE(val)=577.179452
[GA][Iter4] Gen:15 Ind:20 RMSE(val)=812.777319
[GA][Iter4] gen=15 best_val_rmse=577.179452
[GA][Iter4] Gen:15 Ind:1 RMSE(val)=577.179452
[GA][Iter4] Gen:15 Ind:2 RMSE(val)=577.179452
[GA][Iter4] Gen:15 Ind:3 RMSE(val)=577.179452
[GA][Iter4] Gen:15 Ind:4 RMSE(val)=577.179452
[GA][Iter4] Gen:15 Ind:5 RMSE(val)=577.179452
[GA][Iter4] Gen:15 Ind:6 RMSE(val)=577.179452
[GA][Iter4] Gen:15 Ind:7 RMSE(val)=577.179452
[GA][Iter4] Gen:15 Ind:8 RMSE(val)=577.179452
[GA][Iter4] Gen:15 Ind:9 RMSE(val)=577.179452
[GA][Iter4] Gen:15 Ind:10 RMSE(val)=577.179452
[GA][Iter4] Gen:15 Ind:11 RMSE(val)=871.670735
[GA][Iter4] Gen:15 Ind:12 RMSE(val)=577.179452
[GA][Iter4] Gen:15 Ind:13 RMSE(val)=577.179452
[GA][Iter4] Gen:15 Ind:14 RMSE(val)=577.179452
[GA][Iter4] Gen:15 Ind:15 RMSE(val)=577.179452
[GA][Iter4] Gen:15 Ind:16 RMSE(val)=577.179452
[GA][Iter4] Gen:15 Ind:17 RMSE(val)=577.179452
[GA][Iter4] Gen:15 Ind:18 RMSE(val)=577.179452
[GA][Iter4] Gen:15 Ind:19 RMSE(val)=577.179452
[GA][Iter4] Gen:15 Ind:20 RMSE(val)=671.310595

[GA DONE][Iter4] Best params on val fold of Iter4
Best val RMSE: 577.179452
Best params: {'max_depth': 7, 'min_samples_split': 7, 'min_samples_leaf': 7, 'max_features': None, 'splitter': 'random', 'criterion': 'friedman_mse'}
--------------------------------------------------------------------------------
[RETUNE GA] Iter4: train folds 1..8 -> test fold 9  RMSE=1045.887593  NRMSE=0.960609  CVRMSE=0.411940  R2=0.060753
[GA][Iter5] Gen:1 Ind:1 RMSE(val)=1120.014210
[GA][Iter5] Gen:1 Ind:2 RMSE(val)=1038.347175
[GA][Iter5] Gen:1 Ind:3 RMSE(val)=1146.607121
[GA][Iter5] Gen:1 Ind:4 RMSE(val)=925.736122
[GA][Iter5] Gen:1 Ind:5 RMSE(val)=973.023111
[GA][Iter5] Gen:1 Ind:6 RMSE(val)=988.856523
[GA][Iter5] Gen:1 Ind:7 RMSE(val)=1126.692044
[GA][Iter5] Gen:1 Ind:8 RMSE(val)=1029.267640
[GA][Iter5] Gen:1 Ind:9 RMSE(val)=1129.222703
[GA][Iter5] Gen:1 Ind:10 RMSE(val)=1446.826532
[GA][Iter5] Gen:1 Ind:11 RMSE(val)=1040.174241
[GA][Iter5] Gen:1 Ind:12 RMSE(val)=1071.528923
[GA][Iter5] Gen:1 Ind:13 RMSE(val)=1167.826772
[GA][Iter5] Gen:1 Ind:14 RMSE(val)=1091.701904
[GA][Iter5] Gen:1 Ind:15 RMSE(val)=1079.530569
[GA][Iter5] Gen:1 Ind:16 RMSE(val)=944.050120
[GA][Iter5] Gen:1 Ind:17 RMSE(val)=1085.935188
[GA][Iter5] Gen:1 Ind:18 RMSE(val)=980.541994
[GA][Iter5] Gen:1 Ind:19 RMSE(val)=1075.714551
[GA][Iter5] Gen:1 Ind:20 RMSE(val)=1021.261921
[GA][Iter5] gen=1 best_val_rmse=925.736122
[GA][Iter5] Gen:2 Ind:1 RMSE(val)=925.736122
[GA][Iter5] Gen:2 Ind:2 RMSE(val)=944.050120
[GA][Iter5] Gen:2 Ind:3 RMSE(val)=973.023111
[GA][Iter5] Gen:2 Ind:4 RMSE(val)=980.541994
[GA][Iter5] Gen:2 Ind:5 RMSE(val)=988.856523
[GA][Iter5] Gen:2 Ind:6 RMSE(val)=1021.261921
[GA][Iter5] Gen:2 Ind:7 RMSE(val)=1029.267640
[GA][Iter5] Gen:2 Ind:8 RMSE(val)=1038.347175
[GA][Iter5] Gen:2 Ind:9 RMSE(val)=1040.174241
[GA][Iter5] Gen:2 Ind:10 RMSE(val)=1071.528923
[GA][Iter5] Gen:2 Ind:11 RMSE(val)=1087.345926
[GA][Iter5] Gen:2 Ind:12 RMSE(val)=944.050120
[GA][Iter5] Gen:2 Ind:13 RMSE(val)=1040.174241
[GA][Iter5] Gen:2 Ind:14 RMSE(val)=940.183202
[GA][Iter5] Gen:2 Ind:15 RMSE(val)=944.050120
[GA][Iter5] Gen:2 Ind:16 RMSE(val)=1104.577344
[GA][Iter5] Gen:2 Ind:17 RMSE(val)=1063.287673
[GA][Iter5] Gen:2 Ind:18 RMSE(val)=1040.174241
[GA][Iter5] Gen:2 Ind:19 RMSE(val)=1052.769497
[GA][Iter5] Gen:2 Ind:20 RMSE(val)=1187.348380
[GA][Iter5] gen=2 best_val_rmse=925.736122
[GA][Iter5] Gen:3 Ind:1 RMSE(val)=925.736122
[GA][Iter5] Gen:3 Ind:2 RMSE(val)=940.183202
[GA][Iter5] Gen:3 Ind:3 RMSE(val)=944.050120
[GA][Iter5] Gen:3 Ind:4 RMSE(val)=944.050120
[GA][Iter5] Gen:3 Ind:5 RMSE(val)=944.050120
[GA][Iter5] Gen:3 Ind:6 RMSE(val)=973.023111
[GA][Iter5] Gen:3 Ind:7 RMSE(val)=980.541994
[GA][Iter5] Gen:3 Ind:8 RMSE(val)=988.856523
[GA][Iter5] Gen:3 Ind:9 RMSE(val)=1021.261921
[GA][Iter5] Gen:3 Ind:10 RMSE(val)=1029.267640
[GA][Iter5] Gen:3 Ind:11 RMSE(val)=1006.109468
[GA][Iter5] Gen:3 Ind:12 RMSE(val)=970.916263
[GA][Iter5] Gen:3 Ind:13 RMSE(val)=944.050120
[GA][Iter5] Gen:3 Ind:14 RMSE(val)=1190.186905
[GA][Iter5] Gen:3 Ind:15 RMSE(val)=1026.124640
[GA][Iter5] Gen:3 Ind:16 RMSE(val)=1052.769497
[GA][Iter5] Gen:3 Ind:17 RMSE(val)=1002.334812
[GA][Iter5] Gen:3 Ind:18 RMSE(val)=1071.564077
[GA][Iter5] Gen:3 Ind:19 RMSE(val)=973.023111
[GA][Iter5] Gen:3 Ind:20 RMSE(val)=1021.261921
[GA][Iter5] gen=3 best_val_rmse=925.736122
[GA][Iter5] Gen:4 Ind:1 RMSE(val)=925.736122
[GA][Iter5] Gen:4 Ind:2 RMSE(val)=940.183202
[GA][Iter5] Gen:4 Ind:3 RMSE(val)=944.050120
[GA][Iter5] Gen:4 Ind:4 RMSE(val)=944.050120
[GA][Iter5] Gen:4 Ind:5 RMSE(val)=944.050120
[GA][Iter5] Gen:4 Ind:6 RMSE(val)=944.050120
[GA][Iter5] Gen:4 Ind:7 RMSE(val)=970.916263
[GA][Iter5] Gen:4 Ind:8 RMSE(val)=973.023111
[GA][Iter5] Gen:4 Ind:9 RMSE(val)=973.023111
[GA][Iter5] Gen:4 Ind:10 RMSE(val)=980.541994
[GA][Iter5] Gen:4 Ind:11 RMSE(val)=959.157771
[GA][Iter5] Gen:4 Ind:12 RMSE(val)=1006.779785
[GA][Iter5] Gen:4 Ind:13 RMSE(val)=1019.508043
[GA][Iter5] Gen:4 Ind:14 RMSE(val)=976.445239
[GA][Iter5] Gen:4 Ind:15 RMSE(val)=970.829978
[GA][Iter5] Gen:4 Ind:16 RMSE(val)=944.050120
[GA][Iter5] Gen:4 Ind:17 RMSE(val)=944.050120
[GA][Iter5] Gen:4 Ind:18 RMSE(val)=944.050120
[GA][Iter5] Gen:4 Ind:19 RMSE(val)=944.050120
[GA][Iter5] Gen:4 Ind:20 RMSE(val)=976.445239
[GA][Iter5] gen=4 best_val_rmse=925.736122
[GA][Iter5] Gen:5 Ind:1 RMSE(val)=925.736122
[GA][Iter5] Gen:5 Ind:2 RMSE(val)=940.183202
[GA][Iter5] Gen:5 Ind:3 RMSE(val)=944.050120
[GA][Iter5] Gen:5 Ind:4 RMSE(val)=944.050120
[GA][Iter5] Gen:5 Ind:5 RMSE(val)=944.050120
[GA][Iter5] Gen:5 Ind:6 RMSE(val)=944.050120
[GA][Iter5] Gen:5 Ind:7 RMSE(val)=944.050120
[GA][Iter5] Gen:5 Ind:8 RMSE(val)=944.050120
[GA][Iter5] Gen:5 Ind:9 RMSE(val)=944.050120
[GA][Iter5] Gen:5 Ind:10 RMSE(val)=944.050120
[GA][Iter5] Gen:5 Ind:11 RMSE(val)=1042.974638
[GA][Iter5] Gen:5 Ind:12 RMSE(val)=944.050120
[GA][Iter5] Gen:5 Ind:13 RMSE(val)=944.050120
[GA][Iter5] Gen:5 Ind:14 RMSE(val)=944.050120
[GA][Iter5] Gen:5 Ind:15 RMSE(val)=976.445239
[GA][Iter5] Gen:5 Ind:16 RMSE(val)=944.050120
[GA][Iter5] Gen:5 Ind:17 RMSE(val)=940.183202
[GA][Iter5] Gen:5 Ind:18 RMSE(val)=970.916263
[GA][Iter5] Gen:5 Ind:19 RMSE(val)=937.448955
[GA][Iter5] Gen:5 Ind:20 RMSE(val)=944.050120
[GA][Iter5] gen=5 best_val_rmse=925.736122
[GA][Iter5] Gen:6 Ind:1 RMSE(val)=925.736122
[GA][Iter5] Gen:6 Ind:2 RMSE(val)=937.448955
[GA][Iter5] Gen:6 Ind:3 RMSE(val)=940.183202
[GA][Iter5] Gen:6 Ind:4 RMSE(val)=940.183202
[GA][Iter5] Gen:6 Ind:5 RMSE(val)=944.050120
[GA][Iter5] Gen:6 Ind:6 RMSE(val)=944.050120
[GA][Iter5] Gen:6 Ind:7 RMSE(val)=944.050120
[GA][Iter5] Gen:6 Ind:8 RMSE(val)=944.050120
[GA][Iter5] Gen:6 Ind:9 RMSE(val)=944.050120
[GA][Iter5] Gen:6 Ind:10 RMSE(val)=944.050120
[GA][Iter5] Gen:6 Ind:11 RMSE(val)=944.050120
[GA][Iter5] Gen:6 Ind:12 RMSE(val)=944.050120
[GA][Iter5] Gen:6 Ind:13 RMSE(val)=944.050120
[GA][Iter5] Gen:6 Ind:14 RMSE(val)=944.050120
[GA][Iter5] Gen:6 Ind:15 RMSE(val)=944.050120
[GA][Iter5] Gen:6 Ind:16 RMSE(val)=1006.925249
[GA][Iter5] Gen:6 Ind:17 RMSE(val)=944.050120
[GA][Iter5] Gen:6 Ind:18 RMSE(val)=977.764314
[GA][Iter5] Gen:6 Ind:19 RMSE(val)=929.228074
[GA][Iter5] Gen:6 Ind:20 RMSE(val)=977.764314
[GA][Iter5] gen=6 best_val_rmse=925.736122
[GA][Iter5] Gen:7 Ind:1 RMSE(val)=925.736122
[GA][Iter5] Gen:7 Ind:2 RMSE(val)=929.228074
[GA][Iter5] Gen:7 Ind:3 RMSE(val)=937.448955
[GA][Iter5] Gen:7 Ind:4 RMSE(val)=940.183202
[GA][Iter5] Gen:7 Ind:5 RMSE(val)=940.183202
[GA][Iter5] Gen:7 Ind:6 RMSE(val)=944.050120
[GA][Iter5] Gen:7 Ind:7 RMSE(val)=944.050120
[GA][Iter5] Gen:7 Ind:8 RMSE(val)=944.050120
[GA][Iter5] Gen:7 Ind:9 RMSE(val)=944.050120
[GA][Iter5] Gen:7 Ind:10 RMSE(val)=944.050120
[GA][Iter5] Gen:7 Ind:11 RMSE(val)=970.829978
[GA][Iter5] Gen:7 Ind:12 RMSE(val)=929.228074
[GA][Iter5] Gen:7 Ind:13 RMSE(val)=944.050120
[GA][Iter5] Gen:7 Ind:14 RMSE(val)=944.050120
[GA][Iter5] Gen:7 Ind:15 RMSE(val)=937.448955
[GA][Iter5] Gen:7 Ind:16 RMSE(val)=970.829978
[GA][Iter5] Gen:7 Ind:17 RMSE(val)=944.050120
[GA][Iter5] Gen:7 Ind:18 RMSE(val)=970.829978
[GA][Iter5] Gen:7 Ind:19 RMSE(val)=944.050120
[GA][Iter5] Gen:7 Ind:20 RMSE(val)=944.050120
[GA][Iter5] gen=7 best_val_rmse=925.736122
[GA][Iter5] Gen:8 Ind:1 RMSE(val)=925.736122
[GA][Iter5] Gen:8 Ind:2 RMSE(val)=929.228074
[GA][Iter5] Gen:8 Ind:3 RMSE(val)=929.228074
[GA][Iter5] Gen:8 Ind:4 RMSE(val)=937.448955
[GA][Iter5] Gen:8 Ind:5 RMSE(val)=937.448955
[GA][Iter5] Gen:8 Ind:6 RMSE(val)=940.183202
[GA][Iter5] Gen:8 Ind:7 RMSE(val)=940.183202
[GA][Iter5] Gen:8 Ind:8 RMSE(val)=944.050120
[GA][Iter5] Gen:8 Ind:9 RMSE(val)=944.050120
[GA][Iter5] Gen:8 Ind:10 RMSE(val)=944.050120
[GA][Iter5] Gen:8 Ind:11 RMSE(val)=944.050120
[GA][Iter5] Gen:8 Ind:12 RMSE(val)=929.228074
[GA][Iter5] Gen:8 Ind:13 RMSE(val)=937.448955
[GA][Iter5] Gen:8 Ind:14 RMSE(val)=944.050120
[GA][Iter5] Gen:8 Ind:15 RMSE(val)=929.228074
[GA][Iter5] Gen:8 Ind:16 RMSE(val)=944.050120
[GA][Iter5] Gen:8 Ind:17 RMSE(val)=922.573511
[GA][Iter5] Gen:8 Ind:18 RMSE(val)=937.448955
[GA][Iter5] Gen:8 Ind:19 RMSE(val)=929.228074
[GA][Iter5] Gen:8 Ind:20 RMSE(val)=940.183202
[GA][Iter5] gen=8 best_val_rmse=922.573511
[GA][Iter5] Gen:9 Ind:1 RMSE(val)=922.573511
[GA][Iter5] Gen:9 Ind:2 RMSE(val)=925.736122
[GA][Iter5] Gen:9 Ind:3 RMSE(val)=929.228074
[GA][Iter5] Gen:9 Ind:4 RMSE(val)=929.228074
[GA][Iter5] Gen:9 Ind:5 RMSE(val)=929.228074
[GA][Iter5] Gen:9 Ind:6 RMSE(val)=929.228074
[GA][Iter5] Gen:9 Ind:7 RMSE(val)=929.228074
[GA][Iter5] Gen:9 Ind:8 RMSE(val)=937.448955
[GA][Iter5] Gen:9 Ind:9 RMSE(val)=937.448955
[GA][Iter5] Gen:9 Ind:10 RMSE(val)=937.448955
[GA][Iter5] Gen:9 Ind:11 RMSE(val)=922.573511
[GA][Iter5] Gen:9 Ind:12 RMSE(val)=929.228074
[GA][Iter5] Gen:9 Ind:13 RMSE(val)=937.448955
[GA][Iter5] Gen:9 Ind:14 RMSE(val)=922.715092
[GA][Iter5] Gen:9 Ind:15 RMSE(val)=929.415750
[GA][Iter5] Gen:9 Ind:16 RMSE(val)=1108.222708
[GA][Iter5] Gen:9 Ind:17 RMSE(val)=980.381959
[GA][Iter5] Gen:9 Ind:18 RMSE(val)=1001.839823
[GA][Iter5] Gen:9 Ind:19 RMSE(val)=929.228074
[GA][Iter5] Gen:9 Ind:20 RMSE(val)=929.228074
[GA][Iter5] gen=9 best_val_rmse=922.573511
[GA][Iter5] Gen:10 Ind:1 RMSE(val)=922.573511
[GA][Iter5] Gen:10 Ind:2 RMSE(val)=922.573511
[GA][Iter5] Gen:10 Ind:3 RMSE(val)=922.715092
[GA][Iter5] Gen:10 Ind:4 RMSE(val)=925.736122
[GA][Iter5] Gen:10 Ind:5 RMSE(val)=929.228074
[GA][Iter5] Gen:10 Ind:6 RMSE(val)=929.228074
[GA][Iter5] Gen:10 Ind:7 RMSE(val)=929.228074
[GA][Iter5] Gen:10 Ind:8 RMSE(val)=929.228074
[GA][Iter5] Gen:10 Ind:9 RMSE(val)=929.228074
[GA][Iter5] Gen:10 Ind:10 RMSE(val)=929.228074
[GA][Iter5] Gen:10 Ind:11 RMSE(val)=1006.779785
[GA][Iter5] Gen:10 Ind:12 RMSE(val)=937.268403
[GA][Iter5] Gen:10 Ind:13 RMSE(val)=937.448955
[GA][Iter5] Gen:10 Ind:14 RMSE(val)=922.573511
[GA][Iter5] Gen:10 Ind:15 RMSE(val)=922.573511
[GA][Iter5] Gen:10 Ind:16 RMSE(val)=925.736122
[GA][Iter5] Gen:10 Ind:17 RMSE(val)=929.228074
[GA][Iter5] Gen:10 Ind:18 RMSE(val)=980.381959
[GA][Iter5] Gen:10 Ind:19 RMSE(val)=1081.228010
[GA][Iter5] Gen:10 Ind:20 RMSE(val)=929.228074
[GA][Iter5] gen=10 best_val_rmse=922.573511
[GA][Iter5] Gen:11 Ind:1 RMSE(val)=922.573511
[GA][Iter5] Gen:11 Ind:2 RMSE(val)=922.573511
[GA][Iter5] Gen:11 Ind:3 RMSE(val)=922.573511
[GA][Iter5] Gen:11 Ind:4 RMSE(val)=922.573511
[GA][Iter5] Gen:11 Ind:5 RMSE(val)=922.715092
[GA][Iter5] Gen:11 Ind:6 RMSE(val)=925.736122
[GA][Iter5] Gen:11 Ind:7 RMSE(val)=925.736122
[GA][Iter5] Gen:11 Ind:8 RMSE(val)=929.228074
[GA][Iter5] Gen:11 Ind:9 RMSE(val)=929.228074
[GA][Iter5] Gen:11 Ind:10 RMSE(val)=929.228074
[GA][Iter5] Gen:11 Ind:11 RMSE(val)=929.228074
[GA][Iter5] Gen:11 Ind:12 RMSE(val)=922.573511
[GA][Iter5] Gen:11 Ind:13 RMSE(val)=922.573511
[GA][Iter5] Gen:11 Ind:14 RMSE(val)=929.228074
[GA][Iter5] Gen:11 Ind:15 RMSE(val)=977.764314
[GA][Iter5] Gen:11 Ind:16 RMSE(val)=1085.293763
[GA][Iter5] Gen:11 Ind:17 RMSE(val)=929.228074
[GA][Iter5] Gen:11 Ind:18 RMSE(val)=937.448955
[GA][Iter5] Gen:11 Ind:19 RMSE(val)=922.573511
[GA][Iter5] Gen:11 Ind:20 RMSE(val)=922.573511
[GA][Iter5] gen=11 best_val_rmse=922.573511
[GA][Iter5] Gen:12 Ind:1 RMSE(val)=922.573511
[GA][Iter5] Gen:12 Ind:2 RMSE(val)=922.573511
[GA][Iter5] Gen:12 Ind:3 RMSE(val)=922.573511
[GA][Iter5] Gen:12 Ind:4 RMSE(val)=922.573511
[GA][Iter5] Gen:12 Ind:5 RMSE(val)=922.573511
[GA][Iter5] Gen:12 Ind:6 RMSE(val)=922.573511
[GA][Iter5] Gen:12 Ind:7 RMSE(val)=922.573511
[GA][Iter5] Gen:12 Ind:8 RMSE(val)=922.573511
[GA][Iter5] Gen:12 Ind:9 RMSE(val)=922.715092
[GA][Iter5] Gen:12 Ind:10 RMSE(val)=925.736122
[GA][Iter5] Gen:12 Ind:11 RMSE(val)=922.573511
[GA][Iter5] Gen:12 Ind:12 RMSE(val)=1110.276356
[GA][Iter5] Gen:12 Ind:13 RMSE(val)=922.573511
[GA][Iter5] Gen:12 Ind:14 RMSE(val)=922.573511
[GA][Iter5] Gen:12 Ind:15 RMSE(val)=925.736122
[GA][Iter5] Gen:12 Ind:16 RMSE(val)=922.573511
[GA][Iter5] Gen:12 Ind:17 RMSE(val)=922.573511
[GA][Iter5] Gen:12 Ind:18 RMSE(val)=922.573511
[GA][Iter5] Gen:12 Ind:19 RMSE(val)=922.573511
[GA][Iter5] Gen:12 Ind:20 RMSE(val)=922.573511
[GA][Iter5] gen=12 best_val_rmse=922.573511
[GA][Iter5] Gen:13 Ind:1 RMSE(val)=922.573511
[GA][Iter5] Gen:13 Ind:2 RMSE(val)=922.573511
[GA][Iter5] Gen:13 Ind:3 RMSE(val)=922.573511
[GA][Iter5] Gen:13 Ind:4 RMSE(val)=922.573511
[GA][Iter5] Gen:13 Ind:5 RMSE(val)=922.573511
[GA][Iter5] Gen:13 Ind:6 RMSE(val)=922.573511
[GA][Iter5] Gen:13 Ind:7 RMSE(val)=922.573511
[GA][Iter5] Gen:13 Ind:8 RMSE(val)=922.573511
[GA][Iter5] Gen:13 Ind:9 RMSE(val)=922.573511
[GA][Iter5] Gen:13 Ind:10 RMSE(val)=922.573511
[GA][Iter5] Gen:13 Ind:11 RMSE(val)=922.573511
[GA][Iter5] Gen:13 Ind:12 RMSE(val)=922.573511
[GA][Iter5] Gen:13 Ind:13 RMSE(val)=922.573511
[GA][Iter5] Gen:13 Ind:14 RMSE(val)=922.573511
[GA][Iter5] Gen:13 Ind:15 RMSE(val)=922.573511
[GA][Iter5] Gen:13 Ind:16 RMSE(val)=922.573511
[GA][Iter5] Gen:13 Ind:17 RMSE(val)=922.573511
[GA][Iter5] Gen:13 Ind:18 RMSE(val)=922.573511
[GA][Iter5] Gen:13 Ind:19 RMSE(val)=922.573511
[GA][Iter5] Gen:13 Ind:20 RMSE(val)=922.573511
[GA][Iter5] gen=13 best_val_rmse=922.573511
[GA][Iter5] Gen:14 Ind:1 RMSE(val)=922.573511
[GA][Iter5] Gen:14 Ind:2 RMSE(val)=922.573511
[GA][Iter5] Gen:14 Ind:3 RMSE(val)=922.573511
[GA][Iter5] Gen:14 Ind:4 RMSE(val)=922.573511
[GA][Iter5] Gen:14 Ind:5 RMSE(val)=922.573511
[GA][Iter5] Gen:14 Ind:6 RMSE(val)=922.573511
[GA][Iter5] Gen:14 Ind:7 RMSE(val)=922.573511
[GA][Iter5] Gen:14 Ind:8 RMSE(val)=922.573511
[GA][Iter5] Gen:14 Ind:9 RMSE(val)=922.573511
[GA][Iter5] Gen:14 Ind:10 RMSE(val)=922.573511
[GA][Iter5] Gen:14 Ind:11 RMSE(val)=922.573511
[GA][Iter5] Gen:14 Ind:12 RMSE(val)=922.573511
[GA][Iter5] Gen:14 Ind:13 RMSE(val)=922.573511
[GA][Iter5] Gen:14 Ind:14 RMSE(val)=922.573511
[GA][Iter5] Gen:14 Ind:15 RMSE(val)=922.573511
[GA][Iter5] Gen:14 Ind:16 RMSE(val)=1035.182059
[GA][Iter5] Gen:14 Ind:17 RMSE(val)=922.574351
[GA][Iter5] Gen:14 Ind:18 RMSE(val)=922.573511
[GA][Iter5] Gen:14 Ind:19 RMSE(val)=922.573511
[GA][Iter5] Gen:14 Ind:20 RMSE(val)=922.573511
[GA][Iter5] gen=14 best_val_rmse=922.573511
[GA][Iter5] Gen:15 Ind:1 RMSE(val)=922.573511
[GA][Iter5] Gen:15 Ind:2 RMSE(val)=922.573511
[GA][Iter5] Gen:15 Ind:3 RMSE(val)=922.573511
[GA][Iter5] Gen:15 Ind:4 RMSE(val)=922.573511
[GA][Iter5] Gen:15 Ind:5 RMSE(val)=922.573511
[GA][Iter5] Gen:15 Ind:6 RMSE(val)=922.573511
[GA][Iter5] Gen:15 Ind:7 RMSE(val)=922.573511
[GA][Iter5] Gen:15 Ind:8 RMSE(val)=922.573511
[GA][Iter5] Gen:15 Ind:9 RMSE(val)=922.573511
[GA][Iter5] Gen:15 Ind:10 RMSE(val)=922.573511
[GA][Iter5] Gen:15 Ind:11 RMSE(val)=922.573511
[GA][Iter5] Gen:15 Ind:12 RMSE(val)=922.573511
[GA][Iter5] Gen:15 Ind:13 RMSE(val)=922.573511
[GA][Iter5] Gen:15 Ind:14 RMSE(val)=922.573511
[GA][Iter5] Gen:15 Ind:15 RMSE(val)=922.573511
[GA][Iter5] Gen:15 Ind:16 RMSE(val)=1035.182059
[GA][Iter5] Gen:15 Ind:17 RMSE(val)=922.573511
[GA][Iter5] Gen:15 Ind:18 RMSE(val)=922.573511
[GA][Iter5] Gen:15 Ind:19 RMSE(val)=922.573511
[GA][Iter5] Gen:15 Ind:20 RMSE(val)=922.573511
[GA][Iter5] gen=15 best_val_rmse=922.573511
[GA][Iter5] Gen:15 Ind:1 RMSE(val)=922.573511
[GA][Iter5] Gen:15 Ind:2 RMSE(val)=922.573511
[GA][Iter5] Gen:15 Ind:3 RMSE(val)=922.573511
[GA][Iter5] Gen:15 Ind:4 RMSE(val)=922.573511
[GA][Iter5] Gen:15 Ind:5 RMSE(val)=922.573511
[GA][Iter5] Gen:15 Ind:6 RMSE(val)=922.573511
[GA][Iter5] Gen:15 Ind:7 RMSE(val)=922.573511
[GA][Iter5] Gen:15 Ind:8 RMSE(val)=922.573511
[GA][Iter5] Gen:15 Ind:9 RMSE(val)=922.573511
[GA][Iter5] Gen:15 Ind:10 RMSE(val)=922.573511
[GA][Iter5] Gen:15 Ind:11 RMSE(val)=980.381959
[GA][Iter5] Gen:15 Ind:12 RMSE(val)=922.573511
[GA][Iter5] Gen:15 Ind:13 RMSE(val)=922.573511
[GA][Iter5] Gen:15 Ind:14 RMSE(val)=922.573511
[GA][Iter5] Gen:15 Ind:15 RMSE(val)=922.573511
[GA][Iter5] Gen:15 Ind:16 RMSE(val)=922.573511
[GA][Iter5] Gen:15 Ind:17 RMSE(val)=1035.182059
[GA][Iter5] Gen:15 Ind:18 RMSE(val)=922.573511
[GA][Iter5] Gen:15 Ind:19 RMSE(val)=922.573511
[GA][Iter5] Gen:15 Ind:20 RMSE(val)=905.970820

[GA DONE][Iter5] Best params on val fold of Iter5
Best val RMSE: 905.970820
Best params: {'max_depth': 41, 'min_samples_split': 41, 'min_samples_leaf': 15, 'max_features': 'log2', 'splitter': 'best', 'criterion': 'squared_error'}
--------------------------------------------------------------------------------
[RETUNE GA] Iter5: train folds 1..9 -> test fold 10  RMSE=1324.479482  NRMSE=0.838387  CVRMSE=0.473702  R2=0.284555
