=== BASELINE (project=bmad, last-7 mean, expanding folds) ===
Iter1: train folds 1..5 -> test fold 6  RMSE=74.6603  NRMSE=1.0596  CVRMSE=0.0747  R˛=-0.1357
Iter2: train folds 1..6 -> test fold 7  RMSE=52.7729  NRMSE=0.8501  CVRMSE=0.0510  R˛=0.2688
Iter3: train folds 1..7 -> test fold 8  RMSE=49.9589  NRMSE=1.0781  CVRMSE=0.0440  R˛=-0.1760
Iter4: train folds 1..8 -> test fold 9  RMSE=98.8492  NRMSE=1.0715  CVRMSE=0.0853  R˛=-0.1617
Iter5: train folds 1..9 -> test fold 10  RMSE=38.9277  NRMSE=1.0721  CVRMSE=0.0338  R˛=-0.1629
--------------------------------------------------
[FEATURES] initial=174 kept_after_screening=72
['branch', 'issuer_name', 'gh_files_added', 'gh_files_deleted', 'gh_tests_deleted', 'gh_src_churn', 'gh_is_pr', 'gh_description_complexity', 'gh_src_files', 'gh_doc_files', 'gh_other_files', 'gh_commits_on_files_touched', 'gh_num_pr_comments', 'gh_test_lines_per_kloc', 'hour', 'dow', 'month', 'secs_since_prev', 'duration_lag_1', 'window_avg_7', 'window_std_7', 'ft___LIST_', 'ft___TXT_', 'ft___beam__', 'ft___bmad_', 'ft___bmad__', 'ft___bmad_optics_matching_', 'ft___correct_', 'ft___cpp__', 'ft___f90_', 'ft___f90__', 'ft___grid_field__', 'ft___h_', 'ft___html_', 'ft___in_', 'ft___init_', 'ft___init__', 'ft___jpg_', 'ft___json__', 'ft___lat_', 'ft___md_', 'ft___namelist_', 'ft___namelist__', 'ft___npz_', 'ft___pdf__', 'ft___pl_', 'ft___py_', 'ft___py__', 'ft___startup_', 'ft___tex_', 'ft___tex__', 'ft___tex____dup1', 'ft___txt_', 'ft___wake__', 'ft___yml__', 'ft____bmad_', 'ft____bmad__', 'ft____bmad____dup1', 'ft____cmake__', 'ft____correct__', 'ft____cpp__', 'ft____f90_', 'ft____init_', 'ft____md__', 'ft____namelist_', 'ft____py_', 'ft____py__', 'ft____tao_', 'ft____tex__', 'ft____tex____dup1', 'ft____yml__', 'ft___']
--------------------------------------------------------------------------------
[GA][Iter1] Gen:1 Ind:1 RMSE(val)=72.312830
[GA][Iter1] Gen:1 Ind:2 RMSE(val)=64.417282
[GA][Iter1] Gen:1 Ind:3 RMSE(val)=68.750769
[GA][Iter1] Gen:1 Ind:4 RMSE(val)=81.553839
[GA][Iter1] Gen:1 Ind:5 RMSE(val)=82.170698
[GA][Iter1] Gen:1 Ind:6 RMSE(val)=64.417282
[GA][Iter1] Gen:1 Ind:7 RMSE(val)=62.955972
[GA][Iter1] Gen:1 Ind:8 RMSE(val)=68.637053
[GA][Iter1] Gen:1 Ind:9 RMSE(val)=68.035699
[GA][Iter1] Gen:1 Ind:10 RMSE(val)=79.914340
[GA][Iter1] Gen:1 Ind:11 RMSE(val)=62.322262
[GA][Iter1] Gen:1 Ind:12 RMSE(val)=64.731684
[GA][Iter1] Gen:1 Ind:13 RMSE(val)=72.979114
[GA][Iter1] Gen:1 Ind:14 RMSE(val)=65.806139
[GA][Iter1] Gen:1 Ind:15 RMSE(val)=88.103926
[GA][Iter1] Gen:1 Ind:16 RMSE(val)=86.753263
[GA][Iter1] Gen:1 Ind:17 RMSE(val)=96.155645
[GA][Iter1] Gen:1 Ind:18 RMSE(val)=62.150277
[GA][Iter1] Gen:1 Ind:19 RMSE(val)=73.572565
[GA][Iter1] Gen:1 Ind:20 RMSE(val)=64.731684
[GA][Iter1] gen=1 best_val_rmse=62.150277
[GA][Iter1] Gen:2 Ind:1 RMSE(val)=62.150277
[GA][Iter1] Gen:2 Ind:2 RMSE(val)=62.322262
[GA][Iter1] Gen:2 Ind:3 RMSE(val)=62.955972
[GA][Iter1] Gen:2 Ind:4 RMSE(val)=64.417282
[GA][Iter1] Gen:2 Ind:5 RMSE(val)=64.417282
[GA][Iter1] Gen:2 Ind:6 RMSE(val)=64.731684
[GA][Iter1] Gen:2 Ind:7 RMSE(val)=64.731684
[GA][Iter1] Gen:2 Ind:8 RMSE(val)=65.806139
[GA][Iter1] Gen:2 Ind:9 RMSE(val)=68.035699
[GA][Iter1] Gen:2 Ind:10 RMSE(val)=68.637053
[GA][Iter1] Gen:2 Ind:11 RMSE(val)=64.417282
[GA][Iter1] Gen:2 Ind:12 RMSE(val)=65.525497
[GA][Iter1] Gen:2 Ind:13 RMSE(val)=68.035699
[GA][Iter1] Gen:2 Ind:14 RMSE(val)=62.544360
[GA][Iter1] Gen:2 Ind:15 RMSE(val)=65.525497
[GA][Iter1] Gen:2 Ind:16 RMSE(val)=80.213256
[GA][Iter1] Gen:2 Ind:17 RMSE(val)=66.839744
[GA][Iter1] Gen:2 Ind:18 RMSE(val)=68.035699
[GA][Iter1] Gen:2 Ind:19 RMSE(val)=62.740993
[GA][Iter1] Gen:2 Ind:20 RMSE(val)=62.150277
[GA][Iter1] gen=2 best_val_rmse=62.150277
[GA][Iter1] Gen:3 Ind:1 RMSE(val)=62.150277
[GA][Iter1] Gen:3 Ind:2 RMSE(val)=62.150277
[GA][Iter1] Gen:3 Ind:3 RMSE(val)=62.322262
[GA][Iter1] Gen:3 Ind:4 RMSE(val)=62.544360
[GA][Iter1] Gen:3 Ind:5 RMSE(val)=62.740993
[GA][Iter1] Gen:3 Ind:6 RMSE(val)=62.955972
[GA][Iter1] Gen:3 Ind:7 RMSE(val)=64.417282
[GA][Iter1] Gen:3 Ind:8 RMSE(val)=64.417282
[GA][Iter1] Gen:3 Ind:9 RMSE(val)=64.417282
[GA][Iter1] Gen:3 Ind:10 RMSE(val)=64.731684
[GA][Iter1] Gen:3 Ind:11 RMSE(val)=64.731684
[GA][Iter1] Gen:3 Ind:12 RMSE(val)=62.150277
[GA][Iter1] Gen:3 Ind:13 RMSE(val)=62.544360
[GA][Iter1] Gen:3 Ind:14 RMSE(val)=62.150277
[GA][Iter1] Gen:3 Ind:15 RMSE(val)=62.544360
[GA][Iter1] Gen:3 Ind:16 RMSE(val)=60.760790
[GA][Iter1] Gen:3 Ind:17 RMSE(val)=62.322262
[GA][Iter1] Gen:3 Ind:18 RMSE(val)=64.417282
[GA][Iter1] Gen:3 Ind:19 RMSE(val)=62.544360
[GA][Iter1] Gen:3 Ind:20 RMSE(val)=80.389973
[GA][Iter1] gen=3 best_val_rmse=60.760790
[GA][Iter1] Gen:4 Ind:1 RMSE(val)=60.760790
[GA][Iter1] Gen:4 Ind:2 RMSE(val)=62.150277
[GA][Iter1] Gen:4 Ind:3 RMSE(val)=62.150277
[GA][Iter1] Gen:4 Ind:4 RMSE(val)=62.150277
[GA][Iter1] Gen:4 Ind:5 RMSE(val)=62.150277
[GA][Iter1] Gen:4 Ind:6 RMSE(val)=62.322262
[GA][Iter1] Gen:4 Ind:7 RMSE(val)=62.322262
[GA][Iter1] Gen:4 Ind:8 RMSE(val)=62.544360
[GA][Iter1] Gen:4 Ind:9 RMSE(val)=62.544360
[GA][Iter1] Gen:4 Ind:10 RMSE(val)=62.544360
[GA][Iter1] Gen:4 Ind:11 RMSE(val)=62.544360
[GA][Iter1] Gen:4 Ind:12 RMSE(val)=62.150277
[GA][Iter1] Gen:4 Ind:13 RMSE(val)=64.731684
[GA][Iter1] Gen:4 Ind:14 RMSE(val)=62.544360
[GA][Iter1] Gen:4 Ind:15 RMSE(val)=62.322262
[GA][Iter1] Gen:4 Ind:16 RMSE(val)=62.544360
[GA][Iter1] Gen:4 Ind:17 RMSE(val)=62.656825
[GA][Iter1] Gen:4 Ind:18 RMSE(val)=62.150277
[GA][Iter1] Gen:4 Ind:19 RMSE(val)=62.150277
[GA][Iter1] Gen:4 Ind:20 RMSE(val)=62.544360
[GA][Iter1] gen=4 best_val_rmse=60.760790
[GA][Iter1] Gen:5 Ind:1 RMSE(val)=60.760790
[GA][Iter1] Gen:5 Ind:2 RMSE(val)=62.150277
[GA][Iter1] Gen:5 Ind:3 RMSE(val)=62.150277
[GA][Iter1] Gen:5 Ind:4 RMSE(val)=62.150277
[GA][Iter1] Gen:5 Ind:5 RMSE(val)=62.150277
[GA][Iter1] Gen:5 Ind:6 RMSE(val)=62.150277
[GA][Iter1] Gen:5 Ind:7 RMSE(val)=62.150277
[GA][Iter1] Gen:5 Ind:8 RMSE(val)=62.150277
[GA][Iter1] Gen:5 Ind:9 RMSE(val)=62.322262
[GA][Iter1] Gen:5 Ind:10 RMSE(val)=62.322262
[GA][Iter1] Gen:5 Ind:11 RMSE(val)=64.417282
[GA][Iter1] Gen:5 Ind:12 RMSE(val)=65.525497
[GA][Iter1] Gen:5 Ind:13 RMSE(val)=62.150277
[GA][Iter1] Gen:5 Ind:14 RMSE(val)=62.997924
[GA][Iter1] Gen:5 Ind:15 RMSE(val)=65.637785
[GA][Iter1] Gen:5 Ind:16 RMSE(val)=65.525497
[GA][Iter1] Gen:5 Ind:17 RMSE(val)=62.451636
[GA][Iter1] Gen:5 Ind:18 RMSE(val)=62.150277
[GA][Iter1] Gen:5 Ind:19 RMSE(val)=62.839247
[GA][Iter1] Gen:5 Ind:20 RMSE(val)=62.150277
[GA][Iter1] gen=5 best_val_rmse=60.760790
[GA][Iter1] Gen:6 Ind:1 RMSE(val)=60.760790
[GA][Iter1] Gen:6 Ind:2 RMSE(val)=62.150277
[GA][Iter1] Gen:6 Ind:3 RMSE(val)=62.150277
[GA][Iter1] Gen:6 Ind:4 RMSE(val)=62.150277
[GA][Iter1] Gen:6 Ind:5 RMSE(val)=62.150277
[GA][Iter1] Gen:6 Ind:6 RMSE(val)=62.150277
[GA][Iter1] Gen:6 Ind:7 RMSE(val)=62.150277
[GA][Iter1] Gen:6 Ind:8 RMSE(val)=62.150277
[GA][Iter1] Gen:6 Ind:9 RMSE(val)=62.150277
[GA][Iter1] Gen:6 Ind:10 RMSE(val)=62.150277
[GA][Iter1] Gen:6 Ind:11 RMSE(val)=62.150277
[GA][Iter1] Gen:6 Ind:12 RMSE(val)=62.150277
[GA][Iter1] Gen:6 Ind:13 RMSE(val)=62.150277
[GA][Iter1] Gen:6 Ind:14 RMSE(val)=62.150277
[GA][Iter1] Gen:6 Ind:15 RMSE(val)=62.150277
[GA][Iter1] Gen:6 Ind:16 RMSE(val)=62.150277
[GA][Iter1] Gen:6 Ind:17 RMSE(val)=62.150277
[GA][Iter1] Gen:6 Ind:18 RMSE(val)=62.544360
[GA][Iter1] Gen:6 Ind:19 RMSE(val)=62.150277
[GA][Iter1] Gen:6 Ind:20 RMSE(val)=64.731684
[GA][Iter1] gen=6 best_val_rmse=60.760790
[GA][Iter1] Gen:7 Ind:1 RMSE(val)=60.760790
[GA][Iter1] Gen:7 Ind:2 RMSE(val)=62.150277
[GA][Iter1] Gen:7 Ind:3 RMSE(val)=62.150277
[GA][Iter1] Gen:7 Ind:4 RMSE(val)=62.150277
[GA][Iter1] Gen:7 Ind:5 RMSE(val)=62.150277
[GA][Iter1] Gen:7 Ind:6 RMSE(val)=62.150277
[GA][Iter1] Gen:7 Ind:7 RMSE(val)=62.150277
[GA][Iter1] Gen:7 Ind:8 RMSE(val)=62.150277
[GA][Iter1] Gen:7 Ind:9 RMSE(val)=62.150277
[GA][Iter1] Gen:7 Ind:10 RMSE(val)=62.150277
[GA][Iter1] Gen:7 Ind:11 RMSE(val)=62.150277
[GA][Iter1] Gen:7 Ind:12 RMSE(val)=62.997924
[GA][Iter1] Gen:7 Ind:13 RMSE(val)=62.150277
[GA][Iter1] Gen:7 Ind:14 RMSE(val)=62.150277
[GA][Iter1] Gen:7 Ind:15 RMSE(val)=62.150277
[GA][Iter1] Gen:7 Ind:16 RMSE(val)=62.150277
[GA][Iter1] Gen:7 Ind:17 RMSE(val)=62.150277
[GA][Iter1] Gen:7 Ind:18 RMSE(val)=62.150277
[GA][Iter1] Gen:7 Ind:19 RMSE(val)=62.150277
[GA][Iter1] Gen:7 Ind:20 RMSE(val)=69.200171
[GA][Iter1] gen=7 best_val_rmse=60.760790
[GA][Iter1] Gen:8 Ind:1 RMSE(val)=60.760790
[GA][Iter1] Gen:8 Ind:2 RMSE(val)=62.150277
[GA][Iter1] Gen:8 Ind:3 RMSE(val)=62.150277
[GA][Iter1] Gen:8 Ind:4 RMSE(val)=62.150277
[GA][Iter1] Gen:8 Ind:5 RMSE(val)=62.150277
[GA][Iter1] Gen:8 Ind:6 RMSE(val)=62.150277
[GA][Iter1] Gen:8 Ind:7 RMSE(val)=62.150277
[GA][Iter1] Gen:8 Ind:8 RMSE(val)=62.150277
[GA][Iter1] Gen:8 Ind:9 RMSE(val)=62.150277
[GA][Iter1] Gen:8 Ind:10 RMSE(val)=62.150277
[GA][Iter1] Gen:8 Ind:11 RMSE(val)=62.150277
[GA][Iter1] Gen:8 Ind:12 RMSE(val)=62.150277
[GA][Iter1] Gen:8 Ind:13 RMSE(val)=62.150277
[GA][Iter1] Gen:8 Ind:14 RMSE(val)=62.150277
[GA][Iter1] Gen:8 Ind:15 RMSE(val)=62.150277
[GA][Iter1] Gen:8 Ind:16 RMSE(val)=62.150277
[GA][Iter1] Gen:8 Ind:17 RMSE(val)=62.150277
[GA][Iter1] Gen:8 Ind:18 RMSE(val)=62.150277
[GA][Iter1] Gen:8 Ind:19 RMSE(val)=62.150277
[GA][Iter1] Gen:8 Ind:20 RMSE(val)=62.150277
[GA][Iter1] gen=8 best_val_rmse=60.760790
[GA][Iter1] Gen:9 Ind:1 RMSE(val)=60.760790
[GA][Iter1] Gen:9 Ind:2 RMSE(val)=62.150277
[GA][Iter1] Gen:9 Ind:3 RMSE(val)=62.150277
[GA][Iter1] Gen:9 Ind:4 RMSE(val)=62.150277
[GA][Iter1] Gen:9 Ind:5 RMSE(val)=62.150277
[GA][Iter1] Gen:9 Ind:6 RMSE(val)=62.150277
[GA][Iter1] Gen:9 Ind:7 RMSE(val)=62.150277
[GA][Iter1] Gen:9 Ind:8 RMSE(val)=62.150277
[GA][Iter1] Gen:9 Ind:9 RMSE(val)=62.150277
[GA][Iter1] Gen:9 Ind:10 RMSE(val)=62.150277
[GA][Iter1] Gen:9 Ind:11 RMSE(val)=62.839247
[GA][Iter1] Gen:9 Ind:12 RMSE(val)=62.150277
[GA][Iter1] Gen:9 Ind:13 RMSE(val)=62.451636
[GA][Iter1] Gen:9 Ind:14 RMSE(val)=62.546534
[GA][Iter1] Gen:9 Ind:15 RMSE(val)=62.150277
[GA][Iter1] Gen:9 Ind:16 RMSE(val)=65.637785
[GA][Iter1] Gen:9 Ind:17 RMSE(val)=65.637785
[GA][Iter1] Gen:9 Ind:18 RMSE(val)=62.150277
[GA][Iter1] Gen:9 Ind:19 RMSE(val)=62.150277
[GA][Iter1] Gen:9 Ind:20 RMSE(val)=62.150277
[GA][Iter1] gen=9 best_val_rmse=60.760790
[GA][Iter1] Gen:10 Ind:1 RMSE(val)=60.760790
[GA][Iter1] Gen:10 Ind:2 RMSE(val)=62.150277
[GA][Iter1] Gen:10 Ind:3 RMSE(val)=62.150277
[GA][Iter1] Gen:10 Ind:4 RMSE(val)=62.150277
[GA][Iter1] Gen:10 Ind:5 RMSE(val)=62.150277
[GA][Iter1] Gen:10 Ind:6 RMSE(val)=62.150277
[GA][Iter1] Gen:10 Ind:7 RMSE(val)=62.150277
[GA][Iter1] Gen:10 Ind:8 RMSE(val)=62.150277
[GA][Iter1] Gen:10 Ind:9 RMSE(val)=62.150277
[GA][Iter1] Gen:10 Ind:10 RMSE(val)=62.150277
[GA][Iter1] Gen:10 Ind:11 RMSE(val)=62.150277
[GA][Iter1] Gen:10 Ind:12 RMSE(val)=62.150277
[GA][Iter1] Gen:10 Ind:13 RMSE(val)=62.150277
[GA][Iter1] Gen:10 Ind:14 RMSE(val)=64.731684
[GA][Iter1] Gen:10 Ind:15 RMSE(val)=62.150277
[GA][Iter1] Gen:10 Ind:16 RMSE(val)=62.150277
[GA][Iter1] Gen:10 Ind:17 RMSE(val)=62.997924
[GA][Iter1] Gen:10 Ind:18 RMSE(val)=65.637785
[GA][Iter1] Gen:10 Ind:19 RMSE(val)=62.150277
[GA][Iter1] Gen:10 Ind:20 RMSE(val)=62.815731
[GA][Iter1] gen=10 best_val_rmse=60.760790
[GA][Iter1] Gen:11 Ind:1 RMSE(val)=60.760790
[GA][Iter1] Gen:11 Ind:2 RMSE(val)=62.150277
[GA][Iter1] Gen:11 Ind:3 RMSE(val)=62.150277
[GA][Iter1] Gen:11 Ind:4 RMSE(val)=62.150277
[GA][Iter1] Gen:11 Ind:5 RMSE(val)=62.150277
[GA][Iter1] Gen:11 Ind:6 RMSE(val)=62.150277
[GA][Iter1] Gen:11 Ind:7 RMSE(val)=62.150277
[GA][Iter1] Gen:11 Ind:8 RMSE(val)=62.150277
[GA][Iter1] Gen:11 Ind:9 RMSE(val)=62.150277
[GA][Iter1] Gen:11 Ind:10 RMSE(val)=62.150277
[GA][Iter1] Gen:11 Ind:11 RMSE(val)=62.150277
[GA][Iter1] Gen:11 Ind:12 RMSE(val)=60.760790
[GA][Iter1] Gen:11 Ind:13 RMSE(val)=62.150277
[GA][Iter1] Gen:11 Ind:14 RMSE(val)=62.150277
[GA][Iter1] Gen:11 Ind:15 RMSE(val)=62.150277
[GA][Iter1] Gen:11 Ind:16 RMSE(val)=62.150277
[GA][Iter1] Gen:11 Ind:17 RMSE(val)=62.150277
[GA][Iter1] Gen:11 Ind:18 RMSE(val)=62.150277
[GA][Iter1] Gen:11 Ind:19 RMSE(val)=62.150277
[GA][Iter1] Gen:11 Ind:20 RMSE(val)=62.150277
[GA][Iter1] gen=11 best_val_rmse=60.760790
[GA][Iter1] Gen:12 Ind:1 RMSE(val)=60.760790
[GA][Iter1] Gen:12 Ind:2 RMSE(val)=60.760790
[GA][Iter1] Gen:12 Ind:3 RMSE(val)=62.150277
[GA][Iter1] Gen:12 Ind:4 RMSE(val)=62.150277
[GA][Iter1] Gen:12 Ind:5 RMSE(val)=62.150277
[GA][Iter1] Gen:12 Ind:6 RMSE(val)=62.150277
[GA][Iter1] Gen:12 Ind:7 RMSE(val)=62.150277
[GA][Iter1] Gen:12 Ind:8 RMSE(val)=62.150277
[GA][Iter1] Gen:12 Ind:9 RMSE(val)=62.150277
[GA][Iter1] Gen:12 Ind:10 RMSE(val)=62.150277
[GA][Iter1] Gen:12 Ind:11 RMSE(val)=63.225650
[GA][Iter1] Gen:12 Ind:12 RMSE(val)=62.544360
[GA][Iter1] Gen:12 Ind:13 RMSE(val)=62.150277
[GA][Iter1] Gen:12 Ind:14 RMSE(val)=60.760790
[GA][Iter1] Gen:12 Ind:15 RMSE(val)=77.684560
[GA][Iter1] Gen:12 Ind:16 RMSE(val)=62.150277
[GA][Iter1] Gen:12 Ind:17 RMSE(val)=62.815731
[GA][Iter1] Gen:12 Ind:18 RMSE(val)=62.150277
[GA][Iter1] Gen:12 Ind:19 RMSE(val)=68.440042
[GA][Iter1] Gen:12 Ind:20 RMSE(val)=62.150277
[GA][Iter1] gen=12 best_val_rmse=60.760790
[GA][Iter1] Gen:13 Ind:1 RMSE(val)=60.760790
[GA][Iter1] Gen:13 Ind:2 RMSE(val)=60.760790
[GA][Iter1] Gen:13 Ind:3 RMSE(val)=60.760790
[GA][Iter1] Gen:13 Ind:4 RMSE(val)=62.150277
[GA][Iter1] Gen:13 Ind:5 RMSE(val)=62.150277
[GA][Iter1] Gen:13 Ind:6 RMSE(val)=62.150277
[GA][Iter1] Gen:13 Ind:7 RMSE(val)=62.150277
[GA][Iter1] Gen:13 Ind:8 RMSE(val)=62.150277
[GA][Iter1] Gen:13 Ind:9 RMSE(val)=62.150277
[GA][Iter1] Gen:13 Ind:10 RMSE(val)=62.150277
[GA][Iter1] Gen:13 Ind:11 RMSE(val)=62.150277
[GA][Iter1] Gen:13 Ind:12 RMSE(val)=77.684560
[GA][Iter1] Gen:13 Ind:13 RMSE(val)=60.760790
[GA][Iter1] Gen:13 Ind:14 RMSE(val)=68.035699
[GA][Iter1] Gen:13 Ind:15 RMSE(val)=64.417282
[GA][Iter1] Gen:13 Ind:16 RMSE(val)=62.150277
[GA][Iter1] Gen:13 Ind:17 RMSE(val)=64.731684
[GA][Iter1] Gen:13 Ind:18 RMSE(val)=62.451636
[GA][Iter1] Gen:13 Ind:19 RMSE(val)=63.225650
[GA][Iter1] Gen:13 Ind:20 RMSE(val)=62.451636
[GA][Iter1] gen=13 best_val_rmse=60.760790
[GA][Iter1] Gen:14 Ind:1 RMSE(val)=60.760790
[GA][Iter1] Gen:14 Ind:2 RMSE(val)=60.760790
[GA][Iter1] Gen:14 Ind:3 RMSE(val)=60.760790
[GA][Iter1] Gen:14 Ind:4 RMSE(val)=60.760790
[GA][Iter1] Gen:14 Ind:5 RMSE(val)=62.150277
[GA][Iter1] Gen:14 Ind:6 RMSE(val)=62.150277
[GA][Iter1] Gen:14 Ind:7 RMSE(val)=62.150277
[GA][Iter1] Gen:14 Ind:8 RMSE(val)=62.150277
[GA][Iter1] Gen:14 Ind:9 RMSE(val)=62.150277
[GA][Iter1] Gen:14 Ind:10 RMSE(val)=62.150277
[GA][Iter1] Gen:14 Ind:11 RMSE(val)=62.150277
[GA][Iter1] Gen:14 Ind:12 RMSE(val)=63.633282
[GA][Iter1] Gen:14 Ind:13 RMSE(val)=62.150277
[GA][Iter1] Gen:14 Ind:14 RMSE(val)=80.213256
[GA][Iter1] Gen:14 Ind:15 RMSE(val)=60.760790
[GA][Iter1] Gen:14 Ind:16 RMSE(val)=62.150277
[GA][Iter1] Gen:14 Ind:17 RMSE(val)=68.440042
[GA][Iter1] Gen:14 Ind:18 RMSE(val)=80.213256
[GA][Iter1] Gen:14 Ind:19 RMSE(val)=62.150277
[GA][Iter1] Gen:14 Ind:20 RMSE(val)=64.731684
[GA][Iter1] gen=14 best_val_rmse=60.760790
[GA][Iter1] Gen:15 Ind:1 RMSE(val)=60.760790
[GA][Iter1] Gen:15 Ind:2 RMSE(val)=60.760790
[GA][Iter1] Gen:15 Ind:3 RMSE(val)=60.760790
[GA][Iter1] Gen:15 Ind:4 RMSE(val)=60.760790
[GA][Iter1] Gen:15 Ind:5 RMSE(val)=60.760790
[GA][Iter1] Gen:15 Ind:6 RMSE(val)=62.150277
[GA][Iter1] Gen:15 Ind:7 RMSE(val)=62.150277
[GA][Iter1] Gen:15 Ind:8 RMSE(val)=62.150277
[GA][Iter1] Gen:15 Ind:9 RMSE(val)=62.150277
[GA][Iter1] Gen:15 Ind:10 RMSE(val)=62.150277
[GA][Iter1] Gen:15 Ind:11 RMSE(val)=62.150277
[GA][Iter1] Gen:15 Ind:12 RMSE(val)=64.731684
[GA][Iter1] Gen:15 Ind:13 RMSE(val)=62.451636
[GA][Iter1] Gen:15 Ind:14 RMSE(val)=60.760790
[GA][Iter1] Gen:15 Ind:15 RMSE(val)=62.451636
[GA][Iter1] Gen:15 Ind:16 RMSE(val)=62.150277
[GA][Iter1] Gen:15 Ind:17 RMSE(val)=77.684560
[GA][Iter1] Gen:15 Ind:18 RMSE(val)=62.451636
[GA][Iter1] Gen:15 Ind:19 RMSE(val)=80.213256
[GA][Iter1] Gen:15 Ind:20 RMSE(val)=60.760790
[GA][Iter1] gen=15 best_val_rmse=60.760790
[GA][Iter1] Gen:15 Ind:1 RMSE(val)=60.760790
[GA][Iter1] Gen:15 Ind:2 RMSE(val)=60.760790
[GA][Iter1] Gen:15 Ind:3 RMSE(val)=60.760790
[GA][Iter1] Gen:15 Ind:4 RMSE(val)=60.760790
[GA][Iter1] Gen:15 Ind:5 RMSE(val)=60.760790
[GA][Iter1] Gen:15 Ind:6 RMSE(val)=60.760790
[GA][Iter1] Gen:15 Ind:7 RMSE(val)=60.760790
[GA][Iter1] Gen:15 Ind:8 RMSE(val)=62.150277
[GA][Iter1] Gen:15 Ind:9 RMSE(val)=62.150277
[GA][Iter1] Gen:15 Ind:10 RMSE(val)=62.150277
[GA][Iter1] Gen:15 Ind:11 RMSE(val)=68.821525
[GA][Iter1] Gen:15 Ind:12 RMSE(val)=60.760790
[GA][Iter1] Gen:15 Ind:13 RMSE(val)=60.760790
[GA][Iter1] Gen:15 Ind:14 RMSE(val)=60.760790
[GA][Iter1] Gen:15 Ind:15 RMSE(val)=60.760790
[GA][Iter1] Gen:15 Ind:16 RMSE(val)=80.213256
[GA][Iter1] Gen:15 Ind:17 RMSE(val)=68.035699
[GA][Iter1] Gen:15 Ind:18 RMSE(val)=60.760790
[GA][Iter1] Gen:15 Ind:19 RMSE(val)=60.760790
[GA][Iter1] Gen:15 Ind:20 RMSE(val)=60.760790

[GA DONE][Iter1] Best params on val fold of Iter1
Best val RMSE: 60.760790
Best params: {'max_depth': 38, 'min_samples_split': 19, 'min_samples_leaf': 26, 'max_features': 'log2', 'splitter': 'best', 'criterion': 'absolute_error'}
--------------------------------------------------------------------------------
[RETUNE GA] Iter1: train folds 1..5 -> test fold 6  RMSE=85.514064  NRMSE=1.213588  CVRMSE=0.085599  R2=-0.489922
[GA][Iter2] Gen:1 Ind:1 RMSE(val)=88.781544
[GA][Iter2] Gen:1 Ind:2 RMSE(val)=77.315594
[GA][Iter2] Gen:1 Ind:3 RMSE(val)=83.909683
[GA][Iter2] Gen:1 Ind:4 RMSE(val)=82.546278
[GA][Iter2] Gen:1 Ind:5 RMSE(val)=88.933757
[GA][Iter2] Gen:1 Ind:6 RMSE(val)=77.695249
[GA][Iter2] Gen:1 Ind:7 RMSE(val)=77.155468
[GA][Iter2] Gen:1 Ind:8 RMSE(val)=75.307690
[GA][Iter2] Gen:1 Ind:9 RMSE(val)=85.098236
[GA][Iter2] Gen:1 Ind:10 RMSE(val)=94.240857
[GA][Iter2] Gen:1 Ind:11 RMSE(val)=76.554877
[GA][Iter2] Gen:1 Ind:12 RMSE(val)=83.179584
[GA][Iter2] Gen:1 Ind:13 RMSE(val)=77.378436
[GA][Iter2] Gen:1 Ind:14 RMSE(val)=78.780919
[GA][Iter2] Gen:1 Ind:15 RMSE(val)=85.514064
[GA][Iter2] Gen:1 Ind:16 RMSE(val)=82.736509
[GA][Iter2] Gen:1 Ind:17 RMSE(val)=78.791701
[GA][Iter2] Gen:1 Ind:18 RMSE(val)=70.788212
[GA][Iter2] Gen:1 Ind:19 RMSE(val)=75.887620
[GA][Iter2] Gen:1 Ind:20 RMSE(val)=71.682593
[GA][Iter2] gen=1 best_val_rmse=70.788212
[GA][Iter2] Gen:2 Ind:1 RMSE(val)=70.788212
[GA][Iter2] Gen:2 Ind:2 RMSE(val)=71.682593
[GA][Iter2] Gen:2 Ind:3 RMSE(val)=75.307690
[GA][Iter2] Gen:2 Ind:4 RMSE(val)=75.887620
[GA][Iter2] Gen:2 Ind:5 RMSE(val)=76.554877
[GA][Iter2] Gen:2 Ind:6 RMSE(val)=77.155468
[GA][Iter2] Gen:2 Ind:7 RMSE(val)=77.315594
[GA][Iter2] Gen:2 Ind:8 RMSE(val)=77.378436
[GA][Iter2] Gen:2 Ind:9 RMSE(val)=77.695249
[GA][Iter2] Gen:2 Ind:10 RMSE(val)=78.780919
[GA][Iter2] Gen:2 Ind:11 RMSE(val)=70.626366
[GA][Iter2] Gen:2 Ind:12 RMSE(val)=70.304313
[GA][Iter2] Gen:2 Ind:13 RMSE(val)=85.098236
[GA][Iter2] Gen:2 Ind:14 RMSE(val)=76.916358
[GA][Iter2] Gen:2 Ind:15 RMSE(val)=81.642708
[GA][Iter2] Gen:2 Ind:16 RMSE(val)=78.524673
[GA][Iter2] Gen:2 Ind:17 RMSE(val)=71.864096
[GA][Iter2] Gen:2 Ind:18 RMSE(val)=82.564178
[GA][Iter2] Gen:2 Ind:19 RMSE(val)=71.864096
[GA][Iter2] Gen:2 Ind:20 RMSE(val)=76.916358
[GA][Iter2] gen=2 best_val_rmse=70.304313
[GA][Iter2] Gen:3 Ind:1 RMSE(val)=70.304313
[GA][Iter2] Gen:3 Ind:2 RMSE(val)=70.626366
[GA][Iter2] Gen:3 Ind:3 RMSE(val)=70.788212
[GA][Iter2] Gen:3 Ind:4 RMSE(val)=71.682593
[GA][Iter2] Gen:3 Ind:5 RMSE(val)=71.864096
[GA][Iter2] Gen:3 Ind:6 RMSE(val)=71.864096
[GA][Iter2] Gen:3 Ind:7 RMSE(val)=75.307690
[GA][Iter2] Gen:3 Ind:8 RMSE(val)=75.887620
[GA][Iter2] Gen:3 Ind:9 RMSE(val)=76.554877
[GA][Iter2] Gen:3 Ind:10 RMSE(val)=76.916358
[GA][Iter2] Gen:3 Ind:11 RMSE(val)=76.916358
[GA][Iter2] Gen:3 Ind:12 RMSE(val)=70.626366
[GA][Iter2] Gen:3 Ind:13 RMSE(val)=71.682593
[GA][Iter2] Gen:3 Ind:14 RMSE(val)=75.307690
[GA][Iter2] Gen:3 Ind:15 RMSE(val)=71.864096
[GA][Iter2] Gen:3 Ind:16 RMSE(val)=75.887620
[GA][Iter2] Gen:3 Ind:17 RMSE(val)=78.051549
[GA][Iter2] Gen:3 Ind:18 RMSE(val)=74.933342
[GA][Iter2] Gen:3 Ind:19 RMSE(val)=81.642708
[GA][Iter2] Gen:3 Ind:20 RMSE(val)=70.626366
[GA][Iter2] gen=3 best_val_rmse=70.304313
[GA][Iter2] Gen:4 Ind:1 RMSE(val)=70.304313
[GA][Iter2] Gen:4 Ind:2 RMSE(val)=70.626366
[GA][Iter2] Gen:4 Ind:3 RMSE(val)=70.626366
[GA][Iter2] Gen:4 Ind:4 RMSE(val)=70.626366
[GA][Iter2] Gen:4 Ind:5 RMSE(val)=70.788212
[GA][Iter2] Gen:4 Ind:6 RMSE(val)=71.682593
[GA][Iter2] Gen:4 Ind:7 RMSE(val)=71.682593
[GA][Iter2] Gen:4 Ind:8 RMSE(val)=71.864096
[GA][Iter2] Gen:4 Ind:9 RMSE(val)=71.864096
[GA][Iter2] Gen:4 Ind:10 RMSE(val)=71.864096
[GA][Iter2] Gen:4 Ind:11 RMSE(val)=71.864096
[GA][Iter2] Gen:4 Ind:12 RMSE(val)=76.916358
[GA][Iter2] Gen:4 Ind:13 RMSE(val)=71.682593
[GA][Iter2] Gen:4 Ind:14 RMSE(val)=71.864096
[GA][Iter2] Gen:4 Ind:15 RMSE(val)=71.682593
[GA][Iter2] Gen:4 Ind:16 RMSE(val)=71.864096
[GA][Iter2] Gen:4 Ind:17 RMSE(val)=71.682593
[GA][Iter2] Gen:4 Ind:18 RMSE(val)=70.626366
[GA][Iter2] Gen:4 Ind:19 RMSE(val)=70.788212
[GA][Iter2] Gen:4 Ind:20 RMSE(val)=71.864096
[GA][Iter2] gen=4 best_val_rmse=70.304313
[GA][Iter2] Gen:5 Ind:1 RMSE(val)=70.304313
[GA][Iter2] Gen:5 Ind:2 RMSE(val)=70.626366
[GA][Iter2] Gen:5 Ind:3 RMSE(val)=70.626366
[GA][Iter2] Gen:5 Ind:4 RMSE(val)=70.626366
[GA][Iter2] Gen:5 Ind:5 RMSE(val)=70.626366
[GA][Iter2] Gen:5 Ind:6 RMSE(val)=70.788212
[GA][Iter2] Gen:5 Ind:7 RMSE(val)=70.788212
[GA][Iter2] Gen:5 Ind:8 RMSE(val)=71.682593
[GA][Iter2] Gen:5 Ind:9 RMSE(val)=71.682593
[GA][Iter2] Gen:5 Ind:10 RMSE(val)=71.682593
[GA][Iter2] Gen:5 Ind:11 RMSE(val)=75.307690
[GA][Iter2] Gen:5 Ind:12 RMSE(val)=70.626366
[GA][Iter2] Gen:5 Ind:13 RMSE(val)=70.788212
[GA][Iter2] Gen:5 Ind:14 RMSE(val)=70.626366
[GA][Iter2] Gen:5 Ind:15 RMSE(val)=91.823737
[GA][Iter2] Gen:5 Ind:16 RMSE(val)=75.307690
[GA][Iter2] Gen:5 Ind:17 RMSE(val)=71.682593
[GA][Iter2] Gen:5 Ind:18 RMSE(val)=71.682593
[GA][Iter2] Gen:5 Ind:19 RMSE(val)=70.626366
[GA][Iter2] Gen:5 Ind:20 RMSE(val)=71.682593
[GA][Iter2] gen=5 best_val_rmse=70.304313
[GA][Iter2] Gen:6 Ind:1 RMSE(val)=70.304313
[GA][Iter2] Gen:6 Ind:2 RMSE(val)=70.626366
[GA][Iter2] Gen:6 Ind:3 RMSE(val)=70.626366
[GA][Iter2] Gen:6 Ind:4 RMSE(val)=70.626366
[GA][Iter2] Gen:6 Ind:5 RMSE(val)=70.626366
[GA][Iter2] Gen:6 Ind:6 RMSE(val)=70.626366
[GA][Iter2] Gen:6 Ind:7 RMSE(val)=70.626366
[GA][Iter2] Gen:6 Ind:8 RMSE(val)=70.626366
[GA][Iter2] Gen:6 Ind:9 RMSE(val)=70.788212
[GA][Iter2] Gen:6 Ind:10 RMSE(val)=70.788212
[GA][Iter2] Gen:6 Ind:11 RMSE(val)=70.626366
[GA][Iter2] Gen:6 Ind:12 RMSE(val)=70.788212
[GA][Iter2] Gen:6 Ind:13 RMSE(val)=70.788212
[GA][Iter2] Gen:6 Ind:14 RMSE(val)=70.626366
[GA][Iter2] Gen:6 Ind:15 RMSE(val)=70.626366
[GA][Iter2] Gen:6 Ind:16 RMSE(val)=70.626366
[GA][Iter2] Gen:6 Ind:17 RMSE(val)=70.788212
[GA][Iter2] Gen:6 Ind:18 RMSE(val)=70.304313
[GA][Iter2] Gen:6 Ind:19 RMSE(val)=70.626366
[GA][Iter2] Gen:6 Ind:20 RMSE(val)=70.304313
[GA][Iter2] gen=6 best_val_rmse=70.304313
[GA][Iter2] Gen:7 Ind:1 RMSE(val)=70.304313
[GA][Iter2] Gen:7 Ind:2 RMSE(val)=70.304313
[GA][Iter2] Gen:7 Ind:3 RMSE(val)=70.304313
[GA][Iter2] Gen:7 Ind:4 RMSE(val)=70.626366
[GA][Iter2] Gen:7 Ind:5 RMSE(val)=70.626366
[GA][Iter2] Gen:7 Ind:6 RMSE(val)=70.626366
[GA][Iter2] Gen:7 Ind:7 RMSE(val)=70.626366
[GA][Iter2] Gen:7 Ind:8 RMSE(val)=70.626366
[GA][Iter2] Gen:7 Ind:9 RMSE(val)=70.626366
[GA][Iter2] Gen:7 Ind:10 RMSE(val)=70.626366
[GA][Iter2] Gen:7 Ind:11 RMSE(val)=70.626366
[GA][Iter2] Gen:7 Ind:12 RMSE(val)=73.590616
[GA][Iter2] Gen:7 Ind:13 RMSE(val)=75.307690
[GA][Iter2] Gen:7 Ind:14 RMSE(val)=75.307690
[GA][Iter2] Gen:7 Ind:15 RMSE(val)=70.304313
[GA][Iter2] Gen:7 Ind:16 RMSE(val)=70.626366
[GA][Iter2] Gen:7 Ind:17 RMSE(val)=70.626366
[GA][Iter2] Gen:7 Ind:18 RMSE(val)=70.626366
[GA][Iter2] Gen:7 Ind:19 RMSE(val)=70.626366
[GA][Iter2] Gen:7 Ind:20 RMSE(val)=70.626366
[GA][Iter2] gen=7 best_val_rmse=70.304313
[GA][Iter2] Gen:8 Ind:1 RMSE(val)=70.304313
[GA][Iter2] Gen:8 Ind:2 RMSE(val)=70.304313
[GA][Iter2] Gen:8 Ind:3 RMSE(val)=70.304313
[GA][Iter2] Gen:8 Ind:4 RMSE(val)=70.304313
[GA][Iter2] Gen:8 Ind:5 RMSE(val)=70.626366
[GA][Iter2] Gen:8 Ind:6 RMSE(val)=70.626366
[GA][Iter2] Gen:8 Ind:7 RMSE(val)=70.626366
[GA][Iter2] Gen:8 Ind:8 RMSE(val)=70.626366
[GA][Iter2] Gen:8 Ind:9 RMSE(val)=70.626366
[GA][Iter2] Gen:8 Ind:10 RMSE(val)=70.626366
[GA][Iter2] Gen:8 Ind:11 RMSE(val)=75.307690
[GA][Iter2] Gen:8 Ind:12 RMSE(val)=70.626366
[GA][Iter2] Gen:8 Ind:13 RMSE(val)=70.626366
[GA][Iter2] Gen:8 Ind:14 RMSE(val)=70.626366
[GA][Iter2] Gen:8 Ind:15 RMSE(val)=75.307690
[GA][Iter2] Gen:8 Ind:16 RMSE(val)=70.626366
[GA][Iter2] Gen:8 Ind:17 RMSE(val)=70.626366
[GA][Iter2] Gen:8 Ind:18 RMSE(val)=70.626366
[GA][Iter2] Gen:8 Ind:19 RMSE(val)=70.304313
[GA][Iter2] Gen:8 Ind:20 RMSE(val)=70.626366
[GA][Iter2] gen=8 best_val_rmse=70.304313
[GA][Iter2] Gen:9 Ind:1 RMSE(val)=70.304313
[GA][Iter2] Gen:9 Ind:2 RMSE(val)=70.304313
[GA][Iter2] Gen:9 Ind:3 RMSE(val)=70.304313
[GA][Iter2] Gen:9 Ind:4 RMSE(val)=70.304313
[GA][Iter2] Gen:9 Ind:5 RMSE(val)=70.304313
[GA][Iter2] Gen:9 Ind:6 RMSE(val)=70.626366
[GA][Iter2] Gen:9 Ind:7 RMSE(val)=70.626366
[GA][Iter2] Gen:9 Ind:8 RMSE(val)=70.626366
[GA][Iter2] Gen:9 Ind:9 RMSE(val)=70.626366
[GA][Iter2] Gen:9 Ind:10 RMSE(val)=70.626366
[GA][Iter2] Gen:9 Ind:11 RMSE(val)=70.626366
[GA][Iter2] Gen:9 Ind:12 RMSE(val)=70.304313
[GA][Iter2] Gen:9 Ind:13 RMSE(val)=71.682593
[GA][Iter2] Gen:9 Ind:14 RMSE(val)=70.863085
[GA][Iter2] Gen:9 Ind:15 RMSE(val)=70.304313
[GA][Iter2] Gen:9 Ind:16 RMSE(val)=72.984078
[GA][Iter2] Gen:9 Ind:17 RMSE(val)=91.823737
[GA][Iter2] Gen:9 Ind:18 RMSE(val)=70.626366
[GA][Iter2] Gen:9 Ind:19 RMSE(val)=70.626366
[GA][Iter2] Gen:9 Ind:20 RMSE(val)=70.626366
[GA][Iter2] gen=9 best_val_rmse=70.304313
[GA][Iter2] Gen:10 Ind:1 RMSE(val)=70.304313
[GA][Iter2] Gen:10 Ind:2 RMSE(val)=70.304313
[GA][Iter2] Gen:10 Ind:3 RMSE(val)=70.304313
[GA][Iter2] Gen:10 Ind:4 RMSE(val)=70.304313
[GA][Iter2] Gen:10 Ind:5 RMSE(val)=70.304313
[GA][Iter2] Gen:10 Ind:6 RMSE(val)=70.304313
[GA][Iter2] Gen:10 Ind:7 RMSE(val)=70.304313
[GA][Iter2] Gen:10 Ind:8 RMSE(val)=70.626366
[GA][Iter2] Gen:10 Ind:9 RMSE(val)=70.626366
[GA][Iter2] Gen:10 Ind:10 RMSE(val)=70.626366
[GA][Iter2] Gen:10 Ind:11 RMSE(val)=70.626366
[GA][Iter2] Gen:10 Ind:12 RMSE(val)=70.304313
[GA][Iter2] Gen:10 Ind:13 RMSE(val)=70.304313
[GA][Iter2] Gen:10 Ind:14 RMSE(val)=70.304313
[GA][Iter2] Gen:10 Ind:15 RMSE(val)=70.304313
[GA][Iter2] Gen:10 Ind:16 RMSE(val)=75.307690
[GA][Iter2] Gen:10 Ind:17 RMSE(val)=76.554877
[GA][Iter2] Gen:10 Ind:18 RMSE(val)=72.984078
[GA][Iter2] Gen:10 Ind:19 RMSE(val)=70.304313
[GA][Iter2] Gen:10 Ind:20 RMSE(val)=70.626366
[GA][Iter2] gen=10 best_val_rmse=70.304313
[GA][Iter2] Gen:11 Ind:1 RMSE(val)=70.304313
[GA][Iter2] Gen:11 Ind:2 RMSE(val)=70.304313
[GA][Iter2] Gen:11 Ind:3 RMSE(val)=70.304313
[GA][Iter2] Gen:11 Ind:4 RMSE(val)=70.304313
[GA][Iter2] Gen:11 Ind:5 RMSE(val)=70.304313
[GA][Iter2] Gen:11 Ind:6 RMSE(val)=70.304313
[GA][Iter2] Gen:11 Ind:7 RMSE(val)=70.304313
[GA][Iter2] Gen:11 Ind:8 RMSE(val)=70.304313
[GA][Iter2] Gen:11 Ind:9 RMSE(val)=70.304313
[GA][Iter2] Gen:11 Ind:10 RMSE(val)=70.304313
[GA][Iter2] Gen:11 Ind:11 RMSE(val)=70.304313
[GA][Iter2] Gen:11 Ind:12 RMSE(val)=70.304313
[GA][Iter2] Gen:11 Ind:13 RMSE(val)=70.304313
[GA][Iter2] Gen:11 Ind:14 RMSE(val)=70.304313
[GA][Iter2] Gen:11 Ind:15 RMSE(val)=70.304313
[GA][Iter2] Gen:11 Ind:16 RMSE(val)=70.304313
[GA][Iter2] Gen:11 Ind:17 RMSE(val)=70.304313
[GA][Iter2] Gen:11 Ind:18 RMSE(val)=70.304313
[GA][Iter2] Gen:11 Ind:19 RMSE(val)=70.304313
[GA][Iter2] Gen:11 Ind:20 RMSE(val)=70.304313
[GA][Iter2] gen=11 best_val_rmse=70.304313
[GA][Iter2] Gen:12 Ind:1 RMSE(val)=70.304313
[GA][Iter2] Gen:12 Ind:2 RMSE(val)=70.304313
[GA][Iter2] Gen:12 Ind:3 RMSE(val)=70.304313
[GA][Iter2] Gen:12 Ind:4 RMSE(val)=70.304313
[GA][Iter2] Gen:12 Ind:5 RMSE(val)=70.304313
[GA][Iter2] Gen:12 Ind:6 RMSE(val)=70.304313
[GA][Iter2] Gen:12 Ind:7 RMSE(val)=70.304313
[GA][Iter2] Gen:12 Ind:8 RMSE(val)=70.304313
[GA][Iter2] Gen:12 Ind:9 RMSE(val)=70.304313
[GA][Iter2] Gen:12 Ind:10 RMSE(val)=70.304313
[GA][Iter2] Gen:12 Ind:11 RMSE(val)=70.304313
[GA][Iter2] Gen:12 Ind:12 RMSE(val)=70.304313
[GA][Iter2] Gen:12 Ind:13 RMSE(val)=70.304313
[GA][Iter2] Gen:12 Ind:14 RMSE(val)=71.682593
[GA][Iter2] Gen:12 Ind:15 RMSE(val)=69.482922
[GA][Iter2] Gen:12 Ind:16 RMSE(val)=70.304313
[GA][Iter2] Gen:12 Ind:17 RMSE(val)=70.304313
[GA][Iter2] Gen:12 Ind:18 RMSE(val)=70.304313
[GA][Iter2] Gen:12 Ind:19 RMSE(val)=71.967823
[GA][Iter2] Gen:12 Ind:20 RMSE(val)=70.304313
[GA][Iter2] gen=12 best_val_rmse=69.482922
[GA][Iter2] Gen:13 Ind:1 RMSE(val)=69.482922
[GA][Iter2] Gen:13 Ind:2 RMSE(val)=70.304313
[GA][Iter2] Gen:13 Ind:3 RMSE(val)=70.304313
[GA][Iter2] Gen:13 Ind:4 RMSE(val)=70.304313
[GA][Iter2] Gen:13 Ind:5 RMSE(val)=70.304313
[GA][Iter2] Gen:13 Ind:6 RMSE(val)=70.304313
[GA][Iter2] Gen:13 Ind:7 RMSE(val)=70.304313
[GA][Iter2] Gen:13 Ind:8 RMSE(val)=70.304313
[GA][Iter2] Gen:13 Ind:9 RMSE(val)=70.304313
[GA][Iter2] Gen:13 Ind:10 RMSE(val)=70.304313
[GA][Iter2] Gen:13 Ind:11 RMSE(val)=70.304313
[GA][Iter2] Gen:13 Ind:12 RMSE(val)=69.482922
[GA][Iter2] Gen:13 Ind:13 RMSE(val)=70.304313
[GA][Iter2] Gen:13 Ind:14 RMSE(val)=69.482922
[GA][Iter2] Gen:13 Ind:15 RMSE(val)=75.050673
[GA][Iter2] Gen:13 Ind:16 RMSE(val)=70.304313
[GA][Iter2] Gen:13 Ind:17 RMSE(val)=70.304313
[GA][Iter2] Gen:13 Ind:18 RMSE(val)=71.682593
[GA][Iter2] Gen:13 Ind:19 RMSE(val)=69.482922
[GA][Iter2] Gen:13 Ind:20 RMSE(val)=70.304313
[GA][Iter2] gen=13 best_val_rmse=69.482922
[GA][Iter2] Gen:14 Ind:1 RMSE(val)=69.482922
[GA][Iter2] Gen:14 Ind:2 RMSE(val)=69.482922
[GA][Iter2] Gen:14 Ind:3 RMSE(val)=69.482922
[GA][Iter2] Gen:14 Ind:4 RMSE(val)=69.482922
[GA][Iter2] Gen:14 Ind:5 RMSE(val)=70.304313
[GA][Iter2] Gen:14 Ind:6 RMSE(val)=70.304313
[GA][Iter2] Gen:14 Ind:7 RMSE(val)=70.304313
[GA][Iter2] Gen:14 Ind:8 RMSE(val)=70.304313
[GA][Iter2] Gen:14 Ind:9 RMSE(val)=70.304313
[GA][Iter2] Gen:14 Ind:10 RMSE(val)=70.304313
[GA][Iter2] Gen:14 Ind:11 RMSE(val)=70.304313
[GA][Iter2] Gen:14 Ind:12 RMSE(val)=70.304313
[GA][Iter2] Gen:14 Ind:13 RMSE(val)=70.304313
[GA][Iter2] Gen:14 Ind:14 RMSE(val)=76.185193
[GA][Iter2] Gen:14 Ind:15 RMSE(val)=69.482922
[GA][Iter2] Gen:14 Ind:16 RMSE(val)=70.304313
[GA][Iter2] Gen:14 Ind:17 RMSE(val)=71.967823
[GA][Iter2] Gen:14 Ind:18 RMSE(val)=70.304313
[GA][Iter2] Gen:14 Ind:19 RMSE(val)=70.304313
[GA][Iter2] Gen:14 Ind:20 RMSE(val)=70.304313
[GA][Iter2] gen=14 best_val_rmse=69.482922
[GA][Iter2] Gen:15 Ind:1 RMSE(val)=69.482922
[GA][Iter2] Gen:15 Ind:2 RMSE(val)=69.482922
[GA][Iter2] Gen:15 Ind:3 RMSE(val)=69.482922
[GA][Iter2] Gen:15 Ind:4 RMSE(val)=69.482922
[GA][Iter2] Gen:15 Ind:5 RMSE(val)=69.482922
[GA][Iter2] Gen:15 Ind:6 RMSE(val)=70.304313
[GA][Iter2] Gen:15 Ind:7 RMSE(val)=70.304313
[GA][Iter2] Gen:15 Ind:8 RMSE(val)=70.304313
[GA][Iter2] Gen:15 Ind:9 RMSE(val)=70.304313
[GA][Iter2] Gen:15 Ind:10 RMSE(val)=70.304313
[GA][Iter2] Gen:15 Ind:11 RMSE(val)=70.304313
[GA][Iter2] Gen:15 Ind:12 RMSE(val)=70.304313
[GA][Iter2] Gen:15 Ind:13 RMSE(val)=70.304313
[GA][Iter2] Gen:15 Ind:14 RMSE(val)=69.482922
[GA][Iter2] Gen:15 Ind:15 RMSE(val)=70.304313
[GA][Iter2] Gen:15 Ind:16 RMSE(val)=70.304313
[GA][Iter2] Gen:15 Ind:17 RMSE(val)=69.482922
[GA][Iter2] Gen:15 Ind:18 RMSE(val)=70.304313
[GA][Iter2] Gen:15 Ind:19 RMSE(val)=70.304313
[GA][Iter2] Gen:15 Ind:20 RMSE(val)=75.050673
[GA][Iter2] gen=15 best_val_rmse=69.482922
[GA][Iter2] Gen:15 Ind:1 RMSE(val)=69.482922
[GA][Iter2] Gen:15 Ind:2 RMSE(val)=69.482922
[GA][Iter2] Gen:15 Ind:3 RMSE(val)=69.482922
[GA][Iter2] Gen:15 Ind:4 RMSE(val)=69.482922
[GA][Iter2] Gen:15 Ind:5 RMSE(val)=69.482922
[GA][Iter2] Gen:15 Ind:6 RMSE(val)=69.482922
[GA][Iter2] Gen:15 Ind:7 RMSE(val)=69.482922
[GA][Iter2] Gen:15 Ind:8 RMSE(val)=70.304313
[GA][Iter2] Gen:15 Ind:9 RMSE(val)=70.304313
[GA][Iter2] Gen:15 Ind:10 RMSE(val)=70.304313
[GA][Iter2] Gen:15 Ind:11 RMSE(val)=77.378436
[GA][Iter2] Gen:15 Ind:12 RMSE(val)=69.482922
[GA][Iter2] Gen:15 Ind:13 RMSE(val)=69.482922
[GA][Iter2] Gen:15 Ind:14 RMSE(val)=69.482922
[GA][Iter2] Gen:15 Ind:15 RMSE(val)=69.482922
[GA][Iter2] Gen:15 Ind:16 RMSE(val)=70.304313
[GA][Iter2] Gen:15 Ind:17 RMSE(val)=69.482922
[GA][Iter2] Gen:15 Ind:18 RMSE(val)=69.482922
[GA][Iter2] Gen:15 Ind:19 RMSE(val)=69.482922
[GA][Iter2] Gen:15 Ind:20 RMSE(val)=102.343741

[GA DONE][Iter2] Best params on val fold of Iter2
Best val RMSE: 69.482922
Best params: {'max_depth': 21, 'min_samples_split': 33, 'min_samples_leaf': 13, 'max_features': None, 'splitter': 'random', 'criterion': 'absolute_error'}
--------------------------------------------------------------------------------
[RETUNE GA] Iter2: train folds 1..6 -> test fold 7  RMSE=57.663241  NRMSE=0.928915  CVRMSE=0.055709  R2=0.126965
[GA][Iter3] Gen:1 Ind:1 RMSE(val)=76.188505
[GA][Iter3] Gen:1 Ind:2 RMSE(val)=63.228039
[GA][Iter3] Gen:1 Ind:3 RMSE(val)=71.433803
[GA][Iter3] Gen:1 Ind:4 RMSE(val)=110.080103
[GA][Iter3] Gen:1 Ind:5 RMSE(val)=66.096790
[GA][Iter3] Gen:1 Ind:6 RMSE(val)=60.643689
[GA][Iter3] Gen:1 Ind:7 RMSE(val)=64.312807
[GA][Iter3] Gen:1 Ind:8 RMSE(val)=56.019922
[GA][Iter3] Gen:1 Ind:9 RMSE(val)=67.649189
[GA][Iter3] Gen:1 Ind:10 RMSE(val)=75.699836
[GA][Iter3] Gen:1 Ind:11 RMSE(val)=56.986730
[GA][Iter3] Gen:1 Ind:12 RMSE(val)=68.086386
[GA][Iter3] Gen:1 Ind:13 RMSE(val)=86.476657
[GA][Iter3] Gen:1 Ind:14 RMSE(val)=66.599997
[GA][Iter3] Gen:1 Ind:15 RMSE(val)=85.195637
[GA][Iter3] Gen:1 Ind:16 RMSE(val)=70.219796
[GA][Iter3] Gen:1 Ind:17 RMSE(val)=85.057504
[GA][Iter3] Gen:1 Ind:18 RMSE(val)=57.147139
[GA][Iter3] Gen:1 Ind:19 RMSE(val)=78.348390
[GA][Iter3] Gen:1 Ind:20 RMSE(val)=71.243902
[GA][Iter3] gen=1 best_val_rmse=56.019922
[GA][Iter3] Gen:2 Ind:1 RMSE(val)=56.019922
[GA][Iter3] Gen:2 Ind:2 RMSE(val)=56.986730
[GA][Iter3] Gen:2 Ind:3 RMSE(val)=57.147139
[GA][Iter3] Gen:2 Ind:4 RMSE(val)=60.643689
[GA][Iter3] Gen:2 Ind:5 RMSE(val)=63.228039
[GA][Iter3] Gen:2 Ind:6 RMSE(val)=64.312807
[GA][Iter3] Gen:2 Ind:7 RMSE(val)=66.096790
[GA][Iter3] Gen:2 Ind:8 RMSE(val)=66.599997
[GA][Iter3] Gen:2 Ind:9 RMSE(val)=67.649189
[GA][Iter3] Gen:2 Ind:10 RMSE(val)=68.086386
[GA][Iter3] Gen:2 Ind:11 RMSE(val)=68.757367
[GA][Iter3] Gen:2 Ind:12 RMSE(val)=59.339117
[GA][Iter3] Gen:2 Ind:13 RMSE(val)=67.649189
[GA][Iter3] Gen:2 Ind:14 RMSE(val)=64.312807
[GA][Iter3] Gen:2 Ind:15 RMSE(val)=59.339117
[GA][Iter3] Gen:2 Ind:16 RMSE(val)=62.118932
[GA][Iter3] Gen:2 Ind:17 RMSE(val)=56.953381
[GA][Iter3] Gen:2 Ind:18 RMSE(val)=67.649189
[GA][Iter3] Gen:2 Ind:19 RMSE(val)=56.018297
[GA][Iter3] Gen:2 Ind:20 RMSE(val)=56.019922
[GA][Iter3] gen=2 best_val_rmse=56.018297
[GA][Iter3] Gen:3 Ind:1 RMSE(val)=56.018297
[GA][Iter3] Gen:3 Ind:2 RMSE(val)=56.019922
[GA][Iter3] Gen:3 Ind:3 RMSE(val)=56.019922
[GA][Iter3] Gen:3 Ind:4 RMSE(val)=56.953381
[GA][Iter3] Gen:3 Ind:5 RMSE(val)=56.986730
[GA][Iter3] Gen:3 Ind:6 RMSE(val)=57.147139
[GA][Iter3] Gen:3 Ind:7 RMSE(val)=59.339117
[GA][Iter3] Gen:3 Ind:8 RMSE(val)=59.339117
[GA][Iter3] Gen:3 Ind:9 RMSE(val)=60.643689
[GA][Iter3] Gen:3 Ind:10 RMSE(val)=62.118932
[GA][Iter3] Gen:3 Ind:11 RMSE(val)=62.118932
[GA][Iter3] Gen:3 Ind:12 RMSE(val)=63.892732
[GA][Iter3] Gen:3 Ind:13 RMSE(val)=56.953381
[GA][Iter3] Gen:3 Ind:14 RMSE(val)=57.901854
[GA][Iter3] Gen:3 Ind:15 RMSE(val)=56.986730
[GA][Iter3] Gen:3 Ind:16 RMSE(val)=66.081486
[GA][Iter3] Gen:3 Ind:17 RMSE(val)=63.892732
[GA][Iter3] Gen:3 Ind:18 RMSE(val)=67.649189
[GA][Iter3] Gen:3 Ind:19 RMSE(val)=57.700405
[GA][Iter3] Gen:3 Ind:20 RMSE(val)=62.118932
[GA][Iter3] gen=3 best_val_rmse=56.018297
[GA][Iter3] Gen:4 Ind:1 RMSE(val)=56.018297
[GA][Iter3] Gen:4 Ind:2 RMSE(val)=56.019922
[GA][Iter3] Gen:4 Ind:3 RMSE(val)=56.019922
[GA][Iter3] Gen:4 Ind:4 RMSE(val)=56.953381
[GA][Iter3] Gen:4 Ind:5 RMSE(val)=56.953381
[GA][Iter3] Gen:4 Ind:6 RMSE(val)=56.986730
[GA][Iter3] Gen:4 Ind:7 RMSE(val)=56.986730
[GA][Iter3] Gen:4 Ind:8 RMSE(val)=57.147139
[GA][Iter3] Gen:4 Ind:9 RMSE(val)=57.700405
[GA][Iter3] Gen:4 Ind:10 RMSE(val)=57.901854
[GA][Iter3] Gen:4 Ind:11 RMSE(val)=54.778530
[GA][Iter3] Gen:4 Ind:12 RMSE(val)=76.121771
[GA][Iter3] Gen:4 Ind:13 RMSE(val)=63.200624
[GA][Iter3] Gen:4 Ind:14 RMSE(val)=56.018297
[GA][Iter3] Gen:4 Ind:15 RMSE(val)=56.986730
[GA][Iter3] Gen:4 Ind:16 RMSE(val)=56.018297
[GA][Iter3] Gen:4 Ind:17 RMSE(val)=63.892732
[GA][Iter3] Gen:4 Ind:18 RMSE(val)=56.019922
[GA][Iter3] Gen:4 Ind:19 RMSE(val)=56.953381
[GA][Iter3] Gen:4 Ind:20 RMSE(val)=56.018297
[GA][Iter3] gen=4 best_val_rmse=54.778530
[GA][Iter3] Gen:5 Ind:1 RMSE(val)=54.778530
[GA][Iter3] Gen:5 Ind:2 RMSE(val)=56.018297
[GA][Iter3] Gen:5 Ind:3 RMSE(val)=56.018297
[GA][Iter3] Gen:5 Ind:4 RMSE(val)=56.018297
[GA][Iter3] Gen:5 Ind:5 RMSE(val)=56.018297
[GA][Iter3] Gen:5 Ind:6 RMSE(val)=56.019922
[GA][Iter3] Gen:5 Ind:7 RMSE(val)=56.019922
[GA][Iter3] Gen:5 Ind:8 RMSE(val)=56.019922
[GA][Iter3] Gen:5 Ind:9 RMSE(val)=56.953381
[GA][Iter3] Gen:5 Ind:10 RMSE(val)=56.953381
[GA][Iter3] Gen:5 Ind:11 RMSE(val)=56.018297
[GA][Iter3] Gen:5 Ind:12 RMSE(val)=56.018297
[GA][Iter3] Gen:5 Ind:13 RMSE(val)=56.019922
[GA][Iter3] Gen:5 Ind:14 RMSE(val)=56.953381
[GA][Iter3] Gen:5 Ind:15 RMSE(val)=71.190958
[GA][Iter3] Gen:5 Ind:16 RMSE(val)=56.018297
[GA][Iter3] Gen:5 Ind:17 RMSE(val)=68.112007
[GA][Iter3] Gen:5 Ind:18 RMSE(val)=57.700405
[GA][Iter3] Gen:5 Ind:19 RMSE(val)=57.700405
[GA][Iter3] Gen:5 Ind:20 RMSE(val)=63.892732
[GA][Iter3] gen=5 best_val_rmse=54.778530
[GA][Iter3] Gen:6 Ind:1 RMSE(val)=54.778530
[GA][Iter3] Gen:6 Ind:2 RMSE(val)=56.018297
[GA][Iter3] Gen:6 Ind:3 RMSE(val)=56.018297
[GA][Iter3] Gen:6 Ind:4 RMSE(val)=56.018297
[GA][Iter3] Gen:6 Ind:5 RMSE(val)=56.018297
[GA][Iter3] Gen:6 Ind:6 RMSE(val)=56.018297
[GA][Iter3] Gen:6 Ind:7 RMSE(val)=56.018297
[GA][Iter3] Gen:6 Ind:8 RMSE(val)=56.018297
[GA][Iter3] Gen:6 Ind:9 RMSE(val)=56.019922
[GA][Iter3] Gen:6 Ind:10 RMSE(val)=56.019922
[GA][Iter3] Gen:6 Ind:11 RMSE(val)=56.953381
[GA][Iter3] Gen:6 Ind:12 RMSE(val)=56.019922
[GA][Iter3] Gen:6 Ind:13 RMSE(val)=63.892732
[GA][Iter3] Gen:6 Ind:14 RMSE(val)=56.018297
[GA][Iter3] Gen:6 Ind:15 RMSE(val)=56.018297
[GA][Iter3] Gen:6 Ind:16 RMSE(val)=56.018297
[GA][Iter3] Gen:6 Ind:17 RMSE(val)=56.019922
[GA][Iter3] Gen:6 Ind:18 RMSE(val)=54.778530
[GA][Iter3] Gen:6 Ind:19 RMSE(val)=56.018297
[GA][Iter3] Gen:6 Ind:20 RMSE(val)=57.901854
[GA][Iter3] gen=6 best_val_rmse=54.778530
[GA][Iter3] Gen:7 Ind:1 RMSE(val)=54.778530
[GA][Iter3] Gen:7 Ind:2 RMSE(val)=54.778530
[GA][Iter3] Gen:7 Ind:3 RMSE(val)=56.018297
[GA][Iter3] Gen:7 Ind:4 RMSE(val)=56.018297
[GA][Iter3] Gen:7 Ind:5 RMSE(val)=56.018297
[GA][Iter3] Gen:7 Ind:6 RMSE(val)=56.018297
[GA][Iter3] Gen:7 Ind:7 RMSE(val)=56.018297
[GA][Iter3] Gen:7 Ind:8 RMSE(val)=56.018297
[GA][Iter3] Gen:7 Ind:9 RMSE(val)=56.018297
[GA][Iter3] Gen:7 Ind:10 RMSE(val)=56.018297
[GA][Iter3] Gen:7 Ind:11 RMSE(val)=56.018297
[GA][Iter3] Gen:7 Ind:12 RMSE(val)=54.778530
[GA][Iter3] Gen:7 Ind:13 RMSE(val)=56.018297
[GA][Iter3] Gen:7 Ind:14 RMSE(val)=54.778530
[GA][Iter3] Gen:7 Ind:15 RMSE(val)=56.018297
[GA][Iter3] Gen:7 Ind:16 RMSE(val)=56.018297
[GA][Iter3] Gen:7 Ind:17 RMSE(val)=56.018297
[GA][Iter3] Gen:7 Ind:18 RMSE(val)=56.018297
[GA][Iter3] Gen:7 Ind:19 RMSE(val)=56.018297
[GA][Iter3] Gen:7 Ind:20 RMSE(val)=56.018297
[GA][Iter3] gen=7 best_val_rmse=54.778530
[GA][Iter3] Gen:8 Ind:1 RMSE(val)=54.778530
[GA][Iter3] Gen:8 Ind:2 RMSE(val)=54.778530
[GA][Iter3] Gen:8 Ind:3 RMSE(val)=54.778530
[GA][Iter3] Gen:8 Ind:4 RMSE(val)=54.778530
[GA][Iter3] Gen:8 Ind:5 RMSE(val)=56.018297
[GA][Iter3] Gen:8 Ind:6 RMSE(val)=56.018297
[GA][Iter3] Gen:8 Ind:7 RMSE(val)=56.018297
[GA][Iter3] Gen:8 Ind:8 RMSE(val)=56.018297
[GA][Iter3] Gen:8 Ind:9 RMSE(val)=56.018297
[GA][Iter3] Gen:8 Ind:10 RMSE(val)=56.018297
[GA][Iter3] Gen:8 Ind:11 RMSE(val)=56.018297
[GA][Iter3] Gen:8 Ind:12 RMSE(val)=56.018297
[GA][Iter3] Gen:8 Ind:13 RMSE(val)=56.018297
[GA][Iter3] Gen:8 Ind:14 RMSE(val)=54.778530
[GA][Iter3] Gen:8 Ind:15 RMSE(val)=54.778530
[GA][Iter3] Gen:8 Ind:16 RMSE(val)=56.018297
[GA][Iter3] Gen:8 Ind:17 RMSE(val)=56.018297
[GA][Iter3] Gen:8 Ind:18 RMSE(val)=56.018297
[GA][Iter3] Gen:8 Ind:19 RMSE(val)=56.018297
[GA][Iter3] Gen:8 Ind:20 RMSE(val)=56.018297
[GA][Iter3] gen=8 best_val_rmse=54.778530
[GA][Iter3] Gen:9 Ind:1 RMSE(val)=54.778530
[GA][Iter3] Gen:9 Ind:2 RMSE(val)=54.778530
[GA][Iter3] Gen:9 Ind:3 RMSE(val)=54.778530
[GA][Iter3] Gen:9 Ind:4 RMSE(val)=54.778530
[GA][Iter3] Gen:9 Ind:5 RMSE(val)=54.778530
[GA][Iter3] Gen:9 Ind:6 RMSE(val)=54.778530
[GA][Iter3] Gen:9 Ind:7 RMSE(val)=56.018297
[GA][Iter3] Gen:9 Ind:8 RMSE(val)=56.018297
[GA][Iter3] Gen:9 Ind:9 RMSE(val)=56.018297
[GA][Iter3] Gen:9 Ind:10 RMSE(val)=56.018297
[GA][Iter3] Gen:9 Ind:11 RMSE(val)=54.778530
[GA][Iter3] Gen:9 Ind:12 RMSE(val)=56.093406
[GA][Iter3] Gen:9 Ind:13 RMSE(val)=59.097184
[GA][Iter3] Gen:9 Ind:14 RMSE(val)=59.510385
[GA][Iter3] Gen:9 Ind:15 RMSE(val)=56.018297
[GA][Iter3] Gen:9 Ind:16 RMSE(val)=67.278841
[GA][Iter3] Gen:9 Ind:17 RMSE(val)=66.052448
[GA][Iter3] Gen:9 Ind:18 RMSE(val)=56.800590
[GA][Iter3] Gen:9 Ind:19 RMSE(val)=56.018297
[GA][Iter3] Gen:9 Ind:20 RMSE(val)=54.778530
[GA][Iter3] gen=9 best_val_rmse=54.778530
[GA][Iter3] Gen:10 Ind:1 RMSE(val)=54.778530
[GA][Iter3] Gen:10 Ind:2 RMSE(val)=54.778530
[GA][Iter3] Gen:10 Ind:3 RMSE(val)=54.778530
[GA][Iter3] Gen:10 Ind:4 RMSE(val)=54.778530
[GA][Iter3] Gen:10 Ind:5 RMSE(val)=54.778530
[GA][Iter3] Gen:10 Ind:6 RMSE(val)=54.778530
[GA][Iter3] Gen:10 Ind:7 RMSE(val)=54.778530
[GA][Iter3] Gen:10 Ind:8 RMSE(val)=54.778530
[GA][Iter3] Gen:10 Ind:9 RMSE(val)=56.018297
[GA][Iter3] Gen:10 Ind:10 RMSE(val)=56.018297
[GA][Iter3] Gen:10 Ind:11 RMSE(val)=54.778530
[GA][Iter3] Gen:10 Ind:12 RMSE(val)=54.778530
[GA][Iter3] Gen:10 Ind:13 RMSE(val)=54.778530
[GA][Iter3] Gen:10 Ind:14 RMSE(val)=54.778530
[GA][Iter3] Gen:10 Ind:15 RMSE(val)=54.778530
[GA][Iter3] Gen:10 Ind:16 RMSE(val)=54.778530
[GA][Iter3] Gen:10 Ind:17 RMSE(val)=54.778530
[GA][Iter3] Gen:10 Ind:18 RMSE(val)=68.097788
[GA][Iter3] Gen:10 Ind:19 RMSE(val)=54.778530
[GA][Iter3] Gen:10 Ind:20 RMSE(val)=56.018297
[GA][Iter3] gen=10 best_val_rmse=54.778530
[GA][Iter3] Gen:11 Ind:1 RMSE(val)=54.778530
[GA][Iter3] Gen:11 Ind:2 RMSE(val)=54.778530
[GA][Iter3] Gen:11 Ind:3 RMSE(val)=54.778530
[GA][Iter3] Gen:11 Ind:4 RMSE(val)=54.778530
[GA][Iter3] Gen:11 Ind:5 RMSE(val)=54.778530
[GA][Iter3] Gen:11 Ind:6 RMSE(val)=54.778530
[GA][Iter3] Gen:11 Ind:7 RMSE(val)=54.778530
[GA][Iter3] Gen:11 Ind:8 RMSE(val)=54.778530
[GA][Iter3] Gen:11 Ind:9 RMSE(val)=54.778530
[GA][Iter3] Gen:11 Ind:10 RMSE(val)=54.778530
[GA][Iter3] Gen:11 Ind:11 RMSE(val)=54.778530
[GA][Iter3] Gen:11 Ind:12 RMSE(val)=54.778530
[GA][Iter3] Gen:11 Ind:13 RMSE(val)=54.778530
[GA][Iter3] Gen:11 Ind:14 RMSE(val)=54.778530
[GA][Iter3] Gen:11 Ind:15 RMSE(val)=54.778530
[GA][Iter3] Gen:11 Ind:16 RMSE(val)=54.778530
[GA][Iter3] Gen:11 Ind:17 RMSE(val)=56.822490
[GA][Iter3] Gen:11 Ind:18 RMSE(val)=54.778530
[GA][Iter3] Gen:11 Ind:19 RMSE(val)=54.778530
[GA][Iter3] Gen:11 Ind:20 RMSE(val)=54.778530
[GA][Iter3] gen=11 best_val_rmse=54.778530
[GA][Iter3] Gen:12 Ind:1 RMSE(val)=54.778530
[GA][Iter3] Gen:12 Ind:2 RMSE(val)=54.778530
[GA][Iter3] Gen:12 Ind:3 RMSE(val)=54.778530
[GA][Iter3] Gen:12 Ind:4 RMSE(val)=54.778530
[GA][Iter3] Gen:12 Ind:5 RMSE(val)=54.778530
[GA][Iter3] Gen:12 Ind:6 RMSE(val)=54.778530
[GA][Iter3] Gen:12 Ind:7 RMSE(val)=54.778530
[GA][Iter3] Gen:12 Ind:8 RMSE(val)=54.778530
[GA][Iter3] Gen:12 Ind:9 RMSE(val)=54.778530
[GA][Iter3] Gen:12 Ind:10 RMSE(val)=54.778530
[GA][Iter3] Gen:12 Ind:11 RMSE(val)=54.778530
[GA][Iter3] Gen:12 Ind:12 RMSE(val)=54.778530
[GA][Iter3] Gen:12 Ind:13 RMSE(val)=54.778530
[GA][Iter3] Gen:12 Ind:14 RMSE(val)=67.817676
[GA][Iter3] Gen:12 Ind:15 RMSE(val)=63.888165
[GA][Iter3] Gen:12 Ind:16 RMSE(val)=54.778530
[GA][Iter3] Gen:12 Ind:17 RMSE(val)=54.778530
[GA][Iter3] Gen:12 Ind:18 RMSE(val)=54.778530
[GA][Iter3] Gen:12 Ind:19 RMSE(val)=64.227577
[GA][Iter3] Gen:12 Ind:20 RMSE(val)=54.778530
[GA][Iter3] gen=12 best_val_rmse=54.778530
[GA][Iter3] Gen:13 Ind:1 RMSE(val)=54.778530
[GA][Iter3] Gen:13 Ind:2 RMSE(val)=54.778530
[GA][Iter3] Gen:13 Ind:3 RMSE(val)=54.778530
[GA][Iter3] Gen:13 Ind:4 RMSE(val)=54.778530
[GA][Iter3] Gen:13 Ind:5 RMSE(val)=54.778530
[GA][Iter3] Gen:13 Ind:6 RMSE(val)=54.778530
[GA][Iter3] Gen:13 Ind:7 RMSE(val)=54.778530
[GA][Iter3] Gen:13 Ind:8 RMSE(val)=54.778530
[GA][Iter3] Gen:13 Ind:9 RMSE(val)=54.778530
[GA][Iter3] Gen:13 Ind:10 RMSE(val)=54.778530
[GA][Iter3] Gen:13 Ind:11 RMSE(val)=54.778530
[GA][Iter3] Gen:13 Ind:12 RMSE(val)=57.901854
[GA][Iter3] Gen:13 Ind:13 RMSE(val)=54.778530
[GA][Iter3] Gen:13 Ind:14 RMSE(val)=54.778530
[GA][Iter3] Gen:13 Ind:15 RMSE(val)=54.778530
[GA][Iter3] Gen:13 Ind:16 RMSE(val)=54.778530
[GA][Iter3] Gen:13 Ind:17 RMSE(val)=54.778530
[GA][Iter3] Gen:13 Ind:18 RMSE(val)=67.817676
[GA][Iter3] Gen:13 Ind:19 RMSE(val)=54.778530
[GA][Iter3] Gen:13 Ind:20 RMSE(val)=54.778530
[GA][Iter3] gen=13 best_val_rmse=54.778530
[GA][Iter3] Gen:14 Ind:1 RMSE(val)=54.778530
[GA][Iter3] Gen:14 Ind:2 RMSE(val)=54.778530
[GA][Iter3] Gen:14 Ind:3 RMSE(val)=54.778530
[GA][Iter3] Gen:14 Ind:4 RMSE(val)=54.778530
[GA][Iter3] Gen:14 Ind:5 RMSE(val)=54.778530
[GA][Iter3] Gen:14 Ind:6 RMSE(val)=54.778530
[GA][Iter3] Gen:14 Ind:7 RMSE(val)=54.778530
[GA][Iter3] Gen:14 Ind:8 RMSE(val)=54.778530
[GA][Iter3] Gen:14 Ind:9 RMSE(val)=54.778530
[GA][Iter3] Gen:14 Ind:10 RMSE(val)=54.778530
[GA][Iter3] Gen:14 Ind:11 RMSE(val)=54.778530
[GA][Iter3] Gen:14 Ind:12 RMSE(val)=57.700405
[GA][Iter3] Gen:14 Ind:13 RMSE(val)=54.778530
[GA][Iter3] Gen:14 Ind:14 RMSE(val)=54.778530
[GA][Iter3] Gen:14 Ind:15 RMSE(val)=54.778530
[GA][Iter3] Gen:14 Ind:16 RMSE(val)=54.778530
[GA][Iter3] Gen:14 Ind:17 RMSE(val)=64.227577
[GA][Iter3] Gen:14 Ind:18 RMSE(val)=54.778530
[GA][Iter3] Gen:14 Ind:19 RMSE(val)=54.778530
[GA][Iter3] Gen:14 Ind:20 RMSE(val)=54.778530
[GA][Iter3] gen=14 best_val_rmse=54.778530
[GA][Iter3] Gen:15 Ind:1 RMSE(val)=54.778530
[GA][Iter3] Gen:15 Ind:2 RMSE(val)=54.778530
[GA][Iter3] Gen:15 Ind:3 RMSE(val)=54.778530
[GA][Iter3] Gen:15 Ind:4 RMSE(val)=54.778530
[GA][Iter3] Gen:15 Ind:5 RMSE(val)=54.778530
[GA][Iter3] Gen:15 Ind:6 RMSE(val)=54.778530
[GA][Iter3] Gen:15 Ind:7 RMSE(val)=54.778530
[GA][Iter3] Gen:15 Ind:8 RMSE(val)=54.778530
[GA][Iter3] Gen:15 Ind:9 RMSE(val)=54.778530
[GA][Iter3] Gen:15 Ind:10 RMSE(val)=54.778530
[GA][Iter3] Gen:15 Ind:11 RMSE(val)=54.778530
[GA][Iter3] Gen:15 Ind:12 RMSE(val)=54.778530
[GA][Iter3] Gen:15 Ind:13 RMSE(val)=54.778530
[GA][Iter3] Gen:15 Ind:14 RMSE(val)=54.778530
[GA][Iter3] Gen:15 Ind:15 RMSE(val)=56.018297
[GA][Iter3] Gen:15 Ind:16 RMSE(val)=54.778530
[GA][Iter3] Gen:15 Ind:17 RMSE(val)=54.778530
[GA][Iter3] Gen:15 Ind:18 RMSE(val)=54.778530
[GA][Iter3] Gen:15 Ind:19 RMSE(val)=54.778530
[GA][Iter3] Gen:15 Ind:20 RMSE(val)=54.778530
[GA][Iter3] gen=15 best_val_rmse=54.778530
[GA][Iter3] Gen:15 Ind:1 RMSE(val)=54.778530
[GA][Iter3] Gen:15 Ind:2 RMSE(val)=54.778530
[GA][Iter3] Gen:15 Ind:3 RMSE(val)=54.778530
[GA][Iter3] Gen:15 Ind:4 RMSE(val)=54.778530
[GA][Iter3] Gen:15 Ind:5 RMSE(val)=54.778530
[GA][Iter3] Gen:15 Ind:6 RMSE(val)=54.778530
[GA][Iter3] Gen:15 Ind:7 RMSE(val)=54.778530
[GA][Iter3] Gen:15 Ind:8 RMSE(val)=54.778530
[GA][Iter3] Gen:15 Ind:9 RMSE(val)=54.778530
[GA][Iter3] Gen:15 Ind:10 RMSE(val)=54.778530
[GA][Iter3] Gen:15 Ind:11 RMSE(val)=68.097788
[GA][Iter3] Gen:15 Ind:12 RMSE(val)=54.778530
[GA][Iter3] Gen:15 Ind:13 RMSE(val)=54.778530
[GA][Iter3] Gen:15 Ind:14 RMSE(val)=54.778530
[GA][Iter3] Gen:15 Ind:15 RMSE(val)=54.778530
[GA][Iter3] Gen:15 Ind:16 RMSE(val)=54.778530
[GA][Iter3] Gen:15 Ind:17 RMSE(val)=54.778530
[GA][Iter3] Gen:15 Ind:18 RMSE(val)=54.778530
[GA][Iter3] Gen:15 Ind:19 RMSE(val)=54.778530
[GA][Iter3] Gen:15 Ind:20 RMSE(val)=64.227577

[GA DONE][Iter3] Best params on val fold of Iter3
Best val RMSE: 54.778530
Best params: {'max_depth': 4, 'min_samples_split': 5, 'min_samples_leaf': 6, 'max_features': None, 'splitter': 'best', 'criterion': 'squared_error'}
--------------------------------------------------------------------------------
[RETUNE GA] Iter3: train folds 1..7 -> test fold 8  RMSE=53.463605  NRMSE=1.153741  CVRMSE=0.047042  R2=-0.346778
[GA][Iter4] Gen:1 Ind:1 RMSE(val)=62.017912
[GA][Iter4] Gen:1 Ind:2 RMSE(val)=59.101878
[GA][Iter4] Gen:1 Ind:3 RMSE(val)=60.070302
[GA][Iter4] Gen:1 Ind:4 RMSE(val)=86.659535
[GA][Iter4] Gen:1 Ind:5 RMSE(val)=94.835714
[GA][Iter4] Gen:1 Ind:6 RMSE(val)=58.837948
[GA][Iter4] Gen:1 Ind:7 RMSE(val)=56.510458
[GA][Iter4] Gen:1 Ind:8 RMSE(val)=55.331349
[GA][Iter4] Gen:1 Ind:9 RMSE(val)=58.953791
[GA][Iter4] Gen:1 Ind:10 RMSE(val)=100.375994
[GA][Iter4] Gen:1 Ind:11 RMSE(val)=66.475794
[GA][Iter4] Gen:1 Ind:12 RMSE(val)=91.930038
[GA][Iter4] Gen:1 Ind:13 RMSE(val)=139.671084
[GA][Iter4] Gen:1 Ind:14 RMSE(val)=70.321192
[GA][Iter4] Gen:1 Ind:15 RMSE(val)=137.097126
[GA][Iter4] Gen:1 Ind:16 RMSE(val)=129.328564
[GA][Iter4] Gen:1 Ind:17 RMSE(val)=65.330199
[GA][Iter4] Gen:1 Ind:18 RMSE(val)=86.620285
[GA][Iter4] Gen:1 Ind:19 RMSE(val)=127.082100
[GA][Iter4] Gen:1 Ind:20 RMSE(val)=130.930176
[GA][Iter4] gen=1 best_val_rmse=55.331349
[GA][Iter4] Gen:2 Ind:1 RMSE(val)=55.331349
[GA][Iter4] Gen:2 Ind:2 RMSE(val)=56.510458
[GA][Iter4] Gen:2 Ind:3 RMSE(val)=58.837948
[GA][Iter4] Gen:2 Ind:4 RMSE(val)=58.953791
[GA][Iter4] Gen:2 Ind:5 RMSE(val)=59.101878
[GA][Iter4] Gen:2 Ind:6 RMSE(val)=60.070302
[GA][Iter4] Gen:2 Ind:7 RMSE(val)=62.017912
[GA][Iter4] Gen:2 Ind:8 RMSE(val)=65.330199
[GA][Iter4] Gen:2 Ind:9 RMSE(val)=66.475794
[GA][Iter4] Gen:2 Ind:10 RMSE(val)=70.321192
[GA][Iter4] Gen:2 Ind:11 RMSE(val)=59.101878
[GA][Iter4] Gen:2 Ind:12 RMSE(val)=54.037527
[GA][Iter4] Gen:2 Ind:13 RMSE(val)=66.475794
[GA][Iter4] Gen:2 Ind:14 RMSE(val)=63.749892
[GA][Iter4] Gen:2 Ind:15 RMSE(val)=56.510458
[GA][Iter4] Gen:2 Ind:16 RMSE(val)=60.968259
[GA][Iter4] Gen:2 Ind:17 RMSE(val)=58.203682
[GA][Iter4] Gen:2 Ind:18 RMSE(val)=61.731296
[GA][Iter4] Gen:2 Ind:19 RMSE(val)=54.543720
[GA][Iter4] Gen:2 Ind:20 RMSE(val)=55.331349
[GA][Iter4] gen=2 best_val_rmse=54.037527
[GA][Iter4] Gen:3 Ind:1 RMSE(val)=54.037527
[GA][Iter4] Gen:3 Ind:2 RMSE(val)=54.543720
[GA][Iter4] Gen:3 Ind:3 RMSE(val)=55.331349
[GA][Iter4] Gen:3 Ind:4 RMSE(val)=55.331349
[GA][Iter4] Gen:3 Ind:5 RMSE(val)=56.510458
[GA][Iter4] Gen:3 Ind:6 RMSE(val)=56.510458
[GA][Iter4] Gen:3 Ind:7 RMSE(val)=58.203682
[GA][Iter4] Gen:3 Ind:8 RMSE(val)=58.837948
[GA][Iter4] Gen:3 Ind:9 RMSE(val)=58.953791
[GA][Iter4] Gen:3 Ind:10 RMSE(val)=59.101878
[GA][Iter4] Gen:3 Ind:11 RMSE(val)=59.101878
[GA][Iter4] Gen:3 Ind:12 RMSE(val)=56.763816
[GA][Iter4] Gen:3 Ind:13 RMSE(val)=65.609740
[GA][Iter4] Gen:3 Ind:14 RMSE(val)=62.742037
[GA][Iter4] Gen:3 Ind:15 RMSE(val)=56.510458
[GA][Iter4] Gen:3 Ind:16 RMSE(val)=137.143173
[GA][Iter4] Gen:3 Ind:17 RMSE(val)=70.036730
[GA][Iter4] Gen:3 Ind:18 RMSE(val)=54.401287
[GA][Iter4] Gen:3 Ind:19 RMSE(val)=65.609740
[GA][Iter4] Gen:3 Ind:20 RMSE(val)=58.953791
[GA][Iter4] gen=3 best_val_rmse=54.037527
[GA][Iter4] Gen:4 Ind:1 RMSE(val)=54.037527
[GA][Iter4] Gen:4 Ind:2 RMSE(val)=54.401287
[GA][Iter4] Gen:4 Ind:3 RMSE(val)=54.543720
[GA][Iter4] Gen:4 Ind:4 RMSE(val)=55.331349
[GA][Iter4] Gen:4 Ind:5 RMSE(val)=55.331349
[GA][Iter4] Gen:4 Ind:6 RMSE(val)=56.510458
[GA][Iter4] Gen:4 Ind:7 RMSE(val)=56.510458
[GA][Iter4] Gen:4 Ind:8 RMSE(val)=56.510458
[GA][Iter4] Gen:4 Ind:9 RMSE(val)=56.763816
[GA][Iter4] Gen:4 Ind:10 RMSE(val)=58.203682
[GA][Iter4] Gen:4 Ind:11 RMSE(val)=58.613808
[GA][Iter4] Gen:4 Ind:12 RMSE(val)=70.036730
[GA][Iter4] Gen:4 Ind:13 RMSE(val)=68.746395
[GA][Iter4] Gen:4 Ind:14 RMSE(val)=60.596862
[GA][Iter4] Gen:4 Ind:15 RMSE(val)=56.510458
[GA][Iter4] Gen:4 Ind:16 RMSE(val)=61.121757
[GA][Iter4] Gen:4 Ind:17 RMSE(val)=56.510458
[GA][Iter4] Gen:4 Ind:18 RMSE(val)=61.573127
[GA][Iter4] Gen:4 Ind:19 RMSE(val)=55.331349
[GA][Iter4] Gen:4 Ind:20 RMSE(val)=54.543720
[GA][Iter4] gen=4 best_val_rmse=54.037527
[GA][Iter4] Gen:5 Ind:1 RMSE(val)=54.037527
[GA][Iter4] Gen:5 Ind:2 RMSE(val)=54.401287
[GA][Iter4] Gen:5 Ind:3 RMSE(val)=54.543720
[GA][Iter4] Gen:5 Ind:4 RMSE(val)=54.543720
[GA][Iter4] Gen:5 Ind:5 RMSE(val)=55.331349
[GA][Iter4] Gen:5 Ind:6 RMSE(val)=55.331349
[GA][Iter4] Gen:5 Ind:7 RMSE(val)=55.331349
[GA][Iter4] Gen:5 Ind:8 RMSE(val)=56.510458
[GA][Iter4] Gen:5 Ind:9 RMSE(val)=56.510458
[GA][Iter4] Gen:5 Ind:10 RMSE(val)=56.510458
[GA][Iter4] Gen:5 Ind:11 RMSE(val)=60.959013
[GA][Iter4] Gen:5 Ind:12 RMSE(val)=54.543720
[GA][Iter4] Gen:5 Ind:13 RMSE(val)=55.989487
[GA][Iter4] Gen:5 Ind:14 RMSE(val)=65.609740
[GA][Iter4] Gen:5 Ind:15 RMSE(val)=99.188428
[GA][Iter4] Gen:5 Ind:16 RMSE(val)=56.510458
[GA][Iter4] Gen:5 Ind:17 RMSE(val)=130.248265
[GA][Iter4] Gen:5 Ind:18 RMSE(val)=54.401287
[GA][Iter4] Gen:5 Ind:19 RMSE(val)=54.401287
[GA][Iter4] Gen:5 Ind:20 RMSE(val)=60.959013
[GA][Iter4] gen=5 best_val_rmse=54.037527
[GA][Iter4] Gen:6 Ind:1 RMSE(val)=54.037527
[GA][Iter4] Gen:6 Ind:2 RMSE(val)=54.401287
[GA][Iter4] Gen:6 Ind:3 RMSE(val)=54.401287
[GA][Iter4] Gen:6 Ind:4 RMSE(val)=54.401287
[GA][Iter4] Gen:6 Ind:5 RMSE(val)=54.543720
[GA][Iter4] Gen:6 Ind:6 RMSE(val)=54.543720
[GA][Iter4] Gen:6 Ind:7 RMSE(val)=54.543720
[GA][Iter4] Gen:6 Ind:8 RMSE(val)=55.331349
[GA][Iter4] Gen:6 Ind:9 RMSE(val)=55.331349
[GA][Iter4] Gen:6 Ind:10 RMSE(val)=55.331349
[GA][Iter4] Gen:6 Ind:11 RMSE(val)=62.742037
[GA][Iter4] Gen:6 Ind:12 RMSE(val)=55.331349
[GA][Iter4] Gen:6 Ind:13 RMSE(val)=55.331349
[GA][Iter4] Gen:6 Ind:14 RMSE(val)=54.522398
[GA][Iter4] Gen:6 Ind:15 RMSE(val)=54.543720
[GA][Iter4] Gen:6 Ind:16 RMSE(val)=54.401287
[GA][Iter4] Gen:6 Ind:17 RMSE(val)=55.331349
[GA][Iter4] Gen:6 Ind:18 RMSE(val)=61.379940
[GA][Iter4] Gen:6 Ind:19 RMSE(val)=54.457045
[GA][Iter4] Gen:6 Ind:20 RMSE(val)=54.037527
[GA][Iter4] gen=6 best_val_rmse=54.037527
[GA][Iter4] Gen:7 Ind:1 RMSE(val)=54.037527
[GA][Iter4] Gen:7 Ind:2 RMSE(val)=54.037527
[GA][Iter4] Gen:7 Ind:3 RMSE(val)=54.401287
[GA][Iter4] Gen:7 Ind:4 RMSE(val)=54.401287
[GA][Iter4] Gen:7 Ind:5 RMSE(val)=54.401287
[GA][Iter4] Gen:7 Ind:6 RMSE(val)=54.401287
[GA][Iter4] Gen:7 Ind:7 RMSE(val)=54.457045
[GA][Iter4] Gen:7 Ind:8 RMSE(val)=54.522398
[GA][Iter4] Gen:7 Ind:9 RMSE(val)=54.543720
[GA][Iter4] Gen:7 Ind:10 RMSE(val)=54.543720
[GA][Iter4] Gen:7 Ind:11 RMSE(val)=59.101878
[GA][Iter4] Gen:7 Ind:12 RMSE(val)=54.291567
[GA][Iter4] Gen:7 Ind:13 RMSE(val)=57.615449
[GA][Iter4] Gen:7 Ind:14 RMSE(val)=57.615449
[GA][Iter4] Gen:7 Ind:15 RMSE(val)=54.401287
[GA][Iter4] Gen:7 Ind:16 RMSE(val)=59.101878
[GA][Iter4] Gen:7 Ind:17 RMSE(val)=60.596862
[GA][Iter4] Gen:7 Ind:18 RMSE(val)=54.401287
[GA][Iter4] Gen:7 Ind:19 RMSE(val)=54.543720
[GA][Iter4] Gen:7 Ind:20 RMSE(val)=54.543720
[GA][Iter4] gen=7 best_val_rmse=54.037527
[GA][Iter4] Gen:8 Ind:1 RMSE(val)=54.037527
[GA][Iter4] Gen:8 Ind:2 RMSE(val)=54.037527
[GA][Iter4] Gen:8 Ind:3 RMSE(val)=54.291567
[GA][Iter4] Gen:8 Ind:4 RMSE(val)=54.401287
[GA][Iter4] Gen:8 Ind:5 RMSE(val)=54.401287
[GA][Iter4] Gen:8 Ind:6 RMSE(val)=54.401287
[GA][Iter4] Gen:8 Ind:7 RMSE(val)=54.401287
[GA][Iter4] Gen:8 Ind:8 RMSE(val)=54.401287
[GA][Iter4] Gen:8 Ind:9 RMSE(val)=54.401287
[GA][Iter4] Gen:8 Ind:10 RMSE(val)=54.457045
[GA][Iter4] Gen:8 Ind:11 RMSE(val)=61.121757
[GA][Iter4] Gen:8 Ind:12 RMSE(val)=54.543720
[GA][Iter4] Gen:8 Ind:13 RMSE(val)=54.401287
[GA][Iter4] Gen:8 Ind:14 RMSE(val)=54.401287
[GA][Iter4] Gen:8 Ind:15 RMSE(val)=61.121757
[GA][Iter4] Gen:8 Ind:16 RMSE(val)=54.401287
[GA][Iter4] Gen:8 Ind:17 RMSE(val)=75.939528
[GA][Iter4] Gen:8 Ind:18 RMSE(val)=54.401287
[GA][Iter4] Gen:8 Ind:19 RMSE(val)=56.588529
[GA][Iter4] Gen:8 Ind:20 RMSE(val)=54.401287
[GA][Iter4] gen=8 best_val_rmse=54.037527
[GA][Iter4] Gen:9 Ind:1 RMSE(val)=54.037527
[GA][Iter4] Gen:9 Ind:2 RMSE(val)=54.037527
[GA][Iter4] Gen:9 Ind:3 RMSE(val)=54.291567
[GA][Iter4] Gen:9 Ind:4 RMSE(val)=54.401287
[GA][Iter4] Gen:9 Ind:5 RMSE(val)=54.401287
[GA][Iter4] Gen:9 Ind:6 RMSE(val)=54.401287
[GA][Iter4] Gen:9 Ind:7 RMSE(val)=54.401287
[GA][Iter4] Gen:9 Ind:8 RMSE(val)=54.401287
[GA][Iter4] Gen:9 Ind:9 RMSE(val)=54.401287
[GA][Iter4] Gen:9 Ind:10 RMSE(val)=54.401287
[GA][Iter4] Gen:9 Ind:11 RMSE(val)=54.401287
[GA][Iter4] Gen:9 Ind:12 RMSE(val)=60.181122
[GA][Iter4] Gen:9 Ind:13 RMSE(val)=154.527073
[GA][Iter4] Gen:9 Ind:14 RMSE(val)=75.939528
[GA][Iter4] Gen:9 Ind:15 RMSE(val)=57.555332
[GA][Iter4] Gen:9 Ind:16 RMSE(val)=99.246798
[GA][Iter4] Gen:9 Ind:17 RMSE(val)=153.403699
[GA][Iter4] Gen:9 Ind:18 RMSE(val)=54.401287
[GA][Iter4] Gen:9 Ind:19 RMSE(val)=54.401287
[GA][Iter4] Gen:9 Ind:20 RMSE(val)=54.401287
[GA][Iter4] gen=9 best_val_rmse=54.037527
[GA][Iter4] Gen:10 Ind:1 RMSE(val)=54.037527
[GA][Iter4] Gen:10 Ind:2 RMSE(val)=54.037527
[GA][Iter4] Gen:10 Ind:3 RMSE(val)=54.291567
[GA][Iter4] Gen:10 Ind:4 RMSE(val)=54.401287
[GA][Iter4] Gen:10 Ind:5 RMSE(val)=54.401287
[GA][Iter4] Gen:10 Ind:6 RMSE(val)=54.401287
[GA][Iter4] Gen:10 Ind:7 RMSE(val)=54.401287
[GA][Iter4] Gen:10 Ind:8 RMSE(val)=54.401287
[GA][Iter4] Gen:10 Ind:9 RMSE(val)=54.401287
[GA][Iter4] Gen:10 Ind:10 RMSE(val)=54.401287
[GA][Iter4] Gen:10 Ind:11 RMSE(val)=59.101878
[GA][Iter4] Gen:10 Ind:12 RMSE(val)=54.522398
[GA][Iter4] Gen:10 Ind:13 RMSE(val)=61.121757
[GA][Iter4] Gen:10 Ind:14 RMSE(val)=54.037527
[GA][Iter4] Gen:10 Ind:15 RMSE(val)=54.037527
[GA][Iter4] Gen:10 Ind:16 RMSE(val)=54.401287
[GA][Iter4] Gen:10 Ind:17 RMSE(val)=59.101878
[GA][Iter4] Gen:10 Ind:18 RMSE(val)=99.188428
[GA][Iter4] Gen:10 Ind:19 RMSE(val)=61.379940
[GA][Iter4] Gen:10 Ind:20 RMSE(val)=75.939528
[GA][Iter4] gen=10 best_val_rmse=54.037527
[GA][Iter4] Gen:11 Ind:1 RMSE(val)=54.037527
[GA][Iter4] Gen:11 Ind:2 RMSE(val)=54.037527
[GA][Iter4] Gen:11 Ind:3 RMSE(val)=54.037527
[GA][Iter4] Gen:11 Ind:4 RMSE(val)=54.037527
[GA][Iter4] Gen:11 Ind:5 RMSE(val)=54.291567
[GA][Iter4] Gen:11 Ind:6 RMSE(val)=54.401287
[GA][Iter4] Gen:11 Ind:7 RMSE(val)=54.401287
[GA][Iter4] Gen:11 Ind:8 RMSE(val)=54.401287
[GA][Iter4] Gen:11 Ind:9 RMSE(val)=54.401287
[GA][Iter4] Gen:11 Ind:10 RMSE(val)=54.401287
[GA][Iter4] Gen:11 Ind:11 RMSE(val)=54.401287
[GA][Iter4] Gen:11 Ind:12 RMSE(val)=54.291567
[GA][Iter4] Gen:11 Ind:13 RMSE(val)=54.037527
[GA][Iter4] Gen:11 Ind:14 RMSE(val)=75.939528
[GA][Iter4] Gen:11 Ind:15 RMSE(val)=54.401287
[GA][Iter4] Gen:11 Ind:16 RMSE(val)=54.401287
[GA][Iter4] Gen:11 Ind:17 RMSE(val)=54.401287
[GA][Iter4] Gen:11 Ind:18 RMSE(val)=61.379940
[GA][Iter4] Gen:11 Ind:19 RMSE(val)=61.379940
[GA][Iter4] Gen:11 Ind:20 RMSE(val)=61.379940
[GA][Iter4] gen=11 best_val_rmse=54.037527
[GA][Iter4] Gen:12 Ind:1 RMSE(val)=54.037527
[GA][Iter4] Gen:12 Ind:2 RMSE(val)=54.037527
[GA][Iter4] Gen:12 Ind:3 RMSE(val)=54.037527
[GA][Iter4] Gen:12 Ind:4 RMSE(val)=54.037527
[GA][Iter4] Gen:12 Ind:5 RMSE(val)=54.037527
[GA][Iter4] Gen:12 Ind:6 RMSE(val)=54.291567
[GA][Iter4] Gen:12 Ind:7 RMSE(val)=54.291567
[GA][Iter4] Gen:12 Ind:8 RMSE(val)=54.401287
[GA][Iter4] Gen:12 Ind:9 RMSE(val)=54.401287
[GA][Iter4] Gen:12 Ind:10 RMSE(val)=54.401287
[GA][Iter4] Gen:12 Ind:11 RMSE(val)=54.037527
[GA][Iter4] Gen:12 Ind:12 RMSE(val)=63.811655
[GA][Iter4] Gen:12 Ind:13 RMSE(val)=54.037527
[GA][Iter4] Gen:12 Ind:14 RMSE(val)=115.990547
[GA][Iter4] Gen:12 Ind:15 RMSE(val)=54.401287
[GA][Iter4] Gen:12 Ind:16 RMSE(val)=75.939528
[GA][Iter4] Gen:12 Ind:17 RMSE(val)=75.939528
[GA][Iter4] Gen:12 Ind:18 RMSE(val)=54.522398
[GA][Iter4] Gen:12 Ind:19 RMSE(val)=55.403577
[GA][Iter4] Gen:12 Ind:20 RMSE(val)=54.291567
[GA][Iter4] gen=12 best_val_rmse=54.037527
[GA][Iter4] Gen:13 Ind:1 RMSE(val)=54.037527
[GA][Iter4] Gen:13 Ind:2 RMSE(val)=54.037527
[GA][Iter4] Gen:13 Ind:3 RMSE(val)=54.037527
[GA][Iter4] Gen:13 Ind:4 RMSE(val)=54.037527
[GA][Iter4] Gen:13 Ind:5 RMSE(val)=54.037527
[GA][Iter4] Gen:13 Ind:6 RMSE(val)=54.037527
[GA][Iter4] Gen:13 Ind:7 RMSE(val)=54.037527
[GA][Iter4] Gen:13 Ind:8 RMSE(val)=54.291567
[GA][Iter4] Gen:13 Ind:9 RMSE(val)=54.291567
[GA][Iter4] Gen:13 Ind:10 RMSE(val)=54.291567
[GA][Iter4] Gen:13 Ind:11 RMSE(val)=54.037527
[GA][Iter4] Gen:13 Ind:12 RMSE(val)=70.308091
[GA][Iter4] Gen:13 Ind:13 RMSE(val)=54.037527
[GA][Iter4] Gen:13 Ind:14 RMSE(val)=54.291567
[GA][Iter4] Gen:13 Ind:15 RMSE(val)=54.291567
[GA][Iter4] Gen:13 Ind:16 RMSE(val)=54.291567
[GA][Iter4] Gen:13 Ind:17 RMSE(val)=54.037527
[GA][Iter4] Gen:13 Ind:18 RMSE(val)=115.990547
[GA][Iter4] Gen:13 Ind:19 RMSE(val)=54.037527
[GA][Iter4] Gen:13 Ind:20 RMSE(val)=54.037527
[GA][Iter4] gen=13 best_val_rmse=54.037527
[GA][Iter4] Gen:14 Ind:1 RMSE(val)=54.037527
[GA][Iter4] Gen:14 Ind:2 RMSE(val)=54.037527
[GA][Iter4] Gen:14 Ind:3 RMSE(val)=54.037527
[GA][Iter4] Gen:14 Ind:4 RMSE(val)=54.037527
[GA][Iter4] Gen:14 Ind:5 RMSE(val)=54.037527
[GA][Iter4] Gen:14 Ind:6 RMSE(val)=54.037527
[GA][Iter4] Gen:14 Ind:7 RMSE(val)=54.037527
[GA][Iter4] Gen:14 Ind:8 RMSE(val)=54.037527
[GA][Iter4] Gen:14 Ind:9 RMSE(val)=54.037527
[GA][Iter4] Gen:14 Ind:10 RMSE(val)=54.037527
[GA][Iter4] Gen:14 Ind:11 RMSE(val)=54.037527
[GA][Iter4] Gen:14 Ind:12 RMSE(val)=70.308091
[GA][Iter4] Gen:14 Ind:13 RMSE(val)=54.037527
[GA][Iter4] Gen:14 Ind:14 RMSE(val)=57.872812
[GA][Iter4] Gen:14 Ind:15 RMSE(val)=54.037527
[GA][Iter4] Gen:14 Ind:16 RMSE(val)=54.037527
[GA][Iter4] Gen:14 Ind:17 RMSE(val)=58.422084
[GA][Iter4] Gen:14 Ind:18 RMSE(val)=54.037527
[GA][Iter4] Gen:14 Ind:19 RMSE(val)=54.037527
[GA][Iter4] Gen:14 Ind:20 RMSE(val)=54.037527
[GA][Iter4] gen=14 best_val_rmse=54.037527
[GA][Iter4] Gen:15 Ind:1 RMSE(val)=54.037527
[GA][Iter4] Gen:15 Ind:2 RMSE(val)=54.037527
[GA][Iter4] Gen:15 Ind:3 RMSE(val)=54.037527
[GA][Iter4] Gen:15 Ind:4 RMSE(val)=54.037527
[GA][Iter4] Gen:15 Ind:5 RMSE(val)=54.037527
[GA][Iter4] Gen:15 Ind:6 RMSE(val)=54.037527
[GA][Iter4] Gen:15 Ind:7 RMSE(val)=54.037527
[GA][Iter4] Gen:15 Ind:8 RMSE(val)=54.037527
[GA][Iter4] Gen:15 Ind:9 RMSE(val)=54.037527
[GA][Iter4] Gen:15 Ind:10 RMSE(val)=54.037527
[GA][Iter4] Gen:15 Ind:11 RMSE(val)=54.037527
[GA][Iter4] Gen:15 Ind:12 RMSE(val)=54.037527
[GA][Iter4] Gen:15 Ind:13 RMSE(val)=54.037527
[GA][Iter4] Gen:15 Ind:14 RMSE(val)=54.037527
[GA][Iter4] Gen:15 Ind:15 RMSE(val)=70.308091
[GA][Iter4] Gen:15 Ind:16 RMSE(val)=54.037527
[GA][Iter4] Gen:15 Ind:17 RMSE(val)=54.037527
[GA][Iter4] Gen:15 Ind:18 RMSE(val)=54.037527
[GA][Iter4] Gen:15 Ind:19 RMSE(val)=54.037527
[GA][Iter4] Gen:15 Ind:20 RMSE(val)=54.291567
[GA][Iter4] gen=15 best_val_rmse=54.037527
[GA][Iter4] Gen:15 Ind:1 RMSE(val)=54.037527
[GA][Iter4] Gen:15 Ind:2 RMSE(val)=54.037527
[GA][Iter4] Gen:15 Ind:3 RMSE(val)=54.037527
[GA][Iter4] Gen:15 Ind:4 RMSE(val)=54.037527
[GA][Iter4] Gen:15 Ind:5 RMSE(val)=54.037527
[GA][Iter4] Gen:15 Ind:6 RMSE(val)=54.037527
[GA][Iter4] Gen:15 Ind:7 RMSE(val)=54.037527
[GA][Iter4] Gen:15 Ind:8 RMSE(val)=54.037527
[GA][Iter4] Gen:15 Ind:9 RMSE(val)=54.037527
[GA][Iter4] Gen:15 Ind:10 RMSE(val)=54.037527
[GA][Iter4] Gen:15 Ind:11 RMSE(val)=99.246798
[GA][Iter4] Gen:15 Ind:12 RMSE(val)=54.037527
[GA][Iter4] Gen:15 Ind:13 RMSE(val)=54.037527
[GA][Iter4] Gen:15 Ind:14 RMSE(val)=54.037527
[GA][Iter4] Gen:15 Ind:15 RMSE(val)=54.037527
[GA][Iter4] Gen:15 Ind:16 RMSE(val)=54.037527
[GA][Iter4] Gen:15 Ind:17 RMSE(val)=54.037527
[GA][Iter4] Gen:15 Ind:18 RMSE(val)=54.037527
[GA][Iter4] Gen:15 Ind:19 RMSE(val)=54.037527
[GA][Iter4] Gen:15 Ind:20 RMSE(val)=62.761021

[GA DONE][Iter4] Best params on val fold of Iter4
Best val RMSE: 54.037527
Best params: {'max_depth': 7, 'min_samples_split': 23, 'min_samples_leaf': 9, 'max_features': None, 'splitter': 'random', 'criterion': 'friedman_mse'}
--------------------------------------------------------------------------------
[RETUNE GA] Iter4: train folds 1..8 -> test fold 9  RMSE=102.573299  NRMSE=1.111905  CVRMSE=0.088507  R2=-0.250879
[GA][Iter5] Gen:1 Ind:1 RMSE(val)=129.178199
[GA][Iter5] Gen:1 Ind:2 RMSE(val)=99.970054
[GA][Iter5] Gen:1 Ind:3 RMSE(val)=107.167428
[GA][Iter5] Gen:1 Ind:4 RMSE(val)=106.627694
[GA][Iter5] Gen:1 Ind:5 RMSE(val)=100.797119
[GA][Iter5] Gen:1 Ind:6 RMSE(val)=103.345197
[GA][Iter5] Gen:1 Ind:7 RMSE(val)=97.235562
[GA][Iter5] Gen:1 Ind:8 RMSE(val)=104.293256
[GA][Iter5] Gen:1 Ind:9 RMSE(val)=101.458879
[GA][Iter5] Gen:1 Ind:10 RMSE(val)=144.362109
[GA][Iter5] Gen:1 Ind:11 RMSE(val)=101.151796
[GA][Iter5] Gen:1 Ind:12 RMSE(val)=106.411026
[GA][Iter5] Gen:1 Ind:13 RMSE(val)=158.864603
[GA][Iter5] Gen:1 Ind:14 RMSE(val)=104.813193
[GA][Iter5] Gen:1 Ind:15 RMSE(val)=112.814844
[GA][Iter5] Gen:1 Ind:16 RMSE(val)=114.437413
[GA][Iter5] Gen:1 Ind:17 RMSE(val)=108.942752
[GA][Iter5] Gen:1 Ind:18 RMSE(val)=105.586500
[GA][Iter5] Gen:1 Ind:19 RMSE(val)=110.632362
[GA][Iter5] Gen:1 Ind:20 RMSE(val)=156.681828
[GA][Iter5] gen=1 best_val_rmse=97.235562
[GA][Iter5] Gen:2 Ind:1 RMSE(val)=97.235562
[GA][Iter5] Gen:2 Ind:2 RMSE(val)=99.970054
[GA][Iter5] Gen:2 Ind:3 RMSE(val)=100.797119
[GA][Iter5] Gen:2 Ind:4 RMSE(val)=101.151796
[GA][Iter5] Gen:2 Ind:5 RMSE(val)=101.458879
[GA][Iter5] Gen:2 Ind:6 RMSE(val)=103.345197
[GA][Iter5] Gen:2 Ind:7 RMSE(val)=104.293256
[GA][Iter5] Gen:2 Ind:8 RMSE(val)=104.813193
[GA][Iter5] Gen:2 Ind:9 RMSE(val)=105.586500
[GA][Iter5] Gen:2 Ind:10 RMSE(val)=106.411026
[GA][Iter5] Gen:2 Ind:11 RMSE(val)=103.076625
[GA][Iter5] Gen:2 Ind:12 RMSE(val)=99.970054
[GA][Iter5] Gen:2 Ind:13 RMSE(val)=105.586500
[GA][Iter5] Gen:2 Ind:14 RMSE(val)=103.345197
[GA][Iter5] Gen:2 Ind:15 RMSE(val)=100.659439
[GA][Iter5] Gen:2 Ind:16 RMSE(val)=92.750577
[GA][Iter5] Gen:2 Ind:17 RMSE(val)=107.960128
[GA][Iter5] Gen:2 Ind:18 RMSE(val)=105.586500
[GA][Iter5] Gen:2 Ind:19 RMSE(val)=96.850076
[GA][Iter5] Gen:2 Ind:20 RMSE(val)=97.235562
[GA][Iter5] gen=2 best_val_rmse=92.750577
[GA][Iter5] Gen:3 Ind:1 RMSE(val)=92.750577
[GA][Iter5] Gen:3 Ind:2 RMSE(val)=96.850076
[GA][Iter5] Gen:3 Ind:3 RMSE(val)=97.235562
[GA][Iter5] Gen:3 Ind:4 RMSE(val)=97.235562
[GA][Iter5] Gen:3 Ind:5 RMSE(val)=99.970054
[GA][Iter5] Gen:3 Ind:6 RMSE(val)=99.970054
[GA][Iter5] Gen:3 Ind:7 RMSE(val)=100.659439
[GA][Iter5] Gen:3 Ind:8 RMSE(val)=100.797119
[GA][Iter5] Gen:3 Ind:9 RMSE(val)=101.151796
[GA][Iter5] Gen:3 Ind:10 RMSE(val)=101.458879
[GA][Iter5] Gen:3 Ind:11 RMSE(val)=103.345197
[GA][Iter5] Gen:3 Ind:12 RMSE(val)=96.956379
[GA][Iter5] Gen:3 Ind:13 RMSE(val)=97.084840
[GA][Iter5] Gen:3 Ind:14 RMSE(val)=93.392883
[GA][Iter5] Gen:3 Ind:15 RMSE(val)=99.970054
[GA][Iter5] Gen:3 Ind:16 RMSE(val)=116.226253
[GA][Iter5] Gen:3 Ind:17 RMSE(val)=97.235562
[GA][Iter5] Gen:3 Ind:18 RMSE(val)=103.345197
[GA][Iter5] Gen:3 Ind:19 RMSE(val)=97.030801
[GA][Iter5] Gen:3 Ind:20 RMSE(val)=96.166662
[GA][Iter5] gen=3 best_val_rmse=92.750577
[GA][Iter5] Gen:4 Ind:1 RMSE(val)=92.750577
[GA][Iter5] Gen:4 Ind:2 RMSE(val)=93.392883
[GA][Iter5] Gen:4 Ind:3 RMSE(val)=96.166662
[GA][Iter5] Gen:4 Ind:4 RMSE(val)=96.850076
[GA][Iter5] Gen:4 Ind:5 RMSE(val)=96.956379
[GA][Iter5] Gen:4 Ind:6 RMSE(val)=97.030801
[GA][Iter5] Gen:4 Ind:7 RMSE(val)=97.084840
[GA][Iter5] Gen:4 Ind:8 RMSE(val)=97.235562
[GA][Iter5] Gen:4 Ind:9 RMSE(val)=97.235562
[GA][Iter5] Gen:4 Ind:10 RMSE(val)=97.235562
[GA][Iter5] Gen:4 Ind:11 RMSE(val)=97.235562
[GA][Iter5] Gen:4 Ind:12 RMSE(val)=96.667565
[GA][Iter5] Gen:4 Ind:13 RMSE(val)=106.269073
[GA][Iter5] Gen:4 Ind:14 RMSE(val)=97.084840
[GA][Iter5] Gen:4 Ind:15 RMSE(val)=97.235562
[GA][Iter5] Gen:4 Ind:16 RMSE(val)=97.030801
[GA][Iter5] Gen:4 Ind:17 RMSE(val)=100.498632
[GA][Iter5] Gen:4 Ind:18 RMSE(val)=101.151796
[GA][Iter5] Gen:4 Ind:19 RMSE(val)=96.850076
[GA][Iter5] Gen:4 Ind:20 RMSE(val)=97.084840
[GA][Iter5] gen=4 best_val_rmse=92.750577
[GA][Iter5] Gen:5 Ind:1 RMSE(val)=92.750577
[GA][Iter5] Gen:5 Ind:2 RMSE(val)=93.392883
[GA][Iter5] Gen:5 Ind:3 RMSE(val)=96.166662
[GA][Iter5] Gen:5 Ind:4 RMSE(val)=96.667565
[GA][Iter5] Gen:5 Ind:5 RMSE(val)=96.850076
[GA][Iter5] Gen:5 Ind:6 RMSE(val)=96.850076
[GA][Iter5] Gen:5 Ind:7 RMSE(val)=96.956379
[GA][Iter5] Gen:5 Ind:8 RMSE(val)=97.030801
[GA][Iter5] Gen:5 Ind:9 RMSE(val)=97.030801
[GA][Iter5] Gen:5 Ind:10 RMSE(val)=97.084840
[GA][Iter5] Gen:5 Ind:11 RMSE(val)=93.392883
[GA][Iter5] Gen:5 Ind:12 RMSE(val)=97.235562
[GA][Iter5] Gen:5 Ind:13 RMSE(val)=96.850076
[GA][Iter5] Gen:5 Ind:14 RMSE(val)=97.553778
[GA][Iter5] Gen:5 Ind:15 RMSE(val)=110.478864
[GA][Iter5] Gen:5 Ind:16 RMSE(val)=97.030801
[GA][Iter5] Gen:5 Ind:17 RMSE(val)=106.269073
[GA][Iter5] Gen:5 Ind:18 RMSE(val)=92.750577
[GA][Iter5] Gen:5 Ind:19 RMSE(val)=92.750577
[GA][Iter5] Gen:5 Ind:20 RMSE(val)=97.290047
[GA][Iter5] gen=5 best_val_rmse=92.750577
[GA][Iter5] Gen:6 Ind:1 RMSE(val)=92.750577
[GA][Iter5] Gen:6 Ind:2 RMSE(val)=92.750577
[GA][Iter5] Gen:6 Ind:3 RMSE(val)=92.750577
[GA][Iter5] Gen:6 Ind:4 RMSE(val)=93.392883
[GA][Iter5] Gen:6 Ind:5 RMSE(val)=93.392883
[GA][Iter5] Gen:6 Ind:6 RMSE(val)=96.166662
[GA][Iter5] Gen:6 Ind:7 RMSE(val)=96.667565
[GA][Iter5] Gen:6 Ind:8 RMSE(val)=96.850076
[GA][Iter5] Gen:6 Ind:9 RMSE(val)=96.850076
[GA][Iter5] Gen:6 Ind:10 RMSE(val)=96.850076
[GA][Iter5] Gen:6 Ind:11 RMSE(val)=96.667565
[GA][Iter5] Gen:6 Ind:12 RMSE(val)=96.850076
[GA][Iter5] Gen:6 Ind:13 RMSE(val)=96.850076
[GA][Iter5] Gen:6 Ind:14 RMSE(val)=96.667565
[GA][Iter5] Gen:6 Ind:15 RMSE(val)=93.392883
[GA][Iter5] Gen:6 Ind:16 RMSE(val)=93.392883
[GA][Iter5] Gen:6 Ind:17 RMSE(val)=96.850076
[GA][Iter5] Gen:6 Ind:18 RMSE(val)=92.750577
[GA][Iter5] Gen:6 Ind:19 RMSE(val)=92.750577
[GA][Iter5] Gen:6 Ind:20 RMSE(val)=92.750577
[GA][Iter5] gen=6 best_val_rmse=92.750577
[GA][Iter5] Gen:7 Ind:1 RMSE(val)=92.750577
[GA][Iter5] Gen:7 Ind:2 RMSE(val)=92.750577
[GA][Iter5] Gen:7 Ind:3 RMSE(val)=92.750577
[GA][Iter5] Gen:7 Ind:4 RMSE(val)=92.750577
[GA][Iter5] Gen:7 Ind:5 RMSE(val)=92.750577
[GA][Iter5] Gen:7 Ind:6 RMSE(val)=92.750577
[GA][Iter5] Gen:7 Ind:7 RMSE(val)=93.392883
[GA][Iter5] Gen:7 Ind:8 RMSE(val)=93.392883
[GA][Iter5] Gen:7 Ind:9 RMSE(val)=93.392883
[GA][Iter5] Gen:7 Ind:10 RMSE(val)=93.392883
[GA][Iter5] Gen:7 Ind:11 RMSE(val)=93.392883
[GA][Iter5] Gen:7 Ind:12 RMSE(val)=92.750577
[GA][Iter5] Gen:7 Ind:13 RMSE(val)=92.750577
[GA][Iter5] Gen:7 Ind:14 RMSE(val)=92.750577
[GA][Iter5] Gen:7 Ind:15 RMSE(val)=92.750577
[GA][Iter5] Gen:7 Ind:16 RMSE(val)=93.392883
[GA][Iter5] Gen:7 Ind:17 RMSE(val)=92.750577
[GA][Iter5] Gen:7 Ind:18 RMSE(val)=93.392883
[GA][Iter5] Gen:7 Ind:19 RMSE(val)=93.392883
[GA][Iter5] Gen:7 Ind:20 RMSE(val)=92.750577
[GA][Iter5] gen=7 best_val_rmse=92.750577
[GA][Iter5] Gen:8 Ind:1 RMSE(val)=92.750577
[GA][Iter5] Gen:8 Ind:2 RMSE(val)=92.750577
[GA][Iter5] Gen:8 Ind:3 RMSE(val)=92.750577
[GA][Iter5] Gen:8 Ind:4 RMSE(val)=92.750577
[GA][Iter5] Gen:8 Ind:5 RMSE(val)=92.750577
[GA][Iter5] Gen:8 Ind:6 RMSE(val)=92.750577
[GA][Iter5] Gen:8 Ind:7 RMSE(val)=92.750577
[GA][Iter5] Gen:8 Ind:8 RMSE(val)=92.750577
[GA][Iter5] Gen:8 Ind:9 RMSE(val)=92.750577
[GA][Iter5] Gen:8 Ind:10 RMSE(val)=92.750577
[GA][Iter5] Gen:8 Ind:11 RMSE(val)=92.750577
[GA][Iter5] Gen:8 Ind:12 RMSE(val)=92.750577
[GA][Iter5] Gen:8 Ind:13 RMSE(val)=92.750577
[GA][Iter5] Gen:8 Ind:14 RMSE(val)=92.750577
[GA][Iter5] Gen:8 Ind:15 RMSE(val)=92.750577
[GA][Iter5] Gen:8 Ind:16 RMSE(val)=92.750577
[GA][Iter5] Gen:8 Ind:17 RMSE(val)=92.750577
[GA][Iter5] Gen:8 Ind:18 RMSE(val)=92.750577
[GA][Iter5] Gen:8 Ind:19 RMSE(val)=92.750577
[GA][Iter5] Gen:8 Ind:20 RMSE(val)=92.750577
[GA][Iter5] gen=8 best_val_rmse=92.750577
[GA][Iter5] Gen:9 Ind:1 RMSE(val)=92.750577
[GA][Iter5] Gen:9 Ind:2 RMSE(val)=92.750577
[GA][Iter5] Gen:9 Ind:3 RMSE(val)=92.750577
[GA][Iter5] Gen:9 Ind:4 RMSE(val)=92.750577
[GA][Iter5] Gen:9 Ind:5 RMSE(val)=92.750577
[GA][Iter5] Gen:9 Ind:6 RMSE(val)=92.750577
[GA][Iter5] Gen:9 Ind:7 RMSE(val)=92.750577
[GA][Iter5] Gen:9 Ind:8 RMSE(val)=92.750577
[GA][Iter5] Gen:9 Ind:9 RMSE(val)=92.750577
[GA][Iter5] Gen:9 Ind:10 RMSE(val)=92.750577
[GA][Iter5] Gen:9 Ind:11 RMSE(val)=92.750577
[GA][Iter5] Gen:9 Ind:12 RMSE(val)=92.750577
[GA][Iter5] Gen:9 Ind:13 RMSE(val)=106.269073
[GA][Iter5] Gen:9 Ind:14 RMSE(val)=95.268597
[GA][Iter5] Gen:9 Ind:15 RMSE(val)=92.750577
[GA][Iter5] Gen:9 Ind:16 RMSE(val)=98.325614
[GA][Iter5] Gen:9 Ind:17 RMSE(val)=98.325614
[GA][Iter5] Gen:9 Ind:18 RMSE(val)=105.586500
[GA][Iter5] Gen:9 Ind:19 RMSE(val)=92.750577
[GA][Iter5] Gen:9 Ind:20 RMSE(val)=92.750577
[GA][Iter5] gen=9 best_val_rmse=92.750577
[GA][Iter5] Gen:10 Ind:1 RMSE(val)=92.750577
[GA][Iter5] Gen:10 Ind:2 RMSE(val)=92.750577
[GA][Iter5] Gen:10 Ind:3 RMSE(val)=92.750577
[GA][Iter5] Gen:10 Ind:4 RMSE(val)=92.750577
[GA][Iter5] Gen:10 Ind:5 RMSE(val)=92.750577
[GA][Iter5] Gen:10 Ind:6 RMSE(val)=92.750577
[GA][Iter5] Gen:10 Ind:7 RMSE(val)=92.750577
[GA][Iter5] Gen:10 Ind:8 RMSE(val)=92.750577
[GA][Iter5] Gen:10 Ind:9 RMSE(val)=92.750577
[GA][Iter5] Gen:10 Ind:10 RMSE(val)=92.750577
[GA][Iter5] Gen:10 Ind:11 RMSE(val)=92.750577
[GA][Iter5] Gen:10 Ind:12 RMSE(val)=92.750577
[GA][Iter5] Gen:10 Ind:13 RMSE(val)=92.750577
[GA][Iter5] Gen:10 Ind:14 RMSE(val)=92.750577
[GA][Iter5] Gen:10 Ind:15 RMSE(val)=92.750577
[GA][Iter5] Gen:10 Ind:16 RMSE(val)=92.750577
[GA][Iter5] Gen:10 Ind:17 RMSE(val)=92.750577
[GA][Iter5] Gen:10 Ind:18 RMSE(val)=98.325614
[GA][Iter5] Gen:10 Ind:19 RMSE(val)=92.750577
[GA][Iter5] Gen:10 Ind:20 RMSE(val)=92.750577
[GA][Iter5] gen=10 best_val_rmse=92.750577
[GA][Iter5] Gen:11 Ind:1 RMSE(val)=92.750577
[GA][Iter5] Gen:11 Ind:2 RMSE(val)=92.750577
[GA][Iter5] Gen:11 Ind:3 RMSE(val)=92.750577
[GA][Iter5] Gen:11 Ind:4 RMSE(val)=92.750577
[GA][Iter5] Gen:11 Ind:5 RMSE(val)=92.750577
[GA][Iter5] Gen:11 Ind:6 RMSE(val)=92.750577
[GA][Iter5] Gen:11 Ind:7 RMSE(val)=92.750577
[GA][Iter5] Gen:11 Ind:8 RMSE(val)=92.750577
[GA][Iter5] Gen:11 Ind:9 RMSE(val)=92.750577
[GA][Iter5] Gen:11 Ind:10 RMSE(val)=92.750577
[GA][Iter5] Gen:11 Ind:11 RMSE(val)=92.750577
[GA][Iter5] Gen:11 Ind:12 RMSE(val)=92.750577
[GA][Iter5] Gen:11 Ind:13 RMSE(val)=92.750577
[GA][Iter5] Gen:11 Ind:14 RMSE(val)=92.750577
[GA][Iter5] Gen:11 Ind:15 RMSE(val)=92.750577
[GA][Iter5] Gen:11 Ind:16 RMSE(val)=92.750577
[GA][Iter5] Gen:11 Ind:17 RMSE(val)=92.750577
[GA][Iter5] Gen:11 Ind:18 RMSE(val)=92.750577
[GA][Iter5] Gen:11 Ind:19 RMSE(val)=92.750577
[GA][Iter5] Gen:11 Ind:20 RMSE(val)=92.750577
[GA][Iter5] gen=11 best_val_rmse=92.750577
[GA][Iter5] Gen:12 Ind:1 RMSE(val)=92.750577
[GA][Iter5] Gen:12 Ind:2 RMSE(val)=92.750577
[GA][Iter5] Gen:12 Ind:3 RMSE(val)=92.750577
[GA][Iter5] Gen:12 Ind:4 RMSE(val)=92.750577
[GA][Iter5] Gen:12 Ind:5 RMSE(val)=92.750577
[GA][Iter5] Gen:12 Ind:6 RMSE(val)=92.750577
[GA][Iter5] Gen:12 Ind:7 RMSE(val)=92.750577
[GA][Iter5] Gen:12 Ind:8 RMSE(val)=92.750577
[GA][Iter5] Gen:12 Ind:9 RMSE(val)=92.750577
[GA][Iter5] Gen:12 Ind:10 RMSE(val)=92.750577
[GA][Iter5] Gen:12 Ind:11 RMSE(val)=92.750577
[GA][Iter5] Gen:12 Ind:12 RMSE(val)=92.750577
[GA][Iter5] Gen:12 Ind:13 RMSE(val)=92.750577
[GA][Iter5] Gen:12 Ind:14 RMSE(val)=106.269073
[GA][Iter5] Gen:12 Ind:15 RMSE(val)=102.134957
[GA][Iter5] Gen:12 Ind:16 RMSE(val)=92.750577
[GA][Iter5] Gen:12 Ind:17 RMSE(val)=92.750577
[GA][Iter5] Gen:12 Ind:18 RMSE(val)=92.750577
[GA][Iter5] Gen:12 Ind:19 RMSE(val)=97.030801
[GA][Iter5] Gen:12 Ind:20 RMSE(val)=92.750577
[GA][Iter5] gen=12 best_val_rmse=92.750577
[GA][Iter5] Gen:13 Ind:1 RMSE(val)=92.750577
[GA][Iter5] Gen:13 Ind:2 RMSE(val)=92.750577
[GA][Iter5] Gen:13 Ind:3 RMSE(val)=92.750577
[GA][Iter5] Gen:13 Ind:4 RMSE(val)=92.750577
[GA][Iter5] Gen:13 Ind:5 RMSE(val)=92.750577
[GA][Iter5] Gen:13 Ind:6 RMSE(val)=92.750577
[GA][Iter5] Gen:13 Ind:7 RMSE(val)=92.750577
[GA][Iter5] Gen:13 Ind:8 RMSE(val)=92.750577
[GA][Iter5] Gen:13 Ind:9 RMSE(val)=92.750577
[GA][Iter5] Gen:13 Ind:10 RMSE(val)=92.750577
[GA][Iter5] Gen:13 Ind:11 RMSE(val)=92.750577
[GA][Iter5] Gen:13 Ind:12 RMSE(val)=92.750577
[GA][Iter5] Gen:13 Ind:13 RMSE(val)=92.750577
[GA][Iter5] Gen:13 Ind:14 RMSE(val)=92.750577
[GA][Iter5] Gen:13 Ind:15 RMSE(val)=92.750577
[GA][Iter5] Gen:13 Ind:16 RMSE(val)=92.750577
[GA][Iter5] Gen:13 Ind:17 RMSE(val)=92.750577
[GA][Iter5] Gen:13 Ind:18 RMSE(val)=106.269073
[GA][Iter5] Gen:13 Ind:19 RMSE(val)=92.750577
[GA][Iter5] Gen:13 Ind:20 RMSE(val)=92.750577
[GA][Iter5] gen=13 best_val_rmse=92.750577
[GA][Iter5] Gen:14 Ind:1 RMSE(val)=92.750577
[GA][Iter5] Gen:14 Ind:2 RMSE(val)=92.750577
[GA][Iter5] Gen:14 Ind:3 RMSE(val)=92.750577
[GA][Iter5] Gen:14 Ind:4 RMSE(val)=92.750577
[GA][Iter5] Gen:14 Ind:5 RMSE(val)=92.750577
[GA][Iter5] Gen:14 Ind:6 RMSE(val)=92.750577
[GA][Iter5] Gen:14 Ind:7 RMSE(val)=92.750577
[GA][Iter5] Gen:14 Ind:8 RMSE(val)=92.750577
[GA][Iter5] Gen:14 Ind:9 RMSE(val)=92.750577
[GA][Iter5] Gen:14 Ind:10 RMSE(val)=92.750577
[GA][Iter5] Gen:14 Ind:11 RMSE(val)=92.750577
[GA][Iter5] Gen:14 Ind:12 RMSE(val)=92.750577
[GA][Iter5] Gen:14 Ind:13 RMSE(val)=92.750577
[GA][Iter5] Gen:14 Ind:14 RMSE(val)=92.750577
[GA][Iter5] Gen:14 Ind:15 RMSE(val)=92.750577
[GA][Iter5] Gen:14 Ind:16 RMSE(val)=92.750577
[GA][Iter5] Gen:14 Ind:17 RMSE(val)=97.030801
[GA][Iter5] Gen:14 Ind:18 RMSE(val)=92.750577
[GA][Iter5] Gen:14 Ind:19 RMSE(val)=92.750577
[GA][Iter5] Gen:14 Ind:20 RMSE(val)=92.750577
[GA][Iter5] gen=14 best_val_rmse=92.750577
[GA][Iter5] Gen:15 Ind:1 RMSE(val)=92.750577
[GA][Iter5] Gen:15 Ind:2 RMSE(val)=92.750577
[GA][Iter5] Gen:15 Ind:3 RMSE(val)=92.750577
[GA][Iter5] Gen:15 Ind:4 RMSE(val)=92.750577
[GA][Iter5] Gen:15 Ind:5 RMSE(val)=92.750577
[GA][Iter5] Gen:15 Ind:6 RMSE(val)=92.750577
[GA][Iter5] Gen:15 Ind:7 RMSE(val)=92.750577
[GA][Iter5] Gen:15 Ind:8 RMSE(val)=92.750577
[GA][Iter5] Gen:15 Ind:9 RMSE(val)=92.750577
[GA][Iter5] Gen:15 Ind:10 RMSE(val)=92.750577
[GA][Iter5] Gen:15 Ind:11 RMSE(val)=92.750577
[GA][Iter5] Gen:15 Ind:12 RMSE(val)=92.750577
[GA][Iter5] Gen:15 Ind:13 RMSE(val)=92.750577
[GA][Iter5] Gen:15 Ind:14 RMSE(val)=92.750577
[GA][Iter5] Gen:15 Ind:15 RMSE(val)=92.750577
[GA][Iter5] Gen:15 Ind:16 RMSE(val)=92.750577
[GA][Iter5] Gen:15 Ind:17 RMSE(val)=92.750577
[GA][Iter5] Gen:15 Ind:18 RMSE(val)=92.750577
[GA][Iter5] Gen:15 Ind:19 RMSE(val)=92.750577
[GA][Iter5] Gen:15 Ind:20 RMSE(val)=92.750577
[GA][Iter5] gen=15 best_val_rmse=92.750577
[GA][Iter5] Gen:15 Ind:1 RMSE(val)=92.750577
[GA][Iter5] Gen:15 Ind:2 RMSE(val)=92.750577
[GA][Iter5] Gen:15 Ind:3 RMSE(val)=92.750577
[GA][Iter5] Gen:15 Ind:4 RMSE(val)=92.750577
[GA][Iter5] Gen:15 Ind:5 RMSE(val)=92.750577
[GA][Iter5] Gen:15 Ind:6 RMSE(val)=92.750577
[GA][Iter5] Gen:15 Ind:7 RMSE(val)=92.750577
[GA][Iter5] Gen:15 Ind:8 RMSE(val)=92.750577
[GA][Iter5] Gen:15 Ind:9 RMSE(val)=92.750577
[GA][Iter5] Gen:15 Ind:10 RMSE(val)=92.750577
[GA][Iter5] Gen:15 Ind:11 RMSE(val)=98.325614
[GA][Iter5] Gen:15 Ind:12 RMSE(val)=92.750577
[GA][Iter5] Gen:15 Ind:13 RMSE(val)=92.750577
[GA][Iter5] Gen:15 Ind:14 RMSE(val)=92.750577
[GA][Iter5] Gen:15 Ind:15 RMSE(val)=92.750577
[GA][Iter5] Gen:15 Ind:16 RMSE(val)=92.750577
[GA][Iter5] Gen:15 Ind:17 RMSE(val)=92.750577
[GA][Iter5] Gen:15 Ind:18 RMSE(val)=92.750577
[GA][Iter5] Gen:15 Ind:19 RMSE(val)=92.750577
[GA][Iter5] Gen:15 Ind:20 RMSE(val)=102.199041

[GA DONE][Iter5] Best params on val fold of Iter5
Best val RMSE: 92.750577
Best params: {'max_depth': 28, 'min_samples_split': 3, 'min_samples_leaf': 8, 'max_features': None, 'splitter': 'best', 'criterion': 'friedman_mse'}
--------------------------------------------------------------------------------
[RETUNE GA] Iter5: train folds 1..9 -> test fold 10  RMSE=48.676925  NRMSE=1.340608  CVRMSE=0.042303  R2=-0.818373
