=== BASELINE (project=filterlists, last-7 mean, expanding folds) ===
Iter1: train folds 1..5 -> test fold 6  RMSE=40.2658  NRMSE=1.0256  CVRMSE=0.5243  R˛=-0.0632
Iter2: train folds 1..6 -> test fold 7  RMSE=48.4089  NRMSE=1.0567  CVRMSE=0.4445  R˛=-0.1289
Iter3: train folds 1..7 -> test fold 8  RMSE=42.6465  NRMSE=1.0572  CVRMSE=0.4042  R˛=-0.1299
Iter4: train folds 1..8 -> test fold 9  RMSE=54.0967  NRMSE=1.0492  CVRMSE=0.4844  R˛=-0.1128
Iter5: train folds 1..9 -> test fold 10  RMSE=41.0037  NRMSE=1.0631  CVRMSE=0.4044  R˛=-0.1424
--------------------------------------------------
[FEATURES] initial=91 kept_after_screening=29
['workflow_event_trigger', 'issuer_name', 'gh_files_added', 'gh_is_pr', 'gh_sloc', 'gh_description_complexity', 'gh_src_files', 'gh_other_files', 'git_num_committers', 'total_jobs', 'gh_team_size_last_3_month', 'gh_num_pr_comments', 'gh_test_lines_per_kloc', 'hour', 'dow', 'month', 'secs_since_prev', 'duration_lag_1', 'duration_lag_3', 'duration_lag_4', 'duration_lag_5', 'duration_lag_6', 'window_avg_7', 'window_std_7', 'window_avg_3', 'window_std_3', 'ft___yml_', 'ft____json_', 'ft____sh_']
--------------------------------------------------------------------------------
[GA][Iter1] Gen:1 Ind:1 RMSE(val)=20.937356
[GA][Iter1] Gen:1 Ind:2 RMSE(val)=8.888194
[GA][Iter1] Gen:1 Ind:3 RMSE(val)=10.663078
[GA][Iter1] Gen:1 Ind:4 RMSE(val)=38.835715
[GA][Iter1] Gen:1 Ind:5 RMSE(val)=28.633568
[GA][Iter1] Gen:1 Ind:6 RMSE(val)=8.892383
[GA][Iter1] Gen:1 Ind:7 RMSE(val)=10.046260
[GA][Iter1] Gen:1 Ind:8 RMSE(val)=8.632639
[GA][Iter1] Gen:1 Ind:9 RMSE(val)=16.979337
[GA][Iter1] Gen:1 Ind:10 RMSE(val)=45.109088
[GA][Iter1] Gen:1 Ind:11 RMSE(val)=9.937365
[GA][Iter1] Gen:1 Ind:12 RMSE(val)=25.602070
[GA][Iter1] Gen:1 Ind:13 RMSE(val)=41.608388
[GA][Iter1] Gen:1 Ind:14 RMSE(val)=30.188945
[GA][Iter1] Gen:1 Ind:15 RMSE(val)=38.165652
[GA][Iter1] Gen:1 Ind:16 RMSE(val)=20.179944
[GA][Iter1] Gen:1 Ind:17 RMSE(val)=17.821291
[GA][Iter1] Gen:1 Ind:18 RMSE(val)=8.953362
[GA][Iter1] Gen:1 Ind:19 RMSE(val)=8.755018
[GA][Iter1] Gen:1 Ind:20 RMSE(val)=39.341490
[GA][Iter1] gen=1 best_val_rmse=8.632639
[GA][Iter1] Gen:2 Ind:1 RMSE(val)=8.632639
[GA][Iter1] Gen:2 Ind:2 RMSE(val)=8.755018
[GA][Iter1] Gen:2 Ind:3 RMSE(val)=8.888194
[GA][Iter1] Gen:2 Ind:4 RMSE(val)=8.892383
[GA][Iter1] Gen:2 Ind:5 RMSE(val)=8.953362
[GA][Iter1] Gen:2 Ind:6 RMSE(val)=9.937365
[GA][Iter1] Gen:2 Ind:7 RMSE(val)=10.046260
[GA][Iter1] Gen:2 Ind:8 RMSE(val)=10.663078
[GA][Iter1] Gen:2 Ind:9 RMSE(val)=16.979337
[GA][Iter1] Gen:2 Ind:10 RMSE(val)=17.821291
[GA][Iter1] Gen:2 Ind:11 RMSE(val)=10.035942
[GA][Iter1] Gen:2 Ind:12 RMSE(val)=9.585689
[GA][Iter1] Gen:2 Ind:13 RMSE(val)=8.892383
[GA][Iter1] Gen:2 Ind:14 RMSE(val)=39.025497
[GA][Iter1] Gen:2 Ind:15 RMSE(val)=38.460156
[GA][Iter1] Gen:2 Ind:16 RMSE(val)=54.706898
[GA][Iter1] Gen:2 Ind:17 RMSE(val)=31.220826
[GA][Iter1] Gen:2 Ind:18 RMSE(val)=16.979337
[GA][Iter1] Gen:2 Ind:19 RMSE(val)=31.220826
[GA][Iter1] Gen:2 Ind:20 RMSE(val)=8.632639
[GA][Iter1] gen=2 best_val_rmse=8.632639
[GA][Iter1] Gen:3 Ind:1 RMSE(val)=8.632639
[GA][Iter1] Gen:3 Ind:2 RMSE(val)=8.632639
[GA][Iter1] Gen:3 Ind:3 RMSE(val)=8.755018
[GA][Iter1] Gen:3 Ind:4 RMSE(val)=8.888194
[GA][Iter1] Gen:3 Ind:5 RMSE(val)=8.892383
[GA][Iter1] Gen:3 Ind:6 RMSE(val)=8.892383
[GA][Iter1] Gen:3 Ind:7 RMSE(val)=8.953362
[GA][Iter1] Gen:3 Ind:8 RMSE(val)=9.585689
[GA][Iter1] Gen:3 Ind:9 RMSE(val)=9.937365
[GA][Iter1] Gen:3 Ind:10 RMSE(val)=10.035942
[GA][Iter1] Gen:3 Ind:11 RMSE(val)=8.953362
[GA][Iter1] Gen:3 Ind:12 RMSE(val)=8.632639
[GA][Iter1] Gen:3 Ind:13 RMSE(val)=8.986396
[GA][Iter1] Gen:3 Ind:14 RMSE(val)=8.632639
[GA][Iter1] Gen:3 Ind:15 RMSE(val)=8.806429
[GA][Iter1] Gen:3 Ind:16 RMSE(val)=40.281940
[GA][Iter1] Gen:3 Ind:17 RMSE(val)=10.576856
[GA][Iter1] Gen:3 Ind:18 RMSE(val)=8.940108
[GA][Iter1] Gen:3 Ind:19 RMSE(val)=8.888194
[GA][Iter1] Gen:3 Ind:20 RMSE(val)=8.866327
[GA][Iter1] gen=3 best_val_rmse=8.632639
[GA][Iter1] Gen:4 Ind:1 RMSE(val)=8.632639
[GA][Iter1] Gen:4 Ind:2 RMSE(val)=8.632639
[GA][Iter1] Gen:4 Ind:3 RMSE(val)=8.632639
[GA][Iter1] Gen:4 Ind:4 RMSE(val)=8.632639
[GA][Iter1] Gen:4 Ind:5 RMSE(val)=8.755018
[GA][Iter1] Gen:4 Ind:6 RMSE(val)=8.806429
[GA][Iter1] Gen:4 Ind:7 RMSE(val)=8.866327
[GA][Iter1] Gen:4 Ind:8 RMSE(val)=8.888194
[GA][Iter1] Gen:4 Ind:9 RMSE(val)=8.888194
[GA][Iter1] Gen:4 Ind:10 RMSE(val)=8.892383
[GA][Iter1] Gen:4 Ind:11 RMSE(val)=8.892383
[GA][Iter1] Gen:4 Ind:12 RMSE(val)=9.050963
[GA][Iter1] Gen:4 Ind:13 RMSE(val)=32.322959
[GA][Iter1] Gen:4 Ind:14 RMSE(val)=8.888194
[GA][Iter1] Gen:4 Ind:15 RMSE(val)=8.866327
[GA][Iter1] Gen:4 Ind:16 RMSE(val)=8.888194
[GA][Iter1] Gen:4 Ind:17 RMSE(val)=8.632639
[GA][Iter1] Gen:4 Ind:18 RMSE(val)=8.632639
[GA][Iter1] Gen:4 Ind:19 RMSE(val)=8.755018
[GA][Iter1] Gen:4 Ind:20 RMSE(val)=8.986396
[GA][Iter1] gen=4 best_val_rmse=8.632639
[GA][Iter1] Gen:5 Ind:1 RMSE(val)=8.632639
[GA][Iter1] Gen:5 Ind:2 RMSE(val)=8.632639
[GA][Iter1] Gen:5 Ind:3 RMSE(val)=8.632639
[GA][Iter1] Gen:5 Ind:4 RMSE(val)=8.632639
[GA][Iter1] Gen:5 Ind:5 RMSE(val)=8.632639
[GA][Iter1] Gen:5 Ind:6 RMSE(val)=8.632639
[GA][Iter1] Gen:5 Ind:7 RMSE(val)=8.755018
[GA][Iter1] Gen:5 Ind:8 RMSE(val)=8.755018
[GA][Iter1] Gen:5 Ind:9 RMSE(val)=8.806429
[GA][Iter1] Gen:5 Ind:10 RMSE(val)=8.866327
[GA][Iter1] Gen:5 Ind:11 RMSE(val)=8.632639
[GA][Iter1] Gen:5 Ind:12 RMSE(val)=8.866327
[GA][Iter1] Gen:5 Ind:13 RMSE(val)=8.632639
[GA][Iter1] Gen:5 Ind:14 RMSE(val)=9.911210
[GA][Iter1] Gen:5 Ind:15 RMSE(val)=32.326533
[GA][Iter1] Gen:5 Ind:16 RMSE(val)=8.552715
[GA][Iter1] Gen:5 Ind:17 RMSE(val)=32.322959
[GA][Iter1] Gen:5 Ind:18 RMSE(val)=32.322959
[GA][Iter1] Gen:5 Ind:19 RMSE(val)=8.632639
[GA][Iter1] Gen:5 Ind:20 RMSE(val)=40.281940
[GA][Iter1] gen=5 best_val_rmse=8.552715
[GA][Iter1] Gen:6 Ind:1 RMSE(val)=8.552715
[GA][Iter1] Gen:6 Ind:2 RMSE(val)=8.632639
[GA][Iter1] Gen:6 Ind:3 RMSE(val)=8.632639
[GA][Iter1] Gen:6 Ind:4 RMSE(val)=8.632639
[GA][Iter1] Gen:6 Ind:5 RMSE(val)=8.632639
[GA][Iter1] Gen:6 Ind:6 RMSE(val)=8.632639
[GA][Iter1] Gen:6 Ind:7 RMSE(val)=8.632639
[GA][Iter1] Gen:6 Ind:8 RMSE(val)=8.632639
[GA][Iter1] Gen:6 Ind:9 RMSE(val)=8.632639
[GA][Iter1] Gen:6 Ind:10 RMSE(val)=8.632639
[GA][Iter1] Gen:6 Ind:11 RMSE(val)=8.632639
[GA][Iter1] Gen:6 Ind:12 RMSE(val)=8.632639
[GA][Iter1] Gen:6 Ind:13 RMSE(val)=8.632639
[GA][Iter1] Gen:6 Ind:14 RMSE(val)=8.632639
[GA][Iter1] Gen:6 Ind:15 RMSE(val)=8.632639
[GA][Iter1] Gen:6 Ind:16 RMSE(val)=8.632639
[GA][Iter1] Gen:6 Ind:17 RMSE(val)=8.632639
[GA][Iter1] Gen:6 Ind:18 RMSE(val)=9.099544
[GA][Iter1] Gen:6 Ind:19 RMSE(val)=8.632639
[GA][Iter1] Gen:6 Ind:20 RMSE(val)=9.099544
[GA][Iter1] gen=6 best_val_rmse=8.552715
[GA][Iter1] Gen:7 Ind:1 RMSE(val)=8.552715
[GA][Iter1] Gen:7 Ind:2 RMSE(val)=8.632639
[GA][Iter1] Gen:7 Ind:3 RMSE(val)=8.632639
[GA][Iter1] Gen:7 Ind:4 RMSE(val)=8.632639
[GA][Iter1] Gen:7 Ind:5 RMSE(val)=8.632639
[GA][Iter1] Gen:7 Ind:6 RMSE(val)=8.632639
[GA][Iter1] Gen:7 Ind:7 RMSE(val)=8.632639
[GA][Iter1] Gen:7 Ind:8 RMSE(val)=8.632639
[GA][Iter1] Gen:7 Ind:9 RMSE(val)=8.632639
[GA][Iter1] Gen:7 Ind:10 RMSE(val)=8.632639
[GA][Iter1] Gen:7 Ind:11 RMSE(val)=8.632639
[GA][Iter1] Gen:7 Ind:12 RMSE(val)=9.911210
[GA][Iter1] Gen:7 Ind:13 RMSE(val)=8.632639
[GA][Iter1] Gen:7 Ind:14 RMSE(val)=8.632639
[GA][Iter1] Gen:7 Ind:15 RMSE(val)=8.632639
[GA][Iter1] Gen:7 Ind:16 RMSE(val)=8.632639
[GA][Iter1] Gen:7 Ind:17 RMSE(val)=8.632639
[GA][Iter1] Gen:7 Ind:18 RMSE(val)=8.632639
[GA][Iter1] Gen:7 Ind:19 RMSE(val)=8.632639
[GA][Iter1] Gen:7 Ind:20 RMSE(val)=8.632639
[GA][Iter1] gen=7 best_val_rmse=8.552715
[GA][Iter1] Gen:8 Ind:1 RMSE(val)=8.552715
[GA][Iter1] Gen:8 Ind:2 RMSE(val)=8.632639
[GA][Iter1] Gen:8 Ind:3 RMSE(val)=8.632639
[GA][Iter1] Gen:8 Ind:4 RMSE(val)=8.632639
[GA][Iter1] Gen:8 Ind:5 RMSE(val)=8.632639
[GA][Iter1] Gen:8 Ind:6 RMSE(val)=8.632639
[GA][Iter1] Gen:8 Ind:7 RMSE(val)=8.632639
[GA][Iter1] Gen:8 Ind:8 RMSE(val)=8.632639
[GA][Iter1] Gen:8 Ind:9 RMSE(val)=8.632639
[GA][Iter1] Gen:8 Ind:10 RMSE(val)=8.632639
[GA][Iter1] Gen:8 Ind:11 RMSE(val)=8.632639
[GA][Iter1] Gen:8 Ind:12 RMSE(val)=8.632639
[GA][Iter1] Gen:8 Ind:13 RMSE(val)=8.632639
[GA][Iter1] Gen:8 Ind:14 RMSE(val)=8.632639
[GA][Iter1] Gen:8 Ind:15 RMSE(val)=8.632639
[GA][Iter1] Gen:8 Ind:16 RMSE(val)=8.632639
[GA][Iter1] Gen:8 Ind:17 RMSE(val)=8.632639
[GA][Iter1] Gen:8 Ind:18 RMSE(val)=8.632639
[GA][Iter1] Gen:8 Ind:19 RMSE(val)=8.824499
[GA][Iter1] Gen:8 Ind:20 RMSE(val)=8.632639
[GA][Iter1] gen=8 best_val_rmse=8.552715
[GA][Iter1] Gen:9 Ind:1 RMSE(val)=8.552715
[GA][Iter1] Gen:9 Ind:2 RMSE(val)=8.632639
[GA][Iter1] Gen:9 Ind:3 RMSE(val)=8.632639
[GA][Iter1] Gen:9 Ind:4 RMSE(val)=8.632639
[GA][Iter1] Gen:9 Ind:5 RMSE(val)=8.632639
[GA][Iter1] Gen:9 Ind:6 RMSE(val)=8.632639
[GA][Iter1] Gen:9 Ind:7 RMSE(val)=8.632639
[GA][Iter1] Gen:9 Ind:8 RMSE(val)=8.632639
[GA][Iter1] Gen:9 Ind:9 RMSE(val)=8.632639
[GA][Iter1] Gen:9 Ind:10 RMSE(val)=8.632639
[GA][Iter1] Gen:9 Ind:11 RMSE(val)=8.632639
[GA][Iter1] Gen:9 Ind:12 RMSE(val)=8.824499
[GA][Iter1] Gen:9 Ind:13 RMSE(val)=32.322959
[GA][Iter1] Gen:9 Ind:14 RMSE(val)=8.832815
[GA][Iter1] Gen:9 Ind:15 RMSE(val)=32.419336
[GA][Iter1] Gen:9 Ind:16 RMSE(val)=32.326533
[GA][Iter1] Gen:9 Ind:17 RMSE(val)=32.326533
[GA][Iter1] Gen:9 Ind:18 RMSE(val)=8.632639
[GA][Iter1] Gen:9 Ind:19 RMSE(val)=8.632639
[GA][Iter1] Gen:9 Ind:20 RMSE(val)=8.632639
[GA][Iter1] gen=9 best_val_rmse=8.552715
[GA][Iter1] Gen:10 Ind:1 RMSE(val)=8.552715
[GA][Iter1] Gen:10 Ind:2 RMSE(val)=8.632639
[GA][Iter1] Gen:10 Ind:3 RMSE(val)=8.632639
[GA][Iter1] Gen:10 Ind:4 RMSE(val)=8.632639
[GA][Iter1] Gen:10 Ind:5 RMSE(val)=8.632639
[GA][Iter1] Gen:10 Ind:6 RMSE(val)=8.632639
[GA][Iter1] Gen:10 Ind:7 RMSE(val)=8.632639
[GA][Iter1] Gen:10 Ind:8 RMSE(val)=8.632639
[GA][Iter1] Gen:10 Ind:9 RMSE(val)=8.632639
[GA][Iter1] Gen:10 Ind:10 RMSE(val)=8.632639
[GA][Iter1] Gen:10 Ind:11 RMSE(val)=8.632639
[GA][Iter1] Gen:10 Ind:12 RMSE(val)=8.632639
[GA][Iter1] Gen:10 Ind:13 RMSE(val)=8.632639
[GA][Iter1] Gen:10 Ind:14 RMSE(val)=8.841034
[GA][Iter1] Gen:10 Ind:15 RMSE(val)=8.632639
[GA][Iter1] Gen:10 Ind:16 RMSE(val)=8.632639
[GA][Iter1] Gen:10 Ind:17 RMSE(val)=9.911210
[GA][Iter1] Gen:10 Ind:18 RMSE(val)=32.326533
[GA][Iter1] Gen:10 Ind:19 RMSE(val)=8.632639
[GA][Iter1] Gen:10 Ind:20 RMSE(val)=9.148305
[GA][Iter1] gen=10 best_val_rmse=8.552715
[GA][Iter1] Gen:11 Ind:1 RMSE(val)=8.552715
[GA][Iter1] Gen:11 Ind:2 RMSE(val)=8.632639
[GA][Iter1] Gen:11 Ind:3 RMSE(val)=8.632639
[GA][Iter1] Gen:11 Ind:4 RMSE(val)=8.632639
[GA][Iter1] Gen:11 Ind:5 RMSE(val)=8.632639
[GA][Iter1] Gen:11 Ind:6 RMSE(val)=8.632639
[GA][Iter1] Gen:11 Ind:7 RMSE(val)=8.632639
[GA][Iter1] Gen:11 Ind:8 RMSE(val)=8.632639
[GA][Iter1] Gen:11 Ind:9 RMSE(val)=8.632639
[GA][Iter1] Gen:11 Ind:10 RMSE(val)=8.632639
[GA][Iter1] Gen:11 Ind:11 RMSE(val)=8.632639
[GA][Iter1] Gen:11 Ind:12 RMSE(val)=8.552715
[GA][Iter1] Gen:11 Ind:13 RMSE(val)=8.632639
[GA][Iter1] Gen:11 Ind:14 RMSE(val)=8.632639
[GA][Iter1] Gen:11 Ind:15 RMSE(val)=8.632639
[GA][Iter1] Gen:11 Ind:16 RMSE(val)=8.632639
[GA][Iter1] Gen:11 Ind:17 RMSE(val)=8.632639
[GA][Iter1] Gen:11 Ind:18 RMSE(val)=8.632639
[GA][Iter1] Gen:11 Ind:19 RMSE(val)=8.632639
[GA][Iter1] Gen:11 Ind:20 RMSE(val)=8.632639
[GA][Iter1] gen=11 best_val_rmse=8.552715
[GA][Iter1] Gen:12 Ind:1 RMSE(val)=8.552715
[GA][Iter1] Gen:12 Ind:2 RMSE(val)=8.552715
[GA][Iter1] Gen:12 Ind:3 RMSE(val)=8.632639
[GA][Iter1] Gen:12 Ind:4 RMSE(val)=8.632639
[GA][Iter1] Gen:12 Ind:5 RMSE(val)=8.632639
[GA][Iter1] Gen:12 Ind:6 RMSE(val)=8.632639
[GA][Iter1] Gen:12 Ind:7 RMSE(val)=8.632639
[GA][Iter1] Gen:12 Ind:8 RMSE(val)=8.632639
[GA][Iter1] Gen:12 Ind:9 RMSE(val)=8.632639
[GA][Iter1] Gen:12 Ind:10 RMSE(val)=8.632639
[GA][Iter1] Gen:12 Ind:11 RMSE(val)=9.148305
[GA][Iter1] Gen:12 Ind:12 RMSE(val)=8.850157
[GA][Iter1] Gen:12 Ind:13 RMSE(val)=8.632639
[GA][Iter1] Gen:12 Ind:14 RMSE(val)=43.299673
[GA][Iter1] Gen:12 Ind:15 RMSE(val)=9.148305
[GA][Iter1] Gen:12 Ind:16 RMSE(val)=8.632639
[GA][Iter1] Gen:12 Ind:17 RMSE(val)=9.148305
[GA][Iter1] Gen:12 Ind:18 RMSE(val)=8.632639
[GA][Iter1] Gen:12 Ind:19 RMSE(val)=8.935585
[GA][Iter1] Gen:12 Ind:20 RMSE(val)=8.632639
[GA][Iter1] gen=12 best_val_rmse=8.552715
[GA][Iter1] Gen:13 Ind:1 RMSE(val)=8.552715
[GA][Iter1] Gen:13 Ind:2 RMSE(val)=8.552715
[GA][Iter1] Gen:13 Ind:3 RMSE(val)=8.632639
[GA][Iter1] Gen:13 Ind:4 RMSE(val)=8.632639
[GA][Iter1] Gen:13 Ind:5 RMSE(val)=8.632639
[GA][Iter1] Gen:13 Ind:6 RMSE(val)=8.632639
[GA][Iter1] Gen:13 Ind:7 RMSE(val)=8.632639
[GA][Iter1] Gen:13 Ind:8 RMSE(val)=8.632639
[GA][Iter1] Gen:13 Ind:9 RMSE(val)=8.632639
[GA][Iter1] Gen:13 Ind:10 RMSE(val)=8.632639
[GA][Iter1] Gen:13 Ind:11 RMSE(val)=8.632639
[GA][Iter1] Gen:13 Ind:12 RMSE(val)=8.691828
[GA][Iter1] Gen:13 Ind:13 RMSE(val)=8.552715
[GA][Iter1] Gen:13 Ind:14 RMSE(val)=8.552715
[GA][Iter1] Gen:13 Ind:15 RMSE(val)=9.085879
[GA][Iter1] Gen:13 Ind:16 RMSE(val)=8.632639
[GA][Iter1] Gen:13 Ind:17 RMSE(val)=8.632639
[GA][Iter1] Gen:13 Ind:18 RMSE(val)=32.322959
[GA][Iter1] Gen:13 Ind:19 RMSE(val)=9.148305
[GA][Iter1] Gen:13 Ind:20 RMSE(val)=8.632639
[GA][Iter1] gen=13 best_val_rmse=8.552715
[GA][Iter1] Gen:14 Ind:1 RMSE(val)=8.552715
[GA][Iter1] Gen:14 Ind:2 RMSE(val)=8.552715
[GA][Iter1] Gen:14 Ind:3 RMSE(val)=8.552715
[GA][Iter1] Gen:14 Ind:4 RMSE(val)=8.552715
[GA][Iter1] Gen:14 Ind:5 RMSE(val)=8.632639
[GA][Iter1] Gen:14 Ind:6 RMSE(val)=8.632639
[GA][Iter1] Gen:14 Ind:7 RMSE(val)=8.632639
[GA][Iter1] Gen:14 Ind:8 RMSE(val)=8.632639
[GA][Iter1] Gen:14 Ind:9 RMSE(val)=8.632639
[GA][Iter1] Gen:14 Ind:10 RMSE(val)=8.632639
[GA][Iter1] Gen:14 Ind:11 RMSE(val)=8.632639
[GA][Iter1] Gen:14 Ind:12 RMSE(val)=8.632639
[GA][Iter1] Gen:14 Ind:13 RMSE(val)=8.632639
[GA][Iter1] Gen:14 Ind:14 RMSE(val)=8.841034
[GA][Iter1] Gen:14 Ind:15 RMSE(val)=8.552715
[GA][Iter1] Gen:14 Ind:16 RMSE(val)=8.632639
[GA][Iter1] Gen:14 Ind:17 RMSE(val)=8.935585
[GA][Iter1] Gen:14 Ind:18 RMSE(val)=8.841034
[GA][Iter1] Gen:14 Ind:19 RMSE(val)=8.632639
[GA][Iter1] Gen:14 Ind:20 RMSE(val)=9.099544
[GA][Iter1] gen=14 best_val_rmse=8.552715
[GA][Iter1] Gen:15 Ind:1 RMSE(val)=8.552715
[GA][Iter1] Gen:15 Ind:2 RMSE(val)=8.552715
[GA][Iter1] Gen:15 Ind:3 RMSE(val)=8.552715
[GA][Iter1] Gen:15 Ind:4 RMSE(val)=8.552715
[GA][Iter1] Gen:15 Ind:5 RMSE(val)=8.552715
[GA][Iter1] Gen:15 Ind:6 RMSE(val)=8.632639
[GA][Iter1] Gen:15 Ind:7 RMSE(val)=8.632639
[GA][Iter1] Gen:15 Ind:8 RMSE(val)=8.632639
[GA][Iter1] Gen:15 Ind:9 RMSE(val)=8.632639
[GA][Iter1] Gen:15 Ind:10 RMSE(val)=8.632639
[GA][Iter1] Gen:15 Ind:11 RMSE(val)=8.632639
[GA][Iter1] Gen:15 Ind:12 RMSE(val)=9.099544
[GA][Iter1] Gen:15 Ind:13 RMSE(val)=8.632639
[GA][Iter1] Gen:15 Ind:14 RMSE(val)=8.552715
[GA][Iter1] Gen:15 Ind:15 RMSE(val)=8.632639
[GA][Iter1] Gen:15 Ind:16 RMSE(val)=8.632639
[GA][Iter1] Gen:15 Ind:17 RMSE(val)=9.148305
[GA][Iter1] Gen:15 Ind:18 RMSE(val)=8.632639
[GA][Iter1] Gen:15 Ind:19 RMSE(val)=8.841034
[GA][Iter1] Gen:15 Ind:20 RMSE(val)=9.004136
[GA][Iter1] gen=15 best_val_rmse=8.552715
[GA][Iter1] Gen:15 Ind:1 RMSE(val)=8.552715
[GA][Iter1] Gen:15 Ind:2 RMSE(val)=8.552715
[GA][Iter1] Gen:15 Ind:3 RMSE(val)=8.552715
[GA][Iter1] Gen:15 Ind:4 RMSE(val)=8.552715
[GA][Iter1] Gen:15 Ind:5 RMSE(val)=8.552715
[GA][Iter1] Gen:15 Ind:6 RMSE(val)=8.552715
[GA][Iter1] Gen:15 Ind:7 RMSE(val)=8.632639
[GA][Iter1] Gen:15 Ind:8 RMSE(val)=8.632639
[GA][Iter1] Gen:15 Ind:9 RMSE(val)=8.632639
[GA][Iter1] Gen:15 Ind:10 RMSE(val)=8.632639
[GA][Iter1] Gen:15 Ind:11 RMSE(val)=34.350199
[GA][Iter1] Gen:15 Ind:12 RMSE(val)=8.739736
[GA][Iter1] Gen:15 Ind:13 RMSE(val)=8.552715
[GA][Iter1] Gen:15 Ind:14 RMSE(val)=8.552715
[GA][Iter1] Gen:15 Ind:15 RMSE(val)=8.552715
[GA][Iter1] Gen:15 Ind:16 RMSE(val)=9.099544
[GA][Iter1] Gen:15 Ind:17 RMSE(val)=8.552715
[GA][Iter1] Gen:15 Ind:18 RMSE(val)=8.739736
[GA][Iter1] Gen:15 Ind:19 RMSE(val)=8.552715
[GA][Iter1] Gen:15 Ind:20 RMSE(val)=8.955416

[GA DONE][Iter1] Best params on val fold of Iter1
Best val RMSE: 8.552715
Best params: {'max_depth': 7, 'min_samples_split': 18, 'min_samples_leaf': 8, 'max_features': None, 'splitter': 'random', 'criterion': 'absolute_error'}
--------------------------------------------------------------------------------
[RETUNE GA] Iter1: train folds 1..5 -> test fold 6  RMSE=28.612868  NRMSE=0.728772  CVRMSE=0.372532  R2=0.463118
[GA][Iter2] Gen:1 Ind:1 RMSE(val)=41.901849
[GA][Iter2] Gen:1 Ind:2 RMSE(val)=46.200242
[GA][Iter2] Gen:1 Ind:3 RMSE(val)=72.289098
[GA][Iter2] Gen:1 Ind:4 RMSE(val)=70.143133
[GA][Iter2] Gen:1 Ind:5 RMSE(val)=75.020838
[GA][Iter2] Gen:1 Ind:6 RMSE(val)=45.154752
[GA][Iter2] Gen:1 Ind:7 RMSE(val)=79.516843
[GA][Iter2] Gen:1 Ind:8 RMSE(val)=28.735013
[GA][Iter2] Gen:1 Ind:9 RMSE(val)=26.638409
[GA][Iter2] Gen:1 Ind:10 RMSE(val)=46.471751
[GA][Iter2] Gen:1 Ind:11 RMSE(val)=71.597619
[GA][Iter2] Gen:1 Ind:12 RMSE(val)=77.072665
[GA][Iter2] Gen:1 Ind:13 RMSE(val)=41.120463
[GA][Iter2] Gen:1 Ind:14 RMSE(val)=39.661734
[GA][Iter2] Gen:1 Ind:15 RMSE(val)=72.710151
[GA][Iter2] Gen:1 Ind:16 RMSE(val)=74.220669
[GA][Iter2] Gen:1 Ind:17 RMSE(val)=70.863397
[GA][Iter2] Gen:1 Ind:18 RMSE(val)=29.318803
[GA][Iter2] Gen:1 Ind:19 RMSE(val)=39.614546
[GA][Iter2] Gen:1 Ind:20 RMSE(val)=39.364171
[GA][Iter2] gen=1 best_val_rmse=26.638409
[GA][Iter2] Gen:2 Ind:1 RMSE(val)=26.638409
[GA][Iter2] Gen:2 Ind:2 RMSE(val)=28.735013
[GA][Iter2] Gen:2 Ind:3 RMSE(val)=29.318803
[GA][Iter2] Gen:2 Ind:4 RMSE(val)=39.364171
[GA][Iter2] Gen:2 Ind:5 RMSE(val)=39.614546
[GA][Iter2] Gen:2 Ind:6 RMSE(val)=39.661734
[GA][Iter2] Gen:2 Ind:7 RMSE(val)=41.120463
[GA][Iter2] Gen:2 Ind:8 RMSE(val)=41.901849
[GA][Iter2] Gen:2 Ind:9 RMSE(val)=45.154752
[GA][Iter2] Gen:2 Ind:10 RMSE(val)=46.200242
[GA][Iter2] Gen:2 Ind:11 RMSE(val)=28.435843
[GA][Iter2] Gen:2 Ind:12 RMSE(val)=28.306576
[GA][Iter2] Gen:2 Ind:13 RMSE(val)=26.638409
[GA][Iter2] Gen:2 Ind:14 RMSE(val)=28.350233
[GA][Iter2] Gen:2 Ind:15 RMSE(val)=71.569014
[GA][Iter2] Gen:2 Ind:16 RMSE(val)=26.638409
[GA][Iter2] Gen:2 Ind:17 RMSE(val)=29.648677
[GA][Iter2] Gen:2 Ind:18 RMSE(val)=28.299830
[GA][Iter2] Gen:2 Ind:19 RMSE(val)=29.648677
[GA][Iter2] Gen:2 Ind:20 RMSE(val)=47.021386
[GA][Iter2] gen=2 best_val_rmse=26.638409
[GA][Iter2] Gen:3 Ind:1 RMSE(val)=26.638409
[GA][Iter2] Gen:3 Ind:2 RMSE(val)=26.638409
[GA][Iter2] Gen:3 Ind:3 RMSE(val)=26.638409
[GA][Iter2] Gen:3 Ind:4 RMSE(val)=28.299830
[GA][Iter2] Gen:3 Ind:5 RMSE(val)=28.306576
[GA][Iter2] Gen:3 Ind:6 RMSE(val)=28.350233
[GA][Iter2] Gen:3 Ind:7 RMSE(val)=28.435843
[GA][Iter2] Gen:3 Ind:8 RMSE(val)=28.735013
[GA][Iter2] Gen:3 Ind:9 RMSE(val)=29.318803
[GA][Iter2] Gen:3 Ind:10 RMSE(val)=29.648677
[GA][Iter2] Gen:3 Ind:11 RMSE(val)=29.648677
[GA][Iter2] Gen:3 Ind:12 RMSE(val)=26.638409
[GA][Iter2] Gen:3 Ind:13 RMSE(val)=39.364171
[GA][Iter2] Gen:3 Ind:14 RMSE(val)=26.638409
[GA][Iter2] Gen:3 Ind:15 RMSE(val)=28.435843
[GA][Iter2] Gen:3 Ind:16 RMSE(val)=39.364171
[GA][Iter2] Gen:3 Ind:17 RMSE(val)=26.638409
[GA][Iter2] Gen:3 Ind:18 RMSE(val)=78.763243
[GA][Iter2] Gen:3 Ind:19 RMSE(val)=40.020764
[GA][Iter2] Gen:3 Ind:20 RMSE(val)=29.489291
[GA][Iter2] gen=3 best_val_rmse=26.638409
[GA][Iter2] Gen:4 Ind:1 RMSE(val)=26.638409
[GA][Iter2] Gen:4 Ind:2 RMSE(val)=26.638409
[GA][Iter2] Gen:4 Ind:3 RMSE(val)=26.638409
[GA][Iter2] Gen:4 Ind:4 RMSE(val)=26.638409
[GA][Iter2] Gen:4 Ind:5 RMSE(val)=26.638409
[GA][Iter2] Gen:4 Ind:6 RMSE(val)=26.638409
[GA][Iter2] Gen:4 Ind:7 RMSE(val)=28.299830
[GA][Iter2] Gen:4 Ind:8 RMSE(val)=28.306576
[GA][Iter2] Gen:4 Ind:9 RMSE(val)=28.350233
[GA][Iter2] Gen:4 Ind:10 RMSE(val)=28.435843
[GA][Iter2] Gen:4 Ind:11 RMSE(val)=28.826793
[GA][Iter2] Gen:4 Ind:12 RMSE(val)=26.638409
[GA][Iter2] Gen:4 Ind:13 RMSE(val)=47.021386
[GA][Iter2] Gen:4 Ind:14 RMSE(val)=29.013605
[GA][Iter2] Gen:4 Ind:15 RMSE(val)=28.299830
[GA][Iter2] Gen:4 Ind:16 RMSE(val)=29.013605
[GA][Iter2] Gen:4 Ind:17 RMSE(val)=28.299830
[GA][Iter2] Gen:4 Ind:18 RMSE(val)=26.638409
[GA][Iter2] Gen:4 Ind:19 RMSE(val)=26.638409
[GA][Iter2] Gen:4 Ind:20 RMSE(val)=79.567746
[GA][Iter2] gen=4 best_val_rmse=26.638409
[GA][Iter2] Gen:5 Ind:1 RMSE(val)=26.638409
[GA][Iter2] Gen:5 Ind:2 RMSE(val)=26.638409
[GA][Iter2] Gen:5 Ind:3 RMSE(val)=26.638409
[GA][Iter2] Gen:5 Ind:4 RMSE(val)=26.638409
[GA][Iter2] Gen:5 Ind:5 RMSE(val)=26.638409
[GA][Iter2] Gen:5 Ind:6 RMSE(val)=26.638409
[GA][Iter2] Gen:5 Ind:7 RMSE(val)=26.638409
[GA][Iter2] Gen:5 Ind:8 RMSE(val)=26.638409
[GA][Iter2] Gen:5 Ind:9 RMSE(val)=26.638409
[GA][Iter2] Gen:5 Ind:10 RMSE(val)=28.299830
[GA][Iter2] Gen:5 Ind:11 RMSE(val)=26.638409
[GA][Iter2] Gen:5 Ind:12 RMSE(val)=26.638409
[GA][Iter2] Gen:5 Ind:13 RMSE(val)=26.638409
[GA][Iter2] Gen:5 Ind:14 RMSE(val)=26.638409
[GA][Iter2] Gen:5 Ind:15 RMSE(val)=44.566490
[GA][Iter2] Gen:5 Ind:16 RMSE(val)=26.638409
[GA][Iter2] Gen:5 Ind:17 RMSE(val)=47.021386
[GA][Iter2] Gen:5 Ind:18 RMSE(val)=26.638409
[GA][Iter2] Gen:5 Ind:19 RMSE(val)=26.638409
[GA][Iter2] Gen:5 Ind:20 RMSE(val)=26.638409
[GA][Iter2] gen=5 best_val_rmse=26.638409
[GA][Iter2] Gen:6 Ind:1 RMSE(val)=26.638409
[GA][Iter2] Gen:6 Ind:2 RMSE(val)=26.638409
[GA][Iter2] Gen:6 Ind:3 RMSE(val)=26.638409
[GA][Iter2] Gen:6 Ind:4 RMSE(val)=26.638409
[GA][Iter2] Gen:6 Ind:5 RMSE(val)=26.638409
[GA][Iter2] Gen:6 Ind:6 RMSE(val)=26.638409
[GA][Iter2] Gen:6 Ind:7 RMSE(val)=26.638409
[GA][Iter2] Gen:6 Ind:8 RMSE(val)=26.638409
[GA][Iter2] Gen:6 Ind:9 RMSE(val)=26.638409
[GA][Iter2] Gen:6 Ind:10 RMSE(val)=26.638409
[GA][Iter2] Gen:6 Ind:11 RMSE(val)=30.839865
[GA][Iter2] Gen:6 Ind:12 RMSE(val)=26.638409
[GA][Iter2] Gen:6 Ind:13 RMSE(val)=26.638409
[GA][Iter2] Gen:6 Ind:14 RMSE(val)=26.638409
[GA][Iter2] Gen:6 Ind:15 RMSE(val)=26.638409
[GA][Iter2] Gen:6 Ind:16 RMSE(val)=26.638409
[GA][Iter2] Gen:6 Ind:17 RMSE(val)=26.638409
[GA][Iter2] Gen:6 Ind:18 RMSE(val)=26.638409
[GA][Iter2] Gen:6 Ind:19 RMSE(val)=26.638409
[GA][Iter2] Gen:6 Ind:20 RMSE(val)=26.638409
[GA][Iter2] gen=6 best_val_rmse=26.638409
[GA][Iter2] Gen:7 Ind:1 RMSE(val)=26.638409
[GA][Iter2] Gen:7 Ind:2 RMSE(val)=26.638409
[GA][Iter2] Gen:7 Ind:3 RMSE(val)=26.638409
[GA][Iter2] Gen:7 Ind:4 RMSE(val)=26.638409
[GA][Iter2] Gen:7 Ind:5 RMSE(val)=26.638409
[GA][Iter2] Gen:7 Ind:6 RMSE(val)=26.638409
[GA][Iter2] Gen:7 Ind:7 RMSE(val)=26.638409
[GA][Iter2] Gen:7 Ind:8 RMSE(val)=26.638409
[GA][Iter2] Gen:7 Ind:9 RMSE(val)=26.638409
[GA][Iter2] Gen:7 Ind:10 RMSE(val)=26.638409
[GA][Iter2] Gen:7 Ind:11 RMSE(val)=26.638409
[GA][Iter2] Gen:7 Ind:12 RMSE(val)=45.154752
[GA][Iter2] Gen:7 Ind:13 RMSE(val)=26.638409
[GA][Iter2] Gen:7 Ind:14 RMSE(val)=26.638409
[GA][Iter2] Gen:7 Ind:15 RMSE(val)=26.638409
[GA][Iter2] Gen:7 Ind:16 RMSE(val)=26.638409
[GA][Iter2] Gen:7 Ind:17 RMSE(val)=26.638409
[GA][Iter2] Gen:7 Ind:18 RMSE(val)=26.638409
[GA][Iter2] Gen:7 Ind:19 RMSE(val)=26.638409
[GA][Iter2] Gen:7 Ind:20 RMSE(val)=26.638409
[GA][Iter2] gen=7 best_val_rmse=26.638409
[GA][Iter2] Gen:8 Ind:1 RMSE(val)=26.638409
[GA][Iter2] Gen:8 Ind:2 RMSE(val)=26.638409
[GA][Iter2] Gen:8 Ind:3 RMSE(val)=26.638409
[GA][Iter2] Gen:8 Ind:4 RMSE(val)=26.638409
[GA][Iter2] Gen:8 Ind:5 RMSE(val)=26.638409
[GA][Iter2] Gen:8 Ind:6 RMSE(val)=26.638409
[GA][Iter2] Gen:8 Ind:7 RMSE(val)=26.638409
[GA][Iter2] Gen:8 Ind:8 RMSE(val)=26.638409
[GA][Iter2] Gen:8 Ind:9 RMSE(val)=26.638409
[GA][Iter2] Gen:8 Ind:10 RMSE(val)=26.638409
[GA][Iter2] Gen:8 Ind:11 RMSE(val)=26.638409
[GA][Iter2] Gen:8 Ind:12 RMSE(val)=26.638409
[GA][Iter2] Gen:8 Ind:13 RMSE(val)=26.638409
[GA][Iter2] Gen:8 Ind:14 RMSE(val)=26.638409
[GA][Iter2] Gen:8 Ind:15 RMSE(val)=26.638409
[GA][Iter2] Gen:8 Ind:16 RMSE(val)=26.638409
[GA][Iter2] Gen:8 Ind:17 RMSE(val)=26.638409
[GA][Iter2] Gen:8 Ind:18 RMSE(val)=26.638409
[GA][Iter2] Gen:8 Ind:19 RMSE(val)=26.638409
[GA][Iter2] Gen:8 Ind:20 RMSE(val)=26.638409
[GA][Iter2] gen=8 best_val_rmse=26.638409
[GA][Iter2] Gen:9 Ind:1 RMSE(val)=26.638409
[GA][Iter2] Gen:9 Ind:2 RMSE(val)=26.638409
[GA][Iter2] Gen:9 Ind:3 RMSE(val)=26.638409
[GA][Iter2] Gen:9 Ind:4 RMSE(val)=26.638409
[GA][Iter2] Gen:9 Ind:5 RMSE(val)=26.638409
[GA][Iter2] Gen:9 Ind:6 RMSE(val)=26.638409
[GA][Iter2] Gen:9 Ind:7 RMSE(val)=26.638409
[GA][Iter2] Gen:9 Ind:8 RMSE(val)=26.638409
[GA][Iter2] Gen:9 Ind:9 RMSE(val)=26.638409
[GA][Iter2] Gen:9 Ind:10 RMSE(val)=26.638409
[GA][Iter2] Gen:9 Ind:11 RMSE(val)=26.638409
[GA][Iter2] Gen:9 Ind:12 RMSE(val)=26.638409
[GA][Iter2] Gen:9 Ind:13 RMSE(val)=47.021386
[GA][Iter2] Gen:9 Ind:14 RMSE(val)=27.938104
[GA][Iter2] Gen:9 Ind:15 RMSE(val)=26.638409
[GA][Iter2] Gen:9 Ind:16 RMSE(val)=44.566490
[GA][Iter2] Gen:9 Ind:17 RMSE(val)=44.566490
[GA][Iter2] Gen:9 Ind:18 RMSE(val)=26.638409
[GA][Iter2] Gen:9 Ind:19 RMSE(val)=26.638409
[GA][Iter2] Gen:9 Ind:20 RMSE(val)=26.638409
[GA][Iter2] gen=9 best_val_rmse=26.638409
[GA][Iter2] Gen:10 Ind:1 RMSE(val)=26.638409
[GA][Iter2] Gen:10 Ind:2 RMSE(val)=26.638409
[GA][Iter2] Gen:10 Ind:3 RMSE(val)=26.638409
[GA][Iter2] Gen:10 Ind:4 RMSE(val)=26.638409
[GA][Iter2] Gen:10 Ind:5 RMSE(val)=26.638409
[GA][Iter2] Gen:10 Ind:6 RMSE(val)=26.638409
[GA][Iter2] Gen:10 Ind:7 RMSE(val)=26.638409
[GA][Iter2] Gen:10 Ind:8 RMSE(val)=26.638409
[GA][Iter2] Gen:10 Ind:9 RMSE(val)=26.638409
[GA][Iter2] Gen:10 Ind:10 RMSE(val)=26.638409
[GA][Iter2] Gen:10 Ind:11 RMSE(val)=26.638409
[GA][Iter2] Gen:10 Ind:12 RMSE(val)=26.638409
[GA][Iter2] Gen:10 Ind:13 RMSE(val)=26.638409
[GA][Iter2] Gen:10 Ind:14 RMSE(val)=26.638409
[GA][Iter2] Gen:10 Ind:15 RMSE(val)=26.638409
[GA][Iter2] Gen:10 Ind:16 RMSE(val)=26.638409
[GA][Iter2] Gen:10 Ind:17 RMSE(val)=45.154752
[GA][Iter2] Gen:10 Ind:18 RMSE(val)=44.566490
[GA][Iter2] Gen:10 Ind:19 RMSE(val)=26.638409
[GA][Iter2] Gen:10 Ind:20 RMSE(val)=26.638409
[GA][Iter2] gen=10 best_val_rmse=26.638409
[GA][Iter2] Gen:11 Ind:1 RMSE(val)=26.638409
[GA][Iter2] Gen:11 Ind:2 RMSE(val)=26.638409
[GA][Iter2] Gen:11 Ind:3 RMSE(val)=26.638409
[GA][Iter2] Gen:11 Ind:4 RMSE(val)=26.638409
[GA][Iter2] Gen:11 Ind:5 RMSE(val)=26.638409
[GA][Iter2] Gen:11 Ind:6 RMSE(val)=26.638409
[GA][Iter2] Gen:11 Ind:7 RMSE(val)=26.638409
[GA][Iter2] Gen:11 Ind:8 RMSE(val)=26.638409
[GA][Iter2] Gen:11 Ind:9 RMSE(val)=26.638409
[GA][Iter2] Gen:11 Ind:10 RMSE(val)=26.638409
[GA][Iter2] Gen:11 Ind:11 RMSE(val)=26.638409
[GA][Iter2] Gen:11 Ind:12 RMSE(val)=26.638409
[GA][Iter2] Gen:11 Ind:13 RMSE(val)=26.638409
[GA][Iter2] Gen:11 Ind:14 RMSE(val)=26.638409
[GA][Iter2] Gen:11 Ind:15 RMSE(val)=26.638409
[GA][Iter2] Gen:11 Ind:16 RMSE(val)=26.638409
[GA][Iter2] Gen:11 Ind:17 RMSE(val)=26.638409
[GA][Iter2] Gen:11 Ind:18 RMSE(val)=26.638409
[GA][Iter2] Gen:11 Ind:19 RMSE(val)=26.638409
[GA][Iter2] Gen:11 Ind:20 RMSE(val)=26.638409
[GA][Iter2] gen=11 best_val_rmse=26.638409
[GA][Iter2] Gen:12 Ind:1 RMSE(val)=26.638409
[GA][Iter2] Gen:12 Ind:2 RMSE(val)=26.638409
[GA][Iter2] Gen:12 Ind:3 RMSE(val)=26.638409
[GA][Iter2] Gen:12 Ind:4 RMSE(val)=26.638409
[GA][Iter2] Gen:12 Ind:5 RMSE(val)=26.638409
[GA][Iter2] Gen:12 Ind:6 RMSE(val)=26.638409
[GA][Iter2] Gen:12 Ind:7 RMSE(val)=26.638409
[GA][Iter2] Gen:12 Ind:8 RMSE(val)=26.638409
[GA][Iter2] Gen:12 Ind:9 RMSE(val)=26.638409
[GA][Iter2] Gen:12 Ind:10 RMSE(val)=26.638409
[GA][Iter2] Gen:12 Ind:11 RMSE(val)=26.638409
[GA][Iter2] Gen:12 Ind:12 RMSE(val)=26.638409
[GA][Iter2] Gen:12 Ind:13 RMSE(val)=26.638409
[GA][Iter2] Gen:12 Ind:14 RMSE(val)=47.021386
[GA][Iter2] Gen:12 Ind:15 RMSE(val)=26.638409
[GA][Iter2] Gen:12 Ind:16 RMSE(val)=26.638409
[GA][Iter2] Gen:12 Ind:17 RMSE(val)=26.638409
[GA][Iter2] Gen:12 Ind:18 RMSE(val)=26.638409
[GA][Iter2] Gen:12 Ind:19 RMSE(val)=26.644463
[GA][Iter2] Gen:12 Ind:20 RMSE(val)=26.638409
[GA][Iter2] gen=12 best_val_rmse=26.638409
[GA][Iter2] Gen:13 Ind:1 RMSE(val)=26.638409
[GA][Iter2] Gen:13 Ind:2 RMSE(val)=26.638409
[GA][Iter2] Gen:13 Ind:3 RMSE(val)=26.638409
[GA][Iter2] Gen:13 Ind:4 RMSE(val)=26.638409
[GA][Iter2] Gen:13 Ind:5 RMSE(val)=26.638409
[GA][Iter2] Gen:13 Ind:6 RMSE(val)=26.638409
[GA][Iter2] Gen:13 Ind:7 RMSE(val)=26.638409
[GA][Iter2] Gen:13 Ind:8 RMSE(val)=26.638409
[GA][Iter2] Gen:13 Ind:9 RMSE(val)=26.638409
[GA][Iter2] Gen:13 Ind:10 RMSE(val)=26.638409
[GA][Iter2] Gen:13 Ind:11 RMSE(val)=26.638409
[GA][Iter2] Gen:13 Ind:12 RMSE(val)=26.638409
[GA][Iter2] Gen:13 Ind:13 RMSE(val)=26.638409
[GA][Iter2] Gen:13 Ind:14 RMSE(val)=26.638409
[GA][Iter2] Gen:13 Ind:15 RMSE(val)=45.154752
[GA][Iter2] Gen:13 Ind:16 RMSE(val)=26.638409
[GA][Iter2] Gen:13 Ind:17 RMSE(val)=26.638409
[GA][Iter2] Gen:13 Ind:18 RMSE(val)=47.021386
[GA][Iter2] Gen:13 Ind:19 RMSE(val)=26.638409
[GA][Iter2] Gen:13 Ind:20 RMSE(val)=26.638409
[GA][Iter2] gen=13 best_val_rmse=26.638409
[GA][Iter2] Gen:14 Ind:1 RMSE(val)=26.638409
[GA][Iter2] Gen:14 Ind:2 RMSE(val)=26.638409
[GA][Iter2] Gen:14 Ind:3 RMSE(val)=26.638409
[GA][Iter2] Gen:14 Ind:4 RMSE(val)=26.638409
[GA][Iter2] Gen:14 Ind:5 RMSE(val)=26.638409
[GA][Iter2] Gen:14 Ind:6 RMSE(val)=26.638409
[GA][Iter2] Gen:14 Ind:7 RMSE(val)=26.638409
[GA][Iter2] Gen:14 Ind:8 RMSE(val)=26.638409
[GA][Iter2] Gen:14 Ind:9 RMSE(val)=26.638409
[GA][Iter2] Gen:14 Ind:10 RMSE(val)=26.638409
[GA][Iter2] Gen:14 Ind:11 RMSE(val)=26.638409
[GA][Iter2] Gen:14 Ind:12 RMSE(val)=26.638409
[GA][Iter2] Gen:14 Ind:13 RMSE(val)=26.638409
[GA][Iter2] Gen:14 Ind:14 RMSE(val)=26.638409
[GA][Iter2] Gen:14 Ind:15 RMSE(val)=26.638409
[GA][Iter2] Gen:14 Ind:16 RMSE(val)=26.638409
[GA][Iter2] Gen:14 Ind:17 RMSE(val)=26.644463
[GA][Iter2] Gen:14 Ind:18 RMSE(val)=26.638409
[GA][Iter2] Gen:14 Ind:19 RMSE(val)=30.839865
[GA][Iter2] Gen:14 Ind:20 RMSE(val)=26.638409
[GA][Iter2] gen=14 best_val_rmse=26.638409
[GA][Iter2] Gen:15 Ind:1 RMSE(val)=26.638409
[GA][Iter2] Gen:15 Ind:2 RMSE(val)=26.638409
[GA][Iter2] Gen:15 Ind:3 RMSE(val)=26.638409
[GA][Iter2] Gen:15 Ind:4 RMSE(val)=26.638409
[GA][Iter2] Gen:15 Ind:5 RMSE(val)=26.638409
[GA][Iter2] Gen:15 Ind:6 RMSE(val)=26.638409
[GA][Iter2] Gen:15 Ind:7 RMSE(val)=26.638409
[GA][Iter2] Gen:15 Ind:8 RMSE(val)=26.638409
[GA][Iter2] Gen:15 Ind:9 RMSE(val)=26.638409
[GA][Iter2] Gen:15 Ind:10 RMSE(val)=26.638409
[GA][Iter2] Gen:15 Ind:11 RMSE(val)=26.638409
[GA][Iter2] Gen:15 Ind:12 RMSE(val)=26.638409
[GA][Iter2] Gen:15 Ind:13 RMSE(val)=26.638409
[GA][Iter2] Gen:15 Ind:14 RMSE(val)=26.638409
[GA][Iter2] Gen:15 Ind:15 RMSE(val)=26.638409
[GA][Iter2] Gen:15 Ind:16 RMSE(val)=26.638409
[GA][Iter2] Gen:15 Ind:17 RMSE(val)=26.638409
[GA][Iter2] Gen:15 Ind:18 RMSE(val)=26.638409
[GA][Iter2] Gen:15 Ind:19 RMSE(val)=26.638409
[GA][Iter2] Gen:15 Ind:20 RMSE(val)=45.154752
[GA][Iter2] gen=15 best_val_rmse=26.638409
[GA][Iter2] Gen:15 Ind:1 RMSE(val)=26.638409
[GA][Iter2] Gen:15 Ind:2 RMSE(val)=26.638409
[GA][Iter2] Gen:15 Ind:3 RMSE(val)=26.638409
[GA][Iter2] Gen:15 Ind:4 RMSE(val)=26.638409
[GA][Iter2] Gen:15 Ind:5 RMSE(val)=26.638409
[GA][Iter2] Gen:15 Ind:6 RMSE(val)=26.638409
[GA][Iter2] Gen:15 Ind:7 RMSE(val)=26.638409
[GA][Iter2] Gen:15 Ind:8 RMSE(val)=26.638409
[GA][Iter2] Gen:15 Ind:9 RMSE(val)=26.638409
[GA][Iter2] Gen:15 Ind:10 RMSE(val)=26.638409
[GA][Iter2] Gen:15 Ind:11 RMSE(val)=44.566490
[GA][Iter2] Gen:15 Ind:12 RMSE(val)=26.638409
[GA][Iter2] Gen:15 Ind:13 RMSE(val)=26.638409
[GA][Iter2] Gen:15 Ind:14 RMSE(val)=26.638409
[GA][Iter2] Gen:15 Ind:15 RMSE(val)=26.638409
[GA][Iter2] Gen:15 Ind:16 RMSE(val)=26.638409
[GA][Iter2] Gen:15 Ind:17 RMSE(val)=26.638409
[GA][Iter2] Gen:15 Ind:18 RMSE(val)=26.638409
[GA][Iter2] Gen:15 Ind:19 RMSE(val)=26.638409
[GA][Iter2] Gen:15 Ind:20 RMSE(val)=26.933560

[GA DONE][Iter2] Best params on val fold of Iter2
Best val RMSE: 26.638409
Best params: {'max_depth': 39, 'min_samples_split': 18, 'min_samples_leaf': 26, 'max_features': None, 'splitter': 'random', 'criterion': 'absolute_error'}
--------------------------------------------------------------------------------
[RETUNE GA] Iter2: train folds 1..6 -> test fold 7  RMSE=84.267384  NRMSE=1.839525  CVRMSE=0.773706  R2=-2.420635
[GA][Iter3] Gen:1 Ind:1 RMSE(val)=83.398108
[GA][Iter3] Gen:1 Ind:2 RMSE(val)=54.569700
[GA][Iter3] Gen:1 Ind:3 RMSE(val)=61.576748
[GA][Iter3] Gen:1 Ind:4 RMSE(val)=78.124298
[GA][Iter3] Gen:1 Ind:5 RMSE(val)=71.156756
[GA][Iter3] Gen:1 Ind:6 RMSE(val)=90.138349
[GA][Iter3] Gen:1 Ind:7 RMSE(val)=45.067811
[GA][Iter3] Gen:1 Ind:8 RMSE(val)=44.225840
[GA][Iter3] Gen:1 Ind:9 RMSE(val)=84.267384
[GA][Iter3] Gen:1 Ind:10 RMSE(val)=49.828415
[GA][Iter3] Gen:1 Ind:11 RMSE(val)=43.258493
[GA][Iter3] Gen:1 Ind:12 RMSE(val)=68.552187
[GA][Iter3] Gen:1 Ind:13 RMSE(val)=82.173597
[GA][Iter3] Gen:1 Ind:14 RMSE(val)=66.271748
[GA][Iter3] Gen:1 Ind:15 RMSE(val)=74.298765
[GA][Iter3] Gen:1 Ind:16 RMSE(val)=66.228126
[GA][Iter3] Gen:1 Ind:17 RMSE(val)=68.142009
[GA][Iter3] Gen:1 Ind:18 RMSE(val)=47.660204
[GA][Iter3] Gen:1 Ind:19 RMSE(val)=46.608369
[GA][Iter3] Gen:1 Ind:20 RMSE(val)=61.390569
[GA][Iter3] gen=1 best_val_rmse=43.258493
[GA][Iter3] Gen:2 Ind:1 RMSE(val)=43.258493
[GA][Iter3] Gen:2 Ind:2 RMSE(val)=44.225840
[GA][Iter3] Gen:2 Ind:3 RMSE(val)=45.067811
[GA][Iter3] Gen:2 Ind:4 RMSE(val)=46.608369
[GA][Iter3] Gen:2 Ind:5 RMSE(val)=47.660204
[GA][Iter3] Gen:2 Ind:6 RMSE(val)=49.828415
[GA][Iter3] Gen:2 Ind:7 RMSE(val)=54.569700
[GA][Iter3] Gen:2 Ind:8 RMSE(val)=61.390569
[GA][Iter3] Gen:2 Ind:9 RMSE(val)=61.576748
[GA][Iter3] Gen:2 Ind:10 RMSE(val)=66.228126
[GA][Iter3] Gen:2 Ind:11 RMSE(val)=49.651658
[GA][Iter3] Gen:2 Ind:12 RMSE(val)=44.845894
[GA][Iter3] Gen:2 Ind:13 RMSE(val)=61.330694
[GA][Iter3] Gen:2 Ind:14 RMSE(val)=58.582381
[GA][Iter3] Gen:2 Ind:15 RMSE(val)=44.845630
[GA][Iter3] Gen:2 Ind:16 RMSE(val)=61.666202
[GA][Iter3] Gen:2 Ind:17 RMSE(val)=43.476443
[GA][Iter3] Gen:2 Ind:18 RMSE(val)=68.514780
[GA][Iter3] Gen:2 Ind:19 RMSE(val)=43.476443
[GA][Iter3] Gen:2 Ind:20 RMSE(val)=65.001999
[GA][Iter3] gen=2 best_val_rmse=43.258493
[GA][Iter3] Gen:3 Ind:1 RMSE(val)=43.258493
[GA][Iter3] Gen:3 Ind:2 RMSE(val)=43.476443
[GA][Iter3] Gen:3 Ind:3 RMSE(val)=43.476443
[GA][Iter3] Gen:3 Ind:4 RMSE(val)=44.225840
[GA][Iter3] Gen:3 Ind:5 RMSE(val)=44.845630
[GA][Iter3] Gen:3 Ind:6 RMSE(val)=44.845894
[GA][Iter3] Gen:3 Ind:7 RMSE(val)=45.067811
[GA][Iter3] Gen:3 Ind:8 RMSE(val)=46.608369
[GA][Iter3] Gen:3 Ind:9 RMSE(val)=47.660204
[GA][Iter3] Gen:3 Ind:10 RMSE(val)=49.651658
[GA][Iter3] Gen:3 Ind:11 RMSE(val)=47.789690
[GA][Iter3] Gen:3 Ind:12 RMSE(val)=44.845894
[GA][Iter3] Gen:3 Ind:13 RMSE(val)=44.225840
[GA][Iter3] Gen:3 Ind:14 RMSE(val)=43.258493
[GA][Iter3] Gen:3 Ind:15 RMSE(val)=45.521796
[GA][Iter3] Gen:3 Ind:16 RMSE(val)=46.608369
[GA][Iter3] Gen:3 Ind:17 RMSE(val)=43.476443
[GA][Iter3] Gen:3 Ind:18 RMSE(val)=48.574823
[GA][Iter3] Gen:3 Ind:19 RMSE(val)=44.845894
[GA][Iter3] Gen:3 Ind:20 RMSE(val)=49.152031
[GA][Iter3] gen=3 best_val_rmse=43.258493
[GA][Iter3] Gen:4 Ind:1 RMSE(val)=43.258493
[GA][Iter3] Gen:4 Ind:2 RMSE(val)=43.258493
[GA][Iter3] Gen:4 Ind:3 RMSE(val)=43.476443
[GA][Iter3] Gen:4 Ind:4 RMSE(val)=43.476443
[GA][Iter3] Gen:4 Ind:5 RMSE(val)=43.476443
[GA][Iter3] Gen:4 Ind:6 RMSE(val)=44.225840
[GA][Iter3] Gen:4 Ind:7 RMSE(val)=44.225840
[GA][Iter3] Gen:4 Ind:8 RMSE(val)=44.845630
[GA][Iter3] Gen:4 Ind:9 RMSE(val)=44.845894
[GA][Iter3] Gen:4 Ind:10 RMSE(val)=44.845894
[GA][Iter3] Gen:4 Ind:11 RMSE(val)=44.845894
[GA][Iter3] Gen:4 Ind:12 RMSE(val)=44.137093
[GA][Iter3] Gen:4 Ind:13 RMSE(val)=65.001999
[GA][Iter3] Gen:4 Ind:14 RMSE(val)=44.845630
[GA][Iter3] Gen:4 Ind:15 RMSE(val)=43.476443
[GA][Iter3] Gen:4 Ind:16 RMSE(val)=44.845894
[GA][Iter3] Gen:4 Ind:17 RMSE(val)=44.137093
[GA][Iter3] Gen:4 Ind:18 RMSE(val)=43.476443
[GA][Iter3] Gen:4 Ind:19 RMSE(val)=43.476443
[GA][Iter3] Gen:4 Ind:20 RMSE(val)=44.225840
[GA][Iter3] gen=4 best_val_rmse=43.258493
[GA][Iter3] Gen:5 Ind:1 RMSE(val)=43.258493
[GA][Iter3] Gen:5 Ind:2 RMSE(val)=43.258493
[GA][Iter3] Gen:5 Ind:3 RMSE(val)=43.476443
[GA][Iter3] Gen:5 Ind:4 RMSE(val)=43.476443
[GA][Iter3] Gen:5 Ind:5 RMSE(val)=43.476443
[GA][Iter3] Gen:5 Ind:6 RMSE(val)=43.476443
[GA][Iter3] Gen:5 Ind:7 RMSE(val)=43.476443
[GA][Iter3] Gen:5 Ind:8 RMSE(val)=43.476443
[GA][Iter3] Gen:5 Ind:9 RMSE(val)=44.137093
[GA][Iter3] Gen:5 Ind:10 RMSE(val)=44.137093
[GA][Iter3] Gen:5 Ind:11 RMSE(val)=43.258493
[GA][Iter3] Gen:5 Ind:12 RMSE(val)=43.476443
[GA][Iter3] Gen:5 Ind:13 RMSE(val)=43.476443
[GA][Iter3] Gen:5 Ind:14 RMSE(val)=44.137093
[GA][Iter3] Gen:5 Ind:15 RMSE(val)=61.655577
[GA][Iter3] Gen:5 Ind:16 RMSE(val)=44.137093
[GA][Iter3] Gen:5 Ind:17 RMSE(val)=57.399388
[GA][Iter3] Gen:5 Ind:18 RMSE(val)=43.258493
[GA][Iter3] Gen:5 Ind:19 RMSE(val)=43.258493
[GA][Iter3] Gen:5 Ind:20 RMSE(val)=44.845894
[GA][Iter3] gen=5 best_val_rmse=43.258493
[GA][Iter3] Gen:6 Ind:1 RMSE(val)=43.258493
[GA][Iter3] Gen:6 Ind:2 RMSE(val)=43.258493
[GA][Iter3] Gen:6 Ind:3 RMSE(val)=43.258493
[GA][Iter3] Gen:6 Ind:4 RMSE(val)=43.258493
[GA][Iter3] Gen:6 Ind:5 RMSE(val)=43.258493
[GA][Iter3] Gen:6 Ind:6 RMSE(val)=43.476443
[GA][Iter3] Gen:6 Ind:7 RMSE(val)=43.476443
[GA][Iter3] Gen:6 Ind:8 RMSE(val)=43.476443
[GA][Iter3] Gen:6 Ind:9 RMSE(val)=43.476443
[GA][Iter3] Gen:6 Ind:10 RMSE(val)=43.476443
[GA][Iter3] Gen:6 Ind:11 RMSE(val)=43.476443
[GA][Iter3] Gen:6 Ind:12 RMSE(val)=43.476443
[GA][Iter3] Gen:6 Ind:13 RMSE(val)=44.845894
[GA][Iter3] Gen:6 Ind:14 RMSE(val)=43.476443
[GA][Iter3] Gen:6 Ind:15 RMSE(val)=43.258493
[GA][Iter3] Gen:6 Ind:16 RMSE(val)=42.507554
[GA][Iter3] Gen:6 Ind:17 RMSE(val)=43.476443
[GA][Iter3] Gen:6 Ind:18 RMSE(val)=43.258493
[GA][Iter3] Gen:6 Ind:19 RMSE(val)=43.258493
[GA][Iter3] Gen:6 Ind:20 RMSE(val)=43.258493
[GA][Iter3] gen=6 best_val_rmse=42.507554
[GA][Iter3] Gen:7 Ind:1 RMSE(val)=42.507554
[GA][Iter3] Gen:7 Ind:2 RMSE(val)=43.258493
[GA][Iter3] Gen:7 Ind:3 RMSE(val)=43.258493
[GA][Iter3] Gen:7 Ind:4 RMSE(val)=43.258493
[GA][Iter3] Gen:7 Ind:5 RMSE(val)=43.258493
[GA][Iter3] Gen:7 Ind:6 RMSE(val)=43.258493
[GA][Iter3] Gen:7 Ind:7 RMSE(val)=43.258493
[GA][Iter3] Gen:7 Ind:8 RMSE(val)=43.258493
[GA][Iter3] Gen:7 Ind:9 RMSE(val)=43.258493
[GA][Iter3] Gen:7 Ind:10 RMSE(val)=43.258493
[GA][Iter3] Gen:7 Ind:11 RMSE(val)=43.258493
[GA][Iter3] Gen:7 Ind:12 RMSE(val)=43.258493
[GA][Iter3] Gen:7 Ind:13 RMSE(val)=43.258493
[GA][Iter3] Gen:7 Ind:14 RMSE(val)=43.258493
[GA][Iter3] Gen:7 Ind:15 RMSE(val)=43.258493
[GA][Iter3] Gen:7 Ind:16 RMSE(val)=43.258493
[GA][Iter3] Gen:7 Ind:17 RMSE(val)=43.258493
[GA][Iter3] Gen:7 Ind:18 RMSE(val)=43.258493
[GA][Iter3] Gen:7 Ind:19 RMSE(val)=43.258493
[GA][Iter3] Gen:7 Ind:20 RMSE(val)=43.258493
[GA][Iter3] gen=7 best_val_rmse=42.507554
[GA][Iter3] Gen:8 Ind:1 RMSE(val)=42.507554
[GA][Iter3] Gen:8 Ind:2 RMSE(val)=43.258493
[GA][Iter3] Gen:8 Ind:3 RMSE(val)=43.258493
[GA][Iter3] Gen:8 Ind:4 RMSE(val)=43.258493
[GA][Iter3] Gen:8 Ind:5 RMSE(val)=43.258493
[GA][Iter3] Gen:8 Ind:6 RMSE(val)=43.258493
[GA][Iter3] Gen:8 Ind:7 RMSE(val)=43.258493
[GA][Iter3] Gen:8 Ind:8 RMSE(val)=43.258493
[GA][Iter3] Gen:8 Ind:9 RMSE(val)=43.258493
[GA][Iter3] Gen:8 Ind:10 RMSE(val)=43.258493
[GA][Iter3] Gen:8 Ind:11 RMSE(val)=43.258493
[GA][Iter3] Gen:8 Ind:12 RMSE(val)=43.258493
[GA][Iter3] Gen:8 Ind:13 RMSE(val)=43.258493
[GA][Iter3] Gen:8 Ind:14 RMSE(val)=43.258493
[GA][Iter3] Gen:8 Ind:15 RMSE(val)=43.258493
[GA][Iter3] Gen:8 Ind:16 RMSE(val)=43.258493
[GA][Iter3] Gen:8 Ind:17 RMSE(val)=43.258493
[GA][Iter3] Gen:8 Ind:18 RMSE(val)=43.258493
[GA][Iter3] Gen:8 Ind:19 RMSE(val)=43.258493
[GA][Iter3] Gen:8 Ind:20 RMSE(val)=43.258493
[GA][Iter3] gen=8 best_val_rmse=42.507554
[GA][Iter3] Gen:9 Ind:1 RMSE(val)=42.507554
[GA][Iter3] Gen:9 Ind:2 RMSE(val)=43.258493
[GA][Iter3] Gen:9 Ind:3 RMSE(val)=43.258493
[GA][Iter3] Gen:9 Ind:4 RMSE(val)=43.258493
[GA][Iter3] Gen:9 Ind:5 RMSE(val)=43.258493
[GA][Iter3] Gen:9 Ind:6 RMSE(val)=43.258493
[GA][Iter3] Gen:9 Ind:7 RMSE(val)=43.258493
[GA][Iter3] Gen:9 Ind:8 RMSE(val)=43.258493
[GA][Iter3] Gen:9 Ind:9 RMSE(val)=43.258493
[GA][Iter3] Gen:9 Ind:10 RMSE(val)=43.258493
[GA][Iter3] Gen:9 Ind:11 RMSE(val)=42.507554
[GA][Iter3] Gen:9 Ind:12 RMSE(val)=43.258493
[GA][Iter3] Gen:9 Ind:13 RMSE(val)=65.001999
[GA][Iter3] Gen:9 Ind:14 RMSE(val)=43.609672
[GA][Iter3] Gen:9 Ind:15 RMSE(val)=43.258493
[GA][Iter3] Gen:9 Ind:16 RMSE(val)=67.809955
[GA][Iter3] Gen:9 Ind:17 RMSE(val)=67.809955
[GA][Iter3] Gen:9 Ind:18 RMSE(val)=42.507554
[GA][Iter3] Gen:9 Ind:19 RMSE(val)=43.258493
[GA][Iter3] Gen:9 Ind:20 RMSE(val)=43.258493
[GA][Iter3] gen=9 best_val_rmse=42.507554
[GA][Iter3] Gen:10 Ind:1 RMSE(val)=42.507554
[GA][Iter3] Gen:10 Ind:2 RMSE(val)=42.507554
[GA][Iter3] Gen:10 Ind:3 RMSE(val)=42.507554
[GA][Iter3] Gen:10 Ind:4 RMSE(val)=43.258493
[GA][Iter3] Gen:10 Ind:5 RMSE(val)=43.258493
[GA][Iter3] Gen:10 Ind:6 RMSE(val)=43.258493
[GA][Iter3] Gen:10 Ind:7 RMSE(val)=43.258493
[GA][Iter3] Gen:10 Ind:8 RMSE(val)=43.258493
[GA][Iter3] Gen:10 Ind:9 RMSE(val)=43.258493
[GA][Iter3] Gen:10 Ind:10 RMSE(val)=43.258493
[GA][Iter3] Gen:10 Ind:11 RMSE(val)=42.507554
[GA][Iter3] Gen:10 Ind:12 RMSE(val)=42.507554
[GA][Iter3] Gen:10 Ind:13 RMSE(val)=43.258493
[GA][Iter3] Gen:10 Ind:14 RMSE(val)=42.507554
[GA][Iter3] Gen:10 Ind:15 RMSE(val)=42.507554
[GA][Iter3] Gen:10 Ind:16 RMSE(val)=43.258493
[GA][Iter3] Gen:10 Ind:17 RMSE(val)=43.258493
[GA][Iter3] Gen:10 Ind:18 RMSE(val)=67.809955
[GA][Iter3] Gen:10 Ind:19 RMSE(val)=42.507554
[GA][Iter3] Gen:10 Ind:20 RMSE(val)=43.258493
[GA][Iter3] gen=10 best_val_rmse=42.507554
[GA][Iter3] Gen:11 Ind:1 RMSE(val)=42.507554
[GA][Iter3] Gen:11 Ind:2 RMSE(val)=42.507554
[GA][Iter3] Gen:11 Ind:3 RMSE(val)=42.507554
[GA][Iter3] Gen:11 Ind:4 RMSE(val)=42.507554
[GA][Iter3] Gen:11 Ind:5 RMSE(val)=42.507554
[GA][Iter3] Gen:11 Ind:6 RMSE(val)=42.507554
[GA][Iter3] Gen:11 Ind:7 RMSE(val)=42.507554
[GA][Iter3] Gen:11 Ind:8 RMSE(val)=42.507554
[GA][Iter3] Gen:11 Ind:9 RMSE(val)=43.258493
[GA][Iter3] Gen:11 Ind:10 RMSE(val)=43.258493
[GA][Iter3] Gen:11 Ind:11 RMSE(val)=43.258493
[GA][Iter3] Gen:11 Ind:12 RMSE(val)=42.507554
[GA][Iter3] Gen:11 Ind:13 RMSE(val)=42.507554
[GA][Iter3] Gen:11 Ind:14 RMSE(val)=42.507554
[GA][Iter3] Gen:11 Ind:15 RMSE(val)=42.507554
[GA][Iter3] Gen:11 Ind:16 RMSE(val)=43.258493
[GA][Iter3] Gen:11 Ind:17 RMSE(val)=42.507554
[GA][Iter3] Gen:11 Ind:18 RMSE(val)=43.258493
[GA][Iter3] Gen:11 Ind:19 RMSE(val)=42.507554
[GA][Iter3] Gen:11 Ind:20 RMSE(val)=42.507554
[GA][Iter3] gen=11 best_val_rmse=42.507554
[GA][Iter3] Gen:12 Ind:1 RMSE(val)=42.507554
[GA][Iter3] Gen:12 Ind:2 RMSE(val)=42.507554
[GA][Iter3] Gen:12 Ind:3 RMSE(val)=42.507554
[GA][Iter3] Gen:12 Ind:4 RMSE(val)=42.507554
[GA][Iter3] Gen:12 Ind:5 RMSE(val)=42.507554
[GA][Iter3] Gen:12 Ind:6 RMSE(val)=42.507554
[GA][Iter3] Gen:12 Ind:7 RMSE(val)=42.507554
[GA][Iter3] Gen:12 Ind:8 RMSE(val)=42.507554
[GA][Iter3] Gen:12 Ind:9 RMSE(val)=42.507554
[GA][Iter3] Gen:12 Ind:10 RMSE(val)=42.507554
[GA][Iter3] Gen:12 Ind:11 RMSE(val)=42.507554
[GA][Iter3] Gen:12 Ind:12 RMSE(val)=42.507554
[GA][Iter3] Gen:12 Ind:13 RMSE(val)=42.507554
[GA][Iter3] Gen:12 Ind:14 RMSE(val)=57.399388
[GA][Iter3] Gen:12 Ind:15 RMSE(val)=42.678468
[GA][Iter3] Gen:12 Ind:16 RMSE(val)=42.507554
[GA][Iter3] Gen:12 Ind:17 RMSE(val)=42.507554
[GA][Iter3] Gen:12 Ind:18 RMSE(val)=42.507554
[GA][Iter3] Gen:12 Ind:19 RMSE(val)=42.860808
[GA][Iter3] Gen:12 Ind:20 RMSE(val)=42.507554
[GA][Iter3] gen=12 best_val_rmse=42.507554
[GA][Iter3] Gen:13 Ind:1 RMSE(val)=42.507554
[GA][Iter3] Gen:13 Ind:2 RMSE(val)=42.507554
[GA][Iter3] Gen:13 Ind:3 RMSE(val)=42.507554
[GA][Iter3] Gen:13 Ind:4 RMSE(val)=42.507554
[GA][Iter3] Gen:13 Ind:5 RMSE(val)=42.507554
[GA][Iter3] Gen:13 Ind:6 RMSE(val)=42.507554
[GA][Iter3] Gen:13 Ind:7 RMSE(val)=42.507554
[GA][Iter3] Gen:13 Ind:8 RMSE(val)=42.507554
[GA][Iter3] Gen:13 Ind:9 RMSE(val)=42.507554
[GA][Iter3] Gen:13 Ind:10 RMSE(val)=42.507554
[GA][Iter3] Gen:13 Ind:11 RMSE(val)=42.507554
[GA][Iter3] Gen:13 Ind:12 RMSE(val)=42.507554
[GA][Iter3] Gen:13 Ind:13 RMSE(val)=42.507554
[GA][Iter3] Gen:13 Ind:14 RMSE(val)=42.507554
[GA][Iter3] Gen:13 Ind:15 RMSE(val)=43.258493
[GA][Iter3] Gen:13 Ind:16 RMSE(val)=42.507554
[GA][Iter3] Gen:13 Ind:17 RMSE(val)=42.507554
[GA][Iter3] Gen:13 Ind:18 RMSE(val)=57.399388
[GA][Iter3] Gen:13 Ind:19 RMSE(val)=42.507554
[GA][Iter3] Gen:13 Ind:20 RMSE(val)=42.507554
[GA][Iter3] gen=13 best_val_rmse=42.507554
[GA][Iter3] Gen:14 Ind:1 RMSE(val)=42.507554
[GA][Iter3] Gen:14 Ind:2 RMSE(val)=42.507554
[GA][Iter3] Gen:14 Ind:3 RMSE(val)=42.507554
[GA][Iter3] Gen:14 Ind:4 RMSE(val)=42.507554
[GA][Iter3] Gen:14 Ind:5 RMSE(val)=42.507554
[GA][Iter3] Gen:14 Ind:6 RMSE(val)=42.507554
[GA][Iter3] Gen:14 Ind:7 RMSE(val)=42.507554
[GA][Iter3] Gen:14 Ind:8 RMSE(val)=42.507554
[GA][Iter3] Gen:14 Ind:9 RMSE(val)=42.507554
[GA][Iter3] Gen:14 Ind:10 RMSE(val)=42.507554
[GA][Iter3] Gen:14 Ind:11 RMSE(val)=42.507554
[GA][Iter3] Gen:14 Ind:12 RMSE(val)=42.507554
[GA][Iter3] Gen:14 Ind:13 RMSE(val)=42.507554
[GA][Iter3] Gen:14 Ind:14 RMSE(val)=42.507554
[GA][Iter3] Gen:14 Ind:15 RMSE(val)=42.507554
[GA][Iter3] Gen:14 Ind:16 RMSE(val)=42.507554
[GA][Iter3] Gen:14 Ind:17 RMSE(val)=42.860808
[GA][Iter3] Gen:14 Ind:18 RMSE(val)=42.507554
[GA][Iter3] Gen:14 Ind:19 RMSE(val)=42.507554
[GA][Iter3] Gen:14 Ind:20 RMSE(val)=42.507554
[GA][Iter3] gen=14 best_val_rmse=42.507554
[GA][Iter3] Gen:15 Ind:1 RMSE(val)=42.507554
[GA][Iter3] Gen:15 Ind:2 RMSE(val)=42.507554
[GA][Iter3] Gen:15 Ind:3 RMSE(val)=42.507554
[GA][Iter3] Gen:15 Ind:4 RMSE(val)=42.507554
[GA][Iter3] Gen:15 Ind:5 RMSE(val)=42.507554
[GA][Iter3] Gen:15 Ind:6 RMSE(val)=42.507554
[GA][Iter3] Gen:15 Ind:7 RMSE(val)=42.507554
[GA][Iter3] Gen:15 Ind:8 RMSE(val)=42.507554
[GA][Iter3] Gen:15 Ind:9 RMSE(val)=42.507554
[GA][Iter3] Gen:15 Ind:10 RMSE(val)=42.507554
[GA][Iter3] Gen:15 Ind:11 RMSE(val)=42.507554
[GA][Iter3] Gen:15 Ind:12 RMSE(val)=42.507554
[GA][Iter3] Gen:15 Ind:13 RMSE(val)=42.507554
[GA][Iter3] Gen:15 Ind:14 RMSE(val)=42.507554
[GA][Iter3] Gen:15 Ind:15 RMSE(val)=42.507554
[GA][Iter3] Gen:15 Ind:16 RMSE(val)=42.507554
[GA][Iter3] Gen:15 Ind:17 RMSE(val)=42.507554
[GA][Iter3] Gen:15 Ind:18 RMSE(val)=42.507554
[GA][Iter3] Gen:15 Ind:19 RMSE(val)=42.507554
[GA][Iter3] Gen:15 Ind:20 RMSE(val)=43.258493
[GA][Iter3] gen=15 best_val_rmse=42.507554
[GA][Iter3] Gen:15 Ind:1 RMSE(val)=42.507554
[GA][Iter3] Gen:15 Ind:2 RMSE(val)=42.507554
[GA][Iter3] Gen:15 Ind:3 RMSE(val)=42.507554
[GA][Iter3] Gen:15 Ind:4 RMSE(val)=42.507554
[GA][Iter3] Gen:15 Ind:5 RMSE(val)=42.507554
[GA][Iter3] Gen:15 Ind:6 RMSE(val)=42.507554
[GA][Iter3] Gen:15 Ind:7 RMSE(val)=42.507554
[GA][Iter3] Gen:15 Ind:8 RMSE(val)=42.507554
[GA][Iter3] Gen:15 Ind:9 RMSE(val)=42.507554
[GA][Iter3] Gen:15 Ind:10 RMSE(val)=42.507554
[GA][Iter3] Gen:15 Ind:11 RMSE(val)=72.453109
[GA][Iter3] Gen:15 Ind:12 RMSE(val)=42.507554
[GA][Iter3] Gen:15 Ind:13 RMSE(val)=42.507554
[GA][Iter3] Gen:15 Ind:14 RMSE(val)=42.507554
[GA][Iter3] Gen:15 Ind:15 RMSE(val)=42.507554
[GA][Iter3] Gen:15 Ind:16 RMSE(val)=42.507554
[GA][Iter3] Gen:15 Ind:17 RMSE(val)=42.507554
[GA][Iter3] Gen:15 Ind:18 RMSE(val)=42.507554
[GA][Iter3] Gen:15 Ind:19 RMSE(val)=42.507554
[GA][Iter3] Gen:15 Ind:20 RMSE(val)=42.698566

[GA DONE][Iter3] Best params on val fold of Iter3
Best val RMSE: 42.507554
Best params: {'max_depth': 42, 'min_samples_split': 33, 'min_samples_leaf': 19, 'max_features': None, 'splitter': 'random', 'criterion': 'squared_error'}
--------------------------------------------------------------------------------
[RETUNE GA] Iter3: train folds 1..7 -> test fold 8  RMSE=30.992904  NRMSE=0.768338  CVRMSE=0.293727  R2=0.403240
[GA][Iter4] Gen:1 Ind:1 RMSE(val)=88.570958
[GA][Iter4] Gen:1 Ind:2 RMSE(val)=37.108603
[GA][Iter4] Gen:1 Ind:3 RMSE(val)=35.442517
[GA][Iter4] Gen:1 Ind:4 RMSE(val)=40.122125
[GA][Iter4] Gen:1 Ind:5 RMSE(val)=35.498851
[GA][Iter4] Gen:1 Ind:6 RMSE(val)=54.594005
[GA][Iter4] Gen:1 Ind:7 RMSE(val)=33.660084
[GA][Iter4] Gen:1 Ind:8 RMSE(val)=33.794327
[GA][Iter4] Gen:1 Ind:9 RMSE(val)=51.906191
[GA][Iter4] Gen:1 Ind:10 RMSE(val)=36.143159
[GA][Iter4] Gen:1 Ind:11 RMSE(val)=29.908470
[GA][Iter4] Gen:1 Ind:12 RMSE(val)=35.599032
[GA][Iter4] Gen:1 Ind:13 RMSE(val)=41.542180
[GA][Iter4] Gen:1 Ind:14 RMSE(val)=35.293947
[GA][Iter4] Gen:1 Ind:15 RMSE(val)=52.976308
[GA][Iter4] Gen:1 Ind:16 RMSE(val)=40.806642
[GA][Iter4] Gen:1 Ind:17 RMSE(val)=37.674504
[GA][Iter4] Gen:1 Ind:18 RMSE(val)=33.312886
[GA][Iter4] Gen:1 Ind:19 RMSE(val)=36.264346
[GA][Iter4] Gen:1 Ind:20 RMSE(val)=48.916150
[GA][Iter4] gen=1 best_val_rmse=29.908470
[GA][Iter4] Gen:2 Ind:1 RMSE(val)=29.908470
[GA][Iter4] Gen:2 Ind:2 RMSE(val)=33.312886
[GA][Iter4] Gen:2 Ind:3 RMSE(val)=33.660084
[GA][Iter4] Gen:2 Ind:4 RMSE(val)=33.794327
[GA][Iter4] Gen:2 Ind:5 RMSE(val)=35.293947
[GA][Iter4] Gen:2 Ind:6 RMSE(val)=35.442517
[GA][Iter4] Gen:2 Ind:7 RMSE(val)=35.498851
[GA][Iter4] Gen:2 Ind:8 RMSE(val)=35.599032
[GA][Iter4] Gen:2 Ind:9 RMSE(val)=36.143159
[GA][Iter4] Gen:2 Ind:10 RMSE(val)=36.264346
[GA][Iter4] Gen:2 Ind:11 RMSE(val)=34.745912
[GA][Iter4] Gen:2 Ind:12 RMSE(val)=34.753465
[GA][Iter4] Gen:2 Ind:13 RMSE(val)=59.965850
[GA][Iter4] Gen:2 Ind:14 RMSE(val)=38.766055
[GA][Iter4] Gen:2 Ind:15 RMSE(val)=30.327592
[GA][Iter4] Gen:2 Ind:16 RMSE(val)=48.614904
[GA][Iter4] Gen:2 Ind:17 RMSE(val)=30.346405
[GA][Iter4] Gen:2 Ind:18 RMSE(val)=32.611552
[GA][Iter4] Gen:2 Ind:19 RMSE(val)=30.346405
[GA][Iter4] Gen:2 Ind:20 RMSE(val)=29.908470
[GA][Iter4] gen=2 best_val_rmse=29.908470
[GA][Iter4] Gen:3 Ind:1 RMSE(val)=29.908470
[GA][Iter4] Gen:3 Ind:2 RMSE(val)=29.908470
[GA][Iter4] Gen:3 Ind:3 RMSE(val)=30.327592
[GA][Iter4] Gen:3 Ind:4 RMSE(val)=30.346405
[GA][Iter4] Gen:3 Ind:5 RMSE(val)=30.346405
[GA][Iter4] Gen:3 Ind:6 RMSE(val)=32.611552
[GA][Iter4] Gen:3 Ind:7 RMSE(val)=33.312886
[GA][Iter4] Gen:3 Ind:8 RMSE(val)=33.660084
[GA][Iter4] Gen:3 Ind:9 RMSE(val)=33.794327
[GA][Iter4] Gen:3 Ind:10 RMSE(val)=34.745912
[GA][Iter4] Gen:3 Ind:11 RMSE(val)=34.745912
[GA][Iter4] Gen:3 Ind:12 RMSE(val)=29.908470
[GA][Iter4] Gen:3 Ind:13 RMSE(val)=30.481473
[GA][Iter4] Gen:3 Ind:14 RMSE(val)=29.908470
[GA][Iter4] Gen:3 Ind:15 RMSE(val)=33.312886
[GA][Iter4] Gen:3 Ind:16 RMSE(val)=39.067109
[GA][Iter4] Gen:3 Ind:17 RMSE(val)=30.444702
[GA][Iter4] Gen:3 Ind:18 RMSE(val)=32.642780
[GA][Iter4] Gen:3 Ind:19 RMSE(val)=30.481473
[GA][Iter4] Gen:3 Ind:20 RMSE(val)=32.275004
[GA][Iter4] gen=3 best_val_rmse=29.908470
[GA][Iter4] Gen:4 Ind:1 RMSE(val)=29.908470
[GA][Iter4] Gen:4 Ind:2 RMSE(val)=29.908470
[GA][Iter4] Gen:4 Ind:3 RMSE(val)=29.908470
[GA][Iter4] Gen:4 Ind:4 RMSE(val)=29.908470
[GA][Iter4] Gen:4 Ind:5 RMSE(val)=30.327592
[GA][Iter4] Gen:4 Ind:6 RMSE(val)=30.346405
[GA][Iter4] Gen:4 Ind:7 RMSE(val)=30.346405
[GA][Iter4] Gen:4 Ind:8 RMSE(val)=30.444702
[GA][Iter4] Gen:4 Ind:9 RMSE(val)=30.481473
[GA][Iter4] Gen:4 Ind:10 RMSE(val)=30.481473
[GA][Iter4] Gen:4 Ind:11 RMSE(val)=30.481473
[GA][Iter4] Gen:4 Ind:12 RMSE(val)=36.348391
[GA][Iter4] Gen:4 Ind:13 RMSE(val)=40.806642
[GA][Iter4] Gen:4 Ind:14 RMSE(val)=30.481473
[GA][Iter4] Gen:4 Ind:15 RMSE(val)=30.346405
[GA][Iter4] Gen:4 Ind:16 RMSE(val)=30.481473
[GA][Iter4] Gen:4 Ind:17 RMSE(val)=30.992904
[GA][Iter4] Gen:4 Ind:18 RMSE(val)=30.992904
[GA][Iter4] Gen:4 Ind:19 RMSE(val)=30.327592
[GA][Iter4] Gen:4 Ind:20 RMSE(val)=30.346405
[GA][Iter4] gen=4 best_val_rmse=29.908470
[GA][Iter4] Gen:5 Ind:1 RMSE(val)=29.908470
[GA][Iter4] Gen:5 Ind:2 RMSE(val)=29.908470
[GA][Iter4] Gen:5 Ind:3 RMSE(val)=29.908470
[GA][Iter4] Gen:5 Ind:4 RMSE(val)=29.908470
[GA][Iter4] Gen:5 Ind:5 RMSE(val)=30.327592
[GA][Iter4] Gen:5 Ind:6 RMSE(val)=30.327592
[GA][Iter4] Gen:5 Ind:7 RMSE(val)=30.346405
[GA][Iter4] Gen:5 Ind:8 RMSE(val)=30.346405
[GA][Iter4] Gen:5 Ind:9 RMSE(val)=30.346405
[GA][Iter4] Gen:5 Ind:10 RMSE(val)=30.346405
[GA][Iter4] Gen:5 Ind:11 RMSE(val)=29.908470
[GA][Iter4] Gen:5 Ind:12 RMSE(val)=30.481473
[GA][Iter4] Gen:5 Ind:13 RMSE(val)=30.327592
[GA][Iter4] Gen:5 Ind:14 RMSE(val)=33.312886
[GA][Iter4] Gen:5 Ind:15 RMSE(val)=30.388169
[GA][Iter4] Gen:5 Ind:16 RMSE(val)=30.481473
[GA][Iter4] Gen:5 Ind:17 RMSE(val)=39.738850
[GA][Iter4] Gen:5 Ind:18 RMSE(val)=29.908470
[GA][Iter4] Gen:5 Ind:19 RMSE(val)=29.908470
[GA][Iter4] Gen:5 Ind:20 RMSE(val)=30.481473
[GA][Iter4] gen=5 best_val_rmse=29.908470
[GA][Iter4] Gen:6 Ind:1 RMSE(val)=29.908470
[GA][Iter4] Gen:6 Ind:2 RMSE(val)=29.908470
[GA][Iter4] Gen:6 Ind:3 RMSE(val)=29.908470
[GA][Iter4] Gen:6 Ind:4 RMSE(val)=29.908470
[GA][Iter4] Gen:6 Ind:5 RMSE(val)=29.908470
[GA][Iter4] Gen:6 Ind:6 RMSE(val)=29.908470
[GA][Iter4] Gen:6 Ind:7 RMSE(val)=29.908470
[GA][Iter4] Gen:6 Ind:8 RMSE(val)=30.327592
[GA][Iter4] Gen:6 Ind:9 RMSE(val)=30.327592
[GA][Iter4] Gen:6 Ind:10 RMSE(val)=30.327592
[GA][Iter4] Gen:6 Ind:11 RMSE(val)=30.992904
[GA][Iter4] Gen:6 Ind:12 RMSE(val)=30.327592
[GA][Iter4] Gen:6 Ind:13 RMSE(val)=33.678267
[GA][Iter4] Gen:6 Ind:14 RMSE(val)=29.908470
[GA][Iter4] Gen:6 Ind:15 RMSE(val)=29.908470
[GA][Iter4] Gen:6 Ind:16 RMSE(val)=30.992904
[GA][Iter4] Gen:6 Ind:17 RMSE(val)=30.327592
[GA][Iter4] Gen:6 Ind:18 RMSE(val)=29.908470
[GA][Iter4] Gen:6 Ind:19 RMSE(val)=29.908470
[GA][Iter4] Gen:6 Ind:20 RMSE(val)=29.908470
[GA][Iter4] gen=6 best_val_rmse=29.908470
[GA][Iter4] Gen:7 Ind:1 RMSE(val)=29.908470
[GA][Iter4] Gen:7 Ind:2 RMSE(val)=29.908470
[GA][Iter4] Gen:7 Ind:3 RMSE(val)=29.908470
[GA][Iter4] Gen:7 Ind:4 RMSE(val)=29.908470
[GA][Iter4] Gen:7 Ind:5 RMSE(val)=29.908470
[GA][Iter4] Gen:7 Ind:6 RMSE(val)=29.908470
[GA][Iter4] Gen:7 Ind:7 RMSE(val)=29.908470
[GA][Iter4] Gen:7 Ind:8 RMSE(val)=29.908470
[GA][Iter4] Gen:7 Ind:9 RMSE(val)=29.908470
[GA][Iter4] Gen:7 Ind:10 RMSE(val)=29.908470
[GA][Iter4] Gen:7 Ind:11 RMSE(val)=29.908470
[GA][Iter4] Gen:7 Ind:12 RMSE(val)=29.908470
[GA][Iter4] Gen:7 Ind:13 RMSE(val)=29.908470
[GA][Iter4] Gen:7 Ind:14 RMSE(val)=29.908470
[GA][Iter4] Gen:7 Ind:15 RMSE(val)=29.908470
[GA][Iter4] Gen:7 Ind:16 RMSE(val)=29.908470
[GA][Iter4] Gen:7 Ind:17 RMSE(val)=29.908470
[GA][Iter4] Gen:7 Ind:18 RMSE(val)=29.908470
[GA][Iter4] Gen:7 Ind:19 RMSE(val)=29.908470
[GA][Iter4] Gen:7 Ind:20 RMSE(val)=29.908470
[GA][Iter4] gen=7 best_val_rmse=29.908470
[GA][Iter4] Gen:8 Ind:1 RMSE(val)=29.908470
[GA][Iter4] Gen:8 Ind:2 RMSE(val)=29.908470
[GA][Iter4] Gen:8 Ind:3 RMSE(val)=29.908470
[GA][Iter4] Gen:8 Ind:4 RMSE(val)=29.908470
[GA][Iter4] Gen:8 Ind:5 RMSE(val)=29.908470
[GA][Iter4] Gen:8 Ind:6 RMSE(val)=29.908470
[GA][Iter4] Gen:8 Ind:7 RMSE(val)=29.908470
[GA][Iter4] Gen:8 Ind:8 RMSE(val)=29.908470
[GA][Iter4] Gen:8 Ind:9 RMSE(val)=29.908470
[GA][Iter4] Gen:8 Ind:10 RMSE(val)=29.908470
[GA][Iter4] Gen:8 Ind:11 RMSE(val)=29.908470
[GA][Iter4] Gen:8 Ind:12 RMSE(val)=29.908470
[GA][Iter4] Gen:8 Ind:13 RMSE(val)=29.908470
[GA][Iter4] Gen:8 Ind:14 RMSE(val)=29.908470
[GA][Iter4] Gen:8 Ind:15 RMSE(val)=29.908470
[GA][Iter4] Gen:8 Ind:16 RMSE(val)=29.908470
[GA][Iter4] Gen:8 Ind:17 RMSE(val)=29.908470
[GA][Iter4] Gen:8 Ind:18 RMSE(val)=29.908470
[GA][Iter4] Gen:8 Ind:19 RMSE(val)=29.908470
[GA][Iter4] Gen:8 Ind:20 RMSE(val)=29.908470
[GA][Iter4] gen=8 best_val_rmse=29.908470
[GA][Iter4] Gen:9 Ind:1 RMSE(val)=29.908470
[GA][Iter4] Gen:9 Ind:2 RMSE(val)=29.908470
[GA][Iter4] Gen:9 Ind:3 RMSE(val)=29.908470
[GA][Iter4] Gen:9 Ind:4 RMSE(val)=29.908470
[GA][Iter4] Gen:9 Ind:5 RMSE(val)=29.908470
[GA][Iter4] Gen:9 Ind:6 RMSE(val)=29.908470
[GA][Iter4] Gen:9 Ind:7 RMSE(val)=29.908470
[GA][Iter4] Gen:9 Ind:8 RMSE(val)=29.908470
[GA][Iter4] Gen:9 Ind:9 RMSE(val)=29.908470
[GA][Iter4] Gen:9 Ind:10 RMSE(val)=29.908470
[GA][Iter4] Gen:9 Ind:11 RMSE(val)=29.908470
[GA][Iter4] Gen:9 Ind:12 RMSE(val)=29.908470
[GA][Iter4] Gen:9 Ind:13 RMSE(val)=40.806642
[GA][Iter4] Gen:9 Ind:14 RMSE(val)=29.947620
[GA][Iter4] Gen:9 Ind:15 RMSE(val)=29.908470
[GA][Iter4] Gen:9 Ind:16 RMSE(val)=36.086156
[GA][Iter4] Gen:9 Ind:17 RMSE(val)=36.086156
[GA][Iter4] Gen:9 Ind:18 RMSE(val)=30.992904
[GA][Iter4] Gen:9 Ind:19 RMSE(val)=29.908470
[GA][Iter4] Gen:9 Ind:20 RMSE(val)=29.908470
[GA][Iter4] gen=9 best_val_rmse=29.908470
[GA][Iter4] Gen:10 Ind:1 RMSE(val)=29.908470
[GA][Iter4] Gen:10 Ind:2 RMSE(val)=29.908470
[GA][Iter4] Gen:10 Ind:3 RMSE(val)=29.908470
[GA][Iter4] Gen:10 Ind:4 RMSE(val)=29.908470
[GA][Iter4] Gen:10 Ind:5 RMSE(val)=29.908470
[GA][Iter4] Gen:10 Ind:6 RMSE(val)=29.908470
[GA][Iter4] Gen:10 Ind:7 RMSE(val)=29.908470
[GA][Iter4] Gen:10 Ind:8 RMSE(val)=29.908470
[GA][Iter4] Gen:10 Ind:9 RMSE(val)=29.908470
[GA][Iter4] Gen:10 Ind:10 RMSE(val)=29.908470
[GA][Iter4] Gen:10 Ind:11 RMSE(val)=29.908470
[GA][Iter4] Gen:10 Ind:12 RMSE(val)=29.908470
[GA][Iter4] Gen:10 Ind:13 RMSE(val)=29.908470
[GA][Iter4] Gen:10 Ind:14 RMSE(val)=29.908470
[GA][Iter4] Gen:10 Ind:15 RMSE(val)=29.908470
[GA][Iter4] Gen:10 Ind:16 RMSE(val)=29.908470
[GA][Iter4] Gen:10 Ind:17 RMSE(val)=29.908470
[GA][Iter4] Gen:10 Ind:18 RMSE(val)=36.086156
[GA][Iter4] Gen:10 Ind:19 RMSE(val)=29.908470
[GA][Iter4] Gen:10 Ind:20 RMSE(val)=29.908470
[GA][Iter4] gen=10 best_val_rmse=29.908470
[GA][Iter4] Gen:11 Ind:1 RMSE(val)=29.908470
[GA][Iter4] Gen:11 Ind:2 RMSE(val)=29.908470
[GA][Iter4] Gen:11 Ind:3 RMSE(val)=29.908470
[GA][Iter4] Gen:11 Ind:4 RMSE(val)=29.908470
[GA][Iter4] Gen:11 Ind:5 RMSE(val)=29.908470
[GA][Iter4] Gen:11 Ind:6 RMSE(val)=29.908470
[GA][Iter4] Gen:11 Ind:7 RMSE(val)=29.908470
[GA][Iter4] Gen:11 Ind:8 RMSE(val)=29.908470
[GA][Iter4] Gen:11 Ind:9 RMSE(val)=29.908470
[GA][Iter4] Gen:11 Ind:10 RMSE(val)=29.908470
[GA][Iter4] Gen:11 Ind:11 RMSE(val)=29.908470
[GA][Iter4] Gen:11 Ind:12 RMSE(val)=29.908470
[GA][Iter4] Gen:11 Ind:13 RMSE(val)=29.908470
[GA][Iter4] Gen:11 Ind:14 RMSE(val)=29.908470
[GA][Iter4] Gen:11 Ind:15 RMSE(val)=29.908470
[GA][Iter4] Gen:11 Ind:16 RMSE(val)=29.908470
[GA][Iter4] Gen:11 Ind:17 RMSE(val)=29.908470
[GA][Iter4] Gen:11 Ind:18 RMSE(val)=29.908470
[GA][Iter4] Gen:11 Ind:19 RMSE(val)=29.908470
[GA][Iter4] Gen:11 Ind:20 RMSE(val)=29.908470
[GA][Iter4] gen=11 best_val_rmse=29.908470
[GA][Iter4] Gen:12 Ind:1 RMSE(val)=29.908470
[GA][Iter4] Gen:12 Ind:2 RMSE(val)=29.908470
[GA][Iter4] Gen:12 Ind:3 RMSE(val)=29.908470
[GA][Iter4] Gen:12 Ind:4 RMSE(val)=29.908470
[GA][Iter4] Gen:12 Ind:5 RMSE(val)=29.908470
[GA][Iter4] Gen:12 Ind:6 RMSE(val)=29.908470
[GA][Iter4] Gen:12 Ind:7 RMSE(val)=29.908470
[GA][Iter4] Gen:12 Ind:8 RMSE(val)=29.908470
[GA][Iter4] Gen:12 Ind:9 RMSE(val)=29.908470
[GA][Iter4] Gen:12 Ind:10 RMSE(val)=29.908470
[GA][Iter4] Gen:12 Ind:11 RMSE(val)=29.908470
[GA][Iter4] Gen:12 Ind:12 RMSE(val)=29.908470
[GA][Iter4] Gen:12 Ind:13 RMSE(val)=29.908470
[GA][Iter4] Gen:12 Ind:14 RMSE(val)=40.806642
[GA][Iter4] Gen:12 Ind:15 RMSE(val)=36.498453
[GA][Iter4] Gen:12 Ind:16 RMSE(val)=29.908470
[GA][Iter4] Gen:12 Ind:17 RMSE(val)=29.908470
[GA][Iter4] Gen:12 Ind:18 RMSE(val)=29.908470
[GA][Iter4] Gen:12 Ind:19 RMSE(val)=29.409805
[GA][Iter4] Gen:12 Ind:20 RMSE(val)=29.908470
[GA][Iter4] gen=12 best_val_rmse=29.409805
[GA][Iter4] Gen:13 Ind:1 RMSE(val)=29.409805
[GA][Iter4] Gen:13 Ind:2 RMSE(val)=29.908470
[GA][Iter4] Gen:13 Ind:3 RMSE(val)=29.908470
[GA][Iter4] Gen:13 Ind:4 RMSE(val)=29.908470
[GA][Iter4] Gen:13 Ind:5 RMSE(val)=29.908470
[GA][Iter4] Gen:13 Ind:6 RMSE(val)=29.908470
[GA][Iter4] Gen:13 Ind:7 RMSE(val)=29.908470
[GA][Iter4] Gen:13 Ind:8 RMSE(val)=29.908470
[GA][Iter4] Gen:13 Ind:9 RMSE(val)=29.908470
[GA][Iter4] Gen:13 Ind:10 RMSE(val)=29.908470
[GA][Iter4] Gen:13 Ind:11 RMSE(val)=29.908470
[GA][Iter4] Gen:13 Ind:12 RMSE(val)=29.908470
[GA][Iter4] Gen:13 Ind:13 RMSE(val)=29.908470
[GA][Iter4] Gen:13 Ind:14 RMSE(val)=29.409805
[GA][Iter4] Gen:13 Ind:15 RMSE(val)=29.409805
[GA][Iter4] Gen:13 Ind:16 RMSE(val)=29.908470
[GA][Iter4] Gen:13 Ind:17 RMSE(val)=29.908470
[GA][Iter4] Gen:13 Ind:18 RMSE(val)=40.806642
[GA][Iter4] Gen:13 Ind:19 RMSE(val)=29.908470
[GA][Iter4] Gen:13 Ind:20 RMSE(val)=29.908470
[GA][Iter4] gen=13 best_val_rmse=29.409805
[GA][Iter4] Gen:14 Ind:1 RMSE(val)=29.409805
[GA][Iter4] Gen:14 Ind:2 RMSE(val)=29.409805
[GA][Iter4] Gen:14 Ind:3 RMSE(val)=29.409805
[GA][Iter4] Gen:14 Ind:4 RMSE(val)=29.908470
[GA][Iter4] Gen:14 Ind:5 RMSE(val)=29.908470
[GA][Iter4] Gen:14 Ind:6 RMSE(val)=29.908470
[GA][Iter4] Gen:14 Ind:7 RMSE(val)=29.908470
[GA][Iter4] Gen:14 Ind:8 RMSE(val)=29.908470
[GA][Iter4] Gen:14 Ind:9 RMSE(val)=29.908470
[GA][Iter4] Gen:14 Ind:10 RMSE(val)=29.908470
[GA][Iter4] Gen:14 Ind:11 RMSE(val)=29.908470
[GA][Iter4] Gen:14 Ind:12 RMSE(val)=29.908470
[GA][Iter4] Gen:14 Ind:13 RMSE(val)=29.908470
[GA][Iter4] Gen:14 Ind:14 RMSE(val)=29.409805
[GA][Iter4] Gen:14 Ind:15 RMSE(val)=29.409805
[GA][Iter4] Gen:14 Ind:16 RMSE(val)=29.908470
[GA][Iter4] Gen:14 Ind:17 RMSE(val)=29.409805
[GA][Iter4] Gen:14 Ind:18 RMSE(val)=29.409805
[GA][Iter4] Gen:14 Ind:19 RMSE(val)=29.908470
[GA][Iter4] Gen:14 Ind:20 RMSE(val)=29.409805
[GA][Iter4] gen=14 best_val_rmse=29.409805
[GA][Iter4] Gen:15 Ind:1 RMSE(val)=29.409805
[GA][Iter4] Gen:15 Ind:2 RMSE(val)=29.409805
[GA][Iter4] Gen:15 Ind:3 RMSE(val)=29.409805
[GA][Iter4] Gen:15 Ind:4 RMSE(val)=29.409805
[GA][Iter4] Gen:15 Ind:5 RMSE(val)=29.409805
[GA][Iter4] Gen:15 Ind:6 RMSE(val)=29.409805
[GA][Iter4] Gen:15 Ind:7 RMSE(val)=29.409805
[GA][Iter4] Gen:15 Ind:8 RMSE(val)=29.409805
[GA][Iter4] Gen:15 Ind:9 RMSE(val)=29.908470
[GA][Iter4] Gen:15 Ind:10 RMSE(val)=29.908470
[GA][Iter4] Gen:15 Ind:11 RMSE(val)=29.409805
[GA][Iter4] Gen:15 Ind:12 RMSE(val)=29.409805
[GA][Iter4] Gen:15 Ind:13 RMSE(val)=29.409805
[GA][Iter4] Gen:15 Ind:14 RMSE(val)=29.409805
[GA][Iter4] Gen:15 Ind:15 RMSE(val)=29.409805
[GA][Iter4] Gen:15 Ind:16 RMSE(val)=29.908470
[GA][Iter4] Gen:15 Ind:17 RMSE(val)=29.908470
[GA][Iter4] Gen:15 Ind:18 RMSE(val)=29.409805
[GA][Iter4] Gen:15 Ind:19 RMSE(val)=29.409805
[GA][Iter4] Gen:15 Ind:20 RMSE(val)=29.409805
[GA][Iter4] gen=15 best_val_rmse=29.409805
[GA][Iter4] Gen:15 Ind:1 RMSE(val)=29.409805
[GA][Iter4] Gen:15 Ind:2 RMSE(val)=29.409805
[GA][Iter4] Gen:15 Ind:3 RMSE(val)=29.409805
[GA][Iter4] Gen:15 Ind:4 RMSE(val)=29.409805
[GA][Iter4] Gen:15 Ind:5 RMSE(val)=29.409805
[GA][Iter4] Gen:15 Ind:6 RMSE(val)=29.409805
[GA][Iter4] Gen:15 Ind:7 RMSE(val)=29.409805
[GA][Iter4] Gen:15 Ind:8 RMSE(val)=29.409805
[GA][Iter4] Gen:15 Ind:9 RMSE(val)=29.409805
[GA][Iter4] Gen:15 Ind:10 RMSE(val)=29.409805
[GA][Iter4] Gen:15 Ind:11 RMSE(val)=36.651000
[GA][Iter4] Gen:15 Ind:12 RMSE(val)=29.409805
[GA][Iter4] Gen:15 Ind:13 RMSE(val)=29.409805
[GA][Iter4] Gen:15 Ind:14 RMSE(val)=29.409805
[GA][Iter4] Gen:15 Ind:15 RMSE(val)=29.409805
[GA][Iter4] Gen:15 Ind:16 RMSE(val)=29.409805
[GA][Iter4] Gen:15 Ind:17 RMSE(val)=29.409805
[GA][Iter4] Gen:15 Ind:18 RMSE(val)=29.409805
[GA][Iter4] Gen:15 Ind:19 RMSE(val)=29.409805
[GA][Iter4] Gen:15 Ind:20 RMSE(val)=29.923119

[GA DONE][Iter4] Best params on val fold of Iter4
Best val RMSE: 29.409805
Best params: {'max_depth': 40, 'min_samples_split': 26, 'min_samples_leaf': 20, 'max_features': None, 'splitter': 'best', 'criterion': 'squared_error'}
--------------------------------------------------------------------------------
[RETUNE GA] Iter4: train folds 1..8 -> test fold 9  RMSE=33.590785  NRMSE=0.651507  CVRMSE=0.300813  R2=0.570925
[GA][Iter5] Gen:1 Ind:1 RMSE(val)=45.894327
[GA][Iter5] Gen:1 Ind:2 RMSE(val)=36.986448
[GA][Iter5] Gen:1 Ind:3 RMSE(val)=40.620626
[GA][Iter5] Gen:1 Ind:4 RMSE(val)=40.143158
[GA][Iter5] Gen:1 Ind:5 RMSE(val)=39.914106
[GA][Iter5] Gen:1 Ind:6 RMSE(val)=34.696573
[GA][Iter5] Gen:1 Ind:7 RMSE(val)=36.038641
[GA][Iter5] Gen:1 Ind:8 RMSE(val)=35.815493
[GA][Iter5] Gen:1 Ind:9 RMSE(val)=39.922842
[GA][Iter5] Gen:1 Ind:10 RMSE(val)=46.123286
[GA][Iter5] Gen:1 Ind:11 RMSE(val)=33.636306
[GA][Iter5] Gen:1 Ind:12 RMSE(val)=37.124279
[GA][Iter5] Gen:1 Ind:13 RMSE(val)=40.959001
[GA][Iter5] Gen:1 Ind:14 RMSE(val)=39.635435
[GA][Iter5] Gen:1 Ind:15 RMSE(val)=58.278507
[GA][Iter5] Gen:1 Ind:16 RMSE(val)=56.268565
[GA][Iter5] Gen:1 Ind:17 RMSE(val)=41.858023
[GA][Iter5] Gen:1 Ind:18 RMSE(val)=39.299311
[GA][Iter5] Gen:1 Ind:19 RMSE(val)=44.767353
[GA][Iter5] Gen:1 Ind:20 RMSE(val)=47.977439
[GA][Iter5] gen=1 best_val_rmse=33.636306
[GA][Iter5] Gen:2 Ind:1 RMSE(val)=33.636306
[GA][Iter5] Gen:2 Ind:2 RMSE(val)=34.696573
[GA][Iter5] Gen:2 Ind:3 RMSE(val)=35.815493
[GA][Iter5] Gen:2 Ind:4 RMSE(val)=36.038641
[GA][Iter5] Gen:2 Ind:5 RMSE(val)=36.986448
[GA][Iter5] Gen:2 Ind:6 RMSE(val)=37.124279
[GA][Iter5] Gen:2 Ind:7 RMSE(val)=39.299311
[GA][Iter5] Gen:2 Ind:8 RMSE(val)=39.635435
[GA][Iter5] Gen:2 Ind:9 RMSE(val)=39.914106
[GA][Iter5] Gen:2 Ind:10 RMSE(val)=39.922842
[GA][Iter5] Gen:2 Ind:11 RMSE(val)=38.426721
[GA][Iter5] Gen:2 Ind:12 RMSE(val)=34.696573
[GA][Iter5] Gen:2 Ind:13 RMSE(val)=40.378809
[GA][Iter5] Gen:2 Ind:14 RMSE(val)=36.986448
[GA][Iter5] Gen:2 Ind:15 RMSE(val)=34.696573
[GA][Iter5] Gen:2 Ind:16 RMSE(val)=39.914106
[GA][Iter5] Gen:2 Ind:17 RMSE(val)=32.785510
[GA][Iter5] Gen:2 Ind:18 RMSE(val)=34.557136
[GA][Iter5] Gen:2 Ind:19 RMSE(val)=37.674277
[GA][Iter5] Gen:2 Ind:20 RMSE(val)=33.636306
[GA][Iter5] gen=2 best_val_rmse=32.785510
[GA][Iter5] Gen:3 Ind:1 RMSE(val)=32.785510
[GA][Iter5] Gen:3 Ind:2 RMSE(val)=33.636306
[GA][Iter5] Gen:3 Ind:3 RMSE(val)=33.636306
[GA][Iter5] Gen:3 Ind:4 RMSE(val)=34.557136
[GA][Iter5] Gen:3 Ind:5 RMSE(val)=34.696573
[GA][Iter5] Gen:3 Ind:6 RMSE(val)=34.696573
[GA][Iter5] Gen:3 Ind:7 RMSE(val)=34.696573
[GA][Iter5] Gen:3 Ind:8 RMSE(val)=35.815493
[GA][Iter5] Gen:3 Ind:9 RMSE(val)=36.038641
[GA][Iter5] Gen:3 Ind:10 RMSE(val)=36.986448
[GA][Iter5] Gen:3 Ind:11 RMSE(val)=38.426721
[GA][Iter5] Gen:3 Ind:12 RMSE(val)=36.074967
[GA][Iter5] Gen:3 Ind:13 RMSE(val)=33.039283
[GA][Iter5] Gen:3 Ind:14 RMSE(val)=32.785510
[GA][Iter5] Gen:3 Ind:15 RMSE(val)=34.696573
[GA][Iter5] Gen:3 Ind:16 RMSE(val)=52.188773
[GA][Iter5] Gen:3 Ind:17 RMSE(val)=33.636306
[GA][Iter5] Gen:3 Ind:18 RMSE(val)=36.986448
[GA][Iter5] Gen:3 Ind:19 RMSE(val)=34.176406
[GA][Iter5] Gen:3 Ind:20 RMSE(val)=36.201118
[GA][Iter5] gen=3 best_val_rmse=32.785510
[GA][Iter5] Gen:4 Ind:1 RMSE(val)=32.785510
[GA][Iter5] Gen:4 Ind:2 RMSE(val)=32.785510
[GA][Iter5] Gen:4 Ind:3 RMSE(val)=33.039283
[GA][Iter5] Gen:4 Ind:4 RMSE(val)=33.636306
[GA][Iter5] Gen:4 Ind:5 RMSE(val)=33.636306
[GA][Iter5] Gen:4 Ind:6 RMSE(val)=33.636306
[GA][Iter5] Gen:4 Ind:7 RMSE(val)=34.176406
[GA][Iter5] Gen:4 Ind:8 RMSE(val)=34.557136
[GA][Iter5] Gen:4 Ind:9 RMSE(val)=34.696573
[GA][Iter5] Gen:4 Ind:10 RMSE(val)=34.696573
[GA][Iter5] Gen:4 Ind:11 RMSE(val)=34.696573
[GA][Iter5] Gen:4 Ind:12 RMSE(val)=33.636306
[GA][Iter5] Gen:4 Ind:13 RMSE(val)=48.355723
[GA][Iter5] Gen:4 Ind:14 RMSE(val)=34.696573
[GA][Iter5] Gen:4 Ind:15 RMSE(val)=34.176406
[GA][Iter5] Gen:4 Ind:16 RMSE(val)=34.696573
[GA][Iter5] Gen:4 Ind:17 RMSE(val)=34.176406
[GA][Iter5] Gen:4 Ind:18 RMSE(val)=34.176406
[GA][Iter5] Gen:4 Ind:19 RMSE(val)=33.636306
[GA][Iter5] Gen:4 Ind:20 RMSE(val)=34.696573
[GA][Iter5] gen=4 best_val_rmse=32.785510
[GA][Iter5] Gen:5 Ind:1 RMSE(val)=32.785510
[GA][Iter5] Gen:5 Ind:2 RMSE(val)=32.785510
[GA][Iter5] Gen:5 Ind:3 RMSE(val)=33.039283
[GA][Iter5] Gen:5 Ind:4 RMSE(val)=33.636306
[GA][Iter5] Gen:5 Ind:5 RMSE(val)=33.636306
[GA][Iter5] Gen:5 Ind:6 RMSE(val)=33.636306
[GA][Iter5] Gen:5 Ind:7 RMSE(val)=33.636306
[GA][Iter5] Gen:5 Ind:8 RMSE(val)=33.636306
[GA][Iter5] Gen:5 Ind:9 RMSE(val)=34.176406
[GA][Iter5] Gen:5 Ind:10 RMSE(val)=34.176406
[GA][Iter5] Gen:5 Ind:11 RMSE(val)=32.785510
[GA][Iter5] Gen:5 Ind:12 RMSE(val)=34.176406
[GA][Iter5] Gen:5 Ind:13 RMSE(val)=33.636306
[GA][Iter5] Gen:5 Ind:14 RMSE(val)=33.636306
[GA][Iter5] Gen:5 Ind:15 RMSE(val)=36.219094
[GA][Iter5] Gen:5 Ind:16 RMSE(val)=34.176406
[GA][Iter5] Gen:5 Ind:17 RMSE(val)=48.878185
[GA][Iter5] Gen:5 Ind:18 RMSE(val)=32.785510
[GA][Iter5] Gen:5 Ind:19 RMSE(val)=32.785510
[GA][Iter5] Gen:5 Ind:20 RMSE(val)=36.074967
[GA][Iter5] gen=5 best_val_rmse=32.785510
[GA][Iter5] Gen:6 Ind:1 RMSE(val)=32.785510
[GA][Iter5] Gen:6 Ind:2 RMSE(val)=32.785510
[GA][Iter5] Gen:6 Ind:3 RMSE(val)=32.785510
[GA][Iter5] Gen:6 Ind:4 RMSE(val)=32.785510
[GA][Iter5] Gen:6 Ind:5 RMSE(val)=32.785510
[GA][Iter5] Gen:6 Ind:6 RMSE(val)=33.039283
[GA][Iter5] Gen:6 Ind:7 RMSE(val)=33.636306
[GA][Iter5] Gen:6 Ind:8 RMSE(val)=33.636306
[GA][Iter5] Gen:6 Ind:9 RMSE(val)=33.636306
[GA][Iter5] Gen:6 Ind:10 RMSE(val)=33.636306
[GA][Iter5] Gen:6 Ind:11 RMSE(val)=33.636306
[GA][Iter5] Gen:6 Ind:12 RMSE(val)=33.636306
[GA][Iter5] Gen:6 Ind:13 RMSE(val)=36.074967
[GA][Iter5] Gen:6 Ind:14 RMSE(val)=33.636306
[GA][Iter5] Gen:6 Ind:15 RMSE(val)=32.785510
[GA][Iter5] Gen:6 Ind:16 RMSE(val)=37.674277
[GA][Iter5] Gen:6 Ind:17 RMSE(val)=33.636306
[GA][Iter5] Gen:6 Ind:18 RMSE(val)=32.785510
[GA][Iter5] Gen:6 Ind:19 RMSE(val)=32.785510
[GA][Iter5] Gen:6 Ind:20 RMSE(val)=32.785510
[GA][Iter5] gen=6 best_val_rmse=32.785510
[GA][Iter5] Gen:7 Ind:1 RMSE(val)=32.785510
[GA][Iter5] Gen:7 Ind:2 RMSE(val)=32.785510
[GA][Iter5] Gen:7 Ind:3 RMSE(val)=32.785510
[GA][Iter5] Gen:7 Ind:4 RMSE(val)=32.785510
[GA][Iter5] Gen:7 Ind:5 RMSE(val)=32.785510
[GA][Iter5] Gen:7 Ind:6 RMSE(val)=32.785510
[GA][Iter5] Gen:7 Ind:7 RMSE(val)=32.785510
[GA][Iter5] Gen:7 Ind:8 RMSE(val)=32.785510
[GA][Iter5] Gen:7 Ind:9 RMSE(val)=32.785510
[GA][Iter5] Gen:7 Ind:10 RMSE(val)=33.039283
[GA][Iter5] Gen:7 Ind:11 RMSE(val)=32.785510
[GA][Iter5] Gen:7 Ind:12 RMSE(val)=37.674277
[GA][Iter5] Gen:7 Ind:13 RMSE(val)=32.785510
[GA][Iter5] Gen:7 Ind:14 RMSE(val)=32.785510
[GA][Iter5] Gen:7 Ind:15 RMSE(val)=32.785510
[GA][Iter5] Gen:7 Ind:16 RMSE(val)=32.785510
[GA][Iter5] Gen:7 Ind:17 RMSE(val)=32.785510
[GA][Iter5] Gen:7 Ind:18 RMSE(val)=32.785510
[GA][Iter5] Gen:7 Ind:19 RMSE(val)=32.785510
[GA][Iter5] Gen:7 Ind:20 RMSE(val)=36.364157
[GA][Iter5] gen=7 best_val_rmse=32.785510
[GA][Iter5] Gen:8 Ind:1 RMSE(val)=32.785510
[GA][Iter5] Gen:8 Ind:2 RMSE(val)=32.785510
[GA][Iter5] Gen:8 Ind:3 RMSE(val)=32.785510
[GA][Iter5] Gen:8 Ind:4 RMSE(val)=32.785510
[GA][Iter5] Gen:8 Ind:5 RMSE(val)=32.785510
[GA][Iter5] Gen:8 Ind:6 RMSE(val)=32.785510
[GA][Iter5] Gen:8 Ind:7 RMSE(val)=32.785510
[GA][Iter5] Gen:8 Ind:8 RMSE(val)=32.785510
[GA][Iter5] Gen:8 Ind:9 RMSE(val)=32.785510
[GA][Iter5] Gen:8 Ind:10 RMSE(val)=32.785510
[GA][Iter5] Gen:8 Ind:11 RMSE(val)=32.785510
[GA][Iter5] Gen:8 Ind:12 RMSE(val)=32.785510
[GA][Iter5] Gen:8 Ind:13 RMSE(val)=32.785510
[GA][Iter5] Gen:8 Ind:14 RMSE(val)=32.785510
[GA][Iter5] Gen:8 Ind:15 RMSE(val)=32.785510
[GA][Iter5] Gen:8 Ind:16 RMSE(val)=32.512955
[GA][Iter5] Gen:8 Ind:17 RMSE(val)=36.364157
[GA][Iter5] Gen:8 Ind:18 RMSE(val)=32.785510
[GA][Iter5] Gen:8 Ind:19 RMSE(val)=32.785510
[GA][Iter5] Gen:8 Ind:20 RMSE(val)=32.785510
[GA][Iter5] gen=8 best_val_rmse=32.512955
[GA][Iter5] Gen:9 Ind:1 RMSE(val)=32.512955
[GA][Iter5] Gen:9 Ind:2 RMSE(val)=32.785510
[GA][Iter5] Gen:9 Ind:3 RMSE(val)=32.785510
[GA][Iter5] Gen:9 Ind:4 RMSE(val)=32.785510
[GA][Iter5] Gen:9 Ind:5 RMSE(val)=32.785510
[GA][Iter5] Gen:9 Ind:6 RMSE(val)=32.785510
[GA][Iter5] Gen:9 Ind:7 RMSE(val)=32.785510
[GA][Iter5] Gen:9 Ind:8 RMSE(val)=32.785510
[GA][Iter5] Gen:9 Ind:9 RMSE(val)=32.785510
[GA][Iter5] Gen:9 Ind:10 RMSE(val)=32.785510
[GA][Iter5] Gen:9 Ind:11 RMSE(val)=32.512955
[GA][Iter5] Gen:9 Ind:12 RMSE(val)=32.785510
[GA][Iter5] Gen:9 Ind:13 RMSE(val)=48.355723
[GA][Iter5] Gen:9 Ind:14 RMSE(val)=31.642785
[GA][Iter5] Gen:9 Ind:15 RMSE(val)=32.785510
[GA][Iter5] Gen:9 Ind:16 RMSE(val)=39.635435
[GA][Iter5] Gen:9 Ind:17 RMSE(val)=39.635435
[GA][Iter5] Gen:9 Ind:18 RMSE(val)=32.785510
[GA][Iter5] Gen:9 Ind:19 RMSE(val)=32.785510
[GA][Iter5] Gen:9 Ind:20 RMSE(val)=32.785510
[GA][Iter5] gen=9 best_val_rmse=31.642785
[GA][Iter5] Gen:10 Ind:1 RMSE(val)=31.642785
[GA][Iter5] Gen:10 Ind:2 RMSE(val)=32.512955
[GA][Iter5] Gen:10 Ind:3 RMSE(val)=32.512955
[GA][Iter5] Gen:10 Ind:4 RMSE(val)=32.785510
[GA][Iter5] Gen:10 Ind:5 RMSE(val)=32.785510
[GA][Iter5] Gen:10 Ind:6 RMSE(val)=32.785510
[GA][Iter5] Gen:10 Ind:7 RMSE(val)=32.785510
[GA][Iter5] Gen:10 Ind:8 RMSE(val)=32.785510
[GA][Iter5] Gen:10 Ind:9 RMSE(val)=32.785510
[GA][Iter5] Gen:10 Ind:10 RMSE(val)=32.785510
[GA][Iter5] Gen:10 Ind:11 RMSE(val)=32.512955
[GA][Iter5] Gen:10 Ind:12 RMSE(val)=32.785510
[GA][Iter5] Gen:10 Ind:13 RMSE(val)=32.785510
[GA][Iter5] Gen:10 Ind:14 RMSE(val)=31.642785
[GA][Iter5] Gen:10 Ind:15 RMSE(val)=32.512955
[GA][Iter5] Gen:10 Ind:16 RMSE(val)=32.785510
[GA][Iter5] Gen:10 Ind:17 RMSE(val)=37.676283
[GA][Iter5] Gen:10 Ind:18 RMSE(val)=39.635435
[GA][Iter5] Gen:10 Ind:19 RMSE(val)=32.512955
[GA][Iter5] Gen:10 Ind:20 RMSE(val)=32.785510
[GA][Iter5] gen=10 best_val_rmse=31.642785
[GA][Iter5] Gen:11 Ind:1 RMSE(val)=31.642785
[GA][Iter5] Gen:11 Ind:2 RMSE(val)=31.642785
[GA][Iter5] Gen:11 Ind:3 RMSE(val)=32.512955
[GA][Iter5] Gen:11 Ind:4 RMSE(val)=32.512955
[GA][Iter5] Gen:11 Ind:5 RMSE(val)=32.512955
[GA][Iter5] Gen:11 Ind:6 RMSE(val)=32.512955
[GA][Iter5] Gen:11 Ind:7 RMSE(val)=32.512955
[GA][Iter5] Gen:11 Ind:8 RMSE(val)=32.785510
[GA][Iter5] Gen:11 Ind:9 RMSE(val)=32.785510
[GA][Iter5] Gen:11 Ind:10 RMSE(val)=32.785510
[GA][Iter5] Gen:11 Ind:11 RMSE(val)=32.785510
[GA][Iter5] Gen:11 Ind:12 RMSE(val)=31.642785
[GA][Iter5] Gen:11 Ind:13 RMSE(val)=32.512955
[GA][Iter5] Gen:11 Ind:14 RMSE(val)=32.785510
[GA][Iter5] Gen:11 Ind:15 RMSE(val)=32.785510
[GA][Iter5] Gen:11 Ind:16 RMSE(val)=32.512955
[GA][Iter5] Gen:11 Ind:17 RMSE(val)=32.512955
[GA][Iter5] Gen:11 Ind:18 RMSE(val)=31.642785
[GA][Iter5] Gen:11 Ind:19 RMSE(val)=32.512955
[GA][Iter5] Gen:11 Ind:20 RMSE(val)=32.512955
[GA][Iter5] gen=11 best_val_rmse=31.642785
[GA][Iter5] Gen:12 Ind:1 RMSE(val)=31.642785
[GA][Iter5] Gen:12 Ind:2 RMSE(val)=31.642785
[GA][Iter5] Gen:12 Ind:3 RMSE(val)=31.642785
[GA][Iter5] Gen:12 Ind:4 RMSE(val)=31.642785
[GA][Iter5] Gen:12 Ind:5 RMSE(val)=32.512955
[GA][Iter5] Gen:12 Ind:6 RMSE(val)=32.512955
[GA][Iter5] Gen:12 Ind:7 RMSE(val)=32.512955
[GA][Iter5] Gen:12 Ind:8 RMSE(val)=32.512955
[GA][Iter5] Gen:12 Ind:9 RMSE(val)=32.512955
[GA][Iter5] Gen:12 Ind:10 RMSE(val)=32.512955
[GA][Iter5] Gen:12 Ind:11 RMSE(val)=32.512955
[GA][Iter5] Gen:12 Ind:12 RMSE(val)=37.840707
[GA][Iter5] Gen:12 Ind:13 RMSE(val)=32.512955
[GA][Iter5] Gen:12 Ind:14 RMSE(val)=39.503030
[GA][Iter5] Gen:12 Ind:15 RMSE(val)=38.754986
[GA][Iter5] Gen:12 Ind:16 RMSE(val)=32.512955
[GA][Iter5] Gen:12 Ind:17 RMSE(val)=32.512955
[GA][Iter5] Gen:12 Ind:18 RMSE(val)=32.512955
[GA][Iter5] Gen:12 Ind:19 RMSE(val)=32.474693
[GA][Iter5] Gen:12 Ind:20 RMSE(val)=32.512955
[GA][Iter5] gen=12 best_val_rmse=31.642785
[GA][Iter5] Gen:13 Ind:1 RMSE(val)=31.642785
[GA][Iter5] Gen:13 Ind:2 RMSE(val)=31.642785
[GA][Iter5] Gen:13 Ind:3 RMSE(val)=31.642785
[GA][Iter5] Gen:13 Ind:4 RMSE(val)=31.642785
[GA][Iter5] Gen:13 Ind:5 RMSE(val)=32.474693
[GA][Iter5] Gen:13 Ind:6 RMSE(val)=32.512955
[GA][Iter5] Gen:13 Ind:7 RMSE(val)=32.512955
[GA][Iter5] Gen:13 Ind:8 RMSE(val)=32.512955
[GA][Iter5] Gen:13 Ind:9 RMSE(val)=32.512955
[GA][Iter5] Gen:13 Ind:10 RMSE(val)=32.512955
[GA][Iter5] Gen:13 Ind:11 RMSE(val)=32.512955
[GA][Iter5] Gen:13 Ind:12 RMSE(val)=32.512955
[GA][Iter5] Gen:13 Ind:13 RMSE(val)=31.642785
[GA][Iter5] Gen:13 Ind:14 RMSE(val)=31.642785
[GA][Iter5] Gen:13 Ind:15 RMSE(val)=37.646251
[GA][Iter5] Gen:13 Ind:16 RMSE(val)=32.512955
[GA][Iter5] Gen:13 Ind:17 RMSE(val)=31.642785
[GA][Iter5] Gen:13 Ind:18 RMSE(val)=48.355723
[GA][Iter5] Gen:13 Ind:19 RMSE(val)=32.512955
[GA][Iter5] Gen:13 Ind:20 RMSE(val)=32.512955
[GA][Iter5] gen=13 best_val_rmse=31.642785
[GA][Iter5] Gen:14 Ind:1 RMSE(val)=31.642785
[GA][Iter5] Gen:14 Ind:2 RMSE(val)=31.642785
[GA][Iter5] Gen:14 Ind:3 RMSE(val)=31.642785
[GA][Iter5] Gen:14 Ind:4 RMSE(val)=31.642785
[GA][Iter5] Gen:14 Ind:5 RMSE(val)=31.642785
[GA][Iter5] Gen:14 Ind:6 RMSE(val)=31.642785
[GA][Iter5] Gen:14 Ind:7 RMSE(val)=31.642785
[GA][Iter5] Gen:14 Ind:8 RMSE(val)=32.474693
[GA][Iter5] Gen:14 Ind:9 RMSE(val)=32.512955
[GA][Iter5] Gen:14 Ind:10 RMSE(val)=32.512955
[GA][Iter5] Gen:14 Ind:11 RMSE(val)=31.642785
[GA][Iter5] Gen:14 Ind:12 RMSE(val)=31.642785
[GA][Iter5] Gen:14 Ind:13 RMSE(val)=32.512955
[GA][Iter5] Gen:14 Ind:14 RMSE(val)=31.642785
[GA][Iter5] Gen:14 Ind:15 RMSE(val)=31.642785
[GA][Iter5] Gen:14 Ind:16 RMSE(val)=32.474693
[GA][Iter5] Gen:14 Ind:17 RMSE(val)=32.632165
[GA][Iter5] Gen:14 Ind:18 RMSE(val)=31.642785
[GA][Iter5] Gen:14 Ind:19 RMSE(val)=32.512955
[GA][Iter5] Gen:14 Ind:20 RMSE(val)=31.642785
[GA][Iter5] gen=14 best_val_rmse=31.642785
[GA][Iter5] Gen:15 Ind:1 RMSE(val)=31.642785
[GA][Iter5] Gen:15 Ind:2 RMSE(val)=31.642785
[GA][Iter5] Gen:15 Ind:3 RMSE(val)=31.642785
[GA][Iter5] Gen:15 Ind:4 RMSE(val)=31.642785
[GA][Iter5] Gen:15 Ind:5 RMSE(val)=31.642785
[GA][Iter5] Gen:15 Ind:6 RMSE(val)=31.642785
[GA][Iter5] Gen:15 Ind:7 RMSE(val)=31.642785
[GA][Iter5] Gen:15 Ind:8 RMSE(val)=31.642785
[GA][Iter5] Gen:15 Ind:9 RMSE(val)=31.642785
[GA][Iter5] Gen:15 Ind:10 RMSE(val)=31.642785
[GA][Iter5] Gen:15 Ind:11 RMSE(val)=31.642785
[GA][Iter5] Gen:15 Ind:12 RMSE(val)=31.642785
[GA][Iter5] Gen:15 Ind:13 RMSE(val)=31.642785
[GA][Iter5] Gen:15 Ind:14 RMSE(val)=31.642785
[GA][Iter5] Gen:15 Ind:15 RMSE(val)=31.642785
[GA][Iter5] Gen:15 Ind:16 RMSE(val)=31.642785
[GA][Iter5] Gen:15 Ind:17 RMSE(val)=31.642785
[GA][Iter5] Gen:15 Ind:18 RMSE(val)=31.642785
[GA][Iter5] Gen:15 Ind:19 RMSE(val)=31.642785
[GA][Iter5] Gen:15 Ind:20 RMSE(val)=37.646251
[GA][Iter5] gen=15 best_val_rmse=31.642785
[GA][Iter5] Gen:15 Ind:1 RMSE(val)=31.642785
[GA][Iter5] Gen:15 Ind:2 RMSE(val)=31.642785
[GA][Iter5] Gen:15 Ind:3 RMSE(val)=31.642785
[GA][Iter5] Gen:15 Ind:4 RMSE(val)=31.642785
[GA][Iter5] Gen:15 Ind:5 RMSE(val)=31.642785
[GA][Iter5] Gen:15 Ind:6 RMSE(val)=31.642785
[GA][Iter5] Gen:15 Ind:7 RMSE(val)=31.642785
[GA][Iter5] Gen:15 Ind:8 RMSE(val)=31.642785
[GA][Iter5] Gen:15 Ind:9 RMSE(val)=31.642785
[GA][Iter5] Gen:15 Ind:10 RMSE(val)=31.642785
[GA][Iter5] Gen:15 Ind:11 RMSE(val)=36.003975
[GA][Iter5] Gen:15 Ind:12 RMSE(val)=31.642785
[GA][Iter5] Gen:15 Ind:13 RMSE(val)=31.642785
[GA][Iter5] Gen:15 Ind:14 RMSE(val)=31.642785
[GA][Iter5] Gen:15 Ind:15 RMSE(val)=31.642785
[GA][Iter5] Gen:15 Ind:16 RMSE(val)=31.642785
[GA][Iter5] Gen:15 Ind:17 RMSE(val)=31.642785
[GA][Iter5] Gen:15 Ind:18 RMSE(val)=31.642785
[GA][Iter5] Gen:15 Ind:19 RMSE(val)=31.642785
[GA][Iter5] Gen:15 Ind:20 RMSE(val)=32.632165

[GA DONE][Iter5] Best params on val fold of Iter5
Best val RMSE: 31.642785
Best params: {'max_depth': 54, 'min_samples_split': 24, 'min_samples_leaf': 5, 'max_features': None, 'splitter': 'random', 'criterion': 'squared_error'}
--------------------------------------------------------------------------------
[RETUNE GA] Iter5: train folds 1..9 -> test fold 10  RMSE=23.953017  NRMSE=0.621016  CVRMSE=0.236228  R2=0.610147
