=== BASELINE (project=radare2, last-7 mean, expanding folds) ===
Iter1: train folds 1..5 -> test fold 6  RMSE=1241.6227  NRMSE=1.0167  CVRMSE=0.6212  R²=-0.0383
Iter2: train folds 1..6 -> test fold 7  RMSE=1249.9319  NRMSE=1.0486  CVRMSE=0.6852  R²=-0.1044
Iter3: train folds 1..7 -> test fold 8  RMSE=1125.3908  NRMSE=1.0219  CVRMSE=0.5815  R²=-0.0489
Iter4: train folds 1..8 -> test fold 9  RMSE=1100.5482  NRMSE=1.0520  CVRMSE=0.5530  R²=-0.1115
Iter5: train folds 1..9 -> test fold 10  RMSE=1349.0990  NRMSE=0.9875  CVRMSE=0.5850  R²=0.0206
--------------------------------------------------
[FEATURES] initial=146 kept_after_screening=75
['workflow_event_trigger', 'issuer_name', 'total_builds', 'gh_files_added', 'gh_files_deleted', 'gh_files_modified', 'gh_lines_added', 'gh_lines_deleted', 'gh_tests_deleted', 'gh_is_pr', 'gh_sloc', 'gh_description_complexity', 'gh_doc_files', 'gh_other_files', 'gh_commits_on_files_touched', 'gh_num_pr_comments', 'gh_test_lines_per_kloc', 'hour', 'dow', 'secs_since_prev', 'duration_lag_1', 'duration_lag_3', 'duration_lag_5', 'duration_lag_6', 'duration_lag_7', 'window_avg_7', 'window_std_7', 'window_avg_3', 'window_std_4', 'ft___1_', 'ft___acr_', 'ft___bat_', 'ft___bat__', 'ft___build_', 'ft___build__', 'ft___c_', 'ft___c_e_', 'ft___css__', 'ft___c____dup1', 'ft___h_', 'ft___h__', 'ft___md_', 'ft___mk_', 'ft___mk__', 'ft___opc_', 'ft___sh__', 'ft___spec__', 'ft___toml__', 'ft___txt_', 'ft___yml_', 'ft___yml__', 'ft____1_', 'ft____acr_', 'ft____bat_', 'ft____bat__', 'ft____build__', 'ft____c_', 'ft____c__', 'ft____c_e_', 'ft____cfg_', 'ft____cfg__', 'ft____h__', 'ft____js__', 'ft____md__', 'ft____mk_', 'ft____py__', 'ft____qjs_', 'ft____sh_', 'ft____sh__', 'ft____tips_', 'ft____txt_', 'ft____txt__', 'ft____yml_', 'ft____yml__', 'ft___']
--------------------------------------------------------------------------------
[GA][Iter1] Gen:1 Ind:1 RMSE(val)=948.169456
[GA][Iter1] Gen:1 Ind:2 RMSE(val)=700.096780
[GA][Iter1] Gen:1 Ind:3 RMSE(val)=1093.494807
[GA][Iter1] Gen:1 Ind:4 RMSE(val)=1282.612364
[GA][Iter1] Gen:1 Ind:5 RMSE(val)=936.433331
[GA][Iter1] Gen:1 Ind:6 RMSE(val)=699.966835
[GA][Iter1] Gen:1 Ind:7 RMSE(val)=898.832748
[GA][Iter1] Gen:1 Ind:8 RMSE(val)=804.253549
[GA][Iter1] Gen:1 Ind:9 RMSE(val)=812.489563
[GA][Iter1] Gen:1 Ind:10 RMSE(val)=1039.658270
[GA][Iter1] Gen:1 Ind:11 RMSE(val)=808.237497
[GA][Iter1] Gen:1 Ind:12 RMSE(val)=993.548435
[GA][Iter1] Gen:1 Ind:13 RMSE(val)=1012.164204
[GA][Iter1] Gen:1 Ind:14 RMSE(val)=809.078065
[GA][Iter1] Gen:1 Ind:15 RMSE(val)=1055.168834
[GA][Iter1] Gen:1 Ind:16 RMSE(val)=1041.294632
[GA][Iter1] Gen:1 Ind:17 RMSE(val)=895.504697
[GA][Iter1] Gen:1 Ind:18 RMSE(val)=890.756193
[GA][Iter1] Gen:1 Ind:19 RMSE(val)=992.971796
[GA][Iter1] Gen:1 Ind:20 RMSE(val)=793.548244
[GA][Iter1] gen=1 best_val_rmse=699.966835
[GA][Iter1] Gen:2 Ind:1 RMSE(val)=699.966835
[GA][Iter1] Gen:2 Ind:2 RMSE(val)=700.096780
[GA][Iter1] Gen:2 Ind:3 RMSE(val)=793.548244
[GA][Iter1] Gen:2 Ind:4 RMSE(val)=804.253549
[GA][Iter1] Gen:2 Ind:5 RMSE(val)=808.237497
[GA][Iter1] Gen:2 Ind:6 RMSE(val)=809.078065
[GA][Iter1] Gen:2 Ind:7 RMSE(val)=812.489563
[GA][Iter1] Gen:2 Ind:8 RMSE(val)=890.756193
[GA][Iter1] Gen:2 Ind:9 RMSE(val)=895.504697
[GA][Iter1] Gen:2 Ind:10 RMSE(val)=898.832748
[GA][Iter1] Gen:2 Ind:11 RMSE(val)=956.317196
[GA][Iter1] Gen:2 Ind:12 RMSE(val)=700.096780
[GA][Iter1] Gen:2 Ind:13 RMSE(val)=990.740581
[GA][Iter1] Gen:2 Ind:14 RMSE(val)=740.404792
[GA][Iter1] Gen:2 Ind:15 RMSE(val)=700.096780
[GA][Iter1] Gen:2 Ind:16 RMSE(val)=1103.990975
[GA][Iter1] Gen:2 Ind:17 RMSE(val)=890.756193
[GA][Iter1] Gen:2 Ind:18 RMSE(val)=905.275230
[GA][Iter1] Gen:2 Ind:19 RMSE(val)=889.703244
[GA][Iter1] Gen:2 Ind:20 RMSE(val)=699.966835
[GA][Iter1] gen=2 best_val_rmse=699.966835
[GA][Iter1] Gen:3 Ind:1 RMSE(val)=699.966835
[GA][Iter1] Gen:3 Ind:2 RMSE(val)=699.966835
[GA][Iter1] Gen:3 Ind:3 RMSE(val)=700.096780
[GA][Iter1] Gen:3 Ind:4 RMSE(val)=700.096780
[GA][Iter1] Gen:3 Ind:5 RMSE(val)=700.096780
[GA][Iter1] Gen:3 Ind:6 RMSE(val)=740.404792
[GA][Iter1] Gen:3 Ind:7 RMSE(val)=793.548244
[GA][Iter1] Gen:3 Ind:8 RMSE(val)=804.253549
[GA][Iter1] Gen:3 Ind:9 RMSE(val)=808.237497
[GA][Iter1] Gen:3 Ind:10 RMSE(val)=809.078065
[GA][Iter1] Gen:3 Ind:11 RMSE(val)=809.078065
[GA][Iter1] Gen:3 Ind:12 RMSE(val)=699.966835
[GA][Iter1] Gen:3 Ind:13 RMSE(val)=809.425553
[GA][Iter1] Gen:3 Ind:14 RMSE(val)=699.966835
[GA][Iter1] Gen:3 Ind:15 RMSE(val)=704.762632
[GA][Iter1] Gen:3 Ind:16 RMSE(val)=793.548244
[GA][Iter1] Gen:3 Ind:17 RMSE(val)=700.096780
[GA][Iter1] Gen:3 Ind:18 RMSE(val)=740.404792
[GA][Iter1] Gen:3 Ind:19 RMSE(val)=700.096780
[GA][Iter1] Gen:3 Ind:20 RMSE(val)=813.496518
[GA][Iter1] gen=3 best_val_rmse=699.966835
[GA][Iter1] Gen:4 Ind:1 RMSE(val)=699.966835
[GA][Iter1] Gen:4 Ind:2 RMSE(val)=699.966835
[GA][Iter1] Gen:4 Ind:3 RMSE(val)=699.966835
[GA][Iter1] Gen:4 Ind:4 RMSE(val)=699.966835
[GA][Iter1] Gen:4 Ind:5 RMSE(val)=700.096780
[GA][Iter1] Gen:4 Ind:6 RMSE(val)=700.096780
[GA][Iter1] Gen:4 Ind:7 RMSE(val)=700.096780
[GA][Iter1] Gen:4 Ind:8 RMSE(val)=700.096780
[GA][Iter1] Gen:4 Ind:9 RMSE(val)=700.096780
[GA][Iter1] Gen:4 Ind:10 RMSE(val)=704.762632
[GA][Iter1] Gen:4 Ind:11 RMSE(val)=704.762632
[GA][Iter1] Gen:4 Ind:12 RMSE(val)=700.096780
[GA][Iter1] Gen:4 Ind:13 RMSE(val)=1082.283442
[GA][Iter1] Gen:4 Ind:14 RMSE(val)=700.096780
[GA][Iter1] Gen:4 Ind:15 RMSE(val)=700.096780
[GA][Iter1] Gen:4 Ind:16 RMSE(val)=700.096780
[GA][Iter1] Gen:4 Ind:17 RMSE(val)=699.966835
[GA][Iter1] Gen:4 Ind:18 RMSE(val)=699.966835
[GA][Iter1] Gen:4 Ind:19 RMSE(val)=700.096780
[GA][Iter1] Gen:4 Ind:20 RMSE(val)=700.096780
[GA][Iter1] gen=4 best_val_rmse=699.966835
[GA][Iter1] Gen:5 Ind:1 RMSE(val)=699.966835
[GA][Iter1] Gen:5 Ind:2 RMSE(val)=699.966835
[GA][Iter1] Gen:5 Ind:3 RMSE(val)=699.966835
[GA][Iter1] Gen:5 Ind:4 RMSE(val)=699.966835
[GA][Iter1] Gen:5 Ind:5 RMSE(val)=699.966835
[GA][Iter1] Gen:5 Ind:6 RMSE(val)=699.966835
[GA][Iter1] Gen:5 Ind:7 RMSE(val)=700.096780
[GA][Iter1] Gen:5 Ind:8 RMSE(val)=700.096780
[GA][Iter1] Gen:5 Ind:9 RMSE(val)=700.096780
[GA][Iter1] Gen:5 Ind:10 RMSE(val)=700.096780
[GA][Iter1] Gen:5 Ind:11 RMSE(val)=699.966835
[GA][Iter1] Gen:5 Ind:12 RMSE(val)=700.096780
[GA][Iter1] Gen:5 Ind:13 RMSE(val)=699.966835
[GA][Iter1] Gen:5 Ind:14 RMSE(val)=699.966835
[GA][Iter1] Gen:5 Ind:15 RMSE(val)=1098.011971
[GA][Iter1] Gen:5 Ind:16 RMSE(val)=700.096780
[GA][Iter1] Gen:5 Ind:17 RMSE(val)=1082.283442
[GA][Iter1] Gen:5 Ind:18 RMSE(val)=699.966835
[GA][Iter1] Gen:5 Ind:19 RMSE(val)=699.966835
[GA][Iter1] Gen:5 Ind:20 RMSE(val)=700.096780
[GA][Iter1] gen=5 best_val_rmse=699.966835
[GA][Iter1] Gen:6 Ind:1 RMSE(val)=699.966835
[GA][Iter1] Gen:6 Ind:2 RMSE(val)=699.966835
[GA][Iter1] Gen:6 Ind:3 RMSE(val)=699.966835
[GA][Iter1] Gen:6 Ind:4 RMSE(val)=699.966835
[GA][Iter1] Gen:6 Ind:5 RMSE(val)=699.966835
[GA][Iter1] Gen:6 Ind:6 RMSE(val)=699.966835
[GA][Iter1] Gen:6 Ind:7 RMSE(val)=699.966835
[GA][Iter1] Gen:6 Ind:8 RMSE(val)=699.966835
[GA][Iter1] Gen:6 Ind:9 RMSE(val)=699.966835
[GA][Iter1] Gen:6 Ind:10 RMSE(val)=699.966835
[GA][Iter1] Gen:6 Ind:11 RMSE(val)=799.483680
[GA][Iter1] Gen:6 Ind:12 RMSE(val)=699.966835
[GA][Iter1] Gen:6 Ind:13 RMSE(val)=699.966835
[GA][Iter1] Gen:6 Ind:14 RMSE(val)=699.966835
[GA][Iter1] Gen:6 Ind:15 RMSE(val)=699.966835
[GA][Iter1] Gen:6 Ind:16 RMSE(val)=699.966835
[GA][Iter1] Gen:6 Ind:17 RMSE(val)=699.966835
[GA][Iter1] Gen:6 Ind:18 RMSE(val)=699.966835
[GA][Iter1] Gen:6 Ind:19 RMSE(val)=699.966835
[GA][Iter1] Gen:6 Ind:20 RMSE(val)=699.966835
[GA][Iter1] gen=6 best_val_rmse=699.966835
[GA][Iter1] Gen:7 Ind:1 RMSE(val)=699.966835
[GA][Iter1] Gen:7 Ind:2 RMSE(val)=699.966835
[GA][Iter1] Gen:7 Ind:3 RMSE(val)=699.966835
[GA][Iter1] Gen:7 Ind:4 RMSE(val)=699.966835
[GA][Iter1] Gen:7 Ind:5 RMSE(val)=699.966835
[GA][Iter1] Gen:7 Ind:6 RMSE(val)=699.966835
[GA][Iter1] Gen:7 Ind:7 RMSE(val)=699.966835
[GA][Iter1] Gen:7 Ind:8 RMSE(val)=699.966835
[GA][Iter1] Gen:7 Ind:9 RMSE(val)=699.966835
[GA][Iter1] Gen:7 Ind:10 RMSE(val)=699.966835
[GA][Iter1] Gen:7 Ind:11 RMSE(val)=699.966835
[GA][Iter1] Gen:7 Ind:12 RMSE(val)=699.966835
[GA][Iter1] Gen:7 Ind:13 RMSE(val)=699.966835
[GA][Iter1] Gen:7 Ind:14 RMSE(val)=699.966835
[GA][Iter1] Gen:7 Ind:15 RMSE(val)=699.966835
[GA][Iter1] Gen:7 Ind:16 RMSE(val)=699.966835
[GA][Iter1] Gen:7 Ind:17 RMSE(val)=699.966835
[GA][Iter1] Gen:7 Ind:18 RMSE(val)=699.966835
[GA][Iter1] Gen:7 Ind:19 RMSE(val)=699.966835
[GA][Iter1] Gen:7 Ind:20 RMSE(val)=699.966835
[GA][Iter1] gen=7 best_val_rmse=699.966835
[GA][Iter1] Gen:8 Ind:1 RMSE(val)=699.966835
[GA][Iter1] Gen:8 Ind:2 RMSE(val)=699.966835
[GA][Iter1] Gen:8 Ind:3 RMSE(val)=699.966835
[GA][Iter1] Gen:8 Ind:4 RMSE(val)=699.966835
[GA][Iter1] Gen:8 Ind:5 RMSE(val)=699.966835
[GA][Iter1] Gen:8 Ind:6 RMSE(val)=699.966835
[GA][Iter1] Gen:8 Ind:7 RMSE(val)=699.966835
[GA][Iter1] Gen:8 Ind:8 RMSE(val)=699.966835
[GA][Iter1] Gen:8 Ind:9 RMSE(val)=699.966835
[GA][Iter1] Gen:8 Ind:10 RMSE(val)=699.966835
[GA][Iter1] Gen:8 Ind:11 RMSE(val)=699.966835
[GA][Iter1] Gen:8 Ind:12 RMSE(val)=699.966835
[GA][Iter1] Gen:8 Ind:13 RMSE(val)=699.966835
[GA][Iter1] Gen:8 Ind:14 RMSE(val)=699.966835
[GA][Iter1] Gen:8 Ind:15 RMSE(val)=699.966835
[GA][Iter1] Gen:8 Ind:16 RMSE(val)=699.966835
[GA][Iter1] Gen:8 Ind:17 RMSE(val)=699.966835
[GA][Iter1] Gen:8 Ind:18 RMSE(val)=699.966835
[GA][Iter1] Gen:8 Ind:19 RMSE(val)=699.966835
[GA][Iter1] Gen:8 Ind:20 RMSE(val)=699.966835
[GA][Iter1] gen=8 best_val_rmse=699.966835
[GA][Iter1] Gen:9 Ind:1 RMSE(val)=699.966835
[GA][Iter1] Gen:9 Ind:2 RMSE(val)=699.966835
[GA][Iter1] Gen:9 Ind:3 RMSE(val)=699.966835
[GA][Iter1] Gen:9 Ind:4 RMSE(val)=699.966835
[GA][Iter1] Gen:9 Ind:5 RMSE(val)=699.966835
[GA][Iter1] Gen:9 Ind:6 RMSE(val)=699.966835
[GA][Iter1] Gen:9 Ind:7 RMSE(val)=699.966835
[GA][Iter1] Gen:9 Ind:8 RMSE(val)=699.966835
[GA][Iter1] Gen:9 Ind:9 RMSE(val)=699.966835
[GA][Iter1] Gen:9 Ind:10 RMSE(val)=699.966835
[GA][Iter1] Gen:9 Ind:11 RMSE(val)=699.966835
[GA][Iter1] Gen:9 Ind:12 RMSE(val)=699.966835
[GA][Iter1] Gen:9 Ind:13 RMSE(val)=1082.283442
[GA][Iter1] Gen:9 Ind:14 RMSE(val)=699.721354
[GA][Iter1] Gen:9 Ind:15 RMSE(val)=699.966835
[GA][Iter1] Gen:9 Ind:16 RMSE(val)=1098.011971
[GA][Iter1] Gen:9 Ind:17 RMSE(val)=1098.011971
[GA][Iter1] Gen:9 Ind:18 RMSE(val)=812.489563
[GA][Iter1] Gen:9 Ind:19 RMSE(val)=699.966835
[GA][Iter1] Gen:9 Ind:20 RMSE(val)=699.966835
[GA][Iter1] gen=9 best_val_rmse=699.721354
[GA][Iter1] Gen:10 Ind:1 RMSE(val)=699.721354
[GA][Iter1] Gen:10 Ind:2 RMSE(val)=699.966835
[GA][Iter1] Gen:10 Ind:3 RMSE(val)=699.966835
[GA][Iter1] Gen:10 Ind:4 RMSE(val)=699.966835
[GA][Iter1] Gen:10 Ind:5 RMSE(val)=699.966835
[GA][Iter1] Gen:10 Ind:6 RMSE(val)=699.966835
[GA][Iter1] Gen:10 Ind:7 RMSE(val)=699.966835
[GA][Iter1] Gen:10 Ind:8 RMSE(val)=699.966835
[GA][Iter1] Gen:10 Ind:9 RMSE(val)=699.966835
[GA][Iter1] Gen:10 Ind:10 RMSE(val)=699.966835
[GA][Iter1] Gen:10 Ind:11 RMSE(val)=699.966835
[GA][Iter1] Gen:10 Ind:12 RMSE(val)=699.966835
[GA][Iter1] Gen:10 Ind:13 RMSE(val)=699.966835
[GA][Iter1] Gen:10 Ind:14 RMSE(val)=699.721354
[GA][Iter1] Gen:10 Ind:15 RMSE(val)=699.966835
[GA][Iter1] Gen:10 Ind:16 RMSE(val)=699.966835
[GA][Iter1] Gen:10 Ind:17 RMSE(val)=699.966835
[GA][Iter1] Gen:10 Ind:18 RMSE(val)=1098.011971
[GA][Iter1] Gen:10 Ind:19 RMSE(val)=699.966835
[GA][Iter1] Gen:10 Ind:20 RMSE(val)=699.966835
[GA][Iter1] gen=10 best_val_rmse=699.721354
[GA][Iter1] Gen:11 Ind:1 RMSE(val)=699.721354
[GA][Iter1] Gen:11 Ind:2 RMSE(val)=699.721354
[GA][Iter1] Gen:11 Ind:3 RMSE(val)=699.966835
[GA][Iter1] Gen:11 Ind:4 RMSE(val)=699.966835
[GA][Iter1] Gen:11 Ind:5 RMSE(val)=699.966835
[GA][Iter1] Gen:11 Ind:6 RMSE(val)=699.966835
[GA][Iter1] Gen:11 Ind:7 RMSE(val)=699.966835
[GA][Iter1] Gen:11 Ind:8 RMSE(val)=699.966835
[GA][Iter1] Gen:11 Ind:9 RMSE(val)=699.966835
[GA][Iter1] Gen:11 Ind:10 RMSE(val)=699.966835
[GA][Iter1] Gen:11 Ind:11 RMSE(val)=699.966835
[GA][Iter1] Gen:11 Ind:12 RMSE(val)=699.721354
[GA][Iter1] Gen:11 Ind:13 RMSE(val)=699.966835
[GA][Iter1] Gen:11 Ind:14 RMSE(val)=699.966835
[GA][Iter1] Gen:11 Ind:15 RMSE(val)=699.966835
[GA][Iter1] Gen:11 Ind:16 RMSE(val)=699.966835
[GA][Iter1] Gen:11 Ind:17 RMSE(val)=699.966835
[GA][Iter1] Gen:11 Ind:18 RMSE(val)=699.721354
[GA][Iter1] Gen:11 Ind:19 RMSE(val)=699.966835
[GA][Iter1] Gen:11 Ind:20 RMSE(val)=699.966835
[GA][Iter1] gen=11 best_val_rmse=699.721354
[GA][Iter1] Gen:12 Ind:1 RMSE(val)=699.721354
[GA][Iter1] Gen:12 Ind:2 RMSE(val)=699.721354
[GA][Iter1] Gen:12 Ind:3 RMSE(val)=699.721354
[GA][Iter1] Gen:12 Ind:4 RMSE(val)=699.721354
[GA][Iter1] Gen:12 Ind:5 RMSE(val)=699.966835
[GA][Iter1] Gen:12 Ind:6 RMSE(val)=699.966835
[GA][Iter1] Gen:12 Ind:7 RMSE(val)=699.966835
[GA][Iter1] Gen:12 Ind:8 RMSE(val)=699.966835
[GA][Iter1] Gen:12 Ind:9 RMSE(val)=699.966835
[GA][Iter1] Gen:12 Ind:10 RMSE(val)=699.966835
[GA][Iter1] Gen:12 Ind:11 RMSE(val)=699.966835
[GA][Iter1] Gen:12 Ind:12 RMSE(val)=699.721354
[GA][Iter1] Gen:12 Ind:13 RMSE(val)=699.966835
[GA][Iter1] Gen:12 Ind:14 RMSE(val)=1058.261974
[GA][Iter1] Gen:12 Ind:15 RMSE(val)=699.966835
[GA][Iter1] Gen:12 Ind:16 RMSE(val)=699.966835
[GA][Iter1] Gen:12 Ind:17 RMSE(val)=699.966835
[GA][Iter1] Gen:12 Ind:18 RMSE(val)=699.966835
[GA][Iter1] Gen:12 Ind:19 RMSE(val)=682.838649
[GA][Iter1] Gen:12 Ind:20 RMSE(val)=699.966835
[GA][Iter1] gen=12 best_val_rmse=682.838649
[GA][Iter1] Gen:13 Ind:1 RMSE(val)=682.838649
[GA][Iter1] Gen:13 Ind:2 RMSE(val)=699.721354
[GA][Iter1] Gen:13 Ind:3 RMSE(val)=699.721354
[GA][Iter1] Gen:13 Ind:4 RMSE(val)=699.721354
[GA][Iter1] Gen:13 Ind:5 RMSE(val)=699.721354
[GA][Iter1] Gen:13 Ind:6 RMSE(val)=699.721354
[GA][Iter1] Gen:13 Ind:7 RMSE(val)=699.966835
[GA][Iter1] Gen:13 Ind:8 RMSE(val)=699.966835
[GA][Iter1] Gen:13 Ind:9 RMSE(val)=699.966835
[GA][Iter1] Gen:13 Ind:10 RMSE(val)=699.966835
[GA][Iter1] Gen:13 Ind:11 RMSE(val)=699.966835
[GA][Iter1] Gen:13 Ind:12 RMSE(val)=699.966835
[GA][Iter1] Gen:13 Ind:13 RMSE(val)=699.721354
[GA][Iter1] Gen:13 Ind:14 RMSE(val)=682.838649
[GA][Iter1] Gen:13 Ind:15 RMSE(val)=682.838649
[GA][Iter1] Gen:13 Ind:16 RMSE(val)=699.966835
[GA][Iter1] Gen:13 Ind:17 RMSE(val)=699.721354
[GA][Iter1] Gen:13 Ind:18 RMSE(val)=1058.261974
[GA][Iter1] Gen:13 Ind:19 RMSE(val)=699.966835
[GA][Iter1] Gen:13 Ind:20 RMSE(val)=699.966835
[GA][Iter1] gen=13 best_val_rmse=682.838649
[GA][Iter1] Gen:14 Ind:1 RMSE(val)=682.838649
[GA][Iter1] Gen:14 Ind:2 RMSE(val)=682.838649
[GA][Iter1] Gen:14 Ind:3 RMSE(val)=682.838649
[GA][Iter1] Gen:14 Ind:4 RMSE(val)=699.721354
[GA][Iter1] Gen:14 Ind:5 RMSE(val)=699.721354
[GA][Iter1] Gen:14 Ind:6 RMSE(val)=699.721354
[GA][Iter1] Gen:14 Ind:7 RMSE(val)=699.721354
[GA][Iter1] Gen:14 Ind:8 RMSE(val)=699.721354
[GA][Iter1] Gen:14 Ind:9 RMSE(val)=699.721354
[GA][Iter1] Gen:14 Ind:10 RMSE(val)=699.721354
[GA][Iter1] Gen:14 Ind:11 RMSE(val)=699.721354
[GA][Iter1] Gen:14 Ind:12 RMSE(val)=699.721354
[GA][Iter1] Gen:14 Ind:13 RMSE(val)=699.721354
[GA][Iter1] Gen:14 Ind:14 RMSE(val)=682.838649
[GA][Iter1] Gen:14 Ind:15 RMSE(val)=682.838649
[GA][Iter1] Gen:14 Ind:16 RMSE(val)=699.721354
[GA][Iter1] Gen:14 Ind:17 RMSE(val)=699.966835
[GA][Iter1] Gen:14 Ind:18 RMSE(val)=682.838649
[GA][Iter1] Gen:14 Ind:19 RMSE(val)=796.189762
[GA][Iter1] Gen:14 Ind:20 RMSE(val)=682.838649
[GA][Iter1] gen=14 best_val_rmse=682.838649
[GA][Iter1] Gen:15 Ind:1 RMSE(val)=682.838649
[GA][Iter1] Gen:15 Ind:2 RMSE(val)=682.838649
[GA][Iter1] Gen:15 Ind:3 RMSE(val)=682.838649
[GA][Iter1] Gen:15 Ind:4 RMSE(val)=682.838649
[GA][Iter1] Gen:15 Ind:5 RMSE(val)=682.838649
[GA][Iter1] Gen:15 Ind:6 RMSE(val)=682.838649
[GA][Iter1] Gen:15 Ind:7 RMSE(val)=682.838649
[GA][Iter1] Gen:15 Ind:8 RMSE(val)=699.721354
[GA][Iter1] Gen:15 Ind:9 RMSE(val)=699.721354
[GA][Iter1] Gen:15 Ind:10 RMSE(val)=699.721354
[GA][Iter1] Gen:15 Ind:11 RMSE(val)=682.838649
[GA][Iter1] Gen:15 Ind:12 RMSE(val)=682.838649
[GA][Iter1] Gen:15 Ind:13 RMSE(val)=682.838649
[GA][Iter1] Gen:15 Ind:14 RMSE(val)=682.838649
[GA][Iter1] Gen:15 Ind:15 RMSE(val)=682.838649
[GA][Iter1] Gen:15 Ind:16 RMSE(val)=699.721354
[GA][Iter1] Gen:15 Ind:17 RMSE(val)=699.721354
[GA][Iter1] Gen:15 Ind:18 RMSE(val)=699.721354
[GA][Iter1] Gen:15 Ind:19 RMSE(val)=682.838649
[GA][Iter1] Gen:15 Ind:20 RMSE(val)=682.838649
[GA][Iter1] gen=15 best_val_rmse=682.838649
[GA][Iter1] Gen:15 Ind:1 RMSE(val)=682.838649
[GA][Iter1] Gen:15 Ind:2 RMSE(val)=682.838649
[GA][Iter1] Gen:15 Ind:3 RMSE(val)=682.838649
[GA][Iter1] Gen:15 Ind:4 RMSE(val)=682.838649
[GA][Iter1] Gen:15 Ind:5 RMSE(val)=682.838649
[GA][Iter1] Gen:15 Ind:6 RMSE(val)=682.838649
[GA][Iter1] Gen:15 Ind:7 RMSE(val)=682.838649
[GA][Iter1] Gen:15 Ind:8 RMSE(val)=682.838649
[GA][Iter1] Gen:15 Ind:9 RMSE(val)=682.838649
[GA][Iter1] Gen:15 Ind:10 RMSE(val)=682.838649
[GA][Iter1] Gen:15 Ind:11 RMSE(val)=1099.185672
[GA][Iter1] Gen:15 Ind:12 RMSE(val)=682.838649
[GA][Iter1] Gen:15 Ind:13 RMSE(val)=682.838649
[GA][Iter1] Gen:15 Ind:14 RMSE(val)=682.838649
[GA][Iter1] Gen:15 Ind:15 RMSE(val)=682.838649
[GA][Iter1] Gen:15 Ind:16 RMSE(val)=682.838649
[GA][Iter1] Gen:15 Ind:17 RMSE(val)=682.838649
[GA][Iter1] Gen:15 Ind:18 RMSE(val)=682.838649
[GA][Iter1] Gen:15 Ind:19 RMSE(val)=682.838649
[GA][Iter1] Gen:15 Ind:20 RMSE(val)=691.094806

[GA DONE][Iter1] Best params on val fold of Iter1
Best val RMSE: 682.838649
Best params: {'max_depth': 38, 'min_samples_split': 10, 'min_samples_leaf': 27, 'max_features': None, 'splitter': 'best', 'criterion': 'absolute_error'}
--------------------------------------------------------------------------------
[RETUNE GA] Iter1: train folds 1..5 -> test fold 6  RMSE=862.122366  NRMSE=0.705960  CVRMSE=0.431348  R2=0.499434
[GA][Iter2] Gen:1 Ind:1 RMSE(val)=1510.720927
[GA][Iter2] Gen:1 Ind:2 RMSE(val)=871.860489
[GA][Iter2] Gen:1 Ind:3 RMSE(val)=1146.000511
[GA][Iter2] Gen:1 Ind:4 RMSE(val)=1263.690497
[GA][Iter2] Gen:1 Ind:5 RMSE(val)=1163.429326
[GA][Iter2] Gen:1 Ind:6 RMSE(val)=857.775346
[GA][Iter2] Gen:1 Ind:7 RMSE(val)=987.579709
[GA][Iter2] Gen:1 Ind:8 RMSE(val)=935.410871
[GA][Iter2] Gen:1 Ind:9 RMSE(val)=983.475383
[GA][Iter2] Gen:1 Ind:10 RMSE(val)=1020.574925
[GA][Iter2] Gen:1 Ind:11 RMSE(val)=927.550640
[GA][Iter2] Gen:1 Ind:12 RMSE(val)=1141.971931
[GA][Iter2] Gen:1 Ind:13 RMSE(val)=1382.553961
[GA][Iter2] Gen:1 Ind:14 RMSE(val)=982.061971
[GA][Iter2] Gen:1 Ind:15 RMSE(val)=1174.162032
[GA][Iter2] Gen:1 Ind:16 RMSE(val)=1162.201565
[GA][Iter2] Gen:1 Ind:17 RMSE(val)=1085.917582
[GA][Iter2] Gen:1 Ind:18 RMSE(val)=943.946181
[GA][Iter2] Gen:1 Ind:19 RMSE(val)=1254.452934
[GA][Iter2] Gen:1 Ind:20 RMSE(val)=1109.771180
[GA][Iter2] gen=1 best_val_rmse=857.775346
[GA][Iter2] Gen:2 Ind:1 RMSE(val)=857.775346
[GA][Iter2] Gen:2 Ind:2 RMSE(val)=871.860489
[GA][Iter2] Gen:2 Ind:3 RMSE(val)=927.550640
[GA][Iter2] Gen:2 Ind:4 RMSE(val)=935.410871
[GA][Iter2] Gen:2 Ind:5 RMSE(val)=943.946181
[GA][Iter2] Gen:2 Ind:6 RMSE(val)=982.061971
[GA][Iter2] Gen:2 Ind:7 RMSE(val)=983.475383
[GA][Iter2] Gen:2 Ind:8 RMSE(val)=987.579709
[GA][Iter2] Gen:2 Ind:9 RMSE(val)=1020.574925
[GA][Iter2] Gen:2 Ind:10 RMSE(val)=1085.917582
[GA][Iter2] Gen:2 Ind:11 RMSE(val)=967.444270
[GA][Iter2] Gen:2 Ind:12 RMSE(val)=871.860489
[GA][Iter2] Gen:2 Ind:13 RMSE(val)=1149.345577
[GA][Iter2] Gen:2 Ind:14 RMSE(val)=852.091926
[GA][Iter2] Gen:2 Ind:15 RMSE(val)=934.686126
[GA][Iter2] Gen:2 Ind:16 RMSE(val)=1130.072821
[GA][Iter2] Gen:2 Ind:17 RMSE(val)=998.434295
[GA][Iter2] Gen:2 Ind:18 RMSE(val)=956.694035
[GA][Iter2] Gen:2 Ind:19 RMSE(val)=987.579709
[GA][Iter2] Gen:2 Ind:20 RMSE(val)=857.775346
[GA][Iter2] gen=2 best_val_rmse=852.091926
[GA][Iter2] Gen:3 Ind:1 RMSE(val)=852.091926
[GA][Iter2] Gen:3 Ind:2 RMSE(val)=857.775346
[GA][Iter2] Gen:3 Ind:3 RMSE(val)=857.775346
[GA][Iter2] Gen:3 Ind:4 RMSE(val)=871.860489
[GA][Iter2] Gen:3 Ind:5 RMSE(val)=871.860489
[GA][Iter2] Gen:3 Ind:6 RMSE(val)=927.550640
[GA][Iter2] Gen:3 Ind:7 RMSE(val)=934.686126
[GA][Iter2] Gen:3 Ind:8 RMSE(val)=935.410871
[GA][Iter2] Gen:3 Ind:9 RMSE(val)=943.946181
[GA][Iter2] Gen:3 Ind:10 RMSE(val)=956.694035
[GA][Iter2] Gen:3 Ind:11 RMSE(val)=956.694035
[GA][Iter2] Gen:3 Ind:12 RMSE(val)=857.775346
[GA][Iter2] Gen:3 Ind:13 RMSE(val)=934.686126
[GA][Iter2] Gen:3 Ind:14 RMSE(val)=855.452954
[GA][Iter2] Gen:3 Ind:15 RMSE(val)=871.860489
[GA][Iter2] Gen:3 Ind:16 RMSE(val)=1189.293563
[GA][Iter2] Gen:3 Ind:17 RMSE(val)=983.475383
[GA][Iter2] Gen:3 Ind:18 RMSE(val)=880.956011
[GA][Iter2] Gen:3 Ind:19 RMSE(val)=871.860489
[GA][Iter2] Gen:3 Ind:20 RMSE(val)=947.626223
[GA][Iter2] gen=3 best_val_rmse=852.091926
[GA][Iter2] Gen:4 Ind:1 RMSE(val)=852.091926
[GA][Iter2] Gen:4 Ind:2 RMSE(val)=855.452954
[GA][Iter2] Gen:4 Ind:3 RMSE(val)=857.775346
[GA][Iter2] Gen:4 Ind:4 RMSE(val)=857.775346
[GA][Iter2] Gen:4 Ind:5 RMSE(val)=857.775346
[GA][Iter2] Gen:4 Ind:6 RMSE(val)=871.860489
[GA][Iter2] Gen:4 Ind:7 RMSE(val)=871.860489
[GA][Iter2] Gen:4 Ind:8 RMSE(val)=871.860489
[GA][Iter2] Gen:4 Ind:9 RMSE(val)=871.860489
[GA][Iter2] Gen:4 Ind:10 RMSE(val)=880.956011
[GA][Iter2] Gen:4 Ind:11 RMSE(val)=880.956011
[GA][Iter2] Gen:4 Ind:12 RMSE(val)=857.775346
[GA][Iter2] Gen:4 Ind:13 RMSE(val)=1049.738257
[GA][Iter2] Gen:4 Ind:14 RMSE(val)=871.860489
[GA][Iter2] Gen:4 Ind:15 RMSE(val)=871.860489
[GA][Iter2] Gen:4 Ind:16 RMSE(val)=871.860489
[GA][Iter2] Gen:4 Ind:17 RMSE(val)=857.775346
[GA][Iter2] Gen:4 Ind:18 RMSE(val)=857.775346
[GA][Iter2] Gen:4 Ind:19 RMSE(val)=857.775346
[GA][Iter2] Gen:4 Ind:20 RMSE(val)=871.860489
[GA][Iter2] gen=4 best_val_rmse=852.091926
[GA][Iter2] Gen:5 Ind:1 RMSE(val)=852.091926
[GA][Iter2] Gen:5 Ind:2 RMSE(val)=855.452954
[GA][Iter2] Gen:5 Ind:3 RMSE(val)=857.775346
[GA][Iter2] Gen:5 Ind:4 RMSE(val)=857.775346
[GA][Iter2] Gen:5 Ind:5 RMSE(val)=857.775346
[GA][Iter2] Gen:5 Ind:6 RMSE(val)=857.775346
[GA][Iter2] Gen:5 Ind:7 RMSE(val)=857.775346
[GA][Iter2] Gen:5 Ind:8 RMSE(val)=857.775346
[GA][Iter2] Gen:5 Ind:9 RMSE(val)=857.775346
[GA][Iter2] Gen:5 Ind:10 RMSE(val)=871.860489
[GA][Iter2] Gen:5 Ind:11 RMSE(val)=855.452954
[GA][Iter2] Gen:5 Ind:12 RMSE(val)=871.860489
[GA][Iter2] Gen:5 Ind:13 RMSE(val)=857.775346
[GA][Iter2] Gen:5 Ind:14 RMSE(val)=857.775346
[GA][Iter2] Gen:5 Ind:15 RMSE(val)=1242.581607
[GA][Iter2] Gen:5 Ind:16 RMSE(val)=857.775346
[GA][Iter2] Gen:5 Ind:17 RMSE(val)=1049.738257
[GA][Iter2] Gen:5 Ind:18 RMSE(val)=911.340264
[GA][Iter2] Gen:5 Ind:19 RMSE(val)=852.091926
[GA][Iter2] Gen:5 Ind:20 RMSE(val)=857.775346
[GA][Iter2] gen=5 best_val_rmse=852.091926
[GA][Iter2] Gen:6 Ind:1 RMSE(val)=852.091926
[GA][Iter2] Gen:6 Ind:2 RMSE(val)=852.091926
[GA][Iter2] Gen:6 Ind:3 RMSE(val)=855.452954
[GA][Iter2] Gen:6 Ind:4 RMSE(val)=855.452954
[GA][Iter2] Gen:6 Ind:5 RMSE(val)=857.775346
[GA][Iter2] Gen:6 Ind:6 RMSE(val)=857.775346
[GA][Iter2] Gen:6 Ind:7 RMSE(val)=857.775346
[GA][Iter2] Gen:6 Ind:8 RMSE(val)=857.775346
[GA][Iter2] Gen:6 Ind:9 RMSE(val)=857.775346
[GA][Iter2] Gen:6 Ind:10 RMSE(val)=857.775346
[GA][Iter2] Gen:6 Ind:11 RMSE(val)=916.961258
[GA][Iter2] Gen:6 Ind:12 RMSE(val)=857.775346
[GA][Iter2] Gen:6 Ind:13 RMSE(val)=857.775346
[GA][Iter2] Gen:6 Ind:14 RMSE(val)=857.775346
[GA][Iter2] Gen:6 Ind:15 RMSE(val)=857.775346
[GA][Iter2] Gen:6 Ind:16 RMSE(val)=855.452954
[GA][Iter2] Gen:6 Ind:17 RMSE(val)=857.775346
[GA][Iter2] Gen:6 Ind:18 RMSE(val)=852.091926
[GA][Iter2] Gen:6 Ind:19 RMSE(val)=857.775346
[GA][Iter2] Gen:6 Ind:20 RMSE(val)=852.091926
[GA][Iter2] gen=6 best_val_rmse=852.091926
[GA][Iter2] Gen:7 Ind:1 RMSE(val)=852.091926
[GA][Iter2] Gen:7 Ind:2 RMSE(val)=852.091926
[GA][Iter2] Gen:7 Ind:3 RMSE(val)=852.091926
[GA][Iter2] Gen:7 Ind:4 RMSE(val)=852.091926
[GA][Iter2] Gen:7 Ind:5 RMSE(val)=855.452954
[GA][Iter2] Gen:7 Ind:6 RMSE(val)=855.452954
[GA][Iter2] Gen:7 Ind:7 RMSE(val)=855.452954
[GA][Iter2] Gen:7 Ind:8 RMSE(val)=857.775346
[GA][Iter2] Gen:7 Ind:9 RMSE(val)=857.775346
[GA][Iter2] Gen:7 Ind:10 RMSE(val)=857.775346
[GA][Iter2] Gen:7 Ind:11 RMSE(val)=855.452954
[GA][Iter2] Gen:7 Ind:12 RMSE(val)=852.091926
[GA][Iter2] Gen:7 Ind:13 RMSE(val)=855.452954
[GA][Iter2] Gen:7 Ind:14 RMSE(val)=855.452954
[GA][Iter2] Gen:7 Ind:15 RMSE(val)=852.091926
[GA][Iter2] Gen:7 Ind:16 RMSE(val)=855.452954
[GA][Iter2] Gen:7 Ind:17 RMSE(val)=855.452954
[GA][Iter2] Gen:7 Ind:18 RMSE(val)=855.452954
[GA][Iter2] Gen:7 Ind:19 RMSE(val)=857.775346
[GA][Iter2] Gen:7 Ind:20 RMSE(val)=857.775346
[GA][Iter2] gen=7 best_val_rmse=852.091926
[GA][Iter2] Gen:8 Ind:1 RMSE(val)=852.091926
[GA][Iter2] Gen:8 Ind:2 RMSE(val)=852.091926
[GA][Iter2] Gen:8 Ind:3 RMSE(val)=852.091926
[GA][Iter2] Gen:8 Ind:4 RMSE(val)=852.091926
[GA][Iter2] Gen:8 Ind:5 RMSE(val)=852.091926
[GA][Iter2] Gen:8 Ind:6 RMSE(val)=852.091926
[GA][Iter2] Gen:8 Ind:7 RMSE(val)=855.452954
[GA][Iter2] Gen:8 Ind:8 RMSE(val)=855.452954
[GA][Iter2] Gen:8 Ind:9 RMSE(val)=855.452954
[GA][Iter2] Gen:8 Ind:10 RMSE(val)=855.452954
[GA][Iter2] Gen:8 Ind:11 RMSE(val)=855.452954
[GA][Iter2] Gen:8 Ind:12 RMSE(val)=852.091926
[GA][Iter2] Gen:8 Ind:13 RMSE(val)=852.091926
[GA][Iter2] Gen:8 Ind:14 RMSE(val)=855.452954
[GA][Iter2] Gen:8 Ind:15 RMSE(val)=852.091926
[GA][Iter2] Gen:8 Ind:16 RMSE(val)=855.452954
[GA][Iter2] Gen:8 Ind:17 RMSE(val)=851.898275
[GA][Iter2] Gen:8 Ind:18 RMSE(val)=852.091926
[GA][Iter2] Gen:8 Ind:19 RMSE(val)=852.091926
[GA][Iter2] Gen:8 Ind:20 RMSE(val)=855.452954
[GA][Iter2] gen=8 best_val_rmse=851.898275
[GA][Iter2] Gen:9 Ind:1 RMSE(val)=851.898275
[GA][Iter2] Gen:9 Ind:2 RMSE(val)=852.091926
[GA][Iter2] Gen:9 Ind:3 RMSE(val)=852.091926
[GA][Iter2] Gen:9 Ind:4 RMSE(val)=852.091926
[GA][Iter2] Gen:9 Ind:5 RMSE(val)=852.091926
[GA][Iter2] Gen:9 Ind:6 RMSE(val)=852.091926
[GA][Iter2] Gen:9 Ind:7 RMSE(val)=852.091926
[GA][Iter2] Gen:9 Ind:8 RMSE(val)=852.091926
[GA][Iter2] Gen:9 Ind:9 RMSE(val)=852.091926
[GA][Iter2] Gen:9 Ind:10 RMSE(val)=852.091926
[GA][Iter2] Gen:9 Ind:11 RMSE(val)=851.898275
[GA][Iter2] Gen:9 Ind:12 RMSE(val)=852.091926
[GA][Iter2] Gen:9 Ind:13 RMSE(val)=1251.273173
[GA][Iter2] Gen:9 Ind:14 RMSE(val)=861.474552
[GA][Iter2] Gen:9 Ind:15 RMSE(val)=852.091926
[GA][Iter2] Gen:9 Ind:16 RMSE(val)=1253.749945
[GA][Iter2] Gen:9 Ind:17 RMSE(val)=1253.749945
[GA][Iter2] Gen:9 Ind:18 RMSE(val)=973.278380
[GA][Iter2] Gen:9 Ind:19 RMSE(val)=852.091926
[GA][Iter2] Gen:9 Ind:20 RMSE(val)=852.091926
[GA][Iter2] gen=9 best_val_rmse=851.898275
[GA][Iter2] Gen:10 Ind:1 RMSE(val)=851.898275
[GA][Iter2] Gen:10 Ind:2 RMSE(val)=851.898275
[GA][Iter2] Gen:10 Ind:3 RMSE(val)=852.091926
[GA][Iter2] Gen:10 Ind:4 RMSE(val)=852.091926
[GA][Iter2] Gen:10 Ind:5 RMSE(val)=852.091926
[GA][Iter2] Gen:10 Ind:6 RMSE(val)=852.091926
[GA][Iter2] Gen:10 Ind:7 RMSE(val)=852.091926
[GA][Iter2] Gen:10 Ind:8 RMSE(val)=852.091926
[GA][Iter2] Gen:10 Ind:9 RMSE(val)=852.091926
[GA][Iter2] Gen:10 Ind:10 RMSE(val)=852.091926
[GA][Iter2] Gen:10 Ind:11 RMSE(val)=852.091926
[GA][Iter2] Gen:10 Ind:12 RMSE(val)=852.091926
[GA][Iter2] Gen:10 Ind:13 RMSE(val)=852.091926
[GA][Iter2] Gen:10 Ind:14 RMSE(val)=851.898275
[GA][Iter2] Gen:10 Ind:15 RMSE(val)=851.898275
[GA][Iter2] Gen:10 Ind:16 RMSE(val)=852.091926
[GA][Iter2] Gen:10 Ind:17 RMSE(val)=852.091926
[GA][Iter2] Gen:10 Ind:18 RMSE(val)=1253.749945
[GA][Iter2] Gen:10 Ind:19 RMSE(val)=851.898275
[GA][Iter2] Gen:10 Ind:20 RMSE(val)=852.091926
[GA][Iter2] gen=10 best_val_rmse=851.898275
[GA][Iter2] Gen:11 Ind:1 RMSE(val)=851.898275
[GA][Iter2] Gen:11 Ind:2 RMSE(val)=851.898275
[GA][Iter2] Gen:11 Ind:3 RMSE(val)=851.898275
[GA][Iter2] Gen:11 Ind:4 RMSE(val)=851.898275
[GA][Iter2] Gen:11 Ind:5 RMSE(val)=851.898275
[GA][Iter2] Gen:11 Ind:6 RMSE(val)=852.091926
[GA][Iter2] Gen:11 Ind:7 RMSE(val)=852.091926
[GA][Iter2] Gen:11 Ind:8 RMSE(val)=852.091926
[GA][Iter2] Gen:11 Ind:9 RMSE(val)=852.091926
[GA][Iter2] Gen:11 Ind:10 RMSE(val)=852.091926
[GA][Iter2] Gen:11 Ind:11 RMSE(val)=852.091926
[GA][Iter2] Gen:11 Ind:12 RMSE(val)=851.898275
[GA][Iter2] Gen:11 Ind:13 RMSE(val)=851.898275
[GA][Iter2] Gen:11 Ind:14 RMSE(val)=852.091926
[GA][Iter2] Gen:11 Ind:15 RMSE(val)=852.091926
[GA][Iter2] Gen:11 Ind:16 RMSE(val)=852.091926
[GA][Iter2] Gen:11 Ind:17 RMSE(val)=851.898275
[GA][Iter2] Gen:11 Ind:18 RMSE(val)=852.091926
[GA][Iter2] Gen:11 Ind:19 RMSE(val)=851.898275
[GA][Iter2] Gen:11 Ind:20 RMSE(val)=851.898275
[GA][Iter2] gen=11 best_val_rmse=851.898275
[GA][Iter2] Gen:12 Ind:1 RMSE(val)=851.898275
[GA][Iter2] Gen:12 Ind:2 RMSE(val)=851.898275
[GA][Iter2] Gen:12 Ind:3 RMSE(val)=851.898275
[GA][Iter2] Gen:12 Ind:4 RMSE(val)=851.898275
[GA][Iter2] Gen:12 Ind:5 RMSE(val)=851.898275
[GA][Iter2] Gen:12 Ind:6 RMSE(val)=851.898275
[GA][Iter2] Gen:12 Ind:7 RMSE(val)=851.898275
[GA][Iter2] Gen:12 Ind:8 RMSE(val)=851.898275
[GA][Iter2] Gen:12 Ind:9 RMSE(val)=851.898275
[GA][Iter2] Gen:12 Ind:10 RMSE(val)=851.898275
[GA][Iter2] Gen:12 Ind:11 RMSE(val)=851.898275
[GA][Iter2] Gen:12 Ind:12 RMSE(val)=852.091926
[GA][Iter2] Gen:12 Ind:13 RMSE(val)=851.898275
[GA][Iter2] Gen:12 Ind:14 RMSE(val)=1251.273173
[GA][Iter2] Gen:12 Ind:15 RMSE(val)=851.898275
[GA][Iter2] Gen:12 Ind:16 RMSE(val)=851.898275
[GA][Iter2] Gen:12 Ind:17 RMSE(val)=851.898275
[GA][Iter2] Gen:12 Ind:18 RMSE(val)=851.898275
[GA][Iter2] Gen:12 Ind:19 RMSE(val)=851.865750
[GA][Iter2] Gen:12 Ind:20 RMSE(val)=851.898275
[GA][Iter2] gen=12 best_val_rmse=851.865750
[GA][Iter2] Gen:13 Ind:1 RMSE(val)=851.865750
[GA][Iter2] Gen:13 Ind:2 RMSE(val)=851.898275
[GA][Iter2] Gen:13 Ind:3 RMSE(val)=851.898275
[GA][Iter2] Gen:13 Ind:4 RMSE(val)=851.898275
[GA][Iter2] Gen:13 Ind:5 RMSE(val)=851.898275
[GA][Iter2] Gen:13 Ind:6 RMSE(val)=851.898275
[GA][Iter2] Gen:13 Ind:7 RMSE(val)=851.898275
[GA][Iter2] Gen:13 Ind:8 RMSE(val)=851.898275
[GA][Iter2] Gen:13 Ind:9 RMSE(val)=851.898275
[GA][Iter2] Gen:13 Ind:10 RMSE(val)=851.898275
[GA][Iter2] Gen:13 Ind:11 RMSE(val)=851.898275
[GA][Iter2] Gen:13 Ind:12 RMSE(val)=851.898275
[GA][Iter2] Gen:13 Ind:13 RMSE(val)=851.898275
[GA][Iter2] Gen:13 Ind:14 RMSE(val)=851.865750
[GA][Iter2] Gen:13 Ind:15 RMSE(val)=851.865750
[GA][Iter2] Gen:13 Ind:16 RMSE(val)=851.898275
[GA][Iter2] Gen:13 Ind:17 RMSE(val)=851.898275
[GA][Iter2] Gen:13 Ind:18 RMSE(val)=1251.273173
[GA][Iter2] Gen:13 Ind:19 RMSE(val)=851.898275
[GA][Iter2] Gen:13 Ind:20 RMSE(val)=851.898275
[GA][Iter2] gen=13 best_val_rmse=851.865750
[GA][Iter2] Gen:14 Ind:1 RMSE(val)=851.865750
[GA][Iter2] Gen:14 Ind:2 RMSE(val)=851.865750
[GA][Iter2] Gen:14 Ind:3 RMSE(val)=851.865750
[GA][Iter2] Gen:14 Ind:4 RMSE(val)=851.898275
[GA][Iter2] Gen:14 Ind:5 RMSE(val)=851.898275
[GA][Iter2] Gen:14 Ind:6 RMSE(val)=851.898275
[GA][Iter2] Gen:14 Ind:7 RMSE(val)=851.898275
[GA][Iter2] Gen:14 Ind:8 RMSE(val)=851.898275
[GA][Iter2] Gen:14 Ind:9 RMSE(val)=851.898275
[GA][Iter2] Gen:14 Ind:10 RMSE(val)=851.898275
[GA][Iter2] Gen:14 Ind:11 RMSE(val)=851.898275
[GA][Iter2] Gen:14 Ind:12 RMSE(val)=851.898275
[GA][Iter2] Gen:14 Ind:13 RMSE(val)=851.898275
[GA][Iter2] Gen:14 Ind:14 RMSE(val)=851.865750
[GA][Iter2] Gen:14 Ind:15 RMSE(val)=851.865750
[GA][Iter2] Gen:14 Ind:16 RMSE(val)=851.898275
[GA][Iter2] Gen:14 Ind:17 RMSE(val)=851.865750
[GA][Iter2] Gen:14 Ind:18 RMSE(val)=851.865750
[GA][Iter2] Gen:14 Ind:19 RMSE(val)=965.362744
[GA][Iter2] Gen:14 Ind:20 RMSE(val)=851.865750
[GA][Iter2] gen=14 best_val_rmse=851.865750
[GA][Iter2] Gen:15 Ind:1 RMSE(val)=851.865750
[GA][Iter2] Gen:15 Ind:2 RMSE(val)=851.865750
[GA][Iter2] Gen:15 Ind:3 RMSE(val)=851.865750
[GA][Iter2] Gen:15 Ind:4 RMSE(val)=851.865750
[GA][Iter2] Gen:15 Ind:5 RMSE(val)=851.865750
[GA][Iter2] Gen:15 Ind:6 RMSE(val)=851.865750
[GA][Iter2] Gen:15 Ind:7 RMSE(val)=851.865750
[GA][Iter2] Gen:15 Ind:8 RMSE(val)=851.865750
[GA][Iter2] Gen:15 Ind:9 RMSE(val)=851.898275
[GA][Iter2] Gen:15 Ind:10 RMSE(val)=851.898275
[GA][Iter2] Gen:15 Ind:11 RMSE(val)=851.865750
[GA][Iter2] Gen:15 Ind:12 RMSE(val)=851.865750
[GA][Iter2] Gen:15 Ind:13 RMSE(val)=851.865750
[GA][Iter2] Gen:15 Ind:14 RMSE(val)=851.865750
[GA][Iter2] Gen:15 Ind:15 RMSE(val)=851.865750
[GA][Iter2] Gen:15 Ind:16 RMSE(val)=851.898275
[GA][Iter2] Gen:15 Ind:17 RMSE(val)=851.898275
[GA][Iter2] Gen:15 Ind:18 RMSE(val)=851.865750
[GA][Iter2] Gen:15 Ind:19 RMSE(val)=851.865750
[GA][Iter2] Gen:15 Ind:20 RMSE(val)=851.865750
[GA][Iter2] gen=15 best_val_rmse=851.865750
[GA][Iter2] Gen:15 Ind:1 RMSE(val)=851.865750
[GA][Iter2] Gen:15 Ind:2 RMSE(val)=851.865750
[GA][Iter2] Gen:15 Ind:3 RMSE(val)=851.865750
[GA][Iter2] Gen:15 Ind:4 RMSE(val)=851.865750
[GA][Iter2] Gen:15 Ind:5 RMSE(val)=851.865750
[GA][Iter2] Gen:15 Ind:6 RMSE(val)=851.865750
[GA][Iter2] Gen:15 Ind:7 RMSE(val)=851.865750
[GA][Iter2] Gen:15 Ind:8 RMSE(val)=851.865750
[GA][Iter2] Gen:15 Ind:9 RMSE(val)=851.865750
[GA][Iter2] Gen:15 Ind:10 RMSE(val)=851.865750
[GA][Iter2] Gen:15 Ind:11 RMSE(val)=1290.828611
[GA][Iter2] Gen:15 Ind:12 RMSE(val)=851.865750
[GA][Iter2] Gen:15 Ind:13 RMSE(val)=851.865750
[GA][Iter2] Gen:15 Ind:14 RMSE(val)=851.865750
[GA][Iter2] Gen:15 Ind:15 RMSE(val)=851.865750
[GA][Iter2] Gen:15 Ind:16 RMSE(val)=851.865750
[GA][Iter2] Gen:15 Ind:17 RMSE(val)=851.865750
[GA][Iter2] Gen:15 Ind:18 RMSE(val)=851.865750
[GA][Iter2] Gen:15 Ind:19 RMSE(val)=851.865750
[GA][Iter2] Gen:15 Ind:20 RMSE(val)=841.162366

[GA DONE][Iter2] Best params on val fold of Iter2
Best val RMSE: 841.162366
Best params: {'max_depth': 54, 'min_samples_split': 26, 'min_samples_leaf': 9, 'max_features': None, 'splitter': 'best', 'criterion': 'absolute_error'}
--------------------------------------------------------------------------------
[RETUNE GA] Iter2: train folds 1..6 -> test fold 7  RMSE=1028.989147  NRMSE=0.863258  CVRMSE=0.564067  R2=0.251518
[GA][Iter3] Gen:1 Ind:1 RMSE(val)=1219.731090
[GA][Iter3] Gen:1 Ind:2 RMSE(val)=985.866316
[GA][Iter3] Gen:1 Ind:3 RMSE(val)=1312.649024
[GA][Iter3] Gen:1 Ind:4 RMSE(val)=1248.129674
[GA][Iter3] Gen:1 Ind:5 RMSE(val)=1131.574776
[GA][Iter3] Gen:1 Ind:6 RMSE(val)=985.055562
[GA][Iter3] Gen:1 Ind:7 RMSE(val)=1083.919512
[GA][Iter3] Gen:1 Ind:8 RMSE(val)=1044.260872
[GA][Iter3] Gen:1 Ind:9 RMSE(val)=992.765773
[GA][Iter3] Gen:1 Ind:10 RMSE(val)=1234.293502
[GA][Iter3] Gen:1 Ind:11 RMSE(val)=1052.600025
[GA][Iter3] Gen:1 Ind:12 RMSE(val)=1161.167013
[GA][Iter3] Gen:1 Ind:13 RMSE(val)=1230.616957
[GA][Iter3] Gen:1 Ind:14 RMSE(val)=1142.992670
[GA][Iter3] Gen:1 Ind:15 RMSE(val)=1199.953481
[GA][Iter3] Gen:1 Ind:16 RMSE(val)=1141.094009
[GA][Iter3] Gen:1 Ind:17 RMSE(val)=1205.022819
[GA][Iter3] Gen:1 Ind:18 RMSE(val)=1115.625171
[GA][Iter3] Gen:1 Ind:19 RMSE(val)=1184.563773
[GA][Iter3] Gen:1 Ind:20 RMSE(val)=1192.974336
[GA][Iter3] gen=1 best_val_rmse=985.055562
[GA][Iter3] Gen:2 Ind:1 RMSE(val)=985.055562
[GA][Iter3] Gen:2 Ind:2 RMSE(val)=985.866316
[GA][Iter3] Gen:2 Ind:3 RMSE(val)=992.765773
[GA][Iter3] Gen:2 Ind:4 RMSE(val)=1044.260872
[GA][Iter3] Gen:2 Ind:5 RMSE(val)=1052.600025
[GA][Iter3] Gen:2 Ind:6 RMSE(val)=1083.919512
[GA][Iter3] Gen:2 Ind:7 RMSE(val)=1115.625171
[GA][Iter3] Gen:2 Ind:8 RMSE(val)=1131.574776
[GA][Iter3] Gen:2 Ind:9 RMSE(val)=1141.094009
[GA][Iter3] Gen:2 Ind:10 RMSE(val)=1142.992670
[GA][Iter3] Gen:2 Ind:11 RMSE(val)=1107.603766
[GA][Iter3] Gen:2 Ind:12 RMSE(val)=985.866316
[GA][Iter3] Gen:2 Ind:13 RMSE(val)=1141.094009
[GA][Iter3] Gen:2 Ind:14 RMSE(val)=1021.452308
[GA][Iter3] Gen:2 Ind:15 RMSE(val)=985.866316
[GA][Iter3] Gen:2 Ind:16 RMSE(val)=1230.458844
[GA][Iter3] Gen:2 Ind:17 RMSE(val)=1034.804263
[GA][Iter3] Gen:2 Ind:18 RMSE(val)=1050.815048
[GA][Iter3] Gen:2 Ind:19 RMSE(val)=1039.306971
[GA][Iter3] Gen:2 Ind:20 RMSE(val)=985.055562
[GA][Iter3] gen=2 best_val_rmse=985.055562
[GA][Iter3] Gen:3 Ind:1 RMSE(val)=985.055562
[GA][Iter3] Gen:3 Ind:2 RMSE(val)=985.055562
[GA][Iter3] Gen:3 Ind:3 RMSE(val)=985.866316
[GA][Iter3] Gen:3 Ind:4 RMSE(val)=985.866316
[GA][Iter3] Gen:3 Ind:5 RMSE(val)=985.866316
[GA][Iter3] Gen:3 Ind:6 RMSE(val)=992.765773
[GA][Iter3] Gen:3 Ind:7 RMSE(val)=1021.452308
[GA][Iter3] Gen:3 Ind:8 RMSE(val)=1034.804263
[GA][Iter3] Gen:3 Ind:9 RMSE(val)=1039.306971
[GA][Iter3] Gen:3 Ind:10 RMSE(val)=1044.260872
[GA][Iter3] Gen:3 Ind:11 RMSE(val)=1044.260872
[GA][Iter3] Gen:3 Ind:12 RMSE(val)=985.055562
[GA][Iter3] Gen:3 Ind:13 RMSE(val)=1002.687932
[GA][Iter3] Gen:3 Ind:14 RMSE(val)=985.055562
[GA][Iter3] Gen:3 Ind:15 RMSE(val)=1019.023408
[GA][Iter3] Gen:3 Ind:16 RMSE(val)=1187.148552
[GA][Iter3] Gen:3 Ind:17 RMSE(val)=985.866316
[GA][Iter3] Gen:3 Ind:18 RMSE(val)=1016.050361
[GA][Iter3] Gen:3 Ind:19 RMSE(val)=985.866316
[GA][Iter3] Gen:3 Ind:20 RMSE(val)=1021.932765
[GA][Iter3] gen=3 best_val_rmse=985.055562
[GA][Iter3] Gen:4 Ind:1 RMSE(val)=985.055562
[GA][Iter3] Gen:4 Ind:2 RMSE(val)=985.055562
[GA][Iter3] Gen:4 Ind:3 RMSE(val)=985.055562
[GA][Iter3] Gen:4 Ind:4 RMSE(val)=985.055562
[GA][Iter3] Gen:4 Ind:5 RMSE(val)=985.866316
[GA][Iter3] Gen:4 Ind:6 RMSE(val)=985.866316
[GA][Iter3] Gen:4 Ind:7 RMSE(val)=985.866316
[GA][Iter3] Gen:4 Ind:8 RMSE(val)=985.866316
[GA][Iter3] Gen:4 Ind:9 RMSE(val)=985.866316
[GA][Iter3] Gen:4 Ind:10 RMSE(val)=992.765773
[GA][Iter3] Gen:4 Ind:11 RMSE(val)=985.055562
[GA][Iter3] Gen:4 Ind:12 RMSE(val)=985.866316
[GA][Iter3] Gen:4 Ind:13 RMSE(val)=1211.543096
[GA][Iter3] Gen:4 Ind:14 RMSE(val)=985.866316
[GA][Iter3] Gen:4 Ind:15 RMSE(val)=985.866316
[GA][Iter3] Gen:4 Ind:16 RMSE(val)=985.866316
[GA][Iter3] Gen:4 Ind:17 RMSE(val)=985.055562
[GA][Iter3] Gen:4 Ind:18 RMSE(val)=985.055562
[GA][Iter3] Gen:4 Ind:19 RMSE(val)=985.866316
[GA][Iter3] Gen:4 Ind:20 RMSE(val)=985.866316
[GA][Iter3] gen=4 best_val_rmse=985.055562
[GA][Iter3] Gen:5 Ind:1 RMSE(val)=985.055562
[GA][Iter3] Gen:5 Ind:2 RMSE(val)=985.055562
[GA][Iter3] Gen:5 Ind:3 RMSE(val)=985.055562
[GA][Iter3] Gen:5 Ind:4 RMSE(val)=985.055562
[GA][Iter3] Gen:5 Ind:5 RMSE(val)=985.055562
[GA][Iter3] Gen:5 Ind:6 RMSE(val)=985.055562
[GA][Iter3] Gen:5 Ind:7 RMSE(val)=985.055562
[GA][Iter3] Gen:5 Ind:8 RMSE(val)=985.866316
[GA][Iter3] Gen:5 Ind:9 RMSE(val)=985.866316
[GA][Iter3] Gen:5 Ind:10 RMSE(val)=985.866316
[GA][Iter3] Gen:5 Ind:11 RMSE(val)=985.055562
[GA][Iter3] Gen:5 Ind:12 RMSE(val)=985.866316
[GA][Iter3] Gen:5 Ind:13 RMSE(val)=985.055562
[GA][Iter3] Gen:5 Ind:14 RMSE(val)=985.055562
[GA][Iter3] Gen:5 Ind:15 RMSE(val)=1288.619574
[GA][Iter3] Gen:5 Ind:16 RMSE(val)=985.866316
[GA][Iter3] Gen:5 Ind:17 RMSE(val)=1211.543096
[GA][Iter3] Gen:5 Ind:18 RMSE(val)=985.055562
[GA][Iter3] Gen:5 Ind:19 RMSE(val)=985.055562
[GA][Iter3] Gen:5 Ind:20 RMSE(val)=985.866316
[GA][Iter3] gen=5 best_val_rmse=985.055562
[GA][Iter3] Gen:6 Ind:1 RMSE(val)=985.055562
[GA][Iter3] Gen:6 Ind:2 RMSE(val)=985.055562
[GA][Iter3] Gen:6 Ind:3 RMSE(val)=985.055562
[GA][Iter3] Gen:6 Ind:4 RMSE(val)=985.055562
[GA][Iter3] Gen:6 Ind:5 RMSE(val)=985.055562
[GA][Iter3] Gen:6 Ind:6 RMSE(val)=985.055562
[GA][Iter3] Gen:6 Ind:7 RMSE(val)=985.055562
[GA][Iter3] Gen:6 Ind:8 RMSE(val)=985.055562
[GA][Iter3] Gen:6 Ind:9 RMSE(val)=985.055562
[GA][Iter3] Gen:6 Ind:10 RMSE(val)=985.055562
[GA][Iter3] Gen:6 Ind:11 RMSE(val)=1050.186954
[GA][Iter3] Gen:6 Ind:12 RMSE(val)=985.055562
[GA][Iter3] Gen:6 Ind:13 RMSE(val)=985.055562
[GA][Iter3] Gen:6 Ind:14 RMSE(val)=985.055562
[GA][Iter3] Gen:6 Ind:15 RMSE(val)=985.055562
[GA][Iter3] Gen:6 Ind:16 RMSE(val)=985.055562
[GA][Iter3] Gen:6 Ind:17 RMSE(val)=985.055562
[GA][Iter3] Gen:6 Ind:18 RMSE(val)=985.055562
[GA][Iter3] Gen:6 Ind:19 RMSE(val)=985.055562
[GA][Iter3] Gen:6 Ind:20 RMSE(val)=985.055562
[GA][Iter3] gen=6 best_val_rmse=985.055562
[GA][Iter3] Gen:7 Ind:1 RMSE(val)=985.055562
[GA][Iter3] Gen:7 Ind:2 RMSE(val)=985.055562
[GA][Iter3] Gen:7 Ind:3 RMSE(val)=985.055562
[GA][Iter3] Gen:7 Ind:4 RMSE(val)=985.055562
[GA][Iter3] Gen:7 Ind:5 RMSE(val)=985.055562
[GA][Iter3] Gen:7 Ind:6 RMSE(val)=985.055562
[GA][Iter3] Gen:7 Ind:7 RMSE(val)=985.055562
[GA][Iter3] Gen:7 Ind:8 RMSE(val)=985.055562
[GA][Iter3] Gen:7 Ind:9 RMSE(val)=985.055562
[GA][Iter3] Gen:7 Ind:10 RMSE(val)=985.055562
[GA][Iter3] Gen:7 Ind:11 RMSE(val)=985.055562
[GA][Iter3] Gen:7 Ind:12 RMSE(val)=985.055562
[GA][Iter3] Gen:7 Ind:13 RMSE(val)=985.055562
[GA][Iter3] Gen:7 Ind:14 RMSE(val)=985.055562
[GA][Iter3] Gen:7 Ind:15 RMSE(val)=985.055562
[GA][Iter3] Gen:7 Ind:16 RMSE(val)=985.055562
[GA][Iter3] Gen:7 Ind:17 RMSE(val)=985.055562
[GA][Iter3] Gen:7 Ind:18 RMSE(val)=985.055562
[GA][Iter3] Gen:7 Ind:19 RMSE(val)=985.055562
[GA][Iter3] Gen:7 Ind:20 RMSE(val)=985.055562
[GA][Iter3] gen=7 best_val_rmse=985.055562
[GA][Iter3] Gen:8 Ind:1 RMSE(val)=985.055562
[GA][Iter3] Gen:8 Ind:2 RMSE(val)=985.055562
[GA][Iter3] Gen:8 Ind:3 RMSE(val)=985.055562
[GA][Iter3] Gen:8 Ind:4 RMSE(val)=985.055562
[GA][Iter3] Gen:8 Ind:5 RMSE(val)=985.055562
[GA][Iter3] Gen:8 Ind:6 RMSE(val)=985.055562
[GA][Iter3] Gen:8 Ind:7 RMSE(val)=985.055562
[GA][Iter3] Gen:8 Ind:8 RMSE(val)=985.055562
[GA][Iter3] Gen:8 Ind:9 RMSE(val)=985.055562
[GA][Iter3] Gen:8 Ind:10 RMSE(val)=985.055562
[GA][Iter3] Gen:8 Ind:11 RMSE(val)=985.055562
[GA][Iter3] Gen:8 Ind:12 RMSE(val)=985.055562
[GA][Iter3] Gen:8 Ind:13 RMSE(val)=985.055562
[GA][Iter3] Gen:8 Ind:14 RMSE(val)=985.055562
[GA][Iter3] Gen:8 Ind:15 RMSE(val)=985.055562
[GA][Iter3] Gen:8 Ind:16 RMSE(val)=985.055562
[GA][Iter3] Gen:8 Ind:17 RMSE(val)=985.055562
[GA][Iter3] Gen:8 Ind:18 RMSE(val)=985.055562
[GA][Iter3] Gen:8 Ind:19 RMSE(val)=985.055562
[GA][Iter3] Gen:8 Ind:20 RMSE(val)=985.055562
[GA][Iter3] gen=8 best_val_rmse=985.055562
[GA][Iter3] Gen:9 Ind:1 RMSE(val)=985.055562
[GA][Iter3] Gen:9 Ind:2 RMSE(val)=985.055562
[GA][Iter3] Gen:9 Ind:3 RMSE(val)=985.055562
[GA][Iter3] Gen:9 Ind:4 RMSE(val)=985.055562
[GA][Iter3] Gen:9 Ind:5 RMSE(val)=985.055562
[GA][Iter3] Gen:9 Ind:6 RMSE(val)=985.055562
[GA][Iter3] Gen:9 Ind:7 RMSE(val)=985.055562
[GA][Iter3] Gen:9 Ind:8 RMSE(val)=985.055562
[GA][Iter3] Gen:9 Ind:9 RMSE(val)=985.055562
[GA][Iter3] Gen:9 Ind:10 RMSE(val)=985.055562
[GA][Iter3] Gen:9 Ind:11 RMSE(val)=985.055562
[GA][Iter3] Gen:9 Ind:12 RMSE(val)=985.055562
[GA][Iter3] Gen:9 Ind:13 RMSE(val)=1211.543096
[GA][Iter3] Gen:9 Ind:14 RMSE(val)=985.808178
[GA][Iter3] Gen:9 Ind:15 RMSE(val)=985.055562
[GA][Iter3] Gen:9 Ind:16 RMSE(val)=1288.619574
[GA][Iter3] Gen:9 Ind:17 RMSE(val)=1288.619574
[GA][Iter3] Gen:9 Ind:18 RMSE(val)=992.765773
[GA][Iter3] Gen:9 Ind:19 RMSE(val)=985.055562
[GA][Iter3] Gen:9 Ind:20 RMSE(val)=985.055562
[GA][Iter3] gen=9 best_val_rmse=985.055562
[GA][Iter3] Gen:10 Ind:1 RMSE(val)=985.055562
[GA][Iter3] Gen:10 Ind:2 RMSE(val)=985.055562
[GA][Iter3] Gen:10 Ind:3 RMSE(val)=985.055562
[GA][Iter3] Gen:10 Ind:4 RMSE(val)=985.055562
[GA][Iter3] Gen:10 Ind:5 RMSE(val)=985.055562
[GA][Iter3] Gen:10 Ind:6 RMSE(val)=985.055562
[GA][Iter3] Gen:10 Ind:7 RMSE(val)=985.055562
[GA][Iter3] Gen:10 Ind:8 RMSE(val)=985.055562
[GA][Iter3] Gen:10 Ind:9 RMSE(val)=985.055562
[GA][Iter3] Gen:10 Ind:10 RMSE(val)=985.055562
[GA][Iter3] Gen:10 Ind:11 RMSE(val)=985.055562
[GA][Iter3] Gen:10 Ind:12 RMSE(val)=985.055562
[GA][Iter3] Gen:10 Ind:13 RMSE(val)=985.055562
[GA][Iter3] Gen:10 Ind:14 RMSE(val)=985.055562
[GA][Iter3] Gen:10 Ind:15 RMSE(val)=985.055562
[GA][Iter3] Gen:10 Ind:16 RMSE(val)=985.055562
[GA][Iter3] Gen:10 Ind:17 RMSE(val)=985.055562
[GA][Iter3] Gen:10 Ind:18 RMSE(val)=1288.619574
[GA][Iter3] Gen:10 Ind:19 RMSE(val)=985.055562
[GA][Iter3] Gen:10 Ind:20 RMSE(val)=985.055562
[GA][Iter3] gen=10 best_val_rmse=985.055562
[GA][Iter3] Gen:11 Ind:1 RMSE(val)=985.055562
[GA][Iter3] Gen:11 Ind:2 RMSE(val)=985.055562
[GA][Iter3] Gen:11 Ind:3 RMSE(val)=985.055562
[GA][Iter3] Gen:11 Ind:4 RMSE(val)=985.055562
[GA][Iter3] Gen:11 Ind:5 RMSE(val)=985.055562
[GA][Iter3] Gen:11 Ind:6 RMSE(val)=985.055562
[GA][Iter3] Gen:11 Ind:7 RMSE(val)=985.055562
[GA][Iter3] Gen:11 Ind:8 RMSE(val)=985.055562
[GA][Iter3] Gen:11 Ind:9 RMSE(val)=985.055562
[GA][Iter3] Gen:11 Ind:10 RMSE(val)=985.055562
[GA][Iter3] Gen:11 Ind:11 RMSE(val)=985.055562
[GA][Iter3] Gen:11 Ind:12 RMSE(val)=985.055562
[GA][Iter3] Gen:11 Ind:13 RMSE(val)=985.055562
[GA][Iter3] Gen:11 Ind:14 RMSE(val)=985.055562
[GA][Iter3] Gen:11 Ind:15 RMSE(val)=985.055562
[GA][Iter3] Gen:11 Ind:16 RMSE(val)=985.055562
[GA][Iter3] Gen:11 Ind:17 RMSE(val)=985.055562
[GA][Iter3] Gen:11 Ind:18 RMSE(val)=985.055562
[GA][Iter3] Gen:11 Ind:19 RMSE(val)=985.055562
[GA][Iter3] Gen:11 Ind:20 RMSE(val)=985.055562
[GA][Iter3] gen=11 best_val_rmse=985.055562
[GA][Iter3] Gen:12 Ind:1 RMSE(val)=985.055562
[GA][Iter3] Gen:12 Ind:2 RMSE(val)=985.055562
[GA][Iter3] Gen:12 Ind:3 RMSE(val)=985.055562
[GA][Iter3] Gen:12 Ind:4 RMSE(val)=985.055562
[GA][Iter3] Gen:12 Ind:5 RMSE(val)=985.055562
[GA][Iter3] Gen:12 Ind:6 RMSE(val)=985.055562
[GA][Iter3] Gen:12 Ind:7 RMSE(val)=985.055562
[GA][Iter3] Gen:12 Ind:8 RMSE(val)=985.055562
[GA][Iter3] Gen:12 Ind:9 RMSE(val)=985.055562
[GA][Iter3] Gen:12 Ind:10 RMSE(val)=985.055562
[GA][Iter3] Gen:12 Ind:11 RMSE(val)=985.055562
[GA][Iter3] Gen:12 Ind:12 RMSE(val)=985.055562
[GA][Iter3] Gen:12 Ind:13 RMSE(val)=985.055562
[GA][Iter3] Gen:12 Ind:14 RMSE(val)=1211.543096
[GA][Iter3] Gen:12 Ind:15 RMSE(val)=985.055562
[GA][Iter3] Gen:12 Ind:16 RMSE(val)=985.055562
[GA][Iter3] Gen:12 Ind:17 RMSE(val)=985.055562
[GA][Iter3] Gen:12 Ind:18 RMSE(val)=985.055562
[GA][Iter3] Gen:12 Ind:19 RMSE(val)=983.299574
[GA][Iter3] Gen:12 Ind:20 RMSE(val)=985.055562
[GA][Iter3] gen=12 best_val_rmse=983.299574
[GA][Iter3] Gen:13 Ind:1 RMSE(val)=983.299574
[GA][Iter3] Gen:13 Ind:2 RMSE(val)=985.055562
[GA][Iter3] Gen:13 Ind:3 RMSE(val)=985.055562
[GA][Iter3] Gen:13 Ind:4 RMSE(val)=985.055562
[GA][Iter3] Gen:13 Ind:5 RMSE(val)=985.055562
[GA][Iter3] Gen:13 Ind:6 RMSE(val)=985.055562
[GA][Iter3] Gen:13 Ind:7 RMSE(val)=985.055562
[GA][Iter3] Gen:13 Ind:8 RMSE(val)=985.055562
[GA][Iter3] Gen:13 Ind:9 RMSE(val)=985.055562
[GA][Iter3] Gen:13 Ind:10 RMSE(val)=985.055562
[GA][Iter3] Gen:13 Ind:11 RMSE(val)=985.055562
[GA][Iter3] Gen:13 Ind:12 RMSE(val)=985.055562
[GA][Iter3] Gen:13 Ind:13 RMSE(val)=985.055562
[GA][Iter3] Gen:13 Ind:14 RMSE(val)=983.299574
[GA][Iter3] Gen:13 Ind:15 RMSE(val)=983.299574
[GA][Iter3] Gen:13 Ind:16 RMSE(val)=985.055562
[GA][Iter3] Gen:13 Ind:17 RMSE(val)=985.055562
[GA][Iter3] Gen:13 Ind:18 RMSE(val)=1211.543096
[GA][Iter3] Gen:13 Ind:19 RMSE(val)=985.055562
[GA][Iter3] Gen:13 Ind:20 RMSE(val)=985.055562
[GA][Iter3] gen=13 best_val_rmse=983.299574
[GA][Iter3] Gen:14 Ind:1 RMSE(val)=983.299574
[GA][Iter3] Gen:14 Ind:2 RMSE(val)=983.299574
[GA][Iter3] Gen:14 Ind:3 RMSE(val)=983.299574
[GA][Iter3] Gen:14 Ind:4 RMSE(val)=985.055562
[GA][Iter3] Gen:14 Ind:5 RMSE(val)=985.055562
[GA][Iter3] Gen:14 Ind:6 RMSE(val)=985.055562
[GA][Iter3] Gen:14 Ind:7 RMSE(val)=985.055562
[GA][Iter3] Gen:14 Ind:8 RMSE(val)=985.055562
[GA][Iter3] Gen:14 Ind:9 RMSE(val)=985.055562
[GA][Iter3] Gen:14 Ind:10 RMSE(val)=985.055562
[GA][Iter3] Gen:14 Ind:11 RMSE(val)=985.055562
[GA][Iter3] Gen:14 Ind:12 RMSE(val)=985.055562
[GA][Iter3] Gen:14 Ind:13 RMSE(val)=985.055562
[GA][Iter3] Gen:14 Ind:14 RMSE(val)=983.299574
[GA][Iter3] Gen:14 Ind:15 RMSE(val)=983.299574
[GA][Iter3] Gen:14 Ind:16 RMSE(val)=985.055562
[GA][Iter3] Gen:14 Ind:17 RMSE(val)=983.299574
[GA][Iter3] Gen:14 Ind:18 RMSE(val)=983.299574
[GA][Iter3] Gen:14 Ind:19 RMSE(val)=1050.186954
[GA][Iter3] Gen:14 Ind:20 RMSE(val)=983.299574
[GA][Iter3] gen=14 best_val_rmse=983.299574
[GA][Iter3] Gen:15 Ind:1 RMSE(val)=983.299574
[GA][Iter3] Gen:15 Ind:2 RMSE(val)=983.299574
[GA][Iter3] Gen:15 Ind:3 RMSE(val)=983.299574
[GA][Iter3] Gen:15 Ind:4 RMSE(val)=983.299574
[GA][Iter3] Gen:15 Ind:5 RMSE(val)=983.299574
[GA][Iter3] Gen:15 Ind:6 RMSE(val)=983.299574
[GA][Iter3] Gen:15 Ind:7 RMSE(val)=983.299574
[GA][Iter3] Gen:15 Ind:8 RMSE(val)=983.299574
[GA][Iter3] Gen:15 Ind:9 RMSE(val)=985.055562
[GA][Iter3] Gen:15 Ind:10 RMSE(val)=985.055562
[GA][Iter3] Gen:15 Ind:11 RMSE(val)=983.299574
[GA][Iter3] Gen:15 Ind:12 RMSE(val)=983.299574
[GA][Iter3] Gen:15 Ind:13 RMSE(val)=983.299574
[GA][Iter3] Gen:15 Ind:14 RMSE(val)=983.299574
[GA][Iter3] Gen:15 Ind:15 RMSE(val)=983.299574
[GA][Iter3] Gen:15 Ind:16 RMSE(val)=985.055562
[GA][Iter3] Gen:15 Ind:17 RMSE(val)=985.055562
[GA][Iter3] Gen:15 Ind:18 RMSE(val)=983.299574
[GA][Iter3] Gen:15 Ind:19 RMSE(val)=983.299574
[GA][Iter3] Gen:15 Ind:20 RMSE(val)=983.299574
[GA][Iter3] gen=15 best_val_rmse=983.299574
[GA][Iter3] Gen:15 Ind:1 RMSE(val)=983.299574
[GA][Iter3] Gen:15 Ind:2 RMSE(val)=983.299574
[GA][Iter3] Gen:15 Ind:3 RMSE(val)=983.299574
[GA][Iter3] Gen:15 Ind:4 RMSE(val)=983.299574
[GA][Iter3] Gen:15 Ind:5 RMSE(val)=983.299574
[GA][Iter3] Gen:15 Ind:6 RMSE(val)=983.299574
[GA][Iter3] Gen:15 Ind:7 RMSE(val)=983.299574
[GA][Iter3] Gen:15 Ind:8 RMSE(val)=983.299574
[GA][Iter3] Gen:15 Ind:9 RMSE(val)=983.299574
[GA][Iter3] Gen:15 Ind:10 RMSE(val)=983.299574
[GA][Iter3] Gen:15 Ind:11 RMSE(val)=1108.919394
[GA][Iter3] Gen:15 Ind:12 RMSE(val)=983.299574
[GA][Iter3] Gen:15 Ind:13 RMSE(val)=983.299574
[GA][Iter3] Gen:15 Ind:14 RMSE(val)=983.299574
[GA][Iter3] Gen:15 Ind:15 RMSE(val)=983.299574
[GA][Iter3] Gen:15 Ind:16 RMSE(val)=983.299574
[GA][Iter3] Gen:15 Ind:17 RMSE(val)=983.299574
[GA][Iter3] Gen:15 Ind:18 RMSE(val)=983.299574
[GA][Iter3] Gen:15 Ind:19 RMSE(val)=983.299574
[GA][Iter3] Gen:15 Ind:20 RMSE(val)=988.446337

[GA DONE][Iter3] Best params on val fold of Iter3
Best val RMSE: 983.299574
Best params: {'max_depth': 36, 'min_samples_split': 20, 'min_samples_leaf': 27, 'max_features': None, 'splitter': 'best', 'criterion': 'absolute_error'}
--------------------------------------------------------------------------------
[RETUNE GA] Iter3: train folds 1..7 -> test fold 8  RMSE=777.812565  NRMSE=0.706300  CVRMSE=0.401872  R2=0.498942
[GA][Iter4] Gen:1 Ind:1 RMSE(val)=1064.477017
[GA][Iter4] Gen:1 Ind:2 RMSE(val)=778.967813
[GA][Iter4] Gen:1 Ind:3 RMSE(val)=1022.233318
[GA][Iter4] Gen:1 Ind:4 RMSE(val)=1091.214134
[GA][Iter4] Gen:1 Ind:5 RMSE(val)=981.135106
[GA][Iter4] Gen:1 Ind:6 RMSE(val)=777.790790
[GA][Iter4] Gen:1 Ind:7 RMSE(val)=820.895060
[GA][Iter4] Gen:1 Ind:8 RMSE(val)=826.348758
[GA][Iter4] Gen:1 Ind:9 RMSE(val)=886.311958
[GA][Iter4] Gen:1 Ind:10 RMSE(val)=1133.980349
[GA][Iter4] Gen:1 Ind:11 RMSE(val)=852.976898
[GA][Iter4] Gen:1 Ind:12 RMSE(val)=879.351166
[GA][Iter4] Gen:1 Ind:13 RMSE(val)=1065.976368
[GA][Iter4] Gen:1 Ind:14 RMSE(val)=820.711214
[GA][Iter4] Gen:1 Ind:15 RMSE(val)=1130.894128
[GA][Iter4] Gen:1 Ind:16 RMSE(val)=914.830277
[GA][Iter4] Gen:1 Ind:17 RMSE(val)=1020.772643
[GA][Iter4] Gen:1 Ind:18 RMSE(val)=930.010907
[GA][Iter4] Gen:1 Ind:19 RMSE(val)=962.429386
[GA][Iter4] Gen:1 Ind:20 RMSE(val)=1007.076993
[GA][Iter4] gen=1 best_val_rmse=777.790790
[GA][Iter4] Gen:2 Ind:1 RMSE(val)=777.790790
[GA][Iter4] Gen:2 Ind:2 RMSE(val)=778.967813
[GA][Iter4] Gen:2 Ind:3 RMSE(val)=820.711214
[GA][Iter4] Gen:2 Ind:4 RMSE(val)=820.895060
[GA][Iter4] Gen:2 Ind:5 RMSE(val)=826.348758
[GA][Iter4] Gen:2 Ind:6 RMSE(val)=852.976898
[GA][Iter4] Gen:2 Ind:7 RMSE(val)=879.351166
[GA][Iter4] Gen:2 Ind:8 RMSE(val)=886.311958
[GA][Iter4] Gen:2 Ind:9 RMSE(val)=914.830277
[GA][Iter4] Gen:2 Ind:10 RMSE(val)=930.010907
[GA][Iter4] Gen:2 Ind:11 RMSE(val)=992.257005
[GA][Iter4] Gen:2 Ind:12 RMSE(val)=778.967813
[GA][Iter4] Gen:2 Ind:13 RMSE(val)=1103.423502
[GA][Iter4] Gen:2 Ind:14 RMSE(val)=784.411334
[GA][Iter4] Gen:2 Ind:15 RMSE(val)=778.967813
[GA][Iter4] Gen:2 Ind:16 RMSE(val)=919.245709
[GA][Iter4] Gen:2 Ind:17 RMSE(val)=886.311958
[GA][Iter4] Gen:2 Ind:18 RMSE(val)=850.578704
[GA][Iter4] Gen:2 Ind:19 RMSE(val)=777.790790
[GA][Iter4] Gen:2 Ind:20 RMSE(val)=777.790790
[GA][Iter4] gen=2 best_val_rmse=777.790790
[GA][Iter4] Gen:3 Ind:1 RMSE(val)=777.790790
[GA][Iter4] Gen:3 Ind:2 RMSE(val)=777.790790
[GA][Iter4] Gen:3 Ind:3 RMSE(val)=777.790790
[GA][Iter4] Gen:3 Ind:4 RMSE(val)=778.967813
[GA][Iter4] Gen:3 Ind:5 RMSE(val)=778.967813
[GA][Iter4] Gen:3 Ind:6 RMSE(val)=778.967813
[GA][Iter4] Gen:3 Ind:7 RMSE(val)=784.411334
[GA][Iter4] Gen:3 Ind:8 RMSE(val)=820.711214
[GA][Iter4] Gen:3 Ind:9 RMSE(val)=820.895060
[GA][Iter4] Gen:3 Ind:10 RMSE(val)=826.348758
[GA][Iter4] Gen:3 Ind:11 RMSE(val)=826.348758
[GA][Iter4] Gen:3 Ind:12 RMSE(val)=777.790790
[GA][Iter4] Gen:3 Ind:13 RMSE(val)=831.721323
[GA][Iter4] Gen:3 Ind:14 RMSE(val)=777.790790
[GA][Iter4] Gen:3 Ind:15 RMSE(val)=784.411334
[GA][Iter4] Gen:3 Ind:16 RMSE(val)=930.793186
[GA][Iter4] Gen:3 Ind:17 RMSE(val)=777.790790
[GA][Iter4] Gen:3 Ind:18 RMSE(val)=770.294897
[GA][Iter4] Gen:3 Ind:19 RMSE(val)=778.967813
[GA][Iter4] Gen:3 Ind:20 RMSE(val)=873.159821
[GA][Iter4] gen=3 best_val_rmse=770.294897
[GA][Iter4] Gen:4 Ind:1 RMSE(val)=770.294897
[GA][Iter4] Gen:4 Ind:2 RMSE(val)=777.790790
[GA][Iter4] Gen:4 Ind:3 RMSE(val)=777.790790
[GA][Iter4] Gen:4 Ind:4 RMSE(val)=777.790790
[GA][Iter4] Gen:4 Ind:5 RMSE(val)=777.790790
[GA][Iter4] Gen:4 Ind:6 RMSE(val)=777.790790
[GA][Iter4] Gen:4 Ind:7 RMSE(val)=777.790790
[GA][Iter4] Gen:4 Ind:8 RMSE(val)=778.967813
[GA][Iter4] Gen:4 Ind:9 RMSE(val)=778.967813
[GA][Iter4] Gen:4 Ind:10 RMSE(val)=778.967813
[GA][Iter4] Gen:4 Ind:11 RMSE(val)=778.967813
[GA][Iter4] Gen:4 Ind:12 RMSE(val)=777.790790
[GA][Iter4] Gen:4 Ind:13 RMSE(val)=987.791008
[GA][Iter4] Gen:4 Ind:14 RMSE(val)=778.967813
[GA][Iter4] Gen:4 Ind:15 RMSE(val)=777.790790
[GA][Iter4] Gen:4 Ind:16 RMSE(val)=778.967813
[GA][Iter4] Gen:4 Ind:17 RMSE(val)=777.790790
[GA][Iter4] Gen:4 Ind:18 RMSE(val)=777.790790
[GA][Iter4] Gen:4 Ind:19 RMSE(val)=777.790790
[GA][Iter4] Gen:4 Ind:20 RMSE(val)=778.967813
[GA][Iter4] gen=4 best_val_rmse=770.294897
[GA][Iter4] Gen:5 Ind:1 RMSE(val)=770.294897
[GA][Iter4] Gen:5 Ind:2 RMSE(val)=777.790790
[GA][Iter4] Gen:5 Ind:3 RMSE(val)=777.790790
[GA][Iter4] Gen:5 Ind:4 RMSE(val)=777.790790
[GA][Iter4] Gen:5 Ind:5 RMSE(val)=777.790790
[GA][Iter4] Gen:5 Ind:6 RMSE(val)=777.790790
[GA][Iter4] Gen:5 Ind:7 RMSE(val)=777.790790
[GA][Iter4] Gen:5 Ind:8 RMSE(val)=777.790790
[GA][Iter4] Gen:5 Ind:9 RMSE(val)=777.790790
[GA][Iter4] Gen:5 Ind:10 RMSE(val)=777.790790
[GA][Iter4] Gen:5 Ind:11 RMSE(val)=770.294897
[GA][Iter4] Gen:5 Ind:12 RMSE(val)=777.790790
[GA][Iter4] Gen:5 Ind:13 RMSE(val)=777.790790
[GA][Iter4] Gen:5 Ind:14 RMSE(val)=777.790790
[GA][Iter4] Gen:5 Ind:15 RMSE(val)=1114.550507
[GA][Iter4] Gen:5 Ind:16 RMSE(val)=777.790790
[GA][Iter4] Gen:5 Ind:17 RMSE(val)=1086.291960
[GA][Iter4] Gen:5 Ind:18 RMSE(val)=777.790790
[GA][Iter4] Gen:5 Ind:19 RMSE(val)=777.790790
[GA][Iter4] Gen:5 Ind:20 RMSE(val)=777.790790
[GA][Iter4] gen=5 best_val_rmse=770.294897
[GA][Iter4] Gen:6 Ind:1 RMSE(val)=770.294897
[GA][Iter4] Gen:6 Ind:2 RMSE(val)=770.294897
[GA][Iter4] Gen:6 Ind:3 RMSE(val)=777.790790
[GA][Iter4] Gen:6 Ind:4 RMSE(val)=777.790790
[GA][Iter4] Gen:6 Ind:5 RMSE(val)=777.790790
[GA][Iter4] Gen:6 Ind:6 RMSE(val)=777.790790
[GA][Iter4] Gen:6 Ind:7 RMSE(val)=777.790790
[GA][Iter4] Gen:6 Ind:8 RMSE(val)=777.790790
[GA][Iter4] Gen:6 Ind:9 RMSE(val)=777.790790
[GA][Iter4] Gen:6 Ind:10 RMSE(val)=777.790790
[GA][Iter4] Gen:6 Ind:11 RMSE(val)=829.711042
[GA][Iter4] Gen:6 Ind:12 RMSE(val)=777.790790
[GA][Iter4] Gen:6 Ind:13 RMSE(val)=777.790790
[GA][Iter4] Gen:6 Ind:14 RMSE(val)=777.790790
[GA][Iter4] Gen:6 Ind:15 RMSE(val)=777.790790
[GA][Iter4] Gen:6 Ind:16 RMSE(val)=777.790790
[GA][Iter4] Gen:6 Ind:17 RMSE(val)=777.790790
[GA][Iter4] Gen:6 Ind:18 RMSE(val)=770.294897
[GA][Iter4] Gen:6 Ind:19 RMSE(val)=777.790790
[GA][Iter4] Gen:6 Ind:20 RMSE(val)=770.294897
[GA][Iter4] gen=6 best_val_rmse=770.294897
[GA][Iter4] Gen:7 Ind:1 RMSE(val)=770.294897
[GA][Iter4] Gen:7 Ind:2 RMSE(val)=770.294897
[GA][Iter4] Gen:7 Ind:3 RMSE(val)=770.294897
[GA][Iter4] Gen:7 Ind:4 RMSE(val)=770.294897
[GA][Iter4] Gen:7 Ind:5 RMSE(val)=777.790790
[GA][Iter4] Gen:7 Ind:6 RMSE(val)=777.790790
[GA][Iter4] Gen:7 Ind:7 RMSE(val)=777.790790
[GA][Iter4] Gen:7 Ind:8 RMSE(val)=777.790790
[GA][Iter4] Gen:7 Ind:9 RMSE(val)=777.790790
[GA][Iter4] Gen:7 Ind:10 RMSE(val)=777.790790
[GA][Iter4] Gen:7 Ind:11 RMSE(val)=770.294897
[GA][Iter4] Gen:7 Ind:12 RMSE(val)=770.294897
[GA][Iter4] Gen:7 Ind:13 RMSE(val)=770.294897
[GA][Iter4] Gen:7 Ind:14 RMSE(val)=770.294897
[GA][Iter4] Gen:7 Ind:15 RMSE(val)=770.294897
[GA][Iter4] Gen:7 Ind:16 RMSE(val)=777.790790
[GA][Iter4] Gen:7 Ind:17 RMSE(val)=777.790790
[GA][Iter4] Gen:7 Ind:18 RMSE(val)=777.790790
[GA][Iter4] Gen:7 Ind:19 RMSE(val)=777.790790
[GA][Iter4] Gen:7 Ind:20 RMSE(val)=777.790790
[GA][Iter4] gen=7 best_val_rmse=770.294897
[GA][Iter4] Gen:8 Ind:1 RMSE(val)=770.294897
[GA][Iter4] Gen:8 Ind:2 RMSE(val)=770.294897
[GA][Iter4] Gen:8 Ind:3 RMSE(val)=770.294897
[GA][Iter4] Gen:8 Ind:4 RMSE(val)=770.294897
[GA][Iter4] Gen:8 Ind:5 RMSE(val)=770.294897
[GA][Iter4] Gen:8 Ind:6 RMSE(val)=770.294897
[GA][Iter4] Gen:8 Ind:7 RMSE(val)=770.294897
[GA][Iter4] Gen:8 Ind:8 RMSE(val)=770.294897
[GA][Iter4] Gen:8 Ind:9 RMSE(val)=770.294897
[GA][Iter4] Gen:8 Ind:10 RMSE(val)=777.790790
[GA][Iter4] Gen:8 Ind:11 RMSE(val)=770.294897
[GA][Iter4] Gen:8 Ind:12 RMSE(val)=777.790790
[GA][Iter4] Gen:8 Ind:13 RMSE(val)=770.294897
[GA][Iter4] Gen:8 Ind:14 RMSE(val)=770.294897
[GA][Iter4] Gen:8 Ind:15 RMSE(val)=770.294897
[GA][Iter4] Gen:8 Ind:16 RMSE(val)=770.294897
[GA][Iter4] Gen:8 Ind:17 RMSE(val)=770.294897
[GA][Iter4] Gen:8 Ind:18 RMSE(val)=770.294897
[GA][Iter4] Gen:8 Ind:19 RMSE(val)=770.294897
[GA][Iter4] Gen:8 Ind:20 RMSE(val)=770.294897
[GA][Iter4] gen=8 best_val_rmse=770.294897
[GA][Iter4] Gen:9 Ind:1 RMSE(val)=770.294897
[GA][Iter4] Gen:9 Ind:2 RMSE(val)=770.294897
[GA][Iter4] Gen:9 Ind:3 RMSE(val)=770.294897
[GA][Iter4] Gen:9 Ind:4 RMSE(val)=770.294897
[GA][Iter4] Gen:9 Ind:5 RMSE(val)=770.294897
[GA][Iter4] Gen:9 Ind:6 RMSE(val)=770.294897
[GA][Iter4] Gen:9 Ind:7 RMSE(val)=770.294897
[GA][Iter4] Gen:9 Ind:8 RMSE(val)=770.294897
[GA][Iter4] Gen:9 Ind:9 RMSE(val)=770.294897
[GA][Iter4] Gen:9 Ind:10 RMSE(val)=770.294897
[GA][Iter4] Gen:9 Ind:11 RMSE(val)=770.294897
[GA][Iter4] Gen:9 Ind:12 RMSE(val)=770.294897
[GA][Iter4] Gen:9 Ind:13 RMSE(val)=987.791008
[GA][Iter4] Gen:9 Ind:14 RMSE(val)=762.846530
[GA][Iter4] Gen:9 Ind:15 RMSE(val)=770.294897
[GA][Iter4] Gen:9 Ind:16 RMSE(val)=1054.965766
[GA][Iter4] Gen:9 Ind:17 RMSE(val)=996.572350
[GA][Iter4] Gen:9 Ind:18 RMSE(val)=897.552040
[GA][Iter4] Gen:9 Ind:19 RMSE(val)=770.294897
[GA][Iter4] Gen:9 Ind:20 RMSE(val)=770.294897
[GA][Iter4] gen=9 best_val_rmse=762.846530
[GA][Iter4] Gen:10 Ind:1 RMSE(val)=762.846530
[GA][Iter4] Gen:10 Ind:2 RMSE(val)=770.294897
[GA][Iter4] Gen:10 Ind:3 RMSE(val)=770.294897
[GA][Iter4] Gen:10 Ind:4 RMSE(val)=770.294897
[GA][Iter4] Gen:10 Ind:5 RMSE(val)=770.294897
[GA][Iter4] Gen:10 Ind:6 RMSE(val)=770.294897
[GA][Iter4] Gen:10 Ind:7 RMSE(val)=770.294897
[GA][Iter4] Gen:10 Ind:8 RMSE(val)=770.294897
[GA][Iter4] Gen:10 Ind:9 RMSE(val)=770.294897
[GA][Iter4] Gen:10 Ind:10 RMSE(val)=770.294897
[GA][Iter4] Gen:10 Ind:11 RMSE(val)=770.294897
[GA][Iter4] Gen:10 Ind:12 RMSE(val)=770.294897
[GA][Iter4] Gen:10 Ind:13 RMSE(val)=770.294897
[GA][Iter4] Gen:10 Ind:14 RMSE(val)=762.846530
[GA][Iter4] Gen:10 Ind:15 RMSE(val)=770.294897
[GA][Iter4] Gen:10 Ind:16 RMSE(val)=770.294897
[GA][Iter4] Gen:10 Ind:17 RMSE(val)=770.294897
[GA][Iter4] Gen:10 Ind:18 RMSE(val)=1054.965766
[GA][Iter4] Gen:10 Ind:19 RMSE(val)=770.294897
[GA][Iter4] Gen:10 Ind:20 RMSE(val)=770.294897
[GA][Iter4] gen=10 best_val_rmse=762.846530
[GA][Iter4] Gen:11 Ind:1 RMSE(val)=762.846530
[GA][Iter4] Gen:11 Ind:2 RMSE(val)=762.846530
[GA][Iter4] Gen:11 Ind:3 RMSE(val)=770.294897
[GA][Iter4] Gen:11 Ind:4 RMSE(val)=770.294897
[GA][Iter4] Gen:11 Ind:5 RMSE(val)=770.294897
[GA][Iter4] Gen:11 Ind:6 RMSE(val)=770.294897
[GA][Iter4] Gen:11 Ind:7 RMSE(val)=770.294897
[GA][Iter4] Gen:11 Ind:8 RMSE(val)=770.294897
[GA][Iter4] Gen:11 Ind:9 RMSE(val)=770.294897
[GA][Iter4] Gen:11 Ind:10 RMSE(val)=770.294897
[GA][Iter4] Gen:11 Ind:11 RMSE(val)=770.294897
[GA][Iter4] Gen:11 Ind:12 RMSE(val)=762.846530
[GA][Iter4] Gen:11 Ind:13 RMSE(val)=770.294897
[GA][Iter4] Gen:11 Ind:14 RMSE(val)=770.294897
[GA][Iter4] Gen:11 Ind:15 RMSE(val)=770.294897
[GA][Iter4] Gen:11 Ind:16 RMSE(val)=770.294897
[GA][Iter4] Gen:11 Ind:17 RMSE(val)=770.294897
[GA][Iter4] Gen:11 Ind:18 RMSE(val)=762.846530
[GA][Iter4] Gen:11 Ind:19 RMSE(val)=770.294897
[GA][Iter4] Gen:11 Ind:20 RMSE(val)=770.294897
[GA][Iter4] gen=11 best_val_rmse=762.846530
[GA][Iter4] Gen:12 Ind:1 RMSE(val)=762.846530
[GA][Iter4] Gen:12 Ind:2 RMSE(val)=762.846530
[GA][Iter4] Gen:12 Ind:3 RMSE(val)=762.846530
[GA][Iter4] Gen:12 Ind:4 RMSE(val)=762.846530
[GA][Iter4] Gen:12 Ind:5 RMSE(val)=770.294897
[GA][Iter4] Gen:12 Ind:6 RMSE(val)=770.294897
[GA][Iter4] Gen:12 Ind:7 RMSE(val)=770.294897
[GA][Iter4] Gen:12 Ind:8 RMSE(val)=770.294897
[GA][Iter4] Gen:12 Ind:9 RMSE(val)=770.294897
[GA][Iter4] Gen:12 Ind:10 RMSE(val)=770.294897
[GA][Iter4] Gen:12 Ind:11 RMSE(val)=770.294897
[GA][Iter4] Gen:12 Ind:12 RMSE(val)=762.846530
[GA][Iter4] Gen:12 Ind:13 RMSE(val)=770.294897
[GA][Iter4] Gen:12 Ind:14 RMSE(val)=995.535820
[GA][Iter4] Gen:12 Ind:15 RMSE(val)=770.294897
[GA][Iter4] Gen:12 Ind:16 RMSE(val)=770.294897
[GA][Iter4] Gen:12 Ind:17 RMSE(val)=770.294897
[GA][Iter4] Gen:12 Ind:18 RMSE(val)=770.294897
[GA][Iter4] Gen:12 Ind:19 RMSE(val)=779.704293
[GA][Iter4] Gen:12 Ind:20 RMSE(val)=770.294897
[GA][Iter4] gen=12 best_val_rmse=762.846530
[GA][Iter4] Gen:13 Ind:1 RMSE(val)=762.846530
[GA][Iter4] Gen:13 Ind:2 RMSE(val)=762.846530
[GA][Iter4] Gen:13 Ind:3 RMSE(val)=762.846530
[GA][Iter4] Gen:13 Ind:4 RMSE(val)=762.846530
[GA][Iter4] Gen:13 Ind:5 RMSE(val)=762.846530
[GA][Iter4] Gen:13 Ind:6 RMSE(val)=770.294897
[GA][Iter4] Gen:13 Ind:7 RMSE(val)=770.294897
[GA][Iter4] Gen:13 Ind:8 RMSE(val)=770.294897
[GA][Iter4] Gen:13 Ind:9 RMSE(val)=770.294897
[GA][Iter4] Gen:13 Ind:10 RMSE(val)=770.294897
[GA][Iter4] Gen:13 Ind:11 RMSE(val)=770.294897
[GA][Iter4] Gen:13 Ind:12 RMSE(val)=770.294897
[GA][Iter4] Gen:13 Ind:13 RMSE(val)=762.846530
[GA][Iter4] Gen:13 Ind:14 RMSE(val)=762.846530
[GA][Iter4] Gen:13 Ind:15 RMSE(val)=762.846530
[GA][Iter4] Gen:13 Ind:16 RMSE(val)=770.294897
[GA][Iter4] Gen:13 Ind:17 RMSE(val)=762.846530
[GA][Iter4] Gen:13 Ind:18 RMSE(val)=995.535820
[GA][Iter4] Gen:13 Ind:19 RMSE(val)=770.294897
[GA][Iter4] Gen:13 Ind:20 RMSE(val)=770.294897
[GA][Iter4] gen=13 best_val_rmse=762.846530
[GA][Iter4] Gen:14 Ind:1 RMSE(val)=762.846530
[GA][Iter4] Gen:14 Ind:2 RMSE(val)=762.846530
[GA][Iter4] Gen:14 Ind:3 RMSE(val)=762.846530
[GA][Iter4] Gen:14 Ind:4 RMSE(val)=762.846530
[GA][Iter4] Gen:14 Ind:5 RMSE(val)=762.846530
[GA][Iter4] Gen:14 Ind:6 RMSE(val)=762.846530
[GA][Iter4] Gen:14 Ind:7 RMSE(val)=762.846530
[GA][Iter4] Gen:14 Ind:8 RMSE(val)=762.846530
[GA][Iter4] Gen:14 Ind:9 RMSE(val)=762.846530
[GA][Iter4] Gen:14 Ind:10 RMSE(val)=770.294897
[GA][Iter4] Gen:14 Ind:11 RMSE(val)=762.846530
[GA][Iter4] Gen:14 Ind:12 RMSE(val)=762.846530
[GA][Iter4] Gen:14 Ind:13 RMSE(val)=770.294897
[GA][Iter4] Gen:14 Ind:14 RMSE(val)=762.846530
[GA][Iter4] Gen:14 Ind:15 RMSE(val)=762.846530
[GA][Iter4] Gen:14 Ind:16 RMSE(val)=762.846530
[GA][Iter4] Gen:14 Ind:17 RMSE(val)=779.704293
[GA][Iter4] Gen:14 Ind:18 RMSE(val)=762.846530
[GA][Iter4] Gen:14 Ind:19 RMSE(val)=836.208926
[GA][Iter4] Gen:14 Ind:20 RMSE(val)=762.846530
[GA][Iter4] gen=14 best_val_rmse=762.846530
[GA][Iter4] Gen:15 Ind:1 RMSE(val)=762.846530
[GA][Iter4] Gen:15 Ind:2 RMSE(val)=762.846530
[GA][Iter4] Gen:15 Ind:3 RMSE(val)=762.846530
[GA][Iter4] Gen:15 Ind:4 RMSE(val)=762.846530
[GA][Iter4] Gen:15 Ind:5 RMSE(val)=762.846530
[GA][Iter4] Gen:15 Ind:6 RMSE(val)=762.846530
[GA][Iter4] Gen:15 Ind:7 RMSE(val)=762.846530
[GA][Iter4] Gen:15 Ind:8 RMSE(val)=762.846530
[GA][Iter4] Gen:15 Ind:9 RMSE(val)=762.846530
[GA][Iter4] Gen:15 Ind:10 RMSE(val)=762.846530
[GA][Iter4] Gen:15 Ind:11 RMSE(val)=762.846530
[GA][Iter4] Gen:15 Ind:12 RMSE(val)=762.846530
[GA][Iter4] Gen:15 Ind:13 RMSE(val)=762.846530
[GA][Iter4] Gen:15 Ind:14 RMSE(val)=762.846530
[GA][Iter4] Gen:15 Ind:15 RMSE(val)=762.846530
[GA][Iter4] Gen:15 Ind:16 RMSE(val)=762.846530
[GA][Iter4] Gen:15 Ind:17 RMSE(val)=762.846530
[GA][Iter4] Gen:15 Ind:18 RMSE(val)=762.846530
[GA][Iter4] Gen:15 Ind:19 RMSE(val)=762.846530
[GA][Iter4] Gen:15 Ind:20 RMSE(val)=762.846530
[GA][Iter4] gen=15 best_val_rmse=762.846530
[GA][Iter4] Gen:15 Ind:1 RMSE(val)=762.846530
[GA][Iter4] Gen:15 Ind:2 RMSE(val)=762.846530
[GA][Iter4] Gen:15 Ind:3 RMSE(val)=762.846530
[GA][Iter4] Gen:15 Ind:4 RMSE(val)=762.846530
[GA][Iter4] Gen:15 Ind:5 RMSE(val)=762.846530
[GA][Iter4] Gen:15 Ind:6 RMSE(val)=762.846530
[GA][Iter4] Gen:15 Ind:7 RMSE(val)=762.846530
[GA][Iter4] Gen:15 Ind:8 RMSE(val)=762.846530
[GA][Iter4] Gen:15 Ind:9 RMSE(val)=762.846530
[GA][Iter4] Gen:15 Ind:10 RMSE(val)=762.846530
[GA][Iter4] Gen:15 Ind:11 RMSE(val)=969.956181
[GA][Iter4] Gen:15 Ind:12 RMSE(val)=762.846530
[GA][Iter4] Gen:15 Ind:13 RMSE(val)=762.846530
[GA][Iter4] Gen:15 Ind:14 RMSE(val)=762.846530
[GA][Iter4] Gen:15 Ind:15 RMSE(val)=762.846530
[GA][Iter4] Gen:15 Ind:16 RMSE(val)=762.846530
[GA][Iter4] Gen:15 Ind:17 RMSE(val)=762.846530
[GA][Iter4] Gen:15 Ind:18 RMSE(val)=762.846530
[GA][Iter4] Gen:15 Ind:19 RMSE(val)=762.846530
[GA][Iter4] Gen:15 Ind:20 RMSE(val)=779.704293

[GA DONE][Iter4] Best params on val fold of Iter4
Best val RMSE: 762.846530
Best params: {'max_depth': 15, 'min_samples_split': 7, 'min_samples_leaf': 12, 'max_features': None, 'splitter': 'best', 'criterion': 'absolute_error'}
--------------------------------------------------------------------------------
[RETUNE GA] Iter4: train folds 1..8 -> test fold 9  RMSE=584.504291  NRMSE=0.558709  CVRMSE=0.293677  R2=0.686469
[GA][Iter5] Gen:1 Ind:1 RMSE(val)=987.667836
[GA][Iter5] Gen:1 Ind:2 RMSE(val)=641.570156
[GA][Iter5] Gen:1 Ind:3 RMSE(val)=924.309382
[GA][Iter5] Gen:1 Ind:4 RMSE(val)=956.505150
[GA][Iter5] Gen:1 Ind:5 RMSE(val)=965.927800
[GA][Iter5] Gen:1 Ind:6 RMSE(val)=625.476963
[GA][Iter5] Gen:1 Ind:7 RMSE(val)=672.069875
[GA][Iter5] Gen:1 Ind:8 RMSE(val)=657.467682
[GA][Iter5] Gen:1 Ind:9 RMSE(val)=764.014729
[GA][Iter5] Gen:1 Ind:10 RMSE(val)=1137.558087
[GA][Iter5] Gen:1 Ind:11 RMSE(val)=693.589270
[GA][Iter5] Gen:1 Ind:12 RMSE(val)=825.103458
[GA][Iter5] Gen:1 Ind:13 RMSE(val)=733.491593
[GA][Iter5] Gen:1 Ind:14 RMSE(val)=998.482498
[GA][Iter5] Gen:1 Ind:15 RMSE(val)=741.237394
[GA][Iter5] Gen:1 Ind:16 RMSE(val)=766.657391
[GA][Iter5] Gen:1 Ind:17 RMSE(val)=956.552449
[GA][Iter5] Gen:1 Ind:18 RMSE(val)=791.509312
[GA][Iter5] Gen:1 Ind:19 RMSE(val)=1084.745207
[GA][Iter5] Gen:1 Ind:20 RMSE(val)=878.092490
[GA][Iter5] gen=1 best_val_rmse=625.476963
[GA][Iter5] Gen:2 Ind:1 RMSE(val)=625.476963
[GA][Iter5] Gen:2 Ind:2 RMSE(val)=641.570156
[GA][Iter5] Gen:2 Ind:3 RMSE(val)=657.467682
[GA][Iter5] Gen:2 Ind:4 RMSE(val)=672.069875
[GA][Iter5] Gen:2 Ind:5 RMSE(val)=693.589270
[GA][Iter5] Gen:2 Ind:6 RMSE(val)=733.491593
[GA][Iter5] Gen:2 Ind:7 RMSE(val)=741.237394
[GA][Iter5] Gen:2 Ind:8 RMSE(val)=764.014729
[GA][Iter5] Gen:2 Ind:9 RMSE(val)=766.657391
[GA][Iter5] Gen:2 Ind:10 RMSE(val)=791.509312
[GA][Iter5] Gen:2 Ind:11 RMSE(val)=683.290805
[GA][Iter5] Gen:2 Ind:12 RMSE(val)=641.570156
[GA][Iter5] Gen:2 Ind:13 RMSE(val)=961.233200
[GA][Iter5] Gen:2 Ind:14 RMSE(val)=599.067903
[GA][Iter5] Gen:2 Ind:15 RMSE(val)=641.570156
[GA][Iter5] Gen:2 Ind:16 RMSE(val)=997.664914
[GA][Iter5] Gen:2 Ind:17 RMSE(val)=764.014729
[GA][Iter5] Gen:2 Ind:18 RMSE(val)=696.212757
[GA][Iter5] Gen:2 Ind:19 RMSE(val)=625.476963
[GA][Iter5] Gen:2 Ind:20 RMSE(val)=625.476963
[GA][Iter5] gen=2 best_val_rmse=599.067903
[GA][Iter5] Gen:3 Ind:1 RMSE(val)=599.067903
[GA][Iter5] Gen:3 Ind:2 RMSE(val)=625.476963
[GA][Iter5] Gen:3 Ind:3 RMSE(val)=625.476963
[GA][Iter5] Gen:3 Ind:4 RMSE(val)=625.476963
[GA][Iter5] Gen:3 Ind:5 RMSE(val)=641.570156
[GA][Iter5] Gen:3 Ind:6 RMSE(val)=641.570156
[GA][Iter5] Gen:3 Ind:7 RMSE(val)=641.570156
[GA][Iter5] Gen:3 Ind:8 RMSE(val)=657.467682
[GA][Iter5] Gen:3 Ind:9 RMSE(val)=672.069875
[GA][Iter5] Gen:3 Ind:10 RMSE(val)=683.290805
[GA][Iter5] Gen:3 Ind:11 RMSE(val)=683.290805
[GA][Iter5] Gen:3 Ind:12 RMSE(val)=625.476963
[GA][Iter5] Gen:3 Ind:13 RMSE(val)=764.014729
[GA][Iter5] Gen:3 Ind:14 RMSE(val)=599.067903
[GA][Iter5] Gen:3 Ind:15 RMSE(val)=641.570156
[GA][Iter5] Gen:3 Ind:16 RMSE(val)=1049.890472
[GA][Iter5] Gen:3 Ind:17 RMSE(val)=625.476963
[GA][Iter5] Gen:3 Ind:18 RMSE(val)=633.798304
[GA][Iter5] Gen:3 Ind:19 RMSE(val)=625.476963
[GA][Iter5] Gen:3 Ind:20 RMSE(val)=712.561260
[GA][Iter5] gen=3 best_val_rmse=599.067903
[GA][Iter5] Gen:4 Ind:1 RMSE(val)=599.067903
[GA][Iter5] Gen:4 Ind:2 RMSE(val)=599.067903
[GA][Iter5] Gen:4 Ind:3 RMSE(val)=625.476963
[GA][Iter5] Gen:4 Ind:4 RMSE(val)=625.476963
[GA][Iter5] Gen:4 Ind:5 RMSE(val)=625.476963
[GA][Iter5] Gen:4 Ind:6 RMSE(val)=625.476963
[GA][Iter5] Gen:4 Ind:7 RMSE(val)=625.476963
[GA][Iter5] Gen:4 Ind:8 RMSE(val)=625.476963
[GA][Iter5] Gen:4 Ind:9 RMSE(val)=633.798304
[GA][Iter5] Gen:4 Ind:10 RMSE(val)=641.570156
[GA][Iter5] Gen:4 Ind:11 RMSE(val)=641.219085
[GA][Iter5] Gen:4 Ind:12 RMSE(val)=625.476963
[GA][Iter5] Gen:4 Ind:13 RMSE(val)=812.710477
[GA][Iter5] Gen:4 Ind:14 RMSE(val)=633.550392
[GA][Iter5] Gen:4 Ind:15 RMSE(val)=625.476963
[GA][Iter5] Gen:4 Ind:16 RMSE(val)=633.798304
[GA][Iter5] Gen:4 Ind:17 RMSE(val)=625.476963
[GA][Iter5] Gen:4 Ind:18 RMSE(val)=625.476963
[GA][Iter5] Gen:4 Ind:19 RMSE(val)=625.476963
[GA][Iter5] Gen:4 Ind:20 RMSE(val)=633.550392
[GA][Iter5] gen=4 best_val_rmse=599.067903
[GA][Iter5] Gen:5 Ind:1 RMSE(val)=599.067903
[GA][Iter5] Gen:5 Ind:2 RMSE(val)=599.067903
[GA][Iter5] Gen:5 Ind:3 RMSE(val)=625.476963
[GA][Iter5] Gen:5 Ind:4 RMSE(val)=625.476963
[GA][Iter5] Gen:5 Ind:5 RMSE(val)=625.476963
[GA][Iter5] Gen:5 Ind:6 RMSE(val)=625.476963
[GA][Iter5] Gen:5 Ind:7 RMSE(val)=625.476963
[GA][Iter5] Gen:5 Ind:8 RMSE(val)=625.476963
[GA][Iter5] Gen:5 Ind:9 RMSE(val)=625.476963
[GA][Iter5] Gen:5 Ind:10 RMSE(val)=625.476963
[GA][Iter5] Gen:5 Ind:11 RMSE(val)=599.067903
[GA][Iter5] Gen:5 Ind:12 RMSE(val)=625.476963
[GA][Iter5] Gen:5 Ind:13 RMSE(val)=625.476963
[GA][Iter5] Gen:5 Ind:14 RMSE(val)=625.476963
[GA][Iter5] Gen:5 Ind:15 RMSE(val)=966.277430
[GA][Iter5] Gen:5 Ind:16 RMSE(val)=625.476963
[GA][Iter5] Gen:5 Ind:17 RMSE(val)=812.710477
[GA][Iter5] Gen:5 Ind:18 RMSE(val)=599.067903
[GA][Iter5] Gen:5 Ind:19 RMSE(val)=599.067903
[GA][Iter5] Gen:5 Ind:20 RMSE(val)=625.476963
[GA][Iter5] gen=5 best_val_rmse=599.067903
[GA][Iter5] Gen:6 Ind:1 RMSE(val)=599.067903
[GA][Iter5] Gen:6 Ind:2 RMSE(val)=599.067903
[GA][Iter5] Gen:6 Ind:3 RMSE(val)=599.067903
[GA][Iter5] Gen:6 Ind:4 RMSE(val)=599.067903
[GA][Iter5] Gen:6 Ind:5 RMSE(val)=599.067903
[GA][Iter5] Gen:6 Ind:6 RMSE(val)=625.476963
[GA][Iter5] Gen:6 Ind:7 RMSE(val)=625.476963
[GA][Iter5] Gen:6 Ind:8 RMSE(val)=625.476963
[GA][Iter5] Gen:6 Ind:9 RMSE(val)=625.476963
[GA][Iter5] Gen:6 Ind:10 RMSE(val)=625.476963
[GA][Iter5] Gen:6 Ind:11 RMSE(val)=640.805543
[GA][Iter5] Gen:6 Ind:12 RMSE(val)=625.476963
[GA][Iter5] Gen:6 Ind:13 RMSE(val)=625.476963
[GA][Iter5] Gen:6 Ind:14 RMSE(val)=625.476963
[GA][Iter5] Gen:6 Ind:15 RMSE(val)=599.067903
[GA][Iter5] Gen:6 Ind:16 RMSE(val)=599.067903
[GA][Iter5] Gen:6 Ind:17 RMSE(val)=625.476963
[GA][Iter5] Gen:6 Ind:18 RMSE(val)=599.067903
[GA][Iter5] Gen:6 Ind:19 RMSE(val)=599.067903
[GA][Iter5] Gen:6 Ind:20 RMSE(val)=600.119130
[GA][Iter5] gen=6 best_val_rmse=599.067903
[GA][Iter5] Gen:7 Ind:1 RMSE(val)=599.067903
[GA][Iter5] Gen:7 Ind:2 RMSE(val)=599.067903
[GA][Iter5] Gen:7 Ind:3 RMSE(val)=599.067903
[GA][Iter5] Gen:7 Ind:4 RMSE(val)=599.067903
[GA][Iter5] Gen:7 Ind:5 RMSE(val)=599.067903
[GA][Iter5] Gen:7 Ind:6 RMSE(val)=599.067903
[GA][Iter5] Gen:7 Ind:7 RMSE(val)=599.067903
[GA][Iter5] Gen:7 Ind:8 RMSE(val)=599.067903
[GA][Iter5] Gen:7 Ind:9 RMSE(val)=599.067903
[GA][Iter5] Gen:7 Ind:10 RMSE(val)=600.119130
[GA][Iter5] Gen:7 Ind:11 RMSE(val)=599.067903
[GA][Iter5] Gen:7 Ind:12 RMSE(val)=599.067903
[GA][Iter5] Gen:7 Ind:13 RMSE(val)=599.067903
[GA][Iter5] Gen:7 Ind:14 RMSE(val)=599.067903
[GA][Iter5] Gen:7 Ind:15 RMSE(val)=599.067903
[GA][Iter5] Gen:7 Ind:16 RMSE(val)=599.067903
[GA][Iter5] Gen:7 Ind:17 RMSE(val)=599.067903
[GA][Iter5] Gen:7 Ind:18 RMSE(val)=599.067903
[GA][Iter5] Gen:7 Ind:19 RMSE(val)=600.119130
[GA][Iter5] Gen:7 Ind:20 RMSE(val)=599.067903
[GA][Iter5] gen=7 best_val_rmse=599.067903
[GA][Iter5] Gen:8 Ind:1 RMSE(val)=599.067903
[GA][Iter5] Gen:8 Ind:2 RMSE(val)=599.067903
[GA][Iter5] Gen:8 Ind:3 RMSE(val)=599.067903
[GA][Iter5] Gen:8 Ind:4 RMSE(val)=599.067903
[GA][Iter5] Gen:8 Ind:5 RMSE(val)=599.067903
[GA][Iter5] Gen:8 Ind:6 RMSE(val)=599.067903
[GA][Iter5] Gen:8 Ind:7 RMSE(val)=599.067903
[GA][Iter5] Gen:8 Ind:8 RMSE(val)=599.067903
[GA][Iter5] Gen:8 Ind:9 RMSE(val)=599.067903
[GA][Iter5] Gen:8 Ind:10 RMSE(val)=599.067903
[GA][Iter5] Gen:8 Ind:11 RMSE(val)=599.067903
[GA][Iter5] Gen:8 Ind:12 RMSE(val)=599.067903
[GA][Iter5] Gen:8 Ind:13 RMSE(val)=599.067903
[GA][Iter5] Gen:8 Ind:14 RMSE(val)=599.067903
[GA][Iter5] Gen:8 Ind:15 RMSE(val)=599.067903
[GA][Iter5] Gen:8 Ind:16 RMSE(val)=599.067903
[GA][Iter5] Gen:8 Ind:17 RMSE(val)=599.067903
[GA][Iter5] Gen:8 Ind:18 RMSE(val)=599.067903
[GA][Iter5] Gen:8 Ind:19 RMSE(val)=599.067903
[GA][Iter5] Gen:8 Ind:20 RMSE(val)=599.067903
[GA][Iter5] gen=8 best_val_rmse=599.067903
[GA][Iter5] Gen:9 Ind:1 RMSE(val)=599.067903
[GA][Iter5] Gen:9 Ind:2 RMSE(val)=599.067903
[GA][Iter5] Gen:9 Ind:3 RMSE(val)=599.067903
[GA][Iter5] Gen:9 Ind:4 RMSE(val)=599.067903
[GA][Iter5] Gen:9 Ind:5 RMSE(val)=599.067903
[GA][Iter5] Gen:9 Ind:6 RMSE(val)=599.067903
[GA][Iter5] Gen:9 Ind:7 RMSE(val)=599.067903
[GA][Iter5] Gen:9 Ind:8 RMSE(val)=599.067903
[GA][Iter5] Gen:9 Ind:9 RMSE(val)=599.067903
[GA][Iter5] Gen:9 Ind:10 RMSE(val)=599.067903
[GA][Iter5] Gen:9 Ind:11 RMSE(val)=599.067903
[GA][Iter5] Gen:9 Ind:12 RMSE(val)=599.067903
[GA][Iter5] Gen:9 Ind:13 RMSE(val)=812.710477
[GA][Iter5] Gen:9 Ind:14 RMSE(val)=584.504291
[GA][Iter5] Gen:9 Ind:15 RMSE(val)=599.067903
[GA][Iter5] Gen:9 Ind:16 RMSE(val)=937.013786
[GA][Iter5] Gen:9 Ind:17 RMSE(val)=937.013786
[GA][Iter5] Gen:9 Ind:18 RMSE(val)=752.490156
[GA][Iter5] Gen:9 Ind:19 RMSE(val)=599.067903
[GA][Iter5] Gen:9 Ind:20 RMSE(val)=599.067903
[GA][Iter5] gen=9 best_val_rmse=584.504291
[GA][Iter5] Gen:10 Ind:1 RMSE(val)=584.504291
[GA][Iter5] Gen:10 Ind:2 RMSE(val)=599.067903
[GA][Iter5] Gen:10 Ind:3 RMSE(val)=599.067903
[GA][Iter5] Gen:10 Ind:4 RMSE(val)=599.067903
[GA][Iter5] Gen:10 Ind:5 RMSE(val)=599.067903
[GA][Iter5] Gen:10 Ind:6 RMSE(val)=599.067903
[GA][Iter5] Gen:10 Ind:7 RMSE(val)=599.067903
[GA][Iter5] Gen:10 Ind:8 RMSE(val)=599.067903
[GA][Iter5] Gen:10 Ind:9 RMSE(val)=599.067903
[GA][Iter5] Gen:10 Ind:10 RMSE(val)=599.067903
[GA][Iter5] Gen:10 Ind:11 RMSE(val)=599.067903
[GA][Iter5] Gen:10 Ind:12 RMSE(val)=599.067903
[GA][Iter5] Gen:10 Ind:13 RMSE(val)=599.067903
[GA][Iter5] Gen:10 Ind:14 RMSE(val)=584.504291
[GA][Iter5] Gen:10 Ind:15 RMSE(val)=599.067903
[GA][Iter5] Gen:10 Ind:16 RMSE(val)=599.067903
[GA][Iter5] Gen:10 Ind:17 RMSE(val)=599.067903
[GA][Iter5] Gen:10 Ind:18 RMSE(val)=937.013786
[GA][Iter5] Gen:10 Ind:19 RMSE(val)=599.067903
[GA][Iter5] Gen:10 Ind:20 RMSE(val)=599.067903
[GA][Iter5] gen=10 best_val_rmse=584.504291
[GA][Iter5] Gen:11 Ind:1 RMSE(val)=584.504291
[GA][Iter5] Gen:11 Ind:2 RMSE(val)=584.504291
[GA][Iter5] Gen:11 Ind:3 RMSE(val)=599.067903
[GA][Iter5] Gen:11 Ind:4 RMSE(val)=599.067903
[GA][Iter5] Gen:11 Ind:5 RMSE(val)=599.067903
[GA][Iter5] Gen:11 Ind:6 RMSE(val)=599.067903
[GA][Iter5] Gen:11 Ind:7 RMSE(val)=599.067903
[GA][Iter5] Gen:11 Ind:8 RMSE(val)=599.067903
[GA][Iter5] Gen:11 Ind:9 RMSE(val)=599.067903
[GA][Iter5] Gen:11 Ind:10 RMSE(val)=599.067903
[GA][Iter5] Gen:11 Ind:11 RMSE(val)=599.067903
[GA][Iter5] Gen:11 Ind:12 RMSE(val)=584.504291
[GA][Iter5] Gen:11 Ind:13 RMSE(val)=599.067903
[GA][Iter5] Gen:11 Ind:14 RMSE(val)=599.067903
[GA][Iter5] Gen:11 Ind:15 RMSE(val)=599.067903
[GA][Iter5] Gen:11 Ind:16 RMSE(val)=599.067903
[GA][Iter5] Gen:11 Ind:17 RMSE(val)=599.067903
[GA][Iter5] Gen:11 Ind:18 RMSE(val)=584.504291
[GA][Iter5] Gen:11 Ind:19 RMSE(val)=599.067903
[GA][Iter5] Gen:11 Ind:20 RMSE(val)=599.067903
[GA][Iter5] gen=11 best_val_rmse=584.504291
[GA][Iter5] Gen:12 Ind:1 RMSE(val)=584.504291
[GA][Iter5] Gen:12 Ind:2 RMSE(val)=584.504291
[GA][Iter5] Gen:12 Ind:3 RMSE(val)=584.504291
[GA][Iter5] Gen:12 Ind:4 RMSE(val)=584.504291
[GA][Iter5] Gen:12 Ind:5 RMSE(val)=599.067903
[GA][Iter5] Gen:12 Ind:6 RMSE(val)=599.067903
[GA][Iter5] Gen:12 Ind:7 RMSE(val)=599.067903
[GA][Iter5] Gen:12 Ind:8 RMSE(val)=599.067903
[GA][Iter5] Gen:12 Ind:9 RMSE(val)=599.067903
[GA][Iter5] Gen:12 Ind:10 RMSE(val)=599.067903
[GA][Iter5] Gen:12 Ind:11 RMSE(val)=599.067903
[GA][Iter5] Gen:12 Ind:12 RMSE(val)=584.504291
[GA][Iter5] Gen:12 Ind:13 RMSE(val)=599.067903
[GA][Iter5] Gen:12 Ind:14 RMSE(val)=741.912356
[GA][Iter5] Gen:12 Ind:15 RMSE(val)=599.067903
[GA][Iter5] Gen:12 Ind:16 RMSE(val)=599.067903
[GA][Iter5] Gen:12 Ind:17 RMSE(val)=599.067903
[GA][Iter5] Gen:12 Ind:18 RMSE(val)=599.067903
[GA][Iter5] Gen:12 Ind:19 RMSE(val)=595.703534
[GA][Iter5] Gen:12 Ind:20 RMSE(val)=599.067903
[GA][Iter5] gen=12 best_val_rmse=584.504291
[GA][Iter5] Gen:13 Ind:1 RMSE(val)=584.504291
[GA][Iter5] Gen:13 Ind:2 RMSE(val)=584.504291
[GA][Iter5] Gen:13 Ind:3 RMSE(val)=584.504291
[GA][Iter5] Gen:13 Ind:4 RMSE(val)=584.504291
[GA][Iter5] Gen:13 Ind:5 RMSE(val)=584.504291
[GA][Iter5] Gen:13 Ind:6 RMSE(val)=595.703534
[GA][Iter5] Gen:13 Ind:7 RMSE(val)=599.067903
[GA][Iter5] Gen:13 Ind:8 RMSE(val)=599.067903
[GA][Iter5] Gen:13 Ind:9 RMSE(val)=599.067903
[GA][Iter5] Gen:13 Ind:10 RMSE(val)=599.067903
[GA][Iter5] Gen:13 Ind:11 RMSE(val)=599.067903
[GA][Iter5] Gen:13 Ind:12 RMSE(val)=599.067903
[GA][Iter5] Gen:13 Ind:13 RMSE(val)=584.504291
[GA][Iter5] Gen:13 Ind:14 RMSE(val)=584.504291
[GA][Iter5] Gen:13 Ind:15 RMSE(val)=584.504291
[GA][Iter5] Gen:13 Ind:16 RMSE(val)=599.067903
[GA][Iter5] Gen:13 Ind:17 RMSE(val)=584.504291
[GA][Iter5] Gen:13 Ind:18 RMSE(val)=741.912356
[GA][Iter5] Gen:13 Ind:19 RMSE(val)=599.067903
[GA][Iter5] Gen:13 Ind:20 RMSE(val)=599.067903
[GA][Iter5] gen=13 best_val_rmse=584.504291
[GA][Iter5] Gen:14 Ind:1 RMSE(val)=584.504291
[GA][Iter5] Gen:14 Ind:2 RMSE(val)=584.504291
[GA][Iter5] Gen:14 Ind:3 RMSE(val)=584.504291
[GA][Iter5] Gen:14 Ind:4 RMSE(val)=584.504291
[GA][Iter5] Gen:14 Ind:5 RMSE(val)=584.504291
[GA][Iter5] Gen:14 Ind:6 RMSE(val)=584.504291
[GA][Iter5] Gen:14 Ind:7 RMSE(val)=584.504291
[GA][Iter5] Gen:14 Ind:8 RMSE(val)=584.504291
[GA][Iter5] Gen:14 Ind:9 RMSE(val)=584.504291
[GA][Iter5] Gen:14 Ind:10 RMSE(val)=595.703534
[GA][Iter5] Gen:14 Ind:11 RMSE(val)=584.504291
[GA][Iter5] Gen:14 Ind:12 RMSE(val)=584.504291
[GA][Iter5] Gen:14 Ind:13 RMSE(val)=595.703534
[GA][Iter5] Gen:14 Ind:14 RMSE(val)=584.504291
[GA][Iter5] Gen:14 Ind:15 RMSE(val)=584.504291
[GA][Iter5] Gen:14 Ind:16 RMSE(val)=584.504291
[GA][Iter5] Gen:14 Ind:17 RMSE(val)=620.858880
[GA][Iter5] Gen:14 Ind:18 RMSE(val)=584.504291
[GA][Iter5] Gen:14 Ind:19 RMSE(val)=712.770120
[GA][Iter5] Gen:14 Ind:20 RMSE(val)=584.504291
[GA][Iter5] gen=14 best_val_rmse=584.504291
[GA][Iter5] Gen:15 Ind:1 RMSE(val)=584.504291
[GA][Iter5] Gen:15 Ind:2 RMSE(val)=584.504291
[GA][Iter5] Gen:15 Ind:3 RMSE(val)=584.504291
[GA][Iter5] Gen:15 Ind:4 RMSE(val)=584.504291
[GA][Iter5] Gen:15 Ind:5 RMSE(val)=584.504291
[GA][Iter5] Gen:15 Ind:6 RMSE(val)=584.504291
[GA][Iter5] Gen:15 Ind:7 RMSE(val)=584.504291
[GA][Iter5] Gen:15 Ind:8 RMSE(val)=584.504291
[GA][Iter5] Gen:15 Ind:9 RMSE(val)=584.504291
[GA][Iter5] Gen:15 Ind:10 RMSE(val)=584.504291
[GA][Iter5] Gen:15 Ind:11 RMSE(val)=584.504291
[GA][Iter5] Gen:15 Ind:12 RMSE(val)=584.504291
[GA][Iter5] Gen:15 Ind:13 RMSE(val)=584.504291
[GA][Iter5] Gen:15 Ind:14 RMSE(val)=584.504291
[GA][Iter5] Gen:15 Ind:15 RMSE(val)=584.504291
[GA][Iter5] Gen:15 Ind:16 RMSE(val)=584.504291
[GA][Iter5] Gen:15 Ind:17 RMSE(val)=584.504291
[GA][Iter5] Gen:15 Ind:18 RMSE(val)=584.504291
[GA][Iter5] Gen:15 Ind:19 RMSE(val)=584.504291
[GA][Iter5] Gen:15 Ind:20 RMSE(val)=584.504291
[GA][Iter5] gen=15 best_val_rmse=584.504291
[GA][Iter5] Gen:15 Ind:1 RMSE(val)=584.504291
[GA][Iter5] Gen:15 Ind:2 RMSE(val)=584.504291
[GA][Iter5] Gen:15 Ind:3 RMSE(val)=584.504291
[GA][Iter5] Gen:15 Ind:4 RMSE(val)=584.504291
[GA][Iter5] Gen:15 Ind:5 RMSE(val)=584.504291
[GA][Iter5] Gen:15 Ind:6 RMSE(val)=584.504291
[GA][Iter5] Gen:15 Ind:7 RMSE(val)=584.504291
[GA][Iter5] Gen:15 Ind:8 RMSE(val)=584.504291
[GA][Iter5] Gen:15 Ind:9 RMSE(val)=584.504291
[GA][Iter5] Gen:15 Ind:10 RMSE(val)=584.504291
[GA][Iter5] Gen:15 Ind:11 RMSE(val)=828.480287
[GA][Iter5] Gen:15 Ind:12 RMSE(val)=584.504291
[GA][Iter5] Gen:15 Ind:13 RMSE(val)=584.504291
[GA][Iter5] Gen:15 Ind:14 RMSE(val)=584.504291
[GA][Iter5] Gen:15 Ind:15 RMSE(val)=584.504291
[GA][Iter5] Gen:15 Ind:16 RMSE(val)=584.504291
[GA][Iter5] Gen:15 Ind:17 RMSE(val)=584.504291
[GA][Iter5] Gen:15 Ind:18 RMSE(val)=584.504291
[GA][Iter5] Gen:15 Ind:19 RMSE(val)=584.504291
[GA][Iter5] Gen:15 Ind:20 RMSE(val)=595.703534

[GA DONE][Iter5] Best params on val fold of Iter5
Best val RMSE: 584.504291
Best params: {'max_depth': 56, 'min_samples_split': 8, 'min_samples_leaf': 12, 'max_features': None, 'splitter': 'best', 'criterion': 'absolute_error'}
--------------------------------------------------------------------------------
[RETUNE GA] Iter5: train folds 1..9 -> test fold 10  RMSE=1190.697675  NRMSE=0.871517  CVRMSE=0.516322  R2=0.237112
