=== BASELINE (project=ccpay, last-7 mean, expanding folds) ===
Iter1: train folds 1..5 -> test fold 6  RMSE=34.7713  NRMSE=0.9926  CVRMSE=0.0974  R˛=0.0055
Iter2: train folds 1..6 -> test fold 7  RMSE=26.8059  NRMSE=1.0782  CVRMSE=0.0777  R˛=-0.1733
Iter3: train folds 1..7 -> test fold 8  RMSE=28.8793  NRMSE=1.0174  CVRMSE=0.0851  R˛=-0.0448
Iter4: train folds 1..8 -> test fold 9  RMSE=26.3649  NRMSE=1.0525  CVRMSE=0.0785  R˛=-0.1181
Iter5: train folds 1..9 -> test fold 10  RMSE=26.2376  NRMSE=1.0852  CVRMSE=0.0787  R˛=-0.1886
--------------------------------------------------
[FEATURES] initial=88 kept_after_screening=53
['workflow_event_trigger', 'issuer_name', 'gh_files_added', 'gh_files_deleted', 'gh_tests_deleted', 'gh_src_churn', 'gh_is_pr', 'gh_src_files', 'gh_doc_files', 'git_commits', 'gh_team_size_last_3_month', 'gh_num_pr_comments', 'gh_test_lines_per_kloc', 'docker_compose_changed', 'hour', 'dow', 'month', 'secs_since_prev', 'duration_lag_1', 'duration_lag_3', 'duration_lag_4', 'duration_lag_5', 'duration_lag_6', 'duration_lag_7', 'window_avg_7', 'window_std_7', 'window_std_3', 'ft___gradle__', 'ft___java__', 'ft___json__', 'ft___properties__', 'ft___tf_', 'ft___tfvars_', 'ft___tfvars__', 'ft___xml__', 'ft___yml_', 'ft___yml__', 'ft____config_', 'ft____gradle_', 'ft____gradle__', 'ft____java_', 'ft____java__', 'ft____properties_', 'ft____properties__', 'ft____tf_', 'ft____tf__', 'ft____tfvars_', 'ft____tfvars__', 'ft____xml_', 'ft____yaml_', 'ft____yaml__', 'ft____yml_', 'ft___']
--------------------------------------------------------------------------------
[GA][Iter1] Gen:1 Ind:1 RMSE(val)=47.520774
[GA][Iter1] Gen:1 Ind:2 RMSE(val)=38.426118
[GA][Iter1] Gen:1 Ind:3 RMSE(val)=48.640236
[GA][Iter1] Gen:1 Ind:4 RMSE(val)=40.867205
[GA][Iter1] Gen:1 Ind:5 RMSE(val)=32.036241
[GA][Iter1] Gen:1 Ind:6 RMSE(val)=39.571298
[GA][Iter1] Gen:1 Ind:7 RMSE(val)=37.458993
[GA][Iter1] Gen:1 Ind:8 RMSE(val)=32.490045
[GA][Iter1] Gen:1 Ind:9 RMSE(val)=34.442346
[GA][Iter1] Gen:1 Ind:10 RMSE(val)=38.144763
[GA][Iter1] Gen:1 Ind:11 RMSE(val)=34.383172
[GA][Iter1] Gen:1 Ind:12 RMSE(val)=31.529807
[GA][Iter1] Gen:1 Ind:13 RMSE(val)=31.548855
[GA][Iter1] Gen:1 Ind:14 RMSE(val)=33.021025
[GA][Iter1] Gen:1 Ind:15 RMSE(val)=34.744480
[GA][Iter1] Gen:1 Ind:16 RMSE(val)=32.849876
[GA][Iter1] Gen:1 Ind:17 RMSE(val)=36.993739
[GA][Iter1] Gen:1 Ind:18 RMSE(val)=35.192442
[GA][Iter1] Gen:1 Ind:19 RMSE(val)=36.925711
[GA][Iter1] Gen:1 Ind:20 RMSE(val)=35.492302
[GA][Iter1] gen=1 best_val_rmse=31.529807
[GA][Iter1] Gen:2 Ind:1 RMSE(val)=31.529807
[GA][Iter1] Gen:2 Ind:2 RMSE(val)=31.548855
[GA][Iter1] Gen:2 Ind:3 RMSE(val)=32.036241
[GA][Iter1] Gen:2 Ind:4 RMSE(val)=32.490045
[GA][Iter1] Gen:2 Ind:5 RMSE(val)=32.849876
[GA][Iter1] Gen:2 Ind:6 RMSE(val)=33.021025
[GA][Iter1] Gen:2 Ind:7 RMSE(val)=34.383172
[GA][Iter1] Gen:2 Ind:8 RMSE(val)=34.442346
[GA][Iter1] Gen:2 Ind:9 RMSE(val)=34.744480
[GA][Iter1] Gen:2 Ind:10 RMSE(val)=35.192442
[GA][Iter1] Gen:2 Ind:11 RMSE(val)=32.091346
[GA][Iter1] Gen:2 Ind:12 RMSE(val)=31.876626
[GA][Iter1] Gen:2 Ind:13 RMSE(val)=33.242920
[GA][Iter1] Gen:2 Ind:14 RMSE(val)=34.506249
[GA][Iter1] Gen:2 Ind:15 RMSE(val)=31.876626
[GA][Iter1] Gen:2 Ind:16 RMSE(val)=32.496971
[GA][Iter1] Gen:2 Ind:17 RMSE(val)=31.901332
[GA][Iter1] Gen:2 Ind:18 RMSE(val)=33.123522
[GA][Iter1] Gen:2 Ind:19 RMSE(val)=31.901332
[GA][Iter1] Gen:2 Ind:20 RMSE(val)=33.192448
[GA][Iter1] gen=2 best_val_rmse=31.529807
[GA][Iter1] Gen:3 Ind:1 RMSE(val)=31.529807
[GA][Iter1] Gen:3 Ind:2 RMSE(val)=31.548855
[GA][Iter1] Gen:3 Ind:3 RMSE(val)=31.876626
[GA][Iter1] Gen:3 Ind:4 RMSE(val)=31.876626
[GA][Iter1] Gen:3 Ind:5 RMSE(val)=31.901332
[GA][Iter1] Gen:3 Ind:6 RMSE(val)=31.901332
[GA][Iter1] Gen:3 Ind:7 RMSE(val)=32.036241
[GA][Iter1] Gen:3 Ind:8 RMSE(val)=32.091346
[GA][Iter1] Gen:3 Ind:9 RMSE(val)=32.490045
[GA][Iter1] Gen:3 Ind:10 RMSE(val)=32.496971
[GA][Iter1] Gen:3 Ind:11 RMSE(val)=32.496971
[GA][Iter1] Gen:3 Ind:12 RMSE(val)=31.876626
[GA][Iter1] Gen:3 Ind:13 RMSE(val)=34.679430
[GA][Iter1] Gen:3 Ind:14 RMSE(val)=33.192448
[GA][Iter1] Gen:3 Ind:15 RMSE(val)=31.726071
[GA][Iter1] Gen:3 Ind:16 RMSE(val)=31.759490
[GA][Iter1] Gen:3 Ind:17 RMSE(val)=36.623456
[GA][Iter1] Gen:3 Ind:18 RMSE(val)=31.052117
[GA][Iter1] Gen:3 Ind:19 RMSE(val)=31.876626
[GA][Iter1] Gen:3 Ind:20 RMSE(val)=37.550242
[GA][Iter1] gen=3 best_val_rmse=31.052117
[GA][Iter1] Gen:4 Ind:1 RMSE(val)=31.052117
[GA][Iter1] Gen:4 Ind:2 RMSE(val)=31.529807
[GA][Iter1] Gen:4 Ind:3 RMSE(val)=31.548855
[GA][Iter1] Gen:4 Ind:4 RMSE(val)=31.726071
[GA][Iter1] Gen:4 Ind:5 RMSE(val)=31.759490
[GA][Iter1] Gen:4 Ind:6 RMSE(val)=31.876626
[GA][Iter1] Gen:4 Ind:7 RMSE(val)=31.876626
[GA][Iter1] Gen:4 Ind:8 RMSE(val)=31.876626
[GA][Iter1] Gen:4 Ind:9 RMSE(val)=31.876626
[GA][Iter1] Gen:4 Ind:10 RMSE(val)=31.901332
[GA][Iter1] Gen:4 Ind:11 RMSE(val)=30.796089
[GA][Iter1] Gen:4 Ind:12 RMSE(val)=32.297129
[GA][Iter1] Gen:4 Ind:13 RMSE(val)=32.496971
[GA][Iter1] Gen:4 Ind:14 RMSE(val)=31.876626
[GA][Iter1] Gen:4 Ind:15 RMSE(val)=31.876626
[GA][Iter1] Gen:4 Ind:16 RMSE(val)=31.876626
[GA][Iter1] Gen:4 Ind:17 RMSE(val)=31.876626
[GA][Iter1] Gen:4 Ind:18 RMSE(val)=34.679430
[GA][Iter1] Gen:4 Ind:19 RMSE(val)=35.046856
[GA][Iter1] Gen:4 Ind:20 RMSE(val)=31.876626
[GA][Iter1] gen=4 best_val_rmse=30.796089
[GA][Iter1] Gen:5 Ind:1 RMSE(val)=30.796089
[GA][Iter1] Gen:5 Ind:2 RMSE(val)=31.052117
[GA][Iter1] Gen:5 Ind:3 RMSE(val)=31.529807
[GA][Iter1] Gen:5 Ind:4 RMSE(val)=31.548855
[GA][Iter1] Gen:5 Ind:5 RMSE(val)=31.726071
[GA][Iter1] Gen:5 Ind:6 RMSE(val)=31.759490
[GA][Iter1] Gen:5 Ind:7 RMSE(val)=31.876626
[GA][Iter1] Gen:5 Ind:8 RMSE(val)=31.876626
[GA][Iter1] Gen:5 Ind:9 RMSE(val)=31.876626
[GA][Iter1] Gen:5 Ind:10 RMSE(val)=31.876626
[GA][Iter1] Gen:5 Ind:11 RMSE(val)=30.796089
[GA][Iter1] Gen:5 Ind:12 RMSE(val)=31.548855
[GA][Iter1] Gen:5 Ind:13 RMSE(val)=34.894665
[GA][Iter1] Gen:5 Ind:14 RMSE(val)=31.823445
[GA][Iter1] Gen:5 Ind:15 RMSE(val)=31.901332
[GA][Iter1] Gen:5 Ind:16 RMSE(val)=31.548855
[GA][Iter1] Gen:5 Ind:17 RMSE(val)=32.496971
[GA][Iter1] Gen:5 Ind:18 RMSE(val)=31.052117
[GA][Iter1] Gen:5 Ind:19 RMSE(val)=31.052117
[GA][Iter1] Gen:5 Ind:20 RMSE(val)=31.876626
[GA][Iter1] gen=5 best_val_rmse=30.796089
[GA][Iter1] Gen:6 Ind:1 RMSE(val)=30.796089
[GA][Iter1] Gen:6 Ind:2 RMSE(val)=30.796089
[GA][Iter1] Gen:6 Ind:3 RMSE(val)=31.052117
[GA][Iter1] Gen:6 Ind:4 RMSE(val)=31.052117
[GA][Iter1] Gen:6 Ind:5 RMSE(val)=31.052117
[GA][Iter1] Gen:6 Ind:6 RMSE(val)=31.529807
[GA][Iter1] Gen:6 Ind:7 RMSE(val)=31.548855
[GA][Iter1] Gen:6 Ind:8 RMSE(val)=31.548855
[GA][Iter1] Gen:6 Ind:9 RMSE(val)=31.548855
[GA][Iter1] Gen:6 Ind:10 RMSE(val)=31.726071
[GA][Iter1] Gen:6 Ind:11 RMSE(val)=32.178614
[GA][Iter1] Gen:6 Ind:12 RMSE(val)=31.548855
[GA][Iter1] Gen:6 Ind:13 RMSE(val)=31.823445
[GA][Iter1] Gen:6 Ind:14 RMSE(val)=31.548855
[GA][Iter1] Gen:6 Ind:15 RMSE(val)=31.052117
[GA][Iter1] Gen:6 Ind:16 RMSE(val)=34.543949
[GA][Iter1] Gen:6 Ind:17 RMSE(val)=31.548855
[GA][Iter1] Gen:6 Ind:18 RMSE(val)=30.796089
[GA][Iter1] Gen:6 Ind:19 RMSE(val)=31.052117
[GA][Iter1] Gen:6 Ind:20 RMSE(val)=30.796089
[GA][Iter1] gen=6 best_val_rmse=30.796089
[GA][Iter1] Gen:7 Ind:1 RMSE(val)=30.796089
[GA][Iter1] Gen:7 Ind:2 RMSE(val)=30.796089
[GA][Iter1] Gen:7 Ind:3 RMSE(val)=30.796089
[GA][Iter1] Gen:7 Ind:4 RMSE(val)=30.796089
[GA][Iter1] Gen:7 Ind:5 RMSE(val)=31.052117
[GA][Iter1] Gen:7 Ind:6 RMSE(val)=31.052117
[GA][Iter1] Gen:7 Ind:7 RMSE(val)=31.052117
[GA][Iter1] Gen:7 Ind:8 RMSE(val)=31.052117
[GA][Iter1] Gen:7 Ind:9 RMSE(val)=31.052117
[GA][Iter1] Gen:7 Ind:10 RMSE(val)=31.529807
[GA][Iter1] Gen:7 Ind:11 RMSE(val)=30.796089
[GA][Iter1] Gen:7 Ind:12 RMSE(val)=30.796089
[GA][Iter1] Gen:7 Ind:13 RMSE(val)=30.796089
[GA][Iter1] Gen:7 Ind:14 RMSE(val)=30.796089
[GA][Iter1] Gen:7 Ind:15 RMSE(val)=30.796089
[GA][Iter1] Gen:7 Ind:16 RMSE(val)=31.052117
[GA][Iter1] Gen:7 Ind:17 RMSE(val)=31.052117
[GA][Iter1] Gen:7 Ind:18 RMSE(val)=31.052117
[GA][Iter1] Gen:7 Ind:19 RMSE(val)=31.701026
[GA][Iter1] Gen:7 Ind:20 RMSE(val)=31.052117
[GA][Iter1] gen=7 best_val_rmse=30.796089
[GA][Iter1] Gen:8 Ind:1 RMSE(val)=30.796089
[GA][Iter1] Gen:8 Ind:2 RMSE(val)=30.796089
[GA][Iter1] Gen:8 Ind:3 RMSE(val)=30.796089
[GA][Iter1] Gen:8 Ind:4 RMSE(val)=30.796089
[GA][Iter1] Gen:8 Ind:5 RMSE(val)=30.796089
[GA][Iter1] Gen:8 Ind:6 RMSE(val)=30.796089
[GA][Iter1] Gen:8 Ind:7 RMSE(val)=30.796089
[GA][Iter1] Gen:8 Ind:8 RMSE(val)=30.796089
[GA][Iter1] Gen:8 Ind:9 RMSE(val)=30.796089
[GA][Iter1] Gen:8 Ind:10 RMSE(val)=31.052117
[GA][Iter1] Gen:8 Ind:11 RMSE(val)=30.796089
[GA][Iter1] Gen:8 Ind:12 RMSE(val)=31.052117
[GA][Iter1] Gen:8 Ind:13 RMSE(val)=30.796089
[GA][Iter1] Gen:8 Ind:14 RMSE(val)=30.796089
[GA][Iter1] Gen:8 Ind:15 RMSE(val)=30.796089
[GA][Iter1] Gen:8 Ind:16 RMSE(val)=30.796089
[GA][Iter1] Gen:8 Ind:17 RMSE(val)=30.796089
[GA][Iter1] Gen:8 Ind:18 RMSE(val)=30.796089
[GA][Iter1] Gen:8 Ind:19 RMSE(val)=30.796089
[GA][Iter1] Gen:8 Ind:20 RMSE(val)=30.796089
[GA][Iter1] gen=8 best_val_rmse=30.796089
[GA][Iter1] Gen:9 Ind:1 RMSE(val)=30.796089
[GA][Iter1] Gen:9 Ind:2 RMSE(val)=30.796089
[GA][Iter1] Gen:9 Ind:3 RMSE(val)=30.796089
[GA][Iter1] Gen:9 Ind:4 RMSE(val)=30.796089
[GA][Iter1] Gen:9 Ind:5 RMSE(val)=30.796089
[GA][Iter1] Gen:9 Ind:6 RMSE(val)=30.796089
[GA][Iter1] Gen:9 Ind:7 RMSE(val)=30.796089
[GA][Iter1] Gen:9 Ind:8 RMSE(val)=30.796089
[GA][Iter1] Gen:9 Ind:9 RMSE(val)=30.796089
[GA][Iter1] Gen:9 Ind:10 RMSE(val)=30.796089
[GA][Iter1] Gen:9 Ind:11 RMSE(val)=30.796089
[GA][Iter1] Gen:9 Ind:12 RMSE(val)=30.796089
[GA][Iter1] Gen:9 Ind:13 RMSE(val)=31.471955
[GA][Iter1] Gen:9 Ind:14 RMSE(val)=30.148752
[GA][Iter1] Gen:9 Ind:15 RMSE(val)=30.796089
[GA][Iter1] Gen:9 Ind:16 RMSE(val)=30.796089
[GA][Iter1] Gen:9 Ind:17 RMSE(val)=30.796089
[GA][Iter1] Gen:9 Ind:18 RMSE(val)=31.901332
[GA][Iter1] Gen:9 Ind:19 RMSE(val)=30.796089
[GA][Iter1] Gen:9 Ind:20 RMSE(val)=30.796089
[GA][Iter1] gen=9 best_val_rmse=30.148752
[GA][Iter1] Gen:10 Ind:1 RMSE(val)=30.148752
[GA][Iter1] Gen:10 Ind:2 RMSE(val)=30.796089
[GA][Iter1] Gen:10 Ind:3 RMSE(val)=30.796089
[GA][Iter1] Gen:10 Ind:4 RMSE(val)=30.796089
[GA][Iter1] Gen:10 Ind:5 RMSE(val)=30.796089
[GA][Iter1] Gen:10 Ind:6 RMSE(val)=30.796089
[GA][Iter1] Gen:10 Ind:7 RMSE(val)=30.796089
[GA][Iter1] Gen:10 Ind:8 RMSE(val)=30.796089
[GA][Iter1] Gen:10 Ind:9 RMSE(val)=30.796089
[GA][Iter1] Gen:10 Ind:10 RMSE(val)=30.796089
[GA][Iter1] Gen:10 Ind:11 RMSE(val)=39.571298
[GA][Iter1] Gen:10 Ind:12 RMSE(val)=30.796089
[GA][Iter1] Gen:10 Ind:13 RMSE(val)=30.796089
[GA][Iter1] Gen:10 Ind:14 RMSE(val)=30.148752
[GA][Iter1] Gen:10 Ind:15 RMSE(val)=30.796089
[GA][Iter1] Gen:10 Ind:16 RMSE(val)=30.796089
[GA][Iter1] Gen:10 Ind:17 RMSE(val)=30.796089
[GA][Iter1] Gen:10 Ind:18 RMSE(val)=30.796089
[GA][Iter1] Gen:10 Ind:19 RMSE(val)=30.796089
[GA][Iter1] Gen:10 Ind:20 RMSE(val)=30.796089
[GA][Iter1] gen=10 best_val_rmse=30.148752
[GA][Iter1] Gen:11 Ind:1 RMSE(val)=30.148752
[GA][Iter1] Gen:11 Ind:2 RMSE(val)=30.148752
[GA][Iter1] Gen:11 Ind:3 RMSE(val)=30.796089
[GA][Iter1] Gen:11 Ind:4 RMSE(val)=30.796089
[GA][Iter1] Gen:11 Ind:5 RMSE(val)=30.796089
[GA][Iter1] Gen:11 Ind:6 RMSE(val)=30.796089
[GA][Iter1] Gen:11 Ind:7 RMSE(val)=30.796089
[GA][Iter1] Gen:11 Ind:8 RMSE(val)=30.796089
[GA][Iter1] Gen:11 Ind:9 RMSE(val)=30.796089
[GA][Iter1] Gen:11 Ind:10 RMSE(val)=30.796089
[GA][Iter1] Gen:11 Ind:11 RMSE(val)=30.796089
[GA][Iter1] Gen:11 Ind:12 RMSE(val)=30.148752
[GA][Iter1] Gen:11 Ind:13 RMSE(val)=30.796089
[GA][Iter1] Gen:11 Ind:14 RMSE(val)=30.796089
[GA][Iter1] Gen:11 Ind:15 RMSE(val)=30.796089
[GA][Iter1] Gen:11 Ind:16 RMSE(val)=30.796089
[GA][Iter1] Gen:11 Ind:17 RMSE(val)=30.796089
[GA][Iter1] Gen:11 Ind:18 RMSE(val)=30.148752
[GA][Iter1] Gen:11 Ind:19 RMSE(val)=30.796089
[GA][Iter1] Gen:11 Ind:20 RMSE(val)=30.796089
[GA][Iter1] gen=11 best_val_rmse=30.148752
[GA][Iter1] Gen:12 Ind:1 RMSE(val)=30.148752
[GA][Iter1] Gen:12 Ind:2 RMSE(val)=30.148752
[GA][Iter1] Gen:12 Ind:3 RMSE(val)=30.148752
[GA][Iter1] Gen:12 Ind:4 RMSE(val)=30.148752
[GA][Iter1] Gen:12 Ind:5 RMSE(val)=30.796089
[GA][Iter1] Gen:12 Ind:6 RMSE(val)=30.796089
[GA][Iter1] Gen:12 Ind:7 RMSE(val)=30.796089
[GA][Iter1] Gen:12 Ind:8 RMSE(val)=30.796089
[GA][Iter1] Gen:12 Ind:9 RMSE(val)=30.796089
[GA][Iter1] Gen:12 Ind:10 RMSE(val)=30.796089
[GA][Iter1] Gen:12 Ind:11 RMSE(val)=30.796089
[GA][Iter1] Gen:12 Ind:12 RMSE(val)=30.148752
[GA][Iter1] Gen:12 Ind:13 RMSE(val)=30.796089
[GA][Iter1] Gen:12 Ind:14 RMSE(val)=31.486418
[GA][Iter1] Gen:12 Ind:15 RMSE(val)=30.796089
[GA][Iter1] Gen:12 Ind:16 RMSE(val)=30.796089
[GA][Iter1] Gen:12 Ind:17 RMSE(val)=30.796089
[GA][Iter1] Gen:12 Ind:18 RMSE(val)=30.796089
[GA][Iter1] Gen:12 Ind:19 RMSE(val)=30.796089
[GA][Iter1] Gen:12 Ind:20 RMSE(val)=30.796089
[GA][Iter1] gen=12 best_val_rmse=30.148752
[GA][Iter1] Gen:13 Ind:1 RMSE(val)=30.148752
[GA][Iter1] Gen:13 Ind:2 RMSE(val)=30.148752
[GA][Iter1] Gen:13 Ind:3 RMSE(val)=30.148752
[GA][Iter1] Gen:13 Ind:4 RMSE(val)=30.148752
[GA][Iter1] Gen:13 Ind:5 RMSE(val)=30.148752
[GA][Iter1] Gen:13 Ind:6 RMSE(val)=30.796089
[GA][Iter1] Gen:13 Ind:7 RMSE(val)=30.796089
[GA][Iter1] Gen:13 Ind:8 RMSE(val)=30.796089
[GA][Iter1] Gen:13 Ind:9 RMSE(val)=30.796089
[GA][Iter1] Gen:13 Ind:10 RMSE(val)=30.796089
[GA][Iter1] Gen:13 Ind:11 RMSE(val)=30.796089
[GA][Iter1] Gen:13 Ind:12 RMSE(val)=30.796089
[GA][Iter1] Gen:13 Ind:13 RMSE(val)=30.148752
[GA][Iter1] Gen:13 Ind:14 RMSE(val)=30.148752
[GA][Iter1] Gen:13 Ind:15 RMSE(val)=30.148752
[GA][Iter1] Gen:13 Ind:16 RMSE(val)=30.796089
[GA][Iter1] Gen:13 Ind:17 RMSE(val)=30.148752
[GA][Iter1] Gen:13 Ind:18 RMSE(val)=31.486418
[GA][Iter1] Gen:13 Ind:19 RMSE(val)=30.796089
[GA][Iter1] Gen:13 Ind:20 RMSE(val)=30.796089
[GA][Iter1] gen=13 best_val_rmse=30.148752
[GA][Iter1] Gen:14 Ind:1 RMSE(val)=30.148752
[GA][Iter1] Gen:14 Ind:2 RMSE(val)=30.148752
[GA][Iter1] Gen:14 Ind:3 RMSE(val)=30.148752
[GA][Iter1] Gen:14 Ind:4 RMSE(val)=30.148752
[GA][Iter1] Gen:14 Ind:5 RMSE(val)=30.148752
[GA][Iter1] Gen:14 Ind:6 RMSE(val)=30.148752
[GA][Iter1] Gen:14 Ind:7 RMSE(val)=30.148752
[GA][Iter1] Gen:14 Ind:8 RMSE(val)=30.148752
[GA][Iter1] Gen:14 Ind:9 RMSE(val)=30.148752
[GA][Iter1] Gen:14 Ind:10 RMSE(val)=30.796089
[GA][Iter1] Gen:14 Ind:11 RMSE(val)=30.148752
[GA][Iter1] Gen:14 Ind:12 RMSE(val)=30.148752
[GA][Iter1] Gen:14 Ind:13 RMSE(val)=30.796089
[GA][Iter1] Gen:14 Ind:14 RMSE(val)=30.148752
[GA][Iter1] Gen:14 Ind:15 RMSE(val)=30.148752
[GA][Iter1] Gen:14 Ind:16 RMSE(val)=38.426118
[GA][Iter1] Gen:14 Ind:17 RMSE(val)=30.796089
[GA][Iter1] Gen:14 Ind:18 RMSE(val)=30.148752
[GA][Iter1] Gen:14 Ind:19 RMSE(val)=34.015975
[GA][Iter1] Gen:14 Ind:20 RMSE(val)=30.148752
[GA][Iter1] gen=14 best_val_rmse=30.148752
[GA][Iter1] Gen:15 Ind:1 RMSE(val)=30.148752
[GA][Iter1] Gen:15 Ind:2 RMSE(val)=30.148752
[GA][Iter1] Gen:15 Ind:3 RMSE(val)=30.148752
[GA][Iter1] Gen:15 Ind:4 RMSE(val)=30.148752
[GA][Iter1] Gen:15 Ind:5 RMSE(val)=30.148752
[GA][Iter1] Gen:15 Ind:6 RMSE(val)=30.148752
[GA][Iter1] Gen:15 Ind:7 RMSE(val)=30.148752
[GA][Iter1] Gen:15 Ind:8 RMSE(val)=30.148752
[GA][Iter1] Gen:15 Ind:9 RMSE(val)=30.148752
[GA][Iter1] Gen:15 Ind:10 RMSE(val)=30.148752
[GA][Iter1] Gen:15 Ind:11 RMSE(val)=30.148752
[GA][Iter1] Gen:15 Ind:12 RMSE(val)=30.148752
[GA][Iter1] Gen:15 Ind:13 RMSE(val)=30.148752
[GA][Iter1] Gen:15 Ind:14 RMSE(val)=30.148752
[GA][Iter1] Gen:15 Ind:15 RMSE(val)=30.148752
[GA][Iter1] Gen:15 Ind:16 RMSE(val)=38.426118
[GA][Iter1] Gen:15 Ind:17 RMSE(val)=30.148752
[GA][Iter1] Gen:15 Ind:18 RMSE(val)=30.148752
[GA][Iter1] Gen:15 Ind:19 RMSE(val)=30.148752
[GA][Iter1] Gen:15 Ind:20 RMSE(val)=30.148752
[GA][Iter1] gen=15 best_val_rmse=30.148752
[GA][Iter1] Gen:15 Ind:1 RMSE(val)=30.148752
[GA][Iter1] Gen:15 Ind:2 RMSE(val)=30.148752
[GA][Iter1] Gen:15 Ind:3 RMSE(val)=30.148752
[GA][Iter1] Gen:15 Ind:4 RMSE(val)=30.148752
[GA][Iter1] Gen:15 Ind:5 RMSE(val)=30.148752
[GA][Iter1] Gen:15 Ind:6 RMSE(val)=30.148752
[GA][Iter1] Gen:15 Ind:7 RMSE(val)=30.148752
[GA][Iter1] Gen:15 Ind:8 RMSE(val)=30.148752
[GA][Iter1] Gen:15 Ind:9 RMSE(val)=30.148752
[GA][Iter1] Gen:15 Ind:10 RMSE(val)=30.148752
[GA][Iter1] Gen:15 Ind:11 RMSE(val)=30.148752
[GA][Iter1] Gen:15 Ind:12 RMSE(val)=30.148752
[GA][Iter1] Gen:15 Ind:13 RMSE(val)=30.148752
[GA][Iter1] Gen:15 Ind:14 RMSE(val)=30.148752
[GA][Iter1] Gen:15 Ind:15 RMSE(val)=30.148752
[GA][Iter1] Gen:15 Ind:16 RMSE(val)=30.148752
[GA][Iter1] Gen:15 Ind:17 RMSE(val)=38.426118
[GA][Iter1] Gen:15 Ind:18 RMSE(val)=30.148752
[GA][Iter1] Gen:15 Ind:19 RMSE(val)=30.148752
[GA][Iter1] Gen:15 Ind:20 RMSE(val)=30.796089

[GA DONE][Iter1] Best params on val fold of Iter1
Best val RMSE: 30.148752
Best params: {'max_depth': 36, 'min_samples_split': 18, 'min_samples_leaf': 25, 'max_features': 'sqrt', 'splitter': 'best', 'criterion': 'absolute_error'}
--------------------------------------------------------------------------------
[RETUNE GA] Iter1: train folds 1..5 -> test fold 6  RMSE=41.433794  NRMSE=1.182836  CVRMSE=0.116004  R2=-0.412178
[GA][Iter2] Gen:1 Ind:1 RMSE(val)=43.170285
[GA][Iter2] Gen:1 Ind:2 RMSE(val)=36.835470
[GA][Iter2] Gen:1 Ind:3 RMSE(val)=47.906059
[GA][Iter2] Gen:1 Ind:4 RMSE(val)=39.063309
[GA][Iter2] Gen:1 Ind:5 RMSE(val)=36.133171
[GA][Iter2] Gen:1 Ind:6 RMSE(val)=42.228627
[GA][Iter2] Gen:1 Ind:7 RMSE(val)=42.024208
[GA][Iter2] Gen:1 Ind:8 RMSE(val)=36.914481
[GA][Iter2] Gen:1 Ind:9 RMSE(val)=32.577543
[GA][Iter2] Gen:1 Ind:10 RMSE(val)=42.475783
[GA][Iter2] Gen:1 Ind:11 RMSE(val)=39.702772
[GA][Iter2] Gen:1 Ind:12 RMSE(val)=38.434938
[GA][Iter2] Gen:1 Ind:13 RMSE(val)=37.894163
[GA][Iter2] Gen:1 Ind:14 RMSE(val)=38.206223
[GA][Iter2] Gen:1 Ind:15 RMSE(val)=34.171714
[GA][Iter2] Gen:1 Ind:16 RMSE(val)=36.124696
[GA][Iter2] Gen:1 Ind:17 RMSE(val)=40.714055
[GA][Iter2] Gen:1 Ind:18 RMSE(val)=40.748548
[GA][Iter2] Gen:1 Ind:19 RMSE(val)=37.092170
[GA][Iter2] Gen:1 Ind:20 RMSE(val)=36.631739
[GA][Iter2] gen=1 best_val_rmse=32.577543
[GA][Iter2] Gen:2 Ind:1 RMSE(val)=32.577543
[GA][Iter2] Gen:2 Ind:2 RMSE(val)=34.171714
[GA][Iter2] Gen:2 Ind:3 RMSE(val)=36.124696
[GA][Iter2] Gen:2 Ind:4 RMSE(val)=36.133171
[GA][Iter2] Gen:2 Ind:5 RMSE(val)=36.631739
[GA][Iter2] Gen:2 Ind:6 RMSE(val)=36.835470
[GA][Iter2] Gen:2 Ind:7 RMSE(val)=36.914481
[GA][Iter2] Gen:2 Ind:8 RMSE(val)=37.092170
[GA][Iter2] Gen:2 Ind:9 RMSE(val)=37.894163
[GA][Iter2] Gen:2 Ind:10 RMSE(val)=38.206223
[GA][Iter2] Gen:2 Ind:11 RMSE(val)=34.906895
[GA][Iter2] Gen:2 Ind:12 RMSE(val)=41.866521
[GA][Iter2] Gen:2 Ind:13 RMSE(val)=37.894163
[GA][Iter2] Gen:2 Ind:14 RMSE(val)=38.019640
[GA][Iter2] Gen:2 Ind:15 RMSE(val)=34.947447
[GA][Iter2] Gen:2 Ind:16 RMSE(val)=37.894163
[GA][Iter2] Gen:2 Ind:17 RMSE(val)=37.092170
[GA][Iter2] Gen:2 Ind:18 RMSE(val)=37.601041
[GA][Iter2] Gen:2 Ind:19 RMSE(val)=39.367232
[GA][Iter2] Gen:2 Ind:20 RMSE(val)=37.736814
[GA][Iter2] gen=2 best_val_rmse=32.577543
[GA][Iter2] Gen:3 Ind:1 RMSE(val)=32.577543
[GA][Iter2] Gen:3 Ind:2 RMSE(val)=34.171714
[GA][Iter2] Gen:3 Ind:3 RMSE(val)=34.906895
[GA][Iter2] Gen:3 Ind:4 RMSE(val)=34.947447
[GA][Iter2] Gen:3 Ind:5 RMSE(val)=36.124696
[GA][Iter2] Gen:3 Ind:6 RMSE(val)=36.133171
[GA][Iter2] Gen:3 Ind:7 RMSE(val)=36.631739
[GA][Iter2] Gen:3 Ind:8 RMSE(val)=36.835470
[GA][Iter2] Gen:3 Ind:9 RMSE(val)=36.914481
[GA][Iter2] Gen:3 Ind:10 RMSE(val)=37.092170
[GA][Iter2] Gen:3 Ind:11 RMSE(val)=39.367232
[GA][Iter2] Gen:3 Ind:12 RMSE(val)=41.866521
[GA][Iter2] Gen:3 Ind:13 RMSE(val)=34.171714
[GA][Iter2] Gen:3 Ind:14 RMSE(val)=32.577543
[GA][Iter2] Gen:3 Ind:15 RMSE(val)=34.906895
[GA][Iter2] Gen:3 Ind:16 RMSE(val)=38.019640
[GA][Iter2] Gen:3 Ind:17 RMSE(val)=36.914481
[GA][Iter2] Gen:3 Ind:18 RMSE(val)=41.019389
[GA][Iter2] Gen:3 Ind:19 RMSE(val)=39.217815
[GA][Iter2] Gen:3 Ind:20 RMSE(val)=40.499628
[GA][Iter2] gen=3 best_val_rmse=32.577543
[GA][Iter2] Gen:4 Ind:1 RMSE(val)=32.577543
[GA][Iter2] Gen:4 Ind:2 RMSE(val)=32.577543
[GA][Iter2] Gen:4 Ind:3 RMSE(val)=34.171714
[GA][Iter2] Gen:4 Ind:4 RMSE(val)=34.171714
[GA][Iter2] Gen:4 Ind:5 RMSE(val)=34.906895
[GA][Iter2] Gen:4 Ind:6 RMSE(val)=34.906895
[GA][Iter2] Gen:4 Ind:7 RMSE(val)=34.947447
[GA][Iter2] Gen:4 Ind:8 RMSE(val)=36.124696
[GA][Iter2] Gen:4 Ind:9 RMSE(val)=36.133171
[GA][Iter2] Gen:4 Ind:10 RMSE(val)=36.631739
[GA][Iter2] Gen:4 Ind:11 RMSE(val)=37.425610
[GA][Iter2] Gen:4 Ind:12 RMSE(val)=35.892745
[GA][Iter2] Gen:4 Ind:13 RMSE(val)=34.947447
[GA][Iter2] Gen:4 Ind:14 RMSE(val)=36.317846
[GA][Iter2] Gen:4 Ind:15 RMSE(val)=34.947447
[GA][Iter2] Gen:4 Ind:16 RMSE(val)=36.124696
[GA][Iter2] Gen:4 Ind:17 RMSE(val)=34.947447
[GA][Iter2] Gen:4 Ind:18 RMSE(val)=34.171714
[GA][Iter2] Gen:4 Ind:19 RMSE(val)=35.726164
[GA][Iter2] Gen:4 Ind:20 RMSE(val)=37.718103
[GA][Iter2] gen=4 best_val_rmse=32.577543
[GA][Iter2] Gen:5 Ind:1 RMSE(val)=32.577543
[GA][Iter2] Gen:5 Ind:2 RMSE(val)=32.577543
[GA][Iter2] Gen:5 Ind:3 RMSE(val)=34.171714
[GA][Iter2] Gen:5 Ind:4 RMSE(val)=34.171714
[GA][Iter2] Gen:5 Ind:5 RMSE(val)=34.171714
[GA][Iter2] Gen:5 Ind:6 RMSE(val)=34.906895
[GA][Iter2] Gen:5 Ind:7 RMSE(val)=34.906895
[GA][Iter2] Gen:5 Ind:8 RMSE(val)=34.947447
[GA][Iter2] Gen:5 Ind:9 RMSE(val)=34.947447
[GA][Iter2] Gen:5 Ind:10 RMSE(val)=34.947447
[GA][Iter2] Gen:5 Ind:11 RMSE(val)=34.947447
[GA][Iter2] Gen:5 Ind:12 RMSE(val)=34.171714
[GA][Iter2] Gen:5 Ind:13 RMSE(val)=35.726164
[GA][Iter2] Gen:5 Ind:14 RMSE(val)=34.947447
[GA][Iter2] Gen:5 Ind:15 RMSE(val)=39.217815
[GA][Iter2] Gen:5 Ind:16 RMSE(val)=35.636215
[GA][Iter2] Gen:5 Ind:17 RMSE(val)=35.285185
[GA][Iter2] Gen:5 Ind:18 RMSE(val)=34.947447
[GA][Iter2] Gen:5 Ind:19 RMSE(val)=32.577543
[GA][Iter2] Gen:5 Ind:20 RMSE(val)=34.947447
[GA][Iter2] gen=5 best_val_rmse=32.577543
[GA][Iter2] Gen:6 Ind:1 RMSE(val)=32.577543
[GA][Iter2] Gen:6 Ind:2 RMSE(val)=32.577543
[GA][Iter2] Gen:6 Ind:3 RMSE(val)=32.577543
[GA][Iter2] Gen:6 Ind:4 RMSE(val)=34.171714
[GA][Iter2] Gen:6 Ind:5 RMSE(val)=34.171714
[GA][Iter2] Gen:6 Ind:6 RMSE(val)=34.171714
[GA][Iter2] Gen:6 Ind:7 RMSE(val)=34.171714
[GA][Iter2] Gen:6 Ind:8 RMSE(val)=34.906895
[GA][Iter2] Gen:6 Ind:9 RMSE(val)=34.906895
[GA][Iter2] Gen:6 Ind:10 RMSE(val)=34.947447
[GA][Iter2] Gen:6 Ind:11 RMSE(val)=35.957580
[GA][Iter2] Gen:6 Ind:12 RMSE(val)=34.906895
[GA][Iter2] Gen:6 Ind:13 RMSE(val)=41.866521
[GA][Iter2] Gen:6 Ind:14 RMSE(val)=34.171714
[GA][Iter2] Gen:6 Ind:15 RMSE(val)=34.171714
[GA][Iter2] Gen:6 Ind:16 RMSE(val)=36.835470
[GA][Iter2] Gen:6 Ind:17 RMSE(val)=35.726164
[GA][Iter2] Gen:6 Ind:18 RMSE(val)=34.947447
[GA][Iter2] Gen:6 Ind:19 RMSE(val)=36.835470
[GA][Iter2] Gen:6 Ind:20 RMSE(val)=32.577543
[GA][Iter2] gen=6 best_val_rmse=32.577543
[GA][Iter2] Gen:7 Ind:1 RMSE(val)=32.577543
[GA][Iter2] Gen:7 Ind:2 RMSE(val)=32.577543
[GA][Iter2] Gen:7 Ind:3 RMSE(val)=32.577543
[GA][Iter2] Gen:7 Ind:4 RMSE(val)=32.577543
[GA][Iter2] Gen:7 Ind:5 RMSE(val)=34.171714
[GA][Iter2] Gen:7 Ind:6 RMSE(val)=34.171714
[GA][Iter2] Gen:7 Ind:7 RMSE(val)=34.171714
[GA][Iter2] Gen:7 Ind:8 RMSE(val)=34.171714
[GA][Iter2] Gen:7 Ind:9 RMSE(val)=34.171714
[GA][Iter2] Gen:7 Ind:10 RMSE(val)=34.171714
[GA][Iter2] Gen:7 Ind:11 RMSE(val)=35.636215
[GA][Iter2] Gen:7 Ind:12 RMSE(val)=42.228627
[GA][Iter2] Gen:7 Ind:13 RMSE(val)=35.636215
[GA][Iter2] Gen:7 Ind:14 RMSE(val)=42.228627
[GA][Iter2] Gen:7 Ind:15 RMSE(val)=34.947447
[GA][Iter2] Gen:7 Ind:16 RMSE(val)=34.171714
[GA][Iter2] Gen:7 Ind:17 RMSE(val)=34.171714
[GA][Iter2] Gen:7 Ind:18 RMSE(val)=34.171714
[GA][Iter2] Gen:7 Ind:19 RMSE(val)=34.171714
[GA][Iter2] Gen:7 Ind:20 RMSE(val)=34.171714
[GA][Iter2] gen=7 best_val_rmse=32.577543
[GA][Iter2] Gen:8 Ind:1 RMSE(val)=32.577543
[GA][Iter2] Gen:8 Ind:2 RMSE(val)=32.577543
[GA][Iter2] Gen:8 Ind:3 RMSE(val)=32.577543
[GA][Iter2] Gen:8 Ind:4 RMSE(val)=32.577543
[GA][Iter2] Gen:8 Ind:5 RMSE(val)=34.171714
[GA][Iter2] Gen:8 Ind:6 RMSE(val)=34.171714
[GA][Iter2] Gen:8 Ind:7 RMSE(val)=34.171714
[GA][Iter2] Gen:8 Ind:8 RMSE(val)=34.171714
[GA][Iter2] Gen:8 Ind:9 RMSE(val)=34.171714
[GA][Iter2] Gen:8 Ind:10 RMSE(val)=34.171714
[GA][Iter2] Gen:8 Ind:11 RMSE(val)=34.947447
[GA][Iter2] Gen:8 Ind:12 RMSE(val)=34.171714
[GA][Iter2] Gen:8 Ind:13 RMSE(val)=34.171714
[GA][Iter2] Gen:8 Ind:14 RMSE(val)=36.835470
[GA][Iter2] Gen:8 Ind:15 RMSE(val)=32.577543
[GA][Iter2] Gen:8 Ind:16 RMSE(val)=34.171714
[GA][Iter2] Gen:8 Ind:17 RMSE(val)=34.171714
[GA][Iter2] Gen:8 Ind:18 RMSE(val)=34.171714
[GA][Iter2] Gen:8 Ind:19 RMSE(val)=42.228627
[GA][Iter2] Gen:8 Ind:20 RMSE(val)=34.171714
[GA][Iter2] gen=8 best_val_rmse=32.577543
[GA][Iter2] Gen:9 Ind:1 RMSE(val)=32.577543
[GA][Iter2] Gen:9 Ind:2 RMSE(val)=32.577543
[GA][Iter2] Gen:9 Ind:3 RMSE(val)=32.577543
[GA][Iter2] Gen:9 Ind:4 RMSE(val)=32.577543
[GA][Iter2] Gen:9 Ind:5 RMSE(val)=32.577543
[GA][Iter2] Gen:9 Ind:6 RMSE(val)=34.171714
[GA][Iter2] Gen:9 Ind:7 RMSE(val)=34.171714
[GA][Iter2] Gen:9 Ind:8 RMSE(val)=34.171714
[GA][Iter2] Gen:9 Ind:9 RMSE(val)=34.171714
[GA][Iter2] Gen:9 Ind:10 RMSE(val)=34.171714
[GA][Iter2] Gen:9 Ind:11 RMSE(val)=34.947447
[GA][Iter2] Gen:9 Ind:12 RMSE(val)=32.577543
[GA][Iter2] Gen:9 Ind:13 RMSE(val)=34.171714
[GA][Iter2] Gen:9 Ind:14 RMSE(val)=34.947447
[GA][Iter2] Gen:9 Ind:15 RMSE(val)=35.636215
[GA][Iter2] Gen:9 Ind:16 RMSE(val)=37.736814
[GA][Iter2] Gen:9 Ind:17 RMSE(val)=39.217815
[GA][Iter2] Gen:9 Ind:18 RMSE(val)=41.866521
[GA][Iter2] Gen:9 Ind:19 RMSE(val)=34.171714
[GA][Iter2] Gen:9 Ind:20 RMSE(val)=34.947447
[GA][Iter2] gen=9 best_val_rmse=32.577543
[GA][Iter2] Gen:10 Ind:1 RMSE(val)=32.577543
[GA][Iter2] Gen:10 Ind:2 RMSE(val)=32.577543
[GA][Iter2] Gen:10 Ind:3 RMSE(val)=32.577543
[GA][Iter2] Gen:10 Ind:4 RMSE(val)=32.577543
[GA][Iter2] Gen:10 Ind:5 RMSE(val)=32.577543
[GA][Iter2] Gen:10 Ind:6 RMSE(val)=32.577543
[GA][Iter2] Gen:10 Ind:7 RMSE(val)=34.171714
[GA][Iter2] Gen:10 Ind:8 RMSE(val)=34.171714
[GA][Iter2] Gen:10 Ind:9 RMSE(val)=34.171714
[GA][Iter2] Gen:10 Ind:10 RMSE(val)=34.171714
[GA][Iter2] Gen:10 Ind:11 RMSE(val)=41.866521
[GA][Iter2] Gen:10 Ind:12 RMSE(val)=34.947447
[GA][Iter2] Gen:10 Ind:13 RMSE(val)=32.577543
[GA][Iter2] Gen:10 Ind:14 RMSE(val)=32.577543
[GA][Iter2] Gen:10 Ind:15 RMSE(val)=32.577543
[GA][Iter2] Gen:10 Ind:16 RMSE(val)=42.228627
[GA][Iter2] Gen:10 Ind:17 RMSE(val)=36.835470
[GA][Iter2] Gen:10 Ind:18 RMSE(val)=41.433794
[GA][Iter2] Gen:10 Ind:19 RMSE(val)=32.577543
[GA][Iter2] Gen:10 Ind:20 RMSE(val)=34.171714
[GA][Iter2] gen=10 best_val_rmse=32.577543
[GA][Iter2] Gen:11 Ind:1 RMSE(val)=32.577543
[GA][Iter2] Gen:11 Ind:2 RMSE(val)=32.577543
[GA][Iter2] Gen:11 Ind:3 RMSE(val)=32.577543
[GA][Iter2] Gen:11 Ind:4 RMSE(val)=32.577543
[GA][Iter2] Gen:11 Ind:5 RMSE(val)=32.577543
[GA][Iter2] Gen:11 Ind:6 RMSE(val)=32.577543
[GA][Iter2] Gen:11 Ind:7 RMSE(val)=32.577543
[GA][Iter2] Gen:11 Ind:8 RMSE(val)=32.577543
[GA][Iter2] Gen:11 Ind:9 RMSE(val)=32.577543
[GA][Iter2] Gen:11 Ind:10 RMSE(val)=32.577543
[GA][Iter2] Gen:11 Ind:11 RMSE(val)=32.577543
[GA][Iter2] Gen:11 Ind:12 RMSE(val)=32.577543
[GA][Iter2] Gen:11 Ind:13 RMSE(val)=32.577543
[GA][Iter2] Gen:11 Ind:14 RMSE(val)=32.577543
[GA][Iter2] Gen:11 Ind:15 RMSE(val)=32.577543
[GA][Iter2] Gen:11 Ind:16 RMSE(val)=32.577543
[GA][Iter2] Gen:11 Ind:17 RMSE(val)=32.577543
[GA][Iter2] Gen:11 Ind:18 RMSE(val)=32.577543
[GA][Iter2] Gen:11 Ind:19 RMSE(val)=32.577543
[GA][Iter2] Gen:11 Ind:20 RMSE(val)=32.577543
[GA][Iter2] gen=11 best_val_rmse=32.577543
[GA][Iter2] Gen:12 Ind:1 RMSE(val)=32.577543
[GA][Iter2] Gen:12 Ind:2 RMSE(val)=32.577543
[GA][Iter2] Gen:12 Ind:3 RMSE(val)=32.577543
[GA][Iter2] Gen:12 Ind:4 RMSE(val)=32.577543
[GA][Iter2] Gen:12 Ind:5 RMSE(val)=32.577543
[GA][Iter2] Gen:12 Ind:6 RMSE(val)=32.577543
[GA][Iter2] Gen:12 Ind:7 RMSE(val)=32.577543
[GA][Iter2] Gen:12 Ind:8 RMSE(val)=32.577543
[GA][Iter2] Gen:12 Ind:9 RMSE(val)=32.577543
[GA][Iter2] Gen:12 Ind:10 RMSE(val)=32.577543
[GA][Iter2] Gen:12 Ind:11 RMSE(val)=32.577543
[GA][Iter2] Gen:12 Ind:12 RMSE(val)=32.577543
[GA][Iter2] Gen:12 Ind:13 RMSE(val)=32.577543
[GA][Iter2] Gen:12 Ind:14 RMSE(val)=34.947447
[GA][Iter2] Gen:12 Ind:15 RMSE(val)=32.577543
[GA][Iter2] Gen:12 Ind:16 RMSE(val)=32.577543
[GA][Iter2] Gen:12 Ind:17 RMSE(val)=32.577543
[GA][Iter2] Gen:12 Ind:18 RMSE(val)=32.577543
[GA][Iter2] Gen:12 Ind:19 RMSE(val)=32.431695
[GA][Iter2] Gen:12 Ind:20 RMSE(val)=32.577543
[GA][Iter2] gen=12 best_val_rmse=32.431695
[GA][Iter2] Gen:13 Ind:1 RMSE(val)=32.431695
[GA][Iter2] Gen:13 Ind:2 RMSE(val)=32.577543
[GA][Iter2] Gen:13 Ind:3 RMSE(val)=32.577543
[GA][Iter2] Gen:13 Ind:4 RMSE(val)=32.577543
[GA][Iter2] Gen:13 Ind:5 RMSE(val)=32.577543
[GA][Iter2] Gen:13 Ind:6 RMSE(val)=32.577543
[GA][Iter2] Gen:13 Ind:7 RMSE(val)=32.577543
[GA][Iter2] Gen:13 Ind:8 RMSE(val)=32.577543
[GA][Iter2] Gen:13 Ind:9 RMSE(val)=32.577543
[GA][Iter2] Gen:13 Ind:10 RMSE(val)=32.577543
[GA][Iter2] Gen:13 Ind:11 RMSE(val)=32.577543
[GA][Iter2] Gen:13 Ind:12 RMSE(val)=32.577543
[GA][Iter2] Gen:13 Ind:13 RMSE(val)=32.577543
[GA][Iter2] Gen:13 Ind:14 RMSE(val)=32.431695
[GA][Iter2] Gen:13 Ind:15 RMSE(val)=42.123221
[GA][Iter2] Gen:13 Ind:16 RMSE(val)=32.577543
[GA][Iter2] Gen:13 Ind:17 RMSE(val)=32.577543
[GA][Iter2] Gen:13 Ind:18 RMSE(val)=34.947447
[GA][Iter2] Gen:13 Ind:19 RMSE(val)=32.577543
[GA][Iter2] Gen:13 Ind:20 RMSE(val)=32.577543
[GA][Iter2] gen=13 best_val_rmse=32.431695
[GA][Iter2] Gen:14 Ind:1 RMSE(val)=32.431695
[GA][Iter2] Gen:14 Ind:2 RMSE(val)=32.431695
[GA][Iter2] Gen:14 Ind:3 RMSE(val)=32.577543
[GA][Iter2] Gen:14 Ind:4 RMSE(val)=32.577543
[GA][Iter2] Gen:14 Ind:5 RMSE(val)=32.577543
[GA][Iter2] Gen:14 Ind:6 RMSE(val)=32.577543
[GA][Iter2] Gen:14 Ind:7 RMSE(val)=32.577543
[GA][Iter2] Gen:14 Ind:8 RMSE(val)=32.577543
[GA][Iter2] Gen:14 Ind:9 RMSE(val)=32.577543
[GA][Iter2] Gen:14 Ind:10 RMSE(val)=32.577543
[GA][Iter2] Gen:14 Ind:11 RMSE(val)=32.577543
[GA][Iter2] Gen:14 Ind:12 RMSE(val)=32.577543
[GA][Iter2] Gen:14 Ind:13 RMSE(val)=32.577543
[GA][Iter2] Gen:14 Ind:14 RMSE(val)=32.431695
[GA][Iter2] Gen:14 Ind:15 RMSE(val)=32.577543
[GA][Iter2] Gen:14 Ind:16 RMSE(val)=32.577543
[GA][Iter2] Gen:14 Ind:17 RMSE(val)=32.431695
[GA][Iter2] Gen:14 Ind:18 RMSE(val)=32.431695
[GA][Iter2] Gen:14 Ind:19 RMSE(val)=33.690891
[GA][Iter2] Gen:14 Ind:20 RMSE(val)=32.577543
[GA][Iter2] gen=14 best_val_rmse=32.431695
[GA][Iter2] Gen:15 Ind:1 RMSE(val)=32.431695
[GA][Iter2] Gen:15 Ind:2 RMSE(val)=32.431695
[GA][Iter2] Gen:15 Ind:3 RMSE(val)=32.431695
[GA][Iter2] Gen:15 Ind:4 RMSE(val)=32.431695
[GA][Iter2] Gen:15 Ind:5 RMSE(val)=32.431695
[GA][Iter2] Gen:15 Ind:6 RMSE(val)=32.577543
[GA][Iter2] Gen:15 Ind:7 RMSE(val)=32.577543
[GA][Iter2] Gen:15 Ind:8 RMSE(val)=32.577543
[GA][Iter2] Gen:15 Ind:9 RMSE(val)=32.577543
[GA][Iter2] Gen:15 Ind:10 RMSE(val)=32.577543
[GA][Iter2] Gen:15 Ind:11 RMSE(val)=32.577543
[GA][Iter2] Gen:15 Ind:12 RMSE(val)=32.431695
[GA][Iter2] Gen:15 Ind:13 RMSE(val)=32.577543
[GA][Iter2] Gen:15 Ind:14 RMSE(val)=32.431695
[GA][Iter2] Gen:15 Ind:15 RMSE(val)=32.577543
[GA][Iter2] Gen:15 Ind:16 RMSE(val)=32.577543
[GA][Iter2] Gen:15 Ind:17 RMSE(val)=32.577543
[GA][Iter2] Gen:15 Ind:18 RMSE(val)=32.577543
[GA][Iter2] Gen:15 Ind:19 RMSE(val)=32.431695
[GA][Iter2] Gen:15 Ind:20 RMSE(val)=42.123221
[GA][Iter2] gen=15 best_val_rmse=32.431695
[GA][Iter2] Gen:15 Ind:1 RMSE(val)=32.431695
[GA][Iter2] Gen:15 Ind:2 RMSE(val)=32.431695
[GA][Iter2] Gen:15 Ind:3 RMSE(val)=32.431695
[GA][Iter2] Gen:15 Ind:4 RMSE(val)=32.431695
[GA][Iter2] Gen:15 Ind:5 RMSE(val)=32.431695
[GA][Iter2] Gen:15 Ind:6 RMSE(val)=32.431695
[GA][Iter2] Gen:15 Ind:7 RMSE(val)=32.431695
[GA][Iter2] Gen:15 Ind:8 RMSE(val)=32.431695
[GA][Iter2] Gen:15 Ind:9 RMSE(val)=32.577543
[GA][Iter2] Gen:15 Ind:10 RMSE(val)=32.577543
[GA][Iter2] Gen:15 Ind:11 RMSE(val)=37.725526
[GA][Iter2] Gen:15 Ind:12 RMSE(val)=32.431695
[GA][Iter2] Gen:15 Ind:13 RMSE(val)=32.431695
[GA][Iter2] Gen:15 Ind:14 RMSE(val)=32.431695
[GA][Iter2] Gen:15 Ind:15 RMSE(val)=32.431695
[GA][Iter2] Gen:15 Ind:16 RMSE(val)=32.431695
[GA][Iter2] Gen:15 Ind:17 RMSE(val)=32.431695
[GA][Iter2] Gen:15 Ind:18 RMSE(val)=32.431695
[GA][Iter2] Gen:15 Ind:19 RMSE(val)=32.431695
[GA][Iter2] Gen:15 Ind:20 RMSE(val)=33.967611

[GA DONE][Iter2] Best params on val fold of Iter2
Best val RMSE: 32.431695
Best params: {'max_depth': 42, 'min_samples_split': 18, 'min_samples_leaf': 27, 'max_features': None, 'splitter': 'random', 'criterion': 'absolute_error'}
--------------------------------------------------------------------------------
[RETUNE GA] Iter2: train folds 1..6 -> test fold 7  RMSE=32.519937  NRMSE=1.307996  CVRMSE=0.094223  R2=-0.726843
[GA][Iter3] Gen:1 Ind:1 RMSE(val)=45.211778
[GA][Iter3] Gen:1 Ind:2 RMSE(val)=33.145932
[GA][Iter3] Gen:1 Ind:3 RMSE(val)=46.503100
[GA][Iter3] Gen:1 Ind:4 RMSE(val)=34.517599
[GA][Iter3] Gen:1 Ind:5 RMSE(val)=27.717573
[GA][Iter3] Gen:1 Ind:6 RMSE(val)=29.580947
[GA][Iter3] Gen:1 Ind:7 RMSE(val)=31.850899
[GA][Iter3] Gen:1 Ind:8 RMSE(val)=39.235262
[GA][Iter3] Gen:1 Ind:9 RMSE(val)=32.740209
[GA][Iter3] Gen:1 Ind:10 RMSE(val)=35.883040
[GA][Iter3] Gen:1 Ind:11 RMSE(val)=29.253165
[GA][Iter3] Gen:1 Ind:12 RMSE(val)=32.151704
[GA][Iter3] Gen:1 Ind:13 RMSE(val)=30.491992
[GA][Iter3] Gen:1 Ind:14 RMSE(val)=31.624129
[GA][Iter3] Gen:1 Ind:15 RMSE(val)=30.287855
[GA][Iter3] Gen:1 Ind:16 RMSE(val)=32.967789
[GA][Iter3] Gen:1 Ind:17 RMSE(val)=41.343525
[GA][Iter3] Gen:1 Ind:18 RMSE(val)=40.316349
[GA][Iter3] Gen:1 Ind:19 RMSE(val)=31.358732
[GA][Iter3] Gen:1 Ind:20 RMSE(val)=29.886312
[GA][Iter3] gen=1 best_val_rmse=27.717573
[GA][Iter3] Gen:2 Ind:1 RMSE(val)=27.717573
[GA][Iter3] Gen:2 Ind:2 RMSE(val)=29.253165
[GA][Iter3] Gen:2 Ind:3 RMSE(val)=29.580947
[GA][Iter3] Gen:2 Ind:4 RMSE(val)=29.886312
[GA][Iter3] Gen:2 Ind:5 RMSE(val)=30.287855
[GA][Iter3] Gen:2 Ind:6 RMSE(val)=30.491992
[GA][Iter3] Gen:2 Ind:7 RMSE(val)=31.358732
[GA][Iter3] Gen:2 Ind:8 RMSE(val)=31.624129
[GA][Iter3] Gen:2 Ind:9 RMSE(val)=31.850899
[GA][Iter3] Gen:2 Ind:10 RMSE(val)=32.151704
[GA][Iter3] Gen:2 Ind:11 RMSE(val)=33.145932
[GA][Iter3] Gen:2 Ind:12 RMSE(val)=27.455203
[GA][Iter3] Gen:2 Ind:13 RMSE(val)=35.994481
[GA][Iter3] Gen:2 Ind:14 RMSE(val)=29.891573
[GA][Iter3] Gen:2 Ind:15 RMSE(val)=29.253165
[GA][Iter3] Gen:2 Ind:16 RMSE(val)=32.253890
[GA][Iter3] Gen:2 Ind:17 RMSE(val)=40.771598
[GA][Iter3] Gen:2 Ind:18 RMSE(val)=31.244532
[GA][Iter3] Gen:2 Ind:19 RMSE(val)=34.035564
[GA][Iter3] Gen:2 Ind:20 RMSE(val)=32.851768
[GA][Iter3] gen=2 best_val_rmse=27.455203
[GA][Iter3] Gen:3 Ind:1 RMSE(val)=27.455203
[GA][Iter3] Gen:3 Ind:2 RMSE(val)=27.717573
[GA][Iter3] Gen:3 Ind:3 RMSE(val)=29.253165
[GA][Iter3] Gen:3 Ind:4 RMSE(val)=29.253165
[GA][Iter3] Gen:3 Ind:5 RMSE(val)=29.580947
[GA][Iter3] Gen:3 Ind:6 RMSE(val)=29.886312
[GA][Iter3] Gen:3 Ind:7 RMSE(val)=29.891573
[GA][Iter3] Gen:3 Ind:8 RMSE(val)=30.287855
[GA][Iter3] Gen:3 Ind:9 RMSE(val)=30.491992
[GA][Iter3] Gen:3 Ind:10 RMSE(val)=31.244532
[GA][Iter3] Gen:3 Ind:11 RMSE(val)=31.244532
[GA][Iter3] Gen:3 Ind:12 RMSE(val)=27.717573
[GA][Iter3] Gen:3 Ind:13 RMSE(val)=29.253165
[GA][Iter3] Gen:3 Ind:14 RMSE(val)=28.782859
[GA][Iter3] Gen:3 Ind:15 RMSE(val)=34.020453
[GA][Iter3] Gen:3 Ind:16 RMSE(val)=30.287855
[GA][Iter3] Gen:3 Ind:17 RMSE(val)=27.615208
[GA][Iter3] Gen:3 Ind:18 RMSE(val)=35.781164
[GA][Iter3] Gen:3 Ind:19 RMSE(val)=33.615198
[GA][Iter3] Gen:3 Ind:20 RMSE(val)=30.731901
[GA][Iter3] gen=3 best_val_rmse=27.455203
[GA][Iter3] Gen:4 Ind:1 RMSE(val)=27.455203
[GA][Iter3] Gen:4 Ind:2 RMSE(val)=27.615208
[GA][Iter3] Gen:4 Ind:3 RMSE(val)=27.717573
[GA][Iter3] Gen:4 Ind:4 RMSE(val)=27.717573
[GA][Iter3] Gen:4 Ind:5 RMSE(val)=28.782859
[GA][Iter3] Gen:4 Ind:6 RMSE(val)=29.253165
[GA][Iter3] Gen:4 Ind:7 RMSE(val)=29.253165
[GA][Iter3] Gen:4 Ind:8 RMSE(val)=29.253165
[GA][Iter3] Gen:4 Ind:9 RMSE(val)=29.580947
[GA][Iter3] Gen:4 Ind:10 RMSE(val)=29.886312
[GA][Iter3] Gen:4 Ind:11 RMSE(val)=29.891573
[GA][Iter3] Gen:4 Ind:12 RMSE(val)=33.615198
[GA][Iter3] Gen:4 Ind:13 RMSE(val)=33.615198
[GA][Iter3] Gen:4 Ind:14 RMSE(val)=29.580947
[GA][Iter3] Gen:4 Ind:15 RMSE(val)=28.647812
[GA][Iter3] Gen:4 Ind:16 RMSE(val)=29.580947
[GA][Iter3] Gen:4 Ind:17 RMSE(val)=28.926602
[GA][Iter3] Gen:4 Ind:18 RMSE(val)=27.717573
[GA][Iter3] Gen:4 Ind:19 RMSE(val)=28.782859
[GA][Iter3] Gen:4 Ind:20 RMSE(val)=29.580947
[GA][Iter3] gen=4 best_val_rmse=27.455203
[GA][Iter3] Gen:5 Ind:1 RMSE(val)=27.455203
[GA][Iter3] Gen:5 Ind:2 RMSE(val)=27.615208
[GA][Iter3] Gen:5 Ind:3 RMSE(val)=27.717573
[GA][Iter3] Gen:5 Ind:4 RMSE(val)=27.717573
[GA][Iter3] Gen:5 Ind:5 RMSE(val)=27.717573
[GA][Iter3] Gen:5 Ind:6 RMSE(val)=28.647812
[GA][Iter3] Gen:5 Ind:7 RMSE(val)=28.782859
[GA][Iter3] Gen:5 Ind:8 RMSE(val)=28.782859
[GA][Iter3] Gen:5 Ind:9 RMSE(val)=28.926602
[GA][Iter3] Gen:5 Ind:10 RMSE(val)=29.253165
[GA][Iter3] Gen:5 Ind:11 RMSE(val)=27.688655
[GA][Iter3] Gen:5 Ind:12 RMSE(val)=27.688655
[GA][Iter3] Gen:5 Ind:13 RMSE(val)=28.647812
[GA][Iter3] Gen:5 Ind:14 RMSE(val)=28.943708
[GA][Iter3] Gen:5 Ind:15 RMSE(val)=27.717573
[GA][Iter3] Gen:5 Ind:16 RMSE(val)=28.943708
[GA][Iter3] Gen:5 Ind:17 RMSE(val)=33.615198
[GA][Iter3] Gen:5 Ind:18 RMSE(val)=33.503596
[GA][Iter3] Gen:5 Ind:19 RMSE(val)=27.455203
[GA][Iter3] Gen:5 Ind:20 RMSE(val)=33.579235
[GA][Iter3] gen=5 best_val_rmse=27.455203
[GA][Iter3] Gen:6 Ind:1 RMSE(val)=27.455203
[GA][Iter3] Gen:6 Ind:2 RMSE(val)=27.455203
[GA][Iter3] Gen:6 Ind:3 RMSE(val)=27.615208
[GA][Iter3] Gen:6 Ind:4 RMSE(val)=27.688655
[GA][Iter3] Gen:6 Ind:5 RMSE(val)=27.688655
[GA][Iter3] Gen:6 Ind:6 RMSE(val)=27.717573
[GA][Iter3] Gen:6 Ind:7 RMSE(val)=27.717573
[GA][Iter3] Gen:6 Ind:8 RMSE(val)=27.717573
[GA][Iter3] Gen:6 Ind:9 RMSE(val)=27.717573
[GA][Iter3] Gen:6 Ind:10 RMSE(val)=28.647812
[GA][Iter3] Gen:6 Ind:11 RMSE(val)=27.717573
[GA][Iter3] Gen:6 Ind:12 RMSE(val)=27.717573
[GA][Iter3] Gen:6 Ind:13 RMSE(val)=27.615208
[GA][Iter3] Gen:6 Ind:14 RMSE(val)=27.717573
[GA][Iter3] Gen:6 Ind:15 RMSE(val)=27.688655
[GA][Iter3] Gen:6 Ind:16 RMSE(val)=28.782859
[GA][Iter3] Gen:6 Ind:17 RMSE(val)=28.647812
[GA][Iter3] Gen:6 Ind:18 RMSE(val)=27.455203
[GA][Iter3] Gen:6 Ind:19 RMSE(val)=27.455203
[GA][Iter3] Gen:6 Ind:20 RMSE(val)=27.455203
[GA][Iter3] gen=6 best_val_rmse=27.455203
[GA][Iter3] Gen:7 Ind:1 RMSE(val)=27.455203
[GA][Iter3] Gen:7 Ind:2 RMSE(val)=27.455203
[GA][Iter3] Gen:7 Ind:3 RMSE(val)=27.455203
[GA][Iter3] Gen:7 Ind:4 RMSE(val)=27.455203
[GA][Iter3] Gen:7 Ind:5 RMSE(val)=27.455203
[GA][Iter3] Gen:7 Ind:6 RMSE(val)=27.615208
[GA][Iter3] Gen:7 Ind:7 RMSE(val)=27.615208
[GA][Iter3] Gen:7 Ind:8 RMSE(val)=27.688655
[GA][Iter3] Gen:7 Ind:9 RMSE(val)=27.688655
[GA][Iter3] Gen:7 Ind:10 RMSE(val)=27.688655
[GA][Iter3] Gen:7 Ind:11 RMSE(val)=27.688655
[GA][Iter3] Gen:7 Ind:12 RMSE(val)=27.455203
[GA][Iter3] Gen:7 Ind:13 RMSE(val)=27.455203
[GA][Iter3] Gen:7 Ind:14 RMSE(val)=27.615208
[GA][Iter3] Gen:7 Ind:15 RMSE(val)=27.455203
[GA][Iter3] Gen:7 Ind:16 RMSE(val)=27.615208
[GA][Iter3] Gen:7 Ind:17 RMSE(val)=27.615208
[GA][Iter3] Gen:7 Ind:18 RMSE(val)=27.688655
[GA][Iter3] Gen:7 Ind:19 RMSE(val)=27.688655
[GA][Iter3] Gen:7 Ind:20 RMSE(val)=27.455203
[GA][Iter3] gen=7 best_val_rmse=27.455203
[GA][Iter3] Gen:8 Ind:1 RMSE(val)=27.455203
[GA][Iter3] Gen:8 Ind:2 RMSE(val)=27.455203
[GA][Iter3] Gen:8 Ind:3 RMSE(val)=27.455203
[GA][Iter3] Gen:8 Ind:4 RMSE(val)=27.455203
[GA][Iter3] Gen:8 Ind:5 RMSE(val)=27.455203
[GA][Iter3] Gen:8 Ind:6 RMSE(val)=27.455203
[GA][Iter3] Gen:8 Ind:7 RMSE(val)=27.455203
[GA][Iter3] Gen:8 Ind:8 RMSE(val)=27.455203
[GA][Iter3] Gen:8 Ind:9 RMSE(val)=27.455203
[GA][Iter3] Gen:8 Ind:10 RMSE(val)=27.615208
[GA][Iter3] Gen:8 Ind:11 RMSE(val)=27.455203
[GA][Iter3] Gen:8 Ind:12 RMSE(val)=27.615208
[GA][Iter3] Gen:8 Ind:13 RMSE(val)=27.455203
[GA][Iter3] Gen:8 Ind:14 RMSE(val)=27.455203
[GA][Iter3] Gen:8 Ind:15 RMSE(val)=27.455203
[GA][Iter3] Gen:8 Ind:16 RMSE(val)=27.688655
[GA][Iter3] Gen:8 Ind:17 RMSE(val)=27.455203
[GA][Iter3] Gen:8 Ind:18 RMSE(val)=27.455203
[GA][Iter3] Gen:8 Ind:19 RMSE(val)=27.455203
[GA][Iter3] Gen:8 Ind:20 RMSE(val)=27.455203
[GA][Iter3] gen=8 best_val_rmse=27.455203
[GA][Iter3] Gen:9 Ind:1 RMSE(val)=27.455203
[GA][Iter3] Gen:9 Ind:2 RMSE(val)=27.455203
[GA][Iter3] Gen:9 Ind:3 RMSE(val)=27.455203
[GA][Iter3] Gen:9 Ind:4 RMSE(val)=27.455203
[GA][Iter3] Gen:9 Ind:5 RMSE(val)=27.455203
[GA][Iter3] Gen:9 Ind:6 RMSE(val)=27.455203
[GA][Iter3] Gen:9 Ind:7 RMSE(val)=27.455203
[GA][Iter3] Gen:9 Ind:8 RMSE(val)=27.455203
[GA][Iter3] Gen:9 Ind:9 RMSE(val)=27.455203
[GA][Iter3] Gen:9 Ind:10 RMSE(val)=27.455203
[GA][Iter3] Gen:9 Ind:11 RMSE(val)=27.455203
[GA][Iter3] Gen:9 Ind:12 RMSE(val)=27.455203
[GA][Iter3] Gen:9 Ind:13 RMSE(val)=33.615198
[GA][Iter3] Gen:9 Ind:14 RMSE(val)=28.943708
[GA][Iter3] Gen:9 Ind:15 RMSE(val)=27.455203
[GA][Iter3] Gen:9 Ind:16 RMSE(val)=27.455203
[GA][Iter3] Gen:9 Ind:17 RMSE(val)=27.455203
[GA][Iter3] Gen:9 Ind:18 RMSE(val)=27.615208
[GA][Iter3] Gen:9 Ind:19 RMSE(val)=27.455203
[GA][Iter3] Gen:9 Ind:20 RMSE(val)=27.455203
[GA][Iter3] gen=9 best_val_rmse=27.455203
[GA][Iter3] Gen:10 Ind:1 RMSE(val)=27.455203
[GA][Iter3] Gen:10 Ind:2 RMSE(val)=27.455203
[GA][Iter3] Gen:10 Ind:3 RMSE(val)=27.455203
[GA][Iter3] Gen:10 Ind:4 RMSE(val)=27.455203
[GA][Iter3] Gen:10 Ind:5 RMSE(val)=27.455203
[GA][Iter3] Gen:10 Ind:6 RMSE(val)=27.455203
[GA][Iter3] Gen:10 Ind:7 RMSE(val)=27.455203
[GA][Iter3] Gen:10 Ind:8 RMSE(val)=27.455203
[GA][Iter3] Gen:10 Ind:9 RMSE(val)=27.455203
[GA][Iter3] Gen:10 Ind:10 RMSE(val)=27.455203
[GA][Iter3] Gen:10 Ind:11 RMSE(val)=29.253165
[GA][Iter3] Gen:10 Ind:12 RMSE(val)=27.455203
[GA][Iter3] Gen:10 Ind:13 RMSE(val)=27.455203
[GA][Iter3] Gen:10 Ind:14 RMSE(val)=27.455203
[GA][Iter3] Gen:10 Ind:15 RMSE(val)=27.455203
[GA][Iter3] Gen:10 Ind:16 RMSE(val)=27.455203
[GA][Iter3] Gen:10 Ind:17 RMSE(val)=27.455203
[GA][Iter3] Gen:10 Ind:18 RMSE(val)=27.455203
[GA][Iter3] Gen:10 Ind:19 RMSE(val)=27.455203
[GA][Iter3] Gen:10 Ind:20 RMSE(val)=27.455203
[GA][Iter3] gen=10 best_val_rmse=27.455203
[GA][Iter3] Gen:11 Ind:1 RMSE(val)=27.455203
[GA][Iter3] Gen:11 Ind:2 RMSE(val)=27.455203
[GA][Iter3] Gen:11 Ind:3 RMSE(val)=27.455203
[GA][Iter3] Gen:11 Ind:4 RMSE(val)=27.455203
[GA][Iter3] Gen:11 Ind:5 RMSE(val)=27.455203
[GA][Iter3] Gen:11 Ind:6 RMSE(val)=27.455203
[GA][Iter3] Gen:11 Ind:7 RMSE(val)=27.455203
[GA][Iter3] Gen:11 Ind:8 RMSE(val)=27.455203
[GA][Iter3] Gen:11 Ind:9 RMSE(val)=27.455203
[GA][Iter3] Gen:11 Ind:10 RMSE(val)=27.455203
[GA][Iter3] Gen:11 Ind:11 RMSE(val)=27.455203
[GA][Iter3] Gen:11 Ind:12 RMSE(val)=27.455203
[GA][Iter3] Gen:11 Ind:13 RMSE(val)=27.455203
[GA][Iter3] Gen:11 Ind:14 RMSE(val)=27.455203
[GA][Iter3] Gen:11 Ind:15 RMSE(val)=27.455203
[GA][Iter3] Gen:11 Ind:16 RMSE(val)=27.455203
[GA][Iter3] Gen:11 Ind:17 RMSE(val)=27.455203
[GA][Iter3] Gen:11 Ind:18 RMSE(val)=27.455203
[GA][Iter3] Gen:11 Ind:19 RMSE(val)=27.455203
[GA][Iter3] Gen:11 Ind:20 RMSE(val)=27.455203
[GA][Iter3] gen=11 best_val_rmse=27.455203
[GA][Iter3] Gen:12 Ind:1 RMSE(val)=27.455203
[GA][Iter3] Gen:12 Ind:2 RMSE(val)=27.455203
[GA][Iter3] Gen:12 Ind:3 RMSE(val)=27.455203
[GA][Iter3] Gen:12 Ind:4 RMSE(val)=27.455203
[GA][Iter3] Gen:12 Ind:5 RMSE(val)=27.455203
[GA][Iter3] Gen:12 Ind:6 RMSE(val)=27.455203
[GA][Iter3] Gen:12 Ind:7 RMSE(val)=27.455203
[GA][Iter3] Gen:12 Ind:8 RMSE(val)=27.455203
[GA][Iter3] Gen:12 Ind:9 RMSE(val)=27.455203
[GA][Iter3] Gen:12 Ind:10 RMSE(val)=27.455203
[GA][Iter3] Gen:12 Ind:11 RMSE(val)=27.455203
[GA][Iter3] Gen:12 Ind:12 RMSE(val)=27.455203
[GA][Iter3] Gen:12 Ind:13 RMSE(val)=27.455203
[GA][Iter3] Gen:12 Ind:14 RMSE(val)=33.615198
[GA][Iter3] Gen:12 Ind:15 RMSE(val)=27.742950
[GA][Iter3] Gen:12 Ind:16 RMSE(val)=27.455203
[GA][Iter3] Gen:12 Ind:17 RMSE(val)=27.455203
[GA][Iter3] Gen:12 Ind:18 RMSE(val)=27.455203
[GA][Iter3] Gen:12 Ind:19 RMSE(val)=27.259756
[GA][Iter3] Gen:12 Ind:20 RMSE(val)=27.455203
[GA][Iter3] gen=12 best_val_rmse=27.259756
[GA][Iter3] Gen:13 Ind:1 RMSE(val)=27.259756
[GA][Iter3] Gen:13 Ind:2 RMSE(val)=27.455203
[GA][Iter3] Gen:13 Ind:3 RMSE(val)=27.455203
[GA][Iter3] Gen:13 Ind:4 RMSE(val)=27.455203
[GA][Iter3] Gen:13 Ind:5 RMSE(val)=27.455203
[GA][Iter3] Gen:13 Ind:6 RMSE(val)=27.455203
[GA][Iter3] Gen:13 Ind:7 RMSE(val)=27.455203
[GA][Iter3] Gen:13 Ind:8 RMSE(val)=27.455203
[GA][Iter3] Gen:13 Ind:9 RMSE(val)=27.455203
[GA][Iter3] Gen:13 Ind:10 RMSE(val)=27.455203
[GA][Iter3] Gen:13 Ind:11 RMSE(val)=27.455203
[GA][Iter3] Gen:13 Ind:12 RMSE(val)=27.455203
[GA][Iter3] Gen:13 Ind:13 RMSE(val)=27.455203
[GA][Iter3] Gen:13 Ind:14 RMSE(val)=27.259756
[GA][Iter3] Gen:13 Ind:15 RMSE(val)=27.259756
[GA][Iter3] Gen:13 Ind:16 RMSE(val)=27.455203
[GA][Iter3] Gen:13 Ind:17 RMSE(val)=27.455203
[GA][Iter3] Gen:13 Ind:18 RMSE(val)=33.615198
[GA][Iter3] Gen:13 Ind:19 RMSE(val)=27.455203
[GA][Iter3] Gen:13 Ind:20 RMSE(val)=27.455203
[GA][Iter3] gen=13 best_val_rmse=27.259756
[GA][Iter3] Gen:14 Ind:1 RMSE(val)=27.259756
[GA][Iter3] Gen:14 Ind:2 RMSE(val)=27.259756
[GA][Iter3] Gen:14 Ind:3 RMSE(val)=27.259756
[GA][Iter3] Gen:14 Ind:4 RMSE(val)=27.455203
[GA][Iter3] Gen:14 Ind:5 RMSE(val)=27.455203
[GA][Iter3] Gen:14 Ind:6 RMSE(val)=27.455203
[GA][Iter3] Gen:14 Ind:7 RMSE(val)=27.455203
[GA][Iter3] Gen:14 Ind:8 RMSE(val)=27.455203
[GA][Iter3] Gen:14 Ind:9 RMSE(val)=27.455203
[GA][Iter3] Gen:14 Ind:10 RMSE(val)=27.455203
[GA][Iter3] Gen:14 Ind:11 RMSE(val)=27.455203
[GA][Iter3] Gen:14 Ind:12 RMSE(val)=27.455203
[GA][Iter3] Gen:14 Ind:13 RMSE(val)=27.455203
[GA][Iter3] Gen:14 Ind:14 RMSE(val)=27.259756
[GA][Iter3] Gen:14 Ind:15 RMSE(val)=27.259756
[GA][Iter3] Gen:14 Ind:16 RMSE(val)=29.253165
[GA][Iter3] Gen:14 Ind:17 RMSE(val)=27.259756
[GA][Iter3] Gen:14 Ind:18 RMSE(val)=27.259756
[GA][Iter3] Gen:14 Ind:19 RMSE(val)=27.455203
[GA][Iter3] Gen:14 Ind:20 RMSE(val)=27.259756
[GA][Iter3] gen=14 best_val_rmse=27.259756
[GA][Iter3] Gen:15 Ind:1 RMSE(val)=27.259756
[GA][Iter3] Gen:15 Ind:2 RMSE(val)=27.259756
[GA][Iter3] Gen:15 Ind:3 RMSE(val)=27.259756
[GA][Iter3] Gen:15 Ind:4 RMSE(val)=27.259756
[GA][Iter3] Gen:15 Ind:5 RMSE(val)=27.259756
[GA][Iter3] Gen:15 Ind:6 RMSE(val)=27.259756
[GA][Iter3] Gen:15 Ind:7 RMSE(val)=27.259756
[GA][Iter3] Gen:15 Ind:8 RMSE(val)=27.259756
[GA][Iter3] Gen:15 Ind:9 RMSE(val)=27.455203
[GA][Iter3] Gen:15 Ind:10 RMSE(val)=27.455203
[GA][Iter3] Gen:15 Ind:11 RMSE(val)=27.259756
[GA][Iter3] Gen:15 Ind:12 RMSE(val)=27.259756
[GA][Iter3] Gen:15 Ind:13 RMSE(val)=27.259756
[GA][Iter3] Gen:15 Ind:14 RMSE(val)=27.259756
[GA][Iter3] Gen:15 Ind:15 RMSE(val)=27.259756
[GA][Iter3] Gen:15 Ind:16 RMSE(val)=29.253165
[GA][Iter3] Gen:15 Ind:17 RMSE(val)=27.455203
[GA][Iter3] Gen:15 Ind:18 RMSE(val)=27.259756
[GA][Iter3] Gen:15 Ind:19 RMSE(val)=27.259756
[GA][Iter3] Gen:15 Ind:20 RMSE(val)=27.259756
[GA][Iter3] gen=15 best_val_rmse=27.259756
[GA][Iter3] Gen:15 Ind:1 RMSE(val)=27.259756
[GA][Iter3] Gen:15 Ind:2 RMSE(val)=27.259756
[GA][Iter3] Gen:15 Ind:3 RMSE(val)=27.259756
[GA][Iter3] Gen:15 Ind:4 RMSE(val)=27.259756
[GA][Iter3] Gen:15 Ind:5 RMSE(val)=27.259756
[GA][Iter3] Gen:15 Ind:6 RMSE(val)=27.259756
[GA][Iter3] Gen:15 Ind:7 RMSE(val)=27.259756
[GA][Iter3] Gen:15 Ind:8 RMSE(val)=27.259756
[GA][Iter3] Gen:15 Ind:9 RMSE(val)=27.259756
[GA][Iter3] Gen:15 Ind:10 RMSE(val)=27.259756
[GA][Iter3] Gen:15 Ind:11 RMSE(val)=27.259756
[GA][Iter3] Gen:15 Ind:12 RMSE(val)=27.259756
[GA][Iter3] Gen:15 Ind:13 RMSE(val)=27.259756
[GA][Iter3] Gen:15 Ind:14 RMSE(val)=27.259756
[GA][Iter3] Gen:15 Ind:15 RMSE(val)=27.259756
[GA][Iter3] Gen:15 Ind:16 RMSE(val)=27.259756
[GA][Iter3] Gen:15 Ind:17 RMSE(val)=28.965740
[GA][Iter3] Gen:15 Ind:18 RMSE(val)=27.259756
[GA][Iter3] Gen:15 Ind:19 RMSE(val)=27.259756
[GA][Iter3] Gen:15 Ind:20 RMSE(val)=27.272265

[GA DONE][Iter3] Best params on val fold of Iter3
Best val RMSE: 27.259756
Best params: {'max_depth': 40, 'min_samples_split': 25, 'min_samples_leaf': 20, 'max_features': 'sqrt', 'splitter': 'best', 'criterion': 'friedman_mse'}
--------------------------------------------------------------------------------
[RETUNE GA] Iter3: train folds 1..7 -> test fold 8  RMSE=31.136568  NRMSE=1.096924  CVRMSE=0.091718  R2=-0.214486
[GA][Iter4] Gen:1 Ind:1 RMSE(val)=31.829913
[GA][Iter4] Gen:1 Ind:2 RMSE(val)=33.377922
[GA][Iter4] Gen:1 Ind:3 RMSE(val)=44.650463
[GA][Iter4] Gen:1 Ind:4 RMSE(val)=35.161993
[GA][Iter4] Gen:1 Ind:5 RMSE(val)=31.216441
[GA][Iter4] Gen:1 Ind:6 RMSE(val)=32.293468
[GA][Iter4] Gen:1 Ind:7 RMSE(val)=35.060714
[GA][Iter4] Gen:1 Ind:8 RMSE(val)=30.505709
[GA][Iter4] Gen:1 Ind:9 RMSE(val)=31.320993
[GA][Iter4] Gen:1 Ind:10 RMSE(val)=30.149512
[GA][Iter4] Gen:1 Ind:11 RMSE(val)=31.876888
[GA][Iter4] Gen:1 Ind:12 RMSE(val)=32.834151
[GA][Iter4] Gen:1 Ind:13 RMSE(val)=29.483831
[GA][Iter4] Gen:1 Ind:14 RMSE(val)=32.136316
[GA][Iter4] Gen:1 Ind:15 RMSE(val)=31.396619
[GA][Iter4] Gen:1 Ind:16 RMSE(val)=32.669082
[GA][Iter4] Gen:1 Ind:17 RMSE(val)=35.256763
[GA][Iter4] Gen:1 Ind:18 RMSE(val)=30.805388
[GA][Iter4] Gen:1 Ind:19 RMSE(val)=32.016289
[GA][Iter4] Gen:1 Ind:20 RMSE(val)=32.732771
[GA][Iter4] gen=1 best_val_rmse=29.483831
[GA][Iter4] Gen:2 Ind:1 RMSE(val)=29.483831
[GA][Iter4] Gen:2 Ind:2 RMSE(val)=30.149512
[GA][Iter4] Gen:2 Ind:3 RMSE(val)=30.505709
[GA][Iter4] Gen:2 Ind:4 RMSE(val)=30.805388
[GA][Iter4] Gen:2 Ind:5 RMSE(val)=31.216441
[GA][Iter4] Gen:2 Ind:6 RMSE(val)=31.320993
[GA][Iter4] Gen:2 Ind:7 RMSE(val)=31.396619
[GA][Iter4] Gen:2 Ind:8 RMSE(val)=31.829913
[GA][Iter4] Gen:2 Ind:9 RMSE(val)=31.876888
[GA][Iter4] Gen:2 Ind:10 RMSE(val)=32.016289
[GA][Iter4] Gen:2 Ind:11 RMSE(val)=33.253273
[GA][Iter4] Gen:2 Ind:12 RMSE(val)=30.897081
[GA][Iter4] Gen:2 Ind:13 RMSE(val)=31.711705
[GA][Iter4] Gen:2 Ind:14 RMSE(val)=33.378303
[GA][Iter4] Gen:2 Ind:15 RMSE(val)=32.362029
[GA][Iter4] Gen:2 Ind:16 RMSE(val)=30.335165
[GA][Iter4] Gen:2 Ind:17 RMSE(val)=31.829913
[GA][Iter4] Gen:2 Ind:18 RMSE(val)=31.876888
[GA][Iter4] Gen:2 Ind:19 RMSE(val)=31.829913
[GA][Iter4] Gen:2 Ind:20 RMSE(val)=40.722156
[GA][Iter4] gen=2 best_val_rmse=29.483831
[GA][Iter4] Gen:3 Ind:1 RMSE(val)=29.483831
[GA][Iter4] Gen:3 Ind:2 RMSE(val)=30.149512
[GA][Iter4] Gen:3 Ind:3 RMSE(val)=30.335165
[GA][Iter4] Gen:3 Ind:4 RMSE(val)=30.505709
[GA][Iter4] Gen:3 Ind:5 RMSE(val)=30.805388
[GA][Iter4] Gen:3 Ind:6 RMSE(val)=30.897081
[GA][Iter4] Gen:3 Ind:7 RMSE(val)=31.216441
[GA][Iter4] Gen:3 Ind:8 RMSE(val)=31.320993
[GA][Iter4] Gen:3 Ind:9 RMSE(val)=31.396619
[GA][Iter4] Gen:3 Ind:10 RMSE(val)=31.711705
[GA][Iter4] Gen:3 Ind:11 RMSE(val)=31.711705
[GA][Iter4] Gen:3 Ind:12 RMSE(val)=30.897081
[GA][Iter4] Gen:3 Ind:13 RMSE(val)=30.505709
[GA][Iter4] Gen:3 Ind:14 RMSE(val)=33.192864
[GA][Iter4] Gen:3 Ind:15 RMSE(val)=33.253273
[GA][Iter4] Gen:3 Ind:16 RMSE(val)=33.378303
[GA][Iter4] Gen:3 Ind:17 RMSE(val)=32.345573
[GA][Iter4] Gen:3 Ind:18 RMSE(val)=30.676176
[GA][Iter4] Gen:3 Ind:19 RMSE(val)=31.629261
[GA][Iter4] Gen:3 Ind:20 RMSE(val)=33.378303
[GA][Iter4] gen=3 best_val_rmse=29.483831
[GA][Iter4] Gen:4 Ind:1 RMSE(val)=29.483831
[GA][Iter4] Gen:4 Ind:2 RMSE(val)=30.149512
[GA][Iter4] Gen:4 Ind:3 RMSE(val)=30.335165
[GA][Iter4] Gen:4 Ind:4 RMSE(val)=30.505709
[GA][Iter4] Gen:4 Ind:5 RMSE(val)=30.505709
[GA][Iter4] Gen:4 Ind:6 RMSE(val)=30.676176
[GA][Iter4] Gen:4 Ind:7 RMSE(val)=30.805388
[GA][Iter4] Gen:4 Ind:8 RMSE(val)=30.897081
[GA][Iter4] Gen:4 Ind:9 RMSE(val)=30.897081
[GA][Iter4] Gen:4 Ind:10 RMSE(val)=31.216441
[GA][Iter4] Gen:4 Ind:11 RMSE(val)=32.133448
[GA][Iter4] Gen:4 Ind:12 RMSE(val)=31.076772
[GA][Iter4] Gen:4 Ind:13 RMSE(val)=29.036216
[GA][Iter4] Gen:4 Ind:14 RMSE(val)=37.905462
[GA][Iter4] Gen:4 Ind:15 RMSE(val)=31.789314
[GA][Iter4] Gen:4 Ind:16 RMSE(val)=30.870848
[GA][Iter4] Gen:4 Ind:17 RMSE(val)=31.711705
[GA][Iter4] Gen:4 Ind:18 RMSE(val)=30.335165
[GA][Iter4] Gen:4 Ind:19 RMSE(val)=30.505709
[GA][Iter4] Gen:4 Ind:20 RMSE(val)=37.905462
[GA][Iter4] gen=4 best_val_rmse=29.036216
[GA][Iter4] Gen:5 Ind:1 RMSE(val)=29.036216
[GA][Iter4] Gen:5 Ind:2 RMSE(val)=29.483831
[GA][Iter4] Gen:5 Ind:3 RMSE(val)=30.149512
[GA][Iter4] Gen:5 Ind:4 RMSE(val)=30.335165
[GA][Iter4] Gen:5 Ind:5 RMSE(val)=30.335165
[GA][Iter4] Gen:5 Ind:6 RMSE(val)=30.505709
[GA][Iter4] Gen:5 Ind:7 RMSE(val)=30.505709
[GA][Iter4] Gen:5 Ind:8 RMSE(val)=30.505709
[GA][Iter4] Gen:5 Ind:9 RMSE(val)=30.676176
[GA][Iter4] Gen:5 Ind:10 RMSE(val)=30.805388
[GA][Iter4] Gen:5 Ind:11 RMSE(val)=40.722156
[GA][Iter4] Gen:5 Ind:12 RMSE(val)=35.125371
[GA][Iter4] Gen:5 Ind:13 RMSE(val)=40.722156
[GA][Iter4] Gen:5 Ind:14 RMSE(val)=30.335165
[GA][Iter4] Gen:5 Ind:15 RMSE(val)=31.434713
[GA][Iter4] Gen:5 Ind:16 RMSE(val)=30.335165
[GA][Iter4] Gen:5 Ind:17 RMSE(val)=31.565695
[GA][Iter4] Gen:5 Ind:18 RMSE(val)=40.722156
[GA][Iter4] Gen:5 Ind:19 RMSE(val)=29.483831
[GA][Iter4] Gen:5 Ind:20 RMSE(val)=30.129769
[GA][Iter4] gen=5 best_val_rmse=29.036216
[GA][Iter4] Gen:6 Ind:1 RMSE(val)=29.036216
[GA][Iter4] Gen:6 Ind:2 RMSE(val)=29.483831
[GA][Iter4] Gen:6 Ind:3 RMSE(val)=29.483831
[GA][Iter4] Gen:6 Ind:4 RMSE(val)=30.129769
[GA][Iter4] Gen:6 Ind:5 RMSE(val)=30.149512
[GA][Iter4] Gen:6 Ind:6 RMSE(val)=30.335165
[GA][Iter4] Gen:6 Ind:7 RMSE(val)=30.335165
[GA][Iter4] Gen:6 Ind:8 RMSE(val)=30.335165
[GA][Iter4] Gen:6 Ind:9 RMSE(val)=30.335165
[GA][Iter4] Gen:6 Ind:10 RMSE(val)=30.505709
[GA][Iter4] Gen:6 Ind:11 RMSE(val)=31.711705
[GA][Iter4] Gen:6 Ind:12 RMSE(val)=30.335165
[GA][Iter4] Gen:6 Ind:13 RMSE(val)=30.465001
[GA][Iter4] Gen:6 Ind:14 RMSE(val)=30.335165
[GA][Iter4] Gen:6 Ind:15 RMSE(val)=33.383920
[GA][Iter4] Gen:6 Ind:16 RMSE(val)=30.129769
[GA][Iter4] Gen:6 Ind:17 RMSE(val)=31.589030
[GA][Iter4] Gen:6 Ind:18 RMSE(val)=29.036216
[GA][Iter4] Gen:6 Ind:19 RMSE(val)=31.410514
[GA][Iter4] Gen:6 Ind:20 RMSE(val)=32.689449
[GA][Iter4] gen=6 best_val_rmse=29.036216
[GA][Iter4] Gen:7 Ind:1 RMSE(val)=29.036216
[GA][Iter4] Gen:7 Ind:2 RMSE(val)=29.036216
[GA][Iter4] Gen:7 Ind:3 RMSE(val)=29.483831
[GA][Iter4] Gen:7 Ind:4 RMSE(val)=29.483831
[GA][Iter4] Gen:7 Ind:5 RMSE(val)=30.129769
[GA][Iter4] Gen:7 Ind:6 RMSE(val)=30.129769
[GA][Iter4] Gen:7 Ind:7 RMSE(val)=30.149512
[GA][Iter4] Gen:7 Ind:8 RMSE(val)=30.335165
[GA][Iter4] Gen:7 Ind:9 RMSE(val)=30.335165
[GA][Iter4] Gen:7 Ind:10 RMSE(val)=30.335165
[GA][Iter4] Gen:7 Ind:11 RMSE(val)=40.722156
[GA][Iter4] Gen:7 Ind:12 RMSE(val)=31.844966
[GA][Iter4] Gen:7 Ind:13 RMSE(val)=40.722156
[GA][Iter4] Gen:7 Ind:14 RMSE(val)=29.036216
[GA][Iter4] Gen:7 Ind:15 RMSE(val)=40.722156
[GA][Iter4] Gen:7 Ind:16 RMSE(val)=32.734868
[GA][Iter4] Gen:7 Ind:17 RMSE(val)=29.745098
[GA][Iter4] Gen:7 Ind:18 RMSE(val)=40.722156
[GA][Iter4] Gen:7 Ind:19 RMSE(val)=30.335165
[GA][Iter4] Gen:7 Ind:20 RMSE(val)=30.335165
[GA][Iter4] gen=7 best_val_rmse=29.036216
[GA][Iter4] Gen:8 Ind:1 RMSE(val)=29.036216
[GA][Iter4] Gen:8 Ind:2 RMSE(val)=29.036216
[GA][Iter4] Gen:8 Ind:3 RMSE(val)=29.036216
[GA][Iter4] Gen:8 Ind:4 RMSE(val)=29.483831
[GA][Iter4] Gen:8 Ind:5 RMSE(val)=29.483831
[GA][Iter4] Gen:8 Ind:6 RMSE(val)=29.745098
[GA][Iter4] Gen:8 Ind:7 RMSE(val)=30.129769
[GA][Iter4] Gen:8 Ind:8 RMSE(val)=30.129769
[GA][Iter4] Gen:8 Ind:9 RMSE(val)=30.149512
[GA][Iter4] Gen:8 Ind:10 RMSE(val)=30.335165
[GA][Iter4] Gen:8 Ind:11 RMSE(val)=29.036216
[GA][Iter4] Gen:8 Ind:12 RMSE(val)=30.335165
[GA][Iter4] Gen:8 Ind:13 RMSE(val)=29.483831
[GA][Iter4] Gen:8 Ind:14 RMSE(val)=32.734868
[GA][Iter4] Gen:8 Ind:15 RMSE(val)=29.036216
[GA][Iter4] Gen:8 Ind:16 RMSE(val)=40.722156
[GA][Iter4] Gen:8 Ind:17 RMSE(val)=29.483831
[GA][Iter4] Gen:8 Ind:18 RMSE(val)=30.129769
[GA][Iter4] Gen:8 Ind:19 RMSE(val)=29.099605
[GA][Iter4] Gen:8 Ind:20 RMSE(val)=30.129769
[GA][Iter4] gen=8 best_val_rmse=29.036216
[GA][Iter4] Gen:9 Ind:1 RMSE(val)=29.036216
[GA][Iter4] Gen:9 Ind:2 RMSE(val)=29.036216
[GA][Iter4] Gen:9 Ind:3 RMSE(val)=29.036216
[GA][Iter4] Gen:9 Ind:4 RMSE(val)=29.036216
[GA][Iter4] Gen:9 Ind:5 RMSE(val)=29.036216
[GA][Iter4] Gen:9 Ind:6 RMSE(val)=29.099605
[GA][Iter4] Gen:9 Ind:7 RMSE(val)=29.483831
[GA][Iter4] Gen:9 Ind:8 RMSE(val)=29.483831
[GA][Iter4] Gen:9 Ind:9 RMSE(val)=29.483831
[GA][Iter4] Gen:9 Ind:10 RMSE(val)=29.483831
[GA][Iter4] Gen:9 Ind:11 RMSE(val)=28.618297
[GA][Iter4] Gen:9 Ind:12 RMSE(val)=29.388600
[GA][Iter4] Gen:9 Ind:13 RMSE(val)=29.099605
[GA][Iter4] Gen:9 Ind:14 RMSE(val)=28.618297
[GA][Iter4] Gen:9 Ind:15 RMSE(val)=28.395235
[GA][Iter4] Gen:9 Ind:16 RMSE(val)=28.618297
[GA][Iter4] Gen:9 Ind:17 RMSE(val)=29.483831
[GA][Iter4] Gen:9 Ind:18 RMSE(val)=29.036216
[GA][Iter4] Gen:9 Ind:19 RMSE(val)=29.099605
[GA][Iter4] Gen:9 Ind:20 RMSE(val)=28.618297
[GA][Iter4] gen=9 best_val_rmse=28.395235
[GA][Iter4] Gen:10 Ind:1 RMSE(val)=28.395235
[GA][Iter4] Gen:10 Ind:2 RMSE(val)=28.618297
[GA][Iter4] Gen:10 Ind:3 RMSE(val)=28.618297
[GA][Iter4] Gen:10 Ind:4 RMSE(val)=28.618297
[GA][Iter4] Gen:10 Ind:5 RMSE(val)=28.618297
[GA][Iter4] Gen:10 Ind:6 RMSE(val)=29.036216
[GA][Iter4] Gen:10 Ind:7 RMSE(val)=29.036216
[GA][Iter4] Gen:10 Ind:8 RMSE(val)=29.036216
[GA][Iter4] Gen:10 Ind:9 RMSE(val)=29.036216
[GA][Iter4] Gen:10 Ind:10 RMSE(val)=29.036216
[GA][Iter4] Gen:10 Ind:11 RMSE(val)=33.192864
[GA][Iter4] Gen:10 Ind:12 RMSE(val)=29.036216
[GA][Iter4] Gen:10 Ind:13 RMSE(val)=28.618297
[GA][Iter4] Gen:10 Ind:14 RMSE(val)=28.395235
[GA][Iter4] Gen:10 Ind:15 RMSE(val)=28.618297
[GA][Iter4] Gen:10 Ind:16 RMSE(val)=28.618297
[GA][Iter4] Gen:10 Ind:17 RMSE(val)=30.943160
[GA][Iter4] Gen:10 Ind:18 RMSE(val)=28.618297
[GA][Iter4] Gen:10 Ind:19 RMSE(val)=28.618297
[GA][Iter4] Gen:10 Ind:20 RMSE(val)=29.036216
[GA][Iter4] gen=10 best_val_rmse=28.395235
[GA][Iter4] Gen:11 Ind:1 RMSE(val)=28.395235
[GA][Iter4] Gen:11 Ind:2 RMSE(val)=28.395235
[GA][Iter4] Gen:11 Ind:3 RMSE(val)=28.618297
[GA][Iter4] Gen:11 Ind:4 RMSE(val)=28.618297
[GA][Iter4] Gen:11 Ind:5 RMSE(val)=28.618297
[GA][Iter4] Gen:11 Ind:6 RMSE(val)=28.618297
[GA][Iter4] Gen:11 Ind:7 RMSE(val)=28.618297
[GA][Iter4] Gen:11 Ind:8 RMSE(val)=28.618297
[GA][Iter4] Gen:11 Ind:9 RMSE(val)=28.618297
[GA][Iter4] Gen:11 Ind:10 RMSE(val)=28.618297
[GA][Iter4] Gen:11 Ind:11 RMSE(val)=28.618297
[GA][Iter4] Gen:11 Ind:12 RMSE(val)=28.618297
[GA][Iter4] Gen:11 Ind:13 RMSE(val)=28.618297
[GA][Iter4] Gen:11 Ind:14 RMSE(val)=28.618297
[GA][Iter4] Gen:11 Ind:15 RMSE(val)=28.618297
[GA][Iter4] Gen:11 Ind:16 RMSE(val)=28.618297
[GA][Iter4] Gen:11 Ind:17 RMSE(val)=28.586249
[GA][Iter4] Gen:11 Ind:18 RMSE(val)=28.395235
[GA][Iter4] Gen:11 Ind:19 RMSE(val)=28.618297
[GA][Iter4] Gen:11 Ind:20 RMSE(val)=28.618297
[GA][Iter4] gen=11 best_val_rmse=28.395235
[GA][Iter4] Gen:12 Ind:1 RMSE(val)=28.395235
[GA][Iter4] Gen:12 Ind:2 RMSE(val)=28.395235
[GA][Iter4] Gen:12 Ind:3 RMSE(val)=28.395235
[GA][Iter4] Gen:12 Ind:4 RMSE(val)=28.586249
[GA][Iter4] Gen:12 Ind:5 RMSE(val)=28.618297
[GA][Iter4] Gen:12 Ind:6 RMSE(val)=28.618297
[GA][Iter4] Gen:12 Ind:7 RMSE(val)=28.618297
[GA][Iter4] Gen:12 Ind:8 RMSE(val)=28.618297
[GA][Iter4] Gen:12 Ind:9 RMSE(val)=28.618297
[GA][Iter4] Gen:12 Ind:10 RMSE(val)=28.618297
[GA][Iter4] Gen:12 Ind:11 RMSE(val)=28.395235
[GA][Iter4] Gen:12 Ind:12 RMSE(val)=28.618297
[GA][Iter4] Gen:12 Ind:13 RMSE(val)=28.395235
[GA][Iter4] Gen:12 Ind:14 RMSE(val)=29.158412
[GA][Iter4] Gen:12 Ind:15 RMSE(val)=28.395235
[GA][Iter4] Gen:12 Ind:16 RMSE(val)=28.618297
[GA][Iter4] Gen:12 Ind:17 RMSE(val)=28.395235
[GA][Iter4] Gen:12 Ind:18 RMSE(val)=28.618297
[GA][Iter4] Gen:12 Ind:19 RMSE(val)=30.774193
[GA][Iter4] Gen:12 Ind:20 RMSE(val)=28.395235
[GA][Iter4] gen=12 best_val_rmse=28.395235
[GA][Iter4] Gen:13 Ind:1 RMSE(val)=28.395235
[GA][Iter4] Gen:13 Ind:2 RMSE(val)=28.395235
[GA][Iter4] Gen:13 Ind:3 RMSE(val)=28.395235
[GA][Iter4] Gen:13 Ind:4 RMSE(val)=28.395235
[GA][Iter4] Gen:13 Ind:5 RMSE(val)=28.395235
[GA][Iter4] Gen:13 Ind:6 RMSE(val)=28.395235
[GA][Iter4] Gen:13 Ind:7 RMSE(val)=28.395235
[GA][Iter4] Gen:13 Ind:8 RMSE(val)=28.395235
[GA][Iter4] Gen:13 Ind:9 RMSE(val)=28.586249
[GA][Iter4] Gen:13 Ind:10 RMSE(val)=28.618297
[GA][Iter4] Gen:13 Ind:11 RMSE(val)=28.395235
[GA][Iter4] Gen:13 Ind:12 RMSE(val)=28.618297
[GA][Iter4] Gen:13 Ind:13 RMSE(val)=28.395235
[GA][Iter4] Gen:13 Ind:14 RMSE(val)=28.395235
[GA][Iter4] Gen:13 Ind:15 RMSE(val)=29.874429
[GA][Iter4] Gen:13 Ind:16 RMSE(val)=28.395235
[GA][Iter4] Gen:13 Ind:17 RMSE(val)=28.618297
[GA][Iter4] Gen:13 Ind:18 RMSE(val)=29.158412
[GA][Iter4] Gen:13 Ind:19 RMSE(val)=28.395235
[GA][Iter4] Gen:13 Ind:20 RMSE(val)=28.395235
[GA][Iter4] gen=13 best_val_rmse=28.395235
[GA][Iter4] Gen:14 Ind:1 RMSE(val)=28.395235
[GA][Iter4] Gen:14 Ind:2 RMSE(val)=28.395235
[GA][Iter4] Gen:14 Ind:3 RMSE(val)=28.395235
[GA][Iter4] Gen:14 Ind:4 RMSE(val)=28.395235
[GA][Iter4] Gen:14 Ind:5 RMSE(val)=28.395235
[GA][Iter4] Gen:14 Ind:6 RMSE(val)=28.395235
[GA][Iter4] Gen:14 Ind:7 RMSE(val)=28.395235
[GA][Iter4] Gen:14 Ind:8 RMSE(val)=28.395235
[GA][Iter4] Gen:14 Ind:9 RMSE(val)=28.395235
[GA][Iter4] Gen:14 Ind:10 RMSE(val)=28.395235
[GA][Iter4] Gen:14 Ind:11 RMSE(val)=28.395235
[GA][Iter4] Gen:14 Ind:12 RMSE(val)=29.483831
[GA][Iter4] Gen:14 Ind:13 RMSE(val)=28.395235
[GA][Iter4] Gen:14 Ind:14 RMSE(val)=28.395235
[GA][Iter4] Gen:14 Ind:15 RMSE(val)=28.395235
[GA][Iter4] Gen:14 Ind:16 RMSE(val)=29.776482
[GA][Iter4] Gen:14 Ind:17 RMSE(val)=28.046464
[GA][Iter4] Gen:14 Ind:18 RMSE(val)=28.395235
[GA][Iter4] Gen:14 Ind:19 RMSE(val)=31.847222
[GA][Iter4] Gen:14 Ind:20 RMSE(val)=28.395235
[GA][Iter4] gen=14 best_val_rmse=28.046464
[GA][Iter4] Gen:15 Ind:1 RMSE(val)=28.046464
[GA][Iter4] Gen:15 Ind:2 RMSE(val)=28.395235
[GA][Iter4] Gen:15 Ind:3 RMSE(val)=28.395235
[GA][Iter4] Gen:15 Ind:4 RMSE(val)=28.395235
[GA][Iter4] Gen:15 Ind:5 RMSE(val)=28.395235
[GA][Iter4] Gen:15 Ind:6 RMSE(val)=28.395235
[GA][Iter4] Gen:15 Ind:7 RMSE(val)=28.395235
[GA][Iter4] Gen:15 Ind:8 RMSE(val)=28.395235
[GA][Iter4] Gen:15 Ind:9 RMSE(val)=28.395235
[GA][Iter4] Gen:15 Ind:10 RMSE(val)=28.395235
[GA][Iter4] Gen:15 Ind:11 RMSE(val)=28.395235
[GA][Iter4] Gen:15 Ind:12 RMSE(val)=28.395235
[GA][Iter4] Gen:15 Ind:13 RMSE(val)=28.395235
[GA][Iter4] Gen:15 Ind:14 RMSE(val)=28.395235
[GA][Iter4] Gen:15 Ind:15 RMSE(val)=29.483831
[GA][Iter4] Gen:15 Ind:16 RMSE(val)=29.776482
[GA][Iter4] Gen:15 Ind:17 RMSE(val)=28.395235
[GA][Iter4] Gen:15 Ind:18 RMSE(val)=28.395235
[GA][Iter4] Gen:15 Ind:19 RMSE(val)=28.395235
[GA][Iter4] Gen:15 Ind:20 RMSE(val)=29.874429
[GA][Iter4] gen=15 best_val_rmse=28.046464
[GA][Iter4] Gen:15 Ind:1 RMSE(val)=28.046464
[GA][Iter4] Gen:15 Ind:2 RMSE(val)=28.395235
[GA][Iter4] Gen:15 Ind:3 RMSE(val)=28.395235
[GA][Iter4] Gen:15 Ind:4 RMSE(val)=28.395235
[GA][Iter4] Gen:15 Ind:5 RMSE(val)=28.395235
[GA][Iter4] Gen:15 Ind:6 RMSE(val)=28.395235
[GA][Iter4] Gen:15 Ind:7 RMSE(val)=28.395235
[GA][Iter4] Gen:15 Ind:8 RMSE(val)=28.395235
[GA][Iter4] Gen:15 Ind:9 RMSE(val)=28.395235
[GA][Iter4] Gen:15 Ind:10 RMSE(val)=28.395235
[GA][Iter4] Gen:15 Ind:11 RMSE(val)=28.395235
[GA][Iter4] Gen:15 Ind:12 RMSE(val)=28.046464
[GA][Iter4] Gen:15 Ind:13 RMSE(val)=28.395235
[GA][Iter4] Gen:15 Ind:14 RMSE(val)=28.046464
[GA][Iter4] Gen:15 Ind:15 RMSE(val)=28.395235
[GA][Iter4] Gen:15 Ind:16 RMSE(val)=28.046464
[GA][Iter4] Gen:15 Ind:17 RMSE(val)=29.776482
[GA][Iter4] Gen:15 Ind:18 RMSE(val)=28.395235
[GA][Iter4] Gen:15 Ind:19 RMSE(val)=28.395235
[GA][Iter4] Gen:15 Ind:20 RMSE(val)=28.046464

[GA DONE][Iter4] Best params on val fold of Iter4
Best val RMSE: 28.046464
Best params: {'max_depth': 5, 'min_samples_split': 26, 'min_samples_leaf': 14, 'max_features': 'sqrt', 'splitter': 'random', 'criterion': 'absolute_error'}
--------------------------------------------------------------------------------
[RETUNE GA] Iter4: train folds 1..8 -> test fold 9  RMSE=24.878501  NRMSE=0.993138  CVRMSE=0.074037  R2=0.004459
[GA][Iter5] Gen:1 Ind:1 RMSE(val)=34.882446
[GA][Iter5] Gen:1 Ind:2 RMSE(val)=26.288464
[GA][Iter5] Gen:1 Ind:3 RMSE(val)=34.932427
[GA][Iter5] Gen:1 Ind:4 RMSE(val)=33.742900
[GA][Iter5] Gen:1 Ind:5 RMSE(val)=26.920393
[GA][Iter5] Gen:1 Ind:6 RMSE(val)=26.113889
[GA][Iter5] Gen:1 Ind:7 RMSE(val)=28.941270
[GA][Iter5] Gen:1 Ind:8 RMSE(val)=25.969137
[GA][Iter5] Gen:1 Ind:9 RMSE(val)=26.058250
[GA][Iter5] Gen:1 Ind:10 RMSE(val)=27.906424
[GA][Iter5] Gen:1 Ind:11 RMSE(val)=26.572696
[GA][Iter5] Gen:1 Ind:12 RMSE(val)=25.800123
[GA][Iter5] Gen:1 Ind:13 RMSE(val)=25.269107
[GA][Iter5] Gen:1 Ind:14 RMSE(val)=28.405846
[GA][Iter5] Gen:1 Ind:15 RMSE(val)=30.609132
[GA][Iter5] Gen:1 Ind:16 RMSE(val)=29.476158
[GA][Iter5] Gen:1 Ind:17 RMSE(val)=28.236436
[GA][Iter5] Gen:1 Ind:18 RMSE(val)=26.372364
[GA][Iter5] Gen:1 Ind:19 RMSE(val)=27.526621
[GA][Iter5] Gen:1 Ind:20 RMSE(val)=28.232298
[GA][Iter5] gen=1 best_val_rmse=25.269107
[GA][Iter5] Gen:2 Ind:1 RMSE(val)=25.269107
[GA][Iter5] Gen:2 Ind:2 RMSE(val)=25.800123
[GA][Iter5] Gen:2 Ind:3 RMSE(val)=25.969137
[GA][Iter5] Gen:2 Ind:4 RMSE(val)=26.058250
[GA][Iter5] Gen:2 Ind:5 RMSE(val)=26.113889
[GA][Iter5] Gen:2 Ind:6 RMSE(val)=26.288464
[GA][Iter5] Gen:2 Ind:7 RMSE(val)=26.372364
[GA][Iter5] Gen:2 Ind:8 RMSE(val)=26.572696
[GA][Iter5] Gen:2 Ind:9 RMSE(val)=26.920393
[GA][Iter5] Gen:2 Ind:10 RMSE(val)=27.526621
[GA][Iter5] Gen:2 Ind:11 RMSE(val)=26.058250
[GA][Iter5] Gen:2 Ind:12 RMSE(val)=31.702720
[GA][Iter5] Gen:2 Ind:13 RMSE(val)=26.920393
[GA][Iter5] Gen:2 Ind:14 RMSE(val)=25.680868
[GA][Iter5] Gen:2 Ind:15 RMSE(val)=25.800123
[GA][Iter5] Gen:2 Ind:16 RMSE(val)=26.668273
[GA][Iter5] Gen:2 Ind:17 RMSE(val)=28.338695
[GA][Iter5] Gen:2 Ind:18 RMSE(val)=26.314911
[GA][Iter5] Gen:2 Ind:19 RMSE(val)=27.480164
[GA][Iter5] Gen:2 Ind:20 RMSE(val)=28.238362
[GA][Iter5] gen=2 best_val_rmse=25.269107
[GA][Iter5] Gen:3 Ind:1 RMSE(val)=25.269107
[GA][Iter5] Gen:3 Ind:2 RMSE(val)=25.680868
[GA][Iter5] Gen:3 Ind:3 RMSE(val)=25.800123
[GA][Iter5] Gen:3 Ind:4 RMSE(val)=25.800123
[GA][Iter5] Gen:3 Ind:5 RMSE(val)=25.969137
[GA][Iter5] Gen:3 Ind:6 RMSE(val)=26.058250
[GA][Iter5] Gen:3 Ind:7 RMSE(val)=26.058250
[GA][Iter5] Gen:3 Ind:8 RMSE(val)=26.113889
[GA][Iter5] Gen:3 Ind:9 RMSE(val)=26.288464
[GA][Iter5] Gen:3 Ind:10 RMSE(val)=26.314911
[GA][Iter5] Gen:3 Ind:11 RMSE(val)=26.314911
[GA][Iter5] Gen:3 Ind:12 RMSE(val)=31.702720
[GA][Iter5] Gen:3 Ind:13 RMSE(val)=25.800123
[GA][Iter5] Gen:3 Ind:14 RMSE(val)=28.238362
[GA][Iter5] Gen:3 Ind:15 RMSE(val)=25.933529
[GA][Iter5] Gen:3 Ind:16 RMSE(val)=27.083291
[GA][Iter5] Gen:3 Ind:17 RMSE(val)=26.783159
[GA][Iter5] Gen:3 Ind:18 RMSE(val)=26.537360
[GA][Iter5] Gen:3 Ind:19 RMSE(val)=26.783159
[GA][Iter5] Gen:3 Ind:20 RMSE(val)=25.491773
[GA][Iter5] gen=3 best_val_rmse=25.269107
[GA][Iter5] Gen:4 Ind:1 RMSE(val)=25.269107
[GA][Iter5] Gen:4 Ind:2 RMSE(val)=25.491773
[GA][Iter5] Gen:4 Ind:3 RMSE(val)=25.680868
[GA][Iter5] Gen:4 Ind:4 RMSE(val)=25.800123
[GA][Iter5] Gen:4 Ind:5 RMSE(val)=25.800123
[GA][Iter5] Gen:4 Ind:6 RMSE(val)=25.800123
[GA][Iter5] Gen:4 Ind:7 RMSE(val)=25.933529
[GA][Iter5] Gen:4 Ind:8 RMSE(val)=25.969137
[GA][Iter5] Gen:4 Ind:9 RMSE(val)=26.058250
[GA][Iter5] Gen:4 Ind:10 RMSE(val)=26.058250
[GA][Iter5] Gen:4 Ind:11 RMSE(val)=26.058250
[GA][Iter5] Gen:4 Ind:12 RMSE(val)=26.783159
[GA][Iter5] Gen:4 Ind:13 RMSE(val)=26.957221
[GA][Iter5] Gen:4 Ind:14 RMSE(val)=26.086173
[GA][Iter5] Gen:4 Ind:15 RMSE(val)=26.161861
[GA][Iter5] Gen:4 Ind:16 RMSE(val)=27.557978
[GA][Iter5] Gen:4 Ind:17 RMSE(val)=25.491773
[GA][Iter5] Gen:4 Ind:18 RMSE(val)=25.680868
[GA][Iter5] Gen:4 Ind:19 RMSE(val)=25.800123
[GA][Iter5] Gen:4 Ind:20 RMSE(val)=26.086173
[GA][Iter5] gen=4 best_val_rmse=25.269107
[GA][Iter5] Gen:5 Ind:1 RMSE(val)=25.269107
[GA][Iter5] Gen:5 Ind:2 RMSE(val)=25.491773
[GA][Iter5] Gen:5 Ind:3 RMSE(val)=25.491773
[GA][Iter5] Gen:5 Ind:4 RMSE(val)=25.680868
[GA][Iter5] Gen:5 Ind:5 RMSE(val)=25.680868
[GA][Iter5] Gen:5 Ind:6 RMSE(val)=25.800123
[GA][Iter5] Gen:5 Ind:7 RMSE(val)=25.800123
[GA][Iter5] Gen:5 Ind:8 RMSE(val)=25.800123
[GA][Iter5] Gen:5 Ind:9 RMSE(val)=25.800123
[GA][Iter5] Gen:5 Ind:10 RMSE(val)=25.933529
[GA][Iter5] Gen:5 Ind:11 RMSE(val)=25.269107
[GA][Iter5] Gen:5 Ind:12 RMSE(val)=26.522046
[GA][Iter5] Gen:5 Ind:13 RMSE(val)=25.800123
[GA][Iter5] Gen:5 Ind:14 RMSE(val)=25.680868
[GA][Iter5] Gen:5 Ind:15 RMSE(val)=25.680868
[GA][Iter5] Gen:5 Ind:16 RMSE(val)=25.800123
[GA][Iter5] Gen:5 Ind:17 RMSE(val)=30.290143
[GA][Iter5] Gen:5 Ind:18 RMSE(val)=31.702720
[GA][Iter5] Gen:5 Ind:19 RMSE(val)=25.491773
[GA][Iter5] Gen:5 Ind:20 RMSE(val)=31.702720
[GA][Iter5] gen=5 best_val_rmse=25.269107
[GA][Iter5] Gen:6 Ind:1 RMSE(val)=25.269107
[GA][Iter5] Gen:6 Ind:2 RMSE(val)=25.269107
[GA][Iter5] Gen:6 Ind:3 RMSE(val)=25.491773
[GA][Iter5] Gen:6 Ind:4 RMSE(val)=25.491773
[GA][Iter5] Gen:6 Ind:5 RMSE(val)=25.491773
[GA][Iter5] Gen:6 Ind:6 RMSE(val)=25.680868
[GA][Iter5] Gen:6 Ind:7 RMSE(val)=25.680868
[GA][Iter5] Gen:6 Ind:8 RMSE(val)=25.680868
[GA][Iter5] Gen:6 Ind:9 RMSE(val)=25.680868
[GA][Iter5] Gen:6 Ind:10 RMSE(val)=25.800123
[GA][Iter5] Gen:6 Ind:11 RMSE(val)=25.680868
[GA][Iter5] Gen:6 Ind:12 RMSE(val)=25.680868
[GA][Iter5] Gen:6 Ind:13 RMSE(val)=25.441128
[GA][Iter5] Gen:6 Ind:14 RMSE(val)=26.868399
[GA][Iter5] Gen:6 Ind:15 RMSE(val)=31.702720
[GA][Iter5] Gen:6 Ind:16 RMSE(val)=26.868399
[GA][Iter5] Gen:6 Ind:17 RMSE(val)=25.680868
[GA][Iter5] Gen:6 Ind:18 RMSE(val)=26.135014
[GA][Iter5] Gen:6 Ind:19 RMSE(val)=31.702720
[GA][Iter5] Gen:6 Ind:20 RMSE(val)=26.219873
[GA][Iter5] gen=6 best_val_rmse=25.269107
[GA][Iter5] Gen:7 Ind:1 RMSE(val)=25.269107
[GA][Iter5] Gen:7 Ind:2 RMSE(val)=25.269107
[GA][Iter5] Gen:7 Ind:3 RMSE(val)=25.441128
[GA][Iter5] Gen:7 Ind:4 RMSE(val)=25.491773
[GA][Iter5] Gen:7 Ind:5 RMSE(val)=25.491773
[GA][Iter5] Gen:7 Ind:6 RMSE(val)=25.491773
[GA][Iter5] Gen:7 Ind:7 RMSE(val)=25.680868
[GA][Iter5] Gen:7 Ind:8 RMSE(val)=25.680868
[GA][Iter5] Gen:7 Ind:9 RMSE(val)=25.680868
[GA][Iter5] Gen:7 Ind:10 RMSE(val)=25.680868
[GA][Iter5] Gen:7 Ind:11 RMSE(val)=25.680868
[GA][Iter5] Gen:7 Ind:12 RMSE(val)=27.693469
[GA][Iter5] Gen:7 Ind:13 RMSE(val)=28.238362
[GA][Iter5] Gen:7 Ind:14 RMSE(val)=25.269107
[GA][Iter5] Gen:7 Ind:15 RMSE(val)=31.702720
[GA][Iter5] Gen:7 Ind:16 RMSE(val)=25.680868
[GA][Iter5] Gen:7 Ind:17 RMSE(val)=31.702720
[GA][Iter5] Gen:7 Ind:18 RMSE(val)=31.702720
[GA][Iter5] Gen:7 Ind:19 RMSE(val)=25.680868
[GA][Iter5] Gen:7 Ind:20 RMSE(val)=26.868399
[GA][Iter5] gen=7 best_val_rmse=25.269107
[GA][Iter5] Gen:8 Ind:1 RMSE(val)=25.269107
[GA][Iter5] Gen:8 Ind:2 RMSE(val)=25.269107
[GA][Iter5] Gen:8 Ind:3 RMSE(val)=25.269107
[GA][Iter5] Gen:8 Ind:4 RMSE(val)=25.441128
[GA][Iter5] Gen:8 Ind:5 RMSE(val)=25.491773
[GA][Iter5] Gen:8 Ind:6 RMSE(val)=25.491773
[GA][Iter5] Gen:8 Ind:7 RMSE(val)=25.491773
[GA][Iter5] Gen:8 Ind:8 RMSE(val)=25.680868
[GA][Iter5] Gen:8 Ind:9 RMSE(val)=25.680868
[GA][Iter5] Gen:8 Ind:10 RMSE(val)=25.680868
[GA][Iter5] Gen:8 Ind:11 RMSE(val)=26.219873
[GA][Iter5] Gen:8 Ind:12 RMSE(val)=25.680868
[GA][Iter5] Gen:8 Ind:13 RMSE(val)=25.491773
[GA][Iter5] Gen:8 Ind:14 RMSE(val)=25.680868
[GA][Iter5] Gen:8 Ind:15 RMSE(val)=26.219873
[GA][Iter5] Gen:8 Ind:16 RMSE(val)=25.680868
[GA][Iter5] Gen:8 Ind:17 RMSE(val)=26.012728
[GA][Iter5] Gen:8 Ind:18 RMSE(val)=25.680868
[GA][Iter5] Gen:8 Ind:19 RMSE(val)=26.219873
[GA][Iter5] Gen:8 Ind:20 RMSE(val)=25.491773
[GA][Iter5] gen=8 best_val_rmse=25.269107
[GA][Iter5] Gen:9 Ind:1 RMSE(val)=25.269107
[GA][Iter5] Gen:9 Ind:2 RMSE(val)=25.269107
[GA][Iter5] Gen:9 Ind:3 RMSE(val)=25.269107
[GA][Iter5] Gen:9 Ind:4 RMSE(val)=25.441128
[GA][Iter5] Gen:9 Ind:5 RMSE(val)=25.491773
[GA][Iter5] Gen:9 Ind:6 RMSE(val)=25.491773
[GA][Iter5] Gen:9 Ind:7 RMSE(val)=25.491773
[GA][Iter5] Gen:9 Ind:8 RMSE(val)=25.491773
[GA][Iter5] Gen:9 Ind:9 RMSE(val)=25.491773
[GA][Iter5] Gen:9 Ind:10 RMSE(val)=25.680868
[GA][Iter5] Gen:9 Ind:11 RMSE(val)=31.702720
[GA][Iter5] Gen:9 Ind:12 RMSE(val)=26.219873
[GA][Iter5] Gen:9 Ind:13 RMSE(val)=33.310943
[GA][Iter5] Gen:9 Ind:14 RMSE(val)=25.640138
[GA][Iter5] Gen:9 Ind:15 RMSE(val)=25.442593
[GA][Iter5] Gen:9 Ind:16 RMSE(val)=25.149185
[GA][Iter5] Gen:9 Ind:17 RMSE(val)=31.702720
[GA][Iter5] Gen:9 Ind:18 RMSE(val)=25.491773
[GA][Iter5] Gen:9 Ind:19 RMSE(val)=25.491773
[GA][Iter5] Gen:9 Ind:20 RMSE(val)=25.491773
[GA][Iter5] gen=9 best_val_rmse=25.149185
[GA][Iter5] Gen:10 Ind:1 RMSE(val)=25.149185
[GA][Iter5] Gen:10 Ind:2 RMSE(val)=25.269107
[GA][Iter5] Gen:10 Ind:3 RMSE(val)=25.269107
[GA][Iter5] Gen:10 Ind:4 RMSE(val)=25.269107
[GA][Iter5] Gen:10 Ind:5 RMSE(val)=25.441128
[GA][Iter5] Gen:10 Ind:6 RMSE(val)=25.442593
[GA][Iter5] Gen:10 Ind:7 RMSE(val)=25.491773
[GA][Iter5] Gen:10 Ind:8 RMSE(val)=25.491773
[GA][Iter5] Gen:10 Ind:9 RMSE(val)=25.491773
[GA][Iter5] Gen:10 Ind:10 RMSE(val)=25.491773
[GA][Iter5] Gen:10 Ind:11 RMSE(val)=25.491773
[GA][Iter5] Gen:10 Ind:12 RMSE(val)=26.135014
[GA][Iter5] Gen:10 Ind:13 RMSE(val)=27.834246
[GA][Iter5] Gen:10 Ind:14 RMSE(val)=25.269107
[GA][Iter5] Gen:10 Ind:15 RMSE(val)=25.269107
[GA][Iter5] Gen:10 Ind:16 RMSE(val)=25.269107
[GA][Iter5] Gen:10 Ind:17 RMSE(val)=25.680868
[GA][Iter5] Gen:10 Ind:18 RMSE(val)=25.269107
[GA][Iter5] Gen:10 Ind:19 RMSE(val)=25.269107
[GA][Iter5] Gen:10 Ind:20 RMSE(val)=26.012728
[GA][Iter5] gen=10 best_val_rmse=25.149185
[GA][Iter5] Gen:11 Ind:1 RMSE(val)=25.149185
[GA][Iter5] Gen:11 Ind:2 RMSE(val)=25.269107
[GA][Iter5] Gen:11 Ind:3 RMSE(val)=25.269107
[GA][Iter5] Gen:11 Ind:4 RMSE(val)=25.269107
[GA][Iter5] Gen:11 Ind:5 RMSE(val)=25.269107
[GA][Iter5] Gen:11 Ind:6 RMSE(val)=25.269107
[GA][Iter5] Gen:11 Ind:7 RMSE(val)=25.269107
[GA][Iter5] Gen:11 Ind:8 RMSE(val)=25.269107
[GA][Iter5] Gen:11 Ind:9 RMSE(val)=25.269107
[GA][Iter5] Gen:11 Ind:10 RMSE(val)=25.441128
[GA][Iter5] Gen:11 Ind:11 RMSE(val)=25.441128
[GA][Iter5] Gen:11 Ind:12 RMSE(val)=25.149185
[GA][Iter5] Gen:11 Ind:13 RMSE(val)=25.269107
[GA][Iter5] Gen:11 Ind:14 RMSE(val)=25.269107
[GA][Iter5] Gen:11 Ind:15 RMSE(val)=25.269107
[GA][Iter5] Gen:11 Ind:16 RMSE(val)=26.058250
[GA][Iter5] Gen:11 Ind:17 RMSE(val)=31.702720
[GA][Iter5] Gen:11 Ind:18 RMSE(val)=27.818375
[GA][Iter5] Gen:11 Ind:19 RMSE(val)=26.219873
[GA][Iter5] Gen:11 Ind:20 RMSE(val)=25.269107
[GA][Iter5] gen=11 best_val_rmse=25.149185
[GA][Iter5] Gen:12 Ind:1 RMSE(val)=25.149185
[GA][Iter5] Gen:12 Ind:2 RMSE(val)=25.149185
[GA][Iter5] Gen:12 Ind:3 RMSE(val)=25.269107
[GA][Iter5] Gen:12 Ind:4 RMSE(val)=25.269107
[GA][Iter5] Gen:12 Ind:5 RMSE(val)=25.269107
[GA][Iter5] Gen:12 Ind:6 RMSE(val)=25.269107
[GA][Iter5] Gen:12 Ind:7 RMSE(val)=25.269107
[GA][Iter5] Gen:12 Ind:8 RMSE(val)=25.269107
[GA][Iter5] Gen:12 Ind:9 RMSE(val)=25.269107
[GA][Iter5] Gen:12 Ind:10 RMSE(val)=25.269107
[GA][Iter5] Gen:12 Ind:11 RMSE(val)=25.269107
[GA][Iter5] Gen:12 Ind:12 RMSE(val)=25.149185
[GA][Iter5] Gen:12 Ind:13 RMSE(val)=25.269107
[GA][Iter5] Gen:12 Ind:14 RMSE(val)=26.051409
[GA][Iter5] Gen:12 Ind:15 RMSE(val)=25.269107
[GA][Iter5] Gen:12 Ind:16 RMSE(val)=25.269107
[GA][Iter5] Gen:12 Ind:17 RMSE(val)=25.269107
[GA][Iter5] Gen:12 Ind:18 RMSE(val)=25.269107
[GA][Iter5] Gen:12 Ind:19 RMSE(val)=27.227990
[GA][Iter5] Gen:12 Ind:20 RMSE(val)=25.269107
[GA][Iter5] gen=12 best_val_rmse=25.149185
[GA][Iter5] Gen:13 Ind:1 RMSE(val)=25.149185
[GA][Iter5] Gen:13 Ind:2 RMSE(val)=25.149185
[GA][Iter5] Gen:13 Ind:3 RMSE(val)=25.149185
[GA][Iter5] Gen:13 Ind:4 RMSE(val)=25.269107
[GA][Iter5] Gen:13 Ind:5 RMSE(val)=25.269107
[GA][Iter5] Gen:13 Ind:6 RMSE(val)=25.269107
[GA][Iter5] Gen:13 Ind:7 RMSE(val)=25.269107
[GA][Iter5] Gen:13 Ind:8 RMSE(val)=25.269107
[GA][Iter5] Gen:13 Ind:9 RMSE(val)=25.269107
[GA][Iter5] Gen:13 Ind:10 RMSE(val)=25.269107
[GA][Iter5] Gen:13 Ind:11 RMSE(val)=25.269107
[GA][Iter5] Gen:13 Ind:12 RMSE(val)=25.149185
[GA][Iter5] Gen:13 Ind:13 RMSE(val)=25.149185
[GA][Iter5] Gen:13 Ind:14 RMSE(val)=25.149185
[GA][Iter5] Gen:13 Ind:15 RMSE(val)=27.693469
[GA][Iter5] Gen:13 Ind:16 RMSE(val)=25.269107
[GA][Iter5] Gen:13 Ind:17 RMSE(val)=25.149185
[GA][Iter5] Gen:13 Ind:18 RMSE(val)=26.854460
[GA][Iter5] Gen:13 Ind:19 RMSE(val)=25.269107
[GA][Iter5] Gen:13 Ind:20 RMSE(val)=25.149185
[GA][Iter5] gen=13 best_val_rmse=25.149185
[GA][Iter5] Gen:14 Ind:1 RMSE(val)=25.149185
[GA][Iter5] Gen:14 Ind:2 RMSE(val)=25.149185
[GA][Iter5] Gen:14 Ind:3 RMSE(val)=25.149185
[GA][Iter5] Gen:14 Ind:4 RMSE(val)=25.149185
[GA][Iter5] Gen:14 Ind:5 RMSE(val)=25.149185
[GA][Iter5] Gen:14 Ind:6 RMSE(val)=25.149185
[GA][Iter5] Gen:14 Ind:7 RMSE(val)=25.149185
[GA][Iter5] Gen:14 Ind:8 RMSE(val)=25.149185
[GA][Iter5] Gen:14 Ind:9 RMSE(val)=25.269107
[GA][Iter5] Gen:14 Ind:10 RMSE(val)=25.269107
[GA][Iter5] Gen:14 Ind:11 RMSE(val)=25.149185
[GA][Iter5] Gen:14 Ind:12 RMSE(val)=25.149185
[GA][Iter5] Gen:14 Ind:13 RMSE(val)=25.269107
[GA][Iter5] Gen:14 Ind:14 RMSE(val)=25.269107
[GA][Iter5] Gen:14 Ind:15 RMSE(val)=25.149185
[GA][Iter5] Gen:14 Ind:16 RMSE(val)=26.331180
[GA][Iter5] Gen:14 Ind:17 RMSE(val)=27.227990
[GA][Iter5] Gen:14 Ind:18 RMSE(val)=25.269107
[GA][Iter5] Gen:14 Ind:19 RMSE(val)=26.219873
[GA][Iter5] Gen:14 Ind:20 RMSE(val)=25.149185
[GA][Iter5] gen=14 best_val_rmse=25.149185
[GA][Iter5] Gen:15 Ind:1 RMSE(val)=25.149185
[GA][Iter5] Gen:15 Ind:2 RMSE(val)=25.149185
[GA][Iter5] Gen:15 Ind:3 RMSE(val)=25.149185
[GA][Iter5] Gen:15 Ind:4 RMSE(val)=25.149185
[GA][Iter5] Gen:15 Ind:5 RMSE(val)=25.149185
[GA][Iter5] Gen:15 Ind:6 RMSE(val)=25.149185
[GA][Iter5] Gen:15 Ind:7 RMSE(val)=25.149185
[GA][Iter5] Gen:15 Ind:8 RMSE(val)=25.149185
[GA][Iter5] Gen:15 Ind:9 RMSE(val)=25.149185
[GA][Iter5] Gen:15 Ind:10 RMSE(val)=25.149185
[GA][Iter5] Gen:15 Ind:11 RMSE(val)=25.149185
[GA][Iter5] Gen:15 Ind:12 RMSE(val)=25.149185
[GA][Iter5] Gen:15 Ind:13 RMSE(val)=25.149185
[GA][Iter5] Gen:15 Ind:14 RMSE(val)=25.149185
[GA][Iter5] Gen:15 Ind:15 RMSE(val)=25.149185
[GA][Iter5] Gen:15 Ind:16 RMSE(val)=26.331180
[GA][Iter5] Gen:15 Ind:17 RMSE(val)=25.149185
[GA][Iter5] Gen:15 Ind:18 RMSE(val)=25.149185
[GA][Iter5] Gen:15 Ind:19 RMSE(val)=25.149185
[GA][Iter5] Gen:15 Ind:20 RMSE(val)=30.180437
[GA][Iter5] gen=15 best_val_rmse=25.149185
[GA][Iter5] Gen:15 Ind:1 RMSE(val)=25.149185
[GA][Iter5] Gen:15 Ind:2 RMSE(val)=25.149185
[GA][Iter5] Gen:15 Ind:3 RMSE(val)=25.149185
[GA][Iter5] Gen:15 Ind:4 RMSE(val)=25.149185
[GA][Iter5] Gen:15 Ind:5 RMSE(val)=25.149185
[GA][Iter5] Gen:15 Ind:6 RMSE(val)=25.149185
[GA][Iter5] Gen:15 Ind:7 RMSE(val)=25.149185
[GA][Iter5] Gen:15 Ind:8 RMSE(val)=25.149185
[GA][Iter5] Gen:15 Ind:9 RMSE(val)=25.149185
[GA][Iter5] Gen:15 Ind:10 RMSE(val)=25.149185
[GA][Iter5] Gen:15 Ind:11 RMSE(val)=25.149185
[GA][Iter5] Gen:15 Ind:12 RMSE(val)=25.149185
[GA][Iter5] Gen:15 Ind:13 RMSE(val)=25.149185
[GA][Iter5] Gen:15 Ind:14 RMSE(val)=25.149185
[GA][Iter5] Gen:15 Ind:15 RMSE(val)=25.149185
[GA][Iter5] Gen:15 Ind:16 RMSE(val)=25.149185
[GA][Iter5] Gen:15 Ind:17 RMSE(val)=26.331180
[GA][Iter5] Gen:15 Ind:18 RMSE(val)=25.149185
[GA][Iter5] Gen:15 Ind:19 RMSE(val)=25.149185
[GA][Iter5] Gen:15 Ind:20 RMSE(val)=25.149185

[GA DONE][Iter5] Best params on val fold of Iter5
Best val RMSE: 25.149185
Best params: {'max_depth': 15, 'min_samples_split': 46, 'min_samples_leaf': 13, 'max_features': 'sqrt', 'splitter': 'random', 'criterion': 'absolute_error'}
--------------------------------------------------------------------------------
[RETUNE GA] Iter5: train folds 1..9 -> test fold 10  RMSE=39.348602  NRMSE=1.627422  CVRMSE=0.118088  R2=-1.673255
