=== BASELINE (project=jod, last-7 mean, expanding folds) ===
Iter1: train folds 1..5 -> test fold 6  RMSE=26895.9493  NRMSE=1.0713  CVRMSE=8.5829  R˛=-0.1580
Iter2: train folds 1..6 -> test fold 7  RMSE=19079.4261  NRMSE=1.0730  CVRMSE=7.4300  R˛=-0.1617
Iter3: train folds 1..7 -> test fold 8  RMSE=7213.0056  NRMSE=1.0702  CVRMSE=8.0620  R˛=-0.1556
Iter4: train folds 1..8 -> test fold 9  RMSE=117507.9024  NRMSE=1.0630  CVRMSE=5.1924  R˛=-0.1401
Iter5: train folds 1..9 -> test fold 10  RMSE=123582.4144  NRMSE=1.0751  CVRMSE=9.8764  R˛=-0.1663
--------------------------------------------------
[FEATURES] initial=87 kept_after_screening=48
['workflow_event_trigger', 'issuer_name', 'total_builds', 'gh_files_added', 'gh_files_deleted', 'gh_lines_deleted', 'gh_tests_deleted', 'gh_description_complexity', 'gh_src_files', 'git_num_committers', 'gh_team_size_last_3_month', 'gh_commits_on_files_touched', 'gh_test_lines_per_kloc', 'hour', 'dow', 'secs_since_prev', 'duration_lag_1', 'duration_lag_3', 'duration_lag_5', 'duration_lag_6', 'duration_lag_7', 'window_avg_7', 'window_std_3', 'ft___cjs__', 'ft___css_', 'ft___html_', 'ft___ts_', 'ft___ts__', 'ft___tsx_', 'ft___tsx__', 'ft___tsx____dup1', 'ft___webmanifest_', 'ft___yml_', 'ft____css_', 'ft____css__', 'ft____html_', 'ft____json_', 'ft____json__', 'ft____md_', 'ft____snap_', 'ft____svg_', 'ft____ts_', 'ft____ts__', 'ft____tsx_', 'ft____tsx__', 'ft____tsx____dup1', 'ft____yaml__', 'ft____yml__']
--------------------------------------------------------------------------------
[GA][Iter1] Gen:1 Ind:1 RMSE(val)=93850.994273
[GA][Iter1] Gen:1 Ind:2 RMSE(val)=99548.968304
[GA][Iter1] Gen:1 Ind:3 RMSE(val)=93981.802122
[GA][Iter1] Gen:1 Ind:4 RMSE(val)=99544.596756
[GA][Iter1] Gen:1 Ind:5 RMSE(val)=99257.180624
[GA][Iter1] Gen:1 Ind:6 RMSE(val)=99548.967701
[GA][Iter1] Gen:1 Ind:7 RMSE(val)=97377.779914
[GA][Iter1] Gen:1 Ind:8 RMSE(val)=97377.890082
[GA][Iter1] Gen:1 Ind:9 RMSE(val)=99545.747520
[GA][Iter1] Gen:1 Ind:10 RMSE(val)=99188.970782
[GA][Iter1] Gen:1 Ind:11 RMSE(val)=99600.411558
[GA][Iter1] Gen:1 Ind:12 RMSE(val)=99577.089392
[GA][Iter1] Gen:1 Ind:13 RMSE(val)=99188.971557
[GA][Iter1] Gen:1 Ind:14 RMSE(val)=97378.327482
[GA][Iter1] Gen:1 Ind:15 RMSE(val)=99546.724592
[GA][Iter1] Gen:1 Ind:16 RMSE(val)=99645.145849
[GA][Iter1] Gen:1 Ind:17 RMSE(val)=99545.130938
[GA][Iter1] Gen:1 Ind:18 RMSE(val)=97377.889513
[GA][Iter1] Gen:1 Ind:19 RMSE(val)=96150.159916
[GA][Iter1] Gen:1 Ind:20 RMSE(val)=97377.701061
[GA][Iter1] gen=1 best_val_rmse=93850.994273
[GA][Iter1] Gen:2 Ind:1 RMSE(val)=93850.994273
[GA][Iter1] Gen:2 Ind:2 RMSE(val)=93981.802122
[GA][Iter1] Gen:2 Ind:3 RMSE(val)=96150.159916
[GA][Iter1] Gen:2 Ind:4 RMSE(val)=97377.701061
[GA][Iter1] Gen:2 Ind:5 RMSE(val)=97377.779914
[GA][Iter1] Gen:2 Ind:6 RMSE(val)=97377.889513
[GA][Iter1] Gen:2 Ind:7 RMSE(val)=97377.890082
[GA][Iter1] Gen:2 Ind:8 RMSE(val)=97378.327482
[GA][Iter1] Gen:2 Ind:9 RMSE(val)=99188.970782
[GA][Iter1] Gen:2 Ind:10 RMSE(val)=99188.971557
[GA][Iter1] Gen:2 Ind:11 RMSE(val)=97377.882240
[GA][Iter1] Gen:2 Ind:12 RMSE(val)=93706.509482
[GA][Iter1] Gen:2 Ind:13 RMSE(val)=99188.974183
[GA][Iter1] Gen:2 Ind:14 RMSE(val)=98579.806690
[GA][Iter1] Gen:2 Ind:15 RMSE(val)=97377.932224
[GA][Iter1] Gen:2 Ind:16 RMSE(val)=97377.726735
[GA][Iter1] Gen:2 Ind:17 RMSE(val)=97377.839774
[GA][Iter1] Gen:2 Ind:18 RMSE(val)=97377.830548
[GA][Iter1] Gen:2 Ind:19 RMSE(val)=97377.674788
[GA][Iter1] Gen:2 Ind:20 RMSE(val)=93850.994273
[GA][Iter1] gen=2 best_val_rmse=93706.509482
[GA][Iter1] Gen:3 Ind:1 RMSE(val)=93706.509482
[GA][Iter1] Gen:3 Ind:2 RMSE(val)=93850.994273
[GA][Iter1] Gen:3 Ind:3 RMSE(val)=93850.994273
[GA][Iter1] Gen:3 Ind:4 RMSE(val)=93981.802122
[GA][Iter1] Gen:3 Ind:5 RMSE(val)=96150.159916
[GA][Iter1] Gen:3 Ind:6 RMSE(val)=97377.674788
[GA][Iter1] Gen:3 Ind:7 RMSE(val)=97377.701061
[GA][Iter1] Gen:3 Ind:8 RMSE(val)=97377.726735
[GA][Iter1] Gen:3 Ind:9 RMSE(val)=97377.779914
[GA][Iter1] Gen:3 Ind:10 RMSE(val)=97377.830548
[GA][Iter1] Gen:3 Ind:11 RMSE(val)=97377.830548
[GA][Iter1] Gen:3 Ind:12 RMSE(val)=95581.107273
[GA][Iter1] Gen:3 Ind:13 RMSE(val)=97377.770269
[GA][Iter1] Gen:3 Ind:14 RMSE(val)=93578.466237
[GA][Iter1] Gen:3 Ind:15 RMSE(val)=97377.701061
[GA][Iter1] Gen:3 Ind:16 RMSE(val)=97377.726735
[GA][Iter1] Gen:3 Ind:17 RMSE(val)=93862.234050
[GA][Iter1] Gen:3 Ind:18 RMSE(val)=99188.971979
[GA][Iter1] Gen:3 Ind:19 RMSE(val)=97377.673494
[GA][Iter1] Gen:3 Ind:20 RMSE(val)=97377.887900
[GA][Iter1] gen=3 best_val_rmse=93578.466237
[GA][Iter1] Gen:4 Ind:1 RMSE(val)=93578.466237
[GA][Iter1] Gen:4 Ind:2 RMSE(val)=93706.509482
[GA][Iter1] Gen:4 Ind:3 RMSE(val)=93850.994273
[GA][Iter1] Gen:4 Ind:4 RMSE(val)=93850.994273
[GA][Iter1] Gen:4 Ind:5 RMSE(val)=93862.234050
[GA][Iter1] Gen:4 Ind:6 RMSE(val)=93981.802122
[GA][Iter1] Gen:4 Ind:7 RMSE(val)=95581.107273
[GA][Iter1] Gen:4 Ind:8 RMSE(val)=96150.159916
[GA][Iter1] Gen:4 Ind:9 RMSE(val)=97377.673494
[GA][Iter1] Gen:4 Ind:10 RMSE(val)=97377.674788
[GA][Iter1] Gen:4 Ind:11 RMSE(val)=97377.674788
[GA][Iter1] Gen:4 Ind:12 RMSE(val)=97377.673494
[GA][Iter1] Gen:4 Ind:13 RMSE(val)=93706.509482
[GA][Iter1] Gen:4 Ind:14 RMSE(val)=93862.234040
[GA][Iter1] Gen:4 Ind:15 RMSE(val)=98728.609732
[GA][Iter1] Gen:4 Ind:16 RMSE(val)=93981.802122
[GA][Iter1] Gen:4 Ind:17 RMSE(val)=95581.107273
[GA][Iter1] Gen:4 Ind:18 RMSE(val)=98400.249992
[GA][Iter1] Gen:4 Ind:19 RMSE(val)=93862.234050
[GA][Iter1] Gen:4 Ind:20 RMSE(val)=96703.579737
[GA][Iter1] gen=4 best_val_rmse=93578.466237
[GA][Iter1] Gen:5 Ind:1 RMSE(val)=93578.466237
[GA][Iter1] Gen:5 Ind:2 RMSE(val)=93706.509482
[GA][Iter1] Gen:5 Ind:3 RMSE(val)=93706.509482
[GA][Iter1] Gen:5 Ind:4 RMSE(val)=93850.994273
[GA][Iter1] Gen:5 Ind:5 RMSE(val)=93850.994273
[GA][Iter1] Gen:5 Ind:6 RMSE(val)=93862.234040
[GA][Iter1] Gen:5 Ind:7 RMSE(val)=93862.234050
[GA][Iter1] Gen:5 Ind:8 RMSE(val)=93862.234050
[GA][Iter1] Gen:5 Ind:9 RMSE(val)=93981.802122
[GA][Iter1] Gen:5 Ind:10 RMSE(val)=93981.802122
[GA][Iter1] Gen:5 Ind:11 RMSE(val)=93850.994273
[GA][Iter1] Gen:5 Ind:12 RMSE(val)=93850.994273
[GA][Iter1] Gen:5 Ind:13 RMSE(val)=93862.234040
[GA][Iter1] Gen:5 Ind:14 RMSE(val)=93753.179058
[GA][Iter1] Gen:5 Ind:15 RMSE(val)=93629.583452
[GA][Iter1] Gen:5 Ind:16 RMSE(val)=93706.509482
[GA][Iter1] Gen:5 Ind:17 RMSE(val)=93753.179058
[GA][Iter1] Gen:5 Ind:18 RMSE(val)=93578.466237
[GA][Iter1] Gen:5 Ind:19 RMSE(val)=93850.994273
[GA][Iter1] Gen:5 Ind:20 RMSE(val)=93706.262343
[GA][Iter1] gen=5 best_val_rmse=93578.466237
[GA][Iter1] Gen:6 Ind:1 RMSE(val)=93578.466237
[GA][Iter1] Gen:6 Ind:2 RMSE(val)=93578.466237
[GA][Iter1] Gen:6 Ind:3 RMSE(val)=93629.583452
[GA][Iter1] Gen:6 Ind:4 RMSE(val)=93706.262343
[GA][Iter1] Gen:6 Ind:5 RMSE(val)=93706.509482
[GA][Iter1] Gen:6 Ind:6 RMSE(val)=93706.509482
[GA][Iter1] Gen:6 Ind:7 RMSE(val)=93706.509482
[GA][Iter1] Gen:6 Ind:8 RMSE(val)=93753.179058
[GA][Iter1] Gen:6 Ind:9 RMSE(val)=93753.179058
[GA][Iter1] Gen:6 Ind:10 RMSE(val)=93850.994273
[GA][Iter1] Gen:6 Ind:11 RMSE(val)=93753.179058
[GA][Iter1] Gen:6 Ind:12 RMSE(val)=93753.179058
[GA][Iter1] Gen:6 Ind:13 RMSE(val)=93629.583452
[GA][Iter1] Gen:6 Ind:14 RMSE(val)=93706.262343
[GA][Iter1] Gen:6 Ind:15 RMSE(val)=93706.509482
[GA][Iter1] Gen:6 Ind:16 RMSE(val)=93981.802122
[GA][Iter1] Gen:6 Ind:17 RMSE(val)=98400.249992
[GA][Iter1] Gen:6 Ind:18 RMSE(val)=93850.994273
[GA][Iter1] Gen:6 Ind:19 RMSE(val)=93578.466237
[GA][Iter1] Gen:6 Ind:20 RMSE(val)=93578.466237
[GA][Iter1] gen=6 best_val_rmse=93578.466237
[GA][Iter1] Gen:7 Ind:1 RMSE(val)=93578.466237
[GA][Iter1] Gen:7 Ind:2 RMSE(val)=93578.466237
[GA][Iter1] Gen:7 Ind:3 RMSE(val)=93578.466237
[GA][Iter1] Gen:7 Ind:4 RMSE(val)=93578.466237
[GA][Iter1] Gen:7 Ind:5 RMSE(val)=93629.583452
[GA][Iter1] Gen:7 Ind:6 RMSE(val)=93629.583452
[GA][Iter1] Gen:7 Ind:7 RMSE(val)=93706.262343
[GA][Iter1] Gen:7 Ind:8 RMSE(val)=93706.262343
[GA][Iter1] Gen:7 Ind:9 RMSE(val)=93706.509482
[GA][Iter1] Gen:7 Ind:10 RMSE(val)=93706.509482
[GA][Iter1] Gen:7 Ind:11 RMSE(val)=93706.262343
[GA][Iter1] Gen:7 Ind:12 RMSE(val)=93862.234050
[GA][Iter1] Gen:7 Ind:13 RMSE(val)=93629.583452
[GA][Iter1] Gen:7 Ind:14 RMSE(val)=93578.466237
[GA][Iter1] Gen:7 Ind:15 RMSE(val)=93578.466237
[GA][Iter1] Gen:7 Ind:16 RMSE(val)=93706.262343
[GA][Iter1] Gen:7 Ind:17 RMSE(val)=93578.466237
[GA][Iter1] Gen:7 Ind:18 RMSE(val)=93706.509482
[GA][Iter1] Gen:7 Ind:19 RMSE(val)=93706.509482
[GA][Iter1] Gen:7 Ind:20 RMSE(val)=93593.160343
[GA][Iter1] gen=7 best_val_rmse=93578.466237
[GA][Iter1] Gen:8 Ind:1 RMSE(val)=93578.466237
[GA][Iter1] Gen:8 Ind:2 RMSE(val)=93578.466237
[GA][Iter1] Gen:8 Ind:3 RMSE(val)=93578.466237
[GA][Iter1] Gen:8 Ind:4 RMSE(val)=93578.466237
[GA][Iter1] Gen:8 Ind:5 RMSE(val)=93578.466237
[GA][Iter1] Gen:8 Ind:6 RMSE(val)=93578.466237
[GA][Iter1] Gen:8 Ind:7 RMSE(val)=93578.466237
[GA][Iter1] Gen:8 Ind:8 RMSE(val)=93593.160343
[GA][Iter1] Gen:8 Ind:9 RMSE(val)=93629.583452
[GA][Iter1] Gen:8 Ind:10 RMSE(val)=93629.583452
[GA][Iter1] Gen:8 Ind:11 RMSE(val)=93629.583452
[GA][Iter1] Gen:8 Ind:12 RMSE(val)=93629.583452
[GA][Iter1] Gen:8 Ind:13 RMSE(val)=93578.466237
[GA][Iter1] Gen:8 Ind:14 RMSE(val)=96703.579737
[GA][Iter1] Gen:8 Ind:15 RMSE(val)=93578.466237
[GA][Iter1] Gen:8 Ind:16 RMSE(val)=93602.923048
[GA][Iter1] Gen:8 Ind:17 RMSE(val)=96703.579737
[GA][Iter1] Gen:8 Ind:18 RMSE(val)=93629.583452
[GA][Iter1] Gen:8 Ind:19 RMSE(val)=93578.466237
[GA][Iter1] Gen:8 Ind:20 RMSE(val)=93578.466237
[GA][Iter1] gen=8 best_val_rmse=93578.466237
[GA][Iter1] Gen:9 Ind:1 RMSE(val)=93578.466237
[GA][Iter1] Gen:9 Ind:2 RMSE(val)=93578.466237
[GA][Iter1] Gen:9 Ind:3 RMSE(val)=93578.466237
[GA][Iter1] Gen:9 Ind:4 RMSE(val)=93578.466237
[GA][Iter1] Gen:9 Ind:5 RMSE(val)=93578.466237
[GA][Iter1] Gen:9 Ind:6 RMSE(val)=93578.466237
[GA][Iter1] Gen:9 Ind:7 RMSE(val)=93578.466237
[GA][Iter1] Gen:9 Ind:8 RMSE(val)=93578.466237
[GA][Iter1] Gen:9 Ind:9 RMSE(val)=93578.466237
[GA][Iter1] Gen:9 Ind:10 RMSE(val)=93578.466237
[GA][Iter1] Gen:9 Ind:11 RMSE(val)=93578.466237
[GA][Iter1] Gen:9 Ind:12 RMSE(val)=93578.466237
[GA][Iter1] Gen:9 Ind:13 RMSE(val)=93850.994273
[GA][Iter1] Gen:9 Ind:14 RMSE(val)=93578.466237
[GA][Iter1] Gen:9 Ind:15 RMSE(val)=93578.466237
[GA][Iter1] Gen:9 Ind:16 RMSE(val)=93629.583452
[GA][Iter1] Gen:9 Ind:17 RMSE(val)=93629.583452
[GA][Iter1] Gen:9 Ind:18 RMSE(val)=93578.466237
[GA][Iter1] Gen:9 Ind:19 RMSE(val)=93578.466237
[GA][Iter1] Gen:9 Ind:20 RMSE(val)=93578.466237
[GA][Iter1] gen=9 best_val_rmse=93578.466237
[GA][Iter1] Gen:10 Ind:1 RMSE(val)=93578.466237
[GA][Iter1] Gen:10 Ind:2 RMSE(val)=93578.466237
[GA][Iter1] Gen:10 Ind:3 RMSE(val)=93578.466237
[GA][Iter1] Gen:10 Ind:4 RMSE(val)=93578.466237
[GA][Iter1] Gen:10 Ind:5 RMSE(val)=93578.466237
[GA][Iter1] Gen:10 Ind:6 RMSE(val)=93578.466237
[GA][Iter1] Gen:10 Ind:7 RMSE(val)=93578.466237
[GA][Iter1] Gen:10 Ind:8 RMSE(val)=93578.466237
[GA][Iter1] Gen:10 Ind:9 RMSE(val)=93578.466237
[GA][Iter1] Gen:10 Ind:10 RMSE(val)=93578.466237
[GA][Iter1] Gen:10 Ind:11 RMSE(val)=93578.466237
[GA][Iter1] Gen:10 Ind:12 RMSE(val)=93578.466237
[GA][Iter1] Gen:10 Ind:13 RMSE(val)=93578.466237
[GA][Iter1] Gen:10 Ind:14 RMSE(val)=93578.466237
[GA][Iter1] Gen:10 Ind:15 RMSE(val)=93578.466237
[GA][Iter1] Gen:10 Ind:16 RMSE(val)=93578.466237
[GA][Iter1] Gen:10 Ind:17 RMSE(val)=93862.234050
[GA][Iter1] Gen:10 Ind:18 RMSE(val)=93629.583452
[GA][Iter1] Gen:10 Ind:19 RMSE(val)=93578.466237
[GA][Iter1] Gen:10 Ind:20 RMSE(val)=93578.466237
[GA][Iter1] gen=10 best_val_rmse=93578.466237
[GA][Iter1] Gen:11 Ind:1 RMSE(val)=93578.466237
[GA][Iter1] Gen:11 Ind:2 RMSE(val)=93578.466237
[GA][Iter1] Gen:11 Ind:3 RMSE(val)=93578.466237
[GA][Iter1] Gen:11 Ind:4 RMSE(val)=93578.466237
[GA][Iter1] Gen:11 Ind:5 RMSE(val)=93578.466237
[GA][Iter1] Gen:11 Ind:6 RMSE(val)=93578.466237
[GA][Iter1] Gen:11 Ind:7 RMSE(val)=93578.466237
[GA][Iter1] Gen:11 Ind:8 RMSE(val)=93578.466237
[GA][Iter1] Gen:11 Ind:9 RMSE(val)=93578.466237
[GA][Iter1] Gen:11 Ind:10 RMSE(val)=93578.466237
[GA][Iter1] Gen:11 Ind:11 RMSE(val)=93578.466237
[GA][Iter1] Gen:11 Ind:12 RMSE(val)=93578.466237
[GA][Iter1] Gen:11 Ind:13 RMSE(val)=93578.466237
[GA][Iter1] Gen:11 Ind:14 RMSE(val)=93578.466237
[GA][Iter1] Gen:11 Ind:15 RMSE(val)=93578.466237
[GA][Iter1] Gen:11 Ind:16 RMSE(val)=93578.466237
[GA][Iter1] Gen:11 Ind:17 RMSE(val)=93578.466237
[GA][Iter1] Gen:11 Ind:18 RMSE(val)=93578.466237
[GA][Iter1] Gen:11 Ind:19 RMSE(val)=93578.466237
[GA][Iter1] Gen:11 Ind:20 RMSE(val)=93578.466237
[GA][Iter1] gen=11 best_val_rmse=93578.466237
[GA][Iter1] Gen:12 Ind:1 RMSE(val)=93578.466237
[GA][Iter1] Gen:12 Ind:2 RMSE(val)=93578.466237
[GA][Iter1] Gen:12 Ind:3 RMSE(val)=93578.466237
[GA][Iter1] Gen:12 Ind:4 RMSE(val)=93578.466237
[GA][Iter1] Gen:12 Ind:5 RMSE(val)=93578.466237
[GA][Iter1] Gen:12 Ind:6 RMSE(val)=93578.466237
[GA][Iter1] Gen:12 Ind:7 RMSE(val)=93578.466237
[GA][Iter1] Gen:12 Ind:8 RMSE(val)=93578.466237
[GA][Iter1] Gen:12 Ind:9 RMSE(val)=93578.466237
[GA][Iter1] Gen:12 Ind:10 RMSE(val)=93578.466237
[GA][Iter1] Gen:12 Ind:11 RMSE(val)=93578.466237
[GA][Iter1] Gen:12 Ind:12 RMSE(val)=95634.727252
[GA][Iter1] Gen:12 Ind:13 RMSE(val)=93578.466237
[GA][Iter1] Gen:12 Ind:14 RMSE(val)=93850.994273
[GA][Iter1] Gen:12 Ind:15 RMSE(val)=93579.131780
[GA][Iter1] Gen:12 Ind:16 RMSE(val)=93578.466237
[GA][Iter1] Gen:12 Ind:17 RMSE(val)=93578.466237
[GA][Iter1] Gen:12 Ind:18 RMSE(val)=93578.466237
[GA][Iter1] Gen:12 Ind:19 RMSE(val)=93578.123085
[GA][Iter1] Gen:12 Ind:20 RMSE(val)=93578.466237
[GA][Iter1] gen=12 best_val_rmse=93578.123085
[GA][Iter1] Gen:13 Ind:1 RMSE(val)=93578.123085
[GA][Iter1] Gen:13 Ind:2 RMSE(val)=93578.466237
[GA][Iter1] Gen:13 Ind:3 RMSE(val)=93578.466237
[GA][Iter1] Gen:13 Ind:4 RMSE(val)=93578.466237
[GA][Iter1] Gen:13 Ind:5 RMSE(val)=93578.466237
[GA][Iter1] Gen:13 Ind:6 RMSE(val)=93578.466237
[GA][Iter1] Gen:13 Ind:7 RMSE(val)=93578.466237
[GA][Iter1] Gen:13 Ind:8 RMSE(val)=93578.466237
[GA][Iter1] Gen:13 Ind:9 RMSE(val)=93578.466237
[GA][Iter1] Gen:13 Ind:10 RMSE(val)=93578.466237
[GA][Iter1] Gen:13 Ind:11 RMSE(val)=93578.466237
[GA][Iter1] Gen:13 Ind:12 RMSE(val)=93578.041436
[GA][Iter1] Gen:13 Ind:13 RMSE(val)=93578.466237
[GA][Iter1] Gen:13 Ind:14 RMSE(val)=93578.123085
[GA][Iter1] Gen:13 Ind:15 RMSE(val)=93862.234050
[GA][Iter1] Gen:13 Ind:16 RMSE(val)=93578.466237
[GA][Iter1] Gen:13 Ind:17 RMSE(val)=93578.466237
[GA][Iter1] Gen:13 Ind:18 RMSE(val)=93850.994273
[GA][Iter1] Gen:13 Ind:19 RMSE(val)=93578.466237
[GA][Iter1] Gen:13 Ind:20 RMSE(val)=93578.466237
[GA][Iter1] gen=13 best_val_rmse=93578.041436
[GA][Iter1] Gen:14 Ind:1 RMSE(val)=93578.041436
[GA][Iter1] Gen:14 Ind:2 RMSE(val)=93578.123085
[GA][Iter1] Gen:14 Ind:3 RMSE(val)=93578.123085
[GA][Iter1] Gen:14 Ind:4 RMSE(val)=93578.466237
[GA][Iter1] Gen:14 Ind:5 RMSE(val)=93578.466237
[GA][Iter1] Gen:14 Ind:6 RMSE(val)=93578.466237
[GA][Iter1] Gen:14 Ind:7 RMSE(val)=93578.466237
[GA][Iter1] Gen:14 Ind:8 RMSE(val)=93578.466237
[GA][Iter1] Gen:14 Ind:9 RMSE(val)=93578.466237
[GA][Iter1] Gen:14 Ind:10 RMSE(val)=93578.466237
[GA][Iter1] Gen:14 Ind:11 RMSE(val)=93578.041436
[GA][Iter1] Gen:14 Ind:12 RMSE(val)=93578.466237
[GA][Iter1] Gen:14 Ind:13 RMSE(val)=93578.466237
[GA][Iter1] Gen:14 Ind:14 RMSE(val)=96703.419824
[GA][Iter1] Gen:14 Ind:15 RMSE(val)=93578.123085
[GA][Iter1] Gen:14 Ind:16 RMSE(val)=93578.466237
[GA][Iter1] Gen:14 Ind:17 RMSE(val)=93578.123085
[GA][Iter1] Gen:14 Ind:18 RMSE(val)=93578.123085
[GA][Iter1] Gen:14 Ind:19 RMSE(val)=93578.466237
[GA][Iter1] Gen:14 Ind:20 RMSE(val)=93578.123085
[GA][Iter1] gen=14 best_val_rmse=93578.041436
[GA][Iter1] Gen:15 Ind:1 RMSE(val)=93578.041436
[GA][Iter1] Gen:15 Ind:2 RMSE(val)=93578.041436
[GA][Iter1] Gen:15 Ind:3 RMSE(val)=93578.123085
[GA][Iter1] Gen:15 Ind:4 RMSE(val)=93578.123085
[GA][Iter1] Gen:15 Ind:5 RMSE(val)=93578.123085
[GA][Iter1] Gen:15 Ind:6 RMSE(val)=93578.123085
[GA][Iter1] Gen:15 Ind:7 RMSE(val)=93578.123085
[GA][Iter1] Gen:15 Ind:8 RMSE(val)=93578.123085
[GA][Iter1] Gen:15 Ind:9 RMSE(val)=93578.466237
[GA][Iter1] Gen:15 Ind:10 RMSE(val)=93578.466237
[GA][Iter1] Gen:15 Ind:11 RMSE(val)=93578.123085
[GA][Iter1] Gen:15 Ind:12 RMSE(val)=93578.123085
[GA][Iter1] Gen:15 Ind:13 RMSE(val)=93578.123085
[GA][Iter1] Gen:15 Ind:14 RMSE(val)=93578.123085
[GA][Iter1] Gen:15 Ind:15 RMSE(val)=93578.123085
[GA][Iter1] Gen:15 Ind:16 RMSE(val)=93578.466237
[GA][Iter1] Gen:15 Ind:17 RMSE(val)=93578.466237
[GA][Iter1] Gen:15 Ind:18 RMSE(val)=93578.123085
[GA][Iter1] Gen:15 Ind:19 RMSE(val)=93578.123085
[GA][Iter1] Gen:15 Ind:20 RMSE(val)=93862.234050
[GA][Iter1] gen=15 best_val_rmse=93578.041436
[GA][Iter1] Gen:15 Ind:1 RMSE(val)=93578.041436
[GA][Iter1] Gen:15 Ind:2 RMSE(val)=93578.041436
[GA][Iter1] Gen:15 Ind:3 RMSE(val)=93578.123085
[GA][Iter1] Gen:15 Ind:4 RMSE(val)=93578.123085
[GA][Iter1] Gen:15 Ind:5 RMSE(val)=93578.123085
[GA][Iter1] Gen:15 Ind:6 RMSE(val)=93578.123085
[GA][Iter1] Gen:15 Ind:7 RMSE(val)=93578.123085
[GA][Iter1] Gen:15 Ind:8 RMSE(val)=93578.123085
[GA][Iter1] Gen:15 Ind:9 RMSE(val)=93578.123085
[GA][Iter1] Gen:15 Ind:10 RMSE(val)=93578.123085
[GA][Iter1] Gen:15 Ind:11 RMSE(val)=98113.398689
[GA][Iter1] Gen:15 Ind:12 RMSE(val)=93578.041436
[GA][Iter1] Gen:15 Ind:13 RMSE(val)=93578.123085
[GA][Iter1] Gen:15 Ind:14 RMSE(val)=93578.041436
[GA][Iter1] Gen:15 Ind:15 RMSE(val)=93578.123085
[GA][Iter1] Gen:15 Ind:16 RMSE(val)=93578.041436
[GA][Iter1] Gen:15 Ind:17 RMSE(val)=93578.041436
[GA][Iter1] Gen:15 Ind:18 RMSE(val)=93578.123085
[GA][Iter1] Gen:15 Ind:19 RMSE(val)=93578.123085
[GA][Iter1] Gen:15 Ind:20 RMSE(val)=95289.626882

[GA DONE][Iter1] Best params on val fold of Iter1
Best val RMSE: 93578.041436
Best params: {'max_depth': 13, 'min_samples_split': 9, 'min_samples_leaf': 1, 'max_features': None, 'splitter': 'random', 'criterion': 'squared_error'}
--------------------------------------------------------------------------------
[RETUNE GA] Iter1: train folds 1..5 -> test fold 6  RMSE=23062.680815  NRMSE=0.918624  CVRMSE=7.359682  R2=0.148528
[GA][Iter2] Gen:1 Ind:1 RMSE(val)=22250.968827
[GA][Iter2] Gen:1 Ind:2 RMSE(val)=25158.604940
[GA][Iter2] Gen:1 Ind:3 RMSE(val)=19099.604255
[GA][Iter2] Gen:1 Ind:4 RMSE(val)=24744.309645
[GA][Iter2] Gen:1 Ind:5 RMSE(val)=25025.780364
[GA][Iter2] Gen:1 Ind:6 RMSE(val)=25158.604940
[GA][Iter2] Gen:1 Ind:7 RMSE(val)=22681.545728
[GA][Iter2] Gen:1 Ind:8 RMSE(val)=22681.711113
[GA][Iter2] Gen:1 Ind:9 RMSE(val)=25159.661626
[GA][Iter2] Gen:1 Ind:10 RMSE(val)=24650.924239
[GA][Iter2] Gen:1 Ind:11 RMSE(val)=22681.584968
[GA][Iter2] Gen:1 Ind:12 RMSE(val)=25183.916255
[GA][Iter2] Gen:1 Ind:13 RMSE(val)=24650.901099
[GA][Iter2] Gen:1 Ind:14 RMSE(val)=22681.833410
[GA][Iter2] Gen:1 Ind:15 RMSE(val)=25156.686588
[GA][Iter2] Gen:1 Ind:16 RMSE(val)=25088.943097
[GA][Iter2] Gen:1 Ind:17 RMSE(val)=23850.334468
[GA][Iter2] Gen:1 Ind:18 RMSE(val)=21487.160592
[GA][Iter2] Gen:1 Ind:19 RMSE(val)=22480.610125
[GA][Iter2] Gen:1 Ind:20 RMSE(val)=22681.500345
[GA][Iter2] gen=1 best_val_rmse=19099.604255
[GA][Iter2] Gen:2 Ind:1 RMSE(val)=19099.604255
[GA][Iter2] Gen:2 Ind:2 RMSE(val)=21487.160592
[GA][Iter2] Gen:2 Ind:3 RMSE(val)=22250.968827
[GA][Iter2] Gen:2 Ind:4 RMSE(val)=22480.610125
[GA][Iter2] Gen:2 Ind:5 RMSE(val)=22681.500345
[GA][Iter2] Gen:2 Ind:6 RMSE(val)=22681.545728
[GA][Iter2] Gen:2 Ind:7 RMSE(val)=22681.584968
[GA][Iter2] Gen:2 Ind:8 RMSE(val)=22681.711113
[GA][Iter2] Gen:2 Ind:9 RMSE(val)=22681.833410
[GA][Iter2] Gen:2 Ind:10 RMSE(val)=23850.334468
[GA][Iter2] Gen:2 Ind:11 RMSE(val)=22681.500345
[GA][Iter2] Gen:2 Ind:12 RMSE(val)=21487.133706
[GA][Iter2] Gen:2 Ind:13 RMSE(val)=22681.851446
[GA][Iter2] Gen:2 Ind:14 RMSE(val)=22681.767440
[GA][Iter2] Gen:2 Ind:15 RMSE(val)=22681.834498
[GA][Iter2] Gen:2 Ind:16 RMSE(val)=25313.015316
[GA][Iter2] Gen:2 Ind:17 RMSE(val)=22681.711113
[GA][Iter2] Gen:2 Ind:18 RMSE(val)=22681.903278
[GA][Iter2] Gen:2 Ind:19 RMSE(val)=22681.711113
[GA][Iter2] Gen:2 Ind:20 RMSE(val)=24020.329557
[GA][Iter2] gen=2 best_val_rmse=19099.604255
[GA][Iter2] Gen:3 Ind:1 RMSE(val)=19099.604255
[GA][Iter2] Gen:3 Ind:2 RMSE(val)=21487.133706
[GA][Iter2] Gen:3 Ind:3 RMSE(val)=21487.160592
[GA][Iter2] Gen:3 Ind:4 RMSE(val)=22250.968827
[GA][Iter2] Gen:3 Ind:5 RMSE(val)=22480.610125
[GA][Iter2] Gen:3 Ind:6 RMSE(val)=22681.500345
[GA][Iter2] Gen:3 Ind:7 RMSE(val)=22681.500345
[GA][Iter2] Gen:3 Ind:8 RMSE(val)=22681.545728
[GA][Iter2] Gen:3 Ind:9 RMSE(val)=22681.584968
[GA][Iter2] Gen:3 Ind:10 RMSE(val)=22681.711113
[GA][Iter2] Gen:3 Ind:11 RMSE(val)=22681.671689
[GA][Iter2] Gen:3 Ind:12 RMSE(val)=21487.133706
[GA][Iter2] Gen:3 Ind:13 RMSE(val)=23260.020564
[GA][Iter2] Gen:3 Ind:14 RMSE(val)=19151.677178
[GA][Iter2] Gen:3 Ind:15 RMSE(val)=22681.500345
[GA][Iter2] Gen:3 Ind:16 RMSE(val)=25202.428811
[GA][Iter2] Gen:3 Ind:17 RMSE(val)=21487.133706
[GA][Iter2] Gen:3 Ind:18 RMSE(val)=24650.900067
[GA][Iter2] Gen:3 Ind:19 RMSE(val)=22831.282204
[GA][Iter2] Gen:3 Ind:20 RMSE(val)=22681.610166
[GA][Iter2] gen=3 best_val_rmse=19099.604255
[GA][Iter2] Gen:4 Ind:1 RMSE(val)=19099.604255
[GA][Iter2] Gen:4 Ind:2 RMSE(val)=19151.677178
[GA][Iter2] Gen:4 Ind:3 RMSE(val)=21487.133706
[GA][Iter2] Gen:4 Ind:4 RMSE(val)=21487.133706
[GA][Iter2] Gen:4 Ind:5 RMSE(val)=21487.133706
[GA][Iter2] Gen:4 Ind:6 RMSE(val)=21487.160592
[GA][Iter2] Gen:4 Ind:7 RMSE(val)=22250.968827
[GA][Iter2] Gen:4 Ind:8 RMSE(val)=22480.610125
[GA][Iter2] Gen:4 Ind:9 RMSE(val)=22681.500345
[GA][Iter2] Gen:4 Ind:10 RMSE(val)=22681.500345
[GA][Iter2] Gen:4 Ind:11 RMSE(val)=22681.500345
[GA][Iter2] Gen:4 Ind:12 RMSE(val)=25604.721325
[GA][Iter2] Gen:4 Ind:13 RMSE(val)=19758.678540
[GA][Iter2] Gen:4 Ind:14 RMSE(val)=22681.500345
[GA][Iter2] Gen:4 Ind:15 RMSE(val)=24715.376632
[GA][Iter2] Gen:4 Ind:16 RMSE(val)=22681.669959
[GA][Iter2] Gen:4 Ind:17 RMSE(val)=21486.893669
[GA][Iter2] Gen:4 Ind:18 RMSE(val)=21487.133706
[GA][Iter2] Gen:4 Ind:19 RMSE(val)=21487.133706
[GA][Iter2] Gen:4 Ind:20 RMSE(val)=22681.500345
[GA][Iter2] gen=4 best_val_rmse=19099.604255
[GA][Iter2] Gen:5 Ind:1 RMSE(val)=19099.604255
[GA][Iter2] Gen:5 Ind:2 RMSE(val)=19151.677178
[GA][Iter2] Gen:5 Ind:3 RMSE(val)=19758.678540
[GA][Iter2] Gen:5 Ind:4 RMSE(val)=21486.893669
[GA][Iter2] Gen:5 Ind:5 RMSE(val)=21487.133706
[GA][Iter2] Gen:5 Ind:6 RMSE(val)=21487.133706
[GA][Iter2] Gen:5 Ind:7 RMSE(val)=21487.133706
[GA][Iter2] Gen:5 Ind:8 RMSE(val)=21487.133706
[GA][Iter2] Gen:5 Ind:9 RMSE(val)=21487.133706
[GA][Iter2] Gen:5 Ind:10 RMSE(val)=21487.160592
[GA][Iter2] Gen:5 Ind:11 RMSE(val)=19151.677178
[GA][Iter2] Gen:5 Ind:12 RMSE(val)=21486.893669
[GA][Iter2] Gen:5 Ind:13 RMSE(val)=21487.133706
[GA][Iter2] Gen:5 Ind:14 RMSE(val)=21487.133706
[GA][Iter2] Gen:5 Ind:15 RMSE(val)=34981.028653
[GA][Iter2] Gen:5 Ind:16 RMSE(val)=21486.893669
[GA][Iter2] Gen:5 Ind:17 RMSE(val)=19758.678540
[GA][Iter2] Gen:5 Ind:18 RMSE(val)=19151.677178
[GA][Iter2] Gen:5 Ind:19 RMSE(val)=19099.604255
[GA][Iter2] Gen:5 Ind:20 RMSE(val)=21487.133706
[GA][Iter2] gen=5 best_val_rmse=19099.604255
[GA][Iter2] Gen:6 Ind:1 RMSE(val)=19099.604255
[GA][Iter2] Gen:6 Ind:2 RMSE(val)=19099.604255
[GA][Iter2] Gen:6 Ind:3 RMSE(val)=19151.677178
[GA][Iter2] Gen:6 Ind:4 RMSE(val)=19151.677178
[GA][Iter2] Gen:6 Ind:5 RMSE(val)=19151.677178
[GA][Iter2] Gen:6 Ind:6 RMSE(val)=19758.678540
[GA][Iter2] Gen:6 Ind:7 RMSE(val)=19758.678540
[GA][Iter2] Gen:6 Ind:8 RMSE(val)=21486.893669
[GA][Iter2] Gen:6 Ind:9 RMSE(val)=21486.893669
[GA][Iter2] Gen:6 Ind:10 RMSE(val)=21486.893669
[GA][Iter2] Gen:6 Ind:11 RMSE(val)=24554.814254
[GA][Iter2] Gen:6 Ind:12 RMSE(val)=21486.893669
[GA][Iter2] Gen:6 Ind:13 RMSE(val)=21487.133706
[GA][Iter2] Gen:6 Ind:14 RMSE(val)=19151.677178
[GA][Iter2] Gen:6 Ind:15 RMSE(val)=19758.678540
[GA][Iter2] Gen:6 Ind:16 RMSE(val)=25535.816000
[GA][Iter2] Gen:6 Ind:17 RMSE(val)=21486.893669
[GA][Iter2] Gen:6 Ind:18 RMSE(val)=19099.604255
[GA][Iter2] Gen:6 Ind:19 RMSE(val)=19099.604255
[GA][Iter2] Gen:6 Ind:20 RMSE(val)=19099.604255
[GA][Iter2] gen=6 best_val_rmse=19099.604255
[GA][Iter2] Gen:7 Ind:1 RMSE(val)=19099.604255
[GA][Iter2] Gen:7 Ind:2 RMSE(val)=19099.604255
[GA][Iter2] Gen:7 Ind:3 RMSE(val)=19099.604255
[GA][Iter2] Gen:7 Ind:4 RMSE(val)=19099.604255
[GA][Iter2] Gen:7 Ind:5 RMSE(val)=19099.604255
[GA][Iter2] Gen:7 Ind:6 RMSE(val)=19151.677178
[GA][Iter2] Gen:7 Ind:7 RMSE(val)=19151.677178
[GA][Iter2] Gen:7 Ind:8 RMSE(val)=19151.677178
[GA][Iter2] Gen:7 Ind:9 RMSE(val)=19151.677178
[GA][Iter2] Gen:7 Ind:10 RMSE(val)=19758.678540
[GA][Iter2] Gen:7 Ind:11 RMSE(val)=19151.677178
[GA][Iter2] Gen:7 Ind:12 RMSE(val)=19099.604255
[GA][Iter2] Gen:7 Ind:13 RMSE(val)=19099.604255
[GA][Iter2] Gen:7 Ind:14 RMSE(val)=19151.677178
[GA][Iter2] Gen:7 Ind:15 RMSE(val)=19099.604255
[GA][Iter2] Gen:7 Ind:16 RMSE(val)=19151.677178
[GA][Iter2] Gen:7 Ind:17 RMSE(val)=19151.677178
[GA][Iter2] Gen:7 Ind:18 RMSE(val)=19151.677178
[GA][Iter2] Gen:7 Ind:19 RMSE(val)=19758.678540
[GA][Iter2] Gen:7 Ind:20 RMSE(val)=19151.677178
[GA][Iter2] gen=7 best_val_rmse=19099.604255
[GA][Iter2] Gen:8 Ind:1 RMSE(val)=19099.604255
[GA][Iter2] Gen:8 Ind:2 RMSE(val)=19099.604255
[GA][Iter2] Gen:8 Ind:3 RMSE(val)=19099.604255
[GA][Iter2] Gen:8 Ind:4 RMSE(val)=19099.604255
[GA][Iter2] Gen:8 Ind:5 RMSE(val)=19099.604255
[GA][Iter2] Gen:8 Ind:6 RMSE(val)=19099.604255
[GA][Iter2] Gen:8 Ind:7 RMSE(val)=19099.604255
[GA][Iter2] Gen:8 Ind:8 RMSE(val)=19099.604255
[GA][Iter2] Gen:8 Ind:9 RMSE(val)=19151.677178
[GA][Iter2] Gen:8 Ind:10 RMSE(val)=19151.677178
[GA][Iter2] Gen:8 Ind:11 RMSE(val)=19151.677178
[GA][Iter2] Gen:8 Ind:12 RMSE(val)=19100.898060
[GA][Iter2] Gen:8 Ind:13 RMSE(val)=19099.604255
[GA][Iter2] Gen:8 Ind:14 RMSE(val)=19099.604255
[GA][Iter2] Gen:8 Ind:15 RMSE(val)=19099.604255
[GA][Iter2] Gen:8 Ind:16 RMSE(val)=19151.677178
[GA][Iter2] Gen:8 Ind:17 RMSE(val)=19151.677178
[GA][Iter2] Gen:8 Ind:18 RMSE(val)=19100.898060
[GA][Iter2] Gen:8 Ind:19 RMSE(val)=19307.376724
[GA][Iter2] Gen:8 Ind:20 RMSE(val)=19099.604255
[GA][Iter2] gen=8 best_val_rmse=19099.604255
[GA][Iter2] Gen:9 Ind:1 RMSE(val)=19099.604255
[GA][Iter2] Gen:9 Ind:2 RMSE(val)=19099.604255
[GA][Iter2] Gen:9 Ind:3 RMSE(val)=19099.604255
[GA][Iter2] Gen:9 Ind:4 RMSE(val)=19099.604255
[GA][Iter2] Gen:9 Ind:5 RMSE(val)=19099.604255
[GA][Iter2] Gen:9 Ind:6 RMSE(val)=19099.604255
[GA][Iter2] Gen:9 Ind:7 RMSE(val)=19099.604255
[GA][Iter2] Gen:9 Ind:8 RMSE(val)=19099.604255
[GA][Iter2] Gen:9 Ind:9 RMSE(val)=19099.604255
[GA][Iter2] Gen:9 Ind:10 RMSE(val)=19099.604255
[GA][Iter2] Gen:9 Ind:11 RMSE(val)=19099.604255
[GA][Iter2] Gen:9 Ind:12 RMSE(val)=19307.376724
[GA][Iter2] Gen:9 Ind:13 RMSE(val)=24020.329557
[GA][Iter2] Gen:9 Ind:14 RMSE(val)=19099.604255
[GA][Iter2] Gen:9 Ind:15 RMSE(val)=19308.656607
[GA][Iter2] Gen:9 Ind:16 RMSE(val)=25464.712404
[GA][Iter2] Gen:9 Ind:17 RMSE(val)=25464.712404
[GA][Iter2] Gen:9 Ind:18 RMSE(val)=24237.116622
[GA][Iter2] Gen:9 Ind:19 RMSE(val)=19099.604255
[GA][Iter2] Gen:9 Ind:20 RMSE(val)=19099.604255
[GA][Iter2] gen=9 best_val_rmse=19099.604255
[GA][Iter2] Gen:10 Ind:1 RMSE(val)=19099.604255
[GA][Iter2] Gen:10 Ind:2 RMSE(val)=19099.604255
[GA][Iter2] Gen:10 Ind:3 RMSE(val)=19099.604255
[GA][Iter2] Gen:10 Ind:4 RMSE(val)=19099.604255
[GA][Iter2] Gen:10 Ind:5 RMSE(val)=19099.604255
[GA][Iter2] Gen:10 Ind:6 RMSE(val)=19099.604255
[GA][Iter2] Gen:10 Ind:7 RMSE(val)=19099.604255
[GA][Iter2] Gen:10 Ind:8 RMSE(val)=19099.604255
[GA][Iter2] Gen:10 Ind:9 RMSE(val)=19099.604255
[GA][Iter2] Gen:10 Ind:10 RMSE(val)=19099.604255
[GA][Iter2] Gen:10 Ind:11 RMSE(val)=19099.604255
[GA][Iter2] Gen:10 Ind:12 RMSE(val)=19099.604255
[GA][Iter2] Gen:10 Ind:13 RMSE(val)=19099.604255
[GA][Iter2] Gen:10 Ind:14 RMSE(val)=19099.604255
[GA][Iter2] Gen:10 Ind:15 RMSE(val)=19099.604255
[GA][Iter2] Gen:10 Ind:16 RMSE(val)=19099.604255
[GA][Iter2] Gen:10 Ind:17 RMSE(val)=19099.604255
[GA][Iter2] Gen:10 Ind:18 RMSE(val)=25464.712404
[GA][Iter2] Gen:10 Ind:19 RMSE(val)=19099.604255
[GA][Iter2] Gen:10 Ind:20 RMSE(val)=19099.604255
[GA][Iter2] gen=10 best_val_rmse=19099.604255
[GA][Iter2] Gen:11 Ind:1 RMSE(val)=19099.604255
[GA][Iter2] Gen:11 Ind:2 RMSE(val)=19099.604255
[GA][Iter2] Gen:11 Ind:3 RMSE(val)=19099.604255
[GA][Iter2] Gen:11 Ind:4 RMSE(val)=19099.604255
[GA][Iter2] Gen:11 Ind:5 RMSE(val)=19099.604255
[GA][Iter2] Gen:11 Ind:6 RMSE(val)=19099.604255
[GA][Iter2] Gen:11 Ind:7 RMSE(val)=19099.604255
[GA][Iter2] Gen:11 Ind:8 RMSE(val)=19099.604255
[GA][Iter2] Gen:11 Ind:9 RMSE(val)=19099.604255
[GA][Iter2] Gen:11 Ind:10 RMSE(val)=19099.604255
[GA][Iter2] Gen:11 Ind:11 RMSE(val)=19099.604255
[GA][Iter2] Gen:11 Ind:12 RMSE(val)=19099.604255
[GA][Iter2] Gen:11 Ind:13 RMSE(val)=19099.604255
[GA][Iter2] Gen:11 Ind:14 RMSE(val)=19099.604255
[GA][Iter2] Gen:11 Ind:15 RMSE(val)=19099.604255
[GA][Iter2] Gen:11 Ind:16 RMSE(val)=19099.604255
[GA][Iter2] Gen:11 Ind:17 RMSE(val)=19099.604255
[GA][Iter2] Gen:11 Ind:18 RMSE(val)=19099.604255
[GA][Iter2] Gen:11 Ind:19 RMSE(val)=19099.604255
[GA][Iter2] Gen:11 Ind:20 RMSE(val)=19099.604255
[GA][Iter2] gen=11 best_val_rmse=19099.604255
[GA][Iter2] Gen:12 Ind:1 RMSE(val)=19099.604255
[GA][Iter2] Gen:12 Ind:2 RMSE(val)=19099.604255
[GA][Iter2] Gen:12 Ind:3 RMSE(val)=19099.604255
[GA][Iter2] Gen:12 Ind:4 RMSE(val)=19099.604255
[GA][Iter2] Gen:12 Ind:5 RMSE(val)=19099.604255
[GA][Iter2] Gen:12 Ind:6 RMSE(val)=19099.604255
[GA][Iter2] Gen:12 Ind:7 RMSE(val)=19099.604255
[GA][Iter2] Gen:12 Ind:8 RMSE(val)=19099.604255
[GA][Iter2] Gen:12 Ind:9 RMSE(val)=19099.604255
[GA][Iter2] Gen:12 Ind:10 RMSE(val)=19099.604255
[GA][Iter2] Gen:12 Ind:11 RMSE(val)=19099.604255
[GA][Iter2] Gen:12 Ind:12 RMSE(val)=19308.656971
[GA][Iter2] Gen:12 Ind:13 RMSE(val)=19099.604255
[GA][Iter2] Gen:12 Ind:14 RMSE(val)=24020.329557
[GA][Iter2] Gen:12 Ind:15 RMSE(val)=24286.380743
[GA][Iter2] Gen:12 Ind:16 RMSE(val)=19099.604255
[GA][Iter2] Gen:12 Ind:17 RMSE(val)=19099.604255
[GA][Iter2] Gen:12 Ind:18 RMSE(val)=19099.604255
[GA][Iter2] Gen:12 Ind:19 RMSE(val)=19101.196787
[GA][Iter2] Gen:12 Ind:20 RMSE(val)=19099.604255
[GA][Iter2] gen=12 best_val_rmse=19099.604255
[GA][Iter2] Gen:13 Ind:1 RMSE(val)=19099.604255
[GA][Iter2] Gen:13 Ind:2 RMSE(val)=19099.604255
[GA][Iter2] Gen:13 Ind:3 RMSE(val)=19099.604255
[GA][Iter2] Gen:13 Ind:4 RMSE(val)=19099.604255
[GA][Iter2] Gen:13 Ind:5 RMSE(val)=19099.604255
[GA][Iter2] Gen:13 Ind:6 RMSE(val)=19099.604255
[GA][Iter2] Gen:13 Ind:7 RMSE(val)=19099.604255
[GA][Iter2] Gen:13 Ind:8 RMSE(val)=19099.604255
[GA][Iter2] Gen:13 Ind:9 RMSE(val)=19099.604255
[GA][Iter2] Gen:13 Ind:10 RMSE(val)=19099.604255
[GA][Iter2] Gen:13 Ind:11 RMSE(val)=19099.604255
[GA][Iter2] Gen:13 Ind:12 RMSE(val)=19100.898060
[GA][Iter2] Gen:13 Ind:13 RMSE(val)=19099.604255
[GA][Iter2] Gen:13 Ind:14 RMSE(val)=19099.604255
[GA][Iter2] Gen:13 Ind:15 RMSE(val)=19099.604255
[GA][Iter2] Gen:13 Ind:16 RMSE(val)=19099.604255
[GA][Iter2] Gen:13 Ind:17 RMSE(val)=19099.604255
[GA][Iter2] Gen:13 Ind:18 RMSE(val)=24020.329557
[GA][Iter2] Gen:13 Ind:19 RMSE(val)=19099.604255
[GA][Iter2] Gen:13 Ind:20 RMSE(val)=19099.604255
[GA][Iter2] gen=13 best_val_rmse=19099.604255
[GA][Iter2] Gen:14 Ind:1 RMSE(val)=19099.604255
[GA][Iter2] Gen:14 Ind:2 RMSE(val)=19099.604255
[GA][Iter2] Gen:14 Ind:3 RMSE(val)=19099.604255
[GA][Iter2] Gen:14 Ind:4 RMSE(val)=19099.604255
[GA][Iter2] Gen:14 Ind:5 RMSE(val)=19099.604255
[GA][Iter2] Gen:14 Ind:6 RMSE(val)=19099.604255
[GA][Iter2] Gen:14 Ind:7 RMSE(val)=19099.604255
[GA][Iter2] Gen:14 Ind:8 RMSE(val)=19099.604255
[GA][Iter2] Gen:14 Ind:9 RMSE(val)=19099.604255
[GA][Iter2] Gen:14 Ind:10 RMSE(val)=19099.604255
[GA][Iter2] Gen:14 Ind:11 RMSE(val)=19099.604255
[GA][Iter2] Gen:14 Ind:12 RMSE(val)=19099.604255
[GA][Iter2] Gen:14 Ind:13 RMSE(val)=19099.604255
[GA][Iter2] Gen:14 Ind:14 RMSE(val)=19151.677178
[GA][Iter2] Gen:14 Ind:15 RMSE(val)=19099.604255
[GA][Iter2] Gen:14 Ind:16 RMSE(val)=19099.604255
[GA][Iter2] Gen:14 Ind:17 RMSE(val)=19101.196787
[GA][Iter2] Gen:14 Ind:18 RMSE(val)=19099.604255
[GA][Iter2] Gen:14 Ind:19 RMSE(val)=19099.604255
[GA][Iter2] Gen:14 Ind:20 RMSE(val)=19099.604255
[GA][Iter2] gen=14 best_val_rmse=19099.604255
[GA][Iter2] Gen:15 Ind:1 RMSE(val)=19099.604255
[GA][Iter2] Gen:15 Ind:2 RMSE(val)=19099.604255
[GA][Iter2] Gen:15 Ind:3 RMSE(val)=19099.604255
[GA][Iter2] Gen:15 Ind:4 RMSE(val)=19099.604255
[GA][Iter2] Gen:15 Ind:5 RMSE(val)=19099.604255
[GA][Iter2] Gen:15 Ind:6 RMSE(val)=19099.604255
[GA][Iter2] Gen:15 Ind:7 RMSE(val)=19099.604255
[GA][Iter2] Gen:15 Ind:8 RMSE(val)=19099.604255
[GA][Iter2] Gen:15 Ind:9 RMSE(val)=19099.604255
[GA][Iter2] Gen:15 Ind:10 RMSE(val)=19099.604255
[GA][Iter2] Gen:15 Ind:11 RMSE(val)=19099.604255
[GA][Iter2] Gen:15 Ind:12 RMSE(val)=19099.604255
[GA][Iter2] Gen:15 Ind:13 RMSE(val)=19099.604255
[GA][Iter2] Gen:15 Ind:14 RMSE(val)=19099.604255
[GA][Iter2] Gen:15 Ind:15 RMSE(val)=19099.604255
[GA][Iter2] Gen:15 Ind:16 RMSE(val)=19099.604255
[GA][Iter2] Gen:15 Ind:17 RMSE(val)=19099.604255
[GA][Iter2] Gen:15 Ind:18 RMSE(val)=19099.604255
[GA][Iter2] Gen:15 Ind:19 RMSE(val)=19099.604255
[GA][Iter2] Gen:15 Ind:20 RMSE(val)=19099.604255
[GA][Iter2] gen=15 best_val_rmse=19099.604255
[GA][Iter2] Gen:15 Ind:1 RMSE(val)=19099.604255
[GA][Iter2] Gen:15 Ind:2 RMSE(val)=19099.604255
[GA][Iter2] Gen:15 Ind:3 RMSE(val)=19099.604255
[GA][Iter2] Gen:15 Ind:4 RMSE(val)=19099.604255
[GA][Iter2] Gen:15 Ind:5 RMSE(val)=19099.604255
[GA][Iter2] Gen:15 Ind:6 RMSE(val)=19099.604255
[GA][Iter2] Gen:15 Ind:7 RMSE(val)=19099.604255
[GA][Iter2] Gen:15 Ind:8 RMSE(val)=19099.604255
[GA][Iter2] Gen:15 Ind:9 RMSE(val)=19099.604255
[GA][Iter2] Gen:15 Ind:10 RMSE(val)=19099.604255
[GA][Iter2] Gen:15 Ind:11 RMSE(val)=25464.712404
[GA][Iter2] Gen:15 Ind:12 RMSE(val)=19099.604255
[GA][Iter2] Gen:15 Ind:13 RMSE(val)=19099.604255
[GA][Iter2] Gen:15 Ind:14 RMSE(val)=19099.604255
[GA][Iter2] Gen:15 Ind:15 RMSE(val)=19099.604255
[GA][Iter2] Gen:15 Ind:16 RMSE(val)=19099.604255
[GA][Iter2] Gen:15 Ind:17 RMSE(val)=19099.604255
[GA][Iter2] Gen:15 Ind:18 RMSE(val)=19099.604255
[GA][Iter2] Gen:15 Ind:19 RMSE(val)=19099.604255
[GA][Iter2] Gen:15 Ind:20 RMSE(val)=19264.703132

[GA DONE][Iter2] Best params on val fold of Iter2
Best val RMSE: 19099.604255
Best params: {'max_depth': 28, 'min_samples_split': 4, 'min_samples_leaf': 1, 'max_features': None, 'splitter': 'best', 'criterion': 'squared_error'}
--------------------------------------------------------------------------------
[RETUNE GA] Iter2: train folds 1..6 -> test fold 7  RMSE=16696.961728  NRMSE=0.939030  CVRMSE=6.502226  R2=0.110278
[GA][Iter3] Gen:1 Ind:1 RMSE(val)=17027.337248
[GA][Iter3] Gen:1 Ind:2 RMSE(val)=17142.804967
[GA][Iter3] Gen:1 Ind:3 RMSE(val)=16696.961728
[GA][Iter3] Gen:1 Ind:4 RMSE(val)=17142.857239
[GA][Iter3] Gen:1 Ind:5 RMSE(val)=17893.864875
[GA][Iter3] Gen:1 Ind:6 RMSE(val)=17850.067151
[GA][Iter3] Gen:1 Ind:7 RMSE(val)=13671.357557
[GA][Iter3] Gen:1 Ind:8 RMSE(val)=14633.912632
[GA][Iter3] Gen:1 Ind:9 RMSE(val)=17849.519516
[GA][Iter3] Gen:1 Ind:10 RMSE(val)=17142.801048
[GA][Iter3] Gen:1 Ind:11 RMSE(val)=14634.011824
[GA][Iter3] Gen:1 Ind:12 RMSE(val)=17828.661549
[GA][Iter3] Gen:1 Ind:13 RMSE(val)=17142.832072
[GA][Iter3] Gen:1 Ind:14 RMSE(val)=14633.927113
[GA][Iter3] Gen:1 Ind:15 RMSE(val)=17850.191350
[GA][Iter3] Gen:1 Ind:16 RMSE(val)=18009.383848
[GA][Iter3] Gen:1 Ind:17 RMSE(val)=17844.789310
[GA][Iter3] Gen:1 Ind:18 RMSE(val)=15520.858025
[GA][Iter3] Gen:1 Ind:19 RMSE(val)=14727.197596
[GA][Iter3] Gen:1 Ind:20 RMSE(val)=14633.898502
[GA][Iter3] gen=1 best_val_rmse=13671.357557
[GA][Iter3] Gen:2 Ind:1 RMSE(val)=13671.357557
[GA][Iter3] Gen:2 Ind:2 RMSE(val)=14633.898502
[GA][Iter3] Gen:2 Ind:3 RMSE(val)=14633.912632
[GA][Iter3] Gen:2 Ind:4 RMSE(val)=14633.927113
[GA][Iter3] Gen:2 Ind:5 RMSE(val)=14634.011824
[GA][Iter3] Gen:2 Ind:6 RMSE(val)=14727.197596
[GA][Iter3] Gen:2 Ind:7 RMSE(val)=15520.858025
[GA][Iter3] Gen:2 Ind:8 RMSE(val)=16696.961728
[GA][Iter3] Gen:2 Ind:9 RMSE(val)=17027.337248
[GA][Iter3] Gen:2 Ind:10 RMSE(val)=17142.801048
[GA][Iter3] Gen:2 Ind:11 RMSE(val)=14633.980191
[GA][Iter3] Gen:2 Ind:12 RMSE(val)=14633.950383
[GA][Iter3] Gen:2 Ind:13 RMSE(val)=17341.847001
[GA][Iter3] Gen:2 Ind:14 RMSE(val)=14727.197596
[GA][Iter3] Gen:2 Ind:15 RMSE(val)=14633.900873
[GA][Iter3] Gen:2 Ind:16 RMSE(val)=13373.752001
[GA][Iter3] Gen:2 Ind:17 RMSE(val)=17600.107761
[GA][Iter3] Gen:2 Ind:18 RMSE(val)=15617.945318
[GA][Iter3] Gen:2 Ind:19 RMSE(val)=17600.107761
[GA][Iter3] Gen:2 Ind:20 RMSE(val)=17671.286615
[GA][Iter3] gen=2 best_val_rmse=13373.752001
[GA][Iter3] Gen:3 Ind:1 RMSE(val)=13373.752001
[GA][Iter3] Gen:3 Ind:2 RMSE(val)=13671.357557
[GA][Iter3] Gen:3 Ind:3 RMSE(val)=14633.898502
[GA][Iter3] Gen:3 Ind:4 RMSE(val)=14633.900873
[GA][Iter3] Gen:3 Ind:5 RMSE(val)=14633.912632
[GA][Iter3] Gen:3 Ind:6 RMSE(val)=14633.927113
[GA][Iter3] Gen:3 Ind:7 RMSE(val)=14633.950383
[GA][Iter3] Gen:3 Ind:8 RMSE(val)=14633.980191
[GA][Iter3] Gen:3 Ind:9 RMSE(val)=14634.011824
[GA][Iter3] Gen:3 Ind:10 RMSE(val)=14727.197596
[GA][Iter3] Gen:3 Ind:11 RMSE(val)=14727.197596
[GA][Iter3] Gen:3 Ind:12 RMSE(val)=18238.785412
[GA][Iter3] Gen:3 Ind:13 RMSE(val)=14633.900873
[GA][Iter3] Gen:3 Ind:14 RMSE(val)=12772.407850
[GA][Iter3] Gen:3 Ind:15 RMSE(val)=14633.912632
[GA][Iter3] Gen:3 Ind:16 RMSE(val)=14633.894528
[GA][Iter3] Gen:3 Ind:17 RMSE(val)=14633.950383
[GA][Iter3] Gen:3 Ind:18 RMSE(val)=17142.833795
[GA][Iter3] Gen:3 Ind:19 RMSE(val)=17683.114163
[GA][Iter3] Gen:3 Ind:20 RMSE(val)=14633.980191
[GA][Iter3] gen=3 best_val_rmse=12772.407850
[GA][Iter3] Gen:4 Ind:1 RMSE(val)=12772.407850
[GA][Iter3] Gen:4 Ind:2 RMSE(val)=13373.752001
[GA][Iter3] Gen:4 Ind:3 RMSE(val)=13671.357557
[GA][Iter3] Gen:4 Ind:4 RMSE(val)=14633.894528
[GA][Iter3] Gen:4 Ind:5 RMSE(val)=14633.898502
[GA][Iter3] Gen:4 Ind:6 RMSE(val)=14633.900873
[GA][Iter3] Gen:4 Ind:7 RMSE(val)=14633.900873
[GA][Iter3] Gen:4 Ind:8 RMSE(val)=14633.912632
[GA][Iter3] Gen:4 Ind:9 RMSE(val)=14633.912632
[GA][Iter3] Gen:4 Ind:10 RMSE(val)=14633.927113
[GA][Iter3] Gen:4 Ind:11 RMSE(val)=13951.930576
[GA][Iter3] Gen:4 Ind:12 RMSE(val)=14633.925353
[GA][Iter3] Gen:4 Ind:13 RMSE(val)=13373.752001
[GA][Iter3] Gen:4 Ind:14 RMSE(val)=14633.977158
[GA][Iter3] Gen:4 Ind:15 RMSE(val)=14633.900873
[GA][Iter3] Gen:4 Ind:16 RMSE(val)=14633.912582
[GA][Iter3] Gen:4 Ind:17 RMSE(val)=14633.904957
[GA][Iter3] Gen:4 Ind:18 RMSE(val)=14633.903619
[GA][Iter3] Gen:4 Ind:19 RMSE(val)=14633.900873
[GA][Iter3] Gen:4 Ind:20 RMSE(val)=14633.977158
[GA][Iter3] gen=4 best_val_rmse=12772.407850
[GA][Iter3] Gen:5 Ind:1 RMSE(val)=12772.407850
[GA][Iter3] Gen:5 Ind:2 RMSE(val)=13373.752001
[GA][Iter3] Gen:5 Ind:3 RMSE(val)=13373.752001
[GA][Iter3] Gen:5 Ind:4 RMSE(val)=13671.357557
[GA][Iter3] Gen:5 Ind:5 RMSE(val)=13951.930576
[GA][Iter3] Gen:5 Ind:6 RMSE(val)=14633.894528
[GA][Iter3] Gen:5 Ind:7 RMSE(val)=14633.898502
[GA][Iter3] Gen:5 Ind:8 RMSE(val)=14633.900873
[GA][Iter3] Gen:5 Ind:9 RMSE(val)=14633.900873
[GA][Iter3] Gen:5 Ind:10 RMSE(val)=14633.900873
[GA][Iter3] Gen:5 Ind:11 RMSE(val)=12590.887741
[GA][Iter3] Gen:5 Ind:12 RMSE(val)=14633.949821
[GA][Iter3] Gen:5 Ind:13 RMSE(val)=14633.894528
[GA][Iter3] Gen:5 Ind:14 RMSE(val)=14727.297492
[GA][Iter3] Gen:5 Ind:15 RMSE(val)=17317.917502
[GA][Iter3] Gen:5 Ind:16 RMSE(val)=14633.949821
[GA][Iter3] Gen:5 Ind:17 RMSE(val)=17595.593062
[GA][Iter3] Gen:5 Ind:18 RMSE(val)=17341.847001
[GA][Iter3] Gen:5 Ind:19 RMSE(val)=15036.750231
[GA][Iter3] Gen:5 Ind:20 RMSE(val)=18086.933195
[GA][Iter3] gen=5 best_val_rmse=12590.887741
[GA][Iter3] Gen:6 Ind:1 RMSE(val)=12590.887741
[GA][Iter3] Gen:6 Ind:2 RMSE(val)=12772.407850
[GA][Iter3] Gen:6 Ind:3 RMSE(val)=13373.752001
[GA][Iter3] Gen:6 Ind:4 RMSE(val)=13373.752001
[GA][Iter3] Gen:6 Ind:5 RMSE(val)=13671.357557
[GA][Iter3] Gen:6 Ind:6 RMSE(val)=13951.930576
[GA][Iter3] Gen:6 Ind:7 RMSE(val)=14633.894528
[GA][Iter3] Gen:6 Ind:8 RMSE(val)=14633.894528
[GA][Iter3] Gen:6 Ind:9 RMSE(val)=14633.898502
[GA][Iter3] Gen:6 Ind:10 RMSE(val)=14633.900873
[GA][Iter3] Gen:6 Ind:11 RMSE(val)=14633.894528
[GA][Iter3] Gen:6 Ind:12 RMSE(val)=14633.898502
[GA][Iter3] Gen:6 Ind:13 RMSE(val)=18086.933195
[GA][Iter3] Gen:6 Ind:14 RMSE(val)=14633.894528
[GA][Iter3] Gen:6 Ind:15 RMSE(val)=13671.357557
[GA][Iter3] Gen:6 Ind:16 RMSE(val)=12709.536219
[GA][Iter3] Gen:6 Ind:17 RMSE(val)=14633.900873
[GA][Iter3] Gen:6 Ind:18 RMSE(val)=12590.887741
[GA][Iter3] Gen:6 Ind:19 RMSE(val)=13671.357557
[GA][Iter3] Gen:6 Ind:20 RMSE(val)=12590.887741
[GA][Iter3] gen=6 best_val_rmse=12590.887741
[GA][Iter3] Gen:7 Ind:1 RMSE(val)=12590.887741
[GA][Iter3] Gen:7 Ind:2 RMSE(val)=12590.887741
[GA][Iter3] Gen:7 Ind:3 RMSE(val)=12590.887741
[GA][Iter3] Gen:7 Ind:4 RMSE(val)=12709.536219
[GA][Iter3] Gen:7 Ind:5 RMSE(val)=12772.407850
[GA][Iter3] Gen:7 Ind:6 RMSE(val)=13373.752001
[GA][Iter3] Gen:7 Ind:7 RMSE(val)=13373.752001
[GA][Iter3] Gen:7 Ind:8 RMSE(val)=13671.357557
[GA][Iter3] Gen:7 Ind:9 RMSE(val)=13671.357557
[GA][Iter3] Gen:7 Ind:10 RMSE(val)=13671.357557
[GA][Iter3] Gen:7 Ind:11 RMSE(val)=12772.407850
[GA][Iter3] Gen:7 Ind:12 RMSE(val)=12590.887741
[GA][Iter3] Gen:7 Ind:13 RMSE(val)=12772.407850
[GA][Iter3] Gen:7 Ind:14 RMSE(val)=12590.887741
[GA][Iter3] Gen:7 Ind:15 RMSE(val)=12590.913895
[GA][Iter3] Gen:7 Ind:16 RMSE(val)=13373.752001
[GA][Iter3] Gen:7 Ind:17 RMSE(val)=13373.752001
[GA][Iter3] Gen:7 Ind:18 RMSE(val)=12772.407850
[GA][Iter3] Gen:7 Ind:19 RMSE(val)=13671.357557
[GA][Iter3] Gen:7 Ind:20 RMSE(val)=18069.479044
[GA][Iter3] gen=7 best_val_rmse=12590.887741
[GA][Iter3] Gen:8 Ind:1 RMSE(val)=12590.887741
[GA][Iter3] Gen:8 Ind:2 RMSE(val)=12590.887741
[GA][Iter3] Gen:8 Ind:3 RMSE(val)=12590.887741
[GA][Iter3] Gen:8 Ind:4 RMSE(val)=12590.887741
[GA][Iter3] Gen:8 Ind:5 RMSE(val)=12590.887741
[GA][Iter3] Gen:8 Ind:6 RMSE(val)=12590.913895
[GA][Iter3] Gen:8 Ind:7 RMSE(val)=12709.536219
[GA][Iter3] Gen:8 Ind:8 RMSE(val)=12772.407850
[GA][Iter3] Gen:8 Ind:9 RMSE(val)=12772.407850
[GA][Iter3] Gen:8 Ind:10 RMSE(val)=12772.407850
[GA][Iter3] Gen:8 Ind:11 RMSE(val)=12772.407850
[GA][Iter3] Gen:8 Ind:12 RMSE(val)=12590.887741
[GA][Iter3] Gen:8 Ind:13 RMSE(val)=12590.887741
[GA][Iter3] Gen:8 Ind:14 RMSE(val)=12772.407850
[GA][Iter3] Gen:8 Ind:15 RMSE(val)=12590.887741
[GA][Iter3] Gen:8 Ind:16 RMSE(val)=12772.374374
[GA][Iter3] Gen:8 Ind:17 RMSE(val)=13145.853033
[GA][Iter3] Gen:8 Ind:18 RMSE(val)=12590.887741
[GA][Iter3] Gen:8 Ind:19 RMSE(val)=12590.887741
[GA][Iter3] Gen:8 Ind:20 RMSE(val)=12709.536219
[GA][Iter3] gen=8 best_val_rmse=12590.887741
[GA][Iter3] Gen:9 Ind:1 RMSE(val)=12590.887741
[GA][Iter3] Gen:9 Ind:2 RMSE(val)=12590.887741
[GA][Iter3] Gen:9 Ind:3 RMSE(val)=12590.887741
[GA][Iter3] Gen:9 Ind:4 RMSE(val)=12590.887741
[GA][Iter3] Gen:9 Ind:5 RMSE(val)=12590.887741
[GA][Iter3] Gen:9 Ind:6 RMSE(val)=12590.887741
[GA][Iter3] Gen:9 Ind:7 RMSE(val)=12590.887741
[GA][Iter3] Gen:9 Ind:8 RMSE(val)=12590.887741
[GA][Iter3] Gen:9 Ind:9 RMSE(val)=12590.887741
[GA][Iter3] Gen:9 Ind:10 RMSE(val)=12590.887741
[GA][Iter3] Gen:9 Ind:11 RMSE(val)=12590.887741
[GA][Iter3] Gen:9 Ind:12 RMSE(val)=12590.887741
[GA][Iter3] Gen:9 Ind:13 RMSE(val)=13373.752001
[GA][Iter3] Gen:9 Ind:14 RMSE(val)=12590.887741
[GA][Iter3] Gen:9 Ind:15 RMSE(val)=12590.887741
[GA][Iter3] Gen:9 Ind:16 RMSE(val)=10250.729827
[GA][Iter3] Gen:9 Ind:17 RMSE(val)=10250.729827
[GA][Iter3] Gen:9 Ind:18 RMSE(val)=12709.536219
[GA][Iter3] Gen:9 Ind:19 RMSE(val)=12590.887741
[GA][Iter3] Gen:9 Ind:20 RMSE(val)=12590.887741
[GA][Iter3] gen=9 best_val_rmse=10250.729827
[GA][Iter3] Gen:10 Ind:1 RMSE(val)=10250.729827
[GA][Iter3] Gen:10 Ind:2 RMSE(val)=10250.729827
[GA][Iter3] Gen:10 Ind:3 RMSE(val)=12590.887741
[GA][Iter3] Gen:10 Ind:4 RMSE(val)=12590.887741
[GA][Iter3] Gen:10 Ind:5 RMSE(val)=12590.887741
[GA][Iter3] Gen:10 Ind:6 RMSE(val)=12590.887741
[GA][Iter3] Gen:10 Ind:7 RMSE(val)=12590.887741
[GA][Iter3] Gen:10 Ind:8 RMSE(val)=12590.887741
[GA][Iter3] Gen:10 Ind:9 RMSE(val)=12590.887741
[GA][Iter3] Gen:10 Ind:10 RMSE(val)=12590.887741
[GA][Iter3] Gen:10 Ind:11 RMSE(val)=12590.887741
[GA][Iter3] Gen:10 Ind:12 RMSE(val)=12590.887741
[GA][Iter3] Gen:10 Ind:13 RMSE(val)=10250.729827
[GA][Iter3] Gen:10 Ind:14 RMSE(val)=10250.729827
[GA][Iter3] Gen:10 Ind:15 RMSE(val)=10250.729827
[GA][Iter3] Gen:10 Ind:16 RMSE(val)=12590.887741
[GA][Iter3] Gen:10 Ind:17 RMSE(val)=12590.887741
[GA][Iter3] Gen:10 Ind:18 RMSE(val)=10250.729827
[GA][Iter3] Gen:10 Ind:19 RMSE(val)=12590.887741
[GA][Iter3] Gen:10 Ind:20 RMSE(val)=12590.887741
[GA][Iter3] gen=10 best_val_rmse=10250.729827
[GA][Iter3] Gen:11 Ind:1 RMSE(val)=10250.729827
[GA][Iter3] Gen:11 Ind:2 RMSE(val)=10250.729827
[GA][Iter3] Gen:11 Ind:3 RMSE(val)=10250.729827
[GA][Iter3] Gen:11 Ind:4 RMSE(val)=10250.729827
[GA][Iter3] Gen:11 Ind:5 RMSE(val)=10250.729827
[GA][Iter3] Gen:11 Ind:6 RMSE(val)=10250.729827
[GA][Iter3] Gen:11 Ind:7 RMSE(val)=12590.887741
[GA][Iter3] Gen:11 Ind:8 RMSE(val)=12590.887741
[GA][Iter3] Gen:11 Ind:9 RMSE(val)=12590.887741
[GA][Iter3] Gen:11 Ind:10 RMSE(val)=12590.887741
[GA][Iter3] Gen:11 Ind:11 RMSE(val)=12590.887741
[GA][Iter3] Gen:11 Ind:12 RMSE(val)=10250.729827
[GA][Iter3] Gen:11 Ind:13 RMSE(val)=10250.729827
[GA][Iter3] Gen:11 Ind:14 RMSE(val)=10250.729827
[GA][Iter3] Gen:11 Ind:15 RMSE(val)=12590.887741
[GA][Iter3] Gen:11 Ind:16 RMSE(val)=12590.887741
[GA][Iter3] Gen:11 Ind:17 RMSE(val)=10250.729827
[GA][Iter3] Gen:11 Ind:18 RMSE(val)=10250.729827
[GA][Iter3] Gen:11 Ind:19 RMSE(val)=10250.729827
[GA][Iter3] Gen:11 Ind:20 RMSE(val)=12590.887741
[GA][Iter3] gen=11 best_val_rmse=10250.729827
[GA][Iter3] Gen:12 Ind:1 RMSE(val)=10250.729827
[GA][Iter3] Gen:12 Ind:2 RMSE(val)=10250.729827
[GA][Iter3] Gen:12 Ind:3 RMSE(val)=10250.729827
[GA][Iter3] Gen:12 Ind:4 RMSE(val)=10250.729827
[GA][Iter3] Gen:12 Ind:5 RMSE(val)=10250.729827
[GA][Iter3] Gen:12 Ind:6 RMSE(val)=10250.729827
[GA][Iter3] Gen:12 Ind:7 RMSE(val)=10250.729827
[GA][Iter3] Gen:12 Ind:8 RMSE(val)=10250.729827
[GA][Iter3] Gen:12 Ind:9 RMSE(val)=10250.729827
[GA][Iter3] Gen:12 Ind:10 RMSE(val)=10250.729827
[GA][Iter3] Gen:12 Ind:11 RMSE(val)=10250.729827
[GA][Iter3] Gen:12 Ind:12 RMSE(val)=17860.688305
[GA][Iter3] Gen:12 Ind:13 RMSE(val)=10250.729827
[GA][Iter3] Gen:12 Ind:14 RMSE(val)=13373.752001
[GA][Iter3] Gen:12 Ind:15 RMSE(val)=17849.071205
[GA][Iter3] Gen:12 Ind:16 RMSE(val)=10250.729827
[GA][Iter3] Gen:12 Ind:17 RMSE(val)=10250.729827
[GA][Iter3] Gen:12 Ind:18 RMSE(val)=10250.729827
[GA][Iter3] Gen:12 Ind:19 RMSE(val)=17677.592020
[GA][Iter3] Gen:12 Ind:20 RMSE(val)=10250.729827
[GA][Iter3] gen=12 best_val_rmse=10250.729827
[GA][Iter3] Gen:13 Ind:1 RMSE(val)=10250.729827
[GA][Iter3] Gen:13 Ind:2 RMSE(val)=10250.729827
[GA][Iter3] Gen:13 Ind:3 RMSE(val)=10250.729827
[GA][Iter3] Gen:13 Ind:4 RMSE(val)=10250.729827
[GA][Iter3] Gen:13 Ind:5 RMSE(val)=10250.729827
[GA][Iter3] Gen:13 Ind:6 RMSE(val)=10250.729827
[GA][Iter3] Gen:13 Ind:7 RMSE(val)=10250.729827
[GA][Iter3] Gen:13 Ind:8 RMSE(val)=10250.729827
[GA][Iter3] Gen:13 Ind:9 RMSE(val)=10250.729827
[GA][Iter3] Gen:13 Ind:10 RMSE(val)=10250.729827
[GA][Iter3] Gen:13 Ind:11 RMSE(val)=10250.729827
[GA][Iter3] Gen:13 Ind:12 RMSE(val)=10250.729827
[GA][Iter3] Gen:13 Ind:13 RMSE(val)=10250.729827
[GA][Iter3] Gen:13 Ind:14 RMSE(val)=10250.729827
[GA][Iter3] Gen:13 Ind:15 RMSE(val)=10250.729827
[GA][Iter3] Gen:13 Ind:16 RMSE(val)=10250.729827
[GA][Iter3] Gen:13 Ind:17 RMSE(val)=10250.729827
[GA][Iter3] Gen:13 Ind:18 RMSE(val)=13373.752001
[GA][Iter3] Gen:13 Ind:19 RMSE(val)=10250.729827
[GA][Iter3] Gen:13 Ind:20 RMSE(val)=10250.729827
[GA][Iter3] gen=13 best_val_rmse=10250.729827
[GA][Iter3] Gen:14 Ind:1 RMSE(val)=10250.729827
[GA][Iter3] Gen:14 Ind:2 RMSE(val)=10250.729827
[GA][Iter3] Gen:14 Ind:3 RMSE(val)=10250.729827
[GA][Iter3] Gen:14 Ind:4 RMSE(val)=10250.729827
[GA][Iter3] Gen:14 Ind:5 RMSE(val)=10250.729827
[GA][Iter3] Gen:14 Ind:6 RMSE(val)=10250.729827
[GA][Iter3] Gen:14 Ind:7 RMSE(val)=10250.729827
[GA][Iter3] Gen:14 Ind:8 RMSE(val)=10250.729827
[GA][Iter3] Gen:14 Ind:9 RMSE(val)=10250.729827
[GA][Iter3] Gen:14 Ind:10 RMSE(val)=10250.729827
[GA][Iter3] Gen:14 Ind:11 RMSE(val)=10250.729827
[GA][Iter3] Gen:14 Ind:12 RMSE(val)=10250.729827
[GA][Iter3] Gen:14 Ind:13 RMSE(val)=10250.729827
[GA][Iter3] Gen:14 Ind:14 RMSE(val)=17841.579169
[GA][Iter3] Gen:14 Ind:15 RMSE(val)=10250.729827
[GA][Iter3] Gen:14 Ind:16 RMSE(val)=12590.887741
[GA][Iter3] Gen:14 Ind:17 RMSE(val)=17677.592020
[GA][Iter3] Gen:14 Ind:18 RMSE(val)=10250.729827
[GA][Iter3] Gen:14 Ind:19 RMSE(val)=10250.729827
[GA][Iter3] Gen:14 Ind:20 RMSE(val)=10250.729827
[GA][Iter3] gen=14 best_val_rmse=10250.729827
[GA][Iter3] Gen:15 Ind:1 RMSE(val)=10250.729827
[GA][Iter3] Gen:15 Ind:2 RMSE(val)=10250.729827
[GA][Iter3] Gen:15 Ind:3 RMSE(val)=10250.729827
[GA][Iter3] Gen:15 Ind:4 RMSE(val)=10250.729827
[GA][Iter3] Gen:15 Ind:5 RMSE(val)=10250.729827
[GA][Iter3] Gen:15 Ind:6 RMSE(val)=10250.729827
[GA][Iter3] Gen:15 Ind:7 RMSE(val)=10250.729827
[GA][Iter3] Gen:15 Ind:8 RMSE(val)=10250.729827
[GA][Iter3] Gen:15 Ind:9 RMSE(val)=10250.729827
[GA][Iter3] Gen:15 Ind:10 RMSE(val)=10250.729827
[GA][Iter3] Gen:15 Ind:11 RMSE(val)=10250.729827
[GA][Iter3] Gen:15 Ind:12 RMSE(val)=10250.729827
[GA][Iter3] Gen:15 Ind:13 RMSE(val)=10250.729827
[GA][Iter3] Gen:15 Ind:14 RMSE(val)=10250.729827
[GA][Iter3] Gen:15 Ind:15 RMSE(val)=10250.729827
[GA][Iter3] Gen:15 Ind:16 RMSE(val)=12590.887741
[GA][Iter3] Gen:15 Ind:17 RMSE(val)=10250.729827
[GA][Iter3] Gen:15 Ind:18 RMSE(val)=10250.729827
[GA][Iter3] Gen:15 Ind:19 RMSE(val)=10250.729827
[GA][Iter3] Gen:15 Ind:20 RMSE(val)=10250.729827
[GA][Iter3] gen=15 best_val_rmse=10250.729827
[GA][Iter3] Gen:15 Ind:1 RMSE(val)=10250.729827
[GA][Iter3] Gen:15 Ind:2 RMSE(val)=10250.729827
[GA][Iter3] Gen:15 Ind:3 RMSE(val)=10250.729827
[GA][Iter3] Gen:15 Ind:4 RMSE(val)=10250.729827
[GA][Iter3] Gen:15 Ind:5 RMSE(val)=10250.729827
[GA][Iter3] Gen:15 Ind:6 RMSE(val)=10250.729827
[GA][Iter3] Gen:15 Ind:7 RMSE(val)=10250.729827
[GA][Iter3] Gen:15 Ind:8 RMSE(val)=10250.729827
[GA][Iter3] Gen:15 Ind:9 RMSE(val)=10250.729827
[GA][Iter3] Gen:15 Ind:10 RMSE(val)=10250.729827
[GA][Iter3] Gen:15 Ind:11 RMSE(val)=10250.729827
[GA][Iter3] Gen:15 Ind:12 RMSE(val)=10250.729827
[GA][Iter3] Gen:15 Ind:13 RMSE(val)=10250.729827
[GA][Iter3] Gen:15 Ind:14 RMSE(val)=10250.729827
[GA][Iter3] Gen:15 Ind:15 RMSE(val)=10250.729827
[GA][Iter3] Gen:15 Ind:16 RMSE(val)=10250.729827
[GA][Iter3] Gen:15 Ind:17 RMSE(val)=12590.887741
[GA][Iter3] Gen:15 Ind:18 RMSE(val)=10250.729827
[GA][Iter3] Gen:15 Ind:19 RMSE(val)=10250.729827
[GA][Iter3] Gen:15 Ind:20 RMSE(val)=17301.186616

[GA DONE][Iter3] Best params on val fold of Iter3
Best val RMSE: 10250.729827
Best params: {'max_depth': 51, 'min_samples_split': 7, 'min_samples_leaf': 1, 'max_features': 'sqrt', 'splitter': 'best', 'criterion': 'friedman_mse'}
--------------------------------------------------------------------------------
[RETUNE GA] Iter3: train folds 1..7 -> test fold 8  RMSE=4818.541064  NRMSE=0.714926  CVRMSE=5.385725  R2=0.484276
[GA][Iter4] Gen:1 Ind:1 RMSE(val)=9096.994270
[GA][Iter4] Gen:1 Ind:2 RMSE(val)=6029.578502
[GA][Iter4] Gen:1 Ind:3 RMSE(val)=10177.191844
[GA][Iter4] Gen:1 Ind:4 RMSE(val)=20979.214704
[GA][Iter4] Gen:1 Ind:5 RMSE(val)=6917.816438
[GA][Iter4] Gen:1 Ind:6 RMSE(val)=6029.559398
[GA][Iter4] Gen:1 Ind:7 RMSE(val)=7151.935440
[GA][Iter4] Gen:1 Ind:8 RMSE(val)=6005.823758
[GA][Iter4] Gen:1 Ind:9 RMSE(val)=6029.608453
[GA][Iter4] Gen:1 Ind:10 RMSE(val)=6321.212401
[GA][Iter4] Gen:1 Ind:11 RMSE(val)=6006.621504
[GA][Iter4] Gen:1 Ind:12 RMSE(val)=6846.802122
[GA][Iter4] Gen:1 Ind:13 RMSE(val)=10467.467040
[GA][Iter4] Gen:1 Ind:14 RMSE(val)=5722.457684
[GA][Iter4] Gen:1 Ind:15 RMSE(val)=6741.492420
[GA][Iter4] Gen:1 Ind:16 RMSE(val)=7116.638025
[GA][Iter4] Gen:1 Ind:17 RMSE(val)=6742.770906
[GA][Iter4] Gen:1 Ind:18 RMSE(val)=8976.494495
[GA][Iter4] Gen:1 Ind:19 RMSE(val)=6005.982030
[GA][Iter4] Gen:1 Ind:20 RMSE(val)=6005.652508
[GA][Iter4] gen=1 best_val_rmse=5722.457684
[GA][Iter4] Gen:2 Ind:1 RMSE(val)=5722.457684
[GA][Iter4] Gen:2 Ind:2 RMSE(val)=6005.652508
[GA][Iter4] Gen:2 Ind:3 RMSE(val)=6005.823758
[GA][Iter4] Gen:2 Ind:4 RMSE(val)=6005.982030
[GA][Iter4] Gen:2 Ind:5 RMSE(val)=6006.621504
[GA][Iter4] Gen:2 Ind:6 RMSE(val)=6029.559398
[GA][Iter4] Gen:2 Ind:7 RMSE(val)=6029.578502
[GA][Iter4] Gen:2 Ind:8 RMSE(val)=6029.608453
[GA][Iter4] Gen:2 Ind:9 RMSE(val)=6321.212401
[GA][Iter4] Gen:2 Ind:10 RMSE(val)=6741.492420
[GA][Iter4] Gen:2 Ind:11 RMSE(val)=6005.819889
[GA][Iter4] Gen:2 Ind:12 RMSE(val)=6005.828941
[GA][Iter4] Gen:2 Ind:13 RMSE(val)=10544.999284
[GA][Iter4] Gen:2 Ind:14 RMSE(val)=6005.656075
[GA][Iter4] Gen:2 Ind:15 RMSE(val)=6005.652508
[GA][Iter4] Gen:2 Ind:16 RMSE(val)=5775.038403
[GA][Iter4] Gen:2 Ind:17 RMSE(val)=6029.347538
[GA][Iter4] Gen:2 Ind:18 RMSE(val)=5731.630884
[GA][Iter4] Gen:2 Ind:19 RMSE(val)=6029.347538
[GA][Iter4] Gen:2 Ind:20 RMSE(val)=6838.181096
[GA][Iter4] gen=2 best_val_rmse=5722.457684
[GA][Iter4] Gen:3 Ind:1 RMSE(val)=5722.457684
[GA][Iter4] Gen:3 Ind:2 RMSE(val)=5731.630884
[GA][Iter4] Gen:3 Ind:3 RMSE(val)=5775.038403
[GA][Iter4] Gen:3 Ind:4 RMSE(val)=6005.652508
[GA][Iter4] Gen:3 Ind:5 RMSE(val)=6005.652508
[GA][Iter4] Gen:3 Ind:6 RMSE(val)=6005.656075
[GA][Iter4] Gen:3 Ind:7 RMSE(val)=6005.819889
[GA][Iter4] Gen:3 Ind:8 RMSE(val)=6005.823758
[GA][Iter4] Gen:3 Ind:9 RMSE(val)=6005.828941
[GA][Iter4] Gen:3 Ind:10 RMSE(val)=6005.982030
[GA][Iter4] Gen:3 Ind:11 RMSE(val)=6005.982030
[GA][Iter4] Gen:3 Ind:12 RMSE(val)=6005.727428
[GA][Iter4] Gen:3 Ind:13 RMSE(val)=6005.652508
[GA][Iter4] Gen:3 Ind:14 RMSE(val)=7917.722095
[GA][Iter4] Gen:3 Ind:15 RMSE(val)=6005.648325
[GA][Iter4] Gen:3 Ind:16 RMSE(val)=7046.427769
[GA][Iter4] Gen:3 Ind:17 RMSE(val)=5979.975392
[GA][Iter4] Gen:3 Ind:18 RMSE(val)=10130.484419
[GA][Iter4] Gen:3 Ind:19 RMSE(val)=6728.123658
[GA][Iter4] Gen:3 Ind:20 RMSE(val)=6005.825836
[GA][Iter4] gen=3 best_val_rmse=5722.457684
[GA][Iter4] Gen:4 Ind:1 RMSE(val)=5722.457684
[GA][Iter4] Gen:4 Ind:2 RMSE(val)=5731.630884
[GA][Iter4] Gen:4 Ind:3 RMSE(val)=5775.038403
[GA][Iter4] Gen:4 Ind:4 RMSE(val)=5979.975392
[GA][Iter4] Gen:4 Ind:5 RMSE(val)=6005.648325
[GA][Iter4] Gen:4 Ind:6 RMSE(val)=6005.652508
[GA][Iter4] Gen:4 Ind:7 RMSE(val)=6005.652508
[GA][Iter4] Gen:4 Ind:8 RMSE(val)=6005.652508
[GA][Iter4] Gen:4 Ind:9 RMSE(val)=6005.656075
[GA][Iter4] Gen:4 Ind:10 RMSE(val)=6005.727428
[GA][Iter4] Gen:4 Ind:11 RMSE(val)=5685.371621
[GA][Iter4] Gen:4 Ind:12 RMSE(val)=6005.828941
[GA][Iter4] Gen:4 Ind:13 RMSE(val)=5721.783018
[GA][Iter4] Gen:4 Ind:14 RMSE(val)=6005.656075
[GA][Iter4] Gen:4 Ind:15 RMSE(val)=6005.652508
[GA][Iter4] Gen:4 Ind:16 RMSE(val)=6005.656075
[GA][Iter4] Gen:4 Ind:17 RMSE(val)=6005.712851
[GA][Iter4] Gen:4 Ind:18 RMSE(val)=6005.786890
[GA][Iter4] Gen:4 Ind:19 RMSE(val)=6005.648325
[GA][Iter4] Gen:4 Ind:20 RMSE(val)=6005.656075
[GA][Iter4] gen=4 best_val_rmse=5685.371621
[GA][Iter4] Gen:5 Ind:1 RMSE(val)=5685.371621
[GA][Iter4] Gen:5 Ind:2 RMSE(val)=5721.783018
[GA][Iter4] Gen:5 Ind:3 RMSE(val)=5722.457684
[GA][Iter4] Gen:5 Ind:4 RMSE(val)=5731.630884
[GA][Iter4] Gen:5 Ind:5 RMSE(val)=5775.038403
[GA][Iter4] Gen:5 Ind:6 RMSE(val)=5979.975392
[GA][Iter4] Gen:5 Ind:7 RMSE(val)=6005.648325
[GA][Iter4] Gen:5 Ind:8 RMSE(val)=6005.648325
[GA][Iter4] Gen:5 Ind:9 RMSE(val)=6005.652508
[GA][Iter4] Gen:5 Ind:10 RMSE(val)=6005.652508
[GA][Iter4] Gen:5 Ind:11 RMSE(val)=5775.038403
[GA][Iter4] Gen:5 Ind:12 RMSE(val)=6005.652508
[GA][Iter4] Gen:5 Ind:13 RMSE(val)=6065.114286
[GA][Iter4] Gen:5 Ind:14 RMSE(val)=5721.976305
[GA][Iter4] Gen:5 Ind:15 RMSE(val)=6005.828941
[GA][Iter4] Gen:5 Ind:16 RMSE(val)=5914.294148
[GA][Iter4] Gen:5 Ind:17 RMSE(val)=5721.783018
[GA][Iter4] Gen:5 Ind:18 RMSE(val)=6005.799612
[GA][Iter4] Gen:5 Ind:19 RMSE(val)=6005.799612
[GA][Iter4] Gen:5 Ind:20 RMSE(val)=6005.641598
[GA][Iter4] gen=5 best_val_rmse=5685.371621
[GA][Iter4] Gen:6 Ind:1 RMSE(val)=5685.371621
[GA][Iter4] Gen:6 Ind:2 RMSE(val)=5721.783018
[GA][Iter4] Gen:6 Ind:3 RMSE(val)=5721.783018
[GA][Iter4] Gen:6 Ind:4 RMSE(val)=5721.976305
[GA][Iter4] Gen:6 Ind:5 RMSE(val)=5722.457684
[GA][Iter4] Gen:6 Ind:6 RMSE(val)=5731.630884
[GA][Iter4] Gen:6 Ind:7 RMSE(val)=5775.038403
[GA][Iter4] Gen:6 Ind:8 RMSE(val)=5775.038403
[GA][Iter4] Gen:6 Ind:9 RMSE(val)=5914.294148
[GA][Iter4] Gen:6 Ind:10 RMSE(val)=5979.975392
[GA][Iter4] Gen:6 Ind:11 RMSE(val)=5775.038403
[GA][Iter4] Gen:6 Ind:12 RMSE(val)=6005.652508
[GA][Iter4] Gen:6 Ind:13 RMSE(val)=5721.882441
[GA][Iter4] Gen:6 Ind:14 RMSE(val)=5775.038403
[GA][Iter4] Gen:6 Ind:15 RMSE(val)=6838.181096
[GA][Iter4] Gen:6 Ind:16 RMSE(val)=7917.678693
[GA][Iter4] Gen:6 Ind:17 RMSE(val)=6005.850555
[GA][Iter4] Gen:6 Ind:18 RMSE(val)=6005.692220
[GA][Iter4] Gen:6 Ind:19 RMSE(val)=6005.765497
[GA][Iter4] Gen:6 Ind:20 RMSE(val)=5685.371621
[GA][Iter4] gen=6 best_val_rmse=5685.371621
[GA][Iter4] Gen:7 Ind:1 RMSE(val)=5685.371621
[GA][Iter4] Gen:7 Ind:2 RMSE(val)=5685.371621
[GA][Iter4] Gen:7 Ind:3 RMSE(val)=5721.783018
[GA][Iter4] Gen:7 Ind:4 RMSE(val)=5721.783018
[GA][Iter4] Gen:7 Ind:5 RMSE(val)=5721.882441
[GA][Iter4] Gen:7 Ind:6 RMSE(val)=5721.976305
[GA][Iter4] Gen:7 Ind:7 RMSE(val)=5722.457684
[GA][Iter4] Gen:7 Ind:8 RMSE(val)=5731.630884
[GA][Iter4] Gen:7 Ind:9 RMSE(val)=5775.038403
[GA][Iter4] Gen:7 Ind:10 RMSE(val)=5775.038403
[GA][Iter4] Gen:7 Ind:11 RMSE(val)=5721.783018
[GA][Iter4] Gen:7 Ind:12 RMSE(val)=12518.359511
[GA][Iter4] Gen:7 Ind:13 RMSE(val)=5721.882441
[GA][Iter4] Gen:7 Ind:14 RMSE(val)=5721.976305
[GA][Iter4] Gen:7 Ind:15 RMSE(val)=5721.783018
[GA][Iter4] Gen:7 Ind:16 RMSE(val)=6031.086497
[GA][Iter4] Gen:7 Ind:17 RMSE(val)=5914.550848
[GA][Iter4] Gen:7 Ind:18 RMSE(val)=5721.882441
[GA][Iter4] Gen:7 Ind:19 RMSE(val)=5721.976305
[GA][Iter4] Gen:7 Ind:20 RMSE(val)=6005.938106
[GA][Iter4] gen=7 best_val_rmse=5685.371621
[GA][Iter4] Gen:8 Ind:1 RMSE(val)=5685.371621
[GA][Iter4] Gen:8 Ind:2 RMSE(val)=5685.371621
[GA][Iter4] Gen:8 Ind:3 RMSE(val)=5721.783018
[GA][Iter4] Gen:8 Ind:4 RMSE(val)=5721.783018
[GA][Iter4] Gen:8 Ind:5 RMSE(val)=5721.783018
[GA][Iter4] Gen:8 Ind:6 RMSE(val)=5721.783018
[GA][Iter4] Gen:8 Ind:7 RMSE(val)=5721.882441
[GA][Iter4] Gen:8 Ind:8 RMSE(val)=5721.882441
[GA][Iter4] Gen:8 Ind:9 RMSE(val)=5721.882441
[GA][Iter4] Gen:8 Ind:10 RMSE(val)=5721.976305
[GA][Iter4] Gen:8 Ind:11 RMSE(val)=5721.882441
[GA][Iter4] Gen:8 Ind:12 RMSE(val)=5774.830324
[GA][Iter4] Gen:8 Ind:13 RMSE(val)=6005.765497
[GA][Iter4] Gen:8 Ind:14 RMSE(val)=5775.038403
[GA][Iter4] Gen:8 Ind:15 RMSE(val)=5721.976305
[GA][Iter4] Gen:8 Ind:16 RMSE(val)=5731.630884
[GA][Iter4] Gen:8 Ind:17 RMSE(val)=6005.753958
[GA][Iter4] Gen:8 Ind:18 RMSE(val)=5962.292148
[GA][Iter4] Gen:8 Ind:19 RMSE(val)=6005.755275
[GA][Iter4] Gen:8 Ind:20 RMSE(val)=5775.038403
[GA][Iter4] gen=8 best_val_rmse=5685.371621
[GA][Iter4] Gen:9 Ind:1 RMSE(val)=5685.371621
[GA][Iter4] Gen:9 Ind:2 RMSE(val)=5685.371621
[GA][Iter4] Gen:9 Ind:3 RMSE(val)=5721.783018
[GA][Iter4] Gen:9 Ind:4 RMSE(val)=5721.783018
[GA][Iter4] Gen:9 Ind:5 RMSE(val)=5721.783018
[GA][Iter4] Gen:9 Ind:6 RMSE(val)=5721.783018
[GA][Iter4] Gen:9 Ind:7 RMSE(val)=5721.882441
[GA][Iter4] Gen:9 Ind:8 RMSE(val)=5721.882441
[GA][Iter4] Gen:9 Ind:9 RMSE(val)=5721.882441
[GA][Iter4] Gen:9 Ind:10 RMSE(val)=5721.882441
[GA][Iter4] Gen:9 Ind:11 RMSE(val)=5685.371621
[GA][Iter4] Gen:9 Ind:12 RMSE(val)=6005.755275
[GA][Iter4] Gen:9 Ind:13 RMSE(val)=5721.882441
[GA][Iter4] Gen:9 Ind:14 RMSE(val)=5685.556270
[GA][Iter4] Gen:9 Ind:15 RMSE(val)=6311.299478
[GA][Iter4] Gen:9 Ind:16 RMSE(val)=5754.783396
[GA][Iter4] Gen:9 Ind:17 RMSE(val)=5754.783396
[GA][Iter4] Gen:9 Ind:18 RMSE(val)=5721.882441
[GA][Iter4] Gen:9 Ind:19 RMSE(val)=6005.799612
[GA][Iter4] Gen:9 Ind:20 RMSE(val)=5721.882441
[GA][Iter4] gen=9 best_val_rmse=5685.371621
[GA][Iter4] Gen:10 Ind:1 RMSE(val)=5685.371621
[GA][Iter4] Gen:10 Ind:2 RMSE(val)=5685.371621
[GA][Iter4] Gen:10 Ind:3 RMSE(val)=5685.371621
[GA][Iter4] Gen:10 Ind:4 RMSE(val)=5685.556270
[GA][Iter4] Gen:10 Ind:5 RMSE(val)=5721.783018
[GA][Iter4] Gen:10 Ind:6 RMSE(val)=5721.783018
[GA][Iter4] Gen:10 Ind:7 RMSE(val)=5721.783018
[GA][Iter4] Gen:10 Ind:8 RMSE(val)=5721.783018
[GA][Iter4] Gen:10 Ind:9 RMSE(val)=5721.882441
[GA][Iter4] Gen:10 Ind:10 RMSE(val)=5721.882441
[GA][Iter4] Gen:10 Ind:11 RMSE(val)=8499.808157
[GA][Iter4] Gen:10 Ind:12 RMSE(val)=5731.630884
[GA][Iter4] Gen:10 Ind:13 RMSE(val)=5731.630884
[GA][Iter4] Gen:10 Ind:14 RMSE(val)=5685.371621
[GA][Iter4] Gen:10 Ind:15 RMSE(val)=5685.371621
[GA][Iter4] Gen:10 Ind:16 RMSE(val)=7917.710582
[GA][Iter4] Gen:10 Ind:17 RMSE(val)=6738.592002
[GA][Iter4] Gen:10 Ind:18 RMSE(val)=5754.783396
[GA][Iter4] Gen:10 Ind:19 RMSE(val)=5685.371621
[GA][Iter4] Gen:10 Ind:20 RMSE(val)=5721.882441
[GA][Iter4] gen=10 best_val_rmse=5685.371621
[GA][Iter4] Gen:11 Ind:1 RMSE(val)=5685.371621
[GA][Iter4] Gen:11 Ind:2 RMSE(val)=5685.371621
[GA][Iter4] Gen:11 Ind:3 RMSE(val)=5685.371621
[GA][Iter4] Gen:11 Ind:4 RMSE(val)=5685.371621
[GA][Iter4] Gen:11 Ind:5 RMSE(val)=5685.371621
[GA][Iter4] Gen:11 Ind:6 RMSE(val)=5685.371621
[GA][Iter4] Gen:11 Ind:7 RMSE(val)=5685.556270
[GA][Iter4] Gen:11 Ind:8 RMSE(val)=5721.783018
[GA][Iter4] Gen:11 Ind:9 RMSE(val)=5721.783018
[GA][Iter4] Gen:11 Ind:10 RMSE(val)=5721.783018
[GA][Iter4] Gen:11 Ind:11 RMSE(val)=5721.783018
[GA][Iter4] Gen:11 Ind:12 RMSE(val)=5685.371621
[GA][Iter4] Gen:11 Ind:13 RMSE(val)=5685.371621
[GA][Iter4] Gen:11 Ind:14 RMSE(val)=6005.765497
[GA][Iter4] Gen:11 Ind:15 RMSE(val)=7046.529180
[GA][Iter4] Gen:11 Ind:16 RMSE(val)=6005.617616
[GA][Iter4] Gen:11 Ind:17 RMSE(val)=6005.617616
[GA][Iter4] Gen:11 Ind:18 RMSE(val)=5721.976305
[GA][Iter4] Gen:11 Ind:19 RMSE(val)=5685.371621
[GA][Iter4] Gen:11 Ind:20 RMSE(val)=5685.371621
[GA][Iter4] gen=11 best_val_rmse=5685.371621
[GA][Iter4] Gen:12 Ind:1 RMSE(val)=5685.371621
[GA][Iter4] Gen:12 Ind:2 RMSE(val)=5685.371621
[GA][Iter4] Gen:12 Ind:3 RMSE(val)=5685.371621
[GA][Iter4] Gen:12 Ind:4 RMSE(val)=5685.371621
[GA][Iter4] Gen:12 Ind:5 RMSE(val)=5685.371621
[GA][Iter4] Gen:12 Ind:6 RMSE(val)=5685.371621
[GA][Iter4] Gen:12 Ind:7 RMSE(val)=5685.371621
[GA][Iter4] Gen:12 Ind:8 RMSE(val)=5685.371621
[GA][Iter4] Gen:12 Ind:9 RMSE(val)=5685.371621
[GA][Iter4] Gen:12 Ind:10 RMSE(val)=5685.371621
[GA][Iter4] Gen:12 Ind:11 RMSE(val)=5685.371621
[GA][Iter4] Gen:12 Ind:12 RMSE(val)=5695.185302
[GA][Iter4] Gen:12 Ind:13 RMSE(val)=5685.371621
[GA][Iter4] Gen:12 Ind:14 RMSE(val)=5685.371621
[GA][Iter4] Gen:12 Ind:15 RMSE(val)=6029.590770
[GA][Iter4] Gen:12 Ind:16 RMSE(val)=5685.371621
[GA][Iter4] Gen:12 Ind:17 RMSE(val)=5685.371621
[GA][Iter4] Gen:12 Ind:18 RMSE(val)=5685.371621
[GA][Iter4] Gen:12 Ind:19 RMSE(val)=6296.116725
[GA][Iter4] Gen:12 Ind:20 RMSE(val)=5685.371621
[GA][Iter4] gen=12 best_val_rmse=5685.371621
[GA][Iter4] Gen:13 Ind:1 RMSE(val)=5685.371621
[GA][Iter4] Gen:13 Ind:2 RMSE(val)=5685.371621
[GA][Iter4] Gen:13 Ind:3 RMSE(val)=5685.371621
[GA][Iter4] Gen:13 Ind:4 RMSE(val)=5685.371621
[GA][Iter4] Gen:13 Ind:5 RMSE(val)=5685.371621
[GA][Iter4] Gen:13 Ind:6 RMSE(val)=5685.371621
[GA][Iter4] Gen:13 Ind:7 RMSE(val)=5685.371621
[GA][Iter4] Gen:13 Ind:8 RMSE(val)=5685.371621
[GA][Iter4] Gen:13 Ind:9 RMSE(val)=5685.371621
[GA][Iter4] Gen:13 Ind:10 RMSE(val)=5685.371621
[GA][Iter4] Gen:13 Ind:11 RMSE(val)=5685.371621
[GA][Iter4] Gen:13 Ind:12 RMSE(val)=5685.371621
[GA][Iter4] Gen:13 Ind:13 RMSE(val)=5685.371621
[GA][Iter4] Gen:13 Ind:14 RMSE(val)=5685.371621
[GA][Iter4] Gen:13 Ind:15 RMSE(val)=12518.359511
[GA][Iter4] Gen:13 Ind:16 RMSE(val)=5685.371621
[GA][Iter4] Gen:13 Ind:17 RMSE(val)=5685.371621
[GA][Iter4] Gen:13 Ind:18 RMSE(val)=5685.371621
[GA][Iter4] Gen:13 Ind:19 RMSE(val)=5685.371621
[GA][Iter4] Gen:13 Ind:20 RMSE(val)=5685.371621
[GA][Iter4] gen=13 best_val_rmse=5685.371621
[GA][Iter4] Gen:14 Ind:1 RMSE(val)=5685.371621
[GA][Iter4] Gen:14 Ind:2 RMSE(val)=5685.371621
[GA][Iter4] Gen:14 Ind:3 RMSE(val)=5685.371621
[GA][Iter4] Gen:14 Ind:4 RMSE(val)=5685.371621
[GA][Iter4] Gen:14 Ind:5 RMSE(val)=5685.371621
[GA][Iter4] Gen:14 Ind:6 RMSE(val)=5685.371621
[GA][Iter4] Gen:14 Ind:7 RMSE(val)=5685.371621
[GA][Iter4] Gen:14 Ind:8 RMSE(val)=5685.371621
[GA][Iter4] Gen:14 Ind:9 RMSE(val)=5685.371621
[GA][Iter4] Gen:14 Ind:10 RMSE(val)=5685.371621
[GA][Iter4] Gen:14 Ind:11 RMSE(val)=5685.371621
[GA][Iter4] Gen:14 Ind:12 RMSE(val)=5685.371621
[GA][Iter4] Gen:14 Ind:13 RMSE(val)=5685.371621
[GA][Iter4] Gen:14 Ind:14 RMSE(val)=7917.654885
[GA][Iter4] Gen:14 Ind:15 RMSE(val)=5685.371621
[GA][Iter4] Gen:14 Ind:16 RMSE(val)=7917.709309
[GA][Iter4] Gen:14 Ind:17 RMSE(val)=6296.116725
[GA][Iter4] Gen:14 Ind:18 RMSE(val)=5685.371621
[GA][Iter4] Gen:14 Ind:19 RMSE(val)=5685.371621
[GA][Iter4] Gen:14 Ind:20 RMSE(val)=5685.371621
[GA][Iter4] gen=14 best_val_rmse=5685.371621
[GA][Iter4] Gen:15 Ind:1 RMSE(val)=5685.371621
[GA][Iter4] Gen:15 Ind:2 RMSE(val)=5685.371621
[GA][Iter4] Gen:15 Ind:3 RMSE(val)=5685.371621
[GA][Iter4] Gen:15 Ind:4 RMSE(val)=5685.371621
[GA][Iter4] Gen:15 Ind:5 RMSE(val)=5685.371621
[GA][Iter4] Gen:15 Ind:6 RMSE(val)=5685.371621
[GA][Iter4] Gen:15 Ind:7 RMSE(val)=5685.371621
[GA][Iter4] Gen:15 Ind:8 RMSE(val)=5685.371621
[GA][Iter4] Gen:15 Ind:9 RMSE(val)=5685.371621
[GA][Iter4] Gen:15 Ind:10 RMSE(val)=5685.371621
[GA][Iter4] Gen:15 Ind:11 RMSE(val)=5685.371621
[GA][Iter4] Gen:15 Ind:12 RMSE(val)=5685.371621
[GA][Iter4] Gen:15 Ind:13 RMSE(val)=5685.371621
[GA][Iter4] Gen:15 Ind:14 RMSE(val)=5685.371621
[GA][Iter4] Gen:15 Ind:15 RMSE(val)=5685.371621
[GA][Iter4] Gen:15 Ind:16 RMSE(val)=7917.709309
[GA][Iter4] Gen:15 Ind:17 RMSE(val)=5685.371621
[GA][Iter4] Gen:15 Ind:18 RMSE(val)=5685.371621
[GA][Iter4] Gen:15 Ind:19 RMSE(val)=5685.371621
[GA][Iter4] Gen:15 Ind:20 RMSE(val)=12518.359511
[GA][Iter4] gen=15 best_val_rmse=5685.371621
[GA][Iter4] Gen:15 Ind:1 RMSE(val)=5685.371621
[GA][Iter4] Gen:15 Ind:2 RMSE(val)=5685.371621
[GA][Iter4] Gen:15 Ind:3 RMSE(val)=5685.371621
[GA][Iter4] Gen:15 Ind:4 RMSE(val)=5685.371621
[GA][Iter4] Gen:15 Ind:5 RMSE(val)=5685.371621
[GA][Iter4] Gen:15 Ind:6 RMSE(val)=5685.371621
[GA][Iter4] Gen:15 Ind:7 RMSE(val)=5685.371621
[GA][Iter4] Gen:15 Ind:8 RMSE(val)=5685.371621
[GA][Iter4] Gen:15 Ind:9 RMSE(val)=5685.371621
[GA][Iter4] Gen:15 Ind:10 RMSE(val)=5685.371621
[GA][Iter4] Gen:15 Ind:11 RMSE(val)=6005.692220
[GA][Iter4] Gen:15 Ind:12 RMSE(val)=5685.371621
[GA][Iter4] Gen:15 Ind:13 RMSE(val)=5685.371621
[GA][Iter4] Gen:15 Ind:14 RMSE(val)=5685.371621
[GA][Iter4] Gen:15 Ind:15 RMSE(val)=5685.371621
[GA][Iter4] Gen:15 Ind:16 RMSE(val)=5685.371621
[GA][Iter4] Gen:15 Ind:17 RMSE(val)=7917.709309
[GA][Iter4] Gen:15 Ind:18 RMSE(val)=5685.371621
[GA][Iter4] Gen:15 Ind:19 RMSE(val)=5685.371621
[GA][Iter4] Gen:15 Ind:20 RMSE(val)=6165.425308

[GA DONE][Iter4] Best params on val fold of Iter4
Best val RMSE: 5685.371621
Best params: {'max_depth': 51, 'min_samples_split': 19, 'min_samples_leaf': 3, 'max_features': 'log2', 'splitter': 'random', 'criterion': 'squared_error'}
--------------------------------------------------------------------------------
[RETUNE GA] Iter4: train folds 1..8 -> test fold 9  RMSE=108258.090180  NRMSE=0.979289  CVRMSE=4.783699  R2=0.032354
[GA][Iter5] Gen:1 Ind:1 RMSE(val)=106495.854150
[GA][Iter5] Gen:1 Ind:2 RMSE(val)=111085.028610
[GA][Iter5] Gen:1 Ind:3 RMSE(val)=104339.188055
[GA][Iter5] Gen:1 Ind:4 RMSE(val)=111222.285811
[GA][Iter5] Gen:1 Ind:5 RMSE(val)=112136.785255
[GA][Iter5] Gen:1 Ind:6 RMSE(val)=111085.028585
[GA][Iter5] Gen:1 Ind:7 RMSE(val)=102979.329223
[GA][Iter5] Gen:1 Ind:8 RMSE(val)=105358.128672
[GA][Iter5] Gen:1 Ind:9 RMSE(val)=111085.043417
[GA][Iter5] Gen:1 Ind:10 RMSE(val)=111123.165461
[GA][Iter5] Gen:1 Ind:11 RMSE(val)=106829.105936
[GA][Iter5] Gen:1 Ind:12 RMSE(val)=111965.390803
[GA][Iter5] Gen:1 Ind:13 RMSE(val)=111085.041538
[GA][Iter5] Gen:1 Ind:14 RMSE(val)=106829.089236
[GA][Iter5] Gen:1 Ind:15 RMSE(val)=112321.552321
[GA][Iter5] Gen:1 Ind:16 RMSE(val)=112025.378969
[GA][Iter5] Gen:1 Ind:17 RMSE(val)=112322.499531
[GA][Iter5] Gen:1 Ind:18 RMSE(val)=107837.457182
[GA][Iter5] Gen:1 Ind:19 RMSE(val)=107040.795755
[GA][Iter5] Gen:1 Ind:20 RMSE(val)=106829.127634
[GA][Iter5] gen=1 best_val_rmse=102979.329223
[GA][Iter5] Gen:2 Ind:1 RMSE(val)=102979.329223
[GA][Iter5] Gen:2 Ind:2 RMSE(val)=104339.188055
[GA][Iter5] Gen:2 Ind:3 RMSE(val)=105358.128672
[GA][Iter5] Gen:2 Ind:4 RMSE(val)=106495.854150
[GA][Iter5] Gen:2 Ind:5 RMSE(val)=106829.089236
[GA][Iter5] Gen:2 Ind:6 RMSE(val)=106829.105936
[GA][Iter5] Gen:2 Ind:7 RMSE(val)=106829.127634
[GA][Iter5] Gen:2 Ind:8 RMSE(val)=107040.795755
[GA][Iter5] Gen:2 Ind:9 RMSE(val)=107837.457182
[GA][Iter5] Gen:2 Ind:10 RMSE(val)=111085.028585
[GA][Iter5] Gen:2 Ind:11 RMSE(val)=106798.058970
[GA][Iter5] Gen:2 Ind:12 RMSE(val)=104339.188055
[GA][Iter5] Gen:2 Ind:13 RMSE(val)=107837.457182
[GA][Iter5] Gen:2 Ind:14 RMSE(val)=106829.105936
[GA][Iter5] Gen:2 Ind:15 RMSE(val)=111053.597816
[GA][Iter5] Gen:2 Ind:16 RMSE(val)=102979.328890
[GA][Iter5] Gen:2 Ind:17 RMSE(val)=105428.471014
[GA][Iter5] Gen:2 Ind:18 RMSE(val)=106829.112109
[GA][Iter5] Gen:2 Ind:19 RMSE(val)=102979.329118
[GA][Iter5] Gen:2 Ind:20 RMSE(val)=106044.593879
[GA][Iter5] gen=2 best_val_rmse=102979.328890
[GA][Iter5] Gen:3 Ind:1 RMSE(val)=102979.328890
[GA][Iter5] Gen:3 Ind:2 RMSE(val)=102979.329118
[GA][Iter5] Gen:3 Ind:3 RMSE(val)=102979.329223
[GA][Iter5] Gen:3 Ind:4 RMSE(val)=104339.188055
[GA][Iter5] Gen:3 Ind:5 RMSE(val)=104339.188055
[GA][Iter5] Gen:3 Ind:6 RMSE(val)=105358.128672
[GA][Iter5] Gen:3 Ind:7 RMSE(val)=105428.471014
[GA][Iter5] Gen:3 Ind:8 RMSE(val)=106044.593879
[GA][Iter5] Gen:3 Ind:9 RMSE(val)=106495.854150
[GA][Iter5] Gen:3 Ind:10 RMSE(val)=106798.058970
[GA][Iter5] Gen:3 Ind:11 RMSE(val)=102979.329634
[GA][Iter5] Gen:3 Ind:12 RMSE(val)=102979.329118
[GA][Iter5] Gen:3 Ind:13 RMSE(val)=102979.330157
[GA][Iter5] Gen:3 Ind:14 RMSE(val)=102979.328890
[GA][Iter5] Gen:3 Ind:15 RMSE(val)=102979.329118
[GA][Iter5] Gen:3 Ind:16 RMSE(val)=106044.593879
[GA][Iter5] Gen:3 Ind:17 RMSE(val)=106829.115269
[GA][Iter5] Gen:3 Ind:18 RMSE(val)=99815.684299
[GA][Iter5] Gen:3 Ind:19 RMSE(val)=104580.861977
[GA][Iter5] Gen:3 Ind:20 RMSE(val)=107942.648282
[GA][Iter5] gen=3 best_val_rmse=99815.684299
[GA][Iter5] Gen:4 Ind:1 RMSE(val)=99815.684299
[GA][Iter5] Gen:4 Ind:2 RMSE(val)=102979.328890
[GA][Iter5] Gen:4 Ind:3 RMSE(val)=102979.328890
[GA][Iter5] Gen:4 Ind:4 RMSE(val)=102979.329118
[GA][Iter5] Gen:4 Ind:5 RMSE(val)=102979.329118
[GA][Iter5] Gen:4 Ind:6 RMSE(val)=102979.329118
[GA][Iter5] Gen:4 Ind:7 RMSE(val)=102979.329223
[GA][Iter5] Gen:4 Ind:8 RMSE(val)=102979.329634
[GA][Iter5] Gen:4 Ind:9 RMSE(val)=102979.330157
[GA][Iter5] Gen:4 Ind:10 RMSE(val)=104339.188055
[GA][Iter5] Gen:4 Ind:11 RMSE(val)=102979.330157
[GA][Iter5] Gen:4 Ind:12 RMSE(val)=102979.329118
[GA][Iter5] Gen:4 Ind:13 RMSE(val)=110396.868351
[GA][Iter5] Gen:4 Ind:14 RMSE(val)=102979.330157
[GA][Iter5] Gen:4 Ind:15 RMSE(val)=102979.329223
[GA][Iter5] Gen:4 Ind:16 RMSE(val)=104917.760805
[GA][Iter5] Gen:4 Ind:17 RMSE(val)=102979.329237
[GA][Iter5] Gen:4 Ind:18 RMSE(val)=102979.328890
[GA][Iter5] Gen:4 Ind:19 RMSE(val)=102979.329118
[GA][Iter5] Gen:4 Ind:20 RMSE(val)=102979.330157
[GA][Iter5] gen=4 best_val_rmse=99815.684299
[GA][Iter5] Gen:5 Ind:1 RMSE(val)=99815.684299
[GA][Iter5] Gen:5 Ind:2 RMSE(val)=102979.328890
[GA][Iter5] Gen:5 Ind:3 RMSE(val)=102979.328890
[GA][Iter5] Gen:5 Ind:4 RMSE(val)=102979.328890
[GA][Iter5] Gen:5 Ind:5 RMSE(val)=102979.329118
[GA][Iter5] Gen:5 Ind:6 RMSE(val)=102979.329118
[GA][Iter5] Gen:5 Ind:7 RMSE(val)=102979.329118
[GA][Iter5] Gen:5 Ind:8 RMSE(val)=102979.329118
[GA][Iter5] Gen:5 Ind:9 RMSE(val)=102979.329118
[GA][Iter5] Gen:5 Ind:10 RMSE(val)=102979.329223
[GA][Iter5] Gen:5 Ind:11 RMSE(val)=99815.684299
[GA][Iter5] Gen:5 Ind:12 RMSE(val)=102979.329223
[GA][Iter5] Gen:5 Ind:13 RMSE(val)=102979.329118
[GA][Iter5] Gen:5 Ind:14 RMSE(val)=102979.329118
[GA][Iter5] Gen:5 Ind:15 RMSE(val)=112051.617616
[GA][Iter5] Gen:5 Ind:16 RMSE(val)=102979.329118
[GA][Iter5] Gen:5 Ind:17 RMSE(val)=111826.201107
[GA][Iter5] Gen:5 Ind:18 RMSE(val)=102979.328890
[GA][Iter5] Gen:5 Ind:19 RMSE(val)=102979.328890
[GA][Iter5] Gen:5 Ind:20 RMSE(val)=102979.329118
[GA][Iter5] gen=5 best_val_rmse=99815.684299
[GA][Iter5] Gen:6 Ind:1 RMSE(val)=99815.684299
[GA][Iter5] Gen:6 Ind:2 RMSE(val)=99815.684299
[GA][Iter5] Gen:6 Ind:3 RMSE(val)=102979.328890
[GA][Iter5] Gen:6 Ind:4 RMSE(val)=102979.328890
[GA][Iter5] Gen:6 Ind:5 RMSE(val)=102979.328890
[GA][Iter5] Gen:6 Ind:6 RMSE(val)=102979.328890
[GA][Iter5] Gen:6 Ind:7 RMSE(val)=102979.328890
[GA][Iter5] Gen:6 Ind:8 RMSE(val)=102979.329118
[GA][Iter5] Gen:6 Ind:9 RMSE(val)=102979.329118
[GA][Iter5] Gen:6 Ind:10 RMSE(val)=102979.329118
[GA][Iter5] Gen:6 Ind:11 RMSE(val)=102979.328890
[GA][Iter5] Gen:6 Ind:12 RMSE(val)=102979.329118
[GA][Iter5] Gen:6 Ind:13 RMSE(val)=102979.329118
[GA][Iter5] Gen:6 Ind:14 RMSE(val)=102979.328890
[GA][Iter5] Gen:6 Ind:15 RMSE(val)=102979.328890
[GA][Iter5] Gen:6 Ind:16 RMSE(val)=102979.328890
[GA][Iter5] Gen:6 Ind:17 RMSE(val)=102979.329118
[GA][Iter5] Gen:6 Ind:18 RMSE(val)=102979.329634
[GA][Iter5] Gen:6 Ind:19 RMSE(val)=102979.328890
[GA][Iter5] Gen:6 Ind:20 RMSE(val)=102979.329634
[GA][Iter5] gen=6 best_val_rmse=99815.684299
[GA][Iter5] Gen:7 Ind:1 RMSE(val)=99815.684299
[GA][Iter5] Gen:7 Ind:2 RMSE(val)=99815.684299
[GA][Iter5] Gen:7 Ind:3 RMSE(val)=102979.328890
[GA][Iter5] Gen:7 Ind:4 RMSE(val)=102979.328890
[GA][Iter5] Gen:7 Ind:5 RMSE(val)=102979.328890
[GA][Iter5] Gen:7 Ind:6 RMSE(val)=102979.328890
[GA][Iter5] Gen:7 Ind:7 RMSE(val)=102979.328890
[GA][Iter5] Gen:7 Ind:8 RMSE(val)=102979.328890
[GA][Iter5] Gen:7 Ind:9 RMSE(val)=102979.328890
[GA][Iter5] Gen:7 Ind:10 RMSE(val)=102979.328890
[GA][Iter5] Gen:7 Ind:11 RMSE(val)=102979.328890
[GA][Iter5] Gen:7 Ind:12 RMSE(val)=99815.684299
[GA][Iter5] Gen:7 Ind:13 RMSE(val)=99815.684299
[GA][Iter5] Gen:7 Ind:14 RMSE(val)=99815.684299
[GA][Iter5] Gen:7 Ind:15 RMSE(val)=102979.328890
[GA][Iter5] Gen:7 Ind:16 RMSE(val)=102979.328890
[GA][Iter5] Gen:7 Ind:17 RMSE(val)=102979.328890
[GA][Iter5] Gen:7 Ind:18 RMSE(val)=102979.328890
[GA][Iter5] Gen:7 Ind:19 RMSE(val)=102979.328890
[GA][Iter5] Gen:7 Ind:20 RMSE(val)=102979.328890
[GA][Iter5] gen=7 best_val_rmse=99815.684299
[GA][Iter5] Gen:8 Ind:1 RMSE(val)=99815.684299
[GA][Iter5] Gen:8 Ind:2 RMSE(val)=99815.684299
[GA][Iter5] Gen:8 Ind:3 RMSE(val)=99815.684299
[GA][Iter5] Gen:8 Ind:4 RMSE(val)=99815.684299
[GA][Iter5] Gen:8 Ind:5 RMSE(val)=99815.684299
[GA][Iter5] Gen:8 Ind:6 RMSE(val)=102979.328890
[GA][Iter5] Gen:8 Ind:7 RMSE(val)=102979.328890
[GA][Iter5] Gen:8 Ind:8 RMSE(val)=102979.328890
[GA][Iter5] Gen:8 Ind:9 RMSE(val)=102979.328890
[GA][Iter5] Gen:8 Ind:10 RMSE(val)=102979.328890
[GA][Iter5] Gen:8 Ind:11 RMSE(val)=102979.329634
[GA][Iter5] Gen:8 Ind:12 RMSE(val)=99815.684162
[GA][Iter5] Gen:8 Ind:13 RMSE(val)=99815.684299
[GA][Iter5] Gen:8 Ind:14 RMSE(val)=102979.328890
[GA][Iter5] Gen:8 Ind:15 RMSE(val)=99815.684299
[GA][Iter5] Gen:8 Ind:16 RMSE(val)=102979.328890
[GA][Iter5] Gen:8 Ind:17 RMSE(val)=99815.684299
[GA][Iter5] Gen:8 Ind:18 RMSE(val)=102979.329634
[GA][Iter5] Gen:8 Ind:19 RMSE(val)=99815.684299
[GA][Iter5] Gen:8 Ind:20 RMSE(val)=102979.328890
[GA][Iter5] gen=8 best_val_rmse=99815.684162
[GA][Iter5] Gen:9 Ind:1 RMSE(val)=99815.684162
[GA][Iter5] Gen:9 Ind:2 RMSE(val)=99815.684299
[GA][Iter5] Gen:9 Ind:3 RMSE(val)=99815.684299
[GA][Iter5] Gen:9 Ind:4 RMSE(val)=99815.684299
[GA][Iter5] Gen:9 Ind:5 RMSE(val)=99815.684299
[GA][Iter5] Gen:9 Ind:6 RMSE(val)=99815.684299
[GA][Iter5] Gen:9 Ind:7 RMSE(val)=99815.684299
[GA][Iter5] Gen:9 Ind:8 RMSE(val)=99815.684299
[GA][Iter5] Gen:9 Ind:9 RMSE(val)=99815.684299
[GA][Iter5] Gen:9 Ind:10 RMSE(val)=99815.684299
[GA][Iter5] Gen:9 Ind:11 RMSE(val)=99815.684299
[GA][Iter5] Gen:9 Ind:12 RMSE(val)=99815.684299
[GA][Iter5] Gen:9 Ind:13 RMSE(val)=112322.491432
[GA][Iter5] Gen:9 Ind:14 RMSE(val)=110253.801789
[GA][Iter5] Gen:9 Ind:15 RMSE(val)=99815.684299
[GA][Iter5] Gen:9 Ind:16 RMSE(val)=112321.832008
[GA][Iter5] Gen:9 Ind:17 RMSE(val)=112321.832008
[GA][Iter5] Gen:9 Ind:18 RMSE(val)=101561.532655
[GA][Iter5] Gen:9 Ind:19 RMSE(val)=99815.684299
[GA][Iter5] Gen:9 Ind:20 RMSE(val)=99815.684299
[GA][Iter5] gen=9 best_val_rmse=99815.684162
[GA][Iter5] Gen:10 Ind:1 RMSE(val)=99815.684162
[GA][Iter5] Gen:10 Ind:2 RMSE(val)=99815.684299
[GA][Iter5] Gen:10 Ind:3 RMSE(val)=99815.684299
[GA][Iter5] Gen:10 Ind:4 RMSE(val)=99815.684299
[GA][Iter5] Gen:10 Ind:5 RMSE(val)=99815.684299
[GA][Iter5] Gen:10 Ind:6 RMSE(val)=99815.684299
[GA][Iter5] Gen:10 Ind:7 RMSE(val)=99815.684299
[GA][Iter5] Gen:10 Ind:8 RMSE(val)=99815.684299
[GA][Iter5] Gen:10 Ind:9 RMSE(val)=99815.684299
[GA][Iter5] Gen:10 Ind:10 RMSE(val)=99815.684299
[GA][Iter5] Gen:10 Ind:11 RMSE(val)=99815.684299
[GA][Iter5] Gen:10 Ind:12 RMSE(val)=99815.684299
[GA][Iter5] Gen:10 Ind:13 RMSE(val)=99815.684299
[GA][Iter5] Gen:10 Ind:14 RMSE(val)=99815.684162
[GA][Iter5] Gen:10 Ind:15 RMSE(val)=99815.684299
[GA][Iter5] Gen:10 Ind:16 RMSE(val)=99815.684299
[GA][Iter5] Gen:10 Ind:17 RMSE(val)=99815.684299
[GA][Iter5] Gen:10 Ind:18 RMSE(val)=112321.832008
[GA][Iter5] Gen:10 Ind:19 RMSE(val)=99815.684299
[GA][Iter5] Gen:10 Ind:20 RMSE(val)=99815.684299
[GA][Iter5] gen=10 best_val_rmse=99815.684162
[GA][Iter5] Gen:11 Ind:1 RMSE(val)=99815.684162
[GA][Iter5] Gen:11 Ind:2 RMSE(val)=99815.684162
[GA][Iter5] Gen:11 Ind:3 RMSE(val)=99815.684299
[GA][Iter5] Gen:11 Ind:4 RMSE(val)=99815.684299
[GA][Iter5] Gen:11 Ind:5 RMSE(val)=99815.684299
[GA][Iter5] Gen:11 Ind:6 RMSE(val)=99815.684299
[GA][Iter5] Gen:11 Ind:7 RMSE(val)=99815.684299
[GA][Iter5] Gen:11 Ind:8 RMSE(val)=99815.684299
[GA][Iter5] Gen:11 Ind:9 RMSE(val)=99815.684299
[GA][Iter5] Gen:11 Ind:10 RMSE(val)=99815.684299
[GA][Iter5] Gen:11 Ind:11 RMSE(val)=99815.684299
[GA][Iter5] Gen:11 Ind:12 RMSE(val)=99815.684162
[GA][Iter5] Gen:11 Ind:13 RMSE(val)=99815.684299
[GA][Iter5] Gen:11 Ind:14 RMSE(val)=99815.684299
[GA][Iter5] Gen:11 Ind:15 RMSE(val)=99815.684299
[GA][Iter5] Gen:11 Ind:16 RMSE(val)=99815.684299
[GA][Iter5] Gen:11 Ind:17 RMSE(val)=99815.684299
[GA][Iter5] Gen:11 Ind:18 RMSE(val)=99815.684162
[GA][Iter5] Gen:11 Ind:19 RMSE(val)=99815.684299
[GA][Iter5] Gen:11 Ind:20 RMSE(val)=99815.684299
[GA][Iter5] gen=11 best_val_rmse=99815.684162
[GA][Iter5] Gen:12 Ind:1 RMSE(val)=99815.684162
[GA][Iter5] Gen:12 Ind:2 RMSE(val)=99815.684162
[GA][Iter5] Gen:12 Ind:3 RMSE(val)=99815.684162
[GA][Iter5] Gen:12 Ind:4 RMSE(val)=99815.684162
[GA][Iter5] Gen:12 Ind:5 RMSE(val)=99815.684299
[GA][Iter5] Gen:12 Ind:6 RMSE(val)=99815.684299
[GA][Iter5] Gen:12 Ind:7 RMSE(val)=99815.684299
[GA][Iter5] Gen:12 Ind:8 RMSE(val)=99815.684299
[GA][Iter5] Gen:12 Ind:9 RMSE(val)=99815.684299
[GA][Iter5] Gen:12 Ind:10 RMSE(val)=99815.684299
[GA][Iter5] Gen:12 Ind:11 RMSE(val)=99815.684299
[GA][Iter5] Gen:12 Ind:12 RMSE(val)=99815.684162
[GA][Iter5] Gen:12 Ind:13 RMSE(val)=99815.684299
[GA][Iter5] Gen:12 Ind:14 RMSE(val)=112322.522555
[GA][Iter5] Gen:12 Ind:15 RMSE(val)=99815.684299
[GA][Iter5] Gen:12 Ind:16 RMSE(val)=99815.684299
[GA][Iter5] Gen:12 Ind:17 RMSE(val)=99815.684299
[GA][Iter5] Gen:12 Ind:18 RMSE(val)=99815.684299
[GA][Iter5] Gen:12 Ind:19 RMSE(val)=99815.684165
[GA][Iter5] Gen:12 Ind:20 RMSE(val)=99815.684299
[GA][Iter5] gen=12 best_val_rmse=99815.684162
[GA][Iter5] Gen:13 Ind:1 RMSE(val)=99815.684162
[GA][Iter5] Gen:13 Ind:2 RMSE(val)=99815.684162
[GA][Iter5] Gen:13 Ind:3 RMSE(val)=99815.684162
[GA][Iter5] Gen:13 Ind:4 RMSE(val)=99815.684162
[GA][Iter5] Gen:13 Ind:5 RMSE(val)=99815.684162
[GA][Iter5] Gen:13 Ind:6 RMSE(val)=99815.684165
[GA][Iter5] Gen:13 Ind:7 RMSE(val)=99815.684299
[GA][Iter5] Gen:13 Ind:8 RMSE(val)=99815.684299
[GA][Iter5] Gen:13 Ind:9 RMSE(val)=99815.684299
[GA][Iter5] Gen:13 Ind:10 RMSE(val)=99815.684299
[GA][Iter5] Gen:13 Ind:11 RMSE(val)=99815.684299
[GA][Iter5] Gen:13 Ind:12 RMSE(val)=99815.684299
[GA][Iter5] Gen:13 Ind:13 RMSE(val)=99815.684162
[GA][Iter5] Gen:13 Ind:14 RMSE(val)=99815.684162
[GA][Iter5] Gen:13 Ind:15 RMSE(val)=99815.684162
[GA][Iter5] Gen:13 Ind:16 RMSE(val)=99815.684299
[GA][Iter5] Gen:13 Ind:17 RMSE(val)=99815.684162
[GA][Iter5] Gen:13 Ind:18 RMSE(val)=112322.522555
[GA][Iter5] Gen:13 Ind:19 RMSE(val)=99815.684299
[GA][Iter5] Gen:13 Ind:20 RMSE(val)=99815.684299
[GA][Iter5] gen=13 best_val_rmse=99815.684162
[GA][Iter5] Gen:14 Ind:1 RMSE(val)=99815.684162
[GA][Iter5] Gen:14 Ind:2 RMSE(val)=99815.684162
[GA][Iter5] Gen:14 Ind:3 RMSE(val)=99815.684162
[GA][Iter5] Gen:14 Ind:4 RMSE(val)=99815.684162
[GA][Iter5] Gen:14 Ind:5 RMSE(val)=99815.684162
[GA][Iter5] Gen:14 Ind:6 RMSE(val)=99815.684162
[GA][Iter5] Gen:14 Ind:7 RMSE(val)=99815.684162
[GA][Iter5] Gen:14 Ind:8 RMSE(val)=99815.684162
[GA][Iter5] Gen:14 Ind:9 RMSE(val)=99815.684162
[GA][Iter5] Gen:14 Ind:10 RMSE(val)=99815.684165
[GA][Iter5] Gen:14 Ind:11 RMSE(val)=99815.684162
[GA][Iter5] Gen:14 Ind:12 RMSE(val)=99815.684162
[GA][Iter5] Gen:14 Ind:13 RMSE(val)=99815.684165
[GA][Iter5] Gen:14 Ind:14 RMSE(val)=99815.684162
[GA][Iter5] Gen:14 Ind:15 RMSE(val)=99815.684162
[GA][Iter5] Gen:14 Ind:16 RMSE(val)=99815.684162
[GA][Iter5] Gen:14 Ind:17 RMSE(val)=99815.684162
[GA][Iter5] Gen:14 Ind:18 RMSE(val)=99815.684162
[GA][Iter5] Gen:14 Ind:19 RMSE(val)=102979.329118
[GA][Iter5] Gen:14 Ind:20 RMSE(val)=99815.684162
[GA][Iter5] gen=14 best_val_rmse=99815.684162
[GA][Iter5] Gen:15 Ind:1 RMSE(val)=99815.684162
[GA][Iter5] Gen:15 Ind:2 RMSE(val)=99815.684162
[GA][Iter5] Gen:15 Ind:3 RMSE(val)=99815.684162
[GA][Iter5] Gen:15 Ind:4 RMSE(val)=99815.684162
[GA][Iter5] Gen:15 Ind:5 RMSE(val)=99815.684162
[GA][Iter5] Gen:15 Ind:6 RMSE(val)=99815.684162
[GA][Iter5] Gen:15 Ind:7 RMSE(val)=99815.684162
[GA][Iter5] Gen:15 Ind:8 RMSE(val)=99815.684162
[GA][Iter5] Gen:15 Ind:9 RMSE(val)=99815.684162
[GA][Iter5] Gen:15 Ind:10 RMSE(val)=99815.684162
[GA][Iter5] Gen:15 Ind:11 RMSE(val)=99815.684162
[GA][Iter5] Gen:15 Ind:12 RMSE(val)=99815.684162
[GA][Iter5] Gen:15 Ind:13 RMSE(val)=99815.684162
[GA][Iter5] Gen:15 Ind:14 RMSE(val)=99815.684162
[GA][Iter5] Gen:15 Ind:15 RMSE(val)=99815.684162
[GA][Iter5] Gen:15 Ind:16 RMSE(val)=99815.684162
[GA][Iter5] Gen:15 Ind:17 RMSE(val)=99815.684162
[GA][Iter5] Gen:15 Ind:18 RMSE(val)=99815.684162
[GA][Iter5] Gen:15 Ind:19 RMSE(val)=99815.684162
[GA][Iter5] Gen:15 Ind:20 RMSE(val)=99815.684162
[GA][Iter5] gen=15 best_val_rmse=99815.684162
[GA][Iter5] Gen:15 Ind:1 RMSE(val)=99815.684162
[GA][Iter5] Gen:15 Ind:2 RMSE(val)=99815.684162
[GA][Iter5] Gen:15 Ind:3 RMSE(val)=99815.684162
[GA][Iter5] Gen:15 Ind:4 RMSE(val)=99815.684162
[GA][Iter5] Gen:15 Ind:5 RMSE(val)=99815.684162
[GA][Iter5] Gen:15 Ind:6 RMSE(val)=99815.684162
[GA][Iter5] Gen:15 Ind:7 RMSE(val)=99815.684162
[GA][Iter5] Gen:15 Ind:8 RMSE(val)=99815.684162
[GA][Iter5] Gen:15 Ind:9 RMSE(val)=99815.684162
[GA][Iter5] Gen:15 Ind:10 RMSE(val)=99815.684162
[GA][Iter5] Gen:15 Ind:11 RMSE(val)=112323.409364
[GA][Iter5] Gen:15 Ind:12 RMSE(val)=99815.684162
[GA][Iter5] Gen:15 Ind:13 RMSE(val)=99815.684162
[GA][Iter5] Gen:15 Ind:14 RMSE(val)=99815.684162
[GA][Iter5] Gen:15 Ind:15 RMSE(val)=99815.684162
[GA][Iter5] Gen:15 Ind:16 RMSE(val)=99815.684162
[GA][Iter5] Gen:15 Ind:17 RMSE(val)=99815.684162
[GA][Iter5] Gen:15 Ind:18 RMSE(val)=99815.684162
[GA][Iter5] Gen:15 Ind:19 RMSE(val)=99815.684162
[GA][Iter5] Gen:15 Ind:20 RMSE(val)=99815.684162

[GA DONE][Iter5] Best params on val fold of Iter5
Best val RMSE: 99815.684162
Best params: {'max_depth': 31, 'min_samples_split': 7, 'min_samples_leaf': 8, 'max_features': None, 'splitter': 'best', 'criterion': 'absolute_error'}
--------------------------------------------------------------------------------
[RETUNE GA] Iter5: train folds 1..9 -> test fold 10  RMSE=105065.763689  NRMSE=0.914018  CVRMSE=8.396595  R2=0.157045
